<?xml version="1.0" encoding="UTF-8"?>
<testsuite xmlns:xsi="http://www.w3.org/2001/XMLSchema-instance" xsi:noNamespaceSchemaLocation="https://maven.apache.org/surefire/maven-surefire-plugin/xsd/surefire-test-report.xsd" name="org.apache.hadoop.ozone.scm.TestSCMContainerPlacementPolicyMetrics" time="81.439" tests="1" errors="1" skipped="0" failures="0">
  <properties>
    <property name="awt.toolkit" value="sun.awt.X11.XToolkit"/>
    <property name="file.encoding.pkg" value="sun.io"/>
    <property name="java.specification.version" value="1.8"/>
    <property name="sun.cpu.isalist" value=""/>
    <property name="sun.jnu.encoding" value="ANSI_X3.4-1968"/>
    <property name="java.class.path" value="/workdir/hadoop-ozone/integration-test/target/test-classes:/workdir/hadoop-ozone/integration-test/target/classes:/home/user/.m2/repository/org/apache/hadoop/hadoop-ozone-common/0.5.0-SNAPSHOT/hadoop-ozone-common-0.5.0-SNAPSHOT.jar:/home/user/.m2/repository/org/apache/commons/commons-compress/1.4.1/commons-compress-1.4.1.jar:/home/user/.m2/repository/org/tukaani/xz/1.0/xz-1.0.jar:/home/user/.m2/repository/org/apache/hadoop/hadoop-common/3.2.0/hadoop-common-3.2.0.jar:/home/user/.m2/repository/org/apache/hadoop/hadoop-hdfs/3.2.0/hadoop-hdfs-3.2.0.jar:/home/user/.m2/repository/org/apache/hadoop/hadoop-hdfs-client/3.2.0/hadoop-hdfs-client-3.2.0.jar:/home/user/.m2/repository/com/fasterxml/jackson/core/jackson-annotations/2.9.9/jackson-annotations-2.9.9.jar:/home/user/.m2/repository/org/apache/hadoop/hadoop-hdds-common/0.5.0-SNAPSHOT/hadoop-hdds-common-0.5.0-SNAPSHOT.jar:/home/user/.m2/repository/javax/annotation/javax.annotation-api/1.2/javax.annotation-api-1.2.jar:/home/user/.m2/repository/org/apache/ratis/ratis-server/0.5.0-3f446aa-SNAPSHOT/ratis-server-0.5.0-3f446aa-SNAPSHOT.jar:/home/user/.m2/repository/org/apache/ratis/ratis-thirdparty-misc/0.2.0/ratis-thirdparty-misc-0.2.0.jar:/home/user/.m2/repository/org/apache/ratis/ratis-proto/0.5.0-3f446aa-SNAPSHOT/ratis-proto-0.5.0-3f446aa-SNAPSHOT.jar:/home/user/.m2/repository/org/apache/ratis/ratis-common/0.5.0-3f446aa-SNAPSHOT/ratis-common-0.5.0-3f446aa-SNAPSHOT.jar:/home/user/.m2/repository/org/apache/ratis/ratis-client/0.5.0-3f446aa-SNAPSHOT/ratis-client-0.5.0-3f446aa-SNAPSHOT.jar:/home/user/.m2/repository/org/apache/ratis/ratis-metrics/0.5.0-3f446aa-SNAPSHOT/ratis-metrics-0.5.0-3f446aa-SNAPSHOT.jar:/home/user/.m2/repository/com/github/joshelser/dropwizard-metrics-hadoop-metrics2-reporter/0.1.2/dropwizard-metrics-hadoop-metrics2-reporter-0.1.2.jar:/home/user/.m2/repository/io/dropwizard/metrics/metrics-jvm/3.2.5/metrics-jvm-3.2.5.jar:/home/user/.m2/repository/io/dropwizard/metrics/metrics-ganglia/3.2.5/metrics-ganglia-3.2.5.jar:/home/user/.m2/repository/info/ganglia/gmetric4j/gmetric4j/1.0.7/gmetric4j-1.0.7.jar:/home/user/.m2/repository/org/apache/ratis/ratis-netty/0.5.0-3f446aa-SNAPSHOT/ratis-netty-0.5.0-3f446aa-SNAPSHOT.jar:/home/user/.m2/repository/org/apache/ratis/ratis-grpc/0.5.0-3f446aa-SNAPSHOT/ratis-grpc-0.5.0-3f446aa-SNAPSHOT.jar:/home/user/.m2/repository/org/rocksdb/rocksdbjni/6.0.1/rocksdbjni-6.0.1.jar:/home/user/.m2/repository/org/apache/logging/log4j/log4j-api/2.11.0/log4j-api-2.11.0.jar:/home/user/.m2/repository/org/apache/logging/log4j/log4j-core/2.11.0/log4j-core-2.11.0.jar:/home/user/.m2/repository/com/lmax/disruptor/3.4.2/disruptor-3.4.2.jar:/home/user/.m2/repository/org/apache/commons/commons-pool2/2.6.0/commons-pool2-2.6.0.jar:/home/user/.m2/repository/org/bouncycastle/bcpkix-jdk15on/1.60/bcpkix-jdk15on-1.60.jar:/home/user/.m2/repository/commons-validator/commons-validator/1.6/commons-validator-1.6.jar:/home/user/.m2/repository/commons-digester/commons-digester/1.8.1/commons-digester-1.8.1.jar:/home/user/.m2/repository/io/jaegertracing/jaeger-client/0.34.0/jaeger-client-0.34.0.jar:/home/user/.m2/repository/io/jaegertracing/jaeger-thrift/0.34.0/jaeger-thrift-0.34.0.jar:/home/user/.m2/repository/org/apache/thrift/libthrift/0.12.0/libthrift-0.12.0.jar:/home/user/.m2/repository/com/squareup/okhttp3/okhttp/3.9.0/okhttp-3.9.0.jar:/home/user/.m2/repository/com/squareup/okio/okio/1.13.0/okio-1.13.0.jar:/home/user/.m2/repository/io/jaegertracing/jaeger-core/0.34.0/jaeger-core-0.34.0.jar:/home/user/.m2/repository/io/jaegertracing/jaeger-tracerresolver/0.34.0/jaeger-tracerresolver-0.34.0.jar:/home/user/.m2/repository/io/opentracing/contrib/opentracing-tracerresolver/0.1.5/opentracing-tracerresolver-0.1.5.jar:/home/user/.m2/repository/io/opentracing/opentracing-util/0.31.0/opentracing-util-0.31.0.jar:/home/user/.m2/repository/io/opentracing/opentracing-api/0.31.0/opentracing-api-0.31.0.jar:/home/user/.m2/repository/io/opentracing/opentracing-noop/0.31.0/opentracing-noop-0.31.0.jar:/home/user/.m2/repository/org/apache/hadoop/hadoop-hdds-server-framework/0.5.0-SNAPSHOT/hadoop-hdds-server-framework-0.5.0-SNAPSHOT.jar:/home/user/.m2/repository/org/apache/hadoop/hadoop-hdds-container-service/0.5.0-SNAPSHOT/hadoop-hdds-container-service-0.5.0-SNAPSHOT.jar:/home/user/.m2/repository/org/apache/hadoop/hadoop-hdds-client/0.5.0-SNAPSHOT/hadoop-hdds-client-0.5.0-SNAPSHOT.jar:/home/user/.m2/repository/org/apache/hadoop/hadoop-hdds-tools/0.5.0-SNAPSHOT/hadoop-hdds-tools-0.5.0-SNAPSHOT.jar:/home/user/.m2/repository/org/apache/hadoop/hadoop-hdds-server-scm/0.5.0-SNAPSHOT/hadoop-hdds-server-scm-0.5.0-SNAPSHOT.jar:/home/user/.m2/repository/org/apache/hadoop/hadoop-hdds-docs/0.5.0-SNAPSHOT/hadoop-hdds-docs-0.5.0-SNAPSHOT.jar:/home/user/.m2/repository/io/dropwizard/metrics/metrics-core/3.2.4/metrics-core-3.2.4.jar:/home/user/.m2/repository/org/hamcrest/hamcrest-all/1.3/hamcrest-all-1.3.jar:/home/user/.m2/repository/org/bouncycastle/bcprov-jdk15on/1.60/bcprov-jdk15on-1.60.jar:/home/user/.m2/repository/info/picocli/picocli/3.9.6/picocli-3.9.6.jar:/home/user/.m2/repository/com/google/protobuf/protobuf-java/2.5.0/protobuf-java-2.5.0.jar:/home/user/.m2/repository/com/google/guava/guava/11.0.2/guava-11.0.2.jar:/home/user/.m2/repository/org/apache/hadoop/hadoop-ozone-ozone-manager/0.5.0-SNAPSHOT/hadoop-ozone-ozone-manager-0.5.0-SNAPSHOT.jar:/home/user/.m2/repository/org/apache/hadoop/hadoop-minikdc/3.2.0/hadoop-minikdc-3.2.0.jar:/home/user/.m2/repository/commons-io/commons-io/2.5/commons-io-2.5.jar:/home/user/.m2/repository/org/apache/kerby/kerb-simplekdc/1.0.1/kerb-simplekdc-1.0.1.jar:/home/user/.m2/repository/org/apache/kerby/kerb-client/1.0.1/kerb-client-1.0.1.jar:/home/user/.m2/repository/org/apache/kerby/kerby-config/1.0.1/kerby-config-1.0.1.jar:/home/user/.m2/repository/org/apache/kerby/kerb-core/1.0.1/kerb-core-1.0.1.jar:/home/user/.m2/repository/org/apache/kerby/kerby-pkix/1.0.1/kerby-pkix-1.0.1.jar:/home/user/.m2/repository/org/apache/kerby/kerby-asn1/1.0.1/kerby-asn1-1.0.1.jar:/home/user/.m2/repository/org/apache/kerby/kerby-util/1.0.1/kerby-util-1.0.1.jar:/home/user/.m2/repository/org/apache/kerby/kerb-common/1.0.1/kerb-common-1.0.1.jar:/home/user/.m2/repository/org/apache/kerby/kerb-crypto/1.0.1/kerb-crypto-1.0.1.jar:/home/user/.m2/repository/org/apache/kerby/kerb-util/1.0.1/kerb-util-1.0.1.jar:/home/user/.m2/repository/org/apache/kerby/token-provider/1.0.1/token-provider-1.0.1.jar:/home/user/.m2/repository/org/apache/kerby/kerb-admin/1.0.1/kerb-admin-1.0.1.jar:/home/user/.m2/repository/org/apache/kerby/kerb-server/1.0.1/kerb-server-1.0.1.jar:/home/user/.m2/repository/org/apache/kerby/kerb-identity/1.0.1/kerb-identity-1.0.1.jar:/home/user/.m2/repository/org/apache/kerby/kerby-xdr/1.0.1/kerby-xdr-1.0.1.jar:/home/user/.m2/repository/org/slf4j/slf4j-log4j12/1.7.25/slf4j-log4j12-1.7.25.jar:/home/user/.m2/repository/org/apache/hadoop/hadoop-ozone-s3gateway/0.5.0-SNAPSHOT/hadoop-ozone-s3gateway-0.5.0-SNAPSHOT.jar:/home/user/.m2/repository/org/jboss/weld/servlet/weld-servlet/2.4.7.Final/weld-servlet-2.4.7.Final.jar:/home/user/.m2/repository/org/glassfish/jersey/containers/jersey-container-servlet-core/2.27/jersey-container-servlet-core-2.27.jar:/home/user/.m2/repository/org/glassfish/hk2/external/javax.inject/2.5.0-b42/javax.inject-2.5.0-b42.jar:/home/user/.m2/repository/org/glassfish/jersey/core/jersey-common/2.27/jersey-common-2.27.jar:/home/user/.m2/repository/org/glassfish/hk2/osgi-resource-locator/1.0.1/osgi-resource-locator-1.0.1.jar:/home/user/.m2/repository/javax/ws/rs/javax.ws.rs-api/2.1/javax.ws.rs-api-2.1.jar:/home/user/.m2/repository/org/glassfish/jersey/ext/cdi/jersey-cdi1x/2.27/jersey-cdi1x-2.27.jar:/home/user/.m2/repository/org/glassfish/jersey/inject/jersey-hk2/2.27/jersey-hk2-2.27.jar:/home/user/.m2/repository/org/glassfish/hk2/hk2-locator/2.5.0-b42/hk2-locator-2.5.0-b42.jar:/home/user/.m2/repository/org/javassist/javassist/3.22.0-CR2/javassist-3.22.0-CR2.jar:/home/user/.m2/repository/org/glassfish/hk2/hk2-api/2.5.0/hk2-api-2.5.0.jar:/home/user/.m2/repository/org/glassfish/hk2/external/jakarta.inject/2.5.0/jakarta.inject-2.5.0.jar:/home/user/.m2/repository/org/glassfish/hk2/hk2-utils/2.5.0/hk2-utils-2.5.0.jar:/home/user/.m2/repository/jakarta/annotation/jakarta.annotation-api/1.3.4/jakarta.annotation-api-1.3.4.jar:/home/user/.m2/repository/org/glassfish/hk2/external/aopalliance-repackaged/2.5.0/aopalliance-repackaged-2.5.0.jar:/home/user/.m2/repository/com/fasterxml/jackson/dataformat/jackson-dataformat-xml/2.9.0/jackson-dataformat-xml-2.9.0.jar:/home/user/.m2/repository/com/fasterxml/jackson/core/jackson-core/2.9.9/jackson-core-2.9.9.jar:/home/user/.m2/repository/com/fasterxml/jackson/module/jackson-module-jaxb-annotations/2.9.9/jackson-module-jaxb-annotations-2.9.9.jar:/home/user/.m2/repository/javax/enterprise/cdi-api/1.2/cdi-api-1.2.jar:/home/user/.m2/repository/javax/el/javax.el-api/3.0.0/javax.el-api-3.0.0.jar:/home/user/.m2/repository/javax/interceptor/javax.interceptor-api/1.2/javax.interceptor-api-1.2.jar:/home/user/.m2/repository/javax/inject/javax.inject/1/javax.inject-1.jar:/home/user/.m2/repository/com/sun/xml/bind/jaxb-impl/2.3.0.1/jaxb-impl-2.3.0.1.jar:/home/user/.m2/repository/com/sun/xml/bind/jaxb-core/2.3.0.1/jaxb-core-2.3.0.1.jar:/home/user/.m2/repository/javax/xml/bind/jaxb-api/2.3.0/jaxb-api-2.3.0.jar:/home/user/.m2/repository/javax/activation/activation/1.1.1/activation-1.1.1.jar:/home/user/.m2/repository/org/apache/hadoop/hadoop-ozone-csi/0.5.0-SNAPSHOT/hadoop-ozone-csi-0.5.0-SNAPSHOT.jar:/home/user/.m2/repository/com/google/protobuf/protobuf-java-util/3.5.1/protobuf-java-util-3.5.1.jar:/home/user/.m2/repository/org/apache/hadoop/hadoop-hdds-config/0.5.0-SNAPSHOT/hadoop-hdds-config-0.5.0-SNAPSHOT.jar:/home/user/.m2/repository/io/grpc/grpc-netty/1.17.1/grpc-netty-1.17.1.jar:/home/user/.m2/repository/io/grpc/grpc-core/1.17.1/grpc-core-1.17.1.jar:/home/user/.m2/repository/io/grpc/grpc-context/1.17.1/grpc-context-1.17.1.jar:/home/user/.m2/repository/com/google/errorprone/error_prone_annotations/2.2.0/error_prone_annotations-2.2.0.jar:/home/user/.m2/repository/org/codehaus/mojo/animal-sniffer-annotations/1.17/animal-sniffer-annotations-1.17.jar:/home/user/.m2/repository/io/opencensus/opencensus-api/0.17.0/opencensus-api-0.17.0.jar:/home/user/.m2/repository/io/opencensus/opencensus-contrib-grpc-metrics/0.17.0/opencensus-contrib-grpc-metrics-0.17.0.jar:/home/user/.m2/repository/io/netty/netty-codec-http2/4.1.30.Final/netty-codec-http2-4.1.30.Final.jar:/home/user/.m2/repository/io/netty/netty-codec-http/4.1.30.Final/netty-codec-http-4.1.30.Final.jar:/home/user/.m2/repository/io/netty/netty-codec/4.1.30.Final/netty-codec-4.1.30.Final.jar:/home/user/.m2/repository/io/netty/netty-handler/4.1.30.Final/netty-handler-4.1.30.Final.jar:/home/user/.m2/repository/io/netty/netty-handler-proxy/4.1.30.Final/netty-handler-proxy-4.1.30.Final.jar:/home/user/.m2/repository/io/netty/netty-codec-socks/4.1.30.Final/netty-codec-socks-4.1.30.Final.jar:/home/user/.m2/repository/io/netty/netty-transport-native-epoll/4.1.30.Final/netty-transport-native-epoll-4.1.30.Final.jar:/home/user/.m2/repository/io/netty/netty-common/4.1.30.Final/netty-common-4.1.30.Final.jar:/home/user/.m2/repository/io/netty/netty-buffer/4.1.30.Final/netty-buffer-4.1.30.Final.jar:/home/user/.m2/repository/io/netty/netty-transport/4.1.30.Final/netty-transport-4.1.30.Final.jar:/home/user/.m2/repository/io/netty/netty-resolver/4.1.30.Final/netty-resolver-4.1.30.Final.jar:/home/user/.m2/repository/io/netty/netty-transport-native-unix-common/4.1.30.Final/netty-transport-native-unix-common-4.1.30.Final.jar:/home/user/.m2/repository/io/grpc/grpc-protobuf/1.17.1/grpc-protobuf-1.17.1.jar:/home/user/.m2/repository/com/google/api/grpc/proto-google-common-protos/1.0.0/proto-google-common-protos-1.0.0.jar:/home/user/.m2/repository/io/grpc/grpc-protobuf-lite/1.17.1/grpc-protobuf-lite-1.17.1.jar:/home/user/.m2/repository/io/grpc/grpc-stub/1.17.1/grpc-stub-1.17.1.jar:/home/user/.m2/repository/org/apache/hadoop/hadoop-ozone-recon/0.5.0-SNAPSHOT/hadoop-ozone-recon-0.5.0-SNAPSHOT.jar:/home/user/.m2/repository/org/apache/hadoop/hadoop-ozone-reconcodegen/0.5.0-SNAPSHOT/hadoop-ozone-reconcodegen-0.5.0-SNAPSHOT.jar:/home/user/.m2/repository/com/google/inject/extensions/guice-multibindings/4.0/guice-multibindings-4.0.jar:/home/user/.m2/repository/com/google/inject/guice/4.0/guice-4.0.jar:/home/user/.m2/repository/aopalliance/aopalliance/1.0/aopalliance-1.0.jar:/home/user/.m2/repository/com/google/inject/extensions/guice-servlet/4.0/guice-servlet-4.0.jar:/home/user/.m2/repository/org/glassfish/jersey/containers/jersey-container-servlet/2.27/jersey-container-servlet-2.27.jar:/home/user/.m2/repository/org/glassfish/hk2/guice-bridge/2.5.0/guice-bridge-2.5.0.jar:/home/user/.m2/repository/org/glassfish/jersey/core/jersey-server/2.27/jersey-server-2.27.jar:/home/user/.m2/repository/org/glassfish/jersey/core/jersey-client/2.27/jersey-client-2.27.jar:/home/user/.m2/repository/org/glassfish/jersey/media/jersey-media-jaxb/2.27/jersey-media-jaxb-2.27.jar:/home/user/.m2/repository/javax/validation/validation-api/1.1.0.Final/validation-api-1.1.0.Final.jar:/home/user/.m2/repository/org/glassfish/jersey/media/jersey-media-json-jackson/2.27/jersey-media-json-jackson-2.27.jar:/home/user/.m2/repository/org/glassfish/jersey/ext/jersey-entity-filtering/2.27/jersey-entity-filtering-2.27.jar:/home/user/.m2/repository/com/google/inject/extensions/guice-assistedinject/4.0/guice-assistedinject-4.0.jar:/home/user/.m2/repository/org/jooq/jooq/3.11.10/jooq-3.11.10.jar:/home/user/.m2/repository/org/jooq/jooq-meta/3.11.10/jooq-meta-3.11.10.jar:/home/user/.m2/repository/org/jooq/jooq-codegen/3.11.10/jooq-codegen-3.11.10.jar:/home/user/.m2/repository/com/jolbox/bonecp/0.8.0.RELEASE/bonecp-0.8.0.RELEASE.jar:/home/user/.m2/repository/org/xerial/sqlite-jdbc/3.25.2/sqlite-jdbc-3.25.2.jar:/home/user/.m2/repository/org/springframework/spring-jdbc/5.1.3.RELEASE/spring-jdbc-5.1.3.RELEASE.jar:/home/user/.m2/repository/org/springframework/spring-beans/5.1.3.RELEASE/spring-beans-5.1.3.RELEASE.jar:/home/user/.m2/repository/org/springframework/spring-core/5.1.3.RELEASE/spring-core-5.1.3.RELEASE.jar:/home/user/.m2/repository/org/springframework/spring-jcl/5.1.3.RELEASE/spring-jcl-5.1.3.RELEASE.jar:/home/user/.m2/repository/org/springframework/spring-tx/5.1.3.RELEASE/spring-tx-5.1.3.RELEASE.jar:/home/user/.m2/repository/org/apache/hadoop/hadoop-ozone-client/0.5.0-SNAPSHOT/hadoop-ozone-client-0.5.0-SNAPSHOT.jar:/home/user/.m2/repository/commons-lang/commons-lang/2.6/commons-lang-2.6.jar:/home/user/.m2/repository/org/apache/hadoop/hadoop-ozone-ozone-manager/0.5.0-SNAPSHOT/hadoop-ozone-ozone-manager-0.5.0-SNAPSHOT-tests.jar:/home/user/.m2/repository/junit/junit/4.11/junit-4.11.jar:/home/user/.m2/repository/org/hamcrest/hamcrest-core/1.3/hamcrest-core-1.3.jar:/home/user/.m2/repository/org/openjdk/jmh/jmh-core/1.19/jmh-core-1.19.jar:/home/user/.m2/repository/net/sf/jopt-simple/jopt-simple/4.6/jopt-simple-4.6.jar:/home/user/.m2/repository/org/apache/commons/commons-math3/3.1.1/commons-math3-3.1.1.jar:/home/user/.m2/repository/org/openjdk/jmh/jmh-generator-annprocess/1.19/jmh-generator-annprocess-1.19.jar:/home/user/.m2/repository/org/mockito/mockito-all/1.8.5/mockito-all-1.8.5.jar:/home/user/.m2/repository/org/apache/hadoop/hadoop-kms/3.2.0/hadoop-kms-3.2.0.jar:/home/user/.m2/repository/org/apache/hadoop/hadoop-auth/3.2.0/hadoop-auth-3.2.0.jar:/home/user/.m2/repository/com/nimbusds/nimbus-jose-jwt/4.41.1/nimbus-jose-jwt-4.41.1.jar:/home/user/.m2/repository/com/github/stephenc/jcip/jcip-annotations/1.0-1/jcip-annotations-1.0-1.jar:/home/user/.m2/repository/net/minidev/json-smart/2.3/json-smart-2.3.jar:/home/user/.m2/repository/net/minidev/accessors-smart/1.2/accessors-smart-1.2.jar:/home/user/.m2/repository/org/ow2/asm/asm/5.0.4/asm-5.0.4.jar:/home/user/.m2/repository/org/apache/curator/curator-framework/2.12.0/curator-framework-2.12.0.jar:/home/user/.m2/repository/com/sun/jersey/jersey-core/1.19/jersey-core-1.19.jar:/home/user/.m2/repository/javax/ws/rs/jsr311-api/1.1.1/jsr311-api-1.1.1.jar:/home/user/.m2/repository/com/sun/jersey/jersey-server/1.19/jersey-server-1.19.jar:/home/user/.m2/repository/javax/servlet/javax.servlet-api/3.1.0/javax.servlet-api-3.1.0.jar:/home/user/.m2/repository/org/eclipse/jetty/jetty-server/9.3.25.v20180904/jetty-server-9.3.25.v20180904.jar:/home/user/.m2/repository/org/eclipse/jetty/jetty-http/9.3.25.v20180904/jetty-http-9.3.25.v20180904.jar:/home/user/.m2/repository/org/eclipse/jetty/jetty-io/9.3.25.v20180904/jetty-io-9.3.25.v20180904.jar:/home/user/.m2/repository/org/eclipse/jetty/jetty-webapp/9.3.25.v20180904/jetty-webapp-9.3.25.v20180904.jar:/home/user/.m2/repository/org/eclipse/jetty/jetty-xml/9.3.25.v20180904/jetty-xml-9.3.25.v20180904.jar:/home/user/.m2/repository/log4j/log4j/1.2.17/log4j-1.2.17.jar:/home/user/.m2/repository/org/slf4j/slf4j-api/1.7.25/slf4j-api-1.7.25.jar:/home/user/.m2/repository/org/slf4j/jul-to-slf4j/1.7.25/jul-to-slf4j-1.7.25.jar:/home/user/.m2/repository/org/eclipse/jetty/jetty-util/9.3.25.v20180904/jetty-util-9.3.25.v20180904.jar:/home/user/.m2/repository/com/fasterxml/jackson/core/jackson-databind/2.9.9/jackson-databind-2.9.9.jar:/home/user/.m2/repository/org/apache/hadoop/hadoop-kms/3.2.0/hadoop-kms-3.2.0-tests.jar:/home/user/.m2/repository/org/apache/hadoop/hadoop-hdds-server-scm/0.5.0-SNAPSHOT/hadoop-hdds-server-scm-0.5.0-SNAPSHOT-tests.jar:/home/user/.m2/repository/org/apache/hadoop/hadoop-hdds-container-service/0.5.0-SNAPSHOT/hadoop-hdds-container-service-0.5.0-SNAPSHOT-tests.jar:/home/user/.m2/repository/org/yaml/snakeyaml/1.16/snakeyaml-1.16.jar:/home/user/.m2/repository/org/apache/hadoop/hadoop-common/3.2.0/hadoop-common-3.2.0-tests.jar:/home/user/.m2/repository/org/apache/hadoop/hadoop-annotations/3.2.0/hadoop-annotations-3.2.0.jar:/usr/lib/jvm/java-1.8.0-openjdk-1.8.0.222.b10-1.el7_7.x86_64/jre/../lib/tools.jar:/home/user/.m2/repository/commons-cli/commons-cli/1.2/commons-cli-1.2.jar:/home/user/.m2/repository/org/apache/httpcomponents/httpclient/4.5.2/httpclient-4.5.2.jar:/home/user/.m2/repository/org/apache/httpcomponents/httpcore/4.4.4/httpcore-4.4.4.jar:/home/user/.m2/repository/commons-codec/commons-codec/1.11/commons-codec-1.11.jar:/home/user/.m2/repository/commons-net/commons-net/3.6/commons-net-3.6.jar:/home/user/.m2/repository/commons-collections/commons-collections/3.2.2/commons-collections-3.2.2.jar:/home/user/.m2/repository/org/eclipse/jetty/jetty-servlet/9.3.25.v20180904/jetty-servlet-9.3.25.v20180904.jar:/home/user/.m2/repository/org/eclipse/jetty/jetty-security/9.3.25.v20180904/jetty-security-9.3.25.v20180904.jar:/home/user/.m2/repository/javax/servlet/jsp/jsp-api/2.1/jsp-api-2.1.jar:/home/user/.m2/repository/com/sun/jersey/jersey-servlet/1.19/jersey-servlet-1.19.jar:/home/user/.m2/repository/com/sun/jersey/jersey-json/1.19/jersey-json-1.19.jar:/home/user/.m2/repository/org/codehaus/jettison/jettison/1.1/jettison-1.1.jar:/home/user/.m2/repository/org/codehaus/jackson/jackson-core-asl/1.9.13/jackson-core-asl-1.9.13.jar:/home/user/.m2/repository/org/codehaus/jackson/jackson-mapper-asl/1.9.13/jackson-mapper-asl-1.9.13.jar:/home/user/.m2/repository/org/codehaus/jackson/jackson-jaxrs/1.9.13/jackson-jaxrs-1.9.13.jar:/home/user/.m2/repository/org/codehaus/jackson/jackson-xc/1.9.13/jackson-xc-1.9.13.jar:/home/user/.m2/repository/commons-logging/commons-logging/1.1.3/commons-logging-1.1.3.jar:/home/user/.m2/repository/commons-beanutils/commons-beanutils/1.9.4/commons-beanutils-1.9.4.jar:/home/user/.m2/repository/org/apache/commons/commons-configuration2/2.1.1/commons-configuration2-2.1.1.jar:/home/user/.m2/repository/org/apache/commons/commons-lang3/3.7/commons-lang3-3.7.jar:/home/user/.m2/repository/org/apache/commons/commons-text/1.4/commons-text-1.4.jar:/home/user/.m2/repository/org/apache/avro/avro/1.7.7/avro-1.7.7.jar:/home/user/.m2/repository/com/thoughtworks/paranamer/paranamer/2.3/paranamer-2.3.jar:/home/user/.m2/repository/org/xerial/snappy/snappy-java/1.0.5/snappy-java-1.0.5.jar:/home/user/.m2/repository/com/google/re2j/re2j/1.1/re2j-1.1.jar:/home/user/.m2/repository/com/google/code/gson/gson/2.2.4/gson-2.2.4.jar:/home/user/.m2/repository/com/jcraft/jsch/0.1.54/jsch-0.1.54.jar:/home/user/.m2/repository/org/apache/curator/curator-client/2.12.0/curator-client-2.12.0.jar:/home/user/.m2/repository/org/apache/curator/curator-recipes/2.12.0/curator-recipes-2.12.0.jar:/home/user/.m2/repository/com/google/code/findbugs/jsr305/3.0.0/jsr305-3.0.0.jar:/home/user/.m2/repository/org/apache/htrace/htrace-core4/4.1.0-incubating/htrace-core4-4.1.0-incubating.jar:/home/user/.m2/repository/org/apache/zookeeper/zookeeper/3.4.13/zookeeper-3.4.13.jar:/home/user/.m2/repository/jline/jline/0.9.94/jline-0.9.94.jar:/home/user/.m2/repository/org/apache/yetus/audience-annotations/0.5.0/audience-annotations-0.5.0.jar:/home/user/.m2/repository/org/codehaus/woodstox/stax2-api/3.1.4/stax2-api-3.1.4.jar:/home/user/.m2/repository/com/fasterxml/woodstox/woodstox-core/5.0.3/woodstox-core-5.0.3.jar:/home/user/.m2/repository/dnsjava/dnsjava/2.1.7/dnsjava-2.1.7.jar:/home/user/.m2/repository/org/apache/hadoop/hadoop-hdfs/3.2.0/hadoop-hdfs-3.2.0-tests.jar:/home/user/.m2/repository/org/eclipse/jetty/jetty-util-ajax/9.3.25.v20180904/jetty-util-ajax-9.3.25.v20180904.jar:/home/user/.m2/repository/commons-daemon/commons-daemon/1.0.13/commons-daemon-1.0.13.jar:/home/user/.m2/repository/io/netty/netty/3.10.5.Final/netty-3.10.5.Final.jar:/home/user/.m2/repository/io/netty/netty-all/4.0.52.Final/netty-all-4.0.52.Final.jar:/home/user/.m2/repository/org/fusesource/leveldbjni/leveldbjni-all/1.8/leveldbjni-all-1.8.jar:"/>
    <property name="java.vm.vendor" value="Oracle Corporation"/>
    <property name="sun.arch.data.model" value="64"/>
    <property name="test.build.dir" value="/workdir/hadoop-ozone/integration-test/target/test-dir"/>
    <property name="test.cache.data" value=""/>
    <property name="java.vendor.url" value="http://java.oracle.com/"/>
    <property name="user.timezone" value=""/>
    <property name="java.vm.specification.version" value="1.8"/>
    <property name="os.name" value="Linux"/>
    <property name="test.build.data" value="/workdir/hadoop-ozone/integration-test/target/test-dir"/>
    <property name="user.country" value="US"/>
    <property name="sun.java.launcher" value="SUN_STANDARD"/>
    <property name="sun.boot.library.path" value="/usr/lib/jvm/java-1.8.0-openjdk-1.8.0.222.b10-1.el7_7.x86_64/jre/lib/amd64"/>
    <property name="sun.java.command" value="/workdir/hadoop-ozone/integration-test/target/surefire/surefirebooter2315713491804088628.jar /workdir/hadoop-ozone/integration-test/target/surefire 2019-10-21T23-37-56_373-jvmRun1 surefire4874868819200852438tmp surefire_161308656817159369278tmp"/>
    <property name="surefire.test.class.path" value="/workdir/hadoop-ozone/integration-test/target/test-classes:/workdir/hadoop-ozone/integration-test/target/classes:/home/user/.m2/repository/org/apache/hadoop/hadoop-ozone-common/0.5.0-SNAPSHOT/hadoop-ozone-common-0.5.0-SNAPSHOT.jar:/home/user/.m2/repository/org/apache/commons/commons-compress/1.4.1/commons-compress-1.4.1.jar:/home/user/.m2/repository/org/tukaani/xz/1.0/xz-1.0.jar:/home/user/.m2/repository/org/apache/hadoop/hadoop-common/3.2.0/hadoop-common-3.2.0.jar:/home/user/.m2/repository/org/apache/hadoop/hadoop-hdfs/3.2.0/hadoop-hdfs-3.2.0.jar:/home/user/.m2/repository/org/apache/hadoop/hadoop-hdfs-client/3.2.0/hadoop-hdfs-client-3.2.0.jar:/home/user/.m2/repository/com/fasterxml/jackson/core/jackson-annotations/2.9.9/jackson-annotations-2.9.9.jar:/home/user/.m2/repository/org/apache/hadoop/hadoop-hdds-common/0.5.0-SNAPSHOT/hadoop-hdds-common-0.5.0-SNAPSHOT.jar:/home/user/.m2/repository/javax/annotation/javax.annotation-api/1.2/javax.annotation-api-1.2.jar:/home/user/.m2/repository/org/apache/ratis/ratis-server/0.5.0-3f446aa-SNAPSHOT/ratis-server-0.5.0-3f446aa-SNAPSHOT.jar:/home/user/.m2/repository/org/apache/ratis/ratis-thirdparty-misc/0.2.0/ratis-thirdparty-misc-0.2.0.jar:/home/user/.m2/repository/org/apache/ratis/ratis-proto/0.5.0-3f446aa-SNAPSHOT/ratis-proto-0.5.0-3f446aa-SNAPSHOT.jar:/home/user/.m2/repository/org/apache/ratis/ratis-common/0.5.0-3f446aa-SNAPSHOT/ratis-common-0.5.0-3f446aa-SNAPSHOT.jar:/home/user/.m2/repository/org/apache/ratis/ratis-client/0.5.0-3f446aa-SNAPSHOT/ratis-client-0.5.0-3f446aa-SNAPSHOT.jar:/home/user/.m2/repository/org/apache/ratis/ratis-metrics/0.5.0-3f446aa-SNAPSHOT/ratis-metrics-0.5.0-3f446aa-SNAPSHOT.jar:/home/user/.m2/repository/com/github/joshelser/dropwizard-metrics-hadoop-metrics2-reporter/0.1.2/dropwizard-metrics-hadoop-metrics2-reporter-0.1.2.jar:/home/user/.m2/repository/io/dropwizard/metrics/metrics-jvm/3.2.5/metrics-jvm-3.2.5.jar:/home/user/.m2/repository/io/dropwizard/metrics/metrics-ganglia/3.2.5/metrics-ganglia-3.2.5.jar:/home/user/.m2/repository/info/ganglia/gmetric4j/gmetric4j/1.0.7/gmetric4j-1.0.7.jar:/home/user/.m2/repository/org/apache/ratis/ratis-netty/0.5.0-3f446aa-SNAPSHOT/ratis-netty-0.5.0-3f446aa-SNAPSHOT.jar:/home/user/.m2/repository/org/apache/ratis/ratis-grpc/0.5.0-3f446aa-SNAPSHOT/ratis-grpc-0.5.0-3f446aa-SNAPSHOT.jar:/home/user/.m2/repository/org/rocksdb/rocksdbjni/6.0.1/rocksdbjni-6.0.1.jar:/home/user/.m2/repository/org/apache/logging/log4j/log4j-api/2.11.0/log4j-api-2.11.0.jar:/home/user/.m2/repository/org/apache/logging/log4j/log4j-core/2.11.0/log4j-core-2.11.0.jar:/home/user/.m2/repository/com/lmax/disruptor/3.4.2/disruptor-3.4.2.jar:/home/user/.m2/repository/org/apache/commons/commons-pool2/2.6.0/commons-pool2-2.6.0.jar:/home/user/.m2/repository/org/bouncycastle/bcpkix-jdk15on/1.60/bcpkix-jdk15on-1.60.jar:/home/user/.m2/repository/commons-validator/commons-validator/1.6/commons-validator-1.6.jar:/home/user/.m2/repository/commons-digester/commons-digester/1.8.1/commons-digester-1.8.1.jar:/home/user/.m2/repository/io/jaegertracing/jaeger-client/0.34.0/jaeger-client-0.34.0.jar:/home/user/.m2/repository/io/jaegertracing/jaeger-thrift/0.34.0/jaeger-thrift-0.34.0.jar:/home/user/.m2/repository/org/apache/thrift/libthrift/0.12.0/libthrift-0.12.0.jar:/home/user/.m2/repository/com/squareup/okhttp3/okhttp/3.9.0/okhttp-3.9.0.jar:/home/user/.m2/repository/com/squareup/okio/okio/1.13.0/okio-1.13.0.jar:/home/user/.m2/repository/io/jaegertracing/jaeger-core/0.34.0/jaeger-core-0.34.0.jar:/home/user/.m2/repository/io/jaegertracing/jaeger-tracerresolver/0.34.0/jaeger-tracerresolver-0.34.0.jar:/home/user/.m2/repository/io/opentracing/contrib/opentracing-tracerresolver/0.1.5/opentracing-tracerresolver-0.1.5.jar:/home/user/.m2/repository/io/opentracing/opentracing-util/0.31.0/opentracing-util-0.31.0.jar:/home/user/.m2/repository/io/opentracing/opentracing-api/0.31.0/opentracing-api-0.31.0.jar:/home/user/.m2/repository/io/opentracing/opentracing-noop/0.31.0/opentracing-noop-0.31.0.jar:/home/user/.m2/repository/org/apache/hadoop/hadoop-hdds-server-framework/0.5.0-SNAPSHOT/hadoop-hdds-server-framework-0.5.0-SNAPSHOT.jar:/home/user/.m2/repository/org/apache/hadoop/hadoop-hdds-container-service/0.5.0-SNAPSHOT/hadoop-hdds-container-service-0.5.0-SNAPSHOT.jar:/home/user/.m2/repository/org/apache/hadoop/hadoop-hdds-client/0.5.0-SNAPSHOT/hadoop-hdds-client-0.5.0-SNAPSHOT.jar:/home/user/.m2/repository/org/apache/hadoop/hadoop-hdds-tools/0.5.0-SNAPSHOT/hadoop-hdds-tools-0.5.0-SNAPSHOT.jar:/home/user/.m2/repository/org/apache/hadoop/hadoop-hdds-server-scm/0.5.0-SNAPSHOT/hadoop-hdds-server-scm-0.5.0-SNAPSHOT.jar:/home/user/.m2/repository/org/apache/hadoop/hadoop-hdds-docs/0.5.0-SNAPSHOT/hadoop-hdds-docs-0.5.0-SNAPSHOT.jar:/home/user/.m2/repository/io/dropwizard/metrics/metrics-core/3.2.4/metrics-core-3.2.4.jar:/home/user/.m2/repository/org/hamcrest/hamcrest-all/1.3/hamcrest-all-1.3.jar:/home/user/.m2/repository/org/bouncycastle/bcprov-jdk15on/1.60/bcprov-jdk15on-1.60.jar:/home/user/.m2/repository/info/picocli/picocli/3.9.6/picocli-3.9.6.jar:/home/user/.m2/repository/com/google/protobuf/protobuf-java/2.5.0/protobuf-java-2.5.0.jar:/home/user/.m2/repository/com/google/guava/guava/11.0.2/guava-11.0.2.jar:/home/user/.m2/repository/org/apache/hadoop/hadoop-ozone-ozone-manager/0.5.0-SNAPSHOT/hadoop-ozone-ozone-manager-0.5.0-SNAPSHOT.jar:/home/user/.m2/repository/org/apache/hadoop/hadoop-minikdc/3.2.0/hadoop-minikdc-3.2.0.jar:/home/user/.m2/repository/commons-io/commons-io/2.5/commons-io-2.5.jar:/home/user/.m2/repository/org/apache/kerby/kerb-simplekdc/1.0.1/kerb-simplekdc-1.0.1.jar:/home/user/.m2/repository/org/apache/kerby/kerb-client/1.0.1/kerb-client-1.0.1.jar:/home/user/.m2/repository/org/apache/kerby/kerby-config/1.0.1/kerby-config-1.0.1.jar:/home/user/.m2/repository/org/apache/kerby/kerb-core/1.0.1/kerb-core-1.0.1.jar:/home/user/.m2/repository/org/apache/kerby/kerby-pkix/1.0.1/kerby-pkix-1.0.1.jar:/home/user/.m2/repository/org/apache/kerby/kerby-asn1/1.0.1/kerby-asn1-1.0.1.jar:/home/user/.m2/repository/org/apache/kerby/kerby-util/1.0.1/kerby-util-1.0.1.jar:/home/user/.m2/repository/org/apache/kerby/kerb-common/1.0.1/kerb-common-1.0.1.jar:/home/user/.m2/repository/org/apache/kerby/kerb-crypto/1.0.1/kerb-crypto-1.0.1.jar:/home/user/.m2/repository/org/apache/kerby/kerb-util/1.0.1/kerb-util-1.0.1.jar:/home/user/.m2/repository/org/apache/kerby/token-provider/1.0.1/token-provider-1.0.1.jar:/home/user/.m2/repository/org/apache/kerby/kerb-admin/1.0.1/kerb-admin-1.0.1.jar:/home/user/.m2/repository/org/apache/kerby/kerb-server/1.0.1/kerb-server-1.0.1.jar:/home/user/.m2/repository/org/apache/kerby/kerb-identity/1.0.1/kerb-identity-1.0.1.jar:/home/user/.m2/repository/org/apache/kerby/kerby-xdr/1.0.1/kerby-xdr-1.0.1.jar:/home/user/.m2/repository/org/slf4j/slf4j-log4j12/1.7.25/slf4j-log4j12-1.7.25.jar:/home/user/.m2/repository/org/apache/hadoop/hadoop-ozone-s3gateway/0.5.0-SNAPSHOT/hadoop-ozone-s3gateway-0.5.0-SNAPSHOT.jar:/home/user/.m2/repository/org/jboss/weld/servlet/weld-servlet/2.4.7.Final/weld-servlet-2.4.7.Final.jar:/home/user/.m2/repository/org/glassfish/jersey/containers/jersey-container-servlet-core/2.27/jersey-container-servlet-core-2.27.jar:/home/user/.m2/repository/org/glassfish/hk2/external/javax.inject/2.5.0-b42/javax.inject-2.5.0-b42.jar:/home/user/.m2/repository/org/glassfish/jersey/core/jersey-common/2.27/jersey-common-2.27.jar:/home/user/.m2/repository/org/glassfish/hk2/osgi-resource-locator/1.0.1/osgi-resource-locator-1.0.1.jar:/home/user/.m2/repository/javax/ws/rs/javax.ws.rs-api/2.1/javax.ws.rs-api-2.1.jar:/home/user/.m2/repository/org/glassfish/jersey/ext/cdi/jersey-cdi1x/2.27/jersey-cdi1x-2.27.jar:/home/user/.m2/repository/org/glassfish/jersey/inject/jersey-hk2/2.27/jersey-hk2-2.27.jar:/home/user/.m2/repository/org/glassfish/hk2/hk2-locator/2.5.0-b42/hk2-locator-2.5.0-b42.jar:/home/user/.m2/repository/org/javassist/javassist/3.22.0-CR2/javassist-3.22.0-CR2.jar:/home/user/.m2/repository/org/glassfish/hk2/hk2-api/2.5.0/hk2-api-2.5.0.jar:/home/user/.m2/repository/org/glassfish/hk2/external/jakarta.inject/2.5.0/jakarta.inject-2.5.0.jar:/home/user/.m2/repository/org/glassfish/hk2/hk2-utils/2.5.0/hk2-utils-2.5.0.jar:/home/user/.m2/repository/jakarta/annotation/jakarta.annotation-api/1.3.4/jakarta.annotation-api-1.3.4.jar:/home/user/.m2/repository/org/glassfish/hk2/external/aopalliance-repackaged/2.5.0/aopalliance-repackaged-2.5.0.jar:/home/user/.m2/repository/com/fasterxml/jackson/dataformat/jackson-dataformat-xml/2.9.0/jackson-dataformat-xml-2.9.0.jar:/home/user/.m2/repository/com/fasterxml/jackson/core/jackson-core/2.9.9/jackson-core-2.9.9.jar:/home/user/.m2/repository/com/fasterxml/jackson/module/jackson-module-jaxb-annotations/2.9.9/jackson-module-jaxb-annotations-2.9.9.jar:/home/user/.m2/repository/javax/enterprise/cdi-api/1.2/cdi-api-1.2.jar:/home/user/.m2/repository/javax/el/javax.el-api/3.0.0/javax.el-api-3.0.0.jar:/home/user/.m2/repository/javax/interceptor/javax.interceptor-api/1.2/javax.interceptor-api-1.2.jar:/home/user/.m2/repository/javax/inject/javax.inject/1/javax.inject-1.jar:/home/user/.m2/repository/com/sun/xml/bind/jaxb-impl/2.3.0.1/jaxb-impl-2.3.0.1.jar:/home/user/.m2/repository/com/sun/xml/bind/jaxb-core/2.3.0.1/jaxb-core-2.3.0.1.jar:/home/user/.m2/repository/javax/xml/bind/jaxb-api/2.3.0/jaxb-api-2.3.0.jar:/home/user/.m2/repository/javax/activation/activation/1.1.1/activation-1.1.1.jar:/home/user/.m2/repository/org/apache/hadoop/hadoop-ozone-csi/0.5.0-SNAPSHOT/hadoop-ozone-csi-0.5.0-SNAPSHOT.jar:/home/user/.m2/repository/com/google/protobuf/protobuf-java-util/3.5.1/protobuf-java-util-3.5.1.jar:/home/user/.m2/repository/org/apache/hadoop/hadoop-hdds-config/0.5.0-SNAPSHOT/hadoop-hdds-config-0.5.0-SNAPSHOT.jar:/home/user/.m2/repository/io/grpc/grpc-netty/1.17.1/grpc-netty-1.17.1.jar:/home/user/.m2/repository/io/grpc/grpc-core/1.17.1/grpc-core-1.17.1.jar:/home/user/.m2/repository/io/grpc/grpc-context/1.17.1/grpc-context-1.17.1.jar:/home/user/.m2/repository/com/google/errorprone/error_prone_annotations/2.2.0/error_prone_annotations-2.2.0.jar:/home/user/.m2/repository/org/codehaus/mojo/animal-sniffer-annotations/1.17/animal-sniffer-annotations-1.17.jar:/home/user/.m2/repository/io/opencensus/opencensus-api/0.17.0/opencensus-api-0.17.0.jar:/home/user/.m2/repository/io/opencensus/opencensus-contrib-grpc-metrics/0.17.0/opencensus-contrib-grpc-metrics-0.17.0.jar:/home/user/.m2/repository/io/netty/netty-codec-http2/4.1.30.Final/netty-codec-http2-4.1.30.Final.jar:/home/user/.m2/repository/io/netty/netty-codec-http/4.1.30.Final/netty-codec-http-4.1.30.Final.jar:/home/user/.m2/repository/io/netty/netty-codec/4.1.30.Final/netty-codec-4.1.30.Final.jar:/home/user/.m2/repository/io/netty/netty-handler/4.1.30.Final/netty-handler-4.1.30.Final.jar:/home/user/.m2/repository/io/netty/netty-handler-proxy/4.1.30.Final/netty-handler-proxy-4.1.30.Final.jar:/home/user/.m2/repository/io/netty/netty-codec-socks/4.1.30.Final/netty-codec-socks-4.1.30.Final.jar:/home/user/.m2/repository/io/netty/netty-transport-native-epoll/4.1.30.Final/netty-transport-native-epoll-4.1.30.Final.jar:/home/user/.m2/repository/io/netty/netty-common/4.1.30.Final/netty-common-4.1.30.Final.jar:/home/user/.m2/repository/io/netty/netty-buffer/4.1.30.Final/netty-buffer-4.1.30.Final.jar:/home/user/.m2/repository/io/netty/netty-transport/4.1.30.Final/netty-transport-4.1.30.Final.jar:/home/user/.m2/repository/io/netty/netty-resolver/4.1.30.Final/netty-resolver-4.1.30.Final.jar:/home/user/.m2/repository/io/netty/netty-transport-native-unix-common/4.1.30.Final/netty-transport-native-unix-common-4.1.30.Final.jar:/home/user/.m2/repository/io/grpc/grpc-protobuf/1.17.1/grpc-protobuf-1.17.1.jar:/home/user/.m2/repository/com/google/api/grpc/proto-google-common-protos/1.0.0/proto-google-common-protos-1.0.0.jar:/home/user/.m2/repository/io/grpc/grpc-protobuf-lite/1.17.1/grpc-protobuf-lite-1.17.1.jar:/home/user/.m2/repository/io/grpc/grpc-stub/1.17.1/grpc-stub-1.17.1.jar:/home/user/.m2/repository/org/apache/hadoop/hadoop-ozone-recon/0.5.0-SNAPSHOT/hadoop-ozone-recon-0.5.0-SNAPSHOT.jar:/home/user/.m2/repository/org/apache/hadoop/hadoop-ozone-reconcodegen/0.5.0-SNAPSHOT/hadoop-ozone-reconcodegen-0.5.0-SNAPSHOT.jar:/home/user/.m2/repository/com/google/inject/extensions/guice-multibindings/4.0/guice-multibindings-4.0.jar:/home/user/.m2/repository/com/google/inject/guice/4.0/guice-4.0.jar:/home/user/.m2/repository/aopalliance/aopalliance/1.0/aopalliance-1.0.jar:/home/user/.m2/repository/com/google/inject/extensions/guice-servlet/4.0/guice-servlet-4.0.jar:/home/user/.m2/repository/org/glassfish/jersey/containers/jersey-container-servlet/2.27/jersey-container-servlet-2.27.jar:/home/user/.m2/repository/org/glassfish/hk2/guice-bridge/2.5.0/guice-bridge-2.5.0.jar:/home/user/.m2/repository/org/glassfish/jersey/core/jersey-server/2.27/jersey-server-2.27.jar:/home/user/.m2/repository/org/glassfish/jersey/core/jersey-client/2.27/jersey-client-2.27.jar:/home/user/.m2/repository/org/glassfish/jersey/media/jersey-media-jaxb/2.27/jersey-media-jaxb-2.27.jar:/home/user/.m2/repository/javax/validation/validation-api/1.1.0.Final/validation-api-1.1.0.Final.jar:/home/user/.m2/repository/org/glassfish/jersey/media/jersey-media-json-jackson/2.27/jersey-media-json-jackson-2.27.jar:/home/user/.m2/repository/org/glassfish/jersey/ext/jersey-entity-filtering/2.27/jersey-entity-filtering-2.27.jar:/home/user/.m2/repository/com/google/inject/extensions/guice-assistedinject/4.0/guice-assistedinject-4.0.jar:/home/user/.m2/repository/org/jooq/jooq/3.11.10/jooq-3.11.10.jar:/home/user/.m2/repository/org/jooq/jooq-meta/3.11.10/jooq-meta-3.11.10.jar:/home/user/.m2/repository/org/jooq/jooq-codegen/3.11.10/jooq-codegen-3.11.10.jar:/home/user/.m2/repository/com/jolbox/bonecp/0.8.0.RELEASE/bonecp-0.8.0.RELEASE.jar:/home/user/.m2/repository/org/xerial/sqlite-jdbc/3.25.2/sqlite-jdbc-3.25.2.jar:/home/user/.m2/repository/org/springframework/spring-jdbc/5.1.3.RELEASE/spring-jdbc-5.1.3.RELEASE.jar:/home/user/.m2/repository/org/springframework/spring-beans/5.1.3.RELEASE/spring-beans-5.1.3.RELEASE.jar:/home/user/.m2/repository/org/springframework/spring-core/5.1.3.RELEASE/spring-core-5.1.3.RELEASE.jar:/home/user/.m2/repository/org/springframework/spring-jcl/5.1.3.RELEASE/spring-jcl-5.1.3.RELEASE.jar:/home/user/.m2/repository/org/springframework/spring-tx/5.1.3.RELEASE/spring-tx-5.1.3.RELEASE.jar:/home/user/.m2/repository/org/apache/hadoop/hadoop-ozone-client/0.5.0-SNAPSHOT/hadoop-ozone-client-0.5.0-SNAPSHOT.jar:/home/user/.m2/repository/commons-lang/commons-lang/2.6/commons-lang-2.6.jar:/home/user/.m2/repository/org/apache/hadoop/hadoop-ozone-ozone-manager/0.5.0-SNAPSHOT/hadoop-ozone-ozone-manager-0.5.0-SNAPSHOT-tests.jar:/home/user/.m2/repository/junit/junit/4.11/junit-4.11.jar:/home/user/.m2/repository/org/hamcrest/hamcrest-core/1.3/hamcrest-core-1.3.jar:/home/user/.m2/repository/org/openjdk/jmh/jmh-core/1.19/jmh-core-1.19.jar:/home/user/.m2/repository/net/sf/jopt-simple/jopt-simple/4.6/jopt-simple-4.6.jar:/home/user/.m2/repository/org/apache/commons/commons-math3/3.1.1/commons-math3-3.1.1.jar:/home/user/.m2/repository/org/openjdk/jmh/jmh-generator-annprocess/1.19/jmh-generator-annprocess-1.19.jar:/home/user/.m2/repository/org/mockito/mockito-all/1.8.5/mockito-all-1.8.5.jar:/home/user/.m2/repository/org/apache/hadoop/hadoop-kms/3.2.0/hadoop-kms-3.2.0.jar:/home/user/.m2/repository/org/apache/hadoop/hadoop-auth/3.2.0/hadoop-auth-3.2.0.jar:/home/user/.m2/repository/com/nimbusds/nimbus-jose-jwt/4.41.1/nimbus-jose-jwt-4.41.1.jar:/home/user/.m2/repository/com/github/stephenc/jcip/jcip-annotations/1.0-1/jcip-annotations-1.0-1.jar:/home/user/.m2/repository/net/minidev/json-smart/2.3/json-smart-2.3.jar:/home/user/.m2/repository/net/minidev/accessors-smart/1.2/accessors-smart-1.2.jar:/home/user/.m2/repository/org/ow2/asm/asm/5.0.4/asm-5.0.4.jar:/home/user/.m2/repository/org/apache/curator/curator-framework/2.12.0/curator-framework-2.12.0.jar:/home/user/.m2/repository/com/sun/jersey/jersey-core/1.19/jersey-core-1.19.jar:/home/user/.m2/repository/javax/ws/rs/jsr311-api/1.1.1/jsr311-api-1.1.1.jar:/home/user/.m2/repository/com/sun/jersey/jersey-server/1.19/jersey-server-1.19.jar:/home/user/.m2/repository/javax/servlet/javax.servlet-api/3.1.0/javax.servlet-api-3.1.0.jar:/home/user/.m2/repository/org/eclipse/jetty/jetty-server/9.3.25.v20180904/jetty-server-9.3.25.v20180904.jar:/home/user/.m2/repository/org/eclipse/jetty/jetty-http/9.3.25.v20180904/jetty-http-9.3.25.v20180904.jar:/home/user/.m2/repository/org/eclipse/jetty/jetty-io/9.3.25.v20180904/jetty-io-9.3.25.v20180904.jar:/home/user/.m2/repository/org/eclipse/jetty/jetty-webapp/9.3.25.v20180904/jetty-webapp-9.3.25.v20180904.jar:/home/user/.m2/repository/org/eclipse/jetty/jetty-xml/9.3.25.v20180904/jetty-xml-9.3.25.v20180904.jar:/home/user/.m2/repository/log4j/log4j/1.2.17/log4j-1.2.17.jar:/home/user/.m2/repository/org/slf4j/slf4j-api/1.7.25/slf4j-api-1.7.25.jar:/home/user/.m2/repository/org/slf4j/jul-to-slf4j/1.7.25/jul-to-slf4j-1.7.25.jar:/home/user/.m2/repository/org/eclipse/jetty/jetty-util/9.3.25.v20180904/jetty-util-9.3.25.v20180904.jar:/home/user/.m2/repository/com/fasterxml/jackson/core/jackson-databind/2.9.9/jackson-databind-2.9.9.jar:/home/user/.m2/repository/org/apache/hadoop/hadoop-kms/3.2.0/hadoop-kms-3.2.0-tests.jar:/home/user/.m2/repository/org/apache/hadoop/hadoop-hdds-server-scm/0.5.0-SNAPSHOT/hadoop-hdds-server-scm-0.5.0-SNAPSHOT-tests.jar:/home/user/.m2/repository/org/apache/hadoop/hadoop-hdds-container-service/0.5.0-SNAPSHOT/hadoop-hdds-container-service-0.5.0-SNAPSHOT-tests.jar:/home/user/.m2/repository/org/yaml/snakeyaml/1.16/snakeyaml-1.16.jar:/home/user/.m2/repository/org/apache/hadoop/hadoop-common/3.2.0/hadoop-common-3.2.0-tests.jar:/home/user/.m2/repository/org/apache/hadoop/hadoop-annotations/3.2.0/hadoop-annotations-3.2.0.jar:/usr/lib/jvm/java-1.8.0-openjdk-1.8.0.222.b10-1.el7_7.x86_64/jre/../lib/tools.jar:/home/user/.m2/repository/commons-cli/commons-cli/1.2/commons-cli-1.2.jar:/home/user/.m2/repository/org/apache/httpcomponents/httpclient/4.5.2/httpclient-4.5.2.jar:/home/user/.m2/repository/org/apache/httpcomponents/httpcore/4.4.4/httpcore-4.4.4.jar:/home/user/.m2/repository/commons-codec/commons-codec/1.11/commons-codec-1.11.jar:/home/user/.m2/repository/commons-net/commons-net/3.6/commons-net-3.6.jar:/home/user/.m2/repository/commons-collections/commons-collections/3.2.2/commons-collections-3.2.2.jar:/home/user/.m2/repository/org/eclipse/jetty/jetty-servlet/9.3.25.v20180904/jetty-servlet-9.3.25.v20180904.jar:/home/user/.m2/repository/org/eclipse/jetty/jetty-security/9.3.25.v20180904/jetty-security-9.3.25.v20180904.jar:/home/user/.m2/repository/javax/servlet/jsp/jsp-api/2.1/jsp-api-2.1.jar:/home/user/.m2/repository/com/sun/jersey/jersey-servlet/1.19/jersey-servlet-1.19.jar:/home/user/.m2/repository/com/sun/jersey/jersey-json/1.19/jersey-json-1.19.jar:/home/user/.m2/repository/org/codehaus/jettison/jettison/1.1/jettison-1.1.jar:/home/user/.m2/repository/org/codehaus/jackson/jackson-core-asl/1.9.13/jackson-core-asl-1.9.13.jar:/home/user/.m2/repository/org/codehaus/jackson/jackson-mapper-asl/1.9.13/jackson-mapper-asl-1.9.13.jar:/home/user/.m2/repository/org/codehaus/jackson/jackson-jaxrs/1.9.13/jackson-jaxrs-1.9.13.jar:/home/user/.m2/repository/org/codehaus/jackson/jackson-xc/1.9.13/jackson-xc-1.9.13.jar:/home/user/.m2/repository/commons-logging/commons-logging/1.1.3/commons-logging-1.1.3.jar:/home/user/.m2/repository/commons-beanutils/commons-beanutils/1.9.4/commons-beanutils-1.9.4.jar:/home/user/.m2/repository/org/apache/commons/commons-configuration2/2.1.1/commons-configuration2-2.1.1.jar:/home/user/.m2/repository/org/apache/commons/commons-lang3/3.7/commons-lang3-3.7.jar:/home/user/.m2/repository/org/apache/commons/commons-text/1.4/commons-text-1.4.jar:/home/user/.m2/repository/org/apache/avro/avro/1.7.7/avro-1.7.7.jar:/home/user/.m2/repository/com/thoughtworks/paranamer/paranamer/2.3/paranamer-2.3.jar:/home/user/.m2/repository/org/xerial/snappy/snappy-java/1.0.5/snappy-java-1.0.5.jar:/home/user/.m2/repository/com/google/re2j/re2j/1.1/re2j-1.1.jar:/home/user/.m2/repository/com/google/code/gson/gson/2.2.4/gson-2.2.4.jar:/home/user/.m2/repository/com/jcraft/jsch/0.1.54/jsch-0.1.54.jar:/home/user/.m2/repository/org/apache/curator/curator-client/2.12.0/curator-client-2.12.0.jar:/home/user/.m2/repository/org/apache/curator/curator-recipes/2.12.0/curator-recipes-2.12.0.jar:/home/user/.m2/repository/com/google/code/findbugs/jsr305/3.0.0/jsr305-3.0.0.jar:/home/user/.m2/repository/org/apache/htrace/htrace-core4/4.1.0-incubating/htrace-core4-4.1.0-incubating.jar:/home/user/.m2/repository/org/apache/zookeeper/zookeeper/3.4.13/zookeeper-3.4.13.jar:/home/user/.m2/repository/jline/jline/0.9.94/jline-0.9.94.jar:/home/user/.m2/repository/org/apache/yetus/audience-annotations/0.5.0/audience-annotations-0.5.0.jar:/home/user/.m2/repository/org/codehaus/woodstox/stax2-api/3.1.4/stax2-api-3.1.4.jar:/home/user/.m2/repository/com/fasterxml/woodstox/woodstox-core/5.0.3/woodstox-core-5.0.3.jar:/home/user/.m2/repository/dnsjava/dnsjava/2.1.7/dnsjava-2.1.7.jar:/home/user/.m2/repository/org/apache/hadoop/hadoop-hdfs/3.2.0/hadoop-hdfs-3.2.0-tests.jar:/home/user/.m2/repository/org/eclipse/jetty/jetty-util-ajax/9.3.25.v20180904/jetty-util-ajax-9.3.25.v20180904.jar:/home/user/.m2/repository/commons-daemon/commons-daemon/1.0.13/commons-daemon-1.0.13.jar:/home/user/.m2/repository/io/netty/netty/3.10.5.Final/netty-3.10.5.Final.jar:/home/user/.m2/repository/io/netty/netty-all/4.0.52.Final/netty-all-4.0.52.Final.jar:/home/user/.m2/repository/org/fusesource/leveldbjni/leveldbjni-all/1.8/leveldbjni-all-1.8.jar:"/>
    <property name="sun.cpu.endian" value="little"/>
    <property name="user.home" value="/home/user"/>
    <property name="user.language" value="en"/>
    <property name="java.specification.vendor" value="Oracle Corporation"/>
    <property name="java.home" value="/usr/lib/jvm/java-1.8.0-openjdk-1.8.0.222.b10-1.el7_7.x86_64/jre"/>
    <property name="surefire.excludesFile" value="/tools/ozone-bad-unit-tests"/>
    <property name="java.security.krb5.conf" value="/workdir/hadoop-ozone/integration-test/target/test-classes/krb5.conf"/>
    <property name="basedir" value="/workdir/hadoop-ozone/integration-test"/>
    <property name="file.separator" value="/"/>
    <property name="line.separator" value="&#10;"/>
    <property name="java.vm.specification.vendor" value="Oracle Corporation"/>
    <property name="java.specification.name" value="Java Platform API Specification"/>
    <property name="java.awt.graphicsenv" value="sun.awt.X11GraphicsEnvironment"/>
    <property name="surefire.real.class.path" value="/workdir/hadoop-ozone/integration-test/target/surefire/surefirebooter2315713491804088628.jar"/>
    <property name="hadoop.log.dir" value="/workdir/hadoop-ozone/integration-test/target/log"/>
    <property name="sun.boot.class.path" value="/usr/lib/jvm/java-1.8.0-openjdk-1.8.0.222.b10-1.el7_7.x86_64/jre/lib/resources.jar:/usr/lib/jvm/java-1.8.0-openjdk-1.8.0.222.b10-1.el7_7.x86_64/jre/lib/rt.jar:/usr/lib/jvm/java-1.8.0-openjdk-1.8.0.222.b10-1.el7_7.x86_64/jre/lib/sunrsasign.jar:/usr/lib/jvm/java-1.8.0-openjdk-1.8.0.222.b10-1.el7_7.x86_64/jre/lib/jsse.jar:/usr/lib/jvm/java-1.8.0-openjdk-1.8.0.222.b10-1.el7_7.x86_64/jre/lib/jce.jar:/usr/lib/jvm/java-1.8.0-openjdk-1.8.0.222.b10-1.el7_7.x86_64/jre/lib/charsets.jar:/usr/lib/jvm/java-1.8.0-openjdk-1.8.0.222.b10-1.el7_7.x86_64/jre/lib/jfr.jar:/usr/lib/jvm/java-1.8.0-openjdk-1.8.0.222.b10-1.el7_7.x86_64/jre/classes"/>
    <property name="sun.management.compiler" value="HotSpot 64-Bit Tiered Compilers"/>
    <property name="java.runtime.version" value="1.8.0_222-b10"/>
    <property name="java.net.preferIPv4Stack" value="true"/>
    <property name="user.name" value="jenkins1000"/>
    <property name="path.separator" value=":"/>
    <property name="java.security.egd" value="file:///dev/urandom"/>
    <property name="os.version" value="3.10.0-957.12.2.el7.x86_64"/>
    <property name="java.endorsed.dirs" value="/usr/lib/jvm/java-1.8.0-openjdk-1.8.0.222.b10-1.el7_7.x86_64/jre/lib/endorsed"/>
    <property name="java.runtime.name" value="OpenJDK Runtime Environment"/>
    <property name="file.encoding" value="ANSI_X3.4-1968"/>
    <property name="java.vm.name" value="OpenJDK 64-Bit Server VM"/>
    <property name="test.build.webapps" value=""/>
    <property name="localRepository" value="/home/user/.m2/repository"/>
    <property name="java.vendor.url.bug" value="http://bugreport.sun.com/bugreport/"/>
    <property name="java.io.tmpdir" value="/tmp"/>
    <property name="require.test.libhadoop" value=""/>
    <property name="java.version" value="1.8.0_222"/>
    <property name="user.dir" value="/workdir/hadoop-ozone/integration-test"/>
    <property name="os.arch" value="amd64"/>
    <property name="java.vm.specification.name" value="Java Virtual Machine Specification"/>
    <property name="test.build.classes" value="/workdir/hadoop-ozone/integration-test/target/test-classes"/>
    <property name="java.awt.printerjob" value="sun.print.PSPrinterJob"/>
    <property name="sun.os.patch.level" value="unknown"/>
    <property name="hadoop.tmp.dir" value="/workdir/hadoop-ozone/integration-test/target/tmp"/>
    <property name="java.library.path" value="/usr/lib:/workdir/hadoop-ozone/integration-test/target/native/target/usr/local/lib:/workdir/hadoop-ozone/integration-test/../../hadoop-common-project/hadoop-common/target/native/target/usr/local/lib:/usr/java/packages/lib/amd64:/usr/lib64:/lib64:/lib:/usr/lib"/>
    <property name="java.vm.info" value="mixed mode"/>
    <property name="java.vendor" value="Oracle Corporation"/>
    <property name="java.vm.version" value="25.222-b10"/>
    <property name="java.ext.dirs" value="/usr/lib/jvm/java-1.8.0-openjdk-1.8.0.222.b10-1.el7_7.x86_64/jre/lib/ext:/usr/java/packages/lib/ext"/>
    <property name="sun.io.unicode.encoding" value="UnicodeLittle"/>
    <property name="java.class.version" value="52.0"/>
  </properties>
  <testcase name="test" classname="org.apache.hadoop.ozone.scm.TestSCMContainerPlacementPolicyMetrics" time="81.384">
    <error message="test timed out after 60000 milliseconds" type="java.lang.Exception">java.lang.Exception: test timed out after 60000 milliseconds
	at sun.misc.Unsafe.park(Native Method)
	at java.util.concurrent.locks.LockSupport.park(LockSupport.java:175)
	at java.util.concurrent.CompletableFuture$Signaller.block(CompletableFuture.java:1693)
	at java.util.concurrent.ForkJoinPool.managedBlock(ForkJoinPool.java:3323)
	at java.util.concurrent.CompletableFuture.waitingGet(CompletableFuture.java:1729)
	at java.util.concurrent.CompletableFuture.get(CompletableFuture.java:1895)
	at org.apache.hadoop.hdds.scm.storage.BlockOutputStream.waitOnFlushFutures(BlockOutputStream.java:518)
	at org.apache.hadoop.hdds.scm.storage.BlockOutputStream.handleFlush(BlockOutputStream.java:481)
	at org.apache.hadoop.hdds.scm.storage.BlockOutputStream.close(BlockOutputStream.java:496)
	at org.apache.hadoop.ozone.client.io.BlockOutputStreamEntry.close(BlockOutputStreamEntry.java:143)
	at org.apache.hadoop.ozone.client.io.KeyOutputStream.handleFlushOrClose(KeyOutputStream.java:435)
	at org.apache.hadoop.ozone.client.io.KeyOutputStream.close(KeyOutputStream.java:473)
	at org.apache.hadoop.ozone.client.io.OzoneOutputStream.close(OzoneOutputStream.java:60)
	at org.apache.hadoop.ozone.scm.TestSCMContainerPlacementPolicyMetrics.test(TestSCMContainerPlacementPolicyMetrics.java:112)
	at sun.reflect.NativeMethodAccessorImpl.invoke0(Native Method)
	at sun.reflect.NativeMethodAccessorImpl.invoke(NativeMethodAccessorImpl.java:62)
	at sun.reflect.DelegatingMethodAccessorImpl.invoke(DelegatingMethodAccessorImpl.java:43)
	at java.lang.reflect.Method.invoke(Method.java:498)
	at org.junit.runners.model.FrameworkMethod$1.runReflectiveCall(FrameworkMethod.java:47)
	at org.junit.internal.runners.model.ReflectiveCallable.run(ReflectiveCallable.java:12)
	at org.junit.runners.model.FrameworkMethod.invokeExplosively(FrameworkMethod.java:44)
	at org.junit.internal.runners.statements.InvokeMethod.evaluate(InvokeMethod.java:17)
	at org.junit.internal.runners.statements.FailOnTimeout$StatementThread.run(FailOnTimeout.java:74)
</error>
    <system-out><![CDATA[2019-10-21 23:46:10,367 [main] WARN  server.ServerUtils (ServerUtils.java:getScmDbDir(145)) - ozone.scm.db.dirs is not configured. We recommend adding this setting. Falling back to ozone.metadata.dirs instead.
2019-10-21 23:46:10,474 [main] WARN  server.ServerUtils (ServerUtils.java:getScmDbDir(145)) - ozone.scm.db.dirs is not configured. We recommend adding this setting. Falling back to ozone.metadata.dirs instead.
2019-10-21 23:46:10,477 [main] WARN  server.ServerUtils (ServerUtils.java:getScmDbDir(145)) - ozone.scm.db.dirs is not configured. We recommend adding this setting. Falling back to ozone.metadata.dirs instead.
2019-10-21 23:46:10,500 [main] INFO  util.log (Log.java:initialized(192)) - Logging initialized @798ms
2019-10-21 23:46:10,582 [main] INFO  db.DBStoreBuilder (DBStoreBuilder.java:addTable(117)) - using custom profile for table: deletedBlocks
2019-10-21 23:46:10,582 [main] INFO  db.DBStoreBuilder (DBStoreBuilder.java:processTables(168)) - Using default column profile:DBProfile.DISK for Table:deletedBlocks
2019-10-21 23:46:10,583 [main] INFO  db.DBStoreBuilder (DBStoreBuilder.java:addTable(117)) - using custom profile for table: validCerts
2019-10-21 23:46:10,583 [main] INFO  db.DBStoreBuilder (DBStoreBuilder.java:processTables(168)) - Using default column profile:DBProfile.DISK for Table:validCerts
2019-10-21 23:46:10,583 [main] INFO  db.DBStoreBuilder (DBStoreBuilder.java:addTable(117)) - using custom profile for table: revokedCerts
2019-10-21 23:46:10,583 [main] INFO  db.DBStoreBuilder (DBStoreBuilder.java:processTables(168)) - Using default column profile:DBProfile.DISK for Table:revokedCerts
2019-10-21 23:46:10,593 [main] INFO  db.DBStoreBuilder (DBStoreBuilder.java:addTable(117)) - using custom profile for table: default
2019-10-21 23:46:10,593 [main] INFO  db.DBStoreBuilder (DBStoreBuilder.java:processTables(174)) - Using default column profile:DBProfile.DISK for Table:default
2019-10-21 23:46:10,594 [main] INFO  db.DBStoreBuilder (DBStoreBuilder.java:getDbProfile(205)) - Using default options. DBProfile.DISK
2019-10-21 23:46:10,854 [main] INFO  net.NodeSchemaLoader (NodeSchemaLoader.java:loadSchemaFromFile(125)) - Loading file from sun.misc.CompoundEnumeration@75d4a5c2
2019-10-21 23:46:10,856 [main] INFO  net.NodeSchemaLoader (NodeSchemaLoader.java:loadSchema(171)) - Loading network topology layer schema file
2019-10-21 23:46:10,914 [main] WARN  server.ServerUtils (ServerUtils.java:sanitizeUserArgs(70)) - ozone.scm.stale.node.interval value = 300000 is larger than max = 100000 based on the key value of ozone.scm.heartbeat.thread.interval, reset to the max value 100000.
2019-10-21 23:46:10,916 [main] WARN  server.ServerUtils (ServerUtils.java:sanitizeUserArgs(70)) - ozone.scm.stale.node.interval value = 300000 is larger than max = 100000 based on the key value of ozone.scm.heartbeat.thread.interval, reset to the max value 100000.
2019-10-21 23:46:10,919 [main] INFO  node.SCMNodeManager (SCMNodeManager.java:<init>(116)) - Entering startup safe mode.
2019-10-21 23:46:10,975 [main] INFO  Configuration.deprecation (Configuration.java:logDeprecation(1394)) - hadoop.configured.node.mapping is deprecated. Instead, use net.topology.configured.node.mapping
2019-10-21 23:46:10,979 [main] INFO  algorithms.ContainerPlacementPolicyFactory (ContainerPlacementPolicyFactory.java:getPolicy(57)) - Create container placement policy of type org.apache.hadoop.hdds.scm.container.placement.algorithms.SCMContainerPlacementRackAware
2019-10-21 23:46:10,993 [main] WARN  server.ServerUtils (ServerUtils.java:getScmDbDir(145)) - ozone.scm.db.dirs is not configured. We recommend adding this setting. Falling back to ozone.metadata.dirs instead.
2019-10-21 23:46:11,043 [main] INFO  pipeline.SCMPipelineManager (SCMPipelineManager.java:initializePipelineState(132)) - No pipeline exists in current db
2019-10-21 23:46:11,046 [main] WARN  server.ServerUtils (ServerUtils.java:getScmDbDir(145)) - ozone.scm.db.dirs is not configured. We recommend adding this setting. Falling back to ozone.metadata.dirs instead.
2019-10-21 23:46:11,172 [main] WARN  events.EventQueue (EventQueue.java:fireEvent(183)) - No event handler registered for event TypedEvent{payloadType=SafeModeStatus, name='SafeModeStatus'}
2019-10-21 23:46:11,508 [main] INFO  ipc.CallQueueManager (CallQueueManager.java:<init>(84)) - Using callQueue: class java.util.concurrent.LinkedBlockingQueue, queueCapacity: 2000, scheduler: class org.apache.hadoop.ipc.DefaultRpcScheduler, ipcBackoff: false.
2019-10-21 23:46:11,533 [Socket Reader #1 for port 33717] INFO  ipc.Server (Server.java:run(1074)) - Starting Socket Reader #1 for port 33717
2019-10-21 23:46:11,665 [main] INFO  ipc.CallQueueManager (CallQueueManager.java:<init>(84)) - Using callQueue: class java.util.concurrent.LinkedBlockingQueue, queueCapacity: 2000, scheduler: class org.apache.hadoop.ipc.DefaultRpcScheduler, ipcBackoff: false.
2019-10-21 23:46:11,666 [Socket Reader #1 for port 40447] INFO  ipc.Server (Server.java:run(1074)) - Starting Socket Reader #1 for port 40447
2019-10-21 23:46:11,673 [main] INFO  ipc.CallQueueManager (CallQueueManager.java:<init>(84)) - Using callQueue: class java.util.concurrent.LinkedBlockingQueue, queueCapacity: 2000, scheduler: class org.apache.hadoop.ipc.DefaultRpcScheduler, ipcBackoff: false.
2019-10-21 23:46:11,673 [Socket Reader #1 for port 34345] INFO  ipc.Server (Server.java:run(1074)) - Starting Socket Reader #1 for port 34345
2019-10-21 23:46:11,693 [main] INFO  hdfs.DFSUtil (DFSUtil.java:httpServerTemplateForNNAndJN(1641)) - Starting Web-server for scm at: http://0.0.0.0:0
2019-10-21 23:46:11,865 [main] INFO  server.AuthenticationFilter (AuthenticationFilter.java:constructSecretProvider(240)) - Unable to initialize FileSignerSecretProvider, falling back to use random secrets.
2019-10-21 23:46:11,874 [main] WARN  http.HttpRequestLog (HttpRequestLog.java:getRequestLog(97)) - Jetty request log can only be enabled using Log4j
2019-10-21 23:46:11,882 [main] INFO  http.HttpServer2 (HttpServer2.java:addGlobalFilter(975)) - Added global filter 'safety' (class=org.apache.hadoop.http.HttpServer2$QuotingInputFilter)
2019-10-21 23:46:11,885 [main] INFO  http.HttpServer2 (HttpServer2.java:addFilter(948)) - Added filter static_user_filter (class=org.apache.hadoop.http.lib.StaticUserWebFilter$StaticUserFilter) to context scm
2019-10-21 23:46:11,885 [main] INFO  http.HttpServer2 (HttpServer2.java:addFilter(958)) - Added filter static_user_filter (class=org.apache.hadoop.http.lib.StaticUserWebFilter$StaticUserFilter) to context logs
2019-10-21 23:46:11,886 [main] INFO  http.HttpServer2 (HttpServer2.java:addFilter(958)) - Added filter static_user_filter (class=org.apache.hadoop.http.lib.StaticUserWebFilter$StaticUserFilter) to context static
2019-10-21 23:46:11,920 [main] INFO  server.StorageContainerManager (StorageContainerManager.java:start(772)) - StorageContainerLocationProtocol RPC server is listening at /0.0.0.0:34345
2019-10-21 23:46:11,992 [main] WARN  impl.MetricsConfig (MetricsConfig.java:loadFirst(134)) - Cannot locate configuration: tried hadoop-metrics2-storagecontainermanager.properties,hadoop-metrics2.properties
2019-10-21 23:46:12,006 [main] INFO  impl.MetricsSystemImpl (MetricsSystemImpl.java:startTimer(374)) - Scheduled Metric snapshot period at 10 second(s).
2019-10-21 23:46:12,007 [main] INFO  impl.MetricsSystemImpl (MetricsSystemImpl.java:start(191)) - StorageContainerManager metrics system started
2019-10-21 23:46:12,258 [main] INFO  server.SCMClientProtocolServer (SCMClientProtocolServer.java:start(159)) - RPC server for Client  is listening at /0.0.0.0:34345
2019-10-21 23:46:12,259 [IPC Server Responder] INFO  ipc.Server (Server.java:run(1314)) - IPC Server Responder: starting
2019-10-21 23:46:12,259 [IPC Server listener on 34345] INFO  ipc.Server (Server.java:run(1153)) - IPC Server listener on 34345: starting
2019-10-21 23:46:12,262 [main] INFO  server.StorageContainerManager (StorageContainerManager.java:start(782)) - ScmBlockLocationProtocol RPC server is listening at /0.0.0.0:40447
2019-10-21 23:46:12,262 [main] INFO  server.SCMBlockProtocolServer (SCMBlockProtocolServer.java:start(146)) - RPC server for Block Protocol is listening at /0.0.0.0:40447
2019-10-21 23:46:12,263 [IPC Server Responder] INFO  ipc.Server (Server.java:run(1314)) - IPC Server Responder: starting
2019-10-21 23:46:12,263 [IPC Server listener on 40447] INFO  ipc.Server (Server.java:run(1153)) - IPC Server listener on 40447: starting
2019-10-21 23:46:12,264 [main] INFO  server.StorageContainerManager (StorageContainerManager.java:start(786)) - ScmDatanodeProtocl RPC server is listening at /0.0.0.0:33717
2019-10-21 23:46:12,265 [main] INFO  server.SCMDatanodeProtocolServer (SCMDatanodeProtocolServer.java:start(169)) - RPC server for DataNodes is listening at /0.0.0.0:33717
2019-10-21 23:46:12,265 [IPC Server Responder] INFO  ipc.Server (Server.java:run(1314)) - IPC Server Responder: starting
2019-10-21 23:46:12,266 [IPC Server listener on 33717] INFO  ipc.Server (Server.java:run(1153)) - IPC Server listener on 33717: starting
2019-10-21 23:46:12,269 [main] INFO  http.HttpServer2 (HttpServer2.java:bindListener(1191)) - Jetty bound to port 42847
2019-10-21 23:46:12,271 [main] INFO  server.Server (Server.java:doStart(351)) - jetty-9.3.25.v20180904, build timestamp: 2018-09-04T21:11:46Z, git hash: 3ce520221d0240229c862b122d2b06c12a625732
2019-10-21 23:46:12,324 [main] INFO  handler.ContextHandler (ContextHandler.java:doStart(781)) - Started o.e.j.s.ServletContextHandler@6b53bcc2{/logs,file:///workdir/hadoop-ozone/integration-test/target/log,AVAILABLE}
2019-10-21 23:46:12,325 [main] INFO  handler.ContextHandler (ContextHandler.java:doStart(781)) - Started o.e.j.s.ServletContextHandler@a43ce46{/static,file:///workdir/hadoop-ozone/integration-test/target/test-classes/webapps/static,AVAILABLE}
2019-10-21 23:46:12,368 [main] INFO  handler.ContextHandler (ContextHandler.java:doStart(781)) - Started o.e.j.w.WebAppContext@532721fd{/,file:///workdir/hadoop-ozone/integration-test/target/test-classes/webapps/scm/,AVAILABLE}{/scm}
2019-10-21 23:46:12,374 [main] INFO  server.AbstractConnector (AbstractConnector.java:doStart(278)) - Started ServerConnector@7e1a1da6{HTTP/1.1,[http/1.1]}{0.0.0.0:42847}
2019-10-21 23:46:12,374 [main] INFO  server.Server (Server.java:doStart(419)) - Started @2673ms
2019-10-21 23:46:12,377 [main] INFO  impl.MetricsSinkAdapter (MetricsSinkAdapter.java:start(204)) - Sink prometheus started
2019-10-21 23:46:12,377 [main] INFO  impl.MetricsSystemImpl (MetricsSystemImpl.java:registerSink(301)) - Registered sink prometheus
2019-10-21 23:46:12,378 [main] INFO  server.BaseHttpServer (BaseHttpServer.java:updateConnectorAddress(215)) - HTTP server of SCM is listening at http://0.0.0.0:42847
2019-10-21 23:46:12,383 [org.apache.hadoop.util.JvmPauseMonitor$Monitor@55e7a35c] INFO  util.JvmPauseMonitor (JvmPauseMonitor.java:run(188)) - Starting JVM pause monitor
2019-10-21 23:46:12,386 [main] WARN  server.ServerUtils (ServerUtils.java:getDBPath(222)) - ozone.om.db.dirs is not configured. We recommend adding this setting. Falling back to ozone.metadata.dirs instead.
2019-10-21 23:46:12,506 [main] INFO  ha.OMHANodeDetails (OMHANodeDetails.java:loadOMHAConfig(190)) - Configuration either no ozone.om.address set. Falling back to the default OM address /127.0.0.1:0
2019-10-21 23:46:12,506 [main] INFO  ha.OMHANodeDetails (OMHANodeDetails.java:getOMNodeDetails(220)) - OM Service ID is not set. Setting it to the default ID: omServiceIdDefault
2019-10-21 23:46:12,508 [main] WARN  server.ServerUtils (ServerUtils.java:getDBPath(222)) - ozone.om.db.dirs is not configured. We recommend adding this setting. Falling back to ozone.metadata.dirs instead.
2019-10-21 23:46:12,509 [main] WARN  server.ServerUtils (ServerUtils.java:getDBPath(222)) - ozone.om.db.dirs is not configured. We recommend adding this setting. Falling back to ozone.metadata.dirs instead.
2019-10-21 23:46:13,166 [main] WARN  server.ServerUtils (ServerUtils.java:getDBPath(222)) - ozone.om.db.dirs is not configured. We recommend adding this setting. Falling back to ozone.metadata.dirs instead.
2019-10-21 23:46:13,177 [main] INFO  db.DBStoreBuilder (DBStoreBuilder.java:addTable(117)) - using custom profile for table: userTable
2019-10-21 23:46:13,177 [main] INFO  db.DBStoreBuilder (DBStoreBuilder.java:processTables(168)) - Using default column profile:DBProfile.DISK for Table:userTable
2019-10-21 23:46:13,177 [main] INFO  db.DBStoreBuilder (DBStoreBuilder.java:addTable(117)) - using custom profile for table: volumeTable
2019-10-21 23:46:13,177 [main] INFO  db.DBStoreBuilder (DBStoreBuilder.java:processTables(168)) - Using default column profile:DBProfile.DISK for Table:volumeTable
2019-10-21 23:46:13,178 [main] INFO  db.DBStoreBuilder (DBStoreBuilder.java:addTable(117)) - using custom profile for table: bucketTable
2019-10-21 23:46:13,178 [main] INFO  db.DBStoreBuilder (DBStoreBuilder.java:processTables(168)) - Using default column profile:DBProfile.DISK for Table:bucketTable
2019-10-21 23:46:13,178 [main] INFO  db.DBStoreBuilder (DBStoreBuilder.java:addTable(117)) - using custom profile for table: keyTable
2019-10-21 23:46:13,179 [main] INFO  db.DBStoreBuilder (DBStoreBuilder.java:processTables(168)) - Using default column profile:DBProfile.DISK for Table:keyTable
2019-10-21 23:46:13,179 [main] INFO  db.DBStoreBuilder (DBStoreBuilder.java:addTable(117)) - using custom profile for table: deletedTable
2019-10-21 23:46:13,180 [main] INFO  db.DBStoreBuilder (DBStoreBuilder.java:processTables(168)) - Using default column profile:DBProfile.DISK for Table:deletedTable
2019-10-21 23:46:13,180 [main] INFO  db.DBStoreBuilder (DBStoreBuilder.java:addTable(117)) - using custom profile for table: openKeyTable
2019-10-21 23:46:13,180 [main] INFO  db.DBStoreBuilder (DBStoreBuilder.java:processTables(168)) - Using default column profile:DBProfile.DISK for Table:openKeyTable
2019-10-21 23:46:13,181 [main] INFO  db.DBStoreBuilder (DBStoreBuilder.java:addTable(117)) - using custom profile for table: s3Table
2019-10-21 23:46:13,181 [main] INFO  db.DBStoreBuilder (DBStoreBuilder.java:processTables(168)) - Using default column profile:DBProfile.DISK for Table:s3Table
2019-10-21 23:46:13,181 [main] INFO  db.DBStoreBuilder (DBStoreBuilder.java:addTable(117)) - using custom profile for table: multipartInfoTable
2019-10-21 23:46:13,182 [main] INFO  db.DBStoreBuilder (DBStoreBuilder.java:processTables(168)) - Using default column profile:DBProfile.DISK for Table:multipartInfoTable
2019-10-21 23:46:13,182 [main] INFO  db.DBStoreBuilder (DBStoreBuilder.java:addTable(117)) - using custom profile for table: dTokenTable
2019-10-21 23:46:13,182 [main] INFO  db.DBStoreBuilder (DBStoreBuilder.java:processTables(168)) - Using default column profile:DBProfile.DISK for Table:dTokenTable
2019-10-21 23:46:13,183 [main] INFO  db.DBStoreBuilder (DBStoreBuilder.java:addTable(117)) - using custom profile for table: s3SecretTable
2019-10-21 23:46:13,183 [main] INFO  db.DBStoreBuilder (DBStoreBuilder.java:processTables(168)) - Using default column profile:DBProfile.DISK for Table:s3SecretTable
2019-10-21 23:46:13,184 [main] INFO  db.DBStoreBuilder (DBStoreBuilder.java:addTable(117)) - using custom profile for table: prefixTable
2019-10-21 23:46:13,184 [main] INFO  db.DBStoreBuilder (DBStoreBuilder.java:processTables(168)) - Using default column profile:DBProfile.DISK for Table:prefixTable
2019-10-21 23:46:13,185 [main] INFO  db.DBStoreBuilder (DBStoreBuilder.java:addTable(117)) - using custom profile for table: default
2019-10-21 23:46:13,185 [main] INFO  db.DBStoreBuilder (DBStoreBuilder.java:processTables(174)) - Using default column profile:DBProfile.DISK for Table:default
2019-10-21 23:46:13,185 [main] INFO  db.DBStoreBuilder (DBStoreBuilder.java:getDbProfile(205)) - Using default options. DBProfile.DISK
2019-10-21 23:46:13,666 [main] WARN  scm.HddsServerUtil (HddsServerUtil.java:getDefaultRatisDirectory(354)) - Storage directory for Ratis is not configured. It is a good idea to map this to an SSD disk. Falling back to ozone.metadata.dirs
2019-10-21 23:46:13,691 [main] INFO  ratis.OzoneManagerRatisServer (OzoneManagerRatisServer.java:<init>(243)) - Instantiating OM Ratis server with GroupID: omServiceIdDefault and Raft Peers: localhost:9872
2019-10-21 23:46:13,717 [main] INFO  impl.RaftServerProxy (ConfUtils.java:logGet(43)) - raft.rpc.type = GRPC (default)
2019-10-21 23:46:13,889 [main] INFO  grpc.GrpcFactory (GrpcFactory.java:checkPooledByteBufAllocatorUseCacheForAllThreads(45)) - PERFORMANCE WARNING: useCacheForAllThreads is true that may cause Netty to create a lot garbage objects and, as a result, trigger GC.
	It is recommended to disable useCacheForAllThreads by setting -Dorg.apache.ratis.thirdparty.io.netty.allocator.useCacheForAllThreads=false in command line.
2019-10-21 23:46:13,895 [main] INFO  grpc.GrpcConfigKeys$Server (ConfUtils.java:logGet(43)) - raft.grpc.server.port = 9872 (custom)
2019-10-21 23:46:13,895 [main] INFO  server.GrpcService (ConfUtils.java:logGet(43)) - raft.grpc.message.size.max = 33554432 (custom)
2019-10-21 23:46:13,897 [main] INFO  server.RaftServerConfigKeys (ConfUtils.java:logGet(43)) - raft.server.log.appender.buffer.byte-limit = 33554432 (custom)
2019-10-21 23:46:13,898 [main] INFO  server.GrpcService (ConfUtils.java:logGet(43)) - raft.grpc.flow.control.window = 1MB (=1048576) (default)
2019-10-21 23:46:13,898 [main] INFO  server.RaftServerConfigKeys (ConfUtils.java:logGet(43)) - raft.server.rpc.request.timeout = 3000ms (default)
2019-10-21 23:46:14,050 [main] INFO  server.RaftServerConfigKeys (ConfUtils.java:logGet(43)) - raft.server.storage.dir = [/workdir/hadoop-ozone/integration-test/target/test-dir/MiniOzoneClusterImpl-03ba4f64-2230-4ee7-8bd6-fbf0e67d2e92/ozone-meta/ratis] (custom)
2019-10-21 23:46:14,056 [main] INFO  impl.RaftServerProxy (RaftServerProxy.java:addNew(89)) - bec467f1-09c7-475f-bd1f-e2d86a0fe6c4: addNew group-C5BA1605619E:[bec467f1-09c7-475f-bd1f-e2d86a0fe6c4:localhost:9872] returns group-C5BA1605619E:java.util.concurrent.CompletableFuture@299270eb[Not completed]
2019-10-21 23:46:14,058 [main] INFO  om.OzoneManager (OzoneManager.java:initializeRatisServer(1220)) - OzoneManager Ratis server initialized at port 9872
2019-10-21 23:46:14,060 [main] WARN  scm.HddsServerUtil (HddsServerUtil.java:getDefaultRatisDirectory(354)) - Storage directory for Ratis is not configured. It is a good idea to map this to an SSD disk. Falling back to ozone.metadata.dirs
2019-10-21 23:46:14,061 [main] WARN  scm.HddsServerUtil (HddsServerUtil.java:getDefaultRatisDirectory(354)) - Storage directory for Ratis is not configured. It is a good idea to map this to an SSD disk. Falling back to ozone.metadata.dirs
2019-10-21 23:46:14,072 [pool-22-thread-1] INFO  impl.RaftServerImpl (RaftServerImpl.java:<init>(104)) - bec467f1-09c7-475f-bd1f-e2d86a0fe6c4: new RaftServerImpl for group-C5BA1605619E:[bec467f1-09c7-475f-bd1f-e2d86a0fe6c4:localhost:9872] with OzoneManagerStateMachine:uninitialized
2019-10-21 23:46:14,074 [pool-22-thread-1] INFO  server.RaftServerConfigKeys (ConfUtils.java:logGet(43)) - raft.server.rpc.timeout.min = 1s (custom)
2019-10-21 23:46:14,075 [pool-22-thread-1] INFO  server.RaftServerConfigKeys (ConfUtils.java:logGet(43)) - raft.server.rpc.timeout.max = 1200ms (custom)
2019-10-21 23:46:14,075 [pool-22-thread-1] INFO  server.RaftServerConfigKeys (ConfUtils.java:logGet(43)) - raft.server.rpcslowness.timeout = 120s (custom)
2019-10-21 23:46:14,075 [main] INFO  ipc.CallQueueManager (CallQueueManager.java:<init>(84)) - Using callQueue: class java.util.concurrent.LinkedBlockingQueue, queueCapacity: 2000, scheduler: class org.apache.hadoop.ipc.DefaultRpcScheduler, ipcBackoff: false.
2019-10-21 23:46:14,076 [pool-22-thread-1] INFO  server.RaftServerConfigKeys (ConfUtils.java:logGet(43)) - raft.server.sleep.deviation.threshold = 300 (default)
2019-10-21 23:46:14,076 [Socket Reader #1 for port 41866] INFO  ipc.Server (Server.java:run(1074)) - Starting Socket Reader #1 for port 41866
2019-10-21 23:46:14,078 [pool-22-thread-1] INFO  server.RaftServerConfigKeys (ConfUtils.java:logGet(43)) - raft.server.log.appender.install.snapshot.enabled = false (custom)
2019-10-21 23:46:14,089 [pool-22-thread-1] INFO  impl.RaftServerImpl (ServerState.java:<init>(103)) - bec467f1-09c7-475f-bd1f-e2d86a0fe6c4@group-C5BA1605619E: ConfigurationManager, init=-1: [bec467f1-09c7-475f-bd1f-e2d86a0fe6c4:localhost:9872], old=null, confs=<EMPTY_MAP>
2019-10-21 23:46:14,090 [pool-22-thread-1] INFO  server.RaftServerConfigKeys (ConfUtils.java:logGet(43)) - raft.server.storage.dir = [/workdir/hadoop-ozone/integration-test/target/test-dir/MiniOzoneClusterImpl-03ba4f64-2230-4ee7-8bd6-fbf0e67d2e92/ozone-meta/ratis] (custom)
2019-10-21 23:46:14,097 [main] INFO  om.OzoneManager (OzoneManager.java:start(1074)) - OzoneManager RPC server is listening at localhost/127.0.0.1:41866
2019-10-21 23:46:14,099 [main] INFO  impl.MetricsSystemImpl (MetricsSystemImpl.java:init(158)) - OzoneManager metrics system started (again)
2019-10-21 23:46:14,099 [main] INFO  ratis.OzoneManagerRatisServer (OzoneManagerRatisServer.java:start(333)) - Starting OzoneManagerRatisServer bec467f1-09c7-475f-bd1f-e2d86a0fe6c4 at port 9872
2019-10-21 23:46:14,105 [pool-22-thread-1] INFO  server.RaftServerConfigKeys (ConfUtils.java:logGet(43)) - raft.server.log.corruption.policy = EXCEPTION (default)
2019-10-21 23:46:14,108 [pool-22-thread-1] INFO  storage.RaftStorageDirectory (RaftStorageDirectory.java:analyzeStorage(246)) - The storage directory /workdir/hadoop-ozone/integration-test/target/test-dir/MiniOzoneClusterImpl-03ba4f64-2230-4ee7-8bd6-fbf0e67d2e92/ozone-meta/ratis/bf265839-605b-3f16-9796-c5ba1605619e does not exist. Creating ...
2019-10-21 23:46:14,128 [pool-22-thread-1] INFO  storage.RaftStorageDirectory (RaftStorageDirectory.java:tryLock(328)) - Lock on /workdir/hadoop-ozone/integration-test/target/test-dir/MiniOzoneClusterImpl-03ba4f64-2230-4ee7-8bd6-fbf0e67d2e92/ozone-meta/ratis/bf265839-605b-3f16-9796-c5ba1605619e/in_use.lock acquired by nodename 18489@pr-hdds-2343-5q8j9-3338874002
2019-10-21 23:46:14,145 [pool-22-thread-1] INFO  storage.RaftStorage (RaftStorage.java:format(84)) - Storage directory /workdir/hadoop-ozone/integration-test/target/test-dir/MiniOzoneClusterImpl-03ba4f64-2230-4ee7-8bd6-fbf0e67d2e92/ozone-meta/ratis/bf265839-605b-3f16-9796-c5ba1605619e has been successfully formatted.
2019-10-21 23:46:14,151 [pool-22-thread-1] INFO  server.RaftServerConfigKeys (ConfUtils.java:logGet(43)) - raft.server.notification.no-leader.timeout = 120s (custom)
2019-10-21 23:46:14,155 [pool-22-thread-1] INFO  server.RaftServerConfigKeys (ConfUtils.java:logGet(43)) - raft.server.log.use.memory = false (default)
2019-10-21 23:46:14,162 [pool-22-thread-1] INFO  server.RaftServerConfigKeys (ConfUtils.java:logGet(43)) - raft.server.log.purge.gap = 1000000 (custom)
2019-10-21 23:46:14,163 [pool-22-thread-1] INFO  server.RaftServerConfigKeys (ConfUtils.java:logGet(43)) - raft.server.log.appender.buffer.byte-limit = 33554432 (custom)
2019-10-21 23:46:14,166 [pool-22-thread-1] INFO  server.RaftServerConfigKeys (ConfUtils.java:logGet(43)) - raft.server.log.segment.size.max = 16384 (custom)
2019-10-21 23:46:14,168 [pool-22-thread-1] INFO  impl.MetricsSystemImpl (MetricsSystemImpl.java:init(158)) - ratis metrics system started (again)
2019-10-21 23:46:14,172 [pool-22-thread-1] INFO  metrics.MetricRegistries (MetricRegistriesLoader.java:load(64)) - Loaded MetricRegistries class org.apache.ratis.metrics.impl.MetricRegistriesImpl
2019-10-21 23:46:14,205 [pool-22-thread-1] INFO  server.RaftServerConfigKeys (ConfUtils.java:logGet(43)) - raft.server.log.segment.cache.num.max = 2 (custom)
2019-10-21 23:46:14,211 [pool-22-thread-1] INFO  segmented.SegmentedRaftLogWorker (SegmentedRaftLogWorker.java:<init>(173)) - new bec467f1-09c7-475f-bd1f-e2d86a0fe6c4@group-C5BA1605619E-SegmentedRaftLogWorker for RaftStorage:Storage Directory /workdir/hadoop-ozone/integration-test/target/test-dir/MiniOzoneClusterImpl-03ba4f64-2230-4ee7-8bd6-fbf0e67d2e92/ozone-meta/ratis/bf265839-605b-3f16-9796-c5ba1605619e
2019-10-21 23:46:14,211 [pool-22-thread-1] INFO  server.RaftServerConfigKeys (ConfUtils.java:logGet(43)) - raft.server.log.queue.byte-limit = 64MB (=67108864) (default)
2019-10-21 23:46:14,212 [pool-22-thread-1] INFO  server.RaftServerConfigKeys (ConfUtils.java:logGet(43)) - raft.server.log.queue.element-limit = 4096 (default)
2019-10-21 23:46:14,213 [pool-22-thread-1] INFO  server.RaftServerConfigKeys (ConfUtils.java:logGet(43)) - raft.server.log.segment.size.max = 16384 (custom)
2019-10-21 23:46:14,213 [pool-22-thread-1] INFO  server.RaftServerConfigKeys (ConfUtils.java:logGet(43)) - raft.server.log.preallocated.size = 16384 (custom)
2019-10-21 23:46:14,214 [pool-22-thread-1] INFO  server.RaftServerConfigKeys (ConfUtils.java:logGet(43)) - raft.server.log.write.buffer.size = 64KB (=65536) (default)
2019-10-21 23:46:14,214 [pool-22-thread-1] INFO  server.RaftServerConfigKeys (ConfUtils.java:logGet(43)) - raft.server.log.force.sync.num = 128 (default)
2019-10-21 23:46:14,215 [pool-22-thread-1] INFO  server.RaftServerConfigKeys (ConfUtils.java:logGet(43)) - raft.server.log.statemachine.data.sync = true (default)
2019-10-21 23:46:14,216 [pool-22-thread-1] INFO  server.RaftServerConfigKeys (ConfUtils.java:logGet(43)) - raft.server.log.statemachine.data.sync.timeout = 10s (default)
2019-10-21 23:46:14,216 [pool-22-thread-1] INFO  server.RaftServerConfigKeys (ConfUtils.java:logGet(43)) - raft.server.log.statemachine.data.sync.timeout.retry = -1 (default)
2019-10-21 23:46:14,229 [pool-22-thread-1] INFO  server.RaftServerConfigKeys (ConfUtils.java:logGet(43)) - raft.server.log.statemachine.data.caching.enabled = false (default)
2019-10-21 23:46:14,236 [pool-22-thread-1] INFO  segmented.SegmentedRaftLogWorker (SegmentedRaftLogWorker.java:lambda$new$0(128)) - bec467f1-09c7-475f-bd1f-e2d86a0fe6c4@group-C5BA1605619E-SegmentedRaftLogWorker: flushIndex: setUnconditionally 0 -> -1
2019-10-21 23:46:14,243 [pool-22-thread-1] INFO  server.RaftServerConfigKeys (ConfUtils.java:logGet(43)) - raft.server.snapshot.auto.trigger.enabled = true (custom)
2019-10-21 23:46:14,244 [pool-22-thread-1] INFO  server.RaftServerConfigKeys (ConfUtils.java:logGet(43)) - raft.server.snapshot.auto.trigger.threshold = 400000 (default)
2019-10-21 23:46:14,245 [pool-22-thread-1] INFO  server.RaftServerConfigKeys (ConfUtils.java:logGet(43)) - raft.server.snapshot.retention.file.num = -1 (default)
2019-10-21 23:46:14,246 [pool-22-thread-1] INFO  server.RaftServerConfigKeys (ConfUtils.java:logGet(43)) - raft.server.retrycache.expirytime = 600000ms (custom)
2019-10-21 23:46:14,286 [main] INFO  impl.RaftServerImpl (RaftServerImpl.java:start(195)) - bec467f1-09c7-475f-bd1f-e2d86a0fe6c4@group-C5BA1605619E: start as a follower, conf=-1: [bec467f1-09c7-475f-bd1f-e2d86a0fe6c4:localhost:9872], old=null
2019-10-21 23:46:14,288 [main] INFO  impl.RaftServerImpl (RaftServerImpl.java:setRole(184)) - bec467f1-09c7-475f-bd1f-e2d86a0fe6c4@group-C5BA1605619E: changes role from      null to FOLLOWER at term 0 for startAsFollower
2019-10-21 23:46:14,290 [main] INFO  impl.RoleInfo (RoleInfo.java:updateAndGet(143)) - bec467f1-09c7-475f-bd1f-e2d86a0fe6c4: start FollowerState
2019-10-21 23:46:14,292 [main] INFO  util.JmxRegister (JmxRegister.java:tryRegister(44)) - Successfully registered JMX Bean with object name Ratis:service=RaftServer,group=group-C5BA1605619E,id=bec467f1-09c7-475f-bd1f-e2d86a0fe6c4
2019-10-21 23:46:14,310 [main] INFO  impl.RaftServerProxy (RaftServerProxy.java:lambda$start$3(299)) - bec467f1-09c7-475f-bd1f-e2d86a0fe6c4: start RPC server
2019-10-21 23:46:14,350 [Thread-93] INFO  impl.FollowerState (FollowerState.java:run(108)) - bec467f1-09c7-475f-bd1f-e2d86a0fe6c4@group-C5BA1605619E-FollowerState: change to CANDIDATE, lastRpcTime:61ms, electionTimeout:60ms
2019-10-21 23:46:14,353 [Thread-93] INFO  impl.RoleInfo (RoleInfo.java:shutdownFollowerState(121)) - bec467f1-09c7-475f-bd1f-e2d86a0fe6c4: shutdown FollowerState
2019-10-21 23:46:14,354 [Thread-93] INFO  impl.RaftServerImpl (RaftServerImpl.java:setRole(184)) - bec467f1-09c7-475f-bd1f-e2d86a0fe6c4@group-C5BA1605619E: changes role from  FOLLOWER to CANDIDATE at term 0 for changeToCandidate
2019-10-21 23:46:14,356 [Thread-93] INFO  impl.RoleInfo (RoleInfo.java:updateAndGet(143)) - bec467f1-09c7-475f-bd1f-e2d86a0fe6c4: start LeaderElection
2019-10-21 23:46:14,370 [bec467f1-09c7-475f-bd1f-e2d86a0fe6c4@group-C5BA1605619E-LeaderElection1] INFO  impl.LeaderElection (LeaderElection.java:askForVotes(178)) - bec467f1-09c7-475f-bd1f-e2d86a0fe6c4@group-C5BA1605619E-LeaderElection1: begin an election at term 1 for -1: [bec467f1-09c7-475f-bd1f-e2d86a0fe6c4:localhost:9872], old=null
2019-10-21 23:46:14,372 [bec467f1-09c7-475f-bd1f-e2d86a0fe6c4@group-C5BA1605619E-LeaderElection1] INFO  impl.RoleInfo (RoleInfo.java:shutdownLeaderElection(134)) - bec467f1-09c7-475f-bd1f-e2d86a0fe6c4: shutdown LeaderElection
2019-10-21 23:46:14,372 [bec467f1-09c7-475f-bd1f-e2d86a0fe6c4@group-C5BA1605619E-LeaderElection1] INFO  impl.RaftServerImpl (RaftServerImpl.java:setRole(184)) - bec467f1-09c7-475f-bd1f-e2d86a0fe6c4@group-C5BA1605619E: changes role from CANDIDATE to LEADER at term 1 for changeToLeader
2019-10-21 23:46:14,373 [bec467f1-09c7-475f-bd1f-e2d86a0fe6c4@group-C5BA1605619E-LeaderElection1] INFO  impl.RaftServerImpl (ServerState.java:setLeader(256)) - bec467f1-09c7-475f-bd1f-e2d86a0fe6c4@group-C5BA1605619E: change Leader from null to bec467f1-09c7-475f-bd1f-e2d86a0fe6c4 at term 1 for becomeLeader, leader elected after 222ms
2019-10-21 23:46:14,377 [bec467f1-09c7-475f-bd1f-e2d86a0fe6c4@group-C5BA1605619E-LeaderElection1] INFO  server.RaftServerConfigKeys (ConfUtils.java:logGet(43)) - raft.server.staging.catchup.gap = 1000 (default)
2019-10-21 23:46:14,377 [bec467f1-09c7-475f-bd1f-e2d86a0fe6c4@group-C5BA1605619E-LeaderElection1] INFO  server.RaftServerConfigKeys (ConfUtils.java:logGet(43)) - raft.server.rpc.sleep.time = 25ms (default)
2019-10-21 23:46:14,380 [bec467f1-09c7-475f-bd1f-e2d86a0fe6c4@group-C5BA1605619E-LeaderElection1] INFO  server.RaftServerConfigKeys (ConfUtils.java:logGet(43)) - raft.server.write.element-limit = 4096 (default)
2019-10-21 23:46:14,385 [bec467f1-09c7-475f-bd1f-e2d86a0fe6c4@group-C5BA1605619E-LeaderElection1] INFO  server.RaftServerConfigKeys (ConfUtils.java:logGet(43)) - raft.server.watch.timeout = 10s (default)
2019-10-21 23:46:14,385 [bec467f1-09c7-475f-bd1f-e2d86a0fe6c4@group-C5BA1605619E-LeaderElection1] INFO  server.RaftServerConfigKeys (ConfUtils.java:logGet(43)) - raft.server.watch.timeout.denomination = 1s (default)
2019-10-21 23:46:14,386 [bec467f1-09c7-475f-bd1f-e2d86a0fe6c4@group-C5BA1605619E-LeaderElection1] INFO  server.RaftServerConfigKeys (ConfUtils.java:logGet(43)) - raft.server.watch.element-limit = 65536 (default)
2019-10-21 23:46:14,403 [bec467f1-09c7-475f-bd1f-e2d86a0fe6c4@group-C5BA1605619E-LeaderElection1] INFO  impl.RoleInfo (RoleInfo.java:updateAndGet(143)) - bec467f1-09c7-475f-bd1f-e2d86a0fe6c4: start LeaderState
2019-10-21 23:46:14,419 [main] INFO  server.GrpcService (GrpcService.java:startImpl(158)) - bec467f1-09c7-475f-bd1f-e2d86a0fe6c4: GrpcService started, listening on 0.0.0.0/0.0.0.0:9872
2019-10-21 23:46:14,429 [bec467f1-09c7-475f-bd1f-e2d86a0fe6c4@group-C5BA1605619E-LeaderElection1] INFO  segmented.SegmentedRaftLogWorker (SegmentedRaftLogWorker.java:startLogSegment(385)) - bec467f1-09c7-475f-bd1f-e2d86a0fe6c4@group-C5BA1605619E-SegmentedRaftLogWorker: Starting segment from index:0
2019-10-21 23:46:14,431 [IPC Server Responder] INFO  ipc.Server (Server.java:run(1314)) - IPC Server Responder: starting
2019-10-21 23:46:14,431 [IPC Server listener on 41866] INFO  ipc.Server (Server.java:run(1153)) - IPC Server listener on 41866: starting
2019-10-21 23:46:14,441 [main] INFO  hdfs.DFSUtil (DFSUtil.java:httpServerTemplateForNNAndJN(1641)) - Starting Web-server for ozoneManager at: http://0.0.0.0:0
2019-10-21 23:46:14,442 [main] INFO  server.AuthenticationFilter (AuthenticationFilter.java:constructSecretProvider(240)) - Unable to initialize FileSignerSecretProvider, falling back to use random secrets.
2019-10-21 23:46:14,443 [main] WARN  http.HttpRequestLog (HttpRequestLog.java:getRequestLog(97)) - Jetty request log can only be enabled using Log4j
2019-10-21 23:46:14,445 [main] INFO  http.HttpServer2 (HttpServer2.java:addGlobalFilter(975)) - Added global filter 'safety' (class=org.apache.hadoop.http.HttpServer2$QuotingInputFilter)
2019-10-21 23:46:14,446 [main] INFO  http.HttpServer2 (HttpServer2.java:addFilter(948)) - Added filter static_user_filter (class=org.apache.hadoop.http.lib.StaticUserWebFilter$StaticUserFilter) to context ozoneManager
2019-10-21 23:46:14,446 [main] INFO  http.HttpServer2 (HttpServer2.java:addFilter(958)) - Added filter static_user_filter (class=org.apache.hadoop.http.lib.StaticUserWebFilter$StaticUserFilter) to context logs
2019-10-21 23:46:14,446 [main] INFO  http.HttpServer2 (HttpServer2.java:addFilter(958)) - Added filter static_user_filter (class=org.apache.hadoop.http.lib.StaticUserWebFilter$StaticUserFilter) to context static
2019-10-21 23:46:14,448 [main] INFO  http.HttpServer2 (HttpServer2.java:bindListener(1191)) - Jetty bound to port 42586
2019-10-21 23:46:14,448 [main] INFO  server.Server (Server.java:doStart(351)) - jetty-9.3.25.v20180904, build timestamp: 2018-09-04T21:11:46Z, git hash: 3ce520221d0240229c862b122d2b06c12a625732
2019-10-21 23:46:14,451 [bec467f1-09c7-475f-bd1f-e2d86a0fe6c4@group-C5BA1605619E-LeaderElection1] INFO  impl.RaftServerImpl (ServerState.java:setRaftConf(357)) - bec467f1-09c7-475f-bd1f-e2d86a0fe6c4@group-C5BA1605619E: set configuration 0: [bec467f1-09c7-475f-bd1f-e2d86a0fe6c4:localhost:9872], old=null at 0
2019-10-21 23:46:14,453 [main] INFO  handler.ContextHandler (ContextHandler.java:doStart(781)) - Started o.e.j.s.ServletContextHandler@7fcf294e{/logs,file:///workdir/hadoop-ozone/integration-test/target/log,AVAILABLE}
2019-10-21 23:46:14,454 [main] INFO  handler.ContextHandler (ContextHandler.java:doStart(781)) - Started o.e.j.s.ServletContextHandler@65f2f9b0{/static,file:///workdir/hadoop-ozone/integration-test/target/test-classes/webapps/static,AVAILABLE}
2019-10-21 23:46:14,460 [main] INFO  handler.ContextHandler (ContextHandler.java:doStart(781)) - Started o.e.j.w.WebAppContext@216914{/,file:///workdir/hadoop-ozone/integration-test/target/test-classes/webapps/ozoneManager/,AVAILABLE}{/ozoneManager}
2019-10-21 23:46:14,464 [main] INFO  server.AbstractConnector (AbstractConnector.java:doStart(278)) - Started ServerConnector@6ba30587{HTTP/1.1,[http/1.1]}{0.0.0.0:42586}
2019-10-21 23:46:14,465 [main] INFO  server.Server (Server.java:doStart(419)) - Started @4764ms
2019-10-21 23:46:14,466 [main] WARN  impl.MetricsSystemImpl (MetricsSystemImpl.java:register(276)) - Sink prometheus already exists!
2019-10-21 23:46:14,468 [main] INFO  server.BaseHttpServer (BaseHttpServer.java:updateConnectorAddress(215)) - HTTP server of OZONEMANAGER is listening at http://0.0.0.0:42586
2019-10-21 23:46:14,588 [bec467f1-09c7-475f-bd1f-e2d86a0fe6c4@group-C5BA1605619E-SegmentedRaftLogWorker] INFO  segmented.SegmentedRaftLogWorker (SegmentedRaftLogWorker.java:execute(576)) - bec467f1-09c7-475f-bd1f-e2d86a0fe6c4@group-C5BA1605619E-SegmentedRaftLogWorker: created new log segment /workdir/hadoop-ozone/integration-test/target/test-dir/MiniOzoneClusterImpl-03ba4f64-2230-4ee7-8bd6-fbf0e67d2e92/ozone-meta/ratis/bf265839-605b-3f16-9796-c5ba1605619e/current/log_inprogress_0
2019-10-21 23:46:14,618 [main] INFO  impl.MetricsSystemImpl (MetricsSystemImpl.java:init(158)) - HddsDatanode metrics system started (again)
2019-10-21 23:46:14,663 [main] INFO  ozone.HddsDatanodeService (HddsDatanodeService.java:start(184)) - HddsDatanodeService host:pr-hdds-2343-5q8j9-3338874002 ip:192.168.157.254
2019-10-21 23:46:14,693 [main] INFO  volume.HddsVolume (HddsVolume.java:<init>(176)) - Creating Volume: /workdir/hadoop-ozone/integration-test/target/test-dir/MiniOzoneClusterImpl-03ba4f64-2230-4ee7-8bd6-fbf0e67d2e92/datanode-0/data/containers/hdds of  storage type : DISK and capacity : 1482555576320
2019-10-21 23:46:14,695 [main] INFO  volume.VolumeSet (VolumeSet.java:initializeVolumeSet(170)) - Added Volume : /workdir/hadoop-ozone/integration-test/target/test-dir/MiniOzoneClusterImpl-03ba4f64-2230-4ee7-8bd6-fbf0e67d2e92/datanode-0/data/containers/hdds to VolumeSet
2019-10-21 23:46:14,698 [main] INFO  volume.ThrottledAsyncChecker (ThrottledAsyncChecker.java:schedule(141)) - Scheduling a check for /workdir/hadoop-ozone/integration-test/target/test-dir/MiniOzoneClusterImpl-03ba4f64-2230-4ee7-8bd6-fbf0e67d2e92/datanode-0/data/containers/hdds
2019-10-21 23:46:14,717 [main] INFO  volume.HddsVolumeChecker (HddsVolumeChecker.java:checkAllVolumes(204)) - Scheduled health check for volume /workdir/hadoop-ozone/integration-test/target/test-dir/MiniOzoneClusterImpl-03ba4f64-2230-4ee7-8bd6-fbf0e67d2e92/datanode-0/data/containers/hdds
2019-10-21 23:46:14,777 [main] INFO  impl.RaftServerProxy (ConfUtils.java:logGet(43)) - raft.rpc.type = GRPC (default)
2019-10-21 23:46:14,777 [main] INFO  grpc.GrpcFactory (GrpcFactory.java:checkPooledByteBufAllocatorUseCacheForAllThreads(45)) - PERFORMANCE WARNING: useCacheForAllThreads is true that may cause Netty to create a lot garbage objects and, as a result, trigger GC.
	It is recommended to disable useCacheForAllThreads by setting -Dorg.apache.ratis.thirdparty.io.netty.allocator.useCacheForAllThreads=false in command line.
2019-10-21 23:46:14,777 [main] INFO  grpc.GrpcConfigKeys$Server (ConfUtils.java:logGet(43)) - raft.grpc.server.port = 0 (default)
2019-10-21 23:46:14,778 [main] INFO  server.GrpcService (ConfUtils.java:logGet(43)) - raft.grpc.message.size.max = 33570816 (custom)
2019-10-21 23:46:14,778 [main] INFO  server.RaftServerConfigKeys (ConfUtils.java:logGet(43)) - raft.server.log.appender.buffer.byte-limit = 33554432 (custom)
2019-10-21 23:46:14,778 [main] INFO  server.GrpcService (ConfUtils.java:logGet(43)) - raft.grpc.flow.control.window = 1MB (=1048576) (default)
2019-10-21 23:46:14,778 [main] INFO  server.RaftServerConfigKeys (ConfUtils.java:logGet(43)) - raft.server.rpc.request.timeout = 3000ms (default)
2019-10-21 23:46:14,780 [main] INFO  server.RaftServerConfigKeys (ConfUtils.java:logGet(43)) - raft.server.storage.dir = [/workdir/hadoop-ozone/integration-test/target/test-dir/MiniOzoneClusterImpl-03ba4f64-2230-4ee7-8bd6-fbf0e67d2e92/datanode-0/data/ratis] (custom)
2019-10-21 23:46:14,834 [main] INFO  hdfs.DFSUtil (DFSUtil.java:httpServerTemplateForNNAndJN(1641)) - Starting Web-server for hddsDatanode at: http://0.0.0.0:0
2019-10-21 23:46:14,836 [main] INFO  server.AuthenticationFilter (AuthenticationFilter.java:constructSecretProvider(240)) - Unable to initialize FileSignerSecretProvider, falling back to use random secrets.
2019-10-21 23:46:14,836 [main] WARN  http.HttpRequestLog (HttpRequestLog.java:getRequestLog(97)) - Jetty request log can only be enabled using Log4j
2019-10-21 23:46:14,838 [main] INFO  http.HttpServer2 (HttpServer2.java:addGlobalFilter(975)) - Added global filter 'safety' (class=org.apache.hadoop.http.HttpServer2$QuotingInputFilter)
2019-10-21 23:46:14,839 [main] INFO  http.HttpServer2 (HttpServer2.java:addFilter(948)) - Added filter static_user_filter (class=org.apache.hadoop.http.lib.StaticUserWebFilter$StaticUserFilter) to context hddsDatanode
2019-10-21 23:46:14,839 [main] INFO  http.HttpServer2 (HttpServer2.java:addFilter(958)) - Added filter static_user_filter (class=org.apache.hadoop.http.lib.StaticUserWebFilter$StaticUserFilter) to context logs
2019-10-21 23:46:14,839 [main] INFO  http.HttpServer2 (HttpServer2.java:addFilter(958)) - Added filter static_user_filter (class=org.apache.hadoop.http.lib.StaticUserWebFilter$StaticUserFilter) to context static
2019-10-21 23:46:14,840 [main] INFO  http.HttpServer2 (HttpServer2.java:bindListener(1191)) - Jetty bound to port 41643
2019-10-21 23:46:14,840 [main] INFO  server.Server (Server.java:doStart(351)) - jetty-9.3.25.v20180904, build timestamp: 2018-09-04T21:11:46Z, git hash: 3ce520221d0240229c862b122d2b06c12a625732
2019-10-21 23:46:14,843 [main] INFO  handler.ContextHandler (ContextHandler.java:doStart(781)) - Started o.e.j.s.ServletContextHandler@623ebac7{/logs,file:///workdir/hadoop-ozone/integration-test/target/log,AVAILABLE}
2019-10-21 23:46:14,843 [main] INFO  handler.ContextHandler (ContextHandler.java:doStart(781)) - Started o.e.j.s.ServletContextHandler@1ab5f08a{/static,jar:file:/home/user/.m2/repository/org/apache/hadoop/hadoop-hdds-container-service/0.5.0-SNAPSHOT/hadoop-hdds-container-service-0.5.0-SNAPSHOT.jar!/webapps/static,AVAILABLE}
2019-10-21 23:46:14,877 [main] INFO  handler.ContextHandler (ContextHandler.java:doStart(781)) - Started o.e.j.w.WebAppContext@5a08efdc{/,file:///tmp/jetty-0.0.0.0-41643-hddsDatanode-_-any-2767592238630677879.dir/webapp/,AVAILABLE}{/hddsDatanode}
2019-10-21 23:46:14,878 [main] INFO  server.AbstractConnector (AbstractConnector.java:doStart(278)) - Started ServerConnector@57272109{HTTP/1.1,[http/1.1]}{0.0.0.0:41643}
2019-10-21 23:46:14,878 [main] INFO  server.Server (Server.java:doStart(419)) - Started @5177ms
2019-10-21 23:46:14,879 [main] WARN  impl.MetricsSystemImpl (MetricsSystemImpl.java:register(276)) - Sink prometheus already exists!
2019-10-21 23:46:14,880 [main] INFO  server.BaseHttpServer (BaseHttpServer.java:updateConnectorAddress(215)) - HTTP server of HDDSDATANODE is listening at http://0.0.0.0:41643
2019-10-21 23:46:14,882 [main] INFO  impl.MetricsSystemImpl (MetricsSystemImpl.java:init(158)) - HddsDatanode metrics system started (again)
2019-10-21 23:46:14,884 [main] INFO  ozone.HddsDatanodeService (HddsDatanodeService.java:start(184)) - HddsDatanodeService host:pr-hdds-2343-5q8j9-3338874002 ip:192.168.157.254
2019-10-21 23:46:14,886 [org.apache.hadoop.util.JvmPauseMonitor$Monitor@2523f6d] INFO  util.JvmPauseMonitor (JvmPauseMonitor.java:run(188)) - Starting JVM pause monitor
2019-10-21 23:46:14,893 [main] INFO  volume.HddsVolume (HddsVolume.java:<init>(176)) - Creating Volume: /workdir/hadoop-ozone/integration-test/target/test-dir/MiniOzoneClusterImpl-03ba4f64-2230-4ee7-8bd6-fbf0e67d2e92/datanode-1/data/containers/hdds of  storage type : DISK and capacity : 1482555576320
2019-10-21 23:46:14,893 [main] INFO  volume.VolumeSet (VolumeSet.java:initializeVolumeSet(170)) - Added Volume : /workdir/hadoop-ozone/integration-test/target/test-dir/MiniOzoneClusterImpl-03ba4f64-2230-4ee7-8bd6-fbf0e67d2e92/datanode-1/data/containers/hdds to VolumeSet
2019-10-21 23:46:14,893 [main] INFO  volume.ThrottledAsyncChecker (ThrottledAsyncChecker.java:schedule(141)) - Scheduling a check for /workdir/hadoop-ozone/integration-test/target/test-dir/MiniOzoneClusterImpl-03ba4f64-2230-4ee7-8bd6-fbf0e67d2e92/datanode-1/data/containers/hdds
2019-10-21 23:46:14,894 [main] INFO  volume.HddsVolumeChecker (HddsVolumeChecker.java:checkAllVolumes(204)) - Scheduled health check for volume /workdir/hadoop-ozone/integration-test/target/test-dir/MiniOzoneClusterImpl-03ba4f64-2230-4ee7-8bd6-fbf0e67d2e92/datanode-1/data/containers/hdds
2019-10-21 23:46:14,911 [main] INFO  impl.RaftServerProxy (ConfUtils.java:logGet(43)) - raft.rpc.type = GRPC (default)
2019-10-21 23:46:14,911 [main] INFO  grpc.GrpcFactory (GrpcFactory.java:checkPooledByteBufAllocatorUseCacheForAllThreads(45)) - PERFORMANCE WARNING: useCacheForAllThreads is true that may cause Netty to create a lot garbage objects and, as a result, trigger GC.
	It is recommended to disable useCacheForAllThreads by setting -Dorg.apache.ratis.thirdparty.io.netty.allocator.useCacheForAllThreads=false in command line.
2019-10-21 23:46:14,911 [main] INFO  grpc.GrpcConfigKeys$Server (ConfUtils.java:logGet(43)) - raft.grpc.server.port = 0 (default)
2019-10-21 23:46:14,912 [main] INFO  server.GrpcService (ConfUtils.java:logGet(43)) - raft.grpc.message.size.max = 33570816 (custom)
2019-10-21 23:46:14,912 [main] INFO  server.RaftServerConfigKeys (ConfUtils.java:logGet(43)) - raft.server.log.appender.buffer.byte-limit = 33554432 (custom)
2019-10-21 23:46:14,912 [main] INFO  server.GrpcService (ConfUtils.java:logGet(43)) - raft.grpc.flow.control.window = 1MB (=1048576) (default)
2019-10-21 23:46:14,912 [main] INFO  server.RaftServerConfigKeys (ConfUtils.java:logGet(43)) - raft.server.rpc.request.timeout = 3000ms (default)
2019-10-21 23:46:14,913 [main] INFO  server.RaftServerConfigKeys (ConfUtils.java:logGet(43)) - raft.server.storage.dir = [/workdir/hadoop-ozone/integration-test/target/test-dir/MiniOzoneClusterImpl-03ba4f64-2230-4ee7-8bd6-fbf0e67d2e92/datanode-1/data/ratis] (custom)
2019-10-21 23:46:14,915 [main] INFO  hdfs.DFSUtil (DFSUtil.java:httpServerTemplateForNNAndJN(1641)) - Starting Web-server for hddsDatanode at: http://0.0.0.0:0
2019-10-21 23:46:14,917 [main] INFO  server.AuthenticationFilter (AuthenticationFilter.java:constructSecretProvider(240)) - Unable to initialize FileSignerSecretProvider, falling back to use random secrets.
2019-10-21 23:46:14,917 [main] WARN  http.HttpRequestLog (HttpRequestLog.java:getRequestLog(97)) - Jetty request log can only be enabled using Log4j
2019-10-21 23:46:14,919 [main] INFO  http.HttpServer2 (HttpServer2.java:addGlobalFilter(975)) - Added global filter 'safety' (class=org.apache.hadoop.http.HttpServer2$QuotingInputFilter)
2019-10-21 23:46:14,920 [main] INFO  http.HttpServer2 (HttpServer2.java:addFilter(948)) - Added filter static_user_filter (class=org.apache.hadoop.http.lib.StaticUserWebFilter$StaticUserFilter) to context hddsDatanode
2019-10-21 23:46:14,920 [main] INFO  http.HttpServer2 (HttpServer2.java:addFilter(958)) - Added filter static_user_filter (class=org.apache.hadoop.http.lib.StaticUserWebFilter$StaticUserFilter) to context logs
2019-10-21 23:46:14,920 [main] INFO  http.HttpServer2 (HttpServer2.java:addFilter(958)) - Added filter static_user_filter (class=org.apache.hadoop.http.lib.StaticUserWebFilter$StaticUserFilter) to context static
2019-10-21 23:46:14,921 [main] INFO  http.HttpServer2 (HttpServer2.java:bindListener(1191)) - Jetty bound to port 40735
2019-10-21 23:46:14,921 [main] INFO  server.Server (Server.java:doStart(351)) - jetty-9.3.25.v20180904, build timestamp: 2018-09-04T21:11:46Z, git hash: 3ce520221d0240229c862b122d2b06c12a625732
2019-10-21 23:46:14,925 [main] INFO  handler.ContextHandler (ContextHandler.java:doStart(781)) - Started o.e.j.s.ServletContextHandler@55d58825{/logs,file:///workdir/hadoop-ozone/integration-test/target/log,AVAILABLE}
2019-10-21 23:46:14,925 [main] INFO  handler.ContextHandler (ContextHandler.java:doStart(781)) - Started o.e.j.s.ServletContextHandler@29a98d9f{/static,jar:file:/home/user/.m2/repository/org/apache/hadoop/hadoop-hdds-container-service/0.5.0-SNAPSHOT/hadoop-hdds-container-service-0.5.0-SNAPSHOT.jar!/webapps/static,AVAILABLE}
2019-10-21 23:46:14,960 [main] INFO  handler.ContextHandler (ContextHandler.java:doStart(781)) - Started o.e.j.w.WebAppContext@70e94ecb{/,file:///tmp/jetty-0.0.0.0-40735-hddsDatanode-_-any-4907039444872954979.dir/webapp/,AVAILABLE}{/hddsDatanode}
2019-10-21 23:46:14,960 [main] INFO  server.AbstractConnector (AbstractConnector.java:doStart(278)) - Started ServerConnector@56cfe111{HTTP/1.1,[http/1.1]}{0.0.0.0:40735}
2019-10-21 23:46:14,961 [main] INFO  server.Server (Server.java:doStart(419)) - Started @5260ms
2019-10-21 23:46:14,962 [main] WARN  impl.MetricsSystemImpl (MetricsSystemImpl.java:register(276)) - Sink prometheus already exists!
2019-10-21 23:46:14,963 [main] INFO  server.BaseHttpServer (BaseHttpServer.java:updateConnectorAddress(215)) - HTTP server of HDDSDATANODE is listening at http://0.0.0.0:40735
2019-10-21 23:46:14,964 [main] INFO  impl.MetricsSystemImpl (MetricsSystemImpl.java:init(158)) - HddsDatanode metrics system started (again)
2019-10-21 23:46:14,966 [main] INFO  ozone.HddsDatanodeService (HddsDatanodeService.java:start(184)) - HddsDatanodeService host:pr-hdds-2343-5q8j9-3338874002 ip:192.168.157.254
2019-10-21 23:46:14,967 [org.apache.hadoop.util.JvmPauseMonitor$Monitor@48d22760] INFO  util.JvmPauseMonitor (JvmPauseMonitor.java:run(188)) - Starting JVM pause monitor
2019-10-21 23:46:14,976 [main] INFO  volume.HddsVolume (HddsVolume.java:<init>(176)) - Creating Volume: /workdir/hadoop-ozone/integration-test/target/test-dir/MiniOzoneClusterImpl-03ba4f64-2230-4ee7-8bd6-fbf0e67d2e92/datanode-2/data/containers/hdds of  storage type : DISK and capacity : 1482555576320
2019-10-21 23:46:14,977 [main] INFO  volume.VolumeSet (VolumeSet.java:initializeVolumeSet(170)) - Added Volume : /workdir/hadoop-ozone/integration-test/target/test-dir/MiniOzoneClusterImpl-03ba4f64-2230-4ee7-8bd6-fbf0e67d2e92/datanode-2/data/containers/hdds to VolumeSet
2019-10-21 23:46:14,977 [main] INFO  volume.ThrottledAsyncChecker (ThrottledAsyncChecker.java:schedule(141)) - Scheduling a check for /workdir/hadoop-ozone/integration-test/target/test-dir/MiniOzoneClusterImpl-03ba4f64-2230-4ee7-8bd6-fbf0e67d2e92/datanode-2/data/containers/hdds
2019-10-21 23:46:14,978 [main] INFO  volume.HddsVolumeChecker (HddsVolumeChecker.java:checkAllVolumes(204)) - Scheduled health check for volume /workdir/hadoop-ozone/integration-test/target/test-dir/MiniOzoneClusterImpl-03ba4f64-2230-4ee7-8bd6-fbf0e67d2e92/datanode-2/data/containers/hdds
2019-10-21 23:46:14,989 [Datanode State Machine Thread - 0] INFO  datanode.InitDatanodeState (InitDatanodeState.java:persistContainerDatanodeDetails(140)) - DatanodeDetails is persisted to /workdir/hadoop-ozone/integration-test/target/test-dir/MiniOzoneClusterImpl-03ba4f64-2230-4ee7-8bd6-fbf0e67d2e92/datanode-0/meta/datanode.id
2019-10-21 23:46:14,993 [Datanode State Machine Thread - 0] INFO  datanode.InitDatanodeState (InitDatanodeState.java:persistContainerDatanodeDetails(140)) - DatanodeDetails is persisted to /workdir/hadoop-ozone/integration-test/target/test-dir/MiniOzoneClusterImpl-03ba4f64-2230-4ee7-8bd6-fbf0e67d2e92/datanode-1/meta/datanode.id
2019-10-21 23:46:14,998 [main] INFO  impl.RaftServerProxy (ConfUtils.java:logGet(43)) - raft.rpc.type = GRPC (default)
2019-10-21 23:46:14,998 [main] INFO  grpc.GrpcFactory (GrpcFactory.java:checkPooledByteBufAllocatorUseCacheForAllThreads(45)) - PERFORMANCE WARNING: useCacheForAllThreads is true that may cause Netty to create a lot garbage objects and, as a result, trigger GC.
	It is recommended to disable useCacheForAllThreads by setting -Dorg.apache.ratis.thirdparty.io.netty.allocator.useCacheForAllThreads=false in command line.
2019-10-21 23:46:14,999 [main] INFO  grpc.GrpcConfigKeys$Server (ConfUtils.java:logGet(43)) - raft.grpc.server.port = 0 (default)
2019-10-21 23:46:14,999 [main] INFO  server.GrpcService (ConfUtils.java:logGet(43)) - raft.grpc.message.size.max = 33570816 (custom)
2019-10-21 23:46:14,999 [main] INFO  server.RaftServerConfigKeys (ConfUtils.java:logGet(43)) - raft.server.log.appender.buffer.byte-limit = 33554432 (custom)
2019-10-21 23:46:14,999 [main] INFO  server.GrpcService (ConfUtils.java:logGet(43)) - raft.grpc.flow.control.window = 1MB (=1048576) (default)
2019-10-21 23:46:15,000 [main] INFO  server.RaftServerConfigKeys (ConfUtils.java:logGet(43)) - raft.server.rpc.request.timeout = 3000ms (default)
2019-10-21 23:46:15,001 [main] INFO  server.RaftServerConfigKeys (ConfUtils.java:logGet(43)) - raft.server.storage.dir = [/workdir/hadoop-ozone/integration-test/target/test-dir/MiniOzoneClusterImpl-03ba4f64-2230-4ee7-8bd6-fbf0e67d2e92/datanode-2/data/ratis] (custom)
2019-10-21 23:46:15,003 [main] INFO  hdfs.DFSUtil (DFSUtil.java:httpServerTemplateForNNAndJN(1641)) - Starting Web-server for hddsDatanode at: http://0.0.0.0:0
2019-10-21 23:46:15,004 [main] INFO  server.AuthenticationFilter (AuthenticationFilter.java:constructSecretProvider(240)) - Unable to initialize FileSignerSecretProvider, falling back to use random secrets.
2019-10-21 23:46:15,004 [main] WARN  http.HttpRequestLog (HttpRequestLog.java:getRequestLog(97)) - Jetty request log can only be enabled using Log4j
2019-10-21 23:46:15,007 [main] INFO  http.HttpServer2 (HttpServer2.java:addGlobalFilter(975)) - Added global filter 'safety' (class=org.apache.hadoop.http.HttpServer2$QuotingInputFilter)
2019-10-21 23:46:15,008 [main] INFO  http.HttpServer2 (HttpServer2.java:addFilter(948)) - Added filter static_user_filter (class=org.apache.hadoop.http.lib.StaticUserWebFilter$StaticUserFilter) to context hddsDatanode
2019-10-21 23:46:15,008 [main] INFO  http.HttpServer2 (HttpServer2.java:addFilter(958)) - Added filter static_user_filter (class=org.apache.hadoop.http.lib.StaticUserWebFilter$StaticUserFilter) to context static
2019-10-21 23:46:15,008 [main] INFO  http.HttpServer2 (HttpServer2.java:addFilter(958)) - Added filter static_user_filter (class=org.apache.hadoop.http.lib.StaticUserWebFilter$StaticUserFilter) to context logs
2019-10-21 23:46:15,009 [main] INFO  http.HttpServer2 (HttpServer2.java:bindListener(1191)) - Jetty bound to port 38568
2019-10-21 23:46:15,009 [main] INFO  server.Server (Server.java:doStart(351)) - jetty-9.3.25.v20180904, build timestamp: 2018-09-04T21:11:46Z, git hash: 3ce520221d0240229c862b122d2b06c12a625732
2019-10-21 23:46:15,011 [main] INFO  handler.ContextHandler (ContextHandler.java:doStart(781)) - Started o.e.j.s.ServletContextHandler@6fa0450e{/logs,file:///workdir/hadoop-ozone/integration-test/target/log,AVAILABLE}
2019-10-21 23:46:15,012 [main] INFO  handler.ContextHandler (ContextHandler.java:doStart(781)) - Started o.e.j.s.ServletContextHandler@51ec2856{/static,jar:file:/home/user/.m2/repository/org/apache/hadoop/hadoop-hdds-container-service/0.5.0-SNAPSHOT/hadoop-hdds-container-service-0.5.0-SNAPSHOT.jar!/webapps/static,AVAILABLE}
2019-10-21 23:46:15,045 [main] INFO  handler.ContextHandler (ContextHandler.java:doStart(781)) - Started o.e.j.w.WebAppContext@48a0c8aa{/,file:///tmp/jetty-0.0.0.0-38568-hddsDatanode-_-any-8129590895336096588.dir/webapp/,AVAILABLE}{/hddsDatanode}
2019-10-21 23:46:15,045 [main] INFO  server.AbstractConnector (AbstractConnector.java:doStart(278)) - Started ServerConnector@6192a5d5{HTTP/1.1,[http/1.1]}{0.0.0.0:38568}
2019-10-21 23:46:15,047 [main] INFO  server.Server (Server.java:doStart(419)) - Started @5345ms
2019-10-21 23:46:15,047 [main] WARN  impl.MetricsSystemImpl (MetricsSystemImpl.java:register(276)) - Sink prometheus already exists!
2019-10-21 23:46:15,048 [main] INFO  server.BaseHttpServer (BaseHttpServer.java:updateConnectorAddress(215)) - HTTP server of HDDSDATANODE is listening at http://0.0.0.0:38568
2019-10-21 23:46:15,048 [main] INFO  impl.MetricsSystemImpl (MetricsSystemImpl.java:init(158)) - HddsDatanode metrics system started (again)
2019-10-21 23:46:15,051 [main] INFO  ozone.HddsDatanodeService (HddsDatanodeService.java:start(184)) - HddsDatanodeService host:pr-hdds-2343-5q8j9-3338874002 ip:192.168.157.254
2019-10-21 23:46:15,051 [org.apache.hadoop.util.JvmPauseMonitor$Monitor@767bd41e] INFO  util.JvmPauseMonitor (JvmPauseMonitor.java:run(188)) - Starting JVM pause monitor
2019-10-21 23:46:15,053 [Datanode State Machine Thread - 0] INFO  datanode.InitDatanodeState (InitDatanodeState.java:persistContainerDatanodeDetails(140)) - DatanodeDetails is persisted to /workdir/hadoop-ozone/integration-test/target/test-dir/MiniOzoneClusterImpl-03ba4f64-2230-4ee7-8bd6-fbf0e67d2e92/datanode-2/meta/datanode.id
2019-10-21 23:46:15,058 [main] INFO  volume.HddsVolume (HddsVolume.java:<init>(176)) - Creating Volume: /workdir/hadoop-ozone/integration-test/target/test-dir/MiniOzoneClusterImpl-03ba4f64-2230-4ee7-8bd6-fbf0e67d2e92/datanode-3/data/containers/hdds of  storage type : DISK and capacity : 1482555576320
2019-10-21 23:46:15,059 [main] INFO  volume.VolumeSet (VolumeSet.java:initializeVolumeSet(170)) - Added Volume : /workdir/hadoop-ozone/integration-test/target/test-dir/MiniOzoneClusterImpl-03ba4f64-2230-4ee7-8bd6-fbf0e67d2e92/datanode-3/data/containers/hdds to VolumeSet
2019-10-21 23:46:15,059 [main] INFO  volume.ThrottledAsyncChecker (ThrottledAsyncChecker.java:schedule(141)) - Scheduling a check for /workdir/hadoop-ozone/integration-test/target/test-dir/MiniOzoneClusterImpl-03ba4f64-2230-4ee7-8bd6-fbf0e67d2e92/datanode-3/data/containers/hdds
2019-10-21 23:46:15,060 [main] INFO  volume.HddsVolumeChecker (HddsVolumeChecker.java:checkAllVolumes(204)) - Scheduled health check for volume /workdir/hadoop-ozone/integration-test/target/test-dir/MiniOzoneClusterImpl-03ba4f64-2230-4ee7-8bd6-fbf0e67d2e92/datanode-3/data/containers/hdds
2019-10-21 23:46:15,075 [main] INFO  impl.RaftServerProxy (ConfUtils.java:logGet(43)) - raft.rpc.type = GRPC (default)
2019-10-21 23:46:15,075 [main] INFO  grpc.GrpcFactory (GrpcFactory.java:checkPooledByteBufAllocatorUseCacheForAllThreads(45)) - PERFORMANCE WARNING: useCacheForAllThreads is true that may cause Netty to create a lot garbage objects and, as a result, trigger GC.
	It is recommended to disable useCacheForAllThreads by setting -Dorg.apache.ratis.thirdparty.io.netty.allocator.useCacheForAllThreads=false in command line.
2019-10-21 23:46:15,075 [main] INFO  grpc.GrpcConfigKeys$Server (ConfUtils.java:logGet(43)) - raft.grpc.server.port = 0 (default)
2019-10-21 23:46:15,075 [main] INFO  server.GrpcService (ConfUtils.java:logGet(43)) - raft.grpc.message.size.max = 33570816 (custom)
2019-10-21 23:46:15,075 [main] INFO  server.RaftServerConfigKeys (ConfUtils.java:logGet(43)) - raft.server.log.appender.buffer.byte-limit = 33554432 (custom)
2019-10-21 23:46:15,076 [main] INFO  server.GrpcService (ConfUtils.java:logGet(43)) - raft.grpc.flow.control.window = 1MB (=1048576) (default)
2019-10-21 23:46:15,076 [main] INFO  server.RaftServerConfigKeys (ConfUtils.java:logGet(43)) - raft.server.rpc.request.timeout = 3000ms (default)
2019-10-21 23:46:15,076 [main] INFO  server.RaftServerConfigKeys (ConfUtils.java:logGet(43)) - raft.server.storage.dir = [/workdir/hadoop-ozone/integration-test/target/test-dir/MiniOzoneClusterImpl-03ba4f64-2230-4ee7-8bd6-fbf0e67d2e92/datanode-3/data/ratis] (custom)
2019-10-21 23:46:15,078 [main] INFO  hdfs.DFSUtil (DFSUtil.java:httpServerTemplateForNNAndJN(1641)) - Starting Web-server for hddsDatanode at: http://0.0.0.0:0
2019-10-21 23:46:15,080 [main] INFO  server.AuthenticationFilter (AuthenticationFilter.java:constructSecretProvider(240)) - Unable to initialize FileSignerSecretProvider, falling back to use random secrets.
2019-10-21 23:46:15,080 [main] WARN  http.HttpRequestLog (HttpRequestLog.java:getRequestLog(97)) - Jetty request log can only be enabled using Log4j
2019-10-21 23:46:15,082 [main] INFO  http.HttpServer2 (HttpServer2.java:addGlobalFilter(975)) - Added global filter 'safety' (class=org.apache.hadoop.http.HttpServer2$QuotingInputFilter)
2019-10-21 23:46:15,083 [main] INFO  http.HttpServer2 (HttpServer2.java:addFilter(948)) - Added filter static_user_filter (class=org.apache.hadoop.http.lib.StaticUserWebFilter$StaticUserFilter) to context hddsDatanode
2019-10-21 23:46:15,083 [main] INFO  http.HttpServer2 (HttpServer2.java:addFilter(958)) - Added filter static_user_filter (class=org.apache.hadoop.http.lib.StaticUserWebFilter$StaticUserFilter) to context static
2019-10-21 23:46:15,083 [main] INFO  http.HttpServer2 (HttpServer2.java:addFilter(958)) - Added filter static_user_filter (class=org.apache.hadoop.http.lib.StaticUserWebFilter$StaticUserFilter) to context logs
2019-10-21 23:46:15,084 [main] INFO  http.HttpServer2 (HttpServer2.java:bindListener(1191)) - Jetty bound to port 44549
2019-10-21 23:46:15,084 [main] INFO  server.Server (Server.java:doStart(351)) - jetty-9.3.25.v20180904, build timestamp: 2018-09-04T21:11:46Z, git hash: 3ce520221d0240229c862b122d2b06c12a625732
2019-10-21 23:46:15,092 [main] INFO  handler.ContextHandler (ContextHandler.java:doStart(781)) - Started o.e.j.s.ServletContextHandler@6fa13e6{/logs,file:///workdir/hadoop-ozone/integration-test/target/log,AVAILABLE}
2019-10-21 23:46:15,093 [main] INFO  handler.ContextHandler (ContextHandler.java:doStart(781)) - Started o.e.j.s.ServletContextHandler@77049094{/static,jar:file:/home/user/.m2/repository/org/apache/hadoop/hadoop-hdds-container-service/0.5.0-SNAPSHOT/hadoop-hdds-container-service-0.5.0-SNAPSHOT.jar!/webapps/static,AVAILABLE}
2019-10-21 23:46:15,141 [main] INFO  handler.ContextHandler (ContextHandler.java:doStart(781)) - Started o.e.j.w.WebAppContext@4aa21f9d{/,file:///tmp/jetty-0.0.0.0-44549-hddsDatanode-_-any-54375056865930.dir/webapp/,AVAILABLE}{/hddsDatanode}
2019-10-21 23:46:15,142 [main] INFO  server.AbstractConnector (AbstractConnector.java:doStart(278)) - Started ServerConnector@71c17a57{HTTP/1.1,[http/1.1]}{0.0.0.0:44549}
2019-10-21 23:46:15,144 [main] INFO  server.Server (Server.java:doStart(419)) - Started @5442ms
2019-10-21 23:46:15,144 [main] WARN  impl.MetricsSystemImpl (MetricsSystemImpl.java:register(276)) - Sink prometheus already exists!
2019-10-21 23:46:15,146 [main] INFO  server.BaseHttpServer (BaseHttpServer.java:updateConnectorAddress(215)) - HTTP server of HDDSDATANODE is listening at http://0.0.0.0:44549
2019-10-21 23:46:15,149 [main] INFO  ozone.MiniOzoneClusterImpl (MiniOzoneClusterImpl.java:lambda$waitForClusterToBeReady$0(147)) - Waiting for cluster to be ready. Got 0 of 4 DN Heartbeats.
2019-10-21 23:46:15,149 [org.apache.hadoop.util.JvmPauseMonitor$Monitor@29e79f5] INFO  util.JvmPauseMonitor (JvmPauseMonitor.java:run(188)) - Starting JVM pause monitor
2019-10-21 23:46:15,151 [Datanode State Machine Thread - 0] INFO  datanode.InitDatanodeState (InitDatanodeState.java:persistContainerDatanodeDetails(140)) - DatanodeDetails is persisted to /workdir/hadoop-ozone/integration-test/target/test-dir/MiniOzoneClusterImpl-03ba4f64-2230-4ee7-8bd6-fbf0e67d2e92/datanode-3/meta/datanode.id
2019-10-21 23:46:16,149 [main] INFO  ozone.MiniOzoneClusterImpl (MiniOzoneClusterImpl.java:lambda$waitForClusterToBeReady$0(147)) - Waiting for cluster to be ready. Got 0 of 4 DN Heartbeats.
2019-10-21 23:46:16,971 [Datanode State Machine Thread - 0] INFO  ozoneimpl.OzoneContainer (OzoneContainer.java:start(213)) - Attempting to start container services.
2019-10-21 23:46:16,973 [Datanode State Machine Thread - 0] INFO  ozoneimpl.OzoneContainer (OzoneContainer.java:start(213)) - Attempting to start container services.
2019-10-21 23:46:16,974 [Datanode State Machine Thread - 0] INFO  ozoneimpl.OzoneContainer (OzoneContainer.java:startContainerScrub(177)) - Background container scanner has been disabled.
2019-10-21 23:46:16,974 [Datanode State Machine Thread - 0] INFO  ozoneimpl.OzoneContainer (OzoneContainer.java:startContainerScrub(177)) - Background container scanner has been disabled.
2019-10-21 23:46:16,974 [Datanode State Machine Thread - 0] INFO  ratis.XceiverServerRatis (XceiverServerRatis.java:start(418)) - Starting XceiverServerRatis b88b3e43-5534-49b3-b3f2-a9f154b450de at port 0
2019-10-21 23:46:16,975 [Datanode State Machine Thread - 0] INFO  ratis.XceiverServerRatis (XceiverServerRatis.java:start(418)) - Starting XceiverServerRatis c58a0a02-acd3-47c8-b3e9-5b8e0493de45 at port 0
2019-10-21 23:46:16,989 [Datanode State Machine Thread - 0] INFO  impl.RaftServerProxy (RaftServerProxy.java:lambda$start$3(299)) - c58a0a02-acd3-47c8-b3e9-5b8e0493de45: start RPC server
2019-10-21 23:46:16,989 [Datanode State Machine Thread - 0] INFO  impl.RaftServerProxy (RaftServerProxy.java:lambda$start$3(299)) - b88b3e43-5534-49b3-b3f2-a9f154b450de: start RPC server
2019-10-21 23:46:16,994 [Datanode State Machine Thread - 0] INFO  server.GrpcService (GrpcService.java:startImpl(158)) - b88b3e43-5534-49b3-b3f2-a9f154b450de: GrpcService started, listening on 0.0.0.0/0.0.0.0:46786
2019-10-21 23:46:16,994 [Datanode State Machine Thread - 0] INFO  server.GrpcService (GrpcService.java:startImpl(158)) - c58a0a02-acd3-47c8-b3e9-5b8e0493de45: GrpcService started, listening on 0.0.0.0/0.0.0.0:33611
2019-10-21 23:46:16,995 [Datanode State Machine Thread - 0] INFO  ratis.XceiverServerRatis (XceiverServerRatis.java:start(428)) - XceiverServerRatis b88b3e43-5534-49b3-b3f2-a9f154b450de is started using port 46786
2019-10-21 23:46:16,995 [Datanode State Machine Thread - 0] INFO  ratis.XceiverServerRatis (XceiverServerRatis.java:start(428)) - XceiverServerRatis c58a0a02-acd3-47c8-b3e9-5b8e0493de45 is started using port 33611
2019-10-21 23:46:16,999 [Datanode State Machine Thread - 0] INFO  server.XceiverServerGrpc (XceiverServerGrpc.java:start(149)) - XceiverServerGrpc c58a0a02-acd3-47c8-b3e9-5b8e0493de45 is started using port 34748
2019-10-21 23:46:16,999 [Datanode State Machine Thread - 0] INFO  server.XceiverServerGrpc (XceiverServerGrpc.java:start(149)) - XceiverServerGrpc b88b3e43-5534-49b3-b3f2-a9f154b450de is started using port 41835
2019-10-21 23:46:17,069 [Datanode State Machine Thread - 0] INFO  ozoneimpl.OzoneContainer (OzoneContainer.java:start(213)) - Attempting to start container services.
2019-10-21 23:46:17,070 [Datanode State Machine Thread - 0] INFO  ozoneimpl.OzoneContainer (OzoneContainer.java:startContainerScrub(177)) - Background container scanner has been disabled.
2019-10-21 23:46:17,071 [Datanode State Machine Thread - 0] INFO  ratis.XceiverServerRatis (XceiverServerRatis.java:start(418)) - Starting XceiverServerRatis 2d94e77f-9391-4752-a0b9-35f68ed45d4f at port 0
2019-10-21 23:46:17,080 [Datanode State Machine Thread - 0] INFO  impl.RaftServerProxy (RaftServerProxy.java:lambda$start$3(299)) - 2d94e77f-9391-4752-a0b9-35f68ed45d4f: start RPC server
2019-10-21 23:46:17,082 [Datanode State Machine Thread - 0] INFO  server.GrpcService (GrpcService.java:startImpl(158)) - 2d94e77f-9391-4752-a0b9-35f68ed45d4f: GrpcService started, listening on 0.0.0.0/0.0.0.0:38418
2019-10-21 23:46:17,083 [Datanode State Machine Thread - 0] INFO  ratis.XceiverServerRatis (XceiverServerRatis.java:start(428)) - XceiverServerRatis 2d94e77f-9391-4752-a0b9-35f68ed45d4f is started using port 38418
2019-10-21 23:46:17,084 [Datanode State Machine Thread - 0] INFO  server.XceiverServerGrpc (XceiverServerGrpc.java:start(149)) - XceiverServerGrpc 2d94e77f-9391-4752-a0b9-35f68ed45d4f is started using port 45710
2019-10-21 23:46:17,150 [main] INFO  ozone.MiniOzoneClusterImpl (MiniOzoneClusterImpl.java:lambda$waitForClusterToBeReady$0(147)) - Waiting for cluster to be ready. Got 0 of 4 DN Heartbeats.
2019-10-21 23:46:17,166 [Datanode State Machine Thread - 0] INFO  ozoneimpl.OzoneContainer (OzoneContainer.java:start(213)) - Attempting to start container services.
2019-10-21 23:46:17,167 [Datanode State Machine Thread - 0] INFO  ozoneimpl.OzoneContainer (OzoneContainer.java:startContainerScrub(177)) - Background container scanner has been disabled.
2019-10-21 23:46:17,167 [Datanode State Machine Thread - 0] INFO  ratis.XceiverServerRatis (XceiverServerRatis.java:start(418)) - Starting XceiverServerRatis 1360619e-ba1e-4bf9-aec1-9f15b5480b27 at port 0
2019-10-21 23:46:17,175 [Datanode State Machine Thread - 0] INFO  impl.RaftServerProxy (RaftServerProxy.java:lambda$start$3(299)) - 1360619e-ba1e-4bf9-aec1-9f15b5480b27: start RPC server
2019-10-21 23:46:17,178 [Datanode State Machine Thread - 0] INFO  server.GrpcService (GrpcService.java:startImpl(158)) - 1360619e-ba1e-4bf9-aec1-9f15b5480b27: GrpcService started, listening on 0.0.0.0/0.0.0.0:45658
2019-10-21 23:46:17,179 [Datanode State Machine Thread - 0] INFO  ratis.XceiverServerRatis (XceiverServerRatis.java:start(428)) - XceiverServerRatis 1360619e-ba1e-4bf9-aec1-9f15b5480b27 is started using port 45658
2019-10-21 23:46:17,180 [Datanode State Machine Thread - 0] INFO  server.XceiverServerGrpc (XceiverServerGrpc.java:start(149)) - XceiverServerGrpc 1360619e-ba1e-4bf9-aec1-9f15b5480b27 is started using port 35957
2019-10-21 23:46:18,151 [main] INFO  ozone.MiniOzoneClusterImpl (MiniOzoneClusterImpl.java:lambda$waitForClusterToBeReady$0(147)) - Waiting for cluster to be ready. Got 0 of 4 DN Heartbeats.
2019-10-21 23:46:18,916 [IPC Server handler 0 on 33717] INFO  net.NetworkTopology (NetworkTopologyImpl.java:add(111)) - Added a new node: /rack1/b88b3e43-5534-49b3-b3f2-a9f154b450de
2019-10-21 23:46:18,917 [IPC Server handler 0 on 33717] INFO  node.SCMNodeManager (SCMNodeManager.java:register(268)) - Registered Data node : b88b3e43-5534-49b3-b3f2-a9f154b450de{ip: 192.168.157.254, host: pr-hdds-2343-5q8j9-3338874002, networkLocation: /rack1, certSerialId: null}
2019-10-21 23:46:18,920 [EventQueue-NodeRegistrationContainerReportForDataNodeSafeModeRule] INFO  safemode.SCMSafeModeManager (DataNodeSafeModeRule.java:process(71)) - SCM in safe mode. 1 DataNodes registered, 1 required.
2019-10-21 23:46:18,920 [EventQueue-NodeRegistrationContainerReportForDataNodeSafeModeRule] INFO  safemode.SCMSafeModeManager (SCMSafeModeManager.java:validateSafeModeExitRules(177)) - ScmSafeModeManager, all rules are successfully validated
2019-10-21 23:46:18,920 [EventQueue-NodeRegistrationContainerReportForDataNodeSafeModeRule] INFO  safemode.SCMSafeModeManager (SCMSafeModeManager.java:exitSafeMode(193)) - SCM exiting safe mode.
2019-10-21 23:46:18,969 [IPC Server handler 1 on 33717] INFO  net.NetworkTopology (NetworkTopologyImpl.java:add(111)) - Added a new node: /rack1/c58a0a02-acd3-47c8-b3e9-5b8e0493de45
2019-10-21 23:46:18,970 [IPC Server handler 1 on 33717] INFO  node.SCMNodeManager (SCMNodeManager.java:register(268)) - Registered Data node : c58a0a02-acd3-47c8-b3e9-5b8e0493de45{ip: 192.168.157.254, host: pr-hdds-2343-5q8j9-3338874002, networkLocation: /rack1, certSerialId: null}
2019-10-21 23:46:19,055 [IPC Server handler 2 on 33717] INFO  net.NetworkTopology (NetworkTopologyImpl.java:add(111)) - Added a new node: /rack1/2d94e77f-9391-4752-a0b9-35f68ed45d4f
2019-10-21 23:46:19,055 [IPC Server handler 2 on 33717] INFO  node.SCMNodeManager (SCMNodeManager.java:register(268)) - Registered Data node : 2d94e77f-9391-4752-a0b9-35f68ed45d4f{ip: 192.168.157.254, host: pr-hdds-2343-5q8j9-3338874002, networkLocation: /rack1, certSerialId: null}
2019-10-21 23:46:19,152 [main] INFO  ozone.MiniOzoneClusterImpl (MiniOzoneClusterImpl.java:lambda$waitForClusterToBeReady$0(147)) - Waiting for cluster to be ready. Got 3 of 4 DN Heartbeats.
2019-10-21 23:46:19,154 [IPC Server handler 3 on 33717] INFO  net.NetworkTopology (NetworkTopologyImpl.java:add(111)) - Added a new node: /rack1/1360619e-ba1e-4bf9-aec1-9f15b5480b27
2019-10-21 23:46:19,155 [IPC Server handler 3 on 33717] INFO  node.SCMNodeManager (SCMNodeManager.java:register(268)) - Registered Data node : 1360619e-ba1e-4bf9-aec1-9f15b5480b27{ip: 192.168.157.254, host: pr-hdds-2343-5q8j9-3338874002, networkLocation: /rack1, certSerialId: null}
2019-10-21 23:46:19,319 [grpc-default-executor-0] INFO  impl.RaftServerProxy (RaftServerProxy.java:addNew(89)) - b88b3e43-5534-49b3-b3f2-a9f154b450de: addNew group-2A68C6E73500:[b88b3e43-5534-49b3-b3f2-a9f154b450de:192.168.157.254:46786] returns group-2A68C6E73500:java.util.concurrent.CompletableFuture@95f0d11[Not completed]
2019-10-21 23:46:19,327 [pool-32-thread-1] INFO  impl.RaftServerImpl (RaftServerImpl.java:<init>(104)) - b88b3e43-5534-49b3-b3f2-a9f154b450de: new RaftServerImpl for group-2A68C6E73500:[b88b3e43-5534-49b3-b3f2-a9f154b450de:192.168.157.254:46786] with ContainerStateMachine:uninitialized
2019-10-21 23:46:19,328 [pool-32-thread-1] INFO  server.RaftServerConfigKeys (ConfUtils.java:logGet(43)) - raft.server.rpc.timeout.min = 5s (custom)
2019-10-21 23:46:19,328 [pool-32-thread-1] INFO  server.RaftServerConfigKeys (ConfUtils.java:logGet(43)) - raft.server.rpc.timeout.max = 5200ms (custom)
2019-10-21 23:46:19,328 [pool-32-thread-1] INFO  server.RaftServerConfigKeys (ConfUtils.java:logGet(43)) - raft.server.rpcslowness.timeout = 120s (custom)
2019-10-21 23:46:19,328 [pool-32-thread-1] INFO  server.RaftServerConfigKeys (ConfUtils.java:logGet(43)) - raft.server.sleep.deviation.threshold = 300 (default)
2019-10-21 23:46:19,328 [pool-32-thread-1] INFO  server.RaftServerConfigKeys (ConfUtils.java:logGet(43)) - raft.server.log.appender.install.snapshot.enabled = false (custom)
2019-10-21 23:46:19,329 [pool-32-thread-1] INFO  impl.RaftServerImpl (ServerState.java:<init>(103)) - b88b3e43-5534-49b3-b3f2-a9f154b450de@group-2A68C6E73500: ConfigurationManager, init=-1: [b88b3e43-5534-49b3-b3f2-a9f154b450de:192.168.157.254:46786], old=null, confs=<EMPTY_MAP>
2019-10-21 23:46:19,329 [pool-32-thread-1] INFO  server.RaftServerConfigKeys (ConfUtils.java:logGet(43)) - raft.server.storage.dir = [/workdir/hadoop-ozone/integration-test/target/test-dir/MiniOzoneClusterImpl-03ba4f64-2230-4ee7-8bd6-fbf0e67d2e92/datanode-0/data/ratis] (custom)
2019-10-21 23:46:19,329 [pool-32-thread-1] INFO  server.RaftServerConfigKeys (ConfUtils.java:logGet(43)) - raft.server.log.corruption.policy = EXCEPTION (default)
2019-10-21 23:46:19,329 [pool-32-thread-1] INFO  storage.RaftStorageDirectory (RaftStorageDirectory.java:analyzeStorage(246)) - The storage directory /workdir/hadoop-ozone/integration-test/target/test-dir/MiniOzoneClusterImpl-03ba4f64-2230-4ee7-8bd6-fbf0e67d2e92/datanode-0/data/ratis/a02ae9ed-e41e-4ed1-a5ec-2a68c6e73500 does not exist. Creating ...
2019-10-21 23:46:19,343 [pool-32-thread-1] INFO  storage.RaftStorageDirectory (RaftStorageDirectory.java:tryLock(328)) - Lock on /workdir/hadoop-ozone/integration-test/target/test-dir/MiniOzoneClusterImpl-03ba4f64-2230-4ee7-8bd6-fbf0e67d2e92/datanode-0/data/ratis/a02ae9ed-e41e-4ed1-a5ec-2a68c6e73500/in_use.lock acquired by nodename 18489@pr-hdds-2343-5q8j9-3338874002
2019-10-21 23:46:19,356 [pool-32-thread-1] INFO  storage.RaftStorage (RaftStorage.java:format(84)) - Storage directory /workdir/hadoop-ozone/integration-test/target/test-dir/MiniOzoneClusterImpl-03ba4f64-2230-4ee7-8bd6-fbf0e67d2e92/datanode-0/data/ratis/a02ae9ed-e41e-4ed1-a5ec-2a68c6e73500 has been successfully formatted.
2019-10-21 23:46:19,357 [pool-32-thread-1] INFO  ratis.ContainerStateMachine (ContainerStateMachine.java:loadSnapshot(231)) - group-2A68C6E73500: The snapshot info is null. Setting the last applied indexto:(t:0, i:~)
2019-10-21 23:46:19,358 [pool-32-thread-1] INFO  server.RaftServerConfigKeys (ConfUtils.java:logGet(43)) - raft.server.notification.no-leader.timeout = 120s (custom)
2019-10-21 23:46:19,358 [pool-32-thread-1] INFO  server.RaftServerConfigKeys (ConfUtils.java:logGet(43)) - raft.server.log.use.memory = false (default)
2019-10-21 23:46:19,358 [pool-32-thread-1] INFO  server.RaftServerConfigKeys (ConfUtils.java:logGet(43)) - raft.server.log.purge.gap = 1000000 (custom)
2019-10-21 23:46:19,358 [pool-32-thread-1] INFO  server.RaftServerConfigKeys (ConfUtils.java:logGet(43)) - raft.server.log.appender.buffer.byte-limit = 33554432 (custom)
2019-10-21 23:46:19,358 [pool-32-thread-1] INFO  server.RaftServerConfigKeys (ConfUtils.java:logGet(43)) - raft.server.log.segment.size.max = 1048576 (custom)
2019-10-21 23:46:19,362 [pool-32-thread-1] INFO  server.RaftServerConfigKeys (ConfUtils.java:logGet(43)) - raft.server.log.segment.cache.num.max = 2 (custom)
2019-10-21 23:46:19,362 [pool-32-thread-1] INFO  segmented.SegmentedRaftLogWorker (SegmentedRaftLogWorker.java:<init>(173)) - new b88b3e43-5534-49b3-b3f2-a9f154b450de@group-2A68C6E73500-SegmentedRaftLogWorker for RaftStorage:Storage Directory /workdir/hadoop-ozone/integration-test/target/test-dir/MiniOzoneClusterImpl-03ba4f64-2230-4ee7-8bd6-fbf0e67d2e92/datanode-0/data/ratis/a02ae9ed-e41e-4ed1-a5ec-2a68c6e73500
2019-10-21 23:46:19,363 [pool-32-thread-1] INFO  server.RaftServerConfigKeys (ConfUtils.java:logGet(43)) - raft.server.log.queue.byte-limit = 2147483647 (custom)
2019-10-21 23:46:19,363 [pool-32-thread-1] INFO  server.RaftServerConfigKeys (ConfUtils.java:logGet(43)) - raft.server.log.queue.element-limit = 1024 (custom)
2019-10-21 23:46:19,363 [pool-32-thread-1] INFO  server.RaftServerConfigKeys (ConfUtils.java:logGet(43)) - raft.server.log.segment.size.max = 1048576 (custom)
2019-10-21 23:46:19,363 [pool-32-thread-1] INFO  server.RaftServerConfigKeys (ConfUtils.java:logGet(43)) - raft.server.log.preallocated.size = 16384 (custom)
2019-10-21 23:46:19,363 [pool-32-thread-1] INFO  server.RaftServerConfigKeys (ConfUtils.java:logGet(43)) - raft.server.log.write.buffer.size = 33554432 (custom)
2019-10-21 23:46:19,363 [pool-32-thread-1] INFO  server.RaftServerConfigKeys (ConfUtils.java:logGet(43)) - raft.server.log.force.sync.num = 128 (default)
2019-10-21 23:46:19,364 [pool-32-thread-1] INFO  server.RaftServerConfigKeys (ConfUtils.java:logGet(43)) - raft.server.log.statemachine.data.sync = true (default)
2019-10-21 23:46:19,364 [pool-32-thread-1] INFO  server.RaftServerConfigKeys (ConfUtils.java:logGet(43)) - raft.server.log.statemachine.data.sync.timeout = 10s (default)
2019-10-21 23:46:19,364 [pool-32-thread-1] INFO  server.RaftServerConfigKeys (ConfUtils.java:logGet(43)) - raft.server.log.statemachine.data.sync.timeout.retry = -1 (default)
2019-10-21 23:46:19,364 [pool-32-thread-1] INFO  server.RaftServerConfigKeys (ConfUtils.java:logGet(43)) - raft.server.log.statemachine.data.caching.enabled = true (custom)
2019-10-21 23:46:19,365 [pool-32-thread-1] INFO  segmented.SegmentedRaftLogWorker (SegmentedRaftLogWorker.java:lambda$new$0(128)) - b88b3e43-5534-49b3-b3f2-a9f154b450de@group-2A68C6E73500-SegmentedRaftLogWorker: flushIndex: setUnconditionally 0 -> -1
2019-10-21 23:46:19,365 [pool-32-thread-1] INFO  server.RaftServerConfigKeys (ConfUtils.java:logGet(43)) - raft.server.snapshot.auto.trigger.enabled = true (custom)
2019-10-21 23:46:19,365 [pool-32-thread-1] INFO  server.RaftServerConfigKeys (ConfUtils.java:logGet(43)) - raft.server.snapshot.auto.trigger.threshold = 10000 (custom)
2019-10-21 23:46:19,365 [pool-32-thread-1] INFO  server.RaftServerConfigKeys (ConfUtils.java:logGet(43)) - raft.server.snapshot.retention.file.num = 5 (custom)
2019-10-21 23:46:19,366 [pool-32-thread-1] INFO  server.RaftServerConfigKeys (ConfUtils.java:logGet(43)) - raft.server.retrycache.expirytime = 600000ms (custom)
2019-10-21 23:46:19,372 [pool-32-thread-1] INFO  impl.RaftServerImpl (RaftServerImpl.java:start(195)) - b88b3e43-5534-49b3-b3f2-a9f154b450de@group-2A68C6E73500: start as a follower, conf=-1: [b88b3e43-5534-49b3-b3f2-a9f154b450de:192.168.157.254:46786], old=null
2019-10-21 23:46:19,372 [pool-32-thread-1] INFO  impl.RaftServerImpl (RaftServerImpl.java:setRole(184)) - b88b3e43-5534-49b3-b3f2-a9f154b450de@group-2A68C6E73500: changes role from      null to FOLLOWER at term 0 for startAsFollower
2019-10-21 23:46:19,372 [pool-32-thread-1] INFO  impl.RoleInfo (RoleInfo.java:updateAndGet(143)) - b88b3e43-5534-49b3-b3f2-a9f154b450de: start FollowerState
2019-10-21 23:46:19,372 [pool-32-thread-1] INFO  util.JmxRegister (JmxRegister.java:tryRegister(44)) - Successfully registered JMX Bean with object name Ratis:service=RaftServer,group=group-2A68C6E73500,id=b88b3e43-5534-49b3-b3f2-a9f154b450de
2019-10-21 23:46:19,423 [RatisPipelineUtilsThread] INFO  pipeline.PipelineStateManager (PipelineStateManager.java:addPipeline(56)) - Created pipeline Pipeline[ Id: a02ae9ed-e41e-4ed1-a5ec-2a68c6e73500, Nodes: b88b3e43-5534-49b3-b3f2-a9f154b450de{ip: 192.168.157.254, host: pr-hdds-2343-5q8j9-3338874002, networkLocation: /rack1, certSerialId: null}, Type:RATIS, Factor:ONE, State:OPEN]
2019-10-21 23:46:19,440 [grpc-default-executor-0] INFO  impl.RaftServerProxy (RaftServerProxy.java:addNew(89)) - c58a0a02-acd3-47c8-b3e9-5b8e0493de45: addNew group-36633553C35C:[c58a0a02-acd3-47c8-b3e9-5b8e0493de45:192.168.157.254:33611] returns group-36633553C35C:java.util.concurrent.CompletableFuture@7ef164b[Not completed]
2019-10-21 23:46:19,449 [pool-42-thread-1] INFO  impl.RaftServerImpl (RaftServerImpl.java:<init>(104)) - c58a0a02-acd3-47c8-b3e9-5b8e0493de45: new RaftServerImpl for group-36633553C35C:[c58a0a02-acd3-47c8-b3e9-5b8e0493de45:192.168.157.254:33611] with ContainerStateMachine:uninitialized
2019-10-21 23:46:19,450 [pool-42-thread-1] INFO  server.RaftServerConfigKeys (ConfUtils.java:logGet(43)) - raft.server.rpc.timeout.min = 5s (custom)
2019-10-21 23:46:19,450 [pool-42-thread-1] INFO  server.RaftServerConfigKeys (ConfUtils.java:logGet(43)) - raft.server.rpc.timeout.max = 5200ms (custom)
2019-10-21 23:46:19,450 [pool-42-thread-1] INFO  server.RaftServerConfigKeys (ConfUtils.java:logGet(43)) - raft.server.rpcslowness.timeout = 120s (custom)
2019-10-21 23:46:19,450 [pool-42-thread-1] INFO  server.RaftServerConfigKeys (ConfUtils.java:logGet(43)) - raft.server.sleep.deviation.threshold = 300 (default)
2019-10-21 23:46:19,450 [pool-42-thread-1] INFO  server.RaftServerConfigKeys (ConfUtils.java:logGet(43)) - raft.server.log.appender.install.snapshot.enabled = false (custom)
2019-10-21 23:46:19,451 [pool-42-thread-1] INFO  impl.RaftServerImpl (ServerState.java:<init>(103)) - c58a0a02-acd3-47c8-b3e9-5b8e0493de45@group-36633553C35C: ConfigurationManager, init=-1: [c58a0a02-acd3-47c8-b3e9-5b8e0493de45:192.168.157.254:33611], old=null, confs=<EMPTY_MAP>
2019-10-21 23:46:19,451 [pool-42-thread-1] INFO  server.RaftServerConfigKeys (ConfUtils.java:logGet(43)) - raft.server.storage.dir = [/workdir/hadoop-ozone/integration-test/target/test-dir/MiniOzoneClusterImpl-03ba4f64-2230-4ee7-8bd6-fbf0e67d2e92/datanode-1/data/ratis] (custom)
2019-10-21 23:46:19,451 [pool-42-thread-1] INFO  server.RaftServerConfigKeys (ConfUtils.java:logGet(43)) - raft.server.log.corruption.policy = EXCEPTION (default)
2019-10-21 23:46:19,452 [pool-42-thread-1] INFO  storage.RaftStorageDirectory (RaftStorageDirectory.java:analyzeStorage(246)) - The storage directory /workdir/hadoop-ozone/integration-test/target/test-dir/MiniOzoneClusterImpl-03ba4f64-2230-4ee7-8bd6-fbf0e67d2e92/datanode-1/data/ratis/744ecee6-3dd5-4aec-9ffc-36633553c35c does not exist. Creating ...
2019-10-21 23:46:19,465 [pool-42-thread-1] INFO  storage.RaftStorageDirectory (RaftStorageDirectory.java:tryLock(328)) - Lock on /workdir/hadoop-ozone/integration-test/target/test-dir/MiniOzoneClusterImpl-03ba4f64-2230-4ee7-8bd6-fbf0e67d2e92/datanode-1/data/ratis/744ecee6-3dd5-4aec-9ffc-36633553c35c/in_use.lock acquired by nodename 18489@pr-hdds-2343-5q8j9-3338874002
2019-10-21 23:46:19,474 [Thread-202] INFO  impl.FollowerState (FollowerState.java:run(108)) - b88b3e43-5534-49b3-b3f2-a9f154b450de@group-2A68C6E73500-FollowerState: change to CANDIDATE, lastRpcTime:102ms, electionTimeout:102ms
2019-10-21 23:46:19,475 [Thread-202] INFO  impl.RoleInfo (RoleInfo.java:shutdownFollowerState(121)) - b88b3e43-5534-49b3-b3f2-a9f154b450de: shutdown FollowerState
2019-10-21 23:46:19,475 [Thread-202] INFO  impl.RaftServerImpl (RaftServerImpl.java:setRole(184)) - b88b3e43-5534-49b3-b3f2-a9f154b450de@group-2A68C6E73500: changes role from  FOLLOWER to CANDIDATE at term 0 for changeToCandidate
2019-10-21 23:46:19,476 [Thread-202] INFO  impl.RoleInfo (RoleInfo.java:updateAndGet(143)) - b88b3e43-5534-49b3-b3f2-a9f154b450de: start LeaderElection
2019-10-21 23:46:19,478 [pool-42-thread-1] INFO  storage.RaftStorage (RaftStorage.java:format(84)) - Storage directory /workdir/hadoop-ozone/integration-test/target/test-dir/MiniOzoneClusterImpl-03ba4f64-2230-4ee7-8bd6-fbf0e67d2e92/datanode-1/data/ratis/744ecee6-3dd5-4aec-9ffc-36633553c35c has been successfully formatted.
2019-10-21 23:46:19,478 [pool-42-thread-1] INFO  ratis.ContainerStateMachine (ContainerStateMachine.java:loadSnapshot(231)) - group-36633553C35C: The snapshot info is null. Setting the last applied indexto:(t:0, i:~)
2019-10-21 23:46:19,479 [pool-42-thread-1] INFO  server.RaftServerConfigKeys (ConfUtils.java:logGet(43)) - raft.server.notification.no-leader.timeout = 120s (custom)
2019-10-21 23:46:19,479 [pool-42-thread-1] INFO  server.RaftServerConfigKeys (ConfUtils.java:logGet(43)) - raft.server.log.use.memory = false (default)
2019-10-21 23:46:19,479 [pool-42-thread-1] INFO  server.RaftServerConfigKeys (ConfUtils.java:logGet(43)) - raft.server.log.purge.gap = 1000000 (custom)
2019-10-21 23:46:19,479 [pool-42-thread-1] INFO  server.RaftServerConfigKeys (ConfUtils.java:logGet(43)) - raft.server.log.appender.buffer.byte-limit = 33554432 (custom)
2019-10-21 23:46:19,479 [pool-42-thread-1] INFO  server.RaftServerConfigKeys (ConfUtils.java:logGet(43)) - raft.server.log.segment.size.max = 1048576 (custom)
2019-10-21 23:46:19,482 [pool-42-thread-1] INFO  server.RaftServerConfigKeys (ConfUtils.java:logGet(43)) - raft.server.log.segment.cache.num.max = 2 (custom)
2019-10-21 23:46:19,482 [pool-42-thread-1] INFO  segmented.SegmentedRaftLogWorker (SegmentedRaftLogWorker.java:<init>(173)) - new c58a0a02-acd3-47c8-b3e9-5b8e0493de45@group-36633553C35C-SegmentedRaftLogWorker for RaftStorage:Storage Directory /workdir/hadoop-ozone/integration-test/target/test-dir/MiniOzoneClusterImpl-03ba4f64-2230-4ee7-8bd6-fbf0e67d2e92/datanode-1/data/ratis/744ecee6-3dd5-4aec-9ffc-36633553c35c
2019-10-21 23:46:19,483 [pool-42-thread-1] INFO  server.RaftServerConfigKeys (ConfUtils.java:logGet(43)) - raft.server.log.queue.byte-limit = 2147483647 (custom)
2019-10-21 23:46:19,483 [pool-42-thread-1] INFO  server.RaftServerConfigKeys (ConfUtils.java:logGet(43)) - raft.server.log.queue.element-limit = 1024 (custom)
2019-10-21 23:46:19,483 [pool-42-thread-1] INFO  server.RaftServerConfigKeys (ConfUtils.java:logGet(43)) - raft.server.log.segment.size.max = 1048576 (custom)
2019-10-21 23:46:19,483 [pool-42-thread-1] INFO  server.RaftServerConfigKeys (ConfUtils.java:logGet(43)) - raft.server.log.preallocated.size = 16384 (custom)
2019-10-21 23:46:19,483 [pool-42-thread-1] INFO  server.RaftServerConfigKeys (ConfUtils.java:logGet(43)) - raft.server.log.write.buffer.size = 33554432 (custom)
2019-10-21 23:46:19,483 [pool-42-thread-1] INFO  server.RaftServerConfigKeys (ConfUtils.java:logGet(43)) - raft.server.log.force.sync.num = 128 (default)
2019-10-21 23:46:19,483 [pool-42-thread-1] INFO  server.RaftServerConfigKeys (ConfUtils.java:logGet(43)) - raft.server.log.statemachine.data.sync = true (default)
2019-10-21 23:46:19,483 [pool-42-thread-1] INFO  server.RaftServerConfigKeys (ConfUtils.java:logGet(43)) - raft.server.log.statemachine.data.sync.timeout = 10s (default)
2019-10-21 23:46:19,483 [pool-42-thread-1] INFO  server.RaftServerConfigKeys (ConfUtils.java:logGet(43)) - raft.server.log.statemachine.data.sync.timeout.retry = -1 (default)
2019-10-21 23:46:19,484 [pool-42-thread-1] INFO  server.RaftServerConfigKeys (ConfUtils.java:logGet(43)) - raft.server.log.statemachine.data.caching.enabled = true (custom)
2019-10-21 23:46:19,484 [pool-42-thread-1] INFO  segmented.SegmentedRaftLogWorker (SegmentedRaftLogWorker.java:lambda$new$0(128)) - c58a0a02-acd3-47c8-b3e9-5b8e0493de45@group-36633553C35C-SegmentedRaftLogWorker: flushIndex: setUnconditionally 0 -> -1
2019-10-21 23:46:19,485 [pool-42-thread-1] INFO  server.RaftServerConfigKeys (ConfUtils.java:logGet(43)) - raft.server.snapshot.auto.trigger.enabled = true (custom)
2019-10-21 23:46:19,485 [pool-42-thread-1] INFO  server.RaftServerConfigKeys (ConfUtils.java:logGet(43)) - raft.server.snapshot.auto.trigger.threshold = 10000 (custom)
2019-10-21 23:46:19,485 [pool-42-thread-1] INFO  server.RaftServerConfigKeys (ConfUtils.java:logGet(43)) - raft.server.snapshot.retention.file.num = 5 (custom)
2019-10-21 23:46:19,485 [pool-42-thread-1] INFO  server.RaftServerConfigKeys (ConfUtils.java:logGet(43)) - raft.server.retrycache.expirytime = 600000ms (custom)
2019-10-21 23:46:19,490 [pool-42-thread-1] INFO  impl.RaftServerImpl (RaftServerImpl.java:start(195)) - c58a0a02-acd3-47c8-b3e9-5b8e0493de45@group-36633553C35C: start as a follower, conf=-1: [c58a0a02-acd3-47c8-b3e9-5b8e0493de45:192.168.157.254:33611], old=null
2019-10-21 23:46:19,490 [pool-42-thread-1] INFO  impl.RaftServerImpl (RaftServerImpl.java:setRole(184)) - c58a0a02-acd3-47c8-b3e9-5b8e0493de45@group-36633553C35C: changes role from      null to FOLLOWER at term 0 for startAsFollower
2019-10-21 23:46:19,490 [pool-42-thread-1] INFO  impl.RoleInfo (RoleInfo.java:updateAndGet(143)) - c58a0a02-acd3-47c8-b3e9-5b8e0493de45: start FollowerState
2019-10-21 23:46:19,490 [pool-42-thread-1] INFO  util.JmxRegister (JmxRegister.java:tryRegister(44)) - Successfully registered JMX Bean with object name Ratis:service=RaftServer,group=group-36633553C35C,id=c58a0a02-acd3-47c8-b3e9-5b8e0493de45
2019-10-21 23:46:19,491 [b88b3e43-5534-49b3-b3f2-a9f154b450de@group-2A68C6E73500-LeaderElection2] INFO  impl.LeaderElection (LeaderElection.java:askForVotes(178)) - b88b3e43-5534-49b3-b3f2-a9f154b450de@group-2A68C6E73500-LeaderElection2: begin an election at term 1 for -1: [b88b3e43-5534-49b3-b3f2-a9f154b450de:192.168.157.254:46786], old=null
2019-10-21 23:46:19,492 [b88b3e43-5534-49b3-b3f2-a9f154b450de@group-2A68C6E73500-LeaderElection2] INFO  impl.RoleInfo (RoleInfo.java:shutdownLeaderElection(134)) - b88b3e43-5534-49b3-b3f2-a9f154b450de: shutdown LeaderElection
2019-10-21 23:46:19,492 [b88b3e43-5534-49b3-b3f2-a9f154b450de@group-2A68C6E73500-LeaderElection2] INFO  impl.RaftServerImpl (RaftServerImpl.java:setRole(184)) - b88b3e43-5534-49b3-b3f2-a9f154b450de@group-2A68C6E73500: changes role from CANDIDATE to LEADER at term 1 for changeToLeader
2019-10-21 23:46:19,492 [b88b3e43-5534-49b3-b3f2-a9f154b450de@group-2A68C6E73500-LeaderElection2] INFO  impl.RaftServerImpl (ServerState.java:setLeader(256)) - b88b3e43-5534-49b3-b3f2-a9f154b450de@group-2A68C6E73500: change Leader from null to b88b3e43-5534-49b3-b3f2-a9f154b450de at term 1 for becomeLeader, leader elected after 134ms
2019-10-21 23:46:19,492 [b88b3e43-5534-49b3-b3f2-a9f154b450de@group-2A68C6E73500-LeaderElection2] INFO  server.RaftServerConfigKeys (ConfUtils.java:logGet(43)) - raft.server.staging.catchup.gap = 1000 (default)
2019-10-21 23:46:19,493 [b88b3e43-5534-49b3-b3f2-a9f154b450de@group-2A68C6E73500-LeaderElection2] INFO  server.RaftServerConfigKeys (ConfUtils.java:logGet(43)) - raft.server.rpc.sleep.time = 25ms (default)
2019-10-21 23:46:19,493 [b88b3e43-5534-49b3-b3f2-a9f154b450de@group-2A68C6E73500-LeaderElection2] INFO  server.RaftServerConfigKeys (ConfUtils.java:logGet(43)) - raft.server.write.element-limit = 4096 (default)
2019-10-21 23:46:19,493 [b88b3e43-5534-49b3-b3f2-a9f154b450de@group-2A68C6E73500-LeaderElection2] INFO  server.RaftServerConfigKeys (ConfUtils.java:logGet(43)) - raft.server.watch.timeout = 10s (default)
2019-10-21 23:46:19,493 [b88b3e43-5534-49b3-b3f2-a9f154b450de@group-2A68C6E73500-LeaderElection2] INFO  server.RaftServerConfigKeys (ConfUtils.java:logGet(43)) - raft.server.watch.timeout.denomination = 1s (default)
2019-10-21 23:46:19,493 [b88b3e43-5534-49b3-b3f2-a9f154b450de@group-2A68C6E73500-LeaderElection2] INFO  server.RaftServerConfigKeys (ConfUtils.java:logGet(43)) - raft.server.watch.element-limit = 65536 (default)
2019-10-21 23:46:19,498 [b88b3e43-5534-49b3-b3f2-a9f154b450de@group-2A68C6E73500-LeaderElection2] INFO  impl.RoleInfo (RoleInfo.java:updateAndGet(143)) - b88b3e43-5534-49b3-b3f2-a9f154b450de: start LeaderState
2019-10-21 23:46:19,499 [b88b3e43-5534-49b3-b3f2-a9f154b450de@group-2A68C6E73500-LeaderElection2] INFO  segmented.SegmentedRaftLogWorker (SegmentedRaftLogWorker.java:startLogSegment(385)) - b88b3e43-5534-49b3-b3f2-a9f154b450de@group-2A68C6E73500-SegmentedRaftLogWorker: Starting segment from index:0
2019-10-21 23:46:19,501 [b88b3e43-5534-49b3-b3f2-a9f154b450de@group-2A68C6E73500-LeaderElection2] INFO  impl.RaftServerImpl (ServerState.java:setRaftConf(357)) - b88b3e43-5534-49b3-b3f2-a9f154b450de@group-2A68C6E73500: set configuration 0: [b88b3e43-5534-49b3-b3f2-a9f154b450de:192.168.157.254:46786], old=null at 0
2019-10-21 23:46:19,535 [RatisPipelineUtilsThread] INFO  pipeline.PipelineStateManager (PipelineStateManager.java:addPipeline(56)) - Created pipeline Pipeline[ Id: 744ecee6-3dd5-4aec-9ffc-36633553c35c, Nodes: c58a0a02-acd3-47c8-b3e9-5b8e0493de45{ip: 192.168.157.254, host: pr-hdds-2343-5q8j9-3338874002, networkLocation: /rack1, certSerialId: null}, Type:RATIS, Factor:ONE, State:OPEN]
2019-10-21 23:46:19,536 [b88b3e43-5534-49b3-b3f2-a9f154b450de@group-2A68C6E73500-SegmentedRaftLogWorker] INFO  segmented.SegmentedRaftLogWorker (SegmentedRaftLogWorker.java:execute(576)) - b88b3e43-5534-49b3-b3f2-a9f154b450de@group-2A68C6E73500-SegmentedRaftLogWorker: created new log segment /workdir/hadoop-ozone/integration-test/target/test-dir/MiniOzoneClusterImpl-03ba4f64-2230-4ee7-8bd6-fbf0e67d2e92/datanode-0/data/ratis/a02ae9ed-e41e-4ed1-a5ec-2a68c6e73500/current/log_inprogress_0
2019-10-21 23:46:19,553 [grpc-default-executor-0] INFO  impl.RaftServerProxy (RaftServerProxy.java:addNew(89)) - 1360619e-ba1e-4bf9-aec1-9f15b5480b27: addNew group-CCA511E4D8DB:[1360619e-ba1e-4bf9-aec1-9f15b5480b27:192.168.157.254:45658] returns group-CCA511E4D8DB:java.util.concurrent.CompletableFuture@6412dfab[Not completed]
2019-10-21 23:46:19,555 [pool-62-thread-1] INFO  impl.RaftServerImpl (RaftServerImpl.java:<init>(104)) - 1360619e-ba1e-4bf9-aec1-9f15b5480b27: new RaftServerImpl for group-CCA511E4D8DB:[1360619e-ba1e-4bf9-aec1-9f15b5480b27:192.168.157.254:45658] with ContainerStateMachine:uninitialized
2019-10-21 23:46:19,559 [pool-62-thread-1] INFO  server.RaftServerConfigKeys (ConfUtils.java:logGet(43)) - raft.server.rpc.timeout.min = 5s (custom)
2019-10-21 23:46:19,559 [pool-62-thread-1] INFO  server.RaftServerConfigKeys (ConfUtils.java:logGet(43)) - raft.server.rpc.timeout.max = 5200ms (custom)
2019-10-21 23:46:19,559 [pool-62-thread-1] INFO  server.RaftServerConfigKeys (ConfUtils.java:logGet(43)) - raft.server.rpcslowness.timeout = 120s (custom)
2019-10-21 23:46:19,559 [pool-62-thread-1] INFO  server.RaftServerConfigKeys (ConfUtils.java:logGet(43)) - raft.server.sleep.deviation.threshold = 300 (default)
2019-10-21 23:46:19,559 [pool-62-thread-1] INFO  server.RaftServerConfigKeys (ConfUtils.java:logGet(43)) - raft.server.log.appender.install.snapshot.enabled = false (custom)
2019-10-21 23:46:19,559 [pool-62-thread-1] INFO  impl.RaftServerImpl (ServerState.java:<init>(103)) - 1360619e-ba1e-4bf9-aec1-9f15b5480b27@group-CCA511E4D8DB: ConfigurationManager, init=-1: [1360619e-ba1e-4bf9-aec1-9f15b5480b27:192.168.157.254:45658], old=null, confs=<EMPTY_MAP>
2019-10-21 23:46:19,560 [pool-62-thread-1] INFO  server.RaftServerConfigKeys (ConfUtils.java:logGet(43)) - raft.server.storage.dir = [/workdir/hadoop-ozone/integration-test/target/test-dir/MiniOzoneClusterImpl-03ba4f64-2230-4ee7-8bd6-fbf0e67d2e92/datanode-3/data/ratis] (custom)
2019-10-21 23:46:19,560 [pool-62-thread-1] INFO  server.RaftServerConfigKeys (ConfUtils.java:logGet(43)) - raft.server.log.corruption.policy = EXCEPTION (default)
2019-10-21 23:46:19,560 [pool-62-thread-1] INFO  storage.RaftStorageDirectory (RaftStorageDirectory.java:analyzeStorage(246)) - The storage directory /workdir/hadoop-ozone/integration-test/target/test-dir/MiniOzoneClusterImpl-03ba4f64-2230-4ee7-8bd6-fbf0e67d2e92/datanode-3/data/ratis/39663723-077c-4667-91a3-cca511e4d8db does not exist. Creating ...
2019-10-21 23:46:19,563 [pool-62-thread-1] INFO  storage.RaftStorageDirectory (RaftStorageDirectory.java:tryLock(328)) - Lock on /workdir/hadoop-ozone/integration-test/target/test-dir/MiniOzoneClusterImpl-03ba4f64-2230-4ee7-8bd6-fbf0e67d2e92/datanode-3/data/ratis/39663723-077c-4667-91a3-cca511e4d8db/in_use.lock acquired by nodename 18489@pr-hdds-2343-5q8j9-3338874002
2019-10-21 23:46:19,567 [pool-62-thread-1] INFO  storage.RaftStorage (RaftStorage.java:format(84)) - Storage directory /workdir/hadoop-ozone/integration-test/target/test-dir/MiniOzoneClusterImpl-03ba4f64-2230-4ee7-8bd6-fbf0e67d2e92/datanode-3/data/ratis/39663723-077c-4667-91a3-cca511e4d8db has been successfully formatted.
2019-10-21 23:46:19,567 [pool-62-thread-1] INFO  ratis.ContainerStateMachine (ContainerStateMachine.java:loadSnapshot(231)) - group-CCA511E4D8DB: The snapshot info is null. Setting the last applied indexto:(t:0, i:~)
2019-10-21 23:46:19,567 [pool-62-thread-1] INFO  server.RaftServerConfigKeys (ConfUtils.java:logGet(43)) - raft.server.notification.no-leader.timeout = 120s (custom)
2019-10-21 23:46:19,567 [pool-62-thread-1] INFO  server.RaftServerConfigKeys (ConfUtils.java:logGet(43)) - raft.server.log.use.memory = false (default)
2019-10-21 23:46:19,567 [pool-62-thread-1] INFO  server.RaftServerConfigKeys (ConfUtils.java:logGet(43)) - raft.server.log.purge.gap = 1000000 (custom)
2019-10-21 23:46:19,568 [pool-62-thread-1] INFO  server.RaftServerConfigKeys (ConfUtils.java:logGet(43)) - raft.server.log.appender.buffer.byte-limit = 33554432 (custom)
2019-10-21 23:46:19,568 [pool-62-thread-1] INFO  server.RaftServerConfigKeys (ConfUtils.java:logGet(43)) - raft.server.log.segment.size.max = 1048576 (custom)
2019-10-21 23:46:19,571 [pool-62-thread-1] INFO  server.RaftServerConfigKeys (ConfUtils.java:logGet(43)) - raft.server.log.segment.cache.num.max = 2 (custom)
2019-10-21 23:46:19,571 [pool-62-thread-1] INFO  segmented.SegmentedRaftLogWorker (SegmentedRaftLogWorker.java:<init>(173)) - new 1360619e-ba1e-4bf9-aec1-9f15b5480b27@group-CCA511E4D8DB-SegmentedRaftLogWorker for RaftStorage:Storage Directory /workdir/hadoop-ozone/integration-test/target/test-dir/MiniOzoneClusterImpl-03ba4f64-2230-4ee7-8bd6-fbf0e67d2e92/datanode-3/data/ratis/39663723-077c-4667-91a3-cca511e4d8db
2019-10-21 23:46:19,571 [pool-62-thread-1] INFO  server.RaftServerConfigKeys (ConfUtils.java:logGet(43)) - raft.server.log.queue.byte-limit = 2147483647 (custom)
2019-10-21 23:46:19,572 [pool-62-thread-1] INFO  server.RaftServerConfigKeys (ConfUtils.java:logGet(43)) - raft.server.log.queue.element-limit = 1024 (custom)
2019-10-21 23:46:19,572 [pool-62-thread-1] INFO  server.RaftServerConfigKeys (ConfUtils.java:logGet(43)) - raft.server.log.segment.size.max = 1048576 (custom)
2019-10-21 23:46:19,572 [pool-62-thread-1] INFO  server.RaftServerConfigKeys (ConfUtils.java:logGet(43)) - raft.server.log.preallocated.size = 16384 (custom)
2019-10-21 23:46:19,572 [pool-62-thread-1] INFO  server.RaftServerConfigKeys (ConfUtils.java:logGet(43)) - raft.server.log.write.buffer.size = 33554432 (custom)
2019-10-21 23:46:19,572 [pool-62-thread-1] INFO  server.RaftServerConfigKeys (ConfUtils.java:logGet(43)) - raft.server.log.force.sync.num = 128 (default)
2019-10-21 23:46:19,572 [pool-62-thread-1] INFO  server.RaftServerConfigKeys (ConfUtils.java:logGet(43)) - raft.server.log.statemachine.data.sync = true (default)
2019-10-21 23:46:19,573 [pool-62-thread-1] INFO  server.RaftServerConfigKeys (ConfUtils.java:logGet(43)) - raft.server.log.statemachine.data.sync.timeout = 10s (default)
2019-10-21 23:46:19,573 [pool-62-thread-1] INFO  server.RaftServerConfigKeys (ConfUtils.java:logGet(43)) - raft.server.log.statemachine.data.sync.timeout.retry = -1 (default)
2019-10-21 23:46:19,573 [pool-62-thread-1] INFO  server.RaftServerConfigKeys (ConfUtils.java:logGet(43)) - raft.server.log.statemachine.data.caching.enabled = true (custom)
2019-10-21 23:46:19,574 [pool-62-thread-1] INFO  segmented.SegmentedRaftLogWorker (SegmentedRaftLogWorker.java:lambda$new$0(128)) - 1360619e-ba1e-4bf9-aec1-9f15b5480b27@group-CCA511E4D8DB-SegmentedRaftLogWorker: flushIndex: setUnconditionally 0 -> -1
2019-10-21 23:46:19,574 [pool-62-thread-1] INFO  server.RaftServerConfigKeys (ConfUtils.java:logGet(43)) - raft.server.snapshot.auto.trigger.enabled = true (custom)
2019-10-21 23:46:19,574 [pool-62-thread-1] INFO  server.RaftServerConfigKeys (ConfUtils.java:logGet(43)) - raft.server.snapshot.auto.trigger.threshold = 10000 (custom)
2019-10-21 23:46:19,574 [pool-62-thread-1] INFO  server.RaftServerConfigKeys (ConfUtils.java:logGet(43)) - raft.server.snapshot.retention.file.num = 5 (custom)
2019-10-21 23:46:19,575 [pool-62-thread-1] INFO  server.RaftServerConfigKeys (ConfUtils.java:logGet(43)) - raft.server.retrycache.expirytime = 600000ms (custom)
2019-10-21 23:46:19,579 [pool-62-thread-1] INFO  impl.RaftServerImpl (RaftServerImpl.java:start(195)) - 1360619e-ba1e-4bf9-aec1-9f15b5480b27@group-CCA511E4D8DB: start as a follower, conf=-1: [1360619e-ba1e-4bf9-aec1-9f15b5480b27:192.168.157.254:45658], old=null
2019-10-21 23:46:19,579 [pool-62-thread-1] INFO  impl.RaftServerImpl (RaftServerImpl.java:setRole(184)) - 1360619e-ba1e-4bf9-aec1-9f15b5480b27@group-CCA511E4D8DB: changes role from      null to FOLLOWER at term 0 for startAsFollower
2019-10-21 23:46:19,579 [pool-62-thread-1] INFO  impl.RoleInfo (RoleInfo.java:updateAndGet(143)) - 1360619e-ba1e-4bf9-aec1-9f15b5480b27: start FollowerState
2019-10-21 23:46:19,580 [pool-62-thread-1] INFO  util.JmxRegister (JmxRegister.java:tryRegister(44)) - Successfully registered JMX Bean with object name Ratis:service=RaftServer,group=group-CCA511E4D8DB,id=1360619e-ba1e-4bf9-aec1-9f15b5480b27
2019-10-21 23:46:19,592 [RatisPipelineUtilsThread] INFO  pipeline.PipelineStateManager (PipelineStateManager.java:addPipeline(56)) - Created pipeline Pipeline[ Id: 39663723-077c-4667-91a3-cca511e4d8db, Nodes: 1360619e-ba1e-4bf9-aec1-9f15b5480b27{ip: 192.168.157.254, host: pr-hdds-2343-5q8j9-3338874002, networkLocation: /rack1, certSerialId: null}, Type:RATIS, Factor:ONE, State:OPEN]
2019-10-21 23:46:19,608 [grpc-default-executor-0] INFO  impl.RaftServerProxy (RaftServerProxy.java:addNew(89)) - 2d94e77f-9391-4752-a0b9-35f68ed45d4f: addNew group-451E71657E4C:[2d94e77f-9391-4752-a0b9-35f68ed45d4f:192.168.157.254:38418] returns group-451E71657E4C:java.util.concurrent.CompletableFuture@335565bd[Not completed]
2019-10-21 23:46:19,610 [pool-52-thread-1] INFO  impl.RaftServerImpl (RaftServerImpl.java:<init>(104)) - 2d94e77f-9391-4752-a0b9-35f68ed45d4f: new RaftServerImpl for group-451E71657E4C:[2d94e77f-9391-4752-a0b9-35f68ed45d4f:192.168.157.254:38418] with ContainerStateMachine:uninitialized
2019-10-21 23:46:19,610 [pool-52-thread-1] INFO  server.RaftServerConfigKeys (ConfUtils.java:logGet(43)) - raft.server.rpc.timeout.min = 5s (custom)
2019-10-21 23:46:19,610 [pool-52-thread-1] INFO  server.RaftServerConfigKeys (ConfUtils.java:logGet(43)) - raft.server.rpc.timeout.max = 5200ms (custom)
2019-10-21 23:46:19,610 [pool-52-thread-1] INFO  server.RaftServerConfigKeys (ConfUtils.java:logGet(43)) - raft.server.rpcslowness.timeout = 120s (custom)
2019-10-21 23:46:19,610 [pool-52-thread-1] INFO  server.RaftServerConfigKeys (ConfUtils.java:logGet(43)) - raft.server.sleep.deviation.threshold = 300 (default)
2019-10-21 23:46:19,611 [pool-52-thread-1] INFO  server.RaftServerConfigKeys (ConfUtils.java:logGet(43)) - raft.server.log.appender.install.snapshot.enabled = false (custom)
2019-10-21 23:46:19,611 [pool-52-thread-1] INFO  impl.RaftServerImpl (ServerState.java:<init>(103)) - 2d94e77f-9391-4752-a0b9-35f68ed45d4f@group-451E71657E4C: ConfigurationManager, init=-1: [2d94e77f-9391-4752-a0b9-35f68ed45d4f:192.168.157.254:38418], old=null, confs=<EMPTY_MAP>
2019-10-21 23:46:19,611 [pool-52-thread-1] INFO  server.RaftServerConfigKeys (ConfUtils.java:logGet(43)) - raft.server.storage.dir = [/workdir/hadoop-ozone/integration-test/target/test-dir/MiniOzoneClusterImpl-03ba4f64-2230-4ee7-8bd6-fbf0e67d2e92/datanode-2/data/ratis] (custom)
2019-10-21 23:46:19,612 [pool-52-thread-1] INFO  server.RaftServerConfigKeys (ConfUtils.java:logGet(43)) - raft.server.log.corruption.policy = EXCEPTION (default)
2019-10-21 23:46:19,612 [pool-52-thread-1] INFO  storage.RaftStorageDirectory (RaftStorageDirectory.java:analyzeStorage(246)) - The storage directory /workdir/hadoop-ozone/integration-test/target/test-dir/MiniOzoneClusterImpl-03ba4f64-2230-4ee7-8bd6-fbf0e67d2e92/datanode-2/data/ratis/2cef5147-a65d-4188-94b8-451e71657e4c does not exist. Creating ...
2019-10-21 23:46:19,622 [pool-52-thread-1] INFO  storage.RaftStorageDirectory (RaftStorageDirectory.java:tryLock(328)) - Lock on /workdir/hadoop-ozone/integration-test/target/test-dir/MiniOzoneClusterImpl-03ba4f64-2230-4ee7-8bd6-fbf0e67d2e92/datanode-2/data/ratis/2cef5147-a65d-4188-94b8-451e71657e4c/in_use.lock acquired by nodename 18489@pr-hdds-2343-5q8j9-3338874002
2019-10-21 23:46:19,637 [pool-52-thread-1] INFO  storage.RaftStorage (RaftStorage.java:format(84)) - Storage directory /workdir/hadoop-ozone/integration-test/target/test-dir/MiniOzoneClusterImpl-03ba4f64-2230-4ee7-8bd6-fbf0e67d2e92/datanode-2/data/ratis/2cef5147-a65d-4188-94b8-451e71657e4c has been successfully formatted.
2019-10-21 23:46:19,637 [Thread-210] INFO  impl.FollowerState (FollowerState.java:run(108)) - 1360619e-ba1e-4bf9-aec1-9f15b5480b27@group-CCA511E4D8DB-FollowerState: change to CANDIDATE, lastRpcTime:57ms, electionTimeout:57ms
2019-10-21 23:46:19,637 [pool-52-thread-1] INFO  ratis.ContainerStateMachine (ContainerStateMachine.java:loadSnapshot(231)) - group-451E71657E4C: The snapshot info is null. Setting the last applied indexto:(t:0, i:~)
2019-10-21 23:46:19,637 [Thread-210] INFO  impl.RoleInfo (RoleInfo.java:shutdownFollowerState(121)) - 1360619e-ba1e-4bf9-aec1-9f15b5480b27: shutdown FollowerState
2019-10-21 23:46:19,637 [pool-52-thread-1] INFO  server.RaftServerConfigKeys (ConfUtils.java:logGet(43)) - raft.server.notification.no-leader.timeout = 120s (custom)
2019-10-21 23:46:19,637 [Thread-210] INFO  impl.RaftServerImpl (RaftServerImpl.java:setRole(184)) - 1360619e-ba1e-4bf9-aec1-9f15b5480b27@group-CCA511E4D8DB: changes role from  FOLLOWER to CANDIDATE at term 0 for changeToCandidate
2019-10-21 23:46:19,637 [pool-52-thread-1] INFO  server.RaftServerConfigKeys (ConfUtils.java:logGet(43)) - raft.server.log.use.memory = false (default)
2019-10-21 23:46:19,638 [pool-52-thread-1] INFO  server.RaftServerConfigKeys (ConfUtils.java:logGet(43)) - raft.server.log.purge.gap = 1000000 (custom)
2019-10-21 23:46:19,638 [Thread-210] INFO  impl.RoleInfo (RoleInfo.java:updateAndGet(143)) - 1360619e-ba1e-4bf9-aec1-9f15b5480b27: start LeaderElection
2019-10-21 23:46:19,638 [pool-52-thread-1] INFO  server.RaftServerConfigKeys (ConfUtils.java:logGet(43)) - raft.server.log.appender.buffer.byte-limit = 33554432 (custom)
2019-10-21 23:46:19,638 [pool-52-thread-1] INFO  server.RaftServerConfigKeys (ConfUtils.java:logGet(43)) - raft.server.log.segment.size.max = 1048576 (custom)
2019-10-21 23:46:19,639 [Thread-206] INFO  impl.FollowerState (FollowerState.java:run(108)) - c58a0a02-acd3-47c8-b3e9-5b8e0493de45@group-36633553C35C-FollowerState: change to CANDIDATE, lastRpcTime:149ms, electionTimeout:149ms
2019-10-21 23:46:19,640 [Thread-206] INFO  impl.RoleInfo (RoleInfo.java:shutdownFollowerState(121)) - c58a0a02-acd3-47c8-b3e9-5b8e0493de45: shutdown FollowerState
2019-10-21 23:46:19,641 [Thread-206] INFO  impl.RaftServerImpl (RaftServerImpl.java:setRole(184)) - c58a0a02-acd3-47c8-b3e9-5b8e0493de45@group-36633553C35C: changes role from  FOLLOWER to CANDIDATE at term 0 for changeToCandidate
2019-10-21 23:46:19,641 [Thread-206] INFO  impl.RoleInfo (RoleInfo.java:updateAndGet(143)) - c58a0a02-acd3-47c8-b3e9-5b8e0493de45: start LeaderElection
2019-10-21 23:46:19,643 [pool-52-thread-1] INFO  server.RaftServerConfigKeys (ConfUtils.java:logGet(43)) - raft.server.log.segment.cache.num.max = 2 (custom)
2019-10-21 23:46:19,643 [pool-52-thread-1] INFO  segmented.SegmentedRaftLogWorker (SegmentedRaftLogWorker.java:<init>(173)) - new 2d94e77f-9391-4752-a0b9-35f68ed45d4f@group-451E71657E4C-SegmentedRaftLogWorker for RaftStorage:Storage Directory /workdir/hadoop-ozone/integration-test/target/test-dir/MiniOzoneClusterImpl-03ba4f64-2230-4ee7-8bd6-fbf0e67d2e92/datanode-2/data/ratis/2cef5147-a65d-4188-94b8-451e71657e4c
2019-10-21 23:46:19,643 [pool-52-thread-1] INFO  server.RaftServerConfigKeys (ConfUtils.java:logGet(43)) - raft.server.log.queue.byte-limit = 2147483647 (custom)
2019-10-21 23:46:19,643 [pool-52-thread-1] INFO  server.RaftServerConfigKeys (ConfUtils.java:logGet(43)) - raft.server.log.queue.element-limit = 1024 (custom)
2019-10-21 23:46:19,644 [pool-52-thread-1] INFO  server.RaftServerConfigKeys (ConfUtils.java:logGet(43)) - raft.server.log.segment.size.max = 1048576 (custom)
2019-10-21 23:46:19,644 [pool-52-thread-1] INFO  server.RaftServerConfigKeys (ConfUtils.java:logGet(43)) - raft.server.log.preallocated.size = 16384 (custom)
2019-10-21 23:46:19,644 [pool-52-thread-1] INFO  server.RaftServerConfigKeys (ConfUtils.java:logGet(43)) - raft.server.log.write.buffer.size = 33554432 (custom)
2019-10-21 23:46:19,644 [pool-52-thread-1] INFO  server.RaftServerConfigKeys (ConfUtils.java:logGet(43)) - raft.server.log.force.sync.num = 128 (default)
2019-10-21 23:46:19,644 [pool-52-thread-1] INFO  server.RaftServerConfigKeys (ConfUtils.java:logGet(43)) - raft.server.log.statemachine.data.sync = true (default)
2019-10-21 23:46:19,644 [pool-52-thread-1] INFO  server.RaftServerConfigKeys (ConfUtils.java:logGet(43)) - raft.server.log.statemachine.data.sync.timeout = 10s (default)
2019-10-21 23:46:19,644 [pool-52-thread-1] INFO  server.RaftServerConfigKeys (ConfUtils.java:logGet(43)) - raft.server.log.statemachine.data.sync.timeout.retry = -1 (default)
2019-10-21 23:46:19,645 [pool-52-thread-1] INFO  server.RaftServerConfigKeys (ConfUtils.java:logGet(43)) - raft.server.log.statemachine.data.caching.enabled = true (custom)
2019-10-21 23:46:19,645 [pool-52-thread-1] INFO  segmented.SegmentedRaftLogWorker (SegmentedRaftLogWorker.java:lambda$new$0(128)) - 2d94e77f-9391-4752-a0b9-35f68ed45d4f@group-451E71657E4C-SegmentedRaftLogWorker: flushIndex: setUnconditionally 0 -> -1
2019-10-21 23:46:19,645 [pool-52-thread-1] INFO  server.RaftServerConfigKeys (ConfUtils.java:logGet(43)) - raft.server.snapshot.auto.trigger.enabled = true (custom)
2019-10-21 23:46:19,645 [pool-52-thread-1] INFO  server.RaftServerConfigKeys (ConfUtils.java:logGet(43)) - raft.server.snapshot.auto.trigger.threshold = 10000 (custom)
2019-10-21 23:46:19,645 [pool-52-thread-1] INFO  server.RaftServerConfigKeys (ConfUtils.java:logGet(43)) - raft.server.snapshot.retention.file.num = 5 (custom)
2019-10-21 23:46:19,646 [pool-52-thread-1] INFO  server.RaftServerConfigKeys (ConfUtils.java:logGet(43)) - raft.server.retrycache.expirytime = 600000ms (custom)
2019-10-21 23:46:19,649 [pool-52-thread-1] INFO  impl.RaftServerImpl (RaftServerImpl.java:start(195)) - 2d94e77f-9391-4752-a0b9-35f68ed45d4f@group-451E71657E4C: start as a follower, conf=-1: [2d94e77f-9391-4752-a0b9-35f68ed45d4f:192.168.157.254:38418], old=null
2019-10-21 23:46:19,649 [pool-52-thread-1] INFO  impl.RaftServerImpl (RaftServerImpl.java:setRole(184)) - 2d94e77f-9391-4752-a0b9-35f68ed45d4f@group-451E71657E4C: changes role from      null to FOLLOWER at term 0 for startAsFollower
2019-10-21 23:46:19,649 [pool-52-thread-1] INFO  impl.RoleInfo (RoleInfo.java:updateAndGet(143)) - 2d94e77f-9391-4752-a0b9-35f68ed45d4f: start FollowerState
2019-10-21 23:46:19,650 [pool-52-thread-1] INFO  util.JmxRegister (JmxRegister.java:tryRegister(44)) - Successfully registered JMX Bean with object name Ratis:service=RaftServer,group=group-451E71657E4C,id=2d94e77f-9391-4752-a0b9-35f68ed45d4f
2019-10-21 23:46:19,655 [1360619e-ba1e-4bf9-aec1-9f15b5480b27@group-CCA511E4D8DB-LeaderElection3] INFO  impl.LeaderElection (LeaderElection.java:askForVotes(178)) - 1360619e-ba1e-4bf9-aec1-9f15b5480b27@group-CCA511E4D8DB-LeaderElection3: begin an election at term 1 for -1: [1360619e-ba1e-4bf9-aec1-9f15b5480b27:192.168.157.254:45658], old=null
2019-10-21 23:46:19,655 [c58a0a02-acd3-47c8-b3e9-5b8e0493de45@group-36633553C35C-LeaderElection4] INFO  impl.LeaderElection (LeaderElection.java:askForVotes(178)) - c58a0a02-acd3-47c8-b3e9-5b8e0493de45@group-36633553C35C-LeaderElection4: begin an election at term 1 for -1: [c58a0a02-acd3-47c8-b3e9-5b8e0493de45:192.168.157.254:33611], old=null
2019-10-21 23:46:19,655 [1360619e-ba1e-4bf9-aec1-9f15b5480b27@group-CCA511E4D8DB-LeaderElection3] INFO  impl.RoleInfo (RoleInfo.java:shutdownLeaderElection(134)) - 1360619e-ba1e-4bf9-aec1-9f15b5480b27: shutdown LeaderElection
2019-10-21 23:46:19,655 [c58a0a02-acd3-47c8-b3e9-5b8e0493de45@group-36633553C35C-LeaderElection4] INFO  impl.RoleInfo (RoleInfo.java:shutdownLeaderElection(134)) - c58a0a02-acd3-47c8-b3e9-5b8e0493de45: shutdown LeaderElection
2019-10-21 23:46:19,655 [1360619e-ba1e-4bf9-aec1-9f15b5480b27@group-CCA511E4D8DB-LeaderElection3] INFO  impl.RaftServerImpl (RaftServerImpl.java:setRole(184)) - 1360619e-ba1e-4bf9-aec1-9f15b5480b27@group-CCA511E4D8DB: changes role from CANDIDATE to LEADER at term 1 for changeToLeader
2019-10-21 23:46:19,655 [c58a0a02-acd3-47c8-b3e9-5b8e0493de45@group-36633553C35C-LeaderElection4] INFO  impl.RaftServerImpl (RaftServerImpl.java:setRole(184)) - c58a0a02-acd3-47c8-b3e9-5b8e0493de45@group-36633553C35C: changes role from CANDIDATE to LEADER at term 1 for changeToLeader
2019-10-21 23:46:19,655 [1360619e-ba1e-4bf9-aec1-9f15b5480b27@group-CCA511E4D8DB-LeaderElection3] INFO  impl.RaftServerImpl (ServerState.java:setLeader(256)) - 1360619e-ba1e-4bf9-aec1-9f15b5480b27@group-CCA511E4D8DB: change Leader from null to 1360619e-ba1e-4bf9-aec1-9f15b5480b27 at term 1 for becomeLeader, leader elected after 88ms
2019-10-21 23:46:19,656 [c58a0a02-acd3-47c8-b3e9-5b8e0493de45@group-36633553C35C-LeaderElection4] INFO  impl.RaftServerImpl (ServerState.java:setLeader(256)) - c58a0a02-acd3-47c8-b3e9-5b8e0493de45@group-36633553C35C: change Leader from null to c58a0a02-acd3-47c8-b3e9-5b8e0493de45 at term 1 for becomeLeader, leader elected after 176ms
2019-10-21 23:46:19,657 [1360619e-ba1e-4bf9-aec1-9f15b5480b27@group-CCA511E4D8DB-LeaderElection3] INFO  server.RaftServerConfigKeys (ConfUtils.java:logGet(43)) - raft.server.staging.catchup.gap = 1000 (default)
2019-10-21 23:46:19,657 [c58a0a02-acd3-47c8-b3e9-5b8e0493de45@group-36633553C35C-LeaderElection4] INFO  server.RaftServerConfigKeys (ConfUtils.java:logGet(43)) - raft.server.staging.catchup.gap = 1000 (default)
2019-10-21 23:46:19,658 [1360619e-ba1e-4bf9-aec1-9f15b5480b27@group-CCA511E4D8DB-LeaderElection3] INFO  server.RaftServerConfigKeys (ConfUtils.java:logGet(43)) - raft.server.rpc.sleep.time = 25ms (default)
2019-10-21 23:46:19,658 [c58a0a02-acd3-47c8-b3e9-5b8e0493de45@group-36633553C35C-LeaderElection4] INFO  server.RaftServerConfigKeys (ConfUtils.java:logGet(43)) - raft.server.rpc.sleep.time = 25ms (default)
2019-10-21 23:46:19,659 [1360619e-ba1e-4bf9-aec1-9f15b5480b27@group-CCA511E4D8DB-LeaderElection3] INFO  server.RaftServerConfigKeys (ConfUtils.java:logGet(43)) - raft.server.write.element-limit = 4096 (default)
2019-10-21 23:46:19,659 [c58a0a02-acd3-47c8-b3e9-5b8e0493de45@group-36633553C35C-LeaderElection4] INFO  server.RaftServerConfigKeys (ConfUtils.java:logGet(43)) - raft.server.write.element-limit = 4096 (default)
2019-10-21 23:46:19,659 [1360619e-ba1e-4bf9-aec1-9f15b5480b27@group-CCA511E4D8DB-LeaderElection3] INFO  server.RaftServerConfigKeys (ConfUtils.java:logGet(43)) - raft.server.watch.timeout = 10s (default)
2019-10-21 23:46:19,660 [c58a0a02-acd3-47c8-b3e9-5b8e0493de45@group-36633553C35C-LeaderElection4] INFO  server.RaftServerConfigKeys (ConfUtils.java:logGet(43)) - raft.server.watch.timeout = 10s (default)
2019-10-21 23:46:19,660 [1360619e-ba1e-4bf9-aec1-9f15b5480b27@group-CCA511E4D8DB-LeaderElection3] INFO  server.RaftServerConfigKeys (ConfUtils.java:logGet(43)) - raft.server.watch.timeout.denomination = 1s (default)
2019-10-21 23:46:19,660 [c58a0a02-acd3-47c8-b3e9-5b8e0493de45@group-36633553C35C-LeaderElection4] INFO  server.RaftServerConfigKeys (ConfUtils.java:logGet(43)) - raft.server.watch.timeout.denomination = 1s (default)
2019-10-21 23:46:19,661 [1360619e-ba1e-4bf9-aec1-9f15b5480b27@group-CCA511E4D8DB-LeaderElection3] INFO  server.RaftServerConfigKeys (ConfUtils.java:logGet(43)) - raft.server.watch.element-limit = 65536 (default)
2019-10-21 23:46:19,661 [c58a0a02-acd3-47c8-b3e9-5b8e0493de45@group-36633553C35C-LeaderElection4] INFO  server.RaftServerConfigKeys (ConfUtils.java:logGet(43)) - raft.server.watch.element-limit = 65536 (default)
2019-10-21 23:46:19,662 [RatisPipelineUtilsThread] INFO  pipeline.PipelineStateManager (PipelineStateManager.java:addPipeline(56)) - Created pipeline Pipeline[ Id: 2cef5147-a65d-4188-94b8-451e71657e4c, Nodes: 2d94e77f-9391-4752-a0b9-35f68ed45d4f{ip: 192.168.157.254, host: pr-hdds-2343-5q8j9-3338874002, networkLocation: /rack1, certSerialId: null}, Type:RATIS, Factor:ONE, State:OPEN]
2019-10-21 23:46:19,664 [1360619e-ba1e-4bf9-aec1-9f15b5480b27@group-CCA511E4D8DB-LeaderElection3] INFO  impl.RoleInfo (RoleInfo.java:updateAndGet(143)) - 1360619e-ba1e-4bf9-aec1-9f15b5480b27: start LeaderState
2019-10-21 23:46:19,664 [Thread-215] INFO  impl.FollowerState (FollowerState.java:run(108)) - 2d94e77f-9391-4752-a0b9-35f68ed45d4f@group-451E71657E4C-FollowerState: change to CANDIDATE, lastRpcTime:14ms, electionTimeout:14ms
2019-10-21 23:46:19,664 [1360619e-ba1e-4bf9-aec1-9f15b5480b27@group-CCA511E4D8DB-LeaderElection3] INFO  segmented.SegmentedRaftLogWorker (SegmentedRaftLogWorker.java:startLogSegment(385)) - 1360619e-ba1e-4bf9-aec1-9f15b5480b27@group-CCA511E4D8DB-SegmentedRaftLogWorker: Starting segment from index:0
2019-10-21 23:46:19,664 [c58a0a02-acd3-47c8-b3e9-5b8e0493de45@group-36633553C35C-LeaderElection4] INFO  impl.RoleInfo (RoleInfo.java:updateAndGet(143)) - c58a0a02-acd3-47c8-b3e9-5b8e0493de45: start LeaderState
2019-10-21 23:46:19,664 [Thread-215] INFO  impl.RoleInfo (RoleInfo.java:shutdownFollowerState(121)) - 2d94e77f-9391-4752-a0b9-35f68ed45d4f: shutdown FollowerState
2019-10-21 23:46:19,667 [c58a0a02-acd3-47c8-b3e9-5b8e0493de45@group-36633553C35C-LeaderElection4] INFO  segmented.SegmentedRaftLogWorker (SegmentedRaftLogWorker.java:startLogSegment(385)) - c58a0a02-acd3-47c8-b3e9-5b8e0493de45@group-36633553C35C-SegmentedRaftLogWorker: Starting segment from index:0
2019-10-21 23:46:19,667 [Thread-215] INFO  impl.RaftServerImpl (RaftServerImpl.java:setRole(184)) - 2d94e77f-9391-4752-a0b9-35f68ed45d4f@group-451E71657E4C: changes role from  FOLLOWER to CANDIDATE at term 0 for changeToCandidate
2019-10-21 23:46:19,667 [1360619e-ba1e-4bf9-aec1-9f15b5480b27@group-CCA511E4D8DB-LeaderElection3] INFO  impl.RaftServerImpl (ServerState.java:setRaftConf(357)) - 1360619e-ba1e-4bf9-aec1-9f15b5480b27@group-CCA511E4D8DB: set configuration 0: [1360619e-ba1e-4bf9-aec1-9f15b5480b27:192.168.157.254:45658], old=null at 0
2019-10-21 23:46:19,694 [Thread-215] INFO  impl.RoleInfo (RoleInfo.java:updateAndGet(143)) - 2d94e77f-9391-4752-a0b9-35f68ed45d4f: start LeaderElection
2019-10-21 23:46:19,695 [c58a0a02-acd3-47c8-b3e9-5b8e0493de45@group-36633553C35C-LeaderElection4] INFO  impl.RaftServerImpl (ServerState.java:setRaftConf(357)) - c58a0a02-acd3-47c8-b3e9-5b8e0493de45@group-36633553C35C: set configuration 0: [c58a0a02-acd3-47c8-b3e9-5b8e0493de45:192.168.157.254:33611], old=null at 0
2019-10-21 23:46:19,720 [1360619e-ba1e-4bf9-aec1-9f15b5480b27@group-CCA511E4D8DB-SegmentedRaftLogWorker] INFO  segmented.SegmentedRaftLogWorker (SegmentedRaftLogWorker.java:execute(576)) - 1360619e-ba1e-4bf9-aec1-9f15b5480b27@group-CCA511E4D8DB-SegmentedRaftLogWorker: created new log segment /workdir/hadoop-ozone/integration-test/target/test-dir/MiniOzoneClusterImpl-03ba4f64-2230-4ee7-8bd6-fbf0e67d2e92/datanode-3/data/ratis/39663723-077c-4667-91a3-cca511e4d8db/current/log_inprogress_0
2019-10-21 23:46:19,733 [c58a0a02-acd3-47c8-b3e9-5b8e0493de45@group-36633553C35C-SegmentedRaftLogWorker] INFO  segmented.SegmentedRaftLogWorker (SegmentedRaftLogWorker.java:execute(576)) - c58a0a02-acd3-47c8-b3e9-5b8e0493de45@group-36633553C35C-SegmentedRaftLogWorker: created new log segment /workdir/hadoop-ozone/integration-test/target/test-dir/MiniOzoneClusterImpl-03ba4f64-2230-4ee7-8bd6-fbf0e67d2e92/datanode-1/data/ratis/744ecee6-3dd5-4aec-9ffc-36633553c35c/current/log_inprogress_0
2019-10-21 23:46:19,734 [2d94e77f-9391-4752-a0b9-35f68ed45d4f@group-451E71657E4C-LeaderElection5] INFO  impl.LeaderElection (LeaderElection.java:askForVotes(178)) - 2d94e77f-9391-4752-a0b9-35f68ed45d4f@group-451E71657E4C-LeaderElection5: begin an election at term 1 for -1: [2d94e77f-9391-4752-a0b9-35f68ed45d4f:192.168.157.254:38418], old=null
2019-10-21 23:46:19,735 [2d94e77f-9391-4752-a0b9-35f68ed45d4f@group-451E71657E4C-LeaderElection5] INFO  impl.RoleInfo (RoleInfo.java:shutdownLeaderElection(134)) - 2d94e77f-9391-4752-a0b9-35f68ed45d4f: shutdown LeaderElection
2019-10-21 23:46:19,735 [2d94e77f-9391-4752-a0b9-35f68ed45d4f@group-451E71657E4C-LeaderElection5] INFO  impl.RaftServerImpl (RaftServerImpl.java:setRole(184)) - 2d94e77f-9391-4752-a0b9-35f68ed45d4f@group-451E71657E4C: changes role from CANDIDATE to LEADER at term 1 for changeToLeader
2019-10-21 23:46:19,735 [2d94e77f-9391-4752-a0b9-35f68ed45d4f@group-451E71657E4C-LeaderElection5] INFO  impl.RaftServerImpl (ServerState.java:setLeader(256)) - 2d94e77f-9391-4752-a0b9-35f68ed45d4f@group-451E71657E4C: change Leader from null to 2d94e77f-9391-4752-a0b9-35f68ed45d4f at term 1 for becomeLeader, leader elected after 98ms
2019-10-21 23:46:19,736 [2d94e77f-9391-4752-a0b9-35f68ed45d4f@group-451E71657E4C-LeaderElection5] INFO  server.RaftServerConfigKeys (ConfUtils.java:logGet(43)) - raft.server.staging.catchup.gap = 1000 (default)
2019-10-21 23:46:19,736 [2d94e77f-9391-4752-a0b9-35f68ed45d4f@group-451E71657E4C-LeaderElection5] INFO  server.RaftServerConfigKeys (ConfUtils.java:logGet(43)) - raft.server.rpc.sleep.time = 25ms (default)
2019-10-21 23:46:19,737 [2d94e77f-9391-4752-a0b9-35f68ed45d4f@group-451E71657E4C-LeaderElection5] INFO  server.RaftServerConfigKeys (ConfUtils.java:logGet(43)) - raft.server.write.element-limit = 4096 (default)
2019-10-21 23:46:19,738 [2d94e77f-9391-4752-a0b9-35f68ed45d4f@group-451E71657E4C-LeaderElection5] INFO  server.RaftServerConfigKeys (ConfUtils.java:logGet(43)) - raft.server.watch.timeout = 10s (default)
2019-10-21 23:46:19,739 [2d94e77f-9391-4752-a0b9-35f68ed45d4f@group-451E71657E4C-LeaderElection5] INFO  server.RaftServerConfigKeys (ConfUtils.java:logGet(43)) - raft.server.watch.timeout.denomination = 1s (default)
2019-10-21 23:46:19,739 [2d94e77f-9391-4752-a0b9-35f68ed45d4f@group-451E71657E4C-LeaderElection5] INFO  server.RaftServerConfigKeys (ConfUtils.java:logGet(43)) - raft.server.watch.element-limit = 65536 (default)
2019-10-21 23:46:19,749 [grpc-default-executor-2] INFO  impl.RaftServerProxy (RaftServerProxy.java:addNew(89)) - 1360619e-ba1e-4bf9-aec1-9f15b5480b27: addNew group-2FABE92B7E5B:[c58a0a02-acd3-47c8-b3e9-5b8e0493de45:192.168.157.254:33611, 1360619e-ba1e-4bf9-aec1-9f15b5480b27:192.168.157.254:45658, b88b3e43-5534-49b3-b3f2-a9f154b450de:192.168.157.254:46786] returns group-2FABE92B7E5B:java.util.concurrent.CompletableFuture@24fb2fb5[Not completed]
2019-10-21 23:46:19,749 [grpc-default-executor-1] INFO  impl.RaftServerProxy (RaftServerProxy.java:addNew(89)) - b88b3e43-5534-49b3-b3f2-a9f154b450de: addNew group-2FABE92B7E5B:[c58a0a02-acd3-47c8-b3e9-5b8e0493de45:192.168.157.254:33611, 1360619e-ba1e-4bf9-aec1-9f15b5480b27:192.168.157.254:45658, b88b3e43-5534-49b3-b3f2-a9f154b450de:192.168.157.254:46786] returns group-2FABE92B7E5B:java.util.concurrent.CompletableFuture@19805280[Not completed]
2019-10-21 23:46:19,751 [grpc-default-executor-0] INFO  impl.RaftServerProxy (RaftServerProxy.java:addNew(89)) - c58a0a02-acd3-47c8-b3e9-5b8e0493de45: addNew group-2FABE92B7E5B:[c58a0a02-acd3-47c8-b3e9-5b8e0493de45:192.168.157.254:33611, 1360619e-ba1e-4bf9-aec1-9f15b5480b27:192.168.157.254:45658, b88b3e43-5534-49b3-b3f2-a9f154b450de:192.168.157.254:46786] returns group-2FABE92B7E5B:java.util.concurrent.CompletableFuture@7d9452ff[Not completed]
2019-10-21 23:46:19,752 [2d94e77f-9391-4752-a0b9-35f68ed45d4f@group-451E71657E4C-LeaderElection5] INFO  impl.RoleInfo (RoleInfo.java:updateAndGet(143)) - 2d94e77f-9391-4752-a0b9-35f68ed45d4f: start LeaderState
2019-10-21 23:46:19,752 [2d94e77f-9391-4752-a0b9-35f68ed45d4f@group-451E71657E4C-LeaderElection5] INFO  segmented.SegmentedRaftLogWorker (SegmentedRaftLogWorker.java:startLogSegment(385)) - 2d94e77f-9391-4752-a0b9-35f68ed45d4f@group-451E71657E4C-SegmentedRaftLogWorker: Starting segment from index:0
2019-10-21 23:46:19,753 [pool-62-thread-1] INFO  impl.RaftServerImpl (RaftServerImpl.java:<init>(104)) - 1360619e-ba1e-4bf9-aec1-9f15b5480b27: new RaftServerImpl for group-2FABE92B7E5B:[c58a0a02-acd3-47c8-b3e9-5b8e0493de45:192.168.157.254:33611, 1360619e-ba1e-4bf9-aec1-9f15b5480b27:192.168.157.254:45658, b88b3e43-5534-49b3-b3f2-a9f154b450de:192.168.157.254:46786] with ContainerStateMachine:uninitialized
2019-10-21 23:46:19,753 [2d94e77f-9391-4752-a0b9-35f68ed45d4f@group-451E71657E4C-LeaderElection5] INFO  impl.RaftServerImpl (ServerState.java:setRaftConf(357)) - 2d94e77f-9391-4752-a0b9-35f68ed45d4f@group-451E71657E4C: set configuration 0: [2d94e77f-9391-4752-a0b9-35f68ed45d4f:192.168.157.254:38418], old=null at 0
2019-10-21 23:46:19,753 [pool-62-thread-1] INFO  server.RaftServerConfigKeys (ConfUtils.java:logGet(43)) - raft.server.rpc.timeout.min = 5s (custom)
2019-10-21 23:46:19,777 [pool-62-thread-1] INFO  server.RaftServerConfigKeys (ConfUtils.java:logGet(43)) - raft.server.rpc.timeout.max = 5200ms (custom)
2019-10-21 23:46:19,777 [pool-62-thread-1] INFO  server.RaftServerConfigKeys (ConfUtils.java:logGet(43)) - raft.server.rpcslowness.timeout = 120s (custom)
2019-10-21 23:46:19,778 [pool-62-thread-1] INFO  server.RaftServerConfigKeys (ConfUtils.java:logGet(43)) - raft.server.sleep.deviation.threshold = 300 (default)
2019-10-21 23:46:19,778 [pool-42-thread-1] INFO  impl.RaftServerImpl (RaftServerImpl.java:<init>(104)) - c58a0a02-acd3-47c8-b3e9-5b8e0493de45: new RaftServerImpl for group-2FABE92B7E5B:[c58a0a02-acd3-47c8-b3e9-5b8e0493de45:192.168.157.254:33611, 1360619e-ba1e-4bf9-aec1-9f15b5480b27:192.168.157.254:45658, b88b3e43-5534-49b3-b3f2-a9f154b450de:192.168.157.254:46786] with ContainerStateMachine:uninitialized
2019-10-21 23:46:19,778 [pool-62-thread-1] INFO  server.RaftServerConfigKeys (ConfUtils.java:logGet(43)) - raft.server.log.appender.install.snapshot.enabled = false (custom)
2019-10-21 23:46:19,778 [pool-42-thread-1] INFO  server.RaftServerConfigKeys (ConfUtils.java:logGet(43)) - raft.server.rpc.timeout.min = 5s (custom)
2019-10-21 23:46:19,778 [pool-62-thread-1] INFO  impl.RaftServerImpl (ServerState.java:<init>(103)) - 1360619e-ba1e-4bf9-aec1-9f15b5480b27@group-2FABE92B7E5B: ConfigurationManager, init=-1: [c58a0a02-acd3-47c8-b3e9-5b8e0493de45:192.168.157.254:33611, 1360619e-ba1e-4bf9-aec1-9f15b5480b27:192.168.157.254:45658, b88b3e43-5534-49b3-b3f2-a9f154b450de:192.168.157.254:46786], old=null, confs=<EMPTY_MAP>
2019-10-21 23:46:19,778 [pool-42-thread-1] INFO  server.RaftServerConfigKeys (ConfUtils.java:logGet(43)) - raft.server.rpc.timeout.max = 5200ms (custom)
2019-10-21 23:46:19,778 [pool-42-thread-1] INFO  server.RaftServerConfigKeys (ConfUtils.java:logGet(43)) - raft.server.rpcslowness.timeout = 120s (custom)
2019-10-21 23:46:19,778 [pool-62-thread-1] INFO  server.RaftServerConfigKeys (ConfUtils.java:logGet(43)) - raft.server.storage.dir = [/workdir/hadoop-ozone/integration-test/target/test-dir/MiniOzoneClusterImpl-03ba4f64-2230-4ee7-8bd6-fbf0e67d2e92/datanode-3/data/ratis] (custom)
2019-10-21 23:46:19,778 [pool-42-thread-1] INFO  server.RaftServerConfigKeys (ConfUtils.java:logGet(43)) - raft.server.sleep.deviation.threshold = 300 (default)
2019-10-21 23:46:19,778 [pool-42-thread-1] INFO  server.RaftServerConfigKeys (ConfUtils.java:logGet(43)) - raft.server.log.appender.install.snapshot.enabled = false (custom)
2019-10-21 23:46:19,779 [pool-62-thread-1] INFO  server.RaftServerConfigKeys (ConfUtils.java:logGet(43)) - raft.server.log.corruption.policy = EXCEPTION (default)
2019-10-21 23:46:19,779 [pool-32-thread-1] INFO  impl.RaftServerImpl (RaftServerImpl.java:<init>(104)) - b88b3e43-5534-49b3-b3f2-a9f154b450de: new RaftServerImpl for group-2FABE92B7E5B:[c58a0a02-acd3-47c8-b3e9-5b8e0493de45:192.168.157.254:33611, 1360619e-ba1e-4bf9-aec1-9f15b5480b27:192.168.157.254:45658, b88b3e43-5534-49b3-b3f2-a9f154b450de:192.168.157.254:46786] with ContainerStateMachine:uninitialized
2019-10-21 23:46:19,779 [pool-42-thread-1] INFO  impl.RaftServerImpl (ServerState.java:<init>(103)) - c58a0a02-acd3-47c8-b3e9-5b8e0493de45@group-2FABE92B7E5B: ConfigurationManager, init=-1: [c58a0a02-acd3-47c8-b3e9-5b8e0493de45:192.168.157.254:33611, 1360619e-ba1e-4bf9-aec1-9f15b5480b27:192.168.157.254:45658, b88b3e43-5534-49b3-b3f2-a9f154b450de:192.168.157.254:46786], old=null, confs=<EMPTY_MAP>
2019-10-21 23:46:19,779 [pool-62-thread-1] INFO  storage.RaftStorageDirectory (RaftStorageDirectory.java:analyzeStorage(246)) - The storage directory /workdir/hadoop-ozone/integration-test/target/test-dir/MiniOzoneClusterImpl-03ba4f64-2230-4ee7-8bd6-fbf0e67d2e92/datanode-3/data/ratis/d376d26b-11b3-4d40-8062-2fabe92b7e5b does not exist. Creating ...
2019-10-21 23:46:19,779 [pool-32-thread-1] INFO  server.RaftServerConfigKeys (ConfUtils.java:logGet(43)) - raft.server.rpc.timeout.min = 5s (custom)
2019-10-21 23:46:19,779 [pool-42-thread-1] INFO  server.RaftServerConfigKeys (ConfUtils.java:logGet(43)) - raft.server.storage.dir = [/workdir/hadoop-ozone/integration-test/target/test-dir/MiniOzoneClusterImpl-03ba4f64-2230-4ee7-8bd6-fbf0e67d2e92/datanode-1/data/ratis] (custom)
2019-10-21 23:46:19,779 [pool-32-thread-1] INFO  server.RaftServerConfigKeys (ConfUtils.java:logGet(43)) - raft.server.rpc.timeout.max = 5200ms (custom)
2019-10-21 23:46:19,779 [pool-32-thread-1] INFO  server.RaftServerConfigKeys (ConfUtils.java:logGet(43)) - raft.server.rpcslowness.timeout = 120s (custom)
2019-10-21 23:46:19,779 [pool-42-thread-1] INFO  server.RaftServerConfigKeys (ConfUtils.java:logGet(43)) - raft.server.log.corruption.policy = EXCEPTION (default)
2019-10-21 23:46:19,779 [pool-32-thread-1] INFO  server.RaftServerConfigKeys (ConfUtils.java:logGet(43)) - raft.server.sleep.deviation.threshold = 300 (default)
2019-10-21 23:46:19,779 [pool-42-thread-1] INFO  storage.RaftStorageDirectory (RaftStorageDirectory.java:analyzeStorage(246)) - The storage directory /workdir/hadoop-ozone/integration-test/target/test-dir/MiniOzoneClusterImpl-03ba4f64-2230-4ee7-8bd6-fbf0e67d2e92/datanode-1/data/ratis/d376d26b-11b3-4d40-8062-2fabe92b7e5b does not exist. Creating ...
2019-10-21 23:46:19,780 [pool-32-thread-1] INFO  server.RaftServerConfigKeys (ConfUtils.java:logGet(43)) - raft.server.log.appender.install.snapshot.enabled = false (custom)
2019-10-21 23:46:19,780 [pool-32-thread-1] INFO  impl.RaftServerImpl (ServerState.java:<init>(103)) - b88b3e43-5534-49b3-b3f2-a9f154b450de@group-2FABE92B7E5B: ConfigurationManager, init=-1: [c58a0a02-acd3-47c8-b3e9-5b8e0493de45:192.168.157.254:33611, 1360619e-ba1e-4bf9-aec1-9f15b5480b27:192.168.157.254:45658, b88b3e43-5534-49b3-b3f2-a9f154b450de:192.168.157.254:46786], old=null, confs=<EMPTY_MAP>
2019-10-21 23:46:19,780 [pool-32-thread-1] INFO  server.RaftServerConfigKeys (ConfUtils.java:logGet(43)) - raft.server.storage.dir = [/workdir/hadoop-ozone/integration-test/target/test-dir/MiniOzoneClusterImpl-03ba4f64-2230-4ee7-8bd6-fbf0e67d2e92/datanode-0/data/ratis] (custom)
2019-10-21 23:46:19,780 [2d94e77f-9391-4752-a0b9-35f68ed45d4f@group-451E71657E4C-SegmentedRaftLogWorker] INFO  segmented.SegmentedRaftLogWorker (SegmentedRaftLogWorker.java:execute(576)) - 2d94e77f-9391-4752-a0b9-35f68ed45d4f@group-451E71657E4C-SegmentedRaftLogWorker: created new log segment /workdir/hadoop-ozone/integration-test/target/test-dir/MiniOzoneClusterImpl-03ba4f64-2230-4ee7-8bd6-fbf0e67d2e92/datanode-2/data/ratis/2cef5147-a65d-4188-94b8-451e71657e4c/current/log_inprogress_0
2019-10-21 23:46:19,780 [pool-32-thread-1] INFO  server.RaftServerConfigKeys (ConfUtils.java:logGet(43)) - raft.server.log.corruption.policy = EXCEPTION (default)
2019-10-21 23:46:19,780 [pool-32-thread-1] INFO  storage.RaftStorageDirectory (RaftStorageDirectory.java:analyzeStorage(246)) - The storage directory /workdir/hadoop-ozone/integration-test/target/test-dir/MiniOzoneClusterImpl-03ba4f64-2230-4ee7-8bd6-fbf0e67d2e92/datanode-0/data/ratis/d376d26b-11b3-4d40-8062-2fabe92b7e5b does not exist. Creating ...
2019-10-21 23:46:19,795 [pool-32-thread-1] INFO  storage.RaftStorageDirectory (RaftStorageDirectory.java:tryLock(328)) - Lock on /workdir/hadoop-ozone/integration-test/target/test-dir/MiniOzoneClusterImpl-03ba4f64-2230-4ee7-8bd6-fbf0e67d2e92/datanode-0/data/ratis/d376d26b-11b3-4d40-8062-2fabe92b7e5b/in_use.lock acquired by nodename 18489@pr-hdds-2343-5q8j9-3338874002
2019-10-21 23:46:19,795 [pool-62-thread-1] INFO  storage.RaftStorageDirectory (RaftStorageDirectory.java:tryLock(328)) - Lock on /workdir/hadoop-ozone/integration-test/target/test-dir/MiniOzoneClusterImpl-03ba4f64-2230-4ee7-8bd6-fbf0e67d2e92/datanode-3/data/ratis/d376d26b-11b3-4d40-8062-2fabe92b7e5b/in_use.lock acquired by nodename 18489@pr-hdds-2343-5q8j9-3338874002
2019-10-21 23:46:19,795 [pool-42-thread-1] INFO  storage.RaftStorageDirectory (RaftStorageDirectory.java:tryLock(328)) - Lock on /workdir/hadoop-ozone/integration-test/target/test-dir/MiniOzoneClusterImpl-03ba4f64-2230-4ee7-8bd6-fbf0e67d2e92/datanode-1/data/ratis/d376d26b-11b3-4d40-8062-2fabe92b7e5b/in_use.lock acquired by nodename 18489@pr-hdds-2343-5q8j9-3338874002
2019-10-21 23:46:19,809 [pool-32-thread-1] INFO  storage.RaftStorage (RaftStorage.java:format(84)) - Storage directory /workdir/hadoop-ozone/integration-test/target/test-dir/MiniOzoneClusterImpl-03ba4f64-2230-4ee7-8bd6-fbf0e67d2e92/datanode-0/data/ratis/d376d26b-11b3-4d40-8062-2fabe92b7e5b has been successfully formatted.
2019-10-21 23:46:19,809 [pool-62-thread-1] INFO  storage.RaftStorage (RaftStorage.java:format(84)) - Storage directory /workdir/hadoop-ozone/integration-test/target/test-dir/MiniOzoneClusterImpl-03ba4f64-2230-4ee7-8bd6-fbf0e67d2e92/datanode-3/data/ratis/d376d26b-11b3-4d40-8062-2fabe92b7e5b has been successfully formatted.
2019-10-21 23:46:19,809 [pool-42-thread-1] INFO  storage.RaftStorage (RaftStorage.java:format(84)) - Storage directory /workdir/hadoop-ozone/integration-test/target/test-dir/MiniOzoneClusterImpl-03ba4f64-2230-4ee7-8bd6-fbf0e67d2e92/datanode-1/data/ratis/d376d26b-11b3-4d40-8062-2fabe92b7e5b has been successfully formatted.
2019-10-21 23:46:19,809 [pool-32-thread-1] INFO  ratis.ContainerStateMachine (ContainerStateMachine.java:loadSnapshot(231)) - group-2FABE92B7E5B: The snapshot info is null. Setting the last applied indexto:(t:0, i:~)
2019-10-21 23:46:19,810 [pool-42-thread-1] INFO  ratis.ContainerStateMachine (ContainerStateMachine.java:loadSnapshot(231)) - group-2FABE92B7E5B: The snapshot info is null. Setting the last applied indexto:(t:0, i:~)
2019-10-21 23:46:19,810 [pool-62-thread-1] INFO  ratis.ContainerStateMachine (ContainerStateMachine.java:loadSnapshot(231)) - group-2FABE92B7E5B: The snapshot info is null. Setting the last applied indexto:(t:0, i:~)
2019-10-21 23:46:19,810 [pool-32-thread-1] INFO  server.RaftServerConfigKeys (ConfUtils.java:logGet(43)) - raft.server.notification.no-leader.timeout = 120s (custom)
2019-10-21 23:46:19,810 [pool-62-thread-1] INFO  server.RaftServerConfigKeys (ConfUtils.java:logGet(43)) - raft.server.notification.no-leader.timeout = 120s (custom)
2019-10-21 23:46:19,810 [pool-42-thread-1] INFO  server.RaftServerConfigKeys (ConfUtils.java:logGet(43)) - raft.server.notification.no-leader.timeout = 120s (custom)
2019-10-21 23:46:19,810 [pool-62-thread-1] INFO  server.RaftServerConfigKeys (ConfUtils.java:logGet(43)) - raft.server.log.use.memory = false (default)
2019-10-21 23:46:19,810 [pool-32-thread-1] INFO  server.RaftServerConfigKeys (ConfUtils.java:logGet(43)) - raft.server.log.use.memory = false (default)
2019-10-21 23:46:19,810 [pool-62-thread-1] INFO  server.RaftServerConfigKeys (ConfUtils.java:logGet(43)) - raft.server.log.purge.gap = 1000000 (custom)
2019-10-21 23:46:19,810 [pool-42-thread-1] INFO  server.RaftServerConfigKeys (ConfUtils.java:logGet(43)) - raft.server.log.use.memory = false (default)
2019-10-21 23:46:19,810 [pool-62-thread-1] INFO  server.RaftServerConfigKeys (ConfUtils.java:logGet(43)) - raft.server.log.appender.buffer.byte-limit = 33554432 (custom)
2019-10-21 23:46:19,810 [pool-32-thread-1] INFO  server.RaftServerConfigKeys (ConfUtils.java:logGet(43)) - raft.server.log.purge.gap = 1000000 (custom)
2019-10-21 23:46:19,811 [pool-62-thread-1] INFO  server.RaftServerConfigKeys (ConfUtils.java:logGet(43)) - raft.server.log.segment.size.max = 1048576 (custom)
2019-10-21 23:46:19,810 [pool-42-thread-1] INFO  server.RaftServerConfigKeys (ConfUtils.java:logGet(43)) - raft.server.log.purge.gap = 1000000 (custom)
2019-10-21 23:46:19,811 [pool-32-thread-1] INFO  server.RaftServerConfigKeys (ConfUtils.java:logGet(43)) - raft.server.log.appender.buffer.byte-limit = 33554432 (custom)
2019-10-21 23:46:19,811 [pool-42-thread-1] INFO  server.RaftServerConfigKeys (ConfUtils.java:logGet(43)) - raft.server.log.appender.buffer.byte-limit = 33554432 (custom)
2019-10-21 23:46:19,811 [pool-62-thread-1] INFO  server.RaftServerConfigKeys (ConfUtils.java:logGet(43)) - raft.server.log.segment.cache.num.max = 2 (custom)
2019-10-21 23:46:19,811 [pool-42-thread-1] INFO  server.RaftServerConfigKeys (ConfUtils.java:logGet(43)) - raft.server.log.segment.size.max = 1048576 (custom)
2019-10-21 23:46:19,811 [pool-32-thread-1] INFO  server.RaftServerConfigKeys (ConfUtils.java:logGet(43)) - raft.server.log.segment.size.max = 1048576 (custom)
2019-10-21 23:46:19,811 [pool-42-thread-1] INFO  server.RaftServerConfigKeys (ConfUtils.java:logGet(43)) - raft.server.log.segment.cache.num.max = 2 (custom)
2019-10-21 23:46:19,811 [pool-42-thread-1] INFO  segmented.SegmentedRaftLogWorker (SegmentedRaftLogWorker.java:<init>(173)) - new c58a0a02-acd3-47c8-b3e9-5b8e0493de45@group-2FABE92B7E5B-SegmentedRaftLogWorker for RaftStorage:Storage Directory /workdir/hadoop-ozone/integration-test/target/test-dir/MiniOzoneClusterImpl-03ba4f64-2230-4ee7-8bd6-fbf0e67d2e92/datanode-1/data/ratis/d376d26b-11b3-4d40-8062-2fabe92b7e5b
2019-10-21 23:46:19,811 [pool-62-thread-1] INFO  segmented.SegmentedRaftLogWorker (SegmentedRaftLogWorker.java:<init>(173)) - new 1360619e-ba1e-4bf9-aec1-9f15b5480b27@group-2FABE92B7E5B-SegmentedRaftLogWorker for RaftStorage:Storage Directory /workdir/hadoop-ozone/integration-test/target/test-dir/MiniOzoneClusterImpl-03ba4f64-2230-4ee7-8bd6-fbf0e67d2e92/datanode-3/data/ratis/d376d26b-11b3-4d40-8062-2fabe92b7e5b
2019-10-21 23:46:19,811 [pool-42-thread-1] INFO  server.RaftServerConfigKeys (ConfUtils.java:logGet(43)) - raft.server.log.queue.byte-limit = 2147483647 (custom)
2019-10-21 23:46:19,811 [pool-32-thread-1] INFO  server.RaftServerConfigKeys (ConfUtils.java:logGet(43)) - raft.server.log.segment.cache.num.max = 2 (custom)
2019-10-21 23:46:19,812 [pool-42-thread-1] INFO  server.RaftServerConfigKeys (ConfUtils.java:logGet(43)) - raft.server.log.queue.element-limit = 1024 (custom)
2019-10-21 23:46:19,812 [pool-62-thread-1] INFO  server.RaftServerConfigKeys (ConfUtils.java:logGet(43)) - raft.server.log.queue.byte-limit = 2147483647 (custom)
2019-10-21 23:46:19,812 [pool-42-thread-1] INFO  server.RaftServerConfigKeys (ConfUtils.java:logGet(43)) - raft.server.log.segment.size.max = 1048576 (custom)
2019-10-21 23:46:19,812 [pool-32-thread-1] INFO  segmented.SegmentedRaftLogWorker (SegmentedRaftLogWorker.java:<init>(173)) - new b88b3e43-5534-49b3-b3f2-a9f154b450de@group-2FABE92B7E5B-SegmentedRaftLogWorker for RaftStorage:Storage Directory /workdir/hadoop-ozone/integration-test/target/test-dir/MiniOzoneClusterImpl-03ba4f64-2230-4ee7-8bd6-fbf0e67d2e92/datanode-0/data/ratis/d376d26b-11b3-4d40-8062-2fabe92b7e5b
2019-10-21 23:46:19,812 [pool-42-thread-1] INFO  server.RaftServerConfigKeys (ConfUtils.java:logGet(43)) - raft.server.log.preallocated.size = 16384 (custom)
2019-10-21 23:46:19,812 [pool-62-thread-1] INFO  server.RaftServerConfigKeys (ConfUtils.java:logGet(43)) - raft.server.log.queue.element-limit = 1024 (custom)
2019-10-21 23:46:19,812 [pool-42-thread-1] INFO  server.RaftServerConfigKeys (ConfUtils.java:logGet(43)) - raft.server.log.write.buffer.size = 33554432 (custom)
2019-10-21 23:46:19,812 [pool-32-thread-1] INFO  server.RaftServerConfigKeys (ConfUtils.java:logGet(43)) - raft.server.log.queue.byte-limit = 2147483647 (custom)
2019-10-21 23:46:19,812 [pool-42-thread-1] INFO  server.RaftServerConfigKeys (ConfUtils.java:logGet(43)) - raft.server.log.force.sync.num = 128 (default)
2019-10-21 23:46:19,812 [pool-62-thread-1] INFO  server.RaftServerConfigKeys (ConfUtils.java:logGet(43)) - raft.server.log.segment.size.max = 1048576 (custom)
2019-10-21 23:46:19,812 [pool-42-thread-1] INFO  server.RaftServerConfigKeys (ConfUtils.java:logGet(43)) - raft.server.log.statemachine.data.sync = true (default)
2019-10-21 23:46:19,812 [pool-32-thread-1] INFO  server.RaftServerConfigKeys (ConfUtils.java:logGet(43)) - raft.server.log.queue.element-limit = 1024 (custom)
2019-10-21 23:46:19,813 [pool-42-thread-1] INFO  server.RaftServerConfigKeys (ConfUtils.java:logGet(43)) - raft.server.log.statemachine.data.sync.timeout = 10s (default)
2019-10-21 23:46:19,813 [pool-62-thread-1] INFO  server.RaftServerConfigKeys (ConfUtils.java:logGet(43)) - raft.server.log.preallocated.size = 16384 (custom)
2019-10-21 23:46:19,813 [pool-42-thread-1] INFO  server.RaftServerConfigKeys (ConfUtils.java:logGet(43)) - raft.server.log.statemachine.data.sync.timeout.retry = -1 (default)
2019-10-21 23:46:19,813 [pool-32-thread-1] INFO  server.RaftServerConfigKeys (ConfUtils.java:logGet(43)) - raft.server.log.segment.size.max = 1048576 (custom)
2019-10-21 23:46:19,813 [pool-62-thread-1] INFO  server.RaftServerConfigKeys (ConfUtils.java:logGet(43)) - raft.server.log.write.buffer.size = 33554432 (custom)
2019-10-21 23:46:19,813 [pool-42-thread-1] INFO  server.RaftServerConfigKeys (ConfUtils.java:logGet(43)) - raft.server.log.statemachine.data.caching.enabled = true (custom)
2019-10-21 23:46:19,813 [pool-32-thread-1] INFO  server.RaftServerConfigKeys (ConfUtils.java:logGet(43)) - raft.server.log.preallocated.size = 16384 (custom)
2019-10-21 23:46:19,813 [pool-62-thread-1] INFO  server.RaftServerConfigKeys (ConfUtils.java:logGet(43)) - raft.server.log.force.sync.num = 128 (default)
2019-10-21 23:46:19,813 [pool-32-thread-1] INFO  server.RaftServerConfigKeys (ConfUtils.java:logGet(43)) - raft.server.log.write.buffer.size = 33554432 (custom)
2019-10-21 23:46:19,813 [pool-62-thread-1] INFO  server.RaftServerConfigKeys (ConfUtils.java:logGet(43)) - raft.server.log.statemachine.data.sync = true (default)
2019-10-21 23:46:19,813 [pool-42-thread-1] INFO  segmented.SegmentedRaftLogWorker (SegmentedRaftLogWorker.java:lambda$new$0(128)) - c58a0a02-acd3-47c8-b3e9-5b8e0493de45@group-2FABE92B7E5B-SegmentedRaftLogWorker: flushIndex: setUnconditionally 0 -> -1
2019-10-21 23:46:19,814 [pool-62-thread-1] INFO  server.RaftServerConfigKeys (ConfUtils.java:logGet(43)) - raft.server.log.statemachine.data.sync.timeout = 10s (default)
2019-10-21 23:46:19,814 [pool-32-thread-1] INFO  server.RaftServerConfigKeys (ConfUtils.java:logGet(43)) - raft.server.log.force.sync.num = 128 (default)
2019-10-21 23:46:19,814 [pool-62-thread-1] INFO  server.RaftServerConfigKeys (ConfUtils.java:logGet(43)) - raft.server.log.statemachine.data.sync.timeout.retry = -1 (default)
2019-10-21 23:46:19,814 [pool-42-thread-1] INFO  server.RaftServerConfigKeys (ConfUtils.java:logGet(43)) - raft.server.snapshot.auto.trigger.enabled = true (custom)
2019-10-21 23:46:19,814 [pool-32-thread-1] INFO  server.RaftServerConfigKeys (ConfUtils.java:logGet(43)) - raft.server.log.statemachine.data.sync = true (default)
2019-10-21 23:46:19,814 [pool-62-thread-1] INFO  server.RaftServerConfigKeys (ConfUtils.java:logGet(43)) - raft.server.log.statemachine.data.caching.enabled = true (custom)
2019-10-21 23:46:19,814 [pool-42-thread-1] INFO  server.RaftServerConfigKeys (ConfUtils.java:logGet(43)) - raft.server.snapshot.auto.trigger.threshold = 10000 (custom)
2019-10-21 23:46:19,814 [pool-32-thread-1] INFO  server.RaftServerConfigKeys (ConfUtils.java:logGet(43)) - raft.server.log.statemachine.data.sync.timeout = 10s (default)
2019-10-21 23:46:19,814 [pool-42-thread-1] INFO  server.RaftServerConfigKeys (ConfUtils.java:logGet(43)) - raft.server.snapshot.retention.file.num = 5 (custom)
2019-10-21 23:46:19,815 [pool-32-thread-1] INFO  server.RaftServerConfigKeys (ConfUtils.java:logGet(43)) - raft.server.log.statemachine.data.sync.timeout.retry = -1 (default)
2019-10-21 23:46:19,815 [pool-62-thread-1] INFO  segmented.SegmentedRaftLogWorker (SegmentedRaftLogWorker.java:lambda$new$0(128)) - 1360619e-ba1e-4bf9-aec1-9f15b5480b27@group-2FABE92B7E5B-SegmentedRaftLogWorker: flushIndex: setUnconditionally 0 -> -1
2019-10-21 23:46:19,815 [pool-42-thread-1] INFO  server.RaftServerConfigKeys (ConfUtils.java:logGet(43)) - raft.server.retrycache.expirytime = 600000ms (custom)
2019-10-21 23:46:19,815 [pool-32-thread-1] INFO  server.RaftServerConfigKeys (ConfUtils.java:logGet(43)) - raft.server.log.statemachine.data.caching.enabled = true (custom)
2019-10-21 23:46:19,815 [pool-62-thread-1] INFO  server.RaftServerConfigKeys (ConfUtils.java:logGet(43)) - raft.server.snapshot.auto.trigger.enabled = true (custom)
2019-10-21 23:46:19,815 [pool-62-thread-1] INFO  server.RaftServerConfigKeys (ConfUtils.java:logGet(43)) - raft.server.snapshot.auto.trigger.threshold = 10000 (custom)
2019-10-21 23:46:19,815 [pool-32-thread-1] INFO  segmented.SegmentedRaftLogWorker (SegmentedRaftLogWorker.java:lambda$new$0(128)) - b88b3e43-5534-49b3-b3f2-a9f154b450de@group-2FABE92B7E5B-SegmentedRaftLogWorker: flushIndex: setUnconditionally 0 -> -1
2019-10-21 23:46:19,815 [pool-62-thread-1] INFO  server.RaftServerConfigKeys (ConfUtils.java:logGet(43)) - raft.server.snapshot.retention.file.num = 5 (custom)
2019-10-21 23:46:19,815 [pool-32-thread-1] INFO  server.RaftServerConfigKeys (ConfUtils.java:logGet(43)) - raft.server.snapshot.auto.trigger.enabled = true (custom)
2019-10-21 23:46:19,815 [pool-62-thread-1] INFO  server.RaftServerConfigKeys (ConfUtils.java:logGet(43)) - raft.server.retrycache.expirytime = 600000ms (custom)
2019-10-21 23:46:19,816 [pool-32-thread-1] INFO  server.RaftServerConfigKeys (ConfUtils.java:logGet(43)) - raft.server.snapshot.auto.trigger.threshold = 10000 (custom)
2019-10-21 23:46:19,816 [pool-32-thread-1] INFO  server.RaftServerConfigKeys (ConfUtils.java:logGet(43)) - raft.server.snapshot.retention.file.num = 5 (custom)
2019-10-21 23:46:19,816 [pool-32-thread-1] INFO  server.RaftServerConfigKeys (ConfUtils.java:logGet(43)) - raft.server.retrycache.expirytime = 600000ms (custom)
2019-10-21 23:46:19,818 [pool-42-thread-1] INFO  impl.RaftServerImpl (RaftServerImpl.java:start(195)) - c58a0a02-acd3-47c8-b3e9-5b8e0493de45@group-2FABE92B7E5B: start as a follower, conf=-1: [c58a0a02-acd3-47c8-b3e9-5b8e0493de45:192.168.157.254:33611, 1360619e-ba1e-4bf9-aec1-9f15b5480b27:192.168.157.254:45658, b88b3e43-5534-49b3-b3f2-a9f154b450de:192.168.157.254:46786], old=null
2019-10-21 23:46:19,818 [pool-42-thread-1] INFO  impl.RaftServerImpl (RaftServerImpl.java:setRole(184)) - c58a0a02-acd3-47c8-b3e9-5b8e0493de45@group-2FABE92B7E5B: changes role from      null to FOLLOWER at term 0 for startAsFollower
2019-10-21 23:46:19,818 [pool-42-thread-1] INFO  impl.RoleInfo (RoleInfo.java:updateAndGet(143)) - c58a0a02-acd3-47c8-b3e9-5b8e0493de45: start FollowerState
2019-10-21 23:46:19,819 [pool-62-thread-1] INFO  impl.RaftServerImpl (RaftServerImpl.java:start(195)) - 1360619e-ba1e-4bf9-aec1-9f15b5480b27@group-2FABE92B7E5B: start as a follower, conf=-1: [c58a0a02-acd3-47c8-b3e9-5b8e0493de45:192.168.157.254:33611, 1360619e-ba1e-4bf9-aec1-9f15b5480b27:192.168.157.254:45658, b88b3e43-5534-49b3-b3f2-a9f154b450de:192.168.157.254:46786], old=null
2019-10-21 23:46:19,819 [pool-62-thread-1] INFO  impl.RaftServerImpl (RaftServerImpl.java:setRole(184)) - 1360619e-ba1e-4bf9-aec1-9f15b5480b27@group-2FABE92B7E5B: changes role from      null to FOLLOWER at term 0 for startAsFollower
2019-10-21 23:46:19,819 [pool-42-thread-1] INFO  util.JmxRegister (JmxRegister.java:tryRegister(44)) - Successfully registered JMX Bean with object name Ratis:service=RaftServer,group=group-2FABE92B7E5B,id=c58a0a02-acd3-47c8-b3e9-5b8e0493de45
2019-10-21 23:46:19,819 [pool-32-thread-1] INFO  impl.RaftServerImpl (RaftServerImpl.java:start(195)) - b88b3e43-5534-49b3-b3f2-a9f154b450de@group-2FABE92B7E5B: start as a follower, conf=-1: [c58a0a02-acd3-47c8-b3e9-5b8e0493de45:192.168.157.254:33611, 1360619e-ba1e-4bf9-aec1-9f15b5480b27:192.168.157.254:45658, b88b3e43-5534-49b3-b3f2-a9f154b450de:192.168.157.254:46786], old=null
2019-10-21 23:46:19,819 [pool-62-thread-1] INFO  impl.RoleInfo (RoleInfo.java:updateAndGet(143)) - 1360619e-ba1e-4bf9-aec1-9f15b5480b27: start FollowerState
2019-10-21 23:46:19,819 [pool-32-thread-1] INFO  impl.RaftServerImpl (RaftServerImpl.java:setRole(184)) - b88b3e43-5534-49b3-b3f2-a9f154b450de@group-2FABE92B7E5B: changes role from      null to FOLLOWER at term 0 for startAsFollower
2019-10-21 23:46:19,819 [pool-32-thread-1] INFO  impl.RoleInfo (RoleInfo.java:updateAndGet(143)) - b88b3e43-5534-49b3-b3f2-a9f154b450de: start FollowerState
2019-10-21 23:46:19,819 [pool-62-thread-1] INFO  util.JmxRegister (JmxRegister.java:tryRegister(44)) - Successfully registered JMX Bean with object name Ratis:service=RaftServer,group=group-2FABE92B7E5B,id=1360619e-ba1e-4bf9-aec1-9f15b5480b27
2019-10-21 23:46:19,820 [pool-32-thread-1] INFO  util.JmxRegister (JmxRegister.java:tryRegister(44)) - Successfully registered JMX Bean with object name Ratis:service=RaftServer,group=group-2FABE92B7E5B,id=b88b3e43-5534-49b3-b3f2-a9f154b450de
2019-10-21 23:46:19,837 [RatisPipelineUtilsThread] INFO  pipeline.PipelineStateManager (PipelineStateManager.java:addPipeline(56)) - Created pipeline Pipeline[ Id: d376d26b-11b3-4d40-8062-2fabe92b7e5b, Nodes: c58a0a02-acd3-47c8-b3e9-5b8e0493de45{ip: 192.168.157.254, host: pr-hdds-2343-5q8j9-3338874002, networkLocation: /rack1, certSerialId: null}1360619e-ba1e-4bf9-aec1-9f15b5480b27{ip: 192.168.157.254, host: pr-hdds-2343-5q8j9-3338874002, networkLocation: /rack1, certSerialId: null}b88b3e43-5534-49b3-b3f2-a9f154b450de{ip: 192.168.157.254, host: pr-hdds-2343-5q8j9-3338874002, networkLocation: /rack1, certSerialId: null}, Type:RATIS, Factor:THREE, State:OPEN]
2019-10-21 23:46:19,959 [Thread-224] INFO  impl.FollowerState (FollowerState.java:run(108)) - c58a0a02-acd3-47c8-b3e9-5b8e0493de45@group-2FABE92B7E5B-FollowerState: change to CANDIDATE, lastRpcTime:140ms, electionTimeout:140ms
2019-10-21 23:46:19,960 [Thread-224] INFO  impl.RoleInfo (RoleInfo.java:shutdownFollowerState(121)) - c58a0a02-acd3-47c8-b3e9-5b8e0493de45: shutdown FollowerState
2019-10-21 23:46:19,960 [Thread-224] INFO  impl.RaftServerImpl (RaftServerImpl.java:setRole(184)) - c58a0a02-acd3-47c8-b3e9-5b8e0493de45@group-2FABE92B7E5B: changes role from  FOLLOWER to CANDIDATE at term 0 for changeToCandidate
2019-10-21 23:46:19,960 [Thread-224] INFO  impl.RoleInfo (RoleInfo.java:updateAndGet(143)) - c58a0a02-acd3-47c8-b3e9-5b8e0493de45: start LeaderElection
2019-10-21 23:46:19,970 [Thread-225] INFO  impl.FollowerState (FollowerState.java:run(108)) - 1360619e-ba1e-4bf9-aec1-9f15b5480b27@group-2FABE92B7E5B-FollowerState: change to CANDIDATE, lastRpcTime:151ms, electionTimeout:151ms
2019-10-21 23:46:19,971 [Thread-225] INFO  impl.RoleInfo (RoleInfo.java:shutdownFollowerState(121)) - 1360619e-ba1e-4bf9-aec1-9f15b5480b27: shutdown FollowerState
2019-10-21 23:46:19,971 [Thread-225] INFO  impl.RaftServerImpl (RaftServerImpl.java:setRole(184)) - 1360619e-ba1e-4bf9-aec1-9f15b5480b27@group-2FABE92B7E5B: changes role from  FOLLOWER to CANDIDATE at term 0 for changeToCandidate
2019-10-21 23:46:19,972 [Thread-225] INFO  impl.RoleInfo (RoleInfo.java:updateAndGet(143)) - 1360619e-ba1e-4bf9-aec1-9f15b5480b27: start LeaderElection
2019-10-21 23:46:19,976 [c58a0a02-acd3-47c8-b3e9-5b8e0493de45@group-2FABE92B7E5B-LeaderElection6] INFO  impl.LeaderElection (LeaderElection.java:askForVotes(178)) - c58a0a02-acd3-47c8-b3e9-5b8e0493de45@group-2FABE92B7E5B-LeaderElection6: begin an election at term 1 for -1: [c58a0a02-acd3-47c8-b3e9-5b8e0493de45:192.168.157.254:33611, 1360619e-ba1e-4bf9-aec1-9f15b5480b27:192.168.157.254:45658, b88b3e43-5534-49b3-b3f2-a9f154b450de:192.168.157.254:46786], old=null
2019-10-21 23:46:19,978 [1360619e-ba1e-4bf9-aec1-9f15b5480b27@group-2FABE92B7E5B-LeaderElection7] INFO  impl.LeaderElection (LeaderElection.java:askForVotes(178)) - 1360619e-ba1e-4bf9-aec1-9f15b5480b27@group-2FABE92B7E5B-LeaderElection7: begin an election at term 1 for -1: [c58a0a02-acd3-47c8-b3e9-5b8e0493de45:192.168.157.254:33611, 1360619e-ba1e-4bf9-aec1-9f15b5480b27:192.168.157.254:45658, b88b3e43-5534-49b3-b3f2-a9f154b450de:192.168.157.254:46786], old=null
2019-10-21 23:46:19,981 [Thread-226] INFO  impl.FollowerState (FollowerState.java:run(108)) - b88b3e43-5534-49b3-b3f2-a9f154b450de@group-2FABE92B7E5B-FollowerState: change to CANDIDATE, lastRpcTime:161ms, electionTimeout:161ms
2019-10-21 23:46:19,981 [Thread-226] INFO  impl.RoleInfo (RoleInfo.java:shutdownFollowerState(121)) - b88b3e43-5534-49b3-b3f2-a9f154b450de: shutdown FollowerState
2019-10-21 23:46:19,981 [Thread-226] INFO  impl.RaftServerImpl (RaftServerImpl.java:setRole(184)) - b88b3e43-5534-49b3-b3f2-a9f154b450de@group-2FABE92B7E5B: changes role from  FOLLOWER to CANDIDATE at term 0 for changeToCandidate
2019-10-21 23:46:19,981 [Thread-226] INFO  impl.RoleInfo (RoleInfo.java:updateAndGet(143)) - b88b3e43-5534-49b3-b3f2-a9f154b450de: start LeaderElection
2019-10-21 23:46:19,995 [b88b3e43-5534-49b3-b3f2-a9f154b450de@group-2FABE92B7E5B-LeaderElection8] INFO  impl.LeaderElection (LeaderElection.java:askForVotes(178)) - b88b3e43-5534-49b3-b3f2-a9f154b450de@group-2FABE92B7E5B-LeaderElection8: begin an election at term 1 for -1: [c58a0a02-acd3-47c8-b3e9-5b8e0493de45:192.168.157.254:33611, 1360619e-ba1e-4bf9-aec1-9f15b5480b27:192.168.157.254:45658, b88b3e43-5534-49b3-b3f2-a9f154b450de:192.168.157.254:46786], old=null
2019-10-21 23:46:20,006 [1360619e-ba1e-4bf9-aec1-9f15b5480b27@group-2FABE92B7E5B-LeaderElection7] INFO  impl.LeaderElection (LeaderElection.java:logAndReturn(56)) - 1360619e-ba1e-4bf9-aec1-9f15b5480b27@group-2FABE92B7E5B-LeaderElection7: Election TIMEOUT; received 0 response(s) [] and 0 exception(s); 1360619e-ba1e-4bf9-aec1-9f15b5480b27@group-2FABE92B7E5B:t1, leader=null, voted=1360619e-ba1e-4bf9-aec1-9f15b5480b27, raftlog=1360619e-ba1e-4bf9-aec1-9f15b5480b27@group-2FABE92B7E5B-SegmentedRaftLog:OPENED:c-1,f-1,i0, conf=-1: [c58a0a02-acd3-47c8-b3e9-5b8e0493de45:192.168.157.254:33611, 1360619e-ba1e-4bf9-aec1-9f15b5480b27:192.168.157.254:45658, b88b3e43-5534-49b3-b3f2-a9f154b450de:192.168.157.254:46786], old=null
2019-10-21 23:46:20,007 [b88b3e43-5534-49b3-b3f2-a9f154b450de@group-2FABE92B7E5B-LeaderElection8] INFO  impl.LeaderElection (LeaderElection.java:logAndReturn(56)) - b88b3e43-5534-49b3-b3f2-a9f154b450de@group-2FABE92B7E5B-LeaderElection8: Election TIMEOUT; received 0 response(s) [] and 0 exception(s); b88b3e43-5534-49b3-b3f2-a9f154b450de@group-2FABE92B7E5B:t1, leader=null, voted=b88b3e43-5534-49b3-b3f2-a9f154b450de, raftlog=b88b3e43-5534-49b3-b3f2-a9f154b450de@group-2FABE92B7E5B-SegmentedRaftLog:OPENED:c-1,f-1,i0, conf=-1: [c58a0a02-acd3-47c8-b3e9-5b8e0493de45:192.168.157.254:33611, 1360619e-ba1e-4bf9-aec1-9f15b5480b27:192.168.157.254:45658, b88b3e43-5534-49b3-b3f2-a9f154b450de:192.168.157.254:46786], old=null
2019-10-21 23:46:20,022 [1360619e-ba1e-4bf9-aec1-9f15b5480b27@group-2FABE92B7E5B-LeaderElection7] INFO  impl.LeaderElection (LeaderElection.java:askForVotes(178)) - 1360619e-ba1e-4bf9-aec1-9f15b5480b27@group-2FABE92B7E5B-LeaderElection7: begin an election at term 2 for -1: [c58a0a02-acd3-47c8-b3e9-5b8e0493de45:192.168.157.254:33611, 1360619e-ba1e-4bf9-aec1-9f15b5480b27:192.168.157.254:45658, b88b3e43-5534-49b3-b3f2-a9f154b450de:192.168.157.254:46786], old=null
2019-10-21 23:46:20,023 [b88b3e43-5534-49b3-b3f2-a9f154b450de@group-2FABE92B7E5B-LeaderElection8] INFO  impl.LeaderElection (LeaderElection.java:askForVotes(178)) - b88b3e43-5534-49b3-b3f2-a9f154b450de@group-2FABE92B7E5B-LeaderElection8: begin an election at term 2 for -1: [c58a0a02-acd3-47c8-b3e9-5b8e0493de45:192.168.157.254:33611, 1360619e-ba1e-4bf9-aec1-9f15b5480b27:192.168.157.254:45658, b88b3e43-5534-49b3-b3f2-a9f154b450de:192.168.157.254:46786], old=null
2019-10-21 23:46:20,030 [c58a0a02-acd3-47c8-b3e9-5b8e0493de45@group-2FABE92B7E5B-LeaderElection6] INFO  impl.LeaderElection (LeaderElection.java:logAndReturn(56)) - c58a0a02-acd3-47c8-b3e9-5b8e0493de45@group-2FABE92B7E5B-LeaderElection6: Election DISCOVERED_A_NEW_TERM; received 1 response(s) [c58a0a02-acd3-47c8-b3e9-5b8e0493de45<-1360619e-ba1e-4bf9-aec1-9f15b5480b27#0:FAIL-t2] and 0 exception(s); c58a0a02-acd3-47c8-b3e9-5b8e0493de45@group-2FABE92B7E5B:t1, leader=null, voted=c58a0a02-acd3-47c8-b3e9-5b8e0493de45, raftlog=c58a0a02-acd3-47c8-b3e9-5b8e0493de45@group-2FABE92B7E5B-SegmentedRaftLog:OPENED:c-1,f-1,i0, conf=-1: [c58a0a02-acd3-47c8-b3e9-5b8e0493de45:192.168.157.254:33611, 1360619e-ba1e-4bf9-aec1-9f15b5480b27:192.168.157.254:45658, b88b3e43-5534-49b3-b3f2-a9f154b450de:192.168.157.254:46786], old=null
2019-10-21 23:46:20,034 [c58a0a02-acd3-47c8-b3e9-5b8e0493de45@group-2FABE92B7E5B-LeaderElection6] INFO  impl.RaftServerImpl (RaftServerImpl.java:setRole(184)) - c58a0a02-acd3-47c8-b3e9-5b8e0493de45@group-2FABE92B7E5B: changes role from CANDIDATE to FOLLOWER at term 2 for DISCOVERED_A_NEW_TERM
2019-10-21 23:46:20,034 [c58a0a02-acd3-47c8-b3e9-5b8e0493de45@group-2FABE92B7E5B-LeaderElection6] INFO  impl.RoleInfo (RoleInfo.java:shutdownLeaderElection(134)) - c58a0a02-acd3-47c8-b3e9-5b8e0493de45: shutdown LeaderElection
2019-10-21 23:46:20,034 [c58a0a02-acd3-47c8-b3e9-5b8e0493de45@group-2FABE92B7E5B-LeaderElection6] INFO  impl.RoleInfo (RoleInfo.java:updateAndGet(143)) - c58a0a02-acd3-47c8-b3e9-5b8e0493de45: start FollowerState
2019-10-21 23:46:20,057 [grpc-default-executor-1] INFO  impl.RaftServerImpl (RaftServerImpl.java:setRole(184)) - c58a0a02-acd3-47c8-b3e9-5b8e0493de45@group-2FABE92B7E5B: changes role from  FOLLOWER to FOLLOWER at term 2 for recognizeCandidate:1360619e-ba1e-4bf9-aec1-9f15b5480b27
2019-10-21 23:46:20,058 [grpc-default-executor-1] INFO  impl.RoleInfo (RoleInfo.java:shutdownFollowerState(121)) - c58a0a02-acd3-47c8-b3e9-5b8e0493de45: shutdown FollowerState
2019-10-21 23:46:20,058 [Thread-243] INFO  impl.FollowerState (FollowerState.java:run(117)) - c58a0a02-acd3-47c8-b3e9-5b8e0493de45@group-2FABE92B7E5B-FollowerState was interrupted: java.lang.InterruptedException: sleep interrupted
2019-10-21 23:46:20,058 [grpc-default-executor-1] INFO  impl.RoleInfo (RoleInfo.java:updateAndGet(143)) - c58a0a02-acd3-47c8-b3e9-5b8e0493de45: start FollowerState
2019-10-21 23:46:20,061 [1360619e-ba1e-4bf9-aec1-9f15b5480b27@group-2FABE92B7E5B-LeaderElection7] INFO  impl.LeaderElection (LeaderElection.java:logAndReturn(56)) - 1360619e-ba1e-4bf9-aec1-9f15b5480b27@group-2FABE92B7E5B-LeaderElection7: Election TIMEOUT; received 1 response(s) [1360619e-ba1e-4bf9-aec1-9f15b5480b27<-b88b3e43-5534-49b3-b3f2-a9f154b450de#0:FAIL-t2] and 0 exception(s); 1360619e-ba1e-4bf9-aec1-9f15b5480b27@group-2FABE92B7E5B:t2, leader=null, voted=1360619e-ba1e-4bf9-aec1-9f15b5480b27, raftlog=1360619e-ba1e-4bf9-aec1-9f15b5480b27@group-2FABE92B7E5B-SegmentedRaftLog:OPENED:c-1,f-1,i0, conf=-1: [c58a0a02-acd3-47c8-b3e9-5b8e0493de45:192.168.157.254:33611, 1360619e-ba1e-4bf9-aec1-9f15b5480b27:192.168.157.254:45658, b88b3e43-5534-49b3-b3f2-a9f154b450de:192.168.157.254:46786], old=null
2019-10-21 23:46:20,075 [1360619e-ba1e-4bf9-aec1-9f15b5480b27@group-2FABE92B7E5B-LeaderElection7] INFO  impl.LeaderElection (LeaderElection.java:askForVotes(178)) - 1360619e-ba1e-4bf9-aec1-9f15b5480b27@group-2FABE92B7E5B-LeaderElection7: begin an election at term 3 for -1: [c58a0a02-acd3-47c8-b3e9-5b8e0493de45:192.168.157.254:33611, 1360619e-ba1e-4bf9-aec1-9f15b5480b27:192.168.157.254:45658, b88b3e43-5534-49b3-b3f2-a9f154b450de:192.168.157.254:46786], old=null
2019-10-21 23:46:20,079 [b88b3e43-5534-49b3-b3f2-a9f154b450de@group-2FABE92B7E5B-LeaderElection8] INFO  impl.LeaderElection (LeaderElection.java:logAndReturn(56)) - b88b3e43-5534-49b3-b3f2-a9f154b450de@group-2FABE92B7E5B-LeaderElection8: Election REJECTED; received 2 response(s) [b88b3e43-5534-49b3-b3f2-a9f154b450de<-c58a0a02-acd3-47c8-b3e9-5b8e0493de45#0:FAIL-t2, b88b3e43-5534-49b3-b3f2-a9f154b450de<-1360619e-ba1e-4bf9-aec1-9f15b5480b27#0:FAIL-t2] and 0 exception(s); b88b3e43-5534-49b3-b3f2-a9f154b450de@group-2FABE92B7E5B:t2, leader=null, voted=b88b3e43-5534-49b3-b3f2-a9f154b450de, raftlog=b88b3e43-5534-49b3-b3f2-a9f154b450de@group-2FABE92B7E5B-SegmentedRaftLog:OPENED:c-1,f-1,i0, conf=-1: [c58a0a02-acd3-47c8-b3e9-5b8e0493de45:192.168.157.254:33611, 1360619e-ba1e-4bf9-aec1-9f15b5480b27:192.168.157.254:45658, b88b3e43-5534-49b3-b3f2-a9f154b450de:192.168.157.254:46786], old=null
2019-10-21 23:46:20,087 [b88b3e43-5534-49b3-b3f2-a9f154b450de@group-2FABE92B7E5B-LeaderElection8] INFO  impl.RaftServerImpl (RaftServerImpl.java:setRole(184)) - b88b3e43-5534-49b3-b3f2-a9f154b450de@group-2FABE92B7E5B: changes role from CANDIDATE to FOLLOWER at term 2 for DISCOVERED_A_NEW_TERM
2019-10-21 23:46:20,089 [b88b3e43-5534-49b3-b3f2-a9f154b450de@group-2FABE92B7E5B-LeaderElection8] INFO  impl.RoleInfo (RoleInfo.java:shutdownLeaderElection(134)) - b88b3e43-5534-49b3-b3f2-a9f154b450de: shutdown LeaderElection
2019-10-21 23:46:20,089 [b88b3e43-5534-49b3-b3f2-a9f154b450de@group-2FABE92B7E5B-LeaderElection8] INFO  impl.RoleInfo (RoleInfo.java:updateAndGet(143)) - b88b3e43-5534-49b3-b3f2-a9f154b450de: start FollowerState
2019-10-21 23:46:20,089 [grpc-default-executor-1] INFO  impl.RaftServerImpl (RaftServerImpl.java:setRole(184)) - b88b3e43-5534-49b3-b3f2-a9f154b450de@group-2FABE92B7E5B: changes role from  FOLLOWER to FOLLOWER at term 3 for recognizeCandidate:1360619e-ba1e-4bf9-aec1-9f15b5480b27
2019-10-21 23:46:20,091 [grpc-default-executor-1] INFO  impl.RoleInfo (RoleInfo.java:shutdownFollowerState(121)) - b88b3e43-5534-49b3-b3f2-a9f154b450de: shutdown FollowerState
2019-10-21 23:46:20,091 [Thread-247] INFO  impl.FollowerState (FollowerState.java:run(117)) - b88b3e43-5534-49b3-b3f2-a9f154b450de@group-2FABE92B7E5B-FollowerState was interrupted: java.lang.InterruptedException: sleep interrupted
2019-10-21 23:46:20,091 [grpc-default-executor-1] INFO  impl.RoleInfo (RoleInfo.java:updateAndGet(143)) - b88b3e43-5534-49b3-b3f2-a9f154b450de: start FollowerState
2019-10-21 23:46:20,094 [grpc-default-executor-0] INFO  impl.RaftServerImpl (RaftServerImpl.java:setRole(184)) - c58a0a02-acd3-47c8-b3e9-5b8e0493de45@group-2FABE92B7E5B: changes role from  FOLLOWER to FOLLOWER at term 3 for recognizeCandidate:1360619e-ba1e-4bf9-aec1-9f15b5480b27
2019-10-21 23:46:20,094 [grpc-default-executor-0] INFO  impl.RoleInfo (RoleInfo.java:shutdownFollowerState(121)) - c58a0a02-acd3-47c8-b3e9-5b8e0493de45: shutdown FollowerState
2019-10-21 23:46:20,095 [Thread-244] INFO  impl.FollowerState (FollowerState.java:run(117)) - c58a0a02-acd3-47c8-b3e9-5b8e0493de45@group-2FABE92B7E5B-FollowerState was interrupted: java.lang.InterruptedException: sleep interrupted
2019-10-21 23:46:20,095 [grpc-default-executor-0] INFO  impl.RoleInfo (RoleInfo.java:updateAndGet(143)) - c58a0a02-acd3-47c8-b3e9-5b8e0493de45: start FollowerState
2019-10-21 23:46:20,107 [1360619e-ba1e-4bf9-aec1-9f15b5480b27@group-2FABE92B7E5B-LeaderElection7] INFO  impl.LeaderElection (LeaderElection.java:logAndReturn(56)) - 1360619e-ba1e-4bf9-aec1-9f15b5480b27@group-2FABE92B7E5B-LeaderElection7: Election PASSED; received 1 response(s) [1360619e-ba1e-4bf9-aec1-9f15b5480b27<-b88b3e43-5534-49b3-b3f2-a9f154b450de#0:OK-t3] and 0 exception(s); 1360619e-ba1e-4bf9-aec1-9f15b5480b27@group-2FABE92B7E5B:t3, leader=null, voted=1360619e-ba1e-4bf9-aec1-9f15b5480b27, raftlog=1360619e-ba1e-4bf9-aec1-9f15b5480b27@group-2FABE92B7E5B-SegmentedRaftLog:OPENED:c-1,f-1,i0, conf=-1: [c58a0a02-acd3-47c8-b3e9-5b8e0493de45:192.168.157.254:33611, 1360619e-ba1e-4bf9-aec1-9f15b5480b27:192.168.157.254:45658, b88b3e43-5534-49b3-b3f2-a9f154b450de:192.168.157.254:46786], old=null
2019-10-21 23:46:20,107 [1360619e-ba1e-4bf9-aec1-9f15b5480b27@group-2FABE92B7E5B-LeaderElection7] INFO  impl.RoleInfo (RoleInfo.java:shutdownLeaderElection(134)) - 1360619e-ba1e-4bf9-aec1-9f15b5480b27: shutdown LeaderElection
2019-10-21 23:46:20,112 [1360619e-ba1e-4bf9-aec1-9f15b5480b27@group-2FABE92B7E5B-LeaderElection7] INFO  impl.RaftServerImpl (RaftServerImpl.java:setRole(184)) - 1360619e-ba1e-4bf9-aec1-9f15b5480b27@group-2FABE92B7E5B: changes role from CANDIDATE to LEADER at term 3 for changeToLeader
2019-10-21 23:46:20,112 [1360619e-ba1e-4bf9-aec1-9f15b5480b27@group-2FABE92B7E5B-LeaderElection7] INFO  impl.RaftServerImpl (ServerState.java:setLeader(256)) - 1360619e-ba1e-4bf9-aec1-9f15b5480b27@group-2FABE92B7E5B: change Leader from null to 1360619e-ba1e-4bf9-aec1-9f15b5480b27 at term 3 for becomeLeader, leader elected after 302ms
2019-10-21 23:46:20,112 [1360619e-ba1e-4bf9-aec1-9f15b5480b27@group-2FABE92B7E5B-LeaderElection7] INFO  server.RaftServerConfigKeys (ConfUtils.java:logGet(43)) - raft.server.staging.catchup.gap = 1000 (default)
2019-10-21 23:46:20,113 [1360619e-ba1e-4bf9-aec1-9f15b5480b27@group-2FABE92B7E5B-LeaderElection7] INFO  server.RaftServerConfigKeys (ConfUtils.java:logGet(43)) - raft.server.rpc.sleep.time = 25ms (default)
2019-10-21 23:46:20,113 [1360619e-ba1e-4bf9-aec1-9f15b5480b27@group-2FABE92B7E5B-LeaderElection7] INFO  server.RaftServerConfigKeys (ConfUtils.java:logGet(43)) - raft.server.write.element-limit = 4096 (default)
2019-10-21 23:46:20,113 [1360619e-ba1e-4bf9-aec1-9f15b5480b27@group-2FABE92B7E5B-LeaderElection7] INFO  server.RaftServerConfigKeys (ConfUtils.java:logGet(43)) - raft.server.watch.timeout = 10s (default)
2019-10-21 23:46:20,113 [1360619e-ba1e-4bf9-aec1-9f15b5480b27@group-2FABE92B7E5B-LeaderElection7] INFO  server.RaftServerConfigKeys (ConfUtils.java:logGet(43)) - raft.server.watch.timeout.denomination = 1s (default)
2019-10-21 23:46:20,113 [1360619e-ba1e-4bf9-aec1-9f15b5480b27@group-2FABE92B7E5B-LeaderElection7] INFO  server.RaftServerConfigKeys (ConfUtils.java:logGet(43)) - raft.server.watch.element-limit = 65536 (default)
2019-10-21 23:46:20,120 [1360619e-ba1e-4bf9-aec1-9f15b5480b27@group-2FABE92B7E5B-LeaderElection7] INFO  server.RaftServerConfigKeys (ConfUtils.java:logGet(43)) - raft.server.log.appender.snapshot.chunk.size.max = 16MB (=16777216) (default)
2019-10-21 23:46:20,120 [1360619e-ba1e-4bf9-aec1-9f15b5480b27@group-2FABE92B7E5B-LeaderElection7] INFO  server.RaftServerConfigKeys (ConfUtils.java:logGet(43)) - raft.server.log.appender.buffer.byte-limit = 33554432 (custom)
2019-10-21 23:46:20,121 [1360619e-ba1e-4bf9-aec1-9f15b5480b27@group-2FABE92B7E5B-LeaderElection7] INFO  server.RaftServerConfigKeys (ConfUtils.java:logGet(43)) - raft.server.log.appender.buffer.element-limit = 1 (custom)
2019-10-21 23:46:20,124 [1360619e-ba1e-4bf9-aec1-9f15b5480b27@group-2FABE92B7E5B-LeaderElection7] INFO  grpc.GrpcConfigKeys$Server (ConfUtils.java:logGet(43)) - raft.grpc.server.leader.outstanding.appends.max = 128 (default)
2019-10-21 23:46:20,124 [1360619e-ba1e-4bf9-aec1-9f15b5480b27@group-2FABE92B7E5B-LeaderElection7] INFO  server.RaftServerConfigKeys (ConfUtils.java:logGet(43)) - raft.server.rpc.request.timeout = 3000ms (default)
2019-10-21 23:46:20,125 [1360619e-ba1e-4bf9-aec1-9f15b5480b27@group-2FABE92B7E5B-LeaderElection7] INFO  server.RaftServerConfigKeys (ConfUtils.java:logGet(43)) - raft.server.log.appender.install.snapshot.enabled = false (custom)
2019-10-21 23:46:20,129 [1360619e-ba1e-4bf9-aec1-9f15b5480b27@group-2FABE92B7E5B-LeaderElection7] INFO  server.RaftServerConfigKeys (ConfUtils.java:logGet(43)) - raft.server.log.appender.snapshot.chunk.size.max = 16MB (=16777216) (default)
2019-10-21 23:46:20,129 [1360619e-ba1e-4bf9-aec1-9f15b5480b27@group-2FABE92B7E5B-LeaderElection7] INFO  server.RaftServerConfigKeys (ConfUtils.java:logGet(43)) - raft.server.log.appender.buffer.byte-limit = 33554432 (custom)
2019-10-21 23:46:20,129 [1360619e-ba1e-4bf9-aec1-9f15b5480b27@group-2FABE92B7E5B-LeaderElection7] INFO  server.RaftServerConfigKeys (ConfUtils.java:logGet(43)) - raft.server.log.appender.buffer.element-limit = 1 (custom)
2019-10-21 23:46:20,130 [1360619e-ba1e-4bf9-aec1-9f15b5480b27@group-2FABE92B7E5B-LeaderElection7] INFO  grpc.GrpcConfigKeys$Server (ConfUtils.java:logGet(43)) - raft.grpc.server.leader.outstanding.appends.max = 128 (default)
2019-10-21 23:46:20,130 [1360619e-ba1e-4bf9-aec1-9f15b5480b27@group-2FABE92B7E5B-LeaderElection7] INFO  server.RaftServerConfigKeys (ConfUtils.java:logGet(43)) - raft.server.rpc.request.timeout = 3000ms (default)
2019-10-21 23:46:20,130 [1360619e-ba1e-4bf9-aec1-9f15b5480b27@group-2FABE92B7E5B-LeaderElection7] INFO  server.RaftServerConfigKeys (ConfUtils.java:logGet(43)) - raft.server.log.appender.install.snapshot.enabled = false (custom)
2019-10-21 23:46:20,135 [1360619e-ba1e-4bf9-aec1-9f15b5480b27@group-2FABE92B7E5B-LeaderElection7] INFO  impl.RoleInfo (RoleInfo.java:updateAndGet(143)) - 1360619e-ba1e-4bf9-aec1-9f15b5480b27: start LeaderState
2019-10-21 23:46:20,135 [1360619e-ba1e-4bf9-aec1-9f15b5480b27@group-2FABE92B7E5B-LeaderElection7] INFO  segmented.SegmentedRaftLogWorker (SegmentedRaftLogWorker.java:startLogSegment(385)) - 1360619e-ba1e-4bf9-aec1-9f15b5480b27@group-2FABE92B7E5B-SegmentedRaftLogWorker: Starting segment from index:0
2019-10-21 23:46:20,136 [1360619e-ba1e-4bf9-aec1-9f15b5480b27@group-2FABE92B7E5B-LeaderElection7] INFO  impl.RaftServerImpl (ServerState.java:setRaftConf(357)) - 1360619e-ba1e-4bf9-aec1-9f15b5480b27@group-2FABE92B7E5B: set configuration 0: [c58a0a02-acd3-47c8-b3e9-5b8e0493de45:192.168.157.254:33611, 1360619e-ba1e-4bf9-aec1-9f15b5480b27:192.168.157.254:45658, b88b3e43-5534-49b3-b3f2-a9f154b450de:192.168.157.254:46786], old=null at 0
2019-10-21 23:46:20,163 [main] INFO  ozone.MiniOzoneClusterImpl (MiniOzoneClusterImpl.java:lambda$waitForClusterToBeReady$0(147)) - Cluster is ready. Got 4 of 4 DN Heartbeats.
2019-10-21 23:46:20,167 [Thread-249] INFO  impl.FollowerState (FollowerState.java:run(108)) - c58a0a02-acd3-47c8-b3e9-5b8e0493de45@group-2FABE92B7E5B-FollowerState: change to CANDIDATE, lastRpcTime:72ms, electionTimeout:71ms
2019-10-21 23:46:20,167 [Thread-249] INFO  impl.RoleInfo (RoleInfo.java:shutdownFollowerState(121)) - c58a0a02-acd3-47c8-b3e9-5b8e0493de45: shutdown FollowerState
2019-10-21 23:46:20,167 [Thread-249] INFO  impl.RaftServerImpl (RaftServerImpl.java:setRole(184)) - c58a0a02-acd3-47c8-b3e9-5b8e0493de45@group-2FABE92B7E5B: changes role from  FOLLOWER to CANDIDATE at term 3 for changeToCandidate
2019-10-21 23:46:20,168 [Thread-249] INFO  impl.RoleInfo (RoleInfo.java:updateAndGet(143)) - c58a0a02-acd3-47c8-b3e9-5b8e0493de45: start LeaderElection
2019-10-21 23:46:20,176 [1360619e-ba1e-4bf9-aec1-9f15b5480b27@group-2FABE92B7E5B-SegmentedRaftLogWorker] INFO  segmented.SegmentedRaftLogWorker (SegmentedRaftLogWorker.java:execute(576)) - 1360619e-ba1e-4bf9-aec1-9f15b5480b27@group-2FABE92B7E5B-SegmentedRaftLogWorker: created new log segment /workdir/hadoop-ozone/integration-test/target/test-dir/MiniOzoneClusterImpl-03ba4f64-2230-4ee7-8bd6-fbf0e67d2e92/datanode-3/data/ratis/d376d26b-11b3-4d40-8062-2fabe92b7e5b/current/log_inprogress_0
2019-10-21 23:46:20,176 [c58a0a02-acd3-47c8-b3e9-5b8e0493de45@group-2FABE92B7E5B-LeaderElection9] INFO  impl.LeaderElection (LeaderElection.java:askForVotes(178)) - c58a0a02-acd3-47c8-b3e9-5b8e0493de45@group-2FABE92B7E5B-LeaderElection9: begin an election at term 4 for -1: [c58a0a02-acd3-47c8-b3e9-5b8e0493de45:192.168.157.254:33611, 1360619e-ba1e-4bf9-aec1-9f15b5480b27:192.168.157.254:45658, b88b3e43-5534-49b3-b3f2-a9f154b450de:192.168.157.254:46786], old=null
2019-10-21 23:46:20,185 [grpc-default-executor-4] INFO  impl.RaftServerImpl (RaftServerImpl.java:setRole(184)) - b88b3e43-5534-49b3-b3f2-a9f154b450de@group-2FABE92B7E5B: changes role from  FOLLOWER to FOLLOWER at term 4 for recognizeCandidate:c58a0a02-acd3-47c8-b3e9-5b8e0493de45
2019-10-21 23:46:20,185 [grpc-default-executor-4] INFO  impl.RoleInfo (RoleInfo.java:shutdownFollowerState(121)) - b88b3e43-5534-49b3-b3f2-a9f154b450de: shutdown FollowerState
2019-10-21 23:46:20,185 [Thread-248] INFO  impl.FollowerState (FollowerState.java:run(117)) - b88b3e43-5534-49b3-b3f2-a9f154b450de@group-2FABE92B7E5B-FollowerState was interrupted: java.lang.InterruptedException: sleep interrupted
2019-10-21 23:46:20,185 [grpc-default-executor-4] INFO  impl.RoleInfo (RoleInfo.java:updateAndGet(143)) - b88b3e43-5534-49b3-b3f2-a9f154b450de: start FollowerState
2019-10-21 23:46:20,186 [grpc-default-executor-2] INFO  impl.RaftServerImpl (ServerState.java:setLeader(256)) - 1360619e-ba1e-4bf9-aec1-9f15b5480b27@group-2FABE92B7E5B: change Leader from 1360619e-ba1e-4bf9-aec1-9f15b5480b27 to null at term 4 for updateCurrentTerm
2019-10-21 23:46:20,186 [grpc-default-executor-2] INFO  impl.RaftServerImpl (RaftServerImpl.java:setRole(184)) - 1360619e-ba1e-4bf9-aec1-9f15b5480b27@group-2FABE92B7E5B: changes role from    LEADER to FOLLOWER at term 4 for recognizeCandidate:c58a0a02-acd3-47c8-b3e9-5b8e0493de45
2019-10-21 23:46:20,187 [grpc-default-executor-2] INFO  impl.RoleInfo (RoleInfo.java:shutdownLeaderState(104)) - 1360619e-ba1e-4bf9-aec1-9f15b5480b27: shutdown LeaderState
2019-10-21 23:46:20,188 [org.apache.ratis.server.impl.LogAppender$AppenderDaemon$$Lambda$402/1485246882@43db1c65] WARN  server.GrpcLogAppender (GrpcLogAppender.java:mayWait(149)) - 1360619e-ba1e-4bf9-aec1-9f15b5480b27@group-2FABE92B7E5B->b88b3e43-5534-49b3-b3f2-a9f154b450de-GrpcLogAppender: Wait interrupted by java.lang.InterruptedException
2019-10-21 23:46:20,189 [org.apache.ratis.server.impl.LogAppender$AppenderDaemon$$Lambda$402/1485246882@38353633] WARN  server.GrpcLogAppender (GrpcLogAppender.java:mayWait(149)) - 1360619e-ba1e-4bf9-aec1-9f15b5480b27@group-2FABE92B7E5B->c58a0a02-acd3-47c8-b3e9-5b8e0493de45-GrpcLogAppender: Wait interrupted by java.lang.InterruptedException
2019-10-21 23:46:20,190 [grpc-default-executor-2] INFO  impl.PendingRequests (PendingRequests.java:sendNotLeaderResponses(202)) - 1360619e-ba1e-4bf9-aec1-9f15b5480b27@group-2FABE92B7E5B-PendingRequests: sendNotLeaderResponses
2019-10-21 23:46:20,193 [grpc-default-executor-2] INFO  impl.RoleInfo (RoleInfo.java:updateAndGet(143)) - 1360619e-ba1e-4bf9-aec1-9f15b5480b27: start FollowerState
2019-10-21 23:46:20,193 [c58a0a02-acd3-47c8-b3e9-5b8e0493de45@group-2FABE92B7E5B-LeaderElection9] INFO  impl.LeaderElection (LeaderElection.java:logAndReturn(56)) - c58a0a02-acd3-47c8-b3e9-5b8e0493de45@group-2FABE92B7E5B-LeaderElection9: Election PASSED; received 1 response(s) [c58a0a02-acd3-47c8-b3e9-5b8e0493de45<-b88b3e43-5534-49b3-b3f2-a9f154b450de#0:OK-t4] and 0 exception(s); c58a0a02-acd3-47c8-b3e9-5b8e0493de45@group-2FABE92B7E5B:t4, leader=null, voted=c58a0a02-acd3-47c8-b3e9-5b8e0493de45, raftlog=c58a0a02-acd3-47c8-b3e9-5b8e0493de45@group-2FABE92B7E5B-SegmentedRaftLog:OPENED:c-1,f-1,i0, conf=-1: [c58a0a02-acd3-47c8-b3e9-5b8e0493de45:192.168.157.254:33611, 1360619e-ba1e-4bf9-aec1-9f15b5480b27:192.168.157.254:45658, b88b3e43-5534-49b3-b3f2-a9f154b450de:192.168.157.254:46786], old=null
2019-10-21 23:46:20,193 [c58a0a02-acd3-47c8-b3e9-5b8e0493de45@group-2FABE92B7E5B-LeaderElection9] INFO  impl.RoleInfo (RoleInfo.java:shutdownLeaderElection(134)) - c58a0a02-acd3-47c8-b3e9-5b8e0493de45: shutdown LeaderElection
2019-10-21 23:46:20,195 [c58a0a02-acd3-47c8-b3e9-5b8e0493de45@group-2FABE92B7E5B-LeaderElection9] INFO  impl.RaftServerImpl (RaftServerImpl.java:setRole(184)) - c58a0a02-acd3-47c8-b3e9-5b8e0493de45@group-2FABE92B7E5B: changes role from CANDIDATE to LEADER at term 4 for changeToLeader
2019-10-21 23:46:20,195 [c58a0a02-acd3-47c8-b3e9-5b8e0493de45@group-2FABE92B7E5B-LeaderElection9] INFO  impl.RaftServerImpl (ServerState.java:setLeader(256)) - c58a0a02-acd3-47c8-b3e9-5b8e0493de45@group-2FABE92B7E5B: change Leader from null to c58a0a02-acd3-47c8-b3e9-5b8e0493de45 at term 4 for becomeLeader, leader elected after 384ms
2019-10-21 23:46:20,195 [c58a0a02-acd3-47c8-b3e9-5b8e0493de45@group-2FABE92B7E5B-LeaderElection9] INFO  server.RaftServerConfigKeys (ConfUtils.java:logGet(43)) - raft.server.staging.catchup.gap = 1000 (default)
2019-10-21 23:46:20,195 [c58a0a02-acd3-47c8-b3e9-5b8e0493de45@group-2FABE92B7E5B-LeaderElection9] INFO  server.RaftServerConfigKeys (ConfUtils.java:logGet(43)) - raft.server.rpc.sleep.time = 25ms (default)
2019-10-21 23:46:20,195 [c58a0a02-acd3-47c8-b3e9-5b8e0493de45@group-2FABE92B7E5B-LeaderElection9] INFO  server.RaftServerConfigKeys (ConfUtils.java:logGet(43)) - raft.server.write.element-limit = 4096 (default)
2019-10-21 23:46:20,195 [c58a0a02-acd3-47c8-b3e9-5b8e0493de45@group-2FABE92B7E5B-LeaderElection9] INFO  server.RaftServerConfigKeys (ConfUtils.java:logGet(43)) - raft.server.watch.timeout = 10s (default)
2019-10-21 23:46:20,196 [c58a0a02-acd3-47c8-b3e9-5b8e0493de45@group-2FABE92B7E5B-LeaderElection9] INFO  server.RaftServerConfigKeys (ConfUtils.java:logGet(43)) - raft.server.watch.timeout.denomination = 1s (default)
2019-10-21 23:46:20,196 [c58a0a02-acd3-47c8-b3e9-5b8e0493de45@group-2FABE92B7E5B-LeaderElection9] INFO  server.RaftServerConfigKeys (ConfUtils.java:logGet(43)) - raft.server.watch.element-limit = 65536 (default)
2019-10-21 23:46:20,200 [c58a0a02-acd3-47c8-b3e9-5b8e0493de45@group-2FABE92B7E5B-LeaderElection9] INFO  server.RaftServerConfigKeys (ConfUtils.java:logGet(43)) - raft.server.log.appender.snapshot.chunk.size.max = 16MB (=16777216) (default)
2019-10-21 23:46:20,200 [c58a0a02-acd3-47c8-b3e9-5b8e0493de45@group-2FABE92B7E5B-LeaderElection9] INFO  server.RaftServerConfigKeys (ConfUtils.java:logGet(43)) - raft.server.log.appender.buffer.byte-limit = 33554432 (custom)
2019-10-21 23:46:20,200 [c58a0a02-acd3-47c8-b3e9-5b8e0493de45@group-2FABE92B7E5B-LeaderElection9] INFO  server.RaftServerConfigKeys (ConfUtils.java:logGet(43)) - raft.server.log.appender.buffer.element-limit = 1 (custom)
2019-10-21 23:46:20,200 [c58a0a02-acd3-47c8-b3e9-5b8e0493de45@group-2FABE92B7E5B-LeaderElection9] INFO  grpc.GrpcConfigKeys$Server (ConfUtils.java:logGet(43)) - raft.grpc.server.leader.outstanding.appends.max = 128 (default)
2019-10-21 23:46:20,200 [c58a0a02-acd3-47c8-b3e9-5b8e0493de45@group-2FABE92B7E5B-LeaderElection9] INFO  server.RaftServerConfigKeys (ConfUtils.java:logGet(43)) - raft.server.rpc.request.timeout = 3000ms (default)
2019-10-21 23:46:20,200 [c58a0a02-acd3-47c8-b3e9-5b8e0493de45@group-2FABE92B7E5B-LeaderElection9] INFO  server.RaftServerConfigKeys (ConfUtils.java:logGet(43)) - raft.server.log.appender.install.snapshot.enabled = false (custom)
2019-10-21 23:46:20,202 [c58a0a02-acd3-47c8-b3e9-5b8e0493de45@group-2FABE92B7E5B-LeaderElection9] INFO  server.RaftServerConfigKeys (ConfUtils.java:logGet(43)) - raft.server.log.appender.snapshot.chunk.size.max = 16MB (=16777216) (default)
2019-10-21 23:46:20,202 [c58a0a02-acd3-47c8-b3e9-5b8e0493de45@group-2FABE92B7E5B-LeaderElection9] INFO  server.RaftServerConfigKeys (ConfUtils.java:logGet(43)) - raft.server.log.appender.buffer.byte-limit = 33554432 (custom)
2019-10-21 23:46:20,202 [c58a0a02-acd3-47c8-b3e9-5b8e0493de45@group-2FABE92B7E5B-LeaderElection9] INFO  server.RaftServerConfigKeys (ConfUtils.java:logGet(43)) - raft.server.log.appender.buffer.element-limit = 1 (custom)
2019-10-21 23:46:20,203 [c58a0a02-acd3-47c8-b3e9-5b8e0493de45@group-2FABE92B7E5B-LeaderElection9] INFO  grpc.GrpcConfigKeys$Server (ConfUtils.java:logGet(43)) - raft.grpc.server.leader.outstanding.appends.max = 128 (default)
2019-10-21 23:46:20,203 [grpc-default-executor-1] INFO  server.GrpcServerProtocolService (GrpcServerProtocolService.java:onCompleted(113)) - b88b3e43-5534-49b3-b3f2-a9f154b450de: Completed APPEND_ENTRIES, lastRequest: 1360619e-ba1e-4bf9-aec1-9f15b5480b27->b88b3e43-5534-49b3-b3f2-a9f154b450de#0-t3, previous=(t:0, i:0), leaderCommit=-1, initializing? false, entries: <empty>
2019-10-21 23:46:20,203 [c58a0a02-acd3-47c8-b3e9-5b8e0493de45@group-2FABE92B7E5B-LeaderElection9] INFO  server.RaftServerConfigKeys (ConfUtils.java:logGet(43)) - raft.server.rpc.request.timeout = 3000ms (default)
2019-10-21 23:46:20,204 [c58a0a02-acd3-47c8-b3e9-5b8e0493de45@group-2FABE92B7E5B-LeaderElection9] INFO  server.RaftServerConfigKeys (ConfUtils.java:logGet(43)) - raft.server.log.appender.install.snapshot.enabled = false (custom)
2019-10-21 23:46:20,206 [c58a0a02-acd3-47c8-b3e9-5b8e0493de45@group-2FABE92B7E5B-LeaderElection9] INFO  impl.RoleInfo (RoleInfo.java:updateAndGet(143)) - c58a0a02-acd3-47c8-b3e9-5b8e0493de45: start LeaderState
2019-10-21 23:46:20,206 [c58a0a02-acd3-47c8-b3e9-5b8e0493de45@group-2FABE92B7E5B-LeaderElection9] INFO  segmented.SegmentedRaftLogWorker (SegmentedRaftLogWorker.java:startLogSegment(385)) - c58a0a02-acd3-47c8-b3e9-5b8e0493de45@group-2FABE92B7E5B-SegmentedRaftLogWorker: Starting segment from index:0
2019-10-21 23:46:20,207 [c58a0a02-acd3-47c8-b3e9-5b8e0493de45@group-2FABE92B7E5B-LeaderElection9] INFO  impl.RaftServerImpl (ServerState.java:setRaftConf(357)) - c58a0a02-acd3-47c8-b3e9-5b8e0493de45@group-2FABE92B7E5B: set configuration 0: [c58a0a02-acd3-47c8-b3e9-5b8e0493de45:192.168.157.254:33611, 1360619e-ba1e-4bf9-aec1-9f15b5480b27:192.168.157.254:45658, b88b3e43-5534-49b3-b3f2-a9f154b450de:192.168.157.254:46786], old=null at 0
2019-10-21 23:46:20,208 [grpc-default-executor-4] INFO  server.GrpcLogAppender (GrpcLogAppender.java:onCompleted(308)) - 1360619e-ba1e-4bf9-aec1-9f15b5480b27@group-2FABE92B7E5B->b88b3e43-5534-49b3-b3f2-a9f154b450de-AppendLogResponseHandler: follower responses appendEntries COMPLETED
2019-10-21 23:46:20,234 [Thread-256] INFO  impl.FollowerState (FollowerState.java:run(108)) - b88b3e43-5534-49b3-b3f2-a9f154b450de@group-2FABE92B7E5B-FollowerState: change to CANDIDATE, lastRpcTime:48ms, electionTimeout:34ms
2019-10-21 23:46:20,208 [grpc-default-executor-0] INFO  server.GrpcServerProtocolService (GrpcServerProtocolService.java:onCompleted(113)) - c58a0a02-acd3-47c8-b3e9-5b8e0493de45: Completed APPEND_ENTRIES, lastRequest: 1360619e-ba1e-4bf9-aec1-9f15b5480b27->c58a0a02-acd3-47c8-b3e9-5b8e0493de45#0-t3, previous=(t:0, i:0), leaderCommit=-1, initializing? false, entries: <empty>
2019-10-21 23:46:20,234 [Thread-256] INFO  impl.RoleInfo (RoleInfo.java:shutdownFollowerState(121)) - b88b3e43-5534-49b3-b3f2-a9f154b450de: shutdown FollowerState
2019-10-21 23:46:20,235 [Thread-256] INFO  impl.RaftServerImpl (RaftServerImpl.java:setRole(184)) - b88b3e43-5534-49b3-b3f2-a9f154b450de@group-2FABE92B7E5B: changes role from  FOLLOWER to CANDIDATE at term 4 for changeToCandidate
2019-10-21 23:46:20,236 [Thread-256] INFO  impl.RoleInfo (RoleInfo.java:updateAndGet(143)) - b88b3e43-5534-49b3-b3f2-a9f154b450de: start LeaderElection
2019-10-21 23:46:20,238 [grpc-default-executor-0] INFO  server.GrpcLogAppender (GrpcLogAppender.java:onCompleted(308)) - 1360619e-ba1e-4bf9-aec1-9f15b5480b27@group-2FABE92B7E5B->c58a0a02-acd3-47c8-b3e9-5b8e0493de45-AppendLogResponseHandler: follower responses appendEntries COMPLETED
2019-10-21 23:46:20,239 [grpc-default-executor-4] INFO  impl.FollowerInfo (FollowerInfo.java:lambda$new$0(51)) - 1360619e-ba1e-4bf9-aec1-9f15b5480b27@group-2FABE92B7E5B->b88b3e43-5534-49b3-b3f2-a9f154b450de: nextIndex: updateUnconditionally 0 -> 0
2019-10-21 23:46:20,240 [grpc-default-executor-0] INFO  impl.FollowerInfo (FollowerInfo.java:lambda$new$0(51)) - 1360619e-ba1e-4bf9-aec1-9f15b5480b27@group-2FABE92B7E5B->c58a0a02-acd3-47c8-b3e9-5b8e0493de45: nextIndex: updateUnconditionally 0 -> 0
2019-10-21 23:46:20,241 [grpc-default-executor-2] INFO  impl.RaftServerImpl (ServerState.java:setLeader(256)) - 1360619e-ba1e-4bf9-aec1-9f15b5480b27@group-2FABE92B7E5B: change Leader from null to c58a0a02-acd3-47c8-b3e9-5b8e0493de45 at term 4 for appendEntries, leader elected after 54ms
2019-10-21 23:46:20,246 [c58a0a02-acd3-47c8-b3e9-5b8e0493de45@group-2FABE92B7E5B-SegmentedRaftLogWorker] INFO  segmented.SegmentedRaftLogWorker (SegmentedRaftLogWorker.java:execute(576)) - c58a0a02-acd3-47c8-b3e9-5b8e0493de45@group-2FABE92B7E5B-SegmentedRaftLogWorker: created new log segment /workdir/hadoop-ozone/integration-test/target/test-dir/MiniOzoneClusterImpl-03ba4f64-2230-4ee7-8bd6-fbf0e67d2e92/datanode-1/data/ratis/d376d26b-11b3-4d40-8062-2fabe92b7e5b/current/log_inprogress_0
2019-10-21 23:46:20,247 [b88b3e43-5534-49b3-b3f2-a9f154b450de@group-2FABE92B7E5B-LeaderElection10] INFO  impl.LeaderElection (LeaderElection.java:askForVotes(178)) - b88b3e43-5534-49b3-b3f2-a9f154b450de@group-2FABE92B7E5B-LeaderElection10: begin an election at term 5 for -1: [c58a0a02-acd3-47c8-b3e9-5b8e0493de45:192.168.157.254:33611, 1360619e-ba1e-4bf9-aec1-9f15b5480b27:192.168.157.254:45658, b88b3e43-5534-49b3-b3f2-a9f154b450de:192.168.157.254:46786], old=null
2019-10-21 23:46:20,249 [Thread-260] INFO  impl.RaftServerImpl (ServerState.java:setLeader(256)) - c58a0a02-acd3-47c8-b3e9-5b8e0493de45@group-2FABE92B7E5B: change Leader from c58a0a02-acd3-47c8-b3e9-5b8e0493de45 to null at term 5 for updateCurrentTerm
2019-10-21 23:46:20,249 [Thread-260] INFO  impl.RaftServerImpl (RaftServerImpl.java:setRole(184)) - c58a0a02-acd3-47c8-b3e9-5b8e0493de45@group-2FABE92B7E5B: changes role from    LEADER to FOLLOWER at term 5 for stepDown
2019-10-21 23:46:20,249 [Thread-260] INFO  impl.RoleInfo (RoleInfo.java:shutdownLeaderState(104)) - c58a0a02-acd3-47c8-b3e9-5b8e0493de45: shutdown LeaderState
2019-10-21 23:46:20,251 [org.apache.ratis.server.impl.LogAppender$AppenderDaemon$$Lambda$402/1485246882@2b28c7b4] WARN  server.GrpcLogAppender (GrpcLogAppender.java:mayWait(149)) - c58a0a02-acd3-47c8-b3e9-5b8e0493de45@group-2FABE92B7E5B->b88b3e43-5534-49b3-b3f2-a9f154b450de-GrpcLogAppender: Wait interrupted by java.lang.InterruptedException
2019-10-21 23:46:20,251 [grpc-default-executor-2] INFO  impl.RaftServerImpl (ServerState.java:setLeader(256)) - 1360619e-ba1e-4bf9-aec1-9f15b5480b27@group-2FABE92B7E5B: change Leader from c58a0a02-acd3-47c8-b3e9-5b8e0493de45 to null at term 5 for updateCurrentTerm
2019-10-21 23:46:20,252 [Thread-260] INFO  impl.PendingRequests (PendingRequests.java:sendNotLeaderResponses(202)) - c58a0a02-acd3-47c8-b3e9-5b8e0493de45@group-2FABE92B7E5B-PendingRequests: sendNotLeaderResponses
2019-10-21 23:46:20,253 [grpc-default-executor-2] INFO  impl.RaftServerImpl (RaftServerImpl.java:setRole(184)) - 1360619e-ba1e-4bf9-aec1-9f15b5480b27@group-2FABE92B7E5B: changes role from  FOLLOWER to FOLLOWER at term 5 for recognizeCandidate:b88b3e43-5534-49b3-b3f2-a9f154b450de
2019-10-21 23:46:20,253 [grpc-default-executor-2] INFO  impl.RoleInfo (RoleInfo.java:shutdownFollowerState(121)) - 1360619e-ba1e-4bf9-aec1-9f15b5480b27: shutdown FollowerState
2019-10-21 23:46:20,253 [Thread-260] INFO  impl.RoleInfo (RoleInfo.java:updateAndGet(143)) - c58a0a02-acd3-47c8-b3e9-5b8e0493de45: start FollowerState
2019-10-21 23:46:20,253 [Thread-259] INFO  impl.FollowerState (FollowerState.java:run(117)) - 1360619e-ba1e-4bf9-aec1-9f15b5480b27@group-2FABE92B7E5B-FollowerState was interrupted: java.lang.InterruptedException: sleep interrupted
2019-10-21 23:46:20,253 [grpc-default-executor-2] INFO  impl.RoleInfo (RoleInfo.java:updateAndGet(143)) - 1360619e-ba1e-4bf9-aec1-9f15b5480b27: start FollowerState
2019-10-21 23:46:20,254 [grpc-default-executor-0] INFO  server.GrpcServerProtocolService (GrpcServerProtocolService.java:onCompleted(113)) - b88b3e43-5534-49b3-b3f2-a9f154b450de: Completed APPEND_ENTRIES, lastRequest: c58a0a02-acd3-47c8-b3e9-5b8e0493de45->b88b3e43-5534-49b3-b3f2-a9f154b450de#0-t4, previous=(t:0, i:0), leaderCommit=-1, initializing? false, entries: <empty>
2019-10-21 23:46:20,255 [grpc-default-executor-0] INFO  server.GrpcLogAppender (GrpcLogAppender.java:onCompleted(308)) - c58a0a02-acd3-47c8-b3e9-5b8e0493de45@group-2FABE92B7E5B->b88b3e43-5534-49b3-b3f2-a9f154b450de-AppendLogResponseHandler: follower responses appendEntries COMPLETED
2019-10-21 23:46:20,256 [org.apache.ratis.server.impl.LogAppender$AppenderDaemon$$Lambda$402/1485246882@1a78da0c] WARN  server.GrpcLogAppender (GrpcLogAppender.java:mayWait(149)) - c58a0a02-acd3-47c8-b3e9-5b8e0493de45@group-2FABE92B7E5B->1360619e-ba1e-4bf9-aec1-9f15b5480b27-GrpcLogAppender: Wait interrupted by java.lang.InterruptedException
2019-10-21 23:46:20,257 [grpc-default-executor-0] INFO  impl.FollowerInfo (FollowerInfo.java:lambda$new$0(51)) - c58a0a02-acd3-47c8-b3e9-5b8e0493de45@group-2FABE92B7E5B->b88b3e43-5534-49b3-b3f2-a9f154b450de: nextIndex: updateUnconditionally 0 -> 0
2019-10-21 23:46:20,258 [grpc-default-executor-1] INFO  server.GrpcServerProtocolService (GrpcServerProtocolService.java:onCompleted(113)) - 1360619e-ba1e-4bf9-aec1-9f15b5480b27: Completed APPEND_ENTRIES, lastRequest: c58a0a02-acd3-47c8-b3e9-5b8e0493de45->1360619e-ba1e-4bf9-aec1-9f15b5480b27#0-t4, previous=(t:0, i:0), leaderCommit=-1, initializing? false, entries: <empty>
2019-10-21 23:46:20,259 [grpc-default-executor-0] INFO  server.GrpcLogAppender (GrpcLogAppender.java:onCompleted(308)) - c58a0a02-acd3-47c8-b3e9-5b8e0493de45@group-2FABE92B7E5B->1360619e-ba1e-4bf9-aec1-9f15b5480b27-AppendLogResponseHandler: follower responses appendEntries COMPLETED
2019-10-21 23:46:20,260 [grpc-default-executor-0] INFO  impl.FollowerInfo (FollowerInfo.java:lambda$new$0(51)) - c58a0a02-acd3-47c8-b3e9-5b8e0493de45@group-2FABE92B7E5B->1360619e-ba1e-4bf9-aec1-9f15b5480b27: nextIndex: updateUnconditionally 1 -> 0
2019-10-21 23:46:20,261 [grpc-default-executor-4] INFO  impl.RaftServerImpl (RaftServerImpl.java:setRole(184)) - c58a0a02-acd3-47c8-b3e9-5b8e0493de45@group-2FABE92B7E5B: changes role from  FOLLOWER to FOLLOWER at term 5 for recognizeCandidate:b88b3e43-5534-49b3-b3f2-a9f154b450de
2019-10-21 23:46:20,261 [grpc-default-executor-4] INFO  impl.RoleInfo (RoleInfo.java:shutdownFollowerState(121)) - c58a0a02-acd3-47c8-b3e9-5b8e0493de45: shutdown FollowerState
2019-10-21 23:46:20,261 [Thread-269] INFO  impl.FollowerState (FollowerState.java:run(117)) - c58a0a02-acd3-47c8-b3e9-5b8e0493de45@group-2FABE92B7E5B-FollowerState was interrupted: java.lang.InterruptedException: sleep interrupted
2019-10-21 23:46:20,261 [grpc-default-executor-4] INFO  impl.RoleInfo (RoleInfo.java:updateAndGet(143)) - c58a0a02-acd3-47c8-b3e9-5b8e0493de45: start FollowerState
2019-10-21 23:46:20,264 [b88b3e43-5534-49b3-b3f2-a9f154b450de@group-2FABE92B7E5B-LeaderElection10] INFO  impl.LeaderElection (LeaderElection.java:logAndReturn(56)) - b88b3e43-5534-49b3-b3f2-a9f154b450de@group-2FABE92B7E5B-LeaderElection10: Election REJECTED; received 2 response(s) [b88b3e43-5534-49b3-b3f2-a9f154b450de<-c58a0a02-acd3-47c8-b3e9-5b8e0493de45#0:FAIL-t5, b88b3e43-5534-49b3-b3f2-a9f154b450de<-1360619e-ba1e-4bf9-aec1-9f15b5480b27#0:FAIL-t5] and 0 exception(s); b88b3e43-5534-49b3-b3f2-a9f154b450de@group-2FABE92B7E5B:t5, leader=null, voted=b88b3e43-5534-49b3-b3f2-a9f154b450de, raftlog=b88b3e43-5534-49b3-b3f2-a9f154b450de@group-2FABE92B7E5B-SegmentedRaftLog:OPENED:c-1,f-1,i0, conf=-1: [c58a0a02-acd3-47c8-b3e9-5b8e0493de45:192.168.157.254:33611, 1360619e-ba1e-4bf9-aec1-9f15b5480b27:192.168.157.254:45658, b88b3e43-5534-49b3-b3f2-a9f154b450de:192.168.157.254:46786], old=null
2019-10-21 23:46:20,264 [b88b3e43-5534-49b3-b3f2-a9f154b450de@group-2FABE92B7E5B-LeaderElection10] INFO  impl.RaftServerImpl (RaftServerImpl.java:setRole(184)) - b88b3e43-5534-49b3-b3f2-a9f154b450de@group-2FABE92B7E5B: changes role from CANDIDATE to FOLLOWER at term 5 for DISCOVERED_A_NEW_TERM
2019-10-21 23:46:20,265 [b88b3e43-5534-49b3-b3f2-a9f154b450de@group-2FABE92B7E5B-LeaderElection10] INFO  impl.RoleInfo (RoleInfo.java:shutdownLeaderElection(134)) - b88b3e43-5534-49b3-b3f2-a9f154b450de: shutdown LeaderElection
2019-10-21 23:46:20,265 [b88b3e43-5534-49b3-b3f2-a9f154b450de@group-2FABE92B7E5B-LeaderElection10] INFO  impl.RoleInfo (RoleInfo.java:updateAndGet(143)) - b88b3e43-5534-49b3-b3f2-a9f154b450de: start FollowerState
2019-10-21 23:46:20,394 [Thread-272] INFO  impl.FollowerState (FollowerState.java:run(108)) - b88b3e43-5534-49b3-b3f2-a9f154b450de@group-2FABE92B7E5B-FollowerState: change to CANDIDATE, lastRpcTime:128ms, electionTimeout:128ms
2019-10-21 23:46:20,396 [Thread-272] INFO  impl.RoleInfo (RoleInfo.java:shutdownFollowerState(121)) - b88b3e43-5534-49b3-b3f2-a9f154b450de: shutdown FollowerState
2019-10-21 23:46:20,396 [Thread-272] INFO  impl.RaftServerImpl (RaftServerImpl.java:setRole(184)) - b88b3e43-5534-49b3-b3f2-a9f154b450de@group-2FABE92B7E5B: changes role from  FOLLOWER to CANDIDATE at term 5 for changeToCandidate
2019-10-21 23:46:20,396 [Thread-272] INFO  impl.RoleInfo (RoleInfo.java:updateAndGet(143)) - b88b3e43-5534-49b3-b3f2-a9f154b450de: start LeaderElection
2019-10-21 23:46:20,411 [b88b3e43-5534-49b3-b3f2-a9f154b450de@group-2FABE92B7E5B-LeaderElection11] INFO  impl.LeaderElection (LeaderElection.java:askForVotes(178)) - b88b3e43-5534-49b3-b3f2-a9f154b450de@group-2FABE92B7E5B-LeaderElection11: begin an election at term 6 for -1: [c58a0a02-acd3-47c8-b3e9-5b8e0493de45:192.168.157.254:33611, 1360619e-ba1e-4bf9-aec1-9f15b5480b27:192.168.157.254:45658, b88b3e43-5534-49b3-b3f2-a9f154b450de:192.168.157.254:46786], old=null
2019-10-21 23:46:20,417 [grpc-default-executor-0] INFO  impl.RaftServerImpl (RaftServerImpl.java:setRole(184)) - c58a0a02-acd3-47c8-b3e9-5b8e0493de45@group-2FABE92B7E5B: changes role from  FOLLOWER to FOLLOWER at term 6 for recognizeCandidate:b88b3e43-5534-49b3-b3f2-a9f154b450de
2019-10-21 23:46:20,417 [grpc-default-executor-4] INFO  impl.RaftServerImpl (RaftServerImpl.java:setRole(184)) - 1360619e-ba1e-4bf9-aec1-9f15b5480b27@group-2FABE92B7E5B: changes role from  FOLLOWER to FOLLOWER at term 6 for recognizeCandidate:b88b3e43-5534-49b3-b3f2-a9f154b450de
2019-10-21 23:46:20,418 [grpc-default-executor-0] INFO  impl.RoleInfo (RoleInfo.java:shutdownFollowerState(121)) - c58a0a02-acd3-47c8-b3e9-5b8e0493de45: shutdown FollowerState
2019-10-21 23:46:20,418 [grpc-default-executor-4] INFO  impl.RoleInfo (RoleInfo.java:shutdownFollowerState(121)) - 1360619e-ba1e-4bf9-aec1-9f15b5480b27: shutdown FollowerState
2019-10-21 23:46:20,418 [Thread-271] INFO  impl.FollowerState (FollowerState.java:run(117)) - c58a0a02-acd3-47c8-b3e9-5b8e0493de45@group-2FABE92B7E5B-FollowerState was interrupted: java.lang.InterruptedException: sleep interrupted
2019-10-21 23:46:20,418 [grpc-default-executor-0] INFO  impl.RoleInfo (RoleInfo.java:updateAndGet(143)) - c58a0a02-acd3-47c8-b3e9-5b8e0493de45: start FollowerState
2019-10-21 23:46:20,418 [grpc-default-executor-4] INFO  impl.RoleInfo (RoleInfo.java:updateAndGet(143)) - 1360619e-ba1e-4bf9-aec1-9f15b5480b27: start FollowerState
2019-10-21 23:46:20,418 [Thread-270] INFO  impl.FollowerState (FollowerState.java:run(117)) - 1360619e-ba1e-4bf9-aec1-9f15b5480b27@group-2FABE92B7E5B-FollowerState was interrupted: java.lang.InterruptedException: sleep interrupted
2019-10-21 23:46:20,437 [b88b3e43-5534-49b3-b3f2-a9f154b450de@group-2FABE92B7E5B-LeaderElection11] INFO  impl.LeaderElection (LeaderElection.java:logAndReturn(56)) - b88b3e43-5534-49b3-b3f2-a9f154b450de@group-2FABE92B7E5B-LeaderElection11: Election REJECTED; received 2 response(s) [b88b3e43-5534-49b3-b3f2-a9f154b450de<-c58a0a02-acd3-47c8-b3e9-5b8e0493de45#0:FAIL-t6, b88b3e43-5534-49b3-b3f2-a9f154b450de<-1360619e-ba1e-4bf9-aec1-9f15b5480b27#0:FAIL-t6] and 0 exception(s); b88b3e43-5534-49b3-b3f2-a9f154b450de@group-2FABE92B7E5B:t6, leader=null, voted=b88b3e43-5534-49b3-b3f2-a9f154b450de, raftlog=b88b3e43-5534-49b3-b3f2-a9f154b450de@group-2FABE92B7E5B-SegmentedRaftLog:OPENED:c-1,f-1,i0, conf=-1: [c58a0a02-acd3-47c8-b3e9-5b8e0493de45:192.168.157.254:33611, 1360619e-ba1e-4bf9-aec1-9f15b5480b27:192.168.157.254:45658, b88b3e43-5534-49b3-b3f2-a9f154b450de:192.168.157.254:46786], old=null
2019-10-21 23:46:20,437 [b88b3e43-5534-49b3-b3f2-a9f154b450de@group-2FABE92B7E5B-LeaderElection11] INFO  impl.RaftServerImpl (RaftServerImpl.java:setRole(184)) - b88b3e43-5534-49b3-b3f2-a9f154b450de@group-2FABE92B7E5B: changes role from CANDIDATE to FOLLOWER at term 6 for DISCOVERED_A_NEW_TERM
2019-10-21 23:46:20,439 [b88b3e43-5534-49b3-b3f2-a9f154b450de@group-2FABE92B7E5B-LeaderElection11] INFO  impl.RoleInfo (RoleInfo.java:shutdownLeaderElection(134)) - b88b3e43-5534-49b3-b3f2-a9f154b450de: shutdown LeaderElection
2019-10-21 23:46:20,439 [b88b3e43-5534-49b3-b3f2-a9f154b450de@group-2FABE92B7E5B-LeaderElection11] INFO  impl.RoleInfo (RoleInfo.java:updateAndGet(143)) - b88b3e43-5534-49b3-b3f2-a9f154b450de: start FollowerState
2019-10-21 23:46:20,610 [Thread-278] INFO  impl.FollowerState (FollowerState.java:run(108)) - b88b3e43-5534-49b3-b3f2-a9f154b450de@group-2FABE92B7E5B-FollowerState: change to CANDIDATE, lastRpcTime:171ms, electionTimeout:169ms
2019-10-21 23:46:20,613 [Thread-278] INFO  impl.RoleInfo (RoleInfo.java:shutdownFollowerState(121)) - b88b3e43-5534-49b3-b3f2-a9f154b450de: shutdown FollowerState
2019-10-21 23:46:20,613 [Thread-278] INFO  impl.RaftServerImpl (RaftServerImpl.java:setRole(184)) - b88b3e43-5534-49b3-b3f2-a9f154b450de@group-2FABE92B7E5B: changes role from  FOLLOWER to CANDIDATE at term 6 for changeToCandidate
2019-10-21 23:46:20,614 [Thread-278] INFO  impl.RoleInfo (RoleInfo.java:updateAndGet(143)) - b88b3e43-5534-49b3-b3f2-a9f154b450de: start LeaderElection
2019-10-21 23:46:20,631 [b88b3e43-5534-49b3-b3f2-a9f154b450de@group-2FABE92B7E5B-LeaderElection12] INFO  impl.LeaderElection (LeaderElection.java:askForVotes(178)) - b88b3e43-5534-49b3-b3f2-a9f154b450de@group-2FABE92B7E5B-LeaderElection12: begin an election at term 7 for -1: [c58a0a02-acd3-47c8-b3e9-5b8e0493de45:192.168.157.254:33611, 1360619e-ba1e-4bf9-aec1-9f15b5480b27:192.168.157.254:45658, b88b3e43-5534-49b3-b3f2-a9f154b450de:192.168.157.254:46786], old=null
2019-10-21 23:46:20,638 [grpc-default-executor-4] INFO  impl.RaftServerImpl (RaftServerImpl.java:setRole(184)) - c58a0a02-acd3-47c8-b3e9-5b8e0493de45@group-2FABE92B7E5B: changes role from  FOLLOWER to FOLLOWER at term 7 for recognizeCandidate:b88b3e43-5534-49b3-b3f2-a9f154b450de
2019-10-21 23:46:20,638 [grpc-default-executor-0] INFO  impl.RaftServerImpl (RaftServerImpl.java:setRole(184)) - 1360619e-ba1e-4bf9-aec1-9f15b5480b27@group-2FABE92B7E5B: changes role from  FOLLOWER to FOLLOWER at term 7 for recognizeCandidate:b88b3e43-5534-49b3-b3f2-a9f154b450de
2019-10-21 23:46:20,638 [grpc-default-executor-4] INFO  impl.RoleInfo (RoleInfo.java:shutdownFollowerState(121)) - c58a0a02-acd3-47c8-b3e9-5b8e0493de45: shutdown FollowerState
2019-10-21 23:46:20,638 [grpc-default-executor-0] INFO  impl.RoleInfo (RoleInfo.java:shutdownFollowerState(121)) - 1360619e-ba1e-4bf9-aec1-9f15b5480b27: shutdown FollowerState
2019-10-21 23:46:20,639 [grpc-default-executor-4] INFO  impl.RoleInfo (RoleInfo.java:updateAndGet(143)) - c58a0a02-acd3-47c8-b3e9-5b8e0493de45: start FollowerState
2019-10-21 23:46:20,639 [Thread-276] INFO  impl.FollowerState (FollowerState.java:run(117)) - c58a0a02-acd3-47c8-b3e9-5b8e0493de45@group-2FABE92B7E5B-FollowerState was interrupted: java.lang.InterruptedException: sleep interrupted
2019-10-21 23:46:20,639 [grpc-default-executor-0] INFO  impl.RoleInfo (RoleInfo.java:updateAndGet(143)) - 1360619e-ba1e-4bf9-aec1-9f15b5480b27: start FollowerState
2019-10-21 23:46:20,639 [Thread-277] INFO  impl.FollowerState (FollowerState.java:run(117)) - 1360619e-ba1e-4bf9-aec1-9f15b5480b27@group-2FABE92B7E5B-FollowerState was interrupted: java.lang.InterruptedException: sleep interrupted
2019-10-21 23:46:20,655 [b88b3e43-5534-49b3-b3f2-a9f154b450de@group-2FABE92B7E5B-LeaderElection12] INFO  impl.LeaderElection (LeaderElection.java:logAndReturn(56)) - b88b3e43-5534-49b3-b3f2-a9f154b450de@group-2FABE92B7E5B-LeaderElection12: Election REJECTED; received 2 response(s) [b88b3e43-5534-49b3-b3f2-a9f154b450de<-c58a0a02-acd3-47c8-b3e9-5b8e0493de45#0:FAIL-t7, b88b3e43-5534-49b3-b3f2-a9f154b450de<-1360619e-ba1e-4bf9-aec1-9f15b5480b27#0:FAIL-t7] and 0 exception(s); b88b3e43-5534-49b3-b3f2-a9f154b450de@group-2FABE92B7E5B:t7, leader=null, voted=b88b3e43-5534-49b3-b3f2-a9f154b450de, raftlog=b88b3e43-5534-49b3-b3f2-a9f154b450de@group-2FABE92B7E5B-SegmentedRaftLog:OPENED:c-1,f-1,i0, conf=-1: [c58a0a02-acd3-47c8-b3e9-5b8e0493de45:192.168.157.254:33611, 1360619e-ba1e-4bf9-aec1-9f15b5480b27:192.168.157.254:45658, b88b3e43-5534-49b3-b3f2-a9f154b450de:192.168.157.254:46786], old=null
2019-10-21 23:46:20,656 [b88b3e43-5534-49b3-b3f2-a9f154b450de@group-2FABE92B7E5B-LeaderElection12] INFO  impl.RaftServerImpl (RaftServerImpl.java:setRole(184)) - b88b3e43-5534-49b3-b3f2-a9f154b450de@group-2FABE92B7E5B: changes role from CANDIDATE to FOLLOWER at term 7 for DISCOVERED_A_NEW_TERM
2019-10-21 23:46:20,657 [b88b3e43-5534-49b3-b3f2-a9f154b450de@group-2FABE92B7E5B-LeaderElection12] INFO  impl.RoleInfo (RoleInfo.java:shutdownLeaderElection(134)) - b88b3e43-5534-49b3-b3f2-a9f154b450de: shutdown LeaderElection
2019-10-21 23:46:20,657 [b88b3e43-5534-49b3-b3f2-a9f154b450de@group-2FABE92B7E5B-LeaderElection12] INFO  impl.RoleInfo (RoleInfo.java:updateAndGet(143)) - b88b3e43-5534-49b3-b3f2-a9f154b450de: start FollowerState
2019-10-21 23:46:20,713 [Thread-285] INFO  impl.FollowerState (FollowerState.java:run(108)) - b88b3e43-5534-49b3-b3f2-a9f154b450de@group-2FABE92B7E5B-FollowerState: change to CANDIDATE, lastRpcTime:55ms, electionTimeout:54ms
2019-10-21 23:46:20,714 [Thread-285] INFO  impl.RoleInfo (RoleInfo.java:shutdownFollowerState(121)) - b88b3e43-5534-49b3-b3f2-a9f154b450de: shutdown FollowerState
2019-10-21 23:46:20,714 [Thread-285] INFO  impl.RaftServerImpl (RaftServerImpl.java:setRole(184)) - b88b3e43-5534-49b3-b3f2-a9f154b450de@group-2FABE92B7E5B: changes role from  FOLLOWER to CANDIDATE at term 7 for changeToCandidate
2019-10-21 23:46:20,715 [Thread-285] INFO  impl.RoleInfo (RoleInfo.java:updateAndGet(143)) - b88b3e43-5534-49b3-b3f2-a9f154b450de: start LeaderElection
2019-10-21 23:46:21,006 [b88b3e43-5534-49b3-b3f2-a9f154b450de@group-2FABE92B7E5B-LeaderElection13] INFO  impl.LeaderElection (LeaderElection.java:askForVotes(178)) - b88b3e43-5534-49b3-b3f2-a9f154b450de@group-2FABE92B7E5B-LeaderElection13: begin an election at term 8 for -1: [c58a0a02-acd3-47c8-b3e9-5b8e0493de45:192.168.157.254:33611, 1360619e-ba1e-4bf9-aec1-9f15b5480b27:192.168.157.254:45658, b88b3e43-5534-49b3-b3f2-a9f154b450de:192.168.157.254:46786], old=null
2019-10-21 23:46:21,028 [grpc-default-executor-4] INFO  impl.RaftServerImpl (RaftServerImpl.java:setRole(184)) - 1360619e-ba1e-4bf9-aec1-9f15b5480b27@group-2FABE92B7E5B: changes role from  FOLLOWER to FOLLOWER at term 8 for recognizeCandidate:b88b3e43-5534-49b3-b3f2-a9f154b450de
2019-10-21 23:46:21,029 [grpc-default-executor-4] INFO  impl.RoleInfo (RoleInfo.java:shutdownFollowerState(121)) - 1360619e-ba1e-4bf9-aec1-9f15b5480b27: shutdown FollowerState
2019-10-21 23:46:21,029 [grpc-default-executor-4] INFO  impl.RoleInfo (RoleInfo.java:updateAndGet(143)) - 1360619e-ba1e-4bf9-aec1-9f15b5480b27: start FollowerState
2019-10-21 23:46:21,029 [Thread-284] INFO  impl.FollowerState (FollowerState.java:run(117)) - 1360619e-ba1e-4bf9-aec1-9f15b5480b27@group-2FABE92B7E5B-FollowerState was interrupted: java.lang.InterruptedException: sleep interrupted
2019-10-21 23:46:21,030 [grpc-default-executor-0] INFO  impl.RaftServerImpl (RaftServerImpl.java:setRole(184)) - c58a0a02-acd3-47c8-b3e9-5b8e0493de45@group-2FABE92B7E5B: changes role from  FOLLOWER to FOLLOWER at term 8 for recognizeCandidate:b88b3e43-5534-49b3-b3f2-a9f154b450de
2019-10-21 23:46:21,031 [grpc-default-executor-0] INFO  impl.RoleInfo (RoleInfo.java:shutdownFollowerState(121)) - c58a0a02-acd3-47c8-b3e9-5b8e0493de45: shutdown FollowerState
2019-10-21 23:46:21,032 [Thread-283] INFO  impl.FollowerState (FollowerState.java:run(117)) - c58a0a02-acd3-47c8-b3e9-5b8e0493de45@group-2FABE92B7E5B-FollowerState was interrupted: java.lang.InterruptedException: sleep interrupted
2019-10-21 23:46:21,033 [grpc-default-executor-0] INFO  impl.RoleInfo (RoleInfo.java:updateAndGet(143)) - c58a0a02-acd3-47c8-b3e9-5b8e0493de45: start FollowerState
2019-10-21 23:46:21,049 [b88b3e43-5534-49b3-b3f2-a9f154b450de@group-2FABE92B7E5B-LeaderElection13] INFO  impl.LeaderElection (LeaderElection.java:logAndReturn(56)) - b88b3e43-5534-49b3-b3f2-a9f154b450de@group-2FABE92B7E5B-LeaderElection13: Election REJECTED; received 2 response(s) [b88b3e43-5534-49b3-b3f2-a9f154b450de<-c58a0a02-acd3-47c8-b3e9-5b8e0493de45#0:FAIL-t8, b88b3e43-5534-49b3-b3f2-a9f154b450de<-1360619e-ba1e-4bf9-aec1-9f15b5480b27#0:FAIL-t8] and 0 exception(s); b88b3e43-5534-49b3-b3f2-a9f154b450de@group-2FABE92B7E5B:t8, leader=null, voted=b88b3e43-5534-49b3-b3f2-a9f154b450de, raftlog=b88b3e43-5534-49b3-b3f2-a9f154b450de@group-2FABE92B7E5B-SegmentedRaftLog:OPENED:c-1,f-1,i0, conf=-1: [c58a0a02-acd3-47c8-b3e9-5b8e0493de45:192.168.157.254:33611, 1360619e-ba1e-4bf9-aec1-9f15b5480b27:192.168.157.254:45658, b88b3e43-5534-49b3-b3f2-a9f154b450de:192.168.157.254:46786], old=null
2019-10-21 23:46:21,049 [b88b3e43-5534-49b3-b3f2-a9f154b450de@group-2FABE92B7E5B-LeaderElection13] INFO  impl.RaftServerImpl (RaftServerImpl.java:setRole(184)) - b88b3e43-5534-49b3-b3f2-a9f154b450de@group-2FABE92B7E5B: changes role from CANDIDATE to FOLLOWER at term 8 for DISCOVERED_A_NEW_TERM
2019-10-21 23:46:21,049 [b88b3e43-5534-49b3-b3f2-a9f154b450de@group-2FABE92B7E5B-LeaderElection13] INFO  impl.RoleInfo (RoleInfo.java:shutdownLeaderElection(134)) - b88b3e43-5534-49b3-b3f2-a9f154b450de: shutdown LeaderElection
2019-10-21 23:46:21,050 [b88b3e43-5534-49b3-b3f2-a9f154b450de@group-2FABE92B7E5B-LeaderElection13] INFO  impl.RoleInfo (RoleInfo.java:updateAndGet(143)) - b88b3e43-5534-49b3-b3f2-a9f154b450de: start FollowerState
2019-10-21 23:46:21,163 [Thread-291] INFO  impl.FollowerState (FollowerState.java:run(108)) - b88b3e43-5534-49b3-b3f2-a9f154b450de@group-2FABE92B7E5B-FollowerState: change to CANDIDATE, lastRpcTime:112ms, electionTimeout:112ms
2019-10-21 23:46:21,164 [Thread-291] INFO  impl.RoleInfo (RoleInfo.java:shutdownFollowerState(121)) - b88b3e43-5534-49b3-b3f2-a9f154b450de: shutdown FollowerState
2019-10-21 23:46:21,164 [Thread-291] INFO  impl.RaftServerImpl (RaftServerImpl.java:setRole(184)) - b88b3e43-5534-49b3-b3f2-a9f154b450de@group-2FABE92B7E5B: changes role from  FOLLOWER to CANDIDATE at term 8 for changeToCandidate
2019-10-21 23:46:21,164 [Thread-291] INFO  impl.RoleInfo (RoleInfo.java:updateAndGet(143)) - b88b3e43-5534-49b3-b3f2-a9f154b450de: start LeaderElection
2019-10-21 23:46:21,169 [b88b3e43-5534-49b3-b3f2-a9f154b450de@group-2FABE92B7E5B-LeaderElection14] INFO  impl.LeaderElection (LeaderElection.java:askForVotes(178)) - b88b3e43-5534-49b3-b3f2-a9f154b450de@group-2FABE92B7E5B-LeaderElection14: begin an election at term 9 for -1: [c58a0a02-acd3-47c8-b3e9-5b8e0493de45:192.168.157.254:33611, 1360619e-ba1e-4bf9-aec1-9f15b5480b27:192.168.157.254:45658, b88b3e43-5534-49b3-b3f2-a9f154b450de:192.168.157.254:46786], old=null
2019-10-21 23:46:21,173 [grpc-default-executor-0] INFO  impl.RaftServerImpl (RaftServerImpl.java:setRole(184)) - c58a0a02-acd3-47c8-b3e9-5b8e0493de45@group-2FABE92B7E5B: changes role from  FOLLOWER to FOLLOWER at term 9 for recognizeCandidate:b88b3e43-5534-49b3-b3f2-a9f154b450de
2019-10-21 23:46:21,173 [grpc-default-executor-4] INFO  impl.RaftServerImpl (RaftServerImpl.java:setRole(184)) - 1360619e-ba1e-4bf9-aec1-9f15b5480b27@group-2FABE92B7E5B: changes role from  FOLLOWER to FOLLOWER at term 9 for recognizeCandidate:b88b3e43-5534-49b3-b3f2-a9f154b450de
2019-10-21 23:46:21,173 [grpc-default-executor-0] INFO  impl.RoleInfo (RoleInfo.java:shutdownFollowerState(121)) - c58a0a02-acd3-47c8-b3e9-5b8e0493de45: shutdown FollowerState
2019-10-21 23:46:21,173 [grpc-default-executor-4] INFO  impl.RoleInfo (RoleInfo.java:shutdownFollowerState(121)) - 1360619e-ba1e-4bf9-aec1-9f15b5480b27: shutdown FollowerState
2019-10-21 23:46:21,173 [Thread-290] INFO  impl.FollowerState (FollowerState.java:run(117)) - c58a0a02-acd3-47c8-b3e9-5b8e0493de45@group-2FABE92B7E5B-FollowerState was interrupted: java.lang.InterruptedException: sleep interrupted
2019-10-21 23:46:21,173 [Thread-289] INFO  impl.FollowerState (FollowerState.java:run(117)) - 1360619e-ba1e-4bf9-aec1-9f15b5480b27@group-2FABE92B7E5B-FollowerState was interrupted: java.lang.InterruptedException: sleep interrupted
2019-10-21 23:46:21,173 [grpc-default-executor-0] INFO  impl.RoleInfo (RoleInfo.java:updateAndGet(143)) - c58a0a02-acd3-47c8-b3e9-5b8e0493de45: start FollowerState
2019-10-21 23:46:21,173 [grpc-default-executor-4] INFO  impl.RoleInfo (RoleInfo.java:updateAndGet(143)) - 1360619e-ba1e-4bf9-aec1-9f15b5480b27: start FollowerState
2019-10-21 23:46:21,188 [b88b3e43-5534-49b3-b3f2-a9f154b450de@group-2FABE92B7E5B-LeaderElection14] INFO  impl.LeaderElection (LeaderElection.java:logAndReturn(56)) - b88b3e43-5534-49b3-b3f2-a9f154b450de@group-2FABE92B7E5B-LeaderElection14: Election REJECTED; received 2 response(s) [b88b3e43-5534-49b3-b3f2-a9f154b450de<-c58a0a02-acd3-47c8-b3e9-5b8e0493de45#0:FAIL-t9, b88b3e43-5534-49b3-b3f2-a9f154b450de<-1360619e-ba1e-4bf9-aec1-9f15b5480b27#0:FAIL-t9] and 0 exception(s); b88b3e43-5534-49b3-b3f2-a9f154b450de@group-2FABE92B7E5B:t9, leader=null, voted=b88b3e43-5534-49b3-b3f2-a9f154b450de, raftlog=b88b3e43-5534-49b3-b3f2-a9f154b450de@group-2FABE92B7E5B-SegmentedRaftLog:OPENED:c-1,f-1,i0, conf=-1: [c58a0a02-acd3-47c8-b3e9-5b8e0493de45:192.168.157.254:33611, 1360619e-ba1e-4bf9-aec1-9f15b5480b27:192.168.157.254:45658, b88b3e43-5534-49b3-b3f2-a9f154b450de:192.168.157.254:46786], old=null
2019-10-21 23:46:21,188 [b88b3e43-5534-49b3-b3f2-a9f154b450de@group-2FABE92B7E5B-LeaderElection14] INFO  impl.RaftServerImpl (RaftServerImpl.java:setRole(184)) - b88b3e43-5534-49b3-b3f2-a9f154b450de@group-2FABE92B7E5B: changes role from CANDIDATE to FOLLOWER at term 9 for DISCOVERED_A_NEW_TERM
2019-10-21 23:46:21,191 [b88b3e43-5534-49b3-b3f2-a9f154b450de@group-2FABE92B7E5B-LeaderElection14] INFO  impl.RoleInfo (RoleInfo.java:shutdownLeaderElection(134)) - b88b3e43-5534-49b3-b3f2-a9f154b450de: shutdown LeaderElection
2019-10-21 23:46:21,191 [b88b3e43-5534-49b3-b3f2-a9f154b450de@group-2FABE92B7E5B-LeaderElection14] INFO  impl.RoleInfo (RoleInfo.java:updateAndGet(143)) - b88b3e43-5534-49b3-b3f2-a9f154b450de: start FollowerState
2019-10-21 23:46:21,195 [Thread-296] INFO  rpc.RpcClient (RpcClient.java:createVolume(272)) - Creating Volume: b20a2ceb-a318-4e7f-9d65-6d7f7bb2d8eb, with jenkins1000 as owner.
2019-10-21 23:46:21,260 [OM StateMachine ApplyTransaction Thread - 0] INFO  volume.OMVolumeCreateRequest (OMVolumeCreateRequest.java:validateAndUpdateCache(193)) - created volume:b20a2ceb-a318-4e7f-9d65-6d7f7bb2d8eb for user:jenkins1000
2019-10-21 23:46:21,277 [Thread-296] INFO  rpc.RpcClient (RpcClient.java:createBucket(411)) - Creating Bucket: b20a2ceb-a318-4e7f-9d65-6d7f7bb2d8eb/d7edf46b-26a7-46db-9ab4-17288f11bd4b, with Versioning false and Storage Type set to DISK and Encryption set to false 
2019-10-21 23:46:21,336 [IPC Server handler 0 on 40447] INFO  server.SCMBlockProtocolServer (SCMBlockProtocolServer.java:allocateBlock(179)) - Allocating 1 blocks of size 4194304, with ExcludeList {datanodes = [], containerIds = [], pipelineIds = []}
2019-10-21 23:46:21,362 [Thread-300] INFO  impl.FollowerState (FollowerState.java:run(108)) - b88b3e43-5534-49b3-b3f2-a9f154b450de@group-2FABE92B7E5B-FollowerState: change to CANDIDATE, lastRpcTime:170ms, electionTimeout:170ms
2019-10-21 23:46:21,362 [Thread-300] INFO  impl.RoleInfo (RoleInfo.java:shutdownFollowerState(121)) - b88b3e43-5534-49b3-b3f2-a9f154b450de: shutdown FollowerState
2019-10-21 23:46:21,362 [Thread-300] INFO  impl.RaftServerImpl (RaftServerImpl.java:setRole(184)) - b88b3e43-5534-49b3-b3f2-a9f154b450de@group-2FABE92B7E5B: changes role from  FOLLOWER to CANDIDATE at term 9 for changeToCandidate
2019-10-21 23:46:21,362 [Thread-300] INFO  impl.RoleInfo (RoleInfo.java:updateAndGet(143)) - b88b3e43-5534-49b3-b3f2-a9f154b450de: start LeaderElection
2019-10-21 23:46:21,388 [b88b3e43-5534-49b3-b3f2-a9f154b450de@group-2FABE92B7E5B-LeaderElection15] INFO  impl.LeaderElection (LeaderElection.java:askForVotes(178)) - b88b3e43-5534-49b3-b3f2-a9f154b450de@group-2FABE92B7E5B-LeaderElection15: begin an election at term 10 for -1: [c58a0a02-acd3-47c8-b3e9-5b8e0493de45:192.168.157.254:33611, 1360619e-ba1e-4bf9-aec1-9f15b5480b27:192.168.157.254:45658, b88b3e43-5534-49b3-b3f2-a9f154b450de:192.168.157.254:46786], old=null
2019-10-21 23:46:21,393 [grpc-default-executor-4] INFO  impl.RaftServerImpl (RaftServerImpl.java:setRole(184)) - c58a0a02-acd3-47c8-b3e9-5b8e0493de45@group-2FABE92B7E5B: changes role from  FOLLOWER to FOLLOWER at term 10 for recognizeCandidate:b88b3e43-5534-49b3-b3f2-a9f154b450de
2019-10-21 23:46:21,393 [grpc-default-executor-0] INFO  impl.RaftServerImpl (RaftServerImpl.java:setRole(184)) - 1360619e-ba1e-4bf9-aec1-9f15b5480b27@group-2FABE92B7E5B: changes role from  FOLLOWER to FOLLOWER at term 10 for recognizeCandidate:b88b3e43-5534-49b3-b3f2-a9f154b450de
2019-10-21 23:46:21,394 [grpc-default-executor-4] INFO  impl.RoleInfo (RoleInfo.java:shutdownFollowerState(121)) - c58a0a02-acd3-47c8-b3e9-5b8e0493de45: shutdown FollowerState
2019-10-21 23:46:21,394 [grpc-default-executor-0] INFO  impl.RoleInfo (RoleInfo.java:shutdownFollowerState(121)) - 1360619e-ba1e-4bf9-aec1-9f15b5480b27: shutdown FollowerState
2019-10-21 23:46:21,394 [grpc-default-executor-4] INFO  impl.RoleInfo (RoleInfo.java:updateAndGet(143)) - c58a0a02-acd3-47c8-b3e9-5b8e0493de45: start FollowerState
2019-10-21 23:46:21,394 [Thread-297] INFO  impl.FollowerState (FollowerState.java:run(117)) - c58a0a02-acd3-47c8-b3e9-5b8e0493de45@group-2FABE92B7E5B-FollowerState was interrupted: java.lang.InterruptedException: sleep interrupted
2019-10-21 23:46:21,395 [grpc-default-executor-0] INFO  impl.RoleInfo (RoleInfo.java:updateAndGet(143)) - 1360619e-ba1e-4bf9-aec1-9f15b5480b27: start FollowerState
2019-10-21 23:46:21,395 [Thread-298] INFO  impl.FollowerState (FollowerState.java:run(117)) - 1360619e-ba1e-4bf9-aec1-9f15b5480b27@group-2FABE92B7E5B-FollowerState was interrupted: java.lang.InterruptedException: sleep interrupted
2019-10-21 23:46:21,408 [b88b3e43-5534-49b3-b3f2-a9f154b450de@group-2FABE92B7E5B-LeaderElection15] INFO  impl.LeaderElection (LeaderElection.java:logAndReturn(56)) - b88b3e43-5534-49b3-b3f2-a9f154b450de@group-2FABE92B7E5B-LeaderElection15: Election REJECTED; received 2 response(s) [b88b3e43-5534-49b3-b3f2-a9f154b450de<-c58a0a02-acd3-47c8-b3e9-5b8e0493de45#0:FAIL-t10, b88b3e43-5534-49b3-b3f2-a9f154b450de<-1360619e-ba1e-4bf9-aec1-9f15b5480b27#0:FAIL-t10] and 0 exception(s); b88b3e43-5534-49b3-b3f2-a9f154b450de@group-2FABE92B7E5B:t10, leader=null, voted=b88b3e43-5534-49b3-b3f2-a9f154b450de, raftlog=b88b3e43-5534-49b3-b3f2-a9f154b450de@group-2FABE92B7E5B-SegmentedRaftLog:OPENED:c-1,f-1,i0, conf=-1: [c58a0a02-acd3-47c8-b3e9-5b8e0493de45:192.168.157.254:33611, 1360619e-ba1e-4bf9-aec1-9f15b5480b27:192.168.157.254:45658, b88b3e43-5534-49b3-b3f2-a9f154b450de:192.168.157.254:46786], old=null
2019-10-21 23:46:21,408 [b88b3e43-5534-49b3-b3f2-a9f154b450de@group-2FABE92B7E5B-LeaderElection15] INFO  impl.RaftServerImpl (RaftServerImpl.java:setRole(184)) - b88b3e43-5534-49b3-b3f2-a9f154b450de@group-2FABE92B7E5B: changes role from CANDIDATE to FOLLOWER at term 10 for DISCOVERED_A_NEW_TERM
2019-10-21 23:46:21,408 [b88b3e43-5534-49b3-b3f2-a9f154b450de@group-2FABE92B7E5B-LeaderElection15] INFO  impl.RoleInfo (RoleInfo.java:shutdownLeaderElection(134)) - b88b3e43-5534-49b3-b3f2-a9f154b450de: shutdown LeaderElection
2019-10-21 23:46:21,408 [b88b3e43-5534-49b3-b3f2-a9f154b450de@group-2FABE92B7E5B-LeaderElection15] INFO  impl.RoleInfo (RoleInfo.java:updateAndGet(143)) - b88b3e43-5534-49b3-b3f2-a9f154b450de: start FollowerState
2019-10-21 23:46:21,460 [Thread-296] INFO  impl.MetricsSystemImpl (MetricsSystemImpl.java:init(158)) - XceiverClientMetrics metrics system started (again)
2019-10-21 23:46:21,464 [Thread-306] INFO  impl.FollowerState (FollowerState.java:run(108)) - b88b3e43-5534-49b3-b3f2-a9f154b450de@group-2FABE92B7E5B-FollowerState: change to CANDIDATE, lastRpcTime:56ms, electionTimeout:56ms
2019-10-21 23:46:21,464 [Thread-306] INFO  impl.RoleInfo (RoleInfo.java:shutdownFollowerState(121)) - b88b3e43-5534-49b3-b3f2-a9f154b450de: shutdown FollowerState
2019-10-21 23:46:21,465 [Thread-306] INFO  impl.RaftServerImpl (RaftServerImpl.java:setRole(184)) - b88b3e43-5534-49b3-b3f2-a9f154b450de@group-2FABE92B7E5B: changes role from  FOLLOWER to CANDIDATE at term 10 for changeToCandidate
2019-10-21 23:46:21,465 [Thread-306] INFO  impl.RoleInfo (RoleInfo.java:updateAndGet(143)) - b88b3e43-5534-49b3-b3f2-a9f154b450de: start LeaderElection
2019-10-21 23:46:21,474 [b88b3e43-5534-49b3-b3f2-a9f154b450de@group-2FABE92B7E5B-LeaderElection16] INFO  impl.LeaderElection (LeaderElection.java:askForVotes(178)) - b88b3e43-5534-49b3-b3f2-a9f154b450de@group-2FABE92B7E5B-LeaderElection16: begin an election at term 11 for -1: [c58a0a02-acd3-47c8-b3e9-5b8e0493de45:192.168.157.254:33611, 1360619e-ba1e-4bf9-aec1-9f15b5480b27:192.168.157.254:45658, b88b3e43-5534-49b3-b3f2-a9f154b450de:192.168.157.254:46786], old=null
2019-10-21 23:46:21,480 [grpc-default-executor-4] INFO  impl.RaftServerImpl (RaftServerImpl.java:setRole(184)) - c58a0a02-acd3-47c8-b3e9-5b8e0493de45@group-2FABE92B7E5B: changes role from  FOLLOWER to FOLLOWER at term 11 for recognizeCandidate:b88b3e43-5534-49b3-b3f2-a9f154b450de
2019-10-21 23:46:21,480 [grpc-default-executor-0] INFO  impl.RaftServerImpl (RaftServerImpl.java:setRole(184)) - 1360619e-ba1e-4bf9-aec1-9f15b5480b27@group-2FABE92B7E5B: changes role from  FOLLOWER to FOLLOWER at term 11 for recognizeCandidate:b88b3e43-5534-49b3-b3f2-a9f154b450de
2019-10-21 23:46:21,481 [grpc-default-executor-4] INFO  impl.RoleInfo (RoleInfo.java:shutdownFollowerState(121)) - c58a0a02-acd3-47c8-b3e9-5b8e0493de45: shutdown FollowerState
2019-10-21 23:46:21,481 [grpc-default-executor-0] INFO  impl.RoleInfo (RoleInfo.java:shutdownFollowerState(121)) - 1360619e-ba1e-4bf9-aec1-9f15b5480b27: shutdown FollowerState
2019-10-21 23:46:21,481 [Thread-304] INFO  impl.FollowerState (FollowerState.java:run(117)) - c58a0a02-acd3-47c8-b3e9-5b8e0493de45@group-2FABE92B7E5B-FollowerState was interrupted: java.lang.InterruptedException: sleep interrupted
2019-10-21 23:46:21,481 [grpc-default-executor-0] INFO  impl.RoleInfo (RoleInfo.java:updateAndGet(143)) - 1360619e-ba1e-4bf9-aec1-9f15b5480b27: start FollowerState
2019-10-21 23:46:21,481 [grpc-default-executor-4] INFO  impl.RoleInfo (RoleInfo.java:updateAndGet(143)) - c58a0a02-acd3-47c8-b3e9-5b8e0493de45: start FollowerState
2019-10-21 23:46:21,485 [Thread-305] INFO  impl.FollowerState (FollowerState.java:run(117)) - 1360619e-ba1e-4bf9-aec1-9f15b5480b27@group-2FABE92B7E5B-FollowerState was interrupted: java.lang.InterruptedException: sleep interrupted
2019-10-21 23:46:21,497 [b88b3e43-5534-49b3-b3f2-a9f154b450de@group-2FABE92B7E5B-LeaderElection16] INFO  impl.LeaderElection (LeaderElection.java:logAndReturn(56)) - b88b3e43-5534-49b3-b3f2-a9f154b450de@group-2FABE92B7E5B-LeaderElection16: Election REJECTED; received 2 response(s) [b88b3e43-5534-49b3-b3f2-a9f154b450de<-c58a0a02-acd3-47c8-b3e9-5b8e0493de45#0:FAIL-t11, b88b3e43-5534-49b3-b3f2-a9f154b450de<-1360619e-ba1e-4bf9-aec1-9f15b5480b27#0:FAIL-t11] and 0 exception(s); b88b3e43-5534-49b3-b3f2-a9f154b450de@group-2FABE92B7E5B:t11, leader=null, voted=b88b3e43-5534-49b3-b3f2-a9f154b450de, raftlog=b88b3e43-5534-49b3-b3f2-a9f154b450de@group-2FABE92B7E5B-SegmentedRaftLog:OPENED:c-1,f-1,i0, conf=-1: [c58a0a02-acd3-47c8-b3e9-5b8e0493de45:192.168.157.254:33611, 1360619e-ba1e-4bf9-aec1-9f15b5480b27:192.168.157.254:45658, b88b3e43-5534-49b3-b3f2-a9f154b450de:192.168.157.254:46786], old=null
2019-10-21 23:46:21,497 [b88b3e43-5534-49b3-b3f2-a9f154b450de@group-2FABE92B7E5B-LeaderElection16] INFO  impl.RaftServerImpl (RaftServerImpl.java:setRole(184)) - b88b3e43-5534-49b3-b3f2-a9f154b450de@group-2FABE92B7E5B: changes role from CANDIDATE to FOLLOWER at term 11 for DISCOVERED_A_NEW_TERM
2019-10-21 23:46:21,497 [b88b3e43-5534-49b3-b3f2-a9f154b450de@group-2FABE92B7E5B-LeaderElection16] INFO  impl.RoleInfo (RoleInfo.java:shutdownLeaderElection(134)) - b88b3e43-5534-49b3-b3f2-a9f154b450de: shutdown LeaderElection
2019-10-21 23:46:21,497 [b88b3e43-5534-49b3-b3f2-a9f154b450de@group-2FABE92B7E5B-LeaderElection16] INFO  impl.RoleInfo (RoleInfo.java:updateAndGet(143)) - b88b3e43-5534-49b3-b3f2-a9f154b450de: start FollowerState
2019-10-21 23:46:21,529 [Thread-312] INFO  impl.FollowerState (FollowerState.java:run(108)) - b88b3e43-5534-49b3-b3f2-a9f154b450de@group-2FABE92B7E5B-FollowerState: change to CANDIDATE, lastRpcTime:31ms, electionTimeout:31ms
2019-10-21 23:46:21,532 [Thread-312] INFO  impl.RoleInfo (RoleInfo.java:shutdownFollowerState(121)) - b88b3e43-5534-49b3-b3f2-a9f154b450de: shutdown FollowerState
2019-10-21 23:46:21,532 [Thread-312] INFO  impl.RaftServerImpl (RaftServerImpl.java:setRole(184)) - b88b3e43-5534-49b3-b3f2-a9f154b450de@group-2FABE92B7E5B: changes role from  FOLLOWER to CANDIDATE at term 11 for changeToCandidate
2019-10-21 23:46:21,532 [Thread-312] INFO  impl.RoleInfo (RoleInfo.java:updateAndGet(143)) - b88b3e43-5534-49b3-b3f2-a9f154b450de: start LeaderElection
2019-10-21 23:46:21,537 [b88b3e43-5534-49b3-b3f2-a9f154b450de@group-2FABE92B7E5B-LeaderElection17] INFO  impl.LeaderElection (LeaderElection.java:askForVotes(178)) - b88b3e43-5534-49b3-b3f2-a9f154b450de@group-2FABE92B7E5B-LeaderElection17: begin an election at term 12 for -1: [c58a0a02-acd3-47c8-b3e9-5b8e0493de45:192.168.157.254:33611, 1360619e-ba1e-4bf9-aec1-9f15b5480b27:192.168.157.254:45658, b88b3e43-5534-49b3-b3f2-a9f154b450de:192.168.157.254:46786], old=null
2019-10-21 23:46:21,542 [grpc-default-executor-0] INFO  impl.RaftServerImpl (RaftServerImpl.java:setRole(184)) - c58a0a02-acd3-47c8-b3e9-5b8e0493de45@group-2FABE92B7E5B: changes role from  FOLLOWER to FOLLOWER at term 12 for recognizeCandidate:b88b3e43-5534-49b3-b3f2-a9f154b450de
2019-10-21 23:46:21,542 [grpc-default-executor-2] INFO  impl.RaftServerImpl (RaftServerImpl.java:setRole(184)) - 1360619e-ba1e-4bf9-aec1-9f15b5480b27@group-2FABE92B7E5B: changes role from  FOLLOWER to FOLLOWER at term 12 for recognizeCandidate:b88b3e43-5534-49b3-b3f2-a9f154b450de
2019-10-21 23:46:21,542 [grpc-default-executor-0] INFO  impl.RoleInfo (RoleInfo.java:shutdownFollowerState(121)) - c58a0a02-acd3-47c8-b3e9-5b8e0493de45: shutdown FollowerState
2019-10-21 23:46:21,543 [grpc-default-executor-2] INFO  impl.RoleInfo (RoleInfo.java:shutdownFollowerState(121)) - 1360619e-ba1e-4bf9-aec1-9f15b5480b27: shutdown FollowerState
2019-10-21 23:46:21,543 [Thread-310] INFO  impl.FollowerState (FollowerState.java:run(117)) - c58a0a02-acd3-47c8-b3e9-5b8e0493de45@group-2FABE92B7E5B-FollowerState was interrupted: java.lang.InterruptedException: sleep interrupted
2019-10-21 23:46:21,543 [grpc-default-executor-2] INFO  impl.RoleInfo (RoleInfo.java:updateAndGet(143)) - 1360619e-ba1e-4bf9-aec1-9f15b5480b27: start FollowerState
2019-10-21 23:46:21,543 [Thread-311] INFO  impl.FollowerState (FollowerState.java:run(117)) - 1360619e-ba1e-4bf9-aec1-9f15b5480b27@group-2FABE92B7E5B-FollowerState was interrupted: java.lang.InterruptedException: sleep interrupted
2019-10-21 23:46:21,543 [grpc-default-executor-0] INFO  impl.RoleInfo (RoleInfo.java:updateAndGet(143)) - c58a0a02-acd3-47c8-b3e9-5b8e0493de45: start FollowerState
2019-10-21 23:46:21,551 [b88b3e43-5534-49b3-b3f2-a9f154b450de@group-2FABE92B7E5B-LeaderElection17] INFO  impl.LeaderElection (LeaderElection.java:logAndReturn(56)) - b88b3e43-5534-49b3-b3f2-a9f154b450de@group-2FABE92B7E5B-LeaderElection17: Election REJECTED; received 2 response(s) [b88b3e43-5534-49b3-b3f2-a9f154b450de<-c58a0a02-acd3-47c8-b3e9-5b8e0493de45#0:FAIL-t12, b88b3e43-5534-49b3-b3f2-a9f154b450de<-1360619e-ba1e-4bf9-aec1-9f15b5480b27#0:FAIL-t12] and 0 exception(s); b88b3e43-5534-49b3-b3f2-a9f154b450de@group-2FABE92B7E5B:t12, leader=null, voted=b88b3e43-5534-49b3-b3f2-a9f154b450de, raftlog=b88b3e43-5534-49b3-b3f2-a9f154b450de@group-2FABE92B7E5B-SegmentedRaftLog:OPENED:c-1,f-1,i0, conf=-1: [c58a0a02-acd3-47c8-b3e9-5b8e0493de45:192.168.157.254:33611, 1360619e-ba1e-4bf9-aec1-9f15b5480b27:192.168.157.254:45658, b88b3e43-5534-49b3-b3f2-a9f154b450de:192.168.157.254:46786], old=null
2019-10-21 23:46:21,551 [b88b3e43-5534-49b3-b3f2-a9f154b450de@group-2FABE92B7E5B-LeaderElection17] INFO  impl.RaftServerImpl (RaftServerImpl.java:setRole(184)) - b88b3e43-5534-49b3-b3f2-a9f154b450de@group-2FABE92B7E5B: changes role from CANDIDATE to FOLLOWER at term 12 for DISCOVERED_A_NEW_TERM
2019-10-21 23:46:21,552 [b88b3e43-5534-49b3-b3f2-a9f154b450de@group-2FABE92B7E5B-LeaderElection17] INFO  impl.RoleInfo (RoleInfo.java:shutdownLeaderElection(134)) - b88b3e43-5534-49b3-b3f2-a9f154b450de: shutdown LeaderElection
2019-10-21 23:46:21,552 [b88b3e43-5534-49b3-b3f2-a9f154b450de@group-2FABE92B7E5B-LeaderElection17] INFO  impl.RoleInfo (RoleInfo.java:updateAndGet(143)) - b88b3e43-5534-49b3-b3f2-a9f154b450de: start FollowerState
2019-10-21 23:46:21,698 [Thread-320] INFO  impl.FollowerState (FollowerState.java:run(108)) - b88b3e43-5534-49b3-b3f2-a9f154b450de@group-2FABE92B7E5B-FollowerState: change to CANDIDATE, lastRpcTime:146ms, electionTimeout:146ms
2019-10-21 23:46:21,700 [Thread-320] INFO  impl.RoleInfo (RoleInfo.java:shutdownFollowerState(121)) - b88b3e43-5534-49b3-b3f2-a9f154b450de: shutdown FollowerState
2019-10-21 23:46:21,700 [Thread-320] INFO  impl.RaftServerImpl (RaftServerImpl.java:setRole(184)) - b88b3e43-5534-49b3-b3f2-a9f154b450de@group-2FABE92B7E5B: changes role from  FOLLOWER to CANDIDATE at term 12 for changeToCandidate
2019-10-21 23:46:21,700 [Thread-320] INFO  impl.RoleInfo (RoleInfo.java:updateAndGet(143)) - b88b3e43-5534-49b3-b3f2-a9f154b450de: start LeaderElection
2019-10-21 23:46:21,714 [b88b3e43-5534-49b3-b3f2-a9f154b450de@group-2FABE92B7E5B-LeaderElection18] INFO  impl.LeaderElection (LeaderElection.java:askForVotes(178)) - b88b3e43-5534-49b3-b3f2-a9f154b450de@group-2FABE92B7E5B-LeaderElection18: begin an election at term 13 for -1: [c58a0a02-acd3-47c8-b3e9-5b8e0493de45:192.168.157.254:33611, 1360619e-ba1e-4bf9-aec1-9f15b5480b27:192.168.157.254:45658, b88b3e43-5534-49b3-b3f2-a9f154b450de:192.168.157.254:46786], old=null
2019-10-21 23:46:21,718 [grpc-default-executor-0] INFO  impl.RaftServerImpl (RaftServerImpl.java:setRole(184)) - 1360619e-ba1e-4bf9-aec1-9f15b5480b27@group-2FABE92B7E5B: changes role from  FOLLOWER to FOLLOWER at term 13 for recognizeCandidate:b88b3e43-5534-49b3-b3f2-a9f154b450de
2019-10-21 23:46:21,718 [grpc-default-executor-2] INFO  impl.RaftServerImpl (RaftServerImpl.java:setRole(184)) - c58a0a02-acd3-47c8-b3e9-5b8e0493de45@group-2FABE92B7E5B: changes role from  FOLLOWER to FOLLOWER at term 13 for recognizeCandidate:b88b3e43-5534-49b3-b3f2-a9f154b450de
2019-10-21 23:46:21,718 [grpc-default-executor-0] INFO  impl.RoleInfo (RoleInfo.java:shutdownFollowerState(121)) - 1360619e-ba1e-4bf9-aec1-9f15b5480b27: shutdown FollowerState
2019-10-21 23:46:21,718 [grpc-default-executor-2] INFO  impl.RoleInfo (RoleInfo.java:shutdownFollowerState(121)) - c58a0a02-acd3-47c8-b3e9-5b8e0493de45: shutdown FollowerState
2019-10-21 23:46:21,718 [Thread-317] INFO  impl.FollowerState (FollowerState.java:run(117)) - 1360619e-ba1e-4bf9-aec1-9f15b5480b27@group-2FABE92B7E5B-FollowerState was interrupted: java.lang.InterruptedException: sleep interrupted
2019-10-21 23:46:21,718 [grpc-default-executor-0] INFO  impl.RoleInfo (RoleInfo.java:updateAndGet(143)) - 1360619e-ba1e-4bf9-aec1-9f15b5480b27: start FollowerState
2019-10-21 23:46:21,718 [grpc-default-executor-2] INFO  impl.RoleInfo (RoleInfo.java:updateAndGet(143)) - c58a0a02-acd3-47c8-b3e9-5b8e0493de45: start FollowerState
2019-10-21 23:46:21,718 [Thread-316] INFO  impl.FollowerState (FollowerState.java:run(117)) - c58a0a02-acd3-47c8-b3e9-5b8e0493de45@group-2FABE92B7E5B-FollowerState was interrupted: java.lang.InterruptedException: sleep interrupted
2019-10-21 23:46:21,727 [b88b3e43-5534-49b3-b3f2-a9f154b450de@group-2FABE92B7E5B-LeaderElection18] INFO  impl.LeaderElection (LeaderElection.java:logAndReturn(56)) - b88b3e43-5534-49b3-b3f2-a9f154b450de@group-2FABE92B7E5B-LeaderElection18: Election REJECTED; received 2 response(s) [b88b3e43-5534-49b3-b3f2-a9f154b450de<-c58a0a02-acd3-47c8-b3e9-5b8e0493de45#0:FAIL-t13, b88b3e43-5534-49b3-b3f2-a9f154b450de<-1360619e-ba1e-4bf9-aec1-9f15b5480b27#0:FAIL-t13] and 0 exception(s); b88b3e43-5534-49b3-b3f2-a9f154b450de@group-2FABE92B7E5B:t13, leader=null, voted=b88b3e43-5534-49b3-b3f2-a9f154b450de, raftlog=b88b3e43-5534-49b3-b3f2-a9f154b450de@group-2FABE92B7E5B-SegmentedRaftLog:OPENED:c-1,f-1,i0, conf=-1: [c58a0a02-acd3-47c8-b3e9-5b8e0493de45:192.168.157.254:33611, 1360619e-ba1e-4bf9-aec1-9f15b5480b27:192.168.157.254:45658, b88b3e43-5534-49b3-b3f2-a9f154b450de:192.168.157.254:46786], old=null
2019-10-21 23:46:21,727 [b88b3e43-5534-49b3-b3f2-a9f154b450de@group-2FABE92B7E5B-LeaderElection18] INFO  impl.RaftServerImpl (RaftServerImpl.java:setRole(184)) - b88b3e43-5534-49b3-b3f2-a9f154b450de@group-2FABE92B7E5B: changes role from CANDIDATE to FOLLOWER at term 13 for DISCOVERED_A_NEW_TERM
2019-10-21 23:46:21,727 [b88b3e43-5534-49b3-b3f2-a9f154b450de@group-2FABE92B7E5B-LeaderElection18] INFO  impl.RoleInfo (RoleInfo.java:shutdownLeaderElection(134)) - b88b3e43-5534-49b3-b3f2-a9f154b450de: shutdown LeaderElection
2019-10-21 23:46:21,728 [b88b3e43-5534-49b3-b3f2-a9f154b450de@group-2FABE92B7E5B-LeaderElection18] INFO  impl.RoleInfo (RoleInfo.java:updateAndGet(143)) - b88b3e43-5534-49b3-b3f2-a9f154b450de: start FollowerState
2019-10-21 23:46:21,915 [Thread-327] INFO  impl.FollowerState (FollowerState.java:run(108)) - b88b3e43-5534-49b3-b3f2-a9f154b450de@group-2FABE92B7E5B-FollowerState: change to CANDIDATE, lastRpcTime:187ms, electionTimeout:187ms
2019-10-21 23:46:21,916 [Thread-327] INFO  impl.RoleInfo (RoleInfo.java:shutdownFollowerState(121)) - b88b3e43-5534-49b3-b3f2-a9f154b450de: shutdown FollowerState
2019-10-21 23:46:21,917 [Thread-327] INFO  impl.RaftServerImpl (RaftServerImpl.java:setRole(184)) - b88b3e43-5534-49b3-b3f2-a9f154b450de@group-2FABE92B7E5B: changes role from  FOLLOWER to CANDIDATE at term 13 for changeToCandidate
2019-10-21 23:46:21,917 [Thread-327] INFO  impl.RoleInfo (RoleInfo.java:updateAndGet(143)) - b88b3e43-5534-49b3-b3f2-a9f154b450de: start LeaderElection
2019-10-21 23:46:21,924 [Thread-200] INFO  container.ReplicationManager (ReplicationManager.java:start(162)) - Starting Replication Monitor Thread.
2019-10-21 23:46:21,927 [ReplicationMonitor] INFO  container.ReplicationManager (ReplicationManager.java:run(225)) - Replication Monitor Thread took 2 milliseconds for processing 1 containers.
2019-10-21 23:46:21,931 [b88b3e43-5534-49b3-b3f2-a9f154b450de@group-2FABE92B7E5B-LeaderElection19] INFO  impl.LeaderElection (LeaderElection.java:askForVotes(178)) - b88b3e43-5534-49b3-b3f2-a9f154b450de@group-2FABE92B7E5B-LeaderElection19: begin an election at term 14 for -1: [c58a0a02-acd3-47c8-b3e9-5b8e0493de45:192.168.157.254:33611, 1360619e-ba1e-4bf9-aec1-9f15b5480b27:192.168.157.254:45658, b88b3e43-5534-49b3-b3f2-a9f154b450de:192.168.157.254:46786], old=null
2019-10-21 23:46:21,934 [grpc-default-executor-0] INFO  impl.RaftServerImpl (RaftServerImpl.java:setRole(184)) - 1360619e-ba1e-4bf9-aec1-9f15b5480b27@group-2FABE92B7E5B: changes role from  FOLLOWER to FOLLOWER at term 14 for recognizeCandidate:b88b3e43-5534-49b3-b3f2-a9f154b450de
2019-10-21 23:46:21,934 [grpc-default-executor-2] INFO  impl.RaftServerImpl (RaftServerImpl.java:setRole(184)) - c58a0a02-acd3-47c8-b3e9-5b8e0493de45@group-2FABE92B7E5B: changes role from  FOLLOWER to FOLLOWER at term 14 for recognizeCandidate:b88b3e43-5534-49b3-b3f2-a9f154b450de
2019-10-21 23:46:21,934 [grpc-default-executor-0] INFO  impl.RoleInfo (RoleInfo.java:shutdownFollowerState(121)) - 1360619e-ba1e-4bf9-aec1-9f15b5480b27: shutdown FollowerState
2019-10-21 23:46:21,934 [grpc-default-executor-2] INFO  impl.RoleInfo (RoleInfo.java:shutdownFollowerState(121)) - c58a0a02-acd3-47c8-b3e9-5b8e0493de45: shutdown FollowerState
2019-10-21 23:46:21,934 [Thread-325] INFO  impl.FollowerState (FollowerState.java:run(117)) - 1360619e-ba1e-4bf9-aec1-9f15b5480b27@group-2FABE92B7E5B-FollowerState was interrupted: java.lang.InterruptedException: sleep interrupted
2019-10-21 23:46:21,934 [grpc-default-executor-0] INFO  impl.RoleInfo (RoleInfo.java:updateAndGet(143)) - 1360619e-ba1e-4bf9-aec1-9f15b5480b27: start FollowerState
2019-10-21 23:46:21,935 [grpc-default-executor-2] INFO  impl.RoleInfo (RoleInfo.java:updateAndGet(143)) - c58a0a02-acd3-47c8-b3e9-5b8e0493de45: start FollowerState
2019-10-21 23:46:21,935 [Thread-326] INFO  impl.FollowerState (FollowerState.java:run(117)) - c58a0a02-acd3-47c8-b3e9-5b8e0493de45@group-2FABE92B7E5B-FollowerState was interrupted: java.lang.InterruptedException: sleep interrupted
2019-10-21 23:46:21,954 [b88b3e43-5534-49b3-b3f2-a9f154b450de@group-2FABE92B7E5B-LeaderElection19] INFO  impl.LeaderElection (LeaderElection.java:logAndReturn(56)) - b88b3e43-5534-49b3-b3f2-a9f154b450de@group-2FABE92B7E5B-LeaderElection19: Election REJECTED; received 2 response(s) [b88b3e43-5534-49b3-b3f2-a9f154b450de<-c58a0a02-acd3-47c8-b3e9-5b8e0493de45#0:FAIL-t14, b88b3e43-5534-49b3-b3f2-a9f154b450de<-1360619e-ba1e-4bf9-aec1-9f15b5480b27#0:FAIL-t14] and 0 exception(s); b88b3e43-5534-49b3-b3f2-a9f154b450de@group-2FABE92B7E5B:t14, leader=null, voted=b88b3e43-5534-49b3-b3f2-a9f154b450de, raftlog=b88b3e43-5534-49b3-b3f2-a9f154b450de@group-2FABE92B7E5B-SegmentedRaftLog:OPENED:c-1,f-1,i0, conf=-1: [c58a0a02-acd3-47c8-b3e9-5b8e0493de45:192.168.157.254:33611, 1360619e-ba1e-4bf9-aec1-9f15b5480b27:192.168.157.254:45658, b88b3e43-5534-49b3-b3f2-a9f154b450de:192.168.157.254:46786], old=null
2019-10-21 23:46:21,954 [b88b3e43-5534-49b3-b3f2-a9f154b450de@group-2FABE92B7E5B-LeaderElection19] INFO  impl.RaftServerImpl (RaftServerImpl.java:setRole(184)) - b88b3e43-5534-49b3-b3f2-a9f154b450de@group-2FABE92B7E5B: changes role from CANDIDATE to FOLLOWER at term 14 for DISCOVERED_A_NEW_TERM
2019-10-21 23:46:21,954 [b88b3e43-5534-49b3-b3f2-a9f154b450de@group-2FABE92B7E5B-LeaderElection19] INFO  impl.RoleInfo (RoleInfo.java:shutdownLeaderElection(134)) - b88b3e43-5534-49b3-b3f2-a9f154b450de: shutdown LeaderElection
2019-10-21 23:46:21,954 [b88b3e43-5534-49b3-b3f2-a9f154b450de@group-2FABE92B7E5B-LeaderElection19] INFO  impl.RoleInfo (RoleInfo.java:updateAndGet(143)) - b88b3e43-5534-49b3-b3f2-a9f154b450de: start FollowerState
2019-10-21 23:46:22,037 [Thread-334] INFO  impl.FollowerState (FollowerState.java:run(108)) - b88b3e43-5534-49b3-b3f2-a9f154b450de@group-2FABE92B7E5B-FollowerState: change to CANDIDATE, lastRpcTime:82ms, electionTimeout:82ms
2019-10-21 23:46:22,038 [Thread-334] INFO  impl.RoleInfo (RoleInfo.java:shutdownFollowerState(121)) - b88b3e43-5534-49b3-b3f2-a9f154b450de: shutdown FollowerState
2019-10-21 23:46:22,038 [Thread-334] INFO  impl.RaftServerImpl (RaftServerImpl.java:setRole(184)) - b88b3e43-5534-49b3-b3f2-a9f154b450de@group-2FABE92B7E5B: changes role from  FOLLOWER to CANDIDATE at term 14 for changeToCandidate
2019-10-21 23:46:22,038 [Thread-334] INFO  impl.RoleInfo (RoleInfo.java:updateAndGet(143)) - b88b3e43-5534-49b3-b3f2-a9f154b450de: start LeaderElection
2019-10-21 23:46:22,048 [b88b3e43-5534-49b3-b3f2-a9f154b450de@group-2FABE92B7E5B-LeaderElection20] INFO  impl.LeaderElection (LeaderElection.java:askForVotes(178)) - b88b3e43-5534-49b3-b3f2-a9f154b450de@group-2FABE92B7E5B-LeaderElection20: begin an election at term 15 for -1: [c58a0a02-acd3-47c8-b3e9-5b8e0493de45:192.168.157.254:33611, 1360619e-ba1e-4bf9-aec1-9f15b5480b27:192.168.157.254:45658, b88b3e43-5534-49b3-b3f2-a9f154b450de:192.168.157.254:46786], old=null
2019-10-21 23:46:22,068 [grpc-default-executor-2] INFO  impl.RaftServerImpl (RaftServerImpl.java:setRole(184)) - c58a0a02-acd3-47c8-b3e9-5b8e0493de45@group-2FABE92B7E5B: changes role from  FOLLOWER to FOLLOWER at term 15 for recognizeCandidate:b88b3e43-5534-49b3-b3f2-a9f154b450de
2019-10-21 23:46:22,068 [grpc-default-executor-2] INFO  impl.RoleInfo (RoleInfo.java:shutdownFollowerState(121)) - c58a0a02-acd3-47c8-b3e9-5b8e0493de45: shutdown FollowerState
2019-10-21 23:46:22,070 [grpc-default-executor-0] INFO  impl.RaftServerImpl (RaftServerImpl.java:setRole(184)) - 1360619e-ba1e-4bf9-aec1-9f15b5480b27@group-2FABE92B7E5B: changes role from  FOLLOWER to FOLLOWER at term 15 for recognizeCandidate:b88b3e43-5534-49b3-b3f2-a9f154b450de
2019-10-21 23:46:22,071 [grpc-default-executor-0] INFO  impl.RoleInfo (RoleInfo.java:shutdownFollowerState(121)) - 1360619e-ba1e-4bf9-aec1-9f15b5480b27: shutdown FollowerState
2019-10-21 23:46:22,072 [grpc-default-executor-0] INFO  impl.RoleInfo (RoleInfo.java:updateAndGet(143)) - 1360619e-ba1e-4bf9-aec1-9f15b5480b27: start FollowerState
2019-10-21 23:46:22,072 [Thread-333] INFO  impl.FollowerState (FollowerState.java:run(117)) - c58a0a02-acd3-47c8-b3e9-5b8e0493de45@group-2FABE92B7E5B-FollowerState was interrupted: java.lang.InterruptedException: sleep interrupted
2019-10-21 23:46:22,072 [grpc-default-executor-2] INFO  impl.RoleInfo (RoleInfo.java:updateAndGet(143)) - c58a0a02-acd3-47c8-b3e9-5b8e0493de45: start FollowerState
2019-10-21 23:46:22,072 [Thread-332] INFO  impl.FollowerState (FollowerState.java:run(117)) - 1360619e-ba1e-4bf9-aec1-9f15b5480b27@group-2FABE92B7E5B-FollowerState was interrupted: java.lang.InterruptedException: sleep interrupted
2019-10-21 23:46:22,106 [b88b3e43-5534-49b3-b3f2-a9f154b450de@group-2FABE92B7E5B-LeaderElection20] INFO  impl.LeaderElection (LeaderElection.java:logAndReturn(56)) - b88b3e43-5534-49b3-b3f2-a9f154b450de@group-2FABE92B7E5B-LeaderElection20: Election REJECTED; received 2 response(s) [b88b3e43-5534-49b3-b3f2-a9f154b450de<-c58a0a02-acd3-47c8-b3e9-5b8e0493de45#0:FAIL-t15, b88b3e43-5534-49b3-b3f2-a9f154b450de<-1360619e-ba1e-4bf9-aec1-9f15b5480b27#0:FAIL-t15] and 0 exception(s); b88b3e43-5534-49b3-b3f2-a9f154b450de@group-2FABE92B7E5B:t15, leader=null, voted=b88b3e43-5534-49b3-b3f2-a9f154b450de, raftlog=b88b3e43-5534-49b3-b3f2-a9f154b450de@group-2FABE92B7E5B-SegmentedRaftLog:OPENED:c-1,f-1,i0, conf=-1: [c58a0a02-acd3-47c8-b3e9-5b8e0493de45:192.168.157.254:33611, 1360619e-ba1e-4bf9-aec1-9f15b5480b27:192.168.157.254:45658, b88b3e43-5534-49b3-b3f2-a9f154b450de:192.168.157.254:46786], old=null
2019-10-21 23:46:22,106 [b88b3e43-5534-49b3-b3f2-a9f154b450de@group-2FABE92B7E5B-LeaderElection20] INFO  impl.RaftServerImpl (RaftServerImpl.java:setRole(184)) - b88b3e43-5534-49b3-b3f2-a9f154b450de@group-2FABE92B7E5B: changes role from CANDIDATE to FOLLOWER at term 15 for DISCOVERED_A_NEW_TERM
2019-10-21 23:46:22,106 [b88b3e43-5534-49b3-b3f2-a9f154b450de@group-2FABE92B7E5B-LeaderElection20] INFO  impl.RoleInfo (RoleInfo.java:shutdownLeaderElection(134)) - b88b3e43-5534-49b3-b3f2-a9f154b450de: shutdown LeaderElection
2019-10-21 23:46:22,107 [b88b3e43-5534-49b3-b3f2-a9f154b450de@group-2FABE92B7E5B-LeaderElection20] INFO  impl.RoleInfo (RoleInfo.java:updateAndGet(143)) - b88b3e43-5534-49b3-b3f2-a9f154b450de: start FollowerState
2019-10-21 23:46:22,231 [Thread-340] INFO  impl.FollowerState (FollowerState.java:run(108)) - b88b3e43-5534-49b3-b3f2-a9f154b450de@group-2FABE92B7E5B-FollowerState: change to CANDIDATE, lastRpcTime:124ms, electionTimeout:124ms
2019-10-21 23:46:22,232 [Thread-340] INFO  impl.RoleInfo (RoleInfo.java:shutdownFollowerState(121)) - b88b3e43-5534-49b3-b3f2-a9f154b450de: shutdown FollowerState
2019-10-21 23:46:22,233 [Thread-340] INFO  impl.RaftServerImpl (RaftServerImpl.java:setRole(184)) - b88b3e43-5534-49b3-b3f2-a9f154b450de@group-2FABE92B7E5B: changes role from  FOLLOWER to CANDIDATE at term 15 for changeToCandidate
2019-10-21 23:46:22,233 [Thread-340] INFO  impl.RoleInfo (RoleInfo.java:updateAndGet(143)) - b88b3e43-5534-49b3-b3f2-a9f154b450de: start LeaderElection
2019-10-21 23:46:22,247 [b88b3e43-5534-49b3-b3f2-a9f154b450de@group-2FABE92B7E5B-LeaderElection21] INFO  impl.LeaderElection (LeaderElection.java:askForVotes(178)) - b88b3e43-5534-49b3-b3f2-a9f154b450de@group-2FABE92B7E5B-LeaderElection21: begin an election at term 16 for -1: [c58a0a02-acd3-47c8-b3e9-5b8e0493de45:192.168.157.254:33611, 1360619e-ba1e-4bf9-aec1-9f15b5480b27:192.168.157.254:45658, b88b3e43-5534-49b3-b3f2-a9f154b450de:192.168.157.254:46786], old=null
2019-10-21 23:46:22,250 [grpc-default-executor-0] INFO  impl.RaftServerImpl (RaftServerImpl.java:setRole(184)) - c58a0a02-acd3-47c8-b3e9-5b8e0493de45@group-2FABE92B7E5B: changes role from  FOLLOWER to FOLLOWER at term 16 for recognizeCandidate:b88b3e43-5534-49b3-b3f2-a9f154b450de
2019-10-21 23:46:22,250 [grpc-default-executor-2] INFO  impl.RaftServerImpl (RaftServerImpl.java:setRole(184)) - 1360619e-ba1e-4bf9-aec1-9f15b5480b27@group-2FABE92B7E5B: changes role from  FOLLOWER to FOLLOWER at term 16 for recognizeCandidate:b88b3e43-5534-49b3-b3f2-a9f154b450de
2019-10-21 23:46:22,251 [grpc-default-executor-0] INFO  impl.RoleInfo (RoleInfo.java:shutdownFollowerState(121)) - c58a0a02-acd3-47c8-b3e9-5b8e0493de45: shutdown FollowerState
2019-10-21 23:46:22,251 [grpc-default-executor-2] INFO  impl.RoleInfo (RoleInfo.java:shutdownFollowerState(121)) - 1360619e-ba1e-4bf9-aec1-9f15b5480b27: shutdown FollowerState
2019-10-21 23:46:22,251 [grpc-default-executor-0] INFO  impl.RoleInfo (RoleInfo.java:updateAndGet(143)) - c58a0a02-acd3-47c8-b3e9-5b8e0493de45: start FollowerState
2019-10-21 23:46:22,251 [Thread-339] INFO  impl.FollowerState (FollowerState.java:run(117)) - c58a0a02-acd3-47c8-b3e9-5b8e0493de45@group-2FABE92B7E5B-FollowerState was interrupted: java.lang.InterruptedException: sleep interrupted
2019-10-21 23:46:22,251 [grpc-default-executor-2] INFO  impl.RoleInfo (RoleInfo.java:updateAndGet(143)) - 1360619e-ba1e-4bf9-aec1-9f15b5480b27: start FollowerState
2019-10-21 23:46:22,251 [Thread-338] INFO  impl.FollowerState (FollowerState.java:run(117)) - 1360619e-ba1e-4bf9-aec1-9f15b5480b27@group-2FABE92B7E5B-FollowerState was interrupted: java.lang.InterruptedException: sleep interrupted
2019-10-21 23:46:22,264 [b88b3e43-5534-49b3-b3f2-a9f154b450de@group-2FABE92B7E5B-LeaderElection21] INFO  impl.LeaderElection (LeaderElection.java:logAndReturn(56)) - b88b3e43-5534-49b3-b3f2-a9f154b450de@group-2FABE92B7E5B-LeaderElection21: Election REJECTED; received 2 response(s) [b88b3e43-5534-49b3-b3f2-a9f154b450de<-c58a0a02-acd3-47c8-b3e9-5b8e0493de45#0:FAIL-t16, b88b3e43-5534-49b3-b3f2-a9f154b450de<-1360619e-ba1e-4bf9-aec1-9f15b5480b27#0:FAIL-t16] and 0 exception(s); b88b3e43-5534-49b3-b3f2-a9f154b450de@group-2FABE92B7E5B:t16, leader=null, voted=b88b3e43-5534-49b3-b3f2-a9f154b450de, raftlog=b88b3e43-5534-49b3-b3f2-a9f154b450de@group-2FABE92B7E5B-SegmentedRaftLog:OPENED:c-1,f-1,i0, conf=-1: [c58a0a02-acd3-47c8-b3e9-5b8e0493de45:192.168.157.254:33611, 1360619e-ba1e-4bf9-aec1-9f15b5480b27:192.168.157.254:45658, b88b3e43-5534-49b3-b3f2-a9f154b450de:192.168.157.254:46786], old=null
2019-10-21 23:46:22,264 [b88b3e43-5534-49b3-b3f2-a9f154b450de@group-2FABE92B7E5B-LeaderElection21] INFO  impl.RaftServerImpl (RaftServerImpl.java:setRole(184)) - b88b3e43-5534-49b3-b3f2-a9f154b450de@group-2FABE92B7E5B: changes role from CANDIDATE to FOLLOWER at term 16 for DISCOVERED_A_NEW_TERM
2019-10-21 23:46:22,264 [b88b3e43-5534-49b3-b3f2-a9f154b450de@group-2FABE92B7E5B-LeaderElection21] INFO  impl.RoleInfo (RoleInfo.java:shutdownLeaderElection(134)) - b88b3e43-5534-49b3-b3f2-a9f154b450de: shutdown LeaderElection
2019-10-21 23:46:22,264 [b88b3e43-5534-49b3-b3f2-a9f154b450de@group-2FABE92B7E5B-LeaderElection21] INFO  impl.RoleInfo (RoleInfo.java:updateAndGet(143)) - b88b3e43-5534-49b3-b3f2-a9f154b450de: start FollowerState
2019-10-21 23:46:22,368 [Thread-346] INFO  impl.FollowerState (FollowerState.java:run(108)) - b88b3e43-5534-49b3-b3f2-a9f154b450de@group-2FABE92B7E5B-FollowerState: change to CANDIDATE, lastRpcTime:103ms, electionTimeout:103ms
2019-10-21 23:46:22,372 [Thread-346] INFO  impl.RoleInfo (RoleInfo.java:shutdownFollowerState(121)) - b88b3e43-5534-49b3-b3f2-a9f154b450de: shutdown FollowerState
2019-10-21 23:46:22,372 [Thread-346] INFO  impl.RaftServerImpl (RaftServerImpl.java:setRole(184)) - b88b3e43-5534-49b3-b3f2-a9f154b450de@group-2FABE92B7E5B: changes role from  FOLLOWER to CANDIDATE at term 16 for changeToCandidate
2019-10-21 23:46:22,372 [Thread-346] INFO  impl.RoleInfo (RoleInfo.java:updateAndGet(143)) - b88b3e43-5534-49b3-b3f2-a9f154b450de: start LeaderElection
2019-10-21 23:46:22,377 [b88b3e43-5534-49b3-b3f2-a9f154b450de@group-2FABE92B7E5B-LeaderElection22] INFO  impl.LeaderElection (LeaderElection.java:askForVotes(178)) - b88b3e43-5534-49b3-b3f2-a9f154b450de@group-2FABE92B7E5B-LeaderElection22: begin an election at term 17 for -1: [c58a0a02-acd3-47c8-b3e9-5b8e0493de45:192.168.157.254:33611, 1360619e-ba1e-4bf9-aec1-9f15b5480b27:192.168.157.254:45658, b88b3e43-5534-49b3-b3f2-a9f154b450de:192.168.157.254:46786], old=null
2019-10-21 23:46:22,381 [grpc-default-executor-2] INFO  impl.RaftServerImpl (RaftServerImpl.java:setRole(184)) - c58a0a02-acd3-47c8-b3e9-5b8e0493de45@group-2FABE92B7E5B: changes role from  FOLLOWER to FOLLOWER at term 17 for recognizeCandidate:b88b3e43-5534-49b3-b3f2-a9f154b450de
2019-10-21 23:46:22,381 [grpc-default-executor-0] INFO  impl.RaftServerImpl (RaftServerImpl.java:setRole(184)) - 1360619e-ba1e-4bf9-aec1-9f15b5480b27@group-2FABE92B7E5B: changes role from  FOLLOWER to FOLLOWER at term 17 for recognizeCandidate:b88b3e43-5534-49b3-b3f2-a9f154b450de
2019-10-21 23:46:22,381 [grpc-default-executor-2] INFO  impl.RoleInfo (RoleInfo.java:shutdownFollowerState(121)) - c58a0a02-acd3-47c8-b3e9-5b8e0493de45: shutdown FollowerState
2019-10-21 23:46:22,381 [grpc-default-executor-0] INFO  impl.RoleInfo (RoleInfo.java:shutdownFollowerState(121)) - 1360619e-ba1e-4bf9-aec1-9f15b5480b27: shutdown FollowerState
2019-10-21 23:46:22,382 [grpc-default-executor-2] INFO  impl.RoleInfo (RoleInfo.java:updateAndGet(143)) - c58a0a02-acd3-47c8-b3e9-5b8e0493de45: start FollowerState
2019-10-21 23:46:22,382 [Thread-344] INFO  impl.FollowerState (FollowerState.java:run(117)) - c58a0a02-acd3-47c8-b3e9-5b8e0493de45@group-2FABE92B7E5B-FollowerState was interrupted: java.lang.InterruptedException: sleep interrupted
2019-10-21 23:46:22,382 [grpc-default-executor-0] INFO  impl.RoleInfo (RoleInfo.java:updateAndGet(143)) - 1360619e-ba1e-4bf9-aec1-9f15b5480b27: start FollowerState
2019-10-21 23:46:22,382 [Thread-345] INFO  impl.FollowerState (FollowerState.java:run(117)) - 1360619e-ba1e-4bf9-aec1-9f15b5480b27@group-2FABE92B7E5B-FollowerState was interrupted: java.lang.InterruptedException: sleep interrupted
2019-10-21 23:46:22,387 [b88b3e43-5534-49b3-b3f2-a9f154b450de@group-2FABE92B7E5B-LeaderElection22] INFO  impl.LeaderElection (LeaderElection.java:logAndReturn(56)) - b88b3e43-5534-49b3-b3f2-a9f154b450de@group-2FABE92B7E5B-LeaderElection22: Election REJECTED; received 2 response(s) [b88b3e43-5534-49b3-b3f2-a9f154b450de<-c58a0a02-acd3-47c8-b3e9-5b8e0493de45#0:FAIL-t17, b88b3e43-5534-49b3-b3f2-a9f154b450de<-1360619e-ba1e-4bf9-aec1-9f15b5480b27#0:FAIL-t17] and 0 exception(s); b88b3e43-5534-49b3-b3f2-a9f154b450de@group-2FABE92B7E5B:t17, leader=null, voted=b88b3e43-5534-49b3-b3f2-a9f154b450de, raftlog=b88b3e43-5534-49b3-b3f2-a9f154b450de@group-2FABE92B7E5B-SegmentedRaftLog:OPENED:c-1,f-1,i0, conf=-1: [c58a0a02-acd3-47c8-b3e9-5b8e0493de45:192.168.157.254:33611, 1360619e-ba1e-4bf9-aec1-9f15b5480b27:192.168.157.254:45658, b88b3e43-5534-49b3-b3f2-a9f154b450de:192.168.157.254:46786], old=null
2019-10-21 23:46:22,388 [b88b3e43-5534-49b3-b3f2-a9f154b450de@group-2FABE92B7E5B-LeaderElection22] INFO  impl.RaftServerImpl (RaftServerImpl.java:setRole(184)) - b88b3e43-5534-49b3-b3f2-a9f154b450de@group-2FABE92B7E5B: changes role from CANDIDATE to FOLLOWER at term 17 for DISCOVERED_A_NEW_TERM
2019-10-21 23:46:22,388 [b88b3e43-5534-49b3-b3f2-a9f154b450de@group-2FABE92B7E5B-LeaderElection22] INFO  impl.RoleInfo (RoleInfo.java:shutdownLeaderElection(134)) - b88b3e43-5534-49b3-b3f2-a9f154b450de: shutdown LeaderElection
2019-10-21 23:46:22,388 [b88b3e43-5534-49b3-b3f2-a9f154b450de@group-2FABE92B7E5B-LeaderElection22] INFO  impl.RoleInfo (RoleInfo.java:updateAndGet(143)) - b88b3e43-5534-49b3-b3f2-a9f154b450de: start FollowerState
2019-10-21 23:46:22,587 [Thread-352] INFO  impl.FollowerState (FollowerState.java:run(108)) - b88b3e43-5534-49b3-b3f2-a9f154b450de@group-2FABE92B7E5B-FollowerState: change to CANDIDATE, lastRpcTime:199ms, electionTimeout:199ms
2019-10-21 23:46:22,588 [Thread-352] INFO  impl.RoleInfo (RoleInfo.java:shutdownFollowerState(121)) - b88b3e43-5534-49b3-b3f2-a9f154b450de: shutdown FollowerState
2019-10-21 23:46:22,588 [Thread-352] INFO  impl.RaftServerImpl (RaftServerImpl.java:setRole(184)) - b88b3e43-5534-49b3-b3f2-a9f154b450de@group-2FABE92B7E5B: changes role from  FOLLOWER to CANDIDATE at term 17 for changeToCandidate
2019-10-21 23:46:22,589 [Thread-352] INFO  impl.RoleInfo (RoleInfo.java:updateAndGet(143)) - b88b3e43-5534-49b3-b3f2-a9f154b450de: start LeaderElection
2019-10-21 23:46:22,602 [b88b3e43-5534-49b3-b3f2-a9f154b450de@group-2FABE92B7E5B-LeaderElection23] INFO  impl.LeaderElection (LeaderElection.java:askForVotes(178)) - b88b3e43-5534-49b3-b3f2-a9f154b450de@group-2FABE92B7E5B-LeaderElection23: begin an election at term 18 for -1: [c58a0a02-acd3-47c8-b3e9-5b8e0493de45:192.168.157.254:33611, 1360619e-ba1e-4bf9-aec1-9f15b5480b27:192.168.157.254:45658, b88b3e43-5534-49b3-b3f2-a9f154b450de:192.168.157.254:46786], old=null
2019-10-21 23:46:22,605 [grpc-default-executor-2] INFO  impl.RaftServerImpl (RaftServerImpl.java:setRole(184)) - c58a0a02-acd3-47c8-b3e9-5b8e0493de45@group-2FABE92B7E5B: changes role from  FOLLOWER to FOLLOWER at term 18 for recognizeCandidate:b88b3e43-5534-49b3-b3f2-a9f154b450de
2019-10-21 23:46:22,605 [grpc-default-executor-0] INFO  impl.RaftServerImpl (RaftServerImpl.java:setRole(184)) - 1360619e-ba1e-4bf9-aec1-9f15b5480b27@group-2FABE92B7E5B: changes role from  FOLLOWER to FOLLOWER at term 18 for recognizeCandidate:b88b3e43-5534-49b3-b3f2-a9f154b450de
2019-10-21 23:46:22,605 [grpc-default-executor-2] INFO  impl.RoleInfo (RoleInfo.java:shutdownFollowerState(121)) - c58a0a02-acd3-47c8-b3e9-5b8e0493de45: shutdown FollowerState
2019-10-21 23:46:22,605 [grpc-default-executor-0] INFO  impl.RoleInfo (RoleInfo.java:shutdownFollowerState(121)) - 1360619e-ba1e-4bf9-aec1-9f15b5480b27: shutdown FollowerState
2019-10-21 23:46:22,605 [grpc-default-executor-2] INFO  impl.RoleInfo (RoleInfo.java:updateAndGet(143)) - c58a0a02-acd3-47c8-b3e9-5b8e0493de45: start FollowerState
2019-10-21 23:46:22,606 [Thread-351] INFO  impl.FollowerState (FollowerState.java:run(117)) - 1360619e-ba1e-4bf9-aec1-9f15b5480b27@group-2FABE92B7E5B-FollowerState was interrupted: java.lang.InterruptedException: sleep interrupted
2019-10-21 23:46:22,605 [grpc-default-executor-0] INFO  impl.RoleInfo (RoleInfo.java:updateAndGet(143)) - 1360619e-ba1e-4bf9-aec1-9f15b5480b27: start FollowerState
2019-10-21 23:46:22,605 [Thread-350] INFO  impl.FollowerState (FollowerState.java:run(117)) - c58a0a02-acd3-47c8-b3e9-5b8e0493de45@group-2FABE92B7E5B-FollowerState was interrupted: java.lang.InterruptedException: sleep interrupted
2019-10-21 23:46:22,621 [b88b3e43-5534-49b3-b3f2-a9f154b450de@group-2FABE92B7E5B-LeaderElection23] INFO  impl.LeaderElection (LeaderElection.java:logAndReturn(56)) - b88b3e43-5534-49b3-b3f2-a9f154b450de@group-2FABE92B7E5B-LeaderElection23: Election REJECTED; received 2 response(s) [b88b3e43-5534-49b3-b3f2-a9f154b450de<-c58a0a02-acd3-47c8-b3e9-5b8e0493de45#0:FAIL-t18, b88b3e43-5534-49b3-b3f2-a9f154b450de<-1360619e-ba1e-4bf9-aec1-9f15b5480b27#0:FAIL-t18] and 0 exception(s); b88b3e43-5534-49b3-b3f2-a9f154b450de@group-2FABE92B7E5B:t18, leader=null, voted=b88b3e43-5534-49b3-b3f2-a9f154b450de, raftlog=b88b3e43-5534-49b3-b3f2-a9f154b450de@group-2FABE92B7E5B-SegmentedRaftLog:OPENED:c-1,f-1,i0, conf=-1: [c58a0a02-acd3-47c8-b3e9-5b8e0493de45:192.168.157.254:33611, 1360619e-ba1e-4bf9-aec1-9f15b5480b27:192.168.157.254:45658, b88b3e43-5534-49b3-b3f2-a9f154b450de:192.168.157.254:46786], old=null
2019-10-21 23:46:22,621 [b88b3e43-5534-49b3-b3f2-a9f154b450de@group-2FABE92B7E5B-LeaderElection23] INFO  impl.RaftServerImpl (RaftServerImpl.java:setRole(184)) - b88b3e43-5534-49b3-b3f2-a9f154b450de@group-2FABE92B7E5B: changes role from CANDIDATE to FOLLOWER at term 18 for DISCOVERED_A_NEW_TERM
2019-10-21 23:46:22,621 [b88b3e43-5534-49b3-b3f2-a9f154b450de@group-2FABE92B7E5B-LeaderElection23] INFO  impl.RoleInfo (RoleInfo.java:shutdownLeaderElection(134)) - b88b3e43-5534-49b3-b3f2-a9f154b450de: shutdown LeaderElection
2019-10-21 23:46:22,621 [b88b3e43-5534-49b3-b3f2-a9f154b450de@group-2FABE92B7E5B-LeaderElection23] INFO  impl.RoleInfo (RoleInfo.java:updateAndGet(143)) - b88b3e43-5534-49b3-b3f2-a9f154b450de: start FollowerState
2019-10-21 23:46:22,699 [Thread-360] INFO  impl.FollowerState (FollowerState.java:run(108)) - b88b3e43-5534-49b3-b3f2-a9f154b450de@group-2FABE92B7E5B-FollowerState: change to CANDIDATE, lastRpcTime:78ms, electionTimeout:78ms
2019-10-21 23:46:22,701 [Thread-360] INFO  impl.RoleInfo (RoleInfo.java:shutdownFollowerState(121)) - b88b3e43-5534-49b3-b3f2-a9f154b450de: shutdown FollowerState
2019-10-21 23:46:22,701 [Thread-360] INFO  impl.RaftServerImpl (RaftServerImpl.java:setRole(184)) - b88b3e43-5534-49b3-b3f2-a9f154b450de@group-2FABE92B7E5B: changes role from  FOLLOWER to CANDIDATE at term 18 for changeToCandidate
2019-10-21 23:46:22,702 [Thread-360] INFO  impl.RoleInfo (RoleInfo.java:updateAndGet(143)) - b88b3e43-5534-49b3-b3f2-a9f154b450de: start LeaderElection
2019-10-21 23:46:22,715 [b88b3e43-5534-49b3-b3f2-a9f154b450de@group-2FABE92B7E5B-LeaderElection24] INFO  impl.LeaderElection (LeaderElection.java:askForVotes(178)) - b88b3e43-5534-49b3-b3f2-a9f154b450de@group-2FABE92B7E5B-LeaderElection24: begin an election at term 19 for -1: [c58a0a02-acd3-47c8-b3e9-5b8e0493de45:192.168.157.254:33611, 1360619e-ba1e-4bf9-aec1-9f15b5480b27:192.168.157.254:45658, b88b3e43-5534-49b3-b3f2-a9f154b450de:192.168.157.254:46786], old=null
2019-10-21 23:46:22,718 [grpc-default-executor-0] INFO  impl.RaftServerImpl (RaftServerImpl.java:setRole(184)) - 1360619e-ba1e-4bf9-aec1-9f15b5480b27@group-2FABE92B7E5B: changes role from  FOLLOWER to FOLLOWER at term 19 for recognizeCandidate:b88b3e43-5534-49b3-b3f2-a9f154b450de
2019-10-21 23:46:22,718 [grpc-default-executor-0] INFO  impl.RoleInfo (RoleInfo.java:shutdownFollowerState(121)) - 1360619e-ba1e-4bf9-aec1-9f15b5480b27: shutdown FollowerState
2019-10-21 23:46:22,718 [grpc-default-executor-2] INFO  impl.RaftServerImpl (RaftServerImpl.java:setRole(184)) - c58a0a02-acd3-47c8-b3e9-5b8e0493de45@group-2FABE92B7E5B: changes role from  FOLLOWER to FOLLOWER at term 19 for recognizeCandidate:b88b3e43-5534-49b3-b3f2-a9f154b450de
2019-10-21 23:46:22,718 [Thread-359] INFO  impl.FollowerState (FollowerState.java:run(117)) - 1360619e-ba1e-4bf9-aec1-9f15b5480b27@group-2FABE92B7E5B-FollowerState was interrupted: java.lang.InterruptedException: sleep interrupted
2019-10-21 23:46:22,718 [grpc-default-executor-0] INFO  impl.RoleInfo (RoleInfo.java:updateAndGet(143)) - 1360619e-ba1e-4bf9-aec1-9f15b5480b27: start FollowerState
2019-10-21 23:46:22,718 [grpc-default-executor-2] INFO  impl.RoleInfo (RoleInfo.java:shutdownFollowerState(121)) - c58a0a02-acd3-47c8-b3e9-5b8e0493de45: shutdown FollowerState
2019-10-21 23:46:22,719 [grpc-default-executor-2] INFO  impl.RoleInfo (RoleInfo.java:updateAndGet(143)) - c58a0a02-acd3-47c8-b3e9-5b8e0493de45: start FollowerState
2019-10-21 23:46:22,719 [Thread-358] INFO  impl.FollowerState (FollowerState.java:run(117)) - c58a0a02-acd3-47c8-b3e9-5b8e0493de45@group-2FABE92B7E5B-FollowerState was interrupted: java.lang.InterruptedException: sleep interrupted
2019-10-21 23:46:22,734 [b88b3e43-5534-49b3-b3f2-a9f154b450de@group-2FABE92B7E5B-LeaderElection24] INFO  impl.LeaderElection (LeaderElection.java:logAndReturn(56)) - b88b3e43-5534-49b3-b3f2-a9f154b450de@group-2FABE92B7E5B-LeaderElection24: Election REJECTED; received 2 response(s) [b88b3e43-5534-49b3-b3f2-a9f154b450de<-c58a0a02-acd3-47c8-b3e9-5b8e0493de45#0:FAIL-t19, b88b3e43-5534-49b3-b3f2-a9f154b450de<-1360619e-ba1e-4bf9-aec1-9f15b5480b27#0:FAIL-t19] and 0 exception(s); b88b3e43-5534-49b3-b3f2-a9f154b450de@group-2FABE92B7E5B:t19, leader=null, voted=b88b3e43-5534-49b3-b3f2-a9f154b450de, raftlog=b88b3e43-5534-49b3-b3f2-a9f154b450de@group-2FABE92B7E5B-SegmentedRaftLog:OPENED:c-1,f-1,i0, conf=-1: [c58a0a02-acd3-47c8-b3e9-5b8e0493de45:192.168.157.254:33611, 1360619e-ba1e-4bf9-aec1-9f15b5480b27:192.168.157.254:45658, b88b3e43-5534-49b3-b3f2-a9f154b450de:192.168.157.254:46786], old=null
2019-10-21 23:46:22,734 [b88b3e43-5534-49b3-b3f2-a9f154b450de@group-2FABE92B7E5B-LeaderElection24] INFO  impl.RaftServerImpl (RaftServerImpl.java:setRole(184)) - b88b3e43-5534-49b3-b3f2-a9f154b450de@group-2FABE92B7E5B: changes role from CANDIDATE to FOLLOWER at term 19 for DISCOVERED_A_NEW_TERM
2019-10-21 23:46:22,734 [b88b3e43-5534-49b3-b3f2-a9f154b450de@group-2FABE92B7E5B-LeaderElection24] INFO  impl.RoleInfo (RoleInfo.java:shutdownLeaderElection(134)) - b88b3e43-5534-49b3-b3f2-a9f154b450de: shutdown LeaderElection
2019-10-21 23:46:22,734 [b88b3e43-5534-49b3-b3f2-a9f154b450de@group-2FABE92B7E5B-LeaderElection24] INFO  impl.RoleInfo (RoleInfo.java:updateAndGet(143)) - b88b3e43-5534-49b3-b3f2-a9f154b450de: start FollowerState
2019-10-21 23:46:22,801 [Thread-366] INFO  impl.FollowerState (FollowerState.java:run(108)) - b88b3e43-5534-49b3-b3f2-a9f154b450de@group-2FABE92B7E5B-FollowerState: change to CANDIDATE, lastRpcTime:67ms, electionTimeout:67ms
2019-10-21 23:46:22,803 [Thread-366] INFO  impl.RoleInfo (RoleInfo.java:shutdownFollowerState(121)) - b88b3e43-5534-49b3-b3f2-a9f154b450de: shutdown FollowerState
2019-10-21 23:46:22,803 [Thread-366] INFO  impl.RaftServerImpl (RaftServerImpl.java:setRole(184)) - b88b3e43-5534-49b3-b3f2-a9f154b450de@group-2FABE92B7E5B: changes role from  FOLLOWER to CANDIDATE at term 19 for changeToCandidate
2019-10-21 23:46:22,803 [Thread-366] INFO  impl.RoleInfo (RoleInfo.java:updateAndGet(143)) - b88b3e43-5534-49b3-b3f2-a9f154b450de: start LeaderElection
2019-10-21 23:46:22,817 [b88b3e43-5534-49b3-b3f2-a9f154b450de@group-2FABE92B7E5B-LeaderElection25] INFO  impl.LeaderElection (LeaderElection.java:askForVotes(178)) - b88b3e43-5534-49b3-b3f2-a9f154b450de@group-2FABE92B7E5B-LeaderElection25: begin an election at term 20 for -1: [c58a0a02-acd3-47c8-b3e9-5b8e0493de45:192.168.157.254:33611, 1360619e-ba1e-4bf9-aec1-9f15b5480b27:192.168.157.254:45658, b88b3e43-5534-49b3-b3f2-a9f154b450de:192.168.157.254:46786], old=null
2019-10-21 23:46:22,820 [grpc-default-executor-0] INFO  impl.RaftServerImpl (RaftServerImpl.java:setRole(184)) - 1360619e-ba1e-4bf9-aec1-9f15b5480b27@group-2FABE92B7E5B: changes role from  FOLLOWER to FOLLOWER at term 20 for recognizeCandidate:b88b3e43-5534-49b3-b3f2-a9f154b450de
2019-10-21 23:46:22,820 [grpc-default-executor-2] INFO  impl.RaftServerImpl (RaftServerImpl.java:setRole(184)) - c58a0a02-acd3-47c8-b3e9-5b8e0493de45@group-2FABE92B7E5B: changes role from  FOLLOWER to FOLLOWER at term 20 for recognizeCandidate:b88b3e43-5534-49b3-b3f2-a9f154b450de
2019-10-21 23:46:22,821 [grpc-default-executor-0] INFO  impl.RoleInfo (RoleInfo.java:shutdownFollowerState(121)) - 1360619e-ba1e-4bf9-aec1-9f15b5480b27: shutdown FollowerState
2019-10-21 23:46:22,821 [grpc-default-executor-2] INFO  impl.RoleInfo (RoleInfo.java:shutdownFollowerState(121)) - c58a0a02-acd3-47c8-b3e9-5b8e0493de45: shutdown FollowerState
2019-10-21 23:46:22,821 [Thread-364] INFO  impl.FollowerState (FollowerState.java:run(117)) - 1360619e-ba1e-4bf9-aec1-9f15b5480b27@group-2FABE92B7E5B-FollowerState was interrupted: java.lang.InterruptedException: sleep interrupted
2019-10-21 23:46:22,821 [grpc-default-executor-0] INFO  impl.RoleInfo (RoleInfo.java:updateAndGet(143)) - 1360619e-ba1e-4bf9-aec1-9f15b5480b27: start FollowerState
2019-10-21 23:46:22,821 [grpc-default-executor-2] INFO  impl.RoleInfo (RoleInfo.java:updateAndGet(143)) - c58a0a02-acd3-47c8-b3e9-5b8e0493de45: start FollowerState
2019-10-21 23:46:22,821 [Thread-365] INFO  impl.FollowerState (FollowerState.java:run(117)) - c58a0a02-acd3-47c8-b3e9-5b8e0493de45@group-2FABE92B7E5B-FollowerState was interrupted: java.lang.InterruptedException: sleep interrupted
2019-10-21 23:46:22,836 [b88b3e43-5534-49b3-b3f2-a9f154b450de@group-2FABE92B7E5B-LeaderElection25] INFO  impl.LeaderElection (LeaderElection.java:logAndReturn(56)) - b88b3e43-5534-49b3-b3f2-a9f154b450de@group-2FABE92B7E5B-LeaderElection25: Election REJECTED; received 2 response(s) [b88b3e43-5534-49b3-b3f2-a9f154b450de<-c58a0a02-acd3-47c8-b3e9-5b8e0493de45#0:FAIL-t20, b88b3e43-5534-49b3-b3f2-a9f154b450de<-1360619e-ba1e-4bf9-aec1-9f15b5480b27#0:FAIL-t20] and 0 exception(s); b88b3e43-5534-49b3-b3f2-a9f154b450de@group-2FABE92B7E5B:t20, leader=null, voted=b88b3e43-5534-49b3-b3f2-a9f154b450de, raftlog=b88b3e43-5534-49b3-b3f2-a9f154b450de@group-2FABE92B7E5B-SegmentedRaftLog:OPENED:c-1,f-1,i0, conf=-1: [c58a0a02-acd3-47c8-b3e9-5b8e0493de45:192.168.157.254:33611, 1360619e-ba1e-4bf9-aec1-9f15b5480b27:192.168.157.254:45658, b88b3e43-5534-49b3-b3f2-a9f154b450de:192.168.157.254:46786], old=null
2019-10-21 23:46:22,836 [b88b3e43-5534-49b3-b3f2-a9f154b450de@group-2FABE92B7E5B-LeaderElection25] INFO  impl.RaftServerImpl (RaftServerImpl.java:setRole(184)) - b88b3e43-5534-49b3-b3f2-a9f154b450de@group-2FABE92B7E5B: changes role from CANDIDATE to FOLLOWER at term 20 for DISCOVERED_A_NEW_TERM
2019-10-21 23:46:22,836 [b88b3e43-5534-49b3-b3f2-a9f154b450de@group-2FABE92B7E5B-LeaderElection25] INFO  impl.RoleInfo (RoleInfo.java:shutdownLeaderElection(134)) - b88b3e43-5534-49b3-b3f2-a9f154b450de: shutdown LeaderElection
2019-10-21 23:46:22,837 [b88b3e43-5534-49b3-b3f2-a9f154b450de@group-2FABE92B7E5B-LeaderElection25] INFO  impl.RoleInfo (RoleInfo.java:updateAndGet(143)) - b88b3e43-5534-49b3-b3f2-a9f154b450de: start FollowerState
2019-10-21 23:46:22,935 [Thread-372] INFO  impl.FollowerState (FollowerState.java:run(108)) - b88b3e43-5534-49b3-b3f2-a9f154b450de@group-2FABE92B7E5B-FollowerState: change to CANDIDATE, lastRpcTime:98ms, electionTimeout:98ms
2019-10-21 23:46:22,937 [Thread-372] INFO  impl.RoleInfo (RoleInfo.java:shutdownFollowerState(121)) - b88b3e43-5534-49b3-b3f2-a9f154b450de: shutdown FollowerState
2019-10-21 23:46:22,937 [Thread-372] INFO  impl.RaftServerImpl (RaftServerImpl.java:setRole(184)) - b88b3e43-5534-49b3-b3f2-a9f154b450de@group-2FABE92B7E5B: changes role from  FOLLOWER to CANDIDATE at term 20 for changeToCandidate
2019-10-21 23:46:22,939 [Thread-372] INFO  impl.RoleInfo (RoleInfo.java:updateAndGet(143)) - b88b3e43-5534-49b3-b3f2-a9f154b450de: start LeaderElection
2019-10-21 23:46:22,953 [b88b3e43-5534-49b3-b3f2-a9f154b450de@group-2FABE92B7E5B-LeaderElection26] INFO  impl.LeaderElection (LeaderElection.java:askForVotes(178)) - b88b3e43-5534-49b3-b3f2-a9f154b450de@group-2FABE92B7E5B-LeaderElection26: begin an election at term 21 for -1: [c58a0a02-acd3-47c8-b3e9-5b8e0493de45:192.168.157.254:33611, 1360619e-ba1e-4bf9-aec1-9f15b5480b27:192.168.157.254:45658, b88b3e43-5534-49b3-b3f2-a9f154b450de:192.168.157.254:46786], old=null
2019-10-21 23:46:22,956 [grpc-default-executor-0] INFO  impl.RaftServerImpl (RaftServerImpl.java:setRole(184)) - c58a0a02-acd3-47c8-b3e9-5b8e0493de45@group-2FABE92B7E5B: changes role from  FOLLOWER to FOLLOWER at term 21 for recognizeCandidate:b88b3e43-5534-49b3-b3f2-a9f154b450de
2019-10-21 23:46:22,956 [grpc-default-executor-2] INFO  impl.RaftServerImpl (RaftServerImpl.java:setRole(184)) - 1360619e-ba1e-4bf9-aec1-9f15b5480b27@group-2FABE92B7E5B: changes role from  FOLLOWER to FOLLOWER at term 21 for recognizeCandidate:b88b3e43-5534-49b3-b3f2-a9f154b450de
2019-10-21 23:46:22,957 [grpc-default-executor-0] INFO  impl.RoleInfo (RoleInfo.java:shutdownFollowerState(121)) - c58a0a02-acd3-47c8-b3e9-5b8e0493de45: shutdown FollowerState
2019-10-21 23:46:22,957 [grpc-default-executor-2] INFO  impl.RoleInfo (RoleInfo.java:shutdownFollowerState(121)) - 1360619e-ba1e-4bf9-aec1-9f15b5480b27: shutdown FollowerState
2019-10-21 23:46:22,957 [grpc-default-executor-0] INFO  impl.RoleInfo (RoleInfo.java:updateAndGet(143)) - c58a0a02-acd3-47c8-b3e9-5b8e0493de45: start FollowerState
2019-10-21 23:46:22,957 [Thread-371] INFO  impl.FollowerState (FollowerState.java:run(117)) - c58a0a02-acd3-47c8-b3e9-5b8e0493de45@group-2FABE92B7E5B-FollowerState was interrupted: java.lang.InterruptedException: sleep interrupted
2019-10-21 23:46:22,957 [Thread-370] INFO  impl.FollowerState (FollowerState.java:run(117)) - 1360619e-ba1e-4bf9-aec1-9f15b5480b27@group-2FABE92B7E5B-FollowerState was interrupted: java.lang.InterruptedException: sleep interrupted
2019-10-21 23:46:22,957 [grpc-default-executor-2] INFO  impl.RoleInfo (RoleInfo.java:updateAndGet(143)) - 1360619e-ba1e-4bf9-aec1-9f15b5480b27: start FollowerState
2019-10-21 23:46:23,011 [b88b3e43-5534-49b3-b3f2-a9f154b450de@group-2FABE92B7E5B-LeaderElection26] INFO  impl.LeaderElection (LeaderElection.java:logAndReturn(56)) - b88b3e43-5534-49b3-b3f2-a9f154b450de@group-2FABE92B7E5B-LeaderElection26: Election REJECTED; received 2 response(s) [b88b3e43-5534-49b3-b3f2-a9f154b450de<-c58a0a02-acd3-47c8-b3e9-5b8e0493de45#0:FAIL-t21, b88b3e43-5534-49b3-b3f2-a9f154b450de<-1360619e-ba1e-4bf9-aec1-9f15b5480b27#0:FAIL-t21] and 0 exception(s); b88b3e43-5534-49b3-b3f2-a9f154b450de@group-2FABE92B7E5B:t21, leader=null, voted=b88b3e43-5534-49b3-b3f2-a9f154b450de, raftlog=b88b3e43-5534-49b3-b3f2-a9f154b450de@group-2FABE92B7E5B-SegmentedRaftLog:OPENED:c-1,f-1,i0, conf=-1: [c58a0a02-acd3-47c8-b3e9-5b8e0493de45:192.168.157.254:33611, 1360619e-ba1e-4bf9-aec1-9f15b5480b27:192.168.157.254:45658, b88b3e43-5534-49b3-b3f2-a9f154b450de:192.168.157.254:46786], old=null
2019-10-21 23:46:23,011 [b88b3e43-5534-49b3-b3f2-a9f154b450de@group-2FABE92B7E5B-LeaderElection26] INFO  impl.RaftServerImpl (RaftServerImpl.java:setRole(184)) - b88b3e43-5534-49b3-b3f2-a9f154b450de@group-2FABE92B7E5B: changes role from CANDIDATE to FOLLOWER at term 21 for DISCOVERED_A_NEW_TERM
2019-10-21 23:46:23,011 [b88b3e43-5534-49b3-b3f2-a9f154b450de@group-2FABE92B7E5B-LeaderElection26] INFO  impl.RoleInfo (RoleInfo.java:shutdownLeaderElection(134)) - b88b3e43-5534-49b3-b3f2-a9f154b450de: shutdown LeaderElection
2019-10-21 23:46:23,012 [b88b3e43-5534-49b3-b3f2-a9f154b450de@group-2FABE92B7E5B-LeaderElection26] INFO  impl.RoleInfo (RoleInfo.java:updateAndGet(143)) - b88b3e43-5534-49b3-b3f2-a9f154b450de: start FollowerState
2019-10-21 23:46:23,116 [Thread-378] INFO  impl.FollowerState (FollowerState.java:run(108)) - b88b3e43-5534-49b3-b3f2-a9f154b450de@group-2FABE92B7E5B-FollowerState: change to CANDIDATE, lastRpcTime:104ms, electionTimeout:104ms
2019-10-21 23:46:23,118 [Thread-378] INFO  impl.RoleInfo (RoleInfo.java:shutdownFollowerState(121)) - b88b3e43-5534-49b3-b3f2-a9f154b450de: shutdown FollowerState
2019-10-21 23:46:23,118 [Thread-378] INFO  impl.RaftServerImpl (RaftServerImpl.java:setRole(184)) - b88b3e43-5534-49b3-b3f2-a9f154b450de@group-2FABE92B7E5B: changes role from  FOLLOWER to CANDIDATE at term 21 for changeToCandidate
2019-10-21 23:46:23,118 [Thread-378] INFO  impl.RoleInfo (RoleInfo.java:updateAndGet(143)) - b88b3e43-5534-49b3-b3f2-a9f154b450de: start LeaderElection
2019-10-21 23:46:23,136 [b88b3e43-5534-49b3-b3f2-a9f154b450de@group-2FABE92B7E5B-LeaderElection27] INFO  impl.LeaderElection (LeaderElection.java:askForVotes(178)) - b88b3e43-5534-49b3-b3f2-a9f154b450de@group-2FABE92B7E5B-LeaderElection27: begin an election at term 22 for -1: [c58a0a02-acd3-47c8-b3e9-5b8e0493de45:192.168.157.254:33611, 1360619e-ba1e-4bf9-aec1-9f15b5480b27:192.168.157.254:45658, b88b3e43-5534-49b3-b3f2-a9f154b450de:192.168.157.254:46786], old=null
2019-10-21 23:46:23,139 [grpc-default-executor-0] INFO  impl.RaftServerImpl (RaftServerImpl.java:setRole(184)) - c58a0a02-acd3-47c8-b3e9-5b8e0493de45@group-2FABE92B7E5B: changes role from  FOLLOWER to FOLLOWER at term 22 for recognizeCandidate:b88b3e43-5534-49b3-b3f2-a9f154b450de
2019-10-21 23:46:23,139 [grpc-default-executor-2] INFO  impl.RaftServerImpl (RaftServerImpl.java:setRole(184)) - 1360619e-ba1e-4bf9-aec1-9f15b5480b27@group-2FABE92B7E5B: changes role from  FOLLOWER to FOLLOWER at term 22 for recognizeCandidate:b88b3e43-5534-49b3-b3f2-a9f154b450de
2019-10-21 23:46:23,139 [grpc-default-executor-0] INFO  impl.RoleInfo (RoleInfo.java:shutdownFollowerState(121)) - c58a0a02-acd3-47c8-b3e9-5b8e0493de45: shutdown FollowerState
2019-10-21 23:46:23,139 [grpc-default-executor-2] INFO  impl.RoleInfo (RoleInfo.java:shutdownFollowerState(121)) - 1360619e-ba1e-4bf9-aec1-9f15b5480b27: shutdown FollowerState
2019-10-21 23:46:23,140 [Thread-376] INFO  impl.FollowerState (FollowerState.java:run(117)) - c58a0a02-acd3-47c8-b3e9-5b8e0493de45@group-2FABE92B7E5B-FollowerState was interrupted: java.lang.InterruptedException: sleep interrupted
2019-10-21 23:46:23,140 [grpc-default-executor-0] INFO  impl.RoleInfo (RoleInfo.java:updateAndGet(143)) - c58a0a02-acd3-47c8-b3e9-5b8e0493de45: start FollowerState
2019-10-21 23:46:23,140 [Thread-377] INFO  impl.FollowerState (FollowerState.java:run(117)) - 1360619e-ba1e-4bf9-aec1-9f15b5480b27@group-2FABE92B7E5B-FollowerState was interrupted: java.lang.InterruptedException: sleep interrupted
2019-10-21 23:46:23,140 [grpc-default-executor-2] INFO  impl.RoleInfo (RoleInfo.java:updateAndGet(143)) - 1360619e-ba1e-4bf9-aec1-9f15b5480b27: start FollowerState
2019-10-21 23:46:23,150 [b88b3e43-5534-49b3-b3f2-a9f154b450de@group-2FABE92B7E5B-LeaderElection27] INFO  impl.LeaderElection (LeaderElection.java:logAndReturn(56)) - b88b3e43-5534-49b3-b3f2-a9f154b450de@group-2FABE92B7E5B-LeaderElection27: Election REJECTED; received 2 response(s) [b88b3e43-5534-49b3-b3f2-a9f154b450de<-c58a0a02-acd3-47c8-b3e9-5b8e0493de45#0:FAIL-t22, b88b3e43-5534-49b3-b3f2-a9f154b450de<-1360619e-ba1e-4bf9-aec1-9f15b5480b27#0:FAIL-t22] and 0 exception(s); b88b3e43-5534-49b3-b3f2-a9f154b450de@group-2FABE92B7E5B:t22, leader=null, voted=b88b3e43-5534-49b3-b3f2-a9f154b450de, raftlog=b88b3e43-5534-49b3-b3f2-a9f154b450de@group-2FABE92B7E5B-SegmentedRaftLog:OPENED:c-1,f-1,i0, conf=-1: [c58a0a02-acd3-47c8-b3e9-5b8e0493de45:192.168.157.254:33611, 1360619e-ba1e-4bf9-aec1-9f15b5480b27:192.168.157.254:45658, b88b3e43-5534-49b3-b3f2-a9f154b450de:192.168.157.254:46786], old=null
2019-10-21 23:46:23,150 [b88b3e43-5534-49b3-b3f2-a9f154b450de@group-2FABE92B7E5B-LeaderElection27] INFO  impl.RaftServerImpl (RaftServerImpl.java:setRole(184)) - b88b3e43-5534-49b3-b3f2-a9f154b450de@group-2FABE92B7E5B: changes role from CANDIDATE to FOLLOWER at term 22 for DISCOVERED_A_NEW_TERM
2019-10-21 23:46:23,150 [b88b3e43-5534-49b3-b3f2-a9f154b450de@group-2FABE92B7E5B-LeaderElection27] INFO  impl.RoleInfo (RoleInfo.java:shutdownLeaderElection(134)) - b88b3e43-5534-49b3-b3f2-a9f154b450de: shutdown LeaderElection
2019-10-21 23:46:23,150 [b88b3e43-5534-49b3-b3f2-a9f154b450de@group-2FABE92B7E5B-LeaderElection27] INFO  impl.RoleInfo (RoleInfo.java:updateAndGet(143)) - b88b3e43-5534-49b3-b3f2-a9f154b450de: start FollowerState
2019-10-21 23:46:23,219 [Thread-384] INFO  impl.FollowerState (FollowerState.java:run(108)) - b88b3e43-5534-49b3-b3f2-a9f154b450de@group-2FABE92B7E5B-FollowerState: change to CANDIDATE, lastRpcTime:68ms, electionTimeout:68ms
2019-10-21 23:46:23,220 [Thread-384] INFO  impl.RoleInfo (RoleInfo.java:shutdownFollowerState(121)) - b88b3e43-5534-49b3-b3f2-a9f154b450de: shutdown FollowerState
2019-10-21 23:46:23,220 [Thread-384] INFO  impl.RaftServerImpl (RaftServerImpl.java:setRole(184)) - b88b3e43-5534-49b3-b3f2-a9f154b450de@group-2FABE92B7E5B: changes role from  FOLLOWER to CANDIDATE at term 22 for changeToCandidate
2019-10-21 23:46:23,220 [Thread-384] INFO  impl.RoleInfo (RoleInfo.java:updateAndGet(143)) - b88b3e43-5534-49b3-b3f2-a9f154b450de: start LeaderElection
2019-10-21 23:46:23,227 [b88b3e43-5534-49b3-b3f2-a9f154b450de@group-2FABE92B7E5B-LeaderElection28] INFO  impl.LeaderElection (LeaderElection.java:askForVotes(178)) - b88b3e43-5534-49b3-b3f2-a9f154b450de@group-2FABE92B7E5B-LeaderElection28: begin an election at term 23 for -1: [c58a0a02-acd3-47c8-b3e9-5b8e0493de45:192.168.157.254:33611, 1360619e-ba1e-4bf9-aec1-9f15b5480b27:192.168.157.254:45658, b88b3e43-5534-49b3-b3f2-a9f154b450de:192.168.157.254:46786], old=null
2019-10-21 23:46:23,230 [grpc-default-executor-0] INFO  impl.RaftServerImpl (RaftServerImpl.java:setRole(184)) - c58a0a02-acd3-47c8-b3e9-5b8e0493de45@group-2FABE92B7E5B: changes role from  FOLLOWER to FOLLOWER at term 23 for recognizeCandidate:b88b3e43-5534-49b3-b3f2-a9f154b450de
2019-10-21 23:46:23,230 [grpc-default-executor-2] INFO  impl.RaftServerImpl (RaftServerImpl.java:setRole(184)) - 1360619e-ba1e-4bf9-aec1-9f15b5480b27@group-2FABE92B7E5B: changes role from  FOLLOWER to FOLLOWER at term 23 for recognizeCandidate:b88b3e43-5534-49b3-b3f2-a9f154b450de
2019-10-21 23:46:23,231 [grpc-default-executor-0] INFO  impl.RoleInfo (RoleInfo.java:shutdownFollowerState(121)) - c58a0a02-acd3-47c8-b3e9-5b8e0493de45: shutdown FollowerState
2019-10-21 23:46:23,231 [grpc-default-executor-2] INFO  impl.RoleInfo (RoleInfo.java:shutdownFollowerState(121)) - 1360619e-ba1e-4bf9-aec1-9f15b5480b27: shutdown FollowerState
2019-10-21 23:46:23,231 [grpc-default-executor-0] INFO  impl.RoleInfo (RoleInfo.java:updateAndGet(143)) - c58a0a02-acd3-47c8-b3e9-5b8e0493de45: start FollowerState
2019-10-21 23:46:23,231 [grpc-default-executor-2] INFO  impl.RoleInfo (RoleInfo.java:updateAndGet(143)) - 1360619e-ba1e-4bf9-aec1-9f15b5480b27: start FollowerState
2019-10-21 23:46:23,231 [Thread-382] INFO  impl.FollowerState (FollowerState.java:run(117)) - c58a0a02-acd3-47c8-b3e9-5b8e0493de45@group-2FABE92B7E5B-FollowerState was interrupted: java.lang.InterruptedException: sleep interrupted
2019-10-21 23:46:23,231 [Thread-383] INFO  impl.FollowerState (FollowerState.java:run(117)) - 1360619e-ba1e-4bf9-aec1-9f15b5480b27@group-2FABE92B7E5B-FollowerState was interrupted: java.lang.InterruptedException: sleep interrupted
2019-10-21 23:46:23,263 [b88b3e43-5534-49b3-b3f2-a9f154b450de@group-2FABE92B7E5B-LeaderElection28] INFO  impl.LeaderElection (LeaderElection.java:logAndReturn(56)) - b88b3e43-5534-49b3-b3f2-a9f154b450de@group-2FABE92B7E5B-LeaderElection28: Election REJECTED; received 2 response(s) [b88b3e43-5534-49b3-b3f2-a9f154b450de<-c58a0a02-acd3-47c8-b3e9-5b8e0493de45#0:FAIL-t23, b88b3e43-5534-49b3-b3f2-a9f154b450de<-1360619e-ba1e-4bf9-aec1-9f15b5480b27#0:FAIL-t23] and 0 exception(s); b88b3e43-5534-49b3-b3f2-a9f154b450de@group-2FABE92B7E5B:t23, leader=null, voted=b88b3e43-5534-49b3-b3f2-a9f154b450de, raftlog=b88b3e43-5534-49b3-b3f2-a9f154b450de@group-2FABE92B7E5B-SegmentedRaftLog:OPENED:c-1,f-1,i0, conf=-1: [c58a0a02-acd3-47c8-b3e9-5b8e0493de45:192.168.157.254:33611, 1360619e-ba1e-4bf9-aec1-9f15b5480b27:192.168.157.254:45658, b88b3e43-5534-49b3-b3f2-a9f154b450de:192.168.157.254:46786], old=null
2019-10-21 23:46:23,263 [b88b3e43-5534-49b3-b3f2-a9f154b450de@group-2FABE92B7E5B-LeaderElection28] INFO  impl.RaftServerImpl (RaftServerImpl.java:setRole(184)) - b88b3e43-5534-49b3-b3f2-a9f154b450de@group-2FABE92B7E5B: changes role from CANDIDATE to FOLLOWER at term 23 for DISCOVERED_A_NEW_TERM
2019-10-21 23:46:23,263 [b88b3e43-5534-49b3-b3f2-a9f154b450de@group-2FABE92B7E5B-LeaderElection28] INFO  impl.RoleInfo (RoleInfo.java:shutdownLeaderElection(134)) - b88b3e43-5534-49b3-b3f2-a9f154b450de: shutdown LeaderElection
2019-10-21 23:46:23,264 [b88b3e43-5534-49b3-b3f2-a9f154b450de@group-2FABE92B7E5B-LeaderElection28] INFO  impl.RoleInfo (RoleInfo.java:updateAndGet(143)) - b88b3e43-5534-49b3-b3f2-a9f154b450de: start FollowerState
2019-10-21 23:46:23,375 [Thread-390] INFO  impl.FollowerState (FollowerState.java:run(108)) - b88b3e43-5534-49b3-b3f2-a9f154b450de@group-2FABE92B7E5B-FollowerState: change to CANDIDATE, lastRpcTime:111ms, electionTimeout:111ms
2019-10-21 23:46:23,377 [Thread-390] INFO  impl.RoleInfo (RoleInfo.java:shutdownFollowerState(121)) - b88b3e43-5534-49b3-b3f2-a9f154b450de: shutdown FollowerState
2019-10-21 23:46:23,377 [Thread-390] INFO  impl.RaftServerImpl (RaftServerImpl.java:setRole(184)) - b88b3e43-5534-49b3-b3f2-a9f154b450de@group-2FABE92B7E5B: changes role from  FOLLOWER to CANDIDATE at term 23 for changeToCandidate
2019-10-21 23:46:23,377 [Thread-390] INFO  impl.RoleInfo (RoleInfo.java:updateAndGet(143)) - b88b3e43-5534-49b3-b3f2-a9f154b450de: start LeaderElection
2019-10-21 23:46:23,389 [b88b3e43-5534-49b3-b3f2-a9f154b450de@group-2FABE92B7E5B-LeaderElection29] INFO  impl.LeaderElection (LeaderElection.java:askForVotes(178)) - b88b3e43-5534-49b3-b3f2-a9f154b450de@group-2FABE92B7E5B-LeaderElection29: begin an election at term 24 for -1: [c58a0a02-acd3-47c8-b3e9-5b8e0493de45:192.168.157.254:33611, 1360619e-ba1e-4bf9-aec1-9f15b5480b27:192.168.157.254:45658, b88b3e43-5534-49b3-b3f2-a9f154b450de:192.168.157.254:46786], old=null
2019-10-21 23:46:23,393 [grpc-default-executor-2] INFO  impl.RaftServerImpl (RaftServerImpl.java:setRole(184)) - 1360619e-ba1e-4bf9-aec1-9f15b5480b27@group-2FABE92B7E5B: changes role from  FOLLOWER to FOLLOWER at term 24 for recognizeCandidate:b88b3e43-5534-49b3-b3f2-a9f154b450de
2019-10-21 23:46:23,393 [grpc-default-executor-0] INFO  impl.RaftServerImpl (RaftServerImpl.java:setRole(184)) - c58a0a02-acd3-47c8-b3e9-5b8e0493de45@group-2FABE92B7E5B: changes role from  FOLLOWER to FOLLOWER at term 24 for recognizeCandidate:b88b3e43-5534-49b3-b3f2-a9f154b450de
2019-10-21 23:46:23,393 [grpc-default-executor-2] INFO  impl.RoleInfo (RoleInfo.java:shutdownFollowerState(121)) - 1360619e-ba1e-4bf9-aec1-9f15b5480b27: shutdown FollowerState
2019-10-21 23:46:23,393 [grpc-default-executor-0] INFO  impl.RoleInfo (RoleInfo.java:shutdownFollowerState(121)) - c58a0a02-acd3-47c8-b3e9-5b8e0493de45: shutdown FollowerState
2019-10-21 23:46:23,394 [grpc-default-executor-2] INFO  impl.RoleInfo (RoleInfo.java:updateAndGet(143)) - 1360619e-ba1e-4bf9-aec1-9f15b5480b27: start FollowerState
2019-10-21 23:46:23,394 [grpc-default-executor-0] INFO  impl.RoleInfo (RoleInfo.java:updateAndGet(143)) - c58a0a02-acd3-47c8-b3e9-5b8e0493de45: start FollowerState
2019-10-21 23:46:23,394 [Thread-389] INFO  impl.FollowerState (FollowerState.java:run(117)) - 1360619e-ba1e-4bf9-aec1-9f15b5480b27@group-2FABE92B7E5B-FollowerState was interrupted: java.lang.InterruptedException: sleep interrupted
2019-10-21 23:46:23,394 [Thread-388] INFO  impl.FollowerState (FollowerState.java:run(117)) - c58a0a02-acd3-47c8-b3e9-5b8e0493de45@group-2FABE92B7E5B-FollowerState was interrupted: java.lang.InterruptedException: sleep interrupted
2019-10-21 23:46:23,408 [b88b3e43-5534-49b3-b3f2-a9f154b450de@group-2FABE92B7E5B-LeaderElection29] INFO  impl.LeaderElection (LeaderElection.java:logAndReturn(56)) - b88b3e43-5534-49b3-b3f2-a9f154b450de@group-2FABE92B7E5B-LeaderElection29: Election REJECTED; received 2 response(s) [b88b3e43-5534-49b3-b3f2-a9f154b450de<-c58a0a02-acd3-47c8-b3e9-5b8e0493de45#0:FAIL-t24, b88b3e43-5534-49b3-b3f2-a9f154b450de<-1360619e-ba1e-4bf9-aec1-9f15b5480b27#0:FAIL-t24] and 0 exception(s); b88b3e43-5534-49b3-b3f2-a9f154b450de@group-2FABE92B7E5B:t24, leader=null, voted=b88b3e43-5534-49b3-b3f2-a9f154b450de, raftlog=b88b3e43-5534-49b3-b3f2-a9f154b450de@group-2FABE92B7E5B-SegmentedRaftLog:OPENED:c-1,f-1,i0, conf=-1: [c58a0a02-acd3-47c8-b3e9-5b8e0493de45:192.168.157.254:33611, 1360619e-ba1e-4bf9-aec1-9f15b5480b27:192.168.157.254:45658, b88b3e43-5534-49b3-b3f2-a9f154b450de:192.168.157.254:46786], old=null
2019-10-21 23:46:23,408 [b88b3e43-5534-49b3-b3f2-a9f154b450de@group-2FABE92B7E5B-LeaderElection29] INFO  impl.RaftServerImpl (RaftServerImpl.java:setRole(184)) - b88b3e43-5534-49b3-b3f2-a9f154b450de@group-2FABE92B7E5B: changes role from CANDIDATE to FOLLOWER at term 24 for DISCOVERED_A_NEW_TERM
2019-10-21 23:46:23,408 [b88b3e43-5534-49b3-b3f2-a9f154b450de@group-2FABE92B7E5B-LeaderElection29] INFO  impl.RoleInfo (RoleInfo.java:shutdownLeaderElection(134)) - b88b3e43-5534-49b3-b3f2-a9f154b450de: shutdown LeaderElection
2019-10-21 23:46:23,409 [b88b3e43-5534-49b3-b3f2-a9f154b450de@group-2FABE92B7E5B-LeaderElection29] INFO  impl.RoleInfo (RoleInfo.java:updateAndGet(143)) - b88b3e43-5534-49b3-b3f2-a9f154b450de: start FollowerState
2019-10-21 23:46:23,417 [Thread-396] INFO  impl.FollowerState (FollowerState.java:run(108)) - b88b3e43-5534-49b3-b3f2-a9f154b450de@group-2FABE92B7E5B-FollowerState: change to CANDIDATE, lastRpcTime:8ms, electionTimeout:8ms
2019-10-21 23:46:23,418 [Thread-396] INFO  impl.RoleInfo (RoleInfo.java:shutdownFollowerState(121)) - b88b3e43-5534-49b3-b3f2-a9f154b450de: shutdown FollowerState
2019-10-21 23:46:23,418 [Thread-396] INFO  impl.RaftServerImpl (RaftServerImpl.java:setRole(184)) - b88b3e43-5534-49b3-b3f2-a9f154b450de@group-2FABE92B7E5B: changes role from  FOLLOWER to CANDIDATE at term 24 for changeToCandidate
2019-10-21 23:46:23,418 [Thread-396] INFO  impl.RoleInfo (RoleInfo.java:updateAndGet(143)) - b88b3e43-5534-49b3-b3f2-a9f154b450de: start LeaderElection
2019-10-21 23:46:23,432 [b88b3e43-5534-49b3-b3f2-a9f154b450de@group-2FABE92B7E5B-LeaderElection30] INFO  impl.LeaderElection (LeaderElection.java:askForVotes(178)) - b88b3e43-5534-49b3-b3f2-a9f154b450de@group-2FABE92B7E5B-LeaderElection30: begin an election at term 25 for -1: [c58a0a02-acd3-47c8-b3e9-5b8e0493de45:192.168.157.254:33611, 1360619e-ba1e-4bf9-aec1-9f15b5480b27:192.168.157.254:45658, b88b3e43-5534-49b3-b3f2-a9f154b450de:192.168.157.254:46786], old=null
2019-10-21 23:46:23,434 [grpc-default-executor-2] INFO  impl.RaftServerImpl (RaftServerImpl.java:setRole(184)) - c58a0a02-acd3-47c8-b3e9-5b8e0493de45@group-2FABE92B7E5B: changes role from  FOLLOWER to FOLLOWER at term 25 for recognizeCandidate:b88b3e43-5534-49b3-b3f2-a9f154b450de
2019-10-21 23:46:23,434 [grpc-default-executor-2] INFO  impl.RoleInfo (RoleInfo.java:shutdownFollowerState(121)) - c58a0a02-acd3-47c8-b3e9-5b8e0493de45: shutdown FollowerState
2019-10-21 23:46:23,434 [grpc-default-executor-2] INFO  impl.RoleInfo (RoleInfo.java:updateAndGet(143)) - c58a0a02-acd3-47c8-b3e9-5b8e0493de45: start FollowerState
2019-10-21 23:46:23,434 [Thread-395] INFO  impl.FollowerState (FollowerState.java:run(117)) - c58a0a02-acd3-47c8-b3e9-5b8e0493de45@group-2FABE92B7E5B-FollowerState was interrupted: java.lang.InterruptedException: sleep interrupted
2019-10-21 23:46:23,435 [grpc-default-executor-0] INFO  impl.RaftServerImpl (RaftServerImpl.java:setRole(184)) - 1360619e-ba1e-4bf9-aec1-9f15b5480b27@group-2FABE92B7E5B: changes role from  FOLLOWER to FOLLOWER at term 25 for recognizeCandidate:b88b3e43-5534-49b3-b3f2-a9f154b450de
2019-10-21 23:46:23,435 [grpc-default-executor-0] INFO  impl.RoleInfo (RoleInfo.java:shutdownFollowerState(121)) - 1360619e-ba1e-4bf9-aec1-9f15b5480b27: shutdown FollowerState
2019-10-21 23:46:23,435 [Thread-394] INFO  impl.FollowerState (FollowerState.java:run(117)) - 1360619e-ba1e-4bf9-aec1-9f15b5480b27@group-2FABE92B7E5B-FollowerState was interrupted: java.lang.InterruptedException: sleep interrupted
2019-10-21 23:46:23,435 [grpc-default-executor-0] INFO  impl.RoleInfo (RoleInfo.java:updateAndGet(143)) - 1360619e-ba1e-4bf9-aec1-9f15b5480b27: start FollowerState
2019-10-21 23:46:23,447 [b88b3e43-5534-49b3-b3f2-a9f154b450de@group-2FABE92B7E5B-LeaderElection30] INFO  impl.LeaderElection (LeaderElection.java:logAndReturn(56)) - b88b3e43-5534-49b3-b3f2-a9f154b450de@group-2FABE92B7E5B-LeaderElection30: Election REJECTED; received 2 response(s) [b88b3e43-5534-49b3-b3f2-a9f154b450de<-c58a0a02-acd3-47c8-b3e9-5b8e0493de45#0:FAIL-t25, b88b3e43-5534-49b3-b3f2-a9f154b450de<-1360619e-ba1e-4bf9-aec1-9f15b5480b27#0:FAIL-t25] and 0 exception(s); b88b3e43-5534-49b3-b3f2-a9f154b450de@group-2FABE92B7E5B:t25, leader=null, voted=b88b3e43-5534-49b3-b3f2-a9f154b450de, raftlog=b88b3e43-5534-49b3-b3f2-a9f154b450de@group-2FABE92B7E5B-SegmentedRaftLog:OPENED:c-1,f-1,i0, conf=-1: [c58a0a02-acd3-47c8-b3e9-5b8e0493de45:192.168.157.254:33611, 1360619e-ba1e-4bf9-aec1-9f15b5480b27:192.168.157.254:45658, b88b3e43-5534-49b3-b3f2-a9f154b450de:192.168.157.254:46786], old=null
2019-10-21 23:46:23,448 [b88b3e43-5534-49b3-b3f2-a9f154b450de@group-2FABE92B7E5B-LeaderElection30] INFO  impl.RaftServerImpl (RaftServerImpl.java:setRole(184)) - b88b3e43-5534-49b3-b3f2-a9f154b450de@group-2FABE92B7E5B: changes role from CANDIDATE to FOLLOWER at term 25 for DISCOVERED_A_NEW_TERM
2019-10-21 23:46:23,448 [b88b3e43-5534-49b3-b3f2-a9f154b450de@group-2FABE92B7E5B-LeaderElection30] INFO  impl.RoleInfo (RoleInfo.java:shutdownLeaderElection(134)) - b88b3e43-5534-49b3-b3f2-a9f154b450de: shutdown LeaderElection
2019-10-21 23:46:23,448 [b88b3e43-5534-49b3-b3f2-a9f154b450de@group-2FABE92B7E5B-LeaderElection30] INFO  impl.RoleInfo (RoleInfo.java:updateAndGet(143)) - b88b3e43-5534-49b3-b3f2-a9f154b450de: start FollowerState
2019-10-21 23:46:23,490 [Thread-402] INFO  impl.FollowerState (FollowerState.java:run(108)) - b88b3e43-5534-49b3-b3f2-a9f154b450de@group-2FABE92B7E5B-FollowerState: change to CANDIDATE, lastRpcTime:42ms, electionTimeout:42ms
2019-10-21 23:46:23,491 [Thread-402] INFO  impl.RoleInfo (RoleInfo.java:shutdownFollowerState(121)) - b88b3e43-5534-49b3-b3f2-a9f154b450de: shutdown FollowerState
2019-10-21 23:46:23,491 [Thread-402] INFO  impl.RaftServerImpl (RaftServerImpl.java:setRole(184)) - b88b3e43-5534-49b3-b3f2-a9f154b450de@group-2FABE92B7E5B: changes role from  FOLLOWER to CANDIDATE at term 25 for changeToCandidate
2019-10-21 23:46:23,492 [Thread-402] INFO  impl.RoleInfo (RoleInfo.java:updateAndGet(143)) - b88b3e43-5534-49b3-b3f2-a9f154b450de: start LeaderElection
2019-10-21 23:46:23,506 [b88b3e43-5534-49b3-b3f2-a9f154b450de@group-2FABE92B7E5B-LeaderElection31] INFO  impl.LeaderElection (LeaderElection.java:askForVotes(178)) - b88b3e43-5534-49b3-b3f2-a9f154b450de@group-2FABE92B7E5B-LeaderElection31: begin an election at term 26 for -1: [c58a0a02-acd3-47c8-b3e9-5b8e0493de45:192.168.157.254:33611, 1360619e-ba1e-4bf9-aec1-9f15b5480b27:192.168.157.254:45658, b88b3e43-5534-49b3-b3f2-a9f154b450de:192.168.157.254:46786], old=null
2019-10-21 23:46:23,509 [grpc-default-executor-0] INFO  impl.RaftServerImpl (RaftServerImpl.java:setRole(184)) - 1360619e-ba1e-4bf9-aec1-9f15b5480b27@group-2FABE92B7E5B: changes role from  FOLLOWER to FOLLOWER at term 26 for recognizeCandidate:b88b3e43-5534-49b3-b3f2-a9f154b450de
2019-10-21 23:46:23,509 [grpc-default-executor-2] INFO  impl.RaftServerImpl (RaftServerImpl.java:setRole(184)) - c58a0a02-acd3-47c8-b3e9-5b8e0493de45@group-2FABE92B7E5B: changes role from  FOLLOWER to FOLLOWER at term 26 for recognizeCandidate:b88b3e43-5534-49b3-b3f2-a9f154b450de
2019-10-21 23:46:23,509 [grpc-default-executor-0] INFO  impl.RoleInfo (RoleInfo.java:shutdownFollowerState(121)) - 1360619e-ba1e-4bf9-aec1-9f15b5480b27: shutdown FollowerState
2019-10-21 23:46:23,510 [grpc-default-executor-2] INFO  impl.RoleInfo (RoleInfo.java:shutdownFollowerState(121)) - c58a0a02-acd3-47c8-b3e9-5b8e0493de45: shutdown FollowerState
2019-10-21 23:46:23,510 [grpc-default-executor-0] INFO  impl.RoleInfo (RoleInfo.java:updateAndGet(143)) - 1360619e-ba1e-4bf9-aec1-9f15b5480b27: start FollowerState
2019-10-21 23:46:23,510 [Thread-401] INFO  impl.FollowerState (FollowerState.java:run(117)) - 1360619e-ba1e-4bf9-aec1-9f15b5480b27@group-2FABE92B7E5B-FollowerState was interrupted: java.lang.InterruptedException: sleep interrupted
2019-10-21 23:46:23,510 [grpc-default-executor-2] INFO  impl.RoleInfo (RoleInfo.java:updateAndGet(143)) - c58a0a02-acd3-47c8-b3e9-5b8e0493de45: start FollowerState
2019-10-21 23:46:23,510 [Thread-400] INFO  impl.FollowerState (FollowerState.java:run(117)) - c58a0a02-acd3-47c8-b3e9-5b8e0493de45@group-2FABE92B7E5B-FollowerState was interrupted: java.lang.InterruptedException: sleep interrupted
2019-10-21 23:46:23,525 [b88b3e43-5534-49b3-b3f2-a9f154b450de@group-2FABE92B7E5B-LeaderElection31] INFO  impl.LeaderElection (LeaderElection.java:logAndReturn(56)) - b88b3e43-5534-49b3-b3f2-a9f154b450de@group-2FABE92B7E5B-LeaderElection31: Election REJECTED; received 2 response(s) [b88b3e43-5534-49b3-b3f2-a9f154b450de<-c58a0a02-acd3-47c8-b3e9-5b8e0493de45#0:FAIL-t26, b88b3e43-5534-49b3-b3f2-a9f154b450de<-1360619e-ba1e-4bf9-aec1-9f15b5480b27#0:FAIL-t26] and 0 exception(s); b88b3e43-5534-49b3-b3f2-a9f154b450de@group-2FABE92B7E5B:t26, leader=null, voted=b88b3e43-5534-49b3-b3f2-a9f154b450de, raftlog=b88b3e43-5534-49b3-b3f2-a9f154b450de@group-2FABE92B7E5B-SegmentedRaftLog:OPENED:c-1,f-1,i0, conf=-1: [c58a0a02-acd3-47c8-b3e9-5b8e0493de45:192.168.157.254:33611, 1360619e-ba1e-4bf9-aec1-9f15b5480b27:192.168.157.254:45658, b88b3e43-5534-49b3-b3f2-a9f154b450de:192.168.157.254:46786], old=null
2019-10-21 23:46:23,525 [b88b3e43-5534-49b3-b3f2-a9f154b450de@group-2FABE92B7E5B-LeaderElection31] INFO  impl.RaftServerImpl (RaftServerImpl.java:setRole(184)) - b88b3e43-5534-49b3-b3f2-a9f154b450de@group-2FABE92B7E5B: changes role from CANDIDATE to FOLLOWER at term 26 for DISCOVERED_A_NEW_TERM
2019-10-21 23:46:23,526 [b88b3e43-5534-49b3-b3f2-a9f154b450de@group-2FABE92B7E5B-LeaderElection31] INFO  impl.RoleInfo (RoleInfo.java:shutdownLeaderElection(134)) - b88b3e43-5534-49b3-b3f2-a9f154b450de: shutdown LeaderElection
2019-10-21 23:46:23,526 [b88b3e43-5534-49b3-b3f2-a9f154b450de@group-2FABE92B7E5B-LeaderElection31] INFO  impl.RoleInfo (RoleInfo.java:updateAndGet(143)) - b88b3e43-5534-49b3-b3f2-a9f154b450de: start FollowerState
2019-10-21 23:46:23,616 [Thread-408] INFO  impl.FollowerState (FollowerState.java:run(108)) - b88b3e43-5534-49b3-b3f2-a9f154b450de@group-2FABE92B7E5B-FollowerState: change to CANDIDATE, lastRpcTime:90ms, electionTimeout:90ms
2019-10-21 23:46:23,618 [Thread-408] INFO  impl.RoleInfo (RoleInfo.java:shutdownFollowerState(121)) - b88b3e43-5534-49b3-b3f2-a9f154b450de: shutdown FollowerState
2019-10-21 23:46:23,619 [Thread-408] INFO  impl.RaftServerImpl (RaftServerImpl.java:setRole(184)) - b88b3e43-5534-49b3-b3f2-a9f154b450de@group-2FABE92B7E5B: changes role from  FOLLOWER to CANDIDATE at term 26 for changeToCandidate
2019-10-21 23:46:23,619 [Thread-408] INFO  impl.RoleInfo (RoleInfo.java:updateAndGet(143)) - b88b3e43-5534-49b3-b3f2-a9f154b450de: start LeaderElection
2019-10-21 23:46:23,632 [b88b3e43-5534-49b3-b3f2-a9f154b450de@group-2FABE92B7E5B-LeaderElection32] INFO  impl.LeaderElection (LeaderElection.java:askForVotes(178)) - b88b3e43-5534-49b3-b3f2-a9f154b450de@group-2FABE92B7E5B-LeaderElection32: begin an election at term 27 for -1: [c58a0a02-acd3-47c8-b3e9-5b8e0493de45:192.168.157.254:33611, 1360619e-ba1e-4bf9-aec1-9f15b5480b27:192.168.157.254:45658, b88b3e43-5534-49b3-b3f2-a9f154b450de:192.168.157.254:46786], old=null
2019-10-21 23:46:23,635 [grpc-default-executor-0] INFO  impl.RaftServerImpl (RaftServerImpl.java:setRole(184)) - 1360619e-ba1e-4bf9-aec1-9f15b5480b27@group-2FABE92B7E5B: changes role from  FOLLOWER to FOLLOWER at term 27 for recognizeCandidate:b88b3e43-5534-49b3-b3f2-a9f154b450de
2019-10-21 23:46:23,635 [grpc-default-executor-2] INFO  impl.RaftServerImpl (RaftServerImpl.java:setRole(184)) - c58a0a02-acd3-47c8-b3e9-5b8e0493de45@group-2FABE92B7E5B: changes role from  FOLLOWER to FOLLOWER at term 27 for recognizeCandidate:b88b3e43-5534-49b3-b3f2-a9f154b450de
2019-10-21 23:46:23,635 [grpc-default-executor-0] INFO  impl.RoleInfo (RoleInfo.java:shutdownFollowerState(121)) - 1360619e-ba1e-4bf9-aec1-9f15b5480b27: shutdown FollowerState
2019-10-21 23:46:23,635 [grpc-default-executor-2] INFO  impl.RoleInfo (RoleInfo.java:shutdownFollowerState(121)) - c58a0a02-acd3-47c8-b3e9-5b8e0493de45: shutdown FollowerState
2019-10-21 23:46:23,636 [Thread-406] INFO  impl.FollowerState (FollowerState.java:run(117)) - 1360619e-ba1e-4bf9-aec1-9f15b5480b27@group-2FABE92B7E5B-FollowerState was interrupted: java.lang.InterruptedException: sleep interrupted
2019-10-21 23:46:23,636 [grpc-default-executor-0] INFO  impl.RoleInfo (RoleInfo.java:updateAndGet(143)) - 1360619e-ba1e-4bf9-aec1-9f15b5480b27: start FollowerState
2019-10-21 23:46:23,636 [Thread-407] INFO  impl.FollowerState (FollowerState.java:run(117)) - c58a0a02-acd3-47c8-b3e9-5b8e0493de45@group-2FABE92B7E5B-FollowerState was interrupted: java.lang.InterruptedException: sleep interrupted
2019-10-21 23:46:23,636 [grpc-default-executor-2] INFO  impl.RoleInfo (RoleInfo.java:updateAndGet(143)) - c58a0a02-acd3-47c8-b3e9-5b8e0493de45: start FollowerState
2019-10-21 23:46:23,647 [b88b3e43-5534-49b3-b3f2-a9f154b450de@group-2FABE92B7E5B-LeaderElection32] INFO  impl.LeaderElection (LeaderElection.java:logAndReturn(56)) - b88b3e43-5534-49b3-b3f2-a9f154b450de@group-2FABE92B7E5B-LeaderElection32: Election REJECTED; received 2 response(s) [b88b3e43-5534-49b3-b3f2-a9f154b450de<-c58a0a02-acd3-47c8-b3e9-5b8e0493de45#0:FAIL-t27, b88b3e43-5534-49b3-b3f2-a9f154b450de<-1360619e-ba1e-4bf9-aec1-9f15b5480b27#0:FAIL-t27] and 0 exception(s); b88b3e43-5534-49b3-b3f2-a9f154b450de@group-2FABE92B7E5B:t27, leader=null, voted=b88b3e43-5534-49b3-b3f2-a9f154b450de, raftlog=b88b3e43-5534-49b3-b3f2-a9f154b450de@group-2FABE92B7E5B-SegmentedRaftLog:OPENED:c-1,f-1,i0, conf=-1: [c58a0a02-acd3-47c8-b3e9-5b8e0493de45:192.168.157.254:33611, 1360619e-ba1e-4bf9-aec1-9f15b5480b27:192.168.157.254:45658, b88b3e43-5534-49b3-b3f2-a9f154b450de:192.168.157.254:46786], old=null
2019-10-21 23:46:23,648 [b88b3e43-5534-49b3-b3f2-a9f154b450de@group-2FABE92B7E5B-LeaderElection32] INFO  impl.RaftServerImpl (RaftServerImpl.java:setRole(184)) - b88b3e43-5534-49b3-b3f2-a9f154b450de@group-2FABE92B7E5B: changes role from CANDIDATE to FOLLOWER at term 27 for DISCOVERED_A_NEW_TERM
2019-10-21 23:46:23,648 [b88b3e43-5534-49b3-b3f2-a9f154b450de@group-2FABE92B7E5B-LeaderElection32] INFO  impl.RoleInfo (RoleInfo.java:shutdownLeaderElection(134)) - b88b3e43-5534-49b3-b3f2-a9f154b450de: shutdown LeaderElection
2019-10-21 23:46:23,648 [b88b3e43-5534-49b3-b3f2-a9f154b450de@group-2FABE92B7E5B-LeaderElection32] INFO  impl.RoleInfo (RoleInfo.java:updateAndGet(143)) - b88b3e43-5534-49b3-b3f2-a9f154b450de: start FollowerState
2019-10-21 23:46:23,658 [Thread-416] INFO  impl.FollowerState (FollowerState.java:run(108)) - b88b3e43-5534-49b3-b3f2-a9f154b450de@group-2FABE92B7E5B-FollowerState: change to CANDIDATE, lastRpcTime:10ms, electionTimeout:10ms
2019-10-21 23:46:23,660 [Thread-416] INFO  impl.RoleInfo (RoleInfo.java:shutdownFollowerState(121)) - b88b3e43-5534-49b3-b3f2-a9f154b450de: shutdown FollowerState
2019-10-21 23:46:23,660 [Thread-416] INFO  impl.RaftServerImpl (RaftServerImpl.java:setRole(184)) - b88b3e43-5534-49b3-b3f2-a9f154b450de@group-2FABE92B7E5B: changes role from  FOLLOWER to CANDIDATE at term 27 for changeToCandidate
2019-10-21 23:46:23,660 [Thread-416] INFO  impl.RoleInfo (RoleInfo.java:updateAndGet(143)) - b88b3e43-5534-49b3-b3f2-a9f154b450de: start LeaderElection
2019-10-21 23:46:23,668 [b88b3e43-5534-49b3-b3f2-a9f154b450de@group-2FABE92B7E5B-LeaderElection33] INFO  impl.LeaderElection (LeaderElection.java:askForVotes(178)) - b88b3e43-5534-49b3-b3f2-a9f154b450de@group-2FABE92B7E5B-LeaderElection33: begin an election at term 28 for -1: [c58a0a02-acd3-47c8-b3e9-5b8e0493de45:192.168.157.254:33611, 1360619e-ba1e-4bf9-aec1-9f15b5480b27:192.168.157.254:45658, b88b3e43-5534-49b3-b3f2-a9f154b450de:192.168.157.254:46786], old=null
2019-10-21 23:46:23,671 [grpc-default-executor-2] INFO  impl.RaftServerImpl (RaftServerImpl.java:setRole(184)) - 1360619e-ba1e-4bf9-aec1-9f15b5480b27@group-2FABE92B7E5B: changes role from  FOLLOWER to FOLLOWER at term 28 for recognizeCandidate:b88b3e43-5534-49b3-b3f2-a9f154b450de
2019-10-21 23:46:23,671 [grpc-default-executor-0] INFO  impl.RaftServerImpl (RaftServerImpl.java:setRole(184)) - c58a0a02-acd3-47c8-b3e9-5b8e0493de45@group-2FABE92B7E5B: changes role from  FOLLOWER to FOLLOWER at term 28 for recognizeCandidate:b88b3e43-5534-49b3-b3f2-a9f154b450de
2019-10-21 23:46:23,671 [grpc-default-executor-2] INFO  impl.RoleInfo (RoleInfo.java:shutdownFollowerState(121)) - 1360619e-ba1e-4bf9-aec1-9f15b5480b27: shutdown FollowerState
2019-10-21 23:46:23,671 [grpc-default-executor-0] INFO  impl.RoleInfo (RoleInfo.java:shutdownFollowerState(121)) - c58a0a02-acd3-47c8-b3e9-5b8e0493de45: shutdown FollowerState
2019-10-21 23:46:23,671 [Thread-414] INFO  impl.FollowerState (FollowerState.java:run(117)) - 1360619e-ba1e-4bf9-aec1-9f15b5480b27@group-2FABE92B7E5B-FollowerState was interrupted: java.lang.InterruptedException: sleep interrupted
2019-10-21 23:46:23,671 [grpc-default-executor-2] INFO  impl.RoleInfo (RoleInfo.java:updateAndGet(143)) - 1360619e-ba1e-4bf9-aec1-9f15b5480b27: start FollowerState
2019-10-21 23:46:23,671 [grpc-default-executor-0] INFO  impl.RoleInfo (RoleInfo.java:updateAndGet(143)) - c58a0a02-acd3-47c8-b3e9-5b8e0493de45: start FollowerState
2019-10-21 23:46:23,671 [Thread-415] INFO  impl.FollowerState (FollowerState.java:run(117)) - c58a0a02-acd3-47c8-b3e9-5b8e0493de45@group-2FABE92B7E5B-FollowerState was interrupted: java.lang.InterruptedException: sleep interrupted
2019-10-21 23:46:23,689 [b88b3e43-5534-49b3-b3f2-a9f154b450de@group-2FABE92B7E5B-LeaderElection33] INFO  impl.LeaderElection (LeaderElection.java:logAndReturn(56)) - b88b3e43-5534-49b3-b3f2-a9f154b450de@group-2FABE92B7E5B-LeaderElection33: Election REJECTED; received 2 response(s) [b88b3e43-5534-49b3-b3f2-a9f154b450de<-c58a0a02-acd3-47c8-b3e9-5b8e0493de45#0:FAIL-t28, b88b3e43-5534-49b3-b3f2-a9f154b450de<-1360619e-ba1e-4bf9-aec1-9f15b5480b27#0:FAIL-t28] and 0 exception(s); b88b3e43-5534-49b3-b3f2-a9f154b450de@group-2FABE92B7E5B:t28, leader=null, voted=b88b3e43-5534-49b3-b3f2-a9f154b450de, raftlog=b88b3e43-5534-49b3-b3f2-a9f154b450de@group-2FABE92B7E5B-SegmentedRaftLog:OPENED:c-1,f-1,i0, conf=-1: [c58a0a02-acd3-47c8-b3e9-5b8e0493de45:192.168.157.254:33611, 1360619e-ba1e-4bf9-aec1-9f15b5480b27:192.168.157.254:45658, b88b3e43-5534-49b3-b3f2-a9f154b450de:192.168.157.254:46786], old=null
2019-10-21 23:46:23,689 [b88b3e43-5534-49b3-b3f2-a9f154b450de@group-2FABE92B7E5B-LeaderElection33] INFO  impl.RaftServerImpl (RaftServerImpl.java:setRole(184)) - b88b3e43-5534-49b3-b3f2-a9f154b450de@group-2FABE92B7E5B: changes role from CANDIDATE to FOLLOWER at term 28 for DISCOVERED_A_NEW_TERM
2019-10-21 23:46:23,689 [b88b3e43-5534-49b3-b3f2-a9f154b450de@group-2FABE92B7E5B-LeaderElection33] INFO  impl.RoleInfo (RoleInfo.java:shutdownLeaderElection(134)) - b88b3e43-5534-49b3-b3f2-a9f154b450de: shutdown LeaderElection
2019-10-21 23:46:23,689 [b88b3e43-5534-49b3-b3f2-a9f154b450de@group-2FABE92B7E5B-LeaderElection33] INFO  impl.RoleInfo (RoleInfo.java:updateAndGet(143)) - b88b3e43-5534-49b3-b3f2-a9f154b450de: start FollowerState
2019-10-21 23:46:23,761 [Thread-422] INFO  impl.FollowerState (FollowerState.java:run(108)) - b88b3e43-5534-49b3-b3f2-a9f154b450de@group-2FABE92B7E5B-FollowerState: change to CANDIDATE, lastRpcTime:71ms, electionTimeout:71ms
2019-10-21 23:46:23,762 [Thread-422] INFO  impl.RoleInfo (RoleInfo.java:shutdownFollowerState(121)) - b88b3e43-5534-49b3-b3f2-a9f154b450de: shutdown FollowerState
2019-10-21 23:46:23,762 [Thread-422] INFO  impl.RaftServerImpl (RaftServerImpl.java:setRole(184)) - b88b3e43-5534-49b3-b3f2-a9f154b450de@group-2FABE92B7E5B: changes role from  FOLLOWER to CANDIDATE at term 28 for changeToCandidate
2019-10-21 23:46:23,763 [Thread-422] INFO  impl.RoleInfo (RoleInfo.java:updateAndGet(143)) - b88b3e43-5534-49b3-b3f2-a9f154b450de: start LeaderElection
2019-10-21 23:46:23,776 [b88b3e43-5534-49b3-b3f2-a9f154b450de@group-2FABE92B7E5B-LeaderElection34] INFO  impl.LeaderElection (LeaderElection.java:askForVotes(178)) - b88b3e43-5534-49b3-b3f2-a9f154b450de@group-2FABE92B7E5B-LeaderElection34: begin an election at term 29 for -1: [c58a0a02-acd3-47c8-b3e9-5b8e0493de45:192.168.157.254:33611, 1360619e-ba1e-4bf9-aec1-9f15b5480b27:192.168.157.254:45658, b88b3e43-5534-49b3-b3f2-a9f154b450de:192.168.157.254:46786], old=null
2019-10-21 23:46:23,780 [grpc-default-executor-2] INFO  impl.RaftServerImpl (RaftServerImpl.java:setRole(184)) - c58a0a02-acd3-47c8-b3e9-5b8e0493de45@group-2FABE92B7E5B: changes role from  FOLLOWER to FOLLOWER at term 29 for recognizeCandidate:b88b3e43-5534-49b3-b3f2-a9f154b450de
2019-10-21 23:46:23,780 [grpc-default-executor-0] INFO  impl.RaftServerImpl (RaftServerImpl.java:setRole(184)) - 1360619e-ba1e-4bf9-aec1-9f15b5480b27@group-2FABE92B7E5B: changes role from  FOLLOWER to FOLLOWER at term 29 for recognizeCandidate:b88b3e43-5534-49b3-b3f2-a9f154b450de
2019-10-21 23:46:23,780 [grpc-default-executor-2] INFO  impl.RoleInfo (RoleInfo.java:shutdownFollowerState(121)) - c58a0a02-acd3-47c8-b3e9-5b8e0493de45: shutdown FollowerState
2019-10-21 23:46:23,780 [grpc-default-executor-0] INFO  impl.RoleInfo (RoleInfo.java:shutdownFollowerState(121)) - 1360619e-ba1e-4bf9-aec1-9f15b5480b27: shutdown FollowerState
2019-10-21 23:46:23,780 [Thread-421] INFO  impl.FollowerState (FollowerState.java:run(117)) - c58a0a02-acd3-47c8-b3e9-5b8e0493de45@group-2FABE92B7E5B-FollowerState was interrupted: java.lang.InterruptedException: sleep interrupted
2019-10-21 23:46:23,780 [grpc-default-executor-2] INFO  impl.RoleInfo (RoleInfo.java:updateAndGet(143)) - c58a0a02-acd3-47c8-b3e9-5b8e0493de45: start FollowerState
2019-10-21 23:46:23,780 [Thread-420] INFO  impl.FollowerState (FollowerState.java:run(117)) - 1360619e-ba1e-4bf9-aec1-9f15b5480b27@group-2FABE92B7E5B-FollowerState was interrupted: java.lang.InterruptedException: sleep interrupted
2019-10-21 23:46:23,780 [grpc-default-executor-0] INFO  impl.RoleInfo (RoleInfo.java:updateAndGet(143)) - 1360619e-ba1e-4bf9-aec1-9f15b5480b27: start FollowerState
2019-10-21 23:46:23,795 [b88b3e43-5534-49b3-b3f2-a9f154b450de@group-2FABE92B7E5B-LeaderElection34] INFO  impl.LeaderElection (LeaderElection.java:logAndReturn(56)) - b88b3e43-5534-49b3-b3f2-a9f154b450de@group-2FABE92B7E5B-LeaderElection34: Election REJECTED; received 2 response(s) [b88b3e43-5534-49b3-b3f2-a9f154b450de<-c58a0a02-acd3-47c8-b3e9-5b8e0493de45#0:FAIL-t29, b88b3e43-5534-49b3-b3f2-a9f154b450de<-1360619e-ba1e-4bf9-aec1-9f15b5480b27#0:FAIL-t29] and 0 exception(s); b88b3e43-5534-49b3-b3f2-a9f154b450de@group-2FABE92B7E5B:t29, leader=null, voted=b88b3e43-5534-49b3-b3f2-a9f154b450de, raftlog=b88b3e43-5534-49b3-b3f2-a9f154b450de@group-2FABE92B7E5B-SegmentedRaftLog:OPENED:c-1,f-1,i0, conf=-1: [c58a0a02-acd3-47c8-b3e9-5b8e0493de45:192.168.157.254:33611, 1360619e-ba1e-4bf9-aec1-9f15b5480b27:192.168.157.254:45658, b88b3e43-5534-49b3-b3f2-a9f154b450de:192.168.157.254:46786], old=null
2019-10-21 23:46:23,796 [b88b3e43-5534-49b3-b3f2-a9f154b450de@group-2FABE92B7E5B-LeaderElection34] INFO  impl.RaftServerImpl (RaftServerImpl.java:setRole(184)) - b88b3e43-5534-49b3-b3f2-a9f154b450de@group-2FABE92B7E5B: changes role from CANDIDATE to FOLLOWER at term 29 for DISCOVERED_A_NEW_TERM
2019-10-21 23:46:23,796 [b88b3e43-5534-49b3-b3f2-a9f154b450de@group-2FABE92B7E5B-LeaderElection34] INFO  impl.RoleInfo (RoleInfo.java:shutdownLeaderElection(134)) - b88b3e43-5534-49b3-b3f2-a9f154b450de: shutdown LeaderElection
2019-10-21 23:46:23,796 [b88b3e43-5534-49b3-b3f2-a9f154b450de@group-2FABE92B7E5B-LeaderElection34] INFO  impl.RoleInfo (RoleInfo.java:updateAndGet(143)) - b88b3e43-5534-49b3-b3f2-a9f154b450de: start FollowerState
2019-10-21 23:46:23,850 [Thread-428] INFO  impl.FollowerState (FollowerState.java:run(108)) - b88b3e43-5534-49b3-b3f2-a9f154b450de@group-2FABE92B7E5B-FollowerState: change to CANDIDATE, lastRpcTime:54ms, electionTimeout:54ms
2019-10-21 23:46:23,852 [Thread-428] INFO  impl.RoleInfo (RoleInfo.java:shutdownFollowerState(121)) - b88b3e43-5534-49b3-b3f2-a9f154b450de: shutdown FollowerState
2019-10-21 23:46:23,852 [Thread-428] INFO  impl.RaftServerImpl (RaftServerImpl.java:setRole(184)) - b88b3e43-5534-49b3-b3f2-a9f154b450de@group-2FABE92B7E5B: changes role from  FOLLOWER to CANDIDATE at term 29 for changeToCandidate
2019-10-21 23:46:23,853 [Thread-428] INFO  impl.RoleInfo (RoleInfo.java:updateAndGet(143)) - b88b3e43-5534-49b3-b3f2-a9f154b450de: start LeaderElection
2019-10-21 23:46:23,866 [b88b3e43-5534-49b3-b3f2-a9f154b450de@group-2FABE92B7E5B-LeaderElection35] INFO  impl.LeaderElection (LeaderElection.java:askForVotes(178)) - b88b3e43-5534-49b3-b3f2-a9f154b450de@group-2FABE92B7E5B-LeaderElection35: begin an election at term 30 for -1: [c58a0a02-acd3-47c8-b3e9-5b8e0493de45:192.168.157.254:33611, 1360619e-ba1e-4bf9-aec1-9f15b5480b27:192.168.157.254:45658, b88b3e43-5534-49b3-b3f2-a9f154b450de:192.168.157.254:46786], old=null
2019-10-21 23:46:23,870 [grpc-default-executor-0] INFO  impl.RaftServerImpl (RaftServerImpl.java:setRole(184)) - c58a0a02-acd3-47c8-b3e9-5b8e0493de45@group-2FABE92B7E5B: changes role from  FOLLOWER to FOLLOWER at term 30 for recognizeCandidate:b88b3e43-5534-49b3-b3f2-a9f154b450de
2019-10-21 23:46:23,870 [grpc-default-executor-2] INFO  impl.RaftServerImpl (RaftServerImpl.java:setRole(184)) - 1360619e-ba1e-4bf9-aec1-9f15b5480b27@group-2FABE92B7E5B: changes role from  FOLLOWER to FOLLOWER at term 30 for recognizeCandidate:b88b3e43-5534-49b3-b3f2-a9f154b450de
2019-10-21 23:46:23,870 [grpc-default-executor-0] INFO  impl.RoleInfo (RoleInfo.java:shutdownFollowerState(121)) - c58a0a02-acd3-47c8-b3e9-5b8e0493de45: shutdown FollowerState
2019-10-21 23:46:23,870 [grpc-default-executor-2] INFO  impl.RoleInfo (RoleInfo.java:shutdownFollowerState(121)) - 1360619e-ba1e-4bf9-aec1-9f15b5480b27: shutdown FollowerState
2019-10-21 23:46:23,870 [grpc-default-executor-0] INFO  impl.RoleInfo (RoleInfo.java:updateAndGet(143)) - c58a0a02-acd3-47c8-b3e9-5b8e0493de45: start FollowerState
2019-10-21 23:46:23,870 [Thread-426] INFO  impl.FollowerState (FollowerState.java:run(117)) - c58a0a02-acd3-47c8-b3e9-5b8e0493de45@group-2FABE92B7E5B-FollowerState was interrupted: java.lang.InterruptedException: sleep interrupted
2019-10-21 23:46:23,870 [grpc-default-executor-2] INFO  impl.RoleInfo (RoleInfo.java:updateAndGet(143)) - 1360619e-ba1e-4bf9-aec1-9f15b5480b27: start FollowerState
2019-10-21 23:46:23,870 [Thread-427] INFO  impl.FollowerState (FollowerState.java:run(117)) - 1360619e-ba1e-4bf9-aec1-9f15b5480b27@group-2FABE92B7E5B-FollowerState was interrupted: java.lang.InterruptedException: sleep interrupted
2019-10-21 23:46:23,886 [b88b3e43-5534-49b3-b3f2-a9f154b450de@group-2FABE92B7E5B-LeaderElection35] INFO  impl.LeaderElection (LeaderElection.java:logAndReturn(56)) - b88b3e43-5534-49b3-b3f2-a9f154b450de@group-2FABE92B7E5B-LeaderElection35: Election REJECTED; received 2 response(s) [b88b3e43-5534-49b3-b3f2-a9f154b450de<-c58a0a02-acd3-47c8-b3e9-5b8e0493de45#0:FAIL-t30, b88b3e43-5534-49b3-b3f2-a9f154b450de<-1360619e-ba1e-4bf9-aec1-9f15b5480b27#0:FAIL-t30] and 0 exception(s); b88b3e43-5534-49b3-b3f2-a9f154b450de@group-2FABE92B7E5B:t30, leader=null, voted=b88b3e43-5534-49b3-b3f2-a9f154b450de, raftlog=b88b3e43-5534-49b3-b3f2-a9f154b450de@group-2FABE92B7E5B-SegmentedRaftLog:OPENED:c-1,f-1,i0, conf=-1: [c58a0a02-acd3-47c8-b3e9-5b8e0493de45:192.168.157.254:33611, 1360619e-ba1e-4bf9-aec1-9f15b5480b27:192.168.157.254:45658, b88b3e43-5534-49b3-b3f2-a9f154b450de:192.168.157.254:46786], old=null
2019-10-21 23:46:23,886 [b88b3e43-5534-49b3-b3f2-a9f154b450de@group-2FABE92B7E5B-LeaderElection35] INFO  impl.RaftServerImpl (RaftServerImpl.java:setRole(184)) - b88b3e43-5534-49b3-b3f2-a9f154b450de@group-2FABE92B7E5B: changes role from CANDIDATE to FOLLOWER at term 30 for DISCOVERED_A_NEW_TERM
2019-10-21 23:46:23,886 [b88b3e43-5534-49b3-b3f2-a9f154b450de@group-2FABE92B7E5B-LeaderElection35] INFO  impl.RoleInfo (RoleInfo.java:shutdownLeaderElection(134)) - b88b3e43-5534-49b3-b3f2-a9f154b450de: shutdown LeaderElection
2019-10-21 23:46:23,886 [b88b3e43-5534-49b3-b3f2-a9f154b450de@group-2FABE92B7E5B-LeaderElection35] INFO  impl.RoleInfo (RoleInfo.java:updateAndGet(143)) - b88b3e43-5534-49b3-b3f2-a9f154b450de: start FollowerState
2019-10-21 23:46:23,896 [Thread-434] INFO  impl.FollowerState (FollowerState.java:run(108)) - b88b3e43-5534-49b3-b3f2-a9f154b450de@group-2FABE92B7E5B-FollowerState: change to CANDIDATE, lastRpcTime:9ms, electionTimeout:9ms
2019-10-21 23:46:23,897 [Thread-434] INFO  impl.RoleInfo (RoleInfo.java:shutdownFollowerState(121)) - b88b3e43-5534-49b3-b3f2-a9f154b450de: shutdown FollowerState
2019-10-21 23:46:23,897 [Thread-434] INFO  impl.RaftServerImpl (RaftServerImpl.java:setRole(184)) - b88b3e43-5534-49b3-b3f2-a9f154b450de@group-2FABE92B7E5B: changes role from  FOLLOWER to CANDIDATE at term 30 for changeToCandidate
2019-10-21 23:46:23,898 [Thread-434] INFO  impl.RoleInfo (RoleInfo.java:updateAndGet(143)) - b88b3e43-5534-49b3-b3f2-a9f154b450de: start LeaderElection
2019-10-21 23:46:23,911 [b88b3e43-5534-49b3-b3f2-a9f154b450de@group-2FABE92B7E5B-LeaderElection36] INFO  impl.LeaderElection (LeaderElection.java:askForVotes(178)) - b88b3e43-5534-49b3-b3f2-a9f154b450de@group-2FABE92B7E5B-LeaderElection36: begin an election at term 31 for -1: [c58a0a02-acd3-47c8-b3e9-5b8e0493de45:192.168.157.254:33611, 1360619e-ba1e-4bf9-aec1-9f15b5480b27:192.168.157.254:45658, b88b3e43-5534-49b3-b3f2-a9f154b450de:192.168.157.254:46786], old=null
2019-10-21 23:46:23,913 [grpc-default-executor-0] INFO  impl.RaftServerImpl (RaftServerImpl.java:setRole(184)) - c58a0a02-acd3-47c8-b3e9-5b8e0493de45@group-2FABE92B7E5B: changes role from  FOLLOWER to FOLLOWER at term 31 for recognizeCandidate:b88b3e43-5534-49b3-b3f2-a9f154b450de
2019-10-21 23:46:23,913 [grpc-default-executor-2] INFO  impl.RaftServerImpl (RaftServerImpl.java:setRole(184)) - 1360619e-ba1e-4bf9-aec1-9f15b5480b27@group-2FABE92B7E5B: changes role from  FOLLOWER to FOLLOWER at term 31 for recognizeCandidate:b88b3e43-5534-49b3-b3f2-a9f154b450de
2019-10-21 23:46:23,913 [grpc-default-executor-0] INFO  impl.RoleInfo (RoleInfo.java:shutdownFollowerState(121)) - c58a0a02-acd3-47c8-b3e9-5b8e0493de45: shutdown FollowerState
2019-10-21 23:46:23,914 [grpc-default-executor-2] INFO  impl.RoleInfo (RoleInfo.java:shutdownFollowerState(121)) - 1360619e-ba1e-4bf9-aec1-9f15b5480b27: shutdown FollowerState
2019-10-21 23:46:23,914 [grpc-default-executor-0] INFO  impl.RoleInfo (RoleInfo.java:updateAndGet(143)) - c58a0a02-acd3-47c8-b3e9-5b8e0493de45: start FollowerState
2019-10-21 23:46:23,914 [Thread-432] INFO  impl.FollowerState (FollowerState.java:run(117)) - c58a0a02-acd3-47c8-b3e9-5b8e0493de45@group-2FABE92B7E5B-FollowerState was interrupted: java.lang.InterruptedException: sleep interrupted
2019-10-21 23:46:23,914 [Thread-433] INFO  impl.FollowerState (FollowerState.java:run(117)) - 1360619e-ba1e-4bf9-aec1-9f15b5480b27@group-2FABE92B7E5B-FollowerState was interrupted: java.lang.InterruptedException: sleep interrupted
2019-10-21 23:46:23,914 [grpc-default-executor-2] INFO  impl.RoleInfo (RoleInfo.java:updateAndGet(143)) - 1360619e-ba1e-4bf9-aec1-9f15b5480b27: start FollowerState
2019-10-21 23:46:23,928 [b88b3e43-5534-49b3-b3f2-a9f154b450de@group-2FABE92B7E5B-LeaderElection36] INFO  impl.LeaderElection (LeaderElection.java:logAndReturn(56)) - b88b3e43-5534-49b3-b3f2-a9f154b450de@group-2FABE92B7E5B-LeaderElection36: Election REJECTED; received 2 response(s) [b88b3e43-5534-49b3-b3f2-a9f154b450de<-c58a0a02-acd3-47c8-b3e9-5b8e0493de45#0:FAIL-t31, b88b3e43-5534-49b3-b3f2-a9f154b450de<-1360619e-ba1e-4bf9-aec1-9f15b5480b27#0:FAIL-t31] and 0 exception(s); b88b3e43-5534-49b3-b3f2-a9f154b450de@group-2FABE92B7E5B:t31, leader=null, voted=b88b3e43-5534-49b3-b3f2-a9f154b450de, raftlog=b88b3e43-5534-49b3-b3f2-a9f154b450de@group-2FABE92B7E5B-SegmentedRaftLog:OPENED:c-1,f-1,i0, conf=-1: [c58a0a02-acd3-47c8-b3e9-5b8e0493de45:192.168.157.254:33611, 1360619e-ba1e-4bf9-aec1-9f15b5480b27:192.168.157.254:45658, b88b3e43-5534-49b3-b3f2-a9f154b450de:192.168.157.254:46786], old=null
2019-10-21 23:46:23,928 [b88b3e43-5534-49b3-b3f2-a9f154b450de@group-2FABE92B7E5B-LeaderElection36] INFO  impl.RaftServerImpl (RaftServerImpl.java:setRole(184)) - b88b3e43-5534-49b3-b3f2-a9f154b450de@group-2FABE92B7E5B: changes role from CANDIDATE to FOLLOWER at term 31 for DISCOVERED_A_NEW_TERM
2019-10-21 23:46:23,928 [b88b3e43-5534-49b3-b3f2-a9f154b450de@group-2FABE92B7E5B-LeaderElection36] INFO  impl.RoleInfo (RoleInfo.java:shutdownLeaderElection(134)) - b88b3e43-5534-49b3-b3f2-a9f154b450de: shutdown LeaderElection
2019-10-21 23:46:23,928 [b88b3e43-5534-49b3-b3f2-a9f154b450de@group-2FABE92B7E5B-LeaderElection36] INFO  impl.RoleInfo (RoleInfo.java:updateAndGet(143)) - b88b3e43-5534-49b3-b3f2-a9f154b450de: start FollowerState
2019-10-21 23:46:24,043 [Thread-440] INFO  impl.FollowerState (FollowerState.java:run(108)) - b88b3e43-5534-49b3-b3f2-a9f154b450de@group-2FABE92B7E5B-FollowerState: change to CANDIDATE, lastRpcTime:115ms, electionTimeout:115ms
2019-10-21 23:46:24,045 [Thread-440] INFO  impl.RoleInfo (RoleInfo.java:shutdownFollowerState(121)) - b88b3e43-5534-49b3-b3f2-a9f154b450de: shutdown FollowerState
2019-10-21 23:46:24,045 [Thread-440] INFO  impl.RaftServerImpl (RaftServerImpl.java:setRole(184)) - b88b3e43-5534-49b3-b3f2-a9f154b450de@group-2FABE92B7E5B: changes role from  FOLLOWER to CANDIDATE at term 31 for changeToCandidate
2019-10-21 23:46:24,045 [Thread-440] INFO  impl.RoleInfo (RoleInfo.java:updateAndGet(143)) - b88b3e43-5534-49b3-b3f2-a9f154b450de: start LeaderElection
2019-10-21 23:46:24,059 [b88b3e43-5534-49b3-b3f2-a9f154b450de@group-2FABE92B7E5B-LeaderElection37] INFO  impl.LeaderElection (LeaderElection.java:askForVotes(178)) - b88b3e43-5534-49b3-b3f2-a9f154b450de@group-2FABE92B7E5B-LeaderElection37: begin an election at term 32 for -1: [c58a0a02-acd3-47c8-b3e9-5b8e0493de45:192.168.157.254:33611, 1360619e-ba1e-4bf9-aec1-9f15b5480b27:192.168.157.254:45658, b88b3e43-5534-49b3-b3f2-a9f154b450de:192.168.157.254:46786], old=null
2019-10-21 23:46:24,062 [grpc-default-executor-2] INFO  impl.RaftServerImpl (RaftServerImpl.java:setRole(184)) - c58a0a02-acd3-47c8-b3e9-5b8e0493de45@group-2FABE92B7E5B: changes role from  FOLLOWER to FOLLOWER at term 32 for recognizeCandidate:b88b3e43-5534-49b3-b3f2-a9f154b450de
2019-10-21 23:46:24,062 [grpc-default-executor-0] INFO  impl.RaftServerImpl (RaftServerImpl.java:setRole(184)) - 1360619e-ba1e-4bf9-aec1-9f15b5480b27@group-2FABE92B7E5B: changes role from  FOLLOWER to FOLLOWER at term 32 for recognizeCandidate:b88b3e43-5534-49b3-b3f2-a9f154b450de
2019-10-21 23:46:24,062 [grpc-default-executor-2] INFO  impl.RoleInfo (RoleInfo.java:shutdownFollowerState(121)) - c58a0a02-acd3-47c8-b3e9-5b8e0493de45: shutdown FollowerState
2019-10-21 23:46:24,062 [grpc-default-executor-0] INFO  impl.RoleInfo (RoleInfo.java:shutdownFollowerState(121)) - 1360619e-ba1e-4bf9-aec1-9f15b5480b27: shutdown FollowerState
2019-10-21 23:46:24,062 [Thread-438] INFO  impl.FollowerState (FollowerState.java:run(117)) - c58a0a02-acd3-47c8-b3e9-5b8e0493de45@group-2FABE92B7E5B-FollowerState was interrupted: java.lang.InterruptedException: sleep interrupted
2019-10-21 23:46:24,063 [Thread-439] INFO  impl.FollowerState (FollowerState.java:run(117)) - 1360619e-ba1e-4bf9-aec1-9f15b5480b27@group-2FABE92B7E5B-FollowerState was interrupted: java.lang.InterruptedException: sleep interrupted
2019-10-21 23:46:24,063 [grpc-default-executor-0] INFO  impl.RoleInfo (RoleInfo.java:updateAndGet(143)) - 1360619e-ba1e-4bf9-aec1-9f15b5480b27: start FollowerState
2019-10-21 23:46:24,062 [grpc-default-executor-2] INFO  impl.RoleInfo (RoleInfo.java:updateAndGet(143)) - c58a0a02-acd3-47c8-b3e9-5b8e0493de45: start FollowerState
2019-10-21 23:46:24,077 [b88b3e43-5534-49b3-b3f2-a9f154b450de@group-2FABE92B7E5B-LeaderElection37] INFO  impl.LeaderElection (LeaderElection.java:logAndReturn(56)) - b88b3e43-5534-49b3-b3f2-a9f154b450de@group-2FABE92B7E5B-LeaderElection37: Election REJECTED; received 2 response(s) [b88b3e43-5534-49b3-b3f2-a9f154b450de<-c58a0a02-acd3-47c8-b3e9-5b8e0493de45#0:FAIL-t32, b88b3e43-5534-49b3-b3f2-a9f154b450de<-1360619e-ba1e-4bf9-aec1-9f15b5480b27#0:FAIL-t32] and 0 exception(s); b88b3e43-5534-49b3-b3f2-a9f154b450de@group-2FABE92B7E5B:t32, leader=null, voted=b88b3e43-5534-49b3-b3f2-a9f154b450de, raftlog=b88b3e43-5534-49b3-b3f2-a9f154b450de@group-2FABE92B7E5B-SegmentedRaftLog:OPENED:c-1,f-1,i0, conf=-1: [c58a0a02-acd3-47c8-b3e9-5b8e0493de45:192.168.157.254:33611, 1360619e-ba1e-4bf9-aec1-9f15b5480b27:192.168.157.254:45658, b88b3e43-5534-49b3-b3f2-a9f154b450de:192.168.157.254:46786], old=null
2019-10-21 23:46:24,078 [b88b3e43-5534-49b3-b3f2-a9f154b450de@group-2FABE92B7E5B-LeaderElection37] INFO  impl.RaftServerImpl (RaftServerImpl.java:setRole(184)) - b88b3e43-5534-49b3-b3f2-a9f154b450de@group-2FABE92B7E5B: changes role from CANDIDATE to FOLLOWER at term 32 for DISCOVERED_A_NEW_TERM
2019-10-21 23:46:24,078 [b88b3e43-5534-49b3-b3f2-a9f154b450de@group-2FABE92B7E5B-LeaderElection37] INFO  impl.RoleInfo (RoleInfo.java:shutdownLeaderElection(134)) - b88b3e43-5534-49b3-b3f2-a9f154b450de: shutdown LeaderElection
2019-10-21 23:46:24,078 [b88b3e43-5534-49b3-b3f2-a9f154b450de@group-2FABE92B7E5B-LeaderElection37] INFO  impl.RoleInfo (RoleInfo.java:updateAndGet(143)) - b88b3e43-5534-49b3-b3f2-a9f154b450de: start FollowerState
2019-10-21 23:46:24,279 [Thread-446] INFO  impl.FollowerState (FollowerState.java:run(108)) - b88b3e43-5534-49b3-b3f2-a9f154b450de@group-2FABE92B7E5B-FollowerState: change to CANDIDATE, lastRpcTime:201ms, electionTimeout:196ms
2019-10-21 23:46:24,281 [Thread-446] INFO  impl.RoleInfo (RoleInfo.java:shutdownFollowerState(121)) - b88b3e43-5534-49b3-b3f2-a9f154b450de: shutdown FollowerState
2019-10-21 23:46:24,281 [Thread-446] INFO  impl.RaftServerImpl (RaftServerImpl.java:setRole(184)) - b88b3e43-5534-49b3-b3f2-a9f154b450de@group-2FABE92B7E5B: changes role from  FOLLOWER to CANDIDATE at term 32 for changeToCandidate
2019-10-21 23:46:24,281 [Thread-446] INFO  impl.RoleInfo (RoleInfo.java:updateAndGet(143)) - b88b3e43-5534-49b3-b3f2-a9f154b450de: start LeaderElection
2019-10-21 23:46:24,295 [b88b3e43-5534-49b3-b3f2-a9f154b450de@group-2FABE92B7E5B-LeaderElection38] INFO  impl.LeaderElection (LeaderElection.java:askForVotes(178)) - b88b3e43-5534-49b3-b3f2-a9f154b450de@group-2FABE92B7E5B-LeaderElection38: begin an election at term 33 for -1: [c58a0a02-acd3-47c8-b3e9-5b8e0493de45:192.168.157.254:33611, 1360619e-ba1e-4bf9-aec1-9f15b5480b27:192.168.157.254:45658, b88b3e43-5534-49b3-b3f2-a9f154b450de:192.168.157.254:46786], old=null
2019-10-21 23:46:24,299 [grpc-default-executor-0] INFO  impl.RaftServerImpl (RaftServerImpl.java:setRole(184)) - c58a0a02-acd3-47c8-b3e9-5b8e0493de45@group-2FABE92B7E5B: changes role from  FOLLOWER to FOLLOWER at term 33 for recognizeCandidate:b88b3e43-5534-49b3-b3f2-a9f154b450de
2019-10-21 23:46:24,299 [grpc-default-executor-2] INFO  impl.RaftServerImpl (RaftServerImpl.java:setRole(184)) - 1360619e-ba1e-4bf9-aec1-9f15b5480b27@group-2FABE92B7E5B: changes role from  FOLLOWER to FOLLOWER at term 33 for recognizeCandidate:b88b3e43-5534-49b3-b3f2-a9f154b450de
2019-10-21 23:46:24,299 [grpc-default-executor-0] INFO  impl.RoleInfo (RoleInfo.java:shutdownFollowerState(121)) - c58a0a02-acd3-47c8-b3e9-5b8e0493de45: shutdown FollowerState
2019-10-21 23:46:24,299 [grpc-default-executor-2] INFO  impl.RoleInfo (RoleInfo.java:shutdownFollowerState(121)) - 1360619e-ba1e-4bf9-aec1-9f15b5480b27: shutdown FollowerState
2019-10-21 23:46:24,299 [grpc-default-executor-0] INFO  impl.RoleInfo (RoleInfo.java:updateAndGet(143)) - c58a0a02-acd3-47c8-b3e9-5b8e0493de45: start FollowerState
2019-10-21 23:46:24,299 [Thread-444] INFO  impl.FollowerState (FollowerState.java:run(117)) - c58a0a02-acd3-47c8-b3e9-5b8e0493de45@group-2FABE92B7E5B-FollowerState was interrupted: java.lang.InterruptedException: sleep interrupted
2019-10-21 23:46:24,299 [Thread-445] INFO  impl.FollowerState (FollowerState.java:run(117)) - 1360619e-ba1e-4bf9-aec1-9f15b5480b27@group-2FABE92B7E5B-FollowerState was interrupted: java.lang.InterruptedException: sleep interrupted
2019-10-21 23:46:24,299 [grpc-default-executor-2] INFO  impl.RoleInfo (RoleInfo.java:updateAndGet(143)) - 1360619e-ba1e-4bf9-aec1-9f15b5480b27: start FollowerState
2019-10-21 23:46:24,320 [b88b3e43-5534-49b3-b3f2-a9f154b450de@group-2FABE92B7E5B-LeaderElection38] INFO  impl.LeaderElection (LeaderElection.java:logAndReturn(56)) - b88b3e43-5534-49b3-b3f2-a9f154b450de@group-2FABE92B7E5B-LeaderElection38: Election REJECTED; received 2 response(s) [b88b3e43-5534-49b3-b3f2-a9f154b450de<-c58a0a02-acd3-47c8-b3e9-5b8e0493de45#0:FAIL-t33, b88b3e43-5534-49b3-b3f2-a9f154b450de<-1360619e-ba1e-4bf9-aec1-9f15b5480b27#0:FAIL-t33] and 0 exception(s); b88b3e43-5534-49b3-b3f2-a9f154b450de@group-2FABE92B7E5B:t33, leader=null, voted=b88b3e43-5534-49b3-b3f2-a9f154b450de, raftlog=b88b3e43-5534-49b3-b3f2-a9f154b450de@group-2FABE92B7E5B-SegmentedRaftLog:OPENED:c-1,f-1,i0, conf=-1: [c58a0a02-acd3-47c8-b3e9-5b8e0493de45:192.168.157.254:33611, 1360619e-ba1e-4bf9-aec1-9f15b5480b27:192.168.157.254:45658, b88b3e43-5534-49b3-b3f2-a9f154b450de:192.168.157.254:46786], old=null
2019-10-21 23:46:24,320 [b88b3e43-5534-49b3-b3f2-a9f154b450de@group-2FABE92B7E5B-LeaderElection38] INFO  impl.RaftServerImpl (RaftServerImpl.java:setRole(184)) - b88b3e43-5534-49b3-b3f2-a9f154b450de@group-2FABE92B7E5B: changes role from CANDIDATE to FOLLOWER at term 33 for DISCOVERED_A_NEW_TERM
2019-10-21 23:46:24,320 [b88b3e43-5534-49b3-b3f2-a9f154b450de@group-2FABE92B7E5B-LeaderElection38] INFO  impl.RoleInfo (RoleInfo.java:shutdownLeaderElection(134)) - b88b3e43-5534-49b3-b3f2-a9f154b450de: shutdown LeaderElection
2019-10-21 23:46:24,320 [b88b3e43-5534-49b3-b3f2-a9f154b450de@group-2FABE92B7E5B-LeaderElection38] INFO  impl.RoleInfo (RoleInfo.java:updateAndGet(143)) - b88b3e43-5534-49b3-b3f2-a9f154b450de: start FollowerState
2019-10-21 23:46:24,356 [Thread-452] INFO  impl.FollowerState (FollowerState.java:run(108)) - b88b3e43-5534-49b3-b3f2-a9f154b450de@group-2FABE92B7E5B-FollowerState: change to CANDIDATE, lastRpcTime:35ms, electionTimeout:35ms
2019-10-21 23:46:24,358 [Thread-452] INFO  impl.RoleInfo (RoleInfo.java:shutdownFollowerState(121)) - b88b3e43-5534-49b3-b3f2-a9f154b450de: shutdown FollowerState
2019-10-21 23:46:24,358 [Thread-452] INFO  impl.RaftServerImpl (RaftServerImpl.java:setRole(184)) - b88b3e43-5534-49b3-b3f2-a9f154b450de@group-2FABE92B7E5B: changes role from  FOLLOWER to CANDIDATE at term 33 for changeToCandidate
2019-10-21 23:46:24,358 [Thread-452] INFO  impl.RoleInfo (RoleInfo.java:updateAndGet(143)) - b88b3e43-5534-49b3-b3f2-a9f154b450de: start LeaderElection
2019-10-21 23:46:24,372 [b88b3e43-5534-49b3-b3f2-a9f154b450de@group-2FABE92B7E5B-LeaderElection39] INFO  impl.LeaderElection (LeaderElection.java:askForVotes(178)) - b88b3e43-5534-49b3-b3f2-a9f154b450de@group-2FABE92B7E5B-LeaderElection39: begin an election at term 34 for -1: [c58a0a02-acd3-47c8-b3e9-5b8e0493de45:192.168.157.254:33611, 1360619e-ba1e-4bf9-aec1-9f15b5480b27:192.168.157.254:45658, b88b3e43-5534-49b3-b3f2-a9f154b450de:192.168.157.254:46786], old=null
2019-10-21 23:46:24,375 [grpc-default-executor-0] INFO  impl.RaftServerImpl (RaftServerImpl.java:setRole(184)) - 1360619e-ba1e-4bf9-aec1-9f15b5480b27@group-2FABE92B7E5B: changes role from  FOLLOWER to FOLLOWER at term 34 for recognizeCandidate:b88b3e43-5534-49b3-b3f2-a9f154b450de
2019-10-21 23:46:24,375 [grpc-default-executor-2] INFO  impl.RaftServerImpl (RaftServerImpl.java:setRole(184)) - c58a0a02-acd3-47c8-b3e9-5b8e0493de45@group-2FABE92B7E5B: changes role from  FOLLOWER to FOLLOWER at term 34 for recognizeCandidate:b88b3e43-5534-49b3-b3f2-a9f154b450de
2019-10-21 23:46:24,375 [grpc-default-executor-0] INFO  impl.RoleInfo (RoleInfo.java:shutdownFollowerState(121)) - 1360619e-ba1e-4bf9-aec1-9f15b5480b27: shutdown FollowerState
2019-10-21 23:46:24,375 [grpc-default-executor-2] INFO  impl.RoleInfo (RoleInfo.java:shutdownFollowerState(121)) - c58a0a02-acd3-47c8-b3e9-5b8e0493de45: shutdown FollowerState
2019-10-21 23:46:24,375 [grpc-default-executor-0] INFO  impl.RoleInfo (RoleInfo.java:updateAndGet(143)) - 1360619e-ba1e-4bf9-aec1-9f15b5480b27: start FollowerState
2019-10-21 23:46:24,375 [Thread-451] INFO  impl.FollowerState (FollowerState.java:run(117)) - 1360619e-ba1e-4bf9-aec1-9f15b5480b27@group-2FABE92B7E5B-FollowerState was interrupted: java.lang.InterruptedException: sleep interrupted
2019-10-21 23:46:24,376 [Thread-450] INFO  impl.FollowerState (FollowerState.java:run(117)) - c58a0a02-acd3-47c8-b3e9-5b8e0493de45@group-2FABE92B7E5B-FollowerState was interrupted: java.lang.InterruptedException: sleep interrupted
2019-10-21 23:46:24,376 [grpc-default-executor-2] INFO  impl.RoleInfo (RoleInfo.java:updateAndGet(143)) - c58a0a02-acd3-47c8-b3e9-5b8e0493de45: start FollowerState
2019-10-21 23:46:24,391 [b88b3e43-5534-49b3-b3f2-a9f154b450de@group-2FABE92B7E5B-LeaderElection39] INFO  impl.LeaderElection (LeaderElection.java:logAndReturn(56)) - b88b3e43-5534-49b3-b3f2-a9f154b450de@group-2FABE92B7E5B-LeaderElection39: Election REJECTED; received 2 response(s) [b88b3e43-5534-49b3-b3f2-a9f154b450de<-c58a0a02-acd3-47c8-b3e9-5b8e0493de45#0:FAIL-t34, b88b3e43-5534-49b3-b3f2-a9f154b450de<-1360619e-ba1e-4bf9-aec1-9f15b5480b27#0:FAIL-t34] and 0 exception(s); b88b3e43-5534-49b3-b3f2-a9f154b450de@group-2FABE92B7E5B:t34, leader=null, voted=b88b3e43-5534-49b3-b3f2-a9f154b450de, raftlog=b88b3e43-5534-49b3-b3f2-a9f154b450de@group-2FABE92B7E5B-SegmentedRaftLog:OPENED:c-1,f-1,i0, conf=-1: [c58a0a02-acd3-47c8-b3e9-5b8e0493de45:192.168.157.254:33611, 1360619e-ba1e-4bf9-aec1-9f15b5480b27:192.168.157.254:45658, b88b3e43-5534-49b3-b3f2-a9f154b450de:192.168.157.254:46786], old=null
2019-10-21 23:46:24,391 [b88b3e43-5534-49b3-b3f2-a9f154b450de@group-2FABE92B7E5B-LeaderElection39] INFO  impl.RaftServerImpl (RaftServerImpl.java:setRole(184)) - b88b3e43-5534-49b3-b3f2-a9f154b450de@group-2FABE92B7E5B: changes role from CANDIDATE to FOLLOWER at term 34 for DISCOVERED_A_NEW_TERM
2019-10-21 23:46:24,391 [b88b3e43-5534-49b3-b3f2-a9f154b450de@group-2FABE92B7E5B-LeaderElection39] INFO  impl.RoleInfo (RoleInfo.java:shutdownLeaderElection(134)) - b88b3e43-5534-49b3-b3f2-a9f154b450de: shutdown LeaderElection
2019-10-21 23:46:24,392 [b88b3e43-5534-49b3-b3f2-a9f154b450de@group-2FABE92B7E5B-LeaderElection39] INFO  impl.RoleInfo (RoleInfo.java:updateAndGet(143)) - b88b3e43-5534-49b3-b3f2-a9f154b450de: start FollowerState
2019-10-21 23:46:24,579 [Thread-458] INFO  impl.FollowerState (FollowerState.java:run(108)) - b88b3e43-5534-49b3-b3f2-a9f154b450de@group-2FABE92B7E5B-FollowerState: change to CANDIDATE, lastRpcTime:187ms, electionTimeout:187ms
2019-10-21 23:46:24,581 [Thread-458] INFO  impl.RoleInfo (RoleInfo.java:shutdownFollowerState(121)) - b88b3e43-5534-49b3-b3f2-a9f154b450de: shutdown FollowerState
2019-10-21 23:46:24,581 [Thread-458] INFO  impl.RaftServerImpl (RaftServerImpl.java:setRole(184)) - b88b3e43-5534-49b3-b3f2-a9f154b450de@group-2FABE92B7E5B: changes role from  FOLLOWER to CANDIDATE at term 34 for changeToCandidate
2019-10-21 23:46:24,581 [Thread-458] INFO  impl.RoleInfo (RoleInfo.java:updateAndGet(143)) - b88b3e43-5534-49b3-b3f2-a9f154b450de: start LeaderElection
2019-10-21 23:46:24,595 [b88b3e43-5534-49b3-b3f2-a9f154b450de@group-2FABE92B7E5B-LeaderElection40] INFO  impl.LeaderElection (LeaderElection.java:askForVotes(178)) - b88b3e43-5534-49b3-b3f2-a9f154b450de@group-2FABE92B7E5B-LeaderElection40: begin an election at term 35 for -1: [c58a0a02-acd3-47c8-b3e9-5b8e0493de45:192.168.157.254:33611, 1360619e-ba1e-4bf9-aec1-9f15b5480b27:192.168.157.254:45658, b88b3e43-5534-49b3-b3f2-a9f154b450de:192.168.157.254:46786], old=null
2019-10-21 23:46:24,598 [grpc-default-executor-2] INFO  impl.RaftServerImpl (RaftServerImpl.java:setRole(184)) - c58a0a02-acd3-47c8-b3e9-5b8e0493de45@group-2FABE92B7E5B: changes role from  FOLLOWER to FOLLOWER at term 35 for recognizeCandidate:b88b3e43-5534-49b3-b3f2-a9f154b450de
2019-10-21 23:46:24,598 [grpc-default-executor-2] INFO  impl.RoleInfo (RoleInfo.java:shutdownFollowerState(121)) - c58a0a02-acd3-47c8-b3e9-5b8e0493de45: shutdown FollowerState
2019-10-21 23:46:24,599 [grpc-default-executor-2] INFO  impl.RoleInfo (RoleInfo.java:updateAndGet(143)) - c58a0a02-acd3-47c8-b3e9-5b8e0493de45: start FollowerState
2019-10-21 23:46:24,599 [Thread-457] INFO  impl.FollowerState (FollowerState.java:run(117)) - c58a0a02-acd3-47c8-b3e9-5b8e0493de45@group-2FABE92B7E5B-FollowerState was interrupted: java.lang.InterruptedException: sleep interrupted
2019-10-21 23:46:24,599 [grpc-default-executor-0] INFO  impl.RaftServerImpl (RaftServerImpl.java:setRole(184)) - 1360619e-ba1e-4bf9-aec1-9f15b5480b27@group-2FABE92B7E5B: changes role from  FOLLOWER to FOLLOWER at term 35 for recognizeCandidate:b88b3e43-5534-49b3-b3f2-a9f154b450de
2019-10-21 23:46:24,599 [grpc-default-executor-0] INFO  impl.RoleInfo (RoleInfo.java:shutdownFollowerState(121)) - 1360619e-ba1e-4bf9-aec1-9f15b5480b27: shutdown FollowerState
2019-10-21 23:46:24,599 [grpc-default-executor-0] INFO  impl.RoleInfo (RoleInfo.java:updateAndGet(143)) - 1360619e-ba1e-4bf9-aec1-9f15b5480b27: start FollowerState
2019-10-21 23:46:24,599 [Thread-456] INFO  impl.FollowerState (FollowerState.java:run(117)) - 1360619e-ba1e-4bf9-aec1-9f15b5480b27@group-2FABE92B7E5B-FollowerState was interrupted: java.lang.InterruptedException: sleep interrupted
2019-10-21 23:46:24,614 [b88b3e43-5534-49b3-b3f2-a9f154b450de@group-2FABE92B7E5B-LeaderElection40] INFO  impl.LeaderElection (LeaderElection.java:logAndReturn(56)) - b88b3e43-5534-49b3-b3f2-a9f154b450de@group-2FABE92B7E5B-LeaderElection40: Election REJECTED; received 2 response(s) [b88b3e43-5534-49b3-b3f2-a9f154b450de<-c58a0a02-acd3-47c8-b3e9-5b8e0493de45#0:FAIL-t35, b88b3e43-5534-49b3-b3f2-a9f154b450de<-1360619e-ba1e-4bf9-aec1-9f15b5480b27#0:FAIL-t35] and 0 exception(s); b88b3e43-5534-49b3-b3f2-a9f154b450de@group-2FABE92B7E5B:t35, leader=null, voted=b88b3e43-5534-49b3-b3f2-a9f154b450de, raftlog=b88b3e43-5534-49b3-b3f2-a9f154b450de@group-2FABE92B7E5B-SegmentedRaftLog:OPENED:c-1,f-1,i0, conf=-1: [c58a0a02-acd3-47c8-b3e9-5b8e0493de45:192.168.157.254:33611, 1360619e-ba1e-4bf9-aec1-9f15b5480b27:192.168.157.254:45658, b88b3e43-5534-49b3-b3f2-a9f154b450de:192.168.157.254:46786], old=null
2019-10-21 23:46:24,614 [b88b3e43-5534-49b3-b3f2-a9f154b450de@group-2FABE92B7E5B-LeaderElection40] INFO  impl.RaftServerImpl (RaftServerImpl.java:setRole(184)) - b88b3e43-5534-49b3-b3f2-a9f154b450de@group-2FABE92B7E5B: changes role from CANDIDATE to FOLLOWER at term 35 for DISCOVERED_A_NEW_TERM
2019-10-21 23:46:24,614 [b88b3e43-5534-49b3-b3f2-a9f154b450de@group-2FABE92B7E5B-LeaderElection40] INFO  impl.RoleInfo (RoleInfo.java:shutdownLeaderElection(134)) - b88b3e43-5534-49b3-b3f2-a9f154b450de: shutdown LeaderElection
2019-10-21 23:46:24,615 [b88b3e43-5534-49b3-b3f2-a9f154b450de@group-2FABE92B7E5B-LeaderElection40] INFO  impl.RoleInfo (RoleInfo.java:updateAndGet(143)) - b88b3e43-5534-49b3-b3f2-a9f154b450de: start FollowerState
2019-10-21 23:46:24,737 [Thread-465] INFO  impl.FollowerState (FollowerState.java:run(108)) - b88b3e43-5534-49b3-b3f2-a9f154b450de@group-2FABE92B7E5B-FollowerState: change to CANDIDATE, lastRpcTime:122ms, electionTimeout:122ms
2019-10-21 23:46:24,742 [Thread-465] INFO  impl.RoleInfo (RoleInfo.java:shutdownFollowerState(121)) - b88b3e43-5534-49b3-b3f2-a9f154b450de: shutdown FollowerState
2019-10-21 23:46:24,742 [Thread-465] INFO  impl.RaftServerImpl (RaftServerImpl.java:setRole(184)) - b88b3e43-5534-49b3-b3f2-a9f154b450de@group-2FABE92B7E5B: changes role from  FOLLOWER to CANDIDATE at term 35 for changeToCandidate
2019-10-21 23:46:24,742 [Thread-465] INFO  impl.RoleInfo (RoleInfo.java:updateAndGet(143)) - b88b3e43-5534-49b3-b3f2-a9f154b450de: start LeaderElection
2019-10-21 23:46:24,756 [b88b3e43-5534-49b3-b3f2-a9f154b450de@group-2FABE92B7E5B-LeaderElection41] INFO  impl.LeaderElection (LeaderElection.java:askForVotes(178)) - b88b3e43-5534-49b3-b3f2-a9f154b450de@group-2FABE92B7E5B-LeaderElection41: begin an election at term 36 for -1: [c58a0a02-acd3-47c8-b3e9-5b8e0493de45:192.168.157.254:33611, 1360619e-ba1e-4bf9-aec1-9f15b5480b27:192.168.157.254:45658, b88b3e43-5534-49b3-b3f2-a9f154b450de:192.168.157.254:46786], old=null
2019-10-21 23:46:24,759 [grpc-default-executor-4] INFO  impl.RaftServerImpl (RaftServerImpl.java:setRole(184)) - c58a0a02-acd3-47c8-b3e9-5b8e0493de45@group-2FABE92B7E5B: changes role from  FOLLOWER to FOLLOWER at term 36 for recognizeCandidate:b88b3e43-5534-49b3-b3f2-a9f154b450de
2019-10-21 23:46:24,759 [grpc-default-executor-2] INFO  impl.RaftServerImpl (RaftServerImpl.java:setRole(184)) - 1360619e-ba1e-4bf9-aec1-9f15b5480b27@group-2FABE92B7E5B: changes role from  FOLLOWER to FOLLOWER at term 36 for recognizeCandidate:b88b3e43-5534-49b3-b3f2-a9f154b450de
2019-10-21 23:46:24,759 [grpc-default-executor-4] INFO  impl.RoleInfo (RoleInfo.java:shutdownFollowerState(121)) - c58a0a02-acd3-47c8-b3e9-5b8e0493de45: shutdown FollowerState
2019-10-21 23:46:24,759 [grpc-default-executor-2] INFO  impl.RoleInfo (RoleInfo.java:shutdownFollowerState(121)) - 1360619e-ba1e-4bf9-aec1-9f15b5480b27: shutdown FollowerState
2019-10-21 23:46:24,760 [grpc-default-executor-4] INFO  impl.RoleInfo (RoleInfo.java:updateAndGet(143)) - c58a0a02-acd3-47c8-b3e9-5b8e0493de45: start FollowerState
2019-10-21 23:46:24,760 [Thread-462] INFO  impl.FollowerState (FollowerState.java:run(117)) - c58a0a02-acd3-47c8-b3e9-5b8e0493de45@group-2FABE92B7E5B-FollowerState was interrupted: java.lang.InterruptedException: sleep interrupted
2019-10-21 23:46:24,760 [grpc-default-executor-2] INFO  impl.RoleInfo (RoleInfo.java:updateAndGet(143)) - 1360619e-ba1e-4bf9-aec1-9f15b5480b27: start FollowerState
2019-10-21 23:46:24,760 [Thread-463] INFO  impl.FollowerState (FollowerState.java:run(117)) - 1360619e-ba1e-4bf9-aec1-9f15b5480b27@group-2FABE92B7E5B-FollowerState was interrupted: java.lang.InterruptedException: sleep interrupted
2019-10-21 23:46:24,773 [b88b3e43-5534-49b3-b3f2-a9f154b450de@group-2FABE92B7E5B-LeaderElection41] INFO  impl.LeaderElection (LeaderElection.java:logAndReturn(56)) - b88b3e43-5534-49b3-b3f2-a9f154b450de@group-2FABE92B7E5B-LeaderElection41: Election REJECTED; received 2 response(s) [b88b3e43-5534-49b3-b3f2-a9f154b450de<-c58a0a02-acd3-47c8-b3e9-5b8e0493de45#0:FAIL-t36, b88b3e43-5534-49b3-b3f2-a9f154b450de<-1360619e-ba1e-4bf9-aec1-9f15b5480b27#0:FAIL-t36] and 0 exception(s); b88b3e43-5534-49b3-b3f2-a9f154b450de@group-2FABE92B7E5B:t36, leader=null, voted=b88b3e43-5534-49b3-b3f2-a9f154b450de, raftlog=b88b3e43-5534-49b3-b3f2-a9f154b450de@group-2FABE92B7E5B-SegmentedRaftLog:OPENED:c-1,f-1,i0, conf=-1: [c58a0a02-acd3-47c8-b3e9-5b8e0493de45:192.168.157.254:33611, 1360619e-ba1e-4bf9-aec1-9f15b5480b27:192.168.157.254:45658, b88b3e43-5534-49b3-b3f2-a9f154b450de:192.168.157.254:46786], old=null
2019-10-21 23:46:24,773 [b88b3e43-5534-49b3-b3f2-a9f154b450de@group-2FABE92B7E5B-LeaderElection41] INFO  impl.RaftServerImpl (RaftServerImpl.java:setRole(184)) - b88b3e43-5534-49b3-b3f2-a9f154b450de@group-2FABE92B7E5B: changes role from CANDIDATE to FOLLOWER at term 36 for DISCOVERED_A_NEW_TERM
2019-10-21 23:46:24,773 [b88b3e43-5534-49b3-b3f2-a9f154b450de@group-2FABE92B7E5B-LeaderElection41] INFO  impl.RoleInfo (RoleInfo.java:shutdownLeaderElection(134)) - b88b3e43-5534-49b3-b3f2-a9f154b450de: shutdown LeaderElection
2019-10-21 23:46:24,774 [b88b3e43-5534-49b3-b3f2-a9f154b450de@group-2FABE92B7E5B-LeaderElection41] INFO  impl.RoleInfo (RoleInfo.java:updateAndGet(143)) - b88b3e43-5534-49b3-b3f2-a9f154b450de: start FollowerState
2019-10-21 23:46:24,902 [Thread-472] INFO  impl.FollowerState (FollowerState.java:run(108)) - b88b3e43-5534-49b3-b3f2-a9f154b450de@group-2FABE92B7E5B-FollowerState: change to CANDIDATE, lastRpcTime:128ms, electionTimeout:128ms
2019-10-21 23:46:24,902 [Thread-472] INFO  impl.RoleInfo (RoleInfo.java:shutdownFollowerState(121)) - b88b3e43-5534-49b3-b3f2-a9f154b450de: shutdown FollowerState
2019-10-21 23:46:24,902 [Thread-472] INFO  impl.RaftServerImpl (RaftServerImpl.java:setRole(184)) - b88b3e43-5534-49b3-b3f2-a9f154b450de@group-2FABE92B7E5B: changes role from  FOLLOWER to CANDIDATE at term 36 for changeToCandidate
2019-10-21 23:46:24,903 [Thread-472] INFO  impl.RoleInfo (RoleInfo.java:updateAndGet(143)) - b88b3e43-5534-49b3-b3f2-a9f154b450de: start LeaderElection
2019-10-21 23:46:24,917 [b88b3e43-5534-49b3-b3f2-a9f154b450de@group-2FABE92B7E5B-LeaderElection42] INFO  impl.LeaderElection (LeaderElection.java:askForVotes(178)) - b88b3e43-5534-49b3-b3f2-a9f154b450de@group-2FABE92B7E5B-LeaderElection42: begin an election at term 37 for -1: [c58a0a02-acd3-47c8-b3e9-5b8e0493de45:192.168.157.254:33611, 1360619e-ba1e-4bf9-aec1-9f15b5480b27:192.168.157.254:45658, b88b3e43-5534-49b3-b3f2-a9f154b450de:192.168.157.254:46786], old=null
2019-10-21 23:46:24,920 [grpc-default-executor-4] INFO  impl.RaftServerImpl (RaftServerImpl.java:setRole(184)) - 1360619e-ba1e-4bf9-aec1-9f15b5480b27@group-2FABE92B7E5B: changes role from  FOLLOWER to FOLLOWER at term 37 for recognizeCandidate:b88b3e43-5534-49b3-b3f2-a9f154b450de
2019-10-21 23:46:24,920 [grpc-default-executor-4] INFO  impl.RoleInfo (RoleInfo.java:shutdownFollowerState(121)) - 1360619e-ba1e-4bf9-aec1-9f15b5480b27: shutdown FollowerState
2019-10-21 23:46:24,920 [grpc-default-executor-2] INFO  impl.RaftServerImpl (RaftServerImpl.java:setRole(184)) - c58a0a02-acd3-47c8-b3e9-5b8e0493de45@group-2FABE92B7E5B: changes role from  FOLLOWER to FOLLOWER at term 37 for recognizeCandidate:b88b3e43-5534-49b3-b3f2-a9f154b450de
2019-10-21 23:46:24,921 [grpc-default-executor-4] INFO  impl.RoleInfo (RoleInfo.java:updateAndGet(143)) - 1360619e-ba1e-4bf9-aec1-9f15b5480b27: start FollowerState
2019-10-21 23:46:24,921 [Thread-471] INFO  impl.FollowerState (FollowerState.java:run(117)) - 1360619e-ba1e-4bf9-aec1-9f15b5480b27@group-2FABE92B7E5B-FollowerState was interrupted: java.lang.InterruptedException: sleep interrupted
2019-10-21 23:46:24,921 [grpc-default-executor-2] INFO  impl.RoleInfo (RoleInfo.java:shutdownFollowerState(121)) - c58a0a02-acd3-47c8-b3e9-5b8e0493de45: shutdown FollowerState
2019-10-21 23:46:24,921 [grpc-default-executor-2] INFO  impl.RoleInfo (RoleInfo.java:updateAndGet(143)) - c58a0a02-acd3-47c8-b3e9-5b8e0493de45: start FollowerState
2019-10-21 23:46:24,921 [Thread-470] INFO  impl.FollowerState (FollowerState.java:run(117)) - c58a0a02-acd3-47c8-b3e9-5b8e0493de45@group-2FABE92B7E5B-FollowerState was interrupted: java.lang.InterruptedException: sleep interrupted
2019-10-21 23:46:24,926 [b88b3e43-5534-49b3-b3f2-a9f154b450de@group-2FABE92B7E5B-LeaderElection42] INFO  impl.LeaderElection (LeaderElection.java:logAndReturn(56)) - b88b3e43-5534-49b3-b3f2-a9f154b450de@group-2FABE92B7E5B-LeaderElection42: Election TIMEOUT; received 0 response(s) [] and 0 exception(s); b88b3e43-5534-49b3-b3f2-a9f154b450de@group-2FABE92B7E5B:t37, leader=null, voted=b88b3e43-5534-49b3-b3f2-a9f154b450de, raftlog=b88b3e43-5534-49b3-b3f2-a9f154b450de@group-2FABE92B7E5B-SegmentedRaftLog:OPENED:c-1,f-1,i0, conf=-1: [c58a0a02-acd3-47c8-b3e9-5b8e0493de45:192.168.157.254:33611, 1360619e-ba1e-4bf9-aec1-9f15b5480b27:192.168.157.254:45658, b88b3e43-5534-49b3-b3f2-a9f154b450de:192.168.157.254:46786], old=null
2019-10-21 23:46:24,935 [b88b3e43-5534-49b3-b3f2-a9f154b450de@group-2FABE92B7E5B-LeaderElection42] INFO  impl.LeaderElection (LeaderElection.java:askForVotes(178)) - b88b3e43-5534-49b3-b3f2-a9f154b450de@group-2FABE92B7E5B-LeaderElection42: begin an election at term 38 for -1: [c58a0a02-acd3-47c8-b3e9-5b8e0493de45:192.168.157.254:33611, 1360619e-ba1e-4bf9-aec1-9f15b5480b27:192.168.157.254:45658, b88b3e43-5534-49b3-b3f2-a9f154b450de:192.168.157.254:46786], old=null
2019-10-21 23:46:24,937 [grpc-default-executor-4] INFO  impl.RaftServerImpl (RaftServerImpl.java:setRole(184)) - 1360619e-ba1e-4bf9-aec1-9f15b5480b27@group-2FABE92B7E5B: changes role from  FOLLOWER to FOLLOWER at term 38 for recognizeCandidate:b88b3e43-5534-49b3-b3f2-a9f154b450de
2019-10-21 23:46:24,937 [grpc-default-executor-2] INFO  impl.RaftServerImpl (RaftServerImpl.java:setRole(184)) - c58a0a02-acd3-47c8-b3e9-5b8e0493de45@group-2FABE92B7E5B: changes role from  FOLLOWER to FOLLOWER at term 38 for recognizeCandidate:b88b3e43-5534-49b3-b3f2-a9f154b450de
2019-10-21 23:46:24,937 [grpc-default-executor-4] INFO  impl.RoleInfo (RoleInfo.java:shutdownFollowerState(121)) - 1360619e-ba1e-4bf9-aec1-9f15b5480b27: shutdown FollowerState
2019-10-21 23:46:24,937 [grpc-default-executor-2] INFO  impl.RoleInfo (RoleInfo.java:shutdownFollowerState(121)) - c58a0a02-acd3-47c8-b3e9-5b8e0493de45: shutdown FollowerState
2019-10-21 23:46:24,937 [Thread-476] INFO  impl.FollowerState (FollowerState.java:run(117)) - 1360619e-ba1e-4bf9-aec1-9f15b5480b27@group-2FABE92B7E5B-FollowerState was interrupted: java.lang.InterruptedException: sleep interrupted
2019-10-21 23:46:24,937 [grpc-default-executor-4] INFO  impl.RoleInfo (RoleInfo.java:updateAndGet(143)) - 1360619e-ba1e-4bf9-aec1-9f15b5480b27: start FollowerState
2019-10-21 23:46:24,938 [Thread-477] INFO  impl.FollowerState (FollowerState.java:run(117)) - c58a0a02-acd3-47c8-b3e9-5b8e0493de45@group-2FABE92B7E5B-FollowerState was interrupted: java.lang.InterruptedException: sleep interrupted
2019-10-21 23:46:24,938 [grpc-default-executor-2] INFO  impl.RoleInfo (RoleInfo.java:updateAndGet(143)) - c58a0a02-acd3-47c8-b3e9-5b8e0493de45: start FollowerState
2019-10-21 23:46:24,953 [b88b3e43-5534-49b3-b3f2-a9f154b450de@group-2FABE92B7E5B-LeaderElection42] INFO  impl.LeaderElection (LeaderElection.java:logAndReturn(56)) - b88b3e43-5534-49b3-b3f2-a9f154b450de@group-2FABE92B7E5B-LeaderElection42: Election REJECTED; received 2 response(s) [b88b3e43-5534-49b3-b3f2-a9f154b450de<-c58a0a02-acd3-47c8-b3e9-5b8e0493de45#0:FAIL-t38, b88b3e43-5534-49b3-b3f2-a9f154b450de<-1360619e-ba1e-4bf9-aec1-9f15b5480b27#0:FAIL-t38] and 0 exception(s); b88b3e43-5534-49b3-b3f2-a9f154b450de@group-2FABE92B7E5B:t38, leader=null, voted=b88b3e43-5534-49b3-b3f2-a9f154b450de, raftlog=b88b3e43-5534-49b3-b3f2-a9f154b450de@group-2FABE92B7E5B-SegmentedRaftLog:OPENED:c-1,f-1,i0, conf=-1: [c58a0a02-acd3-47c8-b3e9-5b8e0493de45:192.168.157.254:33611, 1360619e-ba1e-4bf9-aec1-9f15b5480b27:192.168.157.254:45658, b88b3e43-5534-49b3-b3f2-a9f154b450de:192.168.157.254:46786], old=null
2019-10-21 23:46:24,953 [b88b3e43-5534-49b3-b3f2-a9f154b450de@group-2FABE92B7E5B-LeaderElection42] INFO  impl.RaftServerImpl (RaftServerImpl.java:setRole(184)) - b88b3e43-5534-49b3-b3f2-a9f154b450de@group-2FABE92B7E5B: changes role from CANDIDATE to FOLLOWER at term 38 for DISCOVERED_A_NEW_TERM
2019-10-21 23:46:24,953 [b88b3e43-5534-49b3-b3f2-a9f154b450de@group-2FABE92B7E5B-LeaderElection42] INFO  impl.RoleInfo (RoleInfo.java:shutdownLeaderElection(134)) - b88b3e43-5534-49b3-b3f2-a9f154b450de: shutdown LeaderElection
2019-10-21 23:46:24,954 [b88b3e43-5534-49b3-b3f2-a9f154b450de@group-2FABE92B7E5B-LeaderElection42] INFO  impl.RoleInfo (RoleInfo.java:updateAndGet(143)) - b88b3e43-5534-49b3-b3f2-a9f154b450de: start FollowerState
2019-10-21 23:46:25,100 [Thread-482] INFO  impl.FollowerState (FollowerState.java:run(108)) - b88b3e43-5534-49b3-b3f2-a9f154b450de@group-2FABE92B7E5B-FollowerState: change to CANDIDATE, lastRpcTime:146ms, electionTimeout:146ms
2019-10-21 23:46:25,100 [Thread-482] INFO  impl.RoleInfo (RoleInfo.java:shutdownFollowerState(121)) - b88b3e43-5534-49b3-b3f2-a9f154b450de: shutdown FollowerState
2019-10-21 23:46:25,100 [Thread-482] INFO  impl.RaftServerImpl (RaftServerImpl.java:setRole(184)) - b88b3e43-5534-49b3-b3f2-a9f154b450de@group-2FABE92B7E5B: changes role from  FOLLOWER to CANDIDATE at term 38 for changeToCandidate
2019-10-21 23:46:25,101 [Thread-482] INFO  impl.RoleInfo (RoleInfo.java:updateAndGet(143)) - b88b3e43-5534-49b3-b3f2-a9f154b450de: start LeaderElection
2019-10-21 23:46:25,114 [b88b3e43-5534-49b3-b3f2-a9f154b450de@group-2FABE92B7E5B-LeaderElection43] INFO  impl.LeaderElection (LeaderElection.java:askForVotes(178)) - b88b3e43-5534-49b3-b3f2-a9f154b450de@group-2FABE92B7E5B-LeaderElection43: begin an election at term 39 for -1: [c58a0a02-acd3-47c8-b3e9-5b8e0493de45:192.168.157.254:33611, 1360619e-ba1e-4bf9-aec1-9f15b5480b27:192.168.157.254:45658, b88b3e43-5534-49b3-b3f2-a9f154b450de:192.168.157.254:46786], old=null
2019-10-21 23:46:25,118 [grpc-default-executor-2] INFO  impl.RaftServerImpl (RaftServerImpl.java:setRole(184)) - 1360619e-ba1e-4bf9-aec1-9f15b5480b27@group-2FABE92B7E5B: changes role from  FOLLOWER to FOLLOWER at term 39 for recognizeCandidate:b88b3e43-5534-49b3-b3f2-a9f154b450de
2019-10-21 23:46:25,118 [grpc-default-executor-2] INFO  impl.RoleInfo (RoleInfo.java:shutdownFollowerState(121)) - 1360619e-ba1e-4bf9-aec1-9f15b5480b27: shutdown FollowerState
2019-10-21 23:46:25,118 [grpc-default-executor-4] INFO  impl.RaftServerImpl (RaftServerImpl.java:setRole(184)) - c58a0a02-acd3-47c8-b3e9-5b8e0493de45@group-2FABE92B7E5B: changes role from  FOLLOWER to FOLLOWER at term 39 for recognizeCandidate:b88b3e43-5534-49b3-b3f2-a9f154b450de
2019-10-21 23:46:25,118 [Thread-480] INFO  impl.FollowerState (FollowerState.java:run(117)) - 1360619e-ba1e-4bf9-aec1-9f15b5480b27@group-2FABE92B7E5B-FollowerState was interrupted: java.lang.InterruptedException: sleep interrupted
2019-10-21 23:46:25,118 [grpc-default-executor-4] INFO  impl.RoleInfo (RoleInfo.java:shutdownFollowerState(121)) - c58a0a02-acd3-47c8-b3e9-5b8e0493de45: shutdown FollowerState
2019-10-21 23:46:25,118 [grpc-default-executor-2] INFO  impl.RoleInfo (RoleInfo.java:updateAndGet(143)) - 1360619e-ba1e-4bf9-aec1-9f15b5480b27: start FollowerState
2019-10-21 23:46:25,119 [Thread-481] INFO  impl.FollowerState (FollowerState.java:run(117)) - c58a0a02-acd3-47c8-b3e9-5b8e0493de45@group-2FABE92B7E5B-FollowerState was interrupted: java.lang.InterruptedException: sleep interrupted
2019-10-21 23:46:25,118 [grpc-default-executor-4] INFO  impl.RoleInfo (RoleInfo.java:updateAndGet(143)) - c58a0a02-acd3-47c8-b3e9-5b8e0493de45: start FollowerState
2019-10-21 23:46:25,134 [b88b3e43-5534-49b3-b3f2-a9f154b450de@group-2FABE92B7E5B-LeaderElection43] INFO  impl.LeaderElection (LeaderElection.java:logAndReturn(56)) - b88b3e43-5534-49b3-b3f2-a9f154b450de@group-2FABE92B7E5B-LeaderElection43: Election REJECTED; received 2 response(s) [b88b3e43-5534-49b3-b3f2-a9f154b450de<-c58a0a02-acd3-47c8-b3e9-5b8e0493de45#0:FAIL-t39, b88b3e43-5534-49b3-b3f2-a9f154b450de<-1360619e-ba1e-4bf9-aec1-9f15b5480b27#0:FAIL-t39] and 0 exception(s); b88b3e43-5534-49b3-b3f2-a9f154b450de@group-2FABE92B7E5B:t39, leader=null, voted=b88b3e43-5534-49b3-b3f2-a9f154b450de, raftlog=b88b3e43-5534-49b3-b3f2-a9f154b450de@group-2FABE92B7E5B-SegmentedRaftLog:OPENED:c-1,f-1,i0, conf=-1: [c58a0a02-acd3-47c8-b3e9-5b8e0493de45:192.168.157.254:33611, 1360619e-ba1e-4bf9-aec1-9f15b5480b27:192.168.157.254:45658, b88b3e43-5534-49b3-b3f2-a9f154b450de:192.168.157.254:46786], old=null
2019-10-21 23:46:25,134 [b88b3e43-5534-49b3-b3f2-a9f154b450de@group-2FABE92B7E5B-LeaderElection43] INFO  impl.RaftServerImpl (RaftServerImpl.java:setRole(184)) - b88b3e43-5534-49b3-b3f2-a9f154b450de@group-2FABE92B7E5B: changes role from CANDIDATE to FOLLOWER at term 39 for DISCOVERED_A_NEW_TERM
2019-10-21 23:46:25,134 [b88b3e43-5534-49b3-b3f2-a9f154b450de@group-2FABE92B7E5B-LeaderElection43] INFO  impl.RoleInfo (RoleInfo.java:shutdownLeaderElection(134)) - b88b3e43-5534-49b3-b3f2-a9f154b450de: shutdown LeaderElection
2019-10-21 23:46:25,134 [b88b3e43-5534-49b3-b3f2-a9f154b450de@group-2FABE92B7E5B-LeaderElection43] INFO  impl.RoleInfo (RoleInfo.java:updateAndGet(143)) - b88b3e43-5534-49b3-b3f2-a9f154b450de: start FollowerState
2019-10-21 23:46:25,154 [Thread-488] INFO  impl.FollowerState (FollowerState.java:run(108)) - b88b3e43-5534-49b3-b3f2-a9f154b450de@group-2FABE92B7E5B-FollowerState: change to CANDIDATE, lastRpcTime:19ms, electionTimeout:18ms
2019-10-21 23:46:25,154 [Thread-488] INFO  impl.RoleInfo (RoleInfo.java:shutdownFollowerState(121)) - b88b3e43-5534-49b3-b3f2-a9f154b450de: shutdown FollowerState
2019-10-21 23:46:25,154 [Thread-488] INFO  impl.RaftServerImpl (RaftServerImpl.java:setRole(184)) - b88b3e43-5534-49b3-b3f2-a9f154b450de@group-2FABE92B7E5B: changes role from  FOLLOWER to CANDIDATE at term 39 for changeToCandidate
2019-10-21 23:46:25,154 [Thread-488] INFO  impl.RoleInfo (RoleInfo.java:updateAndGet(143)) - b88b3e43-5534-49b3-b3f2-a9f154b450de: start LeaderElection
2019-10-21 23:46:25,168 [b88b3e43-5534-49b3-b3f2-a9f154b450de@group-2FABE92B7E5B-LeaderElection44] INFO  impl.LeaderElection (LeaderElection.java:askForVotes(178)) - b88b3e43-5534-49b3-b3f2-a9f154b450de@group-2FABE92B7E5B-LeaderElection44: begin an election at term 40 for -1: [c58a0a02-acd3-47c8-b3e9-5b8e0493de45:192.168.157.254:33611, 1360619e-ba1e-4bf9-aec1-9f15b5480b27:192.168.157.254:45658, b88b3e43-5534-49b3-b3f2-a9f154b450de:192.168.157.254:46786], old=null
2019-10-21 23:46:25,171 [grpc-default-executor-2] INFO  impl.RaftServerImpl (RaftServerImpl.java:setRole(184)) - 1360619e-ba1e-4bf9-aec1-9f15b5480b27@group-2FABE92B7E5B: changes role from  FOLLOWER to FOLLOWER at term 40 for recognizeCandidate:b88b3e43-5534-49b3-b3f2-a9f154b450de
2019-10-21 23:46:25,171 [grpc-default-executor-4] INFO  impl.RaftServerImpl (RaftServerImpl.java:setRole(184)) - c58a0a02-acd3-47c8-b3e9-5b8e0493de45@group-2FABE92B7E5B: changes role from  FOLLOWER to FOLLOWER at term 40 for recognizeCandidate:b88b3e43-5534-49b3-b3f2-a9f154b450de
2019-10-21 23:46:25,171 [grpc-default-executor-2] INFO  impl.RoleInfo (RoleInfo.java:shutdownFollowerState(121)) - 1360619e-ba1e-4bf9-aec1-9f15b5480b27: shutdown FollowerState
2019-10-21 23:46:25,171 [grpc-default-executor-4] INFO  impl.RoleInfo (RoleInfo.java:shutdownFollowerState(121)) - c58a0a02-acd3-47c8-b3e9-5b8e0493de45: shutdown FollowerState
2019-10-21 23:46:25,171 [Thread-486] INFO  impl.FollowerState (FollowerState.java:run(117)) - 1360619e-ba1e-4bf9-aec1-9f15b5480b27@group-2FABE92B7E5B-FollowerState was interrupted: java.lang.InterruptedException: sleep interrupted
2019-10-21 23:46:25,171 [grpc-default-executor-2] INFO  impl.RoleInfo (RoleInfo.java:updateAndGet(143)) - 1360619e-ba1e-4bf9-aec1-9f15b5480b27: start FollowerState
2019-10-21 23:46:25,172 [Thread-487] INFO  impl.FollowerState (FollowerState.java:run(117)) - c58a0a02-acd3-47c8-b3e9-5b8e0493de45@group-2FABE92B7E5B-FollowerState was interrupted: java.lang.InterruptedException: sleep interrupted
2019-10-21 23:46:25,172 [grpc-default-executor-4] INFO  impl.RoleInfo (RoleInfo.java:updateAndGet(143)) - c58a0a02-acd3-47c8-b3e9-5b8e0493de45: start FollowerState
2019-10-21 23:46:25,187 [b88b3e43-5534-49b3-b3f2-a9f154b450de@group-2FABE92B7E5B-LeaderElection44] INFO  impl.LeaderElection (LeaderElection.java:logAndReturn(56)) - b88b3e43-5534-49b3-b3f2-a9f154b450de@group-2FABE92B7E5B-LeaderElection44: Election REJECTED; received 2 response(s) [b88b3e43-5534-49b3-b3f2-a9f154b450de<-c58a0a02-acd3-47c8-b3e9-5b8e0493de45#0:FAIL-t40, b88b3e43-5534-49b3-b3f2-a9f154b450de<-1360619e-ba1e-4bf9-aec1-9f15b5480b27#0:FAIL-t40] and 0 exception(s); b88b3e43-5534-49b3-b3f2-a9f154b450de@group-2FABE92B7E5B:t40, leader=null, voted=b88b3e43-5534-49b3-b3f2-a9f154b450de, raftlog=b88b3e43-5534-49b3-b3f2-a9f154b450de@group-2FABE92B7E5B-SegmentedRaftLog:OPENED:c-1,f-1,i0, conf=-1: [c58a0a02-acd3-47c8-b3e9-5b8e0493de45:192.168.157.254:33611, 1360619e-ba1e-4bf9-aec1-9f15b5480b27:192.168.157.254:45658, b88b3e43-5534-49b3-b3f2-a9f154b450de:192.168.157.254:46786], old=null
2019-10-21 23:46:25,188 [b88b3e43-5534-49b3-b3f2-a9f154b450de@group-2FABE92B7E5B-LeaderElection44] INFO  impl.RaftServerImpl (RaftServerImpl.java:setRole(184)) - b88b3e43-5534-49b3-b3f2-a9f154b450de@group-2FABE92B7E5B: changes role from CANDIDATE to FOLLOWER at term 40 for DISCOVERED_A_NEW_TERM
2019-10-21 23:46:25,188 [b88b3e43-5534-49b3-b3f2-a9f154b450de@group-2FABE92B7E5B-LeaderElection44] INFO  impl.RoleInfo (RoleInfo.java:shutdownLeaderElection(134)) - b88b3e43-5534-49b3-b3f2-a9f154b450de: shutdown LeaderElection
2019-10-21 23:46:25,188 [b88b3e43-5534-49b3-b3f2-a9f154b450de@group-2FABE92B7E5B-LeaderElection44] INFO  impl.RoleInfo (RoleInfo.java:updateAndGet(143)) - b88b3e43-5534-49b3-b3f2-a9f154b450de: start FollowerState
2019-10-21 23:46:25,208 [Thread-494] INFO  impl.FollowerState (FollowerState.java:run(108)) - b88b3e43-5534-49b3-b3f2-a9f154b450de@group-2FABE92B7E5B-FollowerState: change to CANDIDATE, lastRpcTime:20ms, electionTimeout:20ms
2019-10-21 23:46:25,208 [Thread-494] INFO  impl.RoleInfo (RoleInfo.java:shutdownFollowerState(121)) - b88b3e43-5534-49b3-b3f2-a9f154b450de: shutdown FollowerState
2019-10-21 23:46:25,208 [Thread-494] INFO  impl.RaftServerImpl (RaftServerImpl.java:setRole(184)) - b88b3e43-5534-49b3-b3f2-a9f154b450de@group-2FABE92B7E5B: changes role from  FOLLOWER to CANDIDATE at term 40 for changeToCandidate
2019-10-21 23:46:25,208 [Thread-494] INFO  impl.RoleInfo (RoleInfo.java:updateAndGet(143)) - b88b3e43-5534-49b3-b3f2-a9f154b450de: start LeaderElection
2019-10-21 23:46:25,222 [b88b3e43-5534-49b3-b3f2-a9f154b450de@group-2FABE92B7E5B-LeaderElection45] INFO  impl.LeaderElection (LeaderElection.java:askForVotes(178)) - b88b3e43-5534-49b3-b3f2-a9f154b450de@group-2FABE92B7E5B-LeaderElection45: begin an election at term 41 for -1: [c58a0a02-acd3-47c8-b3e9-5b8e0493de45:192.168.157.254:33611, 1360619e-ba1e-4bf9-aec1-9f15b5480b27:192.168.157.254:45658, b88b3e43-5534-49b3-b3f2-a9f154b450de:192.168.157.254:46786], old=null
2019-10-21 23:46:25,225 [grpc-default-executor-4] INFO  impl.RaftServerImpl (RaftServerImpl.java:setRole(184)) - 1360619e-ba1e-4bf9-aec1-9f15b5480b27@group-2FABE92B7E5B: changes role from  FOLLOWER to FOLLOWER at term 41 for recognizeCandidate:b88b3e43-5534-49b3-b3f2-a9f154b450de
2019-10-21 23:46:25,225 [grpc-default-executor-4] INFO  impl.RoleInfo (RoleInfo.java:shutdownFollowerState(121)) - 1360619e-ba1e-4bf9-aec1-9f15b5480b27: shutdown FollowerState
2019-10-21 23:46:25,225 [grpc-default-executor-2] INFO  impl.RaftServerImpl (RaftServerImpl.java:setRole(184)) - c58a0a02-acd3-47c8-b3e9-5b8e0493de45@group-2FABE92B7E5B: changes role from  FOLLOWER to FOLLOWER at term 41 for recognizeCandidate:b88b3e43-5534-49b3-b3f2-a9f154b450de
2019-10-21 23:46:25,225 [Thread-492] INFO  impl.FollowerState (FollowerState.java:run(117)) - 1360619e-ba1e-4bf9-aec1-9f15b5480b27@group-2FABE92B7E5B-FollowerState was interrupted: java.lang.InterruptedException: sleep interrupted
2019-10-21 23:46:25,225 [grpc-default-executor-4] INFO  impl.RoleInfo (RoleInfo.java:updateAndGet(143)) - 1360619e-ba1e-4bf9-aec1-9f15b5480b27: start FollowerState
2019-10-21 23:46:25,225 [grpc-default-executor-2] INFO  impl.RoleInfo (RoleInfo.java:shutdownFollowerState(121)) - c58a0a02-acd3-47c8-b3e9-5b8e0493de45: shutdown FollowerState
2019-10-21 23:46:25,226 [Thread-493] INFO  impl.FollowerState (FollowerState.java:run(117)) - c58a0a02-acd3-47c8-b3e9-5b8e0493de45@group-2FABE92B7E5B-FollowerState was interrupted: java.lang.InterruptedException: sleep interrupted
2019-10-21 23:46:25,226 [grpc-default-executor-2] INFO  impl.RoleInfo (RoleInfo.java:updateAndGet(143)) - c58a0a02-acd3-47c8-b3e9-5b8e0493de45: start FollowerState
2019-10-21 23:46:25,252 [b88b3e43-5534-49b3-b3f2-a9f154b450de@group-2FABE92B7E5B-LeaderElection45] INFO  impl.LeaderElection (LeaderElection.java:logAndReturn(56)) - b88b3e43-5534-49b3-b3f2-a9f154b450de@group-2FABE92B7E5B-LeaderElection45: Election REJECTED; received 2 response(s) [b88b3e43-5534-49b3-b3f2-a9f154b450de<-c58a0a02-acd3-47c8-b3e9-5b8e0493de45#0:FAIL-t41, b88b3e43-5534-49b3-b3f2-a9f154b450de<-1360619e-ba1e-4bf9-aec1-9f15b5480b27#0:FAIL-t41] and 0 exception(s); b88b3e43-5534-49b3-b3f2-a9f154b450de@group-2FABE92B7E5B:t41, leader=null, voted=b88b3e43-5534-49b3-b3f2-a9f154b450de, raftlog=b88b3e43-5534-49b3-b3f2-a9f154b450de@group-2FABE92B7E5B-SegmentedRaftLog:OPENED:c-1,f-1,i0, conf=-1: [c58a0a02-acd3-47c8-b3e9-5b8e0493de45:192.168.157.254:33611, 1360619e-ba1e-4bf9-aec1-9f15b5480b27:192.168.157.254:45658, b88b3e43-5534-49b3-b3f2-a9f154b450de:192.168.157.254:46786], old=null
2019-10-21 23:46:25,253 [b88b3e43-5534-49b3-b3f2-a9f154b450de@group-2FABE92B7E5B-LeaderElection45] INFO  impl.RaftServerImpl (RaftServerImpl.java:setRole(184)) - b88b3e43-5534-49b3-b3f2-a9f154b450de@group-2FABE92B7E5B: changes role from CANDIDATE to FOLLOWER at term 41 for DISCOVERED_A_NEW_TERM
2019-10-21 23:46:25,253 [b88b3e43-5534-49b3-b3f2-a9f154b450de@group-2FABE92B7E5B-LeaderElection45] INFO  impl.RoleInfo (RoleInfo.java:shutdownLeaderElection(134)) - b88b3e43-5534-49b3-b3f2-a9f154b450de: shutdown LeaderElection
2019-10-21 23:46:25,253 [b88b3e43-5534-49b3-b3f2-a9f154b450de@group-2FABE92B7E5B-LeaderElection45] INFO  impl.RoleInfo (RoleInfo.java:updateAndGet(143)) - b88b3e43-5534-49b3-b3f2-a9f154b450de: start FollowerState
2019-10-21 23:46:25,380 [Thread-500] INFO  impl.FollowerState (FollowerState.java:run(108)) - b88b3e43-5534-49b3-b3f2-a9f154b450de@group-2FABE92B7E5B-FollowerState: change to CANDIDATE, lastRpcTime:127ms, electionTimeout:127ms
2019-10-21 23:46:25,380 [Thread-500] INFO  impl.RoleInfo (RoleInfo.java:shutdownFollowerState(121)) - b88b3e43-5534-49b3-b3f2-a9f154b450de: shutdown FollowerState
2019-10-21 23:46:25,381 [Thread-500] INFO  impl.RaftServerImpl (RaftServerImpl.java:setRole(184)) - b88b3e43-5534-49b3-b3f2-a9f154b450de@group-2FABE92B7E5B: changes role from  FOLLOWER to CANDIDATE at term 41 for changeToCandidate
2019-10-21 23:46:25,381 [Thread-500] INFO  impl.RoleInfo (RoleInfo.java:updateAndGet(143)) - b88b3e43-5534-49b3-b3f2-a9f154b450de: start LeaderElection
2019-10-21 23:46:25,403 [b88b3e43-5534-49b3-b3f2-a9f154b450de@group-2FABE92B7E5B-LeaderElection46] INFO  impl.LeaderElection (LeaderElection.java:askForVotes(178)) - b88b3e43-5534-49b3-b3f2-a9f154b450de@group-2FABE92B7E5B-LeaderElection46: begin an election at term 42 for -1: [c58a0a02-acd3-47c8-b3e9-5b8e0493de45:192.168.157.254:33611, 1360619e-ba1e-4bf9-aec1-9f15b5480b27:192.168.157.254:45658, b88b3e43-5534-49b3-b3f2-a9f154b450de:192.168.157.254:46786], old=null
2019-10-21 23:46:25,407 [grpc-default-executor-4] INFO  impl.RaftServerImpl (RaftServerImpl.java:setRole(184)) - c58a0a02-acd3-47c8-b3e9-5b8e0493de45@group-2FABE92B7E5B: changes role from  FOLLOWER to FOLLOWER at term 42 for recognizeCandidate:b88b3e43-5534-49b3-b3f2-a9f154b450de
2019-10-21 23:46:25,407 [grpc-default-executor-4] INFO  impl.RoleInfo (RoleInfo.java:shutdownFollowerState(121)) - c58a0a02-acd3-47c8-b3e9-5b8e0493de45: shutdown FollowerState
2019-10-21 23:46:25,407 [grpc-default-executor-4] INFO  impl.RoleInfo (RoleInfo.java:updateAndGet(143)) - c58a0a02-acd3-47c8-b3e9-5b8e0493de45: start FollowerState
2019-10-21 23:46:25,407 [Thread-499] INFO  impl.FollowerState (FollowerState.java:run(117)) - c58a0a02-acd3-47c8-b3e9-5b8e0493de45@group-2FABE92B7E5B-FollowerState was interrupted: java.lang.InterruptedException: sleep interrupted
2019-10-21 23:46:25,407 [grpc-default-executor-2] INFO  impl.RaftServerImpl (RaftServerImpl.java:setRole(184)) - 1360619e-ba1e-4bf9-aec1-9f15b5480b27@group-2FABE92B7E5B: changes role from  FOLLOWER to FOLLOWER at term 42 for recognizeCandidate:b88b3e43-5534-49b3-b3f2-a9f154b450de
2019-10-21 23:46:25,408 [grpc-default-executor-2] INFO  impl.RoleInfo (RoleInfo.java:shutdownFollowerState(121)) - 1360619e-ba1e-4bf9-aec1-9f15b5480b27: shutdown FollowerState
2019-10-21 23:46:25,408 [grpc-default-executor-2] INFO  impl.RoleInfo (RoleInfo.java:updateAndGet(143)) - 1360619e-ba1e-4bf9-aec1-9f15b5480b27: start FollowerState
2019-10-21 23:46:25,408 [Thread-498] INFO  impl.FollowerState (FollowerState.java:run(117)) - 1360619e-ba1e-4bf9-aec1-9f15b5480b27@group-2FABE92B7E5B-FollowerState was interrupted: java.lang.InterruptedException: sleep interrupted
2019-10-21 23:46:25,414 [b88b3e43-5534-49b3-b3f2-a9f154b450de@group-2FABE92B7E5B-LeaderElection46] INFO  impl.LeaderElection (LeaderElection.java:logAndReturn(56)) - b88b3e43-5534-49b3-b3f2-a9f154b450de@group-2FABE92B7E5B-LeaderElection46: Election REJECTED; received 2 response(s) [b88b3e43-5534-49b3-b3f2-a9f154b450de<-c58a0a02-acd3-47c8-b3e9-5b8e0493de45#0:FAIL-t42, b88b3e43-5534-49b3-b3f2-a9f154b450de<-1360619e-ba1e-4bf9-aec1-9f15b5480b27#0:FAIL-t42] and 0 exception(s); b88b3e43-5534-49b3-b3f2-a9f154b450de@group-2FABE92B7E5B:t42, leader=null, voted=b88b3e43-5534-49b3-b3f2-a9f154b450de, raftlog=b88b3e43-5534-49b3-b3f2-a9f154b450de@group-2FABE92B7E5B-SegmentedRaftLog:OPENED:c-1,f-1,i0, conf=-1: [c58a0a02-acd3-47c8-b3e9-5b8e0493de45:192.168.157.254:33611, 1360619e-ba1e-4bf9-aec1-9f15b5480b27:192.168.157.254:45658, b88b3e43-5534-49b3-b3f2-a9f154b450de:192.168.157.254:46786], old=null
2019-10-21 23:46:25,414 [b88b3e43-5534-49b3-b3f2-a9f154b450de@group-2FABE92B7E5B-LeaderElection46] INFO  impl.RaftServerImpl (RaftServerImpl.java:setRole(184)) - b88b3e43-5534-49b3-b3f2-a9f154b450de@group-2FABE92B7E5B: changes role from CANDIDATE to FOLLOWER at term 42 for DISCOVERED_A_NEW_TERM
2019-10-21 23:46:25,414 [b88b3e43-5534-49b3-b3f2-a9f154b450de@group-2FABE92B7E5B-LeaderElection46] INFO  impl.RoleInfo (RoleInfo.java:shutdownLeaderElection(134)) - b88b3e43-5534-49b3-b3f2-a9f154b450de: shutdown LeaderElection
2019-10-21 23:46:25,415 [b88b3e43-5534-49b3-b3f2-a9f154b450de@group-2FABE92B7E5B-LeaderElection46] INFO  impl.RoleInfo (RoleInfo.java:updateAndGet(143)) - b88b3e43-5534-49b3-b3f2-a9f154b450de: start FollowerState
2019-10-21 23:46:25,434 [Thread-506] INFO  impl.FollowerState (FollowerState.java:run(108)) - b88b3e43-5534-49b3-b3f2-a9f154b450de@group-2FABE92B7E5B-FollowerState: change to CANDIDATE, lastRpcTime:19ms, electionTimeout:19ms
2019-10-21 23:46:25,434 [Thread-506] INFO  impl.RoleInfo (RoleInfo.java:shutdownFollowerState(121)) - b88b3e43-5534-49b3-b3f2-a9f154b450de: shutdown FollowerState
2019-10-21 23:46:25,434 [Thread-506] INFO  impl.RaftServerImpl (RaftServerImpl.java:setRole(184)) - b88b3e43-5534-49b3-b3f2-a9f154b450de@group-2FABE92B7E5B: changes role from  FOLLOWER to CANDIDATE at term 42 for changeToCandidate
2019-10-21 23:46:25,434 [Thread-506] INFO  impl.RoleInfo (RoleInfo.java:updateAndGet(143)) - b88b3e43-5534-49b3-b3f2-a9f154b450de: start LeaderElection
2019-10-21 23:46:25,439 [b88b3e43-5534-49b3-b3f2-a9f154b450de@group-2FABE92B7E5B-LeaderElection47] INFO  impl.LeaderElection (LeaderElection.java:askForVotes(178)) - b88b3e43-5534-49b3-b3f2-a9f154b450de@group-2FABE92B7E5B-LeaderElection47: begin an election at term 43 for -1: [c58a0a02-acd3-47c8-b3e9-5b8e0493de45:192.168.157.254:33611, 1360619e-ba1e-4bf9-aec1-9f15b5480b27:192.168.157.254:45658, b88b3e43-5534-49b3-b3f2-a9f154b450de:192.168.157.254:46786], old=null
2019-10-21 23:46:25,441 [grpc-default-executor-2] INFO  impl.RaftServerImpl (RaftServerImpl.java:setRole(184)) - c58a0a02-acd3-47c8-b3e9-5b8e0493de45@group-2FABE92B7E5B: changes role from  FOLLOWER to FOLLOWER at term 43 for recognizeCandidate:b88b3e43-5534-49b3-b3f2-a9f154b450de
2019-10-21 23:46:25,441 [grpc-default-executor-2] INFO  impl.RoleInfo (RoleInfo.java:shutdownFollowerState(121)) - c58a0a02-acd3-47c8-b3e9-5b8e0493de45: shutdown FollowerState
2019-10-21 23:46:25,441 [grpc-default-executor-2] INFO  impl.RoleInfo (RoleInfo.java:updateAndGet(143)) - c58a0a02-acd3-47c8-b3e9-5b8e0493de45: start FollowerState
2019-10-21 23:46:25,441 [Thread-504] INFO  impl.FollowerState (FollowerState.java:run(117)) - c58a0a02-acd3-47c8-b3e9-5b8e0493de45@group-2FABE92B7E5B-FollowerState was interrupted: java.lang.InterruptedException: sleep interrupted
2019-10-21 23:46:25,442 [grpc-default-executor-4] INFO  impl.RaftServerImpl (RaftServerImpl.java:setRole(184)) - 1360619e-ba1e-4bf9-aec1-9f15b5480b27@group-2FABE92B7E5B: changes role from  FOLLOWER to FOLLOWER at term 43 for recognizeCandidate:b88b3e43-5534-49b3-b3f2-a9f154b450de
2019-10-21 23:46:25,442 [grpc-default-executor-4] INFO  impl.RoleInfo (RoleInfo.java:shutdownFollowerState(121)) - 1360619e-ba1e-4bf9-aec1-9f15b5480b27: shutdown FollowerState
2019-10-21 23:46:25,442 [grpc-default-executor-4] INFO  impl.RoleInfo (RoleInfo.java:updateAndGet(143)) - 1360619e-ba1e-4bf9-aec1-9f15b5480b27: start FollowerState
2019-10-21 23:46:25,443 [Thread-505] INFO  impl.FollowerState (FollowerState.java:run(117)) - 1360619e-ba1e-4bf9-aec1-9f15b5480b27@group-2FABE92B7E5B-FollowerState was interrupted: java.lang.InterruptedException: sleep interrupted
2019-10-21 23:46:25,449 [b88b3e43-5534-49b3-b3f2-a9f154b450de@group-2FABE92B7E5B-LeaderElection47] INFO  impl.LeaderElection (LeaderElection.java:logAndReturn(56)) - b88b3e43-5534-49b3-b3f2-a9f154b450de@group-2FABE92B7E5B-LeaderElection47: Election REJECTED; received 2 response(s) [b88b3e43-5534-49b3-b3f2-a9f154b450de<-c58a0a02-acd3-47c8-b3e9-5b8e0493de45#0:FAIL-t43, b88b3e43-5534-49b3-b3f2-a9f154b450de<-1360619e-ba1e-4bf9-aec1-9f15b5480b27#0:FAIL-t43] and 0 exception(s); b88b3e43-5534-49b3-b3f2-a9f154b450de@group-2FABE92B7E5B:t43, leader=null, voted=b88b3e43-5534-49b3-b3f2-a9f154b450de, raftlog=b88b3e43-5534-49b3-b3f2-a9f154b450de@group-2FABE92B7E5B-SegmentedRaftLog:OPENED:c-1,f-1,i0, conf=-1: [c58a0a02-acd3-47c8-b3e9-5b8e0493de45:192.168.157.254:33611, 1360619e-ba1e-4bf9-aec1-9f15b5480b27:192.168.157.254:45658, b88b3e43-5534-49b3-b3f2-a9f154b450de:192.168.157.254:46786], old=null
2019-10-21 23:46:25,450 [b88b3e43-5534-49b3-b3f2-a9f154b450de@group-2FABE92B7E5B-LeaderElection47] INFO  impl.RaftServerImpl (RaftServerImpl.java:setRole(184)) - b88b3e43-5534-49b3-b3f2-a9f154b450de@group-2FABE92B7E5B: changes role from CANDIDATE to FOLLOWER at term 43 for DISCOVERED_A_NEW_TERM
2019-10-21 23:46:25,450 [b88b3e43-5534-49b3-b3f2-a9f154b450de@group-2FABE92B7E5B-LeaderElection47] INFO  impl.RoleInfo (RoleInfo.java:shutdownLeaderElection(134)) - b88b3e43-5534-49b3-b3f2-a9f154b450de: shutdown LeaderElection
2019-10-21 23:46:25,450 [b88b3e43-5534-49b3-b3f2-a9f154b450de@group-2FABE92B7E5B-LeaderElection47] INFO  impl.RoleInfo (RoleInfo.java:updateAndGet(143)) - b88b3e43-5534-49b3-b3f2-a9f154b450de: start FollowerState
2019-10-21 23:46:25,491 [Thread-512] INFO  impl.FollowerState (FollowerState.java:run(108)) - b88b3e43-5534-49b3-b3f2-a9f154b450de@group-2FABE92B7E5B-FollowerState: change to CANDIDATE, lastRpcTime:40ms, electionTimeout:40ms
2019-10-21 23:46:25,491 [Thread-512] INFO  impl.RoleInfo (RoleInfo.java:shutdownFollowerState(121)) - b88b3e43-5534-49b3-b3f2-a9f154b450de: shutdown FollowerState
2019-10-21 23:46:25,491 [Thread-512] INFO  impl.RaftServerImpl (RaftServerImpl.java:setRole(184)) - b88b3e43-5534-49b3-b3f2-a9f154b450de@group-2FABE92B7E5B: changes role from  FOLLOWER to CANDIDATE at term 43 for changeToCandidate
2019-10-21 23:46:25,491 [Thread-512] INFO  impl.RoleInfo (RoleInfo.java:updateAndGet(143)) - b88b3e43-5534-49b3-b3f2-a9f154b450de: start LeaderElection
2019-10-21 23:46:25,495 [b88b3e43-5534-49b3-b3f2-a9f154b450de@group-2FABE92B7E5B-LeaderElection48] INFO  impl.LeaderElection (LeaderElection.java:askForVotes(178)) - b88b3e43-5534-49b3-b3f2-a9f154b450de@group-2FABE92B7E5B-LeaderElection48: begin an election at term 44 for -1: [c58a0a02-acd3-47c8-b3e9-5b8e0493de45:192.168.157.254:33611, 1360619e-ba1e-4bf9-aec1-9f15b5480b27:192.168.157.254:45658, b88b3e43-5534-49b3-b3f2-a9f154b450de:192.168.157.254:46786], old=null
2019-10-21 23:46:25,498 [grpc-default-executor-4] INFO  impl.RaftServerImpl (RaftServerImpl.java:setRole(184)) - c58a0a02-acd3-47c8-b3e9-5b8e0493de45@group-2FABE92B7E5B: changes role from  FOLLOWER to FOLLOWER at term 44 for recognizeCandidate:b88b3e43-5534-49b3-b3f2-a9f154b450de
2019-10-21 23:46:25,499 [grpc-default-executor-4] INFO  impl.RoleInfo (RoleInfo.java:shutdownFollowerState(121)) - c58a0a02-acd3-47c8-b3e9-5b8e0493de45: shutdown FollowerState
2019-10-21 23:46:25,499 [grpc-default-executor-2] INFO  impl.RaftServerImpl (RaftServerImpl.java:setRole(184)) - 1360619e-ba1e-4bf9-aec1-9f15b5480b27@group-2FABE92B7E5B: changes role from  FOLLOWER to FOLLOWER at term 44 for recognizeCandidate:b88b3e43-5534-49b3-b3f2-a9f154b450de
2019-10-21 23:46:25,499 [grpc-default-executor-2] INFO  impl.RoleInfo (RoleInfo.java:shutdownFollowerState(121)) - 1360619e-ba1e-4bf9-aec1-9f15b5480b27: shutdown FollowerState
2019-10-21 23:46:25,499 [Thread-510] INFO  impl.FollowerState (FollowerState.java:run(117)) - c58a0a02-acd3-47c8-b3e9-5b8e0493de45@group-2FABE92B7E5B-FollowerState was interrupted: java.lang.InterruptedException: sleep interrupted
2019-10-21 23:46:25,499 [grpc-default-executor-4] INFO  impl.RoleInfo (RoleInfo.java:updateAndGet(143)) - c58a0a02-acd3-47c8-b3e9-5b8e0493de45: start FollowerState
2019-10-21 23:46:25,499 [Thread-511] INFO  impl.FollowerState (FollowerState.java:run(117)) - 1360619e-ba1e-4bf9-aec1-9f15b5480b27@group-2FABE92B7E5B-FollowerState was interrupted: java.lang.InterruptedException: sleep interrupted
2019-10-21 23:46:25,499 [grpc-default-executor-2] INFO  impl.RoleInfo (RoleInfo.java:updateAndGet(143)) - 1360619e-ba1e-4bf9-aec1-9f15b5480b27: start FollowerState
2019-10-21 23:46:25,505 [b88b3e43-5534-49b3-b3f2-a9f154b450de@group-2FABE92B7E5B-LeaderElection48] INFO  impl.LeaderElection (LeaderElection.java:logAndReturn(56)) - b88b3e43-5534-49b3-b3f2-a9f154b450de@group-2FABE92B7E5B-LeaderElection48: Election REJECTED; received 2 response(s) [b88b3e43-5534-49b3-b3f2-a9f154b450de<-c58a0a02-acd3-47c8-b3e9-5b8e0493de45#0:FAIL-t44, b88b3e43-5534-49b3-b3f2-a9f154b450de<-1360619e-ba1e-4bf9-aec1-9f15b5480b27#0:FAIL-t44] and 0 exception(s); b88b3e43-5534-49b3-b3f2-a9f154b450de@group-2FABE92B7E5B:t44, leader=null, voted=b88b3e43-5534-49b3-b3f2-a9f154b450de, raftlog=b88b3e43-5534-49b3-b3f2-a9f154b450de@group-2FABE92B7E5B-SegmentedRaftLog:OPENED:c-1,f-1,i0, conf=-1: [c58a0a02-acd3-47c8-b3e9-5b8e0493de45:192.168.157.254:33611, 1360619e-ba1e-4bf9-aec1-9f15b5480b27:192.168.157.254:45658, b88b3e43-5534-49b3-b3f2-a9f154b450de:192.168.157.254:46786], old=null
2019-10-21 23:46:25,505 [b88b3e43-5534-49b3-b3f2-a9f154b450de@group-2FABE92B7E5B-LeaderElection48] INFO  impl.RaftServerImpl (RaftServerImpl.java:setRole(184)) - b88b3e43-5534-49b3-b3f2-a9f154b450de@group-2FABE92B7E5B: changes role from CANDIDATE to FOLLOWER at term 44 for DISCOVERED_A_NEW_TERM
2019-10-21 23:46:25,505 [b88b3e43-5534-49b3-b3f2-a9f154b450de@group-2FABE92B7E5B-LeaderElection48] INFO  impl.RoleInfo (RoleInfo.java:shutdownLeaderElection(134)) - b88b3e43-5534-49b3-b3f2-a9f154b450de: shutdown LeaderElection
2019-10-21 23:46:25,505 [b88b3e43-5534-49b3-b3f2-a9f154b450de@group-2FABE92B7E5B-LeaderElection48] INFO  impl.RoleInfo (RoleInfo.java:updateAndGet(143)) - b88b3e43-5534-49b3-b3f2-a9f154b450de: start FollowerState
2019-10-21 23:46:25,705 [Thread-518] INFO  impl.FollowerState (FollowerState.java:run(108)) - b88b3e43-5534-49b3-b3f2-a9f154b450de@group-2FABE92B7E5B-FollowerState: change to CANDIDATE, lastRpcTime:199ms, electionTimeout:199ms
2019-10-21 23:46:25,705 [Thread-518] INFO  impl.RoleInfo (RoleInfo.java:shutdownFollowerState(121)) - b88b3e43-5534-49b3-b3f2-a9f154b450de: shutdown FollowerState
2019-10-21 23:46:25,705 [Thread-518] INFO  impl.RaftServerImpl (RaftServerImpl.java:setRole(184)) - b88b3e43-5534-49b3-b3f2-a9f154b450de@group-2FABE92B7E5B: changes role from  FOLLOWER to CANDIDATE at term 44 for changeToCandidate
2019-10-21 23:46:25,705 [Thread-518] INFO  impl.RoleInfo (RoleInfo.java:updateAndGet(143)) - b88b3e43-5534-49b3-b3f2-a9f154b450de: start LeaderElection
2019-10-21 23:46:25,719 [b88b3e43-5534-49b3-b3f2-a9f154b450de@group-2FABE92B7E5B-LeaderElection49] INFO  impl.LeaderElection (LeaderElection.java:askForVotes(178)) - b88b3e43-5534-49b3-b3f2-a9f154b450de@group-2FABE92B7E5B-LeaderElection49: begin an election at term 45 for -1: [c58a0a02-acd3-47c8-b3e9-5b8e0493de45:192.168.157.254:33611, 1360619e-ba1e-4bf9-aec1-9f15b5480b27:192.168.157.254:45658, b88b3e43-5534-49b3-b3f2-a9f154b450de:192.168.157.254:46786], old=null
2019-10-21 23:46:25,722 [grpc-default-executor-2] INFO  impl.RaftServerImpl (RaftServerImpl.java:setRole(184)) - 1360619e-ba1e-4bf9-aec1-9f15b5480b27@group-2FABE92B7E5B: changes role from  FOLLOWER to FOLLOWER at term 45 for recognizeCandidate:b88b3e43-5534-49b3-b3f2-a9f154b450de
2019-10-21 23:46:25,722 [grpc-default-executor-2] INFO  impl.RoleInfo (RoleInfo.java:shutdownFollowerState(121)) - 1360619e-ba1e-4bf9-aec1-9f15b5480b27: shutdown FollowerState
2019-10-21 23:46:25,723 [grpc-default-executor-4] INFO  impl.RaftServerImpl (RaftServerImpl.java:setRole(184)) - c58a0a02-acd3-47c8-b3e9-5b8e0493de45@group-2FABE92B7E5B: changes role from  FOLLOWER to FOLLOWER at term 45 for recognizeCandidate:b88b3e43-5534-49b3-b3f2-a9f154b450de
2019-10-21 23:46:25,723 [Thread-517] INFO  impl.FollowerState (FollowerState.java:run(117)) - 1360619e-ba1e-4bf9-aec1-9f15b5480b27@group-2FABE92B7E5B-FollowerState was interrupted: java.lang.InterruptedException: sleep interrupted
2019-10-21 23:46:25,723 [grpc-default-executor-4] INFO  impl.RoleInfo (RoleInfo.java:shutdownFollowerState(121)) - c58a0a02-acd3-47c8-b3e9-5b8e0493de45: shutdown FollowerState
2019-10-21 23:46:25,723 [grpc-default-executor-2] INFO  impl.RoleInfo (RoleInfo.java:updateAndGet(143)) - 1360619e-ba1e-4bf9-aec1-9f15b5480b27: start FollowerState
2019-10-21 23:46:25,723 [Thread-516] INFO  impl.FollowerState (FollowerState.java:run(117)) - c58a0a02-acd3-47c8-b3e9-5b8e0493de45@group-2FABE92B7E5B-FollowerState was interrupted: java.lang.InterruptedException: sleep interrupted
2019-10-21 23:46:25,723 [grpc-default-executor-4] INFO  impl.RoleInfo (RoleInfo.java:updateAndGet(143)) - c58a0a02-acd3-47c8-b3e9-5b8e0493de45: start FollowerState
2019-10-21 23:46:25,738 [b88b3e43-5534-49b3-b3f2-a9f154b450de@group-2FABE92B7E5B-LeaderElection49] INFO  impl.LeaderElection (LeaderElection.java:logAndReturn(56)) - b88b3e43-5534-49b3-b3f2-a9f154b450de@group-2FABE92B7E5B-LeaderElection49: Election REJECTED; received 2 response(s) [b88b3e43-5534-49b3-b3f2-a9f154b450de<-c58a0a02-acd3-47c8-b3e9-5b8e0493de45#0:FAIL-t45, b88b3e43-5534-49b3-b3f2-a9f154b450de<-1360619e-ba1e-4bf9-aec1-9f15b5480b27#0:FAIL-t45] and 0 exception(s); b88b3e43-5534-49b3-b3f2-a9f154b450de@group-2FABE92B7E5B:t45, leader=null, voted=b88b3e43-5534-49b3-b3f2-a9f154b450de, raftlog=b88b3e43-5534-49b3-b3f2-a9f154b450de@group-2FABE92B7E5B-SegmentedRaftLog:OPENED:c-1,f-1,i0, conf=-1: [c58a0a02-acd3-47c8-b3e9-5b8e0493de45:192.168.157.254:33611, 1360619e-ba1e-4bf9-aec1-9f15b5480b27:192.168.157.254:45658, b88b3e43-5534-49b3-b3f2-a9f154b450de:192.168.157.254:46786], old=null
2019-10-21 23:46:25,738 [b88b3e43-5534-49b3-b3f2-a9f154b450de@group-2FABE92B7E5B-LeaderElection49] INFO  impl.RaftServerImpl (RaftServerImpl.java:setRole(184)) - b88b3e43-5534-49b3-b3f2-a9f154b450de@group-2FABE92B7E5B: changes role from CANDIDATE to FOLLOWER at term 45 for DISCOVERED_A_NEW_TERM
2019-10-21 23:46:25,738 [b88b3e43-5534-49b3-b3f2-a9f154b450de@group-2FABE92B7E5B-LeaderElection49] INFO  impl.RoleInfo (RoleInfo.java:shutdownLeaderElection(134)) - b88b3e43-5534-49b3-b3f2-a9f154b450de: shutdown LeaderElection
2019-10-21 23:46:25,738 [b88b3e43-5534-49b3-b3f2-a9f154b450de@group-2FABE92B7E5B-LeaderElection49] INFO  impl.RoleInfo (RoleInfo.java:updateAndGet(143)) - b88b3e43-5534-49b3-b3f2-a9f154b450de: start FollowerState
2019-10-21 23:46:25,748 [Thread-526] INFO  impl.FollowerState (FollowerState.java:run(108)) - b88b3e43-5534-49b3-b3f2-a9f154b450de@group-2FABE92B7E5B-FollowerState: change to CANDIDATE, lastRpcTime:9ms, electionTimeout:9ms
2019-10-21 23:46:25,748 [Thread-526] INFO  impl.RoleInfo (RoleInfo.java:shutdownFollowerState(121)) - b88b3e43-5534-49b3-b3f2-a9f154b450de: shutdown FollowerState
2019-10-21 23:46:25,748 [Thread-526] INFO  impl.RaftServerImpl (RaftServerImpl.java:setRole(184)) - b88b3e43-5534-49b3-b3f2-a9f154b450de@group-2FABE92B7E5B: changes role from  FOLLOWER to CANDIDATE at term 45 for changeToCandidate
2019-10-21 23:46:25,748 [Thread-526] INFO  impl.RoleInfo (RoleInfo.java:updateAndGet(143)) - b88b3e43-5534-49b3-b3f2-a9f154b450de: start LeaderElection
2019-10-21 23:46:25,762 [b88b3e43-5534-49b3-b3f2-a9f154b450de@group-2FABE92B7E5B-LeaderElection50] INFO  impl.LeaderElection (LeaderElection.java:askForVotes(178)) - b88b3e43-5534-49b3-b3f2-a9f154b450de@group-2FABE92B7E5B-LeaderElection50: begin an election at term 46 for -1: [c58a0a02-acd3-47c8-b3e9-5b8e0493de45:192.168.157.254:33611, 1360619e-ba1e-4bf9-aec1-9f15b5480b27:192.168.157.254:45658, b88b3e43-5534-49b3-b3f2-a9f154b450de:192.168.157.254:46786], old=null
2019-10-21 23:46:25,764 [grpc-default-executor-2] INFO  impl.RaftServerImpl (RaftServerImpl.java:setRole(184)) - c58a0a02-acd3-47c8-b3e9-5b8e0493de45@group-2FABE92B7E5B: changes role from  FOLLOWER to FOLLOWER at term 46 for recognizeCandidate:b88b3e43-5534-49b3-b3f2-a9f154b450de
2019-10-21 23:46:25,764 [grpc-default-executor-2] INFO  impl.RoleInfo (RoleInfo.java:shutdownFollowerState(121)) - c58a0a02-acd3-47c8-b3e9-5b8e0493de45: shutdown FollowerState
2019-10-21 23:46:25,764 [grpc-default-executor-2] INFO  impl.RoleInfo (RoleInfo.java:updateAndGet(143)) - c58a0a02-acd3-47c8-b3e9-5b8e0493de45: start FollowerState
2019-10-21 23:46:25,764 [Thread-525] INFO  impl.FollowerState (FollowerState.java:run(117)) - c58a0a02-acd3-47c8-b3e9-5b8e0493de45@group-2FABE92B7E5B-FollowerState was interrupted: java.lang.InterruptedException: sleep interrupted
2019-10-21 23:46:25,764 [grpc-default-executor-4] INFO  impl.RaftServerImpl (RaftServerImpl.java:setRole(184)) - 1360619e-ba1e-4bf9-aec1-9f15b5480b27@group-2FABE92B7E5B: changes role from  FOLLOWER to FOLLOWER at term 46 for recognizeCandidate:b88b3e43-5534-49b3-b3f2-a9f154b450de
2019-10-21 23:46:25,765 [grpc-default-executor-4] INFO  impl.RoleInfo (RoleInfo.java:shutdownFollowerState(121)) - 1360619e-ba1e-4bf9-aec1-9f15b5480b27: shutdown FollowerState
2019-10-21 23:46:25,765 [grpc-default-executor-4] INFO  impl.RoleInfo (RoleInfo.java:updateAndGet(143)) - 1360619e-ba1e-4bf9-aec1-9f15b5480b27: start FollowerState
2019-10-21 23:46:25,765 [Thread-524] INFO  impl.FollowerState (FollowerState.java:run(117)) - 1360619e-ba1e-4bf9-aec1-9f15b5480b27@group-2FABE92B7E5B-FollowerState was interrupted: java.lang.InterruptedException: sleep interrupted
2019-10-21 23:46:25,779 [b88b3e43-5534-49b3-b3f2-a9f154b450de@group-2FABE92B7E5B-LeaderElection50] INFO  impl.LeaderElection (LeaderElection.java:logAndReturn(56)) - b88b3e43-5534-49b3-b3f2-a9f154b450de@group-2FABE92B7E5B-LeaderElection50: Election REJECTED; received 2 response(s) [b88b3e43-5534-49b3-b3f2-a9f154b450de<-c58a0a02-acd3-47c8-b3e9-5b8e0493de45#0:FAIL-t46, b88b3e43-5534-49b3-b3f2-a9f154b450de<-1360619e-ba1e-4bf9-aec1-9f15b5480b27#0:FAIL-t46] and 0 exception(s); b88b3e43-5534-49b3-b3f2-a9f154b450de@group-2FABE92B7E5B:t46, leader=null, voted=b88b3e43-5534-49b3-b3f2-a9f154b450de, raftlog=b88b3e43-5534-49b3-b3f2-a9f154b450de@group-2FABE92B7E5B-SegmentedRaftLog:OPENED:c-1,f-1,i0, conf=-1: [c58a0a02-acd3-47c8-b3e9-5b8e0493de45:192.168.157.254:33611, 1360619e-ba1e-4bf9-aec1-9f15b5480b27:192.168.157.254:45658, b88b3e43-5534-49b3-b3f2-a9f154b450de:192.168.157.254:46786], old=null
2019-10-21 23:46:25,779 [b88b3e43-5534-49b3-b3f2-a9f154b450de@group-2FABE92B7E5B-LeaderElection50] INFO  impl.RaftServerImpl (RaftServerImpl.java:setRole(184)) - b88b3e43-5534-49b3-b3f2-a9f154b450de@group-2FABE92B7E5B: changes role from CANDIDATE to FOLLOWER at term 46 for DISCOVERED_A_NEW_TERM
2019-10-21 23:46:25,779 [b88b3e43-5534-49b3-b3f2-a9f154b450de@group-2FABE92B7E5B-LeaderElection50] INFO  impl.RoleInfo (RoleInfo.java:shutdownLeaderElection(134)) - b88b3e43-5534-49b3-b3f2-a9f154b450de: shutdown LeaderElection
2019-10-21 23:46:25,779 [b88b3e43-5534-49b3-b3f2-a9f154b450de@group-2FABE92B7E5B-LeaderElection50] INFO  impl.RoleInfo (RoleInfo.java:updateAndGet(143)) - b88b3e43-5534-49b3-b3f2-a9f154b450de: start FollowerState
2019-10-21 23:46:25,812 [Thread-532] INFO  impl.FollowerState (FollowerState.java:run(108)) - b88b3e43-5534-49b3-b3f2-a9f154b450de@group-2FABE92B7E5B-FollowerState: change to CANDIDATE, lastRpcTime:32ms, electionTimeout:32ms
2019-10-21 23:46:25,812 [Thread-532] INFO  impl.RoleInfo (RoleInfo.java:shutdownFollowerState(121)) - b88b3e43-5534-49b3-b3f2-a9f154b450de: shutdown FollowerState
2019-10-21 23:46:25,812 [Thread-532] INFO  impl.RaftServerImpl (RaftServerImpl.java:setRole(184)) - b88b3e43-5534-49b3-b3f2-a9f154b450de@group-2FABE92B7E5B: changes role from  FOLLOWER to CANDIDATE at term 46 for changeToCandidate
2019-10-21 23:46:25,812 [Thread-532] INFO  impl.RoleInfo (RoleInfo.java:updateAndGet(143)) - b88b3e43-5534-49b3-b3f2-a9f154b450de: start LeaderElection
2019-10-21 23:46:25,825 [b88b3e43-5534-49b3-b3f2-a9f154b450de@group-2FABE92B7E5B-LeaderElection51] INFO  impl.LeaderElection (LeaderElection.java:askForVotes(178)) - b88b3e43-5534-49b3-b3f2-a9f154b450de@group-2FABE92B7E5B-LeaderElection51: begin an election at term 47 for -1: [c58a0a02-acd3-47c8-b3e9-5b8e0493de45:192.168.157.254:33611, 1360619e-ba1e-4bf9-aec1-9f15b5480b27:192.168.157.254:45658, b88b3e43-5534-49b3-b3f2-a9f154b450de:192.168.157.254:46786], old=null
2019-10-21 23:46:25,828 [grpc-default-executor-4] INFO  impl.RaftServerImpl (RaftServerImpl.java:setRole(184)) - 1360619e-ba1e-4bf9-aec1-9f15b5480b27@group-2FABE92B7E5B: changes role from  FOLLOWER to FOLLOWER at term 47 for recognizeCandidate:b88b3e43-5534-49b3-b3f2-a9f154b450de
2019-10-21 23:46:25,828 [grpc-default-executor-2] INFO  impl.RaftServerImpl (RaftServerImpl.java:setRole(184)) - c58a0a02-acd3-47c8-b3e9-5b8e0493de45@group-2FABE92B7E5B: changes role from  FOLLOWER to FOLLOWER at term 47 for recognizeCandidate:b88b3e43-5534-49b3-b3f2-a9f154b450de
2019-10-21 23:46:25,828 [grpc-default-executor-4] INFO  impl.RoleInfo (RoleInfo.java:shutdownFollowerState(121)) - 1360619e-ba1e-4bf9-aec1-9f15b5480b27: shutdown FollowerState
2019-10-21 23:46:25,828 [grpc-default-executor-2] INFO  impl.RoleInfo (RoleInfo.java:shutdownFollowerState(121)) - c58a0a02-acd3-47c8-b3e9-5b8e0493de45: shutdown FollowerState
2019-10-21 23:46:25,828 [grpc-default-executor-4] INFO  impl.RoleInfo (RoleInfo.java:updateAndGet(143)) - 1360619e-ba1e-4bf9-aec1-9f15b5480b27: start FollowerState
2019-10-21 23:46:25,828 [Thread-531] INFO  impl.FollowerState (FollowerState.java:run(117)) - 1360619e-ba1e-4bf9-aec1-9f15b5480b27@group-2FABE92B7E5B-FollowerState was interrupted: java.lang.InterruptedException: sleep interrupted
2019-10-21 23:46:25,828 [grpc-default-executor-2] INFO  impl.RoleInfo (RoleInfo.java:updateAndGet(143)) - c58a0a02-acd3-47c8-b3e9-5b8e0493de45: start FollowerState
2019-10-21 23:46:25,828 [Thread-530] INFO  impl.FollowerState (FollowerState.java:run(117)) - c58a0a02-acd3-47c8-b3e9-5b8e0493de45@group-2FABE92B7E5B-FollowerState was interrupted: java.lang.InterruptedException: sleep interrupted
2019-10-21 23:46:25,843 [b88b3e43-5534-49b3-b3f2-a9f154b450de@group-2FABE92B7E5B-LeaderElection51] INFO  impl.LeaderElection (LeaderElection.java:logAndReturn(56)) - b88b3e43-5534-49b3-b3f2-a9f154b450de@group-2FABE92B7E5B-LeaderElection51: Election REJECTED; received 2 response(s) [b88b3e43-5534-49b3-b3f2-a9f154b450de<-c58a0a02-acd3-47c8-b3e9-5b8e0493de45#0:FAIL-t47, b88b3e43-5534-49b3-b3f2-a9f154b450de<-1360619e-ba1e-4bf9-aec1-9f15b5480b27#0:FAIL-t47] and 0 exception(s); b88b3e43-5534-49b3-b3f2-a9f154b450de@group-2FABE92B7E5B:t47, leader=null, voted=b88b3e43-5534-49b3-b3f2-a9f154b450de, raftlog=b88b3e43-5534-49b3-b3f2-a9f154b450de@group-2FABE92B7E5B-SegmentedRaftLog:OPENED:c-1,f-1,i0, conf=-1: [c58a0a02-acd3-47c8-b3e9-5b8e0493de45:192.168.157.254:33611, 1360619e-ba1e-4bf9-aec1-9f15b5480b27:192.168.157.254:45658, b88b3e43-5534-49b3-b3f2-a9f154b450de:192.168.157.254:46786], old=null
2019-10-21 23:46:25,843 [b88b3e43-5534-49b3-b3f2-a9f154b450de@group-2FABE92B7E5B-LeaderElection51] INFO  impl.RaftServerImpl (RaftServerImpl.java:setRole(184)) - b88b3e43-5534-49b3-b3f2-a9f154b450de@group-2FABE92B7E5B: changes role from CANDIDATE to FOLLOWER at term 47 for DISCOVERED_A_NEW_TERM
2019-10-21 23:46:25,843 [b88b3e43-5534-49b3-b3f2-a9f154b450de@group-2FABE92B7E5B-LeaderElection51] INFO  impl.RoleInfo (RoleInfo.java:shutdownLeaderElection(134)) - b88b3e43-5534-49b3-b3f2-a9f154b450de: shutdown LeaderElection
2019-10-21 23:46:25,843 [b88b3e43-5534-49b3-b3f2-a9f154b450de@group-2FABE92B7E5B-LeaderElection51] INFO  impl.RoleInfo (RoleInfo.java:updateAndGet(143)) - b88b3e43-5534-49b3-b3f2-a9f154b450de: start FollowerState
2019-10-21 23:46:26,005 [Thread-538] INFO  impl.FollowerState (FollowerState.java:run(108)) - b88b3e43-5534-49b3-b3f2-a9f154b450de@group-2FABE92B7E5B-FollowerState: change to CANDIDATE, lastRpcTime:161ms, electionTimeout:161ms
2019-10-21 23:46:26,005 [Thread-538] INFO  impl.RoleInfo (RoleInfo.java:shutdownFollowerState(121)) - b88b3e43-5534-49b3-b3f2-a9f154b450de: shutdown FollowerState
2019-10-21 23:46:26,005 [Thread-538] INFO  impl.RaftServerImpl (RaftServerImpl.java:setRole(184)) - b88b3e43-5534-49b3-b3f2-a9f154b450de@group-2FABE92B7E5B: changes role from  FOLLOWER to CANDIDATE at term 47 for changeToCandidate
2019-10-21 23:46:26,005 [Thread-538] INFO  impl.RoleInfo (RoleInfo.java:updateAndGet(143)) - b88b3e43-5534-49b3-b3f2-a9f154b450de: start LeaderElection
2019-10-21 23:46:26,022 [b88b3e43-5534-49b3-b3f2-a9f154b450de@group-2FABE92B7E5B-LeaderElection52] INFO  impl.LeaderElection (LeaderElection.java:askForVotes(178)) - b88b3e43-5534-49b3-b3f2-a9f154b450de@group-2FABE92B7E5B-LeaderElection52: begin an election at term 48 for -1: [c58a0a02-acd3-47c8-b3e9-5b8e0493de45:192.168.157.254:33611, 1360619e-ba1e-4bf9-aec1-9f15b5480b27:192.168.157.254:45658, b88b3e43-5534-49b3-b3f2-a9f154b450de:192.168.157.254:46786], old=null
2019-10-21 23:46:26,025 [grpc-default-executor-2] INFO  impl.RaftServerImpl (RaftServerImpl.java:setRole(184)) - c58a0a02-acd3-47c8-b3e9-5b8e0493de45@group-2FABE92B7E5B: changes role from  FOLLOWER to FOLLOWER at term 48 for recognizeCandidate:b88b3e43-5534-49b3-b3f2-a9f154b450de
2019-10-21 23:46:26,025 [grpc-default-executor-4] INFO  impl.RaftServerImpl (RaftServerImpl.java:setRole(184)) - 1360619e-ba1e-4bf9-aec1-9f15b5480b27@group-2FABE92B7E5B: changes role from  FOLLOWER to FOLLOWER at term 48 for recognizeCandidate:b88b3e43-5534-49b3-b3f2-a9f154b450de
2019-10-21 23:46:26,025 [grpc-default-executor-2] INFO  impl.RoleInfo (RoleInfo.java:shutdownFollowerState(121)) - c58a0a02-acd3-47c8-b3e9-5b8e0493de45: shutdown FollowerState
2019-10-21 23:46:26,025 [grpc-default-executor-4] INFO  impl.RoleInfo (RoleInfo.java:shutdownFollowerState(121)) - 1360619e-ba1e-4bf9-aec1-9f15b5480b27: shutdown FollowerState
2019-10-21 23:46:26,026 [Thread-537] INFO  impl.FollowerState (FollowerState.java:run(117)) - c58a0a02-acd3-47c8-b3e9-5b8e0493de45@group-2FABE92B7E5B-FollowerState was interrupted: java.lang.InterruptedException: sleep interrupted
2019-10-21 23:46:26,026 [grpc-default-executor-2] INFO  impl.RoleInfo (RoleInfo.java:updateAndGet(143)) - c58a0a02-acd3-47c8-b3e9-5b8e0493de45: start FollowerState
2019-10-21 23:46:26,026 [Thread-536] INFO  impl.FollowerState (FollowerState.java:run(117)) - 1360619e-ba1e-4bf9-aec1-9f15b5480b27@group-2FABE92B7E5B-FollowerState was interrupted: java.lang.InterruptedException: sleep interrupted
2019-10-21 23:46:26,026 [grpc-default-executor-4] INFO  impl.RoleInfo (RoleInfo.java:updateAndGet(143)) - 1360619e-ba1e-4bf9-aec1-9f15b5480b27: start FollowerState
2019-10-21 23:46:26,037 [b88b3e43-5534-49b3-b3f2-a9f154b450de@group-2FABE92B7E5B-LeaderElection52] INFO  impl.LeaderElection (LeaderElection.java:logAndReturn(56)) - b88b3e43-5534-49b3-b3f2-a9f154b450de@group-2FABE92B7E5B-LeaderElection52: Election TIMEOUT; received 0 response(s) [] and 0 exception(s); b88b3e43-5534-49b3-b3f2-a9f154b450de@group-2FABE92B7E5B:t48, leader=null, voted=b88b3e43-5534-49b3-b3f2-a9f154b450de, raftlog=b88b3e43-5534-49b3-b3f2-a9f154b450de@group-2FABE92B7E5B-SegmentedRaftLog:OPENED:c-1,f-1,i0, conf=-1: [c58a0a02-acd3-47c8-b3e9-5b8e0493de45:192.168.157.254:33611, 1360619e-ba1e-4bf9-aec1-9f15b5480b27:192.168.157.254:45658, b88b3e43-5534-49b3-b3f2-a9f154b450de:192.168.157.254:46786], old=null
2019-10-21 23:46:26,040 [b88b3e43-5534-49b3-b3f2-a9f154b450de@group-2FABE92B7E5B-LeaderElection52] INFO  impl.LeaderElection (LeaderElection.java:askForVotes(178)) - b88b3e43-5534-49b3-b3f2-a9f154b450de@group-2FABE92B7E5B-LeaderElection52: begin an election at term 49 for -1: [c58a0a02-acd3-47c8-b3e9-5b8e0493de45:192.168.157.254:33611, 1360619e-ba1e-4bf9-aec1-9f15b5480b27:192.168.157.254:45658, b88b3e43-5534-49b3-b3f2-a9f154b450de:192.168.157.254:46786], old=null
2019-10-21 23:46:26,042 [grpc-default-executor-2] INFO  impl.RaftServerImpl (RaftServerImpl.java:setRole(184)) - c58a0a02-acd3-47c8-b3e9-5b8e0493de45@group-2FABE92B7E5B: changes role from  FOLLOWER to FOLLOWER at term 49 for recognizeCandidate:b88b3e43-5534-49b3-b3f2-a9f154b450de
2019-10-21 23:46:26,042 [grpc-default-executor-4] INFO  impl.RaftServerImpl (RaftServerImpl.java:setRole(184)) - 1360619e-ba1e-4bf9-aec1-9f15b5480b27@group-2FABE92B7E5B: changes role from  FOLLOWER to FOLLOWER at term 49 for recognizeCandidate:b88b3e43-5534-49b3-b3f2-a9f154b450de
2019-10-21 23:46:26,042 [grpc-default-executor-2] INFO  impl.RoleInfo (RoleInfo.java:shutdownFollowerState(121)) - c58a0a02-acd3-47c8-b3e9-5b8e0493de45: shutdown FollowerState
2019-10-21 23:46:26,042 [grpc-default-executor-4] INFO  impl.RoleInfo (RoleInfo.java:shutdownFollowerState(121)) - 1360619e-ba1e-4bf9-aec1-9f15b5480b27: shutdown FollowerState
2019-10-21 23:46:26,043 [Thread-542] INFO  impl.FollowerState (FollowerState.java:run(117)) - c58a0a02-acd3-47c8-b3e9-5b8e0493de45@group-2FABE92B7E5B-FollowerState was interrupted: java.lang.InterruptedException: sleep interrupted
2019-10-21 23:46:26,043 [Thread-543] INFO  impl.FollowerState (FollowerState.java:run(117)) - 1360619e-ba1e-4bf9-aec1-9f15b5480b27@group-2FABE92B7E5B-FollowerState was interrupted: java.lang.InterruptedException: sleep interrupted
2019-10-21 23:46:26,043 [grpc-default-executor-2] INFO  impl.RoleInfo (RoleInfo.java:updateAndGet(143)) - c58a0a02-acd3-47c8-b3e9-5b8e0493de45: start FollowerState
2019-10-21 23:46:26,043 [grpc-default-executor-4] INFO  impl.RoleInfo (RoleInfo.java:updateAndGet(143)) - 1360619e-ba1e-4bf9-aec1-9f15b5480b27: start FollowerState
2019-10-21 23:46:26,061 [b88b3e43-5534-49b3-b3f2-a9f154b450de@group-2FABE92B7E5B-LeaderElection52] INFO  impl.LeaderElection (LeaderElection.java:logAndReturn(56)) - b88b3e43-5534-49b3-b3f2-a9f154b450de@group-2FABE92B7E5B-LeaderElection52: Election REJECTED; received 2 response(s) [b88b3e43-5534-49b3-b3f2-a9f154b450de<-c58a0a02-acd3-47c8-b3e9-5b8e0493de45#0:FAIL-t49, b88b3e43-5534-49b3-b3f2-a9f154b450de<-1360619e-ba1e-4bf9-aec1-9f15b5480b27#0:FAIL-t49] and 0 exception(s); b88b3e43-5534-49b3-b3f2-a9f154b450de@group-2FABE92B7E5B:t49, leader=null, voted=b88b3e43-5534-49b3-b3f2-a9f154b450de, raftlog=b88b3e43-5534-49b3-b3f2-a9f154b450de@group-2FABE92B7E5B-SegmentedRaftLog:OPENED:c-1,f-1,i0, conf=-1: [c58a0a02-acd3-47c8-b3e9-5b8e0493de45:192.168.157.254:33611, 1360619e-ba1e-4bf9-aec1-9f15b5480b27:192.168.157.254:45658, b88b3e43-5534-49b3-b3f2-a9f154b450de:192.168.157.254:46786], old=null
2019-10-21 23:46:26,061 [b88b3e43-5534-49b3-b3f2-a9f154b450de@group-2FABE92B7E5B-LeaderElection52] INFO  impl.RaftServerImpl (RaftServerImpl.java:setRole(184)) - b88b3e43-5534-49b3-b3f2-a9f154b450de@group-2FABE92B7E5B: changes role from CANDIDATE to FOLLOWER at term 49 for DISCOVERED_A_NEW_TERM
2019-10-21 23:46:26,061 [b88b3e43-5534-49b3-b3f2-a9f154b450de@group-2FABE92B7E5B-LeaderElection52] INFO  impl.RoleInfo (RoleInfo.java:shutdownLeaderElection(134)) - b88b3e43-5534-49b3-b3f2-a9f154b450de: shutdown LeaderElection
2019-10-21 23:46:26,061 [b88b3e43-5534-49b3-b3f2-a9f154b450de@group-2FABE92B7E5B-LeaderElection52] INFO  impl.RoleInfo (RoleInfo.java:updateAndGet(143)) - b88b3e43-5534-49b3-b3f2-a9f154b450de: start FollowerState
2019-10-21 23:46:26,076 [Thread-548] INFO  impl.FollowerState (FollowerState.java:run(108)) - b88b3e43-5534-49b3-b3f2-a9f154b450de@group-2FABE92B7E5B-FollowerState: change to CANDIDATE, lastRpcTime:14ms, electionTimeout:14ms
2019-10-21 23:46:26,076 [Thread-548] INFO  impl.RoleInfo (RoleInfo.java:shutdownFollowerState(121)) - b88b3e43-5534-49b3-b3f2-a9f154b450de: shutdown FollowerState
2019-10-21 23:46:26,076 [Thread-548] INFO  impl.RaftServerImpl (RaftServerImpl.java:setRole(184)) - b88b3e43-5534-49b3-b3f2-a9f154b450de@group-2FABE92B7E5B: changes role from  FOLLOWER to CANDIDATE at term 49 for changeToCandidate
2019-10-21 23:46:26,076 [Thread-548] INFO  impl.RoleInfo (RoleInfo.java:updateAndGet(143)) - b88b3e43-5534-49b3-b3f2-a9f154b450de: start LeaderElection
2019-10-21 23:46:26,090 [b88b3e43-5534-49b3-b3f2-a9f154b450de@group-2FABE92B7E5B-LeaderElection53] INFO  impl.LeaderElection (LeaderElection.java:askForVotes(178)) - b88b3e43-5534-49b3-b3f2-a9f154b450de@group-2FABE92B7E5B-LeaderElection53: begin an election at term 50 for -1: [c58a0a02-acd3-47c8-b3e9-5b8e0493de45:192.168.157.254:33611, 1360619e-ba1e-4bf9-aec1-9f15b5480b27:192.168.157.254:45658, b88b3e43-5534-49b3-b3f2-a9f154b450de:192.168.157.254:46786], old=null
2019-10-21 23:46:26,093 [grpc-default-executor-4] INFO  impl.RaftServerImpl (RaftServerImpl.java:setRole(184)) - c58a0a02-acd3-47c8-b3e9-5b8e0493de45@group-2FABE92B7E5B: changes role from  FOLLOWER to FOLLOWER at term 50 for recognizeCandidate:b88b3e43-5534-49b3-b3f2-a9f154b450de
2019-10-21 23:46:26,093 [grpc-default-executor-4] INFO  impl.RoleInfo (RoleInfo.java:shutdownFollowerState(121)) - c58a0a02-acd3-47c8-b3e9-5b8e0493de45: shutdown FollowerState
2019-10-21 23:46:26,094 [grpc-default-executor-4] INFO  impl.RoleInfo (RoleInfo.java:updateAndGet(143)) - c58a0a02-acd3-47c8-b3e9-5b8e0493de45: start FollowerState
2019-10-21 23:46:26,094 [Thread-546] INFO  impl.FollowerState (FollowerState.java:run(117)) - c58a0a02-acd3-47c8-b3e9-5b8e0493de45@group-2FABE92B7E5B-FollowerState was interrupted: java.lang.InterruptedException: sleep interrupted
2019-10-21 23:46:26,094 [grpc-default-executor-2] INFO  impl.RaftServerImpl (RaftServerImpl.java:setRole(184)) - 1360619e-ba1e-4bf9-aec1-9f15b5480b27@group-2FABE92B7E5B: changes role from  FOLLOWER to FOLLOWER at term 50 for recognizeCandidate:b88b3e43-5534-49b3-b3f2-a9f154b450de
2019-10-21 23:46:26,094 [grpc-default-executor-2] INFO  impl.RoleInfo (RoleInfo.java:shutdownFollowerState(121)) - 1360619e-ba1e-4bf9-aec1-9f15b5480b27: shutdown FollowerState
2019-10-21 23:46:26,094 [grpc-default-executor-2] INFO  impl.RoleInfo (RoleInfo.java:updateAndGet(143)) - 1360619e-ba1e-4bf9-aec1-9f15b5480b27: start FollowerState
2019-10-21 23:46:26,094 [Thread-547] INFO  impl.FollowerState (FollowerState.java:run(117)) - 1360619e-ba1e-4bf9-aec1-9f15b5480b27@group-2FABE92B7E5B-FollowerState was interrupted: java.lang.InterruptedException: sleep interrupted
2019-10-21 23:46:26,108 [b88b3e43-5534-49b3-b3f2-a9f154b450de@group-2FABE92B7E5B-LeaderElection53] INFO  impl.LeaderElection (LeaderElection.java:logAndReturn(56)) - b88b3e43-5534-49b3-b3f2-a9f154b450de@group-2FABE92B7E5B-LeaderElection53: Election REJECTED; received 2 response(s) [b88b3e43-5534-49b3-b3f2-a9f154b450de<-c58a0a02-acd3-47c8-b3e9-5b8e0493de45#0:FAIL-t50, b88b3e43-5534-49b3-b3f2-a9f154b450de<-1360619e-ba1e-4bf9-aec1-9f15b5480b27#0:FAIL-t50] and 0 exception(s); b88b3e43-5534-49b3-b3f2-a9f154b450de@group-2FABE92B7E5B:t50, leader=null, voted=b88b3e43-5534-49b3-b3f2-a9f154b450de, raftlog=b88b3e43-5534-49b3-b3f2-a9f154b450de@group-2FABE92B7E5B-SegmentedRaftLog:OPENED:c-1,f-1,i0, conf=-1: [c58a0a02-acd3-47c8-b3e9-5b8e0493de45:192.168.157.254:33611, 1360619e-ba1e-4bf9-aec1-9f15b5480b27:192.168.157.254:45658, b88b3e43-5534-49b3-b3f2-a9f154b450de:192.168.157.254:46786], old=null
2019-10-21 23:46:26,109 [b88b3e43-5534-49b3-b3f2-a9f154b450de@group-2FABE92B7E5B-LeaderElection53] INFO  impl.RaftServerImpl (RaftServerImpl.java:setRole(184)) - b88b3e43-5534-49b3-b3f2-a9f154b450de@group-2FABE92B7E5B: changes role from CANDIDATE to FOLLOWER at term 50 for DISCOVERED_A_NEW_TERM
2019-10-21 23:46:26,109 [b88b3e43-5534-49b3-b3f2-a9f154b450de@group-2FABE92B7E5B-LeaderElection53] INFO  impl.RoleInfo (RoleInfo.java:shutdownLeaderElection(134)) - b88b3e43-5534-49b3-b3f2-a9f154b450de: shutdown LeaderElection
2019-10-21 23:46:26,109 [b88b3e43-5534-49b3-b3f2-a9f154b450de@group-2FABE92B7E5B-LeaderElection53] INFO  impl.RoleInfo (RoleInfo.java:updateAndGet(143)) - b88b3e43-5534-49b3-b3f2-a9f154b450de: start FollowerState
2019-10-21 23:46:26,277 [Thread-554] INFO  impl.FollowerState (FollowerState.java:run(108)) - b88b3e43-5534-49b3-b3f2-a9f154b450de@group-2FABE92B7E5B-FollowerState: change to CANDIDATE, lastRpcTime:168ms, electionTimeout:168ms
2019-10-21 23:46:26,278 [Thread-554] INFO  impl.RoleInfo (RoleInfo.java:shutdownFollowerState(121)) - b88b3e43-5534-49b3-b3f2-a9f154b450de: shutdown FollowerState
2019-10-21 23:46:26,278 [Thread-554] INFO  impl.RaftServerImpl (RaftServerImpl.java:setRole(184)) - b88b3e43-5534-49b3-b3f2-a9f154b450de@group-2FABE92B7E5B: changes role from  FOLLOWER to CANDIDATE at term 50 for changeToCandidate
2019-10-21 23:46:26,278 [Thread-554] INFO  impl.RoleInfo (RoleInfo.java:updateAndGet(143)) - b88b3e43-5534-49b3-b3f2-a9f154b450de: start LeaderElection
2019-10-21 23:46:26,293 [b88b3e43-5534-49b3-b3f2-a9f154b450de@group-2FABE92B7E5B-LeaderElection54] INFO  impl.LeaderElection (LeaderElection.java:askForVotes(178)) - b88b3e43-5534-49b3-b3f2-a9f154b450de@group-2FABE92B7E5B-LeaderElection54: begin an election at term 51 for -1: [c58a0a02-acd3-47c8-b3e9-5b8e0493de45:192.168.157.254:33611, 1360619e-ba1e-4bf9-aec1-9f15b5480b27:192.168.157.254:45658, b88b3e43-5534-49b3-b3f2-a9f154b450de:192.168.157.254:46786], old=null
2019-10-21 23:46:26,296 [grpc-default-executor-2] INFO  impl.RaftServerImpl (RaftServerImpl.java:setRole(184)) - c58a0a02-acd3-47c8-b3e9-5b8e0493de45@group-2FABE92B7E5B: changes role from  FOLLOWER to FOLLOWER at term 51 for recognizeCandidate:b88b3e43-5534-49b3-b3f2-a9f154b450de
2019-10-21 23:46:26,296 [grpc-default-executor-2] INFO  impl.RoleInfo (RoleInfo.java:shutdownFollowerState(121)) - c58a0a02-acd3-47c8-b3e9-5b8e0493de45: shutdown FollowerState
2019-10-21 23:46:26,296 [grpc-default-executor-4] INFO  impl.RaftServerImpl (RaftServerImpl.java:setRole(184)) - 1360619e-ba1e-4bf9-aec1-9f15b5480b27@group-2FABE92B7E5B: changes role from  FOLLOWER to FOLLOWER at term 51 for recognizeCandidate:b88b3e43-5534-49b3-b3f2-a9f154b450de
2019-10-21 23:46:26,296 [Thread-552] INFO  impl.FollowerState (FollowerState.java:run(117)) - c58a0a02-acd3-47c8-b3e9-5b8e0493de45@group-2FABE92B7E5B-FollowerState was interrupted: java.lang.InterruptedException: sleep interrupted
2019-10-21 23:46:26,296 [grpc-default-executor-2] INFO  impl.RoleInfo (RoleInfo.java:updateAndGet(143)) - c58a0a02-acd3-47c8-b3e9-5b8e0493de45: start FollowerState
2019-10-21 23:46:26,297 [grpc-default-executor-4] INFO  impl.RoleInfo (RoleInfo.java:shutdownFollowerState(121)) - 1360619e-ba1e-4bf9-aec1-9f15b5480b27: shutdown FollowerState
2019-10-21 23:46:26,297 [Thread-553] INFO  impl.FollowerState (FollowerState.java:run(117)) - 1360619e-ba1e-4bf9-aec1-9f15b5480b27@group-2FABE92B7E5B-FollowerState was interrupted: java.lang.InterruptedException: sleep interrupted
2019-10-21 23:46:26,297 [grpc-default-executor-4] INFO  impl.RoleInfo (RoleInfo.java:updateAndGet(143)) - 1360619e-ba1e-4bf9-aec1-9f15b5480b27: start FollowerState
2019-10-21 23:46:26,311 [b88b3e43-5534-49b3-b3f2-a9f154b450de@group-2FABE92B7E5B-LeaderElection54] INFO  impl.LeaderElection (LeaderElection.java:logAndReturn(56)) - b88b3e43-5534-49b3-b3f2-a9f154b450de@group-2FABE92B7E5B-LeaderElection54: Election REJECTED; received 2 response(s) [b88b3e43-5534-49b3-b3f2-a9f154b450de<-c58a0a02-acd3-47c8-b3e9-5b8e0493de45#0:FAIL-t51, b88b3e43-5534-49b3-b3f2-a9f154b450de<-1360619e-ba1e-4bf9-aec1-9f15b5480b27#0:FAIL-t51] and 0 exception(s); b88b3e43-5534-49b3-b3f2-a9f154b450de@group-2FABE92B7E5B:t51, leader=null, voted=b88b3e43-5534-49b3-b3f2-a9f154b450de, raftlog=b88b3e43-5534-49b3-b3f2-a9f154b450de@group-2FABE92B7E5B-SegmentedRaftLog:OPENED:c-1,f-1,i0, conf=-1: [c58a0a02-acd3-47c8-b3e9-5b8e0493de45:192.168.157.254:33611, 1360619e-ba1e-4bf9-aec1-9f15b5480b27:192.168.157.254:45658, b88b3e43-5534-49b3-b3f2-a9f154b450de:192.168.157.254:46786], old=null
2019-10-21 23:46:26,312 [b88b3e43-5534-49b3-b3f2-a9f154b450de@group-2FABE92B7E5B-LeaderElection54] INFO  impl.RaftServerImpl (RaftServerImpl.java:setRole(184)) - b88b3e43-5534-49b3-b3f2-a9f154b450de@group-2FABE92B7E5B: changes role from CANDIDATE to FOLLOWER at term 51 for DISCOVERED_A_NEW_TERM
2019-10-21 23:46:26,312 [b88b3e43-5534-49b3-b3f2-a9f154b450de@group-2FABE92B7E5B-LeaderElection54] INFO  impl.RoleInfo (RoleInfo.java:shutdownLeaderElection(134)) - b88b3e43-5534-49b3-b3f2-a9f154b450de: shutdown LeaderElection
2019-10-21 23:46:26,312 [b88b3e43-5534-49b3-b3f2-a9f154b450de@group-2FABE92B7E5B-LeaderElection54] INFO  impl.RoleInfo (RoleInfo.java:updateAndGet(143)) - b88b3e43-5534-49b3-b3f2-a9f154b450de: start FollowerState
2019-10-21 23:46:26,424 [Thread-560] INFO  impl.FollowerState (FollowerState.java:run(108)) - b88b3e43-5534-49b3-b3f2-a9f154b450de@group-2FABE92B7E5B-FollowerState: change to CANDIDATE, lastRpcTime:112ms, electionTimeout:112ms
2019-10-21 23:46:26,425 [Thread-560] INFO  impl.RoleInfo (RoleInfo.java:shutdownFollowerState(121)) - b88b3e43-5534-49b3-b3f2-a9f154b450de: shutdown FollowerState
2019-10-21 23:46:26,425 [Thread-560] INFO  impl.RaftServerImpl (RaftServerImpl.java:setRole(184)) - b88b3e43-5534-49b3-b3f2-a9f154b450de@group-2FABE92B7E5B: changes role from  FOLLOWER to CANDIDATE at term 51 for changeToCandidate
2019-10-21 23:46:26,425 [Thread-560] INFO  impl.RoleInfo (RoleInfo.java:updateAndGet(143)) - b88b3e43-5534-49b3-b3f2-a9f154b450de: start LeaderElection
2019-10-21 23:46:26,438 [b88b3e43-5534-49b3-b3f2-a9f154b450de@group-2FABE92B7E5B-LeaderElection55] INFO  impl.LeaderElection (LeaderElection.java:askForVotes(178)) - b88b3e43-5534-49b3-b3f2-a9f154b450de@group-2FABE92B7E5B-LeaderElection55: begin an election at term 52 for -1: [c58a0a02-acd3-47c8-b3e9-5b8e0493de45:192.168.157.254:33611, 1360619e-ba1e-4bf9-aec1-9f15b5480b27:192.168.157.254:45658, b88b3e43-5534-49b3-b3f2-a9f154b450de:192.168.157.254:46786], old=null
2019-10-21 23:46:26,441 [grpc-default-executor-4] INFO  impl.RaftServerImpl (RaftServerImpl.java:setRole(184)) - c58a0a02-acd3-47c8-b3e9-5b8e0493de45@group-2FABE92B7E5B: changes role from  FOLLOWER to FOLLOWER at term 52 for recognizeCandidate:b88b3e43-5534-49b3-b3f2-a9f154b450de
2019-10-21 23:46:26,441 [grpc-default-executor-2] INFO  impl.RaftServerImpl (RaftServerImpl.java:setRole(184)) - 1360619e-ba1e-4bf9-aec1-9f15b5480b27@group-2FABE92B7E5B: changes role from  FOLLOWER to FOLLOWER at term 52 for recognizeCandidate:b88b3e43-5534-49b3-b3f2-a9f154b450de
2019-10-21 23:46:26,442 [grpc-default-executor-4] INFO  impl.RoleInfo (RoleInfo.java:shutdownFollowerState(121)) - c58a0a02-acd3-47c8-b3e9-5b8e0493de45: shutdown FollowerState
2019-10-21 23:46:26,442 [grpc-default-executor-2] INFO  impl.RoleInfo (RoleInfo.java:shutdownFollowerState(121)) - 1360619e-ba1e-4bf9-aec1-9f15b5480b27: shutdown FollowerState
2019-10-21 23:46:26,442 [grpc-default-executor-4] INFO  impl.RoleInfo (RoleInfo.java:updateAndGet(143)) - c58a0a02-acd3-47c8-b3e9-5b8e0493de45: start FollowerState
2019-10-21 23:46:26,442 [Thread-559] INFO  impl.FollowerState (FollowerState.java:run(117)) - 1360619e-ba1e-4bf9-aec1-9f15b5480b27@group-2FABE92B7E5B-FollowerState was interrupted: java.lang.InterruptedException: sleep interrupted
2019-10-21 23:46:26,442 [Thread-558] INFO  impl.FollowerState (FollowerState.java:run(117)) - c58a0a02-acd3-47c8-b3e9-5b8e0493de45@group-2FABE92B7E5B-FollowerState was interrupted: java.lang.InterruptedException: sleep interrupted
2019-10-21 23:46:26,442 [grpc-default-executor-2] INFO  impl.RoleInfo (RoleInfo.java:updateAndGet(143)) - 1360619e-ba1e-4bf9-aec1-9f15b5480b27: start FollowerState
2019-10-21 23:46:26,463 [b88b3e43-5534-49b3-b3f2-a9f154b450de@group-2FABE92B7E5B-LeaderElection55] INFO  impl.LeaderElection (LeaderElection.java:logAndReturn(56)) - b88b3e43-5534-49b3-b3f2-a9f154b450de@group-2FABE92B7E5B-LeaderElection55: Election REJECTED; received 2 response(s) [b88b3e43-5534-49b3-b3f2-a9f154b450de<-c58a0a02-acd3-47c8-b3e9-5b8e0493de45#0:FAIL-t52, b88b3e43-5534-49b3-b3f2-a9f154b450de<-1360619e-ba1e-4bf9-aec1-9f15b5480b27#0:FAIL-t52] and 0 exception(s); b88b3e43-5534-49b3-b3f2-a9f154b450de@group-2FABE92B7E5B:t52, leader=null, voted=b88b3e43-5534-49b3-b3f2-a9f154b450de, raftlog=b88b3e43-5534-49b3-b3f2-a9f154b450de@group-2FABE92B7E5B-SegmentedRaftLog:OPENED:c-1,f-1,i0, conf=-1: [c58a0a02-acd3-47c8-b3e9-5b8e0493de45:192.168.157.254:33611, 1360619e-ba1e-4bf9-aec1-9f15b5480b27:192.168.157.254:45658, b88b3e43-5534-49b3-b3f2-a9f154b450de:192.168.157.254:46786], old=null
2019-10-21 23:46:26,463 [b88b3e43-5534-49b3-b3f2-a9f154b450de@group-2FABE92B7E5B-LeaderElection55] INFO  impl.RaftServerImpl (RaftServerImpl.java:setRole(184)) - b88b3e43-5534-49b3-b3f2-a9f154b450de@group-2FABE92B7E5B: changes role from CANDIDATE to FOLLOWER at term 52 for DISCOVERED_A_NEW_TERM
2019-10-21 23:46:26,463 [b88b3e43-5534-49b3-b3f2-a9f154b450de@group-2FABE92B7E5B-LeaderElection55] INFO  impl.RoleInfo (RoleInfo.java:shutdownLeaderElection(134)) - b88b3e43-5534-49b3-b3f2-a9f154b450de: shutdown LeaderElection
2019-10-21 23:46:26,464 [b88b3e43-5534-49b3-b3f2-a9f154b450de@group-2FABE92B7E5B-LeaderElection55] INFO  impl.RoleInfo (RoleInfo.java:updateAndGet(143)) - b88b3e43-5534-49b3-b3f2-a9f154b450de: start FollowerState
2019-10-21 23:46:26,611 [Thread-566] INFO  impl.FollowerState (FollowerState.java:run(108)) - b88b3e43-5534-49b3-b3f2-a9f154b450de@group-2FABE92B7E5B-FollowerState: change to CANDIDATE, lastRpcTime:147ms, electionTimeout:147ms
2019-10-21 23:46:26,611 [Thread-566] INFO  impl.RoleInfo (RoleInfo.java:shutdownFollowerState(121)) - b88b3e43-5534-49b3-b3f2-a9f154b450de: shutdown FollowerState
2019-10-21 23:46:26,612 [Thread-566] INFO  impl.RaftServerImpl (RaftServerImpl.java:setRole(184)) - b88b3e43-5534-49b3-b3f2-a9f154b450de@group-2FABE92B7E5B: changes role from  FOLLOWER to CANDIDATE at term 52 for changeToCandidate
2019-10-21 23:46:26,612 [Thread-566] INFO  impl.RoleInfo (RoleInfo.java:updateAndGet(143)) - b88b3e43-5534-49b3-b3f2-a9f154b450de: start LeaderElection
2019-10-21 23:46:26,627 [b88b3e43-5534-49b3-b3f2-a9f154b450de@group-2FABE92B7E5B-LeaderElection56] INFO  impl.LeaderElection (LeaderElection.java:askForVotes(178)) - b88b3e43-5534-49b3-b3f2-a9f154b450de@group-2FABE92B7E5B-LeaderElection56: begin an election at term 53 for -1: [c58a0a02-acd3-47c8-b3e9-5b8e0493de45:192.168.157.254:33611, 1360619e-ba1e-4bf9-aec1-9f15b5480b27:192.168.157.254:45658, b88b3e43-5534-49b3-b3f2-a9f154b450de:192.168.157.254:46786], old=null
2019-10-21 23:46:26,631 [grpc-default-executor-4] INFO  impl.RaftServerImpl (RaftServerImpl.java:setRole(184)) - 1360619e-ba1e-4bf9-aec1-9f15b5480b27@group-2FABE92B7E5B: changes role from  FOLLOWER to FOLLOWER at term 53 for recognizeCandidate:b88b3e43-5534-49b3-b3f2-a9f154b450de
2019-10-21 23:46:26,631 [grpc-default-executor-2] INFO  impl.RaftServerImpl (RaftServerImpl.java:setRole(184)) - c58a0a02-acd3-47c8-b3e9-5b8e0493de45@group-2FABE92B7E5B: changes role from  FOLLOWER to FOLLOWER at term 53 for recognizeCandidate:b88b3e43-5534-49b3-b3f2-a9f154b450de
2019-10-21 23:46:26,631 [grpc-default-executor-4] INFO  impl.RoleInfo (RoleInfo.java:shutdownFollowerState(121)) - 1360619e-ba1e-4bf9-aec1-9f15b5480b27: shutdown FollowerState
2019-10-21 23:46:26,631 [grpc-default-executor-2] INFO  impl.RoleInfo (RoleInfo.java:shutdownFollowerState(121)) - c58a0a02-acd3-47c8-b3e9-5b8e0493de45: shutdown FollowerState
2019-10-21 23:46:26,632 [Thread-565] INFO  impl.FollowerState (FollowerState.java:run(117)) - 1360619e-ba1e-4bf9-aec1-9f15b5480b27@group-2FABE92B7E5B-FollowerState was interrupted: java.lang.InterruptedException: sleep interrupted
2019-10-21 23:46:26,632 [Thread-564] INFO  impl.FollowerState (FollowerState.java:run(117)) - c58a0a02-acd3-47c8-b3e9-5b8e0493de45@group-2FABE92B7E5B-FollowerState was interrupted: java.lang.InterruptedException: sleep interrupted
2019-10-21 23:46:26,632 [grpc-default-executor-4] INFO  impl.RoleInfo (RoleInfo.java:updateAndGet(143)) - 1360619e-ba1e-4bf9-aec1-9f15b5480b27: start FollowerState
2019-10-21 23:46:26,632 [grpc-default-executor-2] INFO  impl.RoleInfo (RoleInfo.java:updateAndGet(143)) - c58a0a02-acd3-47c8-b3e9-5b8e0493de45: start FollowerState
2019-10-21 23:46:26,649 [b88b3e43-5534-49b3-b3f2-a9f154b450de@group-2FABE92B7E5B-LeaderElection56] INFO  impl.LeaderElection (LeaderElection.java:logAndReturn(56)) - b88b3e43-5534-49b3-b3f2-a9f154b450de@group-2FABE92B7E5B-LeaderElection56: Election REJECTED; received 2 response(s) [b88b3e43-5534-49b3-b3f2-a9f154b450de<-c58a0a02-acd3-47c8-b3e9-5b8e0493de45#0:FAIL-t53, b88b3e43-5534-49b3-b3f2-a9f154b450de<-1360619e-ba1e-4bf9-aec1-9f15b5480b27#0:FAIL-t53] and 0 exception(s); b88b3e43-5534-49b3-b3f2-a9f154b450de@group-2FABE92B7E5B:t53, leader=null, voted=b88b3e43-5534-49b3-b3f2-a9f154b450de, raftlog=b88b3e43-5534-49b3-b3f2-a9f154b450de@group-2FABE92B7E5B-SegmentedRaftLog:OPENED:c-1,f-1,i0, conf=-1: [c58a0a02-acd3-47c8-b3e9-5b8e0493de45:192.168.157.254:33611, 1360619e-ba1e-4bf9-aec1-9f15b5480b27:192.168.157.254:45658, b88b3e43-5534-49b3-b3f2-a9f154b450de:192.168.157.254:46786], old=null
2019-10-21 23:46:26,650 [b88b3e43-5534-49b3-b3f2-a9f154b450de@group-2FABE92B7E5B-LeaderElection56] INFO  impl.RaftServerImpl (RaftServerImpl.java:setRole(184)) - b88b3e43-5534-49b3-b3f2-a9f154b450de@group-2FABE92B7E5B: changes role from CANDIDATE to FOLLOWER at term 53 for DISCOVERED_A_NEW_TERM
2019-10-21 23:46:26,650 [b88b3e43-5534-49b3-b3f2-a9f154b450de@group-2FABE92B7E5B-LeaderElection56] INFO  impl.RoleInfo (RoleInfo.java:shutdownLeaderElection(134)) - b88b3e43-5534-49b3-b3f2-a9f154b450de: shutdown LeaderElection
2019-10-21 23:46:26,650 [b88b3e43-5534-49b3-b3f2-a9f154b450de@group-2FABE92B7E5B-LeaderElection56] INFO  impl.RoleInfo (RoleInfo.java:updateAndGet(143)) - b88b3e43-5534-49b3-b3f2-a9f154b450de: start FollowerState
2019-10-21 23:46:26,792 [Thread-573] INFO  impl.FollowerState (FollowerState.java:run(108)) - b88b3e43-5534-49b3-b3f2-a9f154b450de@group-2FABE92B7E5B-FollowerState: change to CANDIDATE, lastRpcTime:141ms, electionTimeout:141ms
2019-10-21 23:46:26,792 [Thread-573] INFO  impl.RoleInfo (RoleInfo.java:shutdownFollowerState(121)) - b88b3e43-5534-49b3-b3f2-a9f154b450de: shutdown FollowerState
2019-10-21 23:46:26,792 [Thread-573] INFO  impl.RaftServerImpl (RaftServerImpl.java:setRole(184)) - b88b3e43-5534-49b3-b3f2-a9f154b450de@group-2FABE92B7E5B: changes role from  FOLLOWER to CANDIDATE at term 53 for changeToCandidate
2019-10-21 23:46:26,792 [Thread-573] INFO  impl.RoleInfo (RoleInfo.java:updateAndGet(143)) - b88b3e43-5534-49b3-b3f2-a9f154b450de: start LeaderElection
2019-10-21 23:46:26,807 [b88b3e43-5534-49b3-b3f2-a9f154b450de@group-2FABE92B7E5B-LeaderElection57] INFO  impl.LeaderElection (LeaderElection.java:askForVotes(178)) - b88b3e43-5534-49b3-b3f2-a9f154b450de@group-2FABE92B7E5B-LeaderElection57: begin an election at term 54 for -1: [c58a0a02-acd3-47c8-b3e9-5b8e0493de45:192.168.157.254:33611, 1360619e-ba1e-4bf9-aec1-9f15b5480b27:192.168.157.254:45658, b88b3e43-5534-49b3-b3f2-a9f154b450de:192.168.157.254:46786], old=null
2019-10-21 23:46:26,811 [grpc-default-executor-0] INFO  impl.RaftServerImpl (RaftServerImpl.java:setRole(184)) - c58a0a02-acd3-47c8-b3e9-5b8e0493de45@group-2FABE92B7E5B: changes role from  FOLLOWER to FOLLOWER at term 54 for recognizeCandidate:b88b3e43-5534-49b3-b3f2-a9f154b450de
2019-10-21 23:46:26,811 [grpc-default-executor-0] INFO  impl.RoleInfo (RoleInfo.java:shutdownFollowerState(121)) - c58a0a02-acd3-47c8-b3e9-5b8e0493de45: shutdown FollowerState
2019-10-21 23:46:26,811 [grpc-default-executor-2] INFO  impl.RaftServerImpl (RaftServerImpl.java:setRole(184)) - 1360619e-ba1e-4bf9-aec1-9f15b5480b27@group-2FABE92B7E5B: changes role from  FOLLOWER to FOLLOWER at term 54 for recognizeCandidate:b88b3e43-5534-49b3-b3f2-a9f154b450de
2019-10-21 23:46:26,811 [Thread-571] INFO  impl.FollowerState (FollowerState.java:run(117)) - c58a0a02-acd3-47c8-b3e9-5b8e0493de45@group-2FABE92B7E5B-FollowerState was interrupted: java.lang.InterruptedException: sleep interrupted
2019-10-21 23:46:26,811 [grpc-default-executor-0] INFO  impl.RoleInfo (RoleInfo.java:updateAndGet(143)) - c58a0a02-acd3-47c8-b3e9-5b8e0493de45: start FollowerState
2019-10-21 23:46:26,811 [grpc-default-executor-2] INFO  impl.RoleInfo (RoleInfo.java:shutdownFollowerState(121)) - 1360619e-ba1e-4bf9-aec1-9f15b5480b27: shutdown FollowerState
2019-10-21 23:46:26,812 [grpc-default-executor-2] INFO  impl.RoleInfo (RoleInfo.java:updateAndGet(143)) - 1360619e-ba1e-4bf9-aec1-9f15b5480b27: start FollowerState
2019-10-21 23:46:26,812 [Thread-570] INFO  impl.FollowerState (FollowerState.java:run(117)) - 1360619e-ba1e-4bf9-aec1-9f15b5480b27@group-2FABE92B7E5B-FollowerState was interrupted: java.lang.InterruptedException: sleep interrupted
2019-10-21 23:46:26,916 [b88b3e43-5534-49b3-b3f2-a9f154b450de@group-2FABE92B7E5B-LeaderElection57] INFO  impl.LeaderElection (LeaderElection.java:logAndReturn(56)) - b88b3e43-5534-49b3-b3f2-a9f154b450de@group-2FABE92B7E5B-LeaderElection57: Election REJECTED; received 2 response(s) [b88b3e43-5534-49b3-b3f2-a9f154b450de<-c58a0a02-acd3-47c8-b3e9-5b8e0493de45#0:FAIL-t54, b88b3e43-5534-49b3-b3f2-a9f154b450de<-1360619e-ba1e-4bf9-aec1-9f15b5480b27#0:FAIL-t54] and 0 exception(s); b88b3e43-5534-49b3-b3f2-a9f154b450de@group-2FABE92B7E5B:t54, leader=null, voted=b88b3e43-5534-49b3-b3f2-a9f154b450de, raftlog=b88b3e43-5534-49b3-b3f2-a9f154b450de@group-2FABE92B7E5B-SegmentedRaftLog:OPENED:c-1,f-1,i0, conf=-1: [c58a0a02-acd3-47c8-b3e9-5b8e0493de45:192.168.157.254:33611, 1360619e-ba1e-4bf9-aec1-9f15b5480b27:192.168.157.254:45658, b88b3e43-5534-49b3-b3f2-a9f154b450de:192.168.157.254:46786], old=null
2019-10-21 23:46:26,917 [b88b3e43-5534-49b3-b3f2-a9f154b450de@group-2FABE92B7E5B-LeaderElection57] INFO  impl.RaftServerImpl (RaftServerImpl.java:setRole(184)) - b88b3e43-5534-49b3-b3f2-a9f154b450de@group-2FABE92B7E5B: changes role from CANDIDATE to FOLLOWER at term 54 for DISCOVERED_A_NEW_TERM
2019-10-21 23:46:26,917 [b88b3e43-5534-49b3-b3f2-a9f154b450de@group-2FABE92B7E5B-LeaderElection57] INFO  impl.RoleInfo (RoleInfo.java:shutdownLeaderElection(134)) - b88b3e43-5534-49b3-b3f2-a9f154b450de: shutdown LeaderElection
2019-10-21 23:46:26,917 [b88b3e43-5534-49b3-b3f2-a9f154b450de@group-2FABE92B7E5B-LeaderElection57] INFO  impl.RoleInfo (RoleInfo.java:updateAndGet(143)) - b88b3e43-5534-49b3-b3f2-a9f154b450de: start FollowerState
2019-10-21 23:46:26,966 [Thread-580] INFO  impl.FollowerState (FollowerState.java:run(108)) - b88b3e43-5534-49b3-b3f2-a9f154b450de@group-2FABE92B7E5B-FollowerState: change to CANDIDATE, lastRpcTime:48ms, electionTimeout:48ms
2019-10-21 23:46:26,966 [Thread-580] INFO  impl.RoleInfo (RoleInfo.java:shutdownFollowerState(121)) - b88b3e43-5534-49b3-b3f2-a9f154b450de: shutdown FollowerState
2019-10-21 23:46:26,966 [Thread-580] INFO  impl.RaftServerImpl (RaftServerImpl.java:setRole(184)) - b88b3e43-5534-49b3-b3f2-a9f154b450de@group-2FABE92B7E5B: changes role from  FOLLOWER to CANDIDATE at term 54 for changeToCandidate
2019-10-21 23:46:26,966 [Thread-580] INFO  impl.RoleInfo (RoleInfo.java:updateAndGet(143)) - b88b3e43-5534-49b3-b3f2-a9f154b450de: start LeaderElection
2019-10-21 23:46:26,980 [b88b3e43-5534-49b3-b3f2-a9f154b450de@group-2FABE92B7E5B-LeaderElection58] INFO  impl.LeaderElection (LeaderElection.java:askForVotes(178)) - b88b3e43-5534-49b3-b3f2-a9f154b450de@group-2FABE92B7E5B-LeaderElection58: begin an election at term 55 for -1: [c58a0a02-acd3-47c8-b3e9-5b8e0493de45:192.168.157.254:33611, 1360619e-ba1e-4bf9-aec1-9f15b5480b27:192.168.157.254:45658, b88b3e43-5534-49b3-b3f2-a9f154b450de:192.168.157.254:46786], old=null
2019-10-21 23:46:26,983 [grpc-default-executor-0] INFO  impl.RaftServerImpl (RaftServerImpl.java:setRole(184)) - 1360619e-ba1e-4bf9-aec1-9f15b5480b27@group-2FABE92B7E5B: changes role from  FOLLOWER to FOLLOWER at term 55 for recognizeCandidate:b88b3e43-5534-49b3-b3f2-a9f154b450de
2019-10-21 23:46:26,983 [grpc-default-executor-2] INFO  impl.RaftServerImpl (RaftServerImpl.java:setRole(184)) - c58a0a02-acd3-47c8-b3e9-5b8e0493de45@group-2FABE92B7E5B: changes role from  FOLLOWER to FOLLOWER at term 55 for recognizeCandidate:b88b3e43-5534-49b3-b3f2-a9f154b450de
2019-10-21 23:46:26,984 [grpc-default-executor-0] INFO  impl.RoleInfo (RoleInfo.java:shutdownFollowerState(121)) - 1360619e-ba1e-4bf9-aec1-9f15b5480b27: shutdown FollowerState
2019-10-21 23:46:26,984 [grpc-default-executor-2] INFO  impl.RoleInfo (RoleInfo.java:shutdownFollowerState(121)) - c58a0a02-acd3-47c8-b3e9-5b8e0493de45: shutdown FollowerState
2019-10-21 23:46:26,984 [Thread-579] INFO  impl.FollowerState (FollowerState.java:run(117)) - 1360619e-ba1e-4bf9-aec1-9f15b5480b27@group-2FABE92B7E5B-FollowerState was interrupted: java.lang.InterruptedException: sleep interrupted
2019-10-21 23:46:26,984 [Thread-578] INFO  impl.FollowerState (FollowerState.java:run(117)) - c58a0a02-acd3-47c8-b3e9-5b8e0493de45@group-2FABE92B7E5B-FollowerState was interrupted: java.lang.InterruptedException: sleep interrupted
2019-10-21 23:46:26,984 [grpc-default-executor-0] INFO  impl.RoleInfo (RoleInfo.java:updateAndGet(143)) - 1360619e-ba1e-4bf9-aec1-9f15b5480b27: start FollowerState
2019-10-21 23:46:26,984 [grpc-default-executor-2] INFO  impl.RoleInfo (RoleInfo.java:updateAndGet(143)) - c58a0a02-acd3-47c8-b3e9-5b8e0493de45: start FollowerState
2019-10-21 23:46:27,000 [b88b3e43-5534-49b3-b3f2-a9f154b450de@group-2FABE92B7E5B-LeaderElection58] INFO  impl.LeaderElection (LeaderElection.java:logAndReturn(56)) - b88b3e43-5534-49b3-b3f2-a9f154b450de@group-2FABE92B7E5B-LeaderElection58: Election TIMEOUT; received 1 response(s) [b88b3e43-5534-49b3-b3f2-a9f154b450de<-1360619e-ba1e-4bf9-aec1-9f15b5480b27#0:FAIL-t55] and 0 exception(s); b88b3e43-5534-49b3-b3f2-a9f154b450de@group-2FABE92B7E5B:t55, leader=null, voted=b88b3e43-5534-49b3-b3f2-a9f154b450de, raftlog=b88b3e43-5534-49b3-b3f2-a9f154b450de@group-2FABE92B7E5B-SegmentedRaftLog:OPENED:c-1,f-1,i0, conf=-1: [c58a0a02-acd3-47c8-b3e9-5b8e0493de45:192.168.157.254:33611, 1360619e-ba1e-4bf9-aec1-9f15b5480b27:192.168.157.254:45658, b88b3e43-5534-49b3-b3f2-a9f154b450de:192.168.157.254:46786], old=null
2019-10-21 23:46:27,014 [b88b3e43-5534-49b3-b3f2-a9f154b450de@group-2FABE92B7E5B-LeaderElection58] INFO  impl.LeaderElection (LeaderElection.java:askForVotes(178)) - b88b3e43-5534-49b3-b3f2-a9f154b450de@group-2FABE92B7E5B-LeaderElection58: begin an election at term 56 for -1: [c58a0a02-acd3-47c8-b3e9-5b8e0493de45:192.168.157.254:33611, 1360619e-ba1e-4bf9-aec1-9f15b5480b27:192.168.157.254:45658, b88b3e43-5534-49b3-b3f2-a9f154b450de:192.168.157.254:46786], old=null
2019-10-21 23:46:27,016 [grpc-default-executor-2] INFO  impl.RaftServerImpl (RaftServerImpl.java:setRole(184)) - 1360619e-ba1e-4bf9-aec1-9f15b5480b27@group-2FABE92B7E5B: changes role from  FOLLOWER to FOLLOWER at term 56 for recognizeCandidate:b88b3e43-5534-49b3-b3f2-a9f154b450de
2019-10-21 23:46:27,016 [grpc-default-executor-0] INFO  impl.RaftServerImpl (RaftServerImpl.java:setRole(184)) - c58a0a02-acd3-47c8-b3e9-5b8e0493de45@group-2FABE92B7E5B: changes role from  FOLLOWER to FOLLOWER at term 56 for recognizeCandidate:b88b3e43-5534-49b3-b3f2-a9f154b450de
2019-10-21 23:46:27,016 [grpc-default-executor-2] INFO  impl.RoleInfo (RoleInfo.java:shutdownFollowerState(121)) - 1360619e-ba1e-4bf9-aec1-9f15b5480b27: shutdown FollowerState
2019-10-21 23:46:27,017 [grpc-default-executor-0] INFO  impl.RoleInfo (RoleInfo.java:shutdownFollowerState(121)) - c58a0a02-acd3-47c8-b3e9-5b8e0493de45: shutdown FollowerState
2019-10-21 23:46:27,017 [Thread-584] INFO  impl.FollowerState (FollowerState.java:run(117)) - 1360619e-ba1e-4bf9-aec1-9f15b5480b27@group-2FABE92B7E5B-FollowerState was interrupted: java.lang.InterruptedException: sleep interrupted
2019-10-21 23:46:27,017 [grpc-default-executor-2] INFO  impl.RoleInfo (RoleInfo.java:updateAndGet(143)) - 1360619e-ba1e-4bf9-aec1-9f15b5480b27: start FollowerState
2019-10-21 23:46:27,017 [Thread-585] INFO  impl.FollowerState (FollowerState.java:run(117)) - c58a0a02-acd3-47c8-b3e9-5b8e0493de45@group-2FABE92B7E5B-FollowerState was interrupted: java.lang.InterruptedException: sleep interrupted
2019-10-21 23:46:27,017 [grpc-default-executor-0] INFO  impl.RoleInfo (RoleInfo.java:updateAndGet(143)) - c58a0a02-acd3-47c8-b3e9-5b8e0493de45: start FollowerState
2019-10-21 23:46:27,032 [b88b3e43-5534-49b3-b3f2-a9f154b450de@group-2FABE92B7E5B-LeaderElection58] INFO  impl.LeaderElection (LeaderElection.java:logAndReturn(56)) - b88b3e43-5534-49b3-b3f2-a9f154b450de@group-2FABE92B7E5B-LeaderElection58: Election REJECTED; received 2 response(s) [b88b3e43-5534-49b3-b3f2-a9f154b450de<-c58a0a02-acd3-47c8-b3e9-5b8e0493de45#0:FAIL-t56, b88b3e43-5534-49b3-b3f2-a9f154b450de<-1360619e-ba1e-4bf9-aec1-9f15b5480b27#0:FAIL-t56] and 0 exception(s); b88b3e43-5534-49b3-b3f2-a9f154b450de@group-2FABE92B7E5B:t56, leader=null, voted=b88b3e43-5534-49b3-b3f2-a9f154b450de, raftlog=b88b3e43-5534-49b3-b3f2-a9f154b450de@group-2FABE92B7E5B-SegmentedRaftLog:OPENED:c-1,f-1,i0, conf=-1: [c58a0a02-acd3-47c8-b3e9-5b8e0493de45:192.168.157.254:33611, 1360619e-ba1e-4bf9-aec1-9f15b5480b27:192.168.157.254:45658, b88b3e43-5534-49b3-b3f2-a9f154b450de:192.168.157.254:46786], old=null
2019-10-21 23:46:27,032 [b88b3e43-5534-49b3-b3f2-a9f154b450de@group-2FABE92B7E5B-LeaderElection58] INFO  impl.RaftServerImpl (RaftServerImpl.java:setRole(184)) - b88b3e43-5534-49b3-b3f2-a9f154b450de@group-2FABE92B7E5B: changes role from CANDIDATE to FOLLOWER at term 56 for DISCOVERED_A_NEW_TERM
2019-10-21 23:46:27,032 [b88b3e43-5534-49b3-b3f2-a9f154b450de@group-2FABE92B7E5B-LeaderElection58] INFO  impl.RoleInfo (RoleInfo.java:shutdownLeaderElection(134)) - b88b3e43-5534-49b3-b3f2-a9f154b450de: shutdown LeaderElection
2019-10-21 23:46:27,033 [b88b3e43-5534-49b3-b3f2-a9f154b450de@group-2FABE92B7E5B-LeaderElection58] INFO  impl.RoleInfo (RoleInfo.java:updateAndGet(143)) - b88b3e43-5534-49b3-b3f2-a9f154b450de: start FollowerState
2019-10-21 23:46:27,085 [Thread-590] INFO  impl.FollowerState (FollowerState.java:run(108)) - b88b3e43-5534-49b3-b3f2-a9f154b450de@group-2FABE92B7E5B-FollowerState: change to CANDIDATE, lastRpcTime:52ms, electionTimeout:52ms
2019-10-21 23:46:27,085 [Thread-590] INFO  impl.RoleInfo (RoleInfo.java:shutdownFollowerState(121)) - b88b3e43-5534-49b3-b3f2-a9f154b450de: shutdown FollowerState
2019-10-21 23:46:27,085 [Thread-590] INFO  impl.RaftServerImpl (RaftServerImpl.java:setRole(184)) - b88b3e43-5534-49b3-b3f2-a9f154b450de@group-2FABE92B7E5B: changes role from  FOLLOWER to CANDIDATE at term 56 for changeToCandidate
2019-10-21 23:46:27,085 [Thread-590] INFO  impl.RoleInfo (RoleInfo.java:updateAndGet(143)) - b88b3e43-5534-49b3-b3f2-a9f154b450de: start LeaderElection
2019-10-21 23:46:27,092 [b88b3e43-5534-49b3-b3f2-a9f154b450de@group-2FABE92B7E5B-LeaderElection59] INFO  impl.LeaderElection (LeaderElection.java:askForVotes(178)) - b88b3e43-5534-49b3-b3f2-a9f154b450de@group-2FABE92B7E5B-LeaderElection59: begin an election at term 57 for -1: [c58a0a02-acd3-47c8-b3e9-5b8e0493de45:192.168.157.254:33611, 1360619e-ba1e-4bf9-aec1-9f15b5480b27:192.168.157.254:45658, b88b3e43-5534-49b3-b3f2-a9f154b450de:192.168.157.254:46786], old=null
2019-10-21 23:46:27,096 [grpc-default-executor-2] INFO  impl.RaftServerImpl (RaftServerImpl.java:setRole(184)) - 1360619e-ba1e-4bf9-aec1-9f15b5480b27@group-2FABE92B7E5B: changes role from  FOLLOWER to FOLLOWER at term 57 for recognizeCandidate:b88b3e43-5534-49b3-b3f2-a9f154b450de
2019-10-21 23:46:27,096 [grpc-default-executor-0] INFO  impl.RaftServerImpl (RaftServerImpl.java:setRole(184)) - c58a0a02-acd3-47c8-b3e9-5b8e0493de45@group-2FABE92B7E5B: changes role from  FOLLOWER to FOLLOWER at term 57 for recognizeCandidate:b88b3e43-5534-49b3-b3f2-a9f154b450de
2019-10-21 23:46:27,096 [grpc-default-executor-0] INFO  impl.RoleInfo (RoleInfo.java:shutdownFollowerState(121)) - c58a0a02-acd3-47c8-b3e9-5b8e0493de45: shutdown FollowerState
2019-10-21 23:46:27,096 [grpc-default-executor-2] INFO  impl.RoleInfo (RoleInfo.java:shutdownFollowerState(121)) - 1360619e-ba1e-4bf9-aec1-9f15b5480b27: shutdown FollowerState
2019-10-21 23:46:27,097 [Thread-589] INFO  impl.FollowerState (FollowerState.java:run(117)) - c58a0a02-acd3-47c8-b3e9-5b8e0493de45@group-2FABE92B7E5B-FollowerState was interrupted: java.lang.InterruptedException: sleep interrupted
2019-10-21 23:46:27,097 [Thread-588] INFO  impl.FollowerState (FollowerState.java:run(117)) - 1360619e-ba1e-4bf9-aec1-9f15b5480b27@group-2FABE92B7E5B-FollowerState was interrupted: java.lang.InterruptedException: sleep interrupted
2019-10-21 23:46:27,097 [grpc-default-executor-0] INFO  impl.RoleInfo (RoleInfo.java:updateAndGet(143)) - c58a0a02-acd3-47c8-b3e9-5b8e0493de45: start FollowerState
2019-10-21 23:46:27,097 [grpc-default-executor-2] INFO  impl.RoleInfo (RoleInfo.java:updateAndGet(143)) - 1360619e-ba1e-4bf9-aec1-9f15b5480b27: start FollowerState
2019-10-21 23:46:27,099 [b88b3e43-5534-49b3-b3f2-a9f154b450de@group-2FABE92B7E5B-LeaderElection59] INFO  impl.LeaderElection (LeaderElection.java:logAndReturn(56)) - b88b3e43-5534-49b3-b3f2-a9f154b450de@group-2FABE92B7E5B-LeaderElection59: Election TIMEOUT; received 0 response(s) [] and 0 exception(s); b88b3e43-5534-49b3-b3f2-a9f154b450de@group-2FABE92B7E5B:t57, leader=null, voted=b88b3e43-5534-49b3-b3f2-a9f154b450de, raftlog=b88b3e43-5534-49b3-b3f2-a9f154b450de@group-2FABE92B7E5B-SegmentedRaftLog:OPENED:c-1,f-1,i0, conf=-1: [c58a0a02-acd3-47c8-b3e9-5b8e0493de45:192.168.157.254:33611, 1360619e-ba1e-4bf9-aec1-9f15b5480b27:192.168.157.254:45658, b88b3e43-5534-49b3-b3f2-a9f154b450de:192.168.157.254:46786], old=null
2019-10-21 23:46:27,107 [b88b3e43-5534-49b3-b3f2-a9f154b450de@group-2FABE92B7E5B-LeaderElection59] INFO  impl.LeaderElection (LeaderElection.java:askForVotes(178)) - b88b3e43-5534-49b3-b3f2-a9f154b450de@group-2FABE92B7E5B-LeaderElection59: begin an election at term 58 for -1: [c58a0a02-acd3-47c8-b3e9-5b8e0493de45:192.168.157.254:33611, 1360619e-ba1e-4bf9-aec1-9f15b5480b27:192.168.157.254:45658, b88b3e43-5534-49b3-b3f2-a9f154b450de:192.168.157.254:46786], old=null
2019-10-21 23:46:27,110 [grpc-default-executor-0] INFO  impl.RaftServerImpl (RaftServerImpl.java:setRole(184)) - c58a0a02-acd3-47c8-b3e9-5b8e0493de45@group-2FABE92B7E5B: changes role from  FOLLOWER to FOLLOWER at term 58 for recognizeCandidate:b88b3e43-5534-49b3-b3f2-a9f154b450de
2019-10-21 23:46:27,110 [grpc-default-executor-0] INFO  impl.RoleInfo (RoleInfo.java:shutdownFollowerState(121)) - c58a0a02-acd3-47c8-b3e9-5b8e0493de45: shutdown FollowerState
2019-10-21 23:46:27,110 [Thread-594] INFO  impl.FollowerState (FollowerState.java:run(117)) - c58a0a02-acd3-47c8-b3e9-5b8e0493de45@group-2FABE92B7E5B-FollowerState was interrupted: java.lang.InterruptedException: sleep interrupted
2019-10-21 23:46:27,110 [grpc-default-executor-0] INFO  impl.RoleInfo (RoleInfo.java:updateAndGet(143)) - c58a0a02-acd3-47c8-b3e9-5b8e0493de45: start FollowerState
2019-10-21 23:46:27,111 [grpc-default-executor-2] INFO  impl.RaftServerImpl (RaftServerImpl.java:setRole(184)) - 1360619e-ba1e-4bf9-aec1-9f15b5480b27@group-2FABE92B7E5B: changes role from  FOLLOWER to FOLLOWER at term 58 for recognizeCandidate:b88b3e43-5534-49b3-b3f2-a9f154b450de
2019-10-21 23:46:27,111 [grpc-default-executor-2] INFO  impl.RoleInfo (RoleInfo.java:shutdownFollowerState(121)) - 1360619e-ba1e-4bf9-aec1-9f15b5480b27: shutdown FollowerState
2019-10-21 23:46:27,111 [grpc-default-executor-2] INFO  impl.RoleInfo (RoleInfo.java:updateAndGet(143)) - 1360619e-ba1e-4bf9-aec1-9f15b5480b27: start FollowerState
2019-10-21 23:46:27,111 [Thread-595] INFO  impl.FollowerState (FollowerState.java:run(117)) - 1360619e-ba1e-4bf9-aec1-9f15b5480b27@group-2FABE92B7E5B-FollowerState was interrupted: java.lang.InterruptedException: sleep interrupted
2019-10-21 23:46:27,118 [b88b3e43-5534-49b3-b3f2-a9f154b450de@group-2FABE92B7E5B-LeaderElection59] INFO  impl.LeaderElection (LeaderElection.java:logAndReturn(56)) - b88b3e43-5534-49b3-b3f2-a9f154b450de@group-2FABE92B7E5B-LeaderElection59: Election REJECTED; received 2 response(s) [b88b3e43-5534-49b3-b3f2-a9f154b450de<-c58a0a02-acd3-47c8-b3e9-5b8e0493de45#0:FAIL-t58, b88b3e43-5534-49b3-b3f2-a9f154b450de<-1360619e-ba1e-4bf9-aec1-9f15b5480b27#0:FAIL-t58] and 0 exception(s); b88b3e43-5534-49b3-b3f2-a9f154b450de@group-2FABE92B7E5B:t58, leader=null, voted=b88b3e43-5534-49b3-b3f2-a9f154b450de, raftlog=b88b3e43-5534-49b3-b3f2-a9f154b450de@group-2FABE92B7E5B-SegmentedRaftLog:OPENED:c-1,f-1,i0, conf=-1: [c58a0a02-acd3-47c8-b3e9-5b8e0493de45:192.168.157.254:33611, 1360619e-ba1e-4bf9-aec1-9f15b5480b27:192.168.157.254:45658, b88b3e43-5534-49b3-b3f2-a9f154b450de:192.168.157.254:46786], old=null
2019-10-21 23:46:27,118 [b88b3e43-5534-49b3-b3f2-a9f154b450de@group-2FABE92B7E5B-LeaderElection59] INFO  impl.RaftServerImpl (RaftServerImpl.java:setRole(184)) - b88b3e43-5534-49b3-b3f2-a9f154b450de@group-2FABE92B7E5B: changes role from CANDIDATE to FOLLOWER at term 58 for DISCOVERED_A_NEW_TERM
2019-10-21 23:46:27,119 [b88b3e43-5534-49b3-b3f2-a9f154b450de@group-2FABE92B7E5B-LeaderElection59] INFO  impl.RoleInfo (RoleInfo.java:shutdownLeaderElection(134)) - b88b3e43-5534-49b3-b3f2-a9f154b450de: shutdown LeaderElection
2019-10-21 23:46:27,119 [b88b3e43-5534-49b3-b3f2-a9f154b450de@group-2FABE92B7E5B-LeaderElection59] INFO  impl.RoleInfo (RoleInfo.java:updateAndGet(143)) - b88b3e43-5534-49b3-b3f2-a9f154b450de: start FollowerState
2019-10-21 23:46:27,285 [Thread-600] INFO  impl.FollowerState (FollowerState.java:run(108)) - b88b3e43-5534-49b3-b3f2-a9f154b450de@group-2FABE92B7E5B-FollowerState: change to CANDIDATE, lastRpcTime:166ms, electionTimeout:166ms
2019-10-21 23:46:27,285 [Thread-600] INFO  impl.RoleInfo (RoleInfo.java:shutdownFollowerState(121)) - b88b3e43-5534-49b3-b3f2-a9f154b450de: shutdown FollowerState
2019-10-21 23:46:27,285 [Thread-600] INFO  impl.RaftServerImpl (RaftServerImpl.java:setRole(184)) - b88b3e43-5534-49b3-b3f2-a9f154b450de@group-2FABE92B7E5B: changes role from  FOLLOWER to CANDIDATE at term 58 for changeToCandidate
2019-10-21 23:46:27,286 [Thread-600] INFO  impl.RoleInfo (RoleInfo.java:updateAndGet(143)) - b88b3e43-5534-49b3-b3f2-a9f154b450de: start LeaderElection
2019-10-21 23:46:27,299 [b88b3e43-5534-49b3-b3f2-a9f154b450de@group-2FABE92B7E5B-LeaderElection60] INFO  impl.LeaderElection (LeaderElection.java:askForVotes(178)) - b88b3e43-5534-49b3-b3f2-a9f154b450de@group-2FABE92B7E5B-LeaderElection60: begin an election at term 59 for -1: [c58a0a02-acd3-47c8-b3e9-5b8e0493de45:192.168.157.254:33611, 1360619e-ba1e-4bf9-aec1-9f15b5480b27:192.168.157.254:45658, b88b3e43-5534-49b3-b3f2-a9f154b450de:192.168.157.254:46786], old=null
2019-10-21 23:46:27,302 [grpc-default-executor-0] INFO  impl.RaftServerImpl (RaftServerImpl.java:setRole(184)) - 1360619e-ba1e-4bf9-aec1-9f15b5480b27@group-2FABE92B7E5B: changes role from  FOLLOWER to FOLLOWER at term 59 for recognizeCandidate:b88b3e43-5534-49b3-b3f2-a9f154b450de
2019-10-21 23:46:27,302 [grpc-default-executor-2] INFO  impl.RaftServerImpl (RaftServerImpl.java:setRole(184)) - c58a0a02-acd3-47c8-b3e9-5b8e0493de45@group-2FABE92B7E5B: changes role from  FOLLOWER to FOLLOWER at term 59 for recognizeCandidate:b88b3e43-5534-49b3-b3f2-a9f154b450de
2019-10-21 23:46:27,303 [grpc-default-executor-0] INFO  impl.RoleInfo (RoleInfo.java:shutdownFollowerState(121)) - 1360619e-ba1e-4bf9-aec1-9f15b5480b27: shutdown FollowerState
2019-10-21 23:46:27,303 [grpc-default-executor-2] INFO  impl.RoleInfo (RoleInfo.java:shutdownFollowerState(121)) - c58a0a02-acd3-47c8-b3e9-5b8e0493de45: shutdown FollowerState
2019-10-21 23:46:27,303 [Thread-599] INFO  impl.FollowerState (FollowerState.java:run(117)) - 1360619e-ba1e-4bf9-aec1-9f15b5480b27@group-2FABE92B7E5B-FollowerState was interrupted: java.lang.InterruptedException: sleep interrupted
2019-10-21 23:46:27,303 [grpc-default-executor-0] INFO  impl.RoleInfo (RoleInfo.java:updateAndGet(143)) - 1360619e-ba1e-4bf9-aec1-9f15b5480b27: start FollowerState
2019-10-21 23:46:27,303 [Thread-598] INFO  impl.FollowerState (FollowerState.java:run(117)) - c58a0a02-acd3-47c8-b3e9-5b8e0493de45@group-2FABE92B7E5B-FollowerState was interrupted: java.lang.InterruptedException: sleep interrupted
2019-10-21 23:46:27,303 [grpc-default-executor-2] INFO  impl.RoleInfo (RoleInfo.java:updateAndGet(143)) - c58a0a02-acd3-47c8-b3e9-5b8e0493de45: start FollowerState
2019-10-21 23:46:27,318 [b88b3e43-5534-49b3-b3f2-a9f154b450de@group-2FABE92B7E5B-LeaderElection60] INFO  impl.LeaderElection (LeaderElection.java:logAndReturn(56)) - b88b3e43-5534-49b3-b3f2-a9f154b450de@group-2FABE92B7E5B-LeaderElection60: Election REJECTED; received 2 response(s) [b88b3e43-5534-49b3-b3f2-a9f154b450de<-c58a0a02-acd3-47c8-b3e9-5b8e0493de45#0:FAIL-t59, b88b3e43-5534-49b3-b3f2-a9f154b450de<-1360619e-ba1e-4bf9-aec1-9f15b5480b27#0:FAIL-t59] and 0 exception(s); b88b3e43-5534-49b3-b3f2-a9f154b450de@group-2FABE92B7E5B:t59, leader=null, voted=b88b3e43-5534-49b3-b3f2-a9f154b450de, raftlog=b88b3e43-5534-49b3-b3f2-a9f154b450de@group-2FABE92B7E5B-SegmentedRaftLog:OPENED:c-1,f-1,i0, conf=-1: [c58a0a02-acd3-47c8-b3e9-5b8e0493de45:192.168.157.254:33611, 1360619e-ba1e-4bf9-aec1-9f15b5480b27:192.168.157.254:45658, b88b3e43-5534-49b3-b3f2-a9f154b450de:192.168.157.254:46786], old=null
2019-10-21 23:46:27,318 [b88b3e43-5534-49b3-b3f2-a9f154b450de@group-2FABE92B7E5B-LeaderElection60] INFO  impl.RaftServerImpl (RaftServerImpl.java:setRole(184)) - b88b3e43-5534-49b3-b3f2-a9f154b450de@group-2FABE92B7E5B: changes role from CANDIDATE to FOLLOWER at term 59 for DISCOVERED_A_NEW_TERM
2019-10-21 23:46:27,318 [b88b3e43-5534-49b3-b3f2-a9f154b450de@group-2FABE92B7E5B-LeaderElection60] INFO  impl.RoleInfo (RoleInfo.java:shutdownLeaderElection(134)) - b88b3e43-5534-49b3-b3f2-a9f154b450de: shutdown LeaderElection
2019-10-21 23:46:27,318 [b88b3e43-5534-49b3-b3f2-a9f154b450de@group-2FABE92B7E5B-LeaderElection60] INFO  impl.RoleInfo (RoleInfo.java:updateAndGet(143)) - b88b3e43-5534-49b3-b3f2-a9f154b450de: start FollowerState
2019-10-21 23:46:27,327 [Thread-606] INFO  impl.FollowerState (FollowerState.java:run(108)) - b88b3e43-5534-49b3-b3f2-a9f154b450de@group-2FABE92B7E5B-FollowerState: change to CANDIDATE, lastRpcTime:8ms, electionTimeout:8ms
2019-10-21 23:46:27,327 [Thread-606] INFO  impl.RoleInfo (RoleInfo.java:shutdownFollowerState(121)) - b88b3e43-5534-49b3-b3f2-a9f154b450de: shutdown FollowerState
2019-10-21 23:46:27,327 [Thread-606] INFO  impl.RaftServerImpl (RaftServerImpl.java:setRole(184)) - b88b3e43-5534-49b3-b3f2-a9f154b450de@group-2FABE92B7E5B: changes role from  FOLLOWER to CANDIDATE at term 59 for changeToCandidate
2019-10-21 23:46:27,327 [Thread-606] INFO  impl.RoleInfo (RoleInfo.java:updateAndGet(143)) - b88b3e43-5534-49b3-b3f2-a9f154b450de: start LeaderElection
2019-10-21 23:46:27,337 [b88b3e43-5534-49b3-b3f2-a9f154b450de@group-2FABE92B7E5B-LeaderElection61] INFO  impl.LeaderElection (LeaderElection.java:askForVotes(178)) - b88b3e43-5534-49b3-b3f2-a9f154b450de@group-2FABE92B7E5B-LeaderElection61: begin an election at term 60 for -1: [c58a0a02-acd3-47c8-b3e9-5b8e0493de45:192.168.157.254:33611, 1360619e-ba1e-4bf9-aec1-9f15b5480b27:192.168.157.254:45658, b88b3e43-5534-49b3-b3f2-a9f154b450de:192.168.157.254:46786], old=null
2019-10-21 23:46:27,339 [grpc-default-executor-0] INFO  impl.RaftServerImpl (RaftServerImpl.java:setRole(184)) - c58a0a02-acd3-47c8-b3e9-5b8e0493de45@group-2FABE92B7E5B: changes role from  FOLLOWER to FOLLOWER at term 60 for recognizeCandidate:b88b3e43-5534-49b3-b3f2-a9f154b450de
2019-10-21 23:46:27,339 [grpc-default-executor-0] INFO  impl.RoleInfo (RoleInfo.java:shutdownFollowerState(121)) - c58a0a02-acd3-47c8-b3e9-5b8e0493de45: shutdown FollowerState
2019-10-21 23:46:27,339 [grpc-default-executor-0] INFO  impl.RoleInfo (RoleInfo.java:updateAndGet(143)) - c58a0a02-acd3-47c8-b3e9-5b8e0493de45: start FollowerState
2019-10-21 23:46:27,339 [Thread-605] INFO  impl.FollowerState (FollowerState.java:run(117)) - c58a0a02-acd3-47c8-b3e9-5b8e0493de45@group-2FABE92B7E5B-FollowerState was interrupted: java.lang.InterruptedException: sleep interrupted
2019-10-21 23:46:27,340 [grpc-default-executor-2] INFO  impl.RaftServerImpl (RaftServerImpl.java:setRole(184)) - 1360619e-ba1e-4bf9-aec1-9f15b5480b27@group-2FABE92B7E5B: changes role from  FOLLOWER to FOLLOWER at term 60 for recognizeCandidate:b88b3e43-5534-49b3-b3f2-a9f154b450de
2019-10-21 23:46:27,340 [grpc-default-executor-2] INFO  impl.RoleInfo (RoleInfo.java:shutdownFollowerState(121)) - 1360619e-ba1e-4bf9-aec1-9f15b5480b27: shutdown FollowerState
2019-10-21 23:46:27,340 [grpc-default-executor-2] INFO  impl.RoleInfo (RoleInfo.java:updateAndGet(143)) - 1360619e-ba1e-4bf9-aec1-9f15b5480b27: start FollowerState
2019-10-21 23:46:27,340 [Thread-604] INFO  impl.FollowerState (FollowerState.java:run(117)) - 1360619e-ba1e-4bf9-aec1-9f15b5480b27@group-2FABE92B7E5B-FollowerState was interrupted: java.lang.InterruptedException: sleep interrupted
2019-10-21 23:46:27,359 [b88b3e43-5534-49b3-b3f2-a9f154b450de@group-2FABE92B7E5B-LeaderElection61] INFO  impl.LeaderElection (LeaderElection.java:logAndReturn(56)) - b88b3e43-5534-49b3-b3f2-a9f154b450de@group-2FABE92B7E5B-LeaderElection61: Election REJECTED; received 2 response(s) [b88b3e43-5534-49b3-b3f2-a9f154b450de<-c58a0a02-acd3-47c8-b3e9-5b8e0493de45#0:FAIL-t60, b88b3e43-5534-49b3-b3f2-a9f154b450de<-1360619e-ba1e-4bf9-aec1-9f15b5480b27#0:FAIL-t60] and 0 exception(s); b88b3e43-5534-49b3-b3f2-a9f154b450de@group-2FABE92B7E5B:t60, leader=null, voted=b88b3e43-5534-49b3-b3f2-a9f154b450de, raftlog=b88b3e43-5534-49b3-b3f2-a9f154b450de@group-2FABE92B7E5B-SegmentedRaftLog:OPENED:c-1,f-1,i0, conf=-1: [c58a0a02-acd3-47c8-b3e9-5b8e0493de45:192.168.157.254:33611, 1360619e-ba1e-4bf9-aec1-9f15b5480b27:192.168.157.254:45658, b88b3e43-5534-49b3-b3f2-a9f154b450de:192.168.157.254:46786], old=null
2019-10-21 23:46:27,359 [b88b3e43-5534-49b3-b3f2-a9f154b450de@group-2FABE92B7E5B-LeaderElection61] INFO  impl.RaftServerImpl (RaftServerImpl.java:setRole(184)) - b88b3e43-5534-49b3-b3f2-a9f154b450de@group-2FABE92B7E5B: changes role from CANDIDATE to FOLLOWER at term 60 for DISCOVERED_A_NEW_TERM
2019-10-21 23:46:27,359 [b88b3e43-5534-49b3-b3f2-a9f154b450de@group-2FABE92B7E5B-LeaderElection61] INFO  impl.RoleInfo (RoleInfo.java:shutdownLeaderElection(134)) - b88b3e43-5534-49b3-b3f2-a9f154b450de: shutdown LeaderElection
2019-10-21 23:46:27,359 [b88b3e43-5534-49b3-b3f2-a9f154b450de@group-2FABE92B7E5B-LeaderElection61] INFO  impl.RoleInfo (RoleInfo.java:updateAndGet(143)) - b88b3e43-5534-49b3-b3f2-a9f154b450de: start FollowerState
2019-10-21 23:46:27,406 [Thread-612] INFO  impl.FollowerState (FollowerState.java:run(108)) - b88b3e43-5534-49b3-b3f2-a9f154b450de@group-2FABE92B7E5B-FollowerState: change to CANDIDATE, lastRpcTime:46ms, electionTimeout:46ms
2019-10-21 23:46:27,406 [Thread-612] INFO  impl.RoleInfo (RoleInfo.java:shutdownFollowerState(121)) - b88b3e43-5534-49b3-b3f2-a9f154b450de: shutdown FollowerState
2019-10-21 23:46:27,406 [Thread-612] INFO  impl.RaftServerImpl (RaftServerImpl.java:setRole(184)) - b88b3e43-5534-49b3-b3f2-a9f154b450de@group-2FABE92B7E5B: changes role from  FOLLOWER to CANDIDATE at term 60 for changeToCandidate
2019-10-21 23:46:27,406 [Thread-612] INFO  impl.RoleInfo (RoleInfo.java:updateAndGet(143)) - b88b3e43-5534-49b3-b3f2-a9f154b450de: start LeaderElection
2019-10-21 23:46:27,420 [b88b3e43-5534-49b3-b3f2-a9f154b450de@group-2FABE92B7E5B-LeaderElection62] INFO  impl.LeaderElection (LeaderElection.java:askForVotes(178)) - b88b3e43-5534-49b3-b3f2-a9f154b450de@group-2FABE92B7E5B-LeaderElection62: begin an election at term 61 for -1: [c58a0a02-acd3-47c8-b3e9-5b8e0493de45:192.168.157.254:33611, 1360619e-ba1e-4bf9-aec1-9f15b5480b27:192.168.157.254:45658, b88b3e43-5534-49b3-b3f2-a9f154b450de:192.168.157.254:46786], old=null
2019-10-21 23:46:27,424 [grpc-default-executor-0] INFO  impl.RaftServerImpl (RaftServerImpl.java:setRole(184)) - c58a0a02-acd3-47c8-b3e9-5b8e0493de45@group-2FABE92B7E5B: changes role from  FOLLOWER to FOLLOWER at term 61 for recognizeCandidate:b88b3e43-5534-49b3-b3f2-a9f154b450de
2019-10-21 23:46:27,425 [grpc-default-executor-0] INFO  impl.RoleInfo (RoleInfo.java:shutdownFollowerState(121)) - c58a0a02-acd3-47c8-b3e9-5b8e0493de45: shutdown FollowerState
2019-10-21 23:46:27,424 [grpc-default-executor-2] INFO  impl.RaftServerImpl (RaftServerImpl.java:setRole(184)) - 1360619e-ba1e-4bf9-aec1-9f15b5480b27@group-2FABE92B7E5B: changes role from  FOLLOWER to FOLLOWER at term 61 for recognizeCandidate:b88b3e43-5534-49b3-b3f2-a9f154b450de
2019-10-21 23:46:27,425 [Thread-610] INFO  impl.FollowerState (FollowerState.java:run(117)) - c58a0a02-acd3-47c8-b3e9-5b8e0493de45@group-2FABE92B7E5B-FollowerState was interrupted: java.lang.InterruptedException: sleep interrupted
2019-10-21 23:46:27,425 [grpc-default-executor-0] INFO  impl.RoleInfo (RoleInfo.java:updateAndGet(143)) - c58a0a02-acd3-47c8-b3e9-5b8e0493de45: start FollowerState
2019-10-21 23:46:27,425 [grpc-default-executor-2] INFO  impl.RoleInfo (RoleInfo.java:shutdownFollowerState(121)) - 1360619e-ba1e-4bf9-aec1-9f15b5480b27: shutdown FollowerState
2019-10-21 23:46:27,426 [grpc-default-executor-2] INFO  impl.RoleInfo (RoleInfo.java:updateAndGet(143)) - 1360619e-ba1e-4bf9-aec1-9f15b5480b27: start FollowerState
2019-10-21 23:46:27,426 [Thread-611] INFO  impl.FollowerState (FollowerState.java:run(117)) - 1360619e-ba1e-4bf9-aec1-9f15b5480b27@group-2FABE92B7E5B-FollowerState was interrupted: java.lang.InterruptedException: sleep interrupted
2019-10-21 23:46:27,441 [b88b3e43-5534-49b3-b3f2-a9f154b450de@group-2FABE92B7E5B-LeaderElection62] INFO  impl.LeaderElection (LeaderElection.java:logAndReturn(56)) - b88b3e43-5534-49b3-b3f2-a9f154b450de@group-2FABE92B7E5B-LeaderElection62: Election REJECTED; received 2 response(s) [b88b3e43-5534-49b3-b3f2-a9f154b450de<-c58a0a02-acd3-47c8-b3e9-5b8e0493de45#0:FAIL-t61, b88b3e43-5534-49b3-b3f2-a9f154b450de<-1360619e-ba1e-4bf9-aec1-9f15b5480b27#0:FAIL-t61] and 0 exception(s); b88b3e43-5534-49b3-b3f2-a9f154b450de@group-2FABE92B7E5B:t61, leader=null, voted=b88b3e43-5534-49b3-b3f2-a9f154b450de, raftlog=b88b3e43-5534-49b3-b3f2-a9f154b450de@group-2FABE92B7E5B-SegmentedRaftLog:OPENED:c-1,f-1,i0, conf=-1: [c58a0a02-acd3-47c8-b3e9-5b8e0493de45:192.168.157.254:33611, 1360619e-ba1e-4bf9-aec1-9f15b5480b27:192.168.157.254:45658, b88b3e43-5534-49b3-b3f2-a9f154b450de:192.168.157.254:46786], old=null
2019-10-21 23:46:27,441 [b88b3e43-5534-49b3-b3f2-a9f154b450de@group-2FABE92B7E5B-LeaderElection62] INFO  impl.RaftServerImpl (RaftServerImpl.java:setRole(184)) - b88b3e43-5534-49b3-b3f2-a9f154b450de@group-2FABE92B7E5B: changes role from CANDIDATE to FOLLOWER at term 61 for DISCOVERED_A_NEW_TERM
2019-10-21 23:46:27,441 [b88b3e43-5534-49b3-b3f2-a9f154b450de@group-2FABE92B7E5B-LeaderElection62] INFO  impl.RoleInfo (RoleInfo.java:shutdownLeaderElection(134)) - b88b3e43-5534-49b3-b3f2-a9f154b450de: shutdown LeaderElection
2019-10-21 23:46:27,441 [b88b3e43-5534-49b3-b3f2-a9f154b450de@group-2FABE92B7E5B-LeaderElection62] INFO  impl.RoleInfo (RoleInfo.java:updateAndGet(143)) - b88b3e43-5534-49b3-b3f2-a9f154b450de: start FollowerState
2019-10-21 23:46:27,463 [Thread-618] INFO  impl.FollowerState (FollowerState.java:run(108)) - b88b3e43-5534-49b3-b3f2-a9f154b450de@group-2FABE92B7E5B-FollowerState: change to CANDIDATE, lastRpcTime:22ms, electionTimeout:22ms
2019-10-21 23:46:27,464 [Thread-618] INFO  impl.RoleInfo (RoleInfo.java:shutdownFollowerState(121)) - b88b3e43-5534-49b3-b3f2-a9f154b450de: shutdown FollowerState
2019-10-21 23:46:27,464 [Thread-618] INFO  impl.RaftServerImpl (RaftServerImpl.java:setRole(184)) - b88b3e43-5534-49b3-b3f2-a9f154b450de@group-2FABE92B7E5B: changes role from  FOLLOWER to CANDIDATE at term 61 for changeToCandidate
2019-10-21 23:46:27,464 [Thread-618] INFO  impl.RoleInfo (RoleInfo.java:updateAndGet(143)) - b88b3e43-5534-49b3-b3f2-a9f154b450de: start LeaderElection
2019-10-21 23:46:27,477 [b88b3e43-5534-49b3-b3f2-a9f154b450de@group-2FABE92B7E5B-LeaderElection63] INFO  impl.LeaderElection (LeaderElection.java:askForVotes(178)) - b88b3e43-5534-49b3-b3f2-a9f154b450de@group-2FABE92B7E5B-LeaderElection63: begin an election at term 62 for -1: [c58a0a02-acd3-47c8-b3e9-5b8e0493de45:192.168.157.254:33611, 1360619e-ba1e-4bf9-aec1-9f15b5480b27:192.168.157.254:45658, b88b3e43-5534-49b3-b3f2-a9f154b450de:192.168.157.254:46786], old=null
2019-10-21 23:46:27,479 [grpc-default-executor-2] INFO  impl.RaftServerImpl (RaftServerImpl.java:setRole(184)) - c58a0a02-acd3-47c8-b3e9-5b8e0493de45@group-2FABE92B7E5B: changes role from  FOLLOWER to FOLLOWER at term 62 for recognizeCandidate:b88b3e43-5534-49b3-b3f2-a9f154b450de
2019-10-21 23:46:27,479 [grpc-default-executor-2] INFO  impl.RoleInfo (RoleInfo.java:shutdownFollowerState(121)) - c58a0a02-acd3-47c8-b3e9-5b8e0493de45: shutdown FollowerState
2019-10-21 23:46:27,479 [grpc-default-executor-0] INFO  impl.RaftServerImpl (RaftServerImpl.java:setRole(184)) - 1360619e-ba1e-4bf9-aec1-9f15b5480b27@group-2FABE92B7E5B: changes role from  FOLLOWER to FOLLOWER at term 62 for recognizeCandidate:b88b3e43-5534-49b3-b3f2-a9f154b450de
2019-10-21 23:46:27,479 [grpc-default-executor-2] INFO  impl.RoleInfo (RoleInfo.java:updateAndGet(143)) - c58a0a02-acd3-47c8-b3e9-5b8e0493de45: start FollowerState
2019-10-21 23:46:27,479 [Thread-616] INFO  impl.FollowerState (FollowerState.java:run(117)) - c58a0a02-acd3-47c8-b3e9-5b8e0493de45@group-2FABE92B7E5B-FollowerState was interrupted: java.lang.InterruptedException: sleep interrupted
2019-10-21 23:46:27,479 [grpc-default-executor-0] INFO  impl.RoleInfo (RoleInfo.java:shutdownFollowerState(121)) - 1360619e-ba1e-4bf9-aec1-9f15b5480b27: shutdown FollowerState
2019-10-21 23:46:27,480 [grpc-default-executor-0] INFO  impl.RoleInfo (RoleInfo.java:updateAndGet(143)) - 1360619e-ba1e-4bf9-aec1-9f15b5480b27: start FollowerState
2019-10-21 23:46:27,480 [Thread-617] INFO  impl.FollowerState (FollowerState.java:run(117)) - 1360619e-ba1e-4bf9-aec1-9f15b5480b27@group-2FABE92B7E5B-FollowerState was interrupted: java.lang.InterruptedException: sleep interrupted
2019-10-21 23:46:27,496 [b88b3e43-5534-49b3-b3f2-a9f154b450de@group-2FABE92B7E5B-LeaderElection63] INFO  impl.LeaderElection (LeaderElection.java:logAndReturn(56)) - b88b3e43-5534-49b3-b3f2-a9f154b450de@group-2FABE92B7E5B-LeaderElection63: Election REJECTED; received 2 response(s) [b88b3e43-5534-49b3-b3f2-a9f154b450de<-c58a0a02-acd3-47c8-b3e9-5b8e0493de45#0:FAIL-t62, b88b3e43-5534-49b3-b3f2-a9f154b450de<-1360619e-ba1e-4bf9-aec1-9f15b5480b27#0:FAIL-t62] and 0 exception(s); b88b3e43-5534-49b3-b3f2-a9f154b450de@group-2FABE92B7E5B:t62, leader=null, voted=b88b3e43-5534-49b3-b3f2-a9f154b450de, raftlog=b88b3e43-5534-49b3-b3f2-a9f154b450de@group-2FABE92B7E5B-SegmentedRaftLog:OPENED:c-1,f-1,i0, conf=-1: [c58a0a02-acd3-47c8-b3e9-5b8e0493de45:192.168.157.254:33611, 1360619e-ba1e-4bf9-aec1-9f15b5480b27:192.168.157.254:45658, b88b3e43-5534-49b3-b3f2-a9f154b450de:192.168.157.254:46786], old=null
2019-10-21 23:46:27,497 [b88b3e43-5534-49b3-b3f2-a9f154b450de@group-2FABE92B7E5B-LeaderElection63] INFO  impl.RaftServerImpl (RaftServerImpl.java:setRole(184)) - b88b3e43-5534-49b3-b3f2-a9f154b450de@group-2FABE92B7E5B: changes role from CANDIDATE to FOLLOWER at term 62 for DISCOVERED_A_NEW_TERM
2019-10-21 23:46:27,497 [b88b3e43-5534-49b3-b3f2-a9f154b450de@group-2FABE92B7E5B-LeaderElection63] INFO  impl.RoleInfo (RoleInfo.java:shutdownLeaderElection(134)) - b88b3e43-5534-49b3-b3f2-a9f154b450de: shutdown LeaderElection
2019-10-21 23:46:27,497 [b88b3e43-5534-49b3-b3f2-a9f154b450de@group-2FABE92B7E5B-LeaderElection63] INFO  impl.RoleInfo (RoleInfo.java:updateAndGet(143)) - b88b3e43-5534-49b3-b3f2-a9f154b450de: start FollowerState
2019-10-21 23:46:27,648 [Thread-624] INFO  impl.FollowerState (FollowerState.java:run(108)) - b88b3e43-5534-49b3-b3f2-a9f154b450de@group-2FABE92B7E5B-FollowerState: change to CANDIDATE, lastRpcTime:151ms, electionTimeout:151ms
2019-10-21 23:46:27,648 [Thread-624] INFO  impl.RoleInfo (RoleInfo.java:shutdownFollowerState(121)) - b88b3e43-5534-49b3-b3f2-a9f154b450de: shutdown FollowerState
2019-10-21 23:46:27,648 [Thread-624] INFO  impl.RaftServerImpl (RaftServerImpl.java:setRole(184)) - b88b3e43-5534-49b3-b3f2-a9f154b450de@group-2FABE92B7E5B: changes role from  FOLLOWER to CANDIDATE at term 62 for changeToCandidate
2019-10-21 23:46:27,649 [Thread-624] INFO  impl.RoleInfo (RoleInfo.java:updateAndGet(143)) - b88b3e43-5534-49b3-b3f2-a9f154b450de: start LeaderElection
2019-10-21 23:46:27,654 [b88b3e43-5534-49b3-b3f2-a9f154b450de@group-2FABE92B7E5B-LeaderElection64] INFO  impl.LeaderElection (LeaderElection.java:askForVotes(178)) - b88b3e43-5534-49b3-b3f2-a9f154b450de@group-2FABE92B7E5B-LeaderElection64: begin an election at term 63 for -1: [c58a0a02-acd3-47c8-b3e9-5b8e0493de45:192.168.157.254:33611, 1360619e-ba1e-4bf9-aec1-9f15b5480b27:192.168.157.254:45658, b88b3e43-5534-49b3-b3f2-a9f154b450de:192.168.157.254:46786], old=null
2019-10-21 23:46:27,657 [grpc-default-executor-0] INFO  impl.RaftServerImpl (RaftServerImpl.java:setRole(184)) - 1360619e-ba1e-4bf9-aec1-9f15b5480b27@group-2FABE92B7E5B: changes role from  FOLLOWER to FOLLOWER at term 63 for recognizeCandidate:b88b3e43-5534-49b3-b3f2-a9f154b450de
2019-10-21 23:46:27,657 [grpc-default-executor-2] INFO  impl.RaftServerImpl (RaftServerImpl.java:setRole(184)) - c58a0a02-acd3-47c8-b3e9-5b8e0493de45@group-2FABE92B7E5B: changes role from  FOLLOWER to FOLLOWER at term 63 for recognizeCandidate:b88b3e43-5534-49b3-b3f2-a9f154b450de
2019-10-21 23:46:27,657 [grpc-default-executor-0] INFO  impl.RoleInfo (RoleInfo.java:shutdownFollowerState(121)) - 1360619e-ba1e-4bf9-aec1-9f15b5480b27: shutdown FollowerState
2019-10-21 23:46:27,657 [grpc-default-executor-2] INFO  impl.RoleInfo (RoleInfo.java:shutdownFollowerState(121)) - c58a0a02-acd3-47c8-b3e9-5b8e0493de45: shutdown FollowerState
2019-10-21 23:46:27,658 [Thread-623] INFO  impl.FollowerState (FollowerState.java:run(117)) - 1360619e-ba1e-4bf9-aec1-9f15b5480b27@group-2FABE92B7E5B-FollowerState was interrupted: java.lang.InterruptedException: sleep interrupted
2019-10-21 23:46:27,658 [grpc-default-executor-0] INFO  impl.RoleInfo (RoleInfo.java:updateAndGet(143)) - 1360619e-ba1e-4bf9-aec1-9f15b5480b27: start FollowerState
2019-10-21 23:46:27,658 [Thread-622] INFO  impl.FollowerState (FollowerState.java:run(117)) - c58a0a02-acd3-47c8-b3e9-5b8e0493de45@group-2FABE92B7E5B-FollowerState was interrupted: java.lang.InterruptedException: sleep interrupted
2019-10-21 23:46:27,658 [grpc-default-executor-2] INFO  impl.RoleInfo (RoleInfo.java:updateAndGet(143)) - c58a0a02-acd3-47c8-b3e9-5b8e0493de45: start FollowerState
2019-10-21 23:46:27,674 [b88b3e43-5534-49b3-b3f2-a9f154b450de@group-2FABE92B7E5B-LeaderElection64] INFO  impl.LeaderElection (LeaderElection.java:logAndReturn(56)) - b88b3e43-5534-49b3-b3f2-a9f154b450de@group-2FABE92B7E5B-LeaderElection64: Election REJECTED; received 2 response(s) [b88b3e43-5534-49b3-b3f2-a9f154b450de<-c58a0a02-acd3-47c8-b3e9-5b8e0493de45#0:FAIL-t63, b88b3e43-5534-49b3-b3f2-a9f154b450de<-1360619e-ba1e-4bf9-aec1-9f15b5480b27#0:FAIL-t63] and 0 exception(s); b88b3e43-5534-49b3-b3f2-a9f154b450de@group-2FABE92B7E5B:t63, leader=null, voted=b88b3e43-5534-49b3-b3f2-a9f154b450de, raftlog=b88b3e43-5534-49b3-b3f2-a9f154b450de@group-2FABE92B7E5B-SegmentedRaftLog:OPENED:c-1,f-1,i0, conf=-1: [c58a0a02-acd3-47c8-b3e9-5b8e0493de45:192.168.157.254:33611, 1360619e-ba1e-4bf9-aec1-9f15b5480b27:192.168.157.254:45658, b88b3e43-5534-49b3-b3f2-a9f154b450de:192.168.157.254:46786], old=null
2019-10-21 23:46:27,674 [b88b3e43-5534-49b3-b3f2-a9f154b450de@group-2FABE92B7E5B-LeaderElection64] INFO  impl.RaftServerImpl (RaftServerImpl.java:setRole(184)) - b88b3e43-5534-49b3-b3f2-a9f154b450de@group-2FABE92B7E5B: changes role from CANDIDATE to FOLLOWER at term 63 for DISCOVERED_A_NEW_TERM
2019-10-21 23:46:27,674 [b88b3e43-5534-49b3-b3f2-a9f154b450de@group-2FABE92B7E5B-LeaderElection64] INFO  impl.RoleInfo (RoleInfo.java:shutdownLeaderElection(134)) - b88b3e43-5534-49b3-b3f2-a9f154b450de: shutdown LeaderElection
2019-10-21 23:46:27,674 [b88b3e43-5534-49b3-b3f2-a9f154b450de@group-2FABE92B7E5B-LeaderElection64] INFO  impl.RoleInfo (RoleInfo.java:updateAndGet(143)) - b88b3e43-5534-49b3-b3f2-a9f154b450de: start FollowerState
2019-10-21 23:46:27,847 [Thread-631] INFO  impl.FollowerState (FollowerState.java:run(108)) - b88b3e43-5534-49b3-b3f2-a9f154b450de@group-2FABE92B7E5B-FollowerState: change to CANDIDATE, lastRpcTime:172ms, electionTimeout:172ms
2019-10-21 23:46:27,847 [Thread-631] INFO  impl.RoleInfo (RoleInfo.java:shutdownFollowerState(121)) - b88b3e43-5534-49b3-b3f2-a9f154b450de: shutdown FollowerState
2019-10-21 23:46:27,847 [Thread-631] INFO  impl.RaftServerImpl (RaftServerImpl.java:setRole(184)) - b88b3e43-5534-49b3-b3f2-a9f154b450de@group-2FABE92B7E5B: changes role from  FOLLOWER to CANDIDATE at term 63 for changeToCandidate
2019-10-21 23:46:27,847 [Thread-631] INFO  impl.RoleInfo (RoleInfo.java:updateAndGet(143)) - b88b3e43-5534-49b3-b3f2-a9f154b450de: start LeaderElection
2019-10-21 23:46:27,853 [b88b3e43-5534-49b3-b3f2-a9f154b450de@group-2FABE92B7E5B-LeaderElection65] INFO  impl.LeaderElection (LeaderElection.java:askForVotes(178)) - b88b3e43-5534-49b3-b3f2-a9f154b450de@group-2FABE92B7E5B-LeaderElection65: begin an election at term 64 for -1: [c58a0a02-acd3-47c8-b3e9-5b8e0493de45:192.168.157.254:33611, 1360619e-ba1e-4bf9-aec1-9f15b5480b27:192.168.157.254:45658, b88b3e43-5534-49b3-b3f2-a9f154b450de:192.168.157.254:46786], old=null
2019-10-21 23:46:27,856 [grpc-default-executor-2] INFO  impl.RaftServerImpl (RaftServerImpl.java:setRole(184)) - c58a0a02-acd3-47c8-b3e9-5b8e0493de45@group-2FABE92B7E5B: changes role from  FOLLOWER to FOLLOWER at term 64 for recognizeCandidate:b88b3e43-5534-49b3-b3f2-a9f154b450de
2019-10-21 23:46:27,856 [grpc-default-executor-0] INFO  impl.RaftServerImpl (RaftServerImpl.java:setRole(184)) - 1360619e-ba1e-4bf9-aec1-9f15b5480b27@group-2FABE92B7E5B: changes role from  FOLLOWER to FOLLOWER at term 64 for recognizeCandidate:b88b3e43-5534-49b3-b3f2-a9f154b450de
2019-10-21 23:46:27,856 [grpc-default-executor-2] INFO  impl.RoleInfo (RoleInfo.java:shutdownFollowerState(121)) - c58a0a02-acd3-47c8-b3e9-5b8e0493de45: shutdown FollowerState
2019-10-21 23:46:27,856 [grpc-default-executor-0] INFO  impl.RoleInfo (RoleInfo.java:shutdownFollowerState(121)) - 1360619e-ba1e-4bf9-aec1-9f15b5480b27: shutdown FollowerState
2019-10-21 23:46:27,856 [Thread-629] INFO  impl.FollowerState (FollowerState.java:run(117)) - c58a0a02-acd3-47c8-b3e9-5b8e0493de45@group-2FABE92B7E5B-FollowerState was interrupted: java.lang.InterruptedException: sleep interrupted
2019-10-21 23:46:27,856 [grpc-default-executor-2] INFO  impl.RoleInfo (RoleInfo.java:updateAndGet(143)) - c58a0a02-acd3-47c8-b3e9-5b8e0493de45: start FollowerState
2019-10-21 23:46:27,857 [Thread-628] INFO  impl.FollowerState (FollowerState.java:run(117)) - 1360619e-ba1e-4bf9-aec1-9f15b5480b27@group-2FABE92B7E5B-FollowerState was interrupted: java.lang.InterruptedException: sleep interrupted
2019-10-21 23:46:27,857 [grpc-default-executor-0] INFO  impl.RoleInfo (RoleInfo.java:updateAndGet(143)) - 1360619e-ba1e-4bf9-aec1-9f15b5480b27: start FollowerState
2019-10-21 23:46:27,862 [b88b3e43-5534-49b3-b3f2-a9f154b450de@group-2FABE92B7E5B-LeaderElection65] INFO  impl.LeaderElection (LeaderElection.java:logAndReturn(56)) - b88b3e43-5534-49b3-b3f2-a9f154b450de@group-2FABE92B7E5B-LeaderElection65: Election REJECTED; received 2 response(s) [b88b3e43-5534-49b3-b3f2-a9f154b450de<-c58a0a02-acd3-47c8-b3e9-5b8e0493de45#0:FAIL-t64, b88b3e43-5534-49b3-b3f2-a9f154b450de<-1360619e-ba1e-4bf9-aec1-9f15b5480b27#0:FAIL-t64] and 0 exception(s); b88b3e43-5534-49b3-b3f2-a9f154b450de@group-2FABE92B7E5B:t64, leader=null, voted=b88b3e43-5534-49b3-b3f2-a9f154b450de, raftlog=b88b3e43-5534-49b3-b3f2-a9f154b450de@group-2FABE92B7E5B-SegmentedRaftLog:OPENED:c-1,f-1,i0, conf=-1: [c58a0a02-acd3-47c8-b3e9-5b8e0493de45:192.168.157.254:33611, 1360619e-ba1e-4bf9-aec1-9f15b5480b27:192.168.157.254:45658, b88b3e43-5534-49b3-b3f2-a9f154b450de:192.168.157.254:46786], old=null
2019-10-21 23:46:27,862 [b88b3e43-5534-49b3-b3f2-a9f154b450de@group-2FABE92B7E5B-LeaderElection65] INFO  impl.RaftServerImpl (RaftServerImpl.java:setRole(184)) - b88b3e43-5534-49b3-b3f2-a9f154b450de@group-2FABE92B7E5B: changes role from CANDIDATE to FOLLOWER at term 64 for DISCOVERED_A_NEW_TERM
2019-10-21 23:46:27,863 [b88b3e43-5534-49b3-b3f2-a9f154b450de@group-2FABE92B7E5B-LeaderElection65] INFO  impl.RoleInfo (RoleInfo.java:shutdownLeaderElection(134)) - b88b3e43-5534-49b3-b3f2-a9f154b450de: shutdown LeaderElection
2019-10-21 23:46:27,863 [b88b3e43-5534-49b3-b3f2-a9f154b450de@group-2FABE92B7E5B-LeaderElection65] INFO  impl.RoleInfo (RoleInfo.java:updateAndGet(143)) - b88b3e43-5534-49b3-b3f2-a9f154b450de: start FollowerState
2019-10-21 23:46:28,041 [Thread-638] INFO  impl.FollowerState (FollowerState.java:run(108)) - b88b3e43-5534-49b3-b3f2-a9f154b450de@group-2FABE92B7E5B-FollowerState: change to CANDIDATE, lastRpcTime:178ms, electionTimeout:178ms
2019-10-21 23:46:28,041 [Thread-638] INFO  impl.RoleInfo (RoleInfo.java:shutdownFollowerState(121)) - b88b3e43-5534-49b3-b3f2-a9f154b450de: shutdown FollowerState
2019-10-21 23:46:28,042 [Thread-638] INFO  impl.RaftServerImpl (RaftServerImpl.java:setRole(184)) - b88b3e43-5534-49b3-b3f2-a9f154b450de@group-2FABE92B7E5B: changes role from  FOLLOWER to CANDIDATE at term 64 for changeToCandidate
2019-10-21 23:46:28,042 [Thread-638] INFO  impl.RoleInfo (RoleInfo.java:updateAndGet(143)) - b88b3e43-5534-49b3-b3f2-a9f154b450de: start LeaderElection
2019-10-21 23:46:28,055 [b88b3e43-5534-49b3-b3f2-a9f154b450de@group-2FABE92B7E5B-LeaderElection66] INFO  impl.LeaderElection (LeaderElection.java:askForVotes(178)) - b88b3e43-5534-49b3-b3f2-a9f154b450de@group-2FABE92B7E5B-LeaderElection66: begin an election at term 65 for -1: [c58a0a02-acd3-47c8-b3e9-5b8e0493de45:192.168.157.254:33611, 1360619e-ba1e-4bf9-aec1-9f15b5480b27:192.168.157.254:45658, b88b3e43-5534-49b3-b3f2-a9f154b450de:192.168.157.254:46786], old=null
2019-10-21 23:46:28,057 [grpc-default-executor-0] INFO  impl.RaftServerImpl (RaftServerImpl.java:setRole(184)) - 1360619e-ba1e-4bf9-aec1-9f15b5480b27@group-2FABE92B7E5B: changes role from  FOLLOWER to FOLLOWER at term 65 for recognizeCandidate:b88b3e43-5534-49b3-b3f2-a9f154b450de
2019-10-21 23:46:28,057 [grpc-default-executor-2] INFO  impl.RaftServerImpl (RaftServerImpl.java:setRole(184)) - c58a0a02-acd3-47c8-b3e9-5b8e0493de45@group-2FABE92B7E5B: changes role from  FOLLOWER to FOLLOWER at term 65 for recognizeCandidate:b88b3e43-5534-49b3-b3f2-a9f154b450de
2019-10-21 23:46:28,058 [grpc-default-executor-0] INFO  impl.RoleInfo (RoleInfo.java:shutdownFollowerState(121)) - 1360619e-ba1e-4bf9-aec1-9f15b5480b27: shutdown FollowerState
2019-10-21 23:46:28,058 [grpc-default-executor-2] INFO  impl.RoleInfo (RoleInfo.java:shutdownFollowerState(121)) - c58a0a02-acd3-47c8-b3e9-5b8e0493de45: shutdown FollowerState
2019-10-21 23:46:28,058 [Thread-637] INFO  impl.FollowerState (FollowerState.java:run(117)) - 1360619e-ba1e-4bf9-aec1-9f15b5480b27@group-2FABE92B7E5B-FollowerState was interrupted: java.lang.InterruptedException: sleep interrupted
2019-10-21 23:46:28,058 [grpc-default-executor-0] INFO  impl.RoleInfo (RoleInfo.java:updateAndGet(143)) - 1360619e-ba1e-4bf9-aec1-9f15b5480b27: start FollowerState
2019-10-21 23:46:28,058 [Thread-636] INFO  impl.FollowerState (FollowerState.java:run(117)) - c58a0a02-acd3-47c8-b3e9-5b8e0493de45@group-2FABE92B7E5B-FollowerState was interrupted: java.lang.InterruptedException: sleep interrupted
2019-10-21 23:46:28,058 [grpc-default-executor-2] INFO  impl.RoleInfo (RoleInfo.java:updateAndGet(143)) - c58a0a02-acd3-47c8-b3e9-5b8e0493de45: start FollowerState
2019-10-21 23:46:28,066 [b88b3e43-5534-49b3-b3f2-a9f154b450de@group-2FABE92B7E5B-LeaderElection66] INFO  impl.LeaderElection (LeaderElection.java:logAndReturn(56)) - b88b3e43-5534-49b3-b3f2-a9f154b450de@group-2FABE92B7E5B-LeaderElection66: Election REJECTED; received 2 response(s) [b88b3e43-5534-49b3-b3f2-a9f154b450de<-c58a0a02-acd3-47c8-b3e9-5b8e0493de45#0:FAIL-t65, b88b3e43-5534-49b3-b3f2-a9f154b450de<-1360619e-ba1e-4bf9-aec1-9f15b5480b27#0:FAIL-t65] and 0 exception(s); b88b3e43-5534-49b3-b3f2-a9f154b450de@group-2FABE92B7E5B:t65, leader=null, voted=b88b3e43-5534-49b3-b3f2-a9f154b450de, raftlog=b88b3e43-5534-49b3-b3f2-a9f154b450de@group-2FABE92B7E5B-SegmentedRaftLog:OPENED:c-1,f-1,i0, conf=-1: [c58a0a02-acd3-47c8-b3e9-5b8e0493de45:192.168.157.254:33611, 1360619e-ba1e-4bf9-aec1-9f15b5480b27:192.168.157.254:45658, b88b3e43-5534-49b3-b3f2-a9f154b450de:192.168.157.254:46786], old=null
2019-10-21 23:46:28,067 [b88b3e43-5534-49b3-b3f2-a9f154b450de@group-2FABE92B7E5B-LeaderElection66] INFO  impl.RaftServerImpl (RaftServerImpl.java:setRole(184)) - b88b3e43-5534-49b3-b3f2-a9f154b450de@group-2FABE92B7E5B: changes role from CANDIDATE to FOLLOWER at term 65 for DISCOVERED_A_NEW_TERM
2019-10-21 23:46:28,067 [b88b3e43-5534-49b3-b3f2-a9f154b450de@group-2FABE92B7E5B-LeaderElection66] INFO  impl.RoleInfo (RoleInfo.java:shutdownLeaderElection(134)) - b88b3e43-5534-49b3-b3f2-a9f154b450de: shutdown LeaderElection
2019-10-21 23:46:28,067 [b88b3e43-5534-49b3-b3f2-a9f154b450de@group-2FABE92B7E5B-LeaderElection66] INFO  impl.RoleInfo (RoleInfo.java:updateAndGet(143)) - b88b3e43-5534-49b3-b3f2-a9f154b450de: start FollowerState
2019-10-21 23:46:28,268 [Thread-644] INFO  impl.FollowerState (FollowerState.java:run(108)) - b88b3e43-5534-49b3-b3f2-a9f154b450de@group-2FABE92B7E5B-FollowerState: change to CANDIDATE, lastRpcTime:200ms, electionTimeout:198ms
2019-10-21 23:46:28,273 [Thread-644] INFO  impl.RoleInfo (RoleInfo.java:shutdownFollowerState(121)) - b88b3e43-5534-49b3-b3f2-a9f154b450de: shutdown FollowerState
2019-10-21 23:46:28,273 [Thread-644] INFO  impl.RaftServerImpl (RaftServerImpl.java:setRole(184)) - b88b3e43-5534-49b3-b3f2-a9f154b450de@group-2FABE92B7E5B: changes role from  FOLLOWER to CANDIDATE at term 65 for changeToCandidate
2019-10-21 23:46:28,273 [Thread-644] INFO  impl.RoleInfo (RoleInfo.java:updateAndGet(143)) - b88b3e43-5534-49b3-b3f2-a9f154b450de: start LeaderElection
2019-10-21 23:46:28,279 [b88b3e43-5534-49b3-b3f2-a9f154b450de@group-2FABE92B7E5B-LeaderElection67] INFO  impl.LeaderElection (LeaderElection.java:askForVotes(178)) - b88b3e43-5534-49b3-b3f2-a9f154b450de@group-2FABE92B7E5B-LeaderElection67: begin an election at term 66 for -1: [c58a0a02-acd3-47c8-b3e9-5b8e0493de45:192.168.157.254:33611, 1360619e-ba1e-4bf9-aec1-9f15b5480b27:192.168.157.254:45658, b88b3e43-5534-49b3-b3f2-a9f154b450de:192.168.157.254:46786], old=null
2019-10-21 23:46:28,282 [grpc-default-executor-2] INFO  impl.RaftServerImpl (RaftServerImpl.java:setRole(184)) - c58a0a02-acd3-47c8-b3e9-5b8e0493de45@group-2FABE92B7E5B: changes role from  FOLLOWER to FOLLOWER at term 66 for recognizeCandidate:b88b3e43-5534-49b3-b3f2-a9f154b450de
2019-10-21 23:46:28,282 [grpc-default-executor-0] INFO  impl.RaftServerImpl (RaftServerImpl.java:setRole(184)) - 1360619e-ba1e-4bf9-aec1-9f15b5480b27@group-2FABE92B7E5B: changes role from  FOLLOWER to FOLLOWER at term 66 for recognizeCandidate:b88b3e43-5534-49b3-b3f2-a9f154b450de
2019-10-21 23:46:28,282 [grpc-default-executor-2] INFO  impl.RoleInfo (RoleInfo.java:shutdownFollowerState(121)) - c58a0a02-acd3-47c8-b3e9-5b8e0493de45: shutdown FollowerState
2019-10-21 23:46:28,282 [grpc-default-executor-0] INFO  impl.RoleInfo (RoleInfo.java:shutdownFollowerState(121)) - 1360619e-ba1e-4bf9-aec1-9f15b5480b27: shutdown FollowerState
2019-10-21 23:46:28,283 [grpc-default-executor-0] INFO  impl.RoleInfo (RoleInfo.java:updateAndGet(143)) - 1360619e-ba1e-4bf9-aec1-9f15b5480b27: start FollowerState
2019-10-21 23:46:28,282 [Thread-643] INFO  impl.FollowerState (FollowerState.java:run(117)) - c58a0a02-acd3-47c8-b3e9-5b8e0493de45@group-2FABE92B7E5B-FollowerState was interrupted: java.lang.InterruptedException: sleep interrupted
2019-10-21 23:46:28,282 [grpc-default-executor-2] INFO  impl.RoleInfo (RoleInfo.java:updateAndGet(143)) - c58a0a02-acd3-47c8-b3e9-5b8e0493de45: start FollowerState
2019-10-21 23:46:28,283 [Thread-642] INFO  impl.FollowerState (FollowerState.java:run(117)) - 1360619e-ba1e-4bf9-aec1-9f15b5480b27@group-2FABE92B7E5B-FollowerState was interrupted: java.lang.InterruptedException: sleep interrupted
2019-10-21 23:46:28,288 [b88b3e43-5534-49b3-b3f2-a9f154b450de@group-2FABE92B7E5B-LeaderElection67] INFO  impl.LeaderElection (LeaderElection.java:logAndReturn(56)) - b88b3e43-5534-49b3-b3f2-a9f154b450de@group-2FABE92B7E5B-LeaderElection67: Election REJECTED; received 2 response(s) [b88b3e43-5534-49b3-b3f2-a9f154b450de<-c58a0a02-acd3-47c8-b3e9-5b8e0493de45#0:FAIL-t66, b88b3e43-5534-49b3-b3f2-a9f154b450de<-1360619e-ba1e-4bf9-aec1-9f15b5480b27#0:FAIL-t66] and 0 exception(s); b88b3e43-5534-49b3-b3f2-a9f154b450de@group-2FABE92B7E5B:t66, leader=null, voted=b88b3e43-5534-49b3-b3f2-a9f154b450de, raftlog=b88b3e43-5534-49b3-b3f2-a9f154b450de@group-2FABE92B7E5B-SegmentedRaftLog:OPENED:c-1,f-1,i0, conf=-1: [c58a0a02-acd3-47c8-b3e9-5b8e0493de45:192.168.157.254:33611, 1360619e-ba1e-4bf9-aec1-9f15b5480b27:192.168.157.254:45658, b88b3e43-5534-49b3-b3f2-a9f154b450de:192.168.157.254:46786], old=null
2019-10-21 23:46:28,288 [b88b3e43-5534-49b3-b3f2-a9f154b450de@group-2FABE92B7E5B-LeaderElection67] INFO  impl.RaftServerImpl (RaftServerImpl.java:setRole(184)) - b88b3e43-5534-49b3-b3f2-a9f154b450de@group-2FABE92B7E5B: changes role from CANDIDATE to FOLLOWER at term 66 for DISCOVERED_A_NEW_TERM
2019-10-21 23:46:28,288 [b88b3e43-5534-49b3-b3f2-a9f154b450de@group-2FABE92B7E5B-LeaderElection67] INFO  impl.RoleInfo (RoleInfo.java:shutdownLeaderElection(134)) - b88b3e43-5534-49b3-b3f2-a9f154b450de: shutdown LeaderElection
2019-10-21 23:46:28,288 [b88b3e43-5534-49b3-b3f2-a9f154b450de@group-2FABE92B7E5B-LeaderElection67] INFO  impl.RoleInfo (RoleInfo.java:updateAndGet(143)) - b88b3e43-5534-49b3-b3f2-a9f154b450de: start FollowerState
2019-10-21 23:46:28,459 [Thread-650] INFO  impl.FollowerState (FollowerState.java:run(108)) - b88b3e43-5534-49b3-b3f2-a9f154b450de@group-2FABE92B7E5B-FollowerState: change to CANDIDATE, lastRpcTime:170ms, electionTimeout:170ms
2019-10-21 23:46:28,459 [Thread-650] INFO  impl.RoleInfo (RoleInfo.java:shutdownFollowerState(121)) - b88b3e43-5534-49b3-b3f2-a9f154b450de: shutdown FollowerState
2019-10-21 23:46:28,459 [Thread-650] INFO  impl.RaftServerImpl (RaftServerImpl.java:setRole(184)) - b88b3e43-5534-49b3-b3f2-a9f154b450de@group-2FABE92B7E5B: changes role from  FOLLOWER to CANDIDATE at term 66 for changeToCandidate
2019-10-21 23:46:28,460 [Thread-650] INFO  impl.RoleInfo (RoleInfo.java:updateAndGet(143)) - b88b3e43-5534-49b3-b3f2-a9f154b450de: start LeaderElection
2019-10-21 23:46:28,474 [b88b3e43-5534-49b3-b3f2-a9f154b450de@group-2FABE92B7E5B-LeaderElection68] INFO  impl.LeaderElection (LeaderElection.java:askForVotes(178)) - b88b3e43-5534-49b3-b3f2-a9f154b450de@group-2FABE92B7E5B-LeaderElection68: begin an election at term 67 for -1: [c58a0a02-acd3-47c8-b3e9-5b8e0493de45:192.168.157.254:33611, 1360619e-ba1e-4bf9-aec1-9f15b5480b27:192.168.157.254:45658, b88b3e43-5534-49b3-b3f2-a9f154b450de:192.168.157.254:46786], old=null
2019-10-21 23:46:28,476 [grpc-default-executor-2] INFO  impl.RaftServerImpl (RaftServerImpl.java:setRole(184)) - 1360619e-ba1e-4bf9-aec1-9f15b5480b27@group-2FABE92B7E5B: changes role from  FOLLOWER to FOLLOWER at term 67 for recognizeCandidate:b88b3e43-5534-49b3-b3f2-a9f154b450de
2019-10-21 23:46:28,476 [grpc-default-executor-0] INFO  impl.RaftServerImpl (RaftServerImpl.java:setRole(184)) - c58a0a02-acd3-47c8-b3e9-5b8e0493de45@group-2FABE92B7E5B: changes role from  FOLLOWER to FOLLOWER at term 67 for recognizeCandidate:b88b3e43-5534-49b3-b3f2-a9f154b450de
2019-10-21 23:46:28,477 [grpc-default-executor-2] INFO  impl.RoleInfo (RoleInfo.java:shutdownFollowerState(121)) - 1360619e-ba1e-4bf9-aec1-9f15b5480b27: shutdown FollowerState
2019-10-21 23:46:28,477 [grpc-default-executor-0] INFO  impl.RoleInfo (RoleInfo.java:shutdownFollowerState(121)) - c58a0a02-acd3-47c8-b3e9-5b8e0493de45: shutdown FollowerState
2019-10-21 23:46:28,477 [Thread-649] INFO  impl.FollowerState (FollowerState.java:run(117)) - 1360619e-ba1e-4bf9-aec1-9f15b5480b27@group-2FABE92B7E5B-FollowerState was interrupted: java.lang.InterruptedException: sleep interrupted
2019-10-21 23:46:28,477 [grpc-default-executor-2] INFO  impl.RoleInfo (RoleInfo.java:updateAndGet(143)) - 1360619e-ba1e-4bf9-aec1-9f15b5480b27: start FollowerState
2019-10-21 23:46:28,477 [Thread-648] INFO  impl.FollowerState (FollowerState.java:run(117)) - c58a0a02-acd3-47c8-b3e9-5b8e0493de45@group-2FABE92B7E5B-FollowerState was interrupted: java.lang.InterruptedException: sleep interrupted
2019-10-21 23:46:28,477 [grpc-default-executor-0] INFO  impl.RoleInfo (RoleInfo.java:updateAndGet(143)) - c58a0a02-acd3-47c8-b3e9-5b8e0493de45: start FollowerState
2019-10-21 23:46:28,492 [b88b3e43-5534-49b3-b3f2-a9f154b450de@group-2FABE92B7E5B-LeaderElection68] INFO  impl.LeaderElection (LeaderElection.java:logAndReturn(56)) - b88b3e43-5534-49b3-b3f2-a9f154b450de@group-2FABE92B7E5B-LeaderElection68: Election REJECTED; received 2 response(s) [b88b3e43-5534-49b3-b3f2-a9f154b450de<-c58a0a02-acd3-47c8-b3e9-5b8e0493de45#0:FAIL-t67, b88b3e43-5534-49b3-b3f2-a9f154b450de<-1360619e-ba1e-4bf9-aec1-9f15b5480b27#0:FAIL-t67] and 0 exception(s); b88b3e43-5534-49b3-b3f2-a9f154b450de@group-2FABE92B7E5B:t67, leader=null, voted=b88b3e43-5534-49b3-b3f2-a9f154b450de, raftlog=b88b3e43-5534-49b3-b3f2-a9f154b450de@group-2FABE92B7E5B-SegmentedRaftLog:OPENED:c-1,f-1,i0, conf=-1: [c58a0a02-acd3-47c8-b3e9-5b8e0493de45:192.168.157.254:33611, 1360619e-ba1e-4bf9-aec1-9f15b5480b27:192.168.157.254:45658, b88b3e43-5534-49b3-b3f2-a9f154b450de:192.168.157.254:46786], old=null
2019-10-21 23:46:28,492 [b88b3e43-5534-49b3-b3f2-a9f154b450de@group-2FABE92B7E5B-LeaderElection68] INFO  impl.RaftServerImpl (RaftServerImpl.java:setRole(184)) - b88b3e43-5534-49b3-b3f2-a9f154b450de@group-2FABE92B7E5B: changes role from CANDIDATE to FOLLOWER at term 67 for DISCOVERED_A_NEW_TERM
2019-10-21 23:46:28,492 [b88b3e43-5534-49b3-b3f2-a9f154b450de@group-2FABE92B7E5B-LeaderElection68] INFO  impl.RoleInfo (RoleInfo.java:shutdownLeaderElection(134)) - b88b3e43-5534-49b3-b3f2-a9f154b450de: shutdown LeaderElection
2019-10-21 23:46:28,492 [b88b3e43-5534-49b3-b3f2-a9f154b450de@group-2FABE92B7E5B-LeaderElection68] INFO  impl.RoleInfo (RoleInfo.java:updateAndGet(143)) - b88b3e43-5534-49b3-b3f2-a9f154b450de: start FollowerState
2019-10-21 23:46:28,660 [Thread-656] INFO  impl.FollowerState (FollowerState.java:run(108)) - b88b3e43-5534-49b3-b3f2-a9f154b450de@group-2FABE92B7E5B-FollowerState: change to CANDIDATE, lastRpcTime:167ms, electionTimeout:167ms
2019-10-21 23:46:28,660 [Thread-656] INFO  impl.RoleInfo (RoleInfo.java:shutdownFollowerState(121)) - b88b3e43-5534-49b3-b3f2-a9f154b450de: shutdown FollowerState
2019-10-21 23:46:28,660 [Thread-656] INFO  impl.RaftServerImpl (RaftServerImpl.java:setRole(184)) - b88b3e43-5534-49b3-b3f2-a9f154b450de@group-2FABE92B7E5B: changes role from  FOLLOWER to CANDIDATE at term 67 for changeToCandidate
2019-10-21 23:46:28,660 [Thread-656] INFO  impl.RoleInfo (RoleInfo.java:updateAndGet(143)) - b88b3e43-5534-49b3-b3f2-a9f154b450de: start LeaderElection
2019-10-21 23:46:28,666 [b88b3e43-5534-49b3-b3f2-a9f154b450de@group-2FABE92B7E5B-LeaderElection69] INFO  impl.LeaderElection (LeaderElection.java:askForVotes(178)) - b88b3e43-5534-49b3-b3f2-a9f154b450de@group-2FABE92B7E5B-LeaderElection69: begin an election at term 68 for -1: [c58a0a02-acd3-47c8-b3e9-5b8e0493de45:192.168.157.254:33611, 1360619e-ba1e-4bf9-aec1-9f15b5480b27:192.168.157.254:45658, b88b3e43-5534-49b3-b3f2-a9f154b450de:192.168.157.254:46786], old=null
2019-10-21 23:46:28,669 [grpc-default-executor-0] INFO  impl.RaftServerImpl (RaftServerImpl.java:setRole(184)) - c58a0a02-acd3-47c8-b3e9-5b8e0493de45@group-2FABE92B7E5B: changes role from  FOLLOWER to FOLLOWER at term 68 for recognizeCandidate:b88b3e43-5534-49b3-b3f2-a9f154b450de
2019-10-21 23:46:28,669 [grpc-default-executor-0] INFO  impl.RoleInfo (RoleInfo.java:shutdownFollowerState(121)) - c58a0a02-acd3-47c8-b3e9-5b8e0493de45: shutdown FollowerState
2019-10-21 23:46:28,669 [grpc-default-executor-2] INFO  impl.RaftServerImpl (RaftServerImpl.java:setRole(184)) - 1360619e-ba1e-4bf9-aec1-9f15b5480b27@group-2FABE92B7E5B: changes role from  FOLLOWER to FOLLOWER at term 68 for recognizeCandidate:b88b3e43-5534-49b3-b3f2-a9f154b450de
2019-10-21 23:46:28,669 [Thread-655] INFO  impl.FollowerState (FollowerState.java:run(117)) - c58a0a02-acd3-47c8-b3e9-5b8e0493de45@group-2FABE92B7E5B-FollowerState was interrupted: java.lang.InterruptedException: sleep interrupted
2019-10-21 23:46:28,669 [grpc-default-executor-0] INFO  impl.RoleInfo (RoleInfo.java:updateAndGet(143)) - c58a0a02-acd3-47c8-b3e9-5b8e0493de45: start FollowerState
2019-10-21 23:46:28,669 [grpc-default-executor-2] INFO  impl.RoleInfo (RoleInfo.java:shutdownFollowerState(121)) - 1360619e-ba1e-4bf9-aec1-9f15b5480b27: shutdown FollowerState
2019-10-21 23:46:28,670 [grpc-default-executor-2] INFO  impl.RoleInfo (RoleInfo.java:updateAndGet(143)) - 1360619e-ba1e-4bf9-aec1-9f15b5480b27: start FollowerState
2019-10-21 23:46:28,670 [Thread-654] INFO  impl.FollowerState (FollowerState.java:run(117)) - 1360619e-ba1e-4bf9-aec1-9f15b5480b27@group-2FABE92B7E5B-FollowerState was interrupted: java.lang.InterruptedException: sleep interrupted
2019-10-21 23:46:28,674 [b88b3e43-5534-49b3-b3f2-a9f154b450de@group-2FABE92B7E5B-LeaderElection69] INFO  impl.LeaderElection (LeaderElection.java:logAndReturn(56)) - b88b3e43-5534-49b3-b3f2-a9f154b450de@group-2FABE92B7E5B-LeaderElection69: Election REJECTED; received 2 response(s) [b88b3e43-5534-49b3-b3f2-a9f154b450de<-c58a0a02-acd3-47c8-b3e9-5b8e0493de45#0:FAIL-t68, b88b3e43-5534-49b3-b3f2-a9f154b450de<-1360619e-ba1e-4bf9-aec1-9f15b5480b27#0:FAIL-t68] and 0 exception(s); b88b3e43-5534-49b3-b3f2-a9f154b450de@group-2FABE92B7E5B:t68, leader=null, voted=b88b3e43-5534-49b3-b3f2-a9f154b450de, raftlog=b88b3e43-5534-49b3-b3f2-a9f154b450de@group-2FABE92B7E5B-SegmentedRaftLog:OPENED:c-1,f-1,i0, conf=-1: [c58a0a02-acd3-47c8-b3e9-5b8e0493de45:192.168.157.254:33611, 1360619e-ba1e-4bf9-aec1-9f15b5480b27:192.168.157.254:45658, b88b3e43-5534-49b3-b3f2-a9f154b450de:192.168.157.254:46786], old=null
2019-10-21 23:46:28,675 [b88b3e43-5534-49b3-b3f2-a9f154b450de@group-2FABE92B7E5B-LeaderElection69] INFO  impl.RaftServerImpl (RaftServerImpl.java:setRole(184)) - b88b3e43-5534-49b3-b3f2-a9f154b450de@group-2FABE92B7E5B: changes role from CANDIDATE to FOLLOWER at term 68 for DISCOVERED_A_NEW_TERM
2019-10-21 23:46:28,675 [b88b3e43-5534-49b3-b3f2-a9f154b450de@group-2FABE92B7E5B-LeaderElection69] INFO  impl.RoleInfo (RoleInfo.java:shutdownLeaderElection(134)) - b88b3e43-5534-49b3-b3f2-a9f154b450de: shutdown LeaderElection
2019-10-21 23:46:28,675 [b88b3e43-5534-49b3-b3f2-a9f154b450de@group-2FABE92B7E5B-LeaderElection69] INFO  impl.RoleInfo (RoleInfo.java:updateAndGet(143)) - b88b3e43-5534-49b3-b3f2-a9f154b450de: start FollowerState
2019-10-21 23:46:28,799 [Thread-662] INFO  impl.FollowerState (FollowerState.java:run(108)) - b88b3e43-5534-49b3-b3f2-a9f154b450de@group-2FABE92B7E5B-FollowerState: change to CANDIDATE, lastRpcTime:124ms, electionTimeout:124ms
2019-10-21 23:46:28,799 [Thread-662] INFO  impl.RoleInfo (RoleInfo.java:shutdownFollowerState(121)) - b88b3e43-5534-49b3-b3f2-a9f154b450de: shutdown FollowerState
2019-10-21 23:46:28,800 [Thread-662] INFO  impl.RaftServerImpl (RaftServerImpl.java:setRole(184)) - b88b3e43-5534-49b3-b3f2-a9f154b450de@group-2FABE92B7E5B: changes role from  FOLLOWER to CANDIDATE at term 68 for changeToCandidate
2019-10-21 23:46:28,800 [Thread-662] INFO  impl.RoleInfo (RoleInfo.java:updateAndGet(143)) - b88b3e43-5534-49b3-b3f2-a9f154b450de: start LeaderElection
2019-10-21 23:46:28,812 [b88b3e43-5534-49b3-b3f2-a9f154b450de@group-2FABE92B7E5B-LeaderElection70] INFO  impl.LeaderElection (LeaderElection.java:askForVotes(178)) - b88b3e43-5534-49b3-b3f2-a9f154b450de@group-2FABE92B7E5B-LeaderElection70: begin an election at term 69 for -1: [c58a0a02-acd3-47c8-b3e9-5b8e0493de45:192.168.157.254:33611, 1360619e-ba1e-4bf9-aec1-9f15b5480b27:192.168.157.254:45658, b88b3e43-5534-49b3-b3f2-a9f154b450de:192.168.157.254:46786], old=null
2019-10-21 23:46:28,815 [grpc-default-executor-2] INFO  impl.RaftServerImpl (RaftServerImpl.java:setRole(184)) - 1360619e-ba1e-4bf9-aec1-9f15b5480b27@group-2FABE92B7E5B: changes role from  FOLLOWER to FOLLOWER at term 69 for recognizeCandidate:b88b3e43-5534-49b3-b3f2-a9f154b450de
2019-10-21 23:46:28,816 [grpc-default-executor-0] INFO  impl.RaftServerImpl (RaftServerImpl.java:setRole(184)) - c58a0a02-acd3-47c8-b3e9-5b8e0493de45@group-2FABE92B7E5B: changes role from  FOLLOWER to FOLLOWER at term 69 for recognizeCandidate:b88b3e43-5534-49b3-b3f2-a9f154b450de
2019-10-21 23:46:28,816 [grpc-default-executor-2] INFO  impl.RoleInfo (RoleInfo.java:shutdownFollowerState(121)) - 1360619e-ba1e-4bf9-aec1-9f15b5480b27: shutdown FollowerState
2019-10-21 23:46:28,816 [grpc-default-executor-0] INFO  impl.RoleInfo (RoleInfo.java:shutdownFollowerState(121)) - c58a0a02-acd3-47c8-b3e9-5b8e0493de45: shutdown FollowerState
2019-10-21 23:46:28,816 [Thread-661] INFO  impl.FollowerState (FollowerState.java:run(117)) - 1360619e-ba1e-4bf9-aec1-9f15b5480b27@group-2FABE92B7E5B-FollowerState was interrupted: java.lang.InterruptedException: sleep interrupted
2019-10-21 23:46:28,816 [grpc-default-executor-2] INFO  impl.RoleInfo (RoleInfo.java:updateAndGet(143)) - 1360619e-ba1e-4bf9-aec1-9f15b5480b27: start FollowerState
2019-10-21 23:46:28,816 [grpc-default-executor-0] INFO  impl.RoleInfo (RoleInfo.java:updateAndGet(143)) - c58a0a02-acd3-47c8-b3e9-5b8e0493de45: start FollowerState
2019-10-21 23:46:28,816 [Thread-660] INFO  impl.FollowerState (FollowerState.java:run(117)) - c58a0a02-acd3-47c8-b3e9-5b8e0493de45@group-2FABE92B7E5B-FollowerState was interrupted: java.lang.InterruptedException: sleep interrupted
2019-10-21 23:46:28,821 [b88b3e43-5534-49b3-b3f2-a9f154b450de@group-2FABE92B7E5B-LeaderElection70] INFO  impl.LeaderElection (LeaderElection.java:logAndReturn(56)) - b88b3e43-5534-49b3-b3f2-a9f154b450de@group-2FABE92B7E5B-LeaderElection70: Election REJECTED; received 2 response(s) [b88b3e43-5534-49b3-b3f2-a9f154b450de<-c58a0a02-acd3-47c8-b3e9-5b8e0493de45#0:FAIL-t69, b88b3e43-5534-49b3-b3f2-a9f154b450de<-1360619e-ba1e-4bf9-aec1-9f15b5480b27#0:FAIL-t69] and 0 exception(s); b88b3e43-5534-49b3-b3f2-a9f154b450de@group-2FABE92B7E5B:t69, leader=null, voted=b88b3e43-5534-49b3-b3f2-a9f154b450de, raftlog=b88b3e43-5534-49b3-b3f2-a9f154b450de@group-2FABE92B7E5B-SegmentedRaftLog:OPENED:c-1,f-1,i0, conf=-1: [c58a0a02-acd3-47c8-b3e9-5b8e0493de45:192.168.157.254:33611, 1360619e-ba1e-4bf9-aec1-9f15b5480b27:192.168.157.254:45658, b88b3e43-5534-49b3-b3f2-a9f154b450de:192.168.157.254:46786], old=null
2019-10-21 23:46:28,822 [b88b3e43-5534-49b3-b3f2-a9f154b450de@group-2FABE92B7E5B-LeaderElection70] INFO  impl.RaftServerImpl (RaftServerImpl.java:setRole(184)) - b88b3e43-5534-49b3-b3f2-a9f154b450de@group-2FABE92B7E5B: changes role from CANDIDATE to FOLLOWER at term 69 for DISCOVERED_A_NEW_TERM
2019-10-21 23:46:28,822 [b88b3e43-5534-49b3-b3f2-a9f154b450de@group-2FABE92B7E5B-LeaderElection70] INFO  impl.RoleInfo (RoleInfo.java:shutdownLeaderElection(134)) - b88b3e43-5534-49b3-b3f2-a9f154b450de: shutdown LeaderElection
2019-10-21 23:46:28,822 [b88b3e43-5534-49b3-b3f2-a9f154b450de@group-2FABE92B7E5B-LeaderElection70] INFO  impl.RoleInfo (RoleInfo.java:updateAndGet(143)) - b88b3e43-5534-49b3-b3f2-a9f154b450de: start FollowerState
2019-10-21 23:46:28,902 [Thread-670] INFO  impl.FollowerState (FollowerState.java:run(108)) - b88b3e43-5534-49b3-b3f2-a9f154b450de@group-2FABE92B7E5B-FollowerState: change to CANDIDATE, lastRpcTime:80ms, electionTimeout:80ms
2019-10-21 23:46:28,902 [Thread-670] INFO  impl.RoleInfo (RoleInfo.java:shutdownFollowerState(121)) - b88b3e43-5534-49b3-b3f2-a9f154b450de: shutdown FollowerState
2019-10-21 23:46:28,903 [Thread-670] INFO  impl.RaftServerImpl (RaftServerImpl.java:setRole(184)) - b88b3e43-5534-49b3-b3f2-a9f154b450de@group-2FABE92B7E5B: changes role from  FOLLOWER to CANDIDATE at term 69 for changeToCandidate
2019-10-21 23:46:28,903 [Thread-670] INFO  impl.RoleInfo (RoleInfo.java:updateAndGet(143)) - b88b3e43-5534-49b3-b3f2-a9f154b450de: start LeaderElection
2019-10-21 23:46:28,916 [b88b3e43-5534-49b3-b3f2-a9f154b450de@group-2FABE92B7E5B-LeaderElection71] INFO  impl.LeaderElection (LeaderElection.java:askForVotes(178)) - b88b3e43-5534-49b3-b3f2-a9f154b450de@group-2FABE92B7E5B-LeaderElection71: begin an election at term 70 for -1: [c58a0a02-acd3-47c8-b3e9-5b8e0493de45:192.168.157.254:33611, 1360619e-ba1e-4bf9-aec1-9f15b5480b27:192.168.157.254:45658, b88b3e43-5534-49b3-b3f2-a9f154b450de:192.168.157.254:46786], old=null
2019-10-21 23:46:28,919 [grpc-default-executor-2] INFO  impl.RaftServerImpl (RaftServerImpl.java:setRole(184)) - c58a0a02-acd3-47c8-b3e9-5b8e0493de45@group-2FABE92B7E5B: changes role from  FOLLOWER to FOLLOWER at term 70 for recognizeCandidate:b88b3e43-5534-49b3-b3f2-a9f154b450de
2019-10-21 23:46:28,919 [grpc-default-executor-0] INFO  impl.RaftServerImpl (RaftServerImpl.java:setRole(184)) - 1360619e-ba1e-4bf9-aec1-9f15b5480b27@group-2FABE92B7E5B: changes role from  FOLLOWER to FOLLOWER at term 70 for recognizeCandidate:b88b3e43-5534-49b3-b3f2-a9f154b450de
2019-10-21 23:46:28,919 [grpc-default-executor-0] INFO  impl.RoleInfo (RoleInfo.java:shutdownFollowerState(121)) - 1360619e-ba1e-4bf9-aec1-9f15b5480b27: shutdown FollowerState
2019-10-21 23:46:28,919 [grpc-default-executor-2] INFO  impl.RoleInfo (RoleInfo.java:shutdownFollowerState(121)) - c58a0a02-acd3-47c8-b3e9-5b8e0493de45: shutdown FollowerState
2019-10-21 23:46:28,919 [Thread-668] INFO  impl.FollowerState (FollowerState.java:run(117)) - 1360619e-ba1e-4bf9-aec1-9f15b5480b27@group-2FABE92B7E5B-FollowerState was interrupted: java.lang.InterruptedException: sleep interrupted
2019-10-21 23:46:28,919 [grpc-default-executor-0] INFO  impl.RoleInfo (RoleInfo.java:updateAndGet(143)) - 1360619e-ba1e-4bf9-aec1-9f15b5480b27: start FollowerState
2019-10-21 23:46:28,919 [grpc-default-executor-2] INFO  impl.RoleInfo (RoleInfo.java:updateAndGet(143)) - c58a0a02-acd3-47c8-b3e9-5b8e0493de45: start FollowerState
2019-10-21 23:46:28,919 [Thread-669] INFO  impl.FollowerState (FollowerState.java:run(117)) - c58a0a02-acd3-47c8-b3e9-5b8e0493de45@group-2FABE92B7E5B-FollowerState was interrupted: java.lang.InterruptedException: sleep interrupted
2019-10-21 23:46:28,936 [b88b3e43-5534-49b3-b3f2-a9f154b450de@group-2FABE92B7E5B-LeaderElection71] INFO  impl.LeaderElection (LeaderElection.java:logAndReturn(56)) - b88b3e43-5534-49b3-b3f2-a9f154b450de@group-2FABE92B7E5B-LeaderElection71: Election REJECTED; received 2 response(s) [b88b3e43-5534-49b3-b3f2-a9f154b450de<-c58a0a02-acd3-47c8-b3e9-5b8e0493de45#0:FAIL-t70, b88b3e43-5534-49b3-b3f2-a9f154b450de<-1360619e-ba1e-4bf9-aec1-9f15b5480b27#0:FAIL-t70] and 0 exception(s); b88b3e43-5534-49b3-b3f2-a9f154b450de@group-2FABE92B7E5B:t70, leader=null, voted=b88b3e43-5534-49b3-b3f2-a9f154b450de, raftlog=b88b3e43-5534-49b3-b3f2-a9f154b450de@group-2FABE92B7E5B-SegmentedRaftLog:OPENED:c-1,f-1,i0, conf=-1: [c58a0a02-acd3-47c8-b3e9-5b8e0493de45:192.168.157.254:33611, 1360619e-ba1e-4bf9-aec1-9f15b5480b27:192.168.157.254:45658, b88b3e43-5534-49b3-b3f2-a9f154b450de:192.168.157.254:46786], old=null
2019-10-21 23:46:28,937 [b88b3e43-5534-49b3-b3f2-a9f154b450de@group-2FABE92B7E5B-LeaderElection71] INFO  impl.RaftServerImpl (RaftServerImpl.java:setRole(184)) - b88b3e43-5534-49b3-b3f2-a9f154b450de@group-2FABE92B7E5B: changes role from CANDIDATE to FOLLOWER at term 70 for DISCOVERED_A_NEW_TERM
2019-10-21 23:46:28,937 [b88b3e43-5534-49b3-b3f2-a9f154b450de@group-2FABE92B7E5B-LeaderElection71] INFO  impl.RoleInfo (RoleInfo.java:shutdownLeaderElection(134)) - b88b3e43-5534-49b3-b3f2-a9f154b450de: shutdown LeaderElection
2019-10-21 23:46:28,937 [b88b3e43-5534-49b3-b3f2-a9f154b450de@group-2FABE92B7E5B-LeaderElection71] INFO  impl.RoleInfo (RoleInfo.java:updateAndGet(143)) - b88b3e43-5534-49b3-b3f2-a9f154b450de: start FollowerState
2019-10-21 23:46:29,020 [Thread-676] INFO  impl.FollowerState (FollowerState.java:run(108)) - b88b3e43-5534-49b3-b3f2-a9f154b450de@group-2FABE92B7E5B-FollowerState: change to CANDIDATE, lastRpcTime:83ms, electionTimeout:83ms
2019-10-21 23:46:29,021 [Thread-676] INFO  impl.RoleInfo (RoleInfo.java:shutdownFollowerState(121)) - b88b3e43-5534-49b3-b3f2-a9f154b450de: shutdown FollowerState
2019-10-21 23:46:29,021 [Thread-676] INFO  impl.RaftServerImpl (RaftServerImpl.java:setRole(184)) - b88b3e43-5534-49b3-b3f2-a9f154b450de@group-2FABE92B7E5B: changes role from  FOLLOWER to CANDIDATE at term 70 for changeToCandidate
2019-10-21 23:46:29,021 [Thread-676] INFO  impl.RoleInfo (RoleInfo.java:updateAndGet(143)) - b88b3e43-5534-49b3-b3f2-a9f154b450de: start LeaderElection
2019-10-21 23:46:29,034 [b88b3e43-5534-49b3-b3f2-a9f154b450de@group-2FABE92B7E5B-LeaderElection72] INFO  impl.LeaderElection (LeaderElection.java:askForVotes(178)) - b88b3e43-5534-49b3-b3f2-a9f154b450de@group-2FABE92B7E5B-LeaderElection72: begin an election at term 71 for -1: [c58a0a02-acd3-47c8-b3e9-5b8e0493de45:192.168.157.254:33611, 1360619e-ba1e-4bf9-aec1-9f15b5480b27:192.168.157.254:45658, b88b3e43-5534-49b3-b3f2-a9f154b450de:192.168.157.254:46786], old=null
2019-10-21 23:46:29,037 [grpc-default-executor-2] INFO  impl.RaftServerImpl (RaftServerImpl.java:setRole(184)) - 1360619e-ba1e-4bf9-aec1-9f15b5480b27@group-2FABE92B7E5B: changes role from  FOLLOWER to FOLLOWER at term 71 for recognizeCandidate:b88b3e43-5534-49b3-b3f2-a9f154b450de
2019-10-21 23:46:29,037 [grpc-default-executor-2] INFO  impl.RoleInfo (RoleInfo.java:shutdownFollowerState(121)) - 1360619e-ba1e-4bf9-aec1-9f15b5480b27: shutdown FollowerState
2019-10-21 23:46:29,038 [grpc-default-executor-0] INFO  impl.RaftServerImpl (RaftServerImpl.java:setRole(184)) - c58a0a02-acd3-47c8-b3e9-5b8e0493de45@group-2FABE92B7E5B: changes role from  FOLLOWER to FOLLOWER at term 71 for recognizeCandidate:b88b3e43-5534-49b3-b3f2-a9f154b450de
2019-10-21 23:46:29,038 [Thread-674] INFO  impl.FollowerState (FollowerState.java:run(117)) - 1360619e-ba1e-4bf9-aec1-9f15b5480b27@group-2FABE92B7E5B-FollowerState was interrupted: java.lang.InterruptedException: sleep interrupted
2019-10-21 23:46:29,038 [grpc-default-executor-2] INFO  impl.RoleInfo (RoleInfo.java:updateAndGet(143)) - 1360619e-ba1e-4bf9-aec1-9f15b5480b27: start FollowerState
2019-10-21 23:46:29,038 [grpc-default-executor-0] INFO  impl.RoleInfo (RoleInfo.java:shutdownFollowerState(121)) - c58a0a02-acd3-47c8-b3e9-5b8e0493de45: shutdown FollowerState
2019-10-21 23:46:29,038 [Thread-675] INFO  impl.FollowerState (FollowerState.java:run(117)) - c58a0a02-acd3-47c8-b3e9-5b8e0493de45@group-2FABE92B7E5B-FollowerState was interrupted: java.lang.InterruptedException: sleep interrupted
2019-10-21 23:46:29,038 [grpc-default-executor-0] INFO  impl.RoleInfo (RoleInfo.java:updateAndGet(143)) - c58a0a02-acd3-47c8-b3e9-5b8e0493de45: start FollowerState
2019-10-21 23:46:29,045 [b88b3e43-5534-49b3-b3f2-a9f154b450de@group-2FABE92B7E5B-LeaderElection72] INFO  impl.LeaderElection (LeaderElection.java:logAndReturn(56)) - b88b3e43-5534-49b3-b3f2-a9f154b450de@group-2FABE92B7E5B-LeaderElection72: Election REJECTED; received 2 response(s) [b88b3e43-5534-49b3-b3f2-a9f154b450de<-c58a0a02-acd3-47c8-b3e9-5b8e0493de45#0:FAIL-t71, b88b3e43-5534-49b3-b3f2-a9f154b450de<-1360619e-ba1e-4bf9-aec1-9f15b5480b27#0:FAIL-t71] and 0 exception(s); b88b3e43-5534-49b3-b3f2-a9f154b450de@group-2FABE92B7E5B:t71, leader=null, voted=b88b3e43-5534-49b3-b3f2-a9f154b450de, raftlog=b88b3e43-5534-49b3-b3f2-a9f154b450de@group-2FABE92B7E5B-SegmentedRaftLog:OPENED:c-1,f-1,i0, conf=-1: [c58a0a02-acd3-47c8-b3e9-5b8e0493de45:192.168.157.254:33611, 1360619e-ba1e-4bf9-aec1-9f15b5480b27:192.168.157.254:45658, b88b3e43-5534-49b3-b3f2-a9f154b450de:192.168.157.254:46786], old=null
2019-10-21 23:46:29,045 [b88b3e43-5534-49b3-b3f2-a9f154b450de@group-2FABE92B7E5B-LeaderElection72] INFO  impl.RaftServerImpl (RaftServerImpl.java:setRole(184)) - b88b3e43-5534-49b3-b3f2-a9f154b450de@group-2FABE92B7E5B: changes role from CANDIDATE to FOLLOWER at term 71 for DISCOVERED_A_NEW_TERM
2019-10-21 23:46:29,045 [b88b3e43-5534-49b3-b3f2-a9f154b450de@group-2FABE92B7E5B-LeaderElection72] INFO  impl.RoleInfo (RoleInfo.java:shutdownLeaderElection(134)) - b88b3e43-5534-49b3-b3f2-a9f154b450de: shutdown LeaderElection
2019-10-21 23:46:29,045 [b88b3e43-5534-49b3-b3f2-a9f154b450de@group-2FABE92B7E5B-LeaderElection72] INFO  impl.RoleInfo (RoleInfo.java:updateAndGet(143)) - b88b3e43-5534-49b3-b3f2-a9f154b450de: start FollowerState
2019-10-21 23:46:29,048 [Thread-682] INFO  impl.FollowerState (FollowerState.java:run(108)) - b88b3e43-5534-49b3-b3f2-a9f154b450de@group-2FABE92B7E5B-FollowerState: change to CANDIDATE, lastRpcTime:3ms, electionTimeout:3ms
2019-10-21 23:46:29,048 [Thread-682] INFO  impl.RoleInfo (RoleInfo.java:shutdownFollowerState(121)) - b88b3e43-5534-49b3-b3f2-a9f154b450de: shutdown FollowerState
2019-10-21 23:46:29,048 [Thread-682] INFO  impl.RaftServerImpl (RaftServerImpl.java:setRole(184)) - b88b3e43-5534-49b3-b3f2-a9f154b450de@group-2FABE92B7E5B: changes role from  FOLLOWER to CANDIDATE at term 71 for changeToCandidate
2019-10-21 23:46:29,049 [Thread-682] INFO  impl.RoleInfo (RoleInfo.java:updateAndGet(143)) - b88b3e43-5534-49b3-b3f2-a9f154b450de: start LeaderElection
2019-10-21 23:46:29,053 [b88b3e43-5534-49b3-b3f2-a9f154b450de@group-2FABE92B7E5B-LeaderElection73] INFO  impl.LeaderElection (LeaderElection.java:askForVotes(178)) - b88b3e43-5534-49b3-b3f2-a9f154b450de@group-2FABE92B7E5B-LeaderElection73: begin an election at term 72 for -1: [c58a0a02-acd3-47c8-b3e9-5b8e0493de45:192.168.157.254:33611, 1360619e-ba1e-4bf9-aec1-9f15b5480b27:192.168.157.254:45658, b88b3e43-5534-49b3-b3f2-a9f154b450de:192.168.157.254:46786], old=null
2019-10-21 23:46:29,055 [grpc-default-executor-0] INFO  impl.RaftServerImpl (RaftServerImpl.java:setRole(184)) - 1360619e-ba1e-4bf9-aec1-9f15b5480b27@group-2FABE92B7E5B: changes role from  FOLLOWER to FOLLOWER at term 72 for recognizeCandidate:b88b3e43-5534-49b3-b3f2-a9f154b450de
2019-10-21 23:46:29,055 [grpc-default-executor-2] INFO  impl.RaftServerImpl (RaftServerImpl.java:setRole(184)) - c58a0a02-acd3-47c8-b3e9-5b8e0493de45@group-2FABE92B7E5B: changes role from  FOLLOWER to FOLLOWER at term 72 for recognizeCandidate:b88b3e43-5534-49b3-b3f2-a9f154b450de
2019-10-21 23:46:29,055 [grpc-default-executor-2] INFO  impl.RoleInfo (RoleInfo.java:shutdownFollowerState(121)) - c58a0a02-acd3-47c8-b3e9-5b8e0493de45: shutdown FollowerState
2019-10-21 23:46:29,055 [grpc-default-executor-0] INFO  impl.RoleInfo (RoleInfo.java:shutdownFollowerState(121)) - 1360619e-ba1e-4bf9-aec1-9f15b5480b27: shutdown FollowerState
2019-10-21 23:46:29,056 [Thread-681] INFO  impl.FollowerState (FollowerState.java:run(117)) - c58a0a02-acd3-47c8-b3e9-5b8e0493de45@group-2FABE92B7E5B-FollowerState was interrupted: java.lang.InterruptedException: sleep interrupted
2019-10-21 23:46:29,056 [grpc-default-executor-2] INFO  impl.RoleInfo (RoleInfo.java:updateAndGet(143)) - c58a0a02-acd3-47c8-b3e9-5b8e0493de45: start FollowerState
2019-10-21 23:46:29,056 [grpc-default-executor-0] INFO  impl.RoleInfo (RoleInfo.java:updateAndGet(143)) - 1360619e-ba1e-4bf9-aec1-9f15b5480b27: start FollowerState
2019-10-21 23:46:29,056 [Thread-680] INFO  impl.FollowerState (FollowerState.java:run(117)) - 1360619e-ba1e-4bf9-aec1-9f15b5480b27@group-2FABE92B7E5B-FollowerState was interrupted: java.lang.InterruptedException: sleep interrupted
2019-10-21 23:46:29,061 [b88b3e43-5534-49b3-b3f2-a9f154b450de@group-2FABE92B7E5B-LeaderElection73] INFO  impl.LeaderElection (LeaderElection.java:logAndReturn(56)) - b88b3e43-5534-49b3-b3f2-a9f154b450de@group-2FABE92B7E5B-LeaderElection73: Election REJECTED; received 2 response(s) [b88b3e43-5534-49b3-b3f2-a9f154b450de<-c58a0a02-acd3-47c8-b3e9-5b8e0493de45#0:FAIL-t72, b88b3e43-5534-49b3-b3f2-a9f154b450de<-1360619e-ba1e-4bf9-aec1-9f15b5480b27#0:FAIL-t72] and 0 exception(s); b88b3e43-5534-49b3-b3f2-a9f154b450de@group-2FABE92B7E5B:t72, leader=null, voted=b88b3e43-5534-49b3-b3f2-a9f154b450de, raftlog=b88b3e43-5534-49b3-b3f2-a9f154b450de@group-2FABE92B7E5B-SegmentedRaftLog:OPENED:c-1,f-1,i0, conf=-1: [c58a0a02-acd3-47c8-b3e9-5b8e0493de45:192.168.157.254:33611, 1360619e-ba1e-4bf9-aec1-9f15b5480b27:192.168.157.254:45658, b88b3e43-5534-49b3-b3f2-a9f154b450de:192.168.157.254:46786], old=null
2019-10-21 23:46:29,062 [b88b3e43-5534-49b3-b3f2-a9f154b450de@group-2FABE92B7E5B-LeaderElection73] INFO  impl.RaftServerImpl (RaftServerImpl.java:setRole(184)) - b88b3e43-5534-49b3-b3f2-a9f154b450de@group-2FABE92B7E5B: changes role from CANDIDATE to FOLLOWER at term 72 for DISCOVERED_A_NEW_TERM
2019-10-21 23:46:29,062 [b88b3e43-5534-49b3-b3f2-a9f154b450de@group-2FABE92B7E5B-LeaderElection73] INFO  impl.RoleInfo (RoleInfo.java:shutdownLeaderElection(134)) - b88b3e43-5534-49b3-b3f2-a9f154b450de: shutdown LeaderElection
2019-10-21 23:46:29,062 [b88b3e43-5534-49b3-b3f2-a9f154b450de@group-2FABE92B7E5B-LeaderElection73] INFO  impl.RoleInfo (RoleInfo.java:updateAndGet(143)) - b88b3e43-5534-49b3-b3f2-a9f154b450de: start FollowerState
2019-10-21 23:46:29,157 [Thread-688] INFO  impl.FollowerState (FollowerState.java:run(108)) - b88b3e43-5534-49b3-b3f2-a9f154b450de@group-2FABE92B7E5B-FollowerState: change to CANDIDATE, lastRpcTime:95ms, electionTimeout:95ms
2019-10-21 23:46:29,157 [Thread-688] INFO  impl.RoleInfo (RoleInfo.java:shutdownFollowerState(121)) - b88b3e43-5534-49b3-b3f2-a9f154b450de: shutdown FollowerState
2019-10-21 23:46:29,157 [Thread-688] INFO  impl.RaftServerImpl (RaftServerImpl.java:setRole(184)) - b88b3e43-5534-49b3-b3f2-a9f154b450de@group-2FABE92B7E5B: changes role from  FOLLOWER to CANDIDATE at term 72 for changeToCandidate
2019-10-21 23:46:29,158 [Thread-688] INFO  impl.RoleInfo (RoleInfo.java:updateAndGet(143)) - b88b3e43-5534-49b3-b3f2-a9f154b450de: start LeaderElection
2019-10-21 23:46:29,171 [b88b3e43-5534-49b3-b3f2-a9f154b450de@group-2FABE92B7E5B-LeaderElection74] INFO  impl.LeaderElection (LeaderElection.java:askForVotes(178)) - b88b3e43-5534-49b3-b3f2-a9f154b450de@group-2FABE92B7E5B-LeaderElection74: begin an election at term 73 for -1: [c58a0a02-acd3-47c8-b3e9-5b8e0493de45:192.168.157.254:33611, 1360619e-ba1e-4bf9-aec1-9f15b5480b27:192.168.157.254:45658, b88b3e43-5534-49b3-b3f2-a9f154b450de:192.168.157.254:46786], old=null
2019-10-21 23:46:29,174 [grpc-default-executor-0] INFO  impl.RaftServerImpl (RaftServerImpl.java:setRole(184)) - 1360619e-ba1e-4bf9-aec1-9f15b5480b27@group-2FABE92B7E5B: changes role from  FOLLOWER to FOLLOWER at term 73 for recognizeCandidate:b88b3e43-5534-49b3-b3f2-a9f154b450de
2019-10-21 23:46:29,174 [grpc-default-executor-2] INFO  impl.RaftServerImpl (RaftServerImpl.java:setRole(184)) - c58a0a02-acd3-47c8-b3e9-5b8e0493de45@group-2FABE92B7E5B: changes role from  FOLLOWER to FOLLOWER at term 73 for recognizeCandidate:b88b3e43-5534-49b3-b3f2-a9f154b450de
2019-10-21 23:46:29,174 [grpc-default-executor-0] INFO  impl.RoleInfo (RoleInfo.java:shutdownFollowerState(121)) - 1360619e-ba1e-4bf9-aec1-9f15b5480b27: shutdown FollowerState
2019-10-21 23:46:29,174 [grpc-default-executor-2] INFO  impl.RoleInfo (RoleInfo.java:shutdownFollowerState(121)) - c58a0a02-acd3-47c8-b3e9-5b8e0493de45: shutdown FollowerState
2019-10-21 23:46:29,174 [Thread-687] INFO  impl.FollowerState (FollowerState.java:run(117)) - 1360619e-ba1e-4bf9-aec1-9f15b5480b27@group-2FABE92B7E5B-FollowerState was interrupted: java.lang.InterruptedException: sleep interrupted
2019-10-21 23:46:29,174 [grpc-default-executor-0] INFO  impl.RoleInfo (RoleInfo.java:updateAndGet(143)) - 1360619e-ba1e-4bf9-aec1-9f15b5480b27: start FollowerState
2019-10-21 23:46:29,174 [Thread-686] INFO  impl.FollowerState (FollowerState.java:run(117)) - c58a0a02-acd3-47c8-b3e9-5b8e0493de45@group-2FABE92B7E5B-FollowerState was interrupted: java.lang.InterruptedException: sleep interrupted
2019-10-21 23:46:29,174 [grpc-default-executor-2] INFO  impl.RoleInfo (RoleInfo.java:updateAndGet(143)) - c58a0a02-acd3-47c8-b3e9-5b8e0493de45: start FollowerState
2019-10-21 23:46:29,185 [b88b3e43-5534-49b3-b3f2-a9f154b450de@group-2FABE92B7E5B-LeaderElection74] INFO  impl.LeaderElection (LeaderElection.java:logAndReturn(56)) - b88b3e43-5534-49b3-b3f2-a9f154b450de@group-2FABE92B7E5B-LeaderElection74: Election REJECTED; received 2 response(s) [b88b3e43-5534-49b3-b3f2-a9f154b450de<-c58a0a02-acd3-47c8-b3e9-5b8e0493de45#0:FAIL-t73, b88b3e43-5534-49b3-b3f2-a9f154b450de<-1360619e-ba1e-4bf9-aec1-9f15b5480b27#0:FAIL-t73] and 0 exception(s); b88b3e43-5534-49b3-b3f2-a9f154b450de@group-2FABE92B7E5B:t73, leader=null, voted=b88b3e43-5534-49b3-b3f2-a9f154b450de, raftlog=b88b3e43-5534-49b3-b3f2-a9f154b450de@group-2FABE92B7E5B-SegmentedRaftLog:OPENED:c-1,f-1,i0, conf=-1: [c58a0a02-acd3-47c8-b3e9-5b8e0493de45:192.168.157.254:33611, 1360619e-ba1e-4bf9-aec1-9f15b5480b27:192.168.157.254:45658, b88b3e43-5534-49b3-b3f2-a9f154b450de:192.168.157.254:46786], old=null
2019-10-21 23:46:29,185 [b88b3e43-5534-49b3-b3f2-a9f154b450de@group-2FABE92B7E5B-LeaderElection74] INFO  impl.RaftServerImpl (RaftServerImpl.java:setRole(184)) - b88b3e43-5534-49b3-b3f2-a9f154b450de@group-2FABE92B7E5B: changes role from CANDIDATE to FOLLOWER at term 73 for DISCOVERED_A_NEW_TERM
2019-10-21 23:46:29,186 [b88b3e43-5534-49b3-b3f2-a9f154b450de@group-2FABE92B7E5B-LeaderElection74] INFO  impl.RoleInfo (RoleInfo.java:shutdownLeaderElection(134)) - b88b3e43-5534-49b3-b3f2-a9f154b450de: shutdown LeaderElection
2019-10-21 23:46:29,186 [b88b3e43-5534-49b3-b3f2-a9f154b450de@group-2FABE92B7E5B-LeaderElection74] INFO  impl.RoleInfo (RoleInfo.java:updateAndGet(143)) - b88b3e43-5534-49b3-b3f2-a9f154b450de: start FollowerState
2019-10-21 23:46:29,228 [Thread-694] INFO  impl.FollowerState (FollowerState.java:run(108)) - b88b3e43-5534-49b3-b3f2-a9f154b450de@group-2FABE92B7E5B-FollowerState: change to CANDIDATE, lastRpcTime:42ms, electionTimeout:42ms
2019-10-21 23:46:29,228 [Thread-694] INFO  impl.RoleInfo (RoleInfo.java:shutdownFollowerState(121)) - b88b3e43-5534-49b3-b3f2-a9f154b450de: shutdown FollowerState
2019-10-21 23:46:29,229 [Thread-694] INFO  impl.RaftServerImpl (RaftServerImpl.java:setRole(184)) - b88b3e43-5534-49b3-b3f2-a9f154b450de@group-2FABE92B7E5B: changes role from  FOLLOWER to CANDIDATE at term 73 for changeToCandidate
2019-10-21 23:46:29,229 [Thread-694] INFO  impl.RoleInfo (RoleInfo.java:updateAndGet(143)) - b88b3e43-5534-49b3-b3f2-a9f154b450de: start LeaderElection
2019-10-21 23:46:29,242 [b88b3e43-5534-49b3-b3f2-a9f154b450de@group-2FABE92B7E5B-LeaderElection75] INFO  impl.LeaderElection (LeaderElection.java:askForVotes(178)) - b88b3e43-5534-49b3-b3f2-a9f154b450de@group-2FABE92B7E5B-LeaderElection75: begin an election at term 74 for -1: [c58a0a02-acd3-47c8-b3e9-5b8e0493de45:192.168.157.254:33611, 1360619e-ba1e-4bf9-aec1-9f15b5480b27:192.168.157.254:45658, b88b3e43-5534-49b3-b3f2-a9f154b450de:192.168.157.254:46786], old=null
2019-10-21 23:46:29,245 [grpc-default-executor-2] INFO  impl.RaftServerImpl (RaftServerImpl.java:setRole(184)) - 1360619e-ba1e-4bf9-aec1-9f15b5480b27@group-2FABE92B7E5B: changes role from  FOLLOWER to FOLLOWER at term 74 for recognizeCandidate:b88b3e43-5534-49b3-b3f2-a9f154b450de
2019-10-21 23:46:29,245 [grpc-default-executor-2] INFO  impl.RoleInfo (RoleInfo.java:shutdownFollowerState(121)) - 1360619e-ba1e-4bf9-aec1-9f15b5480b27: shutdown FollowerState
2019-10-21 23:46:29,245 [grpc-default-executor-0] INFO  impl.RaftServerImpl (RaftServerImpl.java:setRole(184)) - c58a0a02-acd3-47c8-b3e9-5b8e0493de45@group-2FABE92B7E5B: changes role from  FOLLOWER to FOLLOWER at term 74 for recognizeCandidate:b88b3e43-5534-49b3-b3f2-a9f154b450de
2019-10-21 23:46:29,245 [Thread-692] INFO  impl.FollowerState (FollowerState.java:run(117)) - 1360619e-ba1e-4bf9-aec1-9f15b5480b27@group-2FABE92B7E5B-FollowerState was interrupted: java.lang.InterruptedException: sleep interrupted
2019-10-21 23:46:29,245 [grpc-default-executor-2] INFO  impl.RoleInfo (RoleInfo.java:updateAndGet(143)) - 1360619e-ba1e-4bf9-aec1-9f15b5480b27: start FollowerState
2019-10-21 23:46:29,245 [grpc-default-executor-0] INFO  impl.RoleInfo (RoleInfo.java:shutdownFollowerState(121)) - c58a0a02-acd3-47c8-b3e9-5b8e0493de45: shutdown FollowerState
2019-10-21 23:46:29,246 [grpc-default-executor-0] INFO  impl.RoleInfo (RoleInfo.java:updateAndGet(143)) - c58a0a02-acd3-47c8-b3e9-5b8e0493de45: start FollowerState
2019-10-21 23:46:29,246 [Thread-693] INFO  impl.FollowerState (FollowerState.java:run(117)) - c58a0a02-acd3-47c8-b3e9-5b8e0493de45@group-2FABE92B7E5B-FollowerState was interrupted: java.lang.InterruptedException: sleep interrupted
2019-10-21 23:46:29,260 [b88b3e43-5534-49b3-b3f2-a9f154b450de@group-2FABE92B7E5B-LeaderElection75] INFO  impl.LeaderElection (LeaderElection.java:logAndReturn(56)) - b88b3e43-5534-49b3-b3f2-a9f154b450de@group-2FABE92B7E5B-LeaderElection75: Election REJECTED; received 2 response(s) [b88b3e43-5534-49b3-b3f2-a9f154b450de<-c58a0a02-acd3-47c8-b3e9-5b8e0493de45#0:FAIL-t74, b88b3e43-5534-49b3-b3f2-a9f154b450de<-1360619e-ba1e-4bf9-aec1-9f15b5480b27#0:FAIL-t74] and 0 exception(s); b88b3e43-5534-49b3-b3f2-a9f154b450de@group-2FABE92B7E5B:t74, leader=null, voted=b88b3e43-5534-49b3-b3f2-a9f154b450de, raftlog=b88b3e43-5534-49b3-b3f2-a9f154b450de@group-2FABE92B7E5B-SegmentedRaftLog:OPENED:c-1,f-1,i0, conf=-1: [c58a0a02-acd3-47c8-b3e9-5b8e0493de45:192.168.157.254:33611, 1360619e-ba1e-4bf9-aec1-9f15b5480b27:192.168.157.254:45658, b88b3e43-5534-49b3-b3f2-a9f154b450de:192.168.157.254:46786], old=null
2019-10-21 23:46:29,260 [b88b3e43-5534-49b3-b3f2-a9f154b450de@group-2FABE92B7E5B-LeaderElection75] INFO  impl.RaftServerImpl (RaftServerImpl.java:setRole(184)) - b88b3e43-5534-49b3-b3f2-a9f154b450de@group-2FABE92B7E5B: changes role from CANDIDATE to FOLLOWER at term 74 for DISCOVERED_A_NEW_TERM
2019-10-21 23:46:29,260 [b88b3e43-5534-49b3-b3f2-a9f154b450de@group-2FABE92B7E5B-LeaderElection75] INFO  impl.RoleInfo (RoleInfo.java:shutdownLeaderElection(134)) - b88b3e43-5534-49b3-b3f2-a9f154b450de: shutdown LeaderElection
2019-10-21 23:46:29,261 [b88b3e43-5534-49b3-b3f2-a9f154b450de@group-2FABE92B7E5B-LeaderElection75] INFO  impl.RoleInfo (RoleInfo.java:updateAndGet(143)) - b88b3e43-5534-49b3-b3f2-a9f154b450de: start FollowerState
2019-10-21 23:46:29,453 [Thread-700] INFO  impl.FollowerState (FollowerState.java:run(108)) - b88b3e43-5534-49b3-b3f2-a9f154b450de@group-2FABE92B7E5B-FollowerState: change to CANDIDATE, lastRpcTime:192ms, electionTimeout:192ms
2019-10-21 23:46:29,453 [Thread-700] INFO  impl.RoleInfo (RoleInfo.java:shutdownFollowerState(121)) - b88b3e43-5534-49b3-b3f2-a9f154b450de: shutdown FollowerState
2019-10-21 23:46:29,453 [Thread-700] INFO  impl.RaftServerImpl (RaftServerImpl.java:setRole(184)) - b88b3e43-5534-49b3-b3f2-a9f154b450de@group-2FABE92B7E5B: changes role from  FOLLOWER to CANDIDATE at term 74 for changeToCandidate
2019-10-21 23:46:29,453 [Thread-700] INFO  impl.RoleInfo (RoleInfo.java:updateAndGet(143)) - b88b3e43-5534-49b3-b3f2-a9f154b450de: start LeaderElection
2019-10-21 23:46:29,467 [b88b3e43-5534-49b3-b3f2-a9f154b450de@group-2FABE92B7E5B-LeaderElection76] INFO  impl.LeaderElection (LeaderElection.java:askForVotes(178)) - b88b3e43-5534-49b3-b3f2-a9f154b450de@group-2FABE92B7E5B-LeaderElection76: begin an election at term 75 for -1: [c58a0a02-acd3-47c8-b3e9-5b8e0493de45:192.168.157.254:33611, 1360619e-ba1e-4bf9-aec1-9f15b5480b27:192.168.157.254:45658, b88b3e43-5534-49b3-b3f2-a9f154b450de:192.168.157.254:46786], old=null
2019-10-21 23:46:29,471 [grpc-default-executor-0] INFO  impl.RaftServerImpl (RaftServerImpl.java:setRole(184)) - c58a0a02-acd3-47c8-b3e9-5b8e0493de45@group-2FABE92B7E5B: changes role from  FOLLOWER to FOLLOWER at term 75 for recognizeCandidate:b88b3e43-5534-49b3-b3f2-a9f154b450de
2019-10-21 23:46:29,472 [grpc-default-executor-0] INFO  impl.RoleInfo (RoleInfo.java:shutdownFollowerState(121)) - c58a0a02-acd3-47c8-b3e9-5b8e0493de45: shutdown FollowerState
2019-10-21 23:46:29,471 [grpc-default-executor-2] INFO  impl.RaftServerImpl (RaftServerImpl.java:setRole(184)) - 1360619e-ba1e-4bf9-aec1-9f15b5480b27@group-2FABE92B7E5B: changes role from  FOLLOWER to FOLLOWER at term 75 for recognizeCandidate:b88b3e43-5534-49b3-b3f2-a9f154b450de
2019-10-21 23:46:29,472 [grpc-default-executor-0] INFO  impl.RoleInfo (RoleInfo.java:updateAndGet(143)) - c58a0a02-acd3-47c8-b3e9-5b8e0493de45: start FollowerState
2019-10-21 23:46:29,472 [Thread-699] INFO  impl.FollowerState (FollowerState.java:run(117)) - c58a0a02-acd3-47c8-b3e9-5b8e0493de45@group-2FABE92B7E5B-FollowerState was interrupted: java.lang.InterruptedException: sleep interrupted
2019-10-21 23:46:29,472 [grpc-default-executor-2] INFO  impl.RoleInfo (RoleInfo.java:shutdownFollowerState(121)) - 1360619e-ba1e-4bf9-aec1-9f15b5480b27: shutdown FollowerState
2019-10-21 23:46:29,472 [grpc-default-executor-2] INFO  impl.RoleInfo (RoleInfo.java:updateAndGet(143)) - 1360619e-ba1e-4bf9-aec1-9f15b5480b27: start FollowerState
2019-10-21 23:46:29,472 [Thread-698] INFO  impl.FollowerState (FollowerState.java:run(117)) - 1360619e-ba1e-4bf9-aec1-9f15b5480b27@group-2FABE92B7E5B-FollowerState was interrupted: java.lang.InterruptedException: sleep interrupted
2019-10-21 23:46:29,487 [b88b3e43-5534-49b3-b3f2-a9f154b450de@group-2FABE92B7E5B-LeaderElection76] INFO  impl.LeaderElection (LeaderElection.java:logAndReturn(56)) - b88b3e43-5534-49b3-b3f2-a9f154b450de@group-2FABE92B7E5B-LeaderElection76: Election REJECTED; received 2 response(s) [b88b3e43-5534-49b3-b3f2-a9f154b450de<-c58a0a02-acd3-47c8-b3e9-5b8e0493de45#0:FAIL-t75, b88b3e43-5534-49b3-b3f2-a9f154b450de<-1360619e-ba1e-4bf9-aec1-9f15b5480b27#0:FAIL-t75] and 0 exception(s); b88b3e43-5534-49b3-b3f2-a9f154b450de@group-2FABE92B7E5B:t75, leader=null, voted=b88b3e43-5534-49b3-b3f2-a9f154b450de, raftlog=b88b3e43-5534-49b3-b3f2-a9f154b450de@group-2FABE92B7E5B-SegmentedRaftLog:OPENED:c-1,f-1,i0, conf=-1: [c58a0a02-acd3-47c8-b3e9-5b8e0493de45:192.168.157.254:33611, 1360619e-ba1e-4bf9-aec1-9f15b5480b27:192.168.157.254:45658, b88b3e43-5534-49b3-b3f2-a9f154b450de:192.168.157.254:46786], old=null
2019-10-21 23:46:29,487 [b88b3e43-5534-49b3-b3f2-a9f154b450de@group-2FABE92B7E5B-LeaderElection76] INFO  impl.RaftServerImpl (RaftServerImpl.java:setRole(184)) - b88b3e43-5534-49b3-b3f2-a9f154b450de@group-2FABE92B7E5B: changes role from CANDIDATE to FOLLOWER at term 75 for DISCOVERED_A_NEW_TERM
2019-10-21 23:46:29,487 [b88b3e43-5534-49b3-b3f2-a9f154b450de@group-2FABE92B7E5B-LeaderElection76] INFO  impl.RoleInfo (RoleInfo.java:shutdownLeaderElection(134)) - b88b3e43-5534-49b3-b3f2-a9f154b450de: shutdown LeaderElection
2019-10-21 23:46:29,487 [b88b3e43-5534-49b3-b3f2-a9f154b450de@group-2FABE92B7E5B-LeaderElection76] INFO  impl.RoleInfo (RoleInfo.java:updateAndGet(143)) - b88b3e43-5534-49b3-b3f2-a9f154b450de: start FollowerState
2019-10-21 23:46:29,492 [Thread-706] INFO  impl.FollowerState (FollowerState.java:run(108)) - b88b3e43-5534-49b3-b3f2-a9f154b450de@group-2FABE92B7E5B-FollowerState: change to CANDIDATE, lastRpcTime:4ms, electionTimeout:4ms
2019-10-21 23:46:29,492 [Thread-706] INFO  impl.RoleInfo (RoleInfo.java:shutdownFollowerState(121)) - b88b3e43-5534-49b3-b3f2-a9f154b450de: shutdown FollowerState
2019-10-21 23:46:29,492 [Thread-706] INFO  impl.RaftServerImpl (RaftServerImpl.java:setRole(184)) - b88b3e43-5534-49b3-b3f2-a9f154b450de@group-2FABE92B7E5B: changes role from  FOLLOWER to CANDIDATE at term 75 for changeToCandidate
2019-10-21 23:46:29,492 [Thread-706] INFO  impl.RoleInfo (RoleInfo.java:updateAndGet(143)) - b88b3e43-5534-49b3-b3f2-a9f154b450de: start LeaderElection
2019-10-21 23:46:29,506 [b88b3e43-5534-49b3-b3f2-a9f154b450de@group-2FABE92B7E5B-LeaderElection77] INFO  impl.LeaderElection (LeaderElection.java:askForVotes(178)) - b88b3e43-5534-49b3-b3f2-a9f154b450de@group-2FABE92B7E5B-LeaderElection77: begin an election at term 76 for -1: [c58a0a02-acd3-47c8-b3e9-5b8e0493de45:192.168.157.254:33611, 1360619e-ba1e-4bf9-aec1-9f15b5480b27:192.168.157.254:45658, b88b3e43-5534-49b3-b3f2-a9f154b450de:192.168.157.254:46786], old=null
2019-10-21 23:46:29,508 [grpc-default-executor-2] INFO  impl.RaftServerImpl (RaftServerImpl.java:setRole(184)) - 1360619e-ba1e-4bf9-aec1-9f15b5480b27@group-2FABE92B7E5B: changes role from  FOLLOWER to FOLLOWER at term 76 for recognizeCandidate:b88b3e43-5534-49b3-b3f2-a9f154b450de
2019-10-21 23:46:29,508 [grpc-default-executor-0] INFO  impl.RaftServerImpl (RaftServerImpl.java:setRole(184)) - c58a0a02-acd3-47c8-b3e9-5b8e0493de45@group-2FABE92B7E5B: changes role from  FOLLOWER to FOLLOWER at term 76 for recognizeCandidate:b88b3e43-5534-49b3-b3f2-a9f154b450de
2019-10-21 23:46:29,508 [grpc-default-executor-2] INFO  impl.RoleInfo (RoleInfo.java:shutdownFollowerState(121)) - 1360619e-ba1e-4bf9-aec1-9f15b5480b27: shutdown FollowerState
2019-10-21 23:46:29,508 [grpc-default-executor-0] INFO  impl.RoleInfo (RoleInfo.java:shutdownFollowerState(121)) - c58a0a02-acd3-47c8-b3e9-5b8e0493de45: shutdown FollowerState
2019-10-21 23:46:29,509 [grpc-default-executor-2] INFO  impl.RoleInfo (RoleInfo.java:updateAndGet(143)) - 1360619e-ba1e-4bf9-aec1-9f15b5480b27: start FollowerState
2019-10-21 23:46:29,509 [Thread-704] INFO  impl.FollowerState (FollowerState.java:run(117)) - c58a0a02-acd3-47c8-b3e9-5b8e0493de45@group-2FABE92B7E5B-FollowerState was interrupted: java.lang.InterruptedException: sleep interrupted
2019-10-21 23:46:29,509 [grpc-default-executor-0] INFO  impl.RoleInfo (RoleInfo.java:updateAndGet(143)) - c58a0a02-acd3-47c8-b3e9-5b8e0493de45: start FollowerState
2019-10-21 23:46:29,509 [Thread-705] INFO  impl.FollowerState (FollowerState.java:run(117)) - 1360619e-ba1e-4bf9-aec1-9f15b5480b27@group-2FABE92B7E5B-FollowerState was interrupted: java.lang.InterruptedException: sleep interrupted
2019-10-21 23:46:29,524 [b88b3e43-5534-49b3-b3f2-a9f154b450de@group-2FABE92B7E5B-LeaderElection77] INFO  impl.LeaderElection (LeaderElection.java:logAndReturn(56)) - b88b3e43-5534-49b3-b3f2-a9f154b450de@group-2FABE92B7E5B-LeaderElection77: Election REJECTED; received 2 response(s) [b88b3e43-5534-49b3-b3f2-a9f154b450de<-c58a0a02-acd3-47c8-b3e9-5b8e0493de45#0:FAIL-t76, b88b3e43-5534-49b3-b3f2-a9f154b450de<-1360619e-ba1e-4bf9-aec1-9f15b5480b27#0:FAIL-t76] and 0 exception(s); b88b3e43-5534-49b3-b3f2-a9f154b450de@group-2FABE92B7E5B:t76, leader=null, voted=b88b3e43-5534-49b3-b3f2-a9f154b450de, raftlog=b88b3e43-5534-49b3-b3f2-a9f154b450de@group-2FABE92B7E5B-SegmentedRaftLog:OPENED:c-1,f-1,i0, conf=-1: [c58a0a02-acd3-47c8-b3e9-5b8e0493de45:192.168.157.254:33611, 1360619e-ba1e-4bf9-aec1-9f15b5480b27:192.168.157.254:45658, b88b3e43-5534-49b3-b3f2-a9f154b450de:192.168.157.254:46786], old=null
2019-10-21 23:46:29,524 [b88b3e43-5534-49b3-b3f2-a9f154b450de@group-2FABE92B7E5B-LeaderElection77] INFO  impl.RaftServerImpl (RaftServerImpl.java:setRole(184)) - b88b3e43-5534-49b3-b3f2-a9f154b450de@group-2FABE92B7E5B: changes role from CANDIDATE to FOLLOWER at term 76 for DISCOVERED_A_NEW_TERM
2019-10-21 23:46:29,524 [b88b3e43-5534-49b3-b3f2-a9f154b450de@group-2FABE92B7E5B-LeaderElection77] INFO  impl.RoleInfo (RoleInfo.java:shutdownLeaderElection(134)) - b88b3e43-5534-49b3-b3f2-a9f154b450de: shutdown LeaderElection
2019-10-21 23:46:29,524 [b88b3e43-5534-49b3-b3f2-a9f154b450de@group-2FABE92B7E5B-LeaderElection77] INFO  impl.RoleInfo (RoleInfo.java:updateAndGet(143)) - b88b3e43-5534-49b3-b3f2-a9f154b450de: start FollowerState
2019-10-21 23:46:29,706 [Thread-712] INFO  impl.FollowerState (FollowerState.java:run(108)) - b88b3e43-5534-49b3-b3f2-a9f154b450de@group-2FABE92B7E5B-FollowerState: change to CANDIDATE, lastRpcTime:181ms, electionTimeout:180ms
2019-10-21 23:46:29,706 [Thread-712] INFO  impl.RoleInfo (RoleInfo.java:shutdownFollowerState(121)) - b88b3e43-5534-49b3-b3f2-a9f154b450de: shutdown FollowerState
2019-10-21 23:46:29,707 [Thread-712] INFO  impl.RaftServerImpl (RaftServerImpl.java:setRole(184)) - b88b3e43-5534-49b3-b3f2-a9f154b450de@group-2FABE92B7E5B: changes role from  FOLLOWER to CANDIDATE at term 76 for changeToCandidate
2019-10-21 23:46:29,707 [Thread-712] INFO  impl.RoleInfo (RoleInfo.java:updateAndGet(143)) - b88b3e43-5534-49b3-b3f2-a9f154b450de: start LeaderElection
2019-10-21 23:46:29,720 [b88b3e43-5534-49b3-b3f2-a9f154b450de@group-2FABE92B7E5B-LeaderElection78] INFO  impl.LeaderElection (LeaderElection.java:askForVotes(178)) - b88b3e43-5534-49b3-b3f2-a9f154b450de@group-2FABE92B7E5B-LeaderElection78: begin an election at term 77 for -1: [c58a0a02-acd3-47c8-b3e9-5b8e0493de45:192.168.157.254:33611, 1360619e-ba1e-4bf9-aec1-9f15b5480b27:192.168.157.254:45658, b88b3e43-5534-49b3-b3f2-a9f154b450de:192.168.157.254:46786], old=null
2019-10-21 23:46:29,722 [grpc-default-executor-0] INFO  impl.RaftServerImpl (RaftServerImpl.java:setRole(184)) - 1360619e-ba1e-4bf9-aec1-9f15b5480b27@group-2FABE92B7E5B: changes role from  FOLLOWER to FOLLOWER at term 77 for recognizeCandidate:b88b3e43-5534-49b3-b3f2-a9f154b450de
2019-10-21 23:46:29,722 [grpc-default-executor-0] INFO  impl.RoleInfo (RoleInfo.java:shutdownFollowerState(121)) - 1360619e-ba1e-4bf9-aec1-9f15b5480b27: shutdown FollowerState
2019-10-21 23:46:29,723 [grpc-default-executor-0] INFO  impl.RoleInfo (RoleInfo.java:updateAndGet(143)) - 1360619e-ba1e-4bf9-aec1-9f15b5480b27: start FollowerState
2019-10-21 23:46:29,723 [Thread-710] INFO  impl.FollowerState (FollowerState.java:run(117)) - 1360619e-ba1e-4bf9-aec1-9f15b5480b27@group-2FABE92B7E5B-FollowerState was interrupted: java.lang.InterruptedException: sleep interrupted
2019-10-21 23:46:29,723 [grpc-default-executor-2] INFO  impl.RaftServerImpl (RaftServerImpl.java:setRole(184)) - c58a0a02-acd3-47c8-b3e9-5b8e0493de45@group-2FABE92B7E5B: changes role from  FOLLOWER to FOLLOWER at term 77 for recognizeCandidate:b88b3e43-5534-49b3-b3f2-a9f154b450de
2019-10-21 23:46:29,723 [grpc-default-executor-2] INFO  impl.RoleInfo (RoleInfo.java:shutdownFollowerState(121)) - c58a0a02-acd3-47c8-b3e9-5b8e0493de45: shutdown FollowerState
2019-10-21 23:46:29,723 [grpc-default-executor-2] INFO  impl.RoleInfo (RoleInfo.java:updateAndGet(143)) - c58a0a02-acd3-47c8-b3e9-5b8e0493de45: start FollowerState
2019-10-21 23:46:29,723 [Thread-711] INFO  impl.FollowerState (FollowerState.java:run(117)) - c58a0a02-acd3-47c8-b3e9-5b8e0493de45@group-2FABE92B7E5B-FollowerState was interrupted: java.lang.InterruptedException: sleep interrupted
2019-10-21 23:46:29,739 [b88b3e43-5534-49b3-b3f2-a9f154b450de@group-2FABE92B7E5B-LeaderElection78] INFO  impl.LeaderElection (LeaderElection.java:logAndReturn(56)) - b88b3e43-5534-49b3-b3f2-a9f154b450de@group-2FABE92B7E5B-LeaderElection78: Election REJECTED; received 2 response(s) [b88b3e43-5534-49b3-b3f2-a9f154b450de<-c58a0a02-acd3-47c8-b3e9-5b8e0493de45#0:FAIL-t77, b88b3e43-5534-49b3-b3f2-a9f154b450de<-1360619e-ba1e-4bf9-aec1-9f15b5480b27#0:FAIL-t77] and 0 exception(s); b88b3e43-5534-49b3-b3f2-a9f154b450de@group-2FABE92B7E5B:t77, leader=null, voted=b88b3e43-5534-49b3-b3f2-a9f154b450de, raftlog=b88b3e43-5534-49b3-b3f2-a9f154b450de@group-2FABE92B7E5B-SegmentedRaftLog:OPENED:c-1,f-1,i0, conf=-1: [c58a0a02-acd3-47c8-b3e9-5b8e0493de45:192.168.157.254:33611, 1360619e-ba1e-4bf9-aec1-9f15b5480b27:192.168.157.254:45658, b88b3e43-5534-49b3-b3f2-a9f154b450de:192.168.157.254:46786], old=null
2019-10-21 23:46:29,739 [b88b3e43-5534-49b3-b3f2-a9f154b450de@group-2FABE92B7E5B-LeaderElection78] INFO  impl.RaftServerImpl (RaftServerImpl.java:setRole(184)) - b88b3e43-5534-49b3-b3f2-a9f154b450de@group-2FABE92B7E5B: changes role from CANDIDATE to FOLLOWER at term 77 for DISCOVERED_A_NEW_TERM
2019-10-21 23:46:29,739 [b88b3e43-5534-49b3-b3f2-a9f154b450de@group-2FABE92B7E5B-LeaderElection78] INFO  impl.RoleInfo (RoleInfo.java:shutdownLeaderElection(134)) - b88b3e43-5534-49b3-b3f2-a9f154b450de: shutdown LeaderElection
2019-10-21 23:46:29,739 [b88b3e43-5534-49b3-b3f2-a9f154b450de@group-2FABE92B7E5B-LeaderElection78] INFO  impl.RoleInfo (RoleInfo.java:updateAndGet(143)) - b88b3e43-5534-49b3-b3f2-a9f154b450de: start FollowerState
2019-10-21 23:46:29,880 [Thread-720] INFO  impl.FollowerState (FollowerState.java:run(108)) - b88b3e43-5534-49b3-b3f2-a9f154b450de@group-2FABE92B7E5B-FollowerState: change to CANDIDATE, lastRpcTime:140ms, electionTimeout:140ms
2019-10-21 23:46:29,880 [Thread-720] INFO  impl.RoleInfo (RoleInfo.java:shutdownFollowerState(121)) - b88b3e43-5534-49b3-b3f2-a9f154b450de: shutdown FollowerState
2019-10-21 23:46:29,880 [Thread-720] INFO  impl.RaftServerImpl (RaftServerImpl.java:setRole(184)) - b88b3e43-5534-49b3-b3f2-a9f154b450de@group-2FABE92B7E5B: changes role from  FOLLOWER to CANDIDATE at term 77 for changeToCandidate
2019-10-21 23:46:29,880 [Thread-720] INFO  impl.RoleInfo (RoleInfo.java:updateAndGet(143)) - b88b3e43-5534-49b3-b3f2-a9f154b450de: start LeaderElection
2019-10-21 23:46:29,894 [b88b3e43-5534-49b3-b3f2-a9f154b450de@group-2FABE92B7E5B-LeaderElection79] INFO  impl.LeaderElection (LeaderElection.java:askForVotes(178)) - b88b3e43-5534-49b3-b3f2-a9f154b450de@group-2FABE92B7E5B-LeaderElection79: begin an election at term 78 for -1: [c58a0a02-acd3-47c8-b3e9-5b8e0493de45:192.168.157.254:33611, 1360619e-ba1e-4bf9-aec1-9f15b5480b27:192.168.157.254:45658, b88b3e43-5534-49b3-b3f2-a9f154b450de:192.168.157.254:46786], old=null
2019-10-21 23:46:29,897 [grpc-default-executor-2] INFO  impl.RaftServerImpl (RaftServerImpl.java:setRole(184)) - 1360619e-ba1e-4bf9-aec1-9f15b5480b27@group-2FABE92B7E5B: changes role from  FOLLOWER to FOLLOWER at term 78 for recognizeCandidate:b88b3e43-5534-49b3-b3f2-a9f154b450de
2019-10-21 23:46:29,897 [grpc-default-executor-2] INFO  impl.RoleInfo (RoleInfo.java:shutdownFollowerState(121)) - 1360619e-ba1e-4bf9-aec1-9f15b5480b27: shutdown FollowerState
2019-10-21 23:46:29,897 [grpc-default-executor-0] INFO  impl.RaftServerImpl (RaftServerImpl.java:setRole(184)) - c58a0a02-acd3-47c8-b3e9-5b8e0493de45@group-2FABE92B7E5B: changes role from  FOLLOWER to FOLLOWER at term 78 for recognizeCandidate:b88b3e43-5534-49b3-b3f2-a9f154b450de
2019-10-21 23:46:29,897 [Thread-718] INFO  impl.FollowerState (FollowerState.java:run(117)) - 1360619e-ba1e-4bf9-aec1-9f15b5480b27@group-2FABE92B7E5B-FollowerState was interrupted: java.lang.InterruptedException: sleep interrupted
2019-10-21 23:46:29,897 [grpc-default-executor-2] INFO  impl.RoleInfo (RoleInfo.java:updateAndGet(143)) - 1360619e-ba1e-4bf9-aec1-9f15b5480b27: start FollowerState
2019-10-21 23:46:29,897 [grpc-default-executor-0] INFO  impl.RoleInfo (RoleInfo.java:shutdownFollowerState(121)) - c58a0a02-acd3-47c8-b3e9-5b8e0493de45: shutdown FollowerState
2019-10-21 23:46:29,898 [grpc-default-executor-0] INFO  impl.RoleInfo (RoleInfo.java:updateAndGet(143)) - c58a0a02-acd3-47c8-b3e9-5b8e0493de45: start FollowerState
2019-10-21 23:46:29,898 [Thread-719] INFO  impl.FollowerState (FollowerState.java:run(117)) - c58a0a02-acd3-47c8-b3e9-5b8e0493de45@group-2FABE92B7E5B-FollowerState was interrupted: java.lang.InterruptedException: sleep interrupted
2019-10-21 23:46:29,912 [b88b3e43-5534-49b3-b3f2-a9f154b450de@group-2FABE92B7E5B-LeaderElection79] INFO  impl.LeaderElection (LeaderElection.java:logAndReturn(56)) - b88b3e43-5534-49b3-b3f2-a9f154b450de@group-2FABE92B7E5B-LeaderElection79: Election REJECTED; received 2 response(s) [b88b3e43-5534-49b3-b3f2-a9f154b450de<-c58a0a02-acd3-47c8-b3e9-5b8e0493de45#0:FAIL-t78, b88b3e43-5534-49b3-b3f2-a9f154b450de<-1360619e-ba1e-4bf9-aec1-9f15b5480b27#0:FAIL-t78] and 0 exception(s); b88b3e43-5534-49b3-b3f2-a9f154b450de@group-2FABE92B7E5B:t78, leader=null, voted=b88b3e43-5534-49b3-b3f2-a9f154b450de, raftlog=b88b3e43-5534-49b3-b3f2-a9f154b450de@group-2FABE92B7E5B-SegmentedRaftLog:OPENED:c-1,f-1,i0, conf=-1: [c58a0a02-acd3-47c8-b3e9-5b8e0493de45:192.168.157.254:33611, 1360619e-ba1e-4bf9-aec1-9f15b5480b27:192.168.157.254:45658, b88b3e43-5534-49b3-b3f2-a9f154b450de:192.168.157.254:46786], old=null
2019-10-21 23:46:29,912 [b88b3e43-5534-49b3-b3f2-a9f154b450de@group-2FABE92B7E5B-LeaderElection79] INFO  impl.RaftServerImpl (RaftServerImpl.java:setRole(184)) - b88b3e43-5534-49b3-b3f2-a9f154b450de@group-2FABE92B7E5B: changes role from CANDIDATE to FOLLOWER at term 78 for DISCOVERED_A_NEW_TERM
2019-10-21 23:46:29,913 [b88b3e43-5534-49b3-b3f2-a9f154b450de@group-2FABE92B7E5B-LeaderElection79] INFO  impl.RoleInfo (RoleInfo.java:shutdownLeaderElection(134)) - b88b3e43-5534-49b3-b3f2-a9f154b450de: shutdown LeaderElection
2019-10-21 23:46:29,913 [b88b3e43-5534-49b3-b3f2-a9f154b450de@group-2FABE92B7E5B-LeaderElection79] INFO  impl.RoleInfo (RoleInfo.java:updateAndGet(143)) - b88b3e43-5534-49b3-b3f2-a9f154b450de: start FollowerState
2019-10-21 23:46:30,068 [Thread-726] INFO  impl.FollowerState (FollowerState.java:run(108)) - b88b3e43-5534-49b3-b3f2-a9f154b450de@group-2FABE92B7E5B-FollowerState: change to CANDIDATE, lastRpcTime:155ms, electionTimeout:155ms
2019-10-21 23:46:30,068 [Thread-726] INFO  impl.RoleInfo (RoleInfo.java:shutdownFollowerState(121)) - b88b3e43-5534-49b3-b3f2-a9f154b450de: shutdown FollowerState
2019-10-21 23:46:30,069 [Thread-726] INFO  impl.RaftServerImpl (RaftServerImpl.java:setRole(184)) - b88b3e43-5534-49b3-b3f2-a9f154b450de@group-2FABE92B7E5B: changes role from  FOLLOWER to CANDIDATE at term 78 for changeToCandidate
2019-10-21 23:46:30,069 [Thread-726] INFO  impl.RoleInfo (RoleInfo.java:updateAndGet(143)) - b88b3e43-5534-49b3-b3f2-a9f154b450de: start LeaderElection
2019-10-21 23:46:30,083 [b88b3e43-5534-49b3-b3f2-a9f154b450de@group-2FABE92B7E5B-LeaderElection80] INFO  impl.LeaderElection (LeaderElection.java:askForVotes(178)) - b88b3e43-5534-49b3-b3f2-a9f154b450de@group-2FABE92B7E5B-LeaderElection80: begin an election at term 79 for -1: [c58a0a02-acd3-47c8-b3e9-5b8e0493de45:192.168.157.254:33611, 1360619e-ba1e-4bf9-aec1-9f15b5480b27:192.168.157.254:45658, b88b3e43-5534-49b3-b3f2-a9f154b450de:192.168.157.254:46786], old=null
2019-10-21 23:46:30,086 [grpc-default-executor-0] INFO  impl.RaftServerImpl (RaftServerImpl.java:setRole(184)) - 1360619e-ba1e-4bf9-aec1-9f15b5480b27@group-2FABE92B7E5B: changes role from  FOLLOWER to FOLLOWER at term 79 for recognizeCandidate:b88b3e43-5534-49b3-b3f2-a9f154b450de
2019-10-21 23:46:30,086 [grpc-default-executor-2] INFO  impl.RaftServerImpl (RaftServerImpl.java:setRole(184)) - c58a0a02-acd3-47c8-b3e9-5b8e0493de45@group-2FABE92B7E5B: changes role from  FOLLOWER to FOLLOWER at term 79 for recognizeCandidate:b88b3e43-5534-49b3-b3f2-a9f154b450de
2019-10-21 23:46:30,086 [grpc-default-executor-0] INFO  impl.RoleInfo (RoleInfo.java:shutdownFollowerState(121)) - 1360619e-ba1e-4bf9-aec1-9f15b5480b27: shutdown FollowerState
2019-10-21 23:46:30,086 [grpc-default-executor-2] INFO  impl.RoleInfo (RoleInfo.java:shutdownFollowerState(121)) - c58a0a02-acd3-47c8-b3e9-5b8e0493de45: shutdown FollowerState
2019-10-21 23:46:30,087 [grpc-default-executor-2] INFO  impl.RoleInfo (RoleInfo.java:updateAndGet(143)) - c58a0a02-acd3-47c8-b3e9-5b8e0493de45: start FollowerState
2019-10-21 23:46:30,086 [Thread-724] INFO  impl.FollowerState (FollowerState.java:run(117)) - 1360619e-ba1e-4bf9-aec1-9f15b5480b27@group-2FABE92B7E5B-FollowerState was interrupted: java.lang.InterruptedException: sleep interrupted
2019-10-21 23:46:30,086 [grpc-default-executor-0] INFO  impl.RoleInfo (RoleInfo.java:updateAndGet(143)) - 1360619e-ba1e-4bf9-aec1-9f15b5480b27: start FollowerState
2019-10-21 23:46:30,087 [Thread-725] INFO  impl.FollowerState (FollowerState.java:run(117)) - c58a0a02-acd3-47c8-b3e9-5b8e0493de45@group-2FABE92B7E5B-FollowerState was interrupted: java.lang.InterruptedException: sleep interrupted
2019-10-21 23:46:30,102 [b88b3e43-5534-49b3-b3f2-a9f154b450de@group-2FABE92B7E5B-LeaderElection80] INFO  impl.LeaderElection (LeaderElection.java:logAndReturn(56)) - b88b3e43-5534-49b3-b3f2-a9f154b450de@group-2FABE92B7E5B-LeaderElection80: Election REJECTED; received 2 response(s) [b88b3e43-5534-49b3-b3f2-a9f154b450de<-c58a0a02-acd3-47c8-b3e9-5b8e0493de45#0:FAIL-t79, b88b3e43-5534-49b3-b3f2-a9f154b450de<-1360619e-ba1e-4bf9-aec1-9f15b5480b27#0:FAIL-t79] and 0 exception(s); b88b3e43-5534-49b3-b3f2-a9f154b450de@group-2FABE92B7E5B:t79, leader=null, voted=b88b3e43-5534-49b3-b3f2-a9f154b450de, raftlog=b88b3e43-5534-49b3-b3f2-a9f154b450de@group-2FABE92B7E5B-SegmentedRaftLog:OPENED:c-1,f-1,i0, conf=-1: [c58a0a02-acd3-47c8-b3e9-5b8e0493de45:192.168.157.254:33611, 1360619e-ba1e-4bf9-aec1-9f15b5480b27:192.168.157.254:45658, b88b3e43-5534-49b3-b3f2-a9f154b450de:192.168.157.254:46786], old=null
2019-10-21 23:46:30,102 [b88b3e43-5534-49b3-b3f2-a9f154b450de@group-2FABE92B7E5B-LeaderElection80] INFO  impl.RaftServerImpl (RaftServerImpl.java:setRole(184)) - b88b3e43-5534-49b3-b3f2-a9f154b450de@group-2FABE92B7E5B: changes role from CANDIDATE to FOLLOWER at term 79 for DISCOVERED_A_NEW_TERM
2019-10-21 23:46:30,102 [b88b3e43-5534-49b3-b3f2-a9f154b450de@group-2FABE92B7E5B-LeaderElection80] INFO  impl.RoleInfo (RoleInfo.java:shutdownLeaderElection(134)) - b88b3e43-5534-49b3-b3f2-a9f154b450de: shutdown LeaderElection
2019-10-21 23:46:30,102 [b88b3e43-5534-49b3-b3f2-a9f154b450de@group-2FABE92B7E5B-LeaderElection80] INFO  impl.RoleInfo (RoleInfo.java:updateAndGet(143)) - b88b3e43-5534-49b3-b3f2-a9f154b450de: start FollowerState
2019-10-21 23:46:30,214 [Thread-733] INFO  impl.FollowerState (FollowerState.java:run(108)) - b88b3e43-5534-49b3-b3f2-a9f154b450de@group-2FABE92B7E5B-FollowerState: change to CANDIDATE, lastRpcTime:112ms, electionTimeout:112ms
2019-10-21 23:46:30,215 [Thread-733] INFO  impl.RoleInfo (RoleInfo.java:shutdownFollowerState(121)) - b88b3e43-5534-49b3-b3f2-a9f154b450de: shutdown FollowerState
2019-10-21 23:46:30,215 [Thread-733] INFO  impl.RaftServerImpl (RaftServerImpl.java:setRole(184)) - b88b3e43-5534-49b3-b3f2-a9f154b450de@group-2FABE92B7E5B: changes role from  FOLLOWER to CANDIDATE at term 79 for changeToCandidate
2019-10-21 23:46:30,215 [Thread-733] INFO  impl.RoleInfo (RoleInfo.java:updateAndGet(143)) - b88b3e43-5534-49b3-b3f2-a9f154b450de: start LeaderElection
2019-10-21 23:46:30,229 [b88b3e43-5534-49b3-b3f2-a9f154b450de@group-2FABE92B7E5B-LeaderElection81] INFO  impl.LeaderElection (LeaderElection.java:askForVotes(178)) - b88b3e43-5534-49b3-b3f2-a9f154b450de@group-2FABE92B7E5B-LeaderElection81: begin an election at term 80 for -1: [c58a0a02-acd3-47c8-b3e9-5b8e0493de45:192.168.157.254:33611, 1360619e-ba1e-4bf9-aec1-9f15b5480b27:192.168.157.254:45658, b88b3e43-5534-49b3-b3f2-a9f154b450de:192.168.157.254:46786], old=null
2019-10-21 23:46:30,232 [grpc-default-executor-0] INFO  impl.RaftServerImpl (RaftServerImpl.java:setRole(184)) - 1360619e-ba1e-4bf9-aec1-9f15b5480b27@group-2FABE92B7E5B: changes role from  FOLLOWER to FOLLOWER at term 80 for recognizeCandidate:b88b3e43-5534-49b3-b3f2-a9f154b450de
2019-10-21 23:46:30,232 [grpc-default-executor-0] INFO  impl.RoleInfo (RoleInfo.java:shutdownFollowerState(121)) - 1360619e-ba1e-4bf9-aec1-9f15b5480b27: shutdown FollowerState
2019-10-21 23:46:30,232 [grpc-default-executor-2] INFO  impl.RaftServerImpl (RaftServerImpl.java:setRole(184)) - c58a0a02-acd3-47c8-b3e9-5b8e0493de45@group-2FABE92B7E5B: changes role from  FOLLOWER to FOLLOWER at term 80 for recognizeCandidate:b88b3e43-5534-49b3-b3f2-a9f154b450de
2019-10-21 23:46:30,232 [Thread-731] INFO  impl.FollowerState (FollowerState.java:run(117)) - 1360619e-ba1e-4bf9-aec1-9f15b5480b27@group-2FABE92B7E5B-FollowerState was interrupted: java.lang.InterruptedException: sleep interrupted
2019-10-21 23:46:30,232 [grpc-default-executor-0] INFO  impl.RoleInfo (RoleInfo.java:updateAndGet(143)) - 1360619e-ba1e-4bf9-aec1-9f15b5480b27: start FollowerState
2019-10-21 23:46:30,232 [grpc-default-executor-2] INFO  impl.RoleInfo (RoleInfo.java:shutdownFollowerState(121)) - c58a0a02-acd3-47c8-b3e9-5b8e0493de45: shutdown FollowerState
2019-10-21 23:46:30,233 [grpc-default-executor-2] INFO  impl.RoleInfo (RoleInfo.java:updateAndGet(143)) - c58a0a02-acd3-47c8-b3e9-5b8e0493de45: start FollowerState
2019-10-21 23:46:30,233 [Thread-732] INFO  impl.FollowerState (FollowerState.java:run(117)) - c58a0a02-acd3-47c8-b3e9-5b8e0493de45@group-2FABE92B7E5B-FollowerState was interrupted: java.lang.InterruptedException: sleep interrupted
2019-10-21 23:46:30,252 [b88b3e43-5534-49b3-b3f2-a9f154b450de@group-2FABE92B7E5B-LeaderElection81] INFO  impl.LeaderElection (LeaderElection.java:logAndReturn(56)) - b88b3e43-5534-49b3-b3f2-a9f154b450de@group-2FABE92B7E5B-LeaderElection81: Election TIMEOUT; received 0 response(s) [] and 0 exception(s); b88b3e43-5534-49b3-b3f2-a9f154b450de@group-2FABE92B7E5B:t80, leader=null, voted=b88b3e43-5534-49b3-b3f2-a9f154b450de, raftlog=b88b3e43-5534-49b3-b3f2-a9f154b450de@group-2FABE92B7E5B-SegmentedRaftLog:OPENED:c-1,f-1,i0, conf=-1: [c58a0a02-acd3-47c8-b3e9-5b8e0493de45:192.168.157.254:33611, 1360619e-ba1e-4bf9-aec1-9f15b5480b27:192.168.157.254:45658, b88b3e43-5534-49b3-b3f2-a9f154b450de:192.168.157.254:46786], old=null
2019-10-21 23:46:30,256 [b88b3e43-5534-49b3-b3f2-a9f154b450de@group-2FABE92B7E5B-LeaderElection81] INFO  impl.LeaderElection (LeaderElection.java:askForVotes(178)) - b88b3e43-5534-49b3-b3f2-a9f154b450de@group-2FABE92B7E5B-LeaderElection81: begin an election at term 81 for -1: [c58a0a02-acd3-47c8-b3e9-5b8e0493de45:192.168.157.254:33611, 1360619e-ba1e-4bf9-aec1-9f15b5480b27:192.168.157.254:45658, b88b3e43-5534-49b3-b3f2-a9f154b450de:192.168.157.254:46786], old=null
2019-10-21 23:46:30,258 [grpc-default-executor-2] INFO  impl.RaftServerImpl (RaftServerImpl.java:setRole(184)) - c58a0a02-acd3-47c8-b3e9-5b8e0493de45@group-2FABE92B7E5B: changes role from  FOLLOWER to FOLLOWER at term 81 for recognizeCandidate:b88b3e43-5534-49b3-b3f2-a9f154b450de
2019-10-21 23:46:30,258 [grpc-default-executor-2] INFO  impl.RoleInfo (RoleInfo.java:shutdownFollowerState(121)) - c58a0a02-acd3-47c8-b3e9-5b8e0493de45: shutdown FollowerState
2019-10-21 23:46:30,258 [Thread-738] INFO  impl.FollowerState (FollowerState.java:run(117)) - c58a0a02-acd3-47c8-b3e9-5b8e0493de45@group-2FABE92B7E5B-FollowerState was interrupted: java.lang.InterruptedException: sleep interrupted
2019-10-21 23:46:30,258 [grpc-default-executor-2] INFO  impl.RoleInfo (RoleInfo.java:updateAndGet(143)) - c58a0a02-acd3-47c8-b3e9-5b8e0493de45: start FollowerState
2019-10-21 23:46:30,258 [grpc-default-executor-0] INFO  impl.RaftServerImpl (RaftServerImpl.java:setRole(184)) - 1360619e-ba1e-4bf9-aec1-9f15b5480b27@group-2FABE92B7E5B: changes role from  FOLLOWER to FOLLOWER at term 81 for recognizeCandidate:b88b3e43-5534-49b3-b3f2-a9f154b450de
2019-10-21 23:46:30,258 [grpc-default-executor-0] INFO  impl.RoleInfo (RoleInfo.java:shutdownFollowerState(121)) - 1360619e-ba1e-4bf9-aec1-9f15b5480b27: shutdown FollowerState
2019-10-21 23:46:30,258 [grpc-default-executor-0] INFO  impl.RoleInfo (RoleInfo.java:updateAndGet(143)) - 1360619e-ba1e-4bf9-aec1-9f15b5480b27: start FollowerState
2019-10-21 23:46:30,258 [Thread-737] INFO  impl.FollowerState (FollowerState.java:run(117)) - 1360619e-ba1e-4bf9-aec1-9f15b5480b27@group-2FABE92B7E5B-FollowerState was interrupted: java.lang.InterruptedException: sleep interrupted
2019-10-21 23:46:30,280 [b88b3e43-5534-49b3-b3f2-a9f154b450de@group-2FABE92B7E5B-LeaderElection81] INFO  impl.LeaderElection (LeaderElection.java:logAndReturn(56)) - b88b3e43-5534-49b3-b3f2-a9f154b450de@group-2FABE92B7E5B-LeaderElection81: Election TIMEOUT; received 0 response(s) [] and 0 exception(s); b88b3e43-5534-49b3-b3f2-a9f154b450de@group-2FABE92B7E5B:t81, leader=null, voted=b88b3e43-5534-49b3-b3f2-a9f154b450de, raftlog=b88b3e43-5534-49b3-b3f2-a9f154b450de@group-2FABE92B7E5B-SegmentedRaftLog:OPENED:c-1,f-1,i0, conf=-1: [c58a0a02-acd3-47c8-b3e9-5b8e0493de45:192.168.157.254:33611, 1360619e-ba1e-4bf9-aec1-9f15b5480b27:192.168.157.254:45658, b88b3e43-5534-49b3-b3f2-a9f154b450de:192.168.157.254:46786], old=null
2019-10-21 23:46:30,289 [b88b3e43-5534-49b3-b3f2-a9f154b450de@group-2FABE92B7E5B-LeaderElection81] INFO  impl.LeaderElection (LeaderElection.java:askForVotes(178)) - b88b3e43-5534-49b3-b3f2-a9f154b450de@group-2FABE92B7E5B-LeaderElection81: begin an election at term 82 for -1: [c58a0a02-acd3-47c8-b3e9-5b8e0493de45:192.168.157.254:33611, 1360619e-ba1e-4bf9-aec1-9f15b5480b27:192.168.157.254:45658, b88b3e43-5534-49b3-b3f2-a9f154b450de:192.168.157.254:46786], old=null
2019-10-21 23:46:30,293 [grpc-default-executor-0] INFO  impl.RaftServerImpl (RaftServerImpl.java:setRole(184)) - 1360619e-ba1e-4bf9-aec1-9f15b5480b27@group-2FABE92B7E5B: changes role from  FOLLOWER to FOLLOWER at term 82 for recognizeCandidate:b88b3e43-5534-49b3-b3f2-a9f154b450de
2019-10-21 23:46:30,293 [grpc-default-executor-2] INFO  impl.RaftServerImpl (RaftServerImpl.java:setRole(184)) - c58a0a02-acd3-47c8-b3e9-5b8e0493de45@group-2FABE92B7E5B: changes role from  FOLLOWER to FOLLOWER at term 82 for recognizeCandidate:b88b3e43-5534-49b3-b3f2-a9f154b450de
2019-10-21 23:46:30,293 [grpc-default-executor-0] INFO  impl.RoleInfo (RoleInfo.java:shutdownFollowerState(121)) - 1360619e-ba1e-4bf9-aec1-9f15b5480b27: shutdown FollowerState
2019-10-21 23:46:30,293 [grpc-default-executor-2] INFO  impl.RoleInfo (RoleInfo.java:shutdownFollowerState(121)) - c58a0a02-acd3-47c8-b3e9-5b8e0493de45: shutdown FollowerState
2019-10-21 23:46:30,294 [Thread-742] INFO  impl.FollowerState (FollowerState.java:run(117)) - 1360619e-ba1e-4bf9-aec1-9f15b5480b27@group-2FABE92B7E5B-FollowerState was interrupted: java.lang.InterruptedException: sleep interrupted
2019-10-21 23:46:30,294 [grpc-default-executor-0] INFO  impl.RoleInfo (RoleInfo.java:updateAndGet(143)) - 1360619e-ba1e-4bf9-aec1-9f15b5480b27: start FollowerState
2019-10-21 23:46:30,294 [grpc-default-executor-2] INFO  impl.RoleInfo (RoleInfo.java:updateAndGet(143)) - c58a0a02-acd3-47c8-b3e9-5b8e0493de45: start FollowerState
2019-10-21 23:46:30,294 [Thread-741] INFO  impl.FollowerState (FollowerState.java:run(117)) - c58a0a02-acd3-47c8-b3e9-5b8e0493de45@group-2FABE92B7E5B-FollowerState was interrupted: java.lang.InterruptedException: sleep interrupted
2019-10-21 23:46:30,309 [b88b3e43-5534-49b3-b3f2-a9f154b450de@group-2FABE92B7E5B-LeaderElection81] INFO  impl.LeaderElection (LeaderElection.java:logAndReturn(56)) - b88b3e43-5534-49b3-b3f2-a9f154b450de@group-2FABE92B7E5B-LeaderElection81: Election REJECTED; received 2 response(s) [b88b3e43-5534-49b3-b3f2-a9f154b450de<-c58a0a02-acd3-47c8-b3e9-5b8e0493de45#0:FAIL-t82, b88b3e43-5534-49b3-b3f2-a9f154b450de<-1360619e-ba1e-4bf9-aec1-9f15b5480b27#0:FAIL-t82] and 0 exception(s); b88b3e43-5534-49b3-b3f2-a9f154b450de@group-2FABE92B7E5B:t82, leader=null, voted=b88b3e43-5534-49b3-b3f2-a9f154b450de, raftlog=b88b3e43-5534-49b3-b3f2-a9f154b450de@group-2FABE92B7E5B-SegmentedRaftLog:OPENED:c-1,f-1,i0, conf=-1: [c58a0a02-acd3-47c8-b3e9-5b8e0493de45:192.168.157.254:33611, 1360619e-ba1e-4bf9-aec1-9f15b5480b27:192.168.157.254:45658, b88b3e43-5534-49b3-b3f2-a9f154b450de:192.168.157.254:46786], old=null
2019-10-21 23:46:30,309 [b88b3e43-5534-49b3-b3f2-a9f154b450de@group-2FABE92B7E5B-LeaderElection81] INFO  impl.RaftServerImpl (RaftServerImpl.java:setRole(184)) - b88b3e43-5534-49b3-b3f2-a9f154b450de@group-2FABE92B7E5B: changes role from CANDIDATE to FOLLOWER at term 82 for DISCOVERED_A_NEW_TERM
2019-10-21 23:46:30,309 [b88b3e43-5534-49b3-b3f2-a9f154b450de@group-2FABE92B7E5B-LeaderElection81] INFO  impl.RoleInfo (RoleInfo.java:shutdownLeaderElection(134)) - b88b3e43-5534-49b3-b3f2-a9f154b450de: shutdown LeaderElection
2019-10-21 23:46:30,309 [b88b3e43-5534-49b3-b3f2-a9f154b450de@group-2FABE92B7E5B-LeaderElection81] INFO  impl.RoleInfo (RoleInfo.java:updateAndGet(143)) - b88b3e43-5534-49b3-b3f2-a9f154b450de: start FollowerState
2019-10-21 23:46:30,338 [Thread-747] INFO  impl.FollowerState (FollowerState.java:run(108)) - b88b3e43-5534-49b3-b3f2-a9f154b450de@group-2FABE92B7E5B-FollowerState: change to CANDIDATE, lastRpcTime:28ms, electionTimeout:28ms
2019-10-21 23:46:30,338 [Thread-747] INFO  impl.RoleInfo (RoleInfo.java:shutdownFollowerState(121)) - b88b3e43-5534-49b3-b3f2-a9f154b450de: shutdown FollowerState
2019-10-21 23:46:30,338 [Thread-747] INFO  impl.RaftServerImpl (RaftServerImpl.java:setRole(184)) - b88b3e43-5534-49b3-b3f2-a9f154b450de@group-2FABE92B7E5B: changes role from  FOLLOWER to CANDIDATE at term 82 for changeToCandidate
2019-10-21 23:46:30,338 [Thread-747] INFO  impl.RoleInfo (RoleInfo.java:updateAndGet(143)) - b88b3e43-5534-49b3-b3f2-a9f154b450de: start LeaderElection
2019-10-21 23:46:30,351 [b88b3e43-5534-49b3-b3f2-a9f154b450de@group-2FABE92B7E5B-LeaderElection82] INFO  impl.LeaderElection (LeaderElection.java:askForVotes(178)) - b88b3e43-5534-49b3-b3f2-a9f154b450de@group-2FABE92B7E5B-LeaderElection82: begin an election at term 83 for -1: [c58a0a02-acd3-47c8-b3e9-5b8e0493de45:192.168.157.254:33611, 1360619e-ba1e-4bf9-aec1-9f15b5480b27:192.168.157.254:45658, b88b3e43-5534-49b3-b3f2-a9f154b450de:192.168.157.254:46786], old=null
2019-10-21 23:46:30,353 [grpc-default-executor-2] INFO  impl.RaftServerImpl (RaftServerImpl.java:setRole(184)) - c58a0a02-acd3-47c8-b3e9-5b8e0493de45@group-2FABE92B7E5B: changes role from  FOLLOWER to FOLLOWER at term 83 for recognizeCandidate:b88b3e43-5534-49b3-b3f2-a9f154b450de
2019-10-21 23:46:30,353 [grpc-default-executor-2] INFO  impl.RoleInfo (RoleInfo.java:shutdownFollowerState(121)) - c58a0a02-acd3-47c8-b3e9-5b8e0493de45: shutdown FollowerState
2019-10-21 23:46:30,354 [grpc-default-executor-2] INFO  impl.RoleInfo (RoleInfo.java:updateAndGet(143)) - c58a0a02-acd3-47c8-b3e9-5b8e0493de45: start FollowerState
2019-10-21 23:46:30,354 [grpc-default-executor-0] INFO  impl.RaftServerImpl (RaftServerImpl.java:setRole(184)) - 1360619e-ba1e-4bf9-aec1-9f15b5480b27@group-2FABE92B7E5B: changes role from  FOLLOWER to FOLLOWER at term 83 for recognizeCandidate:b88b3e43-5534-49b3-b3f2-a9f154b450de
2019-10-21 23:46:30,354 [Thread-746] INFO  impl.FollowerState (FollowerState.java:run(117)) - c58a0a02-acd3-47c8-b3e9-5b8e0493de45@group-2FABE92B7E5B-FollowerState was interrupted: java.lang.InterruptedException: sleep interrupted
2019-10-21 23:46:30,354 [grpc-default-executor-0] INFO  impl.RoleInfo (RoleInfo.java:shutdownFollowerState(121)) - 1360619e-ba1e-4bf9-aec1-9f15b5480b27: shutdown FollowerState
2019-10-21 23:46:30,354 [grpc-default-executor-0] INFO  impl.RoleInfo (RoleInfo.java:updateAndGet(143)) - 1360619e-ba1e-4bf9-aec1-9f15b5480b27: start FollowerState
2019-10-21 23:46:30,354 [Thread-745] INFO  impl.FollowerState (FollowerState.java:run(117)) - 1360619e-ba1e-4bf9-aec1-9f15b5480b27@group-2FABE92B7E5B-FollowerState was interrupted: java.lang.InterruptedException: sleep interrupted
2019-10-21 23:46:30,369 [b88b3e43-5534-49b3-b3f2-a9f154b450de@group-2FABE92B7E5B-LeaderElection82] INFO  impl.LeaderElection (LeaderElection.java:logAndReturn(56)) - b88b3e43-5534-49b3-b3f2-a9f154b450de@group-2FABE92B7E5B-LeaderElection82: Election REJECTED; received 2 response(s) [b88b3e43-5534-49b3-b3f2-a9f154b450de<-c58a0a02-acd3-47c8-b3e9-5b8e0493de45#0:FAIL-t83, b88b3e43-5534-49b3-b3f2-a9f154b450de<-1360619e-ba1e-4bf9-aec1-9f15b5480b27#0:FAIL-t83] and 0 exception(s); b88b3e43-5534-49b3-b3f2-a9f154b450de@group-2FABE92B7E5B:t83, leader=null, voted=b88b3e43-5534-49b3-b3f2-a9f154b450de, raftlog=b88b3e43-5534-49b3-b3f2-a9f154b450de@group-2FABE92B7E5B-SegmentedRaftLog:OPENED:c-1,f-1,i0, conf=-1: [c58a0a02-acd3-47c8-b3e9-5b8e0493de45:192.168.157.254:33611, 1360619e-ba1e-4bf9-aec1-9f15b5480b27:192.168.157.254:45658, b88b3e43-5534-49b3-b3f2-a9f154b450de:192.168.157.254:46786], old=null
2019-10-21 23:46:30,369 [b88b3e43-5534-49b3-b3f2-a9f154b450de@group-2FABE92B7E5B-LeaderElection82] INFO  impl.RaftServerImpl (RaftServerImpl.java:setRole(184)) - b88b3e43-5534-49b3-b3f2-a9f154b450de@group-2FABE92B7E5B: changes role from CANDIDATE to FOLLOWER at term 83 for DISCOVERED_A_NEW_TERM
2019-10-21 23:46:30,369 [b88b3e43-5534-49b3-b3f2-a9f154b450de@group-2FABE92B7E5B-LeaderElection82] INFO  impl.RoleInfo (RoleInfo.java:shutdownLeaderElection(134)) - b88b3e43-5534-49b3-b3f2-a9f154b450de: shutdown LeaderElection
2019-10-21 23:46:30,369 [b88b3e43-5534-49b3-b3f2-a9f154b450de@group-2FABE92B7E5B-LeaderElection82] INFO  impl.RoleInfo (RoleInfo.java:updateAndGet(143)) - b88b3e43-5534-49b3-b3f2-a9f154b450de: start FollowerState
2019-10-21 23:46:30,568 [Thread-753] INFO  impl.FollowerState (FollowerState.java:run(108)) - b88b3e43-5534-49b3-b3f2-a9f154b450de@group-2FABE92B7E5B-FollowerState: change to CANDIDATE, lastRpcTime:198ms, electionTimeout:198ms
2019-10-21 23:46:30,568 [Thread-753] INFO  impl.RoleInfo (RoleInfo.java:shutdownFollowerState(121)) - b88b3e43-5534-49b3-b3f2-a9f154b450de: shutdown FollowerState
2019-10-21 23:46:30,568 [Thread-753] INFO  impl.RaftServerImpl (RaftServerImpl.java:setRole(184)) - b88b3e43-5534-49b3-b3f2-a9f154b450de@group-2FABE92B7E5B: changes role from  FOLLOWER to CANDIDATE at term 83 for changeToCandidate
2019-10-21 23:46:30,568 [Thread-753] INFO  impl.RoleInfo (RoleInfo.java:updateAndGet(143)) - b88b3e43-5534-49b3-b3f2-a9f154b450de: start LeaderElection
2019-10-21 23:46:30,582 [b88b3e43-5534-49b3-b3f2-a9f154b450de@group-2FABE92B7E5B-LeaderElection83] INFO  impl.LeaderElection (LeaderElection.java:askForVotes(178)) - b88b3e43-5534-49b3-b3f2-a9f154b450de@group-2FABE92B7E5B-LeaderElection83: begin an election at term 84 for -1: [c58a0a02-acd3-47c8-b3e9-5b8e0493de45:192.168.157.254:33611, 1360619e-ba1e-4bf9-aec1-9f15b5480b27:192.168.157.254:45658, b88b3e43-5534-49b3-b3f2-a9f154b450de:192.168.157.254:46786], old=null
2019-10-21 23:46:30,585 [grpc-default-executor-0] INFO  impl.RaftServerImpl (RaftServerImpl.java:setRole(184)) - c58a0a02-acd3-47c8-b3e9-5b8e0493de45@group-2FABE92B7E5B: changes role from  FOLLOWER to FOLLOWER at term 84 for recognizeCandidate:b88b3e43-5534-49b3-b3f2-a9f154b450de
2019-10-21 23:46:30,585 [grpc-default-executor-2] INFO  impl.RaftServerImpl (RaftServerImpl.java:setRole(184)) - 1360619e-ba1e-4bf9-aec1-9f15b5480b27@group-2FABE92B7E5B: changes role from  FOLLOWER to FOLLOWER at term 84 for recognizeCandidate:b88b3e43-5534-49b3-b3f2-a9f154b450de
2019-10-21 23:46:30,585 [grpc-default-executor-0] INFO  impl.RoleInfo (RoleInfo.java:shutdownFollowerState(121)) - c58a0a02-acd3-47c8-b3e9-5b8e0493de45: shutdown FollowerState
2019-10-21 23:46:30,586 [grpc-default-executor-2] INFO  impl.RoleInfo (RoleInfo.java:shutdownFollowerState(121)) - 1360619e-ba1e-4bf9-aec1-9f15b5480b27: shutdown FollowerState
2019-10-21 23:46:30,586 [grpc-default-executor-0] INFO  impl.RoleInfo (RoleInfo.java:updateAndGet(143)) - c58a0a02-acd3-47c8-b3e9-5b8e0493de45: start FollowerState
2019-10-21 23:46:30,586 [Thread-752] INFO  impl.FollowerState (FollowerState.java:run(117)) - 1360619e-ba1e-4bf9-aec1-9f15b5480b27@group-2FABE92B7E5B-FollowerState was interrupted: java.lang.InterruptedException: sleep interrupted
2019-10-21 23:46:30,586 [grpc-default-executor-2] INFO  impl.RoleInfo (RoleInfo.java:updateAndGet(143)) - 1360619e-ba1e-4bf9-aec1-9f15b5480b27: start FollowerState
2019-10-21 23:46:30,586 [Thread-751] INFO  impl.FollowerState (FollowerState.java:run(117)) - c58a0a02-acd3-47c8-b3e9-5b8e0493de45@group-2FABE92B7E5B-FollowerState was interrupted: java.lang.InterruptedException: sleep interrupted
2019-10-21 23:46:30,601 [b88b3e43-5534-49b3-b3f2-a9f154b450de@group-2FABE92B7E5B-LeaderElection83] INFO  impl.LeaderElection (LeaderElection.java:logAndReturn(56)) - b88b3e43-5534-49b3-b3f2-a9f154b450de@group-2FABE92B7E5B-LeaderElection83: Election REJECTED; received 2 response(s) [b88b3e43-5534-49b3-b3f2-a9f154b450de<-c58a0a02-acd3-47c8-b3e9-5b8e0493de45#0:FAIL-t84, b88b3e43-5534-49b3-b3f2-a9f154b450de<-1360619e-ba1e-4bf9-aec1-9f15b5480b27#0:FAIL-t84] and 0 exception(s); b88b3e43-5534-49b3-b3f2-a9f154b450de@group-2FABE92B7E5B:t84, leader=null, voted=b88b3e43-5534-49b3-b3f2-a9f154b450de, raftlog=b88b3e43-5534-49b3-b3f2-a9f154b450de@group-2FABE92B7E5B-SegmentedRaftLog:OPENED:c-1,f-1,i0, conf=-1: [c58a0a02-acd3-47c8-b3e9-5b8e0493de45:192.168.157.254:33611, 1360619e-ba1e-4bf9-aec1-9f15b5480b27:192.168.157.254:45658, b88b3e43-5534-49b3-b3f2-a9f154b450de:192.168.157.254:46786], old=null
2019-10-21 23:46:30,601 [b88b3e43-5534-49b3-b3f2-a9f154b450de@group-2FABE92B7E5B-LeaderElection83] INFO  impl.RaftServerImpl (RaftServerImpl.java:setRole(184)) - b88b3e43-5534-49b3-b3f2-a9f154b450de@group-2FABE92B7E5B: changes role from CANDIDATE to FOLLOWER at term 84 for DISCOVERED_A_NEW_TERM
2019-10-21 23:46:30,601 [b88b3e43-5534-49b3-b3f2-a9f154b450de@group-2FABE92B7E5B-LeaderElection83] INFO  impl.RoleInfo (RoleInfo.java:shutdownLeaderElection(134)) - b88b3e43-5534-49b3-b3f2-a9f154b450de: shutdown LeaderElection
2019-10-21 23:46:30,601 [b88b3e43-5534-49b3-b3f2-a9f154b450de@group-2FABE92B7E5B-LeaderElection83] INFO  impl.RoleInfo (RoleInfo.java:updateAndGet(143)) - b88b3e43-5534-49b3-b3f2-a9f154b450de: start FollowerState
2019-10-21 23:46:30,798 [Thread-759] INFO  impl.FollowerState (FollowerState.java:run(108)) - b88b3e43-5534-49b3-b3f2-a9f154b450de@group-2FABE92B7E5B-FollowerState: change to CANDIDATE, lastRpcTime:196ms, electionTimeout:196ms
2019-10-21 23:46:30,798 [Thread-759] INFO  impl.RoleInfo (RoleInfo.java:shutdownFollowerState(121)) - b88b3e43-5534-49b3-b3f2-a9f154b450de: shutdown FollowerState
2019-10-21 23:46:30,798 [Thread-759] INFO  impl.RaftServerImpl (RaftServerImpl.java:setRole(184)) - b88b3e43-5534-49b3-b3f2-a9f154b450de@group-2FABE92B7E5B: changes role from  FOLLOWER to CANDIDATE at term 84 for changeToCandidate
2019-10-21 23:46:30,798 [Thread-759] INFO  impl.RoleInfo (RoleInfo.java:updateAndGet(143)) - b88b3e43-5534-49b3-b3f2-a9f154b450de: start LeaderElection
2019-10-21 23:46:30,812 [b88b3e43-5534-49b3-b3f2-a9f154b450de@group-2FABE92B7E5B-LeaderElection84] INFO  impl.LeaderElection (LeaderElection.java:askForVotes(178)) - b88b3e43-5534-49b3-b3f2-a9f154b450de@group-2FABE92B7E5B-LeaderElection84: begin an election at term 85 for -1: [c58a0a02-acd3-47c8-b3e9-5b8e0493de45:192.168.157.254:33611, 1360619e-ba1e-4bf9-aec1-9f15b5480b27:192.168.157.254:45658, b88b3e43-5534-49b3-b3f2-a9f154b450de:192.168.157.254:46786], old=null
2019-10-21 23:46:30,815 [grpc-default-executor-2] INFO  impl.RaftServerImpl (RaftServerImpl.java:setRole(184)) - 1360619e-ba1e-4bf9-aec1-9f15b5480b27@group-2FABE92B7E5B: changes role from  FOLLOWER to FOLLOWER at term 85 for recognizeCandidate:b88b3e43-5534-49b3-b3f2-a9f154b450de
2019-10-21 23:46:30,815 [grpc-default-executor-2] INFO  impl.RoleInfo (RoleInfo.java:shutdownFollowerState(121)) - 1360619e-ba1e-4bf9-aec1-9f15b5480b27: shutdown FollowerState
2019-10-21 23:46:30,815 [grpc-default-executor-0] INFO  impl.RaftServerImpl (RaftServerImpl.java:setRole(184)) - c58a0a02-acd3-47c8-b3e9-5b8e0493de45@group-2FABE92B7E5B: changes role from  FOLLOWER to FOLLOWER at term 85 for recognizeCandidate:b88b3e43-5534-49b3-b3f2-a9f154b450de
2019-10-21 23:46:30,815 [Thread-758] INFO  impl.FollowerState (FollowerState.java:run(117)) - 1360619e-ba1e-4bf9-aec1-9f15b5480b27@group-2FABE92B7E5B-FollowerState was interrupted: java.lang.InterruptedException: sleep interrupted
2019-10-21 23:46:30,815 [grpc-default-executor-2] INFO  impl.RoleInfo (RoleInfo.java:updateAndGet(143)) - 1360619e-ba1e-4bf9-aec1-9f15b5480b27: start FollowerState
2019-10-21 23:46:30,815 [grpc-default-executor-0] INFO  impl.RoleInfo (RoleInfo.java:shutdownFollowerState(121)) - c58a0a02-acd3-47c8-b3e9-5b8e0493de45: shutdown FollowerState
2019-10-21 23:46:30,816 [grpc-default-executor-0] INFO  impl.RoleInfo (RoleInfo.java:updateAndGet(143)) - c58a0a02-acd3-47c8-b3e9-5b8e0493de45: start FollowerState
2019-10-21 23:46:30,816 [Thread-757] INFO  impl.FollowerState (FollowerState.java:run(117)) - c58a0a02-acd3-47c8-b3e9-5b8e0493de45@group-2FABE92B7E5B-FollowerState was interrupted: java.lang.InterruptedException: sleep interrupted
2019-10-21 23:46:30,832 [b88b3e43-5534-49b3-b3f2-a9f154b450de@group-2FABE92B7E5B-LeaderElection84] INFO  impl.LeaderElection (LeaderElection.java:logAndReturn(56)) - b88b3e43-5534-49b3-b3f2-a9f154b450de@group-2FABE92B7E5B-LeaderElection84: Election REJECTED; received 2 response(s) [b88b3e43-5534-49b3-b3f2-a9f154b450de<-c58a0a02-acd3-47c8-b3e9-5b8e0493de45#0:FAIL-t85, b88b3e43-5534-49b3-b3f2-a9f154b450de<-1360619e-ba1e-4bf9-aec1-9f15b5480b27#0:FAIL-t85] and 0 exception(s); b88b3e43-5534-49b3-b3f2-a9f154b450de@group-2FABE92B7E5B:t85, leader=null, voted=b88b3e43-5534-49b3-b3f2-a9f154b450de, raftlog=b88b3e43-5534-49b3-b3f2-a9f154b450de@group-2FABE92B7E5B-SegmentedRaftLog:OPENED:c-1,f-1,i0, conf=-1: [c58a0a02-acd3-47c8-b3e9-5b8e0493de45:192.168.157.254:33611, 1360619e-ba1e-4bf9-aec1-9f15b5480b27:192.168.157.254:45658, b88b3e43-5534-49b3-b3f2-a9f154b450de:192.168.157.254:46786], old=null
2019-10-21 23:46:30,832 [b88b3e43-5534-49b3-b3f2-a9f154b450de@group-2FABE92B7E5B-LeaderElection84] INFO  impl.RaftServerImpl (RaftServerImpl.java:setRole(184)) - b88b3e43-5534-49b3-b3f2-a9f154b450de@group-2FABE92B7E5B: changes role from CANDIDATE to FOLLOWER at term 85 for DISCOVERED_A_NEW_TERM
2019-10-21 23:46:30,832 [b88b3e43-5534-49b3-b3f2-a9f154b450de@group-2FABE92B7E5B-LeaderElection84] INFO  impl.RoleInfo (RoleInfo.java:shutdownLeaderElection(134)) - b88b3e43-5534-49b3-b3f2-a9f154b450de: shutdown LeaderElection
2019-10-21 23:46:30,832 [b88b3e43-5534-49b3-b3f2-a9f154b450de@group-2FABE92B7E5B-LeaderElection84] INFO  impl.RoleInfo (RoleInfo.java:updateAndGet(143)) - b88b3e43-5534-49b3-b3f2-a9f154b450de: start FollowerState
2019-10-21 23:46:30,863 [Thread-767] INFO  impl.FollowerState (FollowerState.java:run(108)) - b88b3e43-5534-49b3-b3f2-a9f154b450de@group-2FABE92B7E5B-FollowerState: change to CANDIDATE, lastRpcTime:30ms, electionTimeout:30ms
2019-10-21 23:46:30,863 [Thread-767] INFO  impl.RoleInfo (RoleInfo.java:shutdownFollowerState(121)) - b88b3e43-5534-49b3-b3f2-a9f154b450de: shutdown FollowerState
2019-10-21 23:46:30,863 [Thread-767] INFO  impl.RaftServerImpl (RaftServerImpl.java:setRole(184)) - b88b3e43-5534-49b3-b3f2-a9f154b450de@group-2FABE92B7E5B: changes role from  FOLLOWER to CANDIDATE at term 85 for changeToCandidate
2019-10-21 23:46:30,863 [Thread-767] INFO  impl.RoleInfo (RoleInfo.java:updateAndGet(143)) - b88b3e43-5534-49b3-b3f2-a9f154b450de: start LeaderElection
2019-10-21 23:46:30,877 [b88b3e43-5534-49b3-b3f2-a9f154b450de@group-2FABE92B7E5B-LeaderElection85] INFO  impl.LeaderElection (LeaderElection.java:askForVotes(178)) - b88b3e43-5534-49b3-b3f2-a9f154b450de@group-2FABE92B7E5B-LeaderElection85: begin an election at term 86 for -1: [c58a0a02-acd3-47c8-b3e9-5b8e0493de45:192.168.157.254:33611, 1360619e-ba1e-4bf9-aec1-9f15b5480b27:192.168.157.254:45658, b88b3e43-5534-49b3-b3f2-a9f154b450de:192.168.157.254:46786], old=null
2019-10-21 23:46:30,880 [grpc-default-executor-2] INFO  impl.RaftServerImpl (RaftServerImpl.java:setRole(184)) - c58a0a02-acd3-47c8-b3e9-5b8e0493de45@group-2FABE92B7E5B: changes role from  FOLLOWER to FOLLOWER at term 86 for recognizeCandidate:b88b3e43-5534-49b3-b3f2-a9f154b450de
2019-10-21 23:46:30,880 [grpc-default-executor-0] INFO  impl.RaftServerImpl (RaftServerImpl.java:setRole(184)) - 1360619e-ba1e-4bf9-aec1-9f15b5480b27@group-2FABE92B7E5B: changes role from  FOLLOWER to FOLLOWER at term 86 for recognizeCandidate:b88b3e43-5534-49b3-b3f2-a9f154b450de
2019-10-21 23:46:30,880 [grpc-default-executor-2] INFO  impl.RoleInfo (RoleInfo.java:shutdownFollowerState(121)) - c58a0a02-acd3-47c8-b3e9-5b8e0493de45: shutdown FollowerState
2019-10-21 23:46:30,880 [grpc-default-executor-0] INFO  impl.RoleInfo (RoleInfo.java:shutdownFollowerState(121)) - 1360619e-ba1e-4bf9-aec1-9f15b5480b27: shutdown FollowerState
2019-10-21 23:46:30,881 [Thread-766] INFO  impl.FollowerState (FollowerState.java:run(117)) - c58a0a02-acd3-47c8-b3e9-5b8e0493de45@group-2FABE92B7E5B-FollowerState was interrupted: java.lang.InterruptedException: sleep interrupted
2019-10-21 23:46:30,880 [grpc-default-executor-2] INFO  impl.RoleInfo (RoleInfo.java:updateAndGet(143)) - c58a0a02-acd3-47c8-b3e9-5b8e0493de45: start FollowerState
2019-10-21 23:46:30,881 [Thread-765] INFO  impl.FollowerState (FollowerState.java:run(117)) - 1360619e-ba1e-4bf9-aec1-9f15b5480b27@group-2FABE92B7E5B-FollowerState was interrupted: java.lang.InterruptedException: sleep interrupted
2019-10-21 23:46:30,881 [grpc-default-executor-0] INFO  impl.RoleInfo (RoleInfo.java:updateAndGet(143)) - 1360619e-ba1e-4bf9-aec1-9f15b5480b27: start FollowerState
2019-10-21 23:46:30,895 [b88b3e43-5534-49b3-b3f2-a9f154b450de@group-2FABE92B7E5B-LeaderElection85] INFO  impl.LeaderElection (LeaderElection.java:logAndReturn(56)) - b88b3e43-5534-49b3-b3f2-a9f154b450de@group-2FABE92B7E5B-LeaderElection85: Election REJECTED; received 2 response(s) [b88b3e43-5534-49b3-b3f2-a9f154b450de<-c58a0a02-acd3-47c8-b3e9-5b8e0493de45#0:FAIL-t86, b88b3e43-5534-49b3-b3f2-a9f154b450de<-1360619e-ba1e-4bf9-aec1-9f15b5480b27#0:FAIL-t86] and 0 exception(s); b88b3e43-5534-49b3-b3f2-a9f154b450de@group-2FABE92B7E5B:t86, leader=null, voted=b88b3e43-5534-49b3-b3f2-a9f154b450de, raftlog=b88b3e43-5534-49b3-b3f2-a9f154b450de@group-2FABE92B7E5B-SegmentedRaftLog:OPENED:c-1,f-1,i0, conf=-1: [c58a0a02-acd3-47c8-b3e9-5b8e0493de45:192.168.157.254:33611, 1360619e-ba1e-4bf9-aec1-9f15b5480b27:192.168.157.254:45658, b88b3e43-5534-49b3-b3f2-a9f154b450de:192.168.157.254:46786], old=null
2019-10-21 23:46:30,896 [b88b3e43-5534-49b3-b3f2-a9f154b450de@group-2FABE92B7E5B-LeaderElection85] INFO  impl.RaftServerImpl (RaftServerImpl.java:setRole(184)) - b88b3e43-5534-49b3-b3f2-a9f154b450de@group-2FABE92B7E5B: changes role from CANDIDATE to FOLLOWER at term 86 for DISCOVERED_A_NEW_TERM
2019-10-21 23:46:30,896 [b88b3e43-5534-49b3-b3f2-a9f154b450de@group-2FABE92B7E5B-LeaderElection85] INFO  impl.RoleInfo (RoleInfo.java:shutdownLeaderElection(134)) - b88b3e43-5534-49b3-b3f2-a9f154b450de: shutdown LeaderElection
2019-10-21 23:46:30,896 [b88b3e43-5534-49b3-b3f2-a9f154b450de@group-2FABE92B7E5B-LeaderElection85] INFO  impl.RoleInfo (RoleInfo.java:updateAndGet(143)) - b88b3e43-5534-49b3-b3f2-a9f154b450de: start FollowerState
2019-10-21 23:46:31,044 [Thread-773] INFO  impl.FollowerState (FollowerState.java:run(108)) - b88b3e43-5534-49b3-b3f2-a9f154b450de@group-2FABE92B7E5B-FollowerState: change to CANDIDATE, lastRpcTime:148ms, electionTimeout:148ms
2019-10-21 23:46:31,044 [Thread-773] INFO  impl.RoleInfo (RoleInfo.java:shutdownFollowerState(121)) - b88b3e43-5534-49b3-b3f2-a9f154b450de: shutdown FollowerState
2019-10-21 23:46:31,045 [Thread-773] INFO  impl.RaftServerImpl (RaftServerImpl.java:setRole(184)) - b88b3e43-5534-49b3-b3f2-a9f154b450de@group-2FABE92B7E5B: changes role from  FOLLOWER to CANDIDATE at term 86 for changeToCandidate
2019-10-21 23:46:31,045 [Thread-773] INFO  impl.RoleInfo (RoleInfo.java:updateAndGet(143)) - b88b3e43-5534-49b3-b3f2-a9f154b450de: start LeaderElection
2019-10-21 23:46:31,058 [b88b3e43-5534-49b3-b3f2-a9f154b450de@group-2FABE92B7E5B-LeaderElection86] INFO  impl.LeaderElection (LeaderElection.java:askForVotes(178)) - b88b3e43-5534-49b3-b3f2-a9f154b450de@group-2FABE92B7E5B-LeaderElection86: begin an election at term 87 for -1: [c58a0a02-acd3-47c8-b3e9-5b8e0493de45:192.168.157.254:33611, 1360619e-ba1e-4bf9-aec1-9f15b5480b27:192.168.157.254:45658, b88b3e43-5534-49b3-b3f2-a9f154b450de:192.168.157.254:46786], old=null
2019-10-21 23:46:31,062 [grpc-default-executor-0] INFO  impl.RaftServerImpl (RaftServerImpl.java:setRole(184)) - 1360619e-ba1e-4bf9-aec1-9f15b5480b27@group-2FABE92B7E5B: changes role from  FOLLOWER to FOLLOWER at term 87 for recognizeCandidate:b88b3e43-5534-49b3-b3f2-a9f154b450de
2019-10-21 23:46:31,062 [grpc-default-executor-2] INFO  impl.RaftServerImpl (RaftServerImpl.java:setRole(184)) - c58a0a02-acd3-47c8-b3e9-5b8e0493de45@group-2FABE92B7E5B: changes role from  FOLLOWER to FOLLOWER at term 87 for recognizeCandidate:b88b3e43-5534-49b3-b3f2-a9f154b450de
2019-10-21 23:46:31,062 [grpc-default-executor-0] INFO  impl.RoleInfo (RoleInfo.java:shutdownFollowerState(121)) - 1360619e-ba1e-4bf9-aec1-9f15b5480b27: shutdown FollowerState
2019-10-21 23:46:31,062 [grpc-default-executor-2] INFO  impl.RoleInfo (RoleInfo.java:shutdownFollowerState(121)) - c58a0a02-acd3-47c8-b3e9-5b8e0493de45: shutdown FollowerState
2019-10-21 23:46:31,063 [grpc-default-executor-0] INFO  impl.RoleInfo (RoleInfo.java:updateAndGet(143)) - 1360619e-ba1e-4bf9-aec1-9f15b5480b27: start FollowerState
2019-10-21 23:46:31,063 [Thread-772] INFO  impl.FollowerState (FollowerState.java:run(117)) - 1360619e-ba1e-4bf9-aec1-9f15b5480b27@group-2FABE92B7E5B-FollowerState was interrupted: java.lang.InterruptedException: sleep interrupted
2019-10-21 23:46:31,063 [Thread-771] INFO  impl.FollowerState (FollowerState.java:run(117)) - c58a0a02-acd3-47c8-b3e9-5b8e0493de45@group-2FABE92B7E5B-FollowerState was interrupted: java.lang.InterruptedException: sleep interrupted
2019-10-21 23:46:31,063 [grpc-default-executor-2] INFO  impl.RoleInfo (RoleInfo.java:updateAndGet(143)) - c58a0a02-acd3-47c8-b3e9-5b8e0493de45: start FollowerState
2019-10-21 23:46:31,099 [b88b3e43-5534-49b3-b3f2-a9f154b450de@group-2FABE92B7E5B-LeaderElection86] INFO  impl.LeaderElection (LeaderElection.java:logAndReturn(56)) - b88b3e43-5534-49b3-b3f2-a9f154b450de@group-2FABE92B7E5B-LeaderElection86: Election REJECTED; received 2 response(s) [b88b3e43-5534-49b3-b3f2-a9f154b450de<-c58a0a02-acd3-47c8-b3e9-5b8e0493de45#0:FAIL-t87, b88b3e43-5534-49b3-b3f2-a9f154b450de<-1360619e-ba1e-4bf9-aec1-9f15b5480b27#0:FAIL-t87] and 0 exception(s); b88b3e43-5534-49b3-b3f2-a9f154b450de@group-2FABE92B7E5B:t87, leader=null, voted=b88b3e43-5534-49b3-b3f2-a9f154b450de, raftlog=b88b3e43-5534-49b3-b3f2-a9f154b450de@group-2FABE92B7E5B-SegmentedRaftLog:OPENED:c-1,f-1,i0, conf=-1: [c58a0a02-acd3-47c8-b3e9-5b8e0493de45:192.168.157.254:33611, 1360619e-ba1e-4bf9-aec1-9f15b5480b27:192.168.157.254:45658, b88b3e43-5534-49b3-b3f2-a9f154b450de:192.168.157.254:46786], old=null
2019-10-21 23:46:31,100 [b88b3e43-5534-49b3-b3f2-a9f154b450de@group-2FABE92B7E5B-LeaderElection86] INFO  impl.RaftServerImpl (RaftServerImpl.java:setRole(184)) - b88b3e43-5534-49b3-b3f2-a9f154b450de@group-2FABE92B7E5B: changes role from CANDIDATE to FOLLOWER at term 87 for DISCOVERED_A_NEW_TERM
2019-10-21 23:46:31,100 [b88b3e43-5534-49b3-b3f2-a9f154b450de@group-2FABE92B7E5B-LeaderElection86] INFO  impl.RoleInfo (RoleInfo.java:shutdownLeaderElection(134)) - b88b3e43-5534-49b3-b3f2-a9f154b450de: shutdown LeaderElection
2019-10-21 23:46:31,100 [b88b3e43-5534-49b3-b3f2-a9f154b450de@group-2FABE92B7E5B-LeaderElection86] INFO  impl.RoleInfo (RoleInfo.java:updateAndGet(143)) - b88b3e43-5534-49b3-b3f2-a9f154b450de: start FollowerState
2019-10-21 23:46:31,257 [Thread-779] INFO  impl.FollowerState (FollowerState.java:run(108)) - b88b3e43-5534-49b3-b3f2-a9f154b450de@group-2FABE92B7E5B-FollowerState: change to CANDIDATE, lastRpcTime:157ms, electionTimeout:157ms
2019-10-21 23:46:31,257 [Thread-779] INFO  impl.RoleInfo (RoleInfo.java:shutdownFollowerState(121)) - b88b3e43-5534-49b3-b3f2-a9f154b450de: shutdown FollowerState
2019-10-21 23:46:31,258 [Thread-779] INFO  impl.RaftServerImpl (RaftServerImpl.java:setRole(184)) - b88b3e43-5534-49b3-b3f2-a9f154b450de@group-2FABE92B7E5B: changes role from  FOLLOWER to CANDIDATE at term 87 for changeToCandidate
2019-10-21 23:46:31,258 [Thread-779] INFO  impl.RoleInfo (RoleInfo.java:updateAndGet(143)) - b88b3e43-5534-49b3-b3f2-a9f154b450de: start LeaderElection
2019-10-21 23:46:31,272 [b88b3e43-5534-49b3-b3f2-a9f154b450de@group-2FABE92B7E5B-LeaderElection87] INFO  impl.LeaderElection (LeaderElection.java:askForVotes(178)) - b88b3e43-5534-49b3-b3f2-a9f154b450de@group-2FABE92B7E5B-LeaderElection87: begin an election at term 88 for -1: [c58a0a02-acd3-47c8-b3e9-5b8e0493de45:192.168.157.254:33611, 1360619e-ba1e-4bf9-aec1-9f15b5480b27:192.168.157.254:45658, b88b3e43-5534-49b3-b3f2-a9f154b450de:192.168.157.254:46786], old=null
2019-10-21 23:46:31,274 [grpc-default-executor-0] INFO  impl.RaftServerImpl (RaftServerImpl.java:setRole(184)) - c58a0a02-acd3-47c8-b3e9-5b8e0493de45@group-2FABE92B7E5B: changes role from  FOLLOWER to FOLLOWER at term 88 for recognizeCandidate:b88b3e43-5534-49b3-b3f2-a9f154b450de
2019-10-21 23:46:31,275 [grpc-default-executor-2] INFO  impl.RaftServerImpl (RaftServerImpl.java:setRole(184)) - 1360619e-ba1e-4bf9-aec1-9f15b5480b27@group-2FABE92B7E5B: changes role from  FOLLOWER to FOLLOWER at term 88 for recognizeCandidate:b88b3e43-5534-49b3-b3f2-a9f154b450de
2019-10-21 23:46:31,275 [grpc-default-executor-2] INFO  impl.RoleInfo (RoleInfo.java:shutdownFollowerState(121)) - 1360619e-ba1e-4bf9-aec1-9f15b5480b27: shutdown FollowerState
2019-10-21 23:46:31,275 [grpc-default-executor-0] INFO  impl.RoleInfo (RoleInfo.java:shutdownFollowerState(121)) - c58a0a02-acd3-47c8-b3e9-5b8e0493de45: shutdown FollowerState
2019-10-21 23:46:31,275 [Thread-777] INFO  impl.FollowerState (FollowerState.java:run(117)) - 1360619e-ba1e-4bf9-aec1-9f15b5480b27@group-2FABE92B7E5B-FollowerState was interrupted: java.lang.InterruptedException: sleep interrupted
2019-10-21 23:46:31,275 [grpc-default-executor-2] INFO  impl.RoleInfo (RoleInfo.java:updateAndGet(143)) - 1360619e-ba1e-4bf9-aec1-9f15b5480b27: start FollowerState
2019-10-21 23:46:31,275 [Thread-778] INFO  impl.FollowerState (FollowerState.java:run(117)) - c58a0a02-acd3-47c8-b3e9-5b8e0493de45@group-2FABE92B7E5B-FollowerState was interrupted: java.lang.InterruptedException: sleep interrupted
2019-10-21 23:46:31,275 [grpc-default-executor-0] INFO  impl.RoleInfo (RoleInfo.java:updateAndGet(143)) - c58a0a02-acd3-47c8-b3e9-5b8e0493de45: start FollowerState
2019-10-21 23:46:31,290 [b88b3e43-5534-49b3-b3f2-a9f154b450de@group-2FABE92B7E5B-LeaderElection87] INFO  impl.LeaderElection (LeaderElection.java:logAndReturn(56)) - b88b3e43-5534-49b3-b3f2-a9f154b450de@group-2FABE92B7E5B-LeaderElection87: Election REJECTED; received 2 response(s) [b88b3e43-5534-49b3-b3f2-a9f154b450de<-c58a0a02-acd3-47c8-b3e9-5b8e0493de45#0:FAIL-t88, b88b3e43-5534-49b3-b3f2-a9f154b450de<-1360619e-ba1e-4bf9-aec1-9f15b5480b27#0:FAIL-t88] and 0 exception(s); b88b3e43-5534-49b3-b3f2-a9f154b450de@group-2FABE92B7E5B:t88, leader=null, voted=b88b3e43-5534-49b3-b3f2-a9f154b450de, raftlog=b88b3e43-5534-49b3-b3f2-a9f154b450de@group-2FABE92B7E5B-SegmentedRaftLog:OPENED:c-1,f-1,i0, conf=-1: [c58a0a02-acd3-47c8-b3e9-5b8e0493de45:192.168.157.254:33611, 1360619e-ba1e-4bf9-aec1-9f15b5480b27:192.168.157.254:45658, b88b3e43-5534-49b3-b3f2-a9f154b450de:192.168.157.254:46786], old=null
2019-10-21 23:46:31,290 [b88b3e43-5534-49b3-b3f2-a9f154b450de@group-2FABE92B7E5B-LeaderElection87] INFO  impl.RaftServerImpl (RaftServerImpl.java:setRole(184)) - b88b3e43-5534-49b3-b3f2-a9f154b450de@group-2FABE92B7E5B: changes role from CANDIDATE to FOLLOWER at term 88 for DISCOVERED_A_NEW_TERM
2019-10-21 23:46:31,299 [b88b3e43-5534-49b3-b3f2-a9f154b450de@group-2FABE92B7E5B-LeaderElection87] INFO  impl.RoleInfo (RoleInfo.java:shutdownLeaderElection(134)) - b88b3e43-5534-49b3-b3f2-a9f154b450de: shutdown LeaderElection
2019-10-21 23:46:31,299 [b88b3e43-5534-49b3-b3f2-a9f154b450de@group-2FABE92B7E5B-LeaderElection87] INFO  impl.RoleInfo (RoleInfo.java:updateAndGet(143)) - b88b3e43-5534-49b3-b3f2-a9f154b450de: start FollowerState
2019-10-21 23:46:31,342 [Thread-785] INFO  impl.FollowerState (FollowerState.java:run(108)) - b88b3e43-5534-49b3-b3f2-a9f154b450de@group-2FABE92B7E5B-FollowerState: change to CANDIDATE, lastRpcTime:43ms, electionTimeout:43ms
2019-10-21 23:46:31,343 [Thread-785] INFO  impl.RoleInfo (RoleInfo.java:shutdownFollowerState(121)) - b88b3e43-5534-49b3-b3f2-a9f154b450de: shutdown FollowerState
2019-10-21 23:46:31,343 [Thread-785] INFO  impl.RaftServerImpl (RaftServerImpl.java:setRole(184)) - b88b3e43-5534-49b3-b3f2-a9f154b450de@group-2FABE92B7E5B: changes role from  FOLLOWER to CANDIDATE at term 88 for changeToCandidate
2019-10-21 23:46:31,343 [Thread-785] INFO  impl.RoleInfo (RoleInfo.java:updateAndGet(143)) - b88b3e43-5534-49b3-b3f2-a9f154b450de: start LeaderElection
2019-10-21 23:46:31,350 [b88b3e43-5534-49b3-b3f2-a9f154b450de@group-2FABE92B7E5B-LeaderElection88] INFO  impl.LeaderElection (LeaderElection.java:askForVotes(178)) - b88b3e43-5534-49b3-b3f2-a9f154b450de@group-2FABE92B7E5B-LeaderElection88: begin an election at term 89 for -1: [c58a0a02-acd3-47c8-b3e9-5b8e0493de45:192.168.157.254:33611, 1360619e-ba1e-4bf9-aec1-9f15b5480b27:192.168.157.254:45658, b88b3e43-5534-49b3-b3f2-a9f154b450de:192.168.157.254:46786], old=null
2019-10-21 23:46:31,353 [grpc-default-executor-2] INFO  impl.RaftServerImpl (RaftServerImpl.java:setRole(184)) - 1360619e-ba1e-4bf9-aec1-9f15b5480b27@group-2FABE92B7E5B: changes role from  FOLLOWER to FOLLOWER at term 89 for recognizeCandidate:b88b3e43-5534-49b3-b3f2-a9f154b450de
2019-10-21 23:46:31,353 [grpc-default-executor-0] INFO  impl.RaftServerImpl (RaftServerImpl.java:setRole(184)) - c58a0a02-acd3-47c8-b3e9-5b8e0493de45@group-2FABE92B7E5B: changes role from  FOLLOWER to FOLLOWER at term 89 for recognizeCandidate:b88b3e43-5534-49b3-b3f2-a9f154b450de
2019-10-21 23:46:31,354 [grpc-default-executor-0] INFO  impl.RoleInfo (RoleInfo.java:shutdownFollowerState(121)) - c58a0a02-acd3-47c8-b3e9-5b8e0493de45: shutdown FollowerState
2019-10-21 23:46:31,354 [grpc-default-executor-2] INFO  impl.RoleInfo (RoleInfo.java:shutdownFollowerState(121)) - 1360619e-ba1e-4bf9-aec1-9f15b5480b27: shutdown FollowerState
2019-10-21 23:46:31,354 [grpc-default-executor-0] INFO  impl.RoleInfo (RoleInfo.java:updateAndGet(143)) - c58a0a02-acd3-47c8-b3e9-5b8e0493de45: start FollowerState
2019-10-21 23:46:31,354 [Thread-784] INFO  impl.FollowerState (FollowerState.java:run(117)) - c58a0a02-acd3-47c8-b3e9-5b8e0493de45@group-2FABE92B7E5B-FollowerState was interrupted: java.lang.InterruptedException: sleep interrupted
2019-10-21 23:46:31,354 [grpc-default-executor-2] INFO  impl.RoleInfo (RoleInfo.java:updateAndGet(143)) - 1360619e-ba1e-4bf9-aec1-9f15b5480b27: start FollowerState
2019-10-21 23:46:31,354 [Thread-783] INFO  impl.FollowerState (FollowerState.java:run(117)) - 1360619e-ba1e-4bf9-aec1-9f15b5480b27@group-2FABE92B7E5B-FollowerState was interrupted: java.lang.InterruptedException: sleep interrupted
2019-10-21 23:46:31,369 [b88b3e43-5534-49b3-b3f2-a9f154b450de@group-2FABE92B7E5B-LeaderElection88] INFO  impl.LeaderElection (LeaderElection.java:logAndReturn(56)) - b88b3e43-5534-49b3-b3f2-a9f154b450de@group-2FABE92B7E5B-LeaderElection88: Election REJECTED; received 2 response(s) [b88b3e43-5534-49b3-b3f2-a9f154b450de<-c58a0a02-acd3-47c8-b3e9-5b8e0493de45#0:FAIL-t89, b88b3e43-5534-49b3-b3f2-a9f154b450de<-1360619e-ba1e-4bf9-aec1-9f15b5480b27#0:FAIL-t89] and 0 exception(s); b88b3e43-5534-49b3-b3f2-a9f154b450de@group-2FABE92B7E5B:t89, leader=null, voted=b88b3e43-5534-49b3-b3f2-a9f154b450de, raftlog=b88b3e43-5534-49b3-b3f2-a9f154b450de@group-2FABE92B7E5B-SegmentedRaftLog:OPENED:c-1,f-1,i0, conf=-1: [c58a0a02-acd3-47c8-b3e9-5b8e0493de45:192.168.157.254:33611, 1360619e-ba1e-4bf9-aec1-9f15b5480b27:192.168.157.254:45658, b88b3e43-5534-49b3-b3f2-a9f154b450de:192.168.157.254:46786], old=null
2019-10-21 23:46:31,369 [b88b3e43-5534-49b3-b3f2-a9f154b450de@group-2FABE92B7E5B-LeaderElection88] INFO  impl.RaftServerImpl (RaftServerImpl.java:setRole(184)) - b88b3e43-5534-49b3-b3f2-a9f154b450de@group-2FABE92B7E5B: changes role from CANDIDATE to FOLLOWER at term 89 for DISCOVERED_A_NEW_TERM
2019-10-21 23:46:31,370 [b88b3e43-5534-49b3-b3f2-a9f154b450de@group-2FABE92B7E5B-LeaderElection88] INFO  impl.RoleInfo (RoleInfo.java:shutdownLeaderElection(134)) - b88b3e43-5534-49b3-b3f2-a9f154b450de: shutdown LeaderElection
2019-10-21 23:46:31,370 [b88b3e43-5534-49b3-b3f2-a9f154b450de@group-2FABE92B7E5B-LeaderElection88] INFO  impl.RoleInfo (RoleInfo.java:updateAndGet(143)) - b88b3e43-5534-49b3-b3f2-a9f154b450de: start FollowerState
2019-10-21 23:46:31,436 [Thread-791] INFO  impl.FollowerState (FollowerState.java:run(108)) - b88b3e43-5534-49b3-b3f2-a9f154b450de@group-2FABE92B7E5B-FollowerState: change to CANDIDATE, lastRpcTime:66ms, electionTimeout:66ms
2019-10-21 23:46:31,436 [Thread-791] INFO  impl.RoleInfo (RoleInfo.java:shutdownFollowerState(121)) - b88b3e43-5534-49b3-b3f2-a9f154b450de: shutdown FollowerState
2019-10-21 23:46:31,436 [Thread-791] INFO  impl.RaftServerImpl (RaftServerImpl.java:setRole(184)) - b88b3e43-5534-49b3-b3f2-a9f154b450de@group-2FABE92B7E5B: changes role from  FOLLOWER to CANDIDATE at term 89 for changeToCandidate
2019-10-21 23:46:31,437 [Thread-791] INFO  impl.RoleInfo (RoleInfo.java:updateAndGet(143)) - b88b3e43-5534-49b3-b3f2-a9f154b450de: start LeaderElection
2019-10-21 23:46:31,450 [b88b3e43-5534-49b3-b3f2-a9f154b450de@group-2FABE92B7E5B-LeaderElection89] INFO  impl.LeaderElection (LeaderElection.java:askForVotes(178)) - b88b3e43-5534-49b3-b3f2-a9f154b450de@group-2FABE92B7E5B-LeaderElection89: begin an election at term 90 for -1: [c58a0a02-acd3-47c8-b3e9-5b8e0493de45:192.168.157.254:33611, 1360619e-ba1e-4bf9-aec1-9f15b5480b27:192.168.157.254:45658, b88b3e43-5534-49b3-b3f2-a9f154b450de:192.168.157.254:46786], old=null
2019-10-21 23:46:31,453 [grpc-default-executor-2] INFO  impl.RaftServerImpl (RaftServerImpl.java:setRole(184)) - 1360619e-ba1e-4bf9-aec1-9f15b5480b27@group-2FABE92B7E5B: changes role from  FOLLOWER to FOLLOWER at term 90 for recognizeCandidate:b88b3e43-5534-49b3-b3f2-a9f154b450de
2019-10-21 23:46:31,453 [grpc-default-executor-2] INFO  impl.RoleInfo (RoleInfo.java:shutdownFollowerState(121)) - 1360619e-ba1e-4bf9-aec1-9f15b5480b27: shutdown FollowerState
2019-10-21 23:46:31,453 [grpc-default-executor-0] INFO  impl.RaftServerImpl (RaftServerImpl.java:setRole(184)) - c58a0a02-acd3-47c8-b3e9-5b8e0493de45@group-2FABE92B7E5B: changes role from  FOLLOWER to FOLLOWER at term 90 for recognizeCandidate:b88b3e43-5534-49b3-b3f2-a9f154b450de
2019-10-21 23:46:31,453 [grpc-default-executor-2] INFO  impl.RoleInfo (RoleInfo.java:updateAndGet(143)) - 1360619e-ba1e-4bf9-aec1-9f15b5480b27: start FollowerState
2019-10-21 23:46:31,453 [Thread-790] INFO  impl.FollowerState (FollowerState.java:run(117)) - 1360619e-ba1e-4bf9-aec1-9f15b5480b27@group-2FABE92B7E5B-FollowerState was interrupted: java.lang.InterruptedException: sleep interrupted
2019-10-21 23:46:31,453 [grpc-default-executor-0] INFO  impl.RoleInfo (RoleInfo.java:shutdownFollowerState(121)) - c58a0a02-acd3-47c8-b3e9-5b8e0493de45: shutdown FollowerState
2019-10-21 23:46:31,454 [grpc-default-executor-0] INFO  impl.RoleInfo (RoleInfo.java:updateAndGet(143)) - c58a0a02-acd3-47c8-b3e9-5b8e0493de45: start FollowerState
2019-10-21 23:46:31,454 [Thread-789] INFO  impl.FollowerState (FollowerState.java:run(117)) - c58a0a02-acd3-47c8-b3e9-5b8e0493de45@group-2FABE92B7E5B-FollowerState was interrupted: java.lang.InterruptedException: sleep interrupted
2019-10-21 23:46:31,468 [b88b3e43-5534-49b3-b3f2-a9f154b450de@group-2FABE92B7E5B-LeaderElection89] INFO  impl.LeaderElection (LeaderElection.java:logAndReturn(56)) - b88b3e43-5534-49b3-b3f2-a9f154b450de@group-2FABE92B7E5B-LeaderElection89: Election REJECTED; received 2 response(s) [b88b3e43-5534-49b3-b3f2-a9f154b450de<-c58a0a02-acd3-47c8-b3e9-5b8e0493de45#0:FAIL-t90, b88b3e43-5534-49b3-b3f2-a9f154b450de<-1360619e-ba1e-4bf9-aec1-9f15b5480b27#0:FAIL-t90] and 0 exception(s); b88b3e43-5534-49b3-b3f2-a9f154b450de@group-2FABE92B7E5B:t90, leader=null, voted=b88b3e43-5534-49b3-b3f2-a9f154b450de, raftlog=b88b3e43-5534-49b3-b3f2-a9f154b450de@group-2FABE92B7E5B-SegmentedRaftLog:OPENED:c-1,f-1,i0, conf=-1: [c58a0a02-acd3-47c8-b3e9-5b8e0493de45:192.168.157.254:33611, 1360619e-ba1e-4bf9-aec1-9f15b5480b27:192.168.157.254:45658, b88b3e43-5534-49b3-b3f2-a9f154b450de:192.168.157.254:46786], old=null
2019-10-21 23:46:31,468 [b88b3e43-5534-49b3-b3f2-a9f154b450de@group-2FABE92B7E5B-LeaderElection89] INFO  impl.RaftServerImpl (RaftServerImpl.java:setRole(184)) - b88b3e43-5534-49b3-b3f2-a9f154b450de@group-2FABE92B7E5B: changes role from CANDIDATE to FOLLOWER at term 90 for DISCOVERED_A_NEW_TERM
2019-10-21 23:46:31,468 [b88b3e43-5534-49b3-b3f2-a9f154b450de@group-2FABE92B7E5B-LeaderElection89] INFO  impl.RoleInfo (RoleInfo.java:shutdownLeaderElection(134)) - b88b3e43-5534-49b3-b3f2-a9f154b450de: shutdown LeaderElection
2019-10-21 23:46:31,469 [b88b3e43-5534-49b3-b3f2-a9f154b450de@group-2FABE92B7E5B-LeaderElection89] INFO  impl.RoleInfo (RoleInfo.java:updateAndGet(143)) - b88b3e43-5534-49b3-b3f2-a9f154b450de: start FollowerState
2019-10-21 23:46:31,521 [Thread-797] INFO  impl.FollowerState (FollowerState.java:run(108)) - b88b3e43-5534-49b3-b3f2-a9f154b450de@group-2FABE92B7E5B-FollowerState: change to CANDIDATE, lastRpcTime:52ms, electionTimeout:52ms
2019-10-21 23:46:31,521 [Thread-797] INFO  impl.RoleInfo (RoleInfo.java:shutdownFollowerState(121)) - b88b3e43-5534-49b3-b3f2-a9f154b450de: shutdown FollowerState
2019-10-21 23:46:31,521 [Thread-797] INFO  impl.RaftServerImpl (RaftServerImpl.java:setRole(184)) - b88b3e43-5534-49b3-b3f2-a9f154b450de@group-2FABE92B7E5B: changes role from  FOLLOWER to CANDIDATE at term 90 for changeToCandidate
2019-10-21 23:46:31,521 [Thread-797] INFO  impl.RoleInfo (RoleInfo.java:updateAndGet(143)) - b88b3e43-5534-49b3-b3f2-a9f154b450de: start LeaderElection
2019-10-21 23:46:31,535 [b88b3e43-5534-49b3-b3f2-a9f154b450de@group-2FABE92B7E5B-LeaderElection90] INFO  impl.LeaderElection (LeaderElection.java:askForVotes(178)) - b88b3e43-5534-49b3-b3f2-a9f154b450de@group-2FABE92B7E5B-LeaderElection90: begin an election at term 91 for -1: [c58a0a02-acd3-47c8-b3e9-5b8e0493de45:192.168.157.254:33611, 1360619e-ba1e-4bf9-aec1-9f15b5480b27:192.168.157.254:45658, b88b3e43-5534-49b3-b3f2-a9f154b450de:192.168.157.254:46786], old=null
2019-10-21 23:46:31,537 [grpc-default-executor-2] INFO  impl.RaftServerImpl (RaftServerImpl.java:setRole(184)) - c58a0a02-acd3-47c8-b3e9-5b8e0493de45@group-2FABE92B7E5B: changes role from  FOLLOWER to FOLLOWER at term 91 for recognizeCandidate:b88b3e43-5534-49b3-b3f2-a9f154b450de
2019-10-21 23:46:31,538 [grpc-default-executor-2] INFO  impl.RoleInfo (RoleInfo.java:shutdownFollowerState(121)) - c58a0a02-acd3-47c8-b3e9-5b8e0493de45: shutdown FollowerState
2019-10-21 23:46:31,538 [grpc-default-executor-2] INFO  impl.RoleInfo (RoleInfo.java:updateAndGet(143)) - c58a0a02-acd3-47c8-b3e9-5b8e0493de45: start FollowerState
2019-10-21 23:46:31,538 [Thread-796] INFO  impl.FollowerState (FollowerState.java:run(117)) - c58a0a02-acd3-47c8-b3e9-5b8e0493de45@group-2FABE92B7E5B-FollowerState was interrupted: java.lang.InterruptedException: sleep interrupted
2019-10-21 23:46:31,538 [grpc-default-executor-0] INFO  impl.RaftServerImpl (RaftServerImpl.java:setRole(184)) - 1360619e-ba1e-4bf9-aec1-9f15b5480b27@group-2FABE92B7E5B: changes role from  FOLLOWER to FOLLOWER at term 91 for recognizeCandidate:b88b3e43-5534-49b3-b3f2-a9f154b450de
2019-10-21 23:46:31,538 [grpc-default-executor-0] INFO  impl.RoleInfo (RoleInfo.java:shutdownFollowerState(121)) - 1360619e-ba1e-4bf9-aec1-9f15b5480b27: shutdown FollowerState
2019-10-21 23:46:31,538 [grpc-default-executor-0] INFO  impl.RoleInfo (RoleInfo.java:updateAndGet(143)) - 1360619e-ba1e-4bf9-aec1-9f15b5480b27: start FollowerState
2019-10-21 23:46:31,538 [Thread-795] INFO  impl.FollowerState (FollowerState.java:run(117)) - 1360619e-ba1e-4bf9-aec1-9f15b5480b27@group-2FABE92B7E5B-FollowerState was interrupted: java.lang.InterruptedException: sleep interrupted
2019-10-21 23:46:31,553 [b88b3e43-5534-49b3-b3f2-a9f154b450de@group-2FABE92B7E5B-LeaderElection90] INFO  impl.LeaderElection (LeaderElection.java:logAndReturn(56)) - b88b3e43-5534-49b3-b3f2-a9f154b450de@group-2FABE92B7E5B-LeaderElection90: Election REJECTED; received 2 response(s) [b88b3e43-5534-49b3-b3f2-a9f154b450de<-c58a0a02-acd3-47c8-b3e9-5b8e0493de45#0:FAIL-t91, b88b3e43-5534-49b3-b3f2-a9f154b450de<-1360619e-ba1e-4bf9-aec1-9f15b5480b27#0:FAIL-t91] and 0 exception(s); b88b3e43-5534-49b3-b3f2-a9f154b450de@group-2FABE92B7E5B:t91, leader=null, voted=b88b3e43-5534-49b3-b3f2-a9f154b450de, raftlog=b88b3e43-5534-49b3-b3f2-a9f154b450de@group-2FABE92B7E5B-SegmentedRaftLog:OPENED:c-1,f-1,i0, conf=-1: [c58a0a02-acd3-47c8-b3e9-5b8e0493de45:192.168.157.254:33611, 1360619e-ba1e-4bf9-aec1-9f15b5480b27:192.168.157.254:45658, b88b3e43-5534-49b3-b3f2-a9f154b450de:192.168.157.254:46786], old=null
2019-10-21 23:46:31,553 [b88b3e43-5534-49b3-b3f2-a9f154b450de@group-2FABE92B7E5B-LeaderElection90] INFO  impl.RaftServerImpl (RaftServerImpl.java:setRole(184)) - b88b3e43-5534-49b3-b3f2-a9f154b450de@group-2FABE92B7E5B: changes role from CANDIDATE to FOLLOWER at term 91 for DISCOVERED_A_NEW_TERM
2019-10-21 23:46:31,553 [b88b3e43-5534-49b3-b3f2-a9f154b450de@group-2FABE92B7E5B-LeaderElection90] INFO  impl.RoleInfo (RoleInfo.java:shutdownLeaderElection(134)) - b88b3e43-5534-49b3-b3f2-a9f154b450de: shutdown LeaderElection
2019-10-21 23:46:31,553 [b88b3e43-5534-49b3-b3f2-a9f154b450de@group-2FABE92B7E5B-LeaderElection90] INFO  impl.RoleInfo (RoleInfo.java:updateAndGet(143)) - b88b3e43-5534-49b3-b3f2-a9f154b450de: start FollowerState
2019-10-21 23:46:31,606 [Thread-803] INFO  impl.FollowerState (FollowerState.java:run(108)) - b88b3e43-5534-49b3-b3f2-a9f154b450de@group-2FABE92B7E5B-FollowerState: change to CANDIDATE, lastRpcTime:53ms, electionTimeout:53ms
2019-10-21 23:46:31,607 [Thread-803] INFO  impl.RoleInfo (RoleInfo.java:shutdownFollowerState(121)) - b88b3e43-5534-49b3-b3f2-a9f154b450de: shutdown FollowerState
2019-10-21 23:46:31,607 [Thread-803] INFO  impl.RaftServerImpl (RaftServerImpl.java:setRole(184)) - b88b3e43-5534-49b3-b3f2-a9f154b450de@group-2FABE92B7E5B: changes role from  FOLLOWER to CANDIDATE at term 91 for changeToCandidate
2019-10-21 23:46:31,607 [Thread-803] INFO  impl.RoleInfo (RoleInfo.java:updateAndGet(143)) - b88b3e43-5534-49b3-b3f2-a9f154b450de: start LeaderElection
2019-10-21 23:46:31,621 [b88b3e43-5534-49b3-b3f2-a9f154b450de@group-2FABE92B7E5B-LeaderElection91] INFO  impl.LeaderElection (LeaderElection.java:askForVotes(178)) - b88b3e43-5534-49b3-b3f2-a9f154b450de@group-2FABE92B7E5B-LeaderElection91: begin an election at term 92 for -1: [c58a0a02-acd3-47c8-b3e9-5b8e0493de45:192.168.157.254:33611, 1360619e-ba1e-4bf9-aec1-9f15b5480b27:192.168.157.254:45658, b88b3e43-5534-49b3-b3f2-a9f154b450de:192.168.157.254:46786], old=null
2019-10-21 23:46:31,624 [grpc-default-executor-0] INFO  impl.RaftServerImpl (RaftServerImpl.java:setRole(184)) - c58a0a02-acd3-47c8-b3e9-5b8e0493de45@group-2FABE92B7E5B: changes role from  FOLLOWER to FOLLOWER at term 92 for recognizeCandidate:b88b3e43-5534-49b3-b3f2-a9f154b450de
2019-10-21 23:46:31,624 [grpc-default-executor-0] INFO  impl.RoleInfo (RoleInfo.java:shutdownFollowerState(121)) - c58a0a02-acd3-47c8-b3e9-5b8e0493de45: shutdown FollowerState
2019-10-21 23:46:31,625 [grpc-default-executor-0] INFO  impl.RoleInfo (RoleInfo.java:updateAndGet(143)) - c58a0a02-acd3-47c8-b3e9-5b8e0493de45: start FollowerState
2019-10-21 23:46:31,625 [grpc-default-executor-2] INFO  impl.RaftServerImpl (RaftServerImpl.java:setRole(184)) - 1360619e-ba1e-4bf9-aec1-9f15b5480b27@group-2FABE92B7E5B: changes role from  FOLLOWER to FOLLOWER at term 92 for recognizeCandidate:b88b3e43-5534-49b3-b3f2-a9f154b450de
2019-10-21 23:46:31,625 [Thread-801] INFO  impl.FollowerState (FollowerState.java:run(117)) - c58a0a02-acd3-47c8-b3e9-5b8e0493de45@group-2FABE92B7E5B-FollowerState was interrupted: java.lang.InterruptedException: sleep interrupted
2019-10-21 23:46:31,625 [grpc-default-executor-2] INFO  impl.RoleInfo (RoleInfo.java:shutdownFollowerState(121)) - 1360619e-ba1e-4bf9-aec1-9f15b5480b27: shutdown FollowerState
2019-10-21 23:46:31,625 [grpc-default-executor-2] INFO  impl.RoleInfo (RoleInfo.java:updateAndGet(143)) - 1360619e-ba1e-4bf9-aec1-9f15b5480b27: start FollowerState
2019-10-21 23:46:31,626 [Thread-802] INFO  impl.FollowerState (FollowerState.java:run(117)) - 1360619e-ba1e-4bf9-aec1-9f15b5480b27@group-2FABE92B7E5B-FollowerState was interrupted: java.lang.InterruptedException: sleep interrupted
2019-10-21 23:46:31,641 [b88b3e43-5534-49b3-b3f2-a9f154b450de@group-2FABE92B7E5B-LeaderElection91] INFO  impl.LeaderElection (LeaderElection.java:logAndReturn(56)) - b88b3e43-5534-49b3-b3f2-a9f154b450de@group-2FABE92B7E5B-LeaderElection91: Election REJECTED; received 2 response(s) [b88b3e43-5534-49b3-b3f2-a9f154b450de<-c58a0a02-acd3-47c8-b3e9-5b8e0493de45#0:FAIL-t92, b88b3e43-5534-49b3-b3f2-a9f154b450de<-1360619e-ba1e-4bf9-aec1-9f15b5480b27#0:FAIL-t92] and 0 exception(s); b88b3e43-5534-49b3-b3f2-a9f154b450de@group-2FABE92B7E5B:t92, leader=null, voted=b88b3e43-5534-49b3-b3f2-a9f154b450de, raftlog=b88b3e43-5534-49b3-b3f2-a9f154b450de@group-2FABE92B7E5B-SegmentedRaftLog:OPENED:c-1,f-1,i0, conf=-1: [c58a0a02-acd3-47c8-b3e9-5b8e0493de45:192.168.157.254:33611, 1360619e-ba1e-4bf9-aec1-9f15b5480b27:192.168.157.254:45658, b88b3e43-5534-49b3-b3f2-a9f154b450de:192.168.157.254:46786], old=null
2019-10-21 23:46:31,642 [b88b3e43-5534-49b3-b3f2-a9f154b450de@group-2FABE92B7E5B-LeaderElection91] INFO  impl.RaftServerImpl (RaftServerImpl.java:setRole(184)) - b88b3e43-5534-49b3-b3f2-a9f154b450de@group-2FABE92B7E5B: changes role from CANDIDATE to FOLLOWER at term 92 for DISCOVERED_A_NEW_TERM
2019-10-21 23:46:31,642 [b88b3e43-5534-49b3-b3f2-a9f154b450de@group-2FABE92B7E5B-LeaderElection91] INFO  impl.RoleInfo (RoleInfo.java:shutdownLeaderElection(134)) - b88b3e43-5534-49b3-b3f2-a9f154b450de: shutdown LeaderElection
2019-10-21 23:46:31,642 [b88b3e43-5534-49b3-b3f2-a9f154b450de@group-2FABE92B7E5B-LeaderElection91] INFO  impl.RoleInfo (RoleInfo.java:updateAndGet(143)) - b88b3e43-5534-49b3-b3f2-a9f154b450de: start FollowerState
2019-10-21 23:46:31,776 [Thread-809] INFO  impl.FollowerState (FollowerState.java:run(108)) - b88b3e43-5534-49b3-b3f2-a9f154b450de@group-2FABE92B7E5B-FollowerState: change to CANDIDATE, lastRpcTime:133ms, electionTimeout:133ms
2019-10-21 23:46:31,776 [Thread-809] INFO  impl.RoleInfo (RoleInfo.java:shutdownFollowerState(121)) - b88b3e43-5534-49b3-b3f2-a9f154b450de: shutdown FollowerState
2019-10-21 23:46:31,776 [Thread-809] INFO  impl.RaftServerImpl (RaftServerImpl.java:setRole(184)) - b88b3e43-5534-49b3-b3f2-a9f154b450de@group-2FABE92B7E5B: changes role from  FOLLOWER to CANDIDATE at term 92 for changeToCandidate
2019-10-21 23:46:31,776 [Thread-809] INFO  impl.RoleInfo (RoleInfo.java:updateAndGet(143)) - b88b3e43-5534-49b3-b3f2-a9f154b450de: start LeaderElection
2019-10-21 23:46:31,790 [b88b3e43-5534-49b3-b3f2-a9f154b450de@group-2FABE92B7E5B-LeaderElection92] INFO  impl.LeaderElection (LeaderElection.java:askForVotes(178)) - b88b3e43-5534-49b3-b3f2-a9f154b450de@group-2FABE92B7E5B-LeaderElection92: begin an election at term 93 for -1: [c58a0a02-acd3-47c8-b3e9-5b8e0493de45:192.168.157.254:33611, 1360619e-ba1e-4bf9-aec1-9f15b5480b27:192.168.157.254:45658, b88b3e43-5534-49b3-b3f2-a9f154b450de:192.168.157.254:46786], old=null
2019-10-21 23:46:31,792 [grpc-default-executor-0] INFO  impl.RaftServerImpl (RaftServerImpl.java:setRole(184)) - 1360619e-ba1e-4bf9-aec1-9f15b5480b27@group-2FABE92B7E5B: changes role from  FOLLOWER to FOLLOWER at term 93 for recognizeCandidate:b88b3e43-5534-49b3-b3f2-a9f154b450de
2019-10-21 23:46:31,793 [grpc-default-executor-0] INFO  impl.RoleInfo (RoleInfo.java:shutdownFollowerState(121)) - 1360619e-ba1e-4bf9-aec1-9f15b5480b27: shutdown FollowerState
2019-10-21 23:46:31,793 [grpc-default-executor-2] INFO  impl.RaftServerImpl (RaftServerImpl.java:setRole(184)) - c58a0a02-acd3-47c8-b3e9-5b8e0493de45@group-2FABE92B7E5B: changes role from  FOLLOWER to FOLLOWER at term 93 for recognizeCandidate:b88b3e43-5534-49b3-b3f2-a9f154b450de
2019-10-21 23:46:31,793 [Thread-808] INFO  impl.FollowerState (FollowerState.java:run(117)) - 1360619e-ba1e-4bf9-aec1-9f15b5480b27@group-2FABE92B7E5B-FollowerState was interrupted: java.lang.InterruptedException: sleep interrupted
2019-10-21 23:46:31,793 [grpc-default-executor-0] INFO  impl.RoleInfo (RoleInfo.java:updateAndGet(143)) - 1360619e-ba1e-4bf9-aec1-9f15b5480b27: start FollowerState
2019-10-21 23:46:31,793 [grpc-default-executor-2] INFO  impl.RoleInfo (RoleInfo.java:shutdownFollowerState(121)) - c58a0a02-acd3-47c8-b3e9-5b8e0493de45: shutdown FollowerState
2019-10-21 23:46:31,794 [grpc-default-executor-2] INFO  impl.RoleInfo (RoleInfo.java:updateAndGet(143)) - c58a0a02-acd3-47c8-b3e9-5b8e0493de45: start FollowerState
2019-10-21 23:46:31,794 [Thread-807] INFO  impl.FollowerState (FollowerState.java:run(117)) - c58a0a02-acd3-47c8-b3e9-5b8e0493de45@group-2FABE92B7E5B-FollowerState was interrupted: java.lang.InterruptedException: sleep interrupted
2019-10-21 23:46:31,809 [b88b3e43-5534-49b3-b3f2-a9f154b450de@group-2FABE92B7E5B-LeaderElection92] INFO  impl.LeaderElection (LeaderElection.java:logAndReturn(56)) - b88b3e43-5534-49b3-b3f2-a9f154b450de@group-2FABE92B7E5B-LeaderElection92: Election REJECTED; received 2 response(s) [b88b3e43-5534-49b3-b3f2-a9f154b450de<-c58a0a02-acd3-47c8-b3e9-5b8e0493de45#0:FAIL-t93, b88b3e43-5534-49b3-b3f2-a9f154b450de<-1360619e-ba1e-4bf9-aec1-9f15b5480b27#0:FAIL-t93] and 0 exception(s); b88b3e43-5534-49b3-b3f2-a9f154b450de@group-2FABE92B7E5B:t93, leader=null, voted=b88b3e43-5534-49b3-b3f2-a9f154b450de, raftlog=b88b3e43-5534-49b3-b3f2-a9f154b450de@group-2FABE92B7E5B-SegmentedRaftLog:OPENED:c-1,f-1,i0, conf=-1: [c58a0a02-acd3-47c8-b3e9-5b8e0493de45:192.168.157.254:33611, 1360619e-ba1e-4bf9-aec1-9f15b5480b27:192.168.157.254:45658, b88b3e43-5534-49b3-b3f2-a9f154b450de:192.168.157.254:46786], old=null
2019-10-21 23:46:31,809 [b88b3e43-5534-49b3-b3f2-a9f154b450de@group-2FABE92B7E5B-LeaderElection92] INFO  impl.RaftServerImpl (RaftServerImpl.java:setRole(184)) - b88b3e43-5534-49b3-b3f2-a9f154b450de@group-2FABE92B7E5B: changes role from CANDIDATE to FOLLOWER at term 93 for DISCOVERED_A_NEW_TERM
2019-10-21 23:46:31,809 [b88b3e43-5534-49b3-b3f2-a9f154b450de@group-2FABE92B7E5B-LeaderElection92] INFO  impl.RoleInfo (RoleInfo.java:shutdownLeaderElection(134)) - b88b3e43-5534-49b3-b3f2-a9f154b450de: shutdown LeaderElection
2019-10-21 23:46:31,809 [b88b3e43-5534-49b3-b3f2-a9f154b450de@group-2FABE92B7E5B-LeaderElection92] INFO  impl.RoleInfo (RoleInfo.java:updateAndGet(143)) - b88b3e43-5534-49b3-b3f2-a9f154b450de: start FollowerState
2019-10-21 23:46:31,840 [Thread-817] INFO  impl.FollowerState (FollowerState.java:run(108)) - b88b3e43-5534-49b3-b3f2-a9f154b450de@group-2FABE92B7E5B-FollowerState: change to CANDIDATE, lastRpcTime:30ms, electionTimeout:30ms
2019-10-21 23:46:31,840 [Thread-817] INFO  impl.RoleInfo (RoleInfo.java:shutdownFollowerState(121)) - b88b3e43-5534-49b3-b3f2-a9f154b450de: shutdown FollowerState
2019-10-21 23:46:31,840 [Thread-817] INFO  impl.RaftServerImpl (RaftServerImpl.java:setRole(184)) - b88b3e43-5534-49b3-b3f2-a9f154b450de@group-2FABE92B7E5B: changes role from  FOLLOWER to CANDIDATE at term 93 for changeToCandidate
2019-10-21 23:46:31,840 [Thread-817] INFO  impl.RoleInfo (RoleInfo.java:updateAndGet(143)) - b88b3e43-5534-49b3-b3f2-a9f154b450de: start LeaderElection
2019-10-21 23:46:31,853 [b88b3e43-5534-49b3-b3f2-a9f154b450de@group-2FABE92B7E5B-LeaderElection93] INFO  impl.LeaderElection (LeaderElection.java:askForVotes(178)) - b88b3e43-5534-49b3-b3f2-a9f154b450de@group-2FABE92B7E5B-LeaderElection93: begin an election at term 94 for -1: [c58a0a02-acd3-47c8-b3e9-5b8e0493de45:192.168.157.254:33611, 1360619e-ba1e-4bf9-aec1-9f15b5480b27:192.168.157.254:45658, b88b3e43-5534-49b3-b3f2-a9f154b450de:192.168.157.254:46786], old=null
2019-10-21 23:46:31,855 [grpc-default-executor-2] INFO  impl.RaftServerImpl (RaftServerImpl.java:setRole(184)) - 1360619e-ba1e-4bf9-aec1-9f15b5480b27@group-2FABE92B7E5B: changes role from  FOLLOWER to FOLLOWER at term 94 for recognizeCandidate:b88b3e43-5534-49b3-b3f2-a9f154b450de
2019-10-21 23:46:31,856 [grpc-default-executor-2] INFO  impl.RoleInfo (RoleInfo.java:shutdownFollowerState(121)) - 1360619e-ba1e-4bf9-aec1-9f15b5480b27: shutdown FollowerState
2019-10-21 23:46:31,855 [grpc-default-executor-0] INFO  impl.RaftServerImpl (RaftServerImpl.java:setRole(184)) - c58a0a02-acd3-47c8-b3e9-5b8e0493de45@group-2FABE92B7E5B: changes role from  FOLLOWER to FOLLOWER at term 94 for recognizeCandidate:b88b3e43-5534-49b3-b3f2-a9f154b450de
2019-10-21 23:46:31,856 [grpc-default-executor-0] INFO  impl.RoleInfo (RoleInfo.java:shutdownFollowerState(121)) - c58a0a02-acd3-47c8-b3e9-5b8e0493de45: shutdown FollowerState
2019-10-21 23:46:31,856 [grpc-default-executor-2] INFO  impl.RoleInfo (RoleInfo.java:updateAndGet(143)) - 1360619e-ba1e-4bf9-aec1-9f15b5480b27: start FollowerState
2019-10-21 23:46:31,856 [Thread-815] INFO  impl.FollowerState (FollowerState.java:run(117)) - 1360619e-ba1e-4bf9-aec1-9f15b5480b27@group-2FABE92B7E5B-FollowerState was interrupted: java.lang.InterruptedException: sleep interrupted
2019-10-21 23:46:31,856 [grpc-default-executor-0] INFO  impl.RoleInfo (RoleInfo.java:updateAndGet(143)) - c58a0a02-acd3-47c8-b3e9-5b8e0493de45: start FollowerState
2019-10-21 23:46:31,856 [Thread-816] INFO  impl.FollowerState (FollowerState.java:run(117)) - c58a0a02-acd3-47c8-b3e9-5b8e0493de45@group-2FABE92B7E5B-FollowerState was interrupted: java.lang.InterruptedException: sleep interrupted
2019-10-21 23:46:31,871 [b88b3e43-5534-49b3-b3f2-a9f154b450de@group-2FABE92B7E5B-LeaderElection93] INFO  impl.LeaderElection (LeaderElection.java:logAndReturn(56)) - b88b3e43-5534-49b3-b3f2-a9f154b450de@group-2FABE92B7E5B-LeaderElection93: Election REJECTED; received 2 response(s) [b88b3e43-5534-49b3-b3f2-a9f154b450de<-c58a0a02-acd3-47c8-b3e9-5b8e0493de45#0:FAIL-t94, b88b3e43-5534-49b3-b3f2-a9f154b450de<-1360619e-ba1e-4bf9-aec1-9f15b5480b27#0:FAIL-t94] and 0 exception(s); b88b3e43-5534-49b3-b3f2-a9f154b450de@group-2FABE92B7E5B:t94, leader=null, voted=b88b3e43-5534-49b3-b3f2-a9f154b450de, raftlog=b88b3e43-5534-49b3-b3f2-a9f154b450de@group-2FABE92B7E5B-SegmentedRaftLog:OPENED:c-1,f-1,i0, conf=-1: [c58a0a02-acd3-47c8-b3e9-5b8e0493de45:192.168.157.254:33611, 1360619e-ba1e-4bf9-aec1-9f15b5480b27:192.168.157.254:45658, b88b3e43-5534-49b3-b3f2-a9f154b450de:192.168.157.254:46786], old=null
2019-10-21 23:46:31,871 [b88b3e43-5534-49b3-b3f2-a9f154b450de@group-2FABE92B7E5B-LeaderElection93] INFO  impl.RaftServerImpl (RaftServerImpl.java:setRole(184)) - b88b3e43-5534-49b3-b3f2-a9f154b450de@group-2FABE92B7E5B: changes role from CANDIDATE to FOLLOWER at term 94 for DISCOVERED_A_NEW_TERM
2019-10-21 23:46:31,871 [b88b3e43-5534-49b3-b3f2-a9f154b450de@group-2FABE92B7E5B-LeaderElection93] INFO  impl.RoleInfo (RoleInfo.java:shutdownLeaderElection(134)) - b88b3e43-5534-49b3-b3f2-a9f154b450de: shutdown LeaderElection
2019-10-21 23:46:31,871 [b88b3e43-5534-49b3-b3f2-a9f154b450de@group-2FABE92B7E5B-LeaderElection93] INFO  impl.RoleInfo (RoleInfo.java:updateAndGet(143)) - b88b3e43-5534-49b3-b3f2-a9f154b450de: start FollowerState
2019-10-21 23:46:31,881 [Thread-823] INFO  impl.FollowerState (FollowerState.java:run(108)) - b88b3e43-5534-49b3-b3f2-a9f154b450de@group-2FABE92B7E5B-FollowerState: change to CANDIDATE, lastRpcTime:9ms, electionTimeout:9ms
2019-10-21 23:46:31,881 [Thread-823] INFO  impl.RoleInfo (RoleInfo.java:shutdownFollowerState(121)) - b88b3e43-5534-49b3-b3f2-a9f154b450de: shutdown FollowerState
2019-10-21 23:46:31,881 [Thread-823] INFO  impl.RaftServerImpl (RaftServerImpl.java:setRole(184)) - b88b3e43-5534-49b3-b3f2-a9f154b450de@group-2FABE92B7E5B: changes role from  FOLLOWER to CANDIDATE at term 94 for changeToCandidate
2019-10-21 23:46:31,881 [Thread-823] INFO  impl.RoleInfo (RoleInfo.java:updateAndGet(143)) - b88b3e43-5534-49b3-b3f2-a9f154b450de: start LeaderElection
2019-10-21 23:46:31,892 [b88b3e43-5534-49b3-b3f2-a9f154b450de@group-2FABE92B7E5B-LeaderElection94] INFO  impl.LeaderElection (LeaderElection.java:askForVotes(178)) - b88b3e43-5534-49b3-b3f2-a9f154b450de@group-2FABE92B7E5B-LeaderElection94: begin an election at term 95 for -1: [c58a0a02-acd3-47c8-b3e9-5b8e0493de45:192.168.157.254:33611, 1360619e-ba1e-4bf9-aec1-9f15b5480b27:192.168.157.254:45658, b88b3e43-5534-49b3-b3f2-a9f154b450de:192.168.157.254:46786], old=null
2019-10-21 23:46:31,894 [grpc-default-executor-0] INFO  impl.RaftServerImpl (RaftServerImpl.java:setRole(184)) - 1360619e-ba1e-4bf9-aec1-9f15b5480b27@group-2FABE92B7E5B: changes role from  FOLLOWER to FOLLOWER at term 95 for recognizeCandidate:b88b3e43-5534-49b3-b3f2-a9f154b450de
2019-10-21 23:46:31,895 [grpc-default-executor-0] INFO  impl.RoleInfo (RoleInfo.java:shutdownFollowerState(121)) - 1360619e-ba1e-4bf9-aec1-9f15b5480b27: shutdown FollowerState
2019-10-21 23:46:31,894 [grpc-default-executor-2] INFO  impl.RaftServerImpl (RaftServerImpl.java:setRole(184)) - c58a0a02-acd3-47c8-b3e9-5b8e0493de45@group-2FABE92B7E5B: changes role from  FOLLOWER to FOLLOWER at term 95 for recognizeCandidate:b88b3e43-5534-49b3-b3f2-a9f154b450de
2019-10-21 23:46:31,895 [grpc-default-executor-2] INFO  impl.RoleInfo (RoleInfo.java:shutdownFollowerState(121)) - c58a0a02-acd3-47c8-b3e9-5b8e0493de45: shutdown FollowerState
2019-10-21 23:46:31,895 [Thread-821] INFO  impl.FollowerState (FollowerState.java:run(117)) - 1360619e-ba1e-4bf9-aec1-9f15b5480b27@group-2FABE92B7E5B-FollowerState was interrupted: java.lang.InterruptedException: sleep interrupted
2019-10-21 23:46:31,895 [grpc-default-executor-0] INFO  impl.RoleInfo (RoleInfo.java:updateAndGet(143)) - 1360619e-ba1e-4bf9-aec1-9f15b5480b27: start FollowerState
2019-10-21 23:46:31,895 [grpc-default-executor-2] INFO  impl.RoleInfo (RoleInfo.java:updateAndGet(143)) - c58a0a02-acd3-47c8-b3e9-5b8e0493de45: start FollowerState
2019-10-21 23:46:31,895 [Thread-822] INFO  impl.FollowerState (FollowerState.java:run(117)) - c58a0a02-acd3-47c8-b3e9-5b8e0493de45@group-2FABE92B7E5B-FollowerState was interrupted: java.lang.InterruptedException: sleep interrupted
2019-10-21 23:46:31,904 [b88b3e43-5534-49b3-b3f2-a9f154b450de@group-2FABE92B7E5B-LeaderElection94] INFO  impl.LeaderElection (LeaderElection.java:logAndReturn(56)) - b88b3e43-5534-49b3-b3f2-a9f154b450de@group-2FABE92B7E5B-LeaderElection94: Election REJECTED; received 2 response(s) [b88b3e43-5534-49b3-b3f2-a9f154b450de<-c58a0a02-acd3-47c8-b3e9-5b8e0493de45#0:FAIL-t95, b88b3e43-5534-49b3-b3f2-a9f154b450de<-1360619e-ba1e-4bf9-aec1-9f15b5480b27#0:FAIL-t95] and 0 exception(s); b88b3e43-5534-49b3-b3f2-a9f154b450de@group-2FABE92B7E5B:t95, leader=null, voted=b88b3e43-5534-49b3-b3f2-a9f154b450de, raftlog=b88b3e43-5534-49b3-b3f2-a9f154b450de@group-2FABE92B7E5B-SegmentedRaftLog:OPENED:c-1,f-1,i0, conf=-1: [c58a0a02-acd3-47c8-b3e9-5b8e0493de45:192.168.157.254:33611, 1360619e-ba1e-4bf9-aec1-9f15b5480b27:192.168.157.254:45658, b88b3e43-5534-49b3-b3f2-a9f154b450de:192.168.157.254:46786], old=null
2019-10-21 23:46:31,904 [b88b3e43-5534-49b3-b3f2-a9f154b450de@group-2FABE92B7E5B-LeaderElection94] INFO  impl.RaftServerImpl (RaftServerImpl.java:setRole(184)) - b88b3e43-5534-49b3-b3f2-a9f154b450de@group-2FABE92B7E5B: changes role from CANDIDATE to FOLLOWER at term 95 for DISCOVERED_A_NEW_TERM
2019-10-21 23:46:31,904 [b88b3e43-5534-49b3-b3f2-a9f154b450de@group-2FABE92B7E5B-LeaderElection94] INFO  impl.RoleInfo (RoleInfo.java:shutdownLeaderElection(134)) - b88b3e43-5534-49b3-b3f2-a9f154b450de: shutdown LeaderElection
2019-10-21 23:46:31,904 [b88b3e43-5534-49b3-b3f2-a9f154b450de@group-2FABE92B7E5B-LeaderElection94] INFO  impl.RoleInfo (RoleInfo.java:updateAndGet(143)) - b88b3e43-5534-49b3-b3f2-a9f154b450de: start FollowerState
2019-10-21 23:46:32,003 [Thread-829] INFO  impl.FollowerState (FollowerState.java:run(108)) - b88b3e43-5534-49b3-b3f2-a9f154b450de@group-2FABE92B7E5B-FollowerState: change to CANDIDATE, lastRpcTime:98ms, electionTimeout:98ms
2019-10-21 23:46:32,003 [Thread-829] INFO  impl.RoleInfo (RoleInfo.java:shutdownFollowerState(121)) - b88b3e43-5534-49b3-b3f2-a9f154b450de: shutdown FollowerState
2019-10-21 23:46:32,003 [Thread-829] INFO  impl.RaftServerImpl (RaftServerImpl.java:setRole(184)) - b88b3e43-5534-49b3-b3f2-a9f154b450de@group-2FABE92B7E5B: changes role from  FOLLOWER to CANDIDATE at term 95 for changeToCandidate
2019-10-21 23:46:32,003 [Thread-829] INFO  impl.RoleInfo (RoleInfo.java:updateAndGet(143)) - b88b3e43-5534-49b3-b3f2-a9f154b450de: start LeaderElection
2019-10-21 23:46:32,017 [b88b3e43-5534-49b3-b3f2-a9f154b450de@group-2FABE92B7E5B-LeaderElection95] INFO  impl.LeaderElection (LeaderElection.java:askForVotes(178)) - b88b3e43-5534-49b3-b3f2-a9f154b450de@group-2FABE92B7E5B-LeaderElection95: begin an election at term 96 for -1: [c58a0a02-acd3-47c8-b3e9-5b8e0493de45:192.168.157.254:33611, 1360619e-ba1e-4bf9-aec1-9f15b5480b27:192.168.157.254:45658, b88b3e43-5534-49b3-b3f2-a9f154b450de:192.168.157.254:46786], old=null
2019-10-21 23:46:32,024 [grpc-default-executor-0] INFO  impl.RaftServerImpl (RaftServerImpl.java:setRole(184)) - 1360619e-ba1e-4bf9-aec1-9f15b5480b27@group-2FABE92B7E5B: changes role from  FOLLOWER to FOLLOWER at term 96 for recognizeCandidate:b88b3e43-5534-49b3-b3f2-a9f154b450de
2019-10-21 23:46:32,024 [grpc-default-executor-0] INFO  impl.RoleInfo (RoleInfo.java:shutdownFollowerState(121)) - 1360619e-ba1e-4bf9-aec1-9f15b5480b27: shutdown FollowerState
2019-10-21 23:46:32,024 [grpc-default-executor-0] INFO  impl.RoleInfo (RoleInfo.java:updateAndGet(143)) - 1360619e-ba1e-4bf9-aec1-9f15b5480b27: start FollowerState
2019-10-21 23:46:32,024 [grpc-default-executor-2] INFO  impl.RaftServerImpl (RaftServerImpl.java:setRole(184)) - c58a0a02-acd3-47c8-b3e9-5b8e0493de45@group-2FABE92B7E5B: changes role from  FOLLOWER to FOLLOWER at term 96 for recognizeCandidate:b88b3e43-5534-49b3-b3f2-a9f154b450de
2019-10-21 23:46:32,025 [grpc-default-executor-2] INFO  impl.RoleInfo (RoleInfo.java:shutdownFollowerState(121)) - c58a0a02-acd3-47c8-b3e9-5b8e0493de45: shutdown FollowerState
2019-10-21 23:46:32,024 [Thread-827] INFO  impl.FollowerState (FollowerState.java:run(117)) - 1360619e-ba1e-4bf9-aec1-9f15b5480b27@group-2FABE92B7E5B-FollowerState was interrupted: java.lang.InterruptedException: sleep interrupted
2019-10-21 23:46:32,025 [Thread-828] INFO  impl.FollowerState (FollowerState.java:run(117)) - c58a0a02-acd3-47c8-b3e9-5b8e0493de45@group-2FABE92B7E5B-FollowerState was interrupted: java.lang.InterruptedException: sleep interrupted
2019-10-21 23:46:32,025 [grpc-default-executor-2] INFO  impl.RoleInfo (RoleInfo.java:updateAndGet(143)) - c58a0a02-acd3-47c8-b3e9-5b8e0493de45: start FollowerState
2019-10-21 23:46:32,039 [b88b3e43-5534-49b3-b3f2-a9f154b450de@group-2FABE92B7E5B-LeaderElection95] INFO  impl.LeaderElection (LeaderElection.java:logAndReturn(56)) - b88b3e43-5534-49b3-b3f2-a9f154b450de@group-2FABE92B7E5B-LeaderElection95: Election REJECTED; received 2 response(s) [b88b3e43-5534-49b3-b3f2-a9f154b450de<-c58a0a02-acd3-47c8-b3e9-5b8e0493de45#0:FAIL-t96, b88b3e43-5534-49b3-b3f2-a9f154b450de<-1360619e-ba1e-4bf9-aec1-9f15b5480b27#0:FAIL-t96] and 0 exception(s); b88b3e43-5534-49b3-b3f2-a9f154b450de@group-2FABE92B7E5B:t96, leader=null, voted=b88b3e43-5534-49b3-b3f2-a9f154b450de, raftlog=b88b3e43-5534-49b3-b3f2-a9f154b450de@group-2FABE92B7E5B-SegmentedRaftLog:OPENED:c-1,f-1,i0, conf=-1: [c58a0a02-acd3-47c8-b3e9-5b8e0493de45:192.168.157.254:33611, 1360619e-ba1e-4bf9-aec1-9f15b5480b27:192.168.157.254:45658, b88b3e43-5534-49b3-b3f2-a9f154b450de:192.168.157.254:46786], old=null
2019-10-21 23:46:32,045 [b88b3e43-5534-49b3-b3f2-a9f154b450de@group-2FABE92B7E5B-LeaderElection95] INFO  impl.RaftServerImpl (RaftServerImpl.java:setRole(184)) - b88b3e43-5534-49b3-b3f2-a9f154b450de@group-2FABE92B7E5B: changes role from CANDIDATE to FOLLOWER at term 96 for DISCOVERED_A_NEW_TERM
2019-10-21 23:46:32,045 [b88b3e43-5534-49b3-b3f2-a9f154b450de@group-2FABE92B7E5B-LeaderElection95] INFO  impl.RoleInfo (RoleInfo.java:shutdownLeaderElection(134)) - b88b3e43-5534-49b3-b3f2-a9f154b450de: shutdown LeaderElection
2019-10-21 23:46:32,045 [b88b3e43-5534-49b3-b3f2-a9f154b450de@group-2FABE92B7E5B-LeaderElection95] INFO  impl.RoleInfo (RoleInfo.java:updateAndGet(143)) - b88b3e43-5534-49b3-b3f2-a9f154b450de: start FollowerState
2019-10-21 23:46:32,199 [Thread-835] INFO  impl.FollowerState (FollowerState.java:run(108)) - b88b3e43-5534-49b3-b3f2-a9f154b450de@group-2FABE92B7E5B-FollowerState: change to CANDIDATE, lastRpcTime:154ms, electionTimeout:154ms
2019-10-21 23:46:32,200 [Thread-835] INFO  impl.RoleInfo (RoleInfo.java:shutdownFollowerState(121)) - b88b3e43-5534-49b3-b3f2-a9f154b450de: shutdown FollowerState
2019-10-21 23:46:32,200 [Thread-835] INFO  impl.RaftServerImpl (RaftServerImpl.java:setRole(184)) - b88b3e43-5534-49b3-b3f2-a9f154b450de@group-2FABE92B7E5B: changes role from  FOLLOWER to CANDIDATE at term 96 for changeToCandidate
2019-10-21 23:46:32,200 [Thread-835] INFO  impl.RoleInfo (RoleInfo.java:updateAndGet(143)) - b88b3e43-5534-49b3-b3f2-a9f154b450de: start LeaderElection
2019-10-21 23:46:32,214 [b88b3e43-5534-49b3-b3f2-a9f154b450de@group-2FABE92B7E5B-LeaderElection96] INFO  impl.LeaderElection (LeaderElection.java:askForVotes(178)) - b88b3e43-5534-49b3-b3f2-a9f154b450de@group-2FABE92B7E5B-LeaderElection96: begin an election at term 97 for -1: [c58a0a02-acd3-47c8-b3e9-5b8e0493de45:192.168.157.254:33611, 1360619e-ba1e-4bf9-aec1-9f15b5480b27:192.168.157.254:45658, b88b3e43-5534-49b3-b3f2-a9f154b450de:192.168.157.254:46786], old=null
2019-10-21 23:46:32,217 [grpc-default-executor-2] INFO  impl.RaftServerImpl (RaftServerImpl.java:setRole(184)) - 1360619e-ba1e-4bf9-aec1-9f15b5480b27@group-2FABE92B7E5B: changes role from  FOLLOWER to FOLLOWER at term 97 for recognizeCandidate:b88b3e43-5534-49b3-b3f2-a9f154b450de
2019-10-21 23:46:32,217 [grpc-default-executor-2] INFO  impl.RoleInfo (RoleInfo.java:shutdownFollowerState(121)) - 1360619e-ba1e-4bf9-aec1-9f15b5480b27: shutdown FollowerState
2019-10-21 23:46:32,217 [grpc-default-executor-0] INFO  impl.RaftServerImpl (RaftServerImpl.java:setRole(184)) - c58a0a02-acd3-47c8-b3e9-5b8e0493de45@group-2FABE92B7E5B: changes role from  FOLLOWER to FOLLOWER at term 97 for recognizeCandidate:b88b3e43-5534-49b3-b3f2-a9f154b450de
2019-10-21 23:46:32,217 [Thread-833] INFO  impl.FollowerState (FollowerState.java:run(117)) - 1360619e-ba1e-4bf9-aec1-9f15b5480b27@group-2FABE92B7E5B-FollowerState was interrupted: java.lang.InterruptedException: sleep interrupted
2019-10-21 23:46:32,217 [grpc-default-executor-2] INFO  impl.RoleInfo (RoleInfo.java:updateAndGet(143)) - 1360619e-ba1e-4bf9-aec1-9f15b5480b27: start FollowerState
2019-10-21 23:46:32,217 [grpc-default-executor-0] INFO  impl.RoleInfo (RoleInfo.java:shutdownFollowerState(121)) - c58a0a02-acd3-47c8-b3e9-5b8e0493de45: shutdown FollowerState
2019-10-21 23:46:32,218 [grpc-default-executor-0] INFO  impl.RoleInfo (RoleInfo.java:updateAndGet(143)) - c58a0a02-acd3-47c8-b3e9-5b8e0493de45: start FollowerState
2019-10-21 23:46:32,218 [Thread-834] INFO  impl.FollowerState (FollowerState.java:run(117)) - c58a0a02-acd3-47c8-b3e9-5b8e0493de45@group-2FABE92B7E5B-FollowerState was interrupted: java.lang.InterruptedException: sleep interrupted
2019-10-21 23:46:32,232 [b88b3e43-5534-49b3-b3f2-a9f154b450de@group-2FABE92B7E5B-LeaderElection96] INFO  impl.LeaderElection (LeaderElection.java:logAndReturn(56)) - b88b3e43-5534-49b3-b3f2-a9f154b450de@group-2FABE92B7E5B-LeaderElection96: Election REJECTED; received 2 response(s) [b88b3e43-5534-49b3-b3f2-a9f154b450de<-c58a0a02-acd3-47c8-b3e9-5b8e0493de45#0:FAIL-t97, b88b3e43-5534-49b3-b3f2-a9f154b450de<-1360619e-ba1e-4bf9-aec1-9f15b5480b27#0:FAIL-t97] and 0 exception(s); b88b3e43-5534-49b3-b3f2-a9f154b450de@group-2FABE92B7E5B:t97, leader=null, voted=b88b3e43-5534-49b3-b3f2-a9f154b450de, raftlog=b88b3e43-5534-49b3-b3f2-a9f154b450de@group-2FABE92B7E5B-SegmentedRaftLog:OPENED:c-1,f-1,i0, conf=-1: [c58a0a02-acd3-47c8-b3e9-5b8e0493de45:192.168.157.254:33611, 1360619e-ba1e-4bf9-aec1-9f15b5480b27:192.168.157.254:45658, b88b3e43-5534-49b3-b3f2-a9f154b450de:192.168.157.254:46786], old=null
2019-10-21 23:46:32,232 [b88b3e43-5534-49b3-b3f2-a9f154b450de@group-2FABE92B7E5B-LeaderElection96] INFO  impl.RaftServerImpl (RaftServerImpl.java:setRole(184)) - b88b3e43-5534-49b3-b3f2-a9f154b450de@group-2FABE92B7E5B: changes role from CANDIDATE to FOLLOWER at term 97 for DISCOVERED_A_NEW_TERM
2019-10-21 23:46:32,232 [b88b3e43-5534-49b3-b3f2-a9f154b450de@group-2FABE92B7E5B-LeaderElection96] INFO  impl.RoleInfo (RoleInfo.java:shutdownLeaderElection(134)) - b88b3e43-5534-49b3-b3f2-a9f154b450de: shutdown LeaderElection
2019-10-21 23:46:32,233 [b88b3e43-5534-49b3-b3f2-a9f154b450de@group-2FABE92B7E5B-LeaderElection96] INFO  impl.RoleInfo (RoleInfo.java:updateAndGet(143)) - b88b3e43-5534-49b3-b3f2-a9f154b450de: start FollowerState
2019-10-21 23:46:32,248 [Thread-841] INFO  impl.FollowerState (FollowerState.java:run(108)) - b88b3e43-5534-49b3-b3f2-a9f154b450de@group-2FABE92B7E5B-FollowerState: change to CANDIDATE, lastRpcTime:15ms, electionTimeout:15ms
2019-10-21 23:46:32,248 [Thread-841] INFO  impl.RoleInfo (RoleInfo.java:shutdownFollowerState(121)) - b88b3e43-5534-49b3-b3f2-a9f154b450de: shutdown FollowerState
2019-10-21 23:46:32,248 [Thread-841] INFO  impl.RaftServerImpl (RaftServerImpl.java:setRole(184)) - b88b3e43-5534-49b3-b3f2-a9f154b450de@group-2FABE92B7E5B: changes role from  FOLLOWER to CANDIDATE at term 97 for changeToCandidate
2019-10-21 23:46:32,248 [Thread-841] INFO  impl.RoleInfo (RoleInfo.java:updateAndGet(143)) - b88b3e43-5534-49b3-b3f2-a9f154b450de: start LeaderElection
2019-10-21 23:46:32,263 [b88b3e43-5534-49b3-b3f2-a9f154b450de@group-2FABE92B7E5B-LeaderElection97] INFO  impl.LeaderElection (LeaderElection.java:askForVotes(178)) - b88b3e43-5534-49b3-b3f2-a9f154b450de@group-2FABE92B7E5B-LeaderElection97: begin an election at term 98 for -1: [c58a0a02-acd3-47c8-b3e9-5b8e0493de45:192.168.157.254:33611, 1360619e-ba1e-4bf9-aec1-9f15b5480b27:192.168.157.254:45658, b88b3e43-5534-49b3-b3f2-a9f154b450de:192.168.157.254:46786], old=null
2019-10-21 23:46:32,265 [grpc-default-executor-2] INFO  impl.RaftServerImpl (RaftServerImpl.java:setRole(184)) - 1360619e-ba1e-4bf9-aec1-9f15b5480b27@group-2FABE92B7E5B: changes role from  FOLLOWER to FOLLOWER at term 98 for recognizeCandidate:b88b3e43-5534-49b3-b3f2-a9f154b450de
2019-10-21 23:46:32,265 [grpc-default-executor-0] INFO  impl.RaftServerImpl (RaftServerImpl.java:setRole(184)) - c58a0a02-acd3-47c8-b3e9-5b8e0493de45@group-2FABE92B7E5B: changes role from  FOLLOWER to FOLLOWER at term 98 for recognizeCandidate:b88b3e43-5534-49b3-b3f2-a9f154b450de
2019-10-21 23:46:32,265 [grpc-default-executor-2] INFO  impl.RoleInfo (RoleInfo.java:shutdownFollowerState(121)) - 1360619e-ba1e-4bf9-aec1-9f15b5480b27: shutdown FollowerState
2019-10-21 23:46:32,265 [grpc-default-executor-0] INFO  impl.RoleInfo (RoleInfo.java:shutdownFollowerState(121)) - c58a0a02-acd3-47c8-b3e9-5b8e0493de45: shutdown FollowerState
2019-10-21 23:46:32,265 [grpc-default-executor-0] INFO  impl.RoleInfo (RoleInfo.java:updateAndGet(143)) - c58a0a02-acd3-47c8-b3e9-5b8e0493de45: start FollowerState
2019-10-21 23:46:32,265 [Thread-839] INFO  impl.FollowerState (FollowerState.java:run(117)) - 1360619e-ba1e-4bf9-aec1-9f15b5480b27@group-2FABE92B7E5B-FollowerState was interrupted: java.lang.InterruptedException: sleep interrupted
2019-10-21 23:46:32,265 [grpc-default-executor-2] INFO  impl.RoleInfo (RoleInfo.java:updateAndGet(143)) - 1360619e-ba1e-4bf9-aec1-9f15b5480b27: start FollowerState
2019-10-21 23:46:32,265 [Thread-840] INFO  impl.FollowerState (FollowerState.java:run(117)) - c58a0a02-acd3-47c8-b3e9-5b8e0493de45@group-2FABE92B7E5B-FollowerState was interrupted: java.lang.InterruptedException: sleep interrupted
2019-10-21 23:46:32,280 [b88b3e43-5534-49b3-b3f2-a9f154b450de@group-2FABE92B7E5B-LeaderElection97] INFO  impl.LeaderElection (LeaderElection.java:logAndReturn(56)) - b88b3e43-5534-49b3-b3f2-a9f154b450de@group-2FABE92B7E5B-LeaderElection97: Election REJECTED; received 2 response(s) [b88b3e43-5534-49b3-b3f2-a9f154b450de<-c58a0a02-acd3-47c8-b3e9-5b8e0493de45#0:FAIL-t98, b88b3e43-5534-49b3-b3f2-a9f154b450de<-1360619e-ba1e-4bf9-aec1-9f15b5480b27#0:FAIL-t98] and 0 exception(s); b88b3e43-5534-49b3-b3f2-a9f154b450de@group-2FABE92B7E5B:t98, leader=null, voted=b88b3e43-5534-49b3-b3f2-a9f154b450de, raftlog=b88b3e43-5534-49b3-b3f2-a9f154b450de@group-2FABE92B7E5B-SegmentedRaftLog:OPENED:c-1,f-1,i0, conf=-1: [c58a0a02-acd3-47c8-b3e9-5b8e0493de45:192.168.157.254:33611, 1360619e-ba1e-4bf9-aec1-9f15b5480b27:192.168.157.254:45658, b88b3e43-5534-49b3-b3f2-a9f154b450de:192.168.157.254:46786], old=null
2019-10-21 23:46:32,280 [b88b3e43-5534-49b3-b3f2-a9f154b450de@group-2FABE92B7E5B-LeaderElection97] INFO  impl.RaftServerImpl (RaftServerImpl.java:setRole(184)) - b88b3e43-5534-49b3-b3f2-a9f154b450de@group-2FABE92B7E5B: changes role from CANDIDATE to FOLLOWER at term 98 for DISCOVERED_A_NEW_TERM
2019-10-21 23:46:32,280 [b88b3e43-5534-49b3-b3f2-a9f154b450de@group-2FABE92B7E5B-LeaderElection97] INFO  impl.RoleInfo (RoleInfo.java:shutdownLeaderElection(134)) - b88b3e43-5534-49b3-b3f2-a9f154b450de: shutdown LeaderElection
2019-10-21 23:46:32,281 [b88b3e43-5534-49b3-b3f2-a9f154b450de@group-2FABE92B7E5B-LeaderElection97] INFO  impl.RoleInfo (RoleInfo.java:updateAndGet(143)) - b88b3e43-5534-49b3-b3f2-a9f154b450de: start FollowerState
2019-10-21 23:46:32,481 [Thread-847] INFO  impl.FollowerState (FollowerState.java:run(108)) - b88b3e43-5534-49b3-b3f2-a9f154b450de@group-2FABE92B7E5B-FollowerState: change to CANDIDATE, lastRpcTime:200ms, electionTimeout:200ms
2019-10-21 23:46:32,481 [Thread-847] INFO  impl.RoleInfo (RoleInfo.java:shutdownFollowerState(121)) - b88b3e43-5534-49b3-b3f2-a9f154b450de: shutdown FollowerState
2019-10-21 23:46:32,481 [Thread-847] INFO  impl.RaftServerImpl (RaftServerImpl.java:setRole(184)) - b88b3e43-5534-49b3-b3f2-a9f154b450de@group-2FABE92B7E5B: changes role from  FOLLOWER to CANDIDATE at term 98 for changeToCandidate
2019-10-21 23:46:32,482 [Thread-847] INFO  impl.RoleInfo (RoleInfo.java:updateAndGet(143)) - b88b3e43-5534-49b3-b3f2-a9f154b450de: start LeaderElection
2019-10-21 23:46:32,496 [b88b3e43-5534-49b3-b3f2-a9f154b450de@group-2FABE92B7E5B-LeaderElection98] INFO  impl.LeaderElection (LeaderElection.java:askForVotes(178)) - b88b3e43-5534-49b3-b3f2-a9f154b450de@group-2FABE92B7E5B-LeaderElection98: begin an election at term 99 for -1: [c58a0a02-acd3-47c8-b3e9-5b8e0493de45:192.168.157.254:33611, 1360619e-ba1e-4bf9-aec1-9f15b5480b27:192.168.157.254:45658, b88b3e43-5534-49b3-b3f2-a9f154b450de:192.168.157.254:46786], old=null
2019-10-21 23:46:32,499 [grpc-default-executor-2] INFO  impl.RaftServerImpl (RaftServerImpl.java:setRole(184)) - c58a0a02-acd3-47c8-b3e9-5b8e0493de45@group-2FABE92B7E5B: changes role from  FOLLOWER to FOLLOWER at term 99 for recognizeCandidate:b88b3e43-5534-49b3-b3f2-a9f154b450de
2019-10-21 23:46:32,499 [grpc-default-executor-2] INFO  impl.RoleInfo (RoleInfo.java:shutdownFollowerState(121)) - c58a0a02-acd3-47c8-b3e9-5b8e0493de45: shutdown FollowerState
2019-10-21 23:46:32,499 [grpc-default-executor-0] INFO  impl.RaftServerImpl (RaftServerImpl.java:setRole(184)) - 1360619e-ba1e-4bf9-aec1-9f15b5480b27@group-2FABE92B7E5B: changes role from  FOLLOWER to FOLLOWER at term 99 for recognizeCandidate:b88b3e43-5534-49b3-b3f2-a9f154b450de
2019-10-21 23:46:32,500 [grpc-default-executor-0] INFO  impl.RoleInfo (RoleInfo.java:shutdownFollowerState(121)) - 1360619e-ba1e-4bf9-aec1-9f15b5480b27: shutdown FollowerState
2019-10-21 23:46:32,499 [grpc-default-executor-2] INFO  impl.RoleInfo (RoleInfo.java:updateAndGet(143)) - c58a0a02-acd3-47c8-b3e9-5b8e0493de45: start FollowerState
2019-10-21 23:46:32,499 [Thread-846] INFO  impl.FollowerState (FollowerState.java:run(117)) - c58a0a02-acd3-47c8-b3e9-5b8e0493de45@group-2FABE92B7E5B-FollowerState was interrupted: java.lang.InterruptedException: sleep interrupted
2019-10-21 23:46:32,500 [grpc-default-executor-0] INFO  impl.RoleInfo (RoleInfo.java:updateAndGet(143)) - 1360619e-ba1e-4bf9-aec1-9f15b5480b27: start FollowerState
2019-10-21 23:46:32,500 [Thread-845] INFO  impl.FollowerState (FollowerState.java:run(117)) - 1360619e-ba1e-4bf9-aec1-9f15b5480b27@group-2FABE92B7E5B-FollowerState was interrupted: java.lang.InterruptedException: sleep interrupted
2019-10-21 23:46:32,508 [b88b3e43-5534-49b3-b3f2-a9f154b450de@group-2FABE92B7E5B-LeaderElection98] INFO  impl.LeaderElection (LeaderElection.java:logAndReturn(56)) - b88b3e43-5534-49b3-b3f2-a9f154b450de@group-2FABE92B7E5B-LeaderElection98: Election TIMEOUT; received 0 response(s) [] and 0 exception(s); b88b3e43-5534-49b3-b3f2-a9f154b450de@group-2FABE92B7E5B:t99, leader=null, voted=b88b3e43-5534-49b3-b3f2-a9f154b450de, raftlog=b88b3e43-5534-49b3-b3f2-a9f154b450de@group-2FABE92B7E5B-SegmentedRaftLog:OPENED:c-1,f-1,i0, conf=-1: [c58a0a02-acd3-47c8-b3e9-5b8e0493de45:192.168.157.254:33611, 1360619e-ba1e-4bf9-aec1-9f15b5480b27:192.168.157.254:45658, b88b3e43-5534-49b3-b3f2-a9f154b450de:192.168.157.254:46786], old=null
2019-10-21 23:46:32,513 [b88b3e43-5534-49b3-b3f2-a9f154b450de@group-2FABE92B7E5B-LeaderElection98] INFO  impl.LeaderElection (LeaderElection.java:askForVotes(178)) - b88b3e43-5534-49b3-b3f2-a9f154b450de@group-2FABE92B7E5B-LeaderElection98: begin an election at term 100 for -1: [c58a0a02-acd3-47c8-b3e9-5b8e0493de45:192.168.157.254:33611, 1360619e-ba1e-4bf9-aec1-9f15b5480b27:192.168.157.254:45658, b88b3e43-5534-49b3-b3f2-a9f154b450de:192.168.157.254:46786], old=null
2019-10-21 23:46:32,515 [grpc-default-executor-0] INFO  impl.RaftServerImpl (RaftServerImpl.java:setRole(184)) - 1360619e-ba1e-4bf9-aec1-9f15b5480b27@group-2FABE92B7E5B: changes role from  FOLLOWER to FOLLOWER at term 100 for recognizeCandidate:b88b3e43-5534-49b3-b3f2-a9f154b450de
2019-10-21 23:46:32,515 [grpc-default-executor-2] INFO  impl.RaftServerImpl (RaftServerImpl.java:setRole(184)) - c58a0a02-acd3-47c8-b3e9-5b8e0493de45@group-2FABE92B7E5B: changes role from  FOLLOWER to FOLLOWER at term 100 for recognizeCandidate:b88b3e43-5534-49b3-b3f2-a9f154b450de
2019-10-21 23:46:32,515 [grpc-default-executor-0] INFO  impl.RoleInfo (RoleInfo.java:shutdownFollowerState(121)) - 1360619e-ba1e-4bf9-aec1-9f15b5480b27: shutdown FollowerState
2019-10-21 23:46:32,515 [grpc-default-executor-2] INFO  impl.RoleInfo (RoleInfo.java:shutdownFollowerState(121)) - c58a0a02-acd3-47c8-b3e9-5b8e0493de45: shutdown FollowerState
2019-10-21 23:46:32,516 [Thread-852] INFO  impl.FollowerState (FollowerState.java:run(117)) - 1360619e-ba1e-4bf9-aec1-9f15b5480b27@group-2FABE92B7E5B-FollowerState was interrupted: java.lang.InterruptedException: sleep interrupted
2019-10-21 23:46:32,516 [grpc-default-executor-2] INFO  impl.RoleInfo (RoleInfo.java:updateAndGet(143)) - c58a0a02-acd3-47c8-b3e9-5b8e0493de45: start FollowerState
2019-10-21 23:46:32,516 [grpc-default-executor-0] INFO  impl.RoleInfo (RoleInfo.java:updateAndGet(143)) - 1360619e-ba1e-4bf9-aec1-9f15b5480b27: start FollowerState
2019-10-21 23:46:32,516 [Thread-851] INFO  impl.FollowerState (FollowerState.java:run(117)) - c58a0a02-acd3-47c8-b3e9-5b8e0493de45@group-2FABE92B7E5B-FollowerState was interrupted: java.lang.InterruptedException: sleep interrupted
2019-10-21 23:46:32,530 [b88b3e43-5534-49b3-b3f2-a9f154b450de@group-2FABE92B7E5B-LeaderElection98] INFO  impl.LeaderElection (LeaderElection.java:logAndReturn(56)) - b88b3e43-5534-49b3-b3f2-a9f154b450de@group-2FABE92B7E5B-LeaderElection98: Election REJECTED; received 2 response(s) [b88b3e43-5534-49b3-b3f2-a9f154b450de<-c58a0a02-acd3-47c8-b3e9-5b8e0493de45#0:FAIL-t100, b88b3e43-5534-49b3-b3f2-a9f154b450de<-1360619e-ba1e-4bf9-aec1-9f15b5480b27#0:FAIL-t100] and 0 exception(s); b88b3e43-5534-49b3-b3f2-a9f154b450de@group-2FABE92B7E5B:t100, leader=null, voted=b88b3e43-5534-49b3-b3f2-a9f154b450de, raftlog=b88b3e43-5534-49b3-b3f2-a9f154b450de@group-2FABE92B7E5B-SegmentedRaftLog:OPENED:c-1,f-1,i0, conf=-1: [c58a0a02-acd3-47c8-b3e9-5b8e0493de45:192.168.157.254:33611, 1360619e-ba1e-4bf9-aec1-9f15b5480b27:192.168.157.254:45658, b88b3e43-5534-49b3-b3f2-a9f154b450de:192.168.157.254:46786], old=null
2019-10-21 23:46:32,530 [b88b3e43-5534-49b3-b3f2-a9f154b450de@group-2FABE92B7E5B-LeaderElection98] INFO  impl.RaftServerImpl (RaftServerImpl.java:setRole(184)) - b88b3e43-5534-49b3-b3f2-a9f154b450de@group-2FABE92B7E5B: changes role from CANDIDATE to FOLLOWER at term 100 for DISCOVERED_A_NEW_TERM
2019-10-21 23:46:32,530 [b88b3e43-5534-49b3-b3f2-a9f154b450de@group-2FABE92B7E5B-LeaderElection98] INFO  impl.RoleInfo (RoleInfo.java:shutdownLeaderElection(134)) - b88b3e43-5534-49b3-b3f2-a9f154b450de: shutdown LeaderElection
2019-10-21 23:46:32,531 [b88b3e43-5534-49b3-b3f2-a9f154b450de@group-2FABE92B7E5B-LeaderElection98] INFO  impl.RoleInfo (RoleInfo.java:updateAndGet(143)) - b88b3e43-5534-49b3-b3f2-a9f154b450de: start FollowerState
2019-10-21 23:46:32,649 [Thread-857] INFO  impl.FollowerState (FollowerState.java:run(108)) - b88b3e43-5534-49b3-b3f2-a9f154b450de@group-2FABE92B7E5B-FollowerState: change to CANDIDATE, lastRpcTime:118ms, electionTimeout:118ms
2019-10-21 23:46:32,649 [Thread-857] INFO  impl.RoleInfo (RoleInfo.java:shutdownFollowerState(121)) - b88b3e43-5534-49b3-b3f2-a9f154b450de: shutdown FollowerState
2019-10-21 23:46:32,649 [Thread-857] INFO  impl.RaftServerImpl (RaftServerImpl.java:setRole(184)) - b88b3e43-5534-49b3-b3f2-a9f154b450de@group-2FABE92B7E5B: changes role from  FOLLOWER to CANDIDATE at term 100 for changeToCandidate
2019-10-21 23:46:32,650 [Thread-857] INFO  impl.RoleInfo (RoleInfo.java:updateAndGet(143)) - b88b3e43-5534-49b3-b3f2-a9f154b450de: start LeaderElection
2019-10-21 23:46:32,663 [b88b3e43-5534-49b3-b3f2-a9f154b450de@group-2FABE92B7E5B-LeaderElection99] INFO  impl.LeaderElection (LeaderElection.java:askForVotes(178)) - b88b3e43-5534-49b3-b3f2-a9f154b450de@group-2FABE92B7E5B-LeaderElection99: begin an election at term 101 for -1: [c58a0a02-acd3-47c8-b3e9-5b8e0493de45:192.168.157.254:33611, 1360619e-ba1e-4bf9-aec1-9f15b5480b27:192.168.157.254:45658, b88b3e43-5534-49b3-b3f2-a9f154b450de:192.168.157.254:46786], old=null
2019-10-21 23:46:32,666 [grpc-default-executor-2] INFO  impl.RaftServerImpl (RaftServerImpl.java:setRole(184)) - c58a0a02-acd3-47c8-b3e9-5b8e0493de45@group-2FABE92B7E5B: changes role from  FOLLOWER to FOLLOWER at term 101 for recognizeCandidate:b88b3e43-5534-49b3-b3f2-a9f154b450de
2019-10-21 23:46:32,666 [grpc-default-executor-0] INFO  impl.RaftServerImpl (RaftServerImpl.java:setRole(184)) - 1360619e-ba1e-4bf9-aec1-9f15b5480b27@group-2FABE92B7E5B: changes role from  FOLLOWER to FOLLOWER at term 101 for recognizeCandidate:b88b3e43-5534-49b3-b3f2-a9f154b450de
2019-10-21 23:46:32,667 [grpc-default-executor-0] INFO  impl.RoleInfo (RoleInfo.java:shutdownFollowerState(121)) - 1360619e-ba1e-4bf9-aec1-9f15b5480b27: shutdown FollowerState
2019-10-21 23:46:32,667 [grpc-default-executor-2] INFO  impl.RoleInfo (RoleInfo.java:shutdownFollowerState(121)) - c58a0a02-acd3-47c8-b3e9-5b8e0493de45: shutdown FollowerState
2019-10-21 23:46:32,667 [Thread-855] INFO  impl.FollowerState (FollowerState.java:run(117)) - 1360619e-ba1e-4bf9-aec1-9f15b5480b27@group-2FABE92B7E5B-FollowerState was interrupted: java.lang.InterruptedException: sleep interrupted
2019-10-21 23:46:32,667 [grpc-default-executor-0] INFO  impl.RoleInfo (RoleInfo.java:updateAndGet(143)) - 1360619e-ba1e-4bf9-aec1-9f15b5480b27: start FollowerState
2019-10-21 23:46:32,667 [Thread-856] INFO  impl.FollowerState (FollowerState.java:run(117)) - c58a0a02-acd3-47c8-b3e9-5b8e0493de45@group-2FABE92B7E5B-FollowerState was interrupted: java.lang.InterruptedException: sleep interrupted
2019-10-21 23:46:32,667 [grpc-default-executor-2] INFO  impl.RoleInfo (RoleInfo.java:updateAndGet(143)) - c58a0a02-acd3-47c8-b3e9-5b8e0493de45: start FollowerState
2019-10-21 23:46:32,682 [b88b3e43-5534-49b3-b3f2-a9f154b450de@group-2FABE92B7E5B-LeaderElection99] INFO  impl.LeaderElection (LeaderElection.java:logAndReturn(56)) - b88b3e43-5534-49b3-b3f2-a9f154b450de@group-2FABE92B7E5B-LeaderElection99: Election REJECTED; received 2 response(s) [b88b3e43-5534-49b3-b3f2-a9f154b450de<-c58a0a02-acd3-47c8-b3e9-5b8e0493de45#0:FAIL-t101, b88b3e43-5534-49b3-b3f2-a9f154b450de<-1360619e-ba1e-4bf9-aec1-9f15b5480b27#0:FAIL-t101] and 0 exception(s); b88b3e43-5534-49b3-b3f2-a9f154b450de@group-2FABE92B7E5B:t101, leader=null, voted=b88b3e43-5534-49b3-b3f2-a9f154b450de, raftlog=b88b3e43-5534-49b3-b3f2-a9f154b450de@group-2FABE92B7E5B-SegmentedRaftLog:OPENED:c-1,f-1,i0, conf=-1: [c58a0a02-acd3-47c8-b3e9-5b8e0493de45:192.168.157.254:33611, 1360619e-ba1e-4bf9-aec1-9f15b5480b27:192.168.157.254:45658, b88b3e43-5534-49b3-b3f2-a9f154b450de:192.168.157.254:46786], old=null
2019-10-21 23:46:32,682 [b88b3e43-5534-49b3-b3f2-a9f154b450de@group-2FABE92B7E5B-LeaderElection99] INFO  impl.RaftServerImpl (RaftServerImpl.java:setRole(184)) - b88b3e43-5534-49b3-b3f2-a9f154b450de@group-2FABE92B7E5B: changes role from CANDIDATE to FOLLOWER at term 101 for DISCOVERED_A_NEW_TERM
2019-10-21 23:46:32,682 [b88b3e43-5534-49b3-b3f2-a9f154b450de@group-2FABE92B7E5B-LeaderElection99] INFO  impl.RoleInfo (RoleInfo.java:shutdownLeaderElection(134)) - b88b3e43-5534-49b3-b3f2-a9f154b450de: shutdown LeaderElection
2019-10-21 23:46:32,682 [b88b3e43-5534-49b3-b3f2-a9f154b450de@group-2FABE92B7E5B-LeaderElection99] INFO  impl.RoleInfo (RoleInfo.java:updateAndGet(143)) - b88b3e43-5534-49b3-b3f2-a9f154b450de: start FollowerState
2019-10-21 23:46:32,805 [Thread-863] INFO  impl.FollowerState (FollowerState.java:run(108)) - b88b3e43-5534-49b3-b3f2-a9f154b450de@group-2FABE92B7E5B-FollowerState: change to CANDIDATE, lastRpcTime:122ms, electionTimeout:122ms
2019-10-21 23:46:32,805 [Thread-863] INFO  impl.RoleInfo (RoleInfo.java:shutdownFollowerState(121)) - b88b3e43-5534-49b3-b3f2-a9f154b450de: shutdown FollowerState
2019-10-21 23:46:32,805 [Thread-863] INFO  impl.RaftServerImpl (RaftServerImpl.java:setRole(184)) - b88b3e43-5534-49b3-b3f2-a9f154b450de@group-2FABE92B7E5B: changes role from  FOLLOWER to CANDIDATE at term 101 for changeToCandidate
2019-10-21 23:46:32,805 [Thread-863] INFO  impl.RoleInfo (RoleInfo.java:updateAndGet(143)) - b88b3e43-5534-49b3-b3f2-a9f154b450de: start LeaderElection
2019-10-21 23:46:32,820 [b88b3e43-5534-49b3-b3f2-a9f154b450de@group-2FABE92B7E5B-LeaderElection100] INFO  impl.LeaderElection (LeaderElection.java:askForVotes(178)) - b88b3e43-5534-49b3-b3f2-a9f154b450de@group-2FABE92B7E5B-LeaderElection100: begin an election at term 102 for -1: [c58a0a02-acd3-47c8-b3e9-5b8e0493de45:192.168.157.254:33611, 1360619e-ba1e-4bf9-aec1-9f15b5480b27:192.168.157.254:45658, b88b3e43-5534-49b3-b3f2-a9f154b450de:192.168.157.254:46786], old=null
2019-10-21 23:46:32,822 [grpc-default-executor-0] INFO  impl.RaftServerImpl (RaftServerImpl.java:setRole(184)) - c58a0a02-acd3-47c8-b3e9-5b8e0493de45@group-2FABE92B7E5B: changes role from  FOLLOWER to FOLLOWER at term 102 for recognizeCandidate:b88b3e43-5534-49b3-b3f2-a9f154b450de
2019-10-21 23:46:32,822 [grpc-default-executor-0] INFO  impl.RoleInfo (RoleInfo.java:shutdownFollowerState(121)) - c58a0a02-acd3-47c8-b3e9-5b8e0493de45: shutdown FollowerState
2019-10-21 23:46:32,822 [grpc-default-executor-0] INFO  impl.RoleInfo (RoleInfo.java:updateAndGet(143)) - c58a0a02-acd3-47c8-b3e9-5b8e0493de45: start FollowerState
2019-10-21 23:46:32,822 [Thread-862] INFO  impl.FollowerState (FollowerState.java:run(117)) - c58a0a02-acd3-47c8-b3e9-5b8e0493de45@group-2FABE92B7E5B-FollowerState was interrupted: java.lang.InterruptedException: sleep interrupted
2019-10-21 23:46:32,823 [grpc-default-executor-2] INFO  impl.RaftServerImpl (RaftServerImpl.java:setRole(184)) - 1360619e-ba1e-4bf9-aec1-9f15b5480b27@group-2FABE92B7E5B: changes role from  FOLLOWER to FOLLOWER at term 102 for recognizeCandidate:b88b3e43-5534-49b3-b3f2-a9f154b450de
2019-10-21 23:46:32,823 [grpc-default-executor-2] INFO  impl.RoleInfo (RoleInfo.java:shutdownFollowerState(121)) - 1360619e-ba1e-4bf9-aec1-9f15b5480b27: shutdown FollowerState
2019-10-21 23:46:32,823 [grpc-default-executor-2] INFO  impl.RoleInfo (RoleInfo.java:updateAndGet(143)) - 1360619e-ba1e-4bf9-aec1-9f15b5480b27: start FollowerState
2019-10-21 23:46:32,823 [Thread-861] INFO  impl.FollowerState (FollowerState.java:run(117)) - 1360619e-ba1e-4bf9-aec1-9f15b5480b27@group-2FABE92B7E5B-FollowerState was interrupted: java.lang.InterruptedException: sleep interrupted
2019-10-21 23:46:32,838 [b88b3e43-5534-49b3-b3f2-a9f154b450de@group-2FABE92B7E5B-LeaderElection100] INFO  impl.LeaderElection (LeaderElection.java:logAndReturn(56)) - b88b3e43-5534-49b3-b3f2-a9f154b450de@group-2FABE92B7E5B-LeaderElection100: Election REJECTED; received 2 response(s) [b88b3e43-5534-49b3-b3f2-a9f154b450de<-c58a0a02-acd3-47c8-b3e9-5b8e0493de45#0:FAIL-t102, b88b3e43-5534-49b3-b3f2-a9f154b450de<-1360619e-ba1e-4bf9-aec1-9f15b5480b27#0:FAIL-t102] and 0 exception(s); b88b3e43-5534-49b3-b3f2-a9f154b450de@group-2FABE92B7E5B:t102, leader=null, voted=b88b3e43-5534-49b3-b3f2-a9f154b450de, raftlog=b88b3e43-5534-49b3-b3f2-a9f154b450de@group-2FABE92B7E5B-SegmentedRaftLog:OPENED:c-1,f-1,i0, conf=-1: [c58a0a02-acd3-47c8-b3e9-5b8e0493de45:192.168.157.254:33611, 1360619e-ba1e-4bf9-aec1-9f15b5480b27:192.168.157.254:45658, b88b3e43-5534-49b3-b3f2-a9f154b450de:192.168.157.254:46786], old=null
2019-10-21 23:46:32,838 [b88b3e43-5534-49b3-b3f2-a9f154b450de@group-2FABE92B7E5B-LeaderElection100] INFO  impl.RaftServerImpl (RaftServerImpl.java:setRole(184)) - b88b3e43-5534-49b3-b3f2-a9f154b450de@group-2FABE92B7E5B: changes role from CANDIDATE to FOLLOWER at term 102 for DISCOVERED_A_NEW_TERM
2019-10-21 23:46:32,838 [b88b3e43-5534-49b3-b3f2-a9f154b450de@group-2FABE92B7E5B-LeaderElection100] INFO  impl.RoleInfo (RoleInfo.java:shutdownLeaderElection(134)) - b88b3e43-5534-49b3-b3f2-a9f154b450de: shutdown LeaderElection
2019-10-21 23:46:32,839 [b88b3e43-5534-49b3-b3f2-a9f154b450de@group-2FABE92B7E5B-LeaderElection100] INFO  impl.RoleInfo (RoleInfo.java:updateAndGet(143)) - b88b3e43-5534-49b3-b3f2-a9f154b450de: start FollowerState
2019-10-21 23:46:32,925 [Thread-871] INFO  impl.FollowerState (FollowerState.java:run(108)) - b88b3e43-5534-49b3-b3f2-a9f154b450de@group-2FABE92B7E5B-FollowerState: change to CANDIDATE, lastRpcTime:86ms, electionTimeout:86ms
2019-10-21 23:46:32,925 [Thread-871] INFO  impl.RoleInfo (RoleInfo.java:shutdownFollowerState(121)) - b88b3e43-5534-49b3-b3f2-a9f154b450de: shutdown FollowerState
2019-10-21 23:46:32,926 [Thread-871] INFO  impl.RaftServerImpl (RaftServerImpl.java:setRole(184)) - b88b3e43-5534-49b3-b3f2-a9f154b450de@group-2FABE92B7E5B: changes role from  FOLLOWER to CANDIDATE at term 102 for changeToCandidate
2019-10-21 23:46:32,926 [Thread-871] INFO  impl.RoleInfo (RoleInfo.java:updateAndGet(143)) - b88b3e43-5534-49b3-b3f2-a9f154b450de: start LeaderElection
2019-10-21 23:46:32,940 [b88b3e43-5534-49b3-b3f2-a9f154b450de@group-2FABE92B7E5B-LeaderElection101] INFO  impl.LeaderElection (LeaderElection.java:askForVotes(178)) - b88b3e43-5534-49b3-b3f2-a9f154b450de@group-2FABE92B7E5B-LeaderElection101: begin an election at term 103 for -1: [c58a0a02-acd3-47c8-b3e9-5b8e0493de45:192.168.157.254:33611, 1360619e-ba1e-4bf9-aec1-9f15b5480b27:192.168.157.254:45658, b88b3e43-5534-49b3-b3f2-a9f154b450de:192.168.157.254:46786], old=null
2019-10-21 23:46:32,943 [grpc-default-executor-0] INFO  impl.RaftServerImpl (RaftServerImpl.java:setRole(184)) - c58a0a02-acd3-47c8-b3e9-5b8e0493de45@group-2FABE92B7E5B: changes role from  FOLLOWER to FOLLOWER at term 103 for recognizeCandidate:b88b3e43-5534-49b3-b3f2-a9f154b450de
2019-10-21 23:46:32,943 [grpc-default-executor-2] INFO  impl.RaftServerImpl (RaftServerImpl.java:setRole(184)) - 1360619e-ba1e-4bf9-aec1-9f15b5480b27@group-2FABE92B7E5B: changes role from  FOLLOWER to FOLLOWER at term 103 for recognizeCandidate:b88b3e43-5534-49b3-b3f2-a9f154b450de
2019-10-21 23:46:32,943 [grpc-default-executor-2] INFO  impl.RoleInfo (RoleInfo.java:shutdownFollowerState(121)) - 1360619e-ba1e-4bf9-aec1-9f15b5480b27: shutdown FollowerState
2019-10-21 23:46:32,943 [grpc-default-executor-0] INFO  impl.RoleInfo (RoleInfo.java:shutdownFollowerState(121)) - c58a0a02-acd3-47c8-b3e9-5b8e0493de45: shutdown FollowerState
2019-10-21 23:46:32,943 [Thread-870] INFO  impl.FollowerState (FollowerState.java:run(117)) - 1360619e-ba1e-4bf9-aec1-9f15b5480b27@group-2FABE92B7E5B-FollowerState was interrupted: java.lang.InterruptedException: sleep interrupted
2019-10-21 23:46:32,943 [grpc-default-executor-2] INFO  impl.RoleInfo (RoleInfo.java:updateAndGet(143)) - 1360619e-ba1e-4bf9-aec1-9f15b5480b27: start FollowerState
2019-10-21 23:46:32,943 [Thread-869] INFO  impl.FollowerState (FollowerState.java:run(117)) - c58a0a02-acd3-47c8-b3e9-5b8e0493de45@group-2FABE92B7E5B-FollowerState was interrupted: java.lang.InterruptedException: sleep interrupted
2019-10-21 23:46:32,943 [grpc-default-executor-0] INFO  impl.RoleInfo (RoleInfo.java:updateAndGet(143)) - c58a0a02-acd3-47c8-b3e9-5b8e0493de45: start FollowerState
2019-10-21 23:46:32,961 [b88b3e43-5534-49b3-b3f2-a9f154b450de@group-2FABE92B7E5B-LeaderElection101] INFO  impl.LeaderElection (LeaderElection.java:logAndReturn(56)) - b88b3e43-5534-49b3-b3f2-a9f154b450de@group-2FABE92B7E5B-LeaderElection101: Election REJECTED; received 2 response(s) [b88b3e43-5534-49b3-b3f2-a9f154b450de<-c58a0a02-acd3-47c8-b3e9-5b8e0493de45#0:FAIL-t103, b88b3e43-5534-49b3-b3f2-a9f154b450de<-1360619e-ba1e-4bf9-aec1-9f15b5480b27#0:FAIL-t103] and 0 exception(s); b88b3e43-5534-49b3-b3f2-a9f154b450de@group-2FABE92B7E5B:t103, leader=null, voted=b88b3e43-5534-49b3-b3f2-a9f154b450de, raftlog=b88b3e43-5534-49b3-b3f2-a9f154b450de@group-2FABE92B7E5B-SegmentedRaftLog:OPENED:c-1,f-1,i0, conf=-1: [c58a0a02-acd3-47c8-b3e9-5b8e0493de45:192.168.157.254:33611, 1360619e-ba1e-4bf9-aec1-9f15b5480b27:192.168.157.254:45658, b88b3e43-5534-49b3-b3f2-a9f154b450de:192.168.157.254:46786], old=null
2019-10-21 23:46:32,961 [b88b3e43-5534-49b3-b3f2-a9f154b450de@group-2FABE92B7E5B-LeaderElection101] INFO  impl.RaftServerImpl (RaftServerImpl.java:setRole(184)) - b88b3e43-5534-49b3-b3f2-a9f154b450de@group-2FABE92B7E5B: changes role from CANDIDATE to FOLLOWER at term 103 for DISCOVERED_A_NEW_TERM
2019-10-21 23:46:32,961 [b88b3e43-5534-49b3-b3f2-a9f154b450de@group-2FABE92B7E5B-LeaderElection101] INFO  impl.RoleInfo (RoleInfo.java:shutdownLeaderElection(134)) - b88b3e43-5534-49b3-b3f2-a9f154b450de: shutdown LeaderElection
2019-10-21 23:46:32,961 [b88b3e43-5534-49b3-b3f2-a9f154b450de@group-2FABE92B7E5B-LeaderElection101] INFO  impl.RoleInfo (RoleInfo.java:updateAndGet(143)) - b88b3e43-5534-49b3-b3f2-a9f154b450de: start FollowerState
2019-10-21 23:46:33,021 [Thread-877] INFO  impl.FollowerState (FollowerState.java:run(108)) - b88b3e43-5534-49b3-b3f2-a9f154b450de@group-2FABE92B7E5B-FollowerState: change to CANDIDATE, lastRpcTime:59ms, electionTimeout:59ms
2019-10-21 23:46:33,021 [Thread-877] INFO  impl.RoleInfo (RoleInfo.java:shutdownFollowerState(121)) - b88b3e43-5534-49b3-b3f2-a9f154b450de: shutdown FollowerState
2019-10-21 23:46:33,021 [Thread-877] INFO  impl.RaftServerImpl (RaftServerImpl.java:setRole(184)) - b88b3e43-5534-49b3-b3f2-a9f154b450de@group-2FABE92B7E5B: changes role from  FOLLOWER to CANDIDATE at term 103 for changeToCandidate
2019-10-21 23:46:33,021 [Thread-877] INFO  impl.RoleInfo (RoleInfo.java:updateAndGet(143)) - b88b3e43-5534-49b3-b3f2-a9f154b450de: start LeaderElection
2019-10-21 23:46:33,035 [b88b3e43-5534-49b3-b3f2-a9f154b450de@group-2FABE92B7E5B-LeaderElection102] INFO  impl.LeaderElection (LeaderElection.java:askForVotes(178)) - b88b3e43-5534-49b3-b3f2-a9f154b450de@group-2FABE92B7E5B-LeaderElection102: begin an election at term 104 for -1: [c58a0a02-acd3-47c8-b3e9-5b8e0493de45:192.168.157.254:33611, 1360619e-ba1e-4bf9-aec1-9f15b5480b27:192.168.157.254:45658, b88b3e43-5534-49b3-b3f2-a9f154b450de:192.168.157.254:46786], old=null
2019-10-21 23:46:33,038 [grpc-default-executor-0] INFO  impl.RaftServerImpl (RaftServerImpl.java:setRole(184)) - 1360619e-ba1e-4bf9-aec1-9f15b5480b27@group-2FABE92B7E5B: changes role from  FOLLOWER to FOLLOWER at term 104 for recognizeCandidate:b88b3e43-5534-49b3-b3f2-a9f154b450de
2019-10-21 23:46:33,038 [grpc-default-executor-0] INFO  impl.RoleInfo (RoleInfo.java:shutdownFollowerState(121)) - 1360619e-ba1e-4bf9-aec1-9f15b5480b27: shutdown FollowerState
2019-10-21 23:46:33,038 [grpc-default-executor-2] INFO  impl.RaftServerImpl (RaftServerImpl.java:setRole(184)) - c58a0a02-acd3-47c8-b3e9-5b8e0493de45@group-2FABE92B7E5B: changes role from  FOLLOWER to FOLLOWER at term 104 for recognizeCandidate:b88b3e43-5534-49b3-b3f2-a9f154b450de
2019-10-21 23:46:33,039 [Thread-875] INFO  impl.FollowerState (FollowerState.java:run(117)) - 1360619e-ba1e-4bf9-aec1-9f15b5480b27@group-2FABE92B7E5B-FollowerState was interrupted: java.lang.InterruptedException: sleep interrupted
2019-10-21 23:46:33,039 [grpc-default-executor-0] INFO  impl.RoleInfo (RoleInfo.java:updateAndGet(143)) - 1360619e-ba1e-4bf9-aec1-9f15b5480b27: start FollowerState
2019-10-21 23:46:33,039 [grpc-default-executor-2] INFO  impl.RoleInfo (RoleInfo.java:shutdownFollowerState(121)) - c58a0a02-acd3-47c8-b3e9-5b8e0493de45: shutdown FollowerState
2019-10-21 23:46:33,039 [grpc-default-executor-2] INFO  impl.RoleInfo (RoleInfo.java:updateAndGet(143)) - c58a0a02-acd3-47c8-b3e9-5b8e0493de45: start FollowerState
2019-10-21 23:46:33,039 [Thread-876] INFO  impl.FollowerState (FollowerState.java:run(117)) - c58a0a02-acd3-47c8-b3e9-5b8e0493de45@group-2FABE92B7E5B-FollowerState was interrupted: java.lang.InterruptedException: sleep interrupted
2019-10-21 23:46:33,054 [b88b3e43-5534-49b3-b3f2-a9f154b450de@group-2FABE92B7E5B-LeaderElection102] INFO  impl.LeaderElection (LeaderElection.java:logAndReturn(56)) - b88b3e43-5534-49b3-b3f2-a9f154b450de@group-2FABE92B7E5B-LeaderElection102: Election REJECTED; received 2 response(s) [b88b3e43-5534-49b3-b3f2-a9f154b450de<-c58a0a02-acd3-47c8-b3e9-5b8e0493de45#0:FAIL-t104, b88b3e43-5534-49b3-b3f2-a9f154b450de<-1360619e-ba1e-4bf9-aec1-9f15b5480b27#0:FAIL-t104] and 0 exception(s); b88b3e43-5534-49b3-b3f2-a9f154b450de@group-2FABE92B7E5B:t104, leader=null, voted=b88b3e43-5534-49b3-b3f2-a9f154b450de, raftlog=b88b3e43-5534-49b3-b3f2-a9f154b450de@group-2FABE92B7E5B-SegmentedRaftLog:OPENED:c-1,f-1,i0, conf=-1: [c58a0a02-acd3-47c8-b3e9-5b8e0493de45:192.168.157.254:33611, 1360619e-ba1e-4bf9-aec1-9f15b5480b27:192.168.157.254:45658, b88b3e43-5534-49b3-b3f2-a9f154b450de:192.168.157.254:46786], old=null
2019-10-21 23:46:33,054 [b88b3e43-5534-49b3-b3f2-a9f154b450de@group-2FABE92B7E5B-LeaderElection102] INFO  impl.RaftServerImpl (RaftServerImpl.java:setRole(184)) - b88b3e43-5534-49b3-b3f2-a9f154b450de@group-2FABE92B7E5B: changes role from CANDIDATE to FOLLOWER at term 104 for DISCOVERED_A_NEW_TERM
2019-10-21 23:46:33,055 [b88b3e43-5534-49b3-b3f2-a9f154b450de@group-2FABE92B7E5B-LeaderElection102] INFO  impl.RoleInfo (RoleInfo.java:shutdownLeaderElection(134)) - b88b3e43-5534-49b3-b3f2-a9f154b450de: shutdown LeaderElection
2019-10-21 23:46:33,055 [b88b3e43-5534-49b3-b3f2-a9f154b450de@group-2FABE92B7E5B-LeaderElection102] INFO  impl.RoleInfo (RoleInfo.java:updateAndGet(143)) - b88b3e43-5534-49b3-b3f2-a9f154b450de: start FollowerState
2019-10-21 23:46:33,207 [Thread-883] INFO  impl.FollowerState (FollowerState.java:run(108)) - b88b3e43-5534-49b3-b3f2-a9f154b450de@group-2FABE92B7E5B-FollowerState: change to CANDIDATE, lastRpcTime:152ms, electionTimeout:152ms
2019-10-21 23:46:33,207 [Thread-883] INFO  impl.RoleInfo (RoleInfo.java:shutdownFollowerState(121)) - b88b3e43-5534-49b3-b3f2-a9f154b450de: shutdown FollowerState
2019-10-21 23:46:33,208 [Thread-883] INFO  impl.RaftServerImpl (RaftServerImpl.java:setRole(184)) - b88b3e43-5534-49b3-b3f2-a9f154b450de@group-2FABE92B7E5B: changes role from  FOLLOWER to CANDIDATE at term 104 for changeToCandidate
2019-10-21 23:46:33,208 [Thread-883] INFO  impl.RoleInfo (RoleInfo.java:updateAndGet(143)) - b88b3e43-5534-49b3-b3f2-a9f154b450de: start LeaderElection
2019-10-21 23:46:33,221 [b88b3e43-5534-49b3-b3f2-a9f154b450de@group-2FABE92B7E5B-LeaderElection103] INFO  impl.LeaderElection (LeaderElection.java:askForVotes(178)) - b88b3e43-5534-49b3-b3f2-a9f154b450de@group-2FABE92B7E5B-LeaderElection103: begin an election at term 105 for -1: [c58a0a02-acd3-47c8-b3e9-5b8e0493de45:192.168.157.254:33611, 1360619e-ba1e-4bf9-aec1-9f15b5480b27:192.168.157.254:45658, b88b3e43-5534-49b3-b3f2-a9f154b450de:192.168.157.254:46786], old=null
2019-10-21 23:46:33,224 [grpc-default-executor-2] INFO  impl.RaftServerImpl (RaftServerImpl.java:setRole(184)) - c58a0a02-acd3-47c8-b3e9-5b8e0493de45@group-2FABE92B7E5B: changes role from  FOLLOWER to FOLLOWER at term 105 for recognizeCandidate:b88b3e43-5534-49b3-b3f2-a9f154b450de
2019-10-21 23:46:33,224 [grpc-default-executor-0] INFO  impl.RaftServerImpl (RaftServerImpl.java:setRole(184)) - 1360619e-ba1e-4bf9-aec1-9f15b5480b27@group-2FABE92B7E5B: changes role from  FOLLOWER to FOLLOWER at term 105 for recognizeCandidate:b88b3e43-5534-49b3-b3f2-a9f154b450de
2019-10-21 23:46:33,225 [grpc-default-executor-2] INFO  impl.RoleInfo (RoleInfo.java:shutdownFollowerState(121)) - c58a0a02-acd3-47c8-b3e9-5b8e0493de45: shutdown FollowerState
2019-10-21 23:46:33,225 [grpc-default-executor-0] INFO  impl.RoleInfo (RoleInfo.java:shutdownFollowerState(121)) - 1360619e-ba1e-4bf9-aec1-9f15b5480b27: shutdown FollowerState
2019-10-21 23:46:33,225 [Thread-882] INFO  impl.FollowerState (FollowerState.java:run(117)) - c58a0a02-acd3-47c8-b3e9-5b8e0493de45@group-2FABE92B7E5B-FollowerState was interrupted: java.lang.InterruptedException: sleep interrupted
2019-10-21 23:46:33,225 [grpc-default-executor-2] INFO  impl.RoleInfo (RoleInfo.java:updateAndGet(143)) - c58a0a02-acd3-47c8-b3e9-5b8e0493de45: start FollowerState
2019-10-21 23:46:33,225 [Thread-881] INFO  impl.FollowerState (FollowerState.java:run(117)) - 1360619e-ba1e-4bf9-aec1-9f15b5480b27@group-2FABE92B7E5B-FollowerState was interrupted: java.lang.InterruptedException: sleep interrupted
2019-10-21 23:46:33,225 [grpc-default-executor-0] INFO  impl.RoleInfo (RoleInfo.java:updateAndGet(143)) - 1360619e-ba1e-4bf9-aec1-9f15b5480b27: start FollowerState
2019-10-21 23:46:33,240 [b88b3e43-5534-49b3-b3f2-a9f154b450de@group-2FABE92B7E5B-LeaderElection103] INFO  impl.LeaderElection (LeaderElection.java:logAndReturn(56)) - b88b3e43-5534-49b3-b3f2-a9f154b450de@group-2FABE92B7E5B-LeaderElection103: Election REJECTED; received 2 response(s) [b88b3e43-5534-49b3-b3f2-a9f154b450de<-c58a0a02-acd3-47c8-b3e9-5b8e0493de45#0:FAIL-t105, b88b3e43-5534-49b3-b3f2-a9f154b450de<-1360619e-ba1e-4bf9-aec1-9f15b5480b27#0:FAIL-t105] and 0 exception(s); b88b3e43-5534-49b3-b3f2-a9f154b450de@group-2FABE92B7E5B:t105, leader=null, voted=b88b3e43-5534-49b3-b3f2-a9f154b450de, raftlog=b88b3e43-5534-49b3-b3f2-a9f154b450de@group-2FABE92B7E5B-SegmentedRaftLog:OPENED:c-1,f-1,i0, conf=-1: [c58a0a02-acd3-47c8-b3e9-5b8e0493de45:192.168.157.254:33611, 1360619e-ba1e-4bf9-aec1-9f15b5480b27:192.168.157.254:45658, b88b3e43-5534-49b3-b3f2-a9f154b450de:192.168.157.254:46786], old=null
2019-10-21 23:46:33,240 [b88b3e43-5534-49b3-b3f2-a9f154b450de@group-2FABE92B7E5B-LeaderElection103] INFO  impl.RaftServerImpl (RaftServerImpl.java:setRole(184)) - b88b3e43-5534-49b3-b3f2-a9f154b450de@group-2FABE92B7E5B: changes role from CANDIDATE to FOLLOWER at term 105 for DISCOVERED_A_NEW_TERM
2019-10-21 23:46:33,240 [b88b3e43-5534-49b3-b3f2-a9f154b450de@group-2FABE92B7E5B-LeaderElection103] INFO  impl.RoleInfo (RoleInfo.java:shutdownLeaderElection(134)) - b88b3e43-5534-49b3-b3f2-a9f154b450de: shutdown LeaderElection
2019-10-21 23:46:33,240 [b88b3e43-5534-49b3-b3f2-a9f154b450de@group-2FABE92B7E5B-LeaderElection103] INFO  impl.RoleInfo (RoleInfo.java:updateAndGet(143)) - b88b3e43-5534-49b3-b3f2-a9f154b450de: start FollowerState
2019-10-21 23:46:33,318 [Thread-889] INFO  impl.FollowerState (FollowerState.java:run(108)) - b88b3e43-5534-49b3-b3f2-a9f154b450de@group-2FABE92B7E5B-FollowerState: change to CANDIDATE, lastRpcTime:77ms, electionTimeout:77ms
2019-10-21 23:46:33,318 [Thread-889] INFO  impl.RoleInfo (RoleInfo.java:shutdownFollowerState(121)) - b88b3e43-5534-49b3-b3f2-a9f154b450de: shutdown FollowerState
2019-10-21 23:46:33,318 [Thread-889] INFO  impl.RaftServerImpl (RaftServerImpl.java:setRole(184)) - b88b3e43-5534-49b3-b3f2-a9f154b450de@group-2FABE92B7E5B: changes role from  FOLLOWER to CANDIDATE at term 105 for changeToCandidate
2019-10-21 23:46:33,318 [Thread-889] INFO  impl.RoleInfo (RoleInfo.java:updateAndGet(143)) - b88b3e43-5534-49b3-b3f2-a9f154b450de: start LeaderElection
2019-10-21 23:46:33,332 [b88b3e43-5534-49b3-b3f2-a9f154b450de@group-2FABE92B7E5B-LeaderElection104] INFO  impl.LeaderElection (LeaderElection.java:askForVotes(178)) - b88b3e43-5534-49b3-b3f2-a9f154b450de@group-2FABE92B7E5B-LeaderElection104: begin an election at term 106 for -1: [c58a0a02-acd3-47c8-b3e9-5b8e0493de45:192.168.157.254:33611, 1360619e-ba1e-4bf9-aec1-9f15b5480b27:192.168.157.254:45658, b88b3e43-5534-49b3-b3f2-a9f154b450de:192.168.157.254:46786], old=null
2019-10-21 23:46:33,334 [grpc-default-executor-0] INFO  impl.RaftServerImpl (RaftServerImpl.java:setRole(184)) - 1360619e-ba1e-4bf9-aec1-9f15b5480b27@group-2FABE92B7E5B: changes role from  FOLLOWER to FOLLOWER at term 106 for recognizeCandidate:b88b3e43-5534-49b3-b3f2-a9f154b450de
2019-10-21 23:46:33,335 [grpc-default-executor-2] INFO  impl.RaftServerImpl (RaftServerImpl.java:setRole(184)) - c58a0a02-acd3-47c8-b3e9-5b8e0493de45@group-2FABE92B7E5B: changes role from  FOLLOWER to FOLLOWER at term 106 for recognizeCandidate:b88b3e43-5534-49b3-b3f2-a9f154b450de
2019-10-21 23:46:33,335 [grpc-default-executor-0] INFO  impl.RoleInfo (RoleInfo.java:shutdownFollowerState(121)) - 1360619e-ba1e-4bf9-aec1-9f15b5480b27: shutdown FollowerState
2019-10-21 23:46:33,335 [grpc-default-executor-2] INFO  impl.RoleInfo (RoleInfo.java:shutdownFollowerState(121)) - c58a0a02-acd3-47c8-b3e9-5b8e0493de45: shutdown FollowerState
2019-10-21 23:46:33,335 [Thread-888] INFO  impl.FollowerState (FollowerState.java:run(117)) - 1360619e-ba1e-4bf9-aec1-9f15b5480b27@group-2FABE92B7E5B-FollowerState was interrupted: java.lang.InterruptedException: sleep interrupted
2019-10-21 23:46:33,335 [grpc-default-executor-0] INFO  impl.RoleInfo (RoleInfo.java:updateAndGet(143)) - 1360619e-ba1e-4bf9-aec1-9f15b5480b27: start FollowerState
2019-10-21 23:46:33,335 [Thread-887] INFO  impl.FollowerState (FollowerState.java:run(117)) - c58a0a02-acd3-47c8-b3e9-5b8e0493de45@group-2FABE92B7E5B-FollowerState was interrupted: java.lang.InterruptedException: sleep interrupted
2019-10-21 23:46:33,335 [grpc-default-executor-2] INFO  impl.RoleInfo (RoleInfo.java:updateAndGet(143)) - c58a0a02-acd3-47c8-b3e9-5b8e0493de45: start FollowerState
2019-10-21 23:46:33,350 [b88b3e43-5534-49b3-b3f2-a9f154b450de@group-2FABE92B7E5B-LeaderElection104] INFO  impl.LeaderElection (LeaderElection.java:logAndReturn(56)) - b88b3e43-5534-49b3-b3f2-a9f154b450de@group-2FABE92B7E5B-LeaderElection104: Election REJECTED; received 2 response(s) [b88b3e43-5534-49b3-b3f2-a9f154b450de<-c58a0a02-acd3-47c8-b3e9-5b8e0493de45#0:FAIL-t106, b88b3e43-5534-49b3-b3f2-a9f154b450de<-1360619e-ba1e-4bf9-aec1-9f15b5480b27#0:FAIL-t106] and 0 exception(s); b88b3e43-5534-49b3-b3f2-a9f154b450de@group-2FABE92B7E5B:t106, leader=null, voted=b88b3e43-5534-49b3-b3f2-a9f154b450de, raftlog=b88b3e43-5534-49b3-b3f2-a9f154b450de@group-2FABE92B7E5B-SegmentedRaftLog:OPENED:c-1,f-1,i0, conf=-1: [c58a0a02-acd3-47c8-b3e9-5b8e0493de45:192.168.157.254:33611, 1360619e-ba1e-4bf9-aec1-9f15b5480b27:192.168.157.254:45658, b88b3e43-5534-49b3-b3f2-a9f154b450de:192.168.157.254:46786], old=null
2019-10-21 23:46:33,350 [b88b3e43-5534-49b3-b3f2-a9f154b450de@group-2FABE92B7E5B-LeaderElection104] INFO  impl.RaftServerImpl (RaftServerImpl.java:setRole(184)) - b88b3e43-5534-49b3-b3f2-a9f154b450de@group-2FABE92B7E5B: changes role from CANDIDATE to FOLLOWER at term 106 for DISCOVERED_A_NEW_TERM
2019-10-21 23:46:33,350 [b88b3e43-5534-49b3-b3f2-a9f154b450de@group-2FABE92B7E5B-LeaderElection104] INFO  impl.RoleInfo (RoleInfo.java:shutdownLeaderElection(134)) - b88b3e43-5534-49b3-b3f2-a9f154b450de: shutdown LeaderElection
2019-10-21 23:46:33,350 [b88b3e43-5534-49b3-b3f2-a9f154b450de@group-2FABE92B7E5B-LeaderElection104] INFO  impl.RoleInfo (RoleInfo.java:updateAndGet(143)) - b88b3e43-5534-49b3-b3f2-a9f154b450de: start FollowerState
2019-10-21 23:46:33,490 [Thread-895] INFO  impl.FollowerState (FollowerState.java:run(108)) - b88b3e43-5534-49b3-b3f2-a9f154b450de@group-2FABE92B7E5B-FollowerState: change to CANDIDATE, lastRpcTime:140ms, electionTimeout:140ms
2019-10-21 23:46:33,491 [Thread-895] INFO  impl.RoleInfo (RoleInfo.java:shutdownFollowerState(121)) - b88b3e43-5534-49b3-b3f2-a9f154b450de: shutdown FollowerState
2019-10-21 23:46:33,491 [Thread-895] INFO  impl.RaftServerImpl (RaftServerImpl.java:setRole(184)) - b88b3e43-5534-49b3-b3f2-a9f154b450de@group-2FABE92B7E5B: changes role from  FOLLOWER to CANDIDATE at term 106 for changeToCandidate
2019-10-21 23:46:33,491 [Thread-895] INFO  impl.RoleInfo (RoleInfo.java:updateAndGet(143)) - b88b3e43-5534-49b3-b3f2-a9f154b450de: start LeaderElection
2019-10-21 23:46:33,505 [b88b3e43-5534-49b3-b3f2-a9f154b450de@group-2FABE92B7E5B-LeaderElection105] INFO  impl.LeaderElection (LeaderElection.java:askForVotes(178)) - b88b3e43-5534-49b3-b3f2-a9f154b450de@group-2FABE92B7E5B-LeaderElection105: begin an election at term 107 for -1: [c58a0a02-acd3-47c8-b3e9-5b8e0493de45:192.168.157.254:33611, 1360619e-ba1e-4bf9-aec1-9f15b5480b27:192.168.157.254:45658, b88b3e43-5534-49b3-b3f2-a9f154b450de:192.168.157.254:46786], old=null
2019-10-21 23:46:33,507 [grpc-default-executor-2] INFO  impl.RaftServerImpl (RaftServerImpl.java:setRole(184)) - 1360619e-ba1e-4bf9-aec1-9f15b5480b27@group-2FABE92B7E5B: changes role from  FOLLOWER to FOLLOWER at term 107 for recognizeCandidate:b88b3e43-5534-49b3-b3f2-a9f154b450de
2019-10-21 23:46:33,507 [grpc-default-executor-2] INFO  impl.RoleInfo (RoleInfo.java:shutdownFollowerState(121)) - 1360619e-ba1e-4bf9-aec1-9f15b5480b27: shutdown FollowerState
2019-10-21 23:46:33,507 [grpc-default-executor-0] INFO  impl.RaftServerImpl (RaftServerImpl.java:setRole(184)) - c58a0a02-acd3-47c8-b3e9-5b8e0493de45@group-2FABE92B7E5B: changes role from  FOLLOWER to FOLLOWER at term 107 for recognizeCandidate:b88b3e43-5534-49b3-b3f2-a9f154b450de
2019-10-21 23:46:33,508 [grpc-default-executor-0] INFO  impl.RoleInfo (RoleInfo.java:shutdownFollowerState(121)) - c58a0a02-acd3-47c8-b3e9-5b8e0493de45: shutdown FollowerState
2019-10-21 23:46:33,507 [grpc-default-executor-2] INFO  impl.RoleInfo (RoleInfo.java:updateAndGet(143)) - 1360619e-ba1e-4bf9-aec1-9f15b5480b27: start FollowerState
2019-10-21 23:46:33,507 [Thread-893] INFO  impl.FollowerState (FollowerState.java:run(117)) - 1360619e-ba1e-4bf9-aec1-9f15b5480b27@group-2FABE92B7E5B-FollowerState was interrupted: java.lang.InterruptedException: sleep interrupted
2019-10-21 23:46:33,508 [Thread-894] INFO  impl.FollowerState (FollowerState.java:run(117)) - c58a0a02-acd3-47c8-b3e9-5b8e0493de45@group-2FABE92B7E5B-FollowerState was interrupted: java.lang.InterruptedException: sleep interrupted
2019-10-21 23:46:33,508 [grpc-default-executor-0] INFO  impl.RoleInfo (RoleInfo.java:updateAndGet(143)) - c58a0a02-acd3-47c8-b3e9-5b8e0493de45: start FollowerState
2019-10-21 23:46:33,522 [b88b3e43-5534-49b3-b3f2-a9f154b450de@group-2FABE92B7E5B-LeaderElection105] INFO  impl.LeaderElection (LeaderElection.java:logAndReturn(56)) - b88b3e43-5534-49b3-b3f2-a9f154b450de@group-2FABE92B7E5B-LeaderElection105: Election REJECTED; received 2 response(s) [b88b3e43-5534-49b3-b3f2-a9f154b450de<-c58a0a02-acd3-47c8-b3e9-5b8e0493de45#0:FAIL-t107, b88b3e43-5534-49b3-b3f2-a9f154b450de<-1360619e-ba1e-4bf9-aec1-9f15b5480b27#0:FAIL-t107] and 0 exception(s); b88b3e43-5534-49b3-b3f2-a9f154b450de@group-2FABE92B7E5B:t107, leader=null, voted=b88b3e43-5534-49b3-b3f2-a9f154b450de, raftlog=b88b3e43-5534-49b3-b3f2-a9f154b450de@group-2FABE92B7E5B-SegmentedRaftLog:OPENED:c-1,f-1,i0, conf=-1: [c58a0a02-acd3-47c8-b3e9-5b8e0493de45:192.168.157.254:33611, 1360619e-ba1e-4bf9-aec1-9f15b5480b27:192.168.157.254:45658, b88b3e43-5534-49b3-b3f2-a9f154b450de:192.168.157.254:46786], old=null
2019-10-21 23:46:33,523 [b88b3e43-5534-49b3-b3f2-a9f154b450de@group-2FABE92B7E5B-LeaderElection105] INFO  impl.RaftServerImpl (RaftServerImpl.java:setRole(184)) - b88b3e43-5534-49b3-b3f2-a9f154b450de@group-2FABE92B7E5B: changes role from CANDIDATE to FOLLOWER at term 107 for DISCOVERED_A_NEW_TERM
2019-10-21 23:46:33,523 [b88b3e43-5534-49b3-b3f2-a9f154b450de@group-2FABE92B7E5B-LeaderElection105] INFO  impl.RoleInfo (RoleInfo.java:shutdownLeaderElection(134)) - b88b3e43-5534-49b3-b3f2-a9f154b450de: shutdown LeaderElection
2019-10-21 23:46:33,523 [b88b3e43-5534-49b3-b3f2-a9f154b450de@group-2FABE92B7E5B-LeaderElection105] INFO  impl.RoleInfo (RoleInfo.java:updateAndGet(143)) - b88b3e43-5534-49b3-b3f2-a9f154b450de: start FollowerState
2019-10-21 23:46:33,643 [Thread-901] INFO  impl.FollowerState (FollowerState.java:run(108)) - b88b3e43-5534-49b3-b3f2-a9f154b450de@group-2FABE92B7E5B-FollowerState: change to CANDIDATE, lastRpcTime:120ms, electionTimeout:120ms
2019-10-21 23:46:33,643 [Thread-901] INFO  impl.RoleInfo (RoleInfo.java:shutdownFollowerState(121)) - b88b3e43-5534-49b3-b3f2-a9f154b450de: shutdown FollowerState
2019-10-21 23:46:33,643 [Thread-901] INFO  impl.RaftServerImpl (RaftServerImpl.java:setRole(184)) - b88b3e43-5534-49b3-b3f2-a9f154b450de@group-2FABE92B7E5B: changes role from  FOLLOWER to CANDIDATE at term 107 for changeToCandidate
2019-10-21 23:46:33,644 [Thread-901] INFO  impl.RoleInfo (RoleInfo.java:updateAndGet(143)) - b88b3e43-5534-49b3-b3f2-a9f154b450de: start LeaderElection
2019-10-21 23:46:33,657 [b88b3e43-5534-49b3-b3f2-a9f154b450de@group-2FABE92B7E5B-LeaderElection106] INFO  impl.LeaderElection (LeaderElection.java:askForVotes(178)) - b88b3e43-5534-49b3-b3f2-a9f154b450de@group-2FABE92B7E5B-LeaderElection106: begin an election at term 108 for -1: [c58a0a02-acd3-47c8-b3e9-5b8e0493de45:192.168.157.254:33611, 1360619e-ba1e-4bf9-aec1-9f15b5480b27:192.168.157.254:45658, b88b3e43-5534-49b3-b3f2-a9f154b450de:192.168.157.254:46786], old=null
2019-10-21 23:46:33,660 [grpc-default-executor-0] INFO  impl.RaftServerImpl (RaftServerImpl.java:setRole(184)) - 1360619e-ba1e-4bf9-aec1-9f15b5480b27@group-2FABE92B7E5B: changes role from  FOLLOWER to FOLLOWER at term 108 for recognizeCandidate:b88b3e43-5534-49b3-b3f2-a9f154b450de
2019-10-21 23:46:33,660 [grpc-default-executor-2] INFO  impl.RaftServerImpl (RaftServerImpl.java:setRole(184)) - c58a0a02-acd3-47c8-b3e9-5b8e0493de45@group-2FABE92B7E5B: changes role from  FOLLOWER to FOLLOWER at term 108 for recognizeCandidate:b88b3e43-5534-49b3-b3f2-a9f154b450de
2019-10-21 23:46:33,660 [grpc-default-executor-0] INFO  impl.RoleInfo (RoleInfo.java:shutdownFollowerState(121)) - 1360619e-ba1e-4bf9-aec1-9f15b5480b27: shutdown FollowerState
2019-10-21 23:46:33,660 [grpc-default-executor-2] INFO  impl.RoleInfo (RoleInfo.java:shutdownFollowerState(121)) - c58a0a02-acd3-47c8-b3e9-5b8e0493de45: shutdown FollowerState
2019-10-21 23:46:33,660 [Thread-899] INFO  impl.FollowerState (FollowerState.java:run(117)) - 1360619e-ba1e-4bf9-aec1-9f15b5480b27@group-2FABE92B7E5B-FollowerState was interrupted: java.lang.InterruptedException: sleep interrupted
2019-10-21 23:46:33,660 [grpc-default-executor-0] INFO  impl.RoleInfo (RoleInfo.java:updateAndGet(143)) - 1360619e-ba1e-4bf9-aec1-9f15b5480b27: start FollowerState
2019-10-21 23:46:33,661 [Thread-900] INFO  impl.FollowerState (FollowerState.java:run(117)) - c58a0a02-acd3-47c8-b3e9-5b8e0493de45@group-2FABE92B7E5B-FollowerState was interrupted: java.lang.InterruptedException: sleep interrupted
2019-10-21 23:46:33,661 [grpc-default-executor-2] INFO  impl.RoleInfo (RoleInfo.java:updateAndGet(143)) - c58a0a02-acd3-47c8-b3e9-5b8e0493de45: start FollowerState
2019-10-21 23:46:33,675 [b88b3e43-5534-49b3-b3f2-a9f154b450de@group-2FABE92B7E5B-LeaderElection106] INFO  impl.LeaderElection (LeaderElection.java:logAndReturn(56)) - b88b3e43-5534-49b3-b3f2-a9f154b450de@group-2FABE92B7E5B-LeaderElection106: Election REJECTED; received 2 response(s) [b88b3e43-5534-49b3-b3f2-a9f154b450de<-c58a0a02-acd3-47c8-b3e9-5b8e0493de45#0:FAIL-t108, b88b3e43-5534-49b3-b3f2-a9f154b450de<-1360619e-ba1e-4bf9-aec1-9f15b5480b27#0:FAIL-t108] and 0 exception(s); b88b3e43-5534-49b3-b3f2-a9f154b450de@group-2FABE92B7E5B:t108, leader=null, voted=b88b3e43-5534-49b3-b3f2-a9f154b450de, raftlog=b88b3e43-5534-49b3-b3f2-a9f154b450de@group-2FABE92B7E5B-SegmentedRaftLog:OPENED:c-1,f-1,i0, conf=-1: [c58a0a02-acd3-47c8-b3e9-5b8e0493de45:192.168.157.254:33611, 1360619e-ba1e-4bf9-aec1-9f15b5480b27:192.168.157.254:45658, b88b3e43-5534-49b3-b3f2-a9f154b450de:192.168.157.254:46786], old=null
2019-10-21 23:46:33,675 [b88b3e43-5534-49b3-b3f2-a9f154b450de@group-2FABE92B7E5B-LeaderElection106] INFO  impl.RaftServerImpl (RaftServerImpl.java:setRole(184)) - b88b3e43-5534-49b3-b3f2-a9f154b450de@group-2FABE92B7E5B: changes role from CANDIDATE to FOLLOWER at term 108 for DISCOVERED_A_NEW_TERM
2019-10-21 23:46:33,676 [b88b3e43-5534-49b3-b3f2-a9f154b450de@group-2FABE92B7E5B-LeaderElection106] INFO  impl.RoleInfo (RoleInfo.java:shutdownLeaderElection(134)) - b88b3e43-5534-49b3-b3f2-a9f154b450de: shutdown LeaderElection
2019-10-21 23:46:33,676 [b88b3e43-5534-49b3-b3f2-a9f154b450de@group-2FABE92B7E5B-LeaderElection106] INFO  impl.RoleInfo (RoleInfo.java:updateAndGet(143)) - b88b3e43-5534-49b3-b3f2-a9f154b450de: start FollowerState
2019-10-21 23:46:33,825 [Thread-907] INFO  impl.FollowerState (FollowerState.java:run(108)) - b88b3e43-5534-49b3-b3f2-a9f154b450de@group-2FABE92B7E5B-FollowerState: change to CANDIDATE, lastRpcTime:149ms, electionTimeout:149ms
2019-10-21 23:46:33,825 [Thread-907] INFO  impl.RoleInfo (RoleInfo.java:shutdownFollowerState(121)) - b88b3e43-5534-49b3-b3f2-a9f154b450de: shutdown FollowerState
2019-10-21 23:46:33,825 [Thread-907] INFO  impl.RaftServerImpl (RaftServerImpl.java:setRole(184)) - b88b3e43-5534-49b3-b3f2-a9f154b450de@group-2FABE92B7E5B: changes role from  FOLLOWER to CANDIDATE at term 108 for changeToCandidate
2019-10-21 23:46:33,826 [Thread-907] INFO  impl.RoleInfo (RoleInfo.java:updateAndGet(143)) - b88b3e43-5534-49b3-b3f2-a9f154b450de: start LeaderElection
2019-10-21 23:46:33,839 [b88b3e43-5534-49b3-b3f2-a9f154b450de@group-2FABE92B7E5B-LeaderElection107] INFO  impl.LeaderElection (LeaderElection.java:askForVotes(178)) - b88b3e43-5534-49b3-b3f2-a9f154b450de@group-2FABE92B7E5B-LeaderElection107: begin an election at term 109 for -1: [c58a0a02-acd3-47c8-b3e9-5b8e0493de45:192.168.157.254:33611, 1360619e-ba1e-4bf9-aec1-9f15b5480b27:192.168.157.254:45658, b88b3e43-5534-49b3-b3f2-a9f154b450de:192.168.157.254:46786], old=null
2019-10-21 23:46:33,841 [grpc-default-executor-2] INFO  impl.RaftServerImpl (RaftServerImpl.java:setRole(184)) - c58a0a02-acd3-47c8-b3e9-5b8e0493de45@group-2FABE92B7E5B: changes role from  FOLLOWER to FOLLOWER at term 109 for recognizeCandidate:b88b3e43-5534-49b3-b3f2-a9f154b450de
2019-10-21 23:46:33,841 [grpc-default-executor-0] INFO  impl.RaftServerImpl (RaftServerImpl.java:setRole(184)) - 1360619e-ba1e-4bf9-aec1-9f15b5480b27@group-2FABE92B7E5B: changes role from  FOLLOWER to FOLLOWER at term 109 for recognizeCandidate:b88b3e43-5534-49b3-b3f2-a9f154b450de
2019-10-21 23:46:33,842 [grpc-default-executor-2] INFO  impl.RoleInfo (RoleInfo.java:shutdownFollowerState(121)) - c58a0a02-acd3-47c8-b3e9-5b8e0493de45: shutdown FollowerState
2019-10-21 23:46:33,842 [grpc-default-executor-0] INFO  impl.RoleInfo (RoleInfo.java:shutdownFollowerState(121)) - 1360619e-ba1e-4bf9-aec1-9f15b5480b27: shutdown FollowerState
2019-10-21 23:46:33,842 [Thread-906] INFO  impl.FollowerState (FollowerState.java:run(117)) - c58a0a02-acd3-47c8-b3e9-5b8e0493de45@group-2FABE92B7E5B-FollowerState was interrupted: java.lang.InterruptedException: sleep interrupted
2019-10-21 23:46:33,842 [grpc-default-executor-2] INFO  impl.RoleInfo (RoleInfo.java:updateAndGet(143)) - c58a0a02-acd3-47c8-b3e9-5b8e0493de45: start FollowerState
2019-10-21 23:46:33,842 [Thread-905] INFO  impl.FollowerState (FollowerState.java:run(117)) - 1360619e-ba1e-4bf9-aec1-9f15b5480b27@group-2FABE92B7E5B-FollowerState was interrupted: java.lang.InterruptedException: sleep interrupted
2019-10-21 23:46:33,842 [grpc-default-executor-0] INFO  impl.RoleInfo (RoleInfo.java:updateAndGet(143)) - 1360619e-ba1e-4bf9-aec1-9f15b5480b27: start FollowerState
2019-10-21 23:46:33,856 [b88b3e43-5534-49b3-b3f2-a9f154b450de@group-2FABE92B7E5B-LeaderElection107] INFO  impl.LeaderElection (LeaderElection.java:logAndReturn(56)) - b88b3e43-5534-49b3-b3f2-a9f154b450de@group-2FABE92B7E5B-LeaderElection107: Election REJECTED; received 2 response(s) [b88b3e43-5534-49b3-b3f2-a9f154b450de<-c58a0a02-acd3-47c8-b3e9-5b8e0493de45#0:FAIL-t109, b88b3e43-5534-49b3-b3f2-a9f154b450de<-1360619e-ba1e-4bf9-aec1-9f15b5480b27#0:FAIL-t109] and 0 exception(s); b88b3e43-5534-49b3-b3f2-a9f154b450de@group-2FABE92B7E5B:t109, leader=null, voted=b88b3e43-5534-49b3-b3f2-a9f154b450de, raftlog=b88b3e43-5534-49b3-b3f2-a9f154b450de@group-2FABE92B7E5B-SegmentedRaftLog:OPENED:c-1,f-1,i0, conf=-1: [c58a0a02-acd3-47c8-b3e9-5b8e0493de45:192.168.157.254:33611, 1360619e-ba1e-4bf9-aec1-9f15b5480b27:192.168.157.254:45658, b88b3e43-5534-49b3-b3f2-a9f154b450de:192.168.157.254:46786], old=null
2019-10-21 23:46:33,856 [b88b3e43-5534-49b3-b3f2-a9f154b450de@group-2FABE92B7E5B-LeaderElection107] INFO  impl.RaftServerImpl (RaftServerImpl.java:setRole(184)) - b88b3e43-5534-49b3-b3f2-a9f154b450de@group-2FABE92B7E5B: changes role from CANDIDATE to FOLLOWER at term 109 for DISCOVERED_A_NEW_TERM
2019-10-21 23:46:33,857 [b88b3e43-5534-49b3-b3f2-a9f154b450de@group-2FABE92B7E5B-LeaderElection107] INFO  impl.RoleInfo (RoleInfo.java:shutdownLeaderElection(134)) - b88b3e43-5534-49b3-b3f2-a9f154b450de: shutdown LeaderElection
2019-10-21 23:46:33,857 [b88b3e43-5534-49b3-b3f2-a9f154b450de@group-2FABE92B7E5B-LeaderElection107] INFO  impl.RoleInfo (RoleInfo.java:updateAndGet(143)) - b88b3e43-5534-49b3-b3f2-a9f154b450de: start FollowerState
2019-10-21 23:46:34,011 [Thread-915] INFO  impl.FollowerState (FollowerState.java:run(108)) - b88b3e43-5534-49b3-b3f2-a9f154b450de@group-2FABE92B7E5B-FollowerState: change to CANDIDATE, lastRpcTime:154ms, electionTimeout:154ms
2019-10-21 23:46:34,011 [Thread-915] INFO  impl.RoleInfo (RoleInfo.java:shutdownFollowerState(121)) - b88b3e43-5534-49b3-b3f2-a9f154b450de: shutdown FollowerState
2019-10-21 23:46:34,011 [Thread-915] INFO  impl.RaftServerImpl (RaftServerImpl.java:setRole(184)) - b88b3e43-5534-49b3-b3f2-a9f154b450de@group-2FABE92B7E5B: changes role from  FOLLOWER to CANDIDATE at term 109 for changeToCandidate
2019-10-21 23:46:34,012 [Thread-915] INFO  impl.RoleInfo (RoleInfo.java:updateAndGet(143)) - b88b3e43-5534-49b3-b3f2-a9f154b450de: start LeaderElection
2019-10-21 23:46:34,025 [b88b3e43-5534-49b3-b3f2-a9f154b450de@group-2FABE92B7E5B-LeaderElection108] INFO  impl.LeaderElection (LeaderElection.java:askForVotes(178)) - b88b3e43-5534-49b3-b3f2-a9f154b450de@group-2FABE92B7E5B-LeaderElection108: begin an election at term 110 for -1: [c58a0a02-acd3-47c8-b3e9-5b8e0493de45:192.168.157.254:33611, 1360619e-ba1e-4bf9-aec1-9f15b5480b27:192.168.157.254:45658, b88b3e43-5534-49b3-b3f2-a9f154b450de:192.168.157.254:46786], old=null
2019-10-21 23:46:34,028 [grpc-default-executor-2] INFO  impl.RaftServerImpl (RaftServerImpl.java:setRole(184)) - c58a0a02-acd3-47c8-b3e9-5b8e0493de45@group-2FABE92B7E5B: changes role from  FOLLOWER to FOLLOWER at term 110 for recognizeCandidate:b88b3e43-5534-49b3-b3f2-a9f154b450de
2019-10-21 23:46:34,028 [grpc-default-executor-0] INFO  impl.RaftServerImpl (RaftServerImpl.java:setRole(184)) - 1360619e-ba1e-4bf9-aec1-9f15b5480b27@group-2FABE92B7E5B: changes role from  FOLLOWER to FOLLOWER at term 110 for recognizeCandidate:b88b3e43-5534-49b3-b3f2-a9f154b450de
2019-10-21 23:46:34,028 [grpc-default-executor-2] INFO  impl.RoleInfo (RoleInfo.java:shutdownFollowerState(121)) - c58a0a02-acd3-47c8-b3e9-5b8e0493de45: shutdown FollowerState
2019-10-21 23:46:34,028 [grpc-default-executor-0] INFO  impl.RoleInfo (RoleInfo.java:shutdownFollowerState(121)) - 1360619e-ba1e-4bf9-aec1-9f15b5480b27: shutdown FollowerState
2019-10-21 23:46:34,029 [grpc-default-executor-2] INFO  impl.RoleInfo (RoleInfo.java:updateAndGet(143)) - c58a0a02-acd3-47c8-b3e9-5b8e0493de45: start FollowerState
2019-10-21 23:46:34,029 [Thread-914] INFO  impl.FollowerState (FollowerState.java:run(117)) - 1360619e-ba1e-4bf9-aec1-9f15b5480b27@group-2FABE92B7E5B-FollowerState was interrupted: java.lang.InterruptedException: sleep interrupted
2019-10-21 23:46:34,029 [grpc-default-executor-0] INFO  impl.RoleInfo (RoleInfo.java:updateAndGet(143)) - 1360619e-ba1e-4bf9-aec1-9f15b5480b27: start FollowerState
2019-10-21 23:46:34,029 [Thread-913] INFO  impl.FollowerState (FollowerState.java:run(117)) - c58a0a02-acd3-47c8-b3e9-5b8e0493de45@group-2FABE92B7E5B-FollowerState was interrupted: java.lang.InterruptedException: sleep interrupted
2019-10-21 23:46:34,043 [b88b3e43-5534-49b3-b3f2-a9f154b450de@group-2FABE92B7E5B-LeaderElection108] INFO  impl.LeaderElection (LeaderElection.java:logAndReturn(56)) - b88b3e43-5534-49b3-b3f2-a9f154b450de@group-2FABE92B7E5B-LeaderElection108: Election REJECTED; received 2 response(s) [b88b3e43-5534-49b3-b3f2-a9f154b450de<-c58a0a02-acd3-47c8-b3e9-5b8e0493de45#0:FAIL-t110, b88b3e43-5534-49b3-b3f2-a9f154b450de<-1360619e-ba1e-4bf9-aec1-9f15b5480b27#0:FAIL-t110] and 0 exception(s); b88b3e43-5534-49b3-b3f2-a9f154b450de@group-2FABE92B7E5B:t110, leader=null, voted=b88b3e43-5534-49b3-b3f2-a9f154b450de, raftlog=b88b3e43-5534-49b3-b3f2-a9f154b450de@group-2FABE92B7E5B-SegmentedRaftLog:OPENED:c-1,f-1,i0, conf=-1: [c58a0a02-acd3-47c8-b3e9-5b8e0493de45:192.168.157.254:33611, 1360619e-ba1e-4bf9-aec1-9f15b5480b27:192.168.157.254:45658, b88b3e43-5534-49b3-b3f2-a9f154b450de:192.168.157.254:46786], old=null
2019-10-21 23:46:34,043 [b88b3e43-5534-49b3-b3f2-a9f154b450de@group-2FABE92B7E5B-LeaderElection108] INFO  impl.RaftServerImpl (RaftServerImpl.java:setRole(184)) - b88b3e43-5534-49b3-b3f2-a9f154b450de@group-2FABE92B7E5B: changes role from CANDIDATE to FOLLOWER at term 110 for DISCOVERED_A_NEW_TERM
2019-10-21 23:46:34,043 [b88b3e43-5534-49b3-b3f2-a9f154b450de@group-2FABE92B7E5B-LeaderElection108] INFO  impl.RoleInfo (RoleInfo.java:shutdownLeaderElection(134)) - b88b3e43-5534-49b3-b3f2-a9f154b450de: shutdown LeaderElection
2019-10-21 23:46:34,043 [b88b3e43-5534-49b3-b3f2-a9f154b450de@group-2FABE92B7E5B-LeaderElection108] INFO  impl.RoleInfo (RoleInfo.java:updateAndGet(143)) - b88b3e43-5534-49b3-b3f2-a9f154b450de: start FollowerState
2019-10-21 23:46:34,219 [Thread-921] INFO  impl.FollowerState (FollowerState.java:run(108)) - b88b3e43-5534-49b3-b3f2-a9f154b450de@group-2FABE92B7E5B-FollowerState: change to CANDIDATE, lastRpcTime:176ms, electionTimeout:176ms
2019-10-21 23:46:34,220 [Thread-921] INFO  impl.RoleInfo (RoleInfo.java:shutdownFollowerState(121)) - b88b3e43-5534-49b3-b3f2-a9f154b450de: shutdown FollowerState
2019-10-21 23:46:34,220 [Thread-921] INFO  impl.RaftServerImpl (RaftServerImpl.java:setRole(184)) - b88b3e43-5534-49b3-b3f2-a9f154b450de@group-2FABE92B7E5B: changes role from  FOLLOWER to CANDIDATE at term 110 for changeToCandidate
2019-10-21 23:46:34,220 [Thread-921] INFO  impl.RoleInfo (RoleInfo.java:updateAndGet(143)) - b88b3e43-5534-49b3-b3f2-a9f154b450de: start LeaderElection
2019-10-21 23:46:34,235 [b88b3e43-5534-49b3-b3f2-a9f154b450de@group-2FABE92B7E5B-LeaderElection109] INFO  impl.LeaderElection (LeaderElection.java:askForVotes(178)) - b88b3e43-5534-49b3-b3f2-a9f154b450de@group-2FABE92B7E5B-LeaderElection109: begin an election at term 111 for -1: [c58a0a02-acd3-47c8-b3e9-5b8e0493de45:192.168.157.254:33611, 1360619e-ba1e-4bf9-aec1-9f15b5480b27:192.168.157.254:45658, b88b3e43-5534-49b3-b3f2-a9f154b450de:192.168.157.254:46786], old=null
2019-10-21 23:46:34,238 [grpc-default-executor-0] INFO  impl.RaftServerImpl (RaftServerImpl.java:setRole(184)) - c58a0a02-acd3-47c8-b3e9-5b8e0493de45@group-2FABE92B7E5B: changes role from  FOLLOWER to FOLLOWER at term 111 for recognizeCandidate:b88b3e43-5534-49b3-b3f2-a9f154b450de
2019-10-21 23:46:34,238 [grpc-default-executor-0] INFO  impl.RoleInfo (RoleInfo.java:shutdownFollowerState(121)) - c58a0a02-acd3-47c8-b3e9-5b8e0493de45: shutdown FollowerState
2019-10-21 23:46:34,238 [grpc-default-executor-2] INFO  impl.RaftServerImpl (RaftServerImpl.java:setRole(184)) - 1360619e-ba1e-4bf9-aec1-9f15b5480b27@group-2FABE92B7E5B: changes role from  FOLLOWER to FOLLOWER at term 111 for recognizeCandidate:b88b3e43-5534-49b3-b3f2-a9f154b450de
2019-10-21 23:46:34,238 [grpc-default-executor-2] INFO  impl.RoleInfo (RoleInfo.java:shutdownFollowerState(121)) - 1360619e-ba1e-4bf9-aec1-9f15b5480b27: shutdown FollowerState
2019-10-21 23:46:34,238 [Thread-919] INFO  impl.FollowerState (FollowerState.java:run(117)) - c58a0a02-acd3-47c8-b3e9-5b8e0493de45@group-2FABE92B7E5B-FollowerState was interrupted: java.lang.InterruptedException: sleep interrupted
2019-10-21 23:46:34,238 [grpc-default-executor-0] INFO  impl.RoleInfo (RoleInfo.java:updateAndGet(143)) - c58a0a02-acd3-47c8-b3e9-5b8e0493de45: start FollowerState
2019-10-21 23:46:34,238 [Thread-920] INFO  impl.FollowerState (FollowerState.java:run(117)) - 1360619e-ba1e-4bf9-aec1-9f15b5480b27@group-2FABE92B7E5B-FollowerState was interrupted: java.lang.InterruptedException: sleep interrupted
2019-10-21 23:46:34,238 [grpc-default-executor-2] INFO  impl.RoleInfo (RoleInfo.java:updateAndGet(143)) - 1360619e-ba1e-4bf9-aec1-9f15b5480b27: start FollowerState
2019-10-21 23:46:34,254 [b88b3e43-5534-49b3-b3f2-a9f154b450de@group-2FABE92B7E5B-LeaderElection109] INFO  impl.LeaderElection (LeaderElection.java:logAndReturn(56)) - b88b3e43-5534-49b3-b3f2-a9f154b450de@group-2FABE92B7E5B-LeaderElection109: Election REJECTED; received 2 response(s) [b88b3e43-5534-49b3-b3f2-a9f154b450de<-c58a0a02-acd3-47c8-b3e9-5b8e0493de45#0:FAIL-t111, b88b3e43-5534-49b3-b3f2-a9f154b450de<-1360619e-ba1e-4bf9-aec1-9f15b5480b27#0:FAIL-t111] and 0 exception(s); b88b3e43-5534-49b3-b3f2-a9f154b450de@group-2FABE92B7E5B:t111, leader=null, voted=b88b3e43-5534-49b3-b3f2-a9f154b450de, raftlog=b88b3e43-5534-49b3-b3f2-a9f154b450de@group-2FABE92B7E5B-SegmentedRaftLog:OPENED:c-1,f-1,i0, conf=-1: [c58a0a02-acd3-47c8-b3e9-5b8e0493de45:192.168.157.254:33611, 1360619e-ba1e-4bf9-aec1-9f15b5480b27:192.168.157.254:45658, b88b3e43-5534-49b3-b3f2-a9f154b450de:192.168.157.254:46786], old=null
2019-10-21 23:46:34,254 [b88b3e43-5534-49b3-b3f2-a9f154b450de@group-2FABE92B7E5B-LeaderElection109] INFO  impl.RaftServerImpl (RaftServerImpl.java:setRole(184)) - b88b3e43-5534-49b3-b3f2-a9f154b450de@group-2FABE92B7E5B: changes role from CANDIDATE to FOLLOWER at term 111 for DISCOVERED_A_NEW_TERM
2019-10-21 23:46:34,254 [b88b3e43-5534-49b3-b3f2-a9f154b450de@group-2FABE92B7E5B-LeaderElection109] INFO  impl.RoleInfo (RoleInfo.java:shutdownLeaderElection(134)) - b88b3e43-5534-49b3-b3f2-a9f154b450de: shutdown LeaderElection
2019-10-21 23:46:34,254 [b88b3e43-5534-49b3-b3f2-a9f154b450de@group-2FABE92B7E5B-LeaderElection109] INFO  impl.RoleInfo (RoleInfo.java:updateAndGet(143)) - b88b3e43-5534-49b3-b3f2-a9f154b450de: start FollowerState
2019-10-21 23:46:34,405 [Thread-927] INFO  impl.FollowerState (FollowerState.java:run(108)) - b88b3e43-5534-49b3-b3f2-a9f154b450de@group-2FABE92B7E5B-FollowerState: change to CANDIDATE, lastRpcTime:150ms, electionTimeout:150ms
2019-10-21 23:46:34,405 [Thread-927] INFO  impl.RoleInfo (RoleInfo.java:shutdownFollowerState(121)) - b88b3e43-5534-49b3-b3f2-a9f154b450de: shutdown FollowerState
2019-10-21 23:46:34,405 [Thread-927] INFO  impl.RaftServerImpl (RaftServerImpl.java:setRole(184)) - b88b3e43-5534-49b3-b3f2-a9f154b450de@group-2FABE92B7E5B: changes role from  FOLLOWER to CANDIDATE at term 111 for changeToCandidate
2019-10-21 23:46:34,406 [Thread-927] INFO  impl.RoleInfo (RoleInfo.java:updateAndGet(143)) - b88b3e43-5534-49b3-b3f2-a9f154b450de: start LeaderElection
2019-10-21 23:46:34,420 [b88b3e43-5534-49b3-b3f2-a9f154b450de@group-2FABE92B7E5B-LeaderElection110] INFO  impl.LeaderElection (LeaderElection.java:askForVotes(178)) - b88b3e43-5534-49b3-b3f2-a9f154b450de@group-2FABE92B7E5B-LeaderElection110: begin an election at term 112 for -1: [c58a0a02-acd3-47c8-b3e9-5b8e0493de45:192.168.157.254:33611, 1360619e-ba1e-4bf9-aec1-9f15b5480b27:192.168.157.254:45658, b88b3e43-5534-49b3-b3f2-a9f154b450de:192.168.157.254:46786], old=null
2019-10-21 23:46:34,422 [grpc-default-executor-2] INFO  impl.RaftServerImpl (RaftServerImpl.java:setRole(184)) - c58a0a02-acd3-47c8-b3e9-5b8e0493de45@group-2FABE92B7E5B: changes role from  FOLLOWER to FOLLOWER at term 112 for recognizeCandidate:b88b3e43-5534-49b3-b3f2-a9f154b450de
2019-10-21 23:46:34,422 [grpc-default-executor-0] INFO  impl.RaftServerImpl (RaftServerImpl.java:setRole(184)) - 1360619e-ba1e-4bf9-aec1-9f15b5480b27@group-2FABE92B7E5B: changes role from  FOLLOWER to FOLLOWER at term 112 for recognizeCandidate:b88b3e43-5534-49b3-b3f2-a9f154b450de
2019-10-21 23:46:34,422 [grpc-default-executor-2] INFO  impl.RoleInfo (RoleInfo.java:shutdownFollowerState(121)) - c58a0a02-acd3-47c8-b3e9-5b8e0493de45: shutdown FollowerState
2019-10-21 23:46:34,423 [grpc-default-executor-0] INFO  impl.RoleInfo (RoleInfo.java:shutdownFollowerState(121)) - 1360619e-ba1e-4bf9-aec1-9f15b5480b27: shutdown FollowerState
2019-10-21 23:46:34,423 [Thread-925] INFO  impl.FollowerState (FollowerState.java:run(117)) - c58a0a02-acd3-47c8-b3e9-5b8e0493de45@group-2FABE92B7E5B-FollowerState was interrupted: java.lang.InterruptedException: sleep interrupted
2019-10-21 23:46:34,423 [grpc-default-executor-2] INFO  impl.RoleInfo (RoleInfo.java:updateAndGet(143)) - c58a0a02-acd3-47c8-b3e9-5b8e0493de45: start FollowerState
2019-10-21 23:46:34,423 [grpc-default-executor-0] INFO  impl.RoleInfo (RoleInfo.java:updateAndGet(143)) - 1360619e-ba1e-4bf9-aec1-9f15b5480b27: start FollowerState
2019-10-21 23:46:34,423 [Thread-926] INFO  impl.FollowerState (FollowerState.java:run(117)) - 1360619e-ba1e-4bf9-aec1-9f15b5480b27@group-2FABE92B7E5B-FollowerState was interrupted: java.lang.InterruptedException: sleep interrupted
2019-10-21 23:46:34,437 [b88b3e43-5534-49b3-b3f2-a9f154b450de@group-2FABE92B7E5B-LeaderElection110] INFO  impl.LeaderElection (LeaderElection.java:logAndReturn(56)) - b88b3e43-5534-49b3-b3f2-a9f154b450de@group-2FABE92B7E5B-LeaderElection110: Election REJECTED; received 2 response(s) [b88b3e43-5534-49b3-b3f2-a9f154b450de<-c58a0a02-acd3-47c8-b3e9-5b8e0493de45#0:FAIL-t112, b88b3e43-5534-49b3-b3f2-a9f154b450de<-1360619e-ba1e-4bf9-aec1-9f15b5480b27#0:FAIL-t112] and 0 exception(s); b88b3e43-5534-49b3-b3f2-a9f154b450de@group-2FABE92B7E5B:t112, leader=null, voted=b88b3e43-5534-49b3-b3f2-a9f154b450de, raftlog=b88b3e43-5534-49b3-b3f2-a9f154b450de@group-2FABE92B7E5B-SegmentedRaftLog:OPENED:c-1,f-1,i0, conf=-1: [c58a0a02-acd3-47c8-b3e9-5b8e0493de45:192.168.157.254:33611, 1360619e-ba1e-4bf9-aec1-9f15b5480b27:192.168.157.254:45658, b88b3e43-5534-49b3-b3f2-a9f154b450de:192.168.157.254:46786], old=null
2019-10-21 23:46:34,437 [b88b3e43-5534-49b3-b3f2-a9f154b450de@group-2FABE92B7E5B-LeaderElection110] INFO  impl.RaftServerImpl (RaftServerImpl.java:setRole(184)) - b88b3e43-5534-49b3-b3f2-a9f154b450de@group-2FABE92B7E5B: changes role from CANDIDATE to FOLLOWER at term 112 for DISCOVERED_A_NEW_TERM
2019-10-21 23:46:34,437 [b88b3e43-5534-49b3-b3f2-a9f154b450de@group-2FABE92B7E5B-LeaderElection110] INFO  impl.RoleInfo (RoleInfo.java:shutdownLeaderElection(134)) - b88b3e43-5534-49b3-b3f2-a9f154b450de: shutdown LeaderElection
2019-10-21 23:46:34,437 [b88b3e43-5534-49b3-b3f2-a9f154b450de@group-2FABE92B7E5B-LeaderElection110] INFO  impl.RoleInfo (RoleInfo.java:updateAndGet(143)) - b88b3e43-5534-49b3-b3f2-a9f154b450de: start FollowerState
2019-10-21 23:46:34,585 [Thread-933] INFO  impl.FollowerState (FollowerState.java:run(108)) - b88b3e43-5534-49b3-b3f2-a9f154b450de@group-2FABE92B7E5B-FollowerState: change to CANDIDATE, lastRpcTime:147ms, electionTimeout:147ms
2019-10-21 23:46:34,585 [Thread-933] INFO  impl.RoleInfo (RoleInfo.java:shutdownFollowerState(121)) - b88b3e43-5534-49b3-b3f2-a9f154b450de: shutdown FollowerState
2019-10-21 23:46:34,585 [Thread-933] INFO  impl.RaftServerImpl (RaftServerImpl.java:setRole(184)) - b88b3e43-5534-49b3-b3f2-a9f154b450de@group-2FABE92B7E5B: changes role from  FOLLOWER to CANDIDATE at term 112 for changeToCandidate
2019-10-21 23:46:34,585 [Thread-933] INFO  impl.RoleInfo (RoleInfo.java:updateAndGet(143)) - b88b3e43-5534-49b3-b3f2-a9f154b450de: start LeaderElection
2019-10-21 23:46:34,598 [b88b3e43-5534-49b3-b3f2-a9f154b450de@group-2FABE92B7E5B-LeaderElection111] INFO  impl.LeaderElection (LeaderElection.java:askForVotes(178)) - b88b3e43-5534-49b3-b3f2-a9f154b450de@group-2FABE92B7E5B-LeaderElection111: begin an election at term 113 for -1: [c58a0a02-acd3-47c8-b3e9-5b8e0493de45:192.168.157.254:33611, 1360619e-ba1e-4bf9-aec1-9f15b5480b27:192.168.157.254:45658, b88b3e43-5534-49b3-b3f2-a9f154b450de:192.168.157.254:46786], old=null
2019-10-21 23:46:34,601 [grpc-default-executor-2] INFO  impl.RaftServerImpl (RaftServerImpl.java:setRole(184)) - c58a0a02-acd3-47c8-b3e9-5b8e0493de45@group-2FABE92B7E5B: changes role from  FOLLOWER to FOLLOWER at term 113 for recognizeCandidate:b88b3e43-5534-49b3-b3f2-a9f154b450de
2019-10-21 23:46:34,601 [grpc-default-executor-2] INFO  impl.RoleInfo (RoleInfo.java:shutdownFollowerState(121)) - c58a0a02-acd3-47c8-b3e9-5b8e0493de45: shutdown FollowerState
2019-10-21 23:46:34,601 [grpc-default-executor-0] INFO  impl.RaftServerImpl (RaftServerImpl.java:setRole(184)) - 1360619e-ba1e-4bf9-aec1-9f15b5480b27@group-2FABE92B7E5B: changes role from  FOLLOWER to FOLLOWER at term 113 for recognizeCandidate:b88b3e43-5534-49b3-b3f2-a9f154b450de
2019-10-21 23:46:34,601 [Thread-931] INFO  impl.FollowerState (FollowerState.java:run(117)) - c58a0a02-acd3-47c8-b3e9-5b8e0493de45@group-2FABE92B7E5B-FollowerState was interrupted: java.lang.InterruptedException: sleep interrupted
2019-10-21 23:46:34,601 [grpc-default-executor-2] INFO  impl.RoleInfo (RoleInfo.java:updateAndGet(143)) - c58a0a02-acd3-47c8-b3e9-5b8e0493de45: start FollowerState
2019-10-21 23:46:34,601 [grpc-default-executor-0] INFO  impl.RoleInfo (RoleInfo.java:shutdownFollowerState(121)) - 1360619e-ba1e-4bf9-aec1-9f15b5480b27: shutdown FollowerState
2019-10-21 23:46:34,601 [grpc-default-executor-0] INFO  impl.RoleInfo (RoleInfo.java:updateAndGet(143)) - 1360619e-ba1e-4bf9-aec1-9f15b5480b27: start FollowerState
2019-10-21 23:46:34,601 [Thread-932] INFO  impl.FollowerState (FollowerState.java:run(117)) - 1360619e-ba1e-4bf9-aec1-9f15b5480b27@group-2FABE92B7E5B-FollowerState was interrupted: java.lang.InterruptedException: sleep interrupted
2019-10-21 23:46:34,613 [b88b3e43-5534-49b3-b3f2-a9f154b450de@group-2FABE92B7E5B-LeaderElection111] INFO  impl.LeaderElection (LeaderElection.java:logAndReturn(56)) - b88b3e43-5534-49b3-b3f2-a9f154b450de@group-2FABE92B7E5B-LeaderElection111: Election REJECTED; received 2 response(s) [b88b3e43-5534-49b3-b3f2-a9f154b450de<-c58a0a02-acd3-47c8-b3e9-5b8e0493de45#0:FAIL-t113, b88b3e43-5534-49b3-b3f2-a9f154b450de<-1360619e-ba1e-4bf9-aec1-9f15b5480b27#0:FAIL-t113] and 0 exception(s); b88b3e43-5534-49b3-b3f2-a9f154b450de@group-2FABE92B7E5B:t113, leader=null, voted=b88b3e43-5534-49b3-b3f2-a9f154b450de, raftlog=b88b3e43-5534-49b3-b3f2-a9f154b450de@group-2FABE92B7E5B-SegmentedRaftLog:OPENED:c-1,f-1,i0, conf=-1: [c58a0a02-acd3-47c8-b3e9-5b8e0493de45:192.168.157.254:33611, 1360619e-ba1e-4bf9-aec1-9f15b5480b27:192.168.157.254:45658, b88b3e43-5534-49b3-b3f2-a9f154b450de:192.168.157.254:46786], old=null
2019-10-21 23:46:34,614 [b88b3e43-5534-49b3-b3f2-a9f154b450de@group-2FABE92B7E5B-LeaderElection111] INFO  impl.RaftServerImpl (RaftServerImpl.java:setRole(184)) - b88b3e43-5534-49b3-b3f2-a9f154b450de@group-2FABE92B7E5B: changes role from CANDIDATE to FOLLOWER at term 113 for DISCOVERED_A_NEW_TERM
2019-10-21 23:46:34,614 [b88b3e43-5534-49b3-b3f2-a9f154b450de@group-2FABE92B7E5B-LeaderElection111] INFO  impl.RoleInfo (RoleInfo.java:shutdownLeaderElection(134)) - b88b3e43-5534-49b3-b3f2-a9f154b450de: shutdown LeaderElection
2019-10-21 23:46:34,614 [b88b3e43-5534-49b3-b3f2-a9f154b450de@group-2FABE92B7E5B-LeaderElection111] INFO  impl.RoleInfo (RoleInfo.java:updateAndGet(143)) - b88b3e43-5534-49b3-b3f2-a9f154b450de: start FollowerState
2019-10-21 23:46:34,744 [Thread-939] INFO  impl.FollowerState (FollowerState.java:run(108)) - b88b3e43-5534-49b3-b3f2-a9f154b450de@group-2FABE92B7E5B-FollowerState: change to CANDIDATE, lastRpcTime:130ms, electionTimeout:130ms
2019-10-21 23:46:34,744 [Thread-939] INFO  impl.RoleInfo (RoleInfo.java:shutdownFollowerState(121)) - b88b3e43-5534-49b3-b3f2-a9f154b450de: shutdown FollowerState
2019-10-21 23:46:34,744 [Thread-939] INFO  impl.RaftServerImpl (RaftServerImpl.java:setRole(184)) - b88b3e43-5534-49b3-b3f2-a9f154b450de@group-2FABE92B7E5B: changes role from  FOLLOWER to CANDIDATE at term 113 for changeToCandidate
2019-10-21 23:46:34,745 [Thread-939] INFO  impl.RoleInfo (RoleInfo.java:updateAndGet(143)) - b88b3e43-5534-49b3-b3f2-a9f154b450de: start LeaderElection
2019-10-21 23:46:34,758 [b88b3e43-5534-49b3-b3f2-a9f154b450de@group-2FABE92B7E5B-LeaderElection112] INFO  impl.LeaderElection (LeaderElection.java:askForVotes(178)) - b88b3e43-5534-49b3-b3f2-a9f154b450de@group-2FABE92B7E5B-LeaderElection112: begin an election at term 114 for -1: [c58a0a02-acd3-47c8-b3e9-5b8e0493de45:192.168.157.254:33611, 1360619e-ba1e-4bf9-aec1-9f15b5480b27:192.168.157.254:45658, b88b3e43-5534-49b3-b3f2-a9f154b450de:192.168.157.254:46786], old=null
2019-10-21 23:46:34,761 [grpc-default-executor-0] INFO  impl.RaftServerImpl (RaftServerImpl.java:setRole(184)) - 1360619e-ba1e-4bf9-aec1-9f15b5480b27@group-2FABE92B7E5B: changes role from  FOLLOWER to FOLLOWER at term 114 for recognizeCandidate:b88b3e43-5534-49b3-b3f2-a9f154b450de
2019-10-21 23:46:34,761 [grpc-default-executor-0] INFO  impl.RoleInfo (RoleInfo.java:shutdownFollowerState(121)) - 1360619e-ba1e-4bf9-aec1-9f15b5480b27: shutdown FollowerState
2019-10-21 23:46:34,762 [grpc-default-executor-2] INFO  impl.RaftServerImpl (RaftServerImpl.java:setRole(184)) - c58a0a02-acd3-47c8-b3e9-5b8e0493de45@group-2FABE92B7E5B: changes role from  FOLLOWER to FOLLOWER at term 114 for recognizeCandidate:b88b3e43-5534-49b3-b3f2-a9f154b450de
2019-10-21 23:46:34,762 [Thread-938] INFO  impl.FollowerState (FollowerState.java:run(117)) - 1360619e-ba1e-4bf9-aec1-9f15b5480b27@group-2FABE92B7E5B-FollowerState was interrupted: java.lang.InterruptedException: sleep interrupted
2019-10-21 23:46:34,762 [grpc-default-executor-0] INFO  impl.RoleInfo (RoleInfo.java:updateAndGet(143)) - 1360619e-ba1e-4bf9-aec1-9f15b5480b27: start FollowerState
2019-10-21 23:46:34,762 [grpc-default-executor-2] INFO  impl.RoleInfo (RoleInfo.java:shutdownFollowerState(121)) - c58a0a02-acd3-47c8-b3e9-5b8e0493de45: shutdown FollowerState
2019-10-21 23:46:34,762 [grpc-default-executor-2] INFO  impl.RoleInfo (RoleInfo.java:updateAndGet(143)) - c58a0a02-acd3-47c8-b3e9-5b8e0493de45: start FollowerState
2019-10-21 23:46:34,762 [Thread-937] INFO  impl.FollowerState (FollowerState.java:run(117)) - c58a0a02-acd3-47c8-b3e9-5b8e0493de45@group-2FABE92B7E5B-FollowerState was interrupted: java.lang.InterruptedException: sleep interrupted
2019-10-21 23:46:34,777 [b88b3e43-5534-49b3-b3f2-a9f154b450de@group-2FABE92B7E5B-LeaderElection112] INFO  impl.LeaderElection (LeaderElection.java:logAndReturn(56)) - b88b3e43-5534-49b3-b3f2-a9f154b450de@group-2FABE92B7E5B-LeaderElection112: Election REJECTED; received 2 response(s) [b88b3e43-5534-49b3-b3f2-a9f154b450de<-c58a0a02-acd3-47c8-b3e9-5b8e0493de45#0:FAIL-t114, b88b3e43-5534-49b3-b3f2-a9f154b450de<-1360619e-ba1e-4bf9-aec1-9f15b5480b27#0:FAIL-t114] and 0 exception(s); b88b3e43-5534-49b3-b3f2-a9f154b450de@group-2FABE92B7E5B:t114, leader=null, voted=b88b3e43-5534-49b3-b3f2-a9f154b450de, raftlog=b88b3e43-5534-49b3-b3f2-a9f154b450de@group-2FABE92B7E5B-SegmentedRaftLog:OPENED:c-1,f-1,i0, conf=-1: [c58a0a02-acd3-47c8-b3e9-5b8e0493de45:192.168.157.254:33611, 1360619e-ba1e-4bf9-aec1-9f15b5480b27:192.168.157.254:45658, b88b3e43-5534-49b3-b3f2-a9f154b450de:192.168.157.254:46786], old=null
2019-10-21 23:46:34,777 [b88b3e43-5534-49b3-b3f2-a9f154b450de@group-2FABE92B7E5B-LeaderElection112] INFO  impl.RaftServerImpl (RaftServerImpl.java:setRole(184)) - b88b3e43-5534-49b3-b3f2-a9f154b450de@group-2FABE92B7E5B: changes role from CANDIDATE to FOLLOWER at term 114 for DISCOVERED_A_NEW_TERM
2019-10-21 23:46:34,777 [b88b3e43-5534-49b3-b3f2-a9f154b450de@group-2FABE92B7E5B-LeaderElection112] INFO  impl.RoleInfo (RoleInfo.java:shutdownLeaderElection(134)) - b88b3e43-5534-49b3-b3f2-a9f154b450de: shutdown LeaderElection
2019-10-21 23:46:34,777 [b88b3e43-5534-49b3-b3f2-a9f154b450de@group-2FABE92B7E5B-LeaderElection112] INFO  impl.RoleInfo (RoleInfo.java:updateAndGet(143)) - b88b3e43-5534-49b3-b3f2-a9f154b450de: start FollowerState
2019-10-21 23:46:34,893 [Thread-945] INFO  impl.FollowerState (FollowerState.java:run(108)) - b88b3e43-5534-49b3-b3f2-a9f154b450de@group-2FABE92B7E5B-FollowerState: change to CANDIDATE, lastRpcTime:115ms, electionTimeout:115ms
2019-10-21 23:46:34,893 [Thread-945] INFO  impl.RoleInfo (RoleInfo.java:shutdownFollowerState(121)) - b88b3e43-5534-49b3-b3f2-a9f154b450de: shutdown FollowerState
2019-10-21 23:46:34,893 [Thread-945] INFO  impl.RaftServerImpl (RaftServerImpl.java:setRole(184)) - b88b3e43-5534-49b3-b3f2-a9f154b450de@group-2FABE92B7E5B: changes role from  FOLLOWER to CANDIDATE at term 114 for changeToCandidate
2019-10-21 23:46:34,893 [Thread-945] INFO  impl.RoleInfo (RoleInfo.java:updateAndGet(143)) - b88b3e43-5534-49b3-b3f2-a9f154b450de: start LeaderElection
2019-10-21 23:46:34,919 [b88b3e43-5534-49b3-b3f2-a9f154b450de@group-2FABE92B7E5B-LeaderElection113] INFO  impl.LeaderElection (LeaderElection.java:askForVotes(178)) - b88b3e43-5534-49b3-b3f2-a9f154b450de@group-2FABE92B7E5B-LeaderElection113: begin an election at term 115 for -1: [c58a0a02-acd3-47c8-b3e9-5b8e0493de45:192.168.157.254:33611, 1360619e-ba1e-4bf9-aec1-9f15b5480b27:192.168.157.254:45658, b88b3e43-5534-49b3-b3f2-a9f154b450de:192.168.157.254:46786], old=null
2019-10-21 23:46:34,921 [grpc-default-executor-0] INFO  impl.RaftServerImpl (RaftServerImpl.java:setRole(184)) - 1360619e-ba1e-4bf9-aec1-9f15b5480b27@group-2FABE92B7E5B: changes role from  FOLLOWER to FOLLOWER at term 115 for recognizeCandidate:b88b3e43-5534-49b3-b3f2-a9f154b450de
2019-10-21 23:46:34,921 [grpc-default-executor-2] INFO  impl.RaftServerImpl (RaftServerImpl.java:setRole(184)) - c58a0a02-acd3-47c8-b3e9-5b8e0493de45@group-2FABE92B7E5B: changes role from  FOLLOWER to FOLLOWER at term 115 for recognizeCandidate:b88b3e43-5534-49b3-b3f2-a9f154b450de
2019-10-21 23:46:34,922 [grpc-default-executor-0] INFO  impl.RoleInfo (RoleInfo.java:shutdownFollowerState(121)) - 1360619e-ba1e-4bf9-aec1-9f15b5480b27: shutdown FollowerState
2019-10-21 23:46:34,922 [grpc-default-executor-2] INFO  impl.RoleInfo (RoleInfo.java:shutdownFollowerState(121)) - c58a0a02-acd3-47c8-b3e9-5b8e0493de45: shutdown FollowerState
2019-10-21 23:46:34,922 [Thread-943] INFO  impl.FollowerState (FollowerState.java:run(117)) - 1360619e-ba1e-4bf9-aec1-9f15b5480b27@group-2FABE92B7E5B-FollowerState was interrupted: java.lang.InterruptedException: sleep interrupted
2019-10-21 23:46:34,922 [grpc-default-executor-0] INFO  impl.RoleInfo (RoleInfo.java:updateAndGet(143)) - 1360619e-ba1e-4bf9-aec1-9f15b5480b27: start FollowerState
2019-10-21 23:46:34,922 [Thread-944] INFO  impl.FollowerState (FollowerState.java:run(117)) - c58a0a02-acd3-47c8-b3e9-5b8e0493de45@group-2FABE92B7E5B-FollowerState was interrupted: java.lang.InterruptedException: sleep interrupted
2019-10-21 23:46:34,922 [grpc-default-executor-2] INFO  impl.RoleInfo (RoleInfo.java:updateAndGet(143)) - c58a0a02-acd3-47c8-b3e9-5b8e0493de45: start FollowerState
2019-10-21 23:46:34,936 [b88b3e43-5534-49b3-b3f2-a9f154b450de@group-2FABE92B7E5B-LeaderElection113] INFO  impl.LeaderElection (LeaderElection.java:logAndReturn(56)) - b88b3e43-5534-49b3-b3f2-a9f154b450de@group-2FABE92B7E5B-LeaderElection113: Election REJECTED; received 2 response(s) [b88b3e43-5534-49b3-b3f2-a9f154b450de<-c58a0a02-acd3-47c8-b3e9-5b8e0493de45#0:FAIL-t115, b88b3e43-5534-49b3-b3f2-a9f154b450de<-1360619e-ba1e-4bf9-aec1-9f15b5480b27#0:FAIL-t115] and 0 exception(s); b88b3e43-5534-49b3-b3f2-a9f154b450de@group-2FABE92B7E5B:t115, leader=null, voted=b88b3e43-5534-49b3-b3f2-a9f154b450de, raftlog=b88b3e43-5534-49b3-b3f2-a9f154b450de@group-2FABE92B7E5B-SegmentedRaftLog:OPENED:c-1,f-1,i0, conf=-1: [c58a0a02-acd3-47c8-b3e9-5b8e0493de45:192.168.157.254:33611, 1360619e-ba1e-4bf9-aec1-9f15b5480b27:192.168.157.254:45658, b88b3e43-5534-49b3-b3f2-a9f154b450de:192.168.157.254:46786], old=null
2019-10-21 23:46:34,936 [b88b3e43-5534-49b3-b3f2-a9f154b450de@group-2FABE92B7E5B-LeaderElection113] INFO  impl.RaftServerImpl (RaftServerImpl.java:setRole(184)) - b88b3e43-5534-49b3-b3f2-a9f154b450de@group-2FABE92B7E5B: changes role from CANDIDATE to FOLLOWER at term 115 for DISCOVERED_A_NEW_TERM
2019-10-21 23:46:34,937 [b88b3e43-5534-49b3-b3f2-a9f154b450de@group-2FABE92B7E5B-LeaderElection113] INFO  impl.RoleInfo (RoleInfo.java:shutdownLeaderElection(134)) - b88b3e43-5534-49b3-b3f2-a9f154b450de: shutdown LeaderElection
2019-10-21 23:46:34,937 [b88b3e43-5534-49b3-b3f2-a9f154b450de@group-2FABE92B7E5B-LeaderElection113] INFO  impl.RoleInfo (RoleInfo.java:updateAndGet(143)) - b88b3e43-5534-49b3-b3f2-a9f154b450de: start FollowerState
2019-10-21 23:46:35,083 [Thread-953] INFO  impl.FollowerState (FollowerState.java:run(108)) - b88b3e43-5534-49b3-b3f2-a9f154b450de@group-2FABE92B7E5B-FollowerState: change to CANDIDATE, lastRpcTime:146ms, electionTimeout:146ms
2019-10-21 23:46:35,083 [Thread-953] INFO  impl.RoleInfo (RoleInfo.java:shutdownFollowerState(121)) - b88b3e43-5534-49b3-b3f2-a9f154b450de: shutdown FollowerState
2019-10-21 23:46:35,083 [Thread-953] INFO  impl.RaftServerImpl (RaftServerImpl.java:setRole(184)) - b88b3e43-5534-49b3-b3f2-a9f154b450de@group-2FABE92B7E5B: changes role from  FOLLOWER to CANDIDATE at term 115 for changeToCandidate
2019-10-21 23:46:35,084 [Thread-953] INFO  impl.RoleInfo (RoleInfo.java:updateAndGet(143)) - b88b3e43-5534-49b3-b3f2-a9f154b450de: start LeaderElection
2019-10-21 23:46:35,097 [b88b3e43-5534-49b3-b3f2-a9f154b450de@group-2FABE92B7E5B-LeaderElection114] INFO  impl.LeaderElection (LeaderElection.java:askForVotes(178)) - b88b3e43-5534-49b3-b3f2-a9f154b450de@group-2FABE92B7E5B-LeaderElection114: begin an election at term 116 for -1: [c58a0a02-acd3-47c8-b3e9-5b8e0493de45:192.168.157.254:33611, 1360619e-ba1e-4bf9-aec1-9f15b5480b27:192.168.157.254:45658, b88b3e43-5534-49b3-b3f2-a9f154b450de:192.168.157.254:46786], old=null
2019-10-21 23:46:35,100 [grpc-default-executor-0] INFO  impl.RaftServerImpl (RaftServerImpl.java:setRole(184)) - 1360619e-ba1e-4bf9-aec1-9f15b5480b27@group-2FABE92B7E5B: changes role from  FOLLOWER to FOLLOWER at term 116 for recognizeCandidate:b88b3e43-5534-49b3-b3f2-a9f154b450de
2019-10-21 23:46:35,100 [grpc-default-executor-0] INFO  impl.RoleInfo (RoleInfo.java:shutdownFollowerState(121)) - 1360619e-ba1e-4bf9-aec1-9f15b5480b27: shutdown FollowerState
2019-10-21 23:46:35,100 [grpc-default-executor-0] INFO  impl.RoleInfo (RoleInfo.java:updateAndGet(143)) - 1360619e-ba1e-4bf9-aec1-9f15b5480b27: start FollowerState
2019-10-21 23:46:35,100 [Thread-951] INFO  impl.FollowerState (FollowerState.java:run(117)) - 1360619e-ba1e-4bf9-aec1-9f15b5480b27@group-2FABE92B7E5B-FollowerState was interrupted: java.lang.InterruptedException: sleep interrupted
2019-10-21 23:46:35,100 [grpc-default-executor-2] INFO  impl.RaftServerImpl (RaftServerImpl.java:setRole(184)) - c58a0a02-acd3-47c8-b3e9-5b8e0493de45@group-2FABE92B7E5B: changes role from  FOLLOWER to FOLLOWER at term 116 for recognizeCandidate:b88b3e43-5534-49b3-b3f2-a9f154b450de
2019-10-21 23:46:35,100 [grpc-default-executor-2] INFO  impl.RoleInfo (RoleInfo.java:shutdownFollowerState(121)) - c58a0a02-acd3-47c8-b3e9-5b8e0493de45: shutdown FollowerState
2019-10-21 23:46:35,101 [grpc-default-executor-2] INFO  impl.RoleInfo (RoleInfo.java:updateAndGet(143)) - c58a0a02-acd3-47c8-b3e9-5b8e0493de45: start FollowerState
2019-10-21 23:46:35,101 [Thread-952] INFO  impl.FollowerState (FollowerState.java:run(117)) - c58a0a02-acd3-47c8-b3e9-5b8e0493de45@group-2FABE92B7E5B-FollowerState was interrupted: java.lang.InterruptedException: sleep interrupted
2019-10-21 23:46:35,114 [b88b3e43-5534-49b3-b3f2-a9f154b450de@group-2FABE92B7E5B-LeaderElection114] INFO  impl.LeaderElection (LeaderElection.java:logAndReturn(56)) - b88b3e43-5534-49b3-b3f2-a9f154b450de@group-2FABE92B7E5B-LeaderElection114: Election REJECTED; received 2 response(s) [b88b3e43-5534-49b3-b3f2-a9f154b450de<-c58a0a02-acd3-47c8-b3e9-5b8e0493de45#0:FAIL-t116, b88b3e43-5534-49b3-b3f2-a9f154b450de<-1360619e-ba1e-4bf9-aec1-9f15b5480b27#0:FAIL-t116] and 0 exception(s); b88b3e43-5534-49b3-b3f2-a9f154b450de@group-2FABE92B7E5B:t116, leader=null, voted=b88b3e43-5534-49b3-b3f2-a9f154b450de, raftlog=b88b3e43-5534-49b3-b3f2-a9f154b450de@group-2FABE92B7E5B-SegmentedRaftLog:OPENED:c-1,f-1,i0, conf=-1: [c58a0a02-acd3-47c8-b3e9-5b8e0493de45:192.168.157.254:33611, 1360619e-ba1e-4bf9-aec1-9f15b5480b27:192.168.157.254:45658, b88b3e43-5534-49b3-b3f2-a9f154b450de:192.168.157.254:46786], old=null
2019-10-21 23:46:35,115 [b88b3e43-5534-49b3-b3f2-a9f154b450de@group-2FABE92B7E5B-LeaderElection114] INFO  impl.RaftServerImpl (RaftServerImpl.java:setRole(184)) - b88b3e43-5534-49b3-b3f2-a9f154b450de@group-2FABE92B7E5B: changes role from CANDIDATE to FOLLOWER at term 116 for DISCOVERED_A_NEW_TERM
2019-10-21 23:46:35,115 [b88b3e43-5534-49b3-b3f2-a9f154b450de@group-2FABE92B7E5B-LeaderElection114] INFO  impl.RoleInfo (RoleInfo.java:shutdownLeaderElection(134)) - b88b3e43-5534-49b3-b3f2-a9f154b450de: shutdown LeaderElection
2019-10-21 23:46:35,115 [b88b3e43-5534-49b3-b3f2-a9f154b450de@group-2FABE92B7E5B-LeaderElection114] INFO  impl.RoleInfo (RoleInfo.java:updateAndGet(143)) - b88b3e43-5534-49b3-b3f2-a9f154b450de: start FollowerState
2019-10-21 23:46:35,137 [Thread-959] INFO  impl.FollowerState (FollowerState.java:run(108)) - b88b3e43-5534-49b3-b3f2-a9f154b450de@group-2FABE92B7E5B-FollowerState: change to CANDIDATE, lastRpcTime:22ms, electionTimeout:22ms
2019-10-21 23:46:35,137 [Thread-959] INFO  impl.RoleInfo (RoleInfo.java:shutdownFollowerState(121)) - b88b3e43-5534-49b3-b3f2-a9f154b450de: shutdown FollowerState
2019-10-21 23:46:35,137 [Thread-959] INFO  impl.RaftServerImpl (RaftServerImpl.java:setRole(184)) - b88b3e43-5534-49b3-b3f2-a9f154b450de@group-2FABE92B7E5B: changes role from  FOLLOWER to CANDIDATE at term 116 for changeToCandidate
2019-10-21 23:46:35,138 [Thread-959] INFO  impl.RoleInfo (RoleInfo.java:updateAndGet(143)) - b88b3e43-5534-49b3-b3f2-a9f154b450de: start LeaderElection
2019-10-21 23:46:35,151 [b88b3e43-5534-49b3-b3f2-a9f154b450de@group-2FABE92B7E5B-LeaderElection115] INFO  impl.LeaderElection (LeaderElection.java:askForVotes(178)) - b88b3e43-5534-49b3-b3f2-a9f154b450de@group-2FABE92B7E5B-LeaderElection115: begin an election at term 117 for -1: [c58a0a02-acd3-47c8-b3e9-5b8e0493de45:192.168.157.254:33611, 1360619e-ba1e-4bf9-aec1-9f15b5480b27:192.168.157.254:45658, b88b3e43-5534-49b3-b3f2-a9f154b450de:192.168.157.254:46786], old=null
2019-10-21 23:46:35,154 [grpc-default-executor-0] INFO  impl.RaftServerImpl (RaftServerImpl.java:setRole(184)) - c58a0a02-acd3-47c8-b3e9-5b8e0493de45@group-2FABE92B7E5B: changes role from  FOLLOWER to FOLLOWER at term 117 for recognizeCandidate:b88b3e43-5534-49b3-b3f2-a9f154b450de
2019-10-21 23:46:35,154 [grpc-default-executor-2] INFO  impl.RaftServerImpl (RaftServerImpl.java:setRole(184)) - 1360619e-ba1e-4bf9-aec1-9f15b5480b27@group-2FABE92B7E5B: changes role from  FOLLOWER to FOLLOWER at term 117 for recognizeCandidate:b88b3e43-5534-49b3-b3f2-a9f154b450de
2019-10-21 23:46:35,154 [grpc-default-executor-0] INFO  impl.RoleInfo (RoleInfo.java:shutdownFollowerState(121)) - c58a0a02-acd3-47c8-b3e9-5b8e0493de45: shutdown FollowerState
2019-10-21 23:46:35,154 [grpc-default-executor-2] INFO  impl.RoleInfo (RoleInfo.java:shutdownFollowerState(121)) - 1360619e-ba1e-4bf9-aec1-9f15b5480b27: shutdown FollowerState
2019-10-21 23:46:35,155 [Thread-958] INFO  impl.FollowerState (FollowerState.java:run(117)) - c58a0a02-acd3-47c8-b3e9-5b8e0493de45@group-2FABE92B7E5B-FollowerState was interrupted: java.lang.InterruptedException: sleep interrupted
2019-10-21 23:46:35,154 [grpc-default-executor-0] INFO  impl.RoleInfo (RoleInfo.java:updateAndGet(143)) - c58a0a02-acd3-47c8-b3e9-5b8e0493de45: start FollowerState
2019-10-21 23:46:35,155 [Thread-957] INFO  impl.FollowerState (FollowerState.java:run(117)) - 1360619e-ba1e-4bf9-aec1-9f15b5480b27@group-2FABE92B7E5B-FollowerState was interrupted: java.lang.InterruptedException: sleep interrupted
2019-10-21 23:46:35,155 [grpc-default-executor-2] INFO  impl.RoleInfo (RoleInfo.java:updateAndGet(143)) - 1360619e-ba1e-4bf9-aec1-9f15b5480b27: start FollowerState
2019-10-21 23:46:35,169 [b88b3e43-5534-49b3-b3f2-a9f154b450de@group-2FABE92B7E5B-LeaderElection115] INFO  impl.LeaderElection (LeaderElection.java:logAndReturn(56)) - b88b3e43-5534-49b3-b3f2-a9f154b450de@group-2FABE92B7E5B-LeaderElection115: Election REJECTED; received 2 response(s) [b88b3e43-5534-49b3-b3f2-a9f154b450de<-c58a0a02-acd3-47c8-b3e9-5b8e0493de45#0:FAIL-t117, b88b3e43-5534-49b3-b3f2-a9f154b450de<-1360619e-ba1e-4bf9-aec1-9f15b5480b27#0:FAIL-t117] and 0 exception(s); b88b3e43-5534-49b3-b3f2-a9f154b450de@group-2FABE92B7E5B:t117, leader=null, voted=b88b3e43-5534-49b3-b3f2-a9f154b450de, raftlog=b88b3e43-5534-49b3-b3f2-a9f154b450de@group-2FABE92B7E5B-SegmentedRaftLog:OPENED:c-1,f-1,i0, conf=-1: [c58a0a02-acd3-47c8-b3e9-5b8e0493de45:192.168.157.254:33611, 1360619e-ba1e-4bf9-aec1-9f15b5480b27:192.168.157.254:45658, b88b3e43-5534-49b3-b3f2-a9f154b450de:192.168.157.254:46786], old=null
2019-10-21 23:46:35,169 [b88b3e43-5534-49b3-b3f2-a9f154b450de@group-2FABE92B7E5B-LeaderElection115] INFO  impl.RaftServerImpl (RaftServerImpl.java:setRole(184)) - b88b3e43-5534-49b3-b3f2-a9f154b450de@group-2FABE92B7E5B: changes role from CANDIDATE to FOLLOWER at term 117 for DISCOVERED_A_NEW_TERM
2019-10-21 23:46:35,170 [b88b3e43-5534-49b3-b3f2-a9f154b450de@group-2FABE92B7E5B-LeaderElection115] INFO  impl.RoleInfo (RoleInfo.java:shutdownLeaderElection(134)) - b88b3e43-5534-49b3-b3f2-a9f154b450de: shutdown LeaderElection
2019-10-21 23:46:35,170 [b88b3e43-5534-49b3-b3f2-a9f154b450de@group-2FABE92B7E5B-LeaderElection115] INFO  impl.RoleInfo (RoleInfo.java:updateAndGet(143)) - b88b3e43-5534-49b3-b3f2-a9f154b450de: start FollowerState
2019-10-21 23:46:35,254 [Thread-965] INFO  impl.FollowerState (FollowerState.java:run(108)) - b88b3e43-5534-49b3-b3f2-a9f154b450de@group-2FABE92B7E5B-FollowerState: change to CANDIDATE, lastRpcTime:84ms, electionTimeout:84ms
2019-10-21 23:46:35,254 [Thread-965] INFO  impl.RoleInfo (RoleInfo.java:shutdownFollowerState(121)) - b88b3e43-5534-49b3-b3f2-a9f154b450de: shutdown FollowerState
2019-10-21 23:46:35,254 [Thread-965] INFO  impl.RaftServerImpl (RaftServerImpl.java:setRole(184)) - b88b3e43-5534-49b3-b3f2-a9f154b450de@group-2FABE92B7E5B: changes role from  FOLLOWER to CANDIDATE at term 117 for changeToCandidate
2019-10-21 23:46:35,255 [Thread-965] INFO  impl.RoleInfo (RoleInfo.java:updateAndGet(143)) - b88b3e43-5534-49b3-b3f2-a9f154b450de: start LeaderElection
2019-10-21 23:46:35,269 [b88b3e43-5534-49b3-b3f2-a9f154b450de@group-2FABE92B7E5B-LeaderElection116] INFO  impl.LeaderElection (LeaderElection.java:askForVotes(178)) - b88b3e43-5534-49b3-b3f2-a9f154b450de@group-2FABE92B7E5B-LeaderElection116: begin an election at term 118 for -1: [c58a0a02-acd3-47c8-b3e9-5b8e0493de45:192.168.157.254:33611, 1360619e-ba1e-4bf9-aec1-9f15b5480b27:192.168.157.254:45658, b88b3e43-5534-49b3-b3f2-a9f154b450de:192.168.157.254:46786], old=null
2019-10-21 23:46:35,271 [grpc-default-executor-2] INFO  impl.RaftServerImpl (RaftServerImpl.java:setRole(184)) - c58a0a02-acd3-47c8-b3e9-5b8e0493de45@group-2FABE92B7E5B: changes role from  FOLLOWER to FOLLOWER at term 118 for recognizeCandidate:b88b3e43-5534-49b3-b3f2-a9f154b450de
2019-10-21 23:46:35,271 [grpc-default-executor-0] INFO  impl.RaftServerImpl (RaftServerImpl.java:setRole(184)) - 1360619e-ba1e-4bf9-aec1-9f15b5480b27@group-2FABE92B7E5B: changes role from  FOLLOWER to FOLLOWER at term 118 for recognizeCandidate:b88b3e43-5534-49b3-b3f2-a9f154b450de
2019-10-21 23:46:35,271 [grpc-default-executor-2] INFO  impl.RoleInfo (RoleInfo.java:shutdownFollowerState(121)) - c58a0a02-acd3-47c8-b3e9-5b8e0493de45: shutdown FollowerState
2019-10-21 23:46:35,272 [grpc-default-executor-0] INFO  impl.RoleInfo (RoleInfo.java:shutdownFollowerState(121)) - 1360619e-ba1e-4bf9-aec1-9f15b5480b27: shutdown FollowerState
2019-10-21 23:46:35,272 [Thread-963] INFO  impl.FollowerState (FollowerState.java:run(117)) - c58a0a02-acd3-47c8-b3e9-5b8e0493de45@group-2FABE92B7E5B-FollowerState was interrupted: java.lang.InterruptedException: sleep interrupted
2019-10-21 23:46:35,272 [grpc-default-executor-2] INFO  impl.RoleInfo (RoleInfo.java:updateAndGet(143)) - c58a0a02-acd3-47c8-b3e9-5b8e0493de45: start FollowerState
2019-10-21 23:46:35,272 [Thread-964] INFO  impl.FollowerState (FollowerState.java:run(117)) - 1360619e-ba1e-4bf9-aec1-9f15b5480b27@group-2FABE92B7E5B-FollowerState was interrupted: java.lang.InterruptedException: sleep interrupted
2019-10-21 23:46:35,272 [grpc-default-executor-0] INFO  impl.RoleInfo (RoleInfo.java:updateAndGet(143)) - 1360619e-ba1e-4bf9-aec1-9f15b5480b27: start FollowerState
2019-10-21 23:46:35,286 [b88b3e43-5534-49b3-b3f2-a9f154b450de@group-2FABE92B7E5B-LeaderElection116] INFO  impl.LeaderElection (LeaderElection.java:logAndReturn(56)) - b88b3e43-5534-49b3-b3f2-a9f154b450de@group-2FABE92B7E5B-LeaderElection116: Election REJECTED; received 2 response(s) [b88b3e43-5534-49b3-b3f2-a9f154b450de<-c58a0a02-acd3-47c8-b3e9-5b8e0493de45#0:FAIL-t118, b88b3e43-5534-49b3-b3f2-a9f154b450de<-1360619e-ba1e-4bf9-aec1-9f15b5480b27#0:FAIL-t118] and 0 exception(s); b88b3e43-5534-49b3-b3f2-a9f154b450de@group-2FABE92B7E5B:t118, leader=null, voted=b88b3e43-5534-49b3-b3f2-a9f154b450de, raftlog=b88b3e43-5534-49b3-b3f2-a9f154b450de@group-2FABE92B7E5B-SegmentedRaftLog:OPENED:c-1,f-1,i0, conf=-1: [c58a0a02-acd3-47c8-b3e9-5b8e0493de45:192.168.157.254:33611, 1360619e-ba1e-4bf9-aec1-9f15b5480b27:192.168.157.254:45658, b88b3e43-5534-49b3-b3f2-a9f154b450de:192.168.157.254:46786], old=null
2019-10-21 23:46:35,286 [b88b3e43-5534-49b3-b3f2-a9f154b450de@group-2FABE92B7E5B-LeaderElection116] INFO  impl.RaftServerImpl (RaftServerImpl.java:setRole(184)) - b88b3e43-5534-49b3-b3f2-a9f154b450de@group-2FABE92B7E5B: changes role from CANDIDATE to FOLLOWER at term 118 for DISCOVERED_A_NEW_TERM
2019-10-21 23:46:35,286 [b88b3e43-5534-49b3-b3f2-a9f154b450de@group-2FABE92B7E5B-LeaderElection116] INFO  impl.RoleInfo (RoleInfo.java:shutdownLeaderElection(134)) - b88b3e43-5534-49b3-b3f2-a9f154b450de: shutdown LeaderElection
2019-10-21 23:46:35,286 [b88b3e43-5534-49b3-b3f2-a9f154b450de@group-2FABE92B7E5B-LeaderElection116] INFO  impl.RoleInfo (RoleInfo.java:updateAndGet(143)) - b88b3e43-5534-49b3-b3f2-a9f154b450de: start FollowerState
2019-10-21 23:46:35,446 [Thread-971] INFO  impl.FollowerState (FollowerState.java:run(108)) - b88b3e43-5534-49b3-b3f2-a9f154b450de@group-2FABE92B7E5B-FollowerState: change to CANDIDATE, lastRpcTime:159ms, electionTimeout:159ms
2019-10-21 23:46:35,446 [Thread-971] INFO  impl.RoleInfo (RoleInfo.java:shutdownFollowerState(121)) - b88b3e43-5534-49b3-b3f2-a9f154b450de: shutdown FollowerState
2019-10-21 23:46:35,446 [Thread-971] INFO  impl.RaftServerImpl (RaftServerImpl.java:setRole(184)) - b88b3e43-5534-49b3-b3f2-a9f154b450de@group-2FABE92B7E5B: changes role from  FOLLOWER to CANDIDATE at term 118 for changeToCandidate
2019-10-21 23:46:35,447 [Thread-971] INFO  impl.RoleInfo (RoleInfo.java:updateAndGet(143)) - b88b3e43-5534-49b3-b3f2-a9f154b450de: start LeaderElection
2019-10-21 23:46:35,461 [b88b3e43-5534-49b3-b3f2-a9f154b450de@group-2FABE92B7E5B-LeaderElection117] INFO  impl.LeaderElection (LeaderElection.java:askForVotes(178)) - b88b3e43-5534-49b3-b3f2-a9f154b450de@group-2FABE92B7E5B-LeaderElection117: begin an election at term 119 for -1: [c58a0a02-acd3-47c8-b3e9-5b8e0493de45:192.168.157.254:33611, 1360619e-ba1e-4bf9-aec1-9f15b5480b27:192.168.157.254:45658, b88b3e43-5534-49b3-b3f2-a9f154b450de:192.168.157.254:46786], old=null
2019-10-21 23:46:35,463 [grpc-default-executor-0] INFO  impl.RaftServerImpl (RaftServerImpl.java:setRole(184)) - c58a0a02-acd3-47c8-b3e9-5b8e0493de45@group-2FABE92B7E5B: changes role from  FOLLOWER to FOLLOWER at term 119 for recognizeCandidate:b88b3e43-5534-49b3-b3f2-a9f154b450de
2019-10-21 23:46:35,463 [grpc-default-executor-0] INFO  impl.RoleInfo (RoleInfo.java:shutdownFollowerState(121)) - c58a0a02-acd3-47c8-b3e9-5b8e0493de45: shutdown FollowerState
2019-10-21 23:46:35,463 [grpc-default-executor-2] INFO  impl.RaftServerImpl (RaftServerImpl.java:setRole(184)) - 1360619e-ba1e-4bf9-aec1-9f15b5480b27@group-2FABE92B7E5B: changes role from  FOLLOWER to FOLLOWER at term 119 for recognizeCandidate:b88b3e43-5534-49b3-b3f2-a9f154b450de
2019-10-21 23:46:35,464 [Thread-969] INFO  impl.FollowerState (FollowerState.java:run(117)) - c58a0a02-acd3-47c8-b3e9-5b8e0493de45@group-2FABE92B7E5B-FollowerState was interrupted: java.lang.InterruptedException: sleep interrupted
2019-10-21 23:46:35,464 [grpc-default-executor-0] INFO  impl.RoleInfo (RoleInfo.java:updateAndGet(143)) - c58a0a02-acd3-47c8-b3e9-5b8e0493de45: start FollowerState
2019-10-21 23:46:35,464 [grpc-default-executor-2] INFO  impl.RoleInfo (RoleInfo.java:shutdownFollowerState(121)) - 1360619e-ba1e-4bf9-aec1-9f15b5480b27: shutdown FollowerState
2019-10-21 23:46:35,464 [grpc-default-executor-2] INFO  impl.RoleInfo (RoleInfo.java:updateAndGet(143)) - 1360619e-ba1e-4bf9-aec1-9f15b5480b27: start FollowerState
2019-10-21 23:46:35,464 [Thread-970] INFO  impl.FollowerState (FollowerState.java:run(117)) - 1360619e-ba1e-4bf9-aec1-9f15b5480b27@group-2FABE92B7E5B-FollowerState was interrupted: java.lang.InterruptedException: sleep interrupted
2019-10-21 23:46:35,478 [b88b3e43-5534-49b3-b3f2-a9f154b450de@group-2FABE92B7E5B-LeaderElection117] INFO  impl.LeaderElection (LeaderElection.java:logAndReturn(56)) - b88b3e43-5534-49b3-b3f2-a9f154b450de@group-2FABE92B7E5B-LeaderElection117: Election REJECTED; received 2 response(s) [b88b3e43-5534-49b3-b3f2-a9f154b450de<-c58a0a02-acd3-47c8-b3e9-5b8e0493de45#0:FAIL-t119, b88b3e43-5534-49b3-b3f2-a9f154b450de<-1360619e-ba1e-4bf9-aec1-9f15b5480b27#0:FAIL-t119] and 0 exception(s); b88b3e43-5534-49b3-b3f2-a9f154b450de@group-2FABE92B7E5B:t119, leader=null, voted=b88b3e43-5534-49b3-b3f2-a9f154b450de, raftlog=b88b3e43-5534-49b3-b3f2-a9f154b450de@group-2FABE92B7E5B-SegmentedRaftLog:OPENED:c-1,f-1,i0, conf=-1: [c58a0a02-acd3-47c8-b3e9-5b8e0493de45:192.168.157.254:33611, 1360619e-ba1e-4bf9-aec1-9f15b5480b27:192.168.157.254:45658, b88b3e43-5534-49b3-b3f2-a9f154b450de:192.168.157.254:46786], old=null
2019-10-21 23:46:35,478 [b88b3e43-5534-49b3-b3f2-a9f154b450de@group-2FABE92B7E5B-LeaderElection117] INFO  impl.RaftServerImpl (RaftServerImpl.java:setRole(184)) - b88b3e43-5534-49b3-b3f2-a9f154b450de@group-2FABE92B7E5B: changes role from CANDIDATE to FOLLOWER at term 119 for DISCOVERED_A_NEW_TERM
2019-10-21 23:46:35,478 [b88b3e43-5534-49b3-b3f2-a9f154b450de@group-2FABE92B7E5B-LeaderElection117] INFO  impl.RoleInfo (RoleInfo.java:shutdownLeaderElection(134)) - b88b3e43-5534-49b3-b3f2-a9f154b450de: shutdown LeaderElection
2019-10-21 23:46:35,479 [b88b3e43-5534-49b3-b3f2-a9f154b450de@group-2FABE92B7E5B-LeaderElection117] INFO  impl.RoleInfo (RoleInfo.java:updateAndGet(143)) - b88b3e43-5534-49b3-b3f2-a9f154b450de: start FollowerState
2019-10-21 23:46:35,553 [Thread-977] INFO  impl.FollowerState (FollowerState.java:run(108)) - b88b3e43-5534-49b3-b3f2-a9f154b450de@group-2FABE92B7E5B-FollowerState: change to CANDIDATE, lastRpcTime:74ms, electionTimeout:74ms
2019-10-21 23:46:35,553 [Thread-977] INFO  impl.RoleInfo (RoleInfo.java:shutdownFollowerState(121)) - b88b3e43-5534-49b3-b3f2-a9f154b450de: shutdown FollowerState
2019-10-21 23:46:35,553 [Thread-977] INFO  impl.RaftServerImpl (RaftServerImpl.java:setRole(184)) - b88b3e43-5534-49b3-b3f2-a9f154b450de@group-2FABE92B7E5B: changes role from  FOLLOWER to CANDIDATE at term 119 for changeToCandidate
2019-10-21 23:46:35,553 [Thread-977] INFO  impl.RoleInfo (RoleInfo.java:updateAndGet(143)) - b88b3e43-5534-49b3-b3f2-a9f154b450de: start LeaderElection
2019-10-21 23:46:35,566 [b88b3e43-5534-49b3-b3f2-a9f154b450de@group-2FABE92B7E5B-LeaderElection118] INFO  impl.LeaderElection (LeaderElection.java:askForVotes(178)) - b88b3e43-5534-49b3-b3f2-a9f154b450de@group-2FABE92B7E5B-LeaderElection118: begin an election at term 120 for -1: [c58a0a02-acd3-47c8-b3e9-5b8e0493de45:192.168.157.254:33611, 1360619e-ba1e-4bf9-aec1-9f15b5480b27:192.168.157.254:45658, b88b3e43-5534-49b3-b3f2-a9f154b450de:192.168.157.254:46786], old=null
2019-10-21 23:46:35,568 [grpc-default-executor-2] INFO  impl.RaftServerImpl (RaftServerImpl.java:setRole(184)) - c58a0a02-acd3-47c8-b3e9-5b8e0493de45@group-2FABE92B7E5B: changes role from  FOLLOWER to FOLLOWER at term 120 for recognizeCandidate:b88b3e43-5534-49b3-b3f2-a9f154b450de
2019-10-21 23:46:35,568 [grpc-default-executor-0] INFO  impl.RaftServerImpl (RaftServerImpl.java:setRole(184)) - 1360619e-ba1e-4bf9-aec1-9f15b5480b27@group-2FABE92B7E5B: changes role from  FOLLOWER to FOLLOWER at term 120 for recognizeCandidate:b88b3e43-5534-49b3-b3f2-a9f154b450de
2019-10-21 23:46:35,569 [grpc-default-executor-0] INFO  impl.RoleInfo (RoleInfo.java:shutdownFollowerState(121)) - 1360619e-ba1e-4bf9-aec1-9f15b5480b27: shutdown FollowerState
2019-10-21 23:46:35,568 [grpc-default-executor-2] INFO  impl.RoleInfo (RoleInfo.java:shutdownFollowerState(121)) - c58a0a02-acd3-47c8-b3e9-5b8e0493de45: shutdown FollowerState
2019-10-21 23:46:35,569 [grpc-default-executor-0] INFO  impl.RoleInfo (RoleInfo.java:updateAndGet(143)) - 1360619e-ba1e-4bf9-aec1-9f15b5480b27: start FollowerState
2019-10-21 23:46:35,569 [Thread-975] INFO  impl.FollowerState (FollowerState.java:run(117)) - c58a0a02-acd3-47c8-b3e9-5b8e0493de45@group-2FABE92B7E5B-FollowerState was interrupted: java.lang.InterruptedException: sleep interrupted
2019-10-21 23:46:35,569 [grpc-default-executor-2] INFO  impl.RoleInfo (RoleInfo.java:updateAndGet(143)) - c58a0a02-acd3-47c8-b3e9-5b8e0493de45: start FollowerState
2019-10-21 23:46:35,569 [Thread-976] INFO  impl.FollowerState (FollowerState.java:run(117)) - 1360619e-ba1e-4bf9-aec1-9f15b5480b27@group-2FABE92B7E5B-FollowerState was interrupted: java.lang.InterruptedException: sleep interrupted
2019-10-21 23:46:35,583 [b88b3e43-5534-49b3-b3f2-a9f154b450de@group-2FABE92B7E5B-LeaderElection118] INFO  impl.LeaderElection (LeaderElection.java:logAndReturn(56)) - b88b3e43-5534-49b3-b3f2-a9f154b450de@group-2FABE92B7E5B-LeaderElection118: Election REJECTED; received 2 response(s) [b88b3e43-5534-49b3-b3f2-a9f154b450de<-c58a0a02-acd3-47c8-b3e9-5b8e0493de45#0:FAIL-t120, b88b3e43-5534-49b3-b3f2-a9f154b450de<-1360619e-ba1e-4bf9-aec1-9f15b5480b27#0:FAIL-t120] and 0 exception(s); b88b3e43-5534-49b3-b3f2-a9f154b450de@group-2FABE92B7E5B:t120, leader=null, voted=b88b3e43-5534-49b3-b3f2-a9f154b450de, raftlog=b88b3e43-5534-49b3-b3f2-a9f154b450de@group-2FABE92B7E5B-SegmentedRaftLog:OPENED:c-1,f-1,i0, conf=-1: [c58a0a02-acd3-47c8-b3e9-5b8e0493de45:192.168.157.254:33611, 1360619e-ba1e-4bf9-aec1-9f15b5480b27:192.168.157.254:45658, b88b3e43-5534-49b3-b3f2-a9f154b450de:192.168.157.254:46786], old=null
2019-10-21 23:46:35,583 [b88b3e43-5534-49b3-b3f2-a9f154b450de@group-2FABE92B7E5B-LeaderElection118] INFO  impl.RaftServerImpl (RaftServerImpl.java:setRole(184)) - b88b3e43-5534-49b3-b3f2-a9f154b450de@group-2FABE92B7E5B: changes role from CANDIDATE to FOLLOWER at term 120 for DISCOVERED_A_NEW_TERM
2019-10-21 23:46:35,584 [b88b3e43-5534-49b3-b3f2-a9f154b450de@group-2FABE92B7E5B-LeaderElection118] INFO  impl.RoleInfo (RoleInfo.java:shutdownLeaderElection(134)) - b88b3e43-5534-49b3-b3f2-a9f154b450de: shutdown LeaderElection
2019-10-21 23:46:35,584 [b88b3e43-5534-49b3-b3f2-a9f154b450de@group-2FABE92B7E5B-LeaderElection118] INFO  impl.RoleInfo (RoleInfo.java:updateAndGet(143)) - b88b3e43-5534-49b3-b3f2-a9f154b450de: start FollowerState
2019-10-21 23:46:35,667 [Thread-983] INFO  impl.FollowerState (FollowerState.java:run(108)) - b88b3e43-5534-49b3-b3f2-a9f154b450de@group-2FABE92B7E5B-FollowerState: change to CANDIDATE, lastRpcTime:83ms, electionTimeout:83ms
2019-10-21 23:46:35,667 [Thread-983] INFO  impl.RoleInfo (RoleInfo.java:shutdownFollowerState(121)) - b88b3e43-5534-49b3-b3f2-a9f154b450de: shutdown FollowerState
2019-10-21 23:46:35,667 [Thread-983] INFO  impl.RaftServerImpl (RaftServerImpl.java:setRole(184)) - b88b3e43-5534-49b3-b3f2-a9f154b450de@group-2FABE92B7E5B: changes role from  FOLLOWER to CANDIDATE at term 120 for changeToCandidate
2019-10-21 23:46:35,667 [Thread-983] INFO  impl.RoleInfo (RoleInfo.java:updateAndGet(143)) - b88b3e43-5534-49b3-b3f2-a9f154b450de: start LeaderElection
2019-10-21 23:46:35,681 [b88b3e43-5534-49b3-b3f2-a9f154b450de@group-2FABE92B7E5B-LeaderElection119] INFO  impl.LeaderElection (LeaderElection.java:askForVotes(178)) - b88b3e43-5534-49b3-b3f2-a9f154b450de@group-2FABE92B7E5B-LeaderElection119: begin an election at term 121 for -1: [c58a0a02-acd3-47c8-b3e9-5b8e0493de45:192.168.157.254:33611, 1360619e-ba1e-4bf9-aec1-9f15b5480b27:192.168.157.254:45658, b88b3e43-5534-49b3-b3f2-a9f154b450de:192.168.157.254:46786], old=null
2019-10-21 23:46:35,683 [grpc-default-executor-0] INFO  impl.RaftServerImpl (RaftServerImpl.java:setRole(184)) - 1360619e-ba1e-4bf9-aec1-9f15b5480b27@group-2FABE92B7E5B: changes role from  FOLLOWER to FOLLOWER at term 121 for recognizeCandidate:b88b3e43-5534-49b3-b3f2-a9f154b450de
2019-10-21 23:46:35,683 [grpc-default-executor-0] INFO  impl.RoleInfo (RoleInfo.java:shutdownFollowerState(121)) - 1360619e-ba1e-4bf9-aec1-9f15b5480b27: shutdown FollowerState
2019-10-21 23:46:35,683 [grpc-default-executor-0] INFO  impl.RoleInfo (RoleInfo.java:updateAndGet(143)) - 1360619e-ba1e-4bf9-aec1-9f15b5480b27: start FollowerState
2019-10-21 23:46:35,683 [Thread-981] INFO  impl.FollowerState (FollowerState.java:run(117)) - 1360619e-ba1e-4bf9-aec1-9f15b5480b27@group-2FABE92B7E5B-FollowerState was interrupted: java.lang.InterruptedException: sleep interrupted
2019-10-21 23:46:35,683 [grpc-default-executor-2] INFO  impl.RaftServerImpl (RaftServerImpl.java:setRole(184)) - c58a0a02-acd3-47c8-b3e9-5b8e0493de45@group-2FABE92B7E5B: changes role from  FOLLOWER to FOLLOWER at term 121 for recognizeCandidate:b88b3e43-5534-49b3-b3f2-a9f154b450de
2019-10-21 23:46:35,684 [grpc-default-executor-2] INFO  impl.RoleInfo (RoleInfo.java:shutdownFollowerState(121)) - c58a0a02-acd3-47c8-b3e9-5b8e0493de45: shutdown FollowerState
2019-10-21 23:46:35,684 [grpc-default-executor-2] INFO  impl.RoleInfo (RoleInfo.java:updateAndGet(143)) - c58a0a02-acd3-47c8-b3e9-5b8e0493de45: start FollowerState
2019-10-21 23:46:35,684 [Thread-982] INFO  impl.FollowerState (FollowerState.java:run(117)) - c58a0a02-acd3-47c8-b3e9-5b8e0493de45@group-2FABE92B7E5B-FollowerState was interrupted: java.lang.InterruptedException: sleep interrupted
2019-10-21 23:46:35,700 [b88b3e43-5534-49b3-b3f2-a9f154b450de@group-2FABE92B7E5B-LeaderElection119] INFO  impl.LeaderElection (LeaderElection.java:logAndReturn(56)) - b88b3e43-5534-49b3-b3f2-a9f154b450de@group-2FABE92B7E5B-LeaderElection119: Election REJECTED; received 2 response(s) [b88b3e43-5534-49b3-b3f2-a9f154b450de<-c58a0a02-acd3-47c8-b3e9-5b8e0493de45#0:FAIL-t121, b88b3e43-5534-49b3-b3f2-a9f154b450de<-1360619e-ba1e-4bf9-aec1-9f15b5480b27#0:FAIL-t121] and 0 exception(s); b88b3e43-5534-49b3-b3f2-a9f154b450de@group-2FABE92B7E5B:t121, leader=null, voted=b88b3e43-5534-49b3-b3f2-a9f154b450de, raftlog=b88b3e43-5534-49b3-b3f2-a9f154b450de@group-2FABE92B7E5B-SegmentedRaftLog:OPENED:c-1,f-1,i0, conf=-1: [c58a0a02-acd3-47c8-b3e9-5b8e0493de45:192.168.157.254:33611, 1360619e-ba1e-4bf9-aec1-9f15b5480b27:192.168.157.254:45658, b88b3e43-5534-49b3-b3f2-a9f154b450de:192.168.157.254:46786], old=null
2019-10-21 23:46:35,700 [b88b3e43-5534-49b3-b3f2-a9f154b450de@group-2FABE92B7E5B-LeaderElection119] INFO  impl.RaftServerImpl (RaftServerImpl.java:setRole(184)) - b88b3e43-5534-49b3-b3f2-a9f154b450de@group-2FABE92B7E5B: changes role from CANDIDATE to FOLLOWER at term 121 for DISCOVERED_A_NEW_TERM
2019-10-21 23:46:35,700 [b88b3e43-5534-49b3-b3f2-a9f154b450de@group-2FABE92B7E5B-LeaderElection119] INFO  impl.RoleInfo (RoleInfo.java:shutdownLeaderElection(134)) - b88b3e43-5534-49b3-b3f2-a9f154b450de: shutdown LeaderElection
2019-10-21 23:46:35,701 [b88b3e43-5534-49b3-b3f2-a9f154b450de@group-2FABE92B7E5B-LeaderElection119] INFO  impl.RoleInfo (RoleInfo.java:updateAndGet(143)) - b88b3e43-5534-49b3-b3f2-a9f154b450de: start FollowerState
2019-10-21 23:46:35,898 [Thread-989] INFO  impl.FollowerState (FollowerState.java:run(108)) - b88b3e43-5534-49b3-b3f2-a9f154b450de@group-2FABE92B7E5B-FollowerState: change to CANDIDATE, lastRpcTime:197ms, electionTimeout:197ms
2019-10-21 23:46:35,898 [Thread-989] INFO  impl.RoleInfo (RoleInfo.java:shutdownFollowerState(121)) - b88b3e43-5534-49b3-b3f2-a9f154b450de: shutdown FollowerState
2019-10-21 23:46:35,898 [Thread-989] INFO  impl.RaftServerImpl (RaftServerImpl.java:setRole(184)) - b88b3e43-5534-49b3-b3f2-a9f154b450de@group-2FABE92B7E5B: changes role from  FOLLOWER to CANDIDATE at term 121 for changeToCandidate
2019-10-21 23:46:35,899 [Thread-989] INFO  impl.RoleInfo (RoleInfo.java:updateAndGet(143)) - b88b3e43-5534-49b3-b3f2-a9f154b450de: start LeaderElection
2019-10-21 23:46:35,913 [b88b3e43-5534-49b3-b3f2-a9f154b450de@group-2FABE92B7E5B-LeaderElection120] INFO  impl.LeaderElection (LeaderElection.java:askForVotes(178)) - b88b3e43-5534-49b3-b3f2-a9f154b450de@group-2FABE92B7E5B-LeaderElection120: begin an election at term 122 for -1: [c58a0a02-acd3-47c8-b3e9-5b8e0493de45:192.168.157.254:33611, 1360619e-ba1e-4bf9-aec1-9f15b5480b27:192.168.157.254:45658, b88b3e43-5534-49b3-b3f2-a9f154b450de:192.168.157.254:46786], old=null
2019-10-21 23:46:35,915 [grpc-default-executor-0] INFO  impl.RaftServerImpl (RaftServerImpl.java:setRole(184)) - c58a0a02-acd3-47c8-b3e9-5b8e0493de45@group-2FABE92B7E5B: changes role from  FOLLOWER to FOLLOWER at term 122 for recognizeCandidate:b88b3e43-5534-49b3-b3f2-a9f154b450de
2019-10-21 23:46:35,915 [grpc-default-executor-0] INFO  impl.RoleInfo (RoleInfo.java:shutdownFollowerState(121)) - c58a0a02-acd3-47c8-b3e9-5b8e0493de45: shutdown FollowerState
2019-10-21 23:46:35,915 [grpc-default-executor-2] INFO  impl.RaftServerImpl (RaftServerImpl.java:setRole(184)) - 1360619e-ba1e-4bf9-aec1-9f15b5480b27@group-2FABE92B7E5B: changes role from  FOLLOWER to FOLLOWER at term 122 for recognizeCandidate:b88b3e43-5534-49b3-b3f2-a9f154b450de
2019-10-21 23:46:35,915 [Thread-988] INFO  impl.FollowerState (FollowerState.java:run(117)) - c58a0a02-acd3-47c8-b3e9-5b8e0493de45@group-2FABE92B7E5B-FollowerState was interrupted: java.lang.InterruptedException: sleep interrupted
2019-10-21 23:46:35,915 [grpc-default-executor-0] INFO  impl.RoleInfo (RoleInfo.java:updateAndGet(143)) - c58a0a02-acd3-47c8-b3e9-5b8e0493de45: start FollowerState
2019-10-21 23:46:35,915 [grpc-default-executor-2] INFO  impl.RoleInfo (RoleInfo.java:shutdownFollowerState(121)) - 1360619e-ba1e-4bf9-aec1-9f15b5480b27: shutdown FollowerState
2019-10-21 23:46:35,916 [Thread-987] INFO  impl.FollowerState (FollowerState.java:run(117)) - 1360619e-ba1e-4bf9-aec1-9f15b5480b27@group-2FABE92B7E5B-FollowerState was interrupted: java.lang.InterruptedException: sleep interrupted
2019-10-21 23:46:35,916 [grpc-default-executor-2] INFO  impl.RoleInfo (RoleInfo.java:updateAndGet(143)) - 1360619e-ba1e-4bf9-aec1-9f15b5480b27: start FollowerState
2019-10-21 23:46:35,930 [b88b3e43-5534-49b3-b3f2-a9f154b450de@group-2FABE92B7E5B-LeaderElection120] INFO  impl.LeaderElection (LeaderElection.java:logAndReturn(56)) - b88b3e43-5534-49b3-b3f2-a9f154b450de@group-2FABE92B7E5B-LeaderElection120: Election REJECTED; received 2 response(s) [b88b3e43-5534-49b3-b3f2-a9f154b450de<-c58a0a02-acd3-47c8-b3e9-5b8e0493de45#0:FAIL-t122, b88b3e43-5534-49b3-b3f2-a9f154b450de<-1360619e-ba1e-4bf9-aec1-9f15b5480b27#0:FAIL-t122] and 0 exception(s); b88b3e43-5534-49b3-b3f2-a9f154b450de@group-2FABE92B7E5B:t122, leader=null, voted=b88b3e43-5534-49b3-b3f2-a9f154b450de, raftlog=b88b3e43-5534-49b3-b3f2-a9f154b450de@group-2FABE92B7E5B-SegmentedRaftLog:OPENED:c-1,f-1,i0, conf=-1: [c58a0a02-acd3-47c8-b3e9-5b8e0493de45:192.168.157.254:33611, 1360619e-ba1e-4bf9-aec1-9f15b5480b27:192.168.157.254:45658, b88b3e43-5534-49b3-b3f2-a9f154b450de:192.168.157.254:46786], old=null
2019-10-21 23:46:35,931 [b88b3e43-5534-49b3-b3f2-a9f154b450de@group-2FABE92B7E5B-LeaderElection120] INFO  impl.RaftServerImpl (RaftServerImpl.java:setRole(184)) - b88b3e43-5534-49b3-b3f2-a9f154b450de@group-2FABE92B7E5B: changes role from CANDIDATE to FOLLOWER at term 122 for DISCOVERED_A_NEW_TERM
2019-10-21 23:46:35,931 [b88b3e43-5534-49b3-b3f2-a9f154b450de@group-2FABE92B7E5B-LeaderElection120] INFO  impl.RoleInfo (RoleInfo.java:shutdownLeaderElection(134)) - b88b3e43-5534-49b3-b3f2-a9f154b450de: shutdown LeaderElection
2019-10-21 23:46:35,931 [b88b3e43-5534-49b3-b3f2-a9f154b450de@group-2FABE92B7E5B-LeaderElection120] INFO  impl.RoleInfo (RoleInfo.java:updateAndGet(143)) - b88b3e43-5534-49b3-b3f2-a9f154b450de: start FollowerState
2019-10-21 23:46:36,047 [Thread-997] INFO  impl.FollowerState (FollowerState.java:run(108)) - b88b3e43-5534-49b3-b3f2-a9f154b450de@group-2FABE92B7E5B-FollowerState: change to CANDIDATE, lastRpcTime:116ms, electionTimeout:116ms
2019-10-21 23:46:36,047 [Thread-997] INFO  impl.RoleInfo (RoleInfo.java:shutdownFollowerState(121)) - b88b3e43-5534-49b3-b3f2-a9f154b450de: shutdown FollowerState
2019-10-21 23:46:36,048 [Thread-997] INFO  impl.RaftServerImpl (RaftServerImpl.java:setRole(184)) - b88b3e43-5534-49b3-b3f2-a9f154b450de@group-2FABE92B7E5B: changes role from  FOLLOWER to CANDIDATE at term 122 for changeToCandidate
2019-10-21 23:46:36,048 [Thread-997] INFO  impl.RoleInfo (RoleInfo.java:updateAndGet(143)) - b88b3e43-5534-49b3-b3f2-a9f154b450de: start LeaderElection
2019-10-21 23:46:36,061 [b88b3e43-5534-49b3-b3f2-a9f154b450de@group-2FABE92B7E5B-LeaderElection121] INFO  impl.LeaderElection (LeaderElection.java:askForVotes(178)) - b88b3e43-5534-49b3-b3f2-a9f154b450de@group-2FABE92B7E5B-LeaderElection121: begin an election at term 123 for -1: [c58a0a02-acd3-47c8-b3e9-5b8e0493de45:192.168.157.254:33611, 1360619e-ba1e-4bf9-aec1-9f15b5480b27:192.168.157.254:45658, b88b3e43-5534-49b3-b3f2-a9f154b450de:192.168.157.254:46786], old=null
2019-10-21 23:46:36,064 [grpc-default-executor-2] INFO  impl.RaftServerImpl (RaftServerImpl.java:setRole(184)) - 1360619e-ba1e-4bf9-aec1-9f15b5480b27@group-2FABE92B7E5B: changes role from  FOLLOWER to FOLLOWER at term 123 for recognizeCandidate:b88b3e43-5534-49b3-b3f2-a9f154b450de
2019-10-21 23:46:36,064 [grpc-default-executor-0] INFO  impl.RaftServerImpl (RaftServerImpl.java:setRole(184)) - c58a0a02-acd3-47c8-b3e9-5b8e0493de45@group-2FABE92B7E5B: changes role from  FOLLOWER to FOLLOWER at term 123 for recognizeCandidate:b88b3e43-5534-49b3-b3f2-a9f154b450de
2019-10-21 23:46:36,064 [grpc-default-executor-0] INFO  impl.RoleInfo (RoleInfo.java:shutdownFollowerState(121)) - c58a0a02-acd3-47c8-b3e9-5b8e0493de45: shutdown FollowerState
2019-10-21 23:46:36,064 [grpc-default-executor-2] INFO  impl.RoleInfo (RoleInfo.java:shutdownFollowerState(121)) - 1360619e-ba1e-4bf9-aec1-9f15b5480b27: shutdown FollowerState
2019-10-21 23:46:36,065 [Thread-995] INFO  impl.FollowerState (FollowerState.java:run(117)) - c58a0a02-acd3-47c8-b3e9-5b8e0493de45@group-2FABE92B7E5B-FollowerState was interrupted: java.lang.InterruptedException: sleep interrupted
2019-10-21 23:46:36,065 [grpc-default-executor-0] INFO  impl.RoleInfo (RoleInfo.java:updateAndGet(143)) - c58a0a02-acd3-47c8-b3e9-5b8e0493de45: start FollowerState
2019-10-21 23:46:36,065 [Thread-996] INFO  impl.FollowerState (FollowerState.java:run(117)) - 1360619e-ba1e-4bf9-aec1-9f15b5480b27@group-2FABE92B7E5B-FollowerState was interrupted: java.lang.InterruptedException: sleep interrupted
2019-10-21 23:46:36,065 [grpc-default-executor-2] INFO  impl.RoleInfo (RoleInfo.java:updateAndGet(143)) - 1360619e-ba1e-4bf9-aec1-9f15b5480b27: start FollowerState
2019-10-21 23:46:36,079 [b88b3e43-5534-49b3-b3f2-a9f154b450de@group-2FABE92B7E5B-LeaderElection121] INFO  impl.LeaderElection (LeaderElection.java:logAndReturn(56)) - b88b3e43-5534-49b3-b3f2-a9f154b450de@group-2FABE92B7E5B-LeaderElection121: Election REJECTED; received 2 response(s) [b88b3e43-5534-49b3-b3f2-a9f154b450de<-c58a0a02-acd3-47c8-b3e9-5b8e0493de45#0:FAIL-t123, b88b3e43-5534-49b3-b3f2-a9f154b450de<-1360619e-ba1e-4bf9-aec1-9f15b5480b27#0:FAIL-t123] and 0 exception(s); b88b3e43-5534-49b3-b3f2-a9f154b450de@group-2FABE92B7E5B:t123, leader=null, voted=b88b3e43-5534-49b3-b3f2-a9f154b450de, raftlog=b88b3e43-5534-49b3-b3f2-a9f154b450de@group-2FABE92B7E5B-SegmentedRaftLog:OPENED:c-1,f-1,i0, conf=-1: [c58a0a02-acd3-47c8-b3e9-5b8e0493de45:192.168.157.254:33611, 1360619e-ba1e-4bf9-aec1-9f15b5480b27:192.168.157.254:45658, b88b3e43-5534-49b3-b3f2-a9f154b450de:192.168.157.254:46786], old=null
2019-10-21 23:46:36,080 [b88b3e43-5534-49b3-b3f2-a9f154b450de@group-2FABE92B7E5B-LeaderElection121] INFO  impl.RaftServerImpl (RaftServerImpl.java:setRole(184)) - b88b3e43-5534-49b3-b3f2-a9f154b450de@group-2FABE92B7E5B: changes role from CANDIDATE to FOLLOWER at term 123 for DISCOVERED_A_NEW_TERM
2019-10-21 23:46:36,080 [b88b3e43-5534-49b3-b3f2-a9f154b450de@group-2FABE92B7E5B-LeaderElection121] INFO  impl.RoleInfo (RoleInfo.java:shutdownLeaderElection(134)) - b88b3e43-5534-49b3-b3f2-a9f154b450de: shutdown LeaderElection
2019-10-21 23:46:36,080 [b88b3e43-5534-49b3-b3f2-a9f154b450de@group-2FABE92B7E5B-LeaderElection121] INFO  impl.RoleInfo (RoleInfo.java:updateAndGet(143)) - b88b3e43-5534-49b3-b3f2-a9f154b450de: start FollowerState
2019-10-21 23:46:36,274 [Thread-1003] INFO  impl.FollowerState (FollowerState.java:run(108)) - b88b3e43-5534-49b3-b3f2-a9f154b450de@group-2FABE92B7E5B-FollowerState: change to CANDIDATE, lastRpcTime:194ms, electionTimeout:194ms
2019-10-21 23:46:36,274 [Thread-1003] INFO  impl.RoleInfo (RoleInfo.java:shutdownFollowerState(121)) - b88b3e43-5534-49b3-b3f2-a9f154b450de: shutdown FollowerState
2019-10-21 23:46:36,275 [Thread-1003] INFO  impl.RaftServerImpl (RaftServerImpl.java:setRole(184)) - b88b3e43-5534-49b3-b3f2-a9f154b450de@group-2FABE92B7E5B: changes role from  FOLLOWER to CANDIDATE at term 123 for changeToCandidate
2019-10-21 23:46:36,275 [Thread-1003] INFO  impl.RoleInfo (RoleInfo.java:updateAndGet(143)) - b88b3e43-5534-49b3-b3f2-a9f154b450de: start LeaderElection
2019-10-21 23:46:36,297 [b88b3e43-5534-49b3-b3f2-a9f154b450de@group-2FABE92B7E5B-LeaderElection122] INFO  impl.LeaderElection (LeaderElection.java:askForVotes(178)) - b88b3e43-5534-49b3-b3f2-a9f154b450de@group-2FABE92B7E5B-LeaderElection122: begin an election at term 124 for -1: [c58a0a02-acd3-47c8-b3e9-5b8e0493de45:192.168.157.254:33611, 1360619e-ba1e-4bf9-aec1-9f15b5480b27:192.168.157.254:45658, b88b3e43-5534-49b3-b3f2-a9f154b450de:192.168.157.254:46786], old=null
2019-10-21 23:46:36,300 [grpc-default-executor-0] INFO  impl.RaftServerImpl (RaftServerImpl.java:setRole(184)) - 1360619e-ba1e-4bf9-aec1-9f15b5480b27@group-2FABE92B7E5B: changes role from  FOLLOWER to FOLLOWER at term 124 for recognizeCandidate:b88b3e43-5534-49b3-b3f2-a9f154b450de
2019-10-21 23:46:36,300 [grpc-default-executor-2] INFO  impl.RaftServerImpl (RaftServerImpl.java:setRole(184)) - c58a0a02-acd3-47c8-b3e9-5b8e0493de45@group-2FABE92B7E5B: changes role from  FOLLOWER to FOLLOWER at term 124 for recognizeCandidate:b88b3e43-5534-49b3-b3f2-a9f154b450de
2019-10-21 23:46:36,300 [grpc-default-executor-2] INFO  impl.RoleInfo (RoleInfo.java:shutdownFollowerState(121)) - c58a0a02-acd3-47c8-b3e9-5b8e0493de45: shutdown FollowerState
2019-10-21 23:46:36,300 [grpc-default-executor-0] INFO  impl.RoleInfo (RoleInfo.java:shutdownFollowerState(121)) - 1360619e-ba1e-4bf9-aec1-9f15b5480b27: shutdown FollowerState
2019-10-21 23:46:36,300 [Thread-1001] INFO  impl.FollowerState (FollowerState.java:run(117)) - c58a0a02-acd3-47c8-b3e9-5b8e0493de45@group-2FABE92B7E5B-FollowerState was interrupted: java.lang.InterruptedException: sleep interrupted
2019-10-21 23:46:36,300 [grpc-default-executor-2] INFO  impl.RoleInfo (RoleInfo.java:updateAndGet(143)) - c58a0a02-acd3-47c8-b3e9-5b8e0493de45: start FollowerState
2019-10-21 23:46:36,301 [grpc-default-executor-0] INFO  impl.RoleInfo (RoleInfo.java:updateAndGet(143)) - 1360619e-ba1e-4bf9-aec1-9f15b5480b27: start FollowerState
2019-10-21 23:46:36,300 [Thread-1002] INFO  impl.FollowerState (FollowerState.java:run(117)) - 1360619e-ba1e-4bf9-aec1-9f15b5480b27@group-2FABE92B7E5B-FollowerState was interrupted: java.lang.InterruptedException: sleep interrupted
2019-10-21 23:46:36,315 [b88b3e43-5534-49b3-b3f2-a9f154b450de@group-2FABE92B7E5B-LeaderElection122] INFO  impl.LeaderElection (LeaderElection.java:logAndReturn(56)) - b88b3e43-5534-49b3-b3f2-a9f154b450de@group-2FABE92B7E5B-LeaderElection122: Election REJECTED; received 2 response(s) [b88b3e43-5534-49b3-b3f2-a9f154b450de<-c58a0a02-acd3-47c8-b3e9-5b8e0493de45#0:FAIL-t124, b88b3e43-5534-49b3-b3f2-a9f154b450de<-1360619e-ba1e-4bf9-aec1-9f15b5480b27#0:FAIL-t124] and 0 exception(s); b88b3e43-5534-49b3-b3f2-a9f154b450de@group-2FABE92B7E5B:t124, leader=null, voted=b88b3e43-5534-49b3-b3f2-a9f154b450de, raftlog=b88b3e43-5534-49b3-b3f2-a9f154b450de@group-2FABE92B7E5B-SegmentedRaftLog:OPENED:c-1,f-1,i0, conf=-1: [c58a0a02-acd3-47c8-b3e9-5b8e0493de45:192.168.157.254:33611, 1360619e-ba1e-4bf9-aec1-9f15b5480b27:192.168.157.254:45658, b88b3e43-5534-49b3-b3f2-a9f154b450de:192.168.157.254:46786], old=null
2019-10-21 23:46:36,315 [b88b3e43-5534-49b3-b3f2-a9f154b450de@group-2FABE92B7E5B-LeaderElection122] INFO  impl.RaftServerImpl (RaftServerImpl.java:setRole(184)) - b88b3e43-5534-49b3-b3f2-a9f154b450de@group-2FABE92B7E5B: changes role from CANDIDATE to FOLLOWER at term 124 for DISCOVERED_A_NEW_TERM
2019-10-21 23:46:36,316 [b88b3e43-5534-49b3-b3f2-a9f154b450de@group-2FABE92B7E5B-LeaderElection122] INFO  impl.RoleInfo (RoleInfo.java:shutdownLeaderElection(134)) - b88b3e43-5534-49b3-b3f2-a9f154b450de: shutdown LeaderElection
2019-10-21 23:46:36,316 [b88b3e43-5534-49b3-b3f2-a9f154b450de@group-2FABE92B7E5B-LeaderElection122] INFO  impl.RoleInfo (RoleInfo.java:updateAndGet(143)) - b88b3e43-5534-49b3-b3f2-a9f154b450de: start FollowerState
2019-10-21 23:46:36,464 [Thread-1009] INFO  impl.FollowerState (FollowerState.java:run(108)) - b88b3e43-5534-49b3-b3f2-a9f154b450de@group-2FABE92B7E5B-FollowerState: change to CANDIDATE, lastRpcTime:148ms, electionTimeout:148ms
2019-10-21 23:46:36,464 [Thread-1009] INFO  impl.RoleInfo (RoleInfo.java:shutdownFollowerState(121)) - b88b3e43-5534-49b3-b3f2-a9f154b450de: shutdown FollowerState
2019-10-21 23:46:36,464 [Thread-1009] INFO  impl.RaftServerImpl (RaftServerImpl.java:setRole(184)) - b88b3e43-5534-49b3-b3f2-a9f154b450de@group-2FABE92B7E5B: changes role from  FOLLOWER to CANDIDATE at term 124 for changeToCandidate
2019-10-21 23:46:36,465 [Thread-1009] INFO  impl.RoleInfo (RoleInfo.java:updateAndGet(143)) - b88b3e43-5534-49b3-b3f2-a9f154b450de: start LeaderElection
2019-10-21 23:46:36,479 [b88b3e43-5534-49b3-b3f2-a9f154b450de@group-2FABE92B7E5B-LeaderElection123] INFO  impl.LeaderElection (LeaderElection.java:askForVotes(178)) - b88b3e43-5534-49b3-b3f2-a9f154b450de@group-2FABE92B7E5B-LeaderElection123: begin an election at term 125 for -1: [c58a0a02-acd3-47c8-b3e9-5b8e0493de45:192.168.157.254:33611, 1360619e-ba1e-4bf9-aec1-9f15b5480b27:192.168.157.254:45658, b88b3e43-5534-49b3-b3f2-a9f154b450de:192.168.157.254:46786], old=null
2019-10-21 23:46:36,483 [grpc-default-executor-0] INFO  impl.RaftServerImpl (RaftServerImpl.java:setRole(184)) - c58a0a02-acd3-47c8-b3e9-5b8e0493de45@group-2FABE92B7E5B: changes role from  FOLLOWER to FOLLOWER at term 125 for recognizeCandidate:b88b3e43-5534-49b3-b3f2-a9f154b450de
2019-10-21 23:46:36,483 [grpc-default-executor-0] INFO  impl.RoleInfo (RoleInfo.java:shutdownFollowerState(121)) - c58a0a02-acd3-47c8-b3e9-5b8e0493de45: shutdown FollowerState
2019-10-21 23:46:36,483 [grpc-default-executor-2] INFO  impl.RaftServerImpl (RaftServerImpl.java:setRole(184)) - 1360619e-ba1e-4bf9-aec1-9f15b5480b27@group-2FABE92B7E5B: changes role from  FOLLOWER to FOLLOWER at term 125 for recognizeCandidate:b88b3e43-5534-49b3-b3f2-a9f154b450de
2019-10-21 23:46:36,483 [grpc-default-executor-2] INFO  impl.RoleInfo (RoleInfo.java:shutdownFollowerState(121)) - 1360619e-ba1e-4bf9-aec1-9f15b5480b27: shutdown FollowerState
2019-10-21 23:46:36,483 [Thread-1007] INFO  impl.FollowerState (FollowerState.java:run(117)) - c58a0a02-acd3-47c8-b3e9-5b8e0493de45@group-2FABE92B7E5B-FollowerState was interrupted: java.lang.InterruptedException: sleep interrupted
2019-10-21 23:46:36,483 [grpc-default-executor-0] INFO  impl.RoleInfo (RoleInfo.java:updateAndGet(143)) - c58a0a02-acd3-47c8-b3e9-5b8e0493de45: start FollowerState
2019-10-21 23:46:36,483 [Thread-1008] INFO  impl.FollowerState (FollowerState.java:run(117)) - 1360619e-ba1e-4bf9-aec1-9f15b5480b27@group-2FABE92B7E5B-FollowerState was interrupted: java.lang.InterruptedException: sleep interrupted
2019-10-21 23:46:36,483 [grpc-default-executor-2] INFO  impl.RoleInfo (RoleInfo.java:updateAndGet(143)) - 1360619e-ba1e-4bf9-aec1-9f15b5480b27: start FollowerState
2019-10-21 23:46:36,498 [b88b3e43-5534-49b3-b3f2-a9f154b450de@group-2FABE92B7E5B-LeaderElection123] INFO  impl.LeaderElection (LeaderElection.java:logAndReturn(56)) - b88b3e43-5534-49b3-b3f2-a9f154b450de@group-2FABE92B7E5B-LeaderElection123: Election REJECTED; received 2 response(s) [b88b3e43-5534-49b3-b3f2-a9f154b450de<-c58a0a02-acd3-47c8-b3e9-5b8e0493de45#0:FAIL-t125, b88b3e43-5534-49b3-b3f2-a9f154b450de<-1360619e-ba1e-4bf9-aec1-9f15b5480b27#0:FAIL-t125] and 0 exception(s); b88b3e43-5534-49b3-b3f2-a9f154b450de@group-2FABE92B7E5B:t125, leader=null, voted=b88b3e43-5534-49b3-b3f2-a9f154b450de, raftlog=b88b3e43-5534-49b3-b3f2-a9f154b450de@group-2FABE92B7E5B-SegmentedRaftLog:OPENED:c-1,f-1,i0, conf=-1: [c58a0a02-acd3-47c8-b3e9-5b8e0493de45:192.168.157.254:33611, 1360619e-ba1e-4bf9-aec1-9f15b5480b27:192.168.157.254:45658, b88b3e43-5534-49b3-b3f2-a9f154b450de:192.168.157.254:46786], old=null
2019-10-21 23:46:36,498 [b88b3e43-5534-49b3-b3f2-a9f154b450de@group-2FABE92B7E5B-LeaderElection123] INFO  impl.RaftServerImpl (RaftServerImpl.java:setRole(184)) - b88b3e43-5534-49b3-b3f2-a9f154b450de@group-2FABE92B7E5B: changes role from CANDIDATE to FOLLOWER at term 125 for DISCOVERED_A_NEW_TERM
2019-10-21 23:46:36,498 [b88b3e43-5534-49b3-b3f2-a9f154b450de@group-2FABE92B7E5B-LeaderElection123] INFO  impl.RoleInfo (RoleInfo.java:shutdownLeaderElection(134)) - b88b3e43-5534-49b3-b3f2-a9f154b450de: shutdown LeaderElection
2019-10-21 23:46:36,498 [b88b3e43-5534-49b3-b3f2-a9f154b450de@group-2FABE92B7E5B-LeaderElection123] INFO  impl.RoleInfo (RoleInfo.java:updateAndGet(143)) - b88b3e43-5534-49b3-b3f2-a9f154b450de: start FollowerState
2019-10-21 23:46:36,523 [Thread-1015] INFO  impl.FollowerState (FollowerState.java:run(108)) - b88b3e43-5534-49b3-b3f2-a9f154b450de@group-2FABE92B7E5B-FollowerState: change to CANDIDATE, lastRpcTime:24ms, electionTimeout:24ms
2019-10-21 23:46:36,523 [Thread-1015] INFO  impl.RoleInfo (RoleInfo.java:shutdownFollowerState(121)) - b88b3e43-5534-49b3-b3f2-a9f154b450de: shutdown FollowerState
2019-10-21 23:46:36,523 [Thread-1015] INFO  impl.RaftServerImpl (RaftServerImpl.java:setRole(184)) - b88b3e43-5534-49b3-b3f2-a9f154b450de@group-2FABE92B7E5B: changes role from  FOLLOWER to CANDIDATE at term 125 for changeToCandidate
2019-10-21 23:46:36,524 [Thread-1015] INFO  impl.RoleInfo (RoleInfo.java:updateAndGet(143)) - b88b3e43-5534-49b3-b3f2-a9f154b450de: start LeaderElection
2019-10-21 23:46:36,529 [b88b3e43-5534-49b3-b3f2-a9f154b450de@group-2FABE92B7E5B-LeaderElection124] INFO  impl.LeaderElection (LeaderElection.java:askForVotes(178)) - b88b3e43-5534-49b3-b3f2-a9f154b450de@group-2FABE92B7E5B-LeaderElection124: begin an election at term 126 for -1: [c58a0a02-acd3-47c8-b3e9-5b8e0493de45:192.168.157.254:33611, 1360619e-ba1e-4bf9-aec1-9f15b5480b27:192.168.157.254:45658, b88b3e43-5534-49b3-b3f2-a9f154b450de:192.168.157.254:46786], old=null
2019-10-21 23:46:36,532 [grpc-default-executor-2] INFO  impl.RaftServerImpl (RaftServerImpl.java:setRole(184)) - 1360619e-ba1e-4bf9-aec1-9f15b5480b27@group-2FABE92B7E5B: changes role from  FOLLOWER to FOLLOWER at term 126 for recognizeCandidate:b88b3e43-5534-49b3-b3f2-a9f154b450de
2019-10-21 23:46:36,532 [grpc-default-executor-0] INFO  impl.RaftServerImpl (RaftServerImpl.java:setRole(184)) - c58a0a02-acd3-47c8-b3e9-5b8e0493de45@group-2FABE92B7E5B: changes role from  FOLLOWER to FOLLOWER at term 126 for recognizeCandidate:b88b3e43-5534-49b3-b3f2-a9f154b450de
2019-10-21 23:46:36,532 [grpc-default-executor-0] INFO  impl.RoleInfo (RoleInfo.java:shutdownFollowerState(121)) - c58a0a02-acd3-47c8-b3e9-5b8e0493de45: shutdown FollowerState
2019-10-21 23:46:36,532 [grpc-default-executor-2] INFO  impl.RoleInfo (RoleInfo.java:shutdownFollowerState(121)) - 1360619e-ba1e-4bf9-aec1-9f15b5480b27: shutdown FollowerState
2019-10-21 23:46:36,532 [Thread-1013] INFO  impl.FollowerState (FollowerState.java:run(117)) - c58a0a02-acd3-47c8-b3e9-5b8e0493de45@group-2FABE92B7E5B-FollowerState was interrupted: java.lang.InterruptedException: sleep interrupted
2019-10-21 23:46:36,532 [grpc-default-executor-0] INFO  impl.RoleInfo (RoleInfo.java:updateAndGet(143)) - c58a0a02-acd3-47c8-b3e9-5b8e0493de45: start FollowerState
2019-10-21 23:46:36,533 [Thread-1014] INFO  impl.FollowerState (FollowerState.java:run(117)) - 1360619e-ba1e-4bf9-aec1-9f15b5480b27@group-2FABE92B7E5B-FollowerState was interrupted: java.lang.InterruptedException: sleep interrupted
2019-10-21 23:46:36,533 [grpc-default-executor-2] INFO  impl.RoleInfo (RoleInfo.java:updateAndGet(143)) - 1360619e-ba1e-4bf9-aec1-9f15b5480b27: start FollowerState
2019-10-21 23:46:36,553 [b88b3e43-5534-49b3-b3f2-a9f154b450de@group-2FABE92B7E5B-LeaderElection124] INFO  impl.LeaderElection (LeaderElection.java:logAndReturn(56)) - b88b3e43-5534-49b3-b3f2-a9f154b450de@group-2FABE92B7E5B-LeaderElection124: Election REJECTED; received 2 response(s) [b88b3e43-5534-49b3-b3f2-a9f154b450de<-c58a0a02-acd3-47c8-b3e9-5b8e0493de45#0:FAIL-t126, b88b3e43-5534-49b3-b3f2-a9f154b450de<-1360619e-ba1e-4bf9-aec1-9f15b5480b27#0:FAIL-t126] and 0 exception(s); b88b3e43-5534-49b3-b3f2-a9f154b450de@group-2FABE92B7E5B:t126, leader=null, voted=b88b3e43-5534-49b3-b3f2-a9f154b450de, raftlog=b88b3e43-5534-49b3-b3f2-a9f154b450de@group-2FABE92B7E5B-SegmentedRaftLog:OPENED:c-1,f-1,i0, conf=-1: [c58a0a02-acd3-47c8-b3e9-5b8e0493de45:192.168.157.254:33611, 1360619e-ba1e-4bf9-aec1-9f15b5480b27:192.168.157.254:45658, b88b3e43-5534-49b3-b3f2-a9f154b450de:192.168.157.254:46786], old=null
2019-10-21 23:46:36,553 [b88b3e43-5534-49b3-b3f2-a9f154b450de@group-2FABE92B7E5B-LeaderElection124] INFO  impl.RaftServerImpl (RaftServerImpl.java:setRole(184)) - b88b3e43-5534-49b3-b3f2-a9f154b450de@group-2FABE92B7E5B: changes role from CANDIDATE to FOLLOWER at term 126 for DISCOVERED_A_NEW_TERM
2019-10-21 23:46:36,554 [b88b3e43-5534-49b3-b3f2-a9f154b450de@group-2FABE92B7E5B-LeaderElection124] INFO  impl.RoleInfo (RoleInfo.java:shutdownLeaderElection(134)) - b88b3e43-5534-49b3-b3f2-a9f154b450de: shutdown LeaderElection
2019-10-21 23:46:36,554 [b88b3e43-5534-49b3-b3f2-a9f154b450de@group-2FABE92B7E5B-LeaderElection124] INFO  impl.RoleInfo (RoleInfo.java:updateAndGet(143)) - b88b3e43-5534-49b3-b3f2-a9f154b450de: start FollowerState
2019-10-21 23:46:36,696 [Thread-1021] INFO  impl.FollowerState (FollowerState.java:run(108)) - b88b3e43-5534-49b3-b3f2-a9f154b450de@group-2FABE92B7E5B-FollowerState: change to CANDIDATE, lastRpcTime:142ms, electionTimeout:142ms
2019-10-21 23:46:36,697 [Thread-1021] INFO  impl.RoleInfo (RoleInfo.java:shutdownFollowerState(121)) - b88b3e43-5534-49b3-b3f2-a9f154b450de: shutdown FollowerState
2019-10-21 23:46:36,697 [Thread-1021] INFO  impl.RaftServerImpl (RaftServerImpl.java:setRole(184)) - b88b3e43-5534-49b3-b3f2-a9f154b450de@group-2FABE92B7E5B: changes role from  FOLLOWER to CANDIDATE at term 126 for changeToCandidate
2019-10-21 23:46:36,697 [Thread-1021] INFO  impl.RoleInfo (RoleInfo.java:updateAndGet(143)) - b88b3e43-5534-49b3-b3f2-a9f154b450de: start LeaderElection
2019-10-21 23:46:36,711 [b88b3e43-5534-49b3-b3f2-a9f154b450de@group-2FABE92B7E5B-LeaderElection125] INFO  impl.LeaderElection (LeaderElection.java:askForVotes(178)) - b88b3e43-5534-49b3-b3f2-a9f154b450de@group-2FABE92B7E5B-LeaderElection125: begin an election at term 127 for -1: [c58a0a02-acd3-47c8-b3e9-5b8e0493de45:192.168.157.254:33611, 1360619e-ba1e-4bf9-aec1-9f15b5480b27:192.168.157.254:45658, b88b3e43-5534-49b3-b3f2-a9f154b450de:192.168.157.254:46786], old=null
2019-10-21 23:46:36,714 [grpc-default-executor-2] INFO  impl.RaftServerImpl (RaftServerImpl.java:setRole(184)) - c58a0a02-acd3-47c8-b3e9-5b8e0493de45@group-2FABE92B7E5B: changes role from  FOLLOWER to FOLLOWER at term 127 for recognizeCandidate:b88b3e43-5534-49b3-b3f2-a9f154b450de
2019-10-21 23:46:36,714 [grpc-default-executor-2] INFO  impl.RoleInfo (RoleInfo.java:shutdownFollowerState(121)) - c58a0a02-acd3-47c8-b3e9-5b8e0493de45: shutdown FollowerState
2019-10-21 23:46:36,714 [grpc-default-executor-0] INFO  impl.RaftServerImpl (RaftServerImpl.java:setRole(184)) - 1360619e-ba1e-4bf9-aec1-9f15b5480b27@group-2FABE92B7E5B: changes role from  FOLLOWER to FOLLOWER at term 127 for recognizeCandidate:b88b3e43-5534-49b3-b3f2-a9f154b450de
2019-10-21 23:46:36,714 [grpc-default-executor-0] INFO  impl.RoleInfo (RoleInfo.java:shutdownFollowerState(121)) - 1360619e-ba1e-4bf9-aec1-9f15b5480b27: shutdown FollowerState
2019-10-21 23:46:36,714 [Thread-1019] INFO  impl.FollowerState (FollowerState.java:run(117)) - c58a0a02-acd3-47c8-b3e9-5b8e0493de45@group-2FABE92B7E5B-FollowerState was interrupted: java.lang.InterruptedException: sleep interrupted
2019-10-21 23:46:36,714 [grpc-default-executor-2] INFO  impl.RoleInfo (RoleInfo.java:updateAndGet(143)) - c58a0a02-acd3-47c8-b3e9-5b8e0493de45: start FollowerState
2019-10-21 23:46:36,714 [grpc-default-executor-0] INFO  impl.RoleInfo (RoleInfo.java:updateAndGet(143)) - 1360619e-ba1e-4bf9-aec1-9f15b5480b27: start FollowerState
2019-10-21 23:46:36,714 [Thread-1020] INFO  impl.FollowerState (FollowerState.java:run(117)) - 1360619e-ba1e-4bf9-aec1-9f15b5480b27@group-2FABE92B7E5B-FollowerState was interrupted: java.lang.InterruptedException: sleep interrupted
2019-10-21 23:46:36,730 [b88b3e43-5534-49b3-b3f2-a9f154b450de@group-2FABE92B7E5B-LeaderElection125] INFO  impl.LeaderElection (LeaderElection.java:logAndReturn(56)) - b88b3e43-5534-49b3-b3f2-a9f154b450de@group-2FABE92B7E5B-LeaderElection125: Election REJECTED; received 2 response(s) [b88b3e43-5534-49b3-b3f2-a9f154b450de<-c58a0a02-acd3-47c8-b3e9-5b8e0493de45#0:FAIL-t127, b88b3e43-5534-49b3-b3f2-a9f154b450de<-1360619e-ba1e-4bf9-aec1-9f15b5480b27#0:FAIL-t127] and 0 exception(s); b88b3e43-5534-49b3-b3f2-a9f154b450de@group-2FABE92B7E5B:t127, leader=null, voted=b88b3e43-5534-49b3-b3f2-a9f154b450de, raftlog=b88b3e43-5534-49b3-b3f2-a9f154b450de@group-2FABE92B7E5B-SegmentedRaftLog:OPENED:c-1,f-1,i0, conf=-1: [c58a0a02-acd3-47c8-b3e9-5b8e0493de45:192.168.157.254:33611, 1360619e-ba1e-4bf9-aec1-9f15b5480b27:192.168.157.254:45658, b88b3e43-5534-49b3-b3f2-a9f154b450de:192.168.157.254:46786], old=null
2019-10-21 23:46:36,730 [b88b3e43-5534-49b3-b3f2-a9f154b450de@group-2FABE92B7E5B-LeaderElection125] INFO  impl.RaftServerImpl (RaftServerImpl.java:setRole(184)) - b88b3e43-5534-49b3-b3f2-a9f154b450de@group-2FABE92B7E5B: changes role from CANDIDATE to FOLLOWER at term 127 for DISCOVERED_A_NEW_TERM
2019-10-21 23:46:36,730 [b88b3e43-5534-49b3-b3f2-a9f154b450de@group-2FABE92B7E5B-LeaderElection125] INFO  impl.RoleInfo (RoleInfo.java:shutdownLeaderElection(134)) - b88b3e43-5534-49b3-b3f2-a9f154b450de: shutdown LeaderElection
2019-10-21 23:46:36,730 [b88b3e43-5534-49b3-b3f2-a9f154b450de@group-2FABE92B7E5B-LeaderElection125] INFO  impl.RoleInfo (RoleInfo.java:updateAndGet(143)) - b88b3e43-5534-49b3-b3f2-a9f154b450de: start FollowerState
2019-10-21 23:46:36,760 [Thread-1027] INFO  impl.FollowerState (FollowerState.java:run(108)) - b88b3e43-5534-49b3-b3f2-a9f154b450de@group-2FABE92B7E5B-FollowerState: change to CANDIDATE, lastRpcTime:29ms, electionTimeout:29ms
2019-10-21 23:46:36,760 [Thread-1027] INFO  impl.RoleInfo (RoleInfo.java:shutdownFollowerState(121)) - b88b3e43-5534-49b3-b3f2-a9f154b450de: shutdown FollowerState
2019-10-21 23:46:36,760 [Thread-1027] INFO  impl.RaftServerImpl (RaftServerImpl.java:setRole(184)) - b88b3e43-5534-49b3-b3f2-a9f154b450de@group-2FABE92B7E5B: changes role from  FOLLOWER to CANDIDATE at term 127 for changeToCandidate
2019-10-21 23:46:36,760 [Thread-1027] INFO  impl.RoleInfo (RoleInfo.java:updateAndGet(143)) - b88b3e43-5534-49b3-b3f2-a9f154b450de: start LeaderElection
2019-10-21 23:46:36,774 [b88b3e43-5534-49b3-b3f2-a9f154b450de@group-2FABE92B7E5B-LeaderElection126] INFO  impl.LeaderElection (LeaderElection.java:askForVotes(178)) - b88b3e43-5534-49b3-b3f2-a9f154b450de@group-2FABE92B7E5B-LeaderElection126: begin an election at term 128 for -1: [c58a0a02-acd3-47c8-b3e9-5b8e0493de45:192.168.157.254:33611, 1360619e-ba1e-4bf9-aec1-9f15b5480b27:192.168.157.254:45658, b88b3e43-5534-49b3-b3f2-a9f154b450de:192.168.157.254:46786], old=null
2019-10-21 23:46:36,776 [grpc-default-executor-0] INFO  impl.RaftServerImpl (RaftServerImpl.java:setRole(184)) - c58a0a02-acd3-47c8-b3e9-5b8e0493de45@group-2FABE92B7E5B: changes role from  FOLLOWER to FOLLOWER at term 128 for recognizeCandidate:b88b3e43-5534-49b3-b3f2-a9f154b450de
2019-10-21 23:46:36,776 [grpc-default-executor-0] INFO  impl.RoleInfo (RoleInfo.java:shutdownFollowerState(121)) - c58a0a02-acd3-47c8-b3e9-5b8e0493de45: shutdown FollowerState
2019-10-21 23:46:36,776 [grpc-default-executor-0] INFO  impl.RoleInfo (RoleInfo.java:updateAndGet(143)) - c58a0a02-acd3-47c8-b3e9-5b8e0493de45: start FollowerState
2019-10-21 23:46:36,777 [grpc-default-executor-2] INFO  impl.RaftServerImpl (RaftServerImpl.java:setRole(184)) - 1360619e-ba1e-4bf9-aec1-9f15b5480b27@group-2FABE92B7E5B: changes role from  FOLLOWER to FOLLOWER at term 128 for recognizeCandidate:b88b3e43-5534-49b3-b3f2-a9f154b450de
2019-10-21 23:46:36,777 [grpc-default-executor-2] INFO  impl.RoleInfo (RoleInfo.java:shutdownFollowerState(121)) - 1360619e-ba1e-4bf9-aec1-9f15b5480b27: shutdown FollowerState
2019-10-21 23:46:36,776 [Thread-1025] INFO  impl.FollowerState (FollowerState.java:run(117)) - c58a0a02-acd3-47c8-b3e9-5b8e0493de45@group-2FABE92B7E5B-FollowerState was interrupted: java.lang.InterruptedException: sleep interrupted
2019-10-21 23:46:36,777 [Thread-1026] INFO  impl.FollowerState (FollowerState.java:run(117)) - 1360619e-ba1e-4bf9-aec1-9f15b5480b27@group-2FABE92B7E5B-FollowerState was interrupted: java.lang.InterruptedException: sleep interrupted
2019-10-21 23:46:36,777 [grpc-default-executor-2] INFO  impl.RoleInfo (RoleInfo.java:updateAndGet(143)) - 1360619e-ba1e-4bf9-aec1-9f15b5480b27: start FollowerState
2019-10-21 23:46:36,791 [b88b3e43-5534-49b3-b3f2-a9f154b450de@group-2FABE92B7E5B-LeaderElection126] INFO  impl.LeaderElection (LeaderElection.java:logAndReturn(56)) - b88b3e43-5534-49b3-b3f2-a9f154b450de@group-2FABE92B7E5B-LeaderElection126: Election REJECTED; received 2 response(s) [b88b3e43-5534-49b3-b3f2-a9f154b450de<-c58a0a02-acd3-47c8-b3e9-5b8e0493de45#0:FAIL-t128, b88b3e43-5534-49b3-b3f2-a9f154b450de<-1360619e-ba1e-4bf9-aec1-9f15b5480b27#0:FAIL-t128] and 0 exception(s); b88b3e43-5534-49b3-b3f2-a9f154b450de@group-2FABE92B7E5B:t128, leader=null, voted=b88b3e43-5534-49b3-b3f2-a9f154b450de, raftlog=b88b3e43-5534-49b3-b3f2-a9f154b450de@group-2FABE92B7E5B-SegmentedRaftLog:OPENED:c-1,f-1,i0, conf=-1: [c58a0a02-acd3-47c8-b3e9-5b8e0493de45:192.168.157.254:33611, 1360619e-ba1e-4bf9-aec1-9f15b5480b27:192.168.157.254:45658, b88b3e43-5534-49b3-b3f2-a9f154b450de:192.168.157.254:46786], old=null
2019-10-21 23:46:36,791 [b88b3e43-5534-49b3-b3f2-a9f154b450de@group-2FABE92B7E5B-LeaderElection126] INFO  impl.RaftServerImpl (RaftServerImpl.java:setRole(184)) - b88b3e43-5534-49b3-b3f2-a9f154b450de@group-2FABE92B7E5B: changes role from CANDIDATE to FOLLOWER at term 128 for DISCOVERED_A_NEW_TERM
2019-10-21 23:46:36,792 [b88b3e43-5534-49b3-b3f2-a9f154b450de@group-2FABE92B7E5B-LeaderElection126] INFO  impl.RoleInfo (RoleInfo.java:shutdownLeaderElection(134)) - b88b3e43-5534-49b3-b3f2-a9f154b450de: shutdown LeaderElection
2019-10-21 23:46:36,792 [b88b3e43-5534-49b3-b3f2-a9f154b450de@group-2FABE92B7E5B-LeaderElection126] INFO  impl.RoleInfo (RoleInfo.java:updateAndGet(143)) - b88b3e43-5534-49b3-b3f2-a9f154b450de: start FollowerState
2019-10-21 23:46:36,841 [Thread-1033] INFO  impl.FollowerState (FollowerState.java:run(108)) - b88b3e43-5534-49b3-b3f2-a9f154b450de@group-2FABE92B7E5B-FollowerState: change to CANDIDATE, lastRpcTime:49ms, electionTimeout:49ms
2019-10-21 23:46:36,841 [Thread-1033] INFO  impl.RoleInfo (RoleInfo.java:shutdownFollowerState(121)) - b88b3e43-5534-49b3-b3f2-a9f154b450de: shutdown FollowerState
2019-10-21 23:46:36,841 [Thread-1033] INFO  impl.RaftServerImpl (RaftServerImpl.java:setRole(184)) - b88b3e43-5534-49b3-b3f2-a9f154b450de@group-2FABE92B7E5B: changes role from  FOLLOWER to CANDIDATE at term 128 for changeToCandidate
2019-10-21 23:46:36,842 [Thread-1033] INFO  impl.RoleInfo (RoleInfo.java:updateAndGet(143)) - b88b3e43-5534-49b3-b3f2-a9f154b450de: start LeaderElection
2019-10-21 23:46:36,855 [b88b3e43-5534-49b3-b3f2-a9f154b450de@group-2FABE92B7E5B-LeaderElection127] INFO  impl.LeaderElection (LeaderElection.java:askForVotes(178)) - b88b3e43-5534-49b3-b3f2-a9f154b450de@group-2FABE92B7E5B-LeaderElection127: begin an election at term 129 for -1: [c58a0a02-acd3-47c8-b3e9-5b8e0493de45:192.168.157.254:33611, 1360619e-ba1e-4bf9-aec1-9f15b5480b27:192.168.157.254:45658, b88b3e43-5534-49b3-b3f2-a9f154b450de:192.168.157.254:46786], old=null
2019-10-21 23:46:36,857 [grpc-default-executor-0] INFO  impl.RaftServerImpl (RaftServerImpl.java:setRole(184)) - 1360619e-ba1e-4bf9-aec1-9f15b5480b27@group-2FABE92B7E5B: changes role from  FOLLOWER to FOLLOWER at term 129 for recognizeCandidate:b88b3e43-5534-49b3-b3f2-a9f154b450de
2019-10-21 23:46:36,857 [grpc-default-executor-0] INFO  impl.RoleInfo (RoleInfo.java:shutdownFollowerState(121)) - 1360619e-ba1e-4bf9-aec1-9f15b5480b27: shutdown FollowerState
2019-10-21 23:46:36,857 [grpc-default-executor-2] INFO  impl.RaftServerImpl (RaftServerImpl.java:setRole(184)) - c58a0a02-acd3-47c8-b3e9-5b8e0493de45@group-2FABE92B7E5B: changes role from  FOLLOWER to FOLLOWER at term 129 for recognizeCandidate:b88b3e43-5534-49b3-b3f2-a9f154b450de
2019-10-21 23:46:36,857 [grpc-default-executor-0] INFO  impl.RoleInfo (RoleInfo.java:updateAndGet(143)) - 1360619e-ba1e-4bf9-aec1-9f15b5480b27: start FollowerState
2019-10-21 23:46:36,857 [grpc-default-executor-2] INFO  impl.RoleInfo (RoleInfo.java:shutdownFollowerState(121)) - c58a0a02-acd3-47c8-b3e9-5b8e0493de45: shutdown FollowerState
2019-10-21 23:46:36,857 [Thread-1032] INFO  impl.FollowerState (FollowerState.java:run(117)) - 1360619e-ba1e-4bf9-aec1-9f15b5480b27@group-2FABE92B7E5B-FollowerState was interrupted: java.lang.InterruptedException: sleep interrupted
2019-10-21 23:46:36,857 [grpc-default-executor-2] INFO  impl.RoleInfo (RoleInfo.java:updateAndGet(143)) - c58a0a02-acd3-47c8-b3e9-5b8e0493de45: start FollowerState
2019-10-21 23:46:36,857 [Thread-1031] INFO  impl.FollowerState (FollowerState.java:run(117)) - c58a0a02-acd3-47c8-b3e9-5b8e0493de45@group-2FABE92B7E5B-FollowerState was interrupted: java.lang.InterruptedException: sleep interrupted
2019-10-21 23:46:36,871 [b88b3e43-5534-49b3-b3f2-a9f154b450de@group-2FABE92B7E5B-LeaderElection127] INFO  impl.LeaderElection (LeaderElection.java:logAndReturn(56)) - b88b3e43-5534-49b3-b3f2-a9f154b450de@group-2FABE92B7E5B-LeaderElection127: Election REJECTED; received 2 response(s) [b88b3e43-5534-49b3-b3f2-a9f154b450de<-c58a0a02-acd3-47c8-b3e9-5b8e0493de45#0:FAIL-t129, b88b3e43-5534-49b3-b3f2-a9f154b450de<-1360619e-ba1e-4bf9-aec1-9f15b5480b27#0:FAIL-t129] and 0 exception(s); b88b3e43-5534-49b3-b3f2-a9f154b450de@group-2FABE92B7E5B:t129, leader=null, voted=b88b3e43-5534-49b3-b3f2-a9f154b450de, raftlog=b88b3e43-5534-49b3-b3f2-a9f154b450de@group-2FABE92B7E5B-SegmentedRaftLog:OPENED:c-1,f-1,i0, conf=-1: [c58a0a02-acd3-47c8-b3e9-5b8e0493de45:192.168.157.254:33611, 1360619e-ba1e-4bf9-aec1-9f15b5480b27:192.168.157.254:45658, b88b3e43-5534-49b3-b3f2-a9f154b450de:192.168.157.254:46786], old=null
2019-10-21 23:46:36,871 [b88b3e43-5534-49b3-b3f2-a9f154b450de@group-2FABE92B7E5B-LeaderElection127] INFO  impl.RaftServerImpl (RaftServerImpl.java:setRole(184)) - b88b3e43-5534-49b3-b3f2-a9f154b450de@group-2FABE92B7E5B: changes role from CANDIDATE to FOLLOWER at term 129 for DISCOVERED_A_NEW_TERM
2019-10-21 23:46:36,871 [b88b3e43-5534-49b3-b3f2-a9f154b450de@group-2FABE92B7E5B-LeaderElection127] INFO  impl.RoleInfo (RoleInfo.java:shutdownLeaderElection(134)) - b88b3e43-5534-49b3-b3f2-a9f154b450de: shutdown LeaderElection
2019-10-21 23:46:36,872 [b88b3e43-5534-49b3-b3f2-a9f154b450de@group-2FABE92B7E5B-LeaderElection127] INFO  impl.RoleInfo (RoleInfo.java:updateAndGet(143)) - b88b3e43-5534-49b3-b3f2-a9f154b450de: start FollowerState
2019-10-21 23:46:36,985 [Thread-1041] INFO  impl.FollowerState (FollowerState.java:run(108)) - b88b3e43-5534-49b3-b3f2-a9f154b450de@group-2FABE92B7E5B-FollowerState: change to CANDIDATE, lastRpcTime:113ms, electionTimeout:113ms
2019-10-21 23:46:36,985 [Thread-1041] INFO  impl.RoleInfo (RoleInfo.java:shutdownFollowerState(121)) - b88b3e43-5534-49b3-b3f2-a9f154b450de: shutdown FollowerState
2019-10-21 23:46:36,986 [Thread-1041] INFO  impl.RaftServerImpl (RaftServerImpl.java:setRole(184)) - b88b3e43-5534-49b3-b3f2-a9f154b450de@group-2FABE92B7E5B: changes role from  FOLLOWER to CANDIDATE at term 129 for changeToCandidate
2019-10-21 23:46:36,986 [Thread-1041] INFO  impl.RoleInfo (RoleInfo.java:updateAndGet(143)) - b88b3e43-5534-49b3-b3f2-a9f154b450de: start LeaderElection
2019-10-21 23:46:37,000 [b88b3e43-5534-49b3-b3f2-a9f154b450de@group-2FABE92B7E5B-LeaderElection128] INFO  impl.LeaderElection (LeaderElection.java:askForVotes(178)) - b88b3e43-5534-49b3-b3f2-a9f154b450de@group-2FABE92B7E5B-LeaderElection128: begin an election at term 130 for -1: [c58a0a02-acd3-47c8-b3e9-5b8e0493de45:192.168.157.254:33611, 1360619e-ba1e-4bf9-aec1-9f15b5480b27:192.168.157.254:45658, b88b3e43-5534-49b3-b3f2-a9f154b450de:192.168.157.254:46786], old=null
2019-10-21 23:46:37,004 [grpc-default-executor-0] INFO  impl.RaftServerImpl (RaftServerImpl.java:setRole(184)) - c58a0a02-acd3-47c8-b3e9-5b8e0493de45@group-2FABE92B7E5B: changes role from  FOLLOWER to FOLLOWER at term 130 for recognizeCandidate:b88b3e43-5534-49b3-b3f2-a9f154b450de
2019-10-21 23:46:37,004 [grpc-default-executor-2] INFO  impl.RaftServerImpl (RaftServerImpl.java:setRole(184)) - 1360619e-ba1e-4bf9-aec1-9f15b5480b27@group-2FABE92B7E5B: changes role from  FOLLOWER to FOLLOWER at term 130 for recognizeCandidate:b88b3e43-5534-49b3-b3f2-a9f154b450de
2019-10-21 23:46:37,005 [grpc-default-executor-2] INFO  impl.RoleInfo (RoleInfo.java:shutdownFollowerState(121)) - 1360619e-ba1e-4bf9-aec1-9f15b5480b27: shutdown FollowerState
2019-10-21 23:46:37,005 [grpc-default-executor-0] INFO  impl.RoleInfo (RoleInfo.java:shutdownFollowerState(121)) - c58a0a02-acd3-47c8-b3e9-5b8e0493de45: shutdown FollowerState
2019-10-21 23:46:37,005 [Thread-1039] INFO  impl.FollowerState (FollowerState.java:run(117)) - 1360619e-ba1e-4bf9-aec1-9f15b5480b27@group-2FABE92B7E5B-FollowerState was interrupted: java.lang.InterruptedException: sleep interrupted
2019-10-21 23:46:37,005 [grpc-default-executor-2] INFO  impl.RoleInfo (RoleInfo.java:updateAndGet(143)) - 1360619e-ba1e-4bf9-aec1-9f15b5480b27: start FollowerState
2019-10-21 23:46:37,005 [Thread-1040] INFO  impl.FollowerState (FollowerState.java:run(117)) - c58a0a02-acd3-47c8-b3e9-5b8e0493de45@group-2FABE92B7E5B-FollowerState was interrupted: java.lang.InterruptedException: sleep interrupted
2019-10-21 23:46:37,005 [grpc-default-executor-0] INFO  impl.RoleInfo (RoleInfo.java:updateAndGet(143)) - c58a0a02-acd3-47c8-b3e9-5b8e0493de45: start FollowerState
2019-10-21 23:46:37,018 [b88b3e43-5534-49b3-b3f2-a9f154b450de@group-2FABE92B7E5B-LeaderElection128] INFO  impl.LeaderElection (LeaderElection.java:logAndReturn(56)) - b88b3e43-5534-49b3-b3f2-a9f154b450de@group-2FABE92B7E5B-LeaderElection128: Election TIMEOUT; received 0 response(s) [] and 0 exception(s); b88b3e43-5534-49b3-b3f2-a9f154b450de@group-2FABE92B7E5B:t130, leader=null, voted=b88b3e43-5534-49b3-b3f2-a9f154b450de, raftlog=b88b3e43-5534-49b3-b3f2-a9f154b450de@group-2FABE92B7E5B-SegmentedRaftLog:OPENED:c-1,f-1,i0, conf=-1: [c58a0a02-acd3-47c8-b3e9-5b8e0493de45:192.168.157.254:33611, 1360619e-ba1e-4bf9-aec1-9f15b5480b27:192.168.157.254:45658, b88b3e43-5534-49b3-b3f2-a9f154b450de:192.168.157.254:46786], old=null
2019-10-21 23:46:37,021 [b88b3e43-5534-49b3-b3f2-a9f154b450de@group-2FABE92B7E5B-LeaderElection128] INFO  impl.LeaderElection (LeaderElection.java:askForVotes(178)) - b88b3e43-5534-49b3-b3f2-a9f154b450de@group-2FABE92B7E5B-LeaderElection128: begin an election at term 131 for -1: [c58a0a02-acd3-47c8-b3e9-5b8e0493de45:192.168.157.254:33611, 1360619e-ba1e-4bf9-aec1-9f15b5480b27:192.168.157.254:45658, b88b3e43-5534-49b3-b3f2-a9f154b450de:192.168.157.254:46786], old=null
2019-10-21 23:46:37,023 [grpc-default-executor-2] INFO  impl.RaftServerImpl (RaftServerImpl.java:setRole(184)) - 1360619e-ba1e-4bf9-aec1-9f15b5480b27@group-2FABE92B7E5B: changes role from  FOLLOWER to FOLLOWER at term 131 for recognizeCandidate:b88b3e43-5534-49b3-b3f2-a9f154b450de
2019-10-21 23:46:37,023 [grpc-default-executor-2] INFO  impl.RoleInfo (RoleInfo.java:shutdownFollowerState(121)) - 1360619e-ba1e-4bf9-aec1-9f15b5480b27: shutdown FollowerState
2019-10-21 23:46:37,023 [grpc-default-executor-0] INFO  impl.RaftServerImpl (RaftServerImpl.java:setRole(184)) - c58a0a02-acd3-47c8-b3e9-5b8e0493de45@group-2FABE92B7E5B: changes role from  FOLLOWER to FOLLOWER at term 131 for recognizeCandidate:b88b3e43-5534-49b3-b3f2-a9f154b450de
2019-10-21 23:46:37,023 [grpc-default-executor-2] INFO  impl.RoleInfo (RoleInfo.java:updateAndGet(143)) - 1360619e-ba1e-4bf9-aec1-9f15b5480b27: start FollowerState
2019-10-21 23:46:37,023 [Thread-1045] INFO  impl.FollowerState (FollowerState.java:run(117)) - 1360619e-ba1e-4bf9-aec1-9f15b5480b27@group-2FABE92B7E5B-FollowerState was interrupted: java.lang.InterruptedException: sleep interrupted
2019-10-21 23:46:37,023 [grpc-default-executor-0] INFO  impl.RoleInfo (RoleInfo.java:shutdownFollowerState(121)) - c58a0a02-acd3-47c8-b3e9-5b8e0493de45: shutdown FollowerState
2019-10-21 23:46:37,023 [grpc-default-executor-0] INFO  impl.RoleInfo (RoleInfo.java:updateAndGet(143)) - c58a0a02-acd3-47c8-b3e9-5b8e0493de45: start FollowerState
2019-10-21 23:46:37,023 [Thread-1046] INFO  impl.FollowerState (FollowerState.java:run(117)) - c58a0a02-acd3-47c8-b3e9-5b8e0493de45@group-2FABE92B7E5B-FollowerState was interrupted: java.lang.InterruptedException: sleep interrupted
2019-10-21 23:46:37,037 [b88b3e43-5534-49b3-b3f2-a9f154b450de@group-2FABE92B7E5B-LeaderElection128] INFO  impl.LeaderElection (LeaderElection.java:logAndReturn(56)) - b88b3e43-5534-49b3-b3f2-a9f154b450de@group-2FABE92B7E5B-LeaderElection128: Election REJECTED; received 2 response(s) [b88b3e43-5534-49b3-b3f2-a9f154b450de<-c58a0a02-acd3-47c8-b3e9-5b8e0493de45#0:FAIL-t131, b88b3e43-5534-49b3-b3f2-a9f154b450de<-1360619e-ba1e-4bf9-aec1-9f15b5480b27#0:FAIL-t131] and 0 exception(s); b88b3e43-5534-49b3-b3f2-a9f154b450de@group-2FABE92B7E5B:t131, leader=null, voted=b88b3e43-5534-49b3-b3f2-a9f154b450de, raftlog=b88b3e43-5534-49b3-b3f2-a9f154b450de@group-2FABE92B7E5B-SegmentedRaftLog:OPENED:c-1,f-1,i0, conf=-1: [c58a0a02-acd3-47c8-b3e9-5b8e0493de45:192.168.157.254:33611, 1360619e-ba1e-4bf9-aec1-9f15b5480b27:192.168.157.254:45658, b88b3e43-5534-49b3-b3f2-a9f154b450de:192.168.157.254:46786], old=null
2019-10-21 23:46:37,037 [b88b3e43-5534-49b3-b3f2-a9f154b450de@group-2FABE92B7E5B-LeaderElection128] INFO  impl.RaftServerImpl (RaftServerImpl.java:setRole(184)) - b88b3e43-5534-49b3-b3f2-a9f154b450de@group-2FABE92B7E5B: changes role from CANDIDATE to FOLLOWER at term 131 for DISCOVERED_A_NEW_TERM
2019-10-21 23:46:37,037 [b88b3e43-5534-49b3-b3f2-a9f154b450de@group-2FABE92B7E5B-LeaderElection128] INFO  impl.RoleInfo (RoleInfo.java:shutdownLeaderElection(134)) - b88b3e43-5534-49b3-b3f2-a9f154b450de: shutdown LeaderElection
2019-10-21 23:46:37,037 [b88b3e43-5534-49b3-b3f2-a9f154b450de@group-2FABE92B7E5B-LeaderElection128] INFO  impl.RoleInfo (RoleInfo.java:updateAndGet(143)) - b88b3e43-5534-49b3-b3f2-a9f154b450de: start FollowerState
2019-10-21 23:46:37,050 [Thread-1051] INFO  impl.FollowerState (FollowerState.java:run(108)) - b88b3e43-5534-49b3-b3f2-a9f154b450de@group-2FABE92B7E5B-FollowerState: change to CANDIDATE, lastRpcTime:12ms, electionTimeout:12ms
2019-10-21 23:46:37,050 [Thread-1051] INFO  impl.RoleInfo (RoleInfo.java:shutdownFollowerState(121)) - b88b3e43-5534-49b3-b3f2-a9f154b450de: shutdown FollowerState
2019-10-21 23:46:37,050 [Thread-1051] INFO  impl.RaftServerImpl (RaftServerImpl.java:setRole(184)) - b88b3e43-5534-49b3-b3f2-a9f154b450de@group-2FABE92B7E5B: changes role from  FOLLOWER to CANDIDATE at term 131 for changeToCandidate
2019-10-21 23:46:37,050 [Thread-1051] INFO  impl.RoleInfo (RoleInfo.java:updateAndGet(143)) - b88b3e43-5534-49b3-b3f2-a9f154b450de: start LeaderElection
2019-10-21 23:46:37,063 [b88b3e43-5534-49b3-b3f2-a9f154b450de@group-2FABE92B7E5B-LeaderElection129] INFO  impl.LeaderElection (LeaderElection.java:askForVotes(178)) - b88b3e43-5534-49b3-b3f2-a9f154b450de@group-2FABE92B7E5B-LeaderElection129: begin an election at term 132 for -1: [c58a0a02-acd3-47c8-b3e9-5b8e0493de45:192.168.157.254:33611, 1360619e-ba1e-4bf9-aec1-9f15b5480b27:192.168.157.254:45658, b88b3e43-5534-49b3-b3f2-a9f154b450de:192.168.157.254:46786], old=null
2019-10-21 23:46:37,066 [grpc-default-executor-0] INFO  impl.RaftServerImpl (RaftServerImpl.java:setRole(184)) - 1360619e-ba1e-4bf9-aec1-9f15b5480b27@group-2FABE92B7E5B: changes role from  FOLLOWER to FOLLOWER at term 132 for recognizeCandidate:b88b3e43-5534-49b3-b3f2-a9f154b450de
2019-10-21 23:46:37,066 [grpc-default-executor-0] INFO  impl.RoleInfo (RoleInfo.java:shutdownFollowerState(121)) - 1360619e-ba1e-4bf9-aec1-9f15b5480b27: shutdown FollowerState
2019-10-21 23:46:37,066 [grpc-default-executor-0] INFO  impl.RoleInfo (RoleInfo.java:updateAndGet(143)) - 1360619e-ba1e-4bf9-aec1-9f15b5480b27: start FollowerState
2019-10-21 23:46:37,066 [grpc-default-executor-2] INFO  impl.RaftServerImpl (RaftServerImpl.java:setRole(184)) - c58a0a02-acd3-47c8-b3e9-5b8e0493de45@group-2FABE92B7E5B: changes role from  FOLLOWER to FOLLOWER at term 132 for recognizeCandidate:b88b3e43-5534-49b3-b3f2-a9f154b450de
2019-10-21 23:46:37,066 [Thread-1049] INFO  impl.FollowerState (FollowerState.java:run(117)) - 1360619e-ba1e-4bf9-aec1-9f15b5480b27@group-2FABE92B7E5B-FollowerState was interrupted: java.lang.InterruptedException: sleep interrupted
2019-10-21 23:46:37,066 [grpc-default-executor-2] INFO  impl.RoleInfo (RoleInfo.java:shutdownFollowerState(121)) - c58a0a02-acd3-47c8-b3e9-5b8e0493de45: shutdown FollowerState
2019-10-21 23:46:37,066 [grpc-default-executor-2] INFO  impl.RoleInfo (RoleInfo.java:updateAndGet(143)) - c58a0a02-acd3-47c8-b3e9-5b8e0493de45: start FollowerState
2019-10-21 23:46:37,066 [Thread-1050] INFO  impl.FollowerState (FollowerState.java:run(117)) - c58a0a02-acd3-47c8-b3e9-5b8e0493de45@group-2FABE92B7E5B-FollowerState was interrupted: java.lang.InterruptedException: sleep interrupted
2019-10-21 23:46:37,082 [b88b3e43-5534-49b3-b3f2-a9f154b450de@group-2FABE92B7E5B-LeaderElection129] INFO  impl.LeaderElection (LeaderElection.java:logAndReturn(56)) - b88b3e43-5534-49b3-b3f2-a9f154b450de@group-2FABE92B7E5B-LeaderElection129: Election REJECTED; received 2 response(s) [b88b3e43-5534-49b3-b3f2-a9f154b450de<-c58a0a02-acd3-47c8-b3e9-5b8e0493de45#0:FAIL-t132, b88b3e43-5534-49b3-b3f2-a9f154b450de<-1360619e-ba1e-4bf9-aec1-9f15b5480b27#0:FAIL-t132] and 0 exception(s); b88b3e43-5534-49b3-b3f2-a9f154b450de@group-2FABE92B7E5B:t132, leader=null, voted=b88b3e43-5534-49b3-b3f2-a9f154b450de, raftlog=b88b3e43-5534-49b3-b3f2-a9f154b450de@group-2FABE92B7E5B-SegmentedRaftLog:OPENED:c-1,f-1,i0, conf=-1: [c58a0a02-acd3-47c8-b3e9-5b8e0493de45:192.168.157.254:33611, 1360619e-ba1e-4bf9-aec1-9f15b5480b27:192.168.157.254:45658, b88b3e43-5534-49b3-b3f2-a9f154b450de:192.168.157.254:46786], old=null
2019-10-21 23:46:37,082 [b88b3e43-5534-49b3-b3f2-a9f154b450de@group-2FABE92B7E5B-LeaderElection129] INFO  impl.RaftServerImpl (RaftServerImpl.java:setRole(184)) - b88b3e43-5534-49b3-b3f2-a9f154b450de@group-2FABE92B7E5B: changes role from CANDIDATE to FOLLOWER at term 132 for DISCOVERED_A_NEW_TERM
2019-10-21 23:46:37,082 [b88b3e43-5534-49b3-b3f2-a9f154b450de@group-2FABE92B7E5B-LeaderElection129] INFO  impl.RoleInfo (RoleInfo.java:shutdownLeaderElection(134)) - b88b3e43-5534-49b3-b3f2-a9f154b450de: shutdown LeaderElection
2019-10-21 23:46:37,082 [b88b3e43-5534-49b3-b3f2-a9f154b450de@group-2FABE92B7E5B-LeaderElection129] INFO  impl.RoleInfo (RoleInfo.java:updateAndGet(143)) - b88b3e43-5534-49b3-b3f2-a9f154b450de: start FollowerState
2019-10-21 23:46:37,214 [Thread-1057] INFO  impl.FollowerState (FollowerState.java:run(108)) - b88b3e43-5534-49b3-b3f2-a9f154b450de@group-2FABE92B7E5B-FollowerState: change to CANDIDATE, lastRpcTime:132ms, electionTimeout:132ms
2019-10-21 23:46:37,215 [Thread-1057] INFO  impl.RoleInfo (RoleInfo.java:shutdownFollowerState(121)) - b88b3e43-5534-49b3-b3f2-a9f154b450de: shutdown FollowerState
2019-10-21 23:46:37,215 [Thread-1057] INFO  impl.RaftServerImpl (RaftServerImpl.java:setRole(184)) - b88b3e43-5534-49b3-b3f2-a9f154b450de@group-2FABE92B7E5B: changes role from  FOLLOWER to CANDIDATE at term 132 for changeToCandidate
2019-10-21 23:46:37,215 [Thread-1057] INFO  impl.RoleInfo (RoleInfo.java:updateAndGet(143)) - b88b3e43-5534-49b3-b3f2-a9f154b450de: start LeaderElection
2019-10-21 23:46:37,229 [b88b3e43-5534-49b3-b3f2-a9f154b450de@group-2FABE92B7E5B-LeaderElection130] INFO  impl.LeaderElection (LeaderElection.java:askForVotes(178)) - b88b3e43-5534-49b3-b3f2-a9f154b450de@group-2FABE92B7E5B-LeaderElection130: begin an election at term 133 for -1: [c58a0a02-acd3-47c8-b3e9-5b8e0493de45:192.168.157.254:33611, 1360619e-ba1e-4bf9-aec1-9f15b5480b27:192.168.157.254:45658, b88b3e43-5534-49b3-b3f2-a9f154b450de:192.168.157.254:46786], old=null
2019-10-21 23:46:37,232 [grpc-default-executor-2] INFO  impl.RaftServerImpl (RaftServerImpl.java:setRole(184)) - 1360619e-ba1e-4bf9-aec1-9f15b5480b27@group-2FABE92B7E5B: changes role from  FOLLOWER to FOLLOWER at term 133 for recognizeCandidate:b88b3e43-5534-49b3-b3f2-a9f154b450de
2019-10-21 23:46:37,232 [grpc-default-executor-0] INFO  impl.RaftServerImpl (RaftServerImpl.java:setRole(184)) - c58a0a02-acd3-47c8-b3e9-5b8e0493de45@group-2FABE92B7E5B: changes role from  FOLLOWER to FOLLOWER at term 133 for recognizeCandidate:b88b3e43-5534-49b3-b3f2-a9f154b450de
2019-10-21 23:46:37,232 [grpc-default-executor-0] INFO  impl.RoleInfo (RoleInfo.java:shutdownFollowerState(121)) - c58a0a02-acd3-47c8-b3e9-5b8e0493de45: shutdown FollowerState
2019-10-21 23:46:37,232 [grpc-default-executor-2] INFO  impl.RoleInfo (RoleInfo.java:shutdownFollowerState(121)) - 1360619e-ba1e-4bf9-aec1-9f15b5480b27: shutdown FollowerState
2019-10-21 23:46:37,233 [Thread-1056] INFO  impl.FollowerState (FollowerState.java:run(117)) - c58a0a02-acd3-47c8-b3e9-5b8e0493de45@group-2FABE92B7E5B-FollowerState was interrupted: java.lang.InterruptedException: sleep interrupted
2019-10-21 23:46:37,233 [grpc-default-executor-0] INFO  impl.RoleInfo (RoleInfo.java:updateAndGet(143)) - c58a0a02-acd3-47c8-b3e9-5b8e0493de45: start FollowerState
2019-10-21 23:46:37,233 [grpc-default-executor-2] INFO  impl.RoleInfo (RoleInfo.java:updateAndGet(143)) - 1360619e-ba1e-4bf9-aec1-9f15b5480b27: start FollowerState
2019-10-21 23:46:37,233 [Thread-1055] INFO  impl.FollowerState (FollowerState.java:run(117)) - 1360619e-ba1e-4bf9-aec1-9f15b5480b27@group-2FABE92B7E5B-FollowerState was interrupted: java.lang.InterruptedException: sleep interrupted
2019-10-21 23:46:37,248 [b88b3e43-5534-49b3-b3f2-a9f154b450de@group-2FABE92B7E5B-LeaderElection130] INFO  impl.LeaderElection (LeaderElection.java:logAndReturn(56)) - b88b3e43-5534-49b3-b3f2-a9f154b450de@group-2FABE92B7E5B-LeaderElection130: Election REJECTED; received 2 response(s) [b88b3e43-5534-49b3-b3f2-a9f154b450de<-c58a0a02-acd3-47c8-b3e9-5b8e0493de45#0:FAIL-t133, b88b3e43-5534-49b3-b3f2-a9f154b450de<-1360619e-ba1e-4bf9-aec1-9f15b5480b27#0:FAIL-t133] and 0 exception(s); b88b3e43-5534-49b3-b3f2-a9f154b450de@group-2FABE92B7E5B:t133, leader=null, voted=b88b3e43-5534-49b3-b3f2-a9f154b450de, raftlog=b88b3e43-5534-49b3-b3f2-a9f154b450de@group-2FABE92B7E5B-SegmentedRaftLog:OPENED:c-1,f-1,i0, conf=-1: [c58a0a02-acd3-47c8-b3e9-5b8e0493de45:192.168.157.254:33611, 1360619e-ba1e-4bf9-aec1-9f15b5480b27:192.168.157.254:45658, b88b3e43-5534-49b3-b3f2-a9f154b450de:192.168.157.254:46786], old=null
2019-10-21 23:46:37,248 [b88b3e43-5534-49b3-b3f2-a9f154b450de@group-2FABE92B7E5B-LeaderElection130] INFO  impl.RaftServerImpl (RaftServerImpl.java:setRole(184)) - b88b3e43-5534-49b3-b3f2-a9f154b450de@group-2FABE92B7E5B: changes role from CANDIDATE to FOLLOWER at term 133 for DISCOVERED_A_NEW_TERM
2019-10-21 23:46:37,249 [b88b3e43-5534-49b3-b3f2-a9f154b450de@group-2FABE92B7E5B-LeaderElection130] INFO  impl.RoleInfo (RoleInfo.java:shutdownLeaderElection(134)) - b88b3e43-5534-49b3-b3f2-a9f154b450de: shutdown LeaderElection
2019-10-21 23:46:37,249 [b88b3e43-5534-49b3-b3f2-a9f154b450de@group-2FABE92B7E5B-LeaderElection130] INFO  impl.RoleInfo (RoleInfo.java:updateAndGet(143)) - b88b3e43-5534-49b3-b3f2-a9f154b450de: start FollowerState
2019-10-21 23:46:37,338 [Thread-1063] INFO  impl.FollowerState (FollowerState.java:run(108)) - b88b3e43-5534-49b3-b3f2-a9f154b450de@group-2FABE92B7E5B-FollowerState: change to CANDIDATE, lastRpcTime:89ms, electionTimeout:89ms
2019-10-21 23:46:37,338 [Thread-1063] INFO  impl.RoleInfo (RoleInfo.java:shutdownFollowerState(121)) - b88b3e43-5534-49b3-b3f2-a9f154b450de: shutdown FollowerState
2019-10-21 23:46:37,338 [Thread-1063] INFO  impl.RaftServerImpl (RaftServerImpl.java:setRole(184)) - b88b3e43-5534-49b3-b3f2-a9f154b450de@group-2FABE92B7E5B: changes role from  FOLLOWER to CANDIDATE at term 133 for changeToCandidate
2019-10-21 23:46:37,339 [Thread-1063] INFO  impl.RoleInfo (RoleInfo.java:updateAndGet(143)) - b88b3e43-5534-49b3-b3f2-a9f154b450de: start LeaderElection
2019-10-21 23:46:37,346 [b88b3e43-5534-49b3-b3f2-a9f154b450de@group-2FABE92B7E5B-LeaderElection131] INFO  impl.LeaderElection (LeaderElection.java:askForVotes(178)) - b88b3e43-5534-49b3-b3f2-a9f154b450de@group-2FABE92B7E5B-LeaderElection131: begin an election at term 134 for -1: [c58a0a02-acd3-47c8-b3e9-5b8e0493de45:192.168.157.254:33611, 1360619e-ba1e-4bf9-aec1-9f15b5480b27:192.168.157.254:45658, b88b3e43-5534-49b3-b3f2-a9f154b450de:192.168.157.254:46786], old=null
2019-10-21 23:46:37,350 [grpc-default-executor-0] INFO  impl.RaftServerImpl (RaftServerImpl.java:setRole(184)) - 1360619e-ba1e-4bf9-aec1-9f15b5480b27@group-2FABE92B7E5B: changes role from  FOLLOWER to FOLLOWER at term 134 for recognizeCandidate:b88b3e43-5534-49b3-b3f2-a9f154b450de
2019-10-21 23:46:37,350 [grpc-default-executor-0] INFO  impl.RoleInfo (RoleInfo.java:shutdownFollowerState(121)) - 1360619e-ba1e-4bf9-aec1-9f15b5480b27: shutdown FollowerState
2019-10-21 23:46:37,350 [grpc-default-executor-2] INFO  impl.RaftServerImpl (RaftServerImpl.java:setRole(184)) - c58a0a02-acd3-47c8-b3e9-5b8e0493de45@group-2FABE92B7E5B: changes role from  FOLLOWER to FOLLOWER at term 134 for recognizeCandidate:b88b3e43-5534-49b3-b3f2-a9f154b450de
2019-10-21 23:46:37,350 [Thread-1062] INFO  impl.FollowerState (FollowerState.java:run(117)) - 1360619e-ba1e-4bf9-aec1-9f15b5480b27@group-2FABE92B7E5B-FollowerState was interrupted: java.lang.InterruptedException: sleep interrupted
2019-10-21 23:46:37,350 [grpc-default-executor-0] INFO  impl.RoleInfo (RoleInfo.java:updateAndGet(143)) - 1360619e-ba1e-4bf9-aec1-9f15b5480b27: start FollowerState
2019-10-21 23:46:37,350 [grpc-default-executor-2] INFO  impl.RoleInfo (RoleInfo.java:shutdownFollowerState(121)) - c58a0a02-acd3-47c8-b3e9-5b8e0493de45: shutdown FollowerState
2019-10-21 23:46:37,351 [grpc-default-executor-2] INFO  impl.RoleInfo (RoleInfo.java:updateAndGet(143)) - c58a0a02-acd3-47c8-b3e9-5b8e0493de45: start FollowerState
2019-10-21 23:46:37,351 [Thread-1061] INFO  impl.FollowerState (FollowerState.java:run(117)) - c58a0a02-acd3-47c8-b3e9-5b8e0493de45@group-2FABE92B7E5B-FollowerState was interrupted: java.lang.InterruptedException: sleep interrupted
2019-10-21 23:46:37,365 [b88b3e43-5534-49b3-b3f2-a9f154b450de@group-2FABE92B7E5B-LeaderElection131] INFO  impl.LeaderElection (LeaderElection.java:logAndReturn(56)) - b88b3e43-5534-49b3-b3f2-a9f154b450de@group-2FABE92B7E5B-LeaderElection131: Election REJECTED; received 2 response(s) [b88b3e43-5534-49b3-b3f2-a9f154b450de<-c58a0a02-acd3-47c8-b3e9-5b8e0493de45#0:FAIL-t134, b88b3e43-5534-49b3-b3f2-a9f154b450de<-1360619e-ba1e-4bf9-aec1-9f15b5480b27#0:FAIL-t134] and 0 exception(s); b88b3e43-5534-49b3-b3f2-a9f154b450de@group-2FABE92B7E5B:t134, leader=null, voted=b88b3e43-5534-49b3-b3f2-a9f154b450de, raftlog=b88b3e43-5534-49b3-b3f2-a9f154b450de@group-2FABE92B7E5B-SegmentedRaftLog:OPENED:c-1,f-1,i0, conf=-1: [c58a0a02-acd3-47c8-b3e9-5b8e0493de45:192.168.157.254:33611, 1360619e-ba1e-4bf9-aec1-9f15b5480b27:192.168.157.254:45658, b88b3e43-5534-49b3-b3f2-a9f154b450de:192.168.157.254:46786], old=null
2019-10-21 23:46:37,365 [b88b3e43-5534-49b3-b3f2-a9f154b450de@group-2FABE92B7E5B-LeaderElection131] INFO  impl.RaftServerImpl (RaftServerImpl.java:setRole(184)) - b88b3e43-5534-49b3-b3f2-a9f154b450de@group-2FABE92B7E5B: changes role from CANDIDATE to FOLLOWER at term 134 for DISCOVERED_A_NEW_TERM
2019-10-21 23:46:37,366 [b88b3e43-5534-49b3-b3f2-a9f154b450de@group-2FABE92B7E5B-LeaderElection131] INFO  impl.RoleInfo (RoleInfo.java:shutdownLeaderElection(134)) - b88b3e43-5534-49b3-b3f2-a9f154b450de: shutdown LeaderElection
2019-10-21 23:46:37,366 [b88b3e43-5534-49b3-b3f2-a9f154b450de@group-2FABE92B7E5B-LeaderElection131] INFO  impl.RoleInfo (RoleInfo.java:updateAndGet(143)) - b88b3e43-5534-49b3-b3f2-a9f154b450de: start FollowerState
2019-10-21 23:46:37,452 [Thread-1069] INFO  impl.FollowerState (FollowerState.java:run(108)) - b88b3e43-5534-49b3-b3f2-a9f154b450de@group-2FABE92B7E5B-FollowerState: change to CANDIDATE, lastRpcTime:85ms, electionTimeout:83ms
2019-10-21 23:46:37,452 [Thread-1069] INFO  impl.RoleInfo (RoleInfo.java:shutdownFollowerState(121)) - b88b3e43-5534-49b3-b3f2-a9f154b450de: shutdown FollowerState
2019-10-21 23:46:37,452 [Thread-1069] INFO  impl.RaftServerImpl (RaftServerImpl.java:setRole(184)) - b88b3e43-5534-49b3-b3f2-a9f154b450de@group-2FABE92B7E5B: changes role from  FOLLOWER to CANDIDATE at term 134 for changeToCandidate
2019-10-21 23:46:37,452 [Thread-1069] INFO  impl.RoleInfo (RoleInfo.java:updateAndGet(143)) - b88b3e43-5534-49b3-b3f2-a9f154b450de: start LeaderElection
2019-10-21 23:46:37,467 [b88b3e43-5534-49b3-b3f2-a9f154b450de@group-2FABE92B7E5B-LeaderElection132] INFO  impl.LeaderElection (LeaderElection.java:askForVotes(178)) - b88b3e43-5534-49b3-b3f2-a9f154b450de@group-2FABE92B7E5B-LeaderElection132: begin an election at term 135 for -1: [c58a0a02-acd3-47c8-b3e9-5b8e0493de45:192.168.157.254:33611, 1360619e-ba1e-4bf9-aec1-9f15b5480b27:192.168.157.254:45658, b88b3e43-5534-49b3-b3f2-a9f154b450de:192.168.157.254:46786], old=null
2019-10-21 23:46:37,469 [grpc-default-executor-0] INFO  impl.RaftServerImpl (RaftServerImpl.java:setRole(184)) - c58a0a02-acd3-47c8-b3e9-5b8e0493de45@group-2FABE92B7E5B: changes role from  FOLLOWER to FOLLOWER at term 135 for recognizeCandidate:b88b3e43-5534-49b3-b3f2-a9f154b450de
2019-10-21 23:46:37,469 [grpc-default-executor-2] INFO  impl.RaftServerImpl (RaftServerImpl.java:setRole(184)) - 1360619e-ba1e-4bf9-aec1-9f15b5480b27@group-2FABE92B7E5B: changes role from  FOLLOWER to FOLLOWER at term 135 for recognizeCandidate:b88b3e43-5534-49b3-b3f2-a9f154b450de
2019-10-21 23:46:37,469 [grpc-default-executor-2] INFO  impl.RoleInfo (RoleInfo.java:shutdownFollowerState(121)) - 1360619e-ba1e-4bf9-aec1-9f15b5480b27: shutdown FollowerState
2019-10-21 23:46:37,469 [grpc-default-executor-0] INFO  impl.RoleInfo (RoleInfo.java:shutdownFollowerState(121)) - c58a0a02-acd3-47c8-b3e9-5b8e0493de45: shutdown FollowerState
2019-10-21 23:46:37,469 [Thread-1067] INFO  impl.FollowerState (FollowerState.java:run(117)) - 1360619e-ba1e-4bf9-aec1-9f15b5480b27@group-2FABE92B7E5B-FollowerState was interrupted: java.lang.InterruptedException: sleep interrupted
2019-10-21 23:46:37,469 [grpc-default-executor-2] INFO  impl.RoleInfo (RoleInfo.java:updateAndGet(143)) - 1360619e-ba1e-4bf9-aec1-9f15b5480b27: start FollowerState
2019-10-21 23:46:37,470 [grpc-default-executor-0] INFO  impl.RoleInfo (RoleInfo.java:updateAndGet(143)) - c58a0a02-acd3-47c8-b3e9-5b8e0493de45: start FollowerState
2019-10-21 23:46:37,470 [Thread-1068] INFO  impl.FollowerState (FollowerState.java:run(117)) - c58a0a02-acd3-47c8-b3e9-5b8e0493de45@group-2FABE92B7E5B-FollowerState was interrupted: java.lang.InterruptedException: sleep interrupted
2019-10-21 23:46:37,485 [b88b3e43-5534-49b3-b3f2-a9f154b450de@group-2FABE92B7E5B-LeaderElection132] INFO  impl.LeaderElection (LeaderElection.java:logAndReturn(56)) - b88b3e43-5534-49b3-b3f2-a9f154b450de@group-2FABE92B7E5B-LeaderElection132: Election REJECTED; received 2 response(s) [b88b3e43-5534-49b3-b3f2-a9f154b450de<-c58a0a02-acd3-47c8-b3e9-5b8e0493de45#0:FAIL-t135, b88b3e43-5534-49b3-b3f2-a9f154b450de<-1360619e-ba1e-4bf9-aec1-9f15b5480b27#0:FAIL-t135] and 0 exception(s); b88b3e43-5534-49b3-b3f2-a9f154b450de@group-2FABE92B7E5B:t135, leader=null, voted=b88b3e43-5534-49b3-b3f2-a9f154b450de, raftlog=b88b3e43-5534-49b3-b3f2-a9f154b450de@group-2FABE92B7E5B-SegmentedRaftLog:OPENED:c-1,f-1,i0, conf=-1: [c58a0a02-acd3-47c8-b3e9-5b8e0493de45:192.168.157.254:33611, 1360619e-ba1e-4bf9-aec1-9f15b5480b27:192.168.157.254:45658, b88b3e43-5534-49b3-b3f2-a9f154b450de:192.168.157.254:46786], old=null
2019-10-21 23:46:37,485 [b88b3e43-5534-49b3-b3f2-a9f154b450de@group-2FABE92B7E5B-LeaderElection132] INFO  impl.RaftServerImpl (RaftServerImpl.java:setRole(184)) - b88b3e43-5534-49b3-b3f2-a9f154b450de@group-2FABE92B7E5B: changes role from CANDIDATE to FOLLOWER at term 135 for DISCOVERED_A_NEW_TERM
2019-10-21 23:46:37,485 [b88b3e43-5534-49b3-b3f2-a9f154b450de@group-2FABE92B7E5B-LeaderElection132] INFO  impl.RoleInfo (RoleInfo.java:shutdownLeaderElection(134)) - b88b3e43-5534-49b3-b3f2-a9f154b450de: shutdown LeaderElection
2019-10-21 23:46:37,485 [b88b3e43-5534-49b3-b3f2-a9f154b450de@group-2FABE92B7E5B-LeaderElection132] INFO  impl.RoleInfo (RoleInfo.java:updateAndGet(143)) - b88b3e43-5534-49b3-b3f2-a9f154b450de: start FollowerState
2019-10-21 23:46:37,643 [Thread-1075] INFO  impl.FollowerState (FollowerState.java:run(108)) - b88b3e43-5534-49b3-b3f2-a9f154b450de@group-2FABE92B7E5B-FollowerState: change to CANDIDATE, lastRpcTime:157ms, electionTimeout:157ms
2019-10-21 23:46:37,643 [Thread-1075] INFO  impl.RoleInfo (RoleInfo.java:shutdownFollowerState(121)) - b88b3e43-5534-49b3-b3f2-a9f154b450de: shutdown FollowerState
2019-10-21 23:46:37,643 [Thread-1075] INFO  impl.RaftServerImpl (RaftServerImpl.java:setRole(184)) - b88b3e43-5534-49b3-b3f2-a9f154b450de@group-2FABE92B7E5B: changes role from  FOLLOWER to CANDIDATE at term 135 for changeToCandidate
2019-10-21 23:46:37,643 [Thread-1075] INFO  impl.RoleInfo (RoleInfo.java:updateAndGet(143)) - b88b3e43-5534-49b3-b3f2-a9f154b450de: start LeaderElection
2019-10-21 23:46:37,658 [b88b3e43-5534-49b3-b3f2-a9f154b450de@group-2FABE92B7E5B-LeaderElection133] INFO  impl.LeaderElection (LeaderElection.java:askForVotes(178)) - b88b3e43-5534-49b3-b3f2-a9f154b450de@group-2FABE92B7E5B-LeaderElection133: begin an election at term 136 for -1: [c58a0a02-acd3-47c8-b3e9-5b8e0493de45:192.168.157.254:33611, 1360619e-ba1e-4bf9-aec1-9f15b5480b27:192.168.157.254:45658, b88b3e43-5534-49b3-b3f2-a9f154b450de:192.168.157.254:46786], old=null
2019-10-21 23:46:37,660 [grpc-default-executor-2] INFO  impl.RaftServerImpl (RaftServerImpl.java:setRole(184)) - c58a0a02-acd3-47c8-b3e9-5b8e0493de45@group-2FABE92B7E5B: changes role from  FOLLOWER to FOLLOWER at term 136 for recognizeCandidate:b88b3e43-5534-49b3-b3f2-a9f154b450de
2019-10-21 23:46:37,661 [grpc-default-executor-2] INFO  impl.RoleInfo (RoleInfo.java:shutdownFollowerState(121)) - c58a0a02-acd3-47c8-b3e9-5b8e0493de45: shutdown FollowerState
2019-10-21 23:46:37,660 [grpc-default-executor-0] INFO  impl.RaftServerImpl (RaftServerImpl.java:setRole(184)) - 1360619e-ba1e-4bf9-aec1-9f15b5480b27@group-2FABE92B7E5B: changes role from  FOLLOWER to FOLLOWER at term 136 for recognizeCandidate:b88b3e43-5534-49b3-b3f2-a9f154b450de
2019-10-21 23:46:37,661 [Thread-1074] INFO  impl.FollowerState (FollowerState.java:run(117)) - c58a0a02-acd3-47c8-b3e9-5b8e0493de45@group-2FABE92B7E5B-FollowerState was interrupted: java.lang.InterruptedException: sleep interrupted
2019-10-21 23:46:37,661 [grpc-default-executor-2] INFO  impl.RoleInfo (RoleInfo.java:updateAndGet(143)) - c58a0a02-acd3-47c8-b3e9-5b8e0493de45: start FollowerState
2019-10-21 23:46:37,661 [grpc-default-executor-0] INFO  impl.RoleInfo (RoleInfo.java:shutdownFollowerState(121)) - 1360619e-ba1e-4bf9-aec1-9f15b5480b27: shutdown FollowerState
2019-10-21 23:46:37,661 [grpc-default-executor-0] INFO  impl.RoleInfo (RoleInfo.java:updateAndGet(143)) - 1360619e-ba1e-4bf9-aec1-9f15b5480b27: start FollowerState
2019-10-21 23:46:37,661 [Thread-1073] INFO  impl.FollowerState (FollowerState.java:run(117)) - 1360619e-ba1e-4bf9-aec1-9f15b5480b27@group-2FABE92B7E5B-FollowerState was interrupted: java.lang.InterruptedException: sleep interrupted
2019-10-21 23:46:37,676 [b88b3e43-5534-49b3-b3f2-a9f154b450de@group-2FABE92B7E5B-LeaderElection133] INFO  impl.LeaderElection (LeaderElection.java:logAndReturn(56)) - b88b3e43-5534-49b3-b3f2-a9f154b450de@group-2FABE92B7E5B-LeaderElection133: Election REJECTED; received 2 response(s) [b88b3e43-5534-49b3-b3f2-a9f154b450de<-c58a0a02-acd3-47c8-b3e9-5b8e0493de45#0:FAIL-t136, b88b3e43-5534-49b3-b3f2-a9f154b450de<-1360619e-ba1e-4bf9-aec1-9f15b5480b27#0:FAIL-t136] and 0 exception(s); b88b3e43-5534-49b3-b3f2-a9f154b450de@group-2FABE92B7E5B:t136, leader=null, voted=b88b3e43-5534-49b3-b3f2-a9f154b450de, raftlog=b88b3e43-5534-49b3-b3f2-a9f154b450de@group-2FABE92B7E5B-SegmentedRaftLog:OPENED:c-1,f-1,i0, conf=-1: [c58a0a02-acd3-47c8-b3e9-5b8e0493de45:192.168.157.254:33611, 1360619e-ba1e-4bf9-aec1-9f15b5480b27:192.168.157.254:45658, b88b3e43-5534-49b3-b3f2-a9f154b450de:192.168.157.254:46786], old=null
2019-10-21 23:46:37,676 [b88b3e43-5534-49b3-b3f2-a9f154b450de@group-2FABE92B7E5B-LeaderElection133] INFO  impl.RaftServerImpl (RaftServerImpl.java:setRole(184)) - b88b3e43-5534-49b3-b3f2-a9f154b450de@group-2FABE92B7E5B: changes role from CANDIDATE to FOLLOWER at term 136 for DISCOVERED_A_NEW_TERM
2019-10-21 23:46:37,676 [b88b3e43-5534-49b3-b3f2-a9f154b450de@group-2FABE92B7E5B-LeaderElection133] INFO  impl.RoleInfo (RoleInfo.java:shutdownLeaderElection(134)) - b88b3e43-5534-49b3-b3f2-a9f154b450de: shutdown LeaderElection
2019-10-21 23:46:37,676 [b88b3e43-5534-49b3-b3f2-a9f154b450de@group-2FABE92B7E5B-LeaderElection133] INFO  impl.RoleInfo (RoleInfo.java:updateAndGet(143)) - b88b3e43-5534-49b3-b3f2-a9f154b450de: start FollowerState
2019-10-21 23:46:37,690 [Thread-1081] INFO  impl.FollowerState (FollowerState.java:run(108)) - b88b3e43-5534-49b3-b3f2-a9f154b450de@group-2FABE92B7E5B-FollowerState: change to CANDIDATE, lastRpcTime:14ms, electionTimeout:14ms
2019-10-21 23:46:37,691 [Thread-1081] INFO  impl.RoleInfo (RoleInfo.java:shutdownFollowerState(121)) - b88b3e43-5534-49b3-b3f2-a9f154b450de: shutdown FollowerState
2019-10-21 23:46:37,691 [Thread-1081] INFO  impl.RaftServerImpl (RaftServerImpl.java:setRole(184)) - b88b3e43-5534-49b3-b3f2-a9f154b450de@group-2FABE92B7E5B: changes role from  FOLLOWER to CANDIDATE at term 136 for changeToCandidate
2019-10-21 23:46:37,691 [Thread-1081] INFO  impl.RoleInfo (RoleInfo.java:updateAndGet(143)) - b88b3e43-5534-49b3-b3f2-a9f154b450de: start LeaderElection
2019-10-21 23:46:37,704 [b88b3e43-5534-49b3-b3f2-a9f154b450de@group-2FABE92B7E5B-LeaderElection134] INFO  impl.LeaderElection (LeaderElection.java:askForVotes(178)) - b88b3e43-5534-49b3-b3f2-a9f154b450de@group-2FABE92B7E5B-LeaderElection134: begin an election at term 137 for -1: [c58a0a02-acd3-47c8-b3e9-5b8e0493de45:192.168.157.254:33611, 1360619e-ba1e-4bf9-aec1-9f15b5480b27:192.168.157.254:45658, b88b3e43-5534-49b3-b3f2-a9f154b450de:192.168.157.254:46786], old=null
2019-10-21 23:46:37,706 [grpc-default-executor-2] INFO  impl.RaftServerImpl (RaftServerImpl.java:setRole(184)) - 1360619e-ba1e-4bf9-aec1-9f15b5480b27@group-2FABE92B7E5B: changes role from  FOLLOWER to FOLLOWER at term 137 for recognizeCandidate:b88b3e43-5534-49b3-b3f2-a9f154b450de
2019-10-21 23:46:37,706 [grpc-default-executor-2] INFO  impl.RoleInfo (RoleInfo.java:shutdownFollowerState(121)) - 1360619e-ba1e-4bf9-aec1-9f15b5480b27: shutdown FollowerState
2019-10-21 23:46:37,706 [grpc-default-executor-0] INFO  impl.RaftServerImpl (RaftServerImpl.java:setRole(184)) - c58a0a02-acd3-47c8-b3e9-5b8e0493de45@group-2FABE92B7E5B: changes role from  FOLLOWER to FOLLOWER at term 137 for recognizeCandidate:b88b3e43-5534-49b3-b3f2-a9f154b450de
2019-10-21 23:46:37,707 [Thread-1080] INFO  impl.FollowerState (FollowerState.java:run(117)) - 1360619e-ba1e-4bf9-aec1-9f15b5480b27@group-2FABE92B7E5B-FollowerState was interrupted: java.lang.InterruptedException: sleep interrupted
2019-10-21 23:46:37,707 [grpc-default-executor-2] INFO  impl.RoleInfo (RoleInfo.java:updateAndGet(143)) - 1360619e-ba1e-4bf9-aec1-9f15b5480b27: start FollowerState
2019-10-21 23:46:37,707 [grpc-default-executor-0] INFO  impl.RoleInfo (RoleInfo.java:shutdownFollowerState(121)) - c58a0a02-acd3-47c8-b3e9-5b8e0493de45: shutdown FollowerState
2019-10-21 23:46:37,707 [grpc-default-executor-0] INFO  impl.RoleInfo (RoleInfo.java:updateAndGet(143)) - c58a0a02-acd3-47c8-b3e9-5b8e0493de45: start FollowerState
2019-10-21 23:46:37,707 [Thread-1079] INFO  impl.FollowerState (FollowerState.java:run(117)) - c58a0a02-acd3-47c8-b3e9-5b8e0493de45@group-2FABE92B7E5B-FollowerState was interrupted: java.lang.InterruptedException: sleep interrupted
2019-10-21 23:46:37,722 [b88b3e43-5534-49b3-b3f2-a9f154b450de@group-2FABE92B7E5B-LeaderElection134] INFO  impl.LeaderElection (LeaderElection.java:logAndReturn(56)) - b88b3e43-5534-49b3-b3f2-a9f154b450de@group-2FABE92B7E5B-LeaderElection134: Election REJECTED; received 2 response(s) [b88b3e43-5534-49b3-b3f2-a9f154b450de<-c58a0a02-acd3-47c8-b3e9-5b8e0493de45#0:FAIL-t137, b88b3e43-5534-49b3-b3f2-a9f154b450de<-1360619e-ba1e-4bf9-aec1-9f15b5480b27#0:FAIL-t137] and 0 exception(s); b88b3e43-5534-49b3-b3f2-a9f154b450de@group-2FABE92B7E5B:t137, leader=null, voted=b88b3e43-5534-49b3-b3f2-a9f154b450de, raftlog=b88b3e43-5534-49b3-b3f2-a9f154b450de@group-2FABE92B7E5B-SegmentedRaftLog:OPENED:c-1,f-1,i0, conf=-1: [c58a0a02-acd3-47c8-b3e9-5b8e0493de45:192.168.157.254:33611, 1360619e-ba1e-4bf9-aec1-9f15b5480b27:192.168.157.254:45658, b88b3e43-5534-49b3-b3f2-a9f154b450de:192.168.157.254:46786], old=null
2019-10-21 23:46:37,722 [b88b3e43-5534-49b3-b3f2-a9f154b450de@group-2FABE92B7E5B-LeaderElection134] INFO  impl.RaftServerImpl (RaftServerImpl.java:setRole(184)) - b88b3e43-5534-49b3-b3f2-a9f154b450de@group-2FABE92B7E5B: changes role from CANDIDATE to FOLLOWER at term 137 for DISCOVERED_A_NEW_TERM
2019-10-21 23:46:37,722 [b88b3e43-5534-49b3-b3f2-a9f154b450de@group-2FABE92B7E5B-LeaderElection134] INFO  impl.RoleInfo (RoleInfo.java:shutdownLeaderElection(134)) - b88b3e43-5534-49b3-b3f2-a9f154b450de: shutdown LeaderElection
2019-10-21 23:46:37,722 [b88b3e43-5534-49b3-b3f2-a9f154b450de@group-2FABE92B7E5B-LeaderElection134] INFO  impl.RoleInfo (RoleInfo.java:updateAndGet(143)) - b88b3e43-5534-49b3-b3f2-a9f154b450de: start FollowerState
2019-10-21 23:46:37,728 [Thread-1087] INFO  impl.FollowerState (FollowerState.java:run(108)) - b88b3e43-5534-49b3-b3f2-a9f154b450de@group-2FABE92B7E5B-FollowerState: change to CANDIDATE, lastRpcTime:5ms, electionTimeout:5ms
2019-10-21 23:46:37,728 [Thread-1087] INFO  impl.RoleInfo (RoleInfo.java:shutdownFollowerState(121)) - b88b3e43-5534-49b3-b3f2-a9f154b450de: shutdown FollowerState
2019-10-21 23:46:37,728 [Thread-1087] INFO  impl.RaftServerImpl (RaftServerImpl.java:setRole(184)) - b88b3e43-5534-49b3-b3f2-a9f154b450de@group-2FABE92B7E5B: changes role from  FOLLOWER to CANDIDATE at term 137 for changeToCandidate
2019-10-21 23:46:37,728 [Thread-1087] INFO  impl.RoleInfo (RoleInfo.java:updateAndGet(143)) - b88b3e43-5534-49b3-b3f2-a9f154b450de: start LeaderElection
2019-10-21 23:46:37,741 [b88b3e43-5534-49b3-b3f2-a9f154b450de@group-2FABE92B7E5B-LeaderElection135] INFO  impl.LeaderElection (LeaderElection.java:askForVotes(178)) - b88b3e43-5534-49b3-b3f2-a9f154b450de@group-2FABE92B7E5B-LeaderElection135: begin an election at term 138 for -1: [c58a0a02-acd3-47c8-b3e9-5b8e0493de45:192.168.157.254:33611, 1360619e-ba1e-4bf9-aec1-9f15b5480b27:192.168.157.254:45658, b88b3e43-5534-49b3-b3f2-a9f154b450de:192.168.157.254:46786], old=null
2019-10-21 23:46:37,743 [grpc-default-executor-0] INFO  impl.RaftServerImpl (RaftServerImpl.java:setRole(184)) - c58a0a02-acd3-47c8-b3e9-5b8e0493de45@group-2FABE92B7E5B: changes role from  FOLLOWER to FOLLOWER at term 138 for recognizeCandidate:b88b3e43-5534-49b3-b3f2-a9f154b450de
2019-10-21 23:46:37,743 [grpc-default-executor-2] INFO  impl.RaftServerImpl (RaftServerImpl.java:setRole(184)) - 1360619e-ba1e-4bf9-aec1-9f15b5480b27@group-2FABE92B7E5B: changes role from  FOLLOWER to FOLLOWER at term 138 for recognizeCandidate:b88b3e43-5534-49b3-b3f2-a9f154b450de
2019-10-21 23:46:37,743 [grpc-default-executor-0] INFO  impl.RoleInfo (RoleInfo.java:shutdownFollowerState(121)) - c58a0a02-acd3-47c8-b3e9-5b8e0493de45: shutdown FollowerState
2019-10-21 23:46:37,744 [grpc-default-executor-2] INFO  impl.RoleInfo (RoleInfo.java:shutdownFollowerState(121)) - 1360619e-ba1e-4bf9-aec1-9f15b5480b27: shutdown FollowerState
2019-10-21 23:46:37,744 [grpc-default-executor-0] INFO  impl.RoleInfo (RoleInfo.java:updateAndGet(143)) - c58a0a02-acd3-47c8-b3e9-5b8e0493de45: start FollowerState
2019-10-21 23:46:37,744 [Thread-1085] INFO  impl.FollowerState (FollowerState.java:run(117)) - 1360619e-ba1e-4bf9-aec1-9f15b5480b27@group-2FABE92B7E5B-FollowerState was interrupted: java.lang.InterruptedException: sleep interrupted
2019-10-21 23:46:37,744 [Thread-1086] INFO  impl.FollowerState (FollowerState.java:run(117)) - c58a0a02-acd3-47c8-b3e9-5b8e0493de45@group-2FABE92B7E5B-FollowerState was interrupted: java.lang.InterruptedException: sleep interrupted
2019-10-21 23:46:37,744 [grpc-default-executor-2] INFO  impl.RoleInfo (RoleInfo.java:updateAndGet(143)) - 1360619e-ba1e-4bf9-aec1-9f15b5480b27: start FollowerState
2019-10-21 23:46:37,758 [b88b3e43-5534-49b3-b3f2-a9f154b450de@group-2FABE92B7E5B-LeaderElection135] INFO  impl.LeaderElection (LeaderElection.java:logAndReturn(56)) - b88b3e43-5534-49b3-b3f2-a9f154b450de@group-2FABE92B7E5B-LeaderElection135: Election REJECTED; received 2 response(s) [b88b3e43-5534-49b3-b3f2-a9f154b450de<-c58a0a02-acd3-47c8-b3e9-5b8e0493de45#0:FAIL-t138, b88b3e43-5534-49b3-b3f2-a9f154b450de<-1360619e-ba1e-4bf9-aec1-9f15b5480b27#0:FAIL-t138] and 0 exception(s); b88b3e43-5534-49b3-b3f2-a9f154b450de@group-2FABE92B7E5B:t138, leader=null, voted=b88b3e43-5534-49b3-b3f2-a9f154b450de, raftlog=b88b3e43-5534-49b3-b3f2-a9f154b450de@group-2FABE92B7E5B-SegmentedRaftLog:OPENED:c-1,f-1,i0, conf=-1: [c58a0a02-acd3-47c8-b3e9-5b8e0493de45:192.168.157.254:33611, 1360619e-ba1e-4bf9-aec1-9f15b5480b27:192.168.157.254:45658, b88b3e43-5534-49b3-b3f2-a9f154b450de:192.168.157.254:46786], old=null
2019-10-21 23:46:37,758 [b88b3e43-5534-49b3-b3f2-a9f154b450de@group-2FABE92B7E5B-LeaderElection135] INFO  impl.RaftServerImpl (RaftServerImpl.java:setRole(184)) - b88b3e43-5534-49b3-b3f2-a9f154b450de@group-2FABE92B7E5B: changes role from CANDIDATE to FOLLOWER at term 138 for DISCOVERED_A_NEW_TERM
2019-10-21 23:46:37,759 [b88b3e43-5534-49b3-b3f2-a9f154b450de@group-2FABE92B7E5B-LeaderElection135] INFO  impl.RoleInfo (RoleInfo.java:shutdownLeaderElection(134)) - b88b3e43-5534-49b3-b3f2-a9f154b450de: shutdown LeaderElection
2019-10-21 23:46:37,759 [b88b3e43-5534-49b3-b3f2-a9f154b450de@group-2FABE92B7E5B-LeaderElection135] INFO  impl.RoleInfo (RoleInfo.java:updateAndGet(143)) - b88b3e43-5534-49b3-b3f2-a9f154b450de: start FollowerState
2019-10-21 23:46:37,763 [Thread-1093] INFO  impl.FollowerState (FollowerState.java:run(108)) - b88b3e43-5534-49b3-b3f2-a9f154b450de@group-2FABE92B7E5B-FollowerState: change to CANDIDATE, lastRpcTime:4ms, electionTimeout:4ms
2019-10-21 23:46:37,763 [Thread-1093] INFO  impl.RoleInfo (RoleInfo.java:shutdownFollowerState(121)) - b88b3e43-5534-49b3-b3f2-a9f154b450de: shutdown FollowerState
2019-10-21 23:46:37,763 [Thread-1093] INFO  impl.RaftServerImpl (RaftServerImpl.java:setRole(184)) - b88b3e43-5534-49b3-b3f2-a9f154b450de@group-2FABE92B7E5B: changes role from  FOLLOWER to CANDIDATE at term 138 for changeToCandidate
2019-10-21 23:46:37,763 [Thread-1093] INFO  impl.RoleInfo (RoleInfo.java:updateAndGet(143)) - b88b3e43-5534-49b3-b3f2-a9f154b450de: start LeaderElection
2019-10-21 23:46:37,776 [b88b3e43-5534-49b3-b3f2-a9f154b450de@group-2FABE92B7E5B-LeaderElection136] INFO  impl.LeaderElection (LeaderElection.java:askForVotes(178)) - b88b3e43-5534-49b3-b3f2-a9f154b450de@group-2FABE92B7E5B-LeaderElection136: begin an election at term 139 for -1: [c58a0a02-acd3-47c8-b3e9-5b8e0493de45:192.168.157.254:33611, 1360619e-ba1e-4bf9-aec1-9f15b5480b27:192.168.157.254:45658, b88b3e43-5534-49b3-b3f2-a9f154b450de:192.168.157.254:46786], old=null
2019-10-21 23:46:37,778 [grpc-default-executor-0] INFO  impl.RaftServerImpl (RaftServerImpl.java:setRole(184)) - c58a0a02-acd3-47c8-b3e9-5b8e0493de45@group-2FABE92B7E5B: changes role from  FOLLOWER to FOLLOWER at term 139 for recognizeCandidate:b88b3e43-5534-49b3-b3f2-a9f154b450de
2019-10-21 23:46:37,778 [grpc-default-executor-0] INFO  impl.RoleInfo (RoleInfo.java:shutdownFollowerState(121)) - c58a0a02-acd3-47c8-b3e9-5b8e0493de45: shutdown FollowerState
2019-10-21 23:46:37,778 [grpc-default-executor-2] INFO  impl.RaftServerImpl (RaftServerImpl.java:setRole(184)) - 1360619e-ba1e-4bf9-aec1-9f15b5480b27@group-2FABE92B7E5B: changes role from  FOLLOWER to FOLLOWER at term 139 for recognizeCandidate:b88b3e43-5534-49b3-b3f2-a9f154b450de
2019-10-21 23:46:37,778 [Thread-1091] INFO  impl.FollowerState (FollowerState.java:run(117)) - c58a0a02-acd3-47c8-b3e9-5b8e0493de45@group-2FABE92B7E5B-FollowerState was interrupted: java.lang.InterruptedException: sleep interrupted
2019-10-21 23:46:37,778 [grpc-default-executor-0] INFO  impl.RoleInfo (RoleInfo.java:updateAndGet(143)) - c58a0a02-acd3-47c8-b3e9-5b8e0493de45: start FollowerState
2019-10-21 23:46:37,778 [grpc-default-executor-2] INFO  impl.RoleInfo (RoleInfo.java:shutdownFollowerState(121)) - 1360619e-ba1e-4bf9-aec1-9f15b5480b27: shutdown FollowerState
2019-10-21 23:46:37,779 [grpc-default-executor-2] INFO  impl.RoleInfo (RoleInfo.java:updateAndGet(143)) - 1360619e-ba1e-4bf9-aec1-9f15b5480b27: start FollowerState
2019-10-21 23:46:37,779 [Thread-1092] INFO  impl.FollowerState (FollowerState.java:run(117)) - 1360619e-ba1e-4bf9-aec1-9f15b5480b27@group-2FABE92B7E5B-FollowerState was interrupted: java.lang.InterruptedException: sleep interrupted
2019-10-21 23:46:37,793 [b88b3e43-5534-49b3-b3f2-a9f154b450de@group-2FABE92B7E5B-LeaderElection136] INFO  impl.LeaderElection (LeaderElection.java:logAndReturn(56)) - b88b3e43-5534-49b3-b3f2-a9f154b450de@group-2FABE92B7E5B-LeaderElection136: Election REJECTED; received 2 response(s) [b88b3e43-5534-49b3-b3f2-a9f154b450de<-c58a0a02-acd3-47c8-b3e9-5b8e0493de45#0:FAIL-t139, b88b3e43-5534-49b3-b3f2-a9f154b450de<-1360619e-ba1e-4bf9-aec1-9f15b5480b27#0:FAIL-t139] and 0 exception(s); b88b3e43-5534-49b3-b3f2-a9f154b450de@group-2FABE92B7E5B:t139, leader=null, voted=b88b3e43-5534-49b3-b3f2-a9f154b450de, raftlog=b88b3e43-5534-49b3-b3f2-a9f154b450de@group-2FABE92B7E5B-SegmentedRaftLog:OPENED:c-1,f-1,i0, conf=-1: [c58a0a02-acd3-47c8-b3e9-5b8e0493de45:192.168.157.254:33611, 1360619e-ba1e-4bf9-aec1-9f15b5480b27:192.168.157.254:45658, b88b3e43-5534-49b3-b3f2-a9f154b450de:192.168.157.254:46786], old=null
2019-10-21 23:46:37,793 [b88b3e43-5534-49b3-b3f2-a9f154b450de@group-2FABE92B7E5B-LeaderElection136] INFO  impl.RaftServerImpl (RaftServerImpl.java:setRole(184)) - b88b3e43-5534-49b3-b3f2-a9f154b450de@group-2FABE92B7E5B: changes role from CANDIDATE to FOLLOWER at term 139 for DISCOVERED_A_NEW_TERM
2019-10-21 23:46:37,793 [b88b3e43-5534-49b3-b3f2-a9f154b450de@group-2FABE92B7E5B-LeaderElection136] INFO  impl.RoleInfo (RoleInfo.java:shutdownLeaderElection(134)) - b88b3e43-5534-49b3-b3f2-a9f154b450de: shutdown LeaderElection
2019-10-21 23:46:37,793 [b88b3e43-5534-49b3-b3f2-a9f154b450de@group-2FABE92B7E5B-LeaderElection136] INFO  impl.RoleInfo (RoleInfo.java:updateAndGet(143)) - b88b3e43-5534-49b3-b3f2-a9f154b450de: start FollowerState
2019-10-21 23:46:37,921 [Thread-1099] INFO  impl.FollowerState (FollowerState.java:run(108)) - b88b3e43-5534-49b3-b3f2-a9f154b450de@group-2FABE92B7E5B-FollowerState: change to CANDIDATE, lastRpcTime:127ms, electionTimeout:127ms
2019-10-21 23:46:37,921 [Thread-1099] INFO  impl.RoleInfo (RoleInfo.java:shutdownFollowerState(121)) - b88b3e43-5534-49b3-b3f2-a9f154b450de: shutdown FollowerState
2019-10-21 23:46:37,921 [Thread-1099] INFO  impl.RaftServerImpl (RaftServerImpl.java:setRole(184)) - b88b3e43-5534-49b3-b3f2-a9f154b450de@group-2FABE92B7E5B: changes role from  FOLLOWER to CANDIDATE at term 139 for changeToCandidate
2019-10-21 23:46:37,921 [Thread-1099] INFO  impl.RoleInfo (RoleInfo.java:updateAndGet(143)) - b88b3e43-5534-49b3-b3f2-a9f154b450de: start LeaderElection
2019-10-21 23:46:37,935 [b88b3e43-5534-49b3-b3f2-a9f154b450de@group-2FABE92B7E5B-LeaderElection137] INFO  impl.LeaderElection (LeaderElection.java:askForVotes(178)) - b88b3e43-5534-49b3-b3f2-a9f154b450de@group-2FABE92B7E5B-LeaderElection137: begin an election at term 140 for -1: [c58a0a02-acd3-47c8-b3e9-5b8e0493de45:192.168.157.254:33611, 1360619e-ba1e-4bf9-aec1-9f15b5480b27:192.168.157.254:45658, b88b3e43-5534-49b3-b3f2-a9f154b450de:192.168.157.254:46786], old=null
2019-10-21 23:46:37,938 [grpc-default-executor-0] INFO  impl.RaftServerImpl (RaftServerImpl.java:setRole(184)) - c58a0a02-acd3-47c8-b3e9-5b8e0493de45@group-2FABE92B7E5B: changes role from  FOLLOWER to FOLLOWER at term 140 for recognizeCandidate:b88b3e43-5534-49b3-b3f2-a9f154b450de
2019-10-21 23:46:37,938 [grpc-default-executor-2] INFO  impl.RaftServerImpl (RaftServerImpl.java:setRole(184)) - 1360619e-ba1e-4bf9-aec1-9f15b5480b27@group-2FABE92B7E5B: changes role from  FOLLOWER to FOLLOWER at term 140 for recognizeCandidate:b88b3e43-5534-49b3-b3f2-a9f154b450de
2019-10-21 23:46:37,938 [grpc-default-executor-2] INFO  impl.RoleInfo (RoleInfo.java:shutdownFollowerState(121)) - 1360619e-ba1e-4bf9-aec1-9f15b5480b27: shutdown FollowerState
2019-10-21 23:46:37,938 [grpc-default-executor-0] INFO  impl.RoleInfo (RoleInfo.java:shutdownFollowerState(121)) - c58a0a02-acd3-47c8-b3e9-5b8e0493de45: shutdown FollowerState
2019-10-21 23:46:37,938 [Thread-1098] INFO  impl.FollowerState (FollowerState.java:run(117)) - 1360619e-ba1e-4bf9-aec1-9f15b5480b27@group-2FABE92B7E5B-FollowerState was interrupted: java.lang.InterruptedException: sleep interrupted
2019-10-21 23:46:37,938 [grpc-default-executor-2] INFO  impl.RoleInfo (RoleInfo.java:updateAndGet(143)) - 1360619e-ba1e-4bf9-aec1-9f15b5480b27: start FollowerState
2019-10-21 23:46:37,939 [Thread-1097] INFO  impl.FollowerState (FollowerState.java:run(117)) - c58a0a02-acd3-47c8-b3e9-5b8e0493de45@group-2FABE92B7E5B-FollowerState was interrupted: java.lang.InterruptedException: sleep interrupted
2019-10-21 23:46:37,938 [grpc-default-executor-0] INFO  impl.RoleInfo (RoleInfo.java:updateAndGet(143)) - c58a0a02-acd3-47c8-b3e9-5b8e0493de45: start FollowerState
2019-10-21 23:46:37,955 [b88b3e43-5534-49b3-b3f2-a9f154b450de@group-2FABE92B7E5B-LeaderElection137] INFO  impl.LeaderElection (LeaderElection.java:logAndReturn(56)) - b88b3e43-5534-49b3-b3f2-a9f154b450de@group-2FABE92B7E5B-LeaderElection137: Election REJECTED; received 2 response(s) [b88b3e43-5534-49b3-b3f2-a9f154b450de<-c58a0a02-acd3-47c8-b3e9-5b8e0493de45#0:FAIL-t140, b88b3e43-5534-49b3-b3f2-a9f154b450de<-1360619e-ba1e-4bf9-aec1-9f15b5480b27#0:FAIL-t140] and 0 exception(s); b88b3e43-5534-49b3-b3f2-a9f154b450de@group-2FABE92B7E5B:t140, leader=null, voted=b88b3e43-5534-49b3-b3f2-a9f154b450de, raftlog=b88b3e43-5534-49b3-b3f2-a9f154b450de@group-2FABE92B7E5B-SegmentedRaftLog:OPENED:c-1,f-1,i0, conf=-1: [c58a0a02-acd3-47c8-b3e9-5b8e0493de45:192.168.157.254:33611, 1360619e-ba1e-4bf9-aec1-9f15b5480b27:192.168.157.254:45658, b88b3e43-5534-49b3-b3f2-a9f154b450de:192.168.157.254:46786], old=null
2019-10-21 23:46:37,955 [b88b3e43-5534-49b3-b3f2-a9f154b450de@group-2FABE92B7E5B-LeaderElection137] INFO  impl.RaftServerImpl (RaftServerImpl.java:setRole(184)) - b88b3e43-5534-49b3-b3f2-a9f154b450de@group-2FABE92B7E5B: changes role from CANDIDATE to FOLLOWER at term 140 for DISCOVERED_A_NEW_TERM
2019-10-21 23:46:37,955 [b88b3e43-5534-49b3-b3f2-a9f154b450de@group-2FABE92B7E5B-LeaderElection137] INFO  impl.RoleInfo (RoleInfo.java:shutdownLeaderElection(134)) - b88b3e43-5534-49b3-b3f2-a9f154b450de: shutdown LeaderElection
2019-10-21 23:46:37,955 [b88b3e43-5534-49b3-b3f2-a9f154b450de@group-2FABE92B7E5B-LeaderElection137] INFO  impl.RoleInfo (RoleInfo.java:updateAndGet(143)) - b88b3e43-5534-49b3-b3f2-a9f154b450de: start FollowerState
2019-10-21 23:46:38,030 [Thread-1107] INFO  impl.FollowerState (FollowerState.java:run(108)) - b88b3e43-5534-49b3-b3f2-a9f154b450de@group-2FABE92B7E5B-FollowerState: change to CANDIDATE, lastRpcTime:74ms, electionTimeout:74ms
2019-10-21 23:46:38,030 [Thread-1107] INFO  impl.RoleInfo (RoleInfo.java:shutdownFollowerState(121)) - b88b3e43-5534-49b3-b3f2-a9f154b450de: shutdown FollowerState
2019-10-21 23:46:38,030 [Thread-1107] INFO  impl.RaftServerImpl (RaftServerImpl.java:setRole(184)) - b88b3e43-5534-49b3-b3f2-a9f154b450de@group-2FABE92B7E5B: changes role from  FOLLOWER to CANDIDATE at term 140 for changeToCandidate
2019-10-21 23:46:38,030 [Thread-1107] INFO  impl.RoleInfo (RoleInfo.java:updateAndGet(143)) - b88b3e43-5534-49b3-b3f2-a9f154b450de: start LeaderElection
2019-10-21 23:46:38,044 [b88b3e43-5534-49b3-b3f2-a9f154b450de@group-2FABE92B7E5B-LeaderElection138] INFO  impl.LeaderElection (LeaderElection.java:askForVotes(178)) - b88b3e43-5534-49b3-b3f2-a9f154b450de@group-2FABE92B7E5B-LeaderElection138: begin an election at term 141 for -1: [c58a0a02-acd3-47c8-b3e9-5b8e0493de45:192.168.157.254:33611, 1360619e-ba1e-4bf9-aec1-9f15b5480b27:192.168.157.254:45658, b88b3e43-5534-49b3-b3f2-a9f154b450de:192.168.157.254:46786], old=null
2019-10-21 23:46:38,047 [grpc-default-executor-2] INFO  impl.RaftServerImpl (RaftServerImpl.java:setRole(184)) - 1360619e-ba1e-4bf9-aec1-9f15b5480b27@group-2FABE92B7E5B: changes role from  FOLLOWER to FOLLOWER at term 141 for recognizeCandidate:b88b3e43-5534-49b3-b3f2-a9f154b450de
2019-10-21 23:46:38,047 [grpc-default-executor-2] INFO  impl.RoleInfo (RoleInfo.java:shutdownFollowerState(121)) - 1360619e-ba1e-4bf9-aec1-9f15b5480b27: shutdown FollowerState
2019-10-21 23:46:38,047 [grpc-default-executor-0] INFO  impl.RaftServerImpl (RaftServerImpl.java:setRole(184)) - c58a0a02-acd3-47c8-b3e9-5b8e0493de45@group-2FABE92B7E5B: changes role from  FOLLOWER to FOLLOWER at term 141 for recognizeCandidate:b88b3e43-5534-49b3-b3f2-a9f154b450de
2019-10-21 23:46:38,048 [Thread-1105] INFO  impl.FollowerState (FollowerState.java:run(117)) - 1360619e-ba1e-4bf9-aec1-9f15b5480b27@group-2FABE92B7E5B-FollowerState was interrupted: java.lang.InterruptedException: sleep interrupted
2019-10-21 23:46:38,048 [grpc-default-executor-2] INFO  impl.RoleInfo (RoleInfo.java:updateAndGet(143)) - 1360619e-ba1e-4bf9-aec1-9f15b5480b27: start FollowerState
2019-10-21 23:46:38,048 [grpc-default-executor-0] INFO  impl.RoleInfo (RoleInfo.java:shutdownFollowerState(121)) - c58a0a02-acd3-47c8-b3e9-5b8e0493de45: shutdown FollowerState
2019-10-21 23:46:38,048 [grpc-default-executor-0] INFO  impl.RoleInfo (RoleInfo.java:updateAndGet(143)) - c58a0a02-acd3-47c8-b3e9-5b8e0493de45: start FollowerState
2019-10-21 23:46:38,048 [Thread-1106] INFO  impl.FollowerState (FollowerState.java:run(117)) - c58a0a02-acd3-47c8-b3e9-5b8e0493de45@group-2FABE92B7E5B-FollowerState was interrupted: java.lang.InterruptedException: sleep interrupted
2019-10-21 23:46:38,063 [b88b3e43-5534-49b3-b3f2-a9f154b450de@group-2FABE92B7E5B-LeaderElection138] INFO  impl.LeaderElection (LeaderElection.java:logAndReturn(56)) - b88b3e43-5534-49b3-b3f2-a9f154b450de@group-2FABE92B7E5B-LeaderElection138: Election REJECTED; received 2 response(s) [b88b3e43-5534-49b3-b3f2-a9f154b450de<-c58a0a02-acd3-47c8-b3e9-5b8e0493de45#0:FAIL-t141, b88b3e43-5534-49b3-b3f2-a9f154b450de<-1360619e-ba1e-4bf9-aec1-9f15b5480b27#0:FAIL-t141] and 0 exception(s); b88b3e43-5534-49b3-b3f2-a9f154b450de@group-2FABE92B7E5B:t141, leader=null, voted=b88b3e43-5534-49b3-b3f2-a9f154b450de, raftlog=b88b3e43-5534-49b3-b3f2-a9f154b450de@group-2FABE92B7E5B-SegmentedRaftLog:OPENED:c-1,f-1,i0, conf=-1: [c58a0a02-acd3-47c8-b3e9-5b8e0493de45:192.168.157.254:33611, 1360619e-ba1e-4bf9-aec1-9f15b5480b27:192.168.157.254:45658, b88b3e43-5534-49b3-b3f2-a9f154b450de:192.168.157.254:46786], old=null
2019-10-21 23:46:38,063 [b88b3e43-5534-49b3-b3f2-a9f154b450de@group-2FABE92B7E5B-LeaderElection138] INFO  impl.RaftServerImpl (RaftServerImpl.java:setRole(184)) - b88b3e43-5534-49b3-b3f2-a9f154b450de@group-2FABE92B7E5B: changes role from CANDIDATE to FOLLOWER at term 141 for DISCOVERED_A_NEW_TERM
2019-10-21 23:46:38,063 [b88b3e43-5534-49b3-b3f2-a9f154b450de@group-2FABE92B7E5B-LeaderElection138] INFO  impl.RoleInfo (RoleInfo.java:shutdownLeaderElection(134)) - b88b3e43-5534-49b3-b3f2-a9f154b450de: shutdown LeaderElection
2019-10-21 23:46:38,063 [b88b3e43-5534-49b3-b3f2-a9f154b450de@group-2FABE92B7E5B-LeaderElection138] INFO  impl.RoleInfo (RoleInfo.java:updateAndGet(143)) - b88b3e43-5534-49b3-b3f2-a9f154b450de: start FollowerState
2019-10-21 23:46:38,190 [Thread-1113] INFO  impl.FollowerState (FollowerState.java:run(108)) - b88b3e43-5534-49b3-b3f2-a9f154b450de@group-2FABE92B7E5B-FollowerState: change to CANDIDATE, lastRpcTime:127ms, electionTimeout:127ms
2019-10-21 23:46:38,191 [Thread-1113] INFO  impl.RoleInfo (RoleInfo.java:shutdownFollowerState(121)) - b88b3e43-5534-49b3-b3f2-a9f154b450de: shutdown FollowerState
2019-10-21 23:46:38,191 [Thread-1113] INFO  impl.RaftServerImpl (RaftServerImpl.java:setRole(184)) - b88b3e43-5534-49b3-b3f2-a9f154b450de@group-2FABE92B7E5B: changes role from  FOLLOWER to CANDIDATE at term 141 for changeToCandidate
2019-10-21 23:46:38,191 [Thread-1113] INFO  impl.RoleInfo (RoleInfo.java:updateAndGet(143)) - b88b3e43-5534-49b3-b3f2-a9f154b450de: start LeaderElection
2019-10-21 23:46:38,201 [b88b3e43-5534-49b3-b3f2-a9f154b450de@group-2FABE92B7E5B-LeaderElection139] INFO  impl.LeaderElection (LeaderElection.java:askForVotes(178)) - b88b3e43-5534-49b3-b3f2-a9f154b450de@group-2FABE92B7E5B-LeaderElection139: begin an election at term 142 for -1: [c58a0a02-acd3-47c8-b3e9-5b8e0493de45:192.168.157.254:33611, 1360619e-ba1e-4bf9-aec1-9f15b5480b27:192.168.157.254:45658, b88b3e43-5534-49b3-b3f2-a9f154b450de:192.168.157.254:46786], old=null
2019-10-21 23:46:38,204 [grpc-default-executor-2] INFO  impl.RaftServerImpl (RaftServerImpl.java:setRole(184)) - 1360619e-ba1e-4bf9-aec1-9f15b5480b27@group-2FABE92B7E5B: changes role from  FOLLOWER to FOLLOWER at term 142 for recognizeCandidate:b88b3e43-5534-49b3-b3f2-a9f154b450de
2019-10-21 23:46:38,204 [grpc-default-executor-2] INFO  impl.RoleInfo (RoleInfo.java:shutdownFollowerState(121)) - 1360619e-ba1e-4bf9-aec1-9f15b5480b27: shutdown FollowerState
2019-10-21 23:46:38,204 [grpc-default-executor-2] INFO  impl.RoleInfo (RoleInfo.java:updateAndGet(143)) - 1360619e-ba1e-4bf9-aec1-9f15b5480b27: start FollowerState
2019-10-21 23:46:38,204 [Thread-1111] INFO  impl.FollowerState (FollowerState.java:run(117)) - 1360619e-ba1e-4bf9-aec1-9f15b5480b27@group-2FABE92B7E5B-FollowerState was interrupted: java.lang.InterruptedException: sleep interrupted
2019-10-21 23:46:38,204 [grpc-default-executor-0] INFO  impl.RaftServerImpl (RaftServerImpl.java:setRole(184)) - c58a0a02-acd3-47c8-b3e9-5b8e0493de45@group-2FABE92B7E5B: changes role from  FOLLOWER to FOLLOWER at term 142 for recognizeCandidate:b88b3e43-5534-49b3-b3f2-a9f154b450de
2019-10-21 23:46:38,204 [grpc-default-executor-0] INFO  impl.RoleInfo (RoleInfo.java:shutdownFollowerState(121)) - c58a0a02-acd3-47c8-b3e9-5b8e0493de45: shutdown FollowerState
2019-10-21 23:46:38,205 [grpc-default-executor-0] INFO  impl.RoleInfo (RoleInfo.java:updateAndGet(143)) - c58a0a02-acd3-47c8-b3e9-5b8e0493de45: start FollowerState
2019-10-21 23:46:38,205 [Thread-1112] INFO  impl.FollowerState (FollowerState.java:run(117)) - c58a0a02-acd3-47c8-b3e9-5b8e0493de45@group-2FABE92B7E5B-FollowerState was interrupted: java.lang.InterruptedException: sleep interrupted
2019-10-21 23:46:38,219 [b88b3e43-5534-49b3-b3f2-a9f154b450de@group-2FABE92B7E5B-LeaderElection139] INFO  impl.LeaderElection (LeaderElection.java:logAndReturn(56)) - b88b3e43-5534-49b3-b3f2-a9f154b450de@group-2FABE92B7E5B-LeaderElection139: Election REJECTED; received 2 response(s) [b88b3e43-5534-49b3-b3f2-a9f154b450de<-c58a0a02-acd3-47c8-b3e9-5b8e0493de45#0:FAIL-t142, b88b3e43-5534-49b3-b3f2-a9f154b450de<-1360619e-ba1e-4bf9-aec1-9f15b5480b27#0:FAIL-t142] and 0 exception(s); b88b3e43-5534-49b3-b3f2-a9f154b450de@group-2FABE92B7E5B:t142, leader=null, voted=b88b3e43-5534-49b3-b3f2-a9f154b450de, raftlog=b88b3e43-5534-49b3-b3f2-a9f154b450de@group-2FABE92B7E5B-SegmentedRaftLog:OPENED:c-1,f-1,i0, conf=-1: [c58a0a02-acd3-47c8-b3e9-5b8e0493de45:192.168.157.254:33611, 1360619e-ba1e-4bf9-aec1-9f15b5480b27:192.168.157.254:45658, b88b3e43-5534-49b3-b3f2-a9f154b450de:192.168.157.254:46786], old=null
2019-10-21 23:46:38,219 [b88b3e43-5534-49b3-b3f2-a9f154b450de@group-2FABE92B7E5B-LeaderElection139] INFO  impl.RaftServerImpl (RaftServerImpl.java:setRole(184)) - b88b3e43-5534-49b3-b3f2-a9f154b450de@group-2FABE92B7E5B: changes role from CANDIDATE to FOLLOWER at term 142 for DISCOVERED_A_NEW_TERM
2019-10-21 23:46:38,219 [b88b3e43-5534-49b3-b3f2-a9f154b450de@group-2FABE92B7E5B-LeaderElection139] INFO  impl.RoleInfo (RoleInfo.java:shutdownLeaderElection(134)) - b88b3e43-5534-49b3-b3f2-a9f154b450de: shutdown LeaderElection
2019-10-21 23:46:38,219 [b88b3e43-5534-49b3-b3f2-a9f154b450de@group-2FABE92B7E5B-LeaderElection139] INFO  impl.RoleInfo (RoleInfo.java:updateAndGet(143)) - b88b3e43-5534-49b3-b3f2-a9f154b450de: start FollowerState
2019-10-21 23:46:38,376 [Thread-1119] INFO  impl.FollowerState (FollowerState.java:run(108)) - b88b3e43-5534-49b3-b3f2-a9f154b450de@group-2FABE92B7E5B-FollowerState: change to CANDIDATE, lastRpcTime:156ms, electionTimeout:156ms
2019-10-21 23:46:38,376 [Thread-1119] INFO  impl.RoleInfo (RoleInfo.java:shutdownFollowerState(121)) - b88b3e43-5534-49b3-b3f2-a9f154b450de: shutdown FollowerState
2019-10-21 23:46:38,376 [Thread-1119] INFO  impl.RaftServerImpl (RaftServerImpl.java:setRole(184)) - b88b3e43-5534-49b3-b3f2-a9f154b450de@group-2FABE92B7E5B: changes role from  FOLLOWER to CANDIDATE at term 142 for changeToCandidate
2019-10-21 23:46:38,376 [Thread-1119] INFO  impl.RoleInfo (RoleInfo.java:updateAndGet(143)) - b88b3e43-5534-49b3-b3f2-a9f154b450de: start LeaderElection
2019-10-21 23:46:38,393 [b88b3e43-5534-49b3-b3f2-a9f154b450de@group-2FABE92B7E5B-LeaderElection140] INFO  impl.LeaderElection (LeaderElection.java:askForVotes(178)) - b88b3e43-5534-49b3-b3f2-a9f154b450de@group-2FABE92B7E5B-LeaderElection140: begin an election at term 143 for -1: [c58a0a02-acd3-47c8-b3e9-5b8e0493de45:192.168.157.254:33611, 1360619e-ba1e-4bf9-aec1-9f15b5480b27:192.168.157.254:45658, b88b3e43-5534-49b3-b3f2-a9f154b450de:192.168.157.254:46786], old=null
2019-10-21 23:46:38,396 [grpc-default-executor-2] INFO  impl.RaftServerImpl (RaftServerImpl.java:setRole(184)) - c58a0a02-acd3-47c8-b3e9-5b8e0493de45@group-2FABE92B7E5B: changes role from  FOLLOWER to FOLLOWER at term 143 for recognizeCandidate:b88b3e43-5534-49b3-b3f2-a9f154b450de
2019-10-21 23:46:38,397 [grpc-default-executor-2] INFO  impl.RoleInfo (RoleInfo.java:shutdownFollowerState(121)) - c58a0a02-acd3-47c8-b3e9-5b8e0493de45: shutdown FollowerState
2019-10-21 23:46:38,397 [grpc-default-executor-0] INFO  impl.RaftServerImpl (RaftServerImpl.java:setRole(184)) - 1360619e-ba1e-4bf9-aec1-9f15b5480b27@group-2FABE92B7E5B: changes role from  FOLLOWER to FOLLOWER at term 143 for recognizeCandidate:b88b3e43-5534-49b3-b3f2-a9f154b450de
2019-10-21 23:46:38,397 [grpc-default-executor-2] INFO  impl.RoleInfo (RoleInfo.java:updateAndGet(143)) - c58a0a02-acd3-47c8-b3e9-5b8e0493de45: start FollowerState
2019-10-21 23:46:38,397 [Thread-1118] INFO  impl.FollowerState (FollowerState.java:run(117)) - c58a0a02-acd3-47c8-b3e9-5b8e0493de45@group-2FABE92B7E5B-FollowerState was interrupted: java.lang.InterruptedException: sleep interrupted
2019-10-21 23:46:38,397 [grpc-default-executor-0] INFO  impl.RoleInfo (RoleInfo.java:shutdownFollowerState(121)) - 1360619e-ba1e-4bf9-aec1-9f15b5480b27: shutdown FollowerState
2019-10-21 23:46:38,397 [grpc-default-executor-0] INFO  impl.RoleInfo (RoleInfo.java:updateAndGet(143)) - 1360619e-ba1e-4bf9-aec1-9f15b5480b27: start FollowerState
2019-10-21 23:46:38,397 [Thread-1117] INFO  impl.FollowerState (FollowerState.java:run(117)) - 1360619e-ba1e-4bf9-aec1-9f15b5480b27@group-2FABE92B7E5B-FollowerState was interrupted: java.lang.InterruptedException: sleep interrupted
2019-10-21 23:46:38,412 [b88b3e43-5534-49b3-b3f2-a9f154b450de@group-2FABE92B7E5B-LeaderElection140] INFO  impl.LeaderElection (LeaderElection.java:logAndReturn(56)) - b88b3e43-5534-49b3-b3f2-a9f154b450de@group-2FABE92B7E5B-LeaderElection140: Election REJECTED; received 2 response(s) [b88b3e43-5534-49b3-b3f2-a9f154b450de<-c58a0a02-acd3-47c8-b3e9-5b8e0493de45#0:FAIL-t143, b88b3e43-5534-49b3-b3f2-a9f154b450de<-1360619e-ba1e-4bf9-aec1-9f15b5480b27#0:FAIL-t143] and 0 exception(s); b88b3e43-5534-49b3-b3f2-a9f154b450de@group-2FABE92B7E5B:t143, leader=null, voted=b88b3e43-5534-49b3-b3f2-a9f154b450de, raftlog=b88b3e43-5534-49b3-b3f2-a9f154b450de@group-2FABE92B7E5B-SegmentedRaftLog:OPENED:c-1,f-1,i0, conf=-1: [c58a0a02-acd3-47c8-b3e9-5b8e0493de45:192.168.157.254:33611, 1360619e-ba1e-4bf9-aec1-9f15b5480b27:192.168.157.254:45658, b88b3e43-5534-49b3-b3f2-a9f154b450de:192.168.157.254:46786], old=null
2019-10-21 23:46:38,412 [b88b3e43-5534-49b3-b3f2-a9f154b450de@group-2FABE92B7E5B-LeaderElection140] INFO  impl.RaftServerImpl (RaftServerImpl.java:setRole(184)) - b88b3e43-5534-49b3-b3f2-a9f154b450de@group-2FABE92B7E5B: changes role from CANDIDATE to FOLLOWER at term 143 for DISCOVERED_A_NEW_TERM
2019-10-21 23:46:38,412 [b88b3e43-5534-49b3-b3f2-a9f154b450de@group-2FABE92B7E5B-LeaderElection140] INFO  impl.RoleInfo (RoleInfo.java:shutdownLeaderElection(134)) - b88b3e43-5534-49b3-b3f2-a9f154b450de: shutdown LeaderElection
2019-10-21 23:46:38,412 [b88b3e43-5534-49b3-b3f2-a9f154b450de@group-2FABE92B7E5B-LeaderElection140] INFO  impl.RoleInfo (RoleInfo.java:updateAndGet(143)) - b88b3e43-5534-49b3-b3f2-a9f154b450de: start FollowerState
2019-10-21 23:46:38,563 [Thread-1125] INFO  impl.FollowerState (FollowerState.java:run(108)) - b88b3e43-5534-49b3-b3f2-a9f154b450de@group-2FABE92B7E5B-FollowerState: change to CANDIDATE, lastRpcTime:150ms, electionTimeout:150ms
2019-10-21 23:46:38,563 [Thread-1125] INFO  impl.RoleInfo (RoleInfo.java:shutdownFollowerState(121)) - b88b3e43-5534-49b3-b3f2-a9f154b450de: shutdown FollowerState
2019-10-21 23:46:38,563 [Thread-1125] INFO  impl.RaftServerImpl (RaftServerImpl.java:setRole(184)) - b88b3e43-5534-49b3-b3f2-a9f154b450de@group-2FABE92B7E5B: changes role from  FOLLOWER to CANDIDATE at term 143 for changeToCandidate
2019-10-21 23:46:38,563 [Thread-1125] INFO  impl.RoleInfo (RoleInfo.java:updateAndGet(143)) - b88b3e43-5534-49b3-b3f2-a9f154b450de: start LeaderElection
2019-10-21 23:46:38,578 [b88b3e43-5534-49b3-b3f2-a9f154b450de@group-2FABE92B7E5B-LeaderElection141] INFO  impl.LeaderElection (LeaderElection.java:askForVotes(178)) - b88b3e43-5534-49b3-b3f2-a9f154b450de@group-2FABE92B7E5B-LeaderElection141: begin an election at term 144 for -1: [c58a0a02-acd3-47c8-b3e9-5b8e0493de45:192.168.157.254:33611, 1360619e-ba1e-4bf9-aec1-9f15b5480b27:192.168.157.254:45658, b88b3e43-5534-49b3-b3f2-a9f154b450de:192.168.157.254:46786], old=null
2019-10-21 23:46:38,581 [grpc-default-executor-2] INFO  impl.RaftServerImpl (RaftServerImpl.java:setRole(184)) - c58a0a02-acd3-47c8-b3e9-5b8e0493de45@group-2FABE92B7E5B: changes role from  FOLLOWER to FOLLOWER at term 144 for recognizeCandidate:b88b3e43-5534-49b3-b3f2-a9f154b450de
2019-10-21 23:46:38,582 [grpc-default-executor-2] INFO  impl.RoleInfo (RoleInfo.java:shutdownFollowerState(121)) - c58a0a02-acd3-47c8-b3e9-5b8e0493de45: shutdown FollowerState
2019-10-21 23:46:38,582 [grpc-default-executor-0] INFO  impl.RaftServerImpl (RaftServerImpl.java:setRole(184)) - 1360619e-ba1e-4bf9-aec1-9f15b5480b27@group-2FABE92B7E5B: changes role from  FOLLOWER to FOLLOWER at term 144 for recognizeCandidate:b88b3e43-5534-49b3-b3f2-a9f154b450de
2019-10-21 23:46:38,582 [grpc-default-executor-0] INFO  impl.RoleInfo (RoleInfo.java:shutdownFollowerState(121)) - 1360619e-ba1e-4bf9-aec1-9f15b5480b27: shutdown FollowerState
2019-10-21 23:46:38,582 [Thread-1123] INFO  impl.FollowerState (FollowerState.java:run(117)) - c58a0a02-acd3-47c8-b3e9-5b8e0493de45@group-2FABE92B7E5B-FollowerState was interrupted: java.lang.InterruptedException: sleep interrupted
2019-10-21 23:46:38,582 [grpc-default-executor-2] INFO  impl.RoleInfo (RoleInfo.java:updateAndGet(143)) - c58a0a02-acd3-47c8-b3e9-5b8e0493de45: start FollowerState
2019-10-21 23:46:38,582 [Thread-1124] INFO  impl.FollowerState (FollowerState.java:run(117)) - 1360619e-ba1e-4bf9-aec1-9f15b5480b27@group-2FABE92B7E5B-FollowerState was interrupted: java.lang.InterruptedException: sleep interrupted
2019-10-21 23:46:38,582 [grpc-default-executor-0] INFO  impl.RoleInfo (RoleInfo.java:updateAndGet(143)) - 1360619e-ba1e-4bf9-aec1-9f15b5480b27: start FollowerState
2019-10-21 23:46:38,597 [b88b3e43-5534-49b3-b3f2-a9f154b450de@group-2FABE92B7E5B-LeaderElection141] INFO  impl.LeaderElection (LeaderElection.java:logAndReturn(56)) - b88b3e43-5534-49b3-b3f2-a9f154b450de@group-2FABE92B7E5B-LeaderElection141: Election REJECTED; received 2 response(s) [b88b3e43-5534-49b3-b3f2-a9f154b450de<-c58a0a02-acd3-47c8-b3e9-5b8e0493de45#0:FAIL-t144, b88b3e43-5534-49b3-b3f2-a9f154b450de<-1360619e-ba1e-4bf9-aec1-9f15b5480b27#0:FAIL-t144] and 0 exception(s); b88b3e43-5534-49b3-b3f2-a9f154b450de@group-2FABE92B7E5B:t144, leader=null, voted=b88b3e43-5534-49b3-b3f2-a9f154b450de, raftlog=b88b3e43-5534-49b3-b3f2-a9f154b450de@group-2FABE92B7E5B-SegmentedRaftLog:OPENED:c-1,f-1,i0, conf=-1: [c58a0a02-acd3-47c8-b3e9-5b8e0493de45:192.168.157.254:33611, 1360619e-ba1e-4bf9-aec1-9f15b5480b27:192.168.157.254:45658, b88b3e43-5534-49b3-b3f2-a9f154b450de:192.168.157.254:46786], old=null
2019-10-21 23:46:38,597 [b88b3e43-5534-49b3-b3f2-a9f154b450de@group-2FABE92B7E5B-LeaderElection141] INFO  impl.RaftServerImpl (RaftServerImpl.java:setRole(184)) - b88b3e43-5534-49b3-b3f2-a9f154b450de@group-2FABE92B7E5B: changes role from CANDIDATE to FOLLOWER at term 144 for DISCOVERED_A_NEW_TERM
2019-10-21 23:46:38,597 [b88b3e43-5534-49b3-b3f2-a9f154b450de@group-2FABE92B7E5B-LeaderElection141] INFO  impl.RoleInfo (RoleInfo.java:shutdownLeaderElection(134)) - b88b3e43-5534-49b3-b3f2-a9f154b450de: shutdown LeaderElection
2019-10-21 23:46:38,598 [b88b3e43-5534-49b3-b3f2-a9f154b450de@group-2FABE92B7E5B-LeaderElection141] INFO  impl.RoleInfo (RoleInfo.java:updateAndGet(143)) - b88b3e43-5534-49b3-b3f2-a9f154b450de: start FollowerState
2019-10-21 23:46:38,736 [Thread-1131] INFO  impl.FollowerState (FollowerState.java:run(108)) - b88b3e43-5534-49b3-b3f2-a9f154b450de@group-2FABE92B7E5B-FollowerState: change to CANDIDATE, lastRpcTime:138ms, electionTimeout:138ms
2019-10-21 23:46:38,736 [Thread-1131] INFO  impl.RoleInfo (RoleInfo.java:shutdownFollowerState(121)) - b88b3e43-5534-49b3-b3f2-a9f154b450de: shutdown FollowerState
2019-10-21 23:46:38,737 [Thread-1131] INFO  impl.RaftServerImpl (RaftServerImpl.java:setRole(184)) - b88b3e43-5534-49b3-b3f2-a9f154b450de@group-2FABE92B7E5B: changes role from  FOLLOWER to CANDIDATE at term 144 for changeToCandidate
2019-10-21 23:46:38,737 [Thread-1131] INFO  impl.RoleInfo (RoleInfo.java:updateAndGet(143)) - b88b3e43-5534-49b3-b3f2-a9f154b450de: start LeaderElection
2019-10-21 23:46:38,750 [b88b3e43-5534-49b3-b3f2-a9f154b450de@group-2FABE92B7E5B-LeaderElection142] INFO  impl.LeaderElection (LeaderElection.java:askForVotes(178)) - b88b3e43-5534-49b3-b3f2-a9f154b450de@group-2FABE92B7E5B-LeaderElection142: begin an election at term 145 for -1: [c58a0a02-acd3-47c8-b3e9-5b8e0493de45:192.168.157.254:33611, 1360619e-ba1e-4bf9-aec1-9f15b5480b27:192.168.157.254:45658, b88b3e43-5534-49b3-b3f2-a9f154b450de:192.168.157.254:46786], old=null
2019-10-21 23:46:38,754 [grpc-default-executor-2] INFO  impl.RaftServerImpl (RaftServerImpl.java:setRole(184)) - c58a0a02-acd3-47c8-b3e9-5b8e0493de45@group-2FABE92B7E5B: changes role from  FOLLOWER to FOLLOWER at term 145 for recognizeCandidate:b88b3e43-5534-49b3-b3f2-a9f154b450de
2019-10-21 23:46:38,754 [grpc-default-executor-2] INFO  impl.RoleInfo (RoleInfo.java:shutdownFollowerState(121)) - c58a0a02-acd3-47c8-b3e9-5b8e0493de45: shutdown FollowerState
2019-10-21 23:46:38,754 [grpc-default-executor-0] INFO  impl.RaftServerImpl (RaftServerImpl.java:setRole(184)) - 1360619e-ba1e-4bf9-aec1-9f15b5480b27@group-2FABE92B7E5B: changes role from  FOLLOWER to FOLLOWER at term 145 for recognizeCandidate:b88b3e43-5534-49b3-b3f2-a9f154b450de
2019-10-21 23:46:38,754 [grpc-default-executor-2] INFO  impl.RoleInfo (RoleInfo.java:updateAndGet(143)) - c58a0a02-acd3-47c8-b3e9-5b8e0493de45: start FollowerState
2019-10-21 23:46:38,754 [grpc-default-executor-0] INFO  impl.RoleInfo (RoleInfo.java:shutdownFollowerState(121)) - 1360619e-ba1e-4bf9-aec1-9f15b5480b27: shutdown FollowerState
2019-10-21 23:46:38,754 [Thread-1129] INFO  impl.FollowerState (FollowerState.java:run(117)) - c58a0a02-acd3-47c8-b3e9-5b8e0493de45@group-2FABE92B7E5B-FollowerState was interrupted: java.lang.InterruptedException: sleep interrupted
2019-10-21 23:46:38,754 [Thread-1130] INFO  impl.FollowerState (FollowerState.java:run(117)) - 1360619e-ba1e-4bf9-aec1-9f15b5480b27@group-2FABE92B7E5B-FollowerState was interrupted: java.lang.InterruptedException: sleep interrupted
2019-10-21 23:46:38,754 [grpc-default-executor-0] INFO  impl.RoleInfo (RoleInfo.java:updateAndGet(143)) - 1360619e-ba1e-4bf9-aec1-9f15b5480b27: start FollowerState
2019-10-21 23:46:38,774 [b88b3e43-5534-49b3-b3f2-a9f154b450de@group-2FABE92B7E5B-LeaderElection142] INFO  impl.LeaderElection (LeaderElection.java:logAndReturn(56)) - b88b3e43-5534-49b3-b3f2-a9f154b450de@group-2FABE92B7E5B-LeaderElection142: Election REJECTED; received 2 response(s) [b88b3e43-5534-49b3-b3f2-a9f154b450de<-c58a0a02-acd3-47c8-b3e9-5b8e0493de45#0:FAIL-t145, b88b3e43-5534-49b3-b3f2-a9f154b450de<-1360619e-ba1e-4bf9-aec1-9f15b5480b27#0:FAIL-t145] and 0 exception(s); b88b3e43-5534-49b3-b3f2-a9f154b450de@group-2FABE92B7E5B:t145, leader=null, voted=b88b3e43-5534-49b3-b3f2-a9f154b450de, raftlog=b88b3e43-5534-49b3-b3f2-a9f154b450de@group-2FABE92B7E5B-SegmentedRaftLog:OPENED:c-1,f-1,i0, conf=-1: [c58a0a02-acd3-47c8-b3e9-5b8e0493de45:192.168.157.254:33611, 1360619e-ba1e-4bf9-aec1-9f15b5480b27:192.168.157.254:45658, b88b3e43-5534-49b3-b3f2-a9f154b450de:192.168.157.254:46786], old=null
2019-10-21 23:46:38,774 [b88b3e43-5534-49b3-b3f2-a9f154b450de@group-2FABE92B7E5B-LeaderElection142] INFO  impl.RaftServerImpl (RaftServerImpl.java:setRole(184)) - b88b3e43-5534-49b3-b3f2-a9f154b450de@group-2FABE92B7E5B: changes role from CANDIDATE to FOLLOWER at term 145 for DISCOVERED_A_NEW_TERM
2019-10-21 23:46:38,775 [b88b3e43-5534-49b3-b3f2-a9f154b450de@group-2FABE92B7E5B-LeaderElection142] INFO  impl.RoleInfo (RoleInfo.java:shutdownLeaderElection(134)) - b88b3e43-5534-49b3-b3f2-a9f154b450de: shutdown LeaderElection
2019-10-21 23:46:38,775 [b88b3e43-5534-49b3-b3f2-a9f154b450de@group-2FABE92B7E5B-LeaderElection142] INFO  impl.RoleInfo (RoleInfo.java:updateAndGet(143)) - b88b3e43-5534-49b3-b3f2-a9f154b450de: start FollowerState
2019-10-21 23:46:38,885 [Thread-1137] INFO  impl.FollowerState (FollowerState.java:run(108)) - b88b3e43-5534-49b3-b3f2-a9f154b450de@group-2FABE92B7E5B-FollowerState: change to CANDIDATE, lastRpcTime:110ms, electionTimeout:110ms
2019-10-21 23:46:38,885 [Thread-1137] INFO  impl.RoleInfo (RoleInfo.java:shutdownFollowerState(121)) - b88b3e43-5534-49b3-b3f2-a9f154b450de: shutdown FollowerState
2019-10-21 23:46:38,885 [Thread-1137] INFO  impl.RaftServerImpl (RaftServerImpl.java:setRole(184)) - b88b3e43-5534-49b3-b3f2-a9f154b450de@group-2FABE92B7E5B: changes role from  FOLLOWER to CANDIDATE at term 145 for changeToCandidate
2019-10-21 23:46:38,886 [Thread-1137] INFO  impl.RoleInfo (RoleInfo.java:updateAndGet(143)) - b88b3e43-5534-49b3-b3f2-a9f154b450de: start LeaderElection
2019-10-21 23:46:38,899 [b88b3e43-5534-49b3-b3f2-a9f154b450de@group-2FABE92B7E5B-LeaderElection143] INFO  impl.LeaderElection (LeaderElection.java:askForVotes(178)) - b88b3e43-5534-49b3-b3f2-a9f154b450de@group-2FABE92B7E5B-LeaderElection143: begin an election at term 146 for -1: [c58a0a02-acd3-47c8-b3e9-5b8e0493de45:192.168.157.254:33611, 1360619e-ba1e-4bf9-aec1-9f15b5480b27:192.168.157.254:45658, b88b3e43-5534-49b3-b3f2-a9f154b450de:192.168.157.254:46786], old=null
2019-10-21 23:46:38,901 [grpc-default-executor-0] INFO  impl.RaftServerImpl (RaftServerImpl.java:setRole(184)) - c58a0a02-acd3-47c8-b3e9-5b8e0493de45@group-2FABE92B7E5B: changes role from  FOLLOWER to FOLLOWER at term 146 for recognizeCandidate:b88b3e43-5534-49b3-b3f2-a9f154b450de
2019-10-21 23:46:38,901 [grpc-default-executor-2] INFO  impl.RaftServerImpl (RaftServerImpl.java:setRole(184)) - 1360619e-ba1e-4bf9-aec1-9f15b5480b27@group-2FABE92B7E5B: changes role from  FOLLOWER to FOLLOWER at term 146 for recognizeCandidate:b88b3e43-5534-49b3-b3f2-a9f154b450de
2019-10-21 23:46:38,902 [grpc-default-executor-0] INFO  impl.RoleInfo (RoleInfo.java:shutdownFollowerState(121)) - c58a0a02-acd3-47c8-b3e9-5b8e0493de45: shutdown FollowerState
2019-10-21 23:46:38,902 [grpc-default-executor-2] INFO  impl.RoleInfo (RoleInfo.java:shutdownFollowerState(121)) - 1360619e-ba1e-4bf9-aec1-9f15b5480b27: shutdown FollowerState
2019-10-21 23:46:38,902 [Thread-1135] INFO  impl.FollowerState (FollowerState.java:run(117)) - c58a0a02-acd3-47c8-b3e9-5b8e0493de45@group-2FABE92B7E5B-FollowerState was interrupted: java.lang.InterruptedException: sleep interrupted
2019-10-21 23:46:38,902 [grpc-default-executor-0] INFO  impl.RoleInfo (RoleInfo.java:updateAndGet(143)) - c58a0a02-acd3-47c8-b3e9-5b8e0493de45: start FollowerState
2019-10-21 23:46:38,902 [grpc-default-executor-2] INFO  impl.RoleInfo (RoleInfo.java:updateAndGet(143)) - 1360619e-ba1e-4bf9-aec1-9f15b5480b27: start FollowerState
2019-10-21 23:46:38,902 [Thread-1136] INFO  impl.FollowerState (FollowerState.java:run(117)) - 1360619e-ba1e-4bf9-aec1-9f15b5480b27@group-2FABE92B7E5B-FollowerState was interrupted: java.lang.InterruptedException: sleep interrupted
2019-10-21 23:46:38,916 [b88b3e43-5534-49b3-b3f2-a9f154b450de@group-2FABE92B7E5B-LeaderElection143] INFO  impl.LeaderElection (LeaderElection.java:logAndReturn(56)) - b88b3e43-5534-49b3-b3f2-a9f154b450de@group-2FABE92B7E5B-LeaderElection143: Election REJECTED; received 2 response(s) [b88b3e43-5534-49b3-b3f2-a9f154b450de<-c58a0a02-acd3-47c8-b3e9-5b8e0493de45#0:FAIL-t146, b88b3e43-5534-49b3-b3f2-a9f154b450de<-1360619e-ba1e-4bf9-aec1-9f15b5480b27#0:FAIL-t146] and 0 exception(s); b88b3e43-5534-49b3-b3f2-a9f154b450de@group-2FABE92B7E5B:t146, leader=null, voted=b88b3e43-5534-49b3-b3f2-a9f154b450de, raftlog=b88b3e43-5534-49b3-b3f2-a9f154b450de@group-2FABE92B7E5B-SegmentedRaftLog:OPENED:c-1,f-1,i0, conf=-1: [c58a0a02-acd3-47c8-b3e9-5b8e0493de45:192.168.157.254:33611, 1360619e-ba1e-4bf9-aec1-9f15b5480b27:192.168.157.254:45658, b88b3e43-5534-49b3-b3f2-a9f154b450de:192.168.157.254:46786], old=null
2019-10-21 23:46:38,917 [b88b3e43-5534-49b3-b3f2-a9f154b450de@group-2FABE92B7E5B-LeaderElection143] INFO  impl.RaftServerImpl (RaftServerImpl.java:setRole(184)) - b88b3e43-5534-49b3-b3f2-a9f154b450de@group-2FABE92B7E5B: changes role from CANDIDATE to FOLLOWER at term 146 for DISCOVERED_A_NEW_TERM
2019-10-21 23:46:38,917 [b88b3e43-5534-49b3-b3f2-a9f154b450de@group-2FABE92B7E5B-LeaderElection143] INFO  impl.RoleInfo (RoleInfo.java:shutdownLeaderElection(134)) - b88b3e43-5534-49b3-b3f2-a9f154b450de: shutdown LeaderElection
2019-10-21 23:46:38,917 [b88b3e43-5534-49b3-b3f2-a9f154b450de@group-2FABE92B7E5B-LeaderElection143] INFO  impl.RoleInfo (RoleInfo.java:updateAndGet(143)) - b88b3e43-5534-49b3-b3f2-a9f154b450de: start FollowerState
2019-10-21 23:46:38,936 [Thread-1145] INFO  impl.FollowerState (FollowerState.java:run(108)) - b88b3e43-5534-49b3-b3f2-a9f154b450de@group-2FABE92B7E5B-FollowerState: change to CANDIDATE, lastRpcTime:19ms, electionTimeout:19ms
2019-10-21 23:46:38,936 [Thread-1145] INFO  impl.RoleInfo (RoleInfo.java:shutdownFollowerState(121)) - b88b3e43-5534-49b3-b3f2-a9f154b450de: shutdown FollowerState
2019-10-21 23:46:38,936 [Thread-1145] INFO  impl.RaftServerImpl (RaftServerImpl.java:setRole(184)) - b88b3e43-5534-49b3-b3f2-a9f154b450de@group-2FABE92B7E5B: changes role from  FOLLOWER to CANDIDATE at term 146 for changeToCandidate
2019-10-21 23:46:38,936 [Thread-1145] INFO  impl.RoleInfo (RoleInfo.java:updateAndGet(143)) - b88b3e43-5534-49b3-b3f2-a9f154b450de: start LeaderElection
2019-10-21 23:46:38,950 [b88b3e43-5534-49b3-b3f2-a9f154b450de@group-2FABE92B7E5B-LeaderElection144] INFO  impl.LeaderElection (LeaderElection.java:askForVotes(178)) - b88b3e43-5534-49b3-b3f2-a9f154b450de@group-2FABE92B7E5B-LeaderElection144: begin an election at term 147 for -1: [c58a0a02-acd3-47c8-b3e9-5b8e0493de45:192.168.157.254:33611, 1360619e-ba1e-4bf9-aec1-9f15b5480b27:192.168.157.254:45658, b88b3e43-5534-49b3-b3f2-a9f154b450de:192.168.157.254:46786], old=null
2019-10-21 23:46:38,952 [grpc-default-executor-2] INFO  impl.RaftServerImpl (RaftServerImpl.java:setRole(184)) - 1360619e-ba1e-4bf9-aec1-9f15b5480b27@group-2FABE92B7E5B: changes role from  FOLLOWER to FOLLOWER at term 147 for recognizeCandidate:b88b3e43-5534-49b3-b3f2-a9f154b450de
2019-10-21 23:46:38,952 [grpc-default-executor-2] INFO  impl.RoleInfo (RoleInfo.java:shutdownFollowerState(121)) - 1360619e-ba1e-4bf9-aec1-9f15b5480b27: shutdown FollowerState
2019-10-21 23:46:38,953 [grpc-default-executor-2] INFO  impl.RoleInfo (RoleInfo.java:updateAndGet(143)) - 1360619e-ba1e-4bf9-aec1-9f15b5480b27: start FollowerState
2019-10-21 23:46:38,953 [Thread-1144] INFO  impl.FollowerState (FollowerState.java:run(117)) - 1360619e-ba1e-4bf9-aec1-9f15b5480b27@group-2FABE92B7E5B-FollowerState was interrupted: java.lang.InterruptedException: sleep interrupted
2019-10-21 23:46:38,953 [grpc-default-executor-0] INFO  impl.RaftServerImpl (RaftServerImpl.java:setRole(184)) - c58a0a02-acd3-47c8-b3e9-5b8e0493de45@group-2FABE92B7E5B: changes role from  FOLLOWER to FOLLOWER at term 147 for recognizeCandidate:b88b3e43-5534-49b3-b3f2-a9f154b450de
2019-10-21 23:46:38,953 [grpc-default-executor-0] INFO  impl.RoleInfo (RoleInfo.java:shutdownFollowerState(121)) - c58a0a02-acd3-47c8-b3e9-5b8e0493de45: shutdown FollowerState
2019-10-21 23:46:38,953 [grpc-default-executor-0] INFO  impl.RoleInfo (RoleInfo.java:updateAndGet(143)) - c58a0a02-acd3-47c8-b3e9-5b8e0493de45: start FollowerState
2019-10-21 23:46:38,953 [Thread-1143] INFO  impl.FollowerState (FollowerState.java:run(117)) - c58a0a02-acd3-47c8-b3e9-5b8e0493de45@group-2FABE92B7E5B-FollowerState was interrupted: java.lang.InterruptedException: sleep interrupted
2019-10-21 23:46:38,968 [b88b3e43-5534-49b3-b3f2-a9f154b450de@group-2FABE92B7E5B-LeaderElection144] INFO  impl.LeaderElection (LeaderElection.java:logAndReturn(56)) - b88b3e43-5534-49b3-b3f2-a9f154b450de@group-2FABE92B7E5B-LeaderElection144: Election REJECTED; received 2 response(s) [b88b3e43-5534-49b3-b3f2-a9f154b450de<-c58a0a02-acd3-47c8-b3e9-5b8e0493de45#0:FAIL-t147, b88b3e43-5534-49b3-b3f2-a9f154b450de<-1360619e-ba1e-4bf9-aec1-9f15b5480b27#0:FAIL-t147] and 0 exception(s); b88b3e43-5534-49b3-b3f2-a9f154b450de@group-2FABE92B7E5B:t147, leader=null, voted=b88b3e43-5534-49b3-b3f2-a9f154b450de, raftlog=b88b3e43-5534-49b3-b3f2-a9f154b450de@group-2FABE92B7E5B-SegmentedRaftLog:OPENED:c-1,f-1,i0, conf=-1: [c58a0a02-acd3-47c8-b3e9-5b8e0493de45:192.168.157.254:33611, 1360619e-ba1e-4bf9-aec1-9f15b5480b27:192.168.157.254:45658, b88b3e43-5534-49b3-b3f2-a9f154b450de:192.168.157.254:46786], old=null
2019-10-21 23:46:38,968 [b88b3e43-5534-49b3-b3f2-a9f154b450de@group-2FABE92B7E5B-LeaderElection144] INFO  impl.RaftServerImpl (RaftServerImpl.java:setRole(184)) - b88b3e43-5534-49b3-b3f2-a9f154b450de@group-2FABE92B7E5B: changes role from CANDIDATE to FOLLOWER at term 147 for DISCOVERED_A_NEW_TERM
2019-10-21 23:46:38,968 [b88b3e43-5534-49b3-b3f2-a9f154b450de@group-2FABE92B7E5B-LeaderElection144] INFO  impl.RoleInfo (RoleInfo.java:shutdownLeaderElection(134)) - b88b3e43-5534-49b3-b3f2-a9f154b450de: shutdown LeaderElection
2019-10-21 23:46:38,968 [b88b3e43-5534-49b3-b3f2-a9f154b450de@group-2FABE92B7E5B-LeaderElection144] INFO  impl.RoleInfo (RoleInfo.java:updateAndGet(143)) - b88b3e43-5534-49b3-b3f2-a9f154b450de: start FollowerState
2019-10-21 23:46:39,127 [Thread-1151] INFO  impl.FollowerState (FollowerState.java:run(108)) - b88b3e43-5534-49b3-b3f2-a9f154b450de@group-2FABE92B7E5B-FollowerState: change to CANDIDATE, lastRpcTime:158ms, electionTimeout:153ms
2019-10-21 23:46:39,127 [Thread-1151] INFO  impl.RoleInfo (RoleInfo.java:shutdownFollowerState(121)) - b88b3e43-5534-49b3-b3f2-a9f154b450de: shutdown FollowerState
2019-10-21 23:46:39,128 [Thread-1151] INFO  impl.RaftServerImpl (RaftServerImpl.java:setRole(184)) - b88b3e43-5534-49b3-b3f2-a9f154b450de@group-2FABE92B7E5B: changes role from  FOLLOWER to CANDIDATE at term 147 for changeToCandidate
2019-10-21 23:46:39,128 [Thread-1151] INFO  impl.RoleInfo (RoleInfo.java:updateAndGet(143)) - b88b3e43-5534-49b3-b3f2-a9f154b450de: start LeaderElection
2019-10-21 23:46:39,142 [b88b3e43-5534-49b3-b3f2-a9f154b450de@group-2FABE92B7E5B-LeaderElection145] INFO  impl.LeaderElection (LeaderElection.java:askForVotes(178)) - b88b3e43-5534-49b3-b3f2-a9f154b450de@group-2FABE92B7E5B-LeaderElection145: begin an election at term 148 for -1: [c58a0a02-acd3-47c8-b3e9-5b8e0493de45:192.168.157.254:33611, 1360619e-ba1e-4bf9-aec1-9f15b5480b27:192.168.157.254:45658, b88b3e43-5534-49b3-b3f2-a9f154b450de:192.168.157.254:46786], old=null
2019-10-21 23:46:39,145 [grpc-default-executor-0] INFO  impl.RaftServerImpl (RaftServerImpl.java:setRole(184)) - c58a0a02-acd3-47c8-b3e9-5b8e0493de45@group-2FABE92B7E5B: changes role from  FOLLOWER to FOLLOWER at term 148 for recognizeCandidate:b88b3e43-5534-49b3-b3f2-a9f154b450de
2019-10-21 23:46:39,145 [grpc-default-executor-0] INFO  impl.RoleInfo (RoleInfo.java:shutdownFollowerState(121)) - c58a0a02-acd3-47c8-b3e9-5b8e0493de45: shutdown FollowerState
2019-10-21 23:46:39,145 [grpc-default-executor-2] INFO  impl.RaftServerImpl (RaftServerImpl.java:setRole(184)) - 1360619e-ba1e-4bf9-aec1-9f15b5480b27@group-2FABE92B7E5B: changes role from  FOLLOWER to FOLLOWER at term 148 for recognizeCandidate:b88b3e43-5534-49b3-b3f2-a9f154b450de
2019-10-21 23:46:39,145 [grpc-default-executor-2] INFO  impl.RoleInfo (RoleInfo.java:shutdownFollowerState(121)) - 1360619e-ba1e-4bf9-aec1-9f15b5480b27: shutdown FollowerState
2019-10-21 23:46:39,145 [Thread-1150] INFO  impl.FollowerState (FollowerState.java:run(117)) - c58a0a02-acd3-47c8-b3e9-5b8e0493de45@group-2FABE92B7E5B-FollowerState was interrupted: java.lang.InterruptedException: sleep interrupted
2019-10-21 23:46:39,145 [grpc-default-executor-0] INFO  impl.RoleInfo (RoleInfo.java:updateAndGet(143)) - c58a0a02-acd3-47c8-b3e9-5b8e0493de45: start FollowerState
2019-10-21 23:46:39,145 [Thread-1149] INFO  impl.FollowerState (FollowerState.java:run(117)) - 1360619e-ba1e-4bf9-aec1-9f15b5480b27@group-2FABE92B7E5B-FollowerState was interrupted: java.lang.InterruptedException: sleep interrupted
2019-10-21 23:46:39,145 [grpc-default-executor-2] INFO  impl.RoleInfo (RoleInfo.java:updateAndGet(143)) - 1360619e-ba1e-4bf9-aec1-9f15b5480b27: start FollowerState
2019-10-21 23:46:39,160 [b88b3e43-5534-49b3-b3f2-a9f154b450de@group-2FABE92B7E5B-LeaderElection145] INFO  impl.LeaderElection (LeaderElection.java:logAndReturn(56)) - b88b3e43-5534-49b3-b3f2-a9f154b450de@group-2FABE92B7E5B-LeaderElection145: Election REJECTED; received 2 response(s) [b88b3e43-5534-49b3-b3f2-a9f154b450de<-c58a0a02-acd3-47c8-b3e9-5b8e0493de45#0:FAIL-t148, b88b3e43-5534-49b3-b3f2-a9f154b450de<-1360619e-ba1e-4bf9-aec1-9f15b5480b27#0:FAIL-t148] and 0 exception(s); b88b3e43-5534-49b3-b3f2-a9f154b450de@group-2FABE92B7E5B:t148, leader=null, voted=b88b3e43-5534-49b3-b3f2-a9f154b450de, raftlog=b88b3e43-5534-49b3-b3f2-a9f154b450de@group-2FABE92B7E5B-SegmentedRaftLog:OPENED:c-1,f-1,i0, conf=-1: [c58a0a02-acd3-47c8-b3e9-5b8e0493de45:192.168.157.254:33611, 1360619e-ba1e-4bf9-aec1-9f15b5480b27:192.168.157.254:45658, b88b3e43-5534-49b3-b3f2-a9f154b450de:192.168.157.254:46786], old=null
2019-10-21 23:46:39,160 [b88b3e43-5534-49b3-b3f2-a9f154b450de@group-2FABE92B7E5B-LeaderElection145] INFO  impl.RaftServerImpl (RaftServerImpl.java:setRole(184)) - b88b3e43-5534-49b3-b3f2-a9f154b450de@group-2FABE92B7E5B: changes role from CANDIDATE to FOLLOWER at term 148 for DISCOVERED_A_NEW_TERM
2019-10-21 23:46:39,161 [b88b3e43-5534-49b3-b3f2-a9f154b450de@group-2FABE92B7E5B-LeaderElection145] INFO  impl.RoleInfo (RoleInfo.java:shutdownLeaderElection(134)) - b88b3e43-5534-49b3-b3f2-a9f154b450de: shutdown LeaderElection
2019-10-21 23:46:39,161 [b88b3e43-5534-49b3-b3f2-a9f154b450de@group-2FABE92B7E5B-LeaderElection145] INFO  impl.RoleInfo (RoleInfo.java:updateAndGet(143)) - b88b3e43-5534-49b3-b3f2-a9f154b450de: start FollowerState
2019-10-21 23:46:39,175 [Thread-1157] INFO  impl.FollowerState (FollowerState.java:run(108)) - b88b3e43-5534-49b3-b3f2-a9f154b450de@group-2FABE92B7E5B-FollowerState: change to CANDIDATE, lastRpcTime:14ms, electionTimeout:14ms
2019-10-21 23:46:39,175 [Thread-1157] INFO  impl.RoleInfo (RoleInfo.java:shutdownFollowerState(121)) - b88b3e43-5534-49b3-b3f2-a9f154b450de: shutdown FollowerState
2019-10-21 23:46:39,176 [Thread-1157] INFO  impl.RaftServerImpl (RaftServerImpl.java:setRole(184)) - b88b3e43-5534-49b3-b3f2-a9f154b450de@group-2FABE92B7E5B: changes role from  FOLLOWER to CANDIDATE at term 148 for changeToCandidate
2019-10-21 23:46:39,176 [Thread-1157] INFO  impl.RoleInfo (RoleInfo.java:updateAndGet(143)) - b88b3e43-5534-49b3-b3f2-a9f154b450de: start LeaderElection
2019-10-21 23:46:39,189 [b88b3e43-5534-49b3-b3f2-a9f154b450de@group-2FABE92B7E5B-LeaderElection146] INFO  impl.LeaderElection (LeaderElection.java:askForVotes(178)) - b88b3e43-5534-49b3-b3f2-a9f154b450de@group-2FABE92B7E5B-LeaderElection146: begin an election at term 149 for -1: [c58a0a02-acd3-47c8-b3e9-5b8e0493de45:192.168.157.254:33611, 1360619e-ba1e-4bf9-aec1-9f15b5480b27:192.168.157.254:45658, b88b3e43-5534-49b3-b3f2-a9f154b450de:192.168.157.254:46786], old=null
2019-10-21 23:46:39,191 [grpc-default-executor-0] INFO  impl.RaftServerImpl (RaftServerImpl.java:setRole(184)) - 1360619e-ba1e-4bf9-aec1-9f15b5480b27@group-2FABE92B7E5B: changes role from  FOLLOWER to FOLLOWER at term 149 for recognizeCandidate:b88b3e43-5534-49b3-b3f2-a9f154b450de
2019-10-21 23:46:39,191 [grpc-default-executor-0] INFO  impl.RoleInfo (RoleInfo.java:shutdownFollowerState(121)) - 1360619e-ba1e-4bf9-aec1-9f15b5480b27: shutdown FollowerState
2019-10-21 23:46:39,191 [grpc-default-executor-2] INFO  impl.RaftServerImpl (RaftServerImpl.java:setRole(184)) - c58a0a02-acd3-47c8-b3e9-5b8e0493de45@group-2FABE92B7E5B: changes role from  FOLLOWER to FOLLOWER at term 149 for recognizeCandidate:b88b3e43-5534-49b3-b3f2-a9f154b450de
2019-10-21 23:46:39,191 [Thread-1156] INFO  impl.FollowerState (FollowerState.java:run(117)) - 1360619e-ba1e-4bf9-aec1-9f15b5480b27@group-2FABE92B7E5B-FollowerState was interrupted: java.lang.InterruptedException: sleep interrupted
2019-10-21 23:46:39,191 [grpc-default-executor-0] INFO  impl.RoleInfo (RoleInfo.java:updateAndGet(143)) - 1360619e-ba1e-4bf9-aec1-9f15b5480b27: start FollowerState
2019-10-21 23:46:39,191 [grpc-default-executor-2] INFO  impl.RoleInfo (RoleInfo.java:shutdownFollowerState(121)) - c58a0a02-acd3-47c8-b3e9-5b8e0493de45: shutdown FollowerState
2019-10-21 23:46:39,192 [grpc-default-executor-2] INFO  impl.RoleInfo (RoleInfo.java:updateAndGet(143)) - c58a0a02-acd3-47c8-b3e9-5b8e0493de45: start FollowerState
2019-10-21 23:46:39,192 [Thread-1155] INFO  impl.FollowerState (FollowerState.java:run(117)) - c58a0a02-acd3-47c8-b3e9-5b8e0493de45@group-2FABE92B7E5B-FollowerState was interrupted: java.lang.InterruptedException: sleep interrupted
2019-10-21 23:46:39,206 [b88b3e43-5534-49b3-b3f2-a9f154b450de@group-2FABE92B7E5B-LeaderElection146] INFO  impl.LeaderElection (LeaderElection.java:logAndReturn(56)) - b88b3e43-5534-49b3-b3f2-a9f154b450de@group-2FABE92B7E5B-LeaderElection146: Election REJECTED; received 2 response(s) [b88b3e43-5534-49b3-b3f2-a9f154b450de<-c58a0a02-acd3-47c8-b3e9-5b8e0493de45#0:FAIL-t149, b88b3e43-5534-49b3-b3f2-a9f154b450de<-1360619e-ba1e-4bf9-aec1-9f15b5480b27#0:FAIL-t149] and 0 exception(s); b88b3e43-5534-49b3-b3f2-a9f154b450de@group-2FABE92B7E5B:t149, leader=null, voted=b88b3e43-5534-49b3-b3f2-a9f154b450de, raftlog=b88b3e43-5534-49b3-b3f2-a9f154b450de@group-2FABE92B7E5B-SegmentedRaftLog:OPENED:c-1,f-1,i0, conf=-1: [c58a0a02-acd3-47c8-b3e9-5b8e0493de45:192.168.157.254:33611, 1360619e-ba1e-4bf9-aec1-9f15b5480b27:192.168.157.254:45658, b88b3e43-5534-49b3-b3f2-a9f154b450de:192.168.157.254:46786], old=null
2019-10-21 23:46:39,206 [b88b3e43-5534-49b3-b3f2-a9f154b450de@group-2FABE92B7E5B-LeaderElection146] INFO  impl.RaftServerImpl (RaftServerImpl.java:setRole(184)) - b88b3e43-5534-49b3-b3f2-a9f154b450de@group-2FABE92B7E5B: changes role from CANDIDATE to FOLLOWER at term 149 for DISCOVERED_A_NEW_TERM
2019-10-21 23:46:39,206 [b88b3e43-5534-49b3-b3f2-a9f154b450de@group-2FABE92B7E5B-LeaderElection146] INFO  impl.RoleInfo (RoleInfo.java:shutdownLeaderElection(134)) - b88b3e43-5534-49b3-b3f2-a9f154b450de: shutdown LeaderElection
2019-10-21 23:46:39,207 [b88b3e43-5534-49b3-b3f2-a9f154b450de@group-2FABE92B7E5B-LeaderElection146] INFO  impl.RoleInfo (RoleInfo.java:updateAndGet(143)) - b88b3e43-5534-49b3-b3f2-a9f154b450de: start FollowerState
2019-10-21 23:46:39,260 [Thread-1163] INFO  impl.FollowerState (FollowerState.java:run(108)) - b88b3e43-5534-49b3-b3f2-a9f154b450de@group-2FABE92B7E5B-FollowerState: change to CANDIDATE, lastRpcTime:53ms, electionTimeout:53ms
2019-10-21 23:46:39,260 [Thread-1163] INFO  impl.RoleInfo (RoleInfo.java:shutdownFollowerState(121)) - b88b3e43-5534-49b3-b3f2-a9f154b450de: shutdown FollowerState
2019-10-21 23:46:39,260 [Thread-1163] INFO  impl.RaftServerImpl (RaftServerImpl.java:setRole(184)) - b88b3e43-5534-49b3-b3f2-a9f154b450de@group-2FABE92B7E5B: changes role from  FOLLOWER to CANDIDATE at term 149 for changeToCandidate
2019-10-21 23:46:39,261 [Thread-1163] INFO  impl.RoleInfo (RoleInfo.java:updateAndGet(143)) - b88b3e43-5534-49b3-b3f2-a9f154b450de: start LeaderElection
2019-10-21 23:46:39,274 [b88b3e43-5534-49b3-b3f2-a9f154b450de@group-2FABE92B7E5B-LeaderElection147] INFO  impl.LeaderElection (LeaderElection.java:askForVotes(178)) - b88b3e43-5534-49b3-b3f2-a9f154b450de@group-2FABE92B7E5B-LeaderElection147: begin an election at term 150 for -1: [c58a0a02-acd3-47c8-b3e9-5b8e0493de45:192.168.157.254:33611, 1360619e-ba1e-4bf9-aec1-9f15b5480b27:192.168.157.254:45658, b88b3e43-5534-49b3-b3f2-a9f154b450de:192.168.157.254:46786], old=null
2019-10-21 23:46:39,276 [grpc-default-executor-2] INFO  impl.RaftServerImpl (RaftServerImpl.java:setRole(184)) - c58a0a02-acd3-47c8-b3e9-5b8e0493de45@group-2FABE92B7E5B: changes role from  FOLLOWER to FOLLOWER at term 150 for recognizeCandidate:b88b3e43-5534-49b3-b3f2-a9f154b450de
2019-10-21 23:46:39,277 [grpc-default-executor-2] INFO  impl.RoleInfo (RoleInfo.java:shutdownFollowerState(121)) - c58a0a02-acd3-47c8-b3e9-5b8e0493de45: shutdown FollowerState
2019-10-21 23:46:39,277 [grpc-default-executor-0] INFO  impl.RaftServerImpl (RaftServerImpl.java:setRole(184)) - 1360619e-ba1e-4bf9-aec1-9f15b5480b27@group-2FABE92B7E5B: changes role from  FOLLOWER to FOLLOWER at term 150 for recognizeCandidate:b88b3e43-5534-49b3-b3f2-a9f154b450de
2019-10-21 23:46:39,277 [Thread-1162] INFO  impl.FollowerState (FollowerState.java:run(117)) - c58a0a02-acd3-47c8-b3e9-5b8e0493de45@group-2FABE92B7E5B-FollowerState was interrupted: java.lang.InterruptedException: sleep interrupted
2019-10-21 23:46:39,277 [grpc-default-executor-2] INFO  impl.RoleInfo (RoleInfo.java:updateAndGet(143)) - c58a0a02-acd3-47c8-b3e9-5b8e0493de45: start FollowerState
2019-10-21 23:46:39,277 [grpc-default-executor-0] INFO  impl.RoleInfo (RoleInfo.java:shutdownFollowerState(121)) - 1360619e-ba1e-4bf9-aec1-9f15b5480b27: shutdown FollowerState
2019-10-21 23:46:39,277 [grpc-default-executor-0] INFO  impl.RoleInfo (RoleInfo.java:updateAndGet(143)) - 1360619e-ba1e-4bf9-aec1-9f15b5480b27: start FollowerState
2019-10-21 23:46:39,277 [Thread-1161] INFO  impl.FollowerState (FollowerState.java:run(117)) - 1360619e-ba1e-4bf9-aec1-9f15b5480b27@group-2FABE92B7E5B-FollowerState was interrupted: java.lang.InterruptedException: sleep interrupted
2019-10-21 23:46:39,291 [b88b3e43-5534-49b3-b3f2-a9f154b450de@group-2FABE92B7E5B-LeaderElection147] INFO  impl.LeaderElection (LeaderElection.java:logAndReturn(56)) - b88b3e43-5534-49b3-b3f2-a9f154b450de@group-2FABE92B7E5B-LeaderElection147: Election REJECTED; received 2 response(s) [b88b3e43-5534-49b3-b3f2-a9f154b450de<-c58a0a02-acd3-47c8-b3e9-5b8e0493de45#0:FAIL-t150, b88b3e43-5534-49b3-b3f2-a9f154b450de<-1360619e-ba1e-4bf9-aec1-9f15b5480b27#0:FAIL-t150] and 0 exception(s); b88b3e43-5534-49b3-b3f2-a9f154b450de@group-2FABE92B7E5B:t150, leader=null, voted=b88b3e43-5534-49b3-b3f2-a9f154b450de, raftlog=b88b3e43-5534-49b3-b3f2-a9f154b450de@group-2FABE92B7E5B-SegmentedRaftLog:OPENED:c-1,f-1,i0, conf=-1: [c58a0a02-acd3-47c8-b3e9-5b8e0493de45:192.168.157.254:33611, 1360619e-ba1e-4bf9-aec1-9f15b5480b27:192.168.157.254:45658, b88b3e43-5534-49b3-b3f2-a9f154b450de:192.168.157.254:46786], old=null
2019-10-21 23:46:39,291 [b88b3e43-5534-49b3-b3f2-a9f154b450de@group-2FABE92B7E5B-LeaderElection147] INFO  impl.RaftServerImpl (RaftServerImpl.java:setRole(184)) - b88b3e43-5534-49b3-b3f2-a9f154b450de@group-2FABE92B7E5B: changes role from CANDIDATE to FOLLOWER at term 150 for DISCOVERED_A_NEW_TERM
2019-10-21 23:46:39,291 [b88b3e43-5534-49b3-b3f2-a9f154b450de@group-2FABE92B7E5B-LeaderElection147] INFO  impl.RoleInfo (RoleInfo.java:shutdownLeaderElection(134)) - b88b3e43-5534-49b3-b3f2-a9f154b450de: shutdown LeaderElection
2019-10-21 23:46:39,291 [b88b3e43-5534-49b3-b3f2-a9f154b450de@group-2FABE92B7E5B-LeaderElection147] INFO  impl.RoleInfo (RoleInfo.java:updateAndGet(143)) - b88b3e43-5534-49b3-b3f2-a9f154b450de: start FollowerState
2019-10-21 23:46:39,434 [Thread-1169] INFO  impl.FollowerState (FollowerState.java:run(108)) - b88b3e43-5534-49b3-b3f2-a9f154b450de@group-2FABE92B7E5B-FollowerState: change to CANDIDATE, lastRpcTime:142ms, electionTimeout:142ms
2019-10-21 23:46:39,434 [Thread-1169] INFO  impl.RoleInfo (RoleInfo.java:shutdownFollowerState(121)) - b88b3e43-5534-49b3-b3f2-a9f154b450de: shutdown FollowerState
2019-10-21 23:46:39,434 [Thread-1169] INFO  impl.RaftServerImpl (RaftServerImpl.java:setRole(184)) - b88b3e43-5534-49b3-b3f2-a9f154b450de@group-2FABE92B7E5B: changes role from  FOLLOWER to CANDIDATE at term 150 for changeToCandidate
2019-10-21 23:46:39,434 [Thread-1169] INFO  impl.RoleInfo (RoleInfo.java:updateAndGet(143)) - b88b3e43-5534-49b3-b3f2-a9f154b450de: start LeaderElection
2019-10-21 23:46:39,448 [b88b3e43-5534-49b3-b3f2-a9f154b450de@group-2FABE92B7E5B-LeaderElection148] INFO  impl.LeaderElection (LeaderElection.java:askForVotes(178)) - b88b3e43-5534-49b3-b3f2-a9f154b450de@group-2FABE92B7E5B-LeaderElection148: begin an election at term 151 for -1: [c58a0a02-acd3-47c8-b3e9-5b8e0493de45:192.168.157.254:33611, 1360619e-ba1e-4bf9-aec1-9f15b5480b27:192.168.157.254:45658, b88b3e43-5534-49b3-b3f2-a9f154b450de:192.168.157.254:46786], old=null
2019-10-21 23:46:39,450 [grpc-default-executor-2] INFO  impl.RaftServerImpl (RaftServerImpl.java:setRole(184)) - c58a0a02-acd3-47c8-b3e9-5b8e0493de45@group-2FABE92B7E5B: changes role from  FOLLOWER to FOLLOWER at term 151 for recognizeCandidate:b88b3e43-5534-49b3-b3f2-a9f154b450de
2019-10-21 23:46:39,450 [grpc-default-executor-2] INFO  impl.RoleInfo (RoleInfo.java:shutdownFollowerState(121)) - c58a0a02-acd3-47c8-b3e9-5b8e0493de45: shutdown FollowerState
2019-10-21 23:46:39,450 [grpc-default-executor-0] INFO  impl.RaftServerImpl (RaftServerImpl.java:setRole(184)) - 1360619e-ba1e-4bf9-aec1-9f15b5480b27@group-2FABE92B7E5B: changes role from  FOLLOWER to FOLLOWER at term 151 for recognizeCandidate:b88b3e43-5534-49b3-b3f2-a9f154b450de
2019-10-21 23:46:39,451 [Thread-1167] INFO  impl.FollowerState (FollowerState.java:run(117)) - c58a0a02-acd3-47c8-b3e9-5b8e0493de45@group-2FABE92B7E5B-FollowerState was interrupted: java.lang.InterruptedException: sleep interrupted
2019-10-21 23:46:39,450 [grpc-default-executor-2] INFO  impl.RoleInfo (RoleInfo.java:updateAndGet(143)) - c58a0a02-acd3-47c8-b3e9-5b8e0493de45: start FollowerState
2019-10-21 23:46:39,451 [grpc-default-executor-0] INFO  impl.RoleInfo (RoleInfo.java:shutdownFollowerState(121)) - 1360619e-ba1e-4bf9-aec1-9f15b5480b27: shutdown FollowerState
2019-10-21 23:46:39,451 [grpc-default-executor-0] INFO  impl.RoleInfo (RoleInfo.java:updateAndGet(143)) - 1360619e-ba1e-4bf9-aec1-9f15b5480b27: start FollowerState
2019-10-21 23:46:39,451 [Thread-1168] INFO  impl.FollowerState (FollowerState.java:run(117)) - 1360619e-ba1e-4bf9-aec1-9f15b5480b27@group-2FABE92B7E5B-FollowerState was interrupted: java.lang.InterruptedException: sleep interrupted
2019-10-21 23:46:39,465 [b88b3e43-5534-49b3-b3f2-a9f154b450de@group-2FABE92B7E5B-LeaderElection148] INFO  impl.LeaderElection (LeaderElection.java:logAndReturn(56)) - b88b3e43-5534-49b3-b3f2-a9f154b450de@group-2FABE92B7E5B-LeaderElection148: Election REJECTED; received 2 response(s) [b88b3e43-5534-49b3-b3f2-a9f154b450de<-c58a0a02-acd3-47c8-b3e9-5b8e0493de45#0:FAIL-t151, b88b3e43-5534-49b3-b3f2-a9f154b450de<-1360619e-ba1e-4bf9-aec1-9f15b5480b27#0:FAIL-t151] and 0 exception(s); b88b3e43-5534-49b3-b3f2-a9f154b450de@group-2FABE92B7E5B:t151, leader=null, voted=b88b3e43-5534-49b3-b3f2-a9f154b450de, raftlog=b88b3e43-5534-49b3-b3f2-a9f154b450de@group-2FABE92B7E5B-SegmentedRaftLog:OPENED:c-1,f-1,i0, conf=-1: [c58a0a02-acd3-47c8-b3e9-5b8e0493de45:192.168.157.254:33611, 1360619e-ba1e-4bf9-aec1-9f15b5480b27:192.168.157.254:45658, b88b3e43-5534-49b3-b3f2-a9f154b450de:192.168.157.254:46786], old=null
2019-10-21 23:46:39,465 [b88b3e43-5534-49b3-b3f2-a9f154b450de@group-2FABE92B7E5B-LeaderElection148] INFO  impl.RaftServerImpl (RaftServerImpl.java:setRole(184)) - b88b3e43-5534-49b3-b3f2-a9f154b450de@group-2FABE92B7E5B: changes role from CANDIDATE to FOLLOWER at term 151 for DISCOVERED_A_NEW_TERM
2019-10-21 23:46:39,465 [b88b3e43-5534-49b3-b3f2-a9f154b450de@group-2FABE92B7E5B-LeaderElection148] INFO  impl.RoleInfo (RoleInfo.java:shutdownLeaderElection(134)) - b88b3e43-5534-49b3-b3f2-a9f154b450de: shutdown LeaderElection
2019-10-21 23:46:39,465 [b88b3e43-5534-49b3-b3f2-a9f154b450de@group-2FABE92B7E5B-LeaderElection148] INFO  impl.RoleInfo (RoleInfo.java:updateAndGet(143)) - b88b3e43-5534-49b3-b3f2-a9f154b450de: start FollowerState
2019-10-21 23:46:39,570 [Thread-1175] INFO  impl.FollowerState (FollowerState.java:run(108)) - b88b3e43-5534-49b3-b3f2-a9f154b450de@group-2FABE92B7E5B-FollowerState: change to CANDIDATE, lastRpcTime:104ms, electionTimeout:104ms
2019-10-21 23:46:39,570 [Thread-1175] INFO  impl.RoleInfo (RoleInfo.java:shutdownFollowerState(121)) - b88b3e43-5534-49b3-b3f2-a9f154b450de: shutdown FollowerState
2019-10-21 23:46:39,570 [Thread-1175] INFO  impl.RaftServerImpl (RaftServerImpl.java:setRole(184)) - b88b3e43-5534-49b3-b3f2-a9f154b450de@group-2FABE92B7E5B: changes role from  FOLLOWER to CANDIDATE at term 151 for changeToCandidate
2019-10-21 23:46:39,570 [Thread-1175] INFO  impl.RoleInfo (RoleInfo.java:updateAndGet(143)) - b88b3e43-5534-49b3-b3f2-a9f154b450de: start LeaderElection
2019-10-21 23:46:39,583 [b88b3e43-5534-49b3-b3f2-a9f154b450de@group-2FABE92B7E5B-LeaderElection149] INFO  impl.LeaderElection (LeaderElection.java:askForVotes(178)) - b88b3e43-5534-49b3-b3f2-a9f154b450de@group-2FABE92B7E5B-LeaderElection149: begin an election at term 152 for -1: [c58a0a02-acd3-47c8-b3e9-5b8e0493de45:192.168.157.254:33611, 1360619e-ba1e-4bf9-aec1-9f15b5480b27:192.168.157.254:45658, b88b3e43-5534-49b3-b3f2-a9f154b450de:192.168.157.254:46786], old=null
2019-10-21 23:46:39,586 [grpc-default-executor-2] INFO  impl.RaftServerImpl (RaftServerImpl.java:setRole(184)) - c58a0a02-acd3-47c8-b3e9-5b8e0493de45@group-2FABE92B7E5B: changes role from  FOLLOWER to FOLLOWER at term 152 for recognizeCandidate:b88b3e43-5534-49b3-b3f2-a9f154b450de
2019-10-21 23:46:39,586 [grpc-default-executor-2] INFO  impl.RoleInfo (RoleInfo.java:shutdownFollowerState(121)) - c58a0a02-acd3-47c8-b3e9-5b8e0493de45: shutdown FollowerState
2019-10-21 23:46:39,586 [grpc-default-executor-0] INFO  impl.RaftServerImpl (RaftServerImpl.java:setRole(184)) - 1360619e-ba1e-4bf9-aec1-9f15b5480b27@group-2FABE92B7E5B: changes role from  FOLLOWER to FOLLOWER at term 152 for recognizeCandidate:b88b3e43-5534-49b3-b3f2-a9f154b450de
2019-10-21 23:46:39,586 [Thread-1173] INFO  impl.FollowerState (FollowerState.java:run(117)) - c58a0a02-acd3-47c8-b3e9-5b8e0493de45@group-2FABE92B7E5B-FollowerState was interrupted: java.lang.InterruptedException: sleep interrupted
2019-10-21 23:46:39,586 [grpc-default-executor-2] INFO  impl.RoleInfo (RoleInfo.java:updateAndGet(143)) - c58a0a02-acd3-47c8-b3e9-5b8e0493de45: start FollowerState
2019-10-21 23:46:39,586 [grpc-default-executor-0] INFO  impl.RoleInfo (RoleInfo.java:shutdownFollowerState(121)) - 1360619e-ba1e-4bf9-aec1-9f15b5480b27: shutdown FollowerState
2019-10-21 23:46:39,587 [grpc-default-executor-0] INFO  impl.RoleInfo (RoleInfo.java:updateAndGet(143)) - 1360619e-ba1e-4bf9-aec1-9f15b5480b27: start FollowerState
2019-10-21 23:46:39,587 [Thread-1174] INFO  impl.FollowerState (FollowerState.java:run(117)) - 1360619e-ba1e-4bf9-aec1-9f15b5480b27@group-2FABE92B7E5B-FollowerState was interrupted: java.lang.InterruptedException: sleep interrupted
2019-10-21 23:46:39,607 [b88b3e43-5534-49b3-b3f2-a9f154b450de@group-2FABE92B7E5B-LeaderElection149] INFO  impl.LeaderElection (LeaderElection.java:logAndReturn(56)) - b88b3e43-5534-49b3-b3f2-a9f154b450de@group-2FABE92B7E5B-LeaderElection149: Election REJECTED; received 2 response(s) [b88b3e43-5534-49b3-b3f2-a9f154b450de<-c58a0a02-acd3-47c8-b3e9-5b8e0493de45#0:FAIL-t152, b88b3e43-5534-49b3-b3f2-a9f154b450de<-1360619e-ba1e-4bf9-aec1-9f15b5480b27#0:FAIL-t152] and 0 exception(s); b88b3e43-5534-49b3-b3f2-a9f154b450de@group-2FABE92B7E5B:t152, leader=null, voted=b88b3e43-5534-49b3-b3f2-a9f154b450de, raftlog=b88b3e43-5534-49b3-b3f2-a9f154b450de@group-2FABE92B7E5B-SegmentedRaftLog:OPENED:c-1,f-1,i0, conf=-1: [c58a0a02-acd3-47c8-b3e9-5b8e0493de45:192.168.157.254:33611, 1360619e-ba1e-4bf9-aec1-9f15b5480b27:192.168.157.254:45658, b88b3e43-5534-49b3-b3f2-a9f154b450de:192.168.157.254:46786], old=null
2019-10-21 23:46:39,608 [b88b3e43-5534-49b3-b3f2-a9f154b450de@group-2FABE92B7E5B-LeaderElection149] INFO  impl.RaftServerImpl (RaftServerImpl.java:setRole(184)) - b88b3e43-5534-49b3-b3f2-a9f154b450de@group-2FABE92B7E5B: changes role from CANDIDATE to FOLLOWER at term 152 for DISCOVERED_A_NEW_TERM
2019-10-21 23:46:39,608 [b88b3e43-5534-49b3-b3f2-a9f154b450de@group-2FABE92B7E5B-LeaderElection149] INFO  impl.RoleInfo (RoleInfo.java:shutdownLeaderElection(134)) - b88b3e43-5534-49b3-b3f2-a9f154b450de: shutdown LeaderElection
2019-10-21 23:46:39,608 [b88b3e43-5534-49b3-b3f2-a9f154b450de@group-2FABE92B7E5B-LeaderElection149] INFO  impl.RoleInfo (RoleInfo.java:updateAndGet(143)) - b88b3e43-5534-49b3-b3f2-a9f154b450de: start FollowerState
2019-10-21 23:46:39,790 [Thread-1181] INFO  impl.FollowerState (FollowerState.java:run(108)) - b88b3e43-5534-49b3-b3f2-a9f154b450de@group-2FABE92B7E5B-FollowerState: change to CANDIDATE, lastRpcTime:182ms, electionTimeout:182ms
2019-10-21 23:46:39,790 [Thread-1181] INFO  impl.RoleInfo (RoleInfo.java:shutdownFollowerState(121)) - b88b3e43-5534-49b3-b3f2-a9f154b450de: shutdown FollowerState
2019-10-21 23:46:39,790 [Thread-1181] INFO  impl.RaftServerImpl (RaftServerImpl.java:setRole(184)) - b88b3e43-5534-49b3-b3f2-a9f154b450de@group-2FABE92B7E5B: changes role from  FOLLOWER to CANDIDATE at term 152 for changeToCandidate
2019-10-21 23:46:39,791 [Thread-1181] INFO  impl.RoleInfo (RoleInfo.java:updateAndGet(143)) - b88b3e43-5534-49b3-b3f2-a9f154b450de: start LeaderElection
2019-10-21 23:46:39,804 [b88b3e43-5534-49b3-b3f2-a9f154b450de@group-2FABE92B7E5B-LeaderElection150] INFO  impl.LeaderElection (LeaderElection.java:askForVotes(178)) - b88b3e43-5534-49b3-b3f2-a9f154b450de@group-2FABE92B7E5B-LeaderElection150: begin an election at term 153 for -1: [c58a0a02-acd3-47c8-b3e9-5b8e0493de45:192.168.157.254:33611, 1360619e-ba1e-4bf9-aec1-9f15b5480b27:192.168.157.254:45658, b88b3e43-5534-49b3-b3f2-a9f154b450de:192.168.157.254:46786], old=null
2019-10-21 23:46:39,807 [grpc-default-executor-0] INFO  impl.RaftServerImpl (RaftServerImpl.java:setRole(184)) - c58a0a02-acd3-47c8-b3e9-5b8e0493de45@group-2FABE92B7E5B: changes role from  FOLLOWER to FOLLOWER at term 153 for recognizeCandidate:b88b3e43-5534-49b3-b3f2-a9f154b450de
2019-10-21 23:46:39,807 [grpc-default-executor-0] INFO  impl.RoleInfo (RoleInfo.java:shutdownFollowerState(121)) - c58a0a02-acd3-47c8-b3e9-5b8e0493de45: shutdown FollowerState
2019-10-21 23:46:39,807 [grpc-default-executor-2] INFO  impl.RaftServerImpl (RaftServerImpl.java:setRole(184)) - 1360619e-ba1e-4bf9-aec1-9f15b5480b27@group-2FABE92B7E5B: changes role from  FOLLOWER to FOLLOWER at term 153 for recognizeCandidate:b88b3e43-5534-49b3-b3f2-a9f154b450de
2019-10-21 23:46:39,807 [grpc-default-executor-2] INFO  impl.RoleInfo (RoleInfo.java:shutdownFollowerState(121)) - 1360619e-ba1e-4bf9-aec1-9f15b5480b27: shutdown FollowerState
2019-10-21 23:46:39,807 [grpc-default-executor-0] INFO  impl.RoleInfo (RoleInfo.java:updateAndGet(143)) - c58a0a02-acd3-47c8-b3e9-5b8e0493de45: start FollowerState
2019-10-21 23:46:39,807 [Thread-1180] INFO  impl.FollowerState (FollowerState.java:run(117)) - 1360619e-ba1e-4bf9-aec1-9f15b5480b27@group-2FABE92B7E5B-FollowerState was interrupted: java.lang.InterruptedException: sleep interrupted
2019-10-21 23:46:39,807 [grpc-default-executor-2] INFO  impl.RoleInfo (RoleInfo.java:updateAndGet(143)) - 1360619e-ba1e-4bf9-aec1-9f15b5480b27: start FollowerState
2019-10-21 23:46:39,807 [Thread-1179] INFO  impl.FollowerState (FollowerState.java:run(117)) - c58a0a02-acd3-47c8-b3e9-5b8e0493de45@group-2FABE92B7E5B-FollowerState was interrupted: java.lang.InterruptedException: sleep interrupted
2019-10-21 23:46:39,822 [b88b3e43-5534-49b3-b3f2-a9f154b450de@group-2FABE92B7E5B-LeaderElection150] INFO  impl.LeaderElection (LeaderElection.java:logAndReturn(56)) - b88b3e43-5534-49b3-b3f2-a9f154b450de@group-2FABE92B7E5B-LeaderElection150: Election REJECTED; received 2 response(s) [b88b3e43-5534-49b3-b3f2-a9f154b450de<-c58a0a02-acd3-47c8-b3e9-5b8e0493de45#0:FAIL-t153, b88b3e43-5534-49b3-b3f2-a9f154b450de<-1360619e-ba1e-4bf9-aec1-9f15b5480b27#0:FAIL-t153] and 0 exception(s); b88b3e43-5534-49b3-b3f2-a9f154b450de@group-2FABE92B7E5B:t153, leader=null, voted=b88b3e43-5534-49b3-b3f2-a9f154b450de, raftlog=b88b3e43-5534-49b3-b3f2-a9f154b450de@group-2FABE92B7E5B-SegmentedRaftLog:OPENED:c-1,f-1,i0, conf=-1: [c58a0a02-acd3-47c8-b3e9-5b8e0493de45:192.168.157.254:33611, 1360619e-ba1e-4bf9-aec1-9f15b5480b27:192.168.157.254:45658, b88b3e43-5534-49b3-b3f2-a9f154b450de:192.168.157.254:46786], old=null
2019-10-21 23:46:39,822 [b88b3e43-5534-49b3-b3f2-a9f154b450de@group-2FABE92B7E5B-LeaderElection150] INFO  impl.RaftServerImpl (RaftServerImpl.java:setRole(184)) - b88b3e43-5534-49b3-b3f2-a9f154b450de@group-2FABE92B7E5B: changes role from CANDIDATE to FOLLOWER at term 153 for DISCOVERED_A_NEW_TERM
2019-10-21 23:46:39,822 [b88b3e43-5534-49b3-b3f2-a9f154b450de@group-2FABE92B7E5B-LeaderElection150] INFO  impl.RoleInfo (RoleInfo.java:shutdownLeaderElection(134)) - b88b3e43-5534-49b3-b3f2-a9f154b450de: shutdown LeaderElection
2019-10-21 23:46:39,822 [b88b3e43-5534-49b3-b3f2-a9f154b450de@group-2FABE92B7E5B-LeaderElection150] INFO  impl.RoleInfo (RoleInfo.java:updateAndGet(143)) - b88b3e43-5534-49b3-b3f2-a9f154b450de: start FollowerState
2019-10-21 23:46:40,011 [Thread-1187] INFO  impl.FollowerState (FollowerState.java:run(108)) - b88b3e43-5534-49b3-b3f2-a9f154b450de@group-2FABE92B7E5B-FollowerState: change to CANDIDATE, lastRpcTime:189ms, electionTimeout:189ms
2019-10-21 23:46:40,012 [Thread-1187] INFO  impl.RoleInfo (RoleInfo.java:shutdownFollowerState(121)) - b88b3e43-5534-49b3-b3f2-a9f154b450de: shutdown FollowerState
2019-10-21 23:46:40,012 [Thread-1187] INFO  impl.RaftServerImpl (RaftServerImpl.java:setRole(184)) - b88b3e43-5534-49b3-b3f2-a9f154b450de@group-2FABE92B7E5B: changes role from  FOLLOWER to CANDIDATE at term 153 for changeToCandidate
2019-10-21 23:46:40,012 [Thread-1187] INFO  impl.RoleInfo (RoleInfo.java:updateAndGet(143)) - b88b3e43-5534-49b3-b3f2-a9f154b450de: start LeaderElection
2019-10-21 23:46:40,026 [b88b3e43-5534-49b3-b3f2-a9f154b450de@group-2FABE92B7E5B-LeaderElection151] INFO  impl.LeaderElection (LeaderElection.java:askForVotes(178)) - b88b3e43-5534-49b3-b3f2-a9f154b450de@group-2FABE92B7E5B-LeaderElection151: begin an election at term 154 for -1: [c58a0a02-acd3-47c8-b3e9-5b8e0493de45:192.168.157.254:33611, 1360619e-ba1e-4bf9-aec1-9f15b5480b27:192.168.157.254:45658, b88b3e43-5534-49b3-b3f2-a9f154b450de:192.168.157.254:46786], old=null
2019-10-21 23:46:40,028 [grpc-default-executor-0] INFO  impl.RaftServerImpl (RaftServerImpl.java:setRole(184)) - c58a0a02-acd3-47c8-b3e9-5b8e0493de45@group-2FABE92B7E5B: changes role from  FOLLOWER to FOLLOWER at term 154 for recognizeCandidate:b88b3e43-5534-49b3-b3f2-a9f154b450de
2019-10-21 23:46:40,028 [grpc-default-executor-2] INFO  impl.RaftServerImpl (RaftServerImpl.java:setRole(184)) - 1360619e-ba1e-4bf9-aec1-9f15b5480b27@group-2FABE92B7E5B: changes role from  FOLLOWER to FOLLOWER at term 154 for recognizeCandidate:b88b3e43-5534-49b3-b3f2-a9f154b450de
2019-10-21 23:46:40,028 [grpc-default-executor-0] INFO  impl.RoleInfo (RoleInfo.java:shutdownFollowerState(121)) - c58a0a02-acd3-47c8-b3e9-5b8e0493de45: shutdown FollowerState
2019-10-21 23:46:40,029 [grpc-default-executor-2] INFO  impl.RoleInfo (RoleInfo.java:shutdownFollowerState(121)) - 1360619e-ba1e-4bf9-aec1-9f15b5480b27: shutdown FollowerState
2019-10-21 23:46:40,029 [Thread-1185] INFO  impl.FollowerState (FollowerState.java:run(117)) - c58a0a02-acd3-47c8-b3e9-5b8e0493de45@group-2FABE92B7E5B-FollowerState was interrupted: java.lang.InterruptedException: sleep interrupted
2019-10-21 23:46:40,029 [Thread-1186] INFO  impl.FollowerState (FollowerState.java:run(117)) - 1360619e-ba1e-4bf9-aec1-9f15b5480b27@group-2FABE92B7E5B-FollowerState was interrupted: java.lang.InterruptedException: sleep interrupted
2019-10-21 23:46:40,029 [grpc-default-executor-0] INFO  impl.RoleInfo (RoleInfo.java:updateAndGet(143)) - c58a0a02-acd3-47c8-b3e9-5b8e0493de45: start FollowerState
2019-10-21 23:46:40,029 [grpc-default-executor-2] INFO  impl.RoleInfo (RoleInfo.java:updateAndGet(143)) - 1360619e-ba1e-4bf9-aec1-9f15b5480b27: start FollowerState
2019-10-21 23:46:40,044 [b88b3e43-5534-49b3-b3f2-a9f154b450de@group-2FABE92B7E5B-LeaderElection151] INFO  impl.LeaderElection (LeaderElection.java:logAndReturn(56)) - b88b3e43-5534-49b3-b3f2-a9f154b450de@group-2FABE92B7E5B-LeaderElection151: Election REJECTED; received 2 response(s) [b88b3e43-5534-49b3-b3f2-a9f154b450de<-c58a0a02-acd3-47c8-b3e9-5b8e0493de45#0:FAIL-t154, b88b3e43-5534-49b3-b3f2-a9f154b450de<-1360619e-ba1e-4bf9-aec1-9f15b5480b27#0:FAIL-t154] and 0 exception(s); b88b3e43-5534-49b3-b3f2-a9f154b450de@group-2FABE92B7E5B:t154, leader=null, voted=b88b3e43-5534-49b3-b3f2-a9f154b450de, raftlog=b88b3e43-5534-49b3-b3f2-a9f154b450de@group-2FABE92B7E5B-SegmentedRaftLog:OPENED:c-1,f-1,i0, conf=-1: [c58a0a02-acd3-47c8-b3e9-5b8e0493de45:192.168.157.254:33611, 1360619e-ba1e-4bf9-aec1-9f15b5480b27:192.168.157.254:45658, b88b3e43-5534-49b3-b3f2-a9f154b450de:192.168.157.254:46786], old=null
2019-10-21 23:46:40,044 [b88b3e43-5534-49b3-b3f2-a9f154b450de@group-2FABE92B7E5B-LeaderElection151] INFO  impl.RaftServerImpl (RaftServerImpl.java:setRole(184)) - b88b3e43-5534-49b3-b3f2-a9f154b450de@group-2FABE92B7E5B: changes role from CANDIDATE to FOLLOWER at term 154 for DISCOVERED_A_NEW_TERM
2019-10-21 23:46:40,044 [b88b3e43-5534-49b3-b3f2-a9f154b450de@group-2FABE92B7E5B-LeaderElection151] INFO  impl.RoleInfo (RoleInfo.java:shutdownLeaderElection(134)) - b88b3e43-5534-49b3-b3f2-a9f154b450de: shutdown LeaderElection
2019-10-21 23:46:40,044 [b88b3e43-5534-49b3-b3f2-a9f154b450de@group-2FABE92B7E5B-LeaderElection151] INFO  impl.RoleInfo (RoleInfo.java:updateAndGet(143)) - b88b3e43-5534-49b3-b3f2-a9f154b450de: start FollowerState
2019-10-21 23:46:40,206 [Thread-1195] INFO  impl.FollowerState (FollowerState.java:run(108)) - b88b3e43-5534-49b3-b3f2-a9f154b450de@group-2FABE92B7E5B-FollowerState: change to CANDIDATE, lastRpcTime:162ms, electionTimeout:162ms
2019-10-21 23:46:40,207 [Thread-1195] INFO  impl.RoleInfo (RoleInfo.java:shutdownFollowerState(121)) - b88b3e43-5534-49b3-b3f2-a9f154b450de: shutdown FollowerState
2019-10-21 23:46:40,207 [Thread-1195] INFO  impl.RaftServerImpl (RaftServerImpl.java:setRole(184)) - b88b3e43-5534-49b3-b3f2-a9f154b450de@group-2FABE92B7E5B: changes role from  FOLLOWER to CANDIDATE at term 154 for changeToCandidate
2019-10-21 23:46:40,208 [Thread-1195] INFO  impl.RoleInfo (RoleInfo.java:updateAndGet(143)) - b88b3e43-5534-49b3-b3f2-a9f154b450de: start LeaderElection
2019-10-21 23:46:40,222 [b88b3e43-5534-49b3-b3f2-a9f154b450de@group-2FABE92B7E5B-LeaderElection152] INFO  impl.LeaderElection (LeaderElection.java:askForVotes(178)) - b88b3e43-5534-49b3-b3f2-a9f154b450de@group-2FABE92B7E5B-LeaderElection152: begin an election at term 155 for -1: [c58a0a02-acd3-47c8-b3e9-5b8e0493de45:192.168.157.254:33611, 1360619e-ba1e-4bf9-aec1-9f15b5480b27:192.168.157.254:45658, b88b3e43-5534-49b3-b3f2-a9f154b450de:192.168.157.254:46786], old=null
2019-10-21 23:46:40,228 [grpc-default-executor-0] INFO  impl.RaftServerImpl (RaftServerImpl.java:setRole(184)) - c58a0a02-acd3-47c8-b3e9-5b8e0493de45@group-2FABE92B7E5B: changes role from  FOLLOWER to FOLLOWER at term 155 for recognizeCandidate:b88b3e43-5534-49b3-b3f2-a9f154b450de
2019-10-21 23:46:40,228 [grpc-default-executor-0] INFO  impl.RoleInfo (RoleInfo.java:shutdownFollowerState(121)) - c58a0a02-acd3-47c8-b3e9-5b8e0493de45: shutdown FollowerState
2019-10-21 23:46:40,228 [grpc-default-executor-2] INFO  impl.RaftServerImpl (RaftServerImpl.java:setRole(184)) - 1360619e-ba1e-4bf9-aec1-9f15b5480b27@group-2FABE92B7E5B: changes role from  FOLLOWER to FOLLOWER at term 155 for recognizeCandidate:b88b3e43-5534-49b3-b3f2-a9f154b450de
2019-10-21 23:46:40,228 [grpc-default-executor-0] INFO  impl.RoleInfo (RoleInfo.java:updateAndGet(143)) - c58a0a02-acd3-47c8-b3e9-5b8e0493de45: start FollowerState
2019-10-21 23:46:40,229 [Thread-1193] INFO  impl.FollowerState (FollowerState.java:run(117)) - c58a0a02-acd3-47c8-b3e9-5b8e0493de45@group-2FABE92B7E5B-FollowerState was interrupted: java.lang.InterruptedException: sleep interrupted
2019-10-21 23:46:40,229 [grpc-default-executor-2] INFO  impl.RoleInfo (RoleInfo.java:shutdownFollowerState(121)) - 1360619e-ba1e-4bf9-aec1-9f15b5480b27: shutdown FollowerState
2019-10-21 23:46:40,229 [grpc-default-executor-2] INFO  impl.RoleInfo (RoleInfo.java:updateAndGet(143)) - 1360619e-ba1e-4bf9-aec1-9f15b5480b27: start FollowerState
2019-10-21 23:46:40,229 [Thread-1194] INFO  impl.FollowerState (FollowerState.java:run(117)) - 1360619e-ba1e-4bf9-aec1-9f15b5480b27@group-2FABE92B7E5B-FollowerState was interrupted: java.lang.InterruptedException: sleep interrupted
2019-10-21 23:46:40,252 [b88b3e43-5534-49b3-b3f2-a9f154b450de@group-2FABE92B7E5B-LeaderElection152] INFO  impl.LeaderElection (LeaderElection.java:logAndReturn(56)) - b88b3e43-5534-49b3-b3f2-a9f154b450de@group-2FABE92B7E5B-LeaderElection152: Election REJECTED; received 2 response(s) [b88b3e43-5534-49b3-b3f2-a9f154b450de<-c58a0a02-acd3-47c8-b3e9-5b8e0493de45#0:FAIL-t155, b88b3e43-5534-49b3-b3f2-a9f154b450de<-1360619e-ba1e-4bf9-aec1-9f15b5480b27#0:FAIL-t155] and 0 exception(s); b88b3e43-5534-49b3-b3f2-a9f154b450de@group-2FABE92B7E5B:t155, leader=null, voted=b88b3e43-5534-49b3-b3f2-a9f154b450de, raftlog=b88b3e43-5534-49b3-b3f2-a9f154b450de@group-2FABE92B7E5B-SegmentedRaftLog:OPENED:c-1,f-1,i0, conf=-1: [c58a0a02-acd3-47c8-b3e9-5b8e0493de45:192.168.157.254:33611, 1360619e-ba1e-4bf9-aec1-9f15b5480b27:192.168.157.254:45658, b88b3e43-5534-49b3-b3f2-a9f154b450de:192.168.157.254:46786], old=null
2019-10-21 23:46:40,252 [b88b3e43-5534-49b3-b3f2-a9f154b450de@group-2FABE92B7E5B-LeaderElection152] INFO  impl.RaftServerImpl (RaftServerImpl.java:setRole(184)) - b88b3e43-5534-49b3-b3f2-a9f154b450de@group-2FABE92B7E5B: changes role from CANDIDATE to FOLLOWER at term 155 for DISCOVERED_A_NEW_TERM
2019-10-21 23:46:40,252 [b88b3e43-5534-49b3-b3f2-a9f154b450de@group-2FABE92B7E5B-LeaderElection152] INFO  impl.RoleInfo (RoleInfo.java:shutdownLeaderElection(134)) - b88b3e43-5534-49b3-b3f2-a9f154b450de: shutdown LeaderElection
2019-10-21 23:46:40,253 [b88b3e43-5534-49b3-b3f2-a9f154b450de@group-2FABE92B7E5B-LeaderElection152] INFO  impl.RoleInfo (RoleInfo.java:updateAndGet(143)) - b88b3e43-5534-49b3-b3f2-a9f154b450de: start FollowerState
2019-10-21 23:46:40,418 [Thread-1201] INFO  impl.FollowerState (FollowerState.java:run(108)) - b88b3e43-5534-49b3-b3f2-a9f154b450de@group-2FABE92B7E5B-FollowerState: change to CANDIDATE, lastRpcTime:165ms, electionTimeout:165ms
2019-10-21 23:46:40,418 [Thread-1201] INFO  impl.RoleInfo (RoleInfo.java:shutdownFollowerState(121)) - b88b3e43-5534-49b3-b3f2-a9f154b450de: shutdown FollowerState
2019-10-21 23:46:40,418 [Thread-1201] INFO  impl.RaftServerImpl (RaftServerImpl.java:setRole(184)) - b88b3e43-5534-49b3-b3f2-a9f154b450de@group-2FABE92B7E5B: changes role from  FOLLOWER to CANDIDATE at term 155 for changeToCandidate
2019-10-21 23:46:40,419 [Thread-1201] INFO  impl.RoleInfo (RoleInfo.java:updateAndGet(143)) - b88b3e43-5534-49b3-b3f2-a9f154b450de: start LeaderElection
2019-10-21 23:46:40,432 [b88b3e43-5534-49b3-b3f2-a9f154b450de@group-2FABE92B7E5B-LeaderElection153] INFO  impl.LeaderElection (LeaderElection.java:askForVotes(178)) - b88b3e43-5534-49b3-b3f2-a9f154b450de@group-2FABE92B7E5B-LeaderElection153: begin an election at term 156 for -1: [c58a0a02-acd3-47c8-b3e9-5b8e0493de45:192.168.157.254:33611, 1360619e-ba1e-4bf9-aec1-9f15b5480b27:192.168.157.254:45658, b88b3e43-5534-49b3-b3f2-a9f154b450de:192.168.157.254:46786], old=null
2019-10-21 23:46:40,435 [grpc-default-executor-0] INFO  impl.RaftServerImpl (RaftServerImpl.java:setRole(184)) - 1360619e-ba1e-4bf9-aec1-9f15b5480b27@group-2FABE92B7E5B: changes role from  FOLLOWER to FOLLOWER at term 156 for recognizeCandidate:b88b3e43-5534-49b3-b3f2-a9f154b450de
2019-10-21 23:46:40,435 [grpc-default-executor-0] INFO  impl.RoleInfo (RoleInfo.java:shutdownFollowerState(121)) - 1360619e-ba1e-4bf9-aec1-9f15b5480b27: shutdown FollowerState
2019-10-21 23:46:40,435 [grpc-default-executor-2] INFO  impl.RaftServerImpl (RaftServerImpl.java:setRole(184)) - c58a0a02-acd3-47c8-b3e9-5b8e0493de45@group-2FABE92B7E5B: changes role from  FOLLOWER to FOLLOWER at term 156 for recognizeCandidate:b88b3e43-5534-49b3-b3f2-a9f154b450de
2019-10-21 23:46:40,435 [Thread-1200] INFO  impl.FollowerState (FollowerState.java:run(117)) - 1360619e-ba1e-4bf9-aec1-9f15b5480b27@group-2FABE92B7E5B-FollowerState was interrupted: java.lang.InterruptedException: sleep interrupted
2019-10-21 23:46:40,435 [grpc-default-executor-0] INFO  impl.RoleInfo (RoleInfo.java:updateAndGet(143)) - 1360619e-ba1e-4bf9-aec1-9f15b5480b27: start FollowerState
2019-10-21 23:46:40,435 [grpc-default-executor-2] INFO  impl.RoleInfo (RoleInfo.java:shutdownFollowerState(121)) - c58a0a02-acd3-47c8-b3e9-5b8e0493de45: shutdown FollowerState
2019-10-21 23:46:40,436 [grpc-default-executor-2] INFO  impl.RoleInfo (RoleInfo.java:updateAndGet(143)) - c58a0a02-acd3-47c8-b3e9-5b8e0493de45: start FollowerState
2019-10-21 23:46:40,436 [Thread-1199] INFO  impl.FollowerState (FollowerState.java:run(117)) - c58a0a02-acd3-47c8-b3e9-5b8e0493de45@group-2FABE92B7E5B-FollowerState was interrupted: java.lang.InterruptedException: sleep interrupted
2019-10-21 23:46:40,450 [b88b3e43-5534-49b3-b3f2-a9f154b450de@group-2FABE92B7E5B-LeaderElection153] INFO  impl.LeaderElection (LeaderElection.java:logAndReturn(56)) - b88b3e43-5534-49b3-b3f2-a9f154b450de@group-2FABE92B7E5B-LeaderElection153: Election REJECTED; received 2 response(s) [b88b3e43-5534-49b3-b3f2-a9f154b450de<-c58a0a02-acd3-47c8-b3e9-5b8e0493de45#0:FAIL-t156, b88b3e43-5534-49b3-b3f2-a9f154b450de<-1360619e-ba1e-4bf9-aec1-9f15b5480b27#0:FAIL-t156] and 0 exception(s); b88b3e43-5534-49b3-b3f2-a9f154b450de@group-2FABE92B7E5B:t156, leader=null, voted=b88b3e43-5534-49b3-b3f2-a9f154b450de, raftlog=b88b3e43-5534-49b3-b3f2-a9f154b450de@group-2FABE92B7E5B-SegmentedRaftLog:OPENED:c-1,f-1,i0, conf=-1: [c58a0a02-acd3-47c8-b3e9-5b8e0493de45:192.168.157.254:33611, 1360619e-ba1e-4bf9-aec1-9f15b5480b27:192.168.157.254:45658, b88b3e43-5534-49b3-b3f2-a9f154b450de:192.168.157.254:46786], old=null
2019-10-21 23:46:40,450 [b88b3e43-5534-49b3-b3f2-a9f154b450de@group-2FABE92B7E5B-LeaderElection153] INFO  impl.RaftServerImpl (RaftServerImpl.java:setRole(184)) - b88b3e43-5534-49b3-b3f2-a9f154b450de@group-2FABE92B7E5B: changes role from CANDIDATE to FOLLOWER at term 156 for DISCOVERED_A_NEW_TERM
2019-10-21 23:46:40,451 [b88b3e43-5534-49b3-b3f2-a9f154b450de@group-2FABE92B7E5B-LeaderElection153] INFO  impl.RoleInfo (RoleInfo.java:shutdownLeaderElection(134)) - b88b3e43-5534-49b3-b3f2-a9f154b450de: shutdown LeaderElection
2019-10-21 23:46:40,451 [b88b3e43-5534-49b3-b3f2-a9f154b450de@group-2FABE92B7E5B-LeaderElection153] INFO  impl.RoleInfo (RoleInfo.java:updateAndGet(143)) - b88b3e43-5534-49b3-b3f2-a9f154b450de: start FollowerState
2019-10-21 23:46:40,618 [Thread-1207] INFO  impl.FollowerState (FollowerState.java:run(108)) - b88b3e43-5534-49b3-b3f2-a9f154b450de@group-2FABE92B7E5B-FollowerState: change to CANDIDATE, lastRpcTime:167ms, electionTimeout:167ms
2019-10-21 23:46:40,618 [Thread-1207] INFO  impl.RoleInfo (RoleInfo.java:shutdownFollowerState(121)) - b88b3e43-5534-49b3-b3f2-a9f154b450de: shutdown FollowerState
2019-10-21 23:46:40,619 [Thread-1207] INFO  impl.RaftServerImpl (RaftServerImpl.java:setRole(184)) - b88b3e43-5534-49b3-b3f2-a9f154b450de@group-2FABE92B7E5B: changes role from  FOLLOWER to CANDIDATE at term 156 for changeToCandidate
2019-10-21 23:46:40,619 [Thread-1207] INFO  impl.RoleInfo (RoleInfo.java:updateAndGet(143)) - b88b3e43-5534-49b3-b3f2-a9f154b450de: start LeaderElection
2019-10-21 23:46:40,633 [b88b3e43-5534-49b3-b3f2-a9f154b450de@group-2FABE92B7E5B-LeaderElection154] INFO  impl.LeaderElection (LeaderElection.java:askForVotes(178)) - b88b3e43-5534-49b3-b3f2-a9f154b450de@group-2FABE92B7E5B-LeaderElection154: begin an election at term 157 for -1: [c58a0a02-acd3-47c8-b3e9-5b8e0493de45:192.168.157.254:33611, 1360619e-ba1e-4bf9-aec1-9f15b5480b27:192.168.157.254:45658, b88b3e43-5534-49b3-b3f2-a9f154b450de:192.168.157.254:46786], old=null
2019-10-21 23:46:40,636 [grpc-default-executor-2] INFO  impl.RaftServerImpl (RaftServerImpl.java:setRole(184)) - 1360619e-ba1e-4bf9-aec1-9f15b5480b27@group-2FABE92B7E5B: changes role from  FOLLOWER to FOLLOWER at term 157 for recognizeCandidate:b88b3e43-5534-49b3-b3f2-a9f154b450de
2019-10-21 23:46:40,636 [grpc-default-executor-2] INFO  impl.RoleInfo (RoleInfo.java:shutdownFollowerState(121)) - 1360619e-ba1e-4bf9-aec1-9f15b5480b27: shutdown FollowerState
2019-10-21 23:46:40,636 [grpc-default-executor-0] INFO  impl.RaftServerImpl (RaftServerImpl.java:setRole(184)) - c58a0a02-acd3-47c8-b3e9-5b8e0493de45@group-2FABE92B7E5B: changes role from  FOLLOWER to FOLLOWER at term 157 for recognizeCandidate:b88b3e43-5534-49b3-b3f2-a9f154b450de
2019-10-21 23:46:40,636 [grpc-default-executor-0] INFO  impl.RoleInfo (RoleInfo.java:shutdownFollowerState(121)) - c58a0a02-acd3-47c8-b3e9-5b8e0493de45: shutdown FollowerState
2019-10-21 23:46:40,636 [Thread-1205] INFO  impl.FollowerState (FollowerState.java:run(117)) - 1360619e-ba1e-4bf9-aec1-9f15b5480b27@group-2FABE92B7E5B-FollowerState was interrupted: java.lang.InterruptedException: sleep interrupted
2019-10-21 23:46:40,636 [grpc-default-executor-2] INFO  impl.RoleInfo (RoleInfo.java:updateAndGet(143)) - 1360619e-ba1e-4bf9-aec1-9f15b5480b27: start FollowerState
2019-10-21 23:46:40,637 [grpc-default-executor-0] INFO  impl.RoleInfo (RoleInfo.java:updateAndGet(143)) - c58a0a02-acd3-47c8-b3e9-5b8e0493de45: start FollowerState
2019-10-21 23:46:40,637 [Thread-1206] INFO  impl.FollowerState (FollowerState.java:run(117)) - c58a0a02-acd3-47c8-b3e9-5b8e0493de45@group-2FABE92B7E5B-FollowerState was interrupted: java.lang.InterruptedException: sleep interrupted
2019-10-21 23:46:40,651 [b88b3e43-5534-49b3-b3f2-a9f154b450de@group-2FABE92B7E5B-LeaderElection154] INFO  impl.LeaderElection (LeaderElection.java:logAndReturn(56)) - b88b3e43-5534-49b3-b3f2-a9f154b450de@group-2FABE92B7E5B-LeaderElection154: Election REJECTED; received 2 response(s) [b88b3e43-5534-49b3-b3f2-a9f154b450de<-c58a0a02-acd3-47c8-b3e9-5b8e0493de45#0:FAIL-t157, b88b3e43-5534-49b3-b3f2-a9f154b450de<-1360619e-ba1e-4bf9-aec1-9f15b5480b27#0:FAIL-t157] and 0 exception(s); b88b3e43-5534-49b3-b3f2-a9f154b450de@group-2FABE92B7E5B:t157, leader=null, voted=b88b3e43-5534-49b3-b3f2-a9f154b450de, raftlog=b88b3e43-5534-49b3-b3f2-a9f154b450de@group-2FABE92B7E5B-SegmentedRaftLog:OPENED:c-1,f-1,i0, conf=-1: [c58a0a02-acd3-47c8-b3e9-5b8e0493de45:192.168.157.254:33611, 1360619e-ba1e-4bf9-aec1-9f15b5480b27:192.168.157.254:45658, b88b3e43-5534-49b3-b3f2-a9f154b450de:192.168.157.254:46786], old=null
2019-10-21 23:46:40,652 [b88b3e43-5534-49b3-b3f2-a9f154b450de@group-2FABE92B7E5B-LeaderElection154] INFO  impl.RaftServerImpl (RaftServerImpl.java:setRole(184)) - b88b3e43-5534-49b3-b3f2-a9f154b450de@group-2FABE92B7E5B: changes role from CANDIDATE to FOLLOWER at term 157 for DISCOVERED_A_NEW_TERM
2019-10-21 23:46:40,652 [b88b3e43-5534-49b3-b3f2-a9f154b450de@group-2FABE92B7E5B-LeaderElection154] INFO  impl.RoleInfo (RoleInfo.java:shutdownLeaderElection(134)) - b88b3e43-5534-49b3-b3f2-a9f154b450de: shutdown LeaderElection
2019-10-21 23:46:40,652 [b88b3e43-5534-49b3-b3f2-a9f154b450de@group-2FABE92B7E5B-LeaderElection154] INFO  impl.RoleInfo (RoleInfo.java:updateAndGet(143)) - b88b3e43-5534-49b3-b3f2-a9f154b450de: start FollowerState
2019-10-21 23:46:40,669 [Thread-1213] INFO  impl.FollowerState (FollowerState.java:run(108)) - b88b3e43-5534-49b3-b3f2-a9f154b450de@group-2FABE92B7E5B-FollowerState: change to CANDIDATE, lastRpcTime:17ms, electionTimeout:17ms
2019-10-21 23:46:40,669 [Thread-1213] INFO  impl.RoleInfo (RoleInfo.java:shutdownFollowerState(121)) - b88b3e43-5534-49b3-b3f2-a9f154b450de: shutdown FollowerState
2019-10-21 23:46:40,669 [Thread-1213] INFO  impl.RaftServerImpl (RaftServerImpl.java:setRole(184)) - b88b3e43-5534-49b3-b3f2-a9f154b450de@group-2FABE92B7E5B: changes role from  FOLLOWER to CANDIDATE at term 157 for changeToCandidate
2019-10-21 23:46:40,670 [Thread-1213] INFO  impl.RoleInfo (RoleInfo.java:updateAndGet(143)) - b88b3e43-5534-49b3-b3f2-a9f154b450de: start LeaderElection
2019-10-21 23:46:40,683 [b88b3e43-5534-49b3-b3f2-a9f154b450de@group-2FABE92B7E5B-LeaderElection155] INFO  impl.LeaderElection (LeaderElection.java:askForVotes(178)) - b88b3e43-5534-49b3-b3f2-a9f154b450de@group-2FABE92B7E5B-LeaderElection155: begin an election at term 158 for -1: [c58a0a02-acd3-47c8-b3e9-5b8e0493de45:192.168.157.254:33611, 1360619e-ba1e-4bf9-aec1-9f15b5480b27:192.168.157.254:45658, b88b3e43-5534-49b3-b3f2-a9f154b450de:192.168.157.254:46786], old=null
2019-10-21 23:46:40,685 [grpc-default-executor-2] INFO  impl.RaftServerImpl (RaftServerImpl.java:setRole(184)) - 1360619e-ba1e-4bf9-aec1-9f15b5480b27@group-2FABE92B7E5B: changes role from  FOLLOWER to FOLLOWER at term 158 for recognizeCandidate:b88b3e43-5534-49b3-b3f2-a9f154b450de
2019-10-21 23:46:40,685 [grpc-default-executor-2] INFO  impl.RoleInfo (RoleInfo.java:shutdownFollowerState(121)) - 1360619e-ba1e-4bf9-aec1-9f15b5480b27: shutdown FollowerState
2019-10-21 23:46:40,686 [grpc-default-executor-0] INFO  impl.RaftServerImpl (RaftServerImpl.java:setRole(184)) - c58a0a02-acd3-47c8-b3e9-5b8e0493de45@group-2FABE92B7E5B: changes role from  FOLLOWER to FOLLOWER at term 158 for recognizeCandidate:b88b3e43-5534-49b3-b3f2-a9f154b450de
2019-10-21 23:46:40,686 [grpc-default-executor-2] INFO  impl.RoleInfo (RoleInfo.java:updateAndGet(143)) - 1360619e-ba1e-4bf9-aec1-9f15b5480b27: start FollowerState
2019-10-21 23:46:40,686 [Thread-1211] INFO  impl.FollowerState (FollowerState.java:run(117)) - 1360619e-ba1e-4bf9-aec1-9f15b5480b27@group-2FABE92B7E5B-FollowerState was interrupted: java.lang.InterruptedException: sleep interrupted
2019-10-21 23:46:40,686 [grpc-default-executor-0] INFO  impl.RoleInfo (RoleInfo.java:shutdownFollowerState(121)) - c58a0a02-acd3-47c8-b3e9-5b8e0493de45: shutdown FollowerState
2019-10-21 23:46:40,686 [grpc-default-executor-0] INFO  impl.RoleInfo (RoleInfo.java:updateAndGet(143)) - c58a0a02-acd3-47c8-b3e9-5b8e0493de45: start FollowerState
2019-10-21 23:46:40,686 [Thread-1212] INFO  impl.FollowerState (FollowerState.java:run(117)) - c58a0a02-acd3-47c8-b3e9-5b8e0493de45@group-2FABE92B7E5B-FollowerState was interrupted: java.lang.InterruptedException: sleep interrupted
2019-10-21 23:46:40,701 [b88b3e43-5534-49b3-b3f2-a9f154b450de@group-2FABE92B7E5B-LeaderElection155] INFO  impl.LeaderElection (LeaderElection.java:logAndReturn(56)) - b88b3e43-5534-49b3-b3f2-a9f154b450de@group-2FABE92B7E5B-LeaderElection155: Election REJECTED; received 2 response(s) [b88b3e43-5534-49b3-b3f2-a9f154b450de<-c58a0a02-acd3-47c8-b3e9-5b8e0493de45#0:FAIL-t158, b88b3e43-5534-49b3-b3f2-a9f154b450de<-1360619e-ba1e-4bf9-aec1-9f15b5480b27#0:FAIL-t158] and 0 exception(s); b88b3e43-5534-49b3-b3f2-a9f154b450de@group-2FABE92B7E5B:t158, leader=null, voted=b88b3e43-5534-49b3-b3f2-a9f154b450de, raftlog=b88b3e43-5534-49b3-b3f2-a9f154b450de@group-2FABE92B7E5B-SegmentedRaftLog:OPENED:c-1,f-1,i0, conf=-1: [c58a0a02-acd3-47c8-b3e9-5b8e0493de45:192.168.157.254:33611, 1360619e-ba1e-4bf9-aec1-9f15b5480b27:192.168.157.254:45658, b88b3e43-5534-49b3-b3f2-a9f154b450de:192.168.157.254:46786], old=null
2019-10-21 23:46:40,701 [b88b3e43-5534-49b3-b3f2-a9f154b450de@group-2FABE92B7E5B-LeaderElection155] INFO  impl.RaftServerImpl (RaftServerImpl.java:setRole(184)) - b88b3e43-5534-49b3-b3f2-a9f154b450de@group-2FABE92B7E5B: changes role from CANDIDATE to FOLLOWER at term 158 for DISCOVERED_A_NEW_TERM
2019-10-21 23:46:40,701 [b88b3e43-5534-49b3-b3f2-a9f154b450de@group-2FABE92B7E5B-LeaderElection155] INFO  impl.RoleInfo (RoleInfo.java:shutdownLeaderElection(134)) - b88b3e43-5534-49b3-b3f2-a9f154b450de: shutdown LeaderElection
2019-10-21 23:46:40,701 [b88b3e43-5534-49b3-b3f2-a9f154b450de@group-2FABE92B7E5B-LeaderElection155] INFO  impl.RoleInfo (RoleInfo.java:updateAndGet(143)) - b88b3e43-5534-49b3-b3f2-a9f154b450de: start FollowerState
2019-10-21 23:46:40,721 [Thread-1219] INFO  impl.FollowerState (FollowerState.java:run(108)) - b88b3e43-5534-49b3-b3f2-a9f154b450de@group-2FABE92B7E5B-FollowerState: change to CANDIDATE, lastRpcTime:19ms, electionTimeout:19ms
2019-10-21 23:46:40,721 [Thread-1219] INFO  impl.RoleInfo (RoleInfo.java:shutdownFollowerState(121)) - b88b3e43-5534-49b3-b3f2-a9f154b450de: shutdown FollowerState
2019-10-21 23:46:40,721 [Thread-1219] INFO  impl.RaftServerImpl (RaftServerImpl.java:setRole(184)) - b88b3e43-5534-49b3-b3f2-a9f154b450de@group-2FABE92B7E5B: changes role from  FOLLOWER to CANDIDATE at term 158 for changeToCandidate
2019-10-21 23:46:40,721 [Thread-1219] INFO  impl.RoleInfo (RoleInfo.java:updateAndGet(143)) - b88b3e43-5534-49b3-b3f2-a9f154b450de: start LeaderElection
2019-10-21 23:46:40,735 [b88b3e43-5534-49b3-b3f2-a9f154b450de@group-2FABE92B7E5B-LeaderElection156] INFO  impl.LeaderElection (LeaderElection.java:askForVotes(178)) - b88b3e43-5534-49b3-b3f2-a9f154b450de@group-2FABE92B7E5B-LeaderElection156: begin an election at term 159 for -1: [c58a0a02-acd3-47c8-b3e9-5b8e0493de45:192.168.157.254:33611, 1360619e-ba1e-4bf9-aec1-9f15b5480b27:192.168.157.254:45658, b88b3e43-5534-49b3-b3f2-a9f154b450de:192.168.157.254:46786], old=null
2019-10-21 23:46:40,736 [grpc-default-executor-2] INFO  impl.RaftServerImpl (RaftServerImpl.java:setRole(184)) - c58a0a02-acd3-47c8-b3e9-5b8e0493de45@group-2FABE92B7E5B: changes role from  FOLLOWER to FOLLOWER at term 159 for recognizeCandidate:b88b3e43-5534-49b3-b3f2-a9f154b450de
2019-10-21 23:46:40,736 [grpc-default-executor-2] INFO  impl.RoleInfo (RoleInfo.java:shutdownFollowerState(121)) - c58a0a02-acd3-47c8-b3e9-5b8e0493de45: shutdown FollowerState
2019-10-21 23:46:40,736 [grpc-default-executor-2] INFO  impl.RoleInfo (RoleInfo.java:updateAndGet(143)) - c58a0a02-acd3-47c8-b3e9-5b8e0493de45: start FollowerState
2019-10-21 23:46:40,736 [Thread-1218] INFO  impl.FollowerState (FollowerState.java:run(117)) - c58a0a02-acd3-47c8-b3e9-5b8e0493de45@group-2FABE92B7E5B-FollowerState was interrupted: java.lang.InterruptedException: sleep interrupted
2019-10-21 23:46:40,737 [grpc-default-executor-0] INFO  impl.RaftServerImpl (RaftServerImpl.java:setRole(184)) - 1360619e-ba1e-4bf9-aec1-9f15b5480b27@group-2FABE92B7E5B: changes role from  FOLLOWER to FOLLOWER at term 159 for recognizeCandidate:b88b3e43-5534-49b3-b3f2-a9f154b450de
2019-10-21 23:46:40,737 [grpc-default-executor-0] INFO  impl.RoleInfo (RoleInfo.java:shutdownFollowerState(121)) - 1360619e-ba1e-4bf9-aec1-9f15b5480b27: shutdown FollowerState
2019-10-21 23:46:40,737 [grpc-default-executor-0] INFO  impl.RoleInfo (RoleInfo.java:updateAndGet(143)) - 1360619e-ba1e-4bf9-aec1-9f15b5480b27: start FollowerState
2019-10-21 23:46:40,737 [Thread-1217] INFO  impl.FollowerState (FollowerState.java:run(117)) - 1360619e-ba1e-4bf9-aec1-9f15b5480b27@group-2FABE92B7E5B-FollowerState was interrupted: java.lang.InterruptedException: sleep interrupted
2019-10-21 23:46:40,751 [b88b3e43-5534-49b3-b3f2-a9f154b450de@group-2FABE92B7E5B-LeaderElection156] INFO  impl.LeaderElection (LeaderElection.java:logAndReturn(56)) - b88b3e43-5534-49b3-b3f2-a9f154b450de@group-2FABE92B7E5B-LeaderElection156: Election REJECTED; received 2 response(s) [b88b3e43-5534-49b3-b3f2-a9f154b450de<-c58a0a02-acd3-47c8-b3e9-5b8e0493de45#0:FAIL-t159, b88b3e43-5534-49b3-b3f2-a9f154b450de<-1360619e-ba1e-4bf9-aec1-9f15b5480b27#0:FAIL-t159] and 0 exception(s); b88b3e43-5534-49b3-b3f2-a9f154b450de@group-2FABE92B7E5B:t159, leader=null, voted=b88b3e43-5534-49b3-b3f2-a9f154b450de, raftlog=b88b3e43-5534-49b3-b3f2-a9f154b450de@group-2FABE92B7E5B-SegmentedRaftLog:OPENED:c-1,f-1,i0, conf=-1: [c58a0a02-acd3-47c8-b3e9-5b8e0493de45:192.168.157.254:33611, 1360619e-ba1e-4bf9-aec1-9f15b5480b27:192.168.157.254:45658, b88b3e43-5534-49b3-b3f2-a9f154b450de:192.168.157.254:46786], old=null
2019-10-21 23:46:40,751 [b88b3e43-5534-49b3-b3f2-a9f154b450de@group-2FABE92B7E5B-LeaderElection156] INFO  impl.RaftServerImpl (RaftServerImpl.java:setRole(184)) - b88b3e43-5534-49b3-b3f2-a9f154b450de@group-2FABE92B7E5B: changes role from CANDIDATE to FOLLOWER at term 159 for DISCOVERED_A_NEW_TERM
2019-10-21 23:46:40,751 [b88b3e43-5534-49b3-b3f2-a9f154b450de@group-2FABE92B7E5B-LeaderElection156] INFO  impl.RoleInfo (RoleInfo.java:shutdownLeaderElection(134)) - b88b3e43-5534-49b3-b3f2-a9f154b450de: shutdown LeaderElection
2019-10-21 23:46:40,752 [b88b3e43-5534-49b3-b3f2-a9f154b450de@group-2FABE92B7E5B-LeaderElection156] INFO  impl.RoleInfo (RoleInfo.java:updateAndGet(143)) - b88b3e43-5534-49b3-b3f2-a9f154b450de: start FollowerState
2019-10-21 23:46:40,948 [Thread-1225] INFO  impl.FollowerState (FollowerState.java:run(108)) - b88b3e43-5534-49b3-b3f2-a9f154b450de@group-2FABE92B7E5B-FollowerState: change to CANDIDATE, lastRpcTime:196ms, electionTimeout:196ms
2019-10-21 23:46:40,948 [Thread-1225] INFO  impl.RoleInfo (RoleInfo.java:shutdownFollowerState(121)) - b88b3e43-5534-49b3-b3f2-a9f154b450de: shutdown FollowerState
2019-10-21 23:46:40,948 [Thread-1225] INFO  impl.RaftServerImpl (RaftServerImpl.java:setRole(184)) - b88b3e43-5534-49b3-b3f2-a9f154b450de@group-2FABE92B7E5B: changes role from  FOLLOWER to CANDIDATE at term 159 for changeToCandidate
2019-10-21 23:46:40,948 [Thread-1225] INFO  impl.RoleInfo (RoleInfo.java:updateAndGet(143)) - b88b3e43-5534-49b3-b3f2-a9f154b450de: start LeaderElection
2019-10-21 23:46:40,963 [b88b3e43-5534-49b3-b3f2-a9f154b450de@group-2FABE92B7E5B-LeaderElection157] INFO  impl.LeaderElection (LeaderElection.java:askForVotes(178)) - b88b3e43-5534-49b3-b3f2-a9f154b450de@group-2FABE92B7E5B-LeaderElection157: begin an election at term 160 for -1: [c58a0a02-acd3-47c8-b3e9-5b8e0493de45:192.168.157.254:33611, 1360619e-ba1e-4bf9-aec1-9f15b5480b27:192.168.157.254:45658, b88b3e43-5534-49b3-b3f2-a9f154b450de:192.168.157.254:46786], old=null
2019-10-21 23:46:40,965 [grpc-default-executor-2] INFO  impl.RaftServerImpl (RaftServerImpl.java:setRole(184)) - 1360619e-ba1e-4bf9-aec1-9f15b5480b27@group-2FABE92B7E5B: changes role from  FOLLOWER to FOLLOWER at term 160 for recognizeCandidate:b88b3e43-5534-49b3-b3f2-a9f154b450de
2019-10-21 23:46:40,966 [grpc-default-executor-2] INFO  impl.RoleInfo (RoleInfo.java:shutdownFollowerState(121)) - 1360619e-ba1e-4bf9-aec1-9f15b5480b27: shutdown FollowerState
2019-10-21 23:46:40,965 [grpc-default-executor-0] INFO  impl.RaftServerImpl (RaftServerImpl.java:setRole(184)) - c58a0a02-acd3-47c8-b3e9-5b8e0493de45@group-2FABE92B7E5B: changes role from  FOLLOWER to FOLLOWER at term 160 for recognizeCandidate:b88b3e43-5534-49b3-b3f2-a9f154b450de
2019-10-21 23:46:40,966 [Thread-1224] INFO  impl.FollowerState (FollowerState.java:run(117)) - 1360619e-ba1e-4bf9-aec1-9f15b5480b27@group-2FABE92B7E5B-FollowerState was interrupted: java.lang.InterruptedException: sleep interrupted
2019-10-21 23:46:40,966 [grpc-default-executor-2] INFO  impl.RoleInfo (RoleInfo.java:updateAndGet(143)) - 1360619e-ba1e-4bf9-aec1-9f15b5480b27: start FollowerState
2019-10-21 23:46:40,966 [grpc-default-executor-0] INFO  impl.RoleInfo (RoleInfo.java:shutdownFollowerState(121)) - c58a0a02-acd3-47c8-b3e9-5b8e0493de45: shutdown FollowerState
2019-10-21 23:46:40,966 [grpc-default-executor-0] INFO  impl.RoleInfo (RoleInfo.java:updateAndGet(143)) - c58a0a02-acd3-47c8-b3e9-5b8e0493de45: start FollowerState
2019-10-21 23:46:40,966 [Thread-1223] INFO  impl.FollowerState (FollowerState.java:run(117)) - c58a0a02-acd3-47c8-b3e9-5b8e0493de45@group-2FABE92B7E5B-FollowerState was interrupted: java.lang.InterruptedException: sleep interrupted
2019-10-21 23:46:40,981 [b88b3e43-5534-49b3-b3f2-a9f154b450de@group-2FABE92B7E5B-LeaderElection157] INFO  impl.LeaderElection (LeaderElection.java:logAndReturn(56)) - b88b3e43-5534-49b3-b3f2-a9f154b450de@group-2FABE92B7E5B-LeaderElection157: Election REJECTED; received 2 response(s) [b88b3e43-5534-49b3-b3f2-a9f154b450de<-c58a0a02-acd3-47c8-b3e9-5b8e0493de45#0:FAIL-t160, b88b3e43-5534-49b3-b3f2-a9f154b450de<-1360619e-ba1e-4bf9-aec1-9f15b5480b27#0:FAIL-t160] and 0 exception(s); b88b3e43-5534-49b3-b3f2-a9f154b450de@group-2FABE92B7E5B:t160, leader=null, voted=b88b3e43-5534-49b3-b3f2-a9f154b450de, raftlog=b88b3e43-5534-49b3-b3f2-a9f154b450de@group-2FABE92B7E5B-SegmentedRaftLog:OPENED:c-1,f-1,i0, conf=-1: [c58a0a02-acd3-47c8-b3e9-5b8e0493de45:192.168.157.254:33611, 1360619e-ba1e-4bf9-aec1-9f15b5480b27:192.168.157.254:45658, b88b3e43-5534-49b3-b3f2-a9f154b450de:192.168.157.254:46786], old=null
2019-10-21 23:46:40,981 [b88b3e43-5534-49b3-b3f2-a9f154b450de@group-2FABE92B7E5B-LeaderElection157] INFO  impl.RaftServerImpl (RaftServerImpl.java:setRole(184)) - b88b3e43-5534-49b3-b3f2-a9f154b450de@group-2FABE92B7E5B: changes role from CANDIDATE to FOLLOWER at term 160 for DISCOVERED_A_NEW_TERM
2019-10-21 23:46:40,982 [b88b3e43-5534-49b3-b3f2-a9f154b450de@group-2FABE92B7E5B-LeaderElection157] INFO  impl.RoleInfo (RoleInfo.java:shutdownLeaderElection(134)) - b88b3e43-5534-49b3-b3f2-a9f154b450de: shutdown LeaderElection
2019-10-21 23:46:40,982 [b88b3e43-5534-49b3-b3f2-a9f154b450de@group-2FABE92B7E5B-LeaderElection157] INFO  impl.RoleInfo (RoleInfo.java:updateAndGet(143)) - b88b3e43-5534-49b3-b3f2-a9f154b450de: start FollowerState
2019-10-21 23:46:40,982 [Thread-1233] INFO  impl.FollowerState (FollowerState.java:run(108)) - b88b3e43-5534-49b3-b3f2-a9f154b450de@group-2FABE92B7E5B-FollowerState: change to CANDIDATE, lastRpcTime:0ms, electionTimeout:0ms
2019-10-21 23:46:40,982 [Thread-1233] INFO  impl.RoleInfo (RoleInfo.java:shutdownFollowerState(121)) - b88b3e43-5534-49b3-b3f2-a9f154b450de: shutdown FollowerState
2019-10-21 23:46:40,982 [Thread-1233] INFO  impl.RaftServerImpl (RaftServerImpl.java:setRole(184)) - b88b3e43-5534-49b3-b3f2-a9f154b450de@group-2FABE92B7E5B: changes role from  FOLLOWER to CANDIDATE at term 160 for changeToCandidate
2019-10-21 23:46:40,982 [Thread-1233] INFO  impl.RoleInfo (RoleInfo.java:updateAndGet(143)) - b88b3e43-5534-49b3-b3f2-a9f154b450de: start LeaderElection
2019-10-21 23:46:40,996 [b88b3e43-5534-49b3-b3f2-a9f154b450de@group-2FABE92B7E5B-LeaderElection158] INFO  impl.LeaderElection (LeaderElection.java:askForVotes(178)) - b88b3e43-5534-49b3-b3f2-a9f154b450de@group-2FABE92B7E5B-LeaderElection158: begin an election at term 161 for -1: [c58a0a02-acd3-47c8-b3e9-5b8e0493de45:192.168.157.254:33611, 1360619e-ba1e-4bf9-aec1-9f15b5480b27:192.168.157.254:45658, b88b3e43-5534-49b3-b3f2-a9f154b450de:192.168.157.254:46786], old=null
2019-10-21 23:46:40,998 [grpc-default-executor-0] INFO  impl.RaftServerImpl (RaftServerImpl.java:setRole(184)) - c58a0a02-acd3-47c8-b3e9-5b8e0493de45@group-2FABE92B7E5B: changes role from  FOLLOWER to FOLLOWER at term 161 for recognizeCandidate:b88b3e43-5534-49b3-b3f2-a9f154b450de
2019-10-21 23:46:40,998 [grpc-default-executor-2] INFO  impl.RaftServerImpl (RaftServerImpl.java:setRole(184)) - 1360619e-ba1e-4bf9-aec1-9f15b5480b27@group-2FABE92B7E5B: changes role from  FOLLOWER to FOLLOWER at term 161 for recognizeCandidate:b88b3e43-5534-49b3-b3f2-a9f154b450de
2019-10-21 23:46:40,998 [grpc-default-executor-0] INFO  impl.RoleInfo (RoleInfo.java:shutdownFollowerState(121)) - c58a0a02-acd3-47c8-b3e9-5b8e0493de45: shutdown FollowerState
2019-10-21 23:46:40,998 [grpc-default-executor-2] INFO  impl.RoleInfo (RoleInfo.java:shutdownFollowerState(121)) - 1360619e-ba1e-4bf9-aec1-9f15b5480b27: shutdown FollowerState
2019-10-21 23:46:40,998 [Thread-1232] INFO  impl.FollowerState (FollowerState.java:run(117)) - c58a0a02-acd3-47c8-b3e9-5b8e0493de45@group-2FABE92B7E5B-FollowerState was interrupted: java.lang.InterruptedException: sleep interrupted
2019-10-21 23:46:40,998 [grpc-default-executor-0] INFO  impl.RoleInfo (RoleInfo.java:updateAndGet(143)) - c58a0a02-acd3-47c8-b3e9-5b8e0493de45: start FollowerState
2019-10-21 23:46:40,999 [Thread-1231] INFO  impl.FollowerState (FollowerState.java:run(117)) - 1360619e-ba1e-4bf9-aec1-9f15b5480b27@group-2FABE92B7E5B-FollowerState was interrupted: java.lang.InterruptedException: sleep interrupted
2019-10-21 23:46:40,998 [grpc-default-executor-2] INFO  impl.RoleInfo (RoleInfo.java:updateAndGet(143)) - 1360619e-ba1e-4bf9-aec1-9f15b5480b27: start FollowerState
2019-10-21 23:46:41,013 [b88b3e43-5534-49b3-b3f2-a9f154b450de@group-2FABE92B7E5B-LeaderElection158] INFO  impl.LeaderElection (LeaderElection.java:logAndReturn(56)) - b88b3e43-5534-49b3-b3f2-a9f154b450de@group-2FABE92B7E5B-LeaderElection158: Election REJECTED; received 2 response(s) [b88b3e43-5534-49b3-b3f2-a9f154b450de<-c58a0a02-acd3-47c8-b3e9-5b8e0493de45#0:FAIL-t161, b88b3e43-5534-49b3-b3f2-a9f154b450de<-1360619e-ba1e-4bf9-aec1-9f15b5480b27#0:FAIL-t161] and 0 exception(s); b88b3e43-5534-49b3-b3f2-a9f154b450de@group-2FABE92B7E5B:t161, leader=null, voted=b88b3e43-5534-49b3-b3f2-a9f154b450de, raftlog=b88b3e43-5534-49b3-b3f2-a9f154b450de@group-2FABE92B7E5B-SegmentedRaftLog:OPENED:c-1,f-1,i0, conf=-1: [c58a0a02-acd3-47c8-b3e9-5b8e0493de45:192.168.157.254:33611, 1360619e-ba1e-4bf9-aec1-9f15b5480b27:192.168.157.254:45658, b88b3e43-5534-49b3-b3f2-a9f154b450de:192.168.157.254:46786], old=null
2019-10-21 23:46:41,013 [b88b3e43-5534-49b3-b3f2-a9f154b450de@group-2FABE92B7E5B-LeaderElection158] INFO  impl.RaftServerImpl (RaftServerImpl.java:setRole(184)) - b88b3e43-5534-49b3-b3f2-a9f154b450de@group-2FABE92B7E5B: changes role from CANDIDATE to FOLLOWER at term 161 for DISCOVERED_A_NEW_TERM
2019-10-21 23:46:41,013 [b88b3e43-5534-49b3-b3f2-a9f154b450de@group-2FABE92B7E5B-LeaderElection158] INFO  impl.RoleInfo (RoleInfo.java:shutdownLeaderElection(134)) - b88b3e43-5534-49b3-b3f2-a9f154b450de: shutdown LeaderElection
2019-10-21 23:46:41,014 [b88b3e43-5534-49b3-b3f2-a9f154b450de@group-2FABE92B7E5B-LeaderElection158] INFO  impl.RoleInfo (RoleInfo.java:updateAndGet(143)) - b88b3e43-5534-49b3-b3f2-a9f154b450de: start FollowerState
2019-10-21 23:46:41,081 [Thread-1239] INFO  impl.FollowerState (FollowerState.java:run(108)) - b88b3e43-5534-49b3-b3f2-a9f154b450de@group-2FABE92B7E5B-FollowerState: change to CANDIDATE, lastRpcTime:67ms, electionTimeout:67ms
2019-10-21 23:46:41,081 [Thread-1239] INFO  impl.RoleInfo (RoleInfo.java:shutdownFollowerState(121)) - b88b3e43-5534-49b3-b3f2-a9f154b450de: shutdown FollowerState
2019-10-21 23:46:41,081 [Thread-1239] INFO  impl.RaftServerImpl (RaftServerImpl.java:setRole(184)) - b88b3e43-5534-49b3-b3f2-a9f154b450de@group-2FABE92B7E5B: changes role from  FOLLOWER to CANDIDATE at term 161 for changeToCandidate
2019-10-21 23:46:41,081 [Thread-1239] INFO  impl.RoleInfo (RoleInfo.java:updateAndGet(143)) - b88b3e43-5534-49b3-b3f2-a9f154b450de: start LeaderElection
2019-10-21 23:46:41,095 [b88b3e43-5534-49b3-b3f2-a9f154b450de@group-2FABE92B7E5B-LeaderElection159] INFO  impl.LeaderElection (LeaderElection.java:askForVotes(178)) - b88b3e43-5534-49b3-b3f2-a9f154b450de@group-2FABE92B7E5B-LeaderElection159: begin an election at term 162 for -1: [c58a0a02-acd3-47c8-b3e9-5b8e0493de45:192.168.157.254:33611, 1360619e-ba1e-4bf9-aec1-9f15b5480b27:192.168.157.254:45658, b88b3e43-5534-49b3-b3f2-a9f154b450de:192.168.157.254:46786], old=null
2019-10-21 23:46:41,097 [grpc-default-executor-0] INFO  impl.RaftServerImpl (RaftServerImpl.java:setRole(184)) - c58a0a02-acd3-47c8-b3e9-5b8e0493de45@group-2FABE92B7E5B: changes role from  FOLLOWER to FOLLOWER at term 162 for recognizeCandidate:b88b3e43-5534-49b3-b3f2-a9f154b450de
2019-10-21 23:46:41,097 [grpc-default-executor-2] INFO  impl.RaftServerImpl (RaftServerImpl.java:setRole(184)) - 1360619e-ba1e-4bf9-aec1-9f15b5480b27@group-2FABE92B7E5B: changes role from  FOLLOWER to FOLLOWER at term 162 for recognizeCandidate:b88b3e43-5534-49b3-b3f2-a9f154b450de
2019-10-21 23:46:41,098 [grpc-default-executor-0] INFO  impl.RoleInfo (RoleInfo.java:shutdownFollowerState(121)) - c58a0a02-acd3-47c8-b3e9-5b8e0493de45: shutdown FollowerState
2019-10-21 23:46:41,098 [grpc-default-executor-2] INFO  impl.RoleInfo (RoleInfo.java:shutdownFollowerState(121)) - 1360619e-ba1e-4bf9-aec1-9f15b5480b27: shutdown FollowerState
2019-10-21 23:46:41,098 [Thread-1237] INFO  impl.FollowerState (FollowerState.java:run(117)) - c58a0a02-acd3-47c8-b3e9-5b8e0493de45@group-2FABE92B7E5B-FollowerState was interrupted: java.lang.InterruptedException: sleep interrupted
2019-10-21 23:46:41,098 [grpc-default-executor-0] INFO  impl.RoleInfo (RoleInfo.java:updateAndGet(143)) - c58a0a02-acd3-47c8-b3e9-5b8e0493de45: start FollowerState
2019-10-21 23:46:41,098 [Thread-1238] INFO  impl.FollowerState (FollowerState.java:run(117)) - 1360619e-ba1e-4bf9-aec1-9f15b5480b27@group-2FABE92B7E5B-FollowerState was interrupted: java.lang.InterruptedException: sleep interrupted
2019-10-21 23:46:41,098 [grpc-default-executor-2] INFO  impl.RoleInfo (RoleInfo.java:updateAndGet(143)) - 1360619e-ba1e-4bf9-aec1-9f15b5480b27: start FollowerState
2019-10-21 23:46:41,113 [b88b3e43-5534-49b3-b3f2-a9f154b450de@group-2FABE92B7E5B-LeaderElection159] INFO  impl.LeaderElection (LeaderElection.java:logAndReturn(56)) - b88b3e43-5534-49b3-b3f2-a9f154b450de@group-2FABE92B7E5B-LeaderElection159: Election REJECTED; received 2 response(s) [b88b3e43-5534-49b3-b3f2-a9f154b450de<-c58a0a02-acd3-47c8-b3e9-5b8e0493de45#0:FAIL-t162, b88b3e43-5534-49b3-b3f2-a9f154b450de<-1360619e-ba1e-4bf9-aec1-9f15b5480b27#0:FAIL-t162] and 0 exception(s); b88b3e43-5534-49b3-b3f2-a9f154b450de@group-2FABE92B7E5B:t162, leader=null, voted=b88b3e43-5534-49b3-b3f2-a9f154b450de, raftlog=b88b3e43-5534-49b3-b3f2-a9f154b450de@group-2FABE92B7E5B-SegmentedRaftLog:OPENED:c-1,f-1,i0, conf=-1: [c58a0a02-acd3-47c8-b3e9-5b8e0493de45:192.168.157.254:33611, 1360619e-ba1e-4bf9-aec1-9f15b5480b27:192.168.157.254:45658, b88b3e43-5534-49b3-b3f2-a9f154b450de:192.168.157.254:46786], old=null
2019-10-21 23:46:41,113 [b88b3e43-5534-49b3-b3f2-a9f154b450de@group-2FABE92B7E5B-LeaderElection159] INFO  impl.RaftServerImpl (RaftServerImpl.java:setRole(184)) - b88b3e43-5534-49b3-b3f2-a9f154b450de@group-2FABE92B7E5B: changes role from CANDIDATE to FOLLOWER at term 162 for DISCOVERED_A_NEW_TERM
2019-10-21 23:46:41,113 [b88b3e43-5534-49b3-b3f2-a9f154b450de@group-2FABE92B7E5B-LeaderElection159] INFO  impl.RoleInfo (RoleInfo.java:shutdownLeaderElection(134)) - b88b3e43-5534-49b3-b3f2-a9f154b450de: shutdown LeaderElection
2019-10-21 23:46:41,113 [b88b3e43-5534-49b3-b3f2-a9f154b450de@group-2FABE92B7E5B-LeaderElection159] INFO  impl.RoleInfo (RoleInfo.java:updateAndGet(143)) - b88b3e43-5534-49b3-b3f2-a9f154b450de: start FollowerState
2019-10-21 23:46:41,164 [Thread-1245] INFO  impl.FollowerState (FollowerState.java:run(108)) - b88b3e43-5534-49b3-b3f2-a9f154b450de@group-2FABE92B7E5B-FollowerState: change to CANDIDATE, lastRpcTime:51ms, electionTimeout:51ms
2019-10-21 23:46:41,165 [Thread-1245] INFO  impl.RoleInfo (RoleInfo.java:shutdownFollowerState(121)) - b88b3e43-5534-49b3-b3f2-a9f154b450de: shutdown FollowerState
2019-10-21 23:46:41,165 [Thread-1245] INFO  impl.RaftServerImpl (RaftServerImpl.java:setRole(184)) - b88b3e43-5534-49b3-b3f2-a9f154b450de@group-2FABE92B7E5B: changes role from  FOLLOWER to CANDIDATE at term 162 for changeToCandidate
2019-10-21 23:46:41,165 [Thread-1245] INFO  impl.RoleInfo (RoleInfo.java:updateAndGet(143)) - b88b3e43-5534-49b3-b3f2-a9f154b450de: start LeaderElection
2019-10-21 23:46:41,178 [b88b3e43-5534-49b3-b3f2-a9f154b450de@group-2FABE92B7E5B-LeaderElection160] INFO  impl.LeaderElection (LeaderElection.java:askForVotes(178)) - b88b3e43-5534-49b3-b3f2-a9f154b450de@group-2FABE92B7E5B-LeaderElection160: begin an election at term 163 for -1: [c58a0a02-acd3-47c8-b3e9-5b8e0493de45:192.168.157.254:33611, 1360619e-ba1e-4bf9-aec1-9f15b5480b27:192.168.157.254:45658, b88b3e43-5534-49b3-b3f2-a9f154b450de:192.168.157.254:46786], old=null
2019-10-21 23:46:41,181 [grpc-default-executor-2] INFO  impl.RaftServerImpl (RaftServerImpl.java:setRole(184)) - c58a0a02-acd3-47c8-b3e9-5b8e0493de45@group-2FABE92B7E5B: changes role from  FOLLOWER to FOLLOWER at term 163 for recognizeCandidate:b88b3e43-5534-49b3-b3f2-a9f154b450de
2019-10-21 23:46:41,181 [grpc-default-executor-0] INFO  impl.RaftServerImpl (RaftServerImpl.java:setRole(184)) - 1360619e-ba1e-4bf9-aec1-9f15b5480b27@group-2FABE92B7E5B: changes role from  FOLLOWER to FOLLOWER at term 163 for recognizeCandidate:b88b3e43-5534-49b3-b3f2-a9f154b450de
2019-10-21 23:46:41,182 [grpc-default-executor-0] INFO  impl.RoleInfo (RoleInfo.java:shutdownFollowerState(121)) - 1360619e-ba1e-4bf9-aec1-9f15b5480b27: shutdown FollowerState
2019-10-21 23:46:41,182 [grpc-default-executor-2] INFO  impl.RoleInfo (RoleInfo.java:shutdownFollowerState(121)) - c58a0a02-acd3-47c8-b3e9-5b8e0493de45: shutdown FollowerState
2019-10-21 23:46:41,182 [Thread-1244] INFO  impl.FollowerState (FollowerState.java:run(117)) - 1360619e-ba1e-4bf9-aec1-9f15b5480b27@group-2FABE92B7E5B-FollowerState was interrupted: java.lang.InterruptedException: sleep interrupted
2019-10-21 23:46:41,182 [grpc-default-executor-0] INFO  impl.RoleInfo (RoleInfo.java:updateAndGet(143)) - 1360619e-ba1e-4bf9-aec1-9f15b5480b27: start FollowerState
2019-10-21 23:46:41,182 [Thread-1243] INFO  impl.FollowerState (FollowerState.java:run(117)) - c58a0a02-acd3-47c8-b3e9-5b8e0493de45@group-2FABE92B7E5B-FollowerState was interrupted: java.lang.InterruptedException: sleep interrupted
2019-10-21 23:46:41,182 [grpc-default-executor-2] INFO  impl.RoleInfo (RoleInfo.java:updateAndGet(143)) - c58a0a02-acd3-47c8-b3e9-5b8e0493de45: start FollowerState
2019-10-21 23:46:41,212 [b88b3e43-5534-49b3-b3f2-a9f154b450de@group-2FABE92B7E5B-LeaderElection160] INFO  impl.LeaderElection (LeaderElection.java:logAndReturn(56)) - b88b3e43-5534-49b3-b3f2-a9f154b450de@group-2FABE92B7E5B-LeaderElection160: Election REJECTED; received 2 response(s) [b88b3e43-5534-49b3-b3f2-a9f154b450de<-c58a0a02-acd3-47c8-b3e9-5b8e0493de45#0:FAIL-t163, b88b3e43-5534-49b3-b3f2-a9f154b450de<-1360619e-ba1e-4bf9-aec1-9f15b5480b27#0:FAIL-t163] and 0 exception(s); b88b3e43-5534-49b3-b3f2-a9f154b450de@group-2FABE92B7E5B:t163, leader=null, voted=b88b3e43-5534-49b3-b3f2-a9f154b450de, raftlog=b88b3e43-5534-49b3-b3f2-a9f154b450de@group-2FABE92B7E5B-SegmentedRaftLog:OPENED:c-1,f-1,i0, conf=-1: [c58a0a02-acd3-47c8-b3e9-5b8e0493de45:192.168.157.254:33611, 1360619e-ba1e-4bf9-aec1-9f15b5480b27:192.168.157.254:45658, b88b3e43-5534-49b3-b3f2-a9f154b450de:192.168.157.254:46786], old=null
2019-10-21 23:46:41,212 [b88b3e43-5534-49b3-b3f2-a9f154b450de@group-2FABE92B7E5B-LeaderElection160] INFO  impl.RaftServerImpl (RaftServerImpl.java:setRole(184)) - b88b3e43-5534-49b3-b3f2-a9f154b450de@group-2FABE92B7E5B: changes role from CANDIDATE to FOLLOWER at term 163 for DISCOVERED_A_NEW_TERM
2019-10-21 23:46:41,213 [b88b3e43-5534-49b3-b3f2-a9f154b450de@group-2FABE92B7E5B-LeaderElection160] INFO  impl.RoleInfo (RoleInfo.java:shutdownLeaderElection(134)) - b88b3e43-5534-49b3-b3f2-a9f154b450de: shutdown LeaderElection
2019-10-21 23:46:41,213 [b88b3e43-5534-49b3-b3f2-a9f154b450de@group-2FABE92B7E5B-LeaderElection160] INFO  impl.RoleInfo (RoleInfo.java:updateAndGet(143)) - b88b3e43-5534-49b3-b3f2-a9f154b450de: start FollowerState
2019-10-21 23:46:41,305 [Thread-1251] INFO  impl.FollowerState (FollowerState.java:run(108)) - b88b3e43-5534-49b3-b3f2-a9f154b450de@group-2FABE92B7E5B-FollowerState: change to CANDIDATE, lastRpcTime:92ms, electionTimeout:92ms
2019-10-21 23:46:41,305 [Thread-1251] INFO  impl.RoleInfo (RoleInfo.java:shutdownFollowerState(121)) - b88b3e43-5534-49b3-b3f2-a9f154b450de: shutdown FollowerState
2019-10-21 23:46:41,306 [Thread-1251] INFO  impl.RaftServerImpl (RaftServerImpl.java:setRole(184)) - b88b3e43-5534-49b3-b3f2-a9f154b450de@group-2FABE92B7E5B: changes role from  FOLLOWER to CANDIDATE at term 163 for changeToCandidate
2019-10-21 23:46:41,306 [Thread-1251] INFO  impl.RoleInfo (RoleInfo.java:updateAndGet(143)) - b88b3e43-5534-49b3-b3f2-a9f154b450de: start LeaderElection
2019-10-21 23:46:41,320 [b88b3e43-5534-49b3-b3f2-a9f154b450de@group-2FABE92B7E5B-LeaderElection161] INFO  impl.LeaderElection (LeaderElection.java:askForVotes(178)) - b88b3e43-5534-49b3-b3f2-a9f154b450de@group-2FABE92B7E5B-LeaderElection161: begin an election at term 164 for -1: [c58a0a02-acd3-47c8-b3e9-5b8e0493de45:192.168.157.254:33611, 1360619e-ba1e-4bf9-aec1-9f15b5480b27:192.168.157.254:45658, b88b3e43-5534-49b3-b3f2-a9f154b450de:192.168.157.254:46786], old=null
2019-10-21 23:46:41,322 [grpc-default-executor-0] INFO  impl.RaftServerImpl (RaftServerImpl.java:setRole(184)) - 1360619e-ba1e-4bf9-aec1-9f15b5480b27@group-2FABE92B7E5B: changes role from  FOLLOWER to FOLLOWER at term 164 for recognizeCandidate:b88b3e43-5534-49b3-b3f2-a9f154b450de
2019-10-21 23:46:41,322 [grpc-default-executor-0] INFO  impl.RoleInfo (RoleInfo.java:shutdownFollowerState(121)) - 1360619e-ba1e-4bf9-aec1-9f15b5480b27: shutdown FollowerState
2019-10-21 23:46:41,322 [grpc-default-executor-2] INFO  impl.RaftServerImpl (RaftServerImpl.java:setRole(184)) - c58a0a02-acd3-47c8-b3e9-5b8e0493de45@group-2FABE92B7E5B: changes role from  FOLLOWER to FOLLOWER at term 164 for recognizeCandidate:b88b3e43-5534-49b3-b3f2-a9f154b450de
2019-10-21 23:46:41,322 [grpc-default-executor-0] INFO  impl.RoleInfo (RoleInfo.java:updateAndGet(143)) - 1360619e-ba1e-4bf9-aec1-9f15b5480b27: start FollowerState
2019-10-21 23:46:41,322 [grpc-default-executor-2] INFO  impl.RoleInfo (RoleInfo.java:shutdownFollowerState(121)) - c58a0a02-acd3-47c8-b3e9-5b8e0493de45: shutdown FollowerState
2019-10-21 23:46:41,322 [Thread-1249] INFO  impl.FollowerState (FollowerState.java:run(117)) - 1360619e-ba1e-4bf9-aec1-9f15b5480b27@group-2FABE92B7E5B-FollowerState was interrupted: java.lang.InterruptedException: sleep interrupted
2019-10-21 23:46:41,323 [Thread-1250] INFO  impl.FollowerState (FollowerState.java:run(117)) - c58a0a02-acd3-47c8-b3e9-5b8e0493de45@group-2FABE92B7E5B-FollowerState was interrupted: java.lang.InterruptedException: sleep interrupted
2019-10-21 23:46:41,323 [grpc-default-executor-2] INFO  impl.RoleInfo (RoleInfo.java:updateAndGet(143)) - c58a0a02-acd3-47c8-b3e9-5b8e0493de45: start FollowerState
2019-10-21 23:46:41,337 [b88b3e43-5534-49b3-b3f2-a9f154b450de@group-2FABE92B7E5B-LeaderElection161] INFO  impl.LeaderElection (LeaderElection.java:logAndReturn(56)) - b88b3e43-5534-49b3-b3f2-a9f154b450de@group-2FABE92B7E5B-LeaderElection161: Election REJECTED; received 2 response(s) [b88b3e43-5534-49b3-b3f2-a9f154b450de<-c58a0a02-acd3-47c8-b3e9-5b8e0493de45#0:FAIL-t164, b88b3e43-5534-49b3-b3f2-a9f154b450de<-1360619e-ba1e-4bf9-aec1-9f15b5480b27#0:FAIL-t164] and 0 exception(s); b88b3e43-5534-49b3-b3f2-a9f154b450de@group-2FABE92B7E5B:t164, leader=null, voted=b88b3e43-5534-49b3-b3f2-a9f154b450de, raftlog=b88b3e43-5534-49b3-b3f2-a9f154b450de@group-2FABE92B7E5B-SegmentedRaftLog:OPENED:c-1,f-1,i0, conf=-1: [c58a0a02-acd3-47c8-b3e9-5b8e0493de45:192.168.157.254:33611, 1360619e-ba1e-4bf9-aec1-9f15b5480b27:192.168.157.254:45658, b88b3e43-5534-49b3-b3f2-a9f154b450de:192.168.157.254:46786], old=null
2019-10-21 23:46:41,337 [b88b3e43-5534-49b3-b3f2-a9f154b450de@group-2FABE92B7E5B-LeaderElection161] INFO  impl.RaftServerImpl (RaftServerImpl.java:setRole(184)) - b88b3e43-5534-49b3-b3f2-a9f154b450de@group-2FABE92B7E5B: changes role from CANDIDATE to FOLLOWER at term 164 for DISCOVERED_A_NEW_TERM
2019-10-21 23:46:41,337 [b88b3e43-5534-49b3-b3f2-a9f154b450de@group-2FABE92B7E5B-LeaderElection161] INFO  impl.RoleInfo (RoleInfo.java:shutdownLeaderElection(134)) - b88b3e43-5534-49b3-b3f2-a9f154b450de: shutdown LeaderElection
2019-10-21 23:46:41,337 [b88b3e43-5534-49b3-b3f2-a9f154b450de@group-2FABE92B7E5B-LeaderElection161] INFO  impl.RoleInfo (RoleInfo.java:updateAndGet(143)) - b88b3e43-5534-49b3-b3f2-a9f154b450de: start FollowerState
2019-10-21 23:46:41,381 [Thread-1257] INFO  impl.FollowerState (FollowerState.java:run(108)) - b88b3e43-5534-49b3-b3f2-a9f154b450de@group-2FABE92B7E5B-FollowerState: change to CANDIDATE, lastRpcTime:43ms, electionTimeout:43ms
2019-10-21 23:46:41,381 [Thread-1257] INFO  impl.RoleInfo (RoleInfo.java:shutdownFollowerState(121)) - b88b3e43-5534-49b3-b3f2-a9f154b450de: shutdown FollowerState
2019-10-21 23:46:41,381 [Thread-1257] INFO  impl.RaftServerImpl (RaftServerImpl.java:setRole(184)) - b88b3e43-5534-49b3-b3f2-a9f154b450de@group-2FABE92B7E5B: changes role from  FOLLOWER to CANDIDATE at term 164 for changeToCandidate
2019-10-21 23:46:41,381 [Thread-1257] INFO  impl.RoleInfo (RoleInfo.java:updateAndGet(143)) - b88b3e43-5534-49b3-b3f2-a9f154b450de: start LeaderElection
2019-10-21 23:46:41,394 [b88b3e43-5534-49b3-b3f2-a9f154b450de@group-2FABE92B7E5B-LeaderElection162] INFO  impl.LeaderElection (LeaderElection.java:askForVotes(178)) - b88b3e43-5534-49b3-b3f2-a9f154b450de@group-2FABE92B7E5B-LeaderElection162: begin an election at term 165 for -1: [c58a0a02-acd3-47c8-b3e9-5b8e0493de45:192.168.157.254:33611, 1360619e-ba1e-4bf9-aec1-9f15b5480b27:192.168.157.254:45658, b88b3e43-5534-49b3-b3f2-a9f154b450de:192.168.157.254:46786], old=null
2019-10-21 23:46:41,397 [grpc-default-executor-2] INFO  impl.RaftServerImpl (RaftServerImpl.java:setRole(184)) - c58a0a02-acd3-47c8-b3e9-5b8e0493de45@group-2FABE92B7E5B: changes role from  FOLLOWER to FOLLOWER at term 165 for recognizeCandidate:b88b3e43-5534-49b3-b3f2-a9f154b450de
2019-10-21 23:46:41,398 [grpc-default-executor-2] INFO  impl.RoleInfo (RoleInfo.java:shutdownFollowerState(121)) - c58a0a02-acd3-47c8-b3e9-5b8e0493de45: shutdown FollowerState
2019-10-21 23:46:41,398 [grpc-default-executor-0] INFO  impl.RaftServerImpl (RaftServerImpl.java:setRole(184)) - 1360619e-ba1e-4bf9-aec1-9f15b5480b27@group-2FABE92B7E5B: changes role from  FOLLOWER to FOLLOWER at term 165 for recognizeCandidate:b88b3e43-5534-49b3-b3f2-a9f154b450de
2019-10-21 23:46:41,398 [grpc-default-executor-0] INFO  impl.RoleInfo (RoleInfo.java:shutdownFollowerState(121)) - 1360619e-ba1e-4bf9-aec1-9f15b5480b27: shutdown FollowerState
2019-10-21 23:46:41,398 [grpc-default-executor-2] INFO  impl.RoleInfo (RoleInfo.java:updateAndGet(143)) - c58a0a02-acd3-47c8-b3e9-5b8e0493de45: start FollowerState
2019-10-21 23:46:41,398 [grpc-default-executor-0] INFO  impl.RoleInfo (RoleInfo.java:updateAndGet(143)) - 1360619e-ba1e-4bf9-aec1-9f15b5480b27: start FollowerState
2019-10-21 23:46:41,398 [Thread-1256] INFO  impl.FollowerState (FollowerState.java:run(117)) - c58a0a02-acd3-47c8-b3e9-5b8e0493de45@group-2FABE92B7E5B-FollowerState was interrupted: java.lang.InterruptedException: sleep interrupted
2019-10-21 23:46:41,398 [Thread-1255] INFO  impl.FollowerState (FollowerState.java:run(117)) - 1360619e-ba1e-4bf9-aec1-9f15b5480b27@group-2FABE92B7E5B-FollowerState was interrupted: java.lang.InterruptedException: sleep interrupted
2019-10-21 23:46:41,417 [b88b3e43-5534-49b3-b3f2-a9f154b450de@group-2FABE92B7E5B-LeaderElection162] INFO  impl.LeaderElection (LeaderElection.java:logAndReturn(56)) - b88b3e43-5534-49b3-b3f2-a9f154b450de@group-2FABE92B7E5B-LeaderElection162: Election REJECTED; received 2 response(s) [b88b3e43-5534-49b3-b3f2-a9f154b450de<-c58a0a02-acd3-47c8-b3e9-5b8e0493de45#0:FAIL-t165, b88b3e43-5534-49b3-b3f2-a9f154b450de<-1360619e-ba1e-4bf9-aec1-9f15b5480b27#0:FAIL-t165] and 0 exception(s); b88b3e43-5534-49b3-b3f2-a9f154b450de@group-2FABE92B7E5B:t165, leader=null, voted=b88b3e43-5534-49b3-b3f2-a9f154b450de, raftlog=b88b3e43-5534-49b3-b3f2-a9f154b450de@group-2FABE92B7E5B-SegmentedRaftLog:OPENED:c-1,f-1,i0, conf=-1: [c58a0a02-acd3-47c8-b3e9-5b8e0493de45:192.168.157.254:33611, 1360619e-ba1e-4bf9-aec1-9f15b5480b27:192.168.157.254:45658, b88b3e43-5534-49b3-b3f2-a9f154b450de:192.168.157.254:46786], old=null
2019-10-21 23:46:41,417 [b88b3e43-5534-49b3-b3f2-a9f154b450de@group-2FABE92B7E5B-LeaderElection162] INFO  impl.RaftServerImpl (RaftServerImpl.java:setRole(184)) - b88b3e43-5534-49b3-b3f2-a9f154b450de@group-2FABE92B7E5B: changes role from CANDIDATE to FOLLOWER at term 165 for DISCOVERED_A_NEW_TERM
2019-10-21 23:46:41,417 [b88b3e43-5534-49b3-b3f2-a9f154b450de@group-2FABE92B7E5B-LeaderElection162] INFO  impl.RoleInfo (RoleInfo.java:shutdownLeaderElection(134)) - b88b3e43-5534-49b3-b3f2-a9f154b450de: shutdown LeaderElection
2019-10-21 23:46:41,417 [b88b3e43-5534-49b3-b3f2-a9f154b450de@group-2FABE92B7E5B-LeaderElection162] INFO  impl.RoleInfo (RoleInfo.java:updateAndGet(143)) - b88b3e43-5534-49b3-b3f2-a9f154b450de: start FollowerState
2019-10-21 23:46:41,601 [Thread-1263] INFO  impl.FollowerState (FollowerState.java:run(108)) - b88b3e43-5534-49b3-b3f2-a9f154b450de@group-2FABE92B7E5B-FollowerState: change to CANDIDATE, lastRpcTime:184ms, electionTimeout:184ms
2019-10-21 23:46:41,602 [Thread-1263] INFO  impl.RoleInfo (RoleInfo.java:shutdownFollowerState(121)) - b88b3e43-5534-49b3-b3f2-a9f154b450de: shutdown FollowerState
2019-10-21 23:46:41,602 [Thread-1263] INFO  impl.RaftServerImpl (RaftServerImpl.java:setRole(184)) - b88b3e43-5534-49b3-b3f2-a9f154b450de@group-2FABE92B7E5B: changes role from  FOLLOWER to CANDIDATE at term 165 for changeToCandidate
2019-10-21 23:46:41,602 [Thread-1263] INFO  impl.RoleInfo (RoleInfo.java:updateAndGet(143)) - b88b3e43-5534-49b3-b3f2-a9f154b450de: start LeaderElection
2019-10-21 23:46:41,616 [b88b3e43-5534-49b3-b3f2-a9f154b450de@group-2FABE92B7E5B-LeaderElection163] INFO  impl.LeaderElection (LeaderElection.java:askForVotes(178)) - b88b3e43-5534-49b3-b3f2-a9f154b450de@group-2FABE92B7E5B-LeaderElection163: begin an election at term 166 for -1: [c58a0a02-acd3-47c8-b3e9-5b8e0493de45:192.168.157.254:33611, 1360619e-ba1e-4bf9-aec1-9f15b5480b27:192.168.157.254:45658, b88b3e43-5534-49b3-b3f2-a9f154b450de:192.168.157.254:46786], old=null
2019-10-21 23:46:41,619 [grpc-default-executor-2] INFO  impl.RaftServerImpl (RaftServerImpl.java:setRole(184)) - c58a0a02-acd3-47c8-b3e9-5b8e0493de45@group-2FABE92B7E5B: changes role from  FOLLOWER to FOLLOWER at term 166 for recognizeCandidate:b88b3e43-5534-49b3-b3f2-a9f154b450de
2019-10-21 23:46:41,619 [grpc-default-executor-0] INFO  impl.RaftServerImpl (RaftServerImpl.java:setRole(184)) - 1360619e-ba1e-4bf9-aec1-9f15b5480b27@group-2FABE92B7E5B: changes role from  FOLLOWER to FOLLOWER at term 166 for recognizeCandidate:b88b3e43-5534-49b3-b3f2-a9f154b450de
2019-10-21 23:46:41,619 [grpc-default-executor-2] INFO  impl.RoleInfo (RoleInfo.java:shutdownFollowerState(121)) - c58a0a02-acd3-47c8-b3e9-5b8e0493de45: shutdown FollowerState
2019-10-21 23:46:41,620 [grpc-default-executor-0] INFO  impl.RoleInfo (RoleInfo.java:shutdownFollowerState(121)) - 1360619e-ba1e-4bf9-aec1-9f15b5480b27: shutdown FollowerState
2019-10-21 23:46:41,620 [Thread-1261] INFO  impl.FollowerState (FollowerState.java:run(117)) - c58a0a02-acd3-47c8-b3e9-5b8e0493de45@group-2FABE92B7E5B-FollowerState was interrupted: java.lang.InterruptedException: sleep interrupted
2019-10-21 23:46:41,620 [grpc-default-executor-2] INFO  impl.RoleInfo (RoleInfo.java:updateAndGet(143)) - c58a0a02-acd3-47c8-b3e9-5b8e0493de45: start FollowerState
2019-10-21 23:46:41,620 [Thread-1262] INFO  impl.FollowerState (FollowerState.java:run(117)) - 1360619e-ba1e-4bf9-aec1-9f15b5480b27@group-2FABE92B7E5B-FollowerState was interrupted: java.lang.InterruptedException: sleep interrupted
2019-10-21 23:46:41,620 [grpc-default-executor-0] INFO  impl.RoleInfo (RoleInfo.java:updateAndGet(143)) - 1360619e-ba1e-4bf9-aec1-9f15b5480b27: start FollowerState
2019-10-21 23:46:41,635 [b88b3e43-5534-49b3-b3f2-a9f154b450de@group-2FABE92B7E5B-LeaderElection163] INFO  impl.LeaderElection (LeaderElection.java:logAndReturn(56)) - b88b3e43-5534-49b3-b3f2-a9f154b450de@group-2FABE92B7E5B-LeaderElection163: Election REJECTED; received 2 response(s) [b88b3e43-5534-49b3-b3f2-a9f154b450de<-c58a0a02-acd3-47c8-b3e9-5b8e0493de45#0:FAIL-t166, b88b3e43-5534-49b3-b3f2-a9f154b450de<-1360619e-ba1e-4bf9-aec1-9f15b5480b27#0:FAIL-t166] and 0 exception(s); b88b3e43-5534-49b3-b3f2-a9f154b450de@group-2FABE92B7E5B:t166, leader=null, voted=b88b3e43-5534-49b3-b3f2-a9f154b450de, raftlog=b88b3e43-5534-49b3-b3f2-a9f154b450de@group-2FABE92B7E5B-SegmentedRaftLog:OPENED:c-1,f-1,i0, conf=-1: [c58a0a02-acd3-47c8-b3e9-5b8e0493de45:192.168.157.254:33611, 1360619e-ba1e-4bf9-aec1-9f15b5480b27:192.168.157.254:45658, b88b3e43-5534-49b3-b3f2-a9f154b450de:192.168.157.254:46786], old=null
2019-10-21 23:46:41,635 [b88b3e43-5534-49b3-b3f2-a9f154b450de@group-2FABE92B7E5B-LeaderElection163] INFO  impl.RaftServerImpl (RaftServerImpl.java:setRole(184)) - b88b3e43-5534-49b3-b3f2-a9f154b450de@group-2FABE92B7E5B: changes role from CANDIDATE to FOLLOWER at term 166 for DISCOVERED_A_NEW_TERM
2019-10-21 23:46:41,635 [b88b3e43-5534-49b3-b3f2-a9f154b450de@group-2FABE92B7E5B-LeaderElection163] INFO  impl.RoleInfo (RoleInfo.java:shutdownLeaderElection(134)) - b88b3e43-5534-49b3-b3f2-a9f154b450de: shutdown LeaderElection
2019-10-21 23:46:41,635 [b88b3e43-5534-49b3-b3f2-a9f154b450de@group-2FABE92B7E5B-LeaderElection163] INFO  impl.RoleInfo (RoleInfo.java:updateAndGet(143)) - b88b3e43-5534-49b3-b3f2-a9f154b450de: start FollowerState
2019-10-21 23:46:41,835 [Thread-1269] INFO  impl.FollowerState (FollowerState.java:run(108)) - b88b3e43-5534-49b3-b3f2-a9f154b450de@group-2FABE92B7E5B-FollowerState: change to CANDIDATE, lastRpcTime:199ms, electionTimeout:199ms
2019-10-21 23:46:41,835 [Thread-1269] INFO  impl.RoleInfo (RoleInfo.java:shutdownFollowerState(121)) - b88b3e43-5534-49b3-b3f2-a9f154b450de: shutdown FollowerState
2019-10-21 23:46:41,835 [Thread-1269] INFO  impl.RaftServerImpl (RaftServerImpl.java:setRole(184)) - b88b3e43-5534-49b3-b3f2-a9f154b450de@group-2FABE92B7E5B: changes role from  FOLLOWER to CANDIDATE at term 166 for changeToCandidate
2019-10-21 23:46:41,835 [Thread-1269] INFO  impl.RoleInfo (RoleInfo.java:updateAndGet(143)) - b88b3e43-5534-49b3-b3f2-a9f154b450de: start LeaderElection
2019-10-21 23:46:41,850 [b88b3e43-5534-49b3-b3f2-a9f154b450de@group-2FABE92B7E5B-LeaderElection164] INFO  impl.LeaderElection (LeaderElection.java:askForVotes(178)) - b88b3e43-5534-49b3-b3f2-a9f154b450de@group-2FABE92B7E5B-LeaderElection164: begin an election at term 167 for -1: [c58a0a02-acd3-47c8-b3e9-5b8e0493de45:192.168.157.254:33611, 1360619e-ba1e-4bf9-aec1-9f15b5480b27:192.168.157.254:45658, b88b3e43-5534-49b3-b3f2-a9f154b450de:192.168.157.254:46786], old=null
2019-10-21 23:46:41,852 [grpc-default-executor-2] INFO  impl.RaftServerImpl (RaftServerImpl.java:setRole(184)) - c58a0a02-acd3-47c8-b3e9-5b8e0493de45@group-2FABE92B7E5B: changes role from  FOLLOWER to FOLLOWER at term 167 for recognizeCandidate:b88b3e43-5534-49b3-b3f2-a9f154b450de
2019-10-21 23:46:41,852 [grpc-default-executor-2] INFO  impl.RoleInfo (RoleInfo.java:shutdownFollowerState(121)) - c58a0a02-acd3-47c8-b3e9-5b8e0493de45: shutdown FollowerState
2019-10-21 23:46:41,852 [grpc-default-executor-0] INFO  impl.RaftServerImpl (RaftServerImpl.java:setRole(184)) - 1360619e-ba1e-4bf9-aec1-9f15b5480b27@group-2FABE92B7E5B: changes role from  FOLLOWER to FOLLOWER at term 167 for recognizeCandidate:b88b3e43-5534-49b3-b3f2-a9f154b450de
2019-10-21 23:46:41,853 [Thread-1267] INFO  impl.FollowerState (FollowerState.java:run(117)) - c58a0a02-acd3-47c8-b3e9-5b8e0493de45@group-2FABE92B7E5B-FollowerState was interrupted: java.lang.InterruptedException: sleep interrupted
2019-10-21 23:46:41,852 [grpc-default-executor-2] INFO  impl.RoleInfo (RoleInfo.java:updateAndGet(143)) - c58a0a02-acd3-47c8-b3e9-5b8e0493de45: start FollowerState
2019-10-21 23:46:41,853 [grpc-default-executor-0] INFO  impl.RoleInfo (RoleInfo.java:shutdownFollowerState(121)) - 1360619e-ba1e-4bf9-aec1-9f15b5480b27: shutdown FollowerState
2019-10-21 23:46:41,853 [grpc-default-executor-0] INFO  impl.RoleInfo (RoleInfo.java:updateAndGet(143)) - 1360619e-ba1e-4bf9-aec1-9f15b5480b27: start FollowerState
2019-10-21 23:46:41,853 [Thread-1268] INFO  impl.FollowerState (FollowerState.java:run(117)) - 1360619e-ba1e-4bf9-aec1-9f15b5480b27@group-2FABE92B7E5B-FollowerState was interrupted: java.lang.InterruptedException: sleep interrupted
2019-10-21 23:46:41,867 [b88b3e43-5534-49b3-b3f2-a9f154b450de@group-2FABE92B7E5B-LeaderElection164] INFO  impl.LeaderElection (LeaderElection.java:logAndReturn(56)) - b88b3e43-5534-49b3-b3f2-a9f154b450de@group-2FABE92B7E5B-LeaderElection164: Election REJECTED; received 2 response(s) [b88b3e43-5534-49b3-b3f2-a9f154b450de<-c58a0a02-acd3-47c8-b3e9-5b8e0493de45#0:FAIL-t167, b88b3e43-5534-49b3-b3f2-a9f154b450de<-1360619e-ba1e-4bf9-aec1-9f15b5480b27#0:FAIL-t167] and 0 exception(s); b88b3e43-5534-49b3-b3f2-a9f154b450de@group-2FABE92B7E5B:t167, leader=null, voted=b88b3e43-5534-49b3-b3f2-a9f154b450de, raftlog=b88b3e43-5534-49b3-b3f2-a9f154b450de@group-2FABE92B7E5B-SegmentedRaftLog:OPENED:c-1,f-1,i0, conf=-1: [c58a0a02-acd3-47c8-b3e9-5b8e0493de45:192.168.157.254:33611, 1360619e-ba1e-4bf9-aec1-9f15b5480b27:192.168.157.254:45658, b88b3e43-5534-49b3-b3f2-a9f154b450de:192.168.157.254:46786], old=null
2019-10-21 23:46:41,868 [b88b3e43-5534-49b3-b3f2-a9f154b450de@group-2FABE92B7E5B-LeaderElection164] INFO  impl.RaftServerImpl (RaftServerImpl.java:setRole(184)) - b88b3e43-5534-49b3-b3f2-a9f154b450de@group-2FABE92B7E5B: changes role from CANDIDATE to FOLLOWER at term 167 for DISCOVERED_A_NEW_TERM
2019-10-21 23:46:41,868 [b88b3e43-5534-49b3-b3f2-a9f154b450de@group-2FABE92B7E5B-LeaderElection164] INFO  impl.RoleInfo (RoleInfo.java:shutdownLeaderElection(134)) - b88b3e43-5534-49b3-b3f2-a9f154b450de: shutdown LeaderElection
2019-10-21 23:46:41,868 [b88b3e43-5534-49b3-b3f2-a9f154b450de@group-2FABE92B7E5B-LeaderElection164] INFO  impl.RoleInfo (RoleInfo.java:updateAndGet(143)) - b88b3e43-5534-49b3-b3f2-a9f154b450de: start FollowerState
2019-10-21 23:46:41,961 [Thread-1275] INFO  impl.FollowerState (FollowerState.java:run(108)) - b88b3e43-5534-49b3-b3f2-a9f154b450de@group-2FABE92B7E5B-FollowerState: change to CANDIDATE, lastRpcTime:93ms, electionTimeout:93ms
2019-10-21 23:46:41,962 [Thread-1275] INFO  impl.RoleInfo (RoleInfo.java:shutdownFollowerState(121)) - b88b3e43-5534-49b3-b3f2-a9f154b450de: shutdown FollowerState
2019-10-21 23:46:41,962 [Thread-1275] INFO  impl.RaftServerImpl (RaftServerImpl.java:setRole(184)) - b88b3e43-5534-49b3-b3f2-a9f154b450de@group-2FABE92B7E5B: changes role from  FOLLOWER to CANDIDATE at term 167 for changeToCandidate
2019-10-21 23:46:41,962 [Thread-1275] INFO  impl.RoleInfo (RoleInfo.java:updateAndGet(143)) - b88b3e43-5534-49b3-b3f2-a9f154b450de: start LeaderElection
2019-10-21 23:46:41,975 [b88b3e43-5534-49b3-b3f2-a9f154b450de@group-2FABE92B7E5B-LeaderElection165] INFO  impl.LeaderElection (LeaderElection.java:askForVotes(178)) - b88b3e43-5534-49b3-b3f2-a9f154b450de@group-2FABE92B7E5B-LeaderElection165: begin an election at term 168 for -1: [c58a0a02-acd3-47c8-b3e9-5b8e0493de45:192.168.157.254:33611, 1360619e-ba1e-4bf9-aec1-9f15b5480b27:192.168.157.254:45658, b88b3e43-5534-49b3-b3f2-a9f154b450de:192.168.157.254:46786], old=null
2019-10-21 23:46:41,978 [grpc-default-executor-0] INFO  impl.RaftServerImpl (RaftServerImpl.java:setRole(184)) - c58a0a02-acd3-47c8-b3e9-5b8e0493de45@group-2FABE92B7E5B: changes role from  FOLLOWER to FOLLOWER at term 168 for recognizeCandidate:b88b3e43-5534-49b3-b3f2-a9f154b450de
2019-10-21 23:46:41,978 [grpc-default-executor-0] INFO  impl.RoleInfo (RoleInfo.java:shutdownFollowerState(121)) - c58a0a02-acd3-47c8-b3e9-5b8e0493de45: shutdown FollowerState
2019-10-21 23:46:41,978 [grpc-default-executor-2] INFO  impl.RaftServerImpl (RaftServerImpl.java:setRole(184)) - 1360619e-ba1e-4bf9-aec1-9f15b5480b27@group-2FABE92B7E5B: changes role from  FOLLOWER to FOLLOWER at term 168 for recognizeCandidate:b88b3e43-5534-49b3-b3f2-a9f154b450de
2019-10-21 23:46:41,978 [Thread-1273] INFO  impl.FollowerState (FollowerState.java:run(117)) - c58a0a02-acd3-47c8-b3e9-5b8e0493de45@group-2FABE92B7E5B-FollowerState was interrupted: java.lang.InterruptedException: sleep interrupted
2019-10-21 23:46:41,978 [grpc-default-executor-0] INFO  impl.RoleInfo (RoleInfo.java:updateAndGet(143)) - c58a0a02-acd3-47c8-b3e9-5b8e0493de45: start FollowerState
2019-10-21 23:46:41,978 [grpc-default-executor-2] INFO  impl.RoleInfo (RoleInfo.java:shutdownFollowerState(121)) - 1360619e-ba1e-4bf9-aec1-9f15b5480b27: shutdown FollowerState
2019-10-21 23:46:41,979 [grpc-default-executor-2] INFO  impl.RoleInfo (RoleInfo.java:updateAndGet(143)) - 1360619e-ba1e-4bf9-aec1-9f15b5480b27: start FollowerState
2019-10-21 23:46:41,979 [Thread-1274] INFO  impl.FollowerState (FollowerState.java:run(117)) - 1360619e-ba1e-4bf9-aec1-9f15b5480b27@group-2FABE92B7E5B-FollowerState was interrupted: java.lang.InterruptedException: sleep interrupted
2019-10-21 23:46:41,993 [b88b3e43-5534-49b3-b3f2-a9f154b450de@group-2FABE92B7E5B-LeaderElection165] INFO  impl.LeaderElection (LeaderElection.java:logAndReturn(56)) - b88b3e43-5534-49b3-b3f2-a9f154b450de@group-2FABE92B7E5B-LeaderElection165: Election REJECTED; received 2 response(s) [b88b3e43-5534-49b3-b3f2-a9f154b450de<-c58a0a02-acd3-47c8-b3e9-5b8e0493de45#0:FAIL-t168, b88b3e43-5534-49b3-b3f2-a9f154b450de<-1360619e-ba1e-4bf9-aec1-9f15b5480b27#0:FAIL-t168] and 0 exception(s); b88b3e43-5534-49b3-b3f2-a9f154b450de@group-2FABE92B7E5B:t168, leader=null, voted=b88b3e43-5534-49b3-b3f2-a9f154b450de, raftlog=b88b3e43-5534-49b3-b3f2-a9f154b450de@group-2FABE92B7E5B-SegmentedRaftLog:OPENED:c-1,f-1,i0, conf=-1: [c58a0a02-acd3-47c8-b3e9-5b8e0493de45:192.168.157.254:33611, 1360619e-ba1e-4bf9-aec1-9f15b5480b27:192.168.157.254:45658, b88b3e43-5534-49b3-b3f2-a9f154b450de:192.168.157.254:46786], old=null
2019-10-21 23:46:41,993 [b88b3e43-5534-49b3-b3f2-a9f154b450de@group-2FABE92B7E5B-LeaderElection165] INFO  impl.RaftServerImpl (RaftServerImpl.java:setRole(184)) - b88b3e43-5534-49b3-b3f2-a9f154b450de@group-2FABE92B7E5B: changes role from CANDIDATE to FOLLOWER at term 168 for DISCOVERED_A_NEW_TERM
2019-10-21 23:46:41,994 [b88b3e43-5534-49b3-b3f2-a9f154b450de@group-2FABE92B7E5B-LeaderElection165] INFO  impl.RoleInfo (RoleInfo.java:shutdownLeaderElection(134)) - b88b3e43-5534-49b3-b3f2-a9f154b450de: shutdown LeaderElection
2019-10-21 23:46:41,994 [b88b3e43-5534-49b3-b3f2-a9f154b450de@group-2FABE92B7E5B-LeaderElection165] INFO  impl.RoleInfo (RoleInfo.java:updateAndGet(143)) - b88b3e43-5534-49b3-b3f2-a9f154b450de: start FollowerState
2019-10-21 23:46:42,029 [Thread-1283] INFO  impl.FollowerState (FollowerState.java:run(108)) - b88b3e43-5534-49b3-b3f2-a9f154b450de@group-2FABE92B7E5B-FollowerState: change to CANDIDATE, lastRpcTime:35ms, electionTimeout:35ms
2019-10-21 23:46:42,029 [Thread-1283] INFO  impl.RoleInfo (RoleInfo.java:shutdownFollowerState(121)) - b88b3e43-5534-49b3-b3f2-a9f154b450de: shutdown FollowerState
2019-10-21 23:46:42,029 [Thread-1283] INFO  impl.RaftServerImpl (RaftServerImpl.java:setRole(184)) - b88b3e43-5534-49b3-b3f2-a9f154b450de@group-2FABE92B7E5B: changes role from  FOLLOWER to CANDIDATE at term 168 for changeToCandidate
2019-10-21 23:46:42,031 [Thread-1283] INFO  impl.RoleInfo (RoleInfo.java:updateAndGet(143)) - b88b3e43-5534-49b3-b3f2-a9f154b450de: start LeaderElection
2019-10-21 23:46:42,045 [b88b3e43-5534-49b3-b3f2-a9f154b450de@group-2FABE92B7E5B-LeaderElection166] INFO  impl.LeaderElection (LeaderElection.java:askForVotes(178)) - b88b3e43-5534-49b3-b3f2-a9f154b450de@group-2FABE92B7E5B-LeaderElection166: begin an election at term 169 for -1: [c58a0a02-acd3-47c8-b3e9-5b8e0493de45:192.168.157.254:33611, 1360619e-ba1e-4bf9-aec1-9f15b5480b27:192.168.157.254:45658, b88b3e43-5534-49b3-b3f2-a9f154b450de:192.168.157.254:46786], old=null
2019-10-21 23:46:42,052 [grpc-default-executor-2] INFO  impl.RaftServerImpl (RaftServerImpl.java:setRole(184)) - 1360619e-ba1e-4bf9-aec1-9f15b5480b27@group-2FABE92B7E5B: changes role from  FOLLOWER to FOLLOWER at term 169 for recognizeCandidate:b88b3e43-5534-49b3-b3f2-a9f154b450de
2019-10-21 23:46:42,052 [grpc-default-executor-2] INFO  impl.RoleInfo (RoleInfo.java:shutdownFollowerState(121)) - 1360619e-ba1e-4bf9-aec1-9f15b5480b27: shutdown FollowerState
2019-10-21 23:46:42,052 [grpc-default-executor-0] INFO  impl.RaftServerImpl (RaftServerImpl.java:setRole(184)) - c58a0a02-acd3-47c8-b3e9-5b8e0493de45@group-2FABE92B7E5B: changes role from  FOLLOWER to FOLLOWER at term 169 for recognizeCandidate:b88b3e43-5534-49b3-b3f2-a9f154b450de
2019-10-21 23:46:42,052 [grpc-default-executor-0] INFO  impl.RoleInfo (RoleInfo.java:shutdownFollowerState(121)) - c58a0a02-acd3-47c8-b3e9-5b8e0493de45: shutdown FollowerState
2019-10-21 23:46:42,058 [grpc-default-executor-0] INFO  impl.RoleInfo (RoleInfo.java:updateAndGet(143)) - c58a0a02-acd3-47c8-b3e9-5b8e0493de45: start FollowerState
2019-10-21 23:46:42,058 [Thread-1282] INFO  impl.FollowerState (FollowerState.java:run(117)) - 1360619e-ba1e-4bf9-aec1-9f15b5480b27@group-2FABE92B7E5B-FollowerState was interrupted: java.lang.InterruptedException: sleep interrupted
2019-10-21 23:46:42,058 [grpc-default-executor-2] INFO  impl.RoleInfo (RoleInfo.java:updateAndGet(143)) - 1360619e-ba1e-4bf9-aec1-9f15b5480b27: start FollowerState
2019-10-21 23:46:42,058 [Thread-1281] INFO  impl.FollowerState (FollowerState.java:run(117)) - c58a0a02-acd3-47c8-b3e9-5b8e0493de45@group-2FABE92B7E5B-FollowerState was interrupted: java.lang.InterruptedException: sleep interrupted
2019-10-21 23:46:42,089 [b88b3e43-5534-49b3-b3f2-a9f154b450de@group-2FABE92B7E5B-LeaderElection166] INFO  impl.LeaderElection (LeaderElection.java:logAndReturn(56)) - b88b3e43-5534-49b3-b3f2-a9f154b450de@group-2FABE92B7E5B-LeaderElection166: Election REJECTED; received 2 response(s) [b88b3e43-5534-49b3-b3f2-a9f154b450de<-c58a0a02-acd3-47c8-b3e9-5b8e0493de45#0:FAIL-t169, b88b3e43-5534-49b3-b3f2-a9f154b450de<-1360619e-ba1e-4bf9-aec1-9f15b5480b27#0:FAIL-t169] and 0 exception(s); b88b3e43-5534-49b3-b3f2-a9f154b450de@group-2FABE92B7E5B:t169, leader=null, voted=b88b3e43-5534-49b3-b3f2-a9f154b450de, raftlog=b88b3e43-5534-49b3-b3f2-a9f154b450de@group-2FABE92B7E5B-SegmentedRaftLog:OPENED:c-1,f-1,i0, conf=-1: [c58a0a02-acd3-47c8-b3e9-5b8e0493de45:192.168.157.254:33611, 1360619e-ba1e-4bf9-aec1-9f15b5480b27:192.168.157.254:45658, b88b3e43-5534-49b3-b3f2-a9f154b450de:192.168.157.254:46786], old=null
2019-10-21 23:46:42,089 [b88b3e43-5534-49b3-b3f2-a9f154b450de@group-2FABE92B7E5B-LeaderElection166] INFO  impl.RaftServerImpl (RaftServerImpl.java:setRole(184)) - b88b3e43-5534-49b3-b3f2-a9f154b450de@group-2FABE92B7E5B: changes role from CANDIDATE to FOLLOWER at term 169 for DISCOVERED_A_NEW_TERM
2019-10-21 23:46:42,090 [b88b3e43-5534-49b3-b3f2-a9f154b450de@group-2FABE92B7E5B-LeaderElection166] INFO  impl.RoleInfo (RoleInfo.java:shutdownLeaderElection(134)) - b88b3e43-5534-49b3-b3f2-a9f154b450de: shutdown LeaderElection
2019-10-21 23:46:42,090 [b88b3e43-5534-49b3-b3f2-a9f154b450de@group-2FABE92B7E5B-LeaderElection166] INFO  impl.RoleInfo (RoleInfo.java:updateAndGet(143)) - b88b3e43-5534-49b3-b3f2-a9f154b450de: start FollowerState
2019-10-21 23:46:42,116 [Thread-1289] INFO  impl.FollowerState (FollowerState.java:run(108)) - b88b3e43-5534-49b3-b3f2-a9f154b450de@group-2FABE92B7E5B-FollowerState: change to CANDIDATE, lastRpcTime:26ms, electionTimeout:26ms
2019-10-21 23:46:42,116 [Thread-1289] INFO  impl.RoleInfo (RoleInfo.java:shutdownFollowerState(121)) - b88b3e43-5534-49b3-b3f2-a9f154b450de: shutdown FollowerState
2019-10-21 23:46:42,117 [Thread-1289] INFO  impl.RaftServerImpl (RaftServerImpl.java:setRole(184)) - b88b3e43-5534-49b3-b3f2-a9f154b450de@group-2FABE92B7E5B: changes role from  FOLLOWER to CANDIDATE at term 169 for changeToCandidate
2019-10-21 23:46:42,117 [Thread-1289] INFO  impl.RoleInfo (RoleInfo.java:updateAndGet(143)) - b88b3e43-5534-49b3-b3f2-a9f154b450de: start LeaderElection
2019-10-21 23:46:42,130 [b88b3e43-5534-49b3-b3f2-a9f154b450de@group-2FABE92B7E5B-LeaderElection167] INFO  impl.LeaderElection (LeaderElection.java:askForVotes(178)) - b88b3e43-5534-49b3-b3f2-a9f154b450de@group-2FABE92B7E5B-LeaderElection167: begin an election at term 170 for -1: [c58a0a02-acd3-47c8-b3e9-5b8e0493de45:192.168.157.254:33611, 1360619e-ba1e-4bf9-aec1-9f15b5480b27:192.168.157.254:45658, b88b3e43-5534-49b3-b3f2-a9f154b450de:192.168.157.254:46786], old=null
2019-10-21 23:46:42,133 [grpc-default-executor-0] INFO  impl.RaftServerImpl (RaftServerImpl.java:setRole(184)) - 1360619e-ba1e-4bf9-aec1-9f15b5480b27@group-2FABE92B7E5B: changes role from  FOLLOWER to FOLLOWER at term 170 for recognizeCandidate:b88b3e43-5534-49b3-b3f2-a9f154b450de
2019-10-21 23:46:42,133 [grpc-default-executor-2] INFO  impl.RaftServerImpl (RaftServerImpl.java:setRole(184)) - c58a0a02-acd3-47c8-b3e9-5b8e0493de45@group-2FABE92B7E5B: changes role from  FOLLOWER to FOLLOWER at term 170 for recognizeCandidate:b88b3e43-5534-49b3-b3f2-a9f154b450de
2019-10-21 23:46:42,133 [grpc-default-executor-0] INFO  impl.RoleInfo (RoleInfo.java:shutdownFollowerState(121)) - 1360619e-ba1e-4bf9-aec1-9f15b5480b27: shutdown FollowerState
2019-10-21 23:46:42,133 [grpc-default-executor-2] INFO  impl.RoleInfo (RoleInfo.java:shutdownFollowerState(121)) - c58a0a02-acd3-47c8-b3e9-5b8e0493de45: shutdown FollowerState
2019-10-21 23:46:42,133 [grpc-default-executor-0] INFO  impl.RoleInfo (RoleInfo.java:updateAndGet(143)) - 1360619e-ba1e-4bf9-aec1-9f15b5480b27: start FollowerState
2019-10-21 23:46:42,133 [Thread-1287] INFO  impl.FollowerState (FollowerState.java:run(117)) - c58a0a02-acd3-47c8-b3e9-5b8e0493de45@group-2FABE92B7E5B-FollowerState was interrupted: java.lang.InterruptedException: sleep interrupted
2019-10-21 23:46:42,133 [Thread-1288] INFO  impl.FollowerState (FollowerState.java:run(117)) - 1360619e-ba1e-4bf9-aec1-9f15b5480b27@group-2FABE92B7E5B-FollowerState was interrupted: java.lang.InterruptedException: sleep interrupted
2019-10-21 23:46:42,133 [grpc-default-executor-2] INFO  impl.RoleInfo (RoleInfo.java:updateAndGet(143)) - c58a0a02-acd3-47c8-b3e9-5b8e0493de45: start FollowerState
2019-10-21 23:46:42,147 [b88b3e43-5534-49b3-b3f2-a9f154b450de@group-2FABE92B7E5B-LeaderElection167] INFO  impl.LeaderElection (LeaderElection.java:logAndReturn(56)) - b88b3e43-5534-49b3-b3f2-a9f154b450de@group-2FABE92B7E5B-LeaderElection167: Election REJECTED; received 2 response(s) [b88b3e43-5534-49b3-b3f2-a9f154b450de<-c58a0a02-acd3-47c8-b3e9-5b8e0493de45#0:FAIL-t170, b88b3e43-5534-49b3-b3f2-a9f154b450de<-1360619e-ba1e-4bf9-aec1-9f15b5480b27#0:FAIL-t170] and 0 exception(s); b88b3e43-5534-49b3-b3f2-a9f154b450de@group-2FABE92B7E5B:t170, leader=null, voted=b88b3e43-5534-49b3-b3f2-a9f154b450de, raftlog=b88b3e43-5534-49b3-b3f2-a9f154b450de@group-2FABE92B7E5B-SegmentedRaftLog:OPENED:c-1,f-1,i0, conf=-1: [c58a0a02-acd3-47c8-b3e9-5b8e0493de45:192.168.157.254:33611, 1360619e-ba1e-4bf9-aec1-9f15b5480b27:192.168.157.254:45658, b88b3e43-5534-49b3-b3f2-a9f154b450de:192.168.157.254:46786], old=null
2019-10-21 23:46:42,148 [b88b3e43-5534-49b3-b3f2-a9f154b450de@group-2FABE92B7E5B-LeaderElection167] INFO  impl.RaftServerImpl (RaftServerImpl.java:setRole(184)) - b88b3e43-5534-49b3-b3f2-a9f154b450de@group-2FABE92B7E5B: changes role from CANDIDATE to FOLLOWER at term 170 for DISCOVERED_A_NEW_TERM
2019-10-21 23:46:42,148 [b88b3e43-5534-49b3-b3f2-a9f154b450de@group-2FABE92B7E5B-LeaderElection167] INFO  impl.RoleInfo (RoleInfo.java:shutdownLeaderElection(134)) - b88b3e43-5534-49b3-b3f2-a9f154b450de: shutdown LeaderElection
2019-10-21 23:46:42,148 [b88b3e43-5534-49b3-b3f2-a9f154b450de@group-2FABE92B7E5B-LeaderElection167] INFO  impl.RoleInfo (RoleInfo.java:updateAndGet(143)) - b88b3e43-5534-49b3-b3f2-a9f154b450de: start FollowerState
2019-10-21 23:46:42,212 [Thread-1295] INFO  impl.FollowerState (FollowerState.java:run(108)) - b88b3e43-5534-49b3-b3f2-a9f154b450de@group-2FABE92B7E5B-FollowerState: change to CANDIDATE, lastRpcTime:64ms, electionTimeout:64ms
2019-10-21 23:46:42,213 [Thread-1295] INFO  impl.RoleInfo (RoleInfo.java:shutdownFollowerState(121)) - b88b3e43-5534-49b3-b3f2-a9f154b450de: shutdown FollowerState
2019-10-21 23:46:42,213 [Thread-1295] INFO  impl.RaftServerImpl (RaftServerImpl.java:setRole(184)) - b88b3e43-5534-49b3-b3f2-a9f154b450de@group-2FABE92B7E5B: changes role from  FOLLOWER to CANDIDATE at term 170 for changeToCandidate
2019-10-21 23:46:42,213 [Thread-1295] INFO  impl.RoleInfo (RoleInfo.java:updateAndGet(143)) - b88b3e43-5534-49b3-b3f2-a9f154b450de: start LeaderElection
2019-10-21 23:46:42,226 [b88b3e43-5534-49b3-b3f2-a9f154b450de@group-2FABE92B7E5B-LeaderElection168] INFO  impl.LeaderElection (LeaderElection.java:askForVotes(178)) - b88b3e43-5534-49b3-b3f2-a9f154b450de@group-2FABE92B7E5B-LeaderElection168: begin an election at term 171 for -1: [c58a0a02-acd3-47c8-b3e9-5b8e0493de45:192.168.157.254:33611, 1360619e-ba1e-4bf9-aec1-9f15b5480b27:192.168.157.254:45658, b88b3e43-5534-49b3-b3f2-a9f154b450de:192.168.157.254:46786], old=null
2019-10-21 23:46:42,228 [grpc-default-executor-0] INFO  impl.RaftServerImpl (RaftServerImpl.java:setRole(184)) - 1360619e-ba1e-4bf9-aec1-9f15b5480b27@group-2FABE92B7E5B: changes role from  FOLLOWER to FOLLOWER at term 171 for recognizeCandidate:b88b3e43-5534-49b3-b3f2-a9f154b450de
2019-10-21 23:46:42,228 [grpc-default-executor-0] INFO  impl.RoleInfo (RoleInfo.java:shutdownFollowerState(121)) - 1360619e-ba1e-4bf9-aec1-9f15b5480b27: shutdown FollowerState
2019-10-21 23:46:42,228 [grpc-default-executor-0] INFO  impl.RoleInfo (RoleInfo.java:updateAndGet(143)) - 1360619e-ba1e-4bf9-aec1-9f15b5480b27: start FollowerState
2019-10-21 23:46:42,228 [Thread-1293] INFO  impl.FollowerState (FollowerState.java:run(117)) - 1360619e-ba1e-4bf9-aec1-9f15b5480b27@group-2FABE92B7E5B-FollowerState was interrupted: java.lang.InterruptedException: sleep interrupted
2019-10-21 23:46:42,228 [grpc-default-executor-2] INFO  impl.RaftServerImpl (RaftServerImpl.java:setRole(184)) - c58a0a02-acd3-47c8-b3e9-5b8e0493de45@group-2FABE92B7E5B: changes role from  FOLLOWER to FOLLOWER at term 171 for recognizeCandidate:b88b3e43-5534-49b3-b3f2-a9f154b450de
2019-10-21 23:46:42,229 [grpc-default-executor-2] INFO  impl.RoleInfo (RoleInfo.java:shutdownFollowerState(121)) - c58a0a02-acd3-47c8-b3e9-5b8e0493de45: shutdown FollowerState
2019-10-21 23:46:42,229 [grpc-default-executor-2] INFO  impl.RoleInfo (RoleInfo.java:updateAndGet(143)) - c58a0a02-acd3-47c8-b3e9-5b8e0493de45: start FollowerState
2019-10-21 23:46:42,229 [Thread-1294] INFO  impl.FollowerState (FollowerState.java:run(117)) - c58a0a02-acd3-47c8-b3e9-5b8e0493de45@group-2FABE92B7E5B-FollowerState was interrupted: java.lang.InterruptedException: sleep interrupted
2019-10-21 23:46:42,243 [b88b3e43-5534-49b3-b3f2-a9f154b450de@group-2FABE92B7E5B-LeaderElection168] INFO  impl.LeaderElection (LeaderElection.java:logAndReturn(56)) - b88b3e43-5534-49b3-b3f2-a9f154b450de@group-2FABE92B7E5B-LeaderElection168: Election REJECTED; received 2 response(s) [b88b3e43-5534-49b3-b3f2-a9f154b450de<-c58a0a02-acd3-47c8-b3e9-5b8e0493de45#0:FAIL-t171, b88b3e43-5534-49b3-b3f2-a9f154b450de<-1360619e-ba1e-4bf9-aec1-9f15b5480b27#0:FAIL-t171] and 0 exception(s); b88b3e43-5534-49b3-b3f2-a9f154b450de@group-2FABE92B7E5B:t171, leader=null, voted=b88b3e43-5534-49b3-b3f2-a9f154b450de, raftlog=b88b3e43-5534-49b3-b3f2-a9f154b450de@group-2FABE92B7E5B-SegmentedRaftLog:OPENED:c-1,f-1,i0, conf=-1: [c58a0a02-acd3-47c8-b3e9-5b8e0493de45:192.168.157.254:33611, 1360619e-ba1e-4bf9-aec1-9f15b5480b27:192.168.157.254:45658, b88b3e43-5534-49b3-b3f2-a9f154b450de:192.168.157.254:46786], old=null
2019-10-21 23:46:42,243 [b88b3e43-5534-49b3-b3f2-a9f154b450de@group-2FABE92B7E5B-LeaderElection168] INFO  impl.RaftServerImpl (RaftServerImpl.java:setRole(184)) - b88b3e43-5534-49b3-b3f2-a9f154b450de@group-2FABE92B7E5B: changes role from CANDIDATE to FOLLOWER at term 171 for DISCOVERED_A_NEW_TERM
2019-10-21 23:46:42,243 [b88b3e43-5534-49b3-b3f2-a9f154b450de@group-2FABE92B7E5B-LeaderElection168] INFO  impl.RoleInfo (RoleInfo.java:shutdownLeaderElection(134)) - b88b3e43-5534-49b3-b3f2-a9f154b450de: shutdown LeaderElection
2019-10-21 23:46:42,243 [b88b3e43-5534-49b3-b3f2-a9f154b450de@group-2FABE92B7E5B-LeaderElection168] INFO  impl.RoleInfo (RoleInfo.java:updateAndGet(143)) - b88b3e43-5534-49b3-b3f2-a9f154b450de: start FollowerState
2019-10-21 23:46:42,262 [Thread-1301] INFO  impl.FollowerState (FollowerState.java:run(108)) - b88b3e43-5534-49b3-b3f2-a9f154b450de@group-2FABE92B7E5B-FollowerState: change to CANDIDATE, lastRpcTime:19ms, electionTimeout:19ms
2019-10-21 23:46:42,263 [Thread-1301] INFO  impl.RoleInfo (RoleInfo.java:shutdownFollowerState(121)) - b88b3e43-5534-49b3-b3f2-a9f154b450de: shutdown FollowerState
2019-10-21 23:46:42,263 [Thread-1301] INFO  impl.RaftServerImpl (RaftServerImpl.java:setRole(184)) - b88b3e43-5534-49b3-b3f2-a9f154b450de@group-2FABE92B7E5B: changes role from  FOLLOWER to CANDIDATE at term 171 for changeToCandidate
2019-10-21 23:46:42,263 [Thread-1301] INFO  impl.RoleInfo (RoleInfo.java:updateAndGet(143)) - b88b3e43-5534-49b3-b3f2-a9f154b450de: start LeaderElection
2019-10-21 23:46:42,276 [b88b3e43-5534-49b3-b3f2-a9f154b450de@group-2FABE92B7E5B-LeaderElection169] INFO  impl.LeaderElection (LeaderElection.java:askForVotes(178)) - b88b3e43-5534-49b3-b3f2-a9f154b450de@group-2FABE92B7E5B-LeaderElection169: begin an election at term 172 for -1: [c58a0a02-acd3-47c8-b3e9-5b8e0493de45:192.168.157.254:33611, 1360619e-ba1e-4bf9-aec1-9f15b5480b27:192.168.157.254:45658, b88b3e43-5534-49b3-b3f2-a9f154b450de:192.168.157.254:46786], old=null
2019-10-21 23:46:42,279 [grpc-default-executor-0] INFO  impl.RaftServerImpl (RaftServerImpl.java:setRole(184)) - c58a0a02-acd3-47c8-b3e9-5b8e0493de45@group-2FABE92B7E5B: changes role from  FOLLOWER to FOLLOWER at term 172 for recognizeCandidate:b88b3e43-5534-49b3-b3f2-a9f154b450de
2019-10-21 23:46:42,279 [grpc-default-executor-0] INFO  impl.RoleInfo (RoleInfo.java:shutdownFollowerState(121)) - c58a0a02-acd3-47c8-b3e9-5b8e0493de45: shutdown FollowerState
2019-10-21 23:46:42,279 [grpc-default-executor-2] INFO  impl.RaftServerImpl (RaftServerImpl.java:setRole(184)) - 1360619e-ba1e-4bf9-aec1-9f15b5480b27@group-2FABE92B7E5B: changes role from  FOLLOWER to FOLLOWER at term 172 for recognizeCandidate:b88b3e43-5534-49b3-b3f2-a9f154b450de
2019-10-21 23:46:42,279 [Thread-1300] INFO  impl.FollowerState (FollowerState.java:run(117)) - c58a0a02-acd3-47c8-b3e9-5b8e0493de45@group-2FABE92B7E5B-FollowerState was interrupted: java.lang.InterruptedException: sleep interrupted
2019-10-21 23:46:42,279 [grpc-default-executor-0] INFO  impl.RoleInfo (RoleInfo.java:updateAndGet(143)) - c58a0a02-acd3-47c8-b3e9-5b8e0493de45: start FollowerState
2019-10-21 23:46:42,279 [grpc-default-executor-2] INFO  impl.RoleInfo (RoleInfo.java:shutdownFollowerState(121)) - 1360619e-ba1e-4bf9-aec1-9f15b5480b27: shutdown FollowerState
2019-10-21 23:46:42,280 [grpc-default-executor-2] INFO  impl.RoleInfo (RoleInfo.java:updateAndGet(143)) - 1360619e-ba1e-4bf9-aec1-9f15b5480b27: start FollowerState
2019-10-21 23:46:42,280 [Thread-1299] INFO  impl.FollowerState (FollowerState.java:run(117)) - 1360619e-ba1e-4bf9-aec1-9f15b5480b27@group-2FABE92B7E5B-FollowerState was interrupted: java.lang.InterruptedException: sleep interrupted
2019-10-21 23:46:42,294 [b88b3e43-5534-49b3-b3f2-a9f154b450de@group-2FABE92B7E5B-LeaderElection169] INFO  impl.LeaderElection (LeaderElection.java:logAndReturn(56)) - b88b3e43-5534-49b3-b3f2-a9f154b450de@group-2FABE92B7E5B-LeaderElection169: Election REJECTED; received 2 response(s) [b88b3e43-5534-49b3-b3f2-a9f154b450de<-c58a0a02-acd3-47c8-b3e9-5b8e0493de45#0:FAIL-t172, b88b3e43-5534-49b3-b3f2-a9f154b450de<-1360619e-ba1e-4bf9-aec1-9f15b5480b27#0:FAIL-t172] and 0 exception(s); b88b3e43-5534-49b3-b3f2-a9f154b450de@group-2FABE92B7E5B:t172, leader=null, voted=b88b3e43-5534-49b3-b3f2-a9f154b450de, raftlog=b88b3e43-5534-49b3-b3f2-a9f154b450de@group-2FABE92B7E5B-SegmentedRaftLog:OPENED:c-1,f-1,i0, conf=-1: [c58a0a02-acd3-47c8-b3e9-5b8e0493de45:192.168.157.254:33611, 1360619e-ba1e-4bf9-aec1-9f15b5480b27:192.168.157.254:45658, b88b3e43-5534-49b3-b3f2-a9f154b450de:192.168.157.254:46786], old=null
2019-10-21 23:46:42,294 [b88b3e43-5534-49b3-b3f2-a9f154b450de@group-2FABE92B7E5B-LeaderElection169] INFO  impl.RaftServerImpl (RaftServerImpl.java:setRole(184)) - b88b3e43-5534-49b3-b3f2-a9f154b450de@group-2FABE92B7E5B: changes role from CANDIDATE to FOLLOWER at term 172 for DISCOVERED_A_NEW_TERM
2019-10-21 23:46:42,294 [b88b3e43-5534-49b3-b3f2-a9f154b450de@group-2FABE92B7E5B-LeaderElection169] INFO  impl.RoleInfo (RoleInfo.java:shutdownLeaderElection(134)) - b88b3e43-5534-49b3-b3f2-a9f154b450de: shutdown LeaderElection
2019-10-21 23:46:42,294 [b88b3e43-5534-49b3-b3f2-a9f154b450de@group-2FABE92B7E5B-LeaderElection169] INFO  impl.RoleInfo (RoleInfo.java:updateAndGet(143)) - b88b3e43-5534-49b3-b3f2-a9f154b450de: start FollowerState
2019-10-21 23:46:42,332 [Thread-1307] INFO  impl.FollowerState (FollowerState.java:run(108)) - b88b3e43-5534-49b3-b3f2-a9f154b450de@group-2FABE92B7E5B-FollowerState: change to CANDIDATE, lastRpcTime:37ms, electionTimeout:37ms
2019-10-21 23:46:42,332 [Thread-1307] INFO  impl.RoleInfo (RoleInfo.java:shutdownFollowerState(121)) - b88b3e43-5534-49b3-b3f2-a9f154b450de: shutdown FollowerState
2019-10-21 23:46:42,332 [Thread-1307] INFO  impl.RaftServerImpl (RaftServerImpl.java:setRole(184)) - b88b3e43-5534-49b3-b3f2-a9f154b450de@group-2FABE92B7E5B: changes role from  FOLLOWER to CANDIDATE at term 172 for changeToCandidate
2019-10-21 23:46:42,332 [Thread-1307] INFO  impl.RoleInfo (RoleInfo.java:updateAndGet(143)) - b88b3e43-5534-49b3-b3f2-a9f154b450de: start LeaderElection
2019-10-21 23:46:42,346 [b88b3e43-5534-49b3-b3f2-a9f154b450de@group-2FABE92B7E5B-LeaderElection170] INFO  impl.LeaderElection (LeaderElection.java:askForVotes(178)) - b88b3e43-5534-49b3-b3f2-a9f154b450de@group-2FABE92B7E5B-LeaderElection170: begin an election at term 173 for -1: [c58a0a02-acd3-47c8-b3e9-5b8e0493de45:192.168.157.254:33611, 1360619e-ba1e-4bf9-aec1-9f15b5480b27:192.168.157.254:45658, b88b3e43-5534-49b3-b3f2-a9f154b450de:192.168.157.254:46786], old=null
2019-10-21 23:46:42,348 [grpc-default-executor-2] INFO  impl.RaftServerImpl (RaftServerImpl.java:setRole(184)) - 1360619e-ba1e-4bf9-aec1-9f15b5480b27@group-2FABE92B7E5B: changes role from  FOLLOWER to FOLLOWER at term 173 for recognizeCandidate:b88b3e43-5534-49b3-b3f2-a9f154b450de
2019-10-21 23:46:42,348 [grpc-default-executor-2] INFO  impl.RoleInfo (RoleInfo.java:shutdownFollowerState(121)) - 1360619e-ba1e-4bf9-aec1-9f15b5480b27: shutdown FollowerState
2019-10-21 23:46:42,348 [grpc-default-executor-0] INFO  impl.RaftServerImpl (RaftServerImpl.java:setRole(184)) - c58a0a02-acd3-47c8-b3e9-5b8e0493de45@group-2FABE92B7E5B: changes role from  FOLLOWER to FOLLOWER at term 173 for recognizeCandidate:b88b3e43-5534-49b3-b3f2-a9f154b450de
2019-10-21 23:46:42,348 [Thread-1306] INFO  impl.FollowerState (FollowerState.java:run(117)) - 1360619e-ba1e-4bf9-aec1-9f15b5480b27@group-2FABE92B7E5B-FollowerState was interrupted: java.lang.InterruptedException: sleep interrupted
2019-10-21 23:46:42,348 [grpc-default-executor-2] INFO  impl.RoleInfo (RoleInfo.java:updateAndGet(143)) - 1360619e-ba1e-4bf9-aec1-9f15b5480b27: start FollowerState
2019-10-21 23:46:42,349 [grpc-default-executor-0] INFO  impl.RoleInfo (RoleInfo.java:shutdownFollowerState(121)) - c58a0a02-acd3-47c8-b3e9-5b8e0493de45: shutdown FollowerState
2019-10-21 23:46:42,349 [grpc-default-executor-0] INFO  impl.RoleInfo (RoleInfo.java:updateAndGet(143)) - c58a0a02-acd3-47c8-b3e9-5b8e0493de45: start FollowerState
2019-10-21 23:46:42,349 [Thread-1305] INFO  impl.FollowerState (FollowerState.java:run(117)) - c58a0a02-acd3-47c8-b3e9-5b8e0493de45@group-2FABE92B7E5B-FollowerState was interrupted: java.lang.InterruptedException: sleep interrupted
2019-10-21 23:46:42,363 [b88b3e43-5534-49b3-b3f2-a9f154b450de@group-2FABE92B7E5B-LeaderElection170] INFO  impl.LeaderElection (LeaderElection.java:logAndReturn(56)) - b88b3e43-5534-49b3-b3f2-a9f154b450de@group-2FABE92B7E5B-LeaderElection170: Election REJECTED; received 2 response(s) [b88b3e43-5534-49b3-b3f2-a9f154b450de<-c58a0a02-acd3-47c8-b3e9-5b8e0493de45#0:FAIL-t173, b88b3e43-5534-49b3-b3f2-a9f154b450de<-1360619e-ba1e-4bf9-aec1-9f15b5480b27#0:FAIL-t173] and 0 exception(s); b88b3e43-5534-49b3-b3f2-a9f154b450de@group-2FABE92B7E5B:t173, leader=null, voted=b88b3e43-5534-49b3-b3f2-a9f154b450de, raftlog=b88b3e43-5534-49b3-b3f2-a9f154b450de@group-2FABE92B7E5B-SegmentedRaftLog:OPENED:c-1,f-1,i0, conf=-1: [c58a0a02-acd3-47c8-b3e9-5b8e0493de45:192.168.157.254:33611, 1360619e-ba1e-4bf9-aec1-9f15b5480b27:192.168.157.254:45658, b88b3e43-5534-49b3-b3f2-a9f154b450de:192.168.157.254:46786], old=null
2019-10-21 23:46:42,363 [b88b3e43-5534-49b3-b3f2-a9f154b450de@group-2FABE92B7E5B-LeaderElection170] INFO  impl.RaftServerImpl (RaftServerImpl.java:setRole(184)) - b88b3e43-5534-49b3-b3f2-a9f154b450de@group-2FABE92B7E5B: changes role from CANDIDATE to FOLLOWER at term 173 for DISCOVERED_A_NEW_TERM
2019-10-21 23:46:42,363 [b88b3e43-5534-49b3-b3f2-a9f154b450de@group-2FABE92B7E5B-LeaderElection170] INFO  impl.RoleInfo (RoleInfo.java:shutdownLeaderElection(134)) - b88b3e43-5534-49b3-b3f2-a9f154b450de: shutdown LeaderElection
2019-10-21 23:46:42,363 [b88b3e43-5534-49b3-b3f2-a9f154b450de@group-2FABE92B7E5B-LeaderElection170] INFO  impl.RoleInfo (RoleInfo.java:updateAndGet(143)) - b88b3e43-5534-49b3-b3f2-a9f154b450de: start FollowerState
2019-10-21 23:46:42,490 [Thread-1313] INFO  impl.FollowerState (FollowerState.java:run(108)) - b88b3e43-5534-49b3-b3f2-a9f154b450de@group-2FABE92B7E5B-FollowerState: change to CANDIDATE, lastRpcTime:126ms, electionTimeout:126ms
2019-10-21 23:46:42,490 [Thread-1313] INFO  impl.RoleInfo (RoleInfo.java:shutdownFollowerState(121)) - b88b3e43-5534-49b3-b3f2-a9f154b450de: shutdown FollowerState
2019-10-21 23:46:42,490 [Thread-1313] INFO  impl.RaftServerImpl (RaftServerImpl.java:setRole(184)) - b88b3e43-5534-49b3-b3f2-a9f154b450de@group-2FABE92B7E5B: changes role from  FOLLOWER to CANDIDATE at term 173 for changeToCandidate
2019-10-21 23:46:42,490 [Thread-1313] INFO  impl.RoleInfo (RoleInfo.java:updateAndGet(143)) - b88b3e43-5534-49b3-b3f2-a9f154b450de: start LeaderElection
2019-10-21 23:46:42,504 [b88b3e43-5534-49b3-b3f2-a9f154b450de@group-2FABE92B7E5B-LeaderElection171] INFO  impl.LeaderElection (LeaderElection.java:askForVotes(178)) - b88b3e43-5534-49b3-b3f2-a9f154b450de@group-2FABE92B7E5B-LeaderElection171: begin an election at term 174 for -1: [c58a0a02-acd3-47c8-b3e9-5b8e0493de45:192.168.157.254:33611, 1360619e-ba1e-4bf9-aec1-9f15b5480b27:192.168.157.254:45658, b88b3e43-5534-49b3-b3f2-a9f154b450de:192.168.157.254:46786], old=null
2019-10-21 23:46:42,507 [grpc-default-executor-0] INFO  impl.RaftServerImpl (RaftServerImpl.java:setRole(184)) - 1360619e-ba1e-4bf9-aec1-9f15b5480b27@group-2FABE92B7E5B: changes role from  FOLLOWER to FOLLOWER at term 174 for recognizeCandidate:b88b3e43-5534-49b3-b3f2-a9f154b450de
2019-10-21 23:46:42,507 [grpc-default-executor-0] INFO  impl.RoleInfo (RoleInfo.java:shutdownFollowerState(121)) - 1360619e-ba1e-4bf9-aec1-9f15b5480b27: shutdown FollowerState
2019-10-21 23:46:42,507 [grpc-default-executor-2] INFO  impl.RaftServerImpl (RaftServerImpl.java:setRole(184)) - c58a0a02-acd3-47c8-b3e9-5b8e0493de45@group-2FABE92B7E5B: changes role from  FOLLOWER to FOLLOWER at term 174 for recognizeCandidate:b88b3e43-5534-49b3-b3f2-a9f154b450de
2019-10-21 23:46:42,507 [Thread-1311] INFO  impl.FollowerState (FollowerState.java:run(117)) - 1360619e-ba1e-4bf9-aec1-9f15b5480b27@group-2FABE92B7E5B-FollowerState was interrupted: java.lang.InterruptedException: sleep interrupted
2019-10-21 23:46:42,507 [grpc-default-executor-0] INFO  impl.RoleInfo (RoleInfo.java:updateAndGet(143)) - 1360619e-ba1e-4bf9-aec1-9f15b5480b27: start FollowerState
2019-10-21 23:46:42,507 [grpc-default-executor-2] INFO  impl.RoleInfo (RoleInfo.java:shutdownFollowerState(121)) - c58a0a02-acd3-47c8-b3e9-5b8e0493de45: shutdown FollowerState
2019-10-21 23:46:42,508 [grpc-default-executor-2] INFO  impl.RoleInfo (RoleInfo.java:updateAndGet(143)) - c58a0a02-acd3-47c8-b3e9-5b8e0493de45: start FollowerState
2019-10-21 23:46:42,508 [Thread-1312] INFO  impl.FollowerState (FollowerState.java:run(117)) - c58a0a02-acd3-47c8-b3e9-5b8e0493de45@group-2FABE92B7E5B-FollowerState was interrupted: java.lang.InterruptedException: sleep interrupted
2019-10-21 23:46:42,522 [b88b3e43-5534-49b3-b3f2-a9f154b450de@group-2FABE92B7E5B-LeaderElection171] INFO  impl.LeaderElection (LeaderElection.java:logAndReturn(56)) - b88b3e43-5534-49b3-b3f2-a9f154b450de@group-2FABE92B7E5B-LeaderElection171: Election REJECTED; received 2 response(s) [b88b3e43-5534-49b3-b3f2-a9f154b450de<-c58a0a02-acd3-47c8-b3e9-5b8e0493de45#0:FAIL-t174, b88b3e43-5534-49b3-b3f2-a9f154b450de<-1360619e-ba1e-4bf9-aec1-9f15b5480b27#0:FAIL-t174] and 0 exception(s); b88b3e43-5534-49b3-b3f2-a9f154b450de@group-2FABE92B7E5B:t174, leader=null, voted=b88b3e43-5534-49b3-b3f2-a9f154b450de, raftlog=b88b3e43-5534-49b3-b3f2-a9f154b450de@group-2FABE92B7E5B-SegmentedRaftLog:OPENED:c-1,f-1,i0, conf=-1: [c58a0a02-acd3-47c8-b3e9-5b8e0493de45:192.168.157.254:33611, 1360619e-ba1e-4bf9-aec1-9f15b5480b27:192.168.157.254:45658, b88b3e43-5534-49b3-b3f2-a9f154b450de:192.168.157.254:46786], old=null
2019-10-21 23:46:42,523 [b88b3e43-5534-49b3-b3f2-a9f154b450de@group-2FABE92B7E5B-LeaderElection171] INFO  impl.RaftServerImpl (RaftServerImpl.java:setRole(184)) - b88b3e43-5534-49b3-b3f2-a9f154b450de@group-2FABE92B7E5B: changes role from CANDIDATE to FOLLOWER at term 174 for DISCOVERED_A_NEW_TERM
2019-10-21 23:46:42,523 [b88b3e43-5534-49b3-b3f2-a9f154b450de@group-2FABE92B7E5B-LeaderElection171] INFO  impl.RoleInfo (RoleInfo.java:shutdownLeaderElection(134)) - b88b3e43-5534-49b3-b3f2-a9f154b450de: shutdown LeaderElection
2019-10-21 23:46:42,523 [b88b3e43-5534-49b3-b3f2-a9f154b450de@group-2FABE92B7E5B-LeaderElection171] INFO  impl.RoleInfo (RoleInfo.java:updateAndGet(143)) - b88b3e43-5534-49b3-b3f2-a9f154b450de: start FollowerState
2019-10-21 23:46:42,657 [Thread-1319] INFO  impl.FollowerState (FollowerState.java:run(108)) - b88b3e43-5534-49b3-b3f2-a9f154b450de@group-2FABE92B7E5B-FollowerState: change to CANDIDATE, lastRpcTime:134ms, electionTimeout:134ms
2019-10-21 23:46:42,657 [Thread-1319] INFO  impl.RoleInfo (RoleInfo.java:shutdownFollowerState(121)) - b88b3e43-5534-49b3-b3f2-a9f154b450de: shutdown FollowerState
2019-10-21 23:46:42,658 [Thread-1319] INFO  impl.RaftServerImpl (RaftServerImpl.java:setRole(184)) - b88b3e43-5534-49b3-b3f2-a9f154b450de@group-2FABE92B7E5B: changes role from  FOLLOWER to CANDIDATE at term 174 for changeToCandidate
2019-10-21 23:46:42,658 [Thread-1319] INFO  impl.RoleInfo (RoleInfo.java:updateAndGet(143)) - b88b3e43-5534-49b3-b3f2-a9f154b450de: start LeaderElection
2019-10-21 23:46:42,672 [b88b3e43-5534-49b3-b3f2-a9f154b450de@group-2FABE92B7E5B-LeaderElection172] INFO  impl.LeaderElection (LeaderElection.java:askForVotes(178)) - b88b3e43-5534-49b3-b3f2-a9f154b450de@group-2FABE92B7E5B-LeaderElection172: begin an election at term 175 for -1: [c58a0a02-acd3-47c8-b3e9-5b8e0493de45:192.168.157.254:33611, 1360619e-ba1e-4bf9-aec1-9f15b5480b27:192.168.157.254:45658, b88b3e43-5534-49b3-b3f2-a9f154b450de:192.168.157.254:46786], old=null
2019-10-21 23:46:42,674 [grpc-default-executor-2] INFO  impl.RaftServerImpl (RaftServerImpl.java:setRole(184)) - 1360619e-ba1e-4bf9-aec1-9f15b5480b27@group-2FABE92B7E5B: changes role from  FOLLOWER to FOLLOWER at term 175 for recognizeCandidate:b88b3e43-5534-49b3-b3f2-a9f154b450de
2019-10-21 23:46:42,674 [grpc-default-executor-0] INFO  impl.RaftServerImpl (RaftServerImpl.java:setRole(184)) - c58a0a02-acd3-47c8-b3e9-5b8e0493de45@group-2FABE92B7E5B: changes role from  FOLLOWER to FOLLOWER at term 175 for recognizeCandidate:b88b3e43-5534-49b3-b3f2-a9f154b450de
2019-10-21 23:46:42,675 [grpc-default-executor-0] INFO  impl.RoleInfo (RoleInfo.java:shutdownFollowerState(121)) - c58a0a02-acd3-47c8-b3e9-5b8e0493de45: shutdown FollowerState
2019-10-21 23:46:42,674 [grpc-default-executor-2] INFO  impl.RoleInfo (RoleInfo.java:shutdownFollowerState(121)) - 1360619e-ba1e-4bf9-aec1-9f15b5480b27: shutdown FollowerState
2019-10-21 23:46:42,675 [Thread-1318] INFO  impl.FollowerState (FollowerState.java:run(117)) - c58a0a02-acd3-47c8-b3e9-5b8e0493de45@group-2FABE92B7E5B-FollowerState was interrupted: java.lang.InterruptedException: sleep interrupted
2019-10-21 23:46:42,675 [grpc-default-executor-0] INFO  impl.RoleInfo (RoleInfo.java:updateAndGet(143)) - c58a0a02-acd3-47c8-b3e9-5b8e0493de45: start FollowerState
2019-10-21 23:46:42,675 [Thread-1317] INFO  impl.FollowerState (FollowerState.java:run(117)) - 1360619e-ba1e-4bf9-aec1-9f15b5480b27@group-2FABE92B7E5B-FollowerState was interrupted: java.lang.InterruptedException: sleep interrupted
2019-10-21 23:46:42,675 [grpc-default-executor-2] INFO  impl.RoleInfo (RoleInfo.java:updateAndGet(143)) - 1360619e-ba1e-4bf9-aec1-9f15b5480b27: start FollowerState
2019-10-21 23:46:42,689 [b88b3e43-5534-49b3-b3f2-a9f154b450de@group-2FABE92B7E5B-LeaderElection172] INFO  impl.LeaderElection (LeaderElection.java:logAndReturn(56)) - b88b3e43-5534-49b3-b3f2-a9f154b450de@group-2FABE92B7E5B-LeaderElection172: Election REJECTED; received 2 response(s) [b88b3e43-5534-49b3-b3f2-a9f154b450de<-c58a0a02-acd3-47c8-b3e9-5b8e0493de45#0:FAIL-t175, b88b3e43-5534-49b3-b3f2-a9f154b450de<-1360619e-ba1e-4bf9-aec1-9f15b5480b27#0:FAIL-t175] and 0 exception(s); b88b3e43-5534-49b3-b3f2-a9f154b450de@group-2FABE92B7E5B:t175, leader=null, voted=b88b3e43-5534-49b3-b3f2-a9f154b450de, raftlog=b88b3e43-5534-49b3-b3f2-a9f154b450de@group-2FABE92B7E5B-SegmentedRaftLog:OPENED:c-1,f-1,i0, conf=-1: [c58a0a02-acd3-47c8-b3e9-5b8e0493de45:192.168.157.254:33611, 1360619e-ba1e-4bf9-aec1-9f15b5480b27:192.168.157.254:45658, b88b3e43-5534-49b3-b3f2-a9f154b450de:192.168.157.254:46786], old=null
2019-10-21 23:46:42,690 [b88b3e43-5534-49b3-b3f2-a9f154b450de@group-2FABE92B7E5B-LeaderElection172] INFO  impl.RaftServerImpl (RaftServerImpl.java:setRole(184)) - b88b3e43-5534-49b3-b3f2-a9f154b450de@group-2FABE92B7E5B: changes role from CANDIDATE to FOLLOWER at term 175 for DISCOVERED_A_NEW_TERM
2019-10-21 23:46:42,690 [b88b3e43-5534-49b3-b3f2-a9f154b450de@group-2FABE92B7E5B-LeaderElection172] INFO  impl.RoleInfo (RoleInfo.java:shutdownLeaderElection(134)) - b88b3e43-5534-49b3-b3f2-a9f154b450de: shutdown LeaderElection
2019-10-21 23:46:42,690 [b88b3e43-5534-49b3-b3f2-a9f154b450de@group-2FABE92B7E5B-LeaderElection172] INFO  impl.RoleInfo (RoleInfo.java:updateAndGet(143)) - b88b3e43-5534-49b3-b3f2-a9f154b450de: start FollowerState
2019-10-21 23:46:42,822 [Thread-1325] INFO  impl.FollowerState (FollowerState.java:run(108)) - b88b3e43-5534-49b3-b3f2-a9f154b450de@group-2FABE92B7E5B-FollowerState: change to CANDIDATE, lastRpcTime:132ms, electionTimeout:132ms
2019-10-21 23:46:42,822 [Thread-1325] INFO  impl.RoleInfo (RoleInfo.java:shutdownFollowerState(121)) - b88b3e43-5534-49b3-b3f2-a9f154b450de: shutdown FollowerState
2019-10-21 23:46:42,823 [Thread-1325] INFO  impl.RaftServerImpl (RaftServerImpl.java:setRole(184)) - b88b3e43-5534-49b3-b3f2-a9f154b450de@group-2FABE92B7E5B: changes role from  FOLLOWER to CANDIDATE at term 175 for changeToCandidate
2019-10-21 23:46:42,823 [Thread-1325] INFO  impl.RoleInfo (RoleInfo.java:updateAndGet(143)) - b88b3e43-5534-49b3-b3f2-a9f154b450de: start LeaderElection
2019-10-21 23:46:42,836 [b88b3e43-5534-49b3-b3f2-a9f154b450de@group-2FABE92B7E5B-LeaderElection173] INFO  impl.LeaderElection (LeaderElection.java:askForVotes(178)) - b88b3e43-5534-49b3-b3f2-a9f154b450de@group-2FABE92B7E5B-LeaderElection173: begin an election at term 176 for -1: [c58a0a02-acd3-47c8-b3e9-5b8e0493de45:192.168.157.254:33611, 1360619e-ba1e-4bf9-aec1-9f15b5480b27:192.168.157.254:45658, b88b3e43-5534-49b3-b3f2-a9f154b450de:192.168.157.254:46786], old=null
2019-10-21 23:46:42,839 [grpc-default-executor-2] INFO  impl.RaftServerImpl (RaftServerImpl.java:setRole(184)) - c58a0a02-acd3-47c8-b3e9-5b8e0493de45@group-2FABE92B7E5B: changes role from  FOLLOWER to FOLLOWER at term 176 for recognizeCandidate:b88b3e43-5534-49b3-b3f2-a9f154b450de
2019-10-21 23:46:42,839 [grpc-default-executor-0] INFO  impl.RaftServerImpl (RaftServerImpl.java:setRole(184)) - 1360619e-ba1e-4bf9-aec1-9f15b5480b27@group-2FABE92B7E5B: changes role from  FOLLOWER to FOLLOWER at term 176 for recognizeCandidate:b88b3e43-5534-49b3-b3f2-a9f154b450de
2019-10-21 23:46:42,839 [grpc-default-executor-2] INFO  impl.RoleInfo (RoleInfo.java:shutdownFollowerState(121)) - c58a0a02-acd3-47c8-b3e9-5b8e0493de45: shutdown FollowerState
2019-10-21 23:46:42,839 [grpc-default-executor-0] INFO  impl.RoleInfo (RoleInfo.java:shutdownFollowerState(121)) - 1360619e-ba1e-4bf9-aec1-9f15b5480b27: shutdown FollowerState
2019-10-21 23:46:42,839 [Thread-1323] INFO  impl.FollowerState (FollowerState.java:run(117)) - c58a0a02-acd3-47c8-b3e9-5b8e0493de45@group-2FABE92B7E5B-FollowerState was interrupted: java.lang.InterruptedException: sleep interrupted
2019-10-21 23:46:42,839 [grpc-default-executor-2] INFO  impl.RoleInfo (RoleInfo.java:updateAndGet(143)) - c58a0a02-acd3-47c8-b3e9-5b8e0493de45: start FollowerState
2019-10-21 23:46:42,839 [Thread-1324] INFO  impl.FollowerState (FollowerState.java:run(117)) - 1360619e-ba1e-4bf9-aec1-9f15b5480b27@group-2FABE92B7E5B-FollowerState was interrupted: java.lang.InterruptedException: sleep interrupted
2019-10-21 23:46:42,839 [grpc-default-executor-0] INFO  impl.RoleInfo (RoleInfo.java:updateAndGet(143)) - 1360619e-ba1e-4bf9-aec1-9f15b5480b27: start FollowerState
2019-10-21 23:46:42,854 [b88b3e43-5534-49b3-b3f2-a9f154b450de@group-2FABE92B7E5B-LeaderElection173] INFO  impl.LeaderElection (LeaderElection.java:logAndReturn(56)) - b88b3e43-5534-49b3-b3f2-a9f154b450de@group-2FABE92B7E5B-LeaderElection173: Election REJECTED; received 2 response(s) [b88b3e43-5534-49b3-b3f2-a9f154b450de<-c58a0a02-acd3-47c8-b3e9-5b8e0493de45#0:FAIL-t176, b88b3e43-5534-49b3-b3f2-a9f154b450de<-1360619e-ba1e-4bf9-aec1-9f15b5480b27#0:FAIL-t176] and 0 exception(s); b88b3e43-5534-49b3-b3f2-a9f154b450de@group-2FABE92B7E5B:t176, leader=null, voted=b88b3e43-5534-49b3-b3f2-a9f154b450de, raftlog=b88b3e43-5534-49b3-b3f2-a9f154b450de@group-2FABE92B7E5B-SegmentedRaftLog:OPENED:c-1,f-1,i0, conf=-1: [c58a0a02-acd3-47c8-b3e9-5b8e0493de45:192.168.157.254:33611, 1360619e-ba1e-4bf9-aec1-9f15b5480b27:192.168.157.254:45658, b88b3e43-5534-49b3-b3f2-a9f154b450de:192.168.157.254:46786], old=null
2019-10-21 23:46:42,854 [b88b3e43-5534-49b3-b3f2-a9f154b450de@group-2FABE92B7E5B-LeaderElection173] INFO  impl.RaftServerImpl (RaftServerImpl.java:setRole(184)) - b88b3e43-5534-49b3-b3f2-a9f154b450de@group-2FABE92B7E5B: changes role from CANDIDATE to FOLLOWER at term 176 for DISCOVERED_A_NEW_TERM
2019-10-21 23:46:42,854 [b88b3e43-5534-49b3-b3f2-a9f154b450de@group-2FABE92B7E5B-LeaderElection173] INFO  impl.RoleInfo (RoleInfo.java:shutdownLeaderElection(134)) - b88b3e43-5534-49b3-b3f2-a9f154b450de: shutdown LeaderElection
2019-10-21 23:46:42,854 [b88b3e43-5534-49b3-b3f2-a9f154b450de@group-2FABE92B7E5B-LeaderElection173] INFO  impl.RoleInfo (RoleInfo.java:updateAndGet(143)) - b88b3e43-5534-49b3-b3f2-a9f154b450de: start FollowerState
2019-10-21 23:46:42,910 [Thread-1331] INFO  impl.FollowerState (FollowerState.java:run(108)) - b88b3e43-5534-49b3-b3f2-a9f154b450de@group-2FABE92B7E5B-FollowerState: change to CANDIDATE, lastRpcTime:55ms, electionTimeout:55ms
2019-10-21 23:46:42,910 [Thread-1331] INFO  impl.RoleInfo (RoleInfo.java:shutdownFollowerState(121)) - b88b3e43-5534-49b3-b3f2-a9f154b450de: shutdown FollowerState
2019-10-21 23:46:42,910 [Thread-1331] INFO  impl.RaftServerImpl (RaftServerImpl.java:setRole(184)) - b88b3e43-5534-49b3-b3f2-a9f154b450de@group-2FABE92B7E5B: changes role from  FOLLOWER to CANDIDATE at term 176 for changeToCandidate
2019-10-21 23:46:42,910 [Thread-1331] INFO  impl.RoleInfo (RoleInfo.java:updateAndGet(143)) - b88b3e43-5534-49b3-b3f2-a9f154b450de: start LeaderElection
2019-10-21 23:46:42,925 [b88b3e43-5534-49b3-b3f2-a9f154b450de@group-2FABE92B7E5B-LeaderElection174] INFO  impl.LeaderElection (LeaderElection.java:askForVotes(178)) - b88b3e43-5534-49b3-b3f2-a9f154b450de@group-2FABE92B7E5B-LeaderElection174: begin an election at term 177 for -1: [c58a0a02-acd3-47c8-b3e9-5b8e0493de45:192.168.157.254:33611, 1360619e-ba1e-4bf9-aec1-9f15b5480b27:192.168.157.254:45658, b88b3e43-5534-49b3-b3f2-a9f154b450de:192.168.157.254:46786], old=null
2019-10-21 23:46:42,928 [grpc-default-executor-0] INFO  impl.RaftServerImpl (RaftServerImpl.java:setRole(184)) - c58a0a02-acd3-47c8-b3e9-5b8e0493de45@group-2FABE92B7E5B: changes role from  FOLLOWER to FOLLOWER at term 177 for recognizeCandidate:b88b3e43-5534-49b3-b3f2-a9f154b450de
2019-10-21 23:46:42,928 [grpc-default-executor-0] INFO  impl.RoleInfo (RoleInfo.java:shutdownFollowerState(121)) - c58a0a02-acd3-47c8-b3e9-5b8e0493de45: shutdown FollowerState
2019-10-21 23:46:42,928 [grpc-default-executor-2] INFO  impl.RaftServerImpl (RaftServerImpl.java:setRole(184)) - 1360619e-ba1e-4bf9-aec1-9f15b5480b27@group-2FABE92B7E5B: changes role from  FOLLOWER to FOLLOWER at term 177 for recognizeCandidate:b88b3e43-5534-49b3-b3f2-a9f154b450de
2019-10-21 23:46:42,928 [Thread-1329] INFO  impl.FollowerState (FollowerState.java:run(117)) - c58a0a02-acd3-47c8-b3e9-5b8e0493de45@group-2FABE92B7E5B-FollowerState was interrupted: java.lang.InterruptedException: sleep interrupted
2019-10-21 23:46:42,928 [grpc-default-executor-0] INFO  impl.RoleInfo (RoleInfo.java:updateAndGet(143)) - c58a0a02-acd3-47c8-b3e9-5b8e0493de45: start FollowerState
2019-10-21 23:46:42,930 [grpc-default-executor-2] INFO  impl.RoleInfo (RoleInfo.java:shutdownFollowerState(121)) - 1360619e-ba1e-4bf9-aec1-9f15b5480b27: shutdown FollowerState
2019-10-21 23:46:42,930 [Thread-1330] INFO  impl.FollowerState (FollowerState.java:run(117)) - 1360619e-ba1e-4bf9-aec1-9f15b5480b27@group-2FABE92B7E5B-FollowerState was interrupted: java.lang.InterruptedException: sleep interrupted
2019-10-21 23:46:42,930 [grpc-default-executor-2] INFO  impl.RoleInfo (RoleInfo.java:updateAndGet(143)) - 1360619e-ba1e-4bf9-aec1-9f15b5480b27: start FollowerState
2019-10-21 23:46:42,944 [b88b3e43-5534-49b3-b3f2-a9f154b450de@group-2FABE92B7E5B-LeaderElection174] INFO  impl.LeaderElection (LeaderElection.java:logAndReturn(56)) - b88b3e43-5534-49b3-b3f2-a9f154b450de@group-2FABE92B7E5B-LeaderElection174: Election REJECTED; received 2 response(s) [b88b3e43-5534-49b3-b3f2-a9f154b450de<-c58a0a02-acd3-47c8-b3e9-5b8e0493de45#0:FAIL-t177, b88b3e43-5534-49b3-b3f2-a9f154b450de<-1360619e-ba1e-4bf9-aec1-9f15b5480b27#0:FAIL-t177] and 0 exception(s); b88b3e43-5534-49b3-b3f2-a9f154b450de@group-2FABE92B7E5B:t177, leader=null, voted=b88b3e43-5534-49b3-b3f2-a9f154b450de, raftlog=b88b3e43-5534-49b3-b3f2-a9f154b450de@group-2FABE92B7E5B-SegmentedRaftLog:OPENED:c-1,f-1,i0, conf=-1: [c58a0a02-acd3-47c8-b3e9-5b8e0493de45:192.168.157.254:33611, 1360619e-ba1e-4bf9-aec1-9f15b5480b27:192.168.157.254:45658, b88b3e43-5534-49b3-b3f2-a9f154b450de:192.168.157.254:46786], old=null
2019-10-21 23:46:42,944 [b88b3e43-5534-49b3-b3f2-a9f154b450de@group-2FABE92B7E5B-LeaderElection174] INFO  impl.RaftServerImpl (RaftServerImpl.java:setRole(184)) - b88b3e43-5534-49b3-b3f2-a9f154b450de@group-2FABE92B7E5B: changes role from CANDIDATE to FOLLOWER at term 177 for DISCOVERED_A_NEW_TERM
2019-10-21 23:46:42,945 [b88b3e43-5534-49b3-b3f2-a9f154b450de@group-2FABE92B7E5B-LeaderElection174] INFO  impl.RoleInfo (RoleInfo.java:shutdownLeaderElection(134)) - b88b3e43-5534-49b3-b3f2-a9f154b450de: shutdown LeaderElection
2019-10-21 23:46:42,945 [b88b3e43-5534-49b3-b3f2-a9f154b450de@group-2FABE92B7E5B-LeaderElection174] INFO  impl.RoleInfo (RoleInfo.java:updateAndGet(143)) - b88b3e43-5534-49b3-b3f2-a9f154b450de: start FollowerState
2019-10-21 23:46:42,996 [Thread-1339] INFO  impl.FollowerState (FollowerState.java:run(108)) - b88b3e43-5534-49b3-b3f2-a9f154b450de@group-2FABE92B7E5B-FollowerState: change to CANDIDATE, lastRpcTime:51ms, electionTimeout:51ms
2019-10-21 23:46:42,996 [Thread-1339] INFO  impl.RoleInfo (RoleInfo.java:shutdownFollowerState(121)) - b88b3e43-5534-49b3-b3f2-a9f154b450de: shutdown FollowerState
2019-10-21 23:46:42,996 [Thread-1339] INFO  impl.RaftServerImpl (RaftServerImpl.java:setRole(184)) - b88b3e43-5534-49b3-b3f2-a9f154b450de@group-2FABE92B7E5B: changes role from  FOLLOWER to CANDIDATE at term 177 for changeToCandidate
2019-10-21 23:46:42,997 [Thread-1339] INFO  impl.RoleInfo (RoleInfo.java:updateAndGet(143)) - b88b3e43-5534-49b3-b3f2-a9f154b450de: start LeaderElection
2019-10-21 23:46:43,010 [b88b3e43-5534-49b3-b3f2-a9f154b450de@group-2FABE92B7E5B-LeaderElection175] INFO  impl.LeaderElection (LeaderElection.java:askForVotes(178)) - b88b3e43-5534-49b3-b3f2-a9f154b450de@group-2FABE92B7E5B-LeaderElection175: begin an election at term 178 for -1: [c58a0a02-acd3-47c8-b3e9-5b8e0493de45:192.168.157.254:33611, 1360619e-ba1e-4bf9-aec1-9f15b5480b27:192.168.157.254:45658, b88b3e43-5534-49b3-b3f2-a9f154b450de:192.168.157.254:46786], old=null
2019-10-21 23:46:43,012 [grpc-default-executor-0] INFO  impl.RaftServerImpl (RaftServerImpl.java:setRole(184)) - 1360619e-ba1e-4bf9-aec1-9f15b5480b27@group-2FABE92B7E5B: changes role from  FOLLOWER to FOLLOWER at term 178 for recognizeCandidate:b88b3e43-5534-49b3-b3f2-a9f154b450de
2019-10-21 23:46:43,012 [grpc-default-executor-0] INFO  impl.RoleInfo (RoleInfo.java:shutdownFollowerState(121)) - 1360619e-ba1e-4bf9-aec1-9f15b5480b27: shutdown FollowerState
2019-10-21 23:46:43,012 [grpc-default-executor-2] INFO  impl.RaftServerImpl (RaftServerImpl.java:setRole(184)) - c58a0a02-acd3-47c8-b3e9-5b8e0493de45@group-2FABE92B7E5B: changes role from  FOLLOWER to FOLLOWER at term 178 for recognizeCandidate:b88b3e43-5534-49b3-b3f2-a9f154b450de
2019-10-21 23:46:43,012 [Thread-1337] INFO  impl.FollowerState (FollowerState.java:run(117)) - 1360619e-ba1e-4bf9-aec1-9f15b5480b27@group-2FABE92B7E5B-FollowerState was interrupted: java.lang.InterruptedException: sleep interrupted
2019-10-21 23:46:43,012 [grpc-default-executor-0] INFO  impl.RoleInfo (RoleInfo.java:updateAndGet(143)) - 1360619e-ba1e-4bf9-aec1-9f15b5480b27: start FollowerState
2019-10-21 23:46:43,012 [grpc-default-executor-2] INFO  impl.RoleInfo (RoleInfo.java:shutdownFollowerState(121)) - c58a0a02-acd3-47c8-b3e9-5b8e0493de45: shutdown FollowerState
2019-10-21 23:46:43,013 [grpc-default-executor-2] INFO  impl.RoleInfo (RoleInfo.java:updateAndGet(143)) - c58a0a02-acd3-47c8-b3e9-5b8e0493de45: start FollowerState
2019-10-21 23:46:43,013 [Thread-1335] INFO  impl.FollowerState (FollowerState.java:run(117)) - c58a0a02-acd3-47c8-b3e9-5b8e0493de45@group-2FABE92B7E5B-FollowerState was interrupted: java.lang.InterruptedException: sleep interrupted
2019-10-21 23:46:43,027 [b88b3e43-5534-49b3-b3f2-a9f154b450de@group-2FABE92B7E5B-LeaderElection175] INFO  impl.LeaderElection (LeaderElection.java:logAndReturn(56)) - b88b3e43-5534-49b3-b3f2-a9f154b450de@group-2FABE92B7E5B-LeaderElection175: Election REJECTED; received 2 response(s) [b88b3e43-5534-49b3-b3f2-a9f154b450de<-c58a0a02-acd3-47c8-b3e9-5b8e0493de45#0:FAIL-t178, b88b3e43-5534-49b3-b3f2-a9f154b450de<-1360619e-ba1e-4bf9-aec1-9f15b5480b27#0:FAIL-t178] and 0 exception(s); b88b3e43-5534-49b3-b3f2-a9f154b450de@group-2FABE92B7E5B:t178, leader=null, voted=b88b3e43-5534-49b3-b3f2-a9f154b450de, raftlog=b88b3e43-5534-49b3-b3f2-a9f154b450de@group-2FABE92B7E5B-SegmentedRaftLog:OPENED:c-1,f-1,i0, conf=-1: [c58a0a02-acd3-47c8-b3e9-5b8e0493de45:192.168.157.254:33611, 1360619e-ba1e-4bf9-aec1-9f15b5480b27:192.168.157.254:45658, b88b3e43-5534-49b3-b3f2-a9f154b450de:192.168.157.254:46786], old=null
2019-10-21 23:46:43,027 [b88b3e43-5534-49b3-b3f2-a9f154b450de@group-2FABE92B7E5B-LeaderElection175] INFO  impl.RaftServerImpl (RaftServerImpl.java:setRole(184)) - b88b3e43-5534-49b3-b3f2-a9f154b450de@group-2FABE92B7E5B: changes role from CANDIDATE to FOLLOWER at term 178 for DISCOVERED_A_NEW_TERM
2019-10-21 23:46:43,027 [b88b3e43-5534-49b3-b3f2-a9f154b450de@group-2FABE92B7E5B-LeaderElection175] INFO  impl.RoleInfo (RoleInfo.java:shutdownLeaderElection(134)) - b88b3e43-5534-49b3-b3f2-a9f154b450de: shutdown LeaderElection
2019-10-21 23:46:43,027 [b88b3e43-5534-49b3-b3f2-a9f154b450de@group-2FABE92B7E5B-LeaderElection175] INFO  impl.RoleInfo (RoleInfo.java:updateAndGet(143)) - b88b3e43-5534-49b3-b3f2-a9f154b450de: start FollowerState
2019-10-21 23:46:43,127 [Thread-1345] INFO  impl.FollowerState (FollowerState.java:run(108)) - b88b3e43-5534-49b3-b3f2-a9f154b450de@group-2FABE92B7E5B-FollowerState: change to CANDIDATE, lastRpcTime:99ms, electionTimeout:99ms
2019-10-21 23:46:43,127 [Thread-1345] INFO  impl.RoleInfo (RoleInfo.java:shutdownFollowerState(121)) - b88b3e43-5534-49b3-b3f2-a9f154b450de: shutdown FollowerState
2019-10-21 23:46:43,127 [Thread-1345] INFO  impl.RaftServerImpl (RaftServerImpl.java:setRole(184)) - b88b3e43-5534-49b3-b3f2-a9f154b450de@group-2FABE92B7E5B: changes role from  FOLLOWER to CANDIDATE at term 178 for changeToCandidate
2019-10-21 23:46:43,127 [Thread-1345] INFO  impl.RoleInfo (RoleInfo.java:updateAndGet(143)) - b88b3e43-5534-49b3-b3f2-a9f154b450de: start LeaderElection
2019-10-21 23:46:43,152 [b88b3e43-5534-49b3-b3f2-a9f154b450de@group-2FABE92B7E5B-LeaderElection176] INFO  impl.LeaderElection (LeaderElection.java:askForVotes(178)) - b88b3e43-5534-49b3-b3f2-a9f154b450de@group-2FABE92B7E5B-LeaderElection176: begin an election at term 179 for -1: [c58a0a02-acd3-47c8-b3e9-5b8e0493de45:192.168.157.254:33611, 1360619e-ba1e-4bf9-aec1-9f15b5480b27:192.168.157.254:45658, b88b3e43-5534-49b3-b3f2-a9f154b450de:192.168.157.254:46786], old=null
2019-10-21 23:46:43,154 [grpc-default-executor-2] INFO  impl.RaftServerImpl (RaftServerImpl.java:setRole(184)) - c58a0a02-acd3-47c8-b3e9-5b8e0493de45@group-2FABE92B7E5B: changes role from  FOLLOWER to FOLLOWER at term 179 for recognizeCandidate:b88b3e43-5534-49b3-b3f2-a9f154b450de
2019-10-21 23:46:43,154 [grpc-default-executor-0] INFO  impl.RaftServerImpl (RaftServerImpl.java:setRole(184)) - 1360619e-ba1e-4bf9-aec1-9f15b5480b27@group-2FABE92B7E5B: changes role from  FOLLOWER to FOLLOWER at term 179 for recognizeCandidate:b88b3e43-5534-49b3-b3f2-a9f154b450de
2019-10-21 23:46:43,154 [grpc-default-executor-2] INFO  impl.RoleInfo (RoleInfo.java:shutdownFollowerState(121)) - c58a0a02-acd3-47c8-b3e9-5b8e0493de45: shutdown FollowerState
2019-10-21 23:46:43,154 [grpc-default-executor-0] INFO  impl.RoleInfo (RoleInfo.java:shutdownFollowerState(121)) - 1360619e-ba1e-4bf9-aec1-9f15b5480b27: shutdown FollowerState
2019-10-21 23:46:43,154 [Thread-1344] INFO  impl.FollowerState (FollowerState.java:run(117)) - c58a0a02-acd3-47c8-b3e9-5b8e0493de45@group-2FABE92B7E5B-FollowerState was interrupted: java.lang.InterruptedException: sleep interrupted
2019-10-21 23:46:43,154 [grpc-default-executor-2] INFO  impl.RoleInfo (RoleInfo.java:updateAndGet(143)) - c58a0a02-acd3-47c8-b3e9-5b8e0493de45: start FollowerState
2019-10-21 23:46:43,155 [Thread-1343] INFO  impl.FollowerState (FollowerState.java:run(117)) - 1360619e-ba1e-4bf9-aec1-9f15b5480b27@group-2FABE92B7E5B-FollowerState was interrupted: java.lang.InterruptedException: sleep interrupted
2019-10-21 23:46:43,155 [grpc-default-executor-0] INFO  impl.RoleInfo (RoleInfo.java:updateAndGet(143)) - 1360619e-ba1e-4bf9-aec1-9f15b5480b27: start FollowerState
2019-10-21 23:46:43,169 [b88b3e43-5534-49b3-b3f2-a9f154b450de@group-2FABE92B7E5B-LeaderElection176] INFO  impl.LeaderElection (LeaderElection.java:logAndReturn(56)) - b88b3e43-5534-49b3-b3f2-a9f154b450de@group-2FABE92B7E5B-LeaderElection176: Election REJECTED; received 2 response(s) [b88b3e43-5534-49b3-b3f2-a9f154b450de<-c58a0a02-acd3-47c8-b3e9-5b8e0493de45#0:FAIL-t179, b88b3e43-5534-49b3-b3f2-a9f154b450de<-1360619e-ba1e-4bf9-aec1-9f15b5480b27#0:FAIL-t179] and 0 exception(s); b88b3e43-5534-49b3-b3f2-a9f154b450de@group-2FABE92B7E5B:t179, leader=null, voted=b88b3e43-5534-49b3-b3f2-a9f154b450de, raftlog=b88b3e43-5534-49b3-b3f2-a9f154b450de@group-2FABE92B7E5B-SegmentedRaftLog:OPENED:c-1,f-1,i0, conf=-1: [c58a0a02-acd3-47c8-b3e9-5b8e0493de45:192.168.157.254:33611, 1360619e-ba1e-4bf9-aec1-9f15b5480b27:192.168.157.254:45658, b88b3e43-5534-49b3-b3f2-a9f154b450de:192.168.157.254:46786], old=null
2019-10-21 23:46:43,170 [b88b3e43-5534-49b3-b3f2-a9f154b450de@group-2FABE92B7E5B-LeaderElection176] INFO  impl.RaftServerImpl (RaftServerImpl.java:setRole(184)) - b88b3e43-5534-49b3-b3f2-a9f154b450de@group-2FABE92B7E5B: changes role from CANDIDATE to FOLLOWER at term 179 for DISCOVERED_A_NEW_TERM
2019-10-21 23:46:43,170 [b88b3e43-5534-49b3-b3f2-a9f154b450de@group-2FABE92B7E5B-LeaderElection176] INFO  impl.RoleInfo (RoleInfo.java:shutdownLeaderElection(134)) - b88b3e43-5534-49b3-b3f2-a9f154b450de: shutdown LeaderElection
2019-10-21 23:46:43,170 [b88b3e43-5534-49b3-b3f2-a9f154b450de@group-2FABE92B7E5B-LeaderElection176] INFO  impl.RoleInfo (RoleInfo.java:updateAndGet(143)) - b88b3e43-5534-49b3-b3f2-a9f154b450de: start FollowerState
2019-10-21 23:46:43,243 [Thread-1351] INFO  impl.FollowerState (FollowerState.java:run(108)) - b88b3e43-5534-49b3-b3f2-a9f154b450de@group-2FABE92B7E5B-FollowerState: change to CANDIDATE, lastRpcTime:73ms, electionTimeout:73ms
2019-10-21 23:46:43,243 [Thread-1351] INFO  impl.RoleInfo (RoleInfo.java:shutdownFollowerState(121)) - b88b3e43-5534-49b3-b3f2-a9f154b450de: shutdown FollowerState
2019-10-21 23:46:43,244 [Thread-1351] INFO  impl.RaftServerImpl (RaftServerImpl.java:setRole(184)) - b88b3e43-5534-49b3-b3f2-a9f154b450de@group-2FABE92B7E5B: changes role from  FOLLOWER to CANDIDATE at term 179 for changeToCandidate
2019-10-21 23:46:43,244 [Thread-1351] INFO  impl.RoleInfo (RoleInfo.java:updateAndGet(143)) - b88b3e43-5534-49b3-b3f2-a9f154b450de: start LeaderElection
2019-10-21 23:46:43,257 [b88b3e43-5534-49b3-b3f2-a9f154b450de@group-2FABE92B7E5B-LeaderElection177] INFO  impl.LeaderElection (LeaderElection.java:askForVotes(178)) - b88b3e43-5534-49b3-b3f2-a9f154b450de@group-2FABE92B7E5B-LeaderElection177: begin an election at term 180 for -1: [c58a0a02-acd3-47c8-b3e9-5b8e0493de45:192.168.157.254:33611, 1360619e-ba1e-4bf9-aec1-9f15b5480b27:192.168.157.254:45658, b88b3e43-5534-49b3-b3f2-a9f154b450de:192.168.157.254:46786], old=null
2019-10-21 23:46:43,259 [grpc-default-executor-2] INFO  impl.RaftServerImpl (RaftServerImpl.java:setRole(184)) - 1360619e-ba1e-4bf9-aec1-9f15b5480b27@group-2FABE92B7E5B: changes role from  FOLLOWER to FOLLOWER at term 180 for recognizeCandidate:b88b3e43-5534-49b3-b3f2-a9f154b450de
2019-10-21 23:46:43,259 [grpc-default-executor-0] INFO  impl.RaftServerImpl (RaftServerImpl.java:setRole(184)) - c58a0a02-acd3-47c8-b3e9-5b8e0493de45@group-2FABE92B7E5B: changes role from  FOLLOWER to FOLLOWER at term 180 for recognizeCandidate:b88b3e43-5534-49b3-b3f2-a9f154b450de
2019-10-21 23:46:43,260 [grpc-default-executor-0] INFO  impl.RoleInfo (RoleInfo.java:shutdownFollowerState(121)) - c58a0a02-acd3-47c8-b3e9-5b8e0493de45: shutdown FollowerState
2019-10-21 23:46:43,259 [grpc-default-executor-2] INFO  impl.RoleInfo (RoleInfo.java:shutdownFollowerState(121)) - 1360619e-ba1e-4bf9-aec1-9f15b5480b27: shutdown FollowerState
2019-10-21 23:46:43,260 [Thread-1349] INFO  impl.FollowerState (FollowerState.java:run(117)) - c58a0a02-acd3-47c8-b3e9-5b8e0493de45@group-2FABE92B7E5B-FollowerState was interrupted: java.lang.InterruptedException: sleep interrupted
2019-10-21 23:46:43,260 [grpc-default-executor-0] INFO  impl.RoleInfo (RoleInfo.java:updateAndGet(143)) - c58a0a02-acd3-47c8-b3e9-5b8e0493de45: start FollowerState
2019-10-21 23:46:43,260 [Thread-1350] INFO  impl.FollowerState (FollowerState.java:run(117)) - 1360619e-ba1e-4bf9-aec1-9f15b5480b27@group-2FABE92B7E5B-FollowerState was interrupted: java.lang.InterruptedException: sleep interrupted
2019-10-21 23:46:43,260 [grpc-default-executor-2] INFO  impl.RoleInfo (RoleInfo.java:updateAndGet(143)) - 1360619e-ba1e-4bf9-aec1-9f15b5480b27: start FollowerState
2019-10-21 23:46:43,275 [b88b3e43-5534-49b3-b3f2-a9f154b450de@group-2FABE92B7E5B-LeaderElection177] INFO  impl.LeaderElection (LeaderElection.java:logAndReturn(56)) - b88b3e43-5534-49b3-b3f2-a9f154b450de@group-2FABE92B7E5B-LeaderElection177: Election REJECTED; received 2 response(s) [b88b3e43-5534-49b3-b3f2-a9f154b450de<-c58a0a02-acd3-47c8-b3e9-5b8e0493de45#0:FAIL-t180, b88b3e43-5534-49b3-b3f2-a9f154b450de<-1360619e-ba1e-4bf9-aec1-9f15b5480b27#0:FAIL-t180] and 0 exception(s); b88b3e43-5534-49b3-b3f2-a9f154b450de@group-2FABE92B7E5B:t180, leader=null, voted=b88b3e43-5534-49b3-b3f2-a9f154b450de, raftlog=b88b3e43-5534-49b3-b3f2-a9f154b450de@group-2FABE92B7E5B-SegmentedRaftLog:OPENED:c-1,f-1,i0, conf=-1: [c58a0a02-acd3-47c8-b3e9-5b8e0493de45:192.168.157.254:33611, 1360619e-ba1e-4bf9-aec1-9f15b5480b27:192.168.157.254:45658, b88b3e43-5534-49b3-b3f2-a9f154b450de:192.168.157.254:46786], old=null
2019-10-21 23:46:43,275 [b88b3e43-5534-49b3-b3f2-a9f154b450de@group-2FABE92B7E5B-LeaderElection177] INFO  impl.RaftServerImpl (RaftServerImpl.java:setRole(184)) - b88b3e43-5534-49b3-b3f2-a9f154b450de@group-2FABE92B7E5B: changes role from CANDIDATE to FOLLOWER at term 180 for DISCOVERED_A_NEW_TERM
2019-10-21 23:46:43,275 [b88b3e43-5534-49b3-b3f2-a9f154b450de@group-2FABE92B7E5B-LeaderElection177] INFO  impl.RoleInfo (RoleInfo.java:shutdownLeaderElection(134)) - b88b3e43-5534-49b3-b3f2-a9f154b450de: shutdown LeaderElection
2019-10-21 23:46:43,275 [b88b3e43-5534-49b3-b3f2-a9f154b450de@group-2FABE92B7E5B-LeaderElection177] INFO  impl.RoleInfo (RoleInfo.java:updateAndGet(143)) - b88b3e43-5534-49b3-b3f2-a9f154b450de: start FollowerState
2019-10-21 23:46:43,333 [Thread-1357] INFO  impl.FollowerState (FollowerState.java:run(108)) - b88b3e43-5534-49b3-b3f2-a9f154b450de@group-2FABE92B7E5B-FollowerState: change to CANDIDATE, lastRpcTime:58ms, electionTimeout:58ms
2019-10-21 23:46:43,334 [Thread-1357] INFO  impl.RoleInfo (RoleInfo.java:shutdownFollowerState(121)) - b88b3e43-5534-49b3-b3f2-a9f154b450de: shutdown FollowerState
2019-10-21 23:46:43,334 [Thread-1357] INFO  impl.RaftServerImpl (RaftServerImpl.java:setRole(184)) - b88b3e43-5534-49b3-b3f2-a9f154b450de@group-2FABE92B7E5B: changes role from  FOLLOWER to CANDIDATE at term 180 for changeToCandidate
2019-10-21 23:46:43,334 [Thread-1357] INFO  impl.RoleInfo (RoleInfo.java:updateAndGet(143)) - b88b3e43-5534-49b3-b3f2-a9f154b450de: start LeaderElection
2019-10-21 23:46:43,348 [b88b3e43-5534-49b3-b3f2-a9f154b450de@group-2FABE92B7E5B-LeaderElection178] INFO  impl.LeaderElection (LeaderElection.java:askForVotes(178)) - b88b3e43-5534-49b3-b3f2-a9f154b450de@group-2FABE92B7E5B-LeaderElection178: begin an election at term 181 for -1: [c58a0a02-acd3-47c8-b3e9-5b8e0493de45:192.168.157.254:33611, 1360619e-ba1e-4bf9-aec1-9f15b5480b27:192.168.157.254:45658, b88b3e43-5534-49b3-b3f2-a9f154b450de:192.168.157.254:46786], old=null
2019-10-21 23:46:43,350 [grpc-default-executor-0] INFO  impl.RaftServerImpl (RaftServerImpl.java:setRole(184)) - c58a0a02-acd3-47c8-b3e9-5b8e0493de45@group-2FABE92B7E5B: changes role from  FOLLOWER to FOLLOWER at term 181 for recognizeCandidate:b88b3e43-5534-49b3-b3f2-a9f154b450de
2019-10-21 23:46:43,350 [grpc-default-executor-2] INFO  impl.RaftServerImpl (RaftServerImpl.java:setRole(184)) - 1360619e-ba1e-4bf9-aec1-9f15b5480b27@group-2FABE92B7E5B: changes role from  FOLLOWER to FOLLOWER at term 181 for recognizeCandidate:b88b3e43-5534-49b3-b3f2-a9f154b450de
2019-10-21 23:46:43,350 [grpc-default-executor-0] INFO  impl.RoleInfo (RoleInfo.java:shutdownFollowerState(121)) - c58a0a02-acd3-47c8-b3e9-5b8e0493de45: shutdown FollowerState
2019-10-21 23:46:43,350 [grpc-default-executor-2] INFO  impl.RoleInfo (RoleInfo.java:shutdownFollowerState(121)) - 1360619e-ba1e-4bf9-aec1-9f15b5480b27: shutdown FollowerState
2019-10-21 23:46:43,350 [Thread-1355] INFO  impl.FollowerState (FollowerState.java:run(117)) - c58a0a02-acd3-47c8-b3e9-5b8e0493de45@group-2FABE92B7E5B-FollowerState was interrupted: java.lang.InterruptedException: sleep interrupted
2019-10-21 23:46:43,350 [grpc-default-executor-0] INFO  impl.RoleInfo (RoleInfo.java:updateAndGet(143)) - c58a0a02-acd3-47c8-b3e9-5b8e0493de45: start FollowerState
2019-10-21 23:46:43,350 [Thread-1356] INFO  impl.FollowerState (FollowerState.java:run(117)) - 1360619e-ba1e-4bf9-aec1-9f15b5480b27@group-2FABE92B7E5B-FollowerState was interrupted: java.lang.InterruptedException: sleep interrupted
2019-10-21 23:46:43,350 [grpc-default-executor-2] INFO  impl.RoleInfo (RoleInfo.java:updateAndGet(143)) - 1360619e-ba1e-4bf9-aec1-9f15b5480b27: start FollowerState
2019-10-21 23:46:43,373 [b88b3e43-5534-49b3-b3f2-a9f154b450de@group-2FABE92B7E5B-LeaderElection178] INFO  impl.LeaderElection (LeaderElection.java:logAndReturn(56)) - b88b3e43-5534-49b3-b3f2-a9f154b450de@group-2FABE92B7E5B-LeaderElection178: Election REJECTED; received 2 response(s) [b88b3e43-5534-49b3-b3f2-a9f154b450de<-c58a0a02-acd3-47c8-b3e9-5b8e0493de45#0:FAIL-t181, b88b3e43-5534-49b3-b3f2-a9f154b450de<-1360619e-ba1e-4bf9-aec1-9f15b5480b27#0:FAIL-t181] and 0 exception(s); b88b3e43-5534-49b3-b3f2-a9f154b450de@group-2FABE92B7E5B:t181, leader=null, voted=b88b3e43-5534-49b3-b3f2-a9f154b450de, raftlog=b88b3e43-5534-49b3-b3f2-a9f154b450de@group-2FABE92B7E5B-SegmentedRaftLog:OPENED:c-1,f-1,i0, conf=-1: [c58a0a02-acd3-47c8-b3e9-5b8e0493de45:192.168.157.254:33611, 1360619e-ba1e-4bf9-aec1-9f15b5480b27:192.168.157.254:45658, b88b3e43-5534-49b3-b3f2-a9f154b450de:192.168.157.254:46786], old=null
2019-10-21 23:46:43,373 [b88b3e43-5534-49b3-b3f2-a9f154b450de@group-2FABE92B7E5B-LeaderElection178] INFO  impl.RaftServerImpl (RaftServerImpl.java:setRole(184)) - b88b3e43-5534-49b3-b3f2-a9f154b450de@group-2FABE92B7E5B: changes role from CANDIDATE to FOLLOWER at term 181 for DISCOVERED_A_NEW_TERM
2019-10-21 23:46:43,373 [b88b3e43-5534-49b3-b3f2-a9f154b450de@group-2FABE92B7E5B-LeaderElection178] INFO  impl.RoleInfo (RoleInfo.java:shutdownLeaderElection(134)) - b88b3e43-5534-49b3-b3f2-a9f154b450de: shutdown LeaderElection
2019-10-21 23:46:43,374 [b88b3e43-5534-49b3-b3f2-a9f154b450de@group-2FABE92B7E5B-LeaderElection178] INFO  impl.RoleInfo (RoleInfo.java:updateAndGet(143)) - b88b3e43-5534-49b3-b3f2-a9f154b450de: start FollowerState
2019-10-21 23:46:43,502 [Thread-1363] INFO  impl.FollowerState (FollowerState.java:run(108)) - b88b3e43-5534-49b3-b3f2-a9f154b450de@group-2FABE92B7E5B-FollowerState: change to CANDIDATE, lastRpcTime:128ms, electionTimeout:128ms
2019-10-21 23:46:43,502 [Thread-1363] INFO  impl.RoleInfo (RoleInfo.java:shutdownFollowerState(121)) - b88b3e43-5534-49b3-b3f2-a9f154b450de: shutdown FollowerState
2019-10-21 23:46:43,502 [Thread-1363] INFO  impl.RaftServerImpl (RaftServerImpl.java:setRole(184)) - b88b3e43-5534-49b3-b3f2-a9f154b450de@group-2FABE92B7E5B: changes role from  FOLLOWER to CANDIDATE at term 181 for changeToCandidate
2019-10-21 23:46:43,502 [Thread-1363] INFO  impl.RoleInfo (RoleInfo.java:updateAndGet(143)) - b88b3e43-5534-49b3-b3f2-a9f154b450de: start LeaderElection
2019-10-21 23:46:43,517 [b88b3e43-5534-49b3-b3f2-a9f154b450de@group-2FABE92B7E5B-LeaderElection179] INFO  impl.LeaderElection (LeaderElection.java:askForVotes(178)) - b88b3e43-5534-49b3-b3f2-a9f154b450de@group-2FABE92B7E5B-LeaderElection179: begin an election at term 182 for -1: [c58a0a02-acd3-47c8-b3e9-5b8e0493de45:192.168.157.254:33611, 1360619e-ba1e-4bf9-aec1-9f15b5480b27:192.168.157.254:45658, b88b3e43-5534-49b3-b3f2-a9f154b450de:192.168.157.254:46786], old=null
2019-10-21 23:46:43,519 [grpc-default-executor-0] INFO  impl.RaftServerImpl (RaftServerImpl.java:setRole(184)) - c58a0a02-acd3-47c8-b3e9-5b8e0493de45@group-2FABE92B7E5B: changes role from  FOLLOWER to FOLLOWER at term 182 for recognizeCandidate:b88b3e43-5534-49b3-b3f2-a9f154b450de
2019-10-21 23:46:43,519 [grpc-default-executor-0] INFO  impl.RoleInfo (RoleInfo.java:shutdownFollowerState(121)) - c58a0a02-acd3-47c8-b3e9-5b8e0493de45: shutdown FollowerState
2019-10-21 23:46:43,519 [grpc-default-executor-2] INFO  impl.RaftServerImpl (RaftServerImpl.java:setRole(184)) - 1360619e-ba1e-4bf9-aec1-9f15b5480b27@group-2FABE92B7E5B: changes role from  FOLLOWER to FOLLOWER at term 182 for recognizeCandidate:b88b3e43-5534-49b3-b3f2-a9f154b450de
2019-10-21 23:46:43,519 [Thread-1361] INFO  impl.FollowerState (FollowerState.java:run(117)) - c58a0a02-acd3-47c8-b3e9-5b8e0493de45@group-2FABE92B7E5B-FollowerState was interrupted: java.lang.InterruptedException: sleep interrupted
2019-10-21 23:46:43,519 [grpc-default-executor-0] INFO  impl.RoleInfo (RoleInfo.java:updateAndGet(143)) - c58a0a02-acd3-47c8-b3e9-5b8e0493de45: start FollowerState
2019-10-21 23:46:43,519 [grpc-default-executor-2] INFO  impl.RoleInfo (RoleInfo.java:shutdownFollowerState(121)) - 1360619e-ba1e-4bf9-aec1-9f15b5480b27: shutdown FollowerState
2019-10-21 23:46:43,520 [grpc-default-executor-2] INFO  impl.RoleInfo (RoleInfo.java:updateAndGet(143)) - 1360619e-ba1e-4bf9-aec1-9f15b5480b27: start FollowerState
2019-10-21 23:46:43,520 [Thread-1362] INFO  impl.FollowerState (FollowerState.java:run(117)) - 1360619e-ba1e-4bf9-aec1-9f15b5480b27@group-2FABE92B7E5B-FollowerState was interrupted: java.lang.InterruptedException: sleep interrupted
2019-10-21 23:46:43,534 [b88b3e43-5534-49b3-b3f2-a9f154b450de@group-2FABE92B7E5B-LeaderElection179] INFO  impl.LeaderElection (LeaderElection.java:logAndReturn(56)) - b88b3e43-5534-49b3-b3f2-a9f154b450de@group-2FABE92B7E5B-LeaderElection179: Election REJECTED; received 2 response(s) [b88b3e43-5534-49b3-b3f2-a9f154b450de<-c58a0a02-acd3-47c8-b3e9-5b8e0493de45#0:FAIL-t182, b88b3e43-5534-49b3-b3f2-a9f154b450de<-1360619e-ba1e-4bf9-aec1-9f15b5480b27#0:FAIL-t182] and 0 exception(s); b88b3e43-5534-49b3-b3f2-a9f154b450de@group-2FABE92B7E5B:t182, leader=null, voted=b88b3e43-5534-49b3-b3f2-a9f154b450de, raftlog=b88b3e43-5534-49b3-b3f2-a9f154b450de@group-2FABE92B7E5B-SegmentedRaftLog:OPENED:c-1,f-1,i0, conf=-1: [c58a0a02-acd3-47c8-b3e9-5b8e0493de45:192.168.157.254:33611, 1360619e-ba1e-4bf9-aec1-9f15b5480b27:192.168.157.254:45658, b88b3e43-5534-49b3-b3f2-a9f154b450de:192.168.157.254:46786], old=null
2019-10-21 23:46:43,534 [b88b3e43-5534-49b3-b3f2-a9f154b450de@group-2FABE92B7E5B-LeaderElection179] INFO  impl.RaftServerImpl (RaftServerImpl.java:setRole(184)) - b88b3e43-5534-49b3-b3f2-a9f154b450de@group-2FABE92B7E5B: changes role from CANDIDATE to FOLLOWER at term 182 for DISCOVERED_A_NEW_TERM
2019-10-21 23:46:43,534 [b88b3e43-5534-49b3-b3f2-a9f154b450de@group-2FABE92B7E5B-LeaderElection179] INFO  impl.RoleInfo (RoleInfo.java:shutdownLeaderElection(134)) - b88b3e43-5534-49b3-b3f2-a9f154b450de: shutdown LeaderElection
2019-10-21 23:46:43,534 [b88b3e43-5534-49b3-b3f2-a9f154b450de@group-2FABE92B7E5B-LeaderElection179] INFO  impl.RoleInfo (RoleInfo.java:updateAndGet(143)) - b88b3e43-5534-49b3-b3f2-a9f154b450de: start FollowerState
2019-10-21 23:46:43,693 [Thread-1369] INFO  impl.FollowerState (FollowerState.java:run(108)) - b88b3e43-5534-49b3-b3f2-a9f154b450de@group-2FABE92B7E5B-FollowerState: change to CANDIDATE, lastRpcTime:158ms, electionTimeout:158ms
2019-10-21 23:46:43,693 [Thread-1369] INFO  impl.RoleInfo (RoleInfo.java:shutdownFollowerState(121)) - b88b3e43-5534-49b3-b3f2-a9f154b450de: shutdown FollowerState
2019-10-21 23:46:43,693 [Thread-1369] INFO  impl.RaftServerImpl (RaftServerImpl.java:setRole(184)) - b88b3e43-5534-49b3-b3f2-a9f154b450de@group-2FABE92B7E5B: changes role from  FOLLOWER to CANDIDATE at term 182 for changeToCandidate
2019-10-21 23:46:43,693 [Thread-1369] INFO  impl.RoleInfo (RoleInfo.java:updateAndGet(143)) - b88b3e43-5534-49b3-b3f2-a9f154b450de: start LeaderElection
2019-10-21 23:46:43,707 [b88b3e43-5534-49b3-b3f2-a9f154b450de@group-2FABE92B7E5B-LeaderElection180] INFO  impl.LeaderElection (LeaderElection.java:askForVotes(178)) - b88b3e43-5534-49b3-b3f2-a9f154b450de@group-2FABE92B7E5B-LeaderElection180: begin an election at term 183 for -1: [c58a0a02-acd3-47c8-b3e9-5b8e0493de45:192.168.157.254:33611, 1360619e-ba1e-4bf9-aec1-9f15b5480b27:192.168.157.254:45658, b88b3e43-5534-49b3-b3f2-a9f154b450de:192.168.157.254:46786], old=null
2019-10-21 23:46:43,710 [grpc-default-executor-2] INFO  impl.RaftServerImpl (RaftServerImpl.java:setRole(184)) - 1360619e-ba1e-4bf9-aec1-9f15b5480b27@group-2FABE92B7E5B: changes role from  FOLLOWER to FOLLOWER at term 183 for recognizeCandidate:b88b3e43-5534-49b3-b3f2-a9f154b450de
2019-10-21 23:46:43,710 [grpc-default-executor-2] INFO  impl.RoleInfo (RoleInfo.java:shutdownFollowerState(121)) - 1360619e-ba1e-4bf9-aec1-9f15b5480b27: shutdown FollowerState
2019-10-21 23:46:43,710 [grpc-default-executor-2] INFO  impl.RoleInfo (RoleInfo.java:updateAndGet(143)) - 1360619e-ba1e-4bf9-aec1-9f15b5480b27: start FollowerState
2019-10-21 23:46:43,710 [Thread-1368] INFO  impl.FollowerState (FollowerState.java:run(117)) - 1360619e-ba1e-4bf9-aec1-9f15b5480b27@group-2FABE92B7E5B-FollowerState was interrupted: java.lang.InterruptedException: sleep interrupted
2019-10-21 23:46:43,710 [grpc-default-executor-0] INFO  impl.RaftServerImpl (RaftServerImpl.java:setRole(184)) - c58a0a02-acd3-47c8-b3e9-5b8e0493de45@group-2FABE92B7E5B: changes role from  FOLLOWER to FOLLOWER at term 183 for recognizeCandidate:b88b3e43-5534-49b3-b3f2-a9f154b450de
2019-10-21 23:46:43,711 [grpc-default-executor-0] INFO  impl.RoleInfo (RoleInfo.java:shutdownFollowerState(121)) - c58a0a02-acd3-47c8-b3e9-5b8e0493de45: shutdown FollowerState
2019-10-21 23:46:43,711 [grpc-default-executor-0] INFO  impl.RoleInfo (RoleInfo.java:updateAndGet(143)) - c58a0a02-acd3-47c8-b3e9-5b8e0493de45: start FollowerState
2019-10-21 23:46:43,711 [Thread-1367] INFO  impl.FollowerState (FollowerState.java:run(117)) - c58a0a02-acd3-47c8-b3e9-5b8e0493de45@group-2FABE92B7E5B-FollowerState was interrupted: java.lang.InterruptedException: sleep interrupted
2019-10-21 23:46:43,720 [b88b3e43-5534-49b3-b3f2-a9f154b450de@group-2FABE92B7E5B-LeaderElection180] INFO  impl.LeaderElection (LeaderElection.java:logAndReturn(56)) - b88b3e43-5534-49b3-b3f2-a9f154b450de@group-2FABE92B7E5B-LeaderElection180: Election TIMEOUT; received 0 response(s) [] and 0 exception(s); b88b3e43-5534-49b3-b3f2-a9f154b450de@group-2FABE92B7E5B:t183, leader=null, voted=b88b3e43-5534-49b3-b3f2-a9f154b450de, raftlog=b88b3e43-5534-49b3-b3f2-a9f154b450de@group-2FABE92B7E5B-SegmentedRaftLog:OPENED:c-1,f-1,i0, conf=-1: [c58a0a02-acd3-47c8-b3e9-5b8e0493de45:192.168.157.254:33611, 1360619e-ba1e-4bf9-aec1-9f15b5480b27:192.168.157.254:45658, b88b3e43-5534-49b3-b3f2-a9f154b450de:192.168.157.254:46786], old=null
2019-10-21 23:46:43,729 [b88b3e43-5534-49b3-b3f2-a9f154b450de@group-2FABE92B7E5B-LeaderElection180] INFO  impl.LeaderElection (LeaderElection.java:askForVotes(178)) - b88b3e43-5534-49b3-b3f2-a9f154b450de@group-2FABE92B7E5B-LeaderElection180: begin an election at term 184 for -1: [c58a0a02-acd3-47c8-b3e9-5b8e0493de45:192.168.157.254:33611, 1360619e-ba1e-4bf9-aec1-9f15b5480b27:192.168.157.254:45658, b88b3e43-5534-49b3-b3f2-a9f154b450de:192.168.157.254:46786], old=null
2019-10-21 23:46:43,731 [grpc-default-executor-2] INFO  impl.RaftServerImpl (RaftServerImpl.java:setRole(184)) - c58a0a02-acd3-47c8-b3e9-5b8e0493de45@group-2FABE92B7E5B: changes role from  FOLLOWER to FOLLOWER at term 184 for recognizeCandidate:b88b3e43-5534-49b3-b3f2-a9f154b450de
2019-10-21 23:46:43,731 [grpc-default-executor-2] INFO  impl.RoleInfo (RoleInfo.java:shutdownFollowerState(121)) - c58a0a02-acd3-47c8-b3e9-5b8e0493de45: shutdown FollowerState
2019-10-21 23:46:43,731 [grpc-default-executor-2] INFO  impl.RoleInfo (RoleInfo.java:updateAndGet(143)) - c58a0a02-acd3-47c8-b3e9-5b8e0493de45: start FollowerState
2019-10-21 23:46:43,731 [Thread-1374] INFO  impl.FollowerState (FollowerState.java:run(117)) - c58a0a02-acd3-47c8-b3e9-5b8e0493de45@group-2FABE92B7E5B-FollowerState was interrupted: java.lang.InterruptedException: sleep interrupted
2019-10-21 23:46:43,732 [grpc-default-executor-0] INFO  impl.RaftServerImpl (RaftServerImpl.java:setRole(184)) - 1360619e-ba1e-4bf9-aec1-9f15b5480b27@group-2FABE92B7E5B: changes role from  FOLLOWER to FOLLOWER at term 184 for recognizeCandidate:b88b3e43-5534-49b3-b3f2-a9f154b450de
2019-10-21 23:46:43,732 [grpc-default-executor-0] INFO  impl.RoleInfo (RoleInfo.java:shutdownFollowerState(121)) - 1360619e-ba1e-4bf9-aec1-9f15b5480b27: shutdown FollowerState
2019-10-21 23:46:43,732 [grpc-default-executor-0] INFO  impl.RoleInfo (RoleInfo.java:updateAndGet(143)) - 1360619e-ba1e-4bf9-aec1-9f15b5480b27: start FollowerState
2019-10-21 23:46:43,732 [Thread-1373] INFO  impl.FollowerState (FollowerState.java:run(117)) - 1360619e-ba1e-4bf9-aec1-9f15b5480b27@group-2FABE92B7E5B-FollowerState was interrupted: java.lang.InterruptedException: sleep interrupted
2019-10-21 23:46:43,769 [b88b3e43-5534-49b3-b3f2-a9f154b450de@group-2FABE92B7E5B-LeaderElection180] INFO  impl.LeaderElection (LeaderElection.java:logAndReturn(56)) - b88b3e43-5534-49b3-b3f2-a9f154b450de@group-2FABE92B7E5B-LeaderElection180: Election REJECTED; received 2 response(s) [b88b3e43-5534-49b3-b3f2-a9f154b450de<-c58a0a02-acd3-47c8-b3e9-5b8e0493de45#0:FAIL-t184, b88b3e43-5534-49b3-b3f2-a9f154b450de<-1360619e-ba1e-4bf9-aec1-9f15b5480b27#0:FAIL-t184] and 0 exception(s); b88b3e43-5534-49b3-b3f2-a9f154b450de@group-2FABE92B7E5B:t184, leader=null, voted=b88b3e43-5534-49b3-b3f2-a9f154b450de, raftlog=b88b3e43-5534-49b3-b3f2-a9f154b450de@group-2FABE92B7E5B-SegmentedRaftLog:OPENED:c-1,f-1,i0, conf=-1: [c58a0a02-acd3-47c8-b3e9-5b8e0493de45:192.168.157.254:33611, 1360619e-ba1e-4bf9-aec1-9f15b5480b27:192.168.157.254:45658, b88b3e43-5534-49b3-b3f2-a9f154b450de:192.168.157.254:46786], old=null
2019-10-21 23:46:43,769 [b88b3e43-5534-49b3-b3f2-a9f154b450de@group-2FABE92B7E5B-LeaderElection180] INFO  impl.RaftServerImpl (RaftServerImpl.java:setRole(184)) - b88b3e43-5534-49b3-b3f2-a9f154b450de@group-2FABE92B7E5B: changes role from CANDIDATE to FOLLOWER at term 184 for DISCOVERED_A_NEW_TERM
2019-10-21 23:46:43,769 [b88b3e43-5534-49b3-b3f2-a9f154b450de@group-2FABE92B7E5B-LeaderElection180] INFO  impl.RoleInfo (RoleInfo.java:shutdownLeaderElection(134)) - b88b3e43-5534-49b3-b3f2-a9f154b450de: shutdown LeaderElection
2019-10-21 23:46:43,769 [b88b3e43-5534-49b3-b3f2-a9f154b450de@group-2FABE92B7E5B-LeaderElection180] INFO  impl.RoleInfo (RoleInfo.java:updateAndGet(143)) - b88b3e43-5534-49b3-b3f2-a9f154b450de: start FollowerState
2019-10-21 23:46:43,865 [Thread-1379] INFO  impl.FollowerState (FollowerState.java:run(108)) - b88b3e43-5534-49b3-b3f2-a9f154b450de@group-2FABE92B7E5B-FollowerState: change to CANDIDATE, lastRpcTime:96ms, electionTimeout:96ms
2019-10-21 23:46:43,866 [Thread-1379] INFO  impl.RoleInfo (RoleInfo.java:shutdownFollowerState(121)) - b88b3e43-5534-49b3-b3f2-a9f154b450de: shutdown FollowerState
2019-10-21 23:46:43,866 [Thread-1379] INFO  impl.RaftServerImpl (RaftServerImpl.java:setRole(184)) - b88b3e43-5534-49b3-b3f2-a9f154b450de@group-2FABE92B7E5B: changes role from  FOLLOWER to CANDIDATE at term 184 for changeToCandidate
2019-10-21 23:46:43,866 [Thread-1379] INFO  impl.RoleInfo (RoleInfo.java:updateAndGet(143)) - b88b3e43-5534-49b3-b3f2-a9f154b450de: start LeaderElection
2019-10-21 23:46:43,880 [b88b3e43-5534-49b3-b3f2-a9f154b450de@group-2FABE92B7E5B-LeaderElection181] INFO  impl.LeaderElection (LeaderElection.java:askForVotes(178)) - b88b3e43-5534-49b3-b3f2-a9f154b450de@group-2FABE92B7E5B-LeaderElection181: begin an election at term 185 for -1: [c58a0a02-acd3-47c8-b3e9-5b8e0493de45:192.168.157.254:33611, 1360619e-ba1e-4bf9-aec1-9f15b5480b27:192.168.157.254:45658, b88b3e43-5534-49b3-b3f2-a9f154b450de:192.168.157.254:46786], old=null
2019-10-21 23:46:43,883 [grpc-default-executor-2] INFO  impl.RaftServerImpl (RaftServerImpl.java:setRole(184)) - 1360619e-ba1e-4bf9-aec1-9f15b5480b27@group-2FABE92B7E5B: changes role from  FOLLOWER to FOLLOWER at term 185 for recognizeCandidate:b88b3e43-5534-49b3-b3f2-a9f154b450de
2019-10-21 23:46:43,883 [grpc-default-executor-0] INFO  impl.RaftServerImpl (RaftServerImpl.java:setRole(184)) - c58a0a02-acd3-47c8-b3e9-5b8e0493de45@group-2FABE92B7E5B: changes role from  FOLLOWER to FOLLOWER at term 185 for recognizeCandidate:b88b3e43-5534-49b3-b3f2-a9f154b450de
2019-10-21 23:46:43,883 [grpc-default-executor-2] INFO  impl.RoleInfo (RoleInfo.java:shutdownFollowerState(121)) - 1360619e-ba1e-4bf9-aec1-9f15b5480b27: shutdown FollowerState
2019-10-21 23:46:43,883 [grpc-default-executor-0] INFO  impl.RoleInfo (RoleInfo.java:shutdownFollowerState(121)) - c58a0a02-acd3-47c8-b3e9-5b8e0493de45: shutdown FollowerState
2019-10-21 23:46:43,883 [Thread-1378] INFO  impl.FollowerState (FollowerState.java:run(117)) - 1360619e-ba1e-4bf9-aec1-9f15b5480b27@group-2FABE92B7E5B-FollowerState was interrupted: java.lang.InterruptedException: sleep interrupted
2019-10-21 23:46:43,883 [grpc-default-executor-2] INFO  impl.RoleInfo (RoleInfo.java:updateAndGet(143)) - 1360619e-ba1e-4bf9-aec1-9f15b5480b27: start FollowerState
2019-10-21 23:46:43,884 [Thread-1377] INFO  impl.FollowerState (FollowerState.java:run(117)) - c58a0a02-acd3-47c8-b3e9-5b8e0493de45@group-2FABE92B7E5B-FollowerState was interrupted: java.lang.InterruptedException: sleep interrupted
2019-10-21 23:46:43,884 [grpc-default-executor-0] INFO  impl.RoleInfo (RoleInfo.java:updateAndGet(143)) - c58a0a02-acd3-47c8-b3e9-5b8e0493de45: start FollowerState
2019-10-21 23:46:43,898 [b88b3e43-5534-49b3-b3f2-a9f154b450de@group-2FABE92B7E5B-LeaderElection181] INFO  impl.LeaderElection (LeaderElection.java:logAndReturn(56)) - b88b3e43-5534-49b3-b3f2-a9f154b450de@group-2FABE92B7E5B-LeaderElection181: Election REJECTED; received 2 response(s) [b88b3e43-5534-49b3-b3f2-a9f154b450de<-c58a0a02-acd3-47c8-b3e9-5b8e0493de45#0:FAIL-t185, b88b3e43-5534-49b3-b3f2-a9f154b450de<-1360619e-ba1e-4bf9-aec1-9f15b5480b27#0:FAIL-t185] and 0 exception(s); b88b3e43-5534-49b3-b3f2-a9f154b450de@group-2FABE92B7E5B:t185, leader=null, voted=b88b3e43-5534-49b3-b3f2-a9f154b450de, raftlog=b88b3e43-5534-49b3-b3f2-a9f154b450de@group-2FABE92B7E5B-SegmentedRaftLog:OPENED:c-1,f-1,i0, conf=-1: [c58a0a02-acd3-47c8-b3e9-5b8e0493de45:192.168.157.254:33611, 1360619e-ba1e-4bf9-aec1-9f15b5480b27:192.168.157.254:45658, b88b3e43-5534-49b3-b3f2-a9f154b450de:192.168.157.254:46786], old=null
2019-10-21 23:46:43,899 [b88b3e43-5534-49b3-b3f2-a9f154b450de@group-2FABE92B7E5B-LeaderElection181] INFO  impl.RaftServerImpl (RaftServerImpl.java:setRole(184)) - b88b3e43-5534-49b3-b3f2-a9f154b450de@group-2FABE92B7E5B: changes role from CANDIDATE to FOLLOWER at term 185 for DISCOVERED_A_NEW_TERM
2019-10-21 23:46:43,899 [b88b3e43-5534-49b3-b3f2-a9f154b450de@group-2FABE92B7E5B-LeaderElection181] INFO  impl.RoleInfo (RoleInfo.java:shutdownLeaderElection(134)) - b88b3e43-5534-49b3-b3f2-a9f154b450de: shutdown LeaderElection
2019-10-21 23:46:43,899 [b88b3e43-5534-49b3-b3f2-a9f154b450de@group-2FABE92B7E5B-LeaderElection181] INFO  impl.RoleInfo (RoleInfo.java:updateAndGet(143)) - b88b3e43-5534-49b3-b3f2-a9f154b450de: start FollowerState
2019-10-21 23:46:44,042 [Thread-1385] INFO  impl.FollowerState (FollowerState.java:run(108)) - b88b3e43-5534-49b3-b3f2-a9f154b450de@group-2FABE92B7E5B-FollowerState: change to CANDIDATE, lastRpcTime:143ms, electionTimeout:143ms
2019-10-21 23:46:44,043 [Thread-1385] INFO  impl.RoleInfo (RoleInfo.java:shutdownFollowerState(121)) - b88b3e43-5534-49b3-b3f2-a9f154b450de: shutdown FollowerState
2019-10-21 23:46:44,043 [Thread-1385] INFO  impl.RaftServerImpl (RaftServerImpl.java:setRole(184)) - b88b3e43-5534-49b3-b3f2-a9f154b450de@group-2FABE92B7E5B: changes role from  FOLLOWER to CANDIDATE at term 185 for changeToCandidate
2019-10-21 23:46:44,043 [Thread-1385] INFO  impl.RoleInfo (RoleInfo.java:updateAndGet(143)) - b88b3e43-5534-49b3-b3f2-a9f154b450de: start LeaderElection
2019-10-21 23:46:44,057 [b88b3e43-5534-49b3-b3f2-a9f154b450de@group-2FABE92B7E5B-LeaderElection182] INFO  impl.LeaderElection (LeaderElection.java:askForVotes(178)) - b88b3e43-5534-49b3-b3f2-a9f154b450de@group-2FABE92B7E5B-LeaderElection182: begin an election at term 186 for -1: [c58a0a02-acd3-47c8-b3e9-5b8e0493de45:192.168.157.254:33611, 1360619e-ba1e-4bf9-aec1-9f15b5480b27:192.168.157.254:45658, b88b3e43-5534-49b3-b3f2-a9f154b450de:192.168.157.254:46786], old=null
2019-10-21 23:46:44,059 [grpc-default-executor-4] INFO  impl.RaftServerImpl (RaftServerImpl.java:setRole(184)) - c58a0a02-acd3-47c8-b3e9-5b8e0493de45@group-2FABE92B7E5B: changes role from  FOLLOWER to FOLLOWER at term 186 for recognizeCandidate:b88b3e43-5534-49b3-b3f2-a9f154b450de
2019-10-21 23:46:44,059 [grpc-default-executor-2] INFO  impl.RaftServerImpl (RaftServerImpl.java:setRole(184)) - 1360619e-ba1e-4bf9-aec1-9f15b5480b27@group-2FABE92B7E5B: changes role from  FOLLOWER to FOLLOWER at term 186 for recognizeCandidate:b88b3e43-5534-49b3-b3f2-a9f154b450de
2019-10-21 23:46:44,059 [grpc-default-executor-4] INFO  impl.RoleInfo (RoleInfo.java:shutdownFollowerState(121)) - c58a0a02-acd3-47c8-b3e9-5b8e0493de45: shutdown FollowerState
2019-10-21 23:46:44,059 [grpc-default-executor-2] INFO  impl.RoleInfo (RoleInfo.java:shutdownFollowerState(121)) - 1360619e-ba1e-4bf9-aec1-9f15b5480b27: shutdown FollowerState
2019-10-21 23:46:44,059 [grpc-default-executor-4] INFO  impl.RoleInfo (RoleInfo.java:updateAndGet(143)) - c58a0a02-acd3-47c8-b3e9-5b8e0493de45: start FollowerState
2019-10-21 23:46:44,059 [Thread-1383] INFO  impl.FollowerState (FollowerState.java:run(117)) - 1360619e-ba1e-4bf9-aec1-9f15b5480b27@group-2FABE92B7E5B-FollowerState was interrupted: java.lang.InterruptedException: sleep interrupted
2019-10-21 23:46:44,059 [grpc-default-executor-2] INFO  impl.RoleInfo (RoleInfo.java:updateAndGet(143)) - 1360619e-ba1e-4bf9-aec1-9f15b5480b27: start FollowerState
2019-10-21 23:46:44,059 [Thread-1384] INFO  impl.FollowerState (FollowerState.java:run(117)) - c58a0a02-acd3-47c8-b3e9-5b8e0493de45@group-2FABE92B7E5B-FollowerState was interrupted: java.lang.InterruptedException: sleep interrupted
2019-10-21 23:46:44,074 [b88b3e43-5534-49b3-b3f2-a9f154b450de@group-2FABE92B7E5B-LeaderElection182] INFO  impl.LeaderElection (LeaderElection.java:logAndReturn(56)) - b88b3e43-5534-49b3-b3f2-a9f154b450de@group-2FABE92B7E5B-LeaderElection182: Election REJECTED; received 2 response(s) [b88b3e43-5534-49b3-b3f2-a9f154b450de<-c58a0a02-acd3-47c8-b3e9-5b8e0493de45#0:FAIL-t186, b88b3e43-5534-49b3-b3f2-a9f154b450de<-1360619e-ba1e-4bf9-aec1-9f15b5480b27#0:FAIL-t186] and 0 exception(s); b88b3e43-5534-49b3-b3f2-a9f154b450de@group-2FABE92B7E5B:t186, leader=null, voted=b88b3e43-5534-49b3-b3f2-a9f154b450de, raftlog=b88b3e43-5534-49b3-b3f2-a9f154b450de@group-2FABE92B7E5B-SegmentedRaftLog:OPENED:c-1,f-1,i0, conf=-1: [c58a0a02-acd3-47c8-b3e9-5b8e0493de45:192.168.157.254:33611, 1360619e-ba1e-4bf9-aec1-9f15b5480b27:192.168.157.254:45658, b88b3e43-5534-49b3-b3f2-a9f154b450de:192.168.157.254:46786], old=null
2019-10-21 23:46:44,074 [b88b3e43-5534-49b3-b3f2-a9f154b450de@group-2FABE92B7E5B-LeaderElection182] INFO  impl.RaftServerImpl (RaftServerImpl.java:setRole(184)) - b88b3e43-5534-49b3-b3f2-a9f154b450de@group-2FABE92B7E5B: changes role from CANDIDATE to FOLLOWER at term 186 for DISCOVERED_A_NEW_TERM
2019-10-21 23:46:44,074 [b88b3e43-5534-49b3-b3f2-a9f154b450de@group-2FABE92B7E5B-LeaderElection182] INFO  impl.RoleInfo (RoleInfo.java:shutdownLeaderElection(134)) - b88b3e43-5534-49b3-b3f2-a9f154b450de: shutdown LeaderElection
2019-10-21 23:46:44,075 [b88b3e43-5534-49b3-b3f2-a9f154b450de@group-2FABE92B7E5B-LeaderElection182] INFO  impl.RoleInfo (RoleInfo.java:updateAndGet(143)) - b88b3e43-5534-49b3-b3f2-a9f154b450de: start FollowerState
2019-10-21 23:46:44,247 [Thread-1393] INFO  impl.FollowerState (FollowerState.java:run(108)) - b88b3e43-5534-49b3-b3f2-a9f154b450de@group-2FABE92B7E5B-FollowerState: change to CANDIDATE, lastRpcTime:172ms, electionTimeout:172ms
2019-10-21 23:46:44,247 [Thread-1393] INFO  impl.RoleInfo (RoleInfo.java:shutdownFollowerState(121)) - b88b3e43-5534-49b3-b3f2-a9f154b450de: shutdown FollowerState
2019-10-21 23:46:44,247 [Thread-1393] INFO  impl.RaftServerImpl (RaftServerImpl.java:setRole(184)) - b88b3e43-5534-49b3-b3f2-a9f154b450de@group-2FABE92B7E5B: changes role from  FOLLOWER to CANDIDATE at term 186 for changeToCandidate
2019-10-21 23:46:44,248 [Thread-1393] INFO  impl.RoleInfo (RoleInfo.java:updateAndGet(143)) - b88b3e43-5534-49b3-b3f2-a9f154b450de: start LeaderElection
2019-10-21 23:46:44,263 [b88b3e43-5534-49b3-b3f2-a9f154b450de@group-2FABE92B7E5B-LeaderElection183] INFO  impl.LeaderElection (LeaderElection.java:askForVotes(178)) - b88b3e43-5534-49b3-b3f2-a9f154b450de@group-2FABE92B7E5B-LeaderElection183: begin an election at term 187 for -1: [c58a0a02-acd3-47c8-b3e9-5b8e0493de45:192.168.157.254:33611, 1360619e-ba1e-4bf9-aec1-9f15b5480b27:192.168.157.254:45658, b88b3e43-5534-49b3-b3f2-a9f154b450de:192.168.157.254:46786], old=null
2019-10-21 23:46:44,265 [grpc-default-executor-2] INFO  impl.RaftServerImpl (RaftServerImpl.java:setRole(184)) - 1360619e-ba1e-4bf9-aec1-9f15b5480b27@group-2FABE92B7E5B: changes role from  FOLLOWER to FOLLOWER at term 187 for recognizeCandidate:b88b3e43-5534-49b3-b3f2-a9f154b450de
2019-10-21 23:46:44,265 [grpc-default-executor-2] INFO  impl.RoleInfo (RoleInfo.java:shutdownFollowerState(121)) - 1360619e-ba1e-4bf9-aec1-9f15b5480b27: shutdown FollowerState
2019-10-21 23:46:44,265 [grpc-default-executor-4] INFO  impl.RaftServerImpl (RaftServerImpl.java:setRole(184)) - c58a0a02-acd3-47c8-b3e9-5b8e0493de45@group-2FABE92B7E5B: changes role from  FOLLOWER to FOLLOWER at term 187 for recognizeCandidate:b88b3e43-5534-49b3-b3f2-a9f154b450de
2019-10-21 23:46:44,265 [Thread-1392] INFO  impl.FollowerState (FollowerState.java:run(117)) - 1360619e-ba1e-4bf9-aec1-9f15b5480b27@group-2FABE92B7E5B-FollowerState was interrupted: java.lang.InterruptedException: sleep interrupted
2019-10-21 23:46:44,265 [grpc-default-executor-2] INFO  impl.RoleInfo (RoleInfo.java:updateAndGet(143)) - 1360619e-ba1e-4bf9-aec1-9f15b5480b27: start FollowerState
2019-10-21 23:46:44,265 [grpc-default-executor-4] INFO  impl.RoleInfo (RoleInfo.java:shutdownFollowerState(121)) - c58a0a02-acd3-47c8-b3e9-5b8e0493de45: shutdown FollowerState
2019-10-21 23:46:44,265 [grpc-default-executor-4] INFO  impl.RoleInfo (RoleInfo.java:updateAndGet(143)) - c58a0a02-acd3-47c8-b3e9-5b8e0493de45: start FollowerState
2019-10-21 23:46:44,265 [Thread-1391] INFO  impl.FollowerState (FollowerState.java:run(117)) - c58a0a02-acd3-47c8-b3e9-5b8e0493de45@group-2FABE92B7E5B-FollowerState was interrupted: java.lang.InterruptedException: sleep interrupted
2019-10-21 23:46:44,280 [b88b3e43-5534-49b3-b3f2-a9f154b450de@group-2FABE92B7E5B-LeaderElection183] INFO  impl.LeaderElection (LeaderElection.java:logAndReturn(56)) - b88b3e43-5534-49b3-b3f2-a9f154b450de@group-2FABE92B7E5B-LeaderElection183: Election REJECTED; received 2 response(s) [b88b3e43-5534-49b3-b3f2-a9f154b450de<-c58a0a02-acd3-47c8-b3e9-5b8e0493de45#0:FAIL-t187, b88b3e43-5534-49b3-b3f2-a9f154b450de<-1360619e-ba1e-4bf9-aec1-9f15b5480b27#0:FAIL-t187] and 0 exception(s); b88b3e43-5534-49b3-b3f2-a9f154b450de@group-2FABE92B7E5B:t187, leader=null, voted=b88b3e43-5534-49b3-b3f2-a9f154b450de, raftlog=b88b3e43-5534-49b3-b3f2-a9f154b450de@group-2FABE92B7E5B-SegmentedRaftLog:OPENED:c-1,f-1,i0, conf=-1: [c58a0a02-acd3-47c8-b3e9-5b8e0493de45:192.168.157.254:33611, 1360619e-ba1e-4bf9-aec1-9f15b5480b27:192.168.157.254:45658, b88b3e43-5534-49b3-b3f2-a9f154b450de:192.168.157.254:46786], old=null
2019-10-21 23:46:44,280 [b88b3e43-5534-49b3-b3f2-a9f154b450de@group-2FABE92B7E5B-LeaderElection183] INFO  impl.RaftServerImpl (RaftServerImpl.java:setRole(184)) - b88b3e43-5534-49b3-b3f2-a9f154b450de@group-2FABE92B7E5B: changes role from CANDIDATE to FOLLOWER at term 187 for DISCOVERED_A_NEW_TERM
2019-10-21 23:46:44,280 [b88b3e43-5534-49b3-b3f2-a9f154b450de@group-2FABE92B7E5B-LeaderElection183] INFO  impl.RoleInfo (RoleInfo.java:shutdownLeaderElection(134)) - b88b3e43-5534-49b3-b3f2-a9f154b450de: shutdown LeaderElection
2019-10-21 23:46:44,281 [b88b3e43-5534-49b3-b3f2-a9f154b450de@group-2FABE92B7E5B-LeaderElection183] INFO  impl.RoleInfo (RoleInfo.java:updateAndGet(143)) - b88b3e43-5534-49b3-b3f2-a9f154b450de: start FollowerState
2019-10-21 23:46:44,342 [Thread-1399] INFO  impl.FollowerState (FollowerState.java:run(108)) - b88b3e43-5534-49b3-b3f2-a9f154b450de@group-2FABE92B7E5B-FollowerState: change to CANDIDATE, lastRpcTime:61ms, electionTimeout:61ms
2019-10-21 23:46:44,342 [Thread-1399] INFO  impl.RoleInfo (RoleInfo.java:shutdownFollowerState(121)) - b88b3e43-5534-49b3-b3f2-a9f154b450de: shutdown FollowerState
2019-10-21 23:46:44,343 [Thread-1399] INFO  impl.RaftServerImpl (RaftServerImpl.java:setRole(184)) - b88b3e43-5534-49b3-b3f2-a9f154b450de@group-2FABE92B7E5B: changes role from  FOLLOWER to CANDIDATE at term 187 for changeToCandidate
2019-10-21 23:46:44,343 [Thread-1399] INFO  impl.RoleInfo (RoleInfo.java:updateAndGet(143)) - b88b3e43-5534-49b3-b3f2-a9f154b450de: start LeaderElection
2019-10-21 23:46:44,356 [b88b3e43-5534-49b3-b3f2-a9f154b450de@group-2FABE92B7E5B-LeaderElection184] INFO  impl.LeaderElection (LeaderElection.java:askForVotes(178)) - b88b3e43-5534-49b3-b3f2-a9f154b450de@group-2FABE92B7E5B-LeaderElection184: begin an election at term 188 for -1: [c58a0a02-acd3-47c8-b3e9-5b8e0493de45:192.168.157.254:33611, 1360619e-ba1e-4bf9-aec1-9f15b5480b27:192.168.157.254:45658, b88b3e43-5534-49b3-b3f2-a9f154b450de:192.168.157.254:46786], old=null
2019-10-21 23:46:44,359 [grpc-default-executor-2] INFO  impl.RaftServerImpl (RaftServerImpl.java:setRole(184)) - 1360619e-ba1e-4bf9-aec1-9f15b5480b27@group-2FABE92B7E5B: changes role from  FOLLOWER to FOLLOWER at term 188 for recognizeCandidate:b88b3e43-5534-49b3-b3f2-a9f154b450de
2019-10-21 23:46:44,359 [grpc-default-executor-2] INFO  impl.RoleInfo (RoleInfo.java:shutdownFollowerState(121)) - 1360619e-ba1e-4bf9-aec1-9f15b5480b27: shutdown FollowerState
2019-10-21 23:46:44,359 [grpc-default-executor-4] INFO  impl.RaftServerImpl (RaftServerImpl.java:setRole(184)) - c58a0a02-acd3-47c8-b3e9-5b8e0493de45@group-2FABE92B7E5B: changes role from  FOLLOWER to FOLLOWER at term 188 for recognizeCandidate:b88b3e43-5534-49b3-b3f2-a9f154b450de
2019-10-21 23:46:44,360 [Thread-1397] INFO  impl.FollowerState (FollowerState.java:run(117)) - 1360619e-ba1e-4bf9-aec1-9f15b5480b27@group-2FABE92B7E5B-FollowerState was interrupted: java.lang.InterruptedException: sleep interrupted
2019-10-21 23:46:44,360 [grpc-default-executor-2] INFO  impl.RoleInfo (RoleInfo.java:updateAndGet(143)) - 1360619e-ba1e-4bf9-aec1-9f15b5480b27: start FollowerState
2019-10-21 23:46:44,360 [grpc-default-executor-4] INFO  impl.RoleInfo (RoleInfo.java:shutdownFollowerState(121)) - c58a0a02-acd3-47c8-b3e9-5b8e0493de45: shutdown FollowerState
2019-10-21 23:46:44,360 [grpc-default-executor-4] INFO  impl.RoleInfo (RoleInfo.java:updateAndGet(143)) - c58a0a02-acd3-47c8-b3e9-5b8e0493de45: start FollowerState
2019-10-21 23:46:44,360 [Thread-1398] INFO  impl.FollowerState (FollowerState.java:run(117)) - c58a0a02-acd3-47c8-b3e9-5b8e0493de45@group-2FABE92B7E5B-FollowerState was interrupted: java.lang.InterruptedException: sleep interrupted
2019-10-21 23:46:44,375 [b88b3e43-5534-49b3-b3f2-a9f154b450de@group-2FABE92B7E5B-LeaderElection184] INFO  impl.LeaderElection (LeaderElection.java:logAndReturn(56)) - b88b3e43-5534-49b3-b3f2-a9f154b450de@group-2FABE92B7E5B-LeaderElection184: Election REJECTED; received 2 response(s) [b88b3e43-5534-49b3-b3f2-a9f154b450de<-c58a0a02-acd3-47c8-b3e9-5b8e0493de45#0:FAIL-t188, b88b3e43-5534-49b3-b3f2-a9f154b450de<-1360619e-ba1e-4bf9-aec1-9f15b5480b27#0:FAIL-t188] and 0 exception(s); b88b3e43-5534-49b3-b3f2-a9f154b450de@group-2FABE92B7E5B:t188, leader=null, voted=b88b3e43-5534-49b3-b3f2-a9f154b450de, raftlog=b88b3e43-5534-49b3-b3f2-a9f154b450de@group-2FABE92B7E5B-SegmentedRaftLog:OPENED:c-1,f-1,i0, conf=-1: [c58a0a02-acd3-47c8-b3e9-5b8e0493de45:192.168.157.254:33611, 1360619e-ba1e-4bf9-aec1-9f15b5480b27:192.168.157.254:45658, b88b3e43-5534-49b3-b3f2-a9f154b450de:192.168.157.254:46786], old=null
2019-10-21 23:46:44,375 [b88b3e43-5534-49b3-b3f2-a9f154b450de@group-2FABE92B7E5B-LeaderElection184] INFO  impl.RaftServerImpl (RaftServerImpl.java:setRole(184)) - b88b3e43-5534-49b3-b3f2-a9f154b450de@group-2FABE92B7E5B: changes role from CANDIDATE to FOLLOWER at term 188 for DISCOVERED_A_NEW_TERM
2019-10-21 23:46:44,375 [b88b3e43-5534-49b3-b3f2-a9f154b450de@group-2FABE92B7E5B-LeaderElection184] INFO  impl.RoleInfo (RoleInfo.java:shutdownLeaderElection(134)) - b88b3e43-5534-49b3-b3f2-a9f154b450de: shutdown LeaderElection
2019-10-21 23:46:44,375 [b88b3e43-5534-49b3-b3f2-a9f154b450de@group-2FABE92B7E5B-LeaderElection184] INFO  impl.RoleInfo (RoleInfo.java:updateAndGet(143)) - b88b3e43-5534-49b3-b3f2-a9f154b450de: start FollowerState
2019-10-21 23:46:44,434 [Thread-1405] INFO  impl.FollowerState (FollowerState.java:run(108)) - b88b3e43-5534-49b3-b3f2-a9f154b450de@group-2FABE92B7E5B-FollowerState: change to CANDIDATE, lastRpcTime:58ms, electionTimeout:58ms
2019-10-21 23:46:44,434 [Thread-1405] INFO  impl.RoleInfo (RoleInfo.java:shutdownFollowerState(121)) - b88b3e43-5534-49b3-b3f2-a9f154b450de: shutdown FollowerState
2019-10-21 23:46:44,434 [Thread-1405] INFO  impl.RaftServerImpl (RaftServerImpl.java:setRole(184)) - b88b3e43-5534-49b3-b3f2-a9f154b450de@group-2FABE92B7E5B: changes role from  FOLLOWER to CANDIDATE at term 188 for changeToCandidate
2019-10-21 23:46:44,434 [Thread-1405] INFO  impl.RoleInfo (RoleInfo.java:updateAndGet(143)) - b88b3e43-5534-49b3-b3f2-a9f154b450de: start LeaderElection
2019-10-21 23:46:44,448 [b88b3e43-5534-49b3-b3f2-a9f154b450de@group-2FABE92B7E5B-LeaderElection185] INFO  impl.LeaderElection (LeaderElection.java:askForVotes(178)) - b88b3e43-5534-49b3-b3f2-a9f154b450de@group-2FABE92B7E5B-LeaderElection185: begin an election at term 189 for -1: [c58a0a02-acd3-47c8-b3e9-5b8e0493de45:192.168.157.254:33611, 1360619e-ba1e-4bf9-aec1-9f15b5480b27:192.168.157.254:45658, b88b3e43-5534-49b3-b3f2-a9f154b450de:192.168.157.254:46786], old=null
2019-10-21 23:46:44,450 [grpc-default-executor-4] INFO  impl.RaftServerImpl (RaftServerImpl.java:setRole(184)) - c58a0a02-acd3-47c8-b3e9-5b8e0493de45@group-2FABE92B7E5B: changes role from  FOLLOWER to FOLLOWER at term 189 for recognizeCandidate:b88b3e43-5534-49b3-b3f2-a9f154b450de
2019-10-21 23:46:44,451 [grpc-default-executor-4] INFO  impl.RoleInfo (RoleInfo.java:shutdownFollowerState(121)) - c58a0a02-acd3-47c8-b3e9-5b8e0493de45: shutdown FollowerState
2019-10-21 23:46:44,451 [grpc-default-executor-4] INFO  impl.RoleInfo (RoleInfo.java:updateAndGet(143)) - c58a0a02-acd3-47c8-b3e9-5b8e0493de45: start FollowerState
2019-10-21 23:46:44,451 [Thread-1404] INFO  impl.FollowerState (FollowerState.java:run(117)) - c58a0a02-acd3-47c8-b3e9-5b8e0493de45@group-2FABE92B7E5B-FollowerState was interrupted: java.lang.InterruptedException: sleep interrupted
2019-10-21 23:46:44,451 [grpc-default-executor-2] INFO  impl.RaftServerImpl (RaftServerImpl.java:setRole(184)) - 1360619e-ba1e-4bf9-aec1-9f15b5480b27@group-2FABE92B7E5B: changes role from  FOLLOWER to FOLLOWER at term 189 for recognizeCandidate:b88b3e43-5534-49b3-b3f2-a9f154b450de
2019-10-21 23:46:44,451 [grpc-default-executor-2] INFO  impl.RoleInfo (RoleInfo.java:shutdownFollowerState(121)) - 1360619e-ba1e-4bf9-aec1-9f15b5480b27: shutdown FollowerState
2019-10-21 23:46:44,452 [Thread-1403] INFO  impl.FollowerState (FollowerState.java:run(117)) - 1360619e-ba1e-4bf9-aec1-9f15b5480b27@group-2FABE92B7E5B-FollowerState was interrupted: java.lang.InterruptedException: sleep interrupted
2019-10-21 23:46:44,452 [grpc-default-executor-2] INFO  impl.RoleInfo (RoleInfo.java:updateAndGet(143)) - 1360619e-ba1e-4bf9-aec1-9f15b5480b27: start FollowerState
2019-10-21 23:46:44,466 [b88b3e43-5534-49b3-b3f2-a9f154b450de@group-2FABE92B7E5B-LeaderElection185] INFO  impl.LeaderElection (LeaderElection.java:logAndReturn(56)) - b88b3e43-5534-49b3-b3f2-a9f154b450de@group-2FABE92B7E5B-LeaderElection185: Election REJECTED; received 2 response(s) [b88b3e43-5534-49b3-b3f2-a9f154b450de<-c58a0a02-acd3-47c8-b3e9-5b8e0493de45#0:FAIL-t189, b88b3e43-5534-49b3-b3f2-a9f154b450de<-1360619e-ba1e-4bf9-aec1-9f15b5480b27#0:FAIL-t189] and 0 exception(s); b88b3e43-5534-49b3-b3f2-a9f154b450de@group-2FABE92B7E5B:t189, leader=null, voted=b88b3e43-5534-49b3-b3f2-a9f154b450de, raftlog=b88b3e43-5534-49b3-b3f2-a9f154b450de@group-2FABE92B7E5B-SegmentedRaftLog:OPENED:c-1,f-1,i0, conf=-1: [c58a0a02-acd3-47c8-b3e9-5b8e0493de45:192.168.157.254:33611, 1360619e-ba1e-4bf9-aec1-9f15b5480b27:192.168.157.254:45658, b88b3e43-5534-49b3-b3f2-a9f154b450de:192.168.157.254:46786], old=null
2019-10-21 23:46:44,466 [b88b3e43-5534-49b3-b3f2-a9f154b450de@group-2FABE92B7E5B-LeaderElection185] INFO  impl.RaftServerImpl (RaftServerImpl.java:setRole(184)) - b88b3e43-5534-49b3-b3f2-a9f154b450de@group-2FABE92B7E5B: changes role from CANDIDATE to FOLLOWER at term 189 for DISCOVERED_A_NEW_TERM
2019-10-21 23:46:44,467 [b88b3e43-5534-49b3-b3f2-a9f154b450de@group-2FABE92B7E5B-LeaderElection185] INFO  impl.RoleInfo (RoleInfo.java:shutdownLeaderElection(134)) - b88b3e43-5534-49b3-b3f2-a9f154b450de: shutdown LeaderElection
2019-10-21 23:46:44,467 [b88b3e43-5534-49b3-b3f2-a9f154b450de@group-2FABE92B7E5B-LeaderElection185] INFO  impl.RoleInfo (RoleInfo.java:updateAndGet(143)) - b88b3e43-5534-49b3-b3f2-a9f154b450de: start FollowerState
2019-10-21 23:46:44,498 [Thread-1411] INFO  impl.FollowerState (FollowerState.java:run(108)) - b88b3e43-5534-49b3-b3f2-a9f154b450de@group-2FABE92B7E5B-FollowerState: change to CANDIDATE, lastRpcTime:31ms, electionTimeout:31ms
2019-10-21 23:46:44,498 [Thread-1411] INFO  impl.RoleInfo (RoleInfo.java:shutdownFollowerState(121)) - b88b3e43-5534-49b3-b3f2-a9f154b450de: shutdown FollowerState
2019-10-21 23:46:44,499 [Thread-1411] INFO  impl.RaftServerImpl (RaftServerImpl.java:setRole(184)) - b88b3e43-5534-49b3-b3f2-a9f154b450de@group-2FABE92B7E5B: changes role from  FOLLOWER to CANDIDATE at term 189 for changeToCandidate
2019-10-21 23:46:44,499 [Thread-1411] INFO  impl.RoleInfo (RoleInfo.java:updateAndGet(143)) - b88b3e43-5534-49b3-b3f2-a9f154b450de: start LeaderElection
2019-10-21 23:46:44,512 [b88b3e43-5534-49b3-b3f2-a9f154b450de@group-2FABE92B7E5B-LeaderElection186] INFO  impl.LeaderElection (LeaderElection.java:askForVotes(178)) - b88b3e43-5534-49b3-b3f2-a9f154b450de@group-2FABE92B7E5B-LeaderElection186: begin an election at term 190 for -1: [c58a0a02-acd3-47c8-b3e9-5b8e0493de45:192.168.157.254:33611, 1360619e-ba1e-4bf9-aec1-9f15b5480b27:192.168.157.254:45658, b88b3e43-5534-49b3-b3f2-a9f154b450de:192.168.157.254:46786], old=null
2019-10-21 23:46:44,515 [grpc-default-executor-2] INFO  impl.RaftServerImpl (RaftServerImpl.java:setRole(184)) - c58a0a02-acd3-47c8-b3e9-5b8e0493de45@group-2FABE92B7E5B: changes role from  FOLLOWER to FOLLOWER at term 190 for recognizeCandidate:b88b3e43-5534-49b3-b3f2-a9f154b450de
2019-10-21 23:46:44,515 [grpc-default-executor-2] INFO  impl.RoleInfo (RoleInfo.java:shutdownFollowerState(121)) - c58a0a02-acd3-47c8-b3e9-5b8e0493de45: shutdown FollowerState
2019-10-21 23:46:44,516 [grpc-default-executor-4] INFO  impl.RaftServerImpl (RaftServerImpl.java:setRole(184)) - 1360619e-ba1e-4bf9-aec1-9f15b5480b27@group-2FABE92B7E5B: changes role from  FOLLOWER to FOLLOWER at term 190 for recognizeCandidate:b88b3e43-5534-49b3-b3f2-a9f154b450de
2019-10-21 23:46:44,516 [Thread-1409] INFO  impl.FollowerState (FollowerState.java:run(117)) - c58a0a02-acd3-47c8-b3e9-5b8e0493de45@group-2FABE92B7E5B-FollowerState was interrupted: java.lang.InterruptedException: sleep interrupted
2019-10-21 23:46:44,516 [grpc-default-executor-2] INFO  impl.RoleInfo (RoleInfo.java:updateAndGet(143)) - c58a0a02-acd3-47c8-b3e9-5b8e0493de45: start FollowerState
2019-10-21 23:46:44,516 [grpc-default-executor-4] INFO  impl.RoleInfo (RoleInfo.java:shutdownFollowerState(121)) - 1360619e-ba1e-4bf9-aec1-9f15b5480b27: shutdown FollowerState
2019-10-21 23:46:44,516 [Thread-1410] INFO  impl.FollowerState (FollowerState.java:run(117)) - 1360619e-ba1e-4bf9-aec1-9f15b5480b27@group-2FABE92B7E5B-FollowerState was interrupted: java.lang.InterruptedException: sleep interrupted
2019-10-21 23:46:44,516 [grpc-default-executor-4] INFO  impl.RoleInfo (RoleInfo.java:updateAndGet(143)) - 1360619e-ba1e-4bf9-aec1-9f15b5480b27: start FollowerState
2019-10-21 23:46:44,548 [b88b3e43-5534-49b3-b3f2-a9f154b450de@group-2FABE92B7E5B-LeaderElection186] INFO  impl.LeaderElection (LeaderElection.java:logAndReturn(56)) - b88b3e43-5534-49b3-b3f2-a9f154b450de@group-2FABE92B7E5B-LeaderElection186: Election REJECTED; received 2 response(s) [b88b3e43-5534-49b3-b3f2-a9f154b450de<-c58a0a02-acd3-47c8-b3e9-5b8e0493de45#0:FAIL-t190, b88b3e43-5534-49b3-b3f2-a9f154b450de<-1360619e-ba1e-4bf9-aec1-9f15b5480b27#0:FAIL-t190] and 0 exception(s); b88b3e43-5534-49b3-b3f2-a9f154b450de@group-2FABE92B7E5B:t190, leader=null, voted=b88b3e43-5534-49b3-b3f2-a9f154b450de, raftlog=b88b3e43-5534-49b3-b3f2-a9f154b450de@group-2FABE92B7E5B-SegmentedRaftLog:OPENED:c-1,f-1,i0, conf=-1: [c58a0a02-acd3-47c8-b3e9-5b8e0493de45:192.168.157.254:33611, 1360619e-ba1e-4bf9-aec1-9f15b5480b27:192.168.157.254:45658, b88b3e43-5534-49b3-b3f2-a9f154b450de:192.168.157.254:46786], old=null
2019-10-21 23:46:44,548 [b88b3e43-5534-49b3-b3f2-a9f154b450de@group-2FABE92B7E5B-LeaderElection186] INFO  impl.RaftServerImpl (RaftServerImpl.java:setRole(184)) - b88b3e43-5534-49b3-b3f2-a9f154b450de@group-2FABE92B7E5B: changes role from CANDIDATE to FOLLOWER at term 190 for DISCOVERED_A_NEW_TERM
2019-10-21 23:46:44,548 [b88b3e43-5534-49b3-b3f2-a9f154b450de@group-2FABE92B7E5B-LeaderElection186] INFO  impl.RoleInfo (RoleInfo.java:shutdownLeaderElection(134)) - b88b3e43-5534-49b3-b3f2-a9f154b450de: shutdown LeaderElection
2019-10-21 23:46:44,548 [b88b3e43-5534-49b3-b3f2-a9f154b450de@group-2FABE92B7E5B-LeaderElection186] INFO  impl.RoleInfo (RoleInfo.java:updateAndGet(143)) - b88b3e43-5534-49b3-b3f2-a9f154b450de: start FollowerState
2019-10-21 23:46:44,687 [Thread-1417] INFO  impl.FollowerState (FollowerState.java:run(108)) - b88b3e43-5534-49b3-b3f2-a9f154b450de@group-2FABE92B7E5B-FollowerState: change to CANDIDATE, lastRpcTime:138ms, electionTimeout:138ms
2019-10-21 23:46:44,687 [Thread-1417] INFO  impl.RoleInfo (RoleInfo.java:shutdownFollowerState(121)) - b88b3e43-5534-49b3-b3f2-a9f154b450de: shutdown FollowerState
2019-10-21 23:46:44,687 [Thread-1417] INFO  impl.RaftServerImpl (RaftServerImpl.java:setRole(184)) - b88b3e43-5534-49b3-b3f2-a9f154b450de@group-2FABE92B7E5B: changes role from  FOLLOWER to CANDIDATE at term 190 for changeToCandidate
2019-10-21 23:46:44,687 [Thread-1417] INFO  impl.RoleInfo (RoleInfo.java:updateAndGet(143)) - b88b3e43-5534-49b3-b3f2-a9f154b450de: start LeaderElection
2019-10-21 23:46:44,701 [b88b3e43-5534-49b3-b3f2-a9f154b450de@group-2FABE92B7E5B-LeaderElection187] INFO  impl.LeaderElection (LeaderElection.java:askForVotes(178)) - b88b3e43-5534-49b3-b3f2-a9f154b450de@group-2FABE92B7E5B-LeaderElection187: begin an election at term 191 for -1: [c58a0a02-acd3-47c8-b3e9-5b8e0493de45:192.168.157.254:33611, 1360619e-ba1e-4bf9-aec1-9f15b5480b27:192.168.157.254:45658, b88b3e43-5534-49b3-b3f2-a9f154b450de:192.168.157.254:46786], old=null
2019-10-21 23:46:44,705 [grpc-default-executor-2] INFO  impl.RaftServerImpl (RaftServerImpl.java:setRole(184)) - 1360619e-ba1e-4bf9-aec1-9f15b5480b27@group-2FABE92B7E5B: changes role from  FOLLOWER to FOLLOWER at term 191 for recognizeCandidate:b88b3e43-5534-49b3-b3f2-a9f154b450de
2019-10-21 23:46:44,705 [grpc-default-executor-2] INFO  impl.RoleInfo (RoleInfo.java:shutdownFollowerState(121)) - 1360619e-ba1e-4bf9-aec1-9f15b5480b27: shutdown FollowerState
2019-10-21 23:46:44,705 [grpc-default-executor-4] INFO  impl.RaftServerImpl (RaftServerImpl.java:setRole(184)) - c58a0a02-acd3-47c8-b3e9-5b8e0493de45@group-2FABE92B7E5B: changes role from  FOLLOWER to FOLLOWER at term 191 for recognizeCandidate:b88b3e43-5534-49b3-b3f2-a9f154b450de
2019-10-21 23:46:44,705 [Thread-1416] INFO  impl.FollowerState (FollowerState.java:run(117)) - 1360619e-ba1e-4bf9-aec1-9f15b5480b27@group-2FABE92B7E5B-FollowerState was interrupted: java.lang.InterruptedException: sleep interrupted
2019-10-21 23:46:44,705 [grpc-default-executor-2] INFO  impl.RoleInfo (RoleInfo.java:updateAndGet(143)) - 1360619e-ba1e-4bf9-aec1-9f15b5480b27: start FollowerState
2019-10-21 23:46:44,705 [grpc-default-executor-4] INFO  impl.RoleInfo (RoleInfo.java:shutdownFollowerState(121)) - c58a0a02-acd3-47c8-b3e9-5b8e0493de45: shutdown FollowerState
2019-10-21 23:46:44,706 [grpc-default-executor-4] INFO  impl.RoleInfo (RoleInfo.java:updateAndGet(143)) - c58a0a02-acd3-47c8-b3e9-5b8e0493de45: start FollowerState
2019-10-21 23:46:44,706 [Thread-1415] INFO  impl.FollowerState (FollowerState.java:run(117)) - c58a0a02-acd3-47c8-b3e9-5b8e0493de45@group-2FABE92B7E5B-FollowerState was interrupted: java.lang.InterruptedException: sleep interrupted
2019-10-21 23:46:44,720 [b88b3e43-5534-49b3-b3f2-a9f154b450de@group-2FABE92B7E5B-LeaderElection187] INFO  impl.LeaderElection (LeaderElection.java:logAndReturn(56)) - b88b3e43-5534-49b3-b3f2-a9f154b450de@group-2FABE92B7E5B-LeaderElection187: Election REJECTED; received 2 response(s) [b88b3e43-5534-49b3-b3f2-a9f154b450de<-c58a0a02-acd3-47c8-b3e9-5b8e0493de45#0:FAIL-t191, b88b3e43-5534-49b3-b3f2-a9f154b450de<-1360619e-ba1e-4bf9-aec1-9f15b5480b27#0:FAIL-t191] and 0 exception(s); b88b3e43-5534-49b3-b3f2-a9f154b450de@group-2FABE92B7E5B:t191, leader=null, voted=b88b3e43-5534-49b3-b3f2-a9f154b450de, raftlog=b88b3e43-5534-49b3-b3f2-a9f154b450de@group-2FABE92B7E5B-SegmentedRaftLog:OPENED:c-1,f-1,i0, conf=-1: [c58a0a02-acd3-47c8-b3e9-5b8e0493de45:192.168.157.254:33611, 1360619e-ba1e-4bf9-aec1-9f15b5480b27:192.168.157.254:45658, b88b3e43-5534-49b3-b3f2-a9f154b450de:192.168.157.254:46786], old=null
2019-10-21 23:46:44,720 [b88b3e43-5534-49b3-b3f2-a9f154b450de@group-2FABE92B7E5B-LeaderElection187] INFO  impl.RaftServerImpl (RaftServerImpl.java:setRole(184)) - b88b3e43-5534-49b3-b3f2-a9f154b450de@group-2FABE92B7E5B: changes role from CANDIDATE to FOLLOWER at term 191 for DISCOVERED_A_NEW_TERM
2019-10-21 23:46:44,721 [b88b3e43-5534-49b3-b3f2-a9f154b450de@group-2FABE92B7E5B-LeaderElection187] INFO  impl.RoleInfo (RoleInfo.java:shutdownLeaderElection(134)) - b88b3e43-5534-49b3-b3f2-a9f154b450de: shutdown LeaderElection
2019-10-21 23:46:44,721 [b88b3e43-5534-49b3-b3f2-a9f154b450de@group-2FABE92B7E5B-LeaderElection187] INFO  impl.RoleInfo (RoleInfo.java:updateAndGet(143)) - b88b3e43-5534-49b3-b3f2-a9f154b450de: start FollowerState
2019-10-21 23:46:44,799 [Thread-1423] INFO  impl.FollowerState (FollowerState.java:run(108)) - b88b3e43-5534-49b3-b3f2-a9f154b450de@group-2FABE92B7E5B-FollowerState: change to CANDIDATE, lastRpcTime:78ms, electionTimeout:78ms
2019-10-21 23:46:44,799 [Thread-1423] INFO  impl.RoleInfo (RoleInfo.java:shutdownFollowerState(121)) - b88b3e43-5534-49b3-b3f2-a9f154b450de: shutdown FollowerState
2019-10-21 23:46:44,800 [Thread-1423] INFO  impl.RaftServerImpl (RaftServerImpl.java:setRole(184)) - b88b3e43-5534-49b3-b3f2-a9f154b450de@group-2FABE92B7E5B: changes role from  FOLLOWER to CANDIDATE at term 191 for changeToCandidate
2019-10-21 23:46:44,800 [Thread-1423] INFO  impl.RoleInfo (RoleInfo.java:updateAndGet(143)) - b88b3e43-5534-49b3-b3f2-a9f154b450de: start LeaderElection
2019-10-21 23:46:44,813 [b88b3e43-5534-49b3-b3f2-a9f154b450de@group-2FABE92B7E5B-LeaderElection188] INFO  impl.LeaderElection (LeaderElection.java:askForVotes(178)) - b88b3e43-5534-49b3-b3f2-a9f154b450de@group-2FABE92B7E5B-LeaderElection188: begin an election at term 192 for -1: [c58a0a02-acd3-47c8-b3e9-5b8e0493de45:192.168.157.254:33611, 1360619e-ba1e-4bf9-aec1-9f15b5480b27:192.168.157.254:45658, b88b3e43-5534-49b3-b3f2-a9f154b450de:192.168.157.254:46786], old=null
2019-10-21 23:46:44,816 [grpc-default-executor-4] INFO  impl.RaftServerImpl (RaftServerImpl.java:setRole(184)) - 1360619e-ba1e-4bf9-aec1-9f15b5480b27@group-2FABE92B7E5B: changes role from  FOLLOWER to FOLLOWER at term 192 for recognizeCandidate:b88b3e43-5534-49b3-b3f2-a9f154b450de
2019-10-21 23:46:44,816 [grpc-default-executor-2] INFO  impl.RaftServerImpl (RaftServerImpl.java:setRole(184)) - c58a0a02-acd3-47c8-b3e9-5b8e0493de45@group-2FABE92B7E5B: changes role from  FOLLOWER to FOLLOWER at term 192 for recognizeCandidate:b88b3e43-5534-49b3-b3f2-a9f154b450de
2019-10-21 23:46:44,816 [grpc-default-executor-2] INFO  impl.RoleInfo (RoleInfo.java:shutdownFollowerState(121)) - c58a0a02-acd3-47c8-b3e9-5b8e0493de45: shutdown FollowerState
2019-10-21 23:46:44,816 [grpc-default-executor-4] INFO  impl.RoleInfo (RoleInfo.java:shutdownFollowerState(121)) - 1360619e-ba1e-4bf9-aec1-9f15b5480b27: shutdown FollowerState
2019-10-21 23:46:44,816 [Thread-1422] INFO  impl.FollowerState (FollowerState.java:run(117)) - c58a0a02-acd3-47c8-b3e9-5b8e0493de45@group-2FABE92B7E5B-FollowerState was interrupted: java.lang.InterruptedException: sleep interrupted
2019-10-21 23:46:44,816 [grpc-default-executor-2] INFO  impl.RoleInfo (RoleInfo.java:updateAndGet(143)) - c58a0a02-acd3-47c8-b3e9-5b8e0493de45: start FollowerState
2019-10-21 23:46:44,816 [Thread-1421] INFO  impl.FollowerState (FollowerState.java:run(117)) - 1360619e-ba1e-4bf9-aec1-9f15b5480b27@group-2FABE92B7E5B-FollowerState was interrupted: java.lang.InterruptedException: sleep interrupted
2019-10-21 23:46:44,816 [grpc-default-executor-4] INFO  impl.RoleInfo (RoleInfo.java:updateAndGet(143)) - 1360619e-ba1e-4bf9-aec1-9f15b5480b27: start FollowerState
2019-10-21 23:46:44,831 [b88b3e43-5534-49b3-b3f2-a9f154b450de@group-2FABE92B7E5B-LeaderElection188] INFO  impl.LeaderElection (LeaderElection.java:logAndReturn(56)) - b88b3e43-5534-49b3-b3f2-a9f154b450de@group-2FABE92B7E5B-LeaderElection188: Election REJECTED; received 2 response(s) [b88b3e43-5534-49b3-b3f2-a9f154b450de<-c58a0a02-acd3-47c8-b3e9-5b8e0493de45#0:FAIL-t192, b88b3e43-5534-49b3-b3f2-a9f154b450de<-1360619e-ba1e-4bf9-aec1-9f15b5480b27#0:FAIL-t192] and 0 exception(s); b88b3e43-5534-49b3-b3f2-a9f154b450de@group-2FABE92B7E5B:t192, leader=null, voted=b88b3e43-5534-49b3-b3f2-a9f154b450de, raftlog=b88b3e43-5534-49b3-b3f2-a9f154b450de@group-2FABE92B7E5B-SegmentedRaftLog:OPENED:c-1,f-1,i0, conf=-1: [c58a0a02-acd3-47c8-b3e9-5b8e0493de45:192.168.157.254:33611, 1360619e-ba1e-4bf9-aec1-9f15b5480b27:192.168.157.254:45658, b88b3e43-5534-49b3-b3f2-a9f154b450de:192.168.157.254:46786], old=null
2019-10-21 23:46:44,831 [b88b3e43-5534-49b3-b3f2-a9f154b450de@group-2FABE92B7E5B-LeaderElection188] INFO  impl.RaftServerImpl (RaftServerImpl.java:setRole(184)) - b88b3e43-5534-49b3-b3f2-a9f154b450de@group-2FABE92B7E5B: changes role from CANDIDATE to FOLLOWER at term 192 for DISCOVERED_A_NEW_TERM
2019-10-21 23:46:44,831 [b88b3e43-5534-49b3-b3f2-a9f154b450de@group-2FABE92B7E5B-LeaderElection188] INFO  impl.RoleInfo (RoleInfo.java:shutdownLeaderElection(134)) - b88b3e43-5534-49b3-b3f2-a9f154b450de: shutdown LeaderElection
2019-10-21 23:46:44,831 [b88b3e43-5534-49b3-b3f2-a9f154b450de@group-2FABE92B7E5B-LeaderElection188] INFO  impl.RoleInfo (RoleInfo.java:updateAndGet(143)) - b88b3e43-5534-49b3-b3f2-a9f154b450de: start FollowerState
2019-10-21 23:46:44,832 [Thread-1429] INFO  impl.FollowerState (FollowerState.java:run(108)) - b88b3e43-5534-49b3-b3f2-a9f154b450de@group-2FABE92B7E5B-FollowerState: change to CANDIDATE, lastRpcTime:1ms, electionTimeout:1ms
2019-10-21 23:46:44,833 [Thread-1429] INFO  impl.RoleInfo (RoleInfo.java:shutdownFollowerState(121)) - b88b3e43-5534-49b3-b3f2-a9f154b450de: shutdown FollowerState
2019-10-21 23:46:44,833 [Thread-1429] INFO  impl.RaftServerImpl (RaftServerImpl.java:setRole(184)) - b88b3e43-5534-49b3-b3f2-a9f154b450de@group-2FABE92B7E5B: changes role from  FOLLOWER to CANDIDATE at term 192 for changeToCandidate
2019-10-21 23:46:44,833 [Thread-1429] INFO  impl.RoleInfo (RoleInfo.java:updateAndGet(143)) - b88b3e43-5534-49b3-b3f2-a9f154b450de: start LeaderElection
2019-10-21 23:46:44,846 [b88b3e43-5534-49b3-b3f2-a9f154b450de@group-2FABE92B7E5B-LeaderElection189] INFO  impl.LeaderElection (LeaderElection.java:askForVotes(178)) - b88b3e43-5534-49b3-b3f2-a9f154b450de@group-2FABE92B7E5B-LeaderElection189: begin an election at term 193 for -1: [c58a0a02-acd3-47c8-b3e9-5b8e0493de45:192.168.157.254:33611, 1360619e-ba1e-4bf9-aec1-9f15b5480b27:192.168.157.254:45658, b88b3e43-5534-49b3-b3f2-a9f154b450de:192.168.157.254:46786], old=null
2019-10-21 23:46:44,848 [grpc-default-executor-2] INFO  impl.RaftServerImpl (RaftServerImpl.java:setRole(184)) - 1360619e-ba1e-4bf9-aec1-9f15b5480b27@group-2FABE92B7E5B: changes role from  FOLLOWER to FOLLOWER at term 193 for recognizeCandidate:b88b3e43-5534-49b3-b3f2-a9f154b450de
2019-10-21 23:46:44,848 [grpc-default-executor-4] INFO  impl.RaftServerImpl (RaftServerImpl.java:setRole(184)) - c58a0a02-acd3-47c8-b3e9-5b8e0493de45@group-2FABE92B7E5B: changes role from  FOLLOWER to FOLLOWER at term 193 for recognizeCandidate:b88b3e43-5534-49b3-b3f2-a9f154b450de
2019-10-21 23:46:44,848 [grpc-default-executor-2] INFO  impl.RoleInfo (RoleInfo.java:shutdownFollowerState(121)) - 1360619e-ba1e-4bf9-aec1-9f15b5480b27: shutdown FollowerState
2019-10-21 23:46:44,848 [grpc-default-executor-4] INFO  impl.RoleInfo (RoleInfo.java:shutdownFollowerState(121)) - c58a0a02-acd3-47c8-b3e9-5b8e0493de45: shutdown FollowerState
2019-10-21 23:46:44,848 [Thread-1428] INFO  impl.FollowerState (FollowerState.java:run(117)) - 1360619e-ba1e-4bf9-aec1-9f15b5480b27@group-2FABE92B7E5B-FollowerState was interrupted: java.lang.InterruptedException: sleep interrupted
2019-10-21 23:46:44,848 [grpc-default-executor-2] INFO  impl.RoleInfo (RoleInfo.java:updateAndGet(143)) - 1360619e-ba1e-4bf9-aec1-9f15b5480b27: start FollowerState
2019-10-21 23:46:44,848 [Thread-1427] INFO  impl.FollowerState (FollowerState.java:run(117)) - c58a0a02-acd3-47c8-b3e9-5b8e0493de45@group-2FABE92B7E5B-FollowerState was interrupted: java.lang.InterruptedException: sleep interrupted
2019-10-21 23:46:44,848 [grpc-default-executor-4] INFO  impl.RoleInfo (RoleInfo.java:updateAndGet(143)) - c58a0a02-acd3-47c8-b3e9-5b8e0493de45: start FollowerState
2019-10-21 23:46:44,863 [b88b3e43-5534-49b3-b3f2-a9f154b450de@group-2FABE92B7E5B-LeaderElection189] INFO  impl.LeaderElection (LeaderElection.java:logAndReturn(56)) - b88b3e43-5534-49b3-b3f2-a9f154b450de@group-2FABE92B7E5B-LeaderElection189: Election REJECTED; received 2 response(s) [b88b3e43-5534-49b3-b3f2-a9f154b450de<-c58a0a02-acd3-47c8-b3e9-5b8e0493de45#0:FAIL-t193, b88b3e43-5534-49b3-b3f2-a9f154b450de<-1360619e-ba1e-4bf9-aec1-9f15b5480b27#0:FAIL-t193] and 0 exception(s); b88b3e43-5534-49b3-b3f2-a9f154b450de@group-2FABE92B7E5B:t193, leader=null, voted=b88b3e43-5534-49b3-b3f2-a9f154b450de, raftlog=b88b3e43-5534-49b3-b3f2-a9f154b450de@group-2FABE92B7E5B-SegmentedRaftLog:OPENED:c-1,f-1,i0, conf=-1: [c58a0a02-acd3-47c8-b3e9-5b8e0493de45:192.168.157.254:33611, 1360619e-ba1e-4bf9-aec1-9f15b5480b27:192.168.157.254:45658, b88b3e43-5534-49b3-b3f2-a9f154b450de:192.168.157.254:46786], old=null
2019-10-21 23:46:44,863 [b88b3e43-5534-49b3-b3f2-a9f154b450de@group-2FABE92B7E5B-LeaderElection189] INFO  impl.RaftServerImpl (RaftServerImpl.java:setRole(184)) - b88b3e43-5534-49b3-b3f2-a9f154b450de@group-2FABE92B7E5B: changes role from CANDIDATE to FOLLOWER at term 193 for DISCOVERED_A_NEW_TERM
2019-10-21 23:46:44,863 [b88b3e43-5534-49b3-b3f2-a9f154b450de@group-2FABE92B7E5B-LeaderElection189] INFO  impl.RoleInfo (RoleInfo.java:shutdownLeaderElection(134)) - b88b3e43-5534-49b3-b3f2-a9f154b450de: shutdown LeaderElection
2019-10-21 23:46:44,863 [b88b3e43-5534-49b3-b3f2-a9f154b450de@group-2FABE92B7E5B-LeaderElection189] INFO  impl.RoleInfo (RoleInfo.java:updateAndGet(143)) - b88b3e43-5534-49b3-b3f2-a9f154b450de: start FollowerState
2019-10-21 23:46:44,898 [Thread-1435] INFO  impl.FollowerState (FollowerState.java:run(108)) - b88b3e43-5534-49b3-b3f2-a9f154b450de@group-2FABE92B7E5B-FollowerState: change to CANDIDATE, lastRpcTime:34ms, electionTimeout:34ms
2019-10-21 23:46:44,898 [Thread-1435] INFO  impl.RoleInfo (RoleInfo.java:shutdownFollowerState(121)) - b88b3e43-5534-49b3-b3f2-a9f154b450de: shutdown FollowerState
2019-10-21 23:46:44,898 [Thread-1435] INFO  impl.RaftServerImpl (RaftServerImpl.java:setRole(184)) - b88b3e43-5534-49b3-b3f2-a9f154b450de@group-2FABE92B7E5B: changes role from  FOLLOWER to CANDIDATE at term 193 for changeToCandidate
2019-10-21 23:46:44,898 [Thread-1435] INFO  impl.RoleInfo (RoleInfo.java:updateAndGet(143)) - b88b3e43-5534-49b3-b3f2-a9f154b450de: start LeaderElection
2019-10-21 23:46:44,912 [b88b3e43-5534-49b3-b3f2-a9f154b450de@group-2FABE92B7E5B-LeaderElection190] INFO  impl.LeaderElection (LeaderElection.java:askForVotes(178)) - b88b3e43-5534-49b3-b3f2-a9f154b450de@group-2FABE92B7E5B-LeaderElection190: begin an election at term 194 for -1: [c58a0a02-acd3-47c8-b3e9-5b8e0493de45:192.168.157.254:33611, 1360619e-ba1e-4bf9-aec1-9f15b5480b27:192.168.157.254:45658, b88b3e43-5534-49b3-b3f2-a9f154b450de:192.168.157.254:46786], old=null
2019-10-21 23:46:44,913 [grpc-default-executor-4] INFO  impl.RaftServerImpl (RaftServerImpl.java:setRole(184)) - c58a0a02-acd3-47c8-b3e9-5b8e0493de45@group-2FABE92B7E5B: changes role from  FOLLOWER to FOLLOWER at term 194 for recognizeCandidate:b88b3e43-5534-49b3-b3f2-a9f154b450de
2019-10-21 23:46:44,913 [grpc-default-executor-4] INFO  impl.RoleInfo (RoleInfo.java:shutdownFollowerState(121)) - c58a0a02-acd3-47c8-b3e9-5b8e0493de45: shutdown FollowerState
2019-10-21 23:46:44,914 [grpc-default-executor-4] INFO  impl.RoleInfo (RoleInfo.java:updateAndGet(143)) - c58a0a02-acd3-47c8-b3e9-5b8e0493de45: start FollowerState
2019-10-21 23:46:44,914 [grpc-default-executor-2] INFO  impl.RaftServerImpl (RaftServerImpl.java:setRole(184)) - 1360619e-ba1e-4bf9-aec1-9f15b5480b27@group-2FABE92B7E5B: changes role from  FOLLOWER to FOLLOWER at term 194 for recognizeCandidate:b88b3e43-5534-49b3-b3f2-a9f154b450de
2019-10-21 23:46:44,914 [grpc-default-executor-2] INFO  impl.RoleInfo (RoleInfo.java:shutdownFollowerState(121)) - 1360619e-ba1e-4bf9-aec1-9f15b5480b27: shutdown FollowerState
2019-10-21 23:46:44,914 [Thread-1434] INFO  impl.FollowerState (FollowerState.java:run(117)) - c58a0a02-acd3-47c8-b3e9-5b8e0493de45@group-2FABE92B7E5B-FollowerState was interrupted: java.lang.InterruptedException: sleep interrupted
2019-10-21 23:46:44,914 [Thread-1433] INFO  impl.FollowerState (FollowerState.java:run(117)) - 1360619e-ba1e-4bf9-aec1-9f15b5480b27@group-2FABE92B7E5B-FollowerState was interrupted: java.lang.InterruptedException: sleep interrupted
2019-10-21 23:46:44,914 [grpc-default-executor-2] INFO  impl.RoleInfo (RoleInfo.java:updateAndGet(143)) - 1360619e-ba1e-4bf9-aec1-9f15b5480b27: start FollowerState
2019-10-21 23:46:44,927 [b88b3e43-5534-49b3-b3f2-a9f154b450de@group-2FABE92B7E5B-LeaderElection190] INFO  impl.LeaderElection (LeaderElection.java:logAndReturn(56)) - b88b3e43-5534-49b3-b3f2-a9f154b450de@group-2FABE92B7E5B-LeaderElection190: Election REJECTED; received 2 response(s) [b88b3e43-5534-49b3-b3f2-a9f154b450de<-c58a0a02-acd3-47c8-b3e9-5b8e0493de45#0:FAIL-t194, b88b3e43-5534-49b3-b3f2-a9f154b450de<-1360619e-ba1e-4bf9-aec1-9f15b5480b27#0:FAIL-t194] and 0 exception(s); b88b3e43-5534-49b3-b3f2-a9f154b450de@group-2FABE92B7E5B:t194, leader=null, voted=b88b3e43-5534-49b3-b3f2-a9f154b450de, raftlog=b88b3e43-5534-49b3-b3f2-a9f154b450de@group-2FABE92B7E5B-SegmentedRaftLog:OPENED:c-1,f-1,i0, conf=-1: [c58a0a02-acd3-47c8-b3e9-5b8e0493de45:192.168.157.254:33611, 1360619e-ba1e-4bf9-aec1-9f15b5480b27:192.168.157.254:45658, b88b3e43-5534-49b3-b3f2-a9f154b450de:192.168.157.254:46786], old=null
2019-10-21 23:46:44,928 [b88b3e43-5534-49b3-b3f2-a9f154b450de@group-2FABE92B7E5B-LeaderElection190] INFO  impl.RaftServerImpl (RaftServerImpl.java:setRole(184)) - b88b3e43-5534-49b3-b3f2-a9f154b450de@group-2FABE92B7E5B: changes role from CANDIDATE to FOLLOWER at term 194 for DISCOVERED_A_NEW_TERM
2019-10-21 23:46:44,928 [b88b3e43-5534-49b3-b3f2-a9f154b450de@group-2FABE92B7E5B-LeaderElection190] INFO  impl.RoleInfo (RoleInfo.java:shutdownLeaderElection(134)) - b88b3e43-5534-49b3-b3f2-a9f154b450de: shutdown LeaderElection
2019-10-21 23:46:44,928 [b88b3e43-5534-49b3-b3f2-a9f154b450de@group-2FABE92B7E5B-LeaderElection190] INFO  impl.RoleInfo (RoleInfo.java:updateAndGet(143)) - b88b3e43-5534-49b3-b3f2-a9f154b450de: start FollowerState
2019-10-21 23:46:44,937 [Thread-1441] INFO  impl.FollowerState (FollowerState.java:run(108)) - b88b3e43-5534-49b3-b3f2-a9f154b450de@group-2FABE92B7E5B-FollowerState: change to CANDIDATE, lastRpcTime:9ms, electionTimeout:9ms
2019-10-21 23:46:44,937 [Thread-1441] INFO  impl.RoleInfo (RoleInfo.java:shutdownFollowerState(121)) - b88b3e43-5534-49b3-b3f2-a9f154b450de: shutdown FollowerState
2019-10-21 23:46:44,937 [Thread-1441] INFO  impl.RaftServerImpl (RaftServerImpl.java:setRole(184)) - b88b3e43-5534-49b3-b3f2-a9f154b450de@group-2FABE92B7E5B: changes role from  FOLLOWER to CANDIDATE at term 194 for changeToCandidate
2019-10-21 23:46:44,937 [Thread-1441] INFO  impl.RoleInfo (RoleInfo.java:updateAndGet(143)) - b88b3e43-5534-49b3-b3f2-a9f154b450de: start LeaderElection
2019-10-21 23:46:44,950 [b88b3e43-5534-49b3-b3f2-a9f154b450de@group-2FABE92B7E5B-LeaderElection191] INFO  impl.LeaderElection (LeaderElection.java:askForVotes(178)) - b88b3e43-5534-49b3-b3f2-a9f154b450de@group-2FABE92B7E5B-LeaderElection191: begin an election at term 195 for -1: [c58a0a02-acd3-47c8-b3e9-5b8e0493de45:192.168.157.254:33611, 1360619e-ba1e-4bf9-aec1-9f15b5480b27:192.168.157.254:45658, b88b3e43-5534-49b3-b3f2-a9f154b450de:192.168.157.254:46786], old=null
2019-10-21 23:46:44,951 [grpc-default-executor-4] INFO  impl.RaftServerImpl (RaftServerImpl.java:setRole(184)) - 1360619e-ba1e-4bf9-aec1-9f15b5480b27@group-2FABE92B7E5B: changes role from  FOLLOWER to FOLLOWER at term 195 for recognizeCandidate:b88b3e43-5534-49b3-b3f2-a9f154b450de
2019-10-21 23:46:44,952 [grpc-default-executor-4] INFO  impl.RoleInfo (RoleInfo.java:shutdownFollowerState(121)) - 1360619e-ba1e-4bf9-aec1-9f15b5480b27: shutdown FollowerState
2019-10-21 23:46:44,952 [grpc-default-executor-2] INFO  impl.RaftServerImpl (RaftServerImpl.java:setRole(184)) - c58a0a02-acd3-47c8-b3e9-5b8e0493de45@group-2FABE92B7E5B: changes role from  FOLLOWER to FOLLOWER at term 195 for recognizeCandidate:b88b3e43-5534-49b3-b3f2-a9f154b450de
2019-10-21 23:46:44,952 [grpc-default-executor-2] INFO  impl.RoleInfo (RoleInfo.java:shutdownFollowerState(121)) - c58a0a02-acd3-47c8-b3e9-5b8e0493de45: shutdown FollowerState
2019-10-21 23:46:44,952 [Thread-1440] INFO  impl.FollowerState (FollowerState.java:run(117)) - 1360619e-ba1e-4bf9-aec1-9f15b5480b27@group-2FABE92B7E5B-FollowerState was interrupted: java.lang.InterruptedException: sleep interrupted
2019-10-21 23:46:44,952 [grpc-default-executor-4] INFO  impl.RoleInfo (RoleInfo.java:updateAndGet(143)) - 1360619e-ba1e-4bf9-aec1-9f15b5480b27: start FollowerState
2019-10-21 23:46:44,952 [Thread-1439] INFO  impl.FollowerState (FollowerState.java:run(117)) - c58a0a02-acd3-47c8-b3e9-5b8e0493de45@group-2FABE92B7E5B-FollowerState was interrupted: java.lang.InterruptedException: sleep interrupted
2019-10-21 23:46:44,952 [grpc-default-executor-2] INFO  impl.RoleInfo (RoleInfo.java:updateAndGet(143)) - c58a0a02-acd3-47c8-b3e9-5b8e0493de45: start FollowerState
2019-10-21 23:46:44,969 [b88b3e43-5534-49b3-b3f2-a9f154b450de@group-2FABE92B7E5B-LeaderElection191] INFO  impl.LeaderElection (LeaderElection.java:logAndReturn(56)) - b88b3e43-5534-49b3-b3f2-a9f154b450de@group-2FABE92B7E5B-LeaderElection191: Election REJECTED; received 2 response(s) [b88b3e43-5534-49b3-b3f2-a9f154b450de<-c58a0a02-acd3-47c8-b3e9-5b8e0493de45#0:FAIL-t195, b88b3e43-5534-49b3-b3f2-a9f154b450de<-1360619e-ba1e-4bf9-aec1-9f15b5480b27#0:FAIL-t195] and 0 exception(s); b88b3e43-5534-49b3-b3f2-a9f154b450de@group-2FABE92B7E5B:t195, leader=null, voted=b88b3e43-5534-49b3-b3f2-a9f154b450de, raftlog=b88b3e43-5534-49b3-b3f2-a9f154b450de@group-2FABE92B7E5B-SegmentedRaftLog:OPENED:c-1,f-1,i0, conf=-1: [c58a0a02-acd3-47c8-b3e9-5b8e0493de45:192.168.157.254:33611, 1360619e-ba1e-4bf9-aec1-9f15b5480b27:192.168.157.254:45658, b88b3e43-5534-49b3-b3f2-a9f154b450de:192.168.157.254:46786], old=null
2019-10-21 23:46:44,970 [b88b3e43-5534-49b3-b3f2-a9f154b450de@group-2FABE92B7E5B-LeaderElection191] INFO  impl.RaftServerImpl (RaftServerImpl.java:setRole(184)) - b88b3e43-5534-49b3-b3f2-a9f154b450de@group-2FABE92B7E5B: changes role from CANDIDATE to FOLLOWER at term 195 for DISCOVERED_A_NEW_TERM
2019-10-21 23:46:44,970 [b88b3e43-5534-49b3-b3f2-a9f154b450de@group-2FABE92B7E5B-LeaderElection191] INFO  impl.RoleInfo (RoleInfo.java:shutdownLeaderElection(134)) - b88b3e43-5534-49b3-b3f2-a9f154b450de: shutdown LeaderElection
2019-10-21 23:46:44,971 [b88b3e43-5534-49b3-b3f2-a9f154b450de@group-2FABE92B7E5B-LeaderElection191] INFO  impl.RoleInfo (RoleInfo.java:updateAndGet(143)) - b88b3e43-5534-49b3-b3f2-a9f154b450de: start FollowerState
2019-10-21 23:46:45,034 [Thread-1449] INFO  impl.FollowerState (FollowerState.java:run(108)) - b88b3e43-5534-49b3-b3f2-a9f154b450de@group-2FABE92B7E5B-FollowerState: change to CANDIDATE, lastRpcTime:63ms, electionTimeout:63ms
2019-10-21 23:46:45,034 [Thread-1449] INFO  impl.RoleInfo (RoleInfo.java:shutdownFollowerState(121)) - b88b3e43-5534-49b3-b3f2-a9f154b450de: shutdown FollowerState
2019-10-21 23:46:45,034 [Thread-1449] INFO  impl.RaftServerImpl (RaftServerImpl.java:setRole(184)) - b88b3e43-5534-49b3-b3f2-a9f154b450de@group-2FABE92B7E5B: changes role from  FOLLOWER to CANDIDATE at term 195 for changeToCandidate
2019-10-21 23:46:45,035 [Thread-1449] INFO  impl.RoleInfo (RoleInfo.java:updateAndGet(143)) - b88b3e43-5534-49b3-b3f2-a9f154b450de: start LeaderElection
2019-10-21 23:46:45,048 [b88b3e43-5534-49b3-b3f2-a9f154b450de@group-2FABE92B7E5B-LeaderElection192] INFO  impl.LeaderElection (LeaderElection.java:askForVotes(178)) - b88b3e43-5534-49b3-b3f2-a9f154b450de@group-2FABE92B7E5B-LeaderElection192: begin an election at term 196 for -1: [c58a0a02-acd3-47c8-b3e9-5b8e0493de45:192.168.157.254:33611, 1360619e-ba1e-4bf9-aec1-9f15b5480b27:192.168.157.254:45658, b88b3e43-5534-49b3-b3f2-a9f154b450de:192.168.157.254:46786], old=null
2019-10-21 23:46:45,050 [grpc-default-executor-0] INFO  impl.RaftServerImpl (RaftServerImpl.java:setRole(184)) - c58a0a02-acd3-47c8-b3e9-5b8e0493de45@group-2FABE92B7E5B: changes role from  FOLLOWER to FOLLOWER at term 196 for recognizeCandidate:b88b3e43-5534-49b3-b3f2-a9f154b450de
2019-10-21 23:46:45,050 [grpc-default-executor-0] INFO  impl.RoleInfo (RoleInfo.java:shutdownFollowerState(121)) - c58a0a02-acd3-47c8-b3e9-5b8e0493de45: shutdown FollowerState
2019-10-21 23:46:45,050 [grpc-default-executor-0] INFO  impl.RoleInfo (RoleInfo.java:updateAndGet(143)) - c58a0a02-acd3-47c8-b3e9-5b8e0493de45: start FollowerState
2019-10-21 23:46:45,051 [Thread-1446] INFO  impl.FollowerState (FollowerState.java:run(117)) - c58a0a02-acd3-47c8-b3e9-5b8e0493de45@group-2FABE92B7E5B-FollowerState was interrupted: java.lang.InterruptedException: sleep interrupted
2019-10-21 23:46:45,051 [grpc-default-executor-2] INFO  impl.RaftServerImpl (RaftServerImpl.java:setRole(184)) - 1360619e-ba1e-4bf9-aec1-9f15b5480b27@group-2FABE92B7E5B: changes role from  FOLLOWER to FOLLOWER at term 196 for recognizeCandidate:b88b3e43-5534-49b3-b3f2-a9f154b450de
2019-10-21 23:46:45,051 [grpc-default-executor-2] INFO  impl.RoleInfo (RoleInfo.java:shutdownFollowerState(121)) - 1360619e-ba1e-4bf9-aec1-9f15b5480b27: shutdown FollowerState
2019-10-21 23:46:45,051 [grpc-default-executor-2] INFO  impl.RoleInfo (RoleInfo.java:updateAndGet(143)) - 1360619e-ba1e-4bf9-aec1-9f15b5480b27: start FollowerState
2019-10-21 23:46:45,051 [Thread-1445] INFO  impl.FollowerState (FollowerState.java:run(117)) - 1360619e-ba1e-4bf9-aec1-9f15b5480b27@group-2FABE92B7E5B-FollowerState was interrupted: java.lang.InterruptedException: sleep interrupted
2019-10-21 23:46:45,071 [b88b3e43-5534-49b3-b3f2-a9f154b450de@group-2FABE92B7E5B-LeaderElection192] INFO  impl.LeaderElection (LeaderElection.java:logAndReturn(56)) - b88b3e43-5534-49b3-b3f2-a9f154b450de@group-2FABE92B7E5B-LeaderElection192: Election REJECTED; received 2 response(s) [b88b3e43-5534-49b3-b3f2-a9f154b450de<-c58a0a02-acd3-47c8-b3e9-5b8e0493de45#0:FAIL-t196, b88b3e43-5534-49b3-b3f2-a9f154b450de<-1360619e-ba1e-4bf9-aec1-9f15b5480b27#0:FAIL-t196] and 0 exception(s); b88b3e43-5534-49b3-b3f2-a9f154b450de@group-2FABE92B7E5B:t196, leader=null, voted=b88b3e43-5534-49b3-b3f2-a9f154b450de, raftlog=b88b3e43-5534-49b3-b3f2-a9f154b450de@group-2FABE92B7E5B-SegmentedRaftLog:OPENED:c-1,f-1,i0, conf=-1: [c58a0a02-acd3-47c8-b3e9-5b8e0493de45:192.168.157.254:33611, 1360619e-ba1e-4bf9-aec1-9f15b5480b27:192.168.157.254:45658, b88b3e43-5534-49b3-b3f2-a9f154b450de:192.168.157.254:46786], old=null
2019-10-21 23:46:45,072 [b88b3e43-5534-49b3-b3f2-a9f154b450de@group-2FABE92B7E5B-LeaderElection192] INFO  impl.RaftServerImpl (RaftServerImpl.java:setRole(184)) - b88b3e43-5534-49b3-b3f2-a9f154b450de@group-2FABE92B7E5B: changes role from CANDIDATE to FOLLOWER at term 196 for DISCOVERED_A_NEW_TERM
2019-10-21 23:46:45,072 [b88b3e43-5534-49b3-b3f2-a9f154b450de@group-2FABE92B7E5B-LeaderElection192] INFO  impl.RoleInfo (RoleInfo.java:shutdownLeaderElection(134)) - b88b3e43-5534-49b3-b3f2-a9f154b450de: shutdown LeaderElection
2019-10-21 23:46:45,072 [b88b3e43-5534-49b3-b3f2-a9f154b450de@group-2FABE92B7E5B-LeaderElection192] INFO  impl.RoleInfo (RoleInfo.java:updateAndGet(143)) - b88b3e43-5534-49b3-b3f2-a9f154b450de: start FollowerState
2019-10-21 23:46:45,098 [Thread-1456] INFO  impl.FollowerState (FollowerState.java:run(108)) - b88b3e43-5534-49b3-b3f2-a9f154b450de@group-2FABE92B7E5B-FollowerState: change to CANDIDATE, lastRpcTime:26ms, electionTimeout:26ms
2019-10-21 23:46:45,098 [Thread-1456] INFO  impl.RoleInfo (RoleInfo.java:shutdownFollowerState(121)) - b88b3e43-5534-49b3-b3f2-a9f154b450de: shutdown FollowerState
2019-10-21 23:46:45,099 [Thread-1456] INFO  impl.RaftServerImpl (RaftServerImpl.java:setRole(184)) - b88b3e43-5534-49b3-b3f2-a9f154b450de@group-2FABE92B7E5B: changes role from  FOLLOWER to CANDIDATE at term 196 for changeToCandidate
2019-10-21 23:46:45,099 [Thread-1456] INFO  impl.RoleInfo (RoleInfo.java:updateAndGet(143)) - b88b3e43-5534-49b3-b3f2-a9f154b450de: start LeaderElection
2019-10-21 23:46:45,112 [b88b3e43-5534-49b3-b3f2-a9f154b450de@group-2FABE92B7E5B-LeaderElection193] INFO  impl.LeaderElection (LeaderElection.java:askForVotes(178)) - b88b3e43-5534-49b3-b3f2-a9f154b450de@group-2FABE92B7E5B-LeaderElection193: begin an election at term 197 for -1: [c58a0a02-acd3-47c8-b3e9-5b8e0493de45:192.168.157.254:33611, 1360619e-ba1e-4bf9-aec1-9f15b5480b27:192.168.157.254:45658, b88b3e43-5534-49b3-b3f2-a9f154b450de:192.168.157.254:46786], old=null
2019-10-21 23:46:45,115 [grpc-default-executor-2] INFO  impl.RaftServerImpl (RaftServerImpl.java:setRole(184)) - 1360619e-ba1e-4bf9-aec1-9f15b5480b27@group-2FABE92B7E5B: changes role from  FOLLOWER to FOLLOWER at term 197 for recognizeCandidate:b88b3e43-5534-49b3-b3f2-a9f154b450de
2019-10-21 23:46:45,115 [grpc-default-executor-0] INFO  impl.RaftServerImpl (RaftServerImpl.java:setRole(184)) - c58a0a02-acd3-47c8-b3e9-5b8e0493de45@group-2FABE92B7E5B: changes role from  FOLLOWER to FOLLOWER at term 197 for recognizeCandidate:b88b3e43-5534-49b3-b3f2-a9f154b450de
2019-10-21 23:46:45,115 [grpc-default-executor-0] INFO  impl.RoleInfo (RoleInfo.java:shutdownFollowerState(121)) - c58a0a02-acd3-47c8-b3e9-5b8e0493de45: shutdown FollowerState
2019-10-21 23:46:45,115 [grpc-default-executor-2] INFO  impl.RoleInfo (RoleInfo.java:shutdownFollowerState(121)) - 1360619e-ba1e-4bf9-aec1-9f15b5480b27: shutdown FollowerState
2019-10-21 23:46:45,116 [Thread-1453] INFO  impl.FollowerState (FollowerState.java:run(117)) - c58a0a02-acd3-47c8-b3e9-5b8e0493de45@group-2FABE92B7E5B-FollowerState was interrupted: java.lang.InterruptedException: sleep interrupted
2019-10-21 23:46:45,116 [grpc-default-executor-0] INFO  impl.RoleInfo (RoleInfo.java:updateAndGet(143)) - c58a0a02-acd3-47c8-b3e9-5b8e0493de45: start FollowerState
2019-10-21 23:46:45,116 [Thread-1454] INFO  impl.FollowerState (FollowerState.java:run(117)) - 1360619e-ba1e-4bf9-aec1-9f15b5480b27@group-2FABE92B7E5B-FollowerState was interrupted: java.lang.InterruptedException: sleep interrupted
2019-10-21 23:46:45,116 [grpc-default-executor-2] INFO  impl.RoleInfo (RoleInfo.java:updateAndGet(143)) - 1360619e-ba1e-4bf9-aec1-9f15b5480b27: start FollowerState
2019-10-21 23:46:45,125 [b88b3e43-5534-49b3-b3f2-a9f154b450de@group-2FABE92B7E5B-LeaderElection193] INFO  impl.LeaderElection (LeaderElection.java:logAndReturn(56)) - b88b3e43-5534-49b3-b3f2-a9f154b450de@group-2FABE92B7E5B-LeaderElection193: Election TIMEOUT; received 0 response(s) [] and 0 exception(s); b88b3e43-5534-49b3-b3f2-a9f154b450de@group-2FABE92B7E5B:t197, leader=null, voted=b88b3e43-5534-49b3-b3f2-a9f154b450de, raftlog=b88b3e43-5534-49b3-b3f2-a9f154b450de@group-2FABE92B7E5B-SegmentedRaftLog:OPENED:c-1,f-1,i0, conf=-1: [c58a0a02-acd3-47c8-b3e9-5b8e0493de45:192.168.157.254:33611, 1360619e-ba1e-4bf9-aec1-9f15b5480b27:192.168.157.254:45658, b88b3e43-5534-49b3-b3f2-a9f154b450de:192.168.157.254:46786], old=null
2019-10-21 23:46:45,130 [b88b3e43-5534-49b3-b3f2-a9f154b450de@group-2FABE92B7E5B-LeaderElection193] INFO  impl.LeaderElection (LeaderElection.java:askForVotes(178)) - b88b3e43-5534-49b3-b3f2-a9f154b450de@group-2FABE92B7E5B-LeaderElection193: begin an election at term 198 for -1: [c58a0a02-acd3-47c8-b3e9-5b8e0493de45:192.168.157.254:33611, 1360619e-ba1e-4bf9-aec1-9f15b5480b27:192.168.157.254:45658, b88b3e43-5534-49b3-b3f2-a9f154b450de:192.168.157.254:46786], old=null
2019-10-21 23:46:45,132 [grpc-default-executor-0] INFO  impl.RaftServerImpl (RaftServerImpl.java:setRole(184)) - c58a0a02-acd3-47c8-b3e9-5b8e0493de45@group-2FABE92B7E5B: changes role from  FOLLOWER to FOLLOWER at term 198 for recognizeCandidate:b88b3e43-5534-49b3-b3f2-a9f154b450de
2019-10-21 23:46:45,132 [grpc-default-executor-0] INFO  impl.RoleInfo (RoleInfo.java:shutdownFollowerState(121)) - c58a0a02-acd3-47c8-b3e9-5b8e0493de45: shutdown FollowerState
2019-10-21 23:46:45,132 [grpc-default-executor-0] INFO  impl.RoleInfo (RoleInfo.java:updateAndGet(143)) - c58a0a02-acd3-47c8-b3e9-5b8e0493de45: start FollowerState
2019-10-21 23:46:45,132 [Thread-1460] INFO  impl.FollowerState (FollowerState.java:run(117)) - c58a0a02-acd3-47c8-b3e9-5b8e0493de45@group-2FABE92B7E5B-FollowerState was interrupted: java.lang.InterruptedException: sleep interrupted
2019-10-21 23:46:45,132 [grpc-default-executor-2] INFO  impl.RaftServerImpl (RaftServerImpl.java:setRole(184)) - 1360619e-ba1e-4bf9-aec1-9f15b5480b27@group-2FABE92B7E5B: changes role from  FOLLOWER to FOLLOWER at term 198 for recognizeCandidate:b88b3e43-5534-49b3-b3f2-a9f154b450de
2019-10-21 23:46:45,132 [grpc-default-executor-2] INFO  impl.RoleInfo (RoleInfo.java:shutdownFollowerState(121)) - 1360619e-ba1e-4bf9-aec1-9f15b5480b27: shutdown FollowerState
2019-10-21 23:46:45,132 [Thread-1461] INFO  impl.FollowerState (FollowerState.java:run(117)) - 1360619e-ba1e-4bf9-aec1-9f15b5480b27@group-2FABE92B7E5B-FollowerState was interrupted: java.lang.InterruptedException: sleep interrupted
2019-10-21 23:46:45,132 [grpc-default-executor-2] INFO  impl.RoleInfo (RoleInfo.java:updateAndGet(143)) - 1360619e-ba1e-4bf9-aec1-9f15b5480b27: start FollowerState
2019-10-21 23:46:45,146 [b88b3e43-5534-49b3-b3f2-a9f154b450de@group-2FABE92B7E5B-LeaderElection193] INFO  impl.LeaderElection (LeaderElection.java:logAndReturn(56)) - b88b3e43-5534-49b3-b3f2-a9f154b450de@group-2FABE92B7E5B-LeaderElection193: Election REJECTED; received 2 response(s) [b88b3e43-5534-49b3-b3f2-a9f154b450de<-c58a0a02-acd3-47c8-b3e9-5b8e0493de45#0:FAIL-t198, b88b3e43-5534-49b3-b3f2-a9f154b450de<-1360619e-ba1e-4bf9-aec1-9f15b5480b27#0:FAIL-t198] and 0 exception(s); b88b3e43-5534-49b3-b3f2-a9f154b450de@group-2FABE92B7E5B:t198, leader=null, voted=b88b3e43-5534-49b3-b3f2-a9f154b450de, raftlog=b88b3e43-5534-49b3-b3f2-a9f154b450de@group-2FABE92B7E5B-SegmentedRaftLog:OPENED:c-1,f-1,i0, conf=-1: [c58a0a02-acd3-47c8-b3e9-5b8e0493de45:192.168.157.254:33611, 1360619e-ba1e-4bf9-aec1-9f15b5480b27:192.168.157.254:45658, b88b3e43-5534-49b3-b3f2-a9f154b450de:192.168.157.254:46786], old=null
2019-10-21 23:46:45,146 [b88b3e43-5534-49b3-b3f2-a9f154b450de@group-2FABE92B7E5B-LeaderElection193] INFO  impl.RaftServerImpl (RaftServerImpl.java:setRole(184)) - b88b3e43-5534-49b3-b3f2-a9f154b450de@group-2FABE92B7E5B: changes role from CANDIDATE to FOLLOWER at term 198 for DISCOVERED_A_NEW_TERM
2019-10-21 23:46:45,146 [b88b3e43-5534-49b3-b3f2-a9f154b450de@group-2FABE92B7E5B-LeaderElection193] INFO  impl.RoleInfo (RoleInfo.java:shutdownLeaderElection(134)) - b88b3e43-5534-49b3-b3f2-a9f154b450de: shutdown LeaderElection
2019-10-21 23:46:45,146 [b88b3e43-5534-49b3-b3f2-a9f154b450de@group-2FABE92B7E5B-LeaderElection193] INFO  impl.RoleInfo (RoleInfo.java:updateAndGet(143)) - b88b3e43-5534-49b3-b3f2-a9f154b450de: start FollowerState
2019-10-21 23:46:45,287 [Thread-1466] INFO  impl.FollowerState (FollowerState.java:run(108)) - b88b3e43-5534-49b3-b3f2-a9f154b450de@group-2FABE92B7E5B-FollowerState: change to CANDIDATE, lastRpcTime:140ms, electionTimeout:140ms
2019-10-21 23:46:45,287 [Thread-1466] INFO  impl.RoleInfo (RoleInfo.java:shutdownFollowerState(121)) - b88b3e43-5534-49b3-b3f2-a9f154b450de: shutdown FollowerState
2019-10-21 23:46:45,287 [Thread-1466] INFO  impl.RaftServerImpl (RaftServerImpl.java:setRole(184)) - b88b3e43-5534-49b3-b3f2-a9f154b450de@group-2FABE92B7E5B: changes role from  FOLLOWER to CANDIDATE at term 198 for changeToCandidate
2019-10-21 23:46:45,287 [Thread-1466] INFO  impl.RoleInfo (RoleInfo.java:updateAndGet(143)) - b88b3e43-5534-49b3-b3f2-a9f154b450de: start LeaderElection
2019-10-21 23:46:45,301 [b88b3e43-5534-49b3-b3f2-a9f154b450de@group-2FABE92B7E5B-LeaderElection194] INFO  impl.LeaderElection (LeaderElection.java:askForVotes(178)) - b88b3e43-5534-49b3-b3f2-a9f154b450de@group-2FABE92B7E5B-LeaderElection194: begin an election at term 199 for -1: [c58a0a02-acd3-47c8-b3e9-5b8e0493de45:192.168.157.254:33611, 1360619e-ba1e-4bf9-aec1-9f15b5480b27:192.168.157.254:45658, b88b3e43-5534-49b3-b3f2-a9f154b450de:192.168.157.254:46786], old=null
2019-10-21 23:46:45,303 [grpc-default-executor-0] INFO  impl.RaftServerImpl (RaftServerImpl.java:setRole(184)) - c58a0a02-acd3-47c8-b3e9-5b8e0493de45@group-2FABE92B7E5B: changes role from  FOLLOWER to FOLLOWER at term 199 for recognizeCandidate:b88b3e43-5534-49b3-b3f2-a9f154b450de
2019-10-21 23:46:45,303 [grpc-default-executor-2] INFO  impl.RaftServerImpl (RaftServerImpl.java:setRole(184)) - 1360619e-ba1e-4bf9-aec1-9f15b5480b27@group-2FABE92B7E5B: changes role from  FOLLOWER to FOLLOWER at term 199 for recognizeCandidate:b88b3e43-5534-49b3-b3f2-a9f154b450de
2019-10-21 23:46:45,304 [grpc-default-executor-2] INFO  impl.RoleInfo (RoleInfo.java:shutdownFollowerState(121)) - 1360619e-ba1e-4bf9-aec1-9f15b5480b27: shutdown FollowerState
2019-10-21 23:46:45,304 [grpc-default-executor-2] INFO  impl.RoleInfo (RoleInfo.java:updateAndGet(143)) - 1360619e-ba1e-4bf9-aec1-9f15b5480b27: start FollowerState
2019-10-21 23:46:45,304 [Thread-1465] INFO  impl.FollowerState (FollowerState.java:run(117)) - 1360619e-ba1e-4bf9-aec1-9f15b5480b27@group-2FABE92B7E5B-FollowerState was interrupted: java.lang.InterruptedException: sleep interrupted
2019-10-21 23:46:45,304 [grpc-default-executor-0] INFO  impl.RoleInfo (RoleInfo.java:shutdownFollowerState(121)) - c58a0a02-acd3-47c8-b3e9-5b8e0493de45: shutdown FollowerState
2019-10-21 23:46:45,305 [grpc-default-executor-0] INFO  impl.RoleInfo (RoleInfo.java:updateAndGet(143)) - c58a0a02-acd3-47c8-b3e9-5b8e0493de45: start FollowerState
2019-10-21 23:46:45,305 [Thread-1464] INFO  impl.FollowerState (FollowerState.java:run(117)) - c58a0a02-acd3-47c8-b3e9-5b8e0493de45@group-2FABE92B7E5B-FollowerState was interrupted: java.lang.InterruptedException: sleep interrupted
2019-10-21 23:46:45,318 [b88b3e43-5534-49b3-b3f2-a9f154b450de@group-2FABE92B7E5B-LeaderElection194] INFO  impl.LeaderElection (LeaderElection.java:logAndReturn(56)) - b88b3e43-5534-49b3-b3f2-a9f154b450de@group-2FABE92B7E5B-LeaderElection194: Election REJECTED; received 2 response(s) [b88b3e43-5534-49b3-b3f2-a9f154b450de<-c58a0a02-acd3-47c8-b3e9-5b8e0493de45#0:FAIL-t199, b88b3e43-5534-49b3-b3f2-a9f154b450de<-1360619e-ba1e-4bf9-aec1-9f15b5480b27#0:FAIL-t199] and 0 exception(s); b88b3e43-5534-49b3-b3f2-a9f154b450de@group-2FABE92B7E5B:t199, leader=null, voted=b88b3e43-5534-49b3-b3f2-a9f154b450de, raftlog=b88b3e43-5534-49b3-b3f2-a9f154b450de@group-2FABE92B7E5B-SegmentedRaftLog:OPENED:c-1,f-1,i0, conf=-1: [c58a0a02-acd3-47c8-b3e9-5b8e0493de45:192.168.157.254:33611, 1360619e-ba1e-4bf9-aec1-9f15b5480b27:192.168.157.254:45658, b88b3e43-5534-49b3-b3f2-a9f154b450de:192.168.157.254:46786], old=null
2019-10-21 23:46:45,318 [b88b3e43-5534-49b3-b3f2-a9f154b450de@group-2FABE92B7E5B-LeaderElection194] INFO  impl.RaftServerImpl (RaftServerImpl.java:setRole(184)) - b88b3e43-5534-49b3-b3f2-a9f154b450de@group-2FABE92B7E5B: changes role from CANDIDATE to FOLLOWER at term 199 for DISCOVERED_A_NEW_TERM
2019-10-21 23:46:45,319 [b88b3e43-5534-49b3-b3f2-a9f154b450de@group-2FABE92B7E5B-LeaderElection194] INFO  impl.RoleInfo (RoleInfo.java:shutdownLeaderElection(134)) - b88b3e43-5534-49b3-b3f2-a9f154b450de: shutdown LeaderElection
2019-10-21 23:46:45,319 [b88b3e43-5534-49b3-b3f2-a9f154b450de@group-2FABE92B7E5B-LeaderElection194] INFO  impl.RoleInfo (RoleInfo.java:updateAndGet(143)) - b88b3e43-5534-49b3-b3f2-a9f154b450de: start FollowerState
2019-10-21 23:46:45,496 [Thread-1472] INFO  impl.FollowerState (FollowerState.java:run(108)) - b88b3e43-5534-49b3-b3f2-a9f154b450de@group-2FABE92B7E5B-FollowerState: change to CANDIDATE, lastRpcTime:177ms, electionTimeout:177ms
2019-10-21 23:46:45,496 [Thread-1472] INFO  impl.RoleInfo (RoleInfo.java:shutdownFollowerState(121)) - b88b3e43-5534-49b3-b3f2-a9f154b450de: shutdown FollowerState
2019-10-21 23:46:45,497 [Thread-1472] INFO  impl.RaftServerImpl (RaftServerImpl.java:setRole(184)) - b88b3e43-5534-49b3-b3f2-a9f154b450de@group-2FABE92B7E5B: changes role from  FOLLOWER to CANDIDATE at term 199 for changeToCandidate
2019-10-21 23:46:45,497 [Thread-1472] INFO  impl.RoleInfo (RoleInfo.java:updateAndGet(143)) - b88b3e43-5534-49b3-b3f2-a9f154b450de: start LeaderElection
2019-10-21 23:46:45,511 [b88b3e43-5534-49b3-b3f2-a9f154b450de@group-2FABE92B7E5B-LeaderElection195] INFO  impl.LeaderElection (LeaderElection.java:askForVotes(178)) - b88b3e43-5534-49b3-b3f2-a9f154b450de@group-2FABE92B7E5B-LeaderElection195: begin an election at term 200 for -1: [c58a0a02-acd3-47c8-b3e9-5b8e0493de45:192.168.157.254:33611, 1360619e-ba1e-4bf9-aec1-9f15b5480b27:192.168.157.254:45658, b88b3e43-5534-49b3-b3f2-a9f154b450de:192.168.157.254:46786], old=null
2019-10-21 23:46:45,513 [grpc-default-executor-0] INFO  impl.RaftServerImpl (RaftServerImpl.java:setRole(184)) - 1360619e-ba1e-4bf9-aec1-9f15b5480b27@group-2FABE92B7E5B: changes role from  FOLLOWER to FOLLOWER at term 200 for recognizeCandidate:b88b3e43-5534-49b3-b3f2-a9f154b450de
2019-10-21 23:46:45,513 [grpc-default-executor-0] INFO  impl.RoleInfo (RoleInfo.java:shutdownFollowerState(121)) - 1360619e-ba1e-4bf9-aec1-9f15b5480b27: shutdown FollowerState
2019-10-21 23:46:45,514 [grpc-default-executor-2] INFO  impl.RaftServerImpl (RaftServerImpl.java:setRole(184)) - c58a0a02-acd3-47c8-b3e9-5b8e0493de45@group-2FABE92B7E5B: changes role from  FOLLOWER to FOLLOWER at term 200 for recognizeCandidate:b88b3e43-5534-49b3-b3f2-a9f154b450de
2019-10-21 23:46:45,514 [grpc-default-executor-2] INFO  impl.RoleInfo (RoleInfo.java:shutdownFollowerState(121)) - c58a0a02-acd3-47c8-b3e9-5b8e0493de45: shutdown FollowerState
2019-10-21 23:46:45,514 [grpc-default-executor-0] INFO  impl.RoleInfo (RoleInfo.java:updateAndGet(143)) - 1360619e-ba1e-4bf9-aec1-9f15b5480b27: start FollowerState
2019-10-21 23:46:45,514 [Thread-1471] INFO  impl.FollowerState (FollowerState.java:run(117)) - c58a0a02-acd3-47c8-b3e9-5b8e0493de45@group-2FABE92B7E5B-FollowerState was interrupted: java.lang.InterruptedException: sleep interrupted
2019-10-21 23:46:45,514 [grpc-default-executor-2] INFO  impl.RoleInfo (RoleInfo.java:updateAndGet(143)) - c58a0a02-acd3-47c8-b3e9-5b8e0493de45: start FollowerState
2019-10-21 23:46:45,514 [Thread-1470] INFO  impl.FollowerState (FollowerState.java:run(117)) - 1360619e-ba1e-4bf9-aec1-9f15b5480b27@group-2FABE92B7E5B-FollowerState was interrupted: java.lang.InterruptedException: sleep interrupted
2019-10-21 23:46:45,528 [b88b3e43-5534-49b3-b3f2-a9f154b450de@group-2FABE92B7E5B-LeaderElection195] INFO  impl.LeaderElection (LeaderElection.java:logAndReturn(56)) - b88b3e43-5534-49b3-b3f2-a9f154b450de@group-2FABE92B7E5B-LeaderElection195: Election REJECTED; received 2 response(s) [b88b3e43-5534-49b3-b3f2-a9f154b450de<-c58a0a02-acd3-47c8-b3e9-5b8e0493de45#0:FAIL-t200, b88b3e43-5534-49b3-b3f2-a9f154b450de<-1360619e-ba1e-4bf9-aec1-9f15b5480b27#0:FAIL-t200] and 0 exception(s); b88b3e43-5534-49b3-b3f2-a9f154b450de@group-2FABE92B7E5B:t200, leader=null, voted=b88b3e43-5534-49b3-b3f2-a9f154b450de, raftlog=b88b3e43-5534-49b3-b3f2-a9f154b450de@group-2FABE92B7E5B-SegmentedRaftLog:OPENED:c-1,f-1,i0, conf=-1: [c58a0a02-acd3-47c8-b3e9-5b8e0493de45:192.168.157.254:33611, 1360619e-ba1e-4bf9-aec1-9f15b5480b27:192.168.157.254:45658, b88b3e43-5534-49b3-b3f2-a9f154b450de:192.168.157.254:46786], old=null
2019-10-21 23:46:45,529 [b88b3e43-5534-49b3-b3f2-a9f154b450de@group-2FABE92B7E5B-LeaderElection195] INFO  impl.RaftServerImpl (RaftServerImpl.java:setRole(184)) - b88b3e43-5534-49b3-b3f2-a9f154b450de@group-2FABE92B7E5B: changes role from CANDIDATE to FOLLOWER at term 200 for DISCOVERED_A_NEW_TERM
2019-10-21 23:46:45,529 [b88b3e43-5534-49b3-b3f2-a9f154b450de@group-2FABE92B7E5B-LeaderElection195] INFO  impl.RoleInfo (RoleInfo.java:shutdownLeaderElection(134)) - b88b3e43-5534-49b3-b3f2-a9f154b450de: shutdown LeaderElection
2019-10-21 23:46:45,529 [b88b3e43-5534-49b3-b3f2-a9f154b450de@group-2FABE92B7E5B-LeaderElection195] INFO  impl.RoleInfo (RoleInfo.java:updateAndGet(143)) - b88b3e43-5534-49b3-b3f2-a9f154b450de: start FollowerState
2019-10-21 23:46:45,544 [Thread-1478] INFO  impl.FollowerState (FollowerState.java:run(108)) - b88b3e43-5534-49b3-b3f2-a9f154b450de@group-2FABE92B7E5B-FollowerState: change to CANDIDATE, lastRpcTime:15ms, electionTimeout:15ms
2019-10-21 23:46:45,544 [Thread-1478] INFO  impl.RoleInfo (RoleInfo.java:shutdownFollowerState(121)) - b88b3e43-5534-49b3-b3f2-a9f154b450de: shutdown FollowerState
2019-10-21 23:46:45,545 [Thread-1478] INFO  impl.RaftServerImpl (RaftServerImpl.java:setRole(184)) - b88b3e43-5534-49b3-b3f2-a9f154b450de@group-2FABE92B7E5B: changes role from  FOLLOWER to CANDIDATE at term 200 for changeToCandidate
2019-10-21 23:46:45,545 [Thread-1478] INFO  impl.RoleInfo (RoleInfo.java:updateAndGet(143)) - b88b3e43-5534-49b3-b3f2-a9f154b450de: start LeaderElection
2019-10-21 23:46:45,558 [b88b3e43-5534-49b3-b3f2-a9f154b450de@group-2FABE92B7E5B-LeaderElection196] INFO  impl.LeaderElection (LeaderElection.java:askForVotes(178)) - b88b3e43-5534-49b3-b3f2-a9f154b450de@group-2FABE92B7E5B-LeaderElection196: begin an election at term 201 for -1: [c58a0a02-acd3-47c8-b3e9-5b8e0493de45:192.168.157.254:33611, 1360619e-ba1e-4bf9-aec1-9f15b5480b27:192.168.157.254:45658, b88b3e43-5534-49b3-b3f2-a9f154b450de:192.168.157.254:46786], old=null
2019-10-21 23:46:45,560 [grpc-default-executor-0] INFO  impl.RaftServerImpl (RaftServerImpl.java:setRole(184)) - 1360619e-ba1e-4bf9-aec1-9f15b5480b27@group-2FABE92B7E5B: changes role from  FOLLOWER to FOLLOWER at term 201 for recognizeCandidate:b88b3e43-5534-49b3-b3f2-a9f154b450de
2019-10-21 23:46:45,560 [grpc-default-executor-0] INFO  impl.RoleInfo (RoleInfo.java:shutdownFollowerState(121)) - 1360619e-ba1e-4bf9-aec1-9f15b5480b27: shutdown FollowerState
2019-10-21 23:46:45,560 [grpc-default-executor-0] INFO  impl.RoleInfo (RoleInfo.java:updateAndGet(143)) - 1360619e-ba1e-4bf9-aec1-9f15b5480b27: start FollowerState
2019-10-21 23:46:45,560 [Thread-1476] INFO  impl.FollowerState (FollowerState.java:run(117)) - 1360619e-ba1e-4bf9-aec1-9f15b5480b27@group-2FABE92B7E5B-FollowerState was interrupted: java.lang.InterruptedException: sleep interrupted
2019-10-21 23:46:45,560 [grpc-default-executor-2] INFO  impl.RaftServerImpl (RaftServerImpl.java:setRole(184)) - c58a0a02-acd3-47c8-b3e9-5b8e0493de45@group-2FABE92B7E5B: changes role from  FOLLOWER to FOLLOWER at term 201 for recognizeCandidate:b88b3e43-5534-49b3-b3f2-a9f154b450de
2019-10-21 23:46:45,560 [grpc-default-executor-2] INFO  impl.RoleInfo (RoleInfo.java:shutdownFollowerState(121)) - c58a0a02-acd3-47c8-b3e9-5b8e0493de45: shutdown FollowerState
2019-10-21 23:46:45,560 [grpc-default-executor-2] INFO  impl.RoleInfo (RoleInfo.java:updateAndGet(143)) - c58a0a02-acd3-47c8-b3e9-5b8e0493de45: start FollowerState
2019-10-21 23:46:45,560 [Thread-1477] INFO  impl.FollowerState (FollowerState.java:run(117)) - c58a0a02-acd3-47c8-b3e9-5b8e0493de45@group-2FABE92B7E5B-FollowerState was interrupted: java.lang.InterruptedException: sleep interrupted
2019-10-21 23:46:45,574 [b88b3e43-5534-49b3-b3f2-a9f154b450de@group-2FABE92B7E5B-LeaderElection196] INFO  impl.LeaderElection (LeaderElection.java:logAndReturn(56)) - b88b3e43-5534-49b3-b3f2-a9f154b450de@group-2FABE92B7E5B-LeaderElection196: Election TIMEOUT; received 0 response(s) [] and 0 exception(s); b88b3e43-5534-49b3-b3f2-a9f154b450de@group-2FABE92B7E5B:t201, leader=null, voted=b88b3e43-5534-49b3-b3f2-a9f154b450de, raftlog=b88b3e43-5534-49b3-b3f2-a9f154b450de@group-2FABE92B7E5B-SegmentedRaftLog:OPENED:c-1,f-1,i0, conf=-1: [c58a0a02-acd3-47c8-b3e9-5b8e0493de45:192.168.157.254:33611, 1360619e-ba1e-4bf9-aec1-9f15b5480b27:192.168.157.254:45658, b88b3e43-5534-49b3-b3f2-a9f154b450de:192.168.157.254:46786], old=null
2019-10-21 23:46:45,577 [b88b3e43-5534-49b3-b3f2-a9f154b450de@group-2FABE92B7E5B-LeaderElection196] INFO  impl.LeaderElection (LeaderElection.java:askForVotes(178)) - b88b3e43-5534-49b3-b3f2-a9f154b450de@group-2FABE92B7E5B-LeaderElection196: begin an election at term 202 for -1: [c58a0a02-acd3-47c8-b3e9-5b8e0493de45:192.168.157.254:33611, 1360619e-ba1e-4bf9-aec1-9f15b5480b27:192.168.157.254:45658, b88b3e43-5534-49b3-b3f2-a9f154b450de:192.168.157.254:46786], old=null
2019-10-21 23:46:45,579 [grpc-default-executor-2] INFO  impl.RaftServerImpl (RaftServerImpl.java:setRole(184)) - c58a0a02-acd3-47c8-b3e9-5b8e0493de45@group-2FABE92B7E5B: changes role from  FOLLOWER to FOLLOWER at term 202 for recognizeCandidate:b88b3e43-5534-49b3-b3f2-a9f154b450de
2019-10-21 23:46:45,579 [grpc-default-executor-0] INFO  impl.RaftServerImpl (RaftServerImpl.java:setRole(184)) - 1360619e-ba1e-4bf9-aec1-9f15b5480b27@group-2FABE92B7E5B: changes role from  FOLLOWER to FOLLOWER at term 202 for recognizeCandidate:b88b3e43-5534-49b3-b3f2-a9f154b450de
2019-10-21 23:46:45,579 [grpc-default-executor-2] INFO  impl.RoleInfo (RoleInfo.java:shutdownFollowerState(121)) - c58a0a02-acd3-47c8-b3e9-5b8e0493de45: shutdown FollowerState
2019-10-21 23:46:45,579 [grpc-default-executor-0] INFO  impl.RoleInfo (RoleInfo.java:shutdownFollowerState(121)) - 1360619e-ba1e-4bf9-aec1-9f15b5480b27: shutdown FollowerState
2019-10-21 23:46:45,580 [Thread-1483] INFO  impl.FollowerState (FollowerState.java:run(117)) - c58a0a02-acd3-47c8-b3e9-5b8e0493de45@group-2FABE92B7E5B-FollowerState was interrupted: java.lang.InterruptedException: sleep interrupted
2019-10-21 23:46:45,580 [grpc-default-executor-2] INFO  impl.RoleInfo (RoleInfo.java:updateAndGet(143)) - c58a0a02-acd3-47c8-b3e9-5b8e0493de45: start FollowerState
2019-10-21 23:46:45,580 [Thread-1482] INFO  impl.FollowerState (FollowerState.java:run(117)) - 1360619e-ba1e-4bf9-aec1-9f15b5480b27@group-2FABE92B7E5B-FollowerState was interrupted: java.lang.InterruptedException: sleep interrupted
2019-10-21 23:46:45,580 [grpc-default-executor-0] INFO  impl.RoleInfo (RoleInfo.java:updateAndGet(143)) - 1360619e-ba1e-4bf9-aec1-9f15b5480b27: start FollowerState
2019-10-21 23:46:45,615 [b88b3e43-5534-49b3-b3f2-a9f154b450de@group-2FABE92B7E5B-LeaderElection196] INFO  impl.LeaderElection (LeaderElection.java:logAndReturn(56)) - b88b3e43-5534-49b3-b3f2-a9f154b450de@group-2FABE92B7E5B-LeaderElection196: Election REJECTED; received 2 response(s) [b88b3e43-5534-49b3-b3f2-a9f154b450de<-c58a0a02-acd3-47c8-b3e9-5b8e0493de45#0:FAIL-t202, b88b3e43-5534-49b3-b3f2-a9f154b450de<-1360619e-ba1e-4bf9-aec1-9f15b5480b27#0:FAIL-t202] and 0 exception(s); b88b3e43-5534-49b3-b3f2-a9f154b450de@group-2FABE92B7E5B:t202, leader=null, voted=b88b3e43-5534-49b3-b3f2-a9f154b450de, raftlog=b88b3e43-5534-49b3-b3f2-a9f154b450de@group-2FABE92B7E5B-SegmentedRaftLog:OPENED:c-1,f-1,i0, conf=-1: [c58a0a02-acd3-47c8-b3e9-5b8e0493de45:192.168.157.254:33611, 1360619e-ba1e-4bf9-aec1-9f15b5480b27:192.168.157.254:45658, b88b3e43-5534-49b3-b3f2-a9f154b450de:192.168.157.254:46786], old=null
2019-10-21 23:46:45,615 [b88b3e43-5534-49b3-b3f2-a9f154b450de@group-2FABE92B7E5B-LeaderElection196] INFO  impl.RaftServerImpl (RaftServerImpl.java:setRole(184)) - b88b3e43-5534-49b3-b3f2-a9f154b450de@group-2FABE92B7E5B: changes role from CANDIDATE to FOLLOWER at term 202 for DISCOVERED_A_NEW_TERM
2019-10-21 23:46:45,615 [b88b3e43-5534-49b3-b3f2-a9f154b450de@group-2FABE92B7E5B-LeaderElection196] INFO  impl.RoleInfo (RoleInfo.java:shutdownLeaderElection(134)) - b88b3e43-5534-49b3-b3f2-a9f154b450de: shutdown LeaderElection
2019-10-21 23:46:45,615 [b88b3e43-5534-49b3-b3f2-a9f154b450de@group-2FABE92B7E5B-LeaderElection196] INFO  impl.RoleInfo (RoleInfo.java:updateAndGet(143)) - b88b3e43-5534-49b3-b3f2-a9f154b450de: start FollowerState
2019-10-21 23:46:45,716 [Thread-1488] INFO  impl.FollowerState (FollowerState.java:run(108)) - b88b3e43-5534-49b3-b3f2-a9f154b450de@group-2FABE92B7E5B-FollowerState: change to CANDIDATE, lastRpcTime:100ms, electionTimeout:100ms
2019-10-21 23:46:45,716 [Thread-1488] INFO  impl.RoleInfo (RoleInfo.java:shutdownFollowerState(121)) - b88b3e43-5534-49b3-b3f2-a9f154b450de: shutdown FollowerState
2019-10-21 23:46:45,716 [Thread-1488] INFO  impl.RaftServerImpl (RaftServerImpl.java:setRole(184)) - b88b3e43-5534-49b3-b3f2-a9f154b450de@group-2FABE92B7E5B: changes role from  FOLLOWER to CANDIDATE at term 202 for changeToCandidate
2019-10-21 23:46:45,716 [Thread-1488] INFO  impl.RoleInfo (RoleInfo.java:updateAndGet(143)) - b88b3e43-5534-49b3-b3f2-a9f154b450de: start LeaderElection
2019-10-21 23:46:45,730 [b88b3e43-5534-49b3-b3f2-a9f154b450de@group-2FABE92B7E5B-LeaderElection197] INFO  impl.LeaderElection (LeaderElection.java:askForVotes(178)) - b88b3e43-5534-49b3-b3f2-a9f154b450de@group-2FABE92B7E5B-LeaderElection197: begin an election at term 203 for -1: [c58a0a02-acd3-47c8-b3e9-5b8e0493de45:192.168.157.254:33611, 1360619e-ba1e-4bf9-aec1-9f15b5480b27:192.168.157.254:45658, b88b3e43-5534-49b3-b3f2-a9f154b450de:192.168.157.254:46786], old=null
2019-10-21 23:46:45,732 [grpc-default-executor-2] INFO  impl.RaftServerImpl (RaftServerImpl.java:setRole(184)) - c58a0a02-acd3-47c8-b3e9-5b8e0493de45@group-2FABE92B7E5B: changes role from  FOLLOWER to FOLLOWER at term 203 for recognizeCandidate:b88b3e43-5534-49b3-b3f2-a9f154b450de
2019-10-21 23:46:45,732 [grpc-default-executor-0] INFO  impl.RaftServerImpl (RaftServerImpl.java:setRole(184)) - 1360619e-ba1e-4bf9-aec1-9f15b5480b27@group-2FABE92B7E5B: changes role from  FOLLOWER to FOLLOWER at term 203 for recognizeCandidate:b88b3e43-5534-49b3-b3f2-a9f154b450de
2019-10-21 23:46:45,733 [grpc-default-executor-2] INFO  impl.RoleInfo (RoleInfo.java:shutdownFollowerState(121)) - c58a0a02-acd3-47c8-b3e9-5b8e0493de45: shutdown FollowerState
2019-10-21 23:46:45,733 [grpc-default-executor-0] INFO  impl.RoleInfo (RoleInfo.java:shutdownFollowerState(121)) - 1360619e-ba1e-4bf9-aec1-9f15b5480b27: shutdown FollowerState
2019-10-21 23:46:45,733 [Thread-1486] INFO  impl.FollowerState (FollowerState.java:run(117)) - c58a0a02-acd3-47c8-b3e9-5b8e0493de45@group-2FABE92B7E5B-FollowerState was interrupted: java.lang.InterruptedException: sleep interrupted
2019-10-21 23:46:45,733 [grpc-default-executor-2] INFO  impl.RoleInfo (RoleInfo.java:updateAndGet(143)) - c58a0a02-acd3-47c8-b3e9-5b8e0493de45: start FollowerState
2019-10-21 23:46:45,733 [Thread-1487] INFO  impl.FollowerState (FollowerState.java:run(117)) - 1360619e-ba1e-4bf9-aec1-9f15b5480b27@group-2FABE92B7E5B-FollowerState was interrupted: java.lang.InterruptedException: sleep interrupted
2019-10-21 23:46:45,733 [grpc-default-executor-0] INFO  impl.RoleInfo (RoleInfo.java:updateAndGet(143)) - 1360619e-ba1e-4bf9-aec1-9f15b5480b27: start FollowerState
2019-10-21 23:46:45,748 [b88b3e43-5534-49b3-b3f2-a9f154b450de@group-2FABE92B7E5B-LeaderElection197] INFO  impl.LeaderElection (LeaderElection.java:logAndReturn(56)) - b88b3e43-5534-49b3-b3f2-a9f154b450de@group-2FABE92B7E5B-LeaderElection197: Election REJECTED; received 2 response(s) [b88b3e43-5534-49b3-b3f2-a9f154b450de<-c58a0a02-acd3-47c8-b3e9-5b8e0493de45#0:FAIL-t203, b88b3e43-5534-49b3-b3f2-a9f154b450de<-1360619e-ba1e-4bf9-aec1-9f15b5480b27#0:FAIL-t203] and 0 exception(s); b88b3e43-5534-49b3-b3f2-a9f154b450de@group-2FABE92B7E5B:t203, leader=null, voted=b88b3e43-5534-49b3-b3f2-a9f154b450de, raftlog=b88b3e43-5534-49b3-b3f2-a9f154b450de@group-2FABE92B7E5B-SegmentedRaftLog:OPENED:c-1,f-1,i0, conf=-1: [c58a0a02-acd3-47c8-b3e9-5b8e0493de45:192.168.157.254:33611, 1360619e-ba1e-4bf9-aec1-9f15b5480b27:192.168.157.254:45658, b88b3e43-5534-49b3-b3f2-a9f154b450de:192.168.157.254:46786], old=null
2019-10-21 23:46:45,748 [b88b3e43-5534-49b3-b3f2-a9f154b450de@group-2FABE92B7E5B-LeaderElection197] INFO  impl.RaftServerImpl (RaftServerImpl.java:setRole(184)) - b88b3e43-5534-49b3-b3f2-a9f154b450de@group-2FABE92B7E5B: changes role from CANDIDATE to FOLLOWER at term 203 for DISCOVERED_A_NEW_TERM
2019-10-21 23:46:45,748 [b88b3e43-5534-49b3-b3f2-a9f154b450de@group-2FABE92B7E5B-LeaderElection197] INFO  impl.RoleInfo (RoleInfo.java:shutdownLeaderElection(134)) - b88b3e43-5534-49b3-b3f2-a9f154b450de: shutdown LeaderElection
2019-10-21 23:46:45,749 [b88b3e43-5534-49b3-b3f2-a9f154b450de@group-2FABE92B7E5B-LeaderElection197] INFO  impl.RoleInfo (RoleInfo.java:updateAndGet(143)) - b88b3e43-5534-49b3-b3f2-a9f154b450de: start FollowerState
2019-10-21 23:46:45,936 [Thread-1494] INFO  impl.FollowerState (FollowerState.java:run(108)) - b88b3e43-5534-49b3-b3f2-a9f154b450de@group-2FABE92B7E5B-FollowerState: change to CANDIDATE, lastRpcTime:187ms, electionTimeout:187ms
2019-10-21 23:46:45,936 [Thread-1494] INFO  impl.RoleInfo (RoleInfo.java:shutdownFollowerState(121)) - b88b3e43-5534-49b3-b3f2-a9f154b450de: shutdown FollowerState
2019-10-21 23:46:45,936 [Thread-1494] INFO  impl.RaftServerImpl (RaftServerImpl.java:setRole(184)) - b88b3e43-5534-49b3-b3f2-a9f154b450de@group-2FABE92B7E5B: changes role from  FOLLOWER to CANDIDATE at term 203 for changeToCandidate
2019-10-21 23:46:45,937 [Thread-1494] INFO  impl.RoleInfo (RoleInfo.java:updateAndGet(143)) - b88b3e43-5534-49b3-b3f2-a9f154b450de: start LeaderElection
2019-10-21 23:46:45,950 [b88b3e43-5534-49b3-b3f2-a9f154b450de@group-2FABE92B7E5B-LeaderElection198] INFO  impl.LeaderElection (LeaderElection.java:askForVotes(178)) - b88b3e43-5534-49b3-b3f2-a9f154b450de@group-2FABE92B7E5B-LeaderElection198: begin an election at term 204 for -1: [c58a0a02-acd3-47c8-b3e9-5b8e0493de45:192.168.157.254:33611, 1360619e-ba1e-4bf9-aec1-9f15b5480b27:192.168.157.254:45658, b88b3e43-5534-49b3-b3f2-a9f154b450de:192.168.157.254:46786], old=null
2019-10-21 23:46:45,953 [grpc-default-executor-2] INFO  impl.RaftServerImpl (RaftServerImpl.java:setRole(184)) - 1360619e-ba1e-4bf9-aec1-9f15b5480b27@group-2FABE92B7E5B: changes role from  FOLLOWER to FOLLOWER at term 204 for recognizeCandidate:b88b3e43-5534-49b3-b3f2-a9f154b450de
2019-10-21 23:46:45,953 [grpc-default-executor-0] INFO  impl.RaftServerImpl (RaftServerImpl.java:setRole(184)) - c58a0a02-acd3-47c8-b3e9-5b8e0493de45@group-2FABE92B7E5B: changes role from  FOLLOWER to FOLLOWER at term 204 for recognizeCandidate:b88b3e43-5534-49b3-b3f2-a9f154b450de
2019-10-21 23:46:45,953 [grpc-default-executor-2] INFO  impl.RoleInfo (RoleInfo.java:shutdownFollowerState(121)) - 1360619e-ba1e-4bf9-aec1-9f15b5480b27: shutdown FollowerState
2019-10-21 23:46:45,953 [grpc-default-executor-0] INFO  impl.RoleInfo (RoleInfo.java:shutdownFollowerState(121)) - c58a0a02-acd3-47c8-b3e9-5b8e0493de45: shutdown FollowerState
2019-10-21 23:46:45,954 [Thread-1493] INFO  impl.FollowerState (FollowerState.java:run(117)) - 1360619e-ba1e-4bf9-aec1-9f15b5480b27@group-2FABE92B7E5B-FollowerState was interrupted: java.lang.InterruptedException: sleep interrupted
2019-10-21 23:46:45,953 [grpc-default-executor-2] INFO  impl.RoleInfo (RoleInfo.java:updateAndGet(143)) - 1360619e-ba1e-4bf9-aec1-9f15b5480b27: start FollowerState
2019-10-21 23:46:45,954 [Thread-1492] INFO  impl.FollowerState (FollowerState.java:run(117)) - c58a0a02-acd3-47c8-b3e9-5b8e0493de45@group-2FABE92B7E5B-FollowerState was interrupted: java.lang.InterruptedException: sleep interrupted
2019-10-21 23:46:45,954 [grpc-default-executor-0] INFO  impl.RoleInfo (RoleInfo.java:updateAndGet(143)) - c58a0a02-acd3-47c8-b3e9-5b8e0493de45: start FollowerState
2019-10-21 23:46:45,968 [b88b3e43-5534-49b3-b3f2-a9f154b450de@group-2FABE92B7E5B-LeaderElection198] INFO  impl.LeaderElection (LeaderElection.java:logAndReturn(56)) - b88b3e43-5534-49b3-b3f2-a9f154b450de@group-2FABE92B7E5B-LeaderElection198: Election REJECTED; received 2 response(s) [b88b3e43-5534-49b3-b3f2-a9f154b450de<-c58a0a02-acd3-47c8-b3e9-5b8e0493de45#0:FAIL-t204, b88b3e43-5534-49b3-b3f2-a9f154b450de<-1360619e-ba1e-4bf9-aec1-9f15b5480b27#0:FAIL-t204] and 0 exception(s); b88b3e43-5534-49b3-b3f2-a9f154b450de@group-2FABE92B7E5B:t204, leader=null, voted=b88b3e43-5534-49b3-b3f2-a9f154b450de, raftlog=b88b3e43-5534-49b3-b3f2-a9f154b450de@group-2FABE92B7E5B-SegmentedRaftLog:OPENED:c-1,f-1,i0, conf=-1: [c58a0a02-acd3-47c8-b3e9-5b8e0493de45:192.168.157.254:33611, 1360619e-ba1e-4bf9-aec1-9f15b5480b27:192.168.157.254:45658, b88b3e43-5534-49b3-b3f2-a9f154b450de:192.168.157.254:46786], old=null
2019-10-21 23:46:45,968 [b88b3e43-5534-49b3-b3f2-a9f154b450de@group-2FABE92B7E5B-LeaderElection198] INFO  impl.RaftServerImpl (RaftServerImpl.java:setRole(184)) - b88b3e43-5534-49b3-b3f2-a9f154b450de@group-2FABE92B7E5B: changes role from CANDIDATE to FOLLOWER at term 204 for DISCOVERED_A_NEW_TERM
2019-10-21 23:46:45,969 [b88b3e43-5534-49b3-b3f2-a9f154b450de@group-2FABE92B7E5B-LeaderElection198] INFO  impl.RoleInfo (RoleInfo.java:shutdownLeaderElection(134)) - b88b3e43-5534-49b3-b3f2-a9f154b450de: shutdown LeaderElection
2019-10-21 23:46:45,969 [b88b3e43-5534-49b3-b3f2-a9f154b450de@group-2FABE92B7E5B-LeaderElection198] INFO  impl.RoleInfo (RoleInfo.java:updateAndGet(143)) - b88b3e43-5534-49b3-b3f2-a9f154b450de: start FollowerState
2019-10-21 23:46:46,145 [Thread-1500] INFO  impl.FollowerState (FollowerState.java:run(108)) - b88b3e43-5534-49b3-b3f2-a9f154b450de@group-2FABE92B7E5B-FollowerState: change to CANDIDATE, lastRpcTime:176ms, electionTimeout:176ms
2019-10-21 23:46:46,145 [Thread-1500] INFO  impl.RoleInfo (RoleInfo.java:shutdownFollowerState(121)) - b88b3e43-5534-49b3-b3f2-a9f154b450de: shutdown FollowerState
2019-10-21 23:46:46,146 [Thread-1500] INFO  impl.RaftServerImpl (RaftServerImpl.java:setRole(184)) - b88b3e43-5534-49b3-b3f2-a9f154b450de@group-2FABE92B7E5B: changes role from  FOLLOWER to CANDIDATE at term 204 for changeToCandidate
2019-10-21 23:46:46,146 [Thread-1500] INFO  impl.RoleInfo (RoleInfo.java:updateAndGet(143)) - b88b3e43-5534-49b3-b3f2-a9f154b450de: start LeaderElection
2019-10-21 23:46:46,159 [b88b3e43-5534-49b3-b3f2-a9f154b450de@group-2FABE92B7E5B-LeaderElection199] INFO  impl.LeaderElection (LeaderElection.java:askForVotes(178)) - b88b3e43-5534-49b3-b3f2-a9f154b450de@group-2FABE92B7E5B-LeaderElection199: begin an election at term 205 for -1: [c58a0a02-acd3-47c8-b3e9-5b8e0493de45:192.168.157.254:33611, 1360619e-ba1e-4bf9-aec1-9f15b5480b27:192.168.157.254:45658, b88b3e43-5534-49b3-b3f2-a9f154b450de:192.168.157.254:46786], old=null
2019-10-21 23:46:46,162 [grpc-default-executor-0] INFO  impl.RaftServerImpl (RaftServerImpl.java:setRole(184)) - 1360619e-ba1e-4bf9-aec1-9f15b5480b27@group-2FABE92B7E5B: changes role from  FOLLOWER to FOLLOWER at term 205 for recognizeCandidate:b88b3e43-5534-49b3-b3f2-a9f154b450de
2019-10-21 23:46:46,162 [grpc-default-executor-0] INFO  impl.RoleInfo (RoleInfo.java:shutdownFollowerState(121)) - 1360619e-ba1e-4bf9-aec1-9f15b5480b27: shutdown FollowerState
2019-10-21 23:46:46,162 [grpc-default-executor-0] INFO  impl.RoleInfo (RoleInfo.java:updateAndGet(143)) - 1360619e-ba1e-4bf9-aec1-9f15b5480b27: start FollowerState
2019-10-21 23:46:46,162 [Thread-1498] INFO  impl.FollowerState (FollowerState.java:run(117)) - 1360619e-ba1e-4bf9-aec1-9f15b5480b27@group-2FABE92B7E5B-FollowerState was interrupted: java.lang.InterruptedException: sleep interrupted
2019-10-21 23:46:46,162 [grpc-default-executor-2] INFO  impl.RaftServerImpl (RaftServerImpl.java:setRole(184)) - c58a0a02-acd3-47c8-b3e9-5b8e0493de45@group-2FABE92B7E5B: changes role from  FOLLOWER to FOLLOWER at term 205 for recognizeCandidate:b88b3e43-5534-49b3-b3f2-a9f154b450de
2019-10-21 23:46:46,163 [grpc-default-executor-2] INFO  impl.RoleInfo (RoleInfo.java:shutdownFollowerState(121)) - c58a0a02-acd3-47c8-b3e9-5b8e0493de45: shutdown FollowerState
2019-10-21 23:46:46,163 [grpc-default-executor-2] INFO  impl.RoleInfo (RoleInfo.java:updateAndGet(143)) - c58a0a02-acd3-47c8-b3e9-5b8e0493de45: start FollowerState
2019-10-21 23:46:46,163 [Thread-1499] INFO  impl.FollowerState (FollowerState.java:run(117)) - c58a0a02-acd3-47c8-b3e9-5b8e0493de45@group-2FABE92B7E5B-FollowerState was interrupted: java.lang.InterruptedException: sleep interrupted
2019-10-21 23:46:46,177 [b88b3e43-5534-49b3-b3f2-a9f154b450de@group-2FABE92B7E5B-LeaderElection199] INFO  impl.LeaderElection (LeaderElection.java:logAndReturn(56)) - b88b3e43-5534-49b3-b3f2-a9f154b450de@group-2FABE92B7E5B-LeaderElection199: Election REJECTED; received 2 response(s) [b88b3e43-5534-49b3-b3f2-a9f154b450de<-c58a0a02-acd3-47c8-b3e9-5b8e0493de45#0:FAIL-t205, b88b3e43-5534-49b3-b3f2-a9f154b450de<-1360619e-ba1e-4bf9-aec1-9f15b5480b27#0:FAIL-t205] and 0 exception(s); b88b3e43-5534-49b3-b3f2-a9f154b450de@group-2FABE92B7E5B:t205, leader=null, voted=b88b3e43-5534-49b3-b3f2-a9f154b450de, raftlog=b88b3e43-5534-49b3-b3f2-a9f154b450de@group-2FABE92B7E5B-SegmentedRaftLog:OPENED:c-1,f-1,i0, conf=-1: [c58a0a02-acd3-47c8-b3e9-5b8e0493de45:192.168.157.254:33611, 1360619e-ba1e-4bf9-aec1-9f15b5480b27:192.168.157.254:45658, b88b3e43-5534-49b3-b3f2-a9f154b450de:192.168.157.254:46786], old=null
2019-10-21 23:46:46,178 [b88b3e43-5534-49b3-b3f2-a9f154b450de@group-2FABE92B7E5B-LeaderElection199] INFO  impl.RaftServerImpl (RaftServerImpl.java:setRole(184)) - b88b3e43-5534-49b3-b3f2-a9f154b450de@group-2FABE92B7E5B: changes role from CANDIDATE to FOLLOWER at term 205 for DISCOVERED_A_NEW_TERM
2019-10-21 23:46:46,178 [b88b3e43-5534-49b3-b3f2-a9f154b450de@group-2FABE92B7E5B-LeaderElection199] INFO  impl.RoleInfo (RoleInfo.java:shutdownLeaderElection(134)) - b88b3e43-5534-49b3-b3f2-a9f154b450de: shutdown LeaderElection
2019-10-21 23:46:46,178 [b88b3e43-5534-49b3-b3f2-a9f154b450de@group-2FABE92B7E5B-LeaderElection199] INFO  impl.RoleInfo (RoleInfo.java:updateAndGet(143)) - b88b3e43-5534-49b3-b3f2-a9f154b450de: start FollowerState
2019-10-21 23:46:46,320 [Thread-1508] INFO  impl.FollowerState (FollowerState.java:run(108)) - b88b3e43-5534-49b3-b3f2-a9f154b450de@group-2FABE92B7E5B-FollowerState: change to CANDIDATE, lastRpcTime:141ms, electionTimeout:141ms
2019-10-21 23:46:46,320 [Thread-1508] INFO  impl.RoleInfo (RoleInfo.java:shutdownFollowerState(121)) - b88b3e43-5534-49b3-b3f2-a9f154b450de: shutdown FollowerState
2019-10-21 23:46:46,320 [Thread-1508] INFO  impl.RaftServerImpl (RaftServerImpl.java:setRole(184)) - b88b3e43-5534-49b3-b3f2-a9f154b450de@group-2FABE92B7E5B: changes role from  FOLLOWER to CANDIDATE at term 205 for changeToCandidate
2019-10-21 23:46:46,320 [Thread-1508] INFO  impl.RoleInfo (RoleInfo.java:updateAndGet(143)) - b88b3e43-5534-49b3-b3f2-a9f154b450de: start LeaderElection
2019-10-21 23:46:46,333 [b88b3e43-5534-49b3-b3f2-a9f154b450de@group-2FABE92B7E5B-LeaderElection200] INFO  impl.LeaderElection (LeaderElection.java:askForVotes(178)) - b88b3e43-5534-49b3-b3f2-a9f154b450de@group-2FABE92B7E5B-LeaderElection200: begin an election at term 206 for -1: [c58a0a02-acd3-47c8-b3e9-5b8e0493de45:192.168.157.254:33611, 1360619e-ba1e-4bf9-aec1-9f15b5480b27:192.168.157.254:45658, b88b3e43-5534-49b3-b3f2-a9f154b450de:192.168.157.254:46786], old=null
2019-10-21 23:46:46,335 [grpc-default-executor-0] INFO  impl.RaftServerImpl (RaftServerImpl.java:setRole(184)) - 1360619e-ba1e-4bf9-aec1-9f15b5480b27@group-2FABE92B7E5B: changes role from  FOLLOWER to FOLLOWER at term 206 for recognizeCandidate:b88b3e43-5534-49b3-b3f2-a9f154b450de
2019-10-21 23:46:46,336 [grpc-default-executor-0] INFO  impl.RoleInfo (RoleInfo.java:shutdownFollowerState(121)) - 1360619e-ba1e-4bf9-aec1-9f15b5480b27: shutdown FollowerState
2019-10-21 23:46:46,336 [grpc-default-executor-2] INFO  impl.RaftServerImpl (RaftServerImpl.java:setRole(184)) - c58a0a02-acd3-47c8-b3e9-5b8e0493de45@group-2FABE92B7E5B: changes role from  FOLLOWER to FOLLOWER at term 206 for recognizeCandidate:b88b3e43-5534-49b3-b3f2-a9f154b450de
2019-10-21 23:46:46,336 [Thread-1506] INFO  impl.FollowerState (FollowerState.java:run(117)) - 1360619e-ba1e-4bf9-aec1-9f15b5480b27@group-2FABE92B7E5B-FollowerState was interrupted: java.lang.InterruptedException: sleep interrupted
2019-10-21 23:46:46,336 [grpc-default-executor-0] INFO  impl.RoleInfo (RoleInfo.java:updateAndGet(143)) - 1360619e-ba1e-4bf9-aec1-9f15b5480b27: start FollowerState
2019-10-21 23:46:46,336 [grpc-default-executor-2] INFO  impl.RoleInfo (RoleInfo.java:shutdownFollowerState(121)) - c58a0a02-acd3-47c8-b3e9-5b8e0493de45: shutdown FollowerState
2019-10-21 23:46:46,337 [grpc-default-executor-2] INFO  impl.RoleInfo (RoleInfo.java:updateAndGet(143)) - c58a0a02-acd3-47c8-b3e9-5b8e0493de45: start FollowerState
2019-10-21 23:46:46,337 [Thread-1507] INFO  impl.FollowerState (FollowerState.java:run(117)) - c58a0a02-acd3-47c8-b3e9-5b8e0493de45@group-2FABE92B7E5B-FollowerState was interrupted: java.lang.InterruptedException: sleep interrupted
2019-10-21 23:46:46,351 [b88b3e43-5534-49b3-b3f2-a9f154b450de@group-2FABE92B7E5B-LeaderElection200] INFO  impl.LeaderElection (LeaderElection.java:logAndReturn(56)) - b88b3e43-5534-49b3-b3f2-a9f154b450de@group-2FABE92B7E5B-LeaderElection200: Election REJECTED; received 2 response(s) [b88b3e43-5534-49b3-b3f2-a9f154b450de<-c58a0a02-acd3-47c8-b3e9-5b8e0493de45#0:FAIL-t206, b88b3e43-5534-49b3-b3f2-a9f154b450de<-1360619e-ba1e-4bf9-aec1-9f15b5480b27#0:FAIL-t206] and 0 exception(s); b88b3e43-5534-49b3-b3f2-a9f154b450de@group-2FABE92B7E5B:t206, leader=null, voted=b88b3e43-5534-49b3-b3f2-a9f154b450de, raftlog=b88b3e43-5534-49b3-b3f2-a9f154b450de@group-2FABE92B7E5B-SegmentedRaftLog:OPENED:c-1,f-1,i0, conf=-1: [c58a0a02-acd3-47c8-b3e9-5b8e0493de45:192.168.157.254:33611, 1360619e-ba1e-4bf9-aec1-9f15b5480b27:192.168.157.254:45658, b88b3e43-5534-49b3-b3f2-a9f154b450de:192.168.157.254:46786], old=null
2019-10-21 23:46:46,351 [b88b3e43-5534-49b3-b3f2-a9f154b450de@group-2FABE92B7E5B-LeaderElection200] INFO  impl.RaftServerImpl (RaftServerImpl.java:setRole(184)) - b88b3e43-5534-49b3-b3f2-a9f154b450de@group-2FABE92B7E5B: changes role from CANDIDATE to FOLLOWER at term 206 for DISCOVERED_A_NEW_TERM
2019-10-21 23:46:46,351 [b88b3e43-5534-49b3-b3f2-a9f154b450de@group-2FABE92B7E5B-LeaderElection200] INFO  impl.RoleInfo (RoleInfo.java:shutdownLeaderElection(134)) - b88b3e43-5534-49b3-b3f2-a9f154b450de: shutdown LeaderElection
2019-10-21 23:46:46,351 [b88b3e43-5534-49b3-b3f2-a9f154b450de@group-2FABE92B7E5B-LeaderElection200] INFO  impl.RoleInfo (RoleInfo.java:updateAndGet(143)) - b88b3e43-5534-49b3-b3f2-a9f154b450de: start FollowerState
2019-10-21 23:46:46,412 [Thread-1514] INFO  impl.FollowerState (FollowerState.java:run(108)) - b88b3e43-5534-49b3-b3f2-a9f154b450de@group-2FABE92B7E5B-FollowerState: change to CANDIDATE, lastRpcTime:61ms, electionTimeout:61ms
2019-10-21 23:46:46,412 [Thread-1514] INFO  impl.RoleInfo (RoleInfo.java:shutdownFollowerState(121)) - b88b3e43-5534-49b3-b3f2-a9f154b450de: shutdown FollowerState
2019-10-21 23:46:46,412 [Thread-1514] INFO  impl.RaftServerImpl (RaftServerImpl.java:setRole(184)) - b88b3e43-5534-49b3-b3f2-a9f154b450de@group-2FABE92B7E5B: changes role from  FOLLOWER to CANDIDATE at term 206 for changeToCandidate
2019-10-21 23:46:46,413 [Thread-1514] INFO  impl.RoleInfo (RoleInfo.java:updateAndGet(143)) - b88b3e43-5534-49b3-b3f2-a9f154b450de: start LeaderElection
2019-10-21 23:46:46,425 [b88b3e43-5534-49b3-b3f2-a9f154b450de@group-2FABE92B7E5B-LeaderElection201] INFO  impl.LeaderElection (LeaderElection.java:askForVotes(178)) - b88b3e43-5534-49b3-b3f2-a9f154b450de@group-2FABE92B7E5B-LeaderElection201: begin an election at term 207 for -1: [c58a0a02-acd3-47c8-b3e9-5b8e0493de45:192.168.157.254:33611, 1360619e-ba1e-4bf9-aec1-9f15b5480b27:192.168.157.254:45658, b88b3e43-5534-49b3-b3f2-a9f154b450de:192.168.157.254:46786], old=null
2019-10-21 23:46:46,427 [grpc-default-executor-0] INFO  impl.RaftServerImpl (RaftServerImpl.java:setRole(184)) - c58a0a02-acd3-47c8-b3e9-5b8e0493de45@group-2FABE92B7E5B: changes role from  FOLLOWER to FOLLOWER at term 207 for recognizeCandidate:b88b3e43-5534-49b3-b3f2-a9f154b450de
2019-10-21 23:46:46,427 [grpc-default-executor-2] INFO  impl.RaftServerImpl (RaftServerImpl.java:setRole(184)) - 1360619e-ba1e-4bf9-aec1-9f15b5480b27@group-2FABE92B7E5B: changes role from  FOLLOWER to FOLLOWER at term 207 for recognizeCandidate:b88b3e43-5534-49b3-b3f2-a9f154b450de
2019-10-21 23:46:46,427 [grpc-default-executor-0] INFO  impl.RoleInfo (RoleInfo.java:shutdownFollowerState(121)) - c58a0a02-acd3-47c8-b3e9-5b8e0493de45: shutdown FollowerState
2019-10-21 23:46:46,428 [grpc-default-executor-2] INFO  impl.RoleInfo (RoleInfo.java:shutdownFollowerState(121)) - 1360619e-ba1e-4bf9-aec1-9f15b5480b27: shutdown FollowerState
2019-10-21 23:46:46,428 [Thread-1513] INFO  impl.FollowerState (FollowerState.java:run(117)) - c58a0a02-acd3-47c8-b3e9-5b8e0493de45@group-2FABE92B7E5B-FollowerState was interrupted: java.lang.InterruptedException: sleep interrupted
2019-10-21 23:46:46,428 [grpc-default-executor-0] INFO  impl.RoleInfo (RoleInfo.java:updateAndGet(143)) - c58a0a02-acd3-47c8-b3e9-5b8e0493de45: start FollowerState
2019-10-21 23:46:46,428 [Thread-1512] INFO  impl.FollowerState (FollowerState.java:run(117)) - 1360619e-ba1e-4bf9-aec1-9f15b5480b27@group-2FABE92B7E5B-FollowerState was interrupted: java.lang.InterruptedException: sleep interrupted
2019-10-21 23:46:46,428 [grpc-default-executor-2] INFO  impl.RoleInfo (RoleInfo.java:updateAndGet(143)) - 1360619e-ba1e-4bf9-aec1-9f15b5480b27: start FollowerState
2019-10-21 23:46:46,446 [b88b3e43-5534-49b3-b3f2-a9f154b450de@group-2FABE92B7E5B-LeaderElection201] INFO  impl.LeaderElection (LeaderElection.java:logAndReturn(56)) - b88b3e43-5534-49b3-b3f2-a9f154b450de@group-2FABE92B7E5B-LeaderElection201: Election REJECTED; received 2 response(s) [b88b3e43-5534-49b3-b3f2-a9f154b450de<-c58a0a02-acd3-47c8-b3e9-5b8e0493de45#0:FAIL-t207, b88b3e43-5534-49b3-b3f2-a9f154b450de<-1360619e-ba1e-4bf9-aec1-9f15b5480b27#0:FAIL-t207] and 0 exception(s); b88b3e43-5534-49b3-b3f2-a9f154b450de@group-2FABE92B7E5B:t207, leader=null, voted=b88b3e43-5534-49b3-b3f2-a9f154b450de, raftlog=b88b3e43-5534-49b3-b3f2-a9f154b450de@group-2FABE92B7E5B-SegmentedRaftLog:OPENED:c-1,f-1,i0, conf=-1: [c58a0a02-acd3-47c8-b3e9-5b8e0493de45:192.168.157.254:33611, 1360619e-ba1e-4bf9-aec1-9f15b5480b27:192.168.157.254:45658, b88b3e43-5534-49b3-b3f2-a9f154b450de:192.168.157.254:46786], old=null
2019-10-21 23:46:46,447 [b88b3e43-5534-49b3-b3f2-a9f154b450de@group-2FABE92B7E5B-LeaderElection201] INFO  impl.RaftServerImpl (RaftServerImpl.java:setRole(184)) - b88b3e43-5534-49b3-b3f2-a9f154b450de@group-2FABE92B7E5B: changes role from CANDIDATE to FOLLOWER at term 207 for DISCOVERED_A_NEW_TERM
2019-10-21 23:46:46,447 [b88b3e43-5534-49b3-b3f2-a9f154b450de@group-2FABE92B7E5B-LeaderElection201] INFO  impl.RoleInfo (RoleInfo.java:shutdownLeaderElection(134)) - b88b3e43-5534-49b3-b3f2-a9f154b450de: shutdown LeaderElection
2019-10-21 23:46:46,447 [b88b3e43-5534-49b3-b3f2-a9f154b450de@group-2FABE92B7E5B-LeaderElection201] INFO  impl.RoleInfo (RoleInfo.java:updateAndGet(143)) - b88b3e43-5534-49b3-b3f2-a9f154b450de: start FollowerState
2019-10-21 23:46:46,493 [Thread-1520] INFO  impl.FollowerState (FollowerState.java:run(108)) - b88b3e43-5534-49b3-b3f2-a9f154b450de@group-2FABE92B7E5B-FollowerState: change to CANDIDATE, lastRpcTime:46ms, electionTimeout:46ms
2019-10-21 23:46:46,493 [Thread-1520] INFO  impl.RoleInfo (RoleInfo.java:shutdownFollowerState(121)) - b88b3e43-5534-49b3-b3f2-a9f154b450de: shutdown FollowerState
2019-10-21 23:46:46,493 [Thread-1520] INFO  impl.RaftServerImpl (RaftServerImpl.java:setRole(184)) - b88b3e43-5534-49b3-b3f2-a9f154b450de@group-2FABE92B7E5B: changes role from  FOLLOWER to CANDIDATE at term 207 for changeToCandidate
2019-10-21 23:46:46,494 [Thread-1520] INFO  impl.RoleInfo (RoleInfo.java:updateAndGet(143)) - b88b3e43-5534-49b3-b3f2-a9f154b450de: start LeaderElection
2019-10-21 23:46:46,507 [b88b3e43-5534-49b3-b3f2-a9f154b450de@group-2FABE92B7E5B-LeaderElection202] INFO  impl.LeaderElection (LeaderElection.java:askForVotes(178)) - b88b3e43-5534-49b3-b3f2-a9f154b450de@group-2FABE92B7E5B-LeaderElection202: begin an election at term 208 for -1: [c58a0a02-acd3-47c8-b3e9-5b8e0493de45:192.168.157.254:33611, 1360619e-ba1e-4bf9-aec1-9f15b5480b27:192.168.157.254:45658, b88b3e43-5534-49b3-b3f2-a9f154b450de:192.168.157.254:46786], old=null
2019-10-21 23:46:46,510 [grpc-default-executor-0] INFO  impl.RaftServerImpl (RaftServerImpl.java:setRole(184)) - c58a0a02-acd3-47c8-b3e9-5b8e0493de45@group-2FABE92B7E5B: changes role from  FOLLOWER to FOLLOWER at term 208 for recognizeCandidate:b88b3e43-5534-49b3-b3f2-a9f154b450de
2019-10-21 23:46:46,510 [grpc-default-executor-2] INFO  impl.RaftServerImpl (RaftServerImpl.java:setRole(184)) - 1360619e-ba1e-4bf9-aec1-9f15b5480b27@group-2FABE92B7E5B: changes role from  FOLLOWER to FOLLOWER at term 208 for recognizeCandidate:b88b3e43-5534-49b3-b3f2-a9f154b450de
2019-10-21 23:46:46,510 [grpc-default-executor-2] INFO  impl.RoleInfo (RoleInfo.java:shutdownFollowerState(121)) - 1360619e-ba1e-4bf9-aec1-9f15b5480b27: shutdown FollowerState
2019-10-21 23:46:46,510 [grpc-default-executor-0] INFO  impl.RoleInfo (RoleInfo.java:shutdownFollowerState(121)) - c58a0a02-acd3-47c8-b3e9-5b8e0493de45: shutdown FollowerState
2019-10-21 23:46:46,510 [Thread-1519] INFO  impl.FollowerState (FollowerState.java:run(117)) - 1360619e-ba1e-4bf9-aec1-9f15b5480b27@group-2FABE92B7E5B-FollowerState was interrupted: java.lang.InterruptedException: sleep interrupted
2019-10-21 23:46:46,510 [grpc-default-executor-2] INFO  impl.RoleInfo (RoleInfo.java:updateAndGet(143)) - 1360619e-ba1e-4bf9-aec1-9f15b5480b27: start FollowerState
2019-10-21 23:46:46,510 [Thread-1518] INFO  impl.FollowerState (FollowerState.java:run(117)) - c58a0a02-acd3-47c8-b3e9-5b8e0493de45@group-2FABE92B7E5B-FollowerState was interrupted: java.lang.InterruptedException: sleep interrupted
2019-10-21 23:46:46,510 [grpc-default-executor-0] INFO  impl.RoleInfo (RoleInfo.java:updateAndGet(143)) - c58a0a02-acd3-47c8-b3e9-5b8e0493de45: start FollowerState
2019-10-21 23:46:46,525 [b88b3e43-5534-49b3-b3f2-a9f154b450de@group-2FABE92B7E5B-LeaderElection202] INFO  impl.LeaderElection (LeaderElection.java:logAndReturn(56)) - b88b3e43-5534-49b3-b3f2-a9f154b450de@group-2FABE92B7E5B-LeaderElection202: Election REJECTED; received 2 response(s) [b88b3e43-5534-49b3-b3f2-a9f154b450de<-c58a0a02-acd3-47c8-b3e9-5b8e0493de45#0:FAIL-t208, b88b3e43-5534-49b3-b3f2-a9f154b450de<-1360619e-ba1e-4bf9-aec1-9f15b5480b27#0:FAIL-t208] and 0 exception(s); b88b3e43-5534-49b3-b3f2-a9f154b450de@group-2FABE92B7E5B:t208, leader=null, voted=b88b3e43-5534-49b3-b3f2-a9f154b450de, raftlog=b88b3e43-5534-49b3-b3f2-a9f154b450de@group-2FABE92B7E5B-SegmentedRaftLog:OPENED:c-1,f-1,i0, conf=-1: [c58a0a02-acd3-47c8-b3e9-5b8e0493de45:192.168.157.254:33611, 1360619e-ba1e-4bf9-aec1-9f15b5480b27:192.168.157.254:45658, b88b3e43-5534-49b3-b3f2-a9f154b450de:192.168.157.254:46786], old=null
2019-10-21 23:46:46,525 [b88b3e43-5534-49b3-b3f2-a9f154b450de@group-2FABE92B7E5B-LeaderElection202] INFO  impl.RaftServerImpl (RaftServerImpl.java:setRole(184)) - b88b3e43-5534-49b3-b3f2-a9f154b450de@group-2FABE92B7E5B: changes role from CANDIDATE to FOLLOWER at term 208 for DISCOVERED_A_NEW_TERM
2019-10-21 23:46:46,525 [b88b3e43-5534-49b3-b3f2-a9f154b450de@group-2FABE92B7E5B-LeaderElection202] INFO  impl.RoleInfo (RoleInfo.java:shutdownLeaderElection(134)) - b88b3e43-5534-49b3-b3f2-a9f154b450de: shutdown LeaderElection
2019-10-21 23:46:46,525 [b88b3e43-5534-49b3-b3f2-a9f154b450de@group-2FABE92B7E5B-LeaderElection202] INFO  impl.RoleInfo (RoleInfo.java:updateAndGet(143)) - b88b3e43-5534-49b3-b3f2-a9f154b450de: start FollowerState
2019-10-21 23:46:46,548 [Thread-1526] INFO  impl.FollowerState (FollowerState.java:run(108)) - b88b3e43-5534-49b3-b3f2-a9f154b450de@group-2FABE92B7E5B-FollowerState: change to CANDIDATE, lastRpcTime:22ms, electionTimeout:22ms
2019-10-21 23:46:46,548 [Thread-1526] INFO  impl.RoleInfo (RoleInfo.java:shutdownFollowerState(121)) - b88b3e43-5534-49b3-b3f2-a9f154b450de: shutdown FollowerState
2019-10-21 23:46:46,548 [Thread-1526] INFO  impl.RaftServerImpl (RaftServerImpl.java:setRole(184)) - b88b3e43-5534-49b3-b3f2-a9f154b450de@group-2FABE92B7E5B: changes role from  FOLLOWER to CANDIDATE at term 208 for changeToCandidate
2019-10-21 23:46:46,548 [Thread-1526] INFO  impl.RoleInfo (RoleInfo.java:updateAndGet(143)) - b88b3e43-5534-49b3-b3f2-a9f154b450de: start LeaderElection
2019-10-21 23:46:46,561 [b88b3e43-5534-49b3-b3f2-a9f154b450de@group-2FABE92B7E5B-LeaderElection203] INFO  impl.LeaderElection (LeaderElection.java:askForVotes(178)) - b88b3e43-5534-49b3-b3f2-a9f154b450de@group-2FABE92B7E5B-LeaderElection203: begin an election at term 209 for -1: [c58a0a02-acd3-47c8-b3e9-5b8e0493de45:192.168.157.254:33611, 1360619e-ba1e-4bf9-aec1-9f15b5480b27:192.168.157.254:45658, b88b3e43-5534-49b3-b3f2-a9f154b450de:192.168.157.254:46786], old=null
2019-10-21 23:46:46,563 [grpc-default-executor-2] INFO  impl.RaftServerImpl (RaftServerImpl.java:setRole(184)) - c58a0a02-acd3-47c8-b3e9-5b8e0493de45@group-2FABE92B7E5B: changes role from  FOLLOWER to FOLLOWER at term 209 for recognizeCandidate:b88b3e43-5534-49b3-b3f2-a9f154b450de
2019-10-21 23:46:46,563 [grpc-default-executor-2] INFO  impl.RoleInfo (RoleInfo.java:shutdownFollowerState(121)) - c58a0a02-acd3-47c8-b3e9-5b8e0493de45: shutdown FollowerState
2019-10-21 23:46:46,563 [grpc-default-executor-0] INFO  impl.RaftServerImpl (RaftServerImpl.java:setRole(184)) - 1360619e-ba1e-4bf9-aec1-9f15b5480b27@group-2FABE92B7E5B: changes role from  FOLLOWER to FOLLOWER at term 209 for recognizeCandidate:b88b3e43-5534-49b3-b3f2-a9f154b450de
2019-10-21 23:46:46,563 [Thread-1525] INFO  impl.FollowerState (FollowerState.java:run(117)) - c58a0a02-acd3-47c8-b3e9-5b8e0493de45@group-2FABE92B7E5B-FollowerState was interrupted: java.lang.InterruptedException: sleep interrupted
2019-10-21 23:46:46,563 [grpc-default-executor-2] INFO  impl.RoleInfo (RoleInfo.java:updateAndGet(143)) - c58a0a02-acd3-47c8-b3e9-5b8e0493de45: start FollowerState
2019-10-21 23:46:46,563 [grpc-default-executor-0] INFO  impl.RoleInfo (RoleInfo.java:shutdownFollowerState(121)) - 1360619e-ba1e-4bf9-aec1-9f15b5480b27: shutdown FollowerState
2019-10-21 23:46:46,564 [grpc-default-executor-0] INFO  impl.RoleInfo (RoleInfo.java:updateAndGet(143)) - 1360619e-ba1e-4bf9-aec1-9f15b5480b27: start FollowerState
2019-10-21 23:46:46,564 [Thread-1524] INFO  impl.FollowerState (FollowerState.java:run(117)) - 1360619e-ba1e-4bf9-aec1-9f15b5480b27@group-2FABE92B7E5B-FollowerState was interrupted: java.lang.InterruptedException: sleep interrupted
2019-10-21 23:46:46,578 [b88b3e43-5534-49b3-b3f2-a9f154b450de@group-2FABE92B7E5B-LeaderElection203] INFO  impl.LeaderElection (LeaderElection.java:logAndReturn(56)) - b88b3e43-5534-49b3-b3f2-a9f154b450de@group-2FABE92B7E5B-LeaderElection203: Election REJECTED; received 2 response(s) [b88b3e43-5534-49b3-b3f2-a9f154b450de<-c58a0a02-acd3-47c8-b3e9-5b8e0493de45#0:FAIL-t209, b88b3e43-5534-49b3-b3f2-a9f154b450de<-1360619e-ba1e-4bf9-aec1-9f15b5480b27#0:FAIL-t209] and 0 exception(s); b88b3e43-5534-49b3-b3f2-a9f154b450de@group-2FABE92B7E5B:t209, leader=null, voted=b88b3e43-5534-49b3-b3f2-a9f154b450de, raftlog=b88b3e43-5534-49b3-b3f2-a9f154b450de@group-2FABE92B7E5B-SegmentedRaftLog:OPENED:c-1,f-1,i0, conf=-1: [c58a0a02-acd3-47c8-b3e9-5b8e0493de45:192.168.157.254:33611, 1360619e-ba1e-4bf9-aec1-9f15b5480b27:192.168.157.254:45658, b88b3e43-5534-49b3-b3f2-a9f154b450de:192.168.157.254:46786], old=null
2019-10-21 23:46:46,578 [b88b3e43-5534-49b3-b3f2-a9f154b450de@group-2FABE92B7E5B-LeaderElection203] INFO  impl.RaftServerImpl (RaftServerImpl.java:setRole(184)) - b88b3e43-5534-49b3-b3f2-a9f154b450de@group-2FABE92B7E5B: changes role from CANDIDATE to FOLLOWER at term 209 for DISCOVERED_A_NEW_TERM
2019-10-21 23:46:46,578 [b88b3e43-5534-49b3-b3f2-a9f154b450de@group-2FABE92B7E5B-LeaderElection203] INFO  impl.RoleInfo (RoleInfo.java:shutdownLeaderElection(134)) - b88b3e43-5534-49b3-b3f2-a9f154b450de: shutdown LeaderElection
2019-10-21 23:46:46,578 [b88b3e43-5534-49b3-b3f2-a9f154b450de@group-2FABE92B7E5B-LeaderElection203] INFO  impl.RoleInfo (RoleInfo.java:updateAndGet(143)) - b88b3e43-5534-49b3-b3f2-a9f154b450de: start FollowerState
2019-10-21 23:46:46,715 [Thread-1532] INFO  impl.FollowerState (FollowerState.java:run(108)) - b88b3e43-5534-49b3-b3f2-a9f154b450de@group-2FABE92B7E5B-FollowerState: change to CANDIDATE, lastRpcTime:136ms, electionTimeout:136ms
2019-10-21 23:46:46,715 [Thread-1532] INFO  impl.RoleInfo (RoleInfo.java:shutdownFollowerState(121)) - b88b3e43-5534-49b3-b3f2-a9f154b450de: shutdown FollowerState
2019-10-21 23:46:46,715 [Thread-1532] INFO  impl.RaftServerImpl (RaftServerImpl.java:setRole(184)) - b88b3e43-5534-49b3-b3f2-a9f154b450de@group-2FABE92B7E5B: changes role from  FOLLOWER to CANDIDATE at term 209 for changeToCandidate
2019-10-21 23:46:46,715 [Thread-1532] INFO  impl.RoleInfo (RoleInfo.java:updateAndGet(143)) - b88b3e43-5534-49b3-b3f2-a9f154b450de: start LeaderElection
2019-10-21 23:46:46,729 [b88b3e43-5534-49b3-b3f2-a9f154b450de@group-2FABE92B7E5B-LeaderElection204] INFO  impl.LeaderElection (LeaderElection.java:askForVotes(178)) - b88b3e43-5534-49b3-b3f2-a9f154b450de@group-2FABE92B7E5B-LeaderElection204: begin an election at term 210 for -1: [c58a0a02-acd3-47c8-b3e9-5b8e0493de45:192.168.157.254:33611, 1360619e-ba1e-4bf9-aec1-9f15b5480b27:192.168.157.254:45658, b88b3e43-5534-49b3-b3f2-a9f154b450de:192.168.157.254:46786], old=null
2019-10-21 23:46:46,731 [grpc-default-executor-0] INFO  impl.RaftServerImpl (RaftServerImpl.java:setRole(184)) - c58a0a02-acd3-47c8-b3e9-5b8e0493de45@group-2FABE92B7E5B: changes role from  FOLLOWER to FOLLOWER at term 210 for recognizeCandidate:b88b3e43-5534-49b3-b3f2-a9f154b450de
2019-10-21 23:46:46,731 [grpc-default-executor-2] INFO  impl.RaftServerImpl (RaftServerImpl.java:setRole(184)) - 1360619e-ba1e-4bf9-aec1-9f15b5480b27@group-2FABE92B7E5B: changes role from  FOLLOWER to FOLLOWER at term 210 for recognizeCandidate:b88b3e43-5534-49b3-b3f2-a9f154b450de
2019-10-21 23:46:46,731 [grpc-default-executor-2] INFO  impl.RoleInfo (RoleInfo.java:shutdownFollowerState(121)) - 1360619e-ba1e-4bf9-aec1-9f15b5480b27: shutdown FollowerState
2019-10-21 23:46:46,731 [grpc-default-executor-0] INFO  impl.RoleInfo (RoleInfo.java:shutdownFollowerState(121)) - c58a0a02-acd3-47c8-b3e9-5b8e0493de45: shutdown FollowerState
2019-10-21 23:46:46,732 [Thread-1531] INFO  impl.FollowerState (FollowerState.java:run(117)) - 1360619e-ba1e-4bf9-aec1-9f15b5480b27@group-2FABE92B7E5B-FollowerState was interrupted: java.lang.InterruptedException: sleep interrupted
2019-10-21 23:46:46,732 [grpc-default-executor-2] INFO  impl.RoleInfo (RoleInfo.java:updateAndGet(143)) - 1360619e-ba1e-4bf9-aec1-9f15b5480b27: start FollowerState
2019-10-21 23:46:46,732 [Thread-1530] INFO  impl.FollowerState (FollowerState.java:run(117)) - c58a0a02-acd3-47c8-b3e9-5b8e0493de45@group-2FABE92B7E5B-FollowerState was interrupted: java.lang.InterruptedException: sleep interrupted
2019-10-21 23:46:46,732 [grpc-default-executor-0] INFO  impl.RoleInfo (RoleInfo.java:updateAndGet(143)) - c58a0a02-acd3-47c8-b3e9-5b8e0493de45: start FollowerState
2019-10-21 23:46:46,747 [b88b3e43-5534-49b3-b3f2-a9f154b450de@group-2FABE92B7E5B-LeaderElection204] INFO  impl.LeaderElection (LeaderElection.java:logAndReturn(56)) - b88b3e43-5534-49b3-b3f2-a9f154b450de@group-2FABE92B7E5B-LeaderElection204: Election REJECTED; received 2 response(s) [b88b3e43-5534-49b3-b3f2-a9f154b450de<-c58a0a02-acd3-47c8-b3e9-5b8e0493de45#0:FAIL-t210, b88b3e43-5534-49b3-b3f2-a9f154b450de<-1360619e-ba1e-4bf9-aec1-9f15b5480b27#0:FAIL-t210] and 0 exception(s); b88b3e43-5534-49b3-b3f2-a9f154b450de@group-2FABE92B7E5B:t210, leader=null, voted=b88b3e43-5534-49b3-b3f2-a9f154b450de, raftlog=b88b3e43-5534-49b3-b3f2-a9f154b450de@group-2FABE92B7E5B-SegmentedRaftLog:OPENED:c-1,f-1,i0, conf=-1: [c58a0a02-acd3-47c8-b3e9-5b8e0493de45:192.168.157.254:33611, 1360619e-ba1e-4bf9-aec1-9f15b5480b27:192.168.157.254:45658, b88b3e43-5534-49b3-b3f2-a9f154b450de:192.168.157.254:46786], old=null
2019-10-21 23:46:46,747 [b88b3e43-5534-49b3-b3f2-a9f154b450de@group-2FABE92B7E5B-LeaderElection204] INFO  impl.RaftServerImpl (RaftServerImpl.java:setRole(184)) - b88b3e43-5534-49b3-b3f2-a9f154b450de@group-2FABE92B7E5B: changes role from CANDIDATE to FOLLOWER at term 210 for DISCOVERED_A_NEW_TERM
2019-10-21 23:46:46,747 [b88b3e43-5534-49b3-b3f2-a9f154b450de@group-2FABE92B7E5B-LeaderElection204] INFO  impl.RoleInfo (RoleInfo.java:shutdownLeaderElection(134)) - b88b3e43-5534-49b3-b3f2-a9f154b450de: shutdown LeaderElection
2019-10-21 23:46:46,747 [b88b3e43-5534-49b3-b3f2-a9f154b450de@group-2FABE92B7E5B-LeaderElection204] INFO  impl.RoleInfo (RoleInfo.java:updateAndGet(143)) - b88b3e43-5534-49b3-b3f2-a9f154b450de: start FollowerState
2019-10-21 23:46:46,914 [Thread-1538] INFO  impl.FollowerState (FollowerState.java:run(108)) - b88b3e43-5534-49b3-b3f2-a9f154b450de@group-2FABE92B7E5B-FollowerState: change to CANDIDATE, lastRpcTime:167ms, electionTimeout:167ms
2019-10-21 23:46:46,914 [Thread-1538] INFO  impl.RoleInfo (RoleInfo.java:shutdownFollowerState(121)) - b88b3e43-5534-49b3-b3f2-a9f154b450de: shutdown FollowerState
2019-10-21 23:46:46,915 [Thread-1538] INFO  impl.RaftServerImpl (RaftServerImpl.java:setRole(184)) - b88b3e43-5534-49b3-b3f2-a9f154b450de@group-2FABE92B7E5B: changes role from  FOLLOWER to CANDIDATE at term 210 for changeToCandidate
2019-10-21 23:46:46,915 [Thread-1538] INFO  impl.RoleInfo (RoleInfo.java:updateAndGet(143)) - b88b3e43-5534-49b3-b3f2-a9f154b450de: start LeaderElection
2019-10-21 23:46:46,928 [b88b3e43-5534-49b3-b3f2-a9f154b450de@group-2FABE92B7E5B-LeaderElection205] INFO  impl.LeaderElection (LeaderElection.java:askForVotes(178)) - b88b3e43-5534-49b3-b3f2-a9f154b450de@group-2FABE92B7E5B-LeaderElection205: begin an election at term 211 for -1: [c58a0a02-acd3-47c8-b3e9-5b8e0493de45:192.168.157.254:33611, 1360619e-ba1e-4bf9-aec1-9f15b5480b27:192.168.157.254:45658, b88b3e43-5534-49b3-b3f2-a9f154b450de:192.168.157.254:46786], old=null
2019-10-21 23:46:46,931 [grpc-default-executor-2] INFO  impl.RaftServerImpl (RaftServerImpl.java:setRole(184)) - c58a0a02-acd3-47c8-b3e9-5b8e0493de45@group-2FABE92B7E5B: changes role from  FOLLOWER to FOLLOWER at term 211 for recognizeCandidate:b88b3e43-5534-49b3-b3f2-a9f154b450de
2019-10-21 23:46:46,931 [grpc-default-executor-0] INFO  impl.RaftServerImpl (RaftServerImpl.java:setRole(184)) - 1360619e-ba1e-4bf9-aec1-9f15b5480b27@group-2FABE92B7E5B: changes role from  FOLLOWER to FOLLOWER at term 211 for recognizeCandidate:b88b3e43-5534-49b3-b3f2-a9f154b450de
2019-10-21 23:46:46,931 [grpc-default-executor-2] INFO  impl.RoleInfo (RoleInfo.java:shutdownFollowerState(121)) - c58a0a02-acd3-47c8-b3e9-5b8e0493de45: shutdown FollowerState
2019-10-21 23:46:46,931 [grpc-default-executor-0] INFO  impl.RoleInfo (RoleInfo.java:shutdownFollowerState(121)) - 1360619e-ba1e-4bf9-aec1-9f15b5480b27: shutdown FollowerState
2019-10-21 23:46:46,931 [Thread-1537] INFO  impl.FollowerState (FollowerState.java:run(117)) - c58a0a02-acd3-47c8-b3e9-5b8e0493de45@group-2FABE92B7E5B-FollowerState was interrupted: java.lang.InterruptedException: sleep interrupted
2019-10-21 23:46:46,931 [grpc-default-executor-2] INFO  impl.RoleInfo (RoleInfo.java:updateAndGet(143)) - c58a0a02-acd3-47c8-b3e9-5b8e0493de45: start FollowerState
2019-10-21 23:46:46,931 [Thread-1536] INFO  impl.FollowerState (FollowerState.java:run(117)) - 1360619e-ba1e-4bf9-aec1-9f15b5480b27@group-2FABE92B7E5B-FollowerState was interrupted: java.lang.InterruptedException: sleep interrupted
2019-10-21 23:46:46,931 [grpc-default-executor-0] INFO  impl.RoleInfo (RoleInfo.java:updateAndGet(143)) - 1360619e-ba1e-4bf9-aec1-9f15b5480b27: start FollowerState
2019-10-21 23:46:46,947 [b88b3e43-5534-49b3-b3f2-a9f154b450de@group-2FABE92B7E5B-LeaderElection205] INFO  impl.LeaderElection (LeaderElection.java:logAndReturn(56)) - b88b3e43-5534-49b3-b3f2-a9f154b450de@group-2FABE92B7E5B-LeaderElection205: Election REJECTED; received 2 response(s) [b88b3e43-5534-49b3-b3f2-a9f154b450de<-c58a0a02-acd3-47c8-b3e9-5b8e0493de45#0:FAIL-t211, b88b3e43-5534-49b3-b3f2-a9f154b450de<-1360619e-ba1e-4bf9-aec1-9f15b5480b27#0:FAIL-t211] and 0 exception(s); b88b3e43-5534-49b3-b3f2-a9f154b450de@group-2FABE92B7E5B:t211, leader=null, voted=b88b3e43-5534-49b3-b3f2-a9f154b450de, raftlog=b88b3e43-5534-49b3-b3f2-a9f154b450de@group-2FABE92B7E5B-SegmentedRaftLog:OPENED:c-1,f-1,i0, conf=-1: [c58a0a02-acd3-47c8-b3e9-5b8e0493de45:192.168.157.254:33611, 1360619e-ba1e-4bf9-aec1-9f15b5480b27:192.168.157.254:45658, b88b3e43-5534-49b3-b3f2-a9f154b450de:192.168.157.254:46786], old=null
2019-10-21 23:46:46,947 [b88b3e43-5534-49b3-b3f2-a9f154b450de@group-2FABE92B7E5B-LeaderElection205] INFO  impl.RaftServerImpl (RaftServerImpl.java:setRole(184)) - b88b3e43-5534-49b3-b3f2-a9f154b450de@group-2FABE92B7E5B: changes role from CANDIDATE to FOLLOWER at term 211 for DISCOVERED_A_NEW_TERM
2019-10-21 23:46:46,947 [b88b3e43-5534-49b3-b3f2-a9f154b450de@group-2FABE92B7E5B-LeaderElection205] INFO  impl.RoleInfo (RoleInfo.java:shutdownLeaderElection(134)) - b88b3e43-5534-49b3-b3f2-a9f154b450de: shutdown LeaderElection
2019-10-21 23:46:46,947 [b88b3e43-5534-49b3-b3f2-a9f154b450de@group-2FABE92B7E5B-LeaderElection205] INFO  impl.RoleInfo (RoleInfo.java:updateAndGet(143)) - b88b3e43-5534-49b3-b3f2-a9f154b450de: start FollowerState
2019-10-21 23:46:47,067 [Thread-1544] INFO  impl.FollowerState (FollowerState.java:run(108)) - b88b3e43-5534-49b3-b3f2-a9f154b450de@group-2FABE92B7E5B-FollowerState: change to CANDIDATE, lastRpcTime:120ms, electionTimeout:120ms
2019-10-21 23:46:47,068 [Thread-1544] INFO  impl.RoleInfo (RoleInfo.java:shutdownFollowerState(121)) - b88b3e43-5534-49b3-b3f2-a9f154b450de: shutdown FollowerState
2019-10-21 23:46:47,068 [Thread-1544] INFO  impl.RaftServerImpl (RaftServerImpl.java:setRole(184)) - b88b3e43-5534-49b3-b3f2-a9f154b450de@group-2FABE92B7E5B: changes role from  FOLLOWER to CANDIDATE at term 211 for changeToCandidate
2019-10-21 23:46:47,068 [Thread-1544] INFO  impl.RoleInfo (RoleInfo.java:updateAndGet(143)) - b88b3e43-5534-49b3-b3f2-a9f154b450de: start LeaderElection
2019-10-21 23:46:47,082 [b88b3e43-5534-49b3-b3f2-a9f154b450de@group-2FABE92B7E5B-LeaderElection206] INFO  impl.LeaderElection (LeaderElection.java:askForVotes(178)) - b88b3e43-5534-49b3-b3f2-a9f154b450de@group-2FABE92B7E5B-LeaderElection206: begin an election at term 212 for -1: [c58a0a02-acd3-47c8-b3e9-5b8e0493de45:192.168.157.254:33611, 1360619e-ba1e-4bf9-aec1-9f15b5480b27:192.168.157.254:45658, b88b3e43-5534-49b3-b3f2-a9f154b450de:192.168.157.254:46786], old=null
2019-10-21 23:46:47,085 [grpc-default-executor-2] INFO  impl.RaftServerImpl (RaftServerImpl.java:setRole(184)) - 1360619e-ba1e-4bf9-aec1-9f15b5480b27@group-2FABE92B7E5B: changes role from  FOLLOWER to FOLLOWER at term 212 for recognizeCandidate:b88b3e43-5534-49b3-b3f2-a9f154b450de
2019-10-21 23:46:47,085 [grpc-default-executor-2] INFO  impl.RoleInfo (RoleInfo.java:shutdownFollowerState(121)) - 1360619e-ba1e-4bf9-aec1-9f15b5480b27: shutdown FollowerState
2019-10-21 23:46:47,085 [grpc-default-executor-0] INFO  impl.RaftServerImpl (RaftServerImpl.java:setRole(184)) - c58a0a02-acd3-47c8-b3e9-5b8e0493de45@group-2FABE92B7E5B: changes role from  FOLLOWER to FOLLOWER at term 212 for recognizeCandidate:b88b3e43-5534-49b3-b3f2-a9f154b450de
2019-10-21 23:46:47,085 [Thread-1543] INFO  impl.FollowerState (FollowerState.java:run(117)) - 1360619e-ba1e-4bf9-aec1-9f15b5480b27@group-2FABE92B7E5B-FollowerState was interrupted: java.lang.InterruptedException: sleep interrupted
2019-10-21 23:46:47,085 [grpc-default-executor-2] INFO  impl.RoleInfo (RoleInfo.java:updateAndGet(143)) - 1360619e-ba1e-4bf9-aec1-9f15b5480b27: start FollowerState
2019-10-21 23:46:47,085 [grpc-default-executor-0] INFO  impl.RoleInfo (RoleInfo.java:shutdownFollowerState(121)) - c58a0a02-acd3-47c8-b3e9-5b8e0493de45: shutdown FollowerState
2019-10-21 23:46:47,086 [grpc-default-executor-0] INFO  impl.RoleInfo (RoleInfo.java:updateAndGet(143)) - c58a0a02-acd3-47c8-b3e9-5b8e0493de45: start FollowerState
2019-10-21 23:46:47,086 [Thread-1542] INFO  impl.FollowerState (FollowerState.java:run(117)) - c58a0a02-acd3-47c8-b3e9-5b8e0493de45@group-2FABE92B7E5B-FollowerState was interrupted: java.lang.InterruptedException: sleep interrupted
2019-10-21 23:46:47,100 [b88b3e43-5534-49b3-b3f2-a9f154b450de@group-2FABE92B7E5B-LeaderElection206] INFO  impl.LeaderElection (LeaderElection.java:logAndReturn(56)) - b88b3e43-5534-49b3-b3f2-a9f154b450de@group-2FABE92B7E5B-LeaderElection206: Election REJECTED; received 2 response(s) [b88b3e43-5534-49b3-b3f2-a9f154b450de<-c58a0a02-acd3-47c8-b3e9-5b8e0493de45#0:FAIL-t212, b88b3e43-5534-49b3-b3f2-a9f154b450de<-1360619e-ba1e-4bf9-aec1-9f15b5480b27#0:FAIL-t212] and 0 exception(s); b88b3e43-5534-49b3-b3f2-a9f154b450de@group-2FABE92B7E5B:t212, leader=null, voted=b88b3e43-5534-49b3-b3f2-a9f154b450de, raftlog=b88b3e43-5534-49b3-b3f2-a9f154b450de@group-2FABE92B7E5B-SegmentedRaftLog:OPENED:c-1,f-1,i0, conf=-1: [c58a0a02-acd3-47c8-b3e9-5b8e0493de45:192.168.157.254:33611, 1360619e-ba1e-4bf9-aec1-9f15b5480b27:192.168.157.254:45658, b88b3e43-5534-49b3-b3f2-a9f154b450de:192.168.157.254:46786], old=null
2019-10-21 23:46:47,100 [b88b3e43-5534-49b3-b3f2-a9f154b450de@group-2FABE92B7E5B-LeaderElection206] INFO  impl.RaftServerImpl (RaftServerImpl.java:setRole(184)) - b88b3e43-5534-49b3-b3f2-a9f154b450de@group-2FABE92B7E5B: changes role from CANDIDATE to FOLLOWER at term 212 for DISCOVERED_A_NEW_TERM
2019-10-21 23:46:47,100 [b88b3e43-5534-49b3-b3f2-a9f154b450de@group-2FABE92B7E5B-LeaderElection206] INFO  impl.RoleInfo (RoleInfo.java:shutdownLeaderElection(134)) - b88b3e43-5534-49b3-b3f2-a9f154b450de: shutdown LeaderElection
2019-10-21 23:46:47,101 [b88b3e43-5534-49b3-b3f2-a9f154b450de@group-2FABE92B7E5B-LeaderElection206] INFO  impl.RoleInfo (RoleInfo.java:updateAndGet(143)) - b88b3e43-5534-49b3-b3f2-a9f154b450de: start FollowerState
2019-10-21 23:46:47,143 [Thread-1552] INFO  impl.FollowerState (FollowerState.java:run(108)) - b88b3e43-5534-49b3-b3f2-a9f154b450de@group-2FABE92B7E5B-FollowerState: change to CANDIDATE, lastRpcTime:42ms, electionTimeout:42ms
2019-10-21 23:46:47,143 [Thread-1552] INFO  impl.RoleInfo (RoleInfo.java:shutdownFollowerState(121)) - b88b3e43-5534-49b3-b3f2-a9f154b450de: shutdown FollowerState
2019-10-21 23:46:47,143 [Thread-1552] INFO  impl.RaftServerImpl (RaftServerImpl.java:setRole(184)) - b88b3e43-5534-49b3-b3f2-a9f154b450de@group-2FABE92B7E5B: changes role from  FOLLOWER to CANDIDATE at term 212 for changeToCandidate
2019-10-21 23:46:47,144 [Thread-1552] INFO  impl.RoleInfo (RoleInfo.java:updateAndGet(143)) - b88b3e43-5534-49b3-b3f2-a9f154b450de: start LeaderElection
2019-10-21 23:46:47,157 [b88b3e43-5534-49b3-b3f2-a9f154b450de@group-2FABE92B7E5B-LeaderElection207] INFO  impl.LeaderElection (LeaderElection.java:askForVotes(178)) - b88b3e43-5534-49b3-b3f2-a9f154b450de@group-2FABE92B7E5B-LeaderElection207: begin an election at term 213 for -1: [c58a0a02-acd3-47c8-b3e9-5b8e0493de45:192.168.157.254:33611, 1360619e-ba1e-4bf9-aec1-9f15b5480b27:192.168.157.254:45658, b88b3e43-5534-49b3-b3f2-a9f154b450de:192.168.157.254:46786], old=null
2019-10-21 23:46:47,159 [grpc-default-executor-0] INFO  impl.RaftServerImpl (RaftServerImpl.java:setRole(184)) - c58a0a02-acd3-47c8-b3e9-5b8e0493de45@group-2FABE92B7E5B: changes role from  FOLLOWER to FOLLOWER at term 213 for recognizeCandidate:b88b3e43-5534-49b3-b3f2-a9f154b450de
2019-10-21 23:46:47,159 [grpc-default-executor-2] INFO  impl.RaftServerImpl (RaftServerImpl.java:setRole(184)) - 1360619e-ba1e-4bf9-aec1-9f15b5480b27@group-2FABE92B7E5B: changes role from  FOLLOWER to FOLLOWER at term 213 for recognizeCandidate:b88b3e43-5534-49b3-b3f2-a9f154b450de
2019-10-21 23:46:47,159 [grpc-default-executor-0] INFO  impl.RoleInfo (RoleInfo.java:shutdownFollowerState(121)) - c58a0a02-acd3-47c8-b3e9-5b8e0493de45: shutdown FollowerState
2019-10-21 23:46:47,159 [grpc-default-executor-2] INFO  impl.RoleInfo (RoleInfo.java:shutdownFollowerState(121)) - 1360619e-ba1e-4bf9-aec1-9f15b5480b27: shutdown FollowerState
2019-10-21 23:46:47,159 [Thread-1551] INFO  impl.FollowerState (FollowerState.java:run(117)) - c58a0a02-acd3-47c8-b3e9-5b8e0493de45@group-2FABE92B7E5B-FollowerState was interrupted: java.lang.InterruptedException: sleep interrupted
2019-10-21 23:46:47,160 [Thread-1550] INFO  impl.FollowerState (FollowerState.java:run(117)) - 1360619e-ba1e-4bf9-aec1-9f15b5480b27@group-2FABE92B7E5B-FollowerState was interrupted: java.lang.InterruptedException: sleep interrupted
2019-10-21 23:46:47,159 [grpc-default-executor-0] INFO  impl.RoleInfo (RoleInfo.java:updateAndGet(143)) - c58a0a02-acd3-47c8-b3e9-5b8e0493de45: start FollowerState
2019-10-21 23:46:47,159 [grpc-default-executor-2] INFO  impl.RoleInfo (RoleInfo.java:updateAndGet(143)) - 1360619e-ba1e-4bf9-aec1-9f15b5480b27: start FollowerState
2019-10-21 23:46:47,174 [b88b3e43-5534-49b3-b3f2-a9f154b450de@group-2FABE92B7E5B-LeaderElection207] INFO  impl.LeaderElection (LeaderElection.java:logAndReturn(56)) - b88b3e43-5534-49b3-b3f2-a9f154b450de@group-2FABE92B7E5B-LeaderElection207: Election REJECTED; received 2 response(s) [b88b3e43-5534-49b3-b3f2-a9f154b450de<-c58a0a02-acd3-47c8-b3e9-5b8e0493de45#0:FAIL-t213, b88b3e43-5534-49b3-b3f2-a9f154b450de<-1360619e-ba1e-4bf9-aec1-9f15b5480b27#0:FAIL-t213] and 0 exception(s); b88b3e43-5534-49b3-b3f2-a9f154b450de@group-2FABE92B7E5B:t213, leader=null, voted=b88b3e43-5534-49b3-b3f2-a9f154b450de, raftlog=b88b3e43-5534-49b3-b3f2-a9f154b450de@group-2FABE92B7E5B-SegmentedRaftLog:OPENED:c-1,f-1,i0, conf=-1: [c58a0a02-acd3-47c8-b3e9-5b8e0493de45:192.168.157.254:33611, 1360619e-ba1e-4bf9-aec1-9f15b5480b27:192.168.157.254:45658, b88b3e43-5534-49b3-b3f2-a9f154b450de:192.168.157.254:46786], old=null
2019-10-21 23:46:47,174 [b88b3e43-5534-49b3-b3f2-a9f154b450de@group-2FABE92B7E5B-LeaderElection207] INFO  impl.RaftServerImpl (RaftServerImpl.java:setRole(184)) - b88b3e43-5534-49b3-b3f2-a9f154b450de@group-2FABE92B7E5B: changes role from CANDIDATE to FOLLOWER at term 213 for DISCOVERED_A_NEW_TERM
2019-10-21 23:46:47,174 [b88b3e43-5534-49b3-b3f2-a9f154b450de@group-2FABE92B7E5B-LeaderElection207] INFO  impl.RoleInfo (RoleInfo.java:shutdownLeaderElection(134)) - b88b3e43-5534-49b3-b3f2-a9f154b450de: shutdown LeaderElection
2019-10-21 23:46:47,174 [b88b3e43-5534-49b3-b3f2-a9f154b450de@group-2FABE92B7E5B-LeaderElection207] INFO  impl.RoleInfo (RoleInfo.java:updateAndGet(143)) - b88b3e43-5534-49b3-b3f2-a9f154b450de: start FollowerState
2019-10-21 23:46:47,212 [Thread-1558] INFO  impl.FollowerState (FollowerState.java:run(108)) - b88b3e43-5534-49b3-b3f2-a9f154b450de@group-2FABE92B7E5B-FollowerState: change to CANDIDATE, lastRpcTime:37ms, electionTimeout:37ms
2019-10-21 23:46:47,212 [Thread-1558] INFO  impl.RoleInfo (RoleInfo.java:shutdownFollowerState(121)) - b88b3e43-5534-49b3-b3f2-a9f154b450de: shutdown FollowerState
2019-10-21 23:46:47,212 [Thread-1558] INFO  impl.RaftServerImpl (RaftServerImpl.java:setRole(184)) - b88b3e43-5534-49b3-b3f2-a9f154b450de@group-2FABE92B7E5B: changes role from  FOLLOWER to CANDIDATE at term 213 for changeToCandidate
2019-10-21 23:46:47,212 [Thread-1558] INFO  impl.RoleInfo (RoleInfo.java:updateAndGet(143)) - b88b3e43-5534-49b3-b3f2-a9f154b450de: start LeaderElection
2019-10-21 23:46:47,226 [b88b3e43-5534-49b3-b3f2-a9f154b450de@group-2FABE92B7E5B-LeaderElection208] INFO  impl.LeaderElection (LeaderElection.java:askForVotes(178)) - b88b3e43-5534-49b3-b3f2-a9f154b450de@group-2FABE92B7E5B-LeaderElection208: begin an election at term 214 for -1: [c58a0a02-acd3-47c8-b3e9-5b8e0493de45:192.168.157.254:33611, 1360619e-ba1e-4bf9-aec1-9f15b5480b27:192.168.157.254:45658, b88b3e43-5534-49b3-b3f2-a9f154b450de:192.168.157.254:46786], old=null
2019-10-21 23:46:47,228 [grpc-default-executor-0] INFO  impl.RaftServerImpl (RaftServerImpl.java:setRole(184)) - 1360619e-ba1e-4bf9-aec1-9f15b5480b27@group-2FABE92B7E5B: changes role from  FOLLOWER to FOLLOWER at term 214 for recognizeCandidate:b88b3e43-5534-49b3-b3f2-a9f154b450de
2019-10-21 23:46:47,228 [grpc-default-executor-2] INFO  impl.RaftServerImpl (RaftServerImpl.java:setRole(184)) - c58a0a02-acd3-47c8-b3e9-5b8e0493de45@group-2FABE92B7E5B: changes role from  FOLLOWER to FOLLOWER at term 214 for recognizeCandidate:b88b3e43-5534-49b3-b3f2-a9f154b450de
2019-10-21 23:46:47,229 [grpc-default-executor-0] INFO  impl.RoleInfo (RoleInfo.java:shutdownFollowerState(121)) - 1360619e-ba1e-4bf9-aec1-9f15b5480b27: shutdown FollowerState
2019-10-21 23:46:47,229 [grpc-default-executor-2] INFO  impl.RoleInfo (RoleInfo.java:shutdownFollowerState(121)) - c58a0a02-acd3-47c8-b3e9-5b8e0493de45: shutdown FollowerState
2019-10-21 23:46:47,229 [Thread-1557] INFO  impl.FollowerState (FollowerState.java:run(117)) - 1360619e-ba1e-4bf9-aec1-9f15b5480b27@group-2FABE92B7E5B-FollowerState was interrupted: java.lang.InterruptedException: sleep interrupted
2019-10-21 23:46:47,229 [grpc-default-executor-0] INFO  impl.RoleInfo (RoleInfo.java:updateAndGet(143)) - 1360619e-ba1e-4bf9-aec1-9f15b5480b27: start FollowerState
2019-10-21 23:46:47,229 [Thread-1556] INFO  impl.FollowerState (FollowerState.java:run(117)) - c58a0a02-acd3-47c8-b3e9-5b8e0493de45@group-2FABE92B7E5B-FollowerState was interrupted: java.lang.InterruptedException: sleep interrupted
2019-10-21 23:46:47,229 [grpc-default-executor-2] INFO  impl.RoleInfo (RoleInfo.java:updateAndGet(143)) - c58a0a02-acd3-47c8-b3e9-5b8e0493de45: start FollowerState
2019-10-21 23:46:47,245 [b88b3e43-5534-49b3-b3f2-a9f154b450de@group-2FABE92B7E5B-LeaderElection208] INFO  impl.LeaderElection (LeaderElection.java:logAndReturn(56)) - b88b3e43-5534-49b3-b3f2-a9f154b450de@group-2FABE92B7E5B-LeaderElection208: Election REJECTED; received 2 response(s) [b88b3e43-5534-49b3-b3f2-a9f154b450de<-c58a0a02-acd3-47c8-b3e9-5b8e0493de45#0:FAIL-t214, b88b3e43-5534-49b3-b3f2-a9f154b450de<-1360619e-ba1e-4bf9-aec1-9f15b5480b27#0:FAIL-t214] and 0 exception(s); b88b3e43-5534-49b3-b3f2-a9f154b450de@group-2FABE92B7E5B:t214, leader=null, voted=b88b3e43-5534-49b3-b3f2-a9f154b450de, raftlog=b88b3e43-5534-49b3-b3f2-a9f154b450de@group-2FABE92B7E5B-SegmentedRaftLog:OPENED:c-1,f-1,i0, conf=-1: [c58a0a02-acd3-47c8-b3e9-5b8e0493de45:192.168.157.254:33611, 1360619e-ba1e-4bf9-aec1-9f15b5480b27:192.168.157.254:45658, b88b3e43-5534-49b3-b3f2-a9f154b450de:192.168.157.254:46786], old=null
2019-10-21 23:46:47,245 [b88b3e43-5534-49b3-b3f2-a9f154b450de@group-2FABE92B7E5B-LeaderElection208] INFO  impl.RaftServerImpl (RaftServerImpl.java:setRole(184)) - b88b3e43-5534-49b3-b3f2-a9f154b450de@group-2FABE92B7E5B: changes role from CANDIDATE to FOLLOWER at term 214 for DISCOVERED_A_NEW_TERM
2019-10-21 23:46:47,245 [b88b3e43-5534-49b3-b3f2-a9f154b450de@group-2FABE92B7E5B-LeaderElection208] INFO  impl.RoleInfo (RoleInfo.java:shutdownLeaderElection(134)) - b88b3e43-5534-49b3-b3f2-a9f154b450de: shutdown LeaderElection
2019-10-21 23:46:47,245 [b88b3e43-5534-49b3-b3f2-a9f154b450de@group-2FABE92B7E5B-LeaderElection208] INFO  impl.RoleInfo (RoleInfo.java:updateAndGet(143)) - b88b3e43-5534-49b3-b3f2-a9f154b450de: start FollowerState
2019-10-21 23:46:47,424 [Thread-1564] INFO  impl.FollowerState (FollowerState.java:run(108)) - b88b3e43-5534-49b3-b3f2-a9f154b450de@group-2FABE92B7E5B-FollowerState: change to CANDIDATE, lastRpcTime:179ms, electionTimeout:179ms
2019-10-21 23:46:47,424 [Thread-1564] INFO  impl.RoleInfo (RoleInfo.java:shutdownFollowerState(121)) - b88b3e43-5534-49b3-b3f2-a9f154b450de: shutdown FollowerState
2019-10-21 23:46:47,425 [Thread-1564] INFO  impl.RaftServerImpl (RaftServerImpl.java:setRole(184)) - b88b3e43-5534-49b3-b3f2-a9f154b450de@group-2FABE92B7E5B: changes role from  FOLLOWER to CANDIDATE at term 214 for changeToCandidate
2019-10-21 23:46:47,425 [Thread-1564] INFO  impl.RoleInfo (RoleInfo.java:updateAndGet(143)) - b88b3e43-5534-49b3-b3f2-a9f154b450de: start LeaderElection
2019-10-21 23:46:47,439 [b88b3e43-5534-49b3-b3f2-a9f154b450de@group-2FABE92B7E5B-LeaderElection209] INFO  impl.LeaderElection (LeaderElection.java:askForVotes(178)) - b88b3e43-5534-49b3-b3f2-a9f154b450de@group-2FABE92B7E5B-LeaderElection209: begin an election at term 215 for -1: [c58a0a02-acd3-47c8-b3e9-5b8e0493de45:192.168.157.254:33611, 1360619e-ba1e-4bf9-aec1-9f15b5480b27:192.168.157.254:45658, b88b3e43-5534-49b3-b3f2-a9f154b450de:192.168.157.254:46786], old=null
2019-10-21 23:46:47,441 [grpc-default-executor-2] INFO  impl.RaftServerImpl (RaftServerImpl.java:setRole(184)) - c58a0a02-acd3-47c8-b3e9-5b8e0493de45@group-2FABE92B7E5B: changes role from  FOLLOWER to FOLLOWER at term 215 for recognizeCandidate:b88b3e43-5534-49b3-b3f2-a9f154b450de
2019-10-21 23:46:47,442 [grpc-default-executor-2] INFO  impl.RoleInfo (RoleInfo.java:shutdownFollowerState(121)) - c58a0a02-acd3-47c8-b3e9-5b8e0493de45: shutdown FollowerState
2019-10-21 23:46:47,442 [grpc-default-executor-2] INFO  impl.RoleInfo (RoleInfo.java:updateAndGet(143)) - c58a0a02-acd3-47c8-b3e9-5b8e0493de45: start FollowerState
2019-10-21 23:46:47,442 [grpc-default-executor-0] INFO  impl.RaftServerImpl (RaftServerImpl.java:setRole(184)) - 1360619e-ba1e-4bf9-aec1-9f15b5480b27@group-2FABE92B7E5B: changes role from  FOLLOWER to FOLLOWER at term 215 for recognizeCandidate:b88b3e43-5534-49b3-b3f2-a9f154b450de
2019-10-21 23:46:47,442 [Thread-1563] INFO  impl.FollowerState (FollowerState.java:run(117)) - c58a0a02-acd3-47c8-b3e9-5b8e0493de45@group-2FABE92B7E5B-FollowerState was interrupted: java.lang.InterruptedException: sleep interrupted
2019-10-21 23:46:47,442 [grpc-default-executor-0] INFO  impl.RoleInfo (RoleInfo.java:shutdownFollowerState(121)) - 1360619e-ba1e-4bf9-aec1-9f15b5480b27: shutdown FollowerState
2019-10-21 23:46:47,442 [grpc-default-executor-0] INFO  impl.RoleInfo (RoleInfo.java:updateAndGet(143)) - 1360619e-ba1e-4bf9-aec1-9f15b5480b27: start FollowerState
2019-10-21 23:46:47,443 [Thread-1562] INFO  impl.FollowerState (FollowerState.java:run(117)) - 1360619e-ba1e-4bf9-aec1-9f15b5480b27@group-2FABE92B7E5B-FollowerState was interrupted: java.lang.InterruptedException: sleep interrupted
2019-10-21 23:46:47,457 [b88b3e43-5534-49b3-b3f2-a9f154b450de@group-2FABE92B7E5B-LeaderElection209] INFO  impl.LeaderElection (LeaderElection.java:logAndReturn(56)) - b88b3e43-5534-49b3-b3f2-a9f154b450de@group-2FABE92B7E5B-LeaderElection209: Election REJECTED; received 2 response(s) [b88b3e43-5534-49b3-b3f2-a9f154b450de<-c58a0a02-acd3-47c8-b3e9-5b8e0493de45#0:FAIL-t215, b88b3e43-5534-49b3-b3f2-a9f154b450de<-1360619e-ba1e-4bf9-aec1-9f15b5480b27#0:FAIL-t215] and 0 exception(s); b88b3e43-5534-49b3-b3f2-a9f154b450de@group-2FABE92B7E5B:t215, leader=null, voted=b88b3e43-5534-49b3-b3f2-a9f154b450de, raftlog=b88b3e43-5534-49b3-b3f2-a9f154b450de@group-2FABE92B7E5B-SegmentedRaftLog:OPENED:c-1,f-1,i0, conf=-1: [c58a0a02-acd3-47c8-b3e9-5b8e0493de45:192.168.157.254:33611, 1360619e-ba1e-4bf9-aec1-9f15b5480b27:192.168.157.254:45658, b88b3e43-5534-49b3-b3f2-a9f154b450de:192.168.157.254:46786], old=null
2019-10-21 23:46:47,457 [b88b3e43-5534-49b3-b3f2-a9f154b450de@group-2FABE92B7E5B-LeaderElection209] INFO  impl.RaftServerImpl (RaftServerImpl.java:setRole(184)) - b88b3e43-5534-49b3-b3f2-a9f154b450de@group-2FABE92B7E5B: changes role from CANDIDATE to FOLLOWER at term 215 for DISCOVERED_A_NEW_TERM
2019-10-21 23:46:47,457 [b88b3e43-5534-49b3-b3f2-a9f154b450de@group-2FABE92B7E5B-LeaderElection209] INFO  impl.RoleInfo (RoleInfo.java:shutdownLeaderElection(134)) - b88b3e43-5534-49b3-b3f2-a9f154b450de: shutdown LeaderElection
2019-10-21 23:46:47,458 [b88b3e43-5534-49b3-b3f2-a9f154b450de@group-2FABE92B7E5B-LeaderElection209] INFO  impl.RoleInfo (RoleInfo.java:updateAndGet(143)) - b88b3e43-5534-49b3-b3f2-a9f154b450de: start FollowerState
2019-10-21 23:46:47,515 [Thread-1570] INFO  impl.FollowerState (FollowerState.java:run(108)) - b88b3e43-5534-49b3-b3f2-a9f154b450de@group-2FABE92B7E5B-FollowerState: change to CANDIDATE, lastRpcTime:57ms, electionTimeout:57ms
2019-10-21 23:46:47,515 [Thread-1570] INFO  impl.RoleInfo (RoleInfo.java:shutdownFollowerState(121)) - b88b3e43-5534-49b3-b3f2-a9f154b450de: shutdown FollowerState
2019-10-21 23:46:47,515 [Thread-1570] INFO  impl.RaftServerImpl (RaftServerImpl.java:setRole(184)) - b88b3e43-5534-49b3-b3f2-a9f154b450de@group-2FABE92B7E5B: changes role from  FOLLOWER to CANDIDATE at term 215 for changeToCandidate
2019-10-21 23:46:47,516 [Thread-1570] INFO  impl.RoleInfo (RoleInfo.java:updateAndGet(143)) - b88b3e43-5534-49b3-b3f2-a9f154b450de: start LeaderElection
2019-10-21 23:46:47,529 [b88b3e43-5534-49b3-b3f2-a9f154b450de@group-2FABE92B7E5B-LeaderElection210] INFO  impl.LeaderElection (LeaderElection.java:askForVotes(178)) - b88b3e43-5534-49b3-b3f2-a9f154b450de@group-2FABE92B7E5B-LeaderElection210: begin an election at term 216 for -1: [c58a0a02-acd3-47c8-b3e9-5b8e0493de45:192.168.157.254:33611, 1360619e-ba1e-4bf9-aec1-9f15b5480b27:192.168.157.254:45658, b88b3e43-5534-49b3-b3f2-a9f154b450de:192.168.157.254:46786], old=null
2019-10-21 23:46:47,533 [grpc-default-executor-2] INFO  impl.RaftServerImpl (RaftServerImpl.java:setRole(184)) - c58a0a02-acd3-47c8-b3e9-5b8e0493de45@group-2FABE92B7E5B: changes role from  FOLLOWER to FOLLOWER at term 216 for recognizeCandidate:b88b3e43-5534-49b3-b3f2-a9f154b450de
2019-10-21 23:46:47,533 [grpc-default-executor-0] INFO  impl.RaftServerImpl (RaftServerImpl.java:setRole(184)) - 1360619e-ba1e-4bf9-aec1-9f15b5480b27@group-2FABE92B7E5B: changes role from  FOLLOWER to FOLLOWER at term 216 for recognizeCandidate:b88b3e43-5534-49b3-b3f2-a9f154b450de
2019-10-21 23:46:47,533 [grpc-default-executor-2] INFO  impl.RoleInfo (RoleInfo.java:shutdownFollowerState(121)) - c58a0a02-acd3-47c8-b3e9-5b8e0493de45: shutdown FollowerState
2019-10-21 23:46:47,533 [grpc-default-executor-0] INFO  impl.RoleInfo (RoleInfo.java:shutdownFollowerState(121)) - 1360619e-ba1e-4bf9-aec1-9f15b5480b27: shutdown FollowerState
2019-10-21 23:46:47,533 [Thread-1568] INFO  impl.FollowerState (FollowerState.java:run(117)) - c58a0a02-acd3-47c8-b3e9-5b8e0493de45@group-2FABE92B7E5B-FollowerState was interrupted: java.lang.InterruptedException: sleep interrupted
2019-10-21 23:46:47,533 [grpc-default-executor-2] INFO  impl.RoleInfo (RoleInfo.java:updateAndGet(143)) - c58a0a02-acd3-47c8-b3e9-5b8e0493de45: start FollowerState
2019-10-21 23:46:47,533 [Thread-1569] INFO  impl.FollowerState (FollowerState.java:run(117)) - 1360619e-ba1e-4bf9-aec1-9f15b5480b27@group-2FABE92B7E5B-FollowerState was interrupted: java.lang.InterruptedException: sleep interrupted
2019-10-21 23:46:47,533 [grpc-default-executor-0] INFO  impl.RoleInfo (RoleInfo.java:updateAndGet(143)) - 1360619e-ba1e-4bf9-aec1-9f15b5480b27: start FollowerState
2019-10-21 23:46:47,548 [b88b3e43-5534-49b3-b3f2-a9f154b450de@group-2FABE92B7E5B-LeaderElection210] INFO  impl.LeaderElection (LeaderElection.java:logAndReturn(56)) - b88b3e43-5534-49b3-b3f2-a9f154b450de@group-2FABE92B7E5B-LeaderElection210: Election REJECTED; received 2 response(s) [b88b3e43-5534-49b3-b3f2-a9f154b450de<-c58a0a02-acd3-47c8-b3e9-5b8e0493de45#0:FAIL-t216, b88b3e43-5534-49b3-b3f2-a9f154b450de<-1360619e-ba1e-4bf9-aec1-9f15b5480b27#0:FAIL-t216] and 0 exception(s); b88b3e43-5534-49b3-b3f2-a9f154b450de@group-2FABE92B7E5B:t216, leader=null, voted=b88b3e43-5534-49b3-b3f2-a9f154b450de, raftlog=b88b3e43-5534-49b3-b3f2-a9f154b450de@group-2FABE92B7E5B-SegmentedRaftLog:OPENED:c-1,f-1,i0, conf=-1: [c58a0a02-acd3-47c8-b3e9-5b8e0493de45:192.168.157.254:33611, 1360619e-ba1e-4bf9-aec1-9f15b5480b27:192.168.157.254:45658, b88b3e43-5534-49b3-b3f2-a9f154b450de:192.168.157.254:46786], old=null
2019-10-21 23:46:47,548 [b88b3e43-5534-49b3-b3f2-a9f154b450de@group-2FABE92B7E5B-LeaderElection210] INFO  impl.RaftServerImpl (RaftServerImpl.java:setRole(184)) - b88b3e43-5534-49b3-b3f2-a9f154b450de@group-2FABE92B7E5B: changes role from CANDIDATE to FOLLOWER at term 216 for DISCOVERED_A_NEW_TERM
2019-10-21 23:46:47,548 [b88b3e43-5534-49b3-b3f2-a9f154b450de@group-2FABE92B7E5B-LeaderElection210] INFO  impl.RoleInfo (RoleInfo.java:shutdownLeaderElection(134)) - b88b3e43-5534-49b3-b3f2-a9f154b450de: shutdown LeaderElection
2019-10-21 23:46:47,548 [b88b3e43-5534-49b3-b3f2-a9f154b450de@group-2FABE92B7E5B-LeaderElection210] INFO  impl.RoleInfo (RoleInfo.java:updateAndGet(143)) - b88b3e43-5534-49b3-b3f2-a9f154b450de: start FollowerState
2019-10-21 23:46:47,582 [Thread-1576] INFO  impl.FollowerState (FollowerState.java:run(108)) - b88b3e43-5534-49b3-b3f2-a9f154b450de@group-2FABE92B7E5B-FollowerState: change to CANDIDATE, lastRpcTime:34ms, electionTimeout:34ms
2019-10-21 23:46:47,583 [Thread-1576] INFO  impl.RoleInfo (RoleInfo.java:shutdownFollowerState(121)) - b88b3e43-5534-49b3-b3f2-a9f154b450de: shutdown FollowerState
2019-10-21 23:46:47,583 [Thread-1576] INFO  impl.RaftServerImpl (RaftServerImpl.java:setRole(184)) - b88b3e43-5534-49b3-b3f2-a9f154b450de@group-2FABE92B7E5B: changes role from  FOLLOWER to CANDIDATE at term 216 for changeToCandidate
2019-10-21 23:46:47,583 [Thread-1576] INFO  impl.RoleInfo (RoleInfo.java:updateAndGet(143)) - b88b3e43-5534-49b3-b3f2-a9f154b450de: start LeaderElection
2019-10-21 23:46:47,596 [b88b3e43-5534-49b3-b3f2-a9f154b450de@group-2FABE92B7E5B-LeaderElection211] INFO  impl.LeaderElection (LeaderElection.java:askForVotes(178)) - b88b3e43-5534-49b3-b3f2-a9f154b450de@group-2FABE92B7E5B-LeaderElection211: begin an election at term 217 for -1: [c58a0a02-acd3-47c8-b3e9-5b8e0493de45:192.168.157.254:33611, 1360619e-ba1e-4bf9-aec1-9f15b5480b27:192.168.157.254:45658, b88b3e43-5534-49b3-b3f2-a9f154b450de:192.168.157.254:46786], old=null
2019-10-21 23:46:47,598 [grpc-default-executor-0] INFO  impl.RaftServerImpl (RaftServerImpl.java:setRole(184)) - 1360619e-ba1e-4bf9-aec1-9f15b5480b27@group-2FABE92B7E5B: changes role from  FOLLOWER to FOLLOWER at term 217 for recognizeCandidate:b88b3e43-5534-49b3-b3f2-a9f154b450de
2019-10-21 23:46:47,598 [grpc-default-executor-0] INFO  impl.RoleInfo (RoleInfo.java:shutdownFollowerState(121)) - 1360619e-ba1e-4bf9-aec1-9f15b5480b27: shutdown FollowerState
2019-10-21 23:46:47,598 [grpc-default-executor-2] INFO  impl.RaftServerImpl (RaftServerImpl.java:setRole(184)) - c58a0a02-acd3-47c8-b3e9-5b8e0493de45@group-2FABE92B7E5B: changes role from  FOLLOWER to FOLLOWER at term 217 for recognizeCandidate:b88b3e43-5534-49b3-b3f2-a9f154b450de
2019-10-21 23:46:47,598 [Thread-1575] INFO  impl.FollowerState (FollowerState.java:run(117)) - 1360619e-ba1e-4bf9-aec1-9f15b5480b27@group-2FABE92B7E5B-FollowerState was interrupted: java.lang.InterruptedException: sleep interrupted
2019-10-21 23:46:47,598 [grpc-default-executor-0] INFO  impl.RoleInfo (RoleInfo.java:updateAndGet(143)) - 1360619e-ba1e-4bf9-aec1-9f15b5480b27: start FollowerState
2019-10-21 23:46:47,598 [grpc-default-executor-2] INFO  impl.RoleInfo (RoleInfo.java:shutdownFollowerState(121)) - c58a0a02-acd3-47c8-b3e9-5b8e0493de45: shutdown FollowerState
2019-10-21 23:46:47,599 [grpc-default-executor-2] INFO  impl.RoleInfo (RoleInfo.java:updateAndGet(143)) - c58a0a02-acd3-47c8-b3e9-5b8e0493de45: start FollowerState
2019-10-21 23:46:47,599 [Thread-1574] INFO  impl.FollowerState (FollowerState.java:run(117)) - c58a0a02-acd3-47c8-b3e9-5b8e0493de45@group-2FABE92B7E5B-FollowerState was interrupted: java.lang.InterruptedException: sleep interrupted
2019-10-21 23:46:47,613 [b88b3e43-5534-49b3-b3f2-a9f154b450de@group-2FABE92B7E5B-LeaderElection211] INFO  impl.LeaderElection (LeaderElection.java:logAndReturn(56)) - b88b3e43-5534-49b3-b3f2-a9f154b450de@group-2FABE92B7E5B-LeaderElection211: Election REJECTED; received 2 response(s) [b88b3e43-5534-49b3-b3f2-a9f154b450de<-c58a0a02-acd3-47c8-b3e9-5b8e0493de45#0:FAIL-t217, b88b3e43-5534-49b3-b3f2-a9f154b450de<-1360619e-ba1e-4bf9-aec1-9f15b5480b27#0:FAIL-t217] and 0 exception(s); b88b3e43-5534-49b3-b3f2-a9f154b450de@group-2FABE92B7E5B:t217, leader=null, voted=b88b3e43-5534-49b3-b3f2-a9f154b450de, raftlog=b88b3e43-5534-49b3-b3f2-a9f154b450de@group-2FABE92B7E5B-SegmentedRaftLog:OPENED:c-1,f-1,i0, conf=-1: [c58a0a02-acd3-47c8-b3e9-5b8e0493de45:192.168.157.254:33611, 1360619e-ba1e-4bf9-aec1-9f15b5480b27:192.168.157.254:45658, b88b3e43-5534-49b3-b3f2-a9f154b450de:192.168.157.254:46786], old=null
2019-10-21 23:46:47,613 [b88b3e43-5534-49b3-b3f2-a9f154b450de@group-2FABE92B7E5B-LeaderElection211] INFO  impl.RaftServerImpl (RaftServerImpl.java:setRole(184)) - b88b3e43-5534-49b3-b3f2-a9f154b450de@group-2FABE92B7E5B: changes role from CANDIDATE to FOLLOWER at term 217 for DISCOVERED_A_NEW_TERM
2019-10-21 23:46:47,613 [b88b3e43-5534-49b3-b3f2-a9f154b450de@group-2FABE92B7E5B-LeaderElection211] INFO  impl.RoleInfo (RoleInfo.java:shutdownLeaderElection(134)) - b88b3e43-5534-49b3-b3f2-a9f154b450de: shutdown LeaderElection
2019-10-21 23:46:47,613 [b88b3e43-5534-49b3-b3f2-a9f154b450de@group-2FABE92B7E5B-LeaderElection211] INFO  impl.RoleInfo (RoleInfo.java:updateAndGet(143)) - b88b3e43-5534-49b3-b3f2-a9f154b450de: start FollowerState
2019-10-21 23:46:47,803 [Thread-1582] INFO  impl.FollowerState (FollowerState.java:run(108)) - b88b3e43-5534-49b3-b3f2-a9f154b450de@group-2FABE92B7E5B-FollowerState: change to CANDIDATE, lastRpcTime:189ms, electionTimeout:189ms
2019-10-21 23:46:47,803 [Thread-1582] INFO  impl.RoleInfo (RoleInfo.java:shutdownFollowerState(121)) - b88b3e43-5534-49b3-b3f2-a9f154b450de: shutdown FollowerState
2019-10-21 23:46:47,803 [Thread-1582] INFO  impl.RaftServerImpl (RaftServerImpl.java:setRole(184)) - b88b3e43-5534-49b3-b3f2-a9f154b450de@group-2FABE92B7E5B: changes role from  FOLLOWER to CANDIDATE at term 217 for changeToCandidate
2019-10-21 23:46:47,803 [Thread-1582] INFO  impl.RoleInfo (RoleInfo.java:updateAndGet(143)) - b88b3e43-5534-49b3-b3f2-a9f154b450de: start LeaderElection
2019-10-21 23:46:47,817 [b88b3e43-5534-49b3-b3f2-a9f154b450de@group-2FABE92B7E5B-LeaderElection212] INFO  impl.LeaderElection (LeaderElection.java:askForVotes(178)) - b88b3e43-5534-49b3-b3f2-a9f154b450de@group-2FABE92B7E5B-LeaderElection212: begin an election at term 218 for -1: [c58a0a02-acd3-47c8-b3e9-5b8e0493de45:192.168.157.254:33611, 1360619e-ba1e-4bf9-aec1-9f15b5480b27:192.168.157.254:45658, b88b3e43-5534-49b3-b3f2-a9f154b450de:192.168.157.254:46786], old=null
2019-10-21 23:46:47,820 [grpc-default-executor-2] INFO  impl.RaftServerImpl (RaftServerImpl.java:setRole(184)) - 1360619e-ba1e-4bf9-aec1-9f15b5480b27@group-2FABE92B7E5B: changes role from  FOLLOWER to FOLLOWER at term 218 for recognizeCandidate:b88b3e43-5534-49b3-b3f2-a9f154b450de
2019-10-21 23:46:47,820 [grpc-default-executor-2] INFO  impl.RoleInfo (RoleInfo.java:shutdownFollowerState(121)) - 1360619e-ba1e-4bf9-aec1-9f15b5480b27: shutdown FollowerState
2019-10-21 23:46:47,820 [grpc-default-executor-0] INFO  impl.RaftServerImpl (RaftServerImpl.java:setRole(184)) - c58a0a02-acd3-47c8-b3e9-5b8e0493de45@group-2FABE92B7E5B: changes role from  FOLLOWER to FOLLOWER at term 218 for recognizeCandidate:b88b3e43-5534-49b3-b3f2-a9f154b450de
2019-10-21 23:46:47,820 [grpc-default-executor-0] INFO  impl.RoleInfo (RoleInfo.java:shutdownFollowerState(121)) - c58a0a02-acd3-47c8-b3e9-5b8e0493de45: shutdown FollowerState
2019-10-21 23:46:47,820 [Thread-1580] INFO  impl.FollowerState (FollowerState.java:run(117)) - 1360619e-ba1e-4bf9-aec1-9f15b5480b27@group-2FABE92B7E5B-FollowerState was interrupted: java.lang.InterruptedException: sleep interrupted
2019-10-21 23:46:47,820 [grpc-default-executor-2] INFO  impl.RoleInfo (RoleInfo.java:updateAndGet(143)) - 1360619e-ba1e-4bf9-aec1-9f15b5480b27: start FollowerState
2019-10-21 23:46:47,820 [Thread-1581] INFO  impl.FollowerState (FollowerState.java:run(117)) - c58a0a02-acd3-47c8-b3e9-5b8e0493de45@group-2FABE92B7E5B-FollowerState was interrupted: java.lang.InterruptedException: sleep interrupted
2019-10-21 23:46:47,820 [grpc-default-executor-0] INFO  impl.RoleInfo (RoleInfo.java:updateAndGet(143)) - c58a0a02-acd3-47c8-b3e9-5b8e0493de45: start FollowerState
2019-10-21 23:46:47,836 [b88b3e43-5534-49b3-b3f2-a9f154b450de@group-2FABE92B7E5B-LeaderElection212] INFO  impl.LeaderElection (LeaderElection.java:logAndReturn(56)) - b88b3e43-5534-49b3-b3f2-a9f154b450de@group-2FABE92B7E5B-LeaderElection212: Election REJECTED; received 2 response(s) [b88b3e43-5534-49b3-b3f2-a9f154b450de<-c58a0a02-acd3-47c8-b3e9-5b8e0493de45#0:FAIL-t218, b88b3e43-5534-49b3-b3f2-a9f154b450de<-1360619e-ba1e-4bf9-aec1-9f15b5480b27#0:FAIL-t218] and 0 exception(s); b88b3e43-5534-49b3-b3f2-a9f154b450de@group-2FABE92B7E5B:t218, leader=null, voted=b88b3e43-5534-49b3-b3f2-a9f154b450de, raftlog=b88b3e43-5534-49b3-b3f2-a9f154b450de@group-2FABE92B7E5B-SegmentedRaftLog:OPENED:c-1,f-1,i0, conf=-1: [c58a0a02-acd3-47c8-b3e9-5b8e0493de45:192.168.157.254:33611, 1360619e-ba1e-4bf9-aec1-9f15b5480b27:192.168.157.254:45658, b88b3e43-5534-49b3-b3f2-a9f154b450de:192.168.157.254:46786], old=null
2019-10-21 23:46:47,836 [b88b3e43-5534-49b3-b3f2-a9f154b450de@group-2FABE92B7E5B-LeaderElection212] INFO  impl.RaftServerImpl (RaftServerImpl.java:setRole(184)) - b88b3e43-5534-49b3-b3f2-a9f154b450de@group-2FABE92B7E5B: changes role from CANDIDATE to FOLLOWER at term 218 for DISCOVERED_A_NEW_TERM
2019-10-21 23:46:47,836 [b88b3e43-5534-49b3-b3f2-a9f154b450de@group-2FABE92B7E5B-LeaderElection212] INFO  impl.RoleInfo (RoleInfo.java:shutdownLeaderElection(134)) - b88b3e43-5534-49b3-b3f2-a9f154b450de: shutdown LeaderElection
2019-10-21 23:46:47,836 [b88b3e43-5534-49b3-b3f2-a9f154b450de@group-2FABE92B7E5B-LeaderElection212] INFO  impl.RoleInfo (RoleInfo.java:updateAndGet(143)) - b88b3e43-5534-49b3-b3f2-a9f154b450de: start FollowerState
2019-10-21 23:46:47,844 [Thread-1588] INFO  impl.FollowerState (FollowerState.java:run(108)) - b88b3e43-5534-49b3-b3f2-a9f154b450de@group-2FABE92B7E5B-FollowerState: change to CANDIDATE, lastRpcTime:8ms, electionTimeout:8ms
2019-10-21 23:46:47,844 [Thread-1588] INFO  impl.RoleInfo (RoleInfo.java:shutdownFollowerState(121)) - b88b3e43-5534-49b3-b3f2-a9f154b450de: shutdown FollowerState
2019-10-21 23:46:47,845 [Thread-1588] INFO  impl.RaftServerImpl (RaftServerImpl.java:setRole(184)) - b88b3e43-5534-49b3-b3f2-a9f154b450de@group-2FABE92B7E5B: changes role from  FOLLOWER to CANDIDATE at term 218 for changeToCandidate
2019-10-21 23:46:47,845 [Thread-1588] INFO  impl.RoleInfo (RoleInfo.java:updateAndGet(143)) - b88b3e43-5534-49b3-b3f2-a9f154b450de: start LeaderElection
2019-10-21 23:46:47,859 [b88b3e43-5534-49b3-b3f2-a9f154b450de@group-2FABE92B7E5B-LeaderElection213] INFO  impl.LeaderElection (LeaderElection.java:askForVotes(178)) - b88b3e43-5534-49b3-b3f2-a9f154b450de@group-2FABE92B7E5B-LeaderElection213: begin an election at term 219 for -1: [c58a0a02-acd3-47c8-b3e9-5b8e0493de45:192.168.157.254:33611, 1360619e-ba1e-4bf9-aec1-9f15b5480b27:192.168.157.254:45658, b88b3e43-5534-49b3-b3f2-a9f154b450de:192.168.157.254:46786], old=null
2019-10-21 23:46:47,863 [grpc-default-executor-2] INFO  impl.RaftServerImpl (RaftServerImpl.java:setRole(184)) - c58a0a02-acd3-47c8-b3e9-5b8e0493de45@group-2FABE92B7E5B: changes role from  FOLLOWER to FOLLOWER at term 219 for recognizeCandidate:b88b3e43-5534-49b3-b3f2-a9f154b450de
2019-10-21 23:46:47,864 [grpc-default-executor-2] INFO  impl.RoleInfo (RoleInfo.java:shutdownFollowerState(121)) - c58a0a02-acd3-47c8-b3e9-5b8e0493de45: shutdown FollowerState
2019-10-21 23:46:47,863 [grpc-default-executor-0] INFO  impl.RaftServerImpl (RaftServerImpl.java:setRole(184)) - 1360619e-ba1e-4bf9-aec1-9f15b5480b27@group-2FABE92B7E5B: changes role from  FOLLOWER to FOLLOWER at term 219 for recognizeCandidate:b88b3e43-5534-49b3-b3f2-a9f154b450de
2019-10-21 23:46:47,864 [Thread-1587] INFO  impl.FollowerState (FollowerState.java:run(117)) - c58a0a02-acd3-47c8-b3e9-5b8e0493de45@group-2FABE92B7E5B-FollowerState was interrupted: java.lang.InterruptedException: sleep interrupted
2019-10-21 23:46:47,864 [grpc-default-executor-2] INFO  impl.RoleInfo (RoleInfo.java:updateAndGet(143)) - c58a0a02-acd3-47c8-b3e9-5b8e0493de45: start FollowerState
2019-10-21 23:46:47,864 [grpc-default-executor-0] INFO  impl.RoleInfo (RoleInfo.java:shutdownFollowerState(121)) - 1360619e-ba1e-4bf9-aec1-9f15b5480b27: shutdown FollowerState
2019-10-21 23:46:47,864 [Thread-1586] INFO  impl.FollowerState (FollowerState.java:run(117)) - 1360619e-ba1e-4bf9-aec1-9f15b5480b27@group-2FABE92B7E5B-FollowerState was interrupted: java.lang.InterruptedException: sleep interrupted
2019-10-21 23:46:47,864 [grpc-default-executor-0] INFO  impl.RoleInfo (RoleInfo.java:updateAndGet(143)) - 1360619e-ba1e-4bf9-aec1-9f15b5480b27: start FollowerState
2019-10-21 23:46:47,878 [b88b3e43-5534-49b3-b3f2-a9f154b450de@group-2FABE92B7E5B-LeaderElection213] INFO  impl.LeaderElection (LeaderElection.java:logAndReturn(56)) - b88b3e43-5534-49b3-b3f2-a9f154b450de@group-2FABE92B7E5B-LeaderElection213: Election REJECTED; received 2 response(s) [b88b3e43-5534-49b3-b3f2-a9f154b450de<-c58a0a02-acd3-47c8-b3e9-5b8e0493de45#0:FAIL-t219, b88b3e43-5534-49b3-b3f2-a9f154b450de<-1360619e-ba1e-4bf9-aec1-9f15b5480b27#0:FAIL-t219] and 0 exception(s); b88b3e43-5534-49b3-b3f2-a9f154b450de@group-2FABE92B7E5B:t219, leader=null, voted=b88b3e43-5534-49b3-b3f2-a9f154b450de, raftlog=b88b3e43-5534-49b3-b3f2-a9f154b450de@group-2FABE92B7E5B-SegmentedRaftLog:OPENED:c-1,f-1,i0, conf=-1: [c58a0a02-acd3-47c8-b3e9-5b8e0493de45:192.168.157.254:33611, 1360619e-ba1e-4bf9-aec1-9f15b5480b27:192.168.157.254:45658, b88b3e43-5534-49b3-b3f2-a9f154b450de:192.168.157.254:46786], old=null
2019-10-21 23:46:47,879 [b88b3e43-5534-49b3-b3f2-a9f154b450de@group-2FABE92B7E5B-LeaderElection213] INFO  impl.RaftServerImpl (RaftServerImpl.java:setRole(184)) - b88b3e43-5534-49b3-b3f2-a9f154b450de@group-2FABE92B7E5B: changes role from CANDIDATE to FOLLOWER at term 219 for DISCOVERED_A_NEW_TERM
2019-10-21 23:46:47,879 [b88b3e43-5534-49b3-b3f2-a9f154b450de@group-2FABE92B7E5B-LeaderElection213] INFO  impl.RoleInfo (RoleInfo.java:shutdownLeaderElection(134)) - b88b3e43-5534-49b3-b3f2-a9f154b450de: shutdown LeaderElection
2019-10-21 23:46:47,879 [b88b3e43-5534-49b3-b3f2-a9f154b450de@group-2FABE92B7E5B-LeaderElection213] INFO  impl.RoleInfo (RoleInfo.java:updateAndGet(143)) - b88b3e43-5534-49b3-b3f2-a9f154b450de: start FollowerState
2019-10-21 23:46:48,028 [Thread-1594] INFO  impl.FollowerState (FollowerState.java:run(108)) - b88b3e43-5534-49b3-b3f2-a9f154b450de@group-2FABE92B7E5B-FollowerState: change to CANDIDATE, lastRpcTime:149ms, electionTimeout:149ms
2019-10-21 23:46:48,029 [Thread-1594] INFO  impl.RoleInfo (RoleInfo.java:shutdownFollowerState(121)) - b88b3e43-5534-49b3-b3f2-a9f154b450de: shutdown FollowerState
2019-10-21 23:46:48,029 [Thread-1594] INFO  impl.RaftServerImpl (RaftServerImpl.java:setRole(184)) - b88b3e43-5534-49b3-b3f2-a9f154b450de@group-2FABE92B7E5B: changes role from  FOLLOWER to CANDIDATE at term 219 for changeToCandidate
2019-10-21 23:46:48,029 [Thread-1594] INFO  impl.RoleInfo (RoleInfo.java:updateAndGet(143)) - b88b3e43-5534-49b3-b3f2-a9f154b450de: start LeaderElection
2019-10-21 23:46:48,043 [b88b3e43-5534-49b3-b3f2-a9f154b450de@group-2FABE92B7E5B-LeaderElection214] INFO  impl.LeaderElection (LeaderElection.java:askForVotes(178)) - b88b3e43-5534-49b3-b3f2-a9f154b450de@group-2FABE92B7E5B-LeaderElection214: begin an election at term 220 for -1: [c58a0a02-acd3-47c8-b3e9-5b8e0493de45:192.168.157.254:33611, 1360619e-ba1e-4bf9-aec1-9f15b5480b27:192.168.157.254:45658, b88b3e43-5534-49b3-b3f2-a9f154b450de:192.168.157.254:46786], old=null
2019-10-21 23:46:48,045 [grpc-default-executor-2] INFO  impl.RaftServerImpl (RaftServerImpl.java:setRole(184)) - c58a0a02-acd3-47c8-b3e9-5b8e0493de45@group-2FABE92B7E5B: changes role from  FOLLOWER to FOLLOWER at term 220 for recognizeCandidate:b88b3e43-5534-49b3-b3f2-a9f154b450de
2019-10-21 23:46:48,045 [grpc-default-executor-2] INFO  impl.RoleInfo (RoleInfo.java:shutdownFollowerState(121)) - c58a0a02-acd3-47c8-b3e9-5b8e0493de45: shutdown FollowerState
2019-10-21 23:46:48,046 [grpc-default-executor-2] INFO  impl.RoleInfo (RoleInfo.java:updateAndGet(143)) - c58a0a02-acd3-47c8-b3e9-5b8e0493de45: start FollowerState
2019-10-21 23:46:48,046 [Thread-1592] INFO  impl.FollowerState (FollowerState.java:run(117)) - c58a0a02-acd3-47c8-b3e9-5b8e0493de45@group-2FABE92B7E5B-FollowerState was interrupted: java.lang.InterruptedException: sleep interrupted
2019-10-21 23:46:48,046 [grpc-default-executor-0] INFO  impl.RaftServerImpl (RaftServerImpl.java:setRole(184)) - 1360619e-ba1e-4bf9-aec1-9f15b5480b27@group-2FABE92B7E5B: changes role from  FOLLOWER to FOLLOWER at term 220 for recognizeCandidate:b88b3e43-5534-49b3-b3f2-a9f154b450de
2019-10-21 23:46:48,046 [grpc-default-executor-0] INFO  impl.RoleInfo (RoleInfo.java:shutdownFollowerState(121)) - 1360619e-ba1e-4bf9-aec1-9f15b5480b27: shutdown FollowerState
2019-10-21 23:46:48,046 [grpc-default-executor-0] INFO  impl.RoleInfo (RoleInfo.java:updateAndGet(143)) - 1360619e-ba1e-4bf9-aec1-9f15b5480b27: start FollowerState
2019-10-21 23:46:48,046 [Thread-1593] INFO  impl.FollowerState (FollowerState.java:run(117)) - 1360619e-ba1e-4bf9-aec1-9f15b5480b27@group-2FABE92B7E5B-FollowerState was interrupted: java.lang.InterruptedException: sleep interrupted
2019-10-21 23:46:48,060 [b88b3e43-5534-49b3-b3f2-a9f154b450de@group-2FABE92B7E5B-LeaderElection214] INFO  impl.LeaderElection (LeaderElection.java:logAndReturn(56)) - b88b3e43-5534-49b3-b3f2-a9f154b450de@group-2FABE92B7E5B-LeaderElection214: Election REJECTED; received 2 response(s) [b88b3e43-5534-49b3-b3f2-a9f154b450de<-c58a0a02-acd3-47c8-b3e9-5b8e0493de45#0:FAIL-t220, b88b3e43-5534-49b3-b3f2-a9f154b450de<-1360619e-ba1e-4bf9-aec1-9f15b5480b27#0:FAIL-t220] and 0 exception(s); b88b3e43-5534-49b3-b3f2-a9f154b450de@group-2FABE92B7E5B:t220, leader=null, voted=b88b3e43-5534-49b3-b3f2-a9f154b450de, raftlog=b88b3e43-5534-49b3-b3f2-a9f154b450de@group-2FABE92B7E5B-SegmentedRaftLog:OPENED:c-1,f-1,i0, conf=-1: [c58a0a02-acd3-47c8-b3e9-5b8e0493de45:192.168.157.254:33611, 1360619e-ba1e-4bf9-aec1-9f15b5480b27:192.168.157.254:45658, b88b3e43-5534-49b3-b3f2-a9f154b450de:192.168.157.254:46786], old=null
2019-10-21 23:46:48,060 [b88b3e43-5534-49b3-b3f2-a9f154b450de@group-2FABE92B7E5B-LeaderElection214] INFO  impl.RaftServerImpl (RaftServerImpl.java:setRole(184)) - b88b3e43-5534-49b3-b3f2-a9f154b450de@group-2FABE92B7E5B: changes role from CANDIDATE to FOLLOWER at term 220 for DISCOVERED_A_NEW_TERM
2019-10-21 23:46:48,060 [b88b3e43-5534-49b3-b3f2-a9f154b450de@group-2FABE92B7E5B-LeaderElection214] INFO  impl.RoleInfo (RoleInfo.java:shutdownLeaderElection(134)) - b88b3e43-5534-49b3-b3f2-a9f154b450de: shutdown LeaderElection
2019-10-21 23:46:48,061 [b88b3e43-5534-49b3-b3f2-a9f154b450de@group-2FABE92B7E5B-LeaderElection214] INFO  impl.RoleInfo (RoleInfo.java:updateAndGet(143)) - b88b3e43-5534-49b3-b3f2-a9f154b450de: start FollowerState
2019-10-21 23:46:48,242 [Thread-1602] INFO  impl.FollowerState (FollowerState.java:run(108)) - b88b3e43-5534-49b3-b3f2-a9f154b450de@group-2FABE92B7E5B-FollowerState: change to CANDIDATE, lastRpcTime:181ms, electionTimeout:181ms
2019-10-21 23:46:48,242 [Thread-1602] INFO  impl.RoleInfo (RoleInfo.java:shutdownFollowerState(121)) - b88b3e43-5534-49b3-b3f2-a9f154b450de: shutdown FollowerState
2019-10-21 23:46:48,242 [Thread-1602] INFO  impl.RaftServerImpl (RaftServerImpl.java:setRole(184)) - b88b3e43-5534-49b3-b3f2-a9f154b450de@group-2FABE92B7E5B: changes role from  FOLLOWER to CANDIDATE at term 220 for changeToCandidate
2019-10-21 23:46:48,242 [Thread-1602] INFO  impl.RoleInfo (RoleInfo.java:updateAndGet(143)) - b88b3e43-5534-49b3-b3f2-a9f154b450de: start LeaderElection
2019-10-21 23:46:48,257 [b88b3e43-5534-49b3-b3f2-a9f154b450de@group-2FABE92B7E5B-LeaderElection215] INFO  impl.LeaderElection (LeaderElection.java:askForVotes(178)) - b88b3e43-5534-49b3-b3f2-a9f154b450de@group-2FABE92B7E5B-LeaderElection215: begin an election at term 221 for -1: [c58a0a02-acd3-47c8-b3e9-5b8e0493de45:192.168.157.254:33611, 1360619e-ba1e-4bf9-aec1-9f15b5480b27:192.168.157.254:45658, b88b3e43-5534-49b3-b3f2-a9f154b450de:192.168.157.254:46786], old=null
2019-10-21 23:46:48,260 [grpc-default-executor-0] INFO  impl.RaftServerImpl (RaftServerImpl.java:setRole(184)) - c58a0a02-acd3-47c8-b3e9-5b8e0493de45@group-2FABE92B7E5B: changes role from  FOLLOWER to FOLLOWER at term 221 for recognizeCandidate:b88b3e43-5534-49b3-b3f2-a9f154b450de
2019-10-21 23:46:48,260 [grpc-default-executor-2] INFO  impl.RaftServerImpl (RaftServerImpl.java:setRole(184)) - 1360619e-ba1e-4bf9-aec1-9f15b5480b27@group-2FABE92B7E5B: changes role from  FOLLOWER to FOLLOWER at term 221 for recognizeCandidate:b88b3e43-5534-49b3-b3f2-a9f154b450de
2019-10-21 23:46:48,260 [grpc-default-executor-0] INFO  impl.RoleInfo (RoleInfo.java:shutdownFollowerState(121)) - c58a0a02-acd3-47c8-b3e9-5b8e0493de45: shutdown FollowerState
2019-10-21 23:46:48,261 [grpc-default-executor-2] INFO  impl.RoleInfo (RoleInfo.java:shutdownFollowerState(121)) - 1360619e-ba1e-4bf9-aec1-9f15b5480b27: shutdown FollowerState
2019-10-21 23:46:48,261 [Thread-1600] INFO  impl.FollowerState (FollowerState.java:run(117)) - c58a0a02-acd3-47c8-b3e9-5b8e0493de45@group-2FABE92B7E5B-FollowerState was interrupted: java.lang.InterruptedException: sleep interrupted
2019-10-21 23:46:48,261 [grpc-default-executor-0] INFO  impl.RoleInfo (RoleInfo.java:updateAndGet(143)) - c58a0a02-acd3-47c8-b3e9-5b8e0493de45: start FollowerState
2019-10-21 23:46:48,261 [Thread-1601] INFO  impl.FollowerState (FollowerState.java:run(117)) - 1360619e-ba1e-4bf9-aec1-9f15b5480b27@group-2FABE92B7E5B-FollowerState was interrupted: java.lang.InterruptedException: sleep interrupted
2019-10-21 23:46:48,261 [grpc-default-executor-2] INFO  impl.RoleInfo (RoleInfo.java:updateAndGet(143)) - 1360619e-ba1e-4bf9-aec1-9f15b5480b27: start FollowerState
2019-10-21 23:46:48,276 [b88b3e43-5534-49b3-b3f2-a9f154b450de@group-2FABE92B7E5B-LeaderElection215] INFO  impl.LeaderElection (LeaderElection.java:logAndReturn(56)) - b88b3e43-5534-49b3-b3f2-a9f154b450de@group-2FABE92B7E5B-LeaderElection215: Election REJECTED; received 2 response(s) [b88b3e43-5534-49b3-b3f2-a9f154b450de<-c58a0a02-acd3-47c8-b3e9-5b8e0493de45#0:FAIL-t221, b88b3e43-5534-49b3-b3f2-a9f154b450de<-1360619e-ba1e-4bf9-aec1-9f15b5480b27#0:FAIL-t221] and 0 exception(s); b88b3e43-5534-49b3-b3f2-a9f154b450de@group-2FABE92B7E5B:t221, leader=null, voted=b88b3e43-5534-49b3-b3f2-a9f154b450de, raftlog=b88b3e43-5534-49b3-b3f2-a9f154b450de@group-2FABE92B7E5B-SegmentedRaftLog:OPENED:c-1,f-1,i0, conf=-1: [c58a0a02-acd3-47c8-b3e9-5b8e0493de45:192.168.157.254:33611, 1360619e-ba1e-4bf9-aec1-9f15b5480b27:192.168.157.254:45658, b88b3e43-5534-49b3-b3f2-a9f154b450de:192.168.157.254:46786], old=null
2019-10-21 23:46:48,276 [b88b3e43-5534-49b3-b3f2-a9f154b450de@group-2FABE92B7E5B-LeaderElection215] INFO  impl.RaftServerImpl (RaftServerImpl.java:setRole(184)) - b88b3e43-5534-49b3-b3f2-a9f154b450de@group-2FABE92B7E5B: changes role from CANDIDATE to FOLLOWER at term 221 for DISCOVERED_A_NEW_TERM
2019-10-21 23:46:48,276 [b88b3e43-5534-49b3-b3f2-a9f154b450de@group-2FABE92B7E5B-LeaderElection215] INFO  impl.RoleInfo (RoleInfo.java:shutdownLeaderElection(134)) - b88b3e43-5534-49b3-b3f2-a9f154b450de: shutdown LeaderElection
2019-10-21 23:46:48,276 [b88b3e43-5534-49b3-b3f2-a9f154b450de@group-2FABE92B7E5B-LeaderElection215] INFO  impl.RoleInfo (RoleInfo.java:updateAndGet(143)) - b88b3e43-5534-49b3-b3f2-a9f154b450de: start FollowerState
2019-10-21 23:46:48,389 [Thread-1608] INFO  impl.FollowerState (FollowerState.java:run(108)) - b88b3e43-5534-49b3-b3f2-a9f154b450de@group-2FABE92B7E5B-FollowerState: change to CANDIDATE, lastRpcTime:112ms, electionTimeout:112ms
2019-10-21 23:46:48,389 [Thread-1608] INFO  impl.RoleInfo (RoleInfo.java:shutdownFollowerState(121)) - b88b3e43-5534-49b3-b3f2-a9f154b450de: shutdown FollowerState
2019-10-21 23:46:48,389 [Thread-1608] INFO  impl.RaftServerImpl (RaftServerImpl.java:setRole(184)) - b88b3e43-5534-49b3-b3f2-a9f154b450de@group-2FABE92B7E5B: changes role from  FOLLOWER to CANDIDATE at term 221 for changeToCandidate
2019-10-21 23:46:48,389 [Thread-1608] INFO  impl.RoleInfo (RoleInfo.java:updateAndGet(143)) - b88b3e43-5534-49b3-b3f2-a9f154b450de: start LeaderElection
2019-10-21 23:46:48,404 [b88b3e43-5534-49b3-b3f2-a9f154b450de@group-2FABE92B7E5B-LeaderElection216] INFO  impl.LeaderElection (LeaderElection.java:askForVotes(178)) - b88b3e43-5534-49b3-b3f2-a9f154b450de@group-2FABE92B7E5B-LeaderElection216: begin an election at term 222 for -1: [c58a0a02-acd3-47c8-b3e9-5b8e0493de45:192.168.157.254:33611, 1360619e-ba1e-4bf9-aec1-9f15b5480b27:192.168.157.254:45658, b88b3e43-5534-49b3-b3f2-a9f154b450de:192.168.157.254:46786], old=null
2019-10-21 23:46:48,406 [grpc-default-executor-2] INFO  impl.RaftServerImpl (RaftServerImpl.java:setRole(184)) - c58a0a02-acd3-47c8-b3e9-5b8e0493de45@group-2FABE92B7E5B: changes role from  FOLLOWER to FOLLOWER at term 222 for recognizeCandidate:b88b3e43-5534-49b3-b3f2-a9f154b450de
2019-10-21 23:46:48,407 [grpc-default-executor-2] INFO  impl.RoleInfo (RoleInfo.java:shutdownFollowerState(121)) - c58a0a02-acd3-47c8-b3e9-5b8e0493de45: shutdown FollowerState
2019-10-21 23:46:48,407 [grpc-default-executor-0] INFO  impl.RaftServerImpl (RaftServerImpl.java:setRole(184)) - 1360619e-ba1e-4bf9-aec1-9f15b5480b27@group-2FABE92B7E5B: changes role from  FOLLOWER to FOLLOWER at term 222 for recognizeCandidate:b88b3e43-5534-49b3-b3f2-a9f154b450de
2019-10-21 23:46:48,407 [Thread-1606] INFO  impl.FollowerState (FollowerState.java:run(117)) - c58a0a02-acd3-47c8-b3e9-5b8e0493de45@group-2FABE92B7E5B-FollowerState was interrupted: java.lang.InterruptedException: sleep interrupted
2019-10-21 23:46:48,407 [grpc-default-executor-2] INFO  impl.RoleInfo (RoleInfo.java:updateAndGet(143)) - c58a0a02-acd3-47c8-b3e9-5b8e0493de45: start FollowerState
2019-10-21 23:46:48,407 [grpc-default-executor-0] INFO  impl.RoleInfo (RoleInfo.java:shutdownFollowerState(121)) - 1360619e-ba1e-4bf9-aec1-9f15b5480b27: shutdown FollowerState
2019-10-21 23:46:48,407 [grpc-default-executor-0] INFO  impl.RoleInfo (RoleInfo.java:updateAndGet(143)) - 1360619e-ba1e-4bf9-aec1-9f15b5480b27: start FollowerState
2019-10-21 23:46:48,407 [Thread-1607] INFO  impl.FollowerState (FollowerState.java:run(117)) - 1360619e-ba1e-4bf9-aec1-9f15b5480b27@group-2FABE92B7E5B-FollowerState was interrupted: java.lang.InterruptedException: sleep interrupted
2019-10-21 23:46:48,423 [b88b3e43-5534-49b3-b3f2-a9f154b450de@group-2FABE92B7E5B-LeaderElection216] INFO  impl.LeaderElection (LeaderElection.java:logAndReturn(56)) - b88b3e43-5534-49b3-b3f2-a9f154b450de@group-2FABE92B7E5B-LeaderElection216: Election REJECTED; received 2 response(s) [b88b3e43-5534-49b3-b3f2-a9f154b450de<-c58a0a02-acd3-47c8-b3e9-5b8e0493de45#0:FAIL-t222, b88b3e43-5534-49b3-b3f2-a9f154b450de<-1360619e-ba1e-4bf9-aec1-9f15b5480b27#0:FAIL-t222] and 0 exception(s); b88b3e43-5534-49b3-b3f2-a9f154b450de@group-2FABE92B7E5B:t222, leader=null, voted=b88b3e43-5534-49b3-b3f2-a9f154b450de, raftlog=b88b3e43-5534-49b3-b3f2-a9f154b450de@group-2FABE92B7E5B-SegmentedRaftLog:OPENED:c-1,f-1,i0, conf=-1: [c58a0a02-acd3-47c8-b3e9-5b8e0493de45:192.168.157.254:33611, 1360619e-ba1e-4bf9-aec1-9f15b5480b27:192.168.157.254:45658, b88b3e43-5534-49b3-b3f2-a9f154b450de:192.168.157.254:46786], old=null
2019-10-21 23:46:48,424 [b88b3e43-5534-49b3-b3f2-a9f154b450de@group-2FABE92B7E5B-LeaderElection216] INFO  impl.RaftServerImpl (RaftServerImpl.java:setRole(184)) - b88b3e43-5534-49b3-b3f2-a9f154b450de@group-2FABE92B7E5B: changes role from CANDIDATE to FOLLOWER at term 222 for DISCOVERED_A_NEW_TERM
2019-10-21 23:46:48,424 [b88b3e43-5534-49b3-b3f2-a9f154b450de@group-2FABE92B7E5B-LeaderElection216] INFO  impl.RoleInfo (RoleInfo.java:shutdownLeaderElection(134)) - b88b3e43-5534-49b3-b3f2-a9f154b450de: shutdown LeaderElection
2019-10-21 23:46:48,424 [b88b3e43-5534-49b3-b3f2-a9f154b450de@group-2FABE92B7E5B-LeaderElection216] INFO  impl.RoleInfo (RoleInfo.java:updateAndGet(143)) - b88b3e43-5534-49b3-b3f2-a9f154b450de: start FollowerState
2019-10-21 23:46:48,452 [Thread-1614] INFO  impl.FollowerState (FollowerState.java:run(108)) - b88b3e43-5534-49b3-b3f2-a9f154b450de@group-2FABE92B7E5B-FollowerState: change to CANDIDATE, lastRpcTime:28ms, electionTimeout:28ms
2019-10-21 23:46:48,453 [Thread-1614] INFO  impl.RoleInfo (RoleInfo.java:shutdownFollowerState(121)) - b88b3e43-5534-49b3-b3f2-a9f154b450de: shutdown FollowerState
2019-10-21 23:46:48,453 [Thread-1614] INFO  impl.RaftServerImpl (RaftServerImpl.java:setRole(184)) - b88b3e43-5534-49b3-b3f2-a9f154b450de@group-2FABE92B7E5B: changes role from  FOLLOWER to CANDIDATE at term 222 for changeToCandidate
2019-10-21 23:46:48,453 [Thread-1614] INFO  impl.RoleInfo (RoleInfo.java:updateAndGet(143)) - b88b3e43-5534-49b3-b3f2-a9f154b450de: start LeaderElection
2019-10-21 23:46:48,466 [b88b3e43-5534-49b3-b3f2-a9f154b450de@group-2FABE92B7E5B-LeaderElection217] INFO  impl.LeaderElection (LeaderElection.java:askForVotes(178)) - b88b3e43-5534-49b3-b3f2-a9f154b450de@group-2FABE92B7E5B-LeaderElection217: begin an election at term 223 for -1: [c58a0a02-acd3-47c8-b3e9-5b8e0493de45:192.168.157.254:33611, 1360619e-ba1e-4bf9-aec1-9f15b5480b27:192.168.157.254:45658, b88b3e43-5534-49b3-b3f2-a9f154b450de:192.168.157.254:46786], old=null
2019-10-21 23:46:48,469 [grpc-default-executor-2] INFO  impl.RaftServerImpl (RaftServerImpl.java:setRole(184)) - c58a0a02-acd3-47c8-b3e9-5b8e0493de45@group-2FABE92B7E5B: changes role from  FOLLOWER to FOLLOWER at term 223 for recognizeCandidate:b88b3e43-5534-49b3-b3f2-a9f154b450de
2019-10-21 23:46:48,469 [grpc-default-executor-0] INFO  impl.RaftServerImpl (RaftServerImpl.java:setRole(184)) - 1360619e-ba1e-4bf9-aec1-9f15b5480b27@group-2FABE92B7E5B: changes role from  FOLLOWER to FOLLOWER at term 223 for recognizeCandidate:b88b3e43-5534-49b3-b3f2-a9f154b450de
2019-10-21 23:46:48,469 [grpc-default-executor-0] INFO  impl.RoleInfo (RoleInfo.java:shutdownFollowerState(121)) - 1360619e-ba1e-4bf9-aec1-9f15b5480b27: shutdown FollowerState
2019-10-21 23:46:48,469 [grpc-default-executor-2] INFO  impl.RoleInfo (RoleInfo.java:shutdownFollowerState(121)) - c58a0a02-acd3-47c8-b3e9-5b8e0493de45: shutdown FollowerState
2019-10-21 23:46:48,470 [grpc-default-executor-2] INFO  impl.RoleInfo (RoleInfo.java:updateAndGet(143)) - c58a0a02-acd3-47c8-b3e9-5b8e0493de45: start FollowerState
2019-10-21 23:46:48,470 [Thread-1613] INFO  impl.FollowerState (FollowerState.java:run(117)) - 1360619e-ba1e-4bf9-aec1-9f15b5480b27@group-2FABE92B7E5B-FollowerState was interrupted: java.lang.InterruptedException: sleep interrupted
2019-10-21 23:46:48,470 [grpc-default-executor-0] INFO  impl.RoleInfo (RoleInfo.java:updateAndGet(143)) - 1360619e-ba1e-4bf9-aec1-9f15b5480b27: start FollowerState
2019-10-21 23:46:48,470 [Thread-1612] INFO  impl.FollowerState (FollowerState.java:run(117)) - c58a0a02-acd3-47c8-b3e9-5b8e0493de45@group-2FABE92B7E5B-FollowerState was interrupted: java.lang.InterruptedException: sleep interrupted
2019-10-21 23:46:48,484 [b88b3e43-5534-49b3-b3f2-a9f154b450de@group-2FABE92B7E5B-LeaderElection217] INFO  impl.LeaderElection (LeaderElection.java:logAndReturn(56)) - b88b3e43-5534-49b3-b3f2-a9f154b450de@group-2FABE92B7E5B-LeaderElection217: Election REJECTED; received 2 response(s) [b88b3e43-5534-49b3-b3f2-a9f154b450de<-c58a0a02-acd3-47c8-b3e9-5b8e0493de45#0:FAIL-t223, b88b3e43-5534-49b3-b3f2-a9f154b450de<-1360619e-ba1e-4bf9-aec1-9f15b5480b27#0:FAIL-t223] and 0 exception(s); b88b3e43-5534-49b3-b3f2-a9f154b450de@group-2FABE92B7E5B:t223, leader=null, voted=b88b3e43-5534-49b3-b3f2-a9f154b450de, raftlog=b88b3e43-5534-49b3-b3f2-a9f154b450de@group-2FABE92B7E5B-SegmentedRaftLog:OPENED:c-1,f-1,i0, conf=-1: [c58a0a02-acd3-47c8-b3e9-5b8e0493de45:192.168.157.254:33611, 1360619e-ba1e-4bf9-aec1-9f15b5480b27:192.168.157.254:45658, b88b3e43-5534-49b3-b3f2-a9f154b450de:192.168.157.254:46786], old=null
2019-10-21 23:46:48,484 [b88b3e43-5534-49b3-b3f2-a9f154b450de@group-2FABE92B7E5B-LeaderElection217] INFO  impl.RaftServerImpl (RaftServerImpl.java:setRole(184)) - b88b3e43-5534-49b3-b3f2-a9f154b450de@group-2FABE92B7E5B: changes role from CANDIDATE to FOLLOWER at term 223 for DISCOVERED_A_NEW_TERM
2019-10-21 23:46:48,484 [b88b3e43-5534-49b3-b3f2-a9f154b450de@group-2FABE92B7E5B-LeaderElection217] INFO  impl.RoleInfo (RoleInfo.java:shutdownLeaderElection(134)) - b88b3e43-5534-49b3-b3f2-a9f154b450de: shutdown LeaderElection
2019-10-21 23:46:48,484 [b88b3e43-5534-49b3-b3f2-a9f154b450de@group-2FABE92B7E5B-LeaderElection217] INFO  impl.RoleInfo (RoleInfo.java:updateAndGet(143)) - b88b3e43-5534-49b3-b3f2-a9f154b450de: start FollowerState
2019-10-21 23:46:48,566 [Thread-1620] INFO  impl.FollowerState (FollowerState.java:run(108)) - b88b3e43-5534-49b3-b3f2-a9f154b450de@group-2FABE92B7E5B-FollowerState: change to CANDIDATE, lastRpcTime:82ms, electionTimeout:82ms
2019-10-21 23:46:48,566 [Thread-1620] INFO  impl.RoleInfo (RoleInfo.java:shutdownFollowerState(121)) - b88b3e43-5534-49b3-b3f2-a9f154b450de: shutdown FollowerState
2019-10-21 23:46:48,566 [Thread-1620] INFO  impl.RaftServerImpl (RaftServerImpl.java:setRole(184)) - b88b3e43-5534-49b3-b3f2-a9f154b450de@group-2FABE92B7E5B: changes role from  FOLLOWER to CANDIDATE at term 223 for changeToCandidate
2019-10-21 23:46:48,567 [Thread-1620] INFO  impl.RoleInfo (RoleInfo.java:updateAndGet(143)) - b88b3e43-5534-49b3-b3f2-a9f154b450de: start LeaderElection
2019-10-21 23:46:48,580 [b88b3e43-5534-49b3-b3f2-a9f154b450de@group-2FABE92B7E5B-LeaderElection218] INFO  impl.LeaderElection (LeaderElection.java:askForVotes(178)) - b88b3e43-5534-49b3-b3f2-a9f154b450de@group-2FABE92B7E5B-LeaderElection218: begin an election at term 224 for -1: [c58a0a02-acd3-47c8-b3e9-5b8e0493de45:192.168.157.254:33611, 1360619e-ba1e-4bf9-aec1-9f15b5480b27:192.168.157.254:45658, b88b3e43-5534-49b3-b3f2-a9f154b450de:192.168.157.254:46786], old=null
2019-10-21 23:46:48,582 [grpc-default-executor-2] INFO  impl.RaftServerImpl (RaftServerImpl.java:setRole(184)) - c58a0a02-acd3-47c8-b3e9-5b8e0493de45@group-2FABE92B7E5B: changes role from  FOLLOWER to FOLLOWER at term 224 for recognizeCandidate:b88b3e43-5534-49b3-b3f2-a9f154b450de
2019-10-21 23:46:48,582 [grpc-default-executor-0] INFO  impl.RaftServerImpl (RaftServerImpl.java:setRole(184)) - 1360619e-ba1e-4bf9-aec1-9f15b5480b27@group-2FABE92B7E5B: changes role from  FOLLOWER to FOLLOWER at term 224 for recognizeCandidate:b88b3e43-5534-49b3-b3f2-a9f154b450de
2019-10-21 23:46:48,583 [grpc-default-executor-0] INFO  impl.RoleInfo (RoleInfo.java:shutdownFollowerState(121)) - 1360619e-ba1e-4bf9-aec1-9f15b5480b27: shutdown FollowerState
2019-10-21 23:46:48,583 [grpc-default-executor-2] INFO  impl.RoleInfo (RoleInfo.java:shutdownFollowerState(121)) - c58a0a02-acd3-47c8-b3e9-5b8e0493de45: shutdown FollowerState
2019-10-21 23:46:48,583 [Thread-1618] INFO  impl.FollowerState (FollowerState.java:run(117)) - 1360619e-ba1e-4bf9-aec1-9f15b5480b27@group-2FABE92B7E5B-FollowerState was interrupted: java.lang.InterruptedException: sleep interrupted
2019-10-21 23:46:48,583 [grpc-default-executor-0] INFO  impl.RoleInfo (RoleInfo.java:updateAndGet(143)) - 1360619e-ba1e-4bf9-aec1-9f15b5480b27: start FollowerState
2019-10-21 23:46:48,583 [Thread-1619] INFO  impl.FollowerState (FollowerState.java:run(117)) - c58a0a02-acd3-47c8-b3e9-5b8e0493de45@group-2FABE92B7E5B-FollowerState was interrupted: java.lang.InterruptedException: sleep interrupted
2019-10-21 23:46:48,583 [grpc-default-executor-2] INFO  impl.RoleInfo (RoleInfo.java:updateAndGet(143)) - c58a0a02-acd3-47c8-b3e9-5b8e0493de45: start FollowerState
2019-10-21 23:46:48,600 [b88b3e43-5534-49b3-b3f2-a9f154b450de@group-2FABE92B7E5B-LeaderElection218] INFO  impl.LeaderElection (LeaderElection.java:logAndReturn(56)) - b88b3e43-5534-49b3-b3f2-a9f154b450de@group-2FABE92B7E5B-LeaderElection218: Election REJECTED; received 2 response(s) [b88b3e43-5534-49b3-b3f2-a9f154b450de<-c58a0a02-acd3-47c8-b3e9-5b8e0493de45#0:FAIL-t224, b88b3e43-5534-49b3-b3f2-a9f154b450de<-1360619e-ba1e-4bf9-aec1-9f15b5480b27#0:FAIL-t224] and 0 exception(s); b88b3e43-5534-49b3-b3f2-a9f154b450de@group-2FABE92B7E5B:t224, leader=null, voted=b88b3e43-5534-49b3-b3f2-a9f154b450de, raftlog=b88b3e43-5534-49b3-b3f2-a9f154b450de@group-2FABE92B7E5B-SegmentedRaftLog:OPENED:c-1,f-1,i0, conf=-1: [c58a0a02-acd3-47c8-b3e9-5b8e0493de45:192.168.157.254:33611, 1360619e-ba1e-4bf9-aec1-9f15b5480b27:192.168.157.254:45658, b88b3e43-5534-49b3-b3f2-a9f154b450de:192.168.157.254:46786], old=null
2019-10-21 23:46:48,601 [b88b3e43-5534-49b3-b3f2-a9f154b450de@group-2FABE92B7E5B-LeaderElection218] INFO  impl.RaftServerImpl (RaftServerImpl.java:setRole(184)) - b88b3e43-5534-49b3-b3f2-a9f154b450de@group-2FABE92B7E5B: changes role from CANDIDATE to FOLLOWER at term 224 for DISCOVERED_A_NEW_TERM
2019-10-21 23:46:48,601 [b88b3e43-5534-49b3-b3f2-a9f154b450de@group-2FABE92B7E5B-LeaderElection218] INFO  impl.RoleInfo (RoleInfo.java:shutdownLeaderElection(134)) - b88b3e43-5534-49b3-b3f2-a9f154b450de: shutdown LeaderElection
2019-10-21 23:46:48,601 [b88b3e43-5534-49b3-b3f2-a9f154b450de@group-2FABE92B7E5B-LeaderElection218] INFO  impl.RoleInfo (RoleInfo.java:updateAndGet(143)) - b88b3e43-5534-49b3-b3f2-a9f154b450de: start FollowerState
2019-10-21 23:46:48,797 [Thread-1626] INFO  impl.FollowerState (FollowerState.java:run(108)) - b88b3e43-5534-49b3-b3f2-a9f154b450de@group-2FABE92B7E5B-FollowerState: change to CANDIDATE, lastRpcTime:196ms, electionTimeout:196ms
2019-10-21 23:46:48,798 [Thread-1626] INFO  impl.RoleInfo (RoleInfo.java:shutdownFollowerState(121)) - b88b3e43-5534-49b3-b3f2-a9f154b450de: shutdown FollowerState
2019-10-21 23:46:48,799 [Thread-1626] INFO  impl.RaftServerImpl (RaftServerImpl.java:setRole(184)) - b88b3e43-5534-49b3-b3f2-a9f154b450de@group-2FABE92B7E5B: changes role from  FOLLOWER to CANDIDATE at term 224 for changeToCandidate
2019-10-21 23:46:48,799 [Thread-1626] INFO  impl.RoleInfo (RoleInfo.java:updateAndGet(143)) - b88b3e43-5534-49b3-b3f2-a9f154b450de: start LeaderElection
2019-10-21 23:46:48,814 [b88b3e43-5534-49b3-b3f2-a9f154b450de@group-2FABE92B7E5B-LeaderElection219] INFO  impl.LeaderElection (LeaderElection.java:askForVotes(178)) - b88b3e43-5534-49b3-b3f2-a9f154b450de@group-2FABE92B7E5B-LeaderElection219: begin an election at term 225 for -1: [c58a0a02-acd3-47c8-b3e9-5b8e0493de45:192.168.157.254:33611, 1360619e-ba1e-4bf9-aec1-9f15b5480b27:192.168.157.254:45658, b88b3e43-5534-49b3-b3f2-a9f154b450de:192.168.157.254:46786], old=null
2019-10-21 23:46:48,821 [grpc-default-executor-0] INFO  impl.RaftServerImpl (RaftServerImpl.java:setRole(184)) - c58a0a02-acd3-47c8-b3e9-5b8e0493de45@group-2FABE92B7E5B: changes role from  FOLLOWER to FOLLOWER at term 225 for recognizeCandidate:b88b3e43-5534-49b3-b3f2-a9f154b450de
2019-10-21 23:46:48,821 [grpc-default-executor-2] INFO  impl.RaftServerImpl (RaftServerImpl.java:setRole(184)) - 1360619e-ba1e-4bf9-aec1-9f15b5480b27@group-2FABE92B7E5B: changes role from  FOLLOWER to FOLLOWER at term 225 for recognizeCandidate:b88b3e43-5534-49b3-b3f2-a9f154b450de
2019-10-21 23:46:48,821 [grpc-default-executor-0] INFO  impl.RoleInfo (RoleInfo.java:shutdownFollowerState(121)) - c58a0a02-acd3-47c8-b3e9-5b8e0493de45: shutdown FollowerState
2019-10-21 23:46:48,822 [grpc-default-executor-2] INFO  impl.RoleInfo (RoleInfo.java:shutdownFollowerState(121)) - 1360619e-ba1e-4bf9-aec1-9f15b5480b27: shutdown FollowerState
2019-10-21 23:46:48,822 [grpc-default-executor-0] INFO  impl.RoleInfo (RoleInfo.java:updateAndGet(143)) - c58a0a02-acd3-47c8-b3e9-5b8e0493de45: start FollowerState
2019-10-21 23:46:48,822 [Thread-1624] INFO  impl.FollowerState (FollowerState.java:run(117)) - 1360619e-ba1e-4bf9-aec1-9f15b5480b27@group-2FABE92B7E5B-FollowerState was interrupted: java.lang.InterruptedException: sleep interrupted
2019-10-21 23:46:48,822 [Thread-1625] INFO  impl.FollowerState (FollowerState.java:run(117)) - c58a0a02-acd3-47c8-b3e9-5b8e0493de45@group-2FABE92B7E5B-FollowerState was interrupted: java.lang.InterruptedException: sleep interrupted
2019-10-21 23:46:48,822 [grpc-default-executor-2] INFO  impl.RoleInfo (RoleInfo.java:updateAndGet(143)) - 1360619e-ba1e-4bf9-aec1-9f15b5480b27: start FollowerState
2019-10-21 23:46:48,837 [b88b3e43-5534-49b3-b3f2-a9f154b450de@group-2FABE92B7E5B-LeaderElection219] INFO  impl.LeaderElection (LeaderElection.java:logAndReturn(56)) - b88b3e43-5534-49b3-b3f2-a9f154b450de@group-2FABE92B7E5B-LeaderElection219: Election REJECTED; received 2 response(s) [b88b3e43-5534-49b3-b3f2-a9f154b450de<-c58a0a02-acd3-47c8-b3e9-5b8e0493de45#0:FAIL-t225, b88b3e43-5534-49b3-b3f2-a9f154b450de<-1360619e-ba1e-4bf9-aec1-9f15b5480b27#0:FAIL-t225] and 0 exception(s); b88b3e43-5534-49b3-b3f2-a9f154b450de@group-2FABE92B7E5B:t225, leader=null, voted=b88b3e43-5534-49b3-b3f2-a9f154b450de, raftlog=b88b3e43-5534-49b3-b3f2-a9f154b450de@group-2FABE92B7E5B-SegmentedRaftLog:OPENED:c-1,f-1,i0, conf=-1: [c58a0a02-acd3-47c8-b3e9-5b8e0493de45:192.168.157.254:33611, 1360619e-ba1e-4bf9-aec1-9f15b5480b27:192.168.157.254:45658, b88b3e43-5534-49b3-b3f2-a9f154b450de:192.168.157.254:46786], old=null
2019-10-21 23:46:48,837 [b88b3e43-5534-49b3-b3f2-a9f154b450de@group-2FABE92B7E5B-LeaderElection219] INFO  impl.RaftServerImpl (RaftServerImpl.java:setRole(184)) - b88b3e43-5534-49b3-b3f2-a9f154b450de@group-2FABE92B7E5B: changes role from CANDIDATE to FOLLOWER at term 225 for DISCOVERED_A_NEW_TERM
2019-10-21 23:46:48,837 [b88b3e43-5534-49b3-b3f2-a9f154b450de@group-2FABE92B7E5B-LeaderElection219] INFO  impl.RoleInfo (RoleInfo.java:shutdownLeaderElection(134)) - b88b3e43-5534-49b3-b3f2-a9f154b450de: shutdown LeaderElection
2019-10-21 23:46:48,837 [b88b3e43-5534-49b3-b3f2-a9f154b450de@group-2FABE92B7E5B-LeaderElection219] INFO  impl.RoleInfo (RoleInfo.java:updateAndGet(143)) - b88b3e43-5534-49b3-b3f2-a9f154b450de: start FollowerState
2019-10-21 23:46:48,917 [Thread-1632] INFO  impl.FollowerState (FollowerState.java:run(108)) - b88b3e43-5534-49b3-b3f2-a9f154b450de@group-2FABE92B7E5B-FollowerState: change to CANDIDATE, lastRpcTime:79ms, electionTimeout:79ms
2019-10-21 23:46:48,917 [Thread-1632] INFO  impl.RoleInfo (RoleInfo.java:shutdownFollowerState(121)) - b88b3e43-5534-49b3-b3f2-a9f154b450de: shutdown FollowerState
2019-10-21 23:46:48,917 [Thread-1632] INFO  impl.RaftServerImpl (RaftServerImpl.java:setRole(184)) - b88b3e43-5534-49b3-b3f2-a9f154b450de@group-2FABE92B7E5B: changes role from  FOLLOWER to CANDIDATE at term 225 for changeToCandidate
2019-10-21 23:46:48,917 [Thread-1632] INFO  impl.RoleInfo (RoleInfo.java:updateAndGet(143)) - b88b3e43-5534-49b3-b3f2-a9f154b450de: start LeaderElection
2019-10-21 23:46:48,932 [b88b3e43-5534-49b3-b3f2-a9f154b450de@group-2FABE92B7E5B-LeaderElection220] INFO  impl.LeaderElection (LeaderElection.java:askForVotes(178)) - b88b3e43-5534-49b3-b3f2-a9f154b450de@group-2FABE92B7E5B-LeaderElection220: begin an election at term 226 for -1: [c58a0a02-acd3-47c8-b3e9-5b8e0493de45:192.168.157.254:33611, 1360619e-ba1e-4bf9-aec1-9f15b5480b27:192.168.157.254:45658, b88b3e43-5534-49b3-b3f2-a9f154b450de:192.168.157.254:46786], old=null
2019-10-21 23:46:48,934 [grpc-default-executor-2] INFO  impl.RaftServerImpl (RaftServerImpl.java:setRole(184)) - 1360619e-ba1e-4bf9-aec1-9f15b5480b27@group-2FABE92B7E5B: changes role from  FOLLOWER to FOLLOWER at term 226 for recognizeCandidate:b88b3e43-5534-49b3-b3f2-a9f154b450de
2019-10-21 23:46:48,934 [grpc-default-executor-0] INFO  impl.RaftServerImpl (RaftServerImpl.java:setRole(184)) - c58a0a02-acd3-47c8-b3e9-5b8e0493de45@group-2FABE92B7E5B: changes role from  FOLLOWER to FOLLOWER at term 226 for recognizeCandidate:b88b3e43-5534-49b3-b3f2-a9f154b450de
2019-10-21 23:46:48,934 [grpc-default-executor-2] INFO  impl.RoleInfo (RoleInfo.java:shutdownFollowerState(121)) - 1360619e-ba1e-4bf9-aec1-9f15b5480b27: shutdown FollowerState
2019-10-21 23:46:48,935 [grpc-default-executor-0] INFO  impl.RoleInfo (RoleInfo.java:shutdownFollowerState(121)) - c58a0a02-acd3-47c8-b3e9-5b8e0493de45: shutdown FollowerState
2019-10-21 23:46:48,935 [Thread-1631] INFO  impl.FollowerState (FollowerState.java:run(117)) - 1360619e-ba1e-4bf9-aec1-9f15b5480b27@group-2FABE92B7E5B-FollowerState was interrupted: java.lang.InterruptedException: sleep interrupted
2019-10-21 23:46:48,935 [grpc-default-executor-2] INFO  impl.RoleInfo (RoleInfo.java:updateAndGet(143)) - 1360619e-ba1e-4bf9-aec1-9f15b5480b27: start FollowerState
2019-10-21 23:46:48,935 [Thread-1630] INFO  impl.FollowerState (FollowerState.java:run(117)) - c58a0a02-acd3-47c8-b3e9-5b8e0493de45@group-2FABE92B7E5B-FollowerState was interrupted: java.lang.InterruptedException: sleep interrupted
2019-10-21 23:46:48,935 [grpc-default-executor-0] INFO  impl.RoleInfo (RoleInfo.java:updateAndGet(143)) - c58a0a02-acd3-47c8-b3e9-5b8e0493de45: start FollowerState
2019-10-21 23:46:48,949 [b88b3e43-5534-49b3-b3f2-a9f154b450de@group-2FABE92B7E5B-LeaderElection220] INFO  impl.LeaderElection (LeaderElection.java:logAndReturn(56)) - b88b3e43-5534-49b3-b3f2-a9f154b450de@group-2FABE92B7E5B-LeaderElection220: Election REJECTED; received 2 response(s) [b88b3e43-5534-49b3-b3f2-a9f154b450de<-c58a0a02-acd3-47c8-b3e9-5b8e0493de45#0:FAIL-t226, b88b3e43-5534-49b3-b3f2-a9f154b450de<-1360619e-ba1e-4bf9-aec1-9f15b5480b27#0:FAIL-t226] and 0 exception(s); b88b3e43-5534-49b3-b3f2-a9f154b450de@group-2FABE92B7E5B:t226, leader=null, voted=b88b3e43-5534-49b3-b3f2-a9f154b450de, raftlog=b88b3e43-5534-49b3-b3f2-a9f154b450de@group-2FABE92B7E5B-SegmentedRaftLog:OPENED:c-1,f-1,i0, conf=-1: [c58a0a02-acd3-47c8-b3e9-5b8e0493de45:192.168.157.254:33611, 1360619e-ba1e-4bf9-aec1-9f15b5480b27:192.168.157.254:45658, b88b3e43-5534-49b3-b3f2-a9f154b450de:192.168.157.254:46786], old=null
2019-10-21 23:46:48,950 [b88b3e43-5534-49b3-b3f2-a9f154b450de@group-2FABE92B7E5B-LeaderElection220] INFO  impl.RaftServerImpl (RaftServerImpl.java:setRole(184)) - b88b3e43-5534-49b3-b3f2-a9f154b450de@group-2FABE92B7E5B: changes role from CANDIDATE to FOLLOWER at term 226 for DISCOVERED_A_NEW_TERM
2019-10-21 23:46:48,950 [b88b3e43-5534-49b3-b3f2-a9f154b450de@group-2FABE92B7E5B-LeaderElection220] INFO  impl.RoleInfo (RoleInfo.java:shutdownLeaderElection(134)) - b88b3e43-5534-49b3-b3f2-a9f154b450de: shutdown LeaderElection
2019-10-21 23:46:48,950 [b88b3e43-5534-49b3-b3f2-a9f154b450de@group-2FABE92B7E5B-LeaderElection220] INFO  impl.RoleInfo (RoleInfo.java:updateAndGet(143)) - b88b3e43-5534-49b3-b3f2-a9f154b450de: start FollowerState
2019-10-21 23:46:49,081 [Thread-1638] INFO  impl.FollowerState (FollowerState.java:run(108)) - b88b3e43-5534-49b3-b3f2-a9f154b450de@group-2FABE92B7E5B-FollowerState: change to CANDIDATE, lastRpcTime:131ms, electionTimeout:131ms
2019-10-21 23:46:49,082 [Thread-1638] INFO  impl.RoleInfo (RoleInfo.java:shutdownFollowerState(121)) - b88b3e43-5534-49b3-b3f2-a9f154b450de: shutdown FollowerState
2019-10-21 23:46:49,082 [Thread-1638] INFO  impl.RaftServerImpl (RaftServerImpl.java:setRole(184)) - b88b3e43-5534-49b3-b3f2-a9f154b450de@group-2FABE92B7E5B: changes role from  FOLLOWER to CANDIDATE at term 226 for changeToCandidate
2019-10-21 23:46:49,082 [Thread-1638] INFO  impl.RoleInfo (RoleInfo.java:updateAndGet(143)) - b88b3e43-5534-49b3-b3f2-a9f154b450de: start LeaderElection
2019-10-21 23:46:49,096 [b88b3e43-5534-49b3-b3f2-a9f154b450de@group-2FABE92B7E5B-LeaderElection221] INFO  impl.LeaderElection (LeaderElection.java:askForVotes(178)) - b88b3e43-5534-49b3-b3f2-a9f154b450de@group-2FABE92B7E5B-LeaderElection221: begin an election at term 227 for -1: [c58a0a02-acd3-47c8-b3e9-5b8e0493de45:192.168.157.254:33611, 1360619e-ba1e-4bf9-aec1-9f15b5480b27:192.168.157.254:45658, b88b3e43-5534-49b3-b3f2-a9f154b450de:192.168.157.254:46786], old=null
2019-10-21 23:46:49,099 [grpc-default-executor-0] INFO  impl.RaftServerImpl (RaftServerImpl.java:setRole(184)) - c58a0a02-acd3-47c8-b3e9-5b8e0493de45@group-2FABE92B7E5B: changes role from  FOLLOWER to FOLLOWER at term 227 for recognizeCandidate:b88b3e43-5534-49b3-b3f2-a9f154b450de
2019-10-21 23:46:49,099 [grpc-default-executor-2] INFO  impl.RaftServerImpl (RaftServerImpl.java:setRole(184)) - 1360619e-ba1e-4bf9-aec1-9f15b5480b27@group-2FABE92B7E5B: changes role from  FOLLOWER to FOLLOWER at term 227 for recognizeCandidate:b88b3e43-5534-49b3-b3f2-a9f154b450de
2019-10-21 23:46:49,099 [grpc-default-executor-0] INFO  impl.RoleInfo (RoleInfo.java:shutdownFollowerState(121)) - c58a0a02-acd3-47c8-b3e9-5b8e0493de45: shutdown FollowerState
2019-10-21 23:46:49,099 [grpc-default-executor-2] INFO  impl.RoleInfo (RoleInfo.java:shutdownFollowerState(121)) - 1360619e-ba1e-4bf9-aec1-9f15b5480b27: shutdown FollowerState
2019-10-21 23:46:49,099 [Thread-1637] INFO  impl.FollowerState (FollowerState.java:run(117)) - c58a0a02-acd3-47c8-b3e9-5b8e0493de45@group-2FABE92B7E5B-FollowerState was interrupted: java.lang.InterruptedException: sleep interrupted
2019-10-21 23:46:49,099 [grpc-default-executor-0] INFO  impl.RoleInfo (RoleInfo.java:updateAndGet(143)) - c58a0a02-acd3-47c8-b3e9-5b8e0493de45: start FollowerState
2019-10-21 23:46:49,100 [grpc-default-executor-2] INFO  impl.RoleInfo (RoleInfo.java:updateAndGet(143)) - 1360619e-ba1e-4bf9-aec1-9f15b5480b27: start FollowerState
2019-10-21 23:46:49,100 [Thread-1636] INFO  impl.FollowerState (FollowerState.java:run(117)) - 1360619e-ba1e-4bf9-aec1-9f15b5480b27@group-2FABE92B7E5B-FollowerState was interrupted: java.lang.InterruptedException: sleep interrupted
2019-10-21 23:46:49,115 [b88b3e43-5534-49b3-b3f2-a9f154b450de@group-2FABE92B7E5B-LeaderElection221] INFO  impl.LeaderElection (LeaderElection.java:logAndReturn(56)) - b88b3e43-5534-49b3-b3f2-a9f154b450de@group-2FABE92B7E5B-LeaderElection221: Election REJECTED; received 2 response(s) [b88b3e43-5534-49b3-b3f2-a9f154b450de<-c58a0a02-acd3-47c8-b3e9-5b8e0493de45#0:FAIL-t227, b88b3e43-5534-49b3-b3f2-a9f154b450de<-1360619e-ba1e-4bf9-aec1-9f15b5480b27#0:FAIL-t227] and 0 exception(s); b88b3e43-5534-49b3-b3f2-a9f154b450de@group-2FABE92B7E5B:t227, leader=null, voted=b88b3e43-5534-49b3-b3f2-a9f154b450de, raftlog=b88b3e43-5534-49b3-b3f2-a9f154b450de@group-2FABE92B7E5B-SegmentedRaftLog:OPENED:c-1,f-1,i0, conf=-1: [c58a0a02-acd3-47c8-b3e9-5b8e0493de45:192.168.157.254:33611, 1360619e-ba1e-4bf9-aec1-9f15b5480b27:192.168.157.254:45658, b88b3e43-5534-49b3-b3f2-a9f154b450de:192.168.157.254:46786], old=null
2019-10-21 23:46:49,115 [b88b3e43-5534-49b3-b3f2-a9f154b450de@group-2FABE92B7E5B-LeaderElection221] INFO  impl.RaftServerImpl (RaftServerImpl.java:setRole(184)) - b88b3e43-5534-49b3-b3f2-a9f154b450de@group-2FABE92B7E5B: changes role from CANDIDATE to FOLLOWER at term 227 for DISCOVERED_A_NEW_TERM
2019-10-21 23:46:49,116 [b88b3e43-5534-49b3-b3f2-a9f154b450de@group-2FABE92B7E5B-LeaderElection221] INFO  impl.RoleInfo (RoleInfo.java:shutdownLeaderElection(134)) - b88b3e43-5534-49b3-b3f2-a9f154b450de: shutdown LeaderElection
2019-10-21 23:46:49,116 [b88b3e43-5534-49b3-b3f2-a9f154b450de@group-2FABE92B7E5B-LeaderElection221] INFO  impl.RoleInfo (RoleInfo.java:updateAndGet(143)) - b88b3e43-5534-49b3-b3f2-a9f154b450de: start FollowerState
2019-10-21 23:46:49,250 [Thread-1646] INFO  impl.FollowerState (FollowerState.java:run(108)) - b88b3e43-5534-49b3-b3f2-a9f154b450de@group-2FABE92B7E5B-FollowerState: change to CANDIDATE, lastRpcTime:134ms, electionTimeout:134ms
2019-10-21 23:46:49,250 [Thread-1646] INFO  impl.RoleInfo (RoleInfo.java:shutdownFollowerState(121)) - b88b3e43-5534-49b3-b3f2-a9f154b450de: shutdown FollowerState
2019-10-21 23:46:49,251 [Thread-1646] INFO  impl.RaftServerImpl (RaftServerImpl.java:setRole(184)) - b88b3e43-5534-49b3-b3f2-a9f154b450de@group-2FABE92B7E5B: changes role from  FOLLOWER to CANDIDATE at term 227 for changeToCandidate
2019-10-21 23:46:49,251 [Thread-1646] INFO  impl.RoleInfo (RoleInfo.java:updateAndGet(143)) - b88b3e43-5534-49b3-b3f2-a9f154b450de: start LeaderElection
2019-10-21 23:46:49,264 [b88b3e43-5534-49b3-b3f2-a9f154b450de@group-2FABE92B7E5B-LeaderElection222] INFO  impl.LeaderElection (LeaderElection.java:askForVotes(178)) - b88b3e43-5534-49b3-b3f2-a9f154b450de@group-2FABE92B7E5B-LeaderElection222: begin an election at term 228 for -1: [c58a0a02-acd3-47c8-b3e9-5b8e0493de45:192.168.157.254:33611, 1360619e-ba1e-4bf9-aec1-9f15b5480b27:192.168.157.254:45658, b88b3e43-5534-49b3-b3f2-a9f154b450de:192.168.157.254:46786], old=null
2019-10-21 23:46:49,267 [grpc-default-executor-0] INFO  impl.RaftServerImpl (RaftServerImpl.java:setRole(184)) - c58a0a02-acd3-47c8-b3e9-5b8e0493de45@group-2FABE92B7E5B: changes role from  FOLLOWER to FOLLOWER at term 228 for recognizeCandidate:b88b3e43-5534-49b3-b3f2-a9f154b450de
2019-10-21 23:46:49,267 [grpc-default-executor-2] INFO  impl.RaftServerImpl (RaftServerImpl.java:setRole(184)) - 1360619e-ba1e-4bf9-aec1-9f15b5480b27@group-2FABE92B7E5B: changes role from  FOLLOWER to FOLLOWER at term 228 for recognizeCandidate:b88b3e43-5534-49b3-b3f2-a9f154b450de
2019-10-21 23:46:49,267 [grpc-default-executor-0] INFO  impl.RoleInfo (RoleInfo.java:shutdownFollowerState(121)) - c58a0a02-acd3-47c8-b3e9-5b8e0493de45: shutdown FollowerState
2019-10-21 23:46:49,267 [grpc-default-executor-2] INFO  impl.RoleInfo (RoleInfo.java:shutdownFollowerState(121)) - 1360619e-ba1e-4bf9-aec1-9f15b5480b27: shutdown FollowerState
2019-10-21 23:46:49,267 [Thread-1644] INFO  impl.FollowerState (FollowerState.java:run(117)) - c58a0a02-acd3-47c8-b3e9-5b8e0493de45@group-2FABE92B7E5B-FollowerState was interrupted: java.lang.InterruptedException: sleep interrupted
2019-10-21 23:46:49,267 [grpc-default-executor-0] INFO  impl.RoleInfo (RoleInfo.java:updateAndGet(143)) - c58a0a02-acd3-47c8-b3e9-5b8e0493de45: start FollowerState
2019-10-21 23:46:49,267 [Thread-1645] INFO  impl.FollowerState (FollowerState.java:run(117)) - 1360619e-ba1e-4bf9-aec1-9f15b5480b27@group-2FABE92B7E5B-FollowerState was interrupted: java.lang.InterruptedException: sleep interrupted
2019-10-21 23:46:49,267 [grpc-default-executor-2] INFO  impl.RoleInfo (RoleInfo.java:updateAndGet(143)) - 1360619e-ba1e-4bf9-aec1-9f15b5480b27: start FollowerState
2019-10-21 23:46:49,282 [b88b3e43-5534-49b3-b3f2-a9f154b450de@group-2FABE92B7E5B-LeaderElection222] INFO  impl.LeaderElection (LeaderElection.java:logAndReturn(56)) - b88b3e43-5534-49b3-b3f2-a9f154b450de@group-2FABE92B7E5B-LeaderElection222: Election REJECTED; received 2 response(s) [b88b3e43-5534-49b3-b3f2-a9f154b450de<-c58a0a02-acd3-47c8-b3e9-5b8e0493de45#0:FAIL-t228, b88b3e43-5534-49b3-b3f2-a9f154b450de<-1360619e-ba1e-4bf9-aec1-9f15b5480b27#0:FAIL-t228] and 0 exception(s); b88b3e43-5534-49b3-b3f2-a9f154b450de@group-2FABE92B7E5B:t228, leader=null, voted=b88b3e43-5534-49b3-b3f2-a9f154b450de, raftlog=b88b3e43-5534-49b3-b3f2-a9f154b450de@group-2FABE92B7E5B-SegmentedRaftLog:OPENED:c-1,f-1,i0, conf=-1: [c58a0a02-acd3-47c8-b3e9-5b8e0493de45:192.168.157.254:33611, 1360619e-ba1e-4bf9-aec1-9f15b5480b27:192.168.157.254:45658, b88b3e43-5534-49b3-b3f2-a9f154b450de:192.168.157.254:46786], old=null
2019-10-21 23:46:49,282 [b88b3e43-5534-49b3-b3f2-a9f154b450de@group-2FABE92B7E5B-LeaderElection222] INFO  impl.RaftServerImpl (RaftServerImpl.java:setRole(184)) - b88b3e43-5534-49b3-b3f2-a9f154b450de@group-2FABE92B7E5B: changes role from CANDIDATE to FOLLOWER at term 228 for DISCOVERED_A_NEW_TERM
2019-10-21 23:46:49,282 [b88b3e43-5534-49b3-b3f2-a9f154b450de@group-2FABE92B7E5B-LeaderElection222] INFO  impl.RoleInfo (RoleInfo.java:shutdownLeaderElection(134)) - b88b3e43-5534-49b3-b3f2-a9f154b450de: shutdown LeaderElection
2019-10-21 23:46:49,282 [b88b3e43-5534-49b3-b3f2-a9f154b450de@group-2FABE92B7E5B-LeaderElection222] INFO  impl.RoleInfo (RoleInfo.java:updateAndGet(143)) - b88b3e43-5534-49b3-b3f2-a9f154b450de: start FollowerState
2019-10-21 23:46:49,346 [Thread-1652] INFO  impl.FollowerState (FollowerState.java:run(108)) - b88b3e43-5534-49b3-b3f2-a9f154b450de@group-2FABE92B7E5B-FollowerState: change to CANDIDATE, lastRpcTime:64ms, electionTimeout:64ms
2019-10-21 23:46:49,346 [Thread-1652] INFO  impl.RoleInfo (RoleInfo.java:shutdownFollowerState(121)) - b88b3e43-5534-49b3-b3f2-a9f154b450de: shutdown FollowerState
2019-10-21 23:46:49,347 [Thread-1652] INFO  impl.RaftServerImpl (RaftServerImpl.java:setRole(184)) - b88b3e43-5534-49b3-b3f2-a9f154b450de@group-2FABE92B7E5B: changes role from  FOLLOWER to CANDIDATE at term 228 for changeToCandidate
2019-10-21 23:46:49,347 [Thread-1652] INFO  impl.RoleInfo (RoleInfo.java:updateAndGet(143)) - b88b3e43-5534-49b3-b3f2-a9f154b450de: start LeaderElection
2019-10-21 23:46:49,360 [b88b3e43-5534-49b3-b3f2-a9f154b450de@group-2FABE92B7E5B-LeaderElection223] INFO  impl.LeaderElection (LeaderElection.java:askForVotes(178)) - b88b3e43-5534-49b3-b3f2-a9f154b450de@group-2FABE92B7E5B-LeaderElection223: begin an election at term 229 for -1: [c58a0a02-acd3-47c8-b3e9-5b8e0493de45:192.168.157.254:33611, 1360619e-ba1e-4bf9-aec1-9f15b5480b27:192.168.157.254:45658, b88b3e43-5534-49b3-b3f2-a9f154b450de:192.168.157.254:46786], old=null
2019-10-21 23:46:49,362 [grpc-default-executor-0] INFO  impl.RaftServerImpl (RaftServerImpl.java:setRole(184)) - 1360619e-ba1e-4bf9-aec1-9f15b5480b27@group-2FABE92B7E5B: changes role from  FOLLOWER to FOLLOWER at term 229 for recognizeCandidate:b88b3e43-5534-49b3-b3f2-a9f154b450de
2019-10-21 23:46:49,362 [grpc-default-executor-2] INFO  impl.RaftServerImpl (RaftServerImpl.java:setRole(184)) - c58a0a02-acd3-47c8-b3e9-5b8e0493de45@group-2FABE92B7E5B: changes role from  FOLLOWER to FOLLOWER at term 229 for recognizeCandidate:b88b3e43-5534-49b3-b3f2-a9f154b450de
2019-10-21 23:46:49,362 [grpc-default-executor-2] INFO  impl.RoleInfo (RoleInfo.java:shutdownFollowerState(121)) - c58a0a02-acd3-47c8-b3e9-5b8e0493de45: shutdown FollowerState
2019-10-21 23:46:49,362 [grpc-default-executor-0] INFO  impl.RoleInfo (RoleInfo.java:shutdownFollowerState(121)) - 1360619e-ba1e-4bf9-aec1-9f15b5480b27: shutdown FollowerState
2019-10-21 23:46:49,363 [Thread-1650] INFO  impl.FollowerState (FollowerState.java:run(117)) - c58a0a02-acd3-47c8-b3e9-5b8e0493de45@group-2FABE92B7E5B-FollowerState was interrupted: java.lang.InterruptedException: sleep interrupted
2019-10-21 23:46:49,363 [grpc-default-executor-2] INFO  impl.RoleInfo (RoleInfo.java:updateAndGet(143)) - c58a0a02-acd3-47c8-b3e9-5b8e0493de45: start FollowerState
2019-10-21 23:46:49,363 [Thread-1651] INFO  impl.FollowerState (FollowerState.java:run(117)) - 1360619e-ba1e-4bf9-aec1-9f15b5480b27@group-2FABE92B7E5B-FollowerState was interrupted: java.lang.InterruptedException: sleep interrupted
2019-10-21 23:46:49,363 [grpc-default-executor-0] INFO  impl.RoleInfo (RoleInfo.java:updateAndGet(143)) - 1360619e-ba1e-4bf9-aec1-9f15b5480b27: start FollowerState
2019-10-21 23:46:49,382 [b88b3e43-5534-49b3-b3f2-a9f154b450de@group-2FABE92B7E5B-LeaderElection223] INFO  impl.LeaderElection (LeaderElection.java:logAndReturn(56)) - b88b3e43-5534-49b3-b3f2-a9f154b450de@group-2FABE92B7E5B-LeaderElection223: Election REJECTED; received 2 response(s) [b88b3e43-5534-49b3-b3f2-a9f154b450de<-c58a0a02-acd3-47c8-b3e9-5b8e0493de45#0:FAIL-t229, b88b3e43-5534-49b3-b3f2-a9f154b450de<-1360619e-ba1e-4bf9-aec1-9f15b5480b27#0:FAIL-t229] and 0 exception(s); b88b3e43-5534-49b3-b3f2-a9f154b450de@group-2FABE92B7E5B:t229, leader=null, voted=b88b3e43-5534-49b3-b3f2-a9f154b450de, raftlog=b88b3e43-5534-49b3-b3f2-a9f154b450de@group-2FABE92B7E5B-SegmentedRaftLog:OPENED:c-1,f-1,i0, conf=-1: [c58a0a02-acd3-47c8-b3e9-5b8e0493de45:192.168.157.254:33611, 1360619e-ba1e-4bf9-aec1-9f15b5480b27:192.168.157.254:45658, b88b3e43-5534-49b3-b3f2-a9f154b450de:192.168.157.254:46786], old=null
2019-10-21 23:46:49,382 [b88b3e43-5534-49b3-b3f2-a9f154b450de@group-2FABE92B7E5B-LeaderElection223] INFO  impl.RaftServerImpl (RaftServerImpl.java:setRole(184)) - b88b3e43-5534-49b3-b3f2-a9f154b450de@group-2FABE92B7E5B: changes role from CANDIDATE to FOLLOWER at term 229 for DISCOVERED_A_NEW_TERM
2019-10-21 23:46:49,382 [b88b3e43-5534-49b3-b3f2-a9f154b450de@group-2FABE92B7E5B-LeaderElection223] INFO  impl.RoleInfo (RoleInfo.java:shutdownLeaderElection(134)) - b88b3e43-5534-49b3-b3f2-a9f154b450de: shutdown LeaderElection
2019-10-21 23:46:49,383 [b88b3e43-5534-49b3-b3f2-a9f154b450de@group-2FABE92B7E5B-LeaderElection223] INFO  impl.RoleInfo (RoleInfo.java:updateAndGet(143)) - b88b3e43-5534-49b3-b3f2-a9f154b450de: start FollowerState
2019-10-21 23:46:49,583 [Thread-1658] INFO  impl.FollowerState (FollowerState.java:run(108)) - b88b3e43-5534-49b3-b3f2-a9f154b450de@group-2FABE92B7E5B-FollowerState: change to CANDIDATE, lastRpcTime:200ms, electionTimeout:200ms
2019-10-21 23:46:49,583 [Thread-1658] INFO  impl.RoleInfo (RoleInfo.java:shutdownFollowerState(121)) - b88b3e43-5534-49b3-b3f2-a9f154b450de: shutdown FollowerState
2019-10-21 23:46:49,583 [Thread-1658] INFO  impl.RaftServerImpl (RaftServerImpl.java:setRole(184)) - b88b3e43-5534-49b3-b3f2-a9f154b450de@group-2FABE92B7E5B: changes role from  FOLLOWER to CANDIDATE at term 229 for changeToCandidate
2019-10-21 23:46:49,583 [Thread-1658] INFO  impl.RoleInfo (RoleInfo.java:updateAndGet(143)) - b88b3e43-5534-49b3-b3f2-a9f154b450de: start LeaderElection
2019-10-21 23:46:49,598 [b88b3e43-5534-49b3-b3f2-a9f154b450de@group-2FABE92B7E5B-LeaderElection224] INFO  impl.LeaderElection (LeaderElection.java:askForVotes(178)) - b88b3e43-5534-49b3-b3f2-a9f154b450de@group-2FABE92B7E5B-LeaderElection224: begin an election at term 230 for -1: [c58a0a02-acd3-47c8-b3e9-5b8e0493de45:192.168.157.254:33611, 1360619e-ba1e-4bf9-aec1-9f15b5480b27:192.168.157.254:45658, b88b3e43-5534-49b3-b3f2-a9f154b450de:192.168.157.254:46786], old=null
2019-10-21 23:46:49,601 [grpc-default-executor-0] INFO  impl.RaftServerImpl (RaftServerImpl.java:setRole(184)) - 1360619e-ba1e-4bf9-aec1-9f15b5480b27@group-2FABE92B7E5B: changes role from  FOLLOWER to FOLLOWER at term 230 for recognizeCandidate:b88b3e43-5534-49b3-b3f2-a9f154b450de
2019-10-21 23:46:49,601 [grpc-default-executor-2] INFO  impl.RaftServerImpl (RaftServerImpl.java:setRole(184)) - c58a0a02-acd3-47c8-b3e9-5b8e0493de45@group-2FABE92B7E5B: changes role from  FOLLOWER to FOLLOWER at term 230 for recognizeCandidate:b88b3e43-5534-49b3-b3f2-a9f154b450de
2019-10-21 23:46:49,601 [grpc-default-executor-0] INFO  impl.RoleInfo (RoleInfo.java:shutdownFollowerState(121)) - 1360619e-ba1e-4bf9-aec1-9f15b5480b27: shutdown FollowerState
2019-10-21 23:46:49,601 [grpc-default-executor-2] INFO  impl.RoleInfo (RoleInfo.java:shutdownFollowerState(121)) - c58a0a02-acd3-47c8-b3e9-5b8e0493de45: shutdown FollowerState
2019-10-21 23:46:49,601 [Thread-1657] INFO  impl.FollowerState (FollowerState.java:run(117)) - 1360619e-ba1e-4bf9-aec1-9f15b5480b27@group-2FABE92B7E5B-FollowerState was interrupted: java.lang.InterruptedException: sleep interrupted
2019-10-21 23:46:49,601 [grpc-default-executor-0] INFO  impl.RoleInfo (RoleInfo.java:updateAndGet(143)) - 1360619e-ba1e-4bf9-aec1-9f15b5480b27: start FollowerState
2019-10-21 23:46:49,601 [Thread-1656] INFO  impl.FollowerState (FollowerState.java:run(117)) - c58a0a02-acd3-47c8-b3e9-5b8e0493de45@group-2FABE92B7E5B-FollowerState was interrupted: java.lang.InterruptedException: sleep interrupted
2019-10-21 23:46:49,601 [grpc-default-executor-2] INFO  impl.RoleInfo (RoleInfo.java:updateAndGet(143)) - c58a0a02-acd3-47c8-b3e9-5b8e0493de45: start FollowerState
2019-10-21 23:46:49,617 [b88b3e43-5534-49b3-b3f2-a9f154b450de@group-2FABE92B7E5B-LeaderElection224] INFO  impl.LeaderElection (LeaderElection.java:logAndReturn(56)) - b88b3e43-5534-49b3-b3f2-a9f154b450de@group-2FABE92B7E5B-LeaderElection224: Election REJECTED; received 2 response(s) [b88b3e43-5534-49b3-b3f2-a9f154b450de<-c58a0a02-acd3-47c8-b3e9-5b8e0493de45#0:FAIL-t230, b88b3e43-5534-49b3-b3f2-a9f154b450de<-1360619e-ba1e-4bf9-aec1-9f15b5480b27#0:FAIL-t230] and 0 exception(s); b88b3e43-5534-49b3-b3f2-a9f154b450de@group-2FABE92B7E5B:t230, leader=null, voted=b88b3e43-5534-49b3-b3f2-a9f154b450de, raftlog=b88b3e43-5534-49b3-b3f2-a9f154b450de@group-2FABE92B7E5B-SegmentedRaftLog:OPENED:c-1,f-1,i0, conf=-1: [c58a0a02-acd3-47c8-b3e9-5b8e0493de45:192.168.157.254:33611, 1360619e-ba1e-4bf9-aec1-9f15b5480b27:192.168.157.254:45658, b88b3e43-5534-49b3-b3f2-a9f154b450de:192.168.157.254:46786], old=null
2019-10-21 23:46:49,617 [b88b3e43-5534-49b3-b3f2-a9f154b450de@group-2FABE92B7E5B-LeaderElection224] INFO  impl.RaftServerImpl (RaftServerImpl.java:setRole(184)) - b88b3e43-5534-49b3-b3f2-a9f154b450de@group-2FABE92B7E5B: changes role from CANDIDATE to FOLLOWER at term 230 for DISCOVERED_A_NEW_TERM
2019-10-21 23:46:49,617 [b88b3e43-5534-49b3-b3f2-a9f154b450de@group-2FABE92B7E5B-LeaderElection224] INFO  impl.RoleInfo (RoleInfo.java:shutdownLeaderElection(134)) - b88b3e43-5534-49b3-b3f2-a9f154b450de: shutdown LeaderElection
2019-10-21 23:46:49,617 [b88b3e43-5534-49b3-b3f2-a9f154b450de@group-2FABE92B7E5B-LeaderElection224] INFO  impl.RoleInfo (RoleInfo.java:updateAndGet(143)) - b88b3e43-5534-49b3-b3f2-a9f154b450de: start FollowerState
2019-10-21 23:46:49,655 [Thread-1664] INFO  impl.FollowerState (FollowerState.java:run(108)) - b88b3e43-5534-49b3-b3f2-a9f154b450de@group-2FABE92B7E5B-FollowerState: change to CANDIDATE, lastRpcTime:37ms, electionTimeout:37ms
2019-10-21 23:46:49,655 [Thread-1664] INFO  impl.RoleInfo (RoleInfo.java:shutdownFollowerState(121)) - b88b3e43-5534-49b3-b3f2-a9f154b450de: shutdown FollowerState
2019-10-21 23:46:49,655 [Thread-1664] INFO  impl.RaftServerImpl (RaftServerImpl.java:setRole(184)) - b88b3e43-5534-49b3-b3f2-a9f154b450de@group-2FABE92B7E5B: changes role from  FOLLOWER to CANDIDATE at term 230 for changeToCandidate
2019-10-21 23:46:49,655 [Thread-1664] INFO  impl.RoleInfo (RoleInfo.java:updateAndGet(143)) - b88b3e43-5534-49b3-b3f2-a9f154b450de: start LeaderElection
2019-10-21 23:46:49,669 [b88b3e43-5534-49b3-b3f2-a9f154b450de@group-2FABE92B7E5B-LeaderElection225] INFO  impl.LeaderElection (LeaderElection.java:askForVotes(178)) - b88b3e43-5534-49b3-b3f2-a9f154b450de@group-2FABE92B7E5B-LeaderElection225: begin an election at term 231 for -1: [c58a0a02-acd3-47c8-b3e9-5b8e0493de45:192.168.157.254:33611, 1360619e-ba1e-4bf9-aec1-9f15b5480b27:192.168.157.254:45658, b88b3e43-5534-49b3-b3f2-a9f154b450de:192.168.157.254:46786], old=null
2019-10-21 23:46:49,671 [grpc-default-executor-2] INFO  impl.RaftServerImpl (RaftServerImpl.java:setRole(184)) - c58a0a02-acd3-47c8-b3e9-5b8e0493de45@group-2FABE92B7E5B: changes role from  FOLLOWER to FOLLOWER at term 231 for recognizeCandidate:b88b3e43-5534-49b3-b3f2-a9f154b450de
2019-10-21 23:46:49,671 [grpc-default-executor-0] INFO  impl.RaftServerImpl (RaftServerImpl.java:setRole(184)) - 1360619e-ba1e-4bf9-aec1-9f15b5480b27@group-2FABE92B7E5B: changes role from  FOLLOWER to FOLLOWER at term 231 for recognizeCandidate:b88b3e43-5534-49b3-b3f2-a9f154b450de
2019-10-21 23:46:49,671 [grpc-default-executor-0] INFO  impl.RoleInfo (RoleInfo.java:shutdownFollowerState(121)) - 1360619e-ba1e-4bf9-aec1-9f15b5480b27: shutdown FollowerState
2019-10-21 23:46:49,671 [grpc-default-executor-2] INFO  impl.RoleInfo (RoleInfo.java:shutdownFollowerState(121)) - c58a0a02-acd3-47c8-b3e9-5b8e0493de45: shutdown FollowerState
2019-10-21 23:46:49,671 [Thread-1662] INFO  impl.FollowerState (FollowerState.java:run(117)) - 1360619e-ba1e-4bf9-aec1-9f15b5480b27@group-2FABE92B7E5B-FollowerState was interrupted: java.lang.InterruptedException: sleep interrupted
2019-10-21 23:46:49,671 [grpc-default-executor-0] INFO  impl.RoleInfo (RoleInfo.java:updateAndGet(143)) - 1360619e-ba1e-4bf9-aec1-9f15b5480b27: start FollowerState
2019-10-21 23:46:49,671 [Thread-1663] INFO  impl.FollowerState (FollowerState.java:run(117)) - c58a0a02-acd3-47c8-b3e9-5b8e0493de45@group-2FABE92B7E5B-FollowerState was interrupted: java.lang.InterruptedException: sleep interrupted
2019-10-21 23:46:49,671 [grpc-default-executor-2] INFO  impl.RoleInfo (RoleInfo.java:updateAndGet(143)) - c58a0a02-acd3-47c8-b3e9-5b8e0493de45: start FollowerState
2019-10-21 23:46:49,685 [b88b3e43-5534-49b3-b3f2-a9f154b450de@group-2FABE92B7E5B-LeaderElection225] INFO  impl.LeaderElection (LeaderElection.java:logAndReturn(56)) - b88b3e43-5534-49b3-b3f2-a9f154b450de@group-2FABE92B7E5B-LeaderElection225: Election REJECTED; received 2 response(s) [b88b3e43-5534-49b3-b3f2-a9f154b450de<-c58a0a02-acd3-47c8-b3e9-5b8e0493de45#0:FAIL-t231, b88b3e43-5534-49b3-b3f2-a9f154b450de<-1360619e-ba1e-4bf9-aec1-9f15b5480b27#0:FAIL-t231] and 0 exception(s); b88b3e43-5534-49b3-b3f2-a9f154b450de@group-2FABE92B7E5B:t231, leader=null, voted=b88b3e43-5534-49b3-b3f2-a9f154b450de, raftlog=b88b3e43-5534-49b3-b3f2-a9f154b450de@group-2FABE92B7E5B-SegmentedRaftLog:OPENED:c-1,f-1,i0, conf=-1: [c58a0a02-acd3-47c8-b3e9-5b8e0493de45:192.168.157.254:33611, 1360619e-ba1e-4bf9-aec1-9f15b5480b27:192.168.157.254:45658, b88b3e43-5534-49b3-b3f2-a9f154b450de:192.168.157.254:46786], old=null
2019-10-21 23:46:49,685 [b88b3e43-5534-49b3-b3f2-a9f154b450de@group-2FABE92B7E5B-LeaderElection225] INFO  impl.RaftServerImpl (RaftServerImpl.java:setRole(184)) - b88b3e43-5534-49b3-b3f2-a9f154b450de@group-2FABE92B7E5B: changes role from CANDIDATE to FOLLOWER at term 231 for DISCOVERED_A_NEW_TERM
2019-10-21 23:46:49,685 [b88b3e43-5534-49b3-b3f2-a9f154b450de@group-2FABE92B7E5B-LeaderElection225] INFO  impl.RoleInfo (RoleInfo.java:shutdownLeaderElection(134)) - b88b3e43-5534-49b3-b3f2-a9f154b450de: shutdown LeaderElection
2019-10-21 23:46:49,685 [b88b3e43-5534-49b3-b3f2-a9f154b450de@group-2FABE92B7E5B-LeaderElection225] INFO  impl.RoleInfo (RoleInfo.java:updateAndGet(143)) - b88b3e43-5534-49b3-b3f2-a9f154b450de: start FollowerState
2019-10-21 23:46:49,872 [Thread-1670] INFO  impl.FollowerState (FollowerState.java:run(108)) - b88b3e43-5534-49b3-b3f2-a9f154b450de@group-2FABE92B7E5B-FollowerState: change to CANDIDATE, lastRpcTime:186ms, electionTimeout:186ms
2019-10-21 23:46:49,872 [Thread-1670] INFO  impl.RoleInfo (RoleInfo.java:shutdownFollowerState(121)) - b88b3e43-5534-49b3-b3f2-a9f154b450de: shutdown FollowerState
2019-10-21 23:46:49,872 [Thread-1670] INFO  impl.RaftServerImpl (RaftServerImpl.java:setRole(184)) - b88b3e43-5534-49b3-b3f2-a9f154b450de@group-2FABE92B7E5B: changes role from  FOLLOWER to CANDIDATE at term 231 for changeToCandidate
2019-10-21 23:46:49,872 [Thread-1670] INFO  impl.RoleInfo (RoleInfo.java:updateAndGet(143)) - b88b3e43-5534-49b3-b3f2-a9f154b450de: start LeaderElection
2019-10-21 23:46:49,885 [b88b3e43-5534-49b3-b3f2-a9f154b450de@group-2FABE92B7E5B-LeaderElection226] INFO  impl.LeaderElection (LeaderElection.java:askForVotes(178)) - b88b3e43-5534-49b3-b3f2-a9f154b450de@group-2FABE92B7E5B-LeaderElection226: begin an election at term 232 for -1: [c58a0a02-acd3-47c8-b3e9-5b8e0493de45:192.168.157.254:33611, 1360619e-ba1e-4bf9-aec1-9f15b5480b27:192.168.157.254:45658, b88b3e43-5534-49b3-b3f2-a9f154b450de:192.168.157.254:46786], old=null
2019-10-21 23:46:49,887 [grpc-default-executor-2] INFO  impl.RaftServerImpl (RaftServerImpl.java:setRole(184)) - 1360619e-ba1e-4bf9-aec1-9f15b5480b27@group-2FABE92B7E5B: changes role from  FOLLOWER to FOLLOWER at term 232 for recognizeCandidate:b88b3e43-5534-49b3-b3f2-a9f154b450de
2019-10-21 23:46:49,887 [grpc-default-executor-2] INFO  impl.RoleInfo (RoleInfo.java:shutdownFollowerState(121)) - 1360619e-ba1e-4bf9-aec1-9f15b5480b27: shutdown FollowerState
2019-10-21 23:46:49,887 [grpc-default-executor-2] INFO  impl.RoleInfo (RoleInfo.java:updateAndGet(143)) - 1360619e-ba1e-4bf9-aec1-9f15b5480b27: start FollowerState
2019-10-21 23:46:49,887 [grpc-default-executor-0] INFO  impl.RaftServerImpl (RaftServerImpl.java:setRole(184)) - c58a0a02-acd3-47c8-b3e9-5b8e0493de45@group-2FABE92B7E5B: changes role from  FOLLOWER to FOLLOWER at term 232 for recognizeCandidate:b88b3e43-5534-49b3-b3f2-a9f154b450de
2019-10-21 23:46:49,887 [Thread-1668] INFO  impl.FollowerState (FollowerState.java:run(117)) - 1360619e-ba1e-4bf9-aec1-9f15b5480b27@group-2FABE92B7E5B-FollowerState was interrupted: java.lang.InterruptedException: sleep interrupted
2019-10-21 23:46:49,888 [grpc-default-executor-0] INFO  impl.RoleInfo (RoleInfo.java:shutdownFollowerState(121)) - c58a0a02-acd3-47c8-b3e9-5b8e0493de45: shutdown FollowerState
2019-10-21 23:46:49,888 [grpc-default-executor-0] INFO  impl.RoleInfo (RoleInfo.java:updateAndGet(143)) - c58a0a02-acd3-47c8-b3e9-5b8e0493de45: start FollowerState
2019-10-21 23:46:49,888 [Thread-1669] INFO  impl.FollowerState (FollowerState.java:run(117)) - c58a0a02-acd3-47c8-b3e9-5b8e0493de45@group-2FABE92B7E5B-FollowerState was interrupted: java.lang.InterruptedException: sleep interrupted
2019-10-21 23:46:49,904 [b88b3e43-5534-49b3-b3f2-a9f154b450de@group-2FABE92B7E5B-LeaderElection226] INFO  impl.LeaderElection (LeaderElection.java:logAndReturn(56)) - b88b3e43-5534-49b3-b3f2-a9f154b450de@group-2FABE92B7E5B-LeaderElection226: Election REJECTED; received 2 response(s) [b88b3e43-5534-49b3-b3f2-a9f154b450de<-c58a0a02-acd3-47c8-b3e9-5b8e0493de45#0:FAIL-t232, b88b3e43-5534-49b3-b3f2-a9f154b450de<-1360619e-ba1e-4bf9-aec1-9f15b5480b27#0:FAIL-t232] and 0 exception(s); b88b3e43-5534-49b3-b3f2-a9f154b450de@group-2FABE92B7E5B:t232, leader=null, voted=b88b3e43-5534-49b3-b3f2-a9f154b450de, raftlog=b88b3e43-5534-49b3-b3f2-a9f154b450de@group-2FABE92B7E5B-SegmentedRaftLog:OPENED:c-1,f-1,i0, conf=-1: [c58a0a02-acd3-47c8-b3e9-5b8e0493de45:192.168.157.254:33611, 1360619e-ba1e-4bf9-aec1-9f15b5480b27:192.168.157.254:45658, b88b3e43-5534-49b3-b3f2-a9f154b450de:192.168.157.254:46786], old=null
2019-10-21 23:46:49,904 [b88b3e43-5534-49b3-b3f2-a9f154b450de@group-2FABE92B7E5B-LeaderElection226] INFO  impl.RaftServerImpl (RaftServerImpl.java:setRole(184)) - b88b3e43-5534-49b3-b3f2-a9f154b450de@group-2FABE92B7E5B: changes role from CANDIDATE to FOLLOWER at term 232 for DISCOVERED_A_NEW_TERM
2019-10-21 23:46:49,904 [b88b3e43-5534-49b3-b3f2-a9f154b450de@group-2FABE92B7E5B-LeaderElection226] INFO  impl.RoleInfo (RoleInfo.java:shutdownLeaderElection(134)) - b88b3e43-5534-49b3-b3f2-a9f154b450de: shutdown LeaderElection
2019-10-21 23:46:49,905 [b88b3e43-5534-49b3-b3f2-a9f154b450de@group-2FABE92B7E5B-LeaderElection226] INFO  impl.RoleInfo (RoleInfo.java:updateAndGet(143)) - b88b3e43-5534-49b3-b3f2-a9f154b450de: start FollowerState
2019-10-21 23:46:49,981 [Thread-1676] INFO  impl.FollowerState (FollowerState.java:run(108)) - b88b3e43-5534-49b3-b3f2-a9f154b450de@group-2FABE92B7E5B-FollowerState: change to CANDIDATE, lastRpcTime:76ms, electionTimeout:76ms
2019-10-21 23:46:49,981 [Thread-1676] INFO  impl.RoleInfo (RoleInfo.java:shutdownFollowerState(121)) - b88b3e43-5534-49b3-b3f2-a9f154b450de: shutdown FollowerState
2019-10-21 23:46:49,981 [Thread-1676] INFO  impl.RaftServerImpl (RaftServerImpl.java:setRole(184)) - b88b3e43-5534-49b3-b3f2-a9f154b450de@group-2FABE92B7E5B: changes role from  FOLLOWER to CANDIDATE at term 232 for changeToCandidate
2019-10-21 23:46:49,981 [Thread-1676] INFO  impl.RoleInfo (RoleInfo.java:updateAndGet(143)) - b88b3e43-5534-49b3-b3f2-a9f154b450de: start LeaderElection
2019-10-21 23:46:49,996 [b88b3e43-5534-49b3-b3f2-a9f154b450de@group-2FABE92B7E5B-LeaderElection227] INFO  impl.LeaderElection (LeaderElection.java:askForVotes(178)) - b88b3e43-5534-49b3-b3f2-a9f154b450de@group-2FABE92B7E5B-LeaderElection227: begin an election at term 233 for -1: [c58a0a02-acd3-47c8-b3e9-5b8e0493de45:192.168.157.254:33611, 1360619e-ba1e-4bf9-aec1-9f15b5480b27:192.168.157.254:45658, b88b3e43-5534-49b3-b3f2-a9f154b450de:192.168.157.254:46786], old=null
2019-10-21 23:46:49,998 [grpc-default-executor-2] INFO  impl.RaftServerImpl (RaftServerImpl.java:setRole(184)) - 1360619e-ba1e-4bf9-aec1-9f15b5480b27@group-2FABE92B7E5B: changes role from  FOLLOWER to FOLLOWER at term 233 for recognizeCandidate:b88b3e43-5534-49b3-b3f2-a9f154b450de
2019-10-21 23:46:49,998 [grpc-default-executor-2] INFO  impl.RoleInfo (RoleInfo.java:shutdownFollowerState(121)) - 1360619e-ba1e-4bf9-aec1-9f15b5480b27: shutdown FollowerState
2019-10-21 23:46:49,998 [grpc-default-executor-0] INFO  impl.RaftServerImpl (RaftServerImpl.java:setRole(184)) - c58a0a02-acd3-47c8-b3e9-5b8e0493de45@group-2FABE92B7E5B: changes role from  FOLLOWER to FOLLOWER at term 233 for recognizeCandidate:b88b3e43-5534-49b3-b3f2-a9f154b450de
2019-10-21 23:46:49,999 [grpc-default-executor-0] INFO  impl.RoleInfo (RoleInfo.java:shutdownFollowerState(121)) - c58a0a02-acd3-47c8-b3e9-5b8e0493de45: shutdown FollowerState
2019-10-21 23:46:49,998 [grpc-default-executor-2] INFO  impl.RoleInfo (RoleInfo.java:updateAndGet(143)) - 1360619e-ba1e-4bf9-aec1-9f15b5480b27: start FollowerState
2019-10-21 23:46:49,999 [Thread-1675] INFO  impl.FollowerState (FollowerState.java:run(117)) - c58a0a02-acd3-47c8-b3e9-5b8e0493de45@group-2FABE92B7E5B-FollowerState was interrupted: java.lang.InterruptedException: sleep interrupted
2019-10-21 23:46:49,999 [grpc-default-executor-0] INFO  impl.RoleInfo (RoleInfo.java:updateAndGet(143)) - c58a0a02-acd3-47c8-b3e9-5b8e0493de45: start FollowerState
2019-10-21 23:46:49,999 [Thread-1674] INFO  impl.FollowerState (FollowerState.java:run(117)) - 1360619e-ba1e-4bf9-aec1-9f15b5480b27@group-2FABE92B7E5B-FollowerState was interrupted: java.lang.InterruptedException: sleep interrupted
2019-10-21 23:46:50,013 [b88b3e43-5534-49b3-b3f2-a9f154b450de@group-2FABE92B7E5B-LeaderElection227] INFO  impl.LeaderElection (LeaderElection.java:logAndReturn(56)) - b88b3e43-5534-49b3-b3f2-a9f154b450de@group-2FABE92B7E5B-LeaderElection227: Election REJECTED; received 2 response(s) [b88b3e43-5534-49b3-b3f2-a9f154b450de<-c58a0a02-acd3-47c8-b3e9-5b8e0493de45#0:FAIL-t233, b88b3e43-5534-49b3-b3f2-a9f154b450de<-1360619e-ba1e-4bf9-aec1-9f15b5480b27#0:FAIL-t233] and 0 exception(s); b88b3e43-5534-49b3-b3f2-a9f154b450de@group-2FABE92B7E5B:t233, leader=null, voted=b88b3e43-5534-49b3-b3f2-a9f154b450de, raftlog=b88b3e43-5534-49b3-b3f2-a9f154b450de@group-2FABE92B7E5B-SegmentedRaftLog:OPENED:c-1,f-1,i0, conf=-1: [c58a0a02-acd3-47c8-b3e9-5b8e0493de45:192.168.157.254:33611, 1360619e-ba1e-4bf9-aec1-9f15b5480b27:192.168.157.254:45658, b88b3e43-5534-49b3-b3f2-a9f154b450de:192.168.157.254:46786], old=null
2019-10-21 23:46:50,013 [b88b3e43-5534-49b3-b3f2-a9f154b450de@group-2FABE92B7E5B-LeaderElection227] INFO  impl.RaftServerImpl (RaftServerImpl.java:setRole(184)) - b88b3e43-5534-49b3-b3f2-a9f154b450de@group-2FABE92B7E5B: changes role from CANDIDATE to FOLLOWER at term 233 for DISCOVERED_A_NEW_TERM
2019-10-21 23:46:50,013 [b88b3e43-5534-49b3-b3f2-a9f154b450de@group-2FABE92B7E5B-LeaderElection227] INFO  impl.RoleInfo (RoleInfo.java:shutdownLeaderElection(134)) - b88b3e43-5534-49b3-b3f2-a9f154b450de: shutdown LeaderElection
2019-10-21 23:46:50,013 [b88b3e43-5534-49b3-b3f2-a9f154b450de@group-2FABE92B7E5B-LeaderElection227] INFO  impl.RoleInfo (RoleInfo.java:updateAndGet(143)) - b88b3e43-5534-49b3-b3f2-a9f154b450de: start FollowerState
2019-10-21 23:46:50,165 [Thread-1682] INFO  impl.FollowerState (FollowerState.java:run(108)) - b88b3e43-5534-49b3-b3f2-a9f154b450de@group-2FABE92B7E5B-FollowerState: change to CANDIDATE, lastRpcTime:151ms, electionTimeout:151ms
2019-10-21 23:46:50,165 [Thread-1682] INFO  impl.RoleInfo (RoleInfo.java:shutdownFollowerState(121)) - b88b3e43-5534-49b3-b3f2-a9f154b450de: shutdown FollowerState
2019-10-21 23:46:50,165 [Thread-1682] INFO  impl.RaftServerImpl (RaftServerImpl.java:setRole(184)) - b88b3e43-5534-49b3-b3f2-a9f154b450de@group-2FABE92B7E5B: changes role from  FOLLOWER to CANDIDATE at term 233 for changeToCandidate
2019-10-21 23:46:50,165 [Thread-1682] INFO  impl.RoleInfo (RoleInfo.java:updateAndGet(143)) - b88b3e43-5534-49b3-b3f2-a9f154b450de: start LeaderElection
2019-10-21 23:46:50,180 [b88b3e43-5534-49b3-b3f2-a9f154b450de@group-2FABE92B7E5B-LeaderElection228] INFO  impl.LeaderElection (LeaderElection.java:askForVotes(178)) - b88b3e43-5534-49b3-b3f2-a9f154b450de@group-2FABE92B7E5B-LeaderElection228: begin an election at term 234 for -1: [c58a0a02-acd3-47c8-b3e9-5b8e0493de45:192.168.157.254:33611, 1360619e-ba1e-4bf9-aec1-9f15b5480b27:192.168.157.254:45658, b88b3e43-5534-49b3-b3f2-a9f154b450de:192.168.157.254:46786], old=null
2019-10-21 23:46:50,182 [grpc-default-executor-2] INFO  impl.RaftServerImpl (RaftServerImpl.java:setRole(184)) - 1360619e-ba1e-4bf9-aec1-9f15b5480b27@group-2FABE92B7E5B: changes role from  FOLLOWER to FOLLOWER at term 234 for recognizeCandidate:b88b3e43-5534-49b3-b3f2-a9f154b450de
2019-10-21 23:46:50,183 [grpc-default-executor-0] INFO  impl.RaftServerImpl (RaftServerImpl.java:setRole(184)) - c58a0a02-acd3-47c8-b3e9-5b8e0493de45@group-2FABE92B7E5B: changes role from  FOLLOWER to FOLLOWER at term 234 for recognizeCandidate:b88b3e43-5534-49b3-b3f2-a9f154b450de
2019-10-21 23:46:50,183 [grpc-default-executor-0] INFO  impl.RoleInfo (RoleInfo.java:shutdownFollowerState(121)) - c58a0a02-acd3-47c8-b3e9-5b8e0493de45: shutdown FollowerState
2019-10-21 23:46:50,183 [grpc-default-executor-2] INFO  impl.RoleInfo (RoleInfo.java:shutdownFollowerState(121)) - 1360619e-ba1e-4bf9-aec1-9f15b5480b27: shutdown FollowerState
2019-10-21 23:46:50,183 [Thread-1681] INFO  impl.FollowerState (FollowerState.java:run(117)) - c58a0a02-acd3-47c8-b3e9-5b8e0493de45@group-2FABE92B7E5B-FollowerState was interrupted: java.lang.InterruptedException: sleep interrupted
2019-10-21 23:46:50,183 [grpc-default-executor-0] INFO  impl.RoleInfo (RoleInfo.java:updateAndGet(143)) - c58a0a02-acd3-47c8-b3e9-5b8e0493de45: start FollowerState
2019-10-21 23:46:50,183 [Thread-1680] INFO  impl.FollowerState (FollowerState.java:run(117)) - 1360619e-ba1e-4bf9-aec1-9f15b5480b27@group-2FABE92B7E5B-FollowerState was interrupted: java.lang.InterruptedException: sleep interrupted
2019-10-21 23:46:50,183 [grpc-default-executor-2] INFO  impl.RoleInfo (RoleInfo.java:updateAndGet(143)) - 1360619e-ba1e-4bf9-aec1-9f15b5480b27: start FollowerState
2019-10-21 23:46:50,198 [b88b3e43-5534-49b3-b3f2-a9f154b450de@group-2FABE92B7E5B-LeaderElection228] INFO  impl.LeaderElection (LeaderElection.java:logAndReturn(56)) - b88b3e43-5534-49b3-b3f2-a9f154b450de@group-2FABE92B7E5B-LeaderElection228: Election REJECTED; received 2 response(s) [b88b3e43-5534-49b3-b3f2-a9f154b450de<-c58a0a02-acd3-47c8-b3e9-5b8e0493de45#0:FAIL-t234, b88b3e43-5534-49b3-b3f2-a9f154b450de<-1360619e-ba1e-4bf9-aec1-9f15b5480b27#0:FAIL-t234] and 0 exception(s); b88b3e43-5534-49b3-b3f2-a9f154b450de@group-2FABE92B7E5B:t234, leader=null, voted=b88b3e43-5534-49b3-b3f2-a9f154b450de, raftlog=b88b3e43-5534-49b3-b3f2-a9f154b450de@group-2FABE92B7E5B-SegmentedRaftLog:OPENED:c-1,f-1,i0, conf=-1: [c58a0a02-acd3-47c8-b3e9-5b8e0493de45:192.168.157.254:33611, 1360619e-ba1e-4bf9-aec1-9f15b5480b27:192.168.157.254:45658, b88b3e43-5534-49b3-b3f2-a9f154b450de:192.168.157.254:46786], old=null
2019-10-21 23:46:50,198 [b88b3e43-5534-49b3-b3f2-a9f154b450de@group-2FABE92B7E5B-LeaderElection228] INFO  impl.RaftServerImpl (RaftServerImpl.java:setRole(184)) - b88b3e43-5534-49b3-b3f2-a9f154b450de@group-2FABE92B7E5B: changes role from CANDIDATE to FOLLOWER at term 234 for DISCOVERED_A_NEW_TERM
2019-10-21 23:46:50,198 [b88b3e43-5534-49b3-b3f2-a9f154b450de@group-2FABE92B7E5B-LeaderElection228] INFO  impl.RoleInfo (RoleInfo.java:shutdownLeaderElection(134)) - b88b3e43-5534-49b3-b3f2-a9f154b450de: shutdown LeaderElection
2019-10-21 23:46:50,199 [b88b3e43-5534-49b3-b3f2-a9f154b450de@group-2FABE92B7E5B-LeaderElection228] INFO  impl.RoleInfo (RoleInfo.java:updateAndGet(143)) - b88b3e43-5534-49b3-b3f2-a9f154b450de: start FollowerState
2019-10-21 23:46:50,297 [Thread-1690] INFO  impl.FollowerState (FollowerState.java:run(108)) - b88b3e43-5534-49b3-b3f2-a9f154b450de@group-2FABE92B7E5B-FollowerState: change to CANDIDATE, lastRpcTime:98ms, electionTimeout:98ms
2019-10-21 23:46:50,297 [Thread-1690] INFO  impl.RoleInfo (RoleInfo.java:shutdownFollowerState(121)) - b88b3e43-5534-49b3-b3f2-a9f154b450de: shutdown FollowerState
2019-10-21 23:46:50,297 [Thread-1690] INFO  impl.RaftServerImpl (RaftServerImpl.java:setRole(184)) - b88b3e43-5534-49b3-b3f2-a9f154b450de@group-2FABE92B7E5B: changes role from  FOLLOWER to CANDIDATE at term 234 for changeToCandidate
2019-10-21 23:46:50,297 [Thread-1690] INFO  impl.RoleInfo (RoleInfo.java:updateAndGet(143)) - b88b3e43-5534-49b3-b3f2-a9f154b450de: start LeaderElection
2019-10-21 23:46:50,311 [b88b3e43-5534-49b3-b3f2-a9f154b450de@group-2FABE92B7E5B-LeaderElection229] INFO  impl.LeaderElection (LeaderElection.java:askForVotes(178)) - b88b3e43-5534-49b3-b3f2-a9f154b450de@group-2FABE92B7E5B-LeaderElection229: begin an election at term 235 for -1: [c58a0a02-acd3-47c8-b3e9-5b8e0493de45:192.168.157.254:33611, 1360619e-ba1e-4bf9-aec1-9f15b5480b27:192.168.157.254:45658, b88b3e43-5534-49b3-b3f2-a9f154b450de:192.168.157.254:46786], old=null
2019-10-21 23:46:50,314 [grpc-default-executor-0] INFO  impl.RaftServerImpl (RaftServerImpl.java:setRole(184)) - c58a0a02-acd3-47c8-b3e9-5b8e0493de45@group-2FABE92B7E5B: changes role from  FOLLOWER to FOLLOWER at term 235 for recognizeCandidate:b88b3e43-5534-49b3-b3f2-a9f154b450de
2019-10-21 23:46:50,314 [grpc-default-executor-2] INFO  impl.RaftServerImpl (RaftServerImpl.java:setRole(184)) - 1360619e-ba1e-4bf9-aec1-9f15b5480b27@group-2FABE92B7E5B: changes role from  FOLLOWER to FOLLOWER at term 235 for recognizeCandidate:b88b3e43-5534-49b3-b3f2-a9f154b450de
2019-10-21 23:46:50,315 [grpc-default-executor-2] INFO  impl.RoleInfo (RoleInfo.java:shutdownFollowerState(121)) - 1360619e-ba1e-4bf9-aec1-9f15b5480b27: shutdown FollowerState
2019-10-21 23:46:50,314 [grpc-default-executor-0] INFO  impl.RoleInfo (RoleInfo.java:shutdownFollowerState(121)) - c58a0a02-acd3-47c8-b3e9-5b8e0493de45: shutdown FollowerState
2019-10-21 23:46:50,315 [Thread-1689] INFO  impl.FollowerState (FollowerState.java:run(117)) - 1360619e-ba1e-4bf9-aec1-9f15b5480b27@group-2FABE92B7E5B-FollowerState was interrupted: java.lang.InterruptedException: sleep interrupted
2019-10-21 23:46:50,315 [grpc-default-executor-2] INFO  impl.RoleInfo (RoleInfo.java:updateAndGet(143)) - 1360619e-ba1e-4bf9-aec1-9f15b5480b27: start FollowerState
2019-10-21 23:46:50,315 [Thread-1688] INFO  impl.FollowerState (FollowerState.java:run(117)) - c58a0a02-acd3-47c8-b3e9-5b8e0493de45@group-2FABE92B7E5B-FollowerState was interrupted: java.lang.InterruptedException: sleep interrupted
2019-10-21 23:46:50,315 [grpc-default-executor-0] INFO  impl.RoleInfo (RoleInfo.java:updateAndGet(143)) - c58a0a02-acd3-47c8-b3e9-5b8e0493de45: start FollowerState
2019-10-21 23:46:50,329 [b88b3e43-5534-49b3-b3f2-a9f154b450de@group-2FABE92B7E5B-LeaderElection229] INFO  impl.LeaderElection (LeaderElection.java:logAndReturn(56)) - b88b3e43-5534-49b3-b3f2-a9f154b450de@group-2FABE92B7E5B-LeaderElection229: Election REJECTED; received 2 response(s) [b88b3e43-5534-49b3-b3f2-a9f154b450de<-c58a0a02-acd3-47c8-b3e9-5b8e0493de45#0:FAIL-t235, b88b3e43-5534-49b3-b3f2-a9f154b450de<-1360619e-ba1e-4bf9-aec1-9f15b5480b27#0:FAIL-t235] and 0 exception(s); b88b3e43-5534-49b3-b3f2-a9f154b450de@group-2FABE92B7E5B:t235, leader=null, voted=b88b3e43-5534-49b3-b3f2-a9f154b450de, raftlog=b88b3e43-5534-49b3-b3f2-a9f154b450de@group-2FABE92B7E5B-SegmentedRaftLog:OPENED:c-1,f-1,i0, conf=-1: [c58a0a02-acd3-47c8-b3e9-5b8e0493de45:192.168.157.254:33611, 1360619e-ba1e-4bf9-aec1-9f15b5480b27:192.168.157.254:45658, b88b3e43-5534-49b3-b3f2-a9f154b450de:192.168.157.254:46786], old=null
2019-10-21 23:46:50,330 [b88b3e43-5534-49b3-b3f2-a9f154b450de@group-2FABE92B7E5B-LeaderElection229] INFO  impl.RaftServerImpl (RaftServerImpl.java:setRole(184)) - b88b3e43-5534-49b3-b3f2-a9f154b450de@group-2FABE92B7E5B: changes role from CANDIDATE to FOLLOWER at term 235 for DISCOVERED_A_NEW_TERM
2019-10-21 23:46:50,330 [b88b3e43-5534-49b3-b3f2-a9f154b450de@group-2FABE92B7E5B-LeaderElection229] INFO  impl.RoleInfo (RoleInfo.java:shutdownLeaderElection(134)) - b88b3e43-5534-49b3-b3f2-a9f154b450de: shutdown LeaderElection
2019-10-21 23:46:50,330 [b88b3e43-5534-49b3-b3f2-a9f154b450de@group-2FABE92B7E5B-LeaderElection229] INFO  impl.RoleInfo (RoleInfo.java:updateAndGet(143)) - b88b3e43-5534-49b3-b3f2-a9f154b450de: start FollowerState
2019-10-21 23:46:50,377 [Thread-1696] INFO  impl.FollowerState (FollowerState.java:run(108)) - b88b3e43-5534-49b3-b3f2-a9f154b450de@group-2FABE92B7E5B-FollowerState: change to CANDIDATE, lastRpcTime:47ms, electionTimeout:47ms
2019-10-21 23:46:50,378 [Thread-1696] INFO  impl.RoleInfo (RoleInfo.java:shutdownFollowerState(121)) - b88b3e43-5534-49b3-b3f2-a9f154b450de: shutdown FollowerState
2019-10-21 23:46:50,378 [Thread-1696] INFO  impl.RaftServerImpl (RaftServerImpl.java:setRole(184)) - b88b3e43-5534-49b3-b3f2-a9f154b450de@group-2FABE92B7E5B: changes role from  FOLLOWER to CANDIDATE at term 235 for changeToCandidate
2019-10-21 23:46:50,378 [Thread-1696] INFO  impl.RoleInfo (RoleInfo.java:updateAndGet(143)) - b88b3e43-5534-49b3-b3f2-a9f154b450de: start LeaderElection
2019-10-21 23:46:50,391 [b88b3e43-5534-49b3-b3f2-a9f154b450de@group-2FABE92B7E5B-LeaderElection230] INFO  impl.LeaderElection (LeaderElection.java:askForVotes(178)) - b88b3e43-5534-49b3-b3f2-a9f154b450de@group-2FABE92B7E5B-LeaderElection230: begin an election at term 236 for -1: [c58a0a02-acd3-47c8-b3e9-5b8e0493de45:192.168.157.254:33611, 1360619e-ba1e-4bf9-aec1-9f15b5480b27:192.168.157.254:45658, b88b3e43-5534-49b3-b3f2-a9f154b450de:192.168.157.254:46786], old=null
2019-10-21 23:46:50,393 [grpc-default-executor-0] INFO  impl.RaftServerImpl (RaftServerImpl.java:setRole(184)) - 1360619e-ba1e-4bf9-aec1-9f15b5480b27@group-2FABE92B7E5B: changes role from  FOLLOWER to FOLLOWER at term 236 for recognizeCandidate:b88b3e43-5534-49b3-b3f2-a9f154b450de
2019-10-21 23:46:50,393 [grpc-default-executor-0] INFO  impl.RoleInfo (RoleInfo.java:shutdownFollowerState(121)) - 1360619e-ba1e-4bf9-aec1-9f15b5480b27: shutdown FollowerState
2019-10-21 23:46:50,393 [grpc-default-executor-0] INFO  impl.RoleInfo (RoleInfo.java:updateAndGet(143)) - 1360619e-ba1e-4bf9-aec1-9f15b5480b27: start FollowerState
2019-10-21 23:46:50,393 [Thread-1694] INFO  impl.FollowerState (FollowerState.java:run(117)) - 1360619e-ba1e-4bf9-aec1-9f15b5480b27@group-2FABE92B7E5B-FollowerState was interrupted: java.lang.InterruptedException: sleep interrupted
2019-10-21 23:46:50,393 [grpc-default-executor-2] INFO  impl.RaftServerImpl (RaftServerImpl.java:setRole(184)) - c58a0a02-acd3-47c8-b3e9-5b8e0493de45@group-2FABE92B7E5B: changes role from  FOLLOWER to FOLLOWER at term 236 for recognizeCandidate:b88b3e43-5534-49b3-b3f2-a9f154b450de
2019-10-21 23:46:50,394 [grpc-default-executor-2] INFO  impl.RoleInfo (RoleInfo.java:shutdownFollowerState(121)) - c58a0a02-acd3-47c8-b3e9-5b8e0493de45: shutdown FollowerState
2019-10-21 23:46:50,394 [grpc-default-executor-2] INFO  impl.RoleInfo (RoleInfo.java:updateAndGet(143)) - c58a0a02-acd3-47c8-b3e9-5b8e0493de45: start FollowerState
2019-10-21 23:46:50,394 [Thread-1695] INFO  impl.FollowerState (FollowerState.java:run(117)) - c58a0a02-acd3-47c8-b3e9-5b8e0493de45@group-2FABE92B7E5B-FollowerState was interrupted: java.lang.InterruptedException: sleep interrupted
2019-10-21 23:46:50,416 [b88b3e43-5534-49b3-b3f2-a9f154b450de@group-2FABE92B7E5B-LeaderElection230] INFO  impl.LeaderElection (LeaderElection.java:logAndReturn(56)) - b88b3e43-5534-49b3-b3f2-a9f154b450de@group-2FABE92B7E5B-LeaderElection230: Election REJECTED; received 2 response(s) [b88b3e43-5534-49b3-b3f2-a9f154b450de<-c58a0a02-acd3-47c8-b3e9-5b8e0493de45#0:FAIL-t236, b88b3e43-5534-49b3-b3f2-a9f154b450de<-1360619e-ba1e-4bf9-aec1-9f15b5480b27#0:FAIL-t236] and 0 exception(s); b88b3e43-5534-49b3-b3f2-a9f154b450de@group-2FABE92B7E5B:t236, leader=null, voted=b88b3e43-5534-49b3-b3f2-a9f154b450de, raftlog=b88b3e43-5534-49b3-b3f2-a9f154b450de@group-2FABE92B7E5B-SegmentedRaftLog:OPENED:c-1,f-1,i0, conf=-1: [c58a0a02-acd3-47c8-b3e9-5b8e0493de45:192.168.157.254:33611, 1360619e-ba1e-4bf9-aec1-9f15b5480b27:192.168.157.254:45658, b88b3e43-5534-49b3-b3f2-a9f154b450de:192.168.157.254:46786], old=null
2019-10-21 23:46:50,416 [b88b3e43-5534-49b3-b3f2-a9f154b450de@group-2FABE92B7E5B-LeaderElection230] INFO  impl.RaftServerImpl (RaftServerImpl.java:setRole(184)) - b88b3e43-5534-49b3-b3f2-a9f154b450de@group-2FABE92B7E5B: changes role from CANDIDATE to FOLLOWER at term 236 for DISCOVERED_A_NEW_TERM
2019-10-21 23:46:50,416 [b88b3e43-5534-49b3-b3f2-a9f154b450de@group-2FABE92B7E5B-LeaderElection230] INFO  impl.RoleInfo (RoleInfo.java:shutdownLeaderElection(134)) - b88b3e43-5534-49b3-b3f2-a9f154b450de: shutdown LeaderElection
2019-10-21 23:46:50,416 [b88b3e43-5534-49b3-b3f2-a9f154b450de@group-2FABE92B7E5B-LeaderElection230] INFO  impl.RoleInfo (RoleInfo.java:updateAndGet(143)) - b88b3e43-5534-49b3-b3f2-a9f154b450de: start FollowerState
2019-10-21 23:46:50,490 [Thread-1702] INFO  impl.FollowerState (FollowerState.java:run(108)) - b88b3e43-5534-49b3-b3f2-a9f154b450de@group-2FABE92B7E5B-FollowerState: change to CANDIDATE, lastRpcTime:73ms, electionTimeout:73ms
2019-10-21 23:46:50,490 [Thread-1702] INFO  impl.RoleInfo (RoleInfo.java:shutdownFollowerState(121)) - b88b3e43-5534-49b3-b3f2-a9f154b450de: shutdown FollowerState
2019-10-21 23:46:50,490 [Thread-1702] INFO  impl.RaftServerImpl (RaftServerImpl.java:setRole(184)) - b88b3e43-5534-49b3-b3f2-a9f154b450de@group-2FABE92B7E5B: changes role from  FOLLOWER to CANDIDATE at term 236 for changeToCandidate
2019-10-21 23:46:50,490 [Thread-1702] INFO  impl.RoleInfo (RoleInfo.java:updateAndGet(143)) - b88b3e43-5534-49b3-b3f2-a9f154b450de: start LeaderElection
2019-10-21 23:46:50,506 [b88b3e43-5534-49b3-b3f2-a9f154b450de@group-2FABE92B7E5B-LeaderElection231] INFO  impl.LeaderElection (LeaderElection.java:askForVotes(178)) - b88b3e43-5534-49b3-b3f2-a9f154b450de@group-2FABE92B7E5B-LeaderElection231: begin an election at term 237 for -1: [c58a0a02-acd3-47c8-b3e9-5b8e0493de45:192.168.157.254:33611, 1360619e-ba1e-4bf9-aec1-9f15b5480b27:192.168.157.254:45658, b88b3e43-5534-49b3-b3f2-a9f154b450de:192.168.157.254:46786], old=null
2019-10-21 23:46:50,508 [grpc-default-executor-0] INFO  impl.RaftServerImpl (RaftServerImpl.java:setRole(184)) - 1360619e-ba1e-4bf9-aec1-9f15b5480b27@group-2FABE92B7E5B: changes role from  FOLLOWER to FOLLOWER at term 237 for recognizeCandidate:b88b3e43-5534-49b3-b3f2-a9f154b450de
2019-10-21 23:46:50,508 [grpc-default-executor-2] INFO  impl.RaftServerImpl (RaftServerImpl.java:setRole(184)) - c58a0a02-acd3-47c8-b3e9-5b8e0493de45@group-2FABE92B7E5B: changes role from  FOLLOWER to FOLLOWER at term 237 for recognizeCandidate:b88b3e43-5534-49b3-b3f2-a9f154b450de
2019-10-21 23:46:50,508 [grpc-default-executor-0] INFO  impl.RoleInfo (RoleInfo.java:shutdownFollowerState(121)) - 1360619e-ba1e-4bf9-aec1-9f15b5480b27: shutdown FollowerState
2019-10-21 23:46:50,508 [grpc-default-executor-2] INFO  impl.RoleInfo (RoleInfo.java:shutdownFollowerState(121)) - c58a0a02-acd3-47c8-b3e9-5b8e0493de45: shutdown FollowerState
2019-10-21 23:46:50,508 [Thread-1700] INFO  impl.FollowerState (FollowerState.java:run(117)) - 1360619e-ba1e-4bf9-aec1-9f15b5480b27@group-2FABE92B7E5B-FollowerState was interrupted: java.lang.InterruptedException: sleep interrupted
2019-10-21 23:46:50,509 [Thread-1701] INFO  impl.FollowerState (FollowerState.java:run(117)) - c58a0a02-acd3-47c8-b3e9-5b8e0493de45@group-2FABE92B7E5B-FollowerState was interrupted: java.lang.InterruptedException: sleep interrupted
2019-10-21 23:46:50,508 [grpc-default-executor-0] INFO  impl.RoleInfo (RoleInfo.java:updateAndGet(143)) - 1360619e-ba1e-4bf9-aec1-9f15b5480b27: start FollowerState
2019-10-21 23:46:50,509 [grpc-default-executor-2] INFO  impl.RoleInfo (RoleInfo.java:updateAndGet(143)) - c58a0a02-acd3-47c8-b3e9-5b8e0493de45: start FollowerState
2019-10-21 23:46:50,522 [b88b3e43-5534-49b3-b3f2-a9f154b450de@group-2FABE92B7E5B-LeaderElection231] INFO  impl.LeaderElection (LeaderElection.java:logAndReturn(56)) - b88b3e43-5534-49b3-b3f2-a9f154b450de@group-2FABE92B7E5B-LeaderElection231: Election REJECTED; received 2 response(s) [b88b3e43-5534-49b3-b3f2-a9f154b450de<-c58a0a02-acd3-47c8-b3e9-5b8e0493de45#0:FAIL-t237, b88b3e43-5534-49b3-b3f2-a9f154b450de<-1360619e-ba1e-4bf9-aec1-9f15b5480b27#0:FAIL-t237] and 0 exception(s); b88b3e43-5534-49b3-b3f2-a9f154b450de@group-2FABE92B7E5B:t237, leader=null, voted=b88b3e43-5534-49b3-b3f2-a9f154b450de, raftlog=b88b3e43-5534-49b3-b3f2-a9f154b450de@group-2FABE92B7E5B-SegmentedRaftLog:OPENED:c-1,f-1,i0, conf=-1: [c58a0a02-acd3-47c8-b3e9-5b8e0493de45:192.168.157.254:33611, 1360619e-ba1e-4bf9-aec1-9f15b5480b27:192.168.157.254:45658, b88b3e43-5534-49b3-b3f2-a9f154b450de:192.168.157.254:46786], old=null
2019-10-21 23:46:50,523 [b88b3e43-5534-49b3-b3f2-a9f154b450de@group-2FABE92B7E5B-LeaderElection231] INFO  impl.RaftServerImpl (RaftServerImpl.java:setRole(184)) - b88b3e43-5534-49b3-b3f2-a9f154b450de@group-2FABE92B7E5B: changes role from CANDIDATE to FOLLOWER at term 237 for DISCOVERED_A_NEW_TERM
2019-10-21 23:46:50,523 [b88b3e43-5534-49b3-b3f2-a9f154b450de@group-2FABE92B7E5B-LeaderElection231] INFO  impl.RoleInfo (RoleInfo.java:shutdownLeaderElection(134)) - b88b3e43-5534-49b3-b3f2-a9f154b450de: shutdown LeaderElection
2019-10-21 23:46:50,523 [b88b3e43-5534-49b3-b3f2-a9f154b450de@group-2FABE92B7E5B-LeaderElection231] INFO  impl.RoleInfo (RoleInfo.java:updateAndGet(143)) - b88b3e43-5534-49b3-b3f2-a9f154b450de: start FollowerState
2019-10-21 23:46:50,598 [Thread-1708] INFO  impl.FollowerState (FollowerState.java:run(108)) - b88b3e43-5534-49b3-b3f2-a9f154b450de@group-2FABE92B7E5B-FollowerState: change to CANDIDATE, lastRpcTime:75ms, electionTimeout:75ms
2019-10-21 23:46:50,599 [Thread-1708] INFO  impl.RoleInfo (RoleInfo.java:shutdownFollowerState(121)) - b88b3e43-5534-49b3-b3f2-a9f154b450de: shutdown FollowerState
2019-10-21 23:46:50,599 [Thread-1708] INFO  impl.RaftServerImpl (RaftServerImpl.java:setRole(184)) - b88b3e43-5534-49b3-b3f2-a9f154b450de@group-2FABE92B7E5B: changes role from  FOLLOWER to CANDIDATE at term 237 for changeToCandidate
2019-10-21 23:46:50,599 [Thread-1708] INFO  impl.RoleInfo (RoleInfo.java:updateAndGet(143)) - b88b3e43-5534-49b3-b3f2-a9f154b450de: start LeaderElection
2019-10-21 23:46:50,613 [b88b3e43-5534-49b3-b3f2-a9f154b450de@group-2FABE92B7E5B-LeaderElection232] INFO  impl.LeaderElection (LeaderElection.java:askForVotes(178)) - b88b3e43-5534-49b3-b3f2-a9f154b450de@group-2FABE92B7E5B-LeaderElection232: begin an election at term 238 for -1: [c58a0a02-acd3-47c8-b3e9-5b8e0493de45:192.168.157.254:33611, 1360619e-ba1e-4bf9-aec1-9f15b5480b27:192.168.157.254:45658, b88b3e43-5534-49b3-b3f2-a9f154b450de:192.168.157.254:46786], old=null
2019-10-21 23:46:50,615 [grpc-default-executor-0] INFO  impl.RaftServerImpl (RaftServerImpl.java:setRole(184)) - c58a0a02-acd3-47c8-b3e9-5b8e0493de45@group-2FABE92B7E5B: changes role from  FOLLOWER to FOLLOWER at term 238 for recognizeCandidate:b88b3e43-5534-49b3-b3f2-a9f154b450de
2019-10-21 23:46:50,615 [grpc-default-executor-0] INFO  impl.RoleInfo (RoleInfo.java:shutdownFollowerState(121)) - c58a0a02-acd3-47c8-b3e9-5b8e0493de45: shutdown FollowerState
2019-10-21 23:46:50,615 [grpc-default-executor-2] INFO  impl.RaftServerImpl (RaftServerImpl.java:setRole(184)) - 1360619e-ba1e-4bf9-aec1-9f15b5480b27@group-2FABE92B7E5B: changes role from  FOLLOWER to FOLLOWER at term 238 for recognizeCandidate:b88b3e43-5534-49b3-b3f2-a9f154b450de
2019-10-21 23:46:50,615 [Thread-1707] INFO  impl.FollowerState (FollowerState.java:run(117)) - c58a0a02-acd3-47c8-b3e9-5b8e0493de45@group-2FABE92B7E5B-FollowerState was interrupted: java.lang.InterruptedException: sleep interrupted
2019-10-21 23:46:50,615 [grpc-default-executor-0] INFO  impl.RoleInfo (RoleInfo.java:updateAndGet(143)) - c58a0a02-acd3-47c8-b3e9-5b8e0493de45: start FollowerState
2019-10-21 23:46:50,615 [grpc-default-executor-2] INFO  impl.RoleInfo (RoleInfo.java:shutdownFollowerState(121)) - 1360619e-ba1e-4bf9-aec1-9f15b5480b27: shutdown FollowerState
2019-10-21 23:46:50,616 [Thread-1706] INFO  impl.FollowerState (FollowerState.java:run(117)) - 1360619e-ba1e-4bf9-aec1-9f15b5480b27@group-2FABE92B7E5B-FollowerState was interrupted: java.lang.InterruptedException: sleep interrupted
2019-10-21 23:46:50,616 [grpc-default-executor-2] INFO  impl.RoleInfo (RoleInfo.java:updateAndGet(143)) - 1360619e-ba1e-4bf9-aec1-9f15b5480b27: start FollowerState
2019-10-21 23:46:50,623 [b88b3e43-5534-49b3-b3f2-a9f154b450de@group-2FABE92B7E5B-LeaderElection232] INFO  impl.LeaderElection (LeaderElection.java:logAndReturn(56)) - b88b3e43-5534-49b3-b3f2-a9f154b450de@group-2FABE92B7E5B-LeaderElection232: Election TIMEOUT; received 0 response(s) [] and 0 exception(s); b88b3e43-5534-49b3-b3f2-a9f154b450de@group-2FABE92B7E5B:t238, leader=null, voted=b88b3e43-5534-49b3-b3f2-a9f154b450de, raftlog=b88b3e43-5534-49b3-b3f2-a9f154b450de@group-2FABE92B7E5B-SegmentedRaftLog:OPENED:c-1,f-1,i0, conf=-1: [c58a0a02-acd3-47c8-b3e9-5b8e0493de45:192.168.157.254:33611, 1360619e-ba1e-4bf9-aec1-9f15b5480b27:192.168.157.254:45658, b88b3e43-5534-49b3-b3f2-a9f154b450de:192.168.157.254:46786], old=null
2019-10-21 23:46:50,630 [b88b3e43-5534-49b3-b3f2-a9f154b450de@group-2FABE92B7E5B-LeaderElection232] INFO  impl.LeaderElection (LeaderElection.java:askForVotes(178)) - b88b3e43-5534-49b3-b3f2-a9f154b450de@group-2FABE92B7E5B-LeaderElection232: begin an election at term 239 for -1: [c58a0a02-acd3-47c8-b3e9-5b8e0493de45:192.168.157.254:33611, 1360619e-ba1e-4bf9-aec1-9f15b5480b27:192.168.157.254:45658, b88b3e43-5534-49b3-b3f2-a9f154b450de:192.168.157.254:46786], old=null
2019-10-21 23:46:50,632 [grpc-default-executor-0] INFO  impl.RaftServerImpl (RaftServerImpl.java:setRole(184)) - 1360619e-ba1e-4bf9-aec1-9f15b5480b27@group-2FABE92B7E5B: changes role from  FOLLOWER to FOLLOWER at term 239 for recognizeCandidate:b88b3e43-5534-49b3-b3f2-a9f154b450de
2019-10-21 23:46:50,632 [grpc-default-executor-0] INFO  impl.RoleInfo (RoleInfo.java:shutdownFollowerState(121)) - 1360619e-ba1e-4bf9-aec1-9f15b5480b27: shutdown FollowerState
2019-10-21 23:46:50,632 [grpc-default-executor-2] INFO  impl.RaftServerImpl (RaftServerImpl.java:setRole(184)) - c58a0a02-acd3-47c8-b3e9-5b8e0493de45@group-2FABE92B7E5B: changes role from  FOLLOWER to FOLLOWER at term 239 for recognizeCandidate:b88b3e43-5534-49b3-b3f2-a9f154b450de
2019-10-21 23:46:50,632 [Thread-1713] INFO  impl.FollowerState (FollowerState.java:run(117)) - 1360619e-ba1e-4bf9-aec1-9f15b5480b27@group-2FABE92B7E5B-FollowerState was interrupted: java.lang.InterruptedException: sleep interrupted
2019-10-21 23:46:50,632 [grpc-default-executor-0] INFO  impl.RoleInfo (RoleInfo.java:updateAndGet(143)) - 1360619e-ba1e-4bf9-aec1-9f15b5480b27: start FollowerState
2019-10-21 23:46:50,632 [grpc-default-executor-2] INFO  impl.RoleInfo (RoleInfo.java:shutdownFollowerState(121)) - c58a0a02-acd3-47c8-b3e9-5b8e0493de45: shutdown FollowerState
2019-10-21 23:46:50,633 [grpc-default-executor-2] INFO  impl.RoleInfo (RoleInfo.java:updateAndGet(143)) - c58a0a02-acd3-47c8-b3e9-5b8e0493de45: start FollowerState
2019-10-21 23:46:50,633 [Thread-1712] INFO  impl.FollowerState (FollowerState.java:run(117)) - c58a0a02-acd3-47c8-b3e9-5b8e0493de45@group-2FABE92B7E5B-FollowerState was interrupted: java.lang.InterruptedException: sleep interrupted
2019-10-21 23:46:50,646 [b88b3e43-5534-49b3-b3f2-a9f154b450de@group-2FABE92B7E5B-LeaderElection232] INFO  impl.LeaderElection (LeaderElection.java:logAndReturn(56)) - b88b3e43-5534-49b3-b3f2-a9f154b450de@group-2FABE92B7E5B-LeaderElection232: Election REJECTED; received 2 response(s) [b88b3e43-5534-49b3-b3f2-a9f154b450de<-c58a0a02-acd3-47c8-b3e9-5b8e0493de45#0:FAIL-t239, b88b3e43-5534-49b3-b3f2-a9f154b450de<-1360619e-ba1e-4bf9-aec1-9f15b5480b27#0:FAIL-t239] and 0 exception(s); b88b3e43-5534-49b3-b3f2-a9f154b450de@group-2FABE92B7E5B:t239, leader=null, voted=b88b3e43-5534-49b3-b3f2-a9f154b450de, raftlog=b88b3e43-5534-49b3-b3f2-a9f154b450de@group-2FABE92B7E5B-SegmentedRaftLog:OPENED:c-1,f-1,i0, conf=-1: [c58a0a02-acd3-47c8-b3e9-5b8e0493de45:192.168.157.254:33611, 1360619e-ba1e-4bf9-aec1-9f15b5480b27:192.168.157.254:45658, b88b3e43-5534-49b3-b3f2-a9f154b450de:192.168.157.254:46786], old=null
2019-10-21 23:46:50,647 [b88b3e43-5534-49b3-b3f2-a9f154b450de@group-2FABE92B7E5B-LeaderElection232] INFO  impl.RaftServerImpl (RaftServerImpl.java:setRole(184)) - b88b3e43-5534-49b3-b3f2-a9f154b450de@group-2FABE92B7E5B: changes role from CANDIDATE to FOLLOWER at term 239 for DISCOVERED_A_NEW_TERM
2019-10-21 23:46:50,647 [b88b3e43-5534-49b3-b3f2-a9f154b450de@group-2FABE92B7E5B-LeaderElection232] INFO  impl.RoleInfo (RoleInfo.java:shutdownLeaderElection(134)) - b88b3e43-5534-49b3-b3f2-a9f154b450de: shutdown LeaderElection
2019-10-21 23:46:50,647 [b88b3e43-5534-49b3-b3f2-a9f154b450de@group-2FABE92B7E5B-LeaderElection232] INFO  impl.RoleInfo (RoleInfo.java:updateAndGet(143)) - b88b3e43-5534-49b3-b3f2-a9f154b450de: start FollowerState
2019-10-21 23:46:50,772 [Thread-1718] INFO  impl.FollowerState (FollowerState.java:run(108)) - b88b3e43-5534-49b3-b3f2-a9f154b450de@group-2FABE92B7E5B-FollowerState: change to CANDIDATE, lastRpcTime:125ms, electionTimeout:125ms
2019-10-21 23:46:50,772 [Thread-1718] INFO  impl.RoleInfo (RoleInfo.java:shutdownFollowerState(121)) - b88b3e43-5534-49b3-b3f2-a9f154b450de: shutdown FollowerState
2019-10-21 23:46:50,772 [Thread-1718] INFO  impl.RaftServerImpl (RaftServerImpl.java:setRole(184)) - b88b3e43-5534-49b3-b3f2-a9f154b450de@group-2FABE92B7E5B: changes role from  FOLLOWER to CANDIDATE at term 239 for changeToCandidate
2019-10-21 23:46:50,773 [Thread-1718] INFO  impl.RoleInfo (RoleInfo.java:updateAndGet(143)) - b88b3e43-5534-49b3-b3f2-a9f154b450de: start LeaderElection
2019-10-21 23:46:50,786 [b88b3e43-5534-49b3-b3f2-a9f154b450de@group-2FABE92B7E5B-LeaderElection233] INFO  impl.LeaderElection (LeaderElection.java:askForVotes(178)) - b88b3e43-5534-49b3-b3f2-a9f154b450de@group-2FABE92B7E5B-LeaderElection233: begin an election at term 240 for -1: [c58a0a02-acd3-47c8-b3e9-5b8e0493de45:192.168.157.254:33611, 1360619e-ba1e-4bf9-aec1-9f15b5480b27:192.168.157.254:45658, b88b3e43-5534-49b3-b3f2-a9f154b450de:192.168.157.254:46786], old=null
2019-10-21 23:46:50,788 [grpc-default-executor-2] INFO  impl.RaftServerImpl (RaftServerImpl.java:setRole(184)) - c58a0a02-acd3-47c8-b3e9-5b8e0493de45@group-2FABE92B7E5B: changes role from  FOLLOWER to FOLLOWER at term 240 for recognizeCandidate:b88b3e43-5534-49b3-b3f2-a9f154b450de
2019-10-21 23:46:50,788 [grpc-default-executor-0] INFO  impl.RaftServerImpl (RaftServerImpl.java:setRole(184)) - 1360619e-ba1e-4bf9-aec1-9f15b5480b27@group-2FABE92B7E5B: changes role from  FOLLOWER to FOLLOWER at term 240 for recognizeCandidate:b88b3e43-5534-49b3-b3f2-a9f154b450de
2019-10-21 23:46:50,789 [grpc-default-executor-0] INFO  impl.RoleInfo (RoleInfo.java:shutdownFollowerState(121)) - 1360619e-ba1e-4bf9-aec1-9f15b5480b27: shutdown FollowerState
2019-10-21 23:46:50,788 [grpc-default-executor-2] INFO  impl.RoleInfo (RoleInfo.java:shutdownFollowerState(121)) - c58a0a02-acd3-47c8-b3e9-5b8e0493de45: shutdown FollowerState
2019-10-21 23:46:50,789 [Thread-1716] INFO  impl.FollowerState (FollowerState.java:run(117)) - 1360619e-ba1e-4bf9-aec1-9f15b5480b27@group-2FABE92B7E5B-FollowerState was interrupted: java.lang.InterruptedException: sleep interrupted
2019-10-21 23:46:50,789 [grpc-default-executor-0] INFO  impl.RoleInfo (RoleInfo.java:updateAndGet(143)) - 1360619e-ba1e-4bf9-aec1-9f15b5480b27: start FollowerState
2019-10-21 23:46:50,789 [grpc-default-executor-2] INFO  impl.RoleInfo (RoleInfo.java:updateAndGet(143)) - c58a0a02-acd3-47c8-b3e9-5b8e0493de45: start FollowerState
2019-10-21 23:46:50,789 [Thread-1717] INFO  impl.FollowerState (FollowerState.java:run(117)) - c58a0a02-acd3-47c8-b3e9-5b8e0493de45@group-2FABE92B7E5B-FollowerState was interrupted: java.lang.InterruptedException: sleep interrupted
2019-10-21 23:46:50,803 [b88b3e43-5534-49b3-b3f2-a9f154b450de@group-2FABE92B7E5B-LeaderElection233] INFO  impl.LeaderElection (LeaderElection.java:logAndReturn(56)) - b88b3e43-5534-49b3-b3f2-a9f154b450de@group-2FABE92B7E5B-LeaderElection233: Election REJECTED; received 2 response(s) [b88b3e43-5534-49b3-b3f2-a9f154b450de<-c58a0a02-acd3-47c8-b3e9-5b8e0493de45#0:FAIL-t240, b88b3e43-5534-49b3-b3f2-a9f154b450de<-1360619e-ba1e-4bf9-aec1-9f15b5480b27#0:FAIL-t240] and 0 exception(s); b88b3e43-5534-49b3-b3f2-a9f154b450de@group-2FABE92B7E5B:t240, leader=null, voted=b88b3e43-5534-49b3-b3f2-a9f154b450de, raftlog=b88b3e43-5534-49b3-b3f2-a9f154b450de@group-2FABE92B7E5B-SegmentedRaftLog:OPENED:c-1,f-1,i0, conf=-1: [c58a0a02-acd3-47c8-b3e9-5b8e0493de45:192.168.157.254:33611, 1360619e-ba1e-4bf9-aec1-9f15b5480b27:192.168.157.254:45658, b88b3e43-5534-49b3-b3f2-a9f154b450de:192.168.157.254:46786], old=null
2019-10-21 23:46:50,804 [b88b3e43-5534-49b3-b3f2-a9f154b450de@group-2FABE92B7E5B-LeaderElection233] INFO  impl.RaftServerImpl (RaftServerImpl.java:setRole(184)) - b88b3e43-5534-49b3-b3f2-a9f154b450de@group-2FABE92B7E5B: changes role from CANDIDATE to FOLLOWER at term 240 for DISCOVERED_A_NEW_TERM
2019-10-21 23:46:50,804 [b88b3e43-5534-49b3-b3f2-a9f154b450de@group-2FABE92B7E5B-LeaderElection233] INFO  impl.RoleInfo (RoleInfo.java:shutdownLeaderElection(134)) - b88b3e43-5534-49b3-b3f2-a9f154b450de: shutdown LeaderElection
2019-10-21 23:46:50,804 [b88b3e43-5534-49b3-b3f2-a9f154b450de@group-2FABE92B7E5B-LeaderElection233] INFO  impl.RoleInfo (RoleInfo.java:updateAndGet(143)) - b88b3e43-5534-49b3-b3f2-a9f154b450de: start FollowerState
2019-10-21 23:46:50,962 [Thread-1724] INFO  impl.FollowerState (FollowerState.java:run(108)) - b88b3e43-5534-49b3-b3f2-a9f154b450de@group-2FABE92B7E5B-FollowerState: change to CANDIDATE, lastRpcTime:158ms, electionTimeout:158ms
2019-10-21 23:46:50,962 [Thread-1724] INFO  impl.RoleInfo (RoleInfo.java:shutdownFollowerState(121)) - b88b3e43-5534-49b3-b3f2-a9f154b450de: shutdown FollowerState
2019-10-21 23:46:50,962 [Thread-1724] INFO  impl.RaftServerImpl (RaftServerImpl.java:setRole(184)) - b88b3e43-5534-49b3-b3f2-a9f154b450de@group-2FABE92B7E5B: changes role from  FOLLOWER to CANDIDATE at term 240 for changeToCandidate
2019-10-21 23:46:50,962 [Thread-1724] INFO  impl.RoleInfo (RoleInfo.java:updateAndGet(143)) - b88b3e43-5534-49b3-b3f2-a9f154b450de: start LeaderElection
2019-10-21 23:46:50,975 [b88b3e43-5534-49b3-b3f2-a9f154b450de@group-2FABE92B7E5B-LeaderElection234] INFO  impl.LeaderElection (LeaderElection.java:askForVotes(178)) - b88b3e43-5534-49b3-b3f2-a9f154b450de@group-2FABE92B7E5B-LeaderElection234: begin an election at term 241 for -1: [c58a0a02-acd3-47c8-b3e9-5b8e0493de45:192.168.157.254:33611, 1360619e-ba1e-4bf9-aec1-9f15b5480b27:192.168.157.254:45658, b88b3e43-5534-49b3-b3f2-a9f154b450de:192.168.157.254:46786], old=null
2019-10-21 23:46:50,977 [grpc-default-executor-2] INFO  impl.RaftServerImpl (RaftServerImpl.java:setRole(184)) - 1360619e-ba1e-4bf9-aec1-9f15b5480b27@group-2FABE92B7E5B: changes role from  FOLLOWER to FOLLOWER at term 241 for recognizeCandidate:b88b3e43-5534-49b3-b3f2-a9f154b450de
2019-10-21 23:46:50,977 [grpc-default-executor-0] INFO  impl.RaftServerImpl (RaftServerImpl.java:setRole(184)) - c58a0a02-acd3-47c8-b3e9-5b8e0493de45@group-2FABE92B7E5B: changes role from  FOLLOWER to FOLLOWER at term 241 for recognizeCandidate:b88b3e43-5534-49b3-b3f2-a9f154b450de
2019-10-21 23:46:50,977 [grpc-default-executor-2] INFO  impl.RoleInfo (RoleInfo.java:shutdownFollowerState(121)) - 1360619e-ba1e-4bf9-aec1-9f15b5480b27: shutdown FollowerState
2019-10-21 23:46:50,977 [grpc-default-executor-0] INFO  impl.RoleInfo (RoleInfo.java:shutdownFollowerState(121)) - c58a0a02-acd3-47c8-b3e9-5b8e0493de45: shutdown FollowerState
2019-10-21 23:46:50,978 [Thread-1722] INFO  impl.FollowerState (FollowerState.java:run(117)) - 1360619e-ba1e-4bf9-aec1-9f15b5480b27@group-2FABE92B7E5B-FollowerState was interrupted: java.lang.InterruptedException: sleep interrupted
2019-10-21 23:46:50,978 [Thread-1723] INFO  impl.FollowerState (FollowerState.java:run(117)) - c58a0a02-acd3-47c8-b3e9-5b8e0493de45@group-2FABE92B7E5B-FollowerState was interrupted: java.lang.InterruptedException: sleep interrupted
2019-10-21 23:46:50,978 [grpc-default-executor-2] INFO  impl.RoleInfo (RoleInfo.java:updateAndGet(143)) - 1360619e-ba1e-4bf9-aec1-9f15b5480b27: start FollowerState
2019-10-21 23:46:50,978 [grpc-default-executor-0] INFO  impl.RoleInfo (RoleInfo.java:updateAndGet(143)) - c58a0a02-acd3-47c8-b3e9-5b8e0493de45: start FollowerState
2019-10-21 23:46:50,992 [b88b3e43-5534-49b3-b3f2-a9f154b450de@group-2FABE92B7E5B-LeaderElection234] INFO  impl.LeaderElection (LeaderElection.java:logAndReturn(56)) - b88b3e43-5534-49b3-b3f2-a9f154b450de@group-2FABE92B7E5B-LeaderElection234: Election REJECTED; received 2 response(s) [b88b3e43-5534-49b3-b3f2-a9f154b450de<-c58a0a02-acd3-47c8-b3e9-5b8e0493de45#0:FAIL-t241, b88b3e43-5534-49b3-b3f2-a9f154b450de<-1360619e-ba1e-4bf9-aec1-9f15b5480b27#0:FAIL-t241] and 0 exception(s); b88b3e43-5534-49b3-b3f2-a9f154b450de@group-2FABE92B7E5B:t241, leader=null, voted=b88b3e43-5534-49b3-b3f2-a9f154b450de, raftlog=b88b3e43-5534-49b3-b3f2-a9f154b450de@group-2FABE92B7E5B-SegmentedRaftLog:OPENED:c-1,f-1,i0, conf=-1: [c58a0a02-acd3-47c8-b3e9-5b8e0493de45:192.168.157.254:33611, 1360619e-ba1e-4bf9-aec1-9f15b5480b27:192.168.157.254:45658, b88b3e43-5534-49b3-b3f2-a9f154b450de:192.168.157.254:46786], old=null
2019-10-21 23:46:50,992 [b88b3e43-5534-49b3-b3f2-a9f154b450de@group-2FABE92B7E5B-LeaderElection234] INFO  impl.RaftServerImpl (RaftServerImpl.java:setRole(184)) - b88b3e43-5534-49b3-b3f2-a9f154b450de@group-2FABE92B7E5B: changes role from CANDIDATE to FOLLOWER at term 241 for DISCOVERED_A_NEW_TERM
2019-10-21 23:46:50,993 [b88b3e43-5534-49b3-b3f2-a9f154b450de@group-2FABE92B7E5B-LeaderElection234] INFO  impl.RoleInfo (RoleInfo.java:shutdownLeaderElection(134)) - b88b3e43-5534-49b3-b3f2-a9f154b450de: shutdown LeaderElection
2019-10-21 23:46:50,993 [b88b3e43-5534-49b3-b3f2-a9f154b450de@group-2FABE92B7E5B-LeaderElection234] INFO  impl.RoleInfo (RoleInfo.java:updateAndGet(143)) - b88b3e43-5534-49b3-b3f2-a9f154b450de: start FollowerState
2019-10-21 23:46:51,102 [Thread-1730] INFO  impl.FollowerState (FollowerState.java:run(108)) - b88b3e43-5534-49b3-b3f2-a9f154b450de@group-2FABE92B7E5B-FollowerState: change to CANDIDATE, lastRpcTime:109ms, electionTimeout:109ms
2019-10-21 23:46:51,102 [Thread-1730] INFO  impl.RoleInfo (RoleInfo.java:shutdownFollowerState(121)) - b88b3e43-5534-49b3-b3f2-a9f154b450de: shutdown FollowerState
2019-10-21 23:46:51,103 [Thread-1730] INFO  impl.RaftServerImpl (RaftServerImpl.java:setRole(184)) - b88b3e43-5534-49b3-b3f2-a9f154b450de@group-2FABE92B7E5B: changes role from  FOLLOWER to CANDIDATE at term 241 for changeToCandidate
2019-10-21 23:46:51,103 [Thread-1730] INFO  impl.RoleInfo (RoleInfo.java:updateAndGet(143)) - b88b3e43-5534-49b3-b3f2-a9f154b450de: start LeaderElection
2019-10-21 23:46:51,116 [b88b3e43-5534-49b3-b3f2-a9f154b450de@group-2FABE92B7E5B-LeaderElection235] INFO  impl.LeaderElection (LeaderElection.java:askForVotes(178)) - b88b3e43-5534-49b3-b3f2-a9f154b450de@group-2FABE92B7E5B-LeaderElection235: begin an election at term 242 for -1: [c58a0a02-acd3-47c8-b3e9-5b8e0493de45:192.168.157.254:33611, 1360619e-ba1e-4bf9-aec1-9f15b5480b27:192.168.157.254:45658, b88b3e43-5534-49b3-b3f2-a9f154b450de:192.168.157.254:46786], old=null
2019-10-21 23:46:51,119 [grpc-default-executor-0] INFO  impl.RaftServerImpl (RaftServerImpl.java:setRole(184)) - c58a0a02-acd3-47c8-b3e9-5b8e0493de45@group-2FABE92B7E5B: changes role from  FOLLOWER to FOLLOWER at term 242 for recognizeCandidate:b88b3e43-5534-49b3-b3f2-a9f154b450de
2019-10-21 23:46:51,119 [grpc-default-executor-2] INFO  impl.RaftServerImpl (RaftServerImpl.java:setRole(184)) - 1360619e-ba1e-4bf9-aec1-9f15b5480b27@group-2FABE92B7E5B: changes role from  FOLLOWER to FOLLOWER at term 242 for recognizeCandidate:b88b3e43-5534-49b3-b3f2-a9f154b450de
2019-10-21 23:46:51,119 [grpc-default-executor-0] INFO  impl.RoleInfo (RoleInfo.java:shutdownFollowerState(121)) - c58a0a02-acd3-47c8-b3e9-5b8e0493de45: shutdown FollowerState
2019-10-21 23:46:51,119 [grpc-default-executor-2] INFO  impl.RoleInfo (RoleInfo.java:shutdownFollowerState(121)) - 1360619e-ba1e-4bf9-aec1-9f15b5480b27: shutdown FollowerState
2019-10-21 23:46:51,119 [Thread-1729] INFO  impl.FollowerState (FollowerState.java:run(117)) - c58a0a02-acd3-47c8-b3e9-5b8e0493de45@group-2FABE92B7E5B-FollowerState was interrupted: java.lang.InterruptedException: sleep interrupted
2019-10-21 23:46:51,119 [Thread-1728] INFO  impl.FollowerState (FollowerState.java:run(117)) - 1360619e-ba1e-4bf9-aec1-9f15b5480b27@group-2FABE92B7E5B-FollowerState was interrupted: java.lang.InterruptedException: sleep interrupted
2019-10-21 23:46:51,119 [grpc-default-executor-0] INFO  impl.RoleInfo (RoleInfo.java:updateAndGet(143)) - c58a0a02-acd3-47c8-b3e9-5b8e0493de45: start FollowerState
2019-10-21 23:46:51,119 [grpc-default-executor-2] INFO  impl.RoleInfo (RoleInfo.java:updateAndGet(143)) - 1360619e-ba1e-4bf9-aec1-9f15b5480b27: start FollowerState
2019-10-21 23:46:51,134 [b88b3e43-5534-49b3-b3f2-a9f154b450de@group-2FABE92B7E5B-LeaderElection235] INFO  impl.LeaderElection (LeaderElection.java:logAndReturn(56)) - b88b3e43-5534-49b3-b3f2-a9f154b450de@group-2FABE92B7E5B-LeaderElection235: Election REJECTED; received 2 response(s) [b88b3e43-5534-49b3-b3f2-a9f154b450de<-c58a0a02-acd3-47c8-b3e9-5b8e0493de45#0:FAIL-t242, b88b3e43-5534-49b3-b3f2-a9f154b450de<-1360619e-ba1e-4bf9-aec1-9f15b5480b27#0:FAIL-t242] and 0 exception(s); b88b3e43-5534-49b3-b3f2-a9f154b450de@group-2FABE92B7E5B:t242, leader=null, voted=b88b3e43-5534-49b3-b3f2-a9f154b450de, raftlog=b88b3e43-5534-49b3-b3f2-a9f154b450de@group-2FABE92B7E5B-SegmentedRaftLog:OPENED:c-1,f-1,i0, conf=-1: [c58a0a02-acd3-47c8-b3e9-5b8e0493de45:192.168.157.254:33611, 1360619e-ba1e-4bf9-aec1-9f15b5480b27:192.168.157.254:45658, b88b3e43-5534-49b3-b3f2-a9f154b450de:192.168.157.254:46786], old=null
2019-10-21 23:46:51,134 [b88b3e43-5534-49b3-b3f2-a9f154b450de@group-2FABE92B7E5B-LeaderElection235] INFO  impl.RaftServerImpl (RaftServerImpl.java:setRole(184)) - b88b3e43-5534-49b3-b3f2-a9f154b450de@group-2FABE92B7E5B: changes role from CANDIDATE to FOLLOWER at term 242 for DISCOVERED_A_NEW_TERM
2019-10-21 23:46:51,134 [b88b3e43-5534-49b3-b3f2-a9f154b450de@group-2FABE92B7E5B-LeaderElection235] INFO  impl.RoleInfo (RoleInfo.java:shutdownLeaderElection(134)) - b88b3e43-5534-49b3-b3f2-a9f154b450de: shutdown LeaderElection
2019-10-21 23:46:51,134 [b88b3e43-5534-49b3-b3f2-a9f154b450de@group-2FABE92B7E5B-LeaderElection235] INFO  impl.RoleInfo (RoleInfo.java:updateAndGet(143)) - b88b3e43-5534-49b3-b3f2-a9f154b450de: start FollowerState
2019-10-21 23:46:51,152 [Thread-1738] INFO  impl.FollowerState (FollowerState.java:run(108)) - b88b3e43-5534-49b3-b3f2-a9f154b450de@group-2FABE92B7E5B-FollowerState: change to CANDIDATE, lastRpcTime:17ms, electionTimeout:17ms
2019-10-21 23:46:51,152 [Thread-1738] INFO  impl.RoleInfo (RoleInfo.java:shutdownFollowerState(121)) - b88b3e43-5534-49b3-b3f2-a9f154b450de: shutdown FollowerState
2019-10-21 23:46:51,152 [Thread-1738] INFO  impl.RaftServerImpl (RaftServerImpl.java:setRole(184)) - b88b3e43-5534-49b3-b3f2-a9f154b450de@group-2FABE92B7E5B: changes role from  FOLLOWER to CANDIDATE at term 242 for changeToCandidate
2019-10-21 23:46:51,152 [Thread-1738] INFO  impl.RoleInfo (RoleInfo.java:updateAndGet(143)) - b88b3e43-5534-49b3-b3f2-a9f154b450de: start LeaderElection
2019-10-21 23:46:51,166 [b88b3e43-5534-49b3-b3f2-a9f154b450de@group-2FABE92B7E5B-LeaderElection236] INFO  impl.LeaderElection (LeaderElection.java:askForVotes(178)) - b88b3e43-5534-49b3-b3f2-a9f154b450de@group-2FABE92B7E5B-LeaderElection236: begin an election at term 243 for -1: [c58a0a02-acd3-47c8-b3e9-5b8e0493de45:192.168.157.254:33611, 1360619e-ba1e-4bf9-aec1-9f15b5480b27:192.168.157.254:45658, b88b3e43-5534-49b3-b3f2-a9f154b450de:192.168.157.254:46786], old=null
2019-10-21 23:46:51,168 [grpc-default-executor-2] INFO  impl.RaftServerImpl (RaftServerImpl.java:setRole(184)) - c58a0a02-acd3-47c8-b3e9-5b8e0493de45@group-2FABE92B7E5B: changes role from  FOLLOWER to FOLLOWER at term 243 for recognizeCandidate:b88b3e43-5534-49b3-b3f2-a9f154b450de
2019-10-21 23:46:51,168 [grpc-default-executor-0] INFO  impl.RaftServerImpl (RaftServerImpl.java:setRole(184)) - 1360619e-ba1e-4bf9-aec1-9f15b5480b27@group-2FABE92B7E5B: changes role from  FOLLOWER to FOLLOWER at term 243 for recognizeCandidate:b88b3e43-5534-49b3-b3f2-a9f154b450de
2019-10-21 23:46:51,168 [grpc-default-executor-2] INFO  impl.RoleInfo (RoleInfo.java:shutdownFollowerState(121)) - c58a0a02-acd3-47c8-b3e9-5b8e0493de45: shutdown FollowerState
2019-10-21 23:46:51,168 [grpc-default-executor-0] INFO  impl.RoleInfo (RoleInfo.java:shutdownFollowerState(121)) - 1360619e-ba1e-4bf9-aec1-9f15b5480b27: shutdown FollowerState
2019-10-21 23:46:51,169 [Thread-1736] INFO  impl.FollowerState (FollowerState.java:run(117)) - c58a0a02-acd3-47c8-b3e9-5b8e0493de45@group-2FABE92B7E5B-FollowerState was interrupted: java.lang.InterruptedException: sleep interrupted
2019-10-21 23:46:51,169 [grpc-default-executor-2] INFO  impl.RoleInfo (RoleInfo.java:updateAndGet(143)) - c58a0a02-acd3-47c8-b3e9-5b8e0493de45: start FollowerState
2019-10-21 23:46:51,169 [Thread-1737] INFO  impl.FollowerState (FollowerState.java:run(117)) - 1360619e-ba1e-4bf9-aec1-9f15b5480b27@group-2FABE92B7E5B-FollowerState was interrupted: java.lang.InterruptedException: sleep interrupted
2019-10-21 23:46:51,169 [grpc-default-executor-0] INFO  impl.RoleInfo (RoleInfo.java:updateAndGet(143)) - 1360619e-ba1e-4bf9-aec1-9f15b5480b27: start FollowerState
2019-10-21 23:46:51,183 [b88b3e43-5534-49b3-b3f2-a9f154b450de@group-2FABE92B7E5B-LeaderElection236] INFO  impl.LeaderElection (LeaderElection.java:logAndReturn(56)) - b88b3e43-5534-49b3-b3f2-a9f154b450de@group-2FABE92B7E5B-LeaderElection236: Election REJECTED; received 2 response(s) [b88b3e43-5534-49b3-b3f2-a9f154b450de<-c58a0a02-acd3-47c8-b3e9-5b8e0493de45#0:FAIL-t243, b88b3e43-5534-49b3-b3f2-a9f154b450de<-1360619e-ba1e-4bf9-aec1-9f15b5480b27#0:FAIL-t243] and 0 exception(s); b88b3e43-5534-49b3-b3f2-a9f154b450de@group-2FABE92B7E5B:t243, leader=null, voted=b88b3e43-5534-49b3-b3f2-a9f154b450de, raftlog=b88b3e43-5534-49b3-b3f2-a9f154b450de@group-2FABE92B7E5B-SegmentedRaftLog:OPENED:c-1,f-1,i0, conf=-1: [c58a0a02-acd3-47c8-b3e9-5b8e0493de45:192.168.157.254:33611, 1360619e-ba1e-4bf9-aec1-9f15b5480b27:192.168.157.254:45658, b88b3e43-5534-49b3-b3f2-a9f154b450de:192.168.157.254:46786], old=null
2019-10-21 23:46:51,184 [b88b3e43-5534-49b3-b3f2-a9f154b450de@group-2FABE92B7E5B-LeaderElection236] INFO  impl.RaftServerImpl (RaftServerImpl.java:setRole(184)) - b88b3e43-5534-49b3-b3f2-a9f154b450de@group-2FABE92B7E5B: changes role from CANDIDATE to FOLLOWER at term 243 for DISCOVERED_A_NEW_TERM
2019-10-21 23:46:51,184 [b88b3e43-5534-49b3-b3f2-a9f154b450de@group-2FABE92B7E5B-LeaderElection236] INFO  impl.RoleInfo (RoleInfo.java:shutdownLeaderElection(134)) - b88b3e43-5534-49b3-b3f2-a9f154b450de: shutdown LeaderElection
2019-10-21 23:46:51,184 [b88b3e43-5534-49b3-b3f2-a9f154b450de@group-2FABE92B7E5B-LeaderElection236] INFO  impl.RoleInfo (RoleInfo.java:updateAndGet(143)) - b88b3e43-5534-49b3-b3f2-a9f154b450de: start FollowerState
2019-10-21 23:46:51,215 [Thread-1744] INFO  impl.FollowerState (FollowerState.java:run(108)) - b88b3e43-5534-49b3-b3f2-a9f154b450de@group-2FABE92B7E5B-FollowerState: change to CANDIDATE, lastRpcTime:31ms, electionTimeout:31ms
2019-10-21 23:46:51,216 [Thread-1744] INFO  impl.RoleInfo (RoleInfo.java:shutdownFollowerState(121)) - b88b3e43-5534-49b3-b3f2-a9f154b450de: shutdown FollowerState
2019-10-21 23:46:51,216 [Thread-1744] INFO  impl.RaftServerImpl (RaftServerImpl.java:setRole(184)) - b88b3e43-5534-49b3-b3f2-a9f154b450de@group-2FABE92B7E5B: changes role from  FOLLOWER to CANDIDATE at term 243 for changeToCandidate
2019-10-21 23:46:51,216 [Thread-1744] INFO  impl.RoleInfo (RoleInfo.java:updateAndGet(143)) - b88b3e43-5534-49b3-b3f2-a9f154b450de: start LeaderElection
2019-10-21 23:46:51,230 [b88b3e43-5534-49b3-b3f2-a9f154b450de@group-2FABE92B7E5B-LeaderElection237] INFO  impl.LeaderElection (LeaderElection.java:askForVotes(178)) - b88b3e43-5534-49b3-b3f2-a9f154b450de@group-2FABE92B7E5B-LeaderElection237: begin an election at term 244 for -1: [c58a0a02-acd3-47c8-b3e9-5b8e0493de45:192.168.157.254:33611, 1360619e-ba1e-4bf9-aec1-9f15b5480b27:192.168.157.254:45658, b88b3e43-5534-49b3-b3f2-a9f154b450de:192.168.157.254:46786], old=null
2019-10-21 23:46:51,231 [grpc-default-executor-0] INFO  impl.RaftServerImpl (RaftServerImpl.java:setRole(184)) - c58a0a02-acd3-47c8-b3e9-5b8e0493de45@group-2FABE92B7E5B: changes role from  FOLLOWER to FOLLOWER at term 244 for recognizeCandidate:b88b3e43-5534-49b3-b3f2-a9f154b450de
2019-10-21 23:46:51,231 [grpc-default-executor-0] INFO  impl.RoleInfo (RoleInfo.java:shutdownFollowerState(121)) - c58a0a02-acd3-47c8-b3e9-5b8e0493de45: shutdown FollowerState
2019-10-21 23:46:51,231 [grpc-default-executor-2] INFO  impl.RaftServerImpl (RaftServerImpl.java:setRole(184)) - 1360619e-ba1e-4bf9-aec1-9f15b5480b27@group-2FABE92B7E5B: changes role from  FOLLOWER to FOLLOWER at term 244 for recognizeCandidate:b88b3e43-5534-49b3-b3f2-a9f154b450de
2019-10-21 23:46:51,232 [Thread-1742] INFO  impl.FollowerState (FollowerState.java:run(117)) - c58a0a02-acd3-47c8-b3e9-5b8e0493de45@group-2FABE92B7E5B-FollowerState was interrupted: java.lang.InterruptedException: sleep interrupted
2019-10-21 23:46:51,231 [grpc-default-executor-0] INFO  impl.RoleInfo (RoleInfo.java:updateAndGet(143)) - c58a0a02-acd3-47c8-b3e9-5b8e0493de45: start FollowerState
2019-10-21 23:46:51,232 [grpc-default-executor-2] INFO  impl.RoleInfo (RoleInfo.java:shutdownFollowerState(121)) - 1360619e-ba1e-4bf9-aec1-9f15b5480b27: shutdown FollowerState
2019-10-21 23:46:51,232 [grpc-default-executor-2] INFO  impl.RoleInfo (RoleInfo.java:updateAndGet(143)) - 1360619e-ba1e-4bf9-aec1-9f15b5480b27: start FollowerState
2019-10-21 23:46:51,232 [Thread-1743] INFO  impl.FollowerState (FollowerState.java:run(117)) - 1360619e-ba1e-4bf9-aec1-9f15b5480b27@group-2FABE92B7E5B-FollowerState was interrupted: java.lang.InterruptedException: sleep interrupted
2019-10-21 23:46:51,246 [b88b3e43-5534-49b3-b3f2-a9f154b450de@group-2FABE92B7E5B-LeaderElection237] INFO  impl.LeaderElection (LeaderElection.java:logAndReturn(56)) - b88b3e43-5534-49b3-b3f2-a9f154b450de@group-2FABE92B7E5B-LeaderElection237: Election REJECTED; received 2 response(s) [b88b3e43-5534-49b3-b3f2-a9f154b450de<-c58a0a02-acd3-47c8-b3e9-5b8e0493de45#0:FAIL-t244, b88b3e43-5534-49b3-b3f2-a9f154b450de<-1360619e-ba1e-4bf9-aec1-9f15b5480b27#0:FAIL-t244] and 0 exception(s); b88b3e43-5534-49b3-b3f2-a9f154b450de@group-2FABE92B7E5B:t244, leader=null, voted=b88b3e43-5534-49b3-b3f2-a9f154b450de, raftlog=b88b3e43-5534-49b3-b3f2-a9f154b450de@group-2FABE92B7E5B-SegmentedRaftLog:OPENED:c-1,f-1,i0, conf=-1: [c58a0a02-acd3-47c8-b3e9-5b8e0493de45:192.168.157.254:33611, 1360619e-ba1e-4bf9-aec1-9f15b5480b27:192.168.157.254:45658, b88b3e43-5534-49b3-b3f2-a9f154b450de:192.168.157.254:46786], old=null
2019-10-21 23:46:51,246 [b88b3e43-5534-49b3-b3f2-a9f154b450de@group-2FABE92B7E5B-LeaderElection237] INFO  impl.RaftServerImpl (RaftServerImpl.java:setRole(184)) - b88b3e43-5534-49b3-b3f2-a9f154b450de@group-2FABE92B7E5B: changes role from CANDIDATE to FOLLOWER at term 244 for DISCOVERED_A_NEW_TERM
2019-10-21 23:46:51,246 [b88b3e43-5534-49b3-b3f2-a9f154b450de@group-2FABE92B7E5B-LeaderElection237] INFO  impl.RoleInfo (RoleInfo.java:shutdownLeaderElection(134)) - b88b3e43-5534-49b3-b3f2-a9f154b450de: shutdown LeaderElection
2019-10-21 23:46:51,246 [b88b3e43-5534-49b3-b3f2-a9f154b450de@group-2FABE92B7E5B-LeaderElection237] INFO  impl.RoleInfo (RoleInfo.java:updateAndGet(143)) - b88b3e43-5534-49b3-b3f2-a9f154b450de: start FollowerState
2019-10-21 23:46:51,432 [Thread-1750] INFO  impl.FollowerState (FollowerState.java:run(108)) - b88b3e43-5534-49b3-b3f2-a9f154b450de@group-2FABE92B7E5B-FollowerState: change to CANDIDATE, lastRpcTime:185ms, electionTimeout:185ms
2019-10-21 23:46:51,432 [Thread-1750] INFO  impl.RoleInfo (RoleInfo.java:shutdownFollowerState(121)) - b88b3e43-5534-49b3-b3f2-a9f154b450de: shutdown FollowerState
2019-10-21 23:46:51,433 [Thread-1750] INFO  impl.RaftServerImpl (RaftServerImpl.java:setRole(184)) - b88b3e43-5534-49b3-b3f2-a9f154b450de@group-2FABE92B7E5B: changes role from  FOLLOWER to CANDIDATE at term 244 for changeToCandidate
2019-10-21 23:46:51,433 [Thread-1750] INFO  impl.RoleInfo (RoleInfo.java:updateAndGet(143)) - b88b3e43-5534-49b3-b3f2-a9f154b450de: start LeaderElection
2019-10-21 23:46:51,441 [b88b3e43-5534-49b3-b3f2-a9f154b450de@group-2FABE92B7E5B-LeaderElection238] INFO  impl.LeaderElection (LeaderElection.java:askForVotes(178)) - b88b3e43-5534-49b3-b3f2-a9f154b450de@group-2FABE92B7E5B-LeaderElection238: begin an election at term 245 for -1: [c58a0a02-acd3-47c8-b3e9-5b8e0493de45:192.168.157.254:33611, 1360619e-ba1e-4bf9-aec1-9f15b5480b27:192.168.157.254:45658, b88b3e43-5534-49b3-b3f2-a9f154b450de:192.168.157.254:46786], old=null
2019-10-21 23:46:51,444 [grpc-default-executor-2] INFO  impl.RaftServerImpl (RaftServerImpl.java:setRole(184)) - c58a0a02-acd3-47c8-b3e9-5b8e0493de45@group-2FABE92B7E5B: changes role from  FOLLOWER to FOLLOWER at term 245 for recognizeCandidate:b88b3e43-5534-49b3-b3f2-a9f154b450de
2019-10-21 23:46:51,444 [grpc-default-executor-0] INFO  impl.RaftServerImpl (RaftServerImpl.java:setRole(184)) - 1360619e-ba1e-4bf9-aec1-9f15b5480b27@group-2FABE92B7E5B: changes role from  FOLLOWER to FOLLOWER at term 245 for recognizeCandidate:b88b3e43-5534-49b3-b3f2-a9f154b450de
2019-10-21 23:46:51,444 [grpc-default-executor-2] INFO  impl.RoleInfo (RoleInfo.java:shutdownFollowerState(121)) - c58a0a02-acd3-47c8-b3e9-5b8e0493de45: shutdown FollowerState
2019-10-21 23:46:51,444 [grpc-default-executor-0] INFO  impl.RoleInfo (RoleInfo.java:shutdownFollowerState(121)) - 1360619e-ba1e-4bf9-aec1-9f15b5480b27: shutdown FollowerState
2019-10-21 23:46:51,445 [grpc-default-executor-2] INFO  impl.RoleInfo (RoleInfo.java:updateAndGet(143)) - c58a0a02-acd3-47c8-b3e9-5b8e0493de45: start FollowerState
2019-10-21 23:46:51,445 [Thread-1749] INFO  impl.FollowerState (FollowerState.java:run(117)) - 1360619e-ba1e-4bf9-aec1-9f15b5480b27@group-2FABE92B7E5B-FollowerState was interrupted: java.lang.InterruptedException: sleep interrupted
2019-10-21 23:46:51,445 [grpc-default-executor-0] INFO  impl.RoleInfo (RoleInfo.java:updateAndGet(143)) - 1360619e-ba1e-4bf9-aec1-9f15b5480b27: start FollowerState
2019-10-21 23:46:51,445 [Thread-1748] INFO  impl.FollowerState (FollowerState.java:run(117)) - c58a0a02-acd3-47c8-b3e9-5b8e0493de45@group-2FABE92B7E5B-FollowerState was interrupted: java.lang.InterruptedException: sleep interrupted
2019-10-21 23:46:51,457 [b88b3e43-5534-49b3-b3f2-a9f154b450de@group-2FABE92B7E5B-LeaderElection238] INFO  impl.LeaderElection (LeaderElection.java:logAndReturn(56)) - b88b3e43-5534-49b3-b3f2-a9f154b450de@group-2FABE92B7E5B-LeaderElection238: Election REJECTED; received 2 response(s) [b88b3e43-5534-49b3-b3f2-a9f154b450de<-c58a0a02-acd3-47c8-b3e9-5b8e0493de45#0:FAIL-t245, b88b3e43-5534-49b3-b3f2-a9f154b450de<-1360619e-ba1e-4bf9-aec1-9f15b5480b27#0:FAIL-t245] and 0 exception(s); b88b3e43-5534-49b3-b3f2-a9f154b450de@group-2FABE92B7E5B:t245, leader=null, voted=b88b3e43-5534-49b3-b3f2-a9f154b450de, raftlog=b88b3e43-5534-49b3-b3f2-a9f154b450de@group-2FABE92B7E5B-SegmentedRaftLog:OPENED:c-1,f-1,i0, conf=-1: [c58a0a02-acd3-47c8-b3e9-5b8e0493de45:192.168.157.254:33611, 1360619e-ba1e-4bf9-aec1-9f15b5480b27:192.168.157.254:45658, b88b3e43-5534-49b3-b3f2-a9f154b450de:192.168.157.254:46786], old=null
2019-10-21 23:46:51,458 [b88b3e43-5534-49b3-b3f2-a9f154b450de@group-2FABE92B7E5B-LeaderElection238] INFO  impl.RaftServerImpl (RaftServerImpl.java:setRole(184)) - b88b3e43-5534-49b3-b3f2-a9f154b450de@group-2FABE92B7E5B: changes role from CANDIDATE to FOLLOWER at term 245 for DISCOVERED_A_NEW_TERM
2019-10-21 23:46:51,458 [b88b3e43-5534-49b3-b3f2-a9f154b450de@group-2FABE92B7E5B-LeaderElection238] INFO  impl.RoleInfo (RoleInfo.java:shutdownLeaderElection(134)) - b88b3e43-5534-49b3-b3f2-a9f154b450de: shutdown LeaderElection
2019-10-21 23:46:51,458 [b88b3e43-5534-49b3-b3f2-a9f154b450de@group-2FABE92B7E5B-LeaderElection238] INFO  impl.RoleInfo (RoleInfo.java:updateAndGet(143)) - b88b3e43-5534-49b3-b3f2-a9f154b450de: start FollowerState
2019-10-21 23:46:51,593 [Thread-1756] INFO  impl.FollowerState (FollowerState.java:run(108)) - b88b3e43-5534-49b3-b3f2-a9f154b450de@group-2FABE92B7E5B-FollowerState: change to CANDIDATE, lastRpcTime:135ms, electionTimeout:135ms
2019-10-21 23:46:51,594 [Thread-1756] INFO  impl.RoleInfo (RoleInfo.java:shutdownFollowerState(121)) - b88b3e43-5534-49b3-b3f2-a9f154b450de: shutdown FollowerState
2019-10-21 23:46:51,594 [Thread-1756] INFO  impl.RaftServerImpl (RaftServerImpl.java:setRole(184)) - b88b3e43-5534-49b3-b3f2-a9f154b450de@group-2FABE92B7E5B: changes role from  FOLLOWER to CANDIDATE at term 245 for changeToCandidate
2019-10-21 23:46:51,594 [Thread-1756] INFO  impl.RoleInfo (RoleInfo.java:updateAndGet(143)) - b88b3e43-5534-49b3-b3f2-a9f154b450de: start LeaderElection
2019-10-21 23:46:51,608 [b88b3e43-5534-49b3-b3f2-a9f154b450de@group-2FABE92B7E5B-LeaderElection239] INFO  impl.LeaderElection (LeaderElection.java:askForVotes(178)) - b88b3e43-5534-49b3-b3f2-a9f154b450de@group-2FABE92B7E5B-LeaderElection239: begin an election at term 246 for -1: [c58a0a02-acd3-47c8-b3e9-5b8e0493de45:192.168.157.254:33611, 1360619e-ba1e-4bf9-aec1-9f15b5480b27:192.168.157.254:45658, b88b3e43-5534-49b3-b3f2-a9f154b450de:192.168.157.254:46786], old=null
2019-10-21 23:46:51,611 [grpc-default-executor-0] INFO  impl.RaftServerImpl (RaftServerImpl.java:setRole(184)) - c58a0a02-acd3-47c8-b3e9-5b8e0493de45@group-2FABE92B7E5B: changes role from  FOLLOWER to FOLLOWER at term 246 for recognizeCandidate:b88b3e43-5534-49b3-b3f2-a9f154b450de
2019-10-21 23:46:51,611 [grpc-default-executor-0] INFO  impl.RoleInfo (RoleInfo.java:shutdownFollowerState(121)) - c58a0a02-acd3-47c8-b3e9-5b8e0493de45: shutdown FollowerState
2019-10-21 23:46:51,611 [grpc-default-executor-2] INFO  impl.RaftServerImpl (RaftServerImpl.java:setRole(184)) - 1360619e-ba1e-4bf9-aec1-9f15b5480b27@group-2FABE92B7E5B: changes role from  FOLLOWER to FOLLOWER at term 246 for recognizeCandidate:b88b3e43-5534-49b3-b3f2-a9f154b450de
2019-10-21 23:46:51,611 [grpc-default-executor-0] INFO  impl.RoleInfo (RoleInfo.java:updateAndGet(143)) - c58a0a02-acd3-47c8-b3e9-5b8e0493de45: start FollowerState
2019-10-21 23:46:51,611 [Thread-1754] INFO  impl.FollowerState (FollowerState.java:run(117)) - c58a0a02-acd3-47c8-b3e9-5b8e0493de45@group-2FABE92B7E5B-FollowerState was interrupted: java.lang.InterruptedException: sleep interrupted
2019-10-21 23:46:51,611 [grpc-default-executor-2] INFO  impl.RoleInfo (RoleInfo.java:shutdownFollowerState(121)) - 1360619e-ba1e-4bf9-aec1-9f15b5480b27: shutdown FollowerState
2019-10-21 23:46:51,612 [Thread-1755] INFO  impl.FollowerState (FollowerState.java:run(117)) - 1360619e-ba1e-4bf9-aec1-9f15b5480b27@group-2FABE92B7E5B-FollowerState was interrupted: java.lang.InterruptedException: sleep interrupted
2019-10-21 23:46:51,612 [grpc-default-executor-2] INFO  impl.RoleInfo (RoleInfo.java:updateAndGet(143)) - 1360619e-ba1e-4bf9-aec1-9f15b5480b27: start FollowerState
2019-10-21 23:46:51,626 [b88b3e43-5534-49b3-b3f2-a9f154b450de@group-2FABE92B7E5B-LeaderElection239] INFO  impl.LeaderElection (LeaderElection.java:logAndReturn(56)) - b88b3e43-5534-49b3-b3f2-a9f154b450de@group-2FABE92B7E5B-LeaderElection239: Election REJECTED; received 2 response(s) [b88b3e43-5534-49b3-b3f2-a9f154b450de<-c58a0a02-acd3-47c8-b3e9-5b8e0493de45#0:FAIL-t246, b88b3e43-5534-49b3-b3f2-a9f154b450de<-1360619e-ba1e-4bf9-aec1-9f15b5480b27#0:FAIL-t246] and 0 exception(s); b88b3e43-5534-49b3-b3f2-a9f154b450de@group-2FABE92B7E5B:t246, leader=null, voted=b88b3e43-5534-49b3-b3f2-a9f154b450de, raftlog=b88b3e43-5534-49b3-b3f2-a9f154b450de@group-2FABE92B7E5B-SegmentedRaftLog:OPENED:c-1,f-1,i0, conf=-1: [c58a0a02-acd3-47c8-b3e9-5b8e0493de45:192.168.157.254:33611, 1360619e-ba1e-4bf9-aec1-9f15b5480b27:192.168.157.254:45658, b88b3e43-5534-49b3-b3f2-a9f154b450de:192.168.157.254:46786], old=null
2019-10-21 23:46:51,626 [b88b3e43-5534-49b3-b3f2-a9f154b450de@group-2FABE92B7E5B-LeaderElection239] INFO  impl.RaftServerImpl (RaftServerImpl.java:setRole(184)) - b88b3e43-5534-49b3-b3f2-a9f154b450de@group-2FABE92B7E5B: changes role from CANDIDATE to FOLLOWER at term 246 for DISCOVERED_A_NEW_TERM
2019-10-21 23:46:51,626 [b88b3e43-5534-49b3-b3f2-a9f154b450de@group-2FABE92B7E5B-LeaderElection239] INFO  impl.RoleInfo (RoleInfo.java:shutdownLeaderElection(134)) - b88b3e43-5534-49b3-b3f2-a9f154b450de: shutdown LeaderElection
2019-10-21 23:46:51,627 [b88b3e43-5534-49b3-b3f2-a9f154b450de@group-2FABE92B7E5B-LeaderElection239] INFO  impl.RoleInfo (RoleInfo.java:updateAndGet(143)) - b88b3e43-5534-49b3-b3f2-a9f154b450de: start FollowerState
2019-10-21 23:46:51,814 [Thread-1762] INFO  impl.FollowerState (FollowerState.java:run(108)) - b88b3e43-5534-49b3-b3f2-a9f154b450de@group-2FABE92B7E5B-FollowerState: change to CANDIDATE, lastRpcTime:187ms, electionTimeout:187ms
2019-10-21 23:46:51,814 [Thread-1762] INFO  impl.RoleInfo (RoleInfo.java:shutdownFollowerState(121)) - b88b3e43-5534-49b3-b3f2-a9f154b450de: shutdown FollowerState
2019-10-21 23:46:51,814 [Thread-1762] INFO  impl.RaftServerImpl (RaftServerImpl.java:setRole(184)) - b88b3e43-5534-49b3-b3f2-a9f154b450de@group-2FABE92B7E5B: changes role from  FOLLOWER to CANDIDATE at term 246 for changeToCandidate
2019-10-21 23:46:51,814 [Thread-1762] INFO  impl.RoleInfo (RoleInfo.java:updateAndGet(143)) - b88b3e43-5534-49b3-b3f2-a9f154b450de: start LeaderElection
2019-10-21 23:46:51,828 [b88b3e43-5534-49b3-b3f2-a9f154b450de@group-2FABE92B7E5B-LeaderElection240] INFO  impl.LeaderElection (LeaderElection.java:askForVotes(178)) - b88b3e43-5534-49b3-b3f2-a9f154b450de@group-2FABE92B7E5B-LeaderElection240: begin an election at term 247 for -1: [c58a0a02-acd3-47c8-b3e9-5b8e0493de45:192.168.157.254:33611, 1360619e-ba1e-4bf9-aec1-9f15b5480b27:192.168.157.254:45658, b88b3e43-5534-49b3-b3f2-a9f154b450de:192.168.157.254:46786], old=null
2019-10-21 23:46:51,830 [grpc-default-executor-2] INFO  impl.RaftServerImpl (RaftServerImpl.java:setRole(184)) - 1360619e-ba1e-4bf9-aec1-9f15b5480b27@group-2FABE92B7E5B: changes role from  FOLLOWER to FOLLOWER at term 247 for recognizeCandidate:b88b3e43-5534-49b3-b3f2-a9f154b450de
2019-10-21 23:46:51,831 [grpc-default-executor-0] INFO  impl.RaftServerImpl (RaftServerImpl.java:setRole(184)) - c58a0a02-acd3-47c8-b3e9-5b8e0493de45@group-2FABE92B7E5B: changes role from  FOLLOWER to FOLLOWER at term 247 for recognizeCandidate:b88b3e43-5534-49b3-b3f2-a9f154b450de
2019-10-21 23:46:51,831 [grpc-default-executor-2] INFO  impl.RoleInfo (RoleInfo.java:shutdownFollowerState(121)) - 1360619e-ba1e-4bf9-aec1-9f15b5480b27: shutdown FollowerState
2019-10-21 23:46:51,831 [grpc-default-executor-0] INFO  impl.RoleInfo (RoleInfo.java:shutdownFollowerState(121)) - c58a0a02-acd3-47c8-b3e9-5b8e0493de45: shutdown FollowerState
2019-10-21 23:46:51,831 [Thread-1761] INFO  impl.FollowerState (FollowerState.java:run(117)) - 1360619e-ba1e-4bf9-aec1-9f15b5480b27@group-2FABE92B7E5B-FollowerState was interrupted: java.lang.InterruptedException: sleep interrupted
2019-10-21 23:46:51,831 [grpc-default-executor-2] INFO  impl.RoleInfo (RoleInfo.java:updateAndGet(143)) - 1360619e-ba1e-4bf9-aec1-9f15b5480b27: start FollowerState
2019-10-21 23:46:51,831 [Thread-1760] INFO  impl.FollowerState (FollowerState.java:run(117)) - c58a0a02-acd3-47c8-b3e9-5b8e0493de45@group-2FABE92B7E5B-FollowerState was interrupted: java.lang.InterruptedException: sleep interrupted
2019-10-21 23:46:51,831 [grpc-default-executor-0] INFO  impl.RoleInfo (RoleInfo.java:updateAndGet(143)) - c58a0a02-acd3-47c8-b3e9-5b8e0493de45: start FollowerState
2019-10-21 23:46:51,846 [b88b3e43-5534-49b3-b3f2-a9f154b450de@group-2FABE92B7E5B-LeaderElection240] INFO  impl.LeaderElection (LeaderElection.java:logAndReturn(56)) - b88b3e43-5534-49b3-b3f2-a9f154b450de@group-2FABE92B7E5B-LeaderElection240: Election REJECTED; received 2 response(s) [b88b3e43-5534-49b3-b3f2-a9f154b450de<-c58a0a02-acd3-47c8-b3e9-5b8e0493de45#0:FAIL-t247, b88b3e43-5534-49b3-b3f2-a9f154b450de<-1360619e-ba1e-4bf9-aec1-9f15b5480b27#0:FAIL-t247] and 0 exception(s); b88b3e43-5534-49b3-b3f2-a9f154b450de@group-2FABE92B7E5B:t247, leader=null, voted=b88b3e43-5534-49b3-b3f2-a9f154b450de, raftlog=b88b3e43-5534-49b3-b3f2-a9f154b450de@group-2FABE92B7E5B-SegmentedRaftLog:OPENED:c-1,f-1,i0, conf=-1: [c58a0a02-acd3-47c8-b3e9-5b8e0493de45:192.168.157.254:33611, 1360619e-ba1e-4bf9-aec1-9f15b5480b27:192.168.157.254:45658, b88b3e43-5534-49b3-b3f2-a9f154b450de:192.168.157.254:46786], old=null
2019-10-21 23:46:51,846 [b88b3e43-5534-49b3-b3f2-a9f154b450de@group-2FABE92B7E5B-LeaderElection240] INFO  impl.RaftServerImpl (RaftServerImpl.java:setRole(184)) - b88b3e43-5534-49b3-b3f2-a9f154b450de@group-2FABE92B7E5B: changes role from CANDIDATE to FOLLOWER at term 247 for DISCOVERED_A_NEW_TERM
2019-10-21 23:46:51,846 [b88b3e43-5534-49b3-b3f2-a9f154b450de@group-2FABE92B7E5B-LeaderElection240] INFO  impl.RoleInfo (RoleInfo.java:shutdownLeaderElection(134)) - b88b3e43-5534-49b3-b3f2-a9f154b450de: shutdown LeaderElection
2019-10-21 23:46:51,846 [b88b3e43-5534-49b3-b3f2-a9f154b450de@group-2FABE92B7E5B-LeaderElection240] INFO  impl.RoleInfo (RoleInfo.java:updateAndGet(143)) - b88b3e43-5534-49b3-b3f2-a9f154b450de: start FollowerState
2019-10-21 23:46:51,900 [Thread-1768] INFO  impl.FollowerState (FollowerState.java:run(108)) - b88b3e43-5534-49b3-b3f2-a9f154b450de@group-2FABE92B7E5B-FollowerState: change to CANDIDATE, lastRpcTime:54ms, electionTimeout:54ms
2019-10-21 23:46:51,901 [Thread-1768] INFO  impl.RoleInfo (RoleInfo.java:shutdownFollowerState(121)) - b88b3e43-5534-49b3-b3f2-a9f154b450de: shutdown FollowerState
2019-10-21 23:46:51,901 [Thread-1768] INFO  impl.RaftServerImpl (RaftServerImpl.java:setRole(184)) - b88b3e43-5534-49b3-b3f2-a9f154b450de@group-2FABE92B7E5B: changes role from  FOLLOWER to CANDIDATE at term 247 for changeToCandidate
2019-10-21 23:46:51,901 [Thread-1768] INFO  impl.RoleInfo (RoleInfo.java:updateAndGet(143)) - b88b3e43-5534-49b3-b3f2-a9f154b450de: start LeaderElection
2019-10-21 23:46:51,936 [b88b3e43-5534-49b3-b3f2-a9f154b450de@group-2FABE92B7E5B-LeaderElection241] INFO  impl.LeaderElection (LeaderElection.java:askForVotes(178)) - b88b3e43-5534-49b3-b3f2-a9f154b450de@group-2FABE92B7E5B-LeaderElection241: begin an election at term 248 for -1: [c58a0a02-acd3-47c8-b3e9-5b8e0493de45:192.168.157.254:33611, 1360619e-ba1e-4bf9-aec1-9f15b5480b27:192.168.157.254:45658, b88b3e43-5534-49b3-b3f2-a9f154b450de:192.168.157.254:46786], old=null
2019-10-21 23:46:51,937 [grpc-default-executor-2] INFO  impl.RaftServerImpl (RaftServerImpl.java:setRole(184)) - 1360619e-ba1e-4bf9-aec1-9f15b5480b27@group-2FABE92B7E5B: changes role from  FOLLOWER to FOLLOWER at term 248 for recognizeCandidate:b88b3e43-5534-49b3-b3f2-a9f154b450de
2019-10-21 23:46:51,938 [grpc-default-executor-0] INFO  impl.RaftServerImpl (RaftServerImpl.java:setRole(184)) - c58a0a02-acd3-47c8-b3e9-5b8e0493de45@group-2FABE92B7E5B: changes role from  FOLLOWER to FOLLOWER at term 248 for recognizeCandidate:b88b3e43-5534-49b3-b3f2-a9f154b450de
2019-10-21 23:46:51,938 [grpc-default-executor-0] INFO  impl.RoleInfo (RoleInfo.java:shutdownFollowerState(121)) - c58a0a02-acd3-47c8-b3e9-5b8e0493de45: shutdown FollowerState
2019-10-21 23:46:51,938 [grpc-default-executor-2] INFO  impl.RoleInfo (RoleInfo.java:shutdownFollowerState(121)) - 1360619e-ba1e-4bf9-aec1-9f15b5480b27: shutdown FollowerState
2019-10-21 23:46:51,938 [Thread-1767] INFO  impl.FollowerState (FollowerState.java:run(117)) - c58a0a02-acd3-47c8-b3e9-5b8e0493de45@group-2FABE92B7E5B-FollowerState was interrupted: java.lang.InterruptedException: sleep interrupted
2019-10-21 23:46:51,938 [grpc-default-executor-0] INFO  impl.RoleInfo (RoleInfo.java:updateAndGet(143)) - c58a0a02-acd3-47c8-b3e9-5b8e0493de45: start FollowerState
2019-10-21 23:46:51,938 [Thread-1766] INFO  impl.FollowerState (FollowerState.java:run(117)) - 1360619e-ba1e-4bf9-aec1-9f15b5480b27@group-2FABE92B7E5B-FollowerState was interrupted: java.lang.InterruptedException: sleep interrupted
2019-10-21 23:46:51,938 [grpc-default-executor-2] INFO  impl.RoleInfo (RoleInfo.java:updateAndGet(143)) - 1360619e-ba1e-4bf9-aec1-9f15b5480b27: start FollowerState
2019-10-21 23:46:51,952 [b88b3e43-5534-49b3-b3f2-a9f154b450de@group-2FABE92B7E5B-LeaderElection241] INFO  impl.LeaderElection (LeaderElection.java:logAndReturn(56)) - b88b3e43-5534-49b3-b3f2-a9f154b450de@group-2FABE92B7E5B-LeaderElection241: Election REJECTED; received 2 response(s) [b88b3e43-5534-49b3-b3f2-a9f154b450de<-c58a0a02-acd3-47c8-b3e9-5b8e0493de45#0:FAIL-t248, b88b3e43-5534-49b3-b3f2-a9f154b450de<-1360619e-ba1e-4bf9-aec1-9f15b5480b27#0:FAIL-t248] and 0 exception(s); b88b3e43-5534-49b3-b3f2-a9f154b450de@group-2FABE92B7E5B:t248, leader=null, voted=b88b3e43-5534-49b3-b3f2-a9f154b450de, raftlog=b88b3e43-5534-49b3-b3f2-a9f154b450de@group-2FABE92B7E5B-SegmentedRaftLog:OPENED:c-1,f-1,i0, conf=-1: [c58a0a02-acd3-47c8-b3e9-5b8e0493de45:192.168.157.254:33611, 1360619e-ba1e-4bf9-aec1-9f15b5480b27:192.168.157.254:45658, b88b3e43-5534-49b3-b3f2-a9f154b450de:192.168.157.254:46786], old=null
2019-10-21 23:46:51,952 [b88b3e43-5534-49b3-b3f2-a9f154b450de@group-2FABE92B7E5B-LeaderElection241] INFO  impl.RaftServerImpl (RaftServerImpl.java:setRole(184)) - b88b3e43-5534-49b3-b3f2-a9f154b450de@group-2FABE92B7E5B: changes role from CANDIDATE to FOLLOWER at term 248 for DISCOVERED_A_NEW_TERM
2019-10-21 23:46:51,952 [b88b3e43-5534-49b3-b3f2-a9f154b450de@group-2FABE92B7E5B-LeaderElection241] INFO  impl.RoleInfo (RoleInfo.java:shutdownLeaderElection(134)) - b88b3e43-5534-49b3-b3f2-a9f154b450de: shutdown LeaderElection
2019-10-21 23:46:51,953 [b88b3e43-5534-49b3-b3f2-a9f154b450de@group-2FABE92B7E5B-LeaderElection241] INFO  impl.RoleInfo (RoleInfo.java:updateAndGet(143)) - b88b3e43-5534-49b3-b3f2-a9f154b450de: start FollowerState
2019-10-21 23:46:52,040 [Thread-1774] INFO  impl.FollowerState (FollowerState.java:run(108)) - b88b3e43-5534-49b3-b3f2-a9f154b450de@group-2FABE92B7E5B-FollowerState: change to CANDIDATE, lastRpcTime:87ms, electionTimeout:87ms
2019-10-21 23:46:52,040 [Thread-1774] INFO  impl.RoleInfo (RoleInfo.java:shutdownFollowerState(121)) - b88b3e43-5534-49b3-b3f2-a9f154b450de: shutdown FollowerState
2019-10-21 23:46:52,040 [Thread-1774] INFO  impl.RaftServerImpl (RaftServerImpl.java:setRole(184)) - b88b3e43-5534-49b3-b3f2-a9f154b450de@group-2FABE92B7E5B: changes role from  FOLLOWER to CANDIDATE at term 248 for changeToCandidate
2019-10-21 23:46:52,043 [Thread-1774] INFO  impl.RoleInfo (RoleInfo.java:updateAndGet(143)) - b88b3e43-5534-49b3-b3f2-a9f154b450de: start LeaderElection
2019-10-21 23:46:52,064 [b88b3e43-5534-49b3-b3f2-a9f154b450de@group-2FABE92B7E5B-LeaderElection242] INFO  impl.LeaderElection (LeaderElection.java:askForVotes(178)) - b88b3e43-5534-49b3-b3f2-a9f154b450de@group-2FABE92B7E5B-LeaderElection242: begin an election at term 249 for -1: [c58a0a02-acd3-47c8-b3e9-5b8e0493de45:192.168.157.254:33611, 1360619e-ba1e-4bf9-aec1-9f15b5480b27:192.168.157.254:45658, b88b3e43-5534-49b3-b3f2-a9f154b450de:192.168.157.254:46786], old=null
2019-10-21 23:46:52,067 [grpc-default-executor-2] INFO  impl.RaftServerImpl (RaftServerImpl.java:setRole(184)) - 1360619e-ba1e-4bf9-aec1-9f15b5480b27@group-2FABE92B7E5B: changes role from  FOLLOWER to FOLLOWER at term 249 for recognizeCandidate:b88b3e43-5534-49b3-b3f2-a9f154b450de
2019-10-21 23:46:52,067 [grpc-default-executor-0] INFO  impl.RaftServerImpl (RaftServerImpl.java:setRole(184)) - c58a0a02-acd3-47c8-b3e9-5b8e0493de45@group-2FABE92B7E5B: changes role from  FOLLOWER to FOLLOWER at term 249 for recognizeCandidate:b88b3e43-5534-49b3-b3f2-a9f154b450de
2019-10-21 23:46:52,067 [grpc-default-executor-2] INFO  impl.RoleInfo (RoleInfo.java:shutdownFollowerState(121)) - 1360619e-ba1e-4bf9-aec1-9f15b5480b27: shutdown FollowerState
2019-10-21 23:46:52,067 [grpc-default-executor-0] INFO  impl.RoleInfo (RoleInfo.java:shutdownFollowerState(121)) - c58a0a02-acd3-47c8-b3e9-5b8e0493de45: shutdown FollowerState
2019-10-21 23:46:52,067 [grpc-default-executor-2] INFO  impl.RoleInfo (RoleInfo.java:updateAndGet(143)) - 1360619e-ba1e-4bf9-aec1-9f15b5480b27: start FollowerState
2019-10-21 23:46:52,067 [grpc-default-executor-0] INFO  impl.RoleInfo (RoleInfo.java:updateAndGet(143)) - c58a0a02-acd3-47c8-b3e9-5b8e0493de45: start FollowerState
2019-10-21 23:46:52,067 [Thread-1773] INFO  impl.FollowerState (FollowerState.java:run(117)) - 1360619e-ba1e-4bf9-aec1-9f15b5480b27@group-2FABE92B7E5B-FollowerState was interrupted: java.lang.InterruptedException: sleep interrupted
2019-10-21 23:46:52,067 [Thread-1772] INFO  impl.FollowerState (FollowerState.java:run(117)) - c58a0a02-acd3-47c8-b3e9-5b8e0493de45@group-2FABE92B7E5B-FollowerState was interrupted: java.lang.InterruptedException: sleep interrupted
2019-10-21 23:46:52,080 [b88b3e43-5534-49b3-b3f2-a9f154b450de@group-2FABE92B7E5B-LeaderElection242] INFO  impl.LeaderElection (LeaderElection.java:logAndReturn(56)) - b88b3e43-5534-49b3-b3f2-a9f154b450de@group-2FABE92B7E5B-LeaderElection242: Election REJECTED; received 2 response(s) [b88b3e43-5534-49b3-b3f2-a9f154b450de<-c58a0a02-acd3-47c8-b3e9-5b8e0493de45#0:FAIL-t249, b88b3e43-5534-49b3-b3f2-a9f154b450de<-1360619e-ba1e-4bf9-aec1-9f15b5480b27#0:FAIL-t249] and 0 exception(s); b88b3e43-5534-49b3-b3f2-a9f154b450de@group-2FABE92B7E5B:t249, leader=null, voted=b88b3e43-5534-49b3-b3f2-a9f154b450de, raftlog=b88b3e43-5534-49b3-b3f2-a9f154b450de@group-2FABE92B7E5B-SegmentedRaftLog:OPENED:c-1,f-1,i0, conf=-1: [c58a0a02-acd3-47c8-b3e9-5b8e0493de45:192.168.157.254:33611, 1360619e-ba1e-4bf9-aec1-9f15b5480b27:192.168.157.254:45658, b88b3e43-5534-49b3-b3f2-a9f154b450de:192.168.157.254:46786], old=null
2019-10-21 23:46:52,082 [b88b3e43-5534-49b3-b3f2-a9f154b450de@group-2FABE92B7E5B-LeaderElection242] INFO  impl.RaftServerImpl (RaftServerImpl.java:setRole(184)) - b88b3e43-5534-49b3-b3f2-a9f154b450de@group-2FABE92B7E5B: changes role from CANDIDATE to FOLLOWER at term 249 for DISCOVERED_A_NEW_TERM
2019-10-21 23:46:52,082 [b88b3e43-5534-49b3-b3f2-a9f154b450de@group-2FABE92B7E5B-LeaderElection242] INFO  impl.RoleInfo (RoleInfo.java:shutdownLeaderElection(134)) - b88b3e43-5534-49b3-b3f2-a9f154b450de: shutdown LeaderElection
2019-10-21 23:46:52,082 [b88b3e43-5534-49b3-b3f2-a9f154b450de@group-2FABE92B7E5B-LeaderElection242] INFO  impl.RoleInfo (RoleInfo.java:updateAndGet(143)) - b88b3e43-5534-49b3-b3f2-a9f154b450de: start FollowerState
2019-10-21 23:46:52,225 [Thread-1782] INFO  impl.FollowerState (FollowerState.java:run(108)) - b88b3e43-5534-49b3-b3f2-a9f154b450de@group-2FABE92B7E5B-FollowerState: change to CANDIDATE, lastRpcTime:143ms, electionTimeout:143ms
2019-10-21 23:46:52,225 [Thread-1782] INFO  impl.RoleInfo (RoleInfo.java:shutdownFollowerState(121)) - b88b3e43-5534-49b3-b3f2-a9f154b450de: shutdown FollowerState
2019-10-21 23:46:52,226 [Thread-1782] INFO  impl.RaftServerImpl (RaftServerImpl.java:setRole(184)) - b88b3e43-5534-49b3-b3f2-a9f154b450de@group-2FABE92B7E5B: changes role from  FOLLOWER to CANDIDATE at term 249 for changeToCandidate
2019-10-21 23:46:52,226 [Thread-1782] INFO  impl.RoleInfo (RoleInfo.java:updateAndGet(143)) - b88b3e43-5534-49b3-b3f2-a9f154b450de: start LeaderElection
2019-10-21 23:46:52,240 [b88b3e43-5534-49b3-b3f2-a9f154b450de@group-2FABE92B7E5B-LeaderElection243] INFO  impl.LeaderElection (LeaderElection.java:askForVotes(178)) - b88b3e43-5534-49b3-b3f2-a9f154b450de@group-2FABE92B7E5B-LeaderElection243: begin an election at term 250 for -1: [c58a0a02-acd3-47c8-b3e9-5b8e0493de45:192.168.157.254:33611, 1360619e-ba1e-4bf9-aec1-9f15b5480b27:192.168.157.254:45658, b88b3e43-5534-49b3-b3f2-a9f154b450de:192.168.157.254:46786], old=null
2019-10-21 23:46:52,241 [grpc-default-executor-0] INFO  impl.RaftServerImpl (RaftServerImpl.java:setRole(184)) - c58a0a02-acd3-47c8-b3e9-5b8e0493de45@group-2FABE92B7E5B: changes role from  FOLLOWER to FOLLOWER at term 250 for recognizeCandidate:b88b3e43-5534-49b3-b3f2-a9f154b450de
2019-10-21 23:46:52,241 [grpc-default-executor-1] INFO  impl.RaftServerImpl (RaftServerImpl.java:setRole(184)) - 1360619e-ba1e-4bf9-aec1-9f15b5480b27@group-2FABE92B7E5B: changes role from  FOLLOWER to FOLLOWER at term 250 for recognizeCandidate:b88b3e43-5534-49b3-b3f2-a9f154b450de
2019-10-21 23:46:52,241 [grpc-default-executor-0] INFO  impl.RoleInfo (RoleInfo.java:shutdownFollowerState(121)) - c58a0a02-acd3-47c8-b3e9-5b8e0493de45: shutdown FollowerState
2019-10-21 23:46:52,241 [grpc-default-executor-1] INFO  impl.RoleInfo (RoleInfo.java:shutdownFollowerState(121)) - 1360619e-ba1e-4bf9-aec1-9f15b5480b27: shutdown FollowerState
2019-10-21 23:46:52,242 [Thread-1779] INFO  impl.FollowerState (FollowerState.java:run(117)) - c58a0a02-acd3-47c8-b3e9-5b8e0493de45@group-2FABE92B7E5B-FollowerState was interrupted: java.lang.InterruptedException: sleep interrupted
2019-10-21 23:46:52,242 [Thread-1778] INFO  impl.FollowerState (FollowerState.java:run(117)) - 1360619e-ba1e-4bf9-aec1-9f15b5480b27@group-2FABE92B7E5B-FollowerState was interrupted: java.lang.InterruptedException: sleep interrupted
2019-10-21 23:46:52,242 [grpc-default-executor-0] INFO  impl.RoleInfo (RoleInfo.java:updateAndGet(143)) - c58a0a02-acd3-47c8-b3e9-5b8e0493de45: start FollowerState
2019-10-21 23:46:52,242 [grpc-default-executor-1] INFO  impl.RoleInfo (RoleInfo.java:updateAndGet(143)) - 1360619e-ba1e-4bf9-aec1-9f15b5480b27: start FollowerState
2019-10-21 23:46:52,255 [b88b3e43-5534-49b3-b3f2-a9f154b450de@group-2FABE92B7E5B-LeaderElection243] INFO  impl.LeaderElection (LeaderElection.java:logAndReturn(56)) - b88b3e43-5534-49b3-b3f2-a9f154b450de@group-2FABE92B7E5B-LeaderElection243: Election REJECTED; received 2 response(s) [b88b3e43-5534-49b3-b3f2-a9f154b450de<-c58a0a02-acd3-47c8-b3e9-5b8e0493de45#0:FAIL-t250, b88b3e43-5534-49b3-b3f2-a9f154b450de<-1360619e-ba1e-4bf9-aec1-9f15b5480b27#0:FAIL-t250] and 0 exception(s); b88b3e43-5534-49b3-b3f2-a9f154b450de@group-2FABE92B7E5B:t250, leader=null, voted=b88b3e43-5534-49b3-b3f2-a9f154b450de, raftlog=b88b3e43-5534-49b3-b3f2-a9f154b450de@group-2FABE92B7E5B-SegmentedRaftLog:OPENED:c-1,f-1,i0, conf=-1: [c58a0a02-acd3-47c8-b3e9-5b8e0493de45:192.168.157.254:33611, 1360619e-ba1e-4bf9-aec1-9f15b5480b27:192.168.157.254:45658, b88b3e43-5534-49b3-b3f2-a9f154b450de:192.168.157.254:46786], old=null
2019-10-21 23:46:52,255 [b88b3e43-5534-49b3-b3f2-a9f154b450de@group-2FABE92B7E5B-LeaderElection243] INFO  impl.RaftServerImpl (RaftServerImpl.java:setRole(184)) - b88b3e43-5534-49b3-b3f2-a9f154b450de@group-2FABE92B7E5B: changes role from CANDIDATE to FOLLOWER at term 250 for DISCOVERED_A_NEW_TERM
2019-10-21 23:46:52,255 [b88b3e43-5534-49b3-b3f2-a9f154b450de@group-2FABE92B7E5B-LeaderElection243] INFO  impl.RoleInfo (RoleInfo.java:shutdownLeaderElection(134)) - b88b3e43-5534-49b3-b3f2-a9f154b450de: shutdown LeaderElection
2019-10-21 23:46:52,255 [b88b3e43-5534-49b3-b3f2-a9f154b450de@group-2FABE92B7E5B-LeaderElection243] INFO  impl.RoleInfo (RoleInfo.java:updateAndGet(143)) - b88b3e43-5534-49b3-b3f2-a9f154b450de: start FollowerState
2019-10-21 23:46:52,356 [Thread-1788] INFO  impl.FollowerState (FollowerState.java:run(108)) - b88b3e43-5534-49b3-b3f2-a9f154b450de@group-2FABE92B7E5B-FollowerState: change to CANDIDATE, lastRpcTime:100ms, electionTimeout:100ms
2019-10-21 23:46:52,356 [Thread-1788] INFO  impl.RoleInfo (RoleInfo.java:shutdownFollowerState(121)) - b88b3e43-5534-49b3-b3f2-a9f154b450de: shutdown FollowerState
2019-10-21 23:46:52,356 [Thread-1788] INFO  impl.RaftServerImpl (RaftServerImpl.java:setRole(184)) - b88b3e43-5534-49b3-b3f2-a9f154b450de@group-2FABE92B7E5B: changes role from  FOLLOWER to CANDIDATE at term 250 for changeToCandidate
2019-10-21 23:46:52,356 [Thread-1788] INFO  impl.RoleInfo (RoleInfo.java:updateAndGet(143)) - b88b3e43-5534-49b3-b3f2-a9f154b450de: start LeaderElection
2019-10-21 23:46:52,370 [b88b3e43-5534-49b3-b3f2-a9f154b450de@group-2FABE92B7E5B-LeaderElection244] INFO  impl.LeaderElection (LeaderElection.java:askForVotes(178)) - b88b3e43-5534-49b3-b3f2-a9f154b450de@group-2FABE92B7E5B-LeaderElection244: begin an election at term 251 for -1: [c58a0a02-acd3-47c8-b3e9-5b8e0493de45:192.168.157.254:33611, 1360619e-ba1e-4bf9-aec1-9f15b5480b27:192.168.157.254:45658, b88b3e43-5534-49b3-b3f2-a9f154b450de:192.168.157.254:46786], old=null
2019-10-21 23:46:52,372 [grpc-default-executor-1] INFO  impl.RaftServerImpl (RaftServerImpl.java:setRole(184)) - c58a0a02-acd3-47c8-b3e9-5b8e0493de45@group-2FABE92B7E5B: changes role from  FOLLOWER to FOLLOWER at term 251 for recognizeCandidate:b88b3e43-5534-49b3-b3f2-a9f154b450de
2019-10-21 23:46:52,372 [grpc-default-executor-0] INFO  impl.RaftServerImpl (RaftServerImpl.java:setRole(184)) - 1360619e-ba1e-4bf9-aec1-9f15b5480b27@group-2FABE92B7E5B: changes role from  FOLLOWER to FOLLOWER at term 251 for recognizeCandidate:b88b3e43-5534-49b3-b3f2-a9f154b450de
2019-10-21 23:46:52,372 [grpc-default-executor-1] INFO  impl.RoleInfo (RoleInfo.java:shutdownFollowerState(121)) - c58a0a02-acd3-47c8-b3e9-5b8e0493de45: shutdown FollowerState
2019-10-21 23:46:52,372 [grpc-default-executor-0] INFO  impl.RoleInfo (RoleInfo.java:shutdownFollowerState(121)) - 1360619e-ba1e-4bf9-aec1-9f15b5480b27: shutdown FollowerState
2019-10-21 23:46:52,372 [Thread-1786] INFO  impl.FollowerState (FollowerState.java:run(117)) - c58a0a02-acd3-47c8-b3e9-5b8e0493de45@group-2FABE92B7E5B-FollowerState was interrupted: java.lang.InterruptedException: sleep interrupted
2019-10-21 23:46:52,372 [grpc-default-executor-1] INFO  impl.RoleInfo (RoleInfo.java:updateAndGet(143)) - c58a0a02-acd3-47c8-b3e9-5b8e0493de45: start FollowerState
2019-10-21 23:46:52,372 [Thread-1787] INFO  impl.FollowerState (FollowerState.java:run(117)) - 1360619e-ba1e-4bf9-aec1-9f15b5480b27@group-2FABE92B7E5B-FollowerState was interrupted: java.lang.InterruptedException: sleep interrupted
2019-10-21 23:46:52,372 [grpc-default-executor-0] INFO  impl.RoleInfo (RoleInfo.java:updateAndGet(143)) - 1360619e-ba1e-4bf9-aec1-9f15b5480b27: start FollowerState
2019-10-21 23:46:52,386 [b88b3e43-5534-49b3-b3f2-a9f154b450de@group-2FABE92B7E5B-LeaderElection244] INFO  impl.LeaderElection (LeaderElection.java:logAndReturn(56)) - b88b3e43-5534-49b3-b3f2-a9f154b450de@group-2FABE92B7E5B-LeaderElection244: Election REJECTED; received 2 response(s) [b88b3e43-5534-49b3-b3f2-a9f154b450de<-c58a0a02-acd3-47c8-b3e9-5b8e0493de45#0:FAIL-t251, b88b3e43-5534-49b3-b3f2-a9f154b450de<-1360619e-ba1e-4bf9-aec1-9f15b5480b27#0:FAIL-t251] and 0 exception(s); b88b3e43-5534-49b3-b3f2-a9f154b450de@group-2FABE92B7E5B:t251, leader=null, voted=b88b3e43-5534-49b3-b3f2-a9f154b450de, raftlog=b88b3e43-5534-49b3-b3f2-a9f154b450de@group-2FABE92B7E5B-SegmentedRaftLog:OPENED:c-1,f-1,i0, conf=-1: [c58a0a02-acd3-47c8-b3e9-5b8e0493de45:192.168.157.254:33611, 1360619e-ba1e-4bf9-aec1-9f15b5480b27:192.168.157.254:45658, b88b3e43-5534-49b3-b3f2-a9f154b450de:192.168.157.254:46786], old=null
2019-10-21 23:46:52,387 [b88b3e43-5534-49b3-b3f2-a9f154b450de@group-2FABE92B7E5B-LeaderElection244] INFO  impl.RaftServerImpl (RaftServerImpl.java:setRole(184)) - b88b3e43-5534-49b3-b3f2-a9f154b450de@group-2FABE92B7E5B: changes role from CANDIDATE to FOLLOWER at term 251 for DISCOVERED_A_NEW_TERM
2019-10-21 23:46:52,387 [b88b3e43-5534-49b3-b3f2-a9f154b450de@group-2FABE92B7E5B-LeaderElection244] INFO  impl.RoleInfo (RoleInfo.java:shutdownLeaderElection(134)) - b88b3e43-5534-49b3-b3f2-a9f154b450de: shutdown LeaderElection
2019-10-21 23:46:52,387 [b88b3e43-5534-49b3-b3f2-a9f154b450de@group-2FABE92B7E5B-LeaderElection244] INFO  impl.RoleInfo (RoleInfo.java:updateAndGet(143)) - b88b3e43-5534-49b3-b3f2-a9f154b450de: start FollowerState
2019-10-21 23:46:52,567 [Thread-1794] INFO  impl.FollowerState (FollowerState.java:run(108)) - b88b3e43-5534-49b3-b3f2-a9f154b450de@group-2FABE92B7E5B-FollowerState: change to CANDIDATE, lastRpcTime:180ms, electionTimeout:180ms
2019-10-21 23:46:52,568 [Thread-1794] INFO  impl.RoleInfo (RoleInfo.java:shutdownFollowerState(121)) - b88b3e43-5534-49b3-b3f2-a9f154b450de: shutdown FollowerState
2019-10-21 23:46:52,568 [Thread-1794] INFO  impl.RaftServerImpl (RaftServerImpl.java:setRole(184)) - b88b3e43-5534-49b3-b3f2-a9f154b450de@group-2FABE92B7E5B: changes role from  FOLLOWER to CANDIDATE at term 251 for changeToCandidate
2019-10-21 23:46:52,568 [Thread-1794] INFO  impl.RoleInfo (RoleInfo.java:updateAndGet(143)) - b88b3e43-5534-49b3-b3f2-a9f154b450de: start LeaderElection
2019-10-21 23:46:52,578 [b88b3e43-5534-49b3-b3f2-a9f154b450de@group-2FABE92B7E5B-LeaderElection245] INFO  impl.LeaderElection (LeaderElection.java:askForVotes(178)) - b88b3e43-5534-49b3-b3f2-a9f154b450de@group-2FABE92B7E5B-LeaderElection245: begin an election at term 252 for -1: [c58a0a02-acd3-47c8-b3e9-5b8e0493de45:192.168.157.254:33611, 1360619e-ba1e-4bf9-aec1-9f15b5480b27:192.168.157.254:45658, b88b3e43-5534-49b3-b3f2-a9f154b450de:192.168.157.254:46786], old=null
2019-10-21 23:46:52,580 [grpc-default-executor-0] INFO  impl.RaftServerImpl (RaftServerImpl.java:setRole(184)) - c58a0a02-acd3-47c8-b3e9-5b8e0493de45@group-2FABE92B7E5B: changes role from  FOLLOWER to FOLLOWER at term 252 for recognizeCandidate:b88b3e43-5534-49b3-b3f2-a9f154b450de
2019-10-21 23:46:52,580 [grpc-default-executor-1] INFO  impl.RaftServerImpl (RaftServerImpl.java:setRole(184)) - 1360619e-ba1e-4bf9-aec1-9f15b5480b27@group-2FABE92B7E5B: changes role from  FOLLOWER to FOLLOWER at term 252 for recognizeCandidate:b88b3e43-5534-49b3-b3f2-a9f154b450de
2019-10-21 23:46:52,580 [grpc-default-executor-0] INFO  impl.RoleInfo (RoleInfo.java:shutdownFollowerState(121)) - c58a0a02-acd3-47c8-b3e9-5b8e0493de45: shutdown FollowerState
2019-10-21 23:46:52,580 [grpc-default-executor-1] INFO  impl.RoleInfo (RoleInfo.java:shutdownFollowerState(121)) - 1360619e-ba1e-4bf9-aec1-9f15b5480b27: shutdown FollowerState
2019-10-21 23:46:52,580 [Thread-1792] INFO  impl.FollowerState (FollowerState.java:run(117)) - c58a0a02-acd3-47c8-b3e9-5b8e0493de45@group-2FABE92B7E5B-FollowerState was interrupted: java.lang.InterruptedException: sleep interrupted
2019-10-21 23:46:52,580 [grpc-default-executor-0] INFO  impl.RoleInfo (RoleInfo.java:updateAndGet(143)) - c58a0a02-acd3-47c8-b3e9-5b8e0493de45: start FollowerState
2019-10-21 23:46:52,581 [Thread-1793] INFO  impl.FollowerState (FollowerState.java:run(117)) - 1360619e-ba1e-4bf9-aec1-9f15b5480b27@group-2FABE92B7E5B-FollowerState was interrupted: java.lang.InterruptedException: sleep interrupted
2019-10-21 23:46:52,581 [grpc-default-executor-1] INFO  impl.RoleInfo (RoleInfo.java:updateAndGet(143)) - 1360619e-ba1e-4bf9-aec1-9f15b5480b27: start FollowerState
2019-10-21 23:46:52,597 [b88b3e43-5534-49b3-b3f2-a9f154b450de@group-2FABE92B7E5B-LeaderElection245] INFO  impl.LeaderElection (LeaderElection.java:logAndReturn(56)) - b88b3e43-5534-49b3-b3f2-a9f154b450de@group-2FABE92B7E5B-LeaderElection245: Election REJECTED; received 2 response(s) [b88b3e43-5534-49b3-b3f2-a9f154b450de<-c58a0a02-acd3-47c8-b3e9-5b8e0493de45#0:FAIL-t252, b88b3e43-5534-49b3-b3f2-a9f154b450de<-1360619e-ba1e-4bf9-aec1-9f15b5480b27#0:FAIL-t252] and 0 exception(s); b88b3e43-5534-49b3-b3f2-a9f154b450de@group-2FABE92B7E5B:t252, leader=null, voted=b88b3e43-5534-49b3-b3f2-a9f154b450de, raftlog=b88b3e43-5534-49b3-b3f2-a9f154b450de@group-2FABE92B7E5B-SegmentedRaftLog:OPENED:c-1,f-1,i0, conf=-1: [c58a0a02-acd3-47c8-b3e9-5b8e0493de45:192.168.157.254:33611, 1360619e-ba1e-4bf9-aec1-9f15b5480b27:192.168.157.254:45658, b88b3e43-5534-49b3-b3f2-a9f154b450de:192.168.157.254:46786], old=null
2019-10-21 23:46:52,597 [b88b3e43-5534-49b3-b3f2-a9f154b450de@group-2FABE92B7E5B-LeaderElection245] INFO  impl.RaftServerImpl (RaftServerImpl.java:setRole(184)) - b88b3e43-5534-49b3-b3f2-a9f154b450de@group-2FABE92B7E5B: changes role from CANDIDATE to FOLLOWER at term 252 for DISCOVERED_A_NEW_TERM
2019-10-21 23:46:52,597 [b88b3e43-5534-49b3-b3f2-a9f154b450de@group-2FABE92B7E5B-LeaderElection245] INFO  impl.RoleInfo (RoleInfo.java:shutdownLeaderElection(134)) - b88b3e43-5534-49b3-b3f2-a9f154b450de: shutdown LeaderElection
2019-10-21 23:46:52,597 [b88b3e43-5534-49b3-b3f2-a9f154b450de@group-2FABE92B7E5B-LeaderElection245] INFO  impl.RoleInfo (RoleInfo.java:updateAndGet(143)) - b88b3e43-5534-49b3-b3f2-a9f154b450de: start FollowerState
2019-10-21 23:46:52,795 [Thread-1800] INFO  impl.FollowerState (FollowerState.java:run(108)) - b88b3e43-5534-49b3-b3f2-a9f154b450de@group-2FABE92B7E5B-FollowerState: change to CANDIDATE, lastRpcTime:197ms, electionTimeout:197ms
2019-10-21 23:46:52,795 [Thread-1800] INFO  impl.RoleInfo (RoleInfo.java:shutdownFollowerState(121)) - b88b3e43-5534-49b3-b3f2-a9f154b450de: shutdown FollowerState
2019-10-21 23:46:52,795 [Thread-1800] INFO  impl.RaftServerImpl (RaftServerImpl.java:setRole(184)) - b88b3e43-5534-49b3-b3f2-a9f154b450de@group-2FABE92B7E5B: changes role from  FOLLOWER to CANDIDATE at term 252 for changeToCandidate
2019-10-21 23:46:52,796 [Thread-1800] INFO  impl.RoleInfo (RoleInfo.java:updateAndGet(143)) - b88b3e43-5534-49b3-b3f2-a9f154b450de: start LeaderElection
2019-10-21 23:46:52,800 [b88b3e43-5534-49b3-b3f2-a9f154b450de@group-2FABE92B7E5B-LeaderElection246] INFO  impl.LeaderElection (LeaderElection.java:askForVotes(178)) - b88b3e43-5534-49b3-b3f2-a9f154b450de@group-2FABE92B7E5B-LeaderElection246: begin an election at term 253 for -1: [c58a0a02-acd3-47c8-b3e9-5b8e0493de45:192.168.157.254:33611, 1360619e-ba1e-4bf9-aec1-9f15b5480b27:192.168.157.254:45658, b88b3e43-5534-49b3-b3f2-a9f154b450de:192.168.157.254:46786], old=null
2019-10-21 23:46:52,804 [grpc-default-executor-1] INFO  impl.RaftServerImpl (RaftServerImpl.java:setRole(184)) - 1360619e-ba1e-4bf9-aec1-9f15b5480b27@group-2FABE92B7E5B: changes role from  FOLLOWER to FOLLOWER at term 253 for recognizeCandidate:b88b3e43-5534-49b3-b3f2-a9f154b450de
2019-10-21 23:46:52,804 [grpc-default-executor-0] INFO  impl.RaftServerImpl (RaftServerImpl.java:setRole(184)) - c58a0a02-acd3-47c8-b3e9-5b8e0493de45@group-2FABE92B7E5B: changes role from  FOLLOWER to FOLLOWER at term 253 for recognizeCandidate:b88b3e43-5534-49b3-b3f2-a9f154b450de
2019-10-21 23:46:52,805 [grpc-default-executor-0] INFO  impl.RoleInfo (RoleInfo.java:shutdownFollowerState(121)) - c58a0a02-acd3-47c8-b3e9-5b8e0493de45: shutdown FollowerState
2019-10-21 23:46:52,805 [grpc-default-executor-1] INFO  impl.RoleInfo (RoleInfo.java:shutdownFollowerState(121)) - 1360619e-ba1e-4bf9-aec1-9f15b5480b27: shutdown FollowerState
2019-10-21 23:46:52,805 [Thread-1798] INFO  impl.FollowerState (FollowerState.java:run(117)) - c58a0a02-acd3-47c8-b3e9-5b8e0493de45@group-2FABE92B7E5B-FollowerState was interrupted: java.lang.InterruptedException: sleep interrupted
2019-10-21 23:46:52,805 [grpc-default-executor-0] INFO  impl.RoleInfo (RoleInfo.java:updateAndGet(143)) - c58a0a02-acd3-47c8-b3e9-5b8e0493de45: start FollowerState
2019-10-21 23:46:52,805 [Thread-1799] INFO  impl.FollowerState (FollowerState.java:run(117)) - 1360619e-ba1e-4bf9-aec1-9f15b5480b27@group-2FABE92B7E5B-FollowerState was interrupted: java.lang.InterruptedException: sleep interrupted
2019-10-21 23:46:52,805 [grpc-default-executor-1] INFO  impl.RoleInfo (RoleInfo.java:updateAndGet(143)) - 1360619e-ba1e-4bf9-aec1-9f15b5480b27: start FollowerState
2019-10-21 23:46:52,807 [b88b3e43-5534-49b3-b3f2-a9f154b450de@group-2FABE92B7E5B-LeaderElection246] INFO  impl.LeaderElection (LeaderElection.java:logAndReturn(56)) - b88b3e43-5534-49b3-b3f2-a9f154b450de@group-2FABE92B7E5B-LeaderElection246: Election TIMEOUT; received 0 response(s) [] and 0 exception(s); b88b3e43-5534-49b3-b3f2-a9f154b450de@group-2FABE92B7E5B:t253, leader=null, voted=b88b3e43-5534-49b3-b3f2-a9f154b450de, raftlog=b88b3e43-5534-49b3-b3f2-a9f154b450de@group-2FABE92B7E5B-SegmentedRaftLog:OPENED:c-1,f-1,i0, conf=-1: [c58a0a02-acd3-47c8-b3e9-5b8e0493de45:192.168.157.254:33611, 1360619e-ba1e-4bf9-aec1-9f15b5480b27:192.168.157.254:45658, b88b3e43-5534-49b3-b3f2-a9f154b450de:192.168.157.254:46786], old=null
2019-10-21 23:46:52,812 [b88b3e43-5534-49b3-b3f2-a9f154b450de@group-2FABE92B7E5B-LeaderElection246] INFO  impl.LeaderElection (LeaderElection.java:askForVotes(178)) - b88b3e43-5534-49b3-b3f2-a9f154b450de@group-2FABE92B7E5B-LeaderElection246: begin an election at term 254 for -1: [c58a0a02-acd3-47c8-b3e9-5b8e0493de45:192.168.157.254:33611, 1360619e-ba1e-4bf9-aec1-9f15b5480b27:192.168.157.254:45658, b88b3e43-5534-49b3-b3f2-a9f154b450de:192.168.157.254:46786], old=null
2019-10-21 23:46:52,813 [grpc-default-executor-0] INFO  impl.RaftServerImpl (RaftServerImpl.java:setRole(184)) - c58a0a02-acd3-47c8-b3e9-5b8e0493de45@group-2FABE92B7E5B: changes role from  FOLLOWER to FOLLOWER at term 254 for recognizeCandidate:b88b3e43-5534-49b3-b3f2-a9f154b450de
2019-10-21 23:46:52,813 [grpc-default-executor-0] INFO  impl.RoleInfo (RoleInfo.java:shutdownFollowerState(121)) - c58a0a02-acd3-47c8-b3e9-5b8e0493de45: shutdown FollowerState
2019-10-21 23:46:52,814 [grpc-default-executor-0] INFO  impl.RoleInfo (RoleInfo.java:updateAndGet(143)) - c58a0a02-acd3-47c8-b3e9-5b8e0493de45: start FollowerState
2019-10-21 23:46:52,814 [Thread-1804] INFO  impl.FollowerState (FollowerState.java:run(117)) - c58a0a02-acd3-47c8-b3e9-5b8e0493de45@group-2FABE92B7E5B-FollowerState was interrupted: java.lang.InterruptedException: sleep interrupted
2019-10-21 23:46:52,814 [grpc-default-executor-1] INFO  impl.RaftServerImpl (RaftServerImpl.java:setRole(184)) - 1360619e-ba1e-4bf9-aec1-9f15b5480b27@group-2FABE92B7E5B: changes role from  FOLLOWER to FOLLOWER at term 254 for recognizeCandidate:b88b3e43-5534-49b3-b3f2-a9f154b450de
2019-10-21 23:46:52,814 [grpc-default-executor-1] INFO  impl.RoleInfo (RoleInfo.java:shutdownFollowerState(121)) - 1360619e-ba1e-4bf9-aec1-9f15b5480b27: shutdown FollowerState
2019-10-21 23:46:52,814 [grpc-default-executor-1] INFO  impl.RoleInfo (RoleInfo.java:updateAndGet(143)) - 1360619e-ba1e-4bf9-aec1-9f15b5480b27: start FollowerState
2019-10-21 23:46:52,814 [Thread-1805] INFO  impl.FollowerState (FollowerState.java:run(117)) - 1360619e-ba1e-4bf9-aec1-9f15b5480b27@group-2FABE92B7E5B-FollowerState was interrupted: java.lang.InterruptedException: sleep interrupted
2019-10-21 23:46:52,815 [b88b3e43-5534-49b3-b3f2-a9f154b450de@group-2FABE92B7E5B-LeaderElection246] INFO  impl.LeaderElection (LeaderElection.java:logAndReturn(56)) - b88b3e43-5534-49b3-b3f2-a9f154b450de@group-2FABE92B7E5B-LeaderElection246: Election TIMEOUT; received 0 response(s) [] and 0 exception(s); b88b3e43-5534-49b3-b3f2-a9f154b450de@group-2FABE92B7E5B:t254, leader=null, voted=b88b3e43-5534-49b3-b3f2-a9f154b450de, raftlog=b88b3e43-5534-49b3-b3f2-a9f154b450de@group-2FABE92B7E5B-SegmentedRaftLog:OPENED:c-1,f-1,i0, conf=-1: [c58a0a02-acd3-47c8-b3e9-5b8e0493de45:192.168.157.254:33611, 1360619e-ba1e-4bf9-aec1-9f15b5480b27:192.168.157.254:45658, b88b3e43-5534-49b3-b3f2-a9f154b450de:192.168.157.254:46786], old=null
2019-10-21 23:46:52,828 [b88b3e43-5534-49b3-b3f2-a9f154b450de@group-2FABE92B7E5B-LeaderElection246] INFO  impl.LeaderElection (LeaderElection.java:askForVotes(178)) - b88b3e43-5534-49b3-b3f2-a9f154b450de@group-2FABE92B7E5B-LeaderElection246: begin an election at term 255 for -1: [c58a0a02-acd3-47c8-b3e9-5b8e0493de45:192.168.157.254:33611, 1360619e-ba1e-4bf9-aec1-9f15b5480b27:192.168.157.254:45658, b88b3e43-5534-49b3-b3f2-a9f154b450de:192.168.157.254:46786], old=null
2019-10-21 23:46:52,830 [grpc-default-executor-1] INFO  impl.RaftServerImpl (RaftServerImpl.java:setRole(184)) - c58a0a02-acd3-47c8-b3e9-5b8e0493de45@group-2FABE92B7E5B: changes role from  FOLLOWER to FOLLOWER at term 255 for recognizeCandidate:b88b3e43-5534-49b3-b3f2-a9f154b450de
2019-10-21 23:46:52,830 [grpc-default-executor-1] INFO  impl.RoleInfo (RoleInfo.java:shutdownFollowerState(121)) - c58a0a02-acd3-47c8-b3e9-5b8e0493de45: shutdown FollowerState
2019-10-21 23:46:52,830 [grpc-default-executor-1] INFO  impl.RoleInfo (RoleInfo.java:updateAndGet(143)) - c58a0a02-acd3-47c8-b3e9-5b8e0493de45: start FollowerState
2019-10-21 23:46:52,830 [grpc-default-executor-0] INFO  impl.RaftServerImpl (RaftServerImpl.java:setRole(184)) - 1360619e-ba1e-4bf9-aec1-9f15b5480b27@group-2FABE92B7E5B: changes role from  FOLLOWER to FOLLOWER at term 255 for recognizeCandidate:b88b3e43-5534-49b3-b3f2-a9f154b450de
2019-10-21 23:46:52,830 [Thread-1808] INFO  impl.FollowerState (FollowerState.java:run(117)) - c58a0a02-acd3-47c8-b3e9-5b8e0493de45@group-2FABE92B7E5B-FollowerState was interrupted: java.lang.InterruptedException: sleep interrupted
2019-10-21 23:46:52,830 [grpc-default-executor-0] INFO  impl.RoleInfo (RoleInfo.java:shutdownFollowerState(121)) - 1360619e-ba1e-4bf9-aec1-9f15b5480b27: shutdown FollowerState
2019-10-21 23:46:52,831 [grpc-default-executor-0] INFO  impl.RoleInfo (RoleInfo.java:updateAndGet(143)) - 1360619e-ba1e-4bf9-aec1-9f15b5480b27: start FollowerState
2019-10-21 23:46:52,831 [Thread-1809] INFO  impl.FollowerState (FollowerState.java:run(117)) - 1360619e-ba1e-4bf9-aec1-9f15b5480b27@group-2FABE92B7E5B-FollowerState was interrupted: java.lang.InterruptedException: sleep interrupted
2019-10-21 23:46:52,839 [b88b3e43-5534-49b3-b3f2-a9f154b450de@group-2FABE92B7E5B-LeaderElection246] INFO  impl.LeaderElection (LeaderElection.java:logAndReturn(56)) - b88b3e43-5534-49b3-b3f2-a9f154b450de@group-2FABE92B7E5B-LeaderElection246: Election REJECTED; received 2 response(s) [b88b3e43-5534-49b3-b3f2-a9f154b450de<-c58a0a02-acd3-47c8-b3e9-5b8e0493de45#0:FAIL-t255, b88b3e43-5534-49b3-b3f2-a9f154b450de<-1360619e-ba1e-4bf9-aec1-9f15b5480b27#0:FAIL-t255] and 0 exception(s); b88b3e43-5534-49b3-b3f2-a9f154b450de@group-2FABE92B7E5B:t255, leader=null, voted=b88b3e43-5534-49b3-b3f2-a9f154b450de, raftlog=b88b3e43-5534-49b3-b3f2-a9f154b450de@group-2FABE92B7E5B-SegmentedRaftLog:OPENED:c-1,f-1,i0, conf=-1: [c58a0a02-acd3-47c8-b3e9-5b8e0493de45:192.168.157.254:33611, 1360619e-ba1e-4bf9-aec1-9f15b5480b27:192.168.157.254:45658, b88b3e43-5534-49b3-b3f2-a9f154b450de:192.168.157.254:46786], old=null
2019-10-21 23:46:52,839 [b88b3e43-5534-49b3-b3f2-a9f154b450de@group-2FABE92B7E5B-LeaderElection246] INFO  impl.RaftServerImpl (RaftServerImpl.java:setRole(184)) - b88b3e43-5534-49b3-b3f2-a9f154b450de@group-2FABE92B7E5B: changes role from CANDIDATE to FOLLOWER at term 255 for DISCOVERED_A_NEW_TERM
2019-10-21 23:46:52,839 [b88b3e43-5534-49b3-b3f2-a9f154b450de@group-2FABE92B7E5B-LeaderElection246] INFO  impl.RoleInfo (RoleInfo.java:shutdownLeaderElection(134)) - b88b3e43-5534-49b3-b3f2-a9f154b450de: shutdown LeaderElection
2019-10-21 23:46:52,839 [b88b3e43-5534-49b3-b3f2-a9f154b450de@group-2FABE92B7E5B-LeaderElection246] INFO  impl.RoleInfo (RoleInfo.java:updateAndGet(143)) - b88b3e43-5534-49b3-b3f2-a9f154b450de: start FollowerState
2019-10-21 23:46:52,951 [Thread-1814] INFO  impl.FollowerState (FollowerState.java:run(108)) - b88b3e43-5534-49b3-b3f2-a9f154b450de@group-2FABE92B7E5B-FollowerState: change to CANDIDATE, lastRpcTime:111ms, electionTimeout:111ms
2019-10-21 23:46:52,951 [Thread-1814] INFO  impl.RoleInfo (RoleInfo.java:shutdownFollowerState(121)) - b88b3e43-5534-49b3-b3f2-a9f154b450de: shutdown FollowerState
2019-10-21 23:46:52,951 [Thread-1814] INFO  impl.RaftServerImpl (RaftServerImpl.java:setRole(184)) - b88b3e43-5534-49b3-b3f2-a9f154b450de@group-2FABE92B7E5B: changes role from  FOLLOWER to CANDIDATE at term 255 for changeToCandidate
2019-10-21 23:46:52,952 [Thread-1814] INFO  impl.RoleInfo (RoleInfo.java:updateAndGet(143)) - b88b3e43-5534-49b3-b3f2-a9f154b450de: start LeaderElection
2019-10-21 23:46:52,957 [b88b3e43-5534-49b3-b3f2-a9f154b450de@group-2FABE92B7E5B-LeaderElection247] INFO  impl.LeaderElection (LeaderElection.java:askForVotes(178)) - b88b3e43-5534-49b3-b3f2-a9f154b450de@group-2FABE92B7E5B-LeaderElection247: begin an election at term 256 for -1: [c58a0a02-acd3-47c8-b3e9-5b8e0493de45:192.168.157.254:33611, 1360619e-ba1e-4bf9-aec1-9f15b5480b27:192.168.157.254:45658, b88b3e43-5534-49b3-b3f2-a9f154b450de:192.168.157.254:46786], old=null
2019-10-21 23:46:52,959 [grpc-default-executor-1] INFO  impl.RaftServerImpl (RaftServerImpl.java:setRole(184)) - c58a0a02-acd3-47c8-b3e9-5b8e0493de45@group-2FABE92B7E5B: changes role from  FOLLOWER to FOLLOWER at term 256 for recognizeCandidate:b88b3e43-5534-49b3-b3f2-a9f154b450de
2019-10-21 23:46:52,959 [grpc-default-executor-1] INFO  impl.RoleInfo (RoleInfo.java:shutdownFollowerState(121)) - c58a0a02-acd3-47c8-b3e9-5b8e0493de45: shutdown FollowerState
2019-10-21 23:46:52,959 [grpc-default-executor-0] INFO  impl.RaftServerImpl (RaftServerImpl.java:setRole(184)) - 1360619e-ba1e-4bf9-aec1-9f15b5480b27@group-2FABE92B7E5B: changes role from  FOLLOWER to FOLLOWER at term 256 for recognizeCandidate:b88b3e43-5534-49b3-b3f2-a9f154b450de
2019-10-21 23:46:52,960 [grpc-default-executor-0] INFO  impl.RoleInfo (RoleInfo.java:shutdownFollowerState(121)) - 1360619e-ba1e-4bf9-aec1-9f15b5480b27: shutdown FollowerState
2019-10-21 23:46:52,960 [Thread-1812] INFO  impl.FollowerState (FollowerState.java:run(117)) - c58a0a02-acd3-47c8-b3e9-5b8e0493de45@group-2FABE92B7E5B-FollowerState was interrupted: java.lang.InterruptedException: sleep interrupted
2019-10-21 23:46:52,960 [grpc-default-executor-1] INFO  impl.RoleInfo (RoleInfo.java:updateAndGet(143)) - c58a0a02-acd3-47c8-b3e9-5b8e0493de45: start FollowerState
2019-10-21 23:46:52,960 [Thread-1813] INFO  impl.FollowerState (FollowerState.java:run(117)) - 1360619e-ba1e-4bf9-aec1-9f15b5480b27@group-2FABE92B7E5B-FollowerState was interrupted: java.lang.InterruptedException: sleep interrupted
2019-10-21 23:46:52,960 [grpc-default-executor-0] INFO  impl.RoleInfo (RoleInfo.java:updateAndGet(143)) - 1360619e-ba1e-4bf9-aec1-9f15b5480b27: start FollowerState
2019-10-21 23:46:52,964 [b88b3e43-5534-49b3-b3f2-a9f154b450de@group-2FABE92B7E5B-LeaderElection247] INFO  impl.LeaderElection (LeaderElection.java:logAndReturn(56)) - b88b3e43-5534-49b3-b3f2-a9f154b450de@group-2FABE92B7E5B-LeaderElection247: Election REJECTED; received 2 response(s) [b88b3e43-5534-49b3-b3f2-a9f154b450de<-c58a0a02-acd3-47c8-b3e9-5b8e0493de45#0:FAIL-t256, b88b3e43-5534-49b3-b3f2-a9f154b450de<-1360619e-ba1e-4bf9-aec1-9f15b5480b27#0:FAIL-t256] and 0 exception(s); b88b3e43-5534-49b3-b3f2-a9f154b450de@group-2FABE92B7E5B:t256, leader=null, voted=b88b3e43-5534-49b3-b3f2-a9f154b450de, raftlog=b88b3e43-5534-49b3-b3f2-a9f154b450de@group-2FABE92B7E5B-SegmentedRaftLog:OPENED:c-1,f-1,i0, conf=-1: [c58a0a02-acd3-47c8-b3e9-5b8e0493de45:192.168.157.254:33611, 1360619e-ba1e-4bf9-aec1-9f15b5480b27:192.168.157.254:45658, b88b3e43-5534-49b3-b3f2-a9f154b450de:192.168.157.254:46786], old=null
2019-10-21 23:46:52,964 [b88b3e43-5534-49b3-b3f2-a9f154b450de@group-2FABE92B7E5B-LeaderElection247] INFO  impl.RaftServerImpl (RaftServerImpl.java:setRole(184)) - b88b3e43-5534-49b3-b3f2-a9f154b450de@group-2FABE92B7E5B: changes role from CANDIDATE to FOLLOWER at term 256 for DISCOVERED_A_NEW_TERM
2019-10-21 23:46:52,964 [b88b3e43-5534-49b3-b3f2-a9f154b450de@group-2FABE92B7E5B-LeaderElection247] INFO  impl.RoleInfo (RoleInfo.java:shutdownLeaderElection(134)) - b88b3e43-5534-49b3-b3f2-a9f154b450de: shutdown LeaderElection
2019-10-21 23:46:52,964 [b88b3e43-5534-49b3-b3f2-a9f154b450de@group-2FABE92B7E5B-LeaderElection247] INFO  impl.RoleInfo (RoleInfo.java:updateAndGet(143)) - b88b3e43-5534-49b3-b3f2-a9f154b450de: start FollowerState
2019-10-21 23:46:53,111 [Thread-1820] INFO  impl.FollowerState (FollowerState.java:run(108)) - b88b3e43-5534-49b3-b3f2-a9f154b450de@group-2FABE92B7E5B-FollowerState: change to CANDIDATE, lastRpcTime:146ms, electionTimeout:146ms
2019-10-21 23:46:53,111 [Thread-1820] INFO  impl.RoleInfo (RoleInfo.java:shutdownFollowerState(121)) - b88b3e43-5534-49b3-b3f2-a9f154b450de: shutdown FollowerState
2019-10-21 23:46:53,111 [Thread-1820] INFO  impl.RaftServerImpl (RaftServerImpl.java:setRole(184)) - b88b3e43-5534-49b3-b3f2-a9f154b450de@group-2FABE92B7E5B: changes role from  FOLLOWER to CANDIDATE at term 256 for changeToCandidate
2019-10-21 23:46:53,111 [Thread-1820] INFO  impl.RoleInfo (RoleInfo.java:updateAndGet(143)) - b88b3e43-5534-49b3-b3f2-a9f154b450de: start LeaderElection
2019-10-21 23:46:53,118 [b88b3e43-5534-49b3-b3f2-a9f154b450de@group-2FABE92B7E5B-LeaderElection248] INFO  impl.LeaderElection (LeaderElection.java:askForVotes(178)) - b88b3e43-5534-49b3-b3f2-a9f154b450de@group-2FABE92B7E5B-LeaderElection248: begin an election at term 257 for -1: [c58a0a02-acd3-47c8-b3e9-5b8e0493de45:192.168.157.254:33611, 1360619e-ba1e-4bf9-aec1-9f15b5480b27:192.168.157.254:45658, b88b3e43-5534-49b3-b3f2-a9f154b450de:192.168.157.254:46786], old=null
2019-10-21 23:46:53,120 [grpc-default-executor-1] INFO  impl.RaftServerImpl (RaftServerImpl.java:setRole(184)) - 1360619e-ba1e-4bf9-aec1-9f15b5480b27@group-2FABE92B7E5B: changes role from  FOLLOWER to FOLLOWER at term 257 for recognizeCandidate:b88b3e43-5534-49b3-b3f2-a9f154b450de
2019-10-21 23:46:53,120 [grpc-default-executor-0] INFO  impl.RaftServerImpl (RaftServerImpl.java:setRole(184)) - c58a0a02-acd3-47c8-b3e9-5b8e0493de45@group-2FABE92B7E5B: changes role from  FOLLOWER to FOLLOWER at term 257 for recognizeCandidate:b88b3e43-5534-49b3-b3f2-a9f154b450de
2019-10-21 23:46:53,120 [grpc-default-executor-1] INFO  impl.RoleInfo (RoleInfo.java:shutdownFollowerState(121)) - 1360619e-ba1e-4bf9-aec1-9f15b5480b27: shutdown FollowerState
2019-10-21 23:46:53,120 [grpc-default-executor-0] INFO  impl.RoleInfo (RoleInfo.java:shutdownFollowerState(121)) - c58a0a02-acd3-47c8-b3e9-5b8e0493de45: shutdown FollowerState
2019-10-21 23:46:53,120 [Thread-1819] INFO  impl.FollowerState (FollowerState.java:run(117)) - 1360619e-ba1e-4bf9-aec1-9f15b5480b27@group-2FABE92B7E5B-FollowerState was interrupted: java.lang.InterruptedException: sleep interrupted
2019-10-21 23:46:53,120 [Thread-1818] INFO  impl.FollowerState (FollowerState.java:run(117)) - c58a0a02-acd3-47c8-b3e9-5b8e0493de45@group-2FABE92B7E5B-FollowerState was interrupted: java.lang.InterruptedException: sleep interrupted
2019-10-21 23:46:53,120 [grpc-default-executor-0] INFO  impl.RoleInfo (RoleInfo.java:updateAndGet(143)) - c58a0a02-acd3-47c8-b3e9-5b8e0493de45: start FollowerState
2019-10-21 23:46:53,120 [grpc-default-executor-1] INFO  impl.RoleInfo (RoleInfo.java:updateAndGet(143)) - 1360619e-ba1e-4bf9-aec1-9f15b5480b27: start FollowerState
2019-10-21 23:46:53,124 [b88b3e43-5534-49b3-b3f2-a9f154b450de@group-2FABE92B7E5B-LeaderElection248] INFO  impl.LeaderElection (LeaderElection.java:logAndReturn(56)) - b88b3e43-5534-49b3-b3f2-a9f154b450de@group-2FABE92B7E5B-LeaderElection248: Election TIMEOUT; received 0 response(s) [] and 0 exception(s); b88b3e43-5534-49b3-b3f2-a9f154b450de@group-2FABE92B7E5B:t257, leader=null, voted=b88b3e43-5534-49b3-b3f2-a9f154b450de, raftlog=b88b3e43-5534-49b3-b3f2-a9f154b450de@group-2FABE92B7E5B-SegmentedRaftLog:OPENED:c-1,f-1,i0, conf=-1: [c58a0a02-acd3-47c8-b3e9-5b8e0493de45:192.168.157.254:33611, 1360619e-ba1e-4bf9-aec1-9f15b5480b27:192.168.157.254:45658, b88b3e43-5534-49b3-b3f2-a9f154b450de:192.168.157.254:46786], old=null
2019-10-21 23:46:53,127 [b88b3e43-5534-49b3-b3f2-a9f154b450de@group-2FABE92B7E5B-LeaderElection248] INFO  impl.LeaderElection (LeaderElection.java:askForVotes(178)) - b88b3e43-5534-49b3-b3f2-a9f154b450de@group-2FABE92B7E5B-LeaderElection248: begin an election at term 258 for -1: [c58a0a02-acd3-47c8-b3e9-5b8e0493de45:192.168.157.254:33611, 1360619e-ba1e-4bf9-aec1-9f15b5480b27:192.168.157.254:45658, b88b3e43-5534-49b3-b3f2-a9f154b450de:192.168.157.254:46786], old=null
2019-10-21 23:46:53,129 [grpc-default-executor-1] INFO  impl.RaftServerImpl (RaftServerImpl.java:setRole(184)) - c58a0a02-acd3-47c8-b3e9-5b8e0493de45@group-2FABE92B7E5B: changes role from  FOLLOWER to FOLLOWER at term 258 for recognizeCandidate:b88b3e43-5534-49b3-b3f2-a9f154b450de
2019-10-21 23:46:53,129 [grpc-default-executor-0] INFO  impl.RaftServerImpl (RaftServerImpl.java:setRole(184)) - 1360619e-ba1e-4bf9-aec1-9f15b5480b27@group-2FABE92B7E5B: changes role from  FOLLOWER to FOLLOWER at term 258 for recognizeCandidate:b88b3e43-5534-49b3-b3f2-a9f154b450de
2019-10-21 23:46:53,129 [grpc-default-executor-1] INFO  impl.RoleInfo (RoleInfo.java:shutdownFollowerState(121)) - c58a0a02-acd3-47c8-b3e9-5b8e0493de45: shutdown FollowerState
2019-10-21 23:46:53,129 [grpc-default-executor-0] INFO  impl.RoleInfo (RoleInfo.java:shutdownFollowerState(121)) - 1360619e-ba1e-4bf9-aec1-9f15b5480b27: shutdown FollowerState
2019-10-21 23:46:53,129 [Thread-1827] INFO  impl.FollowerState (FollowerState.java:run(117)) - c58a0a02-acd3-47c8-b3e9-5b8e0493de45@group-2FABE92B7E5B-FollowerState was interrupted: java.lang.InterruptedException: sleep interrupted
2019-10-21 23:46:53,129 [grpc-default-executor-1] INFO  impl.RoleInfo (RoleInfo.java:updateAndGet(143)) - c58a0a02-acd3-47c8-b3e9-5b8e0493de45: start FollowerState
2019-10-21 23:46:53,130 [grpc-default-executor-0] INFO  impl.RoleInfo (RoleInfo.java:updateAndGet(143)) - 1360619e-ba1e-4bf9-aec1-9f15b5480b27: start FollowerState
2019-10-21 23:46:53,130 [Thread-1826] INFO  impl.FollowerState (FollowerState.java:run(117)) - 1360619e-ba1e-4bf9-aec1-9f15b5480b27@group-2FABE92B7E5B-FollowerState was interrupted: java.lang.InterruptedException: sleep interrupted
2019-10-21 23:46:53,138 [b88b3e43-5534-49b3-b3f2-a9f154b450de@group-2FABE92B7E5B-LeaderElection248] INFO  impl.LeaderElection (LeaderElection.java:logAndReturn(56)) - b88b3e43-5534-49b3-b3f2-a9f154b450de@group-2FABE92B7E5B-LeaderElection248: Election TIMEOUT; received 0 response(s) [] and 0 exception(s); b88b3e43-5534-49b3-b3f2-a9f154b450de@group-2FABE92B7E5B:t258, leader=null, voted=b88b3e43-5534-49b3-b3f2-a9f154b450de, raftlog=b88b3e43-5534-49b3-b3f2-a9f154b450de@group-2FABE92B7E5B-SegmentedRaftLog:OPENED:c-1,f-1,i0, conf=-1: [c58a0a02-acd3-47c8-b3e9-5b8e0493de45:192.168.157.254:33611, 1360619e-ba1e-4bf9-aec1-9f15b5480b27:192.168.157.254:45658, b88b3e43-5534-49b3-b3f2-a9f154b450de:192.168.157.254:46786], old=null
2019-10-21 23:46:53,142 [b88b3e43-5534-49b3-b3f2-a9f154b450de@group-2FABE92B7E5B-LeaderElection248] INFO  impl.LeaderElection (LeaderElection.java:askForVotes(178)) - b88b3e43-5534-49b3-b3f2-a9f154b450de@group-2FABE92B7E5B-LeaderElection248: begin an election at term 259 for -1: [c58a0a02-acd3-47c8-b3e9-5b8e0493de45:192.168.157.254:33611, 1360619e-ba1e-4bf9-aec1-9f15b5480b27:192.168.157.254:45658, b88b3e43-5534-49b3-b3f2-a9f154b450de:192.168.157.254:46786], old=null
2019-10-21 23:46:53,144 [grpc-default-executor-1] INFO  impl.RaftServerImpl (RaftServerImpl.java:setRole(184)) - 1360619e-ba1e-4bf9-aec1-9f15b5480b27@group-2FABE92B7E5B: changes role from  FOLLOWER to FOLLOWER at term 259 for recognizeCandidate:b88b3e43-5534-49b3-b3f2-a9f154b450de
2019-10-21 23:46:53,144 [grpc-default-executor-1] INFO  impl.RoleInfo (RoleInfo.java:shutdownFollowerState(121)) - 1360619e-ba1e-4bf9-aec1-9f15b5480b27: shutdown FollowerState
2019-10-21 23:46:53,144 [grpc-default-executor-1] INFO  impl.RoleInfo (RoleInfo.java:updateAndGet(143)) - 1360619e-ba1e-4bf9-aec1-9f15b5480b27: start FollowerState
2019-10-21 23:46:53,144 [grpc-default-executor-0] INFO  impl.RaftServerImpl (RaftServerImpl.java:setRole(184)) - c58a0a02-acd3-47c8-b3e9-5b8e0493de45@group-2FABE92B7E5B: changes role from  FOLLOWER to FOLLOWER at term 259 for recognizeCandidate:b88b3e43-5534-49b3-b3f2-a9f154b450de
2019-10-21 23:46:53,144 [Thread-1831] INFO  impl.FollowerState (FollowerState.java:run(117)) - 1360619e-ba1e-4bf9-aec1-9f15b5480b27@group-2FABE92B7E5B-FollowerState was interrupted: java.lang.InterruptedException: sleep interrupted
2019-10-21 23:46:53,144 [grpc-default-executor-0] INFO  impl.RoleInfo (RoleInfo.java:shutdownFollowerState(121)) - c58a0a02-acd3-47c8-b3e9-5b8e0493de45: shutdown FollowerState
2019-10-21 23:46:53,144 [grpc-default-executor-0] INFO  impl.RoleInfo (RoleInfo.java:updateAndGet(143)) - c58a0a02-acd3-47c8-b3e9-5b8e0493de45: start FollowerState
2019-10-21 23:46:53,144 [Thread-1830] INFO  impl.FollowerState (FollowerState.java:run(117)) - c58a0a02-acd3-47c8-b3e9-5b8e0493de45@group-2FABE92B7E5B-FollowerState was interrupted: java.lang.InterruptedException: sleep interrupted
2019-10-21 23:46:53,161 [b88b3e43-5534-49b3-b3f2-a9f154b450de@group-2FABE92B7E5B-LeaderElection248] INFO  impl.LeaderElection (LeaderElection.java:logAndReturn(56)) - b88b3e43-5534-49b3-b3f2-a9f154b450de@group-2FABE92B7E5B-LeaderElection248: Election REJECTED; received 2 response(s) [b88b3e43-5534-49b3-b3f2-a9f154b450de<-c58a0a02-acd3-47c8-b3e9-5b8e0493de45#0:FAIL-t259, b88b3e43-5534-49b3-b3f2-a9f154b450de<-1360619e-ba1e-4bf9-aec1-9f15b5480b27#0:FAIL-t259] and 0 exception(s); b88b3e43-5534-49b3-b3f2-a9f154b450de@group-2FABE92B7E5B:t259, leader=null, voted=b88b3e43-5534-49b3-b3f2-a9f154b450de, raftlog=b88b3e43-5534-49b3-b3f2-a9f154b450de@group-2FABE92B7E5B-SegmentedRaftLog:OPENED:c-1,f-1,i0, conf=-1: [c58a0a02-acd3-47c8-b3e9-5b8e0493de45:192.168.157.254:33611, 1360619e-ba1e-4bf9-aec1-9f15b5480b27:192.168.157.254:45658, b88b3e43-5534-49b3-b3f2-a9f154b450de:192.168.157.254:46786], old=null
2019-10-21 23:46:53,161 [b88b3e43-5534-49b3-b3f2-a9f154b450de@group-2FABE92B7E5B-LeaderElection248] INFO  impl.RaftServerImpl (RaftServerImpl.java:setRole(184)) - b88b3e43-5534-49b3-b3f2-a9f154b450de@group-2FABE92B7E5B: changes role from CANDIDATE to FOLLOWER at term 259 for DISCOVERED_A_NEW_TERM
2019-10-21 23:46:53,161 [b88b3e43-5534-49b3-b3f2-a9f154b450de@group-2FABE92B7E5B-LeaderElection248] INFO  impl.RoleInfo (RoleInfo.java:shutdownLeaderElection(134)) - b88b3e43-5534-49b3-b3f2-a9f154b450de: shutdown LeaderElection
2019-10-21 23:46:53,161 [b88b3e43-5534-49b3-b3f2-a9f154b450de@group-2FABE92B7E5B-LeaderElection248] INFO  impl.RoleInfo (RoleInfo.java:updateAndGet(143)) - b88b3e43-5534-49b3-b3f2-a9f154b450de: start FollowerState
2019-10-21 23:46:53,223 [Thread-1836] INFO  impl.FollowerState (FollowerState.java:run(108)) - b88b3e43-5534-49b3-b3f2-a9f154b450de@group-2FABE92B7E5B-FollowerState: change to CANDIDATE, lastRpcTime:62ms, electionTimeout:62ms
2019-10-21 23:46:53,223 [Thread-1836] INFO  impl.RoleInfo (RoleInfo.java:shutdownFollowerState(121)) - b88b3e43-5534-49b3-b3f2-a9f154b450de: shutdown FollowerState
2019-10-21 23:46:53,224 [Thread-1836] INFO  impl.RaftServerImpl (RaftServerImpl.java:setRole(184)) - b88b3e43-5534-49b3-b3f2-a9f154b450de@group-2FABE92B7E5B: changes role from  FOLLOWER to CANDIDATE at term 259 for changeToCandidate
2019-10-21 23:46:53,224 [Thread-1836] INFO  impl.RoleInfo (RoleInfo.java:updateAndGet(143)) - b88b3e43-5534-49b3-b3f2-a9f154b450de: start LeaderElection
2019-10-21 23:46:53,238 [b88b3e43-5534-49b3-b3f2-a9f154b450de@group-2FABE92B7E5B-LeaderElection249] INFO  impl.LeaderElection (LeaderElection.java:askForVotes(178)) - b88b3e43-5534-49b3-b3f2-a9f154b450de@group-2FABE92B7E5B-LeaderElection249: begin an election at term 260 for -1: [c58a0a02-acd3-47c8-b3e9-5b8e0493de45:192.168.157.254:33611, 1360619e-ba1e-4bf9-aec1-9f15b5480b27:192.168.157.254:45658, b88b3e43-5534-49b3-b3f2-a9f154b450de:192.168.157.254:46786], old=null
2019-10-21 23:46:53,240 [grpc-default-executor-1] INFO  impl.RaftServerImpl (RaftServerImpl.java:setRole(184)) - c58a0a02-acd3-47c8-b3e9-5b8e0493de45@group-2FABE92B7E5B: changes role from  FOLLOWER to FOLLOWER at term 260 for recognizeCandidate:b88b3e43-5534-49b3-b3f2-a9f154b450de
2019-10-21 23:46:53,240 [grpc-default-executor-1] INFO  impl.RoleInfo (RoleInfo.java:shutdownFollowerState(121)) - c58a0a02-acd3-47c8-b3e9-5b8e0493de45: shutdown FollowerState
2019-10-21 23:46:53,241 [grpc-default-executor-1] INFO  impl.RoleInfo (RoleInfo.java:updateAndGet(143)) - c58a0a02-acd3-47c8-b3e9-5b8e0493de45: start FollowerState
2019-10-21 23:46:53,241 [grpc-default-executor-0] INFO  impl.RaftServerImpl (RaftServerImpl.java:setRole(184)) - 1360619e-ba1e-4bf9-aec1-9f15b5480b27@group-2FABE92B7E5B: changes role from  FOLLOWER to FOLLOWER at term 260 for recognizeCandidate:b88b3e43-5534-49b3-b3f2-a9f154b450de
2019-10-21 23:46:53,241 [Thread-1835] INFO  impl.FollowerState (FollowerState.java:run(117)) - c58a0a02-acd3-47c8-b3e9-5b8e0493de45@group-2FABE92B7E5B-FollowerState was interrupted: java.lang.InterruptedException: sleep interrupted
2019-10-21 23:46:53,241 [grpc-default-executor-0] INFO  impl.RoleInfo (RoleInfo.java:shutdownFollowerState(121)) - 1360619e-ba1e-4bf9-aec1-9f15b5480b27: shutdown FollowerState
2019-10-21 23:46:53,241 [grpc-default-executor-0] INFO  impl.RoleInfo (RoleInfo.java:updateAndGet(143)) - 1360619e-ba1e-4bf9-aec1-9f15b5480b27: start FollowerState
2019-10-21 23:46:53,241 [Thread-1834] INFO  impl.FollowerState (FollowerState.java:run(117)) - 1360619e-ba1e-4bf9-aec1-9f15b5480b27@group-2FABE92B7E5B-FollowerState was interrupted: java.lang.InterruptedException: sleep interrupted
2019-10-21 23:46:53,255 [b88b3e43-5534-49b3-b3f2-a9f154b450de@group-2FABE92B7E5B-LeaderElection249] INFO  impl.LeaderElection (LeaderElection.java:logAndReturn(56)) - b88b3e43-5534-49b3-b3f2-a9f154b450de@group-2FABE92B7E5B-LeaderElection249: Election REJECTED; received 2 response(s) [b88b3e43-5534-49b3-b3f2-a9f154b450de<-c58a0a02-acd3-47c8-b3e9-5b8e0493de45#0:FAIL-t260, b88b3e43-5534-49b3-b3f2-a9f154b450de<-1360619e-ba1e-4bf9-aec1-9f15b5480b27#0:FAIL-t260] and 0 exception(s); b88b3e43-5534-49b3-b3f2-a9f154b450de@group-2FABE92B7E5B:t260, leader=null, voted=b88b3e43-5534-49b3-b3f2-a9f154b450de, raftlog=b88b3e43-5534-49b3-b3f2-a9f154b450de@group-2FABE92B7E5B-SegmentedRaftLog:OPENED:c-1,f-1,i0, conf=-1: [c58a0a02-acd3-47c8-b3e9-5b8e0493de45:192.168.157.254:33611, 1360619e-ba1e-4bf9-aec1-9f15b5480b27:192.168.157.254:45658, b88b3e43-5534-49b3-b3f2-a9f154b450de:192.168.157.254:46786], old=null
2019-10-21 23:46:53,256 [b88b3e43-5534-49b3-b3f2-a9f154b450de@group-2FABE92B7E5B-LeaderElection249] INFO  impl.RaftServerImpl (RaftServerImpl.java:setRole(184)) - b88b3e43-5534-49b3-b3f2-a9f154b450de@group-2FABE92B7E5B: changes role from CANDIDATE to FOLLOWER at term 260 for DISCOVERED_A_NEW_TERM
2019-10-21 23:46:53,256 [b88b3e43-5534-49b3-b3f2-a9f154b450de@group-2FABE92B7E5B-LeaderElection249] INFO  impl.RoleInfo (RoleInfo.java:shutdownLeaderElection(134)) - b88b3e43-5534-49b3-b3f2-a9f154b450de: shutdown LeaderElection
2019-10-21 23:46:53,256 [b88b3e43-5534-49b3-b3f2-a9f154b450de@group-2FABE92B7E5B-LeaderElection249] INFO  impl.RoleInfo (RoleInfo.java:updateAndGet(143)) - b88b3e43-5534-49b3-b3f2-a9f154b450de: start FollowerState
2019-10-21 23:46:53,278 [Thread-1842] INFO  impl.FollowerState (FollowerState.java:run(108)) - b88b3e43-5534-49b3-b3f2-a9f154b450de@group-2FABE92B7E5B-FollowerState: change to CANDIDATE, lastRpcTime:22ms, electionTimeout:22ms
2019-10-21 23:46:53,278 [Thread-1842] INFO  impl.RoleInfo (RoleInfo.java:shutdownFollowerState(121)) - b88b3e43-5534-49b3-b3f2-a9f154b450de: shutdown FollowerState
2019-10-21 23:46:53,278 [Thread-1842] INFO  impl.RaftServerImpl (RaftServerImpl.java:setRole(184)) - b88b3e43-5534-49b3-b3f2-a9f154b450de@group-2FABE92B7E5B: changes role from  FOLLOWER to CANDIDATE at term 260 for changeToCandidate
2019-10-21 23:46:53,279 [Thread-1842] INFO  impl.RoleInfo (RoleInfo.java:updateAndGet(143)) - b88b3e43-5534-49b3-b3f2-a9f154b450de: start LeaderElection
2019-10-21 23:46:53,292 [b88b3e43-5534-49b3-b3f2-a9f154b450de@group-2FABE92B7E5B-LeaderElection250] INFO  impl.LeaderElection (LeaderElection.java:askForVotes(178)) - b88b3e43-5534-49b3-b3f2-a9f154b450de@group-2FABE92B7E5B-LeaderElection250: begin an election at term 261 for -1: [c58a0a02-acd3-47c8-b3e9-5b8e0493de45:192.168.157.254:33611, 1360619e-ba1e-4bf9-aec1-9f15b5480b27:192.168.157.254:45658, b88b3e43-5534-49b3-b3f2-a9f154b450de:192.168.157.254:46786], old=null
2019-10-21 23:46:53,293 [grpc-default-executor-0] INFO  impl.RaftServerImpl (RaftServerImpl.java:setRole(184)) - c58a0a02-acd3-47c8-b3e9-5b8e0493de45@group-2FABE92B7E5B: changes role from  FOLLOWER to FOLLOWER at term 261 for recognizeCandidate:b88b3e43-5534-49b3-b3f2-a9f154b450de
2019-10-21 23:46:53,293 [grpc-default-executor-1] INFO  impl.RaftServerImpl (RaftServerImpl.java:setRole(184)) - 1360619e-ba1e-4bf9-aec1-9f15b5480b27@group-2FABE92B7E5B: changes role from  FOLLOWER to FOLLOWER at term 261 for recognizeCandidate:b88b3e43-5534-49b3-b3f2-a9f154b450de
2019-10-21 23:46:53,293 [grpc-default-executor-1] INFO  impl.RoleInfo (RoleInfo.java:shutdownFollowerState(121)) - 1360619e-ba1e-4bf9-aec1-9f15b5480b27: shutdown FollowerState
2019-10-21 23:46:53,293 [grpc-default-executor-0] INFO  impl.RoleInfo (RoleInfo.java:shutdownFollowerState(121)) - c58a0a02-acd3-47c8-b3e9-5b8e0493de45: shutdown FollowerState
2019-10-21 23:46:53,293 [Thread-1841] INFO  impl.FollowerState (FollowerState.java:run(117)) - 1360619e-ba1e-4bf9-aec1-9f15b5480b27@group-2FABE92B7E5B-FollowerState was interrupted: java.lang.InterruptedException: sleep interrupted
2019-10-21 23:46:53,293 [grpc-default-executor-1] INFO  impl.RoleInfo (RoleInfo.java:updateAndGet(143)) - 1360619e-ba1e-4bf9-aec1-9f15b5480b27: start FollowerState
2019-10-21 23:46:53,294 [grpc-default-executor-0] INFO  impl.RoleInfo (RoleInfo.java:updateAndGet(143)) - c58a0a02-acd3-47c8-b3e9-5b8e0493de45: start FollowerState
2019-10-21 23:46:53,294 [Thread-1840] INFO  impl.FollowerState (FollowerState.java:run(117)) - c58a0a02-acd3-47c8-b3e9-5b8e0493de45@group-2FABE92B7E5B-FollowerState was interrupted: java.lang.InterruptedException: sleep interrupted
2019-10-21 23:46:53,334 [b88b3e43-5534-49b3-b3f2-a9f154b450de@group-2FABE92B7E5B-LeaderElection250] INFO  impl.LeaderElection (LeaderElection.java:logAndReturn(56)) - b88b3e43-5534-49b3-b3f2-a9f154b450de@group-2FABE92B7E5B-LeaderElection250: Election REJECTED; received 2 response(s) [b88b3e43-5534-49b3-b3f2-a9f154b450de<-c58a0a02-acd3-47c8-b3e9-5b8e0493de45#0:FAIL-t261, b88b3e43-5534-49b3-b3f2-a9f154b450de<-1360619e-ba1e-4bf9-aec1-9f15b5480b27#0:FAIL-t261] and 0 exception(s); b88b3e43-5534-49b3-b3f2-a9f154b450de@group-2FABE92B7E5B:t261, leader=null, voted=b88b3e43-5534-49b3-b3f2-a9f154b450de, raftlog=b88b3e43-5534-49b3-b3f2-a9f154b450de@group-2FABE92B7E5B-SegmentedRaftLog:OPENED:c-1,f-1,i0, conf=-1: [c58a0a02-acd3-47c8-b3e9-5b8e0493de45:192.168.157.254:33611, 1360619e-ba1e-4bf9-aec1-9f15b5480b27:192.168.157.254:45658, b88b3e43-5534-49b3-b3f2-a9f154b450de:192.168.157.254:46786], old=null
2019-10-21 23:46:53,334 [b88b3e43-5534-49b3-b3f2-a9f154b450de@group-2FABE92B7E5B-LeaderElection250] INFO  impl.RaftServerImpl (RaftServerImpl.java:setRole(184)) - b88b3e43-5534-49b3-b3f2-a9f154b450de@group-2FABE92B7E5B: changes role from CANDIDATE to FOLLOWER at term 261 for DISCOVERED_A_NEW_TERM
2019-10-21 23:46:53,334 [b88b3e43-5534-49b3-b3f2-a9f154b450de@group-2FABE92B7E5B-LeaderElection250] INFO  impl.RoleInfo (RoleInfo.java:shutdownLeaderElection(134)) - b88b3e43-5534-49b3-b3f2-a9f154b450de: shutdown LeaderElection
2019-10-21 23:46:53,335 [b88b3e43-5534-49b3-b3f2-a9f154b450de@group-2FABE92B7E5B-LeaderElection250] INFO  impl.RoleInfo (RoleInfo.java:updateAndGet(143)) - b88b3e43-5534-49b3-b3f2-a9f154b450de: start FollowerState
2019-10-21 23:46:53,470 [Thread-1848] INFO  impl.FollowerState (FollowerState.java:run(108)) - b88b3e43-5534-49b3-b3f2-a9f154b450de@group-2FABE92B7E5B-FollowerState: change to CANDIDATE, lastRpcTime:135ms, electionTimeout:135ms
2019-10-21 23:46:53,470 [Thread-1848] INFO  impl.RoleInfo (RoleInfo.java:shutdownFollowerState(121)) - b88b3e43-5534-49b3-b3f2-a9f154b450de: shutdown FollowerState
2019-10-21 23:46:53,470 [Thread-1848] INFO  impl.RaftServerImpl (RaftServerImpl.java:setRole(184)) - b88b3e43-5534-49b3-b3f2-a9f154b450de@group-2FABE92B7E5B: changes role from  FOLLOWER to CANDIDATE at term 261 for changeToCandidate
2019-10-21 23:46:53,470 [Thread-1848] INFO  impl.RoleInfo (RoleInfo.java:updateAndGet(143)) - b88b3e43-5534-49b3-b3f2-a9f154b450de: start LeaderElection
2019-10-21 23:46:53,492 [b88b3e43-5534-49b3-b3f2-a9f154b450de@group-2FABE92B7E5B-LeaderElection251] INFO  impl.LeaderElection (LeaderElection.java:askForVotes(178)) - b88b3e43-5534-49b3-b3f2-a9f154b450de@group-2FABE92B7E5B-LeaderElection251: begin an election at term 262 for -1: [c58a0a02-acd3-47c8-b3e9-5b8e0493de45:192.168.157.254:33611, 1360619e-ba1e-4bf9-aec1-9f15b5480b27:192.168.157.254:45658, b88b3e43-5534-49b3-b3f2-a9f154b450de:192.168.157.254:46786], old=null
2019-10-21 23:46:53,495 [grpc-default-executor-0] INFO  impl.RaftServerImpl (RaftServerImpl.java:setRole(184)) - 1360619e-ba1e-4bf9-aec1-9f15b5480b27@group-2FABE92B7E5B: changes role from  FOLLOWER to FOLLOWER at term 262 for recognizeCandidate:b88b3e43-5534-49b3-b3f2-a9f154b450de
2019-10-21 23:46:53,495 [grpc-default-executor-0] INFO  impl.RoleInfo (RoleInfo.java:shutdownFollowerState(121)) - 1360619e-ba1e-4bf9-aec1-9f15b5480b27: shutdown FollowerState
2019-10-21 23:46:53,495 [grpc-default-executor-0] INFO  impl.RoleInfo (RoleInfo.java:updateAndGet(143)) - 1360619e-ba1e-4bf9-aec1-9f15b5480b27: start FollowerState
2019-10-21 23:46:53,495 [Thread-1846] INFO  impl.FollowerState (FollowerState.java:run(117)) - 1360619e-ba1e-4bf9-aec1-9f15b5480b27@group-2FABE92B7E5B-FollowerState was interrupted: java.lang.InterruptedException: sleep interrupted
2019-10-21 23:46:53,495 [grpc-default-executor-1] INFO  impl.RaftServerImpl (RaftServerImpl.java:setRole(184)) - c58a0a02-acd3-47c8-b3e9-5b8e0493de45@group-2FABE92B7E5B: changes role from  FOLLOWER to FOLLOWER at term 262 for recognizeCandidate:b88b3e43-5534-49b3-b3f2-a9f154b450de
2019-10-21 23:46:53,495 [grpc-default-executor-1] INFO  impl.RoleInfo (RoleInfo.java:shutdownFollowerState(121)) - c58a0a02-acd3-47c8-b3e9-5b8e0493de45: shutdown FollowerState
2019-10-21 23:46:53,495 [grpc-default-executor-1] INFO  impl.RoleInfo (RoleInfo.java:updateAndGet(143)) - c58a0a02-acd3-47c8-b3e9-5b8e0493de45: start FollowerState
2019-10-21 23:46:53,496 [Thread-1847] INFO  impl.FollowerState (FollowerState.java:run(117)) - c58a0a02-acd3-47c8-b3e9-5b8e0493de45@group-2FABE92B7E5B-FollowerState was interrupted: java.lang.InterruptedException: sleep interrupted
2019-10-21 23:46:53,509 [b88b3e43-5534-49b3-b3f2-a9f154b450de@group-2FABE92B7E5B-LeaderElection251] INFO  impl.LeaderElection (LeaderElection.java:logAndReturn(56)) - b88b3e43-5534-49b3-b3f2-a9f154b450de@group-2FABE92B7E5B-LeaderElection251: Election REJECTED; received 2 response(s) [b88b3e43-5534-49b3-b3f2-a9f154b450de<-c58a0a02-acd3-47c8-b3e9-5b8e0493de45#0:FAIL-t262, b88b3e43-5534-49b3-b3f2-a9f154b450de<-1360619e-ba1e-4bf9-aec1-9f15b5480b27#0:FAIL-t262] and 0 exception(s); b88b3e43-5534-49b3-b3f2-a9f154b450de@group-2FABE92B7E5B:t262, leader=null, voted=b88b3e43-5534-49b3-b3f2-a9f154b450de, raftlog=b88b3e43-5534-49b3-b3f2-a9f154b450de@group-2FABE92B7E5B-SegmentedRaftLog:OPENED:c-1,f-1,i0, conf=-1: [c58a0a02-acd3-47c8-b3e9-5b8e0493de45:192.168.157.254:33611, 1360619e-ba1e-4bf9-aec1-9f15b5480b27:192.168.157.254:45658, b88b3e43-5534-49b3-b3f2-a9f154b450de:192.168.157.254:46786], old=null
2019-10-21 23:46:53,509 [b88b3e43-5534-49b3-b3f2-a9f154b450de@group-2FABE92B7E5B-LeaderElection251] INFO  impl.RaftServerImpl (RaftServerImpl.java:setRole(184)) - b88b3e43-5534-49b3-b3f2-a9f154b450de@group-2FABE92B7E5B: changes role from CANDIDATE to FOLLOWER at term 262 for DISCOVERED_A_NEW_TERM
2019-10-21 23:46:53,509 [b88b3e43-5534-49b3-b3f2-a9f154b450de@group-2FABE92B7E5B-LeaderElection251] INFO  impl.RoleInfo (RoleInfo.java:shutdownLeaderElection(134)) - b88b3e43-5534-49b3-b3f2-a9f154b450de: shutdown LeaderElection
2019-10-21 23:46:53,509 [b88b3e43-5534-49b3-b3f2-a9f154b450de@group-2FABE92B7E5B-LeaderElection251] INFO  impl.RoleInfo (RoleInfo.java:updateAndGet(143)) - b88b3e43-5534-49b3-b3f2-a9f154b450de: start FollowerState
2019-10-21 23:46:53,516 [Thread-1854] INFO  impl.FollowerState (FollowerState.java:run(108)) - b88b3e43-5534-49b3-b3f2-a9f154b450de@group-2FABE92B7E5B-FollowerState: change to CANDIDATE, lastRpcTime:6ms, electionTimeout:6ms
2019-10-21 23:46:53,516 [Thread-1854] INFO  impl.RoleInfo (RoleInfo.java:shutdownFollowerState(121)) - b88b3e43-5534-49b3-b3f2-a9f154b450de: shutdown FollowerState
2019-10-21 23:46:53,516 [Thread-1854] INFO  impl.RaftServerImpl (RaftServerImpl.java:setRole(184)) - b88b3e43-5534-49b3-b3f2-a9f154b450de@group-2FABE92B7E5B: changes role from  FOLLOWER to CANDIDATE at term 262 for changeToCandidate
2019-10-21 23:46:53,516 [Thread-1854] INFO  impl.RoleInfo (RoleInfo.java:updateAndGet(143)) - b88b3e43-5534-49b3-b3f2-a9f154b450de: start LeaderElection
2019-10-21 23:46:53,530 [b88b3e43-5534-49b3-b3f2-a9f154b450de@group-2FABE92B7E5B-LeaderElection252] INFO  impl.LeaderElection (LeaderElection.java:askForVotes(178)) - b88b3e43-5534-49b3-b3f2-a9f154b450de@group-2FABE92B7E5B-LeaderElection252: begin an election at term 263 for -1: [c58a0a02-acd3-47c8-b3e9-5b8e0493de45:192.168.157.254:33611, 1360619e-ba1e-4bf9-aec1-9f15b5480b27:192.168.157.254:45658, b88b3e43-5534-49b3-b3f2-a9f154b450de:192.168.157.254:46786], old=null
2019-10-21 23:46:53,531 [grpc-default-executor-1] INFO  impl.RaftServerImpl (RaftServerImpl.java:setRole(184)) - c58a0a02-acd3-47c8-b3e9-5b8e0493de45@group-2FABE92B7E5B: changes role from  FOLLOWER to FOLLOWER at term 263 for recognizeCandidate:b88b3e43-5534-49b3-b3f2-a9f154b450de
2019-10-21 23:46:53,531 [grpc-default-executor-1] INFO  impl.RoleInfo (RoleInfo.java:shutdownFollowerState(121)) - c58a0a02-acd3-47c8-b3e9-5b8e0493de45: shutdown FollowerState
2019-10-21 23:46:53,531 [grpc-default-executor-1] INFO  impl.RoleInfo (RoleInfo.java:updateAndGet(143)) - c58a0a02-acd3-47c8-b3e9-5b8e0493de45: start FollowerState
2019-10-21 23:46:53,532 [grpc-default-executor-0] INFO  impl.RaftServerImpl (RaftServerImpl.java:setRole(184)) - 1360619e-ba1e-4bf9-aec1-9f15b5480b27@group-2FABE92B7E5B: changes role from  FOLLOWER to FOLLOWER at term 263 for recognizeCandidate:b88b3e43-5534-49b3-b3f2-a9f154b450de
2019-10-21 23:46:53,532 [grpc-default-executor-0] INFO  impl.RoleInfo (RoleInfo.java:shutdownFollowerState(121)) - 1360619e-ba1e-4bf9-aec1-9f15b5480b27: shutdown FollowerState
2019-10-21 23:46:53,531 [Thread-1853] INFO  impl.FollowerState (FollowerState.java:run(117)) - c58a0a02-acd3-47c8-b3e9-5b8e0493de45@group-2FABE92B7E5B-FollowerState was interrupted: java.lang.InterruptedException: sleep interrupted
2019-10-21 23:46:53,532 [grpc-default-executor-0] INFO  impl.RoleInfo (RoleInfo.java:updateAndGet(143)) - 1360619e-ba1e-4bf9-aec1-9f15b5480b27: start FollowerState
2019-10-21 23:46:53,532 [Thread-1852] INFO  impl.FollowerState (FollowerState.java:run(117)) - 1360619e-ba1e-4bf9-aec1-9f15b5480b27@group-2FABE92B7E5B-FollowerState was interrupted: java.lang.InterruptedException: sleep interrupted
2019-10-21 23:46:53,554 [b88b3e43-5534-49b3-b3f2-a9f154b450de@group-2FABE92B7E5B-LeaderElection252] INFO  impl.LeaderElection (LeaderElection.java:logAndReturn(56)) - b88b3e43-5534-49b3-b3f2-a9f154b450de@group-2FABE92B7E5B-LeaderElection252: Election REJECTED; received 2 response(s) [b88b3e43-5534-49b3-b3f2-a9f154b450de<-c58a0a02-acd3-47c8-b3e9-5b8e0493de45#0:FAIL-t263, b88b3e43-5534-49b3-b3f2-a9f154b450de<-1360619e-ba1e-4bf9-aec1-9f15b5480b27#0:FAIL-t263] and 0 exception(s); b88b3e43-5534-49b3-b3f2-a9f154b450de@group-2FABE92B7E5B:t263, leader=null, voted=b88b3e43-5534-49b3-b3f2-a9f154b450de, raftlog=b88b3e43-5534-49b3-b3f2-a9f154b450de@group-2FABE92B7E5B-SegmentedRaftLog:OPENED:c-1,f-1,i0, conf=-1: [c58a0a02-acd3-47c8-b3e9-5b8e0493de45:192.168.157.254:33611, 1360619e-ba1e-4bf9-aec1-9f15b5480b27:192.168.157.254:45658, b88b3e43-5534-49b3-b3f2-a9f154b450de:192.168.157.254:46786], old=null
2019-10-21 23:46:53,554 [b88b3e43-5534-49b3-b3f2-a9f154b450de@group-2FABE92B7E5B-LeaderElection252] INFO  impl.RaftServerImpl (RaftServerImpl.java:setRole(184)) - b88b3e43-5534-49b3-b3f2-a9f154b450de@group-2FABE92B7E5B: changes role from CANDIDATE to FOLLOWER at term 263 for DISCOVERED_A_NEW_TERM
2019-10-21 23:46:53,554 [b88b3e43-5534-49b3-b3f2-a9f154b450de@group-2FABE92B7E5B-LeaderElection252] INFO  impl.RoleInfo (RoleInfo.java:shutdownLeaderElection(134)) - b88b3e43-5534-49b3-b3f2-a9f154b450de: shutdown LeaderElection
2019-10-21 23:46:53,554 [b88b3e43-5534-49b3-b3f2-a9f154b450de@group-2FABE92B7E5B-LeaderElection252] INFO  impl.RoleInfo (RoleInfo.java:updateAndGet(143)) - b88b3e43-5534-49b3-b3f2-a9f154b450de: start FollowerState
2019-10-21 23:46:53,633 [Thread-1860] INFO  impl.FollowerState (FollowerState.java:run(108)) - b88b3e43-5534-49b3-b3f2-a9f154b450de@group-2FABE92B7E5B-FollowerState: change to CANDIDATE, lastRpcTime:78ms, electionTimeout:78ms
2019-10-21 23:46:53,633 [Thread-1860] INFO  impl.RoleInfo (RoleInfo.java:shutdownFollowerState(121)) - b88b3e43-5534-49b3-b3f2-a9f154b450de: shutdown FollowerState
2019-10-21 23:46:53,633 [Thread-1860] INFO  impl.RaftServerImpl (RaftServerImpl.java:setRole(184)) - b88b3e43-5534-49b3-b3f2-a9f154b450de@group-2FABE92B7E5B: changes role from  FOLLOWER to CANDIDATE at term 263 for changeToCandidate
2019-10-21 23:46:53,633 [Thread-1860] INFO  impl.RoleInfo (RoleInfo.java:updateAndGet(143)) - b88b3e43-5534-49b3-b3f2-a9f154b450de: start LeaderElection
2019-10-21 23:46:53,647 [b88b3e43-5534-49b3-b3f2-a9f154b450de@group-2FABE92B7E5B-LeaderElection253] INFO  impl.LeaderElection (LeaderElection.java:askForVotes(178)) - b88b3e43-5534-49b3-b3f2-a9f154b450de@group-2FABE92B7E5B-LeaderElection253: begin an election at term 264 for -1: [c58a0a02-acd3-47c8-b3e9-5b8e0493de45:192.168.157.254:33611, 1360619e-ba1e-4bf9-aec1-9f15b5480b27:192.168.157.254:45658, b88b3e43-5534-49b3-b3f2-a9f154b450de:192.168.157.254:46786], old=null
2019-10-21 23:46:53,649 [grpc-default-executor-1] INFO  impl.RaftServerImpl (RaftServerImpl.java:setRole(184)) - c58a0a02-acd3-47c8-b3e9-5b8e0493de45@group-2FABE92B7E5B: changes role from  FOLLOWER to FOLLOWER at term 264 for recognizeCandidate:b88b3e43-5534-49b3-b3f2-a9f154b450de
2019-10-21 23:46:53,649 [grpc-default-executor-0] INFO  impl.RaftServerImpl (RaftServerImpl.java:setRole(184)) - 1360619e-ba1e-4bf9-aec1-9f15b5480b27@group-2FABE92B7E5B: changes role from  FOLLOWER to FOLLOWER at term 264 for recognizeCandidate:b88b3e43-5534-49b3-b3f2-a9f154b450de
2019-10-21 23:46:53,650 [grpc-default-executor-1] INFO  impl.RoleInfo (RoleInfo.java:shutdownFollowerState(121)) - c58a0a02-acd3-47c8-b3e9-5b8e0493de45: shutdown FollowerState
2019-10-21 23:46:53,650 [grpc-default-executor-0] INFO  impl.RoleInfo (RoleInfo.java:shutdownFollowerState(121)) - 1360619e-ba1e-4bf9-aec1-9f15b5480b27: shutdown FollowerState
2019-10-21 23:46:53,650 [Thread-1858] INFO  impl.FollowerState (FollowerState.java:run(117)) - c58a0a02-acd3-47c8-b3e9-5b8e0493de45@group-2FABE92B7E5B-FollowerState was interrupted: java.lang.InterruptedException: sleep interrupted
2019-10-21 23:46:53,650 [Thread-1859] INFO  impl.FollowerState (FollowerState.java:run(117)) - 1360619e-ba1e-4bf9-aec1-9f15b5480b27@group-2FABE92B7E5B-FollowerState was interrupted: java.lang.InterruptedException: sleep interrupted
2019-10-21 23:46:53,650 [grpc-default-executor-1] INFO  impl.RoleInfo (RoleInfo.java:updateAndGet(143)) - c58a0a02-acd3-47c8-b3e9-5b8e0493de45: start FollowerState
2019-10-21 23:46:53,650 [grpc-default-executor-0] INFO  impl.RoleInfo (RoleInfo.java:updateAndGet(143)) - 1360619e-ba1e-4bf9-aec1-9f15b5480b27: start FollowerState
2019-10-21 23:46:53,664 [b88b3e43-5534-49b3-b3f2-a9f154b450de@group-2FABE92B7E5B-LeaderElection253] INFO  impl.LeaderElection (LeaderElection.java:logAndReturn(56)) - b88b3e43-5534-49b3-b3f2-a9f154b450de@group-2FABE92B7E5B-LeaderElection253: Election REJECTED; received 2 response(s) [b88b3e43-5534-49b3-b3f2-a9f154b450de<-c58a0a02-acd3-47c8-b3e9-5b8e0493de45#0:FAIL-t264, b88b3e43-5534-49b3-b3f2-a9f154b450de<-1360619e-ba1e-4bf9-aec1-9f15b5480b27#0:FAIL-t264] and 0 exception(s); b88b3e43-5534-49b3-b3f2-a9f154b450de@group-2FABE92B7E5B:t264, leader=null, voted=b88b3e43-5534-49b3-b3f2-a9f154b450de, raftlog=b88b3e43-5534-49b3-b3f2-a9f154b450de@group-2FABE92B7E5B-SegmentedRaftLog:OPENED:c-1,f-1,i0, conf=-1: [c58a0a02-acd3-47c8-b3e9-5b8e0493de45:192.168.157.254:33611, 1360619e-ba1e-4bf9-aec1-9f15b5480b27:192.168.157.254:45658, b88b3e43-5534-49b3-b3f2-a9f154b450de:192.168.157.254:46786], old=null
2019-10-21 23:46:53,665 [b88b3e43-5534-49b3-b3f2-a9f154b450de@group-2FABE92B7E5B-LeaderElection253] INFO  impl.RaftServerImpl (RaftServerImpl.java:setRole(184)) - b88b3e43-5534-49b3-b3f2-a9f154b450de@group-2FABE92B7E5B: changes role from CANDIDATE to FOLLOWER at term 264 for DISCOVERED_A_NEW_TERM
2019-10-21 23:46:53,665 [b88b3e43-5534-49b3-b3f2-a9f154b450de@group-2FABE92B7E5B-LeaderElection253] INFO  impl.RoleInfo (RoleInfo.java:shutdownLeaderElection(134)) - b88b3e43-5534-49b3-b3f2-a9f154b450de: shutdown LeaderElection
2019-10-21 23:46:53,665 [b88b3e43-5534-49b3-b3f2-a9f154b450de@group-2FABE92B7E5B-LeaderElection253] INFO  impl.RoleInfo (RoleInfo.java:updateAndGet(143)) - b88b3e43-5534-49b3-b3f2-a9f154b450de: start FollowerState
2019-10-21 23:46:53,855 [Thread-1866] INFO  impl.FollowerState (FollowerState.java:run(108)) - b88b3e43-5534-49b3-b3f2-a9f154b450de@group-2FABE92B7E5B-FollowerState: change to CANDIDATE, lastRpcTime:190ms, electionTimeout:190ms
2019-10-21 23:46:53,856 [Thread-1866] INFO  impl.RoleInfo (RoleInfo.java:shutdownFollowerState(121)) - b88b3e43-5534-49b3-b3f2-a9f154b450de: shutdown FollowerState
2019-10-21 23:46:53,856 [Thread-1866] INFO  impl.RaftServerImpl (RaftServerImpl.java:setRole(184)) - b88b3e43-5534-49b3-b3f2-a9f154b450de@group-2FABE92B7E5B: changes role from  FOLLOWER to CANDIDATE at term 264 for changeToCandidate
2019-10-21 23:46:53,857 [Thread-1866] INFO  impl.RoleInfo (RoleInfo.java:updateAndGet(143)) - b88b3e43-5534-49b3-b3f2-a9f154b450de: start LeaderElection
2019-10-21 23:46:53,871 [b88b3e43-5534-49b3-b3f2-a9f154b450de@group-2FABE92B7E5B-LeaderElection254] INFO  impl.LeaderElection (LeaderElection.java:askForVotes(178)) - b88b3e43-5534-49b3-b3f2-a9f154b450de@group-2FABE92B7E5B-LeaderElection254: begin an election at term 265 for -1: [c58a0a02-acd3-47c8-b3e9-5b8e0493de45:192.168.157.254:33611, 1360619e-ba1e-4bf9-aec1-9f15b5480b27:192.168.157.254:45658, b88b3e43-5534-49b3-b3f2-a9f154b450de:192.168.157.254:46786], old=null
2019-10-21 23:46:53,878 [grpc-default-executor-1] INFO  impl.RaftServerImpl (RaftServerImpl.java:setRole(184)) - 1360619e-ba1e-4bf9-aec1-9f15b5480b27@group-2FABE92B7E5B: changes role from  FOLLOWER to FOLLOWER at term 265 for recognizeCandidate:b88b3e43-5534-49b3-b3f2-a9f154b450de
2019-10-21 23:46:53,878 [grpc-default-executor-0] INFO  impl.RaftServerImpl (RaftServerImpl.java:setRole(184)) - c58a0a02-acd3-47c8-b3e9-5b8e0493de45@group-2FABE92B7E5B: changes role from  FOLLOWER to FOLLOWER at term 265 for recognizeCandidate:b88b3e43-5534-49b3-b3f2-a9f154b450de
2019-10-21 23:46:53,878 [grpc-default-executor-1] INFO  impl.RoleInfo (RoleInfo.java:shutdownFollowerState(121)) - 1360619e-ba1e-4bf9-aec1-9f15b5480b27: shutdown FollowerState
2019-10-21 23:46:53,879 [grpc-default-executor-0] INFO  impl.RoleInfo (RoleInfo.java:shutdownFollowerState(121)) - c58a0a02-acd3-47c8-b3e9-5b8e0493de45: shutdown FollowerState
2019-10-21 23:46:53,879 [grpc-default-executor-1] INFO  impl.RoleInfo (RoleInfo.java:updateAndGet(143)) - 1360619e-ba1e-4bf9-aec1-9f15b5480b27: start FollowerState
2019-10-21 23:46:53,879 [Thread-1864] INFO  impl.FollowerState (FollowerState.java:run(117)) - c58a0a02-acd3-47c8-b3e9-5b8e0493de45@group-2FABE92B7E5B-FollowerState was interrupted: java.lang.InterruptedException: sleep interrupted
2019-10-21 23:46:53,879 [grpc-default-executor-0] INFO  impl.RoleInfo (RoleInfo.java:updateAndGet(143)) - c58a0a02-acd3-47c8-b3e9-5b8e0493de45: start FollowerState
2019-10-21 23:46:53,879 [Thread-1865] INFO  impl.FollowerState (FollowerState.java:run(117)) - 1360619e-ba1e-4bf9-aec1-9f15b5480b27@group-2FABE92B7E5B-FollowerState was interrupted: java.lang.InterruptedException: sleep interrupted
2019-10-21 23:46:53,894 [b88b3e43-5534-49b3-b3f2-a9f154b450de@group-2FABE92B7E5B-LeaderElection254] INFO  impl.LeaderElection (LeaderElection.java:logAndReturn(56)) - b88b3e43-5534-49b3-b3f2-a9f154b450de@group-2FABE92B7E5B-LeaderElection254: Election REJECTED; received 2 response(s) [b88b3e43-5534-49b3-b3f2-a9f154b450de<-c58a0a02-acd3-47c8-b3e9-5b8e0493de45#0:FAIL-t265, b88b3e43-5534-49b3-b3f2-a9f154b450de<-1360619e-ba1e-4bf9-aec1-9f15b5480b27#0:FAIL-t265] and 0 exception(s); b88b3e43-5534-49b3-b3f2-a9f154b450de@group-2FABE92B7E5B:t265, leader=null, voted=b88b3e43-5534-49b3-b3f2-a9f154b450de, raftlog=b88b3e43-5534-49b3-b3f2-a9f154b450de@group-2FABE92B7E5B-SegmentedRaftLog:OPENED:c-1,f-1,i0, conf=-1: [c58a0a02-acd3-47c8-b3e9-5b8e0493de45:192.168.157.254:33611, 1360619e-ba1e-4bf9-aec1-9f15b5480b27:192.168.157.254:45658, b88b3e43-5534-49b3-b3f2-a9f154b450de:192.168.157.254:46786], old=null
2019-10-21 23:46:53,895 [b88b3e43-5534-49b3-b3f2-a9f154b450de@group-2FABE92B7E5B-LeaderElection254] INFO  impl.RaftServerImpl (RaftServerImpl.java:setRole(184)) - b88b3e43-5534-49b3-b3f2-a9f154b450de@group-2FABE92B7E5B: changes role from CANDIDATE to FOLLOWER at term 265 for DISCOVERED_A_NEW_TERM
2019-10-21 23:46:53,895 [b88b3e43-5534-49b3-b3f2-a9f154b450de@group-2FABE92B7E5B-LeaderElection254] INFO  impl.RoleInfo (RoleInfo.java:shutdownLeaderElection(134)) - b88b3e43-5534-49b3-b3f2-a9f154b450de: shutdown LeaderElection
2019-10-21 23:46:53,895 [b88b3e43-5534-49b3-b3f2-a9f154b450de@group-2FABE92B7E5B-LeaderElection254] INFO  impl.RoleInfo (RoleInfo.java:updateAndGet(143)) - b88b3e43-5534-49b3-b3f2-a9f154b450de: start FollowerState
2019-10-21 23:46:54,066 [Thread-1872] INFO  impl.FollowerState (FollowerState.java:run(108)) - b88b3e43-5534-49b3-b3f2-a9f154b450de@group-2FABE92B7E5B-FollowerState: change to CANDIDATE, lastRpcTime:171ms, electionTimeout:171ms
2019-10-21 23:46:54,067 [Thread-1872] INFO  impl.RoleInfo (RoleInfo.java:shutdownFollowerState(121)) - b88b3e43-5534-49b3-b3f2-a9f154b450de: shutdown FollowerState
2019-10-21 23:46:54,067 [Thread-1872] INFO  impl.RaftServerImpl (RaftServerImpl.java:setRole(184)) - b88b3e43-5534-49b3-b3f2-a9f154b450de@group-2FABE92B7E5B: changes role from  FOLLOWER to CANDIDATE at term 265 for changeToCandidate
2019-10-21 23:46:54,067 [Thread-1872] INFO  impl.RoleInfo (RoleInfo.java:updateAndGet(143)) - b88b3e43-5534-49b3-b3f2-a9f154b450de: start LeaderElection
2019-10-21 23:46:54,081 [b88b3e43-5534-49b3-b3f2-a9f154b450de@group-2FABE92B7E5B-LeaderElection255] INFO  impl.LeaderElection (LeaderElection.java:askForVotes(178)) - b88b3e43-5534-49b3-b3f2-a9f154b450de@group-2FABE92B7E5B-LeaderElection255: begin an election at term 266 for -1: [c58a0a02-acd3-47c8-b3e9-5b8e0493de45:192.168.157.254:33611, 1360619e-ba1e-4bf9-aec1-9f15b5480b27:192.168.157.254:45658, b88b3e43-5534-49b3-b3f2-a9f154b450de:192.168.157.254:46786], old=null
2019-10-21 23:46:54,083 [grpc-default-executor-0] INFO  impl.RaftServerImpl (RaftServerImpl.java:setRole(184)) - c58a0a02-acd3-47c8-b3e9-5b8e0493de45@group-2FABE92B7E5B: changes role from  FOLLOWER to FOLLOWER at term 266 for recognizeCandidate:b88b3e43-5534-49b3-b3f2-a9f154b450de
2019-10-21 23:46:54,083 [grpc-default-executor-0] INFO  impl.RoleInfo (RoleInfo.java:shutdownFollowerState(121)) - c58a0a02-acd3-47c8-b3e9-5b8e0493de45: shutdown FollowerState
2019-10-21 23:46:54,083 [grpc-default-executor-1] INFO  impl.RaftServerImpl (RaftServerImpl.java:setRole(184)) - 1360619e-ba1e-4bf9-aec1-9f15b5480b27@group-2FABE92B7E5B: changes role from  FOLLOWER to FOLLOWER at term 266 for recognizeCandidate:b88b3e43-5534-49b3-b3f2-a9f154b450de
2019-10-21 23:46:54,083 [Thread-1871] INFO  impl.FollowerState (FollowerState.java:run(117)) - c58a0a02-acd3-47c8-b3e9-5b8e0493de45@group-2FABE92B7E5B-FollowerState was interrupted: java.lang.InterruptedException: sleep interrupted
2019-10-21 23:46:54,083 [grpc-default-executor-0] INFO  impl.RoleInfo (RoleInfo.java:updateAndGet(143)) - c58a0a02-acd3-47c8-b3e9-5b8e0493de45: start FollowerState
2019-10-21 23:46:54,083 [grpc-default-executor-1] INFO  impl.RoleInfo (RoleInfo.java:shutdownFollowerState(121)) - 1360619e-ba1e-4bf9-aec1-9f15b5480b27: shutdown FollowerState
2019-10-21 23:46:54,084 [grpc-default-executor-1] INFO  impl.RoleInfo (RoleInfo.java:updateAndGet(143)) - 1360619e-ba1e-4bf9-aec1-9f15b5480b27: start FollowerState
2019-10-21 23:46:54,084 [Thread-1870] INFO  impl.FollowerState (FollowerState.java:run(117)) - 1360619e-ba1e-4bf9-aec1-9f15b5480b27@group-2FABE92B7E5B-FollowerState was interrupted: java.lang.InterruptedException: sleep interrupted
2019-10-21 23:46:54,097 [b88b3e43-5534-49b3-b3f2-a9f154b450de@group-2FABE92B7E5B-LeaderElection255] INFO  impl.LeaderElection (LeaderElection.java:logAndReturn(56)) - b88b3e43-5534-49b3-b3f2-a9f154b450de@group-2FABE92B7E5B-LeaderElection255: Election REJECTED; received 2 response(s) [b88b3e43-5534-49b3-b3f2-a9f154b450de<-c58a0a02-acd3-47c8-b3e9-5b8e0493de45#0:FAIL-t266, b88b3e43-5534-49b3-b3f2-a9f154b450de<-1360619e-ba1e-4bf9-aec1-9f15b5480b27#0:FAIL-t266] and 0 exception(s); b88b3e43-5534-49b3-b3f2-a9f154b450de@group-2FABE92B7E5B:t266, leader=null, voted=b88b3e43-5534-49b3-b3f2-a9f154b450de, raftlog=b88b3e43-5534-49b3-b3f2-a9f154b450de@group-2FABE92B7E5B-SegmentedRaftLog:OPENED:c-1,f-1,i0, conf=-1: [c58a0a02-acd3-47c8-b3e9-5b8e0493de45:192.168.157.254:33611, 1360619e-ba1e-4bf9-aec1-9f15b5480b27:192.168.157.254:45658, b88b3e43-5534-49b3-b3f2-a9f154b450de:192.168.157.254:46786], old=null
2019-10-21 23:46:54,097 [b88b3e43-5534-49b3-b3f2-a9f154b450de@group-2FABE92B7E5B-LeaderElection255] INFO  impl.RaftServerImpl (RaftServerImpl.java:setRole(184)) - b88b3e43-5534-49b3-b3f2-a9f154b450de@group-2FABE92B7E5B: changes role from CANDIDATE to FOLLOWER at term 266 for DISCOVERED_A_NEW_TERM
2019-10-21 23:46:54,097 [b88b3e43-5534-49b3-b3f2-a9f154b450de@group-2FABE92B7E5B-LeaderElection255] INFO  impl.RoleInfo (RoleInfo.java:shutdownLeaderElection(134)) - b88b3e43-5534-49b3-b3f2-a9f154b450de: shutdown LeaderElection
2019-10-21 23:46:54,097 [b88b3e43-5534-49b3-b3f2-a9f154b450de@group-2FABE92B7E5B-LeaderElection255] INFO  impl.RoleInfo (RoleInfo.java:updateAndGet(143)) - b88b3e43-5534-49b3-b3f2-a9f154b450de: start FollowerState
2019-10-21 23:46:54,117 [Thread-1878] INFO  impl.FollowerState (FollowerState.java:run(108)) - b88b3e43-5534-49b3-b3f2-a9f154b450de@group-2FABE92B7E5B-FollowerState: change to CANDIDATE, lastRpcTime:20ms, electionTimeout:20ms
2019-10-21 23:46:54,118 [Thread-1878] INFO  impl.RoleInfo (RoleInfo.java:shutdownFollowerState(121)) - b88b3e43-5534-49b3-b3f2-a9f154b450de: shutdown FollowerState
2019-10-21 23:46:54,118 [Thread-1878] INFO  impl.RaftServerImpl (RaftServerImpl.java:setRole(184)) - b88b3e43-5534-49b3-b3f2-a9f154b450de@group-2FABE92B7E5B: changes role from  FOLLOWER to CANDIDATE at term 266 for changeToCandidate
2019-10-21 23:46:54,118 [Thread-1878] INFO  impl.RoleInfo (RoleInfo.java:updateAndGet(143)) - b88b3e43-5534-49b3-b3f2-a9f154b450de: start LeaderElection
2019-10-21 23:46:54,132 [b88b3e43-5534-49b3-b3f2-a9f154b450de@group-2FABE92B7E5B-LeaderElection256] INFO  impl.LeaderElection (LeaderElection.java:askForVotes(178)) - b88b3e43-5534-49b3-b3f2-a9f154b450de@group-2FABE92B7E5B-LeaderElection256: begin an election at term 267 for -1: [c58a0a02-acd3-47c8-b3e9-5b8e0493de45:192.168.157.254:33611, 1360619e-ba1e-4bf9-aec1-9f15b5480b27:192.168.157.254:45658, b88b3e43-5534-49b3-b3f2-a9f154b450de:192.168.157.254:46786], old=null
2019-10-21 23:46:54,134 [grpc-default-executor-1] INFO  impl.RaftServerImpl (RaftServerImpl.java:setRole(184)) - 1360619e-ba1e-4bf9-aec1-9f15b5480b27@group-2FABE92B7E5B: changes role from  FOLLOWER to FOLLOWER at term 267 for recognizeCandidate:b88b3e43-5534-49b3-b3f2-a9f154b450de
2019-10-21 23:46:54,134 [grpc-default-executor-1] INFO  impl.RoleInfo (RoleInfo.java:shutdownFollowerState(121)) - 1360619e-ba1e-4bf9-aec1-9f15b5480b27: shutdown FollowerState
2019-10-21 23:46:54,134 [grpc-default-executor-1] INFO  impl.RoleInfo (RoleInfo.java:updateAndGet(143)) - 1360619e-ba1e-4bf9-aec1-9f15b5480b27: start FollowerState
2019-10-21 23:46:54,134 [Thread-1877] INFO  impl.FollowerState (FollowerState.java:run(117)) - 1360619e-ba1e-4bf9-aec1-9f15b5480b27@group-2FABE92B7E5B-FollowerState was interrupted: java.lang.InterruptedException: sleep interrupted
2019-10-21 23:46:54,134 [grpc-default-executor-0] INFO  impl.RaftServerImpl (RaftServerImpl.java:setRole(184)) - c58a0a02-acd3-47c8-b3e9-5b8e0493de45@group-2FABE92B7E5B: changes role from  FOLLOWER to FOLLOWER at term 267 for recognizeCandidate:b88b3e43-5534-49b3-b3f2-a9f154b450de
2019-10-21 23:46:54,135 [grpc-default-executor-0] INFO  impl.RoleInfo (RoleInfo.java:shutdownFollowerState(121)) - c58a0a02-acd3-47c8-b3e9-5b8e0493de45: shutdown FollowerState
2019-10-21 23:46:54,135 [Thread-1876] INFO  impl.FollowerState (FollowerState.java:run(117)) - c58a0a02-acd3-47c8-b3e9-5b8e0493de45@group-2FABE92B7E5B-FollowerState was interrupted: java.lang.InterruptedException: sleep interrupted
2019-10-21 23:46:54,135 [grpc-default-executor-0] INFO  impl.RoleInfo (RoleInfo.java:updateAndGet(143)) - c58a0a02-acd3-47c8-b3e9-5b8e0493de45: start FollowerState
2019-10-21 23:46:54,139 [b88b3e43-5534-49b3-b3f2-a9f154b450de@group-2FABE92B7E5B-LeaderElection256] INFO  impl.LeaderElection (LeaderElection.java:logAndReturn(56)) - b88b3e43-5534-49b3-b3f2-a9f154b450de@group-2FABE92B7E5B-LeaderElection256: Election TIMEOUT; received 0 response(s) [] and 0 exception(s); b88b3e43-5534-49b3-b3f2-a9f154b450de@group-2FABE92B7E5B:t267, leader=null, voted=b88b3e43-5534-49b3-b3f2-a9f154b450de, raftlog=b88b3e43-5534-49b3-b3f2-a9f154b450de@group-2FABE92B7E5B-SegmentedRaftLog:OPENED:c-1,f-1,i0, conf=-1: [c58a0a02-acd3-47c8-b3e9-5b8e0493de45:192.168.157.254:33611, 1360619e-ba1e-4bf9-aec1-9f15b5480b27:192.168.157.254:45658, b88b3e43-5534-49b3-b3f2-a9f154b450de:192.168.157.254:46786], old=null
2019-10-21 23:46:54,147 [b88b3e43-5534-49b3-b3f2-a9f154b450de@group-2FABE92B7E5B-LeaderElection256] INFO  impl.LeaderElection (LeaderElection.java:askForVotes(178)) - b88b3e43-5534-49b3-b3f2-a9f154b450de@group-2FABE92B7E5B-LeaderElection256: begin an election at term 268 for -1: [c58a0a02-acd3-47c8-b3e9-5b8e0493de45:192.168.157.254:33611, 1360619e-ba1e-4bf9-aec1-9f15b5480b27:192.168.157.254:45658, b88b3e43-5534-49b3-b3f2-a9f154b450de:192.168.157.254:46786], old=null
2019-10-21 23:46:54,149 [grpc-default-executor-1] INFO  impl.RaftServerImpl (RaftServerImpl.java:setRole(184)) - c58a0a02-acd3-47c8-b3e9-5b8e0493de45@group-2FABE92B7E5B: changes role from  FOLLOWER to FOLLOWER at term 268 for recognizeCandidate:b88b3e43-5534-49b3-b3f2-a9f154b450de
2019-10-21 23:46:54,149 [grpc-default-executor-1] INFO  impl.RoleInfo (RoleInfo.java:shutdownFollowerState(121)) - c58a0a02-acd3-47c8-b3e9-5b8e0493de45: shutdown FollowerState
2019-10-21 23:46:54,149 [grpc-default-executor-0] INFO  impl.RaftServerImpl (RaftServerImpl.java:setRole(184)) - 1360619e-ba1e-4bf9-aec1-9f15b5480b27@group-2FABE92B7E5B: changes role from  FOLLOWER to FOLLOWER at term 268 for recognizeCandidate:b88b3e43-5534-49b3-b3f2-a9f154b450de
2019-10-21 23:46:54,149 [Thread-1885] INFO  impl.FollowerState (FollowerState.java:run(117)) - c58a0a02-acd3-47c8-b3e9-5b8e0493de45@group-2FABE92B7E5B-FollowerState was interrupted: java.lang.InterruptedException: sleep interrupted
2019-10-21 23:46:54,149 [grpc-default-executor-1] INFO  impl.RoleInfo (RoleInfo.java:updateAndGet(143)) - c58a0a02-acd3-47c8-b3e9-5b8e0493de45: start FollowerState
2019-10-21 23:46:54,149 [grpc-default-executor-0] INFO  impl.RoleInfo (RoleInfo.java:shutdownFollowerState(121)) - 1360619e-ba1e-4bf9-aec1-9f15b5480b27: shutdown FollowerState
2019-10-21 23:46:54,150 [grpc-default-executor-0] INFO  impl.RoleInfo (RoleInfo.java:updateAndGet(143)) - 1360619e-ba1e-4bf9-aec1-9f15b5480b27: start FollowerState
2019-10-21 23:46:54,150 [Thread-1884] INFO  impl.FollowerState (FollowerState.java:run(117)) - 1360619e-ba1e-4bf9-aec1-9f15b5480b27@group-2FABE92B7E5B-FollowerState was interrupted: java.lang.InterruptedException: sleep interrupted
2019-10-21 23:46:54,164 [b88b3e43-5534-49b3-b3f2-a9f154b450de@group-2FABE92B7E5B-LeaderElection256] INFO  impl.LeaderElection (LeaderElection.java:logAndReturn(56)) - b88b3e43-5534-49b3-b3f2-a9f154b450de@group-2FABE92B7E5B-LeaderElection256: Election REJECTED; received 2 response(s) [b88b3e43-5534-49b3-b3f2-a9f154b450de<-c58a0a02-acd3-47c8-b3e9-5b8e0493de45#0:FAIL-t268, b88b3e43-5534-49b3-b3f2-a9f154b450de<-1360619e-ba1e-4bf9-aec1-9f15b5480b27#0:FAIL-t268] and 0 exception(s); b88b3e43-5534-49b3-b3f2-a9f154b450de@group-2FABE92B7E5B:t268, leader=null, voted=b88b3e43-5534-49b3-b3f2-a9f154b450de, raftlog=b88b3e43-5534-49b3-b3f2-a9f154b450de@group-2FABE92B7E5B-SegmentedRaftLog:OPENED:c-1,f-1,i0, conf=-1: [c58a0a02-acd3-47c8-b3e9-5b8e0493de45:192.168.157.254:33611, 1360619e-ba1e-4bf9-aec1-9f15b5480b27:192.168.157.254:45658, b88b3e43-5534-49b3-b3f2-a9f154b450de:192.168.157.254:46786], old=null
2019-10-21 23:46:54,164 [b88b3e43-5534-49b3-b3f2-a9f154b450de@group-2FABE92B7E5B-LeaderElection256] INFO  impl.RaftServerImpl (RaftServerImpl.java:setRole(184)) - b88b3e43-5534-49b3-b3f2-a9f154b450de@group-2FABE92B7E5B: changes role from CANDIDATE to FOLLOWER at term 268 for DISCOVERED_A_NEW_TERM
2019-10-21 23:46:54,165 [b88b3e43-5534-49b3-b3f2-a9f154b450de@group-2FABE92B7E5B-LeaderElection256] INFO  impl.RoleInfo (RoleInfo.java:shutdownLeaderElection(134)) - b88b3e43-5534-49b3-b3f2-a9f154b450de: shutdown LeaderElection
2019-10-21 23:46:54,165 [b88b3e43-5534-49b3-b3f2-a9f154b450de@group-2FABE92B7E5B-LeaderElection256] INFO  impl.RoleInfo (RoleInfo.java:updateAndGet(143)) - b88b3e43-5534-49b3-b3f2-a9f154b450de: start FollowerState
2019-10-21 23:46:54,290 [Thread-1890] INFO  impl.FollowerState (FollowerState.java:run(108)) - b88b3e43-5534-49b3-b3f2-a9f154b450de@group-2FABE92B7E5B-FollowerState: change to CANDIDATE, lastRpcTime:124ms, electionTimeout:124ms
2019-10-21 23:46:54,290 [Thread-1890] INFO  impl.RoleInfo (RoleInfo.java:shutdownFollowerState(121)) - b88b3e43-5534-49b3-b3f2-a9f154b450de: shutdown FollowerState
2019-10-21 23:46:54,290 [Thread-1890] INFO  impl.RaftServerImpl (RaftServerImpl.java:setRole(184)) - b88b3e43-5534-49b3-b3f2-a9f154b450de@group-2FABE92B7E5B: changes role from  FOLLOWER to CANDIDATE at term 268 for changeToCandidate
2019-10-21 23:46:54,290 [Thread-1890] INFO  impl.RoleInfo (RoleInfo.java:updateAndGet(143)) - b88b3e43-5534-49b3-b3f2-a9f154b450de: start LeaderElection
2019-10-21 23:46:54,304 [b88b3e43-5534-49b3-b3f2-a9f154b450de@group-2FABE92B7E5B-LeaderElection257] INFO  impl.LeaderElection (LeaderElection.java:askForVotes(178)) - b88b3e43-5534-49b3-b3f2-a9f154b450de@group-2FABE92B7E5B-LeaderElection257: begin an election at term 269 for -1: [c58a0a02-acd3-47c8-b3e9-5b8e0493de45:192.168.157.254:33611, 1360619e-ba1e-4bf9-aec1-9f15b5480b27:192.168.157.254:45658, b88b3e43-5534-49b3-b3f2-a9f154b450de:192.168.157.254:46786], old=null
2019-10-21 23:46:54,306 [grpc-default-executor-0] INFO  impl.RaftServerImpl (RaftServerImpl.java:setRole(184)) - c58a0a02-acd3-47c8-b3e9-5b8e0493de45@group-2FABE92B7E5B: changes role from  FOLLOWER to FOLLOWER at term 269 for recognizeCandidate:b88b3e43-5534-49b3-b3f2-a9f154b450de
2019-10-21 23:46:54,306 [grpc-default-executor-0] INFO  impl.RoleInfo (RoleInfo.java:shutdownFollowerState(121)) - c58a0a02-acd3-47c8-b3e9-5b8e0493de45: shutdown FollowerState
2019-10-21 23:46:54,306 [grpc-default-executor-1] INFO  impl.RaftServerImpl (RaftServerImpl.java:setRole(184)) - 1360619e-ba1e-4bf9-aec1-9f15b5480b27@group-2FABE92B7E5B: changes role from  FOLLOWER to FOLLOWER at term 269 for recognizeCandidate:b88b3e43-5534-49b3-b3f2-a9f154b450de
2019-10-21 23:46:54,306 [Thread-1888] INFO  impl.FollowerState (FollowerState.java:run(117)) - c58a0a02-acd3-47c8-b3e9-5b8e0493de45@group-2FABE92B7E5B-FollowerState was interrupted: java.lang.InterruptedException: sleep interrupted
2019-10-21 23:46:54,306 [grpc-default-executor-0] INFO  impl.RoleInfo (RoleInfo.java:updateAndGet(143)) - c58a0a02-acd3-47c8-b3e9-5b8e0493de45: start FollowerState
2019-10-21 23:46:54,306 [grpc-default-executor-1] INFO  impl.RoleInfo (RoleInfo.java:shutdownFollowerState(121)) - 1360619e-ba1e-4bf9-aec1-9f15b5480b27: shutdown FollowerState
2019-10-21 23:46:54,307 [grpc-default-executor-1] INFO  impl.RoleInfo (RoleInfo.java:updateAndGet(143)) - 1360619e-ba1e-4bf9-aec1-9f15b5480b27: start FollowerState
2019-10-21 23:46:54,307 [Thread-1889] INFO  impl.FollowerState (FollowerState.java:run(117)) - 1360619e-ba1e-4bf9-aec1-9f15b5480b27@group-2FABE92B7E5B-FollowerState was interrupted: java.lang.InterruptedException: sleep interrupted
2019-10-21 23:46:54,313 [b88b3e43-5534-49b3-b3f2-a9f154b450de@group-2FABE92B7E5B-LeaderElection257] INFO  impl.LeaderElection (LeaderElection.java:logAndReturn(56)) - b88b3e43-5534-49b3-b3f2-a9f154b450de@group-2FABE92B7E5B-LeaderElection257: Election TIMEOUT; received 0 response(s) [] and 0 exception(s); b88b3e43-5534-49b3-b3f2-a9f154b450de@group-2FABE92B7E5B:t269, leader=null, voted=b88b3e43-5534-49b3-b3f2-a9f154b450de, raftlog=b88b3e43-5534-49b3-b3f2-a9f154b450de@group-2FABE92B7E5B-SegmentedRaftLog:OPENED:c-1,f-1,i0, conf=-1: [c58a0a02-acd3-47c8-b3e9-5b8e0493de45:192.168.157.254:33611, 1360619e-ba1e-4bf9-aec1-9f15b5480b27:192.168.157.254:45658, b88b3e43-5534-49b3-b3f2-a9f154b450de:192.168.157.254:46786], old=null
2019-10-21 23:46:54,320 [b88b3e43-5534-49b3-b3f2-a9f154b450de@group-2FABE92B7E5B-LeaderElection257] INFO  impl.LeaderElection (LeaderElection.java:askForVotes(178)) - b88b3e43-5534-49b3-b3f2-a9f154b450de@group-2FABE92B7E5B-LeaderElection257: begin an election at term 270 for -1: [c58a0a02-acd3-47c8-b3e9-5b8e0493de45:192.168.157.254:33611, 1360619e-ba1e-4bf9-aec1-9f15b5480b27:192.168.157.254:45658, b88b3e43-5534-49b3-b3f2-a9f154b450de:192.168.157.254:46786], old=null
2019-10-21 23:46:54,322 [grpc-default-executor-0] INFO  impl.RaftServerImpl (RaftServerImpl.java:setRole(184)) - c58a0a02-acd3-47c8-b3e9-5b8e0493de45@group-2FABE92B7E5B: changes role from  FOLLOWER to FOLLOWER at term 270 for recognizeCandidate:b88b3e43-5534-49b3-b3f2-a9f154b450de
2019-10-21 23:46:54,322 [grpc-default-executor-1] INFO  impl.RaftServerImpl (RaftServerImpl.java:setRole(184)) - 1360619e-ba1e-4bf9-aec1-9f15b5480b27@group-2FABE92B7E5B: changes role from  FOLLOWER to FOLLOWER at term 270 for recognizeCandidate:b88b3e43-5534-49b3-b3f2-a9f154b450de
2019-10-21 23:46:54,322 [grpc-default-executor-0] INFO  impl.RoleInfo (RoleInfo.java:shutdownFollowerState(121)) - c58a0a02-acd3-47c8-b3e9-5b8e0493de45: shutdown FollowerState
2019-10-21 23:46:54,322 [grpc-default-executor-1] INFO  impl.RoleInfo (RoleInfo.java:shutdownFollowerState(121)) - 1360619e-ba1e-4bf9-aec1-9f15b5480b27: shutdown FollowerState
2019-10-21 23:46:54,322 [Thread-1894] INFO  impl.FollowerState (FollowerState.java:run(117)) - c58a0a02-acd3-47c8-b3e9-5b8e0493de45@group-2FABE92B7E5B-FollowerState was interrupted: java.lang.InterruptedException: sleep interrupted
2019-10-21 23:46:54,322 [grpc-default-executor-0] INFO  impl.RoleInfo (RoleInfo.java:updateAndGet(143)) - c58a0a02-acd3-47c8-b3e9-5b8e0493de45: start FollowerState
2019-10-21 23:46:54,323 [Thread-1895] INFO  impl.FollowerState (FollowerState.java:run(117)) - 1360619e-ba1e-4bf9-aec1-9f15b5480b27@group-2FABE92B7E5B-FollowerState was interrupted: java.lang.InterruptedException: sleep interrupted
2019-10-21 23:46:54,323 [grpc-default-executor-1] INFO  impl.RoleInfo (RoleInfo.java:updateAndGet(143)) - 1360619e-ba1e-4bf9-aec1-9f15b5480b27: start FollowerState
2019-10-21 23:46:54,342 [b88b3e43-5534-49b3-b3f2-a9f154b450de@group-2FABE92B7E5B-LeaderElection257] INFO  impl.LeaderElection (LeaderElection.java:logAndReturn(56)) - b88b3e43-5534-49b3-b3f2-a9f154b450de@group-2FABE92B7E5B-LeaderElection257: Election REJECTED; received 2 response(s) [b88b3e43-5534-49b3-b3f2-a9f154b450de<-c58a0a02-acd3-47c8-b3e9-5b8e0493de45#0:FAIL-t270, b88b3e43-5534-49b3-b3f2-a9f154b450de<-1360619e-ba1e-4bf9-aec1-9f15b5480b27#0:FAIL-t270] and 0 exception(s); b88b3e43-5534-49b3-b3f2-a9f154b450de@group-2FABE92B7E5B:t270, leader=null, voted=b88b3e43-5534-49b3-b3f2-a9f154b450de, raftlog=b88b3e43-5534-49b3-b3f2-a9f154b450de@group-2FABE92B7E5B-SegmentedRaftLog:OPENED:c-1,f-1,i0, conf=-1: [c58a0a02-acd3-47c8-b3e9-5b8e0493de45:192.168.157.254:33611, 1360619e-ba1e-4bf9-aec1-9f15b5480b27:192.168.157.254:45658, b88b3e43-5534-49b3-b3f2-a9f154b450de:192.168.157.254:46786], old=null
2019-10-21 23:46:54,342 [b88b3e43-5534-49b3-b3f2-a9f154b450de@group-2FABE92B7E5B-LeaderElection257] INFO  impl.RaftServerImpl (RaftServerImpl.java:setRole(184)) - b88b3e43-5534-49b3-b3f2-a9f154b450de@group-2FABE92B7E5B: changes role from CANDIDATE to FOLLOWER at term 270 for DISCOVERED_A_NEW_TERM
2019-10-21 23:46:54,342 [b88b3e43-5534-49b3-b3f2-a9f154b450de@group-2FABE92B7E5B-LeaderElection257] INFO  impl.RoleInfo (RoleInfo.java:shutdownLeaderElection(134)) - b88b3e43-5534-49b3-b3f2-a9f154b450de: shutdown LeaderElection
2019-10-21 23:46:54,342 [b88b3e43-5534-49b3-b3f2-a9f154b450de@group-2FABE92B7E5B-LeaderElection257] INFO  impl.RoleInfo (RoleInfo.java:updateAndGet(143)) - b88b3e43-5534-49b3-b3f2-a9f154b450de: start FollowerState
2019-10-21 23:46:54,445 [Thread-1900] INFO  impl.FollowerState (FollowerState.java:run(108)) - b88b3e43-5534-49b3-b3f2-a9f154b450de@group-2FABE92B7E5B-FollowerState: change to CANDIDATE, lastRpcTime:102ms, electionTimeout:102ms
2019-10-21 23:46:54,445 [Thread-1900] INFO  impl.RoleInfo (RoleInfo.java:shutdownFollowerState(121)) - b88b3e43-5534-49b3-b3f2-a9f154b450de: shutdown FollowerState
2019-10-21 23:46:54,445 [Thread-1900] INFO  impl.RaftServerImpl (RaftServerImpl.java:setRole(184)) - b88b3e43-5534-49b3-b3f2-a9f154b450de@group-2FABE92B7E5B: changes role from  FOLLOWER to CANDIDATE at term 270 for changeToCandidate
2019-10-21 23:46:54,445 [Thread-1900] INFO  impl.RoleInfo (RoleInfo.java:updateAndGet(143)) - b88b3e43-5534-49b3-b3f2-a9f154b450de: start LeaderElection
2019-10-21 23:46:54,459 [b88b3e43-5534-49b3-b3f2-a9f154b450de@group-2FABE92B7E5B-LeaderElection258] INFO  impl.LeaderElection (LeaderElection.java:askForVotes(178)) - b88b3e43-5534-49b3-b3f2-a9f154b450de@group-2FABE92B7E5B-LeaderElection258: begin an election at term 271 for -1: [c58a0a02-acd3-47c8-b3e9-5b8e0493de45:192.168.157.254:33611, 1360619e-ba1e-4bf9-aec1-9f15b5480b27:192.168.157.254:45658, b88b3e43-5534-49b3-b3f2-a9f154b450de:192.168.157.254:46786], old=null
2019-10-21 23:46:54,461 [grpc-default-executor-1] INFO  impl.RaftServerImpl (RaftServerImpl.java:setRole(184)) - c58a0a02-acd3-47c8-b3e9-5b8e0493de45@group-2FABE92B7E5B: changes role from  FOLLOWER to FOLLOWER at term 271 for recognizeCandidate:b88b3e43-5534-49b3-b3f2-a9f154b450de
2019-10-21 23:46:54,461 [grpc-default-executor-1] INFO  impl.RoleInfo (RoleInfo.java:shutdownFollowerState(121)) - c58a0a02-acd3-47c8-b3e9-5b8e0493de45: shutdown FollowerState
2019-10-21 23:46:54,461 [grpc-default-executor-0] INFO  impl.RaftServerImpl (RaftServerImpl.java:setRole(184)) - 1360619e-ba1e-4bf9-aec1-9f15b5480b27@group-2FABE92B7E5B: changes role from  FOLLOWER to FOLLOWER at term 271 for recognizeCandidate:b88b3e43-5534-49b3-b3f2-a9f154b450de
2019-10-21 23:46:54,462 [Thread-1898] INFO  impl.FollowerState (FollowerState.java:run(117)) - c58a0a02-acd3-47c8-b3e9-5b8e0493de45@group-2FABE92B7E5B-FollowerState was interrupted: java.lang.InterruptedException: sleep interrupted
2019-10-21 23:46:54,461 [grpc-default-executor-1] INFO  impl.RoleInfo (RoleInfo.java:updateAndGet(143)) - c58a0a02-acd3-47c8-b3e9-5b8e0493de45: start FollowerState
2019-10-21 23:46:54,462 [grpc-default-executor-0] INFO  impl.RoleInfo (RoleInfo.java:shutdownFollowerState(121)) - 1360619e-ba1e-4bf9-aec1-9f15b5480b27: shutdown FollowerState
2019-10-21 23:46:54,462 [grpc-default-executor-0] INFO  impl.RoleInfo (RoleInfo.java:updateAndGet(143)) - 1360619e-ba1e-4bf9-aec1-9f15b5480b27: start FollowerState
2019-10-21 23:46:54,462 [Thread-1899] INFO  impl.FollowerState (FollowerState.java:run(117)) - 1360619e-ba1e-4bf9-aec1-9f15b5480b27@group-2FABE92B7E5B-FollowerState was interrupted: java.lang.InterruptedException: sleep interrupted
2019-10-21 23:46:54,476 [b88b3e43-5534-49b3-b3f2-a9f154b450de@group-2FABE92B7E5B-LeaderElection258] INFO  impl.LeaderElection (LeaderElection.java:logAndReturn(56)) - b88b3e43-5534-49b3-b3f2-a9f154b450de@group-2FABE92B7E5B-LeaderElection258: Election REJECTED; received 2 response(s) [b88b3e43-5534-49b3-b3f2-a9f154b450de<-c58a0a02-acd3-47c8-b3e9-5b8e0493de45#0:FAIL-t271, b88b3e43-5534-49b3-b3f2-a9f154b450de<-1360619e-ba1e-4bf9-aec1-9f15b5480b27#0:FAIL-t271] and 0 exception(s); b88b3e43-5534-49b3-b3f2-a9f154b450de@group-2FABE92B7E5B:t271, leader=null, voted=b88b3e43-5534-49b3-b3f2-a9f154b450de, raftlog=b88b3e43-5534-49b3-b3f2-a9f154b450de@group-2FABE92B7E5B-SegmentedRaftLog:OPENED:c-1,f-1,i0, conf=-1: [c58a0a02-acd3-47c8-b3e9-5b8e0493de45:192.168.157.254:33611, 1360619e-ba1e-4bf9-aec1-9f15b5480b27:192.168.157.254:45658, b88b3e43-5534-49b3-b3f2-a9f154b450de:192.168.157.254:46786], old=null
2019-10-21 23:46:54,476 [b88b3e43-5534-49b3-b3f2-a9f154b450de@group-2FABE92B7E5B-LeaderElection258] INFO  impl.RaftServerImpl (RaftServerImpl.java:setRole(184)) - b88b3e43-5534-49b3-b3f2-a9f154b450de@group-2FABE92B7E5B: changes role from CANDIDATE to FOLLOWER at term 271 for DISCOVERED_A_NEW_TERM
2019-10-21 23:46:54,476 [b88b3e43-5534-49b3-b3f2-a9f154b450de@group-2FABE92B7E5B-LeaderElection258] INFO  impl.RoleInfo (RoleInfo.java:shutdownLeaderElection(134)) - b88b3e43-5534-49b3-b3f2-a9f154b450de: shutdown LeaderElection
2019-10-21 23:46:54,476 [b88b3e43-5534-49b3-b3f2-a9f154b450de@group-2FABE92B7E5B-LeaderElection258] INFO  impl.RoleInfo (RoleInfo.java:updateAndGet(143)) - b88b3e43-5534-49b3-b3f2-a9f154b450de: start FollowerState
2019-10-21 23:46:54,659 [Thread-1906] INFO  impl.FollowerState (FollowerState.java:run(108)) - b88b3e43-5534-49b3-b3f2-a9f154b450de@group-2FABE92B7E5B-FollowerState: change to CANDIDATE, lastRpcTime:182ms, electionTimeout:182ms
2019-10-21 23:46:54,659 [Thread-1906] INFO  impl.RoleInfo (RoleInfo.java:shutdownFollowerState(121)) - b88b3e43-5534-49b3-b3f2-a9f154b450de: shutdown FollowerState
2019-10-21 23:46:54,659 [Thread-1906] INFO  impl.RaftServerImpl (RaftServerImpl.java:setRole(184)) - b88b3e43-5534-49b3-b3f2-a9f154b450de@group-2FABE92B7E5B: changes role from  FOLLOWER to CANDIDATE at term 271 for changeToCandidate
2019-10-21 23:46:54,659 [Thread-1906] INFO  impl.RoleInfo (RoleInfo.java:updateAndGet(143)) - b88b3e43-5534-49b3-b3f2-a9f154b450de: start LeaderElection
2019-10-21 23:46:54,673 [b88b3e43-5534-49b3-b3f2-a9f154b450de@group-2FABE92B7E5B-LeaderElection259] INFO  impl.LeaderElection (LeaderElection.java:askForVotes(178)) - b88b3e43-5534-49b3-b3f2-a9f154b450de@group-2FABE92B7E5B-LeaderElection259: begin an election at term 272 for -1: [c58a0a02-acd3-47c8-b3e9-5b8e0493de45:192.168.157.254:33611, 1360619e-ba1e-4bf9-aec1-9f15b5480b27:192.168.157.254:45658, b88b3e43-5534-49b3-b3f2-a9f154b450de:192.168.157.254:46786], old=null
2019-10-21 23:46:54,675 [grpc-default-executor-0] INFO  impl.RaftServerImpl (RaftServerImpl.java:setRole(184)) - c58a0a02-acd3-47c8-b3e9-5b8e0493de45@group-2FABE92B7E5B: changes role from  FOLLOWER to FOLLOWER at term 272 for recognizeCandidate:b88b3e43-5534-49b3-b3f2-a9f154b450de
2019-10-21 23:46:54,675 [grpc-default-executor-1] INFO  impl.RaftServerImpl (RaftServerImpl.java:setRole(184)) - 1360619e-ba1e-4bf9-aec1-9f15b5480b27@group-2FABE92B7E5B: changes role from  FOLLOWER to FOLLOWER at term 272 for recognizeCandidate:b88b3e43-5534-49b3-b3f2-a9f154b450de
2019-10-21 23:46:54,675 [grpc-default-executor-1] INFO  impl.RoleInfo (RoleInfo.java:shutdownFollowerState(121)) - 1360619e-ba1e-4bf9-aec1-9f15b5480b27: shutdown FollowerState
2019-10-21 23:46:54,675 [grpc-default-executor-0] INFO  impl.RoleInfo (RoleInfo.java:shutdownFollowerState(121)) - c58a0a02-acd3-47c8-b3e9-5b8e0493de45: shutdown FollowerState
2019-10-21 23:46:54,675 [Thread-1905] INFO  impl.FollowerState (FollowerState.java:run(117)) - 1360619e-ba1e-4bf9-aec1-9f15b5480b27@group-2FABE92B7E5B-FollowerState was interrupted: java.lang.InterruptedException: sleep interrupted
2019-10-21 23:46:54,675 [grpc-default-executor-1] INFO  impl.RoleInfo (RoleInfo.java:updateAndGet(143)) - 1360619e-ba1e-4bf9-aec1-9f15b5480b27: start FollowerState
2019-10-21 23:46:54,675 [Thread-1904] INFO  impl.FollowerState (FollowerState.java:run(117)) - c58a0a02-acd3-47c8-b3e9-5b8e0493de45@group-2FABE92B7E5B-FollowerState was interrupted: java.lang.InterruptedException: sleep interrupted
2019-10-21 23:46:54,675 [grpc-default-executor-0] INFO  impl.RoleInfo (RoleInfo.java:updateAndGet(143)) - c58a0a02-acd3-47c8-b3e9-5b8e0493de45: start FollowerState
2019-10-21 23:46:54,703 [b88b3e43-5534-49b3-b3f2-a9f154b450de@group-2FABE92B7E5B-LeaderElection259] INFO  impl.LeaderElection (LeaderElection.java:logAndReturn(56)) - b88b3e43-5534-49b3-b3f2-a9f154b450de@group-2FABE92B7E5B-LeaderElection259: Election REJECTED; received 2 response(s) [b88b3e43-5534-49b3-b3f2-a9f154b450de<-c58a0a02-acd3-47c8-b3e9-5b8e0493de45#0:FAIL-t272, b88b3e43-5534-49b3-b3f2-a9f154b450de<-1360619e-ba1e-4bf9-aec1-9f15b5480b27#0:FAIL-t272] and 0 exception(s); b88b3e43-5534-49b3-b3f2-a9f154b450de@group-2FABE92B7E5B:t272, leader=null, voted=b88b3e43-5534-49b3-b3f2-a9f154b450de, raftlog=b88b3e43-5534-49b3-b3f2-a9f154b450de@group-2FABE92B7E5B-SegmentedRaftLog:OPENED:c-1,f-1,i0, conf=-1: [c58a0a02-acd3-47c8-b3e9-5b8e0493de45:192.168.157.254:33611, 1360619e-ba1e-4bf9-aec1-9f15b5480b27:192.168.157.254:45658, b88b3e43-5534-49b3-b3f2-a9f154b450de:192.168.157.254:46786], old=null
2019-10-21 23:46:54,703 [b88b3e43-5534-49b3-b3f2-a9f154b450de@group-2FABE92B7E5B-LeaderElection259] INFO  impl.RaftServerImpl (RaftServerImpl.java:setRole(184)) - b88b3e43-5534-49b3-b3f2-a9f154b450de@group-2FABE92B7E5B: changes role from CANDIDATE to FOLLOWER at term 272 for DISCOVERED_A_NEW_TERM
2019-10-21 23:46:54,703 [b88b3e43-5534-49b3-b3f2-a9f154b450de@group-2FABE92B7E5B-LeaderElection259] INFO  impl.RoleInfo (RoleInfo.java:shutdownLeaderElection(134)) - b88b3e43-5534-49b3-b3f2-a9f154b450de: shutdown LeaderElection
2019-10-21 23:46:54,703 [b88b3e43-5534-49b3-b3f2-a9f154b450de@group-2FABE92B7E5B-LeaderElection259] INFO  impl.RoleInfo (RoleInfo.java:updateAndGet(143)) - b88b3e43-5534-49b3-b3f2-a9f154b450de: start FollowerState
2019-10-21 23:46:54,884 [Thread-1912] INFO  impl.FollowerState (FollowerState.java:run(108)) - b88b3e43-5534-49b3-b3f2-a9f154b450de@group-2FABE92B7E5B-FollowerState: change to CANDIDATE, lastRpcTime:181ms, electionTimeout:181ms
2019-10-21 23:46:54,885 [Thread-1912] INFO  impl.RoleInfo (RoleInfo.java:shutdownFollowerState(121)) - b88b3e43-5534-49b3-b3f2-a9f154b450de: shutdown FollowerState
2019-10-21 23:46:54,885 [Thread-1912] INFO  impl.RaftServerImpl (RaftServerImpl.java:setRole(184)) - b88b3e43-5534-49b3-b3f2-a9f154b450de@group-2FABE92B7E5B: changes role from  FOLLOWER to CANDIDATE at term 272 for changeToCandidate
2019-10-21 23:46:54,885 [Thread-1912] INFO  impl.RoleInfo (RoleInfo.java:updateAndGet(143)) - b88b3e43-5534-49b3-b3f2-a9f154b450de: start LeaderElection
2019-10-21 23:46:54,904 [b88b3e43-5534-49b3-b3f2-a9f154b450de@group-2FABE92B7E5B-LeaderElection260] INFO  impl.LeaderElection (LeaderElection.java:askForVotes(178)) - b88b3e43-5534-49b3-b3f2-a9f154b450de@group-2FABE92B7E5B-LeaderElection260: begin an election at term 273 for -1: [c58a0a02-acd3-47c8-b3e9-5b8e0493de45:192.168.157.254:33611, 1360619e-ba1e-4bf9-aec1-9f15b5480b27:192.168.157.254:45658, b88b3e43-5534-49b3-b3f2-a9f154b450de:192.168.157.254:46786], old=null
2019-10-21 23:46:54,906 [grpc-default-executor-1] INFO  impl.RaftServerImpl (RaftServerImpl.java:setRole(184)) - 1360619e-ba1e-4bf9-aec1-9f15b5480b27@group-2FABE92B7E5B: changes role from  FOLLOWER to FOLLOWER at term 273 for recognizeCandidate:b88b3e43-5534-49b3-b3f2-a9f154b450de
2019-10-21 23:46:54,906 [grpc-default-executor-1] INFO  impl.RoleInfo (RoleInfo.java:shutdownFollowerState(121)) - 1360619e-ba1e-4bf9-aec1-9f15b5480b27: shutdown FollowerState
2019-10-21 23:46:54,906 [grpc-default-executor-0] INFO  impl.RaftServerImpl (RaftServerImpl.java:setRole(184)) - c58a0a02-acd3-47c8-b3e9-5b8e0493de45@group-2FABE92B7E5B: changes role from  FOLLOWER to FOLLOWER at term 273 for recognizeCandidate:b88b3e43-5534-49b3-b3f2-a9f154b450de
2019-10-21 23:46:54,906 [Thread-1910] INFO  impl.FollowerState (FollowerState.java:run(117)) - 1360619e-ba1e-4bf9-aec1-9f15b5480b27@group-2FABE92B7E5B-FollowerState was interrupted: java.lang.InterruptedException: sleep interrupted
2019-10-21 23:46:54,906 [grpc-default-executor-1] INFO  impl.RoleInfo (RoleInfo.java:updateAndGet(143)) - 1360619e-ba1e-4bf9-aec1-9f15b5480b27: start FollowerState
2019-10-21 23:46:54,906 [grpc-default-executor-0] INFO  impl.RoleInfo (RoleInfo.java:shutdownFollowerState(121)) - c58a0a02-acd3-47c8-b3e9-5b8e0493de45: shutdown FollowerState
2019-10-21 23:46:54,906 [grpc-default-executor-0] INFO  impl.RoleInfo (RoleInfo.java:updateAndGet(143)) - c58a0a02-acd3-47c8-b3e9-5b8e0493de45: start FollowerState
2019-10-21 23:46:54,906 [Thread-1911] INFO  impl.FollowerState (FollowerState.java:run(117)) - c58a0a02-acd3-47c8-b3e9-5b8e0493de45@group-2FABE92B7E5B-FollowerState was interrupted: java.lang.InterruptedException: sleep interrupted
2019-10-21 23:46:54,920 [b88b3e43-5534-49b3-b3f2-a9f154b450de@group-2FABE92B7E5B-LeaderElection260] INFO  impl.LeaderElection (LeaderElection.java:logAndReturn(56)) - b88b3e43-5534-49b3-b3f2-a9f154b450de@group-2FABE92B7E5B-LeaderElection260: Election REJECTED; received 2 response(s) [b88b3e43-5534-49b3-b3f2-a9f154b450de<-c58a0a02-acd3-47c8-b3e9-5b8e0493de45#0:FAIL-t273, b88b3e43-5534-49b3-b3f2-a9f154b450de<-1360619e-ba1e-4bf9-aec1-9f15b5480b27#0:FAIL-t273] and 0 exception(s); b88b3e43-5534-49b3-b3f2-a9f154b450de@group-2FABE92B7E5B:t273, leader=null, voted=b88b3e43-5534-49b3-b3f2-a9f154b450de, raftlog=b88b3e43-5534-49b3-b3f2-a9f154b450de@group-2FABE92B7E5B-SegmentedRaftLog:OPENED:c-1,f-1,i0, conf=-1: [c58a0a02-acd3-47c8-b3e9-5b8e0493de45:192.168.157.254:33611, 1360619e-ba1e-4bf9-aec1-9f15b5480b27:192.168.157.254:45658, b88b3e43-5534-49b3-b3f2-a9f154b450de:192.168.157.254:46786], old=null
2019-10-21 23:46:54,920 [b88b3e43-5534-49b3-b3f2-a9f154b450de@group-2FABE92B7E5B-LeaderElection260] INFO  impl.RaftServerImpl (RaftServerImpl.java:setRole(184)) - b88b3e43-5534-49b3-b3f2-a9f154b450de@group-2FABE92B7E5B: changes role from CANDIDATE to FOLLOWER at term 273 for DISCOVERED_A_NEW_TERM
2019-10-21 23:46:54,920 [b88b3e43-5534-49b3-b3f2-a9f154b450de@group-2FABE92B7E5B-LeaderElection260] INFO  impl.RoleInfo (RoleInfo.java:shutdownLeaderElection(134)) - b88b3e43-5534-49b3-b3f2-a9f154b450de: shutdown LeaderElection
2019-10-21 23:46:54,920 [b88b3e43-5534-49b3-b3f2-a9f154b450de@group-2FABE92B7E5B-LeaderElection260] INFO  impl.RoleInfo (RoleInfo.java:updateAndGet(143)) - b88b3e43-5534-49b3-b3f2-a9f154b450de: start FollowerState
2019-10-21 23:46:54,965 [Thread-1918] INFO  impl.FollowerState (FollowerState.java:run(108)) - b88b3e43-5534-49b3-b3f2-a9f154b450de@group-2FABE92B7E5B-FollowerState: change to CANDIDATE, lastRpcTime:44ms, electionTimeout:44ms
2019-10-21 23:46:54,965 [Thread-1918] INFO  impl.RoleInfo (RoleInfo.java:shutdownFollowerState(121)) - b88b3e43-5534-49b3-b3f2-a9f154b450de: shutdown FollowerState
2019-10-21 23:46:54,965 [Thread-1918] INFO  impl.RaftServerImpl (RaftServerImpl.java:setRole(184)) - b88b3e43-5534-49b3-b3f2-a9f154b450de@group-2FABE92B7E5B: changes role from  FOLLOWER to CANDIDATE at term 273 for changeToCandidate
2019-10-21 23:46:54,965 [Thread-1918] INFO  impl.RoleInfo (RoleInfo.java:updateAndGet(143)) - b88b3e43-5534-49b3-b3f2-a9f154b450de: start LeaderElection
2019-10-21 23:46:54,978 [b88b3e43-5534-49b3-b3f2-a9f154b450de@group-2FABE92B7E5B-LeaderElection261] INFO  impl.LeaderElection (LeaderElection.java:askForVotes(178)) - b88b3e43-5534-49b3-b3f2-a9f154b450de@group-2FABE92B7E5B-LeaderElection261: begin an election at term 274 for -1: [c58a0a02-acd3-47c8-b3e9-5b8e0493de45:192.168.157.254:33611, 1360619e-ba1e-4bf9-aec1-9f15b5480b27:192.168.157.254:45658, b88b3e43-5534-49b3-b3f2-a9f154b450de:192.168.157.254:46786], old=null
2019-10-21 23:46:54,980 [grpc-default-executor-0] INFO  impl.RaftServerImpl (RaftServerImpl.java:setRole(184)) - c58a0a02-acd3-47c8-b3e9-5b8e0493de45@group-2FABE92B7E5B: changes role from  FOLLOWER to FOLLOWER at term 274 for recognizeCandidate:b88b3e43-5534-49b3-b3f2-a9f154b450de
2019-10-21 23:46:54,980 [grpc-default-executor-1] INFO  impl.RaftServerImpl (RaftServerImpl.java:setRole(184)) - 1360619e-ba1e-4bf9-aec1-9f15b5480b27@group-2FABE92B7E5B: changes role from  FOLLOWER to FOLLOWER at term 274 for recognizeCandidate:b88b3e43-5534-49b3-b3f2-a9f154b450de
2019-10-21 23:46:54,980 [grpc-default-executor-0] INFO  impl.RoleInfo (RoleInfo.java:shutdownFollowerState(121)) - c58a0a02-acd3-47c8-b3e9-5b8e0493de45: shutdown FollowerState
2019-10-21 23:46:54,980 [grpc-default-executor-1] INFO  impl.RoleInfo (RoleInfo.java:shutdownFollowerState(121)) - 1360619e-ba1e-4bf9-aec1-9f15b5480b27: shutdown FollowerState
2019-10-21 23:46:54,980 [Thread-1917] INFO  impl.FollowerState (FollowerState.java:run(117)) - c58a0a02-acd3-47c8-b3e9-5b8e0493de45@group-2FABE92B7E5B-FollowerState was interrupted: java.lang.InterruptedException: sleep interrupted
2019-10-21 23:46:54,980 [Thread-1916] INFO  impl.FollowerState (FollowerState.java:run(117)) - 1360619e-ba1e-4bf9-aec1-9f15b5480b27@group-2FABE92B7E5B-FollowerState was interrupted: java.lang.InterruptedException: sleep interrupted
2019-10-21 23:46:54,980 [grpc-default-executor-0] INFO  impl.RoleInfo (RoleInfo.java:updateAndGet(143)) - c58a0a02-acd3-47c8-b3e9-5b8e0493de45: start FollowerState
2019-10-21 23:46:54,980 [grpc-default-executor-1] INFO  impl.RoleInfo (RoleInfo.java:updateAndGet(143)) - 1360619e-ba1e-4bf9-aec1-9f15b5480b27: start FollowerState
2019-10-21 23:46:54,994 [b88b3e43-5534-49b3-b3f2-a9f154b450de@group-2FABE92B7E5B-LeaderElection261] INFO  impl.LeaderElection (LeaderElection.java:logAndReturn(56)) - b88b3e43-5534-49b3-b3f2-a9f154b450de@group-2FABE92B7E5B-LeaderElection261: Election REJECTED; received 2 response(s) [b88b3e43-5534-49b3-b3f2-a9f154b450de<-c58a0a02-acd3-47c8-b3e9-5b8e0493de45#0:FAIL-t274, b88b3e43-5534-49b3-b3f2-a9f154b450de<-1360619e-ba1e-4bf9-aec1-9f15b5480b27#0:FAIL-t274] and 0 exception(s); b88b3e43-5534-49b3-b3f2-a9f154b450de@group-2FABE92B7E5B:t274, leader=null, voted=b88b3e43-5534-49b3-b3f2-a9f154b450de, raftlog=b88b3e43-5534-49b3-b3f2-a9f154b450de@group-2FABE92B7E5B-SegmentedRaftLog:OPENED:c-1,f-1,i0, conf=-1: [c58a0a02-acd3-47c8-b3e9-5b8e0493de45:192.168.157.254:33611, 1360619e-ba1e-4bf9-aec1-9f15b5480b27:192.168.157.254:45658, b88b3e43-5534-49b3-b3f2-a9f154b450de:192.168.157.254:46786], old=null
2019-10-21 23:46:54,994 [b88b3e43-5534-49b3-b3f2-a9f154b450de@group-2FABE92B7E5B-LeaderElection261] INFO  impl.RaftServerImpl (RaftServerImpl.java:setRole(184)) - b88b3e43-5534-49b3-b3f2-a9f154b450de@group-2FABE92B7E5B: changes role from CANDIDATE to FOLLOWER at term 274 for DISCOVERED_A_NEW_TERM
2019-10-21 23:46:54,994 [b88b3e43-5534-49b3-b3f2-a9f154b450de@group-2FABE92B7E5B-LeaderElection261] INFO  impl.RoleInfo (RoleInfo.java:shutdownLeaderElection(134)) - b88b3e43-5534-49b3-b3f2-a9f154b450de: shutdown LeaderElection
2019-10-21 23:46:54,994 [b88b3e43-5534-49b3-b3f2-a9f154b450de@group-2FABE92B7E5B-LeaderElection261] INFO  impl.RoleInfo (RoleInfo.java:updateAndGet(143)) - b88b3e43-5534-49b3-b3f2-a9f154b450de: start FollowerState
2019-10-21 23:46:55,127 [Thread-1924] INFO  impl.FollowerState (FollowerState.java:run(108)) - b88b3e43-5534-49b3-b3f2-a9f154b450de@group-2FABE92B7E5B-FollowerState: change to CANDIDATE, lastRpcTime:132ms, electionTimeout:132ms
2019-10-21 23:46:55,127 [Thread-1924] INFO  impl.RoleInfo (RoleInfo.java:shutdownFollowerState(121)) - b88b3e43-5534-49b3-b3f2-a9f154b450de: shutdown FollowerState
2019-10-21 23:46:55,127 [Thread-1924] INFO  impl.RaftServerImpl (RaftServerImpl.java:setRole(184)) - b88b3e43-5534-49b3-b3f2-a9f154b450de@group-2FABE92B7E5B: changes role from  FOLLOWER to CANDIDATE at term 274 for changeToCandidate
2019-10-21 23:46:55,128 [Thread-1924] INFO  impl.RoleInfo (RoleInfo.java:updateAndGet(143)) - b88b3e43-5534-49b3-b3f2-a9f154b450de: start LeaderElection
2019-10-21 23:46:55,142 [b88b3e43-5534-49b3-b3f2-a9f154b450de@group-2FABE92B7E5B-LeaderElection262] INFO  impl.LeaderElection (LeaderElection.java:askForVotes(178)) - b88b3e43-5534-49b3-b3f2-a9f154b450de@group-2FABE92B7E5B-LeaderElection262: begin an election at term 275 for -1: [c58a0a02-acd3-47c8-b3e9-5b8e0493de45:192.168.157.254:33611, 1360619e-ba1e-4bf9-aec1-9f15b5480b27:192.168.157.254:45658, b88b3e43-5534-49b3-b3f2-a9f154b450de:192.168.157.254:46786], old=null
2019-10-21 23:46:55,143 [grpc-default-executor-1] INFO  impl.RaftServerImpl (RaftServerImpl.java:setRole(184)) - c58a0a02-acd3-47c8-b3e9-5b8e0493de45@group-2FABE92B7E5B: changes role from  FOLLOWER to FOLLOWER at term 275 for recognizeCandidate:b88b3e43-5534-49b3-b3f2-a9f154b450de
2019-10-21 23:46:55,143 [grpc-default-executor-0] INFO  impl.RaftServerImpl (RaftServerImpl.java:setRole(184)) - 1360619e-ba1e-4bf9-aec1-9f15b5480b27@group-2FABE92B7E5B: changes role from  FOLLOWER to FOLLOWER at term 275 for recognizeCandidate:b88b3e43-5534-49b3-b3f2-a9f154b450de
2019-10-21 23:46:55,144 [grpc-default-executor-0] INFO  impl.RoleInfo (RoleInfo.java:shutdownFollowerState(121)) - 1360619e-ba1e-4bf9-aec1-9f15b5480b27: shutdown FollowerState
2019-10-21 23:46:55,143 [grpc-default-executor-1] INFO  impl.RoleInfo (RoleInfo.java:shutdownFollowerState(121)) - c58a0a02-acd3-47c8-b3e9-5b8e0493de45: shutdown FollowerState
2019-10-21 23:46:55,144 [Thread-1923] INFO  impl.FollowerState (FollowerState.java:run(117)) - 1360619e-ba1e-4bf9-aec1-9f15b5480b27@group-2FABE92B7E5B-FollowerState was interrupted: java.lang.InterruptedException: sleep interrupted
2019-10-21 23:46:55,144 [grpc-default-executor-0] INFO  impl.RoleInfo (RoleInfo.java:updateAndGet(143)) - 1360619e-ba1e-4bf9-aec1-9f15b5480b27: start FollowerState
2019-10-21 23:46:55,144 [Thread-1922] INFO  impl.FollowerState (FollowerState.java:run(117)) - c58a0a02-acd3-47c8-b3e9-5b8e0493de45@group-2FABE92B7E5B-FollowerState was interrupted: java.lang.InterruptedException: sleep interrupted
2019-10-21 23:46:55,144 [grpc-default-executor-1] INFO  impl.RoleInfo (RoleInfo.java:updateAndGet(143)) - c58a0a02-acd3-47c8-b3e9-5b8e0493de45: start FollowerState
2019-10-21 23:46:55,161 [b88b3e43-5534-49b3-b3f2-a9f154b450de@group-2FABE92B7E5B-LeaderElection262] INFO  impl.LeaderElection (LeaderElection.java:logAndReturn(56)) - b88b3e43-5534-49b3-b3f2-a9f154b450de@group-2FABE92B7E5B-LeaderElection262: Election REJECTED; received 2 response(s) [b88b3e43-5534-49b3-b3f2-a9f154b450de<-c58a0a02-acd3-47c8-b3e9-5b8e0493de45#0:FAIL-t275, b88b3e43-5534-49b3-b3f2-a9f154b450de<-1360619e-ba1e-4bf9-aec1-9f15b5480b27#0:FAIL-t275] and 0 exception(s); b88b3e43-5534-49b3-b3f2-a9f154b450de@group-2FABE92B7E5B:t275, leader=null, voted=b88b3e43-5534-49b3-b3f2-a9f154b450de, raftlog=b88b3e43-5534-49b3-b3f2-a9f154b450de@group-2FABE92B7E5B-SegmentedRaftLog:OPENED:c-1,f-1,i0, conf=-1: [c58a0a02-acd3-47c8-b3e9-5b8e0493de45:192.168.157.254:33611, 1360619e-ba1e-4bf9-aec1-9f15b5480b27:192.168.157.254:45658, b88b3e43-5534-49b3-b3f2-a9f154b450de:192.168.157.254:46786], old=null
2019-10-21 23:46:55,161 [b88b3e43-5534-49b3-b3f2-a9f154b450de@group-2FABE92B7E5B-LeaderElection262] INFO  impl.RaftServerImpl (RaftServerImpl.java:setRole(184)) - b88b3e43-5534-49b3-b3f2-a9f154b450de@group-2FABE92B7E5B: changes role from CANDIDATE to FOLLOWER at term 275 for DISCOVERED_A_NEW_TERM
2019-10-21 23:46:55,161 [b88b3e43-5534-49b3-b3f2-a9f154b450de@group-2FABE92B7E5B-LeaderElection262] INFO  impl.RoleInfo (RoleInfo.java:shutdownLeaderElection(134)) - b88b3e43-5534-49b3-b3f2-a9f154b450de: shutdown LeaderElection
2019-10-21 23:46:55,161 [b88b3e43-5534-49b3-b3f2-a9f154b450de@group-2FABE92B7E5B-LeaderElection262] INFO  impl.RoleInfo (RoleInfo.java:updateAndGet(143)) - b88b3e43-5534-49b3-b3f2-a9f154b450de: start FollowerState
2019-10-21 23:46:55,172 [Thread-1932] INFO  impl.FollowerState (FollowerState.java:run(108)) - b88b3e43-5534-49b3-b3f2-a9f154b450de@group-2FABE92B7E5B-FollowerState: change to CANDIDATE, lastRpcTime:11ms, electionTimeout:11ms
2019-10-21 23:46:55,172 [Thread-1932] INFO  impl.RoleInfo (RoleInfo.java:shutdownFollowerState(121)) - b88b3e43-5534-49b3-b3f2-a9f154b450de: shutdown FollowerState
2019-10-21 23:46:55,172 [Thread-1932] INFO  impl.RaftServerImpl (RaftServerImpl.java:setRole(184)) - b88b3e43-5534-49b3-b3f2-a9f154b450de@group-2FABE92B7E5B: changes role from  FOLLOWER to CANDIDATE at term 275 for changeToCandidate
2019-10-21 23:46:55,172 [Thread-1932] INFO  impl.RoleInfo (RoleInfo.java:updateAndGet(143)) - b88b3e43-5534-49b3-b3f2-a9f154b450de: start LeaderElection
2019-10-21 23:46:55,185 [b88b3e43-5534-49b3-b3f2-a9f154b450de@group-2FABE92B7E5B-LeaderElection263] INFO  impl.LeaderElection (LeaderElection.java:askForVotes(178)) - b88b3e43-5534-49b3-b3f2-a9f154b450de@group-2FABE92B7E5B-LeaderElection263: begin an election at term 276 for -1: [c58a0a02-acd3-47c8-b3e9-5b8e0493de45:192.168.157.254:33611, 1360619e-ba1e-4bf9-aec1-9f15b5480b27:192.168.157.254:45658, b88b3e43-5534-49b3-b3f2-a9f154b450de:192.168.157.254:46786], old=null
2019-10-21 23:46:55,188 [grpc-default-executor-1] INFO  impl.RaftServerImpl (RaftServerImpl.java:setRole(184)) - c58a0a02-acd3-47c8-b3e9-5b8e0493de45@group-2FABE92B7E5B: changes role from  FOLLOWER to FOLLOWER at term 276 for recognizeCandidate:b88b3e43-5534-49b3-b3f2-a9f154b450de
2019-10-21 23:46:55,188 [grpc-default-executor-1] INFO  impl.RoleInfo (RoleInfo.java:shutdownFollowerState(121)) - c58a0a02-acd3-47c8-b3e9-5b8e0493de45: shutdown FollowerState
2019-10-21 23:46:55,188 [grpc-default-executor-1] INFO  impl.RoleInfo (RoleInfo.java:updateAndGet(143)) - c58a0a02-acd3-47c8-b3e9-5b8e0493de45: start FollowerState
2019-10-21 23:46:55,188 [grpc-default-executor-0] INFO  impl.RaftServerImpl (RaftServerImpl.java:setRole(184)) - 1360619e-ba1e-4bf9-aec1-9f15b5480b27@group-2FABE92B7E5B: changes role from  FOLLOWER to FOLLOWER at term 276 for recognizeCandidate:b88b3e43-5534-49b3-b3f2-a9f154b450de
2019-10-21 23:46:55,188 [grpc-default-executor-0] INFO  impl.RoleInfo (RoleInfo.java:shutdownFollowerState(121)) - 1360619e-ba1e-4bf9-aec1-9f15b5480b27: shutdown FollowerState
2019-10-21 23:46:55,188 [Thread-1931] INFO  impl.FollowerState (FollowerState.java:run(117)) - c58a0a02-acd3-47c8-b3e9-5b8e0493de45@group-2FABE92B7E5B-FollowerState was interrupted: java.lang.InterruptedException: sleep interrupted
2019-10-21 23:46:55,189 [Thread-1930] INFO  impl.FollowerState (FollowerState.java:run(117)) - 1360619e-ba1e-4bf9-aec1-9f15b5480b27@group-2FABE92B7E5B-FollowerState was interrupted: java.lang.InterruptedException: sleep interrupted
2019-10-21 23:46:55,189 [grpc-default-executor-0] INFO  impl.RoleInfo (RoleInfo.java:updateAndGet(143)) - 1360619e-ba1e-4bf9-aec1-9f15b5480b27: start FollowerState
2019-10-21 23:46:55,203 [b88b3e43-5534-49b3-b3f2-a9f154b450de@group-2FABE92B7E5B-LeaderElection263] INFO  impl.LeaderElection (LeaderElection.java:logAndReturn(56)) - b88b3e43-5534-49b3-b3f2-a9f154b450de@group-2FABE92B7E5B-LeaderElection263: Election REJECTED; received 2 response(s) [b88b3e43-5534-49b3-b3f2-a9f154b450de<-c58a0a02-acd3-47c8-b3e9-5b8e0493de45#0:FAIL-t276, b88b3e43-5534-49b3-b3f2-a9f154b450de<-1360619e-ba1e-4bf9-aec1-9f15b5480b27#0:FAIL-t276] and 0 exception(s); b88b3e43-5534-49b3-b3f2-a9f154b450de@group-2FABE92B7E5B:t276, leader=null, voted=b88b3e43-5534-49b3-b3f2-a9f154b450de, raftlog=b88b3e43-5534-49b3-b3f2-a9f154b450de@group-2FABE92B7E5B-SegmentedRaftLog:OPENED:c-1,f-1,i0, conf=-1: [c58a0a02-acd3-47c8-b3e9-5b8e0493de45:192.168.157.254:33611, 1360619e-ba1e-4bf9-aec1-9f15b5480b27:192.168.157.254:45658, b88b3e43-5534-49b3-b3f2-a9f154b450de:192.168.157.254:46786], old=null
2019-10-21 23:46:55,203 [b88b3e43-5534-49b3-b3f2-a9f154b450de@group-2FABE92B7E5B-LeaderElection263] INFO  impl.RaftServerImpl (RaftServerImpl.java:setRole(184)) - b88b3e43-5534-49b3-b3f2-a9f154b450de@group-2FABE92B7E5B: changes role from CANDIDATE to FOLLOWER at term 276 for DISCOVERED_A_NEW_TERM
2019-10-21 23:46:55,203 [b88b3e43-5534-49b3-b3f2-a9f154b450de@group-2FABE92B7E5B-LeaderElection263] INFO  impl.RoleInfo (RoleInfo.java:shutdownLeaderElection(134)) - b88b3e43-5534-49b3-b3f2-a9f154b450de: shutdown LeaderElection
2019-10-21 23:46:55,203 [b88b3e43-5534-49b3-b3f2-a9f154b450de@group-2FABE92B7E5B-LeaderElection263] INFO  impl.RoleInfo (RoleInfo.java:updateAndGet(143)) - b88b3e43-5534-49b3-b3f2-a9f154b450de: start FollowerState
2019-10-21 23:46:55,213 [Thread-1938] INFO  impl.FollowerState (FollowerState.java:run(108)) - b88b3e43-5534-49b3-b3f2-a9f154b450de@group-2FABE92B7E5B-FollowerState: change to CANDIDATE, lastRpcTime:9ms, electionTimeout:9ms
2019-10-21 23:46:55,213 [Thread-1938] INFO  impl.RoleInfo (RoleInfo.java:shutdownFollowerState(121)) - b88b3e43-5534-49b3-b3f2-a9f154b450de: shutdown FollowerState
2019-10-21 23:46:55,213 [Thread-1938] INFO  impl.RaftServerImpl (RaftServerImpl.java:setRole(184)) - b88b3e43-5534-49b3-b3f2-a9f154b450de@group-2FABE92B7E5B: changes role from  FOLLOWER to CANDIDATE at term 276 for changeToCandidate
2019-10-21 23:46:55,213 [Thread-1938] INFO  impl.RoleInfo (RoleInfo.java:updateAndGet(143)) - b88b3e43-5534-49b3-b3f2-a9f154b450de: start LeaderElection
2019-10-21 23:46:55,226 [b88b3e43-5534-49b3-b3f2-a9f154b450de@group-2FABE92B7E5B-LeaderElection264] INFO  impl.LeaderElection (LeaderElection.java:askForVotes(178)) - b88b3e43-5534-49b3-b3f2-a9f154b450de@group-2FABE92B7E5B-LeaderElection264: begin an election at term 277 for -1: [c58a0a02-acd3-47c8-b3e9-5b8e0493de45:192.168.157.254:33611, 1360619e-ba1e-4bf9-aec1-9f15b5480b27:192.168.157.254:45658, b88b3e43-5534-49b3-b3f2-a9f154b450de:192.168.157.254:46786], old=null
2019-10-21 23:46:55,228 [grpc-default-executor-0] INFO  impl.RaftServerImpl (RaftServerImpl.java:setRole(184)) - c58a0a02-acd3-47c8-b3e9-5b8e0493de45@group-2FABE92B7E5B: changes role from  FOLLOWER to FOLLOWER at term 277 for recognizeCandidate:b88b3e43-5534-49b3-b3f2-a9f154b450de
2019-10-21 23:46:55,228 [grpc-default-executor-0] INFO  impl.RoleInfo (RoleInfo.java:shutdownFollowerState(121)) - c58a0a02-acd3-47c8-b3e9-5b8e0493de45: shutdown FollowerState
2019-10-21 23:46:55,228 [grpc-default-executor-1] INFO  impl.RaftServerImpl (RaftServerImpl.java:setRole(184)) - 1360619e-ba1e-4bf9-aec1-9f15b5480b27@group-2FABE92B7E5B: changes role from  FOLLOWER to FOLLOWER at term 277 for recognizeCandidate:b88b3e43-5534-49b3-b3f2-a9f154b450de
2019-10-21 23:46:55,229 [grpc-default-executor-0] INFO  impl.RoleInfo (RoleInfo.java:updateAndGet(143)) - c58a0a02-acd3-47c8-b3e9-5b8e0493de45: start FollowerState
2019-10-21 23:46:55,229 [Thread-1936] INFO  impl.FollowerState (FollowerState.java:run(117)) - c58a0a02-acd3-47c8-b3e9-5b8e0493de45@group-2FABE92B7E5B-FollowerState was interrupted: java.lang.InterruptedException: sleep interrupted
2019-10-21 23:46:55,229 [grpc-default-executor-1] INFO  impl.RoleInfo (RoleInfo.java:shutdownFollowerState(121)) - 1360619e-ba1e-4bf9-aec1-9f15b5480b27: shutdown FollowerState
2019-10-21 23:46:55,229 [grpc-default-executor-1] INFO  impl.RoleInfo (RoleInfo.java:updateAndGet(143)) - 1360619e-ba1e-4bf9-aec1-9f15b5480b27: start FollowerState
2019-10-21 23:46:55,229 [Thread-1937] INFO  impl.FollowerState (FollowerState.java:run(117)) - 1360619e-ba1e-4bf9-aec1-9f15b5480b27@group-2FABE92B7E5B-FollowerState was interrupted: java.lang.InterruptedException: sleep interrupted
2019-10-21 23:46:55,251 [b88b3e43-5534-49b3-b3f2-a9f154b450de@group-2FABE92B7E5B-LeaderElection264] INFO  impl.LeaderElection (LeaderElection.java:logAndReturn(56)) - b88b3e43-5534-49b3-b3f2-a9f154b450de@group-2FABE92B7E5B-LeaderElection264: Election REJECTED; received 2 response(s) [b88b3e43-5534-49b3-b3f2-a9f154b450de<-c58a0a02-acd3-47c8-b3e9-5b8e0493de45#0:FAIL-t277, b88b3e43-5534-49b3-b3f2-a9f154b450de<-1360619e-ba1e-4bf9-aec1-9f15b5480b27#0:FAIL-t277] and 0 exception(s); b88b3e43-5534-49b3-b3f2-a9f154b450de@group-2FABE92B7E5B:t277, leader=null, voted=b88b3e43-5534-49b3-b3f2-a9f154b450de, raftlog=b88b3e43-5534-49b3-b3f2-a9f154b450de@group-2FABE92B7E5B-SegmentedRaftLog:OPENED:c-1,f-1,i0, conf=-1: [c58a0a02-acd3-47c8-b3e9-5b8e0493de45:192.168.157.254:33611, 1360619e-ba1e-4bf9-aec1-9f15b5480b27:192.168.157.254:45658, b88b3e43-5534-49b3-b3f2-a9f154b450de:192.168.157.254:46786], old=null
2019-10-21 23:46:55,251 [b88b3e43-5534-49b3-b3f2-a9f154b450de@group-2FABE92B7E5B-LeaderElection264] INFO  impl.RaftServerImpl (RaftServerImpl.java:setRole(184)) - b88b3e43-5534-49b3-b3f2-a9f154b450de@group-2FABE92B7E5B: changes role from CANDIDATE to FOLLOWER at term 277 for DISCOVERED_A_NEW_TERM
2019-10-21 23:46:55,251 [b88b3e43-5534-49b3-b3f2-a9f154b450de@group-2FABE92B7E5B-LeaderElection264] INFO  impl.RoleInfo (RoleInfo.java:shutdownLeaderElection(134)) - b88b3e43-5534-49b3-b3f2-a9f154b450de: shutdown LeaderElection
2019-10-21 23:46:55,251 [b88b3e43-5534-49b3-b3f2-a9f154b450de@group-2FABE92B7E5B-LeaderElection264] INFO  impl.RoleInfo (RoleInfo.java:updateAndGet(143)) - b88b3e43-5534-49b3-b3f2-a9f154b450de: start FollowerState
2019-10-21 23:46:55,343 [Thread-1944] INFO  impl.FollowerState (FollowerState.java:run(108)) - b88b3e43-5534-49b3-b3f2-a9f154b450de@group-2FABE92B7E5B-FollowerState: change to CANDIDATE, lastRpcTime:92ms, electionTimeout:92ms
2019-10-21 23:46:55,343 [Thread-1944] INFO  impl.RoleInfo (RoleInfo.java:shutdownFollowerState(121)) - b88b3e43-5534-49b3-b3f2-a9f154b450de: shutdown FollowerState
2019-10-21 23:46:55,343 [Thread-1944] INFO  impl.RaftServerImpl (RaftServerImpl.java:setRole(184)) - b88b3e43-5534-49b3-b3f2-a9f154b450de@group-2FABE92B7E5B: changes role from  FOLLOWER to CANDIDATE at term 277 for changeToCandidate
2019-10-21 23:46:55,344 [Thread-1944] INFO  impl.RoleInfo (RoleInfo.java:updateAndGet(143)) - b88b3e43-5534-49b3-b3f2-a9f154b450de: start LeaderElection
2019-10-21 23:46:55,373 [b88b3e43-5534-49b3-b3f2-a9f154b450de@group-2FABE92B7E5B-LeaderElection265] INFO  impl.LeaderElection (LeaderElection.java:askForVotes(178)) - b88b3e43-5534-49b3-b3f2-a9f154b450de@group-2FABE92B7E5B-LeaderElection265: begin an election at term 278 for -1: [c58a0a02-acd3-47c8-b3e9-5b8e0493de45:192.168.157.254:33611, 1360619e-ba1e-4bf9-aec1-9f15b5480b27:192.168.157.254:45658, b88b3e43-5534-49b3-b3f2-a9f154b450de:192.168.157.254:46786], old=null
2019-10-21 23:46:55,375 [grpc-default-executor-1] INFO  impl.RaftServerImpl (RaftServerImpl.java:setRole(184)) - c58a0a02-acd3-47c8-b3e9-5b8e0493de45@group-2FABE92B7E5B: changes role from  FOLLOWER to FOLLOWER at term 278 for recognizeCandidate:b88b3e43-5534-49b3-b3f2-a9f154b450de
2019-10-21 23:46:55,375 [grpc-default-executor-0] INFO  impl.RaftServerImpl (RaftServerImpl.java:setRole(184)) - 1360619e-ba1e-4bf9-aec1-9f15b5480b27@group-2FABE92B7E5B: changes role from  FOLLOWER to FOLLOWER at term 278 for recognizeCandidate:b88b3e43-5534-49b3-b3f2-a9f154b450de
2019-10-21 23:46:55,375 [grpc-default-executor-0] INFO  impl.RoleInfo (RoleInfo.java:shutdownFollowerState(121)) - 1360619e-ba1e-4bf9-aec1-9f15b5480b27: shutdown FollowerState
2019-10-21 23:46:55,375 [grpc-default-executor-1] INFO  impl.RoleInfo (RoleInfo.java:shutdownFollowerState(121)) - c58a0a02-acd3-47c8-b3e9-5b8e0493de45: shutdown FollowerState
2019-10-21 23:46:55,375 [grpc-default-executor-1] INFO  impl.RoleInfo (RoleInfo.java:updateAndGet(143)) - c58a0a02-acd3-47c8-b3e9-5b8e0493de45: start FollowerState
2019-10-21 23:46:55,375 [Thread-1943] INFO  impl.FollowerState (FollowerState.java:run(117)) - 1360619e-ba1e-4bf9-aec1-9f15b5480b27@group-2FABE92B7E5B-FollowerState was interrupted: java.lang.InterruptedException: sleep interrupted
2019-10-21 23:46:55,375 [grpc-default-executor-0] INFO  impl.RoleInfo (RoleInfo.java:updateAndGet(143)) - 1360619e-ba1e-4bf9-aec1-9f15b5480b27: start FollowerState
2019-10-21 23:46:55,375 [Thread-1942] INFO  impl.FollowerState (FollowerState.java:run(117)) - c58a0a02-acd3-47c8-b3e9-5b8e0493de45@group-2FABE92B7E5B-FollowerState was interrupted: java.lang.InterruptedException: sleep interrupted
2019-10-21 23:46:55,380 [b88b3e43-5534-49b3-b3f2-a9f154b450de@group-2FABE92B7E5B-LeaderElection265] INFO  impl.LeaderElection (LeaderElection.java:logAndReturn(56)) - b88b3e43-5534-49b3-b3f2-a9f154b450de@group-2FABE92B7E5B-LeaderElection265: Election REJECTED; received 2 response(s) [b88b3e43-5534-49b3-b3f2-a9f154b450de<-c58a0a02-acd3-47c8-b3e9-5b8e0493de45#0:FAIL-t278, b88b3e43-5534-49b3-b3f2-a9f154b450de<-1360619e-ba1e-4bf9-aec1-9f15b5480b27#0:FAIL-t278] and 0 exception(s); b88b3e43-5534-49b3-b3f2-a9f154b450de@group-2FABE92B7E5B:t278, leader=null, voted=b88b3e43-5534-49b3-b3f2-a9f154b450de, raftlog=b88b3e43-5534-49b3-b3f2-a9f154b450de@group-2FABE92B7E5B-SegmentedRaftLog:OPENED:c-1,f-1,i0, conf=-1: [c58a0a02-acd3-47c8-b3e9-5b8e0493de45:192.168.157.254:33611, 1360619e-ba1e-4bf9-aec1-9f15b5480b27:192.168.157.254:45658, b88b3e43-5534-49b3-b3f2-a9f154b450de:192.168.157.254:46786], old=null
2019-10-21 23:46:55,380 [b88b3e43-5534-49b3-b3f2-a9f154b450de@group-2FABE92B7E5B-LeaderElection265] INFO  impl.RaftServerImpl (RaftServerImpl.java:setRole(184)) - b88b3e43-5534-49b3-b3f2-a9f154b450de@group-2FABE92B7E5B: changes role from CANDIDATE to FOLLOWER at term 278 for DISCOVERED_A_NEW_TERM
2019-10-21 23:46:55,380 [b88b3e43-5534-49b3-b3f2-a9f154b450de@group-2FABE92B7E5B-LeaderElection265] INFO  impl.RoleInfo (RoleInfo.java:shutdownLeaderElection(134)) - b88b3e43-5534-49b3-b3f2-a9f154b450de: shutdown LeaderElection
2019-10-21 23:46:55,380 [b88b3e43-5534-49b3-b3f2-a9f154b450de@group-2FABE92B7E5B-LeaderElection265] INFO  impl.RoleInfo (RoleInfo.java:updateAndGet(143)) - b88b3e43-5534-49b3-b3f2-a9f154b450de: start FollowerState
2019-10-21 23:46:55,520 [Thread-1950] INFO  impl.FollowerState (FollowerState.java:run(108)) - b88b3e43-5534-49b3-b3f2-a9f154b450de@group-2FABE92B7E5B-FollowerState: change to CANDIDATE, lastRpcTime:139ms, electionTimeout:139ms
2019-10-21 23:46:55,520 [Thread-1950] INFO  impl.RoleInfo (RoleInfo.java:shutdownFollowerState(121)) - b88b3e43-5534-49b3-b3f2-a9f154b450de: shutdown FollowerState
2019-10-21 23:46:55,520 [Thread-1950] INFO  impl.RaftServerImpl (RaftServerImpl.java:setRole(184)) - b88b3e43-5534-49b3-b3f2-a9f154b450de@group-2FABE92B7E5B: changes role from  FOLLOWER to CANDIDATE at term 278 for changeToCandidate
2019-10-21 23:46:55,520 [Thread-1950] INFO  impl.RoleInfo (RoleInfo.java:updateAndGet(143)) - b88b3e43-5534-49b3-b3f2-a9f154b450de: start LeaderElection
2019-10-21 23:46:55,534 [b88b3e43-5534-49b3-b3f2-a9f154b450de@group-2FABE92B7E5B-LeaderElection266] INFO  impl.LeaderElection (LeaderElection.java:askForVotes(178)) - b88b3e43-5534-49b3-b3f2-a9f154b450de@group-2FABE92B7E5B-LeaderElection266: begin an election at term 279 for -1: [c58a0a02-acd3-47c8-b3e9-5b8e0493de45:192.168.157.254:33611, 1360619e-ba1e-4bf9-aec1-9f15b5480b27:192.168.157.254:45658, b88b3e43-5534-49b3-b3f2-a9f154b450de:192.168.157.254:46786], old=null
2019-10-21 23:46:55,536 [grpc-default-executor-1] INFO  impl.RaftServerImpl (RaftServerImpl.java:setRole(184)) - 1360619e-ba1e-4bf9-aec1-9f15b5480b27@group-2FABE92B7E5B: changes role from  FOLLOWER to FOLLOWER at term 279 for recognizeCandidate:b88b3e43-5534-49b3-b3f2-a9f154b450de
2019-10-21 23:46:55,536 [grpc-default-executor-0] INFO  impl.RaftServerImpl (RaftServerImpl.java:setRole(184)) - c58a0a02-acd3-47c8-b3e9-5b8e0493de45@group-2FABE92B7E5B: changes role from  FOLLOWER to FOLLOWER at term 279 for recognizeCandidate:b88b3e43-5534-49b3-b3f2-a9f154b450de
2019-10-21 23:46:55,536 [grpc-default-executor-0] INFO  impl.RoleInfo (RoleInfo.java:shutdownFollowerState(121)) - c58a0a02-acd3-47c8-b3e9-5b8e0493de45: shutdown FollowerState
2019-10-21 23:46:55,536 [grpc-default-executor-1] INFO  impl.RoleInfo (RoleInfo.java:shutdownFollowerState(121)) - 1360619e-ba1e-4bf9-aec1-9f15b5480b27: shutdown FollowerState
2019-10-21 23:46:55,537 [Thread-1949] INFO  impl.FollowerState (FollowerState.java:run(117)) - c58a0a02-acd3-47c8-b3e9-5b8e0493de45@group-2FABE92B7E5B-FollowerState was interrupted: java.lang.InterruptedException: sleep interrupted
2019-10-21 23:46:55,536 [grpc-default-executor-0] INFO  impl.RoleInfo (RoleInfo.java:updateAndGet(143)) - c58a0a02-acd3-47c8-b3e9-5b8e0493de45: start FollowerState
2019-10-21 23:46:55,537 [grpc-default-executor-1] INFO  impl.RoleInfo (RoleInfo.java:updateAndGet(143)) - 1360619e-ba1e-4bf9-aec1-9f15b5480b27: start FollowerState
2019-10-21 23:46:55,537 [Thread-1948] INFO  impl.FollowerState (FollowerState.java:run(117)) - 1360619e-ba1e-4bf9-aec1-9f15b5480b27@group-2FABE92B7E5B-FollowerState was interrupted: java.lang.InterruptedException: sleep interrupted
2019-10-21 23:46:55,551 [b88b3e43-5534-49b3-b3f2-a9f154b450de@group-2FABE92B7E5B-LeaderElection266] INFO  impl.LeaderElection (LeaderElection.java:logAndReturn(56)) - b88b3e43-5534-49b3-b3f2-a9f154b450de@group-2FABE92B7E5B-LeaderElection266: Election REJECTED; received 2 response(s) [b88b3e43-5534-49b3-b3f2-a9f154b450de<-c58a0a02-acd3-47c8-b3e9-5b8e0493de45#0:FAIL-t279, b88b3e43-5534-49b3-b3f2-a9f154b450de<-1360619e-ba1e-4bf9-aec1-9f15b5480b27#0:FAIL-t279] and 0 exception(s); b88b3e43-5534-49b3-b3f2-a9f154b450de@group-2FABE92B7E5B:t279, leader=null, voted=b88b3e43-5534-49b3-b3f2-a9f154b450de, raftlog=b88b3e43-5534-49b3-b3f2-a9f154b450de@group-2FABE92B7E5B-SegmentedRaftLog:OPENED:c-1,f-1,i0, conf=-1: [c58a0a02-acd3-47c8-b3e9-5b8e0493de45:192.168.157.254:33611, 1360619e-ba1e-4bf9-aec1-9f15b5480b27:192.168.157.254:45658, b88b3e43-5534-49b3-b3f2-a9f154b450de:192.168.157.254:46786], old=null
2019-10-21 23:46:55,551 [b88b3e43-5534-49b3-b3f2-a9f154b450de@group-2FABE92B7E5B-LeaderElection266] INFO  impl.RaftServerImpl (RaftServerImpl.java:setRole(184)) - b88b3e43-5534-49b3-b3f2-a9f154b450de@group-2FABE92B7E5B: changes role from CANDIDATE to FOLLOWER at term 279 for DISCOVERED_A_NEW_TERM
2019-10-21 23:46:55,551 [b88b3e43-5534-49b3-b3f2-a9f154b450de@group-2FABE92B7E5B-LeaderElection266] INFO  impl.RoleInfo (RoleInfo.java:shutdownLeaderElection(134)) - b88b3e43-5534-49b3-b3f2-a9f154b450de: shutdown LeaderElection
2019-10-21 23:46:55,552 [b88b3e43-5534-49b3-b3f2-a9f154b450de@group-2FABE92B7E5B-LeaderElection266] INFO  impl.RoleInfo (RoleInfo.java:updateAndGet(143)) - b88b3e43-5534-49b3-b3f2-a9f154b450de: start FollowerState
2019-10-21 23:46:55,734 [Thread-1956] INFO  impl.FollowerState (FollowerState.java:run(108)) - b88b3e43-5534-49b3-b3f2-a9f154b450de@group-2FABE92B7E5B-FollowerState: change to CANDIDATE, lastRpcTime:182ms, electionTimeout:182ms
2019-10-21 23:46:55,734 [Thread-1956] INFO  impl.RoleInfo (RoleInfo.java:shutdownFollowerState(121)) - b88b3e43-5534-49b3-b3f2-a9f154b450de: shutdown FollowerState
2019-10-21 23:46:55,734 [Thread-1956] INFO  impl.RaftServerImpl (RaftServerImpl.java:setRole(184)) - b88b3e43-5534-49b3-b3f2-a9f154b450de@group-2FABE92B7E5B: changes role from  FOLLOWER to CANDIDATE at term 279 for changeToCandidate
2019-10-21 23:46:55,735 [Thread-1956] INFO  impl.RoleInfo (RoleInfo.java:updateAndGet(143)) - b88b3e43-5534-49b3-b3f2-a9f154b450de: start LeaderElection
2019-10-21 23:46:55,756 [b88b3e43-5534-49b3-b3f2-a9f154b450de@group-2FABE92B7E5B-LeaderElection267] INFO  impl.LeaderElection (LeaderElection.java:askForVotes(178)) - b88b3e43-5534-49b3-b3f2-a9f154b450de@group-2FABE92B7E5B-LeaderElection267: begin an election at term 280 for -1: [c58a0a02-acd3-47c8-b3e9-5b8e0493de45:192.168.157.254:33611, 1360619e-ba1e-4bf9-aec1-9f15b5480b27:192.168.157.254:45658, b88b3e43-5534-49b3-b3f2-a9f154b450de:192.168.157.254:46786], old=null
2019-10-21 23:46:55,758 [grpc-default-executor-1] INFO  impl.RaftServerImpl (RaftServerImpl.java:setRole(184)) - c58a0a02-acd3-47c8-b3e9-5b8e0493de45@group-2FABE92B7E5B: changes role from  FOLLOWER to FOLLOWER at term 280 for recognizeCandidate:b88b3e43-5534-49b3-b3f2-a9f154b450de
2019-10-21 23:46:55,758 [grpc-default-executor-1] INFO  impl.RoleInfo (RoleInfo.java:shutdownFollowerState(121)) - c58a0a02-acd3-47c8-b3e9-5b8e0493de45: shutdown FollowerState
2019-10-21 23:46:55,759 [grpc-default-executor-1] INFO  impl.RoleInfo (RoleInfo.java:updateAndGet(143)) - c58a0a02-acd3-47c8-b3e9-5b8e0493de45: start FollowerState
2019-10-21 23:46:55,759 [Thread-1954] INFO  impl.FollowerState (FollowerState.java:run(117)) - c58a0a02-acd3-47c8-b3e9-5b8e0493de45@group-2FABE92B7E5B-FollowerState was interrupted: java.lang.InterruptedException: sleep interrupted
2019-10-21 23:46:55,758 [grpc-default-executor-0] INFO  impl.RaftServerImpl (RaftServerImpl.java:setRole(184)) - 1360619e-ba1e-4bf9-aec1-9f15b5480b27@group-2FABE92B7E5B: changes role from  FOLLOWER to FOLLOWER at term 280 for recognizeCandidate:b88b3e43-5534-49b3-b3f2-a9f154b450de
2019-10-21 23:46:55,759 [grpc-default-executor-0] INFO  impl.RoleInfo (RoleInfo.java:shutdownFollowerState(121)) - 1360619e-ba1e-4bf9-aec1-9f15b5480b27: shutdown FollowerState
2019-10-21 23:46:55,759 [grpc-default-executor-0] INFO  impl.RoleInfo (RoleInfo.java:updateAndGet(143)) - 1360619e-ba1e-4bf9-aec1-9f15b5480b27: start FollowerState
2019-10-21 23:46:55,759 [Thread-1955] INFO  impl.FollowerState (FollowerState.java:run(117)) - 1360619e-ba1e-4bf9-aec1-9f15b5480b27@group-2FABE92B7E5B-FollowerState was interrupted: java.lang.InterruptedException: sleep interrupted
2019-10-21 23:46:55,773 [b88b3e43-5534-49b3-b3f2-a9f154b450de@group-2FABE92B7E5B-LeaderElection267] INFO  impl.LeaderElection (LeaderElection.java:logAndReturn(56)) - b88b3e43-5534-49b3-b3f2-a9f154b450de@group-2FABE92B7E5B-LeaderElection267: Election REJECTED; received 2 response(s) [b88b3e43-5534-49b3-b3f2-a9f154b450de<-c58a0a02-acd3-47c8-b3e9-5b8e0493de45#0:FAIL-t280, b88b3e43-5534-49b3-b3f2-a9f154b450de<-1360619e-ba1e-4bf9-aec1-9f15b5480b27#0:FAIL-t280] and 0 exception(s); b88b3e43-5534-49b3-b3f2-a9f154b450de@group-2FABE92B7E5B:t280, leader=null, voted=b88b3e43-5534-49b3-b3f2-a9f154b450de, raftlog=b88b3e43-5534-49b3-b3f2-a9f154b450de@group-2FABE92B7E5B-SegmentedRaftLog:OPENED:c-1,f-1,i0, conf=-1: [c58a0a02-acd3-47c8-b3e9-5b8e0493de45:192.168.157.254:33611, 1360619e-ba1e-4bf9-aec1-9f15b5480b27:192.168.157.254:45658, b88b3e43-5534-49b3-b3f2-a9f154b450de:192.168.157.254:46786], old=null
2019-10-21 23:46:55,774 [b88b3e43-5534-49b3-b3f2-a9f154b450de@group-2FABE92B7E5B-LeaderElection267] INFO  impl.RaftServerImpl (RaftServerImpl.java:setRole(184)) - b88b3e43-5534-49b3-b3f2-a9f154b450de@group-2FABE92B7E5B: changes role from CANDIDATE to FOLLOWER at term 280 for DISCOVERED_A_NEW_TERM
2019-10-21 23:46:55,774 [b88b3e43-5534-49b3-b3f2-a9f154b450de@group-2FABE92B7E5B-LeaderElection267] INFO  impl.RoleInfo (RoleInfo.java:shutdownLeaderElection(134)) - b88b3e43-5534-49b3-b3f2-a9f154b450de: shutdown LeaderElection
2019-10-21 23:46:55,774 [b88b3e43-5534-49b3-b3f2-a9f154b450de@group-2FABE92B7E5B-LeaderElection267] INFO  impl.RoleInfo (RoleInfo.java:updateAndGet(143)) - b88b3e43-5534-49b3-b3f2-a9f154b450de: start FollowerState
2019-10-21 23:46:55,852 [Thread-1962] INFO  impl.FollowerState (FollowerState.java:run(108)) - b88b3e43-5534-49b3-b3f2-a9f154b450de@group-2FABE92B7E5B-FollowerState: change to CANDIDATE, lastRpcTime:78ms, electionTimeout:78ms
2019-10-21 23:46:55,853 [Thread-1962] INFO  impl.RoleInfo (RoleInfo.java:shutdownFollowerState(121)) - b88b3e43-5534-49b3-b3f2-a9f154b450de: shutdown FollowerState
2019-10-21 23:46:55,853 [Thread-1962] INFO  impl.RaftServerImpl (RaftServerImpl.java:setRole(184)) - b88b3e43-5534-49b3-b3f2-a9f154b450de@group-2FABE92B7E5B: changes role from  FOLLOWER to CANDIDATE at term 280 for changeToCandidate
2019-10-21 23:46:55,853 [Thread-1962] INFO  impl.RoleInfo (RoleInfo.java:updateAndGet(143)) - b88b3e43-5534-49b3-b3f2-a9f154b450de: start LeaderElection
2019-10-21 23:46:55,866 [b88b3e43-5534-49b3-b3f2-a9f154b450de@group-2FABE92B7E5B-LeaderElection268] INFO  impl.LeaderElection (LeaderElection.java:askForVotes(178)) - b88b3e43-5534-49b3-b3f2-a9f154b450de@group-2FABE92B7E5B-LeaderElection268: begin an election at term 281 for -1: [c58a0a02-acd3-47c8-b3e9-5b8e0493de45:192.168.157.254:33611, 1360619e-ba1e-4bf9-aec1-9f15b5480b27:192.168.157.254:45658, b88b3e43-5534-49b3-b3f2-a9f154b450de:192.168.157.254:46786], old=null
2019-10-21 23:46:55,868 [grpc-default-executor-1] INFO  impl.RaftServerImpl (RaftServerImpl.java:setRole(184)) - c58a0a02-acd3-47c8-b3e9-5b8e0493de45@group-2FABE92B7E5B: changes role from  FOLLOWER to FOLLOWER at term 281 for recognizeCandidate:b88b3e43-5534-49b3-b3f2-a9f154b450de
2019-10-21 23:46:55,868 [grpc-default-executor-1] INFO  impl.RoleInfo (RoleInfo.java:shutdownFollowerState(121)) - c58a0a02-acd3-47c8-b3e9-5b8e0493de45: shutdown FollowerState
2019-10-21 23:46:55,868 [grpc-default-executor-0] INFO  impl.RaftServerImpl (RaftServerImpl.java:setRole(184)) - 1360619e-ba1e-4bf9-aec1-9f15b5480b27@group-2FABE92B7E5B: changes role from  FOLLOWER to FOLLOWER at term 281 for recognizeCandidate:b88b3e43-5534-49b3-b3f2-a9f154b450de
2019-10-21 23:46:55,868 [grpc-default-executor-0] INFO  impl.RoleInfo (RoleInfo.java:shutdownFollowerState(121)) - 1360619e-ba1e-4bf9-aec1-9f15b5480b27: shutdown FollowerState
2019-10-21 23:46:55,868 [Thread-1960] INFO  impl.FollowerState (FollowerState.java:run(117)) - c58a0a02-acd3-47c8-b3e9-5b8e0493de45@group-2FABE92B7E5B-FollowerState was interrupted: java.lang.InterruptedException: sleep interrupted
2019-10-21 23:46:55,868 [grpc-default-executor-1] INFO  impl.RoleInfo (RoleInfo.java:updateAndGet(143)) - c58a0a02-acd3-47c8-b3e9-5b8e0493de45: start FollowerState
2019-10-21 23:46:55,868 [grpc-default-executor-0] INFO  impl.RoleInfo (RoleInfo.java:updateAndGet(143)) - 1360619e-ba1e-4bf9-aec1-9f15b5480b27: start FollowerState
2019-10-21 23:46:55,868 [Thread-1961] INFO  impl.FollowerState (FollowerState.java:run(117)) - 1360619e-ba1e-4bf9-aec1-9f15b5480b27@group-2FABE92B7E5B-FollowerState was interrupted: java.lang.InterruptedException: sleep interrupted
2019-10-21 23:46:55,882 [b88b3e43-5534-49b3-b3f2-a9f154b450de@group-2FABE92B7E5B-LeaderElection268] INFO  impl.LeaderElection (LeaderElection.java:logAndReturn(56)) - b88b3e43-5534-49b3-b3f2-a9f154b450de@group-2FABE92B7E5B-LeaderElection268: Election REJECTED; received 2 response(s) [b88b3e43-5534-49b3-b3f2-a9f154b450de<-c58a0a02-acd3-47c8-b3e9-5b8e0493de45#0:FAIL-t281, b88b3e43-5534-49b3-b3f2-a9f154b450de<-1360619e-ba1e-4bf9-aec1-9f15b5480b27#0:FAIL-t281] and 0 exception(s); b88b3e43-5534-49b3-b3f2-a9f154b450de@group-2FABE92B7E5B:t281, leader=null, voted=b88b3e43-5534-49b3-b3f2-a9f154b450de, raftlog=b88b3e43-5534-49b3-b3f2-a9f154b450de@group-2FABE92B7E5B-SegmentedRaftLog:OPENED:c-1,f-1,i0, conf=-1: [c58a0a02-acd3-47c8-b3e9-5b8e0493de45:192.168.157.254:33611, 1360619e-ba1e-4bf9-aec1-9f15b5480b27:192.168.157.254:45658, b88b3e43-5534-49b3-b3f2-a9f154b450de:192.168.157.254:46786], old=null
2019-10-21 23:46:55,883 [b88b3e43-5534-49b3-b3f2-a9f154b450de@group-2FABE92B7E5B-LeaderElection268] INFO  impl.RaftServerImpl (RaftServerImpl.java:setRole(184)) - b88b3e43-5534-49b3-b3f2-a9f154b450de@group-2FABE92B7E5B: changes role from CANDIDATE to FOLLOWER at term 281 for DISCOVERED_A_NEW_TERM
2019-10-21 23:46:55,883 [b88b3e43-5534-49b3-b3f2-a9f154b450de@group-2FABE92B7E5B-LeaderElection268] INFO  impl.RoleInfo (RoleInfo.java:shutdownLeaderElection(134)) - b88b3e43-5534-49b3-b3f2-a9f154b450de: shutdown LeaderElection
2019-10-21 23:46:55,883 [b88b3e43-5534-49b3-b3f2-a9f154b450de@group-2FABE92B7E5B-LeaderElection268] INFO  impl.RoleInfo (RoleInfo.java:updateAndGet(143)) - b88b3e43-5534-49b3-b3f2-a9f154b450de: start FollowerState
2019-10-21 23:46:55,890 [Thread-1968] INFO  impl.FollowerState (FollowerState.java:run(108)) - b88b3e43-5534-49b3-b3f2-a9f154b450de@group-2FABE92B7E5B-FollowerState: change to CANDIDATE, lastRpcTime:7ms, electionTimeout:7ms
2019-10-21 23:46:55,890 [Thread-1968] INFO  impl.RoleInfo (RoleInfo.java:shutdownFollowerState(121)) - b88b3e43-5534-49b3-b3f2-a9f154b450de: shutdown FollowerState
2019-10-21 23:46:55,890 [Thread-1968] INFO  impl.RaftServerImpl (RaftServerImpl.java:setRole(184)) - b88b3e43-5534-49b3-b3f2-a9f154b450de@group-2FABE92B7E5B: changes role from  FOLLOWER to CANDIDATE at term 281 for changeToCandidate
2019-10-21 23:46:55,890 [Thread-1968] INFO  impl.RoleInfo (RoleInfo.java:updateAndGet(143)) - b88b3e43-5534-49b3-b3f2-a9f154b450de: start LeaderElection
2019-10-21 23:46:55,903 [b88b3e43-5534-49b3-b3f2-a9f154b450de@group-2FABE92B7E5B-LeaderElection269] INFO  impl.LeaderElection (LeaderElection.java:askForVotes(178)) - b88b3e43-5534-49b3-b3f2-a9f154b450de@group-2FABE92B7E5B-LeaderElection269: begin an election at term 282 for -1: [c58a0a02-acd3-47c8-b3e9-5b8e0493de45:192.168.157.254:33611, 1360619e-ba1e-4bf9-aec1-9f15b5480b27:192.168.157.254:45658, b88b3e43-5534-49b3-b3f2-a9f154b450de:192.168.157.254:46786], old=null
2019-10-21 23:46:55,904 [b88b3e43-5534-49b3-b3f2-a9f154b450de@group-2FABE92B7E5B-LeaderElection269] INFO  impl.LeaderElection (LeaderElection.java:logAndReturn(56)) - b88b3e43-5534-49b3-b3f2-a9f154b450de@group-2FABE92B7E5B-LeaderElection269: Election TIMEOUT; received 0 response(s) [] and 0 exception(s); b88b3e43-5534-49b3-b3f2-a9f154b450de@group-2FABE92B7E5B:t282, leader=null, voted=b88b3e43-5534-49b3-b3f2-a9f154b450de, raftlog=b88b3e43-5534-49b3-b3f2-a9f154b450de@group-2FABE92B7E5B-SegmentedRaftLog:OPENED:c-1,f-1,i0, conf=-1: [c58a0a02-acd3-47c8-b3e9-5b8e0493de45:192.168.157.254:33611, 1360619e-ba1e-4bf9-aec1-9f15b5480b27:192.168.157.254:45658, b88b3e43-5534-49b3-b3f2-a9f154b450de:192.168.157.254:46786], old=null
2019-10-21 23:46:55,905 [grpc-default-executor-0] INFO  impl.RaftServerImpl (RaftServerImpl.java:setRole(184)) - c58a0a02-acd3-47c8-b3e9-5b8e0493de45@group-2FABE92B7E5B: changes role from  FOLLOWER to FOLLOWER at term 282 for recognizeCandidate:b88b3e43-5534-49b3-b3f2-a9f154b450de
2019-10-21 23:46:55,905 [grpc-default-executor-1] INFO  impl.RaftServerImpl (RaftServerImpl.java:setRole(184)) - 1360619e-ba1e-4bf9-aec1-9f15b5480b27@group-2FABE92B7E5B: changes role from  FOLLOWER to FOLLOWER at term 282 for recognizeCandidate:b88b3e43-5534-49b3-b3f2-a9f154b450de
2019-10-21 23:46:55,906 [grpc-default-executor-1] INFO  impl.RoleInfo (RoleInfo.java:shutdownFollowerState(121)) - 1360619e-ba1e-4bf9-aec1-9f15b5480b27: shutdown FollowerState
2019-10-21 23:46:55,905 [grpc-default-executor-0] INFO  impl.RoleInfo (RoleInfo.java:shutdownFollowerState(121)) - c58a0a02-acd3-47c8-b3e9-5b8e0493de45: shutdown FollowerState
2019-10-21 23:46:55,906 [Thread-1967] INFO  impl.FollowerState (FollowerState.java:run(117)) - 1360619e-ba1e-4bf9-aec1-9f15b5480b27@group-2FABE92B7E5B-FollowerState was interrupted: java.lang.InterruptedException: sleep interrupted
2019-10-21 23:46:55,906 [grpc-default-executor-1] INFO  impl.RoleInfo (RoleInfo.java:updateAndGet(143)) - 1360619e-ba1e-4bf9-aec1-9f15b5480b27: start FollowerState
2019-10-21 23:46:55,906 [grpc-default-executor-0] INFO  impl.RoleInfo (RoleInfo.java:updateAndGet(143)) - c58a0a02-acd3-47c8-b3e9-5b8e0493de45: start FollowerState
2019-10-21 23:46:55,906 [Thread-1966] INFO  impl.FollowerState (FollowerState.java:run(117)) - c58a0a02-acd3-47c8-b3e9-5b8e0493de45@group-2FABE92B7E5B-FollowerState was interrupted: java.lang.InterruptedException: sleep interrupted
2019-10-21 23:46:55,918 [b88b3e43-5534-49b3-b3f2-a9f154b450de@group-2FABE92B7E5B-LeaderElection269] INFO  impl.LeaderElection (LeaderElection.java:askForVotes(178)) - b88b3e43-5534-49b3-b3f2-a9f154b450de@group-2FABE92B7E5B-LeaderElection269: begin an election at term 283 for -1: [c58a0a02-acd3-47c8-b3e9-5b8e0493de45:192.168.157.254:33611, 1360619e-ba1e-4bf9-aec1-9f15b5480b27:192.168.157.254:45658, b88b3e43-5534-49b3-b3f2-a9f154b450de:192.168.157.254:46786], old=null
2019-10-21 23:46:55,919 [grpc-default-executor-1] INFO  impl.RaftServerImpl (RaftServerImpl.java:setRole(184)) - c58a0a02-acd3-47c8-b3e9-5b8e0493de45@group-2FABE92B7E5B: changes role from  FOLLOWER to FOLLOWER at term 283 for recognizeCandidate:b88b3e43-5534-49b3-b3f2-a9f154b450de
2019-10-21 23:46:55,919 [grpc-default-executor-0] INFO  impl.RaftServerImpl (RaftServerImpl.java:setRole(184)) - 1360619e-ba1e-4bf9-aec1-9f15b5480b27@group-2FABE92B7E5B: changes role from  FOLLOWER to FOLLOWER at term 283 for recognizeCandidate:b88b3e43-5534-49b3-b3f2-a9f154b450de
2019-10-21 23:46:55,919 [grpc-default-executor-1] INFO  impl.RoleInfo (RoleInfo.java:shutdownFollowerState(121)) - c58a0a02-acd3-47c8-b3e9-5b8e0493de45: shutdown FollowerState
2019-10-21 23:46:55,920 [grpc-default-executor-0] INFO  impl.RoleInfo (RoleInfo.java:shutdownFollowerState(121)) - 1360619e-ba1e-4bf9-aec1-9f15b5480b27: shutdown FollowerState
2019-10-21 23:46:55,920 [Thread-1973] INFO  impl.FollowerState (FollowerState.java:run(117)) - c58a0a02-acd3-47c8-b3e9-5b8e0493de45@group-2FABE92B7E5B-FollowerState was interrupted: java.lang.InterruptedException: sleep interrupted
2019-10-21 23:46:55,920 [Thread-1972] INFO  impl.FollowerState (FollowerState.java:run(117)) - 1360619e-ba1e-4bf9-aec1-9f15b5480b27@group-2FABE92B7E5B-FollowerState was interrupted: java.lang.InterruptedException: sleep interrupted
2019-10-21 23:46:55,920 [grpc-default-executor-1] INFO  impl.RoleInfo (RoleInfo.java:updateAndGet(143)) - c58a0a02-acd3-47c8-b3e9-5b8e0493de45: start FollowerState
2019-10-21 23:46:55,920 [grpc-default-executor-0] INFO  impl.RoleInfo (RoleInfo.java:updateAndGet(143)) - 1360619e-ba1e-4bf9-aec1-9f15b5480b27: start FollowerState
2019-10-21 23:46:55,935 [b88b3e43-5534-49b3-b3f2-a9f154b450de@group-2FABE92B7E5B-LeaderElection269] INFO  impl.LeaderElection (LeaderElection.java:logAndReturn(56)) - b88b3e43-5534-49b3-b3f2-a9f154b450de@group-2FABE92B7E5B-LeaderElection269: Election REJECTED; received 2 response(s) [b88b3e43-5534-49b3-b3f2-a9f154b450de<-c58a0a02-acd3-47c8-b3e9-5b8e0493de45#0:FAIL-t283, b88b3e43-5534-49b3-b3f2-a9f154b450de<-1360619e-ba1e-4bf9-aec1-9f15b5480b27#0:FAIL-t283] and 0 exception(s); b88b3e43-5534-49b3-b3f2-a9f154b450de@group-2FABE92B7E5B:t283, leader=null, voted=b88b3e43-5534-49b3-b3f2-a9f154b450de, raftlog=b88b3e43-5534-49b3-b3f2-a9f154b450de@group-2FABE92B7E5B-SegmentedRaftLog:OPENED:c-1,f-1,i0, conf=-1: [c58a0a02-acd3-47c8-b3e9-5b8e0493de45:192.168.157.254:33611, 1360619e-ba1e-4bf9-aec1-9f15b5480b27:192.168.157.254:45658, b88b3e43-5534-49b3-b3f2-a9f154b450de:192.168.157.254:46786], old=null
2019-10-21 23:46:55,935 [b88b3e43-5534-49b3-b3f2-a9f154b450de@group-2FABE92B7E5B-LeaderElection269] INFO  impl.RaftServerImpl (RaftServerImpl.java:setRole(184)) - b88b3e43-5534-49b3-b3f2-a9f154b450de@group-2FABE92B7E5B: changes role from CANDIDATE to FOLLOWER at term 283 for DISCOVERED_A_NEW_TERM
2019-10-21 23:46:55,935 [b88b3e43-5534-49b3-b3f2-a9f154b450de@group-2FABE92B7E5B-LeaderElection269] INFO  impl.RoleInfo (RoleInfo.java:shutdownLeaderElection(134)) - b88b3e43-5534-49b3-b3f2-a9f154b450de: shutdown LeaderElection
2019-10-21 23:46:55,935 [b88b3e43-5534-49b3-b3f2-a9f154b450de@group-2FABE92B7E5B-LeaderElection269] INFO  impl.RoleInfo (RoleInfo.java:updateAndGet(143)) - b88b3e43-5534-49b3-b3f2-a9f154b450de: start FollowerState
2019-10-21 23:46:56,103 [Thread-1978] INFO  impl.FollowerState (FollowerState.java:run(108)) - b88b3e43-5534-49b3-b3f2-a9f154b450de@group-2FABE92B7E5B-FollowerState: change to CANDIDATE, lastRpcTime:168ms, electionTimeout:168ms
2019-10-21 23:46:56,104 [Thread-1978] INFO  impl.RoleInfo (RoleInfo.java:shutdownFollowerState(121)) - b88b3e43-5534-49b3-b3f2-a9f154b450de: shutdown FollowerState
2019-10-21 23:46:56,104 [Thread-1978] INFO  impl.RaftServerImpl (RaftServerImpl.java:setRole(184)) - b88b3e43-5534-49b3-b3f2-a9f154b450de@group-2FABE92B7E5B: changes role from  FOLLOWER to CANDIDATE at term 283 for changeToCandidate
2019-10-21 23:46:56,104 [Thread-1978] INFO  impl.RoleInfo (RoleInfo.java:updateAndGet(143)) - b88b3e43-5534-49b3-b3f2-a9f154b450de: start LeaderElection
2019-10-21 23:46:56,129 [b88b3e43-5534-49b3-b3f2-a9f154b450de@group-2FABE92B7E5B-LeaderElection270] INFO  impl.LeaderElection (LeaderElection.java:askForVotes(178)) - b88b3e43-5534-49b3-b3f2-a9f154b450de@group-2FABE92B7E5B-LeaderElection270: begin an election at term 284 for -1: [c58a0a02-acd3-47c8-b3e9-5b8e0493de45:192.168.157.254:33611, 1360619e-ba1e-4bf9-aec1-9f15b5480b27:192.168.157.254:45658, b88b3e43-5534-49b3-b3f2-a9f154b450de:192.168.157.254:46786], old=null
2019-10-21 23:46:56,131 [grpc-default-executor-1] INFO  impl.RaftServerImpl (RaftServerImpl.java:setRole(184)) - c58a0a02-acd3-47c8-b3e9-5b8e0493de45@group-2FABE92B7E5B: changes role from  FOLLOWER to FOLLOWER at term 284 for recognizeCandidate:b88b3e43-5534-49b3-b3f2-a9f154b450de
2019-10-21 23:46:56,131 [grpc-default-executor-0] INFO  impl.RaftServerImpl (RaftServerImpl.java:setRole(184)) - 1360619e-ba1e-4bf9-aec1-9f15b5480b27@group-2FABE92B7E5B: changes role from  FOLLOWER to FOLLOWER at term 284 for recognizeCandidate:b88b3e43-5534-49b3-b3f2-a9f154b450de
2019-10-21 23:46:56,131 [grpc-default-executor-1] INFO  impl.RoleInfo (RoleInfo.java:shutdownFollowerState(121)) - c58a0a02-acd3-47c8-b3e9-5b8e0493de45: shutdown FollowerState
2019-10-21 23:46:56,132 [grpc-default-executor-0] INFO  impl.RoleInfo (RoleInfo.java:shutdownFollowerState(121)) - 1360619e-ba1e-4bf9-aec1-9f15b5480b27: shutdown FollowerState
2019-10-21 23:46:56,132 [Thread-1976] INFO  impl.FollowerState (FollowerState.java:run(117)) - c58a0a02-acd3-47c8-b3e9-5b8e0493de45@group-2FABE92B7E5B-FollowerState was interrupted: java.lang.InterruptedException: sleep interrupted
2019-10-21 23:46:56,132 [grpc-default-executor-1] INFO  impl.RoleInfo (RoleInfo.java:updateAndGet(143)) - c58a0a02-acd3-47c8-b3e9-5b8e0493de45: start FollowerState
2019-10-21 23:46:56,132 [grpc-default-executor-0] INFO  impl.RoleInfo (RoleInfo.java:updateAndGet(143)) - 1360619e-ba1e-4bf9-aec1-9f15b5480b27: start FollowerState
2019-10-21 23:46:56,132 [Thread-1977] INFO  impl.FollowerState (FollowerState.java:run(117)) - 1360619e-ba1e-4bf9-aec1-9f15b5480b27@group-2FABE92B7E5B-FollowerState was interrupted: java.lang.InterruptedException: sleep interrupted
2019-10-21 23:46:56,147 [b88b3e43-5534-49b3-b3f2-a9f154b450de@group-2FABE92B7E5B-LeaderElection270] INFO  impl.LeaderElection (LeaderElection.java:logAndReturn(56)) - b88b3e43-5534-49b3-b3f2-a9f154b450de@group-2FABE92B7E5B-LeaderElection270: Election REJECTED; received 2 response(s) [b88b3e43-5534-49b3-b3f2-a9f154b450de<-c58a0a02-acd3-47c8-b3e9-5b8e0493de45#0:FAIL-t284, b88b3e43-5534-49b3-b3f2-a9f154b450de<-1360619e-ba1e-4bf9-aec1-9f15b5480b27#0:FAIL-t284] and 0 exception(s); b88b3e43-5534-49b3-b3f2-a9f154b450de@group-2FABE92B7E5B:t284, leader=null, voted=b88b3e43-5534-49b3-b3f2-a9f154b450de, raftlog=b88b3e43-5534-49b3-b3f2-a9f154b450de@group-2FABE92B7E5B-SegmentedRaftLog:OPENED:c-1,f-1,i0, conf=-1: [c58a0a02-acd3-47c8-b3e9-5b8e0493de45:192.168.157.254:33611, 1360619e-ba1e-4bf9-aec1-9f15b5480b27:192.168.157.254:45658, b88b3e43-5534-49b3-b3f2-a9f154b450de:192.168.157.254:46786], old=null
2019-10-21 23:46:56,147 [b88b3e43-5534-49b3-b3f2-a9f154b450de@group-2FABE92B7E5B-LeaderElection270] INFO  impl.RaftServerImpl (RaftServerImpl.java:setRole(184)) - b88b3e43-5534-49b3-b3f2-a9f154b450de@group-2FABE92B7E5B: changes role from CANDIDATE to FOLLOWER at term 284 for DISCOVERED_A_NEW_TERM
2019-10-21 23:46:56,148 [b88b3e43-5534-49b3-b3f2-a9f154b450de@group-2FABE92B7E5B-LeaderElection270] INFO  impl.RoleInfo (RoleInfo.java:shutdownLeaderElection(134)) - b88b3e43-5534-49b3-b3f2-a9f154b450de: shutdown LeaderElection
2019-10-21 23:46:56,148 [b88b3e43-5534-49b3-b3f2-a9f154b450de@group-2FABE92B7E5B-LeaderElection270] INFO  impl.RoleInfo (RoleInfo.java:updateAndGet(143)) - b88b3e43-5534-49b3-b3f2-a9f154b450de: start FollowerState
2019-10-21 23:46:56,319 [Thread-1986] INFO  impl.FollowerState (FollowerState.java:run(108)) - b88b3e43-5534-49b3-b3f2-a9f154b450de@group-2FABE92B7E5B-FollowerState: change to CANDIDATE, lastRpcTime:171ms, electionTimeout:168ms
2019-10-21 23:46:56,320 [Thread-1986] INFO  impl.RoleInfo (RoleInfo.java:shutdownFollowerState(121)) - b88b3e43-5534-49b3-b3f2-a9f154b450de: shutdown FollowerState
2019-10-21 23:46:56,320 [Thread-1986] INFO  impl.RaftServerImpl (RaftServerImpl.java:setRole(184)) - b88b3e43-5534-49b3-b3f2-a9f154b450de@group-2FABE92B7E5B: changes role from  FOLLOWER to CANDIDATE at term 284 for changeToCandidate
2019-10-21 23:46:56,320 [Thread-1986] INFO  impl.RoleInfo (RoleInfo.java:updateAndGet(143)) - b88b3e43-5534-49b3-b3f2-a9f154b450de: start LeaderElection
2019-10-21 23:46:56,333 [b88b3e43-5534-49b3-b3f2-a9f154b450de@group-2FABE92B7E5B-LeaderElection271] INFO  impl.LeaderElection (LeaderElection.java:askForVotes(178)) - b88b3e43-5534-49b3-b3f2-a9f154b450de@group-2FABE92B7E5B-LeaderElection271: begin an election at term 285 for -1: [c58a0a02-acd3-47c8-b3e9-5b8e0493de45:192.168.157.254:33611, 1360619e-ba1e-4bf9-aec1-9f15b5480b27:192.168.157.254:45658, b88b3e43-5534-49b3-b3f2-a9f154b450de:192.168.157.254:46786], old=null
2019-10-21 23:46:56,335 [grpc-default-executor-0] INFO  impl.RaftServerImpl (RaftServerImpl.java:setRole(184)) - 1360619e-ba1e-4bf9-aec1-9f15b5480b27@group-2FABE92B7E5B: changes role from  FOLLOWER to FOLLOWER at term 285 for recognizeCandidate:b88b3e43-5534-49b3-b3f2-a9f154b450de
2019-10-21 23:46:56,335 [grpc-default-executor-1] INFO  impl.RaftServerImpl (RaftServerImpl.java:setRole(184)) - c58a0a02-acd3-47c8-b3e9-5b8e0493de45@group-2FABE92B7E5B: changes role from  FOLLOWER to FOLLOWER at term 285 for recognizeCandidate:b88b3e43-5534-49b3-b3f2-a9f154b450de
2019-10-21 23:46:56,335 [grpc-default-executor-1] INFO  impl.RoleInfo (RoleInfo.java:shutdownFollowerState(121)) - c58a0a02-acd3-47c8-b3e9-5b8e0493de45: shutdown FollowerState
2019-10-21 23:46:56,335 [grpc-default-executor-0] INFO  impl.RoleInfo (RoleInfo.java:shutdownFollowerState(121)) - 1360619e-ba1e-4bf9-aec1-9f15b5480b27: shutdown FollowerState
2019-10-21 23:46:56,335 [Thread-1982] INFO  impl.FollowerState (FollowerState.java:run(117)) - c58a0a02-acd3-47c8-b3e9-5b8e0493de45@group-2FABE92B7E5B-FollowerState was interrupted: java.lang.InterruptedException: sleep interrupted
2019-10-21 23:46:56,335 [grpc-default-executor-1] INFO  impl.RoleInfo (RoleInfo.java:updateAndGet(143)) - c58a0a02-acd3-47c8-b3e9-5b8e0493de45: start FollowerState
2019-10-21 23:46:56,335 [Thread-1983] INFO  impl.FollowerState (FollowerState.java:run(117)) - 1360619e-ba1e-4bf9-aec1-9f15b5480b27@group-2FABE92B7E5B-FollowerState was interrupted: java.lang.InterruptedException: sleep interrupted
2019-10-21 23:46:56,335 [grpc-default-executor-0] INFO  impl.RoleInfo (RoleInfo.java:updateAndGet(143)) - 1360619e-ba1e-4bf9-aec1-9f15b5480b27: start FollowerState
2019-10-21 23:46:56,349 [b88b3e43-5534-49b3-b3f2-a9f154b450de@group-2FABE92B7E5B-LeaderElection271] INFO  impl.LeaderElection (LeaderElection.java:logAndReturn(56)) - b88b3e43-5534-49b3-b3f2-a9f154b450de@group-2FABE92B7E5B-LeaderElection271: Election REJECTED; received 2 response(s) [b88b3e43-5534-49b3-b3f2-a9f154b450de<-c58a0a02-acd3-47c8-b3e9-5b8e0493de45#0:FAIL-t285, b88b3e43-5534-49b3-b3f2-a9f154b450de<-1360619e-ba1e-4bf9-aec1-9f15b5480b27#0:FAIL-t285] and 0 exception(s); b88b3e43-5534-49b3-b3f2-a9f154b450de@group-2FABE92B7E5B:t285, leader=null, voted=b88b3e43-5534-49b3-b3f2-a9f154b450de, raftlog=b88b3e43-5534-49b3-b3f2-a9f154b450de@group-2FABE92B7E5B-SegmentedRaftLog:OPENED:c-1,f-1,i0, conf=-1: [c58a0a02-acd3-47c8-b3e9-5b8e0493de45:192.168.157.254:33611, 1360619e-ba1e-4bf9-aec1-9f15b5480b27:192.168.157.254:45658, b88b3e43-5534-49b3-b3f2-a9f154b450de:192.168.157.254:46786], old=null
2019-10-21 23:46:56,349 [b88b3e43-5534-49b3-b3f2-a9f154b450de@group-2FABE92B7E5B-LeaderElection271] INFO  impl.RaftServerImpl (RaftServerImpl.java:setRole(184)) - b88b3e43-5534-49b3-b3f2-a9f154b450de@group-2FABE92B7E5B: changes role from CANDIDATE to FOLLOWER at term 285 for DISCOVERED_A_NEW_TERM
2019-10-21 23:46:56,350 [b88b3e43-5534-49b3-b3f2-a9f154b450de@group-2FABE92B7E5B-LeaderElection271] INFO  impl.RoleInfo (RoleInfo.java:shutdownLeaderElection(134)) - b88b3e43-5534-49b3-b3f2-a9f154b450de: shutdown LeaderElection
2019-10-21 23:46:56,350 [b88b3e43-5534-49b3-b3f2-a9f154b450de@group-2FABE92B7E5B-LeaderElection271] INFO  impl.RoleInfo (RoleInfo.java:updateAndGet(143)) - b88b3e43-5534-49b3-b3f2-a9f154b450de: start FollowerState
2019-10-21 23:46:56,386 [Thread-1992] INFO  impl.FollowerState (FollowerState.java:run(108)) - b88b3e43-5534-49b3-b3f2-a9f154b450de@group-2FABE92B7E5B-FollowerState: change to CANDIDATE, lastRpcTime:36ms, electionTimeout:36ms
2019-10-21 23:46:56,386 [Thread-1992] INFO  impl.RoleInfo (RoleInfo.java:shutdownFollowerState(121)) - b88b3e43-5534-49b3-b3f2-a9f154b450de: shutdown FollowerState
2019-10-21 23:46:56,386 [Thread-1992] INFO  impl.RaftServerImpl (RaftServerImpl.java:setRole(184)) - b88b3e43-5534-49b3-b3f2-a9f154b450de@group-2FABE92B7E5B: changes role from  FOLLOWER to CANDIDATE at term 285 for changeToCandidate
2019-10-21 23:46:56,386 [Thread-1992] INFO  impl.RoleInfo (RoleInfo.java:updateAndGet(143)) - b88b3e43-5534-49b3-b3f2-a9f154b450de: start LeaderElection
2019-10-21 23:46:56,400 [b88b3e43-5534-49b3-b3f2-a9f154b450de@group-2FABE92B7E5B-LeaderElection272] INFO  impl.LeaderElection (LeaderElection.java:askForVotes(178)) - b88b3e43-5534-49b3-b3f2-a9f154b450de@group-2FABE92B7E5B-LeaderElection272: begin an election at term 286 for -1: [c58a0a02-acd3-47c8-b3e9-5b8e0493de45:192.168.157.254:33611, 1360619e-ba1e-4bf9-aec1-9f15b5480b27:192.168.157.254:45658, b88b3e43-5534-49b3-b3f2-a9f154b450de:192.168.157.254:46786], old=null
2019-10-21 23:46:56,402 [grpc-default-executor-0] INFO  impl.RaftServerImpl (RaftServerImpl.java:setRole(184)) - c58a0a02-acd3-47c8-b3e9-5b8e0493de45@group-2FABE92B7E5B: changes role from  FOLLOWER to FOLLOWER at term 286 for recognizeCandidate:b88b3e43-5534-49b3-b3f2-a9f154b450de
2019-10-21 23:46:56,402 [grpc-default-executor-1] INFO  impl.RaftServerImpl (RaftServerImpl.java:setRole(184)) - 1360619e-ba1e-4bf9-aec1-9f15b5480b27@group-2FABE92B7E5B: changes role from  FOLLOWER to FOLLOWER at term 286 for recognizeCandidate:b88b3e43-5534-49b3-b3f2-a9f154b450de
2019-10-21 23:46:56,402 [grpc-default-executor-1] INFO  impl.RoleInfo (RoleInfo.java:shutdownFollowerState(121)) - 1360619e-ba1e-4bf9-aec1-9f15b5480b27: shutdown FollowerState
2019-10-21 23:46:56,402 [grpc-default-executor-0] INFO  impl.RoleInfo (RoleInfo.java:shutdownFollowerState(121)) - c58a0a02-acd3-47c8-b3e9-5b8e0493de45: shutdown FollowerState
2019-10-21 23:46:56,402 [Thread-1991] INFO  impl.FollowerState (FollowerState.java:run(117)) - 1360619e-ba1e-4bf9-aec1-9f15b5480b27@group-2FABE92B7E5B-FollowerState was interrupted: java.lang.InterruptedException: sleep interrupted
2019-10-21 23:46:56,402 [grpc-default-executor-1] INFO  impl.RoleInfo (RoleInfo.java:updateAndGet(143)) - 1360619e-ba1e-4bf9-aec1-9f15b5480b27: start FollowerState
2019-10-21 23:46:56,403 [Thread-1990] INFO  impl.FollowerState (FollowerState.java:run(117)) - c58a0a02-acd3-47c8-b3e9-5b8e0493de45@group-2FABE92B7E5B-FollowerState was interrupted: java.lang.InterruptedException: sleep interrupted
2019-10-21 23:46:56,402 [grpc-default-executor-0] INFO  impl.RoleInfo (RoleInfo.java:updateAndGet(143)) - c58a0a02-acd3-47c8-b3e9-5b8e0493de45: start FollowerState
2019-10-21 23:46:56,417 [b88b3e43-5534-49b3-b3f2-a9f154b450de@group-2FABE92B7E5B-LeaderElection272] INFO  impl.LeaderElection (LeaderElection.java:logAndReturn(56)) - b88b3e43-5534-49b3-b3f2-a9f154b450de@group-2FABE92B7E5B-LeaderElection272: Election REJECTED; received 2 response(s) [b88b3e43-5534-49b3-b3f2-a9f154b450de<-c58a0a02-acd3-47c8-b3e9-5b8e0493de45#0:FAIL-t286, b88b3e43-5534-49b3-b3f2-a9f154b450de<-1360619e-ba1e-4bf9-aec1-9f15b5480b27#0:FAIL-t286] and 0 exception(s); b88b3e43-5534-49b3-b3f2-a9f154b450de@group-2FABE92B7E5B:t286, leader=null, voted=b88b3e43-5534-49b3-b3f2-a9f154b450de, raftlog=b88b3e43-5534-49b3-b3f2-a9f154b450de@group-2FABE92B7E5B-SegmentedRaftLog:OPENED:c-1,f-1,i0, conf=-1: [c58a0a02-acd3-47c8-b3e9-5b8e0493de45:192.168.157.254:33611, 1360619e-ba1e-4bf9-aec1-9f15b5480b27:192.168.157.254:45658, b88b3e43-5534-49b3-b3f2-a9f154b450de:192.168.157.254:46786], old=null
2019-10-21 23:46:56,417 [b88b3e43-5534-49b3-b3f2-a9f154b450de@group-2FABE92B7E5B-LeaderElection272] INFO  impl.RaftServerImpl (RaftServerImpl.java:setRole(184)) - b88b3e43-5534-49b3-b3f2-a9f154b450de@group-2FABE92B7E5B: changes role from CANDIDATE to FOLLOWER at term 286 for DISCOVERED_A_NEW_TERM
2019-10-21 23:46:56,417 [b88b3e43-5534-49b3-b3f2-a9f154b450de@group-2FABE92B7E5B-LeaderElection272] INFO  impl.RoleInfo (RoleInfo.java:shutdownLeaderElection(134)) - b88b3e43-5534-49b3-b3f2-a9f154b450de: shutdown LeaderElection
2019-10-21 23:46:56,417 [b88b3e43-5534-49b3-b3f2-a9f154b450de@group-2FABE92B7E5B-LeaderElection272] INFO  impl.RoleInfo (RoleInfo.java:updateAndGet(143)) - b88b3e43-5534-49b3-b3f2-a9f154b450de: start FollowerState
2019-10-21 23:46:56,560 [Thread-1998] INFO  impl.FollowerState (FollowerState.java:run(108)) - b88b3e43-5534-49b3-b3f2-a9f154b450de@group-2FABE92B7E5B-FollowerState: change to CANDIDATE, lastRpcTime:142ms, electionTimeout:142ms
2019-10-21 23:46:56,560 [Thread-1998] INFO  impl.RoleInfo (RoleInfo.java:shutdownFollowerState(121)) - b88b3e43-5534-49b3-b3f2-a9f154b450de: shutdown FollowerState
2019-10-21 23:46:56,560 [Thread-1998] INFO  impl.RaftServerImpl (RaftServerImpl.java:setRole(184)) - b88b3e43-5534-49b3-b3f2-a9f154b450de@group-2FABE92B7E5B: changes role from  FOLLOWER to CANDIDATE at term 286 for changeToCandidate
2019-10-21 23:46:56,560 [Thread-1998] INFO  impl.RoleInfo (RoleInfo.java:updateAndGet(143)) - b88b3e43-5534-49b3-b3f2-a9f154b450de: start LeaderElection
2019-10-21 23:46:56,573 [b88b3e43-5534-49b3-b3f2-a9f154b450de@group-2FABE92B7E5B-LeaderElection273] INFO  impl.LeaderElection (LeaderElection.java:askForVotes(178)) - b88b3e43-5534-49b3-b3f2-a9f154b450de@group-2FABE92B7E5B-LeaderElection273: begin an election at term 287 for -1: [c58a0a02-acd3-47c8-b3e9-5b8e0493de45:192.168.157.254:33611, 1360619e-ba1e-4bf9-aec1-9f15b5480b27:192.168.157.254:45658, b88b3e43-5534-49b3-b3f2-a9f154b450de:192.168.157.254:46786], old=null
2019-10-21 23:46:56,576 [grpc-default-executor-0] INFO  impl.RaftServerImpl (RaftServerImpl.java:setRole(184)) - c58a0a02-acd3-47c8-b3e9-5b8e0493de45@group-2FABE92B7E5B: changes role from  FOLLOWER to FOLLOWER at term 287 for recognizeCandidate:b88b3e43-5534-49b3-b3f2-a9f154b450de
2019-10-21 23:46:56,576 [grpc-default-executor-1] INFO  impl.RaftServerImpl (RaftServerImpl.java:setRole(184)) - 1360619e-ba1e-4bf9-aec1-9f15b5480b27@group-2FABE92B7E5B: changes role from  FOLLOWER to FOLLOWER at term 287 for recognizeCandidate:b88b3e43-5534-49b3-b3f2-a9f154b450de
2019-10-21 23:46:56,576 [grpc-default-executor-0] INFO  impl.RoleInfo (RoleInfo.java:shutdownFollowerState(121)) - c58a0a02-acd3-47c8-b3e9-5b8e0493de45: shutdown FollowerState
2019-10-21 23:46:56,576 [grpc-default-executor-1] INFO  impl.RoleInfo (RoleInfo.java:shutdownFollowerState(121)) - 1360619e-ba1e-4bf9-aec1-9f15b5480b27: shutdown FollowerState
2019-10-21 23:46:56,577 [Thread-1997] INFO  impl.FollowerState (FollowerState.java:run(117)) - c58a0a02-acd3-47c8-b3e9-5b8e0493de45@group-2FABE92B7E5B-FollowerState was interrupted: java.lang.InterruptedException: sleep interrupted
2019-10-21 23:46:56,577 [grpc-default-executor-0] INFO  impl.RoleInfo (RoleInfo.java:updateAndGet(143)) - c58a0a02-acd3-47c8-b3e9-5b8e0493de45: start FollowerState
2019-10-21 23:46:56,577 [grpc-default-executor-1] INFO  impl.RoleInfo (RoleInfo.java:updateAndGet(143)) - 1360619e-ba1e-4bf9-aec1-9f15b5480b27: start FollowerState
2019-10-21 23:46:56,577 [Thread-1996] INFO  impl.FollowerState (FollowerState.java:run(117)) - 1360619e-ba1e-4bf9-aec1-9f15b5480b27@group-2FABE92B7E5B-FollowerState was interrupted: java.lang.InterruptedException: sleep interrupted
2019-10-21 23:46:56,592 [b88b3e43-5534-49b3-b3f2-a9f154b450de@group-2FABE92B7E5B-LeaderElection273] INFO  impl.LeaderElection (LeaderElection.java:logAndReturn(56)) - b88b3e43-5534-49b3-b3f2-a9f154b450de@group-2FABE92B7E5B-LeaderElection273: Election REJECTED; received 2 response(s) [b88b3e43-5534-49b3-b3f2-a9f154b450de<-c58a0a02-acd3-47c8-b3e9-5b8e0493de45#0:FAIL-t287, b88b3e43-5534-49b3-b3f2-a9f154b450de<-1360619e-ba1e-4bf9-aec1-9f15b5480b27#0:FAIL-t287] and 0 exception(s); b88b3e43-5534-49b3-b3f2-a9f154b450de@group-2FABE92B7E5B:t287, leader=null, voted=b88b3e43-5534-49b3-b3f2-a9f154b450de, raftlog=b88b3e43-5534-49b3-b3f2-a9f154b450de@group-2FABE92B7E5B-SegmentedRaftLog:OPENED:c-1,f-1,i0, conf=-1: [c58a0a02-acd3-47c8-b3e9-5b8e0493de45:192.168.157.254:33611, 1360619e-ba1e-4bf9-aec1-9f15b5480b27:192.168.157.254:45658, b88b3e43-5534-49b3-b3f2-a9f154b450de:192.168.157.254:46786], old=null
2019-10-21 23:46:56,593 [b88b3e43-5534-49b3-b3f2-a9f154b450de@group-2FABE92B7E5B-LeaderElection273] INFO  impl.RaftServerImpl (RaftServerImpl.java:setRole(184)) - b88b3e43-5534-49b3-b3f2-a9f154b450de@group-2FABE92B7E5B: changes role from CANDIDATE to FOLLOWER at term 287 for DISCOVERED_A_NEW_TERM
2019-10-21 23:46:56,593 [b88b3e43-5534-49b3-b3f2-a9f154b450de@group-2FABE92B7E5B-LeaderElection273] INFO  impl.RoleInfo (RoleInfo.java:shutdownLeaderElection(134)) - b88b3e43-5534-49b3-b3f2-a9f154b450de: shutdown LeaderElection
2019-10-21 23:46:56,593 [b88b3e43-5534-49b3-b3f2-a9f154b450de@group-2FABE92B7E5B-LeaderElection273] INFO  impl.RoleInfo (RoleInfo.java:updateAndGet(143)) - b88b3e43-5534-49b3-b3f2-a9f154b450de: start FollowerState
2019-10-21 23:46:56,710 [Thread-2004] INFO  impl.FollowerState (FollowerState.java:run(108)) - b88b3e43-5534-49b3-b3f2-a9f154b450de@group-2FABE92B7E5B-FollowerState: change to CANDIDATE, lastRpcTime:117ms, electionTimeout:117ms
2019-10-21 23:46:56,710 [Thread-2004] INFO  impl.RoleInfo (RoleInfo.java:shutdownFollowerState(121)) - b88b3e43-5534-49b3-b3f2-a9f154b450de: shutdown FollowerState
2019-10-21 23:46:56,710 [Thread-2004] INFO  impl.RaftServerImpl (RaftServerImpl.java:setRole(184)) - b88b3e43-5534-49b3-b3f2-a9f154b450de@group-2FABE92B7E5B: changes role from  FOLLOWER to CANDIDATE at term 287 for changeToCandidate
2019-10-21 23:46:56,711 [Thread-2004] INFO  impl.RoleInfo (RoleInfo.java:updateAndGet(143)) - b88b3e43-5534-49b3-b3f2-a9f154b450de: start LeaderElection
2019-10-21 23:46:56,733 [b88b3e43-5534-49b3-b3f2-a9f154b450de@group-2FABE92B7E5B-LeaderElection274] INFO  impl.LeaderElection (LeaderElection.java:askForVotes(178)) - b88b3e43-5534-49b3-b3f2-a9f154b450de@group-2FABE92B7E5B-LeaderElection274: begin an election at term 288 for -1: [c58a0a02-acd3-47c8-b3e9-5b8e0493de45:192.168.157.254:33611, 1360619e-ba1e-4bf9-aec1-9f15b5480b27:192.168.157.254:45658, b88b3e43-5534-49b3-b3f2-a9f154b450de:192.168.157.254:46786], old=null
2019-10-21 23:46:56,735 [grpc-default-executor-0] INFO  impl.RaftServerImpl (RaftServerImpl.java:setRole(184)) - c58a0a02-acd3-47c8-b3e9-5b8e0493de45@group-2FABE92B7E5B: changes role from  FOLLOWER to FOLLOWER at term 288 for recognizeCandidate:b88b3e43-5534-49b3-b3f2-a9f154b450de
2019-10-21 23:46:56,735 [grpc-default-executor-1] INFO  impl.RaftServerImpl (RaftServerImpl.java:setRole(184)) - 1360619e-ba1e-4bf9-aec1-9f15b5480b27@group-2FABE92B7E5B: changes role from  FOLLOWER to FOLLOWER at term 288 for recognizeCandidate:b88b3e43-5534-49b3-b3f2-a9f154b450de
2019-10-21 23:46:56,735 [grpc-default-executor-0] INFO  impl.RoleInfo (RoleInfo.java:shutdownFollowerState(121)) - c58a0a02-acd3-47c8-b3e9-5b8e0493de45: shutdown FollowerState
2019-10-21 23:46:56,735 [grpc-default-executor-1] INFO  impl.RoleInfo (RoleInfo.java:shutdownFollowerState(121)) - 1360619e-ba1e-4bf9-aec1-9f15b5480b27: shutdown FollowerState
2019-10-21 23:46:56,735 [grpc-default-executor-0] INFO  impl.RoleInfo (RoleInfo.java:updateAndGet(143)) - c58a0a02-acd3-47c8-b3e9-5b8e0493de45: start FollowerState
2019-10-21 23:46:56,735 [Thread-2002] INFO  impl.FollowerState (FollowerState.java:run(117)) - c58a0a02-acd3-47c8-b3e9-5b8e0493de45@group-2FABE92B7E5B-FollowerState was interrupted: java.lang.InterruptedException: sleep interrupted
2019-10-21 23:46:56,736 [grpc-default-executor-1] INFO  impl.RoleInfo (RoleInfo.java:updateAndGet(143)) - 1360619e-ba1e-4bf9-aec1-9f15b5480b27: start FollowerState
2019-10-21 23:46:56,736 [Thread-2003] INFO  impl.FollowerState (FollowerState.java:run(117)) - 1360619e-ba1e-4bf9-aec1-9f15b5480b27@group-2FABE92B7E5B-FollowerState was interrupted: java.lang.InterruptedException: sleep interrupted
2019-10-21 23:46:56,750 [b88b3e43-5534-49b3-b3f2-a9f154b450de@group-2FABE92B7E5B-LeaderElection274] INFO  impl.LeaderElection (LeaderElection.java:logAndReturn(56)) - b88b3e43-5534-49b3-b3f2-a9f154b450de@group-2FABE92B7E5B-LeaderElection274: Election REJECTED; received 2 response(s) [b88b3e43-5534-49b3-b3f2-a9f154b450de<-c58a0a02-acd3-47c8-b3e9-5b8e0493de45#0:FAIL-t288, b88b3e43-5534-49b3-b3f2-a9f154b450de<-1360619e-ba1e-4bf9-aec1-9f15b5480b27#0:FAIL-t288] and 0 exception(s); b88b3e43-5534-49b3-b3f2-a9f154b450de@group-2FABE92B7E5B:t288, leader=null, voted=b88b3e43-5534-49b3-b3f2-a9f154b450de, raftlog=b88b3e43-5534-49b3-b3f2-a9f154b450de@group-2FABE92B7E5B-SegmentedRaftLog:OPENED:c-1,f-1,i0, conf=-1: [c58a0a02-acd3-47c8-b3e9-5b8e0493de45:192.168.157.254:33611, 1360619e-ba1e-4bf9-aec1-9f15b5480b27:192.168.157.254:45658, b88b3e43-5534-49b3-b3f2-a9f154b450de:192.168.157.254:46786], old=null
2019-10-21 23:46:56,750 [b88b3e43-5534-49b3-b3f2-a9f154b450de@group-2FABE92B7E5B-LeaderElection274] INFO  impl.RaftServerImpl (RaftServerImpl.java:setRole(184)) - b88b3e43-5534-49b3-b3f2-a9f154b450de@group-2FABE92B7E5B: changes role from CANDIDATE to FOLLOWER at term 288 for DISCOVERED_A_NEW_TERM
2019-10-21 23:46:56,751 [b88b3e43-5534-49b3-b3f2-a9f154b450de@group-2FABE92B7E5B-LeaderElection274] INFO  impl.RoleInfo (RoleInfo.java:shutdownLeaderElection(134)) - b88b3e43-5534-49b3-b3f2-a9f154b450de: shutdown LeaderElection
2019-10-21 23:46:56,751 [b88b3e43-5534-49b3-b3f2-a9f154b450de@group-2FABE92B7E5B-LeaderElection274] INFO  impl.RoleInfo (RoleInfo.java:updateAndGet(143)) - b88b3e43-5534-49b3-b3f2-a9f154b450de: start FollowerState
2019-10-21 23:46:56,754 [Thread-2010] INFO  impl.FollowerState (FollowerState.java:run(108)) - b88b3e43-5534-49b3-b3f2-a9f154b450de@group-2FABE92B7E5B-FollowerState: change to CANDIDATE, lastRpcTime:3ms, electionTimeout:3ms
2019-10-21 23:46:56,754 [Thread-2010] INFO  impl.RoleInfo (RoleInfo.java:shutdownFollowerState(121)) - b88b3e43-5534-49b3-b3f2-a9f154b450de: shutdown FollowerState
2019-10-21 23:46:56,754 [Thread-2010] INFO  impl.RaftServerImpl (RaftServerImpl.java:setRole(184)) - b88b3e43-5534-49b3-b3f2-a9f154b450de@group-2FABE92B7E5B: changes role from  FOLLOWER to CANDIDATE at term 288 for changeToCandidate
2019-10-21 23:46:56,754 [Thread-2010] INFO  impl.RoleInfo (RoleInfo.java:updateAndGet(143)) - b88b3e43-5534-49b3-b3f2-a9f154b450de: start LeaderElection
2019-10-21 23:46:56,767 [b88b3e43-5534-49b3-b3f2-a9f154b450de@group-2FABE92B7E5B-LeaderElection275] INFO  impl.LeaderElection (LeaderElection.java:askForVotes(178)) - b88b3e43-5534-49b3-b3f2-a9f154b450de@group-2FABE92B7E5B-LeaderElection275: begin an election at term 289 for -1: [c58a0a02-acd3-47c8-b3e9-5b8e0493de45:192.168.157.254:33611, 1360619e-ba1e-4bf9-aec1-9f15b5480b27:192.168.157.254:45658, b88b3e43-5534-49b3-b3f2-a9f154b450de:192.168.157.254:46786], old=null
2019-10-21 23:46:56,769 [grpc-default-executor-1] INFO  impl.RaftServerImpl (RaftServerImpl.java:setRole(184)) - c58a0a02-acd3-47c8-b3e9-5b8e0493de45@group-2FABE92B7E5B: changes role from  FOLLOWER to FOLLOWER at term 289 for recognizeCandidate:b88b3e43-5534-49b3-b3f2-a9f154b450de
2019-10-21 23:46:56,769 [grpc-default-executor-0] INFO  impl.RaftServerImpl (RaftServerImpl.java:setRole(184)) - 1360619e-ba1e-4bf9-aec1-9f15b5480b27@group-2FABE92B7E5B: changes role from  FOLLOWER to FOLLOWER at term 289 for recognizeCandidate:b88b3e43-5534-49b3-b3f2-a9f154b450de
2019-10-21 23:46:56,769 [grpc-default-executor-0] INFO  impl.RoleInfo (RoleInfo.java:shutdownFollowerState(121)) - 1360619e-ba1e-4bf9-aec1-9f15b5480b27: shutdown FollowerState
2019-10-21 23:46:56,769 [grpc-default-executor-1] INFO  impl.RoleInfo (RoleInfo.java:shutdownFollowerState(121)) - c58a0a02-acd3-47c8-b3e9-5b8e0493de45: shutdown FollowerState
2019-10-21 23:46:56,770 [Thread-2009] INFO  impl.FollowerState (FollowerState.java:run(117)) - 1360619e-ba1e-4bf9-aec1-9f15b5480b27@group-2FABE92B7E5B-FollowerState was interrupted: java.lang.InterruptedException: sleep interrupted
2019-10-21 23:46:56,770 [grpc-default-executor-0] INFO  impl.RoleInfo (RoleInfo.java:updateAndGet(143)) - 1360619e-ba1e-4bf9-aec1-9f15b5480b27: start FollowerState
2019-10-21 23:46:56,770 [Thread-2008] INFO  impl.FollowerState (FollowerState.java:run(117)) - c58a0a02-acd3-47c8-b3e9-5b8e0493de45@group-2FABE92B7E5B-FollowerState was interrupted: java.lang.InterruptedException: sleep interrupted
2019-10-21 23:46:56,770 [grpc-default-executor-1] INFO  impl.RoleInfo (RoleInfo.java:updateAndGet(143)) - c58a0a02-acd3-47c8-b3e9-5b8e0493de45: start FollowerState
2019-10-21 23:46:56,784 [b88b3e43-5534-49b3-b3f2-a9f154b450de@group-2FABE92B7E5B-LeaderElection275] INFO  impl.LeaderElection (LeaderElection.java:logAndReturn(56)) - b88b3e43-5534-49b3-b3f2-a9f154b450de@group-2FABE92B7E5B-LeaderElection275: Election REJECTED; received 2 response(s) [b88b3e43-5534-49b3-b3f2-a9f154b450de<-c58a0a02-acd3-47c8-b3e9-5b8e0493de45#0:FAIL-t289, b88b3e43-5534-49b3-b3f2-a9f154b450de<-1360619e-ba1e-4bf9-aec1-9f15b5480b27#0:FAIL-t289] and 0 exception(s); b88b3e43-5534-49b3-b3f2-a9f154b450de@group-2FABE92B7E5B:t289, leader=null, voted=b88b3e43-5534-49b3-b3f2-a9f154b450de, raftlog=b88b3e43-5534-49b3-b3f2-a9f154b450de@group-2FABE92B7E5B-SegmentedRaftLog:OPENED:c-1,f-1,i0, conf=-1: [c58a0a02-acd3-47c8-b3e9-5b8e0493de45:192.168.157.254:33611, 1360619e-ba1e-4bf9-aec1-9f15b5480b27:192.168.157.254:45658, b88b3e43-5534-49b3-b3f2-a9f154b450de:192.168.157.254:46786], old=null
2019-10-21 23:46:56,784 [b88b3e43-5534-49b3-b3f2-a9f154b450de@group-2FABE92B7E5B-LeaderElection275] INFO  impl.RaftServerImpl (RaftServerImpl.java:setRole(184)) - b88b3e43-5534-49b3-b3f2-a9f154b450de@group-2FABE92B7E5B: changes role from CANDIDATE to FOLLOWER at term 289 for DISCOVERED_A_NEW_TERM
2019-10-21 23:46:56,784 [b88b3e43-5534-49b3-b3f2-a9f154b450de@group-2FABE92B7E5B-LeaderElection275] INFO  impl.RoleInfo (RoleInfo.java:shutdownLeaderElection(134)) - b88b3e43-5534-49b3-b3f2-a9f154b450de: shutdown LeaderElection
2019-10-21 23:46:56,784 [b88b3e43-5534-49b3-b3f2-a9f154b450de@group-2FABE92B7E5B-LeaderElection275] INFO  impl.RoleInfo (RoleInfo.java:updateAndGet(143)) - b88b3e43-5534-49b3-b3f2-a9f154b450de: start FollowerState
2019-10-21 23:46:56,812 [Thread-2016] INFO  impl.FollowerState (FollowerState.java:run(108)) - b88b3e43-5534-49b3-b3f2-a9f154b450de@group-2FABE92B7E5B-FollowerState: change to CANDIDATE, lastRpcTime:27ms, electionTimeout:27ms
2019-10-21 23:46:56,812 [Thread-2016] INFO  impl.RoleInfo (RoleInfo.java:shutdownFollowerState(121)) - b88b3e43-5534-49b3-b3f2-a9f154b450de: shutdown FollowerState
2019-10-21 23:46:56,812 [Thread-2016] INFO  impl.RaftServerImpl (RaftServerImpl.java:setRole(184)) - b88b3e43-5534-49b3-b3f2-a9f154b450de@group-2FABE92B7E5B: changes role from  FOLLOWER to CANDIDATE at term 289 for changeToCandidate
2019-10-21 23:46:56,812 [Thread-2016] INFO  impl.RoleInfo (RoleInfo.java:updateAndGet(143)) - b88b3e43-5534-49b3-b3f2-a9f154b450de: start LeaderElection
2019-10-21 23:46:56,824 [b88b3e43-5534-49b3-b3f2-a9f154b450de@group-2FABE92B7E5B-LeaderElection276] INFO  impl.LeaderElection (LeaderElection.java:askForVotes(178)) - b88b3e43-5534-49b3-b3f2-a9f154b450de@group-2FABE92B7E5B-LeaderElection276: begin an election at term 290 for -1: [c58a0a02-acd3-47c8-b3e9-5b8e0493de45:192.168.157.254:33611, 1360619e-ba1e-4bf9-aec1-9f15b5480b27:192.168.157.254:45658, b88b3e43-5534-49b3-b3f2-a9f154b450de:192.168.157.254:46786], old=null
2019-10-21 23:46:56,826 [grpc-default-executor-1] INFO  impl.RaftServerImpl (RaftServerImpl.java:setRole(184)) - c58a0a02-acd3-47c8-b3e9-5b8e0493de45@group-2FABE92B7E5B: changes role from  FOLLOWER to FOLLOWER at term 290 for recognizeCandidate:b88b3e43-5534-49b3-b3f2-a9f154b450de
2019-10-21 23:46:56,826 [grpc-default-executor-1] INFO  impl.RoleInfo (RoleInfo.java:shutdownFollowerState(121)) - c58a0a02-acd3-47c8-b3e9-5b8e0493de45: shutdown FollowerState
2019-10-21 23:46:56,826 [grpc-default-executor-0] INFO  impl.RaftServerImpl (RaftServerImpl.java:setRole(184)) - 1360619e-ba1e-4bf9-aec1-9f15b5480b27@group-2FABE92B7E5B: changes role from  FOLLOWER to FOLLOWER at term 290 for recognizeCandidate:b88b3e43-5534-49b3-b3f2-a9f154b450de
2019-10-21 23:46:56,827 [grpc-default-executor-0] INFO  impl.RoleInfo (RoleInfo.java:shutdownFollowerState(121)) - 1360619e-ba1e-4bf9-aec1-9f15b5480b27: shutdown FollowerState
2019-10-21 23:46:56,827 [grpc-default-executor-0] INFO  impl.RoleInfo (RoleInfo.java:updateAndGet(143)) - 1360619e-ba1e-4bf9-aec1-9f15b5480b27: start FollowerState
2019-10-21 23:46:56,827 [Thread-2015] INFO  impl.FollowerState (FollowerState.java:run(117)) - c58a0a02-acd3-47c8-b3e9-5b8e0493de45@group-2FABE92B7E5B-FollowerState was interrupted: java.lang.InterruptedException: sleep interrupted
2019-10-21 23:46:56,827 [grpc-default-executor-1] INFO  impl.RoleInfo (RoleInfo.java:updateAndGet(143)) - c58a0a02-acd3-47c8-b3e9-5b8e0493de45: start FollowerState
2019-10-21 23:46:56,827 [Thread-2014] INFO  impl.FollowerState (FollowerState.java:run(117)) - 1360619e-ba1e-4bf9-aec1-9f15b5480b27@group-2FABE92B7E5B-FollowerState was interrupted: java.lang.InterruptedException: sleep interrupted
2019-10-21 23:46:56,844 [b88b3e43-5534-49b3-b3f2-a9f154b450de@group-2FABE92B7E5B-LeaderElection276] INFO  impl.LeaderElection (LeaderElection.java:logAndReturn(56)) - b88b3e43-5534-49b3-b3f2-a9f154b450de@group-2FABE92B7E5B-LeaderElection276: Election REJECTED; received 2 response(s) [b88b3e43-5534-49b3-b3f2-a9f154b450de<-c58a0a02-acd3-47c8-b3e9-5b8e0493de45#0:FAIL-t290, b88b3e43-5534-49b3-b3f2-a9f154b450de<-1360619e-ba1e-4bf9-aec1-9f15b5480b27#0:FAIL-t290] and 0 exception(s); b88b3e43-5534-49b3-b3f2-a9f154b450de@group-2FABE92B7E5B:t290, leader=null, voted=b88b3e43-5534-49b3-b3f2-a9f154b450de, raftlog=b88b3e43-5534-49b3-b3f2-a9f154b450de@group-2FABE92B7E5B-SegmentedRaftLog:OPENED:c-1,f-1,i0, conf=-1: [c58a0a02-acd3-47c8-b3e9-5b8e0493de45:192.168.157.254:33611, 1360619e-ba1e-4bf9-aec1-9f15b5480b27:192.168.157.254:45658, b88b3e43-5534-49b3-b3f2-a9f154b450de:192.168.157.254:46786], old=null
2019-10-21 23:46:56,844 [b88b3e43-5534-49b3-b3f2-a9f154b450de@group-2FABE92B7E5B-LeaderElection276] INFO  impl.RaftServerImpl (RaftServerImpl.java:setRole(184)) - b88b3e43-5534-49b3-b3f2-a9f154b450de@group-2FABE92B7E5B: changes role from CANDIDATE to FOLLOWER at term 290 for DISCOVERED_A_NEW_TERM
2019-10-21 23:46:56,844 [b88b3e43-5534-49b3-b3f2-a9f154b450de@group-2FABE92B7E5B-LeaderElection276] INFO  impl.RoleInfo (RoleInfo.java:shutdownLeaderElection(134)) - b88b3e43-5534-49b3-b3f2-a9f154b450de: shutdown LeaderElection
2019-10-21 23:46:56,844 [b88b3e43-5534-49b3-b3f2-a9f154b450de@group-2FABE92B7E5B-LeaderElection276] INFO  impl.RoleInfo (RoleInfo.java:updateAndGet(143)) - b88b3e43-5534-49b3-b3f2-a9f154b450de: start FollowerState
2019-10-21 23:46:56,880 [Thread-2022] INFO  impl.FollowerState (FollowerState.java:run(108)) - b88b3e43-5534-49b3-b3f2-a9f154b450de@group-2FABE92B7E5B-FollowerState: change to CANDIDATE, lastRpcTime:35ms, electionTimeout:35ms
2019-10-21 23:46:56,880 [Thread-2022] INFO  impl.RoleInfo (RoleInfo.java:shutdownFollowerState(121)) - b88b3e43-5534-49b3-b3f2-a9f154b450de: shutdown FollowerState
2019-10-21 23:46:56,880 [Thread-2022] INFO  impl.RaftServerImpl (RaftServerImpl.java:setRole(184)) - b88b3e43-5534-49b3-b3f2-a9f154b450de@group-2FABE92B7E5B: changes role from  FOLLOWER to CANDIDATE at term 290 for changeToCandidate
2019-10-21 23:46:56,880 [Thread-2022] INFO  impl.RoleInfo (RoleInfo.java:updateAndGet(143)) - b88b3e43-5534-49b3-b3f2-a9f154b450de: start LeaderElection
2019-10-21 23:46:56,894 [b88b3e43-5534-49b3-b3f2-a9f154b450de@group-2FABE92B7E5B-LeaderElection277] INFO  impl.LeaderElection (LeaderElection.java:askForVotes(178)) - b88b3e43-5534-49b3-b3f2-a9f154b450de@group-2FABE92B7E5B-LeaderElection277: begin an election at term 291 for -1: [c58a0a02-acd3-47c8-b3e9-5b8e0493de45:192.168.157.254:33611, 1360619e-ba1e-4bf9-aec1-9f15b5480b27:192.168.157.254:45658, b88b3e43-5534-49b3-b3f2-a9f154b450de:192.168.157.254:46786], old=null
2019-10-21 23:46:56,896 [grpc-default-executor-0] INFO  impl.RaftServerImpl (RaftServerImpl.java:setRole(184)) - c58a0a02-acd3-47c8-b3e9-5b8e0493de45@group-2FABE92B7E5B: changes role from  FOLLOWER to FOLLOWER at term 291 for recognizeCandidate:b88b3e43-5534-49b3-b3f2-a9f154b450de
2019-10-21 23:46:56,896 [grpc-default-executor-0] INFO  impl.RoleInfo (RoleInfo.java:shutdownFollowerState(121)) - c58a0a02-acd3-47c8-b3e9-5b8e0493de45: shutdown FollowerState
2019-10-21 23:46:56,896 [grpc-default-executor-1] INFO  impl.RaftServerImpl (RaftServerImpl.java:setRole(184)) - 1360619e-ba1e-4bf9-aec1-9f15b5480b27@group-2FABE92B7E5B: changes role from  FOLLOWER to FOLLOWER at term 291 for recognizeCandidate:b88b3e43-5534-49b3-b3f2-a9f154b450de
2019-10-21 23:46:56,896 [grpc-default-executor-1] INFO  impl.RoleInfo (RoleInfo.java:shutdownFollowerState(121)) - 1360619e-ba1e-4bf9-aec1-9f15b5480b27: shutdown FollowerState
2019-10-21 23:46:56,896 [Thread-2020] INFO  impl.FollowerState (FollowerState.java:run(117)) - c58a0a02-acd3-47c8-b3e9-5b8e0493de45@group-2FABE92B7E5B-FollowerState was interrupted: java.lang.InterruptedException: sleep interrupted
2019-10-21 23:46:56,896 [grpc-default-executor-0] INFO  impl.RoleInfo (RoleInfo.java:updateAndGet(143)) - c58a0a02-acd3-47c8-b3e9-5b8e0493de45: start FollowerState
2019-10-21 23:46:56,896 [Thread-2021] INFO  impl.FollowerState (FollowerState.java:run(117)) - 1360619e-ba1e-4bf9-aec1-9f15b5480b27@group-2FABE92B7E5B-FollowerState was interrupted: java.lang.InterruptedException: sleep interrupted
2019-10-21 23:46:56,896 [grpc-default-executor-1] INFO  impl.RoleInfo (RoleInfo.java:updateAndGet(143)) - 1360619e-ba1e-4bf9-aec1-9f15b5480b27: start FollowerState
2019-10-21 23:46:56,910 [b88b3e43-5534-49b3-b3f2-a9f154b450de@group-2FABE92B7E5B-LeaderElection277] INFO  impl.LeaderElection (LeaderElection.java:logAndReturn(56)) - b88b3e43-5534-49b3-b3f2-a9f154b450de@group-2FABE92B7E5B-LeaderElection277: Election REJECTED; received 2 response(s) [b88b3e43-5534-49b3-b3f2-a9f154b450de<-c58a0a02-acd3-47c8-b3e9-5b8e0493de45#0:FAIL-t291, b88b3e43-5534-49b3-b3f2-a9f154b450de<-1360619e-ba1e-4bf9-aec1-9f15b5480b27#0:FAIL-t291] and 0 exception(s); b88b3e43-5534-49b3-b3f2-a9f154b450de@group-2FABE92B7E5B:t291, leader=null, voted=b88b3e43-5534-49b3-b3f2-a9f154b450de, raftlog=b88b3e43-5534-49b3-b3f2-a9f154b450de@group-2FABE92B7E5B-SegmentedRaftLog:OPENED:c-1,f-1,i0, conf=-1: [c58a0a02-acd3-47c8-b3e9-5b8e0493de45:192.168.157.254:33611, 1360619e-ba1e-4bf9-aec1-9f15b5480b27:192.168.157.254:45658, b88b3e43-5534-49b3-b3f2-a9f154b450de:192.168.157.254:46786], old=null
2019-10-21 23:46:56,911 [b88b3e43-5534-49b3-b3f2-a9f154b450de@group-2FABE92B7E5B-LeaderElection277] INFO  impl.RaftServerImpl (RaftServerImpl.java:setRole(184)) - b88b3e43-5534-49b3-b3f2-a9f154b450de@group-2FABE92B7E5B: changes role from CANDIDATE to FOLLOWER at term 291 for DISCOVERED_A_NEW_TERM
2019-10-21 23:46:56,911 [b88b3e43-5534-49b3-b3f2-a9f154b450de@group-2FABE92B7E5B-LeaderElection277] INFO  impl.RoleInfo (RoleInfo.java:shutdownLeaderElection(134)) - b88b3e43-5534-49b3-b3f2-a9f154b450de: shutdown LeaderElection
2019-10-21 23:46:56,911 [b88b3e43-5534-49b3-b3f2-a9f154b450de@group-2FABE92B7E5B-LeaderElection277] INFO  impl.RoleInfo (RoleInfo.java:updateAndGet(143)) - b88b3e43-5534-49b3-b3f2-a9f154b450de: start FollowerState
2019-10-21 23:46:56,924 [Thread-2028] INFO  impl.FollowerState (FollowerState.java:run(108)) - b88b3e43-5534-49b3-b3f2-a9f154b450de@group-2FABE92B7E5B-FollowerState: change to CANDIDATE, lastRpcTime:13ms, electionTimeout:13ms
2019-10-21 23:46:56,924 [Thread-2028] INFO  impl.RoleInfo (RoleInfo.java:shutdownFollowerState(121)) - b88b3e43-5534-49b3-b3f2-a9f154b450de: shutdown FollowerState
2019-10-21 23:46:56,925 [Thread-2028] INFO  impl.RaftServerImpl (RaftServerImpl.java:setRole(184)) - b88b3e43-5534-49b3-b3f2-a9f154b450de@group-2FABE92B7E5B: changes role from  FOLLOWER to CANDIDATE at term 291 for changeToCandidate
2019-10-21 23:46:56,925 [Thread-2028] INFO  impl.RoleInfo (RoleInfo.java:updateAndGet(143)) - b88b3e43-5534-49b3-b3f2-a9f154b450de: start LeaderElection
2019-10-21 23:46:56,932 [b88b3e43-5534-49b3-b3f2-a9f154b450de@group-2FABE92B7E5B-LeaderElection278] INFO  impl.LeaderElection (LeaderElection.java:askForVotes(178)) - b88b3e43-5534-49b3-b3f2-a9f154b450de@group-2FABE92B7E5B-LeaderElection278: begin an election at term 292 for -1: [c58a0a02-acd3-47c8-b3e9-5b8e0493de45:192.168.157.254:33611, 1360619e-ba1e-4bf9-aec1-9f15b5480b27:192.168.157.254:45658, b88b3e43-5534-49b3-b3f2-a9f154b450de:192.168.157.254:46786], old=null
2019-10-21 23:46:56,934 [grpc-default-executor-0] INFO  impl.RaftServerImpl (RaftServerImpl.java:setRole(184)) - 1360619e-ba1e-4bf9-aec1-9f15b5480b27@group-2FABE92B7E5B: changes role from  FOLLOWER to FOLLOWER at term 292 for recognizeCandidate:b88b3e43-5534-49b3-b3f2-a9f154b450de
2019-10-21 23:46:56,934 [grpc-default-executor-0] INFO  impl.RoleInfo (RoleInfo.java:shutdownFollowerState(121)) - 1360619e-ba1e-4bf9-aec1-9f15b5480b27: shutdown FollowerState
2019-10-21 23:46:56,934 [grpc-default-executor-1] INFO  impl.RaftServerImpl (RaftServerImpl.java:setRole(184)) - c58a0a02-acd3-47c8-b3e9-5b8e0493de45@group-2FABE92B7E5B: changes role from  FOLLOWER to FOLLOWER at term 292 for recognizeCandidate:b88b3e43-5534-49b3-b3f2-a9f154b450de
2019-10-21 23:46:56,935 [grpc-default-executor-1] INFO  impl.RoleInfo (RoleInfo.java:shutdownFollowerState(121)) - c58a0a02-acd3-47c8-b3e9-5b8e0493de45: shutdown FollowerState
2019-10-21 23:46:56,935 [Thread-2027] INFO  impl.FollowerState (FollowerState.java:run(117)) - 1360619e-ba1e-4bf9-aec1-9f15b5480b27@group-2FABE92B7E5B-FollowerState was interrupted: java.lang.InterruptedException: sleep interrupted
2019-10-21 23:46:56,935 [grpc-default-executor-0] INFO  impl.RoleInfo (RoleInfo.java:updateAndGet(143)) - 1360619e-ba1e-4bf9-aec1-9f15b5480b27: start FollowerState
2019-10-21 23:46:56,935 [Thread-2026] INFO  impl.FollowerState (FollowerState.java:run(117)) - c58a0a02-acd3-47c8-b3e9-5b8e0493de45@group-2FABE92B7E5B-FollowerState was interrupted: java.lang.InterruptedException: sleep interrupted
2019-10-21 23:46:56,935 [grpc-default-executor-1] INFO  impl.RoleInfo (RoleInfo.java:updateAndGet(143)) - c58a0a02-acd3-47c8-b3e9-5b8e0493de45: start FollowerState
2019-10-21 23:46:56,949 [b88b3e43-5534-49b3-b3f2-a9f154b450de@group-2FABE92B7E5B-LeaderElection278] INFO  impl.LeaderElection (LeaderElection.java:logAndReturn(56)) - b88b3e43-5534-49b3-b3f2-a9f154b450de@group-2FABE92B7E5B-LeaderElection278: Election REJECTED; received 2 response(s) [b88b3e43-5534-49b3-b3f2-a9f154b450de<-c58a0a02-acd3-47c8-b3e9-5b8e0493de45#0:FAIL-t292, b88b3e43-5534-49b3-b3f2-a9f154b450de<-1360619e-ba1e-4bf9-aec1-9f15b5480b27#0:FAIL-t292] and 0 exception(s); b88b3e43-5534-49b3-b3f2-a9f154b450de@group-2FABE92B7E5B:t292, leader=null, voted=b88b3e43-5534-49b3-b3f2-a9f154b450de, raftlog=b88b3e43-5534-49b3-b3f2-a9f154b450de@group-2FABE92B7E5B-SegmentedRaftLog:OPENED:c-1,f-1,i0, conf=-1: [c58a0a02-acd3-47c8-b3e9-5b8e0493de45:192.168.157.254:33611, 1360619e-ba1e-4bf9-aec1-9f15b5480b27:192.168.157.254:45658, b88b3e43-5534-49b3-b3f2-a9f154b450de:192.168.157.254:46786], old=null
2019-10-21 23:46:56,950 [b88b3e43-5534-49b3-b3f2-a9f154b450de@group-2FABE92B7E5B-LeaderElection278] INFO  impl.RaftServerImpl (RaftServerImpl.java:setRole(184)) - b88b3e43-5534-49b3-b3f2-a9f154b450de@group-2FABE92B7E5B: changes role from CANDIDATE to FOLLOWER at term 292 for DISCOVERED_A_NEW_TERM
2019-10-21 23:46:56,950 [b88b3e43-5534-49b3-b3f2-a9f154b450de@group-2FABE92B7E5B-LeaderElection278] INFO  impl.RoleInfo (RoleInfo.java:shutdownLeaderElection(134)) - b88b3e43-5534-49b3-b3f2-a9f154b450de: shutdown LeaderElection
2019-10-21 23:46:56,950 [b88b3e43-5534-49b3-b3f2-a9f154b450de@group-2FABE92B7E5B-LeaderElection278] INFO  impl.RoleInfo (RoleInfo.java:updateAndGet(143)) - b88b3e43-5534-49b3-b3f2-a9f154b450de: start FollowerState
2019-10-21 23:46:57,140 [Thread-2034] INFO  impl.FollowerState (FollowerState.java:run(108)) - b88b3e43-5534-49b3-b3f2-a9f154b450de@group-2FABE92B7E5B-FollowerState: change to CANDIDATE, lastRpcTime:190ms, electionTimeout:190ms
2019-10-21 23:46:57,141 [Thread-2034] INFO  impl.RoleInfo (RoleInfo.java:shutdownFollowerState(121)) - b88b3e43-5534-49b3-b3f2-a9f154b450de: shutdown FollowerState
2019-10-21 23:46:57,141 [Thread-2034] INFO  impl.RaftServerImpl (RaftServerImpl.java:setRole(184)) - b88b3e43-5534-49b3-b3f2-a9f154b450de@group-2FABE92B7E5B: changes role from  FOLLOWER to CANDIDATE at term 292 for changeToCandidate
2019-10-21 23:46:57,141 [Thread-2034] INFO  impl.RoleInfo (RoleInfo.java:updateAndGet(143)) - b88b3e43-5534-49b3-b3f2-a9f154b450de: start LeaderElection
2019-10-21 23:46:57,154 [b88b3e43-5534-49b3-b3f2-a9f154b450de@group-2FABE92B7E5B-LeaderElection279] INFO  impl.LeaderElection (LeaderElection.java:askForVotes(178)) - b88b3e43-5534-49b3-b3f2-a9f154b450de@group-2FABE92B7E5B-LeaderElection279: begin an election at term 293 for -1: [c58a0a02-acd3-47c8-b3e9-5b8e0493de45:192.168.157.254:33611, 1360619e-ba1e-4bf9-aec1-9f15b5480b27:192.168.157.254:45658, b88b3e43-5534-49b3-b3f2-a9f154b450de:192.168.157.254:46786], old=null
2019-10-21 23:46:57,159 [grpc-default-executor-1] INFO  impl.RaftServerImpl (RaftServerImpl.java:setRole(184)) - 1360619e-ba1e-4bf9-aec1-9f15b5480b27@group-2FABE92B7E5B: changes role from  FOLLOWER to FOLLOWER at term 293 for recognizeCandidate:b88b3e43-5534-49b3-b3f2-a9f154b450de
2019-10-21 23:46:57,159 [grpc-default-executor-1] INFO  impl.RoleInfo (RoleInfo.java:shutdownFollowerState(121)) - 1360619e-ba1e-4bf9-aec1-9f15b5480b27: shutdown FollowerState
2019-10-21 23:46:57,159 [grpc-default-executor-0] INFO  impl.RaftServerImpl (RaftServerImpl.java:setRole(184)) - c58a0a02-acd3-47c8-b3e9-5b8e0493de45@group-2FABE92B7E5B: changes role from  FOLLOWER to FOLLOWER at term 293 for recognizeCandidate:b88b3e43-5534-49b3-b3f2-a9f154b450de
2019-10-21 23:46:57,159 [Thread-2032] INFO  impl.FollowerState (FollowerState.java:run(117)) - 1360619e-ba1e-4bf9-aec1-9f15b5480b27@group-2FABE92B7E5B-FollowerState was interrupted: java.lang.InterruptedException: sleep interrupted
2019-10-21 23:46:57,159 [grpc-default-executor-1] INFO  impl.RoleInfo (RoleInfo.java:updateAndGet(143)) - 1360619e-ba1e-4bf9-aec1-9f15b5480b27: start FollowerState
2019-10-21 23:46:57,159 [grpc-default-executor-0] INFO  impl.RoleInfo (RoleInfo.java:shutdownFollowerState(121)) - c58a0a02-acd3-47c8-b3e9-5b8e0493de45: shutdown FollowerState
2019-10-21 23:46:57,160 [grpc-default-executor-0] INFO  impl.RoleInfo (RoleInfo.java:updateAndGet(143)) - c58a0a02-acd3-47c8-b3e9-5b8e0493de45: start FollowerState
2019-10-21 23:46:57,160 [Thread-2033] INFO  impl.FollowerState (FollowerState.java:run(117)) - c58a0a02-acd3-47c8-b3e9-5b8e0493de45@group-2FABE92B7E5B-FollowerState was interrupted: java.lang.InterruptedException: sleep interrupted
2019-10-21 23:46:57,177 [b88b3e43-5534-49b3-b3f2-a9f154b450de@group-2FABE92B7E5B-LeaderElection279] INFO  impl.LeaderElection (LeaderElection.java:logAndReturn(56)) - b88b3e43-5534-49b3-b3f2-a9f154b450de@group-2FABE92B7E5B-LeaderElection279: Election REJECTED; received 2 response(s) [b88b3e43-5534-49b3-b3f2-a9f154b450de<-c58a0a02-acd3-47c8-b3e9-5b8e0493de45#0:FAIL-t293, b88b3e43-5534-49b3-b3f2-a9f154b450de<-1360619e-ba1e-4bf9-aec1-9f15b5480b27#0:FAIL-t293] and 0 exception(s); b88b3e43-5534-49b3-b3f2-a9f154b450de@group-2FABE92B7E5B:t293, leader=null, voted=b88b3e43-5534-49b3-b3f2-a9f154b450de, raftlog=b88b3e43-5534-49b3-b3f2-a9f154b450de@group-2FABE92B7E5B-SegmentedRaftLog:OPENED:c-1,f-1,i0, conf=-1: [c58a0a02-acd3-47c8-b3e9-5b8e0493de45:192.168.157.254:33611, 1360619e-ba1e-4bf9-aec1-9f15b5480b27:192.168.157.254:45658, b88b3e43-5534-49b3-b3f2-a9f154b450de:192.168.157.254:46786], old=null
2019-10-21 23:46:57,178 [b88b3e43-5534-49b3-b3f2-a9f154b450de@group-2FABE92B7E5B-LeaderElection279] INFO  impl.RaftServerImpl (RaftServerImpl.java:setRole(184)) - b88b3e43-5534-49b3-b3f2-a9f154b450de@group-2FABE92B7E5B: changes role from CANDIDATE to FOLLOWER at term 293 for DISCOVERED_A_NEW_TERM
2019-10-21 23:46:57,178 [b88b3e43-5534-49b3-b3f2-a9f154b450de@group-2FABE92B7E5B-LeaderElection279] INFO  impl.RoleInfo (RoleInfo.java:shutdownLeaderElection(134)) - b88b3e43-5534-49b3-b3f2-a9f154b450de: shutdown LeaderElection
2019-10-21 23:46:57,178 [b88b3e43-5534-49b3-b3f2-a9f154b450de@group-2FABE92B7E5B-LeaderElection279] INFO  impl.RoleInfo (RoleInfo.java:updateAndGet(143)) - b88b3e43-5534-49b3-b3f2-a9f154b450de: start FollowerState
2019-10-21 23:46:57,249 [Thread-2042] INFO  impl.FollowerState (FollowerState.java:run(108)) - b88b3e43-5534-49b3-b3f2-a9f154b450de@group-2FABE92B7E5B-FollowerState: change to CANDIDATE, lastRpcTime:71ms, electionTimeout:71ms
2019-10-21 23:46:57,249 [Thread-2042] INFO  impl.RoleInfo (RoleInfo.java:shutdownFollowerState(121)) - b88b3e43-5534-49b3-b3f2-a9f154b450de: shutdown FollowerState
2019-10-21 23:46:57,250 [Thread-2042] INFO  impl.RaftServerImpl (RaftServerImpl.java:setRole(184)) - b88b3e43-5534-49b3-b3f2-a9f154b450de@group-2FABE92B7E5B: changes role from  FOLLOWER to CANDIDATE at term 293 for changeToCandidate
2019-10-21 23:46:57,250 [Thread-2042] INFO  impl.RoleInfo (RoleInfo.java:updateAndGet(143)) - b88b3e43-5534-49b3-b3f2-a9f154b450de: start LeaderElection
2019-10-21 23:46:57,271 [b88b3e43-5534-49b3-b3f2-a9f154b450de@group-2FABE92B7E5B-LeaderElection280] INFO  impl.LeaderElection (LeaderElection.java:askForVotes(178)) - b88b3e43-5534-49b3-b3f2-a9f154b450de@group-2FABE92B7E5B-LeaderElection280: begin an election at term 294 for -1: [c58a0a02-acd3-47c8-b3e9-5b8e0493de45:192.168.157.254:33611, 1360619e-ba1e-4bf9-aec1-9f15b5480b27:192.168.157.254:45658, b88b3e43-5534-49b3-b3f2-a9f154b450de:192.168.157.254:46786], old=null
2019-10-21 23:46:57,273 [grpc-default-executor-2] INFO  impl.RaftServerImpl (RaftServerImpl.java:setRole(184)) - c58a0a02-acd3-47c8-b3e9-5b8e0493de45@group-2FABE92B7E5B: changes role from  FOLLOWER to FOLLOWER at term 294 for recognizeCandidate:b88b3e43-5534-49b3-b3f2-a9f154b450de
2019-10-21 23:46:57,273 [grpc-default-executor-1] INFO  impl.RaftServerImpl (RaftServerImpl.java:setRole(184)) - 1360619e-ba1e-4bf9-aec1-9f15b5480b27@group-2FABE92B7E5B: changes role from  FOLLOWER to FOLLOWER at term 294 for recognizeCandidate:b88b3e43-5534-49b3-b3f2-a9f154b450de
2019-10-21 23:46:57,273 [grpc-default-executor-1] INFO  impl.RoleInfo (RoleInfo.java:shutdownFollowerState(121)) - 1360619e-ba1e-4bf9-aec1-9f15b5480b27: shutdown FollowerState
2019-10-21 23:46:57,273 [grpc-default-executor-2] INFO  impl.RoleInfo (RoleInfo.java:shutdownFollowerState(121)) - c58a0a02-acd3-47c8-b3e9-5b8e0493de45: shutdown FollowerState
2019-10-21 23:46:57,274 [Thread-2038] INFO  impl.FollowerState (FollowerState.java:run(117)) - 1360619e-ba1e-4bf9-aec1-9f15b5480b27@group-2FABE92B7E5B-FollowerState was interrupted: java.lang.InterruptedException: sleep interrupted
2019-10-21 23:46:57,273 [grpc-default-executor-1] INFO  impl.RoleInfo (RoleInfo.java:updateAndGet(143)) - 1360619e-ba1e-4bf9-aec1-9f15b5480b27: start FollowerState
2019-10-21 23:46:57,274 [Thread-2040] INFO  impl.FollowerState (FollowerState.java:run(117)) - c58a0a02-acd3-47c8-b3e9-5b8e0493de45@group-2FABE92B7E5B-FollowerState was interrupted: java.lang.InterruptedException: sleep interrupted
2019-10-21 23:46:57,274 [grpc-default-executor-2] INFO  impl.RoleInfo (RoleInfo.java:updateAndGet(143)) - c58a0a02-acd3-47c8-b3e9-5b8e0493de45: start FollowerState
2019-10-21 23:46:57,288 [b88b3e43-5534-49b3-b3f2-a9f154b450de@group-2FABE92B7E5B-LeaderElection280] INFO  impl.LeaderElection (LeaderElection.java:logAndReturn(56)) - b88b3e43-5534-49b3-b3f2-a9f154b450de@group-2FABE92B7E5B-LeaderElection280: Election REJECTED; received 2 response(s) [b88b3e43-5534-49b3-b3f2-a9f154b450de<-c58a0a02-acd3-47c8-b3e9-5b8e0493de45#0:FAIL-t294, b88b3e43-5534-49b3-b3f2-a9f154b450de<-1360619e-ba1e-4bf9-aec1-9f15b5480b27#0:FAIL-t294] and 0 exception(s); b88b3e43-5534-49b3-b3f2-a9f154b450de@group-2FABE92B7E5B:t294, leader=null, voted=b88b3e43-5534-49b3-b3f2-a9f154b450de, raftlog=b88b3e43-5534-49b3-b3f2-a9f154b450de@group-2FABE92B7E5B-SegmentedRaftLog:OPENED:c-1,f-1,i0, conf=-1: [c58a0a02-acd3-47c8-b3e9-5b8e0493de45:192.168.157.254:33611, 1360619e-ba1e-4bf9-aec1-9f15b5480b27:192.168.157.254:45658, b88b3e43-5534-49b3-b3f2-a9f154b450de:192.168.157.254:46786], old=null
2019-10-21 23:46:57,288 [b88b3e43-5534-49b3-b3f2-a9f154b450de@group-2FABE92B7E5B-LeaderElection280] INFO  impl.RaftServerImpl (RaftServerImpl.java:setRole(184)) - b88b3e43-5534-49b3-b3f2-a9f154b450de@group-2FABE92B7E5B: changes role from CANDIDATE to FOLLOWER at term 294 for DISCOVERED_A_NEW_TERM
2019-10-21 23:46:57,288 [b88b3e43-5534-49b3-b3f2-a9f154b450de@group-2FABE92B7E5B-LeaderElection280] INFO  impl.RoleInfo (RoleInfo.java:shutdownLeaderElection(134)) - b88b3e43-5534-49b3-b3f2-a9f154b450de: shutdown LeaderElection
2019-10-21 23:46:57,288 [b88b3e43-5534-49b3-b3f2-a9f154b450de@group-2FABE92B7E5B-LeaderElection280] INFO  impl.RoleInfo (RoleInfo.java:updateAndGet(143)) - b88b3e43-5534-49b3-b3f2-a9f154b450de: start FollowerState
2019-10-21 23:46:57,387 [Thread-2048] INFO  impl.FollowerState (FollowerState.java:run(108)) - b88b3e43-5534-49b3-b3f2-a9f154b450de@group-2FABE92B7E5B-FollowerState: change to CANDIDATE, lastRpcTime:98ms, electionTimeout:98ms
2019-10-21 23:46:57,387 [Thread-2048] INFO  impl.RoleInfo (RoleInfo.java:shutdownFollowerState(121)) - b88b3e43-5534-49b3-b3f2-a9f154b450de: shutdown FollowerState
2019-10-21 23:46:57,387 [Thread-2048] INFO  impl.RaftServerImpl (RaftServerImpl.java:setRole(184)) - b88b3e43-5534-49b3-b3f2-a9f154b450de@group-2FABE92B7E5B: changes role from  FOLLOWER to CANDIDATE at term 294 for changeToCandidate
2019-10-21 23:46:57,387 [Thread-2048] INFO  impl.RoleInfo (RoleInfo.java:updateAndGet(143)) - b88b3e43-5534-49b3-b3f2-a9f154b450de: start LeaderElection
2019-10-21 23:46:57,413 [b88b3e43-5534-49b3-b3f2-a9f154b450de@group-2FABE92B7E5B-LeaderElection281] INFO  impl.LeaderElection (LeaderElection.java:askForVotes(178)) - b88b3e43-5534-49b3-b3f2-a9f154b450de@group-2FABE92B7E5B-LeaderElection281: begin an election at term 295 for -1: [c58a0a02-acd3-47c8-b3e9-5b8e0493de45:192.168.157.254:33611, 1360619e-ba1e-4bf9-aec1-9f15b5480b27:192.168.157.254:45658, b88b3e43-5534-49b3-b3f2-a9f154b450de:192.168.157.254:46786], old=null
2019-10-21 23:46:57,416 [grpc-default-executor-2] INFO  impl.RaftServerImpl (RaftServerImpl.java:setRole(184)) - c58a0a02-acd3-47c8-b3e9-5b8e0493de45@group-2FABE92B7E5B: changes role from  FOLLOWER to FOLLOWER at term 295 for recognizeCandidate:b88b3e43-5534-49b3-b3f2-a9f154b450de
2019-10-21 23:46:57,416 [grpc-default-executor-1] INFO  impl.RaftServerImpl (RaftServerImpl.java:setRole(184)) - 1360619e-ba1e-4bf9-aec1-9f15b5480b27@group-2FABE92B7E5B: changes role from  FOLLOWER to FOLLOWER at term 295 for recognizeCandidate:b88b3e43-5534-49b3-b3f2-a9f154b450de
2019-10-21 23:46:57,416 [grpc-default-executor-2] INFO  impl.RoleInfo (RoleInfo.java:shutdownFollowerState(121)) - c58a0a02-acd3-47c8-b3e9-5b8e0493de45: shutdown FollowerState
2019-10-21 23:46:57,416 [grpc-default-executor-1] INFO  impl.RoleInfo (RoleInfo.java:shutdownFollowerState(121)) - 1360619e-ba1e-4bf9-aec1-9f15b5480b27: shutdown FollowerState
2019-10-21 23:46:57,417 [Thread-2047] INFO  impl.FollowerState (FollowerState.java:run(117)) - c58a0a02-acd3-47c8-b3e9-5b8e0493de45@group-2FABE92B7E5B-FollowerState was interrupted: java.lang.InterruptedException: sleep interrupted
2019-10-21 23:46:57,417 [Thread-2046] INFO  impl.FollowerState (FollowerState.java:run(117)) - 1360619e-ba1e-4bf9-aec1-9f15b5480b27@group-2FABE92B7E5B-FollowerState was interrupted: java.lang.InterruptedException: sleep interrupted
2019-10-21 23:46:57,417 [grpc-default-executor-2] INFO  impl.RoleInfo (RoleInfo.java:updateAndGet(143)) - c58a0a02-acd3-47c8-b3e9-5b8e0493de45: start FollowerState
2019-10-21 23:46:57,417 [grpc-default-executor-1] INFO  impl.RoleInfo (RoleInfo.java:updateAndGet(143)) - 1360619e-ba1e-4bf9-aec1-9f15b5480b27: start FollowerState
2019-10-21 23:46:57,452 [b88b3e43-5534-49b3-b3f2-a9f154b450de@group-2FABE92B7E5B-LeaderElection281] INFO  impl.LeaderElection (LeaderElection.java:logAndReturn(56)) - b88b3e43-5534-49b3-b3f2-a9f154b450de@group-2FABE92B7E5B-LeaderElection281: Election REJECTED; received 2 response(s) [b88b3e43-5534-49b3-b3f2-a9f154b450de<-c58a0a02-acd3-47c8-b3e9-5b8e0493de45#0:FAIL-t295, b88b3e43-5534-49b3-b3f2-a9f154b450de<-1360619e-ba1e-4bf9-aec1-9f15b5480b27#0:FAIL-t295] and 0 exception(s); b88b3e43-5534-49b3-b3f2-a9f154b450de@group-2FABE92B7E5B:t295, leader=null, voted=b88b3e43-5534-49b3-b3f2-a9f154b450de, raftlog=b88b3e43-5534-49b3-b3f2-a9f154b450de@group-2FABE92B7E5B-SegmentedRaftLog:OPENED:c-1,f-1,i0, conf=-1: [c58a0a02-acd3-47c8-b3e9-5b8e0493de45:192.168.157.254:33611, 1360619e-ba1e-4bf9-aec1-9f15b5480b27:192.168.157.254:45658, b88b3e43-5534-49b3-b3f2-a9f154b450de:192.168.157.254:46786], old=null
2019-10-21 23:46:57,453 [b88b3e43-5534-49b3-b3f2-a9f154b450de@group-2FABE92B7E5B-LeaderElection281] INFO  impl.RaftServerImpl (RaftServerImpl.java:setRole(184)) - b88b3e43-5534-49b3-b3f2-a9f154b450de@group-2FABE92B7E5B: changes role from CANDIDATE to FOLLOWER at term 295 for DISCOVERED_A_NEW_TERM
2019-10-21 23:46:57,453 [b88b3e43-5534-49b3-b3f2-a9f154b450de@group-2FABE92B7E5B-LeaderElection281] INFO  impl.RoleInfo (RoleInfo.java:shutdownLeaderElection(134)) - b88b3e43-5534-49b3-b3f2-a9f154b450de: shutdown LeaderElection
2019-10-21 23:46:57,453 [b88b3e43-5534-49b3-b3f2-a9f154b450de@group-2FABE92B7E5B-LeaderElection281] INFO  impl.RoleInfo (RoleInfo.java:updateAndGet(143)) - b88b3e43-5534-49b3-b3f2-a9f154b450de: start FollowerState
2019-10-21 23:46:57,611 [Thread-2054] INFO  impl.FollowerState (FollowerState.java:run(108)) - b88b3e43-5534-49b3-b3f2-a9f154b450de@group-2FABE92B7E5B-FollowerState: change to CANDIDATE, lastRpcTime:158ms, electionTimeout:158ms
2019-10-21 23:46:57,611 [Thread-2054] INFO  impl.RoleInfo (RoleInfo.java:shutdownFollowerState(121)) - b88b3e43-5534-49b3-b3f2-a9f154b450de: shutdown FollowerState
2019-10-21 23:46:57,612 [Thread-2054] INFO  impl.RaftServerImpl (RaftServerImpl.java:setRole(184)) - b88b3e43-5534-49b3-b3f2-a9f154b450de@group-2FABE92B7E5B: changes role from  FOLLOWER to CANDIDATE at term 295 for changeToCandidate
2019-10-21 23:46:57,612 [Thread-2054] INFO  impl.RoleInfo (RoleInfo.java:updateAndGet(143)) - b88b3e43-5534-49b3-b3f2-a9f154b450de: start LeaderElection
2019-10-21 23:46:57,625 [b88b3e43-5534-49b3-b3f2-a9f154b450de@group-2FABE92B7E5B-LeaderElection282] INFO  impl.LeaderElection (LeaderElection.java:askForVotes(178)) - b88b3e43-5534-49b3-b3f2-a9f154b450de@group-2FABE92B7E5B-LeaderElection282: begin an election at term 296 for -1: [c58a0a02-acd3-47c8-b3e9-5b8e0493de45:192.168.157.254:33611, 1360619e-ba1e-4bf9-aec1-9f15b5480b27:192.168.157.254:45658, b88b3e43-5534-49b3-b3f2-a9f154b450de:192.168.157.254:46786], old=null
2019-10-21 23:46:57,627 [grpc-default-executor-2] INFO  impl.RaftServerImpl (RaftServerImpl.java:setRole(184)) - c58a0a02-acd3-47c8-b3e9-5b8e0493de45@group-2FABE92B7E5B: changes role from  FOLLOWER to FOLLOWER at term 296 for recognizeCandidate:b88b3e43-5534-49b3-b3f2-a9f154b450de
2019-10-21 23:46:57,628 [grpc-default-executor-2] INFO  impl.RoleInfo (RoleInfo.java:shutdownFollowerState(121)) - c58a0a02-acd3-47c8-b3e9-5b8e0493de45: shutdown FollowerState
2019-10-21 23:46:57,628 [grpc-default-executor-1] INFO  impl.RaftServerImpl (RaftServerImpl.java:setRole(184)) - 1360619e-ba1e-4bf9-aec1-9f15b5480b27@group-2FABE92B7E5B: changes role from  FOLLOWER to FOLLOWER at term 296 for recognizeCandidate:b88b3e43-5534-49b3-b3f2-a9f154b450de
2019-10-21 23:46:57,628 [grpc-default-executor-1] INFO  impl.RoleInfo (RoleInfo.java:shutdownFollowerState(121)) - 1360619e-ba1e-4bf9-aec1-9f15b5480b27: shutdown FollowerState
2019-10-21 23:46:57,628 [Thread-2052] INFO  impl.FollowerState (FollowerState.java:run(117)) - c58a0a02-acd3-47c8-b3e9-5b8e0493de45@group-2FABE92B7E5B-FollowerState was interrupted: java.lang.InterruptedException: sleep interrupted
2019-10-21 23:46:57,628 [grpc-default-executor-2] INFO  impl.RoleInfo (RoleInfo.java:updateAndGet(143)) - c58a0a02-acd3-47c8-b3e9-5b8e0493de45: start FollowerState
2019-10-21 23:46:57,628 [Thread-2053] INFO  impl.FollowerState (FollowerState.java:run(117)) - 1360619e-ba1e-4bf9-aec1-9f15b5480b27@group-2FABE92B7E5B-FollowerState was interrupted: java.lang.InterruptedException: sleep interrupted
2019-10-21 23:46:57,628 [grpc-default-executor-1] INFO  impl.RoleInfo (RoleInfo.java:updateAndGet(143)) - 1360619e-ba1e-4bf9-aec1-9f15b5480b27: start FollowerState
2019-10-21 23:46:57,639 [b88b3e43-5534-49b3-b3f2-a9f154b450de@group-2FABE92B7E5B-LeaderElection282] INFO  impl.LeaderElection (LeaderElection.java:logAndReturn(56)) - b88b3e43-5534-49b3-b3f2-a9f154b450de@group-2FABE92B7E5B-LeaderElection282: Election REJECTED; received 2 response(s) [b88b3e43-5534-49b3-b3f2-a9f154b450de<-c58a0a02-acd3-47c8-b3e9-5b8e0493de45#0:FAIL-t296, b88b3e43-5534-49b3-b3f2-a9f154b450de<-1360619e-ba1e-4bf9-aec1-9f15b5480b27#0:FAIL-t296] and 0 exception(s); b88b3e43-5534-49b3-b3f2-a9f154b450de@group-2FABE92B7E5B:t296, leader=null, voted=b88b3e43-5534-49b3-b3f2-a9f154b450de, raftlog=b88b3e43-5534-49b3-b3f2-a9f154b450de@group-2FABE92B7E5B-SegmentedRaftLog:OPENED:c-1,f-1,i0, conf=-1: [c58a0a02-acd3-47c8-b3e9-5b8e0493de45:192.168.157.254:33611, 1360619e-ba1e-4bf9-aec1-9f15b5480b27:192.168.157.254:45658, b88b3e43-5534-49b3-b3f2-a9f154b450de:192.168.157.254:46786], old=null
2019-10-21 23:46:57,639 [b88b3e43-5534-49b3-b3f2-a9f154b450de@group-2FABE92B7E5B-LeaderElection282] INFO  impl.RaftServerImpl (RaftServerImpl.java:setRole(184)) - b88b3e43-5534-49b3-b3f2-a9f154b450de@group-2FABE92B7E5B: changes role from CANDIDATE to FOLLOWER at term 296 for DISCOVERED_A_NEW_TERM
2019-10-21 23:46:57,639 [b88b3e43-5534-49b3-b3f2-a9f154b450de@group-2FABE92B7E5B-LeaderElection282] INFO  impl.RoleInfo (RoleInfo.java:shutdownLeaderElection(134)) - b88b3e43-5534-49b3-b3f2-a9f154b450de: shutdown LeaderElection
2019-10-21 23:46:57,640 [b88b3e43-5534-49b3-b3f2-a9f154b450de@group-2FABE92B7E5B-LeaderElection282] INFO  impl.RoleInfo (RoleInfo.java:updateAndGet(143)) - b88b3e43-5534-49b3-b3f2-a9f154b450de: start FollowerState
2019-10-21 23:46:57,765 [Thread-2060] INFO  impl.FollowerState (FollowerState.java:run(108)) - b88b3e43-5534-49b3-b3f2-a9f154b450de@group-2FABE92B7E5B-FollowerState: change to CANDIDATE, lastRpcTime:125ms, electionTimeout:125ms
2019-10-21 23:46:57,765 [Thread-2060] INFO  impl.RoleInfo (RoleInfo.java:shutdownFollowerState(121)) - b88b3e43-5534-49b3-b3f2-a9f154b450de: shutdown FollowerState
2019-10-21 23:46:57,765 [Thread-2060] INFO  impl.RaftServerImpl (RaftServerImpl.java:setRole(184)) - b88b3e43-5534-49b3-b3f2-a9f154b450de@group-2FABE92B7E5B: changes role from  FOLLOWER to CANDIDATE at term 296 for changeToCandidate
2019-10-21 23:46:57,765 [Thread-2060] INFO  impl.RoleInfo (RoleInfo.java:updateAndGet(143)) - b88b3e43-5534-49b3-b3f2-a9f154b450de: start LeaderElection
2019-10-21 23:46:57,779 [b88b3e43-5534-49b3-b3f2-a9f154b450de@group-2FABE92B7E5B-LeaderElection283] INFO  impl.LeaderElection (LeaderElection.java:askForVotes(178)) - b88b3e43-5534-49b3-b3f2-a9f154b450de@group-2FABE92B7E5B-LeaderElection283: begin an election at term 297 for -1: [c58a0a02-acd3-47c8-b3e9-5b8e0493de45:192.168.157.254:33611, 1360619e-ba1e-4bf9-aec1-9f15b5480b27:192.168.157.254:45658, b88b3e43-5534-49b3-b3f2-a9f154b450de:192.168.157.254:46786], old=null
2019-10-21 23:46:57,781 [grpc-default-executor-1] INFO  impl.RaftServerImpl (RaftServerImpl.java:setRole(184)) - 1360619e-ba1e-4bf9-aec1-9f15b5480b27@group-2FABE92B7E5B: changes role from  FOLLOWER to FOLLOWER at term 297 for recognizeCandidate:b88b3e43-5534-49b3-b3f2-a9f154b450de
2019-10-21 23:46:57,781 [grpc-default-executor-2] INFO  impl.RaftServerImpl (RaftServerImpl.java:setRole(184)) - c58a0a02-acd3-47c8-b3e9-5b8e0493de45@group-2FABE92B7E5B: changes role from  FOLLOWER to FOLLOWER at term 297 for recognizeCandidate:b88b3e43-5534-49b3-b3f2-a9f154b450de
2019-10-21 23:46:57,781 [grpc-default-executor-1] INFO  impl.RoleInfo (RoleInfo.java:shutdownFollowerState(121)) - 1360619e-ba1e-4bf9-aec1-9f15b5480b27: shutdown FollowerState
2019-10-21 23:46:57,782 [grpc-default-executor-2] INFO  impl.RoleInfo (RoleInfo.java:shutdownFollowerState(121)) - c58a0a02-acd3-47c8-b3e9-5b8e0493de45: shutdown FollowerState
2019-10-21 23:46:57,782 [Thread-2059] INFO  impl.FollowerState (FollowerState.java:run(117)) - 1360619e-ba1e-4bf9-aec1-9f15b5480b27@group-2FABE92B7E5B-FollowerState was interrupted: java.lang.InterruptedException: sleep interrupted
2019-10-21 23:46:57,782 [grpc-default-executor-1] INFO  impl.RoleInfo (RoleInfo.java:updateAndGet(143)) - 1360619e-ba1e-4bf9-aec1-9f15b5480b27: start FollowerState
2019-10-21 23:46:57,782 [grpc-default-executor-2] INFO  impl.RoleInfo (RoleInfo.java:updateAndGet(143)) - c58a0a02-acd3-47c8-b3e9-5b8e0493de45: start FollowerState
2019-10-21 23:46:57,782 [Thread-2058] INFO  impl.FollowerState (FollowerState.java:run(117)) - c58a0a02-acd3-47c8-b3e9-5b8e0493de45@group-2FABE92B7E5B-FollowerState was interrupted: java.lang.InterruptedException: sleep interrupted
2019-10-21 23:46:57,796 [b88b3e43-5534-49b3-b3f2-a9f154b450de@group-2FABE92B7E5B-LeaderElection283] INFO  impl.LeaderElection (LeaderElection.java:logAndReturn(56)) - b88b3e43-5534-49b3-b3f2-a9f154b450de@group-2FABE92B7E5B-LeaderElection283: Election REJECTED; received 2 response(s) [b88b3e43-5534-49b3-b3f2-a9f154b450de<-c58a0a02-acd3-47c8-b3e9-5b8e0493de45#0:FAIL-t297, b88b3e43-5534-49b3-b3f2-a9f154b450de<-1360619e-ba1e-4bf9-aec1-9f15b5480b27#0:FAIL-t297] and 0 exception(s); b88b3e43-5534-49b3-b3f2-a9f154b450de@group-2FABE92B7E5B:t297, leader=null, voted=b88b3e43-5534-49b3-b3f2-a9f154b450de, raftlog=b88b3e43-5534-49b3-b3f2-a9f154b450de@group-2FABE92B7E5B-SegmentedRaftLog:OPENED:c-1,f-1,i0, conf=-1: [c58a0a02-acd3-47c8-b3e9-5b8e0493de45:192.168.157.254:33611, 1360619e-ba1e-4bf9-aec1-9f15b5480b27:192.168.157.254:45658, b88b3e43-5534-49b3-b3f2-a9f154b450de:192.168.157.254:46786], old=null
2019-10-21 23:46:57,796 [b88b3e43-5534-49b3-b3f2-a9f154b450de@group-2FABE92B7E5B-LeaderElection283] INFO  impl.RaftServerImpl (RaftServerImpl.java:setRole(184)) - b88b3e43-5534-49b3-b3f2-a9f154b450de@group-2FABE92B7E5B: changes role from CANDIDATE to FOLLOWER at term 297 for DISCOVERED_A_NEW_TERM
2019-10-21 23:46:57,797 [b88b3e43-5534-49b3-b3f2-a9f154b450de@group-2FABE92B7E5B-LeaderElection283] INFO  impl.RoleInfo (RoleInfo.java:shutdownLeaderElection(134)) - b88b3e43-5534-49b3-b3f2-a9f154b450de: shutdown LeaderElection
2019-10-21 23:46:57,797 [b88b3e43-5534-49b3-b3f2-a9f154b450de@group-2FABE92B7E5B-LeaderElection283] INFO  impl.RoleInfo (RoleInfo.java:updateAndGet(143)) - b88b3e43-5534-49b3-b3f2-a9f154b450de: start FollowerState
2019-10-21 23:46:57,831 [Thread-2066] INFO  impl.FollowerState (FollowerState.java:run(108)) - b88b3e43-5534-49b3-b3f2-a9f154b450de@group-2FABE92B7E5B-FollowerState: change to CANDIDATE, lastRpcTime:34ms, electionTimeout:34ms
2019-10-21 23:46:57,831 [Thread-2066] INFO  impl.RoleInfo (RoleInfo.java:shutdownFollowerState(121)) - b88b3e43-5534-49b3-b3f2-a9f154b450de: shutdown FollowerState
2019-10-21 23:46:57,831 [Thread-2066] INFO  impl.RaftServerImpl (RaftServerImpl.java:setRole(184)) - b88b3e43-5534-49b3-b3f2-a9f154b450de@group-2FABE92B7E5B: changes role from  FOLLOWER to CANDIDATE at term 297 for changeToCandidate
2019-10-21 23:46:57,831 [Thread-2066] INFO  impl.RoleInfo (RoleInfo.java:updateAndGet(143)) - b88b3e43-5534-49b3-b3f2-a9f154b450de: start LeaderElection
2019-10-21 23:46:57,856 [b88b3e43-5534-49b3-b3f2-a9f154b450de@group-2FABE92B7E5B-LeaderElection284] INFO  impl.LeaderElection (LeaderElection.java:askForVotes(178)) - b88b3e43-5534-49b3-b3f2-a9f154b450de@group-2FABE92B7E5B-LeaderElection284: begin an election at term 298 for -1: [c58a0a02-acd3-47c8-b3e9-5b8e0493de45:192.168.157.254:33611, 1360619e-ba1e-4bf9-aec1-9f15b5480b27:192.168.157.254:45658, b88b3e43-5534-49b3-b3f2-a9f154b450de:192.168.157.254:46786], old=null
2019-10-21 23:46:57,858 [grpc-default-executor-1] INFO  impl.RaftServerImpl (RaftServerImpl.java:setRole(184)) - c58a0a02-acd3-47c8-b3e9-5b8e0493de45@group-2FABE92B7E5B: changes role from  FOLLOWER to FOLLOWER at term 298 for recognizeCandidate:b88b3e43-5534-49b3-b3f2-a9f154b450de
2019-10-21 23:46:57,858 [grpc-default-executor-1] INFO  impl.RoleInfo (RoleInfo.java:shutdownFollowerState(121)) - c58a0a02-acd3-47c8-b3e9-5b8e0493de45: shutdown FollowerState
2019-10-21 23:46:57,858 [grpc-default-executor-2] INFO  impl.RaftServerImpl (RaftServerImpl.java:setRole(184)) - 1360619e-ba1e-4bf9-aec1-9f15b5480b27@group-2FABE92B7E5B: changes role from  FOLLOWER to FOLLOWER at term 298 for recognizeCandidate:b88b3e43-5534-49b3-b3f2-a9f154b450de
2019-10-21 23:46:57,858 [Thread-2065] INFO  impl.FollowerState (FollowerState.java:run(117)) - c58a0a02-acd3-47c8-b3e9-5b8e0493de45@group-2FABE92B7E5B-FollowerState was interrupted: java.lang.InterruptedException: sleep interrupted
2019-10-21 23:46:57,858 [grpc-default-executor-1] INFO  impl.RoleInfo (RoleInfo.java:updateAndGet(143)) - c58a0a02-acd3-47c8-b3e9-5b8e0493de45: start FollowerState
2019-10-21 23:46:57,858 [grpc-default-executor-2] INFO  impl.RoleInfo (RoleInfo.java:shutdownFollowerState(121)) - 1360619e-ba1e-4bf9-aec1-9f15b5480b27: shutdown FollowerState
2019-10-21 23:46:57,859 [grpc-default-executor-2] INFO  impl.RoleInfo (RoleInfo.java:updateAndGet(143)) - 1360619e-ba1e-4bf9-aec1-9f15b5480b27: start FollowerState
2019-10-21 23:46:57,859 [Thread-2064] INFO  impl.FollowerState (FollowerState.java:run(117)) - 1360619e-ba1e-4bf9-aec1-9f15b5480b27@group-2FABE92B7E5B-FollowerState was interrupted: java.lang.InterruptedException: sleep interrupted
2019-10-21 23:46:57,864 [b88b3e43-5534-49b3-b3f2-a9f154b450de@group-2FABE92B7E5B-LeaderElection284] INFO  impl.LeaderElection (LeaderElection.java:logAndReturn(56)) - b88b3e43-5534-49b3-b3f2-a9f154b450de@group-2FABE92B7E5B-LeaderElection284: Election TIMEOUT; received 0 response(s) [] and 0 exception(s); b88b3e43-5534-49b3-b3f2-a9f154b450de@group-2FABE92B7E5B:t298, leader=null, voted=b88b3e43-5534-49b3-b3f2-a9f154b450de, raftlog=b88b3e43-5534-49b3-b3f2-a9f154b450de@group-2FABE92B7E5B-SegmentedRaftLog:OPENED:c-1,f-1,i0, conf=-1: [c58a0a02-acd3-47c8-b3e9-5b8e0493de45:192.168.157.254:33611, 1360619e-ba1e-4bf9-aec1-9f15b5480b27:192.168.157.254:45658, b88b3e43-5534-49b3-b3f2-a9f154b450de:192.168.157.254:46786], old=null
2019-10-21 23:46:57,871 [b88b3e43-5534-49b3-b3f2-a9f154b450de@group-2FABE92B7E5B-LeaderElection284] INFO  impl.LeaderElection (LeaderElection.java:askForVotes(178)) - b88b3e43-5534-49b3-b3f2-a9f154b450de@group-2FABE92B7E5B-LeaderElection284: begin an election at term 299 for -1: [c58a0a02-acd3-47c8-b3e9-5b8e0493de45:192.168.157.254:33611, 1360619e-ba1e-4bf9-aec1-9f15b5480b27:192.168.157.254:45658, b88b3e43-5534-49b3-b3f2-a9f154b450de:192.168.157.254:46786], old=null
2019-10-21 23:46:57,873 [grpc-default-executor-1] INFO  impl.RaftServerImpl (RaftServerImpl.java:setRole(184)) - c58a0a02-acd3-47c8-b3e9-5b8e0493de45@group-2FABE92B7E5B: changes role from  FOLLOWER to FOLLOWER at term 299 for recognizeCandidate:b88b3e43-5534-49b3-b3f2-a9f154b450de
2019-10-21 23:46:57,873 [grpc-default-executor-1] INFO  impl.RoleInfo (RoleInfo.java:shutdownFollowerState(121)) - c58a0a02-acd3-47c8-b3e9-5b8e0493de45: shutdown FollowerState
2019-10-21 23:46:57,873 [grpc-default-executor-1] INFO  impl.RoleInfo (RoleInfo.java:updateAndGet(143)) - c58a0a02-acd3-47c8-b3e9-5b8e0493de45: start FollowerState
2019-10-21 23:46:57,873 [grpc-default-executor-2] INFO  impl.RaftServerImpl (RaftServerImpl.java:setRole(184)) - 1360619e-ba1e-4bf9-aec1-9f15b5480b27@group-2FABE92B7E5B: changes role from  FOLLOWER to FOLLOWER at term 299 for recognizeCandidate:b88b3e43-5534-49b3-b3f2-a9f154b450de
2019-10-21 23:46:57,873 [grpc-default-executor-2] INFO  impl.RoleInfo (RoleInfo.java:shutdownFollowerState(121)) - 1360619e-ba1e-4bf9-aec1-9f15b5480b27: shutdown FollowerState
2019-10-21 23:46:57,873 [Thread-2070] INFO  impl.FollowerState (FollowerState.java:run(117)) - c58a0a02-acd3-47c8-b3e9-5b8e0493de45@group-2FABE92B7E5B-FollowerState was interrupted: java.lang.InterruptedException: sleep interrupted
2019-10-21 23:46:57,874 [grpc-default-executor-2] INFO  impl.RoleInfo (RoleInfo.java:updateAndGet(143)) - 1360619e-ba1e-4bf9-aec1-9f15b5480b27: start FollowerState
2019-10-21 23:46:57,874 [Thread-2071] INFO  impl.FollowerState (FollowerState.java:run(117)) - 1360619e-ba1e-4bf9-aec1-9f15b5480b27@group-2FABE92B7E5B-FollowerState was interrupted: java.lang.InterruptedException: sleep interrupted
2019-10-21 23:46:57,887 [b88b3e43-5534-49b3-b3f2-a9f154b450de@group-2FABE92B7E5B-LeaderElection284] INFO  impl.LeaderElection (LeaderElection.java:logAndReturn(56)) - b88b3e43-5534-49b3-b3f2-a9f154b450de@group-2FABE92B7E5B-LeaderElection284: Election REJECTED; received 2 response(s) [b88b3e43-5534-49b3-b3f2-a9f154b450de<-c58a0a02-acd3-47c8-b3e9-5b8e0493de45#0:FAIL-t299, b88b3e43-5534-49b3-b3f2-a9f154b450de<-1360619e-ba1e-4bf9-aec1-9f15b5480b27#0:FAIL-t299] and 0 exception(s); b88b3e43-5534-49b3-b3f2-a9f154b450de@group-2FABE92B7E5B:t299, leader=null, voted=b88b3e43-5534-49b3-b3f2-a9f154b450de, raftlog=b88b3e43-5534-49b3-b3f2-a9f154b450de@group-2FABE92B7E5B-SegmentedRaftLog:OPENED:c-1,f-1,i0, conf=-1: [c58a0a02-acd3-47c8-b3e9-5b8e0493de45:192.168.157.254:33611, 1360619e-ba1e-4bf9-aec1-9f15b5480b27:192.168.157.254:45658, b88b3e43-5534-49b3-b3f2-a9f154b450de:192.168.157.254:46786], old=null
2019-10-21 23:46:57,887 [b88b3e43-5534-49b3-b3f2-a9f154b450de@group-2FABE92B7E5B-LeaderElection284] INFO  impl.RaftServerImpl (RaftServerImpl.java:setRole(184)) - b88b3e43-5534-49b3-b3f2-a9f154b450de@group-2FABE92B7E5B: changes role from CANDIDATE to FOLLOWER at term 299 for DISCOVERED_A_NEW_TERM
2019-10-21 23:46:57,887 [b88b3e43-5534-49b3-b3f2-a9f154b450de@group-2FABE92B7E5B-LeaderElection284] INFO  impl.RoleInfo (RoleInfo.java:shutdownLeaderElection(134)) - b88b3e43-5534-49b3-b3f2-a9f154b450de: shutdown LeaderElection
2019-10-21 23:46:57,888 [b88b3e43-5534-49b3-b3f2-a9f154b450de@group-2FABE92B7E5B-LeaderElection284] INFO  impl.RoleInfo (RoleInfo.java:updateAndGet(143)) - b88b3e43-5534-49b3-b3f2-a9f154b450de: start FollowerState
2019-10-21 23:46:58,058 [Thread-2076] INFO  impl.FollowerState (FollowerState.java:run(108)) - b88b3e43-5534-49b3-b3f2-a9f154b450de@group-2FABE92B7E5B-FollowerState: change to CANDIDATE, lastRpcTime:170ms, electionTimeout:170ms
2019-10-21 23:46:58,058 [Thread-2076] INFO  impl.RoleInfo (RoleInfo.java:shutdownFollowerState(121)) - b88b3e43-5534-49b3-b3f2-a9f154b450de: shutdown FollowerState
2019-10-21 23:46:58,058 [Thread-2076] INFO  impl.RaftServerImpl (RaftServerImpl.java:setRole(184)) - b88b3e43-5534-49b3-b3f2-a9f154b450de@group-2FABE92B7E5B: changes role from  FOLLOWER to CANDIDATE at term 299 for changeToCandidate
2019-10-21 23:46:58,058 [Thread-2076] INFO  impl.RoleInfo (RoleInfo.java:updateAndGet(143)) - b88b3e43-5534-49b3-b3f2-a9f154b450de: start LeaderElection
2019-10-21 23:46:58,072 [b88b3e43-5534-49b3-b3f2-a9f154b450de@group-2FABE92B7E5B-LeaderElection285] INFO  impl.LeaderElection (LeaderElection.java:askForVotes(178)) - b88b3e43-5534-49b3-b3f2-a9f154b450de@group-2FABE92B7E5B-LeaderElection285: begin an election at term 300 for -1: [c58a0a02-acd3-47c8-b3e9-5b8e0493de45:192.168.157.254:33611, 1360619e-ba1e-4bf9-aec1-9f15b5480b27:192.168.157.254:45658, b88b3e43-5534-49b3-b3f2-a9f154b450de:192.168.157.254:46786], old=null
2019-10-21 23:46:58,075 [grpc-default-executor-2] INFO  impl.RaftServerImpl (RaftServerImpl.java:setRole(184)) - 1360619e-ba1e-4bf9-aec1-9f15b5480b27@group-2FABE92B7E5B: changes role from  FOLLOWER to FOLLOWER at term 300 for recognizeCandidate:b88b3e43-5534-49b3-b3f2-a9f154b450de
2019-10-21 23:46:58,075 [grpc-default-executor-1] INFO  impl.RaftServerImpl (RaftServerImpl.java:setRole(184)) - c58a0a02-acd3-47c8-b3e9-5b8e0493de45@group-2FABE92B7E5B: changes role from  FOLLOWER to FOLLOWER at term 300 for recognizeCandidate:b88b3e43-5534-49b3-b3f2-a9f154b450de
2019-10-21 23:46:58,075 [grpc-default-executor-2] INFO  impl.RoleInfo (RoleInfo.java:shutdownFollowerState(121)) - 1360619e-ba1e-4bf9-aec1-9f15b5480b27: shutdown FollowerState
2019-10-21 23:46:58,075 [grpc-default-executor-1] INFO  impl.RoleInfo (RoleInfo.java:shutdownFollowerState(121)) - c58a0a02-acd3-47c8-b3e9-5b8e0493de45: shutdown FollowerState
2019-10-21 23:46:58,075 [Thread-2075] INFO  impl.FollowerState (FollowerState.java:run(117)) - 1360619e-ba1e-4bf9-aec1-9f15b5480b27@group-2FABE92B7E5B-FollowerState was interrupted: java.lang.InterruptedException: sleep interrupted
2019-10-21 23:46:58,075 [grpc-default-executor-2] INFO  impl.RoleInfo (RoleInfo.java:updateAndGet(143)) - 1360619e-ba1e-4bf9-aec1-9f15b5480b27: start FollowerState
2019-10-21 23:46:58,075 [Thread-2074] INFO  impl.FollowerState (FollowerState.java:run(117)) - c58a0a02-acd3-47c8-b3e9-5b8e0493de45@group-2FABE92B7E5B-FollowerState was interrupted: java.lang.InterruptedException: sleep interrupted
2019-10-21 23:46:58,075 [grpc-default-executor-1] INFO  impl.RoleInfo (RoleInfo.java:updateAndGet(143)) - c58a0a02-acd3-47c8-b3e9-5b8e0493de45: start FollowerState
2019-10-21 23:46:58,129 [b88b3e43-5534-49b3-b3f2-a9f154b450de@group-2FABE92B7E5B-LeaderElection285] INFO  impl.LeaderElection (LeaderElection.java:logAndReturn(56)) - b88b3e43-5534-49b3-b3f2-a9f154b450de@group-2FABE92B7E5B-LeaderElection285: Election REJECTED; received 2 response(s) [b88b3e43-5534-49b3-b3f2-a9f154b450de<-c58a0a02-acd3-47c8-b3e9-5b8e0493de45#0:FAIL-t300, b88b3e43-5534-49b3-b3f2-a9f154b450de<-1360619e-ba1e-4bf9-aec1-9f15b5480b27#0:FAIL-t300] and 0 exception(s); b88b3e43-5534-49b3-b3f2-a9f154b450de@group-2FABE92B7E5B:t300, leader=null, voted=b88b3e43-5534-49b3-b3f2-a9f154b450de, raftlog=b88b3e43-5534-49b3-b3f2-a9f154b450de@group-2FABE92B7E5B-SegmentedRaftLog:OPENED:c-1,f-1,i0, conf=-1: [c58a0a02-acd3-47c8-b3e9-5b8e0493de45:192.168.157.254:33611, 1360619e-ba1e-4bf9-aec1-9f15b5480b27:192.168.157.254:45658, b88b3e43-5534-49b3-b3f2-a9f154b450de:192.168.157.254:46786], old=null
2019-10-21 23:46:58,129 [b88b3e43-5534-49b3-b3f2-a9f154b450de@group-2FABE92B7E5B-LeaderElection285] INFO  impl.RaftServerImpl (RaftServerImpl.java:setRole(184)) - b88b3e43-5534-49b3-b3f2-a9f154b450de@group-2FABE92B7E5B: changes role from CANDIDATE to FOLLOWER at term 300 for DISCOVERED_A_NEW_TERM
2019-10-21 23:46:58,129 [b88b3e43-5534-49b3-b3f2-a9f154b450de@group-2FABE92B7E5B-LeaderElection285] INFO  impl.RoleInfo (RoleInfo.java:shutdownLeaderElection(134)) - b88b3e43-5534-49b3-b3f2-a9f154b450de: shutdown LeaderElection
2019-10-21 23:46:58,129 [b88b3e43-5534-49b3-b3f2-a9f154b450de@group-2FABE92B7E5B-LeaderElection285] INFO  impl.RoleInfo (RoleInfo.java:updateAndGet(143)) - b88b3e43-5534-49b3-b3f2-a9f154b450de: start FollowerState
2019-10-21 23:46:58,264 [Thread-2082] INFO  impl.FollowerState (FollowerState.java:run(108)) - b88b3e43-5534-49b3-b3f2-a9f154b450de@group-2FABE92B7E5B-FollowerState: change to CANDIDATE, lastRpcTime:134ms, electionTimeout:134ms
2019-10-21 23:46:58,264 [Thread-2082] INFO  impl.RoleInfo (RoleInfo.java:shutdownFollowerState(121)) - b88b3e43-5534-49b3-b3f2-a9f154b450de: shutdown FollowerState
2019-10-21 23:46:58,264 [Thread-2082] INFO  impl.RaftServerImpl (RaftServerImpl.java:setRole(184)) - b88b3e43-5534-49b3-b3f2-a9f154b450de@group-2FABE92B7E5B: changes role from  FOLLOWER to CANDIDATE at term 300 for changeToCandidate
2019-10-21 23:46:58,264 [Thread-2082] INFO  impl.RoleInfo (RoleInfo.java:updateAndGet(143)) - b88b3e43-5534-49b3-b3f2-a9f154b450de: start LeaderElection
2019-10-21 23:46:58,277 [b88b3e43-5534-49b3-b3f2-a9f154b450de@group-2FABE92B7E5B-LeaderElection286] INFO  impl.LeaderElection (LeaderElection.java:askForVotes(178)) - b88b3e43-5534-49b3-b3f2-a9f154b450de@group-2FABE92B7E5B-LeaderElection286: begin an election at term 301 for -1: [c58a0a02-acd3-47c8-b3e9-5b8e0493de45:192.168.157.254:33611, 1360619e-ba1e-4bf9-aec1-9f15b5480b27:192.168.157.254:45658, b88b3e43-5534-49b3-b3f2-a9f154b450de:192.168.157.254:46786], old=null
2019-10-21 23:46:58,279 [grpc-default-executor-2] INFO  impl.RaftServerImpl (RaftServerImpl.java:setRole(184)) - c58a0a02-acd3-47c8-b3e9-5b8e0493de45@group-2FABE92B7E5B: changes role from  FOLLOWER to FOLLOWER at term 301 for recognizeCandidate:b88b3e43-5534-49b3-b3f2-a9f154b450de
2019-10-21 23:46:58,279 [grpc-default-executor-1] INFO  impl.RaftServerImpl (RaftServerImpl.java:setRole(184)) - 1360619e-ba1e-4bf9-aec1-9f15b5480b27@group-2FABE92B7E5B: changes role from  FOLLOWER to FOLLOWER at term 301 for recognizeCandidate:b88b3e43-5534-49b3-b3f2-a9f154b450de
2019-10-21 23:46:58,279 [grpc-default-executor-2] INFO  impl.RoleInfo (RoleInfo.java:shutdownFollowerState(121)) - c58a0a02-acd3-47c8-b3e9-5b8e0493de45: shutdown FollowerState
2019-10-21 23:46:58,279 [grpc-default-executor-1] INFO  impl.RoleInfo (RoleInfo.java:shutdownFollowerState(121)) - 1360619e-ba1e-4bf9-aec1-9f15b5480b27: shutdown FollowerState
2019-10-21 23:46:58,280 [Thread-2081] INFO  impl.FollowerState (FollowerState.java:run(117)) - c58a0a02-acd3-47c8-b3e9-5b8e0493de45@group-2FABE92B7E5B-FollowerState was interrupted: java.lang.InterruptedException: sleep interrupted
2019-10-21 23:46:58,280 [grpc-default-executor-2] INFO  impl.RoleInfo (RoleInfo.java:updateAndGet(143)) - c58a0a02-acd3-47c8-b3e9-5b8e0493de45: start FollowerState
2019-10-21 23:46:58,280 [grpc-default-executor-1] INFO  impl.RoleInfo (RoleInfo.java:updateAndGet(143)) - 1360619e-ba1e-4bf9-aec1-9f15b5480b27: start FollowerState
2019-10-21 23:46:58,280 [Thread-2080] INFO  impl.FollowerState (FollowerState.java:run(117)) - 1360619e-ba1e-4bf9-aec1-9f15b5480b27@group-2FABE92B7E5B-FollowerState was interrupted: java.lang.InterruptedException: sleep interrupted
2019-10-21 23:46:58,296 [b88b3e43-5534-49b3-b3f2-a9f154b450de@group-2FABE92B7E5B-LeaderElection286] INFO  impl.LeaderElection (LeaderElection.java:logAndReturn(56)) - b88b3e43-5534-49b3-b3f2-a9f154b450de@group-2FABE92B7E5B-LeaderElection286: Election REJECTED; received 2 response(s) [b88b3e43-5534-49b3-b3f2-a9f154b450de<-c58a0a02-acd3-47c8-b3e9-5b8e0493de45#0:FAIL-t301, b88b3e43-5534-49b3-b3f2-a9f154b450de<-1360619e-ba1e-4bf9-aec1-9f15b5480b27#0:FAIL-t301] and 0 exception(s); b88b3e43-5534-49b3-b3f2-a9f154b450de@group-2FABE92B7E5B:t301, leader=null, voted=b88b3e43-5534-49b3-b3f2-a9f154b450de, raftlog=b88b3e43-5534-49b3-b3f2-a9f154b450de@group-2FABE92B7E5B-SegmentedRaftLog:OPENED:c-1,f-1,i0, conf=-1: [c58a0a02-acd3-47c8-b3e9-5b8e0493de45:192.168.157.254:33611, 1360619e-ba1e-4bf9-aec1-9f15b5480b27:192.168.157.254:45658, b88b3e43-5534-49b3-b3f2-a9f154b450de:192.168.157.254:46786], old=null
2019-10-21 23:46:58,296 [b88b3e43-5534-49b3-b3f2-a9f154b450de@group-2FABE92B7E5B-LeaderElection286] INFO  impl.RaftServerImpl (RaftServerImpl.java:setRole(184)) - b88b3e43-5534-49b3-b3f2-a9f154b450de@group-2FABE92B7E5B: changes role from CANDIDATE to FOLLOWER at term 301 for DISCOVERED_A_NEW_TERM
2019-10-21 23:46:58,296 [b88b3e43-5534-49b3-b3f2-a9f154b450de@group-2FABE92B7E5B-LeaderElection286] INFO  impl.RoleInfo (RoleInfo.java:shutdownLeaderElection(134)) - b88b3e43-5534-49b3-b3f2-a9f154b450de: shutdown LeaderElection
2019-10-21 23:46:58,296 [b88b3e43-5534-49b3-b3f2-a9f154b450de@group-2FABE92B7E5B-LeaderElection286] INFO  impl.RoleInfo (RoleInfo.java:updateAndGet(143)) - b88b3e43-5534-49b3-b3f2-a9f154b450de: start FollowerState
2019-10-21 23:46:58,400 [Thread-2090] INFO  impl.FollowerState (FollowerState.java:run(108)) - b88b3e43-5534-49b3-b3f2-a9f154b450de@group-2FABE92B7E5B-FollowerState: change to CANDIDATE, lastRpcTime:104ms, electionTimeout:104ms
2019-10-21 23:46:58,401 [Thread-2090] INFO  impl.RoleInfo (RoleInfo.java:shutdownFollowerState(121)) - b88b3e43-5534-49b3-b3f2-a9f154b450de: shutdown FollowerState
2019-10-21 23:46:58,401 [Thread-2090] INFO  impl.RaftServerImpl (RaftServerImpl.java:setRole(184)) - b88b3e43-5534-49b3-b3f2-a9f154b450de@group-2FABE92B7E5B: changes role from  FOLLOWER to CANDIDATE at term 301 for changeToCandidate
2019-10-21 23:46:58,401 [Thread-2090] INFO  impl.RoleInfo (RoleInfo.java:updateAndGet(143)) - b88b3e43-5534-49b3-b3f2-a9f154b450de: start LeaderElection
2019-10-21 23:46:58,415 [b88b3e43-5534-49b3-b3f2-a9f154b450de@group-2FABE92B7E5B-LeaderElection287] INFO  impl.LeaderElection (LeaderElection.java:askForVotes(178)) - b88b3e43-5534-49b3-b3f2-a9f154b450de@group-2FABE92B7E5B-LeaderElection287: begin an election at term 302 for -1: [c58a0a02-acd3-47c8-b3e9-5b8e0493de45:192.168.157.254:33611, 1360619e-ba1e-4bf9-aec1-9f15b5480b27:192.168.157.254:45658, b88b3e43-5534-49b3-b3f2-a9f154b450de:192.168.157.254:46786], old=null
2019-10-21 23:46:58,418 [grpc-default-executor-2] INFO  impl.RaftServerImpl (RaftServerImpl.java:setRole(184)) - 1360619e-ba1e-4bf9-aec1-9f15b5480b27@group-2FABE92B7E5B: changes role from  FOLLOWER to FOLLOWER at term 302 for recognizeCandidate:b88b3e43-5534-49b3-b3f2-a9f154b450de
2019-10-21 23:46:58,418 [grpc-default-executor-1] INFO  impl.RaftServerImpl (RaftServerImpl.java:setRole(184)) - c58a0a02-acd3-47c8-b3e9-5b8e0493de45@group-2FABE92B7E5B: changes role from  FOLLOWER to FOLLOWER at term 302 for recognizeCandidate:b88b3e43-5534-49b3-b3f2-a9f154b450de
2019-10-21 23:46:58,418 [grpc-default-executor-2] INFO  impl.RoleInfo (RoleInfo.java:shutdownFollowerState(121)) - 1360619e-ba1e-4bf9-aec1-9f15b5480b27: shutdown FollowerState
2019-10-21 23:46:58,418 [grpc-default-executor-1] INFO  impl.RoleInfo (RoleInfo.java:shutdownFollowerState(121)) - c58a0a02-acd3-47c8-b3e9-5b8e0493de45: shutdown FollowerState
2019-10-21 23:46:58,418 [Thread-2089] INFO  impl.FollowerState (FollowerState.java:run(117)) - 1360619e-ba1e-4bf9-aec1-9f15b5480b27@group-2FABE92B7E5B-FollowerState was interrupted: java.lang.InterruptedException: sleep interrupted
2019-10-21 23:46:58,418 [grpc-default-executor-2] INFO  impl.RoleInfo (RoleInfo.java:updateAndGet(143)) - 1360619e-ba1e-4bf9-aec1-9f15b5480b27: start FollowerState
2019-10-21 23:46:58,419 [Thread-2088] INFO  impl.FollowerState (FollowerState.java:run(117)) - c58a0a02-acd3-47c8-b3e9-5b8e0493de45@group-2FABE92B7E5B-FollowerState was interrupted: java.lang.InterruptedException: sleep interrupted
2019-10-21 23:46:58,419 [grpc-default-executor-1] INFO  impl.RoleInfo (RoleInfo.java:updateAndGet(143)) - c58a0a02-acd3-47c8-b3e9-5b8e0493de45: start FollowerState
2019-10-21 23:46:58,433 [b88b3e43-5534-49b3-b3f2-a9f154b450de@group-2FABE92B7E5B-LeaderElection287] INFO  impl.LeaderElection (LeaderElection.java:logAndReturn(56)) - b88b3e43-5534-49b3-b3f2-a9f154b450de@group-2FABE92B7E5B-LeaderElection287: Election REJECTED; received 2 response(s) [b88b3e43-5534-49b3-b3f2-a9f154b450de<-c58a0a02-acd3-47c8-b3e9-5b8e0493de45#0:FAIL-t302, b88b3e43-5534-49b3-b3f2-a9f154b450de<-1360619e-ba1e-4bf9-aec1-9f15b5480b27#0:FAIL-t302] and 0 exception(s); b88b3e43-5534-49b3-b3f2-a9f154b450de@group-2FABE92B7E5B:t302, leader=null, voted=b88b3e43-5534-49b3-b3f2-a9f154b450de, raftlog=b88b3e43-5534-49b3-b3f2-a9f154b450de@group-2FABE92B7E5B-SegmentedRaftLog:OPENED:c-1,f-1,i0, conf=-1: [c58a0a02-acd3-47c8-b3e9-5b8e0493de45:192.168.157.254:33611, 1360619e-ba1e-4bf9-aec1-9f15b5480b27:192.168.157.254:45658, b88b3e43-5534-49b3-b3f2-a9f154b450de:192.168.157.254:46786], old=null
2019-10-21 23:46:58,433 [b88b3e43-5534-49b3-b3f2-a9f154b450de@group-2FABE92B7E5B-LeaderElection287] INFO  impl.RaftServerImpl (RaftServerImpl.java:setRole(184)) - b88b3e43-5534-49b3-b3f2-a9f154b450de@group-2FABE92B7E5B: changes role from CANDIDATE to FOLLOWER at term 302 for DISCOVERED_A_NEW_TERM
2019-10-21 23:46:58,433 [b88b3e43-5534-49b3-b3f2-a9f154b450de@group-2FABE92B7E5B-LeaderElection287] INFO  impl.RoleInfo (RoleInfo.java:shutdownLeaderElection(134)) - b88b3e43-5534-49b3-b3f2-a9f154b450de: shutdown LeaderElection
2019-10-21 23:46:58,433 [b88b3e43-5534-49b3-b3f2-a9f154b450de@group-2FABE92B7E5B-LeaderElection287] INFO  impl.RoleInfo (RoleInfo.java:updateAndGet(143)) - b88b3e43-5534-49b3-b3f2-a9f154b450de: start FollowerState
2019-10-21 23:46:58,532 [Thread-2096] INFO  impl.FollowerState (FollowerState.java:run(108)) - b88b3e43-5534-49b3-b3f2-a9f154b450de@group-2FABE92B7E5B-FollowerState: change to CANDIDATE, lastRpcTime:98ms, electionTimeout:98ms
2019-10-21 23:46:58,532 [Thread-2096] INFO  impl.RoleInfo (RoleInfo.java:shutdownFollowerState(121)) - b88b3e43-5534-49b3-b3f2-a9f154b450de: shutdown FollowerState
2019-10-21 23:46:58,532 [Thread-2096] INFO  impl.RaftServerImpl (RaftServerImpl.java:setRole(184)) - b88b3e43-5534-49b3-b3f2-a9f154b450de@group-2FABE92B7E5B: changes role from  FOLLOWER to CANDIDATE at term 302 for changeToCandidate
2019-10-21 23:46:58,532 [Thread-2096] INFO  impl.RoleInfo (RoleInfo.java:updateAndGet(143)) - b88b3e43-5534-49b3-b3f2-a9f154b450de: start LeaderElection
2019-10-21 23:46:58,545 [b88b3e43-5534-49b3-b3f2-a9f154b450de@group-2FABE92B7E5B-LeaderElection288] INFO  impl.LeaderElection (LeaderElection.java:askForVotes(178)) - b88b3e43-5534-49b3-b3f2-a9f154b450de@group-2FABE92B7E5B-LeaderElection288: begin an election at term 303 for -1: [c58a0a02-acd3-47c8-b3e9-5b8e0493de45:192.168.157.254:33611, 1360619e-ba1e-4bf9-aec1-9f15b5480b27:192.168.157.254:45658, b88b3e43-5534-49b3-b3f2-a9f154b450de:192.168.157.254:46786], old=null
2019-10-21 23:46:58,547 [grpc-default-executor-2] INFO  impl.RaftServerImpl (RaftServerImpl.java:setRole(184)) - c58a0a02-acd3-47c8-b3e9-5b8e0493de45@group-2FABE92B7E5B: changes role from  FOLLOWER to FOLLOWER at term 303 for recognizeCandidate:b88b3e43-5534-49b3-b3f2-a9f154b450de
2019-10-21 23:46:58,547 [grpc-default-executor-1] INFO  impl.RaftServerImpl (RaftServerImpl.java:setRole(184)) - 1360619e-ba1e-4bf9-aec1-9f15b5480b27@group-2FABE92B7E5B: changes role from  FOLLOWER to FOLLOWER at term 303 for recognizeCandidate:b88b3e43-5534-49b3-b3f2-a9f154b450de
2019-10-21 23:46:58,548 [grpc-default-executor-1] INFO  impl.RoleInfo (RoleInfo.java:shutdownFollowerState(121)) - 1360619e-ba1e-4bf9-aec1-9f15b5480b27: shutdown FollowerState
2019-10-21 23:46:58,548 [grpc-default-executor-2] INFO  impl.RoleInfo (RoleInfo.java:shutdownFollowerState(121)) - c58a0a02-acd3-47c8-b3e9-5b8e0493de45: shutdown FollowerState
2019-10-21 23:46:58,548 [Thread-2094] INFO  impl.FollowerState (FollowerState.java:run(117)) - 1360619e-ba1e-4bf9-aec1-9f15b5480b27@group-2FABE92B7E5B-FollowerState was interrupted: java.lang.InterruptedException: sleep interrupted
2019-10-21 23:46:58,548 [grpc-default-executor-1] INFO  impl.RoleInfo (RoleInfo.java:updateAndGet(143)) - 1360619e-ba1e-4bf9-aec1-9f15b5480b27: start FollowerState
2019-10-21 23:46:58,548 [Thread-2095] INFO  impl.FollowerState (FollowerState.java:run(117)) - c58a0a02-acd3-47c8-b3e9-5b8e0493de45@group-2FABE92B7E5B-FollowerState was interrupted: java.lang.InterruptedException: sleep interrupted
2019-10-21 23:46:58,548 [grpc-default-executor-2] INFO  impl.RoleInfo (RoleInfo.java:updateAndGet(143)) - c58a0a02-acd3-47c8-b3e9-5b8e0493de45: start FollowerState
2019-10-21 23:46:58,562 [b88b3e43-5534-49b3-b3f2-a9f154b450de@group-2FABE92B7E5B-LeaderElection288] INFO  impl.LeaderElection (LeaderElection.java:logAndReturn(56)) - b88b3e43-5534-49b3-b3f2-a9f154b450de@group-2FABE92B7E5B-LeaderElection288: Election REJECTED; received 2 response(s) [b88b3e43-5534-49b3-b3f2-a9f154b450de<-c58a0a02-acd3-47c8-b3e9-5b8e0493de45#0:FAIL-t303, b88b3e43-5534-49b3-b3f2-a9f154b450de<-1360619e-ba1e-4bf9-aec1-9f15b5480b27#0:FAIL-t303] and 0 exception(s); b88b3e43-5534-49b3-b3f2-a9f154b450de@group-2FABE92B7E5B:t303, leader=null, voted=b88b3e43-5534-49b3-b3f2-a9f154b450de, raftlog=b88b3e43-5534-49b3-b3f2-a9f154b450de@group-2FABE92B7E5B-SegmentedRaftLog:OPENED:c-1,f-1,i0, conf=-1: [c58a0a02-acd3-47c8-b3e9-5b8e0493de45:192.168.157.254:33611, 1360619e-ba1e-4bf9-aec1-9f15b5480b27:192.168.157.254:45658, b88b3e43-5534-49b3-b3f2-a9f154b450de:192.168.157.254:46786], old=null
2019-10-21 23:46:58,563 [b88b3e43-5534-49b3-b3f2-a9f154b450de@group-2FABE92B7E5B-LeaderElection288] INFO  impl.RaftServerImpl (RaftServerImpl.java:setRole(184)) - b88b3e43-5534-49b3-b3f2-a9f154b450de@group-2FABE92B7E5B: changes role from CANDIDATE to FOLLOWER at term 303 for DISCOVERED_A_NEW_TERM
2019-10-21 23:46:58,563 [b88b3e43-5534-49b3-b3f2-a9f154b450de@group-2FABE92B7E5B-LeaderElection288] INFO  impl.RoleInfo (RoleInfo.java:shutdownLeaderElection(134)) - b88b3e43-5534-49b3-b3f2-a9f154b450de: shutdown LeaderElection
2019-10-21 23:46:58,563 [b88b3e43-5534-49b3-b3f2-a9f154b450de@group-2FABE92B7E5B-LeaderElection288] INFO  impl.RoleInfo (RoleInfo.java:updateAndGet(143)) - b88b3e43-5534-49b3-b3f2-a9f154b450de: start FollowerState
2019-10-21 23:46:58,703 [Thread-2102] INFO  impl.FollowerState (FollowerState.java:run(108)) - b88b3e43-5534-49b3-b3f2-a9f154b450de@group-2FABE92B7E5B-FollowerState: change to CANDIDATE, lastRpcTime:140ms, electionTimeout:140ms
2019-10-21 23:46:58,703 [Thread-2102] INFO  impl.RoleInfo (RoleInfo.java:shutdownFollowerState(121)) - b88b3e43-5534-49b3-b3f2-a9f154b450de: shutdown FollowerState
2019-10-21 23:46:58,703 [Thread-2102] INFO  impl.RaftServerImpl (RaftServerImpl.java:setRole(184)) - b88b3e43-5534-49b3-b3f2-a9f154b450de@group-2FABE92B7E5B: changes role from  FOLLOWER to CANDIDATE at term 303 for changeToCandidate
2019-10-21 23:46:58,704 [Thread-2102] INFO  impl.RoleInfo (RoleInfo.java:updateAndGet(143)) - b88b3e43-5534-49b3-b3f2-a9f154b450de: start LeaderElection
2019-10-21 23:46:58,717 [b88b3e43-5534-49b3-b3f2-a9f154b450de@group-2FABE92B7E5B-LeaderElection289] INFO  impl.LeaderElection (LeaderElection.java:askForVotes(178)) - b88b3e43-5534-49b3-b3f2-a9f154b450de@group-2FABE92B7E5B-LeaderElection289: begin an election at term 304 for -1: [c58a0a02-acd3-47c8-b3e9-5b8e0493de45:192.168.157.254:33611, 1360619e-ba1e-4bf9-aec1-9f15b5480b27:192.168.157.254:45658, b88b3e43-5534-49b3-b3f2-a9f154b450de:192.168.157.254:46786], old=null
2019-10-21 23:46:58,719 [grpc-default-executor-2] INFO  impl.RaftServerImpl (RaftServerImpl.java:setRole(184)) - 1360619e-ba1e-4bf9-aec1-9f15b5480b27@group-2FABE92B7E5B: changes role from  FOLLOWER to FOLLOWER at term 304 for recognizeCandidate:b88b3e43-5534-49b3-b3f2-a9f154b450de
2019-10-21 23:46:58,719 [grpc-default-executor-1] INFO  impl.RaftServerImpl (RaftServerImpl.java:setRole(184)) - c58a0a02-acd3-47c8-b3e9-5b8e0493de45@group-2FABE92B7E5B: changes role from  FOLLOWER to FOLLOWER at term 304 for recognizeCandidate:b88b3e43-5534-49b3-b3f2-a9f154b450de
2019-10-21 23:46:58,719 [grpc-default-executor-2] INFO  impl.RoleInfo (RoleInfo.java:shutdownFollowerState(121)) - 1360619e-ba1e-4bf9-aec1-9f15b5480b27: shutdown FollowerState
2019-10-21 23:46:58,719 [grpc-default-executor-1] INFO  impl.RoleInfo (RoleInfo.java:shutdownFollowerState(121)) - c58a0a02-acd3-47c8-b3e9-5b8e0493de45: shutdown FollowerState
2019-10-21 23:46:58,719 [Thread-2100] INFO  impl.FollowerState (FollowerState.java:run(117)) - 1360619e-ba1e-4bf9-aec1-9f15b5480b27@group-2FABE92B7E5B-FollowerState was interrupted: java.lang.InterruptedException: sleep interrupted
2019-10-21 23:46:58,720 [Thread-2101] INFO  impl.FollowerState (FollowerState.java:run(117)) - c58a0a02-acd3-47c8-b3e9-5b8e0493de45@group-2FABE92B7E5B-FollowerState was interrupted: java.lang.InterruptedException: sleep interrupted
2019-10-21 23:46:58,719 [grpc-default-executor-2] INFO  impl.RoleInfo (RoleInfo.java:updateAndGet(143)) - 1360619e-ba1e-4bf9-aec1-9f15b5480b27: start FollowerState
2019-10-21 23:46:58,720 [grpc-default-executor-1] INFO  impl.RoleInfo (RoleInfo.java:updateAndGet(143)) - c58a0a02-acd3-47c8-b3e9-5b8e0493de45: start FollowerState
2019-10-21 23:46:58,731 [b88b3e43-5534-49b3-b3f2-a9f154b450de@group-2FABE92B7E5B-LeaderElection289] INFO  impl.LeaderElection (LeaderElection.java:logAndReturn(56)) - b88b3e43-5534-49b3-b3f2-a9f154b450de@group-2FABE92B7E5B-LeaderElection289: Election REJECTED; received 2 response(s) [b88b3e43-5534-49b3-b3f2-a9f154b450de<-c58a0a02-acd3-47c8-b3e9-5b8e0493de45#0:FAIL-t304, b88b3e43-5534-49b3-b3f2-a9f154b450de<-1360619e-ba1e-4bf9-aec1-9f15b5480b27#0:FAIL-t304] and 0 exception(s); b88b3e43-5534-49b3-b3f2-a9f154b450de@group-2FABE92B7E5B:t304, leader=null, voted=b88b3e43-5534-49b3-b3f2-a9f154b450de, raftlog=b88b3e43-5534-49b3-b3f2-a9f154b450de@group-2FABE92B7E5B-SegmentedRaftLog:OPENED:c-1,f-1,i0, conf=-1: [c58a0a02-acd3-47c8-b3e9-5b8e0493de45:192.168.157.254:33611, 1360619e-ba1e-4bf9-aec1-9f15b5480b27:192.168.157.254:45658, b88b3e43-5534-49b3-b3f2-a9f154b450de:192.168.157.254:46786], old=null
2019-10-21 23:46:58,731 [b88b3e43-5534-49b3-b3f2-a9f154b450de@group-2FABE92B7E5B-LeaderElection289] INFO  impl.RaftServerImpl (RaftServerImpl.java:setRole(184)) - b88b3e43-5534-49b3-b3f2-a9f154b450de@group-2FABE92B7E5B: changes role from CANDIDATE to FOLLOWER at term 304 for DISCOVERED_A_NEW_TERM
2019-10-21 23:46:58,731 [b88b3e43-5534-49b3-b3f2-a9f154b450de@group-2FABE92B7E5B-LeaderElection289] INFO  impl.RoleInfo (RoleInfo.java:shutdownLeaderElection(134)) - b88b3e43-5534-49b3-b3f2-a9f154b450de: shutdown LeaderElection
2019-10-21 23:46:58,732 [b88b3e43-5534-49b3-b3f2-a9f154b450de@group-2FABE92B7E5B-LeaderElection289] INFO  impl.RoleInfo (RoleInfo.java:updateAndGet(143)) - b88b3e43-5534-49b3-b3f2-a9f154b450de: start FollowerState
2019-10-21 23:46:58,791 [Thread-2108] INFO  impl.FollowerState (FollowerState.java:run(108)) - b88b3e43-5534-49b3-b3f2-a9f154b450de@group-2FABE92B7E5B-FollowerState: change to CANDIDATE, lastRpcTime:59ms, electionTimeout:59ms
2019-10-21 23:46:58,791 [Thread-2108] INFO  impl.RoleInfo (RoleInfo.java:shutdownFollowerState(121)) - b88b3e43-5534-49b3-b3f2-a9f154b450de: shutdown FollowerState
2019-10-21 23:46:58,791 [Thread-2108] INFO  impl.RaftServerImpl (RaftServerImpl.java:setRole(184)) - b88b3e43-5534-49b3-b3f2-a9f154b450de@group-2FABE92B7E5B: changes role from  FOLLOWER to CANDIDATE at term 304 for changeToCandidate
2019-10-21 23:46:58,791 [Thread-2108] INFO  impl.RoleInfo (RoleInfo.java:updateAndGet(143)) - b88b3e43-5534-49b3-b3f2-a9f154b450de: start LeaderElection
2019-10-21 23:46:58,818 [b88b3e43-5534-49b3-b3f2-a9f154b450de@group-2FABE92B7E5B-LeaderElection290] INFO  impl.LeaderElection (LeaderElection.java:askForVotes(178)) - b88b3e43-5534-49b3-b3f2-a9f154b450de@group-2FABE92B7E5B-LeaderElection290: begin an election at term 305 for -1: [c58a0a02-acd3-47c8-b3e9-5b8e0493de45:192.168.157.254:33611, 1360619e-ba1e-4bf9-aec1-9f15b5480b27:192.168.157.254:45658, b88b3e43-5534-49b3-b3f2-a9f154b450de:192.168.157.254:46786], old=null
2019-10-21 23:46:58,820 [grpc-default-executor-1] INFO  impl.RaftServerImpl (RaftServerImpl.java:setRole(184)) - 1360619e-ba1e-4bf9-aec1-9f15b5480b27@group-2FABE92B7E5B: changes role from  FOLLOWER to FOLLOWER at term 305 for recognizeCandidate:b88b3e43-5534-49b3-b3f2-a9f154b450de
2019-10-21 23:46:58,820 [grpc-default-executor-2] INFO  impl.RaftServerImpl (RaftServerImpl.java:setRole(184)) - c58a0a02-acd3-47c8-b3e9-5b8e0493de45@group-2FABE92B7E5B: changes role from  FOLLOWER to FOLLOWER at term 305 for recognizeCandidate:b88b3e43-5534-49b3-b3f2-a9f154b450de
2019-10-21 23:46:58,820 [grpc-default-executor-1] INFO  impl.RoleInfo (RoleInfo.java:shutdownFollowerState(121)) - 1360619e-ba1e-4bf9-aec1-9f15b5480b27: shutdown FollowerState
2019-10-21 23:46:58,820 [grpc-default-executor-2] INFO  impl.RoleInfo (RoleInfo.java:shutdownFollowerState(121)) - c58a0a02-acd3-47c8-b3e9-5b8e0493de45: shutdown FollowerState
2019-10-21 23:46:58,820 [Thread-2106] INFO  impl.FollowerState (FollowerState.java:run(117)) - 1360619e-ba1e-4bf9-aec1-9f15b5480b27@group-2FABE92B7E5B-FollowerState was interrupted: java.lang.InterruptedException: sleep interrupted
2019-10-21 23:46:58,820 [grpc-default-executor-1] INFO  impl.RoleInfo (RoleInfo.java:updateAndGet(143)) - 1360619e-ba1e-4bf9-aec1-9f15b5480b27: start FollowerState
2019-10-21 23:46:58,821 [Thread-2107] INFO  impl.FollowerState (FollowerState.java:run(117)) - c58a0a02-acd3-47c8-b3e9-5b8e0493de45@group-2FABE92B7E5B-FollowerState was interrupted: java.lang.InterruptedException: sleep interrupted
2019-10-21 23:46:58,820 [grpc-default-executor-2] INFO  impl.RoleInfo (RoleInfo.java:updateAndGet(143)) - c58a0a02-acd3-47c8-b3e9-5b8e0493de45: start FollowerState
2019-10-21 23:46:58,835 [b88b3e43-5534-49b3-b3f2-a9f154b450de@group-2FABE92B7E5B-LeaderElection290] INFO  impl.LeaderElection (LeaderElection.java:logAndReturn(56)) - b88b3e43-5534-49b3-b3f2-a9f154b450de@group-2FABE92B7E5B-LeaderElection290: Election REJECTED; received 2 response(s) [b88b3e43-5534-49b3-b3f2-a9f154b450de<-c58a0a02-acd3-47c8-b3e9-5b8e0493de45#0:FAIL-t305, b88b3e43-5534-49b3-b3f2-a9f154b450de<-1360619e-ba1e-4bf9-aec1-9f15b5480b27#0:FAIL-t305] and 0 exception(s); b88b3e43-5534-49b3-b3f2-a9f154b450de@group-2FABE92B7E5B:t305, leader=null, voted=b88b3e43-5534-49b3-b3f2-a9f154b450de, raftlog=b88b3e43-5534-49b3-b3f2-a9f154b450de@group-2FABE92B7E5B-SegmentedRaftLog:OPENED:c-1,f-1,i0, conf=-1: [c58a0a02-acd3-47c8-b3e9-5b8e0493de45:192.168.157.254:33611, 1360619e-ba1e-4bf9-aec1-9f15b5480b27:192.168.157.254:45658, b88b3e43-5534-49b3-b3f2-a9f154b450de:192.168.157.254:46786], old=null
2019-10-21 23:46:58,835 [b88b3e43-5534-49b3-b3f2-a9f154b450de@group-2FABE92B7E5B-LeaderElection290] INFO  impl.RaftServerImpl (RaftServerImpl.java:setRole(184)) - b88b3e43-5534-49b3-b3f2-a9f154b450de@group-2FABE92B7E5B: changes role from CANDIDATE to FOLLOWER at term 305 for DISCOVERED_A_NEW_TERM
2019-10-21 23:46:58,835 [b88b3e43-5534-49b3-b3f2-a9f154b450de@group-2FABE92B7E5B-LeaderElection290] INFO  impl.RoleInfo (RoleInfo.java:shutdownLeaderElection(134)) - b88b3e43-5534-49b3-b3f2-a9f154b450de: shutdown LeaderElection
2019-10-21 23:46:58,835 [b88b3e43-5534-49b3-b3f2-a9f154b450de@group-2FABE92B7E5B-LeaderElection290] INFO  impl.RoleInfo (RoleInfo.java:updateAndGet(143)) - b88b3e43-5534-49b3-b3f2-a9f154b450de: start FollowerState
2019-10-21 23:46:58,995 [Thread-2114] INFO  impl.FollowerState (FollowerState.java:run(108)) - b88b3e43-5534-49b3-b3f2-a9f154b450de@group-2FABE92B7E5B-FollowerState: change to CANDIDATE, lastRpcTime:159ms, electionTimeout:159ms
2019-10-21 23:46:58,995 [Thread-2114] INFO  impl.RoleInfo (RoleInfo.java:shutdownFollowerState(121)) - b88b3e43-5534-49b3-b3f2-a9f154b450de: shutdown FollowerState
2019-10-21 23:46:58,995 [Thread-2114] INFO  impl.RaftServerImpl (RaftServerImpl.java:setRole(184)) - b88b3e43-5534-49b3-b3f2-a9f154b450de@group-2FABE92B7E5B: changes role from  FOLLOWER to CANDIDATE at term 305 for changeToCandidate
2019-10-21 23:46:58,995 [Thread-2114] INFO  impl.RoleInfo (RoleInfo.java:updateAndGet(143)) - b88b3e43-5534-49b3-b3f2-a9f154b450de: start LeaderElection
2019-10-21 23:46:59,017 [b88b3e43-5534-49b3-b3f2-a9f154b450de@group-2FABE92B7E5B-LeaderElection291] INFO  impl.LeaderElection (LeaderElection.java:askForVotes(178)) - b88b3e43-5534-49b3-b3f2-a9f154b450de@group-2FABE92B7E5B-LeaderElection291: begin an election at term 306 for -1: [c58a0a02-acd3-47c8-b3e9-5b8e0493de45:192.168.157.254:33611, 1360619e-ba1e-4bf9-aec1-9f15b5480b27:192.168.157.254:45658, b88b3e43-5534-49b3-b3f2-a9f154b450de:192.168.157.254:46786], old=null
2019-10-21 23:46:59,019 [grpc-default-executor-2] INFO  impl.RaftServerImpl (RaftServerImpl.java:setRole(184)) - c58a0a02-acd3-47c8-b3e9-5b8e0493de45@group-2FABE92B7E5B: changes role from  FOLLOWER to FOLLOWER at term 306 for recognizeCandidate:b88b3e43-5534-49b3-b3f2-a9f154b450de
2019-10-21 23:46:59,019 [grpc-default-executor-1] INFO  impl.RaftServerImpl (RaftServerImpl.java:setRole(184)) - 1360619e-ba1e-4bf9-aec1-9f15b5480b27@group-2FABE92B7E5B: changes role from  FOLLOWER to FOLLOWER at term 306 for recognizeCandidate:b88b3e43-5534-49b3-b3f2-a9f154b450de
2019-10-21 23:46:59,020 [grpc-default-executor-2] INFO  impl.RoleInfo (RoleInfo.java:shutdownFollowerState(121)) - c58a0a02-acd3-47c8-b3e9-5b8e0493de45: shutdown FollowerState
2019-10-21 23:46:59,020 [grpc-default-executor-1] INFO  impl.RoleInfo (RoleInfo.java:shutdownFollowerState(121)) - 1360619e-ba1e-4bf9-aec1-9f15b5480b27: shutdown FollowerState
2019-10-21 23:46:59,020 [Thread-2113] INFO  impl.FollowerState (FollowerState.java:run(117)) - c58a0a02-acd3-47c8-b3e9-5b8e0493de45@group-2FABE92B7E5B-FollowerState was interrupted: java.lang.InterruptedException: sleep interrupted
2019-10-21 23:46:59,020 [grpc-default-executor-2] INFO  impl.RoleInfo (RoleInfo.java:updateAndGet(143)) - c58a0a02-acd3-47c8-b3e9-5b8e0493de45: start FollowerState
2019-10-21 23:46:59,020 [Thread-2112] INFO  impl.FollowerState (FollowerState.java:run(117)) - 1360619e-ba1e-4bf9-aec1-9f15b5480b27@group-2FABE92B7E5B-FollowerState was interrupted: java.lang.InterruptedException: sleep interrupted
2019-10-21 23:46:59,020 [grpc-default-executor-1] INFO  impl.RoleInfo (RoleInfo.java:updateAndGet(143)) - 1360619e-ba1e-4bf9-aec1-9f15b5480b27: start FollowerState
2019-10-21 23:46:59,034 [b88b3e43-5534-49b3-b3f2-a9f154b450de@group-2FABE92B7E5B-LeaderElection291] INFO  impl.LeaderElection (LeaderElection.java:logAndReturn(56)) - b88b3e43-5534-49b3-b3f2-a9f154b450de@group-2FABE92B7E5B-LeaderElection291: Election REJECTED; received 2 response(s) [b88b3e43-5534-49b3-b3f2-a9f154b450de<-c58a0a02-acd3-47c8-b3e9-5b8e0493de45#0:FAIL-t306, b88b3e43-5534-49b3-b3f2-a9f154b450de<-1360619e-ba1e-4bf9-aec1-9f15b5480b27#0:FAIL-t306] and 0 exception(s); b88b3e43-5534-49b3-b3f2-a9f154b450de@group-2FABE92B7E5B:t306, leader=null, voted=b88b3e43-5534-49b3-b3f2-a9f154b450de, raftlog=b88b3e43-5534-49b3-b3f2-a9f154b450de@group-2FABE92B7E5B-SegmentedRaftLog:OPENED:c-1,f-1,i0, conf=-1: [c58a0a02-acd3-47c8-b3e9-5b8e0493de45:192.168.157.254:33611, 1360619e-ba1e-4bf9-aec1-9f15b5480b27:192.168.157.254:45658, b88b3e43-5534-49b3-b3f2-a9f154b450de:192.168.157.254:46786], old=null
2019-10-21 23:46:59,034 [b88b3e43-5534-49b3-b3f2-a9f154b450de@group-2FABE92B7E5B-LeaderElection291] INFO  impl.RaftServerImpl (RaftServerImpl.java:setRole(184)) - b88b3e43-5534-49b3-b3f2-a9f154b450de@group-2FABE92B7E5B: changes role from CANDIDATE to FOLLOWER at term 306 for DISCOVERED_A_NEW_TERM
2019-10-21 23:46:59,034 [b88b3e43-5534-49b3-b3f2-a9f154b450de@group-2FABE92B7E5B-LeaderElection291] INFO  impl.RoleInfo (RoleInfo.java:shutdownLeaderElection(134)) - b88b3e43-5534-49b3-b3f2-a9f154b450de: shutdown LeaderElection
2019-10-21 23:46:59,034 [b88b3e43-5534-49b3-b3f2-a9f154b450de@group-2FABE92B7E5B-LeaderElection291] INFO  impl.RoleInfo (RoleInfo.java:updateAndGet(143)) - b88b3e43-5534-49b3-b3f2-a9f154b450de: start FollowerState
2019-10-21 23:46:59,096 [Thread-2120] INFO  impl.FollowerState (FollowerState.java:run(108)) - b88b3e43-5534-49b3-b3f2-a9f154b450de@group-2FABE92B7E5B-FollowerState: change to CANDIDATE, lastRpcTime:61ms, electionTimeout:61ms
2019-10-21 23:46:59,096 [Thread-2120] INFO  impl.RoleInfo (RoleInfo.java:shutdownFollowerState(121)) - b88b3e43-5534-49b3-b3f2-a9f154b450de: shutdown FollowerState
2019-10-21 23:46:59,096 [Thread-2120] INFO  impl.RaftServerImpl (RaftServerImpl.java:setRole(184)) - b88b3e43-5534-49b3-b3f2-a9f154b450de@group-2FABE92B7E5B: changes role from  FOLLOWER to CANDIDATE at term 306 for changeToCandidate
2019-10-21 23:46:59,096 [Thread-2120] INFO  impl.RoleInfo (RoleInfo.java:updateAndGet(143)) - b88b3e43-5534-49b3-b3f2-a9f154b450de: start LeaderElection
2019-10-21 23:46:59,111 [b88b3e43-5534-49b3-b3f2-a9f154b450de@group-2FABE92B7E5B-LeaderElection292] INFO  impl.LeaderElection (LeaderElection.java:askForVotes(178)) - b88b3e43-5534-49b3-b3f2-a9f154b450de@group-2FABE92B7E5B-LeaderElection292: begin an election at term 307 for -1: [c58a0a02-acd3-47c8-b3e9-5b8e0493de45:192.168.157.254:33611, 1360619e-ba1e-4bf9-aec1-9f15b5480b27:192.168.157.254:45658, b88b3e43-5534-49b3-b3f2-a9f154b450de:192.168.157.254:46786], old=null
2019-10-21 23:46:59,113 [grpc-default-executor-2] INFO  impl.RaftServerImpl (RaftServerImpl.java:setRole(184)) - 1360619e-ba1e-4bf9-aec1-9f15b5480b27@group-2FABE92B7E5B: changes role from  FOLLOWER to FOLLOWER at term 307 for recognizeCandidate:b88b3e43-5534-49b3-b3f2-a9f154b450de
2019-10-21 23:46:59,114 [grpc-default-executor-2] INFO  impl.RoleInfo (RoleInfo.java:shutdownFollowerState(121)) - 1360619e-ba1e-4bf9-aec1-9f15b5480b27: shutdown FollowerState
2019-10-21 23:46:59,114 [grpc-default-executor-1] INFO  impl.RaftServerImpl (RaftServerImpl.java:setRole(184)) - c58a0a02-acd3-47c8-b3e9-5b8e0493de45@group-2FABE92B7E5B: changes role from  FOLLOWER to FOLLOWER at term 307 for recognizeCandidate:b88b3e43-5534-49b3-b3f2-a9f154b450de
2019-10-21 23:46:59,114 [Thread-2119] INFO  impl.FollowerState (FollowerState.java:run(117)) - 1360619e-ba1e-4bf9-aec1-9f15b5480b27@group-2FABE92B7E5B-FollowerState was interrupted: java.lang.InterruptedException: sleep interrupted
2019-10-21 23:46:59,114 [grpc-default-executor-2] INFO  impl.RoleInfo (RoleInfo.java:updateAndGet(143)) - 1360619e-ba1e-4bf9-aec1-9f15b5480b27: start FollowerState
2019-10-21 23:46:59,114 [grpc-default-executor-1] INFO  impl.RoleInfo (RoleInfo.java:shutdownFollowerState(121)) - c58a0a02-acd3-47c8-b3e9-5b8e0493de45: shutdown FollowerState
2019-10-21 23:46:59,114 [grpc-default-executor-1] INFO  impl.RoleInfo (RoleInfo.java:updateAndGet(143)) - c58a0a02-acd3-47c8-b3e9-5b8e0493de45: start FollowerState
2019-10-21 23:46:59,114 [Thread-2118] INFO  impl.FollowerState (FollowerState.java:run(117)) - c58a0a02-acd3-47c8-b3e9-5b8e0493de45@group-2FABE92B7E5B-FollowerState was interrupted: java.lang.InterruptedException: sleep interrupted
2019-10-21 23:46:59,129 [b88b3e43-5534-49b3-b3f2-a9f154b450de@group-2FABE92B7E5B-LeaderElection292] INFO  impl.LeaderElection (LeaderElection.java:logAndReturn(56)) - b88b3e43-5534-49b3-b3f2-a9f154b450de@group-2FABE92B7E5B-LeaderElection292: Election REJECTED; received 2 response(s) [b88b3e43-5534-49b3-b3f2-a9f154b450de<-c58a0a02-acd3-47c8-b3e9-5b8e0493de45#0:FAIL-t307, b88b3e43-5534-49b3-b3f2-a9f154b450de<-1360619e-ba1e-4bf9-aec1-9f15b5480b27#0:FAIL-t307] and 0 exception(s); b88b3e43-5534-49b3-b3f2-a9f154b450de@group-2FABE92B7E5B:t307, leader=null, voted=b88b3e43-5534-49b3-b3f2-a9f154b450de, raftlog=b88b3e43-5534-49b3-b3f2-a9f154b450de@group-2FABE92B7E5B-SegmentedRaftLog:OPENED:c-1,f-1,i0, conf=-1: [c58a0a02-acd3-47c8-b3e9-5b8e0493de45:192.168.157.254:33611, 1360619e-ba1e-4bf9-aec1-9f15b5480b27:192.168.157.254:45658, b88b3e43-5534-49b3-b3f2-a9f154b450de:192.168.157.254:46786], old=null
2019-10-21 23:46:59,129 [b88b3e43-5534-49b3-b3f2-a9f154b450de@group-2FABE92B7E5B-LeaderElection292] INFO  impl.RaftServerImpl (RaftServerImpl.java:setRole(184)) - b88b3e43-5534-49b3-b3f2-a9f154b450de@group-2FABE92B7E5B: changes role from CANDIDATE to FOLLOWER at term 307 for DISCOVERED_A_NEW_TERM
2019-10-21 23:46:59,129 [b88b3e43-5534-49b3-b3f2-a9f154b450de@group-2FABE92B7E5B-LeaderElection292] INFO  impl.RoleInfo (RoleInfo.java:shutdownLeaderElection(134)) - b88b3e43-5534-49b3-b3f2-a9f154b450de: shutdown LeaderElection
2019-10-21 23:46:59,129 [b88b3e43-5534-49b3-b3f2-a9f154b450de@group-2FABE92B7E5B-LeaderElection292] INFO  impl.RoleInfo (RoleInfo.java:updateAndGet(143)) - b88b3e43-5534-49b3-b3f2-a9f154b450de: start FollowerState
2019-10-21 23:46:59,268 [Thread-2126] INFO  impl.FollowerState (FollowerState.java:run(108)) - b88b3e43-5534-49b3-b3f2-a9f154b450de@group-2FABE92B7E5B-FollowerState: change to CANDIDATE, lastRpcTime:139ms, electionTimeout:139ms
2019-10-21 23:46:59,268 [Thread-2126] INFO  impl.RoleInfo (RoleInfo.java:shutdownFollowerState(121)) - b88b3e43-5534-49b3-b3f2-a9f154b450de: shutdown FollowerState
2019-10-21 23:46:59,269 [Thread-2126] INFO  impl.RaftServerImpl (RaftServerImpl.java:setRole(184)) - b88b3e43-5534-49b3-b3f2-a9f154b450de@group-2FABE92B7E5B: changes role from  FOLLOWER to CANDIDATE at term 307 for changeToCandidate
2019-10-21 23:46:59,269 [Thread-2126] INFO  impl.RoleInfo (RoleInfo.java:updateAndGet(143)) - b88b3e43-5534-49b3-b3f2-a9f154b450de: start LeaderElection
2019-10-21 23:46:59,283 [b88b3e43-5534-49b3-b3f2-a9f154b450de@group-2FABE92B7E5B-LeaderElection293] INFO  impl.LeaderElection (LeaderElection.java:askForVotes(178)) - b88b3e43-5534-49b3-b3f2-a9f154b450de@group-2FABE92B7E5B-LeaderElection293: begin an election at term 308 for -1: [c58a0a02-acd3-47c8-b3e9-5b8e0493de45:192.168.157.254:33611, 1360619e-ba1e-4bf9-aec1-9f15b5480b27:192.168.157.254:45658, b88b3e43-5534-49b3-b3f2-a9f154b450de:192.168.157.254:46786], old=null
2019-10-21 23:46:59,285 [grpc-default-executor-1] INFO  impl.RaftServerImpl (RaftServerImpl.java:setRole(184)) - c58a0a02-acd3-47c8-b3e9-5b8e0493de45@group-2FABE92B7E5B: changes role from  FOLLOWER to FOLLOWER at term 308 for recognizeCandidate:b88b3e43-5534-49b3-b3f2-a9f154b450de
2019-10-21 23:46:59,286 [grpc-default-executor-1] INFO  impl.RoleInfo (RoleInfo.java:shutdownFollowerState(121)) - c58a0a02-acd3-47c8-b3e9-5b8e0493de45: shutdown FollowerState
2019-10-21 23:46:59,285 [grpc-default-executor-2] INFO  impl.RaftServerImpl (RaftServerImpl.java:setRole(184)) - 1360619e-ba1e-4bf9-aec1-9f15b5480b27@group-2FABE92B7E5B: changes role from  FOLLOWER to FOLLOWER at term 308 for recognizeCandidate:b88b3e43-5534-49b3-b3f2-a9f154b450de
2019-10-21 23:46:59,286 [Thread-2125] INFO  impl.FollowerState (FollowerState.java:run(117)) - c58a0a02-acd3-47c8-b3e9-5b8e0493de45@group-2FABE92B7E5B-FollowerState was interrupted: java.lang.InterruptedException: sleep interrupted
2019-10-21 23:46:59,286 [grpc-default-executor-1] INFO  impl.RoleInfo (RoleInfo.java:updateAndGet(143)) - c58a0a02-acd3-47c8-b3e9-5b8e0493de45: start FollowerState
2019-10-21 23:46:59,286 [grpc-default-executor-2] INFO  impl.RoleInfo (RoleInfo.java:shutdownFollowerState(121)) - 1360619e-ba1e-4bf9-aec1-9f15b5480b27: shutdown FollowerState
2019-10-21 23:46:59,286 [grpc-default-executor-2] INFO  impl.RoleInfo (RoleInfo.java:updateAndGet(143)) - 1360619e-ba1e-4bf9-aec1-9f15b5480b27: start FollowerState
2019-10-21 23:46:59,286 [Thread-2124] INFO  impl.FollowerState (FollowerState.java:run(117)) - 1360619e-ba1e-4bf9-aec1-9f15b5480b27@group-2FABE92B7E5B-FollowerState was interrupted: java.lang.InterruptedException: sleep interrupted
2019-10-21 23:46:59,291 [b88b3e43-5534-49b3-b3f2-a9f154b450de@group-2FABE92B7E5B-LeaderElection293] INFO  impl.LeaderElection (LeaderElection.java:logAndReturn(56)) - b88b3e43-5534-49b3-b3f2-a9f154b450de@group-2FABE92B7E5B-LeaderElection293: Election TIMEOUT; received 0 response(s) [] and 0 exception(s); b88b3e43-5534-49b3-b3f2-a9f154b450de@group-2FABE92B7E5B:t308, leader=null, voted=b88b3e43-5534-49b3-b3f2-a9f154b450de, raftlog=b88b3e43-5534-49b3-b3f2-a9f154b450de@group-2FABE92B7E5B-SegmentedRaftLog:OPENED:c-1,f-1,i0, conf=-1: [c58a0a02-acd3-47c8-b3e9-5b8e0493de45:192.168.157.254:33611, 1360619e-ba1e-4bf9-aec1-9f15b5480b27:192.168.157.254:45658, b88b3e43-5534-49b3-b3f2-a9f154b450de:192.168.157.254:46786], old=null
2019-10-21 23:46:59,301 [b88b3e43-5534-49b3-b3f2-a9f154b450de@group-2FABE92B7E5B-LeaderElection293] INFO  impl.LeaderElection (LeaderElection.java:askForVotes(178)) - b88b3e43-5534-49b3-b3f2-a9f154b450de@group-2FABE92B7E5B-LeaderElection293: begin an election at term 309 for -1: [c58a0a02-acd3-47c8-b3e9-5b8e0493de45:192.168.157.254:33611, 1360619e-ba1e-4bf9-aec1-9f15b5480b27:192.168.157.254:45658, b88b3e43-5534-49b3-b3f2-a9f154b450de:192.168.157.254:46786], old=null
2019-10-21 23:46:59,302 [grpc-default-executor-1] INFO  impl.RaftServerImpl (RaftServerImpl.java:setRole(184)) - c58a0a02-acd3-47c8-b3e9-5b8e0493de45@group-2FABE92B7E5B: changes role from  FOLLOWER to FOLLOWER at term 309 for recognizeCandidate:b88b3e43-5534-49b3-b3f2-a9f154b450de
2019-10-21 23:46:59,302 [grpc-default-executor-1] INFO  impl.RoleInfo (RoleInfo.java:shutdownFollowerState(121)) - c58a0a02-acd3-47c8-b3e9-5b8e0493de45: shutdown FollowerState
2019-10-21 23:46:59,303 [grpc-default-executor-1] INFO  impl.RoleInfo (RoleInfo.java:updateAndGet(143)) - c58a0a02-acd3-47c8-b3e9-5b8e0493de45: start FollowerState
2019-10-21 23:46:59,303 [Thread-2132] INFO  impl.FollowerState (FollowerState.java:run(117)) - c58a0a02-acd3-47c8-b3e9-5b8e0493de45@group-2FABE92B7E5B-FollowerState was interrupted: java.lang.InterruptedException: sleep interrupted
2019-10-21 23:46:59,303 [grpc-default-executor-2] INFO  impl.RaftServerImpl (RaftServerImpl.java:setRole(184)) - 1360619e-ba1e-4bf9-aec1-9f15b5480b27@group-2FABE92B7E5B: changes role from  FOLLOWER to FOLLOWER at term 309 for recognizeCandidate:b88b3e43-5534-49b3-b3f2-a9f154b450de
2019-10-21 23:46:59,303 [grpc-default-executor-2] INFO  impl.RoleInfo (RoleInfo.java:shutdownFollowerState(121)) - 1360619e-ba1e-4bf9-aec1-9f15b5480b27: shutdown FollowerState
2019-10-21 23:46:59,303 [grpc-default-executor-2] INFO  impl.RoleInfo (RoleInfo.java:updateAndGet(143)) - 1360619e-ba1e-4bf9-aec1-9f15b5480b27: start FollowerState
2019-10-21 23:46:59,303 [Thread-2133] INFO  impl.FollowerState (FollowerState.java:run(117)) - 1360619e-ba1e-4bf9-aec1-9f15b5480b27@group-2FABE92B7E5B-FollowerState was interrupted: java.lang.InterruptedException: sleep interrupted
2019-10-21 23:46:59,313 [b88b3e43-5534-49b3-b3f2-a9f154b450de@group-2FABE92B7E5B-LeaderElection293] INFO  impl.LeaderElection (LeaderElection.java:logAndReturn(56)) - b88b3e43-5534-49b3-b3f2-a9f154b450de@group-2FABE92B7E5B-LeaderElection293: Election REJECTED; received 2 response(s) [b88b3e43-5534-49b3-b3f2-a9f154b450de<-c58a0a02-acd3-47c8-b3e9-5b8e0493de45#0:FAIL-t309, b88b3e43-5534-49b3-b3f2-a9f154b450de<-1360619e-ba1e-4bf9-aec1-9f15b5480b27#0:FAIL-t309] and 0 exception(s); b88b3e43-5534-49b3-b3f2-a9f154b450de@group-2FABE92B7E5B:t309, leader=null, voted=b88b3e43-5534-49b3-b3f2-a9f154b450de, raftlog=b88b3e43-5534-49b3-b3f2-a9f154b450de@group-2FABE92B7E5B-SegmentedRaftLog:OPENED:c-1,f-1,i0, conf=-1: [c58a0a02-acd3-47c8-b3e9-5b8e0493de45:192.168.157.254:33611, 1360619e-ba1e-4bf9-aec1-9f15b5480b27:192.168.157.254:45658, b88b3e43-5534-49b3-b3f2-a9f154b450de:192.168.157.254:46786], old=null
2019-10-21 23:46:59,313 [b88b3e43-5534-49b3-b3f2-a9f154b450de@group-2FABE92B7E5B-LeaderElection293] INFO  impl.RaftServerImpl (RaftServerImpl.java:setRole(184)) - b88b3e43-5534-49b3-b3f2-a9f154b450de@group-2FABE92B7E5B: changes role from CANDIDATE to FOLLOWER at term 309 for DISCOVERED_A_NEW_TERM
2019-10-21 23:46:59,313 [b88b3e43-5534-49b3-b3f2-a9f154b450de@group-2FABE92B7E5B-LeaderElection293] INFO  impl.RoleInfo (RoleInfo.java:shutdownLeaderElection(134)) - b88b3e43-5534-49b3-b3f2-a9f154b450de: shutdown LeaderElection
2019-10-21 23:46:59,313 [b88b3e43-5534-49b3-b3f2-a9f154b450de@group-2FABE92B7E5B-LeaderElection293] INFO  impl.RoleInfo (RoleInfo.java:updateAndGet(143)) - b88b3e43-5534-49b3-b3f2-a9f154b450de: start FollowerState
2019-10-21 23:46:59,456 [Thread-2138] INFO  impl.FollowerState (FollowerState.java:run(108)) - b88b3e43-5534-49b3-b3f2-a9f154b450de@group-2FABE92B7E5B-FollowerState: change to CANDIDATE, lastRpcTime:142ms, electionTimeout:142ms
2019-10-21 23:46:59,456 [Thread-2138] INFO  impl.RoleInfo (RoleInfo.java:shutdownFollowerState(121)) - b88b3e43-5534-49b3-b3f2-a9f154b450de: shutdown FollowerState
2019-10-21 23:46:59,456 [Thread-2138] INFO  impl.RaftServerImpl (RaftServerImpl.java:setRole(184)) - b88b3e43-5534-49b3-b3f2-a9f154b450de@group-2FABE92B7E5B: changes role from  FOLLOWER to CANDIDATE at term 309 for changeToCandidate
2019-10-21 23:46:59,456 [Thread-2138] INFO  impl.RoleInfo (RoleInfo.java:updateAndGet(143)) - b88b3e43-5534-49b3-b3f2-a9f154b450de: start LeaderElection
2019-10-21 23:46:59,470 [b88b3e43-5534-49b3-b3f2-a9f154b450de@group-2FABE92B7E5B-LeaderElection294] INFO  impl.LeaderElection (LeaderElection.java:askForVotes(178)) - b88b3e43-5534-49b3-b3f2-a9f154b450de@group-2FABE92B7E5B-LeaderElection294: begin an election at term 310 for -1: [c58a0a02-acd3-47c8-b3e9-5b8e0493de45:192.168.157.254:33611, 1360619e-ba1e-4bf9-aec1-9f15b5480b27:192.168.157.254:45658, b88b3e43-5534-49b3-b3f2-a9f154b450de:192.168.157.254:46786], old=null
2019-10-21 23:46:59,472 [grpc-default-executor-1] INFO  impl.RaftServerImpl (RaftServerImpl.java:setRole(184)) - c58a0a02-acd3-47c8-b3e9-5b8e0493de45@group-2FABE92B7E5B: changes role from  FOLLOWER to FOLLOWER at term 310 for recognizeCandidate:b88b3e43-5534-49b3-b3f2-a9f154b450de
2019-10-21 23:46:59,472 [grpc-default-executor-2] INFO  impl.RaftServerImpl (RaftServerImpl.java:setRole(184)) - 1360619e-ba1e-4bf9-aec1-9f15b5480b27@group-2FABE92B7E5B: changes role from  FOLLOWER to FOLLOWER at term 310 for recognizeCandidate:b88b3e43-5534-49b3-b3f2-a9f154b450de
2019-10-21 23:46:59,472 [grpc-default-executor-1] INFO  impl.RoleInfo (RoleInfo.java:shutdownFollowerState(121)) - c58a0a02-acd3-47c8-b3e9-5b8e0493de45: shutdown FollowerState
2019-10-21 23:46:59,472 [grpc-default-executor-2] INFO  impl.RoleInfo (RoleInfo.java:shutdownFollowerState(121)) - 1360619e-ba1e-4bf9-aec1-9f15b5480b27: shutdown FollowerState
2019-10-21 23:46:59,472 [Thread-2136] INFO  impl.FollowerState (FollowerState.java:run(117)) - c58a0a02-acd3-47c8-b3e9-5b8e0493de45@group-2FABE92B7E5B-FollowerState was interrupted: java.lang.InterruptedException: sleep interrupted
2019-10-21 23:46:59,472 [grpc-default-executor-1] INFO  impl.RoleInfo (RoleInfo.java:updateAndGet(143)) - c58a0a02-acd3-47c8-b3e9-5b8e0493de45: start FollowerState
2019-10-21 23:46:59,473 [Thread-2137] INFO  impl.FollowerState (FollowerState.java:run(117)) - 1360619e-ba1e-4bf9-aec1-9f15b5480b27@group-2FABE92B7E5B-FollowerState was interrupted: java.lang.InterruptedException: sleep interrupted
2019-10-21 23:46:59,473 [grpc-default-executor-2] INFO  impl.RoleInfo (RoleInfo.java:updateAndGet(143)) - 1360619e-ba1e-4bf9-aec1-9f15b5480b27: start FollowerState
2019-10-21 23:46:59,487 [b88b3e43-5534-49b3-b3f2-a9f154b450de@group-2FABE92B7E5B-LeaderElection294] INFO  impl.LeaderElection (LeaderElection.java:logAndReturn(56)) - b88b3e43-5534-49b3-b3f2-a9f154b450de@group-2FABE92B7E5B-LeaderElection294: Election REJECTED; received 2 response(s) [b88b3e43-5534-49b3-b3f2-a9f154b450de<-c58a0a02-acd3-47c8-b3e9-5b8e0493de45#0:FAIL-t310, b88b3e43-5534-49b3-b3f2-a9f154b450de<-1360619e-ba1e-4bf9-aec1-9f15b5480b27#0:FAIL-t310] and 0 exception(s); b88b3e43-5534-49b3-b3f2-a9f154b450de@group-2FABE92B7E5B:t310, leader=null, voted=b88b3e43-5534-49b3-b3f2-a9f154b450de, raftlog=b88b3e43-5534-49b3-b3f2-a9f154b450de@group-2FABE92B7E5B-SegmentedRaftLog:OPENED:c-1,f-1,i0, conf=-1: [c58a0a02-acd3-47c8-b3e9-5b8e0493de45:192.168.157.254:33611, 1360619e-ba1e-4bf9-aec1-9f15b5480b27:192.168.157.254:45658, b88b3e43-5534-49b3-b3f2-a9f154b450de:192.168.157.254:46786], old=null
2019-10-21 23:46:59,487 [b88b3e43-5534-49b3-b3f2-a9f154b450de@group-2FABE92B7E5B-LeaderElection294] INFO  impl.RaftServerImpl (RaftServerImpl.java:setRole(184)) - b88b3e43-5534-49b3-b3f2-a9f154b450de@group-2FABE92B7E5B: changes role from CANDIDATE to FOLLOWER at term 310 for DISCOVERED_A_NEW_TERM
2019-10-21 23:46:59,487 [b88b3e43-5534-49b3-b3f2-a9f154b450de@group-2FABE92B7E5B-LeaderElection294] INFO  impl.RoleInfo (RoleInfo.java:shutdownLeaderElection(134)) - b88b3e43-5534-49b3-b3f2-a9f154b450de: shutdown LeaderElection
2019-10-21 23:46:59,487 [b88b3e43-5534-49b3-b3f2-a9f154b450de@group-2FABE92B7E5B-LeaderElection294] INFO  impl.RoleInfo (RoleInfo.java:updateAndGet(143)) - b88b3e43-5534-49b3-b3f2-a9f154b450de: start FollowerState
2019-10-21 23:46:59,682 [Thread-2144] INFO  impl.FollowerState (FollowerState.java:run(108)) - b88b3e43-5534-49b3-b3f2-a9f154b450de@group-2FABE92B7E5B-FollowerState: change to CANDIDATE, lastRpcTime:194ms, electionTimeout:194ms
2019-10-21 23:46:59,682 [Thread-2144] INFO  impl.RoleInfo (RoleInfo.java:shutdownFollowerState(121)) - b88b3e43-5534-49b3-b3f2-a9f154b450de: shutdown FollowerState
2019-10-21 23:46:59,682 [Thread-2144] INFO  impl.RaftServerImpl (RaftServerImpl.java:setRole(184)) - b88b3e43-5534-49b3-b3f2-a9f154b450de@group-2FABE92B7E5B: changes role from  FOLLOWER to CANDIDATE at term 310 for changeToCandidate
2019-10-21 23:46:59,682 [Thread-2144] INFO  impl.RoleInfo (RoleInfo.java:updateAndGet(143)) - b88b3e43-5534-49b3-b3f2-a9f154b450de: start LeaderElection
2019-10-21 23:46:59,696 [b88b3e43-5534-49b3-b3f2-a9f154b450de@group-2FABE92B7E5B-LeaderElection295] INFO  impl.LeaderElection (LeaderElection.java:askForVotes(178)) - b88b3e43-5534-49b3-b3f2-a9f154b450de@group-2FABE92B7E5B-LeaderElection295: begin an election at term 311 for -1: [c58a0a02-acd3-47c8-b3e9-5b8e0493de45:192.168.157.254:33611, 1360619e-ba1e-4bf9-aec1-9f15b5480b27:192.168.157.254:45658, b88b3e43-5534-49b3-b3f2-a9f154b450de:192.168.157.254:46786], old=null
2019-10-21 23:46:59,698 [grpc-default-executor-2] INFO  impl.RaftServerImpl (RaftServerImpl.java:setRole(184)) - 1360619e-ba1e-4bf9-aec1-9f15b5480b27@group-2FABE92B7E5B: changes role from  FOLLOWER to FOLLOWER at term 311 for recognizeCandidate:b88b3e43-5534-49b3-b3f2-a9f154b450de
2019-10-21 23:46:59,698 [grpc-default-executor-1] INFO  impl.RaftServerImpl (RaftServerImpl.java:setRole(184)) - c58a0a02-acd3-47c8-b3e9-5b8e0493de45@group-2FABE92B7E5B: changes role from  FOLLOWER to FOLLOWER at term 311 for recognizeCandidate:b88b3e43-5534-49b3-b3f2-a9f154b450de
2019-10-21 23:46:59,698 [grpc-default-executor-2] INFO  impl.RoleInfo (RoleInfo.java:shutdownFollowerState(121)) - 1360619e-ba1e-4bf9-aec1-9f15b5480b27: shutdown FollowerState
2019-10-21 23:46:59,698 [grpc-default-executor-1] INFO  impl.RoleInfo (RoleInfo.java:shutdownFollowerState(121)) - c58a0a02-acd3-47c8-b3e9-5b8e0493de45: shutdown FollowerState
2019-10-21 23:46:59,699 [Thread-2143] INFO  impl.FollowerState (FollowerState.java:run(117)) - 1360619e-ba1e-4bf9-aec1-9f15b5480b27@group-2FABE92B7E5B-FollowerState was interrupted: java.lang.InterruptedException: sleep interrupted
2019-10-21 23:46:59,698 [grpc-default-executor-2] INFO  impl.RoleInfo (RoleInfo.java:updateAndGet(143)) - 1360619e-ba1e-4bf9-aec1-9f15b5480b27: start FollowerState
2019-10-21 23:46:59,699 [Thread-2142] INFO  impl.FollowerState (FollowerState.java:run(117)) - c58a0a02-acd3-47c8-b3e9-5b8e0493de45@group-2FABE92B7E5B-FollowerState was interrupted: java.lang.InterruptedException: sleep interrupted
2019-10-21 23:46:59,699 [grpc-default-executor-1] INFO  impl.RoleInfo (RoleInfo.java:updateAndGet(143)) - c58a0a02-acd3-47c8-b3e9-5b8e0493de45: start FollowerState
2019-10-21 23:46:59,711 [b88b3e43-5534-49b3-b3f2-a9f154b450de@group-2FABE92B7E5B-LeaderElection295] INFO  impl.LeaderElection (LeaderElection.java:logAndReturn(56)) - b88b3e43-5534-49b3-b3f2-a9f154b450de@group-2FABE92B7E5B-LeaderElection295: Election TIMEOUT; received 0 response(s) [] and 0 exception(s); b88b3e43-5534-49b3-b3f2-a9f154b450de@group-2FABE92B7E5B:t311, leader=null, voted=b88b3e43-5534-49b3-b3f2-a9f154b450de, raftlog=b88b3e43-5534-49b3-b3f2-a9f154b450de@group-2FABE92B7E5B-SegmentedRaftLog:OPENED:c-1,f-1,i0, conf=-1: [c58a0a02-acd3-47c8-b3e9-5b8e0493de45:192.168.157.254:33611, 1360619e-ba1e-4bf9-aec1-9f15b5480b27:192.168.157.254:45658, b88b3e43-5534-49b3-b3f2-a9f154b450de:192.168.157.254:46786], old=null
2019-10-21 23:46:59,715 [b88b3e43-5534-49b3-b3f2-a9f154b450de@group-2FABE92B7E5B-LeaderElection295] INFO  impl.LeaderElection (LeaderElection.java:askForVotes(178)) - b88b3e43-5534-49b3-b3f2-a9f154b450de@group-2FABE92B7E5B-LeaderElection295: begin an election at term 312 for -1: [c58a0a02-acd3-47c8-b3e9-5b8e0493de45:192.168.157.254:33611, 1360619e-ba1e-4bf9-aec1-9f15b5480b27:192.168.157.254:45658, b88b3e43-5534-49b3-b3f2-a9f154b450de:192.168.157.254:46786], old=null
2019-10-21 23:46:59,717 [grpc-default-executor-1] INFO  impl.RaftServerImpl (RaftServerImpl.java:setRole(184)) - c58a0a02-acd3-47c8-b3e9-5b8e0493de45@group-2FABE92B7E5B: changes role from  FOLLOWER to FOLLOWER at term 312 for recognizeCandidate:b88b3e43-5534-49b3-b3f2-a9f154b450de
2019-10-21 23:46:59,717 [grpc-default-executor-1] INFO  impl.RoleInfo (RoleInfo.java:shutdownFollowerState(121)) - c58a0a02-acd3-47c8-b3e9-5b8e0493de45: shutdown FollowerState
2019-10-21 23:46:59,717 [grpc-default-executor-2] INFO  impl.RaftServerImpl (RaftServerImpl.java:setRole(184)) - 1360619e-ba1e-4bf9-aec1-9f15b5480b27@group-2FABE92B7E5B: changes role from  FOLLOWER to FOLLOWER at term 312 for recognizeCandidate:b88b3e43-5534-49b3-b3f2-a9f154b450de
2019-10-21 23:46:59,717 [Thread-2149] INFO  impl.FollowerState (FollowerState.java:run(117)) - c58a0a02-acd3-47c8-b3e9-5b8e0493de45@group-2FABE92B7E5B-FollowerState was interrupted: java.lang.InterruptedException: sleep interrupted
2019-10-21 23:46:59,717 [grpc-default-executor-1] INFO  impl.RoleInfo (RoleInfo.java:updateAndGet(143)) - c58a0a02-acd3-47c8-b3e9-5b8e0493de45: start FollowerState
2019-10-21 23:46:59,717 [grpc-default-executor-2] INFO  impl.RoleInfo (RoleInfo.java:shutdownFollowerState(121)) - 1360619e-ba1e-4bf9-aec1-9f15b5480b27: shutdown FollowerState
2019-10-21 23:46:59,718 [Thread-2148] INFO  impl.FollowerState (FollowerState.java:run(117)) - 1360619e-ba1e-4bf9-aec1-9f15b5480b27@group-2FABE92B7E5B-FollowerState was interrupted: java.lang.InterruptedException: sleep interrupted
2019-10-21 23:46:59,718 [grpc-default-executor-2] INFO  impl.RoleInfo (RoleInfo.java:updateAndGet(143)) - 1360619e-ba1e-4bf9-aec1-9f15b5480b27: start FollowerState
2019-10-21 23:46:59,723 [b88b3e43-5534-49b3-b3f2-a9f154b450de@group-2FABE92B7E5B-LeaderElection295] INFO  impl.LeaderElection (LeaderElection.java:logAndReturn(56)) - b88b3e43-5534-49b3-b3f2-a9f154b450de@group-2FABE92B7E5B-LeaderElection295: Election TIMEOUT; received 0 response(s) [] and 0 exception(s); b88b3e43-5534-49b3-b3f2-a9f154b450de@group-2FABE92B7E5B:t312, leader=null, voted=b88b3e43-5534-49b3-b3f2-a9f154b450de, raftlog=b88b3e43-5534-49b3-b3f2-a9f154b450de@group-2FABE92B7E5B-SegmentedRaftLog:OPENED:c-1,f-1,i0, conf=-1: [c58a0a02-acd3-47c8-b3e9-5b8e0493de45:192.168.157.254:33611, 1360619e-ba1e-4bf9-aec1-9f15b5480b27:192.168.157.254:45658, b88b3e43-5534-49b3-b3f2-a9f154b450de:192.168.157.254:46786], old=null
2019-10-21 23:46:59,733 [b88b3e43-5534-49b3-b3f2-a9f154b450de@group-2FABE92B7E5B-LeaderElection295] INFO  impl.LeaderElection (LeaderElection.java:askForVotes(178)) - b88b3e43-5534-49b3-b3f2-a9f154b450de@group-2FABE92B7E5B-LeaderElection295: begin an election at term 313 for -1: [c58a0a02-acd3-47c8-b3e9-5b8e0493de45:192.168.157.254:33611, 1360619e-ba1e-4bf9-aec1-9f15b5480b27:192.168.157.254:45658, b88b3e43-5534-49b3-b3f2-a9f154b450de:192.168.157.254:46786], old=null
2019-10-21 23:46:59,734 [grpc-default-executor-1] INFO  impl.RaftServerImpl (RaftServerImpl.java:setRole(184)) - c58a0a02-acd3-47c8-b3e9-5b8e0493de45@group-2FABE92B7E5B: changes role from  FOLLOWER to FOLLOWER at term 313 for recognizeCandidate:b88b3e43-5534-49b3-b3f2-a9f154b450de
2019-10-21 23:46:59,734 [grpc-default-executor-1] INFO  impl.RoleInfo (RoleInfo.java:shutdownFollowerState(121)) - c58a0a02-acd3-47c8-b3e9-5b8e0493de45: shutdown FollowerState
2019-10-21 23:46:59,734 [grpc-default-executor-2] INFO  impl.RaftServerImpl (RaftServerImpl.java:setRole(184)) - 1360619e-ba1e-4bf9-aec1-9f15b5480b27@group-2FABE92B7E5B: changes role from  FOLLOWER to FOLLOWER at term 313 for recognizeCandidate:b88b3e43-5534-49b3-b3f2-a9f154b450de
2019-10-21 23:46:59,734 [Thread-2152] INFO  impl.FollowerState (FollowerState.java:run(117)) - c58a0a02-acd3-47c8-b3e9-5b8e0493de45@group-2FABE92B7E5B-FollowerState was interrupted: java.lang.InterruptedException: sleep interrupted
2019-10-21 23:46:59,734 [grpc-default-executor-1] INFO  impl.RoleInfo (RoleInfo.java:updateAndGet(143)) - c58a0a02-acd3-47c8-b3e9-5b8e0493de45: start FollowerState
2019-10-21 23:46:59,734 [grpc-default-executor-2] INFO  impl.RoleInfo (RoleInfo.java:shutdownFollowerState(121)) - 1360619e-ba1e-4bf9-aec1-9f15b5480b27: shutdown FollowerState
2019-10-21 23:46:59,735 [grpc-default-executor-2] INFO  impl.RoleInfo (RoleInfo.java:updateAndGet(143)) - 1360619e-ba1e-4bf9-aec1-9f15b5480b27: start FollowerState
2019-10-21 23:46:59,735 [Thread-2153] INFO  impl.FollowerState (FollowerState.java:run(117)) - 1360619e-ba1e-4bf9-aec1-9f15b5480b27@group-2FABE92B7E5B-FollowerState was interrupted: java.lang.InterruptedException: sleep interrupted
2019-10-21 23:46:59,748 [b88b3e43-5534-49b3-b3f2-a9f154b450de@group-2FABE92B7E5B-LeaderElection295] INFO  impl.LeaderElection (LeaderElection.java:logAndReturn(56)) - b88b3e43-5534-49b3-b3f2-a9f154b450de@group-2FABE92B7E5B-LeaderElection295: Election REJECTED; received 2 response(s) [b88b3e43-5534-49b3-b3f2-a9f154b450de<-c58a0a02-acd3-47c8-b3e9-5b8e0493de45#0:FAIL-t313, b88b3e43-5534-49b3-b3f2-a9f154b450de<-1360619e-ba1e-4bf9-aec1-9f15b5480b27#0:FAIL-t313] and 0 exception(s); b88b3e43-5534-49b3-b3f2-a9f154b450de@group-2FABE92B7E5B:t313, leader=null, voted=b88b3e43-5534-49b3-b3f2-a9f154b450de, raftlog=b88b3e43-5534-49b3-b3f2-a9f154b450de@group-2FABE92B7E5B-SegmentedRaftLog:OPENED:c-1,f-1,i0, conf=-1: [c58a0a02-acd3-47c8-b3e9-5b8e0493de45:192.168.157.254:33611, 1360619e-ba1e-4bf9-aec1-9f15b5480b27:192.168.157.254:45658, b88b3e43-5534-49b3-b3f2-a9f154b450de:192.168.157.254:46786], old=null
2019-10-21 23:46:59,748 [b88b3e43-5534-49b3-b3f2-a9f154b450de@group-2FABE92B7E5B-LeaderElection295] INFO  impl.RaftServerImpl (RaftServerImpl.java:setRole(184)) - b88b3e43-5534-49b3-b3f2-a9f154b450de@group-2FABE92B7E5B: changes role from CANDIDATE to FOLLOWER at term 313 for DISCOVERED_A_NEW_TERM
2019-10-21 23:46:59,748 [b88b3e43-5534-49b3-b3f2-a9f154b450de@group-2FABE92B7E5B-LeaderElection295] INFO  impl.RoleInfo (RoleInfo.java:shutdownLeaderElection(134)) - b88b3e43-5534-49b3-b3f2-a9f154b450de: shutdown LeaderElection
2019-10-21 23:46:59,748 [b88b3e43-5534-49b3-b3f2-a9f154b450de@group-2FABE92B7E5B-LeaderElection295] INFO  impl.RoleInfo (RoleInfo.java:updateAndGet(143)) - b88b3e43-5534-49b3-b3f2-a9f154b450de: start FollowerState
2019-10-21 23:46:59,899 [Thread-2158] INFO  impl.FollowerState (FollowerState.java:run(108)) - b88b3e43-5534-49b3-b3f2-a9f154b450de@group-2FABE92B7E5B-FollowerState: change to CANDIDATE, lastRpcTime:150ms, electionTimeout:150ms
2019-10-21 23:46:59,900 [Thread-2158] INFO  impl.RoleInfo (RoleInfo.java:shutdownFollowerState(121)) - b88b3e43-5534-49b3-b3f2-a9f154b450de: shutdown FollowerState
2019-10-21 23:46:59,900 [Thread-2158] INFO  impl.RaftServerImpl (RaftServerImpl.java:setRole(184)) - b88b3e43-5534-49b3-b3f2-a9f154b450de@group-2FABE92B7E5B: changes role from  FOLLOWER to CANDIDATE at term 313 for changeToCandidate
2019-10-21 23:46:59,901 [Thread-2158] INFO  impl.RoleInfo (RoleInfo.java:updateAndGet(143)) - b88b3e43-5534-49b3-b3f2-a9f154b450de: start LeaderElection
2019-10-21 23:46:59,926 [b88b3e43-5534-49b3-b3f2-a9f154b450de@group-2FABE92B7E5B-LeaderElection296] INFO  impl.LeaderElection (LeaderElection.java:askForVotes(178)) - b88b3e43-5534-49b3-b3f2-a9f154b450de@group-2FABE92B7E5B-LeaderElection296: begin an election at term 314 for -1: [c58a0a02-acd3-47c8-b3e9-5b8e0493de45:192.168.157.254:33611, 1360619e-ba1e-4bf9-aec1-9f15b5480b27:192.168.157.254:45658, b88b3e43-5534-49b3-b3f2-a9f154b450de:192.168.157.254:46786], old=null
2019-10-21 23:46:59,931 [grpc-default-executor-2] INFO  impl.RaftServerImpl (RaftServerImpl.java:setRole(184)) - c58a0a02-acd3-47c8-b3e9-5b8e0493de45@group-2FABE92B7E5B: changes role from  FOLLOWER to FOLLOWER at term 314 for recognizeCandidate:b88b3e43-5534-49b3-b3f2-a9f154b450de
2019-10-21 23:46:59,931 [grpc-default-executor-1] INFO  impl.RaftServerImpl (RaftServerImpl.java:setRole(184)) - 1360619e-ba1e-4bf9-aec1-9f15b5480b27@group-2FABE92B7E5B: changes role from  FOLLOWER to FOLLOWER at term 314 for recognizeCandidate:b88b3e43-5534-49b3-b3f2-a9f154b450de
2019-10-21 23:46:59,932 [grpc-default-executor-2] INFO  impl.RoleInfo (RoleInfo.java:shutdownFollowerState(121)) - c58a0a02-acd3-47c8-b3e9-5b8e0493de45: shutdown FollowerState
2019-10-21 23:46:59,932 [grpc-default-executor-1] INFO  impl.RoleInfo (RoleInfo.java:shutdownFollowerState(121)) - 1360619e-ba1e-4bf9-aec1-9f15b5480b27: shutdown FollowerState
2019-10-21 23:46:59,932 [grpc-default-executor-2] INFO  impl.RoleInfo (RoleInfo.java:updateAndGet(143)) - c58a0a02-acd3-47c8-b3e9-5b8e0493de45: start FollowerState
2019-10-21 23:46:59,932 [grpc-default-executor-1] INFO  impl.RoleInfo (RoleInfo.java:updateAndGet(143)) - 1360619e-ba1e-4bf9-aec1-9f15b5480b27: start FollowerState
2019-10-21 23:46:59,932 [Thread-2157] INFO  impl.FollowerState (FollowerState.java:run(117)) - 1360619e-ba1e-4bf9-aec1-9f15b5480b27@group-2FABE92B7E5B-FollowerState was interrupted: java.lang.InterruptedException: sleep interrupted
2019-10-21 23:46:59,932 [Thread-2156] INFO  impl.FollowerState (FollowerState.java:run(117)) - c58a0a02-acd3-47c8-b3e9-5b8e0493de45@group-2FABE92B7E5B-FollowerState was interrupted: java.lang.InterruptedException: sleep interrupted
2019-10-21 23:46:59,954 [b88b3e43-5534-49b3-b3f2-a9f154b450de@group-2FABE92B7E5B-LeaderElection296] INFO  impl.LeaderElection (LeaderElection.java:logAndReturn(56)) - b88b3e43-5534-49b3-b3f2-a9f154b450de@group-2FABE92B7E5B-LeaderElection296: Election REJECTED; received 2 response(s) [b88b3e43-5534-49b3-b3f2-a9f154b450de<-c58a0a02-acd3-47c8-b3e9-5b8e0493de45#0:FAIL-t314, b88b3e43-5534-49b3-b3f2-a9f154b450de<-1360619e-ba1e-4bf9-aec1-9f15b5480b27#0:FAIL-t314] and 0 exception(s); b88b3e43-5534-49b3-b3f2-a9f154b450de@group-2FABE92B7E5B:t314, leader=null, voted=b88b3e43-5534-49b3-b3f2-a9f154b450de, raftlog=b88b3e43-5534-49b3-b3f2-a9f154b450de@group-2FABE92B7E5B-SegmentedRaftLog:OPENED:c-1,f-1,i0, conf=-1: [c58a0a02-acd3-47c8-b3e9-5b8e0493de45:192.168.157.254:33611, 1360619e-ba1e-4bf9-aec1-9f15b5480b27:192.168.157.254:45658, b88b3e43-5534-49b3-b3f2-a9f154b450de:192.168.157.254:46786], old=null
2019-10-21 23:46:59,955 [b88b3e43-5534-49b3-b3f2-a9f154b450de@group-2FABE92B7E5B-LeaderElection296] INFO  impl.RaftServerImpl (RaftServerImpl.java:setRole(184)) - b88b3e43-5534-49b3-b3f2-a9f154b450de@group-2FABE92B7E5B: changes role from CANDIDATE to FOLLOWER at term 314 for DISCOVERED_A_NEW_TERM
2019-10-21 23:46:59,955 [b88b3e43-5534-49b3-b3f2-a9f154b450de@group-2FABE92B7E5B-LeaderElection296] INFO  impl.RoleInfo (RoleInfo.java:shutdownLeaderElection(134)) - b88b3e43-5534-49b3-b3f2-a9f154b450de: shutdown LeaderElection
2019-10-21 23:46:59,955 [b88b3e43-5534-49b3-b3f2-a9f154b450de@group-2FABE92B7E5B-LeaderElection296] INFO  impl.RoleInfo (RoleInfo.java:updateAndGet(143)) - b88b3e43-5534-49b3-b3f2-a9f154b450de: start FollowerState
2019-10-21 23:47:00,021 [Thread-2164] INFO  impl.FollowerState (FollowerState.java:run(108)) - b88b3e43-5534-49b3-b3f2-a9f154b450de@group-2FABE92B7E5B-FollowerState: change to CANDIDATE, lastRpcTime:66ms, electionTimeout:66ms
2019-10-21 23:47:00,021 [Thread-2164] INFO  impl.RoleInfo (RoleInfo.java:shutdownFollowerState(121)) - b88b3e43-5534-49b3-b3f2-a9f154b450de: shutdown FollowerState
2019-10-21 23:47:00,021 [Thread-2164] INFO  impl.RaftServerImpl (RaftServerImpl.java:setRole(184)) - b88b3e43-5534-49b3-b3f2-a9f154b450de@group-2FABE92B7E5B: changes role from  FOLLOWER to CANDIDATE at term 314 for changeToCandidate
2019-10-21 23:47:00,021 [Thread-2164] INFO  impl.RoleInfo (RoleInfo.java:updateAndGet(143)) - b88b3e43-5534-49b3-b3f2-a9f154b450de: start LeaderElection
2019-10-21 23:47:00,036 [b88b3e43-5534-49b3-b3f2-a9f154b450de@group-2FABE92B7E5B-LeaderElection297] INFO  impl.LeaderElection (LeaderElection.java:askForVotes(178)) - b88b3e43-5534-49b3-b3f2-a9f154b450de@group-2FABE92B7E5B-LeaderElection297: begin an election at term 315 for -1: [c58a0a02-acd3-47c8-b3e9-5b8e0493de45:192.168.157.254:33611, 1360619e-ba1e-4bf9-aec1-9f15b5480b27:192.168.157.254:45658, b88b3e43-5534-49b3-b3f2-a9f154b450de:192.168.157.254:46786], old=null
2019-10-21 23:47:00,038 [grpc-default-executor-2] INFO  impl.RaftServerImpl (RaftServerImpl.java:setRole(184)) - 1360619e-ba1e-4bf9-aec1-9f15b5480b27@group-2FABE92B7E5B: changes role from  FOLLOWER to FOLLOWER at term 315 for recognizeCandidate:b88b3e43-5534-49b3-b3f2-a9f154b450de
2019-10-21 23:47:00,038 [grpc-default-executor-1] INFO  impl.RaftServerImpl (RaftServerImpl.java:setRole(184)) - c58a0a02-acd3-47c8-b3e9-5b8e0493de45@group-2FABE92B7E5B: changes role from  FOLLOWER to FOLLOWER at term 315 for recognizeCandidate:b88b3e43-5534-49b3-b3f2-a9f154b450de
2019-10-21 23:47:00,038 [grpc-default-executor-2] INFO  impl.RoleInfo (RoleInfo.java:shutdownFollowerState(121)) - 1360619e-ba1e-4bf9-aec1-9f15b5480b27: shutdown FollowerState
2019-10-21 23:47:00,038 [grpc-default-executor-1] INFO  impl.RoleInfo (RoleInfo.java:shutdownFollowerState(121)) - c58a0a02-acd3-47c8-b3e9-5b8e0493de45: shutdown FollowerState
2019-10-21 23:47:00,038 [Thread-2163] INFO  impl.FollowerState (FollowerState.java:run(117)) - 1360619e-ba1e-4bf9-aec1-9f15b5480b27@group-2FABE92B7E5B-FollowerState was interrupted: java.lang.InterruptedException: sleep interrupted
2019-10-21 23:47:00,038 [grpc-default-executor-2] INFO  impl.RoleInfo (RoleInfo.java:updateAndGet(143)) - 1360619e-ba1e-4bf9-aec1-9f15b5480b27: start FollowerState
2019-10-21 23:47:00,038 [Thread-2162] INFO  impl.FollowerState (FollowerState.java:run(117)) - c58a0a02-acd3-47c8-b3e9-5b8e0493de45@group-2FABE92B7E5B-FollowerState was interrupted: java.lang.InterruptedException: sleep interrupted
2019-10-21 23:47:00,038 [grpc-default-executor-1] INFO  impl.RoleInfo (RoleInfo.java:updateAndGet(143)) - c58a0a02-acd3-47c8-b3e9-5b8e0493de45: start FollowerState
2019-10-21 23:47:00,052 [b88b3e43-5534-49b3-b3f2-a9f154b450de@group-2FABE92B7E5B-LeaderElection297] INFO  impl.LeaderElection (LeaderElection.java:logAndReturn(56)) - b88b3e43-5534-49b3-b3f2-a9f154b450de@group-2FABE92B7E5B-LeaderElection297: Election REJECTED; received 2 response(s) [b88b3e43-5534-49b3-b3f2-a9f154b450de<-c58a0a02-acd3-47c8-b3e9-5b8e0493de45#0:FAIL-t315, b88b3e43-5534-49b3-b3f2-a9f154b450de<-1360619e-ba1e-4bf9-aec1-9f15b5480b27#0:FAIL-t315] and 0 exception(s); b88b3e43-5534-49b3-b3f2-a9f154b450de@group-2FABE92B7E5B:t315, leader=null, voted=b88b3e43-5534-49b3-b3f2-a9f154b450de, raftlog=b88b3e43-5534-49b3-b3f2-a9f154b450de@group-2FABE92B7E5B-SegmentedRaftLog:OPENED:c-1,f-1,i0, conf=-1: [c58a0a02-acd3-47c8-b3e9-5b8e0493de45:192.168.157.254:33611, 1360619e-ba1e-4bf9-aec1-9f15b5480b27:192.168.157.254:45658, b88b3e43-5534-49b3-b3f2-a9f154b450de:192.168.157.254:46786], old=null
2019-10-21 23:47:00,053 [b88b3e43-5534-49b3-b3f2-a9f154b450de@group-2FABE92B7E5B-LeaderElection297] INFO  impl.RaftServerImpl (RaftServerImpl.java:setRole(184)) - b88b3e43-5534-49b3-b3f2-a9f154b450de@group-2FABE92B7E5B: changes role from CANDIDATE to FOLLOWER at term 315 for DISCOVERED_A_NEW_TERM
2019-10-21 23:47:00,053 [b88b3e43-5534-49b3-b3f2-a9f154b450de@group-2FABE92B7E5B-LeaderElection297] INFO  impl.RoleInfo (RoleInfo.java:shutdownLeaderElection(134)) - b88b3e43-5534-49b3-b3f2-a9f154b450de: shutdown LeaderElection
2019-10-21 23:47:00,053 [b88b3e43-5534-49b3-b3f2-a9f154b450de@group-2FABE92B7E5B-LeaderElection297] INFO  impl.RoleInfo (RoleInfo.java:updateAndGet(143)) - b88b3e43-5534-49b3-b3f2-a9f154b450de: start FollowerState
2019-10-21 23:47:00,194 [Thread-2170] INFO  impl.FollowerState (FollowerState.java:run(108)) - b88b3e43-5534-49b3-b3f2-a9f154b450de@group-2FABE92B7E5B-FollowerState: change to CANDIDATE, lastRpcTime:141ms, electionTimeout:141ms
2019-10-21 23:47:00,195 [Thread-2170] INFO  impl.RoleInfo (RoleInfo.java:shutdownFollowerState(121)) - b88b3e43-5534-49b3-b3f2-a9f154b450de: shutdown FollowerState
2019-10-21 23:47:00,195 [Thread-2170] INFO  impl.RaftServerImpl (RaftServerImpl.java:setRole(184)) - b88b3e43-5534-49b3-b3f2-a9f154b450de@group-2FABE92B7E5B: changes role from  FOLLOWER to CANDIDATE at term 315 for changeToCandidate
2019-10-21 23:47:00,195 [Thread-2170] INFO  impl.RoleInfo (RoleInfo.java:updateAndGet(143)) - b88b3e43-5534-49b3-b3f2-a9f154b450de: start LeaderElection
2019-10-21 23:47:00,209 [b88b3e43-5534-49b3-b3f2-a9f154b450de@group-2FABE92B7E5B-LeaderElection298] INFO  impl.LeaderElection (LeaderElection.java:askForVotes(178)) - b88b3e43-5534-49b3-b3f2-a9f154b450de@group-2FABE92B7E5B-LeaderElection298: begin an election at term 316 for -1: [c58a0a02-acd3-47c8-b3e9-5b8e0493de45:192.168.157.254:33611, 1360619e-ba1e-4bf9-aec1-9f15b5480b27:192.168.157.254:45658, b88b3e43-5534-49b3-b3f2-a9f154b450de:192.168.157.254:46786], old=null
2019-10-21 23:47:00,211 [grpc-default-executor-1] INFO  impl.RaftServerImpl (RaftServerImpl.java:setRole(184)) - 1360619e-ba1e-4bf9-aec1-9f15b5480b27@group-2FABE92B7E5B: changes role from  FOLLOWER to FOLLOWER at term 316 for recognizeCandidate:b88b3e43-5534-49b3-b3f2-a9f154b450de
2019-10-21 23:47:00,211 [grpc-default-executor-0] INFO  impl.RaftServerImpl (RaftServerImpl.java:setRole(184)) - c58a0a02-acd3-47c8-b3e9-5b8e0493de45@group-2FABE92B7E5B: changes role from  FOLLOWER to FOLLOWER at term 316 for recognizeCandidate:b88b3e43-5534-49b3-b3f2-a9f154b450de
2019-10-21 23:47:00,212 [grpc-default-executor-0] INFO  impl.RoleInfo (RoleInfo.java:shutdownFollowerState(121)) - c58a0a02-acd3-47c8-b3e9-5b8e0493de45: shutdown FollowerState
2019-10-21 23:47:00,212 [grpc-default-executor-1] INFO  impl.RoleInfo (RoleInfo.java:shutdownFollowerState(121)) - 1360619e-ba1e-4bf9-aec1-9f15b5480b27: shutdown FollowerState
2019-10-21 23:47:00,212 [Thread-2169] INFO  impl.FollowerState (FollowerState.java:run(117)) - c58a0a02-acd3-47c8-b3e9-5b8e0493de45@group-2FABE92B7E5B-FollowerState was interrupted: java.lang.InterruptedException: sleep interrupted
2019-10-21 23:47:00,212 [Thread-2168] INFO  impl.FollowerState (FollowerState.java:run(117)) - 1360619e-ba1e-4bf9-aec1-9f15b5480b27@group-2FABE92B7E5B-FollowerState was interrupted: java.lang.InterruptedException: sleep interrupted
2019-10-21 23:47:00,212 [grpc-default-executor-0] INFO  impl.RoleInfo (RoleInfo.java:updateAndGet(143)) - c58a0a02-acd3-47c8-b3e9-5b8e0493de45: start FollowerState
2019-10-21 23:47:00,212 [grpc-default-executor-1] INFO  impl.RoleInfo (RoleInfo.java:updateAndGet(143)) - 1360619e-ba1e-4bf9-aec1-9f15b5480b27: start FollowerState
2019-10-21 23:47:00,231 [b88b3e43-5534-49b3-b3f2-a9f154b450de@group-2FABE92B7E5B-LeaderElection298] INFO  impl.LeaderElection (LeaderElection.java:logAndReturn(56)) - b88b3e43-5534-49b3-b3f2-a9f154b450de@group-2FABE92B7E5B-LeaderElection298: Election REJECTED; received 2 response(s) [b88b3e43-5534-49b3-b3f2-a9f154b450de<-c58a0a02-acd3-47c8-b3e9-5b8e0493de45#0:FAIL-t316, b88b3e43-5534-49b3-b3f2-a9f154b450de<-1360619e-ba1e-4bf9-aec1-9f15b5480b27#0:FAIL-t316] and 0 exception(s); b88b3e43-5534-49b3-b3f2-a9f154b450de@group-2FABE92B7E5B:t316, leader=null, voted=b88b3e43-5534-49b3-b3f2-a9f154b450de, raftlog=b88b3e43-5534-49b3-b3f2-a9f154b450de@group-2FABE92B7E5B-SegmentedRaftLog:OPENED:c-1,f-1,i0, conf=-1: [c58a0a02-acd3-47c8-b3e9-5b8e0493de45:192.168.157.254:33611, 1360619e-ba1e-4bf9-aec1-9f15b5480b27:192.168.157.254:45658, b88b3e43-5534-49b3-b3f2-a9f154b450de:192.168.157.254:46786], old=null
2019-10-21 23:47:00,232 [b88b3e43-5534-49b3-b3f2-a9f154b450de@group-2FABE92B7E5B-LeaderElection298] INFO  impl.RaftServerImpl (RaftServerImpl.java:setRole(184)) - b88b3e43-5534-49b3-b3f2-a9f154b450de@group-2FABE92B7E5B: changes role from CANDIDATE to FOLLOWER at term 316 for DISCOVERED_A_NEW_TERM
2019-10-21 23:47:00,232 [b88b3e43-5534-49b3-b3f2-a9f154b450de@group-2FABE92B7E5B-LeaderElection298] INFO  impl.RoleInfo (RoleInfo.java:shutdownLeaderElection(134)) - b88b3e43-5534-49b3-b3f2-a9f154b450de: shutdown LeaderElection
2019-10-21 23:47:00,232 [b88b3e43-5534-49b3-b3f2-a9f154b450de@group-2FABE92B7E5B-LeaderElection298] INFO  impl.RoleInfo (RoleInfo.java:updateAndGet(143)) - b88b3e43-5534-49b3-b3f2-a9f154b450de: start FollowerState
2019-10-21 23:47:00,253 [Thread-2179] INFO  impl.FollowerState (FollowerState.java:run(108)) - b88b3e43-5534-49b3-b3f2-a9f154b450de@group-2FABE92B7E5B-FollowerState: change to CANDIDATE, lastRpcTime:21ms, electionTimeout:21ms
2019-10-21 23:47:00,253 [Thread-2179] INFO  impl.RoleInfo (RoleInfo.java:shutdownFollowerState(121)) - b88b3e43-5534-49b3-b3f2-a9f154b450de: shutdown FollowerState
2019-10-21 23:47:00,253 [Thread-2179] INFO  impl.RaftServerImpl (RaftServerImpl.java:setRole(184)) - b88b3e43-5534-49b3-b3f2-a9f154b450de@group-2FABE92B7E5B: changes role from  FOLLOWER to CANDIDATE at term 316 for changeToCandidate
2019-10-21 23:47:00,253 [Thread-2179] INFO  impl.RoleInfo (RoleInfo.java:updateAndGet(143)) - b88b3e43-5534-49b3-b3f2-a9f154b450de: start LeaderElection
2019-10-21 23:47:00,266 [b88b3e43-5534-49b3-b3f2-a9f154b450de@group-2FABE92B7E5B-LeaderElection299] INFO  impl.LeaderElection (LeaderElection.java:askForVotes(178)) - b88b3e43-5534-49b3-b3f2-a9f154b450de@group-2FABE92B7E5B-LeaderElection299: begin an election at term 317 for -1: [c58a0a02-acd3-47c8-b3e9-5b8e0493de45:192.168.157.254:33611, 1360619e-ba1e-4bf9-aec1-9f15b5480b27:192.168.157.254:45658, b88b3e43-5534-49b3-b3f2-a9f154b450de:192.168.157.254:46786], old=null
2019-10-21 23:47:00,268 [grpc-default-executor-0] INFO  impl.RaftServerImpl (RaftServerImpl.java:setRole(184)) - c58a0a02-acd3-47c8-b3e9-5b8e0493de45@group-2FABE92B7E5B: changes role from  FOLLOWER to FOLLOWER at term 317 for recognizeCandidate:b88b3e43-5534-49b3-b3f2-a9f154b450de
2019-10-21 23:47:00,268 [grpc-default-executor-0] INFO  impl.RoleInfo (RoleInfo.java:shutdownFollowerState(121)) - c58a0a02-acd3-47c8-b3e9-5b8e0493de45: shutdown FollowerState
2019-10-21 23:47:00,268 [grpc-default-executor-0] INFO  impl.RoleInfo (RoleInfo.java:updateAndGet(143)) - c58a0a02-acd3-47c8-b3e9-5b8e0493de45: start FollowerState
2019-10-21 23:47:00,268 [grpc-default-executor-1] INFO  impl.RaftServerImpl (RaftServerImpl.java:setRole(184)) - 1360619e-ba1e-4bf9-aec1-9f15b5480b27@group-2FABE92B7E5B: changes role from  FOLLOWER to FOLLOWER at term 317 for recognizeCandidate:b88b3e43-5534-49b3-b3f2-a9f154b450de
2019-10-21 23:47:00,268 [Thread-2176] INFO  impl.FollowerState (FollowerState.java:run(117)) - c58a0a02-acd3-47c8-b3e9-5b8e0493de45@group-2FABE92B7E5B-FollowerState was interrupted: java.lang.InterruptedException: sleep interrupted
2019-10-21 23:47:00,268 [grpc-default-executor-1] INFO  impl.RoleInfo (RoleInfo.java:shutdownFollowerState(121)) - 1360619e-ba1e-4bf9-aec1-9f15b5480b27: shutdown FollowerState
2019-10-21 23:47:00,268 [grpc-default-executor-1] INFO  impl.RoleInfo (RoleInfo.java:updateAndGet(143)) - 1360619e-ba1e-4bf9-aec1-9f15b5480b27: start FollowerState
2019-10-21 23:47:00,268 [Thread-2178] INFO  impl.FollowerState (FollowerState.java:run(117)) - 1360619e-ba1e-4bf9-aec1-9f15b5480b27@group-2FABE92B7E5B-FollowerState was interrupted: java.lang.InterruptedException: sleep interrupted
2019-10-21 23:47:00,282 [b88b3e43-5534-49b3-b3f2-a9f154b450de@group-2FABE92B7E5B-LeaderElection299] INFO  impl.LeaderElection (LeaderElection.java:logAndReturn(56)) - b88b3e43-5534-49b3-b3f2-a9f154b450de@group-2FABE92B7E5B-LeaderElection299: Election REJECTED; received 2 response(s) [b88b3e43-5534-49b3-b3f2-a9f154b450de<-c58a0a02-acd3-47c8-b3e9-5b8e0493de45#0:FAIL-t317, b88b3e43-5534-49b3-b3f2-a9f154b450de<-1360619e-ba1e-4bf9-aec1-9f15b5480b27#0:FAIL-t317] and 0 exception(s); b88b3e43-5534-49b3-b3f2-a9f154b450de@group-2FABE92B7E5B:t317, leader=null, voted=b88b3e43-5534-49b3-b3f2-a9f154b450de, raftlog=b88b3e43-5534-49b3-b3f2-a9f154b450de@group-2FABE92B7E5B-SegmentedRaftLog:OPENED:c-1,f-1,i0, conf=-1: [c58a0a02-acd3-47c8-b3e9-5b8e0493de45:192.168.157.254:33611, 1360619e-ba1e-4bf9-aec1-9f15b5480b27:192.168.157.254:45658, b88b3e43-5534-49b3-b3f2-a9f154b450de:192.168.157.254:46786], old=null
2019-10-21 23:47:00,282 [b88b3e43-5534-49b3-b3f2-a9f154b450de@group-2FABE92B7E5B-LeaderElection299] INFO  impl.RaftServerImpl (RaftServerImpl.java:setRole(184)) - b88b3e43-5534-49b3-b3f2-a9f154b450de@group-2FABE92B7E5B: changes role from CANDIDATE to FOLLOWER at term 317 for DISCOVERED_A_NEW_TERM
2019-10-21 23:47:00,282 [b88b3e43-5534-49b3-b3f2-a9f154b450de@group-2FABE92B7E5B-LeaderElection299] INFO  impl.RoleInfo (RoleInfo.java:shutdownLeaderElection(134)) - b88b3e43-5534-49b3-b3f2-a9f154b450de: shutdown LeaderElection
2019-10-21 23:47:00,282 [b88b3e43-5534-49b3-b3f2-a9f154b450de@group-2FABE92B7E5B-LeaderElection299] INFO  impl.RoleInfo (RoleInfo.java:updateAndGet(143)) - b88b3e43-5534-49b3-b3f2-a9f154b450de: start FollowerState
2019-10-21 23:47:00,283 [Thread-2185] INFO  impl.FollowerState (FollowerState.java:run(108)) - b88b3e43-5534-49b3-b3f2-a9f154b450de@group-2FABE92B7E5B-FollowerState: change to CANDIDATE, lastRpcTime:1ms, electionTimeout:1ms
2019-10-21 23:47:00,283 [Thread-2185] INFO  impl.RoleInfo (RoleInfo.java:shutdownFollowerState(121)) - b88b3e43-5534-49b3-b3f2-a9f154b450de: shutdown FollowerState
2019-10-21 23:47:00,284 [Thread-2185] INFO  impl.RaftServerImpl (RaftServerImpl.java:setRole(184)) - b88b3e43-5534-49b3-b3f2-a9f154b450de@group-2FABE92B7E5B: changes role from  FOLLOWER to CANDIDATE at term 317 for changeToCandidate
2019-10-21 23:47:00,284 [Thread-2185] INFO  impl.RoleInfo (RoleInfo.java:updateAndGet(143)) - b88b3e43-5534-49b3-b3f2-a9f154b450de: start LeaderElection
2019-10-21 23:47:00,299 [b88b3e43-5534-49b3-b3f2-a9f154b450de@group-2FABE92B7E5B-LeaderElection300] INFO  impl.LeaderElection (LeaderElection.java:askForVotes(178)) - b88b3e43-5534-49b3-b3f2-a9f154b450de@group-2FABE92B7E5B-LeaderElection300: begin an election at term 318 for -1: [c58a0a02-acd3-47c8-b3e9-5b8e0493de45:192.168.157.254:33611, 1360619e-ba1e-4bf9-aec1-9f15b5480b27:192.168.157.254:45658, b88b3e43-5534-49b3-b3f2-a9f154b450de:192.168.157.254:46786], old=null
2019-10-21 23:47:00,300 [grpc-default-executor-1] INFO  impl.RaftServerImpl (RaftServerImpl.java:setRole(184)) - c58a0a02-acd3-47c8-b3e9-5b8e0493de45@group-2FABE92B7E5B: changes role from  FOLLOWER to FOLLOWER at term 318 for recognizeCandidate:b88b3e43-5534-49b3-b3f2-a9f154b450de
2019-10-21 23:47:00,300 [grpc-default-executor-0] INFO  impl.RaftServerImpl (RaftServerImpl.java:setRole(184)) - 1360619e-ba1e-4bf9-aec1-9f15b5480b27@group-2FABE92B7E5B: changes role from  FOLLOWER to FOLLOWER at term 318 for recognizeCandidate:b88b3e43-5534-49b3-b3f2-a9f154b450de
2019-10-21 23:47:00,301 [grpc-default-executor-0] INFO  impl.RoleInfo (RoleInfo.java:shutdownFollowerState(121)) - 1360619e-ba1e-4bf9-aec1-9f15b5480b27: shutdown FollowerState
2019-10-21 23:47:00,301 [grpc-default-executor-1] INFO  impl.RoleInfo (RoleInfo.java:shutdownFollowerState(121)) - c58a0a02-acd3-47c8-b3e9-5b8e0493de45: shutdown FollowerState
2019-10-21 23:47:00,301 [grpc-default-executor-0] INFO  impl.RoleInfo (RoleInfo.java:updateAndGet(143)) - 1360619e-ba1e-4bf9-aec1-9f15b5480b27: start FollowerState
2019-10-21 23:47:00,301 [Thread-2184] INFO  impl.FollowerState (FollowerState.java:run(117)) - 1360619e-ba1e-4bf9-aec1-9f15b5480b27@group-2FABE92B7E5B-FollowerState was interrupted: java.lang.InterruptedException: sleep interrupted
2019-10-21 23:47:00,301 [Thread-2183] INFO  impl.FollowerState (FollowerState.java:run(117)) - c58a0a02-acd3-47c8-b3e9-5b8e0493de45@group-2FABE92B7E5B-FollowerState was interrupted: java.lang.InterruptedException: sleep interrupted
2019-10-21 23:47:00,301 [grpc-default-executor-1] INFO  impl.RoleInfo (RoleInfo.java:updateAndGet(143)) - c58a0a02-acd3-47c8-b3e9-5b8e0493de45: start FollowerState
2019-10-21 23:47:00,315 [b88b3e43-5534-49b3-b3f2-a9f154b450de@group-2FABE92B7E5B-LeaderElection300] INFO  impl.LeaderElection (LeaderElection.java:logAndReturn(56)) - b88b3e43-5534-49b3-b3f2-a9f154b450de@group-2FABE92B7E5B-LeaderElection300: Election REJECTED; received 2 response(s) [b88b3e43-5534-49b3-b3f2-a9f154b450de<-c58a0a02-acd3-47c8-b3e9-5b8e0493de45#0:FAIL-t318, b88b3e43-5534-49b3-b3f2-a9f154b450de<-1360619e-ba1e-4bf9-aec1-9f15b5480b27#0:FAIL-t318] and 0 exception(s); b88b3e43-5534-49b3-b3f2-a9f154b450de@group-2FABE92B7E5B:t318, leader=null, voted=b88b3e43-5534-49b3-b3f2-a9f154b450de, raftlog=b88b3e43-5534-49b3-b3f2-a9f154b450de@group-2FABE92B7E5B-SegmentedRaftLog:OPENED:c-1,f-1,i0, conf=-1: [c58a0a02-acd3-47c8-b3e9-5b8e0493de45:192.168.157.254:33611, 1360619e-ba1e-4bf9-aec1-9f15b5480b27:192.168.157.254:45658, b88b3e43-5534-49b3-b3f2-a9f154b450de:192.168.157.254:46786], old=null
2019-10-21 23:47:00,316 [b88b3e43-5534-49b3-b3f2-a9f154b450de@group-2FABE92B7E5B-LeaderElection300] INFO  impl.RaftServerImpl (RaftServerImpl.java:setRole(184)) - b88b3e43-5534-49b3-b3f2-a9f154b450de@group-2FABE92B7E5B: changes role from CANDIDATE to FOLLOWER at term 318 for DISCOVERED_A_NEW_TERM
2019-10-21 23:47:00,316 [b88b3e43-5534-49b3-b3f2-a9f154b450de@group-2FABE92B7E5B-LeaderElection300] INFO  impl.RoleInfo (RoleInfo.java:shutdownLeaderElection(134)) - b88b3e43-5534-49b3-b3f2-a9f154b450de: shutdown LeaderElection
2019-10-21 23:47:00,316 [b88b3e43-5534-49b3-b3f2-a9f154b450de@group-2FABE92B7E5B-LeaderElection300] INFO  impl.RoleInfo (RoleInfo.java:updateAndGet(143)) - b88b3e43-5534-49b3-b3f2-a9f154b450de: start FollowerState
2019-10-21 23:47:00,339 [Thread-2191] INFO  impl.FollowerState (FollowerState.java:run(108)) - b88b3e43-5534-49b3-b3f2-a9f154b450de@group-2FABE92B7E5B-FollowerState: change to CANDIDATE, lastRpcTime:23ms, electionTimeout:23ms
2019-10-21 23:47:00,339 [Thread-2191] INFO  impl.RoleInfo (RoleInfo.java:shutdownFollowerState(121)) - b88b3e43-5534-49b3-b3f2-a9f154b450de: shutdown FollowerState
2019-10-21 23:47:00,340 [Thread-2191] INFO  impl.RaftServerImpl (RaftServerImpl.java:setRole(184)) - b88b3e43-5534-49b3-b3f2-a9f154b450de@group-2FABE92B7E5B: changes role from  FOLLOWER to CANDIDATE at term 318 for changeToCandidate
2019-10-21 23:47:00,340 [Thread-2191] INFO  impl.RoleInfo (RoleInfo.java:updateAndGet(143)) - b88b3e43-5534-49b3-b3f2-a9f154b450de: start LeaderElection
2019-10-21 23:47:00,352 [b88b3e43-5534-49b3-b3f2-a9f154b450de@group-2FABE92B7E5B-LeaderElection301] INFO  impl.LeaderElection (LeaderElection.java:askForVotes(178)) - b88b3e43-5534-49b3-b3f2-a9f154b450de@group-2FABE92B7E5B-LeaderElection301: begin an election at term 319 for -1: [c58a0a02-acd3-47c8-b3e9-5b8e0493de45:192.168.157.254:33611, 1360619e-ba1e-4bf9-aec1-9f15b5480b27:192.168.157.254:45658, b88b3e43-5534-49b3-b3f2-a9f154b450de:192.168.157.254:46786], old=null
2019-10-21 23:47:00,354 [grpc-default-executor-0] INFO  impl.RaftServerImpl (RaftServerImpl.java:setRole(184)) - c58a0a02-acd3-47c8-b3e9-5b8e0493de45@group-2FABE92B7E5B: changes role from  FOLLOWER to FOLLOWER at term 319 for recognizeCandidate:b88b3e43-5534-49b3-b3f2-a9f154b450de
2019-10-21 23:47:00,354 [grpc-default-executor-0] INFO  impl.RoleInfo (RoleInfo.java:shutdownFollowerState(121)) - c58a0a02-acd3-47c8-b3e9-5b8e0493de45: shutdown FollowerState
2019-10-21 23:47:00,354 [grpc-default-executor-1] INFO  impl.RaftServerImpl (RaftServerImpl.java:setRole(184)) - 1360619e-ba1e-4bf9-aec1-9f15b5480b27@group-2FABE92B7E5B: changes role from  FOLLOWER to FOLLOWER at term 319 for recognizeCandidate:b88b3e43-5534-49b3-b3f2-a9f154b450de
2019-10-21 23:47:00,354 [grpc-default-executor-1] INFO  impl.RoleInfo (RoleInfo.java:shutdownFollowerState(121)) - 1360619e-ba1e-4bf9-aec1-9f15b5480b27: shutdown FollowerState
2019-10-21 23:47:00,354 [Thread-2190] INFO  impl.FollowerState (FollowerState.java:run(117)) - c58a0a02-acd3-47c8-b3e9-5b8e0493de45@group-2FABE92B7E5B-FollowerState was interrupted: java.lang.InterruptedException: sleep interrupted
2019-10-21 23:47:00,354 [grpc-default-executor-0] INFO  impl.RoleInfo (RoleInfo.java:updateAndGet(143)) - c58a0a02-acd3-47c8-b3e9-5b8e0493de45: start FollowerState
2019-10-21 23:47:00,355 [Thread-2189] INFO  impl.FollowerState (FollowerState.java:run(117)) - 1360619e-ba1e-4bf9-aec1-9f15b5480b27@group-2FABE92B7E5B-FollowerState was interrupted: java.lang.InterruptedException: sleep interrupted
2019-10-21 23:47:00,355 [grpc-default-executor-1] INFO  impl.RoleInfo (RoleInfo.java:updateAndGet(143)) - 1360619e-ba1e-4bf9-aec1-9f15b5480b27: start FollowerState
2019-10-21 23:47:00,359 [b88b3e43-5534-49b3-b3f2-a9f154b450de@group-2FABE92B7E5B-LeaderElection301] INFO  impl.LeaderElection (LeaderElection.java:logAndReturn(56)) - b88b3e43-5534-49b3-b3f2-a9f154b450de@group-2FABE92B7E5B-LeaderElection301: Election REJECTED; received 2 response(s) [b88b3e43-5534-49b3-b3f2-a9f154b450de<-c58a0a02-acd3-47c8-b3e9-5b8e0493de45#0:FAIL-t319, b88b3e43-5534-49b3-b3f2-a9f154b450de<-1360619e-ba1e-4bf9-aec1-9f15b5480b27#0:FAIL-t319] and 0 exception(s); b88b3e43-5534-49b3-b3f2-a9f154b450de@group-2FABE92B7E5B:t319, leader=null, voted=b88b3e43-5534-49b3-b3f2-a9f154b450de, raftlog=b88b3e43-5534-49b3-b3f2-a9f154b450de@group-2FABE92B7E5B-SegmentedRaftLog:OPENED:c-1,f-1,i0, conf=-1: [c58a0a02-acd3-47c8-b3e9-5b8e0493de45:192.168.157.254:33611, 1360619e-ba1e-4bf9-aec1-9f15b5480b27:192.168.157.254:45658, b88b3e43-5534-49b3-b3f2-a9f154b450de:192.168.157.254:46786], old=null
2019-10-21 23:47:00,359 [b88b3e43-5534-49b3-b3f2-a9f154b450de@group-2FABE92B7E5B-LeaderElection301] INFO  impl.RaftServerImpl (RaftServerImpl.java:setRole(184)) - b88b3e43-5534-49b3-b3f2-a9f154b450de@group-2FABE92B7E5B: changes role from CANDIDATE to FOLLOWER at term 319 for DISCOVERED_A_NEW_TERM
2019-10-21 23:47:00,359 [b88b3e43-5534-49b3-b3f2-a9f154b450de@group-2FABE92B7E5B-LeaderElection301] INFO  impl.RoleInfo (RoleInfo.java:shutdownLeaderElection(134)) - b88b3e43-5534-49b3-b3f2-a9f154b450de: shutdown LeaderElection
2019-10-21 23:47:00,359 [b88b3e43-5534-49b3-b3f2-a9f154b450de@group-2FABE92B7E5B-LeaderElection301] INFO  impl.RoleInfo (RoleInfo.java:updateAndGet(143)) - b88b3e43-5534-49b3-b3f2-a9f154b450de: start FollowerState
2019-10-21 23:47:00,410 [Thread-2197] INFO  impl.FollowerState (FollowerState.java:run(108)) - b88b3e43-5534-49b3-b3f2-a9f154b450de@group-2FABE92B7E5B-FollowerState: change to CANDIDATE, lastRpcTime:51ms, electionTimeout:51ms
2019-10-21 23:47:00,411 [Thread-2197] INFO  impl.RoleInfo (RoleInfo.java:shutdownFollowerState(121)) - b88b3e43-5534-49b3-b3f2-a9f154b450de: shutdown FollowerState
2019-10-21 23:47:00,411 [Thread-2197] INFO  impl.RaftServerImpl (RaftServerImpl.java:setRole(184)) - b88b3e43-5534-49b3-b3f2-a9f154b450de@group-2FABE92B7E5B: changes role from  FOLLOWER to CANDIDATE at term 319 for changeToCandidate
2019-10-21 23:47:00,411 [Thread-2197] INFO  impl.RoleInfo (RoleInfo.java:updateAndGet(143)) - b88b3e43-5534-49b3-b3f2-a9f154b450de: start LeaderElection
2019-10-21 23:47:00,423 [b88b3e43-5534-49b3-b3f2-a9f154b450de@group-2FABE92B7E5B-LeaderElection302] INFO  impl.LeaderElection (LeaderElection.java:askForVotes(178)) - b88b3e43-5534-49b3-b3f2-a9f154b450de@group-2FABE92B7E5B-LeaderElection302: begin an election at term 320 for -1: [c58a0a02-acd3-47c8-b3e9-5b8e0493de45:192.168.157.254:33611, 1360619e-ba1e-4bf9-aec1-9f15b5480b27:192.168.157.254:45658, b88b3e43-5534-49b3-b3f2-a9f154b450de:192.168.157.254:46786], old=null
2019-10-21 23:47:00,425 [grpc-default-executor-1] INFO  impl.RaftServerImpl (RaftServerImpl.java:setRole(184)) - c58a0a02-acd3-47c8-b3e9-5b8e0493de45@group-2FABE92B7E5B: changes role from  FOLLOWER to FOLLOWER at term 320 for recognizeCandidate:b88b3e43-5534-49b3-b3f2-a9f154b450de
2019-10-21 23:47:00,425 [grpc-default-executor-0] INFO  impl.RaftServerImpl (RaftServerImpl.java:setRole(184)) - 1360619e-ba1e-4bf9-aec1-9f15b5480b27@group-2FABE92B7E5B: changes role from  FOLLOWER to FOLLOWER at term 320 for recognizeCandidate:b88b3e43-5534-49b3-b3f2-a9f154b450de
2019-10-21 23:47:00,425 [grpc-default-executor-1] INFO  impl.RoleInfo (RoleInfo.java:shutdownFollowerState(121)) - c58a0a02-acd3-47c8-b3e9-5b8e0493de45: shutdown FollowerState
2019-10-21 23:47:00,425 [grpc-default-executor-0] INFO  impl.RoleInfo (RoleInfo.java:shutdownFollowerState(121)) - 1360619e-ba1e-4bf9-aec1-9f15b5480b27: shutdown FollowerState
2019-10-21 23:47:00,426 [Thread-2195] INFO  impl.FollowerState (FollowerState.java:run(117)) - c58a0a02-acd3-47c8-b3e9-5b8e0493de45@group-2FABE92B7E5B-FollowerState was interrupted: java.lang.InterruptedException: sleep interrupted
2019-10-21 23:47:00,426 [grpc-default-executor-1] INFO  impl.RoleInfo (RoleInfo.java:updateAndGet(143)) - c58a0a02-acd3-47c8-b3e9-5b8e0493de45: start FollowerState
2019-10-21 23:47:00,426 [Thread-2196] INFO  impl.FollowerState (FollowerState.java:run(117)) - 1360619e-ba1e-4bf9-aec1-9f15b5480b27@group-2FABE92B7E5B-FollowerState was interrupted: java.lang.InterruptedException: sleep interrupted
2019-10-21 23:47:00,426 [grpc-default-executor-0] INFO  impl.RoleInfo (RoleInfo.java:updateAndGet(143)) - 1360619e-ba1e-4bf9-aec1-9f15b5480b27: start FollowerState
2019-10-21 23:47:00,445 [b88b3e43-5534-49b3-b3f2-a9f154b450de@group-2FABE92B7E5B-LeaderElection302] INFO  impl.LeaderElection (LeaderElection.java:logAndReturn(56)) - b88b3e43-5534-49b3-b3f2-a9f154b450de@group-2FABE92B7E5B-LeaderElection302: Election REJECTED; received 2 response(s) [b88b3e43-5534-49b3-b3f2-a9f154b450de<-c58a0a02-acd3-47c8-b3e9-5b8e0493de45#0:FAIL-t320, b88b3e43-5534-49b3-b3f2-a9f154b450de<-1360619e-ba1e-4bf9-aec1-9f15b5480b27#0:FAIL-t320] and 0 exception(s); b88b3e43-5534-49b3-b3f2-a9f154b450de@group-2FABE92B7E5B:t320, leader=null, voted=b88b3e43-5534-49b3-b3f2-a9f154b450de, raftlog=b88b3e43-5534-49b3-b3f2-a9f154b450de@group-2FABE92B7E5B-SegmentedRaftLog:OPENED:c-1,f-1,i0, conf=-1: [c58a0a02-acd3-47c8-b3e9-5b8e0493de45:192.168.157.254:33611, 1360619e-ba1e-4bf9-aec1-9f15b5480b27:192.168.157.254:45658, b88b3e43-5534-49b3-b3f2-a9f154b450de:192.168.157.254:46786], old=null
2019-10-21 23:47:00,445 [b88b3e43-5534-49b3-b3f2-a9f154b450de@group-2FABE92B7E5B-LeaderElection302] INFO  impl.RaftServerImpl (RaftServerImpl.java:setRole(184)) - b88b3e43-5534-49b3-b3f2-a9f154b450de@group-2FABE92B7E5B: changes role from CANDIDATE to FOLLOWER at term 320 for DISCOVERED_A_NEW_TERM
2019-10-21 23:47:00,445 [b88b3e43-5534-49b3-b3f2-a9f154b450de@group-2FABE92B7E5B-LeaderElection302] INFO  impl.RoleInfo (RoleInfo.java:shutdownLeaderElection(134)) - b88b3e43-5534-49b3-b3f2-a9f154b450de: shutdown LeaderElection
2019-10-21 23:47:00,446 [b88b3e43-5534-49b3-b3f2-a9f154b450de@group-2FABE92B7E5B-LeaderElection302] INFO  impl.RoleInfo (RoleInfo.java:updateAndGet(143)) - b88b3e43-5534-49b3-b3f2-a9f154b450de: start FollowerState
2019-10-21 23:47:00,527 [Thread-2203] INFO  impl.FollowerState (FollowerState.java:run(108)) - b88b3e43-5534-49b3-b3f2-a9f154b450de@group-2FABE92B7E5B-FollowerState: change to CANDIDATE, lastRpcTime:81ms, electionTimeout:81ms
2019-10-21 23:47:00,527 [Thread-2203] INFO  impl.RoleInfo (RoleInfo.java:shutdownFollowerState(121)) - b88b3e43-5534-49b3-b3f2-a9f154b450de: shutdown FollowerState
2019-10-21 23:47:00,527 [Thread-2203] INFO  impl.RaftServerImpl (RaftServerImpl.java:setRole(184)) - b88b3e43-5534-49b3-b3f2-a9f154b450de@group-2FABE92B7E5B: changes role from  FOLLOWER to CANDIDATE at term 320 for changeToCandidate
2019-10-21 23:47:00,528 [Thread-2203] INFO  impl.RoleInfo (RoleInfo.java:updateAndGet(143)) - b88b3e43-5534-49b3-b3f2-a9f154b450de: start LeaderElection
2019-10-21 23:47:00,554 [b88b3e43-5534-49b3-b3f2-a9f154b450de@group-2FABE92B7E5B-LeaderElection303] INFO  impl.LeaderElection (LeaderElection.java:askForVotes(178)) - b88b3e43-5534-49b3-b3f2-a9f154b450de@group-2FABE92B7E5B-LeaderElection303: begin an election at term 321 for -1: [c58a0a02-acd3-47c8-b3e9-5b8e0493de45:192.168.157.254:33611, 1360619e-ba1e-4bf9-aec1-9f15b5480b27:192.168.157.254:45658, b88b3e43-5534-49b3-b3f2-a9f154b450de:192.168.157.254:46786], old=null
2019-10-21 23:47:00,556 [grpc-default-executor-0] INFO  impl.RaftServerImpl (RaftServerImpl.java:setRole(184)) - c58a0a02-acd3-47c8-b3e9-5b8e0493de45@group-2FABE92B7E5B: changes role from  FOLLOWER to FOLLOWER at term 321 for recognizeCandidate:b88b3e43-5534-49b3-b3f2-a9f154b450de
2019-10-21 23:47:00,556 [grpc-default-executor-0] INFO  impl.RoleInfo (RoleInfo.java:shutdownFollowerState(121)) - c58a0a02-acd3-47c8-b3e9-5b8e0493de45: shutdown FollowerState
2019-10-21 23:47:00,556 [grpc-default-executor-1] INFO  impl.RaftServerImpl (RaftServerImpl.java:setRole(184)) - 1360619e-ba1e-4bf9-aec1-9f15b5480b27@group-2FABE92B7E5B: changes role from  FOLLOWER to FOLLOWER at term 321 for recognizeCandidate:b88b3e43-5534-49b3-b3f2-a9f154b450de
2019-10-21 23:47:00,556 [Thread-2201] INFO  impl.FollowerState (FollowerState.java:run(117)) - c58a0a02-acd3-47c8-b3e9-5b8e0493de45@group-2FABE92B7E5B-FollowerState was interrupted: java.lang.InterruptedException: sleep interrupted
2019-10-21 23:47:00,556 [grpc-default-executor-0] INFO  impl.RoleInfo (RoleInfo.java:updateAndGet(143)) - c58a0a02-acd3-47c8-b3e9-5b8e0493de45: start FollowerState
2019-10-21 23:47:00,556 [grpc-default-executor-1] INFO  impl.RoleInfo (RoleInfo.java:shutdownFollowerState(121)) - 1360619e-ba1e-4bf9-aec1-9f15b5480b27: shutdown FollowerState
2019-10-21 23:47:00,557 [grpc-default-executor-1] INFO  impl.RoleInfo (RoleInfo.java:updateAndGet(143)) - 1360619e-ba1e-4bf9-aec1-9f15b5480b27: start FollowerState
2019-10-21 23:47:00,557 [Thread-2202] INFO  impl.FollowerState (FollowerState.java:run(117)) - 1360619e-ba1e-4bf9-aec1-9f15b5480b27@group-2FABE92B7E5B-FollowerState was interrupted: java.lang.InterruptedException: sleep interrupted
2019-10-21 23:47:00,571 [b88b3e43-5534-49b3-b3f2-a9f154b450de@group-2FABE92B7E5B-LeaderElection303] INFO  impl.LeaderElection (LeaderElection.java:logAndReturn(56)) - b88b3e43-5534-49b3-b3f2-a9f154b450de@group-2FABE92B7E5B-LeaderElection303: Election REJECTED; received 2 response(s) [b88b3e43-5534-49b3-b3f2-a9f154b450de<-c58a0a02-acd3-47c8-b3e9-5b8e0493de45#0:FAIL-t321, b88b3e43-5534-49b3-b3f2-a9f154b450de<-1360619e-ba1e-4bf9-aec1-9f15b5480b27#0:FAIL-t321] and 0 exception(s); b88b3e43-5534-49b3-b3f2-a9f154b450de@group-2FABE92B7E5B:t321, leader=null, voted=b88b3e43-5534-49b3-b3f2-a9f154b450de, raftlog=b88b3e43-5534-49b3-b3f2-a9f154b450de@group-2FABE92B7E5B-SegmentedRaftLog:OPENED:c-1,f-1,i0, conf=-1: [c58a0a02-acd3-47c8-b3e9-5b8e0493de45:192.168.157.254:33611, 1360619e-ba1e-4bf9-aec1-9f15b5480b27:192.168.157.254:45658, b88b3e43-5534-49b3-b3f2-a9f154b450de:192.168.157.254:46786], old=null
2019-10-21 23:47:00,571 [b88b3e43-5534-49b3-b3f2-a9f154b450de@group-2FABE92B7E5B-LeaderElection303] INFO  impl.RaftServerImpl (RaftServerImpl.java:setRole(184)) - b88b3e43-5534-49b3-b3f2-a9f154b450de@group-2FABE92B7E5B: changes role from CANDIDATE to FOLLOWER at term 321 for DISCOVERED_A_NEW_TERM
2019-10-21 23:47:00,571 [b88b3e43-5534-49b3-b3f2-a9f154b450de@group-2FABE92B7E5B-LeaderElection303] INFO  impl.RoleInfo (RoleInfo.java:shutdownLeaderElection(134)) - b88b3e43-5534-49b3-b3f2-a9f154b450de: shutdown LeaderElection
2019-10-21 23:47:00,571 [b88b3e43-5534-49b3-b3f2-a9f154b450de@group-2FABE92B7E5B-LeaderElection303] INFO  impl.RoleInfo (RoleInfo.java:updateAndGet(143)) - b88b3e43-5534-49b3-b3f2-a9f154b450de: start FollowerState
2019-10-21 23:47:00,685 [Thread-2209] INFO  impl.FollowerState (FollowerState.java:run(108)) - b88b3e43-5534-49b3-b3f2-a9f154b450de@group-2FABE92B7E5B-FollowerState: change to CANDIDATE, lastRpcTime:114ms, electionTimeout:114ms
2019-10-21 23:47:00,686 [Thread-2209] INFO  impl.RoleInfo (RoleInfo.java:shutdownFollowerState(121)) - b88b3e43-5534-49b3-b3f2-a9f154b450de: shutdown FollowerState
2019-10-21 23:47:00,686 [Thread-2209] INFO  impl.RaftServerImpl (RaftServerImpl.java:setRole(184)) - b88b3e43-5534-49b3-b3f2-a9f154b450de@group-2FABE92B7E5B: changes role from  FOLLOWER to CANDIDATE at term 321 for changeToCandidate
2019-10-21 23:47:00,686 [Thread-2209] INFO  impl.RoleInfo (RoleInfo.java:updateAndGet(143)) - b88b3e43-5534-49b3-b3f2-a9f154b450de: start LeaderElection
2019-10-21 23:47:00,705 [b88b3e43-5534-49b3-b3f2-a9f154b450de@group-2FABE92B7E5B-LeaderElection304] INFO  impl.LeaderElection (LeaderElection.java:askForVotes(178)) - b88b3e43-5534-49b3-b3f2-a9f154b450de@group-2FABE92B7E5B-LeaderElection304: begin an election at term 322 for -1: [c58a0a02-acd3-47c8-b3e9-5b8e0493de45:192.168.157.254:33611, 1360619e-ba1e-4bf9-aec1-9f15b5480b27:192.168.157.254:45658, b88b3e43-5534-49b3-b3f2-a9f154b450de:192.168.157.254:46786], old=null
2019-10-21 23:47:00,707 [grpc-default-executor-0] INFO  impl.RaftServerImpl (RaftServerImpl.java:setRole(184)) - c58a0a02-acd3-47c8-b3e9-5b8e0493de45@group-2FABE92B7E5B: changes role from  FOLLOWER to FOLLOWER at term 322 for recognizeCandidate:b88b3e43-5534-49b3-b3f2-a9f154b450de
2019-10-21 23:47:00,707 [grpc-default-executor-0] INFO  impl.RoleInfo (RoleInfo.java:shutdownFollowerState(121)) - c58a0a02-acd3-47c8-b3e9-5b8e0493de45: shutdown FollowerState
2019-10-21 23:47:00,707 [grpc-default-executor-1] INFO  impl.RaftServerImpl (RaftServerImpl.java:setRole(184)) - 1360619e-ba1e-4bf9-aec1-9f15b5480b27@group-2FABE92B7E5B: changes role from  FOLLOWER to FOLLOWER at term 322 for recognizeCandidate:b88b3e43-5534-49b3-b3f2-a9f154b450de
2019-10-21 23:47:00,707 [grpc-default-executor-1] INFO  impl.RoleInfo (RoleInfo.java:shutdownFollowerState(121)) - 1360619e-ba1e-4bf9-aec1-9f15b5480b27: shutdown FollowerState
2019-10-21 23:47:00,707 [grpc-default-executor-1] INFO  impl.RoleInfo (RoleInfo.java:updateAndGet(143)) - 1360619e-ba1e-4bf9-aec1-9f15b5480b27: start FollowerState
2019-10-21 23:47:00,707 [Thread-2207] INFO  impl.FollowerState (FollowerState.java:run(117)) - c58a0a02-acd3-47c8-b3e9-5b8e0493de45@group-2FABE92B7E5B-FollowerState was interrupted: java.lang.InterruptedException: sleep interrupted
2019-10-21 23:47:00,707 [grpc-default-executor-0] INFO  impl.RoleInfo (RoleInfo.java:updateAndGet(143)) - c58a0a02-acd3-47c8-b3e9-5b8e0493de45: start FollowerState
2019-10-21 23:47:00,707 [Thread-2208] INFO  impl.FollowerState (FollowerState.java:run(117)) - 1360619e-ba1e-4bf9-aec1-9f15b5480b27@group-2FABE92B7E5B-FollowerState was interrupted: java.lang.InterruptedException: sleep interrupted
2019-10-21 23:47:00,725 [b88b3e43-5534-49b3-b3f2-a9f154b450de@group-2FABE92B7E5B-LeaderElection304] INFO  impl.LeaderElection (LeaderElection.java:logAndReturn(56)) - b88b3e43-5534-49b3-b3f2-a9f154b450de@group-2FABE92B7E5B-LeaderElection304: Election REJECTED; received 2 response(s) [b88b3e43-5534-49b3-b3f2-a9f154b450de<-c58a0a02-acd3-47c8-b3e9-5b8e0493de45#0:FAIL-t322, b88b3e43-5534-49b3-b3f2-a9f154b450de<-1360619e-ba1e-4bf9-aec1-9f15b5480b27#0:FAIL-t322] and 0 exception(s); b88b3e43-5534-49b3-b3f2-a9f154b450de@group-2FABE92B7E5B:t322, leader=null, voted=b88b3e43-5534-49b3-b3f2-a9f154b450de, raftlog=b88b3e43-5534-49b3-b3f2-a9f154b450de@group-2FABE92B7E5B-SegmentedRaftLog:OPENED:c-1,f-1,i0, conf=-1: [c58a0a02-acd3-47c8-b3e9-5b8e0493de45:192.168.157.254:33611, 1360619e-ba1e-4bf9-aec1-9f15b5480b27:192.168.157.254:45658, b88b3e43-5534-49b3-b3f2-a9f154b450de:192.168.157.254:46786], old=null
2019-10-21 23:47:00,725 [b88b3e43-5534-49b3-b3f2-a9f154b450de@group-2FABE92B7E5B-LeaderElection304] INFO  impl.RaftServerImpl (RaftServerImpl.java:setRole(184)) - b88b3e43-5534-49b3-b3f2-a9f154b450de@group-2FABE92B7E5B: changes role from CANDIDATE to FOLLOWER at term 322 for DISCOVERED_A_NEW_TERM
2019-10-21 23:47:00,725 [b88b3e43-5534-49b3-b3f2-a9f154b450de@group-2FABE92B7E5B-LeaderElection304] INFO  impl.RoleInfo (RoleInfo.java:shutdownLeaderElection(134)) - b88b3e43-5534-49b3-b3f2-a9f154b450de: shutdown LeaderElection
2019-10-21 23:47:00,725 [b88b3e43-5534-49b3-b3f2-a9f154b450de@group-2FABE92B7E5B-LeaderElection304] INFO  impl.RoleInfo (RoleInfo.java:updateAndGet(143)) - b88b3e43-5534-49b3-b3f2-a9f154b450de: start FollowerState
2019-10-21 23:47:00,751 [Thread-2215] INFO  impl.FollowerState (FollowerState.java:run(108)) - b88b3e43-5534-49b3-b3f2-a9f154b450de@group-2FABE92B7E5B-FollowerState: change to CANDIDATE, lastRpcTime:26ms, electionTimeout:26ms
2019-10-21 23:47:00,751 [Thread-2215] INFO  impl.RoleInfo (RoleInfo.java:shutdownFollowerState(121)) - b88b3e43-5534-49b3-b3f2-a9f154b450de: shutdown FollowerState
2019-10-21 23:47:00,752 [Thread-2215] INFO  impl.RaftServerImpl (RaftServerImpl.java:setRole(184)) - b88b3e43-5534-49b3-b3f2-a9f154b450de@group-2FABE92B7E5B: changes role from  FOLLOWER to CANDIDATE at term 322 for changeToCandidate
2019-10-21 23:47:00,752 [Thread-2215] INFO  impl.RoleInfo (RoleInfo.java:updateAndGet(143)) - b88b3e43-5534-49b3-b3f2-a9f154b450de: start LeaderElection
2019-10-21 23:47:00,765 [b88b3e43-5534-49b3-b3f2-a9f154b450de@group-2FABE92B7E5B-LeaderElection305] INFO  impl.LeaderElection (LeaderElection.java:askForVotes(178)) - b88b3e43-5534-49b3-b3f2-a9f154b450de@group-2FABE92B7E5B-LeaderElection305: begin an election at term 323 for -1: [c58a0a02-acd3-47c8-b3e9-5b8e0493de45:192.168.157.254:33611, 1360619e-ba1e-4bf9-aec1-9f15b5480b27:192.168.157.254:45658, b88b3e43-5534-49b3-b3f2-a9f154b450de:192.168.157.254:46786], old=null
2019-10-21 23:47:00,767 [grpc-default-executor-1] INFO  impl.RaftServerImpl (RaftServerImpl.java:setRole(184)) - c58a0a02-acd3-47c8-b3e9-5b8e0493de45@group-2FABE92B7E5B: changes role from  FOLLOWER to FOLLOWER at term 323 for recognizeCandidate:b88b3e43-5534-49b3-b3f2-a9f154b450de
2019-10-21 23:47:00,767 [grpc-default-executor-1] INFO  impl.RoleInfo (RoleInfo.java:shutdownFollowerState(121)) - c58a0a02-acd3-47c8-b3e9-5b8e0493de45: shutdown FollowerState
2019-10-21 23:47:00,767 [grpc-default-executor-1] INFO  impl.RoleInfo (RoleInfo.java:updateAndGet(143)) - c58a0a02-acd3-47c8-b3e9-5b8e0493de45: start FollowerState
2019-10-21 23:47:00,767 [Thread-2213] INFO  impl.FollowerState (FollowerState.java:run(117)) - c58a0a02-acd3-47c8-b3e9-5b8e0493de45@group-2FABE92B7E5B-FollowerState was interrupted: java.lang.InterruptedException: sleep interrupted
2019-10-21 23:47:00,767 [grpc-default-executor-0] INFO  impl.RaftServerImpl (RaftServerImpl.java:setRole(184)) - 1360619e-ba1e-4bf9-aec1-9f15b5480b27@group-2FABE92B7E5B: changes role from  FOLLOWER to FOLLOWER at term 323 for recognizeCandidate:b88b3e43-5534-49b3-b3f2-a9f154b450de
2019-10-21 23:47:00,767 [grpc-default-executor-0] INFO  impl.RoleInfo (RoleInfo.java:shutdownFollowerState(121)) - 1360619e-ba1e-4bf9-aec1-9f15b5480b27: shutdown FollowerState
2019-10-21 23:47:00,767 [grpc-default-executor-0] INFO  impl.RoleInfo (RoleInfo.java:updateAndGet(143)) - 1360619e-ba1e-4bf9-aec1-9f15b5480b27: start FollowerState
2019-10-21 23:47:00,767 [Thread-2214] INFO  impl.FollowerState (FollowerState.java:run(117)) - 1360619e-ba1e-4bf9-aec1-9f15b5480b27@group-2FABE92B7E5B-FollowerState was interrupted: java.lang.InterruptedException: sleep interrupted
2019-10-21 23:47:00,782 [b88b3e43-5534-49b3-b3f2-a9f154b450de@group-2FABE92B7E5B-LeaderElection305] INFO  impl.LeaderElection (LeaderElection.java:logAndReturn(56)) - b88b3e43-5534-49b3-b3f2-a9f154b450de@group-2FABE92B7E5B-LeaderElection305: Election REJECTED; received 2 response(s) [b88b3e43-5534-49b3-b3f2-a9f154b450de<-c58a0a02-acd3-47c8-b3e9-5b8e0493de45#0:FAIL-t323, b88b3e43-5534-49b3-b3f2-a9f154b450de<-1360619e-ba1e-4bf9-aec1-9f15b5480b27#0:FAIL-t323] and 0 exception(s); b88b3e43-5534-49b3-b3f2-a9f154b450de@group-2FABE92B7E5B:t323, leader=null, voted=b88b3e43-5534-49b3-b3f2-a9f154b450de, raftlog=b88b3e43-5534-49b3-b3f2-a9f154b450de@group-2FABE92B7E5B-SegmentedRaftLog:OPENED:c-1,f-1,i0, conf=-1: [c58a0a02-acd3-47c8-b3e9-5b8e0493de45:192.168.157.254:33611, 1360619e-ba1e-4bf9-aec1-9f15b5480b27:192.168.157.254:45658, b88b3e43-5534-49b3-b3f2-a9f154b450de:192.168.157.254:46786], old=null
2019-10-21 23:47:00,782 [b88b3e43-5534-49b3-b3f2-a9f154b450de@group-2FABE92B7E5B-LeaderElection305] INFO  impl.RaftServerImpl (RaftServerImpl.java:setRole(184)) - b88b3e43-5534-49b3-b3f2-a9f154b450de@group-2FABE92B7E5B: changes role from CANDIDATE to FOLLOWER at term 323 for DISCOVERED_A_NEW_TERM
2019-10-21 23:47:00,782 [b88b3e43-5534-49b3-b3f2-a9f154b450de@group-2FABE92B7E5B-LeaderElection305] INFO  impl.RoleInfo (RoleInfo.java:shutdownLeaderElection(134)) - b88b3e43-5534-49b3-b3f2-a9f154b450de: shutdown LeaderElection
2019-10-21 23:47:00,782 [b88b3e43-5534-49b3-b3f2-a9f154b450de@group-2FABE92B7E5B-LeaderElection305] INFO  impl.RoleInfo (RoleInfo.java:updateAndGet(143)) - b88b3e43-5534-49b3-b3f2-a9f154b450de: start FollowerState
2019-10-21 23:47:00,787 [Thread-2221] INFO  impl.FollowerState (FollowerState.java:run(108)) - b88b3e43-5534-49b3-b3f2-a9f154b450de@group-2FABE92B7E5B-FollowerState: change to CANDIDATE, lastRpcTime:4ms, electionTimeout:4ms
2019-10-21 23:47:00,787 [Thread-2221] INFO  impl.RoleInfo (RoleInfo.java:shutdownFollowerState(121)) - b88b3e43-5534-49b3-b3f2-a9f154b450de: shutdown FollowerState
2019-10-21 23:47:00,787 [Thread-2221] INFO  impl.RaftServerImpl (RaftServerImpl.java:setRole(184)) - b88b3e43-5534-49b3-b3f2-a9f154b450de@group-2FABE92B7E5B: changes role from  FOLLOWER to CANDIDATE at term 323 for changeToCandidate
2019-10-21 23:47:00,787 [Thread-2221] INFO  impl.RoleInfo (RoleInfo.java:updateAndGet(143)) - b88b3e43-5534-49b3-b3f2-a9f154b450de: start LeaderElection
2019-10-21 23:47:00,801 [b88b3e43-5534-49b3-b3f2-a9f154b450de@group-2FABE92B7E5B-LeaderElection306] INFO  impl.LeaderElection (LeaderElection.java:askForVotes(178)) - b88b3e43-5534-49b3-b3f2-a9f154b450de@group-2FABE92B7E5B-LeaderElection306: begin an election at term 324 for -1: [c58a0a02-acd3-47c8-b3e9-5b8e0493de45:192.168.157.254:33611, 1360619e-ba1e-4bf9-aec1-9f15b5480b27:192.168.157.254:45658, b88b3e43-5534-49b3-b3f2-a9f154b450de:192.168.157.254:46786], old=null
2019-10-21 23:47:00,802 [grpc-default-executor-1] INFO  impl.RaftServerImpl (RaftServerImpl.java:setRole(184)) - c58a0a02-acd3-47c8-b3e9-5b8e0493de45@group-2FABE92B7E5B: changes role from  FOLLOWER to FOLLOWER at term 324 for recognizeCandidate:b88b3e43-5534-49b3-b3f2-a9f154b450de
2019-10-21 23:47:00,802 [grpc-default-executor-1] INFO  impl.RoleInfo (RoleInfo.java:shutdownFollowerState(121)) - c58a0a02-acd3-47c8-b3e9-5b8e0493de45: shutdown FollowerState
2019-10-21 23:47:00,802 [grpc-default-executor-0] INFO  impl.RaftServerImpl (RaftServerImpl.java:setRole(184)) - 1360619e-ba1e-4bf9-aec1-9f15b5480b27@group-2FABE92B7E5B: changes role from  FOLLOWER to FOLLOWER at term 324 for recognizeCandidate:b88b3e43-5534-49b3-b3f2-a9f154b450de
2019-10-21 23:47:00,802 [grpc-default-executor-0] INFO  impl.RoleInfo (RoleInfo.java:shutdownFollowerState(121)) - 1360619e-ba1e-4bf9-aec1-9f15b5480b27: shutdown FollowerState
2019-10-21 23:47:00,802 [Thread-2219] INFO  impl.FollowerState (FollowerState.java:run(117)) - c58a0a02-acd3-47c8-b3e9-5b8e0493de45@group-2FABE92B7E5B-FollowerState was interrupted: java.lang.InterruptedException: sleep interrupted
2019-10-21 23:47:00,802 [grpc-default-executor-1] INFO  impl.RoleInfo (RoleInfo.java:updateAndGet(143)) - c58a0a02-acd3-47c8-b3e9-5b8e0493de45: start FollowerState
2019-10-21 23:47:00,802 [Thread-2220] INFO  impl.FollowerState (FollowerState.java:run(117)) - 1360619e-ba1e-4bf9-aec1-9f15b5480b27@group-2FABE92B7E5B-FollowerState was interrupted: java.lang.InterruptedException: sleep interrupted
2019-10-21 23:47:00,802 [grpc-default-executor-0] INFO  impl.RoleInfo (RoleInfo.java:updateAndGet(143)) - 1360619e-ba1e-4bf9-aec1-9f15b5480b27: start FollowerState
2019-10-21 23:47:00,818 [b88b3e43-5534-49b3-b3f2-a9f154b450de@group-2FABE92B7E5B-LeaderElection306] INFO  impl.LeaderElection (LeaderElection.java:logAndReturn(56)) - b88b3e43-5534-49b3-b3f2-a9f154b450de@group-2FABE92B7E5B-LeaderElection306: Election REJECTED; received 2 response(s) [b88b3e43-5534-49b3-b3f2-a9f154b450de<-c58a0a02-acd3-47c8-b3e9-5b8e0493de45#0:FAIL-t324, b88b3e43-5534-49b3-b3f2-a9f154b450de<-1360619e-ba1e-4bf9-aec1-9f15b5480b27#0:FAIL-t324] and 0 exception(s); b88b3e43-5534-49b3-b3f2-a9f154b450de@group-2FABE92B7E5B:t324, leader=null, voted=b88b3e43-5534-49b3-b3f2-a9f154b450de, raftlog=b88b3e43-5534-49b3-b3f2-a9f154b450de@group-2FABE92B7E5B-SegmentedRaftLog:OPENED:c-1,f-1,i0, conf=-1: [c58a0a02-acd3-47c8-b3e9-5b8e0493de45:192.168.157.254:33611, 1360619e-ba1e-4bf9-aec1-9f15b5480b27:192.168.157.254:45658, b88b3e43-5534-49b3-b3f2-a9f154b450de:192.168.157.254:46786], old=null
2019-10-21 23:47:00,818 [b88b3e43-5534-49b3-b3f2-a9f154b450de@group-2FABE92B7E5B-LeaderElection306] INFO  impl.RaftServerImpl (RaftServerImpl.java:setRole(184)) - b88b3e43-5534-49b3-b3f2-a9f154b450de@group-2FABE92B7E5B: changes role from CANDIDATE to FOLLOWER at term 324 for DISCOVERED_A_NEW_TERM
2019-10-21 23:47:00,818 [b88b3e43-5534-49b3-b3f2-a9f154b450de@group-2FABE92B7E5B-LeaderElection306] INFO  impl.RoleInfo (RoleInfo.java:shutdownLeaderElection(134)) - b88b3e43-5534-49b3-b3f2-a9f154b450de: shutdown LeaderElection
2019-10-21 23:47:00,818 [b88b3e43-5534-49b3-b3f2-a9f154b450de@group-2FABE92B7E5B-LeaderElection306] INFO  impl.RoleInfo (RoleInfo.java:updateAndGet(143)) - b88b3e43-5534-49b3-b3f2-a9f154b450de: start FollowerState
2019-10-21 23:47:00,991 [Thread-2227] INFO  impl.FollowerState (FollowerState.java:run(108)) - b88b3e43-5534-49b3-b3f2-a9f154b450de@group-2FABE92B7E5B-FollowerState: change to CANDIDATE, lastRpcTime:173ms, electionTimeout:173ms
2019-10-21 23:47:00,992 [Thread-2227] INFO  impl.RoleInfo (RoleInfo.java:shutdownFollowerState(121)) - b88b3e43-5534-49b3-b3f2-a9f154b450de: shutdown FollowerState
2019-10-21 23:47:00,992 [Thread-2227] INFO  impl.RaftServerImpl (RaftServerImpl.java:setRole(184)) - b88b3e43-5534-49b3-b3f2-a9f154b450de@group-2FABE92B7E5B: changes role from  FOLLOWER to CANDIDATE at term 324 for changeToCandidate
2019-10-21 23:47:00,992 [Thread-2227] INFO  impl.RoleInfo (RoleInfo.java:updateAndGet(143)) - b88b3e43-5534-49b3-b3f2-a9f154b450de: start LeaderElection
2019-10-21 23:47:01,019 [b88b3e43-5534-49b3-b3f2-a9f154b450de@group-2FABE92B7E5B-LeaderElection307] INFO  impl.LeaderElection (LeaderElection.java:askForVotes(178)) - b88b3e43-5534-49b3-b3f2-a9f154b450de@group-2FABE92B7E5B-LeaderElection307: begin an election at term 325 for -1: [c58a0a02-acd3-47c8-b3e9-5b8e0493de45:192.168.157.254:33611, 1360619e-ba1e-4bf9-aec1-9f15b5480b27:192.168.157.254:45658, b88b3e43-5534-49b3-b3f2-a9f154b450de:192.168.157.254:46786], old=null
2019-10-21 23:47:01,021 [grpc-default-executor-0] INFO  impl.RaftServerImpl (RaftServerImpl.java:setRole(184)) - c58a0a02-acd3-47c8-b3e9-5b8e0493de45@group-2FABE92B7E5B: changes role from  FOLLOWER to FOLLOWER at term 325 for recognizeCandidate:b88b3e43-5534-49b3-b3f2-a9f154b450de
2019-10-21 23:47:01,021 [grpc-default-executor-1] INFO  impl.RaftServerImpl (RaftServerImpl.java:setRole(184)) - 1360619e-ba1e-4bf9-aec1-9f15b5480b27@group-2FABE92B7E5B: changes role from  FOLLOWER to FOLLOWER at term 325 for recognizeCandidate:b88b3e43-5534-49b3-b3f2-a9f154b450de
2019-10-21 23:47:01,021 [grpc-default-executor-1] INFO  impl.RoleInfo (RoleInfo.java:shutdownFollowerState(121)) - 1360619e-ba1e-4bf9-aec1-9f15b5480b27: shutdown FollowerState
2019-10-21 23:47:01,021 [grpc-default-executor-0] INFO  impl.RoleInfo (RoleInfo.java:shutdownFollowerState(121)) - c58a0a02-acd3-47c8-b3e9-5b8e0493de45: shutdown FollowerState
2019-10-21 23:47:01,021 [grpc-default-executor-0] INFO  impl.RoleInfo (RoleInfo.java:updateAndGet(143)) - c58a0a02-acd3-47c8-b3e9-5b8e0493de45: start FollowerState
2019-10-21 23:47:01,021 [Thread-2226] INFO  impl.FollowerState (FollowerState.java:run(117)) - 1360619e-ba1e-4bf9-aec1-9f15b5480b27@group-2FABE92B7E5B-FollowerState was interrupted: java.lang.InterruptedException: sleep interrupted
2019-10-21 23:47:01,021 [grpc-default-executor-1] INFO  impl.RoleInfo (RoleInfo.java:updateAndGet(143)) - 1360619e-ba1e-4bf9-aec1-9f15b5480b27: start FollowerState
2019-10-21 23:47:01,021 [Thread-2225] INFO  impl.FollowerState (FollowerState.java:run(117)) - c58a0a02-acd3-47c8-b3e9-5b8e0493de45@group-2FABE92B7E5B-FollowerState was interrupted: java.lang.InterruptedException: sleep interrupted
2019-10-21 23:47:01,036 [b88b3e43-5534-49b3-b3f2-a9f154b450de@group-2FABE92B7E5B-LeaderElection307] INFO  impl.LeaderElection (LeaderElection.java:logAndReturn(56)) - b88b3e43-5534-49b3-b3f2-a9f154b450de@group-2FABE92B7E5B-LeaderElection307: Election REJECTED; received 2 response(s) [b88b3e43-5534-49b3-b3f2-a9f154b450de<-c58a0a02-acd3-47c8-b3e9-5b8e0493de45#0:FAIL-t325, b88b3e43-5534-49b3-b3f2-a9f154b450de<-1360619e-ba1e-4bf9-aec1-9f15b5480b27#0:FAIL-t325] and 0 exception(s); b88b3e43-5534-49b3-b3f2-a9f154b450de@group-2FABE92B7E5B:t325, leader=null, voted=b88b3e43-5534-49b3-b3f2-a9f154b450de, raftlog=b88b3e43-5534-49b3-b3f2-a9f154b450de@group-2FABE92B7E5B-SegmentedRaftLog:OPENED:c-1,f-1,i0, conf=-1: [c58a0a02-acd3-47c8-b3e9-5b8e0493de45:192.168.157.254:33611, 1360619e-ba1e-4bf9-aec1-9f15b5480b27:192.168.157.254:45658, b88b3e43-5534-49b3-b3f2-a9f154b450de:192.168.157.254:46786], old=null
2019-10-21 23:47:01,036 [b88b3e43-5534-49b3-b3f2-a9f154b450de@group-2FABE92B7E5B-LeaderElection307] INFO  impl.RaftServerImpl (RaftServerImpl.java:setRole(184)) - b88b3e43-5534-49b3-b3f2-a9f154b450de@group-2FABE92B7E5B: changes role from CANDIDATE to FOLLOWER at term 325 for DISCOVERED_A_NEW_TERM
2019-10-21 23:47:01,036 [b88b3e43-5534-49b3-b3f2-a9f154b450de@group-2FABE92B7E5B-LeaderElection307] INFO  impl.RoleInfo (RoleInfo.java:shutdownLeaderElection(134)) - b88b3e43-5534-49b3-b3f2-a9f154b450de: shutdown LeaderElection
2019-10-21 23:47:01,036 [b88b3e43-5534-49b3-b3f2-a9f154b450de@group-2FABE92B7E5B-LeaderElection307] INFO  impl.RoleInfo (RoleInfo.java:updateAndGet(143)) - b88b3e43-5534-49b3-b3f2-a9f154b450de: start FollowerState
2019-10-21 23:47:01,211 [Thread-2233] INFO  impl.FollowerState (FollowerState.java:run(108)) - b88b3e43-5534-49b3-b3f2-a9f154b450de@group-2FABE92B7E5B-FollowerState: change to CANDIDATE, lastRpcTime:175ms, electionTimeout:175ms
2019-10-21 23:47:01,212 [Thread-2233] INFO  impl.RoleInfo (RoleInfo.java:shutdownFollowerState(121)) - b88b3e43-5534-49b3-b3f2-a9f154b450de: shutdown FollowerState
2019-10-21 23:47:01,212 [Thread-2233] INFO  impl.RaftServerImpl (RaftServerImpl.java:setRole(184)) - b88b3e43-5534-49b3-b3f2-a9f154b450de@group-2FABE92B7E5B: changes role from  FOLLOWER to CANDIDATE at term 325 for changeToCandidate
2019-10-21 23:47:01,212 [Thread-2233] INFO  impl.RoleInfo (RoleInfo.java:updateAndGet(143)) - b88b3e43-5534-49b3-b3f2-a9f154b450de: start LeaderElection
2019-10-21 23:47:01,225 [b88b3e43-5534-49b3-b3f2-a9f154b450de@group-2FABE92B7E5B-LeaderElection308] INFO  impl.LeaderElection (LeaderElection.java:askForVotes(178)) - b88b3e43-5534-49b3-b3f2-a9f154b450de@group-2FABE92B7E5B-LeaderElection308: begin an election at term 326 for -1: [c58a0a02-acd3-47c8-b3e9-5b8e0493de45:192.168.157.254:33611, 1360619e-ba1e-4bf9-aec1-9f15b5480b27:192.168.157.254:45658, b88b3e43-5534-49b3-b3f2-a9f154b450de:192.168.157.254:46786], old=null
2019-10-21 23:47:01,226 [grpc-default-executor-1] INFO  impl.RaftServerImpl (RaftServerImpl.java:setRole(184)) - c58a0a02-acd3-47c8-b3e9-5b8e0493de45@group-2FABE92B7E5B: changes role from  FOLLOWER to FOLLOWER at term 326 for recognizeCandidate:b88b3e43-5534-49b3-b3f2-a9f154b450de
2019-10-21 23:47:01,226 [grpc-default-executor-2] INFO  impl.RaftServerImpl (RaftServerImpl.java:setRole(184)) - 1360619e-ba1e-4bf9-aec1-9f15b5480b27@group-2FABE92B7E5B: changes role from  FOLLOWER to FOLLOWER at term 326 for recognizeCandidate:b88b3e43-5534-49b3-b3f2-a9f154b450de
2019-10-21 23:47:01,226 [grpc-default-executor-1] INFO  impl.RoleInfo (RoleInfo.java:shutdownFollowerState(121)) - c58a0a02-acd3-47c8-b3e9-5b8e0493de45: shutdown FollowerState
2019-10-21 23:47:01,227 [grpc-default-executor-2] INFO  impl.RoleInfo (RoleInfo.java:shutdownFollowerState(121)) - 1360619e-ba1e-4bf9-aec1-9f15b5480b27: shutdown FollowerState
2019-10-21 23:47:01,227 [grpc-default-executor-1] INFO  impl.RoleInfo (RoleInfo.java:updateAndGet(143)) - c58a0a02-acd3-47c8-b3e9-5b8e0493de45: start FollowerState
2019-10-21 23:47:01,227 [Thread-2231] INFO  impl.FollowerState (FollowerState.java:run(117)) - 1360619e-ba1e-4bf9-aec1-9f15b5480b27@group-2FABE92B7E5B-FollowerState was interrupted: java.lang.InterruptedException: sleep interrupted
2019-10-21 23:47:01,227 [grpc-default-executor-2] INFO  impl.RoleInfo (RoleInfo.java:updateAndGet(143)) - 1360619e-ba1e-4bf9-aec1-9f15b5480b27: start FollowerState
2019-10-21 23:47:01,227 [Thread-2232] INFO  impl.FollowerState (FollowerState.java:run(117)) - c58a0a02-acd3-47c8-b3e9-5b8e0493de45@group-2FABE92B7E5B-FollowerState was interrupted: java.lang.InterruptedException: sleep interrupted
2019-10-21 23:47:01,244 [b88b3e43-5534-49b3-b3f2-a9f154b450de@group-2FABE92B7E5B-LeaderElection308] INFO  impl.LeaderElection (LeaderElection.java:logAndReturn(56)) - b88b3e43-5534-49b3-b3f2-a9f154b450de@group-2FABE92B7E5B-LeaderElection308: Election REJECTED; received 2 response(s) [b88b3e43-5534-49b3-b3f2-a9f154b450de<-c58a0a02-acd3-47c8-b3e9-5b8e0493de45#0:FAIL-t326, b88b3e43-5534-49b3-b3f2-a9f154b450de<-1360619e-ba1e-4bf9-aec1-9f15b5480b27#0:FAIL-t326] and 0 exception(s); b88b3e43-5534-49b3-b3f2-a9f154b450de@group-2FABE92B7E5B:t326, leader=null, voted=b88b3e43-5534-49b3-b3f2-a9f154b450de, raftlog=b88b3e43-5534-49b3-b3f2-a9f154b450de@group-2FABE92B7E5B-SegmentedRaftLog:OPENED:c-1,f-1,i0, conf=-1: [c58a0a02-acd3-47c8-b3e9-5b8e0493de45:192.168.157.254:33611, 1360619e-ba1e-4bf9-aec1-9f15b5480b27:192.168.157.254:45658, b88b3e43-5534-49b3-b3f2-a9f154b450de:192.168.157.254:46786], old=null
2019-10-21 23:47:01,244 [b88b3e43-5534-49b3-b3f2-a9f154b450de@group-2FABE92B7E5B-LeaderElection308] INFO  impl.RaftServerImpl (RaftServerImpl.java:setRole(184)) - b88b3e43-5534-49b3-b3f2-a9f154b450de@group-2FABE92B7E5B: changes role from CANDIDATE to FOLLOWER at term 326 for DISCOVERED_A_NEW_TERM
2019-10-21 23:47:01,245 [b88b3e43-5534-49b3-b3f2-a9f154b450de@group-2FABE92B7E5B-LeaderElection308] INFO  impl.RoleInfo (RoleInfo.java:shutdownLeaderElection(134)) - b88b3e43-5534-49b3-b3f2-a9f154b450de: shutdown LeaderElection
2019-10-21 23:47:01,245 [b88b3e43-5534-49b3-b3f2-a9f154b450de@group-2FABE92B7E5B-LeaderElection308] INFO  impl.RoleInfo (RoleInfo.java:updateAndGet(143)) - b88b3e43-5534-49b3-b3f2-a9f154b450de: start FollowerState
2019-10-21 23:47:01,394 [Thread-2241] INFO  impl.FollowerState (FollowerState.java:run(108)) - b88b3e43-5534-49b3-b3f2-a9f154b450de@group-2FABE92B7E5B-FollowerState: change to CANDIDATE, lastRpcTime:149ms, electionTimeout:149ms
2019-10-21 23:47:01,394 [Thread-2241] INFO  impl.RoleInfo (RoleInfo.java:shutdownFollowerState(121)) - b88b3e43-5534-49b3-b3f2-a9f154b450de: shutdown FollowerState
2019-10-21 23:47:01,394 [Thread-2241] INFO  impl.RaftServerImpl (RaftServerImpl.java:setRole(184)) - b88b3e43-5534-49b3-b3f2-a9f154b450de@group-2FABE92B7E5B: changes role from  FOLLOWER to CANDIDATE at term 326 for changeToCandidate
2019-10-21 23:47:01,394 [Thread-2241] INFO  impl.RoleInfo (RoleInfo.java:updateAndGet(143)) - b88b3e43-5534-49b3-b3f2-a9f154b450de: start LeaderElection
2019-10-21 23:47:01,420 [b88b3e43-5534-49b3-b3f2-a9f154b450de@group-2FABE92B7E5B-LeaderElection309] INFO  impl.LeaderElection (LeaderElection.java:askForVotes(178)) - b88b3e43-5534-49b3-b3f2-a9f154b450de@group-2FABE92B7E5B-LeaderElection309: begin an election at term 327 for -1: [c58a0a02-acd3-47c8-b3e9-5b8e0493de45:192.168.157.254:33611, 1360619e-ba1e-4bf9-aec1-9f15b5480b27:192.168.157.254:45658, b88b3e43-5534-49b3-b3f2-a9f154b450de:192.168.157.254:46786], old=null
2019-10-21 23:47:01,422 [grpc-default-executor-1] INFO  impl.RaftServerImpl (RaftServerImpl.java:setRole(184)) - c58a0a02-acd3-47c8-b3e9-5b8e0493de45@group-2FABE92B7E5B: changes role from  FOLLOWER to FOLLOWER at term 327 for recognizeCandidate:b88b3e43-5534-49b3-b3f2-a9f154b450de
2019-10-21 23:47:01,422 [grpc-default-executor-1] INFO  impl.RoleInfo (RoleInfo.java:shutdownFollowerState(121)) - c58a0a02-acd3-47c8-b3e9-5b8e0493de45: shutdown FollowerState
2019-10-21 23:47:01,422 [grpc-default-executor-2] INFO  impl.RaftServerImpl (RaftServerImpl.java:setRole(184)) - 1360619e-ba1e-4bf9-aec1-9f15b5480b27@group-2FABE92B7E5B: changes role from  FOLLOWER to FOLLOWER at term 327 for recognizeCandidate:b88b3e43-5534-49b3-b3f2-a9f154b450de
2019-10-21 23:47:01,422 [Thread-2239] INFO  impl.FollowerState (FollowerState.java:run(117)) - c58a0a02-acd3-47c8-b3e9-5b8e0493de45@group-2FABE92B7E5B-FollowerState was interrupted: java.lang.InterruptedException: sleep interrupted
2019-10-21 23:47:01,422 [grpc-default-executor-1] INFO  impl.RoleInfo (RoleInfo.java:updateAndGet(143)) - c58a0a02-acd3-47c8-b3e9-5b8e0493de45: start FollowerState
2019-10-21 23:47:01,422 [grpc-default-executor-2] INFO  impl.RoleInfo (RoleInfo.java:shutdownFollowerState(121)) - 1360619e-ba1e-4bf9-aec1-9f15b5480b27: shutdown FollowerState
2019-10-21 23:47:01,423 [grpc-default-executor-2] INFO  impl.RoleInfo (RoleInfo.java:updateAndGet(143)) - 1360619e-ba1e-4bf9-aec1-9f15b5480b27: start FollowerState
2019-10-21 23:47:01,423 [Thread-2240] INFO  impl.FollowerState (FollowerState.java:run(117)) - 1360619e-ba1e-4bf9-aec1-9f15b5480b27@group-2FABE92B7E5B-FollowerState was interrupted: java.lang.InterruptedException: sleep interrupted
2019-10-21 23:47:01,437 [b88b3e43-5534-49b3-b3f2-a9f154b450de@group-2FABE92B7E5B-LeaderElection309] INFO  impl.LeaderElection (LeaderElection.java:logAndReturn(56)) - b88b3e43-5534-49b3-b3f2-a9f154b450de@group-2FABE92B7E5B-LeaderElection309: Election REJECTED; received 2 response(s) [b88b3e43-5534-49b3-b3f2-a9f154b450de<-c58a0a02-acd3-47c8-b3e9-5b8e0493de45#0:FAIL-t327, b88b3e43-5534-49b3-b3f2-a9f154b450de<-1360619e-ba1e-4bf9-aec1-9f15b5480b27#0:FAIL-t327] and 0 exception(s); b88b3e43-5534-49b3-b3f2-a9f154b450de@group-2FABE92B7E5B:t327, leader=null, voted=b88b3e43-5534-49b3-b3f2-a9f154b450de, raftlog=b88b3e43-5534-49b3-b3f2-a9f154b450de@group-2FABE92B7E5B-SegmentedRaftLog:OPENED:c-1,f-1,i0, conf=-1: [c58a0a02-acd3-47c8-b3e9-5b8e0493de45:192.168.157.254:33611, 1360619e-ba1e-4bf9-aec1-9f15b5480b27:192.168.157.254:45658, b88b3e43-5534-49b3-b3f2-a9f154b450de:192.168.157.254:46786], old=null
2019-10-21 23:47:01,437 [b88b3e43-5534-49b3-b3f2-a9f154b450de@group-2FABE92B7E5B-LeaderElection309] INFO  impl.RaftServerImpl (RaftServerImpl.java:setRole(184)) - b88b3e43-5534-49b3-b3f2-a9f154b450de@group-2FABE92B7E5B: changes role from CANDIDATE to FOLLOWER at term 327 for DISCOVERED_A_NEW_TERM
2019-10-21 23:47:01,437 [b88b3e43-5534-49b3-b3f2-a9f154b450de@group-2FABE92B7E5B-LeaderElection309] INFO  impl.RoleInfo (RoleInfo.java:shutdownLeaderElection(134)) - b88b3e43-5534-49b3-b3f2-a9f154b450de: shutdown LeaderElection
2019-10-21 23:47:01,438 [b88b3e43-5534-49b3-b3f2-a9f154b450de@group-2FABE92B7E5B-LeaderElection309] INFO  impl.RoleInfo (RoleInfo.java:updateAndGet(143)) - b88b3e43-5534-49b3-b3f2-a9f154b450de: start FollowerState
2019-10-21 23:47:01,555 [Thread-2247] INFO  impl.FollowerState (FollowerState.java:run(108)) - b88b3e43-5534-49b3-b3f2-a9f154b450de@group-2FABE92B7E5B-FollowerState: change to CANDIDATE, lastRpcTime:117ms, electionTimeout:117ms
2019-10-21 23:47:01,555 [Thread-2247] INFO  impl.RoleInfo (RoleInfo.java:shutdownFollowerState(121)) - b88b3e43-5534-49b3-b3f2-a9f154b450de: shutdown FollowerState
2019-10-21 23:47:01,555 [Thread-2247] INFO  impl.RaftServerImpl (RaftServerImpl.java:setRole(184)) - b88b3e43-5534-49b3-b3f2-a9f154b450de@group-2FABE92B7E5B: changes role from  FOLLOWER to CANDIDATE at term 327 for changeToCandidate
2019-10-21 23:47:01,555 [Thread-2247] INFO  impl.RoleInfo (RoleInfo.java:updateAndGet(143)) - b88b3e43-5534-49b3-b3f2-a9f154b450de: start LeaderElection
2019-10-21 23:47:01,582 [b88b3e43-5534-49b3-b3f2-a9f154b450de@group-2FABE92B7E5B-LeaderElection310] INFO  impl.LeaderElection (LeaderElection.java:askForVotes(178)) - b88b3e43-5534-49b3-b3f2-a9f154b450de@group-2FABE92B7E5B-LeaderElection310: begin an election at term 328 for -1: [c58a0a02-acd3-47c8-b3e9-5b8e0493de45:192.168.157.254:33611, 1360619e-ba1e-4bf9-aec1-9f15b5480b27:192.168.157.254:45658, b88b3e43-5534-49b3-b3f2-a9f154b450de:192.168.157.254:46786], old=null
2019-10-21 23:47:01,584 [grpc-default-executor-1] INFO  impl.RaftServerImpl (RaftServerImpl.java:setRole(184)) - c58a0a02-acd3-47c8-b3e9-5b8e0493de45@group-2FABE92B7E5B: changes role from  FOLLOWER to FOLLOWER at term 328 for recognizeCandidate:b88b3e43-5534-49b3-b3f2-a9f154b450de
2019-10-21 23:47:01,584 [grpc-default-executor-2] INFO  impl.RaftServerImpl (RaftServerImpl.java:setRole(184)) - 1360619e-ba1e-4bf9-aec1-9f15b5480b27@group-2FABE92B7E5B: changes role from  FOLLOWER to FOLLOWER at term 328 for recognizeCandidate:b88b3e43-5534-49b3-b3f2-a9f154b450de
2019-10-21 23:47:01,585 [grpc-default-executor-1] INFO  impl.RoleInfo (RoleInfo.java:shutdownFollowerState(121)) - c58a0a02-acd3-47c8-b3e9-5b8e0493de45: shutdown FollowerState
2019-10-21 23:47:01,585 [grpc-default-executor-2] INFO  impl.RoleInfo (RoleInfo.java:shutdownFollowerState(121)) - 1360619e-ba1e-4bf9-aec1-9f15b5480b27: shutdown FollowerState
2019-10-21 23:47:01,585 [Thread-2245] INFO  impl.FollowerState (FollowerState.java:run(117)) - c58a0a02-acd3-47c8-b3e9-5b8e0493de45@group-2FABE92B7E5B-FollowerState was interrupted: java.lang.InterruptedException: sleep interrupted
2019-10-21 23:47:01,585 [Thread-2246] INFO  impl.FollowerState (FollowerState.java:run(117)) - 1360619e-ba1e-4bf9-aec1-9f15b5480b27@group-2FABE92B7E5B-FollowerState was interrupted: java.lang.InterruptedException: sleep interrupted
2019-10-21 23:47:01,585 [grpc-default-executor-1] INFO  impl.RoleInfo (RoleInfo.java:updateAndGet(143)) - c58a0a02-acd3-47c8-b3e9-5b8e0493de45: start FollowerState
2019-10-21 23:47:01,585 [grpc-default-executor-2] INFO  impl.RoleInfo (RoleInfo.java:updateAndGet(143)) - 1360619e-ba1e-4bf9-aec1-9f15b5480b27: start FollowerState
2019-10-21 23:47:01,600 [b88b3e43-5534-49b3-b3f2-a9f154b450de@group-2FABE92B7E5B-LeaderElection310] INFO  impl.LeaderElection (LeaderElection.java:logAndReturn(56)) - b88b3e43-5534-49b3-b3f2-a9f154b450de@group-2FABE92B7E5B-LeaderElection310: Election REJECTED; received 2 response(s) [b88b3e43-5534-49b3-b3f2-a9f154b450de<-c58a0a02-acd3-47c8-b3e9-5b8e0493de45#0:FAIL-t328, b88b3e43-5534-49b3-b3f2-a9f154b450de<-1360619e-ba1e-4bf9-aec1-9f15b5480b27#0:FAIL-t328] and 0 exception(s); b88b3e43-5534-49b3-b3f2-a9f154b450de@group-2FABE92B7E5B:t328, leader=null, voted=b88b3e43-5534-49b3-b3f2-a9f154b450de, raftlog=b88b3e43-5534-49b3-b3f2-a9f154b450de@group-2FABE92B7E5B-SegmentedRaftLog:OPENED:c-1,f-1,i0, conf=-1: [c58a0a02-acd3-47c8-b3e9-5b8e0493de45:192.168.157.254:33611, 1360619e-ba1e-4bf9-aec1-9f15b5480b27:192.168.157.254:45658, b88b3e43-5534-49b3-b3f2-a9f154b450de:192.168.157.254:46786], old=null
2019-10-21 23:47:01,600 [b88b3e43-5534-49b3-b3f2-a9f154b450de@group-2FABE92B7E5B-LeaderElection310] INFO  impl.RaftServerImpl (RaftServerImpl.java:setRole(184)) - b88b3e43-5534-49b3-b3f2-a9f154b450de@group-2FABE92B7E5B: changes role from CANDIDATE to FOLLOWER at term 328 for DISCOVERED_A_NEW_TERM
2019-10-21 23:47:01,600 [b88b3e43-5534-49b3-b3f2-a9f154b450de@group-2FABE92B7E5B-LeaderElection310] INFO  impl.RoleInfo (RoleInfo.java:shutdownLeaderElection(134)) - b88b3e43-5534-49b3-b3f2-a9f154b450de: shutdown LeaderElection
2019-10-21 23:47:01,600 [b88b3e43-5534-49b3-b3f2-a9f154b450de@group-2FABE92B7E5B-LeaderElection310] INFO  impl.RoleInfo (RoleInfo.java:updateAndGet(143)) - b88b3e43-5534-49b3-b3f2-a9f154b450de: start FollowerState
2019-10-21 23:47:01,644 [Thread-2253] INFO  impl.FollowerState (FollowerState.java:run(108)) - b88b3e43-5534-49b3-b3f2-a9f154b450de@group-2FABE92B7E5B-FollowerState: change to CANDIDATE, lastRpcTime:43ms, electionTimeout:43ms
2019-10-21 23:47:01,644 [Thread-2253] INFO  impl.RoleInfo (RoleInfo.java:shutdownFollowerState(121)) - b88b3e43-5534-49b3-b3f2-a9f154b450de: shutdown FollowerState
2019-10-21 23:47:01,644 [Thread-2253] INFO  impl.RaftServerImpl (RaftServerImpl.java:setRole(184)) - b88b3e43-5534-49b3-b3f2-a9f154b450de@group-2FABE92B7E5B: changes role from  FOLLOWER to CANDIDATE at term 328 for changeToCandidate
2019-10-21 23:47:01,644 [Thread-2253] INFO  impl.RoleInfo (RoleInfo.java:updateAndGet(143)) - b88b3e43-5534-49b3-b3f2-a9f154b450de: start LeaderElection
2019-10-21 23:47:01,657 [b88b3e43-5534-49b3-b3f2-a9f154b450de@group-2FABE92B7E5B-LeaderElection311] INFO  impl.LeaderElection (LeaderElection.java:askForVotes(178)) - b88b3e43-5534-49b3-b3f2-a9f154b450de@group-2FABE92B7E5B-LeaderElection311: begin an election at term 329 for -1: [c58a0a02-acd3-47c8-b3e9-5b8e0493de45:192.168.157.254:33611, 1360619e-ba1e-4bf9-aec1-9f15b5480b27:192.168.157.254:45658, b88b3e43-5534-49b3-b3f2-a9f154b450de:192.168.157.254:46786], old=null
2019-10-21 23:47:01,659 [grpc-default-executor-1] INFO  impl.RaftServerImpl (RaftServerImpl.java:setRole(184)) - c58a0a02-acd3-47c8-b3e9-5b8e0493de45@group-2FABE92B7E5B: changes role from  FOLLOWER to FOLLOWER at term 329 for recognizeCandidate:b88b3e43-5534-49b3-b3f2-a9f154b450de
2019-10-21 23:47:01,659 [grpc-default-executor-2] INFO  impl.RaftServerImpl (RaftServerImpl.java:setRole(184)) - 1360619e-ba1e-4bf9-aec1-9f15b5480b27@group-2FABE92B7E5B: changes role from  FOLLOWER to FOLLOWER at term 329 for recognizeCandidate:b88b3e43-5534-49b3-b3f2-a9f154b450de
2019-10-21 23:47:01,659 [grpc-default-executor-1] INFO  impl.RoleInfo (RoleInfo.java:shutdownFollowerState(121)) - c58a0a02-acd3-47c8-b3e9-5b8e0493de45: shutdown FollowerState
2019-10-21 23:47:01,659 [grpc-default-executor-2] INFO  impl.RoleInfo (RoleInfo.java:shutdownFollowerState(121)) - 1360619e-ba1e-4bf9-aec1-9f15b5480b27: shutdown FollowerState
2019-10-21 23:47:01,660 [Thread-2251] INFO  impl.FollowerState (FollowerState.java:run(117)) - c58a0a02-acd3-47c8-b3e9-5b8e0493de45@group-2FABE92B7E5B-FollowerState was interrupted: java.lang.InterruptedException: sleep interrupted
2019-10-21 23:47:01,660 [grpc-default-executor-1] INFO  impl.RoleInfo (RoleInfo.java:updateAndGet(143)) - c58a0a02-acd3-47c8-b3e9-5b8e0493de45: start FollowerState
2019-10-21 23:47:01,660 [grpc-default-executor-2] INFO  impl.RoleInfo (RoleInfo.java:updateAndGet(143)) - 1360619e-ba1e-4bf9-aec1-9f15b5480b27: start FollowerState
2019-10-21 23:47:01,660 [Thread-2252] INFO  impl.FollowerState (FollowerState.java:run(117)) - 1360619e-ba1e-4bf9-aec1-9f15b5480b27@group-2FABE92B7E5B-FollowerState was interrupted: java.lang.InterruptedException: sleep interrupted
2019-10-21 23:47:01,674 [b88b3e43-5534-49b3-b3f2-a9f154b450de@group-2FABE92B7E5B-LeaderElection311] INFO  impl.LeaderElection (LeaderElection.java:logAndReturn(56)) - b88b3e43-5534-49b3-b3f2-a9f154b450de@group-2FABE92B7E5B-LeaderElection311: Election REJECTED; received 2 response(s) [b88b3e43-5534-49b3-b3f2-a9f154b450de<-c58a0a02-acd3-47c8-b3e9-5b8e0493de45#0:FAIL-t329, b88b3e43-5534-49b3-b3f2-a9f154b450de<-1360619e-ba1e-4bf9-aec1-9f15b5480b27#0:FAIL-t329] and 0 exception(s); b88b3e43-5534-49b3-b3f2-a9f154b450de@group-2FABE92B7E5B:t329, leader=null, voted=b88b3e43-5534-49b3-b3f2-a9f154b450de, raftlog=b88b3e43-5534-49b3-b3f2-a9f154b450de@group-2FABE92B7E5B-SegmentedRaftLog:OPENED:c-1,f-1,i0, conf=-1: [c58a0a02-acd3-47c8-b3e9-5b8e0493de45:192.168.157.254:33611, 1360619e-ba1e-4bf9-aec1-9f15b5480b27:192.168.157.254:45658, b88b3e43-5534-49b3-b3f2-a9f154b450de:192.168.157.254:46786], old=null
2019-10-21 23:47:01,674 [b88b3e43-5534-49b3-b3f2-a9f154b450de@group-2FABE92B7E5B-LeaderElection311] INFO  impl.RaftServerImpl (RaftServerImpl.java:setRole(184)) - b88b3e43-5534-49b3-b3f2-a9f154b450de@group-2FABE92B7E5B: changes role from CANDIDATE to FOLLOWER at term 329 for DISCOVERED_A_NEW_TERM
2019-10-21 23:47:01,674 [b88b3e43-5534-49b3-b3f2-a9f154b450de@group-2FABE92B7E5B-LeaderElection311] INFO  impl.RoleInfo (RoleInfo.java:shutdownLeaderElection(134)) - b88b3e43-5534-49b3-b3f2-a9f154b450de: shutdown LeaderElection
2019-10-21 23:47:01,675 [b88b3e43-5534-49b3-b3f2-a9f154b450de@group-2FABE92B7E5B-LeaderElection311] INFO  impl.RoleInfo (RoleInfo.java:updateAndGet(143)) - b88b3e43-5534-49b3-b3f2-a9f154b450de: start FollowerState
2019-10-21 23:47:01,701 [Thread-2259] INFO  impl.FollowerState (FollowerState.java:run(108)) - b88b3e43-5534-49b3-b3f2-a9f154b450de@group-2FABE92B7E5B-FollowerState: change to CANDIDATE, lastRpcTime:26ms, electionTimeout:26ms
2019-10-21 23:47:01,701 [Thread-2259] INFO  impl.RoleInfo (RoleInfo.java:shutdownFollowerState(121)) - b88b3e43-5534-49b3-b3f2-a9f154b450de: shutdown FollowerState
2019-10-21 23:47:01,701 [Thread-2259] INFO  impl.RaftServerImpl (RaftServerImpl.java:setRole(184)) - b88b3e43-5534-49b3-b3f2-a9f154b450de@group-2FABE92B7E5B: changes role from  FOLLOWER to CANDIDATE at term 329 for changeToCandidate
2019-10-21 23:47:01,701 [Thread-2259] INFO  impl.RoleInfo (RoleInfo.java:updateAndGet(143)) - b88b3e43-5534-49b3-b3f2-a9f154b450de: start LeaderElection
2019-10-21 23:47:01,714 [b88b3e43-5534-49b3-b3f2-a9f154b450de@group-2FABE92B7E5B-LeaderElection312] INFO  impl.LeaderElection (LeaderElection.java:askForVotes(178)) - b88b3e43-5534-49b3-b3f2-a9f154b450de@group-2FABE92B7E5B-LeaderElection312: begin an election at term 330 for -1: [c58a0a02-acd3-47c8-b3e9-5b8e0493de45:192.168.157.254:33611, 1360619e-ba1e-4bf9-aec1-9f15b5480b27:192.168.157.254:45658, b88b3e43-5534-49b3-b3f2-a9f154b450de:192.168.157.254:46786], old=null
2019-10-21 23:47:01,716 [grpc-default-executor-1] INFO  impl.RaftServerImpl (RaftServerImpl.java:setRole(184)) - c58a0a02-acd3-47c8-b3e9-5b8e0493de45@group-2FABE92B7E5B: changes role from  FOLLOWER to FOLLOWER at term 330 for recognizeCandidate:b88b3e43-5534-49b3-b3f2-a9f154b450de
2019-10-21 23:47:01,716 [grpc-default-executor-1] INFO  impl.RoleInfo (RoleInfo.java:shutdownFollowerState(121)) - c58a0a02-acd3-47c8-b3e9-5b8e0493de45: shutdown FollowerState
2019-10-21 23:47:01,716 [grpc-default-executor-2] INFO  impl.RaftServerImpl (RaftServerImpl.java:setRole(184)) - 1360619e-ba1e-4bf9-aec1-9f15b5480b27@group-2FABE92B7E5B: changes role from  FOLLOWER to FOLLOWER at term 330 for recognizeCandidate:b88b3e43-5534-49b3-b3f2-a9f154b450de
2019-10-21 23:47:01,716 [Thread-2257] INFO  impl.FollowerState (FollowerState.java:run(117)) - c58a0a02-acd3-47c8-b3e9-5b8e0493de45@group-2FABE92B7E5B-FollowerState was interrupted: java.lang.InterruptedException: sleep interrupted
2019-10-21 23:47:01,716 [grpc-default-executor-1] INFO  impl.RoleInfo (RoleInfo.java:updateAndGet(143)) - c58a0a02-acd3-47c8-b3e9-5b8e0493de45: start FollowerState
2019-10-21 23:47:01,716 [grpc-default-executor-2] INFO  impl.RoleInfo (RoleInfo.java:shutdownFollowerState(121)) - 1360619e-ba1e-4bf9-aec1-9f15b5480b27: shutdown FollowerState
2019-10-21 23:47:01,717 [Thread-2258] INFO  impl.FollowerState (FollowerState.java:run(117)) - 1360619e-ba1e-4bf9-aec1-9f15b5480b27@group-2FABE92B7E5B-FollowerState was interrupted: java.lang.InterruptedException: sleep interrupted
2019-10-21 23:47:01,717 [grpc-default-executor-2] INFO  impl.RoleInfo (RoleInfo.java:updateAndGet(143)) - 1360619e-ba1e-4bf9-aec1-9f15b5480b27: start FollowerState
2019-10-21 23:47:01,730 [b88b3e43-5534-49b3-b3f2-a9f154b450de@group-2FABE92B7E5B-LeaderElection312] INFO  impl.LeaderElection (LeaderElection.java:logAndReturn(56)) - b88b3e43-5534-49b3-b3f2-a9f154b450de@group-2FABE92B7E5B-LeaderElection312: Election REJECTED; received 2 response(s) [b88b3e43-5534-49b3-b3f2-a9f154b450de<-c58a0a02-acd3-47c8-b3e9-5b8e0493de45#0:FAIL-t330, b88b3e43-5534-49b3-b3f2-a9f154b450de<-1360619e-ba1e-4bf9-aec1-9f15b5480b27#0:FAIL-t330] and 0 exception(s); b88b3e43-5534-49b3-b3f2-a9f154b450de@group-2FABE92B7E5B:t330, leader=null, voted=b88b3e43-5534-49b3-b3f2-a9f154b450de, raftlog=b88b3e43-5534-49b3-b3f2-a9f154b450de@group-2FABE92B7E5B-SegmentedRaftLog:OPENED:c-1,f-1,i0, conf=-1: [c58a0a02-acd3-47c8-b3e9-5b8e0493de45:192.168.157.254:33611, 1360619e-ba1e-4bf9-aec1-9f15b5480b27:192.168.157.254:45658, b88b3e43-5534-49b3-b3f2-a9f154b450de:192.168.157.254:46786], old=null
2019-10-21 23:47:01,730 [b88b3e43-5534-49b3-b3f2-a9f154b450de@group-2FABE92B7E5B-LeaderElection312] INFO  impl.RaftServerImpl (RaftServerImpl.java:setRole(184)) - b88b3e43-5534-49b3-b3f2-a9f154b450de@group-2FABE92B7E5B: changes role from CANDIDATE to FOLLOWER at term 330 for DISCOVERED_A_NEW_TERM
2019-10-21 23:47:01,730 [b88b3e43-5534-49b3-b3f2-a9f154b450de@group-2FABE92B7E5B-LeaderElection312] INFO  impl.RoleInfo (RoleInfo.java:shutdownLeaderElection(134)) - b88b3e43-5534-49b3-b3f2-a9f154b450de: shutdown LeaderElection
2019-10-21 23:47:01,731 [b88b3e43-5534-49b3-b3f2-a9f154b450de@group-2FABE92B7E5B-LeaderElection312] INFO  impl.RoleInfo (RoleInfo.java:updateAndGet(143)) - b88b3e43-5534-49b3-b3f2-a9f154b450de: start FollowerState
2019-10-21 23:47:01,920 [Thread-2265] INFO  impl.FollowerState (FollowerState.java:run(108)) - b88b3e43-5534-49b3-b3f2-a9f154b450de@group-2FABE92B7E5B-FollowerState: change to CANDIDATE, lastRpcTime:189ms, electionTimeout:189ms
2019-10-21 23:47:01,920 [Thread-2265] INFO  impl.RoleInfo (RoleInfo.java:shutdownFollowerState(121)) - b88b3e43-5534-49b3-b3f2-a9f154b450de: shutdown FollowerState
2019-10-21 23:47:01,920 [Thread-2265] INFO  impl.RaftServerImpl (RaftServerImpl.java:setRole(184)) - b88b3e43-5534-49b3-b3f2-a9f154b450de@group-2FABE92B7E5B: changes role from  FOLLOWER to CANDIDATE at term 330 for changeToCandidate
2019-10-21 23:47:01,920 [Thread-2265] INFO  impl.RoleInfo (RoleInfo.java:updateAndGet(143)) - b88b3e43-5534-49b3-b3f2-a9f154b450de: start LeaderElection
2019-10-21 23:47:01,946 [b88b3e43-5534-49b3-b3f2-a9f154b450de@group-2FABE92B7E5B-LeaderElection313] INFO  impl.LeaderElection (LeaderElection.java:askForVotes(178)) - b88b3e43-5534-49b3-b3f2-a9f154b450de@group-2FABE92B7E5B-LeaderElection313: begin an election at term 331 for -1: [c58a0a02-acd3-47c8-b3e9-5b8e0493de45:192.168.157.254:33611, 1360619e-ba1e-4bf9-aec1-9f15b5480b27:192.168.157.254:45658, b88b3e43-5534-49b3-b3f2-a9f154b450de:192.168.157.254:46786], old=null
2019-10-21 23:47:01,948 [grpc-default-executor-2] INFO  impl.RaftServerImpl (RaftServerImpl.java:setRole(184)) - c58a0a02-acd3-47c8-b3e9-5b8e0493de45@group-2FABE92B7E5B: changes role from  FOLLOWER to FOLLOWER at term 331 for recognizeCandidate:b88b3e43-5534-49b3-b3f2-a9f154b450de
2019-10-21 23:47:01,948 [grpc-default-executor-2] INFO  impl.RoleInfo (RoleInfo.java:shutdownFollowerState(121)) - c58a0a02-acd3-47c8-b3e9-5b8e0493de45: shutdown FollowerState
2019-10-21 23:47:01,949 [grpc-default-executor-1] INFO  impl.RaftServerImpl (RaftServerImpl.java:setRole(184)) - 1360619e-ba1e-4bf9-aec1-9f15b5480b27@group-2FABE92B7E5B: changes role from  FOLLOWER to FOLLOWER at term 331 for recognizeCandidate:b88b3e43-5534-49b3-b3f2-a9f154b450de
2019-10-21 23:47:01,949 [grpc-default-executor-1] INFO  impl.RoleInfo (RoleInfo.java:shutdownFollowerState(121)) - 1360619e-ba1e-4bf9-aec1-9f15b5480b27: shutdown FollowerState
2019-10-21 23:47:01,949 [Thread-2263] INFO  impl.FollowerState (FollowerState.java:run(117)) - c58a0a02-acd3-47c8-b3e9-5b8e0493de45@group-2FABE92B7E5B-FollowerState was interrupted: java.lang.InterruptedException: sleep interrupted
2019-10-21 23:47:01,949 [grpc-default-executor-2] INFO  impl.RoleInfo (RoleInfo.java:updateAndGet(143)) - c58a0a02-acd3-47c8-b3e9-5b8e0493de45: start FollowerState
2019-10-21 23:47:01,949 [grpc-default-executor-1] INFO  impl.RoleInfo (RoleInfo.java:updateAndGet(143)) - 1360619e-ba1e-4bf9-aec1-9f15b5480b27: start FollowerState
2019-10-21 23:47:01,949 [Thread-2264] INFO  impl.FollowerState (FollowerState.java:run(117)) - 1360619e-ba1e-4bf9-aec1-9f15b5480b27@group-2FABE92B7E5B-FollowerState was interrupted: java.lang.InterruptedException: sleep interrupted
2019-10-21 23:47:01,960 [b88b3e43-5534-49b3-b3f2-a9f154b450de@group-2FABE92B7E5B-LeaderElection313] INFO  impl.LeaderElection (LeaderElection.java:logAndReturn(56)) - b88b3e43-5534-49b3-b3f2-a9f154b450de@group-2FABE92B7E5B-LeaderElection313: Election TIMEOUT; received 0 response(s) [] and 0 exception(s); b88b3e43-5534-49b3-b3f2-a9f154b450de@group-2FABE92B7E5B:t331, leader=null, voted=b88b3e43-5534-49b3-b3f2-a9f154b450de, raftlog=b88b3e43-5534-49b3-b3f2-a9f154b450de@group-2FABE92B7E5B-SegmentedRaftLog:OPENED:c-1,f-1,i0, conf=-1: [c58a0a02-acd3-47c8-b3e9-5b8e0493de45:192.168.157.254:33611, 1360619e-ba1e-4bf9-aec1-9f15b5480b27:192.168.157.254:45658, b88b3e43-5534-49b3-b3f2-a9f154b450de:192.168.157.254:46786], old=null
2019-10-21 23:47:01,963 [b88b3e43-5534-49b3-b3f2-a9f154b450de@group-2FABE92B7E5B-LeaderElection313] INFO  impl.LeaderElection (LeaderElection.java:askForVotes(178)) - b88b3e43-5534-49b3-b3f2-a9f154b450de@group-2FABE92B7E5B-LeaderElection313: begin an election at term 332 for -1: [c58a0a02-acd3-47c8-b3e9-5b8e0493de45:192.168.157.254:33611, 1360619e-ba1e-4bf9-aec1-9f15b5480b27:192.168.157.254:45658, b88b3e43-5534-49b3-b3f2-a9f154b450de:192.168.157.254:46786], old=null
2019-10-21 23:47:01,964 [grpc-default-executor-1] INFO  impl.RaftServerImpl (RaftServerImpl.java:setRole(184)) - c58a0a02-acd3-47c8-b3e9-5b8e0493de45@group-2FABE92B7E5B: changes role from  FOLLOWER to FOLLOWER at term 332 for recognizeCandidate:b88b3e43-5534-49b3-b3f2-a9f154b450de
2019-10-21 23:47:01,965 [grpc-default-executor-1] INFO  impl.RoleInfo (RoleInfo.java:shutdownFollowerState(121)) - c58a0a02-acd3-47c8-b3e9-5b8e0493de45: shutdown FollowerState
2019-10-21 23:47:01,965 [grpc-default-executor-1] INFO  impl.RoleInfo (RoleInfo.java:updateAndGet(143)) - c58a0a02-acd3-47c8-b3e9-5b8e0493de45: start FollowerState
2019-10-21 23:47:01,965 [grpc-default-executor-2] INFO  impl.RaftServerImpl (RaftServerImpl.java:setRole(184)) - 1360619e-ba1e-4bf9-aec1-9f15b5480b27@group-2FABE92B7E5B: changes role from  FOLLOWER to FOLLOWER at term 332 for recognizeCandidate:b88b3e43-5534-49b3-b3f2-a9f154b450de
2019-10-21 23:47:01,965 [grpc-default-executor-2] INFO  impl.RoleInfo (RoleInfo.java:shutdownFollowerState(121)) - 1360619e-ba1e-4bf9-aec1-9f15b5480b27: shutdown FollowerState
2019-10-21 23:47:01,965 [Thread-2269] INFO  impl.FollowerState (FollowerState.java:run(117)) - c58a0a02-acd3-47c8-b3e9-5b8e0493de45@group-2FABE92B7E5B-FollowerState was interrupted: java.lang.InterruptedException: sleep interrupted
2019-10-21 23:47:01,965 [grpc-default-executor-2] INFO  impl.RoleInfo (RoleInfo.java:updateAndGet(143)) - 1360619e-ba1e-4bf9-aec1-9f15b5480b27: start FollowerState
2019-10-21 23:47:01,965 [Thread-2270] INFO  impl.FollowerState (FollowerState.java:run(117)) - 1360619e-ba1e-4bf9-aec1-9f15b5480b27@group-2FABE92B7E5B-FollowerState was interrupted: java.lang.InterruptedException: sleep interrupted
2019-10-21 23:47:01,979 [b88b3e43-5534-49b3-b3f2-a9f154b450de@group-2FABE92B7E5B-LeaderElection313] INFO  impl.LeaderElection (LeaderElection.java:logAndReturn(56)) - b88b3e43-5534-49b3-b3f2-a9f154b450de@group-2FABE92B7E5B-LeaderElection313: Election REJECTED; received 2 response(s) [b88b3e43-5534-49b3-b3f2-a9f154b450de<-c58a0a02-acd3-47c8-b3e9-5b8e0493de45#0:FAIL-t332, b88b3e43-5534-49b3-b3f2-a9f154b450de<-1360619e-ba1e-4bf9-aec1-9f15b5480b27#0:FAIL-t332] and 0 exception(s); b88b3e43-5534-49b3-b3f2-a9f154b450de@group-2FABE92B7E5B:t332, leader=null, voted=b88b3e43-5534-49b3-b3f2-a9f154b450de, raftlog=b88b3e43-5534-49b3-b3f2-a9f154b450de@group-2FABE92B7E5B-SegmentedRaftLog:OPENED:c-1,f-1,i0, conf=-1: [c58a0a02-acd3-47c8-b3e9-5b8e0493de45:192.168.157.254:33611, 1360619e-ba1e-4bf9-aec1-9f15b5480b27:192.168.157.254:45658, b88b3e43-5534-49b3-b3f2-a9f154b450de:192.168.157.254:46786], old=null
2019-10-21 23:47:01,979 [b88b3e43-5534-49b3-b3f2-a9f154b450de@group-2FABE92B7E5B-LeaderElection313] INFO  impl.RaftServerImpl (RaftServerImpl.java:setRole(184)) - b88b3e43-5534-49b3-b3f2-a9f154b450de@group-2FABE92B7E5B: changes role from CANDIDATE to FOLLOWER at term 332 for DISCOVERED_A_NEW_TERM
2019-10-21 23:47:01,980 [b88b3e43-5534-49b3-b3f2-a9f154b450de@group-2FABE92B7E5B-LeaderElection313] INFO  impl.RoleInfo (RoleInfo.java:shutdownLeaderElection(134)) - b88b3e43-5534-49b3-b3f2-a9f154b450de: shutdown LeaderElection
2019-10-21 23:47:01,980 [b88b3e43-5534-49b3-b3f2-a9f154b450de@group-2FABE92B7E5B-LeaderElection313] INFO  impl.RoleInfo (RoleInfo.java:updateAndGet(143)) - b88b3e43-5534-49b3-b3f2-a9f154b450de: start FollowerState
2019-10-21 23:47:02,361 [Thread-2275] INFO  impl.FollowerState (FollowerState.java:run(108)) - b88b3e43-5534-49b3-b3f2-a9f154b450de@group-2FABE92B7E5B-FollowerState: change to CANDIDATE, lastRpcTime:381ms, electionTimeout:127ms
2019-10-21 23:47:02,361 [Thread-2275] INFO  impl.RoleInfo (RoleInfo.java:shutdownFollowerState(121)) - b88b3e43-5534-49b3-b3f2-a9f154b450de: shutdown FollowerState
2019-10-21 23:47:02,361 [Thread-2275] INFO  impl.RaftServerImpl (RaftServerImpl.java:setRole(184)) - b88b3e43-5534-49b3-b3f2-a9f154b450de@group-2FABE92B7E5B: changes role from  FOLLOWER to CANDIDATE at term 332 for changeToCandidate
2019-10-21 23:47:02,361 [Thread-2275] INFO  impl.RoleInfo (RoleInfo.java:updateAndGet(143)) - b88b3e43-5534-49b3-b3f2-a9f154b450de: start LeaderElection
2019-10-21 23:47:02,376 [b88b3e43-5534-49b3-b3f2-a9f154b450de@group-2FABE92B7E5B-LeaderElection314] INFO  impl.LeaderElection (LeaderElection.java:askForVotes(178)) - b88b3e43-5534-49b3-b3f2-a9f154b450de@group-2FABE92B7E5B-LeaderElection314: begin an election at term 333 for -1: [c58a0a02-acd3-47c8-b3e9-5b8e0493de45:192.168.157.254:33611, 1360619e-ba1e-4bf9-aec1-9f15b5480b27:192.168.157.254:45658, b88b3e43-5534-49b3-b3f2-a9f154b450de:192.168.157.254:46786], old=null
2019-10-21 23:47:02,378 [grpc-default-executor-1] INFO  impl.RaftServerImpl (RaftServerImpl.java:setRole(184)) - c58a0a02-acd3-47c8-b3e9-5b8e0493de45@group-2FABE92B7E5B: changes role from  FOLLOWER to FOLLOWER at term 333 for recognizeCandidate:b88b3e43-5534-49b3-b3f2-a9f154b450de
2019-10-21 23:47:02,378 [grpc-default-executor-2] INFO  impl.RaftServerImpl (RaftServerImpl.java:setRole(184)) - 1360619e-ba1e-4bf9-aec1-9f15b5480b27@group-2FABE92B7E5B: changes role from  FOLLOWER to FOLLOWER at term 333 for recognizeCandidate:b88b3e43-5534-49b3-b3f2-a9f154b450de
2019-10-21 23:47:02,378 [grpc-default-executor-1] INFO  impl.RoleInfo (RoleInfo.java:shutdownFollowerState(121)) - c58a0a02-acd3-47c8-b3e9-5b8e0493de45: shutdown FollowerState
2019-10-21 23:47:02,378 [grpc-default-executor-2] INFO  impl.RoleInfo (RoleInfo.java:shutdownFollowerState(121)) - 1360619e-ba1e-4bf9-aec1-9f15b5480b27: shutdown FollowerState
2019-10-21 23:47:02,379 [Thread-2273] INFO  impl.FollowerState (FollowerState.java:run(117)) - c58a0a02-acd3-47c8-b3e9-5b8e0493de45@group-2FABE92B7E5B-FollowerState was interrupted: java.lang.InterruptedException: sleep interrupted
2019-10-21 23:47:02,379 [grpc-default-executor-2] INFO  impl.RoleInfo (RoleInfo.java:updateAndGet(143)) - 1360619e-ba1e-4bf9-aec1-9f15b5480b27: start FollowerState
2019-10-21 23:47:02,379 [grpc-default-executor-1] INFO  impl.RoleInfo (RoleInfo.java:updateAndGet(143)) - c58a0a02-acd3-47c8-b3e9-5b8e0493de45: start FollowerState
2019-10-21 23:47:02,379 [Thread-2274] INFO  impl.FollowerState (FollowerState.java:run(117)) - 1360619e-ba1e-4bf9-aec1-9f15b5480b27@group-2FABE92B7E5B-FollowerState was interrupted: java.lang.InterruptedException: sleep interrupted
2019-10-21 23:47:02,417 [b88b3e43-5534-49b3-b3f2-a9f154b450de@group-2FABE92B7E5B-LeaderElection314] INFO  impl.LeaderElection (LeaderElection.java:logAndReturn(56)) - b88b3e43-5534-49b3-b3f2-a9f154b450de@group-2FABE92B7E5B-LeaderElection314: Election REJECTED; received 2 response(s) [b88b3e43-5534-49b3-b3f2-a9f154b450de<-c58a0a02-acd3-47c8-b3e9-5b8e0493de45#0:FAIL-t333, b88b3e43-5534-49b3-b3f2-a9f154b450de<-1360619e-ba1e-4bf9-aec1-9f15b5480b27#0:FAIL-t333] and 0 exception(s); b88b3e43-5534-49b3-b3f2-a9f154b450de@group-2FABE92B7E5B:t333, leader=null, voted=b88b3e43-5534-49b3-b3f2-a9f154b450de, raftlog=b88b3e43-5534-49b3-b3f2-a9f154b450de@group-2FABE92B7E5B-SegmentedRaftLog:OPENED:c-1,f-1,i0, conf=-1: [c58a0a02-acd3-47c8-b3e9-5b8e0493de45:192.168.157.254:33611, 1360619e-ba1e-4bf9-aec1-9f15b5480b27:192.168.157.254:45658, b88b3e43-5534-49b3-b3f2-a9f154b450de:192.168.157.254:46786], old=null
2019-10-21 23:47:02,417 [b88b3e43-5534-49b3-b3f2-a9f154b450de@group-2FABE92B7E5B-LeaderElection314] INFO  impl.RaftServerImpl (RaftServerImpl.java:setRole(184)) - b88b3e43-5534-49b3-b3f2-a9f154b450de@group-2FABE92B7E5B: changes role from CANDIDATE to FOLLOWER at term 333 for DISCOVERED_A_NEW_TERM
2019-10-21 23:47:02,417 [b88b3e43-5534-49b3-b3f2-a9f154b450de@group-2FABE92B7E5B-LeaderElection314] INFO  impl.RoleInfo (RoleInfo.java:shutdownLeaderElection(134)) - b88b3e43-5534-49b3-b3f2-a9f154b450de: shutdown LeaderElection
2019-10-21 23:47:02,417 [b88b3e43-5534-49b3-b3f2-a9f154b450de@group-2FABE92B7E5B-LeaderElection314] INFO  impl.RoleInfo (RoleInfo.java:updateAndGet(143)) - b88b3e43-5534-49b3-b3f2-a9f154b450de: start FollowerState
2019-10-21 23:47:02,534 [Thread-2283] INFO  impl.FollowerState (FollowerState.java:run(108)) - b88b3e43-5534-49b3-b3f2-a9f154b450de@group-2FABE92B7E5B-FollowerState: change to CANDIDATE, lastRpcTime:116ms, electionTimeout:116ms
2019-10-21 23:47:02,534 [Thread-2283] INFO  impl.RoleInfo (RoleInfo.java:shutdownFollowerState(121)) - b88b3e43-5534-49b3-b3f2-a9f154b450de: shutdown FollowerState
2019-10-21 23:47:02,534 [Thread-2283] INFO  impl.RaftServerImpl (RaftServerImpl.java:setRole(184)) - b88b3e43-5534-49b3-b3f2-a9f154b450de@group-2FABE92B7E5B: changes role from  FOLLOWER to CANDIDATE at term 333 for changeToCandidate
2019-10-21 23:47:02,534 [Thread-2283] INFO  impl.RoleInfo (RoleInfo.java:updateAndGet(143)) - b88b3e43-5534-49b3-b3f2-a9f154b450de: start LeaderElection
2019-10-21 23:47:02,548 [b88b3e43-5534-49b3-b3f2-a9f154b450de@group-2FABE92B7E5B-LeaderElection315] INFO  impl.LeaderElection (LeaderElection.java:askForVotes(178)) - b88b3e43-5534-49b3-b3f2-a9f154b450de@group-2FABE92B7E5B-LeaderElection315: begin an election at term 334 for -1: [c58a0a02-acd3-47c8-b3e9-5b8e0493de45:192.168.157.254:33611, 1360619e-ba1e-4bf9-aec1-9f15b5480b27:192.168.157.254:45658, b88b3e43-5534-49b3-b3f2-a9f154b450de:192.168.157.254:46786], old=null
2019-10-21 23:47:02,549 [grpc-default-executor-2] INFO  impl.RaftServerImpl (RaftServerImpl.java:setRole(184)) - c58a0a02-acd3-47c8-b3e9-5b8e0493de45@group-2FABE92B7E5B: changes role from  FOLLOWER to FOLLOWER at term 334 for recognizeCandidate:b88b3e43-5534-49b3-b3f2-a9f154b450de
2019-10-21 23:47:02,550 [grpc-default-executor-2] INFO  impl.RoleInfo (RoleInfo.java:shutdownFollowerState(121)) - c58a0a02-acd3-47c8-b3e9-5b8e0493de45: shutdown FollowerState
2019-10-21 23:47:02,550 [grpc-default-executor-2] INFO  impl.RoleInfo (RoleInfo.java:updateAndGet(143)) - c58a0a02-acd3-47c8-b3e9-5b8e0493de45: start FollowerState
2019-10-21 23:47:02,550 [grpc-default-executor-1] INFO  impl.RaftServerImpl (RaftServerImpl.java:setRole(184)) - 1360619e-ba1e-4bf9-aec1-9f15b5480b27@group-2FABE92B7E5B: changes role from  FOLLOWER to FOLLOWER at term 334 for recognizeCandidate:b88b3e43-5534-49b3-b3f2-a9f154b450de
2019-10-21 23:47:02,550 [Thread-2281] INFO  impl.FollowerState (FollowerState.java:run(117)) - c58a0a02-acd3-47c8-b3e9-5b8e0493de45@group-2FABE92B7E5B-FollowerState was interrupted: java.lang.InterruptedException: sleep interrupted
2019-10-21 23:47:02,550 [grpc-default-executor-1] INFO  impl.RoleInfo (RoleInfo.java:shutdownFollowerState(121)) - 1360619e-ba1e-4bf9-aec1-9f15b5480b27: shutdown FollowerState
2019-10-21 23:47:02,550 [grpc-default-executor-1] INFO  impl.RoleInfo (RoleInfo.java:updateAndGet(143)) - 1360619e-ba1e-4bf9-aec1-9f15b5480b27: start FollowerState
2019-10-21 23:47:02,550 [Thread-2282] INFO  impl.FollowerState (FollowerState.java:run(117)) - 1360619e-ba1e-4bf9-aec1-9f15b5480b27@group-2FABE92B7E5B-FollowerState was interrupted: java.lang.InterruptedException: sleep interrupted
2019-10-21 23:47:02,564 [b88b3e43-5534-49b3-b3f2-a9f154b450de@group-2FABE92B7E5B-LeaderElection315] INFO  impl.LeaderElection (LeaderElection.java:logAndReturn(56)) - b88b3e43-5534-49b3-b3f2-a9f154b450de@group-2FABE92B7E5B-LeaderElection315: Election REJECTED; received 2 response(s) [b88b3e43-5534-49b3-b3f2-a9f154b450de<-c58a0a02-acd3-47c8-b3e9-5b8e0493de45#0:FAIL-t334, b88b3e43-5534-49b3-b3f2-a9f154b450de<-1360619e-ba1e-4bf9-aec1-9f15b5480b27#0:FAIL-t334] and 0 exception(s); b88b3e43-5534-49b3-b3f2-a9f154b450de@group-2FABE92B7E5B:t334, leader=null, voted=b88b3e43-5534-49b3-b3f2-a9f154b450de, raftlog=b88b3e43-5534-49b3-b3f2-a9f154b450de@group-2FABE92B7E5B-SegmentedRaftLog:OPENED:c-1,f-1,i0, conf=-1: [c58a0a02-acd3-47c8-b3e9-5b8e0493de45:192.168.157.254:33611, 1360619e-ba1e-4bf9-aec1-9f15b5480b27:192.168.157.254:45658, b88b3e43-5534-49b3-b3f2-a9f154b450de:192.168.157.254:46786], old=null
2019-10-21 23:47:02,565 [b88b3e43-5534-49b3-b3f2-a9f154b450de@group-2FABE92B7E5B-LeaderElection315] INFO  impl.RaftServerImpl (RaftServerImpl.java:setRole(184)) - b88b3e43-5534-49b3-b3f2-a9f154b450de@group-2FABE92B7E5B: changes role from CANDIDATE to FOLLOWER at term 334 for DISCOVERED_A_NEW_TERM
2019-10-21 23:47:02,565 [b88b3e43-5534-49b3-b3f2-a9f154b450de@group-2FABE92B7E5B-LeaderElection315] INFO  impl.RoleInfo (RoleInfo.java:shutdownLeaderElection(134)) - b88b3e43-5534-49b3-b3f2-a9f154b450de: shutdown LeaderElection
2019-10-21 23:47:02,565 [b88b3e43-5534-49b3-b3f2-a9f154b450de@group-2FABE92B7E5B-LeaderElection315] INFO  impl.RoleInfo (RoleInfo.java:updateAndGet(143)) - b88b3e43-5534-49b3-b3f2-a9f154b450de: start FollowerState
2019-10-21 23:47:02,669 [Thread-2289] INFO  impl.FollowerState (FollowerState.java:run(108)) - b88b3e43-5534-49b3-b3f2-a9f154b450de@group-2FABE92B7E5B-FollowerState: change to CANDIDATE, lastRpcTime:104ms, electionTimeout:104ms
2019-10-21 23:47:02,669 [Thread-2289] INFO  impl.RoleInfo (RoleInfo.java:shutdownFollowerState(121)) - b88b3e43-5534-49b3-b3f2-a9f154b450de: shutdown FollowerState
2019-10-21 23:47:02,670 [Thread-2289] INFO  impl.RaftServerImpl (RaftServerImpl.java:setRole(184)) - b88b3e43-5534-49b3-b3f2-a9f154b450de@group-2FABE92B7E5B: changes role from  FOLLOWER to CANDIDATE at term 334 for changeToCandidate
2019-10-21 23:47:02,670 [Thread-2289] INFO  impl.RoleInfo (RoleInfo.java:updateAndGet(143)) - b88b3e43-5534-49b3-b3f2-a9f154b450de: start LeaderElection
2019-10-21 23:47:02,684 [b88b3e43-5534-49b3-b3f2-a9f154b450de@group-2FABE92B7E5B-LeaderElection316] INFO  impl.LeaderElection (LeaderElection.java:askForVotes(178)) - b88b3e43-5534-49b3-b3f2-a9f154b450de@group-2FABE92B7E5B-LeaderElection316: begin an election at term 335 for -1: [c58a0a02-acd3-47c8-b3e9-5b8e0493de45:192.168.157.254:33611, 1360619e-ba1e-4bf9-aec1-9f15b5480b27:192.168.157.254:45658, b88b3e43-5534-49b3-b3f2-a9f154b450de:192.168.157.254:46786], old=null
2019-10-21 23:47:02,686 [grpc-default-executor-1] INFO  impl.RaftServerImpl (RaftServerImpl.java:setRole(184)) - c58a0a02-acd3-47c8-b3e9-5b8e0493de45@group-2FABE92B7E5B: changes role from  FOLLOWER to FOLLOWER at term 335 for recognizeCandidate:b88b3e43-5534-49b3-b3f2-a9f154b450de
2019-10-21 23:47:02,686 [grpc-default-executor-2] INFO  impl.RaftServerImpl (RaftServerImpl.java:setRole(184)) - 1360619e-ba1e-4bf9-aec1-9f15b5480b27@group-2FABE92B7E5B: changes role from  FOLLOWER to FOLLOWER at term 335 for recognizeCandidate:b88b3e43-5534-49b3-b3f2-a9f154b450de
2019-10-21 23:47:02,686 [grpc-default-executor-1] INFO  impl.RoleInfo (RoleInfo.java:shutdownFollowerState(121)) - c58a0a02-acd3-47c8-b3e9-5b8e0493de45: shutdown FollowerState
2019-10-21 23:47:02,686 [grpc-default-executor-2] INFO  impl.RoleInfo (RoleInfo.java:shutdownFollowerState(121)) - 1360619e-ba1e-4bf9-aec1-9f15b5480b27: shutdown FollowerState
2019-10-21 23:47:02,686 [Thread-2287] INFO  impl.FollowerState (FollowerState.java:run(117)) - c58a0a02-acd3-47c8-b3e9-5b8e0493de45@group-2FABE92B7E5B-FollowerState was interrupted: java.lang.InterruptedException: sleep interrupted
2019-10-21 23:47:02,686 [grpc-default-executor-1] INFO  impl.RoleInfo (RoleInfo.java:updateAndGet(143)) - c58a0a02-acd3-47c8-b3e9-5b8e0493de45: start FollowerState
2019-10-21 23:47:02,686 [Thread-2288] INFO  impl.FollowerState (FollowerState.java:run(117)) - 1360619e-ba1e-4bf9-aec1-9f15b5480b27@group-2FABE92B7E5B-FollowerState was interrupted: java.lang.InterruptedException: sleep interrupted
2019-10-21 23:47:02,686 [grpc-default-executor-2] INFO  impl.RoleInfo (RoleInfo.java:updateAndGet(143)) - 1360619e-ba1e-4bf9-aec1-9f15b5480b27: start FollowerState
2019-10-21 23:47:02,701 [b88b3e43-5534-49b3-b3f2-a9f154b450de@group-2FABE92B7E5B-LeaderElection316] INFO  impl.LeaderElection (LeaderElection.java:logAndReturn(56)) - b88b3e43-5534-49b3-b3f2-a9f154b450de@group-2FABE92B7E5B-LeaderElection316: Election REJECTED; received 2 response(s) [b88b3e43-5534-49b3-b3f2-a9f154b450de<-c58a0a02-acd3-47c8-b3e9-5b8e0493de45#0:FAIL-t335, b88b3e43-5534-49b3-b3f2-a9f154b450de<-1360619e-ba1e-4bf9-aec1-9f15b5480b27#0:FAIL-t335] and 0 exception(s); b88b3e43-5534-49b3-b3f2-a9f154b450de@group-2FABE92B7E5B:t335, leader=null, voted=b88b3e43-5534-49b3-b3f2-a9f154b450de, raftlog=b88b3e43-5534-49b3-b3f2-a9f154b450de@group-2FABE92B7E5B-SegmentedRaftLog:OPENED:c-1,f-1,i0, conf=-1: [c58a0a02-acd3-47c8-b3e9-5b8e0493de45:192.168.157.254:33611, 1360619e-ba1e-4bf9-aec1-9f15b5480b27:192.168.157.254:45658, b88b3e43-5534-49b3-b3f2-a9f154b450de:192.168.157.254:46786], old=null
2019-10-21 23:47:02,701 [b88b3e43-5534-49b3-b3f2-a9f154b450de@group-2FABE92B7E5B-LeaderElection316] INFO  impl.RaftServerImpl (RaftServerImpl.java:setRole(184)) - b88b3e43-5534-49b3-b3f2-a9f154b450de@group-2FABE92B7E5B: changes role from CANDIDATE to FOLLOWER at term 335 for DISCOVERED_A_NEW_TERM
2019-10-21 23:47:02,701 [b88b3e43-5534-49b3-b3f2-a9f154b450de@group-2FABE92B7E5B-LeaderElection316] INFO  impl.RoleInfo (RoleInfo.java:shutdownLeaderElection(134)) - b88b3e43-5534-49b3-b3f2-a9f154b450de: shutdown LeaderElection
2019-10-21 23:47:02,701 [b88b3e43-5534-49b3-b3f2-a9f154b450de@group-2FABE92B7E5B-LeaderElection316] INFO  impl.RoleInfo (RoleInfo.java:updateAndGet(143)) - b88b3e43-5534-49b3-b3f2-a9f154b450de: start FollowerState
2019-10-21 23:47:02,709 [Thread-2295] INFO  impl.FollowerState (FollowerState.java:run(108)) - b88b3e43-5534-49b3-b3f2-a9f154b450de@group-2FABE92B7E5B-FollowerState: change to CANDIDATE, lastRpcTime:8ms, electionTimeout:8ms
2019-10-21 23:47:02,710 [Thread-2295] INFO  impl.RoleInfo (RoleInfo.java:shutdownFollowerState(121)) - b88b3e43-5534-49b3-b3f2-a9f154b450de: shutdown FollowerState
2019-10-21 23:47:02,710 [Thread-2295] INFO  impl.RaftServerImpl (RaftServerImpl.java:setRole(184)) - b88b3e43-5534-49b3-b3f2-a9f154b450de@group-2FABE92B7E5B: changes role from  FOLLOWER to CANDIDATE at term 335 for changeToCandidate
2019-10-21 23:47:02,710 [Thread-2295] INFO  impl.RoleInfo (RoleInfo.java:updateAndGet(143)) - b88b3e43-5534-49b3-b3f2-a9f154b450de: start LeaderElection
2019-10-21 23:47:02,723 [b88b3e43-5534-49b3-b3f2-a9f154b450de@group-2FABE92B7E5B-LeaderElection317] INFO  impl.LeaderElection (LeaderElection.java:askForVotes(178)) - b88b3e43-5534-49b3-b3f2-a9f154b450de@group-2FABE92B7E5B-LeaderElection317: begin an election at term 336 for -1: [c58a0a02-acd3-47c8-b3e9-5b8e0493de45:192.168.157.254:33611, 1360619e-ba1e-4bf9-aec1-9f15b5480b27:192.168.157.254:45658, b88b3e43-5534-49b3-b3f2-a9f154b450de:192.168.157.254:46786], old=null
2019-10-21 23:47:02,724 [grpc-default-executor-1] INFO  impl.RaftServerImpl (RaftServerImpl.java:setRole(184)) - c58a0a02-acd3-47c8-b3e9-5b8e0493de45@group-2FABE92B7E5B: changes role from  FOLLOWER to FOLLOWER at term 336 for recognizeCandidate:b88b3e43-5534-49b3-b3f2-a9f154b450de
2019-10-21 23:47:02,724 [grpc-default-executor-2] INFO  impl.RaftServerImpl (RaftServerImpl.java:setRole(184)) - 1360619e-ba1e-4bf9-aec1-9f15b5480b27@group-2FABE92B7E5B: changes role from  FOLLOWER to FOLLOWER at term 336 for recognizeCandidate:b88b3e43-5534-49b3-b3f2-a9f154b450de
2019-10-21 23:47:02,724 [grpc-default-executor-2] INFO  impl.RoleInfo (RoleInfo.java:shutdownFollowerState(121)) - 1360619e-ba1e-4bf9-aec1-9f15b5480b27: shutdown FollowerState
2019-10-21 23:47:02,724 [grpc-default-executor-1] INFO  impl.RoleInfo (RoleInfo.java:shutdownFollowerState(121)) - c58a0a02-acd3-47c8-b3e9-5b8e0493de45: shutdown FollowerState
2019-10-21 23:47:02,724 [Thread-2294] INFO  impl.FollowerState (FollowerState.java:run(117)) - 1360619e-ba1e-4bf9-aec1-9f15b5480b27@group-2FABE92B7E5B-FollowerState was interrupted: java.lang.InterruptedException: sleep interrupted
2019-10-21 23:47:02,725 [Thread-2293] INFO  impl.FollowerState (FollowerState.java:run(117)) - c58a0a02-acd3-47c8-b3e9-5b8e0493de45@group-2FABE92B7E5B-FollowerState was interrupted: java.lang.InterruptedException: sleep interrupted
2019-10-21 23:47:02,724 [grpc-default-executor-2] INFO  impl.RoleInfo (RoleInfo.java:updateAndGet(143)) - 1360619e-ba1e-4bf9-aec1-9f15b5480b27: start FollowerState
2019-10-21 23:47:02,725 [grpc-default-executor-1] INFO  impl.RoleInfo (RoleInfo.java:updateAndGet(143)) - c58a0a02-acd3-47c8-b3e9-5b8e0493de45: start FollowerState
2019-10-21 23:47:02,732 [b88b3e43-5534-49b3-b3f2-a9f154b450de@group-2FABE92B7E5B-LeaderElection317] INFO  impl.LeaderElection (LeaderElection.java:logAndReturn(56)) - b88b3e43-5534-49b3-b3f2-a9f154b450de@group-2FABE92B7E5B-LeaderElection317: Election TIMEOUT; received 0 response(s) [] and 0 exception(s); b88b3e43-5534-49b3-b3f2-a9f154b450de@group-2FABE92B7E5B:t336, leader=null, voted=b88b3e43-5534-49b3-b3f2-a9f154b450de, raftlog=b88b3e43-5534-49b3-b3f2-a9f154b450de@group-2FABE92B7E5B-SegmentedRaftLog:OPENED:c-1,f-1,i0, conf=-1: [c58a0a02-acd3-47c8-b3e9-5b8e0493de45:192.168.157.254:33611, 1360619e-ba1e-4bf9-aec1-9f15b5480b27:192.168.157.254:45658, b88b3e43-5534-49b3-b3f2-a9f154b450de:192.168.157.254:46786], old=null
2019-10-21 23:47:02,747 [b88b3e43-5534-49b3-b3f2-a9f154b450de@group-2FABE92B7E5B-LeaderElection317] INFO  impl.LeaderElection (LeaderElection.java:askForVotes(178)) - b88b3e43-5534-49b3-b3f2-a9f154b450de@group-2FABE92B7E5B-LeaderElection317: begin an election at term 337 for -1: [c58a0a02-acd3-47c8-b3e9-5b8e0493de45:192.168.157.254:33611, 1360619e-ba1e-4bf9-aec1-9f15b5480b27:192.168.157.254:45658, b88b3e43-5534-49b3-b3f2-a9f154b450de:192.168.157.254:46786], old=null
2019-10-21 23:47:02,748 [grpc-default-executor-2] INFO  impl.RaftServerImpl (RaftServerImpl.java:setRole(184)) - c58a0a02-acd3-47c8-b3e9-5b8e0493de45@group-2FABE92B7E5B: changes role from  FOLLOWER to FOLLOWER at term 337 for recognizeCandidate:b88b3e43-5534-49b3-b3f2-a9f154b450de
2019-10-21 23:47:02,748 [grpc-default-executor-2] INFO  impl.RoleInfo (RoleInfo.java:shutdownFollowerState(121)) - c58a0a02-acd3-47c8-b3e9-5b8e0493de45: shutdown FollowerState
2019-10-21 23:47:02,748 [grpc-default-executor-1] INFO  impl.RaftServerImpl (RaftServerImpl.java:setRole(184)) - 1360619e-ba1e-4bf9-aec1-9f15b5480b27@group-2FABE92B7E5B: changes role from  FOLLOWER to FOLLOWER at term 337 for recognizeCandidate:b88b3e43-5534-49b3-b3f2-a9f154b450de
2019-10-21 23:47:02,748 [Thread-2300] INFO  impl.FollowerState (FollowerState.java:run(117)) - c58a0a02-acd3-47c8-b3e9-5b8e0493de45@group-2FABE92B7E5B-FollowerState was interrupted: java.lang.InterruptedException: sleep interrupted
2019-10-21 23:47:02,748 [grpc-default-executor-2] INFO  impl.RoleInfo (RoleInfo.java:updateAndGet(143)) - c58a0a02-acd3-47c8-b3e9-5b8e0493de45: start FollowerState
2019-10-21 23:47:02,748 [grpc-default-executor-1] INFO  impl.RoleInfo (RoleInfo.java:shutdownFollowerState(121)) - 1360619e-ba1e-4bf9-aec1-9f15b5480b27: shutdown FollowerState
2019-10-21 23:47:02,749 [grpc-default-executor-1] INFO  impl.RoleInfo (RoleInfo.java:updateAndGet(143)) - 1360619e-ba1e-4bf9-aec1-9f15b5480b27: start FollowerState
2019-10-21 23:47:02,749 [Thread-2299] INFO  impl.FollowerState (FollowerState.java:run(117)) - 1360619e-ba1e-4bf9-aec1-9f15b5480b27@group-2FABE92B7E5B-FollowerState was interrupted: java.lang.InterruptedException: sleep interrupted
2019-10-21 23:47:02,757 [b88b3e43-5534-49b3-b3f2-a9f154b450de@group-2FABE92B7E5B-LeaderElection317] INFO  impl.LeaderElection (LeaderElection.java:logAndReturn(56)) - b88b3e43-5534-49b3-b3f2-a9f154b450de@group-2FABE92B7E5B-LeaderElection317: Election TIMEOUT; received 0 response(s) [] and 0 exception(s); b88b3e43-5534-49b3-b3f2-a9f154b450de@group-2FABE92B7E5B:t337, leader=null, voted=b88b3e43-5534-49b3-b3f2-a9f154b450de, raftlog=b88b3e43-5534-49b3-b3f2-a9f154b450de@group-2FABE92B7E5B-SegmentedRaftLog:OPENED:c-1,f-1,i0, conf=-1: [c58a0a02-acd3-47c8-b3e9-5b8e0493de45:192.168.157.254:33611, 1360619e-ba1e-4bf9-aec1-9f15b5480b27:192.168.157.254:45658, b88b3e43-5534-49b3-b3f2-a9f154b450de:192.168.157.254:46786], old=null
2019-10-21 23:47:02,762 [b88b3e43-5534-49b3-b3f2-a9f154b450de@group-2FABE92B7E5B-LeaderElection317] INFO  impl.LeaderElection (LeaderElection.java:askForVotes(178)) - b88b3e43-5534-49b3-b3f2-a9f154b450de@group-2FABE92B7E5B-LeaderElection317: begin an election at term 338 for -1: [c58a0a02-acd3-47c8-b3e9-5b8e0493de45:192.168.157.254:33611, 1360619e-ba1e-4bf9-aec1-9f15b5480b27:192.168.157.254:45658, b88b3e43-5534-49b3-b3f2-a9f154b450de:192.168.157.254:46786], old=null
2019-10-21 23:47:02,763 [grpc-default-executor-2] INFO  impl.RaftServerImpl (RaftServerImpl.java:setRole(184)) - c58a0a02-acd3-47c8-b3e9-5b8e0493de45@group-2FABE92B7E5B: changes role from  FOLLOWER to FOLLOWER at term 338 for recognizeCandidate:b88b3e43-5534-49b3-b3f2-a9f154b450de
2019-10-21 23:47:02,763 [grpc-default-executor-2] INFO  impl.RoleInfo (RoleInfo.java:shutdownFollowerState(121)) - c58a0a02-acd3-47c8-b3e9-5b8e0493de45: shutdown FollowerState
2019-10-21 23:47:02,763 [grpc-default-executor-1] INFO  impl.RaftServerImpl (RaftServerImpl.java:setRole(184)) - 1360619e-ba1e-4bf9-aec1-9f15b5480b27@group-2FABE92B7E5B: changes role from  FOLLOWER to FOLLOWER at term 338 for recognizeCandidate:b88b3e43-5534-49b3-b3f2-a9f154b450de
2019-10-21 23:47:02,764 [grpc-default-executor-1] INFO  impl.RoleInfo (RoleInfo.java:shutdownFollowerState(121)) - 1360619e-ba1e-4bf9-aec1-9f15b5480b27: shutdown FollowerState
2019-10-21 23:47:02,764 [Thread-2303] INFO  impl.FollowerState (FollowerState.java:run(117)) - c58a0a02-acd3-47c8-b3e9-5b8e0493de45@group-2FABE92B7E5B-FollowerState was interrupted: java.lang.InterruptedException: sleep interrupted
2019-10-21 23:47:02,764 [grpc-default-executor-2] INFO  impl.RoleInfo (RoleInfo.java:updateAndGet(143)) - c58a0a02-acd3-47c8-b3e9-5b8e0493de45: start FollowerState
2019-10-21 23:47:02,764 [Thread-2304] INFO  impl.FollowerState (FollowerState.java:run(117)) - 1360619e-ba1e-4bf9-aec1-9f15b5480b27@group-2FABE92B7E5B-FollowerState was interrupted: java.lang.InterruptedException: sleep interrupted
2019-10-21 23:47:02,764 [grpc-default-executor-1] INFO  impl.RoleInfo (RoleInfo.java:updateAndGet(143)) - 1360619e-ba1e-4bf9-aec1-9f15b5480b27: start FollowerState
2019-10-21 23:47:02,777 [b88b3e43-5534-49b3-b3f2-a9f154b450de@group-2FABE92B7E5B-LeaderElection317] INFO  impl.LeaderElection (LeaderElection.java:logAndReturn(56)) - b88b3e43-5534-49b3-b3f2-a9f154b450de@group-2FABE92B7E5B-LeaderElection317: Election REJECTED; received 2 response(s) [b88b3e43-5534-49b3-b3f2-a9f154b450de<-c58a0a02-acd3-47c8-b3e9-5b8e0493de45#0:FAIL-t338, b88b3e43-5534-49b3-b3f2-a9f154b450de<-1360619e-ba1e-4bf9-aec1-9f15b5480b27#0:FAIL-t338] and 0 exception(s); b88b3e43-5534-49b3-b3f2-a9f154b450de@group-2FABE92B7E5B:t338, leader=null, voted=b88b3e43-5534-49b3-b3f2-a9f154b450de, raftlog=b88b3e43-5534-49b3-b3f2-a9f154b450de@group-2FABE92B7E5B-SegmentedRaftLog:OPENED:c-1,f-1,i0, conf=-1: [c58a0a02-acd3-47c8-b3e9-5b8e0493de45:192.168.157.254:33611, 1360619e-ba1e-4bf9-aec1-9f15b5480b27:192.168.157.254:45658, b88b3e43-5534-49b3-b3f2-a9f154b450de:192.168.157.254:46786], old=null
2019-10-21 23:47:02,777 [b88b3e43-5534-49b3-b3f2-a9f154b450de@group-2FABE92B7E5B-LeaderElection317] INFO  impl.RaftServerImpl (RaftServerImpl.java:setRole(184)) - b88b3e43-5534-49b3-b3f2-a9f154b450de@group-2FABE92B7E5B: changes role from CANDIDATE to FOLLOWER at term 338 for DISCOVERED_A_NEW_TERM
2019-10-21 23:47:02,778 [b88b3e43-5534-49b3-b3f2-a9f154b450de@group-2FABE92B7E5B-LeaderElection317] INFO  impl.RoleInfo (RoleInfo.java:shutdownLeaderElection(134)) - b88b3e43-5534-49b3-b3f2-a9f154b450de: shutdown LeaderElection
2019-10-21 23:47:02,778 [b88b3e43-5534-49b3-b3f2-a9f154b450de@group-2FABE92B7E5B-LeaderElection317] INFO  impl.RoleInfo (RoleInfo.java:updateAndGet(143)) - b88b3e43-5534-49b3-b3f2-a9f154b450de: start FollowerState
2019-10-21 23:47:02,902 [Thread-2309] INFO  impl.FollowerState (FollowerState.java:run(108)) - b88b3e43-5534-49b3-b3f2-a9f154b450de@group-2FABE92B7E5B-FollowerState: change to CANDIDATE, lastRpcTime:124ms, electionTimeout:124ms
2019-10-21 23:47:02,902 [Thread-2309] INFO  impl.RoleInfo (RoleInfo.java:shutdownFollowerState(121)) - b88b3e43-5534-49b3-b3f2-a9f154b450de: shutdown FollowerState
2019-10-21 23:47:02,902 [Thread-2309] INFO  impl.RaftServerImpl (RaftServerImpl.java:setRole(184)) - b88b3e43-5534-49b3-b3f2-a9f154b450de@group-2FABE92B7E5B: changes role from  FOLLOWER to CANDIDATE at term 338 for changeToCandidate
2019-10-21 23:47:02,902 [Thread-2309] INFO  impl.RoleInfo (RoleInfo.java:updateAndGet(143)) - b88b3e43-5534-49b3-b3f2-a9f154b450de: start LeaderElection
2019-10-21 23:47:02,916 [b88b3e43-5534-49b3-b3f2-a9f154b450de@group-2FABE92B7E5B-LeaderElection318] INFO  impl.LeaderElection (LeaderElection.java:askForVotes(178)) - b88b3e43-5534-49b3-b3f2-a9f154b450de@group-2FABE92B7E5B-LeaderElection318: begin an election at term 339 for -1: [c58a0a02-acd3-47c8-b3e9-5b8e0493de45:192.168.157.254:33611, 1360619e-ba1e-4bf9-aec1-9f15b5480b27:192.168.157.254:45658, b88b3e43-5534-49b3-b3f2-a9f154b450de:192.168.157.254:46786], old=null
2019-10-21 23:47:02,917 [grpc-default-executor-1] INFO  impl.RaftServerImpl (RaftServerImpl.java:setRole(184)) - c58a0a02-acd3-47c8-b3e9-5b8e0493de45@group-2FABE92B7E5B: changes role from  FOLLOWER to FOLLOWER at term 339 for recognizeCandidate:b88b3e43-5534-49b3-b3f2-a9f154b450de
2019-10-21 23:47:02,917 [grpc-default-executor-2] INFO  impl.RaftServerImpl (RaftServerImpl.java:setRole(184)) - 1360619e-ba1e-4bf9-aec1-9f15b5480b27@group-2FABE92B7E5B: changes role from  FOLLOWER to FOLLOWER at term 339 for recognizeCandidate:b88b3e43-5534-49b3-b3f2-a9f154b450de
2019-10-21 23:47:02,918 [grpc-default-executor-2] INFO  impl.RoleInfo (RoleInfo.java:shutdownFollowerState(121)) - 1360619e-ba1e-4bf9-aec1-9f15b5480b27: shutdown FollowerState
2019-10-21 23:47:02,917 [grpc-default-executor-1] INFO  impl.RoleInfo (RoleInfo.java:shutdownFollowerState(121)) - c58a0a02-acd3-47c8-b3e9-5b8e0493de45: shutdown FollowerState
2019-10-21 23:47:02,918 [Thread-2308] INFO  impl.FollowerState (FollowerState.java:run(117)) - 1360619e-ba1e-4bf9-aec1-9f15b5480b27@group-2FABE92B7E5B-FollowerState was interrupted: java.lang.InterruptedException: sleep interrupted
2019-10-21 23:47:02,918 [grpc-default-executor-2] INFO  impl.RoleInfo (RoleInfo.java:updateAndGet(143)) - 1360619e-ba1e-4bf9-aec1-9f15b5480b27: start FollowerState
2019-10-21 23:47:02,918 [Thread-2307] INFO  impl.FollowerState (FollowerState.java:run(117)) - c58a0a02-acd3-47c8-b3e9-5b8e0493de45@group-2FABE92B7E5B-FollowerState was interrupted: java.lang.InterruptedException: sleep interrupted
2019-10-21 23:47:02,918 [grpc-default-executor-1] INFO  impl.RoleInfo (RoleInfo.java:updateAndGet(143)) - c58a0a02-acd3-47c8-b3e9-5b8e0493de45: start FollowerState
2019-10-21 23:47:02,937 [b88b3e43-5534-49b3-b3f2-a9f154b450de@group-2FABE92B7E5B-LeaderElection318] INFO  impl.LeaderElection (LeaderElection.java:logAndReturn(56)) - b88b3e43-5534-49b3-b3f2-a9f154b450de@group-2FABE92B7E5B-LeaderElection318: Election REJECTED; received 2 response(s) [b88b3e43-5534-49b3-b3f2-a9f154b450de<-c58a0a02-acd3-47c8-b3e9-5b8e0493de45#0:FAIL-t339, b88b3e43-5534-49b3-b3f2-a9f154b450de<-1360619e-ba1e-4bf9-aec1-9f15b5480b27#0:FAIL-t339] and 0 exception(s); b88b3e43-5534-49b3-b3f2-a9f154b450de@group-2FABE92B7E5B:t339, leader=null, voted=b88b3e43-5534-49b3-b3f2-a9f154b450de, raftlog=b88b3e43-5534-49b3-b3f2-a9f154b450de@group-2FABE92B7E5B-SegmentedRaftLog:OPENED:c-1,f-1,i0, conf=-1: [c58a0a02-acd3-47c8-b3e9-5b8e0493de45:192.168.157.254:33611, 1360619e-ba1e-4bf9-aec1-9f15b5480b27:192.168.157.254:45658, b88b3e43-5534-49b3-b3f2-a9f154b450de:192.168.157.254:46786], old=null
2019-10-21 23:47:02,937 [b88b3e43-5534-49b3-b3f2-a9f154b450de@group-2FABE92B7E5B-LeaderElection318] INFO  impl.RaftServerImpl (RaftServerImpl.java:setRole(184)) - b88b3e43-5534-49b3-b3f2-a9f154b450de@group-2FABE92B7E5B: changes role from CANDIDATE to FOLLOWER at term 339 for DISCOVERED_A_NEW_TERM
2019-10-21 23:47:02,937 [b88b3e43-5534-49b3-b3f2-a9f154b450de@group-2FABE92B7E5B-LeaderElection318] INFO  impl.RoleInfo (RoleInfo.java:shutdownLeaderElection(134)) - b88b3e43-5534-49b3-b3f2-a9f154b450de: shutdown LeaderElection
2019-10-21 23:47:02,937 [b88b3e43-5534-49b3-b3f2-a9f154b450de@group-2FABE92B7E5B-LeaderElection318] INFO  impl.RoleInfo (RoleInfo.java:updateAndGet(143)) - b88b3e43-5534-49b3-b3f2-a9f154b450de: start FollowerState
2019-10-21 23:47:03,130 [Thread-2315] INFO  impl.FollowerState (FollowerState.java:run(108)) - b88b3e43-5534-49b3-b3f2-a9f154b450de@group-2FABE92B7E5B-FollowerState: change to CANDIDATE, lastRpcTime:193ms, electionTimeout:193ms
2019-10-21 23:47:03,131 [Thread-2315] INFO  impl.RoleInfo (RoleInfo.java:shutdownFollowerState(121)) - b88b3e43-5534-49b3-b3f2-a9f154b450de: shutdown FollowerState
2019-10-21 23:47:03,131 [Thread-2315] INFO  impl.RaftServerImpl (RaftServerImpl.java:setRole(184)) - b88b3e43-5534-49b3-b3f2-a9f154b450de@group-2FABE92B7E5B: changes role from  FOLLOWER to CANDIDATE at term 339 for changeToCandidate
2019-10-21 23:47:03,131 [Thread-2315] INFO  impl.RoleInfo (RoleInfo.java:updateAndGet(143)) - b88b3e43-5534-49b3-b3f2-a9f154b450de: start LeaderElection
2019-10-21 23:47:03,144 [b88b3e43-5534-49b3-b3f2-a9f154b450de@group-2FABE92B7E5B-LeaderElection319] INFO  impl.LeaderElection (LeaderElection.java:askForVotes(178)) - b88b3e43-5534-49b3-b3f2-a9f154b450de@group-2FABE92B7E5B-LeaderElection319: begin an election at term 340 for -1: [c58a0a02-acd3-47c8-b3e9-5b8e0493de45:192.168.157.254:33611, 1360619e-ba1e-4bf9-aec1-9f15b5480b27:192.168.157.254:45658, b88b3e43-5534-49b3-b3f2-a9f154b450de:192.168.157.254:46786], old=null
2019-10-21 23:47:03,146 [grpc-default-executor-2] INFO  impl.RaftServerImpl (RaftServerImpl.java:setRole(184)) - 1360619e-ba1e-4bf9-aec1-9f15b5480b27@group-2FABE92B7E5B: changes role from  FOLLOWER to FOLLOWER at term 340 for recognizeCandidate:b88b3e43-5534-49b3-b3f2-a9f154b450de
2019-10-21 23:47:03,147 [grpc-default-executor-2] INFO  impl.RoleInfo (RoleInfo.java:shutdownFollowerState(121)) - 1360619e-ba1e-4bf9-aec1-9f15b5480b27: shutdown FollowerState
2019-10-21 23:47:03,147 [grpc-default-executor-1] INFO  impl.RaftServerImpl (RaftServerImpl.java:setRole(184)) - c58a0a02-acd3-47c8-b3e9-5b8e0493de45@group-2FABE92B7E5B: changes role from  FOLLOWER to FOLLOWER at term 340 for recognizeCandidate:b88b3e43-5534-49b3-b3f2-a9f154b450de
2019-10-21 23:47:03,147 [Thread-2313] INFO  impl.FollowerState (FollowerState.java:run(117)) - 1360619e-ba1e-4bf9-aec1-9f15b5480b27@group-2FABE92B7E5B-FollowerState was interrupted: java.lang.InterruptedException: sleep interrupted
2019-10-21 23:47:03,147 [grpc-default-executor-2] INFO  impl.RoleInfo (RoleInfo.java:updateAndGet(143)) - 1360619e-ba1e-4bf9-aec1-9f15b5480b27: start FollowerState
2019-10-21 23:47:03,147 [grpc-default-executor-1] INFO  impl.RoleInfo (RoleInfo.java:shutdownFollowerState(121)) - c58a0a02-acd3-47c8-b3e9-5b8e0493de45: shutdown FollowerState
2019-10-21 23:47:03,147 [Thread-2314] INFO  impl.FollowerState (FollowerState.java:run(117)) - c58a0a02-acd3-47c8-b3e9-5b8e0493de45@group-2FABE92B7E5B-FollowerState was interrupted: java.lang.InterruptedException: sleep interrupted
2019-10-21 23:47:03,147 [grpc-default-executor-1] INFO  impl.RoleInfo (RoleInfo.java:updateAndGet(143)) - c58a0a02-acd3-47c8-b3e9-5b8e0493de45: start FollowerState
2019-10-21 23:47:03,163 [b88b3e43-5534-49b3-b3f2-a9f154b450de@group-2FABE92B7E5B-LeaderElection319] INFO  impl.LeaderElection (LeaderElection.java:logAndReturn(56)) - b88b3e43-5534-49b3-b3f2-a9f154b450de@group-2FABE92B7E5B-LeaderElection319: Election REJECTED; received 2 response(s) [b88b3e43-5534-49b3-b3f2-a9f154b450de<-c58a0a02-acd3-47c8-b3e9-5b8e0493de45#0:FAIL-t340, b88b3e43-5534-49b3-b3f2-a9f154b450de<-1360619e-ba1e-4bf9-aec1-9f15b5480b27#0:FAIL-t340] and 0 exception(s); b88b3e43-5534-49b3-b3f2-a9f154b450de@group-2FABE92B7E5B:t340, leader=null, voted=b88b3e43-5534-49b3-b3f2-a9f154b450de, raftlog=b88b3e43-5534-49b3-b3f2-a9f154b450de@group-2FABE92B7E5B-SegmentedRaftLog:OPENED:c-1,f-1,i0, conf=-1: [c58a0a02-acd3-47c8-b3e9-5b8e0493de45:192.168.157.254:33611, 1360619e-ba1e-4bf9-aec1-9f15b5480b27:192.168.157.254:45658, b88b3e43-5534-49b3-b3f2-a9f154b450de:192.168.157.254:46786], old=null
2019-10-21 23:47:03,163 [b88b3e43-5534-49b3-b3f2-a9f154b450de@group-2FABE92B7E5B-LeaderElection319] INFO  impl.RaftServerImpl (RaftServerImpl.java:setRole(184)) - b88b3e43-5534-49b3-b3f2-a9f154b450de@group-2FABE92B7E5B: changes role from CANDIDATE to FOLLOWER at term 340 for DISCOVERED_A_NEW_TERM
2019-10-21 23:47:03,163 [b88b3e43-5534-49b3-b3f2-a9f154b450de@group-2FABE92B7E5B-LeaderElection319] INFO  impl.RoleInfo (RoleInfo.java:shutdownLeaderElection(134)) - b88b3e43-5534-49b3-b3f2-a9f154b450de: shutdown LeaderElection
2019-10-21 23:47:03,163 [b88b3e43-5534-49b3-b3f2-a9f154b450de@group-2FABE92B7E5B-LeaderElection319] INFO  impl.RoleInfo (RoleInfo.java:updateAndGet(143)) - b88b3e43-5534-49b3-b3f2-a9f154b450de: start FollowerState
2019-10-21 23:47:03,222 [Thread-2321] INFO  impl.FollowerState (FollowerState.java:run(108)) - b88b3e43-5534-49b3-b3f2-a9f154b450de@group-2FABE92B7E5B-FollowerState: change to CANDIDATE, lastRpcTime:58ms, electionTimeout:58ms
2019-10-21 23:47:03,222 [Thread-2321] INFO  impl.RoleInfo (RoleInfo.java:shutdownFollowerState(121)) - b88b3e43-5534-49b3-b3f2-a9f154b450de: shutdown FollowerState
2019-10-21 23:47:03,222 [Thread-2321] INFO  impl.RaftServerImpl (RaftServerImpl.java:setRole(184)) - b88b3e43-5534-49b3-b3f2-a9f154b450de@group-2FABE92B7E5B: changes role from  FOLLOWER to CANDIDATE at term 340 for changeToCandidate
2019-10-21 23:47:03,222 [Thread-2321] INFO  impl.RoleInfo (RoleInfo.java:updateAndGet(143)) - b88b3e43-5534-49b3-b3f2-a9f154b450de: start LeaderElection
2019-10-21 23:47:03,236 [b88b3e43-5534-49b3-b3f2-a9f154b450de@group-2FABE92B7E5B-LeaderElection320] INFO  impl.LeaderElection (LeaderElection.java:askForVotes(178)) - b88b3e43-5534-49b3-b3f2-a9f154b450de@group-2FABE92B7E5B-LeaderElection320: begin an election at term 341 for -1: [c58a0a02-acd3-47c8-b3e9-5b8e0493de45:192.168.157.254:33611, 1360619e-ba1e-4bf9-aec1-9f15b5480b27:192.168.157.254:45658, b88b3e43-5534-49b3-b3f2-a9f154b450de:192.168.157.254:46786], old=null
2019-10-21 23:47:03,239 [grpc-default-executor-2] INFO  impl.RaftServerImpl (RaftServerImpl.java:setRole(184)) - c58a0a02-acd3-47c8-b3e9-5b8e0493de45@group-2FABE92B7E5B: changes role from  FOLLOWER to FOLLOWER at term 341 for recognizeCandidate:b88b3e43-5534-49b3-b3f2-a9f154b450de
2019-10-21 23:47:03,239 [grpc-default-executor-2] INFO  impl.RoleInfo (RoleInfo.java:shutdownFollowerState(121)) - c58a0a02-acd3-47c8-b3e9-5b8e0493de45: shutdown FollowerState
2019-10-21 23:47:03,239 [grpc-default-executor-1] INFO  impl.RaftServerImpl (RaftServerImpl.java:setRole(184)) - 1360619e-ba1e-4bf9-aec1-9f15b5480b27@group-2FABE92B7E5B: changes role from  FOLLOWER to FOLLOWER at term 341 for recognizeCandidate:b88b3e43-5534-49b3-b3f2-a9f154b450de
2019-10-21 23:47:03,239 [Thread-2320] INFO  impl.FollowerState (FollowerState.java:run(117)) - c58a0a02-acd3-47c8-b3e9-5b8e0493de45@group-2FABE92B7E5B-FollowerState was interrupted: java.lang.InterruptedException: sleep interrupted
2019-10-21 23:47:03,239 [grpc-default-executor-2] INFO  impl.RoleInfo (RoleInfo.java:updateAndGet(143)) - c58a0a02-acd3-47c8-b3e9-5b8e0493de45: start FollowerState
2019-10-21 23:47:03,239 [grpc-default-executor-1] INFO  impl.RoleInfo (RoleInfo.java:shutdownFollowerState(121)) - 1360619e-ba1e-4bf9-aec1-9f15b5480b27: shutdown FollowerState
2019-10-21 23:47:03,240 [grpc-default-executor-1] INFO  impl.RoleInfo (RoleInfo.java:updateAndGet(143)) - 1360619e-ba1e-4bf9-aec1-9f15b5480b27: start FollowerState
2019-10-21 23:47:03,240 [Thread-2319] INFO  impl.FollowerState (FollowerState.java:run(117)) - 1360619e-ba1e-4bf9-aec1-9f15b5480b27@group-2FABE92B7E5B-FollowerState was interrupted: java.lang.InterruptedException: sleep interrupted
2019-10-21 23:47:03,255 [b88b3e43-5534-49b3-b3f2-a9f154b450de@group-2FABE92B7E5B-LeaderElection320] INFO  impl.LeaderElection (LeaderElection.java:logAndReturn(56)) - b88b3e43-5534-49b3-b3f2-a9f154b450de@group-2FABE92B7E5B-LeaderElection320: Election REJECTED; received 2 response(s) [b88b3e43-5534-49b3-b3f2-a9f154b450de<-c58a0a02-acd3-47c8-b3e9-5b8e0493de45#0:FAIL-t341, b88b3e43-5534-49b3-b3f2-a9f154b450de<-1360619e-ba1e-4bf9-aec1-9f15b5480b27#0:FAIL-t341] and 0 exception(s); b88b3e43-5534-49b3-b3f2-a9f154b450de@group-2FABE92B7E5B:t341, leader=null, voted=b88b3e43-5534-49b3-b3f2-a9f154b450de, raftlog=b88b3e43-5534-49b3-b3f2-a9f154b450de@group-2FABE92B7E5B-SegmentedRaftLog:OPENED:c-1,f-1,i0, conf=-1: [c58a0a02-acd3-47c8-b3e9-5b8e0493de45:192.168.157.254:33611, 1360619e-ba1e-4bf9-aec1-9f15b5480b27:192.168.157.254:45658, b88b3e43-5534-49b3-b3f2-a9f154b450de:192.168.157.254:46786], old=null
2019-10-21 23:47:03,255 [b88b3e43-5534-49b3-b3f2-a9f154b450de@group-2FABE92B7E5B-LeaderElection320] INFO  impl.RaftServerImpl (RaftServerImpl.java:setRole(184)) - b88b3e43-5534-49b3-b3f2-a9f154b450de@group-2FABE92B7E5B: changes role from CANDIDATE to FOLLOWER at term 341 for DISCOVERED_A_NEW_TERM
2019-10-21 23:47:03,255 [b88b3e43-5534-49b3-b3f2-a9f154b450de@group-2FABE92B7E5B-LeaderElection320] INFO  impl.RoleInfo (RoleInfo.java:shutdownLeaderElection(134)) - b88b3e43-5534-49b3-b3f2-a9f154b450de: shutdown LeaderElection
2019-10-21 23:47:03,255 [b88b3e43-5534-49b3-b3f2-a9f154b450de@group-2FABE92B7E5B-LeaderElection320] INFO  impl.RoleInfo (RoleInfo.java:updateAndGet(143)) - b88b3e43-5534-49b3-b3f2-a9f154b450de: start FollowerState
2019-10-21 23:47:03,392 [Thread-2327] INFO  impl.FollowerState (FollowerState.java:run(108)) - b88b3e43-5534-49b3-b3f2-a9f154b450de@group-2FABE92B7E5B-FollowerState: change to CANDIDATE, lastRpcTime:137ms, electionTimeout:137ms
2019-10-21 23:47:03,393 [Thread-2327] INFO  impl.RoleInfo (RoleInfo.java:shutdownFollowerState(121)) - b88b3e43-5534-49b3-b3f2-a9f154b450de: shutdown FollowerState
2019-10-21 23:47:03,393 [Thread-2327] INFO  impl.RaftServerImpl (RaftServerImpl.java:setRole(184)) - b88b3e43-5534-49b3-b3f2-a9f154b450de@group-2FABE92B7E5B: changes role from  FOLLOWER to CANDIDATE at term 341 for changeToCandidate
2019-10-21 23:47:03,393 [Thread-2327] INFO  impl.RoleInfo (RoleInfo.java:updateAndGet(143)) - b88b3e43-5534-49b3-b3f2-a9f154b450de: start LeaderElection
2019-10-21 23:47:03,406 [b88b3e43-5534-49b3-b3f2-a9f154b450de@group-2FABE92B7E5B-LeaderElection321] INFO  impl.LeaderElection (LeaderElection.java:askForVotes(178)) - b88b3e43-5534-49b3-b3f2-a9f154b450de@group-2FABE92B7E5B-LeaderElection321: begin an election at term 342 for -1: [c58a0a02-acd3-47c8-b3e9-5b8e0493de45:192.168.157.254:33611, 1360619e-ba1e-4bf9-aec1-9f15b5480b27:192.168.157.254:45658, b88b3e43-5534-49b3-b3f2-a9f154b450de:192.168.157.254:46786], old=null
2019-10-21 23:47:03,408 [grpc-default-executor-1] INFO  impl.RaftServerImpl (RaftServerImpl.java:setRole(184)) - c58a0a02-acd3-47c8-b3e9-5b8e0493de45@group-2FABE92B7E5B: changes role from  FOLLOWER to FOLLOWER at term 342 for recognizeCandidate:b88b3e43-5534-49b3-b3f2-a9f154b450de
2019-10-21 23:47:03,408 [grpc-default-executor-1] INFO  impl.RoleInfo (RoleInfo.java:shutdownFollowerState(121)) - c58a0a02-acd3-47c8-b3e9-5b8e0493de45: shutdown FollowerState
2019-10-21 23:47:03,408 [grpc-default-executor-1] INFO  impl.RoleInfo (RoleInfo.java:updateAndGet(143)) - c58a0a02-acd3-47c8-b3e9-5b8e0493de45: start FollowerState
2019-10-21 23:47:03,408 [Thread-2325] INFO  impl.FollowerState (FollowerState.java:run(117)) - c58a0a02-acd3-47c8-b3e9-5b8e0493de45@group-2FABE92B7E5B-FollowerState was interrupted: java.lang.InterruptedException: sleep interrupted
2019-10-21 23:47:03,409 [grpc-default-executor-2] INFO  impl.RaftServerImpl (RaftServerImpl.java:setRole(184)) - 1360619e-ba1e-4bf9-aec1-9f15b5480b27@group-2FABE92B7E5B: changes role from  FOLLOWER to FOLLOWER at term 342 for recognizeCandidate:b88b3e43-5534-49b3-b3f2-a9f154b450de
2019-10-21 23:47:03,409 [grpc-default-executor-2] INFO  impl.RoleInfo (RoleInfo.java:shutdownFollowerState(121)) - 1360619e-ba1e-4bf9-aec1-9f15b5480b27: shutdown FollowerState
2019-10-21 23:47:03,409 [grpc-default-executor-2] INFO  impl.RoleInfo (RoleInfo.java:updateAndGet(143)) - 1360619e-ba1e-4bf9-aec1-9f15b5480b27: start FollowerState
2019-10-21 23:47:03,409 [Thread-2326] INFO  impl.FollowerState (FollowerState.java:run(117)) - 1360619e-ba1e-4bf9-aec1-9f15b5480b27@group-2FABE92B7E5B-FollowerState was interrupted: java.lang.InterruptedException: sleep interrupted
2019-10-21 23:47:03,422 [b88b3e43-5534-49b3-b3f2-a9f154b450de@group-2FABE92B7E5B-LeaderElection321] INFO  impl.LeaderElection (LeaderElection.java:logAndReturn(56)) - b88b3e43-5534-49b3-b3f2-a9f154b450de@group-2FABE92B7E5B-LeaderElection321: Election REJECTED; received 2 response(s) [b88b3e43-5534-49b3-b3f2-a9f154b450de<-c58a0a02-acd3-47c8-b3e9-5b8e0493de45#0:FAIL-t342, b88b3e43-5534-49b3-b3f2-a9f154b450de<-1360619e-ba1e-4bf9-aec1-9f15b5480b27#0:FAIL-t342] and 0 exception(s); b88b3e43-5534-49b3-b3f2-a9f154b450de@group-2FABE92B7E5B:t342, leader=null, voted=b88b3e43-5534-49b3-b3f2-a9f154b450de, raftlog=b88b3e43-5534-49b3-b3f2-a9f154b450de@group-2FABE92B7E5B-SegmentedRaftLog:OPENED:c-1,f-1,i0, conf=-1: [c58a0a02-acd3-47c8-b3e9-5b8e0493de45:192.168.157.254:33611, 1360619e-ba1e-4bf9-aec1-9f15b5480b27:192.168.157.254:45658, b88b3e43-5534-49b3-b3f2-a9f154b450de:192.168.157.254:46786], old=null
2019-10-21 23:47:03,422 [b88b3e43-5534-49b3-b3f2-a9f154b450de@group-2FABE92B7E5B-LeaderElection321] INFO  impl.RaftServerImpl (RaftServerImpl.java:setRole(184)) - b88b3e43-5534-49b3-b3f2-a9f154b450de@group-2FABE92B7E5B: changes role from CANDIDATE to FOLLOWER at term 342 for DISCOVERED_A_NEW_TERM
2019-10-21 23:47:03,422 [b88b3e43-5534-49b3-b3f2-a9f154b450de@group-2FABE92B7E5B-LeaderElection321] INFO  impl.RoleInfo (RoleInfo.java:shutdownLeaderElection(134)) - b88b3e43-5534-49b3-b3f2-a9f154b450de: shutdown LeaderElection
2019-10-21 23:47:03,422 [b88b3e43-5534-49b3-b3f2-a9f154b450de@group-2FABE92B7E5B-LeaderElection321] INFO  impl.RoleInfo (RoleInfo.java:updateAndGet(143)) - b88b3e43-5534-49b3-b3f2-a9f154b450de: start FollowerState
2019-10-21 23:47:03,558 [Thread-2335] INFO  impl.FollowerState (FollowerState.java:run(108)) - b88b3e43-5534-49b3-b3f2-a9f154b450de@group-2FABE92B7E5B-FollowerState: change to CANDIDATE, lastRpcTime:135ms, electionTimeout:135ms
2019-10-21 23:47:03,558 [Thread-2335] INFO  impl.RoleInfo (RoleInfo.java:shutdownFollowerState(121)) - b88b3e43-5534-49b3-b3f2-a9f154b450de: shutdown FollowerState
2019-10-21 23:47:03,558 [Thread-2335] INFO  impl.RaftServerImpl (RaftServerImpl.java:setRole(184)) - b88b3e43-5534-49b3-b3f2-a9f154b450de@group-2FABE92B7E5B: changes role from  FOLLOWER to CANDIDATE at term 342 for changeToCandidate
2019-10-21 23:47:03,558 [Thread-2335] INFO  impl.RoleInfo (RoleInfo.java:updateAndGet(143)) - b88b3e43-5534-49b3-b3f2-a9f154b450de: start LeaderElection
2019-10-21 23:47:03,580 [b88b3e43-5534-49b3-b3f2-a9f154b450de@group-2FABE92B7E5B-LeaderElection322] INFO  impl.LeaderElection (LeaderElection.java:askForVotes(178)) - b88b3e43-5534-49b3-b3f2-a9f154b450de@group-2FABE92B7E5B-LeaderElection322: begin an election at term 343 for -1: [c58a0a02-acd3-47c8-b3e9-5b8e0493de45:192.168.157.254:33611, 1360619e-ba1e-4bf9-aec1-9f15b5480b27:192.168.157.254:45658, b88b3e43-5534-49b3-b3f2-a9f154b450de:192.168.157.254:46786], old=null
2019-10-21 23:47:03,583 [grpc-default-executor-2] INFO  impl.RaftServerImpl (RaftServerImpl.java:setRole(184)) - 1360619e-ba1e-4bf9-aec1-9f15b5480b27@group-2FABE92B7E5B: changes role from  FOLLOWER to FOLLOWER at term 343 for recognizeCandidate:b88b3e43-5534-49b3-b3f2-a9f154b450de
2019-10-21 23:47:03,583 [grpc-default-executor-2] INFO  impl.RoleInfo (RoleInfo.java:shutdownFollowerState(121)) - 1360619e-ba1e-4bf9-aec1-9f15b5480b27: shutdown FollowerState
2019-10-21 23:47:03,583 [grpc-default-executor-1] INFO  impl.RaftServerImpl (RaftServerImpl.java:setRole(184)) - c58a0a02-acd3-47c8-b3e9-5b8e0493de45@group-2FABE92B7E5B: changes role from  FOLLOWER to FOLLOWER at term 343 for recognizeCandidate:b88b3e43-5534-49b3-b3f2-a9f154b450de
2019-10-21 23:47:03,583 [Thread-2334] INFO  impl.FollowerState (FollowerState.java:run(117)) - 1360619e-ba1e-4bf9-aec1-9f15b5480b27@group-2FABE92B7E5B-FollowerState was interrupted: java.lang.InterruptedException: sleep interrupted
2019-10-21 23:47:03,583 [grpc-default-executor-2] INFO  impl.RoleInfo (RoleInfo.java:updateAndGet(143)) - 1360619e-ba1e-4bf9-aec1-9f15b5480b27: start FollowerState
2019-10-21 23:47:03,583 [grpc-default-executor-1] INFO  impl.RoleInfo (RoleInfo.java:shutdownFollowerState(121)) - c58a0a02-acd3-47c8-b3e9-5b8e0493de45: shutdown FollowerState
2019-10-21 23:47:03,584 [grpc-default-executor-1] INFO  impl.RoleInfo (RoleInfo.java:updateAndGet(143)) - c58a0a02-acd3-47c8-b3e9-5b8e0493de45: start FollowerState
2019-10-21 23:47:03,584 [Thread-2333] INFO  impl.FollowerState (FollowerState.java:run(117)) - c58a0a02-acd3-47c8-b3e9-5b8e0493de45@group-2FABE92B7E5B-FollowerState was interrupted: java.lang.InterruptedException: sleep interrupted
2019-10-21 23:47:03,605 [b88b3e43-5534-49b3-b3f2-a9f154b450de@group-2FABE92B7E5B-LeaderElection322] INFO  impl.LeaderElection (LeaderElection.java:logAndReturn(56)) - b88b3e43-5534-49b3-b3f2-a9f154b450de@group-2FABE92B7E5B-LeaderElection322: Election REJECTED; received 2 response(s) [b88b3e43-5534-49b3-b3f2-a9f154b450de<-c58a0a02-acd3-47c8-b3e9-5b8e0493de45#0:FAIL-t343, b88b3e43-5534-49b3-b3f2-a9f154b450de<-1360619e-ba1e-4bf9-aec1-9f15b5480b27#0:FAIL-t343] and 0 exception(s); b88b3e43-5534-49b3-b3f2-a9f154b450de@group-2FABE92B7E5B:t343, leader=null, voted=b88b3e43-5534-49b3-b3f2-a9f154b450de, raftlog=b88b3e43-5534-49b3-b3f2-a9f154b450de@group-2FABE92B7E5B-SegmentedRaftLog:OPENED:c-1,f-1,i0, conf=-1: [c58a0a02-acd3-47c8-b3e9-5b8e0493de45:192.168.157.254:33611, 1360619e-ba1e-4bf9-aec1-9f15b5480b27:192.168.157.254:45658, b88b3e43-5534-49b3-b3f2-a9f154b450de:192.168.157.254:46786], old=null
2019-10-21 23:47:03,605 [b88b3e43-5534-49b3-b3f2-a9f154b450de@group-2FABE92B7E5B-LeaderElection322] INFO  impl.RaftServerImpl (RaftServerImpl.java:setRole(184)) - b88b3e43-5534-49b3-b3f2-a9f154b450de@group-2FABE92B7E5B: changes role from CANDIDATE to FOLLOWER at term 343 for DISCOVERED_A_NEW_TERM
2019-10-21 23:47:03,605 [b88b3e43-5534-49b3-b3f2-a9f154b450de@group-2FABE92B7E5B-LeaderElection322] INFO  impl.RoleInfo (RoleInfo.java:shutdownLeaderElection(134)) - b88b3e43-5534-49b3-b3f2-a9f154b450de: shutdown LeaderElection
2019-10-21 23:47:03,605 [b88b3e43-5534-49b3-b3f2-a9f154b450de@group-2FABE92B7E5B-LeaderElection322] INFO  impl.RoleInfo (RoleInfo.java:updateAndGet(143)) - b88b3e43-5534-49b3-b3f2-a9f154b450de: start FollowerState
2019-10-21 23:47:03,753 [Thread-2341] INFO  impl.FollowerState (FollowerState.java:run(108)) - b88b3e43-5534-49b3-b3f2-a9f154b450de@group-2FABE92B7E5B-FollowerState: change to CANDIDATE, lastRpcTime:147ms, electionTimeout:147ms
2019-10-21 23:47:03,753 [Thread-2341] INFO  impl.RoleInfo (RoleInfo.java:shutdownFollowerState(121)) - b88b3e43-5534-49b3-b3f2-a9f154b450de: shutdown FollowerState
2019-10-21 23:47:03,753 [Thread-2341] INFO  impl.RaftServerImpl (RaftServerImpl.java:setRole(184)) - b88b3e43-5534-49b3-b3f2-a9f154b450de@group-2FABE92B7E5B: changes role from  FOLLOWER to CANDIDATE at term 343 for changeToCandidate
2019-10-21 23:47:03,753 [Thread-2341] INFO  impl.RoleInfo (RoleInfo.java:updateAndGet(143)) - b88b3e43-5534-49b3-b3f2-a9f154b450de: start LeaderElection
2019-10-21 23:47:03,778 [b88b3e43-5534-49b3-b3f2-a9f154b450de@group-2FABE92B7E5B-LeaderElection323] INFO  impl.LeaderElection (LeaderElection.java:askForVotes(178)) - b88b3e43-5534-49b3-b3f2-a9f154b450de@group-2FABE92B7E5B-LeaderElection323: begin an election at term 344 for -1: [c58a0a02-acd3-47c8-b3e9-5b8e0493de45:192.168.157.254:33611, 1360619e-ba1e-4bf9-aec1-9f15b5480b27:192.168.157.254:45658, b88b3e43-5534-49b3-b3f2-a9f154b450de:192.168.157.254:46786], old=null
2019-10-21 23:47:03,780 [grpc-default-executor-1] INFO  impl.RaftServerImpl (RaftServerImpl.java:setRole(184)) - c58a0a02-acd3-47c8-b3e9-5b8e0493de45@group-2FABE92B7E5B: changes role from  FOLLOWER to FOLLOWER at term 344 for recognizeCandidate:b88b3e43-5534-49b3-b3f2-a9f154b450de
2019-10-21 23:47:03,780 [grpc-default-executor-2] INFO  impl.RaftServerImpl (RaftServerImpl.java:setRole(184)) - 1360619e-ba1e-4bf9-aec1-9f15b5480b27@group-2FABE92B7E5B: changes role from  FOLLOWER to FOLLOWER at term 344 for recognizeCandidate:b88b3e43-5534-49b3-b3f2-a9f154b450de
2019-10-21 23:47:03,780 [grpc-default-executor-1] INFO  impl.RoleInfo (RoleInfo.java:shutdownFollowerState(121)) - c58a0a02-acd3-47c8-b3e9-5b8e0493de45: shutdown FollowerState
2019-10-21 23:47:03,781 [grpc-default-executor-2] INFO  impl.RoleInfo (RoleInfo.java:shutdownFollowerState(121)) - 1360619e-ba1e-4bf9-aec1-9f15b5480b27: shutdown FollowerState
2019-10-21 23:47:03,781 [Thread-2340] INFO  impl.FollowerState (FollowerState.java:run(117)) - c58a0a02-acd3-47c8-b3e9-5b8e0493de45@group-2FABE92B7E5B-FollowerState was interrupted: java.lang.InterruptedException: sleep interrupted
2019-10-21 23:47:03,781 [grpc-default-executor-1] INFO  impl.RoleInfo (RoleInfo.java:updateAndGet(143)) - c58a0a02-acd3-47c8-b3e9-5b8e0493de45: start FollowerState
2019-10-21 23:47:03,781 [Thread-2339] INFO  impl.FollowerState (FollowerState.java:run(117)) - 1360619e-ba1e-4bf9-aec1-9f15b5480b27@group-2FABE92B7E5B-FollowerState was interrupted: java.lang.InterruptedException: sleep interrupted
2019-10-21 23:47:03,781 [grpc-default-executor-2] INFO  impl.RoleInfo (RoleInfo.java:updateAndGet(143)) - 1360619e-ba1e-4bf9-aec1-9f15b5480b27: start FollowerState
2019-10-21 23:47:03,795 [b88b3e43-5534-49b3-b3f2-a9f154b450de@group-2FABE92B7E5B-LeaderElection323] INFO  impl.LeaderElection (LeaderElection.java:logAndReturn(56)) - b88b3e43-5534-49b3-b3f2-a9f154b450de@group-2FABE92B7E5B-LeaderElection323: Election REJECTED; received 2 response(s) [b88b3e43-5534-49b3-b3f2-a9f154b450de<-c58a0a02-acd3-47c8-b3e9-5b8e0493de45#0:FAIL-t344, b88b3e43-5534-49b3-b3f2-a9f154b450de<-1360619e-ba1e-4bf9-aec1-9f15b5480b27#0:FAIL-t344] and 0 exception(s); b88b3e43-5534-49b3-b3f2-a9f154b450de@group-2FABE92B7E5B:t344, leader=null, voted=b88b3e43-5534-49b3-b3f2-a9f154b450de, raftlog=b88b3e43-5534-49b3-b3f2-a9f154b450de@group-2FABE92B7E5B-SegmentedRaftLog:OPENED:c-1,f-1,i0, conf=-1: [c58a0a02-acd3-47c8-b3e9-5b8e0493de45:192.168.157.254:33611, 1360619e-ba1e-4bf9-aec1-9f15b5480b27:192.168.157.254:45658, b88b3e43-5534-49b3-b3f2-a9f154b450de:192.168.157.254:46786], old=null
2019-10-21 23:47:03,795 [b88b3e43-5534-49b3-b3f2-a9f154b450de@group-2FABE92B7E5B-LeaderElection323] INFO  impl.RaftServerImpl (RaftServerImpl.java:setRole(184)) - b88b3e43-5534-49b3-b3f2-a9f154b450de@group-2FABE92B7E5B: changes role from CANDIDATE to FOLLOWER at term 344 for DISCOVERED_A_NEW_TERM
2019-10-21 23:47:03,795 [b88b3e43-5534-49b3-b3f2-a9f154b450de@group-2FABE92B7E5B-LeaderElection323] INFO  impl.RoleInfo (RoleInfo.java:shutdownLeaderElection(134)) - b88b3e43-5534-49b3-b3f2-a9f154b450de: shutdown LeaderElection
2019-10-21 23:47:03,795 [b88b3e43-5534-49b3-b3f2-a9f154b450de@group-2FABE92B7E5B-LeaderElection323] INFO  impl.RoleInfo (RoleInfo.java:updateAndGet(143)) - b88b3e43-5534-49b3-b3f2-a9f154b450de: start FollowerState
2019-10-21 23:47:03,812 [Thread-2347] INFO  impl.FollowerState (FollowerState.java:run(108)) - b88b3e43-5534-49b3-b3f2-a9f154b450de@group-2FABE92B7E5B-FollowerState: change to CANDIDATE, lastRpcTime:17ms, electionTimeout:17ms
2019-10-21 23:47:03,813 [Thread-2347] INFO  impl.RoleInfo (RoleInfo.java:shutdownFollowerState(121)) - b88b3e43-5534-49b3-b3f2-a9f154b450de: shutdown FollowerState
2019-10-21 23:47:03,813 [Thread-2347] INFO  impl.RaftServerImpl (RaftServerImpl.java:setRole(184)) - b88b3e43-5534-49b3-b3f2-a9f154b450de@group-2FABE92B7E5B: changes role from  FOLLOWER to CANDIDATE at term 344 for changeToCandidate
2019-10-21 23:47:03,813 [Thread-2347] INFO  impl.RoleInfo (RoleInfo.java:updateAndGet(143)) - b88b3e43-5534-49b3-b3f2-a9f154b450de: start LeaderElection
2019-10-21 23:47:03,826 [b88b3e43-5534-49b3-b3f2-a9f154b450de@group-2FABE92B7E5B-LeaderElection324] INFO  impl.LeaderElection (LeaderElection.java:askForVotes(178)) - b88b3e43-5534-49b3-b3f2-a9f154b450de@group-2FABE92B7E5B-LeaderElection324: begin an election at term 345 for -1: [c58a0a02-acd3-47c8-b3e9-5b8e0493de45:192.168.157.254:33611, 1360619e-ba1e-4bf9-aec1-9f15b5480b27:192.168.157.254:45658, b88b3e43-5534-49b3-b3f2-a9f154b450de:192.168.157.254:46786], old=null
2019-10-21 23:47:03,828 [grpc-default-executor-2] INFO  impl.RaftServerImpl (RaftServerImpl.java:setRole(184)) - c58a0a02-acd3-47c8-b3e9-5b8e0493de45@group-2FABE92B7E5B: changes role from  FOLLOWER to FOLLOWER at term 345 for recognizeCandidate:b88b3e43-5534-49b3-b3f2-a9f154b450de
2019-10-21 23:47:03,828 [grpc-default-executor-2] INFO  impl.RoleInfo (RoleInfo.java:shutdownFollowerState(121)) - c58a0a02-acd3-47c8-b3e9-5b8e0493de45: shutdown FollowerState
2019-10-21 23:47:03,828 [grpc-default-executor-2] INFO  impl.RoleInfo (RoleInfo.java:updateAndGet(143)) - c58a0a02-acd3-47c8-b3e9-5b8e0493de45: start FollowerState
2019-10-21 23:47:03,828 [grpc-default-executor-1] INFO  impl.RaftServerImpl (RaftServerImpl.java:setRole(184)) - 1360619e-ba1e-4bf9-aec1-9f15b5480b27@group-2FABE92B7E5B: changes role from  FOLLOWER to FOLLOWER at term 345 for recognizeCandidate:b88b3e43-5534-49b3-b3f2-a9f154b450de
2019-10-21 23:47:03,828 [Thread-2345] INFO  impl.FollowerState (FollowerState.java:run(117)) - c58a0a02-acd3-47c8-b3e9-5b8e0493de45@group-2FABE92B7E5B-FollowerState was interrupted: java.lang.InterruptedException: sleep interrupted
2019-10-21 23:47:03,828 [grpc-default-executor-1] INFO  impl.RoleInfo (RoleInfo.java:shutdownFollowerState(121)) - 1360619e-ba1e-4bf9-aec1-9f15b5480b27: shutdown FollowerState
2019-10-21 23:47:03,828 [grpc-default-executor-1] INFO  impl.RoleInfo (RoleInfo.java:updateAndGet(143)) - 1360619e-ba1e-4bf9-aec1-9f15b5480b27: start FollowerState
2019-10-21 23:47:03,828 [Thread-2346] INFO  impl.FollowerState (FollowerState.java:run(117)) - 1360619e-ba1e-4bf9-aec1-9f15b5480b27@group-2FABE92B7E5B-FollowerState was interrupted: java.lang.InterruptedException: sleep interrupted
2019-10-21 23:47:03,842 [b88b3e43-5534-49b3-b3f2-a9f154b450de@group-2FABE92B7E5B-LeaderElection324] INFO  impl.LeaderElection (LeaderElection.java:logAndReturn(56)) - b88b3e43-5534-49b3-b3f2-a9f154b450de@group-2FABE92B7E5B-LeaderElection324: Election REJECTED; received 2 response(s) [b88b3e43-5534-49b3-b3f2-a9f154b450de<-c58a0a02-acd3-47c8-b3e9-5b8e0493de45#0:FAIL-t345, b88b3e43-5534-49b3-b3f2-a9f154b450de<-1360619e-ba1e-4bf9-aec1-9f15b5480b27#0:FAIL-t345] and 0 exception(s); b88b3e43-5534-49b3-b3f2-a9f154b450de@group-2FABE92B7E5B:t345, leader=null, voted=b88b3e43-5534-49b3-b3f2-a9f154b450de, raftlog=b88b3e43-5534-49b3-b3f2-a9f154b450de@group-2FABE92B7E5B-SegmentedRaftLog:OPENED:c-1,f-1,i0, conf=-1: [c58a0a02-acd3-47c8-b3e9-5b8e0493de45:192.168.157.254:33611, 1360619e-ba1e-4bf9-aec1-9f15b5480b27:192.168.157.254:45658, b88b3e43-5534-49b3-b3f2-a9f154b450de:192.168.157.254:46786], old=null
2019-10-21 23:47:03,843 [b88b3e43-5534-49b3-b3f2-a9f154b450de@group-2FABE92B7E5B-LeaderElection324] INFO  impl.RaftServerImpl (RaftServerImpl.java:setRole(184)) - b88b3e43-5534-49b3-b3f2-a9f154b450de@group-2FABE92B7E5B: changes role from CANDIDATE to FOLLOWER at term 345 for DISCOVERED_A_NEW_TERM
2019-10-21 23:47:03,843 [b88b3e43-5534-49b3-b3f2-a9f154b450de@group-2FABE92B7E5B-LeaderElection324] INFO  impl.RoleInfo (RoleInfo.java:shutdownLeaderElection(134)) - b88b3e43-5534-49b3-b3f2-a9f154b450de: shutdown LeaderElection
2019-10-21 23:47:03,843 [b88b3e43-5534-49b3-b3f2-a9f154b450de@group-2FABE92B7E5B-LeaderElection324] INFO  impl.RoleInfo (RoleInfo.java:updateAndGet(143)) - b88b3e43-5534-49b3-b3f2-a9f154b450de: start FollowerState
2019-10-21 23:47:03,882 [Thread-2353] INFO  impl.FollowerState (FollowerState.java:run(108)) - b88b3e43-5534-49b3-b3f2-a9f154b450de@group-2FABE92B7E5B-FollowerState: change to CANDIDATE, lastRpcTime:39ms, electionTimeout:39ms
2019-10-21 23:47:03,882 [Thread-2353] INFO  impl.RoleInfo (RoleInfo.java:shutdownFollowerState(121)) - b88b3e43-5534-49b3-b3f2-a9f154b450de: shutdown FollowerState
2019-10-21 23:47:03,882 [Thread-2353] INFO  impl.RaftServerImpl (RaftServerImpl.java:setRole(184)) - b88b3e43-5534-49b3-b3f2-a9f154b450de@group-2FABE92B7E5B: changes role from  FOLLOWER to CANDIDATE at term 345 for changeToCandidate
2019-10-21 23:47:03,882 [Thread-2353] INFO  impl.RoleInfo (RoleInfo.java:updateAndGet(143)) - b88b3e43-5534-49b3-b3f2-a9f154b450de: start LeaderElection
2019-10-21 23:47:03,895 [b88b3e43-5534-49b3-b3f2-a9f154b450de@group-2FABE92B7E5B-LeaderElection325] INFO  impl.LeaderElection (LeaderElection.java:askForVotes(178)) - b88b3e43-5534-49b3-b3f2-a9f154b450de@group-2FABE92B7E5B-LeaderElection325: begin an election at term 346 for -1: [c58a0a02-acd3-47c8-b3e9-5b8e0493de45:192.168.157.254:33611, 1360619e-ba1e-4bf9-aec1-9f15b5480b27:192.168.157.254:45658, b88b3e43-5534-49b3-b3f2-a9f154b450de:192.168.157.254:46786], old=null
2019-10-21 23:47:03,897 [grpc-default-executor-1] INFO  impl.RaftServerImpl (RaftServerImpl.java:setRole(184)) - c58a0a02-acd3-47c8-b3e9-5b8e0493de45@group-2FABE92B7E5B: changes role from  FOLLOWER to FOLLOWER at term 346 for recognizeCandidate:b88b3e43-5534-49b3-b3f2-a9f154b450de
2019-10-21 23:47:03,897 [grpc-default-executor-1] INFO  impl.RoleInfo (RoleInfo.java:shutdownFollowerState(121)) - c58a0a02-acd3-47c8-b3e9-5b8e0493de45: shutdown FollowerState
2019-10-21 23:47:03,897 [grpc-default-executor-1] INFO  impl.RoleInfo (RoleInfo.java:updateAndGet(143)) - c58a0a02-acd3-47c8-b3e9-5b8e0493de45: start FollowerState
2019-10-21 23:47:03,897 [Thread-2351] INFO  impl.FollowerState (FollowerState.java:run(117)) - c58a0a02-acd3-47c8-b3e9-5b8e0493de45@group-2FABE92B7E5B-FollowerState was interrupted: java.lang.InterruptedException: sleep interrupted
2019-10-21 23:47:03,897 [grpc-default-executor-2] INFO  impl.RaftServerImpl (RaftServerImpl.java:setRole(184)) - 1360619e-ba1e-4bf9-aec1-9f15b5480b27@group-2FABE92B7E5B: changes role from  FOLLOWER to FOLLOWER at term 346 for recognizeCandidate:b88b3e43-5534-49b3-b3f2-a9f154b450de
2019-10-21 23:47:03,897 [grpc-default-executor-2] INFO  impl.RoleInfo (RoleInfo.java:shutdownFollowerState(121)) - 1360619e-ba1e-4bf9-aec1-9f15b5480b27: shutdown FollowerState
2019-10-21 23:47:03,897 [grpc-default-executor-2] INFO  impl.RoleInfo (RoleInfo.java:updateAndGet(143)) - 1360619e-ba1e-4bf9-aec1-9f15b5480b27: start FollowerState
2019-10-21 23:47:03,897 [Thread-2352] INFO  impl.FollowerState (FollowerState.java:run(117)) - 1360619e-ba1e-4bf9-aec1-9f15b5480b27@group-2FABE92B7E5B-FollowerState was interrupted: java.lang.InterruptedException: sleep interrupted
2019-10-21 23:47:03,912 [b88b3e43-5534-49b3-b3f2-a9f154b450de@group-2FABE92B7E5B-LeaderElection325] INFO  impl.LeaderElection (LeaderElection.java:logAndReturn(56)) - b88b3e43-5534-49b3-b3f2-a9f154b450de@group-2FABE92B7E5B-LeaderElection325: Election REJECTED; received 2 response(s) [b88b3e43-5534-49b3-b3f2-a9f154b450de<-c58a0a02-acd3-47c8-b3e9-5b8e0493de45#0:FAIL-t346, b88b3e43-5534-49b3-b3f2-a9f154b450de<-1360619e-ba1e-4bf9-aec1-9f15b5480b27#0:FAIL-t346] and 0 exception(s); b88b3e43-5534-49b3-b3f2-a9f154b450de@group-2FABE92B7E5B:t346, leader=null, voted=b88b3e43-5534-49b3-b3f2-a9f154b450de, raftlog=b88b3e43-5534-49b3-b3f2-a9f154b450de@group-2FABE92B7E5B-SegmentedRaftLog:OPENED:c-1,f-1,i0, conf=-1: [c58a0a02-acd3-47c8-b3e9-5b8e0493de45:192.168.157.254:33611, 1360619e-ba1e-4bf9-aec1-9f15b5480b27:192.168.157.254:45658, b88b3e43-5534-49b3-b3f2-a9f154b450de:192.168.157.254:46786], old=null
2019-10-21 23:47:03,912 [b88b3e43-5534-49b3-b3f2-a9f154b450de@group-2FABE92B7E5B-LeaderElection325] INFO  impl.RaftServerImpl (RaftServerImpl.java:setRole(184)) - b88b3e43-5534-49b3-b3f2-a9f154b450de@group-2FABE92B7E5B: changes role from CANDIDATE to FOLLOWER at term 346 for DISCOVERED_A_NEW_TERM
2019-10-21 23:47:03,912 [b88b3e43-5534-49b3-b3f2-a9f154b450de@group-2FABE92B7E5B-LeaderElection325] INFO  impl.RoleInfo (RoleInfo.java:shutdownLeaderElection(134)) - b88b3e43-5534-49b3-b3f2-a9f154b450de: shutdown LeaderElection
2019-10-21 23:47:03,912 [b88b3e43-5534-49b3-b3f2-a9f154b450de@group-2FABE92B7E5B-LeaderElection325] INFO  impl.RoleInfo (RoleInfo.java:updateAndGet(143)) - b88b3e43-5534-49b3-b3f2-a9f154b450de: start FollowerState
2019-10-21 23:47:03,981 [Thread-2359] INFO  impl.FollowerState (FollowerState.java:run(108)) - b88b3e43-5534-49b3-b3f2-a9f154b450de@group-2FABE92B7E5B-FollowerState: change to CANDIDATE, lastRpcTime:68ms, electionTimeout:68ms
2019-10-21 23:47:03,981 [Thread-2359] INFO  impl.RoleInfo (RoleInfo.java:shutdownFollowerState(121)) - b88b3e43-5534-49b3-b3f2-a9f154b450de: shutdown FollowerState
2019-10-21 23:47:03,981 [Thread-2359] INFO  impl.RaftServerImpl (RaftServerImpl.java:setRole(184)) - b88b3e43-5534-49b3-b3f2-a9f154b450de@group-2FABE92B7E5B: changes role from  FOLLOWER to CANDIDATE at term 346 for changeToCandidate
2019-10-21 23:47:03,981 [Thread-2359] INFO  impl.RoleInfo (RoleInfo.java:updateAndGet(143)) - b88b3e43-5534-49b3-b3f2-a9f154b450de: start LeaderElection
2019-10-21 23:47:04,006 [b88b3e43-5534-49b3-b3f2-a9f154b450de@group-2FABE92B7E5B-LeaderElection326] INFO  impl.LeaderElection (LeaderElection.java:askForVotes(178)) - b88b3e43-5534-49b3-b3f2-a9f154b450de@group-2FABE92B7E5B-LeaderElection326: begin an election at term 347 for -1: [c58a0a02-acd3-47c8-b3e9-5b8e0493de45:192.168.157.254:33611, 1360619e-ba1e-4bf9-aec1-9f15b5480b27:192.168.157.254:45658, b88b3e43-5534-49b3-b3f2-a9f154b450de:192.168.157.254:46786], old=null
2019-10-21 23:47:04,008 [grpc-default-executor-1] INFO  impl.RaftServerImpl (RaftServerImpl.java:setRole(184)) - c58a0a02-acd3-47c8-b3e9-5b8e0493de45@group-2FABE92B7E5B: changes role from  FOLLOWER to FOLLOWER at term 347 for recognizeCandidate:b88b3e43-5534-49b3-b3f2-a9f154b450de
2019-10-21 23:47:04,008 [grpc-default-executor-2] INFO  impl.RaftServerImpl (RaftServerImpl.java:setRole(184)) - 1360619e-ba1e-4bf9-aec1-9f15b5480b27@group-2FABE92B7E5B: changes role from  FOLLOWER to FOLLOWER at term 347 for recognizeCandidate:b88b3e43-5534-49b3-b3f2-a9f154b450de
2019-10-21 23:47:04,008 [grpc-default-executor-1] INFO  impl.RoleInfo (RoleInfo.java:shutdownFollowerState(121)) - c58a0a02-acd3-47c8-b3e9-5b8e0493de45: shutdown FollowerState
2019-10-21 23:47:04,009 [grpc-default-executor-2] INFO  impl.RoleInfo (RoleInfo.java:shutdownFollowerState(121)) - 1360619e-ba1e-4bf9-aec1-9f15b5480b27: shutdown FollowerState
2019-10-21 23:47:04,009 [Thread-2357] INFO  impl.FollowerState (FollowerState.java:run(117)) - c58a0a02-acd3-47c8-b3e9-5b8e0493de45@group-2FABE92B7E5B-FollowerState was interrupted: java.lang.InterruptedException: sleep interrupted
2019-10-21 23:47:04,009 [grpc-default-executor-1] INFO  impl.RoleInfo (RoleInfo.java:updateAndGet(143)) - c58a0a02-acd3-47c8-b3e9-5b8e0493de45: start FollowerState
2019-10-21 23:47:04,009 [Thread-2358] INFO  impl.FollowerState (FollowerState.java:run(117)) - 1360619e-ba1e-4bf9-aec1-9f15b5480b27@group-2FABE92B7E5B-FollowerState was interrupted: java.lang.InterruptedException: sleep interrupted
2019-10-21 23:47:04,009 [grpc-default-executor-2] INFO  impl.RoleInfo (RoleInfo.java:updateAndGet(143)) - 1360619e-ba1e-4bf9-aec1-9f15b5480b27: start FollowerState
2019-10-21 23:47:04,023 [b88b3e43-5534-49b3-b3f2-a9f154b450de@group-2FABE92B7E5B-LeaderElection326] INFO  impl.LeaderElection (LeaderElection.java:logAndReturn(56)) - b88b3e43-5534-49b3-b3f2-a9f154b450de@group-2FABE92B7E5B-LeaderElection326: Election REJECTED; received 2 response(s) [b88b3e43-5534-49b3-b3f2-a9f154b450de<-c58a0a02-acd3-47c8-b3e9-5b8e0493de45#0:FAIL-t347, b88b3e43-5534-49b3-b3f2-a9f154b450de<-1360619e-ba1e-4bf9-aec1-9f15b5480b27#0:FAIL-t347] and 0 exception(s); b88b3e43-5534-49b3-b3f2-a9f154b450de@group-2FABE92B7E5B:t347, leader=null, voted=b88b3e43-5534-49b3-b3f2-a9f154b450de, raftlog=b88b3e43-5534-49b3-b3f2-a9f154b450de@group-2FABE92B7E5B-SegmentedRaftLog:OPENED:c-1,f-1,i0, conf=-1: [c58a0a02-acd3-47c8-b3e9-5b8e0493de45:192.168.157.254:33611, 1360619e-ba1e-4bf9-aec1-9f15b5480b27:192.168.157.254:45658, b88b3e43-5534-49b3-b3f2-a9f154b450de:192.168.157.254:46786], old=null
2019-10-21 23:47:04,023 [b88b3e43-5534-49b3-b3f2-a9f154b450de@group-2FABE92B7E5B-LeaderElection326] INFO  impl.RaftServerImpl (RaftServerImpl.java:setRole(184)) - b88b3e43-5534-49b3-b3f2-a9f154b450de@group-2FABE92B7E5B: changes role from CANDIDATE to FOLLOWER at term 347 for DISCOVERED_A_NEW_TERM
2019-10-21 23:47:04,023 [b88b3e43-5534-49b3-b3f2-a9f154b450de@group-2FABE92B7E5B-LeaderElection326] INFO  impl.RoleInfo (RoleInfo.java:shutdownLeaderElection(134)) - b88b3e43-5534-49b3-b3f2-a9f154b450de: shutdown LeaderElection
2019-10-21 23:47:04,024 [b88b3e43-5534-49b3-b3f2-a9f154b450de@group-2FABE92B7E5B-LeaderElection326] INFO  impl.RoleInfo (RoleInfo.java:updateAndGet(143)) - b88b3e43-5534-49b3-b3f2-a9f154b450de: start FollowerState
2019-10-21 23:47:04,044 [Thread-2365] INFO  impl.FollowerState (FollowerState.java:run(108)) - b88b3e43-5534-49b3-b3f2-a9f154b450de@group-2FABE92B7E5B-FollowerState: change to CANDIDATE, lastRpcTime:20ms, electionTimeout:20ms
2019-10-21 23:47:04,044 [Thread-2365] INFO  impl.RoleInfo (RoleInfo.java:shutdownFollowerState(121)) - b88b3e43-5534-49b3-b3f2-a9f154b450de: shutdown FollowerState
2019-10-21 23:47:04,044 [Thread-2365] INFO  impl.RaftServerImpl (RaftServerImpl.java:setRole(184)) - b88b3e43-5534-49b3-b3f2-a9f154b450de@group-2FABE92B7E5B: changes role from  FOLLOWER to CANDIDATE at term 347 for changeToCandidate
2019-10-21 23:47:04,044 [Thread-2365] INFO  impl.RoleInfo (RoleInfo.java:updateAndGet(143)) - b88b3e43-5534-49b3-b3f2-a9f154b450de: start LeaderElection
2019-10-21 23:47:04,059 [b88b3e43-5534-49b3-b3f2-a9f154b450de@group-2FABE92B7E5B-LeaderElection327] INFO  impl.LeaderElection (LeaderElection.java:askForVotes(178)) - b88b3e43-5534-49b3-b3f2-a9f154b450de@group-2FABE92B7E5B-LeaderElection327: begin an election at term 348 for -1: [c58a0a02-acd3-47c8-b3e9-5b8e0493de45:192.168.157.254:33611, 1360619e-ba1e-4bf9-aec1-9f15b5480b27:192.168.157.254:45658, b88b3e43-5534-49b3-b3f2-a9f154b450de:192.168.157.254:46786], old=null
2019-10-21 23:47:04,061 [grpc-default-executor-1] INFO  impl.RaftServerImpl (RaftServerImpl.java:setRole(184)) - c58a0a02-acd3-47c8-b3e9-5b8e0493de45@group-2FABE92B7E5B: changes role from  FOLLOWER to FOLLOWER at term 348 for recognizeCandidate:b88b3e43-5534-49b3-b3f2-a9f154b450de
2019-10-21 23:47:04,061 [grpc-default-executor-1] INFO  impl.RoleInfo (RoleInfo.java:shutdownFollowerState(121)) - c58a0a02-acd3-47c8-b3e9-5b8e0493de45: shutdown FollowerState
2019-10-21 23:47:04,061 [grpc-default-executor-2] INFO  impl.RaftServerImpl (RaftServerImpl.java:setRole(184)) - 1360619e-ba1e-4bf9-aec1-9f15b5480b27@group-2FABE92B7E5B: changes role from  FOLLOWER to FOLLOWER at term 348 for recognizeCandidate:b88b3e43-5534-49b3-b3f2-a9f154b450de
2019-10-21 23:47:04,061 [Thread-2363] INFO  impl.FollowerState (FollowerState.java:run(117)) - c58a0a02-acd3-47c8-b3e9-5b8e0493de45@group-2FABE92B7E5B-FollowerState was interrupted: java.lang.InterruptedException: sleep interrupted
2019-10-21 23:47:04,061 [grpc-default-executor-1] INFO  impl.RoleInfo (RoleInfo.java:updateAndGet(143)) - c58a0a02-acd3-47c8-b3e9-5b8e0493de45: start FollowerState
2019-10-21 23:47:04,061 [grpc-default-executor-2] INFO  impl.RoleInfo (RoleInfo.java:shutdownFollowerState(121)) - 1360619e-ba1e-4bf9-aec1-9f15b5480b27: shutdown FollowerState
2019-10-21 23:47:04,062 [Thread-2364] INFO  impl.FollowerState (FollowerState.java:run(117)) - 1360619e-ba1e-4bf9-aec1-9f15b5480b27@group-2FABE92B7E5B-FollowerState was interrupted: java.lang.InterruptedException: sleep interrupted
2019-10-21 23:47:04,062 [grpc-default-executor-2] INFO  impl.RoleInfo (RoleInfo.java:updateAndGet(143)) - 1360619e-ba1e-4bf9-aec1-9f15b5480b27: start FollowerState
2019-10-21 23:47:04,075 [b88b3e43-5534-49b3-b3f2-a9f154b450de@group-2FABE92B7E5B-LeaderElection327] INFO  impl.LeaderElection (LeaderElection.java:logAndReturn(56)) - b88b3e43-5534-49b3-b3f2-a9f154b450de@group-2FABE92B7E5B-LeaderElection327: Election REJECTED; received 2 response(s) [b88b3e43-5534-49b3-b3f2-a9f154b450de<-c58a0a02-acd3-47c8-b3e9-5b8e0493de45#0:FAIL-t348, b88b3e43-5534-49b3-b3f2-a9f154b450de<-1360619e-ba1e-4bf9-aec1-9f15b5480b27#0:FAIL-t348] and 0 exception(s); b88b3e43-5534-49b3-b3f2-a9f154b450de@group-2FABE92B7E5B:t348, leader=null, voted=b88b3e43-5534-49b3-b3f2-a9f154b450de, raftlog=b88b3e43-5534-49b3-b3f2-a9f154b450de@group-2FABE92B7E5B-SegmentedRaftLog:OPENED:c-1,f-1,i0, conf=-1: [c58a0a02-acd3-47c8-b3e9-5b8e0493de45:192.168.157.254:33611, 1360619e-ba1e-4bf9-aec1-9f15b5480b27:192.168.157.254:45658, b88b3e43-5534-49b3-b3f2-a9f154b450de:192.168.157.254:46786], old=null
2019-10-21 23:47:04,075 [b88b3e43-5534-49b3-b3f2-a9f154b450de@group-2FABE92B7E5B-LeaderElection327] INFO  impl.RaftServerImpl (RaftServerImpl.java:setRole(184)) - b88b3e43-5534-49b3-b3f2-a9f154b450de@group-2FABE92B7E5B: changes role from CANDIDATE to FOLLOWER at term 348 for DISCOVERED_A_NEW_TERM
2019-10-21 23:47:04,075 [b88b3e43-5534-49b3-b3f2-a9f154b450de@group-2FABE92B7E5B-LeaderElection327] INFO  impl.RoleInfo (RoleInfo.java:shutdownLeaderElection(134)) - b88b3e43-5534-49b3-b3f2-a9f154b450de: shutdown LeaderElection
2019-10-21 23:47:04,075 [b88b3e43-5534-49b3-b3f2-a9f154b450de@group-2FABE92B7E5B-LeaderElection327] INFO  impl.RoleInfo (RoleInfo.java:updateAndGet(143)) - b88b3e43-5534-49b3-b3f2-a9f154b450de: start FollowerState
2019-10-21 23:47:04,142 [Thread-2371] INFO  impl.FollowerState (FollowerState.java:run(108)) - b88b3e43-5534-49b3-b3f2-a9f154b450de@group-2FABE92B7E5B-FollowerState: change to CANDIDATE, lastRpcTime:66ms, electionTimeout:66ms
2019-10-21 23:47:04,142 [Thread-2371] INFO  impl.RoleInfo (RoleInfo.java:shutdownFollowerState(121)) - b88b3e43-5534-49b3-b3f2-a9f154b450de: shutdown FollowerState
2019-10-21 23:47:04,142 [Thread-2371] INFO  impl.RaftServerImpl (RaftServerImpl.java:setRole(184)) - b88b3e43-5534-49b3-b3f2-a9f154b450de@group-2FABE92B7E5B: changes role from  FOLLOWER to CANDIDATE at term 348 for changeToCandidate
2019-10-21 23:47:04,142 [Thread-2371] INFO  impl.RoleInfo (RoleInfo.java:updateAndGet(143)) - b88b3e43-5534-49b3-b3f2-a9f154b450de: start LeaderElection
2019-10-21 23:47:04,156 [b88b3e43-5534-49b3-b3f2-a9f154b450de@group-2FABE92B7E5B-LeaderElection328] INFO  impl.LeaderElection (LeaderElection.java:askForVotes(178)) - b88b3e43-5534-49b3-b3f2-a9f154b450de@group-2FABE92B7E5B-LeaderElection328: begin an election at term 349 for -1: [c58a0a02-acd3-47c8-b3e9-5b8e0493de45:192.168.157.254:33611, 1360619e-ba1e-4bf9-aec1-9f15b5480b27:192.168.157.254:45658, b88b3e43-5534-49b3-b3f2-a9f154b450de:192.168.157.254:46786], old=null
2019-10-21 23:47:04,157 [grpc-default-executor-2] INFO  impl.RaftServerImpl (RaftServerImpl.java:setRole(184)) - c58a0a02-acd3-47c8-b3e9-5b8e0493de45@group-2FABE92B7E5B: changes role from  FOLLOWER to FOLLOWER at term 349 for recognizeCandidate:b88b3e43-5534-49b3-b3f2-a9f154b450de
2019-10-21 23:47:04,158 [grpc-default-executor-2] INFO  impl.RoleInfo (RoleInfo.java:shutdownFollowerState(121)) - c58a0a02-acd3-47c8-b3e9-5b8e0493de45: shutdown FollowerState
2019-10-21 23:47:04,158 [grpc-default-executor-1] INFO  impl.RaftServerImpl (RaftServerImpl.java:setRole(184)) - 1360619e-ba1e-4bf9-aec1-9f15b5480b27@group-2FABE92B7E5B: changes role from  FOLLOWER to FOLLOWER at term 349 for recognizeCandidate:b88b3e43-5534-49b3-b3f2-a9f154b450de
2019-10-21 23:47:04,158 [grpc-default-executor-1] INFO  impl.RoleInfo (RoleInfo.java:shutdownFollowerState(121)) - 1360619e-ba1e-4bf9-aec1-9f15b5480b27: shutdown FollowerState
2019-10-21 23:47:04,158 [Thread-2369] INFO  impl.FollowerState (FollowerState.java:run(117)) - c58a0a02-acd3-47c8-b3e9-5b8e0493de45@group-2FABE92B7E5B-FollowerState was interrupted: java.lang.InterruptedException: sleep interrupted
2019-10-21 23:47:04,158 [grpc-default-executor-2] INFO  impl.RoleInfo (RoleInfo.java:updateAndGet(143)) - c58a0a02-acd3-47c8-b3e9-5b8e0493de45: start FollowerState
2019-10-21 23:47:04,158 [Thread-2370] INFO  impl.FollowerState (FollowerState.java:run(117)) - 1360619e-ba1e-4bf9-aec1-9f15b5480b27@group-2FABE92B7E5B-FollowerState was interrupted: java.lang.InterruptedException: sleep interrupted
2019-10-21 23:47:04,158 [grpc-default-executor-1] INFO  impl.RoleInfo (RoleInfo.java:updateAndGet(143)) - 1360619e-ba1e-4bf9-aec1-9f15b5480b27: start FollowerState
2019-10-21 23:47:04,183 [b88b3e43-5534-49b3-b3f2-a9f154b450de@group-2FABE92B7E5B-LeaderElection328] INFO  impl.LeaderElection (LeaderElection.java:logAndReturn(56)) - b88b3e43-5534-49b3-b3f2-a9f154b450de@group-2FABE92B7E5B-LeaderElection328: Election REJECTED; received 2 response(s) [b88b3e43-5534-49b3-b3f2-a9f154b450de<-c58a0a02-acd3-47c8-b3e9-5b8e0493de45#0:FAIL-t349, b88b3e43-5534-49b3-b3f2-a9f154b450de<-1360619e-ba1e-4bf9-aec1-9f15b5480b27#0:FAIL-t349] and 0 exception(s); b88b3e43-5534-49b3-b3f2-a9f154b450de@group-2FABE92B7E5B:t349, leader=null, voted=b88b3e43-5534-49b3-b3f2-a9f154b450de, raftlog=b88b3e43-5534-49b3-b3f2-a9f154b450de@group-2FABE92B7E5B-SegmentedRaftLog:OPENED:c-1,f-1,i0, conf=-1: [c58a0a02-acd3-47c8-b3e9-5b8e0493de45:192.168.157.254:33611, 1360619e-ba1e-4bf9-aec1-9f15b5480b27:192.168.157.254:45658, b88b3e43-5534-49b3-b3f2-a9f154b450de:192.168.157.254:46786], old=null
2019-10-21 23:47:04,184 [b88b3e43-5534-49b3-b3f2-a9f154b450de@group-2FABE92B7E5B-LeaderElection328] INFO  impl.RaftServerImpl (RaftServerImpl.java:setRole(184)) - b88b3e43-5534-49b3-b3f2-a9f154b450de@group-2FABE92B7E5B: changes role from CANDIDATE to FOLLOWER at term 349 for DISCOVERED_A_NEW_TERM
2019-10-21 23:47:04,184 [b88b3e43-5534-49b3-b3f2-a9f154b450de@group-2FABE92B7E5B-LeaderElection328] INFO  impl.RoleInfo (RoleInfo.java:shutdownLeaderElection(134)) - b88b3e43-5534-49b3-b3f2-a9f154b450de: shutdown LeaderElection
2019-10-21 23:47:04,184 [b88b3e43-5534-49b3-b3f2-a9f154b450de@group-2FABE92B7E5B-LeaderElection328] INFO  impl.RoleInfo (RoleInfo.java:updateAndGet(143)) - b88b3e43-5534-49b3-b3f2-a9f154b450de: start FollowerState
2019-10-21 23:47:04,240 [Thread-2377] INFO  impl.FollowerState (FollowerState.java:run(108)) - b88b3e43-5534-49b3-b3f2-a9f154b450de@group-2FABE92B7E5B-FollowerState: change to CANDIDATE, lastRpcTime:56ms, electionTimeout:56ms
2019-10-21 23:47:04,240 [Thread-2377] INFO  impl.RoleInfo (RoleInfo.java:shutdownFollowerState(121)) - b88b3e43-5534-49b3-b3f2-a9f154b450de: shutdown FollowerState
2019-10-21 23:47:04,240 [Thread-2377] INFO  impl.RaftServerImpl (RaftServerImpl.java:setRole(184)) - b88b3e43-5534-49b3-b3f2-a9f154b450de@group-2FABE92B7E5B: changes role from  FOLLOWER to CANDIDATE at term 349 for changeToCandidate
2019-10-21 23:47:04,241 [Thread-2377] INFO  impl.RoleInfo (RoleInfo.java:updateAndGet(143)) - b88b3e43-5534-49b3-b3f2-a9f154b450de: start LeaderElection
2019-10-21 23:47:04,254 [b88b3e43-5534-49b3-b3f2-a9f154b450de@group-2FABE92B7E5B-LeaderElection329] INFO  impl.LeaderElection (LeaderElection.java:askForVotes(178)) - b88b3e43-5534-49b3-b3f2-a9f154b450de@group-2FABE92B7E5B-LeaderElection329: begin an election at term 350 for -1: [c58a0a02-acd3-47c8-b3e9-5b8e0493de45:192.168.157.254:33611, 1360619e-ba1e-4bf9-aec1-9f15b5480b27:192.168.157.254:45658, b88b3e43-5534-49b3-b3f2-a9f154b450de:192.168.157.254:46786], old=null
2019-10-21 23:47:04,256 [grpc-default-executor-2] INFO  impl.RaftServerImpl (RaftServerImpl.java:setRole(184)) - c58a0a02-acd3-47c8-b3e9-5b8e0493de45@group-2FABE92B7E5B: changes role from  FOLLOWER to FOLLOWER at term 350 for recognizeCandidate:b88b3e43-5534-49b3-b3f2-a9f154b450de
2019-10-21 23:47:04,256 [grpc-default-executor-1] INFO  impl.RaftServerImpl (RaftServerImpl.java:setRole(184)) - 1360619e-ba1e-4bf9-aec1-9f15b5480b27@group-2FABE92B7E5B: changes role from  FOLLOWER to FOLLOWER at term 350 for recognizeCandidate:b88b3e43-5534-49b3-b3f2-a9f154b450de
2019-10-21 23:47:04,256 [grpc-default-executor-2] INFO  impl.RoleInfo (RoleInfo.java:shutdownFollowerState(121)) - c58a0a02-acd3-47c8-b3e9-5b8e0493de45: shutdown FollowerState
2019-10-21 23:47:04,257 [grpc-default-executor-1] INFO  impl.RoleInfo (RoleInfo.java:shutdownFollowerState(121)) - 1360619e-ba1e-4bf9-aec1-9f15b5480b27: shutdown FollowerState
2019-10-21 23:47:04,257 [Thread-2375] INFO  impl.FollowerState (FollowerState.java:run(117)) - c58a0a02-acd3-47c8-b3e9-5b8e0493de45@group-2FABE92B7E5B-FollowerState was interrupted: java.lang.InterruptedException: sleep interrupted
2019-10-21 23:47:04,257 [Thread-2376] INFO  impl.FollowerState (FollowerState.java:run(117)) - 1360619e-ba1e-4bf9-aec1-9f15b5480b27@group-2FABE92B7E5B-FollowerState was interrupted: java.lang.InterruptedException: sleep interrupted
2019-10-21 23:47:04,257 [grpc-default-executor-2] INFO  impl.RoleInfo (RoleInfo.java:updateAndGet(143)) - c58a0a02-acd3-47c8-b3e9-5b8e0493de45: start FollowerState
2019-10-21 23:47:04,257 [grpc-default-executor-1] INFO  impl.RoleInfo (RoleInfo.java:updateAndGet(143)) - 1360619e-ba1e-4bf9-aec1-9f15b5480b27: start FollowerState
2019-10-21 23:47:04,279 [b88b3e43-5534-49b3-b3f2-a9f154b450de@group-2FABE92B7E5B-LeaderElection329] INFO  impl.LeaderElection (LeaderElection.java:logAndReturn(56)) - b88b3e43-5534-49b3-b3f2-a9f154b450de@group-2FABE92B7E5B-LeaderElection329: Election REJECTED; received 2 response(s) [b88b3e43-5534-49b3-b3f2-a9f154b450de<-c58a0a02-acd3-47c8-b3e9-5b8e0493de45#0:FAIL-t350, b88b3e43-5534-49b3-b3f2-a9f154b450de<-1360619e-ba1e-4bf9-aec1-9f15b5480b27#0:FAIL-t350] and 0 exception(s); b88b3e43-5534-49b3-b3f2-a9f154b450de@group-2FABE92B7E5B:t350, leader=null, voted=b88b3e43-5534-49b3-b3f2-a9f154b450de, raftlog=b88b3e43-5534-49b3-b3f2-a9f154b450de@group-2FABE92B7E5B-SegmentedRaftLog:OPENED:c-1,f-1,i0, conf=-1: [c58a0a02-acd3-47c8-b3e9-5b8e0493de45:192.168.157.254:33611, 1360619e-ba1e-4bf9-aec1-9f15b5480b27:192.168.157.254:45658, b88b3e43-5534-49b3-b3f2-a9f154b450de:192.168.157.254:46786], old=null
2019-10-21 23:47:04,279 [b88b3e43-5534-49b3-b3f2-a9f154b450de@group-2FABE92B7E5B-LeaderElection329] INFO  impl.RaftServerImpl (RaftServerImpl.java:setRole(184)) - b88b3e43-5534-49b3-b3f2-a9f154b450de@group-2FABE92B7E5B: changes role from CANDIDATE to FOLLOWER at term 350 for DISCOVERED_A_NEW_TERM
2019-10-21 23:47:04,279 [b88b3e43-5534-49b3-b3f2-a9f154b450de@group-2FABE92B7E5B-LeaderElection329] INFO  impl.RoleInfo (RoleInfo.java:shutdownLeaderElection(134)) - b88b3e43-5534-49b3-b3f2-a9f154b450de: shutdown LeaderElection
2019-10-21 23:47:04,279 [b88b3e43-5534-49b3-b3f2-a9f154b450de@group-2FABE92B7E5B-LeaderElection329] INFO  impl.RoleInfo (RoleInfo.java:updateAndGet(143)) - b88b3e43-5534-49b3-b3f2-a9f154b450de: start FollowerState
2019-10-21 23:47:04,413 [Thread-2383] INFO  impl.FollowerState (FollowerState.java:run(108)) - b88b3e43-5534-49b3-b3f2-a9f154b450de@group-2FABE92B7E5B-FollowerState: change to CANDIDATE, lastRpcTime:133ms, electionTimeout:133ms
2019-10-21 23:47:04,413 [Thread-2383] INFO  impl.RoleInfo (RoleInfo.java:shutdownFollowerState(121)) - b88b3e43-5534-49b3-b3f2-a9f154b450de: shutdown FollowerState
2019-10-21 23:47:04,413 [Thread-2383] INFO  impl.RaftServerImpl (RaftServerImpl.java:setRole(184)) - b88b3e43-5534-49b3-b3f2-a9f154b450de@group-2FABE92B7E5B: changes role from  FOLLOWER to CANDIDATE at term 350 for changeToCandidate
2019-10-21 23:47:04,413 [Thread-2383] INFO  impl.RoleInfo (RoleInfo.java:updateAndGet(143)) - b88b3e43-5534-49b3-b3f2-a9f154b450de: start LeaderElection
2019-10-21 23:47:04,438 [b88b3e43-5534-49b3-b3f2-a9f154b450de@group-2FABE92B7E5B-LeaderElection330] INFO  impl.LeaderElection (LeaderElection.java:askForVotes(178)) - b88b3e43-5534-49b3-b3f2-a9f154b450de@group-2FABE92B7E5B-LeaderElection330: begin an election at term 351 for -1: [c58a0a02-acd3-47c8-b3e9-5b8e0493de45:192.168.157.254:33611, 1360619e-ba1e-4bf9-aec1-9f15b5480b27:192.168.157.254:45658, b88b3e43-5534-49b3-b3f2-a9f154b450de:192.168.157.254:46786], old=null
2019-10-21 23:47:04,440 [grpc-default-executor-1] INFO  impl.RaftServerImpl (RaftServerImpl.java:setRole(184)) - 1360619e-ba1e-4bf9-aec1-9f15b5480b27@group-2FABE92B7E5B: changes role from  FOLLOWER to FOLLOWER at term 351 for recognizeCandidate:b88b3e43-5534-49b3-b3f2-a9f154b450de
2019-10-21 23:47:04,440 [grpc-default-executor-2] INFO  impl.RaftServerImpl (RaftServerImpl.java:setRole(184)) - c58a0a02-acd3-47c8-b3e9-5b8e0493de45@group-2FABE92B7E5B: changes role from  FOLLOWER to FOLLOWER at term 351 for recognizeCandidate:b88b3e43-5534-49b3-b3f2-a9f154b450de
2019-10-21 23:47:04,440 [grpc-default-executor-1] INFO  impl.RoleInfo (RoleInfo.java:shutdownFollowerState(121)) - 1360619e-ba1e-4bf9-aec1-9f15b5480b27: shutdown FollowerState
2019-10-21 23:47:04,440 [grpc-default-executor-2] INFO  impl.RoleInfo (RoleInfo.java:shutdownFollowerState(121)) - c58a0a02-acd3-47c8-b3e9-5b8e0493de45: shutdown FollowerState
2019-10-21 23:47:04,440 [grpc-default-executor-1] INFO  impl.RoleInfo (RoleInfo.java:updateAndGet(143)) - 1360619e-ba1e-4bf9-aec1-9f15b5480b27: start FollowerState
2019-10-21 23:47:04,440 [Thread-2382] INFO  impl.FollowerState (FollowerState.java:run(117)) - 1360619e-ba1e-4bf9-aec1-9f15b5480b27@group-2FABE92B7E5B-FollowerState was interrupted: java.lang.InterruptedException: sleep interrupted
2019-10-21 23:47:04,440 [Thread-2381] INFO  impl.FollowerState (FollowerState.java:run(117)) - c58a0a02-acd3-47c8-b3e9-5b8e0493de45@group-2FABE92B7E5B-FollowerState was interrupted: java.lang.InterruptedException: sleep interrupted
2019-10-21 23:47:04,440 [grpc-default-executor-2] INFO  impl.RoleInfo (RoleInfo.java:updateAndGet(143)) - c58a0a02-acd3-47c8-b3e9-5b8e0493de45: start FollowerState
2019-10-21 23:47:04,457 [b88b3e43-5534-49b3-b3f2-a9f154b450de@group-2FABE92B7E5B-LeaderElection330] INFO  impl.LeaderElection (LeaderElection.java:logAndReturn(56)) - b88b3e43-5534-49b3-b3f2-a9f154b450de@group-2FABE92B7E5B-LeaderElection330: Election REJECTED; received 2 response(s) [b88b3e43-5534-49b3-b3f2-a9f154b450de<-c58a0a02-acd3-47c8-b3e9-5b8e0493de45#0:FAIL-t351, b88b3e43-5534-49b3-b3f2-a9f154b450de<-1360619e-ba1e-4bf9-aec1-9f15b5480b27#0:FAIL-t351] and 0 exception(s); b88b3e43-5534-49b3-b3f2-a9f154b450de@group-2FABE92B7E5B:t351, leader=null, voted=b88b3e43-5534-49b3-b3f2-a9f154b450de, raftlog=b88b3e43-5534-49b3-b3f2-a9f154b450de@group-2FABE92B7E5B-SegmentedRaftLog:OPENED:c-1,f-1,i0, conf=-1: [c58a0a02-acd3-47c8-b3e9-5b8e0493de45:192.168.157.254:33611, 1360619e-ba1e-4bf9-aec1-9f15b5480b27:192.168.157.254:45658, b88b3e43-5534-49b3-b3f2-a9f154b450de:192.168.157.254:46786], old=null
2019-10-21 23:47:04,457 [b88b3e43-5534-49b3-b3f2-a9f154b450de@group-2FABE92B7E5B-LeaderElection330] INFO  impl.RaftServerImpl (RaftServerImpl.java:setRole(184)) - b88b3e43-5534-49b3-b3f2-a9f154b450de@group-2FABE92B7E5B: changes role from CANDIDATE to FOLLOWER at term 351 for DISCOVERED_A_NEW_TERM
2019-10-21 23:47:04,457 [b88b3e43-5534-49b3-b3f2-a9f154b450de@group-2FABE92B7E5B-LeaderElection330] INFO  impl.RoleInfo (RoleInfo.java:shutdownLeaderElection(134)) - b88b3e43-5534-49b3-b3f2-a9f154b450de: shutdown LeaderElection
2019-10-21 23:47:04,457 [b88b3e43-5534-49b3-b3f2-a9f154b450de@group-2FABE92B7E5B-LeaderElection330] INFO  impl.RoleInfo (RoleInfo.java:updateAndGet(143)) - b88b3e43-5534-49b3-b3f2-a9f154b450de: start FollowerState
2019-10-21 23:47:04,519 [Thread-2391] INFO  impl.FollowerState (FollowerState.java:run(108)) - b88b3e43-5534-49b3-b3f2-a9f154b450de@group-2FABE92B7E5B-FollowerState: change to CANDIDATE, lastRpcTime:62ms, electionTimeout:62ms
2019-10-21 23:47:04,519 [Thread-2391] INFO  impl.RoleInfo (RoleInfo.java:shutdownFollowerState(121)) - b88b3e43-5534-49b3-b3f2-a9f154b450de: shutdown FollowerState
2019-10-21 23:47:04,520 [Thread-2391] INFO  impl.RaftServerImpl (RaftServerImpl.java:setRole(184)) - b88b3e43-5534-49b3-b3f2-a9f154b450de@group-2FABE92B7E5B: changes role from  FOLLOWER to CANDIDATE at term 351 for changeToCandidate
2019-10-21 23:47:04,520 [Thread-2391] INFO  impl.RoleInfo (RoleInfo.java:updateAndGet(143)) - b88b3e43-5534-49b3-b3f2-a9f154b450de: start LeaderElection
2019-10-21 23:47:04,534 [b88b3e43-5534-49b3-b3f2-a9f154b450de@group-2FABE92B7E5B-LeaderElection331] INFO  impl.LeaderElection (LeaderElection.java:askForVotes(178)) - b88b3e43-5534-49b3-b3f2-a9f154b450de@group-2FABE92B7E5B-LeaderElection331: begin an election at term 352 for -1: [c58a0a02-acd3-47c8-b3e9-5b8e0493de45:192.168.157.254:33611, 1360619e-ba1e-4bf9-aec1-9f15b5480b27:192.168.157.254:45658, b88b3e43-5534-49b3-b3f2-a9f154b450de:192.168.157.254:46786], old=null
2019-10-21 23:47:04,536 [grpc-default-executor-1] INFO  impl.RaftServerImpl (RaftServerImpl.java:setRole(184)) - c58a0a02-acd3-47c8-b3e9-5b8e0493de45@group-2FABE92B7E5B: changes role from  FOLLOWER to FOLLOWER at term 352 for recognizeCandidate:b88b3e43-5534-49b3-b3f2-a9f154b450de
2019-10-21 23:47:04,536 [grpc-default-executor-1] INFO  impl.RoleInfo (RoleInfo.java:shutdownFollowerState(121)) - c58a0a02-acd3-47c8-b3e9-5b8e0493de45: shutdown FollowerState
2019-10-21 23:47:04,536 [grpc-default-executor-2] INFO  impl.RaftServerImpl (RaftServerImpl.java:setRole(184)) - 1360619e-ba1e-4bf9-aec1-9f15b5480b27@group-2FABE92B7E5B: changes role from  FOLLOWER to FOLLOWER at term 352 for recognizeCandidate:b88b3e43-5534-49b3-b3f2-a9f154b450de
2019-10-21 23:47:04,536 [Thread-2390] INFO  impl.FollowerState (FollowerState.java:run(117)) - c58a0a02-acd3-47c8-b3e9-5b8e0493de45@group-2FABE92B7E5B-FollowerState was interrupted: java.lang.InterruptedException: sleep interrupted
2019-10-21 23:47:04,536 [grpc-default-executor-1] INFO  impl.RoleInfo (RoleInfo.java:updateAndGet(143)) - c58a0a02-acd3-47c8-b3e9-5b8e0493de45: start FollowerState
2019-10-21 23:47:04,536 [grpc-default-executor-2] INFO  impl.RoleInfo (RoleInfo.java:shutdownFollowerState(121)) - 1360619e-ba1e-4bf9-aec1-9f15b5480b27: shutdown FollowerState
2019-10-21 23:47:04,537 [grpc-default-executor-2] INFO  impl.RoleInfo (RoleInfo.java:updateAndGet(143)) - 1360619e-ba1e-4bf9-aec1-9f15b5480b27: start FollowerState
2019-10-21 23:47:04,537 [Thread-2389] INFO  impl.FollowerState (FollowerState.java:run(117)) - 1360619e-ba1e-4bf9-aec1-9f15b5480b27@group-2FABE92B7E5B-FollowerState was interrupted: java.lang.InterruptedException: sleep interrupted
2019-10-21 23:47:04,551 [b88b3e43-5534-49b3-b3f2-a9f154b450de@group-2FABE92B7E5B-LeaderElection331] INFO  impl.LeaderElection (LeaderElection.java:logAndReturn(56)) - b88b3e43-5534-49b3-b3f2-a9f154b450de@group-2FABE92B7E5B-LeaderElection331: Election REJECTED; received 2 response(s) [b88b3e43-5534-49b3-b3f2-a9f154b450de<-c58a0a02-acd3-47c8-b3e9-5b8e0493de45#0:FAIL-t352, b88b3e43-5534-49b3-b3f2-a9f154b450de<-1360619e-ba1e-4bf9-aec1-9f15b5480b27#0:FAIL-t352] and 0 exception(s); b88b3e43-5534-49b3-b3f2-a9f154b450de@group-2FABE92B7E5B:t352, leader=null, voted=b88b3e43-5534-49b3-b3f2-a9f154b450de, raftlog=b88b3e43-5534-49b3-b3f2-a9f154b450de@group-2FABE92B7E5B-SegmentedRaftLog:OPENED:c-1,f-1,i0, conf=-1: [c58a0a02-acd3-47c8-b3e9-5b8e0493de45:192.168.157.254:33611, 1360619e-ba1e-4bf9-aec1-9f15b5480b27:192.168.157.254:45658, b88b3e43-5534-49b3-b3f2-a9f154b450de:192.168.157.254:46786], old=null
2019-10-21 23:47:04,551 [b88b3e43-5534-49b3-b3f2-a9f154b450de@group-2FABE92B7E5B-LeaderElection331] INFO  impl.RaftServerImpl (RaftServerImpl.java:setRole(184)) - b88b3e43-5534-49b3-b3f2-a9f154b450de@group-2FABE92B7E5B: changes role from CANDIDATE to FOLLOWER at term 352 for DISCOVERED_A_NEW_TERM
2019-10-21 23:47:04,551 [b88b3e43-5534-49b3-b3f2-a9f154b450de@group-2FABE92B7E5B-LeaderElection331] INFO  impl.RoleInfo (RoleInfo.java:shutdownLeaderElection(134)) - b88b3e43-5534-49b3-b3f2-a9f154b450de: shutdown LeaderElection
2019-10-21 23:47:04,551 [b88b3e43-5534-49b3-b3f2-a9f154b450de@group-2FABE92B7E5B-LeaderElection331] INFO  impl.RoleInfo (RoleInfo.java:updateAndGet(143)) - b88b3e43-5534-49b3-b3f2-a9f154b450de: start FollowerState
2019-10-21 23:47:04,619 [Thread-2397] INFO  impl.FollowerState (FollowerState.java:run(108)) - b88b3e43-5534-49b3-b3f2-a9f154b450de@group-2FABE92B7E5B-FollowerState: change to CANDIDATE, lastRpcTime:67ms, electionTimeout:67ms
2019-10-21 23:47:04,619 [Thread-2397] INFO  impl.RoleInfo (RoleInfo.java:shutdownFollowerState(121)) - b88b3e43-5534-49b3-b3f2-a9f154b450de: shutdown FollowerState
2019-10-21 23:47:04,619 [Thread-2397] INFO  impl.RaftServerImpl (RaftServerImpl.java:setRole(184)) - b88b3e43-5534-49b3-b3f2-a9f154b450de@group-2FABE92B7E5B: changes role from  FOLLOWER to CANDIDATE at term 352 for changeToCandidate
2019-10-21 23:47:04,619 [Thread-2397] INFO  impl.RoleInfo (RoleInfo.java:updateAndGet(143)) - b88b3e43-5534-49b3-b3f2-a9f154b450de: start LeaderElection
2019-10-21 23:47:04,644 [b88b3e43-5534-49b3-b3f2-a9f154b450de@group-2FABE92B7E5B-LeaderElection332] INFO  impl.LeaderElection (LeaderElection.java:askForVotes(178)) - b88b3e43-5534-49b3-b3f2-a9f154b450de@group-2FABE92B7E5B-LeaderElection332: begin an election at term 353 for -1: [c58a0a02-acd3-47c8-b3e9-5b8e0493de45:192.168.157.254:33611, 1360619e-ba1e-4bf9-aec1-9f15b5480b27:192.168.157.254:45658, b88b3e43-5534-49b3-b3f2-a9f154b450de:192.168.157.254:46786], old=null
2019-10-21 23:47:04,646 [grpc-default-executor-1] INFO  impl.RaftServerImpl (RaftServerImpl.java:setRole(184)) - c58a0a02-acd3-47c8-b3e9-5b8e0493de45@group-2FABE92B7E5B: changes role from  FOLLOWER to FOLLOWER at term 353 for recognizeCandidate:b88b3e43-5534-49b3-b3f2-a9f154b450de
2019-10-21 23:47:04,646 [grpc-default-executor-1] INFO  impl.RoleInfo (RoleInfo.java:shutdownFollowerState(121)) - c58a0a02-acd3-47c8-b3e9-5b8e0493de45: shutdown FollowerState
2019-10-21 23:47:04,646 [grpc-default-executor-2] INFO  impl.RaftServerImpl (RaftServerImpl.java:setRole(184)) - 1360619e-ba1e-4bf9-aec1-9f15b5480b27@group-2FABE92B7E5B: changes role from  FOLLOWER to FOLLOWER at term 353 for recognizeCandidate:b88b3e43-5534-49b3-b3f2-a9f154b450de
2019-10-21 23:47:04,646 [grpc-default-executor-2] INFO  impl.RoleInfo (RoleInfo.java:shutdownFollowerState(121)) - 1360619e-ba1e-4bf9-aec1-9f15b5480b27: shutdown FollowerState
2019-10-21 23:47:04,646 [Thread-2395] INFO  impl.FollowerState (FollowerState.java:run(117)) - c58a0a02-acd3-47c8-b3e9-5b8e0493de45@group-2FABE92B7E5B-FollowerState was interrupted: java.lang.InterruptedException: sleep interrupted
2019-10-21 23:47:04,646 [grpc-default-executor-1] INFO  impl.RoleInfo (RoleInfo.java:updateAndGet(143)) - c58a0a02-acd3-47c8-b3e9-5b8e0493de45: start FollowerState
2019-10-21 23:47:04,647 [Thread-2396] INFO  impl.FollowerState (FollowerState.java:run(117)) - 1360619e-ba1e-4bf9-aec1-9f15b5480b27@group-2FABE92B7E5B-FollowerState was interrupted: java.lang.InterruptedException: sleep interrupted
2019-10-21 23:47:04,647 [grpc-default-executor-2] INFO  impl.RoleInfo (RoleInfo.java:updateAndGet(143)) - 1360619e-ba1e-4bf9-aec1-9f15b5480b27: start FollowerState
2019-10-21 23:47:04,661 [b88b3e43-5534-49b3-b3f2-a9f154b450de@group-2FABE92B7E5B-LeaderElection332] INFO  impl.LeaderElection (LeaderElection.java:logAndReturn(56)) - b88b3e43-5534-49b3-b3f2-a9f154b450de@group-2FABE92B7E5B-LeaderElection332: Election REJECTED; received 2 response(s) [b88b3e43-5534-49b3-b3f2-a9f154b450de<-c58a0a02-acd3-47c8-b3e9-5b8e0493de45#0:FAIL-t353, b88b3e43-5534-49b3-b3f2-a9f154b450de<-1360619e-ba1e-4bf9-aec1-9f15b5480b27#0:FAIL-t353] and 0 exception(s); b88b3e43-5534-49b3-b3f2-a9f154b450de@group-2FABE92B7E5B:t353, leader=null, voted=b88b3e43-5534-49b3-b3f2-a9f154b450de, raftlog=b88b3e43-5534-49b3-b3f2-a9f154b450de@group-2FABE92B7E5B-SegmentedRaftLog:OPENED:c-1,f-1,i0, conf=-1: [c58a0a02-acd3-47c8-b3e9-5b8e0493de45:192.168.157.254:33611, 1360619e-ba1e-4bf9-aec1-9f15b5480b27:192.168.157.254:45658, b88b3e43-5534-49b3-b3f2-a9f154b450de:192.168.157.254:46786], old=null
2019-10-21 23:47:04,661 [b88b3e43-5534-49b3-b3f2-a9f154b450de@group-2FABE92B7E5B-LeaderElection332] INFO  impl.RaftServerImpl (RaftServerImpl.java:setRole(184)) - b88b3e43-5534-49b3-b3f2-a9f154b450de@group-2FABE92B7E5B: changes role from CANDIDATE to FOLLOWER at term 353 for DISCOVERED_A_NEW_TERM
2019-10-21 23:47:04,661 [b88b3e43-5534-49b3-b3f2-a9f154b450de@group-2FABE92B7E5B-LeaderElection332] INFO  impl.RoleInfo (RoleInfo.java:shutdownLeaderElection(134)) - b88b3e43-5534-49b3-b3f2-a9f154b450de: shutdown LeaderElection
2019-10-21 23:47:04,661 [b88b3e43-5534-49b3-b3f2-a9f154b450de@group-2FABE92B7E5B-LeaderElection332] INFO  impl.RoleInfo (RoleInfo.java:updateAndGet(143)) - b88b3e43-5534-49b3-b3f2-a9f154b450de: start FollowerState
2019-10-21 23:47:04,661 [Thread-2403] INFO  impl.FollowerState (FollowerState.java:run(108)) - b88b3e43-5534-49b3-b3f2-a9f154b450de@group-2FABE92B7E5B-FollowerState: change to CANDIDATE, lastRpcTime:0ms, electionTimeout:0ms
2019-10-21 23:47:04,661 [Thread-2403] INFO  impl.RoleInfo (RoleInfo.java:shutdownFollowerState(121)) - b88b3e43-5534-49b3-b3f2-a9f154b450de: shutdown FollowerState
2019-10-21 23:47:04,661 [Thread-2403] INFO  impl.RaftServerImpl (RaftServerImpl.java:setRole(184)) - b88b3e43-5534-49b3-b3f2-a9f154b450de@group-2FABE92B7E5B: changes role from  FOLLOWER to CANDIDATE at term 353 for changeToCandidate
2019-10-21 23:47:04,661 [Thread-2403] INFO  impl.RoleInfo (RoleInfo.java:updateAndGet(143)) - b88b3e43-5534-49b3-b3f2-a9f154b450de: start LeaderElection
2019-10-21 23:47:04,676 [b88b3e43-5534-49b3-b3f2-a9f154b450de@group-2FABE92B7E5B-LeaderElection333] INFO  impl.LeaderElection (LeaderElection.java:askForVotes(178)) - b88b3e43-5534-49b3-b3f2-a9f154b450de@group-2FABE92B7E5B-LeaderElection333: begin an election at term 354 for -1: [c58a0a02-acd3-47c8-b3e9-5b8e0493de45:192.168.157.254:33611, 1360619e-ba1e-4bf9-aec1-9f15b5480b27:192.168.157.254:45658, b88b3e43-5534-49b3-b3f2-a9f154b450de:192.168.157.254:46786], old=null
2019-10-21 23:47:04,677 [grpc-default-executor-2] INFO  impl.RaftServerImpl (RaftServerImpl.java:setRole(184)) - c58a0a02-acd3-47c8-b3e9-5b8e0493de45@group-2FABE92B7E5B: changes role from  FOLLOWER to FOLLOWER at term 354 for recognizeCandidate:b88b3e43-5534-49b3-b3f2-a9f154b450de
2019-10-21 23:47:04,677 [grpc-default-executor-2] INFO  impl.RoleInfo (RoleInfo.java:shutdownFollowerState(121)) - c58a0a02-acd3-47c8-b3e9-5b8e0493de45: shutdown FollowerState
2019-10-21 23:47:04,678 [grpc-default-executor-1] INFO  impl.RaftServerImpl (RaftServerImpl.java:setRole(184)) - 1360619e-ba1e-4bf9-aec1-9f15b5480b27@group-2FABE92B7E5B: changes role from  FOLLOWER to FOLLOWER at term 354 for recognizeCandidate:b88b3e43-5534-49b3-b3f2-a9f154b450de
2019-10-21 23:47:04,678 [Thread-2401] INFO  impl.FollowerState (FollowerState.java:run(117)) - c58a0a02-acd3-47c8-b3e9-5b8e0493de45@group-2FABE92B7E5B-FollowerState was interrupted: java.lang.InterruptedException: sleep interrupted
2019-10-21 23:47:04,678 [grpc-default-executor-2] INFO  impl.RoleInfo (RoleInfo.java:updateAndGet(143)) - c58a0a02-acd3-47c8-b3e9-5b8e0493de45: start FollowerState
2019-10-21 23:47:04,678 [grpc-default-executor-1] INFO  impl.RoleInfo (RoleInfo.java:shutdownFollowerState(121)) - 1360619e-ba1e-4bf9-aec1-9f15b5480b27: shutdown FollowerState
2019-10-21 23:47:04,678 [grpc-default-executor-1] INFO  impl.RoleInfo (RoleInfo.java:updateAndGet(143)) - 1360619e-ba1e-4bf9-aec1-9f15b5480b27: start FollowerState
2019-10-21 23:47:04,678 [Thread-2402] INFO  impl.FollowerState (FollowerState.java:run(117)) - 1360619e-ba1e-4bf9-aec1-9f15b5480b27@group-2FABE92B7E5B-FollowerState was interrupted: java.lang.InterruptedException: sleep interrupted
2019-10-21 23:47:04,692 [b88b3e43-5534-49b3-b3f2-a9f154b450de@group-2FABE92B7E5B-LeaderElection333] INFO  impl.LeaderElection (LeaderElection.java:logAndReturn(56)) - b88b3e43-5534-49b3-b3f2-a9f154b450de@group-2FABE92B7E5B-LeaderElection333: Election REJECTED; received 2 response(s) [b88b3e43-5534-49b3-b3f2-a9f154b450de<-c58a0a02-acd3-47c8-b3e9-5b8e0493de45#0:FAIL-t354, b88b3e43-5534-49b3-b3f2-a9f154b450de<-1360619e-ba1e-4bf9-aec1-9f15b5480b27#0:FAIL-t354] and 0 exception(s); b88b3e43-5534-49b3-b3f2-a9f154b450de@group-2FABE92B7E5B:t354, leader=null, voted=b88b3e43-5534-49b3-b3f2-a9f154b450de, raftlog=b88b3e43-5534-49b3-b3f2-a9f154b450de@group-2FABE92B7E5B-SegmentedRaftLog:OPENED:c-1,f-1,i0, conf=-1: [c58a0a02-acd3-47c8-b3e9-5b8e0493de45:192.168.157.254:33611, 1360619e-ba1e-4bf9-aec1-9f15b5480b27:192.168.157.254:45658, b88b3e43-5534-49b3-b3f2-a9f154b450de:192.168.157.254:46786], old=null
2019-10-21 23:47:04,692 [b88b3e43-5534-49b3-b3f2-a9f154b450de@group-2FABE92B7E5B-LeaderElection333] INFO  impl.RaftServerImpl (RaftServerImpl.java:setRole(184)) - b88b3e43-5534-49b3-b3f2-a9f154b450de@group-2FABE92B7E5B: changes role from CANDIDATE to FOLLOWER at term 354 for DISCOVERED_A_NEW_TERM
2019-10-21 23:47:04,692 [b88b3e43-5534-49b3-b3f2-a9f154b450de@group-2FABE92B7E5B-LeaderElection333] INFO  impl.RoleInfo (RoleInfo.java:shutdownLeaderElection(134)) - b88b3e43-5534-49b3-b3f2-a9f154b450de: shutdown LeaderElection
2019-10-21 23:47:04,693 [b88b3e43-5534-49b3-b3f2-a9f154b450de@group-2FABE92B7E5B-LeaderElection333] INFO  impl.RoleInfo (RoleInfo.java:updateAndGet(143)) - b88b3e43-5534-49b3-b3f2-a9f154b450de: start FollowerState
2019-10-21 23:47:04,752 [Thread-2409] INFO  impl.FollowerState (FollowerState.java:run(108)) - b88b3e43-5534-49b3-b3f2-a9f154b450de@group-2FABE92B7E5B-FollowerState: change to CANDIDATE, lastRpcTime:59ms, electionTimeout:59ms
2019-10-21 23:47:04,752 [Thread-2409] INFO  impl.RoleInfo (RoleInfo.java:shutdownFollowerState(121)) - b88b3e43-5534-49b3-b3f2-a9f154b450de: shutdown FollowerState
2019-10-21 23:47:04,752 [Thread-2409] INFO  impl.RaftServerImpl (RaftServerImpl.java:setRole(184)) - b88b3e43-5534-49b3-b3f2-a9f154b450de@group-2FABE92B7E5B: changes role from  FOLLOWER to CANDIDATE at term 354 for changeToCandidate
2019-10-21 23:47:04,752 [Thread-2409] INFO  impl.RoleInfo (RoleInfo.java:updateAndGet(143)) - b88b3e43-5534-49b3-b3f2-a9f154b450de: start LeaderElection
2019-10-21 23:47:04,778 [b88b3e43-5534-49b3-b3f2-a9f154b450de@group-2FABE92B7E5B-LeaderElection334] INFO  impl.LeaderElection (LeaderElection.java:askForVotes(178)) - b88b3e43-5534-49b3-b3f2-a9f154b450de@group-2FABE92B7E5B-LeaderElection334: begin an election at term 355 for -1: [c58a0a02-acd3-47c8-b3e9-5b8e0493de45:192.168.157.254:33611, 1360619e-ba1e-4bf9-aec1-9f15b5480b27:192.168.157.254:45658, b88b3e43-5534-49b3-b3f2-a9f154b450de:192.168.157.254:46786], old=null
2019-10-21 23:47:04,780 [grpc-default-executor-1] INFO  impl.RaftServerImpl (RaftServerImpl.java:setRole(184)) - c58a0a02-acd3-47c8-b3e9-5b8e0493de45@group-2FABE92B7E5B: changes role from  FOLLOWER to FOLLOWER at term 355 for recognizeCandidate:b88b3e43-5534-49b3-b3f2-a9f154b450de
2019-10-21 23:47:04,780 [grpc-default-executor-2] INFO  impl.RaftServerImpl (RaftServerImpl.java:setRole(184)) - 1360619e-ba1e-4bf9-aec1-9f15b5480b27@group-2FABE92B7E5B: changes role from  FOLLOWER to FOLLOWER at term 355 for recognizeCandidate:b88b3e43-5534-49b3-b3f2-a9f154b450de
2019-10-21 23:47:04,780 [grpc-default-executor-1] INFO  impl.RoleInfo (RoleInfo.java:shutdownFollowerState(121)) - c58a0a02-acd3-47c8-b3e9-5b8e0493de45: shutdown FollowerState
2019-10-21 23:47:04,780 [grpc-default-executor-2] INFO  impl.RoleInfo (RoleInfo.java:shutdownFollowerState(121)) - 1360619e-ba1e-4bf9-aec1-9f15b5480b27: shutdown FollowerState
2019-10-21 23:47:04,781 [Thread-2407] INFO  impl.FollowerState (FollowerState.java:run(117)) - c58a0a02-acd3-47c8-b3e9-5b8e0493de45@group-2FABE92B7E5B-FollowerState was interrupted: java.lang.InterruptedException: sleep interrupted
2019-10-21 23:47:04,781 [Thread-2408] INFO  impl.FollowerState (FollowerState.java:run(117)) - 1360619e-ba1e-4bf9-aec1-9f15b5480b27@group-2FABE92B7E5B-FollowerState was interrupted: java.lang.InterruptedException: sleep interrupted
2019-10-21 23:47:04,781 [grpc-default-executor-1] INFO  impl.RoleInfo (RoleInfo.java:updateAndGet(143)) - c58a0a02-acd3-47c8-b3e9-5b8e0493de45: start FollowerState
2019-10-21 23:47:04,781 [grpc-default-executor-2] INFO  impl.RoleInfo (RoleInfo.java:updateAndGet(143)) - 1360619e-ba1e-4bf9-aec1-9f15b5480b27: start FollowerState
2019-10-21 23:47:04,795 [b88b3e43-5534-49b3-b3f2-a9f154b450de@group-2FABE92B7E5B-LeaderElection334] INFO  impl.LeaderElection (LeaderElection.java:logAndReturn(56)) - b88b3e43-5534-49b3-b3f2-a9f154b450de@group-2FABE92B7E5B-LeaderElection334: Election REJECTED; received 2 response(s) [b88b3e43-5534-49b3-b3f2-a9f154b450de<-c58a0a02-acd3-47c8-b3e9-5b8e0493de45#0:FAIL-t355, b88b3e43-5534-49b3-b3f2-a9f154b450de<-1360619e-ba1e-4bf9-aec1-9f15b5480b27#0:FAIL-t355] and 0 exception(s); b88b3e43-5534-49b3-b3f2-a9f154b450de@group-2FABE92B7E5B:t355, leader=null, voted=b88b3e43-5534-49b3-b3f2-a9f154b450de, raftlog=b88b3e43-5534-49b3-b3f2-a9f154b450de@group-2FABE92B7E5B-SegmentedRaftLog:OPENED:c-1,f-1,i0, conf=-1: [c58a0a02-acd3-47c8-b3e9-5b8e0493de45:192.168.157.254:33611, 1360619e-ba1e-4bf9-aec1-9f15b5480b27:192.168.157.254:45658, b88b3e43-5534-49b3-b3f2-a9f154b450de:192.168.157.254:46786], old=null
2019-10-21 23:47:04,796 [b88b3e43-5534-49b3-b3f2-a9f154b450de@group-2FABE92B7E5B-LeaderElection334] INFO  impl.RaftServerImpl (RaftServerImpl.java:setRole(184)) - b88b3e43-5534-49b3-b3f2-a9f154b450de@group-2FABE92B7E5B: changes role from CANDIDATE to FOLLOWER at term 355 for DISCOVERED_A_NEW_TERM
2019-10-21 23:47:04,796 [b88b3e43-5534-49b3-b3f2-a9f154b450de@group-2FABE92B7E5B-LeaderElection334] INFO  impl.RoleInfo (RoleInfo.java:shutdownLeaderElection(134)) - b88b3e43-5534-49b3-b3f2-a9f154b450de: shutdown LeaderElection
2019-10-21 23:47:04,796 [b88b3e43-5534-49b3-b3f2-a9f154b450de@group-2FABE92B7E5B-LeaderElection334] INFO  impl.RoleInfo (RoleInfo.java:updateAndGet(143)) - b88b3e43-5534-49b3-b3f2-a9f154b450de: start FollowerState
2019-10-21 23:47:04,818 [Thread-2415] INFO  impl.FollowerState (FollowerState.java:run(108)) - b88b3e43-5534-49b3-b3f2-a9f154b450de@group-2FABE92B7E5B-FollowerState: change to CANDIDATE, lastRpcTime:22ms, electionTimeout:22ms
2019-10-21 23:47:04,818 [Thread-2415] INFO  impl.RoleInfo (RoleInfo.java:shutdownFollowerState(121)) - b88b3e43-5534-49b3-b3f2-a9f154b450de: shutdown FollowerState
2019-10-21 23:47:04,818 [Thread-2415] INFO  impl.RaftServerImpl (RaftServerImpl.java:setRole(184)) - b88b3e43-5534-49b3-b3f2-a9f154b450de@group-2FABE92B7E5B: changes role from  FOLLOWER to CANDIDATE at term 355 for changeToCandidate
2019-10-21 23:47:04,819 [Thread-2415] INFO  impl.RoleInfo (RoleInfo.java:updateAndGet(143)) - b88b3e43-5534-49b3-b3f2-a9f154b450de: start LeaderElection
2019-10-21 23:47:04,831 [b88b3e43-5534-49b3-b3f2-a9f154b450de@group-2FABE92B7E5B-LeaderElection335] INFO  impl.LeaderElection (LeaderElection.java:askForVotes(178)) - b88b3e43-5534-49b3-b3f2-a9f154b450de@group-2FABE92B7E5B-LeaderElection335: begin an election at term 356 for -1: [c58a0a02-acd3-47c8-b3e9-5b8e0493de45:192.168.157.254:33611, 1360619e-ba1e-4bf9-aec1-9f15b5480b27:192.168.157.254:45658, b88b3e43-5534-49b3-b3f2-a9f154b450de:192.168.157.254:46786], old=null
2019-10-21 23:47:04,833 [grpc-default-executor-1] INFO  impl.RaftServerImpl (RaftServerImpl.java:setRole(184)) - c58a0a02-acd3-47c8-b3e9-5b8e0493de45@group-2FABE92B7E5B: changes role from  FOLLOWER to FOLLOWER at term 356 for recognizeCandidate:b88b3e43-5534-49b3-b3f2-a9f154b450de
2019-10-21 23:47:04,833 [grpc-default-executor-2] INFO  impl.RaftServerImpl (RaftServerImpl.java:setRole(184)) - 1360619e-ba1e-4bf9-aec1-9f15b5480b27@group-2FABE92B7E5B: changes role from  FOLLOWER to FOLLOWER at term 356 for recognizeCandidate:b88b3e43-5534-49b3-b3f2-a9f154b450de
2019-10-21 23:47:04,833 [grpc-default-executor-1] INFO  impl.RoleInfo (RoleInfo.java:shutdownFollowerState(121)) - c58a0a02-acd3-47c8-b3e9-5b8e0493de45: shutdown FollowerState
2019-10-21 23:47:04,833 [grpc-default-executor-2] INFO  impl.RoleInfo (RoleInfo.java:shutdownFollowerState(121)) - 1360619e-ba1e-4bf9-aec1-9f15b5480b27: shutdown FollowerState
2019-10-21 23:47:04,834 [Thread-2413] INFO  impl.FollowerState (FollowerState.java:run(117)) - c58a0a02-acd3-47c8-b3e9-5b8e0493de45@group-2FABE92B7E5B-FollowerState was interrupted: java.lang.InterruptedException: sleep interrupted
2019-10-21 23:47:04,833 [grpc-default-executor-1] INFO  impl.RoleInfo (RoleInfo.java:updateAndGet(143)) - c58a0a02-acd3-47c8-b3e9-5b8e0493de45: start FollowerState
2019-10-21 23:47:04,834 [Thread-2414] INFO  impl.FollowerState (FollowerState.java:run(117)) - 1360619e-ba1e-4bf9-aec1-9f15b5480b27@group-2FABE92B7E5B-FollowerState was interrupted: java.lang.InterruptedException: sleep interrupted
2019-10-21 23:47:04,834 [grpc-default-executor-2] INFO  impl.RoleInfo (RoleInfo.java:updateAndGet(143)) - 1360619e-ba1e-4bf9-aec1-9f15b5480b27: start FollowerState
2019-10-21 23:47:04,848 [b88b3e43-5534-49b3-b3f2-a9f154b450de@group-2FABE92B7E5B-LeaderElection335] INFO  impl.LeaderElection (LeaderElection.java:logAndReturn(56)) - b88b3e43-5534-49b3-b3f2-a9f154b450de@group-2FABE92B7E5B-LeaderElection335: Election REJECTED; received 2 response(s) [b88b3e43-5534-49b3-b3f2-a9f154b450de<-c58a0a02-acd3-47c8-b3e9-5b8e0493de45#0:FAIL-t356, b88b3e43-5534-49b3-b3f2-a9f154b450de<-1360619e-ba1e-4bf9-aec1-9f15b5480b27#0:FAIL-t356] and 0 exception(s); b88b3e43-5534-49b3-b3f2-a9f154b450de@group-2FABE92B7E5B:t356, leader=null, voted=b88b3e43-5534-49b3-b3f2-a9f154b450de, raftlog=b88b3e43-5534-49b3-b3f2-a9f154b450de@group-2FABE92B7E5B-SegmentedRaftLog:OPENED:c-1,f-1,i0, conf=-1: [c58a0a02-acd3-47c8-b3e9-5b8e0493de45:192.168.157.254:33611, 1360619e-ba1e-4bf9-aec1-9f15b5480b27:192.168.157.254:45658, b88b3e43-5534-49b3-b3f2-a9f154b450de:192.168.157.254:46786], old=null
2019-10-21 23:47:04,848 [b88b3e43-5534-49b3-b3f2-a9f154b450de@group-2FABE92B7E5B-LeaderElection335] INFO  impl.RaftServerImpl (RaftServerImpl.java:setRole(184)) - b88b3e43-5534-49b3-b3f2-a9f154b450de@group-2FABE92B7E5B: changes role from CANDIDATE to FOLLOWER at term 356 for DISCOVERED_A_NEW_TERM
2019-10-21 23:47:04,848 [b88b3e43-5534-49b3-b3f2-a9f154b450de@group-2FABE92B7E5B-LeaderElection335] INFO  impl.RoleInfo (RoleInfo.java:shutdownLeaderElection(134)) - b88b3e43-5534-49b3-b3f2-a9f154b450de: shutdown LeaderElection
2019-10-21 23:47:04,848 [b88b3e43-5534-49b3-b3f2-a9f154b450de@group-2FABE92B7E5B-LeaderElection335] INFO  impl.RoleInfo (RoleInfo.java:updateAndGet(143)) - b88b3e43-5534-49b3-b3f2-a9f154b450de: start FollowerState
2019-10-21 23:47:05,029 [Thread-2421] INFO  impl.FollowerState (FollowerState.java:run(108)) - b88b3e43-5534-49b3-b3f2-a9f154b450de@group-2FABE92B7E5B-FollowerState: change to CANDIDATE, lastRpcTime:181ms, electionTimeout:181ms
2019-10-21 23:47:05,030 [Thread-2421] INFO  impl.RoleInfo (RoleInfo.java:shutdownFollowerState(121)) - b88b3e43-5534-49b3-b3f2-a9f154b450de: shutdown FollowerState
2019-10-21 23:47:05,030 [Thread-2421] INFO  impl.RaftServerImpl (RaftServerImpl.java:setRole(184)) - b88b3e43-5534-49b3-b3f2-a9f154b450de@group-2FABE92B7E5B: changes role from  FOLLOWER to CANDIDATE at term 356 for changeToCandidate
2019-10-21 23:47:05,030 [Thread-2421] INFO  impl.RoleInfo (RoleInfo.java:updateAndGet(143)) - b88b3e43-5534-49b3-b3f2-a9f154b450de: start LeaderElection
2019-10-21 23:47:05,057 [b88b3e43-5534-49b3-b3f2-a9f154b450de@group-2FABE92B7E5B-LeaderElection336] INFO  impl.LeaderElection (LeaderElection.java:askForVotes(178)) - b88b3e43-5534-49b3-b3f2-a9f154b450de@group-2FABE92B7E5B-LeaderElection336: begin an election at term 357 for -1: [c58a0a02-acd3-47c8-b3e9-5b8e0493de45:192.168.157.254:33611, 1360619e-ba1e-4bf9-aec1-9f15b5480b27:192.168.157.254:45658, b88b3e43-5534-49b3-b3f2-a9f154b450de:192.168.157.254:46786], old=null
2019-10-21 23:47:05,059 [grpc-default-executor-2] INFO  impl.RaftServerImpl (RaftServerImpl.java:setRole(184)) - 1360619e-ba1e-4bf9-aec1-9f15b5480b27@group-2FABE92B7E5B: changes role from  FOLLOWER to FOLLOWER at term 357 for recognizeCandidate:b88b3e43-5534-49b3-b3f2-a9f154b450de
2019-10-21 23:47:05,059 [grpc-default-executor-1] INFO  impl.RaftServerImpl (RaftServerImpl.java:setRole(184)) - c58a0a02-acd3-47c8-b3e9-5b8e0493de45@group-2FABE92B7E5B: changes role from  FOLLOWER to FOLLOWER at term 357 for recognizeCandidate:b88b3e43-5534-49b3-b3f2-a9f154b450de
2019-10-21 23:47:05,059 [grpc-default-executor-2] INFO  impl.RoleInfo (RoleInfo.java:shutdownFollowerState(121)) - 1360619e-ba1e-4bf9-aec1-9f15b5480b27: shutdown FollowerState
2019-10-21 23:47:05,059 [grpc-default-executor-1] INFO  impl.RoleInfo (RoleInfo.java:shutdownFollowerState(121)) - c58a0a02-acd3-47c8-b3e9-5b8e0493de45: shutdown FollowerState
2019-10-21 23:47:05,060 [Thread-2420] INFO  impl.FollowerState (FollowerState.java:run(117)) - 1360619e-ba1e-4bf9-aec1-9f15b5480b27@group-2FABE92B7E5B-FollowerState was interrupted: java.lang.InterruptedException: sleep interrupted
2019-10-21 23:47:05,060 [grpc-default-executor-2] INFO  impl.RoleInfo (RoleInfo.java:updateAndGet(143)) - 1360619e-ba1e-4bf9-aec1-9f15b5480b27: start FollowerState
2019-10-21 23:47:05,060 [Thread-2419] INFO  impl.FollowerState (FollowerState.java:run(117)) - c58a0a02-acd3-47c8-b3e9-5b8e0493de45@group-2FABE92B7E5B-FollowerState was interrupted: java.lang.InterruptedException: sleep interrupted
2019-10-21 23:47:05,060 [grpc-default-executor-1] INFO  impl.RoleInfo (RoleInfo.java:updateAndGet(143)) - c58a0a02-acd3-47c8-b3e9-5b8e0493de45: start FollowerState
2019-10-21 23:47:05,076 [b88b3e43-5534-49b3-b3f2-a9f154b450de@group-2FABE92B7E5B-LeaderElection336] INFO  impl.LeaderElection (LeaderElection.java:logAndReturn(56)) - b88b3e43-5534-49b3-b3f2-a9f154b450de@group-2FABE92B7E5B-LeaderElection336: Election REJECTED; received 2 response(s) [b88b3e43-5534-49b3-b3f2-a9f154b450de<-c58a0a02-acd3-47c8-b3e9-5b8e0493de45#0:FAIL-t357, b88b3e43-5534-49b3-b3f2-a9f154b450de<-1360619e-ba1e-4bf9-aec1-9f15b5480b27#0:FAIL-t357] and 0 exception(s); b88b3e43-5534-49b3-b3f2-a9f154b450de@group-2FABE92B7E5B:t357, leader=null, voted=b88b3e43-5534-49b3-b3f2-a9f154b450de, raftlog=b88b3e43-5534-49b3-b3f2-a9f154b450de@group-2FABE92B7E5B-SegmentedRaftLog:OPENED:c-1,f-1,i0, conf=-1: [c58a0a02-acd3-47c8-b3e9-5b8e0493de45:192.168.157.254:33611, 1360619e-ba1e-4bf9-aec1-9f15b5480b27:192.168.157.254:45658, b88b3e43-5534-49b3-b3f2-a9f154b450de:192.168.157.254:46786], old=null
2019-10-21 23:47:05,076 [b88b3e43-5534-49b3-b3f2-a9f154b450de@group-2FABE92B7E5B-LeaderElection336] INFO  impl.RaftServerImpl (RaftServerImpl.java:setRole(184)) - b88b3e43-5534-49b3-b3f2-a9f154b450de@group-2FABE92B7E5B: changes role from CANDIDATE to FOLLOWER at term 357 for DISCOVERED_A_NEW_TERM
2019-10-21 23:47:05,076 [b88b3e43-5534-49b3-b3f2-a9f154b450de@group-2FABE92B7E5B-LeaderElection336] INFO  impl.RoleInfo (RoleInfo.java:shutdownLeaderElection(134)) - b88b3e43-5534-49b3-b3f2-a9f154b450de: shutdown LeaderElection
2019-10-21 23:47:05,076 [b88b3e43-5534-49b3-b3f2-a9f154b450de@group-2FABE92B7E5B-LeaderElection336] INFO  impl.RoleInfo (RoleInfo.java:updateAndGet(143)) - b88b3e43-5534-49b3-b3f2-a9f154b450de: start FollowerState
2019-10-21 23:47:05,268 [Thread-2427] INFO  impl.FollowerState (FollowerState.java:run(108)) - b88b3e43-5534-49b3-b3f2-a9f154b450de@group-2FABE92B7E5B-FollowerState: change to CANDIDATE, lastRpcTime:191ms, electionTimeout:191ms
2019-10-21 23:47:05,268 [Thread-2427] INFO  impl.RoleInfo (RoleInfo.java:shutdownFollowerState(121)) - b88b3e43-5534-49b3-b3f2-a9f154b450de: shutdown FollowerState
2019-10-21 23:47:05,268 [Thread-2427] INFO  impl.RaftServerImpl (RaftServerImpl.java:setRole(184)) - b88b3e43-5534-49b3-b3f2-a9f154b450de@group-2FABE92B7E5B: changes role from  FOLLOWER to CANDIDATE at term 357 for changeToCandidate
2019-10-21 23:47:05,268 [Thread-2427] INFO  impl.RoleInfo (RoleInfo.java:updateAndGet(143)) - b88b3e43-5534-49b3-b3f2-a9f154b450de: start LeaderElection
2019-10-21 23:47:05,281 [b88b3e43-5534-49b3-b3f2-a9f154b450de@group-2FABE92B7E5B-LeaderElection337] INFO  impl.LeaderElection (LeaderElection.java:askForVotes(178)) - b88b3e43-5534-49b3-b3f2-a9f154b450de@group-2FABE92B7E5B-LeaderElection337: begin an election at term 358 for -1: [c58a0a02-acd3-47c8-b3e9-5b8e0493de45:192.168.157.254:33611, 1360619e-ba1e-4bf9-aec1-9f15b5480b27:192.168.157.254:45658, b88b3e43-5534-49b3-b3f2-a9f154b450de:192.168.157.254:46786], old=null
2019-10-21 23:47:05,283 [grpc-default-executor-1] INFO  impl.RaftServerImpl (RaftServerImpl.java:setRole(184)) - 1360619e-ba1e-4bf9-aec1-9f15b5480b27@group-2FABE92B7E5B: changes role from  FOLLOWER to FOLLOWER at term 358 for recognizeCandidate:b88b3e43-5534-49b3-b3f2-a9f154b450de
2019-10-21 23:47:05,283 [grpc-default-executor-2] INFO  impl.RaftServerImpl (RaftServerImpl.java:setRole(184)) - c58a0a02-acd3-47c8-b3e9-5b8e0493de45@group-2FABE92B7E5B: changes role from  FOLLOWER to FOLLOWER at term 358 for recognizeCandidate:b88b3e43-5534-49b3-b3f2-a9f154b450de
2019-10-21 23:47:05,283 [grpc-default-executor-1] INFO  impl.RoleInfo (RoleInfo.java:shutdownFollowerState(121)) - 1360619e-ba1e-4bf9-aec1-9f15b5480b27: shutdown FollowerState
2019-10-21 23:47:05,283 [grpc-default-executor-2] INFO  impl.RoleInfo (RoleInfo.java:shutdownFollowerState(121)) - c58a0a02-acd3-47c8-b3e9-5b8e0493de45: shutdown FollowerState
2019-10-21 23:47:05,283 [Thread-2425] INFO  impl.FollowerState (FollowerState.java:run(117)) - 1360619e-ba1e-4bf9-aec1-9f15b5480b27@group-2FABE92B7E5B-FollowerState was interrupted: java.lang.InterruptedException: sleep interrupted
2019-10-21 23:47:05,283 [grpc-default-executor-1] INFO  impl.RoleInfo (RoleInfo.java:updateAndGet(143)) - 1360619e-ba1e-4bf9-aec1-9f15b5480b27: start FollowerState
2019-10-21 23:47:05,283 [Thread-2426] INFO  impl.FollowerState (FollowerState.java:run(117)) - c58a0a02-acd3-47c8-b3e9-5b8e0493de45@group-2FABE92B7E5B-FollowerState was interrupted: java.lang.InterruptedException: sleep interrupted
2019-10-21 23:47:05,283 [grpc-default-executor-2] INFO  impl.RoleInfo (RoleInfo.java:updateAndGet(143)) - c58a0a02-acd3-47c8-b3e9-5b8e0493de45: start FollowerState
2019-10-21 23:47:05,304 [b88b3e43-5534-49b3-b3f2-a9f154b450de@group-2FABE92B7E5B-LeaderElection337] INFO  impl.LeaderElection (LeaderElection.java:logAndReturn(56)) - b88b3e43-5534-49b3-b3f2-a9f154b450de@group-2FABE92B7E5B-LeaderElection337: Election REJECTED; received 2 response(s) [b88b3e43-5534-49b3-b3f2-a9f154b450de<-c58a0a02-acd3-47c8-b3e9-5b8e0493de45#0:FAIL-t358, b88b3e43-5534-49b3-b3f2-a9f154b450de<-1360619e-ba1e-4bf9-aec1-9f15b5480b27#0:FAIL-t358] and 0 exception(s); b88b3e43-5534-49b3-b3f2-a9f154b450de@group-2FABE92B7E5B:t358, leader=null, voted=b88b3e43-5534-49b3-b3f2-a9f154b450de, raftlog=b88b3e43-5534-49b3-b3f2-a9f154b450de@group-2FABE92B7E5B-SegmentedRaftLog:OPENED:c-1,f-1,i0, conf=-1: [c58a0a02-acd3-47c8-b3e9-5b8e0493de45:192.168.157.254:33611, 1360619e-ba1e-4bf9-aec1-9f15b5480b27:192.168.157.254:45658, b88b3e43-5534-49b3-b3f2-a9f154b450de:192.168.157.254:46786], old=null
2019-10-21 23:47:05,304 [b88b3e43-5534-49b3-b3f2-a9f154b450de@group-2FABE92B7E5B-LeaderElection337] INFO  impl.RaftServerImpl (RaftServerImpl.java:setRole(184)) - b88b3e43-5534-49b3-b3f2-a9f154b450de@group-2FABE92B7E5B: changes role from CANDIDATE to FOLLOWER at term 358 for DISCOVERED_A_NEW_TERM
2019-10-21 23:47:05,304 [b88b3e43-5534-49b3-b3f2-a9f154b450de@group-2FABE92B7E5B-LeaderElection337] INFO  impl.RoleInfo (RoleInfo.java:shutdownLeaderElection(134)) - b88b3e43-5534-49b3-b3f2-a9f154b450de: shutdown LeaderElection
2019-10-21 23:47:05,304 [b88b3e43-5534-49b3-b3f2-a9f154b450de@group-2FABE92B7E5B-LeaderElection337] INFO  impl.RoleInfo (RoleInfo.java:updateAndGet(143)) - b88b3e43-5534-49b3-b3f2-a9f154b450de: start FollowerState
2019-10-21 23:47:05,373 [Thread-2433] INFO  impl.FollowerState (FollowerState.java:run(108)) - b88b3e43-5534-49b3-b3f2-a9f154b450de@group-2FABE92B7E5B-FollowerState: change to CANDIDATE, lastRpcTime:69ms, electionTimeout:69ms
2019-10-21 23:47:05,373 [Thread-2433] INFO  impl.RoleInfo (RoleInfo.java:shutdownFollowerState(121)) - b88b3e43-5534-49b3-b3f2-a9f154b450de: shutdown FollowerState
2019-10-21 23:47:05,374 [Thread-2433] INFO  impl.RaftServerImpl (RaftServerImpl.java:setRole(184)) - b88b3e43-5534-49b3-b3f2-a9f154b450de@group-2FABE92B7E5B: changes role from  FOLLOWER to CANDIDATE at term 358 for changeToCandidate
2019-10-21 23:47:05,374 [Thread-2433] INFO  impl.RoleInfo (RoleInfo.java:updateAndGet(143)) - b88b3e43-5534-49b3-b3f2-a9f154b450de: start LeaderElection
2019-10-21 23:47:05,387 [b88b3e43-5534-49b3-b3f2-a9f154b450de@group-2FABE92B7E5B-LeaderElection338] INFO  impl.LeaderElection (LeaderElection.java:askForVotes(178)) - b88b3e43-5534-49b3-b3f2-a9f154b450de@group-2FABE92B7E5B-LeaderElection338: begin an election at term 359 for -1: [c58a0a02-acd3-47c8-b3e9-5b8e0493de45:192.168.157.254:33611, 1360619e-ba1e-4bf9-aec1-9f15b5480b27:192.168.157.254:45658, b88b3e43-5534-49b3-b3f2-a9f154b450de:192.168.157.254:46786], old=null
2019-10-21 23:47:05,389 [grpc-default-executor-1] INFO  impl.RaftServerImpl (RaftServerImpl.java:setRole(184)) - c58a0a02-acd3-47c8-b3e9-5b8e0493de45@group-2FABE92B7E5B: changes role from  FOLLOWER to FOLLOWER at term 359 for recognizeCandidate:b88b3e43-5534-49b3-b3f2-a9f154b450de
2019-10-21 23:47:05,389 [grpc-default-executor-2] INFO  impl.RaftServerImpl (RaftServerImpl.java:setRole(184)) - 1360619e-ba1e-4bf9-aec1-9f15b5480b27@group-2FABE92B7E5B: changes role from  FOLLOWER to FOLLOWER at term 359 for recognizeCandidate:b88b3e43-5534-49b3-b3f2-a9f154b450de
2019-10-21 23:47:05,389 [grpc-default-executor-1] INFO  impl.RoleInfo (RoleInfo.java:shutdownFollowerState(121)) - c58a0a02-acd3-47c8-b3e9-5b8e0493de45: shutdown FollowerState
2019-10-21 23:47:05,389 [grpc-default-executor-2] INFO  impl.RoleInfo (RoleInfo.java:shutdownFollowerState(121)) - 1360619e-ba1e-4bf9-aec1-9f15b5480b27: shutdown FollowerState
2019-10-21 23:47:05,389 [grpc-default-executor-1] INFO  impl.RoleInfo (RoleInfo.java:updateAndGet(143)) - c58a0a02-acd3-47c8-b3e9-5b8e0493de45: start FollowerState
2019-10-21 23:47:05,390 [Thread-2432] INFO  impl.FollowerState (FollowerState.java:run(117)) - c58a0a02-acd3-47c8-b3e9-5b8e0493de45@group-2FABE92B7E5B-FollowerState was interrupted: java.lang.InterruptedException: sleep interrupted
2019-10-21 23:47:05,390 [grpc-default-executor-2] INFO  impl.RoleInfo (RoleInfo.java:updateAndGet(143)) - 1360619e-ba1e-4bf9-aec1-9f15b5480b27: start FollowerState
2019-10-21 23:47:05,390 [Thread-2431] INFO  impl.FollowerState (FollowerState.java:run(117)) - 1360619e-ba1e-4bf9-aec1-9f15b5480b27@group-2FABE92B7E5B-FollowerState was interrupted: java.lang.InterruptedException: sleep interrupted
2019-10-21 23:47:05,416 [b88b3e43-5534-49b3-b3f2-a9f154b450de@group-2FABE92B7E5B-LeaderElection338] INFO  impl.LeaderElection (LeaderElection.java:logAndReturn(56)) - b88b3e43-5534-49b3-b3f2-a9f154b450de@group-2FABE92B7E5B-LeaderElection338: Election REJECTED; received 2 response(s) [b88b3e43-5534-49b3-b3f2-a9f154b450de<-c58a0a02-acd3-47c8-b3e9-5b8e0493de45#0:FAIL-t359, b88b3e43-5534-49b3-b3f2-a9f154b450de<-1360619e-ba1e-4bf9-aec1-9f15b5480b27#0:FAIL-t359] and 0 exception(s); b88b3e43-5534-49b3-b3f2-a9f154b450de@group-2FABE92B7E5B:t359, leader=null, voted=b88b3e43-5534-49b3-b3f2-a9f154b450de, raftlog=b88b3e43-5534-49b3-b3f2-a9f154b450de@group-2FABE92B7E5B-SegmentedRaftLog:OPENED:c-1,f-1,i0, conf=-1: [c58a0a02-acd3-47c8-b3e9-5b8e0493de45:192.168.157.254:33611, 1360619e-ba1e-4bf9-aec1-9f15b5480b27:192.168.157.254:45658, b88b3e43-5534-49b3-b3f2-a9f154b450de:192.168.157.254:46786], old=null
2019-10-21 23:47:05,417 [b88b3e43-5534-49b3-b3f2-a9f154b450de@group-2FABE92B7E5B-LeaderElection338] INFO  impl.RaftServerImpl (RaftServerImpl.java:setRole(184)) - b88b3e43-5534-49b3-b3f2-a9f154b450de@group-2FABE92B7E5B: changes role from CANDIDATE to FOLLOWER at term 359 for DISCOVERED_A_NEW_TERM
2019-10-21 23:47:05,417 [b88b3e43-5534-49b3-b3f2-a9f154b450de@group-2FABE92B7E5B-LeaderElection338] INFO  impl.RoleInfo (RoleInfo.java:shutdownLeaderElection(134)) - b88b3e43-5534-49b3-b3f2-a9f154b450de: shutdown LeaderElection
2019-10-21 23:47:05,417 [b88b3e43-5534-49b3-b3f2-a9f154b450de@group-2FABE92B7E5B-LeaderElection338] INFO  impl.RoleInfo (RoleInfo.java:updateAndGet(143)) - b88b3e43-5534-49b3-b3f2-a9f154b450de: start FollowerState
2019-10-21 23:47:05,459 [Thread-2441] INFO  impl.FollowerState (FollowerState.java:run(108)) - b88b3e43-5534-49b3-b3f2-a9f154b450de@group-2FABE92B7E5B-FollowerState: change to CANDIDATE, lastRpcTime:42ms, electionTimeout:42ms
2019-10-21 23:47:05,459 [Thread-2441] INFO  impl.RoleInfo (RoleInfo.java:shutdownFollowerState(121)) - b88b3e43-5534-49b3-b3f2-a9f154b450de: shutdown FollowerState
2019-10-21 23:47:05,459 [Thread-2441] INFO  impl.RaftServerImpl (RaftServerImpl.java:setRole(184)) - b88b3e43-5534-49b3-b3f2-a9f154b450de@group-2FABE92B7E5B: changes role from  FOLLOWER to CANDIDATE at term 359 for changeToCandidate
2019-10-21 23:47:05,460 [Thread-2441] INFO  impl.RoleInfo (RoleInfo.java:updateAndGet(143)) - b88b3e43-5534-49b3-b3f2-a9f154b450de: start LeaderElection
2019-10-21 23:47:05,493 [b88b3e43-5534-49b3-b3f2-a9f154b450de@group-2FABE92B7E5B-LeaderElection339] INFO  impl.LeaderElection (LeaderElection.java:askForVotes(178)) - b88b3e43-5534-49b3-b3f2-a9f154b450de@group-2FABE92B7E5B-LeaderElection339: begin an election at term 360 for -1: [c58a0a02-acd3-47c8-b3e9-5b8e0493de45:192.168.157.254:33611, 1360619e-ba1e-4bf9-aec1-9f15b5480b27:192.168.157.254:45658, b88b3e43-5534-49b3-b3f2-a9f154b450de:192.168.157.254:46786], old=null
2019-10-21 23:47:05,495 [grpc-default-executor-1] INFO  impl.RaftServerImpl (RaftServerImpl.java:setRole(184)) - c58a0a02-acd3-47c8-b3e9-5b8e0493de45@group-2FABE92B7E5B: changes role from  FOLLOWER to FOLLOWER at term 360 for recognizeCandidate:b88b3e43-5534-49b3-b3f2-a9f154b450de
2019-10-21 23:47:05,495 [grpc-default-executor-1] INFO  impl.RoleInfo (RoleInfo.java:shutdownFollowerState(121)) - c58a0a02-acd3-47c8-b3e9-5b8e0493de45: shutdown FollowerState
2019-10-21 23:47:05,495 [grpc-default-executor-2] INFO  impl.RaftServerImpl (RaftServerImpl.java:setRole(184)) - 1360619e-ba1e-4bf9-aec1-9f15b5480b27@group-2FABE92B7E5B: changes role from  FOLLOWER to FOLLOWER at term 360 for recognizeCandidate:b88b3e43-5534-49b3-b3f2-a9f154b450de
2019-10-21 23:47:05,495 [Thread-2439] INFO  impl.FollowerState (FollowerState.java:run(117)) - c58a0a02-acd3-47c8-b3e9-5b8e0493de45@group-2FABE92B7E5B-FollowerState was interrupted: java.lang.InterruptedException: sleep interrupted
2019-10-21 23:47:05,495 [grpc-default-executor-1] INFO  impl.RoleInfo (RoleInfo.java:updateAndGet(143)) - c58a0a02-acd3-47c8-b3e9-5b8e0493de45: start FollowerState
2019-10-21 23:47:05,495 [grpc-default-executor-2] INFO  impl.RoleInfo (RoleInfo.java:shutdownFollowerState(121)) - 1360619e-ba1e-4bf9-aec1-9f15b5480b27: shutdown FollowerState
2019-10-21 23:47:05,496 [grpc-default-executor-2] INFO  impl.RoleInfo (RoleInfo.java:updateAndGet(143)) - 1360619e-ba1e-4bf9-aec1-9f15b5480b27: start FollowerState
2019-10-21 23:47:05,496 [Thread-2440] INFO  impl.FollowerState (FollowerState.java:run(117)) - 1360619e-ba1e-4bf9-aec1-9f15b5480b27@group-2FABE92B7E5B-FollowerState was interrupted: java.lang.InterruptedException: sleep interrupted
2019-10-21 23:47:05,510 [b88b3e43-5534-49b3-b3f2-a9f154b450de@group-2FABE92B7E5B-LeaderElection339] INFO  impl.LeaderElection (LeaderElection.java:logAndReturn(56)) - b88b3e43-5534-49b3-b3f2-a9f154b450de@group-2FABE92B7E5B-LeaderElection339: Election REJECTED; received 2 response(s) [b88b3e43-5534-49b3-b3f2-a9f154b450de<-c58a0a02-acd3-47c8-b3e9-5b8e0493de45#0:FAIL-t360, b88b3e43-5534-49b3-b3f2-a9f154b450de<-1360619e-ba1e-4bf9-aec1-9f15b5480b27#0:FAIL-t360] and 0 exception(s); b88b3e43-5534-49b3-b3f2-a9f154b450de@group-2FABE92B7E5B:t360, leader=null, voted=b88b3e43-5534-49b3-b3f2-a9f154b450de, raftlog=b88b3e43-5534-49b3-b3f2-a9f154b450de@group-2FABE92B7E5B-SegmentedRaftLog:OPENED:c-1,f-1,i0, conf=-1: [c58a0a02-acd3-47c8-b3e9-5b8e0493de45:192.168.157.254:33611, 1360619e-ba1e-4bf9-aec1-9f15b5480b27:192.168.157.254:45658, b88b3e43-5534-49b3-b3f2-a9f154b450de:192.168.157.254:46786], old=null
2019-10-21 23:47:05,510 [b88b3e43-5534-49b3-b3f2-a9f154b450de@group-2FABE92B7E5B-LeaderElection339] INFO  impl.RaftServerImpl (RaftServerImpl.java:setRole(184)) - b88b3e43-5534-49b3-b3f2-a9f154b450de@group-2FABE92B7E5B: changes role from CANDIDATE to FOLLOWER at term 360 for DISCOVERED_A_NEW_TERM
2019-10-21 23:47:05,510 [b88b3e43-5534-49b3-b3f2-a9f154b450de@group-2FABE92B7E5B-LeaderElection339] INFO  impl.RoleInfo (RoleInfo.java:shutdownLeaderElection(134)) - b88b3e43-5534-49b3-b3f2-a9f154b450de: shutdown LeaderElection
2019-10-21 23:47:05,510 [b88b3e43-5534-49b3-b3f2-a9f154b450de@group-2FABE92B7E5B-LeaderElection339] INFO  impl.RoleInfo (RoleInfo.java:updateAndGet(143)) - b88b3e43-5534-49b3-b3f2-a9f154b450de: start FollowerState
2019-10-21 23:47:05,543 [Thread-2447] INFO  impl.FollowerState (FollowerState.java:run(108)) - b88b3e43-5534-49b3-b3f2-a9f154b450de@group-2FABE92B7E5B-FollowerState: change to CANDIDATE, lastRpcTime:33ms, electionTimeout:33ms
2019-10-21 23:47:05,543 [Thread-2447] INFO  impl.RoleInfo (RoleInfo.java:shutdownFollowerState(121)) - b88b3e43-5534-49b3-b3f2-a9f154b450de: shutdown FollowerState
2019-10-21 23:47:05,543 [Thread-2447] INFO  impl.RaftServerImpl (RaftServerImpl.java:setRole(184)) - b88b3e43-5534-49b3-b3f2-a9f154b450de@group-2FABE92B7E5B: changes role from  FOLLOWER to CANDIDATE at term 360 for changeToCandidate
2019-10-21 23:47:05,543 [Thread-2447] INFO  impl.RoleInfo (RoleInfo.java:updateAndGet(143)) - b88b3e43-5534-49b3-b3f2-a9f154b450de: start LeaderElection
2019-10-21 23:47:05,560 [b88b3e43-5534-49b3-b3f2-a9f154b450de@group-2FABE92B7E5B-LeaderElection340] INFO  impl.LeaderElection (LeaderElection.java:askForVotes(178)) - b88b3e43-5534-49b3-b3f2-a9f154b450de@group-2FABE92B7E5B-LeaderElection340: begin an election at term 361 for -1: [c58a0a02-acd3-47c8-b3e9-5b8e0493de45:192.168.157.254:33611, 1360619e-ba1e-4bf9-aec1-9f15b5480b27:192.168.157.254:45658, b88b3e43-5534-49b3-b3f2-a9f154b450de:192.168.157.254:46786], old=null
2019-10-21 23:47:05,562 [grpc-default-executor-1] INFO  impl.RaftServerImpl (RaftServerImpl.java:setRole(184)) - c58a0a02-acd3-47c8-b3e9-5b8e0493de45@group-2FABE92B7E5B: changes role from  FOLLOWER to FOLLOWER at term 361 for recognizeCandidate:b88b3e43-5534-49b3-b3f2-a9f154b450de
2019-10-21 23:47:05,562 [grpc-default-executor-2] INFO  impl.RaftServerImpl (RaftServerImpl.java:setRole(184)) - 1360619e-ba1e-4bf9-aec1-9f15b5480b27@group-2FABE92B7E5B: changes role from  FOLLOWER to FOLLOWER at term 361 for recognizeCandidate:b88b3e43-5534-49b3-b3f2-a9f154b450de
2019-10-21 23:47:05,562 [grpc-default-executor-1] INFO  impl.RoleInfo (RoleInfo.java:shutdownFollowerState(121)) - c58a0a02-acd3-47c8-b3e9-5b8e0493de45: shutdown FollowerState
2019-10-21 23:47:05,562 [grpc-default-executor-2] INFO  impl.RoleInfo (RoleInfo.java:shutdownFollowerState(121)) - 1360619e-ba1e-4bf9-aec1-9f15b5480b27: shutdown FollowerState
2019-10-21 23:47:05,563 [Thread-2445] INFO  impl.FollowerState (FollowerState.java:run(117)) - c58a0a02-acd3-47c8-b3e9-5b8e0493de45@group-2FABE92B7E5B-FollowerState was interrupted: java.lang.InterruptedException: sleep interrupted
2019-10-21 23:47:05,563 [grpc-default-executor-1] INFO  impl.RoleInfo (RoleInfo.java:updateAndGet(143)) - c58a0a02-acd3-47c8-b3e9-5b8e0493de45: start FollowerState
2019-10-21 23:47:05,563 [Thread-2446] INFO  impl.FollowerState (FollowerState.java:run(117)) - 1360619e-ba1e-4bf9-aec1-9f15b5480b27@group-2FABE92B7E5B-FollowerState was interrupted: java.lang.InterruptedException: sleep interrupted
2019-10-21 23:47:05,563 [grpc-default-executor-2] INFO  impl.RoleInfo (RoleInfo.java:updateAndGet(143)) - 1360619e-ba1e-4bf9-aec1-9f15b5480b27: start FollowerState
2019-10-21 23:47:05,589 [b88b3e43-5534-49b3-b3f2-a9f154b450de@group-2FABE92B7E5B-LeaderElection340] INFO  impl.LeaderElection (LeaderElection.java:logAndReturn(56)) - b88b3e43-5534-49b3-b3f2-a9f154b450de@group-2FABE92B7E5B-LeaderElection340: Election REJECTED; received 2 response(s) [b88b3e43-5534-49b3-b3f2-a9f154b450de<-c58a0a02-acd3-47c8-b3e9-5b8e0493de45#0:FAIL-t361, b88b3e43-5534-49b3-b3f2-a9f154b450de<-1360619e-ba1e-4bf9-aec1-9f15b5480b27#0:FAIL-t361] and 0 exception(s); b88b3e43-5534-49b3-b3f2-a9f154b450de@group-2FABE92B7E5B:t361, leader=null, voted=b88b3e43-5534-49b3-b3f2-a9f154b450de, raftlog=b88b3e43-5534-49b3-b3f2-a9f154b450de@group-2FABE92B7E5B-SegmentedRaftLog:OPENED:c-1,f-1,i0, conf=-1: [c58a0a02-acd3-47c8-b3e9-5b8e0493de45:192.168.157.254:33611, 1360619e-ba1e-4bf9-aec1-9f15b5480b27:192.168.157.254:45658, b88b3e43-5534-49b3-b3f2-a9f154b450de:192.168.157.254:46786], old=null
2019-10-21 23:47:05,589 [b88b3e43-5534-49b3-b3f2-a9f154b450de@group-2FABE92B7E5B-LeaderElection340] INFO  impl.RaftServerImpl (RaftServerImpl.java:setRole(184)) - b88b3e43-5534-49b3-b3f2-a9f154b450de@group-2FABE92B7E5B: changes role from CANDIDATE to FOLLOWER at term 361 for DISCOVERED_A_NEW_TERM
2019-10-21 23:47:05,589 [b88b3e43-5534-49b3-b3f2-a9f154b450de@group-2FABE92B7E5B-LeaderElection340] INFO  impl.RoleInfo (RoleInfo.java:shutdownLeaderElection(134)) - b88b3e43-5534-49b3-b3f2-a9f154b450de: shutdown LeaderElection
2019-10-21 23:47:05,589 [b88b3e43-5534-49b3-b3f2-a9f154b450de@group-2FABE92B7E5B-LeaderElection340] INFO  impl.RoleInfo (RoleInfo.java:updateAndGet(143)) - b88b3e43-5534-49b3-b3f2-a9f154b450de: start FollowerState
2019-10-21 23:47:05,610 [Thread-2453] INFO  impl.FollowerState (FollowerState.java:run(108)) - b88b3e43-5534-49b3-b3f2-a9f154b450de@group-2FABE92B7E5B-FollowerState: change to CANDIDATE, lastRpcTime:20ms, electionTimeout:20ms
2019-10-21 23:47:05,610 [Thread-2453] INFO  impl.RoleInfo (RoleInfo.java:shutdownFollowerState(121)) - b88b3e43-5534-49b3-b3f2-a9f154b450de: shutdown FollowerState
2019-10-21 23:47:05,610 [Thread-2453] INFO  impl.RaftServerImpl (RaftServerImpl.java:setRole(184)) - b88b3e43-5534-49b3-b3f2-a9f154b450de@group-2FABE92B7E5B: changes role from  FOLLOWER to CANDIDATE at term 361 for changeToCandidate
2019-10-21 23:47:05,610 [Thread-2453] INFO  impl.RoleInfo (RoleInfo.java:updateAndGet(143)) - b88b3e43-5534-49b3-b3f2-a9f154b450de: start LeaderElection
2019-10-21 23:47:05,624 [b88b3e43-5534-49b3-b3f2-a9f154b450de@group-2FABE92B7E5B-LeaderElection341] INFO  impl.LeaderElection (LeaderElection.java:askForVotes(178)) - b88b3e43-5534-49b3-b3f2-a9f154b450de@group-2FABE92B7E5B-LeaderElection341: begin an election at term 362 for -1: [c58a0a02-acd3-47c8-b3e9-5b8e0493de45:192.168.157.254:33611, 1360619e-ba1e-4bf9-aec1-9f15b5480b27:192.168.157.254:45658, b88b3e43-5534-49b3-b3f2-a9f154b450de:192.168.157.254:46786], old=null
2019-10-21 23:47:05,625 [grpc-default-executor-1] INFO  impl.RaftServerImpl (RaftServerImpl.java:setRole(184)) - 1360619e-ba1e-4bf9-aec1-9f15b5480b27@group-2FABE92B7E5B: changes role from  FOLLOWER to FOLLOWER at term 362 for recognizeCandidate:b88b3e43-5534-49b3-b3f2-a9f154b450de
2019-10-21 23:47:05,625 [grpc-default-executor-2] INFO  impl.RaftServerImpl (RaftServerImpl.java:setRole(184)) - c58a0a02-acd3-47c8-b3e9-5b8e0493de45@group-2FABE92B7E5B: changes role from  FOLLOWER to FOLLOWER at term 362 for recognizeCandidate:b88b3e43-5534-49b3-b3f2-a9f154b450de
2019-10-21 23:47:05,625 [grpc-default-executor-1] INFO  impl.RoleInfo (RoleInfo.java:shutdownFollowerState(121)) - 1360619e-ba1e-4bf9-aec1-9f15b5480b27: shutdown FollowerState
2019-10-21 23:47:05,626 [grpc-default-executor-2] INFO  impl.RoleInfo (RoleInfo.java:shutdownFollowerState(121)) - c58a0a02-acd3-47c8-b3e9-5b8e0493de45: shutdown FollowerState
2019-10-21 23:47:05,626 [Thread-2452] INFO  impl.FollowerState (FollowerState.java:run(117)) - 1360619e-ba1e-4bf9-aec1-9f15b5480b27@group-2FABE92B7E5B-FollowerState was interrupted: java.lang.InterruptedException: sleep interrupted
2019-10-21 23:47:05,626 [grpc-default-executor-1] INFO  impl.RoleInfo (RoleInfo.java:updateAndGet(143)) - 1360619e-ba1e-4bf9-aec1-9f15b5480b27: start FollowerState
2019-10-21 23:47:05,626 [Thread-2451] INFO  impl.FollowerState (FollowerState.java:run(117)) - c58a0a02-acd3-47c8-b3e9-5b8e0493de45@group-2FABE92B7E5B-FollowerState was interrupted: java.lang.InterruptedException: sleep interrupted
2019-10-21 23:47:05,626 [grpc-default-executor-2] INFO  impl.RoleInfo (RoleInfo.java:updateAndGet(143)) - c58a0a02-acd3-47c8-b3e9-5b8e0493de45: start FollowerState
2019-10-21 23:47:05,652 [b88b3e43-5534-49b3-b3f2-a9f154b450de@group-2FABE92B7E5B-LeaderElection341] INFO  impl.LeaderElection (LeaderElection.java:logAndReturn(56)) - b88b3e43-5534-49b3-b3f2-a9f154b450de@group-2FABE92B7E5B-LeaderElection341: Election REJECTED; received 2 response(s) [b88b3e43-5534-49b3-b3f2-a9f154b450de<-c58a0a02-acd3-47c8-b3e9-5b8e0493de45#0:FAIL-t362, b88b3e43-5534-49b3-b3f2-a9f154b450de<-1360619e-ba1e-4bf9-aec1-9f15b5480b27#0:FAIL-t362] and 0 exception(s); b88b3e43-5534-49b3-b3f2-a9f154b450de@group-2FABE92B7E5B:t362, leader=null, voted=b88b3e43-5534-49b3-b3f2-a9f154b450de, raftlog=b88b3e43-5534-49b3-b3f2-a9f154b450de@group-2FABE92B7E5B-SegmentedRaftLog:OPENED:c-1,f-1,i0, conf=-1: [c58a0a02-acd3-47c8-b3e9-5b8e0493de45:192.168.157.254:33611, 1360619e-ba1e-4bf9-aec1-9f15b5480b27:192.168.157.254:45658, b88b3e43-5534-49b3-b3f2-a9f154b450de:192.168.157.254:46786], old=null
2019-10-21 23:47:05,652 [b88b3e43-5534-49b3-b3f2-a9f154b450de@group-2FABE92B7E5B-LeaderElection341] INFO  impl.RaftServerImpl (RaftServerImpl.java:setRole(184)) - b88b3e43-5534-49b3-b3f2-a9f154b450de@group-2FABE92B7E5B: changes role from CANDIDATE to FOLLOWER at term 362 for DISCOVERED_A_NEW_TERM
2019-10-21 23:47:05,652 [b88b3e43-5534-49b3-b3f2-a9f154b450de@group-2FABE92B7E5B-LeaderElection341] INFO  impl.RoleInfo (RoleInfo.java:shutdownLeaderElection(134)) - b88b3e43-5534-49b3-b3f2-a9f154b450de: shutdown LeaderElection
2019-10-21 23:47:05,652 [b88b3e43-5534-49b3-b3f2-a9f154b450de@group-2FABE92B7E5B-LeaderElection341] INFO  impl.RoleInfo (RoleInfo.java:updateAndGet(143)) - b88b3e43-5534-49b3-b3f2-a9f154b450de: start FollowerState
2019-10-21 23:47:05,679 [Thread-2459] INFO  impl.FollowerState (FollowerState.java:run(108)) - b88b3e43-5534-49b3-b3f2-a9f154b450de@group-2FABE92B7E5B-FollowerState: change to CANDIDATE, lastRpcTime:26ms, electionTimeout:26ms
2019-10-21 23:47:05,679 [Thread-2459] INFO  impl.RoleInfo (RoleInfo.java:shutdownFollowerState(121)) - b88b3e43-5534-49b3-b3f2-a9f154b450de: shutdown FollowerState
2019-10-21 23:47:05,679 [Thread-2459] INFO  impl.RaftServerImpl (RaftServerImpl.java:setRole(184)) - b88b3e43-5534-49b3-b3f2-a9f154b450de@group-2FABE92B7E5B: changes role from  FOLLOWER to CANDIDATE at term 362 for changeToCandidate
2019-10-21 23:47:05,679 [Thread-2459] INFO  impl.RoleInfo (RoleInfo.java:updateAndGet(143)) - b88b3e43-5534-49b3-b3f2-a9f154b450de: start LeaderElection
2019-10-21 23:47:05,692 [b88b3e43-5534-49b3-b3f2-a9f154b450de@group-2FABE92B7E5B-LeaderElection342] INFO  impl.LeaderElection (LeaderElection.java:askForVotes(178)) - b88b3e43-5534-49b3-b3f2-a9f154b450de@group-2FABE92B7E5B-LeaderElection342: begin an election at term 363 for -1: [c58a0a02-acd3-47c8-b3e9-5b8e0493de45:192.168.157.254:33611, 1360619e-ba1e-4bf9-aec1-9f15b5480b27:192.168.157.254:45658, b88b3e43-5534-49b3-b3f2-a9f154b450de:192.168.157.254:46786], old=null
2019-10-21 23:47:05,693 [grpc-default-executor-1] INFO  impl.RaftServerImpl (RaftServerImpl.java:setRole(184)) - c58a0a02-acd3-47c8-b3e9-5b8e0493de45@group-2FABE92B7E5B: changes role from  FOLLOWER to FOLLOWER at term 363 for recognizeCandidate:b88b3e43-5534-49b3-b3f2-a9f154b450de
2019-10-21 23:47:05,693 [grpc-default-executor-1] INFO  impl.RoleInfo (RoleInfo.java:shutdownFollowerState(121)) - c58a0a02-acd3-47c8-b3e9-5b8e0493de45: shutdown FollowerState
2019-10-21 23:47:05,693 [grpc-default-executor-2] INFO  impl.RaftServerImpl (RaftServerImpl.java:setRole(184)) - 1360619e-ba1e-4bf9-aec1-9f15b5480b27@group-2FABE92B7E5B: changes role from  FOLLOWER to FOLLOWER at term 363 for recognizeCandidate:b88b3e43-5534-49b3-b3f2-a9f154b450de
2019-10-21 23:47:05,694 [grpc-default-executor-2] INFO  impl.RoleInfo (RoleInfo.java:shutdownFollowerState(121)) - 1360619e-ba1e-4bf9-aec1-9f15b5480b27: shutdown FollowerState
2019-10-21 23:47:05,693 [grpc-default-executor-1] INFO  impl.RoleInfo (RoleInfo.java:updateAndGet(143)) - c58a0a02-acd3-47c8-b3e9-5b8e0493de45: start FollowerState
2019-10-21 23:47:05,693 [Thread-2458] INFO  impl.FollowerState (FollowerState.java:run(117)) - c58a0a02-acd3-47c8-b3e9-5b8e0493de45@group-2FABE92B7E5B-FollowerState was interrupted: java.lang.InterruptedException: sleep interrupted
2019-10-21 23:47:05,694 [grpc-default-executor-2] INFO  impl.RoleInfo (RoleInfo.java:updateAndGet(143)) - 1360619e-ba1e-4bf9-aec1-9f15b5480b27: start FollowerState
2019-10-21 23:47:05,694 [Thread-2457] INFO  impl.FollowerState (FollowerState.java:run(117)) - 1360619e-ba1e-4bf9-aec1-9f15b5480b27@group-2FABE92B7E5B-FollowerState was interrupted: java.lang.InterruptedException: sleep interrupted
2019-10-21 23:47:05,720 [b88b3e43-5534-49b3-b3f2-a9f154b450de@group-2FABE92B7E5B-LeaderElection342] INFO  impl.LeaderElection (LeaderElection.java:logAndReturn(56)) - b88b3e43-5534-49b3-b3f2-a9f154b450de@group-2FABE92B7E5B-LeaderElection342: Election REJECTED; received 2 response(s) [b88b3e43-5534-49b3-b3f2-a9f154b450de<-c58a0a02-acd3-47c8-b3e9-5b8e0493de45#0:FAIL-t363, b88b3e43-5534-49b3-b3f2-a9f154b450de<-1360619e-ba1e-4bf9-aec1-9f15b5480b27#0:FAIL-t363] and 0 exception(s); b88b3e43-5534-49b3-b3f2-a9f154b450de@group-2FABE92B7E5B:t363, leader=null, voted=b88b3e43-5534-49b3-b3f2-a9f154b450de, raftlog=b88b3e43-5534-49b3-b3f2-a9f154b450de@group-2FABE92B7E5B-SegmentedRaftLog:OPENED:c-1,f-1,i0, conf=-1: [c58a0a02-acd3-47c8-b3e9-5b8e0493de45:192.168.157.254:33611, 1360619e-ba1e-4bf9-aec1-9f15b5480b27:192.168.157.254:45658, b88b3e43-5534-49b3-b3f2-a9f154b450de:192.168.157.254:46786], old=null
2019-10-21 23:47:05,720 [b88b3e43-5534-49b3-b3f2-a9f154b450de@group-2FABE92B7E5B-LeaderElection342] INFO  impl.RaftServerImpl (RaftServerImpl.java:setRole(184)) - b88b3e43-5534-49b3-b3f2-a9f154b450de@group-2FABE92B7E5B: changes role from CANDIDATE to FOLLOWER at term 363 for DISCOVERED_A_NEW_TERM
2019-10-21 23:47:05,720 [b88b3e43-5534-49b3-b3f2-a9f154b450de@group-2FABE92B7E5B-LeaderElection342] INFO  impl.RoleInfo (RoleInfo.java:shutdownLeaderElection(134)) - b88b3e43-5534-49b3-b3f2-a9f154b450de: shutdown LeaderElection
2019-10-21 23:47:05,720 [b88b3e43-5534-49b3-b3f2-a9f154b450de@group-2FABE92B7E5B-LeaderElection342] INFO  impl.RoleInfo (RoleInfo.java:updateAndGet(143)) - b88b3e43-5534-49b3-b3f2-a9f154b450de: start FollowerState
2019-10-21 23:47:05,877 [Thread-2465] INFO  impl.FollowerState (FollowerState.java:run(108)) - b88b3e43-5534-49b3-b3f2-a9f154b450de@group-2FABE92B7E5B-FollowerState: change to CANDIDATE, lastRpcTime:157ms, electionTimeout:157ms
2019-10-21 23:47:05,877 [Thread-2465] INFO  impl.RoleInfo (RoleInfo.java:shutdownFollowerState(121)) - b88b3e43-5534-49b3-b3f2-a9f154b450de: shutdown FollowerState
2019-10-21 23:47:05,878 [Thread-2465] INFO  impl.RaftServerImpl (RaftServerImpl.java:setRole(184)) - b88b3e43-5534-49b3-b3f2-a9f154b450de@group-2FABE92B7E5B: changes role from  FOLLOWER to CANDIDATE at term 363 for changeToCandidate
2019-10-21 23:47:05,878 [Thread-2465] INFO  impl.RoleInfo (RoleInfo.java:updateAndGet(143)) - b88b3e43-5534-49b3-b3f2-a9f154b450de: start LeaderElection
2019-10-21 23:47:05,904 [b88b3e43-5534-49b3-b3f2-a9f154b450de@group-2FABE92B7E5B-LeaderElection343] INFO  impl.LeaderElection (LeaderElection.java:askForVotes(178)) - b88b3e43-5534-49b3-b3f2-a9f154b450de@group-2FABE92B7E5B-LeaderElection343: begin an election at term 364 for -1: [c58a0a02-acd3-47c8-b3e9-5b8e0493de45:192.168.157.254:33611, 1360619e-ba1e-4bf9-aec1-9f15b5480b27:192.168.157.254:45658, b88b3e43-5534-49b3-b3f2-a9f154b450de:192.168.157.254:46786], old=null
2019-10-21 23:47:05,905 [grpc-default-executor-2] INFO  impl.RaftServerImpl (RaftServerImpl.java:setRole(184)) - c58a0a02-acd3-47c8-b3e9-5b8e0493de45@group-2FABE92B7E5B: changes role from  FOLLOWER to FOLLOWER at term 364 for recognizeCandidate:b88b3e43-5534-49b3-b3f2-a9f154b450de
2019-10-21 23:47:05,905 [grpc-default-executor-1] INFO  impl.RaftServerImpl (RaftServerImpl.java:setRole(184)) - 1360619e-ba1e-4bf9-aec1-9f15b5480b27@group-2FABE92B7E5B: changes role from  FOLLOWER to FOLLOWER at term 364 for recognizeCandidate:b88b3e43-5534-49b3-b3f2-a9f154b450de
2019-10-21 23:47:05,906 [grpc-default-executor-2] INFO  impl.RoleInfo (RoleInfo.java:shutdownFollowerState(121)) - c58a0a02-acd3-47c8-b3e9-5b8e0493de45: shutdown FollowerState
2019-10-21 23:47:05,906 [grpc-default-executor-1] INFO  impl.RoleInfo (RoleInfo.java:shutdownFollowerState(121)) - 1360619e-ba1e-4bf9-aec1-9f15b5480b27: shutdown FollowerState
2019-10-21 23:47:05,906 [Thread-2463] INFO  impl.FollowerState (FollowerState.java:run(117)) - c58a0a02-acd3-47c8-b3e9-5b8e0493de45@group-2FABE92B7E5B-FollowerState was interrupted: java.lang.InterruptedException: sleep interrupted
2019-10-21 23:47:05,906 [grpc-default-executor-2] INFO  impl.RoleInfo (RoleInfo.java:updateAndGet(143)) - c58a0a02-acd3-47c8-b3e9-5b8e0493de45: start FollowerState
2019-10-21 23:47:05,906 [Thread-2464] INFO  impl.FollowerState (FollowerState.java:run(117)) - 1360619e-ba1e-4bf9-aec1-9f15b5480b27@group-2FABE92B7E5B-FollowerState was interrupted: java.lang.InterruptedException: sleep interrupted
2019-10-21 23:47:05,906 [grpc-default-executor-1] INFO  impl.RoleInfo (RoleInfo.java:updateAndGet(143)) - 1360619e-ba1e-4bf9-aec1-9f15b5480b27: start FollowerState
2019-10-21 23:47:05,913 [b88b3e43-5534-49b3-b3f2-a9f154b450de@group-2FABE92B7E5B-LeaderElection343] INFO  impl.LeaderElection (LeaderElection.java:logAndReturn(56)) - b88b3e43-5534-49b3-b3f2-a9f154b450de@group-2FABE92B7E5B-LeaderElection343: Election TIMEOUT; received 0 response(s) [] and 0 exception(s); b88b3e43-5534-49b3-b3f2-a9f154b450de@group-2FABE92B7E5B:t364, leader=null, voted=b88b3e43-5534-49b3-b3f2-a9f154b450de, raftlog=b88b3e43-5534-49b3-b3f2-a9f154b450de@group-2FABE92B7E5B-SegmentedRaftLog:OPENED:c-1,f-1,i0, conf=-1: [c58a0a02-acd3-47c8-b3e9-5b8e0493de45:192.168.157.254:33611, 1360619e-ba1e-4bf9-aec1-9f15b5480b27:192.168.157.254:45658, b88b3e43-5534-49b3-b3f2-a9f154b450de:192.168.157.254:46786], old=null
2019-10-21 23:47:05,920 [b88b3e43-5534-49b3-b3f2-a9f154b450de@group-2FABE92B7E5B-LeaderElection343] INFO  impl.LeaderElection (LeaderElection.java:askForVotes(178)) - b88b3e43-5534-49b3-b3f2-a9f154b450de@group-2FABE92B7E5B-LeaderElection343: begin an election at term 365 for -1: [c58a0a02-acd3-47c8-b3e9-5b8e0493de45:192.168.157.254:33611, 1360619e-ba1e-4bf9-aec1-9f15b5480b27:192.168.157.254:45658, b88b3e43-5534-49b3-b3f2-a9f154b450de:192.168.157.254:46786], old=null
2019-10-21 23:47:05,921 [grpc-default-executor-2] INFO  impl.RaftServerImpl (RaftServerImpl.java:setRole(184)) - c58a0a02-acd3-47c8-b3e9-5b8e0493de45@group-2FABE92B7E5B: changes role from  FOLLOWER to FOLLOWER at term 365 for recognizeCandidate:b88b3e43-5534-49b3-b3f2-a9f154b450de
2019-10-21 23:47:05,921 [grpc-default-executor-2] INFO  impl.RoleInfo (RoleInfo.java:shutdownFollowerState(121)) - c58a0a02-acd3-47c8-b3e9-5b8e0493de45: shutdown FollowerState
2019-10-21 23:47:05,922 [grpc-default-executor-2] INFO  impl.RoleInfo (RoleInfo.java:updateAndGet(143)) - c58a0a02-acd3-47c8-b3e9-5b8e0493de45: start FollowerState
2019-10-21 23:47:05,922 [Thread-2469] INFO  impl.FollowerState (FollowerState.java:run(117)) - c58a0a02-acd3-47c8-b3e9-5b8e0493de45@group-2FABE92B7E5B-FollowerState was interrupted: java.lang.InterruptedException: sleep interrupted
2019-10-21 23:47:05,922 [grpc-default-executor-1] INFO  impl.RaftServerImpl (RaftServerImpl.java:setRole(184)) - 1360619e-ba1e-4bf9-aec1-9f15b5480b27@group-2FABE92B7E5B: changes role from  FOLLOWER to FOLLOWER at term 365 for recognizeCandidate:b88b3e43-5534-49b3-b3f2-a9f154b450de
2019-10-21 23:47:05,922 [grpc-default-executor-1] INFO  impl.RoleInfo (RoleInfo.java:shutdownFollowerState(121)) - 1360619e-ba1e-4bf9-aec1-9f15b5480b27: shutdown FollowerState
2019-10-21 23:47:05,922 [grpc-default-executor-1] INFO  impl.RoleInfo (RoleInfo.java:updateAndGet(143)) - 1360619e-ba1e-4bf9-aec1-9f15b5480b27: start FollowerState
2019-10-21 23:47:05,922 [Thread-2470] INFO  impl.FollowerState (FollowerState.java:run(117)) - 1360619e-ba1e-4bf9-aec1-9f15b5480b27@group-2FABE92B7E5B-FollowerState was interrupted: java.lang.InterruptedException: sleep interrupted
2019-10-21 23:47:05,936 [b88b3e43-5534-49b3-b3f2-a9f154b450de@group-2FABE92B7E5B-LeaderElection343] INFO  impl.LeaderElection (LeaderElection.java:logAndReturn(56)) - b88b3e43-5534-49b3-b3f2-a9f154b450de@group-2FABE92B7E5B-LeaderElection343: Election REJECTED; received 2 response(s) [b88b3e43-5534-49b3-b3f2-a9f154b450de<-c58a0a02-acd3-47c8-b3e9-5b8e0493de45#0:FAIL-t365, b88b3e43-5534-49b3-b3f2-a9f154b450de<-1360619e-ba1e-4bf9-aec1-9f15b5480b27#0:FAIL-t365] and 0 exception(s); b88b3e43-5534-49b3-b3f2-a9f154b450de@group-2FABE92B7E5B:t365, leader=null, voted=b88b3e43-5534-49b3-b3f2-a9f154b450de, raftlog=b88b3e43-5534-49b3-b3f2-a9f154b450de@group-2FABE92B7E5B-SegmentedRaftLog:OPENED:c-1,f-1,i0, conf=-1: [c58a0a02-acd3-47c8-b3e9-5b8e0493de45:192.168.157.254:33611, 1360619e-ba1e-4bf9-aec1-9f15b5480b27:192.168.157.254:45658, b88b3e43-5534-49b3-b3f2-a9f154b450de:192.168.157.254:46786], old=null
2019-10-21 23:47:05,937 [b88b3e43-5534-49b3-b3f2-a9f154b450de@group-2FABE92B7E5B-LeaderElection343] INFO  impl.RaftServerImpl (RaftServerImpl.java:setRole(184)) - b88b3e43-5534-49b3-b3f2-a9f154b450de@group-2FABE92B7E5B: changes role from CANDIDATE to FOLLOWER at term 365 for DISCOVERED_A_NEW_TERM
2019-10-21 23:47:05,937 [b88b3e43-5534-49b3-b3f2-a9f154b450de@group-2FABE92B7E5B-LeaderElection343] INFO  impl.RoleInfo (RoleInfo.java:shutdownLeaderElection(134)) - b88b3e43-5534-49b3-b3f2-a9f154b450de: shutdown LeaderElection
2019-10-21 23:47:05,937 [b88b3e43-5534-49b3-b3f2-a9f154b450de@group-2FABE92B7E5B-LeaderElection343] INFO  impl.RoleInfo (RoleInfo.java:updateAndGet(143)) - b88b3e43-5534-49b3-b3f2-a9f154b450de: start FollowerState
2019-10-21 23:47:06,096 [Thread-2475] INFO  impl.FollowerState (FollowerState.java:run(108)) - b88b3e43-5534-49b3-b3f2-a9f154b450de@group-2FABE92B7E5B-FollowerState: change to CANDIDATE, lastRpcTime:159ms, electionTimeout:159ms
2019-10-21 23:47:06,096 [Thread-2475] INFO  impl.RoleInfo (RoleInfo.java:shutdownFollowerState(121)) - b88b3e43-5534-49b3-b3f2-a9f154b450de: shutdown FollowerState
2019-10-21 23:47:06,097 [Thread-2475] INFO  impl.RaftServerImpl (RaftServerImpl.java:setRole(184)) - b88b3e43-5534-49b3-b3f2-a9f154b450de@group-2FABE92B7E5B: changes role from  FOLLOWER to CANDIDATE at term 365 for changeToCandidate
2019-10-21 23:47:06,097 [Thread-2475] INFO  impl.RoleInfo (RoleInfo.java:updateAndGet(143)) - b88b3e43-5534-49b3-b3f2-a9f154b450de: start LeaderElection
2019-10-21 23:47:06,110 [b88b3e43-5534-49b3-b3f2-a9f154b450de@group-2FABE92B7E5B-LeaderElection344] INFO  impl.LeaderElection (LeaderElection.java:askForVotes(178)) - b88b3e43-5534-49b3-b3f2-a9f154b450de@group-2FABE92B7E5B-LeaderElection344: begin an election at term 366 for -1: [c58a0a02-acd3-47c8-b3e9-5b8e0493de45:192.168.157.254:33611, 1360619e-ba1e-4bf9-aec1-9f15b5480b27:192.168.157.254:45658, b88b3e43-5534-49b3-b3f2-a9f154b450de:192.168.157.254:46786], old=null
2019-10-21 23:47:06,112 [grpc-default-executor-1] INFO  impl.RaftServerImpl (RaftServerImpl.java:setRole(184)) - 1360619e-ba1e-4bf9-aec1-9f15b5480b27@group-2FABE92B7E5B: changes role from  FOLLOWER to FOLLOWER at term 366 for recognizeCandidate:b88b3e43-5534-49b3-b3f2-a9f154b450de
2019-10-21 23:47:06,112 [grpc-default-executor-2] INFO  impl.RaftServerImpl (RaftServerImpl.java:setRole(184)) - c58a0a02-acd3-47c8-b3e9-5b8e0493de45@group-2FABE92B7E5B: changes role from  FOLLOWER to FOLLOWER at term 366 for recognizeCandidate:b88b3e43-5534-49b3-b3f2-a9f154b450de
2019-10-21 23:47:06,112 [grpc-default-executor-1] INFO  impl.RoleInfo (RoleInfo.java:shutdownFollowerState(121)) - 1360619e-ba1e-4bf9-aec1-9f15b5480b27: shutdown FollowerState
2019-10-21 23:47:06,112 [grpc-default-executor-2] INFO  impl.RoleInfo (RoleInfo.java:shutdownFollowerState(121)) - c58a0a02-acd3-47c8-b3e9-5b8e0493de45: shutdown FollowerState
2019-10-21 23:47:06,112 [Thread-2474] INFO  impl.FollowerState (FollowerState.java:run(117)) - 1360619e-ba1e-4bf9-aec1-9f15b5480b27@group-2FABE92B7E5B-FollowerState was interrupted: java.lang.InterruptedException: sleep interrupted
2019-10-21 23:47:06,112 [grpc-default-executor-1] INFO  impl.RoleInfo (RoleInfo.java:updateAndGet(143)) - 1360619e-ba1e-4bf9-aec1-9f15b5480b27: start FollowerState
2019-10-21 23:47:06,113 [Thread-2473] INFO  impl.FollowerState (FollowerState.java:run(117)) - c58a0a02-acd3-47c8-b3e9-5b8e0493de45@group-2FABE92B7E5B-FollowerState was interrupted: java.lang.InterruptedException: sleep interrupted
2019-10-21 23:47:06,113 [grpc-default-executor-2] INFO  impl.RoleInfo (RoleInfo.java:updateAndGet(143)) - c58a0a02-acd3-47c8-b3e9-5b8e0493de45: start FollowerState
2019-10-21 23:47:06,142 [b88b3e43-5534-49b3-b3f2-a9f154b450de@group-2FABE92B7E5B-LeaderElection344] INFO  impl.LeaderElection (LeaderElection.java:logAndReturn(56)) - b88b3e43-5534-49b3-b3f2-a9f154b450de@group-2FABE92B7E5B-LeaderElection344: Election REJECTED; received 2 response(s) [b88b3e43-5534-49b3-b3f2-a9f154b450de<-c58a0a02-acd3-47c8-b3e9-5b8e0493de45#0:FAIL-t366, b88b3e43-5534-49b3-b3f2-a9f154b450de<-1360619e-ba1e-4bf9-aec1-9f15b5480b27#0:FAIL-t366] and 0 exception(s); b88b3e43-5534-49b3-b3f2-a9f154b450de@group-2FABE92B7E5B:t366, leader=null, voted=b88b3e43-5534-49b3-b3f2-a9f154b450de, raftlog=b88b3e43-5534-49b3-b3f2-a9f154b450de@group-2FABE92B7E5B-SegmentedRaftLog:OPENED:c-1,f-1,i0, conf=-1: [c58a0a02-acd3-47c8-b3e9-5b8e0493de45:192.168.157.254:33611, 1360619e-ba1e-4bf9-aec1-9f15b5480b27:192.168.157.254:45658, b88b3e43-5534-49b3-b3f2-a9f154b450de:192.168.157.254:46786], old=null
2019-10-21 23:47:06,142 [b88b3e43-5534-49b3-b3f2-a9f154b450de@group-2FABE92B7E5B-LeaderElection344] INFO  impl.RaftServerImpl (RaftServerImpl.java:setRole(184)) - b88b3e43-5534-49b3-b3f2-a9f154b450de@group-2FABE92B7E5B: changes role from CANDIDATE to FOLLOWER at term 366 for DISCOVERED_A_NEW_TERM
2019-10-21 23:47:06,142 [b88b3e43-5534-49b3-b3f2-a9f154b450de@group-2FABE92B7E5B-LeaderElection344] INFO  impl.RoleInfo (RoleInfo.java:shutdownLeaderElection(134)) - b88b3e43-5534-49b3-b3f2-a9f154b450de: shutdown LeaderElection
2019-10-21 23:47:06,142 [b88b3e43-5534-49b3-b3f2-a9f154b450de@group-2FABE92B7E5B-LeaderElection344] INFO  impl.RoleInfo (RoleInfo.java:updateAndGet(143)) - b88b3e43-5534-49b3-b3f2-a9f154b450de: start FollowerState
2019-10-21 23:47:06,173 [Thread-2481] INFO  impl.FollowerState (FollowerState.java:run(108)) - b88b3e43-5534-49b3-b3f2-a9f154b450de@group-2FABE92B7E5B-FollowerState: change to CANDIDATE, lastRpcTime:31ms, electionTimeout:31ms
2019-10-21 23:47:06,174 [Thread-2481] INFO  impl.RoleInfo (RoleInfo.java:shutdownFollowerState(121)) - b88b3e43-5534-49b3-b3f2-a9f154b450de: shutdown FollowerState
2019-10-21 23:47:06,174 [Thread-2481] INFO  impl.RaftServerImpl (RaftServerImpl.java:setRole(184)) - b88b3e43-5534-49b3-b3f2-a9f154b450de@group-2FABE92B7E5B: changes role from  FOLLOWER to CANDIDATE at term 366 for changeToCandidate
2019-10-21 23:47:06,174 [Thread-2481] INFO  impl.RoleInfo (RoleInfo.java:updateAndGet(143)) - b88b3e43-5534-49b3-b3f2-a9f154b450de: start LeaderElection
2019-10-21 23:47:06,187 [b88b3e43-5534-49b3-b3f2-a9f154b450de@group-2FABE92B7E5B-LeaderElection345] INFO  impl.LeaderElection (LeaderElection.java:askForVotes(178)) - b88b3e43-5534-49b3-b3f2-a9f154b450de@group-2FABE92B7E5B-LeaderElection345: begin an election at term 367 for -1: [c58a0a02-acd3-47c8-b3e9-5b8e0493de45:192.168.157.254:33611, 1360619e-ba1e-4bf9-aec1-9f15b5480b27:192.168.157.254:45658, b88b3e43-5534-49b3-b3f2-a9f154b450de:192.168.157.254:46786], old=null
2019-10-21 23:47:06,188 [grpc-default-executor-1] INFO  impl.RaftServerImpl (RaftServerImpl.java:setRole(184)) - c58a0a02-acd3-47c8-b3e9-5b8e0493de45@group-2FABE92B7E5B: changes role from  FOLLOWER to FOLLOWER at term 367 for recognizeCandidate:b88b3e43-5534-49b3-b3f2-a9f154b450de
2019-10-21 23:47:06,189 [grpc-default-executor-2] INFO  impl.RaftServerImpl (RaftServerImpl.java:setRole(184)) - 1360619e-ba1e-4bf9-aec1-9f15b5480b27@group-2FABE92B7E5B: changes role from  FOLLOWER to FOLLOWER at term 367 for recognizeCandidate:b88b3e43-5534-49b3-b3f2-a9f154b450de
2019-10-21 23:47:06,189 [grpc-default-executor-1] INFO  impl.RoleInfo (RoleInfo.java:shutdownFollowerState(121)) - c58a0a02-acd3-47c8-b3e9-5b8e0493de45: shutdown FollowerState
2019-10-21 23:47:06,189 [grpc-default-executor-2] INFO  impl.RoleInfo (RoleInfo.java:shutdownFollowerState(121)) - 1360619e-ba1e-4bf9-aec1-9f15b5480b27: shutdown FollowerState
2019-10-21 23:47:06,189 [Thread-2480] INFO  impl.FollowerState (FollowerState.java:run(117)) - c58a0a02-acd3-47c8-b3e9-5b8e0493de45@group-2FABE92B7E5B-FollowerState was interrupted: java.lang.InterruptedException: sleep interrupted
2019-10-21 23:47:06,189 [Thread-2479] INFO  impl.FollowerState (FollowerState.java:run(117)) - 1360619e-ba1e-4bf9-aec1-9f15b5480b27@group-2FABE92B7E5B-FollowerState was interrupted: java.lang.InterruptedException: sleep interrupted
2019-10-21 23:47:06,189 [grpc-default-executor-1] INFO  impl.RoleInfo (RoleInfo.java:updateAndGet(143)) - c58a0a02-acd3-47c8-b3e9-5b8e0493de45: start FollowerState
2019-10-21 23:47:06,189 [grpc-default-executor-2] INFO  impl.RoleInfo (RoleInfo.java:updateAndGet(143)) - 1360619e-ba1e-4bf9-aec1-9f15b5480b27: start FollowerState
2019-10-21 23:47:06,215 [b88b3e43-5534-49b3-b3f2-a9f154b450de@group-2FABE92B7E5B-LeaderElection345] INFO  impl.LeaderElection (LeaderElection.java:logAndReturn(56)) - b88b3e43-5534-49b3-b3f2-a9f154b450de@group-2FABE92B7E5B-LeaderElection345: Election REJECTED; received 2 response(s) [b88b3e43-5534-49b3-b3f2-a9f154b450de<-c58a0a02-acd3-47c8-b3e9-5b8e0493de45#0:FAIL-t367, b88b3e43-5534-49b3-b3f2-a9f154b450de<-1360619e-ba1e-4bf9-aec1-9f15b5480b27#0:FAIL-t367] and 0 exception(s); b88b3e43-5534-49b3-b3f2-a9f154b450de@group-2FABE92B7E5B:t367, leader=null, voted=b88b3e43-5534-49b3-b3f2-a9f154b450de, raftlog=b88b3e43-5534-49b3-b3f2-a9f154b450de@group-2FABE92B7E5B-SegmentedRaftLog:OPENED:c-1,f-1,i0, conf=-1: [c58a0a02-acd3-47c8-b3e9-5b8e0493de45:192.168.157.254:33611, 1360619e-ba1e-4bf9-aec1-9f15b5480b27:192.168.157.254:45658, b88b3e43-5534-49b3-b3f2-a9f154b450de:192.168.157.254:46786], old=null
2019-10-21 23:47:06,216 [b88b3e43-5534-49b3-b3f2-a9f154b450de@group-2FABE92B7E5B-LeaderElection345] INFO  impl.RaftServerImpl (RaftServerImpl.java:setRole(184)) - b88b3e43-5534-49b3-b3f2-a9f154b450de@group-2FABE92B7E5B: changes role from CANDIDATE to FOLLOWER at term 367 for DISCOVERED_A_NEW_TERM
2019-10-21 23:47:06,216 [b88b3e43-5534-49b3-b3f2-a9f154b450de@group-2FABE92B7E5B-LeaderElection345] INFO  impl.RoleInfo (RoleInfo.java:shutdownLeaderElection(134)) - b88b3e43-5534-49b3-b3f2-a9f154b450de: shutdown LeaderElection
2019-10-21 23:47:06,216 [b88b3e43-5534-49b3-b3f2-a9f154b450de@group-2FABE92B7E5B-LeaderElection345] INFO  impl.RoleInfo (RoleInfo.java:updateAndGet(143)) - b88b3e43-5534-49b3-b3f2-a9f154b450de: start FollowerState
2019-10-21 23:47:06,266 [Thread-2487] INFO  impl.FollowerState (FollowerState.java:run(108)) - b88b3e43-5534-49b3-b3f2-a9f154b450de@group-2FABE92B7E5B-FollowerState: change to CANDIDATE, lastRpcTime:50ms, electionTimeout:50ms
2019-10-21 23:47:06,266 [Thread-2487] INFO  impl.RoleInfo (RoleInfo.java:shutdownFollowerState(121)) - b88b3e43-5534-49b3-b3f2-a9f154b450de: shutdown FollowerState
2019-10-21 23:47:06,266 [Thread-2487] INFO  impl.RaftServerImpl (RaftServerImpl.java:setRole(184)) - b88b3e43-5534-49b3-b3f2-a9f154b450de@group-2FABE92B7E5B: changes role from  FOLLOWER to CANDIDATE at term 367 for changeToCandidate
2019-10-21 23:47:06,267 [Thread-2487] INFO  impl.RoleInfo (RoleInfo.java:updateAndGet(143)) - b88b3e43-5534-49b3-b3f2-a9f154b450de: start LeaderElection
2019-10-21 23:47:06,279 [b88b3e43-5534-49b3-b3f2-a9f154b450de@group-2FABE92B7E5B-LeaderElection346] INFO  impl.LeaderElection (LeaderElection.java:askForVotes(178)) - b88b3e43-5534-49b3-b3f2-a9f154b450de@group-2FABE92B7E5B-LeaderElection346: begin an election at term 368 for -1: [c58a0a02-acd3-47c8-b3e9-5b8e0493de45:192.168.157.254:33611, 1360619e-ba1e-4bf9-aec1-9f15b5480b27:192.168.157.254:45658, b88b3e43-5534-49b3-b3f2-a9f154b450de:192.168.157.254:46786], old=null
2019-10-21 23:47:06,281 [grpc-default-executor-2] INFO  impl.RaftServerImpl (RaftServerImpl.java:setRole(184)) - c58a0a02-acd3-47c8-b3e9-5b8e0493de45@group-2FABE92B7E5B: changes role from  FOLLOWER to FOLLOWER at term 368 for recognizeCandidate:b88b3e43-5534-49b3-b3f2-a9f154b450de
2019-10-21 23:47:06,281 [grpc-default-executor-1] INFO  impl.RaftServerImpl (RaftServerImpl.java:setRole(184)) - 1360619e-ba1e-4bf9-aec1-9f15b5480b27@group-2FABE92B7E5B: changes role from  FOLLOWER to FOLLOWER at term 368 for recognizeCandidate:b88b3e43-5534-49b3-b3f2-a9f154b450de
2019-10-21 23:47:06,281 [grpc-default-executor-2] INFO  impl.RoleInfo (RoleInfo.java:shutdownFollowerState(121)) - c58a0a02-acd3-47c8-b3e9-5b8e0493de45: shutdown FollowerState
2019-10-21 23:47:06,281 [grpc-default-executor-1] INFO  impl.RoleInfo (RoleInfo.java:shutdownFollowerState(121)) - 1360619e-ba1e-4bf9-aec1-9f15b5480b27: shutdown FollowerState
2019-10-21 23:47:06,281 [grpc-default-executor-2] INFO  impl.RoleInfo (RoleInfo.java:updateAndGet(143)) - c58a0a02-acd3-47c8-b3e9-5b8e0493de45: start FollowerState
2019-10-21 23:47:06,281 [Thread-2486] INFO  impl.FollowerState (FollowerState.java:run(117)) - 1360619e-ba1e-4bf9-aec1-9f15b5480b27@group-2FABE92B7E5B-FollowerState was interrupted: java.lang.InterruptedException: sleep interrupted
2019-10-21 23:47:06,281 [Thread-2485] INFO  impl.FollowerState (FollowerState.java:run(117)) - c58a0a02-acd3-47c8-b3e9-5b8e0493de45@group-2FABE92B7E5B-FollowerState was interrupted: java.lang.InterruptedException: sleep interrupted
2019-10-21 23:47:06,281 [grpc-default-executor-1] INFO  impl.RoleInfo (RoleInfo.java:updateAndGet(143)) - 1360619e-ba1e-4bf9-aec1-9f15b5480b27: start FollowerState
2019-10-21 23:47:06,307 [b88b3e43-5534-49b3-b3f2-a9f154b450de@group-2FABE92B7E5B-LeaderElection346] INFO  impl.LeaderElection (LeaderElection.java:logAndReturn(56)) - b88b3e43-5534-49b3-b3f2-a9f154b450de@group-2FABE92B7E5B-LeaderElection346: Election REJECTED; received 2 response(s) [b88b3e43-5534-49b3-b3f2-a9f154b450de<-c58a0a02-acd3-47c8-b3e9-5b8e0493de45#0:FAIL-t368, b88b3e43-5534-49b3-b3f2-a9f154b450de<-1360619e-ba1e-4bf9-aec1-9f15b5480b27#0:FAIL-t368] and 0 exception(s); b88b3e43-5534-49b3-b3f2-a9f154b450de@group-2FABE92B7E5B:t368, leader=null, voted=b88b3e43-5534-49b3-b3f2-a9f154b450de, raftlog=b88b3e43-5534-49b3-b3f2-a9f154b450de@group-2FABE92B7E5B-SegmentedRaftLog:OPENED:c-1,f-1,i0, conf=-1: [c58a0a02-acd3-47c8-b3e9-5b8e0493de45:192.168.157.254:33611, 1360619e-ba1e-4bf9-aec1-9f15b5480b27:192.168.157.254:45658, b88b3e43-5534-49b3-b3f2-a9f154b450de:192.168.157.254:46786], old=null
2019-10-21 23:47:06,307 [b88b3e43-5534-49b3-b3f2-a9f154b450de@group-2FABE92B7E5B-LeaderElection346] INFO  impl.RaftServerImpl (RaftServerImpl.java:setRole(184)) - b88b3e43-5534-49b3-b3f2-a9f154b450de@group-2FABE92B7E5B: changes role from CANDIDATE to FOLLOWER at term 368 for DISCOVERED_A_NEW_TERM
2019-10-21 23:47:06,307 [b88b3e43-5534-49b3-b3f2-a9f154b450de@group-2FABE92B7E5B-LeaderElection346] INFO  impl.RoleInfo (RoleInfo.java:shutdownLeaderElection(134)) - b88b3e43-5534-49b3-b3f2-a9f154b450de: shutdown LeaderElection
2019-10-21 23:47:06,307 [b88b3e43-5534-49b3-b3f2-a9f154b450de@group-2FABE92B7E5B-LeaderElection346] INFO  impl.RoleInfo (RoleInfo.java:updateAndGet(143)) - b88b3e43-5534-49b3-b3f2-a9f154b450de: start FollowerState
2019-10-21 23:47:06,344 [Thread-2493] INFO  impl.FollowerState (FollowerState.java:run(108)) - b88b3e43-5534-49b3-b3f2-a9f154b450de@group-2FABE92B7E5B-FollowerState: change to CANDIDATE, lastRpcTime:37ms, electionTimeout:37ms
2019-10-21 23:47:06,344 [Thread-2493] INFO  impl.RoleInfo (RoleInfo.java:shutdownFollowerState(121)) - b88b3e43-5534-49b3-b3f2-a9f154b450de: shutdown FollowerState
2019-10-21 23:47:06,344 [Thread-2493] INFO  impl.RaftServerImpl (RaftServerImpl.java:setRole(184)) - b88b3e43-5534-49b3-b3f2-a9f154b450de@group-2FABE92B7E5B: changes role from  FOLLOWER to CANDIDATE at term 368 for changeToCandidate
2019-10-21 23:47:06,345 [Thread-2493] INFO  impl.RoleInfo (RoleInfo.java:updateAndGet(143)) - b88b3e43-5534-49b3-b3f2-a9f154b450de: start LeaderElection
2019-10-21 23:47:06,370 [b88b3e43-5534-49b3-b3f2-a9f154b450de@group-2FABE92B7E5B-LeaderElection347] INFO  impl.LeaderElection (LeaderElection.java:askForVotes(178)) - b88b3e43-5534-49b3-b3f2-a9f154b450de@group-2FABE92B7E5B-LeaderElection347: begin an election at term 369 for -1: [c58a0a02-acd3-47c8-b3e9-5b8e0493de45:192.168.157.254:33611, 1360619e-ba1e-4bf9-aec1-9f15b5480b27:192.168.157.254:45658, b88b3e43-5534-49b3-b3f2-a9f154b450de:192.168.157.254:46786], old=null
2019-10-21 23:47:06,372 [grpc-default-executor-1] INFO  impl.RaftServerImpl (RaftServerImpl.java:setRole(184)) - c58a0a02-acd3-47c8-b3e9-5b8e0493de45@group-2FABE92B7E5B: changes role from  FOLLOWER to FOLLOWER at term 369 for recognizeCandidate:b88b3e43-5534-49b3-b3f2-a9f154b450de
2019-10-21 23:47:06,372 [grpc-default-executor-2] INFO  impl.RaftServerImpl (RaftServerImpl.java:setRole(184)) - 1360619e-ba1e-4bf9-aec1-9f15b5480b27@group-2FABE92B7E5B: changes role from  FOLLOWER to FOLLOWER at term 369 for recognizeCandidate:b88b3e43-5534-49b3-b3f2-a9f154b450de
2019-10-21 23:47:06,372 [grpc-default-executor-2] INFO  impl.RoleInfo (RoleInfo.java:shutdownFollowerState(121)) - 1360619e-ba1e-4bf9-aec1-9f15b5480b27: shutdown FollowerState
2019-10-21 23:47:06,372 [grpc-default-executor-1] INFO  impl.RoleInfo (RoleInfo.java:shutdownFollowerState(121)) - c58a0a02-acd3-47c8-b3e9-5b8e0493de45: shutdown FollowerState
2019-10-21 23:47:06,373 [Thread-2492] INFO  impl.FollowerState (FollowerState.java:run(117)) - 1360619e-ba1e-4bf9-aec1-9f15b5480b27@group-2FABE92B7E5B-FollowerState was interrupted: java.lang.InterruptedException: sleep interrupted
2019-10-21 23:47:06,373 [grpc-default-executor-2] INFO  impl.RoleInfo (RoleInfo.java:updateAndGet(143)) - 1360619e-ba1e-4bf9-aec1-9f15b5480b27: start FollowerState
2019-10-21 23:47:06,373 [Thread-2491] INFO  impl.FollowerState (FollowerState.java:run(117)) - c58a0a02-acd3-47c8-b3e9-5b8e0493de45@group-2FABE92B7E5B-FollowerState was interrupted: java.lang.InterruptedException: sleep interrupted
2019-10-21 23:47:06,373 [grpc-default-executor-1] INFO  impl.RoleInfo (RoleInfo.java:updateAndGet(143)) - c58a0a02-acd3-47c8-b3e9-5b8e0493de45: start FollowerState
2019-10-21 23:47:06,408 [b88b3e43-5534-49b3-b3f2-a9f154b450de@group-2FABE92B7E5B-LeaderElection347] INFO  impl.LeaderElection (LeaderElection.java:logAndReturn(56)) - b88b3e43-5534-49b3-b3f2-a9f154b450de@group-2FABE92B7E5B-LeaderElection347: Election REJECTED; received 2 response(s) [b88b3e43-5534-49b3-b3f2-a9f154b450de<-c58a0a02-acd3-47c8-b3e9-5b8e0493de45#0:FAIL-t369, b88b3e43-5534-49b3-b3f2-a9f154b450de<-1360619e-ba1e-4bf9-aec1-9f15b5480b27#0:FAIL-t369] and 0 exception(s); b88b3e43-5534-49b3-b3f2-a9f154b450de@group-2FABE92B7E5B:t369, leader=null, voted=b88b3e43-5534-49b3-b3f2-a9f154b450de, raftlog=b88b3e43-5534-49b3-b3f2-a9f154b450de@group-2FABE92B7E5B-SegmentedRaftLog:OPENED:c-1,f-1,i0, conf=-1: [c58a0a02-acd3-47c8-b3e9-5b8e0493de45:192.168.157.254:33611, 1360619e-ba1e-4bf9-aec1-9f15b5480b27:192.168.157.254:45658, b88b3e43-5534-49b3-b3f2-a9f154b450de:192.168.157.254:46786], old=null
2019-10-21 23:47:06,408 [b88b3e43-5534-49b3-b3f2-a9f154b450de@group-2FABE92B7E5B-LeaderElection347] INFO  impl.RaftServerImpl (RaftServerImpl.java:setRole(184)) - b88b3e43-5534-49b3-b3f2-a9f154b450de@group-2FABE92B7E5B: changes role from CANDIDATE to FOLLOWER at term 369 for DISCOVERED_A_NEW_TERM
2019-10-21 23:47:06,408 [b88b3e43-5534-49b3-b3f2-a9f154b450de@group-2FABE92B7E5B-LeaderElection347] INFO  impl.RoleInfo (RoleInfo.java:shutdownLeaderElection(134)) - b88b3e43-5534-49b3-b3f2-a9f154b450de: shutdown LeaderElection
2019-10-21 23:47:06,408 [b88b3e43-5534-49b3-b3f2-a9f154b450de@group-2FABE92B7E5B-LeaderElection347] INFO  impl.RoleInfo (RoleInfo.java:updateAndGet(143)) - b88b3e43-5534-49b3-b3f2-a9f154b450de: start FollowerState
2019-10-21 23:47:06,603 [Thread-2501] INFO  impl.FollowerState (FollowerState.java:run(108)) - b88b3e43-5534-49b3-b3f2-a9f154b450de@group-2FABE92B7E5B-FollowerState: change to CANDIDATE, lastRpcTime:194ms, electionTimeout:194ms
2019-10-21 23:47:06,603 [Thread-2501] INFO  impl.RoleInfo (RoleInfo.java:shutdownFollowerState(121)) - b88b3e43-5534-49b3-b3f2-a9f154b450de: shutdown FollowerState
2019-10-21 23:47:06,603 [Thread-2501] INFO  impl.RaftServerImpl (RaftServerImpl.java:setRole(184)) - b88b3e43-5534-49b3-b3f2-a9f154b450de@group-2FABE92B7E5B: changes role from  FOLLOWER to CANDIDATE at term 369 for changeToCandidate
2019-10-21 23:47:06,603 [Thread-2501] INFO  impl.RoleInfo (RoleInfo.java:updateAndGet(143)) - b88b3e43-5534-49b3-b3f2-a9f154b450de: start LeaderElection
2019-10-21 23:47:06,618 [b88b3e43-5534-49b3-b3f2-a9f154b450de@group-2FABE92B7E5B-LeaderElection348] INFO  impl.LeaderElection (LeaderElection.java:askForVotes(178)) - b88b3e43-5534-49b3-b3f2-a9f154b450de@group-2FABE92B7E5B-LeaderElection348: begin an election at term 370 for -1: [c58a0a02-acd3-47c8-b3e9-5b8e0493de45:192.168.157.254:33611, 1360619e-ba1e-4bf9-aec1-9f15b5480b27:192.168.157.254:45658, b88b3e43-5534-49b3-b3f2-a9f154b450de:192.168.157.254:46786], old=null
2019-10-21 23:47:06,620 [grpc-default-executor-2] INFO  impl.RaftServerImpl (RaftServerImpl.java:setRole(184)) - 1360619e-ba1e-4bf9-aec1-9f15b5480b27@group-2FABE92B7E5B: changes role from  FOLLOWER to FOLLOWER at term 370 for recognizeCandidate:b88b3e43-5534-49b3-b3f2-a9f154b450de
2019-10-21 23:47:06,620 [grpc-default-executor-1] INFO  impl.RaftServerImpl (RaftServerImpl.java:setRole(184)) - c58a0a02-acd3-47c8-b3e9-5b8e0493de45@group-2FABE92B7E5B: changes role from  FOLLOWER to FOLLOWER at term 370 for recognizeCandidate:b88b3e43-5534-49b3-b3f2-a9f154b450de
2019-10-21 23:47:06,620 [grpc-default-executor-2] INFO  impl.RoleInfo (RoleInfo.java:shutdownFollowerState(121)) - 1360619e-ba1e-4bf9-aec1-9f15b5480b27: shutdown FollowerState
2019-10-21 23:47:06,621 [grpc-default-executor-1] INFO  impl.RoleInfo (RoleInfo.java:shutdownFollowerState(121)) - c58a0a02-acd3-47c8-b3e9-5b8e0493de45: shutdown FollowerState
2019-10-21 23:47:06,621 [Thread-2497] INFO  impl.FollowerState (FollowerState.java:run(117)) - 1360619e-ba1e-4bf9-aec1-9f15b5480b27@group-2FABE92B7E5B-FollowerState was interrupted: java.lang.InterruptedException: sleep interrupted
2019-10-21 23:47:06,621 [Thread-2498] INFO  impl.FollowerState (FollowerState.java:run(117)) - c58a0a02-acd3-47c8-b3e9-5b8e0493de45@group-2FABE92B7E5B-FollowerState was interrupted: java.lang.InterruptedException: sleep interrupted
2019-10-21 23:47:06,621 [grpc-default-executor-1] INFO  impl.RoleInfo (RoleInfo.java:updateAndGet(143)) - c58a0a02-acd3-47c8-b3e9-5b8e0493de45: start FollowerState
2019-10-21 23:47:06,621 [grpc-default-executor-2] INFO  impl.RoleInfo (RoleInfo.java:updateAndGet(143)) - 1360619e-ba1e-4bf9-aec1-9f15b5480b27: start FollowerState
2019-10-21 23:47:06,658 [b88b3e43-5534-49b3-b3f2-a9f154b450de@group-2FABE92B7E5B-LeaderElection348] INFO  impl.LeaderElection (LeaderElection.java:logAndReturn(56)) - b88b3e43-5534-49b3-b3f2-a9f154b450de@group-2FABE92B7E5B-LeaderElection348: Election REJECTED; received 2 response(s) [b88b3e43-5534-49b3-b3f2-a9f154b450de<-c58a0a02-acd3-47c8-b3e9-5b8e0493de45#0:FAIL-t370, b88b3e43-5534-49b3-b3f2-a9f154b450de<-1360619e-ba1e-4bf9-aec1-9f15b5480b27#0:FAIL-t370] and 0 exception(s); b88b3e43-5534-49b3-b3f2-a9f154b450de@group-2FABE92B7E5B:t370, leader=null, voted=b88b3e43-5534-49b3-b3f2-a9f154b450de, raftlog=b88b3e43-5534-49b3-b3f2-a9f154b450de@group-2FABE92B7E5B-SegmentedRaftLog:OPENED:c-1,f-1,i0, conf=-1: [c58a0a02-acd3-47c8-b3e9-5b8e0493de45:192.168.157.254:33611, 1360619e-ba1e-4bf9-aec1-9f15b5480b27:192.168.157.254:45658, b88b3e43-5534-49b3-b3f2-a9f154b450de:192.168.157.254:46786], old=null
2019-10-21 23:47:06,658 [b88b3e43-5534-49b3-b3f2-a9f154b450de@group-2FABE92B7E5B-LeaderElection348] INFO  impl.RaftServerImpl (RaftServerImpl.java:setRole(184)) - b88b3e43-5534-49b3-b3f2-a9f154b450de@group-2FABE92B7E5B: changes role from CANDIDATE to FOLLOWER at term 370 for DISCOVERED_A_NEW_TERM
2019-10-21 23:47:06,658 [b88b3e43-5534-49b3-b3f2-a9f154b450de@group-2FABE92B7E5B-LeaderElection348] INFO  impl.RoleInfo (RoleInfo.java:shutdownLeaderElection(134)) - b88b3e43-5534-49b3-b3f2-a9f154b450de: shutdown LeaderElection
2019-10-21 23:47:06,658 [b88b3e43-5534-49b3-b3f2-a9f154b450de@group-2FABE92B7E5B-LeaderElection348] INFO  impl.RoleInfo (RoleInfo.java:updateAndGet(143)) - b88b3e43-5534-49b3-b3f2-a9f154b450de: start FollowerState
2019-10-21 23:47:06,782 [Thread-2507] INFO  impl.FollowerState (FollowerState.java:run(108)) - b88b3e43-5534-49b3-b3f2-a9f154b450de@group-2FABE92B7E5B-FollowerState: change to CANDIDATE, lastRpcTime:123ms, electionTimeout:123ms
2019-10-21 23:47:06,782 [Thread-2507] INFO  impl.RoleInfo (RoleInfo.java:shutdownFollowerState(121)) - b88b3e43-5534-49b3-b3f2-a9f154b450de: shutdown FollowerState
2019-10-21 23:47:06,782 [Thread-2507] INFO  impl.RaftServerImpl (RaftServerImpl.java:setRole(184)) - b88b3e43-5534-49b3-b3f2-a9f154b450de@group-2FABE92B7E5B: changes role from  FOLLOWER to CANDIDATE at term 370 for changeToCandidate
2019-10-21 23:47:06,782 [Thread-2507] INFO  impl.RoleInfo (RoleInfo.java:updateAndGet(143)) - b88b3e43-5534-49b3-b3f2-a9f154b450de: start LeaderElection
2019-10-21 23:47:06,808 [b88b3e43-5534-49b3-b3f2-a9f154b450de@group-2FABE92B7E5B-LeaderElection349] INFO  impl.LeaderElection (LeaderElection.java:askForVotes(178)) - b88b3e43-5534-49b3-b3f2-a9f154b450de@group-2FABE92B7E5B-LeaderElection349: begin an election at term 371 for -1: [c58a0a02-acd3-47c8-b3e9-5b8e0493de45:192.168.157.254:33611, 1360619e-ba1e-4bf9-aec1-9f15b5480b27:192.168.157.254:45658, b88b3e43-5534-49b3-b3f2-a9f154b450de:192.168.157.254:46786], old=null
2019-10-21 23:47:06,810 [grpc-default-executor-2] INFO  impl.RaftServerImpl (RaftServerImpl.java:setRole(184)) - 1360619e-ba1e-4bf9-aec1-9f15b5480b27@group-2FABE92B7E5B: changes role from  FOLLOWER to FOLLOWER at term 371 for recognizeCandidate:b88b3e43-5534-49b3-b3f2-a9f154b450de
2019-10-21 23:47:06,810 [grpc-default-executor-2] INFO  impl.RoleInfo (RoleInfo.java:shutdownFollowerState(121)) - 1360619e-ba1e-4bf9-aec1-9f15b5480b27: shutdown FollowerState
2019-10-21 23:47:06,810 [grpc-default-executor-1] INFO  impl.RaftServerImpl (RaftServerImpl.java:setRole(184)) - c58a0a02-acd3-47c8-b3e9-5b8e0493de45@group-2FABE92B7E5B: changes role from  FOLLOWER to FOLLOWER at term 371 for recognizeCandidate:b88b3e43-5534-49b3-b3f2-a9f154b450de
2019-10-21 23:47:06,810 [Thread-2505] INFO  impl.FollowerState (FollowerState.java:run(117)) - 1360619e-ba1e-4bf9-aec1-9f15b5480b27@group-2FABE92B7E5B-FollowerState was interrupted: java.lang.InterruptedException: sleep interrupted
2019-10-21 23:47:06,810 [grpc-default-executor-2] INFO  impl.RoleInfo (RoleInfo.java:updateAndGet(143)) - 1360619e-ba1e-4bf9-aec1-9f15b5480b27: start FollowerState
2019-10-21 23:47:06,810 [grpc-default-executor-1] INFO  impl.RoleInfo (RoleInfo.java:shutdownFollowerState(121)) - c58a0a02-acd3-47c8-b3e9-5b8e0493de45: shutdown FollowerState
2019-10-21 23:47:06,811 [grpc-default-executor-1] INFO  impl.RoleInfo (RoleInfo.java:updateAndGet(143)) - c58a0a02-acd3-47c8-b3e9-5b8e0493de45: start FollowerState
2019-10-21 23:47:06,811 [Thread-2506] INFO  impl.FollowerState (FollowerState.java:run(117)) - c58a0a02-acd3-47c8-b3e9-5b8e0493de45@group-2FABE92B7E5B-FollowerState was interrupted: java.lang.InterruptedException: sleep interrupted
2019-10-21 23:47:06,824 [b88b3e43-5534-49b3-b3f2-a9f154b450de@group-2FABE92B7E5B-LeaderElection349] INFO  impl.LeaderElection (LeaderElection.java:logAndReturn(56)) - b88b3e43-5534-49b3-b3f2-a9f154b450de@group-2FABE92B7E5B-LeaderElection349: Election REJECTED; received 2 response(s) [b88b3e43-5534-49b3-b3f2-a9f154b450de<-c58a0a02-acd3-47c8-b3e9-5b8e0493de45#0:FAIL-t371, b88b3e43-5534-49b3-b3f2-a9f154b450de<-1360619e-ba1e-4bf9-aec1-9f15b5480b27#0:FAIL-t371] and 0 exception(s); b88b3e43-5534-49b3-b3f2-a9f154b450de@group-2FABE92B7E5B:t371, leader=null, voted=b88b3e43-5534-49b3-b3f2-a9f154b450de, raftlog=b88b3e43-5534-49b3-b3f2-a9f154b450de@group-2FABE92B7E5B-SegmentedRaftLog:OPENED:c-1,f-1,i0, conf=-1: [c58a0a02-acd3-47c8-b3e9-5b8e0493de45:192.168.157.254:33611, 1360619e-ba1e-4bf9-aec1-9f15b5480b27:192.168.157.254:45658, b88b3e43-5534-49b3-b3f2-a9f154b450de:192.168.157.254:46786], old=null
2019-10-21 23:47:06,824 [b88b3e43-5534-49b3-b3f2-a9f154b450de@group-2FABE92B7E5B-LeaderElection349] INFO  impl.RaftServerImpl (RaftServerImpl.java:setRole(184)) - b88b3e43-5534-49b3-b3f2-a9f154b450de@group-2FABE92B7E5B: changes role from CANDIDATE to FOLLOWER at term 371 for DISCOVERED_A_NEW_TERM
2019-10-21 23:47:06,824 [b88b3e43-5534-49b3-b3f2-a9f154b450de@group-2FABE92B7E5B-LeaderElection349] INFO  impl.RoleInfo (RoleInfo.java:shutdownLeaderElection(134)) - b88b3e43-5534-49b3-b3f2-a9f154b450de: shutdown LeaderElection
2019-10-21 23:47:06,824 [b88b3e43-5534-49b3-b3f2-a9f154b450de@group-2FABE92B7E5B-LeaderElection349] INFO  impl.RoleInfo (RoleInfo.java:updateAndGet(143)) - b88b3e43-5534-49b3-b3f2-a9f154b450de: start FollowerState
2019-10-21 23:47:06,989 [Thread-2513] INFO  impl.FollowerState (FollowerState.java:run(108)) - b88b3e43-5534-49b3-b3f2-a9f154b450de@group-2FABE92B7E5B-FollowerState: change to CANDIDATE, lastRpcTime:164ms, electionTimeout:164ms
2019-10-21 23:47:06,989 [Thread-2513] INFO  impl.RoleInfo (RoleInfo.java:shutdownFollowerState(121)) - b88b3e43-5534-49b3-b3f2-a9f154b450de: shutdown FollowerState
2019-10-21 23:47:06,989 [Thread-2513] INFO  impl.RaftServerImpl (RaftServerImpl.java:setRole(184)) - b88b3e43-5534-49b3-b3f2-a9f154b450de@group-2FABE92B7E5B: changes role from  FOLLOWER to CANDIDATE at term 371 for changeToCandidate
2019-10-21 23:47:06,989 [Thread-2513] INFO  impl.RoleInfo (RoleInfo.java:updateAndGet(143)) - b88b3e43-5534-49b3-b3f2-a9f154b450de: start LeaderElection
2019-10-21 23:47:07,014 [b88b3e43-5534-49b3-b3f2-a9f154b450de@group-2FABE92B7E5B-LeaderElection350] INFO  impl.LeaderElection (LeaderElection.java:askForVotes(178)) - b88b3e43-5534-49b3-b3f2-a9f154b450de@group-2FABE92B7E5B-LeaderElection350: begin an election at term 372 for -1: [c58a0a02-acd3-47c8-b3e9-5b8e0493de45:192.168.157.254:33611, 1360619e-ba1e-4bf9-aec1-9f15b5480b27:192.168.157.254:45658, b88b3e43-5534-49b3-b3f2-a9f154b450de:192.168.157.254:46786], old=null
2019-10-21 23:47:07,016 [grpc-default-executor-1] INFO  impl.RaftServerImpl (RaftServerImpl.java:setRole(184)) - 1360619e-ba1e-4bf9-aec1-9f15b5480b27@group-2FABE92B7E5B: changes role from  FOLLOWER to FOLLOWER at term 372 for recognizeCandidate:b88b3e43-5534-49b3-b3f2-a9f154b450de
2019-10-21 23:47:07,016 [grpc-default-executor-2] INFO  impl.RaftServerImpl (RaftServerImpl.java:setRole(184)) - c58a0a02-acd3-47c8-b3e9-5b8e0493de45@group-2FABE92B7E5B: changes role from  FOLLOWER to FOLLOWER at term 372 for recognizeCandidate:b88b3e43-5534-49b3-b3f2-a9f154b450de
2019-10-21 23:47:07,017 [grpc-default-executor-2] INFO  impl.RoleInfo (RoleInfo.java:shutdownFollowerState(121)) - c58a0a02-acd3-47c8-b3e9-5b8e0493de45: shutdown FollowerState
2019-10-21 23:47:07,016 [grpc-default-executor-1] INFO  impl.RoleInfo (RoleInfo.java:shutdownFollowerState(121)) - 1360619e-ba1e-4bf9-aec1-9f15b5480b27: shutdown FollowerState
2019-10-21 23:47:07,017 [Thread-2512] INFO  impl.FollowerState (FollowerState.java:run(117)) - c58a0a02-acd3-47c8-b3e9-5b8e0493de45@group-2FABE92B7E5B-FollowerState was interrupted: java.lang.InterruptedException: sleep interrupted
2019-10-21 23:47:07,017 [grpc-default-executor-2] INFO  impl.RoleInfo (RoleInfo.java:updateAndGet(143)) - c58a0a02-acd3-47c8-b3e9-5b8e0493de45: start FollowerState
2019-10-21 23:47:07,017 [Thread-2511] INFO  impl.FollowerState (FollowerState.java:run(117)) - 1360619e-ba1e-4bf9-aec1-9f15b5480b27@group-2FABE92B7E5B-FollowerState was interrupted: java.lang.InterruptedException: sleep interrupted
2019-10-21 23:47:07,017 [grpc-default-executor-1] INFO  impl.RoleInfo (RoleInfo.java:updateAndGet(143)) - 1360619e-ba1e-4bf9-aec1-9f15b5480b27: start FollowerState
2019-10-21 23:47:07,031 [b88b3e43-5534-49b3-b3f2-a9f154b450de@group-2FABE92B7E5B-LeaderElection350] INFO  impl.LeaderElection (LeaderElection.java:logAndReturn(56)) - b88b3e43-5534-49b3-b3f2-a9f154b450de@group-2FABE92B7E5B-LeaderElection350: Election REJECTED; received 2 response(s) [b88b3e43-5534-49b3-b3f2-a9f154b450de<-c58a0a02-acd3-47c8-b3e9-5b8e0493de45#0:FAIL-t372, b88b3e43-5534-49b3-b3f2-a9f154b450de<-1360619e-ba1e-4bf9-aec1-9f15b5480b27#0:FAIL-t372] and 0 exception(s); b88b3e43-5534-49b3-b3f2-a9f154b450de@group-2FABE92B7E5B:t372, leader=null, voted=b88b3e43-5534-49b3-b3f2-a9f154b450de, raftlog=b88b3e43-5534-49b3-b3f2-a9f154b450de@group-2FABE92B7E5B-SegmentedRaftLog:OPENED:c-1,f-1,i0, conf=-1: [c58a0a02-acd3-47c8-b3e9-5b8e0493de45:192.168.157.254:33611, 1360619e-ba1e-4bf9-aec1-9f15b5480b27:192.168.157.254:45658, b88b3e43-5534-49b3-b3f2-a9f154b450de:192.168.157.254:46786], old=null
2019-10-21 23:47:07,031 [b88b3e43-5534-49b3-b3f2-a9f154b450de@group-2FABE92B7E5B-LeaderElection350] INFO  impl.RaftServerImpl (RaftServerImpl.java:setRole(184)) - b88b3e43-5534-49b3-b3f2-a9f154b450de@group-2FABE92B7E5B: changes role from CANDIDATE to FOLLOWER at term 372 for DISCOVERED_A_NEW_TERM
2019-10-21 23:47:07,031 [b88b3e43-5534-49b3-b3f2-a9f154b450de@group-2FABE92B7E5B-LeaderElection350] INFO  impl.RoleInfo (RoleInfo.java:shutdownLeaderElection(134)) - b88b3e43-5534-49b3-b3f2-a9f154b450de: shutdown LeaderElection
2019-10-21 23:47:07,031 [b88b3e43-5534-49b3-b3f2-a9f154b450de@group-2FABE92B7E5B-LeaderElection350] INFO  impl.RoleInfo (RoleInfo.java:updateAndGet(143)) - b88b3e43-5534-49b3-b3f2-a9f154b450de: start FollowerState
2019-10-21 23:47:07,048 [Thread-2519] INFO  impl.FollowerState (FollowerState.java:run(108)) - b88b3e43-5534-49b3-b3f2-a9f154b450de@group-2FABE92B7E5B-FollowerState: change to CANDIDATE, lastRpcTime:17ms, electionTimeout:17ms
2019-10-21 23:47:07,048 [Thread-2519] INFO  impl.RoleInfo (RoleInfo.java:shutdownFollowerState(121)) - b88b3e43-5534-49b3-b3f2-a9f154b450de: shutdown FollowerState
2019-10-21 23:47:07,049 [Thread-2519] INFO  impl.RaftServerImpl (RaftServerImpl.java:setRole(184)) - b88b3e43-5534-49b3-b3f2-a9f154b450de@group-2FABE92B7E5B: changes role from  FOLLOWER to CANDIDATE at term 372 for changeToCandidate
2019-10-21 23:47:07,049 [Thread-2519] INFO  impl.RoleInfo (RoleInfo.java:updateAndGet(143)) - b88b3e43-5534-49b3-b3f2-a9f154b450de: start LeaderElection
2019-10-21 23:47:07,063 [b88b3e43-5534-49b3-b3f2-a9f154b450de@group-2FABE92B7E5B-LeaderElection351] INFO  impl.LeaderElection (LeaderElection.java:askForVotes(178)) - b88b3e43-5534-49b3-b3f2-a9f154b450de@group-2FABE92B7E5B-LeaderElection351: begin an election at term 373 for -1: [c58a0a02-acd3-47c8-b3e9-5b8e0493de45:192.168.157.254:33611, 1360619e-ba1e-4bf9-aec1-9f15b5480b27:192.168.157.254:45658, b88b3e43-5534-49b3-b3f2-a9f154b450de:192.168.157.254:46786], old=null
2019-10-21 23:47:07,065 [grpc-default-executor-1] INFO  impl.RaftServerImpl (RaftServerImpl.java:setRole(184)) - c58a0a02-acd3-47c8-b3e9-5b8e0493de45@group-2FABE92B7E5B: changes role from  FOLLOWER to FOLLOWER at term 373 for recognizeCandidate:b88b3e43-5534-49b3-b3f2-a9f154b450de
2019-10-21 23:47:07,065 [grpc-default-executor-2] INFO  impl.RaftServerImpl (RaftServerImpl.java:setRole(184)) - 1360619e-ba1e-4bf9-aec1-9f15b5480b27@group-2FABE92B7E5B: changes role from  FOLLOWER to FOLLOWER at term 373 for recognizeCandidate:b88b3e43-5534-49b3-b3f2-a9f154b450de
2019-10-21 23:47:07,065 [grpc-default-executor-1] INFO  impl.RoleInfo (RoleInfo.java:shutdownFollowerState(121)) - c58a0a02-acd3-47c8-b3e9-5b8e0493de45: shutdown FollowerState
2019-10-21 23:47:07,065 [grpc-default-executor-2] INFO  impl.RoleInfo (RoleInfo.java:shutdownFollowerState(121)) - 1360619e-ba1e-4bf9-aec1-9f15b5480b27: shutdown FollowerState
2019-10-21 23:47:07,065 [Thread-2517] INFO  impl.FollowerState (FollowerState.java:run(117)) - c58a0a02-acd3-47c8-b3e9-5b8e0493de45@group-2FABE92B7E5B-FollowerState was interrupted: java.lang.InterruptedException: sleep interrupted
2019-10-21 23:47:07,065 [grpc-default-executor-1] INFO  impl.RoleInfo (RoleInfo.java:updateAndGet(143)) - c58a0a02-acd3-47c8-b3e9-5b8e0493de45: start FollowerState
2019-10-21 23:47:07,065 [grpc-default-executor-2] INFO  impl.RoleInfo (RoleInfo.java:updateAndGet(143)) - 1360619e-ba1e-4bf9-aec1-9f15b5480b27: start FollowerState
2019-10-21 23:47:07,065 [Thread-2518] INFO  impl.FollowerState (FollowerState.java:run(117)) - 1360619e-ba1e-4bf9-aec1-9f15b5480b27@group-2FABE92B7E5B-FollowerState was interrupted: java.lang.InterruptedException: sleep interrupted
2019-10-21 23:47:07,079 [b88b3e43-5534-49b3-b3f2-a9f154b450de@group-2FABE92B7E5B-LeaderElection351] INFO  impl.LeaderElection (LeaderElection.java:logAndReturn(56)) - b88b3e43-5534-49b3-b3f2-a9f154b450de@group-2FABE92B7E5B-LeaderElection351: Election TIMEOUT; received 0 response(s) [] and 0 exception(s); b88b3e43-5534-49b3-b3f2-a9f154b450de@group-2FABE92B7E5B:t373, leader=null, voted=b88b3e43-5534-49b3-b3f2-a9f154b450de, raftlog=b88b3e43-5534-49b3-b3f2-a9f154b450de@group-2FABE92B7E5B-SegmentedRaftLog:OPENED:c-1,f-1,i0, conf=-1: [c58a0a02-acd3-47c8-b3e9-5b8e0493de45:192.168.157.254:33611, 1360619e-ba1e-4bf9-aec1-9f15b5480b27:192.168.157.254:45658, b88b3e43-5534-49b3-b3f2-a9f154b450de:192.168.157.254:46786], old=null
2019-10-21 23:47:07,092 [b88b3e43-5534-49b3-b3f2-a9f154b450de@group-2FABE92B7E5B-LeaderElection351] INFO  impl.LeaderElection (LeaderElection.java:askForVotes(178)) - b88b3e43-5534-49b3-b3f2-a9f154b450de@group-2FABE92B7E5B-LeaderElection351: begin an election at term 374 for -1: [c58a0a02-acd3-47c8-b3e9-5b8e0493de45:192.168.157.254:33611, 1360619e-ba1e-4bf9-aec1-9f15b5480b27:192.168.157.254:45658, b88b3e43-5534-49b3-b3f2-a9f154b450de:192.168.157.254:46786], old=null
2019-10-21 23:47:07,094 [grpc-default-executor-2] INFO  impl.RaftServerImpl (RaftServerImpl.java:setRole(184)) - c58a0a02-acd3-47c8-b3e9-5b8e0493de45@group-2FABE92B7E5B: changes role from  FOLLOWER to FOLLOWER at term 374 for recognizeCandidate:b88b3e43-5534-49b3-b3f2-a9f154b450de
2019-10-21 23:47:07,094 [grpc-default-executor-1] INFO  impl.RaftServerImpl (RaftServerImpl.java:setRole(184)) - 1360619e-ba1e-4bf9-aec1-9f15b5480b27@group-2FABE92B7E5B: changes role from  FOLLOWER to FOLLOWER at term 374 for recognizeCandidate:b88b3e43-5534-49b3-b3f2-a9f154b450de
2019-10-21 23:47:07,094 [grpc-default-executor-2] INFO  impl.RoleInfo (RoleInfo.java:shutdownFollowerState(121)) - c58a0a02-acd3-47c8-b3e9-5b8e0493de45: shutdown FollowerState
2019-10-21 23:47:07,094 [grpc-default-executor-1] INFO  impl.RoleInfo (RoleInfo.java:shutdownFollowerState(121)) - 1360619e-ba1e-4bf9-aec1-9f15b5480b27: shutdown FollowerState
2019-10-21 23:47:07,094 [Thread-2523] INFO  impl.FollowerState (FollowerState.java:run(117)) - c58a0a02-acd3-47c8-b3e9-5b8e0493de45@group-2FABE92B7E5B-FollowerState was interrupted: java.lang.InterruptedException: sleep interrupted
2019-10-21 23:47:07,094 [Thread-2524] INFO  impl.FollowerState (FollowerState.java:run(117)) - 1360619e-ba1e-4bf9-aec1-9f15b5480b27@group-2FABE92B7E5B-FollowerState was interrupted: java.lang.InterruptedException: sleep interrupted
2019-10-21 23:47:07,094 [grpc-default-executor-2] INFO  impl.RoleInfo (RoleInfo.java:updateAndGet(143)) - c58a0a02-acd3-47c8-b3e9-5b8e0493de45: start FollowerState
2019-10-21 23:47:07,094 [grpc-default-executor-1] INFO  impl.RoleInfo (RoleInfo.java:updateAndGet(143)) - 1360619e-ba1e-4bf9-aec1-9f15b5480b27: start FollowerState
2019-10-21 23:47:07,102 [b88b3e43-5534-49b3-b3f2-a9f154b450de@group-2FABE92B7E5B-LeaderElection351] INFO  impl.LeaderElection (LeaderElection.java:logAndReturn(56)) - b88b3e43-5534-49b3-b3f2-a9f154b450de@group-2FABE92B7E5B-LeaderElection351: Election TIMEOUT; received 0 response(s) [] and 0 exception(s); b88b3e43-5534-49b3-b3f2-a9f154b450de@group-2FABE92B7E5B:t374, leader=null, voted=b88b3e43-5534-49b3-b3f2-a9f154b450de, raftlog=b88b3e43-5534-49b3-b3f2-a9f154b450de@group-2FABE92B7E5B-SegmentedRaftLog:OPENED:c-1,f-1,i0, conf=-1: [c58a0a02-acd3-47c8-b3e9-5b8e0493de45:192.168.157.254:33611, 1360619e-ba1e-4bf9-aec1-9f15b5480b27:192.168.157.254:45658, b88b3e43-5534-49b3-b3f2-a9f154b450de:192.168.157.254:46786], old=null
2019-10-21 23:47:07,121 [b88b3e43-5534-49b3-b3f2-a9f154b450de@group-2FABE92B7E5B-LeaderElection351] INFO  impl.LeaderElection (LeaderElection.java:askForVotes(178)) - b88b3e43-5534-49b3-b3f2-a9f154b450de@group-2FABE92B7E5B-LeaderElection351: begin an election at term 375 for -1: [c58a0a02-acd3-47c8-b3e9-5b8e0493de45:192.168.157.254:33611, 1360619e-ba1e-4bf9-aec1-9f15b5480b27:192.168.157.254:45658, b88b3e43-5534-49b3-b3f2-a9f154b450de:192.168.157.254:46786], old=null
2019-10-21 23:47:07,123 [grpc-default-executor-2] INFO  impl.RaftServerImpl (RaftServerImpl.java:setRole(184)) - 1360619e-ba1e-4bf9-aec1-9f15b5480b27@group-2FABE92B7E5B: changes role from  FOLLOWER to FOLLOWER at term 375 for recognizeCandidate:b88b3e43-5534-49b3-b3f2-a9f154b450de
2019-10-21 23:47:07,123 [grpc-default-executor-1] INFO  impl.RaftServerImpl (RaftServerImpl.java:setRole(184)) - c58a0a02-acd3-47c8-b3e9-5b8e0493de45@group-2FABE92B7E5B: changes role from  FOLLOWER to FOLLOWER at term 375 for recognizeCandidate:b88b3e43-5534-49b3-b3f2-a9f154b450de
2019-10-21 23:47:07,123 [grpc-default-executor-2] INFO  impl.RoleInfo (RoleInfo.java:shutdownFollowerState(121)) - 1360619e-ba1e-4bf9-aec1-9f15b5480b27: shutdown FollowerState
2019-10-21 23:47:07,123 [grpc-default-executor-1] INFO  impl.RoleInfo (RoleInfo.java:shutdownFollowerState(121)) - c58a0a02-acd3-47c8-b3e9-5b8e0493de45: shutdown FollowerState
2019-10-21 23:47:07,123 [Thread-2528] INFO  impl.FollowerState (FollowerState.java:run(117)) - 1360619e-ba1e-4bf9-aec1-9f15b5480b27@group-2FABE92B7E5B-FollowerState was interrupted: java.lang.InterruptedException: sleep interrupted
2019-10-21 23:47:07,123 [grpc-default-executor-2] INFO  impl.RoleInfo (RoleInfo.java:updateAndGet(143)) - 1360619e-ba1e-4bf9-aec1-9f15b5480b27: start FollowerState
2019-10-21 23:47:07,123 [grpc-default-executor-1] INFO  impl.RoleInfo (RoleInfo.java:updateAndGet(143)) - c58a0a02-acd3-47c8-b3e9-5b8e0493de45: start FollowerState
2019-10-21 23:47:07,123 [Thread-2527] INFO  impl.FollowerState (FollowerState.java:run(117)) - c58a0a02-acd3-47c8-b3e9-5b8e0493de45@group-2FABE92B7E5B-FollowerState was interrupted: java.lang.InterruptedException: sleep interrupted
2019-10-21 23:47:07,137 [b88b3e43-5534-49b3-b3f2-a9f154b450de@group-2FABE92B7E5B-LeaderElection351] INFO  impl.LeaderElection (LeaderElection.java:logAndReturn(56)) - b88b3e43-5534-49b3-b3f2-a9f154b450de@group-2FABE92B7E5B-LeaderElection351: Election REJECTED; received 2 response(s) [b88b3e43-5534-49b3-b3f2-a9f154b450de<-c58a0a02-acd3-47c8-b3e9-5b8e0493de45#0:FAIL-t375, b88b3e43-5534-49b3-b3f2-a9f154b450de<-1360619e-ba1e-4bf9-aec1-9f15b5480b27#0:FAIL-t375] and 0 exception(s); b88b3e43-5534-49b3-b3f2-a9f154b450de@group-2FABE92B7E5B:t375, leader=null, voted=b88b3e43-5534-49b3-b3f2-a9f154b450de, raftlog=b88b3e43-5534-49b3-b3f2-a9f154b450de@group-2FABE92B7E5B-SegmentedRaftLog:OPENED:c-1,f-1,i0, conf=-1: [c58a0a02-acd3-47c8-b3e9-5b8e0493de45:192.168.157.254:33611, 1360619e-ba1e-4bf9-aec1-9f15b5480b27:192.168.157.254:45658, b88b3e43-5534-49b3-b3f2-a9f154b450de:192.168.157.254:46786], old=null
2019-10-21 23:47:07,138 [b88b3e43-5534-49b3-b3f2-a9f154b450de@group-2FABE92B7E5B-LeaderElection351] INFO  impl.RaftServerImpl (RaftServerImpl.java:setRole(184)) - b88b3e43-5534-49b3-b3f2-a9f154b450de@group-2FABE92B7E5B: changes role from CANDIDATE to FOLLOWER at term 375 for DISCOVERED_A_NEW_TERM
2019-10-21 23:47:07,138 [b88b3e43-5534-49b3-b3f2-a9f154b450de@group-2FABE92B7E5B-LeaderElection351] INFO  impl.RoleInfo (RoleInfo.java:shutdownLeaderElection(134)) - b88b3e43-5534-49b3-b3f2-a9f154b450de: shutdown LeaderElection
2019-10-21 23:47:07,138 [b88b3e43-5534-49b3-b3f2-a9f154b450de@group-2FABE92B7E5B-LeaderElection351] INFO  impl.RoleInfo (RoleInfo.java:updateAndGet(143)) - b88b3e43-5534-49b3-b3f2-a9f154b450de: start FollowerState
2019-10-21 23:47:07,223 [Thread-2533] INFO  impl.FollowerState (FollowerState.java:run(108)) - b88b3e43-5534-49b3-b3f2-a9f154b450de@group-2FABE92B7E5B-FollowerState: change to CANDIDATE, lastRpcTime:85ms, electionTimeout:85ms
2019-10-21 23:47:07,223 [Thread-2533] INFO  impl.RoleInfo (RoleInfo.java:shutdownFollowerState(121)) - b88b3e43-5534-49b3-b3f2-a9f154b450de: shutdown FollowerState
2019-10-21 23:47:07,223 [Thread-2533] INFO  impl.RaftServerImpl (RaftServerImpl.java:setRole(184)) - b88b3e43-5534-49b3-b3f2-a9f154b450de@group-2FABE92B7E5B: changes role from  FOLLOWER to CANDIDATE at term 375 for changeToCandidate
2019-10-21 23:47:07,224 [Thread-2533] INFO  impl.RoleInfo (RoleInfo.java:updateAndGet(143)) - b88b3e43-5534-49b3-b3f2-a9f154b450de: start LeaderElection
2019-10-21 23:47:07,237 [b88b3e43-5534-49b3-b3f2-a9f154b450de@group-2FABE92B7E5B-LeaderElection352] INFO  impl.LeaderElection (LeaderElection.java:askForVotes(178)) - b88b3e43-5534-49b3-b3f2-a9f154b450de@group-2FABE92B7E5B-LeaderElection352: begin an election at term 376 for -1: [c58a0a02-acd3-47c8-b3e9-5b8e0493de45:192.168.157.254:33611, 1360619e-ba1e-4bf9-aec1-9f15b5480b27:192.168.157.254:45658, b88b3e43-5534-49b3-b3f2-a9f154b450de:192.168.157.254:46786], old=null
2019-10-21 23:47:07,239 [grpc-default-executor-2] INFO  impl.RaftServerImpl (RaftServerImpl.java:setRole(184)) - 1360619e-ba1e-4bf9-aec1-9f15b5480b27@group-2FABE92B7E5B: changes role from  FOLLOWER to FOLLOWER at term 376 for recognizeCandidate:b88b3e43-5534-49b3-b3f2-a9f154b450de
2019-10-21 23:47:07,239 [grpc-default-executor-2] INFO  impl.RoleInfo (RoleInfo.java:shutdownFollowerState(121)) - 1360619e-ba1e-4bf9-aec1-9f15b5480b27: shutdown FollowerState
2019-10-21 23:47:07,239 [grpc-default-executor-1] INFO  impl.RaftServerImpl (RaftServerImpl.java:setRole(184)) - c58a0a02-acd3-47c8-b3e9-5b8e0493de45@group-2FABE92B7E5B: changes role from  FOLLOWER to FOLLOWER at term 376 for recognizeCandidate:b88b3e43-5534-49b3-b3f2-a9f154b450de
2019-10-21 23:47:07,239 [Thread-2531] INFO  impl.FollowerState (FollowerState.java:run(117)) - 1360619e-ba1e-4bf9-aec1-9f15b5480b27@group-2FABE92B7E5B-FollowerState was interrupted: java.lang.InterruptedException: sleep interrupted
2019-10-21 23:47:07,239 [grpc-default-executor-2] INFO  impl.RoleInfo (RoleInfo.java:updateAndGet(143)) - 1360619e-ba1e-4bf9-aec1-9f15b5480b27: start FollowerState
2019-10-21 23:47:07,239 [grpc-default-executor-1] INFO  impl.RoleInfo (RoleInfo.java:shutdownFollowerState(121)) - c58a0a02-acd3-47c8-b3e9-5b8e0493de45: shutdown FollowerState
2019-10-21 23:47:07,240 [grpc-default-executor-1] INFO  impl.RoleInfo (RoleInfo.java:updateAndGet(143)) - c58a0a02-acd3-47c8-b3e9-5b8e0493de45: start FollowerState
2019-10-21 23:47:07,240 [Thread-2532] INFO  impl.FollowerState (FollowerState.java:run(117)) - c58a0a02-acd3-47c8-b3e9-5b8e0493de45@group-2FABE92B7E5B-FollowerState was interrupted: java.lang.InterruptedException: sleep interrupted
2019-10-21 23:47:07,264 [b88b3e43-5534-49b3-b3f2-a9f154b450de@group-2FABE92B7E5B-LeaderElection352] INFO  impl.LeaderElection (LeaderElection.java:logAndReturn(56)) - b88b3e43-5534-49b3-b3f2-a9f154b450de@group-2FABE92B7E5B-LeaderElection352: Election REJECTED; received 2 response(s) [b88b3e43-5534-49b3-b3f2-a9f154b450de<-c58a0a02-acd3-47c8-b3e9-5b8e0493de45#0:FAIL-t376, b88b3e43-5534-49b3-b3f2-a9f154b450de<-1360619e-ba1e-4bf9-aec1-9f15b5480b27#0:FAIL-t376] and 0 exception(s); b88b3e43-5534-49b3-b3f2-a9f154b450de@group-2FABE92B7E5B:t376, leader=null, voted=b88b3e43-5534-49b3-b3f2-a9f154b450de, raftlog=b88b3e43-5534-49b3-b3f2-a9f154b450de@group-2FABE92B7E5B-SegmentedRaftLog:OPENED:c-1,f-1,i0, conf=-1: [c58a0a02-acd3-47c8-b3e9-5b8e0493de45:192.168.157.254:33611, 1360619e-ba1e-4bf9-aec1-9f15b5480b27:192.168.157.254:45658, b88b3e43-5534-49b3-b3f2-a9f154b450de:192.168.157.254:46786], old=null
2019-10-21 23:47:07,265 [b88b3e43-5534-49b3-b3f2-a9f154b450de@group-2FABE92B7E5B-LeaderElection352] INFO  impl.RaftServerImpl (RaftServerImpl.java:setRole(184)) - b88b3e43-5534-49b3-b3f2-a9f154b450de@group-2FABE92B7E5B: changes role from CANDIDATE to FOLLOWER at term 376 for DISCOVERED_A_NEW_TERM
2019-10-21 23:47:07,265 [b88b3e43-5534-49b3-b3f2-a9f154b450de@group-2FABE92B7E5B-LeaderElection352] INFO  impl.RoleInfo (RoleInfo.java:shutdownLeaderElection(134)) - b88b3e43-5534-49b3-b3f2-a9f154b450de: shutdown LeaderElection
2019-10-21 23:47:07,265 [b88b3e43-5534-49b3-b3f2-a9f154b450de@group-2FABE92B7E5B-LeaderElection352] INFO  impl.RoleInfo (RoleInfo.java:updateAndGet(143)) - b88b3e43-5534-49b3-b3f2-a9f154b450de: start FollowerState
2019-10-21 23:47:07,306 [Thread-2539] INFO  impl.FollowerState (FollowerState.java:run(108)) - b88b3e43-5534-49b3-b3f2-a9f154b450de@group-2FABE92B7E5B-FollowerState: change to CANDIDATE, lastRpcTime:41ms, electionTimeout:41ms
2019-10-21 23:47:07,306 [Thread-2539] INFO  impl.RoleInfo (RoleInfo.java:shutdownFollowerState(121)) - b88b3e43-5534-49b3-b3f2-a9f154b450de: shutdown FollowerState
2019-10-21 23:47:07,306 [Thread-2539] INFO  impl.RaftServerImpl (RaftServerImpl.java:setRole(184)) - b88b3e43-5534-49b3-b3f2-a9f154b450de@group-2FABE92B7E5B: changes role from  FOLLOWER to CANDIDATE at term 376 for changeToCandidate
2019-10-21 23:47:07,306 [Thread-2539] INFO  impl.RoleInfo (RoleInfo.java:updateAndGet(143)) - b88b3e43-5534-49b3-b3f2-a9f154b450de: start LeaderElection
2019-10-21 23:47:07,320 [b88b3e43-5534-49b3-b3f2-a9f154b450de@group-2FABE92B7E5B-LeaderElection353] INFO  impl.LeaderElection (LeaderElection.java:askForVotes(178)) - b88b3e43-5534-49b3-b3f2-a9f154b450de@group-2FABE92B7E5B-LeaderElection353: begin an election at term 377 for -1: [c58a0a02-acd3-47c8-b3e9-5b8e0493de45:192.168.157.254:33611, 1360619e-ba1e-4bf9-aec1-9f15b5480b27:192.168.157.254:45658, b88b3e43-5534-49b3-b3f2-a9f154b450de:192.168.157.254:46786], old=null
2019-10-21 23:47:07,321 [grpc-default-executor-2] INFO  impl.RaftServerImpl (RaftServerImpl.java:setRole(184)) - c58a0a02-acd3-47c8-b3e9-5b8e0493de45@group-2FABE92B7E5B: changes role from  FOLLOWER to FOLLOWER at term 377 for recognizeCandidate:b88b3e43-5534-49b3-b3f2-a9f154b450de
2019-10-21 23:47:07,321 [grpc-default-executor-1] INFO  impl.RaftServerImpl (RaftServerImpl.java:setRole(184)) - 1360619e-ba1e-4bf9-aec1-9f15b5480b27@group-2FABE92B7E5B: changes role from  FOLLOWER to FOLLOWER at term 377 for recognizeCandidate:b88b3e43-5534-49b3-b3f2-a9f154b450de
2019-10-21 23:47:07,321 [grpc-default-executor-1] INFO  impl.RoleInfo (RoleInfo.java:shutdownFollowerState(121)) - 1360619e-ba1e-4bf9-aec1-9f15b5480b27: shutdown FollowerState
2019-10-21 23:47:07,321 [grpc-default-executor-2] INFO  impl.RoleInfo (RoleInfo.java:shutdownFollowerState(121)) - c58a0a02-acd3-47c8-b3e9-5b8e0493de45: shutdown FollowerState
2019-10-21 23:47:07,321 [Thread-2537] INFO  impl.FollowerState (FollowerState.java:run(117)) - 1360619e-ba1e-4bf9-aec1-9f15b5480b27@group-2FABE92B7E5B-FollowerState was interrupted: java.lang.InterruptedException: sleep interrupted
2019-10-21 23:47:07,321 [grpc-default-executor-1] INFO  impl.RoleInfo (RoleInfo.java:updateAndGet(143)) - 1360619e-ba1e-4bf9-aec1-9f15b5480b27: start FollowerState
2019-10-21 23:47:07,321 [grpc-default-executor-2] INFO  impl.RoleInfo (RoleInfo.java:updateAndGet(143)) - c58a0a02-acd3-47c8-b3e9-5b8e0493de45: start FollowerState
2019-10-21 23:47:07,321 [Thread-2538] INFO  impl.FollowerState (FollowerState.java:run(117)) - c58a0a02-acd3-47c8-b3e9-5b8e0493de45@group-2FABE92B7E5B-FollowerState was interrupted: java.lang.InterruptedException: sleep interrupted
2019-10-21 23:47:07,346 [b88b3e43-5534-49b3-b3f2-a9f154b450de@group-2FABE92B7E5B-LeaderElection353] INFO  impl.LeaderElection (LeaderElection.java:logAndReturn(56)) - b88b3e43-5534-49b3-b3f2-a9f154b450de@group-2FABE92B7E5B-LeaderElection353: Election REJECTED; received 2 response(s) [b88b3e43-5534-49b3-b3f2-a9f154b450de<-c58a0a02-acd3-47c8-b3e9-5b8e0493de45#0:FAIL-t377, b88b3e43-5534-49b3-b3f2-a9f154b450de<-1360619e-ba1e-4bf9-aec1-9f15b5480b27#0:FAIL-t377] and 0 exception(s); b88b3e43-5534-49b3-b3f2-a9f154b450de@group-2FABE92B7E5B:t377, leader=null, voted=b88b3e43-5534-49b3-b3f2-a9f154b450de, raftlog=b88b3e43-5534-49b3-b3f2-a9f154b450de@group-2FABE92B7E5B-SegmentedRaftLog:OPENED:c-1,f-1,i0, conf=-1: [c58a0a02-acd3-47c8-b3e9-5b8e0493de45:192.168.157.254:33611, 1360619e-ba1e-4bf9-aec1-9f15b5480b27:192.168.157.254:45658, b88b3e43-5534-49b3-b3f2-a9f154b450de:192.168.157.254:46786], old=null
2019-10-21 23:47:07,346 [b88b3e43-5534-49b3-b3f2-a9f154b450de@group-2FABE92B7E5B-LeaderElection353] INFO  impl.RaftServerImpl (RaftServerImpl.java:setRole(184)) - b88b3e43-5534-49b3-b3f2-a9f154b450de@group-2FABE92B7E5B: changes role from CANDIDATE to FOLLOWER at term 377 for DISCOVERED_A_NEW_TERM
2019-10-21 23:47:07,346 [b88b3e43-5534-49b3-b3f2-a9f154b450de@group-2FABE92B7E5B-LeaderElection353] INFO  impl.RoleInfo (RoleInfo.java:shutdownLeaderElection(134)) - b88b3e43-5534-49b3-b3f2-a9f154b450de: shutdown LeaderElection
2019-10-21 23:47:07,346 [b88b3e43-5534-49b3-b3f2-a9f154b450de@group-2FABE92B7E5B-LeaderElection353] INFO  impl.RoleInfo (RoleInfo.java:updateAndGet(143)) - b88b3e43-5534-49b3-b3f2-a9f154b450de: start FollowerState
2019-10-21 23:47:07,499 [Thread-2545] INFO  impl.FollowerState (FollowerState.java:run(108)) - b88b3e43-5534-49b3-b3f2-a9f154b450de@group-2FABE92B7E5B-FollowerState: change to CANDIDATE, lastRpcTime:153ms, electionTimeout:153ms
2019-10-21 23:47:07,499 [Thread-2545] INFO  impl.RoleInfo (RoleInfo.java:shutdownFollowerState(121)) - b88b3e43-5534-49b3-b3f2-a9f154b450de: shutdown FollowerState
2019-10-21 23:47:07,500 [Thread-2545] INFO  impl.RaftServerImpl (RaftServerImpl.java:setRole(184)) - b88b3e43-5534-49b3-b3f2-a9f154b450de@group-2FABE92B7E5B: changes role from  FOLLOWER to CANDIDATE at term 377 for changeToCandidate
2019-10-21 23:47:07,500 [Thread-2545] INFO  impl.RoleInfo (RoleInfo.java:updateAndGet(143)) - b88b3e43-5534-49b3-b3f2-a9f154b450de: start LeaderElection
2019-10-21 23:47:07,514 [b88b3e43-5534-49b3-b3f2-a9f154b450de@group-2FABE92B7E5B-LeaderElection354] INFO  impl.LeaderElection (LeaderElection.java:askForVotes(178)) - b88b3e43-5534-49b3-b3f2-a9f154b450de@group-2FABE92B7E5B-LeaderElection354: begin an election at term 378 for -1: [c58a0a02-acd3-47c8-b3e9-5b8e0493de45:192.168.157.254:33611, 1360619e-ba1e-4bf9-aec1-9f15b5480b27:192.168.157.254:45658, b88b3e43-5534-49b3-b3f2-a9f154b450de:192.168.157.254:46786], old=null
2019-10-21 23:47:07,515 [grpc-default-executor-1] INFO  impl.RaftServerImpl (RaftServerImpl.java:setRole(184)) - c58a0a02-acd3-47c8-b3e9-5b8e0493de45@group-2FABE92B7E5B: changes role from  FOLLOWER to FOLLOWER at term 378 for recognizeCandidate:b88b3e43-5534-49b3-b3f2-a9f154b450de
2019-10-21 23:47:07,515 [grpc-default-executor-2] INFO  impl.RaftServerImpl (RaftServerImpl.java:setRole(184)) - 1360619e-ba1e-4bf9-aec1-9f15b5480b27@group-2FABE92B7E5B: changes role from  FOLLOWER to FOLLOWER at term 378 for recognizeCandidate:b88b3e43-5534-49b3-b3f2-a9f154b450de
2019-10-21 23:47:07,516 [grpc-default-executor-1] INFO  impl.RoleInfo (RoleInfo.java:shutdownFollowerState(121)) - c58a0a02-acd3-47c8-b3e9-5b8e0493de45: shutdown FollowerState
2019-10-21 23:47:07,516 [grpc-default-executor-2] INFO  impl.RoleInfo (RoleInfo.java:shutdownFollowerState(121)) - 1360619e-ba1e-4bf9-aec1-9f15b5480b27: shutdown FollowerState
2019-10-21 23:47:07,516 [Thread-2544] INFO  impl.FollowerState (FollowerState.java:run(117)) - c58a0a02-acd3-47c8-b3e9-5b8e0493de45@group-2FABE92B7E5B-FollowerState was interrupted: java.lang.InterruptedException: sleep interrupted
2019-10-21 23:47:07,516 [grpc-default-executor-1] INFO  impl.RoleInfo (RoleInfo.java:updateAndGet(143)) - c58a0a02-acd3-47c8-b3e9-5b8e0493de45: start FollowerState
2019-10-21 23:47:07,516 [Thread-2543] INFO  impl.FollowerState (FollowerState.java:run(117)) - 1360619e-ba1e-4bf9-aec1-9f15b5480b27@group-2FABE92B7E5B-FollowerState was interrupted: java.lang.InterruptedException: sleep interrupted
2019-10-21 23:47:07,516 [grpc-default-executor-2] INFO  impl.RoleInfo (RoleInfo.java:updateAndGet(143)) - 1360619e-ba1e-4bf9-aec1-9f15b5480b27: start FollowerState
2019-10-21 23:47:07,532 [b88b3e43-5534-49b3-b3f2-a9f154b450de@group-2FABE92B7E5B-LeaderElection354] INFO  impl.LeaderElection (LeaderElection.java:logAndReturn(56)) - b88b3e43-5534-49b3-b3f2-a9f154b450de@group-2FABE92B7E5B-LeaderElection354: Election REJECTED; received 2 response(s) [b88b3e43-5534-49b3-b3f2-a9f154b450de<-c58a0a02-acd3-47c8-b3e9-5b8e0493de45#0:FAIL-t378, b88b3e43-5534-49b3-b3f2-a9f154b450de<-1360619e-ba1e-4bf9-aec1-9f15b5480b27#0:FAIL-t378] and 0 exception(s); b88b3e43-5534-49b3-b3f2-a9f154b450de@group-2FABE92B7E5B:t378, leader=null, voted=b88b3e43-5534-49b3-b3f2-a9f154b450de, raftlog=b88b3e43-5534-49b3-b3f2-a9f154b450de@group-2FABE92B7E5B-SegmentedRaftLog:OPENED:c-1,f-1,i0, conf=-1: [c58a0a02-acd3-47c8-b3e9-5b8e0493de45:192.168.157.254:33611, 1360619e-ba1e-4bf9-aec1-9f15b5480b27:192.168.157.254:45658, b88b3e43-5534-49b3-b3f2-a9f154b450de:192.168.157.254:46786], old=null
2019-10-21 23:47:07,532 [b88b3e43-5534-49b3-b3f2-a9f154b450de@group-2FABE92B7E5B-LeaderElection354] INFO  impl.RaftServerImpl (RaftServerImpl.java:setRole(184)) - b88b3e43-5534-49b3-b3f2-a9f154b450de@group-2FABE92B7E5B: changes role from CANDIDATE to FOLLOWER at term 378 for DISCOVERED_A_NEW_TERM
2019-10-21 23:47:07,532 [b88b3e43-5534-49b3-b3f2-a9f154b450de@group-2FABE92B7E5B-LeaderElection354] INFO  impl.RoleInfo (RoleInfo.java:shutdownLeaderElection(134)) - b88b3e43-5534-49b3-b3f2-a9f154b450de: shutdown LeaderElection
2019-10-21 23:47:07,532 [b88b3e43-5534-49b3-b3f2-a9f154b450de@group-2FABE92B7E5B-LeaderElection354] INFO  impl.RoleInfo (RoleInfo.java:updateAndGet(143)) - b88b3e43-5534-49b3-b3f2-a9f154b450de: start FollowerState
2019-10-21 23:47:07,669 [Thread-2553] INFO  impl.FollowerState (FollowerState.java:run(108)) - b88b3e43-5534-49b3-b3f2-a9f154b450de@group-2FABE92B7E5B-FollowerState: change to CANDIDATE, lastRpcTime:137ms, electionTimeout:137ms
2019-10-21 23:47:07,669 [Thread-2553] INFO  impl.RoleInfo (RoleInfo.java:shutdownFollowerState(121)) - b88b3e43-5534-49b3-b3f2-a9f154b450de: shutdown FollowerState
2019-10-21 23:47:07,670 [Thread-2553] INFO  impl.RaftServerImpl (RaftServerImpl.java:setRole(184)) - b88b3e43-5534-49b3-b3f2-a9f154b450de@group-2FABE92B7E5B: changes role from  FOLLOWER to CANDIDATE at term 378 for changeToCandidate
2019-10-21 23:47:07,670 [Thread-2553] INFO  impl.RoleInfo (RoleInfo.java:updateAndGet(143)) - b88b3e43-5534-49b3-b3f2-a9f154b450de: start LeaderElection
2019-10-21 23:47:07,684 [b88b3e43-5534-49b3-b3f2-a9f154b450de@group-2FABE92B7E5B-LeaderElection355] INFO  impl.LeaderElection (LeaderElection.java:askForVotes(178)) - b88b3e43-5534-49b3-b3f2-a9f154b450de@group-2FABE92B7E5B-LeaderElection355: begin an election at term 379 for -1: [c58a0a02-acd3-47c8-b3e9-5b8e0493de45:192.168.157.254:33611, 1360619e-ba1e-4bf9-aec1-9f15b5480b27:192.168.157.254:45658, b88b3e43-5534-49b3-b3f2-a9f154b450de:192.168.157.254:46786], old=null
2019-10-21 23:47:07,685 [grpc-default-executor-1] INFO  impl.RaftServerImpl (RaftServerImpl.java:setRole(184)) - c58a0a02-acd3-47c8-b3e9-5b8e0493de45@group-2FABE92B7E5B: changes role from  FOLLOWER to FOLLOWER at term 379 for recognizeCandidate:b88b3e43-5534-49b3-b3f2-a9f154b450de
2019-10-21 23:47:07,686 [grpc-default-executor-1] INFO  impl.RoleInfo (RoleInfo.java:shutdownFollowerState(121)) - c58a0a02-acd3-47c8-b3e9-5b8e0493de45: shutdown FollowerState
2019-10-21 23:47:07,685 [grpc-default-executor-2] INFO  impl.RaftServerImpl (RaftServerImpl.java:setRole(184)) - 1360619e-ba1e-4bf9-aec1-9f15b5480b27@group-2FABE92B7E5B: changes role from  FOLLOWER to FOLLOWER at term 379 for recognizeCandidate:b88b3e43-5534-49b3-b3f2-a9f154b450de
2019-10-21 23:47:07,686 [grpc-default-executor-2] INFO  impl.RoleInfo (RoleInfo.java:shutdownFollowerState(121)) - 1360619e-ba1e-4bf9-aec1-9f15b5480b27: shutdown FollowerState
2019-10-21 23:47:07,686 [Thread-2551] INFO  impl.FollowerState (FollowerState.java:run(117)) - c58a0a02-acd3-47c8-b3e9-5b8e0493de45@group-2FABE92B7E5B-FollowerState was interrupted: java.lang.InterruptedException: sleep interrupted
2019-10-21 23:47:07,686 [grpc-default-executor-1] INFO  impl.RoleInfo (RoleInfo.java:updateAndGet(143)) - c58a0a02-acd3-47c8-b3e9-5b8e0493de45: start FollowerState
2019-10-21 23:47:07,686 [Thread-2552] INFO  impl.FollowerState (FollowerState.java:run(117)) - 1360619e-ba1e-4bf9-aec1-9f15b5480b27@group-2FABE92B7E5B-FollowerState was interrupted: java.lang.InterruptedException: sleep interrupted
2019-10-21 23:47:07,686 [grpc-default-executor-2] INFO  impl.RoleInfo (RoleInfo.java:updateAndGet(143)) - 1360619e-ba1e-4bf9-aec1-9f15b5480b27: start FollowerState
2019-10-21 23:47:07,703 [b88b3e43-5534-49b3-b3f2-a9f154b450de@group-2FABE92B7E5B-LeaderElection355] INFO  impl.LeaderElection (LeaderElection.java:logAndReturn(56)) - b88b3e43-5534-49b3-b3f2-a9f154b450de@group-2FABE92B7E5B-LeaderElection355: Election REJECTED; received 2 response(s) [b88b3e43-5534-49b3-b3f2-a9f154b450de<-c58a0a02-acd3-47c8-b3e9-5b8e0493de45#0:FAIL-t379, b88b3e43-5534-49b3-b3f2-a9f154b450de<-1360619e-ba1e-4bf9-aec1-9f15b5480b27#0:FAIL-t379] and 0 exception(s); b88b3e43-5534-49b3-b3f2-a9f154b450de@group-2FABE92B7E5B:t379, leader=null, voted=b88b3e43-5534-49b3-b3f2-a9f154b450de, raftlog=b88b3e43-5534-49b3-b3f2-a9f154b450de@group-2FABE92B7E5B-SegmentedRaftLog:OPENED:c-1,f-1,i0, conf=-1: [c58a0a02-acd3-47c8-b3e9-5b8e0493de45:192.168.157.254:33611, 1360619e-ba1e-4bf9-aec1-9f15b5480b27:192.168.157.254:45658, b88b3e43-5534-49b3-b3f2-a9f154b450de:192.168.157.254:46786], old=null
2019-10-21 23:47:07,704 [b88b3e43-5534-49b3-b3f2-a9f154b450de@group-2FABE92B7E5B-LeaderElection355] INFO  impl.RaftServerImpl (RaftServerImpl.java:setRole(184)) - b88b3e43-5534-49b3-b3f2-a9f154b450de@group-2FABE92B7E5B: changes role from CANDIDATE to FOLLOWER at term 379 for DISCOVERED_A_NEW_TERM
2019-10-21 23:47:07,704 [b88b3e43-5534-49b3-b3f2-a9f154b450de@group-2FABE92B7E5B-LeaderElection355] INFO  impl.RoleInfo (RoleInfo.java:shutdownLeaderElection(134)) - b88b3e43-5534-49b3-b3f2-a9f154b450de: shutdown LeaderElection
2019-10-21 23:47:07,704 [b88b3e43-5534-49b3-b3f2-a9f154b450de@group-2FABE92B7E5B-LeaderElection355] INFO  impl.RoleInfo (RoleInfo.java:updateAndGet(143)) - b88b3e43-5534-49b3-b3f2-a9f154b450de: start FollowerState
2019-10-21 23:47:07,886 [Thread-2559] INFO  impl.FollowerState (FollowerState.java:run(108)) - b88b3e43-5534-49b3-b3f2-a9f154b450de@group-2FABE92B7E5B-FollowerState: change to CANDIDATE, lastRpcTime:182ms, electionTimeout:182ms
2019-10-21 23:47:07,887 [Thread-2559] INFO  impl.RoleInfo (RoleInfo.java:shutdownFollowerState(121)) - b88b3e43-5534-49b3-b3f2-a9f154b450de: shutdown FollowerState
2019-10-21 23:47:07,887 [Thread-2559] INFO  impl.RaftServerImpl (RaftServerImpl.java:setRole(184)) - b88b3e43-5534-49b3-b3f2-a9f154b450de@group-2FABE92B7E5B: changes role from  FOLLOWER to CANDIDATE at term 379 for changeToCandidate
2019-10-21 23:47:07,887 [Thread-2559] INFO  impl.RoleInfo (RoleInfo.java:updateAndGet(143)) - b88b3e43-5534-49b3-b3f2-a9f154b450de: start LeaderElection
2019-10-21 23:47:07,901 [b88b3e43-5534-49b3-b3f2-a9f154b450de@group-2FABE92B7E5B-LeaderElection356] INFO  impl.LeaderElection (LeaderElection.java:askForVotes(178)) - b88b3e43-5534-49b3-b3f2-a9f154b450de@group-2FABE92B7E5B-LeaderElection356: begin an election at term 380 for -1: [c58a0a02-acd3-47c8-b3e9-5b8e0493de45:192.168.157.254:33611, 1360619e-ba1e-4bf9-aec1-9f15b5480b27:192.168.157.254:45658, b88b3e43-5534-49b3-b3f2-a9f154b450de:192.168.157.254:46786], old=null
2019-10-21 23:47:07,904 [grpc-default-executor-1] INFO  impl.RaftServerImpl (RaftServerImpl.java:setRole(184)) - c58a0a02-acd3-47c8-b3e9-5b8e0493de45@group-2FABE92B7E5B: changes role from  FOLLOWER to FOLLOWER at term 380 for recognizeCandidate:b88b3e43-5534-49b3-b3f2-a9f154b450de
2019-10-21 23:47:07,904 [grpc-default-executor-2] INFO  impl.RaftServerImpl (RaftServerImpl.java:setRole(184)) - 1360619e-ba1e-4bf9-aec1-9f15b5480b27@group-2FABE92B7E5B: changes role from  FOLLOWER to FOLLOWER at term 380 for recognizeCandidate:b88b3e43-5534-49b3-b3f2-a9f154b450de
2019-10-21 23:47:07,904 [grpc-default-executor-1] INFO  impl.RoleInfo (RoleInfo.java:shutdownFollowerState(121)) - c58a0a02-acd3-47c8-b3e9-5b8e0493de45: shutdown FollowerState
2019-10-21 23:47:07,904 [grpc-default-executor-2] INFO  impl.RoleInfo (RoleInfo.java:shutdownFollowerState(121)) - 1360619e-ba1e-4bf9-aec1-9f15b5480b27: shutdown FollowerState
2019-10-21 23:47:07,904 [Thread-2557] INFO  impl.FollowerState (FollowerState.java:run(117)) - c58a0a02-acd3-47c8-b3e9-5b8e0493de45@group-2FABE92B7E5B-FollowerState was interrupted: java.lang.InterruptedException: sleep interrupted
2019-10-21 23:47:07,904 [grpc-default-executor-1] INFO  impl.RoleInfo (RoleInfo.java:updateAndGet(143)) - c58a0a02-acd3-47c8-b3e9-5b8e0493de45: start FollowerState
2019-10-21 23:47:07,904 [Thread-2558] INFO  impl.FollowerState (FollowerState.java:run(117)) - 1360619e-ba1e-4bf9-aec1-9f15b5480b27@group-2FABE92B7E5B-FollowerState was interrupted: java.lang.InterruptedException: sleep interrupted
2019-10-21 23:47:07,904 [grpc-default-executor-2] INFO  impl.RoleInfo (RoleInfo.java:updateAndGet(143)) - 1360619e-ba1e-4bf9-aec1-9f15b5480b27: start FollowerState
2019-10-21 23:47:07,919 [b88b3e43-5534-49b3-b3f2-a9f154b450de@group-2FABE92B7E5B-LeaderElection356] INFO  impl.LeaderElection (LeaderElection.java:logAndReturn(56)) - b88b3e43-5534-49b3-b3f2-a9f154b450de@group-2FABE92B7E5B-LeaderElection356: Election REJECTED; received 2 response(s) [b88b3e43-5534-49b3-b3f2-a9f154b450de<-c58a0a02-acd3-47c8-b3e9-5b8e0493de45#0:FAIL-t380, b88b3e43-5534-49b3-b3f2-a9f154b450de<-1360619e-ba1e-4bf9-aec1-9f15b5480b27#0:FAIL-t380] and 0 exception(s); b88b3e43-5534-49b3-b3f2-a9f154b450de@group-2FABE92B7E5B:t380, leader=null, voted=b88b3e43-5534-49b3-b3f2-a9f154b450de, raftlog=b88b3e43-5534-49b3-b3f2-a9f154b450de@group-2FABE92B7E5B-SegmentedRaftLog:OPENED:c-1,f-1,i0, conf=-1: [c58a0a02-acd3-47c8-b3e9-5b8e0493de45:192.168.157.254:33611, 1360619e-ba1e-4bf9-aec1-9f15b5480b27:192.168.157.254:45658, b88b3e43-5534-49b3-b3f2-a9f154b450de:192.168.157.254:46786], old=null
2019-10-21 23:47:07,919 [b88b3e43-5534-49b3-b3f2-a9f154b450de@group-2FABE92B7E5B-LeaderElection356] INFO  impl.RaftServerImpl (RaftServerImpl.java:setRole(184)) - b88b3e43-5534-49b3-b3f2-a9f154b450de@group-2FABE92B7E5B: changes role from CANDIDATE to FOLLOWER at term 380 for DISCOVERED_A_NEW_TERM
2019-10-21 23:47:07,919 [b88b3e43-5534-49b3-b3f2-a9f154b450de@group-2FABE92B7E5B-LeaderElection356] INFO  impl.RoleInfo (RoleInfo.java:shutdownLeaderElection(134)) - b88b3e43-5534-49b3-b3f2-a9f154b450de: shutdown LeaderElection
2019-10-21 23:47:07,919 [b88b3e43-5534-49b3-b3f2-a9f154b450de@group-2FABE92B7E5B-LeaderElection356] INFO  impl.RoleInfo (RoleInfo.java:updateAndGet(143)) - b88b3e43-5534-49b3-b3f2-a9f154b450de: start FollowerState
2019-10-21 23:47:07,937 [Thread-2565] INFO  impl.FollowerState (FollowerState.java:run(108)) - b88b3e43-5534-49b3-b3f2-a9f154b450de@group-2FABE92B7E5B-FollowerState: change to CANDIDATE, lastRpcTime:18ms, electionTimeout:18ms
2019-10-21 23:47:07,937 [Thread-2565] INFO  impl.RoleInfo (RoleInfo.java:shutdownFollowerState(121)) - b88b3e43-5534-49b3-b3f2-a9f154b450de: shutdown FollowerState
2019-10-21 23:47:07,937 [Thread-2565] INFO  impl.RaftServerImpl (RaftServerImpl.java:setRole(184)) - b88b3e43-5534-49b3-b3f2-a9f154b450de@group-2FABE92B7E5B: changes role from  FOLLOWER to CANDIDATE at term 380 for changeToCandidate
2019-10-21 23:47:07,938 [Thread-2565] INFO  impl.RoleInfo (RoleInfo.java:updateAndGet(143)) - b88b3e43-5534-49b3-b3f2-a9f154b450de: start LeaderElection
2019-10-21 23:47:07,959 [b88b3e43-5534-49b3-b3f2-a9f154b450de@group-2FABE92B7E5B-LeaderElection357] INFO  impl.LeaderElection (LeaderElection.java:askForVotes(178)) - b88b3e43-5534-49b3-b3f2-a9f154b450de@group-2FABE92B7E5B-LeaderElection357: begin an election at term 381 for -1: [c58a0a02-acd3-47c8-b3e9-5b8e0493de45:192.168.157.254:33611, 1360619e-ba1e-4bf9-aec1-9f15b5480b27:192.168.157.254:45658, b88b3e43-5534-49b3-b3f2-a9f154b450de:192.168.157.254:46786], old=null
2019-10-21 23:47:07,960 [grpc-default-executor-1] INFO  impl.RaftServerImpl (RaftServerImpl.java:setRole(184)) - c58a0a02-acd3-47c8-b3e9-5b8e0493de45@group-2FABE92B7E5B: changes role from  FOLLOWER to FOLLOWER at term 381 for recognizeCandidate:b88b3e43-5534-49b3-b3f2-a9f154b450de
2019-10-21 23:47:07,960 [grpc-default-executor-2] INFO  impl.RaftServerImpl (RaftServerImpl.java:setRole(184)) - 1360619e-ba1e-4bf9-aec1-9f15b5480b27@group-2FABE92B7E5B: changes role from  FOLLOWER to FOLLOWER at term 381 for recognizeCandidate:b88b3e43-5534-49b3-b3f2-a9f154b450de
2019-10-21 23:47:07,961 [grpc-default-executor-1] INFO  impl.RoleInfo (RoleInfo.java:shutdownFollowerState(121)) - c58a0a02-acd3-47c8-b3e9-5b8e0493de45: shutdown FollowerState
2019-10-21 23:47:07,961 [grpc-default-executor-2] INFO  impl.RoleInfo (RoleInfo.java:shutdownFollowerState(121)) - 1360619e-ba1e-4bf9-aec1-9f15b5480b27: shutdown FollowerState
2019-10-21 23:47:07,961 [Thread-2563] INFO  impl.FollowerState (FollowerState.java:run(117)) - c58a0a02-acd3-47c8-b3e9-5b8e0493de45@group-2FABE92B7E5B-FollowerState was interrupted: java.lang.InterruptedException: sleep interrupted
2019-10-21 23:47:07,961 [grpc-default-executor-1] INFO  impl.RoleInfo (RoleInfo.java:updateAndGet(143)) - c58a0a02-acd3-47c8-b3e9-5b8e0493de45: start FollowerState
2019-10-21 23:47:07,961 [Thread-2564] INFO  impl.FollowerState (FollowerState.java:run(117)) - 1360619e-ba1e-4bf9-aec1-9f15b5480b27@group-2FABE92B7E5B-FollowerState was interrupted: java.lang.InterruptedException: sleep interrupted
2019-10-21 23:47:07,961 [grpc-default-executor-2] INFO  impl.RoleInfo (RoleInfo.java:updateAndGet(143)) - 1360619e-ba1e-4bf9-aec1-9f15b5480b27: start FollowerState
2019-10-21 23:47:07,975 [b88b3e43-5534-49b3-b3f2-a9f154b450de@group-2FABE92B7E5B-LeaderElection357] INFO  impl.LeaderElection (LeaderElection.java:logAndReturn(56)) - b88b3e43-5534-49b3-b3f2-a9f154b450de@group-2FABE92B7E5B-LeaderElection357: Election REJECTED; received 2 response(s) [b88b3e43-5534-49b3-b3f2-a9f154b450de<-c58a0a02-acd3-47c8-b3e9-5b8e0493de45#0:FAIL-t381, b88b3e43-5534-49b3-b3f2-a9f154b450de<-1360619e-ba1e-4bf9-aec1-9f15b5480b27#0:FAIL-t381] and 0 exception(s); b88b3e43-5534-49b3-b3f2-a9f154b450de@group-2FABE92B7E5B:t381, leader=null, voted=b88b3e43-5534-49b3-b3f2-a9f154b450de, raftlog=b88b3e43-5534-49b3-b3f2-a9f154b450de@group-2FABE92B7E5B-SegmentedRaftLog:OPENED:c-1,f-1,i0, conf=-1: [c58a0a02-acd3-47c8-b3e9-5b8e0493de45:192.168.157.254:33611, 1360619e-ba1e-4bf9-aec1-9f15b5480b27:192.168.157.254:45658, b88b3e43-5534-49b3-b3f2-a9f154b450de:192.168.157.254:46786], old=null
2019-10-21 23:47:07,975 [b88b3e43-5534-49b3-b3f2-a9f154b450de@group-2FABE92B7E5B-LeaderElection357] INFO  impl.RaftServerImpl (RaftServerImpl.java:setRole(184)) - b88b3e43-5534-49b3-b3f2-a9f154b450de@group-2FABE92B7E5B: changes role from CANDIDATE to FOLLOWER at term 381 for DISCOVERED_A_NEW_TERM
2019-10-21 23:47:07,975 [b88b3e43-5534-49b3-b3f2-a9f154b450de@group-2FABE92B7E5B-LeaderElection357] INFO  impl.RoleInfo (RoleInfo.java:shutdownLeaderElection(134)) - b88b3e43-5534-49b3-b3f2-a9f154b450de: shutdown LeaderElection
2019-10-21 23:47:07,975 [b88b3e43-5534-49b3-b3f2-a9f154b450de@group-2FABE92B7E5B-LeaderElection357] INFO  impl.RoleInfo (RoleInfo.java:updateAndGet(143)) - b88b3e43-5534-49b3-b3f2-a9f154b450de: start FollowerState
2019-10-21 23:47:08,164 [Thread-2571] INFO  impl.FollowerState (FollowerState.java:run(108)) - b88b3e43-5534-49b3-b3f2-a9f154b450de@group-2FABE92B7E5B-FollowerState: change to CANDIDATE, lastRpcTime:188ms, electionTimeout:188ms
2019-10-21 23:47:08,164 [Thread-2571] INFO  impl.RoleInfo (RoleInfo.java:shutdownFollowerState(121)) - b88b3e43-5534-49b3-b3f2-a9f154b450de: shutdown FollowerState
2019-10-21 23:47:08,164 [Thread-2571] INFO  impl.RaftServerImpl (RaftServerImpl.java:setRole(184)) - b88b3e43-5534-49b3-b3f2-a9f154b450de@group-2FABE92B7E5B: changes role from  FOLLOWER to CANDIDATE at term 381 for changeToCandidate
2019-10-21 23:47:08,164 [Thread-2571] INFO  impl.RoleInfo (RoleInfo.java:updateAndGet(143)) - b88b3e43-5534-49b3-b3f2-a9f154b450de: start LeaderElection
2019-10-21 23:47:08,178 [b88b3e43-5534-49b3-b3f2-a9f154b450de@group-2FABE92B7E5B-LeaderElection358] INFO  impl.LeaderElection (LeaderElection.java:askForVotes(178)) - b88b3e43-5534-49b3-b3f2-a9f154b450de@group-2FABE92B7E5B-LeaderElection358: begin an election at term 382 for -1: [c58a0a02-acd3-47c8-b3e9-5b8e0493de45:192.168.157.254:33611, 1360619e-ba1e-4bf9-aec1-9f15b5480b27:192.168.157.254:45658, b88b3e43-5534-49b3-b3f2-a9f154b450de:192.168.157.254:46786], old=null
2019-10-21 23:47:08,179 [grpc-default-executor-1] INFO  impl.RaftServerImpl (RaftServerImpl.java:setRole(184)) - 1360619e-ba1e-4bf9-aec1-9f15b5480b27@group-2FABE92B7E5B: changes role from  FOLLOWER to FOLLOWER at term 382 for recognizeCandidate:b88b3e43-5534-49b3-b3f2-a9f154b450de
2019-10-21 23:47:08,180 [grpc-default-executor-1] INFO  impl.RoleInfo (RoleInfo.java:shutdownFollowerState(121)) - 1360619e-ba1e-4bf9-aec1-9f15b5480b27: shutdown FollowerState
2019-10-21 23:47:08,179 [grpc-default-executor-2] INFO  impl.RaftServerImpl (RaftServerImpl.java:setRole(184)) - c58a0a02-acd3-47c8-b3e9-5b8e0493de45@group-2FABE92B7E5B: changes role from  FOLLOWER to FOLLOWER at term 382 for recognizeCandidate:b88b3e43-5534-49b3-b3f2-a9f154b450de
2019-10-21 23:47:08,180 [grpc-default-executor-1] INFO  impl.RoleInfo (RoleInfo.java:updateAndGet(143)) - 1360619e-ba1e-4bf9-aec1-9f15b5480b27: start FollowerState
2019-10-21 23:47:08,180 [Thread-2570] INFO  impl.FollowerState (FollowerState.java:run(117)) - 1360619e-ba1e-4bf9-aec1-9f15b5480b27@group-2FABE92B7E5B-FollowerState was interrupted: java.lang.InterruptedException: sleep interrupted
2019-10-21 23:47:08,180 [grpc-default-executor-2] INFO  impl.RoleInfo (RoleInfo.java:shutdownFollowerState(121)) - c58a0a02-acd3-47c8-b3e9-5b8e0493de45: shutdown FollowerState
2019-10-21 23:47:08,181 [grpc-default-executor-2] INFO  impl.RoleInfo (RoleInfo.java:updateAndGet(143)) - c58a0a02-acd3-47c8-b3e9-5b8e0493de45: start FollowerState
2019-10-21 23:47:08,181 [Thread-2569] INFO  impl.FollowerState (FollowerState.java:run(117)) - c58a0a02-acd3-47c8-b3e9-5b8e0493de45@group-2FABE92B7E5B-FollowerState was interrupted: java.lang.InterruptedException: sleep interrupted
2019-10-21 23:47:08,207 [b88b3e43-5534-49b3-b3f2-a9f154b450de@group-2FABE92B7E5B-LeaderElection358] INFO  impl.LeaderElection (LeaderElection.java:logAndReturn(56)) - b88b3e43-5534-49b3-b3f2-a9f154b450de@group-2FABE92B7E5B-LeaderElection358: Election REJECTED; received 2 response(s) [b88b3e43-5534-49b3-b3f2-a9f154b450de<-c58a0a02-acd3-47c8-b3e9-5b8e0493de45#0:FAIL-t382, b88b3e43-5534-49b3-b3f2-a9f154b450de<-1360619e-ba1e-4bf9-aec1-9f15b5480b27#0:FAIL-t382] and 0 exception(s); b88b3e43-5534-49b3-b3f2-a9f154b450de@group-2FABE92B7E5B:t382, leader=null, voted=b88b3e43-5534-49b3-b3f2-a9f154b450de, raftlog=b88b3e43-5534-49b3-b3f2-a9f154b450de@group-2FABE92B7E5B-SegmentedRaftLog:OPENED:c-1,f-1,i0, conf=-1: [c58a0a02-acd3-47c8-b3e9-5b8e0493de45:192.168.157.254:33611, 1360619e-ba1e-4bf9-aec1-9f15b5480b27:192.168.157.254:45658, b88b3e43-5534-49b3-b3f2-a9f154b450de:192.168.157.254:46786], old=null
2019-10-21 23:47:08,207 [b88b3e43-5534-49b3-b3f2-a9f154b450de@group-2FABE92B7E5B-LeaderElection358] INFO  impl.RaftServerImpl (RaftServerImpl.java:setRole(184)) - b88b3e43-5534-49b3-b3f2-a9f154b450de@group-2FABE92B7E5B: changes role from CANDIDATE to FOLLOWER at term 382 for DISCOVERED_A_NEW_TERM
2019-10-21 23:47:08,207 [b88b3e43-5534-49b3-b3f2-a9f154b450de@group-2FABE92B7E5B-LeaderElection358] INFO  impl.RoleInfo (RoleInfo.java:shutdownLeaderElection(134)) - b88b3e43-5534-49b3-b3f2-a9f154b450de: shutdown LeaderElection
2019-10-21 23:47:08,207 [b88b3e43-5534-49b3-b3f2-a9f154b450de@group-2FABE92B7E5B-LeaderElection358] INFO  impl.RoleInfo (RoleInfo.java:updateAndGet(143)) - b88b3e43-5534-49b3-b3f2-a9f154b450de: start FollowerState
2019-10-21 23:47:08,239 [Thread-2577] INFO  impl.FollowerState (FollowerState.java:run(108)) - b88b3e43-5534-49b3-b3f2-a9f154b450de@group-2FABE92B7E5B-FollowerState: change to CANDIDATE, lastRpcTime:32ms, electionTimeout:32ms
2019-10-21 23:47:08,239 [Thread-2577] INFO  impl.RoleInfo (RoleInfo.java:shutdownFollowerState(121)) - b88b3e43-5534-49b3-b3f2-a9f154b450de: shutdown FollowerState
2019-10-21 23:47:08,240 [Thread-2577] INFO  impl.RaftServerImpl (RaftServerImpl.java:setRole(184)) - b88b3e43-5534-49b3-b3f2-a9f154b450de@group-2FABE92B7E5B: changes role from  FOLLOWER to CANDIDATE at term 382 for changeToCandidate
2019-10-21 23:47:08,240 [Thread-2577] INFO  impl.RoleInfo (RoleInfo.java:updateAndGet(143)) - b88b3e43-5534-49b3-b3f2-a9f154b450de: start LeaderElection
2019-10-21 23:47:08,266 [b88b3e43-5534-49b3-b3f2-a9f154b450de@group-2FABE92B7E5B-LeaderElection359] INFO  impl.LeaderElection (LeaderElection.java:askForVotes(178)) - b88b3e43-5534-49b3-b3f2-a9f154b450de@group-2FABE92B7E5B-LeaderElection359: begin an election at term 383 for -1: [c58a0a02-acd3-47c8-b3e9-5b8e0493de45:192.168.157.254:33611, 1360619e-ba1e-4bf9-aec1-9f15b5480b27:192.168.157.254:45658, b88b3e43-5534-49b3-b3f2-a9f154b450de:192.168.157.254:46786], old=null
2019-10-21 23:47:08,268 [grpc-default-executor-1] INFO  impl.RaftServerImpl (RaftServerImpl.java:setRole(184)) - 1360619e-ba1e-4bf9-aec1-9f15b5480b27@group-2FABE92B7E5B: changes role from  FOLLOWER to FOLLOWER at term 383 for recognizeCandidate:b88b3e43-5534-49b3-b3f2-a9f154b450de
2019-10-21 23:47:08,268 [grpc-default-executor-1] INFO  impl.RoleInfo (RoleInfo.java:shutdownFollowerState(121)) - 1360619e-ba1e-4bf9-aec1-9f15b5480b27: shutdown FollowerState
2019-10-21 23:47:08,268 [grpc-default-executor-2] INFO  impl.RaftServerImpl (RaftServerImpl.java:setRole(184)) - c58a0a02-acd3-47c8-b3e9-5b8e0493de45@group-2FABE92B7E5B: changes role from  FOLLOWER to FOLLOWER at term 383 for recognizeCandidate:b88b3e43-5534-49b3-b3f2-a9f154b450de
2019-10-21 23:47:08,268 [grpc-default-executor-2] INFO  impl.RoleInfo (RoleInfo.java:shutdownFollowerState(121)) - c58a0a02-acd3-47c8-b3e9-5b8e0493de45: shutdown FollowerState
2019-10-21 23:47:08,268 [Thread-2575] INFO  impl.FollowerState (FollowerState.java:run(117)) - 1360619e-ba1e-4bf9-aec1-9f15b5480b27@group-2FABE92B7E5B-FollowerState was interrupted: java.lang.InterruptedException: sleep interrupted
2019-10-21 23:47:08,268 [grpc-default-executor-1] INFO  impl.RoleInfo (RoleInfo.java:updateAndGet(143)) - 1360619e-ba1e-4bf9-aec1-9f15b5480b27: start FollowerState
2019-10-21 23:47:08,269 [grpc-default-executor-2] INFO  impl.RoleInfo (RoleInfo.java:updateAndGet(143)) - c58a0a02-acd3-47c8-b3e9-5b8e0493de45: start FollowerState
2019-10-21 23:47:08,269 [Thread-2576] INFO  impl.FollowerState (FollowerState.java:run(117)) - c58a0a02-acd3-47c8-b3e9-5b8e0493de45@group-2FABE92B7E5B-FollowerState was interrupted: java.lang.InterruptedException: sleep interrupted
2019-10-21 23:47:08,279 [b88b3e43-5534-49b3-b3f2-a9f154b450de@group-2FABE92B7E5B-LeaderElection359] INFO  impl.LeaderElection (LeaderElection.java:logAndReturn(56)) - b88b3e43-5534-49b3-b3f2-a9f154b450de@group-2FABE92B7E5B-LeaderElection359: Election TIMEOUT; received 0 response(s) [] and 0 exception(s); b88b3e43-5534-49b3-b3f2-a9f154b450de@group-2FABE92B7E5B:t383, leader=null, voted=b88b3e43-5534-49b3-b3f2-a9f154b450de, raftlog=b88b3e43-5534-49b3-b3f2-a9f154b450de@group-2FABE92B7E5B-SegmentedRaftLog:OPENED:c-1,f-1,i0, conf=-1: [c58a0a02-acd3-47c8-b3e9-5b8e0493de45:192.168.157.254:33611, 1360619e-ba1e-4bf9-aec1-9f15b5480b27:192.168.157.254:45658, b88b3e43-5534-49b3-b3f2-a9f154b450de:192.168.157.254:46786], old=null
2019-10-21 23:47:08,295 [b88b3e43-5534-49b3-b3f2-a9f154b450de@group-2FABE92B7E5B-LeaderElection359] INFO  impl.LeaderElection (LeaderElection.java:askForVotes(178)) - b88b3e43-5534-49b3-b3f2-a9f154b450de@group-2FABE92B7E5B-LeaderElection359: begin an election at term 384 for -1: [c58a0a02-acd3-47c8-b3e9-5b8e0493de45:192.168.157.254:33611, 1360619e-ba1e-4bf9-aec1-9f15b5480b27:192.168.157.254:45658, b88b3e43-5534-49b3-b3f2-a9f154b450de:192.168.157.254:46786], old=null
2019-10-21 23:47:08,296 [grpc-default-executor-1] INFO  impl.RaftServerImpl (RaftServerImpl.java:setRole(184)) - c58a0a02-acd3-47c8-b3e9-5b8e0493de45@group-2FABE92B7E5B: changes role from  FOLLOWER to FOLLOWER at term 384 for recognizeCandidate:b88b3e43-5534-49b3-b3f2-a9f154b450de
2019-10-21 23:47:08,296 [grpc-default-executor-2] INFO  impl.RaftServerImpl (RaftServerImpl.java:setRole(184)) - 1360619e-ba1e-4bf9-aec1-9f15b5480b27@group-2FABE92B7E5B: changes role from  FOLLOWER to FOLLOWER at term 384 for recognizeCandidate:b88b3e43-5534-49b3-b3f2-a9f154b450de
2019-10-21 23:47:08,296 [grpc-default-executor-1] INFO  impl.RoleInfo (RoleInfo.java:shutdownFollowerState(121)) - c58a0a02-acd3-47c8-b3e9-5b8e0493de45: shutdown FollowerState
2019-10-21 23:47:08,297 [grpc-default-executor-2] INFO  impl.RoleInfo (RoleInfo.java:shutdownFollowerState(121)) - 1360619e-ba1e-4bf9-aec1-9f15b5480b27: shutdown FollowerState
2019-10-21 23:47:08,297 [Thread-2582] INFO  impl.FollowerState (FollowerState.java:run(117)) - c58a0a02-acd3-47c8-b3e9-5b8e0493de45@group-2FABE92B7E5B-FollowerState was interrupted: java.lang.InterruptedException: sleep interrupted
2019-10-21 23:47:08,297 [grpc-default-executor-1] INFO  impl.RoleInfo (RoleInfo.java:updateAndGet(143)) - c58a0a02-acd3-47c8-b3e9-5b8e0493de45: start FollowerState
2019-10-21 23:47:08,297 [Thread-2581] INFO  impl.FollowerState (FollowerState.java:run(117)) - 1360619e-ba1e-4bf9-aec1-9f15b5480b27@group-2FABE92B7E5B-FollowerState was interrupted: java.lang.InterruptedException: sleep interrupted
2019-10-21 23:47:08,297 [grpc-default-executor-2] INFO  impl.RoleInfo (RoleInfo.java:updateAndGet(143)) - 1360619e-ba1e-4bf9-aec1-9f15b5480b27: start FollowerState
2019-10-21 23:47:08,312 [b88b3e43-5534-49b3-b3f2-a9f154b450de@group-2FABE92B7E5B-LeaderElection359] INFO  impl.LeaderElection (LeaderElection.java:logAndReturn(56)) - b88b3e43-5534-49b3-b3f2-a9f154b450de@group-2FABE92B7E5B-LeaderElection359: Election REJECTED; received 2 response(s) [b88b3e43-5534-49b3-b3f2-a9f154b450de<-c58a0a02-acd3-47c8-b3e9-5b8e0493de45#0:FAIL-t384, b88b3e43-5534-49b3-b3f2-a9f154b450de<-1360619e-ba1e-4bf9-aec1-9f15b5480b27#0:FAIL-t384] and 0 exception(s); b88b3e43-5534-49b3-b3f2-a9f154b450de@group-2FABE92B7E5B:t384, leader=null, voted=b88b3e43-5534-49b3-b3f2-a9f154b450de, raftlog=b88b3e43-5534-49b3-b3f2-a9f154b450de@group-2FABE92B7E5B-SegmentedRaftLog:OPENED:c-1,f-1,i0, conf=-1: [c58a0a02-acd3-47c8-b3e9-5b8e0493de45:192.168.157.254:33611, 1360619e-ba1e-4bf9-aec1-9f15b5480b27:192.168.157.254:45658, b88b3e43-5534-49b3-b3f2-a9f154b450de:192.168.157.254:46786], old=null
2019-10-21 23:47:08,313 [b88b3e43-5534-49b3-b3f2-a9f154b450de@group-2FABE92B7E5B-LeaderElection359] INFO  impl.RaftServerImpl (RaftServerImpl.java:setRole(184)) - b88b3e43-5534-49b3-b3f2-a9f154b450de@group-2FABE92B7E5B: changes role from CANDIDATE to FOLLOWER at term 384 for DISCOVERED_A_NEW_TERM
2019-10-21 23:47:08,313 [b88b3e43-5534-49b3-b3f2-a9f154b450de@group-2FABE92B7E5B-LeaderElection359] INFO  impl.RoleInfo (RoleInfo.java:shutdownLeaderElection(134)) - b88b3e43-5534-49b3-b3f2-a9f154b450de: shutdown LeaderElection
2019-10-21 23:47:08,313 [b88b3e43-5534-49b3-b3f2-a9f154b450de@group-2FABE92B7E5B-LeaderElection359] INFO  impl.RoleInfo (RoleInfo.java:updateAndGet(143)) - b88b3e43-5534-49b3-b3f2-a9f154b450de: start FollowerState
2019-10-21 23:47:08,421 [Thread-2587] INFO  impl.FollowerState (FollowerState.java:run(108)) - b88b3e43-5534-49b3-b3f2-a9f154b450de@group-2FABE92B7E5B-FollowerState: change to CANDIDATE, lastRpcTime:108ms, electionTimeout:108ms
2019-10-21 23:47:08,421 [Thread-2587] INFO  impl.RoleInfo (RoleInfo.java:shutdownFollowerState(121)) - b88b3e43-5534-49b3-b3f2-a9f154b450de: shutdown FollowerState
2019-10-21 23:47:08,421 [Thread-2587] INFO  impl.RaftServerImpl (RaftServerImpl.java:setRole(184)) - b88b3e43-5534-49b3-b3f2-a9f154b450de@group-2FABE92B7E5B: changes role from  FOLLOWER to CANDIDATE at term 384 for changeToCandidate
2019-10-21 23:47:08,422 [Thread-2587] INFO  impl.RoleInfo (RoleInfo.java:updateAndGet(143)) - b88b3e43-5534-49b3-b3f2-a9f154b450de: start LeaderElection
2019-10-21 23:47:08,435 [b88b3e43-5534-49b3-b3f2-a9f154b450de@group-2FABE92B7E5B-LeaderElection360] INFO  impl.LeaderElection (LeaderElection.java:askForVotes(178)) - b88b3e43-5534-49b3-b3f2-a9f154b450de@group-2FABE92B7E5B-LeaderElection360: begin an election at term 385 for -1: [c58a0a02-acd3-47c8-b3e9-5b8e0493de45:192.168.157.254:33611, 1360619e-ba1e-4bf9-aec1-9f15b5480b27:192.168.157.254:45658, b88b3e43-5534-49b3-b3f2-a9f154b450de:192.168.157.254:46786], old=null
2019-10-21 23:47:08,436 [grpc-default-executor-1] INFO  impl.RaftServerImpl (RaftServerImpl.java:setRole(184)) - c58a0a02-acd3-47c8-b3e9-5b8e0493de45@group-2FABE92B7E5B: changes role from  FOLLOWER to FOLLOWER at term 385 for recognizeCandidate:b88b3e43-5534-49b3-b3f2-a9f154b450de
2019-10-21 23:47:08,436 [grpc-default-executor-1] INFO  impl.RoleInfo (RoleInfo.java:shutdownFollowerState(121)) - c58a0a02-acd3-47c8-b3e9-5b8e0493de45: shutdown FollowerState
2019-10-21 23:47:08,436 [grpc-default-executor-2] INFO  impl.RaftServerImpl (RaftServerImpl.java:setRole(184)) - 1360619e-ba1e-4bf9-aec1-9f15b5480b27@group-2FABE92B7E5B: changes role from  FOLLOWER to FOLLOWER at term 385 for recognizeCandidate:b88b3e43-5534-49b3-b3f2-a9f154b450de
2019-10-21 23:47:08,437 [grpc-default-executor-2] INFO  impl.RoleInfo (RoleInfo.java:shutdownFollowerState(121)) - 1360619e-ba1e-4bf9-aec1-9f15b5480b27: shutdown FollowerState
2019-10-21 23:47:08,437 [Thread-2585] INFO  impl.FollowerState (FollowerState.java:run(117)) - c58a0a02-acd3-47c8-b3e9-5b8e0493de45@group-2FABE92B7E5B-FollowerState was interrupted: java.lang.InterruptedException: sleep interrupted
2019-10-21 23:47:08,437 [grpc-default-executor-1] INFO  impl.RoleInfo (RoleInfo.java:updateAndGet(143)) - c58a0a02-acd3-47c8-b3e9-5b8e0493de45: start FollowerState
2019-10-21 23:47:08,437 [Thread-2586] INFO  impl.FollowerState (FollowerState.java:run(117)) - 1360619e-ba1e-4bf9-aec1-9f15b5480b27@group-2FABE92B7E5B-FollowerState was interrupted: java.lang.InterruptedException: sleep interrupted
2019-10-21 23:47:08,437 [grpc-default-executor-2] INFO  impl.RoleInfo (RoleInfo.java:updateAndGet(143)) - 1360619e-ba1e-4bf9-aec1-9f15b5480b27: start FollowerState
2019-10-21 23:47:08,463 [b88b3e43-5534-49b3-b3f2-a9f154b450de@group-2FABE92B7E5B-LeaderElection360] INFO  impl.LeaderElection (LeaderElection.java:logAndReturn(56)) - b88b3e43-5534-49b3-b3f2-a9f154b450de@group-2FABE92B7E5B-LeaderElection360: Election REJECTED; received 2 response(s) [b88b3e43-5534-49b3-b3f2-a9f154b450de<-c58a0a02-acd3-47c8-b3e9-5b8e0493de45#0:FAIL-t385, b88b3e43-5534-49b3-b3f2-a9f154b450de<-1360619e-ba1e-4bf9-aec1-9f15b5480b27#0:FAIL-t385] and 0 exception(s); b88b3e43-5534-49b3-b3f2-a9f154b450de@group-2FABE92B7E5B:t385, leader=null, voted=b88b3e43-5534-49b3-b3f2-a9f154b450de, raftlog=b88b3e43-5534-49b3-b3f2-a9f154b450de@group-2FABE92B7E5B-SegmentedRaftLog:OPENED:c-1,f-1,i0, conf=-1: [c58a0a02-acd3-47c8-b3e9-5b8e0493de45:192.168.157.254:33611, 1360619e-ba1e-4bf9-aec1-9f15b5480b27:192.168.157.254:45658, b88b3e43-5534-49b3-b3f2-a9f154b450de:192.168.157.254:46786], old=null
2019-10-21 23:47:08,463 [b88b3e43-5534-49b3-b3f2-a9f154b450de@group-2FABE92B7E5B-LeaderElection360] INFO  impl.RaftServerImpl (RaftServerImpl.java:setRole(184)) - b88b3e43-5534-49b3-b3f2-a9f154b450de@group-2FABE92B7E5B: changes role from CANDIDATE to FOLLOWER at term 385 for DISCOVERED_A_NEW_TERM
2019-10-21 23:47:08,463 [b88b3e43-5534-49b3-b3f2-a9f154b450de@group-2FABE92B7E5B-LeaderElection360] INFO  impl.RoleInfo (RoleInfo.java:shutdownLeaderElection(134)) - b88b3e43-5534-49b3-b3f2-a9f154b450de: shutdown LeaderElection
2019-10-21 23:47:08,463 [b88b3e43-5534-49b3-b3f2-a9f154b450de@group-2FABE92B7E5B-LeaderElection360] INFO  impl.RoleInfo (RoleInfo.java:updateAndGet(143)) - b88b3e43-5534-49b3-b3f2-a9f154b450de: start FollowerState
2019-10-21 23:47:08,606 [Thread-2595] INFO  impl.FollowerState (FollowerState.java:run(108)) - b88b3e43-5534-49b3-b3f2-a9f154b450de@group-2FABE92B7E5B-FollowerState: change to CANDIDATE, lastRpcTime:142ms, electionTimeout:142ms
2019-10-21 23:47:08,606 [Thread-2595] INFO  impl.RoleInfo (RoleInfo.java:shutdownFollowerState(121)) - b88b3e43-5534-49b3-b3f2-a9f154b450de: shutdown FollowerState
2019-10-21 23:47:08,606 [Thread-2595] INFO  impl.RaftServerImpl (RaftServerImpl.java:setRole(184)) - b88b3e43-5534-49b3-b3f2-a9f154b450de@group-2FABE92B7E5B: changes role from  FOLLOWER to CANDIDATE at term 385 for changeToCandidate
2019-10-21 23:47:08,606 [Thread-2595] INFO  impl.RoleInfo (RoleInfo.java:updateAndGet(143)) - b88b3e43-5534-49b3-b3f2-a9f154b450de: start LeaderElection
2019-10-21 23:47:08,632 [b88b3e43-5534-49b3-b3f2-a9f154b450de@group-2FABE92B7E5B-LeaderElection361] INFO  impl.LeaderElection (LeaderElection.java:askForVotes(178)) - b88b3e43-5534-49b3-b3f2-a9f154b450de@group-2FABE92B7E5B-LeaderElection361: begin an election at term 386 for -1: [c58a0a02-acd3-47c8-b3e9-5b8e0493de45:192.168.157.254:33611, 1360619e-ba1e-4bf9-aec1-9f15b5480b27:192.168.157.254:45658, b88b3e43-5534-49b3-b3f2-a9f154b450de:192.168.157.254:46786], old=null
2019-10-21 23:47:08,634 [grpc-default-executor-1] INFO  impl.RaftServerImpl (RaftServerImpl.java:setRole(184)) - c58a0a02-acd3-47c8-b3e9-5b8e0493de45@group-2FABE92B7E5B: changes role from  FOLLOWER to FOLLOWER at term 386 for recognizeCandidate:b88b3e43-5534-49b3-b3f2-a9f154b450de
2019-10-21 23:47:08,634 [grpc-default-executor-2] INFO  impl.RaftServerImpl (RaftServerImpl.java:setRole(184)) - 1360619e-ba1e-4bf9-aec1-9f15b5480b27@group-2FABE92B7E5B: changes role from  FOLLOWER to FOLLOWER at term 386 for recognizeCandidate:b88b3e43-5534-49b3-b3f2-a9f154b450de
2019-10-21 23:47:08,635 [grpc-default-executor-1] INFO  impl.RoleInfo (RoleInfo.java:shutdownFollowerState(121)) - c58a0a02-acd3-47c8-b3e9-5b8e0493de45: shutdown FollowerState
2019-10-21 23:47:08,635 [grpc-default-executor-2] INFO  impl.RoleInfo (RoleInfo.java:shutdownFollowerState(121)) - 1360619e-ba1e-4bf9-aec1-9f15b5480b27: shutdown FollowerState
2019-10-21 23:47:08,635 [Thread-2593] INFO  impl.FollowerState (FollowerState.java:run(117)) - c58a0a02-acd3-47c8-b3e9-5b8e0493de45@group-2FABE92B7E5B-FollowerState was interrupted: java.lang.InterruptedException: sleep interrupted
2019-10-21 23:47:08,635 [grpc-default-executor-1] INFO  impl.RoleInfo (RoleInfo.java:updateAndGet(143)) - c58a0a02-acd3-47c8-b3e9-5b8e0493de45: start FollowerState
2019-10-21 23:47:08,635 [Thread-2594] INFO  impl.FollowerState (FollowerState.java:run(117)) - 1360619e-ba1e-4bf9-aec1-9f15b5480b27@group-2FABE92B7E5B-FollowerState was interrupted: java.lang.InterruptedException: sleep interrupted
2019-10-21 23:47:08,635 [grpc-default-executor-2] INFO  impl.RoleInfo (RoleInfo.java:updateAndGet(143)) - 1360619e-ba1e-4bf9-aec1-9f15b5480b27: start FollowerState
2019-10-21 23:47:08,662 [b88b3e43-5534-49b3-b3f2-a9f154b450de@group-2FABE92B7E5B-LeaderElection361] INFO  impl.LeaderElection (LeaderElection.java:logAndReturn(56)) - b88b3e43-5534-49b3-b3f2-a9f154b450de@group-2FABE92B7E5B-LeaderElection361: Election REJECTED; received 2 response(s) [b88b3e43-5534-49b3-b3f2-a9f154b450de<-c58a0a02-acd3-47c8-b3e9-5b8e0493de45#0:FAIL-t386, b88b3e43-5534-49b3-b3f2-a9f154b450de<-1360619e-ba1e-4bf9-aec1-9f15b5480b27#0:FAIL-t386] and 0 exception(s); b88b3e43-5534-49b3-b3f2-a9f154b450de@group-2FABE92B7E5B:t386, leader=null, voted=b88b3e43-5534-49b3-b3f2-a9f154b450de, raftlog=b88b3e43-5534-49b3-b3f2-a9f154b450de@group-2FABE92B7E5B-SegmentedRaftLog:OPENED:c-1,f-1,i0, conf=-1: [c58a0a02-acd3-47c8-b3e9-5b8e0493de45:192.168.157.254:33611, 1360619e-ba1e-4bf9-aec1-9f15b5480b27:192.168.157.254:45658, b88b3e43-5534-49b3-b3f2-a9f154b450de:192.168.157.254:46786], old=null
2019-10-21 23:47:08,662 [b88b3e43-5534-49b3-b3f2-a9f154b450de@group-2FABE92B7E5B-LeaderElection361] INFO  impl.RaftServerImpl (RaftServerImpl.java:setRole(184)) - b88b3e43-5534-49b3-b3f2-a9f154b450de@group-2FABE92B7E5B: changes role from CANDIDATE to FOLLOWER at term 386 for DISCOVERED_A_NEW_TERM
2019-10-21 23:47:08,662 [b88b3e43-5534-49b3-b3f2-a9f154b450de@group-2FABE92B7E5B-LeaderElection361] INFO  impl.RoleInfo (RoleInfo.java:shutdownLeaderElection(134)) - b88b3e43-5534-49b3-b3f2-a9f154b450de: shutdown LeaderElection
2019-10-21 23:47:08,662 [b88b3e43-5534-49b3-b3f2-a9f154b450de@group-2FABE92B7E5B-LeaderElection361] INFO  impl.RoleInfo (RoleInfo.java:updateAndGet(143)) - b88b3e43-5534-49b3-b3f2-a9f154b450de: start FollowerState
2019-10-21 23:47:08,770 [Thread-2601] INFO  impl.FollowerState (FollowerState.java:run(108)) - b88b3e43-5534-49b3-b3f2-a9f154b450de@group-2FABE92B7E5B-FollowerState: change to CANDIDATE, lastRpcTime:108ms, electionTimeout:108ms
2019-10-21 23:47:08,771 [Thread-2601] INFO  impl.RoleInfo (RoleInfo.java:shutdownFollowerState(121)) - b88b3e43-5534-49b3-b3f2-a9f154b450de: shutdown FollowerState
2019-10-21 23:47:08,771 [Thread-2601] INFO  impl.RaftServerImpl (RaftServerImpl.java:setRole(184)) - b88b3e43-5534-49b3-b3f2-a9f154b450de@group-2FABE92B7E5B: changes role from  FOLLOWER to CANDIDATE at term 386 for changeToCandidate
2019-10-21 23:47:08,771 [Thread-2601] INFO  impl.RoleInfo (RoleInfo.java:updateAndGet(143)) - b88b3e43-5534-49b3-b3f2-a9f154b450de: start LeaderElection
2019-10-21 23:47:08,796 [b88b3e43-5534-49b3-b3f2-a9f154b450de@group-2FABE92B7E5B-LeaderElection362] INFO  impl.LeaderElection (LeaderElection.java:askForVotes(178)) - b88b3e43-5534-49b3-b3f2-a9f154b450de@group-2FABE92B7E5B-LeaderElection362: begin an election at term 387 for -1: [c58a0a02-acd3-47c8-b3e9-5b8e0493de45:192.168.157.254:33611, 1360619e-ba1e-4bf9-aec1-9f15b5480b27:192.168.157.254:45658, b88b3e43-5534-49b3-b3f2-a9f154b450de:192.168.157.254:46786], old=null
2019-10-21 23:47:08,798 [grpc-default-executor-1] INFO  impl.RaftServerImpl (RaftServerImpl.java:setRole(184)) - 1360619e-ba1e-4bf9-aec1-9f15b5480b27@group-2FABE92B7E5B: changes role from  FOLLOWER to FOLLOWER at term 387 for recognizeCandidate:b88b3e43-5534-49b3-b3f2-a9f154b450de
2019-10-21 23:47:08,798 [grpc-default-executor-2] INFO  impl.RaftServerImpl (RaftServerImpl.java:setRole(184)) - c58a0a02-acd3-47c8-b3e9-5b8e0493de45@group-2FABE92B7E5B: changes role from  FOLLOWER to FOLLOWER at term 387 for recognizeCandidate:b88b3e43-5534-49b3-b3f2-a9f154b450de
2019-10-21 23:47:08,799 [grpc-default-executor-2] INFO  impl.RoleInfo (RoleInfo.java:shutdownFollowerState(121)) - c58a0a02-acd3-47c8-b3e9-5b8e0493de45: shutdown FollowerState
2019-10-21 23:47:08,798 [grpc-default-executor-1] INFO  impl.RoleInfo (RoleInfo.java:shutdownFollowerState(121)) - 1360619e-ba1e-4bf9-aec1-9f15b5480b27: shutdown FollowerState
2019-10-21 23:47:08,799 [Thread-2599] INFO  impl.FollowerState (FollowerState.java:run(117)) - c58a0a02-acd3-47c8-b3e9-5b8e0493de45@group-2FABE92B7E5B-FollowerState was interrupted: java.lang.InterruptedException: sleep interrupted
2019-10-21 23:47:08,799 [grpc-default-executor-2] INFO  impl.RoleInfo (RoleInfo.java:updateAndGet(143)) - c58a0a02-acd3-47c8-b3e9-5b8e0493de45: start FollowerState
2019-10-21 23:47:08,799 [Thread-2600] INFO  impl.FollowerState (FollowerState.java:run(117)) - 1360619e-ba1e-4bf9-aec1-9f15b5480b27@group-2FABE92B7E5B-FollowerState was interrupted: java.lang.InterruptedException: sleep interrupted
2019-10-21 23:47:08,799 [grpc-default-executor-1] INFO  impl.RoleInfo (RoleInfo.java:updateAndGet(143)) - 1360619e-ba1e-4bf9-aec1-9f15b5480b27: start FollowerState
2019-10-21 23:47:08,825 [b88b3e43-5534-49b3-b3f2-a9f154b450de@group-2FABE92B7E5B-LeaderElection362] INFO  impl.LeaderElection (LeaderElection.java:logAndReturn(56)) - b88b3e43-5534-49b3-b3f2-a9f154b450de@group-2FABE92B7E5B-LeaderElection362: Election REJECTED; received 2 response(s) [b88b3e43-5534-49b3-b3f2-a9f154b450de<-c58a0a02-acd3-47c8-b3e9-5b8e0493de45#0:FAIL-t387, b88b3e43-5534-49b3-b3f2-a9f154b450de<-1360619e-ba1e-4bf9-aec1-9f15b5480b27#0:FAIL-t387] and 0 exception(s); b88b3e43-5534-49b3-b3f2-a9f154b450de@group-2FABE92B7E5B:t387, leader=null, voted=b88b3e43-5534-49b3-b3f2-a9f154b450de, raftlog=b88b3e43-5534-49b3-b3f2-a9f154b450de@group-2FABE92B7E5B-SegmentedRaftLog:OPENED:c-1,f-1,i0, conf=-1: [c58a0a02-acd3-47c8-b3e9-5b8e0493de45:192.168.157.254:33611, 1360619e-ba1e-4bf9-aec1-9f15b5480b27:192.168.157.254:45658, b88b3e43-5534-49b3-b3f2-a9f154b450de:192.168.157.254:46786], old=null
2019-10-21 23:47:08,825 [b88b3e43-5534-49b3-b3f2-a9f154b450de@group-2FABE92B7E5B-LeaderElection362] INFO  impl.RaftServerImpl (RaftServerImpl.java:setRole(184)) - b88b3e43-5534-49b3-b3f2-a9f154b450de@group-2FABE92B7E5B: changes role from CANDIDATE to FOLLOWER at term 387 for DISCOVERED_A_NEW_TERM
2019-10-21 23:47:08,825 [b88b3e43-5534-49b3-b3f2-a9f154b450de@group-2FABE92B7E5B-LeaderElection362] INFO  impl.RoleInfo (RoleInfo.java:shutdownLeaderElection(134)) - b88b3e43-5534-49b3-b3f2-a9f154b450de: shutdown LeaderElection
2019-10-21 23:47:08,825 [b88b3e43-5534-49b3-b3f2-a9f154b450de@group-2FABE92B7E5B-LeaderElection362] INFO  impl.RoleInfo (RoleInfo.java:updateAndGet(143)) - b88b3e43-5534-49b3-b3f2-a9f154b450de: start FollowerState
2019-10-21 23:47:09,005 [Thread-2607] INFO  impl.FollowerState (FollowerState.java:run(108)) - b88b3e43-5534-49b3-b3f2-a9f154b450de@group-2FABE92B7E5B-FollowerState: change to CANDIDATE, lastRpcTime:180ms, electionTimeout:180ms
2019-10-21 23:47:09,006 [Thread-2607] INFO  impl.RoleInfo (RoleInfo.java:shutdownFollowerState(121)) - b88b3e43-5534-49b3-b3f2-a9f154b450de: shutdown FollowerState
2019-10-21 23:47:09,006 [Thread-2607] INFO  impl.RaftServerImpl (RaftServerImpl.java:setRole(184)) - b88b3e43-5534-49b3-b3f2-a9f154b450de@group-2FABE92B7E5B: changes role from  FOLLOWER to CANDIDATE at term 387 for changeToCandidate
2019-10-21 23:47:09,006 [Thread-2607] INFO  impl.RoleInfo (RoleInfo.java:updateAndGet(143)) - b88b3e43-5534-49b3-b3f2-a9f154b450de: start LeaderElection
2019-10-21 23:47:09,019 [b88b3e43-5534-49b3-b3f2-a9f154b450de@group-2FABE92B7E5B-LeaderElection363] INFO  impl.LeaderElection (LeaderElection.java:askForVotes(178)) - b88b3e43-5534-49b3-b3f2-a9f154b450de@group-2FABE92B7E5B-LeaderElection363: begin an election at term 388 for -1: [c58a0a02-acd3-47c8-b3e9-5b8e0493de45:192.168.157.254:33611, 1360619e-ba1e-4bf9-aec1-9f15b5480b27:192.168.157.254:45658, b88b3e43-5534-49b3-b3f2-a9f154b450de:192.168.157.254:46786], old=null
2019-10-21 23:47:09,021 [grpc-default-executor-1] INFO  impl.RaftServerImpl (RaftServerImpl.java:setRole(184)) - c58a0a02-acd3-47c8-b3e9-5b8e0493de45@group-2FABE92B7E5B: changes role from  FOLLOWER to FOLLOWER at term 388 for recognizeCandidate:b88b3e43-5534-49b3-b3f2-a9f154b450de
2019-10-21 23:47:09,021 [grpc-default-executor-1] INFO  impl.RoleInfo (RoleInfo.java:shutdownFollowerState(121)) - c58a0a02-acd3-47c8-b3e9-5b8e0493de45: shutdown FollowerState
2019-10-21 23:47:09,021 [grpc-default-executor-2] INFO  impl.RaftServerImpl (RaftServerImpl.java:setRole(184)) - 1360619e-ba1e-4bf9-aec1-9f15b5480b27@group-2FABE92B7E5B: changes role from  FOLLOWER to FOLLOWER at term 388 for recognizeCandidate:b88b3e43-5534-49b3-b3f2-a9f154b450de
2019-10-21 23:47:09,022 [Thread-2605] INFO  impl.FollowerState (FollowerState.java:run(117)) - c58a0a02-acd3-47c8-b3e9-5b8e0493de45@group-2FABE92B7E5B-FollowerState was interrupted: java.lang.InterruptedException: sleep interrupted
2019-10-21 23:47:09,022 [grpc-default-executor-1] INFO  impl.RoleInfo (RoleInfo.java:updateAndGet(143)) - c58a0a02-acd3-47c8-b3e9-5b8e0493de45: start FollowerState
2019-10-21 23:47:09,022 [grpc-default-executor-2] INFO  impl.RoleInfo (RoleInfo.java:shutdownFollowerState(121)) - 1360619e-ba1e-4bf9-aec1-9f15b5480b27: shutdown FollowerState
2019-10-21 23:47:09,022 [grpc-default-executor-2] INFO  impl.RoleInfo (RoleInfo.java:updateAndGet(143)) - 1360619e-ba1e-4bf9-aec1-9f15b5480b27: start FollowerState
2019-10-21 23:47:09,022 [Thread-2606] INFO  impl.FollowerState (FollowerState.java:run(117)) - 1360619e-ba1e-4bf9-aec1-9f15b5480b27@group-2FABE92B7E5B-FollowerState was interrupted: java.lang.InterruptedException: sleep interrupted
2019-10-21 23:47:09,062 [b88b3e43-5534-49b3-b3f2-a9f154b450de@group-2FABE92B7E5B-LeaderElection363] INFO  impl.LeaderElection (LeaderElection.java:logAndReturn(56)) - b88b3e43-5534-49b3-b3f2-a9f154b450de@group-2FABE92B7E5B-LeaderElection363: Election REJECTED; received 2 response(s) [b88b3e43-5534-49b3-b3f2-a9f154b450de<-c58a0a02-acd3-47c8-b3e9-5b8e0493de45#0:FAIL-t388, b88b3e43-5534-49b3-b3f2-a9f154b450de<-1360619e-ba1e-4bf9-aec1-9f15b5480b27#0:FAIL-t388] and 0 exception(s); b88b3e43-5534-49b3-b3f2-a9f154b450de@group-2FABE92B7E5B:t388, leader=null, voted=b88b3e43-5534-49b3-b3f2-a9f154b450de, raftlog=b88b3e43-5534-49b3-b3f2-a9f154b450de@group-2FABE92B7E5B-SegmentedRaftLog:OPENED:c-1,f-1,i0, conf=-1: [c58a0a02-acd3-47c8-b3e9-5b8e0493de45:192.168.157.254:33611, 1360619e-ba1e-4bf9-aec1-9f15b5480b27:192.168.157.254:45658, b88b3e43-5534-49b3-b3f2-a9f154b450de:192.168.157.254:46786], old=null
2019-10-21 23:47:09,062 [b88b3e43-5534-49b3-b3f2-a9f154b450de@group-2FABE92B7E5B-LeaderElection363] INFO  impl.RaftServerImpl (RaftServerImpl.java:setRole(184)) - b88b3e43-5534-49b3-b3f2-a9f154b450de@group-2FABE92B7E5B: changes role from CANDIDATE to FOLLOWER at term 388 for DISCOVERED_A_NEW_TERM
2019-10-21 23:47:09,062 [b88b3e43-5534-49b3-b3f2-a9f154b450de@group-2FABE92B7E5B-LeaderElection363] INFO  impl.RoleInfo (RoleInfo.java:shutdownLeaderElection(134)) - b88b3e43-5534-49b3-b3f2-a9f154b450de: shutdown LeaderElection
2019-10-21 23:47:09,062 [b88b3e43-5534-49b3-b3f2-a9f154b450de@group-2FABE92B7E5B-LeaderElection363] INFO  impl.RoleInfo (RoleInfo.java:updateAndGet(143)) - b88b3e43-5534-49b3-b3f2-a9f154b450de: start FollowerState
2019-10-21 23:47:09,170 [Thread-2613] INFO  impl.FollowerState (FollowerState.java:run(108)) - b88b3e43-5534-49b3-b3f2-a9f154b450de@group-2FABE92B7E5B-FollowerState: change to CANDIDATE, lastRpcTime:107ms, electionTimeout:107ms
2019-10-21 23:47:09,170 [Thread-2613] INFO  impl.RoleInfo (RoleInfo.java:shutdownFollowerState(121)) - b88b3e43-5534-49b3-b3f2-a9f154b450de: shutdown FollowerState
2019-10-21 23:47:09,170 [Thread-2613] INFO  impl.RaftServerImpl (RaftServerImpl.java:setRole(184)) - b88b3e43-5534-49b3-b3f2-a9f154b450de@group-2FABE92B7E5B: changes role from  FOLLOWER to CANDIDATE at term 388 for changeToCandidate
2019-10-21 23:47:09,170 [Thread-2613] INFO  impl.RoleInfo (RoleInfo.java:updateAndGet(143)) - b88b3e43-5534-49b3-b3f2-a9f154b450de: start LeaderElection
2019-10-21 23:47:09,184 [b88b3e43-5534-49b3-b3f2-a9f154b450de@group-2FABE92B7E5B-LeaderElection364] INFO  impl.LeaderElection (LeaderElection.java:askForVotes(178)) - b88b3e43-5534-49b3-b3f2-a9f154b450de@group-2FABE92B7E5B-LeaderElection364: begin an election at term 389 for -1: [c58a0a02-acd3-47c8-b3e9-5b8e0493de45:192.168.157.254:33611, 1360619e-ba1e-4bf9-aec1-9f15b5480b27:192.168.157.254:45658, b88b3e43-5534-49b3-b3f2-a9f154b450de:192.168.157.254:46786], old=null
2019-10-21 23:47:09,185 [grpc-default-executor-2] INFO  impl.RaftServerImpl (RaftServerImpl.java:setRole(184)) - c58a0a02-acd3-47c8-b3e9-5b8e0493de45@group-2FABE92B7E5B: changes role from  FOLLOWER to FOLLOWER at term 389 for recognizeCandidate:b88b3e43-5534-49b3-b3f2-a9f154b450de
2019-10-21 23:47:09,185 [grpc-default-executor-1] INFO  impl.RaftServerImpl (RaftServerImpl.java:setRole(184)) - 1360619e-ba1e-4bf9-aec1-9f15b5480b27@group-2FABE92B7E5B: changes role from  FOLLOWER to FOLLOWER at term 389 for recognizeCandidate:b88b3e43-5534-49b3-b3f2-a9f154b450de
2019-10-21 23:47:09,186 [grpc-default-executor-1] INFO  impl.RoleInfo (RoleInfo.java:shutdownFollowerState(121)) - 1360619e-ba1e-4bf9-aec1-9f15b5480b27: shutdown FollowerState
2019-10-21 23:47:09,186 [grpc-default-executor-2] INFO  impl.RoleInfo (RoleInfo.java:shutdownFollowerState(121)) - c58a0a02-acd3-47c8-b3e9-5b8e0493de45: shutdown FollowerState
2019-10-21 23:47:09,186 [Thread-2612] INFO  impl.FollowerState (FollowerState.java:run(117)) - 1360619e-ba1e-4bf9-aec1-9f15b5480b27@group-2FABE92B7E5B-FollowerState was interrupted: java.lang.InterruptedException: sleep interrupted
2019-10-21 23:47:09,186 [grpc-default-executor-1] INFO  impl.RoleInfo (RoleInfo.java:updateAndGet(143)) - 1360619e-ba1e-4bf9-aec1-9f15b5480b27: start FollowerState
2019-10-21 23:47:09,186 [Thread-2611] INFO  impl.FollowerState (FollowerState.java:run(117)) - c58a0a02-acd3-47c8-b3e9-5b8e0493de45@group-2FABE92B7E5B-FollowerState was interrupted: java.lang.InterruptedException: sleep interrupted
2019-10-21 23:47:09,186 [grpc-default-executor-2] INFO  impl.RoleInfo (RoleInfo.java:updateAndGet(143)) - c58a0a02-acd3-47c8-b3e9-5b8e0493de45: start FollowerState
2019-10-21 23:47:09,201 [b88b3e43-5534-49b3-b3f2-a9f154b450de@group-2FABE92B7E5B-LeaderElection364] INFO  impl.LeaderElection (LeaderElection.java:logAndReturn(56)) - b88b3e43-5534-49b3-b3f2-a9f154b450de@group-2FABE92B7E5B-LeaderElection364: Election REJECTED; received 2 response(s) [b88b3e43-5534-49b3-b3f2-a9f154b450de<-c58a0a02-acd3-47c8-b3e9-5b8e0493de45#0:FAIL-t389, b88b3e43-5534-49b3-b3f2-a9f154b450de<-1360619e-ba1e-4bf9-aec1-9f15b5480b27#0:FAIL-t389] and 0 exception(s); b88b3e43-5534-49b3-b3f2-a9f154b450de@group-2FABE92B7E5B:t389, leader=null, voted=b88b3e43-5534-49b3-b3f2-a9f154b450de, raftlog=b88b3e43-5534-49b3-b3f2-a9f154b450de@group-2FABE92B7E5B-SegmentedRaftLog:OPENED:c-1,f-1,i0, conf=-1: [c58a0a02-acd3-47c8-b3e9-5b8e0493de45:192.168.157.254:33611, 1360619e-ba1e-4bf9-aec1-9f15b5480b27:192.168.157.254:45658, b88b3e43-5534-49b3-b3f2-a9f154b450de:192.168.157.254:46786], old=null
2019-10-21 23:47:09,201 [b88b3e43-5534-49b3-b3f2-a9f154b450de@group-2FABE92B7E5B-LeaderElection364] INFO  impl.RaftServerImpl (RaftServerImpl.java:setRole(184)) - b88b3e43-5534-49b3-b3f2-a9f154b450de@group-2FABE92B7E5B: changes role from CANDIDATE to FOLLOWER at term 389 for DISCOVERED_A_NEW_TERM
2019-10-21 23:47:09,201 [b88b3e43-5534-49b3-b3f2-a9f154b450de@group-2FABE92B7E5B-LeaderElection364] INFO  impl.RoleInfo (RoleInfo.java:shutdownLeaderElection(134)) - b88b3e43-5534-49b3-b3f2-a9f154b450de: shutdown LeaderElection
2019-10-21 23:47:09,202 [b88b3e43-5534-49b3-b3f2-a9f154b450de@group-2FABE92B7E5B-LeaderElection364] INFO  impl.RoleInfo (RoleInfo.java:updateAndGet(143)) - b88b3e43-5534-49b3-b3f2-a9f154b450de: start FollowerState
2019-10-21 23:47:09,292 [Thread-2619] INFO  impl.FollowerState (FollowerState.java:run(108)) - b88b3e43-5534-49b3-b3f2-a9f154b450de@group-2FABE92B7E5B-FollowerState: change to CANDIDATE, lastRpcTime:90ms, electionTimeout:90ms
2019-10-21 23:47:09,292 [Thread-2619] INFO  impl.RoleInfo (RoleInfo.java:shutdownFollowerState(121)) - b88b3e43-5534-49b3-b3f2-a9f154b450de: shutdown FollowerState
2019-10-21 23:47:09,292 [Thread-2619] INFO  impl.RaftServerImpl (RaftServerImpl.java:setRole(184)) - b88b3e43-5534-49b3-b3f2-a9f154b450de@group-2FABE92B7E5B: changes role from  FOLLOWER to CANDIDATE at term 389 for changeToCandidate
2019-10-21 23:47:09,292 [Thread-2619] INFO  impl.RoleInfo (RoleInfo.java:updateAndGet(143)) - b88b3e43-5534-49b3-b3f2-a9f154b450de: start LeaderElection
2019-10-21 23:47:09,314 [b88b3e43-5534-49b3-b3f2-a9f154b450de@group-2FABE92B7E5B-LeaderElection365] INFO  impl.LeaderElection (LeaderElection.java:askForVotes(178)) - b88b3e43-5534-49b3-b3f2-a9f154b450de@group-2FABE92B7E5B-LeaderElection365: begin an election at term 390 for -1: [c58a0a02-acd3-47c8-b3e9-5b8e0493de45:192.168.157.254:33611, 1360619e-ba1e-4bf9-aec1-9f15b5480b27:192.168.157.254:45658, b88b3e43-5534-49b3-b3f2-a9f154b450de:192.168.157.254:46786], old=null
2019-10-21 23:47:09,316 [grpc-default-executor-2] INFO  impl.RaftServerImpl (RaftServerImpl.java:setRole(184)) - 1360619e-ba1e-4bf9-aec1-9f15b5480b27@group-2FABE92B7E5B: changes role from  FOLLOWER to FOLLOWER at term 390 for recognizeCandidate:b88b3e43-5534-49b3-b3f2-a9f154b450de
2019-10-21 23:47:09,316 [grpc-default-executor-1] INFO  impl.RaftServerImpl (RaftServerImpl.java:setRole(184)) - c58a0a02-acd3-47c8-b3e9-5b8e0493de45@group-2FABE92B7E5B: changes role from  FOLLOWER to FOLLOWER at term 390 for recognizeCandidate:b88b3e43-5534-49b3-b3f2-a9f154b450de
2019-10-21 23:47:09,316 [grpc-default-executor-1] INFO  impl.RoleInfo (RoleInfo.java:shutdownFollowerState(121)) - c58a0a02-acd3-47c8-b3e9-5b8e0493de45: shutdown FollowerState
2019-10-21 23:47:09,316 [grpc-default-executor-2] INFO  impl.RoleInfo (RoleInfo.java:shutdownFollowerState(121)) - 1360619e-ba1e-4bf9-aec1-9f15b5480b27: shutdown FollowerState
2019-10-21 23:47:09,317 [Thread-2618] INFO  impl.FollowerState (FollowerState.java:run(117)) - c58a0a02-acd3-47c8-b3e9-5b8e0493de45@group-2FABE92B7E5B-FollowerState was interrupted: java.lang.InterruptedException: sleep interrupted
2019-10-21 23:47:09,316 [grpc-default-executor-1] INFO  impl.RoleInfo (RoleInfo.java:updateAndGet(143)) - c58a0a02-acd3-47c8-b3e9-5b8e0493de45: start FollowerState
2019-10-21 23:47:09,317 [Thread-2617] INFO  impl.FollowerState (FollowerState.java:run(117)) - 1360619e-ba1e-4bf9-aec1-9f15b5480b27@group-2FABE92B7E5B-FollowerState was interrupted: java.lang.InterruptedException: sleep interrupted
2019-10-21 23:47:09,317 [grpc-default-executor-2] INFO  impl.RoleInfo (RoleInfo.java:updateAndGet(143)) - 1360619e-ba1e-4bf9-aec1-9f15b5480b27: start FollowerState
2019-10-21 23:47:09,328 [b88b3e43-5534-49b3-b3f2-a9f154b450de@group-2FABE92B7E5B-LeaderElection365] INFO  impl.LeaderElection (LeaderElection.java:logAndReturn(56)) - b88b3e43-5534-49b3-b3f2-a9f154b450de@group-2FABE92B7E5B-LeaderElection365: Election REJECTED; received 2 response(s) [b88b3e43-5534-49b3-b3f2-a9f154b450de<-c58a0a02-acd3-47c8-b3e9-5b8e0493de45#0:FAIL-t390, b88b3e43-5534-49b3-b3f2-a9f154b450de<-1360619e-ba1e-4bf9-aec1-9f15b5480b27#0:FAIL-t390] and 0 exception(s); b88b3e43-5534-49b3-b3f2-a9f154b450de@group-2FABE92B7E5B:t390, leader=null, voted=b88b3e43-5534-49b3-b3f2-a9f154b450de, raftlog=b88b3e43-5534-49b3-b3f2-a9f154b450de@group-2FABE92B7E5B-SegmentedRaftLog:OPENED:c-1,f-1,i0, conf=-1: [c58a0a02-acd3-47c8-b3e9-5b8e0493de45:192.168.157.254:33611, 1360619e-ba1e-4bf9-aec1-9f15b5480b27:192.168.157.254:45658, b88b3e43-5534-49b3-b3f2-a9f154b450de:192.168.157.254:46786], old=null
2019-10-21 23:47:09,328 [b88b3e43-5534-49b3-b3f2-a9f154b450de@group-2FABE92B7E5B-LeaderElection365] INFO  impl.RaftServerImpl (RaftServerImpl.java:setRole(184)) - b88b3e43-5534-49b3-b3f2-a9f154b450de@group-2FABE92B7E5B: changes role from CANDIDATE to FOLLOWER at term 390 for DISCOVERED_A_NEW_TERM
2019-10-21 23:47:09,328 [b88b3e43-5534-49b3-b3f2-a9f154b450de@group-2FABE92B7E5B-LeaderElection365] INFO  impl.RoleInfo (RoleInfo.java:shutdownLeaderElection(134)) - b88b3e43-5534-49b3-b3f2-a9f154b450de: shutdown LeaderElection
2019-10-21 23:47:09,329 [b88b3e43-5534-49b3-b3f2-a9f154b450de@group-2FABE92B7E5B-LeaderElection365] INFO  impl.RoleInfo (RoleInfo.java:updateAndGet(143)) - b88b3e43-5534-49b3-b3f2-a9f154b450de: start FollowerState
2019-10-21 23:47:09,375 [Thread-2625] INFO  impl.FollowerState (FollowerState.java:run(108)) - b88b3e43-5534-49b3-b3f2-a9f154b450de@group-2FABE92B7E5B-FollowerState: change to CANDIDATE, lastRpcTime:46ms, electionTimeout:46ms
2019-10-21 23:47:09,375 [Thread-2625] INFO  impl.RoleInfo (RoleInfo.java:shutdownFollowerState(121)) - b88b3e43-5534-49b3-b3f2-a9f154b450de: shutdown FollowerState
2019-10-21 23:47:09,375 [Thread-2625] INFO  impl.RaftServerImpl (RaftServerImpl.java:setRole(184)) - b88b3e43-5534-49b3-b3f2-a9f154b450de@group-2FABE92B7E5B: changes role from  FOLLOWER to CANDIDATE at term 390 for changeToCandidate
2019-10-21 23:47:09,375 [Thread-2625] INFO  impl.RoleInfo (RoleInfo.java:updateAndGet(143)) - b88b3e43-5534-49b3-b3f2-a9f154b450de: start LeaderElection
2019-10-21 23:47:09,389 [b88b3e43-5534-49b3-b3f2-a9f154b450de@group-2FABE92B7E5B-LeaderElection366] INFO  impl.LeaderElection (LeaderElection.java:askForVotes(178)) - b88b3e43-5534-49b3-b3f2-a9f154b450de@group-2FABE92B7E5B-LeaderElection366: begin an election at term 391 for -1: [c58a0a02-acd3-47c8-b3e9-5b8e0493de45:192.168.157.254:33611, 1360619e-ba1e-4bf9-aec1-9f15b5480b27:192.168.157.254:45658, b88b3e43-5534-49b3-b3f2-a9f154b450de:192.168.157.254:46786], old=null
2019-10-21 23:47:09,391 [grpc-default-executor-1] INFO  impl.RaftServerImpl (RaftServerImpl.java:setRole(184)) - c58a0a02-acd3-47c8-b3e9-5b8e0493de45@group-2FABE92B7E5B: changes role from  FOLLOWER to FOLLOWER at term 391 for recognizeCandidate:b88b3e43-5534-49b3-b3f2-a9f154b450de
2019-10-21 23:47:09,391 [grpc-default-executor-1] INFO  impl.RoleInfo (RoleInfo.java:shutdownFollowerState(121)) - c58a0a02-acd3-47c8-b3e9-5b8e0493de45: shutdown FollowerState
2019-10-21 23:47:09,391 [grpc-default-executor-1] INFO  impl.RoleInfo (RoleInfo.java:updateAndGet(143)) - c58a0a02-acd3-47c8-b3e9-5b8e0493de45: start FollowerState
2019-10-21 23:47:09,391 [Thread-2623] INFO  impl.FollowerState (FollowerState.java:run(117)) - c58a0a02-acd3-47c8-b3e9-5b8e0493de45@group-2FABE92B7E5B-FollowerState was interrupted: java.lang.InterruptedException: sleep interrupted
2019-10-21 23:47:09,391 [grpc-default-executor-2] INFO  impl.RaftServerImpl (RaftServerImpl.java:setRole(184)) - 1360619e-ba1e-4bf9-aec1-9f15b5480b27@group-2FABE92B7E5B: changes role from  FOLLOWER to FOLLOWER at term 391 for recognizeCandidate:b88b3e43-5534-49b3-b3f2-a9f154b450de
2019-10-21 23:47:09,391 [grpc-default-executor-2] INFO  impl.RoleInfo (RoleInfo.java:shutdownFollowerState(121)) - 1360619e-ba1e-4bf9-aec1-9f15b5480b27: shutdown FollowerState
2019-10-21 23:47:09,392 [grpc-default-executor-2] INFO  impl.RoleInfo (RoleInfo.java:updateAndGet(143)) - 1360619e-ba1e-4bf9-aec1-9f15b5480b27: start FollowerState
2019-10-21 23:47:09,392 [Thread-2624] INFO  impl.FollowerState (FollowerState.java:run(117)) - 1360619e-ba1e-4bf9-aec1-9f15b5480b27@group-2FABE92B7E5B-FollowerState was interrupted: java.lang.InterruptedException: sleep interrupted
2019-10-21 23:47:09,405 [b88b3e43-5534-49b3-b3f2-a9f154b450de@group-2FABE92B7E5B-LeaderElection366] INFO  impl.LeaderElection (LeaderElection.java:logAndReturn(56)) - b88b3e43-5534-49b3-b3f2-a9f154b450de@group-2FABE92B7E5B-LeaderElection366: Election REJECTED; received 2 response(s) [b88b3e43-5534-49b3-b3f2-a9f154b450de<-c58a0a02-acd3-47c8-b3e9-5b8e0493de45#0:FAIL-t391, b88b3e43-5534-49b3-b3f2-a9f154b450de<-1360619e-ba1e-4bf9-aec1-9f15b5480b27#0:FAIL-t391] and 0 exception(s); b88b3e43-5534-49b3-b3f2-a9f154b450de@group-2FABE92B7E5B:t391, leader=null, voted=b88b3e43-5534-49b3-b3f2-a9f154b450de, raftlog=b88b3e43-5534-49b3-b3f2-a9f154b450de@group-2FABE92B7E5B-SegmentedRaftLog:OPENED:c-1,f-1,i0, conf=-1: [c58a0a02-acd3-47c8-b3e9-5b8e0493de45:192.168.157.254:33611, 1360619e-ba1e-4bf9-aec1-9f15b5480b27:192.168.157.254:45658, b88b3e43-5534-49b3-b3f2-a9f154b450de:192.168.157.254:46786], old=null
2019-10-21 23:47:09,405 [b88b3e43-5534-49b3-b3f2-a9f154b450de@group-2FABE92B7E5B-LeaderElection366] INFO  impl.RaftServerImpl (RaftServerImpl.java:setRole(184)) - b88b3e43-5534-49b3-b3f2-a9f154b450de@group-2FABE92B7E5B: changes role from CANDIDATE to FOLLOWER at term 391 for DISCOVERED_A_NEW_TERM
2019-10-21 23:47:09,405 [b88b3e43-5534-49b3-b3f2-a9f154b450de@group-2FABE92B7E5B-LeaderElection366] INFO  impl.RoleInfo (RoleInfo.java:shutdownLeaderElection(134)) - b88b3e43-5534-49b3-b3f2-a9f154b450de: shutdown LeaderElection
2019-10-21 23:47:09,405 [b88b3e43-5534-49b3-b3f2-a9f154b450de@group-2FABE92B7E5B-LeaderElection366] INFO  impl.RoleInfo (RoleInfo.java:updateAndGet(143)) - b88b3e43-5534-49b3-b3f2-a9f154b450de: start FollowerState
2019-10-21 23:47:09,571 [Thread-2631] INFO  impl.FollowerState (FollowerState.java:run(108)) - b88b3e43-5534-49b3-b3f2-a9f154b450de@group-2FABE92B7E5B-FollowerState: change to CANDIDATE, lastRpcTime:165ms, electionTimeout:165ms
2019-10-21 23:47:09,571 [Thread-2631] INFO  impl.RoleInfo (RoleInfo.java:shutdownFollowerState(121)) - b88b3e43-5534-49b3-b3f2-a9f154b450de: shutdown FollowerState
2019-10-21 23:47:09,571 [Thread-2631] INFO  impl.RaftServerImpl (RaftServerImpl.java:setRole(184)) - b88b3e43-5534-49b3-b3f2-a9f154b450de@group-2FABE92B7E5B: changes role from  FOLLOWER to CANDIDATE at term 391 for changeToCandidate
2019-10-21 23:47:09,571 [Thread-2631] INFO  impl.RoleInfo (RoleInfo.java:updateAndGet(143)) - b88b3e43-5534-49b3-b3f2-a9f154b450de: start LeaderElection
2019-10-21 23:47:09,584 [b88b3e43-5534-49b3-b3f2-a9f154b450de@group-2FABE92B7E5B-LeaderElection367] INFO  impl.LeaderElection (LeaderElection.java:askForVotes(178)) - b88b3e43-5534-49b3-b3f2-a9f154b450de@group-2FABE92B7E5B-LeaderElection367: begin an election at term 392 for -1: [c58a0a02-acd3-47c8-b3e9-5b8e0493de45:192.168.157.254:33611, 1360619e-ba1e-4bf9-aec1-9f15b5480b27:192.168.157.254:45658, b88b3e43-5534-49b3-b3f2-a9f154b450de:192.168.157.254:46786], old=null
2019-10-21 23:47:09,586 [grpc-default-executor-2] INFO  impl.RaftServerImpl (RaftServerImpl.java:setRole(184)) - c58a0a02-acd3-47c8-b3e9-5b8e0493de45@group-2FABE92B7E5B: changes role from  FOLLOWER to FOLLOWER at term 392 for recognizeCandidate:b88b3e43-5534-49b3-b3f2-a9f154b450de
2019-10-21 23:47:09,586 [grpc-default-executor-2] INFO  impl.RoleInfo (RoleInfo.java:shutdownFollowerState(121)) - c58a0a02-acd3-47c8-b3e9-5b8e0493de45: shutdown FollowerState
2019-10-21 23:47:09,586 [grpc-default-executor-1] INFO  impl.RaftServerImpl (RaftServerImpl.java:setRole(184)) - 1360619e-ba1e-4bf9-aec1-9f15b5480b27@group-2FABE92B7E5B: changes role from  FOLLOWER to FOLLOWER at term 392 for recognizeCandidate:b88b3e43-5534-49b3-b3f2-a9f154b450de
2019-10-21 23:47:09,586 [Thread-2629] INFO  impl.FollowerState (FollowerState.java:run(117)) - c58a0a02-acd3-47c8-b3e9-5b8e0493de45@group-2FABE92B7E5B-FollowerState was interrupted: java.lang.InterruptedException: sleep interrupted
2019-10-21 23:47:09,586 [grpc-default-executor-2] INFO  impl.RoleInfo (RoleInfo.java:updateAndGet(143)) - c58a0a02-acd3-47c8-b3e9-5b8e0493de45: start FollowerState
2019-10-21 23:47:09,586 [grpc-default-executor-1] INFO  impl.RoleInfo (RoleInfo.java:shutdownFollowerState(121)) - 1360619e-ba1e-4bf9-aec1-9f15b5480b27: shutdown FollowerState
2019-10-21 23:47:09,587 [grpc-default-executor-1] INFO  impl.RoleInfo (RoleInfo.java:updateAndGet(143)) - 1360619e-ba1e-4bf9-aec1-9f15b5480b27: start FollowerState
2019-10-21 23:47:09,587 [Thread-2630] INFO  impl.FollowerState (FollowerState.java:run(117)) - 1360619e-ba1e-4bf9-aec1-9f15b5480b27@group-2FABE92B7E5B-FollowerState was interrupted: java.lang.InterruptedException: sleep interrupted
2019-10-21 23:47:09,608 [b88b3e43-5534-49b3-b3f2-a9f154b450de@group-2FABE92B7E5B-LeaderElection367] INFO  impl.LeaderElection (LeaderElection.java:logAndReturn(56)) - b88b3e43-5534-49b3-b3f2-a9f154b450de@group-2FABE92B7E5B-LeaderElection367: Election REJECTED; received 2 response(s) [b88b3e43-5534-49b3-b3f2-a9f154b450de<-c58a0a02-acd3-47c8-b3e9-5b8e0493de45#0:FAIL-t392, b88b3e43-5534-49b3-b3f2-a9f154b450de<-1360619e-ba1e-4bf9-aec1-9f15b5480b27#0:FAIL-t392] and 0 exception(s); b88b3e43-5534-49b3-b3f2-a9f154b450de@group-2FABE92B7E5B:t392, leader=null, voted=b88b3e43-5534-49b3-b3f2-a9f154b450de, raftlog=b88b3e43-5534-49b3-b3f2-a9f154b450de@group-2FABE92B7E5B-SegmentedRaftLog:OPENED:c-1,f-1,i0, conf=-1: [c58a0a02-acd3-47c8-b3e9-5b8e0493de45:192.168.157.254:33611, 1360619e-ba1e-4bf9-aec1-9f15b5480b27:192.168.157.254:45658, b88b3e43-5534-49b3-b3f2-a9f154b450de:192.168.157.254:46786], old=null
2019-10-21 23:47:09,608 [b88b3e43-5534-49b3-b3f2-a9f154b450de@group-2FABE92B7E5B-LeaderElection367] INFO  impl.RaftServerImpl (RaftServerImpl.java:setRole(184)) - b88b3e43-5534-49b3-b3f2-a9f154b450de@group-2FABE92B7E5B: changes role from CANDIDATE to FOLLOWER at term 392 for DISCOVERED_A_NEW_TERM
2019-10-21 23:47:09,608 [b88b3e43-5534-49b3-b3f2-a9f154b450de@group-2FABE92B7E5B-LeaderElection367] INFO  impl.RoleInfo (RoleInfo.java:shutdownLeaderElection(134)) - b88b3e43-5534-49b3-b3f2-a9f154b450de: shutdown LeaderElection
2019-10-21 23:47:09,608 [b88b3e43-5534-49b3-b3f2-a9f154b450de@group-2FABE92B7E5B-LeaderElection367] INFO  impl.RoleInfo (RoleInfo.java:updateAndGet(143)) - b88b3e43-5534-49b3-b3f2-a9f154b450de: start FollowerState
2019-10-21 23:47:09,647 [Thread-2639] INFO  impl.FollowerState (FollowerState.java:run(108)) - b88b3e43-5534-49b3-b3f2-a9f154b450de@group-2FABE92B7E5B-FollowerState: change to CANDIDATE, lastRpcTime:38ms, electionTimeout:38ms
2019-10-21 23:47:09,647 [Thread-2639] INFO  impl.RoleInfo (RoleInfo.java:shutdownFollowerState(121)) - b88b3e43-5534-49b3-b3f2-a9f154b450de: shutdown FollowerState
2019-10-21 23:47:09,647 [Thread-2639] INFO  impl.RaftServerImpl (RaftServerImpl.java:setRole(184)) - b88b3e43-5534-49b3-b3f2-a9f154b450de@group-2FABE92B7E5B: changes role from  FOLLOWER to CANDIDATE at term 392 for changeToCandidate
2019-10-21 23:47:09,647 [Thread-2639] INFO  impl.RoleInfo (RoleInfo.java:updateAndGet(143)) - b88b3e43-5534-49b3-b3f2-a9f154b450de: start LeaderElection
2019-10-21 23:47:09,661 [b88b3e43-5534-49b3-b3f2-a9f154b450de@group-2FABE92B7E5B-LeaderElection368] INFO  impl.LeaderElection (LeaderElection.java:askForVotes(178)) - b88b3e43-5534-49b3-b3f2-a9f154b450de@group-2FABE92B7E5B-LeaderElection368: begin an election at term 393 for -1: [c58a0a02-acd3-47c8-b3e9-5b8e0493de45:192.168.157.254:33611, 1360619e-ba1e-4bf9-aec1-9f15b5480b27:192.168.157.254:45658, b88b3e43-5534-49b3-b3f2-a9f154b450de:192.168.157.254:46786], old=null
2019-10-21 23:47:09,663 [grpc-default-executor-2] INFO  impl.RaftServerImpl (RaftServerImpl.java:setRole(184)) - c58a0a02-acd3-47c8-b3e9-5b8e0493de45@group-2FABE92B7E5B: changes role from  FOLLOWER to FOLLOWER at term 393 for recognizeCandidate:b88b3e43-5534-49b3-b3f2-a9f154b450de
2019-10-21 23:47:09,663 [grpc-default-executor-2] INFO  impl.RoleInfo (RoleInfo.java:shutdownFollowerState(121)) - c58a0a02-acd3-47c8-b3e9-5b8e0493de45: shutdown FollowerState
2019-10-21 23:47:09,663 [grpc-default-executor-2] INFO  impl.RoleInfo (RoleInfo.java:updateAndGet(143)) - c58a0a02-acd3-47c8-b3e9-5b8e0493de45: start FollowerState
2019-10-21 23:47:09,663 [Thread-2637] INFO  impl.FollowerState (FollowerState.java:run(117)) - c58a0a02-acd3-47c8-b3e9-5b8e0493de45@group-2FABE92B7E5B-FollowerState was interrupted: java.lang.InterruptedException: sleep interrupted
2019-10-21 23:47:09,663 [grpc-default-executor-1] INFO  impl.RaftServerImpl (RaftServerImpl.java:setRole(184)) - 1360619e-ba1e-4bf9-aec1-9f15b5480b27@group-2FABE92B7E5B: changes role from  FOLLOWER to FOLLOWER at term 393 for recognizeCandidate:b88b3e43-5534-49b3-b3f2-a9f154b450de
2019-10-21 23:47:09,663 [grpc-default-executor-1] INFO  impl.RoleInfo (RoleInfo.java:shutdownFollowerState(121)) - 1360619e-ba1e-4bf9-aec1-9f15b5480b27: shutdown FollowerState
2019-10-21 23:47:09,663 [grpc-default-executor-1] INFO  impl.RoleInfo (RoleInfo.java:updateAndGet(143)) - 1360619e-ba1e-4bf9-aec1-9f15b5480b27: start FollowerState
2019-10-21 23:47:09,663 [Thread-2638] INFO  impl.FollowerState (FollowerState.java:run(117)) - 1360619e-ba1e-4bf9-aec1-9f15b5480b27@group-2FABE92B7E5B-FollowerState was interrupted: java.lang.InterruptedException: sleep interrupted
2019-10-21 23:47:09,679 [b88b3e43-5534-49b3-b3f2-a9f154b450de@group-2FABE92B7E5B-LeaderElection368] INFO  impl.LeaderElection (LeaderElection.java:logAndReturn(56)) - b88b3e43-5534-49b3-b3f2-a9f154b450de@group-2FABE92B7E5B-LeaderElection368: Election REJECTED; received 2 response(s) [b88b3e43-5534-49b3-b3f2-a9f154b450de<-c58a0a02-acd3-47c8-b3e9-5b8e0493de45#0:FAIL-t393, b88b3e43-5534-49b3-b3f2-a9f154b450de<-1360619e-ba1e-4bf9-aec1-9f15b5480b27#0:FAIL-t393] and 0 exception(s); b88b3e43-5534-49b3-b3f2-a9f154b450de@group-2FABE92B7E5B:t393, leader=null, voted=b88b3e43-5534-49b3-b3f2-a9f154b450de, raftlog=b88b3e43-5534-49b3-b3f2-a9f154b450de@group-2FABE92B7E5B-SegmentedRaftLog:OPENED:c-1,f-1,i0, conf=-1: [c58a0a02-acd3-47c8-b3e9-5b8e0493de45:192.168.157.254:33611, 1360619e-ba1e-4bf9-aec1-9f15b5480b27:192.168.157.254:45658, b88b3e43-5534-49b3-b3f2-a9f154b450de:192.168.157.254:46786], old=null
2019-10-21 23:47:09,679 [b88b3e43-5534-49b3-b3f2-a9f154b450de@group-2FABE92B7E5B-LeaderElection368] INFO  impl.RaftServerImpl (RaftServerImpl.java:setRole(184)) - b88b3e43-5534-49b3-b3f2-a9f154b450de@group-2FABE92B7E5B: changes role from CANDIDATE to FOLLOWER at term 393 for DISCOVERED_A_NEW_TERM
2019-10-21 23:47:09,679 [b88b3e43-5534-49b3-b3f2-a9f154b450de@group-2FABE92B7E5B-LeaderElection368] INFO  impl.RoleInfo (RoleInfo.java:shutdownLeaderElection(134)) - b88b3e43-5534-49b3-b3f2-a9f154b450de: shutdown LeaderElection
2019-10-21 23:47:09,679 [b88b3e43-5534-49b3-b3f2-a9f154b450de@group-2FABE92B7E5B-LeaderElection368] INFO  impl.RoleInfo (RoleInfo.java:updateAndGet(143)) - b88b3e43-5534-49b3-b3f2-a9f154b450de: start FollowerState
2019-10-21 23:47:09,878 [Thread-2645] INFO  impl.FollowerState (FollowerState.java:run(108)) - b88b3e43-5534-49b3-b3f2-a9f154b450de@group-2FABE92B7E5B-FollowerState: change to CANDIDATE, lastRpcTime:198ms, electionTimeout:198ms
2019-10-21 23:47:09,878 [Thread-2645] INFO  impl.RoleInfo (RoleInfo.java:shutdownFollowerState(121)) - b88b3e43-5534-49b3-b3f2-a9f154b450de: shutdown FollowerState
2019-10-21 23:47:09,878 [Thread-2645] INFO  impl.RaftServerImpl (RaftServerImpl.java:setRole(184)) - b88b3e43-5534-49b3-b3f2-a9f154b450de@group-2FABE92B7E5B: changes role from  FOLLOWER to CANDIDATE at term 393 for changeToCandidate
2019-10-21 23:47:09,878 [Thread-2645] INFO  impl.RoleInfo (RoleInfo.java:updateAndGet(143)) - b88b3e43-5534-49b3-b3f2-a9f154b450de: start LeaderElection
2019-10-21 23:47:09,892 [b88b3e43-5534-49b3-b3f2-a9f154b450de@group-2FABE92B7E5B-LeaderElection369] INFO  impl.LeaderElection (LeaderElection.java:askForVotes(178)) - b88b3e43-5534-49b3-b3f2-a9f154b450de@group-2FABE92B7E5B-LeaderElection369: begin an election at term 394 for -1: [c58a0a02-acd3-47c8-b3e9-5b8e0493de45:192.168.157.254:33611, 1360619e-ba1e-4bf9-aec1-9f15b5480b27:192.168.157.254:45658, b88b3e43-5534-49b3-b3f2-a9f154b450de:192.168.157.254:46786], old=null
2019-10-21 23:47:09,894 [grpc-default-executor-1] INFO  impl.RaftServerImpl (RaftServerImpl.java:setRole(184)) - c58a0a02-acd3-47c8-b3e9-5b8e0493de45@group-2FABE92B7E5B: changes role from  FOLLOWER to FOLLOWER at term 394 for recognizeCandidate:b88b3e43-5534-49b3-b3f2-a9f154b450de
2019-10-21 23:47:09,894 [grpc-default-executor-2] INFO  impl.RaftServerImpl (RaftServerImpl.java:setRole(184)) - 1360619e-ba1e-4bf9-aec1-9f15b5480b27@group-2FABE92B7E5B: changes role from  FOLLOWER to FOLLOWER at term 394 for recognizeCandidate:b88b3e43-5534-49b3-b3f2-a9f154b450de
2019-10-21 23:47:09,894 [grpc-default-executor-1] INFO  impl.RoleInfo (RoleInfo.java:shutdownFollowerState(121)) - c58a0a02-acd3-47c8-b3e9-5b8e0493de45: shutdown FollowerState
2019-10-21 23:47:09,894 [grpc-default-executor-2] INFO  impl.RoleInfo (RoleInfo.java:shutdownFollowerState(121)) - 1360619e-ba1e-4bf9-aec1-9f15b5480b27: shutdown FollowerState
2019-10-21 23:47:09,895 [grpc-default-executor-1] INFO  impl.RoleInfo (RoleInfo.java:updateAndGet(143)) - c58a0a02-acd3-47c8-b3e9-5b8e0493de45: start FollowerState
2019-10-21 23:47:09,895 [Thread-2644] INFO  impl.FollowerState (FollowerState.java:run(117)) - 1360619e-ba1e-4bf9-aec1-9f15b5480b27@group-2FABE92B7E5B-FollowerState was interrupted: java.lang.InterruptedException: sleep interrupted
2019-10-21 23:47:09,895 [Thread-2643] INFO  impl.FollowerState (FollowerState.java:run(117)) - c58a0a02-acd3-47c8-b3e9-5b8e0493de45@group-2FABE92B7E5B-FollowerState was interrupted: java.lang.InterruptedException: sleep interrupted
2019-10-21 23:47:09,895 [grpc-default-executor-2] INFO  impl.RoleInfo (RoleInfo.java:updateAndGet(143)) - 1360619e-ba1e-4bf9-aec1-9f15b5480b27: start FollowerState
2019-10-21 23:47:09,909 [b88b3e43-5534-49b3-b3f2-a9f154b450de@group-2FABE92B7E5B-LeaderElection369] INFO  impl.LeaderElection (LeaderElection.java:logAndReturn(56)) - b88b3e43-5534-49b3-b3f2-a9f154b450de@group-2FABE92B7E5B-LeaderElection369: Election REJECTED; received 2 response(s) [b88b3e43-5534-49b3-b3f2-a9f154b450de<-c58a0a02-acd3-47c8-b3e9-5b8e0493de45#0:FAIL-t394, b88b3e43-5534-49b3-b3f2-a9f154b450de<-1360619e-ba1e-4bf9-aec1-9f15b5480b27#0:FAIL-t394] and 0 exception(s); b88b3e43-5534-49b3-b3f2-a9f154b450de@group-2FABE92B7E5B:t394, leader=null, voted=b88b3e43-5534-49b3-b3f2-a9f154b450de, raftlog=b88b3e43-5534-49b3-b3f2-a9f154b450de@group-2FABE92B7E5B-SegmentedRaftLog:OPENED:c-1,f-1,i0, conf=-1: [c58a0a02-acd3-47c8-b3e9-5b8e0493de45:192.168.157.254:33611, 1360619e-ba1e-4bf9-aec1-9f15b5480b27:192.168.157.254:45658, b88b3e43-5534-49b3-b3f2-a9f154b450de:192.168.157.254:46786], old=null
2019-10-21 23:47:09,909 [b88b3e43-5534-49b3-b3f2-a9f154b450de@group-2FABE92B7E5B-LeaderElection369] INFO  impl.RaftServerImpl (RaftServerImpl.java:setRole(184)) - b88b3e43-5534-49b3-b3f2-a9f154b450de@group-2FABE92B7E5B: changes role from CANDIDATE to FOLLOWER at term 394 for DISCOVERED_A_NEW_TERM
2019-10-21 23:47:09,909 [b88b3e43-5534-49b3-b3f2-a9f154b450de@group-2FABE92B7E5B-LeaderElection369] INFO  impl.RoleInfo (RoleInfo.java:shutdownLeaderElection(134)) - b88b3e43-5534-49b3-b3f2-a9f154b450de: shutdown LeaderElection
2019-10-21 23:47:09,909 [b88b3e43-5534-49b3-b3f2-a9f154b450de@group-2FABE92B7E5B-LeaderElection369] INFO  impl.RoleInfo (RoleInfo.java:updateAndGet(143)) - b88b3e43-5534-49b3-b3f2-a9f154b450de: start FollowerState
2019-10-21 23:47:09,996 [Thread-2651] INFO  impl.FollowerState (FollowerState.java:run(108)) - b88b3e43-5534-49b3-b3f2-a9f154b450de@group-2FABE92B7E5B-FollowerState: change to CANDIDATE, lastRpcTime:86ms, electionTimeout:86ms
2019-10-21 23:47:09,996 [Thread-2651] INFO  impl.RoleInfo (RoleInfo.java:shutdownFollowerState(121)) - b88b3e43-5534-49b3-b3f2-a9f154b450de: shutdown FollowerState
2019-10-21 23:47:09,996 [Thread-2651] INFO  impl.RaftServerImpl (RaftServerImpl.java:setRole(184)) - b88b3e43-5534-49b3-b3f2-a9f154b450de@group-2FABE92B7E5B: changes role from  FOLLOWER to CANDIDATE at term 394 for changeToCandidate
2019-10-21 23:47:09,996 [Thread-2651] INFO  impl.RoleInfo (RoleInfo.java:updateAndGet(143)) - b88b3e43-5534-49b3-b3f2-a9f154b450de: start LeaderElection
2019-10-21 23:47:10,009 [b88b3e43-5534-49b3-b3f2-a9f154b450de@group-2FABE92B7E5B-LeaderElection370] INFO  impl.LeaderElection (LeaderElection.java:askForVotes(178)) - b88b3e43-5534-49b3-b3f2-a9f154b450de@group-2FABE92B7E5B-LeaderElection370: begin an election at term 395 for -1: [c58a0a02-acd3-47c8-b3e9-5b8e0493de45:192.168.157.254:33611, 1360619e-ba1e-4bf9-aec1-9f15b5480b27:192.168.157.254:45658, b88b3e43-5534-49b3-b3f2-a9f154b450de:192.168.157.254:46786], old=null
2019-10-21 23:47:10,011 [grpc-default-executor-1] INFO  impl.RaftServerImpl (RaftServerImpl.java:setRole(184)) - c58a0a02-acd3-47c8-b3e9-5b8e0493de45@group-2FABE92B7E5B: changes role from  FOLLOWER to FOLLOWER at term 395 for recognizeCandidate:b88b3e43-5534-49b3-b3f2-a9f154b450de
2019-10-21 23:47:10,011 [grpc-default-executor-1] INFO  impl.RoleInfo (RoleInfo.java:shutdownFollowerState(121)) - c58a0a02-acd3-47c8-b3e9-5b8e0493de45: shutdown FollowerState
2019-10-21 23:47:10,012 [grpc-default-executor-1] INFO  impl.RoleInfo (RoleInfo.java:updateAndGet(143)) - c58a0a02-acd3-47c8-b3e9-5b8e0493de45: start FollowerState
2019-10-21 23:47:10,012 [Thread-2649] INFO  impl.FollowerState (FollowerState.java:run(117)) - c58a0a02-acd3-47c8-b3e9-5b8e0493de45@group-2FABE92B7E5B-FollowerState was interrupted: java.lang.InterruptedException: sleep interrupted
2019-10-21 23:47:10,012 [grpc-default-executor-2] INFO  impl.RaftServerImpl (RaftServerImpl.java:setRole(184)) - 1360619e-ba1e-4bf9-aec1-9f15b5480b27@group-2FABE92B7E5B: changes role from  FOLLOWER to FOLLOWER at term 395 for recognizeCandidate:b88b3e43-5534-49b3-b3f2-a9f154b450de
2019-10-21 23:47:10,012 [grpc-default-executor-2] INFO  impl.RoleInfo (RoleInfo.java:shutdownFollowerState(121)) - 1360619e-ba1e-4bf9-aec1-9f15b5480b27: shutdown FollowerState
2019-10-21 23:47:10,012 [grpc-default-executor-2] INFO  impl.RoleInfo (RoleInfo.java:updateAndGet(143)) - 1360619e-ba1e-4bf9-aec1-9f15b5480b27: start FollowerState
2019-10-21 23:47:10,012 [Thread-2650] INFO  impl.FollowerState (FollowerState.java:run(117)) - 1360619e-ba1e-4bf9-aec1-9f15b5480b27@group-2FABE92B7E5B-FollowerState was interrupted: java.lang.InterruptedException: sleep interrupted
2019-10-21 23:47:10,022 [b88b3e43-5534-49b3-b3f2-a9f154b450de@group-2FABE92B7E5B-LeaderElection370] INFO  impl.LeaderElection (LeaderElection.java:logAndReturn(56)) - b88b3e43-5534-49b3-b3f2-a9f154b450de@group-2FABE92B7E5B-LeaderElection370: Election TIMEOUT; received 0 response(s) [] and 0 exception(s); b88b3e43-5534-49b3-b3f2-a9f154b450de@group-2FABE92B7E5B:t395, leader=null, voted=b88b3e43-5534-49b3-b3f2-a9f154b450de, raftlog=b88b3e43-5534-49b3-b3f2-a9f154b450de@group-2FABE92B7E5B-SegmentedRaftLog:OPENED:c-1,f-1,i0, conf=-1: [c58a0a02-acd3-47c8-b3e9-5b8e0493de45:192.168.157.254:33611, 1360619e-ba1e-4bf9-aec1-9f15b5480b27:192.168.157.254:45658, b88b3e43-5534-49b3-b3f2-a9f154b450de:192.168.157.254:46786], old=null
2019-10-21 23:47:10,026 [b88b3e43-5534-49b3-b3f2-a9f154b450de@group-2FABE92B7E5B-LeaderElection370] INFO  impl.LeaderElection (LeaderElection.java:askForVotes(178)) - b88b3e43-5534-49b3-b3f2-a9f154b450de@group-2FABE92B7E5B-LeaderElection370: begin an election at term 396 for -1: [c58a0a02-acd3-47c8-b3e9-5b8e0493de45:192.168.157.254:33611, 1360619e-ba1e-4bf9-aec1-9f15b5480b27:192.168.157.254:45658, b88b3e43-5534-49b3-b3f2-a9f154b450de:192.168.157.254:46786], old=null
2019-10-21 23:47:10,027 [grpc-default-executor-2] INFO  impl.RaftServerImpl (RaftServerImpl.java:setRole(184)) - c58a0a02-acd3-47c8-b3e9-5b8e0493de45@group-2FABE92B7E5B: changes role from  FOLLOWER to FOLLOWER at term 396 for recognizeCandidate:b88b3e43-5534-49b3-b3f2-a9f154b450de
2019-10-21 23:47:10,027 [grpc-default-executor-2] INFO  impl.RoleInfo (RoleInfo.java:shutdownFollowerState(121)) - c58a0a02-acd3-47c8-b3e9-5b8e0493de45: shutdown FollowerState
2019-10-21 23:47:10,027 [grpc-default-executor-2] INFO  impl.RoleInfo (RoleInfo.java:updateAndGet(143)) - c58a0a02-acd3-47c8-b3e9-5b8e0493de45: start FollowerState
2019-10-21 23:47:10,027 [Thread-2655] INFO  impl.FollowerState (FollowerState.java:run(117)) - c58a0a02-acd3-47c8-b3e9-5b8e0493de45@group-2FABE92B7E5B-FollowerState was interrupted: java.lang.InterruptedException: sleep interrupted
2019-10-21 23:47:10,027 [grpc-default-executor-1] INFO  impl.RaftServerImpl (RaftServerImpl.java:setRole(184)) - 1360619e-ba1e-4bf9-aec1-9f15b5480b27@group-2FABE92B7E5B: changes role from  FOLLOWER to FOLLOWER at term 396 for recognizeCandidate:b88b3e43-5534-49b3-b3f2-a9f154b450de
2019-10-21 23:47:10,027 [grpc-default-executor-1] INFO  impl.RoleInfo (RoleInfo.java:shutdownFollowerState(121)) - 1360619e-ba1e-4bf9-aec1-9f15b5480b27: shutdown FollowerState
2019-10-21 23:47:10,027 [grpc-default-executor-1] INFO  impl.RoleInfo (RoleInfo.java:updateAndGet(143)) - 1360619e-ba1e-4bf9-aec1-9f15b5480b27: start FollowerState
2019-10-21 23:47:10,027 [Thread-2656] INFO  impl.FollowerState (FollowerState.java:run(117)) - 1360619e-ba1e-4bf9-aec1-9f15b5480b27@group-2FABE92B7E5B-FollowerState was interrupted: java.lang.InterruptedException: sleep interrupted
2019-10-21 23:47:10,051 [b88b3e43-5534-49b3-b3f2-a9f154b450de@group-2FABE92B7E5B-LeaderElection370] INFO  impl.LeaderElection (LeaderElection.java:logAndReturn(56)) - b88b3e43-5534-49b3-b3f2-a9f154b450de@group-2FABE92B7E5B-LeaderElection370: Election REJECTED; received 2 response(s) [b88b3e43-5534-49b3-b3f2-a9f154b450de<-c58a0a02-acd3-47c8-b3e9-5b8e0493de45#0:FAIL-t396, b88b3e43-5534-49b3-b3f2-a9f154b450de<-1360619e-ba1e-4bf9-aec1-9f15b5480b27#0:FAIL-t396] and 0 exception(s); b88b3e43-5534-49b3-b3f2-a9f154b450de@group-2FABE92B7E5B:t396, leader=null, voted=b88b3e43-5534-49b3-b3f2-a9f154b450de, raftlog=b88b3e43-5534-49b3-b3f2-a9f154b450de@group-2FABE92B7E5B-SegmentedRaftLog:OPENED:c-1,f-1,i0, conf=-1: [c58a0a02-acd3-47c8-b3e9-5b8e0493de45:192.168.157.254:33611, 1360619e-ba1e-4bf9-aec1-9f15b5480b27:192.168.157.254:45658, b88b3e43-5534-49b3-b3f2-a9f154b450de:192.168.157.254:46786], old=null
2019-10-21 23:47:10,052 [b88b3e43-5534-49b3-b3f2-a9f154b450de@group-2FABE92B7E5B-LeaderElection370] INFO  impl.RaftServerImpl (RaftServerImpl.java:setRole(184)) - b88b3e43-5534-49b3-b3f2-a9f154b450de@group-2FABE92B7E5B: changes role from CANDIDATE to FOLLOWER at term 396 for DISCOVERED_A_NEW_TERM
2019-10-21 23:47:10,052 [b88b3e43-5534-49b3-b3f2-a9f154b450de@group-2FABE92B7E5B-LeaderElection370] INFO  impl.RoleInfo (RoleInfo.java:shutdownLeaderElection(134)) - b88b3e43-5534-49b3-b3f2-a9f154b450de: shutdown LeaderElection
2019-10-21 23:47:10,052 [b88b3e43-5534-49b3-b3f2-a9f154b450de@group-2FABE92B7E5B-LeaderElection370] INFO  impl.RoleInfo (RoleInfo.java:updateAndGet(143)) - b88b3e43-5534-49b3-b3f2-a9f154b450de: start FollowerState
2019-10-21 23:47:10,169 [Thread-2661] INFO  impl.FollowerState (FollowerState.java:run(108)) - b88b3e43-5534-49b3-b3f2-a9f154b450de@group-2FABE92B7E5B-FollowerState: change to CANDIDATE, lastRpcTime:117ms, electionTimeout:117ms
2019-10-21 23:47:10,169 [Thread-2661] INFO  impl.RoleInfo (RoleInfo.java:shutdownFollowerState(121)) - b88b3e43-5534-49b3-b3f2-a9f154b450de: shutdown FollowerState
2019-10-21 23:47:10,169 [Thread-2661] INFO  impl.RaftServerImpl (RaftServerImpl.java:setRole(184)) - b88b3e43-5534-49b3-b3f2-a9f154b450de@group-2FABE92B7E5B: changes role from  FOLLOWER to CANDIDATE at term 396 for changeToCandidate
2019-10-21 23:47:10,170 [Thread-2661] INFO  impl.RoleInfo (RoleInfo.java:updateAndGet(143)) - b88b3e43-5534-49b3-b3f2-a9f154b450de: start LeaderElection
2019-10-21 23:47:10,195 [b88b3e43-5534-49b3-b3f2-a9f154b450de@group-2FABE92B7E5B-LeaderElection371] INFO  impl.LeaderElection (LeaderElection.java:askForVotes(178)) - b88b3e43-5534-49b3-b3f2-a9f154b450de@group-2FABE92B7E5B-LeaderElection371: begin an election at term 397 for -1: [c58a0a02-acd3-47c8-b3e9-5b8e0493de45:192.168.157.254:33611, 1360619e-ba1e-4bf9-aec1-9f15b5480b27:192.168.157.254:45658, b88b3e43-5534-49b3-b3f2-a9f154b450de:192.168.157.254:46786], old=null
2019-10-21 23:47:10,197 [grpc-default-executor-2] INFO  impl.RaftServerImpl (RaftServerImpl.java:setRole(184)) - c58a0a02-acd3-47c8-b3e9-5b8e0493de45@group-2FABE92B7E5B: changes role from  FOLLOWER to FOLLOWER at term 397 for recognizeCandidate:b88b3e43-5534-49b3-b3f2-a9f154b450de
2019-10-21 23:47:10,197 [grpc-default-executor-2] INFO  impl.RoleInfo (RoleInfo.java:shutdownFollowerState(121)) - c58a0a02-acd3-47c8-b3e9-5b8e0493de45: shutdown FollowerState
2019-10-21 23:47:10,197 [grpc-default-executor-1] INFO  impl.RaftServerImpl (RaftServerImpl.java:setRole(184)) - 1360619e-ba1e-4bf9-aec1-9f15b5480b27@group-2FABE92B7E5B: changes role from  FOLLOWER to FOLLOWER at term 397 for recognizeCandidate:b88b3e43-5534-49b3-b3f2-a9f154b450de
2019-10-21 23:47:10,198 [grpc-default-executor-1] INFO  impl.RoleInfo (RoleInfo.java:shutdownFollowerState(121)) - 1360619e-ba1e-4bf9-aec1-9f15b5480b27: shutdown FollowerState
2019-10-21 23:47:10,198 [Thread-2659] INFO  impl.FollowerState (FollowerState.java:run(117)) - c58a0a02-acd3-47c8-b3e9-5b8e0493de45@group-2FABE92B7E5B-FollowerState was interrupted: java.lang.InterruptedException: sleep interrupted
2019-10-21 23:47:10,198 [grpc-default-executor-2] INFO  impl.RoleInfo (RoleInfo.java:updateAndGet(143)) - c58a0a02-acd3-47c8-b3e9-5b8e0493de45: start FollowerState
2019-10-21 23:47:10,198 [Thread-2660] INFO  impl.FollowerState (FollowerState.java:run(117)) - 1360619e-ba1e-4bf9-aec1-9f15b5480b27@group-2FABE92B7E5B-FollowerState was interrupted: java.lang.InterruptedException: sleep interrupted
2019-10-21 23:47:10,198 [grpc-default-executor-1] INFO  impl.RoleInfo (RoleInfo.java:updateAndGet(143)) - 1360619e-ba1e-4bf9-aec1-9f15b5480b27: start FollowerState
2019-10-21 23:47:10,214 [b88b3e43-5534-49b3-b3f2-a9f154b450de@group-2FABE92B7E5B-LeaderElection371] INFO  impl.LeaderElection (LeaderElection.java:logAndReturn(56)) - b88b3e43-5534-49b3-b3f2-a9f154b450de@group-2FABE92B7E5B-LeaderElection371: Election REJECTED; received 2 response(s) [b88b3e43-5534-49b3-b3f2-a9f154b450de<-c58a0a02-acd3-47c8-b3e9-5b8e0493de45#0:FAIL-t397, b88b3e43-5534-49b3-b3f2-a9f154b450de<-1360619e-ba1e-4bf9-aec1-9f15b5480b27#0:FAIL-t397] and 0 exception(s); b88b3e43-5534-49b3-b3f2-a9f154b450de@group-2FABE92B7E5B:t397, leader=null, voted=b88b3e43-5534-49b3-b3f2-a9f154b450de, raftlog=b88b3e43-5534-49b3-b3f2-a9f154b450de@group-2FABE92B7E5B-SegmentedRaftLog:OPENED:c-1,f-1,i0, conf=-1: [c58a0a02-acd3-47c8-b3e9-5b8e0493de45:192.168.157.254:33611, 1360619e-ba1e-4bf9-aec1-9f15b5480b27:192.168.157.254:45658, b88b3e43-5534-49b3-b3f2-a9f154b450de:192.168.157.254:46786], old=null
2019-10-21 23:47:10,215 [b88b3e43-5534-49b3-b3f2-a9f154b450de@group-2FABE92B7E5B-LeaderElection371] INFO  impl.RaftServerImpl (RaftServerImpl.java:setRole(184)) - b88b3e43-5534-49b3-b3f2-a9f154b450de@group-2FABE92B7E5B: changes role from CANDIDATE to FOLLOWER at term 397 for DISCOVERED_A_NEW_TERM
2019-10-21 23:47:10,215 [b88b3e43-5534-49b3-b3f2-a9f154b450de@group-2FABE92B7E5B-LeaderElection371] INFO  impl.RoleInfo (RoleInfo.java:shutdownLeaderElection(134)) - b88b3e43-5534-49b3-b3f2-a9f154b450de: shutdown LeaderElection
2019-10-21 23:47:10,215 [b88b3e43-5534-49b3-b3f2-a9f154b450de@group-2FABE92B7E5B-LeaderElection371] INFO  impl.RoleInfo (RoleInfo.java:updateAndGet(143)) - b88b3e43-5534-49b3-b3f2-a9f154b450de: start FollowerState
2019-10-21 23:47:10,263 [Thread-2667] INFO  impl.FollowerState (FollowerState.java:run(108)) - b88b3e43-5534-49b3-b3f2-a9f154b450de@group-2FABE92B7E5B-FollowerState: change to CANDIDATE, lastRpcTime:48ms, electionTimeout:48ms
2019-10-21 23:47:10,263 [Thread-2667] INFO  impl.RoleInfo (RoleInfo.java:shutdownFollowerState(121)) - b88b3e43-5534-49b3-b3f2-a9f154b450de: shutdown FollowerState
2019-10-21 23:47:10,263 [Thread-2667] INFO  impl.RaftServerImpl (RaftServerImpl.java:setRole(184)) - b88b3e43-5534-49b3-b3f2-a9f154b450de@group-2FABE92B7E5B: changes role from  FOLLOWER to CANDIDATE at term 397 for changeToCandidate
2019-10-21 23:47:10,263 [Thread-2667] INFO  impl.RoleInfo (RoleInfo.java:updateAndGet(143)) - b88b3e43-5534-49b3-b3f2-a9f154b450de: start LeaderElection
2019-10-21 23:47:10,278 [b88b3e43-5534-49b3-b3f2-a9f154b450de@group-2FABE92B7E5B-LeaderElection372] INFO  impl.LeaderElection (LeaderElection.java:askForVotes(178)) - b88b3e43-5534-49b3-b3f2-a9f154b450de@group-2FABE92B7E5B-LeaderElection372: begin an election at term 398 for -1: [c58a0a02-acd3-47c8-b3e9-5b8e0493de45:192.168.157.254:33611, 1360619e-ba1e-4bf9-aec1-9f15b5480b27:192.168.157.254:45658, b88b3e43-5534-49b3-b3f2-a9f154b450de:192.168.157.254:46786], old=null
2019-10-21 23:47:10,279 [grpc-default-executor-2] INFO  impl.RaftServerImpl (RaftServerImpl.java:setRole(184)) - c58a0a02-acd3-47c8-b3e9-5b8e0493de45@group-2FABE92B7E5B: changes role from  FOLLOWER to FOLLOWER at term 398 for recognizeCandidate:b88b3e43-5534-49b3-b3f2-a9f154b450de
2019-10-21 23:47:10,280 [grpc-default-executor-2] INFO  impl.RoleInfo (RoleInfo.java:shutdownFollowerState(121)) - c58a0a02-acd3-47c8-b3e9-5b8e0493de45: shutdown FollowerState
2019-10-21 23:47:10,280 [grpc-default-executor-2] INFO  impl.RoleInfo (RoleInfo.java:updateAndGet(143)) - c58a0a02-acd3-47c8-b3e9-5b8e0493de45: start FollowerState
2019-10-21 23:47:10,280 [grpc-default-executor-1] INFO  impl.RaftServerImpl (RaftServerImpl.java:setRole(184)) - 1360619e-ba1e-4bf9-aec1-9f15b5480b27@group-2FABE92B7E5B: changes role from  FOLLOWER to FOLLOWER at term 398 for recognizeCandidate:b88b3e43-5534-49b3-b3f2-a9f154b450de
2019-10-21 23:47:10,280 [grpc-default-executor-1] INFO  impl.RoleInfo (RoleInfo.java:shutdownFollowerState(121)) - 1360619e-ba1e-4bf9-aec1-9f15b5480b27: shutdown FollowerState
2019-10-21 23:47:10,280 [Thread-2665] INFO  impl.FollowerState (FollowerState.java:run(117)) - c58a0a02-acd3-47c8-b3e9-5b8e0493de45@group-2FABE92B7E5B-FollowerState was interrupted: java.lang.InterruptedException: sleep interrupted
2019-10-21 23:47:10,280 [Thread-2666] INFO  impl.FollowerState (FollowerState.java:run(117)) - 1360619e-ba1e-4bf9-aec1-9f15b5480b27@group-2FABE92B7E5B-FollowerState was interrupted: java.lang.InterruptedException: sleep interrupted
2019-10-21 23:47:10,280 [grpc-default-executor-1] INFO  impl.RoleInfo (RoleInfo.java:updateAndGet(143)) - 1360619e-ba1e-4bf9-aec1-9f15b5480b27: start FollowerState
2019-10-21 23:47:10,306 [b88b3e43-5534-49b3-b3f2-a9f154b450de@group-2FABE92B7E5B-LeaderElection372] INFO  impl.LeaderElection (LeaderElection.java:logAndReturn(56)) - b88b3e43-5534-49b3-b3f2-a9f154b450de@group-2FABE92B7E5B-LeaderElection372: Election REJECTED; received 2 response(s) [b88b3e43-5534-49b3-b3f2-a9f154b450de<-c58a0a02-acd3-47c8-b3e9-5b8e0493de45#0:FAIL-t398, b88b3e43-5534-49b3-b3f2-a9f154b450de<-1360619e-ba1e-4bf9-aec1-9f15b5480b27#0:FAIL-t398] and 0 exception(s); b88b3e43-5534-49b3-b3f2-a9f154b450de@group-2FABE92B7E5B:t398, leader=null, voted=b88b3e43-5534-49b3-b3f2-a9f154b450de, raftlog=b88b3e43-5534-49b3-b3f2-a9f154b450de@group-2FABE92B7E5B-SegmentedRaftLog:OPENED:c-1,f-1,i0, conf=-1: [c58a0a02-acd3-47c8-b3e9-5b8e0493de45:192.168.157.254:33611, 1360619e-ba1e-4bf9-aec1-9f15b5480b27:192.168.157.254:45658, b88b3e43-5534-49b3-b3f2-a9f154b450de:192.168.157.254:46786], old=null
2019-10-21 23:47:10,306 [b88b3e43-5534-49b3-b3f2-a9f154b450de@group-2FABE92B7E5B-LeaderElection372] INFO  impl.RaftServerImpl (RaftServerImpl.java:setRole(184)) - b88b3e43-5534-49b3-b3f2-a9f154b450de@group-2FABE92B7E5B: changes role from CANDIDATE to FOLLOWER at term 398 for DISCOVERED_A_NEW_TERM
2019-10-21 23:47:10,306 [b88b3e43-5534-49b3-b3f2-a9f154b450de@group-2FABE92B7E5B-LeaderElection372] INFO  impl.RoleInfo (RoleInfo.java:shutdownLeaderElection(134)) - b88b3e43-5534-49b3-b3f2-a9f154b450de: shutdown LeaderElection
2019-10-21 23:47:10,307 [b88b3e43-5534-49b3-b3f2-a9f154b450de@group-2FABE92B7E5B-LeaderElection372] INFO  impl.RoleInfo (RoleInfo.java:updateAndGet(143)) - b88b3e43-5534-49b3-b3f2-a9f154b450de: start FollowerState
2019-10-21 23:47:10,372 [Thread-2673] INFO  impl.FollowerState (FollowerState.java:run(108)) - b88b3e43-5534-49b3-b3f2-a9f154b450de@group-2FABE92B7E5B-FollowerState: change to CANDIDATE, lastRpcTime:65ms, electionTimeout:65ms
2019-10-21 23:47:10,372 [Thread-2673] INFO  impl.RoleInfo (RoleInfo.java:shutdownFollowerState(121)) - b88b3e43-5534-49b3-b3f2-a9f154b450de: shutdown FollowerState
2019-10-21 23:47:10,372 [Thread-2673] INFO  impl.RaftServerImpl (RaftServerImpl.java:setRole(184)) - b88b3e43-5534-49b3-b3f2-a9f154b450de@group-2FABE92B7E5B: changes role from  FOLLOWER to CANDIDATE at term 398 for changeToCandidate
2019-10-21 23:47:10,372 [Thread-2673] INFO  impl.RoleInfo (RoleInfo.java:updateAndGet(143)) - b88b3e43-5534-49b3-b3f2-a9f154b450de: start LeaderElection
2019-10-21 23:47:10,385 [b88b3e43-5534-49b3-b3f2-a9f154b450de@group-2FABE92B7E5B-LeaderElection373] INFO  impl.LeaderElection (LeaderElection.java:askForVotes(178)) - b88b3e43-5534-49b3-b3f2-a9f154b450de@group-2FABE92B7E5B-LeaderElection373: begin an election at term 399 for -1: [c58a0a02-acd3-47c8-b3e9-5b8e0493de45:192.168.157.254:33611, 1360619e-ba1e-4bf9-aec1-9f15b5480b27:192.168.157.254:45658, b88b3e43-5534-49b3-b3f2-a9f154b450de:192.168.157.254:46786], old=null
2019-10-21 23:47:10,387 [grpc-default-executor-2] INFO  impl.RaftServerImpl (RaftServerImpl.java:setRole(184)) - c58a0a02-acd3-47c8-b3e9-5b8e0493de45@group-2FABE92B7E5B: changes role from  FOLLOWER to FOLLOWER at term 399 for recognizeCandidate:b88b3e43-5534-49b3-b3f2-a9f154b450de
2019-10-21 23:47:10,387 [grpc-default-executor-2] INFO  impl.RoleInfo (RoleInfo.java:shutdownFollowerState(121)) - c58a0a02-acd3-47c8-b3e9-5b8e0493de45: shutdown FollowerState
2019-10-21 23:47:10,387 [grpc-default-executor-1] INFO  impl.RaftServerImpl (RaftServerImpl.java:setRole(184)) - 1360619e-ba1e-4bf9-aec1-9f15b5480b27@group-2FABE92B7E5B: changes role from  FOLLOWER to FOLLOWER at term 399 for recognizeCandidate:b88b3e43-5534-49b3-b3f2-a9f154b450de
2019-10-21 23:47:10,387 [grpc-default-executor-1] INFO  impl.RoleInfo (RoleInfo.java:shutdownFollowerState(121)) - 1360619e-ba1e-4bf9-aec1-9f15b5480b27: shutdown FollowerState
2019-10-21 23:47:10,387 [Thread-2671] INFO  impl.FollowerState (FollowerState.java:run(117)) - c58a0a02-acd3-47c8-b3e9-5b8e0493de45@group-2FABE92B7E5B-FollowerState was interrupted: java.lang.InterruptedException: sleep interrupted
2019-10-21 23:47:10,387 [grpc-default-executor-2] INFO  impl.RoleInfo (RoleInfo.java:updateAndGet(143)) - c58a0a02-acd3-47c8-b3e9-5b8e0493de45: start FollowerState
2019-10-21 23:47:10,387 [Thread-2672] INFO  impl.FollowerState (FollowerState.java:run(117)) - 1360619e-ba1e-4bf9-aec1-9f15b5480b27@group-2FABE92B7E5B-FollowerState was interrupted: java.lang.InterruptedException: sleep interrupted
2019-10-21 23:47:10,387 [grpc-default-executor-1] INFO  impl.RoleInfo (RoleInfo.java:updateAndGet(143)) - 1360619e-ba1e-4bf9-aec1-9f15b5480b27: start FollowerState
2019-10-21 23:47:10,410 [b88b3e43-5534-49b3-b3f2-a9f154b450de@group-2FABE92B7E5B-LeaderElection373] INFO  impl.LeaderElection (LeaderElection.java:logAndReturn(56)) - b88b3e43-5534-49b3-b3f2-a9f154b450de@group-2FABE92B7E5B-LeaderElection373: Election REJECTED; received 2 response(s) [b88b3e43-5534-49b3-b3f2-a9f154b450de<-c58a0a02-acd3-47c8-b3e9-5b8e0493de45#0:FAIL-t399, b88b3e43-5534-49b3-b3f2-a9f154b450de<-1360619e-ba1e-4bf9-aec1-9f15b5480b27#0:FAIL-t399] and 0 exception(s); b88b3e43-5534-49b3-b3f2-a9f154b450de@group-2FABE92B7E5B:t399, leader=null, voted=b88b3e43-5534-49b3-b3f2-a9f154b450de, raftlog=b88b3e43-5534-49b3-b3f2-a9f154b450de@group-2FABE92B7E5B-SegmentedRaftLog:OPENED:c-1,f-1,i0, conf=-1: [c58a0a02-acd3-47c8-b3e9-5b8e0493de45:192.168.157.254:33611, 1360619e-ba1e-4bf9-aec1-9f15b5480b27:192.168.157.254:45658, b88b3e43-5534-49b3-b3f2-a9f154b450de:192.168.157.254:46786], old=null
2019-10-21 23:47:10,411 [b88b3e43-5534-49b3-b3f2-a9f154b450de@group-2FABE92B7E5B-LeaderElection373] INFO  impl.RaftServerImpl (RaftServerImpl.java:setRole(184)) - b88b3e43-5534-49b3-b3f2-a9f154b450de@group-2FABE92B7E5B: changes role from CANDIDATE to FOLLOWER at term 399 for DISCOVERED_A_NEW_TERM
2019-10-21 23:47:10,411 [b88b3e43-5534-49b3-b3f2-a9f154b450de@group-2FABE92B7E5B-LeaderElection373] INFO  impl.RoleInfo (RoleInfo.java:shutdownLeaderElection(134)) - b88b3e43-5534-49b3-b3f2-a9f154b450de: shutdown LeaderElection
2019-10-21 23:47:10,411 [b88b3e43-5534-49b3-b3f2-a9f154b450de@group-2FABE92B7E5B-LeaderElection373] INFO  impl.RoleInfo (RoleInfo.java:updateAndGet(143)) - b88b3e43-5534-49b3-b3f2-a9f154b450de: start FollowerState
2019-10-21 23:47:10,473 [Thread-2679] INFO  impl.FollowerState (FollowerState.java:run(108)) - b88b3e43-5534-49b3-b3f2-a9f154b450de@group-2FABE92B7E5B-FollowerState: change to CANDIDATE, lastRpcTime:62ms, electionTimeout:62ms
2019-10-21 23:47:10,473 [Thread-2679] INFO  impl.RoleInfo (RoleInfo.java:shutdownFollowerState(121)) - b88b3e43-5534-49b3-b3f2-a9f154b450de: shutdown FollowerState
2019-10-21 23:47:10,473 [Thread-2679] INFO  impl.RaftServerImpl (RaftServerImpl.java:setRole(184)) - b88b3e43-5534-49b3-b3f2-a9f154b450de@group-2FABE92B7E5B: changes role from  FOLLOWER to CANDIDATE at term 399 for changeToCandidate
2019-10-21 23:47:10,474 [Thread-2679] INFO  impl.RoleInfo (RoleInfo.java:updateAndGet(143)) - b88b3e43-5534-49b3-b3f2-a9f154b450de: start LeaderElection
2019-10-21 23:47:10,487 [b88b3e43-5534-49b3-b3f2-a9f154b450de@group-2FABE92B7E5B-LeaderElection374] INFO  impl.LeaderElection (LeaderElection.java:askForVotes(178)) - b88b3e43-5534-49b3-b3f2-a9f154b450de@group-2FABE92B7E5B-LeaderElection374: begin an election at term 400 for -1: [c58a0a02-acd3-47c8-b3e9-5b8e0493de45:192.168.157.254:33611, 1360619e-ba1e-4bf9-aec1-9f15b5480b27:192.168.157.254:45658, b88b3e43-5534-49b3-b3f2-a9f154b450de:192.168.157.254:46786], old=null
2019-10-21 23:47:10,489 [grpc-default-executor-1] INFO  impl.RaftServerImpl (RaftServerImpl.java:setRole(184)) - c58a0a02-acd3-47c8-b3e9-5b8e0493de45@group-2FABE92B7E5B: changes role from  FOLLOWER to FOLLOWER at term 400 for recognizeCandidate:b88b3e43-5534-49b3-b3f2-a9f154b450de
2019-10-21 23:47:10,489 [grpc-default-executor-1] INFO  impl.RoleInfo (RoleInfo.java:shutdownFollowerState(121)) - c58a0a02-acd3-47c8-b3e9-5b8e0493de45: shutdown FollowerState
2019-10-21 23:47:10,489 [grpc-default-executor-2] INFO  impl.RaftServerImpl (RaftServerImpl.java:setRole(184)) - 1360619e-ba1e-4bf9-aec1-9f15b5480b27@group-2FABE92B7E5B: changes role from  FOLLOWER to FOLLOWER at term 400 for recognizeCandidate:b88b3e43-5534-49b3-b3f2-a9f154b450de
2019-10-21 23:47:10,489 [grpc-default-executor-2] INFO  impl.RoleInfo (RoleInfo.java:shutdownFollowerState(121)) - 1360619e-ba1e-4bf9-aec1-9f15b5480b27: shutdown FollowerState
2019-10-21 23:47:10,489 [Thread-2677] INFO  impl.FollowerState (FollowerState.java:run(117)) - c58a0a02-acd3-47c8-b3e9-5b8e0493de45@group-2FABE92B7E5B-FollowerState was interrupted: java.lang.InterruptedException: sleep interrupted
2019-10-21 23:47:10,489 [Thread-2678] INFO  impl.FollowerState (FollowerState.java:run(117)) - 1360619e-ba1e-4bf9-aec1-9f15b5480b27@group-2FABE92B7E5B-FollowerState was interrupted: java.lang.InterruptedException: sleep interrupted
2019-10-21 23:47:10,489 [grpc-default-executor-1] INFO  impl.RoleInfo (RoleInfo.java:updateAndGet(143)) - c58a0a02-acd3-47c8-b3e9-5b8e0493de45: start FollowerState
2019-10-21 23:47:10,489 [grpc-default-executor-2] INFO  impl.RoleInfo (RoleInfo.java:updateAndGet(143)) - 1360619e-ba1e-4bf9-aec1-9f15b5480b27: start FollowerState
2019-10-21 23:47:10,515 [b88b3e43-5534-49b3-b3f2-a9f154b450de@group-2FABE92B7E5B-LeaderElection374] INFO  impl.LeaderElection (LeaderElection.java:logAndReturn(56)) - b88b3e43-5534-49b3-b3f2-a9f154b450de@group-2FABE92B7E5B-LeaderElection374: Election REJECTED; received 2 response(s) [b88b3e43-5534-49b3-b3f2-a9f154b450de<-c58a0a02-acd3-47c8-b3e9-5b8e0493de45#0:FAIL-t400, b88b3e43-5534-49b3-b3f2-a9f154b450de<-1360619e-ba1e-4bf9-aec1-9f15b5480b27#0:FAIL-t400] and 0 exception(s); b88b3e43-5534-49b3-b3f2-a9f154b450de@group-2FABE92B7E5B:t400, leader=null, voted=b88b3e43-5534-49b3-b3f2-a9f154b450de, raftlog=b88b3e43-5534-49b3-b3f2-a9f154b450de@group-2FABE92B7E5B-SegmentedRaftLog:OPENED:c-1,f-1,i0, conf=-1: [c58a0a02-acd3-47c8-b3e9-5b8e0493de45:192.168.157.254:33611, 1360619e-ba1e-4bf9-aec1-9f15b5480b27:192.168.157.254:45658, b88b3e43-5534-49b3-b3f2-a9f154b450de:192.168.157.254:46786], old=null
2019-10-21 23:47:10,515 [b88b3e43-5534-49b3-b3f2-a9f154b450de@group-2FABE92B7E5B-LeaderElection374] INFO  impl.RaftServerImpl (RaftServerImpl.java:setRole(184)) - b88b3e43-5534-49b3-b3f2-a9f154b450de@group-2FABE92B7E5B: changes role from CANDIDATE to FOLLOWER at term 400 for DISCOVERED_A_NEW_TERM
2019-10-21 23:47:10,515 [b88b3e43-5534-49b3-b3f2-a9f154b450de@group-2FABE92B7E5B-LeaderElection374] INFO  impl.RoleInfo (RoleInfo.java:shutdownLeaderElection(134)) - b88b3e43-5534-49b3-b3f2-a9f154b450de: shutdown LeaderElection
2019-10-21 23:47:10,515 [b88b3e43-5534-49b3-b3f2-a9f154b450de@group-2FABE92B7E5B-LeaderElection374] INFO  impl.RoleInfo (RoleInfo.java:updateAndGet(143)) - b88b3e43-5534-49b3-b3f2-a9f154b450de: start FollowerState
2019-10-21 23:47:10,613 [Thread-2687] INFO  impl.FollowerState (FollowerState.java:run(108)) - b88b3e43-5534-49b3-b3f2-a9f154b450de@group-2FABE92B7E5B-FollowerState: change to CANDIDATE, lastRpcTime:97ms, electionTimeout:97ms
2019-10-21 23:47:10,613 [Thread-2687] INFO  impl.RoleInfo (RoleInfo.java:shutdownFollowerState(121)) - b88b3e43-5534-49b3-b3f2-a9f154b450de: shutdown FollowerState
2019-10-21 23:47:10,614 [Thread-2687] INFO  impl.RaftServerImpl (RaftServerImpl.java:setRole(184)) - b88b3e43-5534-49b3-b3f2-a9f154b450de@group-2FABE92B7E5B: changes role from  FOLLOWER to CANDIDATE at term 400 for changeToCandidate
2019-10-21 23:47:10,614 [Thread-2687] INFO  impl.RoleInfo (RoleInfo.java:updateAndGet(143)) - b88b3e43-5534-49b3-b3f2-a9f154b450de: start LeaderElection
2019-10-21 23:47:10,630 [b88b3e43-5534-49b3-b3f2-a9f154b450de@group-2FABE92B7E5B-LeaderElection375] INFO  impl.LeaderElection (LeaderElection.java:askForVotes(178)) - b88b3e43-5534-49b3-b3f2-a9f154b450de@group-2FABE92B7E5B-LeaderElection375: begin an election at term 401 for -1: [c58a0a02-acd3-47c8-b3e9-5b8e0493de45:192.168.157.254:33611, 1360619e-ba1e-4bf9-aec1-9f15b5480b27:192.168.157.254:45658, b88b3e43-5534-49b3-b3f2-a9f154b450de:192.168.157.254:46786], old=null
2019-10-21 23:47:10,635 [grpc-default-executor-1] INFO  impl.RaftServerImpl (RaftServerImpl.java:setRole(184)) - 1360619e-ba1e-4bf9-aec1-9f15b5480b27@group-2FABE92B7E5B: changes role from  FOLLOWER to FOLLOWER at term 401 for recognizeCandidate:b88b3e43-5534-49b3-b3f2-a9f154b450de
2019-10-21 23:47:10,635 [grpc-default-executor-2] INFO  impl.RaftServerImpl (RaftServerImpl.java:setRole(184)) - c58a0a02-acd3-47c8-b3e9-5b8e0493de45@group-2FABE92B7E5B: changes role from  FOLLOWER to FOLLOWER at term 401 for recognizeCandidate:b88b3e43-5534-49b3-b3f2-a9f154b450de
2019-10-21 23:47:10,636 [grpc-default-executor-2] INFO  impl.RoleInfo (RoleInfo.java:shutdownFollowerState(121)) - c58a0a02-acd3-47c8-b3e9-5b8e0493de45: shutdown FollowerState
2019-10-21 23:47:10,636 [grpc-default-executor-1] INFO  impl.RoleInfo (RoleInfo.java:shutdownFollowerState(121)) - 1360619e-ba1e-4bf9-aec1-9f15b5480b27: shutdown FollowerState
2019-10-21 23:47:10,636 [grpc-default-executor-2] INFO  impl.RoleInfo (RoleInfo.java:updateAndGet(143)) - c58a0a02-acd3-47c8-b3e9-5b8e0493de45: start FollowerState
2019-10-21 23:47:10,636 [Thread-2686] INFO  impl.FollowerState (FollowerState.java:run(117)) - 1360619e-ba1e-4bf9-aec1-9f15b5480b27@group-2FABE92B7E5B-FollowerState was interrupted: java.lang.InterruptedException: sleep interrupted
2019-10-21 23:47:10,636 [grpc-default-executor-1] INFO  impl.RoleInfo (RoleInfo.java:updateAndGet(143)) - 1360619e-ba1e-4bf9-aec1-9f15b5480b27: start FollowerState
2019-10-21 23:47:10,636 [Thread-2685] INFO  impl.FollowerState (FollowerState.java:run(117)) - c58a0a02-acd3-47c8-b3e9-5b8e0493de45@group-2FABE92B7E5B-FollowerState was interrupted: java.lang.InterruptedException: sleep interrupted
2019-10-21 23:47:10,662 [b88b3e43-5534-49b3-b3f2-a9f154b450de@group-2FABE92B7E5B-LeaderElection375] INFO  impl.LeaderElection (LeaderElection.java:logAndReturn(56)) - b88b3e43-5534-49b3-b3f2-a9f154b450de@group-2FABE92B7E5B-LeaderElection375: Election REJECTED; received 2 response(s) [b88b3e43-5534-49b3-b3f2-a9f154b450de<-c58a0a02-acd3-47c8-b3e9-5b8e0493de45#0:FAIL-t401, b88b3e43-5534-49b3-b3f2-a9f154b450de<-1360619e-ba1e-4bf9-aec1-9f15b5480b27#0:FAIL-t401] and 0 exception(s); b88b3e43-5534-49b3-b3f2-a9f154b450de@group-2FABE92B7E5B:t401, leader=null, voted=b88b3e43-5534-49b3-b3f2-a9f154b450de, raftlog=b88b3e43-5534-49b3-b3f2-a9f154b450de@group-2FABE92B7E5B-SegmentedRaftLog:OPENED:c-1,f-1,i0, conf=-1: [c58a0a02-acd3-47c8-b3e9-5b8e0493de45:192.168.157.254:33611, 1360619e-ba1e-4bf9-aec1-9f15b5480b27:192.168.157.254:45658, b88b3e43-5534-49b3-b3f2-a9f154b450de:192.168.157.254:46786], old=null
2019-10-21 23:47:10,662 [b88b3e43-5534-49b3-b3f2-a9f154b450de@group-2FABE92B7E5B-LeaderElection375] INFO  impl.RaftServerImpl (RaftServerImpl.java:setRole(184)) - b88b3e43-5534-49b3-b3f2-a9f154b450de@group-2FABE92B7E5B: changes role from CANDIDATE to FOLLOWER at term 401 for DISCOVERED_A_NEW_TERM
2019-10-21 23:47:10,662 [b88b3e43-5534-49b3-b3f2-a9f154b450de@group-2FABE92B7E5B-LeaderElection375] INFO  impl.RoleInfo (RoleInfo.java:shutdownLeaderElection(134)) - b88b3e43-5534-49b3-b3f2-a9f154b450de: shutdown LeaderElection
2019-10-21 23:47:10,663 [b88b3e43-5534-49b3-b3f2-a9f154b450de@group-2FABE92B7E5B-LeaderElection375] INFO  impl.RoleInfo (RoleInfo.java:updateAndGet(143)) - b88b3e43-5534-49b3-b3f2-a9f154b450de: start FollowerState
2019-10-21 23:47:10,763 [Thread-2693] INFO  impl.FollowerState (FollowerState.java:run(108)) - b88b3e43-5534-49b3-b3f2-a9f154b450de@group-2FABE92B7E5B-FollowerState: change to CANDIDATE, lastRpcTime:100ms, electionTimeout:100ms
2019-10-21 23:47:10,763 [Thread-2693] INFO  impl.RoleInfo (RoleInfo.java:shutdownFollowerState(121)) - b88b3e43-5534-49b3-b3f2-a9f154b450de: shutdown FollowerState
2019-10-21 23:47:10,763 [Thread-2693] INFO  impl.RaftServerImpl (RaftServerImpl.java:setRole(184)) - b88b3e43-5534-49b3-b3f2-a9f154b450de@group-2FABE92B7E5B: changes role from  FOLLOWER to CANDIDATE at term 401 for changeToCandidate
2019-10-21 23:47:10,763 [Thread-2693] INFO  impl.RoleInfo (RoleInfo.java:updateAndGet(143)) - b88b3e43-5534-49b3-b3f2-a9f154b450de: start LeaderElection
2019-10-21 23:47:10,778 [b88b3e43-5534-49b3-b3f2-a9f154b450de@group-2FABE92B7E5B-LeaderElection376] INFO  impl.LeaderElection (LeaderElection.java:askForVotes(178)) - b88b3e43-5534-49b3-b3f2-a9f154b450de@group-2FABE92B7E5B-LeaderElection376: begin an election at term 402 for -1: [c58a0a02-acd3-47c8-b3e9-5b8e0493de45:192.168.157.254:33611, 1360619e-ba1e-4bf9-aec1-9f15b5480b27:192.168.157.254:45658, b88b3e43-5534-49b3-b3f2-a9f154b450de:192.168.157.254:46786], old=null
2019-10-21 23:47:10,780 [grpc-default-executor-2] INFO  impl.RaftServerImpl (RaftServerImpl.java:setRole(184)) - c58a0a02-acd3-47c8-b3e9-5b8e0493de45@group-2FABE92B7E5B: changes role from  FOLLOWER to FOLLOWER at term 402 for recognizeCandidate:b88b3e43-5534-49b3-b3f2-a9f154b450de
2019-10-21 23:47:10,780 [grpc-default-executor-2] INFO  impl.RoleInfo (RoleInfo.java:shutdownFollowerState(121)) - c58a0a02-acd3-47c8-b3e9-5b8e0493de45: shutdown FollowerState
2019-10-21 23:47:10,780 [grpc-default-executor-1] INFO  impl.RaftServerImpl (RaftServerImpl.java:setRole(184)) - 1360619e-ba1e-4bf9-aec1-9f15b5480b27@group-2FABE92B7E5B: changes role from  FOLLOWER to FOLLOWER at term 402 for recognizeCandidate:b88b3e43-5534-49b3-b3f2-a9f154b450de
2019-10-21 23:47:10,780 [grpc-default-executor-1] INFO  impl.RoleInfo (RoleInfo.java:shutdownFollowerState(121)) - 1360619e-ba1e-4bf9-aec1-9f15b5480b27: shutdown FollowerState
2019-10-21 23:47:10,780 [Thread-2691] INFO  impl.FollowerState (FollowerState.java:run(117)) - c58a0a02-acd3-47c8-b3e9-5b8e0493de45@group-2FABE92B7E5B-FollowerState was interrupted: java.lang.InterruptedException: sleep interrupted
2019-10-21 23:47:10,780 [grpc-default-executor-2] INFO  impl.RoleInfo (RoleInfo.java:updateAndGet(143)) - c58a0a02-acd3-47c8-b3e9-5b8e0493de45: start FollowerState
2019-10-21 23:47:10,780 [Thread-2692] INFO  impl.FollowerState (FollowerState.java:run(117)) - 1360619e-ba1e-4bf9-aec1-9f15b5480b27@group-2FABE92B7E5B-FollowerState was interrupted: java.lang.InterruptedException: sleep interrupted
2019-10-21 23:47:10,780 [grpc-default-executor-1] INFO  impl.RoleInfo (RoleInfo.java:updateAndGet(143)) - 1360619e-ba1e-4bf9-aec1-9f15b5480b27: start FollowerState
2019-10-21 23:47:10,795 [b88b3e43-5534-49b3-b3f2-a9f154b450de@group-2FABE92B7E5B-LeaderElection376] INFO  impl.LeaderElection (LeaderElection.java:logAndReturn(56)) - b88b3e43-5534-49b3-b3f2-a9f154b450de@group-2FABE92B7E5B-LeaderElection376: Election REJECTED; received 2 response(s) [b88b3e43-5534-49b3-b3f2-a9f154b450de<-c58a0a02-acd3-47c8-b3e9-5b8e0493de45#0:FAIL-t402, b88b3e43-5534-49b3-b3f2-a9f154b450de<-1360619e-ba1e-4bf9-aec1-9f15b5480b27#0:FAIL-t402] and 0 exception(s); b88b3e43-5534-49b3-b3f2-a9f154b450de@group-2FABE92B7E5B:t402, leader=null, voted=b88b3e43-5534-49b3-b3f2-a9f154b450de, raftlog=b88b3e43-5534-49b3-b3f2-a9f154b450de@group-2FABE92B7E5B-SegmentedRaftLog:OPENED:c-1,f-1,i0, conf=-1: [c58a0a02-acd3-47c8-b3e9-5b8e0493de45:192.168.157.254:33611, 1360619e-ba1e-4bf9-aec1-9f15b5480b27:192.168.157.254:45658, b88b3e43-5534-49b3-b3f2-a9f154b450de:192.168.157.254:46786], old=null
2019-10-21 23:47:10,795 [b88b3e43-5534-49b3-b3f2-a9f154b450de@group-2FABE92B7E5B-LeaderElection376] INFO  impl.RaftServerImpl (RaftServerImpl.java:setRole(184)) - b88b3e43-5534-49b3-b3f2-a9f154b450de@group-2FABE92B7E5B: changes role from CANDIDATE to FOLLOWER at term 402 for DISCOVERED_A_NEW_TERM
2019-10-21 23:47:10,795 [b88b3e43-5534-49b3-b3f2-a9f154b450de@group-2FABE92B7E5B-LeaderElection376] INFO  impl.RoleInfo (RoleInfo.java:shutdownLeaderElection(134)) - b88b3e43-5534-49b3-b3f2-a9f154b450de: shutdown LeaderElection
2019-10-21 23:47:10,796 [b88b3e43-5534-49b3-b3f2-a9f154b450de@group-2FABE92B7E5B-LeaderElection376] INFO  impl.RoleInfo (RoleInfo.java:updateAndGet(143)) - b88b3e43-5534-49b3-b3f2-a9f154b450de: start FollowerState
2019-10-21 23:47:10,878 [Thread-2699] INFO  impl.FollowerState (FollowerState.java:run(108)) - b88b3e43-5534-49b3-b3f2-a9f154b450de@group-2FABE92B7E5B-FollowerState: change to CANDIDATE, lastRpcTime:82ms, electionTimeout:82ms
2019-10-21 23:47:10,878 [Thread-2699] INFO  impl.RoleInfo (RoleInfo.java:shutdownFollowerState(121)) - b88b3e43-5534-49b3-b3f2-a9f154b450de: shutdown FollowerState
2019-10-21 23:47:10,878 [Thread-2699] INFO  impl.RaftServerImpl (RaftServerImpl.java:setRole(184)) - b88b3e43-5534-49b3-b3f2-a9f154b450de@group-2FABE92B7E5B: changes role from  FOLLOWER to CANDIDATE at term 402 for changeToCandidate
2019-10-21 23:47:10,878 [Thread-2699] INFO  impl.RoleInfo (RoleInfo.java:updateAndGet(143)) - b88b3e43-5534-49b3-b3f2-a9f154b450de: start LeaderElection
2019-10-21 23:47:10,906 [b88b3e43-5534-49b3-b3f2-a9f154b450de@group-2FABE92B7E5B-LeaderElection377] INFO  impl.LeaderElection (LeaderElection.java:askForVotes(178)) - b88b3e43-5534-49b3-b3f2-a9f154b450de@group-2FABE92B7E5B-LeaderElection377: begin an election at term 403 for -1: [c58a0a02-acd3-47c8-b3e9-5b8e0493de45:192.168.157.254:33611, 1360619e-ba1e-4bf9-aec1-9f15b5480b27:192.168.157.254:45658, b88b3e43-5534-49b3-b3f2-a9f154b450de:192.168.157.254:46786], old=null
2019-10-21 23:47:10,908 [grpc-default-executor-1] INFO  impl.RaftServerImpl (RaftServerImpl.java:setRole(184)) - 1360619e-ba1e-4bf9-aec1-9f15b5480b27@group-2FABE92B7E5B: changes role from  FOLLOWER to FOLLOWER at term 403 for recognizeCandidate:b88b3e43-5534-49b3-b3f2-a9f154b450de
2019-10-21 23:47:10,908 [grpc-default-executor-1] INFO  impl.RoleInfo (RoleInfo.java:shutdownFollowerState(121)) - 1360619e-ba1e-4bf9-aec1-9f15b5480b27: shutdown FollowerState
2019-10-21 23:47:10,908 [grpc-default-executor-2] INFO  impl.RaftServerImpl (RaftServerImpl.java:setRole(184)) - c58a0a02-acd3-47c8-b3e9-5b8e0493de45@group-2FABE92B7E5B: changes role from  FOLLOWER to FOLLOWER at term 403 for recognizeCandidate:b88b3e43-5534-49b3-b3f2-a9f154b450de
2019-10-21 23:47:10,908 [Thread-2698] INFO  impl.FollowerState (FollowerState.java:run(117)) - 1360619e-ba1e-4bf9-aec1-9f15b5480b27@group-2FABE92B7E5B-FollowerState was interrupted: java.lang.InterruptedException: sleep interrupted
2019-10-21 23:47:10,908 [grpc-default-executor-1] INFO  impl.RoleInfo (RoleInfo.java:updateAndGet(143)) - 1360619e-ba1e-4bf9-aec1-9f15b5480b27: start FollowerState
2019-10-21 23:47:10,908 [grpc-default-executor-2] INFO  impl.RoleInfo (RoleInfo.java:shutdownFollowerState(121)) - c58a0a02-acd3-47c8-b3e9-5b8e0493de45: shutdown FollowerState
2019-10-21 23:47:10,909 [grpc-default-executor-2] INFO  impl.RoleInfo (RoleInfo.java:updateAndGet(143)) - c58a0a02-acd3-47c8-b3e9-5b8e0493de45: start FollowerState
2019-10-21 23:47:10,909 [Thread-2697] INFO  impl.FollowerState (FollowerState.java:run(117)) - c58a0a02-acd3-47c8-b3e9-5b8e0493de45@group-2FABE92B7E5B-FollowerState was interrupted: java.lang.InterruptedException: sleep interrupted
2019-10-21 23:47:10,927 [b88b3e43-5534-49b3-b3f2-a9f154b450de@group-2FABE92B7E5B-LeaderElection377] INFO  impl.LeaderElection (LeaderElection.java:logAndReturn(56)) - b88b3e43-5534-49b3-b3f2-a9f154b450de@group-2FABE92B7E5B-LeaderElection377: Election REJECTED; received 2 response(s) [b88b3e43-5534-49b3-b3f2-a9f154b450de<-c58a0a02-acd3-47c8-b3e9-5b8e0493de45#0:FAIL-t403, b88b3e43-5534-49b3-b3f2-a9f154b450de<-1360619e-ba1e-4bf9-aec1-9f15b5480b27#0:FAIL-t403] and 0 exception(s); b88b3e43-5534-49b3-b3f2-a9f154b450de@group-2FABE92B7E5B:t403, leader=null, voted=b88b3e43-5534-49b3-b3f2-a9f154b450de, raftlog=b88b3e43-5534-49b3-b3f2-a9f154b450de@group-2FABE92B7E5B-SegmentedRaftLog:OPENED:c-1,f-1,i0, conf=-1: [c58a0a02-acd3-47c8-b3e9-5b8e0493de45:192.168.157.254:33611, 1360619e-ba1e-4bf9-aec1-9f15b5480b27:192.168.157.254:45658, b88b3e43-5534-49b3-b3f2-a9f154b450de:192.168.157.254:46786], old=null
2019-10-21 23:47:10,927 [b88b3e43-5534-49b3-b3f2-a9f154b450de@group-2FABE92B7E5B-LeaderElection377] INFO  impl.RaftServerImpl (RaftServerImpl.java:setRole(184)) - b88b3e43-5534-49b3-b3f2-a9f154b450de@group-2FABE92B7E5B: changes role from CANDIDATE to FOLLOWER at term 403 for DISCOVERED_A_NEW_TERM
2019-10-21 23:47:10,927 [b88b3e43-5534-49b3-b3f2-a9f154b450de@group-2FABE92B7E5B-LeaderElection377] INFO  impl.RoleInfo (RoleInfo.java:shutdownLeaderElection(134)) - b88b3e43-5534-49b3-b3f2-a9f154b450de: shutdown LeaderElection
2019-10-21 23:47:10,927 [b88b3e43-5534-49b3-b3f2-a9f154b450de@group-2FABE92B7E5B-LeaderElection377] INFO  impl.RoleInfo (RoleInfo.java:updateAndGet(143)) - b88b3e43-5534-49b3-b3f2-a9f154b450de: start FollowerState
2019-10-21 23:47:11,032 [Thread-2705] INFO  impl.FollowerState (FollowerState.java:run(108)) - b88b3e43-5534-49b3-b3f2-a9f154b450de@group-2FABE92B7E5B-FollowerState: change to CANDIDATE, lastRpcTime:104ms, electionTimeout:104ms
2019-10-21 23:47:11,032 [Thread-2705] INFO  impl.RoleInfo (RoleInfo.java:shutdownFollowerState(121)) - b88b3e43-5534-49b3-b3f2-a9f154b450de: shutdown FollowerState
2019-10-21 23:47:11,032 [Thread-2705] INFO  impl.RaftServerImpl (RaftServerImpl.java:setRole(184)) - b88b3e43-5534-49b3-b3f2-a9f154b450de@group-2FABE92B7E5B: changes role from  FOLLOWER to CANDIDATE at term 403 for changeToCandidate
2019-10-21 23:47:11,032 [Thread-2705] INFO  impl.RoleInfo (RoleInfo.java:updateAndGet(143)) - b88b3e43-5534-49b3-b3f2-a9f154b450de: start LeaderElection
2019-10-21 23:47:11,056 [b88b3e43-5534-49b3-b3f2-a9f154b450de@group-2FABE92B7E5B-LeaderElection378] INFO  impl.LeaderElection (LeaderElection.java:askForVotes(178)) - b88b3e43-5534-49b3-b3f2-a9f154b450de@group-2FABE92B7E5B-LeaderElection378: begin an election at term 404 for -1: [c58a0a02-acd3-47c8-b3e9-5b8e0493de45:192.168.157.254:33611, 1360619e-ba1e-4bf9-aec1-9f15b5480b27:192.168.157.254:45658, b88b3e43-5534-49b3-b3f2-a9f154b450de:192.168.157.254:46786], old=null
2019-10-21 23:47:11,058 [grpc-default-executor-2] INFO  impl.RaftServerImpl (RaftServerImpl.java:setRole(184)) - c58a0a02-acd3-47c8-b3e9-5b8e0493de45@group-2FABE92B7E5B: changes role from  FOLLOWER to FOLLOWER at term 404 for recognizeCandidate:b88b3e43-5534-49b3-b3f2-a9f154b450de
2019-10-21 23:47:11,058 [grpc-default-executor-2] INFO  impl.RoleInfo (RoleInfo.java:shutdownFollowerState(121)) - c58a0a02-acd3-47c8-b3e9-5b8e0493de45: shutdown FollowerState
2019-10-21 23:47:11,058 [grpc-default-executor-2] INFO  impl.RoleInfo (RoleInfo.java:updateAndGet(143)) - c58a0a02-acd3-47c8-b3e9-5b8e0493de45: start FollowerState
2019-10-21 23:47:11,058 [Thread-2704] INFO  impl.FollowerState (FollowerState.java:run(117)) - c58a0a02-acd3-47c8-b3e9-5b8e0493de45@group-2FABE92B7E5B-FollowerState was interrupted: java.lang.InterruptedException: sleep interrupted
2019-10-21 23:47:11,058 [grpc-default-executor-1] INFO  impl.RaftServerImpl (RaftServerImpl.java:setRole(184)) - 1360619e-ba1e-4bf9-aec1-9f15b5480b27@group-2FABE92B7E5B: changes role from  FOLLOWER to FOLLOWER at term 404 for recognizeCandidate:b88b3e43-5534-49b3-b3f2-a9f154b450de
2019-10-21 23:47:11,058 [grpc-default-executor-1] INFO  impl.RoleInfo (RoleInfo.java:shutdownFollowerState(121)) - 1360619e-ba1e-4bf9-aec1-9f15b5480b27: shutdown FollowerState
2019-10-21 23:47:11,058 [grpc-default-executor-1] INFO  impl.RoleInfo (RoleInfo.java:updateAndGet(143)) - 1360619e-ba1e-4bf9-aec1-9f15b5480b27: start FollowerState
2019-10-21 23:47:11,058 [Thread-2703] INFO  impl.FollowerState (FollowerState.java:run(117)) - 1360619e-ba1e-4bf9-aec1-9f15b5480b27@group-2FABE92B7E5B-FollowerState was interrupted: java.lang.InterruptedException: sleep interrupted
2019-10-21 23:47:11,084 [b88b3e43-5534-49b3-b3f2-a9f154b450de@group-2FABE92B7E5B-LeaderElection378] INFO  impl.LeaderElection (LeaderElection.java:logAndReturn(56)) - b88b3e43-5534-49b3-b3f2-a9f154b450de@group-2FABE92B7E5B-LeaderElection378: Election REJECTED; received 2 response(s) [b88b3e43-5534-49b3-b3f2-a9f154b450de<-c58a0a02-acd3-47c8-b3e9-5b8e0493de45#0:FAIL-t404, b88b3e43-5534-49b3-b3f2-a9f154b450de<-1360619e-ba1e-4bf9-aec1-9f15b5480b27#0:FAIL-t404] and 0 exception(s); b88b3e43-5534-49b3-b3f2-a9f154b450de@group-2FABE92B7E5B:t404, leader=null, voted=b88b3e43-5534-49b3-b3f2-a9f154b450de, raftlog=b88b3e43-5534-49b3-b3f2-a9f154b450de@group-2FABE92B7E5B-SegmentedRaftLog:OPENED:c-1,f-1,i0, conf=-1: [c58a0a02-acd3-47c8-b3e9-5b8e0493de45:192.168.157.254:33611, 1360619e-ba1e-4bf9-aec1-9f15b5480b27:192.168.157.254:45658, b88b3e43-5534-49b3-b3f2-a9f154b450de:192.168.157.254:46786], old=null
2019-10-21 23:47:11,084 [b88b3e43-5534-49b3-b3f2-a9f154b450de@group-2FABE92B7E5B-LeaderElection378] INFO  impl.RaftServerImpl (RaftServerImpl.java:setRole(184)) - b88b3e43-5534-49b3-b3f2-a9f154b450de@group-2FABE92B7E5B: changes role from CANDIDATE to FOLLOWER at term 404 for DISCOVERED_A_NEW_TERM
2019-10-21 23:47:11,084 [b88b3e43-5534-49b3-b3f2-a9f154b450de@group-2FABE92B7E5B-LeaderElection378] INFO  impl.RoleInfo (RoleInfo.java:shutdownLeaderElection(134)) - b88b3e43-5534-49b3-b3f2-a9f154b450de: shutdown LeaderElection
2019-10-21 23:47:11,084 [b88b3e43-5534-49b3-b3f2-a9f154b450de@group-2FABE92B7E5B-LeaderElection378] INFO  impl.RoleInfo (RoleInfo.java:updateAndGet(143)) - b88b3e43-5534-49b3-b3f2-a9f154b450de: start FollowerState
2019-10-21 23:47:11,162 [Thread-2711] INFO  impl.FollowerState (FollowerState.java:run(108)) - b88b3e43-5534-49b3-b3f2-a9f154b450de@group-2FABE92B7E5B-FollowerState: change to CANDIDATE, lastRpcTime:78ms, electionTimeout:78ms
2019-10-21 23:47:11,163 [Thread-2711] INFO  impl.RoleInfo (RoleInfo.java:shutdownFollowerState(121)) - b88b3e43-5534-49b3-b3f2-a9f154b450de: shutdown FollowerState
2019-10-21 23:47:11,163 [Thread-2711] INFO  impl.RaftServerImpl (RaftServerImpl.java:setRole(184)) - b88b3e43-5534-49b3-b3f2-a9f154b450de@group-2FABE92B7E5B: changes role from  FOLLOWER to CANDIDATE at term 404 for changeToCandidate
2019-10-21 23:47:11,163 [Thread-2711] INFO  impl.RoleInfo (RoleInfo.java:updateAndGet(143)) - b88b3e43-5534-49b3-b3f2-a9f154b450de: start LeaderElection
2019-10-21 23:47:11,176 [b88b3e43-5534-49b3-b3f2-a9f154b450de@group-2FABE92B7E5B-LeaderElection379] INFO  impl.LeaderElection (LeaderElection.java:askForVotes(178)) - b88b3e43-5534-49b3-b3f2-a9f154b450de@group-2FABE92B7E5B-LeaderElection379: begin an election at term 405 for -1: [c58a0a02-acd3-47c8-b3e9-5b8e0493de45:192.168.157.254:33611, 1360619e-ba1e-4bf9-aec1-9f15b5480b27:192.168.157.254:45658, b88b3e43-5534-49b3-b3f2-a9f154b450de:192.168.157.254:46786], old=null
2019-10-21 23:47:11,178 [grpc-default-executor-1] INFO  impl.RaftServerImpl (RaftServerImpl.java:setRole(184)) - c58a0a02-acd3-47c8-b3e9-5b8e0493de45@group-2FABE92B7E5B: changes role from  FOLLOWER to FOLLOWER at term 405 for recognizeCandidate:b88b3e43-5534-49b3-b3f2-a9f154b450de
2019-10-21 23:47:11,178 [grpc-default-executor-2] INFO  impl.RaftServerImpl (RaftServerImpl.java:setRole(184)) - 1360619e-ba1e-4bf9-aec1-9f15b5480b27@group-2FABE92B7E5B: changes role from  FOLLOWER to FOLLOWER at term 405 for recognizeCandidate:b88b3e43-5534-49b3-b3f2-a9f154b450de
2019-10-21 23:47:11,178 [grpc-default-executor-2] INFO  impl.RoleInfo (RoleInfo.java:shutdownFollowerState(121)) - 1360619e-ba1e-4bf9-aec1-9f15b5480b27: shutdown FollowerState
2019-10-21 23:47:11,178 [grpc-default-executor-1] INFO  impl.RoleInfo (RoleInfo.java:shutdownFollowerState(121)) - c58a0a02-acd3-47c8-b3e9-5b8e0493de45: shutdown FollowerState
2019-10-21 23:47:11,178 [Thread-2710] INFO  impl.FollowerState (FollowerState.java:run(117)) - 1360619e-ba1e-4bf9-aec1-9f15b5480b27@group-2FABE92B7E5B-FollowerState was interrupted: java.lang.InterruptedException: sleep interrupted
2019-10-21 23:47:11,178 [Thread-2709] INFO  impl.FollowerState (FollowerState.java:run(117)) - c58a0a02-acd3-47c8-b3e9-5b8e0493de45@group-2FABE92B7E5B-FollowerState was interrupted: java.lang.InterruptedException: sleep interrupted
2019-10-21 23:47:11,178 [grpc-default-executor-2] INFO  impl.RoleInfo (RoleInfo.java:updateAndGet(143)) - 1360619e-ba1e-4bf9-aec1-9f15b5480b27: start FollowerState
2019-10-21 23:47:11,178 [grpc-default-executor-1] INFO  impl.RoleInfo (RoleInfo.java:updateAndGet(143)) - c58a0a02-acd3-47c8-b3e9-5b8e0493de45: start FollowerState
2019-10-21 23:47:11,206 [b88b3e43-5534-49b3-b3f2-a9f154b450de@group-2FABE92B7E5B-LeaderElection379] INFO  impl.LeaderElection (LeaderElection.java:logAndReturn(56)) - b88b3e43-5534-49b3-b3f2-a9f154b450de@group-2FABE92B7E5B-LeaderElection379: Election REJECTED; received 2 response(s) [b88b3e43-5534-49b3-b3f2-a9f154b450de<-c58a0a02-acd3-47c8-b3e9-5b8e0493de45#0:FAIL-t405, b88b3e43-5534-49b3-b3f2-a9f154b450de<-1360619e-ba1e-4bf9-aec1-9f15b5480b27#0:FAIL-t405] and 0 exception(s); b88b3e43-5534-49b3-b3f2-a9f154b450de@group-2FABE92B7E5B:t405, leader=null, voted=b88b3e43-5534-49b3-b3f2-a9f154b450de, raftlog=b88b3e43-5534-49b3-b3f2-a9f154b450de@group-2FABE92B7E5B-SegmentedRaftLog:OPENED:c-1,f-1,i0, conf=-1: [c58a0a02-acd3-47c8-b3e9-5b8e0493de45:192.168.157.254:33611, 1360619e-ba1e-4bf9-aec1-9f15b5480b27:192.168.157.254:45658, b88b3e43-5534-49b3-b3f2-a9f154b450de:192.168.157.254:46786], old=null
2019-10-21 23:47:11,207 [b88b3e43-5534-49b3-b3f2-a9f154b450de@group-2FABE92B7E5B-LeaderElection379] INFO  impl.RaftServerImpl (RaftServerImpl.java:setRole(184)) - b88b3e43-5534-49b3-b3f2-a9f154b450de@group-2FABE92B7E5B: changes role from CANDIDATE to FOLLOWER at term 405 for DISCOVERED_A_NEW_TERM
2019-10-21 23:47:11,207 [b88b3e43-5534-49b3-b3f2-a9f154b450de@group-2FABE92B7E5B-LeaderElection379] INFO  impl.RoleInfo (RoleInfo.java:shutdownLeaderElection(134)) - b88b3e43-5534-49b3-b3f2-a9f154b450de: shutdown LeaderElection
2019-10-21 23:47:11,207 [b88b3e43-5534-49b3-b3f2-a9f154b450de@group-2FABE92B7E5B-LeaderElection379] INFO  impl.RoleInfo (RoleInfo.java:updateAndGet(143)) - b88b3e43-5534-49b3-b3f2-a9f154b450de: start FollowerState
2019-10-21 23:47:11,330 [Thread-2717] INFO  impl.FollowerState (FollowerState.java:run(108)) - b88b3e43-5534-49b3-b3f2-a9f154b450de@group-2FABE92B7E5B-FollowerState: change to CANDIDATE, lastRpcTime:123ms, electionTimeout:123ms
2019-10-21 23:47:11,330 [Thread-2717] INFO  impl.RoleInfo (RoleInfo.java:shutdownFollowerState(121)) - b88b3e43-5534-49b3-b3f2-a9f154b450de: shutdown FollowerState
2019-10-21 23:47:11,331 [Thread-2717] INFO  impl.RaftServerImpl (RaftServerImpl.java:setRole(184)) - b88b3e43-5534-49b3-b3f2-a9f154b450de@group-2FABE92B7E5B: changes role from  FOLLOWER to CANDIDATE at term 405 for changeToCandidate
2019-10-21 23:47:11,331 [Thread-2717] INFO  impl.RoleInfo (RoleInfo.java:updateAndGet(143)) - b88b3e43-5534-49b3-b3f2-a9f154b450de: start LeaderElection
2019-10-21 23:47:11,352 [b88b3e43-5534-49b3-b3f2-a9f154b450de@group-2FABE92B7E5B-LeaderElection380] INFO  impl.LeaderElection (LeaderElection.java:askForVotes(178)) - b88b3e43-5534-49b3-b3f2-a9f154b450de@group-2FABE92B7E5B-LeaderElection380: begin an election at term 406 for -1: [c58a0a02-acd3-47c8-b3e9-5b8e0493de45:192.168.157.254:33611, 1360619e-ba1e-4bf9-aec1-9f15b5480b27:192.168.157.254:45658, b88b3e43-5534-49b3-b3f2-a9f154b450de:192.168.157.254:46786], old=null
2019-10-21 23:47:11,354 [grpc-default-executor-2] INFO  impl.RaftServerImpl (RaftServerImpl.java:setRole(184)) - c58a0a02-acd3-47c8-b3e9-5b8e0493de45@group-2FABE92B7E5B: changes role from  FOLLOWER to FOLLOWER at term 406 for recognizeCandidate:b88b3e43-5534-49b3-b3f2-a9f154b450de
2019-10-21 23:47:11,354 [grpc-default-executor-1] INFO  impl.RaftServerImpl (RaftServerImpl.java:setRole(184)) - 1360619e-ba1e-4bf9-aec1-9f15b5480b27@group-2FABE92B7E5B: changes role from  FOLLOWER to FOLLOWER at term 406 for recognizeCandidate:b88b3e43-5534-49b3-b3f2-a9f154b450de
2019-10-21 23:47:11,355 [grpc-default-executor-2] INFO  impl.RoleInfo (RoleInfo.java:shutdownFollowerState(121)) - c58a0a02-acd3-47c8-b3e9-5b8e0493de45: shutdown FollowerState
2019-10-21 23:47:11,355 [grpc-default-executor-1] INFO  impl.RoleInfo (RoleInfo.java:shutdownFollowerState(121)) - 1360619e-ba1e-4bf9-aec1-9f15b5480b27: shutdown FollowerState
2019-10-21 23:47:11,355 [Thread-2716] INFO  impl.FollowerState (FollowerState.java:run(117)) - c58a0a02-acd3-47c8-b3e9-5b8e0493de45@group-2FABE92B7E5B-FollowerState was interrupted: java.lang.InterruptedException: sleep interrupted
2019-10-21 23:47:11,355 [grpc-default-executor-2] INFO  impl.RoleInfo (RoleInfo.java:updateAndGet(143)) - c58a0a02-acd3-47c8-b3e9-5b8e0493de45: start FollowerState
2019-10-21 23:47:11,355 [Thread-2715] INFO  impl.FollowerState (FollowerState.java:run(117)) - 1360619e-ba1e-4bf9-aec1-9f15b5480b27@group-2FABE92B7E5B-FollowerState was interrupted: java.lang.InterruptedException: sleep interrupted
2019-10-21 23:47:11,355 [grpc-default-executor-1] INFO  impl.RoleInfo (RoleInfo.java:updateAndGet(143)) - 1360619e-ba1e-4bf9-aec1-9f15b5480b27: start FollowerState
2019-10-21 23:47:11,370 [b88b3e43-5534-49b3-b3f2-a9f154b450de@group-2FABE92B7E5B-LeaderElection380] INFO  impl.LeaderElection (LeaderElection.java:logAndReturn(56)) - b88b3e43-5534-49b3-b3f2-a9f154b450de@group-2FABE92B7E5B-LeaderElection380: Election REJECTED; received 2 response(s) [b88b3e43-5534-49b3-b3f2-a9f154b450de<-c58a0a02-acd3-47c8-b3e9-5b8e0493de45#0:FAIL-t406, b88b3e43-5534-49b3-b3f2-a9f154b450de<-1360619e-ba1e-4bf9-aec1-9f15b5480b27#0:FAIL-t406] and 0 exception(s); b88b3e43-5534-49b3-b3f2-a9f154b450de@group-2FABE92B7E5B:t406, leader=null, voted=b88b3e43-5534-49b3-b3f2-a9f154b450de, raftlog=b88b3e43-5534-49b3-b3f2-a9f154b450de@group-2FABE92B7E5B-SegmentedRaftLog:OPENED:c-1,f-1,i0, conf=-1: [c58a0a02-acd3-47c8-b3e9-5b8e0493de45:192.168.157.254:33611, 1360619e-ba1e-4bf9-aec1-9f15b5480b27:192.168.157.254:45658, b88b3e43-5534-49b3-b3f2-a9f154b450de:192.168.157.254:46786], old=null
2019-10-21 23:47:11,370 [b88b3e43-5534-49b3-b3f2-a9f154b450de@group-2FABE92B7E5B-LeaderElection380] INFO  impl.RaftServerImpl (RaftServerImpl.java:setRole(184)) - b88b3e43-5534-49b3-b3f2-a9f154b450de@group-2FABE92B7E5B: changes role from CANDIDATE to FOLLOWER at term 406 for DISCOVERED_A_NEW_TERM
2019-10-21 23:47:11,370 [b88b3e43-5534-49b3-b3f2-a9f154b450de@group-2FABE92B7E5B-LeaderElection380] INFO  impl.RoleInfo (RoleInfo.java:shutdownLeaderElection(134)) - b88b3e43-5534-49b3-b3f2-a9f154b450de: shutdown LeaderElection
2019-10-21 23:47:11,370 [b88b3e43-5534-49b3-b3f2-a9f154b450de@group-2FABE92B7E5B-LeaderElection380] INFO  impl.RoleInfo (RoleInfo.java:updateAndGet(143)) - b88b3e43-5534-49b3-b3f2-a9f154b450de: start FollowerState
2019-10-21 23:47:11,548 [Thread-2723] INFO  impl.FollowerState (FollowerState.java:run(108)) - b88b3e43-5534-49b3-b3f2-a9f154b450de@group-2FABE92B7E5B-FollowerState: change to CANDIDATE, lastRpcTime:178ms, electionTimeout:178ms
2019-10-21 23:47:11,548 [Thread-2723] INFO  impl.RoleInfo (RoleInfo.java:shutdownFollowerState(121)) - b88b3e43-5534-49b3-b3f2-a9f154b450de: shutdown FollowerState
2019-10-21 23:47:11,549 [Thread-2723] INFO  impl.RaftServerImpl (RaftServerImpl.java:setRole(184)) - b88b3e43-5534-49b3-b3f2-a9f154b450de@group-2FABE92B7E5B: changes role from  FOLLOWER to CANDIDATE at term 406 for changeToCandidate
2019-10-21 23:47:11,549 [Thread-2723] INFO  impl.RoleInfo (RoleInfo.java:updateAndGet(143)) - b88b3e43-5534-49b3-b3f2-a9f154b450de: start LeaderElection
2019-10-21 23:47:11,564 [b88b3e43-5534-49b3-b3f2-a9f154b450de@group-2FABE92B7E5B-LeaderElection381] INFO  impl.LeaderElection (LeaderElection.java:askForVotes(178)) - b88b3e43-5534-49b3-b3f2-a9f154b450de@group-2FABE92B7E5B-LeaderElection381: begin an election at term 407 for -1: [c58a0a02-acd3-47c8-b3e9-5b8e0493de45:192.168.157.254:33611, 1360619e-ba1e-4bf9-aec1-9f15b5480b27:192.168.157.254:45658, b88b3e43-5534-49b3-b3f2-a9f154b450de:192.168.157.254:46786], old=null
2019-10-21 23:47:11,565 [grpc-default-executor-1] INFO  impl.RaftServerImpl (RaftServerImpl.java:setRole(184)) - c58a0a02-acd3-47c8-b3e9-5b8e0493de45@group-2FABE92B7E5B: changes role from  FOLLOWER to FOLLOWER at term 407 for recognizeCandidate:b88b3e43-5534-49b3-b3f2-a9f154b450de
2019-10-21 23:47:11,566 [grpc-default-executor-1] INFO  impl.RoleInfo (RoleInfo.java:shutdownFollowerState(121)) - c58a0a02-acd3-47c8-b3e9-5b8e0493de45: shutdown FollowerState
2019-10-21 23:47:11,566 [grpc-default-executor-1] INFO  impl.RoleInfo (RoleInfo.java:updateAndGet(143)) - c58a0a02-acd3-47c8-b3e9-5b8e0493de45: start FollowerState
2019-10-21 23:47:11,566 [Thread-2721] INFO  impl.FollowerState (FollowerState.java:run(117)) - c58a0a02-acd3-47c8-b3e9-5b8e0493de45@group-2FABE92B7E5B-FollowerState was interrupted: java.lang.InterruptedException: sleep interrupted
2019-10-21 23:47:11,566 [grpc-default-executor-2] INFO  impl.RaftServerImpl (RaftServerImpl.java:setRole(184)) - 1360619e-ba1e-4bf9-aec1-9f15b5480b27@group-2FABE92B7E5B: changes role from  FOLLOWER to FOLLOWER at term 407 for recognizeCandidate:b88b3e43-5534-49b3-b3f2-a9f154b450de
2019-10-21 23:47:11,566 [b88b3e43-5534-49b3-b3f2-a9f154b450de@group-2FABE92B7E5B-LeaderElection381] INFO  impl.LeaderElection (LeaderElection.java:logAndReturn(56)) - b88b3e43-5534-49b3-b3f2-a9f154b450de@group-2FABE92B7E5B-LeaderElection381: Election TIMEOUT; received 0 response(s) [] and 0 exception(s); b88b3e43-5534-49b3-b3f2-a9f154b450de@group-2FABE92B7E5B:t407, leader=null, voted=b88b3e43-5534-49b3-b3f2-a9f154b450de, raftlog=b88b3e43-5534-49b3-b3f2-a9f154b450de@group-2FABE92B7E5B-SegmentedRaftLog:OPENED:c-1,f-1,i0, conf=-1: [c58a0a02-acd3-47c8-b3e9-5b8e0493de45:192.168.157.254:33611, 1360619e-ba1e-4bf9-aec1-9f15b5480b27:192.168.157.254:45658, b88b3e43-5534-49b3-b3f2-a9f154b450de:192.168.157.254:46786], old=null
2019-10-21 23:47:11,566 [grpc-default-executor-2] INFO  impl.RoleInfo (RoleInfo.java:shutdownFollowerState(121)) - 1360619e-ba1e-4bf9-aec1-9f15b5480b27: shutdown FollowerState
2019-10-21 23:47:11,566 [grpc-default-executor-2] INFO  impl.RoleInfo (RoleInfo.java:updateAndGet(143)) - 1360619e-ba1e-4bf9-aec1-9f15b5480b27: start FollowerState
2019-10-21 23:47:11,566 [Thread-2722] INFO  impl.FollowerState (FollowerState.java:run(117)) - 1360619e-ba1e-4bf9-aec1-9f15b5480b27@group-2FABE92B7E5B-FollowerState was interrupted: java.lang.InterruptedException: sleep interrupted
2019-10-21 23:47:11,580 [b88b3e43-5534-49b3-b3f2-a9f154b450de@group-2FABE92B7E5B-LeaderElection381] INFO  impl.LeaderElection (LeaderElection.java:askForVotes(178)) - b88b3e43-5534-49b3-b3f2-a9f154b450de@group-2FABE92B7E5B-LeaderElection381: begin an election at term 408 for -1: [c58a0a02-acd3-47c8-b3e9-5b8e0493de45:192.168.157.254:33611, 1360619e-ba1e-4bf9-aec1-9f15b5480b27:192.168.157.254:45658, b88b3e43-5534-49b3-b3f2-a9f154b450de:192.168.157.254:46786], old=null
2019-10-21 23:47:11,582 [grpc-default-executor-2] INFO  impl.RaftServerImpl (RaftServerImpl.java:setRole(184)) - c58a0a02-acd3-47c8-b3e9-5b8e0493de45@group-2FABE92B7E5B: changes role from  FOLLOWER to FOLLOWER at term 408 for recognizeCandidate:b88b3e43-5534-49b3-b3f2-a9f154b450de
2019-10-21 23:47:11,582 [grpc-default-executor-2] INFO  impl.RoleInfo (RoleInfo.java:shutdownFollowerState(121)) - c58a0a02-acd3-47c8-b3e9-5b8e0493de45: shutdown FollowerState
2019-10-21 23:47:11,582 [grpc-default-executor-2] INFO  impl.RoleInfo (RoleInfo.java:updateAndGet(143)) - c58a0a02-acd3-47c8-b3e9-5b8e0493de45: start FollowerState
2019-10-21 23:47:11,582 [Thread-2729] INFO  impl.FollowerState (FollowerState.java:run(117)) - c58a0a02-acd3-47c8-b3e9-5b8e0493de45@group-2FABE92B7E5B-FollowerState was interrupted: java.lang.InterruptedException: sleep interrupted
2019-10-21 23:47:11,582 [grpc-default-executor-1] INFO  impl.RaftServerImpl (RaftServerImpl.java:setRole(184)) - 1360619e-ba1e-4bf9-aec1-9f15b5480b27@group-2FABE92B7E5B: changes role from  FOLLOWER to FOLLOWER at term 408 for recognizeCandidate:b88b3e43-5534-49b3-b3f2-a9f154b450de
2019-10-21 23:47:11,582 [grpc-default-executor-1] INFO  impl.RoleInfo (RoleInfo.java:shutdownFollowerState(121)) - 1360619e-ba1e-4bf9-aec1-9f15b5480b27: shutdown FollowerState
2019-10-21 23:47:11,583 [grpc-default-executor-1] INFO  impl.RoleInfo (RoleInfo.java:updateAndGet(143)) - 1360619e-ba1e-4bf9-aec1-9f15b5480b27: start FollowerState
2019-10-21 23:47:11,583 [Thread-2730] INFO  impl.FollowerState (FollowerState.java:run(117)) - 1360619e-ba1e-4bf9-aec1-9f15b5480b27@group-2FABE92B7E5B-FollowerState was interrupted: java.lang.InterruptedException: sleep interrupted
2019-10-21 23:47:11,608 [b88b3e43-5534-49b3-b3f2-a9f154b450de@group-2FABE92B7E5B-LeaderElection381] INFO  impl.LeaderElection (LeaderElection.java:logAndReturn(56)) - b88b3e43-5534-49b3-b3f2-a9f154b450de@group-2FABE92B7E5B-LeaderElection381: Election REJECTED; received 2 response(s) [b88b3e43-5534-49b3-b3f2-a9f154b450de<-c58a0a02-acd3-47c8-b3e9-5b8e0493de45#0:FAIL-t408, b88b3e43-5534-49b3-b3f2-a9f154b450de<-1360619e-ba1e-4bf9-aec1-9f15b5480b27#0:FAIL-t408] and 0 exception(s); b88b3e43-5534-49b3-b3f2-a9f154b450de@group-2FABE92B7E5B:t408, leader=null, voted=b88b3e43-5534-49b3-b3f2-a9f154b450de, raftlog=b88b3e43-5534-49b3-b3f2-a9f154b450de@group-2FABE92B7E5B-SegmentedRaftLog:OPENED:c-1,f-1,i0, conf=-1: [c58a0a02-acd3-47c8-b3e9-5b8e0493de45:192.168.157.254:33611, 1360619e-ba1e-4bf9-aec1-9f15b5480b27:192.168.157.254:45658, b88b3e43-5534-49b3-b3f2-a9f154b450de:192.168.157.254:46786], old=null
2019-10-21 23:47:11,608 [b88b3e43-5534-49b3-b3f2-a9f154b450de@group-2FABE92B7E5B-LeaderElection381] INFO  impl.RaftServerImpl (RaftServerImpl.java:setRole(184)) - b88b3e43-5534-49b3-b3f2-a9f154b450de@group-2FABE92B7E5B: changes role from CANDIDATE to FOLLOWER at term 408 for DISCOVERED_A_NEW_TERM
2019-10-21 23:47:11,608 [b88b3e43-5534-49b3-b3f2-a9f154b450de@group-2FABE92B7E5B-LeaderElection381] INFO  impl.RoleInfo (RoleInfo.java:shutdownLeaderElection(134)) - b88b3e43-5534-49b3-b3f2-a9f154b450de: shutdown LeaderElection
2019-10-21 23:47:11,608 [b88b3e43-5534-49b3-b3f2-a9f154b450de@group-2FABE92B7E5B-LeaderElection381] INFO  impl.RoleInfo (RoleInfo.java:updateAndGet(143)) - b88b3e43-5534-49b3-b3f2-a9f154b450de: start FollowerState
2019-10-21 23:47:11,800 [Thread-2735] INFO  impl.FollowerState (FollowerState.java:run(108)) - b88b3e43-5534-49b3-b3f2-a9f154b450de@group-2FABE92B7E5B-FollowerState: change to CANDIDATE, lastRpcTime:192ms, electionTimeout:192ms
2019-10-21 23:47:11,801 [Thread-2735] INFO  impl.RoleInfo (RoleInfo.java:shutdownFollowerState(121)) - b88b3e43-5534-49b3-b3f2-a9f154b450de: shutdown FollowerState
2019-10-21 23:47:11,801 [Thread-2735] INFO  impl.RaftServerImpl (RaftServerImpl.java:setRole(184)) - b88b3e43-5534-49b3-b3f2-a9f154b450de@group-2FABE92B7E5B: changes role from  FOLLOWER to CANDIDATE at term 408 for changeToCandidate
2019-10-21 23:47:11,801 [Thread-2735] INFO  impl.RoleInfo (RoleInfo.java:updateAndGet(143)) - b88b3e43-5534-49b3-b3f2-a9f154b450de: start LeaderElection
2019-10-21 23:47:11,817 [b88b3e43-5534-49b3-b3f2-a9f154b450de@group-2FABE92B7E5B-LeaderElection382] INFO  impl.LeaderElection (LeaderElection.java:askForVotes(178)) - b88b3e43-5534-49b3-b3f2-a9f154b450de@group-2FABE92B7E5B-LeaderElection382: begin an election at term 409 for -1: [c58a0a02-acd3-47c8-b3e9-5b8e0493de45:192.168.157.254:33611, 1360619e-ba1e-4bf9-aec1-9f15b5480b27:192.168.157.254:45658, b88b3e43-5534-49b3-b3f2-a9f154b450de:192.168.157.254:46786], old=null
2019-10-21 23:47:11,819 [grpc-default-executor-2] INFO  impl.RaftServerImpl (RaftServerImpl.java:setRole(184)) - 1360619e-ba1e-4bf9-aec1-9f15b5480b27@group-2FABE92B7E5B: changes role from  FOLLOWER to FOLLOWER at term 409 for recognizeCandidate:b88b3e43-5534-49b3-b3f2-a9f154b450de
2019-10-21 23:47:11,820 [grpc-default-executor-1] INFO  impl.RaftServerImpl (RaftServerImpl.java:setRole(184)) - c58a0a02-acd3-47c8-b3e9-5b8e0493de45@group-2FABE92B7E5B: changes role from  FOLLOWER to FOLLOWER at term 409 for recognizeCandidate:b88b3e43-5534-49b3-b3f2-a9f154b450de
2019-10-21 23:47:11,820 [grpc-default-executor-2] INFO  impl.RoleInfo (RoleInfo.java:shutdownFollowerState(121)) - 1360619e-ba1e-4bf9-aec1-9f15b5480b27: shutdown FollowerState
2019-10-21 23:47:11,820 [grpc-default-executor-1] INFO  impl.RoleInfo (RoleInfo.java:shutdownFollowerState(121)) - c58a0a02-acd3-47c8-b3e9-5b8e0493de45: shutdown FollowerState
2019-10-21 23:47:11,820 [Thread-2734] INFO  impl.FollowerState (FollowerState.java:run(117)) - 1360619e-ba1e-4bf9-aec1-9f15b5480b27@group-2FABE92B7E5B-FollowerState was interrupted: java.lang.InterruptedException: sleep interrupted
2019-10-21 23:47:11,820 [grpc-default-executor-2] INFO  impl.RoleInfo (RoleInfo.java:updateAndGet(143)) - 1360619e-ba1e-4bf9-aec1-9f15b5480b27: start FollowerState
2019-10-21 23:47:11,820 [Thread-2733] INFO  impl.FollowerState (FollowerState.java:run(117)) - c58a0a02-acd3-47c8-b3e9-5b8e0493de45@group-2FABE92B7E5B-FollowerState was interrupted: java.lang.InterruptedException: sleep interrupted
2019-10-21 23:47:11,820 [grpc-default-executor-1] INFO  impl.RoleInfo (RoleInfo.java:updateAndGet(143)) - c58a0a02-acd3-47c8-b3e9-5b8e0493de45: start FollowerState
2019-10-21 23:47:11,835 [b88b3e43-5534-49b3-b3f2-a9f154b450de@group-2FABE92B7E5B-LeaderElection382] INFO  impl.LeaderElection (LeaderElection.java:logAndReturn(56)) - b88b3e43-5534-49b3-b3f2-a9f154b450de@group-2FABE92B7E5B-LeaderElection382: Election REJECTED; received 2 response(s) [b88b3e43-5534-49b3-b3f2-a9f154b450de<-c58a0a02-acd3-47c8-b3e9-5b8e0493de45#0:FAIL-t409, b88b3e43-5534-49b3-b3f2-a9f154b450de<-1360619e-ba1e-4bf9-aec1-9f15b5480b27#0:FAIL-t409] and 0 exception(s); b88b3e43-5534-49b3-b3f2-a9f154b450de@group-2FABE92B7E5B:t409, leader=null, voted=b88b3e43-5534-49b3-b3f2-a9f154b450de, raftlog=b88b3e43-5534-49b3-b3f2-a9f154b450de@group-2FABE92B7E5B-SegmentedRaftLog:OPENED:c-1,f-1,i0, conf=-1: [c58a0a02-acd3-47c8-b3e9-5b8e0493de45:192.168.157.254:33611, 1360619e-ba1e-4bf9-aec1-9f15b5480b27:192.168.157.254:45658, b88b3e43-5534-49b3-b3f2-a9f154b450de:192.168.157.254:46786], old=null
2019-10-21 23:47:11,835 [b88b3e43-5534-49b3-b3f2-a9f154b450de@group-2FABE92B7E5B-LeaderElection382] INFO  impl.RaftServerImpl (RaftServerImpl.java:setRole(184)) - b88b3e43-5534-49b3-b3f2-a9f154b450de@group-2FABE92B7E5B: changes role from CANDIDATE to FOLLOWER at term 409 for DISCOVERED_A_NEW_TERM
2019-10-21 23:47:11,835 [b88b3e43-5534-49b3-b3f2-a9f154b450de@group-2FABE92B7E5B-LeaderElection382] INFO  impl.RoleInfo (RoleInfo.java:shutdownLeaderElection(134)) - b88b3e43-5534-49b3-b3f2-a9f154b450de: shutdown LeaderElection
2019-10-21 23:47:11,836 [b88b3e43-5534-49b3-b3f2-a9f154b450de@group-2FABE92B7E5B-LeaderElection382] INFO  impl.RoleInfo (RoleInfo.java:updateAndGet(143)) - b88b3e43-5534-49b3-b3f2-a9f154b450de: start FollowerState
2019-10-21 23:47:11,998 [Thread-2741] INFO  impl.FollowerState (FollowerState.java:run(108)) - b88b3e43-5534-49b3-b3f2-a9f154b450de@group-2FABE92B7E5B-FollowerState: change to CANDIDATE, lastRpcTime:162ms, electionTimeout:162ms
2019-10-21 23:47:11,998 [Thread-2741] INFO  impl.RoleInfo (RoleInfo.java:shutdownFollowerState(121)) - b88b3e43-5534-49b3-b3f2-a9f154b450de: shutdown FollowerState
2019-10-21 23:47:11,998 [Thread-2741] INFO  impl.RaftServerImpl (RaftServerImpl.java:setRole(184)) - b88b3e43-5534-49b3-b3f2-a9f154b450de@group-2FABE92B7E5B: changes role from  FOLLOWER to CANDIDATE at term 409 for changeToCandidate
2019-10-21 23:47:11,998 [Thread-2741] INFO  impl.RoleInfo (RoleInfo.java:updateAndGet(143)) - b88b3e43-5534-49b3-b3f2-a9f154b450de: start LeaderElection
2019-10-21 23:47:12,012 [b88b3e43-5534-49b3-b3f2-a9f154b450de@group-2FABE92B7E5B-LeaderElection383] INFO  impl.LeaderElection (LeaderElection.java:askForVotes(178)) - b88b3e43-5534-49b3-b3f2-a9f154b450de@group-2FABE92B7E5B-LeaderElection383: begin an election at term 410 for -1: [c58a0a02-acd3-47c8-b3e9-5b8e0493de45:192.168.157.254:33611, 1360619e-ba1e-4bf9-aec1-9f15b5480b27:192.168.157.254:45658, b88b3e43-5534-49b3-b3f2-a9f154b450de:192.168.157.254:46786], old=null
2019-10-21 23:47:12,019 [grpc-default-executor-1] INFO  impl.RaftServerImpl (RaftServerImpl.java:setRole(184)) - 1360619e-ba1e-4bf9-aec1-9f15b5480b27@group-2FABE92B7E5B: changes role from  FOLLOWER to FOLLOWER at term 410 for recognizeCandidate:b88b3e43-5534-49b3-b3f2-a9f154b450de
2019-10-21 23:47:12,019 [grpc-default-executor-1] INFO  impl.RoleInfo (RoleInfo.java:shutdownFollowerState(121)) - 1360619e-ba1e-4bf9-aec1-9f15b5480b27: shutdown FollowerState
2019-10-21 23:47:12,019 [Thread-2739] INFO  impl.FollowerState (FollowerState.java:run(117)) - 1360619e-ba1e-4bf9-aec1-9f15b5480b27@group-2FABE92B7E5B-FollowerState was interrupted: java.lang.InterruptedException: sleep interrupted
2019-10-21 23:47:12,019 [grpc-default-executor-1] INFO  impl.RoleInfo (RoleInfo.java:updateAndGet(143)) - 1360619e-ba1e-4bf9-aec1-9f15b5480b27: start FollowerState
2019-10-21 23:47:12,019 [grpc-default-executor-2] INFO  impl.RaftServerImpl (RaftServerImpl.java:setRole(184)) - c58a0a02-acd3-47c8-b3e9-5b8e0493de45@group-2FABE92B7E5B: changes role from  FOLLOWER to FOLLOWER at term 410 for recognizeCandidate:b88b3e43-5534-49b3-b3f2-a9f154b450de
2019-10-21 23:47:12,019 [grpc-default-executor-2] INFO  impl.RoleInfo (RoleInfo.java:shutdownFollowerState(121)) - c58a0a02-acd3-47c8-b3e9-5b8e0493de45: shutdown FollowerState
2019-10-21 23:47:12,019 [grpc-default-executor-2] INFO  impl.RoleInfo (RoleInfo.java:updateAndGet(143)) - c58a0a02-acd3-47c8-b3e9-5b8e0493de45: start FollowerState
2019-10-21 23:47:12,019 [Thread-2740] INFO  impl.FollowerState (FollowerState.java:run(117)) - c58a0a02-acd3-47c8-b3e9-5b8e0493de45@group-2FABE92B7E5B-FollowerState was interrupted: java.lang.InterruptedException: sleep interrupted
2019-10-21 23:47:12,045 [b88b3e43-5534-49b3-b3f2-a9f154b450de@group-2FABE92B7E5B-LeaderElection383] INFO  impl.LeaderElection (LeaderElection.java:logAndReturn(56)) - b88b3e43-5534-49b3-b3f2-a9f154b450de@group-2FABE92B7E5B-LeaderElection383: Election REJECTED; received 2 response(s) [b88b3e43-5534-49b3-b3f2-a9f154b450de<-c58a0a02-acd3-47c8-b3e9-5b8e0493de45#0:FAIL-t410, b88b3e43-5534-49b3-b3f2-a9f154b450de<-1360619e-ba1e-4bf9-aec1-9f15b5480b27#0:FAIL-t410] and 0 exception(s); b88b3e43-5534-49b3-b3f2-a9f154b450de@group-2FABE92B7E5B:t410, leader=null, voted=b88b3e43-5534-49b3-b3f2-a9f154b450de, raftlog=b88b3e43-5534-49b3-b3f2-a9f154b450de@group-2FABE92B7E5B-SegmentedRaftLog:OPENED:c-1,f-1,i0, conf=-1: [c58a0a02-acd3-47c8-b3e9-5b8e0493de45:192.168.157.254:33611, 1360619e-ba1e-4bf9-aec1-9f15b5480b27:192.168.157.254:45658, b88b3e43-5534-49b3-b3f2-a9f154b450de:192.168.157.254:46786], old=null
2019-10-21 23:47:12,045 [b88b3e43-5534-49b3-b3f2-a9f154b450de@group-2FABE92B7E5B-LeaderElection383] INFO  impl.RaftServerImpl (RaftServerImpl.java:setRole(184)) - b88b3e43-5534-49b3-b3f2-a9f154b450de@group-2FABE92B7E5B: changes role from CANDIDATE to FOLLOWER at term 410 for DISCOVERED_A_NEW_TERM
2019-10-21 23:47:12,045 [b88b3e43-5534-49b3-b3f2-a9f154b450de@group-2FABE92B7E5B-LeaderElection383] INFO  impl.RoleInfo (RoleInfo.java:shutdownLeaderElection(134)) - b88b3e43-5534-49b3-b3f2-a9f154b450de: shutdown LeaderElection
2019-10-21 23:47:12,045 [b88b3e43-5534-49b3-b3f2-a9f154b450de@group-2FABE92B7E5B-LeaderElection383] INFO  impl.RoleInfo (RoleInfo.java:updateAndGet(143)) - b88b3e43-5534-49b3-b3f2-a9f154b450de: start FollowerState
2019-10-21 23:47:12,119 [Thread-2747] INFO  impl.FollowerState (FollowerState.java:run(108)) - b88b3e43-5534-49b3-b3f2-a9f154b450de@group-2FABE92B7E5B-FollowerState: change to CANDIDATE, lastRpcTime:73ms, electionTimeout:73ms
2019-10-21 23:47:12,119 [Thread-2747] INFO  impl.RoleInfo (RoleInfo.java:shutdownFollowerState(121)) - b88b3e43-5534-49b3-b3f2-a9f154b450de: shutdown FollowerState
2019-10-21 23:47:12,119 [Thread-2747] INFO  impl.RaftServerImpl (RaftServerImpl.java:setRole(184)) - b88b3e43-5534-49b3-b3f2-a9f154b450de@group-2FABE92B7E5B: changes role from  FOLLOWER to CANDIDATE at term 410 for changeToCandidate
2019-10-21 23:47:12,119 [Thread-2747] INFO  impl.RoleInfo (RoleInfo.java:updateAndGet(143)) - b88b3e43-5534-49b3-b3f2-a9f154b450de: start LeaderElection
2019-10-21 23:47:12,132 [b88b3e43-5534-49b3-b3f2-a9f154b450de@group-2FABE92B7E5B-LeaderElection384] INFO  impl.LeaderElection (LeaderElection.java:askForVotes(178)) - b88b3e43-5534-49b3-b3f2-a9f154b450de@group-2FABE92B7E5B-LeaderElection384: begin an election at term 411 for -1: [c58a0a02-acd3-47c8-b3e9-5b8e0493de45:192.168.157.254:33611, 1360619e-ba1e-4bf9-aec1-9f15b5480b27:192.168.157.254:45658, b88b3e43-5534-49b3-b3f2-a9f154b450de:192.168.157.254:46786], old=null
2019-10-21 23:47:12,134 [grpc-default-executor-1] INFO  impl.RaftServerImpl (RaftServerImpl.java:setRole(184)) - c58a0a02-acd3-47c8-b3e9-5b8e0493de45@group-2FABE92B7E5B: changes role from  FOLLOWER to FOLLOWER at term 411 for recognizeCandidate:b88b3e43-5534-49b3-b3f2-a9f154b450de
2019-10-21 23:47:12,134 [grpc-default-executor-1] INFO  impl.RoleInfo (RoleInfo.java:shutdownFollowerState(121)) - c58a0a02-acd3-47c8-b3e9-5b8e0493de45: shutdown FollowerState
2019-10-21 23:47:12,134 [grpc-default-executor-2] INFO  impl.RaftServerImpl (RaftServerImpl.java:setRole(184)) - 1360619e-ba1e-4bf9-aec1-9f15b5480b27@group-2FABE92B7E5B: changes role from  FOLLOWER to FOLLOWER at term 411 for recognizeCandidate:b88b3e43-5534-49b3-b3f2-a9f154b450de
2019-10-21 23:47:12,135 [Thread-2746] INFO  impl.FollowerState (FollowerState.java:run(117)) - c58a0a02-acd3-47c8-b3e9-5b8e0493de45@group-2FABE92B7E5B-FollowerState was interrupted: java.lang.InterruptedException: sleep interrupted
2019-10-21 23:47:12,135 [grpc-default-executor-1] INFO  impl.RoleInfo (RoleInfo.java:updateAndGet(143)) - c58a0a02-acd3-47c8-b3e9-5b8e0493de45: start FollowerState
2019-10-21 23:47:12,135 [grpc-default-executor-2] INFO  impl.RoleInfo (RoleInfo.java:shutdownFollowerState(121)) - 1360619e-ba1e-4bf9-aec1-9f15b5480b27: shutdown FollowerState
2019-10-21 23:47:12,135 [grpc-default-executor-2] INFO  impl.RoleInfo (RoleInfo.java:updateAndGet(143)) - 1360619e-ba1e-4bf9-aec1-9f15b5480b27: start FollowerState
2019-10-21 23:47:12,135 [Thread-2745] INFO  impl.FollowerState (FollowerState.java:run(117)) - 1360619e-ba1e-4bf9-aec1-9f15b5480b27@group-2FABE92B7E5B-FollowerState was interrupted: java.lang.InterruptedException: sleep interrupted
2019-10-21 23:47:12,161 [b88b3e43-5534-49b3-b3f2-a9f154b450de@group-2FABE92B7E5B-LeaderElection384] INFO  impl.LeaderElection (LeaderElection.java:logAndReturn(56)) - b88b3e43-5534-49b3-b3f2-a9f154b450de@group-2FABE92B7E5B-LeaderElection384: Election REJECTED; received 2 response(s) [b88b3e43-5534-49b3-b3f2-a9f154b450de<-c58a0a02-acd3-47c8-b3e9-5b8e0493de45#0:FAIL-t411, b88b3e43-5534-49b3-b3f2-a9f154b450de<-1360619e-ba1e-4bf9-aec1-9f15b5480b27#0:FAIL-t411] and 0 exception(s); b88b3e43-5534-49b3-b3f2-a9f154b450de@group-2FABE92B7E5B:t411, leader=null, voted=b88b3e43-5534-49b3-b3f2-a9f154b450de, raftlog=b88b3e43-5534-49b3-b3f2-a9f154b450de@group-2FABE92B7E5B-SegmentedRaftLog:OPENED:c-1,f-1,i0, conf=-1: [c58a0a02-acd3-47c8-b3e9-5b8e0493de45:192.168.157.254:33611, 1360619e-ba1e-4bf9-aec1-9f15b5480b27:192.168.157.254:45658, b88b3e43-5534-49b3-b3f2-a9f154b450de:192.168.157.254:46786], old=null
2019-10-21 23:47:12,161 [b88b3e43-5534-49b3-b3f2-a9f154b450de@group-2FABE92B7E5B-LeaderElection384] INFO  impl.RaftServerImpl (RaftServerImpl.java:setRole(184)) - b88b3e43-5534-49b3-b3f2-a9f154b450de@group-2FABE92B7E5B: changes role from CANDIDATE to FOLLOWER at term 411 for DISCOVERED_A_NEW_TERM
2019-10-21 23:47:12,161 [b88b3e43-5534-49b3-b3f2-a9f154b450de@group-2FABE92B7E5B-LeaderElection384] INFO  impl.RoleInfo (RoleInfo.java:shutdownLeaderElection(134)) - b88b3e43-5534-49b3-b3f2-a9f154b450de: shutdown LeaderElection
2019-10-21 23:47:12,161 [b88b3e43-5534-49b3-b3f2-a9f154b450de@group-2FABE92B7E5B-LeaderElection384] INFO  impl.RoleInfo (RoleInfo.java:updateAndGet(143)) - b88b3e43-5534-49b3-b3f2-a9f154b450de: start FollowerState
2019-10-21 23:47:12,169 [Thread-2753] INFO  impl.FollowerState (FollowerState.java:run(108)) - b88b3e43-5534-49b3-b3f2-a9f154b450de@group-2FABE92B7E5B-FollowerState: change to CANDIDATE, lastRpcTime:7ms, electionTimeout:7ms
2019-10-21 23:47:12,169 [Thread-2753] INFO  impl.RoleInfo (RoleInfo.java:shutdownFollowerState(121)) - b88b3e43-5534-49b3-b3f2-a9f154b450de: shutdown FollowerState
2019-10-21 23:47:12,169 [Thread-2753] INFO  impl.RaftServerImpl (RaftServerImpl.java:setRole(184)) - b88b3e43-5534-49b3-b3f2-a9f154b450de@group-2FABE92B7E5B: changes role from  FOLLOWER to CANDIDATE at term 411 for changeToCandidate
2019-10-21 23:47:12,169 [Thread-2753] INFO  impl.RoleInfo (RoleInfo.java:updateAndGet(143)) - b88b3e43-5534-49b3-b3f2-a9f154b450de: start LeaderElection
2019-10-21 23:47:12,182 [b88b3e43-5534-49b3-b3f2-a9f154b450de@group-2FABE92B7E5B-LeaderElection385] INFO  impl.LeaderElection (LeaderElection.java:askForVotes(178)) - b88b3e43-5534-49b3-b3f2-a9f154b450de@group-2FABE92B7E5B-LeaderElection385: begin an election at term 412 for -1: [c58a0a02-acd3-47c8-b3e9-5b8e0493de45:192.168.157.254:33611, 1360619e-ba1e-4bf9-aec1-9f15b5480b27:192.168.157.254:45658, b88b3e43-5534-49b3-b3f2-a9f154b450de:192.168.157.254:46786], old=null
2019-10-21 23:47:12,184 [grpc-default-executor-2] INFO  impl.RaftServerImpl (RaftServerImpl.java:setRole(184)) - 1360619e-ba1e-4bf9-aec1-9f15b5480b27@group-2FABE92B7E5B: changes role from  FOLLOWER to FOLLOWER at term 412 for recognizeCandidate:b88b3e43-5534-49b3-b3f2-a9f154b450de
2019-10-21 23:47:12,184 [grpc-default-executor-2] INFO  impl.RoleInfo (RoleInfo.java:shutdownFollowerState(121)) - 1360619e-ba1e-4bf9-aec1-9f15b5480b27: shutdown FollowerState
2019-10-21 23:47:12,184 [grpc-default-executor-1] INFO  impl.RaftServerImpl (RaftServerImpl.java:setRole(184)) - c58a0a02-acd3-47c8-b3e9-5b8e0493de45@group-2FABE92B7E5B: changes role from  FOLLOWER to FOLLOWER at term 412 for recognizeCandidate:b88b3e43-5534-49b3-b3f2-a9f154b450de
2019-10-21 23:47:12,184 [grpc-default-executor-1] INFO  impl.RoleInfo (RoleInfo.java:shutdownFollowerState(121)) - c58a0a02-acd3-47c8-b3e9-5b8e0493de45: shutdown FollowerState
2019-10-21 23:47:12,184 [Thread-2752] INFO  impl.FollowerState (FollowerState.java:run(117)) - 1360619e-ba1e-4bf9-aec1-9f15b5480b27@group-2FABE92B7E5B-FollowerState was interrupted: java.lang.InterruptedException: sleep interrupted
2019-10-21 23:47:12,184 [grpc-default-executor-2] INFO  impl.RoleInfo (RoleInfo.java:updateAndGet(143)) - 1360619e-ba1e-4bf9-aec1-9f15b5480b27: start FollowerState
2019-10-21 23:47:12,184 [Thread-2751] INFO  impl.FollowerState (FollowerState.java:run(117)) - c58a0a02-acd3-47c8-b3e9-5b8e0493de45@group-2FABE92B7E5B-FollowerState was interrupted: java.lang.InterruptedException: sleep interrupted
2019-10-21 23:47:12,184 [grpc-default-executor-1] INFO  impl.RoleInfo (RoleInfo.java:updateAndGet(143)) - c58a0a02-acd3-47c8-b3e9-5b8e0493de45: start FollowerState
2019-10-21 23:47:12,211 [b88b3e43-5534-49b3-b3f2-a9f154b450de@group-2FABE92B7E5B-LeaderElection385] INFO  impl.LeaderElection (LeaderElection.java:logAndReturn(56)) - b88b3e43-5534-49b3-b3f2-a9f154b450de@group-2FABE92B7E5B-LeaderElection385: Election REJECTED; received 2 response(s) [b88b3e43-5534-49b3-b3f2-a9f154b450de<-c58a0a02-acd3-47c8-b3e9-5b8e0493de45#0:FAIL-t412, b88b3e43-5534-49b3-b3f2-a9f154b450de<-1360619e-ba1e-4bf9-aec1-9f15b5480b27#0:FAIL-t412] and 0 exception(s); b88b3e43-5534-49b3-b3f2-a9f154b450de@group-2FABE92B7E5B:t412, leader=null, voted=b88b3e43-5534-49b3-b3f2-a9f154b450de, raftlog=b88b3e43-5534-49b3-b3f2-a9f154b450de@group-2FABE92B7E5B-SegmentedRaftLog:OPENED:c-1,f-1,i0, conf=-1: [c58a0a02-acd3-47c8-b3e9-5b8e0493de45:192.168.157.254:33611, 1360619e-ba1e-4bf9-aec1-9f15b5480b27:192.168.157.254:45658, b88b3e43-5534-49b3-b3f2-a9f154b450de:192.168.157.254:46786], old=null
2019-10-21 23:47:12,211 [b88b3e43-5534-49b3-b3f2-a9f154b450de@group-2FABE92B7E5B-LeaderElection385] INFO  impl.RaftServerImpl (RaftServerImpl.java:setRole(184)) - b88b3e43-5534-49b3-b3f2-a9f154b450de@group-2FABE92B7E5B: changes role from CANDIDATE to FOLLOWER at term 412 for DISCOVERED_A_NEW_TERM
2019-10-21 23:47:12,211 [b88b3e43-5534-49b3-b3f2-a9f154b450de@group-2FABE92B7E5B-LeaderElection385] INFO  impl.RoleInfo (RoleInfo.java:shutdownLeaderElection(134)) - b88b3e43-5534-49b3-b3f2-a9f154b450de: shutdown LeaderElection
2019-10-21 23:47:12,211 [b88b3e43-5534-49b3-b3f2-a9f154b450de@group-2FABE92B7E5B-LeaderElection385] INFO  impl.RoleInfo (RoleInfo.java:updateAndGet(143)) - b88b3e43-5534-49b3-b3f2-a9f154b450de: start FollowerState
2019-10-21 23:47:12,403 [Thread-2759] INFO  impl.FollowerState (FollowerState.java:run(108)) - b88b3e43-5534-49b3-b3f2-a9f154b450de@group-2FABE92B7E5B-FollowerState: change to CANDIDATE, lastRpcTime:191ms, electionTimeout:191ms
2019-10-21 23:47:12,403 [Thread-2759] INFO  impl.RoleInfo (RoleInfo.java:shutdownFollowerState(121)) - b88b3e43-5534-49b3-b3f2-a9f154b450de: shutdown FollowerState
2019-10-21 23:47:12,403 [Thread-2759] INFO  impl.RaftServerImpl (RaftServerImpl.java:setRole(184)) - b88b3e43-5534-49b3-b3f2-a9f154b450de@group-2FABE92B7E5B: changes role from  FOLLOWER to CANDIDATE at term 412 for changeToCandidate
2019-10-21 23:47:12,403 [Thread-2759] INFO  impl.RoleInfo (RoleInfo.java:updateAndGet(143)) - b88b3e43-5534-49b3-b3f2-a9f154b450de: start LeaderElection
2019-10-21 23:47:12,417 [b88b3e43-5534-49b3-b3f2-a9f154b450de@group-2FABE92B7E5B-LeaderElection386] INFO  impl.LeaderElection (LeaderElection.java:askForVotes(178)) - b88b3e43-5534-49b3-b3f2-a9f154b450de@group-2FABE92B7E5B-LeaderElection386: begin an election at term 413 for -1: [c58a0a02-acd3-47c8-b3e9-5b8e0493de45:192.168.157.254:33611, 1360619e-ba1e-4bf9-aec1-9f15b5480b27:192.168.157.254:45658, b88b3e43-5534-49b3-b3f2-a9f154b450de:192.168.157.254:46786], old=null
2019-10-21 23:47:12,419 [grpc-default-executor-1] INFO  impl.RaftServerImpl (RaftServerImpl.java:setRole(184)) - c58a0a02-acd3-47c8-b3e9-5b8e0493de45@group-2FABE92B7E5B: changes role from  FOLLOWER to FOLLOWER at term 413 for recognizeCandidate:b88b3e43-5534-49b3-b3f2-a9f154b450de
2019-10-21 23:47:12,419 [grpc-default-executor-2] INFO  impl.RaftServerImpl (RaftServerImpl.java:setRole(184)) - 1360619e-ba1e-4bf9-aec1-9f15b5480b27@group-2FABE92B7E5B: changes role from  FOLLOWER to FOLLOWER at term 413 for recognizeCandidate:b88b3e43-5534-49b3-b3f2-a9f154b450de
2019-10-21 23:47:12,420 [grpc-default-executor-2] INFO  impl.RoleInfo (RoleInfo.java:shutdownFollowerState(121)) - 1360619e-ba1e-4bf9-aec1-9f15b5480b27: shutdown FollowerState
2019-10-21 23:47:12,420 [grpc-default-executor-1] INFO  impl.RoleInfo (RoleInfo.java:shutdownFollowerState(121)) - c58a0a02-acd3-47c8-b3e9-5b8e0493de45: shutdown FollowerState
2019-10-21 23:47:12,420 [grpc-default-executor-2] INFO  impl.RoleInfo (RoleInfo.java:updateAndGet(143)) - 1360619e-ba1e-4bf9-aec1-9f15b5480b27: start FollowerState
2019-10-21 23:47:12,420 [Thread-2757] INFO  impl.FollowerState (FollowerState.java:run(117)) - 1360619e-ba1e-4bf9-aec1-9f15b5480b27@group-2FABE92B7E5B-FollowerState was interrupted: java.lang.InterruptedException: sleep interrupted
2019-10-21 23:47:12,420 [Thread-2758] INFO  impl.FollowerState (FollowerState.java:run(117)) - c58a0a02-acd3-47c8-b3e9-5b8e0493de45@group-2FABE92B7E5B-FollowerState was interrupted: java.lang.InterruptedException: sleep interrupted
2019-10-21 23:47:12,420 [grpc-default-executor-1] INFO  impl.RoleInfo (RoleInfo.java:updateAndGet(143)) - c58a0a02-acd3-47c8-b3e9-5b8e0493de45: start FollowerState
2019-10-21 23:47:12,435 [b88b3e43-5534-49b3-b3f2-a9f154b450de@group-2FABE92B7E5B-LeaderElection386] INFO  impl.LeaderElection (LeaderElection.java:logAndReturn(56)) - b88b3e43-5534-49b3-b3f2-a9f154b450de@group-2FABE92B7E5B-LeaderElection386: Election REJECTED; received 2 response(s) [b88b3e43-5534-49b3-b3f2-a9f154b450de<-c58a0a02-acd3-47c8-b3e9-5b8e0493de45#0:FAIL-t413, b88b3e43-5534-49b3-b3f2-a9f154b450de<-1360619e-ba1e-4bf9-aec1-9f15b5480b27#0:FAIL-t413] and 0 exception(s); b88b3e43-5534-49b3-b3f2-a9f154b450de@group-2FABE92B7E5B:t413, leader=null, voted=b88b3e43-5534-49b3-b3f2-a9f154b450de, raftlog=b88b3e43-5534-49b3-b3f2-a9f154b450de@group-2FABE92B7E5B-SegmentedRaftLog:OPENED:c-1,f-1,i0, conf=-1: [c58a0a02-acd3-47c8-b3e9-5b8e0493de45:192.168.157.254:33611, 1360619e-ba1e-4bf9-aec1-9f15b5480b27:192.168.157.254:45658, b88b3e43-5534-49b3-b3f2-a9f154b450de:192.168.157.254:46786], old=null
2019-10-21 23:47:12,435 [b88b3e43-5534-49b3-b3f2-a9f154b450de@group-2FABE92B7E5B-LeaderElection386] INFO  impl.RaftServerImpl (RaftServerImpl.java:setRole(184)) - b88b3e43-5534-49b3-b3f2-a9f154b450de@group-2FABE92B7E5B: changes role from CANDIDATE to FOLLOWER at term 413 for DISCOVERED_A_NEW_TERM
2019-10-21 23:47:12,435 [b88b3e43-5534-49b3-b3f2-a9f154b450de@group-2FABE92B7E5B-LeaderElection386] INFO  impl.RoleInfo (RoleInfo.java:shutdownLeaderElection(134)) - b88b3e43-5534-49b3-b3f2-a9f154b450de: shutdown LeaderElection
2019-10-21 23:47:12,435 [b88b3e43-5534-49b3-b3f2-a9f154b450de@group-2FABE92B7E5B-LeaderElection386] INFO  impl.RoleInfo (RoleInfo.java:updateAndGet(143)) - b88b3e43-5534-49b3-b3f2-a9f154b450de: start FollowerState
2019-10-21 23:47:12,456 [Thread-2767] INFO  impl.FollowerState (FollowerState.java:run(108)) - b88b3e43-5534-49b3-b3f2-a9f154b450de@group-2FABE92B7E5B-FollowerState: change to CANDIDATE, lastRpcTime:21ms, electionTimeout:21ms
2019-10-21 23:47:12,457 [Thread-2767] INFO  impl.RoleInfo (RoleInfo.java:shutdownFollowerState(121)) - b88b3e43-5534-49b3-b3f2-a9f154b450de: shutdown FollowerState
2019-10-21 23:47:12,457 [Thread-2767] INFO  impl.RaftServerImpl (RaftServerImpl.java:setRole(184)) - b88b3e43-5534-49b3-b3f2-a9f154b450de@group-2FABE92B7E5B: changes role from  FOLLOWER to CANDIDATE at term 413 for changeToCandidate
2019-10-21 23:47:12,457 [Thread-2767] INFO  impl.RoleInfo (RoleInfo.java:updateAndGet(143)) - b88b3e43-5534-49b3-b3f2-a9f154b450de: start LeaderElection
2019-10-21 23:47:12,470 [b88b3e43-5534-49b3-b3f2-a9f154b450de@group-2FABE92B7E5B-LeaderElection387] INFO  impl.LeaderElection (LeaderElection.java:askForVotes(178)) - b88b3e43-5534-49b3-b3f2-a9f154b450de@group-2FABE92B7E5B-LeaderElection387: begin an election at term 414 for -1: [c58a0a02-acd3-47c8-b3e9-5b8e0493de45:192.168.157.254:33611, 1360619e-ba1e-4bf9-aec1-9f15b5480b27:192.168.157.254:45658, b88b3e43-5534-49b3-b3f2-a9f154b450de:192.168.157.254:46786], old=null
2019-10-21 23:47:12,472 [grpc-default-executor-1] INFO  impl.RaftServerImpl (RaftServerImpl.java:setRole(184)) - c58a0a02-acd3-47c8-b3e9-5b8e0493de45@group-2FABE92B7E5B: changes role from  FOLLOWER to FOLLOWER at term 414 for recognizeCandidate:b88b3e43-5534-49b3-b3f2-a9f154b450de
2019-10-21 23:47:12,472 [grpc-default-executor-1] INFO  impl.RoleInfo (RoleInfo.java:shutdownFollowerState(121)) - c58a0a02-acd3-47c8-b3e9-5b8e0493de45: shutdown FollowerState
2019-10-21 23:47:12,472 [grpc-default-executor-2] INFO  impl.RaftServerImpl (RaftServerImpl.java:setRole(184)) - 1360619e-ba1e-4bf9-aec1-9f15b5480b27@group-2FABE92B7E5B: changes role from  FOLLOWER to FOLLOWER at term 414 for recognizeCandidate:b88b3e43-5534-49b3-b3f2-a9f154b450de
2019-10-21 23:47:12,472 [grpc-default-executor-2] INFO  impl.RoleInfo (RoleInfo.java:shutdownFollowerState(121)) - 1360619e-ba1e-4bf9-aec1-9f15b5480b27: shutdown FollowerState
2019-10-21 23:47:12,472 [Thread-2764] INFO  impl.FollowerState (FollowerState.java:run(117)) - c58a0a02-acd3-47c8-b3e9-5b8e0493de45@group-2FABE92B7E5B-FollowerState was interrupted: java.lang.InterruptedException: sleep interrupted
2019-10-21 23:47:12,472 [grpc-default-executor-1] INFO  impl.RoleInfo (RoleInfo.java:updateAndGet(143)) - c58a0a02-acd3-47c8-b3e9-5b8e0493de45: start FollowerState
2019-10-21 23:47:12,472 [Thread-2763] INFO  impl.FollowerState (FollowerState.java:run(117)) - 1360619e-ba1e-4bf9-aec1-9f15b5480b27@group-2FABE92B7E5B-FollowerState was interrupted: java.lang.InterruptedException: sleep interrupted
2019-10-21 23:47:12,472 [grpc-default-executor-2] INFO  impl.RoleInfo (RoleInfo.java:updateAndGet(143)) - 1360619e-ba1e-4bf9-aec1-9f15b5480b27: start FollowerState
2019-10-21 23:47:12,499 [b88b3e43-5534-49b3-b3f2-a9f154b450de@group-2FABE92B7E5B-LeaderElection387] INFO  impl.LeaderElection (LeaderElection.java:logAndReturn(56)) - b88b3e43-5534-49b3-b3f2-a9f154b450de@group-2FABE92B7E5B-LeaderElection387: Election REJECTED; received 2 response(s) [b88b3e43-5534-49b3-b3f2-a9f154b450de<-c58a0a02-acd3-47c8-b3e9-5b8e0493de45#0:FAIL-t414, b88b3e43-5534-49b3-b3f2-a9f154b450de<-1360619e-ba1e-4bf9-aec1-9f15b5480b27#0:FAIL-t414] and 0 exception(s); b88b3e43-5534-49b3-b3f2-a9f154b450de@group-2FABE92B7E5B:t414, leader=null, voted=b88b3e43-5534-49b3-b3f2-a9f154b450de, raftlog=b88b3e43-5534-49b3-b3f2-a9f154b450de@group-2FABE92B7E5B-SegmentedRaftLog:OPENED:c-1,f-1,i0, conf=-1: [c58a0a02-acd3-47c8-b3e9-5b8e0493de45:192.168.157.254:33611, 1360619e-ba1e-4bf9-aec1-9f15b5480b27:192.168.157.254:45658, b88b3e43-5534-49b3-b3f2-a9f154b450de:192.168.157.254:46786], old=null
2019-10-21 23:47:12,499 [b88b3e43-5534-49b3-b3f2-a9f154b450de@group-2FABE92B7E5B-LeaderElection387] INFO  impl.RaftServerImpl (RaftServerImpl.java:setRole(184)) - b88b3e43-5534-49b3-b3f2-a9f154b450de@group-2FABE92B7E5B: changes role from CANDIDATE to FOLLOWER at term 414 for DISCOVERED_A_NEW_TERM
2019-10-21 23:47:12,499 [b88b3e43-5534-49b3-b3f2-a9f154b450de@group-2FABE92B7E5B-LeaderElection387] INFO  impl.RoleInfo (RoleInfo.java:shutdownLeaderElection(134)) - b88b3e43-5534-49b3-b3f2-a9f154b450de: shutdown LeaderElection
2019-10-21 23:47:12,499 [b88b3e43-5534-49b3-b3f2-a9f154b450de@group-2FABE92B7E5B-LeaderElection387] INFO  impl.RoleInfo (RoleInfo.java:updateAndGet(143)) - b88b3e43-5534-49b3-b3f2-a9f154b450de: start FollowerState
2019-10-21 23:47:12,524 [Thread-2773] INFO  impl.FollowerState (FollowerState.java:run(108)) - b88b3e43-5534-49b3-b3f2-a9f154b450de@group-2FABE92B7E5B-FollowerState: change to CANDIDATE, lastRpcTime:25ms, electionTimeout:25ms
2019-10-21 23:47:12,524 [Thread-2773] INFO  impl.RoleInfo (RoleInfo.java:shutdownFollowerState(121)) - b88b3e43-5534-49b3-b3f2-a9f154b450de: shutdown FollowerState
2019-10-21 23:47:12,525 [Thread-2773] INFO  impl.RaftServerImpl (RaftServerImpl.java:setRole(184)) - b88b3e43-5534-49b3-b3f2-a9f154b450de@group-2FABE92B7E5B: changes role from  FOLLOWER to CANDIDATE at term 414 for changeToCandidate
2019-10-21 23:47:12,525 [Thread-2773] INFO  impl.RoleInfo (RoleInfo.java:updateAndGet(143)) - b88b3e43-5534-49b3-b3f2-a9f154b450de: start LeaderElection
2019-10-21 23:47:12,549 [b88b3e43-5534-49b3-b3f2-a9f154b450de@group-2FABE92B7E5B-LeaderElection388] INFO  impl.LeaderElection (LeaderElection.java:askForVotes(178)) - b88b3e43-5534-49b3-b3f2-a9f154b450de@group-2FABE92B7E5B-LeaderElection388: begin an election at term 415 for -1: [c58a0a02-acd3-47c8-b3e9-5b8e0493de45:192.168.157.254:33611, 1360619e-ba1e-4bf9-aec1-9f15b5480b27:192.168.157.254:45658, b88b3e43-5534-49b3-b3f2-a9f154b450de:192.168.157.254:46786], old=null
2019-10-21 23:47:12,551 [grpc-default-executor-1] INFO  impl.RaftServerImpl (RaftServerImpl.java:setRole(184)) - 1360619e-ba1e-4bf9-aec1-9f15b5480b27@group-2FABE92B7E5B: changes role from  FOLLOWER to FOLLOWER at term 415 for recognizeCandidate:b88b3e43-5534-49b3-b3f2-a9f154b450de
2019-10-21 23:47:12,551 [grpc-default-executor-1] INFO  impl.RoleInfo (RoleInfo.java:shutdownFollowerState(121)) - 1360619e-ba1e-4bf9-aec1-9f15b5480b27: shutdown FollowerState
2019-10-21 23:47:12,551 [grpc-default-executor-1] INFO  impl.RoleInfo (RoleInfo.java:updateAndGet(143)) - 1360619e-ba1e-4bf9-aec1-9f15b5480b27: start FollowerState
2019-10-21 23:47:12,551 [Thread-2772] INFO  impl.FollowerState (FollowerState.java:run(117)) - 1360619e-ba1e-4bf9-aec1-9f15b5480b27@group-2FABE92B7E5B-FollowerState was interrupted: java.lang.InterruptedException: sleep interrupted
2019-10-21 23:47:12,551 [grpc-default-executor-2] INFO  impl.RaftServerImpl (RaftServerImpl.java:setRole(184)) - c58a0a02-acd3-47c8-b3e9-5b8e0493de45@group-2FABE92B7E5B: changes role from  FOLLOWER to FOLLOWER at term 415 for recognizeCandidate:b88b3e43-5534-49b3-b3f2-a9f154b450de
2019-10-21 23:47:12,552 [grpc-default-executor-2] INFO  impl.RoleInfo (RoleInfo.java:shutdownFollowerState(121)) - c58a0a02-acd3-47c8-b3e9-5b8e0493de45: shutdown FollowerState
2019-10-21 23:47:12,552 [grpc-default-executor-2] INFO  impl.RoleInfo (RoleInfo.java:updateAndGet(143)) - c58a0a02-acd3-47c8-b3e9-5b8e0493de45: start FollowerState
2019-10-21 23:47:12,552 [Thread-2771] INFO  impl.FollowerState (FollowerState.java:run(117)) - c58a0a02-acd3-47c8-b3e9-5b8e0493de45@group-2FABE92B7E5B-FollowerState was interrupted: java.lang.InterruptedException: sleep interrupted
2019-10-21 23:47:12,568 [b88b3e43-5534-49b3-b3f2-a9f154b450de@group-2FABE92B7E5B-LeaderElection388] INFO  impl.LeaderElection (LeaderElection.java:logAndReturn(56)) - b88b3e43-5534-49b3-b3f2-a9f154b450de@group-2FABE92B7E5B-LeaderElection388: Election REJECTED; received 2 response(s) [b88b3e43-5534-49b3-b3f2-a9f154b450de<-c58a0a02-acd3-47c8-b3e9-5b8e0493de45#0:FAIL-t415, b88b3e43-5534-49b3-b3f2-a9f154b450de<-1360619e-ba1e-4bf9-aec1-9f15b5480b27#0:FAIL-t415] and 0 exception(s); b88b3e43-5534-49b3-b3f2-a9f154b450de@group-2FABE92B7E5B:t415, leader=null, voted=b88b3e43-5534-49b3-b3f2-a9f154b450de, raftlog=b88b3e43-5534-49b3-b3f2-a9f154b450de@group-2FABE92B7E5B-SegmentedRaftLog:OPENED:c-1,f-1,i0, conf=-1: [c58a0a02-acd3-47c8-b3e9-5b8e0493de45:192.168.157.254:33611, 1360619e-ba1e-4bf9-aec1-9f15b5480b27:192.168.157.254:45658, b88b3e43-5534-49b3-b3f2-a9f154b450de:192.168.157.254:46786], old=null
2019-10-21 23:47:12,568 [b88b3e43-5534-49b3-b3f2-a9f154b450de@group-2FABE92B7E5B-LeaderElection388] INFO  impl.RaftServerImpl (RaftServerImpl.java:setRole(184)) - b88b3e43-5534-49b3-b3f2-a9f154b450de@group-2FABE92B7E5B: changes role from CANDIDATE to FOLLOWER at term 415 for DISCOVERED_A_NEW_TERM
2019-10-21 23:47:12,568 [b88b3e43-5534-49b3-b3f2-a9f154b450de@group-2FABE92B7E5B-LeaderElection388] INFO  impl.RoleInfo (RoleInfo.java:shutdownLeaderElection(134)) - b88b3e43-5534-49b3-b3f2-a9f154b450de: shutdown LeaderElection
2019-10-21 23:47:12,568 [b88b3e43-5534-49b3-b3f2-a9f154b450de@group-2FABE92B7E5B-LeaderElection388] INFO  impl.RoleInfo (RoleInfo.java:updateAndGet(143)) - b88b3e43-5534-49b3-b3f2-a9f154b450de: start FollowerState
2019-10-21 23:47:12,617 [Thread-2779] INFO  impl.FollowerState (FollowerState.java:run(108)) - b88b3e43-5534-49b3-b3f2-a9f154b450de@group-2FABE92B7E5B-FollowerState: change to CANDIDATE, lastRpcTime:49ms, electionTimeout:49ms
2019-10-21 23:47:12,617 [Thread-2779] INFO  impl.RoleInfo (RoleInfo.java:shutdownFollowerState(121)) - b88b3e43-5534-49b3-b3f2-a9f154b450de: shutdown FollowerState
2019-10-21 23:47:12,617 [Thread-2779] INFO  impl.RaftServerImpl (RaftServerImpl.java:setRole(184)) - b88b3e43-5534-49b3-b3f2-a9f154b450de@group-2FABE92B7E5B: changes role from  FOLLOWER to CANDIDATE at term 415 for changeToCandidate
2019-10-21 23:47:12,618 [Thread-2779] INFO  impl.RoleInfo (RoleInfo.java:updateAndGet(143)) - b88b3e43-5534-49b3-b3f2-a9f154b450de: start LeaderElection
2019-10-21 23:47:12,632 [b88b3e43-5534-49b3-b3f2-a9f154b450de@group-2FABE92B7E5B-LeaderElection389] INFO  impl.LeaderElection (LeaderElection.java:askForVotes(178)) - b88b3e43-5534-49b3-b3f2-a9f154b450de@group-2FABE92B7E5B-LeaderElection389: begin an election at term 416 for -1: [c58a0a02-acd3-47c8-b3e9-5b8e0493de45:192.168.157.254:33611, 1360619e-ba1e-4bf9-aec1-9f15b5480b27:192.168.157.254:45658, b88b3e43-5534-49b3-b3f2-a9f154b450de:192.168.157.254:46786], old=null
2019-10-21 23:47:12,634 [grpc-default-executor-2] INFO  impl.RaftServerImpl (RaftServerImpl.java:setRole(184)) - c58a0a02-acd3-47c8-b3e9-5b8e0493de45@group-2FABE92B7E5B: changes role from  FOLLOWER to FOLLOWER at term 416 for recognizeCandidate:b88b3e43-5534-49b3-b3f2-a9f154b450de
2019-10-21 23:47:12,634 [grpc-default-executor-1] INFO  impl.RaftServerImpl (RaftServerImpl.java:setRole(184)) - 1360619e-ba1e-4bf9-aec1-9f15b5480b27@group-2FABE92B7E5B: changes role from  FOLLOWER to FOLLOWER at term 416 for recognizeCandidate:b88b3e43-5534-49b3-b3f2-a9f154b450de
2019-10-21 23:47:12,635 [grpc-default-executor-1] INFO  impl.RoleInfo (RoleInfo.java:shutdownFollowerState(121)) - 1360619e-ba1e-4bf9-aec1-9f15b5480b27: shutdown FollowerState
2019-10-21 23:47:12,634 [grpc-default-executor-2] INFO  impl.RoleInfo (RoleInfo.java:shutdownFollowerState(121)) - c58a0a02-acd3-47c8-b3e9-5b8e0493de45: shutdown FollowerState
2019-10-21 23:47:12,635 [Thread-2777] INFO  impl.FollowerState (FollowerState.java:run(117)) - 1360619e-ba1e-4bf9-aec1-9f15b5480b27@group-2FABE92B7E5B-FollowerState was interrupted: java.lang.InterruptedException: sleep interrupted
2019-10-21 23:47:12,635 [grpc-default-executor-1] INFO  impl.RoleInfo (RoleInfo.java:updateAndGet(143)) - 1360619e-ba1e-4bf9-aec1-9f15b5480b27: start FollowerState
2019-10-21 23:47:12,635 [grpc-default-executor-2] INFO  impl.RoleInfo (RoleInfo.java:updateAndGet(143)) - c58a0a02-acd3-47c8-b3e9-5b8e0493de45: start FollowerState
2019-10-21 23:47:12,635 [Thread-2778] INFO  impl.FollowerState (FollowerState.java:run(117)) - c58a0a02-acd3-47c8-b3e9-5b8e0493de45@group-2FABE92B7E5B-FollowerState was interrupted: java.lang.InterruptedException: sleep interrupted
2019-10-21 23:47:12,643 [b88b3e43-5534-49b3-b3f2-a9f154b450de@group-2FABE92B7E5B-LeaderElection389] INFO  impl.LeaderElection (LeaderElection.java:logAndReturn(56)) - b88b3e43-5534-49b3-b3f2-a9f154b450de@group-2FABE92B7E5B-LeaderElection389: Election TIMEOUT; received 0 response(s) [] and 0 exception(s); b88b3e43-5534-49b3-b3f2-a9f154b450de@group-2FABE92B7E5B:t416, leader=null, voted=b88b3e43-5534-49b3-b3f2-a9f154b450de, raftlog=b88b3e43-5534-49b3-b3f2-a9f154b450de@group-2FABE92B7E5B-SegmentedRaftLog:OPENED:c-1,f-1,i0, conf=-1: [c58a0a02-acd3-47c8-b3e9-5b8e0493de45:192.168.157.254:33611, 1360619e-ba1e-4bf9-aec1-9f15b5480b27:192.168.157.254:45658, b88b3e43-5534-49b3-b3f2-a9f154b450de:192.168.157.254:46786], old=null
2019-10-21 23:47:12,648 [b88b3e43-5534-49b3-b3f2-a9f154b450de@group-2FABE92B7E5B-LeaderElection389] INFO  impl.LeaderElection (LeaderElection.java:askForVotes(178)) - b88b3e43-5534-49b3-b3f2-a9f154b450de@group-2FABE92B7E5B-LeaderElection389: begin an election at term 417 for -1: [c58a0a02-acd3-47c8-b3e9-5b8e0493de45:192.168.157.254:33611, 1360619e-ba1e-4bf9-aec1-9f15b5480b27:192.168.157.254:45658, b88b3e43-5534-49b3-b3f2-a9f154b450de:192.168.157.254:46786], old=null
2019-10-21 23:47:12,649 [grpc-default-executor-2] INFO  impl.RaftServerImpl (RaftServerImpl.java:setRole(184)) - c58a0a02-acd3-47c8-b3e9-5b8e0493de45@group-2FABE92B7E5B: changes role from  FOLLOWER to FOLLOWER at term 417 for recognizeCandidate:b88b3e43-5534-49b3-b3f2-a9f154b450de
2019-10-21 23:47:12,650 [grpc-default-executor-2] INFO  impl.RoleInfo (RoleInfo.java:shutdownFollowerState(121)) - c58a0a02-acd3-47c8-b3e9-5b8e0493de45: shutdown FollowerState
2019-10-21 23:47:12,650 [grpc-default-executor-2] INFO  impl.RoleInfo (RoleInfo.java:updateAndGet(143)) - c58a0a02-acd3-47c8-b3e9-5b8e0493de45: start FollowerState
2019-10-21 23:47:12,650 [Thread-2784] INFO  impl.FollowerState (FollowerState.java:run(117)) - c58a0a02-acd3-47c8-b3e9-5b8e0493de45@group-2FABE92B7E5B-FollowerState was interrupted: java.lang.InterruptedException: sleep interrupted
2019-10-21 23:47:12,650 [grpc-default-executor-1] INFO  impl.RaftServerImpl (RaftServerImpl.java:setRole(184)) - 1360619e-ba1e-4bf9-aec1-9f15b5480b27@group-2FABE92B7E5B: changes role from  FOLLOWER to FOLLOWER at term 417 for recognizeCandidate:b88b3e43-5534-49b3-b3f2-a9f154b450de
2019-10-21 23:47:12,650 [grpc-default-executor-1] INFO  impl.RoleInfo (RoleInfo.java:shutdownFollowerState(121)) - 1360619e-ba1e-4bf9-aec1-9f15b5480b27: shutdown FollowerState
2019-10-21 23:47:12,650 [grpc-default-executor-1] INFO  impl.RoleInfo (RoleInfo.java:updateAndGet(143)) - 1360619e-ba1e-4bf9-aec1-9f15b5480b27: start FollowerState
2019-10-21 23:47:12,650 [Thread-2783] INFO  impl.FollowerState (FollowerState.java:run(117)) - 1360619e-ba1e-4bf9-aec1-9f15b5480b27@group-2FABE92B7E5B-FollowerState was interrupted: java.lang.InterruptedException: sleep interrupted
2019-10-21 23:47:12,667 [b88b3e43-5534-49b3-b3f2-a9f154b450de@group-2FABE92B7E5B-LeaderElection389] INFO  impl.LeaderElection (LeaderElection.java:logAndReturn(56)) - b88b3e43-5534-49b3-b3f2-a9f154b450de@group-2FABE92B7E5B-LeaderElection389: Election TIMEOUT; received 0 response(s) [] and 0 exception(s); b88b3e43-5534-49b3-b3f2-a9f154b450de@group-2FABE92B7E5B:t417, leader=null, voted=b88b3e43-5534-49b3-b3f2-a9f154b450de, raftlog=b88b3e43-5534-49b3-b3f2-a9f154b450de@group-2FABE92B7E5B-SegmentedRaftLog:OPENED:c-1,f-1,i0, conf=-1: [c58a0a02-acd3-47c8-b3e9-5b8e0493de45:192.168.157.254:33611, 1360619e-ba1e-4bf9-aec1-9f15b5480b27:192.168.157.254:45658, b88b3e43-5534-49b3-b3f2-a9f154b450de:192.168.157.254:46786], old=null
2019-10-21 23:47:12,677 [b88b3e43-5534-49b3-b3f2-a9f154b450de@group-2FABE92B7E5B-LeaderElection389] INFO  impl.LeaderElection (LeaderElection.java:askForVotes(178)) - b88b3e43-5534-49b3-b3f2-a9f154b450de@group-2FABE92B7E5B-LeaderElection389: begin an election at term 418 for -1: [c58a0a02-acd3-47c8-b3e9-5b8e0493de45:192.168.157.254:33611, 1360619e-ba1e-4bf9-aec1-9f15b5480b27:192.168.157.254:45658, b88b3e43-5534-49b3-b3f2-a9f154b450de:192.168.157.254:46786], old=null
2019-10-21 23:47:12,678 [grpc-default-executor-1] INFO  impl.RaftServerImpl (RaftServerImpl.java:setRole(184)) - c58a0a02-acd3-47c8-b3e9-5b8e0493de45@group-2FABE92B7E5B: changes role from  FOLLOWER to FOLLOWER at term 418 for recognizeCandidate:b88b3e43-5534-49b3-b3f2-a9f154b450de
2019-10-21 23:47:12,678 [grpc-default-executor-1] INFO  impl.RoleInfo (RoleInfo.java:shutdownFollowerState(121)) - c58a0a02-acd3-47c8-b3e9-5b8e0493de45: shutdown FollowerState
2019-10-21 23:47:12,678 [grpc-default-executor-1] INFO  impl.RoleInfo (RoleInfo.java:updateAndGet(143)) - c58a0a02-acd3-47c8-b3e9-5b8e0493de45: start FollowerState
2019-10-21 23:47:12,678 [grpc-default-executor-2] INFO  impl.RaftServerImpl (RaftServerImpl.java:setRole(184)) - 1360619e-ba1e-4bf9-aec1-9f15b5480b27@group-2FABE92B7E5B: changes role from  FOLLOWER to FOLLOWER at term 418 for recognizeCandidate:b88b3e43-5534-49b3-b3f2-a9f154b450de
2019-10-21 23:47:12,679 [grpc-default-executor-2] INFO  impl.RoleInfo (RoleInfo.java:shutdownFollowerState(121)) - 1360619e-ba1e-4bf9-aec1-9f15b5480b27: shutdown FollowerState
2019-10-21 23:47:12,678 [Thread-2787] INFO  impl.FollowerState (FollowerState.java:run(117)) - c58a0a02-acd3-47c8-b3e9-5b8e0493de45@group-2FABE92B7E5B-FollowerState was interrupted: java.lang.InterruptedException: sleep interrupted
2019-10-21 23:47:12,679 [grpc-default-executor-2] INFO  impl.RoleInfo (RoleInfo.java:updateAndGet(143)) - 1360619e-ba1e-4bf9-aec1-9f15b5480b27: start FollowerState
2019-10-21 23:47:12,679 [Thread-2788] INFO  impl.FollowerState (FollowerState.java:run(117)) - 1360619e-ba1e-4bf9-aec1-9f15b5480b27@group-2FABE92B7E5B-FollowerState was interrupted: java.lang.InterruptedException: sleep interrupted
2019-10-21 23:47:12,704 [b88b3e43-5534-49b3-b3f2-a9f154b450de@group-2FABE92B7E5B-LeaderElection389] INFO  impl.LeaderElection (LeaderElection.java:logAndReturn(56)) - b88b3e43-5534-49b3-b3f2-a9f154b450de@group-2FABE92B7E5B-LeaderElection389: Election REJECTED; received 2 response(s) [b88b3e43-5534-49b3-b3f2-a9f154b450de<-c58a0a02-acd3-47c8-b3e9-5b8e0493de45#0:FAIL-t418, b88b3e43-5534-49b3-b3f2-a9f154b450de<-1360619e-ba1e-4bf9-aec1-9f15b5480b27#0:FAIL-t418] and 0 exception(s); b88b3e43-5534-49b3-b3f2-a9f154b450de@group-2FABE92B7E5B:t418, leader=null, voted=b88b3e43-5534-49b3-b3f2-a9f154b450de, raftlog=b88b3e43-5534-49b3-b3f2-a9f154b450de@group-2FABE92B7E5B-SegmentedRaftLog:OPENED:c-1,f-1,i0, conf=-1: [c58a0a02-acd3-47c8-b3e9-5b8e0493de45:192.168.157.254:33611, 1360619e-ba1e-4bf9-aec1-9f15b5480b27:192.168.157.254:45658, b88b3e43-5534-49b3-b3f2-a9f154b450de:192.168.157.254:46786], old=null
2019-10-21 23:47:12,704 [b88b3e43-5534-49b3-b3f2-a9f154b450de@group-2FABE92B7E5B-LeaderElection389] INFO  impl.RaftServerImpl (RaftServerImpl.java:setRole(184)) - b88b3e43-5534-49b3-b3f2-a9f154b450de@group-2FABE92B7E5B: changes role from CANDIDATE to FOLLOWER at term 418 for DISCOVERED_A_NEW_TERM
2019-10-21 23:47:12,706 [b88b3e43-5534-49b3-b3f2-a9f154b450de@group-2FABE92B7E5B-LeaderElection389] INFO  impl.RoleInfo (RoleInfo.java:shutdownLeaderElection(134)) - b88b3e43-5534-49b3-b3f2-a9f154b450de: shutdown LeaderElection
2019-10-21 23:47:12,706 [b88b3e43-5534-49b3-b3f2-a9f154b450de@group-2FABE92B7E5B-LeaderElection389] INFO  impl.RoleInfo (RoleInfo.java:updateAndGet(143)) - b88b3e43-5534-49b3-b3f2-a9f154b450de: start FollowerState
2019-10-21 23:47:12,823 [Thread-2793] INFO  impl.FollowerState (FollowerState.java:run(108)) - b88b3e43-5534-49b3-b3f2-a9f154b450de@group-2FABE92B7E5B-FollowerState: change to CANDIDATE, lastRpcTime:117ms, electionTimeout:117ms
2019-10-21 23:47:12,823 [Thread-2793] INFO  impl.RoleInfo (RoleInfo.java:shutdownFollowerState(121)) - b88b3e43-5534-49b3-b3f2-a9f154b450de: shutdown FollowerState
2019-10-21 23:47:12,823 [Thread-2793] INFO  impl.RaftServerImpl (RaftServerImpl.java:setRole(184)) - b88b3e43-5534-49b3-b3f2-a9f154b450de@group-2FABE92B7E5B: changes role from  FOLLOWER to CANDIDATE at term 418 for changeToCandidate
2019-10-21 23:47:12,823 [Thread-2793] INFO  impl.RoleInfo (RoleInfo.java:updateAndGet(143)) - b88b3e43-5534-49b3-b3f2-a9f154b450de: start LeaderElection
2019-10-21 23:47:12,832 [b88b3e43-5534-49b3-b3f2-a9f154b450de@group-2FABE92B7E5B-LeaderElection390] INFO  impl.LeaderElection (LeaderElection.java:askForVotes(178)) - b88b3e43-5534-49b3-b3f2-a9f154b450de@group-2FABE92B7E5B-LeaderElection390: begin an election at term 419 for -1: [c58a0a02-acd3-47c8-b3e9-5b8e0493de45:192.168.157.254:33611, 1360619e-ba1e-4bf9-aec1-9f15b5480b27:192.168.157.254:45658, b88b3e43-5534-49b3-b3f2-a9f154b450de:192.168.157.254:46786], old=null
2019-10-21 23:47:12,834 [grpc-default-executor-1] INFO  impl.RaftServerImpl (RaftServerImpl.java:setRole(184)) - c58a0a02-acd3-47c8-b3e9-5b8e0493de45@group-2FABE92B7E5B: changes role from  FOLLOWER to FOLLOWER at term 419 for recognizeCandidate:b88b3e43-5534-49b3-b3f2-a9f154b450de
2019-10-21 23:47:12,834 [grpc-default-executor-1] INFO  impl.RoleInfo (RoleInfo.java:shutdownFollowerState(121)) - c58a0a02-acd3-47c8-b3e9-5b8e0493de45: shutdown FollowerState
2019-10-21 23:47:12,834 [grpc-default-executor-1] INFO  impl.RoleInfo (RoleInfo.java:updateAndGet(143)) - c58a0a02-acd3-47c8-b3e9-5b8e0493de45: start FollowerState
2019-10-21 23:47:12,834 [Thread-2791] INFO  impl.FollowerState (FollowerState.java:run(117)) - c58a0a02-acd3-47c8-b3e9-5b8e0493de45@group-2FABE92B7E5B-FollowerState was interrupted: java.lang.InterruptedException: sleep interrupted
2019-10-21 23:47:12,834 [grpc-default-executor-2] INFO  impl.RaftServerImpl (RaftServerImpl.java:setRole(184)) - 1360619e-ba1e-4bf9-aec1-9f15b5480b27@group-2FABE92B7E5B: changes role from  FOLLOWER to FOLLOWER at term 419 for recognizeCandidate:b88b3e43-5534-49b3-b3f2-a9f154b450de
2019-10-21 23:47:12,835 [grpc-default-executor-2] INFO  impl.RoleInfo (RoleInfo.java:shutdownFollowerState(121)) - 1360619e-ba1e-4bf9-aec1-9f15b5480b27: shutdown FollowerState
2019-10-21 23:47:12,835 [grpc-default-executor-2] INFO  impl.RoleInfo (RoleInfo.java:updateAndGet(143)) - 1360619e-ba1e-4bf9-aec1-9f15b5480b27: start FollowerState
2019-10-21 23:47:12,835 [Thread-2792] INFO  impl.FollowerState (FollowerState.java:run(117)) - 1360619e-ba1e-4bf9-aec1-9f15b5480b27@group-2FABE92B7E5B-FollowerState was interrupted: java.lang.InterruptedException: sleep interrupted
2019-10-21 23:47:12,844 [b88b3e43-5534-49b3-b3f2-a9f154b450de@group-2FABE92B7E5B-LeaderElection390] INFO  impl.LeaderElection (LeaderElection.java:logAndReturn(56)) - b88b3e43-5534-49b3-b3f2-a9f154b450de@group-2FABE92B7E5B-LeaderElection390: Election REJECTED; received 2 response(s) [b88b3e43-5534-49b3-b3f2-a9f154b450de<-c58a0a02-acd3-47c8-b3e9-5b8e0493de45#0:FAIL-t419, b88b3e43-5534-49b3-b3f2-a9f154b450de<-1360619e-ba1e-4bf9-aec1-9f15b5480b27#0:FAIL-t419] and 0 exception(s); b88b3e43-5534-49b3-b3f2-a9f154b450de@group-2FABE92B7E5B:t419, leader=null, voted=b88b3e43-5534-49b3-b3f2-a9f154b450de, raftlog=b88b3e43-5534-49b3-b3f2-a9f154b450de@group-2FABE92B7E5B-SegmentedRaftLog:OPENED:c-1,f-1,i0, conf=-1: [c58a0a02-acd3-47c8-b3e9-5b8e0493de45:192.168.157.254:33611, 1360619e-ba1e-4bf9-aec1-9f15b5480b27:192.168.157.254:45658, b88b3e43-5534-49b3-b3f2-a9f154b450de:192.168.157.254:46786], old=null
2019-10-21 23:47:12,844 [b88b3e43-5534-49b3-b3f2-a9f154b450de@group-2FABE92B7E5B-LeaderElection390] INFO  impl.RaftServerImpl (RaftServerImpl.java:setRole(184)) - b88b3e43-5534-49b3-b3f2-a9f154b450de@group-2FABE92B7E5B: changes role from CANDIDATE to FOLLOWER at term 419 for DISCOVERED_A_NEW_TERM
2019-10-21 23:47:12,844 [b88b3e43-5534-49b3-b3f2-a9f154b450de@group-2FABE92B7E5B-LeaderElection390] INFO  impl.RoleInfo (RoleInfo.java:shutdownLeaderElection(134)) - b88b3e43-5534-49b3-b3f2-a9f154b450de: shutdown LeaderElection
2019-10-21 23:47:12,844 [b88b3e43-5534-49b3-b3f2-a9f154b450de@group-2FABE92B7E5B-LeaderElection390] INFO  impl.RoleInfo (RoleInfo.java:updateAndGet(143)) - b88b3e43-5534-49b3-b3f2-a9f154b450de: start FollowerState
2019-10-21 23:47:13,037 [Thread-2799] INFO  impl.FollowerState (FollowerState.java:run(108)) - b88b3e43-5534-49b3-b3f2-a9f154b450de@group-2FABE92B7E5B-FollowerState: change to CANDIDATE, lastRpcTime:192ms, electionTimeout:192ms
2019-10-21 23:47:13,037 [Thread-2799] INFO  impl.RoleInfo (RoleInfo.java:shutdownFollowerState(121)) - b88b3e43-5534-49b3-b3f2-a9f154b450de: shutdown FollowerState
2019-10-21 23:47:13,037 [Thread-2799] INFO  impl.RaftServerImpl (RaftServerImpl.java:setRole(184)) - b88b3e43-5534-49b3-b3f2-a9f154b450de@group-2FABE92B7E5B: changes role from  FOLLOWER to CANDIDATE at term 419 for changeToCandidate
2019-10-21 23:47:13,037 [Thread-2799] INFO  impl.RoleInfo (RoleInfo.java:updateAndGet(143)) - b88b3e43-5534-49b3-b3f2-a9f154b450de: start LeaderElection
2019-10-21 23:47:13,047 [b88b3e43-5534-49b3-b3f2-a9f154b450de@group-2FABE92B7E5B-LeaderElection391] INFO  impl.LeaderElection (LeaderElection.java:askForVotes(178)) - b88b3e43-5534-49b3-b3f2-a9f154b450de@group-2FABE92B7E5B-LeaderElection391: begin an election at term 420 for -1: [c58a0a02-acd3-47c8-b3e9-5b8e0493de45:192.168.157.254:33611, 1360619e-ba1e-4bf9-aec1-9f15b5480b27:192.168.157.254:45658, b88b3e43-5534-49b3-b3f2-a9f154b450de:192.168.157.254:46786], old=null
2019-10-21 23:47:13,050 [grpc-default-executor-2] INFO  impl.RaftServerImpl (RaftServerImpl.java:setRole(184)) - 1360619e-ba1e-4bf9-aec1-9f15b5480b27@group-2FABE92B7E5B: changes role from  FOLLOWER to FOLLOWER at term 420 for recognizeCandidate:b88b3e43-5534-49b3-b3f2-a9f154b450de
2019-10-21 23:47:13,050 [grpc-default-executor-2] INFO  impl.RoleInfo (RoleInfo.java:shutdownFollowerState(121)) - 1360619e-ba1e-4bf9-aec1-9f15b5480b27: shutdown FollowerState
2019-10-21 23:47:13,050 [grpc-default-executor-1] INFO  impl.RaftServerImpl (RaftServerImpl.java:setRole(184)) - c58a0a02-acd3-47c8-b3e9-5b8e0493de45@group-2FABE92B7E5B: changes role from  FOLLOWER to FOLLOWER at term 420 for recognizeCandidate:b88b3e43-5534-49b3-b3f2-a9f154b450de
2019-10-21 23:47:13,050 [Thread-2798] INFO  impl.FollowerState (FollowerState.java:run(117)) - 1360619e-ba1e-4bf9-aec1-9f15b5480b27@group-2FABE92B7E5B-FollowerState was interrupted: java.lang.InterruptedException: sleep interrupted
2019-10-21 23:47:13,050 [grpc-default-executor-2] INFO  impl.RoleInfo (RoleInfo.java:updateAndGet(143)) - 1360619e-ba1e-4bf9-aec1-9f15b5480b27: start FollowerState
2019-10-21 23:47:13,050 [grpc-default-executor-1] INFO  impl.RoleInfo (RoleInfo.java:shutdownFollowerState(121)) - c58a0a02-acd3-47c8-b3e9-5b8e0493de45: shutdown FollowerState
2019-10-21 23:47:13,051 [grpc-default-executor-1] INFO  impl.RoleInfo (RoleInfo.java:updateAndGet(143)) - c58a0a02-acd3-47c8-b3e9-5b8e0493de45: start FollowerState
2019-10-21 23:47:13,051 [Thread-2797] INFO  impl.FollowerState (FollowerState.java:run(117)) - c58a0a02-acd3-47c8-b3e9-5b8e0493de45@group-2FABE92B7E5B-FollowerState was interrupted: java.lang.InterruptedException: sleep interrupted
2019-10-21 23:47:13,055 [b88b3e43-5534-49b3-b3f2-a9f154b450de@group-2FABE92B7E5B-LeaderElection391] INFO  impl.LeaderElection (LeaderElection.java:logAndReturn(56)) - b88b3e43-5534-49b3-b3f2-a9f154b450de@group-2FABE92B7E5B-LeaderElection391: Election REJECTED; received 2 response(s) [b88b3e43-5534-49b3-b3f2-a9f154b450de<-c58a0a02-acd3-47c8-b3e9-5b8e0493de45#0:FAIL-t420, b88b3e43-5534-49b3-b3f2-a9f154b450de<-1360619e-ba1e-4bf9-aec1-9f15b5480b27#0:FAIL-t420] and 0 exception(s); b88b3e43-5534-49b3-b3f2-a9f154b450de@group-2FABE92B7E5B:t420, leader=null, voted=b88b3e43-5534-49b3-b3f2-a9f154b450de, raftlog=b88b3e43-5534-49b3-b3f2-a9f154b450de@group-2FABE92B7E5B-SegmentedRaftLog:OPENED:c-1,f-1,i0, conf=-1: [c58a0a02-acd3-47c8-b3e9-5b8e0493de45:192.168.157.254:33611, 1360619e-ba1e-4bf9-aec1-9f15b5480b27:192.168.157.254:45658, b88b3e43-5534-49b3-b3f2-a9f154b450de:192.168.157.254:46786], old=null
2019-10-21 23:47:13,055 [b88b3e43-5534-49b3-b3f2-a9f154b450de@group-2FABE92B7E5B-LeaderElection391] INFO  impl.RaftServerImpl (RaftServerImpl.java:setRole(184)) - b88b3e43-5534-49b3-b3f2-a9f154b450de@group-2FABE92B7E5B: changes role from CANDIDATE to FOLLOWER at term 420 for DISCOVERED_A_NEW_TERM
2019-10-21 23:47:13,055 [b88b3e43-5534-49b3-b3f2-a9f154b450de@group-2FABE92B7E5B-LeaderElection391] INFO  impl.RoleInfo (RoleInfo.java:shutdownLeaderElection(134)) - b88b3e43-5534-49b3-b3f2-a9f154b450de: shutdown LeaderElection
2019-10-21 23:47:13,055 [b88b3e43-5534-49b3-b3f2-a9f154b450de@group-2FABE92B7E5B-LeaderElection391] INFO  impl.RoleInfo (RoleInfo.java:updateAndGet(143)) - b88b3e43-5534-49b3-b3f2-a9f154b450de: start FollowerState
2019-10-21 23:47:13,227 [Thread-2805] INFO  impl.FollowerState (FollowerState.java:run(108)) - b88b3e43-5534-49b3-b3f2-a9f154b450de@group-2FABE92B7E5B-FollowerState: change to CANDIDATE, lastRpcTime:172ms, electionTimeout:172ms
2019-10-21 23:47:13,228 [Thread-2805] INFO  impl.RoleInfo (RoleInfo.java:shutdownFollowerState(121)) - b88b3e43-5534-49b3-b3f2-a9f154b450de: shutdown FollowerState
2019-10-21 23:47:13,228 [Thread-2805] INFO  impl.RaftServerImpl (RaftServerImpl.java:setRole(184)) - b88b3e43-5534-49b3-b3f2-a9f154b450de@group-2FABE92B7E5B: changes role from  FOLLOWER to CANDIDATE at term 420 for changeToCandidate
2019-10-21 23:47:13,228 [Thread-2805] INFO  impl.RoleInfo (RoleInfo.java:updateAndGet(143)) - b88b3e43-5534-49b3-b3f2-a9f154b450de: start LeaderElection
2019-10-21 23:47:13,254 [b88b3e43-5534-49b3-b3f2-a9f154b450de@group-2FABE92B7E5B-LeaderElection392] INFO  impl.LeaderElection (LeaderElection.java:askForVotes(178)) - b88b3e43-5534-49b3-b3f2-a9f154b450de@group-2FABE92B7E5B-LeaderElection392: begin an election at term 421 for -1: [c58a0a02-acd3-47c8-b3e9-5b8e0493de45:192.168.157.254:33611, 1360619e-ba1e-4bf9-aec1-9f15b5480b27:192.168.157.254:45658, b88b3e43-5534-49b3-b3f2-a9f154b450de:192.168.157.254:46786], old=null
2019-10-21 23:47:13,256 [grpc-default-executor-2] INFO  impl.RaftServerImpl (RaftServerImpl.java:setRole(184)) - 1360619e-ba1e-4bf9-aec1-9f15b5480b27@group-2FABE92B7E5B: changes role from  FOLLOWER to FOLLOWER at term 421 for recognizeCandidate:b88b3e43-5534-49b3-b3f2-a9f154b450de
2019-10-21 23:47:13,256 [grpc-default-executor-2] INFO  impl.RoleInfo (RoleInfo.java:shutdownFollowerState(121)) - 1360619e-ba1e-4bf9-aec1-9f15b5480b27: shutdown FollowerState
2019-10-21 23:47:13,256 [grpc-default-executor-1] INFO  impl.RaftServerImpl (RaftServerImpl.java:setRole(184)) - c58a0a02-acd3-47c8-b3e9-5b8e0493de45@group-2FABE92B7E5B: changes role from  FOLLOWER to FOLLOWER at term 421 for recognizeCandidate:b88b3e43-5534-49b3-b3f2-a9f154b450de
2019-10-21 23:47:13,256 [grpc-default-executor-1] INFO  impl.RoleInfo (RoleInfo.java:shutdownFollowerState(121)) - c58a0a02-acd3-47c8-b3e9-5b8e0493de45: shutdown FollowerState
2019-10-21 23:47:13,256 [Thread-2803] INFO  impl.FollowerState (FollowerState.java:run(117)) - 1360619e-ba1e-4bf9-aec1-9f15b5480b27@group-2FABE92B7E5B-FollowerState was interrupted: java.lang.InterruptedException: sleep interrupted
2019-10-21 23:47:13,256 [grpc-default-executor-2] INFO  impl.RoleInfo (RoleInfo.java:updateAndGet(143)) - 1360619e-ba1e-4bf9-aec1-9f15b5480b27: start FollowerState
2019-10-21 23:47:13,257 [Thread-2804] INFO  impl.FollowerState (FollowerState.java:run(117)) - c58a0a02-acd3-47c8-b3e9-5b8e0493de45@group-2FABE92B7E5B-FollowerState was interrupted: java.lang.InterruptedException: sleep interrupted
2019-10-21 23:47:13,257 [grpc-default-executor-1] INFO  impl.RoleInfo (RoleInfo.java:updateAndGet(143)) - c58a0a02-acd3-47c8-b3e9-5b8e0493de45: start FollowerState
2019-10-21 23:47:13,260 [b88b3e43-5534-49b3-b3f2-a9f154b450de@group-2FABE92B7E5B-LeaderElection392] INFO  impl.LeaderElection (LeaderElection.java:logAndReturn(56)) - b88b3e43-5534-49b3-b3f2-a9f154b450de@group-2FABE92B7E5B-LeaderElection392: Election TIMEOUT; received 0 response(s) [] and 0 exception(s); b88b3e43-5534-49b3-b3f2-a9f154b450de@group-2FABE92B7E5B:t421, leader=null, voted=b88b3e43-5534-49b3-b3f2-a9f154b450de, raftlog=b88b3e43-5534-49b3-b3f2-a9f154b450de@group-2FABE92B7E5B-SegmentedRaftLog:OPENED:c-1,f-1,i0, conf=-1: [c58a0a02-acd3-47c8-b3e9-5b8e0493de45:192.168.157.254:33611, 1360619e-ba1e-4bf9-aec1-9f15b5480b27:192.168.157.254:45658, b88b3e43-5534-49b3-b3f2-a9f154b450de:192.168.157.254:46786], old=null
2019-10-21 23:47:13,271 [b88b3e43-5534-49b3-b3f2-a9f154b450de@group-2FABE92B7E5B-LeaderElection392] INFO  impl.LeaderElection (LeaderElection.java:askForVotes(178)) - b88b3e43-5534-49b3-b3f2-a9f154b450de@group-2FABE92B7E5B-LeaderElection392: begin an election at term 422 for -1: [c58a0a02-acd3-47c8-b3e9-5b8e0493de45:192.168.157.254:33611, 1360619e-ba1e-4bf9-aec1-9f15b5480b27:192.168.157.254:45658, b88b3e43-5534-49b3-b3f2-a9f154b450de:192.168.157.254:46786], old=null
2019-10-21 23:47:13,272 [grpc-default-executor-1] INFO  impl.RaftServerImpl (RaftServerImpl.java:setRole(184)) - c58a0a02-acd3-47c8-b3e9-5b8e0493de45@group-2FABE92B7E5B: changes role from  FOLLOWER to FOLLOWER at term 422 for recognizeCandidate:b88b3e43-5534-49b3-b3f2-a9f154b450de
2019-10-21 23:47:13,272 [grpc-default-executor-1] INFO  impl.RoleInfo (RoleInfo.java:shutdownFollowerState(121)) - c58a0a02-acd3-47c8-b3e9-5b8e0493de45: shutdown FollowerState
2019-10-21 23:47:13,272 [grpc-default-executor-2] INFO  impl.RaftServerImpl (RaftServerImpl.java:setRole(184)) - 1360619e-ba1e-4bf9-aec1-9f15b5480b27@group-2FABE92B7E5B: changes role from  FOLLOWER to FOLLOWER at term 422 for recognizeCandidate:b88b3e43-5534-49b3-b3f2-a9f154b450de
2019-10-21 23:47:13,272 [Thread-2810] INFO  impl.FollowerState (FollowerState.java:run(117)) - c58a0a02-acd3-47c8-b3e9-5b8e0493de45@group-2FABE92B7E5B-FollowerState was interrupted: java.lang.InterruptedException: sleep interrupted
2019-10-21 23:47:13,272 [grpc-default-executor-1] INFO  impl.RoleInfo (RoleInfo.java:updateAndGet(143)) - c58a0a02-acd3-47c8-b3e9-5b8e0493de45: start FollowerState
2019-10-21 23:47:13,272 [grpc-default-executor-2] INFO  impl.RoleInfo (RoleInfo.java:shutdownFollowerState(121)) - 1360619e-ba1e-4bf9-aec1-9f15b5480b27: shutdown FollowerState
2019-10-21 23:47:13,273 [grpc-default-executor-2] INFO  impl.RoleInfo (RoleInfo.java:updateAndGet(143)) - 1360619e-ba1e-4bf9-aec1-9f15b5480b27: start FollowerState
2019-10-21 23:47:13,273 [Thread-2809] INFO  impl.FollowerState (FollowerState.java:run(117)) - 1360619e-ba1e-4bf9-aec1-9f15b5480b27@group-2FABE92B7E5B-FollowerState was interrupted: java.lang.InterruptedException: sleep interrupted
2019-10-21 23:47:13,287 [b88b3e43-5534-49b3-b3f2-a9f154b450de@group-2FABE92B7E5B-LeaderElection392] INFO  impl.LeaderElection (LeaderElection.java:logAndReturn(56)) - b88b3e43-5534-49b3-b3f2-a9f154b450de@group-2FABE92B7E5B-LeaderElection392: Election REJECTED; received 2 response(s) [b88b3e43-5534-49b3-b3f2-a9f154b450de<-c58a0a02-acd3-47c8-b3e9-5b8e0493de45#0:FAIL-t422, b88b3e43-5534-49b3-b3f2-a9f154b450de<-1360619e-ba1e-4bf9-aec1-9f15b5480b27#0:FAIL-t422] and 0 exception(s); b88b3e43-5534-49b3-b3f2-a9f154b450de@group-2FABE92B7E5B:t422, leader=null, voted=b88b3e43-5534-49b3-b3f2-a9f154b450de, raftlog=b88b3e43-5534-49b3-b3f2-a9f154b450de@group-2FABE92B7E5B-SegmentedRaftLog:OPENED:c-1,f-1,i0, conf=-1: [c58a0a02-acd3-47c8-b3e9-5b8e0493de45:192.168.157.254:33611, 1360619e-ba1e-4bf9-aec1-9f15b5480b27:192.168.157.254:45658, b88b3e43-5534-49b3-b3f2-a9f154b450de:192.168.157.254:46786], old=null
2019-10-21 23:47:13,287 [b88b3e43-5534-49b3-b3f2-a9f154b450de@group-2FABE92B7E5B-LeaderElection392] INFO  impl.RaftServerImpl (RaftServerImpl.java:setRole(184)) - b88b3e43-5534-49b3-b3f2-a9f154b450de@group-2FABE92B7E5B: changes role from CANDIDATE to FOLLOWER at term 422 for DISCOVERED_A_NEW_TERM
2019-10-21 23:47:13,287 [b88b3e43-5534-49b3-b3f2-a9f154b450de@group-2FABE92B7E5B-LeaderElection392] INFO  impl.RoleInfo (RoleInfo.java:shutdownLeaderElection(134)) - b88b3e43-5534-49b3-b3f2-a9f154b450de: shutdown LeaderElection
2019-10-21 23:47:13,287 [b88b3e43-5534-49b3-b3f2-a9f154b450de@group-2FABE92B7E5B-LeaderElection392] INFO  impl.RoleInfo (RoleInfo.java:updateAndGet(143)) - b88b3e43-5534-49b3-b3f2-a9f154b450de: start FollowerState
2019-10-21 23:47:13,452 [Thread-2815] INFO  impl.FollowerState (FollowerState.java:run(108)) - b88b3e43-5534-49b3-b3f2-a9f154b450de@group-2FABE92B7E5B-FollowerState: change to CANDIDATE, lastRpcTime:165ms, electionTimeout:165ms
2019-10-21 23:47:13,452 [Thread-2815] INFO  impl.RoleInfo (RoleInfo.java:shutdownFollowerState(121)) - b88b3e43-5534-49b3-b3f2-a9f154b450de: shutdown FollowerState
2019-10-21 23:47:13,452 [Thread-2815] INFO  impl.RaftServerImpl (RaftServerImpl.java:setRole(184)) - b88b3e43-5534-49b3-b3f2-a9f154b450de@group-2FABE92B7E5B: changes role from  FOLLOWER to CANDIDATE at term 422 for changeToCandidate
2019-10-21 23:47:13,453 [Thread-2815] INFO  impl.RoleInfo (RoleInfo.java:updateAndGet(143)) - b88b3e43-5534-49b3-b3f2-a9f154b450de: start LeaderElection
2019-10-21 23:47:13,464 [b88b3e43-5534-49b3-b3f2-a9f154b450de@group-2FABE92B7E5B-LeaderElection393] INFO  impl.LeaderElection (LeaderElection.java:askForVotes(178)) - b88b3e43-5534-49b3-b3f2-a9f154b450de@group-2FABE92B7E5B-LeaderElection393: begin an election at term 423 for -1: [c58a0a02-acd3-47c8-b3e9-5b8e0493de45:192.168.157.254:33611, 1360619e-ba1e-4bf9-aec1-9f15b5480b27:192.168.157.254:45658, b88b3e43-5534-49b3-b3f2-a9f154b450de:192.168.157.254:46786], old=null
2019-10-21 23:47:13,466 [grpc-default-executor-1] INFO  impl.RaftServerImpl (RaftServerImpl.java:setRole(184)) - c58a0a02-acd3-47c8-b3e9-5b8e0493de45@group-2FABE92B7E5B: changes role from  FOLLOWER to FOLLOWER at term 423 for recognizeCandidate:b88b3e43-5534-49b3-b3f2-a9f154b450de
2019-10-21 23:47:13,466 [grpc-default-executor-1] INFO  impl.RoleInfo (RoleInfo.java:shutdownFollowerState(121)) - c58a0a02-acd3-47c8-b3e9-5b8e0493de45: shutdown FollowerState
2019-10-21 23:47:13,466 [grpc-default-executor-1] INFO  impl.RoleInfo (RoleInfo.java:updateAndGet(143)) - c58a0a02-acd3-47c8-b3e9-5b8e0493de45: start FollowerState
2019-10-21 23:47:13,466 [grpc-default-executor-2] INFO  impl.RaftServerImpl (RaftServerImpl.java:setRole(184)) - 1360619e-ba1e-4bf9-aec1-9f15b5480b27@group-2FABE92B7E5B: changes role from  FOLLOWER to FOLLOWER at term 423 for recognizeCandidate:b88b3e43-5534-49b3-b3f2-a9f154b450de
2019-10-21 23:47:13,466 [Thread-2813] INFO  impl.FollowerState (FollowerState.java:run(117)) - c58a0a02-acd3-47c8-b3e9-5b8e0493de45@group-2FABE92B7E5B-FollowerState was interrupted: java.lang.InterruptedException: sleep interrupted
2019-10-21 23:47:13,466 [grpc-default-executor-2] INFO  impl.RoleInfo (RoleInfo.java:shutdownFollowerState(121)) - 1360619e-ba1e-4bf9-aec1-9f15b5480b27: shutdown FollowerState
2019-10-21 23:47:13,467 [grpc-default-executor-2] INFO  impl.RoleInfo (RoleInfo.java:updateAndGet(143)) - 1360619e-ba1e-4bf9-aec1-9f15b5480b27: start FollowerState
2019-10-21 23:47:13,467 [Thread-2814] INFO  impl.FollowerState (FollowerState.java:run(117)) - 1360619e-ba1e-4bf9-aec1-9f15b5480b27@group-2FABE92B7E5B-FollowerState was interrupted: java.lang.InterruptedException: sleep interrupted
2019-10-21 23:47:13,482 [b88b3e43-5534-49b3-b3f2-a9f154b450de@group-2FABE92B7E5B-LeaderElection393] INFO  impl.LeaderElection (LeaderElection.java:logAndReturn(56)) - b88b3e43-5534-49b3-b3f2-a9f154b450de@group-2FABE92B7E5B-LeaderElection393: Election REJECTED; received 2 response(s) [b88b3e43-5534-49b3-b3f2-a9f154b450de<-c58a0a02-acd3-47c8-b3e9-5b8e0493de45#0:FAIL-t423, b88b3e43-5534-49b3-b3f2-a9f154b450de<-1360619e-ba1e-4bf9-aec1-9f15b5480b27#0:FAIL-t423] and 0 exception(s); b88b3e43-5534-49b3-b3f2-a9f154b450de@group-2FABE92B7E5B:t423, leader=null, voted=b88b3e43-5534-49b3-b3f2-a9f154b450de, raftlog=b88b3e43-5534-49b3-b3f2-a9f154b450de@group-2FABE92B7E5B-SegmentedRaftLog:OPENED:c-1,f-1,i0, conf=-1: [c58a0a02-acd3-47c8-b3e9-5b8e0493de45:192.168.157.254:33611, 1360619e-ba1e-4bf9-aec1-9f15b5480b27:192.168.157.254:45658, b88b3e43-5534-49b3-b3f2-a9f154b450de:192.168.157.254:46786], old=null
2019-10-21 23:47:13,482 [b88b3e43-5534-49b3-b3f2-a9f154b450de@group-2FABE92B7E5B-LeaderElection393] INFO  impl.RaftServerImpl (RaftServerImpl.java:setRole(184)) - b88b3e43-5534-49b3-b3f2-a9f154b450de@group-2FABE92B7E5B: changes role from CANDIDATE to FOLLOWER at term 423 for DISCOVERED_A_NEW_TERM
2019-10-21 23:47:13,482 [b88b3e43-5534-49b3-b3f2-a9f154b450de@group-2FABE92B7E5B-LeaderElection393] INFO  impl.RoleInfo (RoleInfo.java:shutdownLeaderElection(134)) - b88b3e43-5534-49b3-b3f2-a9f154b450de: shutdown LeaderElection
2019-10-21 23:47:13,483 [b88b3e43-5534-49b3-b3f2-a9f154b450de@group-2FABE92B7E5B-LeaderElection393] INFO  impl.RoleInfo (RoleInfo.java:updateAndGet(143)) - b88b3e43-5534-49b3-b3f2-a9f154b450de: start FollowerState
2019-10-21 23:47:13,555 [Thread-2823] INFO  impl.FollowerState (FollowerState.java:run(108)) - b88b3e43-5534-49b3-b3f2-a9f154b450de@group-2FABE92B7E5B-FollowerState: change to CANDIDATE, lastRpcTime:72ms, electionTimeout:72ms
2019-10-21 23:47:13,555 [Thread-2823] INFO  impl.RoleInfo (RoleInfo.java:shutdownFollowerState(121)) - b88b3e43-5534-49b3-b3f2-a9f154b450de: shutdown FollowerState
2019-10-21 23:47:13,555 [Thread-2823] INFO  impl.RaftServerImpl (RaftServerImpl.java:setRole(184)) - b88b3e43-5534-49b3-b3f2-a9f154b450de@group-2FABE92B7E5B: changes role from  FOLLOWER to CANDIDATE at term 423 for changeToCandidate
2019-10-21 23:47:13,555 [Thread-2823] INFO  impl.RoleInfo (RoleInfo.java:updateAndGet(143)) - b88b3e43-5534-49b3-b3f2-a9f154b450de: start LeaderElection
2019-10-21 23:47:13,559 [b88b3e43-5534-49b3-b3f2-a9f154b450de@group-2FABE92B7E5B-LeaderElection394] INFO  impl.LeaderElection (LeaderElection.java:askForVotes(178)) - b88b3e43-5534-49b3-b3f2-a9f154b450de@group-2FABE92B7E5B-LeaderElection394: begin an election at term 424 for -1: [c58a0a02-acd3-47c8-b3e9-5b8e0493de45:192.168.157.254:33611, 1360619e-ba1e-4bf9-aec1-9f15b5480b27:192.168.157.254:45658, b88b3e43-5534-49b3-b3f2-a9f154b450de:192.168.157.254:46786], old=null
2019-10-21 23:47:13,561 [grpc-default-executor-1] INFO  impl.RaftServerImpl (RaftServerImpl.java:setRole(184)) - 1360619e-ba1e-4bf9-aec1-9f15b5480b27@group-2FABE92B7E5B: changes role from  FOLLOWER to FOLLOWER at term 424 for recognizeCandidate:b88b3e43-5534-49b3-b3f2-a9f154b450de
2019-10-21 23:47:13,561 [grpc-default-executor-1] INFO  impl.RoleInfo (RoleInfo.java:shutdownFollowerState(121)) - 1360619e-ba1e-4bf9-aec1-9f15b5480b27: shutdown FollowerState
2019-10-21 23:47:13,561 [grpc-default-executor-2] INFO  impl.RaftServerImpl (RaftServerImpl.java:setRole(184)) - c58a0a02-acd3-47c8-b3e9-5b8e0493de45@group-2FABE92B7E5B: changes role from  FOLLOWER to FOLLOWER at term 424 for recognizeCandidate:b88b3e43-5534-49b3-b3f2-a9f154b450de
2019-10-21 23:47:13,561 [grpc-default-executor-1] INFO  impl.RoleInfo (RoleInfo.java:updateAndGet(143)) - 1360619e-ba1e-4bf9-aec1-9f15b5480b27: start FollowerState
2019-10-21 23:47:13,561 [Thread-2822] INFO  impl.FollowerState (FollowerState.java:run(117)) - 1360619e-ba1e-4bf9-aec1-9f15b5480b27@group-2FABE92B7E5B-FollowerState was interrupted: java.lang.InterruptedException: sleep interrupted
2019-10-21 23:47:13,561 [grpc-default-executor-2] INFO  impl.RoleInfo (RoleInfo.java:shutdownFollowerState(121)) - c58a0a02-acd3-47c8-b3e9-5b8e0493de45: shutdown FollowerState
2019-10-21 23:47:13,561 [Thread-2821] INFO  impl.FollowerState (FollowerState.java:run(117)) - c58a0a02-acd3-47c8-b3e9-5b8e0493de45@group-2FABE92B7E5B-FollowerState was interrupted: java.lang.InterruptedException: sleep interrupted
2019-10-21 23:47:13,561 [grpc-default-executor-2] INFO  impl.RoleInfo (RoleInfo.java:updateAndGet(143)) - c58a0a02-acd3-47c8-b3e9-5b8e0493de45: start FollowerState
2019-10-21 23:47:13,565 [b88b3e43-5534-49b3-b3f2-a9f154b450de@group-2FABE92B7E5B-LeaderElection394] INFO  impl.LeaderElection (LeaderElection.java:logAndReturn(56)) - b88b3e43-5534-49b3-b3f2-a9f154b450de@group-2FABE92B7E5B-LeaderElection394: Election REJECTED; received 2 response(s) [b88b3e43-5534-49b3-b3f2-a9f154b450de<-c58a0a02-acd3-47c8-b3e9-5b8e0493de45#0:FAIL-t424, b88b3e43-5534-49b3-b3f2-a9f154b450de<-1360619e-ba1e-4bf9-aec1-9f15b5480b27#0:FAIL-t424] and 0 exception(s); b88b3e43-5534-49b3-b3f2-a9f154b450de@group-2FABE92B7E5B:t424, leader=null, voted=b88b3e43-5534-49b3-b3f2-a9f154b450de, raftlog=b88b3e43-5534-49b3-b3f2-a9f154b450de@group-2FABE92B7E5B-SegmentedRaftLog:OPENED:c-1,f-1,i0, conf=-1: [c58a0a02-acd3-47c8-b3e9-5b8e0493de45:192.168.157.254:33611, 1360619e-ba1e-4bf9-aec1-9f15b5480b27:192.168.157.254:45658, b88b3e43-5534-49b3-b3f2-a9f154b450de:192.168.157.254:46786], old=null
2019-10-21 23:47:13,565 [b88b3e43-5534-49b3-b3f2-a9f154b450de@group-2FABE92B7E5B-LeaderElection394] INFO  impl.RaftServerImpl (RaftServerImpl.java:setRole(184)) - b88b3e43-5534-49b3-b3f2-a9f154b450de@group-2FABE92B7E5B: changes role from CANDIDATE to FOLLOWER at term 424 for DISCOVERED_A_NEW_TERM
2019-10-21 23:47:13,565 [b88b3e43-5534-49b3-b3f2-a9f154b450de@group-2FABE92B7E5B-LeaderElection394] INFO  impl.RoleInfo (RoleInfo.java:shutdownLeaderElection(134)) - b88b3e43-5534-49b3-b3f2-a9f154b450de: shutdown LeaderElection
2019-10-21 23:47:13,566 [b88b3e43-5534-49b3-b3f2-a9f154b450de@group-2FABE92B7E5B-LeaderElection394] INFO  impl.RoleInfo (RoleInfo.java:updateAndGet(143)) - b88b3e43-5534-49b3-b3f2-a9f154b450de: start FollowerState
2019-10-21 23:47:13,658 [Thread-2829] INFO  impl.FollowerState (FollowerState.java:run(108)) - b88b3e43-5534-49b3-b3f2-a9f154b450de@group-2FABE92B7E5B-FollowerState: change to CANDIDATE, lastRpcTime:92ms, electionTimeout:92ms
2019-10-21 23:47:13,658 [Thread-2829] INFO  impl.RoleInfo (RoleInfo.java:shutdownFollowerState(121)) - b88b3e43-5534-49b3-b3f2-a9f154b450de: shutdown FollowerState
2019-10-21 23:47:13,658 [Thread-2829] INFO  impl.RaftServerImpl (RaftServerImpl.java:setRole(184)) - b88b3e43-5534-49b3-b3f2-a9f154b450de@group-2FABE92B7E5B: changes role from  FOLLOWER to CANDIDATE at term 424 for changeToCandidate
2019-10-21 23:47:13,658 [Thread-2829] INFO  impl.RoleInfo (RoleInfo.java:updateAndGet(143)) - b88b3e43-5534-49b3-b3f2-a9f154b450de: start LeaderElection
2019-10-21 23:47:13,663 [b88b3e43-5534-49b3-b3f2-a9f154b450de@group-2FABE92B7E5B-LeaderElection395] INFO  impl.LeaderElection (LeaderElection.java:askForVotes(178)) - b88b3e43-5534-49b3-b3f2-a9f154b450de@group-2FABE92B7E5B-LeaderElection395: begin an election at term 425 for -1: [c58a0a02-acd3-47c8-b3e9-5b8e0493de45:192.168.157.254:33611, 1360619e-ba1e-4bf9-aec1-9f15b5480b27:192.168.157.254:45658, b88b3e43-5534-49b3-b3f2-a9f154b450de:192.168.157.254:46786], old=null
2019-10-21 23:47:13,665 [grpc-default-executor-1] INFO  impl.RaftServerImpl (RaftServerImpl.java:setRole(184)) - c58a0a02-acd3-47c8-b3e9-5b8e0493de45@group-2FABE92B7E5B: changes role from  FOLLOWER to FOLLOWER at term 425 for recognizeCandidate:b88b3e43-5534-49b3-b3f2-a9f154b450de
2019-10-21 23:47:13,665 [grpc-default-executor-2] INFO  impl.RaftServerImpl (RaftServerImpl.java:setRole(184)) - 1360619e-ba1e-4bf9-aec1-9f15b5480b27@group-2FABE92B7E5B: changes role from  FOLLOWER to FOLLOWER at term 425 for recognizeCandidate:b88b3e43-5534-49b3-b3f2-a9f154b450de
2019-10-21 23:47:13,665 [grpc-default-executor-2] INFO  impl.RoleInfo (RoleInfo.java:shutdownFollowerState(121)) - 1360619e-ba1e-4bf9-aec1-9f15b5480b27: shutdown FollowerState
2019-10-21 23:47:13,665 [grpc-default-executor-1] INFO  impl.RoleInfo (RoleInfo.java:shutdownFollowerState(121)) - c58a0a02-acd3-47c8-b3e9-5b8e0493de45: shutdown FollowerState
2019-10-21 23:47:13,665 [Thread-2827] INFO  impl.FollowerState (FollowerState.java:run(117)) - 1360619e-ba1e-4bf9-aec1-9f15b5480b27@group-2FABE92B7E5B-FollowerState was interrupted: java.lang.InterruptedException: sleep interrupted
2019-10-21 23:47:13,665 [grpc-default-executor-2] INFO  impl.RoleInfo (RoleInfo.java:updateAndGet(143)) - 1360619e-ba1e-4bf9-aec1-9f15b5480b27: start FollowerState
2019-10-21 23:47:13,666 [Thread-2828] INFO  impl.FollowerState (FollowerState.java:run(117)) - c58a0a02-acd3-47c8-b3e9-5b8e0493de45@group-2FABE92B7E5B-FollowerState was interrupted: java.lang.InterruptedException: sleep interrupted
2019-10-21 23:47:13,666 [grpc-default-executor-1] INFO  impl.RoleInfo (RoleInfo.java:updateAndGet(143)) - c58a0a02-acd3-47c8-b3e9-5b8e0493de45: start FollowerState
2019-10-21 23:47:13,673 [b88b3e43-5534-49b3-b3f2-a9f154b450de@group-2FABE92B7E5B-LeaderElection395] INFO  impl.LeaderElection (LeaderElection.java:logAndReturn(56)) - b88b3e43-5534-49b3-b3f2-a9f154b450de@group-2FABE92B7E5B-LeaderElection395: Election REJECTED; received 2 response(s) [b88b3e43-5534-49b3-b3f2-a9f154b450de<-c58a0a02-acd3-47c8-b3e9-5b8e0493de45#0:FAIL-t425, b88b3e43-5534-49b3-b3f2-a9f154b450de<-1360619e-ba1e-4bf9-aec1-9f15b5480b27#0:FAIL-t425] and 0 exception(s); b88b3e43-5534-49b3-b3f2-a9f154b450de@group-2FABE92B7E5B:t425, leader=null, voted=b88b3e43-5534-49b3-b3f2-a9f154b450de, raftlog=b88b3e43-5534-49b3-b3f2-a9f154b450de@group-2FABE92B7E5B-SegmentedRaftLog:OPENED:c-1,f-1,i0, conf=-1: [c58a0a02-acd3-47c8-b3e9-5b8e0493de45:192.168.157.254:33611, 1360619e-ba1e-4bf9-aec1-9f15b5480b27:192.168.157.254:45658, b88b3e43-5534-49b3-b3f2-a9f154b450de:192.168.157.254:46786], old=null
2019-10-21 23:47:13,673 [b88b3e43-5534-49b3-b3f2-a9f154b450de@group-2FABE92B7E5B-LeaderElection395] INFO  impl.RaftServerImpl (RaftServerImpl.java:setRole(184)) - b88b3e43-5534-49b3-b3f2-a9f154b450de@group-2FABE92B7E5B: changes role from CANDIDATE to FOLLOWER at term 425 for DISCOVERED_A_NEW_TERM
2019-10-21 23:47:13,673 [b88b3e43-5534-49b3-b3f2-a9f154b450de@group-2FABE92B7E5B-LeaderElection395] INFO  impl.RoleInfo (RoleInfo.java:shutdownLeaderElection(134)) - b88b3e43-5534-49b3-b3f2-a9f154b450de: shutdown LeaderElection
2019-10-21 23:47:13,673 [b88b3e43-5534-49b3-b3f2-a9f154b450de@group-2FABE92B7E5B-LeaderElection395] INFO  impl.RoleInfo (RoleInfo.java:updateAndGet(143)) - b88b3e43-5534-49b3-b3f2-a9f154b450de: start FollowerState
2019-10-21 23:47:13,821 [Thread-2835] INFO  impl.FollowerState (FollowerState.java:run(108)) - b88b3e43-5534-49b3-b3f2-a9f154b450de@group-2FABE92B7E5B-FollowerState: change to CANDIDATE, lastRpcTime:148ms, electionTimeout:148ms
2019-10-21 23:47:13,822 [Thread-2835] INFO  impl.RoleInfo (RoleInfo.java:shutdownFollowerState(121)) - b88b3e43-5534-49b3-b3f2-a9f154b450de: shutdown FollowerState
2019-10-21 23:47:13,822 [Thread-2835] INFO  impl.RaftServerImpl (RaftServerImpl.java:setRole(184)) - b88b3e43-5534-49b3-b3f2-a9f154b450de@group-2FABE92B7E5B: changes role from  FOLLOWER to CANDIDATE at term 425 for changeToCandidate
2019-10-21 23:47:13,822 [Thread-2835] INFO  impl.RoleInfo (RoleInfo.java:updateAndGet(143)) - b88b3e43-5534-49b3-b3f2-a9f154b450de: start LeaderElection
2019-10-21 23:47:13,834 [b88b3e43-5534-49b3-b3f2-a9f154b450de@group-2FABE92B7E5B-LeaderElection396] INFO  impl.LeaderElection (LeaderElection.java:askForVotes(178)) - b88b3e43-5534-49b3-b3f2-a9f154b450de@group-2FABE92B7E5B-LeaderElection396: begin an election at term 426 for -1: [c58a0a02-acd3-47c8-b3e9-5b8e0493de45:192.168.157.254:33611, 1360619e-ba1e-4bf9-aec1-9f15b5480b27:192.168.157.254:45658, b88b3e43-5534-49b3-b3f2-a9f154b450de:192.168.157.254:46786], old=null
2019-10-21 23:47:13,835 [grpc-default-executor-2] INFO  impl.RaftServerImpl (RaftServerImpl.java:setRole(184)) - c58a0a02-acd3-47c8-b3e9-5b8e0493de45@group-2FABE92B7E5B: changes role from  FOLLOWER to FOLLOWER at term 426 for recognizeCandidate:b88b3e43-5534-49b3-b3f2-a9f154b450de
2019-10-21 23:47:13,836 [grpc-default-executor-2] INFO  impl.RoleInfo (RoleInfo.java:shutdownFollowerState(121)) - c58a0a02-acd3-47c8-b3e9-5b8e0493de45: shutdown FollowerState
2019-10-21 23:47:13,836 [grpc-default-executor-1] INFO  impl.RaftServerImpl (RaftServerImpl.java:setRole(184)) - 1360619e-ba1e-4bf9-aec1-9f15b5480b27@group-2FABE92B7E5B: changes role from  FOLLOWER to FOLLOWER at term 426 for recognizeCandidate:b88b3e43-5534-49b3-b3f2-a9f154b450de
2019-10-21 23:47:13,836 [Thread-2834] INFO  impl.FollowerState (FollowerState.java:run(117)) - c58a0a02-acd3-47c8-b3e9-5b8e0493de45@group-2FABE92B7E5B-FollowerState was interrupted: java.lang.InterruptedException: sleep interrupted
2019-10-21 23:47:13,836 [grpc-default-executor-2] INFO  impl.RoleInfo (RoleInfo.java:updateAndGet(143)) - c58a0a02-acd3-47c8-b3e9-5b8e0493de45: start FollowerState
2019-10-21 23:47:13,836 [grpc-default-executor-1] INFO  impl.RoleInfo (RoleInfo.java:shutdownFollowerState(121)) - 1360619e-ba1e-4bf9-aec1-9f15b5480b27: shutdown FollowerState
2019-10-21 23:47:13,836 [grpc-default-executor-1] INFO  impl.RoleInfo (RoleInfo.java:updateAndGet(143)) - 1360619e-ba1e-4bf9-aec1-9f15b5480b27: start FollowerState
2019-10-21 23:47:13,836 [Thread-2833] INFO  impl.FollowerState (FollowerState.java:run(117)) - 1360619e-ba1e-4bf9-aec1-9f15b5480b27@group-2FABE92B7E5B-FollowerState was interrupted: java.lang.InterruptedException: sleep interrupted
2019-10-21 23:47:13,842 [b88b3e43-5534-49b3-b3f2-a9f154b450de@group-2FABE92B7E5B-LeaderElection396] INFO  impl.LeaderElection (LeaderElection.java:logAndReturn(56)) - b88b3e43-5534-49b3-b3f2-a9f154b450de@group-2FABE92B7E5B-LeaderElection396: Election REJECTED; received 2 response(s) [b88b3e43-5534-49b3-b3f2-a9f154b450de<-c58a0a02-acd3-47c8-b3e9-5b8e0493de45#0:FAIL-t426, b88b3e43-5534-49b3-b3f2-a9f154b450de<-1360619e-ba1e-4bf9-aec1-9f15b5480b27#0:FAIL-t426] and 0 exception(s); b88b3e43-5534-49b3-b3f2-a9f154b450de@group-2FABE92B7E5B:t426, leader=null, voted=b88b3e43-5534-49b3-b3f2-a9f154b450de, raftlog=b88b3e43-5534-49b3-b3f2-a9f154b450de@group-2FABE92B7E5B-SegmentedRaftLog:OPENED:c-1,f-1,i0, conf=-1: [c58a0a02-acd3-47c8-b3e9-5b8e0493de45:192.168.157.254:33611, 1360619e-ba1e-4bf9-aec1-9f15b5480b27:192.168.157.254:45658, b88b3e43-5534-49b3-b3f2-a9f154b450de:192.168.157.254:46786], old=null
2019-10-21 23:47:13,842 [b88b3e43-5534-49b3-b3f2-a9f154b450de@group-2FABE92B7E5B-LeaderElection396] INFO  impl.RaftServerImpl (RaftServerImpl.java:setRole(184)) - b88b3e43-5534-49b3-b3f2-a9f154b450de@group-2FABE92B7E5B: changes role from CANDIDATE to FOLLOWER at term 426 for DISCOVERED_A_NEW_TERM
2019-10-21 23:47:13,842 [b88b3e43-5534-49b3-b3f2-a9f154b450de@group-2FABE92B7E5B-LeaderElection396] INFO  impl.RoleInfo (RoleInfo.java:shutdownLeaderElection(134)) - b88b3e43-5534-49b3-b3f2-a9f154b450de: shutdown LeaderElection
2019-10-21 23:47:13,842 [b88b3e43-5534-49b3-b3f2-a9f154b450de@group-2FABE92B7E5B-LeaderElection396] INFO  impl.RoleInfo (RoleInfo.java:updateAndGet(143)) - b88b3e43-5534-49b3-b3f2-a9f154b450de: start FollowerState
2019-10-21 23:47:13,911 [Thread-2841] INFO  impl.FollowerState (FollowerState.java:run(108)) - b88b3e43-5534-49b3-b3f2-a9f154b450de@group-2FABE92B7E5B-FollowerState: change to CANDIDATE, lastRpcTime:68ms, electionTimeout:68ms
2019-10-21 23:47:13,911 [Thread-2841] INFO  impl.RoleInfo (RoleInfo.java:shutdownFollowerState(121)) - b88b3e43-5534-49b3-b3f2-a9f154b450de: shutdown FollowerState
2019-10-21 23:47:13,911 [Thread-2841] INFO  impl.RaftServerImpl (RaftServerImpl.java:setRole(184)) - b88b3e43-5534-49b3-b3f2-a9f154b450de@group-2FABE92B7E5B: changes role from  FOLLOWER to CANDIDATE at term 426 for changeToCandidate
2019-10-21 23:47:13,911 [Thread-2841] INFO  impl.RoleInfo (RoleInfo.java:updateAndGet(143)) - b88b3e43-5534-49b3-b3f2-a9f154b450de: start LeaderElection
2019-10-21 23:47:13,924 [b88b3e43-5534-49b3-b3f2-a9f154b450de@group-2FABE92B7E5B-LeaderElection397] INFO  impl.LeaderElection (LeaderElection.java:askForVotes(178)) - b88b3e43-5534-49b3-b3f2-a9f154b450de@group-2FABE92B7E5B-LeaderElection397: begin an election at term 427 for -1: [c58a0a02-acd3-47c8-b3e9-5b8e0493de45:192.168.157.254:33611, 1360619e-ba1e-4bf9-aec1-9f15b5480b27:192.168.157.254:45658, b88b3e43-5534-49b3-b3f2-a9f154b450de:192.168.157.254:46786], old=null
2019-10-21 23:47:13,925 [grpc-default-executor-1] INFO  impl.RaftServerImpl (RaftServerImpl.java:setRole(184)) - c58a0a02-acd3-47c8-b3e9-5b8e0493de45@group-2FABE92B7E5B: changes role from  FOLLOWER to FOLLOWER at term 427 for recognizeCandidate:b88b3e43-5534-49b3-b3f2-a9f154b450de
2019-10-21 23:47:13,925 [grpc-default-executor-1] INFO  impl.RoleInfo (RoleInfo.java:shutdownFollowerState(121)) - c58a0a02-acd3-47c8-b3e9-5b8e0493de45: shutdown FollowerState
2019-10-21 23:47:13,925 [grpc-default-executor-2] INFO  impl.RaftServerImpl (RaftServerImpl.java:setRole(184)) - 1360619e-ba1e-4bf9-aec1-9f15b5480b27@group-2FABE92B7E5B: changes role from  FOLLOWER to FOLLOWER at term 427 for recognizeCandidate:b88b3e43-5534-49b3-b3f2-a9f154b450de
2019-10-21 23:47:13,926 [Thread-2839] INFO  impl.FollowerState (FollowerState.java:run(117)) - c58a0a02-acd3-47c8-b3e9-5b8e0493de45@group-2FABE92B7E5B-FollowerState was interrupted: java.lang.InterruptedException: sleep interrupted
2019-10-21 23:47:13,926 [grpc-default-executor-2] INFO  impl.RoleInfo (RoleInfo.java:shutdownFollowerState(121)) - 1360619e-ba1e-4bf9-aec1-9f15b5480b27: shutdown FollowerState
2019-10-21 23:47:13,926 [grpc-default-executor-1] INFO  impl.RoleInfo (RoleInfo.java:updateAndGet(143)) - c58a0a02-acd3-47c8-b3e9-5b8e0493de45: start FollowerState
2019-10-21 23:47:13,926 [Thread-2840] INFO  impl.FollowerState (FollowerState.java:run(117)) - 1360619e-ba1e-4bf9-aec1-9f15b5480b27@group-2FABE92B7E5B-FollowerState was interrupted: java.lang.InterruptedException: sleep interrupted
2019-10-21 23:47:13,926 [grpc-default-executor-2] INFO  impl.RoleInfo (RoleInfo.java:updateAndGet(143)) - 1360619e-ba1e-4bf9-aec1-9f15b5480b27: start FollowerState
2019-10-21 23:47:13,938 [b88b3e43-5534-49b3-b3f2-a9f154b450de@group-2FABE92B7E5B-LeaderElection397] INFO  impl.LeaderElection (LeaderElection.java:logAndReturn(56)) - b88b3e43-5534-49b3-b3f2-a9f154b450de@group-2FABE92B7E5B-LeaderElection397: Election REJECTED; received 2 response(s) [b88b3e43-5534-49b3-b3f2-a9f154b450de<-c58a0a02-acd3-47c8-b3e9-5b8e0493de45#0:FAIL-t427, b88b3e43-5534-49b3-b3f2-a9f154b450de<-1360619e-ba1e-4bf9-aec1-9f15b5480b27#0:FAIL-t427] and 0 exception(s); b88b3e43-5534-49b3-b3f2-a9f154b450de@group-2FABE92B7E5B:t427, leader=null, voted=b88b3e43-5534-49b3-b3f2-a9f154b450de, raftlog=b88b3e43-5534-49b3-b3f2-a9f154b450de@group-2FABE92B7E5B-SegmentedRaftLog:OPENED:c-1,f-1,i0, conf=-1: [c58a0a02-acd3-47c8-b3e9-5b8e0493de45:192.168.157.254:33611, 1360619e-ba1e-4bf9-aec1-9f15b5480b27:192.168.157.254:45658, b88b3e43-5534-49b3-b3f2-a9f154b450de:192.168.157.254:46786], old=null
2019-10-21 23:47:13,939 [b88b3e43-5534-49b3-b3f2-a9f154b450de@group-2FABE92B7E5B-LeaderElection397] INFO  impl.RaftServerImpl (RaftServerImpl.java:setRole(184)) - b88b3e43-5534-49b3-b3f2-a9f154b450de@group-2FABE92B7E5B: changes role from CANDIDATE to FOLLOWER at term 427 for DISCOVERED_A_NEW_TERM
2019-10-21 23:47:13,939 [b88b3e43-5534-49b3-b3f2-a9f154b450de@group-2FABE92B7E5B-LeaderElection397] INFO  impl.RoleInfo (RoleInfo.java:shutdownLeaderElection(134)) - b88b3e43-5534-49b3-b3f2-a9f154b450de: shutdown LeaderElection
2019-10-21 23:47:13,939 [b88b3e43-5534-49b3-b3f2-a9f154b450de@group-2FABE92B7E5B-LeaderElection397] INFO  impl.RoleInfo (RoleInfo.java:updateAndGet(143)) - b88b3e43-5534-49b3-b3f2-a9f154b450de: start FollowerState
2019-10-21 23:47:13,957 [Thread-2847] INFO  impl.FollowerState (FollowerState.java:run(108)) - b88b3e43-5534-49b3-b3f2-a9f154b450de@group-2FABE92B7E5B-FollowerState: change to CANDIDATE, lastRpcTime:18ms, electionTimeout:18ms
2019-10-21 23:47:13,957 [Thread-2847] INFO  impl.RoleInfo (RoleInfo.java:shutdownFollowerState(121)) - b88b3e43-5534-49b3-b3f2-a9f154b450de: shutdown FollowerState
2019-10-21 23:47:13,958 [Thread-2847] INFO  impl.RaftServerImpl (RaftServerImpl.java:setRole(184)) - b88b3e43-5534-49b3-b3f2-a9f154b450de@group-2FABE92B7E5B: changes role from  FOLLOWER to CANDIDATE at term 427 for changeToCandidate
2019-10-21 23:47:13,958 [Thread-2847] INFO  impl.RoleInfo (RoleInfo.java:updateAndGet(143)) - b88b3e43-5534-49b3-b3f2-a9f154b450de: start LeaderElection
2019-10-21 23:47:13,961 [b88b3e43-5534-49b3-b3f2-a9f154b450de@group-2FABE92B7E5B-LeaderElection398] INFO  impl.LeaderElection (LeaderElection.java:askForVotes(178)) - b88b3e43-5534-49b3-b3f2-a9f154b450de@group-2FABE92B7E5B-LeaderElection398: begin an election at term 428 for -1: [c58a0a02-acd3-47c8-b3e9-5b8e0493de45:192.168.157.254:33611, 1360619e-ba1e-4bf9-aec1-9f15b5480b27:192.168.157.254:45658, b88b3e43-5534-49b3-b3f2-a9f154b450de:192.168.157.254:46786], old=null
2019-10-21 23:47:13,963 [grpc-default-executor-1] INFO  impl.RaftServerImpl (RaftServerImpl.java:setRole(184)) - c58a0a02-acd3-47c8-b3e9-5b8e0493de45@group-2FABE92B7E5B: changes role from  FOLLOWER to FOLLOWER at term 428 for recognizeCandidate:b88b3e43-5534-49b3-b3f2-a9f154b450de
2019-10-21 23:47:13,963 [grpc-default-executor-1] INFO  impl.RoleInfo (RoleInfo.java:shutdownFollowerState(121)) - c58a0a02-acd3-47c8-b3e9-5b8e0493de45: shutdown FollowerState
2019-10-21 23:47:13,963 [grpc-default-executor-1] INFO  impl.RoleInfo (RoleInfo.java:updateAndGet(143)) - c58a0a02-acd3-47c8-b3e9-5b8e0493de45: start FollowerState
2019-10-21 23:47:13,963 [grpc-default-executor-2] INFO  impl.RaftServerImpl (RaftServerImpl.java:setRole(184)) - 1360619e-ba1e-4bf9-aec1-9f15b5480b27@group-2FABE92B7E5B: changes role from  FOLLOWER to FOLLOWER at term 428 for recognizeCandidate:b88b3e43-5534-49b3-b3f2-a9f154b450de
2019-10-21 23:47:13,963 [Thread-2845] INFO  impl.FollowerState (FollowerState.java:run(117)) - c58a0a02-acd3-47c8-b3e9-5b8e0493de45@group-2FABE92B7E5B-FollowerState was interrupted: java.lang.InterruptedException: sleep interrupted
2019-10-21 23:47:13,963 [grpc-default-executor-2] INFO  impl.RoleInfo (RoleInfo.java:shutdownFollowerState(121)) - 1360619e-ba1e-4bf9-aec1-9f15b5480b27: shutdown FollowerState
2019-10-21 23:47:13,964 [Thread-2846] INFO  impl.FollowerState (FollowerState.java:run(117)) - 1360619e-ba1e-4bf9-aec1-9f15b5480b27@group-2FABE92B7E5B-FollowerState was interrupted: java.lang.InterruptedException: sleep interrupted
2019-10-21 23:47:13,964 [grpc-default-executor-2] INFO  impl.RoleInfo (RoleInfo.java:updateAndGet(143)) - 1360619e-ba1e-4bf9-aec1-9f15b5480b27: start FollowerState
2019-10-21 23:47:13,967 [b88b3e43-5534-49b3-b3f2-a9f154b450de@group-2FABE92B7E5B-LeaderElection398] INFO  impl.LeaderElection (LeaderElection.java:logAndReturn(56)) - b88b3e43-5534-49b3-b3f2-a9f154b450de@group-2FABE92B7E5B-LeaderElection398: Election REJECTED; received 2 response(s) [b88b3e43-5534-49b3-b3f2-a9f154b450de<-c58a0a02-acd3-47c8-b3e9-5b8e0493de45#0:FAIL-t428, b88b3e43-5534-49b3-b3f2-a9f154b450de<-1360619e-ba1e-4bf9-aec1-9f15b5480b27#0:FAIL-t428] and 0 exception(s); b88b3e43-5534-49b3-b3f2-a9f154b450de@group-2FABE92B7E5B:t428, leader=null, voted=b88b3e43-5534-49b3-b3f2-a9f154b450de, raftlog=b88b3e43-5534-49b3-b3f2-a9f154b450de@group-2FABE92B7E5B-SegmentedRaftLog:OPENED:c-1,f-1,i0, conf=-1: [c58a0a02-acd3-47c8-b3e9-5b8e0493de45:192.168.157.254:33611, 1360619e-ba1e-4bf9-aec1-9f15b5480b27:192.168.157.254:45658, b88b3e43-5534-49b3-b3f2-a9f154b450de:192.168.157.254:46786], old=null
2019-10-21 23:47:13,968 [b88b3e43-5534-49b3-b3f2-a9f154b450de@group-2FABE92B7E5B-LeaderElection398] INFO  impl.RaftServerImpl (RaftServerImpl.java:setRole(184)) - b88b3e43-5534-49b3-b3f2-a9f154b450de@group-2FABE92B7E5B: changes role from CANDIDATE to FOLLOWER at term 428 for DISCOVERED_A_NEW_TERM
2019-10-21 23:47:13,968 [b88b3e43-5534-49b3-b3f2-a9f154b450de@group-2FABE92B7E5B-LeaderElection398] INFO  impl.RoleInfo (RoleInfo.java:shutdownLeaderElection(134)) - b88b3e43-5534-49b3-b3f2-a9f154b450de: shutdown LeaderElection
2019-10-21 23:47:13,968 [b88b3e43-5534-49b3-b3f2-a9f154b450de@group-2FABE92B7E5B-LeaderElection398] INFO  impl.RoleInfo (RoleInfo.java:updateAndGet(143)) - b88b3e43-5534-49b3-b3f2-a9f154b450de: start FollowerState
2019-10-21 23:47:14,165 [Thread-2853] INFO  impl.FollowerState (FollowerState.java:run(108)) - b88b3e43-5534-49b3-b3f2-a9f154b450de@group-2FABE92B7E5B-FollowerState: change to CANDIDATE, lastRpcTime:197ms, electionTimeout:197ms
2019-10-21 23:47:14,165 [Thread-2853] INFO  impl.RoleInfo (RoleInfo.java:shutdownFollowerState(121)) - b88b3e43-5534-49b3-b3f2-a9f154b450de: shutdown FollowerState
2019-10-21 23:47:14,165 [Thread-2853] INFO  impl.RaftServerImpl (RaftServerImpl.java:setRole(184)) - b88b3e43-5534-49b3-b3f2-a9f154b450de@group-2FABE92B7E5B: changes role from  FOLLOWER to CANDIDATE at term 428 for changeToCandidate
2019-10-21 23:47:14,166 [Thread-2853] INFO  impl.RoleInfo (RoleInfo.java:updateAndGet(143)) - b88b3e43-5534-49b3-b3f2-a9f154b450de: start LeaderElection
2019-10-21 23:47:14,179 [b88b3e43-5534-49b3-b3f2-a9f154b450de@group-2FABE92B7E5B-LeaderElection399] INFO  impl.LeaderElection (LeaderElection.java:askForVotes(178)) - b88b3e43-5534-49b3-b3f2-a9f154b450de@group-2FABE92B7E5B-LeaderElection399: begin an election at term 429 for -1: [c58a0a02-acd3-47c8-b3e9-5b8e0493de45:192.168.157.254:33611, 1360619e-ba1e-4bf9-aec1-9f15b5480b27:192.168.157.254:45658, b88b3e43-5534-49b3-b3f2-a9f154b450de:192.168.157.254:46786], old=null
2019-10-21 23:47:14,181 [grpc-default-executor-1] INFO  impl.RaftServerImpl (RaftServerImpl.java:setRole(184)) - c58a0a02-acd3-47c8-b3e9-5b8e0493de45@group-2FABE92B7E5B: changes role from  FOLLOWER to FOLLOWER at term 429 for recognizeCandidate:b88b3e43-5534-49b3-b3f2-a9f154b450de
2019-10-21 23:47:14,181 [grpc-default-executor-2] INFO  impl.RaftServerImpl (RaftServerImpl.java:setRole(184)) - 1360619e-ba1e-4bf9-aec1-9f15b5480b27@group-2FABE92B7E5B: changes role from  FOLLOWER to FOLLOWER at term 429 for recognizeCandidate:b88b3e43-5534-49b3-b3f2-a9f154b450de
2019-10-21 23:47:14,181 [grpc-default-executor-2] INFO  impl.RoleInfo (RoleInfo.java:shutdownFollowerState(121)) - 1360619e-ba1e-4bf9-aec1-9f15b5480b27: shutdown FollowerState
2019-10-21 23:47:14,181 [grpc-default-executor-1] INFO  impl.RoleInfo (RoleInfo.java:shutdownFollowerState(121)) - c58a0a02-acd3-47c8-b3e9-5b8e0493de45: shutdown FollowerState
2019-10-21 23:47:14,182 [Thread-2852] INFO  impl.FollowerState (FollowerState.java:run(117)) - 1360619e-ba1e-4bf9-aec1-9f15b5480b27@group-2FABE92B7E5B-FollowerState was interrupted: java.lang.InterruptedException: sleep interrupted
2019-10-21 23:47:14,182 [grpc-default-executor-2] INFO  impl.RoleInfo (RoleInfo.java:updateAndGet(143)) - 1360619e-ba1e-4bf9-aec1-9f15b5480b27: start FollowerState
2019-10-21 23:47:14,182 [grpc-default-executor-1] INFO  impl.RoleInfo (RoleInfo.java:updateAndGet(143)) - c58a0a02-acd3-47c8-b3e9-5b8e0493de45: start FollowerState
2019-10-21 23:47:14,182 [Thread-2851] INFO  impl.FollowerState (FollowerState.java:run(117)) - c58a0a02-acd3-47c8-b3e9-5b8e0493de45@group-2FABE92B7E5B-FollowerState was interrupted: java.lang.InterruptedException: sleep interrupted
2019-10-21 23:47:14,195 [b88b3e43-5534-49b3-b3f2-a9f154b450de@group-2FABE92B7E5B-LeaderElection399] INFO  impl.LeaderElection (LeaderElection.java:logAndReturn(56)) - b88b3e43-5534-49b3-b3f2-a9f154b450de@group-2FABE92B7E5B-LeaderElection399: Election REJECTED; received 2 response(s) [b88b3e43-5534-49b3-b3f2-a9f154b450de<-c58a0a02-acd3-47c8-b3e9-5b8e0493de45#0:FAIL-t429, b88b3e43-5534-49b3-b3f2-a9f154b450de<-1360619e-ba1e-4bf9-aec1-9f15b5480b27#0:FAIL-t429] and 0 exception(s); b88b3e43-5534-49b3-b3f2-a9f154b450de@group-2FABE92B7E5B:t429, leader=null, voted=b88b3e43-5534-49b3-b3f2-a9f154b450de, raftlog=b88b3e43-5534-49b3-b3f2-a9f154b450de@group-2FABE92B7E5B-SegmentedRaftLog:OPENED:c-1,f-1,i0, conf=-1: [c58a0a02-acd3-47c8-b3e9-5b8e0493de45:192.168.157.254:33611, 1360619e-ba1e-4bf9-aec1-9f15b5480b27:192.168.157.254:45658, b88b3e43-5534-49b3-b3f2-a9f154b450de:192.168.157.254:46786], old=null
2019-10-21 23:47:14,196 [b88b3e43-5534-49b3-b3f2-a9f154b450de@group-2FABE92B7E5B-LeaderElection399] INFO  impl.RaftServerImpl (RaftServerImpl.java:setRole(184)) - b88b3e43-5534-49b3-b3f2-a9f154b450de@group-2FABE92B7E5B: changes role from CANDIDATE to FOLLOWER at term 429 for DISCOVERED_A_NEW_TERM
2019-10-21 23:47:14,196 [b88b3e43-5534-49b3-b3f2-a9f154b450de@group-2FABE92B7E5B-LeaderElection399] INFO  impl.RoleInfo (RoleInfo.java:shutdownLeaderElection(134)) - b88b3e43-5534-49b3-b3f2-a9f154b450de: shutdown LeaderElection
2019-10-21 23:47:14,196 [b88b3e43-5534-49b3-b3f2-a9f154b450de@group-2FABE92B7E5B-LeaderElection399] INFO  impl.RoleInfo (RoleInfo.java:updateAndGet(143)) - b88b3e43-5534-49b3-b3f2-a9f154b450de: start FollowerState
2019-10-21 23:47:14,309 [Thread-2859] INFO  impl.FollowerState (FollowerState.java:run(108)) - b88b3e43-5534-49b3-b3f2-a9f154b450de@group-2FABE92B7E5B-FollowerState: change to CANDIDATE, lastRpcTime:113ms, electionTimeout:113ms
2019-10-21 23:47:14,309 [Thread-2859] INFO  impl.RoleInfo (RoleInfo.java:shutdownFollowerState(121)) - b88b3e43-5534-49b3-b3f2-a9f154b450de: shutdown FollowerState
2019-10-21 23:47:14,309 [Thread-2859] INFO  impl.RaftServerImpl (RaftServerImpl.java:setRole(184)) - b88b3e43-5534-49b3-b3f2-a9f154b450de@group-2FABE92B7E5B: changes role from  FOLLOWER to CANDIDATE at term 429 for changeToCandidate
2019-10-21 23:47:14,310 [Thread-2859] INFO  impl.RoleInfo (RoleInfo.java:updateAndGet(143)) - b88b3e43-5534-49b3-b3f2-a9f154b450de: start LeaderElection
2019-10-21 23:47:14,323 [b88b3e43-5534-49b3-b3f2-a9f154b450de@group-2FABE92B7E5B-LeaderElection400] INFO  impl.LeaderElection (LeaderElection.java:askForVotes(178)) - b88b3e43-5534-49b3-b3f2-a9f154b450de@group-2FABE92B7E5B-LeaderElection400: begin an election at term 430 for -1: [c58a0a02-acd3-47c8-b3e9-5b8e0493de45:192.168.157.254:33611, 1360619e-ba1e-4bf9-aec1-9f15b5480b27:192.168.157.254:45658, b88b3e43-5534-49b3-b3f2-a9f154b450de:192.168.157.254:46786], old=null
2019-10-21 23:47:14,324 [grpc-default-executor-1] INFO  impl.RaftServerImpl (RaftServerImpl.java:setRole(184)) - 1360619e-ba1e-4bf9-aec1-9f15b5480b27@group-2FABE92B7E5B: changes role from  FOLLOWER to FOLLOWER at term 430 for recognizeCandidate:b88b3e43-5534-49b3-b3f2-a9f154b450de
2019-10-21 23:47:14,324 [grpc-default-executor-1] INFO  impl.RoleInfo (RoleInfo.java:shutdownFollowerState(121)) - 1360619e-ba1e-4bf9-aec1-9f15b5480b27: shutdown FollowerState
2019-10-21 23:47:14,324 [grpc-default-executor-2] INFO  impl.RaftServerImpl (RaftServerImpl.java:setRole(184)) - c58a0a02-acd3-47c8-b3e9-5b8e0493de45@group-2FABE92B7E5B: changes role from  FOLLOWER to FOLLOWER at term 430 for recognizeCandidate:b88b3e43-5534-49b3-b3f2-a9f154b450de
2019-10-21 23:47:14,325 [grpc-default-executor-2] INFO  impl.RoleInfo (RoleInfo.java:shutdownFollowerState(121)) - c58a0a02-acd3-47c8-b3e9-5b8e0493de45: shutdown FollowerState
2019-10-21 23:47:14,324 [Thread-2857] INFO  impl.FollowerState (FollowerState.java:run(117)) - 1360619e-ba1e-4bf9-aec1-9f15b5480b27@group-2FABE92B7E5B-FollowerState was interrupted: java.lang.InterruptedException: sleep interrupted
2019-10-21 23:47:14,325 [Thread-2858] INFO  impl.FollowerState (FollowerState.java:run(117)) - c58a0a02-acd3-47c8-b3e9-5b8e0493de45@group-2FABE92B7E5B-FollowerState was interrupted: java.lang.InterruptedException: sleep interrupted
2019-10-21 23:47:14,324 [grpc-default-executor-1] INFO  impl.RoleInfo (RoleInfo.java:updateAndGet(143)) - 1360619e-ba1e-4bf9-aec1-9f15b5480b27: start FollowerState
2019-10-21 23:47:14,325 [grpc-default-executor-2] INFO  impl.RoleInfo (RoleInfo.java:updateAndGet(143)) - c58a0a02-acd3-47c8-b3e9-5b8e0493de45: start FollowerState
2019-10-21 23:47:14,339 [b88b3e43-5534-49b3-b3f2-a9f154b450de@group-2FABE92B7E5B-LeaderElection400] INFO  impl.LeaderElection (LeaderElection.java:logAndReturn(56)) - b88b3e43-5534-49b3-b3f2-a9f154b450de@group-2FABE92B7E5B-LeaderElection400: Election REJECTED; received 2 response(s) [b88b3e43-5534-49b3-b3f2-a9f154b450de<-c58a0a02-acd3-47c8-b3e9-5b8e0493de45#0:FAIL-t430, b88b3e43-5534-49b3-b3f2-a9f154b450de<-1360619e-ba1e-4bf9-aec1-9f15b5480b27#0:FAIL-t430] and 0 exception(s); b88b3e43-5534-49b3-b3f2-a9f154b450de@group-2FABE92B7E5B:t430, leader=null, voted=b88b3e43-5534-49b3-b3f2-a9f154b450de, raftlog=b88b3e43-5534-49b3-b3f2-a9f154b450de@group-2FABE92B7E5B-SegmentedRaftLog:OPENED:c-1,f-1,i0, conf=-1: [c58a0a02-acd3-47c8-b3e9-5b8e0493de45:192.168.157.254:33611, 1360619e-ba1e-4bf9-aec1-9f15b5480b27:192.168.157.254:45658, b88b3e43-5534-49b3-b3f2-a9f154b450de:192.168.157.254:46786], old=null
2019-10-21 23:47:14,339 [b88b3e43-5534-49b3-b3f2-a9f154b450de@group-2FABE92B7E5B-LeaderElection400] INFO  impl.RaftServerImpl (RaftServerImpl.java:setRole(184)) - b88b3e43-5534-49b3-b3f2-a9f154b450de@group-2FABE92B7E5B: changes role from CANDIDATE to FOLLOWER at term 430 for DISCOVERED_A_NEW_TERM
2019-10-21 23:47:14,339 [b88b3e43-5534-49b3-b3f2-a9f154b450de@group-2FABE92B7E5B-LeaderElection400] INFO  impl.RoleInfo (RoleInfo.java:shutdownLeaderElection(134)) - b88b3e43-5534-49b3-b3f2-a9f154b450de: shutdown LeaderElection
2019-10-21 23:47:14,339 [b88b3e43-5534-49b3-b3f2-a9f154b450de@group-2FABE92B7E5B-LeaderElection400] INFO  impl.RoleInfo (RoleInfo.java:updateAndGet(143)) - b88b3e43-5534-49b3-b3f2-a9f154b450de: start FollowerState
2019-10-21 23:47:14,448 [Thread-2865] INFO  impl.FollowerState (FollowerState.java:run(108)) - b88b3e43-5534-49b3-b3f2-a9f154b450de@group-2FABE92B7E5B-FollowerState: change to CANDIDATE, lastRpcTime:108ms, electionTimeout:108ms
2019-10-21 23:47:14,448 [Thread-2865] INFO  impl.RoleInfo (RoleInfo.java:shutdownFollowerState(121)) - b88b3e43-5534-49b3-b3f2-a9f154b450de: shutdown FollowerState
2019-10-21 23:47:14,448 [Thread-2865] INFO  impl.RaftServerImpl (RaftServerImpl.java:setRole(184)) - b88b3e43-5534-49b3-b3f2-a9f154b450de@group-2FABE92B7E5B: changes role from  FOLLOWER to CANDIDATE at term 430 for changeToCandidate
2019-10-21 23:47:14,448 [Thread-2865] INFO  impl.RoleInfo (RoleInfo.java:updateAndGet(143)) - b88b3e43-5534-49b3-b3f2-a9f154b450de: start LeaderElection
2019-10-21 23:47:14,461 [b88b3e43-5534-49b3-b3f2-a9f154b450de@group-2FABE92B7E5B-LeaderElection401] INFO  impl.LeaderElection (LeaderElection.java:askForVotes(178)) - b88b3e43-5534-49b3-b3f2-a9f154b450de@group-2FABE92B7E5B-LeaderElection401: begin an election at term 431 for -1: [c58a0a02-acd3-47c8-b3e9-5b8e0493de45:192.168.157.254:33611, 1360619e-ba1e-4bf9-aec1-9f15b5480b27:192.168.157.254:45658, b88b3e43-5534-49b3-b3f2-a9f154b450de:192.168.157.254:46786], old=null
2019-10-21 23:47:14,462 [grpc-default-executor-2] INFO  impl.RaftServerImpl (RaftServerImpl.java:setRole(184)) - c58a0a02-acd3-47c8-b3e9-5b8e0493de45@group-2FABE92B7E5B: changes role from  FOLLOWER to FOLLOWER at term 431 for recognizeCandidate:b88b3e43-5534-49b3-b3f2-a9f154b450de
2019-10-21 23:47:14,463 [grpc-default-executor-1] INFO  impl.RaftServerImpl (RaftServerImpl.java:setRole(184)) - 1360619e-ba1e-4bf9-aec1-9f15b5480b27@group-2FABE92B7E5B: changes role from  FOLLOWER to FOLLOWER at term 431 for recognizeCandidate:b88b3e43-5534-49b3-b3f2-a9f154b450de
2019-10-21 23:47:14,463 [grpc-default-executor-1] INFO  impl.RoleInfo (RoleInfo.java:shutdownFollowerState(121)) - 1360619e-ba1e-4bf9-aec1-9f15b5480b27: shutdown FollowerState
2019-10-21 23:47:14,463 [grpc-default-executor-2] INFO  impl.RoleInfo (RoleInfo.java:shutdownFollowerState(121)) - c58a0a02-acd3-47c8-b3e9-5b8e0493de45: shutdown FollowerState
2019-10-21 23:47:14,463 [Thread-2863] INFO  impl.FollowerState (FollowerState.java:run(117)) - 1360619e-ba1e-4bf9-aec1-9f15b5480b27@group-2FABE92B7E5B-FollowerState was interrupted: java.lang.InterruptedException: sleep interrupted
2019-10-21 23:47:14,463 [grpc-default-executor-1] INFO  impl.RoleInfo (RoleInfo.java:updateAndGet(143)) - 1360619e-ba1e-4bf9-aec1-9f15b5480b27: start FollowerState
2019-10-21 23:47:14,463 [Thread-2864] INFO  impl.FollowerState (FollowerState.java:run(117)) - c58a0a02-acd3-47c8-b3e9-5b8e0493de45@group-2FABE92B7E5B-FollowerState was interrupted: java.lang.InterruptedException: sleep interrupted
2019-10-21 23:47:14,463 [grpc-default-executor-2] INFO  impl.RoleInfo (RoleInfo.java:updateAndGet(143)) - c58a0a02-acd3-47c8-b3e9-5b8e0493de45: start FollowerState
2019-10-21 23:47:14,477 [b88b3e43-5534-49b3-b3f2-a9f154b450de@group-2FABE92B7E5B-LeaderElection401] INFO  impl.LeaderElection (LeaderElection.java:logAndReturn(56)) - b88b3e43-5534-49b3-b3f2-a9f154b450de@group-2FABE92B7E5B-LeaderElection401: Election REJECTED; received 2 response(s) [b88b3e43-5534-49b3-b3f2-a9f154b450de<-c58a0a02-acd3-47c8-b3e9-5b8e0493de45#0:FAIL-t431, b88b3e43-5534-49b3-b3f2-a9f154b450de<-1360619e-ba1e-4bf9-aec1-9f15b5480b27#0:FAIL-t431] and 0 exception(s); b88b3e43-5534-49b3-b3f2-a9f154b450de@group-2FABE92B7E5B:t431, leader=null, voted=b88b3e43-5534-49b3-b3f2-a9f154b450de, raftlog=b88b3e43-5534-49b3-b3f2-a9f154b450de@group-2FABE92B7E5B-SegmentedRaftLog:OPENED:c-1,f-1,i0, conf=-1: [c58a0a02-acd3-47c8-b3e9-5b8e0493de45:192.168.157.254:33611, 1360619e-ba1e-4bf9-aec1-9f15b5480b27:192.168.157.254:45658, b88b3e43-5534-49b3-b3f2-a9f154b450de:192.168.157.254:46786], old=null
2019-10-21 23:47:14,478 [b88b3e43-5534-49b3-b3f2-a9f154b450de@group-2FABE92B7E5B-LeaderElection401] INFO  impl.RaftServerImpl (RaftServerImpl.java:setRole(184)) - b88b3e43-5534-49b3-b3f2-a9f154b450de@group-2FABE92B7E5B: changes role from CANDIDATE to FOLLOWER at term 431 for DISCOVERED_A_NEW_TERM
2019-10-21 23:47:14,478 [b88b3e43-5534-49b3-b3f2-a9f154b450de@group-2FABE92B7E5B-LeaderElection401] INFO  impl.RoleInfo (RoleInfo.java:shutdownLeaderElection(134)) - b88b3e43-5534-49b3-b3f2-a9f154b450de: shutdown LeaderElection
2019-10-21 23:47:14,478 [b88b3e43-5534-49b3-b3f2-a9f154b450de@group-2FABE92B7E5B-LeaderElection401] INFO  impl.RoleInfo (RoleInfo.java:updateAndGet(143)) - b88b3e43-5534-49b3-b3f2-a9f154b450de: start FollowerState
2019-10-21 23:47:14,575 [Thread-2873] INFO  impl.FollowerState (FollowerState.java:run(108)) - b88b3e43-5534-49b3-b3f2-a9f154b450de@group-2FABE92B7E5B-FollowerState: change to CANDIDATE, lastRpcTime:97ms, electionTimeout:97ms
2019-10-21 23:47:14,575 [Thread-2873] INFO  impl.RoleInfo (RoleInfo.java:shutdownFollowerState(121)) - b88b3e43-5534-49b3-b3f2-a9f154b450de: shutdown FollowerState
2019-10-21 23:47:14,575 [Thread-2873] INFO  impl.RaftServerImpl (RaftServerImpl.java:setRole(184)) - b88b3e43-5534-49b3-b3f2-a9f154b450de@group-2FABE92B7E5B: changes role from  FOLLOWER to CANDIDATE at term 431 for changeToCandidate
2019-10-21 23:47:14,576 [Thread-2873] INFO  impl.RoleInfo (RoleInfo.java:updateAndGet(143)) - b88b3e43-5534-49b3-b3f2-a9f154b450de: start LeaderElection
2019-10-21 23:47:14,589 [b88b3e43-5534-49b3-b3f2-a9f154b450de@group-2FABE92B7E5B-LeaderElection402] INFO  impl.LeaderElection (LeaderElection.java:askForVotes(178)) - b88b3e43-5534-49b3-b3f2-a9f154b450de@group-2FABE92B7E5B-LeaderElection402: begin an election at term 432 for -1: [c58a0a02-acd3-47c8-b3e9-5b8e0493de45:192.168.157.254:33611, 1360619e-ba1e-4bf9-aec1-9f15b5480b27:192.168.157.254:45658, b88b3e43-5534-49b3-b3f2-a9f154b450de:192.168.157.254:46786], old=null
2019-10-21 23:47:14,591 [b88b3e43-5534-49b3-b3f2-a9f154b450de@group-2FABE92B7E5B-LeaderElection402] INFO  impl.LeaderElection (LeaderElection.java:logAndReturn(56)) - b88b3e43-5534-49b3-b3f2-a9f154b450de@group-2FABE92B7E5B-LeaderElection402: Election TIMEOUT; received 0 response(s) [] and 0 exception(s); b88b3e43-5534-49b3-b3f2-a9f154b450de@group-2FABE92B7E5B:t432, leader=null, voted=b88b3e43-5534-49b3-b3f2-a9f154b450de, raftlog=b88b3e43-5534-49b3-b3f2-a9f154b450de@group-2FABE92B7E5B-SegmentedRaftLog:OPENED:c-1,f-1,i0, conf=-1: [c58a0a02-acd3-47c8-b3e9-5b8e0493de45:192.168.157.254:33611, 1360619e-ba1e-4bf9-aec1-9f15b5480b27:192.168.157.254:45658, b88b3e43-5534-49b3-b3f2-a9f154b450de:192.168.157.254:46786], old=null
2019-10-21 23:47:14,591 [grpc-default-executor-2] INFO  impl.RaftServerImpl (RaftServerImpl.java:setRole(184)) - c58a0a02-acd3-47c8-b3e9-5b8e0493de45@group-2FABE92B7E5B: changes role from  FOLLOWER to FOLLOWER at term 432 for recognizeCandidate:b88b3e43-5534-49b3-b3f2-a9f154b450de
2019-10-21 23:47:14,591 [grpc-default-executor-1] INFO  impl.RaftServerImpl (RaftServerImpl.java:setRole(184)) - 1360619e-ba1e-4bf9-aec1-9f15b5480b27@group-2FABE92B7E5B: changes role from  FOLLOWER to FOLLOWER at term 432 for recognizeCandidate:b88b3e43-5534-49b3-b3f2-a9f154b450de
2019-10-21 23:47:14,591 [grpc-default-executor-1] INFO  impl.RoleInfo (RoleInfo.java:shutdownFollowerState(121)) - 1360619e-ba1e-4bf9-aec1-9f15b5480b27: shutdown FollowerState
2019-10-21 23:47:14,591 [grpc-default-executor-2] INFO  impl.RoleInfo (RoleInfo.java:shutdownFollowerState(121)) - c58a0a02-acd3-47c8-b3e9-5b8e0493de45: shutdown FollowerState
2019-10-21 23:47:14,591 [grpc-default-executor-1] INFO  impl.RoleInfo (RoleInfo.java:updateAndGet(143)) - 1360619e-ba1e-4bf9-aec1-9f15b5480b27: start FollowerState
2019-10-21 23:47:14,591 [Thread-2871] INFO  impl.FollowerState (FollowerState.java:run(117)) - 1360619e-ba1e-4bf9-aec1-9f15b5480b27@group-2FABE92B7E5B-FollowerState was interrupted: java.lang.InterruptedException: sleep interrupted
2019-10-21 23:47:14,592 [Thread-2872] INFO  impl.FollowerState (FollowerState.java:run(117)) - c58a0a02-acd3-47c8-b3e9-5b8e0493de45@group-2FABE92B7E5B-FollowerState was interrupted: java.lang.InterruptedException: sleep interrupted
2019-10-21 23:47:14,591 [grpc-default-executor-2] INFO  impl.RoleInfo (RoleInfo.java:updateAndGet(143)) - c58a0a02-acd3-47c8-b3e9-5b8e0493de45: start FollowerState
2019-10-21 23:47:14,603 [b88b3e43-5534-49b3-b3f2-a9f154b450de@group-2FABE92B7E5B-LeaderElection402] INFO  impl.LeaderElection (LeaderElection.java:askForVotes(178)) - b88b3e43-5534-49b3-b3f2-a9f154b450de@group-2FABE92B7E5B-LeaderElection402: begin an election at term 433 for -1: [c58a0a02-acd3-47c8-b3e9-5b8e0493de45:192.168.157.254:33611, 1360619e-ba1e-4bf9-aec1-9f15b5480b27:192.168.157.254:45658, b88b3e43-5534-49b3-b3f2-a9f154b450de:192.168.157.254:46786], old=null
2019-10-21 23:47:14,604 [grpc-default-executor-2] INFO  impl.RaftServerImpl (RaftServerImpl.java:setRole(184)) - 1360619e-ba1e-4bf9-aec1-9f15b5480b27@group-2FABE92B7E5B: changes role from  FOLLOWER to FOLLOWER at term 433 for recognizeCandidate:b88b3e43-5534-49b3-b3f2-a9f154b450de
2019-10-21 23:47:14,605 [grpc-default-executor-2] INFO  impl.RoleInfo (RoleInfo.java:shutdownFollowerState(121)) - 1360619e-ba1e-4bf9-aec1-9f15b5480b27: shutdown FollowerState
2019-10-21 23:47:14,605 [grpc-default-executor-1] INFO  impl.RaftServerImpl (RaftServerImpl.java:setRole(184)) - c58a0a02-acd3-47c8-b3e9-5b8e0493de45@group-2FABE92B7E5B: changes role from  FOLLOWER to FOLLOWER at term 433 for recognizeCandidate:b88b3e43-5534-49b3-b3f2-a9f154b450de
2019-10-21 23:47:14,605 [Thread-2877] INFO  impl.FollowerState (FollowerState.java:run(117)) - 1360619e-ba1e-4bf9-aec1-9f15b5480b27@group-2FABE92B7E5B-FollowerState was interrupted: java.lang.InterruptedException: sleep interrupted
2019-10-21 23:47:14,605 [grpc-default-executor-2] INFO  impl.RoleInfo (RoleInfo.java:updateAndGet(143)) - 1360619e-ba1e-4bf9-aec1-9f15b5480b27: start FollowerState
2019-10-21 23:47:14,605 [grpc-default-executor-1] INFO  impl.RoleInfo (RoleInfo.java:shutdownFollowerState(121)) - c58a0a02-acd3-47c8-b3e9-5b8e0493de45: shutdown FollowerState
2019-10-21 23:47:14,605 [grpc-default-executor-1] INFO  impl.RoleInfo (RoleInfo.java:updateAndGet(143)) - c58a0a02-acd3-47c8-b3e9-5b8e0493de45: start FollowerState
2019-10-21 23:47:14,605 [Thread-2878] INFO  impl.FollowerState (FollowerState.java:run(117)) - c58a0a02-acd3-47c8-b3e9-5b8e0493de45@group-2FABE92B7E5B-FollowerState was interrupted: java.lang.InterruptedException: sleep interrupted
2019-10-21 23:47:14,618 [b88b3e43-5534-49b3-b3f2-a9f154b450de@group-2FABE92B7E5B-LeaderElection402] INFO  impl.LeaderElection (LeaderElection.java:logAndReturn(56)) - b88b3e43-5534-49b3-b3f2-a9f154b450de@group-2FABE92B7E5B-LeaderElection402: Election REJECTED; received 2 response(s) [b88b3e43-5534-49b3-b3f2-a9f154b450de<-c58a0a02-acd3-47c8-b3e9-5b8e0493de45#0:FAIL-t433, b88b3e43-5534-49b3-b3f2-a9f154b450de<-1360619e-ba1e-4bf9-aec1-9f15b5480b27#0:FAIL-t433] and 0 exception(s); b88b3e43-5534-49b3-b3f2-a9f154b450de@group-2FABE92B7E5B:t433, leader=null, voted=b88b3e43-5534-49b3-b3f2-a9f154b450de, raftlog=b88b3e43-5534-49b3-b3f2-a9f154b450de@group-2FABE92B7E5B-SegmentedRaftLog:OPENED:c-1,f-1,i0, conf=-1: [c58a0a02-acd3-47c8-b3e9-5b8e0493de45:192.168.157.254:33611, 1360619e-ba1e-4bf9-aec1-9f15b5480b27:192.168.157.254:45658, b88b3e43-5534-49b3-b3f2-a9f154b450de:192.168.157.254:46786], old=null
2019-10-21 23:47:14,618 [b88b3e43-5534-49b3-b3f2-a9f154b450de@group-2FABE92B7E5B-LeaderElection402] INFO  impl.RaftServerImpl (RaftServerImpl.java:setRole(184)) - b88b3e43-5534-49b3-b3f2-a9f154b450de@group-2FABE92B7E5B: changes role from CANDIDATE to FOLLOWER at term 433 for DISCOVERED_A_NEW_TERM
2019-10-21 23:47:14,618 [b88b3e43-5534-49b3-b3f2-a9f154b450de@group-2FABE92B7E5B-LeaderElection402] INFO  impl.RoleInfo (RoleInfo.java:shutdownLeaderElection(134)) - b88b3e43-5534-49b3-b3f2-a9f154b450de: shutdown LeaderElection
2019-10-21 23:47:14,618 [b88b3e43-5534-49b3-b3f2-a9f154b450de@group-2FABE92B7E5B-LeaderElection402] INFO  impl.RoleInfo (RoleInfo.java:updateAndGet(143)) - b88b3e43-5534-49b3-b3f2-a9f154b450de: start FollowerState
2019-10-21 23:47:14,783 [Thread-2883] INFO  impl.FollowerState (FollowerState.java:run(108)) - b88b3e43-5534-49b3-b3f2-a9f154b450de@group-2FABE92B7E5B-FollowerState: change to CANDIDATE, lastRpcTime:164ms, electionTimeout:164ms
2019-10-21 23:47:14,783 [Thread-2883] INFO  impl.RoleInfo (RoleInfo.java:shutdownFollowerState(121)) - b88b3e43-5534-49b3-b3f2-a9f154b450de: shutdown FollowerState
2019-10-21 23:47:14,783 [Thread-2883] INFO  impl.RaftServerImpl (RaftServerImpl.java:setRole(184)) - b88b3e43-5534-49b3-b3f2-a9f154b450de@group-2FABE92B7E5B: changes role from  FOLLOWER to CANDIDATE at term 433 for changeToCandidate
2019-10-21 23:47:14,783 [Thread-2883] INFO  impl.RoleInfo (RoleInfo.java:updateAndGet(143)) - b88b3e43-5534-49b3-b3f2-a9f154b450de: start LeaderElection
2019-10-21 23:47:14,796 [b88b3e43-5534-49b3-b3f2-a9f154b450de@group-2FABE92B7E5B-LeaderElection403] INFO  impl.LeaderElection (LeaderElection.java:askForVotes(178)) - b88b3e43-5534-49b3-b3f2-a9f154b450de@group-2FABE92B7E5B-LeaderElection403: begin an election at term 434 for -1: [c58a0a02-acd3-47c8-b3e9-5b8e0493de45:192.168.157.254:33611, 1360619e-ba1e-4bf9-aec1-9f15b5480b27:192.168.157.254:45658, b88b3e43-5534-49b3-b3f2-a9f154b450de:192.168.157.254:46786], old=null
2019-10-21 23:47:14,797 [grpc-default-executor-2] INFO  impl.RaftServerImpl (RaftServerImpl.java:setRole(184)) - c58a0a02-acd3-47c8-b3e9-5b8e0493de45@group-2FABE92B7E5B: changes role from  FOLLOWER to FOLLOWER at term 434 for recognizeCandidate:b88b3e43-5534-49b3-b3f2-a9f154b450de
2019-10-21 23:47:14,798 [grpc-default-executor-2] INFO  impl.RoleInfo (RoleInfo.java:shutdownFollowerState(121)) - c58a0a02-acd3-47c8-b3e9-5b8e0493de45: shutdown FollowerState
2019-10-21 23:47:14,798 [grpc-default-executor-2] INFO  impl.RoleInfo (RoleInfo.java:updateAndGet(143)) - c58a0a02-acd3-47c8-b3e9-5b8e0493de45: start FollowerState
2019-10-21 23:47:14,798 [grpc-default-executor-1] INFO  impl.RaftServerImpl (RaftServerImpl.java:setRole(184)) - 1360619e-ba1e-4bf9-aec1-9f15b5480b27@group-2FABE92B7E5B: changes role from  FOLLOWER to FOLLOWER at term 434 for recognizeCandidate:b88b3e43-5534-49b3-b3f2-a9f154b450de
2019-10-21 23:47:14,798 [grpc-default-executor-1] INFO  impl.RoleInfo (RoleInfo.java:shutdownFollowerState(121)) - 1360619e-ba1e-4bf9-aec1-9f15b5480b27: shutdown FollowerState
2019-10-21 23:47:14,798 [Thread-2882] INFO  impl.FollowerState (FollowerState.java:run(117)) - c58a0a02-acd3-47c8-b3e9-5b8e0493de45@group-2FABE92B7E5B-FollowerState was interrupted: java.lang.InterruptedException: sleep interrupted
2019-10-21 23:47:14,798 [Thread-2881] INFO  impl.FollowerState (FollowerState.java:run(117)) - 1360619e-ba1e-4bf9-aec1-9f15b5480b27@group-2FABE92B7E5B-FollowerState was interrupted: java.lang.InterruptedException: sleep interrupted
2019-10-21 23:47:14,798 [grpc-default-executor-1] INFO  impl.RoleInfo (RoleInfo.java:updateAndGet(143)) - 1360619e-ba1e-4bf9-aec1-9f15b5480b27: start FollowerState
2019-10-21 23:47:14,812 [b88b3e43-5534-49b3-b3f2-a9f154b450de@group-2FABE92B7E5B-LeaderElection403] INFO  impl.LeaderElection (LeaderElection.java:logAndReturn(56)) - b88b3e43-5534-49b3-b3f2-a9f154b450de@group-2FABE92B7E5B-LeaderElection403: Election REJECTED; received 2 response(s) [b88b3e43-5534-49b3-b3f2-a9f154b450de<-c58a0a02-acd3-47c8-b3e9-5b8e0493de45#0:FAIL-t434, b88b3e43-5534-49b3-b3f2-a9f154b450de<-1360619e-ba1e-4bf9-aec1-9f15b5480b27#0:FAIL-t434] and 0 exception(s); b88b3e43-5534-49b3-b3f2-a9f154b450de@group-2FABE92B7E5B:t434, leader=null, voted=b88b3e43-5534-49b3-b3f2-a9f154b450de, raftlog=b88b3e43-5534-49b3-b3f2-a9f154b450de@group-2FABE92B7E5B-SegmentedRaftLog:OPENED:c-1,f-1,i0, conf=-1: [c58a0a02-acd3-47c8-b3e9-5b8e0493de45:192.168.157.254:33611, 1360619e-ba1e-4bf9-aec1-9f15b5480b27:192.168.157.254:45658, b88b3e43-5534-49b3-b3f2-a9f154b450de:192.168.157.254:46786], old=null
2019-10-21 23:47:14,812 [b88b3e43-5534-49b3-b3f2-a9f154b450de@group-2FABE92B7E5B-LeaderElection403] INFO  impl.RaftServerImpl (RaftServerImpl.java:setRole(184)) - b88b3e43-5534-49b3-b3f2-a9f154b450de@group-2FABE92B7E5B: changes role from CANDIDATE to FOLLOWER at term 434 for DISCOVERED_A_NEW_TERM
2019-10-21 23:47:14,812 [b88b3e43-5534-49b3-b3f2-a9f154b450de@group-2FABE92B7E5B-LeaderElection403] INFO  impl.RoleInfo (RoleInfo.java:shutdownLeaderElection(134)) - b88b3e43-5534-49b3-b3f2-a9f154b450de: shutdown LeaderElection
2019-10-21 23:47:14,813 [b88b3e43-5534-49b3-b3f2-a9f154b450de@group-2FABE92B7E5B-LeaderElection403] INFO  impl.RoleInfo (RoleInfo.java:updateAndGet(143)) - b88b3e43-5534-49b3-b3f2-a9f154b450de: start FollowerState
2019-10-21 23:47:14,937 [Thread-2889] INFO  impl.FollowerState (FollowerState.java:run(108)) - b88b3e43-5534-49b3-b3f2-a9f154b450de@group-2FABE92B7E5B-FollowerState: change to CANDIDATE, lastRpcTime:124ms, electionTimeout:124ms
2019-10-21 23:47:14,937 [Thread-2889] INFO  impl.RoleInfo (RoleInfo.java:shutdownFollowerState(121)) - b88b3e43-5534-49b3-b3f2-a9f154b450de: shutdown FollowerState
2019-10-21 23:47:14,937 [Thread-2889] INFO  impl.RaftServerImpl (RaftServerImpl.java:setRole(184)) - b88b3e43-5534-49b3-b3f2-a9f154b450de@group-2FABE92B7E5B: changes role from  FOLLOWER to CANDIDATE at term 434 for changeToCandidate
2019-10-21 23:47:14,938 [Thread-2889] INFO  impl.RoleInfo (RoleInfo.java:updateAndGet(143)) - b88b3e43-5534-49b3-b3f2-a9f154b450de: start LeaderElection
2019-10-21 23:47:14,951 [b88b3e43-5534-49b3-b3f2-a9f154b450de@group-2FABE92B7E5B-LeaderElection404] INFO  impl.LeaderElection (LeaderElection.java:askForVotes(178)) - b88b3e43-5534-49b3-b3f2-a9f154b450de@group-2FABE92B7E5B-LeaderElection404: begin an election at term 435 for -1: [c58a0a02-acd3-47c8-b3e9-5b8e0493de45:192.168.157.254:33611, 1360619e-ba1e-4bf9-aec1-9f15b5480b27:192.168.157.254:45658, b88b3e43-5534-49b3-b3f2-a9f154b450de:192.168.157.254:46786], old=null
2019-10-21 23:47:14,952 [grpc-default-executor-1] INFO  impl.RaftServerImpl (RaftServerImpl.java:setRole(184)) - c58a0a02-acd3-47c8-b3e9-5b8e0493de45@group-2FABE92B7E5B: changes role from  FOLLOWER to FOLLOWER at term 435 for recognizeCandidate:b88b3e43-5534-49b3-b3f2-a9f154b450de
2019-10-21 23:47:14,952 [grpc-default-executor-2] INFO  impl.RaftServerImpl (RaftServerImpl.java:setRole(184)) - 1360619e-ba1e-4bf9-aec1-9f15b5480b27@group-2FABE92B7E5B: changes role from  FOLLOWER to FOLLOWER at term 435 for recognizeCandidate:b88b3e43-5534-49b3-b3f2-a9f154b450de
2019-10-21 23:47:14,952 [grpc-default-executor-1] INFO  impl.RoleInfo (RoleInfo.java:shutdownFollowerState(121)) - c58a0a02-acd3-47c8-b3e9-5b8e0493de45: shutdown FollowerState
2019-10-21 23:47:14,953 [grpc-default-executor-2] INFO  impl.RoleInfo (RoleInfo.java:shutdownFollowerState(121)) - 1360619e-ba1e-4bf9-aec1-9f15b5480b27: shutdown FollowerState
2019-10-21 23:47:14,953 [grpc-default-executor-1] INFO  impl.RoleInfo (RoleInfo.java:updateAndGet(143)) - c58a0a02-acd3-47c8-b3e9-5b8e0493de45: start FollowerState
2019-10-21 23:47:14,953 [Thread-2888] INFO  impl.FollowerState (FollowerState.java:run(117)) - 1360619e-ba1e-4bf9-aec1-9f15b5480b27@group-2FABE92B7E5B-FollowerState was interrupted: java.lang.InterruptedException: sleep interrupted
2019-10-21 23:47:14,953 [grpc-default-executor-2] INFO  impl.RoleInfo (RoleInfo.java:updateAndGet(143)) - 1360619e-ba1e-4bf9-aec1-9f15b5480b27: start FollowerState
2019-10-21 23:47:14,953 [Thread-2887] INFO  impl.FollowerState (FollowerState.java:run(117)) - c58a0a02-acd3-47c8-b3e9-5b8e0493de45@group-2FABE92B7E5B-FollowerState was interrupted: java.lang.InterruptedException: sleep interrupted
2019-10-21 23:47:14,967 [b88b3e43-5534-49b3-b3f2-a9f154b450de@group-2FABE92B7E5B-LeaderElection404] INFO  impl.LeaderElection (LeaderElection.java:logAndReturn(56)) - b88b3e43-5534-49b3-b3f2-a9f154b450de@group-2FABE92B7E5B-LeaderElection404: Election REJECTED; received 2 response(s) [b88b3e43-5534-49b3-b3f2-a9f154b450de<-c58a0a02-acd3-47c8-b3e9-5b8e0493de45#0:FAIL-t435, b88b3e43-5534-49b3-b3f2-a9f154b450de<-1360619e-ba1e-4bf9-aec1-9f15b5480b27#0:FAIL-t435] and 0 exception(s); b88b3e43-5534-49b3-b3f2-a9f154b450de@group-2FABE92B7E5B:t435, leader=null, voted=b88b3e43-5534-49b3-b3f2-a9f154b450de, raftlog=b88b3e43-5534-49b3-b3f2-a9f154b450de@group-2FABE92B7E5B-SegmentedRaftLog:OPENED:c-1,f-1,i0, conf=-1: [c58a0a02-acd3-47c8-b3e9-5b8e0493de45:192.168.157.254:33611, 1360619e-ba1e-4bf9-aec1-9f15b5480b27:192.168.157.254:45658, b88b3e43-5534-49b3-b3f2-a9f154b450de:192.168.157.254:46786], old=null
2019-10-21 23:47:14,967 [b88b3e43-5534-49b3-b3f2-a9f154b450de@group-2FABE92B7E5B-LeaderElection404] INFO  impl.RaftServerImpl (RaftServerImpl.java:setRole(184)) - b88b3e43-5534-49b3-b3f2-a9f154b450de@group-2FABE92B7E5B: changes role from CANDIDATE to FOLLOWER at term 435 for DISCOVERED_A_NEW_TERM
2019-10-21 23:47:14,967 [b88b3e43-5534-49b3-b3f2-a9f154b450de@group-2FABE92B7E5B-LeaderElection404] INFO  impl.RoleInfo (RoleInfo.java:shutdownLeaderElection(134)) - b88b3e43-5534-49b3-b3f2-a9f154b450de: shutdown LeaderElection
2019-10-21 23:47:14,967 [b88b3e43-5534-49b3-b3f2-a9f154b450de@group-2FABE92B7E5B-LeaderElection404] INFO  impl.RoleInfo (RoleInfo.java:updateAndGet(143)) - b88b3e43-5534-49b3-b3f2-a9f154b450de: start FollowerState
2019-10-21 23:47:15,093 [Thread-2895] INFO  impl.FollowerState (FollowerState.java:run(108)) - b88b3e43-5534-49b3-b3f2-a9f154b450de@group-2FABE92B7E5B-FollowerState: change to CANDIDATE, lastRpcTime:125ms, electionTimeout:125ms
2019-10-21 23:47:15,093 [Thread-2895] INFO  impl.RoleInfo (RoleInfo.java:shutdownFollowerState(121)) - b88b3e43-5534-49b3-b3f2-a9f154b450de: shutdown FollowerState
2019-10-21 23:47:15,093 [Thread-2895] INFO  impl.RaftServerImpl (RaftServerImpl.java:setRole(184)) - b88b3e43-5534-49b3-b3f2-a9f154b450de@group-2FABE92B7E5B: changes role from  FOLLOWER to CANDIDATE at term 435 for changeToCandidate
2019-10-21 23:47:15,093 [Thread-2895] INFO  impl.RoleInfo (RoleInfo.java:updateAndGet(143)) - b88b3e43-5534-49b3-b3f2-a9f154b450de: start LeaderElection
2019-10-21 23:47:15,106 [b88b3e43-5534-49b3-b3f2-a9f154b450de@group-2FABE92B7E5B-LeaderElection405] INFO  impl.LeaderElection (LeaderElection.java:askForVotes(178)) - b88b3e43-5534-49b3-b3f2-a9f154b450de@group-2FABE92B7E5B-LeaderElection405: begin an election at term 436 for -1: [c58a0a02-acd3-47c8-b3e9-5b8e0493de45:192.168.157.254:33611, 1360619e-ba1e-4bf9-aec1-9f15b5480b27:192.168.157.254:45658, b88b3e43-5534-49b3-b3f2-a9f154b450de:192.168.157.254:46786], old=null
2019-10-21 23:47:15,108 [grpc-default-executor-2] INFO  impl.RaftServerImpl (RaftServerImpl.java:setRole(184)) - 1360619e-ba1e-4bf9-aec1-9f15b5480b27@group-2FABE92B7E5B: changes role from  FOLLOWER to FOLLOWER at term 436 for recognizeCandidate:b88b3e43-5534-49b3-b3f2-a9f154b450de
2019-10-21 23:47:15,108 [grpc-default-executor-1] INFO  impl.RaftServerImpl (RaftServerImpl.java:setRole(184)) - c58a0a02-acd3-47c8-b3e9-5b8e0493de45@group-2FABE92B7E5B: changes role from  FOLLOWER to FOLLOWER at term 436 for recognizeCandidate:b88b3e43-5534-49b3-b3f2-a9f154b450de
2019-10-21 23:47:15,108 [grpc-default-executor-1] INFO  impl.RoleInfo (RoleInfo.java:shutdownFollowerState(121)) - c58a0a02-acd3-47c8-b3e9-5b8e0493de45: shutdown FollowerState
2019-10-21 23:47:15,108 [grpc-default-executor-2] INFO  impl.RoleInfo (RoleInfo.java:shutdownFollowerState(121)) - 1360619e-ba1e-4bf9-aec1-9f15b5480b27: shutdown FollowerState
2019-10-21 23:47:15,109 [Thread-2893] INFO  impl.FollowerState (FollowerState.java:run(117)) - c58a0a02-acd3-47c8-b3e9-5b8e0493de45@group-2FABE92B7E5B-FollowerState was interrupted: java.lang.InterruptedException: sleep interrupted
2019-10-21 23:47:15,109 [Thread-2894] INFO  impl.FollowerState (FollowerState.java:run(117)) - 1360619e-ba1e-4bf9-aec1-9f15b5480b27@group-2FABE92B7E5B-FollowerState was interrupted: java.lang.InterruptedException: sleep interrupted
2019-10-21 23:47:15,109 [grpc-default-executor-1] INFO  impl.RoleInfo (RoleInfo.java:updateAndGet(143)) - c58a0a02-acd3-47c8-b3e9-5b8e0493de45: start FollowerState
2019-10-21 23:47:15,109 [grpc-default-executor-2] INFO  impl.RoleInfo (RoleInfo.java:updateAndGet(143)) - 1360619e-ba1e-4bf9-aec1-9f15b5480b27: start FollowerState
2019-10-21 23:47:15,118 [b88b3e43-5534-49b3-b3f2-a9f154b450de@group-2FABE92B7E5B-LeaderElection405] INFO  impl.LeaderElection (LeaderElection.java:logAndReturn(56)) - b88b3e43-5534-49b3-b3f2-a9f154b450de@group-2FABE92B7E5B-LeaderElection405: Election TIMEOUT; received 0 response(s) [] and 0 exception(s); b88b3e43-5534-49b3-b3f2-a9f154b450de@group-2FABE92B7E5B:t436, leader=null, voted=b88b3e43-5534-49b3-b3f2-a9f154b450de, raftlog=b88b3e43-5534-49b3-b3f2-a9f154b450de@group-2FABE92B7E5B-SegmentedRaftLog:OPENED:c-1,f-1,i0, conf=-1: [c58a0a02-acd3-47c8-b3e9-5b8e0493de45:192.168.157.254:33611, 1360619e-ba1e-4bf9-aec1-9f15b5480b27:192.168.157.254:45658, b88b3e43-5534-49b3-b3f2-a9f154b450de:192.168.157.254:46786], old=null
2019-10-21 23:47:15,123 [b88b3e43-5534-49b3-b3f2-a9f154b450de@group-2FABE92B7E5B-LeaderElection405] INFO  impl.LeaderElection (LeaderElection.java:askForVotes(178)) - b88b3e43-5534-49b3-b3f2-a9f154b450de@group-2FABE92B7E5B-LeaderElection405: begin an election at term 437 for -1: [c58a0a02-acd3-47c8-b3e9-5b8e0493de45:192.168.157.254:33611, 1360619e-ba1e-4bf9-aec1-9f15b5480b27:192.168.157.254:45658, b88b3e43-5534-49b3-b3f2-a9f154b450de:192.168.157.254:46786], old=null
2019-10-21 23:47:15,124 [grpc-default-executor-1] INFO  impl.RaftServerImpl (RaftServerImpl.java:setRole(184)) - 1360619e-ba1e-4bf9-aec1-9f15b5480b27@group-2FABE92B7E5B: changes role from  FOLLOWER to FOLLOWER at term 437 for recognizeCandidate:b88b3e43-5534-49b3-b3f2-a9f154b450de
2019-10-21 23:47:15,124 [grpc-default-executor-1] INFO  impl.RoleInfo (RoleInfo.java:shutdownFollowerState(121)) - 1360619e-ba1e-4bf9-aec1-9f15b5480b27: shutdown FollowerState
2019-10-21 23:47:15,124 [grpc-default-executor-2] INFO  impl.RaftServerImpl (RaftServerImpl.java:setRole(184)) - c58a0a02-acd3-47c8-b3e9-5b8e0493de45@group-2FABE92B7E5B: changes role from  FOLLOWER to FOLLOWER at term 437 for recognizeCandidate:b88b3e43-5534-49b3-b3f2-a9f154b450de
2019-10-21 23:47:15,125 [grpc-default-executor-2] INFO  impl.RoleInfo (RoleInfo.java:shutdownFollowerState(121)) - c58a0a02-acd3-47c8-b3e9-5b8e0493de45: shutdown FollowerState
2019-10-21 23:47:15,125 [Thread-2902] INFO  impl.FollowerState (FollowerState.java:run(117)) - 1360619e-ba1e-4bf9-aec1-9f15b5480b27@group-2FABE92B7E5B-FollowerState was interrupted: java.lang.InterruptedException: sleep interrupted
2019-10-21 23:47:15,125 [grpc-default-executor-1] INFO  impl.RoleInfo (RoleInfo.java:updateAndGet(143)) - 1360619e-ba1e-4bf9-aec1-9f15b5480b27: start FollowerState
2019-10-21 23:47:15,125 [Thread-2901] INFO  impl.FollowerState (FollowerState.java:run(117)) - c58a0a02-acd3-47c8-b3e9-5b8e0493de45@group-2FABE92B7E5B-FollowerState was interrupted: java.lang.InterruptedException: sleep interrupted
2019-10-21 23:47:15,125 [grpc-default-executor-2] INFO  impl.RoleInfo (RoleInfo.java:updateAndGet(143)) - c58a0a02-acd3-47c8-b3e9-5b8e0493de45: start FollowerState
2019-10-21 23:47:15,139 [b88b3e43-5534-49b3-b3f2-a9f154b450de@group-2FABE92B7E5B-LeaderElection405] INFO  impl.LeaderElection (LeaderElection.java:logAndReturn(56)) - b88b3e43-5534-49b3-b3f2-a9f154b450de@group-2FABE92B7E5B-LeaderElection405: Election REJECTED; received 2 response(s) [b88b3e43-5534-49b3-b3f2-a9f154b450de<-c58a0a02-acd3-47c8-b3e9-5b8e0493de45#0:FAIL-t437, b88b3e43-5534-49b3-b3f2-a9f154b450de<-1360619e-ba1e-4bf9-aec1-9f15b5480b27#0:FAIL-t437] and 0 exception(s); b88b3e43-5534-49b3-b3f2-a9f154b450de@group-2FABE92B7E5B:t437, leader=null, voted=b88b3e43-5534-49b3-b3f2-a9f154b450de, raftlog=b88b3e43-5534-49b3-b3f2-a9f154b450de@group-2FABE92B7E5B-SegmentedRaftLog:OPENED:c-1,f-1,i0, conf=-1: [c58a0a02-acd3-47c8-b3e9-5b8e0493de45:192.168.157.254:33611, 1360619e-ba1e-4bf9-aec1-9f15b5480b27:192.168.157.254:45658, b88b3e43-5534-49b3-b3f2-a9f154b450de:192.168.157.254:46786], old=null
2019-10-21 23:47:15,139 [b88b3e43-5534-49b3-b3f2-a9f154b450de@group-2FABE92B7E5B-LeaderElection405] INFO  impl.RaftServerImpl (RaftServerImpl.java:setRole(184)) - b88b3e43-5534-49b3-b3f2-a9f154b450de@group-2FABE92B7E5B: changes role from CANDIDATE to FOLLOWER at term 437 for DISCOVERED_A_NEW_TERM
2019-10-21 23:47:15,139 [b88b3e43-5534-49b3-b3f2-a9f154b450de@group-2FABE92B7E5B-LeaderElection405] INFO  impl.RoleInfo (RoleInfo.java:shutdownLeaderElection(134)) - b88b3e43-5534-49b3-b3f2-a9f154b450de: shutdown LeaderElection
2019-10-21 23:47:15,139 [b88b3e43-5534-49b3-b3f2-a9f154b450de@group-2FABE92B7E5B-LeaderElection405] INFO  impl.RoleInfo (RoleInfo.java:updateAndGet(143)) - b88b3e43-5534-49b3-b3f2-a9f154b450de: start FollowerState
2019-10-21 23:47:15,145 [Thread-2907] INFO  impl.FollowerState (FollowerState.java:run(108)) - b88b3e43-5534-49b3-b3f2-a9f154b450de@group-2FABE92B7E5B-FollowerState: change to CANDIDATE, lastRpcTime:5ms, electionTimeout:5ms
2019-10-21 23:47:15,145 [Thread-2907] INFO  impl.RoleInfo (RoleInfo.java:shutdownFollowerState(121)) - b88b3e43-5534-49b3-b3f2-a9f154b450de: shutdown FollowerState
2019-10-21 23:47:15,145 [Thread-2907] INFO  impl.RaftServerImpl (RaftServerImpl.java:setRole(184)) - b88b3e43-5534-49b3-b3f2-a9f154b450de@group-2FABE92B7E5B: changes role from  FOLLOWER to CANDIDATE at term 437 for changeToCandidate
2019-10-21 23:47:15,145 [Thread-2907] INFO  impl.RoleInfo (RoleInfo.java:updateAndGet(143)) - b88b3e43-5534-49b3-b3f2-a9f154b450de: start LeaderElection
2019-10-21 23:47:15,155 [b88b3e43-5534-49b3-b3f2-a9f154b450de@group-2FABE92B7E5B-LeaderElection406] INFO  impl.LeaderElection (LeaderElection.java:askForVotes(178)) - b88b3e43-5534-49b3-b3f2-a9f154b450de@group-2FABE92B7E5B-LeaderElection406: begin an election at term 438 for -1: [c58a0a02-acd3-47c8-b3e9-5b8e0493de45:192.168.157.254:33611, 1360619e-ba1e-4bf9-aec1-9f15b5480b27:192.168.157.254:45658, b88b3e43-5534-49b3-b3f2-a9f154b450de:192.168.157.254:46786], old=null
2019-10-21 23:47:15,157 [grpc-default-executor-1] INFO  impl.RaftServerImpl (RaftServerImpl.java:setRole(184)) - c58a0a02-acd3-47c8-b3e9-5b8e0493de45@group-2FABE92B7E5B: changes role from  FOLLOWER to FOLLOWER at term 438 for recognizeCandidate:b88b3e43-5534-49b3-b3f2-a9f154b450de
2019-10-21 23:47:15,157 [grpc-default-executor-1] INFO  impl.RoleInfo (RoleInfo.java:shutdownFollowerState(121)) - c58a0a02-acd3-47c8-b3e9-5b8e0493de45: shutdown FollowerState
2019-10-21 23:47:15,157 [grpc-default-executor-0] INFO  impl.RaftServerImpl (RaftServerImpl.java:setRole(184)) - 1360619e-ba1e-4bf9-aec1-9f15b5480b27@group-2FABE92B7E5B: changes role from  FOLLOWER to FOLLOWER at term 438 for recognizeCandidate:b88b3e43-5534-49b3-b3f2-a9f154b450de
2019-10-21 23:47:15,157 [grpc-default-executor-1] INFO  impl.RoleInfo (RoleInfo.java:updateAndGet(143)) - c58a0a02-acd3-47c8-b3e9-5b8e0493de45: start FollowerState
2019-10-21 23:47:15,157 [grpc-default-executor-0] INFO  impl.RoleInfo (RoleInfo.java:shutdownFollowerState(121)) - 1360619e-ba1e-4bf9-aec1-9f15b5480b27: shutdown FollowerState
2019-10-21 23:47:15,157 [Thread-2906] INFO  impl.FollowerState (FollowerState.java:run(117)) - c58a0a02-acd3-47c8-b3e9-5b8e0493de45@group-2FABE92B7E5B-FollowerState was interrupted: java.lang.InterruptedException: sleep interrupted
2019-10-21 23:47:15,157 [grpc-default-executor-0] INFO  impl.RoleInfo (RoleInfo.java:updateAndGet(143)) - 1360619e-ba1e-4bf9-aec1-9f15b5480b27: start FollowerState
2019-10-21 23:47:15,157 [Thread-2905] INFO  impl.FollowerState (FollowerState.java:run(117)) - 1360619e-ba1e-4bf9-aec1-9f15b5480b27@group-2FABE92B7E5B-FollowerState was interrupted: java.lang.InterruptedException: sleep interrupted
2019-10-21 23:47:15,184 [b88b3e43-5534-49b3-b3f2-a9f154b450de@group-2FABE92B7E5B-LeaderElection406] INFO  impl.LeaderElection (LeaderElection.java:logAndReturn(56)) - b88b3e43-5534-49b3-b3f2-a9f154b450de@group-2FABE92B7E5B-LeaderElection406: Election REJECTED; received 2 response(s) [b88b3e43-5534-49b3-b3f2-a9f154b450de<-c58a0a02-acd3-47c8-b3e9-5b8e0493de45#0:FAIL-t438, b88b3e43-5534-49b3-b3f2-a9f154b450de<-1360619e-ba1e-4bf9-aec1-9f15b5480b27#0:FAIL-t438] and 0 exception(s); b88b3e43-5534-49b3-b3f2-a9f154b450de@group-2FABE92B7E5B:t438, leader=null, voted=b88b3e43-5534-49b3-b3f2-a9f154b450de, raftlog=b88b3e43-5534-49b3-b3f2-a9f154b450de@group-2FABE92B7E5B-SegmentedRaftLog:OPENED:c-1,f-1,i0, conf=-1: [c58a0a02-acd3-47c8-b3e9-5b8e0493de45:192.168.157.254:33611, 1360619e-ba1e-4bf9-aec1-9f15b5480b27:192.168.157.254:45658, b88b3e43-5534-49b3-b3f2-a9f154b450de:192.168.157.254:46786], old=null
2019-10-21 23:47:15,184 [b88b3e43-5534-49b3-b3f2-a9f154b450de@group-2FABE92B7E5B-LeaderElection406] INFO  impl.RaftServerImpl (RaftServerImpl.java:setRole(184)) - b88b3e43-5534-49b3-b3f2-a9f154b450de@group-2FABE92B7E5B: changes role from CANDIDATE to FOLLOWER at term 438 for DISCOVERED_A_NEW_TERM
2019-10-21 23:47:15,184 [b88b3e43-5534-49b3-b3f2-a9f154b450de@group-2FABE92B7E5B-LeaderElection406] INFO  impl.RoleInfo (RoleInfo.java:shutdownLeaderElection(134)) - b88b3e43-5534-49b3-b3f2-a9f154b450de: shutdown LeaderElection
2019-10-21 23:47:15,184 [b88b3e43-5534-49b3-b3f2-a9f154b450de@group-2FABE92B7E5B-LeaderElection406] INFO  impl.RoleInfo (RoleInfo.java:updateAndGet(143)) - b88b3e43-5534-49b3-b3f2-a9f154b450de: start FollowerState
2019-10-21 23:47:15,244 [Thread-2913] INFO  impl.FollowerState (FollowerState.java:run(108)) - b88b3e43-5534-49b3-b3f2-a9f154b450de@group-2FABE92B7E5B-FollowerState: change to CANDIDATE, lastRpcTime:59ms, electionTimeout:59ms
2019-10-21 23:47:15,244 [Thread-2913] INFO  impl.RoleInfo (RoleInfo.java:shutdownFollowerState(121)) - b88b3e43-5534-49b3-b3f2-a9f154b450de: shutdown FollowerState
2019-10-21 23:47:15,244 [Thread-2913] INFO  impl.RaftServerImpl (RaftServerImpl.java:setRole(184)) - b88b3e43-5534-49b3-b3f2-a9f154b450de@group-2FABE92B7E5B: changes role from  FOLLOWER to CANDIDATE at term 438 for changeToCandidate
2019-10-21 23:47:15,244 [Thread-2913] INFO  impl.RoleInfo (RoleInfo.java:updateAndGet(143)) - b88b3e43-5534-49b3-b3f2-a9f154b450de: start LeaderElection
2019-10-21 23:47:15,269 [b88b3e43-5534-49b3-b3f2-a9f154b450de@group-2FABE92B7E5B-LeaderElection407] INFO  impl.LeaderElection (LeaderElection.java:askForVotes(178)) - b88b3e43-5534-49b3-b3f2-a9f154b450de@group-2FABE92B7E5B-LeaderElection407: begin an election at term 439 for -1: [c58a0a02-acd3-47c8-b3e9-5b8e0493de45:192.168.157.254:33611, 1360619e-ba1e-4bf9-aec1-9f15b5480b27:192.168.157.254:45658, b88b3e43-5534-49b3-b3f2-a9f154b450de:192.168.157.254:46786], old=null
2019-10-21 23:47:15,271 [grpc-default-executor-1] INFO  impl.RaftServerImpl (RaftServerImpl.java:setRole(184)) - 1360619e-ba1e-4bf9-aec1-9f15b5480b27@group-2FABE92B7E5B: changes role from  FOLLOWER to FOLLOWER at term 439 for recognizeCandidate:b88b3e43-5534-49b3-b3f2-a9f154b450de
2019-10-21 23:47:15,271 [grpc-default-executor-0] INFO  impl.RaftServerImpl (RaftServerImpl.java:setRole(184)) - c58a0a02-acd3-47c8-b3e9-5b8e0493de45@group-2FABE92B7E5B: changes role from  FOLLOWER to FOLLOWER at term 439 for recognizeCandidate:b88b3e43-5534-49b3-b3f2-a9f154b450de
2019-10-21 23:47:15,271 [grpc-default-executor-0] INFO  impl.RoleInfo (RoleInfo.java:shutdownFollowerState(121)) - c58a0a02-acd3-47c8-b3e9-5b8e0493de45: shutdown FollowerState
2019-10-21 23:47:15,271 [grpc-default-executor-1] INFO  impl.RoleInfo (RoleInfo.java:shutdownFollowerState(121)) - 1360619e-ba1e-4bf9-aec1-9f15b5480b27: shutdown FollowerState
2019-10-21 23:47:15,271 [Thread-2911] INFO  impl.FollowerState (FollowerState.java:run(117)) - c58a0a02-acd3-47c8-b3e9-5b8e0493de45@group-2FABE92B7E5B-FollowerState was interrupted: java.lang.InterruptedException: sleep interrupted
2019-10-21 23:47:15,271 [grpc-default-executor-0] INFO  impl.RoleInfo (RoleInfo.java:updateAndGet(143)) - c58a0a02-acd3-47c8-b3e9-5b8e0493de45: start FollowerState
2019-10-21 23:47:15,272 [grpc-default-executor-1] INFO  impl.RoleInfo (RoleInfo.java:updateAndGet(143)) - 1360619e-ba1e-4bf9-aec1-9f15b5480b27: start FollowerState
2019-10-21 23:47:15,272 [Thread-2912] INFO  impl.FollowerState (FollowerState.java:run(117)) - 1360619e-ba1e-4bf9-aec1-9f15b5480b27@group-2FABE92B7E5B-FollowerState was interrupted: java.lang.InterruptedException: sleep interrupted
2019-10-21 23:47:15,286 [b88b3e43-5534-49b3-b3f2-a9f154b450de@group-2FABE92B7E5B-LeaderElection407] INFO  impl.LeaderElection (LeaderElection.java:logAndReturn(56)) - b88b3e43-5534-49b3-b3f2-a9f154b450de@group-2FABE92B7E5B-LeaderElection407: Election REJECTED; received 2 response(s) [b88b3e43-5534-49b3-b3f2-a9f154b450de<-c58a0a02-acd3-47c8-b3e9-5b8e0493de45#0:FAIL-t439, b88b3e43-5534-49b3-b3f2-a9f154b450de<-1360619e-ba1e-4bf9-aec1-9f15b5480b27#0:FAIL-t439] and 0 exception(s); b88b3e43-5534-49b3-b3f2-a9f154b450de@group-2FABE92B7E5B:t439, leader=null, voted=b88b3e43-5534-49b3-b3f2-a9f154b450de, raftlog=b88b3e43-5534-49b3-b3f2-a9f154b450de@group-2FABE92B7E5B-SegmentedRaftLog:OPENED:c-1,f-1,i0, conf=-1: [c58a0a02-acd3-47c8-b3e9-5b8e0493de45:192.168.157.254:33611, 1360619e-ba1e-4bf9-aec1-9f15b5480b27:192.168.157.254:45658, b88b3e43-5534-49b3-b3f2-a9f154b450de:192.168.157.254:46786], old=null
2019-10-21 23:47:15,286 [b88b3e43-5534-49b3-b3f2-a9f154b450de@group-2FABE92B7E5B-LeaderElection407] INFO  impl.RaftServerImpl (RaftServerImpl.java:setRole(184)) - b88b3e43-5534-49b3-b3f2-a9f154b450de@group-2FABE92B7E5B: changes role from CANDIDATE to FOLLOWER at term 439 for DISCOVERED_A_NEW_TERM
2019-10-21 23:47:15,286 [b88b3e43-5534-49b3-b3f2-a9f154b450de@group-2FABE92B7E5B-LeaderElection407] INFO  impl.RoleInfo (RoleInfo.java:shutdownLeaderElection(134)) - b88b3e43-5534-49b3-b3f2-a9f154b450de: shutdown LeaderElection
2019-10-21 23:47:15,286 [b88b3e43-5534-49b3-b3f2-a9f154b450de@group-2FABE92B7E5B-LeaderElection407] INFO  impl.RoleInfo (RoleInfo.java:updateAndGet(143)) - b88b3e43-5534-49b3-b3f2-a9f154b450de: start FollowerState
2019-10-21 23:47:15,360 [Thread-2919] INFO  impl.FollowerState (FollowerState.java:run(108)) - b88b3e43-5534-49b3-b3f2-a9f154b450de@group-2FABE92B7E5B-FollowerState: change to CANDIDATE, lastRpcTime:73ms, electionTimeout:73ms
2019-10-21 23:47:15,360 [Thread-2919] INFO  impl.RoleInfo (RoleInfo.java:shutdownFollowerState(121)) - b88b3e43-5534-49b3-b3f2-a9f154b450de: shutdown FollowerState
2019-10-21 23:47:15,360 [Thread-2919] INFO  impl.RaftServerImpl (RaftServerImpl.java:setRole(184)) - b88b3e43-5534-49b3-b3f2-a9f154b450de@group-2FABE92B7E5B: changes role from  FOLLOWER to CANDIDATE at term 439 for changeToCandidate
2019-10-21 23:47:15,360 [Thread-2919] INFO  impl.RoleInfo (RoleInfo.java:updateAndGet(143)) - b88b3e43-5534-49b3-b3f2-a9f154b450de: start LeaderElection
2019-10-21 23:47:15,373 [b88b3e43-5534-49b3-b3f2-a9f154b450de@group-2FABE92B7E5B-LeaderElection408] INFO  impl.LeaderElection (LeaderElection.java:askForVotes(178)) - b88b3e43-5534-49b3-b3f2-a9f154b450de@group-2FABE92B7E5B-LeaderElection408: begin an election at term 440 for -1: [c58a0a02-acd3-47c8-b3e9-5b8e0493de45:192.168.157.254:33611, 1360619e-ba1e-4bf9-aec1-9f15b5480b27:192.168.157.254:45658, b88b3e43-5534-49b3-b3f2-a9f154b450de:192.168.157.254:46786], old=null
2019-10-21 23:47:15,375 [grpc-default-executor-1] INFO  impl.RaftServerImpl (RaftServerImpl.java:setRole(184)) - c58a0a02-acd3-47c8-b3e9-5b8e0493de45@group-2FABE92B7E5B: changes role from  FOLLOWER to FOLLOWER at term 440 for recognizeCandidate:b88b3e43-5534-49b3-b3f2-a9f154b450de
2019-10-21 23:47:15,375 [grpc-default-executor-0] INFO  impl.RaftServerImpl (RaftServerImpl.java:setRole(184)) - 1360619e-ba1e-4bf9-aec1-9f15b5480b27@group-2FABE92B7E5B: changes role from  FOLLOWER to FOLLOWER at term 440 for recognizeCandidate:b88b3e43-5534-49b3-b3f2-a9f154b450de
2019-10-21 23:47:15,375 [grpc-default-executor-0] INFO  impl.RoleInfo (RoleInfo.java:shutdownFollowerState(121)) - 1360619e-ba1e-4bf9-aec1-9f15b5480b27: shutdown FollowerState
2019-10-21 23:47:15,375 [grpc-default-executor-1] INFO  impl.RoleInfo (RoleInfo.java:shutdownFollowerState(121)) - c58a0a02-acd3-47c8-b3e9-5b8e0493de45: shutdown FollowerState
2019-10-21 23:47:15,375 [Thread-2918] INFO  impl.FollowerState (FollowerState.java:run(117)) - 1360619e-ba1e-4bf9-aec1-9f15b5480b27@group-2FABE92B7E5B-FollowerState was interrupted: java.lang.InterruptedException: sleep interrupted
2019-10-21 23:47:15,376 [Thread-2917] INFO  impl.FollowerState (FollowerState.java:run(117)) - c58a0a02-acd3-47c8-b3e9-5b8e0493de45@group-2FABE92B7E5B-FollowerState was interrupted: java.lang.InterruptedException: sleep interrupted
2019-10-21 23:47:15,375 [grpc-default-executor-0] INFO  impl.RoleInfo (RoleInfo.java:updateAndGet(143)) - 1360619e-ba1e-4bf9-aec1-9f15b5480b27: start FollowerState
2019-10-21 23:47:15,375 [grpc-default-executor-1] INFO  impl.RoleInfo (RoleInfo.java:updateAndGet(143)) - c58a0a02-acd3-47c8-b3e9-5b8e0493de45: start FollowerState
2019-10-21 23:47:15,390 [b88b3e43-5534-49b3-b3f2-a9f154b450de@group-2FABE92B7E5B-LeaderElection408] INFO  impl.LeaderElection (LeaderElection.java:logAndReturn(56)) - b88b3e43-5534-49b3-b3f2-a9f154b450de@group-2FABE92B7E5B-LeaderElection408: Election REJECTED; received 2 response(s) [b88b3e43-5534-49b3-b3f2-a9f154b450de<-c58a0a02-acd3-47c8-b3e9-5b8e0493de45#0:FAIL-t440, b88b3e43-5534-49b3-b3f2-a9f154b450de<-1360619e-ba1e-4bf9-aec1-9f15b5480b27#0:FAIL-t440] and 0 exception(s); b88b3e43-5534-49b3-b3f2-a9f154b450de@group-2FABE92B7E5B:t440, leader=null, voted=b88b3e43-5534-49b3-b3f2-a9f154b450de, raftlog=b88b3e43-5534-49b3-b3f2-a9f154b450de@group-2FABE92B7E5B-SegmentedRaftLog:OPENED:c-1,f-1,i0, conf=-1: [c58a0a02-acd3-47c8-b3e9-5b8e0493de45:192.168.157.254:33611, 1360619e-ba1e-4bf9-aec1-9f15b5480b27:192.168.157.254:45658, b88b3e43-5534-49b3-b3f2-a9f154b450de:192.168.157.254:46786], old=null
2019-10-21 23:47:15,390 [b88b3e43-5534-49b3-b3f2-a9f154b450de@group-2FABE92B7E5B-LeaderElection408] INFO  impl.RaftServerImpl (RaftServerImpl.java:setRole(184)) - b88b3e43-5534-49b3-b3f2-a9f154b450de@group-2FABE92B7E5B: changes role from CANDIDATE to FOLLOWER at term 440 for DISCOVERED_A_NEW_TERM
2019-10-21 23:47:15,390 [b88b3e43-5534-49b3-b3f2-a9f154b450de@group-2FABE92B7E5B-LeaderElection408] INFO  impl.RoleInfo (RoleInfo.java:shutdownLeaderElection(134)) - b88b3e43-5534-49b3-b3f2-a9f154b450de: shutdown LeaderElection
2019-10-21 23:47:15,390 [b88b3e43-5534-49b3-b3f2-a9f154b450de@group-2FABE92B7E5B-LeaderElection408] INFO  impl.RoleInfo (RoleInfo.java:updateAndGet(143)) - b88b3e43-5534-49b3-b3f2-a9f154b450de: start FollowerState
2019-10-21 23:47:15,535 [Thread-2925] INFO  impl.FollowerState (FollowerState.java:run(108)) - b88b3e43-5534-49b3-b3f2-a9f154b450de@group-2FABE92B7E5B-FollowerState: change to CANDIDATE, lastRpcTime:145ms, electionTimeout:145ms
2019-10-21 23:47:15,536 [Thread-2925] INFO  impl.RoleInfo (RoleInfo.java:shutdownFollowerState(121)) - b88b3e43-5534-49b3-b3f2-a9f154b450de: shutdown FollowerState
2019-10-21 23:47:15,536 [Thread-2925] INFO  impl.RaftServerImpl (RaftServerImpl.java:setRole(184)) - b88b3e43-5534-49b3-b3f2-a9f154b450de@group-2FABE92B7E5B: changes role from  FOLLOWER to CANDIDATE at term 440 for changeToCandidate
2019-10-21 23:47:15,536 [Thread-2925] INFO  impl.RoleInfo (RoleInfo.java:updateAndGet(143)) - b88b3e43-5534-49b3-b3f2-a9f154b450de: start LeaderElection
2019-10-21 23:47:15,550 [b88b3e43-5534-49b3-b3f2-a9f154b450de@group-2FABE92B7E5B-LeaderElection409] INFO  impl.LeaderElection (LeaderElection.java:askForVotes(178)) - b88b3e43-5534-49b3-b3f2-a9f154b450de@group-2FABE92B7E5B-LeaderElection409: begin an election at term 441 for -1: [c58a0a02-acd3-47c8-b3e9-5b8e0493de45:192.168.157.254:33611, 1360619e-ba1e-4bf9-aec1-9f15b5480b27:192.168.157.254:45658, b88b3e43-5534-49b3-b3f2-a9f154b450de:192.168.157.254:46786], old=null
2019-10-21 23:47:15,552 [grpc-default-executor-1] INFO  impl.RaftServerImpl (RaftServerImpl.java:setRole(184)) - 1360619e-ba1e-4bf9-aec1-9f15b5480b27@group-2FABE92B7E5B: changes role from  FOLLOWER to FOLLOWER at term 441 for recognizeCandidate:b88b3e43-5534-49b3-b3f2-a9f154b450de
2019-10-21 23:47:15,552 [grpc-default-executor-1] INFO  impl.RoleInfo (RoleInfo.java:shutdownFollowerState(121)) - 1360619e-ba1e-4bf9-aec1-9f15b5480b27: shutdown FollowerState
2019-10-21 23:47:15,552 [grpc-default-executor-0] INFO  impl.RaftServerImpl (RaftServerImpl.java:setRole(184)) - c58a0a02-acd3-47c8-b3e9-5b8e0493de45@group-2FABE92B7E5B: changes role from  FOLLOWER to FOLLOWER at term 441 for recognizeCandidate:b88b3e43-5534-49b3-b3f2-a9f154b450de
2019-10-21 23:47:15,552 [Thread-2923] INFO  impl.FollowerState (FollowerState.java:run(117)) - 1360619e-ba1e-4bf9-aec1-9f15b5480b27@group-2FABE92B7E5B-FollowerState was interrupted: java.lang.InterruptedException: sleep interrupted
2019-10-21 23:47:15,552 [grpc-default-executor-1] INFO  impl.RoleInfo (RoleInfo.java:updateAndGet(143)) - 1360619e-ba1e-4bf9-aec1-9f15b5480b27: start FollowerState
2019-10-21 23:47:15,552 [grpc-default-executor-0] INFO  impl.RoleInfo (RoleInfo.java:shutdownFollowerState(121)) - c58a0a02-acd3-47c8-b3e9-5b8e0493de45: shutdown FollowerState
2019-10-21 23:47:15,552 [grpc-default-executor-0] INFO  impl.RoleInfo (RoleInfo.java:updateAndGet(143)) - c58a0a02-acd3-47c8-b3e9-5b8e0493de45: start FollowerState
2019-10-21 23:47:15,552 [Thread-2924] INFO  impl.FollowerState (FollowerState.java:run(117)) - c58a0a02-acd3-47c8-b3e9-5b8e0493de45@group-2FABE92B7E5B-FollowerState was interrupted: java.lang.InterruptedException: sleep interrupted
2019-10-21 23:47:15,580 [b88b3e43-5534-49b3-b3f2-a9f154b450de@group-2FABE92B7E5B-LeaderElection409] INFO  impl.LeaderElection (LeaderElection.java:logAndReturn(56)) - b88b3e43-5534-49b3-b3f2-a9f154b450de@group-2FABE92B7E5B-LeaderElection409: Election REJECTED; received 2 response(s) [b88b3e43-5534-49b3-b3f2-a9f154b450de<-c58a0a02-acd3-47c8-b3e9-5b8e0493de45#0:FAIL-t441, b88b3e43-5534-49b3-b3f2-a9f154b450de<-1360619e-ba1e-4bf9-aec1-9f15b5480b27#0:FAIL-t441] and 0 exception(s); b88b3e43-5534-49b3-b3f2-a9f154b450de@group-2FABE92B7E5B:t441, leader=null, voted=b88b3e43-5534-49b3-b3f2-a9f154b450de, raftlog=b88b3e43-5534-49b3-b3f2-a9f154b450de@group-2FABE92B7E5B-SegmentedRaftLog:OPENED:c-1,f-1,i0, conf=-1: [c58a0a02-acd3-47c8-b3e9-5b8e0493de45:192.168.157.254:33611, 1360619e-ba1e-4bf9-aec1-9f15b5480b27:192.168.157.254:45658, b88b3e43-5534-49b3-b3f2-a9f154b450de:192.168.157.254:46786], old=null
2019-10-21 23:47:15,580 [b88b3e43-5534-49b3-b3f2-a9f154b450de@group-2FABE92B7E5B-LeaderElection409] INFO  impl.RaftServerImpl (RaftServerImpl.java:setRole(184)) - b88b3e43-5534-49b3-b3f2-a9f154b450de@group-2FABE92B7E5B: changes role from CANDIDATE to FOLLOWER at term 441 for DISCOVERED_A_NEW_TERM
2019-10-21 23:47:15,580 [b88b3e43-5534-49b3-b3f2-a9f154b450de@group-2FABE92B7E5B-LeaderElection409] INFO  impl.RoleInfo (RoleInfo.java:shutdownLeaderElection(134)) - b88b3e43-5534-49b3-b3f2-a9f154b450de: shutdown LeaderElection
2019-10-21 23:47:15,580 [b88b3e43-5534-49b3-b3f2-a9f154b450de@group-2FABE92B7E5B-LeaderElection409] INFO  impl.RoleInfo (RoleInfo.java:updateAndGet(143)) - b88b3e43-5534-49b3-b3f2-a9f154b450de: start FollowerState
2019-10-21 23:47:15,620 [Thread-2933] INFO  impl.FollowerState (FollowerState.java:run(108)) - b88b3e43-5534-49b3-b3f2-a9f154b450de@group-2FABE92B7E5B-FollowerState: change to CANDIDATE, lastRpcTime:39ms, electionTimeout:39ms
2019-10-21 23:47:15,620 [Thread-2933] INFO  impl.RoleInfo (RoleInfo.java:shutdownFollowerState(121)) - b88b3e43-5534-49b3-b3f2-a9f154b450de: shutdown FollowerState
2019-10-21 23:47:15,620 [Thread-2933] INFO  impl.RaftServerImpl (RaftServerImpl.java:setRole(184)) - b88b3e43-5534-49b3-b3f2-a9f154b450de@group-2FABE92B7E5B: changes role from  FOLLOWER to CANDIDATE at term 441 for changeToCandidate
2019-10-21 23:47:15,620 [Thread-2933] INFO  impl.RoleInfo (RoleInfo.java:updateAndGet(143)) - b88b3e43-5534-49b3-b3f2-a9f154b450de: start LeaderElection
2019-10-21 23:47:15,624 [b88b3e43-5534-49b3-b3f2-a9f154b450de@group-2FABE92B7E5B-LeaderElection410] INFO  impl.LeaderElection (LeaderElection.java:askForVotes(178)) - b88b3e43-5534-49b3-b3f2-a9f154b450de@group-2FABE92B7E5B-LeaderElection410: begin an election at term 442 for -1: [c58a0a02-acd3-47c8-b3e9-5b8e0493de45:192.168.157.254:33611, 1360619e-ba1e-4bf9-aec1-9f15b5480b27:192.168.157.254:45658, b88b3e43-5534-49b3-b3f2-a9f154b450de:192.168.157.254:46786], old=null
2019-10-21 23:47:15,625 [grpc-default-executor-0] INFO  impl.RaftServerImpl (RaftServerImpl.java:setRole(184)) - c58a0a02-acd3-47c8-b3e9-5b8e0493de45@group-2FABE92B7E5B: changes role from  FOLLOWER to FOLLOWER at term 442 for recognizeCandidate:b88b3e43-5534-49b3-b3f2-a9f154b450de
2019-10-21 23:47:15,625 [grpc-default-executor-0] INFO  impl.RoleInfo (RoleInfo.java:shutdownFollowerState(121)) - c58a0a02-acd3-47c8-b3e9-5b8e0493de45: shutdown FollowerState
2019-10-21 23:47:15,625 [grpc-default-executor-0] INFO  impl.RoleInfo (RoleInfo.java:updateAndGet(143)) - c58a0a02-acd3-47c8-b3e9-5b8e0493de45: start FollowerState
2019-10-21 23:47:15,625 [Thread-2932] INFO  impl.FollowerState (FollowerState.java:run(117)) - c58a0a02-acd3-47c8-b3e9-5b8e0493de45@group-2FABE92B7E5B-FollowerState was interrupted: java.lang.InterruptedException: sleep interrupted
2019-10-21 23:47:15,626 [grpc-default-executor-1] INFO  impl.RaftServerImpl (RaftServerImpl.java:setRole(184)) - 1360619e-ba1e-4bf9-aec1-9f15b5480b27@group-2FABE92B7E5B: changes role from  FOLLOWER to FOLLOWER at term 442 for recognizeCandidate:b88b3e43-5534-49b3-b3f2-a9f154b450de
2019-10-21 23:47:15,626 [grpc-default-executor-1] INFO  impl.RoleInfo (RoleInfo.java:shutdownFollowerState(121)) - 1360619e-ba1e-4bf9-aec1-9f15b5480b27: shutdown FollowerState
2019-10-21 23:47:15,626 [grpc-default-executor-1] INFO  impl.RoleInfo (RoleInfo.java:updateAndGet(143)) - 1360619e-ba1e-4bf9-aec1-9f15b5480b27: start FollowerState
2019-10-21 23:47:15,626 [Thread-2931] INFO  impl.FollowerState (FollowerState.java:run(117)) - 1360619e-ba1e-4bf9-aec1-9f15b5480b27@group-2FABE92B7E5B-FollowerState was interrupted: java.lang.InterruptedException: sleep interrupted
2019-10-21 23:47:15,639 [b88b3e43-5534-49b3-b3f2-a9f154b450de@group-2FABE92B7E5B-LeaderElection410] INFO  impl.LeaderElection (LeaderElection.java:logAndReturn(56)) - b88b3e43-5534-49b3-b3f2-a9f154b450de@group-2FABE92B7E5B-LeaderElection410: Election REJECTED; received 2 response(s) [b88b3e43-5534-49b3-b3f2-a9f154b450de<-c58a0a02-acd3-47c8-b3e9-5b8e0493de45#0:FAIL-t442, b88b3e43-5534-49b3-b3f2-a9f154b450de<-1360619e-ba1e-4bf9-aec1-9f15b5480b27#0:FAIL-t442] and 0 exception(s); b88b3e43-5534-49b3-b3f2-a9f154b450de@group-2FABE92B7E5B:t442, leader=null, voted=b88b3e43-5534-49b3-b3f2-a9f154b450de, raftlog=b88b3e43-5534-49b3-b3f2-a9f154b450de@group-2FABE92B7E5B-SegmentedRaftLog:OPENED:c-1,f-1,i0, conf=-1: [c58a0a02-acd3-47c8-b3e9-5b8e0493de45:192.168.157.254:33611, 1360619e-ba1e-4bf9-aec1-9f15b5480b27:192.168.157.254:45658, b88b3e43-5534-49b3-b3f2-a9f154b450de:192.168.157.254:46786], old=null
2019-10-21 23:47:15,639 [b88b3e43-5534-49b3-b3f2-a9f154b450de@group-2FABE92B7E5B-LeaderElection410] INFO  impl.RaftServerImpl (RaftServerImpl.java:setRole(184)) - b88b3e43-5534-49b3-b3f2-a9f154b450de@group-2FABE92B7E5B: changes role from CANDIDATE to FOLLOWER at term 442 for DISCOVERED_A_NEW_TERM
2019-10-21 23:47:15,640 [b88b3e43-5534-49b3-b3f2-a9f154b450de@group-2FABE92B7E5B-LeaderElection410] INFO  impl.RoleInfo (RoleInfo.java:shutdownLeaderElection(134)) - b88b3e43-5534-49b3-b3f2-a9f154b450de: shutdown LeaderElection
2019-10-21 23:47:15,640 [b88b3e43-5534-49b3-b3f2-a9f154b450de@group-2FABE92B7E5B-LeaderElection410] INFO  impl.RoleInfo (RoleInfo.java:updateAndGet(143)) - b88b3e43-5534-49b3-b3f2-a9f154b450de: start FollowerState
2019-10-21 23:47:15,653 [Thread-2939] INFO  impl.FollowerState (FollowerState.java:run(108)) - b88b3e43-5534-49b3-b3f2-a9f154b450de@group-2FABE92B7E5B-FollowerState: change to CANDIDATE, lastRpcTime:13ms, electionTimeout:13ms
2019-10-21 23:47:15,653 [Thread-2939] INFO  impl.RoleInfo (RoleInfo.java:shutdownFollowerState(121)) - b88b3e43-5534-49b3-b3f2-a9f154b450de: shutdown FollowerState
2019-10-21 23:47:15,653 [Thread-2939] INFO  impl.RaftServerImpl (RaftServerImpl.java:setRole(184)) - b88b3e43-5534-49b3-b3f2-a9f154b450de@group-2FABE92B7E5B: changes role from  FOLLOWER to CANDIDATE at term 442 for changeToCandidate
2019-10-21 23:47:15,653 [Thread-2939] INFO  impl.RoleInfo (RoleInfo.java:updateAndGet(143)) - b88b3e43-5534-49b3-b3f2-a9f154b450de: start LeaderElection
2019-10-21 23:47:15,660 [b88b3e43-5534-49b3-b3f2-a9f154b450de@group-2FABE92B7E5B-LeaderElection411] INFO  impl.LeaderElection (LeaderElection.java:askForVotes(178)) - b88b3e43-5534-49b3-b3f2-a9f154b450de@group-2FABE92B7E5B-LeaderElection411: begin an election at term 443 for -1: [c58a0a02-acd3-47c8-b3e9-5b8e0493de45:192.168.157.254:33611, 1360619e-ba1e-4bf9-aec1-9f15b5480b27:192.168.157.254:45658, b88b3e43-5534-49b3-b3f2-a9f154b450de:192.168.157.254:46786], old=null
2019-10-21 23:47:15,661 [grpc-default-executor-1] INFO  impl.RaftServerImpl (RaftServerImpl.java:setRole(184)) - c58a0a02-acd3-47c8-b3e9-5b8e0493de45@group-2FABE92B7E5B: changes role from  FOLLOWER to FOLLOWER at term 443 for recognizeCandidate:b88b3e43-5534-49b3-b3f2-a9f154b450de
2019-10-21 23:47:15,661 [grpc-default-executor-1] INFO  impl.RoleInfo (RoleInfo.java:shutdownFollowerState(121)) - c58a0a02-acd3-47c8-b3e9-5b8e0493de45: shutdown FollowerState
2019-10-21 23:47:15,661 [grpc-default-executor-1] INFO  impl.RoleInfo (RoleInfo.java:updateAndGet(143)) - c58a0a02-acd3-47c8-b3e9-5b8e0493de45: start FollowerState
2019-10-21 23:47:15,661 [Thread-2937] INFO  impl.FollowerState (FollowerState.java:run(117)) - c58a0a02-acd3-47c8-b3e9-5b8e0493de45@group-2FABE92B7E5B-FollowerState was interrupted: java.lang.InterruptedException: sleep interrupted
2019-10-21 23:47:15,661 [grpc-default-executor-0] INFO  impl.RaftServerImpl (RaftServerImpl.java:setRole(184)) - 1360619e-ba1e-4bf9-aec1-9f15b5480b27@group-2FABE92B7E5B: changes role from  FOLLOWER to FOLLOWER at term 443 for recognizeCandidate:b88b3e43-5534-49b3-b3f2-a9f154b450de
2019-10-21 23:47:15,661 [grpc-default-executor-0] INFO  impl.RoleInfo (RoleInfo.java:shutdownFollowerState(121)) - 1360619e-ba1e-4bf9-aec1-9f15b5480b27: shutdown FollowerState
2019-10-21 23:47:15,661 [grpc-default-executor-0] INFO  impl.RoleInfo (RoleInfo.java:updateAndGet(143)) - 1360619e-ba1e-4bf9-aec1-9f15b5480b27: start FollowerState
2019-10-21 23:47:15,662 [Thread-2938] INFO  impl.FollowerState (FollowerState.java:run(117)) - 1360619e-ba1e-4bf9-aec1-9f15b5480b27@group-2FABE92B7E5B-FollowerState was interrupted: java.lang.InterruptedException: sleep interrupted
2019-10-21 23:47:15,673 [b88b3e43-5534-49b3-b3f2-a9f154b450de@group-2FABE92B7E5B-LeaderElection411] INFO  impl.LeaderElection (LeaderElection.java:logAndReturn(56)) - b88b3e43-5534-49b3-b3f2-a9f154b450de@group-2FABE92B7E5B-LeaderElection411: Election REJECTED; received 2 response(s) [b88b3e43-5534-49b3-b3f2-a9f154b450de<-c58a0a02-acd3-47c8-b3e9-5b8e0493de45#0:FAIL-t443, b88b3e43-5534-49b3-b3f2-a9f154b450de<-1360619e-ba1e-4bf9-aec1-9f15b5480b27#0:FAIL-t443] and 0 exception(s); b88b3e43-5534-49b3-b3f2-a9f154b450de@group-2FABE92B7E5B:t443, leader=null, voted=b88b3e43-5534-49b3-b3f2-a9f154b450de, raftlog=b88b3e43-5534-49b3-b3f2-a9f154b450de@group-2FABE92B7E5B-SegmentedRaftLog:OPENED:c-1,f-1,i0, conf=-1: [c58a0a02-acd3-47c8-b3e9-5b8e0493de45:192.168.157.254:33611, 1360619e-ba1e-4bf9-aec1-9f15b5480b27:192.168.157.254:45658, b88b3e43-5534-49b3-b3f2-a9f154b450de:192.168.157.254:46786], old=null
2019-10-21 23:47:15,674 [b88b3e43-5534-49b3-b3f2-a9f154b450de@group-2FABE92B7E5B-LeaderElection411] INFO  impl.RaftServerImpl (RaftServerImpl.java:setRole(184)) - b88b3e43-5534-49b3-b3f2-a9f154b450de@group-2FABE92B7E5B: changes role from CANDIDATE to FOLLOWER at term 443 for DISCOVERED_A_NEW_TERM
2019-10-21 23:47:15,674 [b88b3e43-5534-49b3-b3f2-a9f154b450de@group-2FABE92B7E5B-LeaderElection411] INFO  impl.RoleInfo (RoleInfo.java:shutdownLeaderElection(134)) - b88b3e43-5534-49b3-b3f2-a9f154b450de: shutdown LeaderElection
2019-10-21 23:47:15,674 [b88b3e43-5534-49b3-b3f2-a9f154b450de@group-2FABE92B7E5B-LeaderElection411] INFO  impl.RoleInfo (RoleInfo.java:updateAndGet(143)) - b88b3e43-5534-49b3-b3f2-a9f154b450de: start FollowerState
2019-10-21 23:47:15,815 [Thread-2945] INFO  impl.FollowerState (FollowerState.java:run(108)) - b88b3e43-5534-49b3-b3f2-a9f154b450de@group-2FABE92B7E5B-FollowerState: change to CANDIDATE, lastRpcTime:141ms, electionTimeout:141ms
2019-10-21 23:47:15,815 [Thread-2945] INFO  impl.RoleInfo (RoleInfo.java:shutdownFollowerState(121)) - b88b3e43-5534-49b3-b3f2-a9f154b450de: shutdown FollowerState
2019-10-21 23:47:15,816 [Thread-2945] INFO  impl.RaftServerImpl (RaftServerImpl.java:setRole(184)) - b88b3e43-5534-49b3-b3f2-a9f154b450de@group-2FABE92B7E5B: changes role from  FOLLOWER to CANDIDATE at term 443 for changeToCandidate
2019-10-21 23:47:15,816 [Thread-2945] INFO  impl.RoleInfo (RoleInfo.java:updateAndGet(143)) - b88b3e43-5534-49b3-b3f2-a9f154b450de: start LeaderElection
2019-10-21 23:47:15,824 [b88b3e43-5534-49b3-b3f2-a9f154b450de@group-2FABE92B7E5B-LeaderElection412] INFO  impl.LeaderElection (LeaderElection.java:askForVotes(178)) - b88b3e43-5534-49b3-b3f2-a9f154b450de@group-2FABE92B7E5B-LeaderElection412: begin an election at term 444 for -1: [c58a0a02-acd3-47c8-b3e9-5b8e0493de45:192.168.157.254:33611, 1360619e-ba1e-4bf9-aec1-9f15b5480b27:192.168.157.254:45658, b88b3e43-5534-49b3-b3f2-a9f154b450de:192.168.157.254:46786], old=null
2019-10-21 23:47:15,826 [grpc-default-executor-0] INFO  impl.RaftServerImpl (RaftServerImpl.java:setRole(184)) - c58a0a02-acd3-47c8-b3e9-5b8e0493de45@group-2FABE92B7E5B: changes role from  FOLLOWER to FOLLOWER at term 444 for recognizeCandidate:b88b3e43-5534-49b3-b3f2-a9f154b450de
2019-10-21 23:47:15,826 [grpc-default-executor-0] INFO  impl.RoleInfo (RoleInfo.java:shutdownFollowerState(121)) - c58a0a02-acd3-47c8-b3e9-5b8e0493de45: shutdown FollowerState
2019-10-21 23:47:15,826 [grpc-default-executor-1] INFO  impl.RaftServerImpl (RaftServerImpl.java:setRole(184)) - 1360619e-ba1e-4bf9-aec1-9f15b5480b27@group-2FABE92B7E5B: changes role from  FOLLOWER to FOLLOWER at term 444 for recognizeCandidate:b88b3e43-5534-49b3-b3f2-a9f154b450de
2019-10-21 23:47:15,827 [grpc-default-executor-1] INFO  impl.RoleInfo (RoleInfo.java:shutdownFollowerState(121)) - 1360619e-ba1e-4bf9-aec1-9f15b5480b27: shutdown FollowerState
2019-10-21 23:47:15,827 [Thread-2943] INFO  impl.FollowerState (FollowerState.java:run(117)) - c58a0a02-acd3-47c8-b3e9-5b8e0493de45@group-2FABE92B7E5B-FollowerState was interrupted: java.lang.InterruptedException: sleep interrupted
2019-10-21 23:47:15,826 [grpc-default-executor-0] INFO  impl.RoleInfo (RoleInfo.java:updateAndGet(143)) - c58a0a02-acd3-47c8-b3e9-5b8e0493de45: start FollowerState
2019-10-21 23:47:15,827 [Thread-2944] INFO  impl.FollowerState (FollowerState.java:run(117)) - 1360619e-ba1e-4bf9-aec1-9f15b5480b27@group-2FABE92B7E5B-FollowerState was interrupted: java.lang.InterruptedException: sleep interrupted
2019-10-21 23:47:15,827 [grpc-default-executor-1] INFO  impl.RoleInfo (RoleInfo.java:updateAndGet(143)) - 1360619e-ba1e-4bf9-aec1-9f15b5480b27: start FollowerState
2019-10-21 23:47:15,843 [b88b3e43-5534-49b3-b3f2-a9f154b450de@group-2FABE92B7E5B-LeaderElection412] INFO  impl.LeaderElection (LeaderElection.java:logAndReturn(56)) - b88b3e43-5534-49b3-b3f2-a9f154b450de@group-2FABE92B7E5B-LeaderElection412: Election REJECTED; received 2 response(s) [b88b3e43-5534-49b3-b3f2-a9f154b450de<-c58a0a02-acd3-47c8-b3e9-5b8e0493de45#0:FAIL-t444, b88b3e43-5534-49b3-b3f2-a9f154b450de<-1360619e-ba1e-4bf9-aec1-9f15b5480b27#0:FAIL-t444] and 0 exception(s); b88b3e43-5534-49b3-b3f2-a9f154b450de@group-2FABE92B7E5B:t444, leader=null, voted=b88b3e43-5534-49b3-b3f2-a9f154b450de, raftlog=b88b3e43-5534-49b3-b3f2-a9f154b450de@group-2FABE92B7E5B-SegmentedRaftLog:OPENED:c-1,f-1,i0, conf=-1: [c58a0a02-acd3-47c8-b3e9-5b8e0493de45:192.168.157.254:33611, 1360619e-ba1e-4bf9-aec1-9f15b5480b27:192.168.157.254:45658, b88b3e43-5534-49b3-b3f2-a9f154b450de:192.168.157.254:46786], old=null
2019-10-21 23:47:15,843 [b88b3e43-5534-49b3-b3f2-a9f154b450de@group-2FABE92B7E5B-LeaderElection412] INFO  impl.RaftServerImpl (RaftServerImpl.java:setRole(184)) - b88b3e43-5534-49b3-b3f2-a9f154b450de@group-2FABE92B7E5B: changes role from CANDIDATE to FOLLOWER at term 444 for DISCOVERED_A_NEW_TERM
2019-10-21 23:47:15,843 [b88b3e43-5534-49b3-b3f2-a9f154b450de@group-2FABE92B7E5B-LeaderElection412] INFO  impl.RoleInfo (RoleInfo.java:shutdownLeaderElection(134)) - b88b3e43-5534-49b3-b3f2-a9f154b450de: shutdown LeaderElection
2019-10-21 23:47:15,843 [b88b3e43-5534-49b3-b3f2-a9f154b450de@group-2FABE92B7E5B-LeaderElection412] INFO  impl.RoleInfo (RoleInfo.java:updateAndGet(143)) - b88b3e43-5534-49b3-b3f2-a9f154b450de: start FollowerState
2019-10-21 23:47:15,872 [Thread-2951] INFO  impl.FollowerState (FollowerState.java:run(108)) - b88b3e43-5534-49b3-b3f2-a9f154b450de@group-2FABE92B7E5B-FollowerState: change to CANDIDATE, lastRpcTime:29ms, electionTimeout:29ms
2019-10-21 23:47:15,873 [Thread-2951] INFO  impl.RoleInfo (RoleInfo.java:shutdownFollowerState(121)) - b88b3e43-5534-49b3-b3f2-a9f154b450de: shutdown FollowerState
2019-10-21 23:47:15,873 [Thread-2951] INFO  impl.RaftServerImpl (RaftServerImpl.java:setRole(184)) - b88b3e43-5534-49b3-b3f2-a9f154b450de@group-2FABE92B7E5B: changes role from  FOLLOWER to CANDIDATE at term 444 for changeToCandidate
2019-10-21 23:47:15,873 [Thread-2951] INFO  impl.RoleInfo (RoleInfo.java:updateAndGet(143)) - b88b3e43-5534-49b3-b3f2-a9f154b450de: start LeaderElection
2019-10-21 23:47:15,876 [b88b3e43-5534-49b3-b3f2-a9f154b450de@group-2FABE92B7E5B-LeaderElection413] INFO  impl.LeaderElection (LeaderElection.java:askForVotes(178)) - b88b3e43-5534-49b3-b3f2-a9f154b450de@group-2FABE92B7E5B-LeaderElection413: begin an election at term 445 for -1: [c58a0a02-acd3-47c8-b3e9-5b8e0493de45:192.168.157.254:33611, 1360619e-ba1e-4bf9-aec1-9f15b5480b27:192.168.157.254:45658, b88b3e43-5534-49b3-b3f2-a9f154b450de:192.168.157.254:46786], old=null
2019-10-21 23:47:15,878 [grpc-default-executor-0] INFO  impl.RaftServerImpl (RaftServerImpl.java:setRole(184)) - c58a0a02-acd3-47c8-b3e9-5b8e0493de45@group-2FABE92B7E5B: changes role from  FOLLOWER to FOLLOWER at term 445 for recognizeCandidate:b88b3e43-5534-49b3-b3f2-a9f154b450de
2019-10-21 23:47:15,878 [grpc-default-executor-0] INFO  impl.RoleInfo (RoleInfo.java:shutdownFollowerState(121)) - c58a0a02-acd3-47c8-b3e9-5b8e0493de45: shutdown FollowerState
2019-10-21 23:47:15,878 [grpc-default-executor-0] INFO  impl.RoleInfo (RoleInfo.java:updateAndGet(143)) - c58a0a02-acd3-47c8-b3e9-5b8e0493de45: start FollowerState
2019-10-21 23:47:15,878 [Thread-2949] INFO  impl.FollowerState (FollowerState.java:run(117)) - c58a0a02-acd3-47c8-b3e9-5b8e0493de45@group-2FABE92B7E5B-FollowerState was interrupted: java.lang.InterruptedException: sleep interrupted
2019-10-21 23:47:15,878 [grpc-default-executor-1] INFO  impl.RaftServerImpl (RaftServerImpl.java:setRole(184)) - 1360619e-ba1e-4bf9-aec1-9f15b5480b27@group-2FABE92B7E5B: changes role from  FOLLOWER to FOLLOWER at term 445 for recognizeCandidate:b88b3e43-5534-49b3-b3f2-a9f154b450de
2019-10-21 23:47:15,878 [grpc-default-executor-1] INFO  impl.RoleInfo (RoleInfo.java:shutdownFollowerState(121)) - 1360619e-ba1e-4bf9-aec1-9f15b5480b27: shutdown FollowerState
2019-10-21 23:47:15,879 [grpc-default-executor-1] INFO  impl.RoleInfo (RoleInfo.java:updateAndGet(143)) - 1360619e-ba1e-4bf9-aec1-9f15b5480b27: start FollowerState
2019-10-21 23:47:15,879 [Thread-2950] INFO  impl.FollowerState (FollowerState.java:run(117)) - 1360619e-ba1e-4bf9-aec1-9f15b5480b27@group-2FABE92B7E5B-FollowerState was interrupted: java.lang.InterruptedException: sleep interrupted
2019-10-21 23:47:15,887 [b88b3e43-5534-49b3-b3f2-a9f154b450de@group-2FABE92B7E5B-LeaderElection413] INFO  impl.LeaderElection (LeaderElection.java:logAndReturn(56)) - b88b3e43-5534-49b3-b3f2-a9f154b450de@group-2FABE92B7E5B-LeaderElection413: Election REJECTED; received 2 response(s) [b88b3e43-5534-49b3-b3f2-a9f154b450de<-c58a0a02-acd3-47c8-b3e9-5b8e0493de45#0:FAIL-t445, b88b3e43-5534-49b3-b3f2-a9f154b450de<-1360619e-ba1e-4bf9-aec1-9f15b5480b27#0:FAIL-t445] and 0 exception(s); b88b3e43-5534-49b3-b3f2-a9f154b450de@group-2FABE92B7E5B:t445, leader=null, voted=b88b3e43-5534-49b3-b3f2-a9f154b450de, raftlog=b88b3e43-5534-49b3-b3f2-a9f154b450de@group-2FABE92B7E5B-SegmentedRaftLog:OPENED:c-1,f-1,i0, conf=-1: [c58a0a02-acd3-47c8-b3e9-5b8e0493de45:192.168.157.254:33611, 1360619e-ba1e-4bf9-aec1-9f15b5480b27:192.168.157.254:45658, b88b3e43-5534-49b3-b3f2-a9f154b450de:192.168.157.254:46786], old=null
2019-10-21 23:47:15,887 [b88b3e43-5534-49b3-b3f2-a9f154b450de@group-2FABE92B7E5B-LeaderElection413] INFO  impl.RaftServerImpl (RaftServerImpl.java:setRole(184)) - b88b3e43-5534-49b3-b3f2-a9f154b450de@group-2FABE92B7E5B: changes role from CANDIDATE to FOLLOWER at term 445 for DISCOVERED_A_NEW_TERM
2019-10-21 23:47:15,887 [b88b3e43-5534-49b3-b3f2-a9f154b450de@group-2FABE92B7E5B-LeaderElection413] INFO  impl.RoleInfo (RoleInfo.java:shutdownLeaderElection(134)) - b88b3e43-5534-49b3-b3f2-a9f154b450de: shutdown LeaderElection
2019-10-21 23:47:15,887 [b88b3e43-5534-49b3-b3f2-a9f154b450de@group-2FABE92B7E5B-LeaderElection413] INFO  impl.RoleInfo (RoleInfo.java:updateAndGet(143)) - b88b3e43-5534-49b3-b3f2-a9f154b450de: start FollowerState
2019-10-21 23:47:16,082 [Thread-2957] INFO  impl.FollowerState (FollowerState.java:run(108)) - b88b3e43-5534-49b3-b3f2-a9f154b450de@group-2FABE92B7E5B-FollowerState: change to CANDIDATE, lastRpcTime:194ms, electionTimeout:194ms
2019-10-21 23:47:16,082 [Thread-2957] INFO  impl.RoleInfo (RoleInfo.java:shutdownFollowerState(121)) - b88b3e43-5534-49b3-b3f2-a9f154b450de: shutdown FollowerState
2019-10-21 23:47:16,082 [Thread-2957] INFO  impl.RaftServerImpl (RaftServerImpl.java:setRole(184)) - b88b3e43-5534-49b3-b3f2-a9f154b450de@group-2FABE92B7E5B: changes role from  FOLLOWER to CANDIDATE at term 445 for changeToCandidate
2019-10-21 23:47:16,082 [Thread-2957] INFO  impl.RoleInfo (RoleInfo.java:updateAndGet(143)) - b88b3e43-5534-49b3-b3f2-a9f154b450de: start LeaderElection
2019-10-21 23:47:16,096 [b88b3e43-5534-49b3-b3f2-a9f154b450de@group-2FABE92B7E5B-LeaderElection414] INFO  impl.LeaderElection (LeaderElection.java:askForVotes(178)) - b88b3e43-5534-49b3-b3f2-a9f154b450de@group-2FABE92B7E5B-LeaderElection414: begin an election at term 446 for -1: [c58a0a02-acd3-47c8-b3e9-5b8e0493de45:192.168.157.254:33611, 1360619e-ba1e-4bf9-aec1-9f15b5480b27:192.168.157.254:45658, b88b3e43-5534-49b3-b3f2-a9f154b450de:192.168.157.254:46786], old=null
2019-10-21 23:47:16,098 [grpc-default-executor-0] INFO  impl.RaftServerImpl (RaftServerImpl.java:setRole(184)) - 1360619e-ba1e-4bf9-aec1-9f15b5480b27@group-2FABE92B7E5B: changes role from  FOLLOWER to FOLLOWER at term 446 for recognizeCandidate:b88b3e43-5534-49b3-b3f2-a9f154b450de
2019-10-21 23:47:16,098 [grpc-default-executor-1] INFO  impl.RaftServerImpl (RaftServerImpl.java:setRole(184)) - c58a0a02-acd3-47c8-b3e9-5b8e0493de45@group-2FABE92B7E5B: changes role from  FOLLOWER to FOLLOWER at term 446 for recognizeCandidate:b88b3e43-5534-49b3-b3f2-a9f154b450de
2019-10-21 23:47:16,098 [grpc-default-executor-0] INFO  impl.RoleInfo (RoleInfo.java:shutdownFollowerState(121)) - 1360619e-ba1e-4bf9-aec1-9f15b5480b27: shutdown FollowerState
2019-10-21 23:47:16,098 [grpc-default-executor-1] INFO  impl.RoleInfo (RoleInfo.java:shutdownFollowerState(121)) - c58a0a02-acd3-47c8-b3e9-5b8e0493de45: shutdown FollowerState
2019-10-21 23:47:16,098 [Thread-2956] INFO  impl.FollowerState (FollowerState.java:run(117)) - 1360619e-ba1e-4bf9-aec1-9f15b5480b27@group-2FABE92B7E5B-FollowerState was interrupted: java.lang.InterruptedException: sleep interrupted
2019-10-21 23:47:16,098 [grpc-default-executor-0] INFO  impl.RoleInfo (RoleInfo.java:updateAndGet(143)) - 1360619e-ba1e-4bf9-aec1-9f15b5480b27: start FollowerState
2019-10-21 23:47:16,098 [grpc-default-executor-1] INFO  impl.RoleInfo (RoleInfo.java:updateAndGet(143)) - c58a0a02-acd3-47c8-b3e9-5b8e0493de45: start FollowerState
2019-10-21 23:47:16,098 [Thread-2955] INFO  impl.FollowerState (FollowerState.java:run(117)) - c58a0a02-acd3-47c8-b3e9-5b8e0493de45@group-2FABE92B7E5B-FollowerState was interrupted: java.lang.InterruptedException: sleep interrupted
2019-10-21 23:47:16,113 [b88b3e43-5534-49b3-b3f2-a9f154b450de@group-2FABE92B7E5B-LeaderElection414] INFO  impl.LeaderElection (LeaderElection.java:logAndReturn(56)) - b88b3e43-5534-49b3-b3f2-a9f154b450de@group-2FABE92B7E5B-LeaderElection414: Election REJECTED; received 2 response(s) [b88b3e43-5534-49b3-b3f2-a9f154b450de<-c58a0a02-acd3-47c8-b3e9-5b8e0493de45#0:FAIL-t446, b88b3e43-5534-49b3-b3f2-a9f154b450de<-1360619e-ba1e-4bf9-aec1-9f15b5480b27#0:FAIL-t446] and 0 exception(s); b88b3e43-5534-49b3-b3f2-a9f154b450de@group-2FABE92B7E5B:t446, leader=null, voted=b88b3e43-5534-49b3-b3f2-a9f154b450de, raftlog=b88b3e43-5534-49b3-b3f2-a9f154b450de@group-2FABE92B7E5B-SegmentedRaftLog:OPENED:c-1,f-1,i0, conf=-1: [c58a0a02-acd3-47c8-b3e9-5b8e0493de45:192.168.157.254:33611, 1360619e-ba1e-4bf9-aec1-9f15b5480b27:192.168.157.254:45658, b88b3e43-5534-49b3-b3f2-a9f154b450de:192.168.157.254:46786], old=null
2019-10-21 23:47:16,113 [b88b3e43-5534-49b3-b3f2-a9f154b450de@group-2FABE92B7E5B-LeaderElection414] INFO  impl.RaftServerImpl (RaftServerImpl.java:setRole(184)) - b88b3e43-5534-49b3-b3f2-a9f154b450de@group-2FABE92B7E5B: changes role from CANDIDATE to FOLLOWER at term 446 for DISCOVERED_A_NEW_TERM
2019-10-21 23:47:16,113 [b88b3e43-5534-49b3-b3f2-a9f154b450de@group-2FABE92B7E5B-LeaderElection414] INFO  impl.RoleInfo (RoleInfo.java:shutdownLeaderElection(134)) - b88b3e43-5534-49b3-b3f2-a9f154b450de: shutdown LeaderElection
2019-10-21 23:47:16,113 [b88b3e43-5534-49b3-b3f2-a9f154b450de@group-2FABE92B7E5B-LeaderElection414] INFO  impl.RoleInfo (RoleInfo.java:updateAndGet(143)) - b88b3e43-5534-49b3-b3f2-a9f154b450de: start FollowerState
2019-10-21 23:47:16,244 [Thread-2963] INFO  impl.FollowerState (FollowerState.java:run(108)) - b88b3e43-5534-49b3-b3f2-a9f154b450de@group-2FABE92B7E5B-FollowerState: change to CANDIDATE, lastRpcTime:130ms, electionTimeout:130ms
2019-10-21 23:47:16,244 [Thread-2963] INFO  impl.RoleInfo (RoleInfo.java:shutdownFollowerState(121)) - b88b3e43-5534-49b3-b3f2-a9f154b450de: shutdown FollowerState
2019-10-21 23:47:16,244 [Thread-2963] INFO  impl.RaftServerImpl (RaftServerImpl.java:setRole(184)) - b88b3e43-5534-49b3-b3f2-a9f154b450de@group-2FABE92B7E5B: changes role from  FOLLOWER to CANDIDATE at term 446 for changeToCandidate
2019-10-21 23:47:16,244 [Thread-2963] INFO  impl.RoleInfo (RoleInfo.java:updateAndGet(143)) - b88b3e43-5534-49b3-b3f2-a9f154b450de: start LeaderElection
2019-10-21 23:47:16,254 [b88b3e43-5534-49b3-b3f2-a9f154b450de@group-2FABE92B7E5B-LeaderElection415] INFO  impl.LeaderElection (LeaderElection.java:askForVotes(178)) - b88b3e43-5534-49b3-b3f2-a9f154b450de@group-2FABE92B7E5B-LeaderElection415: begin an election at term 447 for -1: [c58a0a02-acd3-47c8-b3e9-5b8e0493de45:192.168.157.254:33611, 1360619e-ba1e-4bf9-aec1-9f15b5480b27:192.168.157.254:45658, b88b3e43-5534-49b3-b3f2-a9f154b450de:192.168.157.254:46786], old=null
2019-10-21 23:47:16,256 [grpc-default-executor-1] INFO  impl.RaftServerImpl (RaftServerImpl.java:setRole(184)) - c58a0a02-acd3-47c8-b3e9-5b8e0493de45@group-2FABE92B7E5B: changes role from  FOLLOWER to FOLLOWER at term 447 for recognizeCandidate:b88b3e43-5534-49b3-b3f2-a9f154b450de
2019-10-21 23:47:16,256 [grpc-default-executor-0] INFO  impl.RaftServerImpl (RaftServerImpl.java:setRole(184)) - 1360619e-ba1e-4bf9-aec1-9f15b5480b27@group-2FABE92B7E5B: changes role from  FOLLOWER to FOLLOWER at term 447 for recognizeCandidate:b88b3e43-5534-49b3-b3f2-a9f154b450de
2019-10-21 23:47:16,256 [grpc-default-executor-1] INFO  impl.RoleInfo (RoleInfo.java:shutdownFollowerState(121)) - c58a0a02-acd3-47c8-b3e9-5b8e0493de45: shutdown FollowerState
2019-10-21 23:47:16,256 [grpc-default-executor-0] INFO  impl.RoleInfo (RoleInfo.java:shutdownFollowerState(121)) - 1360619e-ba1e-4bf9-aec1-9f15b5480b27: shutdown FollowerState
2019-10-21 23:47:16,257 [Thread-2962] INFO  impl.FollowerState (FollowerState.java:run(117)) - c58a0a02-acd3-47c8-b3e9-5b8e0493de45@group-2FABE92B7E5B-FollowerState was interrupted: java.lang.InterruptedException: sleep interrupted
2019-10-21 23:47:16,257 [Thread-2961] INFO  impl.FollowerState (FollowerState.java:run(117)) - 1360619e-ba1e-4bf9-aec1-9f15b5480b27@group-2FABE92B7E5B-FollowerState was interrupted: java.lang.InterruptedException: sleep interrupted
2019-10-21 23:47:16,256 [grpc-default-executor-1] INFO  impl.RoleInfo (RoleInfo.java:updateAndGet(143)) - c58a0a02-acd3-47c8-b3e9-5b8e0493de45: start FollowerState
2019-10-21 23:47:16,257 [grpc-default-executor-0] INFO  impl.RoleInfo (RoleInfo.java:updateAndGet(143)) - 1360619e-ba1e-4bf9-aec1-9f15b5480b27: start FollowerState
2019-10-21 23:47:16,271 [b88b3e43-5534-49b3-b3f2-a9f154b450de@group-2FABE92B7E5B-LeaderElection415] INFO  impl.LeaderElection (LeaderElection.java:logAndReturn(56)) - b88b3e43-5534-49b3-b3f2-a9f154b450de@group-2FABE92B7E5B-LeaderElection415: Election REJECTED; received 2 response(s) [b88b3e43-5534-49b3-b3f2-a9f154b450de<-c58a0a02-acd3-47c8-b3e9-5b8e0493de45#0:FAIL-t447, b88b3e43-5534-49b3-b3f2-a9f154b450de<-1360619e-ba1e-4bf9-aec1-9f15b5480b27#0:FAIL-t447] and 0 exception(s); b88b3e43-5534-49b3-b3f2-a9f154b450de@group-2FABE92B7E5B:t447, leader=null, voted=b88b3e43-5534-49b3-b3f2-a9f154b450de, raftlog=b88b3e43-5534-49b3-b3f2-a9f154b450de@group-2FABE92B7E5B-SegmentedRaftLog:OPENED:c-1,f-1,i0, conf=-1: [c58a0a02-acd3-47c8-b3e9-5b8e0493de45:192.168.157.254:33611, 1360619e-ba1e-4bf9-aec1-9f15b5480b27:192.168.157.254:45658, b88b3e43-5534-49b3-b3f2-a9f154b450de:192.168.157.254:46786], old=null
2019-10-21 23:47:16,272 [b88b3e43-5534-49b3-b3f2-a9f154b450de@group-2FABE92B7E5B-LeaderElection415] INFO  impl.RaftServerImpl (RaftServerImpl.java:setRole(184)) - b88b3e43-5534-49b3-b3f2-a9f154b450de@group-2FABE92B7E5B: changes role from CANDIDATE to FOLLOWER at term 447 for DISCOVERED_A_NEW_TERM
2019-10-21 23:47:16,272 [b88b3e43-5534-49b3-b3f2-a9f154b450de@group-2FABE92B7E5B-LeaderElection415] INFO  impl.RoleInfo (RoleInfo.java:shutdownLeaderElection(134)) - b88b3e43-5534-49b3-b3f2-a9f154b450de: shutdown LeaderElection
2019-10-21 23:47:16,272 [b88b3e43-5534-49b3-b3f2-a9f154b450de@group-2FABE92B7E5B-LeaderElection415] INFO  impl.RoleInfo (RoleInfo.java:updateAndGet(143)) - b88b3e43-5534-49b3-b3f2-a9f154b450de: start FollowerState
2019-10-21 23:47:16,304 [Thread-2969] INFO  impl.FollowerState (FollowerState.java:run(108)) - b88b3e43-5534-49b3-b3f2-a9f154b450de@group-2FABE92B7E5B-FollowerState: change to CANDIDATE, lastRpcTime:32ms, electionTimeout:32ms
2019-10-21 23:47:16,304 [Thread-2969] INFO  impl.RoleInfo (RoleInfo.java:shutdownFollowerState(121)) - b88b3e43-5534-49b3-b3f2-a9f154b450de: shutdown FollowerState
2019-10-21 23:47:16,305 [Thread-2969] INFO  impl.RaftServerImpl (RaftServerImpl.java:setRole(184)) - b88b3e43-5534-49b3-b3f2-a9f154b450de@group-2FABE92B7E5B: changes role from  FOLLOWER to CANDIDATE at term 447 for changeToCandidate
2019-10-21 23:47:16,305 [Thread-2969] INFO  impl.RoleInfo (RoleInfo.java:updateAndGet(143)) - b88b3e43-5534-49b3-b3f2-a9f154b450de: start LeaderElection
2019-10-21 23:47:16,319 [b88b3e43-5534-49b3-b3f2-a9f154b450de@group-2FABE92B7E5B-LeaderElection416] INFO  impl.LeaderElection (LeaderElection.java:askForVotes(178)) - b88b3e43-5534-49b3-b3f2-a9f154b450de@group-2FABE92B7E5B-LeaderElection416: begin an election at term 448 for -1: [c58a0a02-acd3-47c8-b3e9-5b8e0493de45:192.168.157.254:33611, 1360619e-ba1e-4bf9-aec1-9f15b5480b27:192.168.157.254:45658, b88b3e43-5534-49b3-b3f2-a9f154b450de:192.168.157.254:46786], old=null
2019-10-21 23:47:16,320 [grpc-default-executor-0] INFO  impl.RaftServerImpl (RaftServerImpl.java:setRole(184)) - c58a0a02-acd3-47c8-b3e9-5b8e0493de45@group-2FABE92B7E5B: changes role from  FOLLOWER to FOLLOWER at term 448 for recognizeCandidate:b88b3e43-5534-49b3-b3f2-a9f154b450de
2019-10-21 23:47:16,321 [grpc-default-executor-0] INFO  impl.RoleInfo (RoleInfo.java:shutdownFollowerState(121)) - c58a0a02-acd3-47c8-b3e9-5b8e0493de45: shutdown FollowerState
2019-10-21 23:47:16,321 [grpc-default-executor-0] INFO  impl.RoleInfo (RoleInfo.java:updateAndGet(143)) - c58a0a02-acd3-47c8-b3e9-5b8e0493de45: start FollowerState
2019-10-21 23:47:16,321 [Thread-2967] INFO  impl.FollowerState (FollowerState.java:run(117)) - c58a0a02-acd3-47c8-b3e9-5b8e0493de45@group-2FABE92B7E5B-FollowerState was interrupted: java.lang.InterruptedException: sleep interrupted
2019-10-21 23:47:16,321 [grpc-default-executor-1] INFO  impl.RaftServerImpl (RaftServerImpl.java:setRole(184)) - 1360619e-ba1e-4bf9-aec1-9f15b5480b27@group-2FABE92B7E5B: changes role from  FOLLOWER to FOLLOWER at term 448 for recognizeCandidate:b88b3e43-5534-49b3-b3f2-a9f154b450de
2019-10-21 23:47:16,321 [grpc-default-executor-1] INFO  impl.RoleInfo (RoleInfo.java:shutdownFollowerState(121)) - 1360619e-ba1e-4bf9-aec1-9f15b5480b27: shutdown FollowerState
2019-10-21 23:47:16,321 [Thread-2968] INFO  impl.FollowerState (FollowerState.java:run(117)) - 1360619e-ba1e-4bf9-aec1-9f15b5480b27@group-2FABE92B7E5B-FollowerState was interrupted: java.lang.InterruptedException: sleep interrupted
2019-10-21 23:47:16,321 [grpc-default-executor-1] INFO  impl.RoleInfo (RoleInfo.java:updateAndGet(143)) - 1360619e-ba1e-4bf9-aec1-9f15b5480b27: start FollowerState
2019-10-21 23:47:16,335 [b88b3e43-5534-49b3-b3f2-a9f154b450de@group-2FABE92B7E5B-LeaderElection416] INFO  impl.LeaderElection (LeaderElection.java:logAndReturn(56)) - b88b3e43-5534-49b3-b3f2-a9f154b450de@group-2FABE92B7E5B-LeaderElection416: Election REJECTED; received 2 response(s) [b88b3e43-5534-49b3-b3f2-a9f154b450de<-c58a0a02-acd3-47c8-b3e9-5b8e0493de45#0:FAIL-t448, b88b3e43-5534-49b3-b3f2-a9f154b450de<-1360619e-ba1e-4bf9-aec1-9f15b5480b27#0:FAIL-t448] and 0 exception(s); b88b3e43-5534-49b3-b3f2-a9f154b450de@group-2FABE92B7E5B:t448, leader=null, voted=b88b3e43-5534-49b3-b3f2-a9f154b450de, raftlog=b88b3e43-5534-49b3-b3f2-a9f154b450de@group-2FABE92B7E5B-SegmentedRaftLog:OPENED:c-1,f-1,i0, conf=-1: [c58a0a02-acd3-47c8-b3e9-5b8e0493de45:192.168.157.254:33611, 1360619e-ba1e-4bf9-aec1-9f15b5480b27:192.168.157.254:45658, b88b3e43-5534-49b3-b3f2-a9f154b450de:192.168.157.254:46786], old=null
2019-10-21 23:47:16,335 [b88b3e43-5534-49b3-b3f2-a9f154b450de@group-2FABE92B7E5B-LeaderElection416] INFO  impl.RaftServerImpl (RaftServerImpl.java:setRole(184)) - b88b3e43-5534-49b3-b3f2-a9f154b450de@group-2FABE92B7E5B: changes role from CANDIDATE to FOLLOWER at term 448 for DISCOVERED_A_NEW_TERM
2019-10-21 23:47:16,336 [b88b3e43-5534-49b3-b3f2-a9f154b450de@group-2FABE92B7E5B-LeaderElection416] INFO  impl.RoleInfo (RoleInfo.java:shutdownLeaderElection(134)) - b88b3e43-5534-49b3-b3f2-a9f154b450de: shutdown LeaderElection
2019-10-21 23:47:16,336 [b88b3e43-5534-49b3-b3f2-a9f154b450de@group-2FABE92B7E5B-LeaderElection416] INFO  impl.RoleInfo (RoleInfo.java:updateAndGet(143)) - b88b3e43-5534-49b3-b3f2-a9f154b450de: start FollowerState
2019-10-21 23:47:16,343 [Thread-2975] INFO  impl.FollowerState (FollowerState.java:run(108)) - b88b3e43-5534-49b3-b3f2-a9f154b450de@group-2FABE92B7E5B-FollowerState: change to CANDIDATE, lastRpcTime:7ms, electionTimeout:7ms
2019-10-21 23:47:16,343 [Thread-2975] INFO  impl.RoleInfo (RoleInfo.java:shutdownFollowerState(121)) - b88b3e43-5534-49b3-b3f2-a9f154b450de: shutdown FollowerState
2019-10-21 23:47:16,343 [Thread-2975] INFO  impl.RaftServerImpl (RaftServerImpl.java:setRole(184)) - b88b3e43-5534-49b3-b3f2-a9f154b450de@group-2FABE92B7E5B: changes role from  FOLLOWER to CANDIDATE at term 448 for changeToCandidate
2019-10-21 23:47:16,343 [Thread-2975] INFO  impl.RoleInfo (RoleInfo.java:updateAndGet(143)) - b88b3e43-5534-49b3-b3f2-a9f154b450de: start LeaderElection
2019-10-21 23:47:16,356 [b88b3e43-5534-49b3-b3f2-a9f154b450de@group-2FABE92B7E5B-LeaderElection417] INFO  impl.LeaderElection (LeaderElection.java:askForVotes(178)) - b88b3e43-5534-49b3-b3f2-a9f154b450de@group-2FABE92B7E5B-LeaderElection417: begin an election at term 449 for -1: [c58a0a02-acd3-47c8-b3e9-5b8e0493de45:192.168.157.254:33611, 1360619e-ba1e-4bf9-aec1-9f15b5480b27:192.168.157.254:45658, b88b3e43-5534-49b3-b3f2-a9f154b450de:192.168.157.254:46786], old=null
2019-10-21 23:47:16,358 [grpc-default-executor-1] INFO  impl.RaftServerImpl (RaftServerImpl.java:setRole(184)) - c58a0a02-acd3-47c8-b3e9-5b8e0493de45@group-2FABE92B7E5B: changes role from  FOLLOWER to FOLLOWER at term 449 for recognizeCandidate:b88b3e43-5534-49b3-b3f2-a9f154b450de
2019-10-21 23:47:16,358 [grpc-default-executor-1] INFO  impl.RoleInfo (RoleInfo.java:shutdownFollowerState(121)) - c58a0a02-acd3-47c8-b3e9-5b8e0493de45: shutdown FollowerState
2019-10-21 23:47:16,358 [grpc-default-executor-1] INFO  impl.RoleInfo (RoleInfo.java:updateAndGet(143)) - c58a0a02-acd3-47c8-b3e9-5b8e0493de45: start FollowerState
2019-10-21 23:47:16,358 [Thread-2973] INFO  impl.FollowerState (FollowerState.java:run(117)) - c58a0a02-acd3-47c8-b3e9-5b8e0493de45@group-2FABE92B7E5B-FollowerState was interrupted: java.lang.InterruptedException: sleep interrupted
2019-10-21 23:47:16,358 [grpc-default-executor-0] INFO  impl.RaftServerImpl (RaftServerImpl.java:setRole(184)) - 1360619e-ba1e-4bf9-aec1-9f15b5480b27@group-2FABE92B7E5B: changes role from  FOLLOWER to FOLLOWER at term 449 for recognizeCandidate:b88b3e43-5534-49b3-b3f2-a9f154b450de
2019-10-21 23:47:16,358 [grpc-default-executor-0] INFO  impl.RoleInfo (RoleInfo.java:shutdownFollowerState(121)) - 1360619e-ba1e-4bf9-aec1-9f15b5480b27: shutdown FollowerState
2019-10-21 23:47:16,358 [grpc-default-executor-0] INFO  impl.RoleInfo (RoleInfo.java:updateAndGet(143)) - 1360619e-ba1e-4bf9-aec1-9f15b5480b27: start FollowerState
2019-10-21 23:47:16,358 [Thread-2974] INFO  impl.FollowerState (FollowerState.java:run(117)) - 1360619e-ba1e-4bf9-aec1-9f15b5480b27@group-2FABE92B7E5B-FollowerState was interrupted: java.lang.InterruptedException: sleep interrupted
2019-10-21 23:47:16,373 [b88b3e43-5534-49b3-b3f2-a9f154b450de@group-2FABE92B7E5B-LeaderElection417] INFO  impl.LeaderElection (LeaderElection.java:logAndReturn(56)) - b88b3e43-5534-49b3-b3f2-a9f154b450de@group-2FABE92B7E5B-LeaderElection417: Election REJECTED; received 2 response(s) [b88b3e43-5534-49b3-b3f2-a9f154b450de<-c58a0a02-acd3-47c8-b3e9-5b8e0493de45#0:FAIL-t449, b88b3e43-5534-49b3-b3f2-a9f154b450de<-1360619e-ba1e-4bf9-aec1-9f15b5480b27#0:FAIL-t449] and 0 exception(s); b88b3e43-5534-49b3-b3f2-a9f154b450de@group-2FABE92B7E5B:t449, leader=null, voted=b88b3e43-5534-49b3-b3f2-a9f154b450de, raftlog=b88b3e43-5534-49b3-b3f2-a9f154b450de@group-2FABE92B7E5B-SegmentedRaftLog:OPENED:c-1,f-1,i0, conf=-1: [c58a0a02-acd3-47c8-b3e9-5b8e0493de45:192.168.157.254:33611, 1360619e-ba1e-4bf9-aec1-9f15b5480b27:192.168.157.254:45658, b88b3e43-5534-49b3-b3f2-a9f154b450de:192.168.157.254:46786], old=null
2019-10-21 23:47:16,373 [b88b3e43-5534-49b3-b3f2-a9f154b450de@group-2FABE92B7E5B-LeaderElection417] INFO  impl.RaftServerImpl (RaftServerImpl.java:setRole(184)) - b88b3e43-5534-49b3-b3f2-a9f154b450de@group-2FABE92B7E5B: changes role from CANDIDATE to FOLLOWER at term 449 for DISCOVERED_A_NEW_TERM
2019-10-21 23:47:16,373 [b88b3e43-5534-49b3-b3f2-a9f154b450de@group-2FABE92B7E5B-LeaderElection417] INFO  impl.RoleInfo (RoleInfo.java:shutdownLeaderElection(134)) - b88b3e43-5534-49b3-b3f2-a9f154b450de: shutdown LeaderElection
2019-10-21 23:47:16,373 [b88b3e43-5534-49b3-b3f2-a9f154b450de@group-2FABE92B7E5B-LeaderElection417] INFO  impl.RoleInfo (RoleInfo.java:updateAndGet(143)) - b88b3e43-5534-49b3-b3f2-a9f154b450de: start FollowerState
2019-10-21 23:47:16,522 [Thread-2981] INFO  impl.FollowerState (FollowerState.java:run(108)) - b88b3e43-5534-49b3-b3f2-a9f154b450de@group-2FABE92B7E5B-FollowerState: change to CANDIDATE, lastRpcTime:148ms, electionTimeout:148ms
2019-10-21 23:47:16,522 [Thread-2981] INFO  impl.RoleInfo (RoleInfo.java:shutdownFollowerState(121)) - b88b3e43-5534-49b3-b3f2-a9f154b450de: shutdown FollowerState
2019-10-21 23:47:16,522 [Thread-2981] INFO  impl.RaftServerImpl (RaftServerImpl.java:setRole(184)) - b88b3e43-5534-49b3-b3f2-a9f154b450de@group-2FABE92B7E5B: changes role from  FOLLOWER to CANDIDATE at term 449 for changeToCandidate
2019-10-21 23:47:16,522 [Thread-2981] INFO  impl.RoleInfo (RoleInfo.java:updateAndGet(143)) - b88b3e43-5534-49b3-b3f2-a9f154b450de: start LeaderElection
2019-10-21 23:47:16,548 [b88b3e43-5534-49b3-b3f2-a9f154b450de@group-2FABE92B7E5B-LeaderElection418] INFO  impl.LeaderElection (LeaderElection.java:askForVotes(178)) - b88b3e43-5534-49b3-b3f2-a9f154b450de@group-2FABE92B7E5B-LeaderElection418: begin an election at term 450 for -1: [c58a0a02-acd3-47c8-b3e9-5b8e0493de45:192.168.157.254:33611, 1360619e-ba1e-4bf9-aec1-9f15b5480b27:192.168.157.254:45658, b88b3e43-5534-49b3-b3f2-a9f154b450de:192.168.157.254:46786], old=null
2019-10-21 23:47:16,549 [grpc-default-executor-1] INFO  impl.RaftServerImpl (RaftServerImpl.java:setRole(184)) - c58a0a02-acd3-47c8-b3e9-5b8e0493de45@group-2FABE92B7E5B: changes role from  FOLLOWER to FOLLOWER at term 450 for recognizeCandidate:b88b3e43-5534-49b3-b3f2-a9f154b450de
2019-10-21 23:47:16,550 [grpc-default-executor-1] INFO  impl.RoleInfo (RoleInfo.java:shutdownFollowerState(121)) - c58a0a02-acd3-47c8-b3e9-5b8e0493de45: shutdown FollowerState
2019-10-21 23:47:16,550 [grpc-default-executor-1] INFO  impl.RoleInfo (RoleInfo.java:updateAndGet(143)) - c58a0a02-acd3-47c8-b3e9-5b8e0493de45: start FollowerState
2019-10-21 23:47:16,550 [Thread-2979] INFO  impl.FollowerState (FollowerState.java:run(117)) - c58a0a02-acd3-47c8-b3e9-5b8e0493de45@group-2FABE92B7E5B-FollowerState was interrupted: java.lang.InterruptedException: sleep interrupted
2019-10-21 23:47:16,550 [grpc-default-executor-0] INFO  impl.RaftServerImpl (RaftServerImpl.java:setRole(184)) - 1360619e-ba1e-4bf9-aec1-9f15b5480b27@group-2FABE92B7E5B: changes role from  FOLLOWER to FOLLOWER at term 450 for recognizeCandidate:b88b3e43-5534-49b3-b3f2-a9f154b450de
2019-10-21 23:47:16,550 [grpc-default-executor-0] INFO  impl.RoleInfo (RoleInfo.java:shutdownFollowerState(121)) - 1360619e-ba1e-4bf9-aec1-9f15b5480b27: shutdown FollowerState
2019-10-21 23:47:16,550 [grpc-default-executor-0] INFO  impl.RoleInfo (RoleInfo.java:updateAndGet(143)) - 1360619e-ba1e-4bf9-aec1-9f15b5480b27: start FollowerState
2019-10-21 23:47:16,550 [Thread-2980] INFO  impl.FollowerState (FollowerState.java:run(117)) - 1360619e-ba1e-4bf9-aec1-9f15b5480b27@group-2FABE92B7E5B-FollowerState was interrupted: java.lang.InterruptedException: sleep interrupted
2019-10-21 23:47:16,565 [b88b3e43-5534-49b3-b3f2-a9f154b450de@group-2FABE92B7E5B-LeaderElection418] INFO  impl.LeaderElection (LeaderElection.java:logAndReturn(56)) - b88b3e43-5534-49b3-b3f2-a9f154b450de@group-2FABE92B7E5B-LeaderElection418: Election REJECTED; received 2 response(s) [b88b3e43-5534-49b3-b3f2-a9f154b450de<-c58a0a02-acd3-47c8-b3e9-5b8e0493de45#0:FAIL-t450, b88b3e43-5534-49b3-b3f2-a9f154b450de<-1360619e-ba1e-4bf9-aec1-9f15b5480b27#0:FAIL-t450] and 0 exception(s); b88b3e43-5534-49b3-b3f2-a9f154b450de@group-2FABE92B7E5B:t450, leader=null, voted=b88b3e43-5534-49b3-b3f2-a9f154b450de, raftlog=b88b3e43-5534-49b3-b3f2-a9f154b450de@group-2FABE92B7E5B-SegmentedRaftLog:OPENED:c-1,f-1,i0, conf=-1: [c58a0a02-acd3-47c8-b3e9-5b8e0493de45:192.168.157.254:33611, 1360619e-ba1e-4bf9-aec1-9f15b5480b27:192.168.157.254:45658, b88b3e43-5534-49b3-b3f2-a9f154b450de:192.168.157.254:46786], old=null
2019-10-21 23:47:16,565 [b88b3e43-5534-49b3-b3f2-a9f154b450de@group-2FABE92B7E5B-LeaderElection418] INFO  impl.RaftServerImpl (RaftServerImpl.java:setRole(184)) - b88b3e43-5534-49b3-b3f2-a9f154b450de@group-2FABE92B7E5B: changes role from CANDIDATE to FOLLOWER at term 450 for DISCOVERED_A_NEW_TERM
2019-10-21 23:47:16,565 [b88b3e43-5534-49b3-b3f2-a9f154b450de@group-2FABE92B7E5B-LeaderElection418] INFO  impl.RoleInfo (RoleInfo.java:shutdownLeaderElection(134)) - b88b3e43-5534-49b3-b3f2-a9f154b450de: shutdown LeaderElection
2019-10-21 23:47:16,565 [b88b3e43-5534-49b3-b3f2-a9f154b450de@group-2FABE92B7E5B-LeaderElection418] INFO  impl.RoleInfo (RoleInfo.java:updateAndGet(143)) - b88b3e43-5534-49b3-b3f2-a9f154b450de: start FollowerState
2019-10-21 23:47:16,583 [Thread-2989] INFO  impl.FollowerState (FollowerState.java:run(108)) - b88b3e43-5534-49b3-b3f2-a9f154b450de@group-2FABE92B7E5B-FollowerState: change to CANDIDATE, lastRpcTime:17ms, electionTimeout:17ms
2019-10-21 23:47:16,583 [Thread-2989] INFO  impl.RoleInfo (RoleInfo.java:shutdownFollowerState(121)) - b88b3e43-5534-49b3-b3f2-a9f154b450de: shutdown FollowerState
2019-10-21 23:47:16,583 [Thread-2989] INFO  impl.RaftServerImpl (RaftServerImpl.java:setRole(184)) - b88b3e43-5534-49b3-b3f2-a9f154b450de@group-2FABE92B7E5B: changes role from  FOLLOWER to CANDIDATE at term 450 for changeToCandidate
2019-10-21 23:47:16,583 [Thread-2989] INFO  impl.RoleInfo (RoleInfo.java:updateAndGet(143)) - b88b3e43-5534-49b3-b3f2-a9f154b450de: start LeaderElection
2019-10-21 23:47:16,596 [b88b3e43-5534-49b3-b3f2-a9f154b450de@group-2FABE92B7E5B-LeaderElection419] INFO  impl.LeaderElection (LeaderElection.java:askForVotes(178)) - b88b3e43-5534-49b3-b3f2-a9f154b450de@group-2FABE92B7E5B-LeaderElection419: begin an election at term 451 for -1: [c58a0a02-acd3-47c8-b3e9-5b8e0493de45:192.168.157.254:33611, 1360619e-ba1e-4bf9-aec1-9f15b5480b27:192.168.157.254:45658, b88b3e43-5534-49b3-b3f2-a9f154b450de:192.168.157.254:46786], old=null
2019-10-21 23:47:16,598 [grpc-default-executor-1] INFO  impl.RaftServerImpl (RaftServerImpl.java:setRole(184)) - 1360619e-ba1e-4bf9-aec1-9f15b5480b27@group-2FABE92B7E5B: changes role from  FOLLOWER to FOLLOWER at term 451 for recognizeCandidate:b88b3e43-5534-49b3-b3f2-a9f154b450de
2019-10-21 23:47:16,598 [grpc-default-executor-0] INFO  impl.RaftServerImpl (RaftServerImpl.java:setRole(184)) - c58a0a02-acd3-47c8-b3e9-5b8e0493de45@group-2FABE92B7E5B: changes role from  FOLLOWER to FOLLOWER at term 451 for recognizeCandidate:b88b3e43-5534-49b3-b3f2-a9f154b450de
2019-10-21 23:47:16,598 [grpc-default-executor-0] INFO  impl.RoleInfo (RoleInfo.java:shutdownFollowerState(121)) - c58a0a02-acd3-47c8-b3e9-5b8e0493de45: shutdown FollowerState
2019-10-21 23:47:16,598 [grpc-default-executor-1] INFO  impl.RoleInfo (RoleInfo.java:shutdownFollowerState(121)) - 1360619e-ba1e-4bf9-aec1-9f15b5480b27: shutdown FollowerState
2019-10-21 23:47:16,598 [grpc-default-executor-0] INFO  impl.RoleInfo (RoleInfo.java:updateAndGet(143)) - c58a0a02-acd3-47c8-b3e9-5b8e0493de45: start FollowerState
2019-10-21 23:47:16,598 [Thread-2987] INFO  impl.FollowerState (FollowerState.java:run(117)) - c58a0a02-acd3-47c8-b3e9-5b8e0493de45@group-2FABE92B7E5B-FollowerState was interrupted: java.lang.InterruptedException: sleep interrupted
2019-10-21 23:47:16,598 [grpc-default-executor-1] INFO  impl.RoleInfo (RoleInfo.java:updateAndGet(143)) - 1360619e-ba1e-4bf9-aec1-9f15b5480b27: start FollowerState
2019-10-21 23:47:16,598 [Thread-2988] INFO  impl.FollowerState (FollowerState.java:run(117)) - 1360619e-ba1e-4bf9-aec1-9f15b5480b27@group-2FABE92B7E5B-FollowerState was interrupted: java.lang.InterruptedException: sleep interrupted
2019-10-21 23:47:16,613 [b88b3e43-5534-49b3-b3f2-a9f154b450de@group-2FABE92B7E5B-LeaderElection419] INFO  impl.LeaderElection (LeaderElection.java:logAndReturn(56)) - b88b3e43-5534-49b3-b3f2-a9f154b450de@group-2FABE92B7E5B-LeaderElection419: Election REJECTED; received 2 response(s) [b88b3e43-5534-49b3-b3f2-a9f154b450de<-c58a0a02-acd3-47c8-b3e9-5b8e0493de45#0:FAIL-t451, b88b3e43-5534-49b3-b3f2-a9f154b450de<-1360619e-ba1e-4bf9-aec1-9f15b5480b27#0:FAIL-t451] and 0 exception(s); b88b3e43-5534-49b3-b3f2-a9f154b450de@group-2FABE92B7E5B:t451, leader=null, voted=b88b3e43-5534-49b3-b3f2-a9f154b450de, raftlog=b88b3e43-5534-49b3-b3f2-a9f154b450de@group-2FABE92B7E5B-SegmentedRaftLog:OPENED:c-1,f-1,i0, conf=-1: [c58a0a02-acd3-47c8-b3e9-5b8e0493de45:192.168.157.254:33611, 1360619e-ba1e-4bf9-aec1-9f15b5480b27:192.168.157.254:45658, b88b3e43-5534-49b3-b3f2-a9f154b450de:192.168.157.254:46786], old=null
2019-10-21 23:47:16,613 [b88b3e43-5534-49b3-b3f2-a9f154b450de@group-2FABE92B7E5B-LeaderElection419] INFO  impl.RaftServerImpl (RaftServerImpl.java:setRole(184)) - b88b3e43-5534-49b3-b3f2-a9f154b450de@group-2FABE92B7E5B: changes role from CANDIDATE to FOLLOWER at term 451 for DISCOVERED_A_NEW_TERM
2019-10-21 23:47:16,613 [b88b3e43-5534-49b3-b3f2-a9f154b450de@group-2FABE92B7E5B-LeaderElection419] INFO  impl.RoleInfo (RoleInfo.java:shutdownLeaderElection(134)) - b88b3e43-5534-49b3-b3f2-a9f154b450de: shutdown LeaderElection
2019-10-21 23:47:16,614 [b88b3e43-5534-49b3-b3f2-a9f154b450de@group-2FABE92B7E5B-LeaderElection419] INFO  impl.RoleInfo (RoleInfo.java:updateAndGet(143)) - b88b3e43-5534-49b3-b3f2-a9f154b450de: start FollowerState
2019-10-21 23:47:16,718 [Thread-2995] INFO  impl.FollowerState (FollowerState.java:run(108)) - b88b3e43-5534-49b3-b3f2-a9f154b450de@group-2FABE92B7E5B-FollowerState: change to CANDIDATE, lastRpcTime:104ms, electionTimeout:104ms
2019-10-21 23:47:16,718 [Thread-2995] INFO  impl.RoleInfo (RoleInfo.java:shutdownFollowerState(121)) - b88b3e43-5534-49b3-b3f2-a9f154b450de: shutdown FollowerState
2019-10-21 23:47:16,718 [Thread-2995] INFO  impl.RaftServerImpl (RaftServerImpl.java:setRole(184)) - b88b3e43-5534-49b3-b3f2-a9f154b450de@group-2FABE92B7E5B: changes role from  FOLLOWER to CANDIDATE at term 451 for changeToCandidate
2019-10-21 23:47:16,718 [Thread-2995] INFO  impl.RoleInfo (RoleInfo.java:updateAndGet(143)) - b88b3e43-5534-49b3-b3f2-a9f154b450de: start LeaderElection
2019-10-21 23:47:16,732 [b88b3e43-5534-49b3-b3f2-a9f154b450de@group-2FABE92B7E5B-LeaderElection420] INFO  impl.LeaderElection (LeaderElection.java:askForVotes(178)) - b88b3e43-5534-49b3-b3f2-a9f154b450de@group-2FABE92B7E5B-LeaderElection420: begin an election at term 452 for -1: [c58a0a02-acd3-47c8-b3e9-5b8e0493de45:192.168.157.254:33611, 1360619e-ba1e-4bf9-aec1-9f15b5480b27:192.168.157.254:45658, b88b3e43-5534-49b3-b3f2-a9f154b450de:192.168.157.254:46786], old=null
2019-10-21 23:47:16,734 [grpc-default-executor-0] INFO  impl.RaftServerImpl (RaftServerImpl.java:setRole(184)) - c58a0a02-acd3-47c8-b3e9-5b8e0493de45@group-2FABE92B7E5B: changes role from  FOLLOWER to FOLLOWER at term 452 for recognizeCandidate:b88b3e43-5534-49b3-b3f2-a9f154b450de
2019-10-21 23:47:16,734 [grpc-default-executor-0] INFO  impl.RoleInfo (RoleInfo.java:shutdownFollowerState(121)) - c58a0a02-acd3-47c8-b3e9-5b8e0493de45: shutdown FollowerState
2019-10-21 23:47:16,734 [grpc-default-executor-1] INFO  impl.RaftServerImpl (RaftServerImpl.java:setRole(184)) - 1360619e-ba1e-4bf9-aec1-9f15b5480b27@group-2FABE92B7E5B: changes role from  FOLLOWER to FOLLOWER at term 452 for recognizeCandidate:b88b3e43-5534-49b3-b3f2-a9f154b450de
2019-10-21 23:47:16,734 [Thread-2993] INFO  impl.FollowerState (FollowerState.java:run(117)) - c58a0a02-acd3-47c8-b3e9-5b8e0493de45@group-2FABE92B7E5B-FollowerState was interrupted: java.lang.InterruptedException: sleep interrupted
2019-10-21 23:47:16,734 [grpc-default-executor-0] INFO  impl.RoleInfo (RoleInfo.java:updateAndGet(143)) - c58a0a02-acd3-47c8-b3e9-5b8e0493de45: start FollowerState
2019-10-21 23:47:16,734 [grpc-default-executor-1] INFO  impl.RoleInfo (RoleInfo.java:shutdownFollowerState(121)) - 1360619e-ba1e-4bf9-aec1-9f15b5480b27: shutdown FollowerState
2019-10-21 23:47:16,735 [grpc-default-executor-1] INFO  impl.RoleInfo (RoleInfo.java:updateAndGet(143)) - 1360619e-ba1e-4bf9-aec1-9f15b5480b27: start FollowerState
2019-10-21 23:47:16,735 [Thread-2994] INFO  impl.FollowerState (FollowerState.java:run(117)) - 1360619e-ba1e-4bf9-aec1-9f15b5480b27@group-2FABE92B7E5B-FollowerState was interrupted: java.lang.InterruptedException: sleep interrupted
2019-10-21 23:47:16,752 [b88b3e43-5534-49b3-b3f2-a9f154b450de@group-2FABE92B7E5B-LeaderElection420] INFO  impl.LeaderElection (LeaderElection.java:logAndReturn(56)) - b88b3e43-5534-49b3-b3f2-a9f154b450de@group-2FABE92B7E5B-LeaderElection420: Election REJECTED; received 2 response(s) [b88b3e43-5534-49b3-b3f2-a9f154b450de<-c58a0a02-acd3-47c8-b3e9-5b8e0493de45#0:FAIL-t452, b88b3e43-5534-49b3-b3f2-a9f154b450de<-1360619e-ba1e-4bf9-aec1-9f15b5480b27#0:FAIL-t452] and 0 exception(s); b88b3e43-5534-49b3-b3f2-a9f154b450de@group-2FABE92B7E5B:t452, leader=null, voted=b88b3e43-5534-49b3-b3f2-a9f154b450de, raftlog=b88b3e43-5534-49b3-b3f2-a9f154b450de@group-2FABE92B7E5B-SegmentedRaftLog:OPENED:c-1,f-1,i0, conf=-1: [c58a0a02-acd3-47c8-b3e9-5b8e0493de45:192.168.157.254:33611, 1360619e-ba1e-4bf9-aec1-9f15b5480b27:192.168.157.254:45658, b88b3e43-5534-49b3-b3f2-a9f154b450de:192.168.157.254:46786], old=null
2019-10-21 23:47:16,753 [b88b3e43-5534-49b3-b3f2-a9f154b450de@group-2FABE92B7E5B-LeaderElection420] INFO  impl.RaftServerImpl (RaftServerImpl.java:setRole(184)) - b88b3e43-5534-49b3-b3f2-a9f154b450de@group-2FABE92B7E5B: changes role from CANDIDATE to FOLLOWER at term 452 for DISCOVERED_A_NEW_TERM
2019-10-21 23:47:16,753 [b88b3e43-5534-49b3-b3f2-a9f154b450de@group-2FABE92B7E5B-LeaderElection420] INFO  impl.RoleInfo (RoleInfo.java:shutdownLeaderElection(134)) - b88b3e43-5534-49b3-b3f2-a9f154b450de: shutdown LeaderElection
2019-10-21 23:47:16,753 [b88b3e43-5534-49b3-b3f2-a9f154b450de@group-2FABE92B7E5B-LeaderElection420] INFO  impl.RoleInfo (RoleInfo.java:updateAndGet(143)) - b88b3e43-5534-49b3-b3f2-a9f154b450de: start FollowerState
2019-10-21 23:47:16,933 [Thread-3001] INFO  impl.FollowerState (FollowerState.java:run(108)) - b88b3e43-5534-49b3-b3f2-a9f154b450de@group-2FABE92B7E5B-FollowerState: change to CANDIDATE, lastRpcTime:180ms, electionTimeout:180ms
2019-10-21 23:47:16,933 [Thread-3001] INFO  impl.RoleInfo (RoleInfo.java:shutdownFollowerState(121)) - b88b3e43-5534-49b3-b3f2-a9f154b450de: shutdown FollowerState
2019-10-21 23:47:16,933 [Thread-3001] INFO  impl.RaftServerImpl (RaftServerImpl.java:setRole(184)) - b88b3e43-5534-49b3-b3f2-a9f154b450de@group-2FABE92B7E5B: changes role from  FOLLOWER to CANDIDATE at term 452 for changeToCandidate
2019-10-21 23:47:16,934 [Thread-3001] INFO  impl.RoleInfo (RoleInfo.java:updateAndGet(143)) - b88b3e43-5534-49b3-b3f2-a9f154b450de: start LeaderElection
2019-10-21 23:47:16,959 [b88b3e43-5534-49b3-b3f2-a9f154b450de@group-2FABE92B7E5B-LeaderElection421] INFO  impl.LeaderElection (LeaderElection.java:askForVotes(178)) - b88b3e43-5534-49b3-b3f2-a9f154b450de@group-2FABE92B7E5B-LeaderElection421: begin an election at term 453 for -1: [c58a0a02-acd3-47c8-b3e9-5b8e0493de45:192.168.157.254:33611, 1360619e-ba1e-4bf9-aec1-9f15b5480b27:192.168.157.254:45658, b88b3e43-5534-49b3-b3f2-a9f154b450de:192.168.157.254:46786], old=null
2019-10-21 23:47:16,962 [grpc-default-executor-0] INFO  impl.RaftServerImpl (RaftServerImpl.java:setRole(184)) - 1360619e-ba1e-4bf9-aec1-9f15b5480b27@group-2FABE92B7E5B: changes role from  FOLLOWER to FOLLOWER at term 453 for recognizeCandidate:b88b3e43-5534-49b3-b3f2-a9f154b450de
2019-10-21 23:47:16,962 [grpc-default-executor-0] INFO  impl.RoleInfo (RoleInfo.java:shutdownFollowerState(121)) - 1360619e-ba1e-4bf9-aec1-9f15b5480b27: shutdown FollowerState
2019-10-21 23:47:16,962 [grpc-default-executor-0] INFO  impl.RoleInfo (RoleInfo.java:updateAndGet(143)) - 1360619e-ba1e-4bf9-aec1-9f15b5480b27: start FollowerState
2019-10-21 23:47:16,962 [grpc-default-executor-1] INFO  impl.RaftServerImpl (RaftServerImpl.java:setRole(184)) - c58a0a02-acd3-47c8-b3e9-5b8e0493de45@group-2FABE92B7E5B: changes role from  FOLLOWER to FOLLOWER at term 453 for recognizeCandidate:b88b3e43-5534-49b3-b3f2-a9f154b450de
2019-10-21 23:47:16,962 [grpc-default-executor-1] INFO  impl.RoleInfo (RoleInfo.java:shutdownFollowerState(121)) - c58a0a02-acd3-47c8-b3e9-5b8e0493de45: shutdown FollowerState
2019-10-21 23:47:16,962 [Thread-3000] INFO  impl.FollowerState (FollowerState.java:run(117)) - 1360619e-ba1e-4bf9-aec1-9f15b5480b27@group-2FABE92B7E5B-FollowerState was interrupted: java.lang.InterruptedException: sleep interrupted
2019-10-21 23:47:16,963 [Thread-2999] INFO  impl.FollowerState (FollowerState.java:run(117)) - c58a0a02-acd3-47c8-b3e9-5b8e0493de45@group-2FABE92B7E5B-FollowerState was interrupted: java.lang.InterruptedException: sleep interrupted
2019-10-21 23:47:16,963 [grpc-default-executor-1] INFO  impl.RoleInfo (RoleInfo.java:updateAndGet(143)) - c58a0a02-acd3-47c8-b3e9-5b8e0493de45: start FollowerState
2019-10-21 23:47:16,976 [b88b3e43-5534-49b3-b3f2-a9f154b450de@group-2FABE92B7E5B-LeaderElection421] INFO  impl.LeaderElection (LeaderElection.java:logAndReturn(56)) - b88b3e43-5534-49b3-b3f2-a9f154b450de@group-2FABE92B7E5B-LeaderElection421: Election REJECTED; received 2 response(s) [b88b3e43-5534-49b3-b3f2-a9f154b450de<-c58a0a02-acd3-47c8-b3e9-5b8e0493de45#0:FAIL-t453, b88b3e43-5534-49b3-b3f2-a9f154b450de<-1360619e-ba1e-4bf9-aec1-9f15b5480b27#0:FAIL-t453] and 0 exception(s); b88b3e43-5534-49b3-b3f2-a9f154b450de@group-2FABE92B7E5B:t453, leader=null, voted=b88b3e43-5534-49b3-b3f2-a9f154b450de, raftlog=b88b3e43-5534-49b3-b3f2-a9f154b450de@group-2FABE92B7E5B-SegmentedRaftLog:OPENED:c-1,f-1,i0, conf=-1: [c58a0a02-acd3-47c8-b3e9-5b8e0493de45:192.168.157.254:33611, 1360619e-ba1e-4bf9-aec1-9f15b5480b27:192.168.157.254:45658, b88b3e43-5534-49b3-b3f2-a9f154b450de:192.168.157.254:46786], old=null
2019-10-21 23:47:16,976 [b88b3e43-5534-49b3-b3f2-a9f154b450de@group-2FABE92B7E5B-LeaderElection421] INFO  impl.RaftServerImpl (RaftServerImpl.java:setRole(184)) - b88b3e43-5534-49b3-b3f2-a9f154b450de@group-2FABE92B7E5B: changes role from CANDIDATE to FOLLOWER at term 453 for DISCOVERED_A_NEW_TERM
2019-10-21 23:47:16,976 [b88b3e43-5534-49b3-b3f2-a9f154b450de@group-2FABE92B7E5B-LeaderElection421] INFO  impl.RoleInfo (RoleInfo.java:shutdownLeaderElection(134)) - b88b3e43-5534-49b3-b3f2-a9f154b450de: shutdown LeaderElection
2019-10-21 23:47:16,976 [b88b3e43-5534-49b3-b3f2-a9f154b450de@group-2FABE92B7E5B-LeaderElection421] INFO  impl.RoleInfo (RoleInfo.java:updateAndGet(143)) - b88b3e43-5534-49b3-b3f2-a9f154b450de: start FollowerState
2019-10-21 23:47:17,024 [Thread-3007] INFO  impl.FollowerState (FollowerState.java:run(108)) - b88b3e43-5534-49b3-b3f2-a9f154b450de@group-2FABE92B7E5B-FollowerState: change to CANDIDATE, lastRpcTime:47ms, electionTimeout:47ms
2019-10-21 23:47:17,024 [Thread-3007] INFO  impl.RoleInfo (RoleInfo.java:shutdownFollowerState(121)) - b88b3e43-5534-49b3-b3f2-a9f154b450de: shutdown FollowerState
2019-10-21 23:47:17,024 [Thread-3007] INFO  impl.RaftServerImpl (RaftServerImpl.java:setRole(184)) - b88b3e43-5534-49b3-b3f2-a9f154b450de@group-2FABE92B7E5B: changes role from  FOLLOWER to CANDIDATE at term 453 for changeToCandidate
2019-10-21 23:47:17,024 [Thread-3007] INFO  impl.RoleInfo (RoleInfo.java:updateAndGet(143)) - b88b3e43-5534-49b3-b3f2-a9f154b450de: start LeaderElection
2019-10-21 23:47:17,048 [b88b3e43-5534-49b3-b3f2-a9f154b450de@group-2FABE92B7E5B-LeaderElection422] INFO  impl.LeaderElection (LeaderElection.java:askForVotes(178)) - b88b3e43-5534-49b3-b3f2-a9f154b450de@group-2FABE92B7E5B-LeaderElection422: begin an election at term 454 for -1: [c58a0a02-acd3-47c8-b3e9-5b8e0493de45:192.168.157.254:33611, 1360619e-ba1e-4bf9-aec1-9f15b5480b27:192.168.157.254:45658, b88b3e43-5534-49b3-b3f2-a9f154b450de:192.168.157.254:46786], old=null
2019-10-21 23:47:17,050 [grpc-default-executor-1] INFO  impl.RaftServerImpl (RaftServerImpl.java:setRole(184)) - c58a0a02-acd3-47c8-b3e9-5b8e0493de45@group-2FABE92B7E5B: changes role from  FOLLOWER to FOLLOWER at term 454 for recognizeCandidate:b88b3e43-5534-49b3-b3f2-a9f154b450de
2019-10-21 23:47:17,050 [grpc-default-executor-0] INFO  impl.RaftServerImpl (RaftServerImpl.java:setRole(184)) - 1360619e-ba1e-4bf9-aec1-9f15b5480b27@group-2FABE92B7E5B: changes role from  FOLLOWER to FOLLOWER at term 454 for recognizeCandidate:b88b3e43-5534-49b3-b3f2-a9f154b450de
2019-10-21 23:47:17,050 [grpc-default-executor-1] INFO  impl.RoleInfo (RoleInfo.java:shutdownFollowerState(121)) - c58a0a02-acd3-47c8-b3e9-5b8e0493de45: shutdown FollowerState
2019-10-21 23:47:17,050 [grpc-default-executor-0] INFO  impl.RoleInfo (RoleInfo.java:shutdownFollowerState(121)) - 1360619e-ba1e-4bf9-aec1-9f15b5480b27: shutdown FollowerState
2019-10-21 23:47:17,050 [grpc-default-executor-1] INFO  impl.RoleInfo (RoleInfo.java:updateAndGet(143)) - c58a0a02-acd3-47c8-b3e9-5b8e0493de45: start FollowerState
2019-10-21 23:47:17,050 [Thread-3006] INFO  impl.FollowerState (FollowerState.java:run(117)) - c58a0a02-acd3-47c8-b3e9-5b8e0493de45@group-2FABE92B7E5B-FollowerState was interrupted: java.lang.InterruptedException: sleep interrupted
2019-10-21 23:47:17,050 [grpc-default-executor-0] INFO  impl.RoleInfo (RoleInfo.java:updateAndGet(143)) - 1360619e-ba1e-4bf9-aec1-9f15b5480b27: start FollowerState
2019-10-21 23:47:17,050 [Thread-3005] INFO  impl.FollowerState (FollowerState.java:run(117)) - 1360619e-ba1e-4bf9-aec1-9f15b5480b27@group-2FABE92B7E5B-FollowerState was interrupted: java.lang.InterruptedException: sleep interrupted
2019-10-21 23:47:17,062 [b88b3e43-5534-49b3-b3f2-a9f154b450de@group-2FABE92B7E5B-LeaderElection422] INFO  impl.LeaderElection (LeaderElection.java:logAndReturn(56)) - b88b3e43-5534-49b3-b3f2-a9f154b450de@group-2FABE92B7E5B-LeaderElection422: Election REJECTED; received 2 response(s) [b88b3e43-5534-49b3-b3f2-a9f154b450de<-c58a0a02-acd3-47c8-b3e9-5b8e0493de45#0:FAIL-t454, b88b3e43-5534-49b3-b3f2-a9f154b450de<-1360619e-ba1e-4bf9-aec1-9f15b5480b27#0:FAIL-t454] and 0 exception(s); b88b3e43-5534-49b3-b3f2-a9f154b450de@group-2FABE92B7E5B:t454, leader=null, voted=b88b3e43-5534-49b3-b3f2-a9f154b450de, raftlog=b88b3e43-5534-49b3-b3f2-a9f154b450de@group-2FABE92B7E5B-SegmentedRaftLog:OPENED:c-1,f-1,i0, conf=-1: [c58a0a02-acd3-47c8-b3e9-5b8e0493de45:192.168.157.254:33611, 1360619e-ba1e-4bf9-aec1-9f15b5480b27:192.168.157.254:45658, b88b3e43-5534-49b3-b3f2-a9f154b450de:192.168.157.254:46786], old=null
2019-10-21 23:47:17,063 [b88b3e43-5534-49b3-b3f2-a9f154b450de@group-2FABE92B7E5B-LeaderElection422] INFO  impl.RaftServerImpl (RaftServerImpl.java:setRole(184)) - b88b3e43-5534-49b3-b3f2-a9f154b450de@group-2FABE92B7E5B: changes role from CANDIDATE to FOLLOWER at term 454 for DISCOVERED_A_NEW_TERM
2019-10-21 23:47:17,063 [b88b3e43-5534-49b3-b3f2-a9f154b450de@group-2FABE92B7E5B-LeaderElection422] INFO  impl.RoleInfo (RoleInfo.java:shutdownLeaderElection(134)) - b88b3e43-5534-49b3-b3f2-a9f154b450de: shutdown LeaderElection
2019-10-21 23:47:17,063 [b88b3e43-5534-49b3-b3f2-a9f154b450de@group-2FABE92B7E5B-LeaderElection422] INFO  impl.RoleInfo (RoleInfo.java:updateAndGet(143)) - b88b3e43-5534-49b3-b3f2-a9f154b450de: start FollowerState
2019-10-21 23:47:17,176 [Thread-3015] INFO  impl.FollowerState (FollowerState.java:run(108)) - b88b3e43-5534-49b3-b3f2-a9f154b450de@group-2FABE92B7E5B-FollowerState: change to CANDIDATE, lastRpcTime:113ms, electionTimeout:113ms
2019-10-21 23:47:17,176 [Thread-3015] INFO  impl.RoleInfo (RoleInfo.java:shutdownFollowerState(121)) - b88b3e43-5534-49b3-b3f2-a9f154b450de: shutdown FollowerState
2019-10-21 23:47:17,177 [Thread-3015] INFO  impl.RaftServerImpl (RaftServerImpl.java:setRole(184)) - b88b3e43-5534-49b3-b3f2-a9f154b450de@group-2FABE92B7E5B: changes role from  FOLLOWER to CANDIDATE at term 454 for changeToCandidate
2019-10-21 23:47:17,177 [Thread-3015] INFO  impl.RoleInfo (RoleInfo.java:updateAndGet(143)) - b88b3e43-5534-49b3-b3f2-a9f154b450de: start LeaderElection
2019-10-21 23:47:17,191 [b88b3e43-5534-49b3-b3f2-a9f154b450de@group-2FABE92B7E5B-LeaderElection423] INFO  impl.LeaderElection (LeaderElection.java:askForVotes(178)) - b88b3e43-5534-49b3-b3f2-a9f154b450de@group-2FABE92B7E5B-LeaderElection423: begin an election at term 455 for -1: [c58a0a02-acd3-47c8-b3e9-5b8e0493de45:192.168.157.254:33611, 1360619e-ba1e-4bf9-aec1-9f15b5480b27:192.168.157.254:45658, b88b3e43-5534-49b3-b3f2-a9f154b450de:192.168.157.254:46786], old=null
2019-10-21 23:47:17,193 [grpc-default-executor-0] INFO  impl.RaftServerImpl (RaftServerImpl.java:setRole(184)) - c58a0a02-acd3-47c8-b3e9-5b8e0493de45@group-2FABE92B7E5B: changes role from  FOLLOWER to FOLLOWER at term 455 for recognizeCandidate:b88b3e43-5534-49b3-b3f2-a9f154b450de
2019-10-21 23:47:17,193 [grpc-default-executor-0] INFO  impl.RoleInfo (RoleInfo.java:shutdownFollowerState(121)) - c58a0a02-acd3-47c8-b3e9-5b8e0493de45: shutdown FollowerState
2019-10-21 23:47:17,193 [grpc-default-executor-0] INFO  impl.RoleInfo (RoleInfo.java:updateAndGet(143)) - c58a0a02-acd3-47c8-b3e9-5b8e0493de45: start FollowerState
2019-10-21 23:47:17,194 [Thread-3013] INFO  impl.FollowerState (FollowerState.java:run(117)) - c58a0a02-acd3-47c8-b3e9-5b8e0493de45@group-2FABE92B7E5B-FollowerState was interrupted: java.lang.InterruptedException: sleep interrupted
2019-10-21 23:47:17,194 [grpc-default-executor-1] INFO  impl.RaftServerImpl (RaftServerImpl.java:setRole(184)) - 1360619e-ba1e-4bf9-aec1-9f15b5480b27@group-2FABE92B7E5B: changes role from  FOLLOWER to FOLLOWER at term 455 for recognizeCandidate:b88b3e43-5534-49b3-b3f2-a9f154b450de
2019-10-21 23:47:17,194 [grpc-default-executor-1] INFO  impl.RoleInfo (RoleInfo.java:shutdownFollowerState(121)) - 1360619e-ba1e-4bf9-aec1-9f15b5480b27: shutdown FollowerState
2019-10-21 23:47:17,194 [grpc-default-executor-1] INFO  impl.RoleInfo (RoleInfo.java:updateAndGet(143)) - 1360619e-ba1e-4bf9-aec1-9f15b5480b27: start FollowerState
2019-10-21 23:47:17,194 [Thread-3014] INFO  impl.FollowerState (FollowerState.java:run(117)) - 1360619e-ba1e-4bf9-aec1-9f15b5480b27@group-2FABE92B7E5B-FollowerState was interrupted: java.lang.InterruptedException: sleep interrupted
2019-10-21 23:47:17,209 [b88b3e43-5534-49b3-b3f2-a9f154b450de@group-2FABE92B7E5B-LeaderElection423] INFO  impl.LeaderElection (LeaderElection.java:logAndReturn(56)) - b88b3e43-5534-49b3-b3f2-a9f154b450de@group-2FABE92B7E5B-LeaderElection423: Election REJECTED; received 2 response(s) [b88b3e43-5534-49b3-b3f2-a9f154b450de<-c58a0a02-acd3-47c8-b3e9-5b8e0493de45#0:FAIL-t455, b88b3e43-5534-49b3-b3f2-a9f154b450de<-1360619e-ba1e-4bf9-aec1-9f15b5480b27#0:FAIL-t455] and 0 exception(s); b88b3e43-5534-49b3-b3f2-a9f154b450de@group-2FABE92B7E5B:t455, leader=null, voted=b88b3e43-5534-49b3-b3f2-a9f154b450de, raftlog=b88b3e43-5534-49b3-b3f2-a9f154b450de@group-2FABE92B7E5B-SegmentedRaftLog:OPENED:c-1,f-1,i0, conf=-1: [c58a0a02-acd3-47c8-b3e9-5b8e0493de45:192.168.157.254:33611, 1360619e-ba1e-4bf9-aec1-9f15b5480b27:192.168.157.254:45658, b88b3e43-5534-49b3-b3f2-a9f154b450de:192.168.157.254:46786], old=null
2019-10-21 23:47:17,209 [b88b3e43-5534-49b3-b3f2-a9f154b450de@group-2FABE92B7E5B-LeaderElection423] INFO  impl.RaftServerImpl (RaftServerImpl.java:setRole(184)) - b88b3e43-5534-49b3-b3f2-a9f154b450de@group-2FABE92B7E5B: changes role from CANDIDATE to FOLLOWER at term 455 for DISCOVERED_A_NEW_TERM
2019-10-21 23:47:17,210 [b88b3e43-5534-49b3-b3f2-a9f154b450de@group-2FABE92B7E5B-LeaderElection423] INFO  impl.RoleInfo (RoleInfo.java:shutdownLeaderElection(134)) - b88b3e43-5534-49b3-b3f2-a9f154b450de: shutdown LeaderElection
2019-10-21 23:47:17,210 [b88b3e43-5534-49b3-b3f2-a9f154b450de@group-2FABE92B7E5B-LeaderElection423] INFO  impl.RoleInfo (RoleInfo.java:updateAndGet(143)) - b88b3e43-5534-49b3-b3f2-a9f154b450de: start FollowerState
2019-10-21 23:47:17,274 [Thread-3023] INFO  impl.FollowerState (FollowerState.java:run(108)) - b88b3e43-5534-49b3-b3f2-a9f154b450de@group-2FABE92B7E5B-FollowerState: change to CANDIDATE, lastRpcTime:64ms, electionTimeout:64ms
2019-10-21 23:47:17,274 [Thread-3023] INFO  impl.RoleInfo (RoleInfo.java:shutdownFollowerState(121)) - b88b3e43-5534-49b3-b3f2-a9f154b450de: shutdown FollowerState
2019-10-21 23:47:17,274 [Thread-3023] INFO  impl.RaftServerImpl (RaftServerImpl.java:setRole(184)) - b88b3e43-5534-49b3-b3f2-a9f154b450de@group-2FABE92B7E5B: changes role from  FOLLOWER to CANDIDATE at term 455 for changeToCandidate
2019-10-21 23:47:17,274 [Thread-3023] INFO  impl.RoleInfo (RoleInfo.java:updateAndGet(143)) - b88b3e43-5534-49b3-b3f2-a9f154b450de: start LeaderElection
2019-10-21 23:47:17,288 [b88b3e43-5534-49b3-b3f2-a9f154b450de@group-2FABE92B7E5B-LeaderElection424] INFO  impl.LeaderElection (LeaderElection.java:askForVotes(178)) - b88b3e43-5534-49b3-b3f2-a9f154b450de@group-2FABE92B7E5B-LeaderElection424: begin an election at term 456 for -1: [c58a0a02-acd3-47c8-b3e9-5b8e0493de45:192.168.157.254:33611, 1360619e-ba1e-4bf9-aec1-9f15b5480b27:192.168.157.254:45658, b88b3e43-5534-49b3-b3f2-a9f154b450de:192.168.157.254:46786], old=null
2019-10-21 23:47:17,289 [grpc-default-executor-0] INFO  impl.RaftServerImpl (RaftServerImpl.java:setRole(184)) - c58a0a02-acd3-47c8-b3e9-5b8e0493de45@group-2FABE92B7E5B: changes role from  FOLLOWER to FOLLOWER at term 456 for recognizeCandidate:b88b3e43-5534-49b3-b3f2-a9f154b450de
2019-10-21 23:47:17,289 [grpc-default-executor-0] INFO  impl.RoleInfo (RoleInfo.java:shutdownFollowerState(121)) - c58a0a02-acd3-47c8-b3e9-5b8e0493de45: shutdown FollowerState
2019-10-21 23:47:17,289 [grpc-default-executor-0] INFO  impl.RoleInfo (RoleInfo.java:updateAndGet(143)) - c58a0a02-acd3-47c8-b3e9-5b8e0493de45: start FollowerState
2019-10-21 23:47:17,289 [Thread-3021] INFO  impl.FollowerState (FollowerState.java:run(117)) - c58a0a02-acd3-47c8-b3e9-5b8e0493de45@group-2FABE92B7E5B-FollowerState was interrupted: java.lang.InterruptedException: sleep interrupted
2019-10-21 23:47:17,289 [grpc-default-executor-1] INFO  impl.RaftServerImpl (RaftServerImpl.java:setRole(184)) - 1360619e-ba1e-4bf9-aec1-9f15b5480b27@group-2FABE92B7E5B: changes role from  FOLLOWER to FOLLOWER at term 456 for recognizeCandidate:b88b3e43-5534-49b3-b3f2-a9f154b450de
2019-10-21 23:47:17,289 [grpc-default-executor-1] INFO  impl.RoleInfo (RoleInfo.java:shutdownFollowerState(121)) - 1360619e-ba1e-4bf9-aec1-9f15b5480b27: shutdown FollowerState
2019-10-21 23:47:17,290 [grpc-default-executor-1] INFO  impl.RoleInfo (RoleInfo.java:updateAndGet(143)) - 1360619e-ba1e-4bf9-aec1-9f15b5480b27: start FollowerState
2019-10-21 23:47:17,290 [Thread-3022] INFO  impl.FollowerState (FollowerState.java:run(117)) - 1360619e-ba1e-4bf9-aec1-9f15b5480b27@group-2FABE92B7E5B-FollowerState was interrupted: java.lang.InterruptedException: sleep interrupted
2019-10-21 23:47:17,326 [b88b3e43-5534-49b3-b3f2-a9f154b450de@group-2FABE92B7E5B-LeaderElection424] INFO  impl.LeaderElection (LeaderElection.java:logAndReturn(56)) - b88b3e43-5534-49b3-b3f2-a9f154b450de@group-2FABE92B7E5B-LeaderElection424: Election REJECTED; received 2 response(s) [b88b3e43-5534-49b3-b3f2-a9f154b450de<-c58a0a02-acd3-47c8-b3e9-5b8e0493de45#0:FAIL-t456, b88b3e43-5534-49b3-b3f2-a9f154b450de<-1360619e-ba1e-4bf9-aec1-9f15b5480b27#0:FAIL-t456] and 0 exception(s); b88b3e43-5534-49b3-b3f2-a9f154b450de@group-2FABE92B7E5B:t456, leader=null, voted=b88b3e43-5534-49b3-b3f2-a9f154b450de, raftlog=b88b3e43-5534-49b3-b3f2-a9f154b450de@group-2FABE92B7E5B-SegmentedRaftLog:OPENED:c-1,f-1,i0, conf=-1: [c58a0a02-acd3-47c8-b3e9-5b8e0493de45:192.168.157.254:33611, 1360619e-ba1e-4bf9-aec1-9f15b5480b27:192.168.157.254:45658, b88b3e43-5534-49b3-b3f2-a9f154b450de:192.168.157.254:46786], old=null
2019-10-21 23:47:17,327 [b88b3e43-5534-49b3-b3f2-a9f154b450de@group-2FABE92B7E5B-LeaderElection424] INFO  impl.RaftServerImpl (RaftServerImpl.java:setRole(184)) - b88b3e43-5534-49b3-b3f2-a9f154b450de@group-2FABE92B7E5B: changes role from CANDIDATE to FOLLOWER at term 456 for DISCOVERED_A_NEW_TERM
2019-10-21 23:47:17,327 [b88b3e43-5534-49b3-b3f2-a9f154b450de@group-2FABE92B7E5B-LeaderElection424] INFO  impl.RoleInfo (RoleInfo.java:shutdownLeaderElection(134)) - b88b3e43-5534-49b3-b3f2-a9f154b450de: shutdown LeaderElection
2019-10-21 23:47:17,327 [b88b3e43-5534-49b3-b3f2-a9f154b450de@group-2FABE92B7E5B-LeaderElection424] INFO  impl.RoleInfo (RoleInfo.java:updateAndGet(143)) - b88b3e43-5534-49b3-b3f2-a9f154b450de: start FollowerState
2019-10-21 23:47:17,527 [Thread-3029] INFO  impl.FollowerState (FollowerState.java:run(108)) - b88b3e43-5534-49b3-b3f2-a9f154b450de@group-2FABE92B7E5B-FollowerState: change to CANDIDATE, lastRpcTime:200ms, electionTimeout:200ms
2019-10-21 23:47:17,527 [Thread-3029] INFO  impl.RoleInfo (RoleInfo.java:shutdownFollowerState(121)) - b88b3e43-5534-49b3-b3f2-a9f154b450de: shutdown FollowerState
2019-10-21 23:47:17,528 [Thread-3029] INFO  impl.RaftServerImpl (RaftServerImpl.java:setRole(184)) - b88b3e43-5534-49b3-b3f2-a9f154b450de@group-2FABE92B7E5B: changes role from  FOLLOWER to CANDIDATE at term 456 for changeToCandidate
2019-10-21 23:47:17,528 [Thread-3029] INFO  impl.RoleInfo (RoleInfo.java:updateAndGet(143)) - b88b3e43-5534-49b3-b3f2-a9f154b450de: start LeaderElection
2019-10-21 23:47:17,542 [b88b3e43-5534-49b3-b3f2-a9f154b450de@group-2FABE92B7E5B-LeaderElection425] INFO  impl.LeaderElection (LeaderElection.java:askForVotes(178)) - b88b3e43-5534-49b3-b3f2-a9f154b450de@group-2FABE92B7E5B-LeaderElection425: begin an election at term 457 for -1: [c58a0a02-acd3-47c8-b3e9-5b8e0493de45:192.168.157.254:33611, 1360619e-ba1e-4bf9-aec1-9f15b5480b27:192.168.157.254:45658, b88b3e43-5534-49b3-b3f2-a9f154b450de:192.168.157.254:46786], old=null
2019-10-21 23:47:17,544 [grpc-default-executor-0] INFO  impl.RaftServerImpl (RaftServerImpl.java:setRole(184)) - c58a0a02-acd3-47c8-b3e9-5b8e0493de45@group-2FABE92B7E5B: changes role from  FOLLOWER to FOLLOWER at term 457 for recognizeCandidate:b88b3e43-5534-49b3-b3f2-a9f154b450de
2019-10-21 23:47:17,544 [grpc-default-executor-0] INFO  impl.RoleInfo (RoleInfo.java:shutdownFollowerState(121)) - c58a0a02-acd3-47c8-b3e9-5b8e0493de45: shutdown FollowerState
2019-10-21 23:47:17,545 [grpc-default-executor-0] INFO  impl.RoleInfo (RoleInfo.java:updateAndGet(143)) - c58a0a02-acd3-47c8-b3e9-5b8e0493de45: start FollowerState
2019-10-21 23:47:17,545 [grpc-default-executor-1] INFO  impl.RaftServerImpl (RaftServerImpl.java:setRole(184)) - 1360619e-ba1e-4bf9-aec1-9f15b5480b27@group-2FABE92B7E5B: changes role from  FOLLOWER to FOLLOWER at term 457 for recognizeCandidate:b88b3e43-5534-49b3-b3f2-a9f154b450de
2019-10-21 23:47:17,545 [Thread-3027] INFO  impl.FollowerState (FollowerState.java:run(117)) - c58a0a02-acd3-47c8-b3e9-5b8e0493de45@group-2FABE92B7E5B-FollowerState was interrupted: java.lang.InterruptedException: sleep interrupted
2019-10-21 23:47:17,545 [grpc-default-executor-1] INFO  impl.RoleInfo (RoleInfo.java:shutdownFollowerState(121)) - 1360619e-ba1e-4bf9-aec1-9f15b5480b27: shutdown FollowerState
2019-10-21 23:47:17,545 [grpc-default-executor-1] INFO  impl.RoleInfo (RoleInfo.java:updateAndGet(143)) - 1360619e-ba1e-4bf9-aec1-9f15b5480b27: start FollowerState
2019-10-21 23:47:17,545 [Thread-3028] INFO  impl.FollowerState (FollowerState.java:run(117)) - 1360619e-ba1e-4bf9-aec1-9f15b5480b27@group-2FABE92B7E5B-FollowerState was interrupted: java.lang.InterruptedException: sleep interrupted
2019-10-21 23:47:17,582 [b88b3e43-5534-49b3-b3f2-a9f154b450de@group-2FABE92B7E5B-LeaderElection425] INFO  impl.LeaderElection (LeaderElection.java:logAndReturn(56)) - b88b3e43-5534-49b3-b3f2-a9f154b450de@group-2FABE92B7E5B-LeaderElection425: Election REJECTED; received 2 response(s) [b88b3e43-5534-49b3-b3f2-a9f154b450de<-c58a0a02-acd3-47c8-b3e9-5b8e0493de45#0:FAIL-t457, b88b3e43-5534-49b3-b3f2-a9f154b450de<-1360619e-ba1e-4bf9-aec1-9f15b5480b27#0:FAIL-t457] and 0 exception(s); b88b3e43-5534-49b3-b3f2-a9f154b450de@group-2FABE92B7E5B:t457, leader=null, voted=b88b3e43-5534-49b3-b3f2-a9f154b450de, raftlog=b88b3e43-5534-49b3-b3f2-a9f154b450de@group-2FABE92B7E5B-SegmentedRaftLog:OPENED:c-1,f-1,i0, conf=-1: [c58a0a02-acd3-47c8-b3e9-5b8e0493de45:192.168.157.254:33611, 1360619e-ba1e-4bf9-aec1-9f15b5480b27:192.168.157.254:45658, b88b3e43-5534-49b3-b3f2-a9f154b450de:192.168.157.254:46786], old=null
2019-10-21 23:47:17,582 [b88b3e43-5534-49b3-b3f2-a9f154b450de@group-2FABE92B7E5B-LeaderElection425] INFO  impl.RaftServerImpl (RaftServerImpl.java:setRole(184)) - b88b3e43-5534-49b3-b3f2-a9f154b450de@group-2FABE92B7E5B: changes role from CANDIDATE to FOLLOWER at term 457 for DISCOVERED_A_NEW_TERM
2019-10-21 23:47:17,582 [b88b3e43-5534-49b3-b3f2-a9f154b450de@group-2FABE92B7E5B-LeaderElection425] INFO  impl.RoleInfo (RoleInfo.java:shutdownLeaderElection(134)) - b88b3e43-5534-49b3-b3f2-a9f154b450de: shutdown LeaderElection
2019-10-21 23:47:17,582 [b88b3e43-5534-49b3-b3f2-a9f154b450de@group-2FABE92B7E5B-LeaderElection425] INFO  impl.RoleInfo (RoleInfo.java:updateAndGet(143)) - b88b3e43-5534-49b3-b3f2-a9f154b450de: start FollowerState
2019-10-21 23:47:17,744 [Thread-3037] INFO  impl.FollowerState (FollowerState.java:run(108)) - b88b3e43-5534-49b3-b3f2-a9f154b450de@group-2FABE92B7E5B-FollowerState: change to CANDIDATE, lastRpcTime:161ms, electionTimeout:161ms
2019-10-21 23:47:17,744 [Thread-3037] INFO  impl.RoleInfo (RoleInfo.java:shutdownFollowerState(121)) - b88b3e43-5534-49b3-b3f2-a9f154b450de: shutdown FollowerState
2019-10-21 23:47:17,744 [Thread-3037] INFO  impl.RaftServerImpl (RaftServerImpl.java:setRole(184)) - b88b3e43-5534-49b3-b3f2-a9f154b450de@group-2FABE92B7E5B: changes role from  FOLLOWER to CANDIDATE at term 457 for changeToCandidate
2019-10-21 23:47:17,744 [Thread-3037] INFO  impl.RoleInfo (RoleInfo.java:updateAndGet(143)) - b88b3e43-5534-49b3-b3f2-a9f154b450de: start LeaderElection
2019-10-21 23:47:17,766 [b88b3e43-5534-49b3-b3f2-a9f154b450de@group-2FABE92B7E5B-LeaderElection426] INFO  impl.LeaderElection (LeaderElection.java:askForVotes(178)) - b88b3e43-5534-49b3-b3f2-a9f154b450de@group-2FABE92B7E5B-LeaderElection426: begin an election at term 458 for -1: [c58a0a02-acd3-47c8-b3e9-5b8e0493de45:192.168.157.254:33611, 1360619e-ba1e-4bf9-aec1-9f15b5480b27:192.168.157.254:45658, b88b3e43-5534-49b3-b3f2-a9f154b450de:192.168.157.254:46786], old=null
2019-10-21 23:47:17,768 [grpc-default-executor-0] INFO  impl.RaftServerImpl (RaftServerImpl.java:setRole(184)) - c58a0a02-acd3-47c8-b3e9-5b8e0493de45@group-2FABE92B7E5B: changes role from  FOLLOWER to FOLLOWER at term 458 for recognizeCandidate:b88b3e43-5534-49b3-b3f2-a9f154b450de
2019-10-21 23:47:17,768 [grpc-default-executor-0] INFO  impl.RoleInfo (RoleInfo.java:shutdownFollowerState(121)) - c58a0a02-acd3-47c8-b3e9-5b8e0493de45: shutdown FollowerState
2019-10-21 23:47:17,768 [grpc-default-executor-1] INFO  impl.RaftServerImpl (RaftServerImpl.java:setRole(184)) - 1360619e-ba1e-4bf9-aec1-9f15b5480b27@group-2FABE92B7E5B: changes role from  FOLLOWER to FOLLOWER at term 458 for recognizeCandidate:b88b3e43-5534-49b3-b3f2-a9f154b450de
2019-10-21 23:47:17,769 [grpc-default-executor-1] INFO  impl.RoleInfo (RoleInfo.java:shutdownFollowerState(121)) - 1360619e-ba1e-4bf9-aec1-9f15b5480b27: shutdown FollowerState
2019-10-21 23:47:17,769 [Thread-3035] INFO  impl.FollowerState (FollowerState.java:run(117)) - c58a0a02-acd3-47c8-b3e9-5b8e0493de45@group-2FABE92B7E5B-FollowerState was interrupted: java.lang.InterruptedException: sleep interrupted
2019-10-21 23:47:17,769 [grpc-default-executor-0] INFO  impl.RoleInfo (RoleInfo.java:updateAndGet(143)) - c58a0a02-acd3-47c8-b3e9-5b8e0493de45: start FollowerState
2019-10-21 23:47:17,769 [Thread-3036] INFO  impl.FollowerState (FollowerState.java:run(117)) - 1360619e-ba1e-4bf9-aec1-9f15b5480b27@group-2FABE92B7E5B-FollowerState was interrupted: java.lang.InterruptedException: sleep interrupted
2019-10-21 23:47:17,769 [grpc-default-executor-1] INFO  impl.RoleInfo (RoleInfo.java:updateAndGet(143)) - 1360619e-ba1e-4bf9-aec1-9f15b5480b27: start FollowerState
2019-10-21 23:47:17,784 [b88b3e43-5534-49b3-b3f2-a9f154b450de@group-2FABE92B7E5B-LeaderElection426] INFO  impl.LeaderElection (LeaderElection.java:logAndReturn(56)) - b88b3e43-5534-49b3-b3f2-a9f154b450de@group-2FABE92B7E5B-LeaderElection426: Election REJECTED; received 2 response(s) [b88b3e43-5534-49b3-b3f2-a9f154b450de<-c58a0a02-acd3-47c8-b3e9-5b8e0493de45#0:FAIL-t458, b88b3e43-5534-49b3-b3f2-a9f154b450de<-1360619e-ba1e-4bf9-aec1-9f15b5480b27#0:FAIL-t458] and 0 exception(s); b88b3e43-5534-49b3-b3f2-a9f154b450de@group-2FABE92B7E5B:t458, leader=null, voted=b88b3e43-5534-49b3-b3f2-a9f154b450de, raftlog=b88b3e43-5534-49b3-b3f2-a9f154b450de@group-2FABE92B7E5B-SegmentedRaftLog:OPENED:c-1,f-1,i0, conf=-1: [c58a0a02-acd3-47c8-b3e9-5b8e0493de45:192.168.157.254:33611, 1360619e-ba1e-4bf9-aec1-9f15b5480b27:192.168.157.254:45658, b88b3e43-5534-49b3-b3f2-a9f154b450de:192.168.157.254:46786], old=null
2019-10-21 23:47:17,784 [b88b3e43-5534-49b3-b3f2-a9f154b450de@group-2FABE92B7E5B-LeaderElection426] INFO  impl.RaftServerImpl (RaftServerImpl.java:setRole(184)) - b88b3e43-5534-49b3-b3f2-a9f154b450de@group-2FABE92B7E5B: changes role from CANDIDATE to FOLLOWER at term 458 for DISCOVERED_A_NEW_TERM
2019-10-21 23:47:17,784 [b88b3e43-5534-49b3-b3f2-a9f154b450de@group-2FABE92B7E5B-LeaderElection426] INFO  impl.RoleInfo (RoleInfo.java:shutdownLeaderElection(134)) - b88b3e43-5534-49b3-b3f2-a9f154b450de: shutdown LeaderElection
2019-10-21 23:47:17,784 [b88b3e43-5534-49b3-b3f2-a9f154b450de@group-2FABE92B7E5B-LeaderElection426] INFO  impl.RoleInfo (RoleInfo.java:updateAndGet(143)) - b88b3e43-5534-49b3-b3f2-a9f154b450de: start FollowerState
2019-10-21 23:47:17,909 [Thread-3043] INFO  impl.FollowerState (FollowerState.java:run(108)) - b88b3e43-5534-49b3-b3f2-a9f154b450de@group-2FABE92B7E5B-FollowerState: change to CANDIDATE, lastRpcTime:125ms, electionTimeout:125ms
2019-10-21 23:47:17,909 [Thread-3043] INFO  impl.RoleInfo (RoleInfo.java:shutdownFollowerState(121)) - b88b3e43-5534-49b3-b3f2-a9f154b450de: shutdown FollowerState
2019-10-21 23:47:17,910 [Thread-3043] INFO  impl.RaftServerImpl (RaftServerImpl.java:setRole(184)) - b88b3e43-5534-49b3-b3f2-a9f154b450de@group-2FABE92B7E5B: changes role from  FOLLOWER to CANDIDATE at term 458 for changeToCandidate
2019-10-21 23:47:17,910 [Thread-3043] INFO  impl.RoleInfo (RoleInfo.java:updateAndGet(143)) - b88b3e43-5534-49b3-b3f2-a9f154b450de: start LeaderElection
2019-10-21 23:47:17,935 [b88b3e43-5534-49b3-b3f2-a9f154b450de@group-2FABE92B7E5B-LeaderElection427] INFO  impl.LeaderElection (LeaderElection.java:askForVotes(178)) - b88b3e43-5534-49b3-b3f2-a9f154b450de@group-2FABE92B7E5B-LeaderElection427: begin an election at term 459 for -1: [c58a0a02-acd3-47c8-b3e9-5b8e0493de45:192.168.157.254:33611, 1360619e-ba1e-4bf9-aec1-9f15b5480b27:192.168.157.254:45658, b88b3e43-5534-49b3-b3f2-a9f154b450de:192.168.157.254:46786], old=null
2019-10-21 23:47:17,937 [grpc-default-executor-1] INFO  impl.RaftServerImpl (RaftServerImpl.java:setRole(184)) - c58a0a02-acd3-47c8-b3e9-5b8e0493de45@group-2FABE92B7E5B: changes role from  FOLLOWER to FOLLOWER at term 459 for recognizeCandidate:b88b3e43-5534-49b3-b3f2-a9f154b450de
2019-10-21 23:47:17,937 [grpc-default-executor-0] INFO  impl.RaftServerImpl (RaftServerImpl.java:setRole(184)) - 1360619e-ba1e-4bf9-aec1-9f15b5480b27@group-2FABE92B7E5B: changes role from  FOLLOWER to FOLLOWER at term 459 for recognizeCandidate:b88b3e43-5534-49b3-b3f2-a9f154b450de
2019-10-21 23:47:17,937 [grpc-default-executor-1] INFO  impl.RoleInfo (RoleInfo.java:shutdownFollowerState(121)) - c58a0a02-acd3-47c8-b3e9-5b8e0493de45: shutdown FollowerState
2019-10-21 23:47:17,937 [grpc-default-executor-0] INFO  impl.RoleInfo (RoleInfo.java:shutdownFollowerState(121)) - 1360619e-ba1e-4bf9-aec1-9f15b5480b27: shutdown FollowerState
2019-10-21 23:47:17,937 [Thread-3041] INFO  impl.FollowerState (FollowerState.java:run(117)) - c58a0a02-acd3-47c8-b3e9-5b8e0493de45@group-2FABE92B7E5B-FollowerState was interrupted: java.lang.InterruptedException: sleep interrupted
2019-10-21 23:47:17,937 [grpc-default-executor-1] INFO  impl.RoleInfo (RoleInfo.java:updateAndGet(143)) - c58a0a02-acd3-47c8-b3e9-5b8e0493de45: start FollowerState
2019-10-21 23:47:17,937 [Thread-3042] INFO  impl.FollowerState (FollowerState.java:run(117)) - 1360619e-ba1e-4bf9-aec1-9f15b5480b27@group-2FABE92B7E5B-FollowerState was interrupted: java.lang.InterruptedException: sleep interrupted
2019-10-21 23:47:17,937 [grpc-default-executor-0] INFO  impl.RoleInfo (RoleInfo.java:updateAndGet(143)) - 1360619e-ba1e-4bf9-aec1-9f15b5480b27: start FollowerState
2019-10-21 23:47:17,941 [b88b3e43-5534-49b3-b3f2-a9f154b450de@group-2FABE92B7E5B-LeaderElection427] INFO  impl.LeaderElection (LeaderElection.java:logAndReturn(56)) - b88b3e43-5534-49b3-b3f2-a9f154b450de@group-2FABE92B7E5B-LeaderElection427: Election TIMEOUT; received 0 response(s) [] and 0 exception(s); b88b3e43-5534-49b3-b3f2-a9f154b450de@group-2FABE92B7E5B:t459, leader=null, voted=b88b3e43-5534-49b3-b3f2-a9f154b450de, raftlog=b88b3e43-5534-49b3-b3f2-a9f154b450de@group-2FABE92B7E5B-SegmentedRaftLog:OPENED:c-1,f-1,i0, conf=-1: [c58a0a02-acd3-47c8-b3e9-5b8e0493de45:192.168.157.254:33611, 1360619e-ba1e-4bf9-aec1-9f15b5480b27:192.168.157.254:45658, b88b3e43-5534-49b3-b3f2-a9f154b450de:192.168.157.254:46786], old=null
2019-10-21 23:47:17,951 [b88b3e43-5534-49b3-b3f2-a9f154b450de@group-2FABE92B7E5B-LeaderElection427] INFO  impl.LeaderElection (LeaderElection.java:askForVotes(178)) - b88b3e43-5534-49b3-b3f2-a9f154b450de@group-2FABE92B7E5B-LeaderElection427: begin an election at term 460 for -1: [c58a0a02-acd3-47c8-b3e9-5b8e0493de45:192.168.157.254:33611, 1360619e-ba1e-4bf9-aec1-9f15b5480b27:192.168.157.254:45658, b88b3e43-5534-49b3-b3f2-a9f154b450de:192.168.157.254:46786], old=null
2019-10-21 23:47:17,952 [grpc-default-executor-1] INFO  impl.RaftServerImpl (RaftServerImpl.java:setRole(184)) - c58a0a02-acd3-47c8-b3e9-5b8e0493de45@group-2FABE92B7E5B: changes role from  FOLLOWER to FOLLOWER at term 460 for recognizeCandidate:b88b3e43-5534-49b3-b3f2-a9f154b450de
2019-10-21 23:47:17,952 [grpc-default-executor-0] INFO  impl.RaftServerImpl (RaftServerImpl.java:setRole(184)) - 1360619e-ba1e-4bf9-aec1-9f15b5480b27@group-2FABE92B7E5B: changes role from  FOLLOWER to FOLLOWER at term 460 for recognizeCandidate:b88b3e43-5534-49b3-b3f2-a9f154b450de
2019-10-21 23:47:17,952 [grpc-default-executor-1] INFO  impl.RoleInfo (RoleInfo.java:shutdownFollowerState(121)) - c58a0a02-acd3-47c8-b3e9-5b8e0493de45: shutdown FollowerState
2019-10-21 23:47:17,952 [grpc-default-executor-0] INFO  impl.RoleInfo (RoleInfo.java:shutdownFollowerState(121)) - 1360619e-ba1e-4bf9-aec1-9f15b5480b27: shutdown FollowerState
2019-10-21 23:47:17,953 [Thread-3047] INFO  impl.FollowerState (FollowerState.java:run(117)) - c58a0a02-acd3-47c8-b3e9-5b8e0493de45@group-2FABE92B7E5B-FollowerState was interrupted: java.lang.InterruptedException: sleep interrupted
2019-10-21 23:47:17,952 [grpc-default-executor-1] INFO  impl.RoleInfo (RoleInfo.java:updateAndGet(143)) - c58a0a02-acd3-47c8-b3e9-5b8e0493de45: start FollowerState
2019-10-21 23:47:17,953 [Thread-3048] INFO  impl.FollowerState (FollowerState.java:run(117)) - 1360619e-ba1e-4bf9-aec1-9f15b5480b27@group-2FABE92B7E5B-FollowerState was interrupted: java.lang.InterruptedException: sleep interrupted
2019-10-21 23:47:17,953 [grpc-default-executor-0] INFO  impl.RoleInfo (RoleInfo.java:updateAndGet(143)) - 1360619e-ba1e-4bf9-aec1-9f15b5480b27: start FollowerState
2019-10-21 23:47:17,967 [b88b3e43-5534-49b3-b3f2-a9f154b450de@group-2FABE92B7E5B-LeaderElection427] INFO  impl.LeaderElection (LeaderElection.java:logAndReturn(56)) - b88b3e43-5534-49b3-b3f2-a9f154b450de@group-2FABE92B7E5B-LeaderElection427: Election REJECTED; received 2 response(s) [b88b3e43-5534-49b3-b3f2-a9f154b450de<-c58a0a02-acd3-47c8-b3e9-5b8e0493de45#0:FAIL-t460, b88b3e43-5534-49b3-b3f2-a9f154b450de<-1360619e-ba1e-4bf9-aec1-9f15b5480b27#0:FAIL-t460] and 0 exception(s); b88b3e43-5534-49b3-b3f2-a9f154b450de@group-2FABE92B7E5B:t460, leader=null, voted=b88b3e43-5534-49b3-b3f2-a9f154b450de, raftlog=b88b3e43-5534-49b3-b3f2-a9f154b450de@group-2FABE92B7E5B-SegmentedRaftLog:OPENED:c-1,f-1,i0, conf=-1: [c58a0a02-acd3-47c8-b3e9-5b8e0493de45:192.168.157.254:33611, 1360619e-ba1e-4bf9-aec1-9f15b5480b27:192.168.157.254:45658, b88b3e43-5534-49b3-b3f2-a9f154b450de:192.168.157.254:46786], old=null
2019-10-21 23:47:17,967 [b88b3e43-5534-49b3-b3f2-a9f154b450de@group-2FABE92B7E5B-LeaderElection427] INFO  impl.RaftServerImpl (RaftServerImpl.java:setRole(184)) - b88b3e43-5534-49b3-b3f2-a9f154b450de@group-2FABE92B7E5B: changes role from CANDIDATE to FOLLOWER at term 460 for DISCOVERED_A_NEW_TERM
2019-10-21 23:47:17,967 [b88b3e43-5534-49b3-b3f2-a9f154b450de@group-2FABE92B7E5B-LeaderElection427] INFO  impl.RoleInfo (RoleInfo.java:shutdownLeaderElection(134)) - b88b3e43-5534-49b3-b3f2-a9f154b450de: shutdown LeaderElection
2019-10-21 23:47:17,967 [b88b3e43-5534-49b3-b3f2-a9f154b450de@group-2FABE92B7E5B-LeaderElection427] INFO  impl.RoleInfo (RoleInfo.java:updateAndGet(143)) - b88b3e43-5534-49b3-b3f2-a9f154b450de: start FollowerState
2019-10-21 23:47:18,075 [Thread-3053] INFO  impl.FollowerState (FollowerState.java:run(108)) - b88b3e43-5534-49b3-b3f2-a9f154b450de@group-2FABE92B7E5B-FollowerState: change to CANDIDATE, lastRpcTime:107ms, electionTimeout:107ms
2019-10-21 23:47:18,075 [Thread-3053] INFO  impl.RoleInfo (RoleInfo.java:shutdownFollowerState(121)) - b88b3e43-5534-49b3-b3f2-a9f154b450de: shutdown FollowerState
2019-10-21 23:47:18,075 [Thread-3053] INFO  impl.RaftServerImpl (RaftServerImpl.java:setRole(184)) - b88b3e43-5534-49b3-b3f2-a9f154b450de@group-2FABE92B7E5B: changes role from  FOLLOWER to CANDIDATE at term 460 for changeToCandidate
2019-10-21 23:47:18,075 [Thread-3053] INFO  impl.RoleInfo (RoleInfo.java:updateAndGet(143)) - b88b3e43-5534-49b3-b3f2-a9f154b450de: start LeaderElection
2019-10-21 23:47:18,114 [b88b3e43-5534-49b3-b3f2-a9f154b450de@group-2FABE92B7E5B-LeaderElection428] INFO  impl.LeaderElection (LeaderElection.java:askForVotes(178)) - b88b3e43-5534-49b3-b3f2-a9f154b450de@group-2FABE92B7E5B-LeaderElection428: begin an election at term 461 for -1: [c58a0a02-acd3-47c8-b3e9-5b8e0493de45:192.168.157.254:33611, 1360619e-ba1e-4bf9-aec1-9f15b5480b27:192.168.157.254:45658, b88b3e43-5534-49b3-b3f2-a9f154b450de:192.168.157.254:46786], old=null
2019-10-21 23:47:18,116 [grpc-default-executor-0] INFO  impl.RaftServerImpl (RaftServerImpl.java:setRole(184)) - c58a0a02-acd3-47c8-b3e9-5b8e0493de45@group-2FABE92B7E5B: changes role from  FOLLOWER to FOLLOWER at term 461 for recognizeCandidate:b88b3e43-5534-49b3-b3f2-a9f154b450de
2019-10-21 23:47:18,116 [grpc-default-executor-0] INFO  impl.RoleInfo (RoleInfo.java:shutdownFollowerState(121)) - c58a0a02-acd3-47c8-b3e9-5b8e0493de45: shutdown FollowerState
2019-10-21 23:47:18,116 [grpc-default-executor-1] INFO  impl.RaftServerImpl (RaftServerImpl.java:setRole(184)) - 1360619e-ba1e-4bf9-aec1-9f15b5480b27@group-2FABE92B7E5B: changes role from  FOLLOWER to FOLLOWER at term 461 for recognizeCandidate:b88b3e43-5534-49b3-b3f2-a9f154b450de
2019-10-21 23:47:18,116 [grpc-default-executor-1] INFO  impl.RoleInfo (RoleInfo.java:shutdownFollowerState(121)) - 1360619e-ba1e-4bf9-aec1-9f15b5480b27: shutdown FollowerState
2019-10-21 23:47:18,116 [Thread-3051] INFO  impl.FollowerState (FollowerState.java:run(117)) - c58a0a02-acd3-47c8-b3e9-5b8e0493de45@group-2FABE92B7E5B-FollowerState was interrupted: java.lang.InterruptedException: sleep interrupted
2019-10-21 23:47:18,116 [Thread-3052] INFO  impl.FollowerState (FollowerState.java:run(117)) - 1360619e-ba1e-4bf9-aec1-9f15b5480b27@group-2FABE92B7E5B-FollowerState was interrupted: java.lang.InterruptedException: sleep interrupted
2019-10-21 23:47:18,116 [grpc-default-executor-0] INFO  impl.RoleInfo (RoleInfo.java:updateAndGet(143)) - c58a0a02-acd3-47c8-b3e9-5b8e0493de45: start FollowerState
2019-10-21 23:47:18,116 [grpc-default-executor-1] INFO  impl.RoleInfo (RoleInfo.java:updateAndGet(143)) - 1360619e-ba1e-4bf9-aec1-9f15b5480b27: start FollowerState
2019-10-21 23:47:18,137 [b88b3e43-5534-49b3-b3f2-a9f154b450de@group-2FABE92B7E5B-LeaderElection428] INFO  impl.LeaderElection (LeaderElection.java:logAndReturn(56)) - b88b3e43-5534-49b3-b3f2-a9f154b450de@group-2FABE92B7E5B-LeaderElection428: Election REJECTED; received 2 response(s) [b88b3e43-5534-49b3-b3f2-a9f154b450de<-c58a0a02-acd3-47c8-b3e9-5b8e0493de45#0:FAIL-t461, b88b3e43-5534-49b3-b3f2-a9f154b450de<-1360619e-ba1e-4bf9-aec1-9f15b5480b27#0:FAIL-t461] and 0 exception(s); b88b3e43-5534-49b3-b3f2-a9f154b450de@group-2FABE92B7E5B:t461, leader=null, voted=b88b3e43-5534-49b3-b3f2-a9f154b450de, raftlog=b88b3e43-5534-49b3-b3f2-a9f154b450de@group-2FABE92B7E5B-SegmentedRaftLog:OPENED:c-1,f-1,i0, conf=-1: [c58a0a02-acd3-47c8-b3e9-5b8e0493de45:192.168.157.254:33611, 1360619e-ba1e-4bf9-aec1-9f15b5480b27:192.168.157.254:45658, b88b3e43-5534-49b3-b3f2-a9f154b450de:192.168.157.254:46786], old=null
2019-10-21 23:47:18,137 [b88b3e43-5534-49b3-b3f2-a9f154b450de@group-2FABE92B7E5B-LeaderElection428] INFO  impl.RaftServerImpl (RaftServerImpl.java:setRole(184)) - b88b3e43-5534-49b3-b3f2-a9f154b450de@group-2FABE92B7E5B: changes role from CANDIDATE to FOLLOWER at term 461 for DISCOVERED_A_NEW_TERM
2019-10-21 23:47:18,138 [b88b3e43-5534-49b3-b3f2-a9f154b450de@group-2FABE92B7E5B-LeaderElection428] INFO  impl.RoleInfo (RoleInfo.java:shutdownLeaderElection(134)) - b88b3e43-5534-49b3-b3f2-a9f154b450de: shutdown LeaderElection
2019-10-21 23:47:18,138 [b88b3e43-5534-49b3-b3f2-a9f154b450de@group-2FABE92B7E5B-LeaderElection428] INFO  impl.RoleInfo (RoleInfo.java:updateAndGet(143)) - b88b3e43-5534-49b3-b3f2-a9f154b450de: start FollowerState
2019-10-21 23:47:18,250 [Thread-3059] INFO  impl.FollowerState (FollowerState.java:run(108)) - b88b3e43-5534-49b3-b3f2-a9f154b450de@group-2FABE92B7E5B-FollowerState: change to CANDIDATE, lastRpcTime:112ms, electionTimeout:112ms
2019-10-21 23:47:18,250 [Thread-3059] INFO  impl.RoleInfo (RoleInfo.java:shutdownFollowerState(121)) - b88b3e43-5534-49b3-b3f2-a9f154b450de: shutdown FollowerState
2019-10-21 23:47:18,250 [Thread-3059] INFO  impl.RaftServerImpl (RaftServerImpl.java:setRole(184)) - b88b3e43-5534-49b3-b3f2-a9f154b450de@group-2FABE92B7E5B: changes role from  FOLLOWER to CANDIDATE at term 461 for changeToCandidate
2019-10-21 23:47:18,250 [Thread-3059] INFO  impl.RoleInfo (RoleInfo.java:updateAndGet(143)) - b88b3e43-5534-49b3-b3f2-a9f154b450de: start LeaderElection
2019-10-21 23:47:18,264 [b88b3e43-5534-49b3-b3f2-a9f154b450de@group-2FABE92B7E5B-LeaderElection429] INFO  impl.LeaderElection (LeaderElection.java:askForVotes(178)) - b88b3e43-5534-49b3-b3f2-a9f154b450de@group-2FABE92B7E5B-LeaderElection429: begin an election at term 462 for -1: [c58a0a02-acd3-47c8-b3e9-5b8e0493de45:192.168.157.254:33611, 1360619e-ba1e-4bf9-aec1-9f15b5480b27:192.168.157.254:45658, b88b3e43-5534-49b3-b3f2-a9f154b450de:192.168.157.254:46786], old=null
2019-10-21 23:47:18,267 [grpc-default-executor-1] INFO  impl.RaftServerImpl (RaftServerImpl.java:setRole(184)) - c58a0a02-acd3-47c8-b3e9-5b8e0493de45@group-2FABE92B7E5B: changes role from  FOLLOWER to FOLLOWER at term 462 for recognizeCandidate:b88b3e43-5534-49b3-b3f2-a9f154b450de
2019-10-21 23:47:18,267 [grpc-default-executor-0] INFO  impl.RaftServerImpl (RaftServerImpl.java:setRole(184)) - 1360619e-ba1e-4bf9-aec1-9f15b5480b27@group-2FABE92B7E5B: changes role from  FOLLOWER to FOLLOWER at term 462 for recognizeCandidate:b88b3e43-5534-49b3-b3f2-a9f154b450de
2019-10-21 23:47:18,267 [grpc-default-executor-1] INFO  impl.RoleInfo (RoleInfo.java:shutdownFollowerState(121)) - c58a0a02-acd3-47c8-b3e9-5b8e0493de45: shutdown FollowerState
2019-10-21 23:47:18,267 [grpc-default-executor-0] INFO  impl.RoleInfo (RoleInfo.java:shutdownFollowerState(121)) - 1360619e-ba1e-4bf9-aec1-9f15b5480b27: shutdown FollowerState
2019-10-21 23:47:18,267 [Thread-3057] INFO  impl.FollowerState (FollowerState.java:run(117)) - c58a0a02-acd3-47c8-b3e9-5b8e0493de45@group-2FABE92B7E5B-FollowerState was interrupted: java.lang.InterruptedException: sleep interrupted
2019-10-21 23:47:18,267 [grpc-default-executor-1] INFO  impl.RoleInfo (RoleInfo.java:updateAndGet(143)) - c58a0a02-acd3-47c8-b3e9-5b8e0493de45: start FollowerState
2019-10-21 23:47:18,268 [Thread-3058] INFO  impl.FollowerState (FollowerState.java:run(117)) - 1360619e-ba1e-4bf9-aec1-9f15b5480b27@group-2FABE92B7E5B-FollowerState was interrupted: java.lang.InterruptedException: sleep interrupted
2019-10-21 23:47:18,267 [grpc-default-executor-0] INFO  impl.RoleInfo (RoleInfo.java:updateAndGet(143)) - 1360619e-ba1e-4bf9-aec1-9f15b5480b27: start FollowerState
2019-10-21 23:47:18,282 [b88b3e43-5534-49b3-b3f2-a9f154b450de@group-2FABE92B7E5B-LeaderElection429] INFO  impl.LeaderElection (LeaderElection.java:logAndReturn(56)) - b88b3e43-5534-49b3-b3f2-a9f154b450de@group-2FABE92B7E5B-LeaderElection429: Election REJECTED; received 2 response(s) [b88b3e43-5534-49b3-b3f2-a9f154b450de<-c58a0a02-acd3-47c8-b3e9-5b8e0493de45#0:FAIL-t462, b88b3e43-5534-49b3-b3f2-a9f154b450de<-1360619e-ba1e-4bf9-aec1-9f15b5480b27#0:FAIL-t462] and 0 exception(s); b88b3e43-5534-49b3-b3f2-a9f154b450de@group-2FABE92B7E5B:t462, leader=null, voted=b88b3e43-5534-49b3-b3f2-a9f154b450de, raftlog=b88b3e43-5534-49b3-b3f2-a9f154b450de@group-2FABE92B7E5B-SegmentedRaftLog:OPENED:c-1,f-1,i0, conf=-1: [c58a0a02-acd3-47c8-b3e9-5b8e0493de45:192.168.157.254:33611, 1360619e-ba1e-4bf9-aec1-9f15b5480b27:192.168.157.254:45658, b88b3e43-5534-49b3-b3f2-a9f154b450de:192.168.157.254:46786], old=null
2019-10-21 23:47:18,282 [b88b3e43-5534-49b3-b3f2-a9f154b450de@group-2FABE92B7E5B-LeaderElection429] INFO  impl.RaftServerImpl (RaftServerImpl.java:setRole(184)) - b88b3e43-5534-49b3-b3f2-a9f154b450de@group-2FABE92B7E5B: changes role from CANDIDATE to FOLLOWER at term 462 for DISCOVERED_A_NEW_TERM
2019-10-21 23:47:18,282 [b88b3e43-5534-49b3-b3f2-a9f154b450de@group-2FABE92B7E5B-LeaderElection429] INFO  impl.RoleInfo (RoleInfo.java:shutdownLeaderElection(134)) - b88b3e43-5534-49b3-b3f2-a9f154b450de: shutdown LeaderElection
2019-10-21 23:47:18,282 [b88b3e43-5534-49b3-b3f2-a9f154b450de@group-2FABE92B7E5B-LeaderElection429] INFO  impl.RoleInfo (RoleInfo.java:updateAndGet(143)) - b88b3e43-5534-49b3-b3f2-a9f154b450de: start FollowerState
2019-10-21 23:47:18,381 [Thread-3065] INFO  impl.FollowerState (FollowerState.java:run(108)) - b88b3e43-5534-49b3-b3f2-a9f154b450de@group-2FABE92B7E5B-FollowerState: change to CANDIDATE, lastRpcTime:98ms, electionTimeout:98ms
2019-10-21 23:47:18,381 [Thread-3065] INFO  impl.RoleInfo (RoleInfo.java:shutdownFollowerState(121)) - b88b3e43-5534-49b3-b3f2-a9f154b450de: shutdown FollowerState
2019-10-21 23:47:18,381 [Thread-3065] INFO  impl.RaftServerImpl (RaftServerImpl.java:setRole(184)) - b88b3e43-5534-49b3-b3f2-a9f154b450de@group-2FABE92B7E5B: changes role from  FOLLOWER to CANDIDATE at term 462 for changeToCandidate
2019-10-21 23:47:18,381 [Thread-3065] INFO  impl.RoleInfo (RoleInfo.java:updateAndGet(143)) - b88b3e43-5534-49b3-b3f2-a9f154b450de: start LeaderElection
2019-10-21 23:47:18,405 [b88b3e43-5534-49b3-b3f2-a9f154b450de@group-2FABE92B7E5B-LeaderElection430] INFO  impl.LeaderElection (LeaderElection.java:askForVotes(178)) - b88b3e43-5534-49b3-b3f2-a9f154b450de@group-2FABE92B7E5B-LeaderElection430: begin an election at term 463 for -1: [c58a0a02-acd3-47c8-b3e9-5b8e0493de45:192.168.157.254:33611, 1360619e-ba1e-4bf9-aec1-9f15b5480b27:192.168.157.254:45658, b88b3e43-5534-49b3-b3f2-a9f154b450de:192.168.157.254:46786], old=null
2019-10-21 23:47:18,407 [grpc-default-executor-1] INFO  impl.RaftServerImpl (RaftServerImpl.java:setRole(184)) - c58a0a02-acd3-47c8-b3e9-5b8e0493de45@group-2FABE92B7E5B: changes role from  FOLLOWER to FOLLOWER at term 463 for recognizeCandidate:b88b3e43-5534-49b3-b3f2-a9f154b450de
2019-10-21 23:47:18,408 [grpc-default-executor-1] INFO  impl.RoleInfo (RoleInfo.java:shutdownFollowerState(121)) - c58a0a02-acd3-47c8-b3e9-5b8e0493de45: shutdown FollowerState
2019-10-21 23:47:18,408 [grpc-default-executor-0] INFO  impl.RaftServerImpl (RaftServerImpl.java:setRole(184)) - 1360619e-ba1e-4bf9-aec1-9f15b5480b27@group-2FABE92B7E5B: changes role from  FOLLOWER to FOLLOWER at term 463 for recognizeCandidate:b88b3e43-5534-49b3-b3f2-a9f154b450de
2019-10-21 23:47:18,408 [grpc-default-executor-0] INFO  impl.RoleInfo (RoleInfo.java:shutdownFollowerState(121)) - 1360619e-ba1e-4bf9-aec1-9f15b5480b27: shutdown FollowerState
2019-10-21 23:47:18,408 [Thread-3063] INFO  impl.FollowerState (FollowerState.java:run(117)) - c58a0a02-acd3-47c8-b3e9-5b8e0493de45@group-2FABE92B7E5B-FollowerState was interrupted: java.lang.InterruptedException: sleep interrupted
2019-10-21 23:47:18,408 [grpc-default-executor-1] INFO  impl.RoleInfo (RoleInfo.java:updateAndGet(143)) - c58a0a02-acd3-47c8-b3e9-5b8e0493de45: start FollowerState
2019-10-21 23:47:18,408 [Thread-3064] INFO  impl.FollowerState (FollowerState.java:run(117)) - 1360619e-ba1e-4bf9-aec1-9f15b5480b27@group-2FABE92B7E5B-FollowerState was interrupted: java.lang.InterruptedException: sleep interrupted
2019-10-21 23:47:18,408 [grpc-default-executor-0] INFO  impl.RoleInfo (RoleInfo.java:updateAndGet(143)) - 1360619e-ba1e-4bf9-aec1-9f15b5480b27: start FollowerState
2019-10-21 23:47:18,433 [b88b3e43-5534-49b3-b3f2-a9f154b450de@group-2FABE92B7E5B-LeaderElection430] INFO  impl.LeaderElection (LeaderElection.java:logAndReturn(56)) - b88b3e43-5534-49b3-b3f2-a9f154b450de@group-2FABE92B7E5B-LeaderElection430: Election REJECTED; received 2 response(s) [b88b3e43-5534-49b3-b3f2-a9f154b450de<-c58a0a02-acd3-47c8-b3e9-5b8e0493de45#0:FAIL-t463, b88b3e43-5534-49b3-b3f2-a9f154b450de<-1360619e-ba1e-4bf9-aec1-9f15b5480b27#0:FAIL-t463] and 0 exception(s); b88b3e43-5534-49b3-b3f2-a9f154b450de@group-2FABE92B7E5B:t463, leader=null, voted=b88b3e43-5534-49b3-b3f2-a9f154b450de, raftlog=b88b3e43-5534-49b3-b3f2-a9f154b450de@group-2FABE92B7E5B-SegmentedRaftLog:OPENED:c-1,f-1,i0, conf=-1: [c58a0a02-acd3-47c8-b3e9-5b8e0493de45:192.168.157.254:33611, 1360619e-ba1e-4bf9-aec1-9f15b5480b27:192.168.157.254:45658, b88b3e43-5534-49b3-b3f2-a9f154b450de:192.168.157.254:46786], old=null
2019-10-21 23:47:18,434 [b88b3e43-5534-49b3-b3f2-a9f154b450de@group-2FABE92B7E5B-LeaderElection430] INFO  impl.RaftServerImpl (RaftServerImpl.java:setRole(184)) - b88b3e43-5534-49b3-b3f2-a9f154b450de@group-2FABE92B7E5B: changes role from CANDIDATE to FOLLOWER at term 463 for DISCOVERED_A_NEW_TERM
2019-10-21 23:47:18,434 [b88b3e43-5534-49b3-b3f2-a9f154b450de@group-2FABE92B7E5B-LeaderElection430] INFO  impl.RoleInfo (RoleInfo.java:shutdownLeaderElection(134)) - b88b3e43-5534-49b3-b3f2-a9f154b450de: shutdown LeaderElection
2019-10-21 23:47:18,434 [b88b3e43-5534-49b3-b3f2-a9f154b450de@group-2FABE92B7E5B-LeaderElection430] INFO  impl.RoleInfo (RoleInfo.java:updateAndGet(143)) - b88b3e43-5534-49b3-b3f2-a9f154b450de: start FollowerState
2019-10-21 23:47:18,562 [Thread-3071] INFO  impl.FollowerState (FollowerState.java:run(108)) - b88b3e43-5534-49b3-b3f2-a9f154b450de@group-2FABE92B7E5B-FollowerState: change to CANDIDATE, lastRpcTime:128ms, electionTimeout:128ms
2019-10-21 23:47:18,562 [Thread-3071] INFO  impl.RoleInfo (RoleInfo.java:shutdownFollowerState(121)) - b88b3e43-5534-49b3-b3f2-a9f154b450de: shutdown FollowerState
2019-10-21 23:47:18,563 [Thread-3071] INFO  impl.RaftServerImpl (RaftServerImpl.java:setRole(184)) - b88b3e43-5534-49b3-b3f2-a9f154b450de@group-2FABE92B7E5B: changes role from  FOLLOWER to CANDIDATE at term 463 for changeToCandidate
2019-10-21 23:47:18,563 [Thread-3071] INFO  impl.RoleInfo (RoleInfo.java:updateAndGet(143)) - b88b3e43-5534-49b3-b3f2-a9f154b450de: start LeaderElection
2019-10-21 23:47:18,576 [b88b3e43-5534-49b3-b3f2-a9f154b450de@group-2FABE92B7E5B-LeaderElection431] INFO  impl.LeaderElection (LeaderElection.java:askForVotes(178)) - b88b3e43-5534-49b3-b3f2-a9f154b450de@group-2FABE92B7E5B-LeaderElection431: begin an election at term 464 for -1: [c58a0a02-acd3-47c8-b3e9-5b8e0493de45:192.168.157.254:33611, 1360619e-ba1e-4bf9-aec1-9f15b5480b27:192.168.157.254:45658, b88b3e43-5534-49b3-b3f2-a9f154b450de:192.168.157.254:46786], old=null
2019-10-21 23:47:18,578 [grpc-default-executor-1] INFO  impl.RaftServerImpl (RaftServerImpl.java:setRole(184)) - 1360619e-ba1e-4bf9-aec1-9f15b5480b27@group-2FABE92B7E5B: changes role from  FOLLOWER to FOLLOWER at term 464 for recognizeCandidate:b88b3e43-5534-49b3-b3f2-a9f154b450de
2019-10-21 23:47:18,578 [grpc-default-executor-1] INFO  impl.RoleInfo (RoleInfo.java:shutdownFollowerState(121)) - 1360619e-ba1e-4bf9-aec1-9f15b5480b27: shutdown FollowerState
2019-10-21 23:47:18,578 [grpc-default-executor-0] INFO  impl.RaftServerImpl (RaftServerImpl.java:setRole(184)) - c58a0a02-acd3-47c8-b3e9-5b8e0493de45@group-2FABE92B7E5B: changes role from  FOLLOWER to FOLLOWER at term 464 for recognizeCandidate:b88b3e43-5534-49b3-b3f2-a9f154b450de
2019-10-21 23:47:18,579 [Thread-3070] INFO  impl.FollowerState (FollowerState.java:run(117)) - 1360619e-ba1e-4bf9-aec1-9f15b5480b27@group-2FABE92B7E5B-FollowerState was interrupted: java.lang.InterruptedException: sleep interrupted
2019-10-21 23:47:18,579 [grpc-default-executor-1] INFO  impl.RoleInfo (RoleInfo.java:updateAndGet(143)) - 1360619e-ba1e-4bf9-aec1-9f15b5480b27: start FollowerState
2019-10-21 23:47:18,579 [grpc-default-executor-0] INFO  impl.RoleInfo (RoleInfo.java:shutdownFollowerState(121)) - c58a0a02-acd3-47c8-b3e9-5b8e0493de45: shutdown FollowerState
2019-10-21 23:47:18,579 [grpc-default-executor-0] INFO  impl.RoleInfo (RoleInfo.java:updateAndGet(143)) - c58a0a02-acd3-47c8-b3e9-5b8e0493de45: start FollowerState
2019-10-21 23:47:18,579 [Thread-3069] INFO  impl.FollowerState (FollowerState.java:run(117)) - c58a0a02-acd3-47c8-b3e9-5b8e0493de45@group-2FABE92B7E5B-FollowerState was interrupted: java.lang.InterruptedException: sleep interrupted
2019-10-21 23:47:18,593 [b88b3e43-5534-49b3-b3f2-a9f154b450de@group-2FABE92B7E5B-LeaderElection431] INFO  impl.LeaderElection (LeaderElection.java:logAndReturn(56)) - b88b3e43-5534-49b3-b3f2-a9f154b450de@group-2FABE92B7E5B-LeaderElection431: Election REJECTED; received 2 response(s) [b88b3e43-5534-49b3-b3f2-a9f154b450de<-c58a0a02-acd3-47c8-b3e9-5b8e0493de45#0:FAIL-t464, b88b3e43-5534-49b3-b3f2-a9f154b450de<-1360619e-ba1e-4bf9-aec1-9f15b5480b27#0:FAIL-t464] and 0 exception(s); b88b3e43-5534-49b3-b3f2-a9f154b450de@group-2FABE92B7E5B:t464, leader=null, voted=b88b3e43-5534-49b3-b3f2-a9f154b450de, raftlog=b88b3e43-5534-49b3-b3f2-a9f154b450de@group-2FABE92B7E5B-SegmentedRaftLog:OPENED:c-1,f-1,i0, conf=-1: [c58a0a02-acd3-47c8-b3e9-5b8e0493de45:192.168.157.254:33611, 1360619e-ba1e-4bf9-aec1-9f15b5480b27:192.168.157.254:45658, b88b3e43-5534-49b3-b3f2-a9f154b450de:192.168.157.254:46786], old=null
2019-10-21 23:47:18,593 [b88b3e43-5534-49b3-b3f2-a9f154b450de@group-2FABE92B7E5B-LeaderElection431] INFO  impl.RaftServerImpl (RaftServerImpl.java:setRole(184)) - b88b3e43-5534-49b3-b3f2-a9f154b450de@group-2FABE92B7E5B: changes role from CANDIDATE to FOLLOWER at term 464 for DISCOVERED_A_NEW_TERM
2019-10-21 23:47:18,594 [b88b3e43-5534-49b3-b3f2-a9f154b450de@group-2FABE92B7E5B-LeaderElection431] INFO  impl.RoleInfo (RoleInfo.java:shutdownLeaderElection(134)) - b88b3e43-5534-49b3-b3f2-a9f154b450de: shutdown LeaderElection
2019-10-21 23:47:18,594 [b88b3e43-5534-49b3-b3f2-a9f154b450de@group-2FABE92B7E5B-LeaderElection431] INFO  impl.RoleInfo (RoleInfo.java:updateAndGet(143)) - b88b3e43-5534-49b3-b3f2-a9f154b450de: start FollowerState
2019-10-21 23:47:18,678 [Thread-3079] INFO  impl.FollowerState (FollowerState.java:run(108)) - b88b3e43-5534-49b3-b3f2-a9f154b450de@group-2FABE92B7E5B-FollowerState: change to CANDIDATE, lastRpcTime:84ms, electionTimeout:84ms
2019-10-21 23:47:18,678 [Thread-3079] INFO  impl.RoleInfo (RoleInfo.java:shutdownFollowerState(121)) - b88b3e43-5534-49b3-b3f2-a9f154b450de: shutdown FollowerState
2019-10-21 23:47:18,678 [Thread-3079] INFO  impl.RaftServerImpl (RaftServerImpl.java:setRole(184)) - b88b3e43-5534-49b3-b3f2-a9f154b450de@group-2FABE92B7E5B: changes role from  FOLLOWER to CANDIDATE at term 464 for changeToCandidate
2019-10-21 23:47:18,679 [Thread-3079] INFO  impl.RoleInfo (RoleInfo.java:updateAndGet(143)) - b88b3e43-5534-49b3-b3f2-a9f154b450de: start LeaderElection
2019-10-21 23:47:18,702 [b88b3e43-5534-49b3-b3f2-a9f154b450de@group-2FABE92B7E5B-LeaderElection432] INFO  impl.LeaderElection (LeaderElection.java:askForVotes(178)) - b88b3e43-5534-49b3-b3f2-a9f154b450de@group-2FABE92B7E5B-LeaderElection432: begin an election at term 465 for -1: [c58a0a02-acd3-47c8-b3e9-5b8e0493de45:192.168.157.254:33611, 1360619e-ba1e-4bf9-aec1-9f15b5480b27:192.168.157.254:45658, b88b3e43-5534-49b3-b3f2-a9f154b450de:192.168.157.254:46786], old=null
2019-10-21 23:47:18,704 [grpc-default-executor-1] INFO  impl.RaftServerImpl (RaftServerImpl.java:setRole(184)) - 1360619e-ba1e-4bf9-aec1-9f15b5480b27@group-2FABE92B7E5B: changes role from  FOLLOWER to FOLLOWER at term 465 for recognizeCandidate:b88b3e43-5534-49b3-b3f2-a9f154b450de
2019-10-21 23:47:18,705 [grpc-default-executor-1] INFO  impl.RoleInfo (RoleInfo.java:shutdownFollowerState(121)) - 1360619e-ba1e-4bf9-aec1-9f15b5480b27: shutdown FollowerState
2019-10-21 23:47:18,704 [grpc-default-executor-0] INFO  impl.RaftServerImpl (RaftServerImpl.java:setRole(184)) - c58a0a02-acd3-47c8-b3e9-5b8e0493de45@group-2FABE92B7E5B: changes role from  FOLLOWER to FOLLOWER at term 465 for recognizeCandidate:b88b3e43-5534-49b3-b3f2-a9f154b450de
2019-10-21 23:47:18,705 [Thread-3077] INFO  impl.FollowerState (FollowerState.java:run(117)) - 1360619e-ba1e-4bf9-aec1-9f15b5480b27@group-2FABE92B7E5B-FollowerState was interrupted: java.lang.InterruptedException: sleep interrupted
2019-10-21 23:47:18,705 [grpc-default-executor-1] INFO  impl.RoleInfo (RoleInfo.java:updateAndGet(143)) - 1360619e-ba1e-4bf9-aec1-9f15b5480b27: start FollowerState
2019-10-21 23:47:18,705 [grpc-default-executor-0] INFO  impl.RoleInfo (RoleInfo.java:shutdownFollowerState(121)) - c58a0a02-acd3-47c8-b3e9-5b8e0493de45: shutdown FollowerState
2019-10-21 23:47:18,705 [Thread-3078] INFO  impl.FollowerState (FollowerState.java:run(117)) - c58a0a02-acd3-47c8-b3e9-5b8e0493de45@group-2FABE92B7E5B-FollowerState was interrupted: java.lang.InterruptedException: sleep interrupted
2019-10-21 23:47:18,705 [grpc-default-executor-0] INFO  impl.RoleInfo (RoleInfo.java:updateAndGet(143)) - c58a0a02-acd3-47c8-b3e9-5b8e0493de45: start FollowerState
2019-10-21 23:47:18,719 [b88b3e43-5534-49b3-b3f2-a9f154b450de@group-2FABE92B7E5B-LeaderElection432] INFO  impl.LeaderElection (LeaderElection.java:logAndReturn(56)) - b88b3e43-5534-49b3-b3f2-a9f154b450de@group-2FABE92B7E5B-LeaderElection432: Election REJECTED; received 2 response(s) [b88b3e43-5534-49b3-b3f2-a9f154b450de<-c58a0a02-acd3-47c8-b3e9-5b8e0493de45#0:FAIL-t465, b88b3e43-5534-49b3-b3f2-a9f154b450de<-1360619e-ba1e-4bf9-aec1-9f15b5480b27#0:FAIL-t465] and 0 exception(s); b88b3e43-5534-49b3-b3f2-a9f154b450de@group-2FABE92B7E5B:t465, leader=null, voted=b88b3e43-5534-49b3-b3f2-a9f154b450de, raftlog=b88b3e43-5534-49b3-b3f2-a9f154b450de@group-2FABE92B7E5B-SegmentedRaftLog:OPENED:c-1,f-1,i0, conf=-1: [c58a0a02-acd3-47c8-b3e9-5b8e0493de45:192.168.157.254:33611, 1360619e-ba1e-4bf9-aec1-9f15b5480b27:192.168.157.254:45658, b88b3e43-5534-49b3-b3f2-a9f154b450de:192.168.157.254:46786], old=null
2019-10-21 23:47:18,719 [b88b3e43-5534-49b3-b3f2-a9f154b450de@group-2FABE92B7E5B-LeaderElection432] INFO  impl.RaftServerImpl (RaftServerImpl.java:setRole(184)) - b88b3e43-5534-49b3-b3f2-a9f154b450de@group-2FABE92B7E5B: changes role from CANDIDATE to FOLLOWER at term 465 for DISCOVERED_A_NEW_TERM
2019-10-21 23:47:18,719 [b88b3e43-5534-49b3-b3f2-a9f154b450de@group-2FABE92B7E5B-LeaderElection432] INFO  impl.RoleInfo (RoleInfo.java:shutdownLeaderElection(134)) - b88b3e43-5534-49b3-b3f2-a9f154b450de: shutdown LeaderElection
2019-10-21 23:47:18,719 [b88b3e43-5534-49b3-b3f2-a9f154b450de@group-2FABE92B7E5B-LeaderElection432] INFO  impl.RoleInfo (RoleInfo.java:updateAndGet(143)) - b88b3e43-5534-49b3-b3f2-a9f154b450de: start FollowerState
2019-10-21 23:47:18,753 [Thread-3085] INFO  impl.FollowerState (FollowerState.java:run(108)) - b88b3e43-5534-49b3-b3f2-a9f154b450de@group-2FABE92B7E5B-FollowerState: change to CANDIDATE, lastRpcTime:33ms, electionTimeout:33ms
2019-10-21 23:47:18,753 [Thread-3085] INFO  impl.RoleInfo (RoleInfo.java:shutdownFollowerState(121)) - b88b3e43-5534-49b3-b3f2-a9f154b450de: shutdown FollowerState
2019-10-21 23:47:18,753 [Thread-3085] INFO  impl.RaftServerImpl (RaftServerImpl.java:setRole(184)) - b88b3e43-5534-49b3-b3f2-a9f154b450de@group-2FABE92B7E5B: changes role from  FOLLOWER to CANDIDATE at term 465 for changeToCandidate
2019-10-21 23:47:18,753 [Thread-3085] INFO  impl.RoleInfo (RoleInfo.java:updateAndGet(143)) - b88b3e43-5534-49b3-b3f2-a9f154b450de: start LeaderElection
2019-10-21 23:47:18,779 [b88b3e43-5534-49b3-b3f2-a9f154b450de@group-2FABE92B7E5B-LeaderElection433] INFO  impl.LeaderElection (LeaderElection.java:askForVotes(178)) - b88b3e43-5534-49b3-b3f2-a9f154b450de@group-2FABE92B7E5B-LeaderElection433: begin an election at term 466 for -1: [c58a0a02-acd3-47c8-b3e9-5b8e0493de45:192.168.157.254:33611, 1360619e-ba1e-4bf9-aec1-9f15b5480b27:192.168.157.254:45658, b88b3e43-5534-49b3-b3f2-a9f154b450de:192.168.157.254:46786], old=null
2019-10-21 23:47:18,781 [grpc-default-executor-0] INFO  impl.RaftServerImpl (RaftServerImpl.java:setRole(184)) - c58a0a02-acd3-47c8-b3e9-5b8e0493de45@group-2FABE92B7E5B: changes role from  FOLLOWER to FOLLOWER at term 466 for recognizeCandidate:b88b3e43-5534-49b3-b3f2-a9f154b450de
2019-10-21 23:47:18,781 [grpc-default-executor-1] INFO  impl.RaftServerImpl (RaftServerImpl.java:setRole(184)) - 1360619e-ba1e-4bf9-aec1-9f15b5480b27@group-2FABE92B7E5B: changes role from  FOLLOWER to FOLLOWER at term 466 for recognizeCandidate:b88b3e43-5534-49b3-b3f2-a9f154b450de
2019-10-21 23:47:18,781 [grpc-default-executor-0] INFO  impl.RoleInfo (RoleInfo.java:shutdownFollowerState(121)) - c58a0a02-acd3-47c8-b3e9-5b8e0493de45: shutdown FollowerState
2019-10-21 23:47:18,781 [grpc-default-executor-1] INFO  impl.RoleInfo (RoleInfo.java:shutdownFollowerState(121)) - 1360619e-ba1e-4bf9-aec1-9f15b5480b27: shutdown FollowerState
2019-10-21 23:47:18,781 [grpc-default-executor-0] INFO  impl.RoleInfo (RoleInfo.java:updateAndGet(143)) - c58a0a02-acd3-47c8-b3e9-5b8e0493de45: start FollowerState
2019-10-21 23:47:18,781 [grpc-default-executor-1] INFO  impl.RoleInfo (RoleInfo.java:updateAndGet(143)) - 1360619e-ba1e-4bf9-aec1-9f15b5480b27: start FollowerState
2019-10-21 23:47:18,781 [Thread-3084] INFO  impl.FollowerState (FollowerState.java:run(117)) - c58a0a02-acd3-47c8-b3e9-5b8e0493de45@group-2FABE92B7E5B-FollowerState was interrupted: java.lang.InterruptedException: sleep interrupted
2019-10-21 23:47:18,781 [Thread-3083] INFO  impl.FollowerState (FollowerState.java:run(117)) - 1360619e-ba1e-4bf9-aec1-9f15b5480b27@group-2FABE92B7E5B-FollowerState was interrupted: java.lang.InterruptedException: sleep interrupted
2019-10-21 23:47:18,795 [b88b3e43-5534-49b3-b3f2-a9f154b450de@group-2FABE92B7E5B-LeaderElection433] INFO  impl.LeaderElection (LeaderElection.java:logAndReturn(56)) - b88b3e43-5534-49b3-b3f2-a9f154b450de@group-2FABE92B7E5B-LeaderElection433: Election REJECTED; received 2 response(s) [b88b3e43-5534-49b3-b3f2-a9f154b450de<-c58a0a02-acd3-47c8-b3e9-5b8e0493de45#0:FAIL-t466, b88b3e43-5534-49b3-b3f2-a9f154b450de<-1360619e-ba1e-4bf9-aec1-9f15b5480b27#0:FAIL-t466] and 0 exception(s); b88b3e43-5534-49b3-b3f2-a9f154b450de@group-2FABE92B7E5B:t466, leader=null, voted=b88b3e43-5534-49b3-b3f2-a9f154b450de, raftlog=b88b3e43-5534-49b3-b3f2-a9f154b450de@group-2FABE92B7E5B-SegmentedRaftLog:OPENED:c-1,f-1,i0, conf=-1: [c58a0a02-acd3-47c8-b3e9-5b8e0493de45:192.168.157.254:33611, 1360619e-ba1e-4bf9-aec1-9f15b5480b27:192.168.157.254:45658, b88b3e43-5534-49b3-b3f2-a9f154b450de:192.168.157.254:46786], old=null
2019-10-21 23:47:18,795 [b88b3e43-5534-49b3-b3f2-a9f154b450de@group-2FABE92B7E5B-LeaderElection433] INFO  impl.RaftServerImpl (RaftServerImpl.java:setRole(184)) - b88b3e43-5534-49b3-b3f2-a9f154b450de@group-2FABE92B7E5B: changes role from CANDIDATE to FOLLOWER at term 466 for DISCOVERED_A_NEW_TERM
2019-10-21 23:47:18,795 [b88b3e43-5534-49b3-b3f2-a9f154b450de@group-2FABE92B7E5B-LeaderElection433] INFO  impl.RoleInfo (RoleInfo.java:shutdownLeaderElection(134)) - b88b3e43-5534-49b3-b3f2-a9f154b450de: shutdown LeaderElection
2019-10-21 23:47:18,796 [b88b3e43-5534-49b3-b3f2-a9f154b450de@group-2FABE92B7E5B-LeaderElection433] INFO  impl.RoleInfo (RoleInfo.java:updateAndGet(143)) - b88b3e43-5534-49b3-b3f2-a9f154b450de: start FollowerState
2019-10-21 23:47:18,969 [Thread-3091] INFO  impl.FollowerState (FollowerState.java:run(108)) - b88b3e43-5534-49b3-b3f2-a9f154b450de@group-2FABE92B7E5B-FollowerState: change to CANDIDATE, lastRpcTime:173ms, electionTimeout:173ms
2019-10-21 23:47:18,969 [Thread-3091] INFO  impl.RoleInfo (RoleInfo.java:shutdownFollowerState(121)) - b88b3e43-5534-49b3-b3f2-a9f154b450de: shutdown FollowerState
2019-10-21 23:47:18,969 [Thread-3091] INFO  impl.RaftServerImpl (RaftServerImpl.java:setRole(184)) - b88b3e43-5534-49b3-b3f2-a9f154b450de@group-2FABE92B7E5B: changes role from  FOLLOWER to CANDIDATE at term 466 for changeToCandidate
2019-10-21 23:47:18,969 [Thread-3091] INFO  impl.RoleInfo (RoleInfo.java:updateAndGet(143)) - b88b3e43-5534-49b3-b3f2-a9f154b450de: start LeaderElection
2019-10-21 23:47:18,992 [b88b3e43-5534-49b3-b3f2-a9f154b450de@group-2FABE92B7E5B-LeaderElection434] INFO  impl.LeaderElection (LeaderElection.java:askForVotes(178)) - b88b3e43-5534-49b3-b3f2-a9f154b450de@group-2FABE92B7E5B-LeaderElection434: begin an election at term 467 for -1: [c58a0a02-acd3-47c8-b3e9-5b8e0493de45:192.168.157.254:33611, 1360619e-ba1e-4bf9-aec1-9f15b5480b27:192.168.157.254:45658, b88b3e43-5534-49b3-b3f2-a9f154b450de:192.168.157.254:46786], old=null
2019-10-21 23:47:18,993 [grpc-default-executor-1] INFO  impl.RaftServerImpl (RaftServerImpl.java:setRole(184)) - c58a0a02-acd3-47c8-b3e9-5b8e0493de45@group-2FABE92B7E5B: changes role from  FOLLOWER to FOLLOWER at term 467 for recognizeCandidate:b88b3e43-5534-49b3-b3f2-a9f154b450de
2019-10-21 23:47:18,993 [grpc-default-executor-1] INFO  impl.RoleInfo (RoleInfo.java:shutdownFollowerState(121)) - c58a0a02-acd3-47c8-b3e9-5b8e0493de45: shutdown FollowerState
2019-10-21 23:47:18,993 [grpc-default-executor-0] INFO  impl.RaftServerImpl (RaftServerImpl.java:setRole(184)) - 1360619e-ba1e-4bf9-aec1-9f15b5480b27@group-2FABE92B7E5B: changes role from  FOLLOWER to FOLLOWER at term 467 for recognizeCandidate:b88b3e43-5534-49b3-b3f2-a9f154b450de
2019-10-21 23:47:18,994 [Thread-3089] INFO  impl.FollowerState (FollowerState.java:run(117)) - c58a0a02-acd3-47c8-b3e9-5b8e0493de45@group-2FABE92B7E5B-FollowerState was interrupted: java.lang.InterruptedException: sleep interrupted
2019-10-21 23:47:18,994 [grpc-default-executor-1] INFO  impl.RoleInfo (RoleInfo.java:updateAndGet(143)) - c58a0a02-acd3-47c8-b3e9-5b8e0493de45: start FollowerState
2019-10-21 23:47:18,994 [grpc-default-executor-0] INFO  impl.RoleInfo (RoleInfo.java:shutdownFollowerState(121)) - 1360619e-ba1e-4bf9-aec1-9f15b5480b27: shutdown FollowerState
2019-10-21 23:47:18,994 [grpc-default-executor-0] INFO  impl.RoleInfo (RoleInfo.java:updateAndGet(143)) - 1360619e-ba1e-4bf9-aec1-9f15b5480b27: start FollowerState
2019-10-21 23:47:18,994 [Thread-3090] INFO  impl.FollowerState (FollowerState.java:run(117)) - 1360619e-ba1e-4bf9-aec1-9f15b5480b27@group-2FABE92B7E5B-FollowerState was interrupted: java.lang.InterruptedException: sleep interrupted
2019-10-21 23:47:19,009 [b88b3e43-5534-49b3-b3f2-a9f154b450de@group-2FABE92B7E5B-LeaderElection434] INFO  impl.LeaderElection (LeaderElection.java:logAndReturn(56)) - b88b3e43-5534-49b3-b3f2-a9f154b450de@group-2FABE92B7E5B-LeaderElection434: Election REJECTED; received 2 response(s) [b88b3e43-5534-49b3-b3f2-a9f154b450de<-c58a0a02-acd3-47c8-b3e9-5b8e0493de45#0:FAIL-t467, b88b3e43-5534-49b3-b3f2-a9f154b450de<-1360619e-ba1e-4bf9-aec1-9f15b5480b27#0:FAIL-t467] and 0 exception(s); b88b3e43-5534-49b3-b3f2-a9f154b450de@group-2FABE92B7E5B:t467, leader=null, voted=b88b3e43-5534-49b3-b3f2-a9f154b450de, raftlog=b88b3e43-5534-49b3-b3f2-a9f154b450de@group-2FABE92B7E5B-SegmentedRaftLog:OPENED:c-1,f-1,i0, conf=-1: [c58a0a02-acd3-47c8-b3e9-5b8e0493de45:192.168.157.254:33611, 1360619e-ba1e-4bf9-aec1-9f15b5480b27:192.168.157.254:45658, b88b3e43-5534-49b3-b3f2-a9f154b450de:192.168.157.254:46786], old=null
2019-10-21 23:47:19,010 [b88b3e43-5534-49b3-b3f2-a9f154b450de@group-2FABE92B7E5B-LeaderElection434] INFO  impl.RaftServerImpl (RaftServerImpl.java:setRole(184)) - b88b3e43-5534-49b3-b3f2-a9f154b450de@group-2FABE92B7E5B: changes role from CANDIDATE to FOLLOWER at term 467 for DISCOVERED_A_NEW_TERM
2019-10-21 23:47:19,010 [b88b3e43-5534-49b3-b3f2-a9f154b450de@group-2FABE92B7E5B-LeaderElection434] INFO  impl.RoleInfo (RoleInfo.java:shutdownLeaderElection(134)) - b88b3e43-5534-49b3-b3f2-a9f154b450de: shutdown LeaderElection
2019-10-21 23:47:19,010 [b88b3e43-5534-49b3-b3f2-a9f154b450de@group-2FABE92B7E5B-LeaderElection434] INFO  impl.RoleInfo (RoleInfo.java:updateAndGet(143)) - b88b3e43-5534-49b3-b3f2-a9f154b450de: start FollowerState
2019-10-21 23:47:19,096 [Thread-3097] INFO  impl.FollowerState (FollowerState.java:run(108)) - b88b3e43-5534-49b3-b3f2-a9f154b450de@group-2FABE92B7E5B-FollowerState: change to CANDIDATE, lastRpcTime:86ms, electionTimeout:86ms
2019-10-21 23:47:19,097 [Thread-3097] INFO  impl.RoleInfo (RoleInfo.java:shutdownFollowerState(121)) - b88b3e43-5534-49b3-b3f2-a9f154b450de: shutdown FollowerState
2019-10-21 23:47:19,097 [Thread-3097] INFO  impl.RaftServerImpl (RaftServerImpl.java:setRole(184)) - b88b3e43-5534-49b3-b3f2-a9f154b450de@group-2FABE92B7E5B: changes role from  FOLLOWER to CANDIDATE at term 467 for changeToCandidate
2019-10-21 23:47:19,097 [Thread-3097] INFO  impl.RoleInfo (RoleInfo.java:updateAndGet(143)) - b88b3e43-5534-49b3-b3f2-a9f154b450de: start LeaderElection
2019-10-21 23:47:19,111 [b88b3e43-5534-49b3-b3f2-a9f154b450de@group-2FABE92B7E5B-LeaderElection435] INFO  impl.LeaderElection (LeaderElection.java:askForVotes(178)) - b88b3e43-5534-49b3-b3f2-a9f154b450de@group-2FABE92B7E5B-LeaderElection435: begin an election at term 468 for -1: [c58a0a02-acd3-47c8-b3e9-5b8e0493de45:192.168.157.254:33611, 1360619e-ba1e-4bf9-aec1-9f15b5480b27:192.168.157.254:45658, b88b3e43-5534-49b3-b3f2-a9f154b450de:192.168.157.254:46786], old=null
2019-10-21 23:47:19,113 [grpc-default-executor-0] INFO  impl.RaftServerImpl (RaftServerImpl.java:setRole(184)) - c58a0a02-acd3-47c8-b3e9-5b8e0493de45@group-2FABE92B7E5B: changes role from  FOLLOWER to FOLLOWER at term 468 for recognizeCandidate:b88b3e43-5534-49b3-b3f2-a9f154b450de
2019-10-21 23:47:19,113 [grpc-default-executor-1] INFO  impl.RaftServerImpl (RaftServerImpl.java:setRole(184)) - 1360619e-ba1e-4bf9-aec1-9f15b5480b27@group-2FABE92B7E5B: changes role from  FOLLOWER to FOLLOWER at term 468 for recognizeCandidate:b88b3e43-5534-49b3-b3f2-a9f154b450de
2019-10-21 23:47:19,113 [grpc-default-executor-0] INFO  impl.RoleInfo (RoleInfo.java:shutdownFollowerState(121)) - c58a0a02-acd3-47c8-b3e9-5b8e0493de45: shutdown FollowerState
2019-10-21 23:47:19,113 [grpc-default-executor-1] INFO  impl.RoleInfo (RoleInfo.java:shutdownFollowerState(121)) - 1360619e-ba1e-4bf9-aec1-9f15b5480b27: shutdown FollowerState
2019-10-21 23:47:19,114 [Thread-3095] INFO  impl.FollowerState (FollowerState.java:run(117)) - c58a0a02-acd3-47c8-b3e9-5b8e0493de45@group-2FABE92B7E5B-FollowerState was interrupted: java.lang.InterruptedException: sleep interrupted
2019-10-21 23:47:19,113 [grpc-default-executor-0] INFO  impl.RoleInfo (RoleInfo.java:updateAndGet(143)) - c58a0a02-acd3-47c8-b3e9-5b8e0493de45: start FollowerState
2019-10-21 23:47:19,114 [Thread-3096] INFO  impl.FollowerState (FollowerState.java:run(117)) - 1360619e-ba1e-4bf9-aec1-9f15b5480b27@group-2FABE92B7E5B-FollowerState was interrupted: java.lang.InterruptedException: sleep interrupted
2019-10-21 23:47:19,114 [grpc-default-executor-1] INFO  impl.RoleInfo (RoleInfo.java:updateAndGet(143)) - 1360619e-ba1e-4bf9-aec1-9f15b5480b27: start FollowerState
2019-10-21 23:47:19,129 [b88b3e43-5534-49b3-b3f2-a9f154b450de@group-2FABE92B7E5B-LeaderElection435] INFO  impl.LeaderElection (LeaderElection.java:logAndReturn(56)) - b88b3e43-5534-49b3-b3f2-a9f154b450de@group-2FABE92B7E5B-LeaderElection435: Election REJECTED; received 2 response(s) [b88b3e43-5534-49b3-b3f2-a9f154b450de<-c58a0a02-acd3-47c8-b3e9-5b8e0493de45#0:FAIL-t468, b88b3e43-5534-49b3-b3f2-a9f154b450de<-1360619e-ba1e-4bf9-aec1-9f15b5480b27#0:FAIL-t468] and 0 exception(s); b88b3e43-5534-49b3-b3f2-a9f154b450de@group-2FABE92B7E5B:t468, leader=null, voted=b88b3e43-5534-49b3-b3f2-a9f154b450de, raftlog=b88b3e43-5534-49b3-b3f2-a9f154b450de@group-2FABE92B7E5B-SegmentedRaftLog:OPENED:c-1,f-1,i0, conf=-1: [c58a0a02-acd3-47c8-b3e9-5b8e0493de45:192.168.157.254:33611, 1360619e-ba1e-4bf9-aec1-9f15b5480b27:192.168.157.254:45658, b88b3e43-5534-49b3-b3f2-a9f154b450de:192.168.157.254:46786], old=null
2019-10-21 23:47:19,129 [b88b3e43-5534-49b3-b3f2-a9f154b450de@group-2FABE92B7E5B-LeaderElection435] INFO  impl.RaftServerImpl (RaftServerImpl.java:setRole(184)) - b88b3e43-5534-49b3-b3f2-a9f154b450de@group-2FABE92B7E5B: changes role from CANDIDATE to FOLLOWER at term 468 for DISCOVERED_A_NEW_TERM
2019-10-21 23:47:19,129 [b88b3e43-5534-49b3-b3f2-a9f154b450de@group-2FABE92B7E5B-LeaderElection435] INFO  impl.RoleInfo (RoleInfo.java:shutdownLeaderElection(134)) - b88b3e43-5534-49b3-b3f2-a9f154b450de: shutdown LeaderElection
2019-10-21 23:47:19,129 [b88b3e43-5534-49b3-b3f2-a9f154b450de@group-2FABE92B7E5B-LeaderElection435] INFO  impl.RoleInfo (RoleInfo.java:updateAndGet(143)) - b88b3e43-5534-49b3-b3f2-a9f154b450de: start FollowerState
2019-10-21 23:47:19,306 [Thread-3103] INFO  impl.FollowerState (FollowerState.java:run(108)) - b88b3e43-5534-49b3-b3f2-a9f154b450de@group-2FABE92B7E5B-FollowerState: change to CANDIDATE, lastRpcTime:176ms, electionTimeout:176ms
2019-10-21 23:47:19,306 [Thread-3103] INFO  impl.RoleInfo (RoleInfo.java:shutdownFollowerState(121)) - b88b3e43-5534-49b3-b3f2-a9f154b450de: shutdown FollowerState
2019-10-21 23:47:19,306 [Thread-3103] INFO  impl.RaftServerImpl (RaftServerImpl.java:setRole(184)) - b88b3e43-5534-49b3-b3f2-a9f154b450de@group-2FABE92B7E5B: changes role from  FOLLOWER to CANDIDATE at term 468 for changeToCandidate
2019-10-21 23:47:19,306 [Thread-3103] INFO  impl.RoleInfo (RoleInfo.java:updateAndGet(143)) - b88b3e43-5534-49b3-b3f2-a9f154b450de: start LeaderElection
2019-10-21 23:47:19,320 [b88b3e43-5534-49b3-b3f2-a9f154b450de@group-2FABE92B7E5B-LeaderElection436] INFO  impl.LeaderElection (LeaderElection.java:askForVotes(178)) - b88b3e43-5534-49b3-b3f2-a9f154b450de@group-2FABE92B7E5B-LeaderElection436: begin an election at term 469 for -1: [c58a0a02-acd3-47c8-b3e9-5b8e0493de45:192.168.157.254:33611, 1360619e-ba1e-4bf9-aec1-9f15b5480b27:192.168.157.254:45658, b88b3e43-5534-49b3-b3f2-a9f154b450de:192.168.157.254:46786], old=null
2019-10-21 23:47:19,321 [grpc-default-executor-0] INFO  impl.RaftServerImpl (RaftServerImpl.java:setRole(184)) - c58a0a02-acd3-47c8-b3e9-5b8e0493de45@group-2FABE92B7E5B: changes role from  FOLLOWER to FOLLOWER at term 469 for recognizeCandidate:b88b3e43-5534-49b3-b3f2-a9f154b450de
2019-10-21 23:47:19,322 [grpc-default-executor-0] INFO  impl.RoleInfo (RoleInfo.java:shutdownFollowerState(121)) - c58a0a02-acd3-47c8-b3e9-5b8e0493de45: shutdown FollowerState
2019-10-21 23:47:19,322 [grpc-default-executor-1] INFO  impl.RaftServerImpl (RaftServerImpl.java:setRole(184)) - 1360619e-ba1e-4bf9-aec1-9f15b5480b27@group-2FABE92B7E5B: changes role from  FOLLOWER to FOLLOWER at term 469 for recognizeCandidate:b88b3e43-5534-49b3-b3f2-a9f154b450de
2019-10-21 23:47:19,322 [Thread-3101] INFO  impl.FollowerState (FollowerState.java:run(117)) - c58a0a02-acd3-47c8-b3e9-5b8e0493de45@group-2FABE92B7E5B-FollowerState was interrupted: java.lang.InterruptedException: sleep interrupted
2019-10-21 23:47:19,322 [grpc-default-executor-0] INFO  impl.RoleInfo (RoleInfo.java:updateAndGet(143)) - c58a0a02-acd3-47c8-b3e9-5b8e0493de45: start FollowerState
2019-10-21 23:47:19,322 [grpc-default-executor-1] INFO  impl.RoleInfo (RoleInfo.java:shutdownFollowerState(121)) - 1360619e-ba1e-4bf9-aec1-9f15b5480b27: shutdown FollowerState
2019-10-21 23:47:19,322 [grpc-default-executor-1] INFO  impl.RoleInfo (RoleInfo.java:updateAndGet(143)) - 1360619e-ba1e-4bf9-aec1-9f15b5480b27: start FollowerState
2019-10-21 23:47:19,322 [Thread-3102] INFO  impl.FollowerState (FollowerState.java:run(117)) - 1360619e-ba1e-4bf9-aec1-9f15b5480b27@group-2FABE92B7E5B-FollowerState was interrupted: java.lang.InterruptedException: sleep interrupted
2019-10-21 23:47:19,336 [b88b3e43-5534-49b3-b3f2-a9f154b450de@group-2FABE92B7E5B-LeaderElection436] INFO  impl.LeaderElection (LeaderElection.java:logAndReturn(56)) - b88b3e43-5534-49b3-b3f2-a9f154b450de@group-2FABE92B7E5B-LeaderElection436: Election REJECTED; received 2 response(s) [b88b3e43-5534-49b3-b3f2-a9f154b450de<-c58a0a02-acd3-47c8-b3e9-5b8e0493de45#0:FAIL-t469, b88b3e43-5534-49b3-b3f2-a9f154b450de<-1360619e-ba1e-4bf9-aec1-9f15b5480b27#0:FAIL-t469] and 0 exception(s); b88b3e43-5534-49b3-b3f2-a9f154b450de@group-2FABE92B7E5B:t469, leader=null, voted=b88b3e43-5534-49b3-b3f2-a9f154b450de, raftlog=b88b3e43-5534-49b3-b3f2-a9f154b450de@group-2FABE92B7E5B-SegmentedRaftLog:OPENED:c-1,f-1,i0, conf=-1: [c58a0a02-acd3-47c8-b3e9-5b8e0493de45:192.168.157.254:33611, 1360619e-ba1e-4bf9-aec1-9f15b5480b27:192.168.157.254:45658, b88b3e43-5534-49b3-b3f2-a9f154b450de:192.168.157.254:46786], old=null
2019-10-21 23:47:19,336 [b88b3e43-5534-49b3-b3f2-a9f154b450de@group-2FABE92B7E5B-LeaderElection436] INFO  impl.RaftServerImpl (RaftServerImpl.java:setRole(184)) - b88b3e43-5534-49b3-b3f2-a9f154b450de@group-2FABE92B7E5B: changes role from CANDIDATE to FOLLOWER at term 469 for DISCOVERED_A_NEW_TERM
2019-10-21 23:47:19,337 [b88b3e43-5534-49b3-b3f2-a9f154b450de@group-2FABE92B7E5B-LeaderElection436] INFO  impl.RoleInfo (RoleInfo.java:shutdownLeaderElection(134)) - b88b3e43-5534-49b3-b3f2-a9f154b450de: shutdown LeaderElection
2019-10-21 23:47:19,337 [b88b3e43-5534-49b3-b3f2-a9f154b450de@group-2FABE92B7E5B-LeaderElection436] INFO  impl.RoleInfo (RoleInfo.java:updateAndGet(143)) - b88b3e43-5534-49b3-b3f2-a9f154b450de: start FollowerState
2019-10-21 23:47:19,499 [Thread-3109] INFO  impl.FollowerState (FollowerState.java:run(108)) - b88b3e43-5534-49b3-b3f2-a9f154b450de@group-2FABE92B7E5B-FollowerState: change to CANDIDATE, lastRpcTime:162ms, electionTimeout:162ms
2019-10-21 23:47:19,499 [Thread-3109] INFO  impl.RoleInfo (RoleInfo.java:shutdownFollowerState(121)) - b88b3e43-5534-49b3-b3f2-a9f154b450de: shutdown FollowerState
2019-10-21 23:47:19,499 [Thread-3109] INFO  impl.RaftServerImpl (RaftServerImpl.java:setRole(184)) - b88b3e43-5534-49b3-b3f2-a9f154b450de@group-2FABE92B7E5B: changes role from  FOLLOWER to CANDIDATE at term 469 for changeToCandidate
2019-10-21 23:47:19,500 [Thread-3109] INFO  impl.RoleInfo (RoleInfo.java:updateAndGet(143)) - b88b3e43-5534-49b3-b3f2-a9f154b450de: start LeaderElection
2019-10-21 23:47:19,514 [b88b3e43-5534-49b3-b3f2-a9f154b450de@group-2FABE92B7E5B-LeaderElection437] INFO  impl.LeaderElection (LeaderElection.java:askForVotes(178)) - b88b3e43-5534-49b3-b3f2-a9f154b450de@group-2FABE92B7E5B-LeaderElection437: begin an election at term 470 for -1: [c58a0a02-acd3-47c8-b3e9-5b8e0493de45:192.168.157.254:33611, 1360619e-ba1e-4bf9-aec1-9f15b5480b27:192.168.157.254:45658, b88b3e43-5534-49b3-b3f2-a9f154b450de:192.168.157.254:46786], old=null
2019-10-21 23:47:19,516 [grpc-default-executor-1] INFO  impl.RaftServerImpl (RaftServerImpl.java:setRole(184)) - c58a0a02-acd3-47c8-b3e9-5b8e0493de45@group-2FABE92B7E5B: changes role from  FOLLOWER to FOLLOWER at term 470 for recognizeCandidate:b88b3e43-5534-49b3-b3f2-a9f154b450de
2019-10-21 23:47:19,517 [grpc-default-executor-1] INFO  impl.RoleInfo (RoleInfo.java:shutdownFollowerState(121)) - c58a0a02-acd3-47c8-b3e9-5b8e0493de45: shutdown FollowerState
2019-10-21 23:47:19,517 [grpc-default-executor-1] INFO  impl.RoleInfo (RoleInfo.java:updateAndGet(143)) - c58a0a02-acd3-47c8-b3e9-5b8e0493de45: start FollowerState
2019-10-21 23:47:19,517 [grpc-default-executor-0] INFO  impl.RaftServerImpl (RaftServerImpl.java:setRole(184)) - 1360619e-ba1e-4bf9-aec1-9f15b5480b27@group-2FABE92B7E5B: changes role from  FOLLOWER to FOLLOWER at term 470 for recognizeCandidate:b88b3e43-5534-49b3-b3f2-a9f154b450de
2019-10-21 23:47:19,517 [grpc-default-executor-0] INFO  impl.RoleInfo (RoleInfo.java:shutdownFollowerState(121)) - 1360619e-ba1e-4bf9-aec1-9f15b5480b27: shutdown FollowerState
2019-10-21 23:47:19,517 [Thread-3107] INFO  impl.FollowerState (FollowerState.java:run(117)) - c58a0a02-acd3-47c8-b3e9-5b8e0493de45@group-2FABE92B7E5B-FollowerState was interrupted: java.lang.InterruptedException: sleep interrupted
2019-10-21 23:47:19,517 [Thread-3108] INFO  impl.FollowerState (FollowerState.java:run(117)) - 1360619e-ba1e-4bf9-aec1-9f15b5480b27@group-2FABE92B7E5B-FollowerState was interrupted: java.lang.InterruptedException: sleep interrupted
2019-10-21 23:47:19,517 [grpc-default-executor-0] INFO  impl.RoleInfo (RoleInfo.java:updateAndGet(143)) - 1360619e-ba1e-4bf9-aec1-9f15b5480b27: start FollowerState
2019-10-21 23:47:19,530 [b88b3e43-5534-49b3-b3f2-a9f154b450de@group-2FABE92B7E5B-LeaderElection437] INFO  impl.LeaderElection (LeaderElection.java:logAndReturn(56)) - b88b3e43-5534-49b3-b3f2-a9f154b450de@group-2FABE92B7E5B-LeaderElection437: Election REJECTED; received 2 response(s) [b88b3e43-5534-49b3-b3f2-a9f154b450de<-c58a0a02-acd3-47c8-b3e9-5b8e0493de45#0:FAIL-t470, b88b3e43-5534-49b3-b3f2-a9f154b450de<-1360619e-ba1e-4bf9-aec1-9f15b5480b27#0:FAIL-t470] and 0 exception(s); b88b3e43-5534-49b3-b3f2-a9f154b450de@group-2FABE92B7E5B:t470, leader=null, voted=b88b3e43-5534-49b3-b3f2-a9f154b450de, raftlog=b88b3e43-5534-49b3-b3f2-a9f154b450de@group-2FABE92B7E5B-SegmentedRaftLog:OPENED:c-1,f-1,i0, conf=-1: [c58a0a02-acd3-47c8-b3e9-5b8e0493de45:192.168.157.254:33611, 1360619e-ba1e-4bf9-aec1-9f15b5480b27:192.168.157.254:45658, b88b3e43-5534-49b3-b3f2-a9f154b450de:192.168.157.254:46786], old=null
2019-10-21 23:47:19,530 [b88b3e43-5534-49b3-b3f2-a9f154b450de@group-2FABE92B7E5B-LeaderElection437] INFO  impl.RaftServerImpl (RaftServerImpl.java:setRole(184)) - b88b3e43-5534-49b3-b3f2-a9f154b450de@group-2FABE92B7E5B: changes role from CANDIDATE to FOLLOWER at term 470 for DISCOVERED_A_NEW_TERM
2019-10-21 23:47:19,530 [b88b3e43-5534-49b3-b3f2-a9f154b450de@group-2FABE92B7E5B-LeaderElection437] INFO  impl.RoleInfo (RoleInfo.java:shutdownLeaderElection(134)) - b88b3e43-5534-49b3-b3f2-a9f154b450de: shutdown LeaderElection
2019-10-21 23:47:19,530 [b88b3e43-5534-49b3-b3f2-a9f154b450de@group-2FABE92B7E5B-LeaderElection437] INFO  impl.RoleInfo (RoleInfo.java:updateAndGet(143)) - b88b3e43-5534-49b3-b3f2-a9f154b450de: start FollowerState
2019-10-21 23:47:19,635 [Thread-3117] INFO  impl.FollowerState (FollowerState.java:run(108)) - b88b3e43-5534-49b3-b3f2-a9f154b450de@group-2FABE92B7E5B-FollowerState: change to CANDIDATE, lastRpcTime:104ms, electionTimeout:104ms
2019-10-21 23:47:19,635 [Thread-3117] INFO  impl.RoleInfo (RoleInfo.java:shutdownFollowerState(121)) - b88b3e43-5534-49b3-b3f2-a9f154b450de: shutdown FollowerState
2019-10-21 23:47:19,635 [Thread-3117] INFO  impl.RaftServerImpl (RaftServerImpl.java:setRole(184)) - b88b3e43-5534-49b3-b3f2-a9f154b450de@group-2FABE92B7E5B: changes role from  FOLLOWER to CANDIDATE at term 470 for changeToCandidate
2019-10-21 23:47:19,635 [Thread-3117] INFO  impl.RoleInfo (RoleInfo.java:updateAndGet(143)) - b88b3e43-5534-49b3-b3f2-a9f154b450de: start LeaderElection
2019-10-21 23:47:19,640 [b88b3e43-5534-49b3-b3f2-a9f154b450de@group-2FABE92B7E5B-LeaderElection438] INFO  impl.LeaderElection (LeaderElection.java:askForVotes(178)) - b88b3e43-5534-49b3-b3f2-a9f154b450de@group-2FABE92B7E5B-LeaderElection438: begin an election at term 471 for -1: [c58a0a02-acd3-47c8-b3e9-5b8e0493de45:192.168.157.254:33611, 1360619e-ba1e-4bf9-aec1-9f15b5480b27:192.168.157.254:45658, b88b3e43-5534-49b3-b3f2-a9f154b450de:192.168.157.254:46786], old=null
2019-10-21 23:47:19,643 [grpc-default-executor-0] INFO  impl.RaftServerImpl (RaftServerImpl.java:setRole(184)) - c58a0a02-acd3-47c8-b3e9-5b8e0493de45@group-2FABE92B7E5B: changes role from  FOLLOWER to FOLLOWER at term 471 for recognizeCandidate:b88b3e43-5534-49b3-b3f2-a9f154b450de
2019-10-21 23:47:19,643 [grpc-default-executor-1] INFO  impl.RaftServerImpl (RaftServerImpl.java:setRole(184)) - 1360619e-ba1e-4bf9-aec1-9f15b5480b27@group-2FABE92B7E5B: changes role from  FOLLOWER to FOLLOWER at term 471 for recognizeCandidate:b88b3e43-5534-49b3-b3f2-a9f154b450de
2019-10-21 23:47:19,643 [grpc-default-executor-0] INFO  impl.RoleInfo (RoleInfo.java:shutdownFollowerState(121)) - c58a0a02-acd3-47c8-b3e9-5b8e0493de45: shutdown FollowerState
2019-10-21 23:47:19,643 [grpc-default-executor-1] INFO  impl.RoleInfo (RoleInfo.java:shutdownFollowerState(121)) - 1360619e-ba1e-4bf9-aec1-9f15b5480b27: shutdown FollowerState
2019-10-21 23:47:19,643 [Thread-3115] INFO  impl.FollowerState (FollowerState.java:run(117)) - c58a0a02-acd3-47c8-b3e9-5b8e0493de45@group-2FABE92B7E5B-FollowerState was interrupted: java.lang.InterruptedException: sleep interrupted
2019-10-21 23:47:19,643 [grpc-default-executor-0] INFO  impl.RoleInfo (RoleInfo.java:updateAndGet(143)) - c58a0a02-acd3-47c8-b3e9-5b8e0493de45: start FollowerState
2019-10-21 23:47:19,643 [Thread-3116] INFO  impl.FollowerState (FollowerState.java:run(117)) - 1360619e-ba1e-4bf9-aec1-9f15b5480b27@group-2FABE92B7E5B-FollowerState was interrupted: java.lang.InterruptedException: sleep interrupted
2019-10-21 23:47:19,643 [grpc-default-executor-1] INFO  impl.RoleInfo (RoleInfo.java:updateAndGet(143)) - 1360619e-ba1e-4bf9-aec1-9f15b5480b27: start FollowerState
2019-10-21 23:47:19,648 [b88b3e43-5534-49b3-b3f2-a9f154b450de@group-2FABE92B7E5B-LeaderElection438] INFO  impl.LeaderElection (LeaderElection.java:logAndReturn(56)) - b88b3e43-5534-49b3-b3f2-a9f154b450de@group-2FABE92B7E5B-LeaderElection438: Election REJECTED; received 2 response(s) [b88b3e43-5534-49b3-b3f2-a9f154b450de<-c58a0a02-acd3-47c8-b3e9-5b8e0493de45#0:FAIL-t471, b88b3e43-5534-49b3-b3f2-a9f154b450de<-1360619e-ba1e-4bf9-aec1-9f15b5480b27#0:FAIL-t471] and 0 exception(s); b88b3e43-5534-49b3-b3f2-a9f154b450de@group-2FABE92B7E5B:t471, leader=null, voted=b88b3e43-5534-49b3-b3f2-a9f154b450de, raftlog=b88b3e43-5534-49b3-b3f2-a9f154b450de@group-2FABE92B7E5B-SegmentedRaftLog:OPENED:c-1,f-1,i0, conf=-1: [c58a0a02-acd3-47c8-b3e9-5b8e0493de45:192.168.157.254:33611, 1360619e-ba1e-4bf9-aec1-9f15b5480b27:192.168.157.254:45658, b88b3e43-5534-49b3-b3f2-a9f154b450de:192.168.157.254:46786], old=null
2019-10-21 23:47:19,649 [b88b3e43-5534-49b3-b3f2-a9f154b450de@group-2FABE92B7E5B-LeaderElection438] INFO  impl.RaftServerImpl (RaftServerImpl.java:setRole(184)) - b88b3e43-5534-49b3-b3f2-a9f154b450de@group-2FABE92B7E5B: changes role from CANDIDATE to FOLLOWER at term 471 for DISCOVERED_A_NEW_TERM
2019-10-21 23:47:19,649 [b88b3e43-5534-49b3-b3f2-a9f154b450de@group-2FABE92B7E5B-LeaderElection438] INFO  impl.RoleInfo (RoleInfo.java:shutdownLeaderElection(134)) - b88b3e43-5534-49b3-b3f2-a9f154b450de: shutdown LeaderElection
2019-10-21 23:47:19,649 [b88b3e43-5534-49b3-b3f2-a9f154b450de@group-2FABE92B7E5B-LeaderElection438] INFO  impl.RoleInfo (RoleInfo.java:updateAndGet(143)) - b88b3e43-5534-49b3-b3f2-a9f154b450de: start FollowerState
2019-10-21 23:47:19,792 [Thread-3123] INFO  impl.FollowerState (FollowerState.java:run(108)) - b88b3e43-5534-49b3-b3f2-a9f154b450de@group-2FABE92B7E5B-FollowerState: change to CANDIDATE, lastRpcTime:143ms, electionTimeout:143ms
2019-10-21 23:47:19,792 [Thread-3123] INFO  impl.RoleInfo (RoleInfo.java:shutdownFollowerState(121)) - b88b3e43-5534-49b3-b3f2-a9f154b450de: shutdown FollowerState
2019-10-21 23:47:19,792 [Thread-3123] INFO  impl.RaftServerImpl (RaftServerImpl.java:setRole(184)) - b88b3e43-5534-49b3-b3f2-a9f154b450de@group-2FABE92B7E5B: changes role from  FOLLOWER to CANDIDATE at term 471 for changeToCandidate
2019-10-21 23:47:19,792 [Thread-3123] INFO  impl.RoleInfo (RoleInfo.java:updateAndGet(143)) - b88b3e43-5534-49b3-b3f2-a9f154b450de: start LeaderElection
2019-10-21 23:47:19,810 [b88b3e43-5534-49b3-b3f2-a9f154b450de@group-2FABE92B7E5B-LeaderElection439] INFO  impl.LeaderElection (LeaderElection.java:askForVotes(178)) - b88b3e43-5534-49b3-b3f2-a9f154b450de@group-2FABE92B7E5B-LeaderElection439: begin an election at term 472 for -1: [c58a0a02-acd3-47c8-b3e9-5b8e0493de45:192.168.157.254:33611, 1360619e-ba1e-4bf9-aec1-9f15b5480b27:192.168.157.254:45658, b88b3e43-5534-49b3-b3f2-a9f154b450de:192.168.157.254:46786], old=null
2019-10-21 23:47:19,812 [grpc-default-executor-0] INFO  impl.RaftServerImpl (RaftServerImpl.java:setRole(184)) - c58a0a02-acd3-47c8-b3e9-5b8e0493de45@group-2FABE92B7E5B: changes role from  FOLLOWER to FOLLOWER at term 472 for recognizeCandidate:b88b3e43-5534-49b3-b3f2-a9f154b450de
2019-10-21 23:47:19,812 [grpc-default-executor-0] INFO  impl.RoleInfo (RoleInfo.java:shutdownFollowerState(121)) - c58a0a02-acd3-47c8-b3e9-5b8e0493de45: shutdown FollowerState
2019-10-21 23:47:19,812 [grpc-default-executor-1] INFO  impl.RaftServerImpl (RaftServerImpl.java:setRole(184)) - 1360619e-ba1e-4bf9-aec1-9f15b5480b27@group-2FABE92B7E5B: changes role from  FOLLOWER to FOLLOWER at term 472 for recognizeCandidate:b88b3e43-5534-49b3-b3f2-a9f154b450de
2019-10-21 23:47:19,812 [Thread-3121] INFO  impl.FollowerState (FollowerState.java:run(117)) - c58a0a02-acd3-47c8-b3e9-5b8e0493de45@group-2FABE92B7E5B-FollowerState was interrupted: java.lang.InterruptedException: sleep interrupted
2019-10-21 23:47:19,812 [grpc-default-executor-0] INFO  impl.RoleInfo (RoleInfo.java:updateAndGet(143)) - c58a0a02-acd3-47c8-b3e9-5b8e0493de45: start FollowerState
2019-10-21 23:47:19,812 [grpc-default-executor-1] INFO  impl.RoleInfo (RoleInfo.java:shutdownFollowerState(121)) - 1360619e-ba1e-4bf9-aec1-9f15b5480b27: shutdown FollowerState
2019-10-21 23:47:19,813 [grpc-default-executor-1] INFO  impl.RoleInfo (RoleInfo.java:updateAndGet(143)) - 1360619e-ba1e-4bf9-aec1-9f15b5480b27: start FollowerState
2019-10-21 23:47:19,813 [Thread-3122] INFO  impl.FollowerState (FollowerState.java:run(117)) - 1360619e-ba1e-4bf9-aec1-9f15b5480b27@group-2FABE92B7E5B-FollowerState was interrupted: java.lang.InterruptedException: sleep interrupted
2019-10-21 23:47:19,827 [b88b3e43-5534-49b3-b3f2-a9f154b450de@group-2FABE92B7E5B-LeaderElection439] INFO  impl.LeaderElection (LeaderElection.java:logAndReturn(56)) - b88b3e43-5534-49b3-b3f2-a9f154b450de@group-2FABE92B7E5B-LeaderElection439: Election REJECTED; received 2 response(s) [b88b3e43-5534-49b3-b3f2-a9f154b450de<-c58a0a02-acd3-47c8-b3e9-5b8e0493de45#0:FAIL-t472, b88b3e43-5534-49b3-b3f2-a9f154b450de<-1360619e-ba1e-4bf9-aec1-9f15b5480b27#0:FAIL-t472] and 0 exception(s); b88b3e43-5534-49b3-b3f2-a9f154b450de@group-2FABE92B7E5B:t472, leader=null, voted=b88b3e43-5534-49b3-b3f2-a9f154b450de, raftlog=b88b3e43-5534-49b3-b3f2-a9f154b450de@group-2FABE92B7E5B-SegmentedRaftLog:OPENED:c-1,f-1,i0, conf=-1: [c58a0a02-acd3-47c8-b3e9-5b8e0493de45:192.168.157.254:33611, 1360619e-ba1e-4bf9-aec1-9f15b5480b27:192.168.157.254:45658, b88b3e43-5534-49b3-b3f2-a9f154b450de:192.168.157.254:46786], old=null
2019-10-21 23:47:19,827 [b88b3e43-5534-49b3-b3f2-a9f154b450de@group-2FABE92B7E5B-LeaderElection439] INFO  impl.RaftServerImpl (RaftServerImpl.java:setRole(184)) - b88b3e43-5534-49b3-b3f2-a9f154b450de@group-2FABE92B7E5B: changes role from CANDIDATE to FOLLOWER at term 472 for DISCOVERED_A_NEW_TERM
2019-10-21 23:47:19,827 [b88b3e43-5534-49b3-b3f2-a9f154b450de@group-2FABE92B7E5B-LeaderElection439] INFO  impl.RoleInfo (RoleInfo.java:shutdownLeaderElection(134)) - b88b3e43-5534-49b3-b3f2-a9f154b450de: shutdown LeaderElection
2019-10-21 23:47:19,828 [b88b3e43-5534-49b3-b3f2-a9f154b450de@group-2FABE92B7E5B-LeaderElection439] INFO  impl.RoleInfo (RoleInfo.java:updateAndGet(143)) - b88b3e43-5534-49b3-b3f2-a9f154b450de: start FollowerState
2019-10-21 23:47:19,841 [Thread-3129] INFO  impl.FollowerState (FollowerState.java:run(108)) - b88b3e43-5534-49b3-b3f2-a9f154b450de@group-2FABE92B7E5B-FollowerState: change to CANDIDATE, lastRpcTime:13ms, electionTimeout:13ms
2019-10-21 23:47:19,841 [Thread-3129] INFO  impl.RoleInfo (RoleInfo.java:shutdownFollowerState(121)) - b88b3e43-5534-49b3-b3f2-a9f154b450de: shutdown FollowerState
2019-10-21 23:47:19,841 [Thread-3129] INFO  impl.RaftServerImpl (RaftServerImpl.java:setRole(184)) - b88b3e43-5534-49b3-b3f2-a9f154b450de@group-2FABE92B7E5B: changes role from  FOLLOWER to CANDIDATE at term 472 for changeToCandidate
2019-10-21 23:47:19,841 [Thread-3129] INFO  impl.RoleInfo (RoleInfo.java:updateAndGet(143)) - b88b3e43-5534-49b3-b3f2-a9f154b450de: start LeaderElection
2019-10-21 23:47:19,856 [b88b3e43-5534-49b3-b3f2-a9f154b450de@group-2FABE92B7E5B-LeaderElection440] INFO  impl.LeaderElection (LeaderElection.java:askForVotes(178)) - b88b3e43-5534-49b3-b3f2-a9f154b450de@group-2FABE92B7E5B-LeaderElection440: begin an election at term 473 for -1: [c58a0a02-acd3-47c8-b3e9-5b8e0493de45:192.168.157.254:33611, 1360619e-ba1e-4bf9-aec1-9f15b5480b27:192.168.157.254:45658, b88b3e43-5534-49b3-b3f2-a9f154b450de:192.168.157.254:46786], old=null
2019-10-21 23:47:19,857 [grpc-default-executor-1] INFO  impl.RaftServerImpl (RaftServerImpl.java:setRole(184)) - 1360619e-ba1e-4bf9-aec1-9f15b5480b27@group-2FABE92B7E5B: changes role from  FOLLOWER to FOLLOWER at term 473 for recognizeCandidate:b88b3e43-5534-49b3-b3f2-a9f154b450de
2019-10-21 23:47:19,858 [grpc-default-executor-0] INFO  impl.RaftServerImpl (RaftServerImpl.java:setRole(184)) - c58a0a02-acd3-47c8-b3e9-5b8e0493de45@group-2FABE92B7E5B: changes role from  FOLLOWER to FOLLOWER at term 473 for recognizeCandidate:b88b3e43-5534-49b3-b3f2-a9f154b450de
2019-10-21 23:47:19,858 [grpc-default-executor-1] INFO  impl.RoleInfo (RoleInfo.java:shutdownFollowerState(121)) - 1360619e-ba1e-4bf9-aec1-9f15b5480b27: shutdown FollowerState
2019-10-21 23:47:19,858 [grpc-default-executor-0] INFO  impl.RoleInfo (RoleInfo.java:shutdownFollowerState(121)) - c58a0a02-acd3-47c8-b3e9-5b8e0493de45: shutdown FollowerState
2019-10-21 23:47:19,858 [Thread-3128] INFO  impl.FollowerState (FollowerState.java:run(117)) - 1360619e-ba1e-4bf9-aec1-9f15b5480b27@group-2FABE92B7E5B-FollowerState was interrupted: java.lang.InterruptedException: sleep interrupted
2019-10-21 23:47:19,858 [grpc-default-executor-1] INFO  impl.RoleInfo (RoleInfo.java:updateAndGet(143)) - 1360619e-ba1e-4bf9-aec1-9f15b5480b27: start FollowerState
2019-10-21 23:47:19,858 [Thread-3127] INFO  impl.FollowerState (FollowerState.java:run(117)) - c58a0a02-acd3-47c8-b3e9-5b8e0493de45@group-2FABE92B7E5B-FollowerState was interrupted: java.lang.InterruptedException: sleep interrupted
2019-10-21 23:47:19,858 [grpc-default-executor-0] INFO  impl.RoleInfo (RoleInfo.java:updateAndGet(143)) - c58a0a02-acd3-47c8-b3e9-5b8e0493de45: start FollowerState
2019-10-21 23:47:19,872 [b88b3e43-5534-49b3-b3f2-a9f154b450de@group-2FABE92B7E5B-LeaderElection440] INFO  impl.LeaderElection (LeaderElection.java:logAndReturn(56)) - b88b3e43-5534-49b3-b3f2-a9f154b450de@group-2FABE92B7E5B-LeaderElection440: Election REJECTED; received 2 response(s) [b88b3e43-5534-49b3-b3f2-a9f154b450de<-c58a0a02-acd3-47c8-b3e9-5b8e0493de45#0:FAIL-t473, b88b3e43-5534-49b3-b3f2-a9f154b450de<-1360619e-ba1e-4bf9-aec1-9f15b5480b27#0:FAIL-t473] and 0 exception(s); b88b3e43-5534-49b3-b3f2-a9f154b450de@group-2FABE92B7E5B:t473, leader=null, voted=b88b3e43-5534-49b3-b3f2-a9f154b450de, raftlog=b88b3e43-5534-49b3-b3f2-a9f154b450de@group-2FABE92B7E5B-SegmentedRaftLog:OPENED:c-1,f-1,i0, conf=-1: [c58a0a02-acd3-47c8-b3e9-5b8e0493de45:192.168.157.254:33611, 1360619e-ba1e-4bf9-aec1-9f15b5480b27:192.168.157.254:45658, b88b3e43-5534-49b3-b3f2-a9f154b450de:192.168.157.254:46786], old=null
2019-10-21 23:47:19,872 [b88b3e43-5534-49b3-b3f2-a9f154b450de@group-2FABE92B7E5B-LeaderElection440] INFO  impl.RaftServerImpl (RaftServerImpl.java:setRole(184)) - b88b3e43-5534-49b3-b3f2-a9f154b450de@group-2FABE92B7E5B: changes role from CANDIDATE to FOLLOWER at term 473 for DISCOVERED_A_NEW_TERM
2019-10-21 23:47:19,873 [b88b3e43-5534-49b3-b3f2-a9f154b450de@group-2FABE92B7E5B-LeaderElection440] INFO  impl.RoleInfo (RoleInfo.java:shutdownLeaderElection(134)) - b88b3e43-5534-49b3-b3f2-a9f154b450de: shutdown LeaderElection
2019-10-21 23:47:19,873 [b88b3e43-5534-49b3-b3f2-a9f154b450de@group-2FABE92B7E5B-LeaderElection440] INFO  impl.RoleInfo (RoleInfo.java:updateAndGet(143)) - b88b3e43-5534-49b3-b3f2-a9f154b450de: start FollowerState
2019-10-21 23:47:19,941 [Thread-3135] INFO  impl.FollowerState (FollowerState.java:run(108)) - b88b3e43-5534-49b3-b3f2-a9f154b450de@group-2FABE92B7E5B-FollowerState: change to CANDIDATE, lastRpcTime:68ms, electionTimeout:68ms
2019-10-21 23:47:19,941 [Thread-3135] INFO  impl.RoleInfo (RoleInfo.java:shutdownFollowerState(121)) - b88b3e43-5534-49b3-b3f2-a9f154b450de: shutdown FollowerState
2019-10-21 23:47:19,941 [Thread-3135] INFO  impl.RaftServerImpl (RaftServerImpl.java:setRole(184)) - b88b3e43-5534-49b3-b3f2-a9f154b450de@group-2FABE92B7E5B: changes role from  FOLLOWER to CANDIDATE at term 473 for changeToCandidate
2019-10-21 23:47:19,942 [Thread-3135] INFO  impl.RoleInfo (RoleInfo.java:updateAndGet(143)) - b88b3e43-5534-49b3-b3f2-a9f154b450de: start LeaderElection
2019-10-21 23:47:19,957 [b88b3e43-5534-49b3-b3f2-a9f154b450de@group-2FABE92B7E5B-LeaderElection441] INFO  impl.LeaderElection (LeaderElection.java:askForVotes(178)) - b88b3e43-5534-49b3-b3f2-a9f154b450de@group-2FABE92B7E5B-LeaderElection441: begin an election at term 474 for -1: [c58a0a02-acd3-47c8-b3e9-5b8e0493de45:192.168.157.254:33611, 1360619e-ba1e-4bf9-aec1-9f15b5480b27:192.168.157.254:45658, b88b3e43-5534-49b3-b3f2-a9f154b450de:192.168.157.254:46786], old=null
2019-10-21 23:47:19,960 [grpc-default-executor-0] INFO  impl.RaftServerImpl (RaftServerImpl.java:setRole(184)) - c58a0a02-acd3-47c8-b3e9-5b8e0493de45@group-2FABE92B7E5B: changes role from  FOLLOWER to FOLLOWER at term 474 for recognizeCandidate:b88b3e43-5534-49b3-b3f2-a9f154b450de
2019-10-21 23:47:19,961 [grpc-default-executor-0] INFO  impl.RoleInfo (RoleInfo.java:shutdownFollowerState(121)) - c58a0a02-acd3-47c8-b3e9-5b8e0493de45: shutdown FollowerState
2019-10-21 23:47:19,961 [grpc-default-executor-0] INFO  impl.RoleInfo (RoleInfo.java:updateAndGet(143)) - c58a0a02-acd3-47c8-b3e9-5b8e0493de45: start FollowerState
2019-10-21 23:47:19,961 [Thread-3134] INFO  impl.FollowerState (FollowerState.java:run(117)) - c58a0a02-acd3-47c8-b3e9-5b8e0493de45@group-2FABE92B7E5B-FollowerState was interrupted: java.lang.InterruptedException: sleep interrupted
2019-10-21 23:47:19,961 [grpc-default-executor-1] INFO  impl.RaftServerImpl (RaftServerImpl.java:setRole(184)) - 1360619e-ba1e-4bf9-aec1-9f15b5480b27@group-2FABE92B7E5B: changes role from  FOLLOWER to FOLLOWER at term 474 for recognizeCandidate:b88b3e43-5534-49b3-b3f2-a9f154b450de
2019-10-21 23:47:19,962 [grpc-default-executor-1] INFO  impl.RoleInfo (RoleInfo.java:shutdownFollowerState(121)) - 1360619e-ba1e-4bf9-aec1-9f15b5480b27: shutdown FollowerState
2019-10-21 23:47:19,962 [grpc-default-executor-1] INFO  impl.RoleInfo (RoleInfo.java:updateAndGet(143)) - 1360619e-ba1e-4bf9-aec1-9f15b5480b27: start FollowerState
2019-10-21 23:47:19,962 [Thread-3133] INFO  impl.FollowerState (FollowerState.java:run(117)) - 1360619e-ba1e-4bf9-aec1-9f15b5480b27@group-2FABE92B7E5B-FollowerState was interrupted: java.lang.InterruptedException: sleep interrupted
2019-10-21 23:47:19,976 [b88b3e43-5534-49b3-b3f2-a9f154b450de@group-2FABE92B7E5B-LeaderElection441] INFO  impl.LeaderElection (LeaderElection.java:logAndReturn(56)) - b88b3e43-5534-49b3-b3f2-a9f154b450de@group-2FABE92B7E5B-LeaderElection441: Election REJECTED; received 2 response(s) [b88b3e43-5534-49b3-b3f2-a9f154b450de<-c58a0a02-acd3-47c8-b3e9-5b8e0493de45#0:FAIL-t474, b88b3e43-5534-49b3-b3f2-a9f154b450de<-1360619e-ba1e-4bf9-aec1-9f15b5480b27#0:FAIL-t474] and 0 exception(s); b88b3e43-5534-49b3-b3f2-a9f154b450de@group-2FABE92B7E5B:t474, leader=null, voted=b88b3e43-5534-49b3-b3f2-a9f154b450de, raftlog=b88b3e43-5534-49b3-b3f2-a9f154b450de@group-2FABE92B7E5B-SegmentedRaftLog:OPENED:c-1,f-1,i0, conf=-1: [c58a0a02-acd3-47c8-b3e9-5b8e0493de45:192.168.157.254:33611, 1360619e-ba1e-4bf9-aec1-9f15b5480b27:192.168.157.254:45658, b88b3e43-5534-49b3-b3f2-a9f154b450de:192.168.157.254:46786], old=null
2019-10-21 23:47:19,976 [b88b3e43-5534-49b3-b3f2-a9f154b450de@group-2FABE92B7E5B-LeaderElection441] INFO  impl.RaftServerImpl (RaftServerImpl.java:setRole(184)) - b88b3e43-5534-49b3-b3f2-a9f154b450de@group-2FABE92B7E5B: changes role from CANDIDATE to FOLLOWER at term 474 for DISCOVERED_A_NEW_TERM
2019-10-21 23:47:19,976 [b88b3e43-5534-49b3-b3f2-a9f154b450de@group-2FABE92B7E5B-LeaderElection441] INFO  impl.RoleInfo (RoleInfo.java:shutdownLeaderElection(134)) - b88b3e43-5534-49b3-b3f2-a9f154b450de: shutdown LeaderElection
2019-10-21 23:47:19,977 [b88b3e43-5534-49b3-b3f2-a9f154b450de@group-2FABE92B7E5B-LeaderElection441] INFO  impl.RoleInfo (RoleInfo.java:updateAndGet(143)) - b88b3e43-5534-49b3-b3f2-a9f154b450de: start FollowerState
2019-10-21 23:47:20,048 [Thread-3141] INFO  impl.FollowerState (FollowerState.java:run(108)) - b88b3e43-5534-49b3-b3f2-a9f154b450de@group-2FABE92B7E5B-FollowerState: change to CANDIDATE, lastRpcTime:71ms, electionTimeout:71ms
2019-10-21 23:47:20,048 [Thread-3141] INFO  impl.RoleInfo (RoleInfo.java:shutdownFollowerState(121)) - b88b3e43-5534-49b3-b3f2-a9f154b450de: shutdown FollowerState
2019-10-21 23:47:20,048 [Thread-3141] INFO  impl.RaftServerImpl (RaftServerImpl.java:setRole(184)) - b88b3e43-5534-49b3-b3f2-a9f154b450de@group-2FABE92B7E5B: changes role from  FOLLOWER to CANDIDATE at term 474 for changeToCandidate
2019-10-21 23:47:20,049 [Thread-3141] INFO  impl.RoleInfo (RoleInfo.java:updateAndGet(143)) - b88b3e43-5534-49b3-b3f2-a9f154b450de: start LeaderElection
2019-10-21 23:47:20,062 [b88b3e43-5534-49b3-b3f2-a9f154b450de@group-2FABE92B7E5B-LeaderElection442] INFO  impl.LeaderElection (LeaderElection.java:askForVotes(178)) - b88b3e43-5534-49b3-b3f2-a9f154b450de@group-2FABE92B7E5B-LeaderElection442: begin an election at term 475 for -1: [c58a0a02-acd3-47c8-b3e9-5b8e0493de45:192.168.157.254:33611, 1360619e-ba1e-4bf9-aec1-9f15b5480b27:192.168.157.254:45658, b88b3e43-5534-49b3-b3f2-a9f154b450de:192.168.157.254:46786], old=null
2019-10-21 23:47:20,064 [grpc-default-executor-1] INFO  impl.RaftServerImpl (RaftServerImpl.java:setRole(184)) - 1360619e-ba1e-4bf9-aec1-9f15b5480b27@group-2FABE92B7E5B: changes role from  FOLLOWER to FOLLOWER at term 475 for recognizeCandidate:b88b3e43-5534-49b3-b3f2-a9f154b450de
2019-10-21 23:47:20,064 [grpc-default-executor-0] INFO  impl.RaftServerImpl (RaftServerImpl.java:setRole(184)) - c58a0a02-acd3-47c8-b3e9-5b8e0493de45@group-2FABE92B7E5B: changes role from  FOLLOWER to FOLLOWER at term 475 for recognizeCandidate:b88b3e43-5534-49b3-b3f2-a9f154b450de
2019-10-21 23:47:20,064 [grpc-default-executor-1] INFO  impl.RoleInfo (RoleInfo.java:shutdownFollowerState(121)) - 1360619e-ba1e-4bf9-aec1-9f15b5480b27: shutdown FollowerState
2019-10-21 23:47:20,064 [grpc-default-executor-0] INFO  impl.RoleInfo (RoleInfo.java:shutdownFollowerState(121)) - c58a0a02-acd3-47c8-b3e9-5b8e0493de45: shutdown FollowerState
2019-10-21 23:47:20,065 [Thread-3140] INFO  impl.FollowerState (FollowerState.java:run(117)) - 1360619e-ba1e-4bf9-aec1-9f15b5480b27@group-2FABE92B7E5B-FollowerState was interrupted: java.lang.InterruptedException: sleep interrupted
2019-10-21 23:47:20,065 [grpc-default-executor-1] INFO  impl.RoleInfo (RoleInfo.java:updateAndGet(143)) - 1360619e-ba1e-4bf9-aec1-9f15b5480b27: start FollowerState
2019-10-21 23:47:20,065 [Thread-3139] INFO  impl.FollowerState (FollowerState.java:run(117)) - c58a0a02-acd3-47c8-b3e9-5b8e0493de45@group-2FABE92B7E5B-FollowerState was interrupted: java.lang.InterruptedException: sleep interrupted
2019-10-21 23:47:20,065 [grpc-default-executor-0] INFO  impl.RoleInfo (RoleInfo.java:updateAndGet(143)) - c58a0a02-acd3-47c8-b3e9-5b8e0493de45: start FollowerState
2019-10-21 23:47:20,086 [b88b3e43-5534-49b3-b3f2-a9f154b450de@group-2FABE92B7E5B-LeaderElection442] INFO  impl.LeaderElection (LeaderElection.java:logAndReturn(56)) - b88b3e43-5534-49b3-b3f2-a9f154b450de@group-2FABE92B7E5B-LeaderElection442: Election REJECTED; received 2 response(s) [b88b3e43-5534-49b3-b3f2-a9f154b450de<-c58a0a02-acd3-47c8-b3e9-5b8e0493de45#0:FAIL-t475, b88b3e43-5534-49b3-b3f2-a9f154b450de<-1360619e-ba1e-4bf9-aec1-9f15b5480b27#0:FAIL-t475] and 0 exception(s); b88b3e43-5534-49b3-b3f2-a9f154b450de@group-2FABE92B7E5B:t475, leader=null, voted=b88b3e43-5534-49b3-b3f2-a9f154b450de, raftlog=b88b3e43-5534-49b3-b3f2-a9f154b450de@group-2FABE92B7E5B-SegmentedRaftLog:OPENED:c-1,f-1,i0, conf=-1: [c58a0a02-acd3-47c8-b3e9-5b8e0493de45:192.168.157.254:33611, 1360619e-ba1e-4bf9-aec1-9f15b5480b27:192.168.157.254:45658, b88b3e43-5534-49b3-b3f2-a9f154b450de:192.168.157.254:46786], old=null
2019-10-21 23:47:20,086 [b88b3e43-5534-49b3-b3f2-a9f154b450de@group-2FABE92B7E5B-LeaderElection442] INFO  impl.RaftServerImpl (RaftServerImpl.java:setRole(184)) - b88b3e43-5534-49b3-b3f2-a9f154b450de@group-2FABE92B7E5B: changes role from CANDIDATE to FOLLOWER at term 475 for DISCOVERED_A_NEW_TERM
2019-10-21 23:47:20,086 [b88b3e43-5534-49b3-b3f2-a9f154b450de@group-2FABE92B7E5B-LeaderElection442] INFO  impl.RoleInfo (RoleInfo.java:shutdownLeaderElection(134)) - b88b3e43-5534-49b3-b3f2-a9f154b450de: shutdown LeaderElection
2019-10-21 23:47:20,086 [b88b3e43-5534-49b3-b3f2-a9f154b450de@group-2FABE92B7E5B-LeaderElection442] INFO  impl.RoleInfo (RoleInfo.java:updateAndGet(143)) - b88b3e43-5534-49b3-b3f2-a9f154b450de: start FollowerState
2019-10-21 23:47:20,212 [Thread-3147] INFO  impl.FollowerState (FollowerState.java:run(108)) - b88b3e43-5534-49b3-b3f2-a9f154b450de@group-2FABE92B7E5B-FollowerState: change to CANDIDATE, lastRpcTime:126ms, electionTimeout:126ms
2019-10-21 23:47:20,213 [Thread-3147] INFO  impl.RoleInfo (RoleInfo.java:shutdownFollowerState(121)) - b88b3e43-5534-49b3-b3f2-a9f154b450de: shutdown FollowerState
2019-10-21 23:47:20,213 [Thread-3147] INFO  impl.RaftServerImpl (RaftServerImpl.java:setRole(184)) - b88b3e43-5534-49b3-b3f2-a9f154b450de@group-2FABE92B7E5B: changes role from  FOLLOWER to CANDIDATE at term 475 for changeToCandidate
2019-10-21 23:47:20,213 [Thread-3147] INFO  impl.RoleInfo (RoleInfo.java:updateAndGet(143)) - b88b3e43-5534-49b3-b3f2-a9f154b450de: start LeaderElection
2019-10-21 23:47:20,226 [b88b3e43-5534-49b3-b3f2-a9f154b450de@group-2FABE92B7E5B-LeaderElection443] INFO  impl.LeaderElection (LeaderElection.java:askForVotes(178)) - b88b3e43-5534-49b3-b3f2-a9f154b450de@group-2FABE92B7E5B-LeaderElection443: begin an election at term 476 for -1: [c58a0a02-acd3-47c8-b3e9-5b8e0493de45:192.168.157.254:33611, 1360619e-ba1e-4bf9-aec1-9f15b5480b27:192.168.157.254:45658, b88b3e43-5534-49b3-b3f2-a9f154b450de:192.168.157.254:46786], old=null
2019-10-21 23:47:20,228 [grpc-default-executor-1] INFO  impl.RaftServerImpl (RaftServerImpl.java:setRole(184)) - 1360619e-ba1e-4bf9-aec1-9f15b5480b27@group-2FABE92B7E5B: changes role from  FOLLOWER to FOLLOWER at term 476 for recognizeCandidate:b88b3e43-5534-49b3-b3f2-a9f154b450de
2019-10-21 23:47:20,228 [grpc-default-executor-1] INFO  impl.RoleInfo (RoleInfo.java:shutdownFollowerState(121)) - 1360619e-ba1e-4bf9-aec1-9f15b5480b27: shutdown FollowerState
2019-10-21 23:47:20,228 [grpc-default-executor-0] INFO  impl.RaftServerImpl (RaftServerImpl.java:setRole(184)) - c58a0a02-acd3-47c8-b3e9-5b8e0493de45@group-2FABE92B7E5B: changes role from  FOLLOWER to FOLLOWER at term 476 for recognizeCandidate:b88b3e43-5534-49b3-b3f2-a9f154b450de
2019-10-21 23:47:20,228 [Thread-3145] INFO  impl.FollowerState (FollowerState.java:run(117)) - 1360619e-ba1e-4bf9-aec1-9f15b5480b27@group-2FABE92B7E5B-FollowerState was interrupted: java.lang.InterruptedException: sleep interrupted
2019-10-21 23:47:20,228 [grpc-default-executor-1] INFO  impl.RoleInfo (RoleInfo.java:updateAndGet(143)) - 1360619e-ba1e-4bf9-aec1-9f15b5480b27: start FollowerState
2019-10-21 23:47:20,228 [grpc-default-executor-0] INFO  impl.RoleInfo (RoleInfo.java:shutdownFollowerState(121)) - c58a0a02-acd3-47c8-b3e9-5b8e0493de45: shutdown FollowerState
2019-10-21 23:47:20,229 [Thread-3146] INFO  impl.FollowerState (FollowerState.java:run(117)) - c58a0a02-acd3-47c8-b3e9-5b8e0493de45@group-2FABE92B7E5B-FollowerState was interrupted: java.lang.InterruptedException: sleep interrupted
2019-10-21 23:47:20,229 [grpc-default-executor-0] INFO  impl.RoleInfo (RoleInfo.java:updateAndGet(143)) - c58a0a02-acd3-47c8-b3e9-5b8e0493de45: start FollowerState
2019-10-21 23:47:20,251 [b88b3e43-5534-49b3-b3f2-a9f154b450de@group-2FABE92B7E5B-LeaderElection443] INFO  impl.LeaderElection (LeaderElection.java:logAndReturn(56)) - b88b3e43-5534-49b3-b3f2-a9f154b450de@group-2FABE92B7E5B-LeaderElection443: Election REJECTED; received 2 response(s) [b88b3e43-5534-49b3-b3f2-a9f154b450de<-c58a0a02-acd3-47c8-b3e9-5b8e0493de45#0:FAIL-t476, b88b3e43-5534-49b3-b3f2-a9f154b450de<-1360619e-ba1e-4bf9-aec1-9f15b5480b27#0:FAIL-t476] and 0 exception(s); b88b3e43-5534-49b3-b3f2-a9f154b450de@group-2FABE92B7E5B:t476, leader=null, voted=b88b3e43-5534-49b3-b3f2-a9f154b450de, raftlog=b88b3e43-5534-49b3-b3f2-a9f154b450de@group-2FABE92B7E5B-SegmentedRaftLog:OPENED:c-1,f-1,i0, conf=-1: [c58a0a02-acd3-47c8-b3e9-5b8e0493de45:192.168.157.254:33611, 1360619e-ba1e-4bf9-aec1-9f15b5480b27:192.168.157.254:45658, b88b3e43-5534-49b3-b3f2-a9f154b450de:192.168.157.254:46786], old=null
2019-10-21 23:47:20,251 [b88b3e43-5534-49b3-b3f2-a9f154b450de@group-2FABE92B7E5B-LeaderElection443] INFO  impl.RaftServerImpl (RaftServerImpl.java:setRole(184)) - b88b3e43-5534-49b3-b3f2-a9f154b450de@group-2FABE92B7E5B: changes role from CANDIDATE to FOLLOWER at term 476 for DISCOVERED_A_NEW_TERM
2019-10-21 23:47:20,251 [b88b3e43-5534-49b3-b3f2-a9f154b450de@group-2FABE92B7E5B-LeaderElection443] INFO  impl.RoleInfo (RoleInfo.java:shutdownLeaderElection(134)) - b88b3e43-5534-49b3-b3f2-a9f154b450de: shutdown LeaderElection
2019-10-21 23:47:20,251 [b88b3e43-5534-49b3-b3f2-a9f154b450de@group-2FABE92B7E5B-LeaderElection443] INFO  impl.RoleInfo (RoleInfo.java:updateAndGet(143)) - b88b3e43-5534-49b3-b3f2-a9f154b450de: start FollowerState
2019-10-21 23:47:20,395 [Thread-3153] INFO  impl.FollowerState (FollowerState.java:run(108)) - b88b3e43-5534-49b3-b3f2-a9f154b450de@group-2FABE92B7E5B-FollowerState: change to CANDIDATE, lastRpcTime:143ms, electionTimeout:143ms
2019-10-21 23:47:20,395 [Thread-3153] INFO  impl.RoleInfo (RoleInfo.java:shutdownFollowerState(121)) - b88b3e43-5534-49b3-b3f2-a9f154b450de: shutdown FollowerState
2019-10-21 23:47:20,395 [Thread-3153] INFO  impl.RaftServerImpl (RaftServerImpl.java:setRole(184)) - b88b3e43-5534-49b3-b3f2-a9f154b450de@group-2FABE92B7E5B: changes role from  FOLLOWER to CANDIDATE at term 476 for changeToCandidate
2019-10-21 23:47:20,395 [Thread-3153] INFO  impl.RoleInfo (RoleInfo.java:updateAndGet(143)) - b88b3e43-5534-49b3-b3f2-a9f154b450de: start LeaderElection
2019-10-21 23:47:20,421 [b88b3e43-5534-49b3-b3f2-a9f154b450de@group-2FABE92B7E5B-LeaderElection444] INFO  impl.LeaderElection (LeaderElection.java:askForVotes(178)) - b88b3e43-5534-49b3-b3f2-a9f154b450de@group-2FABE92B7E5B-LeaderElection444: begin an election at term 477 for -1: [c58a0a02-acd3-47c8-b3e9-5b8e0493de45:192.168.157.254:33611, 1360619e-ba1e-4bf9-aec1-9f15b5480b27:192.168.157.254:45658, b88b3e43-5534-49b3-b3f2-a9f154b450de:192.168.157.254:46786], old=null
2019-10-21 23:47:20,422 [grpc-default-executor-1] INFO  impl.RaftServerImpl (RaftServerImpl.java:setRole(184)) - c58a0a02-acd3-47c8-b3e9-5b8e0493de45@group-2FABE92B7E5B: changes role from  FOLLOWER to FOLLOWER at term 477 for recognizeCandidate:b88b3e43-5534-49b3-b3f2-a9f154b450de
2019-10-21 23:47:20,423 [grpc-default-executor-0] INFO  impl.RaftServerImpl (RaftServerImpl.java:setRole(184)) - 1360619e-ba1e-4bf9-aec1-9f15b5480b27@group-2FABE92B7E5B: changes role from  FOLLOWER to FOLLOWER at term 477 for recognizeCandidate:b88b3e43-5534-49b3-b3f2-a9f154b450de
2019-10-21 23:47:20,423 [grpc-default-executor-1] INFO  impl.RoleInfo (RoleInfo.java:shutdownFollowerState(121)) - c58a0a02-acd3-47c8-b3e9-5b8e0493de45: shutdown FollowerState
2019-10-21 23:47:20,423 [grpc-default-executor-0] INFO  impl.RoleInfo (RoleInfo.java:shutdownFollowerState(121)) - 1360619e-ba1e-4bf9-aec1-9f15b5480b27: shutdown FollowerState
2019-10-21 23:47:20,423 [Thread-3152] INFO  impl.FollowerState (FollowerState.java:run(117)) - c58a0a02-acd3-47c8-b3e9-5b8e0493de45@group-2FABE92B7E5B-FollowerState was interrupted: java.lang.InterruptedException: sleep interrupted
2019-10-21 23:47:20,423 [grpc-default-executor-1] INFO  impl.RoleInfo (RoleInfo.java:updateAndGet(143)) - c58a0a02-acd3-47c8-b3e9-5b8e0493de45: start FollowerState
2019-10-21 23:47:20,423 [Thread-3151] INFO  impl.FollowerState (FollowerState.java:run(117)) - 1360619e-ba1e-4bf9-aec1-9f15b5480b27@group-2FABE92B7E5B-FollowerState was interrupted: java.lang.InterruptedException: sleep interrupted
2019-10-21 23:47:20,423 [grpc-default-executor-0] INFO  impl.RoleInfo (RoleInfo.java:updateAndGet(143)) - 1360619e-ba1e-4bf9-aec1-9f15b5480b27: start FollowerState
2019-10-21 23:47:20,439 [b88b3e43-5534-49b3-b3f2-a9f154b450de@group-2FABE92B7E5B-LeaderElection444] INFO  impl.LeaderElection (LeaderElection.java:logAndReturn(56)) - b88b3e43-5534-49b3-b3f2-a9f154b450de@group-2FABE92B7E5B-LeaderElection444: Election REJECTED; received 2 response(s) [b88b3e43-5534-49b3-b3f2-a9f154b450de<-c58a0a02-acd3-47c8-b3e9-5b8e0493de45#0:FAIL-t477, b88b3e43-5534-49b3-b3f2-a9f154b450de<-1360619e-ba1e-4bf9-aec1-9f15b5480b27#0:FAIL-t477] and 0 exception(s); b88b3e43-5534-49b3-b3f2-a9f154b450de@group-2FABE92B7E5B:t477, leader=null, voted=b88b3e43-5534-49b3-b3f2-a9f154b450de, raftlog=b88b3e43-5534-49b3-b3f2-a9f154b450de@group-2FABE92B7E5B-SegmentedRaftLog:OPENED:c-1,f-1,i0, conf=-1: [c58a0a02-acd3-47c8-b3e9-5b8e0493de45:192.168.157.254:33611, 1360619e-ba1e-4bf9-aec1-9f15b5480b27:192.168.157.254:45658, b88b3e43-5534-49b3-b3f2-a9f154b450de:192.168.157.254:46786], old=null
2019-10-21 23:47:20,439 [b88b3e43-5534-49b3-b3f2-a9f154b450de@group-2FABE92B7E5B-LeaderElection444] INFO  impl.RaftServerImpl (RaftServerImpl.java:setRole(184)) - b88b3e43-5534-49b3-b3f2-a9f154b450de@group-2FABE92B7E5B: changes role from CANDIDATE to FOLLOWER at term 477 for DISCOVERED_A_NEW_TERM
2019-10-21 23:47:20,439 [b88b3e43-5534-49b3-b3f2-a9f154b450de@group-2FABE92B7E5B-LeaderElection444] INFO  impl.RoleInfo (RoleInfo.java:shutdownLeaderElection(134)) - b88b3e43-5534-49b3-b3f2-a9f154b450de: shutdown LeaderElection
2019-10-21 23:47:20,440 [b88b3e43-5534-49b3-b3f2-a9f154b450de@group-2FABE92B7E5B-LeaderElection444] INFO  impl.RoleInfo (RoleInfo.java:updateAndGet(143)) - b88b3e43-5534-49b3-b3f2-a9f154b450de: start FollowerState
2019-10-21 23:47:20,532 [Thread-3159] INFO  impl.FollowerState (FollowerState.java:run(108)) - b88b3e43-5534-49b3-b3f2-a9f154b450de@group-2FABE92B7E5B-FollowerState: change to CANDIDATE, lastRpcTime:92ms, electionTimeout:92ms
2019-10-21 23:47:20,532 [Thread-3159] INFO  impl.RoleInfo (RoleInfo.java:shutdownFollowerState(121)) - b88b3e43-5534-49b3-b3f2-a9f154b450de: shutdown FollowerState
2019-10-21 23:47:20,532 [Thread-3159] INFO  impl.RaftServerImpl (RaftServerImpl.java:setRole(184)) - b88b3e43-5534-49b3-b3f2-a9f154b450de@group-2FABE92B7E5B: changes role from  FOLLOWER to CANDIDATE at term 477 for changeToCandidate
2019-10-21 23:47:20,533 [Thread-3159] INFO  impl.RoleInfo (RoleInfo.java:updateAndGet(143)) - b88b3e43-5534-49b3-b3f2-a9f154b450de: start LeaderElection
2019-10-21 23:47:20,547 [b88b3e43-5534-49b3-b3f2-a9f154b450de@group-2FABE92B7E5B-LeaderElection445] INFO  impl.LeaderElection (LeaderElection.java:askForVotes(178)) - b88b3e43-5534-49b3-b3f2-a9f154b450de@group-2FABE92B7E5B-LeaderElection445: begin an election at term 478 for -1: [c58a0a02-acd3-47c8-b3e9-5b8e0493de45:192.168.157.254:33611, 1360619e-ba1e-4bf9-aec1-9f15b5480b27:192.168.157.254:45658, b88b3e43-5534-49b3-b3f2-a9f154b450de:192.168.157.254:46786], old=null
2019-10-21 23:47:20,549 [grpc-default-executor-0] INFO  impl.RaftServerImpl (RaftServerImpl.java:setRole(184)) - c58a0a02-acd3-47c8-b3e9-5b8e0493de45@group-2FABE92B7E5B: changes role from  FOLLOWER to FOLLOWER at term 478 for recognizeCandidate:b88b3e43-5534-49b3-b3f2-a9f154b450de
2019-10-21 23:47:20,549 [grpc-default-executor-0] INFO  impl.RoleInfo (RoleInfo.java:shutdownFollowerState(121)) - c58a0a02-acd3-47c8-b3e9-5b8e0493de45: shutdown FollowerState
2019-10-21 23:47:20,549 [grpc-default-executor-1] INFO  impl.RaftServerImpl (RaftServerImpl.java:setRole(184)) - 1360619e-ba1e-4bf9-aec1-9f15b5480b27@group-2FABE92B7E5B: changes role from  FOLLOWER to FOLLOWER at term 478 for recognizeCandidate:b88b3e43-5534-49b3-b3f2-a9f154b450de
2019-10-21 23:47:20,550 [Thread-3157] INFO  impl.FollowerState (FollowerState.java:run(117)) - c58a0a02-acd3-47c8-b3e9-5b8e0493de45@group-2FABE92B7E5B-FollowerState was interrupted: java.lang.InterruptedException: sleep interrupted
2019-10-21 23:47:20,549 [grpc-default-executor-0] INFO  impl.RoleInfo (RoleInfo.java:updateAndGet(143)) - c58a0a02-acd3-47c8-b3e9-5b8e0493de45: start FollowerState
2019-10-21 23:47:20,550 [grpc-default-executor-1] INFO  impl.RoleInfo (RoleInfo.java:shutdownFollowerState(121)) - 1360619e-ba1e-4bf9-aec1-9f15b5480b27: shutdown FollowerState
2019-10-21 23:47:20,550 [grpc-default-executor-1] INFO  impl.RoleInfo (RoleInfo.java:updateAndGet(143)) - 1360619e-ba1e-4bf9-aec1-9f15b5480b27: start FollowerState
2019-10-21 23:47:20,550 [Thread-3158] INFO  impl.FollowerState (FollowerState.java:run(117)) - 1360619e-ba1e-4bf9-aec1-9f15b5480b27@group-2FABE92B7E5B-FollowerState was interrupted: java.lang.InterruptedException: sleep interrupted
2019-10-21 23:47:20,564 [b88b3e43-5534-49b3-b3f2-a9f154b450de@group-2FABE92B7E5B-LeaderElection445] INFO  impl.LeaderElection (LeaderElection.java:logAndReturn(56)) - b88b3e43-5534-49b3-b3f2-a9f154b450de@group-2FABE92B7E5B-LeaderElection445: Election REJECTED; received 2 response(s) [b88b3e43-5534-49b3-b3f2-a9f154b450de<-c58a0a02-acd3-47c8-b3e9-5b8e0493de45#0:FAIL-t478, b88b3e43-5534-49b3-b3f2-a9f154b450de<-1360619e-ba1e-4bf9-aec1-9f15b5480b27#0:FAIL-t478] and 0 exception(s); b88b3e43-5534-49b3-b3f2-a9f154b450de@group-2FABE92B7E5B:t478, leader=null, voted=b88b3e43-5534-49b3-b3f2-a9f154b450de, raftlog=b88b3e43-5534-49b3-b3f2-a9f154b450de@group-2FABE92B7E5B-SegmentedRaftLog:OPENED:c-1,f-1,i0, conf=-1: [c58a0a02-acd3-47c8-b3e9-5b8e0493de45:192.168.157.254:33611, 1360619e-ba1e-4bf9-aec1-9f15b5480b27:192.168.157.254:45658, b88b3e43-5534-49b3-b3f2-a9f154b450de:192.168.157.254:46786], old=null
2019-10-21 23:47:20,564 [b88b3e43-5534-49b3-b3f2-a9f154b450de@group-2FABE92B7E5B-LeaderElection445] INFO  impl.RaftServerImpl (RaftServerImpl.java:setRole(184)) - b88b3e43-5534-49b3-b3f2-a9f154b450de@group-2FABE92B7E5B: changes role from CANDIDATE to FOLLOWER at term 478 for DISCOVERED_A_NEW_TERM
2019-10-21 23:47:20,564 [b88b3e43-5534-49b3-b3f2-a9f154b450de@group-2FABE92B7E5B-LeaderElection445] INFO  impl.RoleInfo (RoleInfo.java:shutdownLeaderElection(134)) - b88b3e43-5534-49b3-b3f2-a9f154b450de: shutdown LeaderElection
2019-10-21 23:47:20,564 [b88b3e43-5534-49b3-b3f2-a9f154b450de@group-2FABE92B7E5B-LeaderElection445] INFO  impl.RoleInfo (RoleInfo.java:updateAndGet(143)) - b88b3e43-5534-49b3-b3f2-a9f154b450de: start FollowerState
2019-10-21 23:47:20,633 [Thread-3167] INFO  impl.FollowerState (FollowerState.java:run(108)) - b88b3e43-5534-49b3-b3f2-a9f154b450de@group-2FABE92B7E5B-FollowerState: change to CANDIDATE, lastRpcTime:68ms, electionTimeout:68ms
2019-10-21 23:47:20,633 [Thread-3167] INFO  impl.RoleInfo (RoleInfo.java:shutdownFollowerState(121)) - b88b3e43-5534-49b3-b3f2-a9f154b450de: shutdown FollowerState
2019-10-21 23:47:20,633 [Thread-3167] INFO  impl.RaftServerImpl (RaftServerImpl.java:setRole(184)) - b88b3e43-5534-49b3-b3f2-a9f154b450de@group-2FABE92B7E5B: changes role from  FOLLOWER to CANDIDATE at term 478 for changeToCandidate
2019-10-21 23:47:20,633 [Thread-3167] INFO  impl.RoleInfo (RoleInfo.java:updateAndGet(143)) - b88b3e43-5534-49b3-b3f2-a9f154b450de: start LeaderElection
2019-10-21 23:47:20,651 [b88b3e43-5534-49b3-b3f2-a9f154b450de@group-2FABE92B7E5B-LeaderElection446] INFO  impl.LeaderElection (LeaderElection.java:askForVotes(178)) - b88b3e43-5534-49b3-b3f2-a9f154b450de@group-2FABE92B7E5B-LeaderElection446: begin an election at term 479 for -1: [c58a0a02-acd3-47c8-b3e9-5b8e0493de45:192.168.157.254:33611, 1360619e-ba1e-4bf9-aec1-9f15b5480b27:192.168.157.254:45658, b88b3e43-5534-49b3-b3f2-a9f154b450de:192.168.157.254:46786], old=null
2019-10-21 23:47:20,652 [grpc-default-executor-0] INFO  impl.RaftServerImpl (RaftServerImpl.java:setRole(184)) - c58a0a02-acd3-47c8-b3e9-5b8e0493de45@group-2FABE92B7E5B: changes role from  FOLLOWER to FOLLOWER at term 479 for recognizeCandidate:b88b3e43-5534-49b3-b3f2-a9f154b450de
2019-10-21 23:47:20,653 [grpc-default-executor-0] INFO  impl.RoleInfo (RoleInfo.java:shutdownFollowerState(121)) - c58a0a02-acd3-47c8-b3e9-5b8e0493de45: shutdown FollowerState
2019-10-21 23:47:20,653 [grpc-default-executor-1] INFO  impl.RaftServerImpl (RaftServerImpl.java:setRole(184)) - 1360619e-ba1e-4bf9-aec1-9f15b5480b27@group-2FABE92B7E5B: changes role from  FOLLOWER to FOLLOWER at term 479 for recognizeCandidate:b88b3e43-5534-49b3-b3f2-a9f154b450de
2019-10-21 23:47:20,653 [Thread-3165] INFO  impl.FollowerState (FollowerState.java:run(117)) - c58a0a02-acd3-47c8-b3e9-5b8e0493de45@group-2FABE92B7E5B-FollowerState was interrupted: java.lang.InterruptedException: sleep interrupted
2019-10-21 23:47:20,653 [grpc-default-executor-0] INFO  impl.RoleInfo (RoleInfo.java:updateAndGet(143)) - c58a0a02-acd3-47c8-b3e9-5b8e0493de45: start FollowerState
2019-10-21 23:47:20,653 [grpc-default-executor-1] INFO  impl.RoleInfo (RoleInfo.java:shutdownFollowerState(121)) - 1360619e-ba1e-4bf9-aec1-9f15b5480b27: shutdown FollowerState
2019-10-21 23:47:20,653 [grpc-default-executor-1] INFO  impl.RoleInfo (RoleInfo.java:updateAndGet(143)) - 1360619e-ba1e-4bf9-aec1-9f15b5480b27: start FollowerState
2019-10-21 23:47:20,653 [Thread-3166] INFO  impl.FollowerState (FollowerState.java:run(117)) - 1360619e-ba1e-4bf9-aec1-9f15b5480b27@group-2FABE92B7E5B-FollowerState was interrupted: java.lang.InterruptedException: sleep interrupted
2019-10-21 23:47:20,668 [b88b3e43-5534-49b3-b3f2-a9f154b450de@group-2FABE92B7E5B-LeaderElection446] INFO  impl.LeaderElection (LeaderElection.java:logAndReturn(56)) - b88b3e43-5534-49b3-b3f2-a9f154b450de@group-2FABE92B7E5B-LeaderElection446: Election REJECTED; received 2 response(s) [b88b3e43-5534-49b3-b3f2-a9f154b450de<-c58a0a02-acd3-47c8-b3e9-5b8e0493de45#0:FAIL-t479, b88b3e43-5534-49b3-b3f2-a9f154b450de<-1360619e-ba1e-4bf9-aec1-9f15b5480b27#0:FAIL-t479] and 0 exception(s); b88b3e43-5534-49b3-b3f2-a9f154b450de@group-2FABE92B7E5B:t479, leader=null, voted=b88b3e43-5534-49b3-b3f2-a9f154b450de, raftlog=b88b3e43-5534-49b3-b3f2-a9f154b450de@group-2FABE92B7E5B-SegmentedRaftLog:OPENED:c-1,f-1,i0, conf=-1: [c58a0a02-acd3-47c8-b3e9-5b8e0493de45:192.168.157.254:33611, 1360619e-ba1e-4bf9-aec1-9f15b5480b27:192.168.157.254:45658, b88b3e43-5534-49b3-b3f2-a9f154b450de:192.168.157.254:46786], old=null
2019-10-21 23:47:20,669 [b88b3e43-5534-49b3-b3f2-a9f154b450de@group-2FABE92B7E5B-LeaderElection446] INFO  impl.RaftServerImpl (RaftServerImpl.java:setRole(184)) - b88b3e43-5534-49b3-b3f2-a9f154b450de@group-2FABE92B7E5B: changes role from CANDIDATE to FOLLOWER at term 479 for DISCOVERED_A_NEW_TERM
2019-10-21 23:47:20,669 [b88b3e43-5534-49b3-b3f2-a9f154b450de@group-2FABE92B7E5B-LeaderElection446] INFO  impl.RoleInfo (RoleInfo.java:shutdownLeaderElection(134)) - b88b3e43-5534-49b3-b3f2-a9f154b450de: shutdown LeaderElection
2019-10-21 23:47:20,669 [b88b3e43-5534-49b3-b3f2-a9f154b450de@group-2FABE92B7E5B-LeaderElection446] INFO  impl.RoleInfo (RoleInfo.java:updateAndGet(143)) - b88b3e43-5534-49b3-b3f2-a9f154b450de: start FollowerState
2019-10-21 23:47:20,749 [Thread-3173] INFO  impl.FollowerState (FollowerState.java:run(108)) - b88b3e43-5534-49b3-b3f2-a9f154b450de@group-2FABE92B7E5B-FollowerState: change to CANDIDATE, lastRpcTime:80ms, electionTimeout:80ms
2019-10-21 23:47:20,749 [Thread-3173] INFO  impl.RoleInfo (RoleInfo.java:shutdownFollowerState(121)) - b88b3e43-5534-49b3-b3f2-a9f154b450de: shutdown FollowerState
2019-10-21 23:47:20,749 [Thread-3173] INFO  impl.RaftServerImpl (RaftServerImpl.java:setRole(184)) - b88b3e43-5534-49b3-b3f2-a9f154b450de@group-2FABE92B7E5B: changes role from  FOLLOWER to CANDIDATE at term 479 for changeToCandidate
2019-10-21 23:47:20,749 [Thread-3173] INFO  impl.RoleInfo (RoleInfo.java:updateAndGet(143)) - b88b3e43-5534-49b3-b3f2-a9f154b450de: start LeaderElection
2019-10-21 23:47:20,774 [b88b3e43-5534-49b3-b3f2-a9f154b450de@group-2FABE92B7E5B-LeaderElection447] INFO  impl.LeaderElection (LeaderElection.java:askForVotes(178)) - b88b3e43-5534-49b3-b3f2-a9f154b450de@group-2FABE92B7E5B-LeaderElection447: begin an election at term 480 for -1: [c58a0a02-acd3-47c8-b3e9-5b8e0493de45:192.168.157.254:33611, 1360619e-ba1e-4bf9-aec1-9f15b5480b27:192.168.157.254:45658, b88b3e43-5534-49b3-b3f2-a9f154b450de:192.168.157.254:46786], old=null
2019-10-21 23:47:20,777 [grpc-default-executor-1] INFO  impl.RaftServerImpl (RaftServerImpl.java:setRole(184)) - c58a0a02-acd3-47c8-b3e9-5b8e0493de45@group-2FABE92B7E5B: changes role from  FOLLOWER to FOLLOWER at term 480 for recognizeCandidate:b88b3e43-5534-49b3-b3f2-a9f154b450de
2019-10-21 23:47:20,777 [grpc-default-executor-0] INFO  impl.RaftServerImpl (RaftServerImpl.java:setRole(184)) - 1360619e-ba1e-4bf9-aec1-9f15b5480b27@group-2FABE92B7E5B: changes role from  FOLLOWER to FOLLOWER at term 480 for recognizeCandidate:b88b3e43-5534-49b3-b3f2-a9f154b450de
2019-10-21 23:47:20,777 [grpc-default-executor-1] INFO  impl.RoleInfo (RoleInfo.java:shutdownFollowerState(121)) - c58a0a02-acd3-47c8-b3e9-5b8e0493de45: shutdown FollowerState
2019-10-21 23:47:20,777 [grpc-default-executor-0] INFO  impl.RoleInfo (RoleInfo.java:shutdownFollowerState(121)) - 1360619e-ba1e-4bf9-aec1-9f15b5480b27: shutdown FollowerState
2019-10-21 23:47:20,777 [Thread-3171] INFO  impl.FollowerState (FollowerState.java:run(117)) - c58a0a02-acd3-47c8-b3e9-5b8e0493de45@group-2FABE92B7E5B-FollowerState was interrupted: java.lang.InterruptedException: sleep interrupted
2019-10-21 23:47:20,777 [grpc-default-executor-1] INFO  impl.RoleInfo (RoleInfo.java:updateAndGet(143)) - c58a0a02-acd3-47c8-b3e9-5b8e0493de45: start FollowerState
2019-10-21 23:47:20,777 [Thread-3172] INFO  impl.FollowerState (FollowerState.java:run(117)) - 1360619e-ba1e-4bf9-aec1-9f15b5480b27@group-2FABE92B7E5B-FollowerState was interrupted: java.lang.InterruptedException: sleep interrupted
2019-10-21 23:47:20,777 [grpc-default-executor-0] INFO  impl.RoleInfo (RoleInfo.java:updateAndGet(143)) - 1360619e-ba1e-4bf9-aec1-9f15b5480b27: start FollowerState
2019-10-21 23:47:20,792 [b88b3e43-5534-49b3-b3f2-a9f154b450de@group-2FABE92B7E5B-LeaderElection447] INFO  impl.LeaderElection (LeaderElection.java:logAndReturn(56)) - b88b3e43-5534-49b3-b3f2-a9f154b450de@group-2FABE92B7E5B-LeaderElection447: Election REJECTED; received 2 response(s) [b88b3e43-5534-49b3-b3f2-a9f154b450de<-c58a0a02-acd3-47c8-b3e9-5b8e0493de45#0:FAIL-t480, b88b3e43-5534-49b3-b3f2-a9f154b450de<-1360619e-ba1e-4bf9-aec1-9f15b5480b27#0:FAIL-t480] and 0 exception(s); b88b3e43-5534-49b3-b3f2-a9f154b450de@group-2FABE92B7E5B:t480, leader=null, voted=b88b3e43-5534-49b3-b3f2-a9f154b450de, raftlog=b88b3e43-5534-49b3-b3f2-a9f154b450de@group-2FABE92B7E5B-SegmentedRaftLog:OPENED:c-1,f-1,i0, conf=-1: [c58a0a02-acd3-47c8-b3e9-5b8e0493de45:192.168.157.254:33611, 1360619e-ba1e-4bf9-aec1-9f15b5480b27:192.168.157.254:45658, b88b3e43-5534-49b3-b3f2-a9f154b450de:192.168.157.254:46786], old=null
2019-10-21 23:47:20,792 [b88b3e43-5534-49b3-b3f2-a9f154b450de@group-2FABE92B7E5B-LeaderElection447] INFO  impl.RaftServerImpl (RaftServerImpl.java:setRole(184)) - b88b3e43-5534-49b3-b3f2-a9f154b450de@group-2FABE92B7E5B: changes role from CANDIDATE to FOLLOWER at term 480 for DISCOVERED_A_NEW_TERM
2019-10-21 23:47:20,792 [b88b3e43-5534-49b3-b3f2-a9f154b450de@group-2FABE92B7E5B-LeaderElection447] INFO  impl.RoleInfo (RoleInfo.java:shutdownLeaderElection(134)) - b88b3e43-5534-49b3-b3f2-a9f154b450de: shutdown LeaderElection
2019-10-21 23:47:20,792 [b88b3e43-5534-49b3-b3f2-a9f154b450de@group-2FABE92B7E5B-LeaderElection447] INFO  impl.RoleInfo (RoleInfo.java:updateAndGet(143)) - b88b3e43-5534-49b3-b3f2-a9f154b450de: start FollowerState
2019-10-21 23:47:20,829 [Thread-3179] INFO  impl.FollowerState (FollowerState.java:run(108)) - b88b3e43-5534-49b3-b3f2-a9f154b450de@group-2FABE92B7E5B-FollowerState: change to CANDIDATE, lastRpcTime:37ms, electionTimeout:37ms
2019-10-21 23:47:20,830 [Thread-3179] INFO  impl.RoleInfo (RoleInfo.java:shutdownFollowerState(121)) - b88b3e43-5534-49b3-b3f2-a9f154b450de: shutdown FollowerState
2019-10-21 23:47:20,830 [Thread-3179] INFO  impl.RaftServerImpl (RaftServerImpl.java:setRole(184)) - b88b3e43-5534-49b3-b3f2-a9f154b450de@group-2FABE92B7E5B: changes role from  FOLLOWER to CANDIDATE at term 480 for changeToCandidate
2019-10-21 23:47:20,830 [Thread-3179] INFO  impl.RoleInfo (RoleInfo.java:updateAndGet(143)) - b88b3e43-5534-49b3-b3f2-a9f154b450de: start LeaderElection
2019-10-21 23:47:20,843 [b88b3e43-5534-49b3-b3f2-a9f154b450de@group-2FABE92B7E5B-LeaderElection448] INFO  impl.LeaderElection (LeaderElection.java:askForVotes(178)) - b88b3e43-5534-49b3-b3f2-a9f154b450de@group-2FABE92B7E5B-LeaderElection448: begin an election at term 481 for -1: [c58a0a02-acd3-47c8-b3e9-5b8e0493de45:192.168.157.254:33611, 1360619e-ba1e-4bf9-aec1-9f15b5480b27:192.168.157.254:45658, b88b3e43-5534-49b3-b3f2-a9f154b450de:192.168.157.254:46786], old=null
2019-10-21 23:47:20,845 [grpc-default-executor-1] INFO  impl.RaftServerImpl (RaftServerImpl.java:setRole(184)) - c58a0a02-acd3-47c8-b3e9-5b8e0493de45@group-2FABE92B7E5B: changes role from  FOLLOWER to FOLLOWER at term 481 for recognizeCandidate:b88b3e43-5534-49b3-b3f2-a9f154b450de
2019-10-21 23:47:20,845 [grpc-default-executor-1] INFO  impl.RoleInfo (RoleInfo.java:shutdownFollowerState(121)) - c58a0a02-acd3-47c8-b3e9-5b8e0493de45: shutdown FollowerState
2019-10-21 23:47:20,845 [grpc-default-executor-0] INFO  impl.RaftServerImpl (RaftServerImpl.java:setRole(184)) - 1360619e-ba1e-4bf9-aec1-9f15b5480b27@group-2FABE92B7E5B: changes role from  FOLLOWER to FOLLOWER at term 481 for recognizeCandidate:b88b3e43-5534-49b3-b3f2-a9f154b450de
2019-10-21 23:47:20,845 [grpc-default-executor-0] INFO  impl.RoleInfo (RoleInfo.java:shutdownFollowerState(121)) - 1360619e-ba1e-4bf9-aec1-9f15b5480b27: shutdown FollowerState
2019-10-21 23:47:20,845 [Thread-3177] INFO  impl.FollowerState (FollowerState.java:run(117)) - c58a0a02-acd3-47c8-b3e9-5b8e0493de45@group-2FABE92B7E5B-FollowerState was interrupted: java.lang.InterruptedException: sleep interrupted
2019-10-21 23:47:20,845 [Thread-3178] INFO  impl.FollowerState (FollowerState.java:run(117)) - 1360619e-ba1e-4bf9-aec1-9f15b5480b27@group-2FABE92B7E5B-FollowerState was interrupted: java.lang.InterruptedException: sleep interrupted
2019-10-21 23:47:20,845 [grpc-default-executor-1] INFO  impl.RoleInfo (RoleInfo.java:updateAndGet(143)) - c58a0a02-acd3-47c8-b3e9-5b8e0493de45: start FollowerState
2019-10-21 23:47:20,845 [grpc-default-executor-0] INFO  impl.RoleInfo (RoleInfo.java:updateAndGet(143)) - 1360619e-ba1e-4bf9-aec1-9f15b5480b27: start FollowerState
2019-10-21 23:47:20,860 [b88b3e43-5534-49b3-b3f2-a9f154b450de@group-2FABE92B7E5B-LeaderElection448] INFO  impl.LeaderElection (LeaderElection.java:logAndReturn(56)) - b88b3e43-5534-49b3-b3f2-a9f154b450de@group-2FABE92B7E5B-LeaderElection448: Election REJECTED; received 2 response(s) [b88b3e43-5534-49b3-b3f2-a9f154b450de<-c58a0a02-acd3-47c8-b3e9-5b8e0493de45#0:FAIL-t481, b88b3e43-5534-49b3-b3f2-a9f154b450de<-1360619e-ba1e-4bf9-aec1-9f15b5480b27#0:FAIL-t481] and 0 exception(s); b88b3e43-5534-49b3-b3f2-a9f154b450de@group-2FABE92B7E5B:t481, leader=null, voted=b88b3e43-5534-49b3-b3f2-a9f154b450de, raftlog=b88b3e43-5534-49b3-b3f2-a9f154b450de@group-2FABE92B7E5B-SegmentedRaftLog:OPENED:c-1,f-1,i0, conf=-1: [c58a0a02-acd3-47c8-b3e9-5b8e0493de45:192.168.157.254:33611, 1360619e-ba1e-4bf9-aec1-9f15b5480b27:192.168.157.254:45658, b88b3e43-5534-49b3-b3f2-a9f154b450de:192.168.157.254:46786], old=null
2019-10-21 23:47:20,860 [b88b3e43-5534-49b3-b3f2-a9f154b450de@group-2FABE92B7E5B-LeaderElection448] INFO  impl.RaftServerImpl (RaftServerImpl.java:setRole(184)) - b88b3e43-5534-49b3-b3f2-a9f154b450de@group-2FABE92B7E5B: changes role from CANDIDATE to FOLLOWER at term 481 for DISCOVERED_A_NEW_TERM
2019-10-21 23:47:20,860 [b88b3e43-5534-49b3-b3f2-a9f154b450de@group-2FABE92B7E5B-LeaderElection448] INFO  impl.RoleInfo (RoleInfo.java:shutdownLeaderElection(134)) - b88b3e43-5534-49b3-b3f2-a9f154b450de: shutdown LeaderElection
2019-10-21 23:47:20,860 [b88b3e43-5534-49b3-b3f2-a9f154b450de@group-2FABE92B7E5B-LeaderElection448] INFO  impl.RoleInfo (RoleInfo.java:updateAndGet(143)) - b88b3e43-5534-49b3-b3f2-a9f154b450de: start FollowerState
2019-10-21 23:47:20,881 [Thread-3185] INFO  impl.FollowerState (FollowerState.java:run(108)) - b88b3e43-5534-49b3-b3f2-a9f154b450de@group-2FABE92B7E5B-FollowerState: change to CANDIDATE, lastRpcTime:21ms, electionTimeout:21ms
2019-10-21 23:47:20,881 [Thread-3185] INFO  impl.RoleInfo (RoleInfo.java:shutdownFollowerState(121)) - b88b3e43-5534-49b3-b3f2-a9f154b450de: shutdown FollowerState
2019-10-21 23:47:20,882 [Thread-3185] INFO  impl.RaftServerImpl (RaftServerImpl.java:setRole(184)) - b88b3e43-5534-49b3-b3f2-a9f154b450de@group-2FABE92B7E5B: changes role from  FOLLOWER to CANDIDATE at term 481 for changeToCandidate
2019-10-21 23:47:20,882 [Thread-3185] INFO  impl.RoleInfo (RoleInfo.java:updateAndGet(143)) - b88b3e43-5534-49b3-b3f2-a9f154b450de: start LeaderElection
2019-10-21 23:47:20,894 [b88b3e43-5534-49b3-b3f2-a9f154b450de@group-2FABE92B7E5B-LeaderElection449] INFO  impl.LeaderElection (LeaderElection.java:askForVotes(178)) - b88b3e43-5534-49b3-b3f2-a9f154b450de@group-2FABE92B7E5B-LeaderElection449: begin an election at term 482 for -1: [c58a0a02-acd3-47c8-b3e9-5b8e0493de45:192.168.157.254:33611, 1360619e-ba1e-4bf9-aec1-9f15b5480b27:192.168.157.254:45658, b88b3e43-5534-49b3-b3f2-a9f154b450de:192.168.157.254:46786], old=null
2019-10-21 23:47:20,896 [grpc-default-executor-0] INFO  impl.RaftServerImpl (RaftServerImpl.java:setRole(184)) - 1360619e-ba1e-4bf9-aec1-9f15b5480b27@group-2FABE92B7E5B: changes role from  FOLLOWER to FOLLOWER at term 482 for recognizeCandidate:b88b3e43-5534-49b3-b3f2-a9f154b450de
2019-10-21 23:47:20,896 [grpc-default-executor-1] INFO  impl.RaftServerImpl (RaftServerImpl.java:setRole(184)) - c58a0a02-acd3-47c8-b3e9-5b8e0493de45@group-2FABE92B7E5B: changes role from  FOLLOWER to FOLLOWER at term 482 for recognizeCandidate:b88b3e43-5534-49b3-b3f2-a9f154b450de
2019-10-21 23:47:20,896 [grpc-default-executor-0] INFO  impl.RoleInfo (RoleInfo.java:shutdownFollowerState(121)) - 1360619e-ba1e-4bf9-aec1-9f15b5480b27: shutdown FollowerState
2019-10-21 23:47:20,896 [grpc-default-executor-1] INFO  impl.RoleInfo (RoleInfo.java:shutdownFollowerState(121)) - c58a0a02-acd3-47c8-b3e9-5b8e0493de45: shutdown FollowerState
2019-10-21 23:47:20,897 [Thread-3184] INFO  impl.FollowerState (FollowerState.java:run(117)) - 1360619e-ba1e-4bf9-aec1-9f15b5480b27@group-2FABE92B7E5B-FollowerState was interrupted: java.lang.InterruptedException: sleep interrupted
2019-10-21 23:47:20,897 [grpc-default-executor-0] INFO  impl.RoleInfo (RoleInfo.java:updateAndGet(143)) - 1360619e-ba1e-4bf9-aec1-9f15b5480b27: start FollowerState
2019-10-21 23:47:20,897 [grpc-default-executor-1] INFO  impl.RoleInfo (RoleInfo.java:updateAndGet(143)) - c58a0a02-acd3-47c8-b3e9-5b8e0493de45: start FollowerState
2019-10-21 23:47:20,897 [Thread-3183] INFO  impl.FollowerState (FollowerState.java:run(117)) - c58a0a02-acd3-47c8-b3e9-5b8e0493de45@group-2FABE92B7E5B-FollowerState was interrupted: java.lang.InterruptedException: sleep interrupted
2019-10-21 23:47:20,935 [b88b3e43-5534-49b3-b3f2-a9f154b450de@group-2FABE92B7E5B-LeaderElection449] INFO  impl.LeaderElection (LeaderElection.java:logAndReturn(56)) - b88b3e43-5534-49b3-b3f2-a9f154b450de@group-2FABE92B7E5B-LeaderElection449: Election REJECTED; received 2 response(s) [b88b3e43-5534-49b3-b3f2-a9f154b450de<-c58a0a02-acd3-47c8-b3e9-5b8e0493de45#0:FAIL-t482, b88b3e43-5534-49b3-b3f2-a9f154b450de<-1360619e-ba1e-4bf9-aec1-9f15b5480b27#0:FAIL-t482] and 0 exception(s); b88b3e43-5534-49b3-b3f2-a9f154b450de@group-2FABE92B7E5B:t482, leader=null, voted=b88b3e43-5534-49b3-b3f2-a9f154b450de, raftlog=b88b3e43-5534-49b3-b3f2-a9f154b450de@group-2FABE92B7E5B-SegmentedRaftLog:OPENED:c-1,f-1,i0, conf=-1: [c58a0a02-acd3-47c8-b3e9-5b8e0493de45:192.168.157.254:33611, 1360619e-ba1e-4bf9-aec1-9f15b5480b27:192.168.157.254:45658, b88b3e43-5534-49b3-b3f2-a9f154b450de:192.168.157.254:46786], old=null
2019-10-21 23:47:20,936 [b88b3e43-5534-49b3-b3f2-a9f154b450de@group-2FABE92B7E5B-LeaderElection449] INFO  impl.RaftServerImpl (RaftServerImpl.java:setRole(184)) - b88b3e43-5534-49b3-b3f2-a9f154b450de@group-2FABE92B7E5B: changes role from CANDIDATE to FOLLOWER at term 482 for DISCOVERED_A_NEW_TERM
2019-10-21 23:47:20,936 [b88b3e43-5534-49b3-b3f2-a9f154b450de@group-2FABE92B7E5B-LeaderElection449] INFO  impl.RoleInfo (RoleInfo.java:shutdownLeaderElection(134)) - b88b3e43-5534-49b3-b3f2-a9f154b450de: shutdown LeaderElection
2019-10-21 23:47:20,936 [b88b3e43-5534-49b3-b3f2-a9f154b450de@group-2FABE92B7E5B-LeaderElection449] INFO  impl.RoleInfo (RoleInfo.java:updateAndGet(143)) - b88b3e43-5534-49b3-b3f2-a9f154b450de: start FollowerState
2019-10-21 23:47:20,971 [Thread-3191] INFO  impl.FollowerState (FollowerState.java:run(108)) - b88b3e43-5534-49b3-b3f2-a9f154b450de@group-2FABE92B7E5B-FollowerState: change to CANDIDATE, lastRpcTime:35ms, electionTimeout:35ms
2019-10-21 23:47:20,971 [Thread-3191] INFO  impl.RoleInfo (RoleInfo.java:shutdownFollowerState(121)) - b88b3e43-5534-49b3-b3f2-a9f154b450de: shutdown FollowerState
2019-10-21 23:47:20,971 [Thread-3191] INFO  impl.RaftServerImpl (RaftServerImpl.java:setRole(184)) - b88b3e43-5534-49b3-b3f2-a9f154b450de@group-2FABE92B7E5B: changes role from  FOLLOWER to CANDIDATE at term 482 for changeToCandidate
2019-10-21 23:47:20,972 [Thread-3191] INFO  impl.RoleInfo (RoleInfo.java:updateAndGet(143)) - b88b3e43-5534-49b3-b3f2-a9f154b450de: start LeaderElection
2019-10-21 23:47:20,985 [b88b3e43-5534-49b3-b3f2-a9f154b450de@group-2FABE92B7E5B-LeaderElection450] INFO  impl.LeaderElection (LeaderElection.java:askForVotes(178)) - b88b3e43-5534-49b3-b3f2-a9f154b450de@group-2FABE92B7E5B-LeaderElection450: begin an election at term 483 for -1: [c58a0a02-acd3-47c8-b3e9-5b8e0493de45:192.168.157.254:33611, 1360619e-ba1e-4bf9-aec1-9f15b5480b27:192.168.157.254:45658, b88b3e43-5534-49b3-b3f2-a9f154b450de:192.168.157.254:46786], old=null
2019-10-21 23:47:20,986 [grpc-default-executor-0] INFO  impl.RaftServerImpl (RaftServerImpl.java:setRole(184)) - c58a0a02-acd3-47c8-b3e9-5b8e0493de45@group-2FABE92B7E5B: changes role from  FOLLOWER to FOLLOWER at term 483 for recognizeCandidate:b88b3e43-5534-49b3-b3f2-a9f154b450de
2019-10-21 23:47:20,987 [grpc-default-executor-0] INFO  impl.RoleInfo (RoleInfo.java:shutdownFollowerState(121)) - c58a0a02-acd3-47c8-b3e9-5b8e0493de45: shutdown FollowerState
2019-10-21 23:47:20,987 [grpc-default-executor-1] INFO  impl.RaftServerImpl (RaftServerImpl.java:setRole(184)) - 1360619e-ba1e-4bf9-aec1-9f15b5480b27@group-2FABE92B7E5B: changes role from  FOLLOWER to FOLLOWER at term 483 for recognizeCandidate:b88b3e43-5534-49b3-b3f2-a9f154b450de
2019-10-21 23:47:20,987 [Thread-3190] INFO  impl.FollowerState (FollowerState.java:run(117)) - c58a0a02-acd3-47c8-b3e9-5b8e0493de45@group-2FABE92B7E5B-FollowerState was interrupted: java.lang.InterruptedException: sleep interrupted
2019-10-21 23:47:20,987 [grpc-default-executor-0] INFO  impl.RoleInfo (RoleInfo.java:updateAndGet(143)) - c58a0a02-acd3-47c8-b3e9-5b8e0493de45: start FollowerState
2019-10-21 23:47:20,987 [grpc-default-executor-1] INFO  impl.RoleInfo (RoleInfo.java:shutdownFollowerState(121)) - 1360619e-ba1e-4bf9-aec1-9f15b5480b27: shutdown FollowerState
2019-10-21 23:47:20,987 [grpc-default-executor-1] INFO  impl.RoleInfo (RoleInfo.java:updateAndGet(143)) - 1360619e-ba1e-4bf9-aec1-9f15b5480b27: start FollowerState
2019-10-21 23:47:20,987 [Thread-3189] INFO  impl.FollowerState (FollowerState.java:run(117)) - 1360619e-ba1e-4bf9-aec1-9f15b5480b27@group-2FABE92B7E5B-FollowerState was interrupted: java.lang.InterruptedException: sleep interrupted
2019-10-21 23:47:21,001 [b88b3e43-5534-49b3-b3f2-a9f154b450de@group-2FABE92B7E5B-LeaderElection450] INFO  impl.LeaderElection (LeaderElection.java:logAndReturn(56)) - b88b3e43-5534-49b3-b3f2-a9f154b450de@group-2FABE92B7E5B-LeaderElection450: Election REJECTED; received 2 response(s) [b88b3e43-5534-49b3-b3f2-a9f154b450de<-c58a0a02-acd3-47c8-b3e9-5b8e0493de45#0:FAIL-t483, b88b3e43-5534-49b3-b3f2-a9f154b450de<-1360619e-ba1e-4bf9-aec1-9f15b5480b27#0:FAIL-t483] and 0 exception(s); b88b3e43-5534-49b3-b3f2-a9f154b450de@group-2FABE92B7E5B:t483, leader=null, voted=b88b3e43-5534-49b3-b3f2-a9f154b450de, raftlog=b88b3e43-5534-49b3-b3f2-a9f154b450de@group-2FABE92B7E5B-SegmentedRaftLog:OPENED:c-1,f-1,i0, conf=-1: [c58a0a02-acd3-47c8-b3e9-5b8e0493de45:192.168.157.254:33611, 1360619e-ba1e-4bf9-aec1-9f15b5480b27:192.168.157.254:45658, b88b3e43-5534-49b3-b3f2-a9f154b450de:192.168.157.254:46786], old=null
2019-10-21 23:47:21,001 [b88b3e43-5534-49b3-b3f2-a9f154b450de@group-2FABE92B7E5B-LeaderElection450] INFO  impl.RaftServerImpl (RaftServerImpl.java:setRole(184)) - b88b3e43-5534-49b3-b3f2-a9f154b450de@group-2FABE92B7E5B: changes role from CANDIDATE to FOLLOWER at term 483 for DISCOVERED_A_NEW_TERM
2019-10-21 23:47:21,002 [b88b3e43-5534-49b3-b3f2-a9f154b450de@group-2FABE92B7E5B-LeaderElection450] INFO  impl.RoleInfo (RoleInfo.java:shutdownLeaderElection(134)) - b88b3e43-5534-49b3-b3f2-a9f154b450de: shutdown LeaderElection
2019-10-21 23:47:21,002 [b88b3e43-5534-49b3-b3f2-a9f154b450de@group-2FABE92B7E5B-LeaderElection450] INFO  impl.RoleInfo (RoleInfo.java:updateAndGet(143)) - b88b3e43-5534-49b3-b3f2-a9f154b450de: start FollowerState
2019-10-21 23:47:21,131 [Thread-3197] INFO  impl.FollowerState (FollowerState.java:run(108)) - b88b3e43-5534-49b3-b3f2-a9f154b450de@group-2FABE92B7E5B-FollowerState: change to CANDIDATE, lastRpcTime:129ms, electionTimeout:129ms
2019-10-21 23:47:21,132 [Thread-3197] INFO  impl.RoleInfo (RoleInfo.java:shutdownFollowerState(121)) - b88b3e43-5534-49b3-b3f2-a9f154b450de: shutdown FollowerState
2019-10-21 23:47:21,133 [Thread-3197] INFO  impl.RaftServerImpl (RaftServerImpl.java:setRole(184)) - b88b3e43-5534-49b3-b3f2-a9f154b450de@group-2FABE92B7E5B: changes role from  FOLLOWER to CANDIDATE at term 483 for changeToCandidate
2019-10-21 23:47:21,134 [Thread-3197] INFO  impl.RoleInfo (RoleInfo.java:updateAndGet(143)) - b88b3e43-5534-49b3-b3f2-a9f154b450de: start LeaderElection
2019-10-21 23:47:21,164 [b88b3e43-5534-49b3-b3f2-a9f154b450de@group-2FABE92B7E5B-LeaderElection451] INFO  impl.LeaderElection (LeaderElection.java:askForVotes(178)) - b88b3e43-5534-49b3-b3f2-a9f154b450de@group-2FABE92B7E5B-LeaderElection451: begin an election at term 484 for -1: [c58a0a02-acd3-47c8-b3e9-5b8e0493de45:192.168.157.254:33611, 1360619e-ba1e-4bf9-aec1-9f15b5480b27:192.168.157.254:45658, b88b3e43-5534-49b3-b3f2-a9f154b450de:192.168.157.254:46786], old=null
2019-10-21 23:47:21,168 [grpc-default-executor-0] INFO  impl.RaftServerImpl (RaftServerImpl.java:setRole(184)) - c58a0a02-acd3-47c8-b3e9-5b8e0493de45@group-2FABE92B7E5B: changes role from  FOLLOWER to FOLLOWER at term 484 for recognizeCandidate:b88b3e43-5534-49b3-b3f2-a9f154b450de
2019-10-21 23:47:21,168 [grpc-default-executor-1] INFO  impl.RaftServerImpl (RaftServerImpl.java:setRole(184)) - 1360619e-ba1e-4bf9-aec1-9f15b5480b27@group-2FABE92B7E5B: changes role from  FOLLOWER to FOLLOWER at term 484 for recognizeCandidate:b88b3e43-5534-49b3-b3f2-a9f154b450de
2019-10-21 23:47:21,168 [grpc-default-executor-0] INFO  impl.RoleInfo (RoleInfo.java:shutdownFollowerState(121)) - c58a0a02-acd3-47c8-b3e9-5b8e0493de45: shutdown FollowerState
2019-10-21 23:47:21,168 [grpc-default-executor-1] INFO  impl.RoleInfo (RoleInfo.java:shutdownFollowerState(121)) - 1360619e-ba1e-4bf9-aec1-9f15b5480b27: shutdown FollowerState
2019-10-21 23:47:21,168 [grpc-default-executor-0] INFO  impl.RoleInfo (RoleInfo.java:updateAndGet(143)) - c58a0a02-acd3-47c8-b3e9-5b8e0493de45: start FollowerState
2019-10-21 23:47:21,169 [Thread-3196] INFO  impl.FollowerState (FollowerState.java:run(117)) - 1360619e-ba1e-4bf9-aec1-9f15b5480b27@group-2FABE92B7E5B-FollowerState was interrupted: java.lang.InterruptedException: sleep interrupted
2019-10-21 23:47:21,168 [grpc-default-executor-1] INFO  impl.RoleInfo (RoleInfo.java:updateAndGet(143)) - 1360619e-ba1e-4bf9-aec1-9f15b5480b27: start FollowerState
2019-10-21 23:47:21,169 [Thread-3195] INFO  impl.FollowerState (FollowerState.java:run(117)) - c58a0a02-acd3-47c8-b3e9-5b8e0493de45@group-2FABE92B7E5B-FollowerState was interrupted: java.lang.InterruptedException: sleep interrupted
2019-10-21 23:47:21,175 [main] INFO  ozone.MiniOzoneClusterImpl (MiniOzoneClusterImpl.java:shutdown(314)) - Shutting down the Mini Ozone Cluster
2019-10-21 23:47:21,176 [main] INFO  ozone.MiniOzoneClusterImpl (MiniOzoneClusterImpl.java:stop(330)) - Stopping the Mini Ozone Cluster
2019-10-21 23:47:21,176 [main] INFO  ozone.MiniOzoneClusterImpl (MiniOzoneClusterImpl.java:stopOM(400)) - Stopping the OzoneManager
2019-10-21 23:47:21,176 [main] INFO  ipc.Server (Server.java:stop(3082)) - Stopping server on 41866
2019-10-21 23:47:21,181 [IPC Server listener on 41866] INFO  ipc.Server (Server.java:run(1185)) - Stopping IPC Server listener on 41866
2019-10-21 23:47:21,183 [IPC Server Responder] INFO  ipc.Server (Server.java:run(1319)) - Stopping IPC Server Responder
2019-10-21 23:47:21,196 [b88b3e43-5534-49b3-b3f2-a9f154b450de@group-2FABE92B7E5B-LeaderElection451] INFO  impl.LeaderElection (LeaderElection.java:logAndReturn(56)) - b88b3e43-5534-49b3-b3f2-a9f154b450de@group-2FABE92B7E5B-LeaderElection451: Election REJECTED; received 2 response(s) [b88b3e43-5534-49b3-b3f2-a9f154b450de<-c58a0a02-acd3-47c8-b3e9-5b8e0493de45#0:FAIL-t484, b88b3e43-5534-49b3-b3f2-a9f154b450de<-1360619e-ba1e-4bf9-aec1-9f15b5480b27#0:FAIL-t484] and 0 exception(s); b88b3e43-5534-49b3-b3f2-a9f154b450de@group-2FABE92B7E5B:t484, leader=null, voted=b88b3e43-5534-49b3-b3f2-a9f154b450de, raftlog=b88b3e43-5534-49b3-b3f2-a9f154b450de@group-2FABE92B7E5B-SegmentedRaftLog:OPENED:c-1,f-1,i0, conf=-1: [c58a0a02-acd3-47c8-b3e9-5b8e0493de45:192.168.157.254:33611, 1360619e-ba1e-4bf9-aec1-9f15b5480b27:192.168.157.254:45658, b88b3e43-5534-49b3-b3f2-a9f154b450de:192.168.157.254:46786], old=null
2019-10-21 23:47:21,197 [main] INFO  impl.RaftServerProxy (RaftServerProxy.java:lambda$close$4(314)) - bec467f1-09c7-475f-bd1f-e2d86a0fe6c4: close
2019-10-21 23:47:21,199 [b88b3e43-5534-49b3-b3f2-a9f154b450de@group-2FABE92B7E5B-LeaderElection451] INFO  impl.RaftServerImpl (RaftServerImpl.java:setRole(184)) - b88b3e43-5534-49b3-b3f2-a9f154b450de@group-2FABE92B7E5B: changes role from CANDIDATE to FOLLOWER at term 484 for DISCOVERED_A_NEW_TERM
2019-10-21 23:47:21,208 [b88b3e43-5534-49b3-b3f2-a9f154b450de@group-2FABE92B7E5B-LeaderElection451] INFO  impl.RoleInfo (RoleInfo.java:shutdownLeaderElection(134)) - b88b3e43-5534-49b3-b3f2-a9f154b450de: shutdown LeaderElection
2019-10-21 23:47:21,208 [b88b3e43-5534-49b3-b3f2-a9f154b450de@group-2FABE92B7E5B-LeaderElection451] INFO  impl.RoleInfo (RoleInfo.java:updateAndGet(143)) - b88b3e43-5534-49b3-b3f2-a9f154b450de: start FollowerState
2019-10-21 23:47:21,209 [main] INFO  impl.RaftServerImpl (RaftServerImpl.java:lambda$shutdown$3(261)) - bec467f1-09c7-475f-bd1f-e2d86a0fe6c4@group-C5BA1605619E: shutdown
2019-10-21 23:47:21,210 [main] INFO  util.JmxRegister (JmxRegister.java:unregister(73)) - Successfully un-registered JMX Bean with object name Ratis:service=RaftServer,group=group-C5BA1605619E,id=bec467f1-09c7-475f-bd1f-e2d86a0fe6c4
2019-10-21 23:47:21,211 [Thread-296] WARN  io.KeyOutputStream (KeyOutputStream.java:handleException(274)) - Encountered exception java.io.IOException: Unexpected Storage Container Exception: java.lang.InterruptedException on the pipeline Pipeline[ Id: d376d26b-11b3-4d40-8062-2fabe92b7e5b, Nodes: c58a0a02-acd3-47c8-b3e9-5b8e0493de45{ip: 192.168.157.254, host: pr-hdds-2343-5q8j9-3338874002, networkLocation: /rack1, certSerialId: null}1360619e-ba1e-4bf9-aec1-9f15b5480b27{ip: 192.168.157.254, host: pr-hdds-2343-5q8j9-3338874002, networkLocation: /rack1, certSerialId: null}b88b3e43-5534-49b3-b3f2-a9f154b450de{ip: 192.168.157.254, host: pr-hdds-2343-5q8j9-3338874002, networkLocation: /rack1, certSerialId: null}, Type:RATIS, Factor:THREE, State:OPEN]. The last committed block length is 0, uncommitted data length is 12 retry count 0
2019-10-21 23:47:21,211 [main] INFO  impl.RoleInfo (RoleInfo.java:shutdownLeaderState(104)) - bec467f1-09c7-475f-bd1f-e2d86a0fe6c4: shutdown LeaderState
2019-10-21 23:47:21,211 [main] INFO  impl.PendingRequests (PendingRequests.java:sendNotLeaderResponses(202)) - bec467f1-09c7-475f-bd1f-e2d86a0fe6c4@group-C5BA1605619E-PendingRequests: sendNotLeaderResponses
2019-10-21 23:47:21,217 [main] INFO  impl.StateMachineUpdater (StateMachineUpdater.java:stopAndJoin(136)) - bec467f1-09c7-475f-bd1f-e2d86a0fe6c4@group-C5BA1605619E-StateMachineUpdater: set stopIndex = 6
2019-10-21 23:47:21,217 [bec467f1-09c7-475f-bd1f-e2d86a0fe6c4@group-C5BA1605619E-StateMachineUpdater] INFO  ratis.OzoneManagerStateMachine (OzoneManagerStateMachine.java:takeSnapshot(254)) - Saving Ratis snapshot on the OM.
2019-10-21 23:47:21,218 [Thread-296] INFO  io.BlockOutputStreamEntryPool (BlockOutputStreamEntryPool.java:allocateNewBlock(257)) - Allocating block with ExcludeList {datanodes = [], containerIds = [], pipelineIds = [PipelineID=d376d26b-11b3-4d40-8062-2fabe92b7e5b]}
2019-10-21 23:47:21,226 [bec467f1-09c7-475f-bd1f-e2d86a0fe6c4@group-C5BA1605619E-StateMachineUpdater] INFO  ratis.OMRatisSnapshotInfo (OMRatisSnapshotInfo.java:saveRatisSnapshotToDisk(107)) - Saved Ratis Snapshot on the OM with snapshotIndex 5
2019-10-21 23:47:21,230 [bec467f1-09c7-475f-bd1f-e2d86a0fe6c4@group-C5BA1605619E-StateMachineUpdater] INFO  impl.StateMachineUpdater (StateMachineUpdater.java:takeSnapshot(269)) - bec467f1-09c7-475f-bd1f-e2d86a0fe6c4@group-C5BA1605619E-StateMachineUpdater: Took a snapshot at index 5
2019-10-21 23:47:21,234 [bec467f1-09c7-475f-bd1f-e2d86a0fe6c4@group-C5BA1605619E-StateMachineUpdater] INFO  impl.StateMachineUpdater (StateMachineUpdater.java:lambda$new$0(84)) - bec467f1-09c7-475f-bd1f-e2d86a0fe6c4@group-C5BA1605619E-StateMachineUpdater: snapshotIndex: updateIncreasingly -1 -> 5
2019-10-21 23:47:21,237 [bec467f1-09c7-475f-bd1f-e2d86a0fe6c4@group-C5BA1605619E-StateMachineUpdater] INFO  ratis.OzoneManagerStateMachine (OzoneManagerStateMachine.java:takeSnapshot(254)) - Saving Ratis snapshot on the OM.
2019-10-21 23:47:21,238 [bec467f1-09c7-475f-bd1f-e2d86a0fe6c4@group-C5BA1605619E-StateMachineUpdater] INFO  ratis.OMRatisSnapshotInfo (OMRatisSnapshotInfo.java:saveRatisSnapshotToDisk(107)) - Saved Ratis Snapshot on the OM with snapshotIndex 5
2019-10-21 23:47:21,238 [bec467f1-09c7-475f-bd1f-e2d86a0fe6c4@group-C5BA1605619E-StateMachineUpdater] INFO  impl.StateMachineUpdater (StateMachineUpdater.java:takeSnapshot(269)) - bec467f1-09c7-475f-bd1f-e2d86a0fe6c4@group-C5BA1605619E-StateMachineUpdater: Took a snapshot at index 5
2019-10-21 23:47:21,238 [bec467f1-09c7-475f-bd1f-e2d86a0fe6c4@group-C5BA1605619E-StateMachineUpdater] INFO  impl.StateMachineUpdater (StateMachineUpdater.java:lambda$new$0(84)) - bec467f1-09c7-475f-bd1f-e2d86a0fe6c4@group-C5BA1605619E-StateMachineUpdater: snapshotIndex: updateIncreasingly 5 -> 5
2019-10-21 23:47:21,238 [main] INFO  impl.RaftServerImpl (ServerState.java:close(388)) - bec467f1-09c7-475f-bd1f-e2d86a0fe6c4@group-C5BA1605619E: closes. applyIndex: 6
2019-10-21 23:47:21,240 [bec467f1-09c7-475f-bd1f-e2d86a0fe6c4@group-C5BA1605619E-SegmentedRaftLogWorker] INFO  segmented.SegmentedRaftLogWorker (SegmentedRaftLogWorker.java:run(316)) - bec467f1-09c7-475f-bd1f-e2d86a0fe6c4@group-C5BA1605619E-SegmentedRaftLogWorker was interrupted, exiting. There are 0 tasks remaining in the queue.
2019-10-21 23:47:21,242 [main] INFO  segmented.SegmentedRaftLogWorker (SegmentedRaftLogWorker.java:close(224)) - bec467f1-09c7-475f-bd1f-e2d86a0fe6c4@group-C5BA1605619E-SegmentedRaftLogWorker close()
2019-10-21 23:47:21,243 [main] INFO  server.GrpcService (GrpcService.java:closeImpl(164)) - bec467f1-09c7-475f-bd1f-e2d86a0fe6c4: shutdown server with port 9872 now
2019-10-21 23:47:21,245 [main] INFO  server.GrpcService (GrpcService.java:closeImpl(172)) - bec467f1-09c7-475f-bd1f-e2d86a0fe6c4: shutdown server with port 9872 successfully
2019-10-21 23:47:21,245 [main] INFO  ratis.OzoneManagerDoubleBuffer (OzoneManagerDoubleBuffer.java:stop(250)) - Stopping OMDoubleBuffer flush thread
2019-10-21 23:47:21,246 [OMDoubleBufferFlushThread] INFO  ratis.OzoneManagerDoubleBuffer (OzoneManagerDoubleBuffer.java:flushTransactions(193)) - OMDoubleBuffer flush thread OMDoubleBufferFlushThread is interrupted and will exit. OMDoubleBufferFlushThread
2019-10-21 23:47:21,246 [main] INFO  utils.BackgroundService (BackgroundService.java:shutdown(151)) - Shutting down service KeyDeletingService
2019-10-21 23:47:21,251 [main] INFO  handler.ContextHandler (ContextHandler.java:doStop(910)) - Stopped o.e.j.w.WebAppContext@216914{/,null,UNAVAILABLE}{/ozoneManager}
2019-10-21 23:47:21,255 [main] INFO  server.AbstractConnector (AbstractConnector.java:doStop(318)) - Stopped ServerConnector@6ba30587{HTTP/1.1,[http/1.1]}{0.0.0.0:0}
2019-10-21 23:47:21,256 [main] INFO  handler.ContextHandler (ContextHandler.java:doStop(910)) - Stopped o.e.j.s.ServletContextHandler@65f2f9b0{/static,file:///workdir/hadoop-ozone/integration-test/target/test-classes/webapps/static,UNAVAILABLE}
2019-10-21 23:47:21,256 [main] INFO  handler.ContextHandler (ContextHandler.java:doStop(910)) - Stopped o.e.j.s.ServletContextHandler@7fcf294e{/logs,file:///workdir/hadoop-ozone/integration-test/target/log,UNAVAILABLE}
2019-10-21 23:47:21,260 [main] INFO  ozone.MiniOzoneClusterImpl (MiniOzoneClusterImpl.java:stopDatanodes(377)) - Stopping the HddsDatanodes
2019-10-21 23:47:21,406 [Thread-3203] INFO  impl.FollowerState (FollowerState.java:run(108)) - b88b3e43-5534-49b3-b3f2-a9f154b450de@group-2FABE92B7E5B-FollowerState: change to CANDIDATE, lastRpcTime:198ms, electionTimeout:198ms
2019-10-21 23:47:21,406 [Thread-3203] INFO  impl.RoleInfo (RoleInfo.java:shutdownFollowerState(121)) - b88b3e43-5534-49b3-b3f2-a9f154b450de: shutdown FollowerState
2019-10-21 23:47:21,407 [Thread-3203] INFO  impl.RaftServerImpl (RaftServerImpl.java:setRole(184)) - b88b3e43-5534-49b3-b3f2-a9f154b450de@group-2FABE92B7E5B: changes role from  FOLLOWER to CANDIDATE at term 484 for changeToCandidate
2019-10-21 23:47:21,407 [Thread-3203] INFO  impl.RoleInfo (RoleInfo.java:updateAndGet(143)) - b88b3e43-5534-49b3-b3f2-a9f154b450de: start LeaderElection
2019-10-21 23:47:21,433 [b88b3e43-5534-49b3-b3f2-a9f154b450de@group-2FABE92B7E5B-LeaderElection452] INFO  impl.LeaderElection (LeaderElection.java:askForVotes(178)) - b88b3e43-5534-49b3-b3f2-a9f154b450de@group-2FABE92B7E5B-LeaderElection452: begin an election at term 485 for -1: [c58a0a02-acd3-47c8-b3e9-5b8e0493de45:192.168.157.254:33611, 1360619e-ba1e-4bf9-aec1-9f15b5480b27:192.168.157.254:45658, b88b3e43-5534-49b3-b3f2-a9f154b450de:192.168.157.254:46786], old=null
2019-10-21 23:47:21,435 [grpc-default-executor-0] INFO  impl.RaftServerImpl (RaftServerImpl.java:setRole(184)) - c58a0a02-acd3-47c8-b3e9-5b8e0493de45@group-2FABE92B7E5B: changes role from  FOLLOWER to FOLLOWER at term 485 for recognizeCandidate:b88b3e43-5534-49b3-b3f2-a9f154b450de
2019-10-21 23:47:21,435 [grpc-default-executor-1] INFO  impl.RaftServerImpl (RaftServerImpl.java:setRole(184)) - 1360619e-ba1e-4bf9-aec1-9f15b5480b27@group-2FABE92B7E5B: changes role from  FOLLOWER to FOLLOWER at term 485 for recognizeCandidate:b88b3e43-5534-49b3-b3f2-a9f154b450de
2019-10-21 23:47:21,435 [grpc-default-executor-0] INFO  impl.RoleInfo (RoleInfo.java:shutdownFollowerState(121)) - c58a0a02-acd3-47c8-b3e9-5b8e0493de45: shutdown FollowerState
2019-10-21 23:47:21,435 [grpc-default-executor-1] INFO  impl.RoleInfo (RoleInfo.java:shutdownFollowerState(121)) - 1360619e-ba1e-4bf9-aec1-9f15b5480b27: shutdown FollowerState
2019-10-21 23:47:21,435 [Thread-3201] INFO  impl.FollowerState (FollowerState.java:run(117)) - c58a0a02-acd3-47c8-b3e9-5b8e0493de45@group-2FABE92B7E5B-FollowerState was interrupted: java.lang.InterruptedException: sleep interrupted
2019-10-21 23:47:21,435 [grpc-default-executor-0] INFO  impl.RoleInfo (RoleInfo.java:updateAndGet(143)) - c58a0a02-acd3-47c8-b3e9-5b8e0493de45: start FollowerState
2019-10-21 23:47:21,435 [grpc-default-executor-1] INFO  impl.RoleInfo (RoleInfo.java:updateAndGet(143)) - 1360619e-ba1e-4bf9-aec1-9f15b5480b27: start FollowerState
2019-10-21 23:47:21,435 [Thread-3202] INFO  impl.FollowerState (FollowerState.java:run(117)) - 1360619e-ba1e-4bf9-aec1-9f15b5480b27@group-2FABE92B7E5B-FollowerState was interrupted: java.lang.InterruptedException: sleep interrupted
2019-10-21 23:47:21,452 [b88b3e43-5534-49b3-b3f2-a9f154b450de@group-2FABE92B7E5B-LeaderElection452] INFO  impl.LeaderElection (LeaderElection.java:logAndReturn(56)) - b88b3e43-5534-49b3-b3f2-a9f154b450de@group-2FABE92B7E5B-LeaderElection452: Election REJECTED; received 2 response(s) [b88b3e43-5534-49b3-b3f2-a9f154b450de<-c58a0a02-acd3-47c8-b3e9-5b8e0493de45#0:FAIL-t485, b88b3e43-5534-49b3-b3f2-a9f154b450de<-1360619e-ba1e-4bf9-aec1-9f15b5480b27#0:FAIL-t485] and 0 exception(s); b88b3e43-5534-49b3-b3f2-a9f154b450de@group-2FABE92B7E5B:t485, leader=null, voted=b88b3e43-5534-49b3-b3f2-a9f154b450de, raftlog=b88b3e43-5534-49b3-b3f2-a9f154b450de@group-2FABE92B7E5B-SegmentedRaftLog:OPENED:c-1,f-1,i0, conf=-1: [c58a0a02-acd3-47c8-b3e9-5b8e0493de45:192.168.157.254:33611, 1360619e-ba1e-4bf9-aec1-9f15b5480b27:192.168.157.254:45658, b88b3e43-5534-49b3-b3f2-a9f154b450de:192.168.157.254:46786], old=null
2019-10-21 23:47:21,452 [b88b3e43-5534-49b3-b3f2-a9f154b450de@group-2FABE92B7E5B-LeaderElection452] INFO  impl.RaftServerImpl (RaftServerImpl.java:setRole(184)) - b88b3e43-5534-49b3-b3f2-a9f154b450de@group-2FABE92B7E5B: changes role from CANDIDATE to FOLLOWER at term 485 for DISCOVERED_A_NEW_TERM
2019-10-21 23:47:21,452 [b88b3e43-5534-49b3-b3f2-a9f154b450de@group-2FABE92B7E5B-LeaderElection452] INFO  impl.RoleInfo (RoleInfo.java:shutdownLeaderElection(134)) - b88b3e43-5534-49b3-b3f2-a9f154b450de: shutdown LeaderElection
2019-10-21 23:47:21,452 [b88b3e43-5534-49b3-b3f2-a9f154b450de@group-2FABE92B7E5B-LeaderElection452] INFO  impl.RoleInfo (RoleInfo.java:updateAndGet(143)) - b88b3e43-5534-49b3-b3f2-a9f154b450de: start FollowerState
2019-10-21 23:47:21,470 [Thread-3211] INFO  impl.FollowerState (FollowerState.java:run(108)) - b88b3e43-5534-49b3-b3f2-a9f154b450de@group-2FABE92B7E5B-FollowerState: change to CANDIDATE, lastRpcTime:17ms, electionTimeout:17ms
2019-10-21 23:47:21,470 [Thread-3211] INFO  impl.RoleInfo (RoleInfo.java:shutdownFollowerState(121)) - b88b3e43-5534-49b3-b3f2-a9f154b450de: shutdown FollowerState
2019-10-21 23:47:21,470 [Thread-3211] INFO  impl.RaftServerImpl (RaftServerImpl.java:setRole(184)) - b88b3e43-5534-49b3-b3f2-a9f154b450de@group-2FABE92B7E5B: changes role from  FOLLOWER to CANDIDATE at term 485 for changeToCandidate
2019-10-21 23:47:21,470 [Thread-3211] INFO  impl.RoleInfo (RoleInfo.java:updateAndGet(143)) - b88b3e43-5534-49b3-b3f2-a9f154b450de: start LeaderElection
2019-10-21 23:47:21,493 [b88b3e43-5534-49b3-b3f2-a9f154b450de@group-2FABE92B7E5B-LeaderElection453] INFO  impl.LeaderElection (LeaderElection.java:askForVotes(178)) - b88b3e43-5534-49b3-b3f2-a9f154b450de@group-2FABE92B7E5B-LeaderElection453: begin an election at term 486 for -1: [c58a0a02-acd3-47c8-b3e9-5b8e0493de45:192.168.157.254:33611, 1360619e-ba1e-4bf9-aec1-9f15b5480b27:192.168.157.254:45658, b88b3e43-5534-49b3-b3f2-a9f154b450de:192.168.157.254:46786], old=null
2019-10-21 23:47:21,495 [grpc-default-executor-1] INFO  impl.RaftServerImpl (RaftServerImpl.java:setRole(184)) - 1360619e-ba1e-4bf9-aec1-9f15b5480b27@group-2FABE92B7E5B: changes role from  FOLLOWER to FOLLOWER at term 486 for recognizeCandidate:b88b3e43-5534-49b3-b3f2-a9f154b450de
2019-10-21 23:47:21,495 [grpc-default-executor-1] INFO  impl.RoleInfo (RoleInfo.java:shutdownFollowerState(121)) - 1360619e-ba1e-4bf9-aec1-9f15b5480b27: shutdown FollowerState
2019-10-21 23:47:21,495 [grpc-default-executor-2] INFO  impl.RaftServerImpl (RaftServerImpl.java:setRole(184)) - c58a0a02-acd3-47c8-b3e9-5b8e0493de45@group-2FABE92B7E5B: changes role from  FOLLOWER to FOLLOWER at term 486 for recognizeCandidate:b88b3e43-5534-49b3-b3f2-a9f154b450de
2019-10-21 23:47:21,495 [Thread-3210] INFO  impl.FollowerState (FollowerState.java:run(117)) - 1360619e-ba1e-4bf9-aec1-9f15b5480b27@group-2FABE92B7E5B-FollowerState was interrupted: java.lang.InterruptedException: sleep interrupted
2019-10-21 23:47:21,495 [grpc-default-executor-1] INFO  impl.RoleInfo (RoleInfo.java:updateAndGet(143)) - 1360619e-ba1e-4bf9-aec1-9f15b5480b27: start FollowerState
2019-10-21 23:47:21,495 [grpc-default-executor-2] INFO  impl.RoleInfo (RoleInfo.java:shutdownFollowerState(121)) - c58a0a02-acd3-47c8-b3e9-5b8e0493de45: shutdown FollowerState
2019-10-21 23:47:21,496 [grpc-default-executor-2] INFO  impl.RoleInfo (RoleInfo.java:updateAndGet(143)) - c58a0a02-acd3-47c8-b3e9-5b8e0493de45: start FollowerState
2019-10-21 23:47:21,496 [Thread-3209] INFO  impl.FollowerState (FollowerState.java:run(117)) - c58a0a02-acd3-47c8-b3e9-5b8e0493de45@group-2FABE92B7E5B-FollowerState was interrupted: java.lang.InterruptedException: sleep interrupted
2019-10-21 23:47:21,510 [b88b3e43-5534-49b3-b3f2-a9f154b450de@group-2FABE92B7E5B-LeaderElection453] INFO  impl.LeaderElection (LeaderElection.java:logAndReturn(56)) - b88b3e43-5534-49b3-b3f2-a9f154b450de@group-2FABE92B7E5B-LeaderElection453: Election REJECTED; received 2 response(s) [b88b3e43-5534-49b3-b3f2-a9f154b450de<-c58a0a02-acd3-47c8-b3e9-5b8e0493de45#0:FAIL-t486, b88b3e43-5534-49b3-b3f2-a9f154b450de<-1360619e-ba1e-4bf9-aec1-9f15b5480b27#0:FAIL-t486] and 0 exception(s); b88b3e43-5534-49b3-b3f2-a9f154b450de@group-2FABE92B7E5B:t486, leader=null, voted=b88b3e43-5534-49b3-b3f2-a9f154b450de, raftlog=b88b3e43-5534-49b3-b3f2-a9f154b450de@group-2FABE92B7E5B-SegmentedRaftLog:OPENED:c-1,f-1,i0, conf=-1: [c58a0a02-acd3-47c8-b3e9-5b8e0493de45:192.168.157.254:33611, 1360619e-ba1e-4bf9-aec1-9f15b5480b27:192.168.157.254:45658, b88b3e43-5534-49b3-b3f2-a9f154b450de:192.168.157.254:46786], old=null
2019-10-21 23:47:21,510 [b88b3e43-5534-49b3-b3f2-a9f154b450de@group-2FABE92B7E5B-LeaderElection453] INFO  impl.RaftServerImpl (RaftServerImpl.java:setRole(184)) - b88b3e43-5534-49b3-b3f2-a9f154b450de@group-2FABE92B7E5B: changes role from CANDIDATE to FOLLOWER at term 486 for DISCOVERED_A_NEW_TERM
2019-10-21 23:47:21,510 [b88b3e43-5534-49b3-b3f2-a9f154b450de@group-2FABE92B7E5B-LeaderElection453] INFO  impl.RoleInfo (RoleInfo.java:shutdownLeaderElection(134)) - b88b3e43-5534-49b3-b3f2-a9f154b450de: shutdown LeaderElection
2019-10-21 23:47:21,510 [b88b3e43-5534-49b3-b3f2-a9f154b450de@group-2FABE92B7E5B-LeaderElection453] INFO  impl.RoleInfo (RoleInfo.java:updateAndGet(143)) - b88b3e43-5534-49b3-b3f2-a9f154b450de: start FollowerState
2019-10-21 23:47:21,589 [Thread-3219] INFO  impl.FollowerState (FollowerState.java:run(108)) - b88b3e43-5534-49b3-b3f2-a9f154b450de@group-2FABE92B7E5B-FollowerState: change to CANDIDATE, lastRpcTime:78ms, electionTimeout:78ms
2019-10-21 23:47:21,589 [Thread-3219] INFO  impl.RoleInfo (RoleInfo.java:shutdownFollowerState(121)) - b88b3e43-5534-49b3-b3f2-a9f154b450de: shutdown FollowerState
2019-10-21 23:47:21,589 [Thread-3219] INFO  impl.RaftServerImpl (RaftServerImpl.java:setRole(184)) - b88b3e43-5534-49b3-b3f2-a9f154b450de@group-2FABE92B7E5B: changes role from  FOLLOWER to CANDIDATE at term 486 for changeToCandidate
2019-10-21 23:47:21,589 [Thread-3219] INFO  impl.RoleInfo (RoleInfo.java:updateAndGet(143)) - b88b3e43-5534-49b3-b3f2-a9f154b450de: start LeaderElection
2019-10-21 23:47:21,602 [b88b3e43-5534-49b3-b3f2-a9f154b450de@group-2FABE92B7E5B-LeaderElection454] INFO  impl.LeaderElection (LeaderElection.java:askForVotes(178)) - b88b3e43-5534-49b3-b3f2-a9f154b450de@group-2FABE92B7E5B-LeaderElection454: begin an election at term 487 for -1: [c58a0a02-acd3-47c8-b3e9-5b8e0493de45:192.168.157.254:33611, 1360619e-ba1e-4bf9-aec1-9f15b5480b27:192.168.157.254:45658, b88b3e43-5534-49b3-b3f2-a9f154b450de:192.168.157.254:46786], old=null
2019-10-21 23:47:21,604 [grpc-default-executor-0] INFO  impl.RaftServerImpl (RaftServerImpl.java:setRole(184)) - 1360619e-ba1e-4bf9-aec1-9f15b5480b27@group-2FABE92B7E5B: changes role from  FOLLOWER to FOLLOWER at term 487 for recognizeCandidate:b88b3e43-5534-49b3-b3f2-a9f154b450de
2019-10-21 23:47:21,604 [grpc-default-executor-4] INFO  impl.RaftServerImpl (RaftServerImpl.java:setRole(184)) - c58a0a02-acd3-47c8-b3e9-5b8e0493de45@group-2FABE92B7E5B: changes role from  FOLLOWER to FOLLOWER at term 487 for recognizeCandidate:b88b3e43-5534-49b3-b3f2-a9f154b450de
2019-10-21 23:47:21,604 [grpc-default-executor-4] INFO  impl.RoleInfo (RoleInfo.java:shutdownFollowerState(121)) - c58a0a02-acd3-47c8-b3e9-5b8e0493de45: shutdown FollowerState
2019-10-21 23:47:21,604 [grpc-default-executor-0] INFO  impl.RoleInfo (RoleInfo.java:shutdownFollowerState(121)) - 1360619e-ba1e-4bf9-aec1-9f15b5480b27: shutdown FollowerState
2019-10-21 23:47:21,605 [Thread-3218] INFO  impl.FollowerState (FollowerState.java:run(117)) - c58a0a02-acd3-47c8-b3e9-5b8e0493de45@group-2FABE92B7E5B-FollowerState was interrupted: java.lang.InterruptedException: sleep interrupted
2019-10-21 23:47:21,605 [grpc-default-executor-4] INFO  impl.RoleInfo (RoleInfo.java:updateAndGet(143)) - c58a0a02-acd3-47c8-b3e9-5b8e0493de45: start FollowerState
2019-10-21 23:47:21,605 [Thread-3217] INFO  impl.FollowerState (FollowerState.java:run(117)) - 1360619e-ba1e-4bf9-aec1-9f15b5480b27@group-2FABE92B7E5B-FollowerState was interrupted: java.lang.InterruptedException: sleep interrupted
2019-10-21 23:47:21,605 [grpc-default-executor-0] INFO  impl.RoleInfo (RoleInfo.java:updateAndGet(143)) - 1360619e-ba1e-4bf9-aec1-9f15b5480b27: start FollowerState
2019-10-21 23:47:21,619 [b88b3e43-5534-49b3-b3f2-a9f154b450de@group-2FABE92B7E5B-LeaderElection454] INFO  impl.LeaderElection (LeaderElection.java:logAndReturn(56)) - b88b3e43-5534-49b3-b3f2-a9f154b450de@group-2FABE92B7E5B-LeaderElection454: Election REJECTED; received 2 response(s) [b88b3e43-5534-49b3-b3f2-a9f154b450de<-c58a0a02-acd3-47c8-b3e9-5b8e0493de45#0:FAIL-t487, b88b3e43-5534-49b3-b3f2-a9f154b450de<-1360619e-ba1e-4bf9-aec1-9f15b5480b27#0:FAIL-t487] and 0 exception(s); b88b3e43-5534-49b3-b3f2-a9f154b450de@group-2FABE92B7E5B:t487, leader=null, voted=b88b3e43-5534-49b3-b3f2-a9f154b450de, raftlog=b88b3e43-5534-49b3-b3f2-a9f154b450de@group-2FABE92B7E5B-SegmentedRaftLog:OPENED:c-1,f-1,i0, conf=-1: [c58a0a02-acd3-47c8-b3e9-5b8e0493de45:192.168.157.254:33611, 1360619e-ba1e-4bf9-aec1-9f15b5480b27:192.168.157.254:45658, b88b3e43-5534-49b3-b3f2-a9f154b450de:192.168.157.254:46786], old=null
2019-10-21 23:47:21,619 [b88b3e43-5534-49b3-b3f2-a9f154b450de@group-2FABE92B7E5B-LeaderElection454] INFO  impl.RaftServerImpl (RaftServerImpl.java:setRole(184)) - b88b3e43-5534-49b3-b3f2-a9f154b450de@group-2FABE92B7E5B: changes role from CANDIDATE to FOLLOWER at term 487 for DISCOVERED_A_NEW_TERM
2019-10-21 23:47:21,619 [b88b3e43-5534-49b3-b3f2-a9f154b450de@group-2FABE92B7E5B-LeaderElection454] INFO  impl.RoleInfo (RoleInfo.java:shutdownLeaderElection(134)) - b88b3e43-5534-49b3-b3f2-a9f154b450de: shutdown LeaderElection
2019-10-21 23:47:21,619 [b88b3e43-5534-49b3-b3f2-a9f154b450de@group-2FABE92B7E5B-LeaderElection454] INFO  impl.RoleInfo (RoleInfo.java:updateAndGet(143)) - b88b3e43-5534-49b3-b3f2-a9f154b450de: start FollowerState
2019-10-21 23:47:21,800 [Thread-3225] INFO  impl.FollowerState (FollowerState.java:run(108)) - b88b3e43-5534-49b3-b3f2-a9f154b450de@group-2FABE92B7E5B-FollowerState: change to CANDIDATE, lastRpcTime:180ms, electionTimeout:180ms
2019-10-21 23:47:21,800 [Thread-3225] INFO  impl.RoleInfo (RoleInfo.java:shutdownFollowerState(121)) - b88b3e43-5534-49b3-b3f2-a9f154b450de: shutdown FollowerState
2019-10-21 23:47:21,800 [Thread-3225] INFO  impl.RaftServerImpl (RaftServerImpl.java:setRole(184)) - b88b3e43-5534-49b3-b3f2-a9f154b450de@group-2FABE92B7E5B: changes role from  FOLLOWER to CANDIDATE at term 487 for changeToCandidate
2019-10-21 23:47:21,800 [Thread-3225] INFO  impl.RoleInfo (RoleInfo.java:updateAndGet(143)) - b88b3e43-5534-49b3-b3f2-a9f154b450de: start LeaderElection
2019-10-21 23:47:21,814 [b88b3e43-5534-49b3-b3f2-a9f154b450de@group-2FABE92B7E5B-LeaderElection455] INFO  impl.LeaderElection (LeaderElection.java:askForVotes(178)) - b88b3e43-5534-49b3-b3f2-a9f154b450de@group-2FABE92B7E5B-LeaderElection455: begin an election at term 488 for -1: [c58a0a02-acd3-47c8-b3e9-5b8e0493de45:192.168.157.254:33611, 1360619e-ba1e-4bf9-aec1-9f15b5480b27:192.168.157.254:45658, b88b3e43-5534-49b3-b3f2-a9f154b450de:192.168.157.254:46786], old=null
2019-10-21 23:47:21,815 [grpc-default-executor-4] INFO  impl.RaftServerImpl (RaftServerImpl.java:setRole(184)) - c58a0a02-acd3-47c8-b3e9-5b8e0493de45@group-2FABE92B7E5B: changes role from  FOLLOWER to FOLLOWER at term 488 for recognizeCandidate:b88b3e43-5534-49b3-b3f2-a9f154b450de
2019-10-21 23:47:21,815 [grpc-default-executor-0] INFO  impl.RaftServerImpl (RaftServerImpl.java:setRole(184)) - 1360619e-ba1e-4bf9-aec1-9f15b5480b27@group-2FABE92B7E5B: changes role from  FOLLOWER to FOLLOWER at term 488 for recognizeCandidate:b88b3e43-5534-49b3-b3f2-a9f154b450de
2019-10-21 23:47:21,816 [grpc-default-executor-0] INFO  impl.RoleInfo (RoleInfo.java:shutdownFollowerState(121)) - 1360619e-ba1e-4bf9-aec1-9f15b5480b27: shutdown FollowerState
2019-10-21 23:47:21,815 [grpc-default-executor-4] INFO  impl.RoleInfo (RoleInfo.java:shutdownFollowerState(121)) - c58a0a02-acd3-47c8-b3e9-5b8e0493de45: shutdown FollowerState
2019-10-21 23:47:21,816 [Thread-3224] INFO  impl.FollowerState (FollowerState.java:run(117)) - 1360619e-ba1e-4bf9-aec1-9f15b5480b27@group-2FABE92B7E5B-FollowerState was interrupted: java.lang.InterruptedException: sleep interrupted
2019-10-21 23:47:21,816 [grpc-default-executor-0] INFO  impl.RoleInfo (RoleInfo.java:updateAndGet(143)) - 1360619e-ba1e-4bf9-aec1-9f15b5480b27: start FollowerState
2019-10-21 23:47:21,816 [Thread-3223] INFO  impl.FollowerState (FollowerState.java:run(117)) - c58a0a02-acd3-47c8-b3e9-5b8e0493de45@group-2FABE92B7E5B-FollowerState was interrupted: java.lang.InterruptedException: sleep interrupted
2019-10-21 23:47:21,816 [grpc-default-executor-4] INFO  impl.RoleInfo (RoleInfo.java:updateAndGet(143)) - c58a0a02-acd3-47c8-b3e9-5b8e0493de45: start FollowerState
2019-10-21 23:47:21,824 [b88b3e43-5534-49b3-b3f2-a9f154b450de@group-2FABE92B7E5B-LeaderElection455] INFO  impl.LeaderElection (LeaderElection.java:logAndReturn(56)) - b88b3e43-5534-49b3-b3f2-a9f154b450de@group-2FABE92B7E5B-LeaderElection455: Election TIMEOUT; received 0 response(s) [] and 0 exception(s); b88b3e43-5534-49b3-b3f2-a9f154b450de@group-2FABE92B7E5B:t488, leader=null, voted=b88b3e43-5534-49b3-b3f2-a9f154b450de, raftlog=b88b3e43-5534-49b3-b3f2-a9f154b450de@group-2FABE92B7E5B-SegmentedRaftLog:OPENED:c-1,f-1,i0, conf=-1: [c58a0a02-acd3-47c8-b3e9-5b8e0493de45:192.168.157.254:33611, 1360619e-ba1e-4bf9-aec1-9f15b5480b27:192.168.157.254:45658, b88b3e43-5534-49b3-b3f2-a9f154b450de:192.168.157.254:46786], old=null
2019-10-21 23:47:21,829 [b88b3e43-5534-49b3-b3f2-a9f154b450de@group-2FABE92B7E5B-LeaderElection455] INFO  impl.LeaderElection (LeaderElection.java:askForVotes(178)) - b88b3e43-5534-49b3-b3f2-a9f154b450de@group-2FABE92B7E5B-LeaderElection455: begin an election at term 489 for -1: [c58a0a02-acd3-47c8-b3e9-5b8e0493de45:192.168.157.254:33611, 1360619e-ba1e-4bf9-aec1-9f15b5480b27:192.168.157.254:45658, b88b3e43-5534-49b3-b3f2-a9f154b450de:192.168.157.254:46786], old=null
2019-10-21 23:47:21,831 [grpc-default-executor-4] INFO  impl.RaftServerImpl (RaftServerImpl.java:setRole(184)) - c58a0a02-acd3-47c8-b3e9-5b8e0493de45@group-2FABE92B7E5B: changes role from  FOLLOWER to FOLLOWER at term 489 for recognizeCandidate:b88b3e43-5534-49b3-b3f2-a9f154b450de
2019-10-21 23:47:21,831 [grpc-default-executor-4] INFO  impl.RoleInfo (RoleInfo.java:shutdownFollowerState(121)) - c58a0a02-acd3-47c8-b3e9-5b8e0493de45: shutdown FollowerState
2019-10-21 23:47:21,831 [grpc-default-executor-0] INFO  impl.RaftServerImpl (RaftServerImpl.java:setRole(184)) - 1360619e-ba1e-4bf9-aec1-9f15b5480b27@group-2FABE92B7E5B: changes role from  FOLLOWER to FOLLOWER at term 489 for recognizeCandidate:b88b3e43-5534-49b3-b3f2-a9f154b450de
2019-10-21 23:47:21,831 [grpc-default-executor-0] INFO  impl.RoleInfo (RoleInfo.java:shutdownFollowerState(121)) - 1360619e-ba1e-4bf9-aec1-9f15b5480b27: shutdown FollowerState
2019-10-21 23:47:21,831 [Thread-3230] INFO  impl.FollowerState (FollowerState.java:run(117)) - c58a0a02-acd3-47c8-b3e9-5b8e0493de45@group-2FABE92B7E5B-FollowerState was interrupted: java.lang.InterruptedException: sleep interrupted
2019-10-21 23:47:21,831 [grpc-default-executor-4] INFO  impl.RoleInfo (RoleInfo.java:updateAndGet(143)) - c58a0a02-acd3-47c8-b3e9-5b8e0493de45: start FollowerState
2019-10-21 23:47:21,831 [grpc-default-executor-0] INFO  impl.RoleInfo (RoleInfo.java:updateAndGet(143)) - 1360619e-ba1e-4bf9-aec1-9f15b5480b27: start FollowerState
2019-10-21 23:47:21,831 [Thread-3229] INFO  impl.FollowerState (FollowerState.java:run(117)) - 1360619e-ba1e-4bf9-aec1-9f15b5480b27@group-2FABE92B7E5B-FollowerState was interrupted: java.lang.InterruptedException: sleep interrupted
2019-10-21 23:47:21,845 [b88b3e43-5534-49b3-b3f2-a9f154b450de@group-2FABE92B7E5B-LeaderElection455] INFO  impl.LeaderElection (LeaderElection.java:logAndReturn(56)) - b88b3e43-5534-49b3-b3f2-a9f154b450de@group-2FABE92B7E5B-LeaderElection455: Election REJECTED; received 2 response(s) [b88b3e43-5534-49b3-b3f2-a9f154b450de<-c58a0a02-acd3-47c8-b3e9-5b8e0493de45#0:FAIL-t489, b88b3e43-5534-49b3-b3f2-a9f154b450de<-1360619e-ba1e-4bf9-aec1-9f15b5480b27#0:FAIL-t489] and 0 exception(s); b88b3e43-5534-49b3-b3f2-a9f154b450de@group-2FABE92B7E5B:t489, leader=null, voted=b88b3e43-5534-49b3-b3f2-a9f154b450de, raftlog=b88b3e43-5534-49b3-b3f2-a9f154b450de@group-2FABE92B7E5B-SegmentedRaftLog:OPENED:c-1,f-1,i0, conf=-1: [c58a0a02-acd3-47c8-b3e9-5b8e0493de45:192.168.157.254:33611, 1360619e-ba1e-4bf9-aec1-9f15b5480b27:192.168.157.254:45658, b88b3e43-5534-49b3-b3f2-a9f154b450de:192.168.157.254:46786], old=null
2019-10-21 23:47:21,845 [b88b3e43-5534-49b3-b3f2-a9f154b450de@group-2FABE92B7E5B-LeaderElection455] INFO  impl.RaftServerImpl (RaftServerImpl.java:setRole(184)) - b88b3e43-5534-49b3-b3f2-a9f154b450de@group-2FABE92B7E5B: changes role from CANDIDATE to FOLLOWER at term 489 for DISCOVERED_A_NEW_TERM
2019-10-21 23:47:21,845 [b88b3e43-5534-49b3-b3f2-a9f154b450de@group-2FABE92B7E5B-LeaderElection455] INFO  impl.RoleInfo (RoleInfo.java:shutdownLeaderElection(134)) - b88b3e43-5534-49b3-b3f2-a9f154b450de: shutdown LeaderElection
2019-10-21 23:47:21,845 [b88b3e43-5534-49b3-b3f2-a9f154b450de@group-2FABE92B7E5B-LeaderElection455] INFO  impl.RoleInfo (RoleInfo.java:updateAndGet(143)) - b88b3e43-5534-49b3-b3f2-a9f154b450de: start FollowerState
2019-10-21 23:47:21,903 [Thread-3235] INFO  impl.FollowerState (FollowerState.java:run(108)) - b88b3e43-5534-49b3-b3f2-a9f154b450de@group-2FABE92B7E5B-FollowerState: change to CANDIDATE, lastRpcTime:57ms, electionTimeout:57ms
2019-10-21 23:47:21,903 [Thread-3235] INFO  impl.RoleInfo (RoleInfo.java:shutdownFollowerState(121)) - b88b3e43-5534-49b3-b3f2-a9f154b450de: shutdown FollowerState
2019-10-21 23:47:21,903 [Thread-3235] INFO  impl.RaftServerImpl (RaftServerImpl.java:setRole(184)) - b88b3e43-5534-49b3-b3f2-a9f154b450de@group-2FABE92B7E5B: changes role from  FOLLOWER to CANDIDATE at term 489 for changeToCandidate
2019-10-21 23:47:21,903 [Thread-3235] INFO  impl.RoleInfo (RoleInfo.java:updateAndGet(143)) - b88b3e43-5534-49b3-b3f2-a9f154b450de: start LeaderElection
2019-10-21 23:47:21,916 [b88b3e43-5534-49b3-b3f2-a9f154b450de@group-2FABE92B7E5B-LeaderElection456] INFO  impl.LeaderElection (LeaderElection.java:askForVotes(178)) - b88b3e43-5534-49b3-b3f2-a9f154b450de@group-2FABE92B7E5B-LeaderElection456: begin an election at term 490 for -1: [c58a0a02-acd3-47c8-b3e9-5b8e0493de45:192.168.157.254:33611, 1360619e-ba1e-4bf9-aec1-9f15b5480b27:192.168.157.254:45658, b88b3e43-5534-49b3-b3f2-a9f154b450de:192.168.157.254:46786], old=null
2019-10-21 23:47:21,917 [grpc-default-executor-0] INFO  impl.RaftServerImpl (RaftServerImpl.java:setRole(184)) - 1360619e-ba1e-4bf9-aec1-9f15b5480b27@group-2FABE92B7E5B: changes role from  FOLLOWER to FOLLOWER at term 490 for recognizeCandidate:b88b3e43-5534-49b3-b3f2-a9f154b450de
2019-10-21 23:47:21,918 [grpc-default-executor-0] INFO  impl.RoleInfo (RoleInfo.java:shutdownFollowerState(121)) - 1360619e-ba1e-4bf9-aec1-9f15b5480b27: shutdown FollowerState
2019-10-21 23:47:21,918 [grpc-default-executor-0] INFO  impl.RoleInfo (RoleInfo.java:updateAndGet(143)) - 1360619e-ba1e-4bf9-aec1-9f15b5480b27: start FollowerState
2019-10-21 23:47:21,918 [Thread-3234] INFO  impl.FollowerState (FollowerState.java:run(117)) - 1360619e-ba1e-4bf9-aec1-9f15b5480b27@group-2FABE92B7E5B-FollowerState was interrupted: java.lang.InterruptedException: sleep interrupted
2019-10-21 23:47:21,918 [grpc-default-executor-4] INFO  impl.RaftServerImpl (RaftServerImpl.java:setRole(184)) - c58a0a02-acd3-47c8-b3e9-5b8e0493de45@group-2FABE92B7E5B: changes role from  FOLLOWER to FOLLOWER at term 490 for recognizeCandidate:b88b3e43-5534-49b3-b3f2-a9f154b450de
2019-10-21 23:47:21,918 [grpc-default-executor-4] INFO  impl.RoleInfo (RoleInfo.java:shutdownFollowerState(121)) - c58a0a02-acd3-47c8-b3e9-5b8e0493de45: shutdown FollowerState
2019-10-21 23:47:21,918 [Thread-3233] INFO  impl.FollowerState (FollowerState.java:run(117)) - c58a0a02-acd3-47c8-b3e9-5b8e0493de45@group-2FABE92B7E5B-FollowerState was interrupted: java.lang.InterruptedException: sleep interrupted
2019-10-21 23:47:21,918 [grpc-default-executor-4] INFO  impl.RoleInfo (RoleInfo.java:updateAndGet(143)) - c58a0a02-acd3-47c8-b3e9-5b8e0493de45: start FollowerState
2019-10-21 23:47:21,932 [b88b3e43-5534-49b3-b3f2-a9f154b450de@group-2FABE92B7E5B-LeaderElection456] INFO  impl.LeaderElection (LeaderElection.java:logAndReturn(56)) - b88b3e43-5534-49b3-b3f2-a9f154b450de@group-2FABE92B7E5B-LeaderElection456: Election REJECTED; received 2 response(s) [b88b3e43-5534-49b3-b3f2-a9f154b450de<-c58a0a02-acd3-47c8-b3e9-5b8e0493de45#0:FAIL-t490, b88b3e43-5534-49b3-b3f2-a9f154b450de<-1360619e-ba1e-4bf9-aec1-9f15b5480b27#0:FAIL-t490] and 0 exception(s); b88b3e43-5534-49b3-b3f2-a9f154b450de@group-2FABE92B7E5B:t490, leader=null, voted=b88b3e43-5534-49b3-b3f2-a9f154b450de, raftlog=b88b3e43-5534-49b3-b3f2-a9f154b450de@group-2FABE92B7E5B-SegmentedRaftLog:OPENED:c-1,f-1,i0, conf=-1: [c58a0a02-acd3-47c8-b3e9-5b8e0493de45:192.168.157.254:33611, 1360619e-ba1e-4bf9-aec1-9f15b5480b27:192.168.157.254:45658, b88b3e43-5534-49b3-b3f2-a9f154b450de:192.168.157.254:46786], old=null
2019-10-21 23:47:21,932 [b88b3e43-5534-49b3-b3f2-a9f154b450de@group-2FABE92B7E5B-LeaderElection456] INFO  impl.RaftServerImpl (RaftServerImpl.java:setRole(184)) - b88b3e43-5534-49b3-b3f2-a9f154b450de@group-2FABE92B7E5B: changes role from CANDIDATE to FOLLOWER at term 490 for DISCOVERED_A_NEW_TERM
2019-10-21 23:47:21,932 [b88b3e43-5534-49b3-b3f2-a9f154b450de@group-2FABE92B7E5B-LeaderElection456] INFO  impl.RoleInfo (RoleInfo.java:shutdownLeaderElection(134)) - b88b3e43-5534-49b3-b3f2-a9f154b450de: shutdown LeaderElection
2019-10-21 23:47:21,932 [b88b3e43-5534-49b3-b3f2-a9f154b450de@group-2FABE92B7E5B-LeaderElection456] INFO  impl.RoleInfo (RoleInfo.java:updateAndGet(143)) - b88b3e43-5534-49b3-b3f2-a9f154b450de: start FollowerState
2019-10-21 23:47:22,019 [Datanode State Machine Thread - 0] INFO  statemachine.DatanodeStateMachine (DatanodeStateMachine.java:lambda$startDaemon$0(350)) - Ozone container server started.
2019-10-21 23:47:22,053 [Datanode State Machine Thread - 0] INFO  statemachine.DatanodeStateMachine (DatanodeStateMachine.java:lambda$startDaemon$0(350)) - Ozone container server started.
2019-10-21 23:47:22,090 [Thread-3241] INFO  impl.FollowerState (FollowerState.java:run(108)) - b88b3e43-5534-49b3-b3f2-a9f154b450de@group-2FABE92B7E5B-FollowerState: change to CANDIDATE, lastRpcTime:158ms, electionTimeout:158ms
2019-10-21 23:47:22,090 [Thread-3241] INFO  impl.RoleInfo (RoleInfo.java:shutdownFollowerState(121)) - b88b3e43-5534-49b3-b3f2-a9f154b450de: shutdown FollowerState
2019-10-21 23:47:22,090 [Thread-3241] INFO  impl.RaftServerImpl (RaftServerImpl.java:setRole(184)) - b88b3e43-5534-49b3-b3f2-a9f154b450de@group-2FABE92B7E5B: changes role from  FOLLOWER to CANDIDATE at term 490 for changeToCandidate
2019-10-21 23:47:22,090 [Thread-3241] INFO  impl.RoleInfo (RoleInfo.java:updateAndGet(143)) - b88b3e43-5534-49b3-b3f2-a9f154b450de: start LeaderElection
2019-10-21 23:47:22,104 [b88b3e43-5534-49b3-b3f2-a9f154b450de@group-2FABE92B7E5B-LeaderElection457] INFO  impl.LeaderElection (LeaderElection.java:askForVotes(178)) - b88b3e43-5534-49b3-b3f2-a9f154b450de@group-2FABE92B7E5B-LeaderElection457: begin an election at term 491 for -1: [c58a0a02-acd3-47c8-b3e9-5b8e0493de45:192.168.157.254:33611, 1360619e-ba1e-4bf9-aec1-9f15b5480b27:192.168.157.254:45658, b88b3e43-5534-49b3-b3f2-a9f154b450de:192.168.157.254:46786], old=null
2019-10-21 23:47:22,106 [grpc-default-executor-4] INFO  impl.RaftServerImpl (RaftServerImpl.java:setRole(184)) - c58a0a02-acd3-47c8-b3e9-5b8e0493de45@group-2FABE92B7E5B: changes role from  FOLLOWER to FOLLOWER at term 491 for recognizeCandidate:b88b3e43-5534-49b3-b3f2-a9f154b450de
2019-10-21 23:47:22,106 [grpc-default-executor-0] INFO  impl.RaftServerImpl (RaftServerImpl.java:setRole(184)) - 1360619e-ba1e-4bf9-aec1-9f15b5480b27@group-2FABE92B7E5B: changes role from  FOLLOWER to FOLLOWER at term 491 for recognizeCandidate:b88b3e43-5534-49b3-b3f2-a9f154b450de
2019-10-21 23:47:22,106 [grpc-default-executor-4] INFO  impl.RoleInfo (RoleInfo.java:shutdownFollowerState(121)) - c58a0a02-acd3-47c8-b3e9-5b8e0493de45: shutdown FollowerState
2019-10-21 23:47:22,106 [grpc-default-executor-0] INFO  impl.RoleInfo (RoleInfo.java:shutdownFollowerState(121)) - 1360619e-ba1e-4bf9-aec1-9f15b5480b27: shutdown FollowerState
2019-10-21 23:47:22,106 [Thread-3240] INFO  impl.FollowerState (FollowerState.java:run(117)) - c58a0a02-acd3-47c8-b3e9-5b8e0493de45@group-2FABE92B7E5B-FollowerState was interrupted: java.lang.InterruptedException: sleep interrupted
2019-10-21 23:47:22,106 [Thread-3239] INFO  impl.FollowerState (FollowerState.java:run(117)) - 1360619e-ba1e-4bf9-aec1-9f15b5480b27@group-2FABE92B7E5B-FollowerState was interrupted: java.lang.InterruptedException: sleep interrupted
2019-10-21 23:47:22,106 [grpc-default-executor-4] INFO  impl.RoleInfo (RoleInfo.java:updateAndGet(143)) - c58a0a02-acd3-47c8-b3e9-5b8e0493de45: start FollowerState
2019-10-21 23:47:22,106 [grpc-default-executor-0] INFO  impl.RoleInfo (RoleInfo.java:updateAndGet(143)) - 1360619e-ba1e-4bf9-aec1-9f15b5480b27: start FollowerState
2019-10-21 23:47:22,120 [b88b3e43-5534-49b3-b3f2-a9f154b450de@group-2FABE92B7E5B-LeaderElection457] INFO  impl.LeaderElection (LeaderElection.java:logAndReturn(56)) - b88b3e43-5534-49b3-b3f2-a9f154b450de@group-2FABE92B7E5B-LeaderElection457: Election REJECTED; received 2 response(s) [b88b3e43-5534-49b3-b3f2-a9f154b450de<-c58a0a02-acd3-47c8-b3e9-5b8e0493de45#0:FAIL-t491, b88b3e43-5534-49b3-b3f2-a9f154b450de<-1360619e-ba1e-4bf9-aec1-9f15b5480b27#0:FAIL-t491] and 0 exception(s); b88b3e43-5534-49b3-b3f2-a9f154b450de@group-2FABE92B7E5B:t491, leader=null, voted=b88b3e43-5534-49b3-b3f2-a9f154b450de, raftlog=b88b3e43-5534-49b3-b3f2-a9f154b450de@group-2FABE92B7E5B-SegmentedRaftLog:OPENED:c-1,f-1,i0, conf=-1: [c58a0a02-acd3-47c8-b3e9-5b8e0493de45:192.168.157.254:33611, 1360619e-ba1e-4bf9-aec1-9f15b5480b27:192.168.157.254:45658, b88b3e43-5534-49b3-b3f2-a9f154b450de:192.168.157.254:46786], old=null
2019-10-21 23:47:22,120 [b88b3e43-5534-49b3-b3f2-a9f154b450de@group-2FABE92B7E5B-LeaderElection457] INFO  impl.RaftServerImpl (RaftServerImpl.java:setRole(184)) - b88b3e43-5534-49b3-b3f2-a9f154b450de@group-2FABE92B7E5B: changes role from CANDIDATE to FOLLOWER at term 491 for DISCOVERED_A_NEW_TERM
2019-10-21 23:47:22,120 [b88b3e43-5534-49b3-b3f2-a9f154b450de@group-2FABE92B7E5B-LeaderElection457] INFO  impl.RoleInfo (RoleInfo.java:shutdownLeaderElection(134)) - b88b3e43-5534-49b3-b3f2-a9f154b450de: shutdown LeaderElection
2019-10-21 23:47:22,120 [b88b3e43-5534-49b3-b3f2-a9f154b450de@group-2FABE92B7E5B-LeaderElection457] INFO  impl.RoleInfo (RoleInfo.java:updateAndGet(143)) - b88b3e43-5534-49b3-b3f2-a9f154b450de: start FollowerState
2019-10-21 23:47:22,224 [Thread-296] INFO  ipc.Client (Client.java:handleConnectionFailure(948)) - Retrying connect to server: localhost/127.0.0.1:41866. Already tried 0 time(s); retry policy is RetryUpToMaximumCountWithFixedSleep(maxRetries=10, sleepTime=1000 MILLISECONDS)
2019-10-21 23:47:22,254 [Thread-3247] INFO  impl.FollowerState (FollowerState.java:run(108)) - b88b3e43-5534-49b3-b3f2-a9f154b450de@group-2FABE92B7E5B-FollowerState: change to CANDIDATE, lastRpcTime:133ms, electionTimeout:133ms
2019-10-21 23:47:22,254 [Thread-3247] INFO  impl.RoleInfo (RoleInfo.java:shutdownFollowerState(121)) - b88b3e43-5534-49b3-b3f2-a9f154b450de: shutdown FollowerState
2019-10-21 23:47:22,254 [Thread-3247] INFO  impl.RaftServerImpl (RaftServerImpl.java:setRole(184)) - b88b3e43-5534-49b3-b3f2-a9f154b450de@group-2FABE92B7E5B: changes role from  FOLLOWER to CANDIDATE at term 491 for changeToCandidate
2019-10-21 23:47:22,254 [Thread-3247] INFO  impl.RoleInfo (RoleInfo.java:updateAndGet(143)) - b88b3e43-5534-49b3-b3f2-a9f154b450de: start LeaderElection
2019-10-21 23:47:22,268 [b88b3e43-5534-49b3-b3f2-a9f154b450de@group-2FABE92B7E5B-LeaderElection458] INFO  impl.LeaderElection (LeaderElection.java:askForVotes(178)) - b88b3e43-5534-49b3-b3f2-a9f154b450de@group-2FABE92B7E5B-LeaderElection458: begin an election at term 492 for -1: [c58a0a02-acd3-47c8-b3e9-5b8e0493de45:192.168.157.254:33611, 1360619e-ba1e-4bf9-aec1-9f15b5480b27:192.168.157.254:45658, b88b3e43-5534-49b3-b3f2-a9f154b450de:192.168.157.254:46786], old=null
2019-10-21 23:47:22,269 [grpc-default-executor-0] INFO  impl.RaftServerImpl (RaftServerImpl.java:setRole(184)) - c58a0a02-acd3-47c8-b3e9-5b8e0493de45@group-2FABE92B7E5B: changes role from  FOLLOWER to FOLLOWER at term 492 for recognizeCandidate:b88b3e43-5534-49b3-b3f2-a9f154b450de
2019-10-21 23:47:22,269 [grpc-default-executor-0] INFO  impl.RoleInfo (RoleInfo.java:shutdownFollowerState(121)) - c58a0a02-acd3-47c8-b3e9-5b8e0493de45: shutdown FollowerState
2019-10-21 23:47:22,269 [grpc-default-executor-0] INFO  impl.RoleInfo (RoleInfo.java:updateAndGet(143)) - c58a0a02-acd3-47c8-b3e9-5b8e0493de45: start FollowerState
2019-10-21 23:47:22,269 [Thread-3245] INFO  impl.FollowerState (FollowerState.java:run(117)) - c58a0a02-acd3-47c8-b3e9-5b8e0493de45@group-2FABE92B7E5B-FollowerState was interrupted: java.lang.InterruptedException: sleep interrupted
2019-10-21 23:47:22,270 [grpc-default-executor-4] INFO  impl.RaftServerImpl (RaftServerImpl.java:setRole(184)) - 1360619e-ba1e-4bf9-aec1-9f15b5480b27@group-2FABE92B7E5B: changes role from  FOLLOWER to FOLLOWER at term 492 for recognizeCandidate:b88b3e43-5534-49b3-b3f2-a9f154b450de
2019-10-21 23:47:22,270 [grpc-default-executor-4] INFO  impl.RoleInfo (RoleInfo.java:shutdownFollowerState(121)) - 1360619e-ba1e-4bf9-aec1-9f15b5480b27: shutdown FollowerState
2019-10-21 23:47:22,270 [grpc-default-executor-4] INFO  impl.RoleInfo (RoleInfo.java:updateAndGet(143)) - 1360619e-ba1e-4bf9-aec1-9f15b5480b27: start FollowerState
2019-10-21 23:47:22,270 [Thread-3246] INFO  impl.FollowerState (FollowerState.java:run(117)) - 1360619e-ba1e-4bf9-aec1-9f15b5480b27@group-2FABE92B7E5B-FollowerState was interrupted: java.lang.InterruptedException: sleep interrupted
2019-10-21 23:47:22,294 [b88b3e43-5534-49b3-b3f2-a9f154b450de@group-2FABE92B7E5B-LeaderElection458] INFO  impl.LeaderElection (LeaderElection.java:logAndReturn(56)) - b88b3e43-5534-49b3-b3f2-a9f154b450de@group-2FABE92B7E5B-LeaderElection458: Election REJECTED; received 2 response(s) [b88b3e43-5534-49b3-b3f2-a9f154b450de<-c58a0a02-acd3-47c8-b3e9-5b8e0493de45#0:FAIL-t492, b88b3e43-5534-49b3-b3f2-a9f154b450de<-1360619e-ba1e-4bf9-aec1-9f15b5480b27#0:FAIL-t492] and 0 exception(s); b88b3e43-5534-49b3-b3f2-a9f154b450de@group-2FABE92B7E5B:t492, leader=null, voted=b88b3e43-5534-49b3-b3f2-a9f154b450de, raftlog=b88b3e43-5534-49b3-b3f2-a9f154b450de@group-2FABE92B7E5B-SegmentedRaftLog:OPENED:c-1,f-1,i0, conf=-1: [c58a0a02-acd3-47c8-b3e9-5b8e0493de45:192.168.157.254:33611, 1360619e-ba1e-4bf9-aec1-9f15b5480b27:192.168.157.254:45658, b88b3e43-5534-49b3-b3f2-a9f154b450de:192.168.157.254:46786], old=null
2019-10-21 23:47:22,295 [b88b3e43-5534-49b3-b3f2-a9f154b450de@group-2FABE92B7E5B-LeaderElection458] INFO  impl.RaftServerImpl (RaftServerImpl.java:setRole(184)) - b88b3e43-5534-49b3-b3f2-a9f154b450de@group-2FABE92B7E5B: changes role from CANDIDATE to FOLLOWER at term 492 for DISCOVERED_A_NEW_TERM
2019-10-21 23:47:22,295 [b88b3e43-5534-49b3-b3f2-a9f154b450de@group-2FABE92B7E5B-LeaderElection458] INFO  impl.RoleInfo (RoleInfo.java:shutdownLeaderElection(134)) - b88b3e43-5534-49b3-b3f2-a9f154b450de: shutdown LeaderElection
2019-10-21 23:47:22,295 [b88b3e43-5534-49b3-b3f2-a9f154b450de@group-2FABE92B7E5B-LeaderElection458] INFO  impl.RoleInfo (RoleInfo.java:updateAndGet(143)) - b88b3e43-5534-49b3-b3f2-a9f154b450de: start FollowerState
2019-10-21 23:47:22,495 [Thread-3253] INFO  impl.FollowerState (FollowerState.java:run(108)) - b88b3e43-5534-49b3-b3f2-a9f154b450de@group-2FABE92B7E5B-FollowerState: change to CANDIDATE, lastRpcTime:200ms, electionTimeout:200ms
2019-10-21 23:47:22,495 [Thread-3253] INFO  impl.RoleInfo (RoleInfo.java:shutdownFollowerState(121)) - b88b3e43-5534-49b3-b3f2-a9f154b450de: shutdown FollowerState
2019-10-21 23:47:22,495 [Thread-3253] INFO  impl.RaftServerImpl (RaftServerImpl.java:setRole(184)) - b88b3e43-5534-49b3-b3f2-a9f154b450de@group-2FABE92B7E5B: changes role from  FOLLOWER to CANDIDATE at term 492 for changeToCandidate
2019-10-21 23:47:22,496 [Thread-3253] INFO  impl.RoleInfo (RoleInfo.java:updateAndGet(143)) - b88b3e43-5534-49b3-b3f2-a9f154b450de: start LeaderElection
2019-10-21 23:47:22,509 [b88b3e43-5534-49b3-b3f2-a9f154b450de@group-2FABE92B7E5B-LeaderElection459] INFO  impl.LeaderElection (LeaderElection.java:askForVotes(178)) - b88b3e43-5534-49b3-b3f2-a9f154b450de@group-2FABE92B7E5B-LeaderElection459: begin an election at term 493 for -1: [c58a0a02-acd3-47c8-b3e9-5b8e0493de45:192.168.157.254:33611, 1360619e-ba1e-4bf9-aec1-9f15b5480b27:192.168.157.254:45658, b88b3e43-5534-49b3-b3f2-a9f154b450de:192.168.157.254:46786], old=null
2019-10-21 23:47:22,510 [grpc-default-executor-0] INFO  impl.RaftServerImpl (RaftServerImpl.java:setRole(184)) - c58a0a02-acd3-47c8-b3e9-5b8e0493de45@group-2FABE92B7E5B: changes role from  FOLLOWER to FOLLOWER at term 493 for recognizeCandidate:b88b3e43-5534-49b3-b3f2-a9f154b450de
2019-10-21 23:47:22,511 [grpc-default-executor-0] INFO  impl.RoleInfo (RoleInfo.java:shutdownFollowerState(121)) - c58a0a02-acd3-47c8-b3e9-5b8e0493de45: shutdown FollowerState
2019-10-21 23:47:22,511 [grpc-default-executor-0] INFO  impl.RoleInfo (RoleInfo.java:updateAndGet(143)) - c58a0a02-acd3-47c8-b3e9-5b8e0493de45: start FollowerState
2019-10-21 23:47:22,511 [grpc-default-executor-4] INFO  impl.RaftServerImpl (RaftServerImpl.java:setRole(184)) - 1360619e-ba1e-4bf9-aec1-9f15b5480b27@group-2FABE92B7E5B: changes role from  FOLLOWER to FOLLOWER at term 493 for recognizeCandidate:b88b3e43-5534-49b3-b3f2-a9f154b450de
2019-10-21 23:47:22,511 [Thread-3251] INFO  impl.FollowerState (FollowerState.java:run(117)) - c58a0a02-acd3-47c8-b3e9-5b8e0493de45@group-2FABE92B7E5B-FollowerState was interrupted: java.lang.InterruptedException: sleep interrupted
2019-10-21 23:47:22,511 [grpc-default-executor-4] INFO  impl.RoleInfo (RoleInfo.java:shutdownFollowerState(121)) - 1360619e-ba1e-4bf9-aec1-9f15b5480b27: shutdown FollowerState
2019-10-21 23:47:22,511 [grpc-default-executor-4] INFO  impl.RoleInfo (RoleInfo.java:updateAndGet(143)) - 1360619e-ba1e-4bf9-aec1-9f15b5480b27: start FollowerState
2019-10-21 23:47:22,511 [Thread-3252] INFO  impl.FollowerState (FollowerState.java:run(117)) - 1360619e-ba1e-4bf9-aec1-9f15b5480b27@group-2FABE92B7E5B-FollowerState was interrupted: java.lang.InterruptedException: sleep interrupted
2019-10-21 23:47:22,528 [b88b3e43-5534-49b3-b3f2-a9f154b450de@group-2FABE92B7E5B-LeaderElection459] INFO  impl.LeaderElection (LeaderElection.java:logAndReturn(56)) - b88b3e43-5534-49b3-b3f2-a9f154b450de@group-2FABE92B7E5B-LeaderElection459: Election REJECTED; received 2 response(s) [b88b3e43-5534-49b3-b3f2-a9f154b450de<-c58a0a02-acd3-47c8-b3e9-5b8e0493de45#0:FAIL-t493, b88b3e43-5534-49b3-b3f2-a9f154b450de<-1360619e-ba1e-4bf9-aec1-9f15b5480b27#0:FAIL-t493] and 0 exception(s); b88b3e43-5534-49b3-b3f2-a9f154b450de@group-2FABE92B7E5B:t493, leader=null, voted=b88b3e43-5534-49b3-b3f2-a9f154b450de, raftlog=b88b3e43-5534-49b3-b3f2-a9f154b450de@group-2FABE92B7E5B-SegmentedRaftLog:OPENED:c-1,f-1,i0, conf=-1: [c58a0a02-acd3-47c8-b3e9-5b8e0493de45:192.168.157.254:33611, 1360619e-ba1e-4bf9-aec1-9f15b5480b27:192.168.157.254:45658, b88b3e43-5534-49b3-b3f2-a9f154b450de:192.168.157.254:46786], old=null
2019-10-21 23:47:22,528 [b88b3e43-5534-49b3-b3f2-a9f154b450de@group-2FABE92B7E5B-LeaderElection459] INFO  impl.RaftServerImpl (RaftServerImpl.java:setRole(184)) - b88b3e43-5534-49b3-b3f2-a9f154b450de@group-2FABE92B7E5B: changes role from CANDIDATE to FOLLOWER at term 493 for DISCOVERED_A_NEW_TERM
2019-10-21 23:47:22,528 [b88b3e43-5534-49b3-b3f2-a9f154b450de@group-2FABE92B7E5B-LeaderElection459] INFO  impl.RoleInfo (RoleInfo.java:shutdownLeaderElection(134)) - b88b3e43-5534-49b3-b3f2-a9f154b450de: shutdown LeaderElection
2019-10-21 23:47:22,528 [b88b3e43-5534-49b3-b3f2-a9f154b450de@group-2FABE92B7E5B-LeaderElection459] INFO  impl.RoleInfo (RoleInfo.java:updateAndGet(143)) - b88b3e43-5534-49b3-b3f2-a9f154b450de: start FollowerState
2019-10-21 23:47:22,536 [Thread-3261] INFO  impl.FollowerState (FollowerState.java:run(108)) - b88b3e43-5534-49b3-b3f2-a9f154b450de@group-2FABE92B7E5B-FollowerState: change to CANDIDATE, lastRpcTime:7ms, electionTimeout:7ms
2019-10-21 23:47:22,536 [Thread-3261] INFO  impl.RoleInfo (RoleInfo.java:shutdownFollowerState(121)) - b88b3e43-5534-49b3-b3f2-a9f154b450de: shutdown FollowerState
2019-10-21 23:47:22,536 [Thread-3261] INFO  impl.RaftServerImpl (RaftServerImpl.java:setRole(184)) - b88b3e43-5534-49b3-b3f2-a9f154b450de@group-2FABE92B7E5B: changes role from  FOLLOWER to CANDIDATE at term 493 for changeToCandidate
2019-10-21 23:47:22,536 [Thread-3261] INFO  impl.RoleInfo (RoleInfo.java:updateAndGet(143)) - b88b3e43-5534-49b3-b3f2-a9f154b450de: start LeaderElection
2019-10-21 23:47:22,540 [b88b3e43-5534-49b3-b3f2-a9f154b450de@group-2FABE92B7E5B-LeaderElection460] INFO  impl.LeaderElection (LeaderElection.java:askForVotes(178)) - b88b3e43-5534-49b3-b3f2-a9f154b450de@group-2FABE92B7E5B-LeaderElection460: begin an election at term 494 for -1: [c58a0a02-acd3-47c8-b3e9-5b8e0493de45:192.168.157.254:33611, 1360619e-ba1e-4bf9-aec1-9f15b5480b27:192.168.157.254:45658, b88b3e43-5534-49b3-b3f2-a9f154b450de:192.168.157.254:46786], old=null
2019-10-21 23:47:22,541 [grpc-default-executor-4] INFO  impl.RaftServerImpl (RaftServerImpl.java:setRole(184)) - c58a0a02-acd3-47c8-b3e9-5b8e0493de45@group-2FABE92B7E5B: changes role from  FOLLOWER to FOLLOWER at term 494 for recognizeCandidate:b88b3e43-5534-49b3-b3f2-a9f154b450de
2019-10-21 23:47:22,541 [grpc-default-executor-4] INFO  impl.RoleInfo (RoleInfo.java:shutdownFollowerState(121)) - c58a0a02-acd3-47c8-b3e9-5b8e0493de45: shutdown FollowerState
2019-10-21 23:47:22,541 [grpc-default-executor-4] INFO  impl.RoleInfo (RoleInfo.java:updateAndGet(143)) - c58a0a02-acd3-47c8-b3e9-5b8e0493de45: start FollowerState
2019-10-21 23:47:22,542 [Thread-3259] INFO  impl.FollowerState (FollowerState.java:run(117)) - c58a0a02-acd3-47c8-b3e9-5b8e0493de45@group-2FABE92B7E5B-FollowerState was interrupted: java.lang.InterruptedException: sleep interrupted
2019-10-21 23:47:22,542 [grpc-default-executor-0] INFO  impl.RaftServerImpl (RaftServerImpl.java:setRole(184)) - 1360619e-ba1e-4bf9-aec1-9f15b5480b27@group-2FABE92B7E5B: changes role from  FOLLOWER to FOLLOWER at term 494 for recognizeCandidate:b88b3e43-5534-49b3-b3f2-a9f154b450de
2019-10-21 23:47:22,542 [grpc-default-executor-0] INFO  impl.RoleInfo (RoleInfo.java:shutdownFollowerState(121)) - 1360619e-ba1e-4bf9-aec1-9f15b5480b27: shutdown FollowerState
2019-10-21 23:47:22,542 [grpc-default-executor-0] INFO  impl.RoleInfo (RoleInfo.java:updateAndGet(143)) - 1360619e-ba1e-4bf9-aec1-9f15b5480b27: start FollowerState
2019-10-21 23:47:22,542 [Thread-3260] INFO  impl.FollowerState (FollowerState.java:run(117)) - 1360619e-ba1e-4bf9-aec1-9f15b5480b27@group-2FABE92B7E5B-FollowerState was interrupted: java.lang.InterruptedException: sleep interrupted
2019-10-21 23:47:22,556 [b88b3e43-5534-49b3-b3f2-a9f154b450de@group-2FABE92B7E5B-LeaderElection460] INFO  impl.LeaderElection (LeaderElection.java:logAndReturn(56)) - b88b3e43-5534-49b3-b3f2-a9f154b450de@group-2FABE92B7E5B-LeaderElection460: Election REJECTED; received 2 response(s) [b88b3e43-5534-49b3-b3f2-a9f154b450de<-c58a0a02-acd3-47c8-b3e9-5b8e0493de45#0:FAIL-t494, b88b3e43-5534-49b3-b3f2-a9f154b450de<-1360619e-ba1e-4bf9-aec1-9f15b5480b27#0:FAIL-t494] and 0 exception(s); b88b3e43-5534-49b3-b3f2-a9f154b450de@group-2FABE92B7E5B:t494, leader=null, voted=b88b3e43-5534-49b3-b3f2-a9f154b450de, raftlog=b88b3e43-5534-49b3-b3f2-a9f154b450de@group-2FABE92B7E5B-SegmentedRaftLog:OPENED:c-1,f-1,i0, conf=-1: [c58a0a02-acd3-47c8-b3e9-5b8e0493de45:192.168.157.254:33611, 1360619e-ba1e-4bf9-aec1-9f15b5480b27:192.168.157.254:45658, b88b3e43-5534-49b3-b3f2-a9f154b450de:192.168.157.254:46786], old=null
2019-10-21 23:47:22,556 [b88b3e43-5534-49b3-b3f2-a9f154b450de@group-2FABE92B7E5B-LeaderElection460] INFO  impl.RaftServerImpl (RaftServerImpl.java:setRole(184)) - b88b3e43-5534-49b3-b3f2-a9f154b450de@group-2FABE92B7E5B: changes role from CANDIDATE to FOLLOWER at term 494 for DISCOVERED_A_NEW_TERM
2019-10-21 23:47:22,556 [b88b3e43-5534-49b3-b3f2-a9f154b450de@group-2FABE92B7E5B-LeaderElection460] INFO  impl.RoleInfo (RoleInfo.java:shutdownLeaderElection(134)) - b88b3e43-5534-49b3-b3f2-a9f154b450de: shutdown LeaderElection
2019-10-21 23:47:22,556 [b88b3e43-5534-49b3-b3f2-a9f154b450de@group-2FABE92B7E5B-LeaderElection460] INFO  impl.RoleInfo (RoleInfo.java:updateAndGet(143)) - b88b3e43-5534-49b3-b3f2-a9f154b450de: start FollowerState
2019-10-21 23:47:22,710 [Thread-3267] INFO  impl.FollowerState (FollowerState.java:run(108)) - b88b3e43-5534-49b3-b3f2-a9f154b450de@group-2FABE92B7E5B-FollowerState: change to CANDIDATE, lastRpcTime:153ms, electionTimeout:153ms
2019-10-21 23:47:22,710 [Thread-3267] INFO  impl.RoleInfo (RoleInfo.java:shutdownFollowerState(121)) - b88b3e43-5534-49b3-b3f2-a9f154b450de: shutdown FollowerState
2019-10-21 23:47:22,710 [Thread-3267] INFO  impl.RaftServerImpl (RaftServerImpl.java:setRole(184)) - b88b3e43-5534-49b3-b3f2-a9f154b450de@group-2FABE92B7E5B: changes role from  FOLLOWER to CANDIDATE at term 494 for changeToCandidate
2019-10-21 23:47:22,710 [Thread-3267] INFO  impl.RoleInfo (RoleInfo.java:updateAndGet(143)) - b88b3e43-5534-49b3-b3f2-a9f154b450de: start LeaderElection
2019-10-21 23:47:22,736 [b88b3e43-5534-49b3-b3f2-a9f154b450de@group-2FABE92B7E5B-LeaderElection461] INFO  impl.LeaderElection (LeaderElection.java:askForVotes(178)) - b88b3e43-5534-49b3-b3f2-a9f154b450de@group-2FABE92B7E5B-LeaderElection461: begin an election at term 495 for -1: [c58a0a02-acd3-47c8-b3e9-5b8e0493de45:192.168.157.254:33611, 1360619e-ba1e-4bf9-aec1-9f15b5480b27:192.168.157.254:45658, b88b3e43-5534-49b3-b3f2-a9f154b450de:192.168.157.254:46786], old=null
2019-10-21 23:47:22,738 [grpc-default-executor-0] INFO  impl.RaftServerImpl (RaftServerImpl.java:setRole(184)) - c58a0a02-acd3-47c8-b3e9-5b8e0493de45@group-2FABE92B7E5B: changes role from  FOLLOWER to FOLLOWER at term 495 for recognizeCandidate:b88b3e43-5534-49b3-b3f2-a9f154b450de
2019-10-21 23:47:22,738 [grpc-default-executor-0] INFO  impl.RoleInfo (RoleInfo.java:shutdownFollowerState(121)) - c58a0a02-acd3-47c8-b3e9-5b8e0493de45: shutdown FollowerState
2019-10-21 23:47:22,738 [grpc-default-executor-4] INFO  impl.RaftServerImpl (RaftServerImpl.java:setRole(184)) - 1360619e-ba1e-4bf9-aec1-9f15b5480b27@group-2FABE92B7E5B: changes role from  FOLLOWER to FOLLOWER at term 495 for recognizeCandidate:b88b3e43-5534-49b3-b3f2-a9f154b450de
2019-10-21 23:47:22,738 [grpc-default-executor-4] INFO  impl.RoleInfo (RoleInfo.java:shutdownFollowerState(121)) - 1360619e-ba1e-4bf9-aec1-9f15b5480b27: shutdown FollowerState
2019-10-21 23:47:22,738 [Thread-3265] INFO  impl.FollowerState (FollowerState.java:run(117)) - c58a0a02-acd3-47c8-b3e9-5b8e0493de45@group-2FABE92B7E5B-FollowerState was interrupted: java.lang.InterruptedException: sleep interrupted
2019-10-21 23:47:22,738 [grpc-default-executor-0] INFO  impl.RoleInfo (RoleInfo.java:updateAndGet(143)) - c58a0a02-acd3-47c8-b3e9-5b8e0493de45: start FollowerState
2019-10-21 23:47:22,739 [Thread-3266] INFO  impl.FollowerState (FollowerState.java:run(117)) - 1360619e-ba1e-4bf9-aec1-9f15b5480b27@group-2FABE92B7E5B-FollowerState was interrupted: java.lang.InterruptedException: sleep interrupted
2019-10-21 23:47:22,738 [grpc-default-executor-4] INFO  impl.RoleInfo (RoleInfo.java:updateAndGet(143)) - 1360619e-ba1e-4bf9-aec1-9f15b5480b27: start FollowerState
2019-10-21 23:47:22,753 [b88b3e43-5534-49b3-b3f2-a9f154b450de@group-2FABE92B7E5B-LeaderElection461] INFO  impl.LeaderElection (LeaderElection.java:logAndReturn(56)) - b88b3e43-5534-49b3-b3f2-a9f154b450de@group-2FABE92B7E5B-LeaderElection461: Election REJECTED; received 2 response(s) [b88b3e43-5534-49b3-b3f2-a9f154b450de<-c58a0a02-acd3-47c8-b3e9-5b8e0493de45#0:FAIL-t495, b88b3e43-5534-49b3-b3f2-a9f154b450de<-1360619e-ba1e-4bf9-aec1-9f15b5480b27#0:FAIL-t495] and 0 exception(s); b88b3e43-5534-49b3-b3f2-a9f154b450de@group-2FABE92B7E5B:t495, leader=null, voted=b88b3e43-5534-49b3-b3f2-a9f154b450de, raftlog=b88b3e43-5534-49b3-b3f2-a9f154b450de@group-2FABE92B7E5B-SegmentedRaftLog:OPENED:c-1,f-1,i0, conf=-1: [c58a0a02-acd3-47c8-b3e9-5b8e0493de45:192.168.157.254:33611, 1360619e-ba1e-4bf9-aec1-9f15b5480b27:192.168.157.254:45658, b88b3e43-5534-49b3-b3f2-a9f154b450de:192.168.157.254:46786], old=null
2019-10-21 23:47:22,753 [b88b3e43-5534-49b3-b3f2-a9f154b450de@group-2FABE92B7E5B-LeaderElection461] INFO  impl.RaftServerImpl (RaftServerImpl.java:setRole(184)) - b88b3e43-5534-49b3-b3f2-a9f154b450de@group-2FABE92B7E5B: changes role from CANDIDATE to FOLLOWER at term 495 for DISCOVERED_A_NEW_TERM
2019-10-21 23:47:22,753 [b88b3e43-5534-49b3-b3f2-a9f154b450de@group-2FABE92B7E5B-LeaderElection461] INFO  impl.RoleInfo (RoleInfo.java:shutdownLeaderElection(134)) - b88b3e43-5534-49b3-b3f2-a9f154b450de: shutdown LeaderElection
2019-10-21 23:47:22,754 [b88b3e43-5534-49b3-b3f2-a9f154b450de@group-2FABE92B7E5B-LeaderElection461] INFO  impl.RoleInfo (RoleInfo.java:updateAndGet(143)) - b88b3e43-5534-49b3-b3f2-a9f154b450de: start FollowerState
2019-10-21 23:47:22,791 [Thread-3273] INFO  impl.FollowerState (FollowerState.java:run(108)) - b88b3e43-5534-49b3-b3f2-a9f154b450de@group-2FABE92B7E5B-FollowerState: change to CANDIDATE, lastRpcTime:37ms, electionTimeout:37ms
2019-10-21 23:47:22,791 [Thread-3273] INFO  impl.RoleInfo (RoleInfo.java:shutdownFollowerState(121)) - b88b3e43-5534-49b3-b3f2-a9f154b450de: shutdown FollowerState
2019-10-21 23:47:22,791 [Thread-3273] INFO  impl.RaftServerImpl (RaftServerImpl.java:setRole(184)) - b88b3e43-5534-49b3-b3f2-a9f154b450de@group-2FABE92B7E5B: changes role from  FOLLOWER to CANDIDATE at term 495 for changeToCandidate
2019-10-21 23:47:22,791 [Thread-3273] INFO  impl.RoleInfo (RoleInfo.java:updateAndGet(143)) - b88b3e43-5534-49b3-b3f2-a9f154b450de: start LeaderElection
2019-10-21 23:47:22,805 [b88b3e43-5534-49b3-b3f2-a9f154b450de@group-2FABE92B7E5B-LeaderElection462] INFO  impl.LeaderElection (LeaderElection.java:askForVotes(178)) - b88b3e43-5534-49b3-b3f2-a9f154b450de@group-2FABE92B7E5B-LeaderElection462: begin an election at term 496 for -1: [c58a0a02-acd3-47c8-b3e9-5b8e0493de45:192.168.157.254:33611, 1360619e-ba1e-4bf9-aec1-9f15b5480b27:192.168.157.254:45658, b88b3e43-5534-49b3-b3f2-a9f154b450de:192.168.157.254:46786], old=null
2019-10-21 23:47:22,807 [grpc-default-executor-0] INFO  impl.RaftServerImpl (RaftServerImpl.java:setRole(184)) - c58a0a02-acd3-47c8-b3e9-5b8e0493de45@group-2FABE92B7E5B: changes role from  FOLLOWER to FOLLOWER at term 496 for recognizeCandidate:b88b3e43-5534-49b3-b3f2-a9f154b450de
2019-10-21 23:47:22,807 [grpc-default-executor-0] INFO  impl.RoleInfo (RoleInfo.java:shutdownFollowerState(121)) - c58a0a02-acd3-47c8-b3e9-5b8e0493de45: shutdown FollowerState
2019-10-21 23:47:22,807 [grpc-default-executor-4] INFO  impl.RaftServerImpl (RaftServerImpl.java:setRole(184)) - 1360619e-ba1e-4bf9-aec1-9f15b5480b27@group-2FABE92B7E5B: changes role from  FOLLOWER to FOLLOWER at term 496 for recognizeCandidate:b88b3e43-5534-49b3-b3f2-a9f154b450de
2019-10-21 23:47:22,807 [grpc-default-executor-4] INFO  impl.RoleInfo (RoleInfo.java:shutdownFollowerState(121)) - 1360619e-ba1e-4bf9-aec1-9f15b5480b27: shutdown FollowerState
2019-10-21 23:47:22,807 [Thread-3271] INFO  impl.FollowerState (FollowerState.java:run(117)) - c58a0a02-acd3-47c8-b3e9-5b8e0493de45@group-2FABE92B7E5B-FollowerState was interrupted: java.lang.InterruptedException: sleep interrupted
2019-10-21 23:47:22,807 [grpc-default-executor-0] INFO  impl.RoleInfo (RoleInfo.java:updateAndGet(143)) - c58a0a02-acd3-47c8-b3e9-5b8e0493de45: start FollowerState
2019-10-21 23:47:22,807 [grpc-default-executor-4] INFO  impl.RoleInfo (RoleInfo.java:updateAndGet(143)) - 1360619e-ba1e-4bf9-aec1-9f15b5480b27: start FollowerState
2019-10-21 23:47:22,807 [Thread-3272] INFO  impl.FollowerState (FollowerState.java:run(117)) - 1360619e-ba1e-4bf9-aec1-9f15b5480b27@group-2FABE92B7E5B-FollowerState was interrupted: java.lang.InterruptedException: sleep interrupted
2019-10-21 23:47:22,822 [b88b3e43-5534-49b3-b3f2-a9f154b450de@group-2FABE92B7E5B-LeaderElection462] INFO  impl.LeaderElection (LeaderElection.java:logAndReturn(56)) - b88b3e43-5534-49b3-b3f2-a9f154b450de@group-2FABE92B7E5B-LeaderElection462: Election REJECTED; received 2 response(s) [b88b3e43-5534-49b3-b3f2-a9f154b450de<-c58a0a02-acd3-47c8-b3e9-5b8e0493de45#0:FAIL-t496, b88b3e43-5534-49b3-b3f2-a9f154b450de<-1360619e-ba1e-4bf9-aec1-9f15b5480b27#0:FAIL-t496] and 0 exception(s); b88b3e43-5534-49b3-b3f2-a9f154b450de@group-2FABE92B7E5B:t496, leader=null, voted=b88b3e43-5534-49b3-b3f2-a9f154b450de, raftlog=b88b3e43-5534-49b3-b3f2-a9f154b450de@group-2FABE92B7E5B-SegmentedRaftLog:OPENED:c-1,f-1,i0, conf=-1: [c58a0a02-acd3-47c8-b3e9-5b8e0493de45:192.168.157.254:33611, 1360619e-ba1e-4bf9-aec1-9f15b5480b27:192.168.157.254:45658, b88b3e43-5534-49b3-b3f2-a9f154b450de:192.168.157.254:46786], old=null
2019-10-21 23:47:22,822 [b88b3e43-5534-49b3-b3f2-a9f154b450de@group-2FABE92B7E5B-LeaderElection462] INFO  impl.RaftServerImpl (RaftServerImpl.java:setRole(184)) - b88b3e43-5534-49b3-b3f2-a9f154b450de@group-2FABE92B7E5B: changes role from CANDIDATE to FOLLOWER at term 496 for DISCOVERED_A_NEW_TERM
2019-10-21 23:47:22,822 [b88b3e43-5534-49b3-b3f2-a9f154b450de@group-2FABE92B7E5B-LeaderElection462] INFO  impl.RoleInfo (RoleInfo.java:shutdownLeaderElection(134)) - b88b3e43-5534-49b3-b3f2-a9f154b450de: shutdown LeaderElection
2019-10-21 23:47:22,823 [b88b3e43-5534-49b3-b3f2-a9f154b450de@group-2FABE92B7E5B-LeaderElection462] INFO  impl.RoleInfo (RoleInfo.java:updateAndGet(143)) - b88b3e43-5534-49b3-b3f2-a9f154b450de: start FollowerState
2019-10-21 23:47:22,856 [Thread-3279] INFO  impl.FollowerState (FollowerState.java:run(108)) - b88b3e43-5534-49b3-b3f2-a9f154b450de@group-2FABE92B7E5B-FollowerState: change to CANDIDATE, lastRpcTime:33ms, electionTimeout:33ms
2019-10-21 23:47:22,856 [Thread-3279] INFO  impl.RoleInfo (RoleInfo.java:shutdownFollowerState(121)) - b88b3e43-5534-49b3-b3f2-a9f154b450de: shutdown FollowerState
2019-10-21 23:47:22,856 [Thread-3279] INFO  impl.RaftServerImpl (RaftServerImpl.java:setRole(184)) - b88b3e43-5534-49b3-b3f2-a9f154b450de@group-2FABE92B7E5B: changes role from  FOLLOWER to CANDIDATE at term 496 for changeToCandidate
2019-10-21 23:47:22,856 [Thread-3279] INFO  impl.RoleInfo (RoleInfo.java:updateAndGet(143)) - b88b3e43-5534-49b3-b3f2-a9f154b450de: start LeaderElection
2019-10-21 23:47:22,868 [b88b3e43-5534-49b3-b3f2-a9f154b450de@group-2FABE92B7E5B-LeaderElection463] INFO  impl.LeaderElection (LeaderElection.java:askForVotes(178)) - b88b3e43-5534-49b3-b3f2-a9f154b450de@group-2FABE92B7E5B-LeaderElection463: begin an election at term 497 for -1: [c58a0a02-acd3-47c8-b3e9-5b8e0493de45:192.168.157.254:33611, 1360619e-ba1e-4bf9-aec1-9f15b5480b27:192.168.157.254:45658, b88b3e43-5534-49b3-b3f2-a9f154b450de:192.168.157.254:46786], old=null
2019-10-21 23:47:22,870 [grpc-default-executor-4] INFO  impl.RaftServerImpl (RaftServerImpl.java:setRole(184)) - c58a0a02-acd3-47c8-b3e9-5b8e0493de45@group-2FABE92B7E5B: changes role from  FOLLOWER to FOLLOWER at term 497 for recognizeCandidate:b88b3e43-5534-49b3-b3f2-a9f154b450de
2019-10-21 23:47:22,870 [grpc-default-executor-4] INFO  impl.RoleInfo (RoleInfo.java:shutdownFollowerState(121)) - c58a0a02-acd3-47c8-b3e9-5b8e0493de45: shutdown FollowerState
2019-10-21 23:47:22,870 [grpc-default-executor-4] INFO  impl.RoleInfo (RoleInfo.java:updateAndGet(143)) - c58a0a02-acd3-47c8-b3e9-5b8e0493de45: start FollowerState
2019-10-21 23:47:22,870 [Thread-3277] INFO  impl.FollowerState (FollowerState.java:run(117)) - c58a0a02-acd3-47c8-b3e9-5b8e0493de45@group-2FABE92B7E5B-FollowerState was interrupted: java.lang.InterruptedException: sleep interrupted
2019-10-21 23:47:22,870 [grpc-default-executor-0] INFO  impl.RaftServerImpl (RaftServerImpl.java:setRole(184)) - 1360619e-ba1e-4bf9-aec1-9f15b5480b27@group-2FABE92B7E5B: changes role from  FOLLOWER to FOLLOWER at term 497 for recognizeCandidate:b88b3e43-5534-49b3-b3f2-a9f154b450de
2019-10-21 23:47:22,870 [grpc-default-executor-0] INFO  impl.RoleInfo (RoleInfo.java:shutdownFollowerState(121)) - 1360619e-ba1e-4bf9-aec1-9f15b5480b27: shutdown FollowerState
2019-10-21 23:47:22,871 [grpc-default-executor-0] INFO  impl.RoleInfo (RoleInfo.java:updateAndGet(143)) - 1360619e-ba1e-4bf9-aec1-9f15b5480b27: start FollowerState
2019-10-21 23:47:22,871 [Thread-3278] INFO  impl.FollowerState (FollowerState.java:run(117)) - 1360619e-ba1e-4bf9-aec1-9f15b5480b27@group-2FABE92B7E5B-FollowerState was interrupted: java.lang.InterruptedException: sleep interrupted
2019-10-21 23:47:22,878 [b88b3e43-5534-49b3-b3f2-a9f154b450de@group-2FABE92B7E5B-LeaderElection463] INFO  impl.LeaderElection (LeaderElection.java:logAndReturn(56)) - b88b3e43-5534-49b3-b3f2-a9f154b450de@group-2FABE92B7E5B-LeaderElection463: Election REJECTED; received 2 response(s) [b88b3e43-5534-49b3-b3f2-a9f154b450de<-c58a0a02-acd3-47c8-b3e9-5b8e0493de45#0:FAIL-t497, b88b3e43-5534-49b3-b3f2-a9f154b450de<-1360619e-ba1e-4bf9-aec1-9f15b5480b27#0:FAIL-t497] and 0 exception(s); b88b3e43-5534-49b3-b3f2-a9f154b450de@group-2FABE92B7E5B:t497, leader=null, voted=b88b3e43-5534-49b3-b3f2-a9f154b450de, raftlog=b88b3e43-5534-49b3-b3f2-a9f154b450de@group-2FABE92B7E5B-SegmentedRaftLog:OPENED:c-1,f-1,i0, conf=-1: [c58a0a02-acd3-47c8-b3e9-5b8e0493de45:192.168.157.254:33611, 1360619e-ba1e-4bf9-aec1-9f15b5480b27:192.168.157.254:45658, b88b3e43-5534-49b3-b3f2-a9f154b450de:192.168.157.254:46786], old=null
2019-10-21 23:47:22,878 [b88b3e43-5534-49b3-b3f2-a9f154b450de@group-2FABE92B7E5B-LeaderElection463] INFO  impl.RaftServerImpl (RaftServerImpl.java:setRole(184)) - b88b3e43-5534-49b3-b3f2-a9f154b450de@group-2FABE92B7E5B: changes role from CANDIDATE to FOLLOWER at term 497 for DISCOVERED_A_NEW_TERM
2019-10-21 23:47:22,878 [b88b3e43-5534-49b3-b3f2-a9f154b450de@group-2FABE92B7E5B-LeaderElection463] INFO  impl.RoleInfo (RoleInfo.java:shutdownLeaderElection(134)) - b88b3e43-5534-49b3-b3f2-a9f154b450de: shutdown LeaderElection
2019-10-21 23:47:22,878 [b88b3e43-5534-49b3-b3f2-a9f154b450de@group-2FABE92B7E5B-LeaderElection463] INFO  impl.RoleInfo (RoleInfo.java:updateAndGet(143)) - b88b3e43-5534-49b3-b3f2-a9f154b450de: start FollowerState
2019-10-21 23:47:22,893 [Thread-3285] INFO  impl.FollowerState (FollowerState.java:run(108)) - b88b3e43-5534-49b3-b3f2-a9f154b450de@group-2FABE92B7E5B-FollowerState: change to CANDIDATE, lastRpcTime:14ms, electionTimeout:14ms
2019-10-21 23:47:22,893 [Thread-3285] INFO  impl.RoleInfo (RoleInfo.java:shutdownFollowerState(121)) - b88b3e43-5534-49b3-b3f2-a9f154b450de: shutdown FollowerState
2019-10-21 23:47:22,893 [Thread-3285] INFO  impl.RaftServerImpl (RaftServerImpl.java:setRole(184)) - b88b3e43-5534-49b3-b3f2-a9f154b450de@group-2FABE92B7E5B: changes role from  FOLLOWER to CANDIDATE at term 497 for changeToCandidate
2019-10-21 23:47:22,893 [Thread-3285] INFO  impl.RoleInfo (RoleInfo.java:updateAndGet(143)) - b88b3e43-5534-49b3-b3f2-a9f154b450de: start LeaderElection
2019-10-21 23:47:22,924 [b88b3e43-5534-49b3-b3f2-a9f154b450de@group-2FABE92B7E5B-LeaderElection464] INFO  impl.LeaderElection (LeaderElection.java:askForVotes(178)) - b88b3e43-5534-49b3-b3f2-a9f154b450de@group-2FABE92B7E5B-LeaderElection464: begin an election at term 498 for -1: [c58a0a02-acd3-47c8-b3e9-5b8e0493de45:192.168.157.254:33611, 1360619e-ba1e-4bf9-aec1-9f15b5480b27:192.168.157.254:45658, b88b3e43-5534-49b3-b3f2-a9f154b450de:192.168.157.254:46786], old=null
2019-10-21 23:47:22,925 [grpc-default-executor-0] INFO  impl.RaftServerImpl (RaftServerImpl.java:setRole(184)) - c58a0a02-acd3-47c8-b3e9-5b8e0493de45@group-2FABE92B7E5B: changes role from  FOLLOWER to FOLLOWER at term 498 for recognizeCandidate:b88b3e43-5534-49b3-b3f2-a9f154b450de
2019-10-21 23:47:22,926 [grpc-default-executor-0] INFO  impl.RoleInfo (RoleInfo.java:shutdownFollowerState(121)) - c58a0a02-acd3-47c8-b3e9-5b8e0493de45: shutdown FollowerState
2019-10-21 23:47:22,926 [grpc-default-executor-0] INFO  impl.RoleInfo (RoleInfo.java:updateAndGet(143)) - c58a0a02-acd3-47c8-b3e9-5b8e0493de45: start FollowerState
2019-10-21 23:47:22,926 [Thread-3283] INFO  impl.FollowerState (FollowerState.java:run(117)) - c58a0a02-acd3-47c8-b3e9-5b8e0493de45@group-2FABE92B7E5B-FollowerState was interrupted: java.lang.InterruptedException: sleep interrupted
2019-10-21 23:47:22,926 [grpc-default-executor-4] INFO  impl.RaftServerImpl (RaftServerImpl.java:setRole(184)) - 1360619e-ba1e-4bf9-aec1-9f15b5480b27@group-2FABE92B7E5B: changes role from  FOLLOWER to FOLLOWER at term 498 for recognizeCandidate:b88b3e43-5534-49b3-b3f2-a9f154b450de
2019-10-21 23:47:22,926 [grpc-default-executor-4] INFO  impl.RoleInfo (RoleInfo.java:shutdownFollowerState(121)) - 1360619e-ba1e-4bf9-aec1-9f15b5480b27: shutdown FollowerState
2019-10-21 23:47:22,926 [grpc-default-executor-4] INFO  impl.RoleInfo (RoleInfo.java:updateAndGet(143)) - 1360619e-ba1e-4bf9-aec1-9f15b5480b27: start FollowerState
2019-10-21 23:47:22,927 [Thread-3284] INFO  impl.FollowerState (FollowerState.java:run(117)) - 1360619e-ba1e-4bf9-aec1-9f15b5480b27@group-2FABE92B7E5B-FollowerState was interrupted: java.lang.InterruptedException: sleep interrupted
2019-10-21 23:47:22,948 [b88b3e43-5534-49b3-b3f2-a9f154b450de@group-2FABE92B7E5B-LeaderElection464] INFO  impl.LeaderElection (LeaderElection.java:logAndReturn(56)) - b88b3e43-5534-49b3-b3f2-a9f154b450de@group-2FABE92B7E5B-LeaderElection464: Election REJECTED; received 2 response(s) [b88b3e43-5534-49b3-b3f2-a9f154b450de<-c58a0a02-acd3-47c8-b3e9-5b8e0493de45#0:FAIL-t498, b88b3e43-5534-49b3-b3f2-a9f154b450de<-1360619e-ba1e-4bf9-aec1-9f15b5480b27#0:FAIL-t498] and 0 exception(s); b88b3e43-5534-49b3-b3f2-a9f154b450de@group-2FABE92B7E5B:t498, leader=null, voted=b88b3e43-5534-49b3-b3f2-a9f154b450de, raftlog=b88b3e43-5534-49b3-b3f2-a9f154b450de@group-2FABE92B7E5B-SegmentedRaftLog:OPENED:c-1,f-1,i0, conf=-1: [c58a0a02-acd3-47c8-b3e9-5b8e0493de45:192.168.157.254:33611, 1360619e-ba1e-4bf9-aec1-9f15b5480b27:192.168.157.254:45658, b88b3e43-5534-49b3-b3f2-a9f154b450de:192.168.157.254:46786], old=null
2019-10-21 23:47:22,948 [b88b3e43-5534-49b3-b3f2-a9f154b450de@group-2FABE92B7E5B-LeaderElection464] INFO  impl.RaftServerImpl (RaftServerImpl.java:setRole(184)) - b88b3e43-5534-49b3-b3f2-a9f154b450de@group-2FABE92B7E5B: changes role from CANDIDATE to FOLLOWER at term 498 for DISCOVERED_A_NEW_TERM
2019-10-21 23:47:22,948 [b88b3e43-5534-49b3-b3f2-a9f154b450de@group-2FABE92B7E5B-LeaderElection464] INFO  impl.RoleInfo (RoleInfo.java:shutdownLeaderElection(134)) - b88b3e43-5534-49b3-b3f2-a9f154b450de: shutdown LeaderElection
2019-10-21 23:47:22,948 [b88b3e43-5534-49b3-b3f2-a9f154b450de@group-2FABE92B7E5B-LeaderElection464] INFO  impl.RoleInfo (RoleInfo.java:updateAndGet(143)) - b88b3e43-5534-49b3-b3f2-a9f154b450de: start FollowerState
2019-10-21 23:47:23,062 [Thread-3291] INFO  impl.FollowerState (FollowerState.java:run(108)) - b88b3e43-5534-49b3-b3f2-a9f154b450de@group-2FABE92B7E5B-FollowerState: change to CANDIDATE, lastRpcTime:113ms, electionTimeout:113ms
2019-10-21 23:47:23,062 [Thread-3291] INFO  impl.RoleInfo (RoleInfo.java:shutdownFollowerState(121)) - b88b3e43-5534-49b3-b3f2-a9f154b450de: shutdown FollowerState
2019-10-21 23:47:23,062 [Thread-3291] INFO  impl.RaftServerImpl (RaftServerImpl.java:setRole(184)) - b88b3e43-5534-49b3-b3f2-a9f154b450de@group-2FABE92B7E5B: changes role from  FOLLOWER to CANDIDATE at term 498 for changeToCandidate
2019-10-21 23:47:23,062 [Thread-3291] INFO  impl.RoleInfo (RoleInfo.java:updateAndGet(143)) - b88b3e43-5534-49b3-b3f2-a9f154b450de: start LeaderElection
2019-10-21 23:47:23,076 [b88b3e43-5534-49b3-b3f2-a9f154b450de@group-2FABE92B7E5B-LeaderElection465] INFO  impl.LeaderElection (LeaderElection.java:askForVotes(178)) - b88b3e43-5534-49b3-b3f2-a9f154b450de@group-2FABE92B7E5B-LeaderElection465: begin an election at term 499 for -1: [c58a0a02-acd3-47c8-b3e9-5b8e0493de45:192.168.157.254:33611, 1360619e-ba1e-4bf9-aec1-9f15b5480b27:192.168.157.254:45658, b88b3e43-5534-49b3-b3f2-a9f154b450de:192.168.157.254:46786], old=null
2019-10-21 23:47:23,078 [grpc-default-executor-4] INFO  impl.RaftServerImpl (RaftServerImpl.java:setRole(184)) - c58a0a02-acd3-47c8-b3e9-5b8e0493de45@group-2FABE92B7E5B: changes role from  FOLLOWER to FOLLOWER at term 499 for recognizeCandidate:b88b3e43-5534-49b3-b3f2-a9f154b450de
2019-10-21 23:47:23,078 [grpc-default-executor-0] INFO  impl.RaftServerImpl (RaftServerImpl.java:setRole(184)) - 1360619e-ba1e-4bf9-aec1-9f15b5480b27@group-2FABE92B7E5B: changes role from  FOLLOWER to FOLLOWER at term 499 for recognizeCandidate:b88b3e43-5534-49b3-b3f2-a9f154b450de
2019-10-21 23:47:23,078 [grpc-default-executor-0] INFO  impl.RoleInfo (RoleInfo.java:shutdownFollowerState(121)) - 1360619e-ba1e-4bf9-aec1-9f15b5480b27: shutdown FollowerState
2019-10-21 23:47:23,078 [grpc-default-executor-4] INFO  impl.RoleInfo (RoleInfo.java:shutdownFollowerState(121)) - c58a0a02-acd3-47c8-b3e9-5b8e0493de45: shutdown FollowerState
2019-10-21 23:47:23,079 [Thread-3290] INFO  impl.FollowerState (FollowerState.java:run(117)) - 1360619e-ba1e-4bf9-aec1-9f15b5480b27@group-2FABE92B7E5B-FollowerState was interrupted: java.lang.InterruptedException: sleep interrupted
2019-10-21 23:47:23,079 [grpc-default-executor-0] INFO  impl.RoleInfo (RoleInfo.java:updateAndGet(143)) - 1360619e-ba1e-4bf9-aec1-9f15b5480b27: start FollowerState
2019-10-21 23:47:23,079 [grpc-default-executor-4] INFO  impl.RoleInfo (RoleInfo.java:updateAndGet(143)) - c58a0a02-acd3-47c8-b3e9-5b8e0493de45: start FollowerState
2019-10-21 23:47:23,079 [Thread-3289] INFO  impl.FollowerState (FollowerState.java:run(117)) - c58a0a02-acd3-47c8-b3e9-5b8e0493de45@group-2FABE92B7E5B-FollowerState was interrupted: java.lang.InterruptedException: sleep interrupted
2019-10-21 23:47:23,109 [b88b3e43-5534-49b3-b3f2-a9f154b450de@group-2FABE92B7E5B-LeaderElection465] INFO  impl.LeaderElection (LeaderElection.java:logAndReturn(56)) - b88b3e43-5534-49b3-b3f2-a9f154b450de@group-2FABE92B7E5B-LeaderElection465: Election REJECTED; received 2 response(s) [b88b3e43-5534-49b3-b3f2-a9f154b450de<-c58a0a02-acd3-47c8-b3e9-5b8e0493de45#0:FAIL-t499, b88b3e43-5534-49b3-b3f2-a9f154b450de<-1360619e-ba1e-4bf9-aec1-9f15b5480b27#0:FAIL-t499] and 0 exception(s); b88b3e43-5534-49b3-b3f2-a9f154b450de@group-2FABE92B7E5B:t499, leader=null, voted=b88b3e43-5534-49b3-b3f2-a9f154b450de, raftlog=b88b3e43-5534-49b3-b3f2-a9f154b450de@group-2FABE92B7E5B-SegmentedRaftLog:OPENED:c-1,f-1,i0, conf=-1: [c58a0a02-acd3-47c8-b3e9-5b8e0493de45:192.168.157.254:33611, 1360619e-ba1e-4bf9-aec1-9f15b5480b27:192.168.157.254:45658, b88b3e43-5534-49b3-b3f2-a9f154b450de:192.168.157.254:46786], old=null
2019-10-21 23:47:23,109 [b88b3e43-5534-49b3-b3f2-a9f154b450de@group-2FABE92B7E5B-LeaderElection465] INFO  impl.RaftServerImpl (RaftServerImpl.java:setRole(184)) - b88b3e43-5534-49b3-b3f2-a9f154b450de@group-2FABE92B7E5B: changes role from CANDIDATE to FOLLOWER at term 499 for DISCOVERED_A_NEW_TERM
2019-10-21 23:47:23,109 [b88b3e43-5534-49b3-b3f2-a9f154b450de@group-2FABE92B7E5B-LeaderElection465] INFO  impl.RoleInfo (RoleInfo.java:shutdownLeaderElection(134)) - b88b3e43-5534-49b3-b3f2-a9f154b450de: shutdown LeaderElection
2019-10-21 23:47:23,109 [b88b3e43-5534-49b3-b3f2-a9f154b450de@group-2FABE92B7E5B-LeaderElection465] INFO  impl.RoleInfo (RoleInfo.java:updateAndGet(143)) - b88b3e43-5534-49b3-b3f2-a9f154b450de: start FollowerState
2019-10-21 23:47:23,218 [Thread-3297] INFO  impl.FollowerState (FollowerState.java:run(108)) - b88b3e43-5534-49b3-b3f2-a9f154b450de@group-2FABE92B7E5B-FollowerState: change to CANDIDATE, lastRpcTime:108ms, electionTimeout:108ms
2019-10-21 23:47:23,218 [Thread-3297] INFO  impl.RoleInfo (RoleInfo.java:shutdownFollowerState(121)) - b88b3e43-5534-49b3-b3f2-a9f154b450de: shutdown FollowerState
2019-10-21 23:47:23,218 [Thread-3297] INFO  impl.RaftServerImpl (RaftServerImpl.java:setRole(184)) - b88b3e43-5534-49b3-b3f2-a9f154b450de@group-2FABE92B7E5B: changes role from  FOLLOWER to CANDIDATE at term 499 for changeToCandidate
2019-10-21 23:47:23,218 [Thread-3297] INFO  impl.RoleInfo (RoleInfo.java:updateAndGet(143)) - b88b3e43-5534-49b3-b3f2-a9f154b450de: start LeaderElection
2019-10-21 23:47:23,225 [Thread-296] INFO  ipc.Client (Client.java:handleConnectionFailure(948)) - Retrying connect to server: localhost/127.0.0.1:41866. Already tried 1 time(s); retry policy is RetryUpToMaximumCountWithFixedSleep(maxRetries=10, sleepTime=1000 MILLISECONDS)
2019-10-21 23:47:23,228 [b88b3e43-5534-49b3-b3f2-a9f154b450de@group-2FABE92B7E5B-LeaderElection466] INFO  impl.LeaderElection (LeaderElection.java:askForVotes(178)) - b88b3e43-5534-49b3-b3f2-a9f154b450de@group-2FABE92B7E5B-LeaderElection466: begin an election at term 500 for -1: [c58a0a02-acd3-47c8-b3e9-5b8e0493de45:192.168.157.254:33611, 1360619e-ba1e-4bf9-aec1-9f15b5480b27:192.168.157.254:45658, b88b3e43-5534-49b3-b3f2-a9f154b450de:192.168.157.254:46786], old=null
2019-10-21 23:47:23,230 [grpc-default-executor-0] INFO  impl.RaftServerImpl (RaftServerImpl.java:setRole(184)) - c58a0a02-acd3-47c8-b3e9-5b8e0493de45@group-2FABE92B7E5B: changes role from  FOLLOWER to FOLLOWER at term 500 for recognizeCandidate:b88b3e43-5534-49b3-b3f2-a9f154b450de
2019-10-21 23:47:23,230 [grpc-default-executor-0] INFO  impl.RoleInfo (RoleInfo.java:shutdownFollowerState(121)) - c58a0a02-acd3-47c8-b3e9-5b8e0493de45: shutdown FollowerState
2019-10-21 23:47:23,230 [grpc-default-executor-4] INFO  impl.RaftServerImpl (RaftServerImpl.java:setRole(184)) - 1360619e-ba1e-4bf9-aec1-9f15b5480b27@group-2FABE92B7E5B: changes role from  FOLLOWER to FOLLOWER at term 500 for recognizeCandidate:b88b3e43-5534-49b3-b3f2-a9f154b450de
2019-10-21 23:47:23,230 [Thread-3296] INFO  impl.FollowerState (FollowerState.java:run(117)) - c58a0a02-acd3-47c8-b3e9-5b8e0493de45@group-2FABE92B7E5B-FollowerState was interrupted: java.lang.InterruptedException: sleep interrupted
2019-10-21 23:47:23,230 [grpc-default-executor-0] INFO  impl.RoleInfo (RoleInfo.java:updateAndGet(143)) - c58a0a02-acd3-47c8-b3e9-5b8e0493de45: start FollowerState
2019-10-21 23:47:23,230 [grpc-default-executor-4] INFO  impl.RoleInfo (RoleInfo.java:shutdownFollowerState(121)) - 1360619e-ba1e-4bf9-aec1-9f15b5480b27: shutdown FollowerState
2019-10-21 23:47:23,230 [grpc-default-executor-4] INFO  impl.RoleInfo (RoleInfo.java:updateAndGet(143)) - 1360619e-ba1e-4bf9-aec1-9f15b5480b27: start FollowerState
2019-10-21 23:47:23,230 [Thread-3295] INFO  impl.FollowerState (FollowerState.java:run(117)) - 1360619e-ba1e-4bf9-aec1-9f15b5480b27@group-2FABE92B7E5B-FollowerState was interrupted: java.lang.InterruptedException: sleep interrupted
2019-10-21 23:47:23,240 [b88b3e43-5534-49b3-b3f2-a9f154b450de@group-2FABE92B7E5B-LeaderElection466] INFO  impl.LeaderElection (LeaderElection.java:logAndReturn(56)) - b88b3e43-5534-49b3-b3f2-a9f154b450de@group-2FABE92B7E5B-LeaderElection466: Election REJECTED; received 2 response(s) [b88b3e43-5534-49b3-b3f2-a9f154b450de<-c58a0a02-acd3-47c8-b3e9-5b8e0493de45#0:FAIL-t500, b88b3e43-5534-49b3-b3f2-a9f154b450de<-1360619e-ba1e-4bf9-aec1-9f15b5480b27#0:FAIL-t500] and 0 exception(s); b88b3e43-5534-49b3-b3f2-a9f154b450de@group-2FABE92B7E5B:t500, leader=null, voted=b88b3e43-5534-49b3-b3f2-a9f154b450de, raftlog=b88b3e43-5534-49b3-b3f2-a9f154b450de@group-2FABE92B7E5B-SegmentedRaftLog:OPENED:c-1,f-1,i0, conf=-1: [c58a0a02-acd3-47c8-b3e9-5b8e0493de45:192.168.157.254:33611, 1360619e-ba1e-4bf9-aec1-9f15b5480b27:192.168.157.254:45658, b88b3e43-5534-49b3-b3f2-a9f154b450de:192.168.157.254:46786], old=null
2019-10-21 23:47:23,240 [b88b3e43-5534-49b3-b3f2-a9f154b450de@group-2FABE92B7E5B-LeaderElection466] INFO  impl.RaftServerImpl (RaftServerImpl.java:setRole(184)) - b88b3e43-5534-49b3-b3f2-a9f154b450de@group-2FABE92B7E5B: changes role from CANDIDATE to FOLLOWER at term 500 for DISCOVERED_A_NEW_TERM
2019-10-21 23:47:23,240 [b88b3e43-5534-49b3-b3f2-a9f154b450de@group-2FABE92B7E5B-LeaderElection466] INFO  impl.RoleInfo (RoleInfo.java:shutdownLeaderElection(134)) - b88b3e43-5534-49b3-b3f2-a9f154b450de: shutdown LeaderElection
2019-10-21 23:47:23,240 [b88b3e43-5534-49b3-b3f2-a9f154b450de@group-2FABE92B7E5B-LeaderElection466] INFO  impl.RoleInfo (RoleInfo.java:updateAndGet(143)) - b88b3e43-5534-49b3-b3f2-a9f154b450de: start FollowerState
2019-10-21 23:47:23,382 [Thread-3303] INFO  impl.FollowerState (FollowerState.java:run(108)) - b88b3e43-5534-49b3-b3f2-a9f154b450de@group-2FABE92B7E5B-FollowerState: change to CANDIDATE, lastRpcTime:141ms, electionTimeout:141ms
2019-10-21 23:47:23,382 [Thread-3303] INFO  impl.RoleInfo (RoleInfo.java:shutdownFollowerState(121)) - b88b3e43-5534-49b3-b3f2-a9f154b450de: shutdown FollowerState
2019-10-21 23:47:23,382 [Thread-3303] INFO  impl.RaftServerImpl (RaftServerImpl.java:setRole(184)) - b88b3e43-5534-49b3-b3f2-a9f154b450de@group-2FABE92B7E5B: changes role from  FOLLOWER to CANDIDATE at term 500 for changeToCandidate
2019-10-21 23:47:23,382 [Thread-3303] INFO  impl.RoleInfo (RoleInfo.java:updateAndGet(143)) - b88b3e43-5534-49b3-b3f2-a9f154b450de: start LeaderElection
2019-10-21 23:47:23,396 [b88b3e43-5534-49b3-b3f2-a9f154b450de@group-2FABE92B7E5B-LeaderElection467] INFO  impl.LeaderElection (LeaderElection.java:askForVotes(178)) - b88b3e43-5534-49b3-b3f2-a9f154b450de@group-2FABE92B7E5B-LeaderElection467: begin an election at term 501 for -1: [c58a0a02-acd3-47c8-b3e9-5b8e0493de45:192.168.157.254:33611, 1360619e-ba1e-4bf9-aec1-9f15b5480b27:192.168.157.254:45658, b88b3e43-5534-49b3-b3f2-a9f154b450de:192.168.157.254:46786], old=null
2019-10-21 23:47:23,398 [grpc-default-executor-0] INFO  impl.RaftServerImpl (RaftServerImpl.java:setRole(184)) - c58a0a02-acd3-47c8-b3e9-5b8e0493de45@group-2FABE92B7E5B: changes role from  FOLLOWER to FOLLOWER at term 501 for recognizeCandidate:b88b3e43-5534-49b3-b3f2-a9f154b450de
2019-10-21 23:47:23,398 [grpc-default-executor-4] INFO  impl.RaftServerImpl (RaftServerImpl.java:setRole(184)) - 1360619e-ba1e-4bf9-aec1-9f15b5480b27@group-2FABE92B7E5B: changes role from  FOLLOWER to FOLLOWER at term 501 for recognizeCandidate:b88b3e43-5534-49b3-b3f2-a9f154b450de
2019-10-21 23:47:23,398 [grpc-default-executor-0] INFO  impl.RoleInfo (RoleInfo.java:shutdownFollowerState(121)) - c58a0a02-acd3-47c8-b3e9-5b8e0493de45: shutdown FollowerState
2019-10-21 23:47:23,398 [grpc-default-executor-4] INFO  impl.RoleInfo (RoleInfo.java:shutdownFollowerState(121)) - 1360619e-ba1e-4bf9-aec1-9f15b5480b27: shutdown FollowerState
2019-10-21 23:47:23,399 [Thread-3301] INFO  impl.FollowerState (FollowerState.java:run(117)) - c58a0a02-acd3-47c8-b3e9-5b8e0493de45@group-2FABE92B7E5B-FollowerState was interrupted: java.lang.InterruptedException: sleep interrupted
2019-10-21 23:47:23,399 [Thread-3302] INFO  impl.FollowerState (FollowerState.java:run(117)) - 1360619e-ba1e-4bf9-aec1-9f15b5480b27@group-2FABE92B7E5B-FollowerState was interrupted: java.lang.InterruptedException: sleep interrupted
2019-10-21 23:47:23,399 [grpc-default-executor-0] INFO  impl.RoleInfo (RoleInfo.java:updateAndGet(143)) - c58a0a02-acd3-47c8-b3e9-5b8e0493de45: start FollowerState
2019-10-21 23:47:23,399 [grpc-default-executor-4] INFO  impl.RoleInfo (RoleInfo.java:updateAndGet(143)) - 1360619e-ba1e-4bf9-aec1-9f15b5480b27: start FollowerState
2019-10-21 23:47:23,413 [b88b3e43-5534-49b3-b3f2-a9f154b450de@group-2FABE92B7E5B-LeaderElection467] INFO  impl.LeaderElection (LeaderElection.java:logAndReturn(56)) - b88b3e43-5534-49b3-b3f2-a9f154b450de@group-2FABE92B7E5B-LeaderElection467: Election REJECTED; received 2 response(s) [b88b3e43-5534-49b3-b3f2-a9f154b450de<-c58a0a02-acd3-47c8-b3e9-5b8e0493de45#0:FAIL-t501, b88b3e43-5534-49b3-b3f2-a9f154b450de<-1360619e-ba1e-4bf9-aec1-9f15b5480b27#0:FAIL-t501] and 0 exception(s); b88b3e43-5534-49b3-b3f2-a9f154b450de@group-2FABE92B7E5B:t501, leader=null, voted=b88b3e43-5534-49b3-b3f2-a9f154b450de, raftlog=b88b3e43-5534-49b3-b3f2-a9f154b450de@group-2FABE92B7E5B-SegmentedRaftLog:OPENED:c-1,f-1,i0, conf=-1: [c58a0a02-acd3-47c8-b3e9-5b8e0493de45:192.168.157.254:33611, 1360619e-ba1e-4bf9-aec1-9f15b5480b27:192.168.157.254:45658, b88b3e43-5534-49b3-b3f2-a9f154b450de:192.168.157.254:46786], old=null
2019-10-21 23:47:23,413 [b88b3e43-5534-49b3-b3f2-a9f154b450de@group-2FABE92B7E5B-LeaderElection467] INFO  impl.RaftServerImpl (RaftServerImpl.java:setRole(184)) - b88b3e43-5534-49b3-b3f2-a9f154b450de@group-2FABE92B7E5B: changes role from CANDIDATE to FOLLOWER at term 501 for DISCOVERED_A_NEW_TERM
2019-10-21 23:47:23,413 [b88b3e43-5534-49b3-b3f2-a9f154b450de@group-2FABE92B7E5B-LeaderElection467] INFO  impl.RoleInfo (RoleInfo.java:shutdownLeaderElection(134)) - b88b3e43-5534-49b3-b3f2-a9f154b450de: shutdown LeaderElection
2019-10-21 23:47:23,413 [b88b3e43-5534-49b3-b3f2-a9f154b450de@group-2FABE92B7E5B-LeaderElection467] INFO  impl.RoleInfo (RoleInfo.java:updateAndGet(143)) - b88b3e43-5534-49b3-b3f2-a9f154b450de: start FollowerState
2019-10-21 23:47:23,446 [Thread-3309] INFO  impl.FollowerState (FollowerState.java:run(108)) - b88b3e43-5534-49b3-b3f2-a9f154b450de@group-2FABE92B7E5B-FollowerState: change to CANDIDATE, lastRpcTime:32ms, electionTimeout:32ms
2019-10-21 23:47:23,446 [Thread-3309] INFO  impl.RoleInfo (RoleInfo.java:shutdownFollowerState(121)) - b88b3e43-5534-49b3-b3f2-a9f154b450de: shutdown FollowerState
2019-10-21 23:47:23,446 [Thread-3309] INFO  impl.RaftServerImpl (RaftServerImpl.java:setRole(184)) - b88b3e43-5534-49b3-b3f2-a9f154b450de@group-2FABE92B7E5B: changes role from  FOLLOWER to CANDIDATE at term 501 for changeToCandidate
2019-10-21 23:47:23,446 [Thread-3309] INFO  impl.RoleInfo (RoleInfo.java:updateAndGet(143)) - b88b3e43-5534-49b3-b3f2-a9f154b450de: start LeaderElection
2019-10-21 23:47:23,457 [b88b3e43-5534-49b3-b3f2-a9f154b450de@group-2FABE92B7E5B-LeaderElection468] INFO  impl.LeaderElection (LeaderElection.java:askForVotes(178)) - b88b3e43-5534-49b3-b3f2-a9f154b450de@group-2FABE92B7E5B-LeaderElection468: begin an election at term 502 for -1: [c58a0a02-acd3-47c8-b3e9-5b8e0493de45:192.168.157.254:33611, 1360619e-ba1e-4bf9-aec1-9f15b5480b27:192.168.157.254:45658, b88b3e43-5534-49b3-b3f2-a9f154b450de:192.168.157.254:46786], old=null
2019-10-21 23:47:23,460 [grpc-default-executor-0] INFO  impl.RaftServerImpl (RaftServerImpl.java:setRole(184)) - c58a0a02-acd3-47c8-b3e9-5b8e0493de45@group-2FABE92B7E5B: changes role from  FOLLOWER to FOLLOWER at term 502 for recognizeCandidate:b88b3e43-5534-49b3-b3f2-a9f154b450de
2019-10-21 23:47:23,460 [grpc-default-executor-0] INFO  impl.RoleInfo (RoleInfo.java:shutdownFollowerState(121)) - c58a0a02-acd3-47c8-b3e9-5b8e0493de45: shutdown FollowerState
2019-10-21 23:47:23,460 [grpc-default-executor-4] INFO  impl.RaftServerImpl (RaftServerImpl.java:setRole(184)) - 1360619e-ba1e-4bf9-aec1-9f15b5480b27@group-2FABE92B7E5B: changes role from  FOLLOWER to FOLLOWER at term 502 for recognizeCandidate:b88b3e43-5534-49b3-b3f2-a9f154b450de
2019-10-21 23:47:23,460 [Thread-3307] INFO  impl.FollowerState (FollowerState.java:run(117)) - c58a0a02-acd3-47c8-b3e9-5b8e0493de45@group-2FABE92B7E5B-FollowerState was interrupted: java.lang.InterruptedException: sleep interrupted
2019-10-21 23:47:23,460 [grpc-default-executor-0] INFO  impl.RoleInfo (RoleInfo.java:updateAndGet(143)) - c58a0a02-acd3-47c8-b3e9-5b8e0493de45: start FollowerState
2019-10-21 23:47:23,460 [grpc-default-executor-4] INFO  impl.RoleInfo (RoleInfo.java:shutdownFollowerState(121)) - 1360619e-ba1e-4bf9-aec1-9f15b5480b27: shutdown FollowerState
2019-10-21 23:47:23,460 [grpc-default-executor-4] INFO  impl.RoleInfo (RoleInfo.java:updateAndGet(143)) - 1360619e-ba1e-4bf9-aec1-9f15b5480b27: start FollowerState
2019-10-21 23:47:23,460 [Thread-3308] INFO  impl.FollowerState (FollowerState.java:run(117)) - 1360619e-ba1e-4bf9-aec1-9f15b5480b27@group-2FABE92B7E5B-FollowerState was interrupted: java.lang.InterruptedException: sleep interrupted
2019-10-21 23:47:23,465 [b88b3e43-5534-49b3-b3f2-a9f154b450de@group-2FABE92B7E5B-LeaderElection468] INFO  impl.LeaderElection (LeaderElection.java:logAndReturn(56)) - b88b3e43-5534-49b3-b3f2-a9f154b450de@group-2FABE92B7E5B-LeaderElection468: Election REJECTED; received 2 response(s) [b88b3e43-5534-49b3-b3f2-a9f154b450de<-c58a0a02-acd3-47c8-b3e9-5b8e0493de45#0:FAIL-t502, b88b3e43-5534-49b3-b3f2-a9f154b450de<-1360619e-ba1e-4bf9-aec1-9f15b5480b27#0:FAIL-t502] and 0 exception(s); b88b3e43-5534-49b3-b3f2-a9f154b450de@group-2FABE92B7E5B:t502, leader=null, voted=b88b3e43-5534-49b3-b3f2-a9f154b450de, raftlog=b88b3e43-5534-49b3-b3f2-a9f154b450de@group-2FABE92B7E5B-SegmentedRaftLog:OPENED:c-1,f-1,i0, conf=-1: [c58a0a02-acd3-47c8-b3e9-5b8e0493de45:192.168.157.254:33611, 1360619e-ba1e-4bf9-aec1-9f15b5480b27:192.168.157.254:45658, b88b3e43-5534-49b3-b3f2-a9f154b450de:192.168.157.254:46786], old=null
2019-10-21 23:47:23,465 [b88b3e43-5534-49b3-b3f2-a9f154b450de@group-2FABE92B7E5B-LeaderElection468] INFO  impl.RaftServerImpl (RaftServerImpl.java:setRole(184)) - b88b3e43-5534-49b3-b3f2-a9f154b450de@group-2FABE92B7E5B: changes role from CANDIDATE to FOLLOWER at term 502 for DISCOVERED_A_NEW_TERM
2019-10-21 23:47:23,465 [b88b3e43-5534-49b3-b3f2-a9f154b450de@group-2FABE92B7E5B-LeaderElection468] INFO  impl.RoleInfo (RoleInfo.java:shutdownLeaderElection(134)) - b88b3e43-5534-49b3-b3f2-a9f154b450de: shutdown LeaderElection
2019-10-21 23:47:23,465 [b88b3e43-5534-49b3-b3f2-a9f154b450de@group-2FABE92B7E5B-LeaderElection468] INFO  impl.RoleInfo (RoleInfo.java:updateAndGet(143)) - b88b3e43-5534-49b3-b3f2-a9f154b450de: start FollowerState
2019-10-21 23:47:23,554 [Thread-3315] INFO  impl.FollowerState (FollowerState.java:run(108)) - b88b3e43-5534-49b3-b3f2-a9f154b450de@group-2FABE92B7E5B-FollowerState: change to CANDIDATE, lastRpcTime:89ms, electionTimeout:89ms
2019-10-21 23:47:23,555 [Thread-3315] INFO  impl.RoleInfo (RoleInfo.java:shutdownFollowerState(121)) - b88b3e43-5534-49b3-b3f2-a9f154b450de: shutdown FollowerState
2019-10-21 23:47:23,555 [Thread-3315] INFO  impl.RaftServerImpl (RaftServerImpl.java:setRole(184)) - b88b3e43-5534-49b3-b3f2-a9f154b450de@group-2FABE92B7E5B: changes role from  FOLLOWER to CANDIDATE at term 502 for changeToCandidate
2019-10-21 23:47:23,555 [Thread-3315] INFO  impl.RoleInfo (RoleInfo.java:updateAndGet(143)) - b88b3e43-5534-49b3-b3f2-a9f154b450de: start LeaderElection
2019-10-21 23:47:23,568 [b88b3e43-5534-49b3-b3f2-a9f154b450de@group-2FABE92B7E5B-LeaderElection469] INFO  impl.LeaderElection (LeaderElection.java:askForVotes(178)) - b88b3e43-5534-49b3-b3f2-a9f154b450de@group-2FABE92B7E5B-LeaderElection469: begin an election at term 503 for -1: [c58a0a02-acd3-47c8-b3e9-5b8e0493de45:192.168.157.254:33611, 1360619e-ba1e-4bf9-aec1-9f15b5480b27:192.168.157.254:45658, b88b3e43-5534-49b3-b3f2-a9f154b450de:192.168.157.254:46786], old=null
2019-10-21 23:47:23,570 [b88b3e43-5534-49b3-b3f2-a9f154b450de@group-2FABE92B7E5B-LeaderElection469] INFO  impl.LeaderElection (LeaderElection.java:logAndReturn(56)) - b88b3e43-5534-49b3-b3f2-a9f154b450de@group-2FABE92B7E5B-LeaderElection469: Election TIMEOUT; received 0 response(s) [] and 0 exception(s); b88b3e43-5534-49b3-b3f2-a9f154b450de@group-2FABE92B7E5B:t503, leader=null, voted=b88b3e43-5534-49b3-b3f2-a9f154b450de, raftlog=b88b3e43-5534-49b3-b3f2-a9f154b450de@group-2FABE92B7E5B-SegmentedRaftLog:OPENED:c-1,f-1,i0, conf=-1: [c58a0a02-acd3-47c8-b3e9-5b8e0493de45:192.168.157.254:33611, 1360619e-ba1e-4bf9-aec1-9f15b5480b27:192.168.157.254:45658, b88b3e43-5534-49b3-b3f2-a9f154b450de:192.168.157.254:46786], old=null
2019-10-21 23:47:23,570 [grpc-default-executor-4] INFO  impl.RaftServerImpl (RaftServerImpl.java:setRole(184)) - c58a0a02-acd3-47c8-b3e9-5b8e0493de45@group-2FABE92B7E5B: changes role from  FOLLOWER to FOLLOWER at term 503 for recognizeCandidate:b88b3e43-5534-49b3-b3f2-a9f154b450de
2019-10-21 23:47:23,571 [grpc-default-executor-4] INFO  impl.RoleInfo (RoleInfo.java:shutdownFollowerState(121)) - c58a0a02-acd3-47c8-b3e9-5b8e0493de45: shutdown FollowerState
2019-10-21 23:47:23,571 [grpc-default-executor-0] INFO  impl.RaftServerImpl (RaftServerImpl.java:setRole(184)) - 1360619e-ba1e-4bf9-aec1-9f15b5480b27@group-2FABE92B7E5B: changes role from  FOLLOWER to FOLLOWER at term 503 for recognizeCandidate:b88b3e43-5534-49b3-b3f2-a9f154b450de
2019-10-21 23:47:23,571 [Thread-3313] INFO  impl.FollowerState (FollowerState.java:run(117)) - c58a0a02-acd3-47c8-b3e9-5b8e0493de45@group-2FABE92B7E5B-FollowerState was interrupted: java.lang.InterruptedException: sleep interrupted
2019-10-21 23:47:23,571 [grpc-default-executor-4] INFO  impl.RoleInfo (RoleInfo.java:updateAndGet(143)) - c58a0a02-acd3-47c8-b3e9-5b8e0493de45: start FollowerState
2019-10-21 23:47:23,571 [grpc-default-executor-0] INFO  impl.RoleInfo (RoleInfo.java:shutdownFollowerState(121)) - 1360619e-ba1e-4bf9-aec1-9f15b5480b27: shutdown FollowerState
2019-10-21 23:47:23,571 [grpc-default-executor-0] INFO  impl.RoleInfo (RoleInfo.java:updateAndGet(143)) - 1360619e-ba1e-4bf9-aec1-9f15b5480b27: start FollowerState
2019-10-21 23:47:23,571 [Thread-3314] INFO  impl.FollowerState (FollowerState.java:run(117)) - 1360619e-ba1e-4bf9-aec1-9f15b5480b27@group-2FABE92B7E5B-FollowerState was interrupted: java.lang.InterruptedException: sleep interrupted
2019-10-21 23:47:23,573 [b88b3e43-5534-49b3-b3f2-a9f154b450de@group-2FABE92B7E5B-LeaderElection469] INFO  impl.LeaderElection (LeaderElection.java:askForVotes(178)) - b88b3e43-5534-49b3-b3f2-a9f154b450de@group-2FABE92B7E5B-LeaderElection469: begin an election at term 504 for -1: [c58a0a02-acd3-47c8-b3e9-5b8e0493de45:192.168.157.254:33611, 1360619e-ba1e-4bf9-aec1-9f15b5480b27:192.168.157.254:45658, b88b3e43-5534-49b3-b3f2-a9f154b450de:192.168.157.254:46786], old=null
2019-10-21 23:47:23,576 [grpc-default-executor-1] INFO  impl.RaftServerImpl (RaftServerImpl.java:setRole(184)) - 1360619e-ba1e-4bf9-aec1-9f15b5480b27@group-2FABE92B7E5B: changes role from  FOLLOWER to FOLLOWER at term 504 for recognizeCandidate:b88b3e43-5534-49b3-b3f2-a9f154b450de
2019-10-21 23:47:23,576 [grpc-default-executor-2] INFO  impl.RaftServerImpl (RaftServerImpl.java:setRole(184)) - c58a0a02-acd3-47c8-b3e9-5b8e0493de45@group-2FABE92B7E5B: changes role from  FOLLOWER to FOLLOWER at term 504 for recognizeCandidate:b88b3e43-5534-49b3-b3f2-a9f154b450de
2019-10-21 23:47:23,576 [grpc-default-executor-2] INFO  impl.RoleInfo (RoleInfo.java:shutdownFollowerState(121)) - c58a0a02-acd3-47c8-b3e9-5b8e0493de45: shutdown FollowerState
2019-10-21 23:47:23,576 [grpc-default-executor-1] INFO  impl.RoleInfo (RoleInfo.java:shutdownFollowerState(121)) - 1360619e-ba1e-4bf9-aec1-9f15b5480b27: shutdown FollowerState
2019-10-21 23:47:23,576 [Thread-3321] INFO  impl.FollowerState (FollowerState.java:run(117)) - c58a0a02-acd3-47c8-b3e9-5b8e0493de45@group-2FABE92B7E5B-FollowerState was interrupted: java.lang.InterruptedException: sleep interrupted
2019-10-21 23:47:23,577 [Thread-3322] INFO  impl.FollowerState (FollowerState.java:run(117)) - 1360619e-ba1e-4bf9-aec1-9f15b5480b27@group-2FABE92B7E5B-FollowerState was interrupted: java.lang.InterruptedException: sleep interrupted
2019-10-21 23:47:23,576 [grpc-default-executor-2] INFO  impl.RoleInfo (RoleInfo.java:updateAndGet(143)) - c58a0a02-acd3-47c8-b3e9-5b8e0493de45: start FollowerState
2019-10-21 23:47:23,577 [grpc-default-executor-1] INFO  impl.RoleInfo (RoleInfo.java:updateAndGet(143)) - 1360619e-ba1e-4bf9-aec1-9f15b5480b27: start FollowerState
2019-10-21 23:47:23,582 [b88b3e43-5534-49b3-b3f2-a9f154b450de@group-2FABE92B7E5B-LeaderElection469] INFO  impl.LeaderElection (LeaderElection.java:logAndReturn(56)) - b88b3e43-5534-49b3-b3f2-a9f154b450de@group-2FABE92B7E5B-LeaderElection469: Election REJECTED; received 2 response(s) [b88b3e43-5534-49b3-b3f2-a9f154b450de<-c58a0a02-acd3-47c8-b3e9-5b8e0493de45#0:FAIL-t504, b88b3e43-5534-49b3-b3f2-a9f154b450de<-1360619e-ba1e-4bf9-aec1-9f15b5480b27#0:FAIL-t504] and 0 exception(s); b88b3e43-5534-49b3-b3f2-a9f154b450de@group-2FABE92B7E5B:t504, leader=null, voted=b88b3e43-5534-49b3-b3f2-a9f154b450de, raftlog=b88b3e43-5534-49b3-b3f2-a9f154b450de@group-2FABE92B7E5B-SegmentedRaftLog:OPENED:c-1,f-1,i0, conf=-1: [c58a0a02-acd3-47c8-b3e9-5b8e0493de45:192.168.157.254:33611, 1360619e-ba1e-4bf9-aec1-9f15b5480b27:192.168.157.254:45658, b88b3e43-5534-49b3-b3f2-a9f154b450de:192.168.157.254:46786], old=null
2019-10-21 23:47:23,582 [b88b3e43-5534-49b3-b3f2-a9f154b450de@group-2FABE92B7E5B-LeaderElection469] INFO  impl.RaftServerImpl (RaftServerImpl.java:setRole(184)) - b88b3e43-5534-49b3-b3f2-a9f154b450de@group-2FABE92B7E5B: changes role from CANDIDATE to FOLLOWER at term 504 for DISCOVERED_A_NEW_TERM
2019-10-21 23:47:23,582 [b88b3e43-5534-49b3-b3f2-a9f154b450de@group-2FABE92B7E5B-LeaderElection469] INFO  impl.RoleInfo (RoleInfo.java:shutdownLeaderElection(134)) - b88b3e43-5534-49b3-b3f2-a9f154b450de: shutdown LeaderElection
2019-10-21 23:47:23,582 [b88b3e43-5534-49b3-b3f2-a9f154b450de@group-2FABE92B7E5B-LeaderElection469] INFO  impl.RoleInfo (RoleInfo.java:updateAndGet(143)) - b88b3e43-5534-49b3-b3f2-a9f154b450de: start FollowerState
2019-10-21 23:47:23,669 [Thread-3327] INFO  impl.FollowerState (FollowerState.java:run(108)) - b88b3e43-5534-49b3-b3f2-a9f154b450de@group-2FABE92B7E5B-FollowerState: change to CANDIDATE, lastRpcTime:86ms, electionTimeout:86ms
2019-10-21 23:47:23,669 [Thread-3327] INFO  impl.RoleInfo (RoleInfo.java:shutdownFollowerState(121)) - b88b3e43-5534-49b3-b3f2-a9f154b450de: shutdown FollowerState
2019-10-21 23:47:23,669 [Thread-3327] INFO  impl.RaftServerImpl (RaftServerImpl.java:setRole(184)) - b88b3e43-5534-49b3-b3f2-a9f154b450de@group-2FABE92B7E5B: changes role from  FOLLOWER to CANDIDATE at term 504 for changeToCandidate
2019-10-21 23:47:23,669 [Thread-3327] INFO  impl.RoleInfo (RoleInfo.java:updateAndGet(143)) - b88b3e43-5534-49b3-b3f2-a9f154b450de: start LeaderElection
2019-10-21 23:47:23,682 [b88b3e43-5534-49b3-b3f2-a9f154b450de@group-2FABE92B7E5B-LeaderElection470] INFO  impl.LeaderElection (LeaderElection.java:askForVotes(178)) - b88b3e43-5534-49b3-b3f2-a9f154b450de@group-2FABE92B7E5B-LeaderElection470: begin an election at term 505 for -1: [c58a0a02-acd3-47c8-b3e9-5b8e0493de45:192.168.157.254:33611, 1360619e-ba1e-4bf9-aec1-9f15b5480b27:192.168.157.254:45658, b88b3e43-5534-49b3-b3f2-a9f154b450de:192.168.157.254:46786], old=null
2019-10-21 23:47:23,683 [grpc-default-executor-1] INFO  impl.RaftServerImpl (RaftServerImpl.java:setRole(184)) - c58a0a02-acd3-47c8-b3e9-5b8e0493de45@group-2FABE92B7E5B: changes role from  FOLLOWER to FOLLOWER at term 505 for recognizeCandidate:b88b3e43-5534-49b3-b3f2-a9f154b450de
2019-10-21 23:47:23,683 [grpc-default-executor-2] INFO  impl.RaftServerImpl (RaftServerImpl.java:setRole(184)) - 1360619e-ba1e-4bf9-aec1-9f15b5480b27@group-2FABE92B7E5B: changes role from  FOLLOWER to FOLLOWER at term 505 for recognizeCandidate:b88b3e43-5534-49b3-b3f2-a9f154b450de
2019-10-21 23:47:23,684 [grpc-default-executor-2] INFO  impl.RoleInfo (RoleInfo.java:shutdownFollowerState(121)) - 1360619e-ba1e-4bf9-aec1-9f15b5480b27: shutdown FollowerState
2019-10-21 23:47:23,684 [grpc-default-executor-1] INFO  impl.RoleInfo (RoleInfo.java:shutdownFollowerState(121)) - c58a0a02-acd3-47c8-b3e9-5b8e0493de45: shutdown FollowerState
2019-10-21 23:47:23,684 [Thread-3326] INFO  impl.FollowerState (FollowerState.java:run(117)) - 1360619e-ba1e-4bf9-aec1-9f15b5480b27@group-2FABE92B7E5B-FollowerState was interrupted: java.lang.InterruptedException: sleep interrupted
2019-10-21 23:47:23,684 [grpc-default-executor-2] INFO  impl.RoleInfo (RoleInfo.java:updateAndGet(143)) - 1360619e-ba1e-4bf9-aec1-9f15b5480b27: start FollowerState
2019-10-21 23:47:23,684 [Thread-3325] INFO  impl.FollowerState (FollowerState.java:run(117)) - c58a0a02-acd3-47c8-b3e9-5b8e0493de45@group-2FABE92B7E5B-FollowerState was interrupted: java.lang.InterruptedException: sleep interrupted
2019-10-21 23:47:23,684 [grpc-default-executor-1] INFO  impl.RoleInfo (RoleInfo.java:updateAndGet(143)) - c58a0a02-acd3-47c8-b3e9-5b8e0493de45: start FollowerState
2019-10-21 23:47:23,704 [b88b3e43-5534-49b3-b3f2-a9f154b450de@group-2FABE92B7E5B-LeaderElection470] INFO  impl.LeaderElection (LeaderElection.java:logAndReturn(56)) - b88b3e43-5534-49b3-b3f2-a9f154b450de@group-2FABE92B7E5B-LeaderElection470: Election REJECTED; received 2 response(s) [b88b3e43-5534-49b3-b3f2-a9f154b450de<-c58a0a02-acd3-47c8-b3e9-5b8e0493de45#0:FAIL-t505, b88b3e43-5534-49b3-b3f2-a9f154b450de<-1360619e-ba1e-4bf9-aec1-9f15b5480b27#0:FAIL-t505] and 0 exception(s); b88b3e43-5534-49b3-b3f2-a9f154b450de@group-2FABE92B7E5B:t505, leader=null, voted=b88b3e43-5534-49b3-b3f2-a9f154b450de, raftlog=b88b3e43-5534-49b3-b3f2-a9f154b450de@group-2FABE92B7E5B-SegmentedRaftLog:OPENED:c-1,f-1,i0, conf=-1: [c58a0a02-acd3-47c8-b3e9-5b8e0493de45:192.168.157.254:33611, 1360619e-ba1e-4bf9-aec1-9f15b5480b27:192.168.157.254:45658, b88b3e43-5534-49b3-b3f2-a9f154b450de:192.168.157.254:46786], old=null
2019-10-21 23:47:23,704 [b88b3e43-5534-49b3-b3f2-a9f154b450de@group-2FABE92B7E5B-LeaderElection470] INFO  impl.RaftServerImpl (RaftServerImpl.java:setRole(184)) - b88b3e43-5534-49b3-b3f2-a9f154b450de@group-2FABE92B7E5B: changes role from CANDIDATE to FOLLOWER at term 505 for DISCOVERED_A_NEW_TERM
2019-10-21 23:47:23,705 [b88b3e43-5534-49b3-b3f2-a9f154b450de@group-2FABE92B7E5B-LeaderElection470] INFO  impl.RoleInfo (RoleInfo.java:shutdownLeaderElection(134)) - b88b3e43-5534-49b3-b3f2-a9f154b450de: shutdown LeaderElection
2019-10-21 23:47:23,705 [b88b3e43-5534-49b3-b3f2-a9f154b450de@group-2FABE92B7E5B-LeaderElection470] INFO  impl.RoleInfo (RoleInfo.java:updateAndGet(143)) - b88b3e43-5534-49b3-b3f2-a9f154b450de: start FollowerState
2019-10-21 23:47:23,825 [Thread-3333] INFO  impl.FollowerState (FollowerState.java:run(108)) - b88b3e43-5534-49b3-b3f2-a9f154b450de@group-2FABE92B7E5B-FollowerState: change to CANDIDATE, lastRpcTime:120ms, electionTimeout:120ms
2019-10-21 23:47:23,825 [Thread-3333] INFO  impl.RoleInfo (RoleInfo.java:shutdownFollowerState(121)) - b88b3e43-5534-49b3-b3f2-a9f154b450de: shutdown FollowerState
2019-10-21 23:47:23,825 [Thread-3333] INFO  impl.RaftServerImpl (RaftServerImpl.java:setRole(184)) - b88b3e43-5534-49b3-b3f2-a9f154b450de@group-2FABE92B7E5B: changes role from  FOLLOWER to CANDIDATE at term 505 for changeToCandidate
2019-10-21 23:47:23,825 [Thread-3333] INFO  impl.RoleInfo (RoleInfo.java:updateAndGet(143)) - b88b3e43-5534-49b3-b3f2-a9f154b450de: start LeaderElection
2019-10-21 23:47:23,847 [b88b3e43-5534-49b3-b3f2-a9f154b450de@group-2FABE92B7E5B-LeaderElection471] INFO  impl.LeaderElection (LeaderElection.java:askForVotes(178)) - b88b3e43-5534-49b3-b3f2-a9f154b450de@group-2FABE92B7E5B-LeaderElection471: begin an election at term 506 for -1: [c58a0a02-acd3-47c8-b3e9-5b8e0493de45:192.168.157.254:33611, 1360619e-ba1e-4bf9-aec1-9f15b5480b27:192.168.157.254:45658, b88b3e43-5534-49b3-b3f2-a9f154b450de:192.168.157.254:46786], old=null
2019-10-21 23:47:23,849 [grpc-default-executor-2] INFO  impl.RaftServerImpl (RaftServerImpl.java:setRole(184)) - c58a0a02-acd3-47c8-b3e9-5b8e0493de45@group-2FABE92B7E5B: changes role from  FOLLOWER to FOLLOWER at term 506 for recognizeCandidate:b88b3e43-5534-49b3-b3f2-a9f154b450de
2019-10-21 23:47:23,849 [grpc-default-executor-2] INFO  impl.RoleInfo (RoleInfo.java:shutdownFollowerState(121)) - c58a0a02-acd3-47c8-b3e9-5b8e0493de45: shutdown FollowerState
2019-10-21 23:47:23,849 [grpc-default-executor-2] INFO  impl.RoleInfo (RoleInfo.java:updateAndGet(143)) - c58a0a02-acd3-47c8-b3e9-5b8e0493de45: start FollowerState
2019-10-21 23:47:23,849 [grpc-default-executor-1] INFO  impl.RaftServerImpl (RaftServerImpl.java:setRole(184)) - 1360619e-ba1e-4bf9-aec1-9f15b5480b27@group-2FABE92B7E5B: changes role from  FOLLOWER to FOLLOWER at term 506 for recognizeCandidate:b88b3e43-5534-49b3-b3f2-a9f154b450de
2019-10-21 23:47:23,849 [Thread-3332] INFO  impl.FollowerState (FollowerState.java:run(117)) - c58a0a02-acd3-47c8-b3e9-5b8e0493de45@group-2FABE92B7E5B-FollowerState was interrupted: java.lang.InterruptedException: sleep interrupted
2019-10-21 23:47:23,850 [grpc-default-executor-1] INFO  impl.RoleInfo (RoleInfo.java:shutdownFollowerState(121)) - 1360619e-ba1e-4bf9-aec1-9f15b5480b27: shutdown FollowerState
2019-10-21 23:47:23,850 [grpc-default-executor-1] INFO  impl.RoleInfo (RoleInfo.java:updateAndGet(143)) - 1360619e-ba1e-4bf9-aec1-9f15b5480b27: start FollowerState
2019-10-21 23:47:23,850 [Thread-3331] INFO  impl.FollowerState (FollowerState.java:run(117)) - 1360619e-ba1e-4bf9-aec1-9f15b5480b27@group-2FABE92B7E5B-FollowerState was interrupted: java.lang.InterruptedException: sleep interrupted
2019-10-21 23:47:23,864 [b88b3e43-5534-49b3-b3f2-a9f154b450de@group-2FABE92B7E5B-LeaderElection471] INFO  impl.LeaderElection (LeaderElection.java:logAndReturn(56)) - b88b3e43-5534-49b3-b3f2-a9f154b450de@group-2FABE92B7E5B-LeaderElection471: Election REJECTED; received 2 response(s) [b88b3e43-5534-49b3-b3f2-a9f154b450de<-c58a0a02-acd3-47c8-b3e9-5b8e0493de45#0:FAIL-t506, b88b3e43-5534-49b3-b3f2-a9f154b450de<-1360619e-ba1e-4bf9-aec1-9f15b5480b27#0:FAIL-t506] and 0 exception(s); b88b3e43-5534-49b3-b3f2-a9f154b450de@group-2FABE92B7E5B:t506, leader=null, voted=b88b3e43-5534-49b3-b3f2-a9f154b450de, raftlog=b88b3e43-5534-49b3-b3f2-a9f154b450de@group-2FABE92B7E5B-SegmentedRaftLog:OPENED:c-1,f-1,i0, conf=-1: [c58a0a02-acd3-47c8-b3e9-5b8e0493de45:192.168.157.254:33611, 1360619e-ba1e-4bf9-aec1-9f15b5480b27:192.168.157.254:45658, b88b3e43-5534-49b3-b3f2-a9f154b450de:192.168.157.254:46786], old=null
2019-10-21 23:47:23,864 [b88b3e43-5534-49b3-b3f2-a9f154b450de@group-2FABE92B7E5B-LeaderElection471] INFO  impl.RaftServerImpl (RaftServerImpl.java:setRole(184)) - b88b3e43-5534-49b3-b3f2-a9f154b450de@group-2FABE92B7E5B: changes role from CANDIDATE to FOLLOWER at term 506 for DISCOVERED_A_NEW_TERM
2019-10-21 23:47:23,864 [b88b3e43-5534-49b3-b3f2-a9f154b450de@group-2FABE92B7E5B-LeaderElection471] INFO  impl.RoleInfo (RoleInfo.java:shutdownLeaderElection(134)) - b88b3e43-5534-49b3-b3f2-a9f154b450de: shutdown LeaderElection
2019-10-21 23:47:23,864 [b88b3e43-5534-49b3-b3f2-a9f154b450de@group-2FABE92B7E5B-LeaderElection471] INFO  impl.RoleInfo (RoleInfo.java:updateAndGet(143)) - b88b3e43-5534-49b3-b3f2-a9f154b450de: start FollowerState
2019-10-21 23:47:23,937 [Thread-3339] INFO  impl.FollowerState (FollowerState.java:run(108)) - b88b3e43-5534-49b3-b3f2-a9f154b450de@group-2FABE92B7E5B-FollowerState: change to CANDIDATE, lastRpcTime:73ms, electionTimeout:73ms
2019-10-21 23:47:23,937 [Thread-3339] INFO  impl.RoleInfo (RoleInfo.java:shutdownFollowerState(121)) - b88b3e43-5534-49b3-b3f2-a9f154b450de: shutdown FollowerState
2019-10-21 23:47:23,938 [Thread-3339] INFO  impl.RaftServerImpl (RaftServerImpl.java:setRole(184)) - b88b3e43-5534-49b3-b3f2-a9f154b450de@group-2FABE92B7E5B: changes role from  FOLLOWER to CANDIDATE at term 506 for changeToCandidate
2019-10-21 23:47:23,938 [Thread-3339] INFO  impl.RoleInfo (RoleInfo.java:updateAndGet(143)) - b88b3e43-5534-49b3-b3f2-a9f154b450de: start LeaderElection
2019-10-21 23:47:23,963 [b88b3e43-5534-49b3-b3f2-a9f154b450de@group-2FABE92B7E5B-LeaderElection472] INFO  impl.LeaderElection (LeaderElection.java:askForVotes(178)) - b88b3e43-5534-49b3-b3f2-a9f154b450de@group-2FABE92B7E5B-LeaderElection472: begin an election at term 507 for -1: [c58a0a02-acd3-47c8-b3e9-5b8e0493de45:192.168.157.254:33611, 1360619e-ba1e-4bf9-aec1-9f15b5480b27:192.168.157.254:45658, b88b3e43-5534-49b3-b3f2-a9f154b450de:192.168.157.254:46786], old=null
2019-10-21 23:47:23,965 [grpc-default-executor-2] INFO  impl.RaftServerImpl (RaftServerImpl.java:setRole(184)) - c58a0a02-acd3-47c8-b3e9-5b8e0493de45@group-2FABE92B7E5B: changes role from  FOLLOWER to FOLLOWER at term 507 for recognizeCandidate:b88b3e43-5534-49b3-b3f2-a9f154b450de
2019-10-21 23:47:23,965 [grpc-default-executor-2] INFO  impl.RoleInfo (RoleInfo.java:shutdownFollowerState(121)) - c58a0a02-acd3-47c8-b3e9-5b8e0493de45: shutdown FollowerState
2019-10-21 23:47:23,965 [grpc-default-executor-1] INFO  impl.RaftServerImpl (RaftServerImpl.java:setRole(184)) - 1360619e-ba1e-4bf9-aec1-9f15b5480b27@group-2FABE92B7E5B: changes role from  FOLLOWER to FOLLOWER at term 507 for recognizeCandidate:b88b3e43-5534-49b3-b3f2-a9f154b450de
2019-10-21 23:47:23,965 [Thread-3337] INFO  impl.FollowerState (FollowerState.java:run(117)) - c58a0a02-acd3-47c8-b3e9-5b8e0493de45@group-2FABE92B7E5B-FollowerState was interrupted: java.lang.InterruptedException: sleep interrupted
2019-10-21 23:47:23,965 [grpc-default-executor-2] INFO  impl.RoleInfo (RoleInfo.java:updateAndGet(143)) - c58a0a02-acd3-47c8-b3e9-5b8e0493de45: start FollowerState
2019-10-21 23:47:23,965 [grpc-default-executor-1] INFO  impl.RoleInfo (RoleInfo.java:shutdownFollowerState(121)) - 1360619e-ba1e-4bf9-aec1-9f15b5480b27: shutdown FollowerState
2019-10-21 23:47:23,966 [grpc-default-executor-1] INFO  impl.RoleInfo (RoleInfo.java:updateAndGet(143)) - 1360619e-ba1e-4bf9-aec1-9f15b5480b27: start FollowerState
2019-10-21 23:47:23,966 [Thread-3338] INFO  impl.FollowerState (FollowerState.java:run(117)) - 1360619e-ba1e-4bf9-aec1-9f15b5480b27@group-2FABE92B7E5B-FollowerState was interrupted: java.lang.InterruptedException: sleep interrupted
2019-10-21 23:47:23,987 [b88b3e43-5534-49b3-b3f2-a9f154b450de@group-2FABE92B7E5B-LeaderElection472] INFO  impl.LeaderElection (LeaderElection.java:logAndReturn(56)) - b88b3e43-5534-49b3-b3f2-a9f154b450de@group-2FABE92B7E5B-LeaderElection472: Election REJECTED; received 2 response(s) [b88b3e43-5534-49b3-b3f2-a9f154b450de<-c58a0a02-acd3-47c8-b3e9-5b8e0493de45#0:FAIL-t507, b88b3e43-5534-49b3-b3f2-a9f154b450de<-1360619e-ba1e-4bf9-aec1-9f15b5480b27#0:FAIL-t507] and 0 exception(s); b88b3e43-5534-49b3-b3f2-a9f154b450de@group-2FABE92B7E5B:t507, leader=null, voted=b88b3e43-5534-49b3-b3f2-a9f154b450de, raftlog=b88b3e43-5534-49b3-b3f2-a9f154b450de@group-2FABE92B7E5B-SegmentedRaftLog:OPENED:c-1,f-1,i0, conf=-1: [c58a0a02-acd3-47c8-b3e9-5b8e0493de45:192.168.157.254:33611, 1360619e-ba1e-4bf9-aec1-9f15b5480b27:192.168.157.254:45658, b88b3e43-5534-49b3-b3f2-a9f154b450de:192.168.157.254:46786], old=null
2019-10-21 23:47:23,988 [b88b3e43-5534-49b3-b3f2-a9f154b450de@group-2FABE92B7E5B-LeaderElection472] INFO  impl.RaftServerImpl (RaftServerImpl.java:setRole(184)) - b88b3e43-5534-49b3-b3f2-a9f154b450de@group-2FABE92B7E5B: changes role from CANDIDATE to FOLLOWER at term 507 for DISCOVERED_A_NEW_TERM
2019-10-21 23:47:23,988 [b88b3e43-5534-49b3-b3f2-a9f154b450de@group-2FABE92B7E5B-LeaderElection472] INFO  impl.RoleInfo (RoleInfo.java:shutdownLeaderElection(134)) - b88b3e43-5534-49b3-b3f2-a9f154b450de: shutdown LeaderElection
2019-10-21 23:47:23,988 [b88b3e43-5534-49b3-b3f2-a9f154b450de@group-2FABE92B7E5B-LeaderElection472] INFO  impl.RoleInfo (RoleInfo.java:updateAndGet(143)) - b88b3e43-5534-49b3-b3f2-a9f154b450de: start FollowerState
2019-10-21 23:47:24,028 [Thread-3345] INFO  impl.FollowerState (FollowerState.java:run(108)) - b88b3e43-5534-49b3-b3f2-a9f154b450de@group-2FABE92B7E5B-FollowerState: change to CANDIDATE, lastRpcTime:40ms, electionTimeout:40ms
2019-10-21 23:47:24,029 [Thread-3345] INFO  impl.RoleInfo (RoleInfo.java:shutdownFollowerState(121)) - b88b3e43-5534-49b3-b3f2-a9f154b450de: shutdown FollowerState
2019-10-21 23:47:24,029 [Thread-3345] INFO  impl.RaftServerImpl (RaftServerImpl.java:setRole(184)) - b88b3e43-5534-49b3-b3f2-a9f154b450de@group-2FABE92B7E5B: changes role from  FOLLOWER to CANDIDATE at term 507 for changeToCandidate
2019-10-21 23:47:24,029 [Thread-3345] INFO  impl.RoleInfo (RoleInfo.java:updateAndGet(143)) - b88b3e43-5534-49b3-b3f2-a9f154b450de: start LeaderElection
2019-10-21 23:47:24,042 [b88b3e43-5534-49b3-b3f2-a9f154b450de@group-2FABE92B7E5B-LeaderElection473] INFO  impl.LeaderElection (LeaderElection.java:askForVotes(178)) - b88b3e43-5534-49b3-b3f2-a9f154b450de@group-2FABE92B7E5B-LeaderElection473: begin an election at term 508 for -1: [c58a0a02-acd3-47c8-b3e9-5b8e0493de45:192.168.157.254:33611, 1360619e-ba1e-4bf9-aec1-9f15b5480b27:192.168.157.254:45658, b88b3e43-5534-49b3-b3f2-a9f154b450de:192.168.157.254:46786], old=null
2019-10-21 23:47:24,043 [grpc-default-executor-2] INFO  impl.RaftServerImpl (RaftServerImpl.java:setRole(184)) - c58a0a02-acd3-47c8-b3e9-5b8e0493de45@group-2FABE92B7E5B: changes role from  FOLLOWER to FOLLOWER at term 508 for recognizeCandidate:b88b3e43-5534-49b3-b3f2-a9f154b450de
2019-10-21 23:47:24,044 [grpc-default-executor-2] INFO  impl.RoleInfo (RoleInfo.java:shutdownFollowerState(121)) - c58a0a02-acd3-47c8-b3e9-5b8e0493de45: shutdown FollowerState
2019-10-21 23:47:24,044 [grpc-default-executor-2] INFO  impl.RoleInfo (RoleInfo.java:updateAndGet(143)) - c58a0a02-acd3-47c8-b3e9-5b8e0493de45: start FollowerState
2019-10-21 23:47:24,044 [Thread-3343] INFO  impl.FollowerState (FollowerState.java:run(117)) - c58a0a02-acd3-47c8-b3e9-5b8e0493de45@group-2FABE92B7E5B-FollowerState was interrupted: java.lang.InterruptedException: sleep interrupted
2019-10-21 23:47:24,044 [grpc-default-executor-1] INFO  impl.RaftServerImpl (RaftServerImpl.java:setRole(184)) - 1360619e-ba1e-4bf9-aec1-9f15b5480b27@group-2FABE92B7E5B: changes role from  FOLLOWER to FOLLOWER at term 508 for recognizeCandidate:b88b3e43-5534-49b3-b3f2-a9f154b450de
2019-10-21 23:47:24,044 [grpc-default-executor-1] INFO  impl.RoleInfo (RoleInfo.java:shutdownFollowerState(121)) - 1360619e-ba1e-4bf9-aec1-9f15b5480b27: shutdown FollowerState
2019-10-21 23:47:24,044 [grpc-default-executor-1] INFO  impl.RoleInfo (RoleInfo.java:updateAndGet(143)) - 1360619e-ba1e-4bf9-aec1-9f15b5480b27: start FollowerState
2019-10-21 23:47:24,044 [Thread-3344] INFO  impl.FollowerState (FollowerState.java:run(117)) - 1360619e-ba1e-4bf9-aec1-9f15b5480b27@group-2FABE92B7E5B-FollowerState was interrupted: java.lang.InterruptedException: sleep interrupted
2019-10-21 23:47:24,058 [b88b3e43-5534-49b3-b3f2-a9f154b450de@group-2FABE92B7E5B-LeaderElection473] INFO  impl.LeaderElection (LeaderElection.java:logAndReturn(56)) - b88b3e43-5534-49b3-b3f2-a9f154b450de@group-2FABE92B7E5B-LeaderElection473: Election REJECTED; received 2 response(s) [b88b3e43-5534-49b3-b3f2-a9f154b450de<-c58a0a02-acd3-47c8-b3e9-5b8e0493de45#0:FAIL-t508, b88b3e43-5534-49b3-b3f2-a9f154b450de<-1360619e-ba1e-4bf9-aec1-9f15b5480b27#0:FAIL-t508] and 0 exception(s); b88b3e43-5534-49b3-b3f2-a9f154b450de@group-2FABE92B7E5B:t508, leader=null, voted=b88b3e43-5534-49b3-b3f2-a9f154b450de, raftlog=b88b3e43-5534-49b3-b3f2-a9f154b450de@group-2FABE92B7E5B-SegmentedRaftLog:OPENED:c-1,f-1,i0, conf=-1: [c58a0a02-acd3-47c8-b3e9-5b8e0493de45:192.168.157.254:33611, 1360619e-ba1e-4bf9-aec1-9f15b5480b27:192.168.157.254:45658, b88b3e43-5534-49b3-b3f2-a9f154b450de:192.168.157.254:46786], old=null
2019-10-21 23:47:24,059 [b88b3e43-5534-49b3-b3f2-a9f154b450de@group-2FABE92B7E5B-LeaderElection473] INFO  impl.RaftServerImpl (RaftServerImpl.java:setRole(184)) - b88b3e43-5534-49b3-b3f2-a9f154b450de@group-2FABE92B7E5B: changes role from CANDIDATE to FOLLOWER at term 508 for DISCOVERED_A_NEW_TERM
2019-10-21 23:47:24,059 [b88b3e43-5534-49b3-b3f2-a9f154b450de@group-2FABE92B7E5B-LeaderElection473] INFO  impl.RoleInfo (RoleInfo.java:shutdownLeaderElection(134)) - b88b3e43-5534-49b3-b3f2-a9f154b450de: shutdown LeaderElection
2019-10-21 23:47:24,059 [b88b3e43-5534-49b3-b3f2-a9f154b450de@group-2FABE92B7E5B-LeaderElection473] INFO  impl.RoleInfo (RoleInfo.java:updateAndGet(143)) - b88b3e43-5534-49b3-b3f2-a9f154b450de: start FollowerState
2019-10-21 23:47:24,116 [Thread-3351] INFO  impl.FollowerState (FollowerState.java:run(108)) - b88b3e43-5534-49b3-b3f2-a9f154b450de@group-2FABE92B7E5B-FollowerState: change to CANDIDATE, lastRpcTime:57ms, electionTimeout:57ms
2019-10-21 23:47:24,116 [Thread-3351] INFO  impl.RoleInfo (RoleInfo.java:shutdownFollowerState(121)) - b88b3e43-5534-49b3-b3f2-a9f154b450de: shutdown FollowerState
2019-10-21 23:47:24,116 [Thread-3351] INFO  impl.RaftServerImpl (RaftServerImpl.java:setRole(184)) - b88b3e43-5534-49b3-b3f2-a9f154b450de@group-2FABE92B7E5B: changes role from  FOLLOWER to CANDIDATE at term 508 for changeToCandidate
2019-10-21 23:47:24,116 [Thread-3351] INFO  impl.RoleInfo (RoleInfo.java:updateAndGet(143)) - b88b3e43-5534-49b3-b3f2-a9f154b450de: start LeaderElection
2019-10-21 23:47:24,130 [b88b3e43-5534-49b3-b3f2-a9f154b450de@group-2FABE92B7E5B-LeaderElection474] INFO  impl.LeaderElection (LeaderElection.java:askForVotes(178)) - b88b3e43-5534-49b3-b3f2-a9f154b450de@group-2FABE92B7E5B-LeaderElection474: begin an election at term 509 for -1: [c58a0a02-acd3-47c8-b3e9-5b8e0493de45:192.168.157.254:33611, 1360619e-ba1e-4bf9-aec1-9f15b5480b27:192.168.157.254:45658, b88b3e43-5534-49b3-b3f2-a9f154b450de:192.168.157.254:46786], old=null
2019-10-21 23:47:24,132 [grpc-default-executor-1] INFO  impl.RaftServerImpl (RaftServerImpl.java:setRole(184)) - c58a0a02-acd3-47c8-b3e9-5b8e0493de45@group-2FABE92B7E5B: changes role from  FOLLOWER to FOLLOWER at term 509 for recognizeCandidate:b88b3e43-5534-49b3-b3f2-a9f154b450de
2019-10-21 23:47:24,132 [grpc-default-executor-1] INFO  impl.RoleInfo (RoleInfo.java:shutdownFollowerState(121)) - c58a0a02-acd3-47c8-b3e9-5b8e0493de45: shutdown FollowerState
2019-10-21 23:47:24,132 [grpc-default-executor-2] INFO  impl.RaftServerImpl (RaftServerImpl.java:setRole(184)) - 1360619e-ba1e-4bf9-aec1-9f15b5480b27@group-2FABE92B7E5B: changes role from  FOLLOWER to FOLLOWER at term 509 for recognizeCandidate:b88b3e43-5534-49b3-b3f2-a9f154b450de
2019-10-21 23:47:24,132 [grpc-default-executor-2] INFO  impl.RoleInfo (RoleInfo.java:shutdownFollowerState(121)) - 1360619e-ba1e-4bf9-aec1-9f15b5480b27: shutdown FollowerState
2019-10-21 23:47:24,132 [Thread-3349] INFO  impl.FollowerState (FollowerState.java:run(117)) - c58a0a02-acd3-47c8-b3e9-5b8e0493de45@group-2FABE92B7E5B-FollowerState was interrupted: java.lang.InterruptedException: sleep interrupted
2019-10-21 23:47:24,133 [Thread-3350] INFO  impl.FollowerState (FollowerState.java:run(117)) - 1360619e-ba1e-4bf9-aec1-9f15b5480b27@group-2FABE92B7E5B-FollowerState was interrupted: java.lang.InterruptedException: sleep interrupted
2019-10-21 23:47:24,132 [grpc-default-executor-1] INFO  impl.RoleInfo (RoleInfo.java:updateAndGet(143)) - c58a0a02-acd3-47c8-b3e9-5b8e0493de45: start FollowerState
2019-10-21 23:47:24,133 [grpc-default-executor-2] INFO  impl.RoleInfo (RoleInfo.java:updateAndGet(143)) - 1360619e-ba1e-4bf9-aec1-9f15b5480b27: start FollowerState
2019-10-21 23:47:24,148 [b88b3e43-5534-49b3-b3f2-a9f154b450de@group-2FABE92B7E5B-LeaderElection474] INFO  impl.LeaderElection (LeaderElection.java:logAndReturn(56)) - b88b3e43-5534-49b3-b3f2-a9f154b450de@group-2FABE92B7E5B-LeaderElection474: Election REJECTED; received 2 response(s) [b88b3e43-5534-49b3-b3f2-a9f154b450de<-c58a0a02-acd3-47c8-b3e9-5b8e0493de45#0:FAIL-t509, b88b3e43-5534-49b3-b3f2-a9f154b450de<-1360619e-ba1e-4bf9-aec1-9f15b5480b27#0:FAIL-t509] and 0 exception(s); b88b3e43-5534-49b3-b3f2-a9f154b450de@group-2FABE92B7E5B:t509, leader=null, voted=b88b3e43-5534-49b3-b3f2-a9f154b450de, raftlog=b88b3e43-5534-49b3-b3f2-a9f154b450de@group-2FABE92B7E5B-SegmentedRaftLog:OPENED:c-1,f-1,i0, conf=-1: [c58a0a02-acd3-47c8-b3e9-5b8e0493de45:192.168.157.254:33611, 1360619e-ba1e-4bf9-aec1-9f15b5480b27:192.168.157.254:45658, b88b3e43-5534-49b3-b3f2-a9f154b450de:192.168.157.254:46786], old=null
2019-10-21 23:47:24,148 [b88b3e43-5534-49b3-b3f2-a9f154b450de@group-2FABE92B7E5B-LeaderElection474] INFO  impl.RaftServerImpl (RaftServerImpl.java:setRole(184)) - b88b3e43-5534-49b3-b3f2-a9f154b450de@group-2FABE92B7E5B: changes role from CANDIDATE to FOLLOWER at term 509 for DISCOVERED_A_NEW_TERM
2019-10-21 23:47:24,148 [b88b3e43-5534-49b3-b3f2-a9f154b450de@group-2FABE92B7E5B-LeaderElection474] INFO  impl.RoleInfo (RoleInfo.java:shutdownLeaderElection(134)) - b88b3e43-5534-49b3-b3f2-a9f154b450de: shutdown LeaderElection
2019-10-21 23:47:24,148 [b88b3e43-5534-49b3-b3f2-a9f154b450de@group-2FABE92B7E5B-LeaderElection474] INFO  impl.RoleInfo (RoleInfo.java:updateAndGet(143)) - b88b3e43-5534-49b3-b3f2-a9f154b450de: start FollowerState
2019-10-21 23:47:24,226 [Thread-296] INFO  ipc.Client (Client.java:handleConnectionFailure(948)) - Retrying connect to server: localhost/127.0.0.1:41866. Already tried 2 time(s); retry policy is RetryUpToMaximumCountWithFixedSleep(maxRetries=10, sleepTime=1000 MILLISECONDS)
2019-10-21 23:47:24,228 [Thread-3357] INFO  impl.FollowerState (FollowerState.java:run(108)) - b88b3e43-5534-49b3-b3f2-a9f154b450de@group-2FABE92B7E5B-FollowerState: change to CANDIDATE, lastRpcTime:80ms, electionTimeout:80ms
2019-10-21 23:47:24,229 [Thread-3357] INFO  impl.RoleInfo (RoleInfo.java:shutdownFollowerState(121)) - b88b3e43-5534-49b3-b3f2-a9f154b450de: shutdown FollowerState
2019-10-21 23:47:24,229 [Thread-3357] INFO  impl.RaftServerImpl (RaftServerImpl.java:setRole(184)) - b88b3e43-5534-49b3-b3f2-a9f154b450de@group-2FABE92B7E5B: changes role from  FOLLOWER to CANDIDATE at term 509 for changeToCandidate
2019-10-21 23:47:24,229 [Thread-3357] INFO  impl.RoleInfo (RoleInfo.java:updateAndGet(143)) - b88b3e43-5534-49b3-b3f2-a9f154b450de: start LeaderElection
2019-10-21 23:47:24,251 [b88b3e43-5534-49b3-b3f2-a9f154b450de@group-2FABE92B7E5B-LeaderElection475] INFO  impl.LeaderElection (LeaderElection.java:askForVotes(178)) - b88b3e43-5534-49b3-b3f2-a9f154b450de@group-2FABE92B7E5B-LeaderElection475: begin an election at term 510 for -1: [c58a0a02-acd3-47c8-b3e9-5b8e0493de45:192.168.157.254:33611, 1360619e-ba1e-4bf9-aec1-9f15b5480b27:192.168.157.254:45658, b88b3e43-5534-49b3-b3f2-a9f154b450de:192.168.157.254:46786], old=null
2019-10-21 23:47:24,253 [grpc-default-executor-1] INFO  impl.RaftServerImpl (RaftServerImpl.java:setRole(184)) - c58a0a02-acd3-47c8-b3e9-5b8e0493de45@group-2FABE92B7E5B: changes role from  FOLLOWER to FOLLOWER at term 510 for recognizeCandidate:b88b3e43-5534-49b3-b3f2-a9f154b450de
2019-10-21 23:47:24,253 [grpc-default-executor-1] INFO  impl.RoleInfo (RoleInfo.java:shutdownFollowerState(121)) - c58a0a02-acd3-47c8-b3e9-5b8e0493de45: shutdown FollowerState
2019-10-21 23:47:24,253 [grpc-default-executor-1] INFO  impl.RoleInfo (RoleInfo.java:updateAndGet(143)) - c58a0a02-acd3-47c8-b3e9-5b8e0493de45: start FollowerState
2019-10-21 23:47:24,253 [Thread-3355] INFO  impl.FollowerState (FollowerState.java:run(117)) - c58a0a02-acd3-47c8-b3e9-5b8e0493de45@group-2FABE92B7E5B-FollowerState was interrupted: java.lang.InterruptedException: sleep interrupted
2019-10-21 23:47:24,254 [grpc-default-executor-2] INFO  impl.RaftServerImpl (RaftServerImpl.java:setRole(184)) - 1360619e-ba1e-4bf9-aec1-9f15b5480b27@group-2FABE92B7E5B: changes role from  FOLLOWER to FOLLOWER at term 510 for recognizeCandidate:b88b3e43-5534-49b3-b3f2-a9f154b450de
2019-10-21 23:47:24,254 [grpc-default-executor-2] INFO  impl.RoleInfo (RoleInfo.java:shutdownFollowerState(121)) - 1360619e-ba1e-4bf9-aec1-9f15b5480b27: shutdown FollowerState
2019-10-21 23:47:24,254 [grpc-default-executor-2] INFO  impl.RoleInfo (RoleInfo.java:updateAndGet(143)) - 1360619e-ba1e-4bf9-aec1-9f15b5480b27: start FollowerState
2019-10-21 23:47:24,254 [Thread-3356] INFO  impl.FollowerState (FollowerState.java:run(117)) - 1360619e-ba1e-4bf9-aec1-9f15b5480b27@group-2FABE92B7E5B-FollowerState was interrupted: java.lang.InterruptedException: sleep interrupted
2019-10-21 23:47:24,268 [b88b3e43-5534-49b3-b3f2-a9f154b450de@group-2FABE92B7E5B-LeaderElection475] INFO  impl.LeaderElection (LeaderElection.java:logAndReturn(56)) - b88b3e43-5534-49b3-b3f2-a9f154b450de@group-2FABE92B7E5B-LeaderElection475: Election REJECTED; received 2 response(s) [b88b3e43-5534-49b3-b3f2-a9f154b450de<-c58a0a02-acd3-47c8-b3e9-5b8e0493de45#0:FAIL-t510, b88b3e43-5534-49b3-b3f2-a9f154b450de<-1360619e-ba1e-4bf9-aec1-9f15b5480b27#0:FAIL-t510] and 0 exception(s); b88b3e43-5534-49b3-b3f2-a9f154b450de@group-2FABE92B7E5B:t510, leader=null, voted=b88b3e43-5534-49b3-b3f2-a9f154b450de, raftlog=b88b3e43-5534-49b3-b3f2-a9f154b450de@group-2FABE92B7E5B-SegmentedRaftLog:OPENED:c-1,f-1,i0, conf=-1: [c58a0a02-acd3-47c8-b3e9-5b8e0493de45:192.168.157.254:33611, 1360619e-ba1e-4bf9-aec1-9f15b5480b27:192.168.157.254:45658, b88b3e43-5534-49b3-b3f2-a9f154b450de:192.168.157.254:46786], old=null
2019-10-21 23:47:24,268 [b88b3e43-5534-49b3-b3f2-a9f154b450de@group-2FABE92B7E5B-LeaderElection475] INFO  impl.RaftServerImpl (RaftServerImpl.java:setRole(184)) - b88b3e43-5534-49b3-b3f2-a9f154b450de@group-2FABE92B7E5B: changes role from CANDIDATE to FOLLOWER at term 510 for DISCOVERED_A_NEW_TERM
2019-10-21 23:47:24,268 [b88b3e43-5534-49b3-b3f2-a9f154b450de@group-2FABE92B7E5B-LeaderElection475] INFO  impl.RoleInfo (RoleInfo.java:shutdownLeaderElection(134)) - b88b3e43-5534-49b3-b3f2-a9f154b450de: shutdown LeaderElection
2019-10-21 23:47:24,268 [b88b3e43-5534-49b3-b3f2-a9f154b450de@group-2FABE92B7E5B-LeaderElection475] INFO  impl.RoleInfo (RoleInfo.java:updateAndGet(143)) - b88b3e43-5534-49b3-b3f2-a9f154b450de: start FollowerState
2019-10-21 23:47:24,351 [Thread-3363] INFO  impl.FollowerState (FollowerState.java:run(108)) - b88b3e43-5534-49b3-b3f2-a9f154b450de@group-2FABE92B7E5B-FollowerState: change to CANDIDATE, lastRpcTime:83ms, electionTimeout:83ms
2019-10-21 23:47:24,351 [Thread-3363] INFO  impl.RoleInfo (RoleInfo.java:shutdownFollowerState(121)) - b88b3e43-5534-49b3-b3f2-a9f154b450de: shutdown FollowerState
2019-10-21 23:47:24,352 [Thread-3363] INFO  impl.RaftServerImpl (RaftServerImpl.java:setRole(184)) - b88b3e43-5534-49b3-b3f2-a9f154b450de@group-2FABE92B7E5B: changes role from  FOLLOWER to CANDIDATE at term 510 for changeToCandidate
2019-10-21 23:47:24,352 [Thread-3363] INFO  impl.RoleInfo (RoleInfo.java:updateAndGet(143)) - b88b3e43-5534-49b3-b3f2-a9f154b450de: start LeaderElection
2019-10-21 23:47:24,365 [b88b3e43-5534-49b3-b3f2-a9f154b450de@group-2FABE92B7E5B-LeaderElection476] INFO  impl.LeaderElection (LeaderElection.java:askForVotes(178)) - b88b3e43-5534-49b3-b3f2-a9f154b450de@group-2FABE92B7E5B-LeaderElection476: begin an election at term 511 for -1: [c58a0a02-acd3-47c8-b3e9-5b8e0493de45:192.168.157.254:33611, 1360619e-ba1e-4bf9-aec1-9f15b5480b27:192.168.157.254:45658, b88b3e43-5534-49b3-b3f2-a9f154b450de:192.168.157.254:46786], old=null
2019-10-21 23:47:24,366 [grpc-default-executor-2] INFO  impl.RaftServerImpl (RaftServerImpl.java:setRole(184)) - c58a0a02-acd3-47c8-b3e9-5b8e0493de45@group-2FABE92B7E5B: changes role from  FOLLOWER to FOLLOWER at term 511 for recognizeCandidate:b88b3e43-5534-49b3-b3f2-a9f154b450de
2019-10-21 23:47:24,367 [grpc-default-executor-2] INFO  impl.RoleInfo (RoleInfo.java:shutdownFollowerState(121)) - c58a0a02-acd3-47c8-b3e9-5b8e0493de45: shutdown FollowerState
2019-10-21 23:47:24,366 [grpc-default-executor-1] INFO  impl.RaftServerImpl (RaftServerImpl.java:setRole(184)) - 1360619e-ba1e-4bf9-aec1-9f15b5480b27@group-2FABE92B7E5B: changes role from  FOLLOWER to FOLLOWER at term 511 for recognizeCandidate:b88b3e43-5534-49b3-b3f2-a9f154b450de
2019-10-21 23:47:24,367 [grpc-default-executor-1] INFO  impl.RoleInfo (RoleInfo.java:shutdownFollowerState(121)) - 1360619e-ba1e-4bf9-aec1-9f15b5480b27: shutdown FollowerState
2019-10-21 23:47:24,367 [Thread-3361] INFO  impl.FollowerState (FollowerState.java:run(117)) - c58a0a02-acd3-47c8-b3e9-5b8e0493de45@group-2FABE92B7E5B-FollowerState was interrupted: java.lang.InterruptedException: sleep interrupted
2019-10-21 23:47:24,367 [grpc-default-executor-2] INFO  impl.RoleInfo (RoleInfo.java:updateAndGet(143)) - c58a0a02-acd3-47c8-b3e9-5b8e0493de45: start FollowerState
2019-10-21 23:47:24,367 [Thread-3362] INFO  impl.FollowerState (FollowerState.java:run(117)) - 1360619e-ba1e-4bf9-aec1-9f15b5480b27@group-2FABE92B7E5B-FollowerState was interrupted: java.lang.InterruptedException: sleep interrupted
2019-10-21 23:47:24,367 [grpc-default-executor-1] INFO  impl.RoleInfo (RoleInfo.java:updateAndGet(143)) - 1360619e-ba1e-4bf9-aec1-9f15b5480b27: start FollowerState
2019-10-21 23:47:24,381 [b88b3e43-5534-49b3-b3f2-a9f154b450de@group-2FABE92B7E5B-LeaderElection476] INFO  impl.LeaderElection (LeaderElection.java:logAndReturn(56)) - b88b3e43-5534-49b3-b3f2-a9f154b450de@group-2FABE92B7E5B-LeaderElection476: Election REJECTED; received 2 response(s) [b88b3e43-5534-49b3-b3f2-a9f154b450de<-c58a0a02-acd3-47c8-b3e9-5b8e0493de45#0:FAIL-t511, b88b3e43-5534-49b3-b3f2-a9f154b450de<-1360619e-ba1e-4bf9-aec1-9f15b5480b27#0:FAIL-t511] and 0 exception(s); b88b3e43-5534-49b3-b3f2-a9f154b450de@group-2FABE92B7E5B:t511, leader=null, voted=b88b3e43-5534-49b3-b3f2-a9f154b450de, raftlog=b88b3e43-5534-49b3-b3f2-a9f154b450de@group-2FABE92B7E5B-SegmentedRaftLog:OPENED:c-1,f-1,i0, conf=-1: [c58a0a02-acd3-47c8-b3e9-5b8e0493de45:192.168.157.254:33611, 1360619e-ba1e-4bf9-aec1-9f15b5480b27:192.168.157.254:45658, b88b3e43-5534-49b3-b3f2-a9f154b450de:192.168.157.254:46786], old=null
2019-10-21 23:47:24,381 [b88b3e43-5534-49b3-b3f2-a9f154b450de@group-2FABE92B7E5B-LeaderElection476] INFO  impl.RaftServerImpl (RaftServerImpl.java:setRole(184)) - b88b3e43-5534-49b3-b3f2-a9f154b450de@group-2FABE92B7E5B: changes role from CANDIDATE to FOLLOWER at term 511 for DISCOVERED_A_NEW_TERM
2019-10-21 23:47:24,381 [b88b3e43-5534-49b3-b3f2-a9f154b450de@group-2FABE92B7E5B-LeaderElection476] INFO  impl.RoleInfo (RoleInfo.java:shutdownLeaderElection(134)) - b88b3e43-5534-49b3-b3f2-a9f154b450de: shutdown LeaderElection
2019-10-21 23:47:24,382 [b88b3e43-5534-49b3-b3f2-a9f154b450de@group-2FABE92B7E5B-LeaderElection476] INFO  impl.RoleInfo (RoleInfo.java:updateAndGet(143)) - b88b3e43-5534-49b3-b3f2-a9f154b450de: start FollowerState
2019-10-21 23:47:24,474 [Thread-3369] INFO  impl.FollowerState (FollowerState.java:run(108)) - b88b3e43-5534-49b3-b3f2-a9f154b450de@group-2FABE92B7E5B-FollowerState: change to CANDIDATE, lastRpcTime:92ms, electionTimeout:92ms
2019-10-21 23:47:24,474 [Thread-3369] INFO  impl.RoleInfo (RoleInfo.java:shutdownFollowerState(121)) - b88b3e43-5534-49b3-b3f2-a9f154b450de: shutdown FollowerState
2019-10-21 23:47:24,474 [Thread-3369] INFO  impl.RaftServerImpl (RaftServerImpl.java:setRole(184)) - b88b3e43-5534-49b3-b3f2-a9f154b450de@group-2FABE92B7E5B: changes role from  FOLLOWER to CANDIDATE at term 511 for changeToCandidate
2019-10-21 23:47:24,474 [Thread-3369] INFO  impl.RoleInfo (RoleInfo.java:updateAndGet(143)) - b88b3e43-5534-49b3-b3f2-a9f154b450de: start LeaderElection
2019-10-21 23:47:24,499 [b88b3e43-5534-49b3-b3f2-a9f154b450de@group-2FABE92B7E5B-LeaderElection477] INFO  impl.LeaderElection (LeaderElection.java:askForVotes(178)) - b88b3e43-5534-49b3-b3f2-a9f154b450de@group-2FABE92B7E5B-LeaderElection477: begin an election at term 512 for -1: [c58a0a02-acd3-47c8-b3e9-5b8e0493de45:192.168.157.254:33611, 1360619e-ba1e-4bf9-aec1-9f15b5480b27:192.168.157.254:45658, b88b3e43-5534-49b3-b3f2-a9f154b450de:192.168.157.254:46786], old=null
2019-10-21 23:47:24,501 [grpc-default-executor-2] INFO  impl.RaftServerImpl (RaftServerImpl.java:setRole(184)) - c58a0a02-acd3-47c8-b3e9-5b8e0493de45@group-2FABE92B7E5B: changes role from  FOLLOWER to FOLLOWER at term 512 for recognizeCandidate:b88b3e43-5534-49b3-b3f2-a9f154b450de
2019-10-21 23:47:24,501 [grpc-default-executor-2] INFO  impl.RoleInfo (RoleInfo.java:shutdownFollowerState(121)) - c58a0a02-acd3-47c8-b3e9-5b8e0493de45: shutdown FollowerState
2019-10-21 23:47:24,501 [grpc-default-executor-1] INFO  impl.RaftServerImpl (RaftServerImpl.java:setRole(184)) - 1360619e-ba1e-4bf9-aec1-9f15b5480b27@group-2FABE92B7E5B: changes role from  FOLLOWER to FOLLOWER at term 512 for recognizeCandidate:b88b3e43-5534-49b3-b3f2-a9f154b450de
2019-10-21 23:47:24,501 [Thread-3367] INFO  impl.FollowerState (FollowerState.java:run(117)) - c58a0a02-acd3-47c8-b3e9-5b8e0493de45@group-2FABE92B7E5B-FollowerState was interrupted: java.lang.InterruptedException: sleep interrupted
2019-10-21 23:47:24,501 [grpc-default-executor-2] INFO  impl.RoleInfo (RoleInfo.java:updateAndGet(143)) - c58a0a02-acd3-47c8-b3e9-5b8e0493de45: start FollowerState
2019-10-21 23:47:24,502 [grpc-default-executor-1] INFO  impl.RoleInfo (RoleInfo.java:shutdownFollowerState(121)) - 1360619e-ba1e-4bf9-aec1-9f15b5480b27: shutdown FollowerState
2019-10-21 23:47:24,502 [grpc-default-executor-1] INFO  impl.RoleInfo (RoleInfo.java:updateAndGet(143)) - 1360619e-ba1e-4bf9-aec1-9f15b5480b27: start FollowerState
2019-10-21 23:47:24,502 [Thread-3368] INFO  impl.FollowerState (FollowerState.java:run(117)) - 1360619e-ba1e-4bf9-aec1-9f15b5480b27@group-2FABE92B7E5B-FollowerState was interrupted: java.lang.InterruptedException: sleep interrupted
2019-10-21 23:47:24,519 [b88b3e43-5534-49b3-b3f2-a9f154b450de@group-2FABE92B7E5B-LeaderElection477] INFO  impl.LeaderElection (LeaderElection.java:logAndReturn(56)) - b88b3e43-5534-49b3-b3f2-a9f154b450de@group-2FABE92B7E5B-LeaderElection477: Election REJECTED; received 2 response(s) [b88b3e43-5534-49b3-b3f2-a9f154b450de<-c58a0a02-acd3-47c8-b3e9-5b8e0493de45#0:FAIL-t512, b88b3e43-5534-49b3-b3f2-a9f154b450de<-1360619e-ba1e-4bf9-aec1-9f15b5480b27#0:FAIL-t512] and 0 exception(s); b88b3e43-5534-49b3-b3f2-a9f154b450de@group-2FABE92B7E5B:t512, leader=null, voted=b88b3e43-5534-49b3-b3f2-a9f154b450de, raftlog=b88b3e43-5534-49b3-b3f2-a9f154b450de@group-2FABE92B7E5B-SegmentedRaftLog:OPENED:c-1,f-1,i0, conf=-1: [c58a0a02-acd3-47c8-b3e9-5b8e0493de45:192.168.157.254:33611, 1360619e-ba1e-4bf9-aec1-9f15b5480b27:192.168.157.254:45658, b88b3e43-5534-49b3-b3f2-a9f154b450de:192.168.157.254:46786], old=null
2019-10-21 23:47:24,519 [b88b3e43-5534-49b3-b3f2-a9f154b450de@group-2FABE92B7E5B-LeaderElection477] INFO  impl.RaftServerImpl (RaftServerImpl.java:setRole(184)) - b88b3e43-5534-49b3-b3f2-a9f154b450de@group-2FABE92B7E5B: changes role from CANDIDATE to FOLLOWER at term 512 for DISCOVERED_A_NEW_TERM
2019-10-21 23:47:24,519 [b88b3e43-5534-49b3-b3f2-a9f154b450de@group-2FABE92B7E5B-LeaderElection477] INFO  impl.RoleInfo (RoleInfo.java:shutdownLeaderElection(134)) - b88b3e43-5534-49b3-b3f2-a9f154b450de: shutdown LeaderElection
2019-10-21 23:47:24,520 [b88b3e43-5534-49b3-b3f2-a9f154b450de@group-2FABE92B7E5B-LeaderElection477] INFO  impl.RoleInfo (RoleInfo.java:updateAndGet(143)) - b88b3e43-5534-49b3-b3f2-a9f154b450de: start FollowerState
2019-10-21 23:47:24,566 [Thread-3377] INFO  impl.FollowerState (FollowerState.java:run(108)) - b88b3e43-5534-49b3-b3f2-a9f154b450de@group-2FABE92B7E5B-FollowerState: change to CANDIDATE, lastRpcTime:46ms, electionTimeout:46ms
2019-10-21 23:47:24,566 [Thread-3377] INFO  impl.RoleInfo (RoleInfo.java:shutdownFollowerState(121)) - b88b3e43-5534-49b3-b3f2-a9f154b450de: shutdown FollowerState
2019-10-21 23:47:24,566 [Thread-3377] INFO  impl.RaftServerImpl (RaftServerImpl.java:setRole(184)) - b88b3e43-5534-49b3-b3f2-a9f154b450de@group-2FABE92B7E5B: changes role from  FOLLOWER to CANDIDATE at term 512 for changeToCandidate
2019-10-21 23:47:24,566 [Thread-3377] INFO  impl.RoleInfo (RoleInfo.java:updateAndGet(143)) - b88b3e43-5534-49b3-b3f2-a9f154b450de: start LeaderElection
2019-10-21 23:47:24,592 [b88b3e43-5534-49b3-b3f2-a9f154b450de@group-2FABE92B7E5B-LeaderElection478] INFO  impl.LeaderElection (LeaderElection.java:askForVotes(178)) - b88b3e43-5534-49b3-b3f2-a9f154b450de@group-2FABE92B7E5B-LeaderElection478: begin an election at term 513 for -1: [c58a0a02-acd3-47c8-b3e9-5b8e0493de45:192.168.157.254:33611, 1360619e-ba1e-4bf9-aec1-9f15b5480b27:192.168.157.254:45658, b88b3e43-5534-49b3-b3f2-a9f154b450de:192.168.157.254:46786], old=null
2019-10-21 23:47:24,593 [grpc-default-executor-2] INFO  impl.RaftServerImpl (RaftServerImpl.java:setRole(184)) - 1360619e-ba1e-4bf9-aec1-9f15b5480b27@group-2FABE92B7E5B: changes role from  FOLLOWER to FOLLOWER at term 513 for recognizeCandidate:b88b3e43-5534-49b3-b3f2-a9f154b450de
2019-10-21 23:47:24,593 [grpc-default-executor-1] INFO  impl.RaftServerImpl (RaftServerImpl.java:setRole(184)) - c58a0a02-acd3-47c8-b3e9-5b8e0493de45@group-2FABE92B7E5B: changes role from  FOLLOWER to FOLLOWER at term 513 for recognizeCandidate:b88b3e43-5534-49b3-b3f2-a9f154b450de
2019-10-21 23:47:24,594 [grpc-default-executor-1] INFO  impl.RoleInfo (RoleInfo.java:shutdownFollowerState(121)) - c58a0a02-acd3-47c8-b3e9-5b8e0493de45: shutdown FollowerState
2019-10-21 23:47:24,594 [grpc-default-executor-2] INFO  impl.RoleInfo (RoleInfo.java:shutdownFollowerState(121)) - 1360619e-ba1e-4bf9-aec1-9f15b5480b27: shutdown FollowerState
2019-10-21 23:47:24,594 [Thread-3373] INFO  impl.FollowerState (FollowerState.java:run(117)) - c58a0a02-acd3-47c8-b3e9-5b8e0493de45@group-2FABE92B7E5B-FollowerState was interrupted: java.lang.InterruptedException: sleep interrupted
2019-10-21 23:47:24,594 [grpc-default-executor-1] INFO  impl.RoleInfo (RoleInfo.java:updateAndGet(143)) - c58a0a02-acd3-47c8-b3e9-5b8e0493de45: start FollowerState
2019-10-21 23:47:24,594 [Thread-3374] INFO  impl.FollowerState (FollowerState.java:run(117)) - 1360619e-ba1e-4bf9-aec1-9f15b5480b27@group-2FABE92B7E5B-FollowerState was interrupted: java.lang.InterruptedException: sleep interrupted
2019-10-21 23:47:24,594 [grpc-default-executor-2] INFO  impl.RoleInfo (RoleInfo.java:updateAndGet(143)) - 1360619e-ba1e-4bf9-aec1-9f15b5480b27: start FollowerState
2019-10-21 23:47:24,608 [b88b3e43-5534-49b3-b3f2-a9f154b450de@group-2FABE92B7E5B-LeaderElection478] INFO  impl.LeaderElection (LeaderElection.java:logAndReturn(56)) - b88b3e43-5534-49b3-b3f2-a9f154b450de@group-2FABE92B7E5B-LeaderElection478: Election TIMEOUT; received 1 response(s) [b88b3e43-5534-49b3-b3f2-a9f154b450de<-c58a0a02-acd3-47c8-b3e9-5b8e0493de45#0:FAIL-t513] and 0 exception(s); b88b3e43-5534-49b3-b3f2-a9f154b450de@group-2FABE92B7E5B:t513, leader=null, voted=b88b3e43-5534-49b3-b3f2-a9f154b450de, raftlog=b88b3e43-5534-49b3-b3f2-a9f154b450de@group-2FABE92B7E5B-SegmentedRaftLog:OPENED:c-1,f-1,i0, conf=-1: [c58a0a02-acd3-47c8-b3e9-5b8e0493de45:192.168.157.254:33611, 1360619e-ba1e-4bf9-aec1-9f15b5480b27:192.168.157.254:45658, b88b3e43-5534-49b3-b3f2-a9f154b450de:192.168.157.254:46786], old=null
2019-10-21 23:47:24,621 [b88b3e43-5534-49b3-b3f2-a9f154b450de@group-2FABE92B7E5B-LeaderElection478] INFO  impl.LeaderElection (LeaderElection.java:askForVotes(178)) - b88b3e43-5534-49b3-b3f2-a9f154b450de@group-2FABE92B7E5B-LeaderElection478: begin an election at term 514 for -1: [c58a0a02-acd3-47c8-b3e9-5b8e0493de45:192.168.157.254:33611, 1360619e-ba1e-4bf9-aec1-9f15b5480b27:192.168.157.254:45658, b88b3e43-5534-49b3-b3f2-a9f154b450de:192.168.157.254:46786], old=null
2019-10-21 23:47:24,623 [grpc-default-executor-2] INFO  impl.RaftServerImpl (RaftServerImpl.java:setRole(184)) - 1360619e-ba1e-4bf9-aec1-9f15b5480b27@group-2FABE92B7E5B: changes role from  FOLLOWER to FOLLOWER at term 514 for recognizeCandidate:b88b3e43-5534-49b3-b3f2-a9f154b450de
2019-10-21 23:47:24,623 [grpc-default-executor-1] INFO  impl.RaftServerImpl (RaftServerImpl.java:setRole(184)) - c58a0a02-acd3-47c8-b3e9-5b8e0493de45@group-2FABE92B7E5B: changes role from  FOLLOWER to FOLLOWER at term 514 for recognizeCandidate:b88b3e43-5534-49b3-b3f2-a9f154b450de
2019-10-21 23:47:24,623 [grpc-default-executor-1] INFO  impl.RoleInfo (RoleInfo.java:shutdownFollowerState(121)) - c58a0a02-acd3-47c8-b3e9-5b8e0493de45: shutdown FollowerState
2019-10-21 23:47:24,623 [grpc-default-executor-2] INFO  impl.RoleInfo (RoleInfo.java:shutdownFollowerState(121)) - 1360619e-ba1e-4bf9-aec1-9f15b5480b27: shutdown FollowerState
2019-10-21 23:47:24,623 [Thread-3381] INFO  impl.FollowerState (FollowerState.java:run(117)) - c58a0a02-acd3-47c8-b3e9-5b8e0493de45@group-2FABE92B7E5B-FollowerState was interrupted: java.lang.InterruptedException: sleep interrupted
2019-10-21 23:47:24,623 [grpc-default-executor-1] INFO  impl.RoleInfo (RoleInfo.java:updateAndGet(143)) - c58a0a02-acd3-47c8-b3e9-5b8e0493de45: start FollowerState
2019-10-21 23:47:24,623 [Thread-3382] INFO  impl.FollowerState (FollowerState.java:run(117)) - 1360619e-ba1e-4bf9-aec1-9f15b5480b27@group-2FABE92B7E5B-FollowerState was interrupted: java.lang.InterruptedException: sleep interrupted
2019-10-21 23:47:24,623 [grpc-default-executor-2] INFO  impl.RoleInfo (RoleInfo.java:updateAndGet(143)) - 1360619e-ba1e-4bf9-aec1-9f15b5480b27: start FollowerState
2019-10-21 23:47:24,638 [b88b3e43-5534-49b3-b3f2-a9f154b450de@group-2FABE92B7E5B-LeaderElection478] INFO  impl.LeaderElection (LeaderElection.java:logAndReturn(56)) - b88b3e43-5534-49b3-b3f2-a9f154b450de@group-2FABE92B7E5B-LeaderElection478: Election REJECTED; received 2 response(s) [b88b3e43-5534-49b3-b3f2-a9f154b450de<-c58a0a02-acd3-47c8-b3e9-5b8e0493de45#0:FAIL-t514, b88b3e43-5534-49b3-b3f2-a9f154b450de<-1360619e-ba1e-4bf9-aec1-9f15b5480b27#0:FAIL-t514] and 0 exception(s); b88b3e43-5534-49b3-b3f2-a9f154b450de@group-2FABE92B7E5B:t514, leader=null, voted=b88b3e43-5534-49b3-b3f2-a9f154b450de, raftlog=b88b3e43-5534-49b3-b3f2-a9f154b450de@group-2FABE92B7E5B-SegmentedRaftLog:OPENED:c-1,f-1,i0, conf=-1: [c58a0a02-acd3-47c8-b3e9-5b8e0493de45:192.168.157.254:33611, 1360619e-ba1e-4bf9-aec1-9f15b5480b27:192.168.157.254:45658, b88b3e43-5534-49b3-b3f2-a9f154b450de:192.168.157.254:46786], old=null
2019-10-21 23:47:24,638 [b88b3e43-5534-49b3-b3f2-a9f154b450de@group-2FABE92B7E5B-LeaderElection478] INFO  impl.RaftServerImpl (RaftServerImpl.java:setRole(184)) - b88b3e43-5534-49b3-b3f2-a9f154b450de@group-2FABE92B7E5B: changes role from CANDIDATE to FOLLOWER at term 514 for DISCOVERED_A_NEW_TERM
2019-10-21 23:47:24,638 [b88b3e43-5534-49b3-b3f2-a9f154b450de@group-2FABE92B7E5B-LeaderElection478] INFO  impl.RoleInfo (RoleInfo.java:shutdownLeaderElection(134)) - b88b3e43-5534-49b3-b3f2-a9f154b450de: shutdown LeaderElection
2019-10-21 23:47:24,638 [b88b3e43-5534-49b3-b3f2-a9f154b450de@group-2FABE92B7E5B-LeaderElection478] INFO  impl.RoleInfo (RoleInfo.java:updateAndGet(143)) - b88b3e43-5534-49b3-b3f2-a9f154b450de: start FollowerState
2019-10-21 23:47:24,833 [Thread-3387] INFO  impl.FollowerState (FollowerState.java:run(108)) - b88b3e43-5534-49b3-b3f2-a9f154b450de@group-2FABE92B7E5B-FollowerState: change to CANDIDATE, lastRpcTime:194ms, electionTimeout:194ms
2019-10-21 23:47:24,833 [Thread-3387] INFO  impl.RoleInfo (RoleInfo.java:shutdownFollowerState(121)) - b88b3e43-5534-49b3-b3f2-a9f154b450de: shutdown FollowerState
2019-10-21 23:47:24,833 [Thread-3387] INFO  impl.RaftServerImpl (RaftServerImpl.java:setRole(184)) - b88b3e43-5534-49b3-b3f2-a9f154b450de@group-2FABE92B7E5B: changes role from  FOLLOWER to CANDIDATE at term 514 for changeToCandidate
2019-10-21 23:47:24,833 [Thread-3387] INFO  impl.RoleInfo (RoleInfo.java:updateAndGet(143)) - b88b3e43-5534-49b3-b3f2-a9f154b450de: start LeaderElection
2019-10-21 23:47:24,847 [b88b3e43-5534-49b3-b3f2-a9f154b450de@group-2FABE92B7E5B-LeaderElection479] INFO  impl.LeaderElection (LeaderElection.java:askForVotes(178)) - b88b3e43-5534-49b3-b3f2-a9f154b450de@group-2FABE92B7E5B-LeaderElection479: begin an election at term 515 for -1: [c58a0a02-acd3-47c8-b3e9-5b8e0493de45:192.168.157.254:33611, 1360619e-ba1e-4bf9-aec1-9f15b5480b27:192.168.157.254:45658, b88b3e43-5534-49b3-b3f2-a9f154b450de:192.168.157.254:46786], old=null
2019-10-21 23:47:24,849 [grpc-default-executor-2] INFO  impl.RaftServerImpl (RaftServerImpl.java:setRole(184)) - 1360619e-ba1e-4bf9-aec1-9f15b5480b27@group-2FABE92B7E5B: changes role from  FOLLOWER to FOLLOWER at term 515 for recognizeCandidate:b88b3e43-5534-49b3-b3f2-a9f154b450de
2019-10-21 23:47:24,849 [grpc-default-executor-1] INFO  impl.RaftServerImpl (RaftServerImpl.java:setRole(184)) - c58a0a02-acd3-47c8-b3e9-5b8e0493de45@group-2FABE92B7E5B: changes role from  FOLLOWER to FOLLOWER at term 515 for recognizeCandidate:b88b3e43-5534-49b3-b3f2-a9f154b450de
2019-10-21 23:47:24,850 [grpc-default-executor-2] INFO  impl.RoleInfo (RoleInfo.java:shutdownFollowerState(121)) - 1360619e-ba1e-4bf9-aec1-9f15b5480b27: shutdown FollowerState
2019-10-21 23:47:24,850 [grpc-default-executor-1] INFO  impl.RoleInfo (RoleInfo.java:shutdownFollowerState(121)) - c58a0a02-acd3-47c8-b3e9-5b8e0493de45: shutdown FollowerState
2019-10-21 23:47:24,850 [grpc-default-executor-2] INFO  impl.RoleInfo (RoleInfo.java:updateAndGet(143)) - 1360619e-ba1e-4bf9-aec1-9f15b5480b27: start FollowerState
2019-10-21 23:47:24,850 [Thread-3386] INFO  impl.FollowerState (FollowerState.java:run(117)) - 1360619e-ba1e-4bf9-aec1-9f15b5480b27@group-2FABE92B7E5B-FollowerState was interrupted: java.lang.InterruptedException: sleep interrupted
2019-10-21 23:47:24,850 [Thread-3385] INFO  impl.FollowerState (FollowerState.java:run(117)) - c58a0a02-acd3-47c8-b3e9-5b8e0493de45@group-2FABE92B7E5B-FollowerState was interrupted: java.lang.InterruptedException: sleep interrupted
2019-10-21 23:47:24,850 [grpc-default-executor-1] INFO  impl.RoleInfo (RoleInfo.java:updateAndGet(143)) - c58a0a02-acd3-47c8-b3e9-5b8e0493de45: start FollowerState
2019-10-21 23:47:24,865 [b88b3e43-5534-49b3-b3f2-a9f154b450de@group-2FABE92B7E5B-LeaderElection479] INFO  impl.LeaderElection (LeaderElection.java:logAndReturn(56)) - b88b3e43-5534-49b3-b3f2-a9f154b450de@group-2FABE92B7E5B-LeaderElection479: Election REJECTED; received 2 response(s) [b88b3e43-5534-49b3-b3f2-a9f154b450de<-c58a0a02-acd3-47c8-b3e9-5b8e0493de45#0:FAIL-t515, b88b3e43-5534-49b3-b3f2-a9f154b450de<-1360619e-ba1e-4bf9-aec1-9f15b5480b27#0:FAIL-t515] and 0 exception(s); b88b3e43-5534-49b3-b3f2-a9f154b450de@group-2FABE92B7E5B:t515, leader=null, voted=b88b3e43-5534-49b3-b3f2-a9f154b450de, raftlog=b88b3e43-5534-49b3-b3f2-a9f154b450de@group-2FABE92B7E5B-SegmentedRaftLog:OPENED:c-1,f-1,i0, conf=-1: [c58a0a02-acd3-47c8-b3e9-5b8e0493de45:192.168.157.254:33611, 1360619e-ba1e-4bf9-aec1-9f15b5480b27:192.168.157.254:45658, b88b3e43-5534-49b3-b3f2-a9f154b450de:192.168.157.254:46786], old=null
2019-10-21 23:47:24,865 [b88b3e43-5534-49b3-b3f2-a9f154b450de@group-2FABE92B7E5B-LeaderElection479] INFO  impl.RaftServerImpl (RaftServerImpl.java:setRole(184)) - b88b3e43-5534-49b3-b3f2-a9f154b450de@group-2FABE92B7E5B: changes role from CANDIDATE to FOLLOWER at term 515 for DISCOVERED_A_NEW_TERM
2019-10-21 23:47:24,865 [b88b3e43-5534-49b3-b3f2-a9f154b450de@group-2FABE92B7E5B-LeaderElection479] INFO  impl.RoleInfo (RoleInfo.java:shutdownLeaderElection(134)) - b88b3e43-5534-49b3-b3f2-a9f154b450de: shutdown LeaderElection
2019-10-21 23:47:24,865 [b88b3e43-5534-49b3-b3f2-a9f154b450de@group-2FABE92B7E5B-LeaderElection479] INFO  impl.RoleInfo (RoleInfo.java:updateAndGet(143)) - b88b3e43-5534-49b3-b3f2-a9f154b450de: start FollowerState
2019-10-21 23:47:24,877 [Thread-3393] INFO  impl.FollowerState (FollowerState.java:run(108)) - b88b3e43-5534-49b3-b3f2-a9f154b450de@group-2FABE92B7E5B-FollowerState: change to CANDIDATE, lastRpcTime:12ms, electionTimeout:12ms
2019-10-21 23:47:24,878 [Thread-3393] INFO  impl.RoleInfo (RoleInfo.java:shutdownFollowerState(121)) - b88b3e43-5534-49b3-b3f2-a9f154b450de: shutdown FollowerState
2019-10-21 23:47:24,878 [Thread-3393] INFO  impl.RaftServerImpl (RaftServerImpl.java:setRole(184)) - b88b3e43-5534-49b3-b3f2-a9f154b450de@group-2FABE92B7E5B: changes role from  FOLLOWER to CANDIDATE at term 515 for changeToCandidate
2019-10-21 23:47:24,878 [Thread-3393] INFO  impl.RoleInfo (RoleInfo.java:updateAndGet(143)) - b88b3e43-5534-49b3-b3f2-a9f154b450de: start LeaderElection
2019-10-21 23:47:24,891 [b88b3e43-5534-49b3-b3f2-a9f154b450de@group-2FABE92B7E5B-LeaderElection480] INFO  impl.LeaderElection (LeaderElection.java:askForVotes(178)) - b88b3e43-5534-49b3-b3f2-a9f154b450de@group-2FABE92B7E5B-LeaderElection480: begin an election at term 516 for -1: [c58a0a02-acd3-47c8-b3e9-5b8e0493de45:192.168.157.254:33611, 1360619e-ba1e-4bf9-aec1-9f15b5480b27:192.168.157.254:45658, b88b3e43-5534-49b3-b3f2-a9f154b450de:192.168.157.254:46786], old=null
2019-10-21 23:47:24,892 [grpc-default-executor-2] INFO  impl.RaftServerImpl (RaftServerImpl.java:setRole(184)) - 1360619e-ba1e-4bf9-aec1-9f15b5480b27@group-2FABE92B7E5B: changes role from  FOLLOWER to FOLLOWER at term 516 for recognizeCandidate:b88b3e43-5534-49b3-b3f2-a9f154b450de
2019-10-21 23:47:24,892 [grpc-default-executor-1] INFO  impl.RaftServerImpl (RaftServerImpl.java:setRole(184)) - c58a0a02-acd3-47c8-b3e9-5b8e0493de45@group-2FABE92B7E5B: changes role from  FOLLOWER to FOLLOWER at term 516 for recognizeCandidate:b88b3e43-5534-49b3-b3f2-a9f154b450de
2019-10-21 23:47:24,893 [grpc-default-executor-1] INFO  impl.RoleInfo (RoleInfo.java:shutdownFollowerState(121)) - c58a0a02-acd3-47c8-b3e9-5b8e0493de45: shutdown FollowerState
2019-10-21 23:47:24,893 [grpc-default-executor-2] INFO  impl.RoleInfo (RoleInfo.java:shutdownFollowerState(121)) - 1360619e-ba1e-4bf9-aec1-9f15b5480b27: shutdown FollowerState
2019-10-21 23:47:24,893 [Thread-3392] INFO  impl.FollowerState (FollowerState.java:run(117)) - c58a0a02-acd3-47c8-b3e9-5b8e0493de45@group-2FABE92B7E5B-FollowerState was interrupted: java.lang.InterruptedException: sleep interrupted
2019-10-21 23:47:24,893 [grpc-default-executor-1] INFO  impl.RoleInfo (RoleInfo.java:updateAndGet(143)) - c58a0a02-acd3-47c8-b3e9-5b8e0493de45: start FollowerState
2019-10-21 23:47:24,893 [Thread-3391] INFO  impl.FollowerState (FollowerState.java:run(117)) - 1360619e-ba1e-4bf9-aec1-9f15b5480b27@group-2FABE92B7E5B-FollowerState was interrupted: java.lang.InterruptedException: sleep interrupted
2019-10-21 23:47:24,893 [grpc-default-executor-2] INFO  impl.RoleInfo (RoleInfo.java:updateAndGet(143)) - 1360619e-ba1e-4bf9-aec1-9f15b5480b27: start FollowerState
2019-10-21 23:47:24,907 [b88b3e43-5534-49b3-b3f2-a9f154b450de@group-2FABE92B7E5B-LeaderElection480] INFO  impl.LeaderElection (LeaderElection.java:logAndReturn(56)) - b88b3e43-5534-49b3-b3f2-a9f154b450de@group-2FABE92B7E5B-LeaderElection480: Election REJECTED; received 2 response(s) [b88b3e43-5534-49b3-b3f2-a9f154b450de<-c58a0a02-acd3-47c8-b3e9-5b8e0493de45#0:FAIL-t516, b88b3e43-5534-49b3-b3f2-a9f154b450de<-1360619e-ba1e-4bf9-aec1-9f15b5480b27#0:FAIL-t516] and 0 exception(s); b88b3e43-5534-49b3-b3f2-a9f154b450de@group-2FABE92B7E5B:t516, leader=null, voted=b88b3e43-5534-49b3-b3f2-a9f154b450de, raftlog=b88b3e43-5534-49b3-b3f2-a9f154b450de@group-2FABE92B7E5B-SegmentedRaftLog:OPENED:c-1,f-1,i0, conf=-1: [c58a0a02-acd3-47c8-b3e9-5b8e0493de45:192.168.157.254:33611, 1360619e-ba1e-4bf9-aec1-9f15b5480b27:192.168.157.254:45658, b88b3e43-5534-49b3-b3f2-a9f154b450de:192.168.157.254:46786], old=null
2019-10-21 23:47:24,907 [b88b3e43-5534-49b3-b3f2-a9f154b450de@group-2FABE92B7E5B-LeaderElection480] INFO  impl.RaftServerImpl (RaftServerImpl.java:setRole(184)) - b88b3e43-5534-49b3-b3f2-a9f154b450de@group-2FABE92B7E5B: changes role from CANDIDATE to FOLLOWER at term 516 for DISCOVERED_A_NEW_TERM
2019-10-21 23:47:24,907 [b88b3e43-5534-49b3-b3f2-a9f154b450de@group-2FABE92B7E5B-LeaderElection480] INFO  impl.RoleInfo (RoleInfo.java:shutdownLeaderElection(134)) - b88b3e43-5534-49b3-b3f2-a9f154b450de: shutdown LeaderElection
2019-10-21 23:47:24,907 [b88b3e43-5534-49b3-b3f2-a9f154b450de@group-2FABE92B7E5B-LeaderElection480] INFO  impl.RoleInfo (RoleInfo.java:updateAndGet(143)) - b88b3e43-5534-49b3-b3f2-a9f154b450de: start FollowerState
2019-10-21 23:47:25,041 [Thread-3399] INFO  impl.FollowerState (FollowerState.java:run(108)) - b88b3e43-5534-49b3-b3f2-a9f154b450de@group-2FABE92B7E5B-FollowerState: change to CANDIDATE, lastRpcTime:133ms, electionTimeout:133ms
2019-10-21 23:47:25,041 [Thread-3399] INFO  impl.RoleInfo (RoleInfo.java:shutdownFollowerState(121)) - b88b3e43-5534-49b3-b3f2-a9f154b450de: shutdown FollowerState
2019-10-21 23:47:25,041 [Thread-3399] INFO  impl.RaftServerImpl (RaftServerImpl.java:setRole(184)) - b88b3e43-5534-49b3-b3f2-a9f154b450de@group-2FABE92B7E5B: changes role from  FOLLOWER to CANDIDATE at term 516 for changeToCandidate
2019-10-21 23:47:25,041 [Thread-3399] INFO  impl.RoleInfo (RoleInfo.java:updateAndGet(143)) - b88b3e43-5534-49b3-b3f2-a9f154b450de: start LeaderElection
2019-10-21 23:47:25,055 [b88b3e43-5534-49b3-b3f2-a9f154b450de@group-2FABE92B7E5B-LeaderElection481] INFO  impl.LeaderElection (LeaderElection.java:askForVotes(178)) - b88b3e43-5534-49b3-b3f2-a9f154b450de@group-2FABE92B7E5B-LeaderElection481: begin an election at term 517 for -1: [c58a0a02-acd3-47c8-b3e9-5b8e0493de45:192.168.157.254:33611, 1360619e-ba1e-4bf9-aec1-9f15b5480b27:192.168.157.254:45658, b88b3e43-5534-49b3-b3f2-a9f154b450de:192.168.157.254:46786], old=null
2019-10-21 23:47:25,056 [grpc-default-executor-1] INFO  impl.RaftServerImpl (RaftServerImpl.java:setRole(184)) - 1360619e-ba1e-4bf9-aec1-9f15b5480b27@group-2FABE92B7E5B: changes role from  FOLLOWER to FOLLOWER at term 517 for recognizeCandidate:b88b3e43-5534-49b3-b3f2-a9f154b450de
2019-10-21 23:47:25,057 [grpc-default-executor-1] INFO  impl.RoleInfo (RoleInfo.java:shutdownFollowerState(121)) - 1360619e-ba1e-4bf9-aec1-9f15b5480b27: shutdown FollowerState
2019-10-21 23:47:25,056 [grpc-default-executor-2] INFO  impl.RaftServerImpl (RaftServerImpl.java:setRole(184)) - c58a0a02-acd3-47c8-b3e9-5b8e0493de45@group-2FABE92B7E5B: changes role from  FOLLOWER to FOLLOWER at term 517 for recognizeCandidate:b88b3e43-5534-49b3-b3f2-a9f154b450de
2019-10-21 23:47:25,057 [grpc-default-executor-2] INFO  impl.RoleInfo (RoleInfo.java:shutdownFollowerState(121)) - c58a0a02-acd3-47c8-b3e9-5b8e0493de45: shutdown FollowerState
2019-10-21 23:47:25,057 [Thread-3398] INFO  impl.FollowerState (FollowerState.java:run(117)) - 1360619e-ba1e-4bf9-aec1-9f15b5480b27@group-2FABE92B7E5B-FollowerState was interrupted: java.lang.InterruptedException: sleep interrupted
2019-10-21 23:47:25,057 [grpc-default-executor-1] INFO  impl.RoleInfo (RoleInfo.java:updateAndGet(143)) - 1360619e-ba1e-4bf9-aec1-9f15b5480b27: start FollowerState
2019-10-21 23:47:25,057 [Thread-3397] INFO  impl.FollowerState (FollowerState.java:run(117)) - c58a0a02-acd3-47c8-b3e9-5b8e0493de45@group-2FABE92B7E5B-FollowerState was interrupted: java.lang.InterruptedException: sleep interrupted
2019-10-21 23:47:25,057 [grpc-default-executor-2] INFO  impl.RoleInfo (RoleInfo.java:updateAndGet(143)) - c58a0a02-acd3-47c8-b3e9-5b8e0493de45: start FollowerState
2019-10-21 23:47:25,072 [b88b3e43-5534-49b3-b3f2-a9f154b450de@group-2FABE92B7E5B-LeaderElection481] INFO  impl.LeaderElection (LeaderElection.java:logAndReturn(56)) - b88b3e43-5534-49b3-b3f2-a9f154b450de@group-2FABE92B7E5B-LeaderElection481: Election REJECTED; received 2 response(s) [b88b3e43-5534-49b3-b3f2-a9f154b450de<-c58a0a02-acd3-47c8-b3e9-5b8e0493de45#0:FAIL-t517, b88b3e43-5534-49b3-b3f2-a9f154b450de<-1360619e-ba1e-4bf9-aec1-9f15b5480b27#0:FAIL-t517] and 0 exception(s); b88b3e43-5534-49b3-b3f2-a9f154b450de@group-2FABE92B7E5B:t517, leader=null, voted=b88b3e43-5534-49b3-b3f2-a9f154b450de, raftlog=b88b3e43-5534-49b3-b3f2-a9f154b450de@group-2FABE92B7E5B-SegmentedRaftLog:OPENED:c-1,f-1,i0, conf=-1: [c58a0a02-acd3-47c8-b3e9-5b8e0493de45:192.168.157.254:33611, 1360619e-ba1e-4bf9-aec1-9f15b5480b27:192.168.157.254:45658, b88b3e43-5534-49b3-b3f2-a9f154b450de:192.168.157.254:46786], old=null
2019-10-21 23:47:25,073 [b88b3e43-5534-49b3-b3f2-a9f154b450de@group-2FABE92B7E5B-LeaderElection481] INFO  impl.RaftServerImpl (RaftServerImpl.java:setRole(184)) - b88b3e43-5534-49b3-b3f2-a9f154b450de@group-2FABE92B7E5B: changes role from CANDIDATE to FOLLOWER at term 517 for DISCOVERED_A_NEW_TERM
2019-10-21 23:47:25,073 [b88b3e43-5534-49b3-b3f2-a9f154b450de@group-2FABE92B7E5B-LeaderElection481] INFO  impl.RoleInfo (RoleInfo.java:shutdownLeaderElection(134)) - b88b3e43-5534-49b3-b3f2-a9f154b450de: shutdown LeaderElection
2019-10-21 23:47:25,073 [b88b3e43-5534-49b3-b3f2-a9f154b450de@group-2FABE92B7E5B-LeaderElection481] INFO  impl.RoleInfo (RoleInfo.java:updateAndGet(143)) - b88b3e43-5534-49b3-b3f2-a9f154b450de: start FollowerState
2019-10-21 23:47:25,085 [Thread-3405] INFO  impl.FollowerState (FollowerState.java:run(108)) - b88b3e43-5534-49b3-b3f2-a9f154b450de@group-2FABE92B7E5B-FollowerState: change to CANDIDATE, lastRpcTime:12ms, electionTimeout:12ms
2019-10-21 23:47:25,085 [Thread-3405] INFO  impl.RoleInfo (RoleInfo.java:shutdownFollowerState(121)) - b88b3e43-5534-49b3-b3f2-a9f154b450de: shutdown FollowerState
2019-10-21 23:47:25,085 [Thread-3405] INFO  impl.RaftServerImpl (RaftServerImpl.java:setRole(184)) - b88b3e43-5534-49b3-b3f2-a9f154b450de@group-2FABE92B7E5B: changes role from  FOLLOWER to CANDIDATE at term 517 for changeToCandidate
2019-10-21 23:47:25,085 [Thread-3405] INFO  impl.RoleInfo (RoleInfo.java:updateAndGet(143)) - b88b3e43-5534-49b3-b3f2-a9f154b450de: start LeaderElection
2019-10-21 23:47:25,110 [b88b3e43-5534-49b3-b3f2-a9f154b450de@group-2FABE92B7E5B-LeaderElection482] INFO  impl.LeaderElection (LeaderElection.java:askForVotes(178)) - b88b3e43-5534-49b3-b3f2-a9f154b450de@group-2FABE92B7E5B-LeaderElection482: begin an election at term 518 for -1: [c58a0a02-acd3-47c8-b3e9-5b8e0493de45:192.168.157.254:33611, 1360619e-ba1e-4bf9-aec1-9f15b5480b27:192.168.157.254:45658, b88b3e43-5534-49b3-b3f2-a9f154b450de:192.168.157.254:46786], old=null
2019-10-21 23:47:25,112 [grpc-default-executor-2] INFO  impl.RaftServerImpl (RaftServerImpl.java:setRole(184)) - 1360619e-ba1e-4bf9-aec1-9f15b5480b27@group-2FABE92B7E5B: changes role from  FOLLOWER to FOLLOWER at term 518 for recognizeCandidate:b88b3e43-5534-49b3-b3f2-a9f154b450de
2019-10-21 23:47:25,112 [grpc-default-executor-1] INFO  impl.RaftServerImpl (RaftServerImpl.java:setRole(184)) - c58a0a02-acd3-47c8-b3e9-5b8e0493de45@group-2FABE92B7E5B: changes role from  FOLLOWER to FOLLOWER at term 518 for recognizeCandidate:b88b3e43-5534-49b3-b3f2-a9f154b450de
2019-10-21 23:47:25,112 [grpc-default-executor-2] INFO  impl.RoleInfo (RoleInfo.java:shutdownFollowerState(121)) - 1360619e-ba1e-4bf9-aec1-9f15b5480b27: shutdown FollowerState
2019-10-21 23:47:25,112 [grpc-default-executor-1] INFO  impl.RoleInfo (RoleInfo.java:shutdownFollowerState(121)) - c58a0a02-acd3-47c8-b3e9-5b8e0493de45: shutdown FollowerState
2019-10-21 23:47:25,112 [grpc-default-executor-2] INFO  impl.RoleInfo (RoleInfo.java:updateAndGet(143)) - 1360619e-ba1e-4bf9-aec1-9f15b5480b27: start FollowerState
2019-10-21 23:47:25,112 [Thread-3403] INFO  impl.FollowerState (FollowerState.java:run(117)) - 1360619e-ba1e-4bf9-aec1-9f15b5480b27@group-2FABE92B7E5B-FollowerState was interrupted: java.lang.InterruptedException: sleep interrupted
2019-10-21 23:47:25,112 [Thread-3404] INFO  impl.FollowerState (FollowerState.java:run(117)) - c58a0a02-acd3-47c8-b3e9-5b8e0493de45@group-2FABE92B7E5B-FollowerState was interrupted: java.lang.InterruptedException: sleep interrupted
2019-10-21 23:47:25,112 [grpc-default-executor-1] INFO  impl.RoleInfo (RoleInfo.java:updateAndGet(143)) - c58a0a02-acd3-47c8-b3e9-5b8e0493de45: start FollowerState
2019-10-21 23:47:25,127 [b88b3e43-5534-49b3-b3f2-a9f154b450de@group-2FABE92B7E5B-LeaderElection482] INFO  impl.LeaderElection (LeaderElection.java:logAndReturn(56)) - b88b3e43-5534-49b3-b3f2-a9f154b450de@group-2FABE92B7E5B-LeaderElection482: Election REJECTED; received 2 response(s) [b88b3e43-5534-49b3-b3f2-a9f154b450de<-c58a0a02-acd3-47c8-b3e9-5b8e0493de45#0:FAIL-t518, b88b3e43-5534-49b3-b3f2-a9f154b450de<-1360619e-ba1e-4bf9-aec1-9f15b5480b27#0:FAIL-t518] and 0 exception(s); b88b3e43-5534-49b3-b3f2-a9f154b450de@group-2FABE92B7E5B:t518, leader=null, voted=b88b3e43-5534-49b3-b3f2-a9f154b450de, raftlog=b88b3e43-5534-49b3-b3f2-a9f154b450de@group-2FABE92B7E5B-SegmentedRaftLog:OPENED:c-1,f-1,i0, conf=-1: [c58a0a02-acd3-47c8-b3e9-5b8e0493de45:192.168.157.254:33611, 1360619e-ba1e-4bf9-aec1-9f15b5480b27:192.168.157.254:45658, b88b3e43-5534-49b3-b3f2-a9f154b450de:192.168.157.254:46786], old=null
2019-10-21 23:47:25,128 [b88b3e43-5534-49b3-b3f2-a9f154b450de@group-2FABE92B7E5B-LeaderElection482] INFO  impl.RaftServerImpl (RaftServerImpl.java:setRole(184)) - b88b3e43-5534-49b3-b3f2-a9f154b450de@group-2FABE92B7E5B: changes role from CANDIDATE to FOLLOWER at term 518 for DISCOVERED_A_NEW_TERM
2019-10-21 23:47:25,128 [b88b3e43-5534-49b3-b3f2-a9f154b450de@group-2FABE92B7E5B-LeaderElection482] INFO  impl.RoleInfo (RoleInfo.java:shutdownLeaderElection(134)) - b88b3e43-5534-49b3-b3f2-a9f154b450de: shutdown LeaderElection
2019-10-21 23:47:25,128 [b88b3e43-5534-49b3-b3f2-a9f154b450de@group-2FABE92B7E5B-LeaderElection482] INFO  impl.RoleInfo (RoleInfo.java:updateAndGet(143)) - b88b3e43-5534-49b3-b3f2-a9f154b450de: start FollowerState
2019-10-21 23:47:25,212 [Thread-3411] INFO  impl.FollowerState (FollowerState.java:run(108)) - b88b3e43-5534-49b3-b3f2-a9f154b450de@group-2FABE92B7E5B-FollowerState: change to CANDIDATE, lastRpcTime:84ms, electionTimeout:84ms
2019-10-21 23:47:25,213 [Thread-3411] INFO  impl.RoleInfo (RoleInfo.java:shutdownFollowerState(121)) - b88b3e43-5534-49b3-b3f2-a9f154b450de: shutdown FollowerState
2019-10-21 23:47:25,213 [Thread-3411] INFO  impl.RaftServerImpl (RaftServerImpl.java:setRole(184)) - b88b3e43-5534-49b3-b3f2-a9f154b450de@group-2FABE92B7E5B: changes role from  FOLLOWER to CANDIDATE at term 518 for changeToCandidate
2019-10-21 23:47:25,213 [Thread-3411] INFO  impl.RoleInfo (RoleInfo.java:updateAndGet(143)) - b88b3e43-5534-49b3-b3f2-a9f154b450de: start LeaderElection
2019-10-21 23:47:25,226 [b88b3e43-5534-49b3-b3f2-a9f154b450de@group-2FABE92B7E5B-LeaderElection483] INFO  impl.LeaderElection (LeaderElection.java:askForVotes(178)) - b88b3e43-5534-49b3-b3f2-a9f154b450de@group-2FABE92B7E5B-LeaderElection483: begin an election at term 519 for -1: [c58a0a02-acd3-47c8-b3e9-5b8e0493de45:192.168.157.254:33611, 1360619e-ba1e-4bf9-aec1-9f15b5480b27:192.168.157.254:45658, b88b3e43-5534-49b3-b3f2-a9f154b450de:192.168.157.254:46786], old=null
2019-10-21 23:47:25,226 [Thread-296] INFO  ipc.Client (Client.java:handleConnectionFailure(948)) - Retrying connect to server: localhost/127.0.0.1:41866. Already tried 3 time(s); retry policy is RetryUpToMaximumCountWithFixedSleep(maxRetries=10, sleepTime=1000 MILLISECONDS)
2019-10-21 23:47:25,228 [grpc-default-executor-1] INFO  impl.RaftServerImpl (RaftServerImpl.java:setRole(184)) - c58a0a02-acd3-47c8-b3e9-5b8e0493de45@group-2FABE92B7E5B: changes role from  FOLLOWER to FOLLOWER at term 519 for recognizeCandidate:b88b3e43-5534-49b3-b3f2-a9f154b450de
2019-10-21 23:47:25,228 [grpc-default-executor-1] INFO  impl.RoleInfo (RoleInfo.java:shutdownFollowerState(121)) - c58a0a02-acd3-47c8-b3e9-5b8e0493de45: shutdown FollowerState
2019-10-21 23:47:25,228 [grpc-default-executor-1] INFO  impl.RoleInfo (RoleInfo.java:updateAndGet(143)) - c58a0a02-acd3-47c8-b3e9-5b8e0493de45: start FollowerState
2019-10-21 23:47:25,228 [Thread-3410] INFO  impl.FollowerState (FollowerState.java:run(117)) - c58a0a02-acd3-47c8-b3e9-5b8e0493de45@group-2FABE92B7E5B-FollowerState was interrupted: java.lang.InterruptedException: sleep interrupted
2019-10-21 23:47:25,228 [grpc-default-executor-2] INFO  impl.RaftServerImpl (RaftServerImpl.java:setRole(184)) - 1360619e-ba1e-4bf9-aec1-9f15b5480b27@group-2FABE92B7E5B: changes role from  FOLLOWER to FOLLOWER at term 519 for recognizeCandidate:b88b3e43-5534-49b3-b3f2-a9f154b450de
2019-10-21 23:47:25,228 [grpc-default-executor-2] INFO  impl.RoleInfo (RoleInfo.java:shutdownFollowerState(121)) - 1360619e-ba1e-4bf9-aec1-9f15b5480b27: shutdown FollowerState
2019-10-21 23:47:25,228 [grpc-default-executor-2] INFO  impl.RoleInfo (RoleInfo.java:updateAndGet(143)) - 1360619e-ba1e-4bf9-aec1-9f15b5480b27: start FollowerState
2019-10-21 23:47:25,228 [Thread-3409] INFO  impl.FollowerState (FollowerState.java:run(117)) - 1360619e-ba1e-4bf9-aec1-9f15b5480b27@group-2FABE92B7E5B-FollowerState was interrupted: java.lang.InterruptedException: sleep interrupted
2019-10-21 23:47:25,240 [b88b3e43-5534-49b3-b3f2-a9f154b450de@group-2FABE92B7E5B-LeaderElection483] INFO  impl.LeaderElection (LeaderElection.java:logAndReturn(56)) - b88b3e43-5534-49b3-b3f2-a9f154b450de@group-2FABE92B7E5B-LeaderElection483: Election TIMEOUT; received 0 response(s) [] and 0 exception(s); b88b3e43-5534-49b3-b3f2-a9f154b450de@group-2FABE92B7E5B:t519, leader=null, voted=b88b3e43-5534-49b3-b3f2-a9f154b450de, raftlog=b88b3e43-5534-49b3-b3f2-a9f154b450de@group-2FABE92B7E5B-SegmentedRaftLog:OPENED:c-1,f-1,i0, conf=-1: [c58a0a02-acd3-47c8-b3e9-5b8e0493de45:192.168.157.254:33611, 1360619e-ba1e-4bf9-aec1-9f15b5480b27:192.168.157.254:45658, b88b3e43-5534-49b3-b3f2-a9f154b450de:192.168.157.254:46786], old=null
2019-10-21 23:47:25,243 [b88b3e43-5534-49b3-b3f2-a9f154b450de@group-2FABE92B7E5B-LeaderElection483] INFO  impl.LeaderElection (LeaderElection.java:askForVotes(178)) - b88b3e43-5534-49b3-b3f2-a9f154b450de@group-2FABE92B7E5B-LeaderElection483: begin an election at term 520 for -1: [c58a0a02-acd3-47c8-b3e9-5b8e0493de45:192.168.157.254:33611, 1360619e-ba1e-4bf9-aec1-9f15b5480b27:192.168.157.254:45658, b88b3e43-5534-49b3-b3f2-a9f154b450de:192.168.157.254:46786], old=null
2019-10-21 23:47:25,244 [grpc-default-executor-2] INFO  impl.RaftServerImpl (RaftServerImpl.java:setRole(184)) - c58a0a02-acd3-47c8-b3e9-5b8e0493de45@group-2FABE92B7E5B: changes role from  FOLLOWER to FOLLOWER at term 520 for recognizeCandidate:b88b3e43-5534-49b3-b3f2-a9f154b450de
2019-10-21 23:47:25,244 [grpc-default-executor-2] INFO  impl.RoleInfo (RoleInfo.java:shutdownFollowerState(121)) - c58a0a02-acd3-47c8-b3e9-5b8e0493de45: shutdown FollowerState
2019-10-21 23:47:25,244 [grpc-default-executor-1] INFO  impl.RaftServerImpl (RaftServerImpl.java:setRole(184)) - 1360619e-ba1e-4bf9-aec1-9f15b5480b27@group-2FABE92B7E5B: changes role from  FOLLOWER to FOLLOWER at term 520 for recognizeCandidate:b88b3e43-5534-49b3-b3f2-a9f154b450de
2019-10-21 23:47:25,245 [Thread-3415] INFO  impl.FollowerState (FollowerState.java:run(117)) - c58a0a02-acd3-47c8-b3e9-5b8e0493de45@group-2FABE92B7E5B-FollowerState was interrupted: java.lang.InterruptedException: sleep interrupted
2019-10-21 23:47:25,245 [grpc-default-executor-2] INFO  impl.RoleInfo (RoleInfo.java:updateAndGet(143)) - c58a0a02-acd3-47c8-b3e9-5b8e0493de45: start FollowerState
2019-10-21 23:47:25,245 [grpc-default-executor-1] INFO  impl.RoleInfo (RoleInfo.java:shutdownFollowerState(121)) - 1360619e-ba1e-4bf9-aec1-9f15b5480b27: shutdown FollowerState
2019-10-21 23:47:25,245 [grpc-default-executor-1] INFO  impl.RoleInfo (RoleInfo.java:updateAndGet(143)) - 1360619e-ba1e-4bf9-aec1-9f15b5480b27: start FollowerState
2019-10-21 23:47:25,245 [Thread-3416] INFO  impl.FollowerState (FollowerState.java:run(117)) - 1360619e-ba1e-4bf9-aec1-9f15b5480b27@group-2FABE92B7E5B-FollowerState was interrupted: java.lang.InterruptedException: sleep interrupted
2019-10-21 23:47:25,249 [b88b3e43-5534-49b3-b3f2-a9f154b450de@group-2FABE92B7E5B-LeaderElection483] INFO  impl.LeaderElection (LeaderElection.java:logAndReturn(56)) - b88b3e43-5534-49b3-b3f2-a9f154b450de@group-2FABE92B7E5B-LeaderElection483: Election REJECTED; received 2 response(s) [b88b3e43-5534-49b3-b3f2-a9f154b450de<-c58a0a02-acd3-47c8-b3e9-5b8e0493de45#0:FAIL-t520, b88b3e43-5534-49b3-b3f2-a9f154b450de<-1360619e-ba1e-4bf9-aec1-9f15b5480b27#0:FAIL-t520] and 0 exception(s); b88b3e43-5534-49b3-b3f2-a9f154b450de@group-2FABE92B7E5B:t520, leader=null, voted=b88b3e43-5534-49b3-b3f2-a9f154b450de, raftlog=b88b3e43-5534-49b3-b3f2-a9f154b450de@group-2FABE92B7E5B-SegmentedRaftLog:OPENED:c-1,f-1,i0, conf=-1: [c58a0a02-acd3-47c8-b3e9-5b8e0493de45:192.168.157.254:33611, 1360619e-ba1e-4bf9-aec1-9f15b5480b27:192.168.157.254:45658, b88b3e43-5534-49b3-b3f2-a9f154b450de:192.168.157.254:46786], old=null
2019-10-21 23:47:25,250 [b88b3e43-5534-49b3-b3f2-a9f154b450de@group-2FABE92B7E5B-LeaderElection483] INFO  impl.RaftServerImpl (RaftServerImpl.java:setRole(184)) - b88b3e43-5534-49b3-b3f2-a9f154b450de@group-2FABE92B7E5B: changes role from CANDIDATE to FOLLOWER at term 520 for DISCOVERED_A_NEW_TERM
2019-10-21 23:47:25,250 [b88b3e43-5534-49b3-b3f2-a9f154b450de@group-2FABE92B7E5B-LeaderElection483] INFO  impl.RoleInfo (RoleInfo.java:shutdownLeaderElection(134)) - b88b3e43-5534-49b3-b3f2-a9f154b450de: shutdown LeaderElection
2019-10-21 23:47:25,250 [b88b3e43-5534-49b3-b3f2-a9f154b450de@group-2FABE92B7E5B-LeaderElection483] INFO  impl.RoleInfo (RoleInfo.java:updateAndGet(143)) - b88b3e43-5534-49b3-b3f2-a9f154b450de: start FollowerState
2019-10-21 23:47:25,327 [Thread-3421] INFO  impl.FollowerState (FollowerState.java:run(108)) - b88b3e43-5534-49b3-b3f2-a9f154b450de@group-2FABE92B7E5B-FollowerState: change to CANDIDATE, lastRpcTime:77ms, electionTimeout:77ms
2019-10-21 23:47:25,327 [Thread-3421] INFO  impl.RoleInfo (RoleInfo.java:shutdownFollowerState(121)) - b88b3e43-5534-49b3-b3f2-a9f154b450de: shutdown FollowerState
2019-10-21 23:47:25,327 [Thread-3421] INFO  impl.RaftServerImpl (RaftServerImpl.java:setRole(184)) - b88b3e43-5534-49b3-b3f2-a9f154b450de@group-2FABE92B7E5B: changes role from  FOLLOWER to CANDIDATE at term 520 for changeToCandidate
2019-10-21 23:47:25,327 [Thread-3421] INFO  impl.RoleInfo (RoleInfo.java:updateAndGet(143)) - b88b3e43-5534-49b3-b3f2-a9f154b450de: start LeaderElection
2019-10-21 23:47:25,407 [b88b3e43-5534-49b3-b3f2-a9f154b450de@group-2FABE92B7E5B-LeaderElection484] INFO  impl.LeaderElection (LeaderElection.java:askForVotes(178)) - b88b3e43-5534-49b3-b3f2-a9f154b450de@group-2FABE92B7E5B-LeaderElection484: begin an election at term 521 for -1: [c58a0a02-acd3-47c8-b3e9-5b8e0493de45:192.168.157.254:33611, 1360619e-ba1e-4bf9-aec1-9f15b5480b27:192.168.157.254:45658, b88b3e43-5534-49b3-b3f2-a9f154b450de:192.168.157.254:46786], old=null
2019-10-21 23:47:25,410 [grpc-default-executor-1] INFO  impl.RaftServerImpl (RaftServerImpl.java:setRole(184)) - c58a0a02-acd3-47c8-b3e9-5b8e0493de45@group-2FABE92B7E5B: changes role from  FOLLOWER to FOLLOWER at term 521 for recognizeCandidate:b88b3e43-5534-49b3-b3f2-a9f154b450de
2019-10-21 23:47:25,410 [grpc-default-executor-2] INFO  impl.RaftServerImpl (RaftServerImpl.java:setRole(184)) - 1360619e-ba1e-4bf9-aec1-9f15b5480b27@group-2FABE92B7E5B: changes role from  FOLLOWER to FOLLOWER at term 521 for recognizeCandidate:b88b3e43-5534-49b3-b3f2-a9f154b450de
2019-10-21 23:47:25,411 [grpc-default-executor-2] INFO  impl.RoleInfo (RoleInfo.java:shutdownFollowerState(121)) - 1360619e-ba1e-4bf9-aec1-9f15b5480b27: shutdown FollowerState
2019-10-21 23:47:25,411 [grpc-default-executor-1] INFO  impl.RoleInfo (RoleInfo.java:shutdownFollowerState(121)) - c58a0a02-acd3-47c8-b3e9-5b8e0493de45: shutdown FollowerState
2019-10-21 23:47:25,411 [Thread-3420] INFO  impl.FollowerState (FollowerState.java:run(117)) - 1360619e-ba1e-4bf9-aec1-9f15b5480b27@group-2FABE92B7E5B-FollowerState was interrupted: java.lang.InterruptedException: sleep interrupted
2019-10-21 23:47:25,411 [Thread-3419] INFO  impl.FollowerState (FollowerState.java:run(117)) - c58a0a02-acd3-47c8-b3e9-5b8e0493de45@group-2FABE92B7E5B-FollowerState was interrupted: java.lang.InterruptedException: sleep interrupted
2019-10-21 23:47:25,411 [grpc-default-executor-2] INFO  impl.RoleInfo (RoleInfo.java:updateAndGet(143)) - 1360619e-ba1e-4bf9-aec1-9f15b5480b27: start FollowerState
2019-10-21 23:47:25,411 [grpc-default-executor-1] INFO  impl.RoleInfo (RoleInfo.java:updateAndGet(143)) - c58a0a02-acd3-47c8-b3e9-5b8e0493de45: start FollowerState
2019-10-21 23:47:25,413 [b88b3e43-5534-49b3-b3f2-a9f154b450de@group-2FABE92B7E5B-LeaderElection484] INFO  impl.LeaderElection (LeaderElection.java:logAndReturn(56)) - b88b3e43-5534-49b3-b3f2-a9f154b450de@group-2FABE92B7E5B-LeaderElection484: Election TIMEOUT; received 0 response(s) [] and 0 exception(s); b88b3e43-5534-49b3-b3f2-a9f154b450de@group-2FABE92B7E5B:t521, leader=null, voted=b88b3e43-5534-49b3-b3f2-a9f154b450de, raftlog=b88b3e43-5534-49b3-b3f2-a9f154b450de@group-2FABE92B7E5B-SegmentedRaftLog:OPENED:c-1,f-1,i0, conf=-1: [c58a0a02-acd3-47c8-b3e9-5b8e0493de45:192.168.157.254:33611, 1360619e-ba1e-4bf9-aec1-9f15b5480b27:192.168.157.254:45658, b88b3e43-5534-49b3-b3f2-a9f154b450de:192.168.157.254:46786], old=null
2019-10-21 23:47:25,437 [b88b3e43-5534-49b3-b3f2-a9f154b450de@group-2FABE92B7E5B-LeaderElection484] INFO  impl.LeaderElection (LeaderElection.java:askForVotes(178)) - b88b3e43-5534-49b3-b3f2-a9f154b450de@group-2FABE92B7E5B-LeaderElection484: begin an election at term 522 for -1: [c58a0a02-acd3-47c8-b3e9-5b8e0493de45:192.168.157.254:33611, 1360619e-ba1e-4bf9-aec1-9f15b5480b27:192.168.157.254:45658, b88b3e43-5534-49b3-b3f2-a9f154b450de:192.168.157.254:46786], old=null
2019-10-21 23:47:25,438 [grpc-default-executor-2] INFO  impl.RaftServerImpl (RaftServerImpl.java:setRole(184)) - 1360619e-ba1e-4bf9-aec1-9f15b5480b27@group-2FABE92B7E5B: changes role from  FOLLOWER to FOLLOWER at term 522 for recognizeCandidate:b88b3e43-5534-49b3-b3f2-a9f154b450de
2019-10-21 23:47:25,438 [grpc-default-executor-2] INFO  impl.RoleInfo (RoleInfo.java:shutdownFollowerState(121)) - 1360619e-ba1e-4bf9-aec1-9f15b5480b27: shutdown FollowerState
2019-10-21 23:47:25,438 [grpc-default-executor-2] INFO  impl.RoleInfo (RoleInfo.java:updateAndGet(143)) - 1360619e-ba1e-4bf9-aec1-9f15b5480b27: start FollowerState
2019-10-21 23:47:25,438 [grpc-default-executor-1] INFO  impl.RaftServerImpl (RaftServerImpl.java:setRole(184)) - c58a0a02-acd3-47c8-b3e9-5b8e0493de45@group-2FABE92B7E5B: changes role from  FOLLOWER to FOLLOWER at term 522 for recognizeCandidate:b88b3e43-5534-49b3-b3f2-a9f154b450de
2019-10-21 23:47:25,439 [grpc-default-executor-1] INFO  impl.RoleInfo (RoleInfo.java:shutdownFollowerState(121)) - c58a0a02-acd3-47c8-b3e9-5b8e0493de45: shutdown FollowerState
2019-10-21 23:47:25,438 [Thread-3425] INFO  impl.FollowerState (FollowerState.java:run(117)) - 1360619e-ba1e-4bf9-aec1-9f15b5480b27@group-2FABE92B7E5B-FollowerState was interrupted: java.lang.InterruptedException: sleep interrupted
2019-10-21 23:47:25,439 [grpc-default-executor-1] INFO  impl.RoleInfo (RoleInfo.java:updateAndGet(143)) - c58a0a02-acd3-47c8-b3e9-5b8e0493de45: start FollowerState
2019-10-21 23:47:25,439 [Thread-3426] INFO  impl.FollowerState (FollowerState.java:run(117)) - c58a0a02-acd3-47c8-b3e9-5b8e0493de45@group-2FABE92B7E5B-FollowerState was interrupted: java.lang.InterruptedException: sleep interrupted
2019-10-21 23:47:25,453 [b88b3e43-5534-49b3-b3f2-a9f154b450de@group-2FABE92B7E5B-LeaderElection484] INFO  impl.LeaderElection (LeaderElection.java:logAndReturn(56)) - b88b3e43-5534-49b3-b3f2-a9f154b450de@group-2FABE92B7E5B-LeaderElection484: Election REJECTED; received 2 response(s) [b88b3e43-5534-49b3-b3f2-a9f154b450de<-c58a0a02-acd3-47c8-b3e9-5b8e0493de45#0:FAIL-t522, b88b3e43-5534-49b3-b3f2-a9f154b450de<-1360619e-ba1e-4bf9-aec1-9f15b5480b27#0:FAIL-t522] and 0 exception(s); b88b3e43-5534-49b3-b3f2-a9f154b450de@group-2FABE92B7E5B:t522, leader=null, voted=b88b3e43-5534-49b3-b3f2-a9f154b450de, raftlog=b88b3e43-5534-49b3-b3f2-a9f154b450de@group-2FABE92B7E5B-SegmentedRaftLog:OPENED:c-1,f-1,i0, conf=-1: [c58a0a02-acd3-47c8-b3e9-5b8e0493de45:192.168.157.254:33611, 1360619e-ba1e-4bf9-aec1-9f15b5480b27:192.168.157.254:45658, b88b3e43-5534-49b3-b3f2-a9f154b450de:192.168.157.254:46786], old=null
2019-10-21 23:47:25,453 [b88b3e43-5534-49b3-b3f2-a9f154b450de@group-2FABE92B7E5B-LeaderElection484] INFO  impl.RaftServerImpl (RaftServerImpl.java:setRole(184)) - b88b3e43-5534-49b3-b3f2-a9f154b450de@group-2FABE92B7E5B: changes role from CANDIDATE to FOLLOWER at term 522 for DISCOVERED_A_NEW_TERM
2019-10-21 23:47:25,453 [b88b3e43-5534-49b3-b3f2-a9f154b450de@group-2FABE92B7E5B-LeaderElection484] INFO  impl.RoleInfo (RoleInfo.java:shutdownLeaderElection(134)) - b88b3e43-5534-49b3-b3f2-a9f154b450de: shutdown LeaderElection
2019-10-21 23:47:25,453 [b88b3e43-5534-49b3-b3f2-a9f154b450de@group-2FABE92B7E5B-LeaderElection484] INFO  impl.RoleInfo (RoleInfo.java:updateAndGet(143)) - b88b3e43-5534-49b3-b3f2-a9f154b450de: start FollowerState
2019-10-21 23:47:25,459 [Thread-3431] INFO  impl.FollowerState (FollowerState.java:run(108)) - b88b3e43-5534-49b3-b3f2-a9f154b450de@group-2FABE92B7E5B-FollowerState: change to CANDIDATE, lastRpcTime:5ms, electionTimeout:5ms
2019-10-21 23:47:25,459 [Thread-3431] INFO  impl.RoleInfo (RoleInfo.java:shutdownFollowerState(121)) - b88b3e43-5534-49b3-b3f2-a9f154b450de: shutdown FollowerState
2019-10-21 23:47:25,459 [Thread-3431] INFO  impl.RaftServerImpl (RaftServerImpl.java:setRole(184)) - b88b3e43-5534-49b3-b3f2-a9f154b450de@group-2FABE92B7E5B: changes role from  FOLLOWER to CANDIDATE at term 522 for changeToCandidate
2019-10-21 23:47:25,459 [Thread-3431] INFO  impl.RoleInfo (RoleInfo.java:updateAndGet(143)) - b88b3e43-5534-49b3-b3f2-a9f154b450de: start LeaderElection
2019-10-21 23:47:25,472 [b88b3e43-5534-49b3-b3f2-a9f154b450de@group-2FABE92B7E5B-LeaderElection485] INFO  impl.LeaderElection (LeaderElection.java:askForVotes(178)) - b88b3e43-5534-49b3-b3f2-a9f154b450de@group-2FABE92B7E5B-LeaderElection485: begin an election at term 523 for -1: [c58a0a02-acd3-47c8-b3e9-5b8e0493de45:192.168.157.254:33611, 1360619e-ba1e-4bf9-aec1-9f15b5480b27:192.168.157.254:45658, b88b3e43-5534-49b3-b3f2-a9f154b450de:192.168.157.254:46786], old=null
2019-10-21 23:47:25,473 [grpc-default-executor-1] INFO  impl.RaftServerImpl (RaftServerImpl.java:setRole(184)) - c58a0a02-acd3-47c8-b3e9-5b8e0493de45@group-2FABE92B7E5B: changes role from  FOLLOWER to FOLLOWER at term 523 for recognizeCandidate:b88b3e43-5534-49b3-b3f2-a9f154b450de
2019-10-21 23:47:25,474 [grpc-default-executor-1] INFO  impl.RoleInfo (RoleInfo.java:shutdownFollowerState(121)) - c58a0a02-acd3-47c8-b3e9-5b8e0493de45: shutdown FollowerState
2019-10-21 23:47:25,474 [grpc-default-executor-2] INFO  impl.RaftServerImpl (RaftServerImpl.java:setRole(184)) - 1360619e-ba1e-4bf9-aec1-9f15b5480b27@group-2FABE92B7E5B: changes role from  FOLLOWER to FOLLOWER at term 523 for recognizeCandidate:b88b3e43-5534-49b3-b3f2-a9f154b450de
2019-10-21 23:47:25,474 [grpc-default-executor-2] INFO  impl.RoleInfo (RoleInfo.java:shutdownFollowerState(121)) - 1360619e-ba1e-4bf9-aec1-9f15b5480b27: shutdown FollowerState
2019-10-21 23:47:25,474 [Thread-3430] INFO  impl.FollowerState (FollowerState.java:run(117)) - c58a0a02-acd3-47c8-b3e9-5b8e0493de45@group-2FABE92B7E5B-FollowerState was interrupted: java.lang.InterruptedException: sleep interrupted
2019-10-21 23:47:25,474 [grpc-default-executor-1] INFO  impl.RoleInfo (RoleInfo.java:updateAndGet(143)) - c58a0a02-acd3-47c8-b3e9-5b8e0493de45: start FollowerState
2019-10-21 23:47:25,474 [Thread-3429] INFO  impl.FollowerState (FollowerState.java:run(117)) - 1360619e-ba1e-4bf9-aec1-9f15b5480b27@group-2FABE92B7E5B-FollowerState was interrupted: java.lang.InterruptedException: sleep interrupted
2019-10-21 23:47:25,474 [grpc-default-executor-2] INFO  impl.RoleInfo (RoleInfo.java:updateAndGet(143)) - 1360619e-ba1e-4bf9-aec1-9f15b5480b27: start FollowerState
2019-10-21 23:47:25,488 [b88b3e43-5534-49b3-b3f2-a9f154b450de@group-2FABE92B7E5B-LeaderElection485] INFO  impl.LeaderElection (LeaderElection.java:logAndReturn(56)) - b88b3e43-5534-49b3-b3f2-a9f154b450de@group-2FABE92B7E5B-LeaderElection485: Election REJECTED; received 2 response(s) [b88b3e43-5534-49b3-b3f2-a9f154b450de<-c58a0a02-acd3-47c8-b3e9-5b8e0493de45#0:FAIL-t523, b88b3e43-5534-49b3-b3f2-a9f154b450de<-1360619e-ba1e-4bf9-aec1-9f15b5480b27#0:FAIL-t523] and 0 exception(s); b88b3e43-5534-49b3-b3f2-a9f154b450de@group-2FABE92B7E5B:t523, leader=null, voted=b88b3e43-5534-49b3-b3f2-a9f154b450de, raftlog=b88b3e43-5534-49b3-b3f2-a9f154b450de@group-2FABE92B7E5B-SegmentedRaftLog:OPENED:c-1,f-1,i0, conf=-1: [c58a0a02-acd3-47c8-b3e9-5b8e0493de45:192.168.157.254:33611, 1360619e-ba1e-4bf9-aec1-9f15b5480b27:192.168.157.254:45658, b88b3e43-5534-49b3-b3f2-a9f154b450de:192.168.157.254:46786], old=null
2019-10-21 23:47:25,488 [b88b3e43-5534-49b3-b3f2-a9f154b450de@group-2FABE92B7E5B-LeaderElection485] INFO  impl.RaftServerImpl (RaftServerImpl.java:setRole(184)) - b88b3e43-5534-49b3-b3f2-a9f154b450de@group-2FABE92B7E5B: changes role from CANDIDATE to FOLLOWER at term 523 for DISCOVERED_A_NEW_TERM
2019-10-21 23:47:25,488 [b88b3e43-5534-49b3-b3f2-a9f154b450de@group-2FABE92B7E5B-LeaderElection485] INFO  impl.RoleInfo (RoleInfo.java:shutdownLeaderElection(134)) - b88b3e43-5534-49b3-b3f2-a9f154b450de: shutdown LeaderElection
2019-10-21 23:47:25,488 [b88b3e43-5534-49b3-b3f2-a9f154b450de@group-2FABE92B7E5B-LeaderElection485] INFO  impl.RoleInfo (RoleInfo.java:updateAndGet(143)) - b88b3e43-5534-49b3-b3f2-a9f154b450de: start FollowerState
2019-10-21 23:47:25,614 [Thread-3437] INFO  impl.FollowerState (FollowerState.java:run(108)) - b88b3e43-5534-49b3-b3f2-a9f154b450de@group-2FABE92B7E5B-FollowerState: change to CANDIDATE, lastRpcTime:125ms, electionTimeout:125ms
2019-10-21 23:47:25,614 [Thread-3437] INFO  impl.RoleInfo (RoleInfo.java:shutdownFollowerState(121)) - b88b3e43-5534-49b3-b3f2-a9f154b450de: shutdown FollowerState
2019-10-21 23:47:25,614 [Thread-3437] INFO  impl.RaftServerImpl (RaftServerImpl.java:setRole(184)) - b88b3e43-5534-49b3-b3f2-a9f154b450de@group-2FABE92B7E5B: changes role from  FOLLOWER to CANDIDATE at term 523 for changeToCandidate
2019-10-21 23:47:25,614 [Thread-3437] INFO  impl.RoleInfo (RoleInfo.java:updateAndGet(143)) - b88b3e43-5534-49b3-b3f2-a9f154b450de: start LeaderElection
2019-10-21 23:47:25,628 [b88b3e43-5534-49b3-b3f2-a9f154b450de@group-2FABE92B7E5B-LeaderElection486] INFO  impl.LeaderElection (LeaderElection.java:askForVotes(178)) - b88b3e43-5534-49b3-b3f2-a9f154b450de@group-2FABE92B7E5B-LeaderElection486: begin an election at term 524 for -1: [c58a0a02-acd3-47c8-b3e9-5b8e0493de45:192.168.157.254:33611, 1360619e-ba1e-4bf9-aec1-9f15b5480b27:192.168.157.254:45658, b88b3e43-5534-49b3-b3f2-a9f154b450de:192.168.157.254:46786], old=null
2019-10-21 23:47:25,630 [grpc-default-executor-2] INFO  impl.RaftServerImpl (RaftServerImpl.java:setRole(184)) - c58a0a02-acd3-47c8-b3e9-5b8e0493de45@group-2FABE92B7E5B: changes role from  FOLLOWER to FOLLOWER at term 524 for recognizeCandidate:b88b3e43-5534-49b3-b3f2-a9f154b450de
2019-10-21 23:47:25,630 [grpc-default-executor-2] INFO  impl.RoleInfo (RoleInfo.java:shutdownFollowerState(121)) - c58a0a02-acd3-47c8-b3e9-5b8e0493de45: shutdown FollowerState
2019-10-21 23:47:25,630 [grpc-default-executor-1] INFO  impl.RaftServerImpl (RaftServerImpl.java:setRole(184)) - 1360619e-ba1e-4bf9-aec1-9f15b5480b27@group-2FABE92B7E5B: changes role from  FOLLOWER to FOLLOWER at term 524 for recognizeCandidate:b88b3e43-5534-49b3-b3f2-a9f154b450de
2019-10-21 23:47:25,630 [grpc-default-executor-1] INFO  impl.RoleInfo (RoleInfo.java:shutdownFollowerState(121)) - 1360619e-ba1e-4bf9-aec1-9f15b5480b27: shutdown FollowerState
2019-10-21 23:47:25,630 [Thread-3435] INFO  impl.FollowerState (FollowerState.java:run(117)) - c58a0a02-acd3-47c8-b3e9-5b8e0493de45@group-2FABE92B7E5B-FollowerState was interrupted: java.lang.InterruptedException: sleep interrupted
2019-10-21 23:47:25,630 [grpc-default-executor-2] INFO  impl.RoleInfo (RoleInfo.java:updateAndGet(143)) - c58a0a02-acd3-47c8-b3e9-5b8e0493de45: start FollowerState
2019-10-21 23:47:25,631 [Thread-3436] INFO  impl.FollowerState (FollowerState.java:run(117)) - 1360619e-ba1e-4bf9-aec1-9f15b5480b27@group-2FABE92B7E5B-FollowerState was interrupted: java.lang.InterruptedException: sleep interrupted
2019-10-21 23:47:25,631 [grpc-default-executor-1] INFO  impl.RoleInfo (RoleInfo.java:updateAndGet(143)) - 1360619e-ba1e-4bf9-aec1-9f15b5480b27: start FollowerState
2019-10-21 23:47:25,649 [b88b3e43-5534-49b3-b3f2-a9f154b450de@group-2FABE92B7E5B-LeaderElection486] INFO  impl.LeaderElection (LeaderElection.java:logAndReturn(56)) - b88b3e43-5534-49b3-b3f2-a9f154b450de@group-2FABE92B7E5B-LeaderElection486: Election REJECTED; received 2 response(s) [b88b3e43-5534-49b3-b3f2-a9f154b450de<-c58a0a02-acd3-47c8-b3e9-5b8e0493de45#0:FAIL-t524, b88b3e43-5534-49b3-b3f2-a9f154b450de<-1360619e-ba1e-4bf9-aec1-9f15b5480b27#0:FAIL-t524] and 0 exception(s); b88b3e43-5534-49b3-b3f2-a9f154b450de@group-2FABE92B7E5B:t524, leader=null, voted=b88b3e43-5534-49b3-b3f2-a9f154b450de, raftlog=b88b3e43-5534-49b3-b3f2-a9f154b450de@group-2FABE92B7E5B-SegmentedRaftLog:OPENED:c-1,f-1,i0, conf=-1: [c58a0a02-acd3-47c8-b3e9-5b8e0493de45:192.168.157.254:33611, 1360619e-ba1e-4bf9-aec1-9f15b5480b27:192.168.157.254:45658, b88b3e43-5534-49b3-b3f2-a9f154b450de:192.168.157.254:46786], old=null
2019-10-21 23:47:25,650 [b88b3e43-5534-49b3-b3f2-a9f154b450de@group-2FABE92B7E5B-LeaderElection486] INFO  impl.RaftServerImpl (RaftServerImpl.java:setRole(184)) - b88b3e43-5534-49b3-b3f2-a9f154b450de@group-2FABE92B7E5B: changes role from CANDIDATE to FOLLOWER at term 524 for DISCOVERED_A_NEW_TERM
2019-10-21 23:47:25,650 [b88b3e43-5534-49b3-b3f2-a9f154b450de@group-2FABE92B7E5B-LeaderElection486] INFO  impl.RoleInfo (RoleInfo.java:shutdownLeaderElection(134)) - b88b3e43-5534-49b3-b3f2-a9f154b450de: shutdown LeaderElection
2019-10-21 23:47:25,650 [b88b3e43-5534-49b3-b3f2-a9f154b450de@group-2FABE92B7E5B-LeaderElection486] INFO  impl.RoleInfo (RoleInfo.java:updateAndGet(143)) - b88b3e43-5534-49b3-b3f2-a9f154b450de: start FollowerState
2019-10-21 23:47:25,814 [Thread-3445] INFO  impl.FollowerState (FollowerState.java:run(108)) - b88b3e43-5534-49b3-b3f2-a9f154b450de@group-2FABE92B7E5B-FollowerState: change to CANDIDATE, lastRpcTime:164ms, electionTimeout:164ms
2019-10-21 23:47:25,815 [Thread-3445] INFO  impl.RoleInfo (RoleInfo.java:shutdownFollowerState(121)) - b88b3e43-5534-49b3-b3f2-a9f154b450de: shutdown FollowerState
2019-10-21 23:47:25,815 [Thread-3445] INFO  impl.RaftServerImpl (RaftServerImpl.java:setRole(184)) - b88b3e43-5534-49b3-b3f2-a9f154b450de@group-2FABE92B7E5B: changes role from  FOLLOWER to CANDIDATE at term 524 for changeToCandidate
2019-10-21 23:47:25,815 [Thread-3445] INFO  impl.RoleInfo (RoleInfo.java:updateAndGet(143)) - b88b3e43-5534-49b3-b3f2-a9f154b450de: start LeaderElection
2019-10-21 23:47:25,863 [b88b3e43-5534-49b3-b3f2-a9f154b450de@group-2FABE92B7E5B-LeaderElection487] INFO  impl.LeaderElection (LeaderElection.java:askForVotes(178)) - b88b3e43-5534-49b3-b3f2-a9f154b450de@group-2FABE92B7E5B-LeaderElection487: begin an election at term 525 for -1: [c58a0a02-acd3-47c8-b3e9-5b8e0493de45:192.168.157.254:33611, 1360619e-ba1e-4bf9-aec1-9f15b5480b27:192.168.157.254:45658, b88b3e43-5534-49b3-b3f2-a9f154b450de:192.168.157.254:46786], old=null
2019-10-21 23:47:25,865 [grpc-default-executor-1] INFO  impl.RaftServerImpl (RaftServerImpl.java:setRole(184)) - c58a0a02-acd3-47c8-b3e9-5b8e0493de45@group-2FABE92B7E5B: changes role from  FOLLOWER to FOLLOWER at term 525 for recognizeCandidate:b88b3e43-5534-49b3-b3f2-a9f154b450de
2019-10-21 23:47:25,865 [grpc-default-executor-2] INFO  impl.RaftServerImpl (RaftServerImpl.java:setRole(184)) - 1360619e-ba1e-4bf9-aec1-9f15b5480b27@group-2FABE92B7E5B: changes role from  FOLLOWER to FOLLOWER at term 525 for recognizeCandidate:b88b3e43-5534-49b3-b3f2-a9f154b450de
2019-10-21 23:47:25,865 [grpc-default-executor-1] INFO  impl.RoleInfo (RoleInfo.java:shutdownFollowerState(121)) - c58a0a02-acd3-47c8-b3e9-5b8e0493de45: shutdown FollowerState
2019-10-21 23:47:25,865 [grpc-default-executor-2] INFO  impl.RoleInfo (RoleInfo.java:shutdownFollowerState(121)) - 1360619e-ba1e-4bf9-aec1-9f15b5480b27: shutdown FollowerState
2019-10-21 23:47:25,866 [Thread-3443] INFO  impl.FollowerState (FollowerState.java:run(117)) - c58a0a02-acd3-47c8-b3e9-5b8e0493de45@group-2FABE92B7E5B-FollowerState was interrupted: java.lang.InterruptedException: sleep interrupted
2019-10-21 23:47:25,866 [grpc-default-executor-1] INFO  impl.RoleInfo (RoleInfo.java:updateAndGet(143)) - c58a0a02-acd3-47c8-b3e9-5b8e0493de45: start FollowerState
2019-10-21 23:47:25,866 [Thread-3444] INFO  impl.FollowerState (FollowerState.java:run(117)) - 1360619e-ba1e-4bf9-aec1-9f15b5480b27@group-2FABE92B7E5B-FollowerState was interrupted: java.lang.InterruptedException: sleep interrupted
2019-10-21 23:47:25,866 [grpc-default-executor-2] INFO  impl.RoleInfo (RoleInfo.java:updateAndGet(143)) - 1360619e-ba1e-4bf9-aec1-9f15b5480b27: start FollowerState
2019-10-21 23:47:25,880 [b88b3e43-5534-49b3-b3f2-a9f154b450de@group-2FABE92B7E5B-LeaderElection487] INFO  impl.LeaderElection (LeaderElection.java:logAndReturn(56)) - b88b3e43-5534-49b3-b3f2-a9f154b450de@group-2FABE92B7E5B-LeaderElection487: Election REJECTED; received 2 response(s) [b88b3e43-5534-49b3-b3f2-a9f154b450de<-c58a0a02-acd3-47c8-b3e9-5b8e0493de45#0:FAIL-t525, b88b3e43-5534-49b3-b3f2-a9f154b450de<-1360619e-ba1e-4bf9-aec1-9f15b5480b27#0:FAIL-t525] and 0 exception(s); b88b3e43-5534-49b3-b3f2-a9f154b450de@group-2FABE92B7E5B:t525, leader=null, voted=b88b3e43-5534-49b3-b3f2-a9f154b450de, raftlog=b88b3e43-5534-49b3-b3f2-a9f154b450de@group-2FABE92B7E5B-SegmentedRaftLog:OPENED:c-1,f-1,i0, conf=-1: [c58a0a02-acd3-47c8-b3e9-5b8e0493de45:192.168.157.254:33611, 1360619e-ba1e-4bf9-aec1-9f15b5480b27:192.168.157.254:45658, b88b3e43-5534-49b3-b3f2-a9f154b450de:192.168.157.254:46786], old=null
2019-10-21 23:47:25,880 [b88b3e43-5534-49b3-b3f2-a9f154b450de@group-2FABE92B7E5B-LeaderElection487] INFO  impl.RaftServerImpl (RaftServerImpl.java:setRole(184)) - b88b3e43-5534-49b3-b3f2-a9f154b450de@group-2FABE92B7E5B: changes role from CANDIDATE to FOLLOWER at term 525 for DISCOVERED_A_NEW_TERM
2019-10-21 23:47:25,880 [b88b3e43-5534-49b3-b3f2-a9f154b450de@group-2FABE92B7E5B-LeaderElection487] INFO  impl.RoleInfo (RoleInfo.java:shutdownLeaderElection(134)) - b88b3e43-5534-49b3-b3f2-a9f154b450de: shutdown LeaderElection
2019-10-21 23:47:25,880 [b88b3e43-5534-49b3-b3f2-a9f154b450de@group-2FABE92B7E5B-LeaderElection487] INFO  impl.RoleInfo (RoleInfo.java:updateAndGet(143)) - b88b3e43-5534-49b3-b3f2-a9f154b450de: start FollowerState
2019-10-21 23:47:25,933 [Thread-3451] INFO  impl.FollowerState (FollowerState.java:run(108)) - b88b3e43-5534-49b3-b3f2-a9f154b450de@group-2FABE92B7E5B-FollowerState: change to CANDIDATE, lastRpcTime:52ms, electionTimeout:52ms
2019-10-21 23:47:25,933 [Thread-3451] INFO  impl.RoleInfo (RoleInfo.java:shutdownFollowerState(121)) - b88b3e43-5534-49b3-b3f2-a9f154b450de: shutdown FollowerState
2019-10-21 23:47:25,933 [Thread-3451] INFO  impl.RaftServerImpl (RaftServerImpl.java:setRole(184)) - b88b3e43-5534-49b3-b3f2-a9f154b450de@group-2FABE92B7E5B: changes role from  FOLLOWER to CANDIDATE at term 525 for changeToCandidate
2019-10-21 23:47:25,933 [Thread-3451] INFO  impl.RoleInfo (RoleInfo.java:updateAndGet(143)) - b88b3e43-5534-49b3-b3f2-a9f154b450de: start LeaderElection
2019-10-21 23:47:25,947 [b88b3e43-5534-49b3-b3f2-a9f154b450de@group-2FABE92B7E5B-LeaderElection488] INFO  impl.LeaderElection (LeaderElection.java:askForVotes(178)) - b88b3e43-5534-49b3-b3f2-a9f154b450de@group-2FABE92B7E5B-LeaderElection488: begin an election at term 526 for -1: [c58a0a02-acd3-47c8-b3e9-5b8e0493de45:192.168.157.254:33611, 1360619e-ba1e-4bf9-aec1-9f15b5480b27:192.168.157.254:45658, b88b3e43-5534-49b3-b3f2-a9f154b450de:192.168.157.254:46786], old=null
2019-10-21 23:47:25,949 [grpc-default-executor-2] INFO  impl.RaftServerImpl (RaftServerImpl.java:setRole(184)) - c58a0a02-acd3-47c8-b3e9-5b8e0493de45@group-2FABE92B7E5B: changes role from  FOLLOWER to FOLLOWER at term 526 for recognizeCandidate:b88b3e43-5534-49b3-b3f2-a9f154b450de
2019-10-21 23:47:25,949 [grpc-default-executor-2] INFO  impl.RoleInfo (RoleInfo.java:shutdownFollowerState(121)) - c58a0a02-acd3-47c8-b3e9-5b8e0493de45: shutdown FollowerState
2019-10-21 23:47:25,949 [grpc-default-executor-1] INFO  impl.RaftServerImpl (RaftServerImpl.java:setRole(184)) - 1360619e-ba1e-4bf9-aec1-9f15b5480b27@group-2FABE92B7E5B: changes role from  FOLLOWER to FOLLOWER at term 526 for recognizeCandidate:b88b3e43-5534-49b3-b3f2-a9f154b450de
2019-10-21 23:47:25,949 [Thread-3449] INFO  impl.FollowerState (FollowerState.java:run(117)) - c58a0a02-acd3-47c8-b3e9-5b8e0493de45@group-2FABE92B7E5B-FollowerState was interrupted: java.lang.InterruptedException: sleep interrupted
2019-10-21 23:47:25,949 [grpc-default-executor-2] INFO  impl.RoleInfo (RoleInfo.java:updateAndGet(143)) - c58a0a02-acd3-47c8-b3e9-5b8e0493de45: start FollowerState
2019-10-21 23:47:25,949 [grpc-default-executor-1] INFO  impl.RoleInfo (RoleInfo.java:shutdownFollowerState(121)) - 1360619e-ba1e-4bf9-aec1-9f15b5480b27: shutdown FollowerState
2019-10-21 23:47:25,950 [grpc-default-executor-1] INFO  impl.RoleInfo (RoleInfo.java:updateAndGet(143)) - 1360619e-ba1e-4bf9-aec1-9f15b5480b27: start FollowerState
2019-10-21 23:47:25,950 [Thread-3450] INFO  impl.FollowerState (FollowerState.java:run(117)) - 1360619e-ba1e-4bf9-aec1-9f15b5480b27@group-2FABE92B7E5B-FollowerState was interrupted: java.lang.InterruptedException: sleep interrupted
2019-10-21 23:47:25,964 [b88b3e43-5534-49b3-b3f2-a9f154b450de@group-2FABE92B7E5B-LeaderElection488] INFO  impl.LeaderElection (LeaderElection.java:logAndReturn(56)) - b88b3e43-5534-49b3-b3f2-a9f154b450de@group-2FABE92B7E5B-LeaderElection488: Election REJECTED; received 2 response(s) [b88b3e43-5534-49b3-b3f2-a9f154b450de<-c58a0a02-acd3-47c8-b3e9-5b8e0493de45#0:FAIL-t526, b88b3e43-5534-49b3-b3f2-a9f154b450de<-1360619e-ba1e-4bf9-aec1-9f15b5480b27#0:FAIL-t526] and 0 exception(s); b88b3e43-5534-49b3-b3f2-a9f154b450de@group-2FABE92B7E5B:t526, leader=null, voted=b88b3e43-5534-49b3-b3f2-a9f154b450de, raftlog=b88b3e43-5534-49b3-b3f2-a9f154b450de@group-2FABE92B7E5B-SegmentedRaftLog:OPENED:c-1,f-1,i0, conf=-1: [c58a0a02-acd3-47c8-b3e9-5b8e0493de45:192.168.157.254:33611, 1360619e-ba1e-4bf9-aec1-9f15b5480b27:192.168.157.254:45658, b88b3e43-5534-49b3-b3f2-a9f154b450de:192.168.157.254:46786], old=null
2019-10-21 23:47:25,964 [b88b3e43-5534-49b3-b3f2-a9f154b450de@group-2FABE92B7E5B-LeaderElection488] INFO  impl.RaftServerImpl (RaftServerImpl.java:setRole(184)) - b88b3e43-5534-49b3-b3f2-a9f154b450de@group-2FABE92B7E5B: changes role from CANDIDATE to FOLLOWER at term 526 for DISCOVERED_A_NEW_TERM
2019-10-21 23:47:25,964 [b88b3e43-5534-49b3-b3f2-a9f154b450de@group-2FABE92B7E5B-LeaderElection488] INFO  impl.RoleInfo (RoleInfo.java:shutdownLeaderElection(134)) - b88b3e43-5534-49b3-b3f2-a9f154b450de: shutdown LeaderElection
2019-10-21 23:47:25,964 [b88b3e43-5534-49b3-b3f2-a9f154b450de@group-2FABE92B7E5B-LeaderElection488] INFO  impl.RoleInfo (RoleInfo.java:updateAndGet(143)) - b88b3e43-5534-49b3-b3f2-a9f154b450de: start FollowerState
2019-10-21 23:47:26,069 [Thread-3457] INFO  impl.FollowerState (FollowerState.java:run(108)) - b88b3e43-5534-49b3-b3f2-a9f154b450de@group-2FABE92B7E5B-FollowerState: change to CANDIDATE, lastRpcTime:104ms, electionTimeout:104ms
2019-10-21 23:47:26,069 [Thread-3457] INFO  impl.RoleInfo (RoleInfo.java:shutdownFollowerState(121)) - b88b3e43-5534-49b3-b3f2-a9f154b450de: shutdown FollowerState
2019-10-21 23:47:26,069 [Thread-3457] INFO  impl.RaftServerImpl (RaftServerImpl.java:setRole(184)) - b88b3e43-5534-49b3-b3f2-a9f154b450de@group-2FABE92B7E5B: changes role from  FOLLOWER to CANDIDATE at term 526 for changeToCandidate
2019-10-21 23:47:26,069 [Thread-3457] INFO  impl.RoleInfo (RoleInfo.java:updateAndGet(143)) - b88b3e43-5534-49b3-b3f2-a9f154b450de: start LeaderElection
2019-10-21 23:47:26,083 [b88b3e43-5534-49b3-b3f2-a9f154b450de@group-2FABE92B7E5B-LeaderElection489] INFO  impl.LeaderElection (LeaderElection.java:askForVotes(178)) - b88b3e43-5534-49b3-b3f2-a9f154b450de@group-2FABE92B7E5B-LeaderElection489: begin an election at term 527 for -1: [c58a0a02-acd3-47c8-b3e9-5b8e0493de45:192.168.157.254:33611, 1360619e-ba1e-4bf9-aec1-9f15b5480b27:192.168.157.254:45658, b88b3e43-5534-49b3-b3f2-a9f154b450de:192.168.157.254:46786], old=null
2019-10-21 23:47:26,085 [grpc-default-executor-2] INFO  impl.RaftServerImpl (RaftServerImpl.java:setRole(184)) - 1360619e-ba1e-4bf9-aec1-9f15b5480b27@group-2FABE92B7E5B: changes role from  FOLLOWER to FOLLOWER at term 527 for recognizeCandidate:b88b3e43-5534-49b3-b3f2-a9f154b450de
2019-10-21 23:47:26,085 [grpc-default-executor-1] INFO  impl.RaftServerImpl (RaftServerImpl.java:setRole(184)) - c58a0a02-acd3-47c8-b3e9-5b8e0493de45@group-2FABE92B7E5B: changes role from  FOLLOWER to FOLLOWER at term 527 for recognizeCandidate:b88b3e43-5534-49b3-b3f2-a9f154b450de
2019-10-21 23:47:26,085 [grpc-default-executor-2] INFO  impl.RoleInfo (RoleInfo.java:shutdownFollowerState(121)) - 1360619e-ba1e-4bf9-aec1-9f15b5480b27: shutdown FollowerState
2019-10-21 23:47:26,085 [grpc-default-executor-1] INFO  impl.RoleInfo (RoleInfo.java:shutdownFollowerState(121)) - c58a0a02-acd3-47c8-b3e9-5b8e0493de45: shutdown FollowerState
2019-10-21 23:47:26,086 [Thread-3456] INFO  impl.FollowerState (FollowerState.java:run(117)) - 1360619e-ba1e-4bf9-aec1-9f15b5480b27@group-2FABE92B7E5B-FollowerState was interrupted: java.lang.InterruptedException: sleep interrupted
2019-10-21 23:47:26,086 [grpc-default-executor-2] INFO  impl.RoleInfo (RoleInfo.java:updateAndGet(143)) - 1360619e-ba1e-4bf9-aec1-9f15b5480b27: start FollowerState
2019-10-21 23:47:26,086 [Thread-3455] INFO  impl.FollowerState (FollowerState.java:run(117)) - c58a0a02-acd3-47c8-b3e9-5b8e0493de45@group-2FABE92B7E5B-FollowerState was interrupted: java.lang.InterruptedException: sleep interrupted
2019-10-21 23:47:26,086 [grpc-default-executor-1] INFO  impl.RoleInfo (RoleInfo.java:updateAndGet(143)) - c58a0a02-acd3-47c8-b3e9-5b8e0493de45: start FollowerState
2019-10-21 23:47:26,100 [b88b3e43-5534-49b3-b3f2-a9f154b450de@group-2FABE92B7E5B-LeaderElection489] INFO  impl.LeaderElection (LeaderElection.java:logAndReturn(56)) - b88b3e43-5534-49b3-b3f2-a9f154b450de@group-2FABE92B7E5B-LeaderElection489: Election REJECTED; received 2 response(s) [b88b3e43-5534-49b3-b3f2-a9f154b450de<-c58a0a02-acd3-47c8-b3e9-5b8e0493de45#0:FAIL-t527, b88b3e43-5534-49b3-b3f2-a9f154b450de<-1360619e-ba1e-4bf9-aec1-9f15b5480b27#0:FAIL-t527] and 0 exception(s); b88b3e43-5534-49b3-b3f2-a9f154b450de@group-2FABE92B7E5B:t527, leader=null, voted=b88b3e43-5534-49b3-b3f2-a9f154b450de, raftlog=b88b3e43-5534-49b3-b3f2-a9f154b450de@group-2FABE92B7E5B-SegmentedRaftLog:OPENED:c-1,f-1,i0, conf=-1: [c58a0a02-acd3-47c8-b3e9-5b8e0493de45:192.168.157.254:33611, 1360619e-ba1e-4bf9-aec1-9f15b5480b27:192.168.157.254:45658, b88b3e43-5534-49b3-b3f2-a9f154b450de:192.168.157.254:46786], old=null
2019-10-21 23:47:26,100 [b88b3e43-5534-49b3-b3f2-a9f154b450de@group-2FABE92B7E5B-LeaderElection489] INFO  impl.RaftServerImpl (RaftServerImpl.java:setRole(184)) - b88b3e43-5534-49b3-b3f2-a9f154b450de@group-2FABE92B7E5B: changes role from CANDIDATE to FOLLOWER at term 527 for DISCOVERED_A_NEW_TERM
2019-10-21 23:47:26,100 [b88b3e43-5534-49b3-b3f2-a9f154b450de@group-2FABE92B7E5B-LeaderElection489] INFO  impl.RoleInfo (RoleInfo.java:shutdownLeaderElection(134)) - b88b3e43-5534-49b3-b3f2-a9f154b450de: shutdown LeaderElection
2019-10-21 23:47:26,100 [b88b3e43-5534-49b3-b3f2-a9f154b450de@group-2FABE92B7E5B-LeaderElection489] INFO  impl.RoleInfo (RoleInfo.java:updateAndGet(143)) - b88b3e43-5534-49b3-b3f2-a9f154b450de: start FollowerState
2019-10-21 23:47:26,159 [Thread-3463] INFO  impl.FollowerState (FollowerState.java:run(108)) - b88b3e43-5534-49b3-b3f2-a9f154b450de@group-2FABE92B7E5B-FollowerState: change to CANDIDATE, lastRpcTime:58ms, electionTimeout:58ms
2019-10-21 23:47:26,159 [Thread-3463] INFO  impl.RoleInfo (RoleInfo.java:shutdownFollowerState(121)) - b88b3e43-5534-49b3-b3f2-a9f154b450de: shutdown FollowerState
2019-10-21 23:47:26,159 [Thread-3463] INFO  impl.RaftServerImpl (RaftServerImpl.java:setRole(184)) - b88b3e43-5534-49b3-b3f2-a9f154b450de@group-2FABE92B7E5B: changes role from  FOLLOWER to CANDIDATE at term 527 for changeToCandidate
2019-10-21 23:47:26,159 [Thread-3463] INFO  impl.RoleInfo (RoleInfo.java:updateAndGet(143)) - b88b3e43-5534-49b3-b3f2-a9f154b450de: start LeaderElection
2019-10-21 23:47:26,172 [b88b3e43-5534-49b3-b3f2-a9f154b450de@group-2FABE92B7E5B-LeaderElection490] INFO  impl.LeaderElection (LeaderElection.java:askForVotes(178)) - b88b3e43-5534-49b3-b3f2-a9f154b450de@group-2FABE92B7E5B-LeaderElection490: begin an election at term 528 for -1: [c58a0a02-acd3-47c8-b3e9-5b8e0493de45:192.168.157.254:33611, 1360619e-ba1e-4bf9-aec1-9f15b5480b27:192.168.157.254:45658, b88b3e43-5534-49b3-b3f2-a9f154b450de:192.168.157.254:46786], old=null
2019-10-21 23:47:26,174 [grpc-default-executor-2] INFO  impl.RaftServerImpl (RaftServerImpl.java:setRole(184)) - c58a0a02-acd3-47c8-b3e9-5b8e0493de45@group-2FABE92B7E5B: changes role from  FOLLOWER to FOLLOWER at term 528 for recognizeCandidate:b88b3e43-5534-49b3-b3f2-a9f154b450de
2019-10-21 23:47:26,174 [grpc-default-executor-2] INFO  impl.RoleInfo (RoleInfo.java:shutdownFollowerState(121)) - c58a0a02-acd3-47c8-b3e9-5b8e0493de45: shutdown FollowerState
2019-10-21 23:47:26,174 [grpc-default-executor-2] INFO  impl.RoleInfo (RoleInfo.java:updateAndGet(143)) - c58a0a02-acd3-47c8-b3e9-5b8e0493de45: start FollowerState
2019-10-21 23:47:26,174 [Thread-3462] INFO  impl.FollowerState (FollowerState.java:run(117)) - c58a0a02-acd3-47c8-b3e9-5b8e0493de45@group-2FABE92B7E5B-FollowerState was interrupted: java.lang.InterruptedException: sleep interrupted
2019-10-21 23:47:26,174 [grpc-default-executor-1] INFO  impl.RaftServerImpl (RaftServerImpl.java:setRole(184)) - 1360619e-ba1e-4bf9-aec1-9f15b5480b27@group-2FABE92B7E5B: changes role from  FOLLOWER to FOLLOWER at term 528 for recognizeCandidate:b88b3e43-5534-49b3-b3f2-a9f154b450de
2019-10-21 23:47:26,174 [grpc-default-executor-1] INFO  impl.RoleInfo (RoleInfo.java:shutdownFollowerState(121)) - 1360619e-ba1e-4bf9-aec1-9f15b5480b27: shutdown FollowerState
2019-10-21 23:47:26,175 [grpc-default-executor-1] INFO  impl.RoleInfo (RoleInfo.java:updateAndGet(143)) - 1360619e-ba1e-4bf9-aec1-9f15b5480b27: start FollowerState
2019-10-21 23:47:26,175 [Thread-3461] INFO  impl.FollowerState (FollowerState.java:run(117)) - 1360619e-ba1e-4bf9-aec1-9f15b5480b27@group-2FABE92B7E5B-FollowerState was interrupted: java.lang.InterruptedException: sleep interrupted
2019-10-21 23:47:26,189 [b88b3e43-5534-49b3-b3f2-a9f154b450de@group-2FABE92B7E5B-LeaderElection490] INFO  impl.LeaderElection (LeaderElection.java:logAndReturn(56)) - b88b3e43-5534-49b3-b3f2-a9f154b450de@group-2FABE92B7E5B-LeaderElection490: Election REJECTED; received 2 response(s) [b88b3e43-5534-49b3-b3f2-a9f154b450de<-c58a0a02-acd3-47c8-b3e9-5b8e0493de45#0:FAIL-t528, b88b3e43-5534-49b3-b3f2-a9f154b450de<-1360619e-ba1e-4bf9-aec1-9f15b5480b27#0:FAIL-t528] and 0 exception(s); b88b3e43-5534-49b3-b3f2-a9f154b450de@group-2FABE92B7E5B:t528, leader=null, voted=b88b3e43-5534-49b3-b3f2-a9f154b450de, raftlog=b88b3e43-5534-49b3-b3f2-a9f154b450de@group-2FABE92B7E5B-SegmentedRaftLog:OPENED:c-1,f-1,i0, conf=-1: [c58a0a02-acd3-47c8-b3e9-5b8e0493de45:192.168.157.254:33611, 1360619e-ba1e-4bf9-aec1-9f15b5480b27:192.168.157.254:45658, b88b3e43-5534-49b3-b3f2-a9f154b450de:192.168.157.254:46786], old=null
2019-10-21 23:47:26,189 [b88b3e43-5534-49b3-b3f2-a9f154b450de@group-2FABE92B7E5B-LeaderElection490] INFO  impl.RaftServerImpl (RaftServerImpl.java:setRole(184)) - b88b3e43-5534-49b3-b3f2-a9f154b450de@group-2FABE92B7E5B: changes role from CANDIDATE to FOLLOWER at term 528 for DISCOVERED_A_NEW_TERM
2019-10-21 23:47:26,189 [b88b3e43-5534-49b3-b3f2-a9f154b450de@group-2FABE92B7E5B-LeaderElection490] INFO  impl.RoleInfo (RoleInfo.java:shutdownLeaderElection(134)) - b88b3e43-5534-49b3-b3f2-a9f154b450de: shutdown LeaderElection
2019-10-21 23:47:26,189 [b88b3e43-5534-49b3-b3f2-a9f154b450de@group-2FABE92B7E5B-LeaderElection490] INFO  impl.RoleInfo (RoleInfo.java:updateAndGet(143)) - b88b3e43-5534-49b3-b3f2-a9f154b450de: start FollowerState
2019-10-21 23:47:26,228 [Thread-296] INFO  ipc.Client (Client.java:handleConnectionFailure(948)) - Retrying connect to server: localhost/127.0.0.1:41866. Already tried 4 time(s); retry policy is RetryUpToMaximumCountWithFixedSleep(maxRetries=10, sleepTime=1000 MILLISECONDS)
2019-10-21 23:47:26,264 [main] INFO  ozoneimpl.OzoneContainer (OzoneContainer.java:stop(227)) - Attempting to stop container services.
2019-10-21 23:47:26,264 [ForkJoinPool.commonPool-worker-0] INFO  ozoneimpl.OzoneContainer (OzoneContainer.java:stop(227)) - Attempting to stop container services.
2019-10-21 23:47:26,265 [main] INFO  impl.RaftServerProxy (RaftServerProxy.java:lambda$close$4(314)) - 2d94e77f-9391-4752-a0b9-35f68ed45d4f: close
2019-10-21 23:47:26,265 [main] INFO  impl.RaftServerImpl (RaftServerImpl.java:lambda$shutdown$3(261)) - 2d94e77f-9391-4752-a0b9-35f68ed45d4f@group-451E71657E4C: shutdown
2019-10-21 23:47:26,265 [ForkJoinPool.commonPool-worker-0] INFO  impl.RaftServerProxy (RaftServerProxy.java:lambda$close$4(314)) - c58a0a02-acd3-47c8-b3e9-5b8e0493de45: close
2019-10-21 23:47:26,266 [main] INFO  util.JmxRegister (JmxRegister.java:unregister(73)) - Successfully un-registered JMX Bean with object name Ratis:service=RaftServer,group=group-451E71657E4C,id=2d94e77f-9391-4752-a0b9-35f68ed45d4f
2019-10-21 23:47:26,266 [main] INFO  impl.RoleInfo (RoleInfo.java:shutdownLeaderState(104)) - 2d94e77f-9391-4752-a0b9-35f68ed45d4f: shutdown LeaderState
2019-10-21 23:47:26,266 [ForkJoinPool.commonPool-worker-0] INFO  impl.RaftServerImpl (RaftServerImpl.java:lambda$shutdown$3(261)) - c58a0a02-acd3-47c8-b3e9-5b8e0493de45@group-36633553C35C: shutdown
2019-10-21 23:47:26,266 [main] INFO  impl.PendingRequests (PendingRequests.java:sendNotLeaderResponses(202)) - 2d94e77f-9391-4752-a0b9-35f68ed45d4f@group-451E71657E4C-PendingRequests: sendNotLeaderResponses
2019-10-21 23:47:26,266 [ForkJoinPool.commonPool-worker-0] INFO  util.JmxRegister (JmxRegister.java:unregister(73)) - Successfully un-registered JMX Bean with object name Ratis:service=RaftServer,group=group-36633553C35C,id=c58a0a02-acd3-47c8-b3e9-5b8e0493de45
2019-10-21 23:47:26,267 [ForkJoinPool.commonPool-worker-0] INFO  impl.RoleInfo (RoleInfo.java:shutdownLeaderState(104)) - c58a0a02-acd3-47c8-b3e9-5b8e0493de45: shutdown LeaderState
2019-10-21 23:47:26,267 [main] INFO  impl.StateMachineUpdater (StateMachineUpdater.java:stopAndJoin(136)) - 2d94e77f-9391-4752-a0b9-35f68ed45d4f@group-451E71657E4C-StateMachineUpdater: set stopIndex = 0
2019-10-21 23:47:26,269 [ForkJoinPool.commonPool-worker-0] INFO  impl.PendingRequests (PendingRequests.java:sendNotLeaderResponses(202)) - c58a0a02-acd3-47c8-b3e9-5b8e0493de45@group-36633553C35C-PendingRequests: sendNotLeaderResponses
2019-10-21 23:47:26,269 [main] INFO  impl.RaftServerImpl (ServerState.java:close(388)) - 2d94e77f-9391-4752-a0b9-35f68ed45d4f@group-451E71657E4C: closes. applyIndex: 0
2019-10-21 23:47:26,270 [ForkJoinPool.commonPool-worker-0] INFO  impl.StateMachineUpdater (StateMachineUpdater.java:stopAndJoin(136)) - c58a0a02-acd3-47c8-b3e9-5b8e0493de45@group-36633553C35C-StateMachineUpdater: set stopIndex = 0
2019-10-21 23:47:26,270 [ForkJoinPool.commonPool-worker-0] INFO  impl.RaftServerImpl (ServerState.java:close(388)) - c58a0a02-acd3-47c8-b3e9-5b8e0493de45@group-36633553C35C: closes. applyIndex: 0
2019-10-21 23:47:26,270 [2d94e77f-9391-4752-a0b9-35f68ed45d4f@group-451E71657E4C-SegmentedRaftLogWorker] INFO  segmented.SegmentedRaftLogWorker (SegmentedRaftLogWorker.java:run(316)) - 2d94e77f-9391-4752-a0b9-35f68ed45d4f@group-451E71657E4C-SegmentedRaftLogWorker was interrupted, exiting. There are 0 tasks remaining in the queue.
2019-10-21 23:47:26,270 [c58a0a02-acd3-47c8-b3e9-5b8e0493de45@group-36633553C35C-SegmentedRaftLogWorker] INFO  segmented.SegmentedRaftLogWorker (SegmentedRaftLogWorker.java:run(316)) - c58a0a02-acd3-47c8-b3e9-5b8e0493de45@group-36633553C35C-SegmentedRaftLogWorker was interrupted, exiting. There are 0 tasks remaining in the queue.
2019-10-21 23:47:26,273 [main] INFO  segmented.SegmentedRaftLogWorker (SegmentedRaftLogWorker.java:close(224)) - 2d94e77f-9391-4752-a0b9-35f68ed45d4f@group-451E71657E4C-SegmentedRaftLogWorker close()
2019-10-21 23:47:26,273 [ForkJoinPool.commonPool-worker-0] INFO  segmented.SegmentedRaftLogWorker (SegmentedRaftLogWorker.java:close(224)) - c58a0a02-acd3-47c8-b3e9-5b8e0493de45@group-36633553C35C-SegmentedRaftLogWorker close()
2019-10-21 23:47:26,275 [main] INFO  server.GrpcService (GrpcService.java:closeImpl(164)) - 2d94e77f-9391-4752-a0b9-35f68ed45d4f: shutdown server with port 38418 now
2019-10-21 23:47:26,277 [ForkJoinPool.commonPool-worker-0] INFO  impl.RaftServerImpl (RaftServerImpl.java:lambda$shutdown$3(261)) - c58a0a02-acd3-47c8-b3e9-5b8e0493de45@group-2FABE92B7E5B: shutdown
2019-10-21 23:47:26,277 [ForkJoinPool.commonPool-worker-0] INFO  util.JmxRegister (JmxRegister.java:unregister(73)) - Successfully un-registered JMX Bean with object name Ratis:service=RaftServer,group=group-2FABE92B7E5B,id=c58a0a02-acd3-47c8-b3e9-5b8e0493de45
2019-10-21 23:47:26,278 [main] INFO  server.GrpcService (GrpcService.java:closeImpl(172)) - 2d94e77f-9391-4752-a0b9-35f68ed45d4f: shutdown server with port 38418 successfully
2019-10-21 23:47:26,278 [ForkJoinPool.commonPool-worker-0] INFO  impl.RoleInfo (RoleInfo.java:shutdownFollowerState(121)) - c58a0a02-acd3-47c8-b3e9-5b8e0493de45: shutdown FollowerState
2019-10-21 23:47:26,279 [ForkJoinPool.commonPool-worker-0] INFO  impl.StateMachineUpdater (StateMachineUpdater.java:stopAndJoin(136)) - c58a0a02-acd3-47c8-b3e9-5b8e0493de45@group-2FABE92B7E5B-StateMachineUpdater: set stopIndex = -1
2019-10-21 23:47:26,279 [Thread-3467] INFO  impl.FollowerState (FollowerState.java:run(117)) - c58a0a02-acd3-47c8-b3e9-5b8e0493de45@group-2FABE92B7E5B-FollowerState was interrupted: java.lang.InterruptedException: sleep interrupted
2019-10-21 23:47:26,279 [ForkJoinPool.commonPool-worker-0] INFO  impl.RaftServerImpl (ServerState.java:close(388)) - c58a0a02-acd3-47c8-b3e9-5b8e0493de45@group-2FABE92B7E5B: closes. applyIndex: -1
2019-10-21 23:47:26,280 [c58a0a02-acd3-47c8-b3e9-5b8e0493de45@group-2FABE92B7E5B-SegmentedRaftLogWorker] INFO  segmented.SegmentedRaftLogWorker (SegmentedRaftLogWorker.java:run(316)) - c58a0a02-acd3-47c8-b3e9-5b8e0493de45@group-2FABE92B7E5B-SegmentedRaftLogWorker was interrupted, exiting. There are 0 tasks remaining in the queue.
2019-10-21 23:47:26,281 [ForkJoinPool.commonPool-worker-0] INFO  segmented.SegmentedRaftLogWorker (SegmentedRaftLogWorker.java:close(224)) - c58a0a02-acd3-47c8-b3e9-5b8e0493de45@group-2FABE92B7E5B-SegmentedRaftLogWorker close()
2019-10-21 23:47:26,283 [ForkJoinPool.commonPool-worker-0] INFO  server.GrpcService (GrpcService.java:closeImpl(164)) - c58a0a02-acd3-47c8-b3e9-5b8e0493de45: shutdown server with port 33611 now
2019-10-21 23:47:26,286 [ForkJoinPool.commonPool-worker-0] INFO  server.GrpcService (GrpcService.java:closeImpl(172)) - c58a0a02-acd3-47c8-b3e9-5b8e0493de45: shutdown server with port 33611 successfully
2019-10-21 23:47:26,291 [refreshUsed-/workdir/hadoop-ozone/integration-test/target/test-dir/MiniOzoneClusterImpl-03ba4f64-2230-4ee7-8bd6-fbf0e67d2e92/datanode-2/data/containers] WARN  fs.CachingGetSpaceUsed (CachingGetSpaceUsed.java:run(183)) - Thread Interrupted waiting to refresh disk information: sleep interrupted
2019-10-21 23:47:26,293 [refreshUsed-/workdir/hadoop-ozone/integration-test/target/test-dir/MiniOzoneClusterImpl-03ba4f64-2230-4ee7-8bd6-fbf0e67d2e92/datanode-1/data/containers] WARN  fs.CachingGetSpaceUsed (CachingGetSpaceUsed.java:run(183)) - Thread Interrupted waiting to refresh disk information: sleep interrupted
2019-10-21 23:47:26,302 [Thread-3469] INFO  impl.FollowerState (FollowerState.java:run(108)) - b88b3e43-5534-49b3-b3f2-a9f154b450de@group-2FABE92B7E5B-FollowerState: change to CANDIDATE, lastRpcTime:113ms, electionTimeout:113ms
2019-10-21 23:47:26,303 [Thread-3469] INFO  impl.RoleInfo (RoleInfo.java:shutdownFollowerState(121)) - b88b3e43-5534-49b3-b3f2-a9f154b450de: shutdown FollowerState
2019-10-21 23:47:26,303 [Thread-3469] INFO  impl.RaftServerImpl (RaftServerImpl.java:setRole(184)) - b88b3e43-5534-49b3-b3f2-a9f154b450de@group-2FABE92B7E5B: changes role from  FOLLOWER to CANDIDATE at term 528 for changeToCandidate
2019-10-21 23:47:26,303 [Thread-3469] INFO  impl.RoleInfo (RoleInfo.java:updateAndGet(143)) - b88b3e43-5534-49b3-b3f2-a9f154b450de: start LeaderElection
2019-10-21 23:47:26,315 [ForkJoinPool.commonPool-worker-0] INFO  utils.BackgroundService (BackgroundService.java:shutdown(151)) - Shutting down service BlockDeletingService
2019-10-21 23:47:26,319 [ForkJoinPool.commonPool-worker-0] INFO  statemachine.DatanodeStateMachine (DatanodeStateMachine.java:stopDaemon(395)) - Ozone container server stopped.
2019-10-21 23:47:26,322 [ForkJoinPool.commonPool-worker-0] INFO  handler.ContextHandler (ContextHandler.java:doStop(910)) - Stopped o.e.j.w.WebAppContext@70e94ecb{/,null,UNAVAILABLE}{/hddsDatanode}
2019-10-21 23:47:26,322 [ForkJoinPool.commonPool-worker-0] INFO  server.AbstractConnector (AbstractConnector.java:doStop(318)) - Stopped ServerConnector@56cfe111{HTTP/1.1,[http/1.1]}{0.0.0.0:0}
2019-10-21 23:47:26,323 [ForkJoinPool.commonPool-worker-0] INFO  handler.ContextHandler (ContextHandler.java:doStop(910)) - Stopped o.e.j.s.ServletContextHandler@29a98d9f{/static,jar:file:/home/user/.m2/repository/org/apache/hadoop/hadoop-hdds-container-service/0.5.0-SNAPSHOT/hadoop-hdds-container-service-0.5.0-SNAPSHOT.jar!/webapps/static,UNAVAILABLE}
2019-10-21 23:47:26,324 [ForkJoinPool.commonPool-worker-0] INFO  handler.ContextHandler (ContextHandler.java:doStop(910)) - Stopped o.e.j.s.ServletContextHandler@55d58825{/logs,file:///workdir/hadoop-ozone/integration-test/target/log,UNAVAILABLE}
2019-10-21 23:47:26,325 [main] INFO  utils.BackgroundService (BackgroundService.java:shutdown(151)) - Shutting down service BlockDeletingService
2019-10-21 23:47:26,328 [main] INFO  statemachine.DatanodeStateMachine (DatanodeStateMachine.java:stopDaemon(395)) - Ozone container server stopped.
2019-10-21 23:47:26,329 [main] INFO  handler.ContextHandler (ContextHandler.java:doStop(910)) - Stopped o.e.j.w.WebAppContext@48a0c8aa{/,null,UNAVAILABLE}{/hddsDatanode}
2019-10-21 23:47:26,330 [main] INFO  server.AbstractConnector (AbstractConnector.java:doStop(318)) - Stopped ServerConnector@6192a5d5{HTTP/1.1,[http/1.1]}{0.0.0.0:0}
2019-10-21 23:47:26,330 [b88b3e43-5534-49b3-b3f2-a9f154b450de@group-2FABE92B7E5B-LeaderElection491] INFO  impl.LeaderElection (LeaderElection.java:askForVotes(178)) - b88b3e43-5534-49b3-b3f2-a9f154b450de@group-2FABE92B7E5B-LeaderElection491: begin an election at term 529 for -1: [c58a0a02-acd3-47c8-b3e9-5b8e0493de45:192.168.157.254:33611, 1360619e-ba1e-4bf9-aec1-9f15b5480b27:192.168.157.254:45658, b88b3e43-5534-49b3-b3f2-a9f154b450de:192.168.157.254:46786], old=null
2019-10-21 23:47:26,330 [main] INFO  handler.ContextHandler (ContextHandler.java:doStop(910)) - Stopped o.e.j.s.ServletContextHandler@51ec2856{/static,jar:file:/home/user/.m2/repository/org/apache/hadoop/hadoop-hdds-container-service/0.5.0-SNAPSHOT/hadoop-hdds-container-service-0.5.0-SNAPSHOT.jar!/webapps/static,UNAVAILABLE}
2019-10-21 23:47:26,331 [main] INFO  handler.ContextHandler (ContextHandler.java:doStop(910)) - Stopped o.e.j.s.ServletContextHandler@6fa0450e{/logs,file:///workdir/hadoop-ozone/integration-test/target/log,UNAVAILABLE}
2019-10-21 23:47:26,333 [grpc-default-executor-2] INFO  impl.RaftServerImpl (RaftServerImpl.java:setRole(184)) - 1360619e-ba1e-4bf9-aec1-9f15b5480b27@group-2FABE92B7E5B: changes role from  FOLLOWER to FOLLOWER at term 529 for recognizeCandidate:b88b3e43-5534-49b3-b3f2-a9f154b450de
2019-10-21 23:47:26,333 [grpc-default-executor-2] INFO  impl.RoleInfo (RoleInfo.java:shutdownFollowerState(121)) - 1360619e-ba1e-4bf9-aec1-9f15b5480b27: shutdown FollowerState
2019-10-21 23:47:26,333 [grpc-default-executor-2] INFO  impl.RoleInfo (RoleInfo.java:updateAndGet(143)) - 1360619e-ba1e-4bf9-aec1-9f15b5480b27: start FollowerState
2019-10-21 23:47:26,333 [Thread-3468] INFO  impl.FollowerState (FollowerState.java:run(117)) - 1360619e-ba1e-4bf9-aec1-9f15b5480b27@group-2FABE92B7E5B-FollowerState was interrupted: java.lang.InterruptedException: sleep interrupted
2019-10-21 23:47:26,344 [b88b3e43-5534-49b3-b3f2-a9f154b450de@group-2FABE92B7E5B-LeaderElection491] INFO  impl.LeaderElection (LogUtils.java:infoOrTrace(149)) - b88b3e43-5534-49b3-b3f2-a9f154b450de@group-2FABE92B7E5B-LeaderElection491 got exception when requesting votes: {}
java.util.concurrent.ExecutionException: org.apache.ratis.thirdparty.io.grpc.StatusRuntimeException: UNAVAILABLE: io exception
	at java.util.concurrent.FutureTask.report(FutureTask.java:122)
	at java.util.concurrent.FutureTask.get(FutureTask.java:192)
	at org.apache.ratis.server.impl.LeaderElection.waitForResults(LeaderElection.java:259)
	at org.apache.ratis.server.impl.LeaderElection.askForVotes(LeaderElection.java:197)
	at org.apache.ratis.server.impl.LeaderElection.run(LeaderElection.java:133)
	at java.lang.Thread.run(Thread.java:748)
Caused by: org.apache.ratis.thirdparty.io.grpc.StatusRuntimeException: UNAVAILABLE: io exception
	at org.apache.ratis.thirdparty.io.grpc.stub.ClientCalls.toStatusRuntimeException(ClientCalls.java:233)
	at org.apache.ratis.thirdparty.io.grpc.stub.ClientCalls.getUnchecked(ClientCalls.java:214)
	at org.apache.ratis.thirdparty.io.grpc.stub.ClientCalls.blockingUnaryCall(ClientCalls.java:139)
	at org.apache.ratis.proto.grpc.RaftServerProtocolServiceGrpc$RaftServerProtocolServiceBlockingStub.requestVote(RaftServerProtocolServiceGrpc.java:265)
	at org.apache.ratis.grpc.server.GrpcServerProtocolClient.requestVote(GrpcServerProtocolClient.java:99)
	at org.apache.ratis.grpc.server.GrpcService.requestVote(GrpcService.java:204)
	at org.apache.ratis.server.impl.LeaderElection.lambda$submitRequests$1(LeaderElection.java:234)
	at java.util.concurrent.FutureTask.run(FutureTask.java:266)
	at java.util.concurrent.Executors$RunnableAdapter.call(Executors.java:511)
	at java.util.concurrent.FutureTask.run(FutureTask.java:266)
	at java.util.concurrent.ThreadPoolExecutor.runWorker(ThreadPoolExecutor.java:1149)
	at java.util.concurrent.ThreadPoolExecutor$Worker.run(ThreadPoolExecutor.java:624)
	... 1 more
Caused by: org.apache.ratis.thirdparty.io.netty.channel.AbstractChannel$AnnotatedConnectException: Connection refused: /192.168.157.254:33611
	at sun.nio.ch.SocketChannelImpl.checkConnect(Native Method)
	at sun.nio.ch.SocketChannelImpl.finishConnect(SocketChannelImpl.java:717)
	at org.apache.ratis.thirdparty.io.netty.channel.socket.nio.NioSocketChannel.doFinishConnect(NioSocketChannel.java:327)
	at org.apache.ratis.thirdparty.io.netty.channel.nio.AbstractNioChannel$AbstractNioUnsafe.finishConnect(AbstractNioChannel.java:340)
	at org.apache.ratis.thirdparty.io.netty.channel.nio.NioEventLoop.processSelectedKey(NioEventLoop.java:632)
	at org.apache.ratis.thirdparty.io.netty.channel.nio.NioEventLoop.processSelectedKeysOptimized(NioEventLoop.java:579)
	at org.apache.ratis.thirdparty.io.netty.channel.nio.NioEventLoop.processSelectedKeys(NioEventLoop.java:496)
	at org.apache.ratis.thirdparty.io.netty.channel.nio.NioEventLoop.run(NioEventLoop.java:458)
	at org.apache.ratis.thirdparty.io.netty.util.concurrent.SingleThreadEventExecutor$5.run(SingleThreadEventExecutor.java:897)
	at org.apache.ratis.thirdparty.io.netty.util.concurrent.FastThreadLocalRunnable.run(FastThreadLocalRunnable.java:30)
	... 1 more
Caused by: java.net.ConnectException: Connection refused
	... 11 more
2019-10-21 23:47:26,347 [b88b3e43-5534-49b3-b3f2-a9f154b450de@group-2FABE92B7E5B-LeaderElection491] INFO  impl.LeaderElection (LeaderElection.java:logAndReturn(56)) - b88b3e43-5534-49b3-b3f2-a9f154b450de@group-2FABE92B7E5B-LeaderElection491: Election REJECTED; received 1 response(s) [b88b3e43-5534-49b3-b3f2-a9f154b450de<-1360619e-ba1e-4bf9-aec1-9f15b5480b27#0:FAIL-t529] and 1 exception(s); b88b3e43-5534-49b3-b3f2-a9f154b450de@group-2FABE92B7E5B:t529, leader=null, voted=b88b3e43-5534-49b3-b3f2-a9f154b450de, raftlog=b88b3e43-5534-49b3-b3f2-a9f154b450de@group-2FABE92B7E5B-SegmentedRaftLog:OPENED:c-1,f-1,i0, conf=-1: [c58a0a02-acd3-47c8-b3e9-5b8e0493de45:192.168.157.254:33611, 1360619e-ba1e-4bf9-aec1-9f15b5480b27:192.168.157.254:45658, b88b3e43-5534-49b3-b3f2-a9f154b450de:192.168.157.254:46786], old=null
2019-10-21 23:47:26,348 [b88b3e43-5534-49b3-b3f2-a9f154b450de@group-2FABE92B7E5B-LeaderElection491] INFO  impl.LeaderElection (LogUtils.java:infoOrTrace(149)) -   Exception 0: {}
java.util.concurrent.ExecutionException: org.apache.ratis.thirdparty.io.grpc.StatusRuntimeException: UNAVAILABLE: io exception
	at java.util.concurrent.FutureTask.report(FutureTask.java:122)
	at java.util.concurrent.FutureTask.get(FutureTask.java:192)
	at org.apache.ratis.server.impl.LeaderElection.waitForResults(LeaderElection.java:259)
	at org.apache.ratis.server.impl.LeaderElection.askForVotes(LeaderElection.java:197)
	at org.apache.ratis.server.impl.LeaderElection.run(LeaderElection.java:133)
	at java.lang.Thread.run(Thread.java:748)
Caused by: org.apache.ratis.thirdparty.io.grpc.StatusRuntimeException: UNAVAILABLE: io exception
	at org.apache.ratis.thirdparty.io.grpc.stub.ClientCalls.toStatusRuntimeException(ClientCalls.java:233)
	at org.apache.ratis.thirdparty.io.grpc.stub.ClientCalls.getUnchecked(ClientCalls.java:214)
	at org.apache.ratis.thirdparty.io.grpc.stub.ClientCalls.blockingUnaryCall(ClientCalls.java:139)
	at org.apache.ratis.proto.grpc.RaftServerProtocolServiceGrpc$RaftServerProtocolServiceBlockingStub.requestVote(RaftServerProtocolServiceGrpc.java:265)
	at org.apache.ratis.grpc.server.GrpcServerProtocolClient.requestVote(GrpcServerProtocolClient.java:99)
	at org.apache.ratis.grpc.server.GrpcService.requestVote(GrpcService.java:204)
	at org.apache.ratis.server.impl.LeaderElection.lambda$submitRequests$1(LeaderElection.java:234)
	at java.util.concurrent.FutureTask.run(FutureTask.java:266)
	at java.util.concurrent.Executors$RunnableAdapter.call(Executors.java:511)
	at java.util.concurrent.FutureTask.run(FutureTask.java:266)
	at java.util.concurrent.ThreadPoolExecutor.runWorker(ThreadPoolExecutor.java:1149)
	at java.util.concurrent.ThreadPoolExecutor$Worker.run(ThreadPoolExecutor.java:624)
	... 1 more
Caused by: org.apache.ratis.thirdparty.io.netty.channel.AbstractChannel$AnnotatedConnectException: Connection refused: /192.168.157.254:33611
	at sun.nio.ch.SocketChannelImpl.checkConnect(Native Method)
	at sun.nio.ch.SocketChannelImpl.finishConnect(SocketChannelImpl.java:717)
	at org.apache.ratis.thirdparty.io.netty.channel.socket.nio.NioSocketChannel.doFinishConnect(NioSocketChannel.java:327)
	at org.apache.ratis.thirdparty.io.netty.channel.nio.AbstractNioChannel$AbstractNioUnsafe.finishConnect(AbstractNioChannel.java:340)
	at org.apache.ratis.thirdparty.io.netty.channel.nio.NioEventLoop.processSelectedKey(NioEventLoop.java:632)
	at org.apache.ratis.thirdparty.io.netty.channel.nio.NioEventLoop.processSelectedKeysOptimized(NioEventLoop.java:579)
	at org.apache.ratis.thirdparty.io.netty.channel.nio.NioEventLoop.processSelectedKeys(NioEventLoop.java:496)
	at org.apache.ratis.thirdparty.io.netty.channel.nio.NioEventLoop.run(NioEventLoop.java:458)
	at org.apache.ratis.thirdparty.io.netty.util.concurrent.SingleThreadEventExecutor$5.run(SingleThreadEventExecutor.java:897)
	at org.apache.ratis.thirdparty.io.netty.util.concurrent.FastThreadLocalRunnable.run(FastThreadLocalRunnable.java:30)
	... 1 more
Caused by: java.net.ConnectException: Connection refused
	... 11 more
2019-10-21 23:47:26,349 [b88b3e43-5534-49b3-b3f2-a9f154b450de@group-2FABE92B7E5B-LeaderElection491] INFO  impl.RaftServerImpl (RaftServerImpl.java:setRole(184)) - b88b3e43-5534-49b3-b3f2-a9f154b450de@group-2FABE92B7E5B: changes role from CANDIDATE to FOLLOWER at term 529 for DISCOVERED_A_NEW_TERM
2019-10-21 23:47:26,349 [b88b3e43-5534-49b3-b3f2-a9f154b450de@group-2FABE92B7E5B-LeaderElection491] INFO  impl.RoleInfo (RoleInfo.java:shutdownLeaderElection(134)) - b88b3e43-5534-49b3-b3f2-a9f154b450de: shutdown LeaderElection
2019-10-21 23:47:26,349 [b88b3e43-5534-49b3-b3f2-a9f154b450de@group-2FABE92B7E5B-LeaderElection491] INFO  impl.RoleInfo (RoleInfo.java:updateAndGet(143)) - b88b3e43-5534-49b3-b3f2-a9f154b450de: start FollowerState
2019-10-21 23:47:26,361 [Datanode State Machine Thread - 0] INFO  statemachine.DatanodeStateMachine (DatanodeStateMachine.java:lambda$startDaemon$0(350)) - Ozone container server started.
2019-10-21 23:47:26,365 [Thread-3474] INFO  impl.FollowerState (FollowerState.java:run(108)) - b88b3e43-5534-49b3-b3f2-a9f154b450de@group-2FABE92B7E5B-FollowerState: change to CANDIDATE, lastRpcTime:16ms, electionTimeout:16ms
2019-10-21 23:47:26,365 [Thread-3474] INFO  impl.RoleInfo (RoleInfo.java:shutdownFollowerState(121)) - b88b3e43-5534-49b3-b3f2-a9f154b450de: shutdown FollowerState
2019-10-21 23:47:26,366 [Thread-3474] INFO  impl.RaftServerImpl (RaftServerImpl.java:setRole(184)) - b88b3e43-5534-49b3-b3f2-a9f154b450de@group-2FABE92B7E5B: changes role from  FOLLOWER to CANDIDATE at term 529 for changeToCandidate
2019-10-21 23:47:26,366 [Thread-3474] INFO  impl.RoleInfo (RoleInfo.java:updateAndGet(143)) - b88b3e43-5534-49b3-b3f2-a9f154b450de: start LeaderElection
2019-10-21 23:47:26,378 [b88b3e43-5534-49b3-b3f2-a9f154b450de@group-2FABE92B7E5B-LeaderElection492] INFO  impl.LeaderElection (LeaderElection.java:askForVotes(178)) - b88b3e43-5534-49b3-b3f2-a9f154b450de@group-2FABE92B7E5B-LeaderElection492: begin an election at term 530 for -1: [c58a0a02-acd3-47c8-b3e9-5b8e0493de45:192.168.157.254:33611, 1360619e-ba1e-4bf9-aec1-9f15b5480b27:192.168.157.254:45658, b88b3e43-5534-49b3-b3f2-a9f154b450de:192.168.157.254:46786], old=null
2019-10-21 23:47:26,379 [b88b3e43-5534-49b3-b3f2-a9f154b450de@group-2FABE92B7E5B-LeaderElection492] INFO  impl.LeaderElection (LogUtils.java:infoOrTrace(149)) - b88b3e43-5534-49b3-b3f2-a9f154b450de@group-2FABE92B7E5B-LeaderElection492 got exception when requesting votes: {}
java.util.concurrent.ExecutionException: org.apache.ratis.thirdparty.io.grpc.StatusRuntimeException: UNAVAILABLE: io exception
	at java.util.concurrent.FutureTask.report(FutureTask.java:122)
	at java.util.concurrent.FutureTask.get(FutureTask.java:192)
	at org.apache.ratis.server.impl.LeaderElection.waitForResults(LeaderElection.java:259)
	at org.apache.ratis.server.impl.LeaderElection.askForVotes(LeaderElection.java:197)
	at org.apache.ratis.server.impl.LeaderElection.run(LeaderElection.java:133)
	at java.lang.Thread.run(Thread.java:748)
Caused by: org.apache.ratis.thirdparty.io.grpc.StatusRuntimeException: UNAVAILABLE: io exception
	at org.apache.ratis.thirdparty.io.grpc.stub.ClientCalls.toStatusRuntimeException(ClientCalls.java:233)
	at org.apache.ratis.thirdparty.io.grpc.stub.ClientCalls.getUnchecked(ClientCalls.java:214)
	at org.apache.ratis.thirdparty.io.grpc.stub.ClientCalls.blockingUnaryCall(ClientCalls.java:139)
	at org.apache.ratis.proto.grpc.RaftServerProtocolServiceGrpc$RaftServerProtocolServiceBlockingStub.requestVote(RaftServerProtocolServiceGrpc.java:265)
	at org.apache.ratis.grpc.server.GrpcServerProtocolClient.requestVote(GrpcServerProtocolClient.java:99)
	at org.apache.ratis.grpc.server.GrpcService.requestVote(GrpcService.java:204)
	at org.apache.ratis.server.impl.LeaderElection.lambda$submitRequests$1(LeaderElection.java:234)
	at java.util.concurrent.FutureTask.run(FutureTask.java:266)
	at java.util.concurrent.Executors$RunnableAdapter.call(Executors.java:511)
	at java.util.concurrent.FutureTask.run(FutureTask.java:266)
	at java.util.concurrent.ThreadPoolExecutor.runWorker(ThreadPoolExecutor.java:1149)
	at java.util.concurrent.ThreadPoolExecutor$Worker.run(ThreadPoolExecutor.java:624)
	... 1 more
Caused by: org.apache.ratis.thirdparty.io.netty.channel.AbstractChannel$AnnotatedConnectException: Connection refused: /192.168.157.254:33611
	at sun.nio.ch.SocketChannelImpl.checkConnect(Native Method)
	at sun.nio.ch.SocketChannelImpl.finishConnect(SocketChannelImpl.java:717)
	at org.apache.ratis.thirdparty.io.netty.channel.socket.nio.NioSocketChannel.doFinishConnect(NioSocketChannel.java:327)
	at org.apache.ratis.thirdparty.io.netty.channel.nio.AbstractNioChannel$AbstractNioUnsafe.finishConnect(AbstractNioChannel.java:340)
	at org.apache.ratis.thirdparty.io.netty.channel.nio.NioEventLoop.processSelectedKey(NioEventLoop.java:632)
	at org.apache.ratis.thirdparty.io.netty.channel.nio.NioEventLoop.processSelectedKeysOptimized(NioEventLoop.java:579)
	at org.apache.ratis.thirdparty.io.netty.channel.nio.NioEventLoop.processSelectedKeys(NioEventLoop.java:496)
	at org.apache.ratis.thirdparty.io.netty.channel.nio.NioEventLoop.run(NioEventLoop.java:458)
	at org.apache.ratis.thirdparty.io.netty.util.concurrent.SingleThreadEventExecutor$5.run(SingleThreadEventExecutor.java:897)
	at org.apache.ratis.thirdparty.io.netty.util.concurrent.FastThreadLocalRunnable.run(FastThreadLocalRunnable.java:30)
	... 1 more
Caused by: java.net.ConnectException: Connection refused
	... 11 more
2019-10-21 23:47:26,380 [grpc-default-executor-2] INFO  impl.RaftServerImpl (RaftServerImpl.java:setRole(184)) - 1360619e-ba1e-4bf9-aec1-9f15b5480b27@group-2FABE92B7E5B: changes role from  FOLLOWER to FOLLOWER at term 530 for recognizeCandidate:b88b3e43-5534-49b3-b3f2-a9f154b450de
2019-10-21 23:47:26,381 [grpc-default-executor-2] INFO  impl.RoleInfo (RoleInfo.java:shutdownFollowerState(121)) - 1360619e-ba1e-4bf9-aec1-9f15b5480b27: shutdown FollowerState
2019-10-21 23:47:26,381 [grpc-default-executor-2] INFO  impl.RoleInfo (RoleInfo.java:updateAndGet(143)) - 1360619e-ba1e-4bf9-aec1-9f15b5480b27: start FollowerState
2019-10-21 23:47:26,381 [Thread-3473] INFO  impl.FollowerState (FollowerState.java:run(117)) - 1360619e-ba1e-4bf9-aec1-9f15b5480b27@group-2FABE92B7E5B-FollowerState was interrupted: java.lang.InterruptedException: sleep interrupted
2019-10-21 23:47:26,404 [b88b3e43-5534-49b3-b3f2-a9f154b450de@group-2FABE92B7E5B-LeaderElection492] INFO  impl.LeaderElection (LeaderElection.java:logAndReturn(56)) - b88b3e43-5534-49b3-b3f2-a9f154b450de@group-2FABE92B7E5B-LeaderElection492: Election REJECTED; received 1 response(s) [b88b3e43-5534-49b3-b3f2-a9f154b450de<-1360619e-ba1e-4bf9-aec1-9f15b5480b27#0:FAIL-t530] and 1 exception(s); b88b3e43-5534-49b3-b3f2-a9f154b450de@group-2FABE92B7E5B:t530, leader=null, voted=b88b3e43-5534-49b3-b3f2-a9f154b450de, raftlog=b88b3e43-5534-49b3-b3f2-a9f154b450de@group-2FABE92B7E5B-SegmentedRaftLog:OPENED:c-1,f-1,i0, conf=-1: [c58a0a02-acd3-47c8-b3e9-5b8e0493de45:192.168.157.254:33611, 1360619e-ba1e-4bf9-aec1-9f15b5480b27:192.168.157.254:45658, b88b3e43-5534-49b3-b3f2-a9f154b450de:192.168.157.254:46786], old=null
2019-10-21 23:47:26,404 [b88b3e43-5534-49b3-b3f2-a9f154b450de@group-2FABE92B7E5B-LeaderElection492] INFO  impl.LeaderElection (LogUtils.java:infoOrTrace(149)) -   Exception 0: {}
java.util.concurrent.ExecutionException: org.apache.ratis.thirdparty.io.grpc.StatusRuntimeException: UNAVAILABLE: io exception
	at java.util.concurrent.FutureTask.report(FutureTask.java:122)
	at java.util.concurrent.FutureTask.get(FutureTask.java:192)
	at org.apache.ratis.server.impl.LeaderElection.waitForResults(LeaderElection.java:259)
	at org.apache.ratis.server.impl.LeaderElection.askForVotes(LeaderElection.java:197)
	at org.apache.ratis.server.impl.LeaderElection.run(LeaderElection.java:133)
	at java.lang.Thread.run(Thread.java:748)
Caused by: org.apache.ratis.thirdparty.io.grpc.StatusRuntimeException: UNAVAILABLE: io exception
	at org.apache.ratis.thirdparty.io.grpc.stub.ClientCalls.toStatusRuntimeException(ClientCalls.java:233)
	at org.apache.ratis.thirdparty.io.grpc.stub.ClientCalls.getUnchecked(ClientCalls.java:214)
	at org.apache.ratis.thirdparty.io.grpc.stub.ClientCalls.blockingUnaryCall(ClientCalls.java:139)
	at org.apache.ratis.proto.grpc.RaftServerProtocolServiceGrpc$RaftServerProtocolServiceBlockingStub.requestVote(RaftServerProtocolServiceGrpc.java:265)
	at org.apache.ratis.grpc.server.GrpcServerProtocolClient.requestVote(GrpcServerProtocolClient.java:99)
	at org.apache.ratis.grpc.server.GrpcService.requestVote(GrpcService.java:204)
	at org.apache.ratis.server.impl.LeaderElection.lambda$submitRequests$1(LeaderElection.java:234)
	at java.util.concurrent.FutureTask.run(FutureTask.java:266)
	at java.util.concurrent.Executors$RunnableAdapter.call(Executors.java:511)
	at java.util.concurrent.FutureTask.run(FutureTask.java:266)
	at java.util.concurrent.ThreadPoolExecutor.runWorker(ThreadPoolExecutor.java:1149)
	at java.util.concurrent.ThreadPoolExecutor$Worker.run(ThreadPoolExecutor.java:624)
	... 1 more
Caused by: org.apache.ratis.thirdparty.io.netty.channel.AbstractChannel$AnnotatedConnectException: Connection refused: /192.168.157.254:33611
	at sun.nio.ch.SocketChannelImpl.checkConnect(Native Method)
	at sun.nio.ch.SocketChannelImpl.finishConnect(SocketChannelImpl.java:717)
	at org.apache.ratis.thirdparty.io.netty.channel.socket.nio.NioSocketChannel.doFinishConnect(NioSocketChannel.java:327)
	at org.apache.ratis.thirdparty.io.netty.channel.nio.AbstractNioChannel$AbstractNioUnsafe.finishConnect(AbstractNioChannel.java:340)
	at org.apache.ratis.thirdparty.io.netty.channel.nio.NioEventLoop.processSelectedKey(NioEventLoop.java:632)
	at org.apache.ratis.thirdparty.io.netty.channel.nio.NioEventLoop.processSelectedKeysOptimized(NioEventLoop.java:579)
	at org.apache.ratis.thirdparty.io.netty.channel.nio.NioEventLoop.processSelectedKeys(NioEventLoop.java:496)
	at org.apache.ratis.thirdparty.io.netty.channel.nio.NioEventLoop.run(NioEventLoop.java:458)
	at org.apache.ratis.thirdparty.io.netty.util.concurrent.SingleThreadEventExecutor$5.run(SingleThreadEventExecutor.java:897)
	at org.apache.ratis.thirdparty.io.netty.util.concurrent.FastThreadLocalRunnable.run(FastThreadLocalRunnable.java:30)
	... 1 more
Caused by: java.net.ConnectException: Connection refused
	... 11 more
2019-10-21 23:47:26,404 [b88b3e43-5534-49b3-b3f2-a9f154b450de@group-2FABE92B7E5B-LeaderElection492] INFO  impl.RaftServerImpl (RaftServerImpl.java:setRole(184)) - b88b3e43-5534-49b3-b3f2-a9f154b450de@group-2FABE92B7E5B: changes role from CANDIDATE to FOLLOWER at term 530 for DISCOVERED_A_NEW_TERM
2019-10-21 23:47:26,404 [b88b3e43-5534-49b3-b3f2-a9f154b450de@group-2FABE92B7E5B-LeaderElection492] INFO  impl.RoleInfo (RoleInfo.java:shutdownLeaderElection(134)) - b88b3e43-5534-49b3-b3f2-a9f154b450de: shutdown LeaderElection
2019-10-21 23:47:26,405 [b88b3e43-5534-49b3-b3f2-a9f154b450de@group-2FABE92B7E5B-LeaderElection492] INFO  impl.RoleInfo (RoleInfo.java:updateAndGet(143)) - b88b3e43-5534-49b3-b3f2-a9f154b450de: start FollowerState
2019-10-21 23:47:26,554 [Thread-3479] INFO  impl.FollowerState (FollowerState.java:run(108)) - b88b3e43-5534-49b3-b3f2-a9f154b450de@group-2FABE92B7E5B-FollowerState: change to CANDIDATE, lastRpcTime:149ms, electionTimeout:149ms
2019-10-21 23:47:26,554 [Thread-3479] INFO  impl.RoleInfo (RoleInfo.java:shutdownFollowerState(121)) - b88b3e43-5534-49b3-b3f2-a9f154b450de: shutdown FollowerState
2019-10-21 23:47:26,554 [Thread-3479] INFO  impl.RaftServerImpl (RaftServerImpl.java:setRole(184)) - b88b3e43-5534-49b3-b3f2-a9f154b450de@group-2FABE92B7E5B: changes role from  FOLLOWER to CANDIDATE at term 530 for changeToCandidate
2019-10-21 23:47:26,554 [Thread-3479] INFO  impl.RoleInfo (RoleInfo.java:updateAndGet(143)) - b88b3e43-5534-49b3-b3f2-a9f154b450de: start LeaderElection
2019-10-21 23:47:26,568 [b88b3e43-5534-49b3-b3f2-a9f154b450de@group-2FABE92B7E5B-LeaderElection493] INFO  impl.LeaderElection (LeaderElection.java:askForVotes(178)) - b88b3e43-5534-49b3-b3f2-a9f154b450de@group-2FABE92B7E5B-LeaderElection493: begin an election at term 531 for -1: [c58a0a02-acd3-47c8-b3e9-5b8e0493de45:192.168.157.254:33611, 1360619e-ba1e-4bf9-aec1-9f15b5480b27:192.168.157.254:45658, b88b3e43-5534-49b3-b3f2-a9f154b450de:192.168.157.254:46786], old=null
2019-10-21 23:47:26,569 [b88b3e43-5534-49b3-b3f2-a9f154b450de@group-2FABE92B7E5B-LeaderElection493] INFO  impl.LeaderElection (LogUtils.java:infoOrTrace(149)) - b88b3e43-5534-49b3-b3f2-a9f154b450de@group-2FABE92B7E5B-LeaderElection493 got exception when requesting votes: {}
java.util.concurrent.ExecutionException: org.apache.ratis.thirdparty.io.grpc.StatusRuntimeException: UNAVAILABLE: io exception
	at java.util.concurrent.FutureTask.report(FutureTask.java:122)
	at java.util.concurrent.FutureTask.get(FutureTask.java:192)
	at org.apache.ratis.server.impl.LeaderElection.waitForResults(LeaderElection.java:259)
	at org.apache.ratis.server.impl.LeaderElection.askForVotes(LeaderElection.java:197)
	at org.apache.ratis.server.impl.LeaderElection.run(LeaderElection.java:133)
	at java.lang.Thread.run(Thread.java:748)
Caused by: org.apache.ratis.thirdparty.io.grpc.StatusRuntimeException: UNAVAILABLE: io exception
	at org.apache.ratis.thirdparty.io.grpc.stub.ClientCalls.toStatusRuntimeException(ClientCalls.java:233)
	at org.apache.ratis.thirdparty.io.grpc.stub.ClientCalls.getUnchecked(ClientCalls.java:214)
	at org.apache.ratis.thirdparty.io.grpc.stub.ClientCalls.blockingUnaryCall(ClientCalls.java:139)
	at org.apache.ratis.proto.grpc.RaftServerProtocolServiceGrpc$RaftServerProtocolServiceBlockingStub.requestVote(RaftServerProtocolServiceGrpc.java:265)
	at org.apache.ratis.grpc.server.GrpcServerProtocolClient.requestVote(GrpcServerProtocolClient.java:99)
	at org.apache.ratis.grpc.server.GrpcService.requestVote(GrpcService.java:204)
	at org.apache.ratis.server.impl.LeaderElection.lambda$submitRequests$1(LeaderElection.java:234)
	at java.util.concurrent.FutureTask.run(FutureTask.java:266)
	at java.util.concurrent.Executors$RunnableAdapter.call(Executors.java:511)
	at java.util.concurrent.FutureTask.run(FutureTask.java:266)
	at java.util.concurrent.ThreadPoolExecutor.runWorker(ThreadPoolExecutor.java:1149)
	at java.util.concurrent.ThreadPoolExecutor$Worker.run(ThreadPoolExecutor.java:624)
	... 1 more
Caused by: org.apache.ratis.thirdparty.io.netty.channel.AbstractChannel$AnnotatedConnectException: Connection refused: /192.168.157.254:33611
	at sun.nio.ch.SocketChannelImpl.checkConnect(Native Method)
	at sun.nio.ch.SocketChannelImpl.finishConnect(SocketChannelImpl.java:717)
	at org.apache.ratis.thirdparty.io.netty.channel.socket.nio.NioSocketChannel.doFinishConnect(NioSocketChannel.java:327)
	at org.apache.ratis.thirdparty.io.netty.channel.nio.AbstractNioChannel$AbstractNioUnsafe.finishConnect(AbstractNioChannel.java:340)
	at org.apache.ratis.thirdparty.io.netty.channel.nio.NioEventLoop.processSelectedKey(NioEventLoop.java:632)
	at org.apache.ratis.thirdparty.io.netty.channel.nio.NioEventLoop.processSelectedKeysOptimized(NioEventLoop.java:579)
	at org.apache.ratis.thirdparty.io.netty.channel.nio.NioEventLoop.processSelectedKeys(NioEventLoop.java:496)
	at org.apache.ratis.thirdparty.io.netty.channel.nio.NioEventLoop.run(NioEventLoop.java:458)
	at org.apache.ratis.thirdparty.io.netty.util.concurrent.SingleThreadEventExecutor$5.run(SingleThreadEventExecutor.java:897)
	at org.apache.ratis.thirdparty.io.netty.util.concurrent.FastThreadLocalRunnable.run(FastThreadLocalRunnable.java:30)
	... 1 more
Caused by: java.net.ConnectException: Connection refused
	... 11 more
2019-10-21 23:47:26,571 [grpc-default-executor-0] INFO  impl.RaftServerImpl (RaftServerImpl.java:setRole(184)) - 1360619e-ba1e-4bf9-aec1-9f15b5480b27@group-2FABE92B7E5B: changes role from  FOLLOWER to FOLLOWER at term 531 for recognizeCandidate:b88b3e43-5534-49b3-b3f2-a9f154b450de
2019-10-21 23:47:26,571 [grpc-default-executor-0] INFO  impl.RoleInfo (RoleInfo.java:shutdownFollowerState(121)) - 1360619e-ba1e-4bf9-aec1-9f15b5480b27: shutdown FollowerState
2019-10-21 23:47:26,572 [grpc-default-executor-0] INFO  impl.RoleInfo (RoleInfo.java:updateAndGet(143)) - 1360619e-ba1e-4bf9-aec1-9f15b5480b27: start FollowerState
2019-10-21 23:47:26,572 [Thread-3478] INFO  impl.FollowerState (FollowerState.java:run(117)) - 1360619e-ba1e-4bf9-aec1-9f15b5480b27@group-2FABE92B7E5B-FollowerState was interrupted: java.lang.InterruptedException: sleep interrupted
2019-10-21 23:47:26,585 [b88b3e43-5534-49b3-b3f2-a9f154b450de@group-2FABE92B7E5B-LeaderElection493] INFO  impl.LeaderElection (LeaderElection.java:logAndReturn(56)) - b88b3e43-5534-49b3-b3f2-a9f154b450de@group-2FABE92B7E5B-LeaderElection493: Election REJECTED; received 1 response(s) [b88b3e43-5534-49b3-b3f2-a9f154b450de<-1360619e-ba1e-4bf9-aec1-9f15b5480b27#0:FAIL-t531] and 1 exception(s); b88b3e43-5534-49b3-b3f2-a9f154b450de@group-2FABE92B7E5B:t531, leader=null, voted=b88b3e43-5534-49b3-b3f2-a9f154b450de, raftlog=b88b3e43-5534-49b3-b3f2-a9f154b450de@group-2FABE92B7E5B-SegmentedRaftLog:OPENED:c-1,f-1,i0, conf=-1: [c58a0a02-acd3-47c8-b3e9-5b8e0493de45:192.168.157.254:33611, 1360619e-ba1e-4bf9-aec1-9f15b5480b27:192.168.157.254:45658, b88b3e43-5534-49b3-b3f2-a9f154b450de:192.168.157.254:46786], old=null
2019-10-21 23:47:26,585 [b88b3e43-5534-49b3-b3f2-a9f154b450de@group-2FABE92B7E5B-LeaderElection493] INFO  impl.LeaderElection (LogUtils.java:infoOrTrace(149)) -   Exception 0: {}
java.util.concurrent.ExecutionException: org.apache.ratis.thirdparty.io.grpc.StatusRuntimeException: UNAVAILABLE: io exception
	at java.util.concurrent.FutureTask.report(FutureTask.java:122)
	at java.util.concurrent.FutureTask.get(FutureTask.java:192)
	at org.apache.ratis.server.impl.LeaderElection.waitForResults(LeaderElection.java:259)
	at org.apache.ratis.server.impl.LeaderElection.askForVotes(LeaderElection.java:197)
	at org.apache.ratis.server.impl.LeaderElection.run(LeaderElection.java:133)
	at java.lang.Thread.run(Thread.java:748)
Caused by: org.apache.ratis.thirdparty.io.grpc.StatusRuntimeException: UNAVAILABLE: io exception
	at org.apache.ratis.thirdparty.io.grpc.stub.ClientCalls.toStatusRuntimeException(ClientCalls.java:233)
	at org.apache.ratis.thirdparty.io.grpc.stub.ClientCalls.getUnchecked(ClientCalls.java:214)
	at org.apache.ratis.thirdparty.io.grpc.stub.ClientCalls.blockingUnaryCall(ClientCalls.java:139)
	at org.apache.ratis.proto.grpc.RaftServerProtocolServiceGrpc$RaftServerProtocolServiceBlockingStub.requestVote(RaftServerProtocolServiceGrpc.java:265)
	at org.apache.ratis.grpc.server.GrpcServerProtocolClient.requestVote(GrpcServerProtocolClient.java:99)
	at org.apache.ratis.grpc.server.GrpcService.requestVote(GrpcService.java:204)
	at org.apache.ratis.server.impl.LeaderElection.lambda$submitRequests$1(LeaderElection.java:234)
	at java.util.concurrent.FutureTask.run(FutureTask.java:266)
	at java.util.concurrent.Executors$RunnableAdapter.call(Executors.java:511)
	at java.util.concurrent.FutureTask.run(FutureTask.java:266)
	at java.util.concurrent.ThreadPoolExecutor.runWorker(ThreadPoolExecutor.java:1149)
	at java.util.concurrent.ThreadPoolExecutor$Worker.run(ThreadPoolExecutor.java:624)
	... 1 more
Caused by: org.apache.ratis.thirdparty.io.netty.channel.AbstractChannel$AnnotatedConnectException: Connection refused: /192.168.157.254:33611
	at sun.nio.ch.SocketChannelImpl.checkConnect(Native Method)
	at sun.nio.ch.SocketChannelImpl.finishConnect(SocketChannelImpl.java:717)
	at org.apache.ratis.thirdparty.io.netty.channel.socket.nio.NioSocketChannel.doFinishConnect(NioSocketChannel.java:327)
	at org.apache.ratis.thirdparty.io.netty.channel.nio.AbstractNioChannel$AbstractNioUnsafe.finishConnect(AbstractNioChannel.java:340)
	at org.apache.ratis.thirdparty.io.netty.channel.nio.NioEventLoop.processSelectedKey(NioEventLoop.java:632)
	at org.apache.ratis.thirdparty.io.netty.channel.nio.NioEventLoop.processSelectedKeysOptimized(NioEventLoop.java:579)
	at org.apache.ratis.thirdparty.io.netty.channel.nio.NioEventLoop.processSelectedKeys(NioEventLoop.java:496)
	at org.apache.ratis.thirdparty.io.netty.channel.nio.NioEventLoop.run(NioEventLoop.java:458)
	at org.apache.ratis.thirdparty.io.netty.util.concurrent.SingleThreadEventExecutor$5.run(SingleThreadEventExecutor.java:897)
	at org.apache.ratis.thirdparty.io.netty.util.concurrent.FastThreadLocalRunnable.run(FastThreadLocalRunnable.java:30)
	... 1 more
Caused by: java.net.ConnectException: Connection refused
	... 11 more
2019-10-21 23:47:26,586 [b88b3e43-5534-49b3-b3f2-a9f154b450de@group-2FABE92B7E5B-LeaderElection493] INFO  impl.RaftServerImpl (RaftServerImpl.java:setRole(184)) - b88b3e43-5534-49b3-b3f2-a9f154b450de@group-2FABE92B7E5B: changes role from CANDIDATE to FOLLOWER at term 531 for DISCOVERED_A_NEW_TERM
2019-10-21 23:47:26,586 [b88b3e43-5534-49b3-b3f2-a9f154b450de@group-2FABE92B7E5B-LeaderElection493] INFO  impl.RoleInfo (RoleInfo.java:shutdownLeaderElection(134)) - b88b3e43-5534-49b3-b3f2-a9f154b450de: shutdown LeaderElection
2019-10-21 23:47:26,586 [b88b3e43-5534-49b3-b3f2-a9f154b450de@group-2FABE92B7E5B-LeaderElection493] INFO  impl.RoleInfo (RoleInfo.java:updateAndGet(143)) - b88b3e43-5534-49b3-b3f2-a9f154b450de: start FollowerState
2019-10-21 23:47:26,636 [Thread-3485] INFO  impl.FollowerState (FollowerState.java:run(108)) - b88b3e43-5534-49b3-b3f2-a9f154b450de@group-2FABE92B7E5B-FollowerState: change to CANDIDATE, lastRpcTime:50ms, electionTimeout:50ms
2019-10-21 23:47:26,636 [Thread-3485] INFO  impl.RoleInfo (RoleInfo.java:shutdownFollowerState(121)) - b88b3e43-5534-49b3-b3f2-a9f154b450de: shutdown FollowerState
2019-10-21 23:47:26,637 [Thread-3485] INFO  impl.RaftServerImpl (RaftServerImpl.java:setRole(184)) - b88b3e43-5534-49b3-b3f2-a9f154b450de@group-2FABE92B7E5B: changes role from  FOLLOWER to CANDIDATE at term 531 for changeToCandidate
2019-10-21 23:47:26,637 [Thread-3485] INFO  impl.RoleInfo (RoleInfo.java:updateAndGet(143)) - b88b3e43-5534-49b3-b3f2-a9f154b450de: start LeaderElection
2019-10-21 23:47:26,651 [b88b3e43-5534-49b3-b3f2-a9f154b450de@group-2FABE92B7E5B-LeaderElection494] INFO  impl.LeaderElection (LeaderElection.java:askForVotes(178)) - b88b3e43-5534-49b3-b3f2-a9f154b450de@group-2FABE92B7E5B-LeaderElection494: begin an election at term 532 for -1: [c58a0a02-acd3-47c8-b3e9-5b8e0493de45:192.168.157.254:33611, 1360619e-ba1e-4bf9-aec1-9f15b5480b27:192.168.157.254:45658, b88b3e43-5534-49b3-b3f2-a9f154b450de:192.168.157.254:46786], old=null
2019-10-21 23:47:26,652 [b88b3e43-5534-49b3-b3f2-a9f154b450de@group-2FABE92B7E5B-LeaderElection494] INFO  impl.LeaderElection (LogUtils.java:infoOrTrace(149)) - b88b3e43-5534-49b3-b3f2-a9f154b450de@group-2FABE92B7E5B-LeaderElection494 got exception when requesting votes: {}
java.util.concurrent.ExecutionException: org.apache.ratis.thirdparty.io.grpc.StatusRuntimeException: UNAVAILABLE: io exception
	at java.util.concurrent.FutureTask.report(FutureTask.java:122)
	at java.util.concurrent.FutureTask.get(FutureTask.java:192)
	at org.apache.ratis.server.impl.LeaderElection.waitForResults(LeaderElection.java:259)
	at org.apache.ratis.server.impl.LeaderElection.askForVotes(LeaderElection.java:197)
	at org.apache.ratis.server.impl.LeaderElection.run(LeaderElection.java:133)
	at java.lang.Thread.run(Thread.java:748)
Caused by: org.apache.ratis.thirdparty.io.grpc.StatusRuntimeException: UNAVAILABLE: io exception
	at org.apache.ratis.thirdparty.io.grpc.stub.ClientCalls.toStatusRuntimeException(ClientCalls.java:233)
	at org.apache.ratis.thirdparty.io.grpc.stub.ClientCalls.getUnchecked(ClientCalls.java:214)
	at org.apache.ratis.thirdparty.io.grpc.stub.ClientCalls.blockingUnaryCall(ClientCalls.java:139)
	at org.apache.ratis.proto.grpc.RaftServerProtocolServiceGrpc$RaftServerProtocolServiceBlockingStub.requestVote(RaftServerProtocolServiceGrpc.java:265)
	at org.apache.ratis.grpc.server.GrpcServerProtocolClient.requestVote(GrpcServerProtocolClient.java:99)
	at org.apache.ratis.grpc.server.GrpcService.requestVote(GrpcService.java:204)
	at org.apache.ratis.server.impl.LeaderElection.lambda$submitRequests$1(LeaderElection.java:234)
	at java.util.concurrent.FutureTask.run(FutureTask.java:266)
	at java.util.concurrent.Executors$RunnableAdapter.call(Executors.java:511)
	at java.util.concurrent.FutureTask.run(FutureTask.java:266)
	at java.util.concurrent.ThreadPoolExecutor.runWorker(ThreadPoolExecutor.java:1149)
	at java.util.concurrent.ThreadPoolExecutor$Worker.run(ThreadPoolExecutor.java:624)
	... 1 more
Caused by: org.apache.ratis.thirdparty.io.netty.channel.AbstractChannel$AnnotatedConnectException: Connection refused: /192.168.157.254:33611
	at sun.nio.ch.SocketChannelImpl.checkConnect(Native Method)
	at sun.nio.ch.SocketChannelImpl.finishConnect(SocketChannelImpl.java:717)
	at org.apache.ratis.thirdparty.io.netty.channel.socket.nio.NioSocketChannel.doFinishConnect(NioSocketChannel.java:327)
	at org.apache.ratis.thirdparty.io.netty.channel.nio.AbstractNioChannel$AbstractNioUnsafe.finishConnect(AbstractNioChannel.java:340)
	at org.apache.ratis.thirdparty.io.netty.channel.nio.NioEventLoop.processSelectedKey(NioEventLoop.java:632)
	at org.apache.ratis.thirdparty.io.netty.channel.nio.NioEventLoop.processSelectedKeysOptimized(NioEventLoop.java:579)
	at org.apache.ratis.thirdparty.io.netty.channel.nio.NioEventLoop.processSelectedKeys(NioEventLoop.java:496)
	at org.apache.ratis.thirdparty.io.netty.channel.nio.NioEventLoop.run(NioEventLoop.java:458)
	at org.apache.ratis.thirdparty.io.netty.util.concurrent.SingleThreadEventExecutor$5.run(SingleThreadEventExecutor.java:897)
	at org.apache.ratis.thirdparty.io.netty.util.concurrent.FastThreadLocalRunnable.run(FastThreadLocalRunnable.java:30)
	... 1 more
Caused by: java.net.ConnectException: Connection refused
	... 11 more
2019-10-21 23:47:26,654 [grpc-default-executor-0] INFO  impl.RaftServerImpl (RaftServerImpl.java:setRole(184)) - 1360619e-ba1e-4bf9-aec1-9f15b5480b27@group-2FABE92B7E5B: changes role from  FOLLOWER to FOLLOWER at term 532 for recognizeCandidate:b88b3e43-5534-49b3-b3f2-a9f154b450de
2019-10-21 23:47:26,654 [grpc-default-executor-0] INFO  impl.RoleInfo (RoleInfo.java:shutdownFollowerState(121)) - 1360619e-ba1e-4bf9-aec1-9f15b5480b27: shutdown FollowerState
2019-10-21 23:47:26,654 [grpc-default-executor-0] INFO  impl.RoleInfo (RoleInfo.java:updateAndGet(143)) - 1360619e-ba1e-4bf9-aec1-9f15b5480b27: start FollowerState
2019-10-21 23:47:26,654 [Thread-3484] INFO  impl.FollowerState (FollowerState.java:run(117)) - 1360619e-ba1e-4bf9-aec1-9f15b5480b27@group-2FABE92B7E5B-FollowerState was interrupted: java.lang.InterruptedException: sleep interrupted
2019-10-21 23:47:26,664 [b88b3e43-5534-49b3-b3f2-a9f154b450de@group-2FABE92B7E5B-LeaderElection494] INFO  impl.LeaderElection (LeaderElection.java:logAndReturn(56)) - b88b3e43-5534-49b3-b3f2-a9f154b450de@group-2FABE92B7E5B-LeaderElection494: Election TIMEOUT; received 0 response(s) [] and 1 exception(s); b88b3e43-5534-49b3-b3f2-a9f154b450de@group-2FABE92B7E5B:t532, leader=null, voted=b88b3e43-5534-49b3-b3f2-a9f154b450de, raftlog=b88b3e43-5534-49b3-b3f2-a9f154b450de@group-2FABE92B7E5B-SegmentedRaftLog:OPENED:c-1,f-1,i0, conf=-1: [c58a0a02-acd3-47c8-b3e9-5b8e0493de45:192.168.157.254:33611, 1360619e-ba1e-4bf9-aec1-9f15b5480b27:192.168.157.254:45658, b88b3e43-5534-49b3-b3f2-a9f154b450de:192.168.157.254:46786], old=null
2019-10-21 23:47:26,665 [b88b3e43-5534-49b3-b3f2-a9f154b450de@group-2FABE92B7E5B-LeaderElection494] INFO  impl.LeaderElection (LogUtils.java:infoOrTrace(149)) -   Exception 0: {}
java.util.concurrent.ExecutionException: org.apache.ratis.thirdparty.io.grpc.StatusRuntimeException: UNAVAILABLE: io exception
	at java.util.concurrent.FutureTask.report(FutureTask.java:122)
	at java.util.concurrent.FutureTask.get(FutureTask.java:192)
	at org.apache.ratis.server.impl.LeaderElection.waitForResults(LeaderElection.java:259)
	at org.apache.ratis.server.impl.LeaderElection.askForVotes(LeaderElection.java:197)
	at org.apache.ratis.server.impl.LeaderElection.run(LeaderElection.java:133)
	at java.lang.Thread.run(Thread.java:748)
Caused by: org.apache.ratis.thirdparty.io.grpc.StatusRuntimeException: UNAVAILABLE: io exception
	at org.apache.ratis.thirdparty.io.grpc.stub.ClientCalls.toStatusRuntimeException(ClientCalls.java:233)
	at org.apache.ratis.thirdparty.io.grpc.stub.ClientCalls.getUnchecked(ClientCalls.java:214)
	at org.apache.ratis.thirdparty.io.grpc.stub.ClientCalls.blockingUnaryCall(ClientCalls.java:139)
	at org.apache.ratis.proto.grpc.RaftServerProtocolServiceGrpc$RaftServerProtocolServiceBlockingStub.requestVote(RaftServerProtocolServiceGrpc.java:265)
	at org.apache.ratis.grpc.server.GrpcServerProtocolClient.requestVote(GrpcServerProtocolClient.java:99)
	at org.apache.ratis.grpc.server.GrpcService.requestVote(GrpcService.java:204)
	at org.apache.ratis.server.impl.LeaderElection.lambda$submitRequests$1(LeaderElection.java:234)
	at java.util.concurrent.FutureTask.run(FutureTask.java:266)
	at java.util.concurrent.Executors$RunnableAdapter.call(Executors.java:511)
	at java.util.concurrent.FutureTask.run(FutureTask.java:266)
	at java.util.concurrent.ThreadPoolExecutor.runWorker(ThreadPoolExecutor.java:1149)
	at java.util.concurrent.ThreadPoolExecutor$Worker.run(ThreadPoolExecutor.java:624)
	... 1 more
Caused by: org.apache.ratis.thirdparty.io.netty.channel.AbstractChannel$AnnotatedConnectException: Connection refused: /192.168.157.254:33611
	at sun.nio.ch.SocketChannelImpl.checkConnect(Native Method)
	at sun.nio.ch.SocketChannelImpl.finishConnect(SocketChannelImpl.java:717)
	at org.apache.ratis.thirdparty.io.netty.channel.socket.nio.NioSocketChannel.doFinishConnect(NioSocketChannel.java:327)
	at org.apache.ratis.thirdparty.io.netty.channel.nio.AbstractNioChannel$AbstractNioUnsafe.finishConnect(AbstractNioChannel.java:340)
	at org.apache.ratis.thirdparty.io.netty.channel.nio.NioEventLoop.processSelectedKey(NioEventLoop.java:632)
	at org.apache.ratis.thirdparty.io.netty.channel.nio.NioEventLoop.processSelectedKeysOptimized(NioEventLoop.java:579)
	at org.apache.ratis.thirdparty.io.netty.channel.nio.NioEventLoop.processSelectedKeys(NioEventLoop.java:496)
	at org.apache.ratis.thirdparty.io.netty.channel.nio.NioEventLoop.run(NioEventLoop.java:458)
	at org.apache.ratis.thirdparty.io.netty.util.concurrent.SingleThreadEventExecutor$5.run(SingleThreadEventExecutor.java:897)
	at org.apache.ratis.thirdparty.io.netty.util.concurrent.FastThreadLocalRunnable.run(FastThreadLocalRunnable.java:30)
	... 1 more
Caused by: java.net.ConnectException: Connection refused
	... 11 more
2019-10-21 23:47:26,680 [b88b3e43-5534-49b3-b3f2-a9f154b450de@group-2FABE92B7E5B-LeaderElection494] INFO  impl.LeaderElection (LeaderElection.java:askForVotes(178)) - b88b3e43-5534-49b3-b3f2-a9f154b450de@group-2FABE92B7E5B-LeaderElection494: begin an election at term 533 for -1: [c58a0a02-acd3-47c8-b3e9-5b8e0493de45:192.168.157.254:33611, 1360619e-ba1e-4bf9-aec1-9f15b5480b27:192.168.157.254:45658, b88b3e43-5534-49b3-b3f2-a9f154b450de:192.168.157.254:46786], old=null
2019-10-21 23:47:26,682 [b88b3e43-5534-49b3-b3f2-a9f154b450de@group-2FABE92B7E5B-LeaderElection494] INFO  impl.LeaderElection (LogUtils.java:infoOrTrace(149)) - b88b3e43-5534-49b3-b3f2-a9f154b450de@group-2FABE92B7E5B-LeaderElection494 got exception when requesting votes: {}
java.util.concurrent.ExecutionException: org.apache.ratis.thirdparty.io.grpc.StatusRuntimeException: UNAVAILABLE: io exception
	at java.util.concurrent.FutureTask.report(FutureTask.java:122)
	at java.util.concurrent.FutureTask.get(FutureTask.java:192)
	at org.apache.ratis.server.impl.LeaderElection.waitForResults(LeaderElection.java:259)
	at org.apache.ratis.server.impl.LeaderElection.askForVotes(LeaderElection.java:197)
	at org.apache.ratis.server.impl.LeaderElection.run(LeaderElection.java:133)
	at java.lang.Thread.run(Thread.java:748)
Caused by: org.apache.ratis.thirdparty.io.grpc.StatusRuntimeException: UNAVAILABLE: io exception
	at org.apache.ratis.thirdparty.io.grpc.stub.ClientCalls.toStatusRuntimeException(ClientCalls.java:233)
	at org.apache.ratis.thirdparty.io.grpc.stub.ClientCalls.getUnchecked(ClientCalls.java:214)
	at org.apache.ratis.thirdparty.io.grpc.stub.ClientCalls.blockingUnaryCall(ClientCalls.java:139)
	at org.apache.ratis.proto.grpc.RaftServerProtocolServiceGrpc$RaftServerProtocolServiceBlockingStub.requestVote(RaftServerProtocolServiceGrpc.java:265)
	at org.apache.ratis.grpc.server.GrpcServerProtocolClient.requestVote(GrpcServerProtocolClient.java:99)
	at org.apache.ratis.grpc.server.GrpcService.requestVote(GrpcService.java:204)
	at org.apache.ratis.server.impl.LeaderElection.lambda$submitRequests$1(LeaderElection.java:234)
	at java.util.concurrent.FutureTask.run(FutureTask.java:266)
	at java.util.concurrent.Executors$RunnableAdapter.call(Executors.java:511)
	at java.util.concurrent.FutureTask.run(FutureTask.java:266)
	at java.util.concurrent.ThreadPoolExecutor.runWorker(ThreadPoolExecutor.java:1149)
	at java.util.concurrent.ThreadPoolExecutor$Worker.run(ThreadPoolExecutor.java:624)
	... 1 more
Caused by: org.apache.ratis.thirdparty.io.netty.channel.AbstractChannel$AnnotatedConnectException: Connection refused: /192.168.157.254:33611
	at sun.nio.ch.SocketChannelImpl.checkConnect(Native Method)
	at sun.nio.ch.SocketChannelImpl.finishConnect(SocketChannelImpl.java:717)
	at org.apache.ratis.thirdparty.io.netty.channel.socket.nio.NioSocketChannel.doFinishConnect(NioSocketChannel.java:327)
	at org.apache.ratis.thirdparty.io.netty.channel.nio.AbstractNioChannel$AbstractNioUnsafe.finishConnect(AbstractNioChannel.java:340)
	at org.apache.ratis.thirdparty.io.netty.channel.nio.NioEventLoop.processSelectedKey(NioEventLoop.java:632)
	at org.apache.ratis.thirdparty.io.netty.channel.nio.NioEventLoop.processSelectedKeysOptimized(NioEventLoop.java:579)
	at org.apache.ratis.thirdparty.io.netty.channel.nio.NioEventLoop.processSelectedKeys(NioEventLoop.java:496)
	at org.apache.ratis.thirdparty.io.netty.channel.nio.NioEventLoop.run(NioEventLoop.java:458)
	at org.apache.ratis.thirdparty.io.netty.util.concurrent.SingleThreadEventExecutor$5.run(SingleThreadEventExecutor.java:897)
	at org.apache.ratis.thirdparty.io.netty.util.concurrent.FastThreadLocalRunnable.run(FastThreadLocalRunnable.java:30)
	... 1 more
Caused by: java.net.ConnectException: Connection refused
	... 11 more
2019-10-21 23:47:26,683 [grpc-default-executor-0] INFO  impl.RaftServerImpl (RaftServerImpl.java:setRole(184)) - 1360619e-ba1e-4bf9-aec1-9f15b5480b27@group-2FABE92B7E5B: changes role from  FOLLOWER to FOLLOWER at term 533 for recognizeCandidate:b88b3e43-5534-49b3-b3f2-a9f154b450de
2019-10-21 23:47:26,686 [grpc-default-executor-0] INFO  impl.RoleInfo (RoleInfo.java:shutdownFollowerState(121)) - 1360619e-ba1e-4bf9-aec1-9f15b5480b27: shutdown FollowerState
2019-10-21 23:47:26,686 [grpc-default-executor-0] INFO  impl.RoleInfo (RoleInfo.java:updateAndGet(143)) - 1360619e-ba1e-4bf9-aec1-9f15b5480b27: start FollowerState
2019-10-21 23:47:26,686 [Thread-3489] INFO  impl.FollowerState (FollowerState.java:run(117)) - 1360619e-ba1e-4bf9-aec1-9f15b5480b27@group-2FABE92B7E5B-FollowerState was interrupted: java.lang.InterruptedException: sleep interrupted
2019-10-21 23:47:26,713 [b88b3e43-5534-49b3-b3f2-a9f154b450de@group-2FABE92B7E5B-LeaderElection494] INFO  impl.LeaderElection (LeaderElection.java:logAndReturn(56)) - b88b3e43-5534-49b3-b3f2-a9f154b450de@group-2FABE92B7E5B-LeaderElection494: Election REJECTED; received 1 response(s) [b88b3e43-5534-49b3-b3f2-a9f154b450de<-1360619e-ba1e-4bf9-aec1-9f15b5480b27#0:FAIL-t533] and 1 exception(s); b88b3e43-5534-49b3-b3f2-a9f154b450de@group-2FABE92B7E5B:t533, leader=null, voted=b88b3e43-5534-49b3-b3f2-a9f154b450de, raftlog=b88b3e43-5534-49b3-b3f2-a9f154b450de@group-2FABE92B7E5B-SegmentedRaftLog:OPENED:c-1,f-1,i0, conf=-1: [c58a0a02-acd3-47c8-b3e9-5b8e0493de45:192.168.157.254:33611, 1360619e-ba1e-4bf9-aec1-9f15b5480b27:192.168.157.254:45658, b88b3e43-5534-49b3-b3f2-a9f154b450de:192.168.157.254:46786], old=null
2019-10-21 23:47:26,713 [b88b3e43-5534-49b3-b3f2-a9f154b450de@group-2FABE92B7E5B-LeaderElection494] INFO  impl.LeaderElection (LogUtils.java:infoOrTrace(149)) -   Exception 0: {}
java.util.concurrent.ExecutionException: org.apache.ratis.thirdparty.io.grpc.StatusRuntimeException: UNAVAILABLE: io exception
	at java.util.concurrent.FutureTask.report(FutureTask.java:122)
	at java.util.concurrent.FutureTask.get(FutureTask.java:192)
	at org.apache.ratis.server.impl.LeaderElection.waitForResults(LeaderElection.java:259)
	at org.apache.ratis.server.impl.LeaderElection.askForVotes(LeaderElection.java:197)
	at org.apache.ratis.server.impl.LeaderElection.run(LeaderElection.java:133)
	at java.lang.Thread.run(Thread.java:748)
Caused by: org.apache.ratis.thirdparty.io.grpc.StatusRuntimeException: UNAVAILABLE: io exception
	at org.apache.ratis.thirdparty.io.grpc.stub.ClientCalls.toStatusRuntimeException(ClientCalls.java:233)
	at org.apache.ratis.thirdparty.io.grpc.stub.ClientCalls.getUnchecked(ClientCalls.java:214)
	at org.apache.ratis.thirdparty.io.grpc.stub.ClientCalls.blockingUnaryCall(ClientCalls.java:139)
	at org.apache.ratis.proto.grpc.RaftServerProtocolServiceGrpc$RaftServerProtocolServiceBlockingStub.requestVote(RaftServerProtocolServiceGrpc.java:265)
	at org.apache.ratis.grpc.server.GrpcServerProtocolClient.requestVote(GrpcServerProtocolClient.java:99)
	at org.apache.ratis.grpc.server.GrpcService.requestVote(GrpcService.java:204)
	at org.apache.ratis.server.impl.LeaderElection.lambda$submitRequests$1(LeaderElection.java:234)
	at java.util.concurrent.FutureTask.run(FutureTask.java:266)
	at java.util.concurrent.Executors$RunnableAdapter.call(Executors.java:511)
	at java.util.concurrent.FutureTask.run(FutureTask.java:266)
	at java.util.concurrent.ThreadPoolExecutor.runWorker(ThreadPoolExecutor.java:1149)
	at java.util.concurrent.ThreadPoolExecutor$Worker.run(ThreadPoolExecutor.java:624)
	... 1 more
Caused by: org.apache.ratis.thirdparty.io.netty.channel.AbstractChannel$AnnotatedConnectException: Connection refused: /192.168.157.254:33611
	at sun.nio.ch.SocketChannelImpl.checkConnect(Native Method)
	at sun.nio.ch.SocketChannelImpl.finishConnect(SocketChannelImpl.java:717)
	at org.apache.ratis.thirdparty.io.netty.channel.socket.nio.NioSocketChannel.doFinishConnect(NioSocketChannel.java:327)
	at org.apache.ratis.thirdparty.io.netty.channel.nio.AbstractNioChannel$AbstractNioUnsafe.finishConnect(AbstractNioChannel.java:340)
	at org.apache.ratis.thirdparty.io.netty.channel.nio.NioEventLoop.processSelectedKey(NioEventLoop.java:632)
	at org.apache.ratis.thirdparty.io.netty.channel.nio.NioEventLoop.processSelectedKeysOptimized(NioEventLoop.java:579)
	at org.apache.ratis.thirdparty.io.netty.channel.nio.NioEventLoop.processSelectedKeys(NioEventLoop.java:496)
	at org.apache.ratis.thirdparty.io.netty.channel.nio.NioEventLoop.run(NioEventLoop.java:458)
	at org.apache.ratis.thirdparty.io.netty.util.concurrent.SingleThreadEventExecutor$5.run(SingleThreadEventExecutor.java:897)
	at org.apache.ratis.thirdparty.io.netty.util.concurrent.FastThreadLocalRunnable.run(FastThreadLocalRunnable.java:30)
	... 1 more
Caused by: java.net.ConnectException: Connection refused
	... 11 more
2019-10-21 23:47:26,714 [b88b3e43-5534-49b3-b3f2-a9f154b450de@group-2FABE92B7E5B-LeaderElection494] INFO  impl.RaftServerImpl (RaftServerImpl.java:setRole(184)) - b88b3e43-5534-49b3-b3f2-a9f154b450de@group-2FABE92B7E5B: changes role from CANDIDATE to FOLLOWER at term 533 for DISCOVERED_A_NEW_TERM
2019-10-21 23:47:26,714 [b88b3e43-5534-49b3-b3f2-a9f154b450de@group-2FABE92B7E5B-LeaderElection494] INFO  impl.RoleInfo (RoleInfo.java:shutdownLeaderElection(134)) - b88b3e43-5534-49b3-b3f2-a9f154b450de: shutdown LeaderElection
2019-10-21 23:47:26,715 [b88b3e43-5534-49b3-b3f2-a9f154b450de@group-2FABE92B7E5B-LeaderElection494] INFO  impl.RoleInfo (RoleInfo.java:updateAndGet(143)) - b88b3e43-5534-49b3-b3f2-a9f154b450de: start FollowerState
2019-10-21 23:47:26,828 [Thread-3493] INFO  impl.FollowerState (FollowerState.java:run(108)) - b88b3e43-5534-49b3-b3f2-a9f154b450de@group-2FABE92B7E5B-FollowerState: change to CANDIDATE, lastRpcTime:113ms, electionTimeout:113ms
2019-10-21 23:47:26,828 [Thread-3493] INFO  impl.RoleInfo (RoleInfo.java:shutdownFollowerState(121)) - b88b3e43-5534-49b3-b3f2-a9f154b450de: shutdown FollowerState
2019-10-21 23:47:26,828 [Thread-3493] INFO  impl.RaftServerImpl (RaftServerImpl.java:setRole(184)) - b88b3e43-5534-49b3-b3f2-a9f154b450de@group-2FABE92B7E5B: changes role from  FOLLOWER to CANDIDATE at term 533 for changeToCandidate
2019-10-21 23:47:26,829 [Thread-3493] INFO  impl.RoleInfo (RoleInfo.java:updateAndGet(143)) - b88b3e43-5534-49b3-b3f2-a9f154b450de: start LeaderElection
2019-10-21 23:47:26,843 [b88b3e43-5534-49b3-b3f2-a9f154b450de@group-2FABE92B7E5B-LeaderElection495] INFO  impl.LeaderElection (LeaderElection.java:askForVotes(178)) - b88b3e43-5534-49b3-b3f2-a9f154b450de@group-2FABE92B7E5B-LeaderElection495: begin an election at term 534 for -1: [c58a0a02-acd3-47c8-b3e9-5b8e0493de45:192.168.157.254:33611, 1360619e-ba1e-4bf9-aec1-9f15b5480b27:192.168.157.254:45658, b88b3e43-5534-49b3-b3f2-a9f154b450de:192.168.157.254:46786], old=null
2019-10-21 23:47:26,844 [b88b3e43-5534-49b3-b3f2-a9f154b450de@group-2FABE92B7E5B-LeaderElection495] INFO  impl.LeaderElection (LogUtils.java:infoOrTrace(149)) - b88b3e43-5534-49b3-b3f2-a9f154b450de@group-2FABE92B7E5B-LeaderElection495 got exception when requesting votes: {}
java.util.concurrent.ExecutionException: org.apache.ratis.thirdparty.io.grpc.StatusRuntimeException: UNAVAILABLE: io exception
	at java.util.concurrent.FutureTask.report(FutureTask.java:122)
	at java.util.concurrent.FutureTask.get(FutureTask.java:192)
	at org.apache.ratis.server.impl.LeaderElection.waitForResults(LeaderElection.java:259)
	at org.apache.ratis.server.impl.LeaderElection.askForVotes(LeaderElection.java:197)
	at org.apache.ratis.server.impl.LeaderElection.run(LeaderElection.java:133)
	at java.lang.Thread.run(Thread.java:748)
Caused by: org.apache.ratis.thirdparty.io.grpc.StatusRuntimeException: UNAVAILABLE: io exception
	at org.apache.ratis.thirdparty.io.grpc.stub.ClientCalls.toStatusRuntimeException(ClientCalls.java:233)
	at org.apache.ratis.thirdparty.io.grpc.stub.ClientCalls.getUnchecked(ClientCalls.java:214)
	at org.apache.ratis.thirdparty.io.grpc.stub.ClientCalls.blockingUnaryCall(ClientCalls.java:139)
	at org.apache.ratis.proto.grpc.RaftServerProtocolServiceGrpc$RaftServerProtocolServiceBlockingStub.requestVote(RaftServerProtocolServiceGrpc.java:265)
	at org.apache.ratis.grpc.server.GrpcServerProtocolClient.requestVote(GrpcServerProtocolClient.java:99)
	at org.apache.ratis.grpc.server.GrpcService.requestVote(GrpcService.java:204)
	at org.apache.ratis.server.impl.LeaderElection.lambda$submitRequests$1(LeaderElection.java:234)
	at java.util.concurrent.FutureTask.run(FutureTask.java:266)
	at java.util.concurrent.Executors$RunnableAdapter.call(Executors.java:511)
	at java.util.concurrent.FutureTask.run(FutureTask.java:266)
	at java.util.concurrent.ThreadPoolExecutor.runWorker(ThreadPoolExecutor.java:1149)
	at java.util.concurrent.ThreadPoolExecutor$Worker.run(ThreadPoolExecutor.java:624)
	... 1 more
Caused by: org.apache.ratis.thirdparty.io.netty.channel.AbstractChannel$AnnotatedConnectException: Connection refused: /192.168.157.254:33611
	at sun.nio.ch.SocketChannelImpl.checkConnect(Native Method)
	at sun.nio.ch.SocketChannelImpl.finishConnect(SocketChannelImpl.java:717)
	at org.apache.ratis.thirdparty.io.netty.channel.socket.nio.NioSocketChannel.doFinishConnect(NioSocketChannel.java:327)
	at org.apache.ratis.thirdparty.io.netty.channel.nio.AbstractNioChannel$AbstractNioUnsafe.finishConnect(AbstractNioChannel.java:340)
	at org.apache.ratis.thirdparty.io.netty.channel.nio.NioEventLoop.processSelectedKey(NioEventLoop.java:632)
	at org.apache.ratis.thirdparty.io.netty.channel.nio.NioEventLoop.processSelectedKeysOptimized(NioEventLoop.java:579)
	at org.apache.ratis.thirdparty.io.netty.channel.nio.NioEventLoop.processSelectedKeys(NioEventLoop.java:496)
	at org.apache.ratis.thirdparty.io.netty.channel.nio.NioEventLoop.run(NioEventLoop.java:458)
	at org.apache.ratis.thirdparty.io.netty.util.concurrent.SingleThreadEventExecutor$5.run(SingleThreadEventExecutor.java:897)
	at org.apache.ratis.thirdparty.io.netty.util.concurrent.FastThreadLocalRunnable.run(FastThreadLocalRunnable.java:30)
	... 1 more
Caused by: java.net.ConnectException: Connection refused
	... 11 more
2019-10-21 23:47:26,846 [grpc-default-executor-0] INFO  impl.RaftServerImpl (RaftServerImpl.java:setRole(184)) - 1360619e-ba1e-4bf9-aec1-9f15b5480b27@group-2FABE92B7E5B: changes role from  FOLLOWER to FOLLOWER at term 534 for recognizeCandidate:b88b3e43-5534-49b3-b3f2-a9f154b450de
2019-10-21 23:47:26,846 [grpc-default-executor-0] INFO  impl.RoleInfo (RoleInfo.java:shutdownFollowerState(121)) - 1360619e-ba1e-4bf9-aec1-9f15b5480b27: shutdown FollowerState
2019-10-21 23:47:26,846 [grpc-default-executor-0] INFO  impl.RoleInfo (RoleInfo.java:updateAndGet(143)) - 1360619e-ba1e-4bf9-aec1-9f15b5480b27: start FollowerState
2019-10-21 23:47:26,846 [Thread-3492] INFO  impl.FollowerState (FollowerState.java:run(117)) - 1360619e-ba1e-4bf9-aec1-9f15b5480b27@group-2FABE92B7E5B-FollowerState was interrupted: java.lang.InterruptedException: sleep interrupted
2019-10-21 23:47:26,860 [b88b3e43-5534-49b3-b3f2-a9f154b450de@group-2FABE92B7E5B-LeaderElection495] INFO  impl.LeaderElection (LeaderElection.java:logAndReturn(56)) - b88b3e43-5534-49b3-b3f2-a9f154b450de@group-2FABE92B7E5B-LeaderElection495: Election REJECTED; received 1 response(s) [b88b3e43-5534-49b3-b3f2-a9f154b450de<-1360619e-ba1e-4bf9-aec1-9f15b5480b27#0:FAIL-t534] and 1 exception(s); b88b3e43-5534-49b3-b3f2-a9f154b450de@group-2FABE92B7E5B:t534, leader=null, voted=b88b3e43-5534-49b3-b3f2-a9f154b450de, raftlog=b88b3e43-5534-49b3-b3f2-a9f154b450de@group-2FABE92B7E5B-SegmentedRaftLog:OPENED:c-1,f-1,i0, conf=-1: [c58a0a02-acd3-47c8-b3e9-5b8e0493de45:192.168.157.254:33611, 1360619e-ba1e-4bf9-aec1-9f15b5480b27:192.168.157.254:45658, b88b3e43-5534-49b3-b3f2-a9f154b450de:192.168.157.254:46786], old=null
2019-10-21 23:47:26,860 [b88b3e43-5534-49b3-b3f2-a9f154b450de@group-2FABE92B7E5B-LeaderElection495] INFO  impl.LeaderElection (LogUtils.java:infoOrTrace(149)) -   Exception 0: {}
java.util.concurrent.ExecutionException: org.apache.ratis.thirdparty.io.grpc.StatusRuntimeException: UNAVAILABLE: io exception
	at java.util.concurrent.FutureTask.report(FutureTask.java:122)
	at java.util.concurrent.FutureTask.get(FutureTask.java:192)
	at org.apache.ratis.server.impl.LeaderElection.waitForResults(LeaderElection.java:259)
	at org.apache.ratis.server.impl.LeaderElection.askForVotes(LeaderElection.java:197)
	at org.apache.ratis.server.impl.LeaderElection.run(LeaderElection.java:133)
	at java.lang.Thread.run(Thread.java:748)
Caused by: org.apache.ratis.thirdparty.io.grpc.StatusRuntimeException: UNAVAILABLE: io exception
	at org.apache.ratis.thirdparty.io.grpc.stub.ClientCalls.toStatusRuntimeException(ClientCalls.java:233)
	at org.apache.ratis.thirdparty.io.grpc.stub.ClientCalls.getUnchecked(ClientCalls.java:214)
	at org.apache.ratis.thirdparty.io.grpc.stub.ClientCalls.blockingUnaryCall(ClientCalls.java:139)
	at org.apache.ratis.proto.grpc.RaftServerProtocolServiceGrpc$RaftServerProtocolServiceBlockingStub.requestVote(RaftServerProtocolServiceGrpc.java:265)
	at org.apache.ratis.grpc.server.GrpcServerProtocolClient.requestVote(GrpcServerProtocolClient.java:99)
	at org.apache.ratis.grpc.server.GrpcService.requestVote(GrpcService.java:204)
	at org.apache.ratis.server.impl.LeaderElection.lambda$submitRequests$1(LeaderElection.java:234)
	at java.util.concurrent.FutureTask.run(FutureTask.java:266)
	at java.util.concurrent.Executors$RunnableAdapter.call(Executors.java:511)
	at java.util.concurrent.FutureTask.run(FutureTask.java:266)
	at java.util.concurrent.ThreadPoolExecutor.runWorker(ThreadPoolExecutor.java:1149)
	at java.util.concurrent.ThreadPoolExecutor$Worker.run(ThreadPoolExecutor.java:624)
	... 1 more
Caused by: org.apache.ratis.thirdparty.io.netty.channel.AbstractChannel$AnnotatedConnectException: Connection refused: /192.168.157.254:33611
	at sun.nio.ch.SocketChannelImpl.checkConnect(Native Method)
	at sun.nio.ch.SocketChannelImpl.finishConnect(SocketChannelImpl.java:717)
	at org.apache.ratis.thirdparty.io.netty.channel.socket.nio.NioSocketChannel.doFinishConnect(NioSocketChannel.java:327)
	at org.apache.ratis.thirdparty.io.netty.channel.nio.AbstractNioChannel$AbstractNioUnsafe.finishConnect(AbstractNioChannel.java:340)
	at org.apache.ratis.thirdparty.io.netty.channel.nio.NioEventLoop.processSelectedKey(NioEventLoop.java:632)
	at org.apache.ratis.thirdparty.io.netty.channel.nio.NioEventLoop.processSelectedKeysOptimized(NioEventLoop.java:579)
	at org.apache.ratis.thirdparty.io.netty.channel.nio.NioEventLoop.processSelectedKeys(NioEventLoop.java:496)
	at org.apache.ratis.thirdparty.io.netty.channel.nio.NioEventLoop.run(NioEventLoop.java:458)
	at org.apache.ratis.thirdparty.io.netty.util.concurrent.SingleThreadEventExecutor$5.run(SingleThreadEventExecutor.java:897)
	at org.apache.ratis.thirdparty.io.netty.util.concurrent.FastThreadLocalRunnable.run(FastThreadLocalRunnable.java:30)
	... 1 more
Caused by: java.net.ConnectException: Connection refused
	... 11 more
2019-10-21 23:47:26,860 [b88b3e43-5534-49b3-b3f2-a9f154b450de@group-2FABE92B7E5B-LeaderElection495] INFO  impl.RaftServerImpl (RaftServerImpl.java:setRole(184)) - b88b3e43-5534-49b3-b3f2-a9f154b450de@group-2FABE92B7E5B: changes role from CANDIDATE to FOLLOWER at term 534 for DISCOVERED_A_NEW_TERM
2019-10-21 23:47:26,860 [b88b3e43-5534-49b3-b3f2-a9f154b450de@group-2FABE92B7E5B-LeaderElection495] INFO  impl.RoleInfo (RoleInfo.java:shutdownLeaderElection(134)) - b88b3e43-5534-49b3-b3f2-a9f154b450de: shutdown LeaderElection
2019-10-21 23:47:26,860 [b88b3e43-5534-49b3-b3f2-a9f154b450de@group-2FABE92B7E5B-LeaderElection495] INFO  impl.RoleInfo (RoleInfo.java:updateAndGet(143)) - b88b3e43-5534-49b3-b3f2-a9f154b450de: start FollowerState
2019-10-21 23:47:26,924 [Thread-3498] INFO  impl.FollowerState (FollowerState.java:run(108)) - b88b3e43-5534-49b3-b3f2-a9f154b450de@group-2FABE92B7E5B-FollowerState: change to CANDIDATE, lastRpcTime:63ms, electionTimeout:63ms
2019-10-21 23:47:26,924 [Thread-3498] INFO  impl.RoleInfo (RoleInfo.java:shutdownFollowerState(121)) - b88b3e43-5534-49b3-b3f2-a9f154b450de: shutdown FollowerState
2019-10-21 23:47:26,924 [Thread-3498] INFO  impl.RaftServerImpl (RaftServerImpl.java:setRole(184)) - b88b3e43-5534-49b3-b3f2-a9f154b450de@group-2FABE92B7E5B: changes role from  FOLLOWER to CANDIDATE at term 534 for changeToCandidate
2019-10-21 23:47:26,924 [Thread-3498] INFO  impl.RoleInfo (RoleInfo.java:updateAndGet(143)) - b88b3e43-5534-49b3-b3f2-a9f154b450de: start LeaderElection
2019-10-21 23:47:26,937 [b88b3e43-5534-49b3-b3f2-a9f154b450de@group-2FABE92B7E5B-LeaderElection496] INFO  impl.LeaderElection (LeaderElection.java:askForVotes(178)) - b88b3e43-5534-49b3-b3f2-a9f154b450de@group-2FABE92B7E5B-LeaderElection496: begin an election at term 535 for -1: [c58a0a02-acd3-47c8-b3e9-5b8e0493de45:192.168.157.254:33611, 1360619e-ba1e-4bf9-aec1-9f15b5480b27:192.168.157.254:45658, b88b3e43-5534-49b3-b3f2-a9f154b450de:192.168.157.254:46786], old=null
2019-10-21 23:47:26,938 [b88b3e43-5534-49b3-b3f2-a9f154b450de@group-2FABE92B7E5B-LeaderElection496] INFO  impl.LeaderElection (LogUtils.java:infoOrTrace(149)) - b88b3e43-5534-49b3-b3f2-a9f154b450de@group-2FABE92B7E5B-LeaderElection496 got exception when requesting votes: {}
java.util.concurrent.ExecutionException: org.apache.ratis.thirdparty.io.grpc.StatusRuntimeException: UNAVAILABLE: io exception
	at java.util.concurrent.FutureTask.report(FutureTask.java:122)
	at java.util.concurrent.FutureTask.get(FutureTask.java:192)
	at org.apache.ratis.server.impl.LeaderElection.waitForResults(LeaderElection.java:259)
	at org.apache.ratis.server.impl.LeaderElection.askForVotes(LeaderElection.java:197)
	at org.apache.ratis.server.impl.LeaderElection.run(LeaderElection.java:133)
	at java.lang.Thread.run(Thread.java:748)
Caused by: org.apache.ratis.thirdparty.io.grpc.StatusRuntimeException: UNAVAILABLE: io exception
	at org.apache.ratis.thirdparty.io.grpc.stub.ClientCalls.toStatusRuntimeException(ClientCalls.java:233)
	at org.apache.ratis.thirdparty.io.grpc.stub.ClientCalls.getUnchecked(ClientCalls.java:214)
	at org.apache.ratis.thirdparty.io.grpc.stub.ClientCalls.blockingUnaryCall(ClientCalls.java:139)
	at org.apache.ratis.proto.grpc.RaftServerProtocolServiceGrpc$RaftServerProtocolServiceBlockingStub.requestVote(RaftServerProtocolServiceGrpc.java:265)
	at org.apache.ratis.grpc.server.GrpcServerProtocolClient.requestVote(GrpcServerProtocolClient.java:99)
	at org.apache.ratis.grpc.server.GrpcService.requestVote(GrpcService.java:204)
	at org.apache.ratis.server.impl.LeaderElection.lambda$submitRequests$1(LeaderElection.java:234)
	at java.util.concurrent.FutureTask.run(FutureTask.java:266)
	at java.util.concurrent.Executors$RunnableAdapter.call(Executors.java:511)
	at java.util.concurrent.FutureTask.run(FutureTask.java:266)
	at java.util.concurrent.ThreadPoolExecutor.runWorker(ThreadPoolExecutor.java:1149)
	at java.util.concurrent.ThreadPoolExecutor$Worker.run(ThreadPoolExecutor.java:624)
	... 1 more
Caused by: org.apache.ratis.thirdparty.io.netty.channel.AbstractChannel$AnnotatedConnectException: Connection refused: /192.168.157.254:33611
	at sun.nio.ch.SocketChannelImpl.checkConnect(Native Method)
	at sun.nio.ch.SocketChannelImpl.finishConnect(SocketChannelImpl.java:717)
	at org.apache.ratis.thirdparty.io.netty.channel.socket.nio.NioSocketChannel.doFinishConnect(NioSocketChannel.java:327)
	at org.apache.ratis.thirdparty.io.netty.channel.nio.AbstractNioChannel$AbstractNioUnsafe.finishConnect(AbstractNioChannel.java:340)
	at org.apache.ratis.thirdparty.io.netty.channel.nio.NioEventLoop.processSelectedKey(NioEventLoop.java:632)
	at org.apache.ratis.thirdparty.io.netty.channel.nio.NioEventLoop.processSelectedKeysOptimized(NioEventLoop.java:579)
	at org.apache.ratis.thirdparty.io.netty.channel.nio.NioEventLoop.processSelectedKeys(NioEventLoop.java:496)
	at org.apache.ratis.thirdparty.io.netty.channel.nio.NioEventLoop.run(NioEventLoop.java:458)
	at org.apache.ratis.thirdparty.io.netty.util.concurrent.SingleThreadEventExecutor$5.run(SingleThreadEventExecutor.java:897)
	at org.apache.ratis.thirdparty.io.netty.util.concurrent.FastThreadLocalRunnable.run(FastThreadLocalRunnable.java:30)
	... 1 more
Caused by: java.net.ConnectException: Connection refused
	... 11 more
2019-10-21 23:47:26,940 [grpc-default-executor-0] INFO  impl.RaftServerImpl (RaftServerImpl.java:setRole(184)) - 1360619e-ba1e-4bf9-aec1-9f15b5480b27@group-2FABE92B7E5B: changes role from  FOLLOWER to FOLLOWER at term 535 for recognizeCandidate:b88b3e43-5534-49b3-b3f2-a9f154b450de
2019-10-21 23:47:26,940 [grpc-default-executor-0] INFO  impl.RoleInfo (RoleInfo.java:shutdownFollowerState(121)) - 1360619e-ba1e-4bf9-aec1-9f15b5480b27: shutdown FollowerState
2019-10-21 23:47:26,940 [grpc-default-executor-0] INFO  impl.RoleInfo (RoleInfo.java:updateAndGet(143)) - 1360619e-ba1e-4bf9-aec1-9f15b5480b27: start FollowerState
2019-10-21 23:47:26,940 [Thread-3497] INFO  impl.FollowerState (FollowerState.java:run(117)) - 1360619e-ba1e-4bf9-aec1-9f15b5480b27@group-2FABE92B7E5B-FollowerState was interrupted: java.lang.InterruptedException: sleep interrupted
2019-10-21 23:47:26,963 [b88b3e43-5534-49b3-b3f2-a9f154b450de@group-2FABE92B7E5B-LeaderElection496] INFO  impl.LeaderElection (LeaderElection.java:logAndReturn(56)) - b88b3e43-5534-49b3-b3f2-a9f154b450de@group-2FABE92B7E5B-LeaderElection496: Election REJECTED; received 1 response(s) [b88b3e43-5534-49b3-b3f2-a9f154b450de<-1360619e-ba1e-4bf9-aec1-9f15b5480b27#0:FAIL-t535] and 1 exception(s); b88b3e43-5534-49b3-b3f2-a9f154b450de@group-2FABE92B7E5B:t535, leader=null, voted=b88b3e43-5534-49b3-b3f2-a9f154b450de, raftlog=b88b3e43-5534-49b3-b3f2-a9f154b450de@group-2FABE92B7E5B-SegmentedRaftLog:OPENED:c-1,f-1,i0, conf=-1: [c58a0a02-acd3-47c8-b3e9-5b8e0493de45:192.168.157.254:33611, 1360619e-ba1e-4bf9-aec1-9f15b5480b27:192.168.157.254:45658, b88b3e43-5534-49b3-b3f2-a9f154b450de:192.168.157.254:46786], old=null
2019-10-21 23:47:26,963 [b88b3e43-5534-49b3-b3f2-a9f154b450de@group-2FABE92B7E5B-LeaderElection496] INFO  impl.LeaderElection (LogUtils.java:infoOrTrace(149)) -   Exception 0: {}
java.util.concurrent.ExecutionException: org.apache.ratis.thirdparty.io.grpc.StatusRuntimeException: UNAVAILABLE: io exception
	at java.util.concurrent.FutureTask.report(FutureTask.java:122)
	at java.util.concurrent.FutureTask.get(FutureTask.java:192)
	at org.apache.ratis.server.impl.LeaderElection.waitForResults(LeaderElection.java:259)
	at org.apache.ratis.server.impl.LeaderElection.askForVotes(LeaderElection.java:197)
	at org.apache.ratis.server.impl.LeaderElection.run(LeaderElection.java:133)
	at java.lang.Thread.run(Thread.java:748)
Caused by: org.apache.ratis.thirdparty.io.grpc.StatusRuntimeException: UNAVAILABLE: io exception
	at org.apache.ratis.thirdparty.io.grpc.stub.ClientCalls.toStatusRuntimeException(ClientCalls.java:233)
	at org.apache.ratis.thirdparty.io.grpc.stub.ClientCalls.getUnchecked(ClientCalls.java:214)
	at org.apache.ratis.thirdparty.io.grpc.stub.ClientCalls.blockingUnaryCall(ClientCalls.java:139)
	at org.apache.ratis.proto.grpc.RaftServerProtocolServiceGrpc$RaftServerProtocolServiceBlockingStub.requestVote(RaftServerProtocolServiceGrpc.java:265)
	at org.apache.ratis.grpc.server.GrpcServerProtocolClient.requestVote(GrpcServerProtocolClient.java:99)
	at org.apache.ratis.grpc.server.GrpcService.requestVote(GrpcService.java:204)
	at org.apache.ratis.server.impl.LeaderElection.lambda$submitRequests$1(LeaderElection.java:234)
	at java.util.concurrent.FutureTask.run(FutureTask.java:266)
	at java.util.concurrent.Executors$RunnableAdapter.call(Executors.java:511)
	at java.util.concurrent.FutureTask.run(FutureTask.java:266)
	at java.util.concurrent.ThreadPoolExecutor.runWorker(ThreadPoolExecutor.java:1149)
	at java.util.concurrent.ThreadPoolExecutor$Worker.run(ThreadPoolExecutor.java:624)
	... 1 more
Caused by: org.apache.ratis.thirdparty.io.netty.channel.AbstractChannel$AnnotatedConnectException: Connection refused: /192.168.157.254:33611
	at sun.nio.ch.SocketChannelImpl.checkConnect(Native Method)
	at sun.nio.ch.SocketChannelImpl.finishConnect(SocketChannelImpl.java:717)
	at org.apache.ratis.thirdparty.io.netty.channel.socket.nio.NioSocketChannel.doFinishConnect(NioSocketChannel.java:327)
	at org.apache.ratis.thirdparty.io.netty.channel.nio.AbstractNioChannel$AbstractNioUnsafe.finishConnect(AbstractNioChannel.java:340)
	at org.apache.ratis.thirdparty.io.netty.channel.nio.NioEventLoop.processSelectedKey(NioEventLoop.java:632)
	at org.apache.ratis.thirdparty.io.netty.channel.nio.NioEventLoop.processSelectedKeysOptimized(NioEventLoop.java:579)
	at org.apache.ratis.thirdparty.io.netty.channel.nio.NioEventLoop.processSelectedKeys(NioEventLoop.java:496)
	at org.apache.ratis.thirdparty.io.netty.channel.nio.NioEventLoop.run(NioEventLoop.java:458)
	at org.apache.ratis.thirdparty.io.netty.util.concurrent.SingleThreadEventExecutor$5.run(SingleThreadEventExecutor.java:897)
	at org.apache.ratis.thirdparty.io.netty.util.concurrent.FastThreadLocalRunnable.run(FastThreadLocalRunnable.java:30)
	... 1 more
Caused by: java.net.ConnectException: Connection refused
	... 11 more
2019-10-21 23:47:26,964 [b88b3e43-5534-49b3-b3f2-a9f154b450de@group-2FABE92B7E5B-LeaderElection496] INFO  impl.RaftServerImpl (RaftServerImpl.java:setRole(184)) - b88b3e43-5534-49b3-b3f2-a9f154b450de@group-2FABE92B7E5B: changes role from CANDIDATE to FOLLOWER at term 535 for DISCOVERED_A_NEW_TERM
2019-10-21 23:47:26,964 [b88b3e43-5534-49b3-b3f2-a9f154b450de@group-2FABE92B7E5B-LeaderElection496] INFO  impl.RoleInfo (RoleInfo.java:shutdownLeaderElection(134)) - b88b3e43-5534-49b3-b3f2-a9f154b450de: shutdown LeaderElection
2019-10-21 23:47:26,964 [b88b3e43-5534-49b3-b3f2-a9f154b450de@group-2FABE92B7E5B-LeaderElection496] INFO  impl.RoleInfo (RoleInfo.java:updateAndGet(143)) - b88b3e43-5534-49b3-b3f2-a9f154b450de: start FollowerState
2019-10-21 23:47:27,021 [Datanode State Machine Thread - 0] INFO  statemachine.DatanodeStateMachine (DatanodeStateMachine.java:lambda$startDaemon$0(350)) - Ozone container server started.
2019-10-21 23:47:27,090 [Thread-3503] INFO  impl.FollowerState (FollowerState.java:run(108)) - b88b3e43-5534-49b3-b3f2-a9f154b450de@group-2FABE92B7E5B-FollowerState: change to CANDIDATE, lastRpcTime:126ms, electionTimeout:126ms
2019-10-21 23:47:27,091 [Thread-3503] INFO  impl.RoleInfo (RoleInfo.java:shutdownFollowerState(121)) - b88b3e43-5534-49b3-b3f2-a9f154b450de: shutdown FollowerState
2019-10-21 23:47:27,091 [Thread-3503] INFO  impl.RaftServerImpl (RaftServerImpl.java:setRole(184)) - b88b3e43-5534-49b3-b3f2-a9f154b450de@group-2FABE92B7E5B: changes role from  FOLLOWER to CANDIDATE at term 535 for changeToCandidate
2019-10-21 23:47:27,091 [Thread-3503] INFO  impl.RoleInfo (RoleInfo.java:updateAndGet(143)) - b88b3e43-5534-49b3-b3f2-a9f154b450de: start LeaderElection
2019-10-21 23:47:27,104 [b88b3e43-5534-49b3-b3f2-a9f154b450de@group-2FABE92B7E5B-LeaderElection497] INFO  impl.LeaderElection (LeaderElection.java:askForVotes(178)) - b88b3e43-5534-49b3-b3f2-a9f154b450de@group-2FABE92B7E5B-LeaderElection497: begin an election at term 536 for -1: [c58a0a02-acd3-47c8-b3e9-5b8e0493de45:192.168.157.254:33611, 1360619e-ba1e-4bf9-aec1-9f15b5480b27:192.168.157.254:45658, b88b3e43-5534-49b3-b3f2-a9f154b450de:192.168.157.254:46786], old=null
2019-10-21 23:47:27,105 [b88b3e43-5534-49b3-b3f2-a9f154b450de@group-2FABE92B7E5B-LeaderElection497] INFO  impl.LeaderElection (LogUtils.java:infoOrTrace(149)) - b88b3e43-5534-49b3-b3f2-a9f154b450de@group-2FABE92B7E5B-LeaderElection497 got exception when requesting votes: {}
java.util.concurrent.ExecutionException: org.apache.ratis.thirdparty.io.grpc.StatusRuntimeException: UNAVAILABLE: io exception
	at java.util.concurrent.FutureTask.report(FutureTask.java:122)
	at java.util.concurrent.FutureTask.get(FutureTask.java:192)
	at org.apache.ratis.server.impl.LeaderElection.waitForResults(LeaderElection.java:259)
	at org.apache.ratis.server.impl.LeaderElection.askForVotes(LeaderElection.java:197)
	at org.apache.ratis.server.impl.LeaderElection.run(LeaderElection.java:133)
	at java.lang.Thread.run(Thread.java:748)
Caused by: org.apache.ratis.thirdparty.io.grpc.StatusRuntimeException: UNAVAILABLE: io exception
	at org.apache.ratis.thirdparty.io.grpc.stub.ClientCalls.toStatusRuntimeException(ClientCalls.java:233)
	at org.apache.ratis.thirdparty.io.grpc.stub.ClientCalls.getUnchecked(ClientCalls.java:214)
	at org.apache.ratis.thirdparty.io.grpc.stub.ClientCalls.blockingUnaryCall(ClientCalls.java:139)
	at org.apache.ratis.proto.grpc.RaftServerProtocolServiceGrpc$RaftServerProtocolServiceBlockingStub.requestVote(RaftServerProtocolServiceGrpc.java:265)
	at org.apache.ratis.grpc.server.GrpcServerProtocolClient.requestVote(GrpcServerProtocolClient.java:99)
	at org.apache.ratis.grpc.server.GrpcService.requestVote(GrpcService.java:204)
	at org.apache.ratis.server.impl.LeaderElection.lambda$submitRequests$1(LeaderElection.java:234)
	at java.util.concurrent.FutureTask.run(FutureTask.java:266)
	at java.util.concurrent.Executors$RunnableAdapter.call(Executors.java:511)
	at java.util.concurrent.FutureTask.run(FutureTask.java:266)
	at java.util.concurrent.ThreadPoolExecutor.runWorker(ThreadPoolExecutor.java:1149)
	at java.util.concurrent.ThreadPoolExecutor$Worker.run(ThreadPoolExecutor.java:624)
	... 1 more
Caused by: org.apache.ratis.thirdparty.io.netty.channel.AbstractChannel$AnnotatedConnectException: Connection refused: /192.168.157.254:33611
	at sun.nio.ch.SocketChannelImpl.checkConnect(Native Method)
	at sun.nio.ch.SocketChannelImpl.finishConnect(SocketChannelImpl.java:717)
	at org.apache.ratis.thirdparty.io.netty.channel.socket.nio.NioSocketChannel.doFinishConnect(NioSocketChannel.java:327)
	at org.apache.ratis.thirdparty.io.netty.channel.nio.AbstractNioChannel$AbstractNioUnsafe.finishConnect(AbstractNioChannel.java:340)
	at org.apache.ratis.thirdparty.io.netty.channel.nio.NioEventLoop.processSelectedKey(NioEventLoop.java:632)
	at org.apache.ratis.thirdparty.io.netty.channel.nio.NioEventLoop.processSelectedKeysOptimized(NioEventLoop.java:579)
	at org.apache.ratis.thirdparty.io.netty.channel.nio.NioEventLoop.processSelectedKeys(NioEventLoop.java:496)
	at org.apache.ratis.thirdparty.io.netty.channel.nio.NioEventLoop.run(NioEventLoop.java:458)
	at org.apache.ratis.thirdparty.io.netty.util.concurrent.SingleThreadEventExecutor$5.run(SingleThreadEventExecutor.java:897)
	at org.apache.ratis.thirdparty.io.netty.util.concurrent.FastThreadLocalRunnable.run(FastThreadLocalRunnable.java:30)
	... 1 more
Caused by: java.net.ConnectException: Connection refused
	... 11 more
2019-10-21 23:47:27,107 [b88b3e43-5534-49b3-b3f2-a9f154b450de@group-2FABE92B7E5B-LeaderElection497] INFO  impl.LeaderElection (LeaderElection.java:logAndReturn(56)) - b88b3e43-5534-49b3-b3f2-a9f154b450de@group-2FABE92B7E5B-LeaderElection497: Election TIMEOUT; received 0 response(s) [] and 1 exception(s); b88b3e43-5534-49b3-b3f2-a9f154b450de@group-2FABE92B7E5B:t536, leader=null, voted=b88b3e43-5534-49b3-b3f2-a9f154b450de, raftlog=b88b3e43-5534-49b3-b3f2-a9f154b450de@group-2FABE92B7E5B-SegmentedRaftLog:OPENED:c-1,f-1,i0, conf=-1: [c58a0a02-acd3-47c8-b3e9-5b8e0493de45:192.168.157.254:33611, 1360619e-ba1e-4bf9-aec1-9f15b5480b27:192.168.157.254:45658, b88b3e43-5534-49b3-b3f2-a9f154b450de:192.168.157.254:46786], old=null
2019-10-21 23:47:27,107 [b88b3e43-5534-49b3-b3f2-a9f154b450de@group-2FABE92B7E5B-LeaderElection497] INFO  impl.LeaderElection (LogUtils.java:infoOrTrace(149)) -   Exception 0: {}
java.util.concurrent.ExecutionException: org.apache.ratis.thirdparty.io.grpc.StatusRuntimeException: UNAVAILABLE: io exception
	at java.util.concurrent.FutureTask.report(FutureTask.java:122)
	at java.util.concurrent.FutureTask.get(FutureTask.java:192)
	at org.apache.ratis.server.impl.LeaderElection.waitForResults(LeaderElection.java:259)
	at org.apache.ratis.server.impl.LeaderElection.askForVotes(LeaderElection.java:197)
	at org.apache.ratis.server.impl.LeaderElection.run(LeaderElection.java:133)
	at java.lang.Thread.run(Thread.java:748)
Caused by: org.apache.ratis.thirdparty.io.grpc.StatusRuntimeException: UNAVAILABLE: io exception
	at org.apache.ratis.thirdparty.io.grpc.stub.ClientCalls.toStatusRuntimeException(ClientCalls.java:233)
	at org.apache.ratis.thirdparty.io.grpc.stub.ClientCalls.getUnchecked(ClientCalls.java:214)
	at org.apache.ratis.thirdparty.io.grpc.stub.ClientCalls.blockingUnaryCall(ClientCalls.java:139)
	at org.apache.ratis.proto.grpc.RaftServerProtocolServiceGrpc$RaftServerProtocolServiceBlockingStub.requestVote(RaftServerProtocolServiceGrpc.java:265)
	at org.apache.ratis.grpc.server.GrpcServerProtocolClient.requestVote(GrpcServerProtocolClient.java:99)
	at org.apache.ratis.grpc.server.GrpcService.requestVote(GrpcService.java:204)
	at org.apache.ratis.server.impl.LeaderElection.lambda$submitRequests$1(LeaderElection.java:234)
	at java.util.concurrent.FutureTask.run(FutureTask.java:266)
	at java.util.concurrent.Executors$RunnableAdapter.call(Executors.java:511)
	at java.util.concurrent.FutureTask.run(FutureTask.java:266)
	at java.util.concurrent.ThreadPoolExecutor.runWorker(ThreadPoolExecutor.java:1149)
	at java.util.concurrent.ThreadPoolExecutor$Worker.run(ThreadPoolExecutor.java:624)
	... 1 more
Caused by: org.apache.ratis.thirdparty.io.netty.channel.AbstractChannel$AnnotatedConnectException: Connection refused: /192.168.157.254:33611
	at sun.nio.ch.SocketChannelImpl.checkConnect(Native Method)
	at sun.nio.ch.SocketChannelImpl.finishConnect(SocketChannelImpl.java:717)
	at org.apache.ratis.thirdparty.io.netty.channel.socket.nio.NioSocketChannel.doFinishConnect(NioSocketChannel.java:327)
	at org.apache.ratis.thirdparty.io.netty.channel.nio.AbstractNioChannel$AbstractNioUnsafe.finishConnect(AbstractNioChannel.java:340)
	at org.apache.ratis.thirdparty.io.netty.channel.nio.NioEventLoop.processSelectedKey(NioEventLoop.java:632)
	at org.apache.ratis.thirdparty.io.netty.channel.nio.NioEventLoop.processSelectedKeysOptimized(NioEventLoop.java:579)
	at org.apache.ratis.thirdparty.io.netty.channel.nio.NioEventLoop.processSelectedKeys(NioEventLoop.java:496)
	at org.apache.ratis.thirdparty.io.netty.channel.nio.NioEventLoop.run(NioEventLoop.java:458)
	at org.apache.ratis.thirdparty.io.netty.util.concurrent.SingleThreadEventExecutor$5.run(SingleThreadEventExecutor.java:897)
	at org.apache.ratis.thirdparty.io.netty.util.concurrent.FastThreadLocalRunnable.run(FastThreadLocalRunnable.java:30)
	... 1 more
Caused by: java.net.ConnectException: Connection refused
	... 11 more
2019-10-21 23:47:27,108 [grpc-default-executor-0] INFO  impl.RaftServerImpl (RaftServerImpl.java:setRole(184)) - 1360619e-ba1e-4bf9-aec1-9f15b5480b27@group-2FABE92B7E5B: changes role from  FOLLOWER to FOLLOWER at term 536 for recognizeCandidate:b88b3e43-5534-49b3-b3f2-a9f154b450de
2019-10-21 23:47:27,108 [grpc-default-executor-0] INFO  impl.RoleInfo (RoleInfo.java:shutdownFollowerState(121)) - 1360619e-ba1e-4bf9-aec1-9f15b5480b27: shutdown FollowerState
2019-10-21 23:47:27,108 [grpc-default-executor-0] INFO  impl.RoleInfo (RoleInfo.java:updateAndGet(143)) - 1360619e-ba1e-4bf9-aec1-9f15b5480b27: start FollowerState
2019-10-21 23:47:27,108 [Thread-3502] INFO  impl.FollowerState (FollowerState.java:run(117)) - 1360619e-ba1e-4bf9-aec1-9f15b5480b27@group-2FABE92B7E5B-FollowerState was interrupted: java.lang.InterruptedException: sleep interrupted
2019-10-21 23:47:27,121 [b88b3e43-5534-49b3-b3f2-a9f154b450de@group-2FABE92B7E5B-LeaderElection497] INFO  impl.LeaderElection (LeaderElection.java:askForVotes(178)) - b88b3e43-5534-49b3-b3f2-a9f154b450de@group-2FABE92B7E5B-LeaderElection497: begin an election at term 537 for -1: [c58a0a02-acd3-47c8-b3e9-5b8e0493de45:192.168.157.254:33611, 1360619e-ba1e-4bf9-aec1-9f15b5480b27:192.168.157.254:45658, b88b3e43-5534-49b3-b3f2-a9f154b450de:192.168.157.254:46786], old=null
2019-10-21 23:47:27,122 [b88b3e43-5534-49b3-b3f2-a9f154b450de@group-2FABE92B7E5B-LeaderElection497] INFO  impl.LeaderElection (LogUtils.java:infoOrTrace(149)) - b88b3e43-5534-49b3-b3f2-a9f154b450de@group-2FABE92B7E5B-LeaderElection497 got exception when requesting votes: {}
java.util.concurrent.ExecutionException: org.apache.ratis.thirdparty.io.grpc.StatusRuntimeException: UNAVAILABLE: io exception
	at java.util.concurrent.FutureTask.report(FutureTask.java:122)
	at java.util.concurrent.FutureTask.get(FutureTask.java:192)
	at org.apache.ratis.server.impl.LeaderElection.waitForResults(LeaderElection.java:259)
	at org.apache.ratis.server.impl.LeaderElection.askForVotes(LeaderElection.java:197)
	at org.apache.ratis.server.impl.LeaderElection.run(LeaderElection.java:133)
	at java.lang.Thread.run(Thread.java:748)
Caused by: org.apache.ratis.thirdparty.io.grpc.StatusRuntimeException: UNAVAILABLE: io exception
	at org.apache.ratis.thirdparty.io.grpc.stub.ClientCalls.toStatusRuntimeException(ClientCalls.java:233)
	at org.apache.ratis.thirdparty.io.grpc.stub.ClientCalls.getUnchecked(ClientCalls.java:214)
	at org.apache.ratis.thirdparty.io.grpc.stub.ClientCalls.blockingUnaryCall(ClientCalls.java:139)
	at org.apache.ratis.proto.grpc.RaftServerProtocolServiceGrpc$RaftServerProtocolServiceBlockingStub.requestVote(RaftServerProtocolServiceGrpc.java:265)
	at org.apache.ratis.grpc.server.GrpcServerProtocolClient.requestVote(GrpcServerProtocolClient.java:99)
	at org.apache.ratis.grpc.server.GrpcService.requestVote(GrpcService.java:204)
	at org.apache.ratis.server.impl.LeaderElection.lambda$submitRequests$1(LeaderElection.java:234)
	at java.util.concurrent.FutureTask.run(FutureTask.java:266)
	at java.util.concurrent.Executors$RunnableAdapter.call(Executors.java:511)
	at java.util.concurrent.FutureTask.run(FutureTask.java:266)
	at java.util.concurrent.ThreadPoolExecutor.runWorker(ThreadPoolExecutor.java:1149)
	at java.util.concurrent.ThreadPoolExecutor$Worker.run(ThreadPoolExecutor.java:624)
	... 1 more
Caused by: org.apache.ratis.thirdparty.io.netty.channel.AbstractChannel$AnnotatedConnectException: Connection refused: /192.168.157.254:33611
	at sun.nio.ch.SocketChannelImpl.checkConnect(Native Method)
	at sun.nio.ch.SocketChannelImpl.finishConnect(SocketChannelImpl.java:717)
	at org.apache.ratis.thirdparty.io.netty.channel.socket.nio.NioSocketChannel.doFinishConnect(NioSocketChannel.java:327)
	at org.apache.ratis.thirdparty.io.netty.channel.nio.AbstractNioChannel$AbstractNioUnsafe.finishConnect(AbstractNioChannel.java:340)
	at org.apache.ratis.thirdparty.io.netty.channel.nio.NioEventLoop.processSelectedKey(NioEventLoop.java:632)
	at org.apache.ratis.thirdparty.io.netty.channel.nio.NioEventLoop.processSelectedKeysOptimized(NioEventLoop.java:579)
	at org.apache.ratis.thirdparty.io.netty.channel.nio.NioEventLoop.processSelectedKeys(NioEventLoop.java:496)
	at org.apache.ratis.thirdparty.io.netty.channel.nio.NioEventLoop.run(NioEventLoop.java:458)
	at org.apache.ratis.thirdparty.io.netty.util.concurrent.SingleThreadEventExecutor$5.run(SingleThreadEventExecutor.java:897)
	at org.apache.ratis.thirdparty.io.netty.util.concurrent.FastThreadLocalRunnable.run(FastThreadLocalRunnable.java:30)
	... 1 more
Caused by: java.net.ConnectException: Connection refused
	... 11 more
2019-10-21 23:47:27,123 [grpc-default-executor-0] INFO  impl.RaftServerImpl (RaftServerImpl.java:setRole(184)) - 1360619e-ba1e-4bf9-aec1-9f15b5480b27@group-2FABE92B7E5B: changes role from  FOLLOWER to FOLLOWER at term 537 for recognizeCandidate:b88b3e43-5534-49b3-b3f2-a9f154b450de
2019-10-21 23:47:27,124 [grpc-default-executor-0] INFO  impl.RoleInfo (RoleInfo.java:shutdownFollowerState(121)) - 1360619e-ba1e-4bf9-aec1-9f15b5480b27: shutdown FollowerState
2019-10-21 23:47:27,124 [grpc-default-executor-0] INFO  impl.RoleInfo (RoleInfo.java:updateAndGet(143)) - 1360619e-ba1e-4bf9-aec1-9f15b5480b27: start FollowerState
2019-10-21 23:47:27,124 [Thread-3507] INFO  impl.FollowerState (FollowerState.java:run(117)) - 1360619e-ba1e-4bf9-aec1-9f15b5480b27@group-2FABE92B7E5B-FollowerState was interrupted: java.lang.InterruptedException: sleep interrupted
2019-10-21 23:47:27,137 [b88b3e43-5534-49b3-b3f2-a9f154b450de@group-2FABE92B7E5B-LeaderElection497] INFO  impl.LeaderElection (LeaderElection.java:logAndReturn(56)) - b88b3e43-5534-49b3-b3f2-a9f154b450de@group-2FABE92B7E5B-LeaderElection497: Election REJECTED; received 1 response(s) [b88b3e43-5534-49b3-b3f2-a9f154b450de<-1360619e-ba1e-4bf9-aec1-9f15b5480b27#0:FAIL-t537] and 1 exception(s); b88b3e43-5534-49b3-b3f2-a9f154b450de@group-2FABE92B7E5B:t537, leader=null, voted=b88b3e43-5534-49b3-b3f2-a9f154b450de, raftlog=b88b3e43-5534-49b3-b3f2-a9f154b450de@group-2FABE92B7E5B-SegmentedRaftLog:OPENED:c-1,f-1,i0, conf=-1: [c58a0a02-acd3-47c8-b3e9-5b8e0493de45:192.168.157.254:33611, 1360619e-ba1e-4bf9-aec1-9f15b5480b27:192.168.157.254:45658, b88b3e43-5534-49b3-b3f2-a9f154b450de:192.168.157.254:46786], old=null
2019-10-21 23:47:27,137 [b88b3e43-5534-49b3-b3f2-a9f154b450de@group-2FABE92B7E5B-LeaderElection497] INFO  impl.LeaderElection (LogUtils.java:infoOrTrace(149)) -   Exception 0: {}
java.util.concurrent.ExecutionException: org.apache.ratis.thirdparty.io.grpc.StatusRuntimeException: UNAVAILABLE: io exception
	at java.util.concurrent.FutureTask.report(FutureTask.java:122)
	at java.util.concurrent.FutureTask.get(FutureTask.java:192)
	at org.apache.ratis.server.impl.LeaderElection.waitForResults(LeaderElection.java:259)
	at org.apache.ratis.server.impl.LeaderElection.askForVotes(LeaderElection.java:197)
	at org.apache.ratis.server.impl.LeaderElection.run(LeaderElection.java:133)
	at java.lang.Thread.run(Thread.java:748)
Caused by: org.apache.ratis.thirdparty.io.grpc.StatusRuntimeException: UNAVAILABLE: io exception
	at org.apache.ratis.thirdparty.io.grpc.stub.ClientCalls.toStatusRuntimeException(ClientCalls.java:233)
	at org.apache.ratis.thirdparty.io.grpc.stub.ClientCalls.getUnchecked(ClientCalls.java:214)
	at org.apache.ratis.thirdparty.io.grpc.stub.ClientCalls.blockingUnaryCall(ClientCalls.java:139)
	at org.apache.ratis.proto.grpc.RaftServerProtocolServiceGrpc$RaftServerProtocolServiceBlockingStub.requestVote(RaftServerProtocolServiceGrpc.java:265)
	at org.apache.ratis.grpc.server.GrpcServerProtocolClient.requestVote(GrpcServerProtocolClient.java:99)
	at org.apache.ratis.grpc.server.GrpcService.requestVote(GrpcService.java:204)
	at org.apache.ratis.server.impl.LeaderElection.lambda$submitRequests$1(LeaderElection.java:234)
	at java.util.concurrent.FutureTask.run(FutureTask.java:266)
	at java.util.concurrent.Executors$RunnableAdapter.call(Executors.java:511)
	at java.util.concurrent.FutureTask.run(FutureTask.java:266)
	at java.util.concurrent.ThreadPoolExecutor.runWorker(ThreadPoolExecutor.java:1149)
	at java.util.concurrent.ThreadPoolExecutor$Worker.run(ThreadPoolExecutor.java:624)
	... 1 more
Caused by: org.apache.ratis.thirdparty.io.netty.channel.AbstractChannel$AnnotatedConnectException: Connection refused: /192.168.157.254:33611
	at sun.nio.ch.SocketChannelImpl.checkConnect(Native Method)
	at sun.nio.ch.SocketChannelImpl.finishConnect(SocketChannelImpl.java:717)
	at org.apache.ratis.thirdparty.io.netty.channel.socket.nio.NioSocketChannel.doFinishConnect(NioSocketChannel.java:327)
	at org.apache.ratis.thirdparty.io.netty.channel.nio.AbstractNioChannel$AbstractNioUnsafe.finishConnect(AbstractNioChannel.java:340)
	at org.apache.ratis.thirdparty.io.netty.channel.nio.NioEventLoop.processSelectedKey(NioEventLoop.java:632)
	at org.apache.ratis.thirdparty.io.netty.channel.nio.NioEventLoop.processSelectedKeysOptimized(NioEventLoop.java:579)
	at org.apache.ratis.thirdparty.io.netty.channel.nio.NioEventLoop.processSelectedKeys(NioEventLoop.java:496)
	at org.apache.ratis.thirdparty.io.netty.channel.nio.NioEventLoop.run(NioEventLoop.java:458)
	at org.apache.ratis.thirdparty.io.netty.util.concurrent.SingleThreadEventExecutor$5.run(SingleThreadEventExecutor.java:897)
	at org.apache.ratis.thirdparty.io.netty.util.concurrent.FastThreadLocalRunnable.run(FastThreadLocalRunnable.java:30)
	... 1 more
Caused by: java.net.ConnectException: Connection refused
	... 11 more
2019-10-21 23:47:27,138 [b88b3e43-5534-49b3-b3f2-a9f154b450de@group-2FABE92B7E5B-LeaderElection497] INFO  impl.RaftServerImpl (RaftServerImpl.java:setRole(184)) - b88b3e43-5534-49b3-b3f2-a9f154b450de@group-2FABE92B7E5B: changes role from CANDIDATE to FOLLOWER at term 537 for DISCOVERED_A_NEW_TERM
2019-10-21 23:47:27,138 [b88b3e43-5534-49b3-b3f2-a9f154b450de@group-2FABE92B7E5B-LeaderElection497] INFO  impl.RoleInfo (RoleInfo.java:shutdownLeaderElection(134)) - b88b3e43-5534-49b3-b3f2-a9f154b450de: shutdown LeaderElection
2019-10-21 23:47:27,138 [b88b3e43-5534-49b3-b3f2-a9f154b450de@group-2FABE92B7E5B-LeaderElection497] INFO  impl.RoleInfo (RoleInfo.java:updateAndGet(143)) - b88b3e43-5534-49b3-b3f2-a9f154b450de: start FollowerState
2019-10-21 23:47:27,229 [Thread-296] INFO  ipc.Client (Client.java:handleConnectionFailure(948)) - Retrying connect to server: localhost/127.0.0.1:41866. Already tried 5 time(s); retry policy is RetryUpToMaximumCountWithFixedSleep(maxRetries=10, sleepTime=1000 MILLISECONDS)
2019-10-21 23:47:27,245 [Thread-3511] INFO  impl.FollowerState (FollowerState.java:run(108)) - b88b3e43-5534-49b3-b3f2-a9f154b450de@group-2FABE92B7E5B-FollowerState: change to CANDIDATE, lastRpcTime:107ms, electionTimeout:107ms
2019-10-21 23:47:27,246 [Thread-3511] INFO  impl.RoleInfo (RoleInfo.java:shutdownFollowerState(121)) - b88b3e43-5534-49b3-b3f2-a9f154b450de: shutdown FollowerState
2019-10-21 23:47:27,246 [Thread-3511] INFO  impl.RaftServerImpl (RaftServerImpl.java:setRole(184)) - b88b3e43-5534-49b3-b3f2-a9f154b450de@group-2FABE92B7E5B: changes role from  FOLLOWER to CANDIDATE at term 537 for changeToCandidate
2019-10-21 23:47:27,246 [Thread-3511] INFO  impl.RoleInfo (RoleInfo.java:updateAndGet(143)) - b88b3e43-5534-49b3-b3f2-a9f154b450de: start LeaderElection
2019-10-21 23:47:27,261 [b88b3e43-5534-49b3-b3f2-a9f154b450de@group-2FABE92B7E5B-LeaderElection498] INFO  impl.LeaderElection (LeaderElection.java:askForVotes(178)) - b88b3e43-5534-49b3-b3f2-a9f154b450de@group-2FABE92B7E5B-LeaderElection498: begin an election at term 538 for -1: [c58a0a02-acd3-47c8-b3e9-5b8e0493de45:192.168.157.254:33611, 1360619e-ba1e-4bf9-aec1-9f15b5480b27:192.168.157.254:45658, b88b3e43-5534-49b3-b3f2-a9f154b450de:192.168.157.254:46786], old=null
2019-10-21 23:47:27,262 [b88b3e43-5534-49b3-b3f2-a9f154b450de@group-2FABE92B7E5B-LeaderElection498] INFO  impl.LeaderElection (LogUtils.java:infoOrTrace(149)) - b88b3e43-5534-49b3-b3f2-a9f154b450de@group-2FABE92B7E5B-LeaderElection498 got exception when requesting votes: {}
java.util.concurrent.ExecutionException: org.apache.ratis.thirdparty.io.grpc.StatusRuntimeException: UNAVAILABLE: io exception
	at java.util.concurrent.FutureTask.report(FutureTask.java:122)
	at java.util.concurrent.FutureTask.get(FutureTask.java:192)
	at org.apache.ratis.server.impl.LeaderElection.waitForResults(LeaderElection.java:259)
	at org.apache.ratis.server.impl.LeaderElection.askForVotes(LeaderElection.java:197)
	at org.apache.ratis.server.impl.LeaderElection.run(LeaderElection.java:133)
	at java.lang.Thread.run(Thread.java:748)
Caused by: org.apache.ratis.thirdparty.io.grpc.StatusRuntimeException: UNAVAILABLE: io exception
	at org.apache.ratis.thirdparty.io.grpc.stub.ClientCalls.toStatusRuntimeException(ClientCalls.java:233)
	at org.apache.ratis.thirdparty.io.grpc.stub.ClientCalls.getUnchecked(ClientCalls.java:214)
	at org.apache.ratis.thirdparty.io.grpc.stub.ClientCalls.blockingUnaryCall(ClientCalls.java:139)
	at org.apache.ratis.proto.grpc.RaftServerProtocolServiceGrpc$RaftServerProtocolServiceBlockingStub.requestVote(RaftServerProtocolServiceGrpc.java:265)
	at org.apache.ratis.grpc.server.GrpcServerProtocolClient.requestVote(GrpcServerProtocolClient.java:99)
	at org.apache.ratis.grpc.server.GrpcService.requestVote(GrpcService.java:204)
	at org.apache.ratis.server.impl.LeaderElection.lambda$submitRequests$1(LeaderElection.java:234)
	at java.util.concurrent.FutureTask.run(FutureTask.java:266)
	at java.util.concurrent.Executors$RunnableAdapter.call(Executors.java:511)
	at java.util.concurrent.FutureTask.run(FutureTask.java:266)
	at java.util.concurrent.ThreadPoolExecutor.runWorker(ThreadPoolExecutor.java:1149)
	at java.util.concurrent.ThreadPoolExecutor$Worker.run(ThreadPoolExecutor.java:624)
	... 1 more
Caused by: org.apache.ratis.thirdparty.io.netty.channel.AbstractChannel$AnnotatedConnectException: Connection refused: /192.168.157.254:33611
	at sun.nio.ch.SocketChannelImpl.checkConnect(Native Method)
	at sun.nio.ch.SocketChannelImpl.finishConnect(SocketChannelImpl.java:717)
	at org.apache.ratis.thirdparty.io.netty.channel.socket.nio.NioSocketChannel.doFinishConnect(NioSocketChannel.java:327)
	at org.apache.ratis.thirdparty.io.netty.channel.nio.AbstractNioChannel$AbstractNioUnsafe.finishConnect(AbstractNioChannel.java:340)
	at org.apache.ratis.thirdparty.io.netty.channel.nio.NioEventLoop.processSelectedKey(NioEventLoop.java:632)
	at org.apache.ratis.thirdparty.io.netty.channel.nio.NioEventLoop.processSelectedKeysOptimized(NioEventLoop.java:579)
	at org.apache.ratis.thirdparty.io.netty.channel.nio.NioEventLoop.processSelectedKeys(NioEventLoop.java:496)
	at org.apache.ratis.thirdparty.io.netty.channel.nio.NioEventLoop.run(NioEventLoop.java:458)
	at org.apache.ratis.thirdparty.io.netty.util.concurrent.SingleThreadEventExecutor$5.run(SingleThreadEventExecutor.java:897)
	at org.apache.ratis.thirdparty.io.netty.util.concurrent.FastThreadLocalRunnable.run(FastThreadLocalRunnable.java:30)
	... 1 more
Caused by: java.net.ConnectException: Connection refused
	... 11 more
2019-10-21 23:47:27,264 [grpc-default-executor-0] INFO  impl.RaftServerImpl (RaftServerImpl.java:setRole(184)) - 1360619e-ba1e-4bf9-aec1-9f15b5480b27@group-2FABE92B7E5B: changes role from  FOLLOWER to FOLLOWER at term 538 for recognizeCandidate:b88b3e43-5534-49b3-b3f2-a9f154b450de
2019-10-21 23:47:27,265 [grpc-default-executor-0] INFO  impl.RoleInfo (RoleInfo.java:shutdownFollowerState(121)) - 1360619e-ba1e-4bf9-aec1-9f15b5480b27: shutdown FollowerState
2019-10-21 23:47:27,265 [grpc-default-executor-0] INFO  impl.RoleInfo (RoleInfo.java:updateAndGet(143)) - 1360619e-ba1e-4bf9-aec1-9f15b5480b27: start FollowerState
2019-10-21 23:47:27,265 [Thread-3510] INFO  impl.FollowerState (FollowerState.java:run(117)) - 1360619e-ba1e-4bf9-aec1-9f15b5480b27@group-2FABE92B7E5B-FollowerState was interrupted: java.lang.InterruptedException: sleep interrupted
2019-10-21 23:47:27,278 [b88b3e43-5534-49b3-b3f2-a9f154b450de@group-2FABE92B7E5B-LeaderElection498] INFO  impl.LeaderElection (LeaderElection.java:logAndReturn(56)) - b88b3e43-5534-49b3-b3f2-a9f154b450de@group-2FABE92B7E5B-LeaderElection498: Election REJECTED; received 1 response(s) [b88b3e43-5534-49b3-b3f2-a9f154b450de<-1360619e-ba1e-4bf9-aec1-9f15b5480b27#0:FAIL-t538] and 1 exception(s); b88b3e43-5534-49b3-b3f2-a9f154b450de@group-2FABE92B7E5B:t538, leader=null, voted=b88b3e43-5534-49b3-b3f2-a9f154b450de, raftlog=b88b3e43-5534-49b3-b3f2-a9f154b450de@group-2FABE92B7E5B-SegmentedRaftLog:OPENED:c-1,f-1,i0, conf=-1: [c58a0a02-acd3-47c8-b3e9-5b8e0493de45:192.168.157.254:33611, 1360619e-ba1e-4bf9-aec1-9f15b5480b27:192.168.157.254:45658, b88b3e43-5534-49b3-b3f2-a9f154b450de:192.168.157.254:46786], old=null
2019-10-21 23:47:27,278 [b88b3e43-5534-49b3-b3f2-a9f154b450de@group-2FABE92B7E5B-LeaderElection498] INFO  impl.LeaderElection (LogUtils.java:infoOrTrace(149)) -   Exception 0: {}
java.util.concurrent.ExecutionException: org.apache.ratis.thirdparty.io.grpc.StatusRuntimeException: UNAVAILABLE: io exception
	at java.util.concurrent.FutureTask.report(FutureTask.java:122)
	at java.util.concurrent.FutureTask.get(FutureTask.java:192)
	at org.apache.ratis.server.impl.LeaderElection.waitForResults(LeaderElection.java:259)
	at org.apache.ratis.server.impl.LeaderElection.askForVotes(LeaderElection.java:197)
	at org.apache.ratis.server.impl.LeaderElection.run(LeaderElection.java:133)
	at java.lang.Thread.run(Thread.java:748)
Caused by: org.apache.ratis.thirdparty.io.grpc.StatusRuntimeException: UNAVAILABLE: io exception
	at org.apache.ratis.thirdparty.io.grpc.stub.ClientCalls.toStatusRuntimeException(ClientCalls.java:233)
	at org.apache.ratis.thirdparty.io.grpc.stub.ClientCalls.getUnchecked(ClientCalls.java:214)
	at org.apache.ratis.thirdparty.io.grpc.stub.ClientCalls.blockingUnaryCall(ClientCalls.java:139)
	at org.apache.ratis.proto.grpc.RaftServerProtocolServiceGrpc$RaftServerProtocolServiceBlockingStub.requestVote(RaftServerProtocolServiceGrpc.java:265)
	at org.apache.ratis.grpc.server.GrpcServerProtocolClient.requestVote(GrpcServerProtocolClient.java:99)
	at org.apache.ratis.grpc.server.GrpcService.requestVote(GrpcService.java:204)
	at org.apache.ratis.server.impl.LeaderElection.lambda$submitRequests$1(LeaderElection.java:234)
	at java.util.concurrent.FutureTask.run(FutureTask.java:266)
	at java.util.concurrent.Executors$RunnableAdapter.call(Executors.java:511)
	at java.util.concurrent.FutureTask.run(FutureTask.java:266)
	at java.util.concurrent.ThreadPoolExecutor.runWorker(ThreadPoolExecutor.java:1149)
	at java.util.concurrent.ThreadPoolExecutor$Worker.run(ThreadPoolExecutor.java:624)
	... 1 more
Caused by: org.apache.ratis.thirdparty.io.netty.channel.AbstractChannel$AnnotatedConnectException: Connection refused: /192.168.157.254:33611
	at sun.nio.ch.SocketChannelImpl.checkConnect(Native Method)
	at sun.nio.ch.SocketChannelImpl.finishConnect(SocketChannelImpl.java:717)
	at org.apache.ratis.thirdparty.io.netty.channel.socket.nio.NioSocketChannel.doFinishConnect(NioSocketChannel.java:327)
	at org.apache.ratis.thirdparty.io.netty.channel.nio.AbstractNioChannel$AbstractNioUnsafe.finishConnect(AbstractNioChannel.java:340)
	at org.apache.ratis.thirdparty.io.netty.channel.nio.NioEventLoop.processSelectedKey(NioEventLoop.java:632)
	at org.apache.ratis.thirdparty.io.netty.channel.nio.NioEventLoop.processSelectedKeysOptimized(NioEventLoop.java:579)
	at org.apache.ratis.thirdparty.io.netty.channel.nio.NioEventLoop.processSelectedKeys(NioEventLoop.java:496)
	at org.apache.ratis.thirdparty.io.netty.channel.nio.NioEventLoop.run(NioEventLoop.java:458)
	at org.apache.ratis.thirdparty.io.netty.util.concurrent.SingleThreadEventExecutor$5.run(SingleThreadEventExecutor.java:897)
	at org.apache.ratis.thirdparty.io.netty.util.concurrent.FastThreadLocalRunnable.run(FastThreadLocalRunnable.java:30)
	... 1 more
Caused by: java.net.ConnectException: Connection refused
	... 11 more
2019-10-21 23:47:27,279 [b88b3e43-5534-49b3-b3f2-a9f154b450de@group-2FABE92B7E5B-LeaderElection498] INFO  impl.RaftServerImpl (RaftServerImpl.java:setRole(184)) - b88b3e43-5534-49b3-b3f2-a9f154b450de@group-2FABE92B7E5B: changes role from CANDIDATE to FOLLOWER at term 538 for DISCOVERED_A_NEW_TERM
2019-10-21 23:47:27,279 [b88b3e43-5534-49b3-b3f2-a9f154b450de@group-2FABE92B7E5B-LeaderElection498] INFO  impl.RoleInfo (RoleInfo.java:shutdownLeaderElection(134)) - b88b3e43-5534-49b3-b3f2-a9f154b450de: shutdown LeaderElection
2019-10-21 23:47:27,279 [b88b3e43-5534-49b3-b3f2-a9f154b450de@group-2FABE92B7E5B-LeaderElection498] INFO  impl.RoleInfo (RoleInfo.java:updateAndGet(143)) - b88b3e43-5534-49b3-b3f2-a9f154b450de: start FollowerState
2019-10-21 23:47:27,417 [Thread-3516] INFO  impl.FollowerState (FollowerState.java:run(108)) - b88b3e43-5534-49b3-b3f2-a9f154b450de@group-2FABE92B7E5B-FollowerState: change to CANDIDATE, lastRpcTime:138ms, electionTimeout:138ms
2019-10-21 23:47:27,418 [Thread-3516] INFO  impl.RoleInfo (RoleInfo.java:shutdownFollowerState(121)) - b88b3e43-5534-49b3-b3f2-a9f154b450de: shutdown FollowerState
2019-10-21 23:47:27,418 [Thread-3516] INFO  impl.RaftServerImpl (RaftServerImpl.java:setRole(184)) - b88b3e43-5534-49b3-b3f2-a9f154b450de@group-2FABE92B7E5B: changes role from  FOLLOWER to CANDIDATE at term 538 for changeToCandidate
2019-10-21 23:47:27,418 [Thread-3516] INFO  impl.RoleInfo (RoleInfo.java:updateAndGet(143)) - b88b3e43-5534-49b3-b3f2-a9f154b450de: start LeaderElection
2019-10-21 23:47:27,431 [b88b3e43-5534-49b3-b3f2-a9f154b450de@group-2FABE92B7E5B-LeaderElection499] INFO  impl.LeaderElection (LeaderElection.java:askForVotes(178)) - b88b3e43-5534-49b3-b3f2-a9f154b450de@group-2FABE92B7E5B-LeaderElection499: begin an election at term 539 for -1: [c58a0a02-acd3-47c8-b3e9-5b8e0493de45:192.168.157.254:33611, 1360619e-ba1e-4bf9-aec1-9f15b5480b27:192.168.157.254:45658, b88b3e43-5534-49b3-b3f2-a9f154b450de:192.168.157.254:46786], old=null
2019-10-21 23:47:27,432 [b88b3e43-5534-49b3-b3f2-a9f154b450de@group-2FABE92B7E5B-LeaderElection499] INFO  impl.LeaderElection (LogUtils.java:infoOrTrace(149)) - b88b3e43-5534-49b3-b3f2-a9f154b450de@group-2FABE92B7E5B-LeaderElection499 got exception when requesting votes: {}
java.util.concurrent.ExecutionException: org.apache.ratis.thirdparty.io.grpc.StatusRuntimeException: UNAVAILABLE: io exception
	at java.util.concurrent.FutureTask.report(FutureTask.java:122)
	at java.util.concurrent.FutureTask.get(FutureTask.java:192)
	at org.apache.ratis.server.impl.LeaderElection.waitForResults(LeaderElection.java:259)
	at org.apache.ratis.server.impl.LeaderElection.askForVotes(LeaderElection.java:197)
	at org.apache.ratis.server.impl.LeaderElection.run(LeaderElection.java:133)
	at java.lang.Thread.run(Thread.java:748)
Caused by: org.apache.ratis.thirdparty.io.grpc.StatusRuntimeException: UNAVAILABLE: io exception
	at org.apache.ratis.thirdparty.io.grpc.stub.ClientCalls.toStatusRuntimeException(ClientCalls.java:233)
	at org.apache.ratis.thirdparty.io.grpc.stub.ClientCalls.getUnchecked(ClientCalls.java:214)
	at org.apache.ratis.thirdparty.io.grpc.stub.ClientCalls.blockingUnaryCall(ClientCalls.java:139)
	at org.apache.ratis.proto.grpc.RaftServerProtocolServiceGrpc$RaftServerProtocolServiceBlockingStub.requestVote(RaftServerProtocolServiceGrpc.java:265)
	at org.apache.ratis.grpc.server.GrpcServerProtocolClient.requestVote(GrpcServerProtocolClient.java:99)
	at org.apache.ratis.grpc.server.GrpcService.requestVote(GrpcService.java:204)
	at org.apache.ratis.server.impl.LeaderElection.lambda$submitRequests$1(LeaderElection.java:234)
	at java.util.concurrent.FutureTask.run(FutureTask.java:266)
	at java.util.concurrent.Executors$RunnableAdapter.call(Executors.java:511)
	at java.util.concurrent.FutureTask.run(FutureTask.java:266)
	at java.util.concurrent.ThreadPoolExecutor.runWorker(ThreadPoolExecutor.java:1149)
	at java.util.concurrent.ThreadPoolExecutor$Worker.run(ThreadPoolExecutor.java:624)
	... 1 more
Caused by: org.apache.ratis.thirdparty.io.netty.channel.AbstractChannel$AnnotatedConnectException: Connection refused: /192.168.157.254:33611
	at sun.nio.ch.SocketChannelImpl.checkConnect(Native Method)
	at sun.nio.ch.SocketChannelImpl.finishConnect(SocketChannelImpl.java:717)
	at org.apache.ratis.thirdparty.io.netty.channel.socket.nio.NioSocketChannel.doFinishConnect(NioSocketChannel.java:327)
	at org.apache.ratis.thirdparty.io.netty.channel.nio.AbstractNioChannel$AbstractNioUnsafe.finishConnect(AbstractNioChannel.java:340)
	at org.apache.ratis.thirdparty.io.netty.channel.nio.NioEventLoop.processSelectedKey(NioEventLoop.java:632)
	at org.apache.ratis.thirdparty.io.netty.channel.nio.NioEventLoop.processSelectedKeysOptimized(NioEventLoop.java:579)
	at org.apache.ratis.thirdparty.io.netty.channel.nio.NioEventLoop.processSelectedKeys(NioEventLoop.java:496)
	at org.apache.ratis.thirdparty.io.netty.channel.nio.NioEventLoop.run(NioEventLoop.java:458)
	at org.apache.ratis.thirdparty.io.netty.util.concurrent.SingleThreadEventExecutor$5.run(SingleThreadEventExecutor.java:897)
	at org.apache.ratis.thirdparty.io.netty.util.concurrent.FastThreadLocalRunnable.run(FastThreadLocalRunnable.java:30)
	... 1 more
Caused by: java.net.ConnectException: Connection refused
	... 11 more
2019-10-21 23:47:27,434 [grpc-default-executor-2] INFO  impl.RaftServerImpl (RaftServerImpl.java:setRole(184)) - 1360619e-ba1e-4bf9-aec1-9f15b5480b27@group-2FABE92B7E5B: changes role from  FOLLOWER to FOLLOWER at term 539 for recognizeCandidate:b88b3e43-5534-49b3-b3f2-a9f154b450de
2019-10-21 23:47:27,434 [grpc-default-executor-2] INFO  impl.RoleInfo (RoleInfo.java:shutdownFollowerState(121)) - 1360619e-ba1e-4bf9-aec1-9f15b5480b27: shutdown FollowerState
2019-10-21 23:47:27,434 [grpc-default-executor-2] INFO  impl.RoleInfo (RoleInfo.java:updateAndGet(143)) - 1360619e-ba1e-4bf9-aec1-9f15b5480b27: start FollowerState
2019-10-21 23:47:27,434 [Thread-3515] INFO  impl.FollowerState (FollowerState.java:run(117)) - 1360619e-ba1e-4bf9-aec1-9f15b5480b27@group-2FABE92B7E5B-FollowerState was interrupted: java.lang.InterruptedException: sleep interrupted
2019-10-21 23:47:27,472 [b88b3e43-5534-49b3-b3f2-a9f154b450de@group-2FABE92B7E5B-LeaderElection499] INFO  impl.LeaderElection (LeaderElection.java:logAndReturn(56)) - b88b3e43-5534-49b3-b3f2-a9f154b450de@group-2FABE92B7E5B-LeaderElection499: Election REJECTED; received 1 response(s) [b88b3e43-5534-49b3-b3f2-a9f154b450de<-1360619e-ba1e-4bf9-aec1-9f15b5480b27#0:FAIL-t539] and 1 exception(s); b88b3e43-5534-49b3-b3f2-a9f154b450de@group-2FABE92B7E5B:t539, leader=null, voted=b88b3e43-5534-49b3-b3f2-a9f154b450de, raftlog=b88b3e43-5534-49b3-b3f2-a9f154b450de@group-2FABE92B7E5B-SegmentedRaftLog:OPENED:c-1,f-1,i0, conf=-1: [c58a0a02-acd3-47c8-b3e9-5b8e0493de45:192.168.157.254:33611, 1360619e-ba1e-4bf9-aec1-9f15b5480b27:192.168.157.254:45658, b88b3e43-5534-49b3-b3f2-a9f154b450de:192.168.157.254:46786], old=null
2019-10-21 23:47:27,472 [b88b3e43-5534-49b3-b3f2-a9f154b450de@group-2FABE92B7E5B-LeaderElection499] INFO  impl.LeaderElection (LogUtils.java:infoOrTrace(149)) -   Exception 0: {}
java.util.concurrent.ExecutionException: org.apache.ratis.thirdparty.io.grpc.StatusRuntimeException: UNAVAILABLE: io exception
	at java.util.concurrent.FutureTask.report(FutureTask.java:122)
	at java.util.concurrent.FutureTask.get(FutureTask.java:192)
	at org.apache.ratis.server.impl.LeaderElection.waitForResults(LeaderElection.java:259)
	at org.apache.ratis.server.impl.LeaderElection.askForVotes(LeaderElection.java:197)
	at org.apache.ratis.server.impl.LeaderElection.run(LeaderElection.java:133)
	at java.lang.Thread.run(Thread.java:748)
Caused by: org.apache.ratis.thirdparty.io.grpc.StatusRuntimeException: UNAVAILABLE: io exception
	at org.apache.ratis.thirdparty.io.grpc.stub.ClientCalls.toStatusRuntimeException(ClientCalls.java:233)
	at org.apache.ratis.thirdparty.io.grpc.stub.ClientCalls.getUnchecked(ClientCalls.java:214)
	at org.apache.ratis.thirdparty.io.grpc.stub.ClientCalls.blockingUnaryCall(ClientCalls.java:139)
	at org.apache.ratis.proto.grpc.RaftServerProtocolServiceGrpc$RaftServerProtocolServiceBlockingStub.requestVote(RaftServerProtocolServiceGrpc.java:265)
	at org.apache.ratis.grpc.server.GrpcServerProtocolClient.requestVote(GrpcServerProtocolClient.java:99)
	at org.apache.ratis.grpc.server.GrpcService.requestVote(GrpcService.java:204)
	at org.apache.ratis.server.impl.LeaderElection.lambda$submitRequests$1(LeaderElection.java:234)
	at java.util.concurrent.FutureTask.run(FutureTask.java:266)
	at java.util.concurrent.Executors$RunnableAdapter.call(Executors.java:511)
	at java.util.concurrent.FutureTask.run(FutureTask.java:266)
	at java.util.concurrent.ThreadPoolExecutor.runWorker(ThreadPoolExecutor.java:1149)
	at java.util.concurrent.ThreadPoolExecutor$Worker.run(ThreadPoolExecutor.java:624)
	... 1 more
Caused by: org.apache.ratis.thirdparty.io.netty.channel.AbstractChannel$AnnotatedConnectException: Connection refused: /192.168.157.254:33611
	at sun.nio.ch.SocketChannelImpl.checkConnect(Native Method)
	at sun.nio.ch.SocketChannelImpl.finishConnect(SocketChannelImpl.java:717)
	at org.apache.ratis.thirdparty.io.netty.channel.socket.nio.NioSocketChannel.doFinishConnect(NioSocketChannel.java:327)
	at org.apache.ratis.thirdparty.io.netty.channel.nio.AbstractNioChannel$AbstractNioUnsafe.finishConnect(AbstractNioChannel.java:340)
	at org.apache.ratis.thirdparty.io.netty.channel.nio.NioEventLoop.processSelectedKey(NioEventLoop.java:632)
	at org.apache.ratis.thirdparty.io.netty.channel.nio.NioEventLoop.processSelectedKeysOptimized(NioEventLoop.java:579)
	at org.apache.ratis.thirdparty.io.netty.channel.nio.NioEventLoop.processSelectedKeys(NioEventLoop.java:496)
	at org.apache.ratis.thirdparty.io.netty.channel.nio.NioEventLoop.run(NioEventLoop.java:458)
	at org.apache.ratis.thirdparty.io.netty.util.concurrent.SingleThreadEventExecutor$5.run(SingleThreadEventExecutor.java:897)
	at org.apache.ratis.thirdparty.io.netty.util.concurrent.FastThreadLocalRunnable.run(FastThreadLocalRunnable.java:30)
	... 1 more
Caused by: java.net.ConnectException: Connection refused
	... 11 more
2019-10-21 23:47:27,473 [b88b3e43-5534-49b3-b3f2-a9f154b450de@group-2FABE92B7E5B-LeaderElection499] INFO  impl.RaftServerImpl (RaftServerImpl.java:setRole(184)) - b88b3e43-5534-49b3-b3f2-a9f154b450de@group-2FABE92B7E5B: changes role from CANDIDATE to FOLLOWER at term 539 for DISCOVERED_A_NEW_TERM
2019-10-21 23:47:27,473 [b88b3e43-5534-49b3-b3f2-a9f154b450de@group-2FABE92B7E5B-LeaderElection499] INFO  impl.RoleInfo (RoleInfo.java:shutdownLeaderElection(134)) - b88b3e43-5534-49b3-b3f2-a9f154b450de: shutdown LeaderElection
2019-10-21 23:47:27,473 [b88b3e43-5534-49b3-b3f2-a9f154b450de@group-2FABE92B7E5B-LeaderElection499] INFO  impl.RoleInfo (RoleInfo.java:updateAndGet(143)) - b88b3e43-5534-49b3-b3f2-a9f154b450de: start FollowerState
2019-10-21 23:47:27,510 [Thread-3521] INFO  impl.FollowerState (FollowerState.java:run(108)) - b88b3e43-5534-49b3-b3f2-a9f154b450de@group-2FABE92B7E5B-FollowerState: change to CANDIDATE, lastRpcTime:37ms, electionTimeout:37ms
2019-10-21 23:47:27,511 [Thread-3521] INFO  impl.RoleInfo (RoleInfo.java:shutdownFollowerState(121)) - b88b3e43-5534-49b3-b3f2-a9f154b450de: shutdown FollowerState
2019-10-21 23:47:27,511 [Thread-3521] INFO  impl.RaftServerImpl (RaftServerImpl.java:setRole(184)) - b88b3e43-5534-49b3-b3f2-a9f154b450de@group-2FABE92B7E5B: changes role from  FOLLOWER to CANDIDATE at term 539 for changeToCandidate
2019-10-21 23:47:27,511 [Thread-3521] INFO  impl.RoleInfo (RoleInfo.java:updateAndGet(143)) - b88b3e43-5534-49b3-b3f2-a9f154b450de: start LeaderElection
2019-10-21 23:47:27,525 [b88b3e43-5534-49b3-b3f2-a9f154b450de@group-2FABE92B7E5B-LeaderElection500] INFO  impl.LeaderElection (LeaderElection.java:askForVotes(178)) - b88b3e43-5534-49b3-b3f2-a9f154b450de@group-2FABE92B7E5B-LeaderElection500: begin an election at term 540 for -1: [c58a0a02-acd3-47c8-b3e9-5b8e0493de45:192.168.157.254:33611, 1360619e-ba1e-4bf9-aec1-9f15b5480b27:192.168.157.254:45658, b88b3e43-5534-49b3-b3f2-a9f154b450de:192.168.157.254:46786], old=null
2019-10-21 23:47:27,526 [b88b3e43-5534-49b3-b3f2-a9f154b450de@group-2FABE92B7E5B-LeaderElection500] INFO  impl.LeaderElection (LogUtils.java:infoOrTrace(149)) - b88b3e43-5534-49b3-b3f2-a9f154b450de@group-2FABE92B7E5B-LeaderElection500 got exception when requesting votes: {}
java.util.concurrent.ExecutionException: org.apache.ratis.thirdparty.io.grpc.StatusRuntimeException: UNAVAILABLE: io exception
	at java.util.concurrent.FutureTask.report(FutureTask.java:122)
	at java.util.concurrent.FutureTask.get(FutureTask.java:192)
	at org.apache.ratis.server.impl.LeaderElection.waitForResults(LeaderElection.java:259)
	at org.apache.ratis.server.impl.LeaderElection.askForVotes(LeaderElection.java:197)
	at org.apache.ratis.server.impl.LeaderElection.run(LeaderElection.java:133)
	at java.lang.Thread.run(Thread.java:748)
Caused by: org.apache.ratis.thirdparty.io.grpc.StatusRuntimeException: UNAVAILABLE: io exception
	at org.apache.ratis.thirdparty.io.grpc.stub.ClientCalls.toStatusRuntimeException(ClientCalls.java:233)
	at org.apache.ratis.thirdparty.io.grpc.stub.ClientCalls.getUnchecked(ClientCalls.java:214)
	at org.apache.ratis.thirdparty.io.grpc.stub.ClientCalls.blockingUnaryCall(ClientCalls.java:139)
	at org.apache.ratis.proto.grpc.RaftServerProtocolServiceGrpc$RaftServerProtocolServiceBlockingStub.requestVote(RaftServerProtocolServiceGrpc.java:265)
	at org.apache.ratis.grpc.server.GrpcServerProtocolClient.requestVote(GrpcServerProtocolClient.java:99)
	at org.apache.ratis.grpc.server.GrpcService.requestVote(GrpcService.java:204)
	at org.apache.ratis.server.impl.LeaderElection.lambda$submitRequests$1(LeaderElection.java:234)
	at java.util.concurrent.FutureTask.run(FutureTask.java:266)
	at java.util.concurrent.Executors$RunnableAdapter.call(Executors.java:511)
	at java.util.concurrent.FutureTask.run(FutureTask.java:266)
	at java.util.concurrent.ThreadPoolExecutor.runWorker(ThreadPoolExecutor.java:1149)
	at java.util.concurrent.ThreadPoolExecutor$Worker.run(ThreadPoolExecutor.java:624)
	... 1 more
Caused by: org.apache.ratis.thirdparty.io.netty.channel.AbstractChannel$AnnotatedConnectException: Connection refused: /192.168.157.254:33611
	at sun.nio.ch.SocketChannelImpl.checkConnect(Native Method)
	at sun.nio.ch.SocketChannelImpl.finishConnect(SocketChannelImpl.java:717)
	at org.apache.ratis.thirdparty.io.netty.channel.socket.nio.NioSocketChannel.doFinishConnect(NioSocketChannel.java:327)
	at org.apache.ratis.thirdparty.io.netty.channel.nio.AbstractNioChannel$AbstractNioUnsafe.finishConnect(AbstractNioChannel.java:340)
	at org.apache.ratis.thirdparty.io.netty.channel.nio.NioEventLoop.processSelectedKey(NioEventLoop.java:632)
	at org.apache.ratis.thirdparty.io.netty.channel.nio.NioEventLoop.processSelectedKeysOptimized(NioEventLoop.java:579)
	at org.apache.ratis.thirdparty.io.netty.channel.nio.NioEventLoop.processSelectedKeys(NioEventLoop.java:496)
	at org.apache.ratis.thirdparty.io.netty.channel.nio.NioEventLoop.run(NioEventLoop.java:458)
	at org.apache.ratis.thirdparty.io.netty.util.concurrent.SingleThreadEventExecutor$5.run(SingleThreadEventExecutor.java:897)
	at org.apache.ratis.thirdparty.io.netty.util.concurrent.FastThreadLocalRunnable.run(FastThreadLocalRunnable.java:30)
	... 1 more
Caused by: java.net.ConnectException: Connection refused
	... 11 more
2019-10-21 23:47:27,528 [grpc-default-executor-2] INFO  impl.RaftServerImpl (RaftServerImpl.java:setRole(184)) - 1360619e-ba1e-4bf9-aec1-9f15b5480b27@group-2FABE92B7E5B: changes role from  FOLLOWER to FOLLOWER at term 540 for recognizeCandidate:b88b3e43-5534-49b3-b3f2-a9f154b450de
2019-10-21 23:47:27,528 [grpc-default-executor-2] INFO  impl.RoleInfo (RoleInfo.java:shutdownFollowerState(121)) - 1360619e-ba1e-4bf9-aec1-9f15b5480b27: shutdown FollowerState
2019-10-21 23:47:27,528 [grpc-default-executor-2] INFO  impl.RoleInfo (RoleInfo.java:updateAndGet(143)) - 1360619e-ba1e-4bf9-aec1-9f15b5480b27: start FollowerState
2019-10-21 23:47:27,528 [Thread-3520] INFO  impl.FollowerState (FollowerState.java:run(117)) - 1360619e-ba1e-4bf9-aec1-9f15b5480b27@group-2FABE92B7E5B-FollowerState was interrupted: java.lang.InterruptedException: sleep interrupted
2019-10-21 23:47:27,542 [b88b3e43-5534-49b3-b3f2-a9f154b450de@group-2FABE92B7E5B-LeaderElection500] INFO  impl.LeaderElection (LeaderElection.java:logAndReturn(56)) - b88b3e43-5534-49b3-b3f2-a9f154b450de@group-2FABE92B7E5B-LeaderElection500: Election REJECTED; received 1 response(s) [b88b3e43-5534-49b3-b3f2-a9f154b450de<-1360619e-ba1e-4bf9-aec1-9f15b5480b27#0:FAIL-t540] and 1 exception(s); b88b3e43-5534-49b3-b3f2-a9f154b450de@group-2FABE92B7E5B:t540, leader=null, voted=b88b3e43-5534-49b3-b3f2-a9f154b450de, raftlog=b88b3e43-5534-49b3-b3f2-a9f154b450de@group-2FABE92B7E5B-SegmentedRaftLog:OPENED:c-1,f-1,i0, conf=-1: [c58a0a02-acd3-47c8-b3e9-5b8e0493de45:192.168.157.254:33611, 1360619e-ba1e-4bf9-aec1-9f15b5480b27:192.168.157.254:45658, b88b3e43-5534-49b3-b3f2-a9f154b450de:192.168.157.254:46786], old=null
2019-10-21 23:47:27,542 [b88b3e43-5534-49b3-b3f2-a9f154b450de@group-2FABE92B7E5B-LeaderElection500] INFO  impl.LeaderElection (LogUtils.java:infoOrTrace(149)) -   Exception 0: {}
java.util.concurrent.ExecutionException: org.apache.ratis.thirdparty.io.grpc.StatusRuntimeException: UNAVAILABLE: io exception
	at java.util.concurrent.FutureTask.report(FutureTask.java:122)
	at java.util.concurrent.FutureTask.get(FutureTask.java:192)
	at org.apache.ratis.server.impl.LeaderElection.waitForResults(LeaderElection.java:259)
	at org.apache.ratis.server.impl.LeaderElection.askForVotes(LeaderElection.java:197)
	at org.apache.ratis.server.impl.LeaderElection.run(LeaderElection.java:133)
	at java.lang.Thread.run(Thread.java:748)
Caused by: org.apache.ratis.thirdparty.io.grpc.StatusRuntimeException: UNAVAILABLE: io exception
	at org.apache.ratis.thirdparty.io.grpc.stub.ClientCalls.toStatusRuntimeException(ClientCalls.java:233)
	at org.apache.ratis.thirdparty.io.grpc.stub.ClientCalls.getUnchecked(ClientCalls.java:214)
	at org.apache.ratis.thirdparty.io.grpc.stub.ClientCalls.blockingUnaryCall(ClientCalls.java:139)
	at org.apache.ratis.proto.grpc.RaftServerProtocolServiceGrpc$RaftServerProtocolServiceBlockingStub.requestVote(RaftServerProtocolServiceGrpc.java:265)
	at org.apache.ratis.grpc.server.GrpcServerProtocolClient.requestVote(GrpcServerProtocolClient.java:99)
	at org.apache.ratis.grpc.server.GrpcService.requestVote(GrpcService.java:204)
	at org.apache.ratis.server.impl.LeaderElection.lambda$submitRequests$1(LeaderElection.java:234)
	at java.util.concurrent.FutureTask.run(FutureTask.java:266)
	at java.util.concurrent.Executors$RunnableAdapter.call(Executors.java:511)
	at java.util.concurrent.FutureTask.run(FutureTask.java:266)
	at java.util.concurrent.ThreadPoolExecutor.runWorker(ThreadPoolExecutor.java:1149)
	at java.util.concurrent.ThreadPoolExecutor$Worker.run(ThreadPoolExecutor.java:624)
	... 1 more
Caused by: org.apache.ratis.thirdparty.io.netty.channel.AbstractChannel$AnnotatedConnectException: Connection refused: /192.168.157.254:33611
	at sun.nio.ch.SocketChannelImpl.checkConnect(Native Method)
	at sun.nio.ch.SocketChannelImpl.finishConnect(SocketChannelImpl.java:717)
	at org.apache.ratis.thirdparty.io.netty.channel.socket.nio.NioSocketChannel.doFinishConnect(NioSocketChannel.java:327)
	at org.apache.ratis.thirdparty.io.netty.channel.nio.AbstractNioChannel$AbstractNioUnsafe.finishConnect(AbstractNioChannel.java:340)
	at org.apache.ratis.thirdparty.io.netty.channel.nio.NioEventLoop.processSelectedKey(NioEventLoop.java:632)
	at org.apache.ratis.thirdparty.io.netty.channel.nio.NioEventLoop.processSelectedKeysOptimized(NioEventLoop.java:579)
	at org.apache.ratis.thirdparty.io.netty.channel.nio.NioEventLoop.processSelectedKeys(NioEventLoop.java:496)
	at org.apache.ratis.thirdparty.io.netty.channel.nio.NioEventLoop.run(NioEventLoop.java:458)
	at org.apache.ratis.thirdparty.io.netty.util.concurrent.SingleThreadEventExecutor$5.run(SingleThreadEventExecutor.java:897)
	at org.apache.ratis.thirdparty.io.netty.util.concurrent.FastThreadLocalRunnable.run(FastThreadLocalRunnable.java:30)
	... 1 more
Caused by: java.net.ConnectException: Connection refused
	... 11 more
2019-10-21 23:47:27,542 [b88b3e43-5534-49b3-b3f2-a9f154b450de@group-2FABE92B7E5B-LeaderElection500] INFO  impl.RaftServerImpl (RaftServerImpl.java:setRole(184)) - b88b3e43-5534-49b3-b3f2-a9f154b450de@group-2FABE92B7E5B: changes role from CANDIDATE to FOLLOWER at term 540 for DISCOVERED_A_NEW_TERM
2019-10-21 23:47:27,542 [b88b3e43-5534-49b3-b3f2-a9f154b450de@group-2FABE92B7E5B-LeaderElection500] INFO  impl.RoleInfo (RoleInfo.java:shutdownLeaderElection(134)) - b88b3e43-5534-49b3-b3f2-a9f154b450de: shutdown LeaderElection
2019-10-21 23:47:27,543 [b88b3e43-5534-49b3-b3f2-a9f154b450de@group-2FABE92B7E5B-LeaderElection500] INFO  impl.RoleInfo (RoleInfo.java:updateAndGet(143)) - b88b3e43-5534-49b3-b3f2-a9f154b450de: start FollowerState
2019-10-21 23:47:27,701 [Thread-3528] INFO  impl.FollowerState (FollowerState.java:run(108)) - b88b3e43-5534-49b3-b3f2-a9f154b450de@group-2FABE92B7E5B-FollowerState: change to CANDIDATE, lastRpcTime:158ms, electionTimeout:158ms
2019-10-21 23:47:27,701 [Thread-3528] INFO  impl.RoleInfo (RoleInfo.java:shutdownFollowerState(121)) - b88b3e43-5534-49b3-b3f2-a9f154b450de: shutdown FollowerState
2019-10-21 23:47:27,701 [Thread-3528] INFO  impl.RaftServerImpl (RaftServerImpl.java:setRole(184)) - b88b3e43-5534-49b3-b3f2-a9f154b450de@group-2FABE92B7E5B: changes role from  FOLLOWER to CANDIDATE at term 540 for changeToCandidate
2019-10-21 23:47:27,702 [Thread-3528] INFO  impl.RoleInfo (RoleInfo.java:updateAndGet(143)) - b88b3e43-5534-49b3-b3f2-a9f154b450de: start LeaderElection
2019-10-21 23:47:27,716 [b88b3e43-5534-49b3-b3f2-a9f154b450de@group-2FABE92B7E5B-LeaderElection501] INFO  impl.LeaderElection (LeaderElection.java:askForVotes(178)) - b88b3e43-5534-49b3-b3f2-a9f154b450de@group-2FABE92B7E5B-LeaderElection501: begin an election at term 541 for -1: [c58a0a02-acd3-47c8-b3e9-5b8e0493de45:192.168.157.254:33611, 1360619e-ba1e-4bf9-aec1-9f15b5480b27:192.168.157.254:45658, b88b3e43-5534-49b3-b3f2-a9f154b450de:192.168.157.254:46786], old=null
2019-10-21 23:47:27,717 [b88b3e43-5534-49b3-b3f2-a9f154b450de@group-2FABE92B7E5B-LeaderElection501] INFO  impl.LeaderElection (LogUtils.java:infoOrTrace(149)) - b88b3e43-5534-49b3-b3f2-a9f154b450de@group-2FABE92B7E5B-LeaderElection501 got exception when requesting votes: {}
java.util.concurrent.ExecutionException: org.apache.ratis.thirdparty.io.grpc.StatusRuntimeException: UNAVAILABLE: io exception
	at java.util.concurrent.FutureTask.report(FutureTask.java:122)
	at java.util.concurrent.FutureTask.get(FutureTask.java:192)
	at org.apache.ratis.server.impl.LeaderElection.waitForResults(LeaderElection.java:259)
	at org.apache.ratis.server.impl.LeaderElection.askForVotes(LeaderElection.java:197)
	at org.apache.ratis.server.impl.LeaderElection.run(LeaderElection.java:133)
	at java.lang.Thread.run(Thread.java:748)
Caused by: org.apache.ratis.thirdparty.io.grpc.StatusRuntimeException: UNAVAILABLE: io exception
	at org.apache.ratis.thirdparty.io.grpc.stub.ClientCalls.toStatusRuntimeException(ClientCalls.java:233)
	at org.apache.ratis.thirdparty.io.grpc.stub.ClientCalls.getUnchecked(ClientCalls.java:214)
	at org.apache.ratis.thirdparty.io.grpc.stub.ClientCalls.blockingUnaryCall(ClientCalls.java:139)
	at org.apache.ratis.proto.grpc.RaftServerProtocolServiceGrpc$RaftServerProtocolServiceBlockingStub.requestVote(RaftServerProtocolServiceGrpc.java:265)
	at org.apache.ratis.grpc.server.GrpcServerProtocolClient.requestVote(GrpcServerProtocolClient.java:99)
	at org.apache.ratis.grpc.server.GrpcService.requestVote(GrpcService.java:204)
	at org.apache.ratis.server.impl.LeaderElection.lambda$submitRequests$1(LeaderElection.java:234)
	at java.util.concurrent.FutureTask.run(FutureTask.java:266)
	at java.util.concurrent.Executors$RunnableAdapter.call(Executors.java:511)
	at java.util.concurrent.FutureTask.run(FutureTask.java:266)
	at java.util.concurrent.ThreadPoolExecutor.runWorker(ThreadPoolExecutor.java:1149)
	at java.util.concurrent.ThreadPoolExecutor$Worker.run(ThreadPoolExecutor.java:624)
	... 1 more
Caused by: org.apache.ratis.thirdparty.io.netty.channel.AbstractChannel$AnnotatedConnectException: Connection refused: /192.168.157.254:33611
	at sun.nio.ch.SocketChannelImpl.checkConnect(Native Method)
	at sun.nio.ch.SocketChannelImpl.finishConnect(SocketChannelImpl.java:717)
	at org.apache.ratis.thirdparty.io.netty.channel.socket.nio.NioSocketChannel.doFinishConnect(NioSocketChannel.java:327)
	at org.apache.ratis.thirdparty.io.netty.channel.nio.AbstractNioChannel$AbstractNioUnsafe.finishConnect(AbstractNioChannel.java:340)
	at org.apache.ratis.thirdparty.io.netty.channel.nio.NioEventLoop.processSelectedKey(NioEventLoop.java:632)
	at org.apache.ratis.thirdparty.io.netty.channel.nio.NioEventLoop.processSelectedKeysOptimized(NioEventLoop.java:579)
	at org.apache.ratis.thirdparty.io.netty.channel.nio.NioEventLoop.processSelectedKeys(NioEventLoop.java:496)
	at org.apache.ratis.thirdparty.io.netty.channel.nio.NioEventLoop.run(NioEventLoop.java:458)
	at org.apache.ratis.thirdparty.io.netty.util.concurrent.SingleThreadEventExecutor$5.run(SingleThreadEventExecutor.java:897)
	at org.apache.ratis.thirdparty.io.netty.util.concurrent.FastThreadLocalRunnable.run(FastThreadLocalRunnable.java:30)
	... 1 more
Caused by: java.net.ConnectException: Connection refused
	... 11 more
2019-10-21 23:47:27,719 [grpc-default-executor-2] INFO  impl.RaftServerImpl (RaftServerImpl.java:setRole(184)) - 1360619e-ba1e-4bf9-aec1-9f15b5480b27@group-2FABE92B7E5B: changes role from  FOLLOWER to FOLLOWER at term 541 for recognizeCandidate:b88b3e43-5534-49b3-b3f2-a9f154b450de
2019-10-21 23:47:27,719 [grpc-default-executor-2] INFO  impl.RoleInfo (RoleInfo.java:shutdownFollowerState(121)) - 1360619e-ba1e-4bf9-aec1-9f15b5480b27: shutdown FollowerState
2019-10-21 23:47:27,719 [grpc-default-executor-2] INFO  impl.RoleInfo (RoleInfo.java:updateAndGet(143)) - 1360619e-ba1e-4bf9-aec1-9f15b5480b27: start FollowerState
2019-10-21 23:47:27,719 [Thread-3526] INFO  impl.FollowerState (FollowerState.java:run(117)) - 1360619e-ba1e-4bf9-aec1-9f15b5480b27@group-2FABE92B7E5B-FollowerState was interrupted: java.lang.InterruptedException: sleep interrupted
2019-10-21 23:47:27,739 [b88b3e43-5534-49b3-b3f2-a9f154b450de@group-2FABE92B7E5B-LeaderElection501] INFO  impl.LeaderElection (LeaderElection.java:logAndReturn(56)) - b88b3e43-5534-49b3-b3f2-a9f154b450de@group-2FABE92B7E5B-LeaderElection501: Election REJECTED; received 1 response(s) [b88b3e43-5534-49b3-b3f2-a9f154b450de<-1360619e-ba1e-4bf9-aec1-9f15b5480b27#0:FAIL-t541] and 1 exception(s); b88b3e43-5534-49b3-b3f2-a9f154b450de@group-2FABE92B7E5B:t541, leader=null, voted=b88b3e43-5534-49b3-b3f2-a9f154b450de, raftlog=b88b3e43-5534-49b3-b3f2-a9f154b450de@group-2FABE92B7E5B-SegmentedRaftLog:OPENED:c-1,f-1,i0, conf=-1: [c58a0a02-acd3-47c8-b3e9-5b8e0493de45:192.168.157.254:33611, 1360619e-ba1e-4bf9-aec1-9f15b5480b27:192.168.157.254:45658, b88b3e43-5534-49b3-b3f2-a9f154b450de:192.168.157.254:46786], old=null
2019-10-21 23:47:27,740 [b88b3e43-5534-49b3-b3f2-a9f154b450de@group-2FABE92B7E5B-LeaderElection501] INFO  impl.LeaderElection (LogUtils.java:infoOrTrace(149)) -   Exception 0: {}
java.util.concurrent.ExecutionException: org.apache.ratis.thirdparty.io.grpc.StatusRuntimeException: UNAVAILABLE: io exception
	at java.util.concurrent.FutureTask.report(FutureTask.java:122)
	at java.util.concurrent.FutureTask.get(FutureTask.java:192)
	at org.apache.ratis.server.impl.LeaderElection.waitForResults(LeaderElection.java:259)
	at org.apache.ratis.server.impl.LeaderElection.askForVotes(LeaderElection.java:197)
	at org.apache.ratis.server.impl.LeaderElection.run(LeaderElection.java:133)
	at java.lang.Thread.run(Thread.java:748)
Caused by: org.apache.ratis.thirdparty.io.grpc.StatusRuntimeException: UNAVAILABLE: io exception
	at org.apache.ratis.thirdparty.io.grpc.stub.ClientCalls.toStatusRuntimeException(ClientCalls.java:233)
	at org.apache.ratis.thirdparty.io.grpc.stub.ClientCalls.getUnchecked(ClientCalls.java:214)
	at org.apache.ratis.thirdparty.io.grpc.stub.ClientCalls.blockingUnaryCall(ClientCalls.java:139)
	at org.apache.ratis.proto.grpc.RaftServerProtocolServiceGrpc$RaftServerProtocolServiceBlockingStub.requestVote(RaftServerProtocolServiceGrpc.java:265)
	at org.apache.ratis.grpc.server.GrpcServerProtocolClient.requestVote(GrpcServerProtocolClient.java:99)
	at org.apache.ratis.grpc.server.GrpcService.requestVote(GrpcService.java:204)
	at org.apache.ratis.server.impl.LeaderElection.lambda$submitRequests$1(LeaderElection.java:234)
	at java.util.concurrent.FutureTask.run(FutureTask.java:266)
	at java.util.concurrent.Executors$RunnableAdapter.call(Executors.java:511)
	at java.util.concurrent.FutureTask.run(FutureTask.java:266)
	at java.util.concurrent.ThreadPoolExecutor.runWorker(ThreadPoolExecutor.java:1149)
	at java.util.concurrent.ThreadPoolExecutor$Worker.run(ThreadPoolExecutor.java:624)
	... 1 more
Caused by: org.apache.ratis.thirdparty.io.netty.channel.AbstractChannel$AnnotatedConnectException: Connection refused: /192.168.157.254:33611
	at sun.nio.ch.SocketChannelImpl.checkConnect(Native Method)
	at sun.nio.ch.SocketChannelImpl.finishConnect(SocketChannelImpl.java:717)
	at org.apache.ratis.thirdparty.io.netty.channel.socket.nio.NioSocketChannel.doFinishConnect(NioSocketChannel.java:327)
	at org.apache.ratis.thirdparty.io.netty.channel.nio.AbstractNioChannel$AbstractNioUnsafe.finishConnect(AbstractNioChannel.java:340)
	at org.apache.ratis.thirdparty.io.netty.channel.nio.NioEventLoop.processSelectedKey(NioEventLoop.java:632)
	at org.apache.ratis.thirdparty.io.netty.channel.nio.NioEventLoop.processSelectedKeysOptimized(NioEventLoop.java:579)
	at org.apache.ratis.thirdparty.io.netty.channel.nio.NioEventLoop.processSelectedKeys(NioEventLoop.java:496)
	at org.apache.ratis.thirdparty.io.netty.channel.nio.NioEventLoop.run(NioEventLoop.java:458)
	at org.apache.ratis.thirdparty.io.netty.util.concurrent.SingleThreadEventExecutor$5.run(SingleThreadEventExecutor.java:897)
	at org.apache.ratis.thirdparty.io.netty.util.concurrent.FastThreadLocalRunnable.run(FastThreadLocalRunnable.java:30)
	... 1 more
Caused by: java.net.ConnectException: Connection refused
	... 11 more
2019-10-21 23:47:27,740 [b88b3e43-5534-49b3-b3f2-a9f154b450de@group-2FABE92B7E5B-LeaderElection501] INFO  impl.RaftServerImpl (RaftServerImpl.java:setRole(184)) - b88b3e43-5534-49b3-b3f2-a9f154b450de@group-2FABE92B7E5B: changes role from CANDIDATE to FOLLOWER at term 541 for DISCOVERED_A_NEW_TERM
2019-10-21 23:47:27,740 [b88b3e43-5534-49b3-b3f2-a9f154b450de@group-2FABE92B7E5B-LeaderElection501] INFO  impl.RoleInfo (RoleInfo.java:shutdownLeaderElection(134)) - b88b3e43-5534-49b3-b3f2-a9f154b450de: shutdown LeaderElection
2019-10-21 23:47:27,741 [b88b3e43-5534-49b3-b3f2-a9f154b450de@group-2FABE92B7E5B-LeaderElection501] INFO  impl.RoleInfo (RoleInfo.java:updateAndGet(143)) - b88b3e43-5534-49b3-b3f2-a9f154b450de: start FollowerState
2019-10-21 23:47:27,845 [Thread-3533] INFO  impl.FollowerState (FollowerState.java:run(108)) - b88b3e43-5534-49b3-b3f2-a9f154b450de@group-2FABE92B7E5B-FollowerState: change to CANDIDATE, lastRpcTime:104ms, electionTimeout:104ms
2019-10-21 23:47:27,845 [Thread-3533] INFO  impl.RoleInfo (RoleInfo.java:shutdownFollowerState(121)) - b88b3e43-5534-49b3-b3f2-a9f154b450de: shutdown FollowerState
2019-10-21 23:47:27,845 [Thread-3533] INFO  impl.RaftServerImpl (RaftServerImpl.java:setRole(184)) - b88b3e43-5534-49b3-b3f2-a9f154b450de@group-2FABE92B7E5B: changes role from  FOLLOWER to CANDIDATE at term 541 for changeToCandidate
2019-10-21 23:47:27,845 [Thread-3533] INFO  impl.RoleInfo (RoleInfo.java:updateAndGet(143)) - b88b3e43-5534-49b3-b3f2-a9f154b450de: start LeaderElection
2019-10-21 23:47:27,911 [b88b3e43-5534-49b3-b3f2-a9f154b450de@group-2FABE92B7E5B-LeaderElection502] INFO  impl.LeaderElection (LeaderElection.java:askForVotes(178)) - b88b3e43-5534-49b3-b3f2-a9f154b450de@group-2FABE92B7E5B-LeaderElection502: begin an election at term 542 for -1: [c58a0a02-acd3-47c8-b3e9-5b8e0493de45:192.168.157.254:33611, 1360619e-ba1e-4bf9-aec1-9f15b5480b27:192.168.157.254:45658, b88b3e43-5534-49b3-b3f2-a9f154b450de:192.168.157.254:46786], old=null
2019-10-21 23:47:27,912 [b88b3e43-5534-49b3-b3f2-a9f154b450de@group-2FABE92B7E5B-LeaderElection502] INFO  impl.LeaderElection (LogUtils.java:infoOrTrace(149)) - b88b3e43-5534-49b3-b3f2-a9f154b450de@group-2FABE92B7E5B-LeaderElection502 got exception when requesting votes: {}
java.util.concurrent.ExecutionException: org.apache.ratis.thirdparty.io.grpc.StatusRuntimeException: UNAVAILABLE: io exception
	at java.util.concurrent.FutureTask.report(FutureTask.java:122)
	at java.util.concurrent.FutureTask.get(FutureTask.java:192)
	at org.apache.ratis.server.impl.LeaderElection.waitForResults(LeaderElection.java:259)
	at org.apache.ratis.server.impl.LeaderElection.askForVotes(LeaderElection.java:197)
	at org.apache.ratis.server.impl.LeaderElection.run(LeaderElection.java:133)
	at java.lang.Thread.run(Thread.java:748)
Caused by: org.apache.ratis.thirdparty.io.grpc.StatusRuntimeException: UNAVAILABLE: io exception
	at org.apache.ratis.thirdparty.io.grpc.stub.ClientCalls.toStatusRuntimeException(ClientCalls.java:233)
	at org.apache.ratis.thirdparty.io.grpc.stub.ClientCalls.getUnchecked(ClientCalls.java:214)
	at org.apache.ratis.thirdparty.io.grpc.stub.ClientCalls.blockingUnaryCall(ClientCalls.java:139)
	at org.apache.ratis.proto.grpc.RaftServerProtocolServiceGrpc$RaftServerProtocolServiceBlockingStub.requestVote(RaftServerProtocolServiceGrpc.java:265)
	at org.apache.ratis.grpc.server.GrpcServerProtocolClient.requestVote(GrpcServerProtocolClient.java:99)
	at org.apache.ratis.grpc.server.GrpcService.requestVote(GrpcService.java:204)
	at org.apache.ratis.server.impl.LeaderElection.lambda$submitRequests$1(LeaderElection.java:234)
	at java.util.concurrent.FutureTask.run(FutureTask.java:266)
	at java.util.concurrent.Executors$RunnableAdapter.call(Executors.java:511)
	at java.util.concurrent.FutureTask.run(FutureTask.java:266)
	at java.util.concurrent.ThreadPoolExecutor.runWorker(ThreadPoolExecutor.java:1149)
	at java.util.concurrent.ThreadPoolExecutor$Worker.run(ThreadPoolExecutor.java:624)
	... 1 more
Caused by: org.apache.ratis.thirdparty.io.netty.channel.AbstractChannel$AnnotatedConnectException: Connection refused: /192.168.157.254:33611
	at sun.nio.ch.SocketChannelImpl.checkConnect(Native Method)
	at sun.nio.ch.SocketChannelImpl.finishConnect(SocketChannelImpl.java:717)
	at org.apache.ratis.thirdparty.io.netty.channel.socket.nio.NioSocketChannel.doFinishConnect(NioSocketChannel.java:327)
	at org.apache.ratis.thirdparty.io.netty.channel.nio.AbstractNioChannel$AbstractNioUnsafe.finishConnect(AbstractNioChannel.java:340)
	at org.apache.ratis.thirdparty.io.netty.channel.nio.NioEventLoop.processSelectedKey(NioEventLoop.java:632)
	at org.apache.ratis.thirdparty.io.netty.channel.nio.NioEventLoop.processSelectedKeysOptimized(NioEventLoop.java:579)
	at org.apache.ratis.thirdparty.io.netty.channel.nio.NioEventLoop.processSelectedKeys(NioEventLoop.java:496)
	at org.apache.ratis.thirdparty.io.netty.channel.nio.NioEventLoop.run(NioEventLoop.java:458)
	at org.apache.ratis.thirdparty.io.netty.util.concurrent.SingleThreadEventExecutor$5.run(SingleThreadEventExecutor.java:897)
	at org.apache.ratis.thirdparty.io.netty.util.concurrent.FastThreadLocalRunnable.run(FastThreadLocalRunnable.java:30)
	... 1 more
Caused by: java.net.ConnectException: Connection refused
	... 11 more
2019-10-21 23:47:27,915 [grpc-default-executor-2] INFO  impl.RaftServerImpl (RaftServerImpl.java:setRole(184)) - 1360619e-ba1e-4bf9-aec1-9f15b5480b27@group-2FABE92B7E5B: changes role from  FOLLOWER to FOLLOWER at term 542 for recognizeCandidate:b88b3e43-5534-49b3-b3f2-a9f154b450de
2019-10-21 23:47:27,915 [grpc-default-executor-2] INFO  impl.RoleInfo (RoleInfo.java:shutdownFollowerState(121)) - 1360619e-ba1e-4bf9-aec1-9f15b5480b27: shutdown FollowerState
2019-10-21 23:47:27,915 [grpc-default-executor-2] INFO  impl.RoleInfo (RoleInfo.java:updateAndGet(143)) - 1360619e-ba1e-4bf9-aec1-9f15b5480b27: start FollowerState
2019-10-21 23:47:27,915 [Thread-3532] INFO  impl.FollowerState (FollowerState.java:run(117)) - 1360619e-ba1e-4bf9-aec1-9f15b5480b27@group-2FABE92B7E5B-FollowerState was interrupted: java.lang.InterruptedException: sleep interrupted
2019-10-21 23:47:27,946 [b88b3e43-5534-49b3-b3f2-a9f154b450de@group-2FABE92B7E5B-LeaderElection502] INFO  impl.LeaderElection (LeaderElection.java:logAndReturn(56)) - b88b3e43-5534-49b3-b3f2-a9f154b450de@group-2FABE92B7E5B-LeaderElection502: Election REJECTED; received 1 response(s) [b88b3e43-5534-49b3-b3f2-a9f154b450de<-1360619e-ba1e-4bf9-aec1-9f15b5480b27#0:FAIL-t542] and 1 exception(s); b88b3e43-5534-49b3-b3f2-a9f154b450de@group-2FABE92B7E5B:t542, leader=null, voted=b88b3e43-5534-49b3-b3f2-a9f154b450de, raftlog=b88b3e43-5534-49b3-b3f2-a9f154b450de@group-2FABE92B7E5B-SegmentedRaftLog:OPENED:c-1,f-1,i0, conf=-1: [c58a0a02-acd3-47c8-b3e9-5b8e0493de45:192.168.157.254:33611, 1360619e-ba1e-4bf9-aec1-9f15b5480b27:192.168.157.254:45658, b88b3e43-5534-49b3-b3f2-a9f154b450de:192.168.157.254:46786], old=null
2019-10-21 23:47:27,946 [b88b3e43-5534-49b3-b3f2-a9f154b450de@group-2FABE92B7E5B-LeaderElection502] INFO  impl.LeaderElection (LogUtils.java:infoOrTrace(149)) -   Exception 0: {}
java.util.concurrent.ExecutionException: org.apache.ratis.thirdparty.io.grpc.StatusRuntimeException: UNAVAILABLE: io exception
	at java.util.concurrent.FutureTask.report(FutureTask.java:122)
	at java.util.concurrent.FutureTask.get(FutureTask.java:192)
	at org.apache.ratis.server.impl.LeaderElection.waitForResults(LeaderElection.java:259)
	at org.apache.ratis.server.impl.LeaderElection.askForVotes(LeaderElection.java:197)
	at org.apache.ratis.server.impl.LeaderElection.run(LeaderElection.java:133)
	at java.lang.Thread.run(Thread.java:748)
Caused by: org.apache.ratis.thirdparty.io.grpc.StatusRuntimeException: UNAVAILABLE: io exception
	at org.apache.ratis.thirdparty.io.grpc.stub.ClientCalls.toStatusRuntimeException(ClientCalls.java:233)
	at org.apache.ratis.thirdparty.io.grpc.stub.ClientCalls.getUnchecked(ClientCalls.java:214)
	at org.apache.ratis.thirdparty.io.grpc.stub.ClientCalls.blockingUnaryCall(ClientCalls.java:139)
	at org.apache.ratis.proto.grpc.RaftServerProtocolServiceGrpc$RaftServerProtocolServiceBlockingStub.requestVote(RaftServerProtocolServiceGrpc.java:265)
	at org.apache.ratis.grpc.server.GrpcServerProtocolClient.requestVote(GrpcServerProtocolClient.java:99)
	at org.apache.ratis.grpc.server.GrpcService.requestVote(GrpcService.java:204)
	at org.apache.ratis.server.impl.LeaderElection.lambda$submitRequests$1(LeaderElection.java:234)
	at java.util.concurrent.FutureTask.run(FutureTask.java:266)
	at java.util.concurrent.Executors$RunnableAdapter.call(Executors.java:511)
	at java.util.concurrent.FutureTask.run(FutureTask.java:266)
	at java.util.concurrent.ThreadPoolExecutor.runWorker(ThreadPoolExecutor.java:1149)
	at java.util.concurrent.ThreadPoolExecutor$Worker.run(ThreadPoolExecutor.java:624)
	... 1 more
Caused by: org.apache.ratis.thirdparty.io.netty.channel.AbstractChannel$AnnotatedConnectException: Connection refused: /192.168.157.254:33611
	at sun.nio.ch.SocketChannelImpl.checkConnect(Native Method)
	at sun.nio.ch.SocketChannelImpl.finishConnect(SocketChannelImpl.java:717)
	at org.apache.ratis.thirdparty.io.netty.channel.socket.nio.NioSocketChannel.doFinishConnect(NioSocketChannel.java:327)
	at org.apache.ratis.thirdparty.io.netty.channel.nio.AbstractNioChannel$AbstractNioUnsafe.finishConnect(AbstractNioChannel.java:340)
	at org.apache.ratis.thirdparty.io.netty.channel.nio.NioEventLoop.processSelectedKey(NioEventLoop.java:632)
	at org.apache.ratis.thirdparty.io.netty.channel.nio.NioEventLoop.processSelectedKeysOptimized(NioEventLoop.java:579)
	at org.apache.ratis.thirdparty.io.netty.channel.nio.NioEventLoop.processSelectedKeys(NioEventLoop.java:496)
	at org.apache.ratis.thirdparty.io.netty.channel.nio.NioEventLoop.run(NioEventLoop.java:458)
	at org.apache.ratis.thirdparty.io.netty.util.concurrent.SingleThreadEventExecutor$5.run(SingleThreadEventExecutor.java:897)
	at org.apache.ratis.thirdparty.io.netty.util.concurrent.FastThreadLocalRunnable.run(FastThreadLocalRunnable.java:30)
	... 1 more
Caused by: java.net.ConnectException: Connection refused
	... 11 more
2019-10-21 23:47:27,946 [b88b3e43-5534-49b3-b3f2-a9f154b450de@group-2FABE92B7E5B-LeaderElection502] INFO  impl.RaftServerImpl (RaftServerImpl.java:setRole(184)) - b88b3e43-5534-49b3-b3f2-a9f154b450de@group-2FABE92B7E5B: changes role from CANDIDATE to FOLLOWER at term 542 for DISCOVERED_A_NEW_TERM
2019-10-21 23:47:27,946 [b88b3e43-5534-49b3-b3f2-a9f154b450de@group-2FABE92B7E5B-LeaderElection502] INFO  impl.RoleInfo (RoleInfo.java:shutdownLeaderElection(134)) - b88b3e43-5534-49b3-b3f2-a9f154b450de: shutdown LeaderElection
2019-10-21 23:47:27,947 [b88b3e43-5534-49b3-b3f2-a9f154b450de@group-2FABE92B7E5B-LeaderElection502] INFO  impl.RoleInfo (RoleInfo.java:updateAndGet(143)) - b88b3e43-5534-49b3-b3f2-a9f154b450de: start FollowerState
2019-10-21 23:47:27,968 [Thread-3538] INFO  impl.FollowerState (FollowerState.java:run(108)) - b88b3e43-5534-49b3-b3f2-a9f154b450de@group-2FABE92B7E5B-FollowerState: change to CANDIDATE, lastRpcTime:21ms, electionTimeout:21ms
2019-10-21 23:47:27,968 [Thread-3538] INFO  impl.RoleInfo (RoleInfo.java:shutdownFollowerState(121)) - b88b3e43-5534-49b3-b3f2-a9f154b450de: shutdown FollowerState
2019-10-21 23:47:27,968 [Thread-3538] INFO  impl.RaftServerImpl (RaftServerImpl.java:setRole(184)) - b88b3e43-5534-49b3-b3f2-a9f154b450de@group-2FABE92B7E5B: changes role from  FOLLOWER to CANDIDATE at term 542 for changeToCandidate
2019-10-21 23:47:27,968 [Thread-3538] INFO  impl.RoleInfo (RoleInfo.java:updateAndGet(143)) - b88b3e43-5534-49b3-b3f2-a9f154b450de: start LeaderElection
2019-10-21 23:47:27,976 [b88b3e43-5534-49b3-b3f2-a9f154b450de@group-2FABE92B7E5B-LeaderElection503] INFO  impl.LeaderElection (LeaderElection.java:askForVotes(178)) - b88b3e43-5534-49b3-b3f2-a9f154b450de@group-2FABE92B7E5B-LeaderElection503: begin an election at term 543 for -1: [c58a0a02-acd3-47c8-b3e9-5b8e0493de45:192.168.157.254:33611, 1360619e-ba1e-4bf9-aec1-9f15b5480b27:192.168.157.254:45658, b88b3e43-5534-49b3-b3f2-a9f154b450de:192.168.157.254:46786], old=null
2019-10-21 23:47:27,977 [b88b3e43-5534-49b3-b3f2-a9f154b450de@group-2FABE92B7E5B-LeaderElection503] INFO  impl.LeaderElection (LogUtils.java:infoOrTrace(149)) - b88b3e43-5534-49b3-b3f2-a9f154b450de@group-2FABE92B7E5B-LeaderElection503 got exception when requesting votes: {}
java.util.concurrent.ExecutionException: org.apache.ratis.thirdparty.io.grpc.StatusRuntimeException: UNAVAILABLE: io exception
	at java.util.concurrent.FutureTask.report(FutureTask.java:122)
	at java.util.concurrent.FutureTask.get(FutureTask.java:192)
	at org.apache.ratis.server.impl.LeaderElection.waitForResults(LeaderElection.java:259)
	at org.apache.ratis.server.impl.LeaderElection.askForVotes(LeaderElection.java:197)
	at org.apache.ratis.server.impl.LeaderElection.run(LeaderElection.java:133)
	at java.lang.Thread.run(Thread.java:748)
Caused by: org.apache.ratis.thirdparty.io.grpc.StatusRuntimeException: UNAVAILABLE: io exception
	at org.apache.ratis.thirdparty.io.grpc.stub.ClientCalls.toStatusRuntimeException(ClientCalls.java:233)
	at org.apache.ratis.thirdparty.io.grpc.stub.ClientCalls.getUnchecked(ClientCalls.java:214)
	at org.apache.ratis.thirdparty.io.grpc.stub.ClientCalls.blockingUnaryCall(ClientCalls.java:139)
	at org.apache.ratis.proto.grpc.RaftServerProtocolServiceGrpc$RaftServerProtocolServiceBlockingStub.requestVote(RaftServerProtocolServiceGrpc.java:265)
	at org.apache.ratis.grpc.server.GrpcServerProtocolClient.requestVote(GrpcServerProtocolClient.java:99)
	at org.apache.ratis.grpc.server.GrpcService.requestVote(GrpcService.java:204)
	at org.apache.ratis.server.impl.LeaderElection.lambda$submitRequests$1(LeaderElection.java:234)
	at java.util.concurrent.FutureTask.run(FutureTask.java:266)
	at java.util.concurrent.Executors$RunnableAdapter.call(Executors.java:511)
	at java.util.concurrent.FutureTask.run(FutureTask.java:266)
	at java.util.concurrent.ThreadPoolExecutor.runWorker(ThreadPoolExecutor.java:1149)
	at java.util.concurrent.ThreadPoolExecutor$Worker.run(ThreadPoolExecutor.java:624)
	... 1 more
Caused by: org.apache.ratis.thirdparty.io.netty.channel.AbstractChannel$AnnotatedConnectException: Connection refused: /192.168.157.254:33611
	at sun.nio.ch.SocketChannelImpl.checkConnect(Native Method)
	at sun.nio.ch.SocketChannelImpl.finishConnect(SocketChannelImpl.java:717)
	at org.apache.ratis.thirdparty.io.netty.channel.socket.nio.NioSocketChannel.doFinishConnect(NioSocketChannel.java:327)
	at org.apache.ratis.thirdparty.io.netty.channel.nio.AbstractNioChannel$AbstractNioUnsafe.finishConnect(AbstractNioChannel.java:340)
	at org.apache.ratis.thirdparty.io.netty.channel.nio.NioEventLoop.processSelectedKey(NioEventLoop.java:632)
	at org.apache.ratis.thirdparty.io.netty.channel.nio.NioEventLoop.processSelectedKeysOptimized(NioEventLoop.java:579)
	at org.apache.ratis.thirdparty.io.netty.channel.nio.NioEventLoop.processSelectedKeys(NioEventLoop.java:496)
	at org.apache.ratis.thirdparty.io.netty.channel.nio.NioEventLoop.run(NioEventLoop.java:458)
	at org.apache.ratis.thirdparty.io.netty.util.concurrent.SingleThreadEventExecutor$5.run(SingleThreadEventExecutor.java:897)
	at org.apache.ratis.thirdparty.io.netty.util.concurrent.FastThreadLocalRunnable.run(FastThreadLocalRunnable.java:30)
	... 1 more
Caused by: java.net.ConnectException: Connection refused
	... 11 more
2019-10-21 23:47:27,978 [grpc-default-executor-2] INFO  impl.RaftServerImpl (RaftServerImpl.java:setRole(184)) - 1360619e-ba1e-4bf9-aec1-9f15b5480b27@group-2FABE92B7E5B: changes role from  FOLLOWER to FOLLOWER at term 543 for recognizeCandidate:b88b3e43-5534-49b3-b3f2-a9f154b450de
2019-10-21 23:47:27,978 [grpc-default-executor-2] INFO  impl.RoleInfo (RoleInfo.java:shutdownFollowerState(121)) - 1360619e-ba1e-4bf9-aec1-9f15b5480b27: shutdown FollowerState
2019-10-21 23:47:27,978 [grpc-default-executor-2] INFO  impl.RoleInfo (RoleInfo.java:updateAndGet(143)) - 1360619e-ba1e-4bf9-aec1-9f15b5480b27: start FollowerState
2019-10-21 23:47:27,978 [Thread-3537] INFO  impl.FollowerState (FollowerState.java:run(117)) - 1360619e-ba1e-4bf9-aec1-9f15b5480b27@group-2FABE92B7E5B-FollowerState was interrupted: java.lang.InterruptedException: sleep interrupted
2019-10-21 23:47:27,996 [b88b3e43-5534-49b3-b3f2-a9f154b450de@group-2FABE92B7E5B-LeaderElection503] INFO  impl.LeaderElection (LeaderElection.java:logAndReturn(56)) - b88b3e43-5534-49b3-b3f2-a9f154b450de@group-2FABE92B7E5B-LeaderElection503: Election REJECTED; received 1 response(s) [b88b3e43-5534-49b3-b3f2-a9f154b450de<-1360619e-ba1e-4bf9-aec1-9f15b5480b27#0:FAIL-t543] and 1 exception(s); b88b3e43-5534-49b3-b3f2-a9f154b450de@group-2FABE92B7E5B:t543, leader=null, voted=b88b3e43-5534-49b3-b3f2-a9f154b450de, raftlog=b88b3e43-5534-49b3-b3f2-a9f154b450de@group-2FABE92B7E5B-SegmentedRaftLog:OPENED:c-1,f-1,i0, conf=-1: [c58a0a02-acd3-47c8-b3e9-5b8e0493de45:192.168.157.254:33611, 1360619e-ba1e-4bf9-aec1-9f15b5480b27:192.168.157.254:45658, b88b3e43-5534-49b3-b3f2-a9f154b450de:192.168.157.254:46786], old=null
2019-10-21 23:47:27,996 [b88b3e43-5534-49b3-b3f2-a9f154b450de@group-2FABE92B7E5B-LeaderElection503] INFO  impl.LeaderElection (LogUtils.java:infoOrTrace(149)) -   Exception 0: {}
java.util.concurrent.ExecutionException: org.apache.ratis.thirdparty.io.grpc.StatusRuntimeException: UNAVAILABLE: io exception
	at java.util.concurrent.FutureTask.report(FutureTask.java:122)
	at java.util.concurrent.FutureTask.get(FutureTask.java:192)
	at org.apache.ratis.server.impl.LeaderElection.waitForResults(LeaderElection.java:259)
	at org.apache.ratis.server.impl.LeaderElection.askForVotes(LeaderElection.java:197)
	at org.apache.ratis.server.impl.LeaderElection.run(LeaderElection.java:133)
	at java.lang.Thread.run(Thread.java:748)
Caused by: org.apache.ratis.thirdparty.io.grpc.StatusRuntimeException: UNAVAILABLE: io exception
	at org.apache.ratis.thirdparty.io.grpc.stub.ClientCalls.toStatusRuntimeException(ClientCalls.java:233)
	at org.apache.ratis.thirdparty.io.grpc.stub.ClientCalls.getUnchecked(ClientCalls.java:214)
	at org.apache.ratis.thirdparty.io.grpc.stub.ClientCalls.blockingUnaryCall(ClientCalls.java:139)
	at org.apache.ratis.proto.grpc.RaftServerProtocolServiceGrpc$RaftServerProtocolServiceBlockingStub.requestVote(RaftServerProtocolServiceGrpc.java:265)
	at org.apache.ratis.grpc.server.GrpcServerProtocolClient.requestVote(GrpcServerProtocolClient.java:99)
	at org.apache.ratis.grpc.server.GrpcService.requestVote(GrpcService.java:204)
	at org.apache.ratis.server.impl.LeaderElection.lambda$submitRequests$1(LeaderElection.java:234)
	at java.util.concurrent.FutureTask.run(FutureTask.java:266)
	at java.util.concurrent.Executors$RunnableAdapter.call(Executors.java:511)
	at java.util.concurrent.FutureTask.run(FutureTask.java:266)
	at java.util.concurrent.ThreadPoolExecutor.runWorker(ThreadPoolExecutor.java:1149)
	at java.util.concurrent.ThreadPoolExecutor$Worker.run(ThreadPoolExecutor.java:624)
	... 1 more
Caused by: org.apache.ratis.thirdparty.io.netty.channel.AbstractChannel$AnnotatedConnectException: Connection refused: /192.168.157.254:33611
	at sun.nio.ch.SocketChannelImpl.checkConnect(Native Method)
	at sun.nio.ch.SocketChannelImpl.finishConnect(SocketChannelImpl.java:717)
	at org.apache.ratis.thirdparty.io.netty.channel.socket.nio.NioSocketChannel.doFinishConnect(NioSocketChannel.java:327)
	at org.apache.ratis.thirdparty.io.netty.channel.nio.AbstractNioChannel$AbstractNioUnsafe.finishConnect(AbstractNioChannel.java:340)
	at org.apache.ratis.thirdparty.io.netty.channel.nio.NioEventLoop.processSelectedKey(NioEventLoop.java:632)
	at org.apache.ratis.thirdparty.io.netty.channel.nio.NioEventLoop.processSelectedKeysOptimized(NioEventLoop.java:579)
	at org.apache.ratis.thirdparty.io.netty.channel.nio.NioEventLoop.processSelectedKeys(NioEventLoop.java:496)
	at org.apache.ratis.thirdparty.io.netty.channel.nio.NioEventLoop.run(NioEventLoop.java:458)
	at org.apache.ratis.thirdparty.io.netty.util.concurrent.SingleThreadEventExecutor$5.run(SingleThreadEventExecutor.java:897)
	at org.apache.ratis.thirdparty.io.netty.util.concurrent.FastThreadLocalRunnable.run(FastThreadLocalRunnable.java:30)
	... 1 more
Caused by: java.net.ConnectException: Connection refused
	... 11 more
2019-10-21 23:47:27,997 [b88b3e43-5534-49b3-b3f2-a9f154b450de@group-2FABE92B7E5B-LeaderElection503] INFO  impl.RaftServerImpl (RaftServerImpl.java:setRole(184)) - b88b3e43-5534-49b3-b3f2-a9f154b450de@group-2FABE92B7E5B: changes role from CANDIDATE to FOLLOWER at term 543 for DISCOVERED_A_NEW_TERM
2019-10-21 23:47:27,997 [b88b3e43-5534-49b3-b3f2-a9f154b450de@group-2FABE92B7E5B-LeaderElection503] INFO  impl.RoleInfo (RoleInfo.java:shutdownLeaderElection(134)) - b88b3e43-5534-49b3-b3f2-a9f154b450de: shutdown LeaderElection
2019-10-21 23:47:27,997 [b88b3e43-5534-49b3-b3f2-a9f154b450de@group-2FABE92B7E5B-LeaderElection503] INFO  impl.RoleInfo (RoleInfo.java:updateAndGet(143)) - b88b3e43-5534-49b3-b3f2-a9f154b450de: start FollowerState
2019-10-21 23:47:28,023 [Thread-3543] INFO  impl.FollowerState (FollowerState.java:run(108)) - b88b3e43-5534-49b3-b3f2-a9f154b450de@group-2FABE92B7E5B-FollowerState: change to CANDIDATE, lastRpcTime:25ms, electionTimeout:25ms
2019-10-21 23:47:28,023 [Thread-3543] INFO  impl.RoleInfo (RoleInfo.java:shutdownFollowerState(121)) - b88b3e43-5534-49b3-b3f2-a9f154b450de: shutdown FollowerState
2019-10-21 23:47:28,023 [Thread-3543] INFO  impl.RaftServerImpl (RaftServerImpl.java:setRole(184)) - b88b3e43-5534-49b3-b3f2-a9f154b450de@group-2FABE92B7E5B: changes role from  FOLLOWER to CANDIDATE at term 543 for changeToCandidate
2019-10-21 23:47:28,023 [Thread-3543] INFO  impl.RoleInfo (RoleInfo.java:updateAndGet(143)) - b88b3e43-5534-49b3-b3f2-a9f154b450de: start LeaderElection
2019-10-21 23:47:28,051 [b88b3e43-5534-49b3-b3f2-a9f154b450de@group-2FABE92B7E5B-LeaderElection504] INFO  impl.LeaderElection (LeaderElection.java:askForVotes(178)) - b88b3e43-5534-49b3-b3f2-a9f154b450de@group-2FABE92B7E5B-LeaderElection504: begin an election at term 544 for -1: [c58a0a02-acd3-47c8-b3e9-5b8e0493de45:192.168.157.254:33611, 1360619e-ba1e-4bf9-aec1-9f15b5480b27:192.168.157.254:45658, b88b3e43-5534-49b3-b3f2-a9f154b450de:192.168.157.254:46786], old=null
2019-10-21 23:47:28,052 [b88b3e43-5534-49b3-b3f2-a9f154b450de@group-2FABE92B7E5B-LeaderElection504] INFO  impl.LeaderElection (LogUtils.java:infoOrTrace(149)) - b88b3e43-5534-49b3-b3f2-a9f154b450de@group-2FABE92B7E5B-LeaderElection504 got exception when requesting votes: {}
java.util.concurrent.ExecutionException: org.apache.ratis.thirdparty.io.grpc.StatusRuntimeException: UNAVAILABLE: io exception
	at java.util.concurrent.FutureTask.report(FutureTask.java:122)
	at java.util.concurrent.FutureTask.get(FutureTask.java:192)
	at org.apache.ratis.server.impl.LeaderElection.waitForResults(LeaderElection.java:259)
	at org.apache.ratis.server.impl.LeaderElection.askForVotes(LeaderElection.java:197)
	at org.apache.ratis.server.impl.LeaderElection.run(LeaderElection.java:133)
	at java.lang.Thread.run(Thread.java:748)
Caused by: org.apache.ratis.thirdparty.io.grpc.StatusRuntimeException: UNAVAILABLE: io exception
	at org.apache.ratis.thirdparty.io.grpc.stub.ClientCalls.toStatusRuntimeException(ClientCalls.java:233)
	at org.apache.ratis.thirdparty.io.grpc.stub.ClientCalls.getUnchecked(ClientCalls.java:214)
	at org.apache.ratis.thirdparty.io.grpc.stub.ClientCalls.blockingUnaryCall(ClientCalls.java:139)
	at org.apache.ratis.proto.grpc.RaftServerProtocolServiceGrpc$RaftServerProtocolServiceBlockingStub.requestVote(RaftServerProtocolServiceGrpc.java:265)
	at org.apache.ratis.grpc.server.GrpcServerProtocolClient.requestVote(GrpcServerProtocolClient.java:99)
	at org.apache.ratis.grpc.server.GrpcService.requestVote(GrpcService.java:204)
	at org.apache.ratis.server.impl.LeaderElection.lambda$submitRequests$1(LeaderElection.java:234)
	at java.util.concurrent.FutureTask.run(FutureTask.java:266)
	at java.util.concurrent.Executors$RunnableAdapter.call(Executors.java:511)
	at java.util.concurrent.FutureTask.run(FutureTask.java:266)
	at java.util.concurrent.ThreadPoolExecutor.runWorker(ThreadPoolExecutor.java:1149)
	at java.util.concurrent.ThreadPoolExecutor$Worker.run(ThreadPoolExecutor.java:624)
	... 1 more
Caused by: org.apache.ratis.thirdparty.io.netty.channel.AbstractChannel$AnnotatedConnectException: Connection refused: /192.168.157.254:33611
	at sun.nio.ch.SocketChannelImpl.checkConnect(Native Method)
	at sun.nio.ch.SocketChannelImpl.finishConnect(SocketChannelImpl.java:717)
	at org.apache.ratis.thirdparty.io.netty.channel.socket.nio.NioSocketChannel.doFinishConnect(NioSocketChannel.java:327)
	at org.apache.ratis.thirdparty.io.netty.channel.nio.AbstractNioChannel$AbstractNioUnsafe.finishConnect(AbstractNioChannel.java:340)
	at org.apache.ratis.thirdparty.io.netty.channel.nio.NioEventLoop.processSelectedKey(NioEventLoop.java:632)
	at org.apache.ratis.thirdparty.io.netty.channel.nio.NioEventLoop.processSelectedKeysOptimized(NioEventLoop.java:579)
	at org.apache.ratis.thirdparty.io.netty.channel.nio.NioEventLoop.processSelectedKeys(NioEventLoop.java:496)
	at org.apache.ratis.thirdparty.io.netty.channel.nio.NioEventLoop.run(NioEventLoop.java:458)
	at org.apache.ratis.thirdparty.io.netty.util.concurrent.SingleThreadEventExecutor$5.run(SingleThreadEventExecutor.java:897)
	at org.apache.ratis.thirdparty.io.netty.util.concurrent.FastThreadLocalRunnable.run(FastThreadLocalRunnable.java:30)
	... 1 more
Caused by: java.net.ConnectException: Connection refused
	... 11 more
2019-10-21 23:47:28,054 [grpc-default-executor-2] INFO  impl.RaftServerImpl (RaftServerImpl.java:setRole(184)) - 1360619e-ba1e-4bf9-aec1-9f15b5480b27@group-2FABE92B7E5B: changes role from  FOLLOWER to FOLLOWER at term 544 for recognizeCandidate:b88b3e43-5534-49b3-b3f2-a9f154b450de
2019-10-21 23:47:28,054 [grpc-default-executor-2] INFO  impl.RoleInfo (RoleInfo.java:shutdownFollowerState(121)) - 1360619e-ba1e-4bf9-aec1-9f15b5480b27: shutdown FollowerState
2019-10-21 23:47:28,054 [grpc-default-executor-2] INFO  impl.RoleInfo (RoleInfo.java:updateAndGet(143)) - 1360619e-ba1e-4bf9-aec1-9f15b5480b27: start FollowerState
2019-10-21 23:47:28,054 [Thread-3542] INFO  impl.FollowerState (FollowerState.java:run(117)) - 1360619e-ba1e-4bf9-aec1-9f15b5480b27@group-2FABE92B7E5B-FollowerState was interrupted: java.lang.InterruptedException: sleep interrupted
2019-10-21 23:47:28,075 [b88b3e43-5534-49b3-b3f2-a9f154b450de@group-2FABE92B7E5B-LeaderElection504] INFO  impl.LeaderElection (LeaderElection.java:logAndReturn(56)) - b88b3e43-5534-49b3-b3f2-a9f154b450de@group-2FABE92B7E5B-LeaderElection504: Election REJECTED; received 1 response(s) [b88b3e43-5534-49b3-b3f2-a9f154b450de<-1360619e-ba1e-4bf9-aec1-9f15b5480b27#0:FAIL-t544] and 1 exception(s); b88b3e43-5534-49b3-b3f2-a9f154b450de@group-2FABE92B7E5B:t544, leader=null, voted=b88b3e43-5534-49b3-b3f2-a9f154b450de, raftlog=b88b3e43-5534-49b3-b3f2-a9f154b450de@group-2FABE92B7E5B-SegmentedRaftLog:OPENED:c-1,f-1,i0, conf=-1: [c58a0a02-acd3-47c8-b3e9-5b8e0493de45:192.168.157.254:33611, 1360619e-ba1e-4bf9-aec1-9f15b5480b27:192.168.157.254:45658, b88b3e43-5534-49b3-b3f2-a9f154b450de:192.168.157.254:46786], old=null
2019-10-21 23:47:28,075 [b88b3e43-5534-49b3-b3f2-a9f154b450de@group-2FABE92B7E5B-LeaderElection504] INFO  impl.LeaderElection (LogUtils.java:infoOrTrace(149)) -   Exception 0: {}
java.util.concurrent.ExecutionException: org.apache.ratis.thirdparty.io.grpc.StatusRuntimeException: UNAVAILABLE: io exception
	at java.util.concurrent.FutureTask.report(FutureTask.java:122)
	at java.util.concurrent.FutureTask.get(FutureTask.java:192)
	at org.apache.ratis.server.impl.LeaderElection.waitForResults(LeaderElection.java:259)
	at org.apache.ratis.server.impl.LeaderElection.askForVotes(LeaderElection.java:197)
	at org.apache.ratis.server.impl.LeaderElection.run(LeaderElection.java:133)
	at java.lang.Thread.run(Thread.java:748)
Caused by: org.apache.ratis.thirdparty.io.grpc.StatusRuntimeException: UNAVAILABLE: io exception
	at org.apache.ratis.thirdparty.io.grpc.stub.ClientCalls.toStatusRuntimeException(ClientCalls.java:233)
	at org.apache.ratis.thirdparty.io.grpc.stub.ClientCalls.getUnchecked(ClientCalls.java:214)
	at org.apache.ratis.thirdparty.io.grpc.stub.ClientCalls.blockingUnaryCall(ClientCalls.java:139)
	at org.apache.ratis.proto.grpc.RaftServerProtocolServiceGrpc$RaftServerProtocolServiceBlockingStub.requestVote(RaftServerProtocolServiceGrpc.java:265)
	at org.apache.ratis.grpc.server.GrpcServerProtocolClient.requestVote(GrpcServerProtocolClient.java:99)
	at org.apache.ratis.grpc.server.GrpcService.requestVote(GrpcService.java:204)
	at org.apache.ratis.server.impl.LeaderElection.lambda$submitRequests$1(LeaderElection.java:234)
	at java.util.concurrent.FutureTask.run(FutureTask.java:266)
	at java.util.concurrent.Executors$RunnableAdapter.call(Executors.java:511)
	at java.util.concurrent.FutureTask.run(FutureTask.java:266)
	at java.util.concurrent.ThreadPoolExecutor.runWorker(ThreadPoolExecutor.java:1149)
	at java.util.concurrent.ThreadPoolExecutor$Worker.run(ThreadPoolExecutor.java:624)
	... 1 more
Caused by: org.apache.ratis.thirdparty.io.netty.channel.AbstractChannel$AnnotatedConnectException: Connection refused: /192.168.157.254:33611
	at sun.nio.ch.SocketChannelImpl.checkConnect(Native Method)
	at sun.nio.ch.SocketChannelImpl.finishConnect(SocketChannelImpl.java:717)
	at org.apache.ratis.thirdparty.io.netty.channel.socket.nio.NioSocketChannel.doFinishConnect(NioSocketChannel.java:327)
	at org.apache.ratis.thirdparty.io.netty.channel.nio.AbstractNioChannel$AbstractNioUnsafe.finishConnect(AbstractNioChannel.java:340)
	at org.apache.ratis.thirdparty.io.netty.channel.nio.NioEventLoop.processSelectedKey(NioEventLoop.java:632)
	at org.apache.ratis.thirdparty.io.netty.channel.nio.NioEventLoop.processSelectedKeysOptimized(NioEventLoop.java:579)
	at org.apache.ratis.thirdparty.io.netty.channel.nio.NioEventLoop.processSelectedKeys(NioEventLoop.java:496)
	at org.apache.ratis.thirdparty.io.netty.channel.nio.NioEventLoop.run(NioEventLoop.java:458)
	at org.apache.ratis.thirdparty.io.netty.util.concurrent.SingleThreadEventExecutor$5.run(SingleThreadEventExecutor.java:897)
	at org.apache.ratis.thirdparty.io.netty.util.concurrent.FastThreadLocalRunnable.run(FastThreadLocalRunnable.java:30)
	... 1 more
Caused by: java.net.ConnectException: Connection refused
	... 11 more
2019-10-21 23:47:28,076 [b88b3e43-5534-49b3-b3f2-a9f154b450de@group-2FABE92B7E5B-LeaderElection504] INFO  impl.RaftServerImpl (RaftServerImpl.java:setRole(184)) - b88b3e43-5534-49b3-b3f2-a9f154b450de@group-2FABE92B7E5B: changes role from CANDIDATE to FOLLOWER at term 544 for DISCOVERED_A_NEW_TERM
2019-10-21 23:47:28,076 [b88b3e43-5534-49b3-b3f2-a9f154b450de@group-2FABE92B7E5B-LeaderElection504] INFO  impl.RoleInfo (RoleInfo.java:shutdownLeaderElection(134)) - b88b3e43-5534-49b3-b3f2-a9f154b450de: shutdown LeaderElection
2019-10-21 23:47:28,076 [b88b3e43-5534-49b3-b3f2-a9f154b450de@group-2FABE92B7E5B-LeaderElection504] INFO  impl.RoleInfo (RoleInfo.java:updateAndGet(143)) - b88b3e43-5534-49b3-b3f2-a9f154b450de: start FollowerState
2019-10-21 23:47:28,212 [Thread-3548] INFO  impl.FollowerState (FollowerState.java:run(108)) - b88b3e43-5534-49b3-b3f2-a9f154b450de@group-2FABE92B7E5B-FollowerState: change to CANDIDATE, lastRpcTime:135ms, electionTimeout:135ms
2019-10-21 23:47:28,212 [Thread-3548] INFO  impl.RoleInfo (RoleInfo.java:shutdownFollowerState(121)) - b88b3e43-5534-49b3-b3f2-a9f154b450de: shutdown FollowerState
2019-10-21 23:47:28,212 [Thread-3548] INFO  impl.RaftServerImpl (RaftServerImpl.java:setRole(184)) - b88b3e43-5534-49b3-b3f2-a9f154b450de@group-2FABE92B7E5B: changes role from  FOLLOWER to CANDIDATE at term 544 for changeToCandidate
2019-10-21 23:47:28,212 [Thread-3548] INFO  impl.RoleInfo (RoleInfo.java:updateAndGet(143)) - b88b3e43-5534-49b3-b3f2-a9f154b450de: start LeaderElection
2019-10-21 23:47:28,217 [b88b3e43-5534-49b3-b3f2-a9f154b450de@group-2FABE92B7E5B-LeaderElection505] INFO  impl.LeaderElection (LeaderElection.java:askForVotes(178)) - b88b3e43-5534-49b3-b3f2-a9f154b450de@group-2FABE92B7E5B-LeaderElection505: begin an election at term 545 for -1: [c58a0a02-acd3-47c8-b3e9-5b8e0493de45:192.168.157.254:33611, 1360619e-ba1e-4bf9-aec1-9f15b5480b27:192.168.157.254:45658, b88b3e43-5534-49b3-b3f2-a9f154b450de:192.168.157.254:46786], old=null
2019-10-21 23:47:28,218 [b88b3e43-5534-49b3-b3f2-a9f154b450de@group-2FABE92B7E5B-LeaderElection505] INFO  impl.LeaderElection (LogUtils.java:infoOrTrace(149)) - b88b3e43-5534-49b3-b3f2-a9f154b450de@group-2FABE92B7E5B-LeaderElection505 got exception when requesting votes: {}
java.util.concurrent.ExecutionException: org.apache.ratis.thirdparty.io.grpc.StatusRuntimeException: UNAVAILABLE: io exception
	at java.util.concurrent.FutureTask.report(FutureTask.java:122)
	at java.util.concurrent.FutureTask.get(FutureTask.java:192)
	at org.apache.ratis.server.impl.LeaderElection.waitForResults(LeaderElection.java:259)
	at org.apache.ratis.server.impl.LeaderElection.askForVotes(LeaderElection.java:197)
	at org.apache.ratis.server.impl.LeaderElection.run(LeaderElection.java:133)
	at java.lang.Thread.run(Thread.java:748)
Caused by: org.apache.ratis.thirdparty.io.grpc.StatusRuntimeException: UNAVAILABLE: io exception
	at org.apache.ratis.thirdparty.io.grpc.stub.ClientCalls.toStatusRuntimeException(ClientCalls.java:233)
	at org.apache.ratis.thirdparty.io.grpc.stub.ClientCalls.getUnchecked(ClientCalls.java:214)
	at org.apache.ratis.thirdparty.io.grpc.stub.ClientCalls.blockingUnaryCall(ClientCalls.java:139)
	at org.apache.ratis.proto.grpc.RaftServerProtocolServiceGrpc$RaftServerProtocolServiceBlockingStub.requestVote(RaftServerProtocolServiceGrpc.java:265)
	at org.apache.ratis.grpc.server.GrpcServerProtocolClient.requestVote(GrpcServerProtocolClient.java:99)
	at org.apache.ratis.grpc.server.GrpcService.requestVote(GrpcService.java:204)
	at org.apache.ratis.server.impl.LeaderElection.lambda$submitRequests$1(LeaderElection.java:234)
	at java.util.concurrent.FutureTask.run(FutureTask.java:266)
	at java.util.concurrent.Executors$RunnableAdapter.call(Executors.java:511)
	at java.util.concurrent.FutureTask.run(FutureTask.java:266)
	at java.util.concurrent.ThreadPoolExecutor.runWorker(ThreadPoolExecutor.java:1149)
	at java.util.concurrent.ThreadPoolExecutor$Worker.run(ThreadPoolExecutor.java:624)
	... 1 more
Caused by: org.apache.ratis.thirdparty.io.netty.channel.AbstractChannel$AnnotatedConnectException: Connection refused: /192.168.157.254:33611
	at sun.nio.ch.SocketChannelImpl.checkConnect(Native Method)
	at sun.nio.ch.SocketChannelImpl.finishConnect(SocketChannelImpl.java:717)
	at org.apache.ratis.thirdparty.io.netty.channel.socket.nio.NioSocketChannel.doFinishConnect(NioSocketChannel.java:327)
	at org.apache.ratis.thirdparty.io.netty.channel.nio.AbstractNioChannel$AbstractNioUnsafe.finishConnect(AbstractNioChannel.java:340)
	at org.apache.ratis.thirdparty.io.netty.channel.nio.NioEventLoop.processSelectedKey(NioEventLoop.java:632)
	at org.apache.ratis.thirdparty.io.netty.channel.nio.NioEventLoop.processSelectedKeysOptimized(NioEventLoop.java:579)
	at org.apache.ratis.thirdparty.io.netty.channel.nio.NioEventLoop.processSelectedKeys(NioEventLoop.java:496)
	at org.apache.ratis.thirdparty.io.netty.channel.nio.NioEventLoop.run(NioEventLoop.java:458)
	at org.apache.ratis.thirdparty.io.netty.util.concurrent.SingleThreadEventExecutor$5.run(SingleThreadEventExecutor.java:897)
	at org.apache.ratis.thirdparty.io.netty.util.concurrent.FastThreadLocalRunnable.run(FastThreadLocalRunnable.java:30)
	... 1 more
Caused by: java.net.ConnectException: Connection refused
	... 11 more
2019-10-21 23:47:28,221 [grpc-default-executor-2] INFO  impl.RaftServerImpl (RaftServerImpl.java:setRole(184)) - 1360619e-ba1e-4bf9-aec1-9f15b5480b27@group-2FABE92B7E5B: changes role from  FOLLOWER to FOLLOWER at term 545 for recognizeCandidate:b88b3e43-5534-49b3-b3f2-a9f154b450de
2019-10-21 23:47:28,221 [grpc-default-executor-2] INFO  impl.RoleInfo (RoleInfo.java:shutdownFollowerState(121)) - 1360619e-ba1e-4bf9-aec1-9f15b5480b27: shutdown FollowerState
2019-10-21 23:47:28,221 [grpc-default-executor-2] INFO  impl.RoleInfo (RoleInfo.java:updateAndGet(143)) - 1360619e-ba1e-4bf9-aec1-9f15b5480b27: start FollowerState
2019-10-21 23:47:28,221 [Thread-3547] INFO  impl.FollowerState (FollowerState.java:run(117)) - 1360619e-ba1e-4bf9-aec1-9f15b5480b27@group-2FABE92B7E5B-FollowerState was interrupted: java.lang.InterruptedException: sleep interrupted
2019-10-21 23:47:28,225 [b88b3e43-5534-49b3-b3f2-a9f154b450de@group-2FABE92B7E5B-LeaderElection505] INFO  impl.LeaderElection (LeaderElection.java:logAndReturn(56)) - b88b3e43-5534-49b3-b3f2-a9f154b450de@group-2FABE92B7E5B-LeaderElection505: Election REJECTED; received 1 response(s) [b88b3e43-5534-49b3-b3f2-a9f154b450de<-1360619e-ba1e-4bf9-aec1-9f15b5480b27#0:FAIL-t545] and 1 exception(s); b88b3e43-5534-49b3-b3f2-a9f154b450de@group-2FABE92B7E5B:t545, leader=null, voted=b88b3e43-5534-49b3-b3f2-a9f154b450de, raftlog=b88b3e43-5534-49b3-b3f2-a9f154b450de@group-2FABE92B7E5B-SegmentedRaftLog:OPENED:c-1,f-1,i0, conf=-1: [c58a0a02-acd3-47c8-b3e9-5b8e0493de45:192.168.157.254:33611, 1360619e-ba1e-4bf9-aec1-9f15b5480b27:192.168.157.254:45658, b88b3e43-5534-49b3-b3f2-a9f154b450de:192.168.157.254:46786], old=null
2019-10-21 23:47:28,225 [b88b3e43-5534-49b3-b3f2-a9f154b450de@group-2FABE92B7E5B-LeaderElection505] INFO  impl.LeaderElection (LogUtils.java:infoOrTrace(149)) -   Exception 0: {}
java.util.concurrent.ExecutionException: org.apache.ratis.thirdparty.io.grpc.StatusRuntimeException: UNAVAILABLE: io exception
	at java.util.concurrent.FutureTask.report(FutureTask.java:122)
	at java.util.concurrent.FutureTask.get(FutureTask.java:192)
	at org.apache.ratis.server.impl.LeaderElection.waitForResults(LeaderElection.java:259)
	at org.apache.ratis.server.impl.LeaderElection.askForVotes(LeaderElection.java:197)
	at org.apache.ratis.server.impl.LeaderElection.run(LeaderElection.java:133)
	at java.lang.Thread.run(Thread.java:748)
Caused by: org.apache.ratis.thirdparty.io.grpc.StatusRuntimeException: UNAVAILABLE: io exception
	at org.apache.ratis.thirdparty.io.grpc.stub.ClientCalls.toStatusRuntimeException(ClientCalls.java:233)
	at org.apache.ratis.thirdparty.io.grpc.stub.ClientCalls.getUnchecked(ClientCalls.java:214)
	at org.apache.ratis.thirdparty.io.grpc.stub.ClientCalls.blockingUnaryCall(ClientCalls.java:139)
	at org.apache.ratis.proto.grpc.RaftServerProtocolServiceGrpc$RaftServerProtocolServiceBlockingStub.requestVote(RaftServerProtocolServiceGrpc.java:265)
	at org.apache.ratis.grpc.server.GrpcServerProtocolClient.requestVote(GrpcServerProtocolClient.java:99)
	at org.apache.ratis.grpc.server.GrpcService.requestVote(GrpcService.java:204)
	at org.apache.ratis.server.impl.LeaderElection.lambda$submitRequests$1(LeaderElection.java:234)
	at java.util.concurrent.FutureTask.run(FutureTask.java:266)
	at java.util.concurrent.Executors$RunnableAdapter.call(Executors.java:511)
	at java.util.concurrent.FutureTask.run(FutureTask.java:266)
	at java.util.concurrent.ThreadPoolExecutor.runWorker(ThreadPoolExecutor.java:1149)
	at java.util.concurrent.ThreadPoolExecutor$Worker.run(ThreadPoolExecutor.java:624)
	... 1 more
Caused by: org.apache.ratis.thirdparty.io.netty.channel.AbstractChannel$AnnotatedConnectException: Connection refused: /192.168.157.254:33611
	at sun.nio.ch.SocketChannelImpl.checkConnect(Native Method)
	at sun.nio.ch.SocketChannelImpl.finishConnect(SocketChannelImpl.java:717)
	at org.apache.ratis.thirdparty.io.netty.channel.socket.nio.NioSocketChannel.doFinishConnect(NioSocketChannel.java:327)
	at org.apache.ratis.thirdparty.io.netty.channel.nio.AbstractNioChannel$AbstractNioUnsafe.finishConnect(AbstractNioChannel.java:340)
	at org.apache.ratis.thirdparty.io.netty.channel.nio.NioEventLoop.processSelectedKey(NioEventLoop.java:632)
	at org.apache.ratis.thirdparty.io.netty.channel.nio.NioEventLoop.processSelectedKeysOptimized(NioEventLoop.java:579)
	at org.apache.ratis.thirdparty.io.netty.channel.nio.NioEventLoop.processSelectedKeys(NioEventLoop.java:496)
	at org.apache.ratis.thirdparty.io.netty.channel.nio.NioEventLoop.run(NioEventLoop.java:458)
	at org.apache.ratis.thirdparty.io.netty.util.concurrent.SingleThreadEventExecutor$5.run(SingleThreadEventExecutor.java:897)
	at org.apache.ratis.thirdparty.io.netty.util.concurrent.FastThreadLocalRunnable.run(FastThreadLocalRunnable.java:30)
	... 1 more
Caused by: java.net.ConnectException: Connection refused
	... 11 more
2019-10-21 23:47:28,225 [b88b3e43-5534-49b3-b3f2-a9f154b450de@group-2FABE92B7E5B-LeaderElection505] INFO  impl.RaftServerImpl (RaftServerImpl.java:setRole(184)) - b88b3e43-5534-49b3-b3f2-a9f154b450de@group-2FABE92B7E5B: changes role from CANDIDATE to FOLLOWER at term 545 for DISCOVERED_A_NEW_TERM
2019-10-21 23:47:28,225 [b88b3e43-5534-49b3-b3f2-a9f154b450de@group-2FABE92B7E5B-LeaderElection505] INFO  impl.RoleInfo (RoleInfo.java:shutdownLeaderElection(134)) - b88b3e43-5534-49b3-b3f2-a9f154b450de: shutdown LeaderElection
2019-10-21 23:47:28,225 [b88b3e43-5534-49b3-b3f2-a9f154b450de@group-2FABE92B7E5B-LeaderElection505] INFO  impl.RoleInfo (RoleInfo.java:updateAndGet(143)) - b88b3e43-5534-49b3-b3f2-a9f154b450de: start FollowerState
2019-10-21 23:47:28,230 [Thread-296] INFO  ipc.Client (Client.java:handleConnectionFailure(948)) - Retrying connect to server: localhost/127.0.0.1:41866. Already tried 6 time(s); retry policy is RetryUpToMaximumCountWithFixedSleep(maxRetries=10, sleepTime=1000 MILLISECONDS)
2019-10-21 23:47:28,327 [Thread-3553] INFO  impl.FollowerState (FollowerState.java:run(108)) - b88b3e43-5534-49b3-b3f2-a9f154b450de@group-2FABE92B7E5B-FollowerState: change to CANDIDATE, lastRpcTime:101ms, electionTimeout:101ms
2019-10-21 23:47:28,327 [Thread-3553] INFO  impl.RoleInfo (RoleInfo.java:shutdownFollowerState(121)) - b88b3e43-5534-49b3-b3f2-a9f154b450de: shutdown FollowerState
2019-10-21 23:47:28,327 [Thread-3553] INFO  impl.RaftServerImpl (RaftServerImpl.java:setRole(184)) - b88b3e43-5534-49b3-b3f2-a9f154b450de@group-2FABE92B7E5B: changes role from  FOLLOWER to CANDIDATE at term 545 for changeToCandidate
2019-10-21 23:47:28,327 [Thread-3553] INFO  impl.RoleInfo (RoleInfo.java:updateAndGet(143)) - b88b3e43-5534-49b3-b3f2-a9f154b450de: start LeaderElection
2019-10-21 23:47:28,340 [b88b3e43-5534-49b3-b3f2-a9f154b450de@group-2FABE92B7E5B-LeaderElection506] INFO  impl.LeaderElection (LeaderElection.java:askForVotes(178)) - b88b3e43-5534-49b3-b3f2-a9f154b450de@group-2FABE92B7E5B-LeaderElection506: begin an election at term 546 for -1: [c58a0a02-acd3-47c8-b3e9-5b8e0493de45:192.168.157.254:33611, 1360619e-ba1e-4bf9-aec1-9f15b5480b27:192.168.157.254:45658, b88b3e43-5534-49b3-b3f2-a9f154b450de:192.168.157.254:46786], old=null
2019-10-21 23:47:28,342 [b88b3e43-5534-49b3-b3f2-a9f154b450de@group-2FABE92B7E5B-LeaderElection506] INFO  impl.LeaderElection (LogUtils.java:infoOrTrace(149)) - b88b3e43-5534-49b3-b3f2-a9f154b450de@group-2FABE92B7E5B-LeaderElection506 got exception when requesting votes: {}
java.util.concurrent.ExecutionException: org.apache.ratis.thirdparty.io.grpc.StatusRuntimeException: UNAVAILABLE: io exception
	at java.util.concurrent.FutureTask.report(FutureTask.java:122)
	at java.util.concurrent.FutureTask.get(FutureTask.java:192)
	at org.apache.ratis.server.impl.LeaderElection.waitForResults(LeaderElection.java:259)
	at org.apache.ratis.server.impl.LeaderElection.askForVotes(LeaderElection.java:197)
	at org.apache.ratis.server.impl.LeaderElection.run(LeaderElection.java:133)
	at java.lang.Thread.run(Thread.java:748)
Caused by: org.apache.ratis.thirdparty.io.grpc.StatusRuntimeException: UNAVAILABLE: io exception
	at org.apache.ratis.thirdparty.io.grpc.stub.ClientCalls.toStatusRuntimeException(ClientCalls.java:233)
	at org.apache.ratis.thirdparty.io.grpc.stub.ClientCalls.getUnchecked(ClientCalls.java:214)
	at org.apache.ratis.thirdparty.io.grpc.stub.ClientCalls.blockingUnaryCall(ClientCalls.java:139)
	at org.apache.ratis.proto.grpc.RaftServerProtocolServiceGrpc$RaftServerProtocolServiceBlockingStub.requestVote(RaftServerProtocolServiceGrpc.java:265)
	at org.apache.ratis.grpc.server.GrpcServerProtocolClient.requestVote(GrpcServerProtocolClient.java:99)
	at org.apache.ratis.grpc.server.GrpcService.requestVote(GrpcService.java:204)
	at org.apache.ratis.server.impl.LeaderElection.lambda$submitRequests$1(LeaderElection.java:234)
	at java.util.concurrent.FutureTask.run(FutureTask.java:266)
	at java.util.concurrent.Executors$RunnableAdapter.call(Executors.java:511)
	at java.util.concurrent.FutureTask.run(FutureTask.java:266)
	at java.util.concurrent.ThreadPoolExecutor.runWorker(ThreadPoolExecutor.java:1149)
	at java.util.concurrent.ThreadPoolExecutor$Worker.run(ThreadPoolExecutor.java:624)
	... 1 more
Caused by: org.apache.ratis.thirdparty.io.netty.channel.AbstractChannel$AnnotatedConnectException: Connection refused: /192.168.157.254:33611
	at sun.nio.ch.SocketChannelImpl.checkConnect(Native Method)
	at sun.nio.ch.SocketChannelImpl.finishConnect(SocketChannelImpl.java:717)
	at org.apache.ratis.thirdparty.io.netty.channel.socket.nio.NioSocketChannel.doFinishConnect(NioSocketChannel.java:327)
	at org.apache.ratis.thirdparty.io.netty.channel.nio.AbstractNioChannel$AbstractNioUnsafe.finishConnect(AbstractNioChannel.java:340)
	at org.apache.ratis.thirdparty.io.netty.channel.nio.NioEventLoop.processSelectedKey(NioEventLoop.java:632)
	at org.apache.ratis.thirdparty.io.netty.channel.nio.NioEventLoop.processSelectedKeysOptimized(NioEventLoop.java:579)
	at org.apache.ratis.thirdparty.io.netty.channel.nio.NioEventLoop.processSelectedKeys(NioEventLoop.java:496)
	at org.apache.ratis.thirdparty.io.netty.channel.nio.NioEventLoop.run(NioEventLoop.java:458)
	at org.apache.ratis.thirdparty.io.netty.util.concurrent.SingleThreadEventExecutor$5.run(SingleThreadEventExecutor.java:897)
	at org.apache.ratis.thirdparty.io.netty.util.concurrent.FastThreadLocalRunnable.run(FastThreadLocalRunnable.java:30)
	... 1 more
Caused by: java.net.ConnectException: Connection refused
	... 11 more
2019-10-21 23:47:28,344 [grpc-default-executor-2] INFO  impl.RaftServerImpl (RaftServerImpl.java:setRole(184)) - 1360619e-ba1e-4bf9-aec1-9f15b5480b27@group-2FABE92B7E5B: changes role from  FOLLOWER to FOLLOWER at term 546 for recognizeCandidate:b88b3e43-5534-49b3-b3f2-a9f154b450de
2019-10-21 23:47:28,344 [grpc-default-executor-2] INFO  impl.RoleInfo (RoleInfo.java:shutdownFollowerState(121)) - 1360619e-ba1e-4bf9-aec1-9f15b5480b27: shutdown FollowerState
2019-10-21 23:47:28,344 [grpc-default-executor-2] INFO  impl.RoleInfo (RoleInfo.java:updateAndGet(143)) - 1360619e-ba1e-4bf9-aec1-9f15b5480b27: start FollowerState
2019-10-21 23:47:28,344 [Thread-3552] INFO  impl.FollowerState (FollowerState.java:run(117)) - 1360619e-ba1e-4bf9-aec1-9f15b5480b27@group-2FABE92B7E5B-FollowerState was interrupted: java.lang.InterruptedException: sleep interrupted
2019-10-21 23:47:28,348 [b88b3e43-5534-49b3-b3f2-a9f154b450de@group-2FABE92B7E5B-LeaderElection506] INFO  impl.LeaderElection (LeaderElection.java:logAndReturn(56)) - b88b3e43-5534-49b3-b3f2-a9f154b450de@group-2FABE92B7E5B-LeaderElection506: Election REJECTED; received 1 response(s) [b88b3e43-5534-49b3-b3f2-a9f154b450de<-1360619e-ba1e-4bf9-aec1-9f15b5480b27#0:FAIL-t546] and 1 exception(s); b88b3e43-5534-49b3-b3f2-a9f154b450de@group-2FABE92B7E5B:t546, leader=null, voted=b88b3e43-5534-49b3-b3f2-a9f154b450de, raftlog=b88b3e43-5534-49b3-b3f2-a9f154b450de@group-2FABE92B7E5B-SegmentedRaftLog:OPENED:c-1,f-1,i0, conf=-1: [c58a0a02-acd3-47c8-b3e9-5b8e0493de45:192.168.157.254:33611, 1360619e-ba1e-4bf9-aec1-9f15b5480b27:192.168.157.254:45658, b88b3e43-5534-49b3-b3f2-a9f154b450de:192.168.157.254:46786], old=null
2019-10-21 23:47:28,348 [b88b3e43-5534-49b3-b3f2-a9f154b450de@group-2FABE92B7E5B-LeaderElection506] INFO  impl.LeaderElection (LogUtils.java:infoOrTrace(149)) -   Exception 0: {}
java.util.concurrent.ExecutionException: org.apache.ratis.thirdparty.io.grpc.StatusRuntimeException: UNAVAILABLE: io exception
	at java.util.concurrent.FutureTask.report(FutureTask.java:122)
	at java.util.concurrent.FutureTask.get(FutureTask.java:192)
	at org.apache.ratis.server.impl.LeaderElection.waitForResults(LeaderElection.java:259)
	at org.apache.ratis.server.impl.LeaderElection.askForVotes(LeaderElection.java:197)
	at org.apache.ratis.server.impl.LeaderElection.run(LeaderElection.java:133)
	at java.lang.Thread.run(Thread.java:748)
Caused by: org.apache.ratis.thirdparty.io.grpc.StatusRuntimeException: UNAVAILABLE: io exception
	at org.apache.ratis.thirdparty.io.grpc.stub.ClientCalls.toStatusRuntimeException(ClientCalls.java:233)
	at org.apache.ratis.thirdparty.io.grpc.stub.ClientCalls.getUnchecked(ClientCalls.java:214)
	at org.apache.ratis.thirdparty.io.grpc.stub.ClientCalls.blockingUnaryCall(ClientCalls.java:139)
	at org.apache.ratis.proto.grpc.RaftServerProtocolServiceGrpc$RaftServerProtocolServiceBlockingStub.requestVote(RaftServerProtocolServiceGrpc.java:265)
	at org.apache.ratis.grpc.server.GrpcServerProtocolClient.requestVote(GrpcServerProtocolClient.java:99)
	at org.apache.ratis.grpc.server.GrpcService.requestVote(GrpcService.java:204)
	at org.apache.ratis.server.impl.LeaderElection.lambda$submitRequests$1(LeaderElection.java:234)
	at java.util.concurrent.FutureTask.run(FutureTask.java:266)
	at java.util.concurrent.Executors$RunnableAdapter.call(Executors.java:511)
	at java.util.concurrent.FutureTask.run(FutureTask.java:266)
	at java.util.concurrent.ThreadPoolExecutor.runWorker(ThreadPoolExecutor.java:1149)
	at java.util.concurrent.ThreadPoolExecutor$Worker.run(ThreadPoolExecutor.java:624)
	... 1 more
Caused by: org.apache.ratis.thirdparty.io.netty.channel.AbstractChannel$AnnotatedConnectException: Connection refused: /192.168.157.254:33611
	at sun.nio.ch.SocketChannelImpl.checkConnect(Native Method)
	at sun.nio.ch.SocketChannelImpl.finishConnect(SocketChannelImpl.java:717)
	at org.apache.ratis.thirdparty.io.netty.channel.socket.nio.NioSocketChannel.doFinishConnect(NioSocketChannel.java:327)
	at org.apache.ratis.thirdparty.io.netty.channel.nio.AbstractNioChannel$AbstractNioUnsafe.finishConnect(AbstractNioChannel.java:340)
	at org.apache.ratis.thirdparty.io.netty.channel.nio.NioEventLoop.processSelectedKey(NioEventLoop.java:632)
	at org.apache.ratis.thirdparty.io.netty.channel.nio.NioEventLoop.processSelectedKeysOptimized(NioEventLoop.java:579)
	at org.apache.ratis.thirdparty.io.netty.channel.nio.NioEventLoop.processSelectedKeys(NioEventLoop.java:496)
	at org.apache.ratis.thirdparty.io.netty.channel.nio.NioEventLoop.run(NioEventLoop.java:458)
	at org.apache.ratis.thirdparty.io.netty.util.concurrent.SingleThreadEventExecutor$5.run(SingleThreadEventExecutor.java:897)
	at org.apache.ratis.thirdparty.io.netty.util.concurrent.FastThreadLocalRunnable.run(FastThreadLocalRunnable.java:30)
	... 1 more
Caused by: java.net.ConnectException: Connection refused
	... 11 more
2019-10-21 23:47:28,349 [b88b3e43-5534-49b3-b3f2-a9f154b450de@group-2FABE92B7E5B-LeaderElection506] INFO  impl.RaftServerImpl (RaftServerImpl.java:setRole(184)) - b88b3e43-5534-49b3-b3f2-a9f154b450de@group-2FABE92B7E5B: changes role from CANDIDATE to FOLLOWER at term 546 for DISCOVERED_A_NEW_TERM
2019-10-21 23:47:28,349 [b88b3e43-5534-49b3-b3f2-a9f154b450de@group-2FABE92B7E5B-LeaderElection506] INFO  impl.RoleInfo (RoleInfo.java:shutdownLeaderElection(134)) - b88b3e43-5534-49b3-b3f2-a9f154b450de: shutdown LeaderElection
2019-10-21 23:47:28,349 [b88b3e43-5534-49b3-b3f2-a9f154b450de@group-2FABE92B7E5B-LeaderElection506] INFO  impl.RoleInfo (RoleInfo.java:updateAndGet(143)) - b88b3e43-5534-49b3-b3f2-a9f154b450de: start FollowerState
2019-10-21 23:47:28,397 [Thread-3558] INFO  impl.FollowerState (FollowerState.java:run(108)) - b88b3e43-5534-49b3-b3f2-a9f154b450de@group-2FABE92B7E5B-FollowerState: change to CANDIDATE, lastRpcTime:48ms, electionTimeout:48ms
2019-10-21 23:47:28,397 [Thread-3558] INFO  impl.RoleInfo (RoleInfo.java:shutdownFollowerState(121)) - b88b3e43-5534-49b3-b3f2-a9f154b450de: shutdown FollowerState
2019-10-21 23:47:28,398 [Thread-3558] INFO  impl.RaftServerImpl (RaftServerImpl.java:setRole(184)) - b88b3e43-5534-49b3-b3f2-a9f154b450de@group-2FABE92B7E5B: changes role from  FOLLOWER to CANDIDATE at term 546 for changeToCandidate
2019-10-21 23:47:28,398 [Thread-3558] INFO  impl.RoleInfo (RoleInfo.java:updateAndGet(143)) - b88b3e43-5534-49b3-b3f2-a9f154b450de: start LeaderElection
2019-10-21 23:47:28,409 [b88b3e43-5534-49b3-b3f2-a9f154b450de@group-2FABE92B7E5B-LeaderElection507] INFO  impl.LeaderElection (LeaderElection.java:askForVotes(178)) - b88b3e43-5534-49b3-b3f2-a9f154b450de@group-2FABE92B7E5B-LeaderElection507: begin an election at term 547 for -1: [c58a0a02-acd3-47c8-b3e9-5b8e0493de45:192.168.157.254:33611, 1360619e-ba1e-4bf9-aec1-9f15b5480b27:192.168.157.254:45658, b88b3e43-5534-49b3-b3f2-a9f154b450de:192.168.157.254:46786], old=null
2019-10-21 23:47:28,410 [b88b3e43-5534-49b3-b3f2-a9f154b450de@group-2FABE92B7E5B-LeaderElection507] INFO  impl.LeaderElection (LogUtils.java:infoOrTrace(149)) - b88b3e43-5534-49b3-b3f2-a9f154b450de@group-2FABE92B7E5B-LeaderElection507 got exception when requesting votes: {}
java.util.concurrent.ExecutionException: org.apache.ratis.thirdparty.io.grpc.StatusRuntimeException: UNAVAILABLE: io exception
	at java.util.concurrent.FutureTask.report(FutureTask.java:122)
	at java.util.concurrent.FutureTask.get(FutureTask.java:192)
	at org.apache.ratis.server.impl.LeaderElection.waitForResults(LeaderElection.java:259)
	at org.apache.ratis.server.impl.LeaderElection.askForVotes(LeaderElection.java:197)
	at org.apache.ratis.server.impl.LeaderElection.run(LeaderElection.java:133)
	at java.lang.Thread.run(Thread.java:748)
Caused by: org.apache.ratis.thirdparty.io.grpc.StatusRuntimeException: UNAVAILABLE: io exception
	at org.apache.ratis.thirdparty.io.grpc.stub.ClientCalls.toStatusRuntimeException(ClientCalls.java:233)
	at org.apache.ratis.thirdparty.io.grpc.stub.ClientCalls.getUnchecked(ClientCalls.java:214)
	at org.apache.ratis.thirdparty.io.grpc.stub.ClientCalls.blockingUnaryCall(ClientCalls.java:139)
	at org.apache.ratis.proto.grpc.RaftServerProtocolServiceGrpc$RaftServerProtocolServiceBlockingStub.requestVote(RaftServerProtocolServiceGrpc.java:265)
	at org.apache.ratis.grpc.server.GrpcServerProtocolClient.requestVote(GrpcServerProtocolClient.java:99)
	at org.apache.ratis.grpc.server.GrpcService.requestVote(GrpcService.java:204)
	at org.apache.ratis.server.impl.LeaderElection.lambda$submitRequests$1(LeaderElection.java:234)
	at java.util.concurrent.FutureTask.run(FutureTask.java:266)
	at java.util.concurrent.Executors$RunnableAdapter.call(Executors.java:511)
	at java.util.concurrent.FutureTask.run(FutureTask.java:266)
	at java.util.concurrent.ThreadPoolExecutor.runWorker(ThreadPoolExecutor.java:1149)
	at java.util.concurrent.ThreadPoolExecutor$Worker.run(ThreadPoolExecutor.java:624)
	... 1 more
Caused by: org.apache.ratis.thirdparty.io.netty.channel.AbstractChannel$AnnotatedConnectException: Connection refused: /192.168.157.254:33611
	at sun.nio.ch.SocketChannelImpl.checkConnect(Native Method)
	at sun.nio.ch.SocketChannelImpl.finishConnect(SocketChannelImpl.java:717)
	at org.apache.ratis.thirdparty.io.netty.channel.socket.nio.NioSocketChannel.doFinishConnect(NioSocketChannel.java:327)
	at org.apache.ratis.thirdparty.io.netty.channel.nio.AbstractNioChannel$AbstractNioUnsafe.finishConnect(AbstractNioChannel.java:340)
	at org.apache.ratis.thirdparty.io.netty.channel.nio.NioEventLoop.processSelectedKey(NioEventLoop.java:632)
	at org.apache.ratis.thirdparty.io.netty.channel.nio.NioEventLoop.processSelectedKeysOptimized(NioEventLoop.java:579)
	at org.apache.ratis.thirdparty.io.netty.channel.nio.NioEventLoop.processSelectedKeys(NioEventLoop.java:496)
	at org.apache.ratis.thirdparty.io.netty.channel.nio.NioEventLoop.run(NioEventLoop.java:458)
	at org.apache.ratis.thirdparty.io.netty.util.concurrent.SingleThreadEventExecutor$5.run(SingleThreadEventExecutor.java:897)
	at org.apache.ratis.thirdparty.io.netty.util.concurrent.FastThreadLocalRunnable.run(FastThreadLocalRunnable.java:30)
	... 1 more
Caused by: java.net.ConnectException: Connection refused
	... 11 more
2019-10-21 23:47:28,412 [grpc-default-executor-2] INFO  impl.RaftServerImpl (RaftServerImpl.java:setRole(184)) - 1360619e-ba1e-4bf9-aec1-9f15b5480b27@group-2FABE92B7E5B: changes role from  FOLLOWER to FOLLOWER at term 547 for recognizeCandidate:b88b3e43-5534-49b3-b3f2-a9f154b450de
2019-10-21 23:47:28,412 [grpc-default-executor-2] INFO  impl.RoleInfo (RoleInfo.java:shutdownFollowerState(121)) - 1360619e-ba1e-4bf9-aec1-9f15b5480b27: shutdown FollowerState
2019-10-21 23:47:28,412 [grpc-default-executor-2] INFO  impl.RoleInfo (RoleInfo.java:updateAndGet(143)) - 1360619e-ba1e-4bf9-aec1-9f15b5480b27: start FollowerState
2019-10-21 23:47:28,412 [Thread-3557] INFO  impl.FollowerState (FollowerState.java:run(117)) - 1360619e-ba1e-4bf9-aec1-9f15b5480b27@group-2FABE92B7E5B-FollowerState was interrupted: java.lang.InterruptedException: sleep interrupted
2019-10-21 23:47:28,416 [b88b3e43-5534-49b3-b3f2-a9f154b450de@group-2FABE92B7E5B-LeaderElection507] INFO  impl.LeaderElection (LeaderElection.java:logAndReturn(56)) - b88b3e43-5534-49b3-b3f2-a9f154b450de@group-2FABE92B7E5B-LeaderElection507: Election REJECTED; received 1 response(s) [b88b3e43-5534-49b3-b3f2-a9f154b450de<-1360619e-ba1e-4bf9-aec1-9f15b5480b27#0:FAIL-t547] and 1 exception(s); b88b3e43-5534-49b3-b3f2-a9f154b450de@group-2FABE92B7E5B:t547, leader=null, voted=b88b3e43-5534-49b3-b3f2-a9f154b450de, raftlog=b88b3e43-5534-49b3-b3f2-a9f154b450de@group-2FABE92B7E5B-SegmentedRaftLog:OPENED:c-1,f-1,i0, conf=-1: [c58a0a02-acd3-47c8-b3e9-5b8e0493de45:192.168.157.254:33611, 1360619e-ba1e-4bf9-aec1-9f15b5480b27:192.168.157.254:45658, b88b3e43-5534-49b3-b3f2-a9f154b450de:192.168.157.254:46786], old=null
2019-10-21 23:47:28,416 [b88b3e43-5534-49b3-b3f2-a9f154b450de@group-2FABE92B7E5B-LeaderElection507] INFO  impl.LeaderElection (LogUtils.java:infoOrTrace(149)) -   Exception 0: {}
java.util.concurrent.ExecutionException: org.apache.ratis.thirdparty.io.grpc.StatusRuntimeException: UNAVAILABLE: io exception
	at java.util.concurrent.FutureTask.report(FutureTask.java:122)
	at java.util.concurrent.FutureTask.get(FutureTask.java:192)
	at org.apache.ratis.server.impl.LeaderElection.waitForResults(LeaderElection.java:259)
	at org.apache.ratis.server.impl.LeaderElection.askForVotes(LeaderElection.java:197)
	at org.apache.ratis.server.impl.LeaderElection.run(LeaderElection.java:133)
	at java.lang.Thread.run(Thread.java:748)
Caused by: org.apache.ratis.thirdparty.io.grpc.StatusRuntimeException: UNAVAILABLE: io exception
	at org.apache.ratis.thirdparty.io.grpc.stub.ClientCalls.toStatusRuntimeException(ClientCalls.java:233)
	at org.apache.ratis.thirdparty.io.grpc.stub.ClientCalls.getUnchecked(ClientCalls.java:214)
	at org.apache.ratis.thirdparty.io.grpc.stub.ClientCalls.blockingUnaryCall(ClientCalls.java:139)
	at org.apache.ratis.proto.grpc.RaftServerProtocolServiceGrpc$RaftServerProtocolServiceBlockingStub.requestVote(RaftServerProtocolServiceGrpc.java:265)
	at org.apache.ratis.grpc.server.GrpcServerProtocolClient.requestVote(GrpcServerProtocolClient.java:99)
	at org.apache.ratis.grpc.server.GrpcService.requestVote(GrpcService.java:204)
	at org.apache.ratis.server.impl.LeaderElection.lambda$submitRequests$1(LeaderElection.java:234)
	at java.util.concurrent.FutureTask.run(FutureTask.java:266)
	at java.util.concurrent.Executors$RunnableAdapter.call(Executors.java:511)
	at java.util.concurrent.FutureTask.run(FutureTask.java:266)
	at java.util.concurrent.ThreadPoolExecutor.runWorker(ThreadPoolExecutor.java:1149)
	at java.util.concurrent.ThreadPoolExecutor$Worker.run(ThreadPoolExecutor.java:624)
	... 1 more
Caused by: org.apache.ratis.thirdparty.io.netty.channel.AbstractChannel$AnnotatedConnectException: Connection refused: /192.168.157.254:33611
	at sun.nio.ch.SocketChannelImpl.checkConnect(Native Method)
	at sun.nio.ch.SocketChannelImpl.finishConnect(SocketChannelImpl.java:717)
	at org.apache.ratis.thirdparty.io.netty.channel.socket.nio.NioSocketChannel.doFinishConnect(NioSocketChannel.java:327)
	at org.apache.ratis.thirdparty.io.netty.channel.nio.AbstractNioChannel$AbstractNioUnsafe.finishConnect(AbstractNioChannel.java:340)
	at org.apache.ratis.thirdparty.io.netty.channel.nio.NioEventLoop.processSelectedKey(NioEventLoop.java:632)
	at org.apache.ratis.thirdparty.io.netty.channel.nio.NioEventLoop.processSelectedKeysOptimized(NioEventLoop.java:579)
	at org.apache.ratis.thirdparty.io.netty.channel.nio.NioEventLoop.processSelectedKeys(NioEventLoop.java:496)
	at org.apache.ratis.thirdparty.io.netty.channel.nio.NioEventLoop.run(NioEventLoop.java:458)
	at org.apache.ratis.thirdparty.io.netty.util.concurrent.SingleThreadEventExecutor$5.run(SingleThreadEventExecutor.java:897)
	at org.apache.ratis.thirdparty.io.netty.util.concurrent.FastThreadLocalRunnable.run(FastThreadLocalRunnable.java:30)
	... 1 more
Caused by: java.net.ConnectException: Connection refused
	... 11 more
2019-10-21 23:47:28,417 [b88b3e43-5534-49b3-b3f2-a9f154b450de@group-2FABE92B7E5B-LeaderElection507] INFO  impl.RaftServerImpl (RaftServerImpl.java:setRole(184)) - b88b3e43-5534-49b3-b3f2-a9f154b450de@group-2FABE92B7E5B: changes role from CANDIDATE to FOLLOWER at term 547 for DISCOVERED_A_NEW_TERM
2019-10-21 23:47:28,417 [b88b3e43-5534-49b3-b3f2-a9f154b450de@group-2FABE92B7E5B-LeaderElection507] INFO  impl.RoleInfo (RoleInfo.java:shutdownLeaderElection(134)) - b88b3e43-5534-49b3-b3f2-a9f154b450de: shutdown LeaderElection
2019-10-21 23:47:28,417 [b88b3e43-5534-49b3-b3f2-a9f154b450de@group-2FABE92B7E5B-LeaderElection507] INFO  impl.RoleInfo (RoleInfo.java:updateAndGet(143)) - b88b3e43-5534-49b3-b3f2-a9f154b450de: start FollowerState
2019-10-21 23:47:28,479 [Thread-3563] INFO  impl.FollowerState (FollowerState.java:run(108)) - b88b3e43-5534-49b3-b3f2-a9f154b450de@group-2FABE92B7E5B-FollowerState: change to CANDIDATE, lastRpcTime:62ms, electionTimeout:62ms
2019-10-21 23:47:28,480 [Thread-3563] INFO  impl.RoleInfo (RoleInfo.java:shutdownFollowerState(121)) - b88b3e43-5534-49b3-b3f2-a9f154b450de: shutdown FollowerState
2019-10-21 23:47:28,480 [Thread-3563] INFO  impl.RaftServerImpl (RaftServerImpl.java:setRole(184)) - b88b3e43-5534-49b3-b3f2-a9f154b450de@group-2FABE92B7E5B: changes role from  FOLLOWER to CANDIDATE at term 547 for changeToCandidate
2019-10-21 23:47:28,480 [Thread-3563] INFO  impl.RoleInfo (RoleInfo.java:updateAndGet(143)) - b88b3e43-5534-49b3-b3f2-a9f154b450de: start LeaderElection
2019-10-21 23:47:28,484 [b88b3e43-5534-49b3-b3f2-a9f154b450de@group-2FABE92B7E5B-LeaderElection508] INFO  impl.LeaderElection (LeaderElection.java:askForVotes(178)) - b88b3e43-5534-49b3-b3f2-a9f154b450de@group-2FABE92B7E5B-LeaderElection508: begin an election at term 548 for -1: [c58a0a02-acd3-47c8-b3e9-5b8e0493de45:192.168.157.254:33611, 1360619e-ba1e-4bf9-aec1-9f15b5480b27:192.168.157.254:45658, b88b3e43-5534-49b3-b3f2-a9f154b450de:192.168.157.254:46786], old=null
2019-10-21 23:47:28,485 [b88b3e43-5534-49b3-b3f2-a9f154b450de@group-2FABE92B7E5B-LeaderElection508] INFO  impl.LeaderElection (LogUtils.java:infoOrTrace(149)) - b88b3e43-5534-49b3-b3f2-a9f154b450de@group-2FABE92B7E5B-LeaderElection508 got exception when requesting votes: {}
java.util.concurrent.ExecutionException: org.apache.ratis.thirdparty.io.grpc.StatusRuntimeException: UNAVAILABLE: io exception
	at java.util.concurrent.FutureTask.report(FutureTask.java:122)
	at java.util.concurrent.FutureTask.get(FutureTask.java:192)
	at org.apache.ratis.server.impl.LeaderElection.waitForResults(LeaderElection.java:259)
	at org.apache.ratis.server.impl.LeaderElection.askForVotes(LeaderElection.java:197)
	at org.apache.ratis.server.impl.LeaderElection.run(LeaderElection.java:133)
	at java.lang.Thread.run(Thread.java:748)
Caused by: org.apache.ratis.thirdparty.io.grpc.StatusRuntimeException: UNAVAILABLE: io exception
	at org.apache.ratis.thirdparty.io.grpc.stub.ClientCalls.toStatusRuntimeException(ClientCalls.java:233)
	at org.apache.ratis.thirdparty.io.grpc.stub.ClientCalls.getUnchecked(ClientCalls.java:214)
	at org.apache.ratis.thirdparty.io.grpc.stub.ClientCalls.blockingUnaryCall(ClientCalls.java:139)
	at org.apache.ratis.proto.grpc.RaftServerProtocolServiceGrpc$RaftServerProtocolServiceBlockingStub.requestVote(RaftServerProtocolServiceGrpc.java:265)
	at org.apache.ratis.grpc.server.GrpcServerProtocolClient.requestVote(GrpcServerProtocolClient.java:99)
	at org.apache.ratis.grpc.server.GrpcService.requestVote(GrpcService.java:204)
	at org.apache.ratis.server.impl.LeaderElection.lambda$submitRequests$1(LeaderElection.java:234)
	at java.util.concurrent.FutureTask.run(FutureTask.java:266)
	at java.util.concurrent.Executors$RunnableAdapter.call(Executors.java:511)
	at java.util.concurrent.FutureTask.run(FutureTask.java:266)
	at java.util.concurrent.ThreadPoolExecutor.runWorker(ThreadPoolExecutor.java:1149)
	at java.util.concurrent.ThreadPoolExecutor$Worker.run(ThreadPoolExecutor.java:624)
	... 1 more
Caused by: org.apache.ratis.thirdparty.io.netty.channel.AbstractChannel$AnnotatedConnectException: Connection refused: /192.168.157.254:33611
	at sun.nio.ch.SocketChannelImpl.checkConnect(Native Method)
	at sun.nio.ch.SocketChannelImpl.finishConnect(SocketChannelImpl.java:717)
	at org.apache.ratis.thirdparty.io.netty.channel.socket.nio.NioSocketChannel.doFinishConnect(NioSocketChannel.java:327)
	at org.apache.ratis.thirdparty.io.netty.channel.nio.AbstractNioChannel$AbstractNioUnsafe.finishConnect(AbstractNioChannel.java:340)
	at org.apache.ratis.thirdparty.io.netty.channel.nio.NioEventLoop.processSelectedKey(NioEventLoop.java:632)
	at org.apache.ratis.thirdparty.io.netty.channel.nio.NioEventLoop.processSelectedKeysOptimized(NioEventLoop.java:579)
	at org.apache.ratis.thirdparty.io.netty.channel.nio.NioEventLoop.processSelectedKeys(NioEventLoop.java:496)
	at org.apache.ratis.thirdparty.io.netty.channel.nio.NioEventLoop.run(NioEventLoop.java:458)
	at org.apache.ratis.thirdparty.io.netty.util.concurrent.SingleThreadEventExecutor$5.run(SingleThreadEventExecutor.java:897)
	at org.apache.ratis.thirdparty.io.netty.util.concurrent.FastThreadLocalRunnable.run(FastThreadLocalRunnable.java:30)
	... 1 more
Caused by: java.net.ConnectException: Connection refused
	... 11 more
2019-10-21 23:47:28,491 [grpc-default-executor-2] INFO  impl.RaftServerImpl (RaftServerImpl.java:setRole(184)) - 1360619e-ba1e-4bf9-aec1-9f15b5480b27@group-2FABE92B7E5B: changes role from  FOLLOWER to FOLLOWER at term 548 for recognizeCandidate:b88b3e43-5534-49b3-b3f2-a9f154b450de
2019-10-21 23:47:28,491 [grpc-default-executor-2] INFO  impl.RoleInfo (RoleInfo.java:shutdownFollowerState(121)) - 1360619e-ba1e-4bf9-aec1-9f15b5480b27: shutdown FollowerState
2019-10-21 23:47:28,491 [grpc-default-executor-2] INFO  impl.RoleInfo (RoleInfo.java:updateAndGet(143)) - 1360619e-ba1e-4bf9-aec1-9f15b5480b27: start FollowerState
2019-10-21 23:47:28,491 [Thread-3562] INFO  impl.FollowerState (FollowerState.java:run(117)) - 1360619e-ba1e-4bf9-aec1-9f15b5480b27@group-2FABE92B7E5B-FollowerState was interrupted: java.lang.InterruptedException: sleep interrupted
2019-10-21 23:47:28,497 [b88b3e43-5534-49b3-b3f2-a9f154b450de@group-2FABE92B7E5B-LeaderElection508] INFO  impl.LeaderElection (LeaderElection.java:logAndReturn(56)) - b88b3e43-5534-49b3-b3f2-a9f154b450de@group-2FABE92B7E5B-LeaderElection508: Election REJECTED; received 1 response(s) [b88b3e43-5534-49b3-b3f2-a9f154b450de<-1360619e-ba1e-4bf9-aec1-9f15b5480b27#0:FAIL-t548] and 1 exception(s); b88b3e43-5534-49b3-b3f2-a9f154b450de@group-2FABE92B7E5B:t548, leader=null, voted=b88b3e43-5534-49b3-b3f2-a9f154b450de, raftlog=b88b3e43-5534-49b3-b3f2-a9f154b450de@group-2FABE92B7E5B-SegmentedRaftLog:OPENED:c-1,f-1,i0, conf=-1: [c58a0a02-acd3-47c8-b3e9-5b8e0493de45:192.168.157.254:33611, 1360619e-ba1e-4bf9-aec1-9f15b5480b27:192.168.157.254:45658, b88b3e43-5534-49b3-b3f2-a9f154b450de:192.168.157.254:46786], old=null
2019-10-21 23:47:28,497 [b88b3e43-5534-49b3-b3f2-a9f154b450de@group-2FABE92B7E5B-LeaderElection508] INFO  impl.LeaderElection (LogUtils.java:infoOrTrace(149)) -   Exception 0: {}
java.util.concurrent.ExecutionException: org.apache.ratis.thirdparty.io.grpc.StatusRuntimeException: UNAVAILABLE: io exception
	at java.util.concurrent.FutureTask.report(FutureTask.java:122)
	at java.util.concurrent.FutureTask.get(FutureTask.java:192)
	at org.apache.ratis.server.impl.LeaderElection.waitForResults(LeaderElection.java:259)
	at org.apache.ratis.server.impl.LeaderElection.askForVotes(LeaderElection.java:197)
	at org.apache.ratis.server.impl.LeaderElection.run(LeaderElection.java:133)
	at java.lang.Thread.run(Thread.java:748)
Caused by: org.apache.ratis.thirdparty.io.grpc.StatusRuntimeException: UNAVAILABLE: io exception
	at org.apache.ratis.thirdparty.io.grpc.stub.ClientCalls.toStatusRuntimeException(ClientCalls.java:233)
	at org.apache.ratis.thirdparty.io.grpc.stub.ClientCalls.getUnchecked(ClientCalls.java:214)
	at org.apache.ratis.thirdparty.io.grpc.stub.ClientCalls.blockingUnaryCall(ClientCalls.java:139)
	at org.apache.ratis.proto.grpc.RaftServerProtocolServiceGrpc$RaftServerProtocolServiceBlockingStub.requestVote(RaftServerProtocolServiceGrpc.java:265)
	at org.apache.ratis.grpc.server.GrpcServerProtocolClient.requestVote(GrpcServerProtocolClient.java:99)
	at org.apache.ratis.grpc.server.GrpcService.requestVote(GrpcService.java:204)
	at org.apache.ratis.server.impl.LeaderElection.lambda$submitRequests$1(LeaderElection.java:234)
	at java.util.concurrent.FutureTask.run(FutureTask.java:266)
	at java.util.concurrent.Executors$RunnableAdapter.call(Executors.java:511)
	at java.util.concurrent.FutureTask.run(FutureTask.java:266)
	at java.util.concurrent.ThreadPoolExecutor.runWorker(ThreadPoolExecutor.java:1149)
	at java.util.concurrent.ThreadPoolExecutor$Worker.run(ThreadPoolExecutor.java:624)
	... 1 more
Caused by: org.apache.ratis.thirdparty.io.netty.channel.AbstractChannel$AnnotatedConnectException: Connection refused: /192.168.157.254:33611
	at sun.nio.ch.SocketChannelImpl.checkConnect(Native Method)
	at sun.nio.ch.SocketChannelImpl.finishConnect(SocketChannelImpl.java:717)
	at org.apache.ratis.thirdparty.io.netty.channel.socket.nio.NioSocketChannel.doFinishConnect(NioSocketChannel.java:327)
	at org.apache.ratis.thirdparty.io.netty.channel.nio.AbstractNioChannel$AbstractNioUnsafe.finishConnect(AbstractNioChannel.java:340)
	at org.apache.ratis.thirdparty.io.netty.channel.nio.NioEventLoop.processSelectedKey(NioEventLoop.java:632)
	at org.apache.ratis.thirdparty.io.netty.channel.nio.NioEventLoop.processSelectedKeysOptimized(NioEventLoop.java:579)
	at org.apache.ratis.thirdparty.io.netty.channel.nio.NioEventLoop.processSelectedKeys(NioEventLoop.java:496)
	at org.apache.ratis.thirdparty.io.netty.channel.nio.NioEventLoop.run(NioEventLoop.java:458)
	at org.apache.ratis.thirdparty.io.netty.util.concurrent.SingleThreadEventExecutor$5.run(SingleThreadEventExecutor.java:897)
	at org.apache.ratis.thirdparty.io.netty.util.concurrent.FastThreadLocalRunnable.run(FastThreadLocalRunnable.java:30)
	... 1 more
Caused by: java.net.ConnectException: Connection refused
	... 11 more
2019-10-21 23:47:28,497 [b88b3e43-5534-49b3-b3f2-a9f154b450de@group-2FABE92B7E5B-LeaderElection508] INFO  impl.RaftServerImpl (RaftServerImpl.java:setRole(184)) - b88b3e43-5534-49b3-b3f2-a9f154b450de@group-2FABE92B7E5B: changes role from CANDIDATE to FOLLOWER at term 548 for DISCOVERED_A_NEW_TERM
2019-10-21 23:47:28,497 [b88b3e43-5534-49b3-b3f2-a9f154b450de@group-2FABE92B7E5B-LeaderElection508] INFO  impl.RoleInfo (RoleInfo.java:shutdownLeaderElection(134)) - b88b3e43-5534-49b3-b3f2-a9f154b450de: shutdown LeaderElection
2019-10-21 23:47:28,497 [b88b3e43-5534-49b3-b3f2-a9f154b450de@group-2FABE92B7E5B-LeaderElection508] INFO  impl.RoleInfo (RoleInfo.java:updateAndGet(143)) - b88b3e43-5534-49b3-b3f2-a9f154b450de: start FollowerState
2019-10-21 23:47:28,688 [Thread-3568] INFO  impl.FollowerState (FollowerState.java:run(108)) - b88b3e43-5534-49b3-b3f2-a9f154b450de@group-2FABE92B7E5B-FollowerState: change to CANDIDATE, lastRpcTime:190ms, electionTimeout:190ms
2019-10-21 23:47:28,688 [Thread-3568] INFO  impl.RoleInfo (RoleInfo.java:shutdownFollowerState(121)) - b88b3e43-5534-49b3-b3f2-a9f154b450de: shutdown FollowerState
2019-10-21 23:47:28,688 [Thread-3568] INFO  impl.RaftServerImpl (RaftServerImpl.java:setRole(184)) - b88b3e43-5534-49b3-b3f2-a9f154b450de@group-2FABE92B7E5B: changes role from  FOLLOWER to CANDIDATE at term 548 for changeToCandidate
2019-10-21 23:47:28,688 [Thread-3568] INFO  impl.RoleInfo (RoleInfo.java:updateAndGet(143)) - b88b3e43-5534-49b3-b3f2-a9f154b450de: start LeaderElection
2019-10-21 23:47:28,704 [b88b3e43-5534-49b3-b3f2-a9f154b450de@group-2FABE92B7E5B-LeaderElection509] INFO  impl.LeaderElection (LeaderElection.java:askForVotes(178)) - b88b3e43-5534-49b3-b3f2-a9f154b450de@group-2FABE92B7E5B-LeaderElection509: begin an election at term 549 for -1: [c58a0a02-acd3-47c8-b3e9-5b8e0493de45:192.168.157.254:33611, 1360619e-ba1e-4bf9-aec1-9f15b5480b27:192.168.157.254:45658, b88b3e43-5534-49b3-b3f2-a9f154b450de:192.168.157.254:46786], old=null
2019-10-21 23:47:28,705 [b88b3e43-5534-49b3-b3f2-a9f154b450de@group-2FABE92B7E5B-LeaderElection509] INFO  impl.LeaderElection (LogUtils.java:infoOrTrace(149)) - b88b3e43-5534-49b3-b3f2-a9f154b450de@group-2FABE92B7E5B-LeaderElection509 got exception when requesting votes: {}
java.util.concurrent.ExecutionException: org.apache.ratis.thirdparty.io.grpc.StatusRuntimeException: UNAVAILABLE: io exception
	at java.util.concurrent.FutureTask.report(FutureTask.java:122)
	at java.util.concurrent.FutureTask.get(FutureTask.java:192)
	at org.apache.ratis.server.impl.LeaderElection.waitForResults(LeaderElection.java:259)
	at org.apache.ratis.server.impl.LeaderElection.askForVotes(LeaderElection.java:197)
	at org.apache.ratis.server.impl.LeaderElection.run(LeaderElection.java:133)
	at java.lang.Thread.run(Thread.java:748)
Caused by: org.apache.ratis.thirdparty.io.grpc.StatusRuntimeException: UNAVAILABLE: io exception
	at org.apache.ratis.thirdparty.io.grpc.stub.ClientCalls.toStatusRuntimeException(ClientCalls.java:233)
	at org.apache.ratis.thirdparty.io.grpc.stub.ClientCalls.getUnchecked(ClientCalls.java:214)
	at org.apache.ratis.thirdparty.io.grpc.stub.ClientCalls.blockingUnaryCall(ClientCalls.java:139)
	at org.apache.ratis.proto.grpc.RaftServerProtocolServiceGrpc$RaftServerProtocolServiceBlockingStub.requestVote(RaftServerProtocolServiceGrpc.java:265)
	at org.apache.ratis.grpc.server.GrpcServerProtocolClient.requestVote(GrpcServerProtocolClient.java:99)
	at org.apache.ratis.grpc.server.GrpcService.requestVote(GrpcService.java:204)
	at org.apache.ratis.server.impl.LeaderElection.lambda$submitRequests$1(LeaderElection.java:234)
	at java.util.concurrent.FutureTask.run(FutureTask.java:266)
	at java.util.concurrent.Executors$RunnableAdapter.call(Executors.java:511)
	at java.util.concurrent.FutureTask.run(FutureTask.java:266)
	at java.util.concurrent.ThreadPoolExecutor.runWorker(ThreadPoolExecutor.java:1149)
	at java.util.concurrent.ThreadPoolExecutor$Worker.run(ThreadPoolExecutor.java:624)
	... 1 more
Caused by: org.apache.ratis.thirdparty.io.netty.channel.AbstractChannel$AnnotatedConnectException: Connection refused: /192.168.157.254:33611
	at sun.nio.ch.SocketChannelImpl.checkConnect(Native Method)
	at sun.nio.ch.SocketChannelImpl.finishConnect(SocketChannelImpl.java:717)
	at org.apache.ratis.thirdparty.io.netty.channel.socket.nio.NioSocketChannel.doFinishConnect(NioSocketChannel.java:327)
	at org.apache.ratis.thirdparty.io.netty.channel.nio.AbstractNioChannel$AbstractNioUnsafe.finishConnect(AbstractNioChannel.java:340)
	at org.apache.ratis.thirdparty.io.netty.channel.nio.NioEventLoop.processSelectedKey(NioEventLoop.java:632)
	at org.apache.ratis.thirdparty.io.netty.channel.nio.NioEventLoop.processSelectedKeysOptimized(NioEventLoop.java:579)
	at org.apache.ratis.thirdparty.io.netty.channel.nio.NioEventLoop.processSelectedKeys(NioEventLoop.java:496)
	at org.apache.ratis.thirdparty.io.netty.channel.nio.NioEventLoop.run(NioEventLoop.java:458)
	at org.apache.ratis.thirdparty.io.netty.util.concurrent.SingleThreadEventExecutor$5.run(SingleThreadEventExecutor.java:897)
	at org.apache.ratis.thirdparty.io.netty.util.concurrent.FastThreadLocalRunnable.run(FastThreadLocalRunnable.java:30)
	... 1 more
Caused by: java.net.ConnectException: Connection refused
	... 11 more
2019-10-21 23:47:28,708 [grpc-default-executor-2] INFO  impl.RaftServerImpl (RaftServerImpl.java:setRole(184)) - 1360619e-ba1e-4bf9-aec1-9f15b5480b27@group-2FABE92B7E5B: changes role from  FOLLOWER to FOLLOWER at term 549 for recognizeCandidate:b88b3e43-5534-49b3-b3f2-a9f154b450de
2019-10-21 23:47:28,708 [grpc-default-executor-2] INFO  impl.RoleInfo (RoleInfo.java:shutdownFollowerState(121)) - 1360619e-ba1e-4bf9-aec1-9f15b5480b27: shutdown FollowerState
2019-10-21 23:47:28,708 [grpc-default-executor-2] INFO  impl.RoleInfo (RoleInfo.java:updateAndGet(143)) - 1360619e-ba1e-4bf9-aec1-9f15b5480b27: start FollowerState
2019-10-21 23:47:28,708 [Thread-3567] INFO  impl.FollowerState (FollowerState.java:run(117)) - 1360619e-ba1e-4bf9-aec1-9f15b5480b27@group-2FABE92B7E5B-FollowerState was interrupted: java.lang.InterruptedException: sleep interrupted
2019-10-21 23:47:28,722 [b88b3e43-5534-49b3-b3f2-a9f154b450de@group-2FABE92B7E5B-LeaderElection509] INFO  impl.LeaderElection (LeaderElection.java:logAndReturn(56)) - b88b3e43-5534-49b3-b3f2-a9f154b450de@group-2FABE92B7E5B-LeaderElection509: Election REJECTED; received 1 response(s) [b88b3e43-5534-49b3-b3f2-a9f154b450de<-1360619e-ba1e-4bf9-aec1-9f15b5480b27#0:FAIL-t549] and 1 exception(s); b88b3e43-5534-49b3-b3f2-a9f154b450de@group-2FABE92B7E5B:t549, leader=null, voted=b88b3e43-5534-49b3-b3f2-a9f154b450de, raftlog=b88b3e43-5534-49b3-b3f2-a9f154b450de@group-2FABE92B7E5B-SegmentedRaftLog:OPENED:c-1,f-1,i0, conf=-1: [c58a0a02-acd3-47c8-b3e9-5b8e0493de45:192.168.157.254:33611, 1360619e-ba1e-4bf9-aec1-9f15b5480b27:192.168.157.254:45658, b88b3e43-5534-49b3-b3f2-a9f154b450de:192.168.157.254:46786], old=null
2019-10-21 23:47:28,722 [b88b3e43-5534-49b3-b3f2-a9f154b450de@group-2FABE92B7E5B-LeaderElection509] INFO  impl.LeaderElection (LogUtils.java:infoOrTrace(149)) -   Exception 0: {}
java.util.concurrent.ExecutionException: org.apache.ratis.thirdparty.io.grpc.StatusRuntimeException: UNAVAILABLE: io exception
	at java.util.concurrent.FutureTask.report(FutureTask.java:122)
	at java.util.concurrent.FutureTask.get(FutureTask.java:192)
	at org.apache.ratis.server.impl.LeaderElection.waitForResults(LeaderElection.java:259)
	at org.apache.ratis.server.impl.LeaderElection.askForVotes(LeaderElection.java:197)
	at org.apache.ratis.server.impl.LeaderElection.run(LeaderElection.java:133)
	at java.lang.Thread.run(Thread.java:748)
Caused by: org.apache.ratis.thirdparty.io.grpc.StatusRuntimeException: UNAVAILABLE: io exception
	at org.apache.ratis.thirdparty.io.grpc.stub.ClientCalls.toStatusRuntimeException(ClientCalls.java:233)
	at org.apache.ratis.thirdparty.io.grpc.stub.ClientCalls.getUnchecked(ClientCalls.java:214)
	at org.apache.ratis.thirdparty.io.grpc.stub.ClientCalls.blockingUnaryCall(ClientCalls.java:139)
	at org.apache.ratis.proto.grpc.RaftServerProtocolServiceGrpc$RaftServerProtocolServiceBlockingStub.requestVote(RaftServerProtocolServiceGrpc.java:265)
	at org.apache.ratis.grpc.server.GrpcServerProtocolClient.requestVote(GrpcServerProtocolClient.java:99)
	at org.apache.ratis.grpc.server.GrpcService.requestVote(GrpcService.java:204)
	at org.apache.ratis.server.impl.LeaderElection.lambda$submitRequests$1(LeaderElection.java:234)
	at java.util.concurrent.FutureTask.run(FutureTask.java:266)
	at java.util.concurrent.Executors$RunnableAdapter.call(Executors.java:511)
	at java.util.concurrent.FutureTask.run(FutureTask.java:266)
	at java.util.concurrent.ThreadPoolExecutor.runWorker(ThreadPoolExecutor.java:1149)
	at java.util.concurrent.ThreadPoolExecutor$Worker.run(ThreadPoolExecutor.java:624)
	... 1 more
Caused by: org.apache.ratis.thirdparty.io.netty.channel.AbstractChannel$AnnotatedConnectException: Connection refused: /192.168.157.254:33611
	at sun.nio.ch.SocketChannelImpl.checkConnect(Native Method)
	at sun.nio.ch.SocketChannelImpl.finishConnect(SocketChannelImpl.java:717)
	at org.apache.ratis.thirdparty.io.netty.channel.socket.nio.NioSocketChannel.doFinishConnect(NioSocketChannel.java:327)
	at org.apache.ratis.thirdparty.io.netty.channel.nio.AbstractNioChannel$AbstractNioUnsafe.finishConnect(AbstractNioChannel.java:340)
	at org.apache.ratis.thirdparty.io.netty.channel.nio.NioEventLoop.processSelectedKey(NioEventLoop.java:632)
	at org.apache.ratis.thirdparty.io.netty.channel.nio.NioEventLoop.processSelectedKeysOptimized(NioEventLoop.java:579)
	at org.apache.ratis.thirdparty.io.netty.channel.nio.NioEventLoop.processSelectedKeys(NioEventLoop.java:496)
	at org.apache.ratis.thirdparty.io.netty.channel.nio.NioEventLoop.run(NioEventLoop.java:458)
	at org.apache.ratis.thirdparty.io.netty.util.concurrent.SingleThreadEventExecutor$5.run(SingleThreadEventExecutor.java:897)
	at org.apache.ratis.thirdparty.io.netty.util.concurrent.FastThreadLocalRunnable.run(FastThreadLocalRunnable.java:30)
	... 1 more
Caused by: java.net.ConnectException: Connection refused
	... 11 more
2019-10-21 23:47:28,723 [b88b3e43-5534-49b3-b3f2-a9f154b450de@group-2FABE92B7E5B-LeaderElection509] INFO  impl.RaftServerImpl (RaftServerImpl.java:setRole(184)) - b88b3e43-5534-49b3-b3f2-a9f154b450de@group-2FABE92B7E5B: changes role from CANDIDATE to FOLLOWER at term 549 for DISCOVERED_A_NEW_TERM
2019-10-21 23:47:28,723 [b88b3e43-5534-49b3-b3f2-a9f154b450de@group-2FABE92B7E5B-LeaderElection509] INFO  impl.RoleInfo (RoleInfo.java:shutdownLeaderElection(134)) - b88b3e43-5534-49b3-b3f2-a9f154b450de: shutdown LeaderElection
2019-10-21 23:47:28,723 [b88b3e43-5534-49b3-b3f2-a9f154b450de@group-2FABE92B7E5B-LeaderElection509] INFO  impl.RoleInfo (RoleInfo.java:updateAndGet(143)) - b88b3e43-5534-49b3-b3f2-a9f154b450de: start FollowerState
2019-10-21 23:47:28,912 [Thread-3575] INFO  impl.FollowerState (FollowerState.java:run(108)) - b88b3e43-5534-49b3-b3f2-a9f154b450de@group-2FABE92B7E5B-FollowerState: change to CANDIDATE, lastRpcTime:189ms, electionTimeout:189ms
2019-10-21 23:47:28,913 [Thread-3575] INFO  impl.RoleInfo (RoleInfo.java:shutdownFollowerState(121)) - b88b3e43-5534-49b3-b3f2-a9f154b450de: shutdown FollowerState
2019-10-21 23:47:28,913 [Thread-3575] INFO  impl.RaftServerImpl (RaftServerImpl.java:setRole(184)) - b88b3e43-5534-49b3-b3f2-a9f154b450de@group-2FABE92B7E5B: changes role from  FOLLOWER to CANDIDATE at term 549 for changeToCandidate
2019-10-21 23:47:28,913 [Thread-3575] INFO  impl.RoleInfo (RoleInfo.java:updateAndGet(143)) - b88b3e43-5534-49b3-b3f2-a9f154b450de: start LeaderElection
2019-10-21 23:47:28,928 [b88b3e43-5534-49b3-b3f2-a9f154b450de@group-2FABE92B7E5B-LeaderElection510] INFO  impl.LeaderElection (LeaderElection.java:askForVotes(178)) - b88b3e43-5534-49b3-b3f2-a9f154b450de@group-2FABE92B7E5B-LeaderElection510: begin an election at term 550 for -1: [c58a0a02-acd3-47c8-b3e9-5b8e0493de45:192.168.157.254:33611, 1360619e-ba1e-4bf9-aec1-9f15b5480b27:192.168.157.254:45658, b88b3e43-5534-49b3-b3f2-a9f154b450de:192.168.157.254:46786], old=null
2019-10-21 23:47:28,929 [b88b3e43-5534-49b3-b3f2-a9f154b450de@group-2FABE92B7E5B-LeaderElection510] INFO  impl.LeaderElection (LogUtils.java:infoOrTrace(149)) - b88b3e43-5534-49b3-b3f2-a9f154b450de@group-2FABE92B7E5B-LeaderElection510 got exception when requesting votes: {}
java.util.concurrent.ExecutionException: org.apache.ratis.thirdparty.io.grpc.StatusRuntimeException: UNAVAILABLE: io exception
	at java.util.concurrent.FutureTask.report(FutureTask.java:122)
	at java.util.concurrent.FutureTask.get(FutureTask.java:192)
	at org.apache.ratis.server.impl.LeaderElection.waitForResults(LeaderElection.java:259)
	at org.apache.ratis.server.impl.LeaderElection.askForVotes(LeaderElection.java:197)
	at org.apache.ratis.server.impl.LeaderElection.run(LeaderElection.java:133)
	at java.lang.Thread.run(Thread.java:748)
Caused by: org.apache.ratis.thirdparty.io.grpc.StatusRuntimeException: UNAVAILABLE: io exception
	at org.apache.ratis.thirdparty.io.grpc.stub.ClientCalls.toStatusRuntimeException(ClientCalls.java:233)
	at org.apache.ratis.thirdparty.io.grpc.stub.ClientCalls.getUnchecked(ClientCalls.java:214)
	at org.apache.ratis.thirdparty.io.grpc.stub.ClientCalls.blockingUnaryCall(ClientCalls.java:139)
	at org.apache.ratis.proto.grpc.RaftServerProtocolServiceGrpc$RaftServerProtocolServiceBlockingStub.requestVote(RaftServerProtocolServiceGrpc.java:265)
	at org.apache.ratis.grpc.server.GrpcServerProtocolClient.requestVote(GrpcServerProtocolClient.java:99)
	at org.apache.ratis.grpc.server.GrpcService.requestVote(GrpcService.java:204)
	at org.apache.ratis.server.impl.LeaderElection.lambda$submitRequests$1(LeaderElection.java:234)
	at java.util.concurrent.FutureTask.run(FutureTask.java:266)
	at java.util.concurrent.Executors$RunnableAdapter.call(Executors.java:511)
	at java.util.concurrent.FutureTask.run(FutureTask.java:266)
	at java.util.concurrent.ThreadPoolExecutor.runWorker(ThreadPoolExecutor.java:1149)
	at java.util.concurrent.ThreadPoolExecutor$Worker.run(ThreadPoolExecutor.java:624)
	... 1 more
Caused by: org.apache.ratis.thirdparty.io.netty.channel.AbstractChannel$AnnotatedConnectException: Connection refused: /192.168.157.254:33611
	at sun.nio.ch.SocketChannelImpl.checkConnect(Native Method)
	at sun.nio.ch.SocketChannelImpl.finishConnect(SocketChannelImpl.java:717)
	at org.apache.ratis.thirdparty.io.netty.channel.socket.nio.NioSocketChannel.doFinishConnect(NioSocketChannel.java:327)
	at org.apache.ratis.thirdparty.io.netty.channel.nio.AbstractNioChannel$AbstractNioUnsafe.finishConnect(AbstractNioChannel.java:340)
	at org.apache.ratis.thirdparty.io.netty.channel.nio.NioEventLoop.processSelectedKey(NioEventLoop.java:632)
	at org.apache.ratis.thirdparty.io.netty.channel.nio.NioEventLoop.processSelectedKeysOptimized(NioEventLoop.java:579)
	at org.apache.ratis.thirdparty.io.netty.channel.nio.NioEventLoop.processSelectedKeys(NioEventLoop.java:496)
	at org.apache.ratis.thirdparty.io.netty.channel.nio.NioEventLoop.run(NioEventLoop.java:458)
	at org.apache.ratis.thirdparty.io.netty.util.concurrent.SingleThreadEventExecutor$5.run(SingleThreadEventExecutor.java:897)
	at org.apache.ratis.thirdparty.io.netty.util.concurrent.FastThreadLocalRunnable.run(FastThreadLocalRunnable.java:30)
	... 1 more
Caused by: java.net.ConnectException: Connection refused
	... 11 more
2019-10-21 23:47:28,930 [grpc-default-executor-2] INFO  impl.RaftServerImpl (RaftServerImpl.java:setRole(184)) - 1360619e-ba1e-4bf9-aec1-9f15b5480b27@group-2FABE92B7E5B: changes role from  FOLLOWER to FOLLOWER at term 550 for recognizeCandidate:b88b3e43-5534-49b3-b3f2-a9f154b450de
2019-10-21 23:47:28,931 [grpc-default-executor-2] INFO  impl.RoleInfo (RoleInfo.java:shutdownFollowerState(121)) - 1360619e-ba1e-4bf9-aec1-9f15b5480b27: shutdown FollowerState
2019-10-21 23:47:28,931 [grpc-default-executor-2] INFO  impl.RoleInfo (RoleInfo.java:updateAndGet(143)) - 1360619e-ba1e-4bf9-aec1-9f15b5480b27: start FollowerState
2019-10-21 23:47:28,931 [Thread-3574] INFO  impl.FollowerState (FollowerState.java:run(117)) - 1360619e-ba1e-4bf9-aec1-9f15b5480b27@group-2FABE92B7E5B-FollowerState was interrupted: java.lang.InterruptedException: sleep interrupted
2019-10-21 23:47:28,939 [b88b3e43-5534-49b3-b3f2-a9f154b450de@group-2FABE92B7E5B-LeaderElection510] INFO  impl.LeaderElection (LeaderElection.java:logAndReturn(56)) - b88b3e43-5534-49b3-b3f2-a9f154b450de@group-2FABE92B7E5B-LeaderElection510: Election REJECTED; received 1 response(s) [b88b3e43-5534-49b3-b3f2-a9f154b450de<-1360619e-ba1e-4bf9-aec1-9f15b5480b27#0:FAIL-t550] and 1 exception(s); b88b3e43-5534-49b3-b3f2-a9f154b450de@group-2FABE92B7E5B:t550, leader=null, voted=b88b3e43-5534-49b3-b3f2-a9f154b450de, raftlog=b88b3e43-5534-49b3-b3f2-a9f154b450de@group-2FABE92B7E5B-SegmentedRaftLog:OPENED:c-1,f-1,i0, conf=-1: [c58a0a02-acd3-47c8-b3e9-5b8e0493de45:192.168.157.254:33611, 1360619e-ba1e-4bf9-aec1-9f15b5480b27:192.168.157.254:45658, b88b3e43-5534-49b3-b3f2-a9f154b450de:192.168.157.254:46786], old=null
2019-10-21 23:47:28,939 [b88b3e43-5534-49b3-b3f2-a9f154b450de@group-2FABE92B7E5B-LeaderElection510] INFO  impl.LeaderElection (LogUtils.java:infoOrTrace(149)) -   Exception 0: {}
java.util.concurrent.ExecutionException: org.apache.ratis.thirdparty.io.grpc.StatusRuntimeException: UNAVAILABLE: io exception
	at java.util.concurrent.FutureTask.report(FutureTask.java:122)
	at java.util.concurrent.FutureTask.get(FutureTask.java:192)
	at org.apache.ratis.server.impl.LeaderElection.waitForResults(LeaderElection.java:259)
	at org.apache.ratis.server.impl.LeaderElection.askForVotes(LeaderElection.java:197)
	at org.apache.ratis.server.impl.LeaderElection.run(LeaderElection.java:133)
	at java.lang.Thread.run(Thread.java:748)
Caused by: org.apache.ratis.thirdparty.io.grpc.StatusRuntimeException: UNAVAILABLE: io exception
	at org.apache.ratis.thirdparty.io.grpc.stub.ClientCalls.toStatusRuntimeException(ClientCalls.java:233)
	at org.apache.ratis.thirdparty.io.grpc.stub.ClientCalls.getUnchecked(ClientCalls.java:214)
	at org.apache.ratis.thirdparty.io.grpc.stub.ClientCalls.blockingUnaryCall(ClientCalls.java:139)
	at org.apache.ratis.proto.grpc.RaftServerProtocolServiceGrpc$RaftServerProtocolServiceBlockingStub.requestVote(RaftServerProtocolServiceGrpc.java:265)
	at org.apache.ratis.grpc.server.GrpcServerProtocolClient.requestVote(GrpcServerProtocolClient.java:99)
	at org.apache.ratis.grpc.server.GrpcService.requestVote(GrpcService.java:204)
	at org.apache.ratis.server.impl.LeaderElection.lambda$submitRequests$1(LeaderElection.java:234)
	at java.util.concurrent.FutureTask.run(FutureTask.java:266)
	at java.util.concurrent.Executors$RunnableAdapter.call(Executors.java:511)
	at java.util.concurrent.FutureTask.run(FutureTask.java:266)
	at java.util.concurrent.ThreadPoolExecutor.runWorker(ThreadPoolExecutor.java:1149)
	at java.util.concurrent.ThreadPoolExecutor$Worker.run(ThreadPoolExecutor.java:624)
	... 1 more
Caused by: org.apache.ratis.thirdparty.io.netty.channel.AbstractChannel$AnnotatedConnectException: Connection refused: /192.168.157.254:33611
	at sun.nio.ch.SocketChannelImpl.checkConnect(Native Method)
	at sun.nio.ch.SocketChannelImpl.finishConnect(SocketChannelImpl.java:717)
	at org.apache.ratis.thirdparty.io.netty.channel.socket.nio.NioSocketChannel.doFinishConnect(NioSocketChannel.java:327)
	at org.apache.ratis.thirdparty.io.netty.channel.nio.AbstractNioChannel$AbstractNioUnsafe.finishConnect(AbstractNioChannel.java:340)
	at org.apache.ratis.thirdparty.io.netty.channel.nio.NioEventLoop.processSelectedKey(NioEventLoop.java:632)
	at org.apache.ratis.thirdparty.io.netty.channel.nio.NioEventLoop.processSelectedKeysOptimized(NioEventLoop.java:579)
	at org.apache.ratis.thirdparty.io.netty.channel.nio.NioEventLoop.processSelectedKeys(NioEventLoop.java:496)
	at org.apache.ratis.thirdparty.io.netty.channel.nio.NioEventLoop.run(NioEventLoop.java:458)
	at org.apache.ratis.thirdparty.io.netty.util.concurrent.SingleThreadEventExecutor$5.run(SingleThreadEventExecutor.java:897)
	at org.apache.ratis.thirdparty.io.netty.util.concurrent.FastThreadLocalRunnable.run(FastThreadLocalRunnable.java:30)
	... 1 more
Caused by: java.net.ConnectException: Connection refused
	... 11 more
2019-10-21 23:47:28,939 [b88b3e43-5534-49b3-b3f2-a9f154b450de@group-2FABE92B7E5B-LeaderElection510] INFO  impl.RaftServerImpl (RaftServerImpl.java:setRole(184)) - b88b3e43-5534-49b3-b3f2-a9f154b450de@group-2FABE92B7E5B: changes role from CANDIDATE to FOLLOWER at term 550 for DISCOVERED_A_NEW_TERM
2019-10-21 23:47:28,939 [b88b3e43-5534-49b3-b3f2-a9f154b450de@group-2FABE92B7E5B-LeaderElection510] INFO  impl.RoleInfo (RoleInfo.java:shutdownLeaderElection(134)) - b88b3e43-5534-49b3-b3f2-a9f154b450de: shutdown LeaderElection
2019-10-21 23:47:28,940 [b88b3e43-5534-49b3-b3f2-a9f154b450de@group-2FABE92B7E5B-LeaderElection510] INFO  impl.RoleInfo (RoleInfo.java:updateAndGet(143)) - b88b3e43-5534-49b3-b3f2-a9f154b450de: start FollowerState
2019-10-21 23:47:29,111 [Thread-3580] INFO  impl.FollowerState (FollowerState.java:run(108)) - b88b3e43-5534-49b3-b3f2-a9f154b450de@group-2FABE92B7E5B-FollowerState: change to CANDIDATE, lastRpcTime:171ms, electionTimeout:171ms
2019-10-21 23:47:29,111 [Thread-3580] INFO  impl.RoleInfo (RoleInfo.java:shutdownFollowerState(121)) - b88b3e43-5534-49b3-b3f2-a9f154b450de: shutdown FollowerState
2019-10-21 23:47:29,111 [Thread-3580] INFO  impl.RaftServerImpl (RaftServerImpl.java:setRole(184)) - b88b3e43-5534-49b3-b3f2-a9f154b450de@group-2FABE92B7E5B: changes role from  FOLLOWER to CANDIDATE at term 550 for changeToCandidate
2019-10-21 23:47:29,111 [Thread-3580] INFO  impl.RoleInfo (RoleInfo.java:updateAndGet(143)) - b88b3e43-5534-49b3-b3f2-a9f154b450de: start LeaderElection
2019-10-21 23:47:29,125 [b88b3e43-5534-49b3-b3f2-a9f154b450de@group-2FABE92B7E5B-LeaderElection511] INFO  impl.LeaderElection (LeaderElection.java:askForVotes(178)) - b88b3e43-5534-49b3-b3f2-a9f154b450de@group-2FABE92B7E5B-LeaderElection511: begin an election at term 551 for -1: [c58a0a02-acd3-47c8-b3e9-5b8e0493de45:192.168.157.254:33611, 1360619e-ba1e-4bf9-aec1-9f15b5480b27:192.168.157.254:45658, b88b3e43-5534-49b3-b3f2-a9f154b450de:192.168.157.254:46786], old=null
2019-10-21 23:47:29,126 [b88b3e43-5534-49b3-b3f2-a9f154b450de@group-2FABE92B7E5B-LeaderElection511] INFO  impl.LeaderElection (LogUtils.java:infoOrTrace(149)) - b88b3e43-5534-49b3-b3f2-a9f154b450de@group-2FABE92B7E5B-LeaderElection511 got exception when requesting votes: {}
java.util.concurrent.ExecutionException: org.apache.ratis.thirdparty.io.grpc.StatusRuntimeException: UNAVAILABLE: io exception
	at java.util.concurrent.FutureTask.report(FutureTask.java:122)
	at java.util.concurrent.FutureTask.get(FutureTask.java:192)
	at org.apache.ratis.server.impl.LeaderElection.waitForResults(LeaderElection.java:259)
	at org.apache.ratis.server.impl.LeaderElection.askForVotes(LeaderElection.java:197)
	at org.apache.ratis.server.impl.LeaderElection.run(LeaderElection.java:133)
	at java.lang.Thread.run(Thread.java:748)
Caused by: org.apache.ratis.thirdparty.io.grpc.StatusRuntimeException: UNAVAILABLE: io exception
	at org.apache.ratis.thirdparty.io.grpc.stub.ClientCalls.toStatusRuntimeException(ClientCalls.java:233)
	at org.apache.ratis.thirdparty.io.grpc.stub.ClientCalls.getUnchecked(ClientCalls.java:214)
	at org.apache.ratis.thirdparty.io.grpc.stub.ClientCalls.blockingUnaryCall(ClientCalls.java:139)
	at org.apache.ratis.proto.grpc.RaftServerProtocolServiceGrpc$RaftServerProtocolServiceBlockingStub.requestVote(RaftServerProtocolServiceGrpc.java:265)
	at org.apache.ratis.grpc.server.GrpcServerProtocolClient.requestVote(GrpcServerProtocolClient.java:99)
	at org.apache.ratis.grpc.server.GrpcService.requestVote(GrpcService.java:204)
	at org.apache.ratis.server.impl.LeaderElection.lambda$submitRequests$1(LeaderElection.java:234)
	at java.util.concurrent.FutureTask.run(FutureTask.java:266)
	at java.util.concurrent.Executors$RunnableAdapter.call(Executors.java:511)
	at java.util.concurrent.FutureTask.run(FutureTask.java:266)
	at java.util.concurrent.ThreadPoolExecutor.runWorker(ThreadPoolExecutor.java:1149)
	at java.util.concurrent.ThreadPoolExecutor$Worker.run(ThreadPoolExecutor.java:624)
	... 1 more
Caused by: org.apache.ratis.thirdparty.io.netty.channel.AbstractChannel$AnnotatedConnectException: Connection refused: /192.168.157.254:33611
	at sun.nio.ch.SocketChannelImpl.checkConnect(Native Method)
	at sun.nio.ch.SocketChannelImpl.finishConnect(SocketChannelImpl.java:717)
	at org.apache.ratis.thirdparty.io.netty.channel.socket.nio.NioSocketChannel.doFinishConnect(NioSocketChannel.java:327)
	at org.apache.ratis.thirdparty.io.netty.channel.nio.AbstractNioChannel$AbstractNioUnsafe.finishConnect(AbstractNioChannel.java:340)
	at org.apache.ratis.thirdparty.io.netty.channel.nio.NioEventLoop.processSelectedKey(NioEventLoop.java:632)
	at org.apache.ratis.thirdparty.io.netty.channel.nio.NioEventLoop.processSelectedKeysOptimized(NioEventLoop.java:579)
	at org.apache.ratis.thirdparty.io.netty.channel.nio.NioEventLoop.processSelectedKeys(NioEventLoop.java:496)
	at org.apache.ratis.thirdparty.io.netty.channel.nio.NioEventLoop.run(NioEventLoop.java:458)
	at org.apache.ratis.thirdparty.io.netty.util.concurrent.SingleThreadEventExecutor$5.run(SingleThreadEventExecutor.java:897)
	at org.apache.ratis.thirdparty.io.netty.util.concurrent.FastThreadLocalRunnable.run(FastThreadLocalRunnable.java:30)
	... 1 more
Caused by: java.net.ConnectException: Connection refused
	... 11 more
2019-10-21 23:47:29,128 [grpc-default-executor-2] INFO  impl.RaftServerImpl (RaftServerImpl.java:setRole(184)) - 1360619e-ba1e-4bf9-aec1-9f15b5480b27@group-2FABE92B7E5B: changes role from  FOLLOWER to FOLLOWER at term 551 for recognizeCandidate:b88b3e43-5534-49b3-b3f2-a9f154b450de
2019-10-21 23:47:29,128 [grpc-default-executor-2] INFO  impl.RoleInfo (RoleInfo.java:shutdownFollowerState(121)) - 1360619e-ba1e-4bf9-aec1-9f15b5480b27: shutdown FollowerState
2019-10-21 23:47:29,128 [grpc-default-executor-2] INFO  impl.RoleInfo (RoleInfo.java:updateAndGet(143)) - 1360619e-ba1e-4bf9-aec1-9f15b5480b27: start FollowerState
2019-10-21 23:47:29,128 [Thread-3579] INFO  impl.FollowerState (FollowerState.java:run(117)) - 1360619e-ba1e-4bf9-aec1-9f15b5480b27@group-2FABE92B7E5B-FollowerState was interrupted: java.lang.InterruptedException: sleep interrupted
2019-10-21 23:47:29,141 [b88b3e43-5534-49b3-b3f2-a9f154b450de@group-2FABE92B7E5B-LeaderElection511] INFO  impl.LeaderElection (LeaderElection.java:logAndReturn(56)) - b88b3e43-5534-49b3-b3f2-a9f154b450de@group-2FABE92B7E5B-LeaderElection511: Election REJECTED; received 1 response(s) [b88b3e43-5534-49b3-b3f2-a9f154b450de<-1360619e-ba1e-4bf9-aec1-9f15b5480b27#0:FAIL-t551] and 1 exception(s); b88b3e43-5534-49b3-b3f2-a9f154b450de@group-2FABE92B7E5B:t551, leader=null, voted=b88b3e43-5534-49b3-b3f2-a9f154b450de, raftlog=b88b3e43-5534-49b3-b3f2-a9f154b450de@group-2FABE92B7E5B-SegmentedRaftLog:OPENED:c-1,f-1,i0, conf=-1: [c58a0a02-acd3-47c8-b3e9-5b8e0493de45:192.168.157.254:33611, 1360619e-ba1e-4bf9-aec1-9f15b5480b27:192.168.157.254:45658, b88b3e43-5534-49b3-b3f2-a9f154b450de:192.168.157.254:46786], old=null
2019-10-21 23:47:29,141 [b88b3e43-5534-49b3-b3f2-a9f154b450de@group-2FABE92B7E5B-LeaderElection511] INFO  impl.LeaderElection (LogUtils.java:infoOrTrace(149)) -   Exception 0: {}
java.util.concurrent.ExecutionException: org.apache.ratis.thirdparty.io.grpc.StatusRuntimeException: UNAVAILABLE: io exception
	at java.util.concurrent.FutureTask.report(FutureTask.java:122)
	at java.util.concurrent.FutureTask.get(FutureTask.java:192)
	at org.apache.ratis.server.impl.LeaderElection.waitForResults(LeaderElection.java:259)
	at org.apache.ratis.server.impl.LeaderElection.askForVotes(LeaderElection.java:197)
	at org.apache.ratis.server.impl.LeaderElection.run(LeaderElection.java:133)
	at java.lang.Thread.run(Thread.java:748)
Caused by: org.apache.ratis.thirdparty.io.grpc.StatusRuntimeException: UNAVAILABLE: io exception
	at org.apache.ratis.thirdparty.io.grpc.stub.ClientCalls.toStatusRuntimeException(ClientCalls.java:233)
	at org.apache.ratis.thirdparty.io.grpc.stub.ClientCalls.getUnchecked(ClientCalls.java:214)
	at org.apache.ratis.thirdparty.io.grpc.stub.ClientCalls.blockingUnaryCall(ClientCalls.java:139)
	at org.apache.ratis.proto.grpc.RaftServerProtocolServiceGrpc$RaftServerProtocolServiceBlockingStub.requestVote(RaftServerProtocolServiceGrpc.java:265)
	at org.apache.ratis.grpc.server.GrpcServerProtocolClient.requestVote(GrpcServerProtocolClient.java:99)
	at org.apache.ratis.grpc.server.GrpcService.requestVote(GrpcService.java:204)
	at org.apache.ratis.server.impl.LeaderElection.lambda$submitRequests$1(LeaderElection.java:234)
	at java.util.concurrent.FutureTask.run(FutureTask.java:266)
	at java.util.concurrent.Executors$RunnableAdapter.call(Executors.java:511)
	at java.util.concurrent.FutureTask.run(FutureTask.java:266)
	at java.util.concurrent.ThreadPoolExecutor.runWorker(ThreadPoolExecutor.java:1149)
	at java.util.concurrent.ThreadPoolExecutor$Worker.run(ThreadPoolExecutor.java:624)
	... 1 more
Caused by: org.apache.ratis.thirdparty.io.netty.channel.AbstractChannel$AnnotatedConnectException: Connection refused: /192.168.157.254:33611
	at sun.nio.ch.SocketChannelImpl.checkConnect(Native Method)
	at sun.nio.ch.SocketChannelImpl.finishConnect(SocketChannelImpl.java:717)
	at org.apache.ratis.thirdparty.io.netty.channel.socket.nio.NioSocketChannel.doFinishConnect(NioSocketChannel.java:327)
	at org.apache.ratis.thirdparty.io.netty.channel.nio.AbstractNioChannel$AbstractNioUnsafe.finishConnect(AbstractNioChannel.java:340)
	at org.apache.ratis.thirdparty.io.netty.channel.nio.NioEventLoop.processSelectedKey(NioEventLoop.java:632)
	at org.apache.ratis.thirdparty.io.netty.channel.nio.NioEventLoop.processSelectedKeysOptimized(NioEventLoop.java:579)
	at org.apache.ratis.thirdparty.io.netty.channel.nio.NioEventLoop.processSelectedKeys(NioEventLoop.java:496)
	at org.apache.ratis.thirdparty.io.netty.channel.nio.NioEventLoop.run(NioEventLoop.java:458)
	at org.apache.ratis.thirdparty.io.netty.util.concurrent.SingleThreadEventExecutor$5.run(SingleThreadEventExecutor.java:897)
	at org.apache.ratis.thirdparty.io.netty.util.concurrent.FastThreadLocalRunnable.run(FastThreadLocalRunnable.java:30)
	... 1 more
Caused by: java.net.ConnectException: Connection refused
	... 11 more
2019-10-21 23:47:29,142 [b88b3e43-5534-49b3-b3f2-a9f154b450de@group-2FABE92B7E5B-LeaderElection511] INFO  impl.RaftServerImpl (RaftServerImpl.java:setRole(184)) - b88b3e43-5534-49b3-b3f2-a9f154b450de@group-2FABE92B7E5B: changes role from CANDIDATE to FOLLOWER at term 551 for DISCOVERED_A_NEW_TERM
2019-10-21 23:47:29,142 [b88b3e43-5534-49b3-b3f2-a9f154b450de@group-2FABE92B7E5B-LeaderElection511] INFO  impl.RoleInfo (RoleInfo.java:shutdownLeaderElection(134)) - b88b3e43-5534-49b3-b3f2-a9f154b450de: shutdown LeaderElection
2019-10-21 23:47:29,142 [b88b3e43-5534-49b3-b3f2-a9f154b450de@group-2FABE92B7E5B-LeaderElection511] INFO  impl.RoleInfo (RoleInfo.java:updateAndGet(143)) - b88b3e43-5534-49b3-b3f2-a9f154b450de: start FollowerState
2019-10-21 23:47:29,231 [Thread-296] INFO  ipc.Client (Client.java:handleConnectionFailure(948)) - Retrying connect to server: localhost/127.0.0.1:41866. Already tried 7 time(s); retry policy is RetryUpToMaximumCountWithFixedSleep(maxRetries=10, sleepTime=1000 MILLISECONDS)
2019-10-21 23:47:29,304 [Thread-3585] INFO  impl.FollowerState (FollowerState.java:run(108)) - b88b3e43-5534-49b3-b3f2-a9f154b450de@group-2FABE92B7E5B-FollowerState: change to CANDIDATE, lastRpcTime:162ms, electionTimeout:162ms
2019-10-21 23:47:29,305 [Thread-3585] INFO  impl.RoleInfo (RoleInfo.java:shutdownFollowerState(121)) - b88b3e43-5534-49b3-b3f2-a9f154b450de: shutdown FollowerState
2019-10-21 23:47:29,305 [Thread-3585] INFO  impl.RaftServerImpl (RaftServerImpl.java:setRole(184)) - b88b3e43-5534-49b3-b3f2-a9f154b450de@group-2FABE92B7E5B: changes role from  FOLLOWER to CANDIDATE at term 551 for changeToCandidate
2019-10-21 23:47:29,305 [Thread-3585] INFO  impl.RoleInfo (RoleInfo.java:updateAndGet(143)) - b88b3e43-5534-49b3-b3f2-a9f154b450de: start LeaderElection
2019-10-21 23:47:29,310 [b88b3e43-5534-49b3-b3f2-a9f154b450de@group-2FABE92B7E5B-LeaderElection512] INFO  impl.LeaderElection (LeaderElection.java:askForVotes(178)) - b88b3e43-5534-49b3-b3f2-a9f154b450de@group-2FABE92B7E5B-LeaderElection512: begin an election at term 552 for -1: [c58a0a02-acd3-47c8-b3e9-5b8e0493de45:192.168.157.254:33611, 1360619e-ba1e-4bf9-aec1-9f15b5480b27:192.168.157.254:45658, b88b3e43-5534-49b3-b3f2-a9f154b450de:192.168.157.254:46786], old=null
2019-10-21 23:47:29,312 [b88b3e43-5534-49b3-b3f2-a9f154b450de@group-2FABE92B7E5B-LeaderElection512] INFO  impl.LeaderElection (LogUtils.java:infoOrTrace(149)) - b88b3e43-5534-49b3-b3f2-a9f154b450de@group-2FABE92B7E5B-LeaderElection512 got exception when requesting votes: {}
java.util.concurrent.ExecutionException: org.apache.ratis.thirdparty.io.grpc.StatusRuntimeException: UNAVAILABLE: io exception
	at java.util.concurrent.FutureTask.report(FutureTask.java:122)
	at java.util.concurrent.FutureTask.get(FutureTask.java:192)
	at org.apache.ratis.server.impl.LeaderElection.waitForResults(LeaderElection.java:259)
	at org.apache.ratis.server.impl.LeaderElection.askForVotes(LeaderElection.java:197)
	at org.apache.ratis.server.impl.LeaderElection.run(LeaderElection.java:133)
	at java.lang.Thread.run(Thread.java:748)
Caused by: org.apache.ratis.thirdparty.io.grpc.StatusRuntimeException: UNAVAILABLE: io exception
	at org.apache.ratis.thirdparty.io.grpc.stub.ClientCalls.toStatusRuntimeException(ClientCalls.java:233)
	at org.apache.ratis.thirdparty.io.grpc.stub.ClientCalls.getUnchecked(ClientCalls.java:214)
	at org.apache.ratis.thirdparty.io.grpc.stub.ClientCalls.blockingUnaryCall(ClientCalls.java:139)
	at org.apache.ratis.proto.grpc.RaftServerProtocolServiceGrpc$RaftServerProtocolServiceBlockingStub.requestVote(RaftServerProtocolServiceGrpc.java:265)
	at org.apache.ratis.grpc.server.GrpcServerProtocolClient.requestVote(GrpcServerProtocolClient.java:99)
	at org.apache.ratis.grpc.server.GrpcService.requestVote(GrpcService.java:204)
	at org.apache.ratis.server.impl.LeaderElection.lambda$submitRequests$1(LeaderElection.java:234)
	at java.util.concurrent.FutureTask.run(FutureTask.java:266)
	at java.util.concurrent.Executors$RunnableAdapter.call(Executors.java:511)
	at java.util.concurrent.FutureTask.run(FutureTask.java:266)
	at java.util.concurrent.ThreadPoolExecutor.runWorker(ThreadPoolExecutor.java:1149)
	at java.util.concurrent.ThreadPoolExecutor$Worker.run(ThreadPoolExecutor.java:624)
	... 1 more
Caused by: org.apache.ratis.thirdparty.io.netty.channel.AbstractChannel$AnnotatedConnectException: Connection refused: /192.168.157.254:33611
	at sun.nio.ch.SocketChannelImpl.checkConnect(Native Method)
	at sun.nio.ch.SocketChannelImpl.finishConnect(SocketChannelImpl.java:717)
	at org.apache.ratis.thirdparty.io.netty.channel.socket.nio.NioSocketChannel.doFinishConnect(NioSocketChannel.java:327)
	at org.apache.ratis.thirdparty.io.netty.channel.nio.AbstractNioChannel$AbstractNioUnsafe.finishConnect(AbstractNioChannel.java:340)
	at org.apache.ratis.thirdparty.io.netty.channel.nio.NioEventLoop.processSelectedKey(NioEventLoop.java:632)
	at org.apache.ratis.thirdparty.io.netty.channel.nio.NioEventLoop.processSelectedKeysOptimized(NioEventLoop.java:579)
	at org.apache.ratis.thirdparty.io.netty.channel.nio.NioEventLoop.processSelectedKeys(NioEventLoop.java:496)
	at org.apache.ratis.thirdparty.io.netty.channel.nio.NioEventLoop.run(NioEventLoop.java:458)
	at org.apache.ratis.thirdparty.io.netty.util.concurrent.SingleThreadEventExecutor$5.run(SingleThreadEventExecutor.java:897)
	at org.apache.ratis.thirdparty.io.netty.util.concurrent.FastThreadLocalRunnable.run(FastThreadLocalRunnable.java:30)
	... 1 more
Caused by: java.net.ConnectException: Connection refused
	... 11 more
2019-10-21 23:47:29,314 [grpc-default-executor-2] INFO  impl.RaftServerImpl (RaftServerImpl.java:setRole(184)) - 1360619e-ba1e-4bf9-aec1-9f15b5480b27@group-2FABE92B7E5B: changes role from  FOLLOWER to FOLLOWER at term 552 for recognizeCandidate:b88b3e43-5534-49b3-b3f2-a9f154b450de
2019-10-21 23:47:29,314 [grpc-default-executor-2] INFO  impl.RoleInfo (RoleInfo.java:shutdownFollowerState(121)) - 1360619e-ba1e-4bf9-aec1-9f15b5480b27: shutdown FollowerState
2019-10-21 23:47:29,315 [grpc-default-executor-2] INFO  impl.RoleInfo (RoleInfo.java:updateAndGet(143)) - 1360619e-ba1e-4bf9-aec1-9f15b5480b27: start FollowerState
2019-10-21 23:47:29,315 [Thread-3584] INFO  impl.FollowerState (FollowerState.java:run(117)) - 1360619e-ba1e-4bf9-aec1-9f15b5480b27@group-2FABE92B7E5B-FollowerState was interrupted: java.lang.InterruptedException: sleep interrupted
2019-10-21 23:47:29,318 [b88b3e43-5534-49b3-b3f2-a9f154b450de@group-2FABE92B7E5B-LeaderElection512] INFO  impl.LeaderElection (LeaderElection.java:logAndReturn(56)) - b88b3e43-5534-49b3-b3f2-a9f154b450de@group-2FABE92B7E5B-LeaderElection512: Election REJECTED; received 1 response(s) [b88b3e43-5534-49b3-b3f2-a9f154b450de<-1360619e-ba1e-4bf9-aec1-9f15b5480b27#0:FAIL-t552] and 1 exception(s); b88b3e43-5534-49b3-b3f2-a9f154b450de@group-2FABE92B7E5B:t552, leader=null, voted=b88b3e43-5534-49b3-b3f2-a9f154b450de, raftlog=b88b3e43-5534-49b3-b3f2-a9f154b450de@group-2FABE92B7E5B-SegmentedRaftLog:OPENED:c-1,f-1,i0, conf=-1: [c58a0a02-acd3-47c8-b3e9-5b8e0493de45:192.168.157.254:33611, 1360619e-ba1e-4bf9-aec1-9f15b5480b27:192.168.157.254:45658, b88b3e43-5534-49b3-b3f2-a9f154b450de:192.168.157.254:46786], old=null
2019-10-21 23:47:29,319 [b88b3e43-5534-49b3-b3f2-a9f154b450de@group-2FABE92B7E5B-LeaderElection512] INFO  impl.LeaderElection (LogUtils.java:infoOrTrace(149)) -   Exception 0: {}
java.util.concurrent.ExecutionException: org.apache.ratis.thirdparty.io.grpc.StatusRuntimeException: UNAVAILABLE: io exception
	at java.util.concurrent.FutureTask.report(FutureTask.java:122)
	at java.util.concurrent.FutureTask.get(FutureTask.java:192)
	at org.apache.ratis.server.impl.LeaderElection.waitForResults(LeaderElection.java:259)
	at org.apache.ratis.server.impl.LeaderElection.askForVotes(LeaderElection.java:197)
	at org.apache.ratis.server.impl.LeaderElection.run(LeaderElection.java:133)
	at java.lang.Thread.run(Thread.java:748)
Caused by: org.apache.ratis.thirdparty.io.grpc.StatusRuntimeException: UNAVAILABLE: io exception
	at org.apache.ratis.thirdparty.io.grpc.stub.ClientCalls.toStatusRuntimeException(ClientCalls.java:233)
	at org.apache.ratis.thirdparty.io.grpc.stub.ClientCalls.getUnchecked(ClientCalls.java:214)
	at org.apache.ratis.thirdparty.io.grpc.stub.ClientCalls.blockingUnaryCall(ClientCalls.java:139)
	at org.apache.ratis.proto.grpc.RaftServerProtocolServiceGrpc$RaftServerProtocolServiceBlockingStub.requestVote(RaftServerProtocolServiceGrpc.java:265)
	at org.apache.ratis.grpc.server.GrpcServerProtocolClient.requestVote(GrpcServerProtocolClient.java:99)
	at org.apache.ratis.grpc.server.GrpcService.requestVote(GrpcService.java:204)
	at org.apache.ratis.server.impl.LeaderElection.lambda$submitRequests$1(LeaderElection.java:234)
	at java.util.concurrent.FutureTask.run(FutureTask.java:266)
	at java.util.concurrent.Executors$RunnableAdapter.call(Executors.java:511)
	at java.util.concurrent.FutureTask.run(FutureTask.java:266)
	at java.util.concurrent.ThreadPoolExecutor.runWorker(ThreadPoolExecutor.java:1149)
	at java.util.concurrent.ThreadPoolExecutor$Worker.run(ThreadPoolExecutor.java:624)
	... 1 more
Caused by: org.apache.ratis.thirdparty.io.netty.channel.AbstractChannel$AnnotatedConnectException: Connection refused: /192.168.157.254:33611
	at sun.nio.ch.SocketChannelImpl.checkConnect(Native Method)
	at sun.nio.ch.SocketChannelImpl.finishConnect(SocketChannelImpl.java:717)
	at org.apache.ratis.thirdparty.io.netty.channel.socket.nio.NioSocketChannel.doFinishConnect(NioSocketChannel.java:327)
	at org.apache.ratis.thirdparty.io.netty.channel.nio.AbstractNioChannel$AbstractNioUnsafe.finishConnect(AbstractNioChannel.java:340)
	at org.apache.ratis.thirdparty.io.netty.channel.nio.NioEventLoop.processSelectedKey(NioEventLoop.java:632)
	at org.apache.ratis.thirdparty.io.netty.channel.nio.NioEventLoop.processSelectedKeysOptimized(NioEventLoop.java:579)
	at org.apache.ratis.thirdparty.io.netty.channel.nio.NioEventLoop.processSelectedKeys(NioEventLoop.java:496)
	at org.apache.ratis.thirdparty.io.netty.channel.nio.NioEventLoop.run(NioEventLoop.java:458)
	at org.apache.ratis.thirdparty.io.netty.util.concurrent.SingleThreadEventExecutor$5.run(SingleThreadEventExecutor.java:897)
	at org.apache.ratis.thirdparty.io.netty.util.concurrent.FastThreadLocalRunnable.run(FastThreadLocalRunnable.java:30)
	... 1 more
Caused by: java.net.ConnectException: Connection refused
	... 11 more
2019-10-21 23:47:29,319 [b88b3e43-5534-49b3-b3f2-a9f154b450de@group-2FABE92B7E5B-LeaderElection512] INFO  impl.RaftServerImpl (RaftServerImpl.java:setRole(184)) - b88b3e43-5534-49b3-b3f2-a9f154b450de@group-2FABE92B7E5B: changes role from CANDIDATE to FOLLOWER at term 552 for DISCOVERED_A_NEW_TERM
2019-10-21 23:47:29,319 [b88b3e43-5534-49b3-b3f2-a9f154b450de@group-2FABE92B7E5B-LeaderElection512] INFO  impl.RoleInfo (RoleInfo.java:shutdownLeaderElection(134)) - b88b3e43-5534-49b3-b3f2-a9f154b450de: shutdown LeaderElection
2019-10-21 23:47:29,319 [b88b3e43-5534-49b3-b3f2-a9f154b450de@group-2FABE92B7E5B-LeaderElection512] INFO  impl.RoleInfo (RoleInfo.java:updateAndGet(143)) - b88b3e43-5534-49b3-b3f2-a9f154b450de: start FollowerState
2019-10-21 23:47:29,500 [Thread-3590] INFO  impl.FollowerState (FollowerState.java:run(108)) - b88b3e43-5534-49b3-b3f2-a9f154b450de@group-2FABE92B7E5B-FollowerState: change to CANDIDATE, lastRpcTime:180ms, electionTimeout:180ms
2019-10-21 23:47:29,500 [Thread-3590] INFO  impl.RoleInfo (RoleInfo.java:shutdownFollowerState(121)) - b88b3e43-5534-49b3-b3f2-a9f154b450de: shutdown FollowerState
2019-10-21 23:47:29,500 [Thread-3590] INFO  impl.RaftServerImpl (RaftServerImpl.java:setRole(184)) - b88b3e43-5534-49b3-b3f2-a9f154b450de@group-2FABE92B7E5B: changes role from  FOLLOWER to CANDIDATE at term 552 for changeToCandidate
2019-10-21 23:47:29,500 [Thread-3590] INFO  impl.RoleInfo (RoleInfo.java:updateAndGet(143)) - b88b3e43-5534-49b3-b3f2-a9f154b450de: start LeaderElection
2019-10-21 23:47:29,505 [b88b3e43-5534-49b3-b3f2-a9f154b450de@group-2FABE92B7E5B-LeaderElection513] INFO  impl.LeaderElection (LeaderElection.java:askForVotes(178)) - b88b3e43-5534-49b3-b3f2-a9f154b450de@group-2FABE92B7E5B-LeaderElection513: begin an election at term 553 for -1: [c58a0a02-acd3-47c8-b3e9-5b8e0493de45:192.168.157.254:33611, 1360619e-ba1e-4bf9-aec1-9f15b5480b27:192.168.157.254:45658, b88b3e43-5534-49b3-b3f2-a9f154b450de:192.168.157.254:46786], old=null
2019-10-21 23:47:29,506 [b88b3e43-5534-49b3-b3f2-a9f154b450de@group-2FABE92B7E5B-LeaderElection513] INFO  impl.LeaderElection (LogUtils.java:infoOrTrace(149)) - b88b3e43-5534-49b3-b3f2-a9f154b450de@group-2FABE92B7E5B-LeaderElection513 got exception when requesting votes: {}
java.util.concurrent.ExecutionException: org.apache.ratis.thirdparty.io.grpc.StatusRuntimeException: UNAVAILABLE: io exception
	at java.util.concurrent.FutureTask.report(FutureTask.java:122)
	at java.util.concurrent.FutureTask.get(FutureTask.java:192)
	at org.apache.ratis.server.impl.LeaderElection.waitForResults(LeaderElection.java:259)
	at org.apache.ratis.server.impl.LeaderElection.askForVotes(LeaderElection.java:197)
	at org.apache.ratis.server.impl.LeaderElection.run(LeaderElection.java:133)
	at java.lang.Thread.run(Thread.java:748)
Caused by: org.apache.ratis.thirdparty.io.grpc.StatusRuntimeException: UNAVAILABLE: io exception
	at org.apache.ratis.thirdparty.io.grpc.stub.ClientCalls.toStatusRuntimeException(ClientCalls.java:233)
	at org.apache.ratis.thirdparty.io.grpc.stub.ClientCalls.getUnchecked(ClientCalls.java:214)
	at org.apache.ratis.thirdparty.io.grpc.stub.ClientCalls.blockingUnaryCall(ClientCalls.java:139)
	at org.apache.ratis.proto.grpc.RaftServerProtocolServiceGrpc$RaftServerProtocolServiceBlockingStub.requestVote(RaftServerProtocolServiceGrpc.java:265)
	at org.apache.ratis.grpc.server.GrpcServerProtocolClient.requestVote(GrpcServerProtocolClient.java:99)
	at org.apache.ratis.grpc.server.GrpcService.requestVote(GrpcService.java:204)
	at org.apache.ratis.server.impl.LeaderElection.lambda$submitRequests$1(LeaderElection.java:234)
	at java.util.concurrent.FutureTask.run(FutureTask.java:266)
	at java.util.concurrent.Executors$RunnableAdapter.call(Executors.java:511)
	at java.util.concurrent.FutureTask.run(FutureTask.java:266)
	at java.util.concurrent.ThreadPoolExecutor.runWorker(ThreadPoolExecutor.java:1149)
	at java.util.concurrent.ThreadPoolExecutor$Worker.run(ThreadPoolExecutor.java:624)
	... 1 more
Caused by: org.apache.ratis.thirdparty.io.netty.channel.AbstractChannel$AnnotatedConnectException: Connection refused: /192.168.157.254:33611
	at sun.nio.ch.SocketChannelImpl.checkConnect(Native Method)
	at sun.nio.ch.SocketChannelImpl.finishConnect(SocketChannelImpl.java:717)
	at org.apache.ratis.thirdparty.io.netty.channel.socket.nio.NioSocketChannel.doFinishConnect(NioSocketChannel.java:327)
	at org.apache.ratis.thirdparty.io.netty.channel.nio.AbstractNioChannel$AbstractNioUnsafe.finishConnect(AbstractNioChannel.java:340)
	at org.apache.ratis.thirdparty.io.netty.channel.nio.NioEventLoop.processSelectedKey(NioEventLoop.java:632)
	at org.apache.ratis.thirdparty.io.netty.channel.nio.NioEventLoop.processSelectedKeysOptimized(NioEventLoop.java:579)
	at org.apache.ratis.thirdparty.io.netty.channel.nio.NioEventLoop.processSelectedKeys(NioEventLoop.java:496)
	at org.apache.ratis.thirdparty.io.netty.channel.nio.NioEventLoop.run(NioEventLoop.java:458)
	at org.apache.ratis.thirdparty.io.netty.util.concurrent.SingleThreadEventExecutor$5.run(SingleThreadEventExecutor.java:897)
	at org.apache.ratis.thirdparty.io.netty.util.concurrent.FastThreadLocalRunnable.run(FastThreadLocalRunnable.java:30)
	... 1 more
Caused by: java.net.ConnectException: Connection refused
	... 11 more
2019-10-21 23:47:29,508 [grpc-default-executor-2] INFO  impl.RaftServerImpl (RaftServerImpl.java:setRole(184)) - 1360619e-ba1e-4bf9-aec1-9f15b5480b27@group-2FABE92B7E5B: changes role from  FOLLOWER to FOLLOWER at term 553 for recognizeCandidate:b88b3e43-5534-49b3-b3f2-a9f154b450de
2019-10-21 23:47:29,508 [grpc-default-executor-2] INFO  impl.RoleInfo (RoleInfo.java:shutdownFollowerState(121)) - 1360619e-ba1e-4bf9-aec1-9f15b5480b27: shutdown FollowerState
2019-10-21 23:47:29,508 [grpc-default-executor-2] INFO  impl.RoleInfo (RoleInfo.java:updateAndGet(143)) - 1360619e-ba1e-4bf9-aec1-9f15b5480b27: start FollowerState
2019-10-21 23:47:29,508 [Thread-3589] INFO  impl.FollowerState (FollowerState.java:run(117)) - 1360619e-ba1e-4bf9-aec1-9f15b5480b27@group-2FABE92B7E5B-FollowerState was interrupted: java.lang.InterruptedException: sleep interrupted
2019-10-21 23:47:29,512 [b88b3e43-5534-49b3-b3f2-a9f154b450de@group-2FABE92B7E5B-LeaderElection513] INFO  impl.LeaderElection (LeaderElection.java:logAndReturn(56)) - b88b3e43-5534-49b3-b3f2-a9f154b450de@group-2FABE92B7E5B-LeaderElection513: Election REJECTED; received 1 response(s) [b88b3e43-5534-49b3-b3f2-a9f154b450de<-1360619e-ba1e-4bf9-aec1-9f15b5480b27#0:FAIL-t553] and 1 exception(s); b88b3e43-5534-49b3-b3f2-a9f154b450de@group-2FABE92B7E5B:t553, leader=null, voted=b88b3e43-5534-49b3-b3f2-a9f154b450de, raftlog=b88b3e43-5534-49b3-b3f2-a9f154b450de@group-2FABE92B7E5B-SegmentedRaftLog:OPENED:c-1,f-1,i0, conf=-1: [c58a0a02-acd3-47c8-b3e9-5b8e0493de45:192.168.157.254:33611, 1360619e-ba1e-4bf9-aec1-9f15b5480b27:192.168.157.254:45658, b88b3e43-5534-49b3-b3f2-a9f154b450de:192.168.157.254:46786], old=null
2019-10-21 23:47:29,512 [b88b3e43-5534-49b3-b3f2-a9f154b450de@group-2FABE92B7E5B-LeaderElection513] INFO  impl.LeaderElection (LogUtils.java:infoOrTrace(149)) -   Exception 0: {}
java.util.concurrent.ExecutionException: org.apache.ratis.thirdparty.io.grpc.StatusRuntimeException: UNAVAILABLE: io exception
	at java.util.concurrent.FutureTask.report(FutureTask.java:122)
	at java.util.concurrent.FutureTask.get(FutureTask.java:192)
	at org.apache.ratis.server.impl.LeaderElection.waitForResults(LeaderElection.java:259)
	at org.apache.ratis.server.impl.LeaderElection.askForVotes(LeaderElection.java:197)
	at org.apache.ratis.server.impl.LeaderElection.run(LeaderElection.java:133)
	at java.lang.Thread.run(Thread.java:748)
Caused by: org.apache.ratis.thirdparty.io.grpc.StatusRuntimeException: UNAVAILABLE: io exception
	at org.apache.ratis.thirdparty.io.grpc.stub.ClientCalls.toStatusRuntimeException(ClientCalls.java:233)
	at org.apache.ratis.thirdparty.io.grpc.stub.ClientCalls.getUnchecked(ClientCalls.java:214)
	at org.apache.ratis.thirdparty.io.grpc.stub.ClientCalls.blockingUnaryCall(ClientCalls.java:139)
	at org.apache.ratis.proto.grpc.RaftServerProtocolServiceGrpc$RaftServerProtocolServiceBlockingStub.requestVote(RaftServerProtocolServiceGrpc.java:265)
	at org.apache.ratis.grpc.server.GrpcServerProtocolClient.requestVote(GrpcServerProtocolClient.java:99)
	at org.apache.ratis.grpc.server.GrpcService.requestVote(GrpcService.java:204)
	at org.apache.ratis.server.impl.LeaderElection.lambda$submitRequests$1(LeaderElection.java:234)
	at java.util.concurrent.FutureTask.run(FutureTask.java:266)
	at java.util.concurrent.Executors$RunnableAdapter.call(Executors.java:511)
	at java.util.concurrent.FutureTask.run(FutureTask.java:266)
	at java.util.concurrent.ThreadPoolExecutor.runWorker(ThreadPoolExecutor.java:1149)
	at java.util.concurrent.ThreadPoolExecutor$Worker.run(ThreadPoolExecutor.java:624)
	... 1 more
Caused by: org.apache.ratis.thirdparty.io.netty.channel.AbstractChannel$AnnotatedConnectException: Connection refused: /192.168.157.254:33611
	at sun.nio.ch.SocketChannelImpl.checkConnect(Native Method)
	at sun.nio.ch.SocketChannelImpl.finishConnect(SocketChannelImpl.java:717)
	at org.apache.ratis.thirdparty.io.netty.channel.socket.nio.NioSocketChannel.doFinishConnect(NioSocketChannel.java:327)
	at org.apache.ratis.thirdparty.io.netty.channel.nio.AbstractNioChannel$AbstractNioUnsafe.finishConnect(AbstractNioChannel.java:340)
	at org.apache.ratis.thirdparty.io.netty.channel.nio.NioEventLoop.processSelectedKey(NioEventLoop.java:632)
	at org.apache.ratis.thirdparty.io.netty.channel.nio.NioEventLoop.processSelectedKeysOptimized(NioEventLoop.java:579)
	at org.apache.ratis.thirdparty.io.netty.channel.nio.NioEventLoop.processSelectedKeys(NioEventLoop.java:496)
	at org.apache.ratis.thirdparty.io.netty.channel.nio.NioEventLoop.run(NioEventLoop.java:458)
	at org.apache.ratis.thirdparty.io.netty.util.concurrent.SingleThreadEventExecutor$5.run(SingleThreadEventExecutor.java:897)
	at org.apache.ratis.thirdparty.io.netty.util.concurrent.FastThreadLocalRunnable.run(FastThreadLocalRunnable.java:30)
	... 1 more
Caused by: java.net.ConnectException: Connection refused
	... 11 more
2019-10-21 23:47:29,512 [b88b3e43-5534-49b3-b3f2-a9f154b450de@group-2FABE92B7E5B-LeaderElection513] INFO  impl.RaftServerImpl (RaftServerImpl.java:setRole(184)) - b88b3e43-5534-49b3-b3f2-a9f154b450de@group-2FABE92B7E5B: changes role from CANDIDATE to FOLLOWER at term 553 for DISCOVERED_A_NEW_TERM
2019-10-21 23:47:29,513 [b88b3e43-5534-49b3-b3f2-a9f154b450de@group-2FABE92B7E5B-LeaderElection513] INFO  impl.RoleInfo (RoleInfo.java:shutdownLeaderElection(134)) - b88b3e43-5534-49b3-b3f2-a9f154b450de: shutdown LeaderElection
2019-10-21 23:47:29,513 [b88b3e43-5534-49b3-b3f2-a9f154b450de@group-2FABE92B7E5B-LeaderElection513] INFO  impl.RoleInfo (RoleInfo.java:updateAndGet(143)) - b88b3e43-5534-49b3-b3f2-a9f154b450de: start FollowerState
2019-10-21 23:47:29,571 [Thread-3595] INFO  impl.FollowerState (FollowerState.java:run(108)) - b88b3e43-5534-49b3-b3f2-a9f154b450de@group-2FABE92B7E5B-FollowerState: change to CANDIDATE, lastRpcTime:58ms, electionTimeout:58ms
2019-10-21 23:47:29,571 [Thread-3595] INFO  impl.RoleInfo (RoleInfo.java:shutdownFollowerState(121)) - b88b3e43-5534-49b3-b3f2-a9f154b450de: shutdown FollowerState
2019-10-21 23:47:29,571 [Thread-3595] INFO  impl.RaftServerImpl (RaftServerImpl.java:setRole(184)) - b88b3e43-5534-49b3-b3f2-a9f154b450de@group-2FABE92B7E5B: changes role from  FOLLOWER to CANDIDATE at term 553 for changeToCandidate
2019-10-21 23:47:29,571 [Thread-3595] INFO  impl.RoleInfo (RoleInfo.java:updateAndGet(143)) - b88b3e43-5534-49b3-b3f2-a9f154b450de: start LeaderElection
2019-10-21 23:47:29,583 [b88b3e43-5534-49b3-b3f2-a9f154b450de@group-2FABE92B7E5B-LeaderElection514] INFO  impl.LeaderElection (LeaderElection.java:askForVotes(178)) - b88b3e43-5534-49b3-b3f2-a9f154b450de@group-2FABE92B7E5B-LeaderElection514: begin an election at term 554 for -1: [c58a0a02-acd3-47c8-b3e9-5b8e0493de45:192.168.157.254:33611, 1360619e-ba1e-4bf9-aec1-9f15b5480b27:192.168.157.254:45658, b88b3e43-5534-49b3-b3f2-a9f154b450de:192.168.157.254:46786], old=null
2019-10-21 23:47:29,584 [b88b3e43-5534-49b3-b3f2-a9f154b450de@group-2FABE92B7E5B-LeaderElection514] INFO  impl.LeaderElection (LogUtils.java:infoOrTrace(149)) - b88b3e43-5534-49b3-b3f2-a9f154b450de@group-2FABE92B7E5B-LeaderElection514 got exception when requesting votes: {}
java.util.concurrent.ExecutionException: org.apache.ratis.thirdparty.io.grpc.StatusRuntimeException: UNAVAILABLE: io exception
	at java.util.concurrent.FutureTask.report(FutureTask.java:122)
	at java.util.concurrent.FutureTask.get(FutureTask.java:192)
	at org.apache.ratis.server.impl.LeaderElection.waitForResults(LeaderElection.java:259)
	at org.apache.ratis.server.impl.LeaderElection.askForVotes(LeaderElection.java:197)
	at org.apache.ratis.server.impl.LeaderElection.run(LeaderElection.java:133)
	at java.lang.Thread.run(Thread.java:748)
Caused by: org.apache.ratis.thirdparty.io.grpc.StatusRuntimeException: UNAVAILABLE: io exception
	at org.apache.ratis.thirdparty.io.grpc.stub.ClientCalls.toStatusRuntimeException(ClientCalls.java:233)
	at org.apache.ratis.thirdparty.io.grpc.stub.ClientCalls.getUnchecked(ClientCalls.java:214)
	at org.apache.ratis.thirdparty.io.grpc.stub.ClientCalls.blockingUnaryCall(ClientCalls.java:139)
	at org.apache.ratis.proto.grpc.RaftServerProtocolServiceGrpc$RaftServerProtocolServiceBlockingStub.requestVote(RaftServerProtocolServiceGrpc.java:265)
	at org.apache.ratis.grpc.server.GrpcServerProtocolClient.requestVote(GrpcServerProtocolClient.java:99)
	at org.apache.ratis.grpc.server.GrpcService.requestVote(GrpcService.java:204)
	at org.apache.ratis.server.impl.LeaderElection.lambda$submitRequests$1(LeaderElection.java:234)
	at java.util.concurrent.FutureTask.run(FutureTask.java:266)
	at java.util.concurrent.Executors$RunnableAdapter.call(Executors.java:511)
	at java.util.concurrent.FutureTask.run(FutureTask.java:266)
	at java.util.concurrent.ThreadPoolExecutor.runWorker(ThreadPoolExecutor.java:1149)
	at java.util.concurrent.ThreadPoolExecutor$Worker.run(ThreadPoolExecutor.java:624)
	... 1 more
Caused by: org.apache.ratis.thirdparty.io.netty.channel.AbstractChannel$AnnotatedConnectException: Connection refused: /192.168.157.254:33611
	at sun.nio.ch.SocketChannelImpl.checkConnect(Native Method)
	at sun.nio.ch.SocketChannelImpl.finishConnect(SocketChannelImpl.java:717)
	at org.apache.ratis.thirdparty.io.netty.channel.socket.nio.NioSocketChannel.doFinishConnect(NioSocketChannel.java:327)
	at org.apache.ratis.thirdparty.io.netty.channel.nio.AbstractNioChannel$AbstractNioUnsafe.finishConnect(AbstractNioChannel.java:340)
	at org.apache.ratis.thirdparty.io.netty.channel.nio.NioEventLoop.processSelectedKey(NioEventLoop.java:632)
	at org.apache.ratis.thirdparty.io.netty.channel.nio.NioEventLoop.processSelectedKeysOptimized(NioEventLoop.java:579)
	at org.apache.ratis.thirdparty.io.netty.channel.nio.NioEventLoop.processSelectedKeys(NioEventLoop.java:496)
	at org.apache.ratis.thirdparty.io.netty.channel.nio.NioEventLoop.run(NioEventLoop.java:458)
	at org.apache.ratis.thirdparty.io.netty.util.concurrent.SingleThreadEventExecutor$5.run(SingleThreadEventExecutor.java:897)
	at org.apache.ratis.thirdparty.io.netty.util.concurrent.FastThreadLocalRunnable.run(FastThreadLocalRunnable.java:30)
	... 1 more
Caused by: java.net.ConnectException: Connection refused
	... 11 more
2019-10-21 23:47:29,585 [grpc-default-executor-1] INFO  impl.RaftServerImpl (RaftServerImpl.java:setRole(184)) - 1360619e-ba1e-4bf9-aec1-9f15b5480b27@group-2FABE92B7E5B: changes role from  FOLLOWER to FOLLOWER at term 554 for recognizeCandidate:b88b3e43-5534-49b3-b3f2-a9f154b450de
2019-10-21 23:47:29,585 [grpc-default-executor-1] INFO  impl.RoleInfo (RoleInfo.java:shutdownFollowerState(121)) - 1360619e-ba1e-4bf9-aec1-9f15b5480b27: shutdown FollowerState
2019-10-21 23:47:29,585 [grpc-default-executor-1] INFO  impl.RoleInfo (RoleInfo.java:updateAndGet(143)) - 1360619e-ba1e-4bf9-aec1-9f15b5480b27: start FollowerState
2019-10-21 23:47:29,585 [Thread-3594] INFO  impl.FollowerState (FollowerState.java:run(117)) - 1360619e-ba1e-4bf9-aec1-9f15b5480b27@group-2FABE92B7E5B-FollowerState was interrupted: java.lang.InterruptedException: sleep interrupted
2019-10-21 23:47:29,589 [b88b3e43-5534-49b3-b3f2-a9f154b450de@group-2FABE92B7E5B-LeaderElection514] INFO  impl.LeaderElection (LeaderElection.java:logAndReturn(56)) - b88b3e43-5534-49b3-b3f2-a9f154b450de@group-2FABE92B7E5B-LeaderElection514: Election REJECTED; received 1 response(s) [b88b3e43-5534-49b3-b3f2-a9f154b450de<-1360619e-ba1e-4bf9-aec1-9f15b5480b27#0:FAIL-t554] and 1 exception(s); b88b3e43-5534-49b3-b3f2-a9f154b450de@group-2FABE92B7E5B:t554, leader=null, voted=b88b3e43-5534-49b3-b3f2-a9f154b450de, raftlog=b88b3e43-5534-49b3-b3f2-a9f154b450de@group-2FABE92B7E5B-SegmentedRaftLog:OPENED:c-1,f-1,i0, conf=-1: [c58a0a02-acd3-47c8-b3e9-5b8e0493de45:192.168.157.254:33611, 1360619e-ba1e-4bf9-aec1-9f15b5480b27:192.168.157.254:45658, b88b3e43-5534-49b3-b3f2-a9f154b450de:192.168.157.254:46786], old=null
2019-10-21 23:47:29,589 [b88b3e43-5534-49b3-b3f2-a9f154b450de@group-2FABE92B7E5B-LeaderElection514] INFO  impl.LeaderElection (LogUtils.java:infoOrTrace(149)) -   Exception 0: {}
java.util.concurrent.ExecutionException: org.apache.ratis.thirdparty.io.grpc.StatusRuntimeException: UNAVAILABLE: io exception
	at java.util.concurrent.FutureTask.report(FutureTask.java:122)
	at java.util.concurrent.FutureTask.get(FutureTask.java:192)
	at org.apache.ratis.server.impl.LeaderElection.waitForResults(LeaderElection.java:259)
	at org.apache.ratis.server.impl.LeaderElection.askForVotes(LeaderElection.java:197)
	at org.apache.ratis.server.impl.LeaderElection.run(LeaderElection.java:133)
	at java.lang.Thread.run(Thread.java:748)
Caused by: org.apache.ratis.thirdparty.io.grpc.StatusRuntimeException: UNAVAILABLE: io exception
	at org.apache.ratis.thirdparty.io.grpc.stub.ClientCalls.toStatusRuntimeException(ClientCalls.java:233)
	at org.apache.ratis.thirdparty.io.grpc.stub.ClientCalls.getUnchecked(ClientCalls.java:214)
	at org.apache.ratis.thirdparty.io.grpc.stub.ClientCalls.blockingUnaryCall(ClientCalls.java:139)
	at org.apache.ratis.proto.grpc.RaftServerProtocolServiceGrpc$RaftServerProtocolServiceBlockingStub.requestVote(RaftServerProtocolServiceGrpc.java:265)
	at org.apache.ratis.grpc.server.GrpcServerProtocolClient.requestVote(GrpcServerProtocolClient.java:99)
	at org.apache.ratis.grpc.server.GrpcService.requestVote(GrpcService.java:204)
	at org.apache.ratis.server.impl.LeaderElection.lambda$submitRequests$1(LeaderElection.java:234)
	at java.util.concurrent.FutureTask.run(FutureTask.java:266)
	at java.util.concurrent.Executors$RunnableAdapter.call(Executors.java:511)
	at java.util.concurrent.FutureTask.run(FutureTask.java:266)
	at java.util.concurrent.ThreadPoolExecutor.runWorker(ThreadPoolExecutor.java:1149)
	at java.util.concurrent.ThreadPoolExecutor$Worker.run(ThreadPoolExecutor.java:624)
	... 1 more
Caused by: org.apache.ratis.thirdparty.io.netty.channel.AbstractChannel$AnnotatedConnectException: Connection refused: /192.168.157.254:33611
	at sun.nio.ch.SocketChannelImpl.checkConnect(Native Method)
	at sun.nio.ch.SocketChannelImpl.finishConnect(SocketChannelImpl.java:717)
	at org.apache.ratis.thirdparty.io.netty.channel.socket.nio.NioSocketChannel.doFinishConnect(NioSocketChannel.java:327)
	at org.apache.ratis.thirdparty.io.netty.channel.nio.AbstractNioChannel$AbstractNioUnsafe.finishConnect(AbstractNioChannel.java:340)
	at org.apache.ratis.thirdparty.io.netty.channel.nio.NioEventLoop.processSelectedKey(NioEventLoop.java:632)
	at org.apache.ratis.thirdparty.io.netty.channel.nio.NioEventLoop.processSelectedKeysOptimized(NioEventLoop.java:579)
	at org.apache.ratis.thirdparty.io.netty.channel.nio.NioEventLoop.processSelectedKeys(NioEventLoop.java:496)
	at org.apache.ratis.thirdparty.io.netty.channel.nio.NioEventLoop.run(NioEventLoop.java:458)
	at org.apache.ratis.thirdparty.io.netty.util.concurrent.SingleThreadEventExecutor$5.run(SingleThreadEventExecutor.java:897)
	at org.apache.ratis.thirdparty.io.netty.util.concurrent.FastThreadLocalRunnable.run(FastThreadLocalRunnable.java:30)
	... 1 more
Caused by: java.net.ConnectException: Connection refused
	... 11 more
2019-10-21 23:47:29,590 [b88b3e43-5534-49b3-b3f2-a9f154b450de@group-2FABE92B7E5B-LeaderElection514] INFO  impl.RaftServerImpl (RaftServerImpl.java:setRole(184)) - b88b3e43-5534-49b3-b3f2-a9f154b450de@group-2FABE92B7E5B: changes role from CANDIDATE to FOLLOWER at term 554 for DISCOVERED_A_NEW_TERM
2019-10-21 23:47:29,590 [b88b3e43-5534-49b3-b3f2-a9f154b450de@group-2FABE92B7E5B-LeaderElection514] INFO  impl.RoleInfo (RoleInfo.java:shutdownLeaderElection(134)) - b88b3e43-5534-49b3-b3f2-a9f154b450de: shutdown LeaderElection
2019-10-21 23:47:29,590 [b88b3e43-5534-49b3-b3f2-a9f154b450de@group-2FABE92B7E5B-LeaderElection514] INFO  impl.RoleInfo (RoleInfo.java:updateAndGet(143)) - b88b3e43-5534-49b3-b3f2-a9f154b450de: start FollowerState
2019-10-21 23:47:29,606 [Thread-3601] INFO  impl.FollowerState (FollowerState.java:run(108)) - b88b3e43-5534-49b3-b3f2-a9f154b450de@group-2FABE92B7E5B-FollowerState: change to CANDIDATE, lastRpcTime:15ms, electionTimeout:15ms
2019-10-21 23:47:29,606 [Thread-3601] INFO  impl.RoleInfo (RoleInfo.java:shutdownFollowerState(121)) - b88b3e43-5534-49b3-b3f2-a9f154b450de: shutdown FollowerState
2019-10-21 23:47:29,606 [Thread-3601] INFO  impl.RaftServerImpl (RaftServerImpl.java:setRole(184)) - b88b3e43-5534-49b3-b3f2-a9f154b450de@group-2FABE92B7E5B: changes role from  FOLLOWER to CANDIDATE at term 554 for changeToCandidate
2019-10-21 23:47:29,606 [Thread-3601] INFO  impl.RoleInfo (RoleInfo.java:updateAndGet(143)) - b88b3e43-5534-49b3-b3f2-a9f154b450de: start LeaderElection
2019-10-21 23:47:29,609 [b88b3e43-5534-49b3-b3f2-a9f154b450de@group-2FABE92B7E5B-LeaderElection515] INFO  impl.LeaderElection (LeaderElection.java:askForVotes(178)) - b88b3e43-5534-49b3-b3f2-a9f154b450de@group-2FABE92B7E5B-LeaderElection515: begin an election at term 555 for -1: [c58a0a02-acd3-47c8-b3e9-5b8e0493de45:192.168.157.254:33611, 1360619e-ba1e-4bf9-aec1-9f15b5480b27:192.168.157.254:45658, b88b3e43-5534-49b3-b3f2-a9f154b450de:192.168.157.254:46786], old=null
2019-10-21 23:47:29,610 [b88b3e43-5534-49b3-b3f2-a9f154b450de@group-2FABE92B7E5B-LeaderElection515] INFO  impl.LeaderElection (LogUtils.java:infoOrTrace(149)) - b88b3e43-5534-49b3-b3f2-a9f154b450de@group-2FABE92B7E5B-LeaderElection515 got exception when requesting votes: {}
java.util.concurrent.ExecutionException: org.apache.ratis.thirdparty.io.grpc.StatusRuntimeException: UNAVAILABLE: io exception
	at java.util.concurrent.FutureTask.report(FutureTask.java:122)
	at java.util.concurrent.FutureTask.get(FutureTask.java:192)
	at org.apache.ratis.server.impl.LeaderElection.waitForResults(LeaderElection.java:259)
	at org.apache.ratis.server.impl.LeaderElection.askForVotes(LeaderElection.java:197)
	at org.apache.ratis.server.impl.LeaderElection.run(LeaderElection.java:133)
	at java.lang.Thread.run(Thread.java:748)
Caused by: org.apache.ratis.thirdparty.io.grpc.StatusRuntimeException: UNAVAILABLE: io exception
	at org.apache.ratis.thirdparty.io.grpc.stub.ClientCalls.toStatusRuntimeException(ClientCalls.java:233)
	at org.apache.ratis.thirdparty.io.grpc.stub.ClientCalls.getUnchecked(ClientCalls.java:214)
	at org.apache.ratis.thirdparty.io.grpc.stub.ClientCalls.blockingUnaryCall(ClientCalls.java:139)
	at org.apache.ratis.proto.grpc.RaftServerProtocolServiceGrpc$RaftServerProtocolServiceBlockingStub.requestVote(RaftServerProtocolServiceGrpc.java:265)
	at org.apache.ratis.grpc.server.GrpcServerProtocolClient.requestVote(GrpcServerProtocolClient.java:99)
	at org.apache.ratis.grpc.server.GrpcService.requestVote(GrpcService.java:204)
	at org.apache.ratis.server.impl.LeaderElection.lambda$submitRequests$1(LeaderElection.java:234)
	at java.util.concurrent.FutureTask.run(FutureTask.java:266)
	at java.util.concurrent.Executors$RunnableAdapter.call(Executors.java:511)
	at java.util.concurrent.FutureTask.run(FutureTask.java:266)
	at java.util.concurrent.ThreadPoolExecutor.runWorker(ThreadPoolExecutor.java:1149)
	at java.util.concurrent.ThreadPoolExecutor$Worker.run(ThreadPoolExecutor.java:624)
	... 1 more
Caused by: org.apache.ratis.thirdparty.io.netty.channel.AbstractChannel$AnnotatedConnectException: Connection refused: /192.168.157.254:33611
	at sun.nio.ch.SocketChannelImpl.checkConnect(Native Method)
	at sun.nio.ch.SocketChannelImpl.finishConnect(SocketChannelImpl.java:717)
	at org.apache.ratis.thirdparty.io.netty.channel.socket.nio.NioSocketChannel.doFinishConnect(NioSocketChannel.java:327)
	at org.apache.ratis.thirdparty.io.netty.channel.nio.AbstractNioChannel$AbstractNioUnsafe.finishConnect(AbstractNioChannel.java:340)
	at org.apache.ratis.thirdparty.io.netty.channel.nio.NioEventLoop.processSelectedKey(NioEventLoop.java:632)
	at org.apache.ratis.thirdparty.io.netty.channel.nio.NioEventLoop.processSelectedKeysOptimized(NioEventLoop.java:579)
	at org.apache.ratis.thirdparty.io.netty.channel.nio.NioEventLoop.processSelectedKeys(NioEventLoop.java:496)
	at org.apache.ratis.thirdparty.io.netty.channel.nio.NioEventLoop.run(NioEventLoop.java:458)
	at org.apache.ratis.thirdparty.io.netty.util.concurrent.SingleThreadEventExecutor$5.run(SingleThreadEventExecutor.java:897)
	at org.apache.ratis.thirdparty.io.netty.util.concurrent.FastThreadLocalRunnable.run(FastThreadLocalRunnable.java:30)
	... 1 more
Caused by: java.net.ConnectException: Connection refused
	... 11 more
2019-10-21 23:47:29,611 [grpc-default-executor-1] INFO  impl.RaftServerImpl (RaftServerImpl.java:setRole(184)) - 1360619e-ba1e-4bf9-aec1-9f15b5480b27@group-2FABE92B7E5B: changes role from  FOLLOWER to FOLLOWER at term 555 for recognizeCandidate:b88b3e43-5534-49b3-b3f2-a9f154b450de
2019-10-21 23:47:29,612 [grpc-default-executor-1] INFO  impl.RoleInfo (RoleInfo.java:shutdownFollowerState(121)) - 1360619e-ba1e-4bf9-aec1-9f15b5480b27: shutdown FollowerState
2019-10-21 23:47:29,612 [grpc-default-executor-1] INFO  impl.RoleInfo (RoleInfo.java:updateAndGet(143)) - 1360619e-ba1e-4bf9-aec1-9f15b5480b27: start FollowerState
2019-10-21 23:47:29,612 [Thread-3600] INFO  impl.FollowerState (FollowerState.java:run(117)) - 1360619e-ba1e-4bf9-aec1-9f15b5480b27@group-2FABE92B7E5B-FollowerState was interrupted: java.lang.InterruptedException: sleep interrupted
2019-10-21 23:47:29,617 [b88b3e43-5534-49b3-b3f2-a9f154b450de@group-2FABE92B7E5B-LeaderElection515] INFO  impl.LeaderElection (LeaderElection.java:logAndReturn(56)) - b88b3e43-5534-49b3-b3f2-a9f154b450de@group-2FABE92B7E5B-LeaderElection515: Election REJECTED; received 1 response(s) [b88b3e43-5534-49b3-b3f2-a9f154b450de<-1360619e-ba1e-4bf9-aec1-9f15b5480b27#0:FAIL-t555] and 1 exception(s); b88b3e43-5534-49b3-b3f2-a9f154b450de@group-2FABE92B7E5B:t555, leader=null, voted=b88b3e43-5534-49b3-b3f2-a9f154b450de, raftlog=b88b3e43-5534-49b3-b3f2-a9f154b450de@group-2FABE92B7E5B-SegmentedRaftLog:OPENED:c-1,f-1,i0, conf=-1: [c58a0a02-acd3-47c8-b3e9-5b8e0493de45:192.168.157.254:33611, 1360619e-ba1e-4bf9-aec1-9f15b5480b27:192.168.157.254:45658, b88b3e43-5534-49b3-b3f2-a9f154b450de:192.168.157.254:46786], old=null
2019-10-21 23:47:29,617 [b88b3e43-5534-49b3-b3f2-a9f154b450de@group-2FABE92B7E5B-LeaderElection515] INFO  impl.LeaderElection (LogUtils.java:infoOrTrace(149)) -   Exception 0: {}
java.util.concurrent.ExecutionException: org.apache.ratis.thirdparty.io.grpc.StatusRuntimeException: UNAVAILABLE: io exception
	at java.util.concurrent.FutureTask.report(FutureTask.java:122)
	at java.util.concurrent.FutureTask.get(FutureTask.java:192)
	at org.apache.ratis.server.impl.LeaderElection.waitForResults(LeaderElection.java:259)
	at org.apache.ratis.server.impl.LeaderElection.askForVotes(LeaderElection.java:197)
	at org.apache.ratis.server.impl.LeaderElection.run(LeaderElection.java:133)
	at java.lang.Thread.run(Thread.java:748)
Caused by: org.apache.ratis.thirdparty.io.grpc.StatusRuntimeException: UNAVAILABLE: io exception
	at org.apache.ratis.thirdparty.io.grpc.stub.ClientCalls.toStatusRuntimeException(ClientCalls.java:233)
	at org.apache.ratis.thirdparty.io.grpc.stub.ClientCalls.getUnchecked(ClientCalls.java:214)
	at org.apache.ratis.thirdparty.io.grpc.stub.ClientCalls.blockingUnaryCall(ClientCalls.java:139)
	at org.apache.ratis.proto.grpc.RaftServerProtocolServiceGrpc$RaftServerProtocolServiceBlockingStub.requestVote(RaftServerProtocolServiceGrpc.java:265)
	at org.apache.ratis.grpc.server.GrpcServerProtocolClient.requestVote(GrpcServerProtocolClient.java:99)
	at org.apache.ratis.grpc.server.GrpcService.requestVote(GrpcService.java:204)
	at org.apache.ratis.server.impl.LeaderElection.lambda$submitRequests$1(LeaderElection.java:234)
	at java.util.concurrent.FutureTask.run(FutureTask.java:266)
	at java.util.concurrent.Executors$RunnableAdapter.call(Executors.java:511)
	at java.util.concurrent.FutureTask.run(FutureTask.java:266)
	at java.util.concurrent.ThreadPoolExecutor.runWorker(ThreadPoolExecutor.java:1149)
	at java.util.concurrent.ThreadPoolExecutor$Worker.run(ThreadPoolExecutor.java:624)
	... 1 more
Caused by: org.apache.ratis.thirdparty.io.netty.channel.AbstractChannel$AnnotatedConnectException: Connection refused: /192.168.157.254:33611
	at sun.nio.ch.SocketChannelImpl.checkConnect(Native Method)
	at sun.nio.ch.SocketChannelImpl.finishConnect(SocketChannelImpl.java:717)
	at org.apache.ratis.thirdparty.io.netty.channel.socket.nio.NioSocketChannel.doFinishConnect(NioSocketChannel.java:327)
	at org.apache.ratis.thirdparty.io.netty.channel.nio.AbstractNioChannel$AbstractNioUnsafe.finishConnect(AbstractNioChannel.java:340)
	at org.apache.ratis.thirdparty.io.netty.channel.nio.NioEventLoop.processSelectedKey(NioEventLoop.java:632)
	at org.apache.ratis.thirdparty.io.netty.channel.nio.NioEventLoop.processSelectedKeysOptimized(NioEventLoop.java:579)
	at org.apache.ratis.thirdparty.io.netty.channel.nio.NioEventLoop.processSelectedKeys(NioEventLoop.java:496)
	at org.apache.ratis.thirdparty.io.netty.channel.nio.NioEventLoop.run(NioEventLoop.java:458)
	at org.apache.ratis.thirdparty.io.netty.util.concurrent.SingleThreadEventExecutor$5.run(SingleThreadEventExecutor.java:897)
	at org.apache.ratis.thirdparty.io.netty.util.concurrent.FastThreadLocalRunnable.run(FastThreadLocalRunnable.java:30)
	... 1 more
Caused by: java.net.ConnectException: Connection refused
	... 11 more
2019-10-21 23:47:29,618 [b88b3e43-5534-49b3-b3f2-a9f154b450de@group-2FABE92B7E5B-LeaderElection515] INFO  impl.RaftServerImpl (RaftServerImpl.java:setRole(184)) - b88b3e43-5534-49b3-b3f2-a9f154b450de@group-2FABE92B7E5B: changes role from CANDIDATE to FOLLOWER at term 555 for DISCOVERED_A_NEW_TERM
2019-10-21 23:47:29,618 [b88b3e43-5534-49b3-b3f2-a9f154b450de@group-2FABE92B7E5B-LeaderElection515] INFO  impl.RoleInfo (RoleInfo.java:shutdownLeaderElection(134)) - b88b3e43-5534-49b3-b3f2-a9f154b450de: shutdown LeaderElection
2019-10-21 23:47:29,618 [b88b3e43-5534-49b3-b3f2-a9f154b450de@group-2FABE92B7E5B-LeaderElection515] INFO  impl.RoleInfo (RoleInfo.java:updateAndGet(143)) - b88b3e43-5534-49b3-b3f2-a9f154b450de: start FollowerState
2019-10-21 23:47:29,625 [Thread-3606] INFO  impl.FollowerState (FollowerState.java:run(108)) - b88b3e43-5534-49b3-b3f2-a9f154b450de@group-2FABE92B7E5B-FollowerState: change to CANDIDATE, lastRpcTime:7ms, electionTimeout:7ms
2019-10-21 23:47:29,625 [Thread-3606] INFO  impl.RoleInfo (RoleInfo.java:shutdownFollowerState(121)) - b88b3e43-5534-49b3-b3f2-a9f154b450de: shutdown FollowerState
2019-10-21 23:47:29,625 [Thread-3606] INFO  impl.RaftServerImpl (RaftServerImpl.java:setRole(184)) - b88b3e43-5534-49b3-b3f2-a9f154b450de@group-2FABE92B7E5B: changes role from  FOLLOWER to CANDIDATE at term 555 for changeToCandidate
2019-10-21 23:47:29,626 [Thread-3606] INFO  impl.RoleInfo (RoleInfo.java:updateAndGet(143)) - b88b3e43-5534-49b3-b3f2-a9f154b450de: start LeaderElection
2019-10-21 23:47:29,629 [b88b3e43-5534-49b3-b3f2-a9f154b450de@group-2FABE92B7E5B-LeaderElection516] INFO  impl.LeaderElection (LeaderElection.java:askForVotes(178)) - b88b3e43-5534-49b3-b3f2-a9f154b450de@group-2FABE92B7E5B-LeaderElection516: begin an election at term 556 for -1: [c58a0a02-acd3-47c8-b3e9-5b8e0493de45:192.168.157.254:33611, 1360619e-ba1e-4bf9-aec1-9f15b5480b27:192.168.157.254:45658, b88b3e43-5534-49b3-b3f2-a9f154b450de:192.168.157.254:46786], old=null
2019-10-21 23:47:29,630 [b88b3e43-5534-49b3-b3f2-a9f154b450de@group-2FABE92B7E5B-LeaderElection516] INFO  impl.LeaderElection (LogUtils.java:infoOrTrace(149)) - b88b3e43-5534-49b3-b3f2-a9f154b450de@group-2FABE92B7E5B-LeaderElection516 got exception when requesting votes: {}
java.util.concurrent.ExecutionException: org.apache.ratis.thirdparty.io.grpc.StatusRuntimeException: UNAVAILABLE: io exception
	at java.util.concurrent.FutureTask.report(FutureTask.java:122)
	at java.util.concurrent.FutureTask.get(FutureTask.java:192)
	at org.apache.ratis.server.impl.LeaderElection.waitForResults(LeaderElection.java:259)
	at org.apache.ratis.server.impl.LeaderElection.askForVotes(LeaderElection.java:197)
	at org.apache.ratis.server.impl.LeaderElection.run(LeaderElection.java:133)
	at java.lang.Thread.run(Thread.java:748)
Caused by: org.apache.ratis.thirdparty.io.grpc.StatusRuntimeException: UNAVAILABLE: io exception
	at org.apache.ratis.thirdparty.io.grpc.stub.ClientCalls.toStatusRuntimeException(ClientCalls.java:233)
	at org.apache.ratis.thirdparty.io.grpc.stub.ClientCalls.getUnchecked(ClientCalls.java:214)
	at org.apache.ratis.thirdparty.io.grpc.stub.ClientCalls.blockingUnaryCall(ClientCalls.java:139)
	at org.apache.ratis.proto.grpc.RaftServerProtocolServiceGrpc$RaftServerProtocolServiceBlockingStub.requestVote(RaftServerProtocolServiceGrpc.java:265)
	at org.apache.ratis.grpc.server.GrpcServerProtocolClient.requestVote(GrpcServerProtocolClient.java:99)
	at org.apache.ratis.grpc.server.GrpcService.requestVote(GrpcService.java:204)
	at org.apache.ratis.server.impl.LeaderElection.lambda$submitRequests$1(LeaderElection.java:234)
	at java.util.concurrent.FutureTask.run(FutureTask.java:266)
	at java.util.concurrent.Executors$RunnableAdapter.call(Executors.java:511)
	at java.util.concurrent.FutureTask.run(FutureTask.java:266)
	at java.util.concurrent.ThreadPoolExecutor.runWorker(ThreadPoolExecutor.java:1149)
	at java.util.concurrent.ThreadPoolExecutor$Worker.run(ThreadPoolExecutor.java:624)
	... 1 more
Caused by: org.apache.ratis.thirdparty.io.netty.channel.AbstractChannel$AnnotatedConnectException: Connection refused: /192.168.157.254:33611
	at sun.nio.ch.SocketChannelImpl.checkConnect(Native Method)
	at sun.nio.ch.SocketChannelImpl.finishConnect(SocketChannelImpl.java:717)
	at org.apache.ratis.thirdparty.io.netty.channel.socket.nio.NioSocketChannel.doFinishConnect(NioSocketChannel.java:327)
	at org.apache.ratis.thirdparty.io.netty.channel.nio.AbstractNioChannel$AbstractNioUnsafe.finishConnect(AbstractNioChannel.java:340)
	at org.apache.ratis.thirdparty.io.netty.channel.nio.NioEventLoop.processSelectedKey(NioEventLoop.java:632)
	at org.apache.ratis.thirdparty.io.netty.channel.nio.NioEventLoop.processSelectedKeysOptimized(NioEventLoop.java:579)
	at org.apache.ratis.thirdparty.io.netty.channel.nio.NioEventLoop.processSelectedKeys(NioEventLoop.java:496)
	at org.apache.ratis.thirdparty.io.netty.channel.nio.NioEventLoop.run(NioEventLoop.java:458)
	at org.apache.ratis.thirdparty.io.netty.util.concurrent.SingleThreadEventExecutor$5.run(SingleThreadEventExecutor.java:897)
	at org.apache.ratis.thirdparty.io.netty.util.concurrent.FastThreadLocalRunnable.run(FastThreadLocalRunnable.java:30)
	... 1 more
Caused by: java.net.ConnectException: Connection refused
	... 11 more
2019-10-21 23:47:29,632 [grpc-default-executor-1] INFO  impl.RaftServerImpl (RaftServerImpl.java:setRole(184)) - 1360619e-ba1e-4bf9-aec1-9f15b5480b27@group-2FABE92B7E5B: changes role from  FOLLOWER to FOLLOWER at term 556 for recognizeCandidate:b88b3e43-5534-49b3-b3f2-a9f154b450de
2019-10-21 23:47:29,632 [grpc-default-executor-1] INFO  impl.RoleInfo (RoleInfo.java:shutdownFollowerState(121)) - 1360619e-ba1e-4bf9-aec1-9f15b5480b27: shutdown FollowerState
2019-10-21 23:47:29,632 [grpc-default-executor-1] INFO  impl.RoleInfo (RoleInfo.java:updateAndGet(143)) - 1360619e-ba1e-4bf9-aec1-9f15b5480b27: start FollowerState
2019-10-21 23:47:29,632 [Thread-3605] INFO  impl.FollowerState (FollowerState.java:run(117)) - 1360619e-ba1e-4bf9-aec1-9f15b5480b27@group-2FABE92B7E5B-FollowerState was interrupted: java.lang.InterruptedException: sleep interrupted
2019-10-21 23:47:29,636 [b88b3e43-5534-49b3-b3f2-a9f154b450de@group-2FABE92B7E5B-LeaderElection516] INFO  impl.LeaderElection (LeaderElection.java:logAndReturn(56)) - b88b3e43-5534-49b3-b3f2-a9f154b450de@group-2FABE92B7E5B-LeaderElection516: Election REJECTED; received 1 response(s) [b88b3e43-5534-49b3-b3f2-a9f154b450de<-1360619e-ba1e-4bf9-aec1-9f15b5480b27#0:FAIL-t556] and 1 exception(s); b88b3e43-5534-49b3-b3f2-a9f154b450de@group-2FABE92B7E5B:t556, leader=null, voted=b88b3e43-5534-49b3-b3f2-a9f154b450de, raftlog=b88b3e43-5534-49b3-b3f2-a9f154b450de@group-2FABE92B7E5B-SegmentedRaftLog:OPENED:c-1,f-1,i0, conf=-1: [c58a0a02-acd3-47c8-b3e9-5b8e0493de45:192.168.157.254:33611, 1360619e-ba1e-4bf9-aec1-9f15b5480b27:192.168.157.254:45658, b88b3e43-5534-49b3-b3f2-a9f154b450de:192.168.157.254:46786], old=null
2019-10-21 23:47:29,636 [b88b3e43-5534-49b3-b3f2-a9f154b450de@group-2FABE92B7E5B-LeaderElection516] INFO  impl.LeaderElection (LogUtils.java:infoOrTrace(149)) -   Exception 0: {}
java.util.concurrent.ExecutionException: org.apache.ratis.thirdparty.io.grpc.StatusRuntimeException: UNAVAILABLE: io exception
	at java.util.concurrent.FutureTask.report(FutureTask.java:122)
	at java.util.concurrent.FutureTask.get(FutureTask.java:192)
	at org.apache.ratis.server.impl.LeaderElection.waitForResults(LeaderElection.java:259)
	at org.apache.ratis.server.impl.LeaderElection.askForVotes(LeaderElection.java:197)
	at org.apache.ratis.server.impl.LeaderElection.run(LeaderElection.java:133)
	at java.lang.Thread.run(Thread.java:748)
Caused by: org.apache.ratis.thirdparty.io.grpc.StatusRuntimeException: UNAVAILABLE: io exception
	at org.apache.ratis.thirdparty.io.grpc.stub.ClientCalls.toStatusRuntimeException(ClientCalls.java:233)
	at org.apache.ratis.thirdparty.io.grpc.stub.ClientCalls.getUnchecked(ClientCalls.java:214)
	at org.apache.ratis.thirdparty.io.grpc.stub.ClientCalls.blockingUnaryCall(ClientCalls.java:139)
	at org.apache.ratis.proto.grpc.RaftServerProtocolServiceGrpc$RaftServerProtocolServiceBlockingStub.requestVote(RaftServerProtocolServiceGrpc.java:265)
	at org.apache.ratis.grpc.server.GrpcServerProtocolClient.requestVote(GrpcServerProtocolClient.java:99)
	at org.apache.ratis.grpc.server.GrpcService.requestVote(GrpcService.java:204)
	at org.apache.ratis.server.impl.LeaderElection.lambda$submitRequests$1(LeaderElection.java:234)
	at java.util.concurrent.FutureTask.run(FutureTask.java:266)
	at java.util.concurrent.Executors$RunnableAdapter.call(Executors.java:511)
	at java.util.concurrent.FutureTask.run(FutureTask.java:266)
	at java.util.concurrent.ThreadPoolExecutor.runWorker(ThreadPoolExecutor.java:1149)
	at java.util.concurrent.ThreadPoolExecutor$Worker.run(ThreadPoolExecutor.java:624)
	... 1 more
Caused by: org.apache.ratis.thirdparty.io.netty.channel.AbstractChannel$AnnotatedConnectException: Connection refused: /192.168.157.254:33611
	at sun.nio.ch.SocketChannelImpl.checkConnect(Native Method)
	at sun.nio.ch.SocketChannelImpl.finishConnect(SocketChannelImpl.java:717)
	at org.apache.ratis.thirdparty.io.netty.channel.socket.nio.NioSocketChannel.doFinishConnect(NioSocketChannel.java:327)
	at org.apache.ratis.thirdparty.io.netty.channel.nio.AbstractNioChannel$AbstractNioUnsafe.finishConnect(AbstractNioChannel.java:340)
	at org.apache.ratis.thirdparty.io.netty.channel.nio.NioEventLoop.processSelectedKey(NioEventLoop.java:632)
	at org.apache.ratis.thirdparty.io.netty.channel.nio.NioEventLoop.processSelectedKeysOptimized(NioEventLoop.java:579)
	at org.apache.ratis.thirdparty.io.netty.channel.nio.NioEventLoop.processSelectedKeys(NioEventLoop.java:496)
	at org.apache.ratis.thirdparty.io.netty.channel.nio.NioEventLoop.run(NioEventLoop.java:458)
	at org.apache.ratis.thirdparty.io.netty.util.concurrent.SingleThreadEventExecutor$5.run(SingleThreadEventExecutor.java:897)
	at org.apache.ratis.thirdparty.io.netty.util.concurrent.FastThreadLocalRunnable.run(FastThreadLocalRunnable.java:30)
	... 1 more
Caused by: java.net.ConnectException: Connection refused
	... 11 more
2019-10-21 23:47:29,636 [b88b3e43-5534-49b3-b3f2-a9f154b450de@group-2FABE92B7E5B-LeaderElection516] INFO  impl.RaftServerImpl (RaftServerImpl.java:setRole(184)) - b88b3e43-5534-49b3-b3f2-a9f154b450de@group-2FABE92B7E5B: changes role from CANDIDATE to FOLLOWER at term 556 for DISCOVERED_A_NEW_TERM
2019-10-21 23:47:29,636 [b88b3e43-5534-49b3-b3f2-a9f154b450de@group-2FABE92B7E5B-LeaderElection516] INFO  impl.RoleInfo (RoleInfo.java:shutdownLeaderElection(134)) - b88b3e43-5534-49b3-b3f2-a9f154b450de: shutdown LeaderElection
2019-10-21 23:47:29,636 [b88b3e43-5534-49b3-b3f2-a9f154b450de@group-2FABE92B7E5B-LeaderElection516] INFO  impl.RoleInfo (RoleInfo.java:updateAndGet(143)) - b88b3e43-5534-49b3-b3f2-a9f154b450de: start FollowerState
2019-10-21 23:47:29,825 [Thread-3611] INFO  impl.FollowerState (FollowerState.java:run(108)) - b88b3e43-5534-49b3-b3f2-a9f154b450de@group-2FABE92B7E5B-FollowerState: change to CANDIDATE, lastRpcTime:188ms, electionTimeout:188ms
2019-10-21 23:47:29,825 [Thread-3611] INFO  impl.RoleInfo (RoleInfo.java:shutdownFollowerState(121)) - b88b3e43-5534-49b3-b3f2-a9f154b450de: shutdown FollowerState
2019-10-21 23:47:29,825 [Thread-3611] INFO  impl.RaftServerImpl (RaftServerImpl.java:setRole(184)) - b88b3e43-5534-49b3-b3f2-a9f154b450de@group-2FABE92B7E5B: changes role from  FOLLOWER to CANDIDATE at term 556 for changeToCandidate
2019-10-21 23:47:29,825 [Thread-3611] INFO  impl.RoleInfo (RoleInfo.java:updateAndGet(143)) - b88b3e43-5534-49b3-b3f2-a9f154b450de: start LeaderElection
2019-10-21 23:47:29,830 [b88b3e43-5534-49b3-b3f2-a9f154b450de@group-2FABE92B7E5B-LeaderElection517] INFO  impl.LeaderElection (LeaderElection.java:askForVotes(178)) - b88b3e43-5534-49b3-b3f2-a9f154b450de@group-2FABE92B7E5B-LeaderElection517: begin an election at term 557 for -1: [c58a0a02-acd3-47c8-b3e9-5b8e0493de45:192.168.157.254:33611, 1360619e-ba1e-4bf9-aec1-9f15b5480b27:192.168.157.254:45658, b88b3e43-5534-49b3-b3f2-a9f154b450de:192.168.157.254:46786], old=null
2019-10-21 23:47:29,831 [b88b3e43-5534-49b3-b3f2-a9f154b450de@group-2FABE92B7E5B-LeaderElection517] INFO  impl.LeaderElection (LogUtils.java:infoOrTrace(149)) - b88b3e43-5534-49b3-b3f2-a9f154b450de@group-2FABE92B7E5B-LeaderElection517 got exception when requesting votes: {}
java.util.concurrent.ExecutionException: org.apache.ratis.thirdparty.io.grpc.StatusRuntimeException: UNAVAILABLE: io exception
	at java.util.concurrent.FutureTask.report(FutureTask.java:122)
	at java.util.concurrent.FutureTask.get(FutureTask.java:192)
	at org.apache.ratis.server.impl.LeaderElection.waitForResults(LeaderElection.java:259)
	at org.apache.ratis.server.impl.LeaderElection.askForVotes(LeaderElection.java:197)
	at org.apache.ratis.server.impl.LeaderElection.run(LeaderElection.java:133)
	at java.lang.Thread.run(Thread.java:748)
Caused by: org.apache.ratis.thirdparty.io.grpc.StatusRuntimeException: UNAVAILABLE: io exception
	at org.apache.ratis.thirdparty.io.grpc.stub.ClientCalls.toStatusRuntimeException(ClientCalls.java:233)
	at org.apache.ratis.thirdparty.io.grpc.stub.ClientCalls.getUnchecked(ClientCalls.java:214)
	at org.apache.ratis.thirdparty.io.grpc.stub.ClientCalls.blockingUnaryCall(ClientCalls.java:139)
	at org.apache.ratis.proto.grpc.RaftServerProtocolServiceGrpc$RaftServerProtocolServiceBlockingStub.requestVote(RaftServerProtocolServiceGrpc.java:265)
	at org.apache.ratis.grpc.server.GrpcServerProtocolClient.requestVote(GrpcServerProtocolClient.java:99)
	at org.apache.ratis.grpc.server.GrpcService.requestVote(GrpcService.java:204)
	at org.apache.ratis.server.impl.LeaderElection.lambda$submitRequests$1(LeaderElection.java:234)
	at java.util.concurrent.FutureTask.run(FutureTask.java:266)
	at java.util.concurrent.Executors$RunnableAdapter.call(Executors.java:511)
	at java.util.concurrent.FutureTask.run(FutureTask.java:266)
	at java.util.concurrent.ThreadPoolExecutor.runWorker(ThreadPoolExecutor.java:1149)
	at java.util.concurrent.ThreadPoolExecutor$Worker.run(ThreadPoolExecutor.java:624)
	... 1 more
Caused by: org.apache.ratis.thirdparty.io.netty.channel.AbstractChannel$AnnotatedConnectException: Connection refused: /192.168.157.254:33611
	at sun.nio.ch.SocketChannelImpl.checkConnect(Native Method)
	at sun.nio.ch.SocketChannelImpl.finishConnect(SocketChannelImpl.java:717)
	at org.apache.ratis.thirdparty.io.netty.channel.socket.nio.NioSocketChannel.doFinishConnect(NioSocketChannel.java:327)
	at org.apache.ratis.thirdparty.io.netty.channel.nio.AbstractNioChannel$AbstractNioUnsafe.finishConnect(AbstractNioChannel.java:340)
	at org.apache.ratis.thirdparty.io.netty.channel.nio.NioEventLoop.processSelectedKey(NioEventLoop.java:632)
	at org.apache.ratis.thirdparty.io.netty.channel.nio.NioEventLoop.processSelectedKeysOptimized(NioEventLoop.java:579)
	at org.apache.ratis.thirdparty.io.netty.channel.nio.NioEventLoop.processSelectedKeys(NioEventLoop.java:496)
	at org.apache.ratis.thirdparty.io.netty.channel.nio.NioEventLoop.run(NioEventLoop.java:458)
	at org.apache.ratis.thirdparty.io.netty.util.concurrent.SingleThreadEventExecutor$5.run(SingleThreadEventExecutor.java:897)
	at org.apache.ratis.thirdparty.io.netty.util.concurrent.FastThreadLocalRunnable.run(FastThreadLocalRunnable.java:30)
	... 1 more
Caused by: java.net.ConnectException: Connection refused
	... 11 more
2019-10-21 23:47:29,833 [grpc-default-executor-1] INFO  impl.RaftServerImpl (RaftServerImpl.java:setRole(184)) - 1360619e-ba1e-4bf9-aec1-9f15b5480b27@group-2FABE92B7E5B: changes role from  FOLLOWER to FOLLOWER at term 557 for recognizeCandidate:b88b3e43-5534-49b3-b3f2-a9f154b450de
2019-10-21 23:47:29,833 [grpc-default-executor-1] INFO  impl.RoleInfo (RoleInfo.java:shutdownFollowerState(121)) - 1360619e-ba1e-4bf9-aec1-9f15b5480b27: shutdown FollowerState
2019-10-21 23:47:29,834 [grpc-default-executor-1] INFO  impl.RoleInfo (RoleInfo.java:updateAndGet(143)) - 1360619e-ba1e-4bf9-aec1-9f15b5480b27: start FollowerState
2019-10-21 23:47:29,834 [Thread-3610] INFO  impl.FollowerState (FollowerState.java:run(117)) - 1360619e-ba1e-4bf9-aec1-9f15b5480b27@group-2FABE92B7E5B-FollowerState was interrupted: java.lang.InterruptedException: sleep interrupted
2019-10-21 23:47:29,837 [b88b3e43-5534-49b3-b3f2-a9f154b450de@group-2FABE92B7E5B-LeaderElection517] INFO  impl.LeaderElection (LeaderElection.java:logAndReturn(56)) - b88b3e43-5534-49b3-b3f2-a9f154b450de@group-2FABE92B7E5B-LeaderElection517: Election REJECTED; received 1 response(s) [b88b3e43-5534-49b3-b3f2-a9f154b450de<-1360619e-ba1e-4bf9-aec1-9f15b5480b27#0:FAIL-t557] and 1 exception(s); b88b3e43-5534-49b3-b3f2-a9f154b450de@group-2FABE92B7E5B:t557, leader=null, voted=b88b3e43-5534-49b3-b3f2-a9f154b450de, raftlog=b88b3e43-5534-49b3-b3f2-a9f154b450de@group-2FABE92B7E5B-SegmentedRaftLog:OPENED:c-1,f-1,i0, conf=-1: [c58a0a02-acd3-47c8-b3e9-5b8e0493de45:192.168.157.254:33611, 1360619e-ba1e-4bf9-aec1-9f15b5480b27:192.168.157.254:45658, b88b3e43-5534-49b3-b3f2-a9f154b450de:192.168.157.254:46786], old=null
2019-10-21 23:47:29,837 [b88b3e43-5534-49b3-b3f2-a9f154b450de@group-2FABE92B7E5B-LeaderElection517] INFO  impl.LeaderElection (LogUtils.java:infoOrTrace(149)) -   Exception 0: {}
java.util.concurrent.ExecutionException: org.apache.ratis.thirdparty.io.grpc.StatusRuntimeException: UNAVAILABLE: io exception
	at java.util.concurrent.FutureTask.report(FutureTask.java:122)
	at java.util.concurrent.FutureTask.get(FutureTask.java:192)
	at org.apache.ratis.server.impl.LeaderElection.waitForResults(LeaderElection.java:259)
	at org.apache.ratis.server.impl.LeaderElection.askForVotes(LeaderElection.java:197)
	at org.apache.ratis.server.impl.LeaderElection.run(LeaderElection.java:133)
	at java.lang.Thread.run(Thread.java:748)
Caused by: org.apache.ratis.thirdparty.io.grpc.StatusRuntimeException: UNAVAILABLE: io exception
	at org.apache.ratis.thirdparty.io.grpc.stub.ClientCalls.toStatusRuntimeException(ClientCalls.java:233)
	at org.apache.ratis.thirdparty.io.grpc.stub.ClientCalls.getUnchecked(ClientCalls.java:214)
	at org.apache.ratis.thirdparty.io.grpc.stub.ClientCalls.blockingUnaryCall(ClientCalls.java:139)
	at org.apache.ratis.proto.grpc.RaftServerProtocolServiceGrpc$RaftServerProtocolServiceBlockingStub.requestVote(RaftServerProtocolServiceGrpc.java:265)
	at org.apache.ratis.grpc.server.GrpcServerProtocolClient.requestVote(GrpcServerProtocolClient.java:99)
	at org.apache.ratis.grpc.server.GrpcService.requestVote(GrpcService.java:204)
	at org.apache.ratis.server.impl.LeaderElection.lambda$submitRequests$1(LeaderElection.java:234)
	at java.util.concurrent.FutureTask.run(FutureTask.java:266)
	at java.util.concurrent.Executors$RunnableAdapter.call(Executors.java:511)
	at java.util.concurrent.FutureTask.run(FutureTask.java:266)
	at java.util.concurrent.ThreadPoolExecutor.runWorker(ThreadPoolExecutor.java:1149)
	at java.util.concurrent.ThreadPoolExecutor$Worker.run(ThreadPoolExecutor.java:624)
	... 1 more
Caused by: org.apache.ratis.thirdparty.io.netty.channel.AbstractChannel$AnnotatedConnectException: Connection refused: /192.168.157.254:33611
	at sun.nio.ch.SocketChannelImpl.checkConnect(Native Method)
	at sun.nio.ch.SocketChannelImpl.finishConnect(SocketChannelImpl.java:717)
	at org.apache.ratis.thirdparty.io.netty.channel.socket.nio.NioSocketChannel.doFinishConnect(NioSocketChannel.java:327)
	at org.apache.ratis.thirdparty.io.netty.channel.nio.AbstractNioChannel$AbstractNioUnsafe.finishConnect(AbstractNioChannel.java:340)
	at org.apache.ratis.thirdparty.io.netty.channel.nio.NioEventLoop.processSelectedKey(NioEventLoop.java:632)
	at org.apache.ratis.thirdparty.io.netty.channel.nio.NioEventLoop.processSelectedKeysOptimized(NioEventLoop.java:579)
	at org.apache.ratis.thirdparty.io.netty.channel.nio.NioEventLoop.processSelectedKeys(NioEventLoop.java:496)
	at org.apache.ratis.thirdparty.io.netty.channel.nio.NioEventLoop.run(NioEventLoop.java:458)
	at org.apache.ratis.thirdparty.io.netty.util.concurrent.SingleThreadEventExecutor$5.run(SingleThreadEventExecutor.java:897)
	at org.apache.ratis.thirdparty.io.netty.util.concurrent.FastThreadLocalRunnable.run(FastThreadLocalRunnable.java:30)
	... 1 more
Caused by: java.net.ConnectException: Connection refused
	... 11 more
2019-10-21 23:47:29,837 [b88b3e43-5534-49b3-b3f2-a9f154b450de@group-2FABE92B7E5B-LeaderElection517] INFO  impl.RaftServerImpl (RaftServerImpl.java:setRole(184)) - b88b3e43-5534-49b3-b3f2-a9f154b450de@group-2FABE92B7E5B: changes role from CANDIDATE to FOLLOWER at term 557 for DISCOVERED_A_NEW_TERM
2019-10-21 23:47:29,838 [b88b3e43-5534-49b3-b3f2-a9f154b450de@group-2FABE92B7E5B-LeaderElection517] INFO  impl.RoleInfo (RoleInfo.java:shutdownLeaderElection(134)) - b88b3e43-5534-49b3-b3f2-a9f154b450de: shutdown LeaderElection
2019-10-21 23:47:29,838 [b88b3e43-5534-49b3-b3f2-a9f154b450de@group-2FABE92B7E5B-LeaderElection517] INFO  impl.RoleInfo (RoleInfo.java:updateAndGet(143)) - b88b3e43-5534-49b3-b3f2-a9f154b450de: start FollowerState
2019-10-21 23:47:29,866 [Thread-3616] INFO  impl.FollowerState (FollowerState.java:run(108)) - b88b3e43-5534-49b3-b3f2-a9f154b450de@group-2FABE92B7E5B-FollowerState: change to CANDIDATE, lastRpcTime:28ms, electionTimeout:28ms
2019-10-21 23:47:29,866 [Thread-3616] INFO  impl.RoleInfo (RoleInfo.java:shutdownFollowerState(121)) - b88b3e43-5534-49b3-b3f2-a9f154b450de: shutdown FollowerState
2019-10-21 23:47:29,866 [Thread-3616] INFO  impl.RaftServerImpl (RaftServerImpl.java:setRole(184)) - b88b3e43-5534-49b3-b3f2-a9f154b450de@group-2FABE92B7E5B: changes role from  FOLLOWER to CANDIDATE at term 557 for changeToCandidate
2019-10-21 23:47:29,866 [Thread-3616] INFO  impl.RoleInfo (RoleInfo.java:updateAndGet(143)) - b88b3e43-5534-49b3-b3f2-a9f154b450de: start LeaderElection
2019-10-21 23:47:29,878 [b88b3e43-5534-49b3-b3f2-a9f154b450de@group-2FABE92B7E5B-LeaderElection518] INFO  impl.LeaderElection (LeaderElection.java:askForVotes(178)) - b88b3e43-5534-49b3-b3f2-a9f154b450de@group-2FABE92B7E5B-LeaderElection518: begin an election at term 558 for -1: [c58a0a02-acd3-47c8-b3e9-5b8e0493de45:192.168.157.254:33611, 1360619e-ba1e-4bf9-aec1-9f15b5480b27:192.168.157.254:45658, b88b3e43-5534-49b3-b3f2-a9f154b450de:192.168.157.254:46786], old=null
2019-10-21 23:47:29,879 [b88b3e43-5534-49b3-b3f2-a9f154b450de@group-2FABE92B7E5B-LeaderElection518] INFO  impl.LeaderElection (LogUtils.java:infoOrTrace(149)) - b88b3e43-5534-49b3-b3f2-a9f154b450de@group-2FABE92B7E5B-LeaderElection518 got exception when requesting votes: {}
java.util.concurrent.ExecutionException: org.apache.ratis.thirdparty.io.grpc.StatusRuntimeException: UNAVAILABLE: io exception
	at java.util.concurrent.FutureTask.report(FutureTask.java:122)
	at java.util.concurrent.FutureTask.get(FutureTask.java:192)
	at org.apache.ratis.server.impl.LeaderElection.waitForResults(LeaderElection.java:259)
	at org.apache.ratis.server.impl.LeaderElection.askForVotes(LeaderElection.java:197)
	at org.apache.ratis.server.impl.LeaderElection.run(LeaderElection.java:133)
	at java.lang.Thread.run(Thread.java:748)
Caused by: org.apache.ratis.thirdparty.io.grpc.StatusRuntimeException: UNAVAILABLE: io exception
	at org.apache.ratis.thirdparty.io.grpc.stub.ClientCalls.toStatusRuntimeException(ClientCalls.java:233)
	at org.apache.ratis.thirdparty.io.grpc.stub.ClientCalls.getUnchecked(ClientCalls.java:214)
	at org.apache.ratis.thirdparty.io.grpc.stub.ClientCalls.blockingUnaryCall(ClientCalls.java:139)
	at org.apache.ratis.proto.grpc.RaftServerProtocolServiceGrpc$RaftServerProtocolServiceBlockingStub.requestVote(RaftServerProtocolServiceGrpc.java:265)
	at org.apache.ratis.grpc.server.GrpcServerProtocolClient.requestVote(GrpcServerProtocolClient.java:99)
	at org.apache.ratis.grpc.server.GrpcService.requestVote(GrpcService.java:204)
	at org.apache.ratis.server.impl.LeaderElection.lambda$submitRequests$1(LeaderElection.java:234)
	at java.util.concurrent.FutureTask.run(FutureTask.java:266)
	at java.util.concurrent.Executors$RunnableAdapter.call(Executors.java:511)
	at java.util.concurrent.FutureTask.run(FutureTask.java:266)
	at java.util.concurrent.ThreadPoolExecutor.runWorker(ThreadPoolExecutor.java:1149)
	at java.util.concurrent.ThreadPoolExecutor$Worker.run(ThreadPoolExecutor.java:624)
	... 1 more
Caused by: org.apache.ratis.thirdparty.io.netty.channel.AbstractChannel$AnnotatedConnectException: Connection refused: /192.168.157.254:33611
	at sun.nio.ch.SocketChannelImpl.checkConnect(Native Method)
	at sun.nio.ch.SocketChannelImpl.finishConnect(SocketChannelImpl.java:717)
	at org.apache.ratis.thirdparty.io.netty.channel.socket.nio.NioSocketChannel.doFinishConnect(NioSocketChannel.java:327)
	at org.apache.ratis.thirdparty.io.netty.channel.nio.AbstractNioChannel$AbstractNioUnsafe.finishConnect(AbstractNioChannel.java:340)
	at org.apache.ratis.thirdparty.io.netty.channel.nio.NioEventLoop.processSelectedKey(NioEventLoop.java:632)
	at org.apache.ratis.thirdparty.io.netty.channel.nio.NioEventLoop.processSelectedKeysOptimized(NioEventLoop.java:579)
	at org.apache.ratis.thirdparty.io.netty.channel.nio.NioEventLoop.processSelectedKeys(NioEventLoop.java:496)
	at org.apache.ratis.thirdparty.io.netty.channel.nio.NioEventLoop.run(NioEventLoop.java:458)
	at org.apache.ratis.thirdparty.io.netty.util.concurrent.SingleThreadEventExecutor$5.run(SingleThreadEventExecutor.java:897)
	at org.apache.ratis.thirdparty.io.netty.util.concurrent.FastThreadLocalRunnable.run(FastThreadLocalRunnable.java:30)
	... 1 more
Caused by: java.net.ConnectException: Connection refused
	... 11 more
2019-10-21 23:47:29,880 [grpc-default-executor-1] INFO  impl.RaftServerImpl (RaftServerImpl.java:setRole(184)) - 1360619e-ba1e-4bf9-aec1-9f15b5480b27@group-2FABE92B7E5B: changes role from  FOLLOWER to FOLLOWER at term 558 for recognizeCandidate:b88b3e43-5534-49b3-b3f2-a9f154b450de
2019-10-21 23:47:29,881 [grpc-default-executor-1] INFO  impl.RoleInfo (RoleInfo.java:shutdownFollowerState(121)) - 1360619e-ba1e-4bf9-aec1-9f15b5480b27: shutdown FollowerState
2019-10-21 23:47:29,881 [grpc-default-executor-1] INFO  impl.RoleInfo (RoleInfo.java:updateAndGet(143)) - 1360619e-ba1e-4bf9-aec1-9f15b5480b27: start FollowerState
2019-10-21 23:47:29,881 [Thread-3615] INFO  impl.FollowerState (FollowerState.java:run(117)) - 1360619e-ba1e-4bf9-aec1-9f15b5480b27@group-2FABE92B7E5B-FollowerState was interrupted: java.lang.InterruptedException: sleep interrupted
2019-10-21 23:47:29,884 [b88b3e43-5534-49b3-b3f2-a9f154b450de@group-2FABE92B7E5B-LeaderElection518] INFO  impl.LeaderElection (LeaderElection.java:logAndReturn(56)) - b88b3e43-5534-49b3-b3f2-a9f154b450de@group-2FABE92B7E5B-LeaderElection518: Election REJECTED; received 1 response(s) [b88b3e43-5534-49b3-b3f2-a9f154b450de<-1360619e-ba1e-4bf9-aec1-9f15b5480b27#0:FAIL-t558] and 1 exception(s); b88b3e43-5534-49b3-b3f2-a9f154b450de@group-2FABE92B7E5B:t558, leader=null, voted=b88b3e43-5534-49b3-b3f2-a9f154b450de, raftlog=b88b3e43-5534-49b3-b3f2-a9f154b450de@group-2FABE92B7E5B-SegmentedRaftLog:OPENED:c-1,f-1,i0, conf=-1: [c58a0a02-acd3-47c8-b3e9-5b8e0493de45:192.168.157.254:33611, 1360619e-ba1e-4bf9-aec1-9f15b5480b27:192.168.157.254:45658, b88b3e43-5534-49b3-b3f2-a9f154b450de:192.168.157.254:46786], old=null
2019-10-21 23:47:29,884 [b88b3e43-5534-49b3-b3f2-a9f154b450de@group-2FABE92B7E5B-LeaderElection518] INFO  impl.LeaderElection (LogUtils.java:infoOrTrace(149)) -   Exception 0: {}
java.util.concurrent.ExecutionException: org.apache.ratis.thirdparty.io.grpc.StatusRuntimeException: UNAVAILABLE: io exception
	at java.util.concurrent.FutureTask.report(FutureTask.java:122)
	at java.util.concurrent.FutureTask.get(FutureTask.java:192)
	at org.apache.ratis.server.impl.LeaderElection.waitForResults(LeaderElection.java:259)
	at org.apache.ratis.server.impl.LeaderElection.askForVotes(LeaderElection.java:197)
	at org.apache.ratis.server.impl.LeaderElection.run(LeaderElection.java:133)
	at java.lang.Thread.run(Thread.java:748)
Caused by: org.apache.ratis.thirdparty.io.grpc.StatusRuntimeException: UNAVAILABLE: io exception
	at org.apache.ratis.thirdparty.io.grpc.stub.ClientCalls.toStatusRuntimeException(ClientCalls.java:233)
	at org.apache.ratis.thirdparty.io.grpc.stub.ClientCalls.getUnchecked(ClientCalls.java:214)
	at org.apache.ratis.thirdparty.io.grpc.stub.ClientCalls.blockingUnaryCall(ClientCalls.java:139)
	at org.apache.ratis.proto.grpc.RaftServerProtocolServiceGrpc$RaftServerProtocolServiceBlockingStub.requestVote(RaftServerProtocolServiceGrpc.java:265)
	at org.apache.ratis.grpc.server.GrpcServerProtocolClient.requestVote(GrpcServerProtocolClient.java:99)
	at org.apache.ratis.grpc.server.GrpcService.requestVote(GrpcService.java:204)
	at org.apache.ratis.server.impl.LeaderElection.lambda$submitRequests$1(LeaderElection.java:234)
	at java.util.concurrent.FutureTask.run(FutureTask.java:266)
	at java.util.concurrent.Executors$RunnableAdapter.call(Executors.java:511)
	at java.util.concurrent.FutureTask.run(FutureTask.java:266)
	at java.util.concurrent.ThreadPoolExecutor.runWorker(ThreadPoolExecutor.java:1149)
	at java.util.concurrent.ThreadPoolExecutor$Worker.run(ThreadPoolExecutor.java:624)
	... 1 more
Caused by: org.apache.ratis.thirdparty.io.netty.channel.AbstractChannel$AnnotatedConnectException: Connection refused: /192.168.157.254:33611
	at sun.nio.ch.SocketChannelImpl.checkConnect(Native Method)
	at sun.nio.ch.SocketChannelImpl.finishConnect(SocketChannelImpl.java:717)
	at org.apache.ratis.thirdparty.io.netty.channel.socket.nio.NioSocketChannel.doFinishConnect(NioSocketChannel.java:327)
	at org.apache.ratis.thirdparty.io.netty.channel.nio.AbstractNioChannel$AbstractNioUnsafe.finishConnect(AbstractNioChannel.java:340)
	at org.apache.ratis.thirdparty.io.netty.channel.nio.NioEventLoop.processSelectedKey(NioEventLoop.java:632)
	at org.apache.ratis.thirdparty.io.netty.channel.nio.NioEventLoop.processSelectedKeysOptimized(NioEventLoop.java:579)
	at org.apache.ratis.thirdparty.io.netty.channel.nio.NioEventLoop.processSelectedKeys(NioEventLoop.java:496)
	at org.apache.ratis.thirdparty.io.netty.channel.nio.NioEventLoop.run(NioEventLoop.java:458)
	at org.apache.ratis.thirdparty.io.netty.util.concurrent.SingleThreadEventExecutor$5.run(SingleThreadEventExecutor.java:897)
	at org.apache.ratis.thirdparty.io.netty.util.concurrent.FastThreadLocalRunnable.run(FastThreadLocalRunnable.java:30)
	... 1 more
Caused by: java.net.ConnectException: Connection refused
	... 11 more
2019-10-21 23:47:29,885 [b88b3e43-5534-49b3-b3f2-a9f154b450de@group-2FABE92B7E5B-LeaderElection518] INFO  impl.RaftServerImpl (RaftServerImpl.java:setRole(184)) - b88b3e43-5534-49b3-b3f2-a9f154b450de@group-2FABE92B7E5B: changes role from CANDIDATE to FOLLOWER at term 558 for DISCOVERED_A_NEW_TERM
2019-10-21 23:47:29,885 [b88b3e43-5534-49b3-b3f2-a9f154b450de@group-2FABE92B7E5B-LeaderElection518] INFO  impl.RoleInfo (RoleInfo.java:shutdownLeaderElection(134)) - b88b3e43-5534-49b3-b3f2-a9f154b450de: shutdown LeaderElection
2019-10-21 23:47:29,885 [b88b3e43-5534-49b3-b3f2-a9f154b450de@group-2FABE92B7E5B-LeaderElection518] INFO  impl.RoleInfo (RoleInfo.java:updateAndGet(143)) - b88b3e43-5534-49b3-b3f2-a9f154b450de: start FollowerState
2019-10-21 23:47:29,889 [Thread-3621] INFO  impl.FollowerState (FollowerState.java:run(108)) - b88b3e43-5534-49b3-b3f2-a9f154b450de@group-2FABE92B7E5B-FollowerState: change to CANDIDATE, lastRpcTime:4ms, electionTimeout:4ms
2019-10-21 23:47:29,889 [Thread-3621] INFO  impl.RoleInfo (RoleInfo.java:shutdownFollowerState(121)) - b88b3e43-5534-49b3-b3f2-a9f154b450de: shutdown FollowerState
2019-10-21 23:47:29,889 [Thread-3621] INFO  impl.RaftServerImpl (RaftServerImpl.java:setRole(184)) - b88b3e43-5534-49b3-b3f2-a9f154b450de@group-2FABE92B7E5B: changes role from  FOLLOWER to CANDIDATE at term 558 for changeToCandidate
2019-10-21 23:47:29,889 [Thread-3621] INFO  impl.RoleInfo (RoleInfo.java:updateAndGet(143)) - b88b3e43-5534-49b3-b3f2-a9f154b450de: start LeaderElection
2019-10-21 23:47:29,893 [b88b3e43-5534-49b3-b3f2-a9f154b450de@group-2FABE92B7E5B-LeaderElection519] INFO  impl.LeaderElection (LeaderElection.java:askForVotes(178)) - b88b3e43-5534-49b3-b3f2-a9f154b450de@group-2FABE92B7E5B-LeaderElection519: begin an election at term 559 for -1: [c58a0a02-acd3-47c8-b3e9-5b8e0493de45:192.168.157.254:33611, 1360619e-ba1e-4bf9-aec1-9f15b5480b27:192.168.157.254:45658, b88b3e43-5534-49b3-b3f2-a9f154b450de:192.168.157.254:46786], old=null
2019-10-21 23:47:29,893 [b88b3e43-5534-49b3-b3f2-a9f154b450de@group-2FABE92B7E5B-LeaderElection519] INFO  impl.LeaderElection (LogUtils.java:infoOrTrace(149)) - b88b3e43-5534-49b3-b3f2-a9f154b450de@group-2FABE92B7E5B-LeaderElection519 got exception when requesting votes: {}
java.util.concurrent.ExecutionException: org.apache.ratis.thirdparty.io.grpc.StatusRuntimeException: UNAVAILABLE: io exception
	at java.util.concurrent.FutureTask.report(FutureTask.java:122)
	at java.util.concurrent.FutureTask.get(FutureTask.java:192)
	at org.apache.ratis.server.impl.LeaderElection.waitForResults(LeaderElection.java:259)
	at org.apache.ratis.server.impl.LeaderElection.askForVotes(LeaderElection.java:197)
	at org.apache.ratis.server.impl.LeaderElection.run(LeaderElection.java:133)
	at java.lang.Thread.run(Thread.java:748)
Caused by: org.apache.ratis.thirdparty.io.grpc.StatusRuntimeException: UNAVAILABLE: io exception
	at org.apache.ratis.thirdparty.io.grpc.stub.ClientCalls.toStatusRuntimeException(ClientCalls.java:233)
	at org.apache.ratis.thirdparty.io.grpc.stub.ClientCalls.getUnchecked(ClientCalls.java:214)
	at org.apache.ratis.thirdparty.io.grpc.stub.ClientCalls.blockingUnaryCall(ClientCalls.java:139)
	at org.apache.ratis.proto.grpc.RaftServerProtocolServiceGrpc$RaftServerProtocolServiceBlockingStub.requestVote(RaftServerProtocolServiceGrpc.java:265)
	at org.apache.ratis.grpc.server.GrpcServerProtocolClient.requestVote(GrpcServerProtocolClient.java:99)
	at org.apache.ratis.grpc.server.GrpcService.requestVote(GrpcService.java:204)
	at org.apache.ratis.server.impl.LeaderElection.lambda$submitRequests$1(LeaderElection.java:234)
	at java.util.concurrent.FutureTask.run(FutureTask.java:266)
	at java.util.concurrent.Executors$RunnableAdapter.call(Executors.java:511)
	at java.util.concurrent.FutureTask.run(FutureTask.java:266)
	at java.util.concurrent.ThreadPoolExecutor.runWorker(ThreadPoolExecutor.java:1149)
	at java.util.concurrent.ThreadPoolExecutor$Worker.run(ThreadPoolExecutor.java:624)
	... 1 more
Caused by: org.apache.ratis.thirdparty.io.netty.channel.AbstractChannel$AnnotatedConnectException: Connection refused: /192.168.157.254:33611
	at sun.nio.ch.SocketChannelImpl.checkConnect(Native Method)
	at sun.nio.ch.SocketChannelImpl.finishConnect(SocketChannelImpl.java:717)
	at org.apache.ratis.thirdparty.io.netty.channel.socket.nio.NioSocketChannel.doFinishConnect(NioSocketChannel.java:327)
	at org.apache.ratis.thirdparty.io.netty.channel.nio.AbstractNioChannel$AbstractNioUnsafe.finishConnect(AbstractNioChannel.java:340)
	at org.apache.ratis.thirdparty.io.netty.channel.nio.NioEventLoop.processSelectedKey(NioEventLoop.java:632)
	at org.apache.ratis.thirdparty.io.netty.channel.nio.NioEventLoop.processSelectedKeysOptimized(NioEventLoop.java:579)
	at org.apache.ratis.thirdparty.io.netty.channel.nio.NioEventLoop.processSelectedKeys(NioEventLoop.java:496)
	at org.apache.ratis.thirdparty.io.netty.channel.nio.NioEventLoop.run(NioEventLoop.java:458)
	at org.apache.ratis.thirdparty.io.netty.util.concurrent.SingleThreadEventExecutor$5.run(SingleThreadEventExecutor.java:897)
	at org.apache.ratis.thirdparty.io.netty.util.concurrent.FastThreadLocalRunnable.run(FastThreadLocalRunnable.java:30)
	... 1 more
Caused by: java.net.ConnectException: Connection refused
	... 11 more
2019-10-21 23:47:29,895 [grpc-default-executor-1] INFO  impl.RaftServerImpl (RaftServerImpl.java:setRole(184)) - 1360619e-ba1e-4bf9-aec1-9f15b5480b27@group-2FABE92B7E5B: changes role from  FOLLOWER to FOLLOWER at term 559 for recognizeCandidate:b88b3e43-5534-49b3-b3f2-a9f154b450de
2019-10-21 23:47:29,895 [grpc-default-executor-1] INFO  impl.RoleInfo (RoleInfo.java:shutdownFollowerState(121)) - 1360619e-ba1e-4bf9-aec1-9f15b5480b27: shutdown FollowerState
2019-10-21 23:47:29,895 [grpc-default-executor-1] INFO  impl.RoleInfo (RoleInfo.java:updateAndGet(143)) - 1360619e-ba1e-4bf9-aec1-9f15b5480b27: start FollowerState
2019-10-21 23:47:29,895 [Thread-3620] INFO  impl.FollowerState (FollowerState.java:run(117)) - 1360619e-ba1e-4bf9-aec1-9f15b5480b27@group-2FABE92B7E5B-FollowerState was interrupted: java.lang.InterruptedException: sleep interrupted
2019-10-21 23:47:29,902 [b88b3e43-5534-49b3-b3f2-a9f154b450de@group-2FABE92B7E5B-LeaderElection519] INFO  impl.LeaderElection (LeaderElection.java:logAndReturn(56)) - b88b3e43-5534-49b3-b3f2-a9f154b450de@group-2FABE92B7E5B-LeaderElection519: Election REJECTED; received 1 response(s) [b88b3e43-5534-49b3-b3f2-a9f154b450de<-1360619e-ba1e-4bf9-aec1-9f15b5480b27#0:FAIL-t559] and 1 exception(s); b88b3e43-5534-49b3-b3f2-a9f154b450de@group-2FABE92B7E5B:t559, leader=null, voted=b88b3e43-5534-49b3-b3f2-a9f154b450de, raftlog=b88b3e43-5534-49b3-b3f2-a9f154b450de@group-2FABE92B7E5B-SegmentedRaftLog:OPENED:c-1,f-1,i0, conf=-1: [c58a0a02-acd3-47c8-b3e9-5b8e0493de45:192.168.157.254:33611, 1360619e-ba1e-4bf9-aec1-9f15b5480b27:192.168.157.254:45658, b88b3e43-5534-49b3-b3f2-a9f154b450de:192.168.157.254:46786], old=null
2019-10-21 23:47:29,903 [b88b3e43-5534-49b3-b3f2-a9f154b450de@group-2FABE92B7E5B-LeaderElection519] INFO  impl.LeaderElection (LogUtils.java:infoOrTrace(149)) -   Exception 0: {}
java.util.concurrent.ExecutionException: org.apache.ratis.thirdparty.io.grpc.StatusRuntimeException: UNAVAILABLE: io exception
	at java.util.concurrent.FutureTask.report(FutureTask.java:122)
	at java.util.concurrent.FutureTask.get(FutureTask.java:192)
	at org.apache.ratis.server.impl.LeaderElection.waitForResults(LeaderElection.java:259)
	at org.apache.ratis.server.impl.LeaderElection.askForVotes(LeaderElection.java:197)
	at org.apache.ratis.server.impl.LeaderElection.run(LeaderElection.java:133)
	at java.lang.Thread.run(Thread.java:748)
Caused by: org.apache.ratis.thirdparty.io.grpc.StatusRuntimeException: UNAVAILABLE: io exception
	at org.apache.ratis.thirdparty.io.grpc.stub.ClientCalls.toStatusRuntimeException(ClientCalls.java:233)
	at org.apache.ratis.thirdparty.io.grpc.stub.ClientCalls.getUnchecked(ClientCalls.java:214)
	at org.apache.ratis.thirdparty.io.grpc.stub.ClientCalls.blockingUnaryCall(ClientCalls.java:139)
	at org.apache.ratis.proto.grpc.RaftServerProtocolServiceGrpc$RaftServerProtocolServiceBlockingStub.requestVote(RaftServerProtocolServiceGrpc.java:265)
	at org.apache.ratis.grpc.server.GrpcServerProtocolClient.requestVote(GrpcServerProtocolClient.java:99)
	at org.apache.ratis.grpc.server.GrpcService.requestVote(GrpcService.java:204)
	at org.apache.ratis.server.impl.LeaderElection.lambda$submitRequests$1(LeaderElection.java:234)
	at java.util.concurrent.FutureTask.run(FutureTask.java:266)
	at java.util.concurrent.Executors$RunnableAdapter.call(Executors.java:511)
	at java.util.concurrent.FutureTask.run(FutureTask.java:266)
	at java.util.concurrent.ThreadPoolExecutor.runWorker(ThreadPoolExecutor.java:1149)
	at java.util.concurrent.ThreadPoolExecutor$Worker.run(ThreadPoolExecutor.java:624)
	... 1 more
Caused by: org.apache.ratis.thirdparty.io.netty.channel.AbstractChannel$AnnotatedConnectException: Connection refused: /192.168.157.254:33611
	at sun.nio.ch.SocketChannelImpl.checkConnect(Native Method)
	at sun.nio.ch.SocketChannelImpl.finishConnect(SocketChannelImpl.java:717)
	at org.apache.ratis.thirdparty.io.netty.channel.socket.nio.NioSocketChannel.doFinishConnect(NioSocketChannel.java:327)
	at org.apache.ratis.thirdparty.io.netty.channel.nio.AbstractNioChannel$AbstractNioUnsafe.finishConnect(AbstractNioChannel.java:340)
	at org.apache.ratis.thirdparty.io.netty.channel.nio.NioEventLoop.processSelectedKey(NioEventLoop.java:632)
	at org.apache.ratis.thirdparty.io.netty.channel.nio.NioEventLoop.processSelectedKeysOptimized(NioEventLoop.java:579)
	at org.apache.ratis.thirdparty.io.netty.channel.nio.NioEventLoop.processSelectedKeys(NioEventLoop.java:496)
	at org.apache.ratis.thirdparty.io.netty.channel.nio.NioEventLoop.run(NioEventLoop.java:458)
	at org.apache.ratis.thirdparty.io.netty.util.concurrent.SingleThreadEventExecutor$5.run(SingleThreadEventExecutor.java:897)
	at org.apache.ratis.thirdparty.io.netty.util.concurrent.FastThreadLocalRunnable.run(FastThreadLocalRunnable.java:30)
	... 1 more
Caused by: java.net.ConnectException: Connection refused
	... 11 more
2019-10-21 23:47:29,904 [b88b3e43-5534-49b3-b3f2-a9f154b450de@group-2FABE92B7E5B-LeaderElection519] INFO  impl.RaftServerImpl (RaftServerImpl.java:setRole(184)) - b88b3e43-5534-49b3-b3f2-a9f154b450de@group-2FABE92B7E5B: changes role from CANDIDATE to FOLLOWER at term 559 for DISCOVERED_A_NEW_TERM
2019-10-21 23:47:29,904 [b88b3e43-5534-49b3-b3f2-a9f154b450de@group-2FABE92B7E5B-LeaderElection519] INFO  impl.RoleInfo (RoleInfo.java:shutdownLeaderElection(134)) - b88b3e43-5534-49b3-b3f2-a9f154b450de: shutdown LeaderElection
2019-10-21 23:47:29,904 [b88b3e43-5534-49b3-b3f2-a9f154b450de@group-2FABE92B7E5B-LeaderElection519] INFO  impl.RoleInfo (RoleInfo.java:updateAndGet(143)) - b88b3e43-5534-49b3-b3f2-a9f154b450de: start FollowerState
2019-10-21 23:47:30,053 [Thread-3626] INFO  impl.FollowerState (FollowerState.java:run(108)) - b88b3e43-5534-49b3-b3f2-a9f154b450de@group-2FABE92B7E5B-FollowerState: change to CANDIDATE, lastRpcTime:148ms, electionTimeout:148ms
2019-10-21 23:47:30,053 [Thread-3626] INFO  impl.RoleInfo (RoleInfo.java:shutdownFollowerState(121)) - b88b3e43-5534-49b3-b3f2-a9f154b450de: shutdown FollowerState
2019-10-21 23:47:30,053 [Thread-3626] INFO  impl.RaftServerImpl (RaftServerImpl.java:setRole(184)) - b88b3e43-5534-49b3-b3f2-a9f154b450de@group-2FABE92B7E5B: changes role from  FOLLOWER to CANDIDATE at term 559 for changeToCandidate
2019-10-21 23:47:30,053 [Thread-3626] INFO  impl.RoleInfo (RoleInfo.java:updateAndGet(143)) - b88b3e43-5534-49b3-b3f2-a9f154b450de: start LeaderElection
2019-10-21 23:47:30,065 [b88b3e43-5534-49b3-b3f2-a9f154b450de@group-2FABE92B7E5B-LeaderElection520] INFO  impl.LeaderElection (LeaderElection.java:askForVotes(178)) - b88b3e43-5534-49b3-b3f2-a9f154b450de@group-2FABE92B7E5B-LeaderElection520: begin an election at term 560 for -1: [c58a0a02-acd3-47c8-b3e9-5b8e0493de45:192.168.157.254:33611, 1360619e-ba1e-4bf9-aec1-9f15b5480b27:192.168.157.254:45658, b88b3e43-5534-49b3-b3f2-a9f154b450de:192.168.157.254:46786], old=null
2019-10-21 23:47:30,066 [b88b3e43-5534-49b3-b3f2-a9f154b450de@group-2FABE92B7E5B-LeaderElection520] INFO  impl.LeaderElection (LogUtils.java:infoOrTrace(149)) - b88b3e43-5534-49b3-b3f2-a9f154b450de@group-2FABE92B7E5B-LeaderElection520 got exception when requesting votes: {}
java.util.concurrent.ExecutionException: org.apache.ratis.thirdparty.io.grpc.StatusRuntimeException: UNAVAILABLE: io exception
	at java.util.concurrent.FutureTask.report(FutureTask.java:122)
	at java.util.concurrent.FutureTask.get(FutureTask.java:192)
	at org.apache.ratis.server.impl.LeaderElection.waitForResults(LeaderElection.java:259)
	at org.apache.ratis.server.impl.LeaderElection.askForVotes(LeaderElection.java:197)
	at org.apache.ratis.server.impl.LeaderElection.run(LeaderElection.java:133)
	at java.lang.Thread.run(Thread.java:748)
Caused by: org.apache.ratis.thirdparty.io.grpc.StatusRuntimeException: UNAVAILABLE: io exception
	at org.apache.ratis.thirdparty.io.grpc.stub.ClientCalls.toStatusRuntimeException(ClientCalls.java:233)
	at org.apache.ratis.thirdparty.io.grpc.stub.ClientCalls.getUnchecked(ClientCalls.java:214)
	at org.apache.ratis.thirdparty.io.grpc.stub.ClientCalls.blockingUnaryCall(ClientCalls.java:139)
	at org.apache.ratis.proto.grpc.RaftServerProtocolServiceGrpc$RaftServerProtocolServiceBlockingStub.requestVote(RaftServerProtocolServiceGrpc.java:265)
	at org.apache.ratis.grpc.server.GrpcServerProtocolClient.requestVote(GrpcServerProtocolClient.java:99)
	at org.apache.ratis.grpc.server.GrpcService.requestVote(GrpcService.java:204)
	at org.apache.ratis.server.impl.LeaderElection.lambda$submitRequests$1(LeaderElection.java:234)
	at java.util.concurrent.FutureTask.run(FutureTask.java:266)
	at java.util.concurrent.Executors$RunnableAdapter.call(Executors.java:511)
	at java.util.concurrent.FutureTask.run(FutureTask.java:266)
	at java.util.concurrent.ThreadPoolExecutor.runWorker(ThreadPoolExecutor.java:1149)
	at java.util.concurrent.ThreadPoolExecutor$Worker.run(ThreadPoolExecutor.java:624)
	... 1 more
Caused by: org.apache.ratis.thirdparty.io.netty.channel.AbstractChannel$AnnotatedConnectException: Connection refused: /192.168.157.254:33611
	at sun.nio.ch.SocketChannelImpl.checkConnect(Native Method)
	at sun.nio.ch.SocketChannelImpl.finishConnect(SocketChannelImpl.java:717)
	at org.apache.ratis.thirdparty.io.netty.channel.socket.nio.NioSocketChannel.doFinishConnect(NioSocketChannel.java:327)
	at org.apache.ratis.thirdparty.io.netty.channel.nio.AbstractNioChannel$AbstractNioUnsafe.finishConnect(AbstractNioChannel.java:340)
	at org.apache.ratis.thirdparty.io.netty.channel.nio.NioEventLoop.processSelectedKey(NioEventLoop.java:632)
	at org.apache.ratis.thirdparty.io.netty.channel.nio.NioEventLoop.processSelectedKeysOptimized(NioEventLoop.java:579)
	at org.apache.ratis.thirdparty.io.netty.channel.nio.NioEventLoop.processSelectedKeys(NioEventLoop.java:496)
	at org.apache.ratis.thirdparty.io.netty.channel.nio.NioEventLoop.run(NioEventLoop.java:458)
	at org.apache.ratis.thirdparty.io.netty.util.concurrent.SingleThreadEventExecutor$5.run(SingleThreadEventExecutor.java:897)
	at org.apache.ratis.thirdparty.io.netty.util.concurrent.FastThreadLocalRunnable.run(FastThreadLocalRunnable.java:30)
	... 1 more
Caused by: java.net.ConnectException: Connection refused
	... 11 more
2019-10-21 23:47:30,070 [grpc-default-executor-1] INFO  impl.RaftServerImpl (RaftServerImpl.java:setRole(184)) - 1360619e-ba1e-4bf9-aec1-9f15b5480b27@group-2FABE92B7E5B: changes role from  FOLLOWER to FOLLOWER at term 560 for recognizeCandidate:b88b3e43-5534-49b3-b3f2-a9f154b450de
2019-10-21 23:47:30,070 [grpc-default-executor-1] INFO  impl.RoleInfo (RoleInfo.java:shutdownFollowerState(121)) - 1360619e-ba1e-4bf9-aec1-9f15b5480b27: shutdown FollowerState
2019-10-21 23:47:30,070 [grpc-default-executor-1] INFO  impl.RoleInfo (RoleInfo.java:updateAndGet(143)) - 1360619e-ba1e-4bf9-aec1-9f15b5480b27: start FollowerState
2019-10-21 23:47:30,070 [Thread-3625] INFO  impl.FollowerState (FollowerState.java:run(117)) - 1360619e-ba1e-4bf9-aec1-9f15b5480b27@group-2FABE92B7E5B-FollowerState was interrupted: java.lang.InterruptedException: sleep interrupted
2019-10-21 23:47:30,076 [b88b3e43-5534-49b3-b3f2-a9f154b450de@group-2FABE92B7E5B-LeaderElection520] INFO  impl.LeaderElection (LeaderElection.java:logAndReturn(56)) - b88b3e43-5534-49b3-b3f2-a9f154b450de@group-2FABE92B7E5B-LeaderElection520: Election REJECTED; received 1 response(s) [b88b3e43-5534-49b3-b3f2-a9f154b450de<-1360619e-ba1e-4bf9-aec1-9f15b5480b27#0:FAIL-t560] and 1 exception(s); b88b3e43-5534-49b3-b3f2-a9f154b450de@group-2FABE92B7E5B:t560, leader=null, voted=b88b3e43-5534-49b3-b3f2-a9f154b450de, raftlog=b88b3e43-5534-49b3-b3f2-a9f154b450de@group-2FABE92B7E5B-SegmentedRaftLog:OPENED:c-1,f-1,i0, conf=-1: [c58a0a02-acd3-47c8-b3e9-5b8e0493de45:192.168.157.254:33611, 1360619e-ba1e-4bf9-aec1-9f15b5480b27:192.168.157.254:45658, b88b3e43-5534-49b3-b3f2-a9f154b450de:192.168.157.254:46786], old=null
2019-10-21 23:47:30,076 [b88b3e43-5534-49b3-b3f2-a9f154b450de@group-2FABE92B7E5B-LeaderElection520] INFO  impl.LeaderElection (LogUtils.java:infoOrTrace(149)) -   Exception 0: {}
java.util.concurrent.ExecutionException: org.apache.ratis.thirdparty.io.grpc.StatusRuntimeException: UNAVAILABLE: io exception
	at java.util.concurrent.FutureTask.report(FutureTask.java:122)
	at java.util.concurrent.FutureTask.get(FutureTask.java:192)
	at org.apache.ratis.server.impl.LeaderElection.waitForResults(LeaderElection.java:259)
	at org.apache.ratis.server.impl.LeaderElection.askForVotes(LeaderElection.java:197)
	at org.apache.ratis.server.impl.LeaderElection.run(LeaderElection.java:133)
	at java.lang.Thread.run(Thread.java:748)
Caused by: org.apache.ratis.thirdparty.io.grpc.StatusRuntimeException: UNAVAILABLE: io exception
	at org.apache.ratis.thirdparty.io.grpc.stub.ClientCalls.toStatusRuntimeException(ClientCalls.java:233)
	at org.apache.ratis.thirdparty.io.grpc.stub.ClientCalls.getUnchecked(ClientCalls.java:214)
	at org.apache.ratis.thirdparty.io.grpc.stub.ClientCalls.blockingUnaryCall(ClientCalls.java:139)
	at org.apache.ratis.proto.grpc.RaftServerProtocolServiceGrpc$RaftServerProtocolServiceBlockingStub.requestVote(RaftServerProtocolServiceGrpc.java:265)
	at org.apache.ratis.grpc.server.GrpcServerProtocolClient.requestVote(GrpcServerProtocolClient.java:99)
	at org.apache.ratis.grpc.server.GrpcService.requestVote(GrpcService.java:204)
	at org.apache.ratis.server.impl.LeaderElection.lambda$submitRequests$1(LeaderElection.java:234)
	at java.util.concurrent.FutureTask.run(FutureTask.java:266)
	at java.util.concurrent.Executors$RunnableAdapter.call(Executors.java:511)
	at java.util.concurrent.FutureTask.run(FutureTask.java:266)
	at java.util.concurrent.ThreadPoolExecutor.runWorker(ThreadPoolExecutor.java:1149)
	at java.util.concurrent.ThreadPoolExecutor$Worker.run(ThreadPoolExecutor.java:624)
	... 1 more
Caused by: org.apache.ratis.thirdparty.io.netty.channel.AbstractChannel$AnnotatedConnectException: Connection refused: /192.168.157.254:33611
	at sun.nio.ch.SocketChannelImpl.checkConnect(Native Method)
	at sun.nio.ch.SocketChannelImpl.finishConnect(SocketChannelImpl.java:717)
	at org.apache.ratis.thirdparty.io.netty.channel.socket.nio.NioSocketChannel.doFinishConnect(NioSocketChannel.java:327)
	at org.apache.ratis.thirdparty.io.netty.channel.nio.AbstractNioChannel$AbstractNioUnsafe.finishConnect(AbstractNioChannel.java:340)
	at org.apache.ratis.thirdparty.io.netty.channel.nio.NioEventLoop.processSelectedKey(NioEventLoop.java:632)
	at org.apache.ratis.thirdparty.io.netty.channel.nio.NioEventLoop.processSelectedKeysOptimized(NioEventLoop.java:579)
	at org.apache.ratis.thirdparty.io.netty.channel.nio.NioEventLoop.processSelectedKeys(NioEventLoop.java:496)
	at org.apache.ratis.thirdparty.io.netty.channel.nio.NioEventLoop.run(NioEventLoop.java:458)
	at org.apache.ratis.thirdparty.io.netty.util.concurrent.SingleThreadEventExecutor$5.run(SingleThreadEventExecutor.java:897)
	at org.apache.ratis.thirdparty.io.netty.util.concurrent.FastThreadLocalRunnable.run(FastThreadLocalRunnable.java:30)
	... 1 more
Caused by: java.net.ConnectException: Connection refused
	... 11 more
2019-10-21 23:47:30,076 [b88b3e43-5534-49b3-b3f2-a9f154b450de@group-2FABE92B7E5B-LeaderElection520] INFO  impl.RaftServerImpl (RaftServerImpl.java:setRole(184)) - b88b3e43-5534-49b3-b3f2-a9f154b450de@group-2FABE92B7E5B: changes role from CANDIDATE to FOLLOWER at term 560 for DISCOVERED_A_NEW_TERM
2019-10-21 23:47:30,077 [b88b3e43-5534-49b3-b3f2-a9f154b450de@group-2FABE92B7E5B-LeaderElection520] INFO  impl.RoleInfo (RoleInfo.java:shutdownLeaderElection(134)) - b88b3e43-5534-49b3-b3f2-a9f154b450de: shutdown LeaderElection
2019-10-21 23:47:30,077 [b88b3e43-5534-49b3-b3f2-a9f154b450de@group-2FABE92B7E5B-LeaderElection520] INFO  impl.RoleInfo (RoleInfo.java:updateAndGet(143)) - b88b3e43-5534-49b3-b3f2-a9f154b450de: start FollowerState
2019-10-21 23:47:30,131 [Thread-3632] INFO  impl.FollowerState (FollowerState.java:run(108)) - b88b3e43-5534-49b3-b3f2-a9f154b450de@group-2FABE92B7E5B-FollowerState: change to CANDIDATE, lastRpcTime:54ms, electionTimeout:54ms
2019-10-21 23:47:30,131 [Thread-3632] INFO  impl.RoleInfo (RoleInfo.java:shutdownFollowerState(121)) - b88b3e43-5534-49b3-b3f2-a9f154b450de: shutdown FollowerState
2019-10-21 23:47:30,131 [Thread-3632] INFO  impl.RaftServerImpl (RaftServerImpl.java:setRole(184)) - b88b3e43-5534-49b3-b3f2-a9f154b450de@group-2FABE92B7E5B: changes role from  FOLLOWER to CANDIDATE at term 560 for changeToCandidate
2019-10-21 23:47:30,131 [Thread-3632] INFO  impl.RoleInfo (RoleInfo.java:updateAndGet(143)) - b88b3e43-5534-49b3-b3f2-a9f154b450de: start LeaderElection
2019-10-21 23:47:30,143 [b88b3e43-5534-49b3-b3f2-a9f154b450de@group-2FABE92B7E5B-LeaderElection521] INFO  impl.LeaderElection (LeaderElection.java:askForVotes(178)) - b88b3e43-5534-49b3-b3f2-a9f154b450de@group-2FABE92B7E5B-LeaderElection521: begin an election at term 561 for -1: [c58a0a02-acd3-47c8-b3e9-5b8e0493de45:192.168.157.254:33611, 1360619e-ba1e-4bf9-aec1-9f15b5480b27:192.168.157.254:45658, b88b3e43-5534-49b3-b3f2-a9f154b450de:192.168.157.254:46786], old=null
2019-10-21 23:47:30,144 [b88b3e43-5534-49b3-b3f2-a9f154b450de@group-2FABE92B7E5B-LeaderElection521] INFO  impl.LeaderElection (LogUtils.java:infoOrTrace(149)) - b88b3e43-5534-49b3-b3f2-a9f154b450de@group-2FABE92B7E5B-LeaderElection521 got exception when requesting votes: {}
java.util.concurrent.ExecutionException: org.apache.ratis.thirdparty.io.grpc.StatusRuntimeException: UNAVAILABLE: io exception
	at java.util.concurrent.FutureTask.report(FutureTask.java:122)
	at java.util.concurrent.FutureTask.get(FutureTask.java:192)
	at org.apache.ratis.server.impl.LeaderElection.waitForResults(LeaderElection.java:259)
	at org.apache.ratis.server.impl.LeaderElection.askForVotes(LeaderElection.java:197)
	at org.apache.ratis.server.impl.LeaderElection.run(LeaderElection.java:133)
	at java.lang.Thread.run(Thread.java:748)
Caused by: org.apache.ratis.thirdparty.io.grpc.StatusRuntimeException: UNAVAILABLE: io exception
	at org.apache.ratis.thirdparty.io.grpc.stub.ClientCalls.toStatusRuntimeException(ClientCalls.java:233)
	at org.apache.ratis.thirdparty.io.grpc.stub.ClientCalls.getUnchecked(ClientCalls.java:214)
	at org.apache.ratis.thirdparty.io.grpc.stub.ClientCalls.blockingUnaryCall(ClientCalls.java:139)
	at org.apache.ratis.proto.grpc.RaftServerProtocolServiceGrpc$RaftServerProtocolServiceBlockingStub.requestVote(RaftServerProtocolServiceGrpc.java:265)
	at org.apache.ratis.grpc.server.GrpcServerProtocolClient.requestVote(GrpcServerProtocolClient.java:99)
	at org.apache.ratis.grpc.server.GrpcService.requestVote(GrpcService.java:204)
	at org.apache.ratis.server.impl.LeaderElection.lambda$submitRequests$1(LeaderElection.java:234)
	at java.util.concurrent.FutureTask.run(FutureTask.java:266)
	at java.util.concurrent.Executors$RunnableAdapter.call(Executors.java:511)
	at java.util.concurrent.FutureTask.run(FutureTask.java:266)
	at java.util.concurrent.ThreadPoolExecutor.runWorker(ThreadPoolExecutor.java:1149)
	at java.util.concurrent.ThreadPoolExecutor$Worker.run(ThreadPoolExecutor.java:624)
	... 1 more
Caused by: org.apache.ratis.thirdparty.io.netty.channel.AbstractChannel$AnnotatedConnectException: Connection refused: /192.168.157.254:33611
	at sun.nio.ch.SocketChannelImpl.checkConnect(Native Method)
	at sun.nio.ch.SocketChannelImpl.finishConnect(SocketChannelImpl.java:717)
	at org.apache.ratis.thirdparty.io.netty.channel.socket.nio.NioSocketChannel.doFinishConnect(NioSocketChannel.java:327)
	at org.apache.ratis.thirdparty.io.netty.channel.nio.AbstractNioChannel$AbstractNioUnsafe.finishConnect(AbstractNioChannel.java:340)
	at org.apache.ratis.thirdparty.io.netty.channel.nio.NioEventLoop.processSelectedKey(NioEventLoop.java:632)
	at org.apache.ratis.thirdparty.io.netty.channel.nio.NioEventLoop.processSelectedKeysOptimized(NioEventLoop.java:579)
	at org.apache.ratis.thirdparty.io.netty.channel.nio.NioEventLoop.processSelectedKeys(NioEventLoop.java:496)
	at org.apache.ratis.thirdparty.io.netty.channel.nio.NioEventLoop.run(NioEventLoop.java:458)
	at org.apache.ratis.thirdparty.io.netty.util.concurrent.SingleThreadEventExecutor$5.run(SingleThreadEventExecutor.java:897)
	at org.apache.ratis.thirdparty.io.netty.util.concurrent.FastThreadLocalRunnable.run(FastThreadLocalRunnable.java:30)
	... 1 more
Caused by: java.net.ConnectException: Connection refused
	... 11 more
2019-10-21 23:47:30,146 [grpc-default-executor-1] INFO  impl.RaftServerImpl (RaftServerImpl.java:setRole(184)) - 1360619e-ba1e-4bf9-aec1-9f15b5480b27@group-2FABE92B7E5B: changes role from  FOLLOWER to FOLLOWER at term 561 for recognizeCandidate:b88b3e43-5534-49b3-b3f2-a9f154b450de
2019-10-21 23:47:30,146 [grpc-default-executor-1] INFO  impl.RoleInfo (RoleInfo.java:shutdownFollowerState(121)) - 1360619e-ba1e-4bf9-aec1-9f15b5480b27: shutdown FollowerState
2019-10-21 23:47:30,146 [grpc-default-executor-1] INFO  impl.RoleInfo (RoleInfo.java:updateAndGet(143)) - 1360619e-ba1e-4bf9-aec1-9f15b5480b27: start FollowerState
2019-10-21 23:47:30,146 [Thread-3631] INFO  impl.FollowerState (FollowerState.java:run(117)) - 1360619e-ba1e-4bf9-aec1-9f15b5480b27@group-2FABE92B7E5B-FollowerState was interrupted: java.lang.InterruptedException: sleep interrupted
2019-10-21 23:47:30,152 [b88b3e43-5534-49b3-b3f2-a9f154b450de@group-2FABE92B7E5B-LeaderElection521] INFO  impl.LeaderElection (LeaderElection.java:logAndReturn(56)) - b88b3e43-5534-49b3-b3f2-a9f154b450de@group-2FABE92B7E5B-LeaderElection521: Election REJECTED; received 1 response(s) [b88b3e43-5534-49b3-b3f2-a9f154b450de<-1360619e-ba1e-4bf9-aec1-9f15b5480b27#0:FAIL-t561] and 1 exception(s); b88b3e43-5534-49b3-b3f2-a9f154b450de@group-2FABE92B7E5B:t561, leader=null, voted=b88b3e43-5534-49b3-b3f2-a9f154b450de, raftlog=b88b3e43-5534-49b3-b3f2-a9f154b450de@group-2FABE92B7E5B-SegmentedRaftLog:OPENED:c-1,f-1,i0, conf=-1: [c58a0a02-acd3-47c8-b3e9-5b8e0493de45:192.168.157.254:33611, 1360619e-ba1e-4bf9-aec1-9f15b5480b27:192.168.157.254:45658, b88b3e43-5534-49b3-b3f2-a9f154b450de:192.168.157.254:46786], old=null
2019-10-21 23:47:30,152 [b88b3e43-5534-49b3-b3f2-a9f154b450de@group-2FABE92B7E5B-LeaderElection521] INFO  impl.LeaderElection (LogUtils.java:infoOrTrace(149)) -   Exception 0: {}
java.util.concurrent.ExecutionException: org.apache.ratis.thirdparty.io.grpc.StatusRuntimeException: UNAVAILABLE: io exception
	at java.util.concurrent.FutureTask.report(FutureTask.java:122)
	at java.util.concurrent.FutureTask.get(FutureTask.java:192)
	at org.apache.ratis.server.impl.LeaderElection.waitForResults(LeaderElection.java:259)
	at org.apache.ratis.server.impl.LeaderElection.askForVotes(LeaderElection.java:197)
	at org.apache.ratis.server.impl.LeaderElection.run(LeaderElection.java:133)
	at java.lang.Thread.run(Thread.java:748)
Caused by: org.apache.ratis.thirdparty.io.grpc.StatusRuntimeException: UNAVAILABLE: io exception
	at org.apache.ratis.thirdparty.io.grpc.stub.ClientCalls.toStatusRuntimeException(ClientCalls.java:233)
	at org.apache.ratis.thirdparty.io.grpc.stub.ClientCalls.getUnchecked(ClientCalls.java:214)
	at org.apache.ratis.thirdparty.io.grpc.stub.ClientCalls.blockingUnaryCall(ClientCalls.java:139)
	at org.apache.ratis.proto.grpc.RaftServerProtocolServiceGrpc$RaftServerProtocolServiceBlockingStub.requestVote(RaftServerProtocolServiceGrpc.java:265)
	at org.apache.ratis.grpc.server.GrpcServerProtocolClient.requestVote(GrpcServerProtocolClient.java:99)
	at org.apache.ratis.grpc.server.GrpcService.requestVote(GrpcService.java:204)
	at org.apache.ratis.server.impl.LeaderElection.lambda$submitRequests$1(LeaderElection.java:234)
	at java.util.concurrent.FutureTask.run(FutureTask.java:266)
	at java.util.concurrent.Executors$RunnableAdapter.call(Executors.java:511)
	at java.util.concurrent.FutureTask.run(FutureTask.java:266)
	at java.util.concurrent.ThreadPoolExecutor.runWorker(ThreadPoolExecutor.java:1149)
	at java.util.concurrent.ThreadPoolExecutor$Worker.run(ThreadPoolExecutor.java:624)
	... 1 more
Caused by: org.apache.ratis.thirdparty.io.netty.channel.AbstractChannel$AnnotatedConnectException: Connection refused: /192.168.157.254:33611
	at sun.nio.ch.SocketChannelImpl.checkConnect(Native Method)
	at sun.nio.ch.SocketChannelImpl.finishConnect(SocketChannelImpl.java:717)
	at org.apache.ratis.thirdparty.io.netty.channel.socket.nio.NioSocketChannel.doFinishConnect(NioSocketChannel.java:327)
	at org.apache.ratis.thirdparty.io.netty.channel.nio.AbstractNioChannel$AbstractNioUnsafe.finishConnect(AbstractNioChannel.java:340)
	at org.apache.ratis.thirdparty.io.netty.channel.nio.NioEventLoop.processSelectedKey(NioEventLoop.java:632)
	at org.apache.ratis.thirdparty.io.netty.channel.nio.NioEventLoop.processSelectedKeysOptimized(NioEventLoop.java:579)
	at org.apache.ratis.thirdparty.io.netty.channel.nio.NioEventLoop.processSelectedKeys(NioEventLoop.java:496)
	at org.apache.ratis.thirdparty.io.netty.channel.nio.NioEventLoop.run(NioEventLoop.java:458)
	at org.apache.ratis.thirdparty.io.netty.util.concurrent.SingleThreadEventExecutor$5.run(SingleThreadEventExecutor.java:897)
	at org.apache.ratis.thirdparty.io.netty.util.concurrent.FastThreadLocalRunnable.run(FastThreadLocalRunnable.java:30)
	... 1 more
Caused by: java.net.ConnectException: Connection refused
	... 11 more
2019-10-21 23:47:30,152 [b88b3e43-5534-49b3-b3f2-a9f154b450de@group-2FABE92B7E5B-LeaderElection521] INFO  impl.RaftServerImpl (RaftServerImpl.java:setRole(184)) - b88b3e43-5534-49b3-b3f2-a9f154b450de@group-2FABE92B7E5B: changes role from CANDIDATE to FOLLOWER at term 561 for DISCOVERED_A_NEW_TERM
2019-10-21 23:47:30,152 [b88b3e43-5534-49b3-b3f2-a9f154b450de@group-2FABE92B7E5B-LeaderElection521] INFO  impl.RoleInfo (RoleInfo.java:shutdownLeaderElection(134)) - b88b3e43-5534-49b3-b3f2-a9f154b450de: shutdown LeaderElection
2019-10-21 23:47:30,153 [b88b3e43-5534-49b3-b3f2-a9f154b450de@group-2FABE92B7E5B-LeaderElection521] INFO  impl.RoleInfo (RoleInfo.java:updateAndGet(143)) - b88b3e43-5534-49b3-b3f2-a9f154b450de: start FollowerState
2019-10-21 23:47:30,232 [Thread-296] INFO  ipc.Client (Client.java:handleConnectionFailure(948)) - Retrying connect to server: localhost/127.0.0.1:41866. Already tried 8 time(s); retry policy is RetryUpToMaximumCountWithFixedSleep(maxRetries=10, sleepTime=1000 MILLISECONDS)
2019-10-21 23:47:30,337 [Thread-3637] INFO  impl.FollowerState (FollowerState.java:run(108)) - b88b3e43-5534-49b3-b3f2-a9f154b450de@group-2FABE92B7E5B-FollowerState: change to CANDIDATE, lastRpcTime:184ms, electionTimeout:184ms
2019-10-21 23:47:30,337 [Thread-3637] INFO  impl.RoleInfo (RoleInfo.java:shutdownFollowerState(121)) - b88b3e43-5534-49b3-b3f2-a9f154b450de: shutdown FollowerState
2019-10-21 23:47:30,338 [Thread-3637] INFO  impl.RaftServerImpl (RaftServerImpl.java:setRole(184)) - b88b3e43-5534-49b3-b3f2-a9f154b450de@group-2FABE92B7E5B: changes role from  FOLLOWER to CANDIDATE at term 561 for changeToCandidate
2019-10-21 23:47:30,338 [Thread-3637] INFO  impl.RoleInfo (RoleInfo.java:updateAndGet(143)) - b88b3e43-5534-49b3-b3f2-a9f154b450de: start LeaderElection
2019-10-21 23:47:30,356 [b88b3e43-5534-49b3-b3f2-a9f154b450de@group-2FABE92B7E5B-LeaderElection522] INFO  impl.LeaderElection (LeaderElection.java:askForVotes(178)) - b88b3e43-5534-49b3-b3f2-a9f154b450de@group-2FABE92B7E5B-LeaderElection522: begin an election at term 562 for -1: [c58a0a02-acd3-47c8-b3e9-5b8e0493de45:192.168.157.254:33611, 1360619e-ba1e-4bf9-aec1-9f15b5480b27:192.168.157.254:45658, b88b3e43-5534-49b3-b3f2-a9f154b450de:192.168.157.254:46786], old=null
2019-10-21 23:47:30,357 [b88b3e43-5534-49b3-b3f2-a9f154b450de@group-2FABE92B7E5B-LeaderElection522] INFO  impl.LeaderElection (LogUtils.java:infoOrTrace(149)) - b88b3e43-5534-49b3-b3f2-a9f154b450de@group-2FABE92B7E5B-LeaderElection522 got exception when requesting votes: {}
java.util.concurrent.ExecutionException: org.apache.ratis.thirdparty.io.grpc.StatusRuntimeException: UNAVAILABLE: io exception
	at java.util.concurrent.FutureTask.report(FutureTask.java:122)
	at java.util.concurrent.FutureTask.get(FutureTask.java:192)
	at org.apache.ratis.server.impl.LeaderElection.waitForResults(LeaderElection.java:259)
	at org.apache.ratis.server.impl.LeaderElection.askForVotes(LeaderElection.java:197)
	at org.apache.ratis.server.impl.LeaderElection.run(LeaderElection.java:133)
	at java.lang.Thread.run(Thread.java:748)
Caused by: org.apache.ratis.thirdparty.io.grpc.StatusRuntimeException: UNAVAILABLE: io exception
	at org.apache.ratis.thirdparty.io.grpc.stub.ClientCalls.toStatusRuntimeException(ClientCalls.java:233)
	at org.apache.ratis.thirdparty.io.grpc.stub.ClientCalls.getUnchecked(ClientCalls.java:214)
	at org.apache.ratis.thirdparty.io.grpc.stub.ClientCalls.blockingUnaryCall(ClientCalls.java:139)
	at org.apache.ratis.proto.grpc.RaftServerProtocolServiceGrpc$RaftServerProtocolServiceBlockingStub.requestVote(RaftServerProtocolServiceGrpc.java:265)
	at org.apache.ratis.grpc.server.GrpcServerProtocolClient.requestVote(GrpcServerProtocolClient.java:99)
	at org.apache.ratis.grpc.server.GrpcService.requestVote(GrpcService.java:204)
	at org.apache.ratis.server.impl.LeaderElection.lambda$submitRequests$1(LeaderElection.java:234)
	at java.util.concurrent.FutureTask.run(FutureTask.java:266)
	at java.util.concurrent.Executors$RunnableAdapter.call(Executors.java:511)
	at java.util.concurrent.FutureTask.run(FutureTask.java:266)
	at java.util.concurrent.ThreadPoolExecutor.runWorker(ThreadPoolExecutor.java:1149)
	at java.util.concurrent.ThreadPoolExecutor$Worker.run(ThreadPoolExecutor.java:624)
	... 1 more
Caused by: org.apache.ratis.thirdparty.io.netty.channel.AbstractChannel$AnnotatedConnectException: Connection refused: /192.168.157.254:33611
	at sun.nio.ch.SocketChannelImpl.checkConnect(Native Method)
	at sun.nio.ch.SocketChannelImpl.finishConnect(SocketChannelImpl.java:717)
	at org.apache.ratis.thirdparty.io.netty.channel.socket.nio.NioSocketChannel.doFinishConnect(NioSocketChannel.java:327)
	at org.apache.ratis.thirdparty.io.netty.channel.nio.AbstractNioChannel$AbstractNioUnsafe.finishConnect(AbstractNioChannel.java:340)
	at org.apache.ratis.thirdparty.io.netty.channel.nio.NioEventLoop.processSelectedKey(NioEventLoop.java:632)
	at org.apache.ratis.thirdparty.io.netty.channel.nio.NioEventLoop.processSelectedKeysOptimized(NioEventLoop.java:579)
	at org.apache.ratis.thirdparty.io.netty.channel.nio.NioEventLoop.processSelectedKeys(NioEventLoop.java:496)
	at org.apache.ratis.thirdparty.io.netty.channel.nio.NioEventLoop.run(NioEventLoop.java:458)
	at org.apache.ratis.thirdparty.io.netty.util.concurrent.SingleThreadEventExecutor$5.run(SingleThreadEventExecutor.java:897)
	at org.apache.ratis.thirdparty.io.netty.util.concurrent.FastThreadLocalRunnable.run(FastThreadLocalRunnable.java:30)
	... 1 more
Caused by: java.net.ConnectException: Connection refused
	... 11 more
2019-10-21 23:47:30,361 [grpc-default-executor-1] INFO  impl.RaftServerImpl (RaftServerImpl.java:setRole(184)) - 1360619e-ba1e-4bf9-aec1-9f15b5480b27@group-2FABE92B7E5B: changes role from  FOLLOWER to FOLLOWER at term 562 for recognizeCandidate:b88b3e43-5534-49b3-b3f2-a9f154b450de
2019-10-21 23:47:30,361 [grpc-default-executor-1] INFO  impl.RoleInfo (RoleInfo.java:shutdownFollowerState(121)) - 1360619e-ba1e-4bf9-aec1-9f15b5480b27: shutdown FollowerState
2019-10-21 23:47:30,361 [grpc-default-executor-1] INFO  impl.RoleInfo (RoleInfo.java:updateAndGet(143)) - 1360619e-ba1e-4bf9-aec1-9f15b5480b27: start FollowerState
2019-10-21 23:47:30,361 [Thread-3636] INFO  impl.FollowerState (FollowerState.java:run(117)) - 1360619e-ba1e-4bf9-aec1-9f15b5480b27@group-2FABE92B7E5B-FollowerState was interrupted: java.lang.InterruptedException: sleep interrupted
2019-10-21 23:47:30,383 [b88b3e43-5534-49b3-b3f2-a9f154b450de@group-2FABE92B7E5B-LeaderElection522] INFO  impl.LeaderElection (LeaderElection.java:logAndReturn(56)) - b88b3e43-5534-49b3-b3f2-a9f154b450de@group-2FABE92B7E5B-LeaderElection522: Election REJECTED; received 1 response(s) [b88b3e43-5534-49b3-b3f2-a9f154b450de<-1360619e-ba1e-4bf9-aec1-9f15b5480b27#0:FAIL-t562] and 1 exception(s); b88b3e43-5534-49b3-b3f2-a9f154b450de@group-2FABE92B7E5B:t562, leader=null, voted=b88b3e43-5534-49b3-b3f2-a9f154b450de, raftlog=b88b3e43-5534-49b3-b3f2-a9f154b450de@group-2FABE92B7E5B-SegmentedRaftLog:OPENED:c-1,f-1,i0, conf=-1: [c58a0a02-acd3-47c8-b3e9-5b8e0493de45:192.168.157.254:33611, 1360619e-ba1e-4bf9-aec1-9f15b5480b27:192.168.157.254:45658, b88b3e43-5534-49b3-b3f2-a9f154b450de:192.168.157.254:46786], old=null
2019-10-21 23:47:30,383 [b88b3e43-5534-49b3-b3f2-a9f154b450de@group-2FABE92B7E5B-LeaderElection522] INFO  impl.LeaderElection (LogUtils.java:infoOrTrace(149)) -   Exception 0: {}
java.util.concurrent.ExecutionException: org.apache.ratis.thirdparty.io.grpc.StatusRuntimeException: UNAVAILABLE: io exception
	at java.util.concurrent.FutureTask.report(FutureTask.java:122)
	at java.util.concurrent.FutureTask.get(FutureTask.java:192)
	at org.apache.ratis.server.impl.LeaderElection.waitForResults(LeaderElection.java:259)
	at org.apache.ratis.server.impl.LeaderElection.askForVotes(LeaderElection.java:197)
	at org.apache.ratis.server.impl.LeaderElection.run(LeaderElection.java:133)
	at java.lang.Thread.run(Thread.java:748)
Caused by: org.apache.ratis.thirdparty.io.grpc.StatusRuntimeException: UNAVAILABLE: io exception
	at org.apache.ratis.thirdparty.io.grpc.stub.ClientCalls.toStatusRuntimeException(ClientCalls.java:233)
	at org.apache.ratis.thirdparty.io.grpc.stub.ClientCalls.getUnchecked(ClientCalls.java:214)
	at org.apache.ratis.thirdparty.io.grpc.stub.ClientCalls.blockingUnaryCall(ClientCalls.java:139)
	at org.apache.ratis.proto.grpc.RaftServerProtocolServiceGrpc$RaftServerProtocolServiceBlockingStub.requestVote(RaftServerProtocolServiceGrpc.java:265)
	at org.apache.ratis.grpc.server.GrpcServerProtocolClient.requestVote(GrpcServerProtocolClient.java:99)
	at org.apache.ratis.grpc.server.GrpcService.requestVote(GrpcService.java:204)
	at org.apache.ratis.server.impl.LeaderElection.lambda$submitRequests$1(LeaderElection.java:234)
	at java.util.concurrent.FutureTask.run(FutureTask.java:266)
	at java.util.concurrent.Executors$RunnableAdapter.call(Executors.java:511)
	at java.util.concurrent.FutureTask.run(FutureTask.java:266)
	at java.util.concurrent.ThreadPoolExecutor.runWorker(ThreadPoolExecutor.java:1149)
	at java.util.concurrent.ThreadPoolExecutor$Worker.run(ThreadPoolExecutor.java:624)
	... 1 more
Caused by: org.apache.ratis.thirdparty.io.netty.channel.AbstractChannel$AnnotatedConnectException: Connection refused: /192.168.157.254:33611
	at sun.nio.ch.SocketChannelImpl.checkConnect(Native Method)
	at sun.nio.ch.SocketChannelImpl.finishConnect(SocketChannelImpl.java:717)
	at org.apache.ratis.thirdparty.io.netty.channel.socket.nio.NioSocketChannel.doFinishConnect(NioSocketChannel.java:327)
	at org.apache.ratis.thirdparty.io.netty.channel.nio.AbstractNioChannel$AbstractNioUnsafe.finishConnect(AbstractNioChannel.java:340)
	at org.apache.ratis.thirdparty.io.netty.channel.nio.NioEventLoop.processSelectedKey(NioEventLoop.java:632)
	at org.apache.ratis.thirdparty.io.netty.channel.nio.NioEventLoop.processSelectedKeysOptimized(NioEventLoop.java:579)
	at org.apache.ratis.thirdparty.io.netty.channel.nio.NioEventLoop.processSelectedKeys(NioEventLoop.java:496)
	at org.apache.ratis.thirdparty.io.netty.channel.nio.NioEventLoop.run(NioEventLoop.java:458)
	at org.apache.ratis.thirdparty.io.netty.util.concurrent.SingleThreadEventExecutor$5.run(SingleThreadEventExecutor.java:897)
	at org.apache.ratis.thirdparty.io.netty.util.concurrent.FastThreadLocalRunnable.run(FastThreadLocalRunnable.java:30)
	... 1 more
Caused by: java.net.ConnectException: Connection refused
	... 11 more
2019-10-21 23:47:30,383 [b88b3e43-5534-49b3-b3f2-a9f154b450de@group-2FABE92B7E5B-LeaderElection522] INFO  impl.RaftServerImpl (RaftServerImpl.java:setRole(184)) - b88b3e43-5534-49b3-b3f2-a9f154b450de@group-2FABE92B7E5B: changes role from CANDIDATE to FOLLOWER at term 562 for DISCOVERED_A_NEW_TERM
2019-10-21 23:47:30,384 [b88b3e43-5534-49b3-b3f2-a9f154b450de@group-2FABE92B7E5B-LeaderElection522] INFO  impl.RoleInfo (RoleInfo.java:shutdownLeaderElection(134)) - b88b3e43-5534-49b3-b3f2-a9f154b450de: shutdown LeaderElection
2019-10-21 23:47:30,384 [b88b3e43-5534-49b3-b3f2-a9f154b450de@group-2FABE92B7E5B-LeaderElection522] INFO  impl.RoleInfo (RoleInfo.java:updateAndGet(143)) - b88b3e43-5534-49b3-b3f2-a9f154b450de: start FollowerState
2019-10-21 23:47:30,408 [Thread-3642] INFO  impl.FollowerState (FollowerState.java:run(108)) - b88b3e43-5534-49b3-b3f2-a9f154b450de@group-2FABE92B7E5B-FollowerState: change to CANDIDATE, lastRpcTime:24ms, electionTimeout:24ms
2019-10-21 23:47:30,408 [Thread-3642] INFO  impl.RoleInfo (RoleInfo.java:shutdownFollowerState(121)) - b88b3e43-5534-49b3-b3f2-a9f154b450de: shutdown FollowerState
2019-10-21 23:47:30,408 [Thread-3642] INFO  impl.RaftServerImpl (RaftServerImpl.java:setRole(184)) - b88b3e43-5534-49b3-b3f2-a9f154b450de@group-2FABE92B7E5B: changes role from  FOLLOWER to CANDIDATE at term 562 for changeToCandidate
2019-10-21 23:47:30,409 [Thread-3642] INFO  impl.RoleInfo (RoleInfo.java:updateAndGet(143)) - b88b3e43-5534-49b3-b3f2-a9f154b450de: start LeaderElection
2019-10-21 23:47:30,422 [b88b3e43-5534-49b3-b3f2-a9f154b450de@group-2FABE92B7E5B-LeaderElection523] INFO  impl.LeaderElection (LeaderElection.java:askForVotes(178)) - b88b3e43-5534-49b3-b3f2-a9f154b450de@group-2FABE92B7E5B-LeaderElection523: begin an election at term 563 for -1: [c58a0a02-acd3-47c8-b3e9-5b8e0493de45:192.168.157.254:33611, 1360619e-ba1e-4bf9-aec1-9f15b5480b27:192.168.157.254:45658, b88b3e43-5534-49b3-b3f2-a9f154b450de:192.168.157.254:46786], old=null
2019-10-21 23:47:30,423 [b88b3e43-5534-49b3-b3f2-a9f154b450de@group-2FABE92B7E5B-LeaderElection523] INFO  impl.LeaderElection (LogUtils.java:infoOrTrace(149)) - b88b3e43-5534-49b3-b3f2-a9f154b450de@group-2FABE92B7E5B-LeaderElection523 got exception when requesting votes: {}
java.util.concurrent.ExecutionException: org.apache.ratis.thirdparty.io.grpc.StatusRuntimeException: UNAVAILABLE: io exception
	at java.util.concurrent.FutureTask.report(FutureTask.java:122)
	at java.util.concurrent.FutureTask.get(FutureTask.java:192)
	at org.apache.ratis.server.impl.LeaderElection.waitForResults(LeaderElection.java:259)
	at org.apache.ratis.server.impl.LeaderElection.askForVotes(LeaderElection.java:197)
	at org.apache.ratis.server.impl.LeaderElection.run(LeaderElection.java:133)
	at java.lang.Thread.run(Thread.java:748)
Caused by: org.apache.ratis.thirdparty.io.grpc.StatusRuntimeException: UNAVAILABLE: io exception
	at org.apache.ratis.thirdparty.io.grpc.stub.ClientCalls.toStatusRuntimeException(ClientCalls.java:233)
	at org.apache.ratis.thirdparty.io.grpc.stub.ClientCalls.getUnchecked(ClientCalls.java:214)
	at org.apache.ratis.thirdparty.io.grpc.stub.ClientCalls.blockingUnaryCall(ClientCalls.java:139)
	at org.apache.ratis.proto.grpc.RaftServerProtocolServiceGrpc$RaftServerProtocolServiceBlockingStub.requestVote(RaftServerProtocolServiceGrpc.java:265)
	at org.apache.ratis.grpc.server.GrpcServerProtocolClient.requestVote(GrpcServerProtocolClient.java:99)
	at org.apache.ratis.grpc.server.GrpcService.requestVote(GrpcService.java:204)
	at org.apache.ratis.server.impl.LeaderElection.lambda$submitRequests$1(LeaderElection.java:234)
	at java.util.concurrent.FutureTask.run(FutureTask.java:266)
	at java.util.concurrent.Executors$RunnableAdapter.call(Executors.java:511)
	at java.util.concurrent.FutureTask.run(FutureTask.java:266)
	at java.util.concurrent.ThreadPoolExecutor.runWorker(ThreadPoolExecutor.java:1149)
	at java.util.concurrent.ThreadPoolExecutor$Worker.run(ThreadPoolExecutor.java:624)
	... 1 more
Caused by: org.apache.ratis.thirdparty.io.netty.channel.AbstractChannel$AnnotatedConnectException: Connection refused: /192.168.157.254:33611
	at sun.nio.ch.SocketChannelImpl.checkConnect(Native Method)
	at sun.nio.ch.SocketChannelImpl.finishConnect(SocketChannelImpl.java:717)
	at org.apache.ratis.thirdparty.io.netty.channel.socket.nio.NioSocketChannel.doFinishConnect(NioSocketChannel.java:327)
	at org.apache.ratis.thirdparty.io.netty.channel.nio.AbstractNioChannel$AbstractNioUnsafe.finishConnect(AbstractNioChannel.java:340)
	at org.apache.ratis.thirdparty.io.netty.channel.nio.NioEventLoop.processSelectedKey(NioEventLoop.java:632)
	at org.apache.ratis.thirdparty.io.netty.channel.nio.NioEventLoop.processSelectedKeysOptimized(NioEventLoop.java:579)
	at org.apache.ratis.thirdparty.io.netty.channel.nio.NioEventLoop.processSelectedKeys(NioEventLoop.java:496)
	at org.apache.ratis.thirdparty.io.netty.channel.nio.NioEventLoop.run(NioEventLoop.java:458)
	at org.apache.ratis.thirdparty.io.netty.util.concurrent.SingleThreadEventExecutor$5.run(SingleThreadEventExecutor.java:897)
	at org.apache.ratis.thirdparty.io.netty.util.concurrent.FastThreadLocalRunnable.run(FastThreadLocalRunnable.java:30)
	... 1 more
Caused by: java.net.ConnectException: Connection refused
	... 11 more
2019-10-21 23:47:30,424 [grpc-default-executor-1] INFO  impl.RaftServerImpl (RaftServerImpl.java:setRole(184)) - 1360619e-ba1e-4bf9-aec1-9f15b5480b27@group-2FABE92B7E5B: changes role from  FOLLOWER to FOLLOWER at term 563 for recognizeCandidate:b88b3e43-5534-49b3-b3f2-a9f154b450de
2019-10-21 23:47:30,424 [grpc-default-executor-1] INFO  impl.RoleInfo (RoleInfo.java:shutdownFollowerState(121)) - 1360619e-ba1e-4bf9-aec1-9f15b5480b27: shutdown FollowerState
2019-10-21 23:47:30,425 [grpc-default-executor-1] INFO  impl.RoleInfo (RoleInfo.java:updateAndGet(143)) - 1360619e-ba1e-4bf9-aec1-9f15b5480b27: start FollowerState
2019-10-21 23:47:30,425 [Thread-3641] INFO  impl.FollowerState (FollowerState.java:run(117)) - 1360619e-ba1e-4bf9-aec1-9f15b5480b27@group-2FABE92B7E5B-FollowerState was interrupted: java.lang.InterruptedException: sleep interrupted
2019-10-21 23:47:30,438 [b88b3e43-5534-49b3-b3f2-a9f154b450de@group-2FABE92B7E5B-LeaderElection523] INFO  impl.LeaderElection (LeaderElection.java:logAndReturn(56)) - b88b3e43-5534-49b3-b3f2-a9f154b450de@group-2FABE92B7E5B-LeaderElection523: Election REJECTED; received 1 response(s) [b88b3e43-5534-49b3-b3f2-a9f154b450de<-1360619e-ba1e-4bf9-aec1-9f15b5480b27#0:FAIL-t563] and 1 exception(s); b88b3e43-5534-49b3-b3f2-a9f154b450de@group-2FABE92B7E5B:t563, leader=null, voted=b88b3e43-5534-49b3-b3f2-a9f154b450de, raftlog=b88b3e43-5534-49b3-b3f2-a9f154b450de@group-2FABE92B7E5B-SegmentedRaftLog:OPENED:c-1,f-1,i0, conf=-1: [c58a0a02-acd3-47c8-b3e9-5b8e0493de45:192.168.157.254:33611, 1360619e-ba1e-4bf9-aec1-9f15b5480b27:192.168.157.254:45658, b88b3e43-5534-49b3-b3f2-a9f154b450de:192.168.157.254:46786], old=null
2019-10-21 23:47:30,438 [b88b3e43-5534-49b3-b3f2-a9f154b450de@group-2FABE92B7E5B-LeaderElection523] INFO  impl.LeaderElection (LogUtils.java:infoOrTrace(149)) -   Exception 0: {}
java.util.concurrent.ExecutionException: org.apache.ratis.thirdparty.io.grpc.StatusRuntimeException: UNAVAILABLE: io exception
	at java.util.concurrent.FutureTask.report(FutureTask.java:122)
	at java.util.concurrent.FutureTask.get(FutureTask.java:192)
	at org.apache.ratis.server.impl.LeaderElection.waitForResults(LeaderElection.java:259)
	at org.apache.ratis.server.impl.LeaderElection.askForVotes(LeaderElection.java:197)
	at org.apache.ratis.server.impl.LeaderElection.run(LeaderElection.java:133)
	at java.lang.Thread.run(Thread.java:748)
Caused by: org.apache.ratis.thirdparty.io.grpc.StatusRuntimeException: UNAVAILABLE: io exception
	at org.apache.ratis.thirdparty.io.grpc.stub.ClientCalls.toStatusRuntimeException(ClientCalls.java:233)
	at org.apache.ratis.thirdparty.io.grpc.stub.ClientCalls.getUnchecked(ClientCalls.java:214)
	at org.apache.ratis.thirdparty.io.grpc.stub.ClientCalls.blockingUnaryCall(ClientCalls.java:139)
	at org.apache.ratis.proto.grpc.RaftServerProtocolServiceGrpc$RaftServerProtocolServiceBlockingStub.requestVote(RaftServerProtocolServiceGrpc.java:265)
	at org.apache.ratis.grpc.server.GrpcServerProtocolClient.requestVote(GrpcServerProtocolClient.java:99)
	at org.apache.ratis.grpc.server.GrpcService.requestVote(GrpcService.java:204)
	at org.apache.ratis.server.impl.LeaderElection.lambda$submitRequests$1(LeaderElection.java:234)
	at java.util.concurrent.FutureTask.run(FutureTask.java:266)
	at java.util.concurrent.Executors$RunnableAdapter.call(Executors.java:511)
	at java.util.concurrent.FutureTask.run(FutureTask.java:266)
	at java.util.concurrent.ThreadPoolExecutor.runWorker(ThreadPoolExecutor.java:1149)
	at java.util.concurrent.ThreadPoolExecutor$Worker.run(ThreadPoolExecutor.java:624)
	... 1 more
Caused by: org.apache.ratis.thirdparty.io.netty.channel.AbstractChannel$AnnotatedConnectException: Connection refused: /192.168.157.254:33611
	at sun.nio.ch.SocketChannelImpl.checkConnect(Native Method)
	at sun.nio.ch.SocketChannelImpl.finishConnect(SocketChannelImpl.java:717)
	at org.apache.ratis.thirdparty.io.netty.channel.socket.nio.NioSocketChannel.doFinishConnect(NioSocketChannel.java:327)
	at org.apache.ratis.thirdparty.io.netty.channel.nio.AbstractNioChannel$AbstractNioUnsafe.finishConnect(AbstractNioChannel.java:340)
	at org.apache.ratis.thirdparty.io.netty.channel.nio.NioEventLoop.processSelectedKey(NioEventLoop.java:632)
	at org.apache.ratis.thirdparty.io.netty.channel.nio.NioEventLoop.processSelectedKeysOptimized(NioEventLoop.java:579)
	at org.apache.ratis.thirdparty.io.netty.channel.nio.NioEventLoop.processSelectedKeys(NioEventLoop.java:496)
	at org.apache.ratis.thirdparty.io.netty.channel.nio.NioEventLoop.run(NioEventLoop.java:458)
	at org.apache.ratis.thirdparty.io.netty.util.concurrent.SingleThreadEventExecutor$5.run(SingleThreadEventExecutor.java:897)
	at org.apache.ratis.thirdparty.io.netty.util.concurrent.FastThreadLocalRunnable.run(FastThreadLocalRunnable.java:30)
	... 1 more
Caused by: java.net.ConnectException: Connection refused
	... 11 more
2019-10-21 23:47:30,438 [b88b3e43-5534-49b3-b3f2-a9f154b450de@group-2FABE92B7E5B-LeaderElection523] INFO  impl.RaftServerImpl (RaftServerImpl.java:setRole(184)) - b88b3e43-5534-49b3-b3f2-a9f154b450de@group-2FABE92B7E5B: changes role from CANDIDATE to FOLLOWER at term 563 for DISCOVERED_A_NEW_TERM
2019-10-21 23:47:30,438 [b88b3e43-5534-49b3-b3f2-a9f154b450de@group-2FABE92B7E5B-LeaderElection523] INFO  impl.RoleInfo (RoleInfo.java:shutdownLeaderElection(134)) - b88b3e43-5534-49b3-b3f2-a9f154b450de: shutdown LeaderElection
2019-10-21 23:47:30,439 [b88b3e43-5534-49b3-b3f2-a9f154b450de@group-2FABE92B7E5B-LeaderElection523] INFO  impl.RoleInfo (RoleInfo.java:updateAndGet(143)) - b88b3e43-5534-49b3-b3f2-a9f154b450de: start FollowerState
2019-10-21 23:47:30,482 [Thread-3647] INFO  impl.FollowerState (FollowerState.java:run(108)) - b88b3e43-5534-49b3-b3f2-a9f154b450de@group-2FABE92B7E5B-FollowerState: change to CANDIDATE, lastRpcTime:43ms, electionTimeout:43ms
2019-10-21 23:47:30,482 [Thread-3647] INFO  impl.RoleInfo (RoleInfo.java:shutdownFollowerState(121)) - b88b3e43-5534-49b3-b3f2-a9f154b450de: shutdown FollowerState
2019-10-21 23:47:30,482 [Thread-3647] INFO  impl.RaftServerImpl (RaftServerImpl.java:setRole(184)) - b88b3e43-5534-49b3-b3f2-a9f154b450de@group-2FABE92B7E5B: changes role from  FOLLOWER to CANDIDATE at term 563 for changeToCandidate
2019-10-21 23:47:30,482 [Thread-3647] INFO  impl.RoleInfo (RoleInfo.java:updateAndGet(143)) - b88b3e43-5534-49b3-b3f2-a9f154b450de: start LeaderElection
2019-10-21 23:47:30,495 [b88b3e43-5534-49b3-b3f2-a9f154b450de@group-2FABE92B7E5B-LeaderElection524] INFO  impl.LeaderElection (LeaderElection.java:askForVotes(178)) - b88b3e43-5534-49b3-b3f2-a9f154b450de@group-2FABE92B7E5B-LeaderElection524: begin an election at term 564 for -1: [c58a0a02-acd3-47c8-b3e9-5b8e0493de45:192.168.157.254:33611, 1360619e-ba1e-4bf9-aec1-9f15b5480b27:192.168.157.254:45658, b88b3e43-5534-49b3-b3f2-a9f154b450de:192.168.157.254:46786], old=null
2019-10-21 23:47:30,496 [b88b3e43-5534-49b3-b3f2-a9f154b450de@group-2FABE92B7E5B-LeaderElection524] INFO  impl.LeaderElection (LogUtils.java:infoOrTrace(149)) - b88b3e43-5534-49b3-b3f2-a9f154b450de@group-2FABE92B7E5B-LeaderElection524 got exception when requesting votes: {}
java.util.concurrent.ExecutionException: org.apache.ratis.thirdparty.io.grpc.StatusRuntimeException: UNAVAILABLE: io exception
	at java.util.concurrent.FutureTask.report(FutureTask.java:122)
	at java.util.concurrent.FutureTask.get(FutureTask.java:192)
	at org.apache.ratis.server.impl.LeaderElection.waitForResults(LeaderElection.java:259)
	at org.apache.ratis.server.impl.LeaderElection.askForVotes(LeaderElection.java:197)
	at org.apache.ratis.server.impl.LeaderElection.run(LeaderElection.java:133)
	at java.lang.Thread.run(Thread.java:748)
Caused by: org.apache.ratis.thirdparty.io.grpc.StatusRuntimeException: UNAVAILABLE: io exception
	at org.apache.ratis.thirdparty.io.grpc.stub.ClientCalls.toStatusRuntimeException(ClientCalls.java:233)
	at org.apache.ratis.thirdparty.io.grpc.stub.ClientCalls.getUnchecked(ClientCalls.java:214)
	at org.apache.ratis.thirdparty.io.grpc.stub.ClientCalls.blockingUnaryCall(ClientCalls.java:139)
	at org.apache.ratis.proto.grpc.RaftServerProtocolServiceGrpc$RaftServerProtocolServiceBlockingStub.requestVote(RaftServerProtocolServiceGrpc.java:265)
	at org.apache.ratis.grpc.server.GrpcServerProtocolClient.requestVote(GrpcServerProtocolClient.java:99)
	at org.apache.ratis.grpc.server.GrpcService.requestVote(GrpcService.java:204)
	at org.apache.ratis.server.impl.LeaderElection.lambda$submitRequests$1(LeaderElection.java:234)
	at java.util.concurrent.FutureTask.run(FutureTask.java:266)
	at java.util.concurrent.Executors$RunnableAdapter.call(Executors.java:511)
	at java.util.concurrent.FutureTask.run(FutureTask.java:266)
	at java.util.concurrent.ThreadPoolExecutor.runWorker(ThreadPoolExecutor.java:1149)
	at java.util.concurrent.ThreadPoolExecutor$Worker.run(ThreadPoolExecutor.java:624)
	... 1 more
Caused by: org.apache.ratis.thirdparty.io.netty.channel.AbstractChannel$AnnotatedConnectException: Connection refused: /192.168.157.254:33611
	at sun.nio.ch.SocketChannelImpl.checkConnect(Native Method)
	at sun.nio.ch.SocketChannelImpl.finishConnect(SocketChannelImpl.java:717)
	at org.apache.ratis.thirdparty.io.netty.channel.socket.nio.NioSocketChannel.doFinishConnect(NioSocketChannel.java:327)
	at org.apache.ratis.thirdparty.io.netty.channel.nio.AbstractNioChannel$AbstractNioUnsafe.finishConnect(AbstractNioChannel.java:340)
	at org.apache.ratis.thirdparty.io.netty.channel.nio.NioEventLoop.processSelectedKey(NioEventLoop.java:632)
	at org.apache.ratis.thirdparty.io.netty.channel.nio.NioEventLoop.processSelectedKeysOptimized(NioEventLoop.java:579)
	at org.apache.ratis.thirdparty.io.netty.channel.nio.NioEventLoop.processSelectedKeys(NioEventLoop.java:496)
	at org.apache.ratis.thirdparty.io.netty.channel.nio.NioEventLoop.run(NioEventLoop.java:458)
	at org.apache.ratis.thirdparty.io.netty.util.concurrent.SingleThreadEventExecutor$5.run(SingleThreadEventExecutor.java:897)
	at org.apache.ratis.thirdparty.io.netty.util.concurrent.FastThreadLocalRunnable.run(FastThreadLocalRunnable.java:30)
	... 1 more
Caused by: java.net.ConnectException: Connection refused
	... 11 more
2019-10-21 23:47:30,498 [grpc-default-executor-1] INFO  impl.RaftServerImpl (RaftServerImpl.java:setRole(184)) - 1360619e-ba1e-4bf9-aec1-9f15b5480b27@group-2FABE92B7E5B: changes role from  FOLLOWER to FOLLOWER at term 564 for recognizeCandidate:b88b3e43-5534-49b3-b3f2-a9f154b450de
2019-10-21 23:47:30,498 [grpc-default-executor-1] INFO  impl.RoleInfo (RoleInfo.java:shutdownFollowerState(121)) - 1360619e-ba1e-4bf9-aec1-9f15b5480b27: shutdown FollowerState
2019-10-21 23:47:30,498 [grpc-default-executor-1] INFO  impl.RoleInfo (RoleInfo.java:updateAndGet(143)) - 1360619e-ba1e-4bf9-aec1-9f15b5480b27: start FollowerState
2019-10-21 23:47:30,498 [Thread-3646] INFO  impl.FollowerState (FollowerState.java:run(117)) - 1360619e-ba1e-4bf9-aec1-9f15b5480b27@group-2FABE92B7E5B-FollowerState was interrupted: java.lang.InterruptedException: sleep interrupted
2019-10-21 23:47:30,510 [b88b3e43-5534-49b3-b3f2-a9f154b450de@group-2FABE92B7E5B-LeaderElection524] INFO  impl.LeaderElection (LeaderElection.java:logAndReturn(56)) - b88b3e43-5534-49b3-b3f2-a9f154b450de@group-2FABE92B7E5B-LeaderElection524: Election TIMEOUT; received 0 response(s) [] and 1 exception(s); b88b3e43-5534-49b3-b3f2-a9f154b450de@group-2FABE92B7E5B:t564, leader=null, voted=b88b3e43-5534-49b3-b3f2-a9f154b450de, raftlog=b88b3e43-5534-49b3-b3f2-a9f154b450de@group-2FABE92B7E5B-SegmentedRaftLog:OPENED:c-1,f-1,i0, conf=-1: [c58a0a02-acd3-47c8-b3e9-5b8e0493de45:192.168.157.254:33611, 1360619e-ba1e-4bf9-aec1-9f15b5480b27:192.168.157.254:45658, b88b3e43-5534-49b3-b3f2-a9f154b450de:192.168.157.254:46786], old=null
2019-10-21 23:47:30,510 [b88b3e43-5534-49b3-b3f2-a9f154b450de@group-2FABE92B7E5B-LeaderElection524] INFO  impl.LeaderElection (LogUtils.java:infoOrTrace(149)) -   Exception 0: {}
java.util.concurrent.ExecutionException: org.apache.ratis.thirdparty.io.grpc.StatusRuntimeException: UNAVAILABLE: io exception
	at java.util.concurrent.FutureTask.report(FutureTask.java:122)
	at java.util.concurrent.FutureTask.get(FutureTask.java:192)
	at org.apache.ratis.server.impl.LeaderElection.waitForResults(LeaderElection.java:259)
	at org.apache.ratis.server.impl.LeaderElection.askForVotes(LeaderElection.java:197)
	at org.apache.ratis.server.impl.LeaderElection.run(LeaderElection.java:133)
	at java.lang.Thread.run(Thread.java:748)
Caused by: org.apache.ratis.thirdparty.io.grpc.StatusRuntimeException: UNAVAILABLE: io exception
	at org.apache.ratis.thirdparty.io.grpc.stub.ClientCalls.toStatusRuntimeException(ClientCalls.java:233)
	at org.apache.ratis.thirdparty.io.grpc.stub.ClientCalls.getUnchecked(ClientCalls.java:214)
	at org.apache.ratis.thirdparty.io.grpc.stub.ClientCalls.blockingUnaryCall(ClientCalls.java:139)
	at org.apache.ratis.proto.grpc.RaftServerProtocolServiceGrpc$RaftServerProtocolServiceBlockingStub.requestVote(RaftServerProtocolServiceGrpc.java:265)
	at org.apache.ratis.grpc.server.GrpcServerProtocolClient.requestVote(GrpcServerProtocolClient.java:99)
	at org.apache.ratis.grpc.server.GrpcService.requestVote(GrpcService.java:204)
	at org.apache.ratis.server.impl.LeaderElection.lambda$submitRequests$1(LeaderElection.java:234)
	at java.util.concurrent.FutureTask.run(FutureTask.java:266)
	at java.util.concurrent.Executors$RunnableAdapter.call(Executors.java:511)
	at java.util.concurrent.FutureTask.run(FutureTask.java:266)
	at java.util.concurrent.ThreadPoolExecutor.runWorker(ThreadPoolExecutor.java:1149)
	at java.util.concurrent.ThreadPoolExecutor$Worker.run(ThreadPoolExecutor.java:624)
	... 1 more
Caused by: org.apache.ratis.thirdparty.io.netty.channel.AbstractChannel$AnnotatedConnectException: Connection refused: /192.168.157.254:33611
	at sun.nio.ch.SocketChannelImpl.checkConnect(Native Method)
	at sun.nio.ch.SocketChannelImpl.finishConnect(SocketChannelImpl.java:717)
	at org.apache.ratis.thirdparty.io.netty.channel.socket.nio.NioSocketChannel.doFinishConnect(NioSocketChannel.java:327)
	at org.apache.ratis.thirdparty.io.netty.channel.nio.AbstractNioChannel$AbstractNioUnsafe.finishConnect(AbstractNioChannel.java:340)
	at org.apache.ratis.thirdparty.io.netty.channel.nio.NioEventLoop.processSelectedKey(NioEventLoop.java:632)
	at org.apache.ratis.thirdparty.io.netty.channel.nio.NioEventLoop.processSelectedKeysOptimized(NioEventLoop.java:579)
	at org.apache.ratis.thirdparty.io.netty.channel.nio.NioEventLoop.processSelectedKeys(NioEventLoop.java:496)
	at org.apache.ratis.thirdparty.io.netty.channel.nio.NioEventLoop.run(NioEventLoop.java:458)
	at org.apache.ratis.thirdparty.io.netty.util.concurrent.SingleThreadEventExecutor$5.run(SingleThreadEventExecutor.java:897)
	at org.apache.ratis.thirdparty.io.netty.util.concurrent.FastThreadLocalRunnable.run(FastThreadLocalRunnable.java:30)
	... 1 more
Caused by: java.net.ConnectException: Connection refused
	... 11 more
2019-10-21 23:47:30,523 [b88b3e43-5534-49b3-b3f2-a9f154b450de@group-2FABE92B7E5B-LeaderElection524] INFO  impl.LeaderElection (LeaderElection.java:askForVotes(178)) - b88b3e43-5534-49b3-b3f2-a9f154b450de@group-2FABE92B7E5B-LeaderElection524: begin an election at term 565 for -1: [c58a0a02-acd3-47c8-b3e9-5b8e0493de45:192.168.157.254:33611, 1360619e-ba1e-4bf9-aec1-9f15b5480b27:192.168.157.254:45658, b88b3e43-5534-49b3-b3f2-a9f154b450de:192.168.157.254:46786], old=null
2019-10-21 23:47:30,524 [b88b3e43-5534-49b3-b3f2-a9f154b450de@group-2FABE92B7E5B-LeaderElection524] INFO  impl.LeaderElection (LogUtils.java:infoOrTrace(149)) - b88b3e43-5534-49b3-b3f2-a9f154b450de@group-2FABE92B7E5B-LeaderElection524 got exception when requesting votes: {}
java.util.concurrent.ExecutionException: org.apache.ratis.thirdparty.io.grpc.StatusRuntimeException: UNAVAILABLE: io exception
	at java.util.concurrent.FutureTask.report(FutureTask.java:122)
	at java.util.concurrent.FutureTask.get(FutureTask.java:192)
	at org.apache.ratis.server.impl.LeaderElection.waitForResults(LeaderElection.java:259)
	at org.apache.ratis.server.impl.LeaderElection.askForVotes(LeaderElection.java:197)
	at org.apache.ratis.server.impl.LeaderElection.run(LeaderElection.java:133)
	at java.lang.Thread.run(Thread.java:748)
Caused by: org.apache.ratis.thirdparty.io.grpc.StatusRuntimeException: UNAVAILABLE: io exception
	at org.apache.ratis.thirdparty.io.grpc.stub.ClientCalls.toStatusRuntimeException(ClientCalls.java:233)
	at org.apache.ratis.thirdparty.io.grpc.stub.ClientCalls.getUnchecked(ClientCalls.java:214)
	at org.apache.ratis.thirdparty.io.grpc.stub.ClientCalls.blockingUnaryCall(ClientCalls.java:139)
	at org.apache.ratis.proto.grpc.RaftServerProtocolServiceGrpc$RaftServerProtocolServiceBlockingStub.requestVote(RaftServerProtocolServiceGrpc.java:265)
	at org.apache.ratis.grpc.server.GrpcServerProtocolClient.requestVote(GrpcServerProtocolClient.java:99)
	at org.apache.ratis.grpc.server.GrpcService.requestVote(GrpcService.java:204)
	at org.apache.ratis.server.impl.LeaderElection.lambda$submitRequests$1(LeaderElection.java:234)
	at java.util.concurrent.FutureTask.run(FutureTask.java:266)
	at java.util.concurrent.Executors$RunnableAdapter.call(Executors.java:511)
	at java.util.concurrent.FutureTask.run(FutureTask.java:266)
	at java.util.concurrent.ThreadPoolExecutor.runWorker(ThreadPoolExecutor.java:1149)
	at java.util.concurrent.ThreadPoolExecutor$Worker.run(ThreadPoolExecutor.java:624)
	... 1 more
Caused by: org.apache.ratis.thirdparty.io.netty.channel.AbstractChannel$AnnotatedConnectException: Connection refused: /192.168.157.254:33611
	at sun.nio.ch.SocketChannelImpl.checkConnect(Native Method)
	at sun.nio.ch.SocketChannelImpl.finishConnect(SocketChannelImpl.java:717)
	at org.apache.ratis.thirdparty.io.netty.channel.socket.nio.NioSocketChannel.doFinishConnect(NioSocketChannel.java:327)
	at org.apache.ratis.thirdparty.io.netty.channel.nio.AbstractNioChannel$AbstractNioUnsafe.finishConnect(AbstractNioChannel.java:340)
	at org.apache.ratis.thirdparty.io.netty.channel.nio.NioEventLoop.processSelectedKey(NioEventLoop.java:632)
	at org.apache.ratis.thirdparty.io.netty.channel.nio.NioEventLoop.processSelectedKeysOptimized(NioEventLoop.java:579)
	at org.apache.ratis.thirdparty.io.netty.channel.nio.NioEventLoop.processSelectedKeys(NioEventLoop.java:496)
	at org.apache.ratis.thirdparty.io.netty.channel.nio.NioEventLoop.run(NioEventLoop.java:458)
	at org.apache.ratis.thirdparty.io.netty.util.concurrent.SingleThreadEventExecutor$5.run(SingleThreadEventExecutor.java:897)
	at org.apache.ratis.thirdparty.io.netty.util.concurrent.FastThreadLocalRunnable.run(FastThreadLocalRunnable.java:30)
	... 1 more
Caused by: java.net.ConnectException: Connection refused
	... 11 more
2019-10-21 23:47:30,525 [grpc-default-executor-1] INFO  impl.RaftServerImpl (RaftServerImpl.java:setRole(184)) - 1360619e-ba1e-4bf9-aec1-9f15b5480b27@group-2FABE92B7E5B: changes role from  FOLLOWER to FOLLOWER at term 565 for recognizeCandidate:b88b3e43-5534-49b3-b3f2-a9f154b450de
2019-10-21 23:47:30,525 [grpc-default-executor-1] INFO  impl.RoleInfo (RoleInfo.java:shutdownFollowerState(121)) - 1360619e-ba1e-4bf9-aec1-9f15b5480b27: shutdown FollowerState
2019-10-21 23:47:30,525 [grpc-default-executor-1] INFO  impl.RoleInfo (RoleInfo.java:updateAndGet(143)) - 1360619e-ba1e-4bf9-aec1-9f15b5480b27: start FollowerState
2019-10-21 23:47:30,525 [Thread-3651] INFO  impl.FollowerState (FollowerState.java:run(117)) - 1360619e-ba1e-4bf9-aec1-9f15b5480b27@group-2FABE92B7E5B-FollowerState was interrupted: java.lang.InterruptedException: sleep interrupted
2019-10-21 23:47:30,538 [b88b3e43-5534-49b3-b3f2-a9f154b450de@group-2FABE92B7E5B-LeaderElection524] INFO  impl.LeaderElection (LeaderElection.java:logAndReturn(56)) - b88b3e43-5534-49b3-b3f2-a9f154b450de@group-2FABE92B7E5B-LeaderElection524: Election REJECTED; received 1 response(s) [b88b3e43-5534-49b3-b3f2-a9f154b450de<-1360619e-ba1e-4bf9-aec1-9f15b5480b27#0:FAIL-t565] and 1 exception(s); b88b3e43-5534-49b3-b3f2-a9f154b450de@group-2FABE92B7E5B:t565, leader=null, voted=b88b3e43-5534-49b3-b3f2-a9f154b450de, raftlog=b88b3e43-5534-49b3-b3f2-a9f154b450de@group-2FABE92B7E5B-SegmentedRaftLog:OPENED:c-1,f-1,i0, conf=-1: [c58a0a02-acd3-47c8-b3e9-5b8e0493de45:192.168.157.254:33611, 1360619e-ba1e-4bf9-aec1-9f15b5480b27:192.168.157.254:45658, b88b3e43-5534-49b3-b3f2-a9f154b450de:192.168.157.254:46786], old=null
2019-10-21 23:47:30,538 [b88b3e43-5534-49b3-b3f2-a9f154b450de@group-2FABE92B7E5B-LeaderElection524] INFO  impl.LeaderElection (LogUtils.java:infoOrTrace(149)) -   Exception 0: {}
java.util.concurrent.ExecutionException: org.apache.ratis.thirdparty.io.grpc.StatusRuntimeException: UNAVAILABLE: io exception
	at java.util.concurrent.FutureTask.report(FutureTask.java:122)
	at java.util.concurrent.FutureTask.get(FutureTask.java:192)
	at org.apache.ratis.server.impl.LeaderElection.waitForResults(LeaderElection.java:259)
	at org.apache.ratis.server.impl.LeaderElection.askForVotes(LeaderElection.java:197)
	at org.apache.ratis.server.impl.LeaderElection.run(LeaderElection.java:133)
	at java.lang.Thread.run(Thread.java:748)
Caused by: org.apache.ratis.thirdparty.io.grpc.StatusRuntimeException: UNAVAILABLE: io exception
	at org.apache.ratis.thirdparty.io.grpc.stub.ClientCalls.toStatusRuntimeException(ClientCalls.java:233)
	at org.apache.ratis.thirdparty.io.grpc.stub.ClientCalls.getUnchecked(ClientCalls.java:214)
	at org.apache.ratis.thirdparty.io.grpc.stub.ClientCalls.blockingUnaryCall(ClientCalls.java:139)
	at org.apache.ratis.proto.grpc.RaftServerProtocolServiceGrpc$RaftServerProtocolServiceBlockingStub.requestVote(RaftServerProtocolServiceGrpc.java:265)
	at org.apache.ratis.grpc.server.GrpcServerProtocolClient.requestVote(GrpcServerProtocolClient.java:99)
	at org.apache.ratis.grpc.server.GrpcService.requestVote(GrpcService.java:204)
	at org.apache.ratis.server.impl.LeaderElection.lambda$submitRequests$1(LeaderElection.java:234)
	at java.util.concurrent.FutureTask.run(FutureTask.java:266)
	at java.util.concurrent.Executors$RunnableAdapter.call(Executors.java:511)
	at java.util.concurrent.FutureTask.run(FutureTask.java:266)
	at java.util.concurrent.ThreadPoolExecutor.runWorker(ThreadPoolExecutor.java:1149)
	at java.util.concurrent.ThreadPoolExecutor$Worker.run(ThreadPoolExecutor.java:624)
	... 1 more
Caused by: org.apache.ratis.thirdparty.io.netty.channel.AbstractChannel$AnnotatedConnectException: Connection refused: /192.168.157.254:33611
	at sun.nio.ch.SocketChannelImpl.checkConnect(Native Method)
	at sun.nio.ch.SocketChannelImpl.finishConnect(SocketChannelImpl.java:717)
	at org.apache.ratis.thirdparty.io.netty.channel.socket.nio.NioSocketChannel.doFinishConnect(NioSocketChannel.java:327)
	at org.apache.ratis.thirdparty.io.netty.channel.nio.AbstractNioChannel$AbstractNioUnsafe.finishConnect(AbstractNioChannel.java:340)
	at org.apache.ratis.thirdparty.io.netty.channel.nio.NioEventLoop.processSelectedKey(NioEventLoop.java:632)
	at org.apache.ratis.thirdparty.io.netty.channel.nio.NioEventLoop.processSelectedKeysOptimized(NioEventLoop.java:579)
	at org.apache.ratis.thirdparty.io.netty.channel.nio.NioEventLoop.processSelectedKeys(NioEventLoop.java:496)
	at org.apache.ratis.thirdparty.io.netty.channel.nio.NioEventLoop.run(NioEventLoop.java:458)
	at org.apache.ratis.thirdparty.io.netty.util.concurrent.SingleThreadEventExecutor$5.run(SingleThreadEventExecutor.java:897)
	at org.apache.ratis.thirdparty.io.netty.util.concurrent.FastThreadLocalRunnable.run(FastThreadLocalRunnable.java:30)
	... 1 more
Caused by: java.net.ConnectException: Connection refused
	... 11 more
2019-10-21 23:47:30,538 [b88b3e43-5534-49b3-b3f2-a9f154b450de@group-2FABE92B7E5B-LeaderElection524] INFO  impl.RaftServerImpl (RaftServerImpl.java:setRole(184)) - b88b3e43-5534-49b3-b3f2-a9f154b450de@group-2FABE92B7E5B: changes role from CANDIDATE to FOLLOWER at term 565 for DISCOVERED_A_NEW_TERM
2019-10-21 23:47:30,538 [b88b3e43-5534-49b3-b3f2-a9f154b450de@group-2FABE92B7E5B-LeaderElection524] INFO  impl.RoleInfo (RoleInfo.java:shutdownLeaderElection(134)) - b88b3e43-5534-49b3-b3f2-a9f154b450de: shutdown LeaderElection
2019-10-21 23:47:30,539 [b88b3e43-5534-49b3-b3f2-a9f154b450de@group-2FABE92B7E5B-LeaderElection524] INFO  impl.RoleInfo (RoleInfo.java:updateAndGet(143)) - b88b3e43-5534-49b3-b3f2-a9f154b450de: start FollowerState
2019-10-21 23:47:30,654 [Thread-3655] INFO  impl.FollowerState (FollowerState.java:run(108)) - b88b3e43-5534-49b3-b3f2-a9f154b450de@group-2FABE92B7E5B-FollowerState: change to CANDIDATE, lastRpcTime:115ms, electionTimeout:115ms
2019-10-21 23:47:30,654 [Thread-3655] INFO  impl.RoleInfo (RoleInfo.java:shutdownFollowerState(121)) - b88b3e43-5534-49b3-b3f2-a9f154b450de: shutdown FollowerState
2019-10-21 23:47:30,654 [Thread-3655] INFO  impl.RaftServerImpl (RaftServerImpl.java:setRole(184)) - b88b3e43-5534-49b3-b3f2-a9f154b450de@group-2FABE92B7E5B: changes role from  FOLLOWER to CANDIDATE at term 565 for changeToCandidate
2019-10-21 23:47:30,654 [Thread-3655] INFO  impl.RoleInfo (RoleInfo.java:updateAndGet(143)) - b88b3e43-5534-49b3-b3f2-a9f154b450de: start LeaderElection
2019-10-21 23:47:30,667 [b88b3e43-5534-49b3-b3f2-a9f154b450de@group-2FABE92B7E5B-LeaderElection525] INFO  impl.LeaderElection (LeaderElection.java:askForVotes(178)) - b88b3e43-5534-49b3-b3f2-a9f154b450de@group-2FABE92B7E5B-LeaderElection525: begin an election at term 566 for -1: [c58a0a02-acd3-47c8-b3e9-5b8e0493de45:192.168.157.254:33611, 1360619e-ba1e-4bf9-aec1-9f15b5480b27:192.168.157.254:45658, b88b3e43-5534-49b3-b3f2-a9f154b450de:192.168.157.254:46786], old=null
2019-10-21 23:47:30,668 [b88b3e43-5534-49b3-b3f2-a9f154b450de@group-2FABE92B7E5B-LeaderElection525] INFO  impl.LeaderElection (LogUtils.java:infoOrTrace(149)) - b88b3e43-5534-49b3-b3f2-a9f154b450de@group-2FABE92B7E5B-LeaderElection525 got exception when requesting votes: {}
java.util.concurrent.ExecutionException: org.apache.ratis.thirdparty.io.grpc.StatusRuntimeException: UNAVAILABLE: io exception
	at java.util.concurrent.FutureTask.report(FutureTask.java:122)
	at java.util.concurrent.FutureTask.get(FutureTask.java:192)
	at org.apache.ratis.server.impl.LeaderElection.waitForResults(LeaderElection.java:259)
	at org.apache.ratis.server.impl.LeaderElection.askForVotes(LeaderElection.java:197)
	at org.apache.ratis.server.impl.LeaderElection.run(LeaderElection.java:133)
	at java.lang.Thread.run(Thread.java:748)
Caused by: org.apache.ratis.thirdparty.io.grpc.StatusRuntimeException: UNAVAILABLE: io exception
	at org.apache.ratis.thirdparty.io.grpc.stub.ClientCalls.toStatusRuntimeException(ClientCalls.java:233)
	at org.apache.ratis.thirdparty.io.grpc.stub.ClientCalls.getUnchecked(ClientCalls.java:214)
	at org.apache.ratis.thirdparty.io.grpc.stub.ClientCalls.blockingUnaryCall(ClientCalls.java:139)
	at org.apache.ratis.proto.grpc.RaftServerProtocolServiceGrpc$RaftServerProtocolServiceBlockingStub.requestVote(RaftServerProtocolServiceGrpc.java:265)
	at org.apache.ratis.grpc.server.GrpcServerProtocolClient.requestVote(GrpcServerProtocolClient.java:99)
	at org.apache.ratis.grpc.server.GrpcService.requestVote(GrpcService.java:204)
	at org.apache.ratis.server.impl.LeaderElection.lambda$submitRequests$1(LeaderElection.java:234)
	at java.util.concurrent.FutureTask.run(FutureTask.java:266)
	at java.util.concurrent.Executors$RunnableAdapter.call(Executors.java:511)
	at java.util.concurrent.FutureTask.run(FutureTask.java:266)
	at java.util.concurrent.ThreadPoolExecutor.runWorker(ThreadPoolExecutor.java:1149)
	at java.util.concurrent.ThreadPoolExecutor$Worker.run(ThreadPoolExecutor.java:624)
	... 1 more
Caused by: org.apache.ratis.thirdparty.io.netty.channel.AbstractChannel$AnnotatedConnectException: Connection refused: /192.168.157.254:33611
	at sun.nio.ch.SocketChannelImpl.checkConnect(Native Method)
	at sun.nio.ch.SocketChannelImpl.finishConnect(SocketChannelImpl.java:717)
	at org.apache.ratis.thirdparty.io.netty.channel.socket.nio.NioSocketChannel.doFinishConnect(NioSocketChannel.java:327)
	at org.apache.ratis.thirdparty.io.netty.channel.nio.AbstractNioChannel$AbstractNioUnsafe.finishConnect(AbstractNioChannel.java:340)
	at org.apache.ratis.thirdparty.io.netty.channel.nio.NioEventLoop.processSelectedKey(NioEventLoop.java:632)
	at org.apache.ratis.thirdparty.io.netty.channel.nio.NioEventLoop.processSelectedKeysOptimized(NioEventLoop.java:579)
	at org.apache.ratis.thirdparty.io.netty.channel.nio.NioEventLoop.processSelectedKeys(NioEventLoop.java:496)
	at org.apache.ratis.thirdparty.io.netty.channel.nio.NioEventLoop.run(NioEventLoop.java:458)
	at org.apache.ratis.thirdparty.io.netty.util.concurrent.SingleThreadEventExecutor$5.run(SingleThreadEventExecutor.java:897)
	at org.apache.ratis.thirdparty.io.netty.util.concurrent.FastThreadLocalRunnable.run(FastThreadLocalRunnable.java:30)
	... 1 more
Caused by: java.net.ConnectException: Connection refused
	... 11 more
2019-10-21 23:47:30,670 [grpc-default-executor-1] INFO  impl.RaftServerImpl (RaftServerImpl.java:setRole(184)) - 1360619e-ba1e-4bf9-aec1-9f15b5480b27@group-2FABE92B7E5B: changes role from  FOLLOWER to FOLLOWER at term 566 for recognizeCandidate:b88b3e43-5534-49b3-b3f2-a9f154b450de
2019-10-21 23:47:30,671 [grpc-default-executor-1] INFO  impl.RoleInfo (RoleInfo.java:shutdownFollowerState(121)) - 1360619e-ba1e-4bf9-aec1-9f15b5480b27: shutdown FollowerState
2019-10-21 23:47:30,671 [grpc-default-executor-1] INFO  impl.RoleInfo (RoleInfo.java:updateAndGet(143)) - 1360619e-ba1e-4bf9-aec1-9f15b5480b27: start FollowerState
2019-10-21 23:47:30,671 [Thread-3654] INFO  impl.FollowerState (FollowerState.java:run(117)) - 1360619e-ba1e-4bf9-aec1-9f15b5480b27@group-2FABE92B7E5B-FollowerState was interrupted: java.lang.InterruptedException: sleep interrupted
2019-10-21 23:47:30,685 [b88b3e43-5534-49b3-b3f2-a9f154b450de@group-2FABE92B7E5B-LeaderElection525] INFO  impl.LeaderElection (LeaderElection.java:logAndReturn(56)) - b88b3e43-5534-49b3-b3f2-a9f154b450de@group-2FABE92B7E5B-LeaderElection525: Election REJECTED; received 1 response(s) [b88b3e43-5534-49b3-b3f2-a9f154b450de<-1360619e-ba1e-4bf9-aec1-9f15b5480b27#0:FAIL-t566] and 1 exception(s); b88b3e43-5534-49b3-b3f2-a9f154b450de@group-2FABE92B7E5B:t566, leader=null, voted=b88b3e43-5534-49b3-b3f2-a9f154b450de, raftlog=b88b3e43-5534-49b3-b3f2-a9f154b450de@group-2FABE92B7E5B-SegmentedRaftLog:OPENED:c-1,f-1,i0, conf=-1: [c58a0a02-acd3-47c8-b3e9-5b8e0493de45:192.168.157.254:33611, 1360619e-ba1e-4bf9-aec1-9f15b5480b27:192.168.157.254:45658, b88b3e43-5534-49b3-b3f2-a9f154b450de:192.168.157.254:46786], old=null
2019-10-21 23:47:30,685 [b88b3e43-5534-49b3-b3f2-a9f154b450de@group-2FABE92B7E5B-LeaderElection525] INFO  impl.LeaderElection (LogUtils.java:infoOrTrace(149)) -   Exception 0: {}
java.util.concurrent.ExecutionException: org.apache.ratis.thirdparty.io.grpc.StatusRuntimeException: UNAVAILABLE: io exception
	at java.util.concurrent.FutureTask.report(FutureTask.java:122)
	at java.util.concurrent.FutureTask.get(FutureTask.java:192)
	at org.apache.ratis.server.impl.LeaderElection.waitForResults(LeaderElection.java:259)
	at org.apache.ratis.server.impl.LeaderElection.askForVotes(LeaderElection.java:197)
	at org.apache.ratis.server.impl.LeaderElection.run(LeaderElection.java:133)
	at java.lang.Thread.run(Thread.java:748)
Caused by: org.apache.ratis.thirdparty.io.grpc.StatusRuntimeException: UNAVAILABLE: io exception
	at org.apache.ratis.thirdparty.io.grpc.stub.ClientCalls.toStatusRuntimeException(ClientCalls.java:233)
	at org.apache.ratis.thirdparty.io.grpc.stub.ClientCalls.getUnchecked(ClientCalls.java:214)
	at org.apache.ratis.thirdparty.io.grpc.stub.ClientCalls.blockingUnaryCall(ClientCalls.java:139)
	at org.apache.ratis.proto.grpc.RaftServerProtocolServiceGrpc$RaftServerProtocolServiceBlockingStub.requestVote(RaftServerProtocolServiceGrpc.java:265)
	at org.apache.ratis.grpc.server.GrpcServerProtocolClient.requestVote(GrpcServerProtocolClient.java:99)
	at org.apache.ratis.grpc.server.GrpcService.requestVote(GrpcService.java:204)
	at org.apache.ratis.server.impl.LeaderElection.lambda$submitRequests$1(LeaderElection.java:234)
	at java.util.concurrent.FutureTask.run(FutureTask.java:266)
	at java.util.concurrent.Executors$RunnableAdapter.call(Executors.java:511)
	at java.util.concurrent.FutureTask.run(FutureTask.java:266)
	at java.util.concurrent.ThreadPoolExecutor.runWorker(ThreadPoolExecutor.java:1149)
	at java.util.concurrent.ThreadPoolExecutor$Worker.run(ThreadPoolExecutor.java:624)
	... 1 more
Caused by: org.apache.ratis.thirdparty.io.netty.channel.AbstractChannel$AnnotatedConnectException: Connection refused: /192.168.157.254:33611
	at sun.nio.ch.SocketChannelImpl.checkConnect(Native Method)
	at sun.nio.ch.SocketChannelImpl.finishConnect(SocketChannelImpl.java:717)
	at org.apache.ratis.thirdparty.io.netty.channel.socket.nio.NioSocketChannel.doFinishConnect(NioSocketChannel.java:327)
	at org.apache.ratis.thirdparty.io.netty.channel.nio.AbstractNioChannel$AbstractNioUnsafe.finishConnect(AbstractNioChannel.java:340)
	at org.apache.ratis.thirdparty.io.netty.channel.nio.NioEventLoop.processSelectedKey(NioEventLoop.java:632)
	at org.apache.ratis.thirdparty.io.netty.channel.nio.NioEventLoop.processSelectedKeysOptimized(NioEventLoop.java:579)
	at org.apache.ratis.thirdparty.io.netty.channel.nio.NioEventLoop.processSelectedKeys(NioEventLoop.java:496)
	at org.apache.ratis.thirdparty.io.netty.channel.nio.NioEventLoop.run(NioEventLoop.java:458)
	at org.apache.ratis.thirdparty.io.netty.util.concurrent.SingleThreadEventExecutor$5.run(SingleThreadEventExecutor.java:897)
	at org.apache.ratis.thirdparty.io.netty.util.concurrent.FastThreadLocalRunnable.run(FastThreadLocalRunnable.java:30)
	... 1 more
Caused by: java.net.ConnectException: Connection refused
	... 11 more
2019-10-21 23:47:30,685 [b88b3e43-5534-49b3-b3f2-a9f154b450de@group-2FABE92B7E5B-LeaderElection525] INFO  impl.RaftServerImpl (RaftServerImpl.java:setRole(184)) - b88b3e43-5534-49b3-b3f2-a9f154b450de@group-2FABE92B7E5B: changes role from CANDIDATE to FOLLOWER at term 566 for DISCOVERED_A_NEW_TERM
2019-10-21 23:47:30,685 [b88b3e43-5534-49b3-b3f2-a9f154b450de@group-2FABE92B7E5B-LeaderElection525] INFO  impl.RoleInfo (RoleInfo.java:shutdownLeaderElection(134)) - b88b3e43-5534-49b3-b3f2-a9f154b450de: shutdown LeaderElection
2019-10-21 23:47:30,686 [b88b3e43-5534-49b3-b3f2-a9f154b450de@group-2FABE92B7E5B-LeaderElection525] INFO  impl.RoleInfo (RoleInfo.java:updateAndGet(143)) - b88b3e43-5534-49b3-b3f2-a9f154b450de: start FollowerState
2019-10-21 23:47:30,792 [Thread-3662] INFO  impl.FollowerState (FollowerState.java:run(108)) - b88b3e43-5534-49b3-b3f2-a9f154b450de@group-2FABE92B7E5B-FollowerState: change to CANDIDATE, lastRpcTime:106ms, electionTimeout:106ms
2019-10-21 23:47:30,792 [Thread-3662] INFO  impl.RoleInfo (RoleInfo.java:shutdownFollowerState(121)) - b88b3e43-5534-49b3-b3f2-a9f154b450de: shutdown FollowerState
2019-10-21 23:47:30,792 [Thread-3662] INFO  impl.RaftServerImpl (RaftServerImpl.java:setRole(184)) - b88b3e43-5534-49b3-b3f2-a9f154b450de@group-2FABE92B7E5B: changes role from  FOLLOWER to CANDIDATE at term 566 for changeToCandidate
2019-10-21 23:47:30,793 [Thread-3662] INFO  impl.RoleInfo (RoleInfo.java:updateAndGet(143)) - b88b3e43-5534-49b3-b3f2-a9f154b450de: start LeaderElection
2019-10-21 23:47:30,806 [b88b3e43-5534-49b3-b3f2-a9f154b450de@group-2FABE92B7E5B-LeaderElection526] INFO  impl.LeaderElection (LeaderElection.java:askForVotes(178)) - b88b3e43-5534-49b3-b3f2-a9f154b450de@group-2FABE92B7E5B-LeaderElection526: begin an election at term 567 for -1: [c58a0a02-acd3-47c8-b3e9-5b8e0493de45:192.168.157.254:33611, 1360619e-ba1e-4bf9-aec1-9f15b5480b27:192.168.157.254:45658, b88b3e43-5534-49b3-b3f2-a9f154b450de:192.168.157.254:46786], old=null
2019-10-21 23:47:30,807 [b88b3e43-5534-49b3-b3f2-a9f154b450de@group-2FABE92B7E5B-LeaderElection526] INFO  impl.LeaderElection (LogUtils.java:infoOrTrace(149)) - b88b3e43-5534-49b3-b3f2-a9f154b450de@group-2FABE92B7E5B-LeaderElection526 got exception when requesting votes: {}
java.util.concurrent.ExecutionException: org.apache.ratis.thirdparty.io.grpc.StatusRuntimeException: UNAVAILABLE: io exception
	at java.util.concurrent.FutureTask.report(FutureTask.java:122)
	at java.util.concurrent.FutureTask.get(FutureTask.java:192)
	at org.apache.ratis.server.impl.LeaderElection.waitForResults(LeaderElection.java:259)
	at org.apache.ratis.server.impl.LeaderElection.askForVotes(LeaderElection.java:197)
	at org.apache.ratis.server.impl.LeaderElection.run(LeaderElection.java:133)
	at java.lang.Thread.run(Thread.java:748)
Caused by: org.apache.ratis.thirdparty.io.grpc.StatusRuntimeException: UNAVAILABLE: io exception
	at org.apache.ratis.thirdparty.io.grpc.stub.ClientCalls.toStatusRuntimeException(ClientCalls.java:233)
	at org.apache.ratis.thirdparty.io.grpc.stub.ClientCalls.getUnchecked(ClientCalls.java:214)
	at org.apache.ratis.thirdparty.io.grpc.stub.ClientCalls.blockingUnaryCall(ClientCalls.java:139)
	at org.apache.ratis.proto.grpc.RaftServerProtocolServiceGrpc$RaftServerProtocolServiceBlockingStub.requestVote(RaftServerProtocolServiceGrpc.java:265)
	at org.apache.ratis.grpc.server.GrpcServerProtocolClient.requestVote(GrpcServerProtocolClient.java:99)
	at org.apache.ratis.grpc.server.GrpcService.requestVote(GrpcService.java:204)
	at org.apache.ratis.server.impl.LeaderElection.lambda$submitRequests$1(LeaderElection.java:234)
	at java.util.concurrent.FutureTask.run(FutureTask.java:266)
	at java.util.concurrent.Executors$RunnableAdapter.call(Executors.java:511)
	at java.util.concurrent.FutureTask.run(FutureTask.java:266)
	at java.util.concurrent.ThreadPoolExecutor.runWorker(ThreadPoolExecutor.java:1149)
	at java.util.concurrent.ThreadPoolExecutor$Worker.run(ThreadPoolExecutor.java:624)
	... 1 more
Caused by: org.apache.ratis.thirdparty.io.netty.channel.AbstractChannel$AnnotatedConnectException: Connection refused: /192.168.157.254:33611
	at sun.nio.ch.SocketChannelImpl.checkConnect(Native Method)
	at sun.nio.ch.SocketChannelImpl.finishConnect(SocketChannelImpl.java:717)
	at org.apache.ratis.thirdparty.io.netty.channel.socket.nio.NioSocketChannel.doFinishConnect(NioSocketChannel.java:327)
	at org.apache.ratis.thirdparty.io.netty.channel.nio.AbstractNioChannel$AbstractNioUnsafe.finishConnect(AbstractNioChannel.java:340)
	at org.apache.ratis.thirdparty.io.netty.channel.nio.NioEventLoop.processSelectedKey(NioEventLoop.java:632)
	at org.apache.ratis.thirdparty.io.netty.channel.nio.NioEventLoop.processSelectedKeysOptimized(NioEventLoop.java:579)
	at org.apache.ratis.thirdparty.io.netty.channel.nio.NioEventLoop.processSelectedKeys(NioEventLoop.java:496)
	at org.apache.ratis.thirdparty.io.netty.channel.nio.NioEventLoop.run(NioEventLoop.java:458)
	at org.apache.ratis.thirdparty.io.netty.util.concurrent.SingleThreadEventExecutor$5.run(SingleThreadEventExecutor.java:897)
	at org.apache.ratis.thirdparty.io.netty.util.concurrent.FastThreadLocalRunnable.run(FastThreadLocalRunnable.java:30)
	... 1 more
Caused by: java.net.ConnectException: Connection refused
	... 11 more
2019-10-21 23:47:30,809 [grpc-default-executor-1] INFO  impl.RaftServerImpl (RaftServerImpl.java:setRole(184)) - 1360619e-ba1e-4bf9-aec1-9f15b5480b27@group-2FABE92B7E5B: changes role from  FOLLOWER to FOLLOWER at term 567 for recognizeCandidate:b88b3e43-5534-49b3-b3f2-a9f154b450de
2019-10-21 23:47:30,810 [grpc-default-executor-1] INFO  impl.RoleInfo (RoleInfo.java:shutdownFollowerState(121)) - 1360619e-ba1e-4bf9-aec1-9f15b5480b27: shutdown FollowerState
2019-10-21 23:47:30,810 [grpc-default-executor-1] INFO  impl.RoleInfo (RoleInfo.java:updateAndGet(143)) - 1360619e-ba1e-4bf9-aec1-9f15b5480b27: start FollowerState
2019-10-21 23:47:30,810 [Thread-3661] INFO  impl.FollowerState (FollowerState.java:run(117)) - 1360619e-ba1e-4bf9-aec1-9f15b5480b27@group-2FABE92B7E5B-FollowerState was interrupted: java.lang.InterruptedException: sleep interrupted
2019-10-21 23:47:30,824 [b88b3e43-5534-49b3-b3f2-a9f154b450de@group-2FABE92B7E5B-LeaderElection526] INFO  impl.LeaderElection (LeaderElection.java:logAndReturn(56)) - b88b3e43-5534-49b3-b3f2-a9f154b450de@group-2FABE92B7E5B-LeaderElection526: Election REJECTED; received 1 response(s) [b88b3e43-5534-49b3-b3f2-a9f154b450de<-1360619e-ba1e-4bf9-aec1-9f15b5480b27#0:FAIL-t567] and 1 exception(s); b88b3e43-5534-49b3-b3f2-a9f154b450de@group-2FABE92B7E5B:t567, leader=null, voted=b88b3e43-5534-49b3-b3f2-a9f154b450de, raftlog=b88b3e43-5534-49b3-b3f2-a9f154b450de@group-2FABE92B7E5B-SegmentedRaftLog:OPENED:c-1,f-1,i0, conf=-1: [c58a0a02-acd3-47c8-b3e9-5b8e0493de45:192.168.157.254:33611, 1360619e-ba1e-4bf9-aec1-9f15b5480b27:192.168.157.254:45658, b88b3e43-5534-49b3-b3f2-a9f154b450de:192.168.157.254:46786], old=null
2019-10-21 23:47:30,824 [b88b3e43-5534-49b3-b3f2-a9f154b450de@group-2FABE92B7E5B-LeaderElection526] INFO  impl.LeaderElection (LogUtils.java:infoOrTrace(149)) -   Exception 0: {}
java.util.concurrent.ExecutionException: org.apache.ratis.thirdparty.io.grpc.StatusRuntimeException: UNAVAILABLE: io exception
	at java.util.concurrent.FutureTask.report(FutureTask.java:122)
	at java.util.concurrent.FutureTask.get(FutureTask.java:192)
	at org.apache.ratis.server.impl.LeaderElection.waitForResults(LeaderElection.java:259)
	at org.apache.ratis.server.impl.LeaderElection.askForVotes(LeaderElection.java:197)
	at org.apache.ratis.server.impl.LeaderElection.run(LeaderElection.java:133)
	at java.lang.Thread.run(Thread.java:748)
Caused by: org.apache.ratis.thirdparty.io.grpc.StatusRuntimeException: UNAVAILABLE: io exception
	at org.apache.ratis.thirdparty.io.grpc.stub.ClientCalls.toStatusRuntimeException(ClientCalls.java:233)
	at org.apache.ratis.thirdparty.io.grpc.stub.ClientCalls.getUnchecked(ClientCalls.java:214)
	at org.apache.ratis.thirdparty.io.grpc.stub.ClientCalls.blockingUnaryCall(ClientCalls.java:139)
	at org.apache.ratis.proto.grpc.RaftServerProtocolServiceGrpc$RaftServerProtocolServiceBlockingStub.requestVote(RaftServerProtocolServiceGrpc.java:265)
	at org.apache.ratis.grpc.server.GrpcServerProtocolClient.requestVote(GrpcServerProtocolClient.java:99)
	at org.apache.ratis.grpc.server.GrpcService.requestVote(GrpcService.java:204)
	at org.apache.ratis.server.impl.LeaderElection.lambda$submitRequests$1(LeaderElection.java:234)
	at java.util.concurrent.FutureTask.run(FutureTask.java:266)
	at java.util.concurrent.Executors$RunnableAdapter.call(Executors.java:511)
	at java.util.concurrent.FutureTask.run(FutureTask.java:266)
	at java.util.concurrent.ThreadPoolExecutor.runWorker(ThreadPoolExecutor.java:1149)
	at java.util.concurrent.ThreadPoolExecutor$Worker.run(ThreadPoolExecutor.java:624)
	... 1 more
Caused by: org.apache.ratis.thirdparty.io.netty.channel.AbstractChannel$AnnotatedConnectException: Connection refused: /192.168.157.254:33611
	at sun.nio.ch.SocketChannelImpl.checkConnect(Native Method)
	at sun.nio.ch.SocketChannelImpl.finishConnect(SocketChannelImpl.java:717)
	at org.apache.ratis.thirdparty.io.netty.channel.socket.nio.NioSocketChannel.doFinishConnect(NioSocketChannel.java:327)
	at org.apache.ratis.thirdparty.io.netty.channel.nio.AbstractNioChannel$AbstractNioUnsafe.finishConnect(AbstractNioChannel.java:340)
	at org.apache.ratis.thirdparty.io.netty.channel.nio.NioEventLoop.processSelectedKey(NioEventLoop.java:632)
	at org.apache.ratis.thirdparty.io.netty.channel.nio.NioEventLoop.processSelectedKeysOptimized(NioEventLoop.java:579)
	at org.apache.ratis.thirdparty.io.netty.channel.nio.NioEventLoop.processSelectedKeys(NioEventLoop.java:496)
	at org.apache.ratis.thirdparty.io.netty.channel.nio.NioEventLoop.run(NioEventLoop.java:458)
	at org.apache.ratis.thirdparty.io.netty.util.concurrent.SingleThreadEventExecutor$5.run(SingleThreadEventExecutor.java:897)
	at org.apache.ratis.thirdparty.io.netty.util.concurrent.FastThreadLocalRunnable.run(FastThreadLocalRunnable.java:30)
	... 1 more
Caused by: java.net.ConnectException: Connection refused
	... 11 more
2019-10-21 23:47:30,824 [b88b3e43-5534-49b3-b3f2-a9f154b450de@group-2FABE92B7E5B-LeaderElection526] INFO  impl.RaftServerImpl (RaftServerImpl.java:setRole(184)) - b88b3e43-5534-49b3-b3f2-a9f154b450de@group-2FABE92B7E5B: changes role from CANDIDATE to FOLLOWER at term 567 for DISCOVERED_A_NEW_TERM
2019-10-21 23:47:30,824 [b88b3e43-5534-49b3-b3f2-a9f154b450de@group-2FABE92B7E5B-LeaderElection526] INFO  impl.RoleInfo (RoleInfo.java:shutdownLeaderElection(134)) - b88b3e43-5534-49b3-b3f2-a9f154b450de: shutdown LeaderElection
2019-10-21 23:47:30,824 [b88b3e43-5534-49b3-b3f2-a9f154b450de@group-2FABE92B7E5B-LeaderElection526] INFO  impl.RoleInfo (RoleInfo.java:updateAndGet(143)) - b88b3e43-5534-49b3-b3f2-a9f154b450de: start FollowerState
2019-10-21 23:47:30,908 [Thread-3667] INFO  impl.FollowerState (FollowerState.java:run(108)) - b88b3e43-5534-49b3-b3f2-a9f154b450de@group-2FABE92B7E5B-FollowerState: change to CANDIDATE, lastRpcTime:83ms, electionTimeout:83ms
2019-10-21 23:47:30,908 [Thread-3667] INFO  impl.RoleInfo (RoleInfo.java:shutdownFollowerState(121)) - b88b3e43-5534-49b3-b3f2-a9f154b450de: shutdown FollowerState
2019-10-21 23:47:30,908 [Thread-3667] INFO  impl.RaftServerImpl (RaftServerImpl.java:setRole(184)) - b88b3e43-5534-49b3-b3f2-a9f154b450de@group-2FABE92B7E5B: changes role from  FOLLOWER to CANDIDATE at term 567 for changeToCandidate
2019-10-21 23:47:30,908 [Thread-3667] INFO  impl.RoleInfo (RoleInfo.java:updateAndGet(143)) - b88b3e43-5534-49b3-b3f2-a9f154b450de: start LeaderElection
2019-10-21 23:47:30,921 [b88b3e43-5534-49b3-b3f2-a9f154b450de@group-2FABE92B7E5B-LeaderElection527] INFO  impl.LeaderElection (LeaderElection.java:askForVotes(178)) - b88b3e43-5534-49b3-b3f2-a9f154b450de@group-2FABE92B7E5B-LeaderElection527: begin an election at term 568 for -1: [c58a0a02-acd3-47c8-b3e9-5b8e0493de45:192.168.157.254:33611, 1360619e-ba1e-4bf9-aec1-9f15b5480b27:192.168.157.254:45658, b88b3e43-5534-49b3-b3f2-a9f154b450de:192.168.157.254:46786], old=null
2019-10-21 23:47:30,922 [b88b3e43-5534-49b3-b3f2-a9f154b450de@group-2FABE92B7E5B-LeaderElection527] INFO  impl.LeaderElection (LogUtils.java:infoOrTrace(149)) - b88b3e43-5534-49b3-b3f2-a9f154b450de@group-2FABE92B7E5B-LeaderElection527 got exception when requesting votes: {}
java.util.concurrent.ExecutionException: org.apache.ratis.thirdparty.io.grpc.StatusRuntimeException: UNAVAILABLE: io exception
	at java.util.concurrent.FutureTask.report(FutureTask.java:122)
	at java.util.concurrent.FutureTask.get(FutureTask.java:192)
	at org.apache.ratis.server.impl.LeaderElection.waitForResults(LeaderElection.java:259)
	at org.apache.ratis.server.impl.LeaderElection.askForVotes(LeaderElection.java:197)
	at org.apache.ratis.server.impl.LeaderElection.run(LeaderElection.java:133)
	at java.lang.Thread.run(Thread.java:748)
Caused by: org.apache.ratis.thirdparty.io.grpc.StatusRuntimeException: UNAVAILABLE: io exception
	at org.apache.ratis.thirdparty.io.grpc.stub.ClientCalls.toStatusRuntimeException(ClientCalls.java:233)
	at org.apache.ratis.thirdparty.io.grpc.stub.ClientCalls.getUnchecked(ClientCalls.java:214)
	at org.apache.ratis.thirdparty.io.grpc.stub.ClientCalls.blockingUnaryCall(ClientCalls.java:139)
	at org.apache.ratis.proto.grpc.RaftServerProtocolServiceGrpc$RaftServerProtocolServiceBlockingStub.requestVote(RaftServerProtocolServiceGrpc.java:265)
	at org.apache.ratis.grpc.server.GrpcServerProtocolClient.requestVote(GrpcServerProtocolClient.java:99)
	at org.apache.ratis.grpc.server.GrpcService.requestVote(GrpcService.java:204)
	at org.apache.ratis.server.impl.LeaderElection.lambda$submitRequests$1(LeaderElection.java:234)
	at java.util.concurrent.FutureTask.run(FutureTask.java:266)
	at java.util.concurrent.Executors$RunnableAdapter.call(Executors.java:511)
	at java.util.concurrent.FutureTask.run(FutureTask.java:266)
	at java.util.concurrent.ThreadPoolExecutor.runWorker(ThreadPoolExecutor.java:1149)
	at java.util.concurrent.ThreadPoolExecutor$Worker.run(ThreadPoolExecutor.java:624)
	... 1 more
Caused by: org.apache.ratis.thirdparty.io.netty.channel.AbstractChannel$AnnotatedConnectException: Connection refused: /192.168.157.254:33611
	at sun.nio.ch.SocketChannelImpl.checkConnect(Native Method)
	at sun.nio.ch.SocketChannelImpl.finishConnect(SocketChannelImpl.java:717)
	at org.apache.ratis.thirdparty.io.netty.channel.socket.nio.NioSocketChannel.doFinishConnect(NioSocketChannel.java:327)
	at org.apache.ratis.thirdparty.io.netty.channel.nio.AbstractNioChannel$AbstractNioUnsafe.finishConnect(AbstractNioChannel.java:340)
	at org.apache.ratis.thirdparty.io.netty.channel.nio.NioEventLoop.processSelectedKey(NioEventLoop.java:632)
	at org.apache.ratis.thirdparty.io.netty.channel.nio.NioEventLoop.processSelectedKeysOptimized(NioEventLoop.java:579)
	at org.apache.ratis.thirdparty.io.netty.channel.nio.NioEventLoop.processSelectedKeys(NioEventLoop.java:496)
	at org.apache.ratis.thirdparty.io.netty.channel.nio.NioEventLoop.run(NioEventLoop.java:458)
	at org.apache.ratis.thirdparty.io.netty.util.concurrent.SingleThreadEventExecutor$5.run(SingleThreadEventExecutor.java:897)
	at org.apache.ratis.thirdparty.io.netty.util.concurrent.FastThreadLocalRunnable.run(FastThreadLocalRunnable.java:30)
	... 1 more
Caused by: java.net.ConnectException: Connection refused
	... 11 more
2019-10-21 23:47:30,928 [grpc-default-executor-1] INFO  impl.RaftServerImpl (RaftServerImpl.java:setRole(184)) - 1360619e-ba1e-4bf9-aec1-9f15b5480b27@group-2FABE92B7E5B: changes role from  FOLLOWER to FOLLOWER at term 568 for recognizeCandidate:b88b3e43-5534-49b3-b3f2-a9f154b450de
2019-10-21 23:47:30,928 [grpc-default-executor-1] INFO  impl.RoleInfo (RoleInfo.java:shutdownFollowerState(121)) - 1360619e-ba1e-4bf9-aec1-9f15b5480b27: shutdown FollowerState
2019-10-21 23:47:30,928 [grpc-default-executor-1] INFO  impl.RoleInfo (RoleInfo.java:updateAndGet(143)) - 1360619e-ba1e-4bf9-aec1-9f15b5480b27: start FollowerState
2019-10-21 23:47:30,928 [Thread-3666] INFO  impl.FollowerState (FollowerState.java:run(117)) - 1360619e-ba1e-4bf9-aec1-9f15b5480b27@group-2FABE92B7E5B-FollowerState was interrupted: java.lang.InterruptedException: sleep interrupted
2019-10-21 23:47:30,952 [b88b3e43-5534-49b3-b3f2-a9f154b450de@group-2FABE92B7E5B-LeaderElection527] INFO  impl.LeaderElection (LeaderElection.java:logAndReturn(56)) - b88b3e43-5534-49b3-b3f2-a9f154b450de@group-2FABE92B7E5B-LeaderElection527: Election REJECTED; received 1 response(s) [b88b3e43-5534-49b3-b3f2-a9f154b450de<-1360619e-ba1e-4bf9-aec1-9f15b5480b27#0:FAIL-t568] and 1 exception(s); b88b3e43-5534-49b3-b3f2-a9f154b450de@group-2FABE92B7E5B:t568, leader=null, voted=b88b3e43-5534-49b3-b3f2-a9f154b450de, raftlog=b88b3e43-5534-49b3-b3f2-a9f154b450de@group-2FABE92B7E5B-SegmentedRaftLog:OPENED:c-1,f-1,i0, conf=-1: [c58a0a02-acd3-47c8-b3e9-5b8e0493de45:192.168.157.254:33611, 1360619e-ba1e-4bf9-aec1-9f15b5480b27:192.168.157.254:45658, b88b3e43-5534-49b3-b3f2-a9f154b450de:192.168.157.254:46786], old=null
2019-10-21 23:47:30,952 [b88b3e43-5534-49b3-b3f2-a9f154b450de@group-2FABE92B7E5B-LeaderElection527] INFO  impl.LeaderElection (LogUtils.java:infoOrTrace(149)) -   Exception 0: {}
java.util.concurrent.ExecutionException: org.apache.ratis.thirdparty.io.grpc.StatusRuntimeException: UNAVAILABLE: io exception
	at java.util.concurrent.FutureTask.report(FutureTask.java:122)
	at java.util.concurrent.FutureTask.get(FutureTask.java:192)
	at org.apache.ratis.server.impl.LeaderElection.waitForResults(LeaderElection.java:259)
	at org.apache.ratis.server.impl.LeaderElection.askForVotes(LeaderElection.java:197)
	at org.apache.ratis.server.impl.LeaderElection.run(LeaderElection.java:133)
	at java.lang.Thread.run(Thread.java:748)
Caused by: org.apache.ratis.thirdparty.io.grpc.StatusRuntimeException: UNAVAILABLE: io exception
	at org.apache.ratis.thirdparty.io.grpc.stub.ClientCalls.toStatusRuntimeException(ClientCalls.java:233)
	at org.apache.ratis.thirdparty.io.grpc.stub.ClientCalls.getUnchecked(ClientCalls.java:214)
	at org.apache.ratis.thirdparty.io.grpc.stub.ClientCalls.blockingUnaryCall(ClientCalls.java:139)
	at org.apache.ratis.proto.grpc.RaftServerProtocolServiceGrpc$RaftServerProtocolServiceBlockingStub.requestVote(RaftServerProtocolServiceGrpc.java:265)
	at org.apache.ratis.grpc.server.GrpcServerProtocolClient.requestVote(GrpcServerProtocolClient.java:99)
	at org.apache.ratis.grpc.server.GrpcService.requestVote(GrpcService.java:204)
	at org.apache.ratis.server.impl.LeaderElection.lambda$submitRequests$1(LeaderElection.java:234)
	at java.util.concurrent.FutureTask.run(FutureTask.java:266)
	at java.util.concurrent.Executors$RunnableAdapter.call(Executors.java:511)
	at java.util.concurrent.FutureTask.run(FutureTask.java:266)
	at java.util.concurrent.ThreadPoolExecutor.runWorker(ThreadPoolExecutor.java:1149)
	at java.util.concurrent.ThreadPoolExecutor$Worker.run(ThreadPoolExecutor.java:624)
	... 1 more
Caused by: org.apache.ratis.thirdparty.io.netty.channel.AbstractChannel$AnnotatedConnectException: Connection refused: /192.168.157.254:33611
	at sun.nio.ch.SocketChannelImpl.checkConnect(Native Method)
	at sun.nio.ch.SocketChannelImpl.finishConnect(SocketChannelImpl.java:717)
	at org.apache.ratis.thirdparty.io.netty.channel.socket.nio.NioSocketChannel.doFinishConnect(NioSocketChannel.java:327)
	at org.apache.ratis.thirdparty.io.netty.channel.nio.AbstractNioChannel$AbstractNioUnsafe.finishConnect(AbstractNioChannel.java:340)
	at org.apache.ratis.thirdparty.io.netty.channel.nio.NioEventLoop.processSelectedKey(NioEventLoop.java:632)
	at org.apache.ratis.thirdparty.io.netty.channel.nio.NioEventLoop.processSelectedKeysOptimized(NioEventLoop.java:579)
	at org.apache.ratis.thirdparty.io.netty.channel.nio.NioEventLoop.processSelectedKeys(NioEventLoop.java:496)
	at org.apache.ratis.thirdparty.io.netty.channel.nio.NioEventLoop.run(NioEventLoop.java:458)
	at org.apache.ratis.thirdparty.io.netty.util.concurrent.SingleThreadEventExecutor$5.run(SingleThreadEventExecutor.java:897)
	at org.apache.ratis.thirdparty.io.netty.util.concurrent.FastThreadLocalRunnable.run(FastThreadLocalRunnable.java:30)
	... 1 more
Caused by: java.net.ConnectException: Connection refused
	... 11 more
2019-10-21 23:47:30,952 [b88b3e43-5534-49b3-b3f2-a9f154b450de@group-2FABE92B7E5B-LeaderElection527] INFO  impl.RaftServerImpl (RaftServerImpl.java:setRole(184)) - b88b3e43-5534-49b3-b3f2-a9f154b450de@group-2FABE92B7E5B: changes role from CANDIDATE to FOLLOWER at term 568 for DISCOVERED_A_NEW_TERM
2019-10-21 23:47:30,952 [b88b3e43-5534-49b3-b3f2-a9f154b450de@group-2FABE92B7E5B-LeaderElection527] INFO  impl.RoleInfo (RoleInfo.java:shutdownLeaderElection(134)) - b88b3e43-5534-49b3-b3f2-a9f154b450de: shutdown LeaderElection
2019-10-21 23:47:30,953 [b88b3e43-5534-49b3-b3f2-a9f154b450de@group-2FABE92B7E5B-LeaderElection527] INFO  impl.RoleInfo (RoleInfo.java:updateAndGet(143)) - b88b3e43-5534-49b3-b3f2-a9f154b450de: start FollowerState
2019-10-21 23:47:31,064 [Thread-3672] INFO  impl.FollowerState (FollowerState.java:run(108)) - b88b3e43-5534-49b3-b3f2-a9f154b450de@group-2FABE92B7E5B-FollowerState: change to CANDIDATE, lastRpcTime:111ms, electionTimeout:111ms
2019-10-21 23:47:31,064 [Thread-3672] INFO  impl.RoleInfo (RoleInfo.java:shutdownFollowerState(121)) - b88b3e43-5534-49b3-b3f2-a9f154b450de: shutdown FollowerState
2019-10-21 23:47:31,064 [Thread-3672] INFO  impl.RaftServerImpl (RaftServerImpl.java:setRole(184)) - b88b3e43-5534-49b3-b3f2-a9f154b450de@group-2FABE92B7E5B: changes role from  FOLLOWER to CANDIDATE at term 568 for changeToCandidate
2019-10-21 23:47:31,064 [Thread-3672] INFO  impl.RoleInfo (RoleInfo.java:updateAndGet(143)) - b88b3e43-5534-49b3-b3f2-a9f154b450de: start LeaderElection
2019-10-21 23:47:31,078 [b88b3e43-5534-49b3-b3f2-a9f154b450de@group-2FABE92B7E5B-LeaderElection528] INFO  impl.LeaderElection (LeaderElection.java:askForVotes(178)) - b88b3e43-5534-49b3-b3f2-a9f154b450de@group-2FABE92B7E5B-LeaderElection528: begin an election at term 569 for -1: [c58a0a02-acd3-47c8-b3e9-5b8e0493de45:192.168.157.254:33611, 1360619e-ba1e-4bf9-aec1-9f15b5480b27:192.168.157.254:45658, b88b3e43-5534-49b3-b3f2-a9f154b450de:192.168.157.254:46786], old=null
2019-10-21 23:47:31,079 [b88b3e43-5534-49b3-b3f2-a9f154b450de@group-2FABE92B7E5B-LeaderElection528] INFO  impl.LeaderElection (LogUtils.java:infoOrTrace(149)) - b88b3e43-5534-49b3-b3f2-a9f154b450de@group-2FABE92B7E5B-LeaderElection528 got exception when requesting votes: {}
java.util.concurrent.ExecutionException: org.apache.ratis.thirdparty.io.grpc.StatusRuntimeException: UNAVAILABLE: io exception
	at java.util.concurrent.FutureTask.report(FutureTask.java:122)
	at java.util.concurrent.FutureTask.get(FutureTask.java:192)
	at org.apache.ratis.server.impl.LeaderElection.waitForResults(LeaderElection.java:259)
	at org.apache.ratis.server.impl.LeaderElection.askForVotes(LeaderElection.java:197)
	at org.apache.ratis.server.impl.LeaderElection.run(LeaderElection.java:133)
	at java.lang.Thread.run(Thread.java:748)
Caused by: org.apache.ratis.thirdparty.io.grpc.StatusRuntimeException: UNAVAILABLE: io exception
	at org.apache.ratis.thirdparty.io.grpc.stub.ClientCalls.toStatusRuntimeException(ClientCalls.java:233)
	at org.apache.ratis.thirdparty.io.grpc.stub.ClientCalls.getUnchecked(ClientCalls.java:214)
	at org.apache.ratis.thirdparty.io.grpc.stub.ClientCalls.blockingUnaryCall(ClientCalls.java:139)
	at org.apache.ratis.proto.grpc.RaftServerProtocolServiceGrpc$RaftServerProtocolServiceBlockingStub.requestVote(RaftServerProtocolServiceGrpc.java:265)
	at org.apache.ratis.grpc.server.GrpcServerProtocolClient.requestVote(GrpcServerProtocolClient.java:99)
	at org.apache.ratis.grpc.server.GrpcService.requestVote(GrpcService.java:204)
	at org.apache.ratis.server.impl.LeaderElection.lambda$submitRequests$1(LeaderElection.java:234)
	at java.util.concurrent.FutureTask.run(FutureTask.java:266)
	at java.util.concurrent.Executors$RunnableAdapter.call(Executors.java:511)
	at java.util.concurrent.FutureTask.run(FutureTask.java:266)
	at java.util.concurrent.ThreadPoolExecutor.runWorker(ThreadPoolExecutor.java:1149)
	at java.util.concurrent.ThreadPoolExecutor$Worker.run(ThreadPoolExecutor.java:624)
	... 1 more
Caused by: org.apache.ratis.thirdparty.io.netty.channel.AbstractChannel$AnnotatedConnectException: Connection refused: /192.168.157.254:33611
	at sun.nio.ch.SocketChannelImpl.checkConnect(Native Method)
	at sun.nio.ch.SocketChannelImpl.finishConnect(SocketChannelImpl.java:717)
	at org.apache.ratis.thirdparty.io.netty.channel.socket.nio.NioSocketChannel.doFinishConnect(NioSocketChannel.java:327)
	at org.apache.ratis.thirdparty.io.netty.channel.nio.AbstractNioChannel$AbstractNioUnsafe.finishConnect(AbstractNioChannel.java:340)
	at org.apache.ratis.thirdparty.io.netty.channel.nio.NioEventLoop.processSelectedKey(NioEventLoop.java:632)
	at org.apache.ratis.thirdparty.io.netty.channel.nio.NioEventLoop.processSelectedKeysOptimized(NioEventLoop.java:579)
	at org.apache.ratis.thirdparty.io.netty.channel.nio.NioEventLoop.processSelectedKeys(NioEventLoop.java:496)
	at org.apache.ratis.thirdparty.io.netty.channel.nio.NioEventLoop.run(NioEventLoop.java:458)
	at org.apache.ratis.thirdparty.io.netty.util.concurrent.SingleThreadEventExecutor$5.run(SingleThreadEventExecutor.java:897)
	at org.apache.ratis.thirdparty.io.netty.util.concurrent.FastThreadLocalRunnable.run(FastThreadLocalRunnable.java:30)
	... 1 more
Caused by: java.net.ConnectException: Connection refused
	... 11 more
2019-10-21 23:47:31,080 [grpc-default-executor-1] INFO  impl.RaftServerImpl (RaftServerImpl.java:setRole(184)) - 1360619e-ba1e-4bf9-aec1-9f15b5480b27@group-2FABE92B7E5B: changes role from  FOLLOWER to FOLLOWER at term 569 for recognizeCandidate:b88b3e43-5534-49b3-b3f2-a9f154b450de
2019-10-21 23:47:31,080 [grpc-default-executor-1] INFO  impl.RoleInfo (RoleInfo.java:shutdownFollowerState(121)) - 1360619e-ba1e-4bf9-aec1-9f15b5480b27: shutdown FollowerState
2019-10-21 23:47:31,080 [grpc-default-executor-1] INFO  impl.RoleInfo (RoleInfo.java:updateAndGet(143)) - 1360619e-ba1e-4bf9-aec1-9f15b5480b27: start FollowerState
2019-10-21 23:47:31,080 [Thread-3671] INFO  impl.FollowerState (FollowerState.java:run(117)) - 1360619e-ba1e-4bf9-aec1-9f15b5480b27@group-2FABE92B7E5B-FollowerState was interrupted: java.lang.InterruptedException: sleep interrupted
2019-10-21 23:47:31,093 [b88b3e43-5534-49b3-b3f2-a9f154b450de@group-2FABE92B7E5B-LeaderElection528] INFO  impl.LeaderElection (LeaderElection.java:logAndReturn(56)) - b88b3e43-5534-49b3-b3f2-a9f154b450de@group-2FABE92B7E5B-LeaderElection528: Election REJECTED; received 1 response(s) [b88b3e43-5534-49b3-b3f2-a9f154b450de<-1360619e-ba1e-4bf9-aec1-9f15b5480b27#0:FAIL-t569] and 1 exception(s); b88b3e43-5534-49b3-b3f2-a9f154b450de@group-2FABE92B7E5B:t569, leader=null, voted=b88b3e43-5534-49b3-b3f2-a9f154b450de, raftlog=b88b3e43-5534-49b3-b3f2-a9f154b450de@group-2FABE92B7E5B-SegmentedRaftLog:OPENED:c-1,f-1,i0, conf=-1: [c58a0a02-acd3-47c8-b3e9-5b8e0493de45:192.168.157.254:33611, 1360619e-ba1e-4bf9-aec1-9f15b5480b27:192.168.157.254:45658, b88b3e43-5534-49b3-b3f2-a9f154b450de:192.168.157.254:46786], old=null
2019-10-21 23:47:31,094 [b88b3e43-5534-49b3-b3f2-a9f154b450de@group-2FABE92B7E5B-LeaderElection528] INFO  impl.LeaderElection (LogUtils.java:infoOrTrace(149)) -   Exception 0: {}
java.util.concurrent.ExecutionException: org.apache.ratis.thirdparty.io.grpc.StatusRuntimeException: UNAVAILABLE: io exception
	at java.util.concurrent.FutureTask.report(FutureTask.java:122)
	at java.util.concurrent.FutureTask.get(FutureTask.java:192)
	at org.apache.ratis.server.impl.LeaderElection.waitForResults(LeaderElection.java:259)
	at org.apache.ratis.server.impl.LeaderElection.askForVotes(LeaderElection.java:197)
	at org.apache.ratis.server.impl.LeaderElection.run(LeaderElection.java:133)
	at java.lang.Thread.run(Thread.java:748)
Caused by: org.apache.ratis.thirdparty.io.grpc.StatusRuntimeException: UNAVAILABLE: io exception
	at org.apache.ratis.thirdparty.io.grpc.stub.ClientCalls.toStatusRuntimeException(ClientCalls.java:233)
	at org.apache.ratis.thirdparty.io.grpc.stub.ClientCalls.getUnchecked(ClientCalls.java:214)
	at org.apache.ratis.thirdparty.io.grpc.stub.ClientCalls.blockingUnaryCall(ClientCalls.java:139)
	at org.apache.ratis.proto.grpc.RaftServerProtocolServiceGrpc$RaftServerProtocolServiceBlockingStub.requestVote(RaftServerProtocolServiceGrpc.java:265)
	at org.apache.ratis.grpc.server.GrpcServerProtocolClient.requestVote(GrpcServerProtocolClient.java:99)
	at org.apache.ratis.grpc.server.GrpcService.requestVote(GrpcService.java:204)
	at org.apache.ratis.server.impl.LeaderElection.lambda$submitRequests$1(LeaderElection.java:234)
	at java.util.concurrent.FutureTask.run(FutureTask.java:266)
	at java.util.concurrent.Executors$RunnableAdapter.call(Executors.java:511)
	at java.util.concurrent.FutureTask.run(FutureTask.java:266)
	at java.util.concurrent.ThreadPoolExecutor.runWorker(ThreadPoolExecutor.java:1149)
	at java.util.concurrent.ThreadPoolExecutor$Worker.run(ThreadPoolExecutor.java:624)
	... 1 more
Caused by: org.apache.ratis.thirdparty.io.netty.channel.AbstractChannel$AnnotatedConnectException: Connection refused: /192.168.157.254:33611
	at sun.nio.ch.SocketChannelImpl.checkConnect(Native Method)
	at sun.nio.ch.SocketChannelImpl.finishConnect(SocketChannelImpl.java:717)
	at org.apache.ratis.thirdparty.io.netty.channel.socket.nio.NioSocketChannel.doFinishConnect(NioSocketChannel.java:327)
	at org.apache.ratis.thirdparty.io.netty.channel.nio.AbstractNioChannel$AbstractNioUnsafe.finishConnect(AbstractNioChannel.java:340)
	at org.apache.ratis.thirdparty.io.netty.channel.nio.NioEventLoop.processSelectedKey(NioEventLoop.java:632)
	at org.apache.ratis.thirdparty.io.netty.channel.nio.NioEventLoop.processSelectedKeysOptimized(NioEventLoop.java:579)
	at org.apache.ratis.thirdparty.io.netty.channel.nio.NioEventLoop.processSelectedKeys(NioEventLoop.java:496)
	at org.apache.ratis.thirdparty.io.netty.channel.nio.NioEventLoop.run(NioEventLoop.java:458)
	at org.apache.ratis.thirdparty.io.netty.util.concurrent.SingleThreadEventExecutor$5.run(SingleThreadEventExecutor.java:897)
	at org.apache.ratis.thirdparty.io.netty.util.concurrent.FastThreadLocalRunnable.run(FastThreadLocalRunnable.java:30)
	... 1 more
Caused by: java.net.ConnectException: Connection refused
	... 11 more
2019-10-21 23:47:31,094 [b88b3e43-5534-49b3-b3f2-a9f154b450de@group-2FABE92B7E5B-LeaderElection528] INFO  impl.RaftServerImpl (RaftServerImpl.java:setRole(184)) - b88b3e43-5534-49b3-b3f2-a9f154b450de@group-2FABE92B7E5B: changes role from CANDIDATE to FOLLOWER at term 569 for DISCOVERED_A_NEW_TERM
2019-10-21 23:47:31,094 [b88b3e43-5534-49b3-b3f2-a9f154b450de@group-2FABE92B7E5B-LeaderElection528] INFO  impl.RoleInfo (RoleInfo.java:shutdownLeaderElection(134)) - b88b3e43-5534-49b3-b3f2-a9f154b450de: shutdown LeaderElection
2019-10-21 23:47:31,094 [b88b3e43-5534-49b3-b3f2-a9f154b450de@group-2FABE92B7E5B-LeaderElection528] INFO  impl.RoleInfo (RoleInfo.java:updateAndGet(143)) - b88b3e43-5534-49b3-b3f2-a9f154b450de: start FollowerState
2019-10-21 23:47:31,123 [Thread-3677] INFO  impl.FollowerState (FollowerState.java:run(108)) - b88b3e43-5534-49b3-b3f2-a9f154b450de@group-2FABE92B7E5B-FollowerState: change to CANDIDATE, lastRpcTime:28ms, electionTimeout:28ms
2019-10-21 23:47:31,123 [Thread-3677] INFO  impl.RoleInfo (RoleInfo.java:shutdownFollowerState(121)) - b88b3e43-5534-49b3-b3f2-a9f154b450de: shutdown FollowerState
2019-10-21 23:47:31,123 [Thread-3677] INFO  impl.RaftServerImpl (RaftServerImpl.java:setRole(184)) - b88b3e43-5534-49b3-b3f2-a9f154b450de@group-2FABE92B7E5B: changes role from  FOLLOWER to CANDIDATE at term 569 for changeToCandidate
2019-10-21 23:47:31,123 [Thread-3677] INFO  impl.RoleInfo (RoleInfo.java:updateAndGet(143)) - b88b3e43-5534-49b3-b3f2-a9f154b450de: start LeaderElection
2019-10-21 23:47:31,136 [b88b3e43-5534-49b3-b3f2-a9f154b450de@group-2FABE92B7E5B-LeaderElection529] INFO  impl.LeaderElection (LeaderElection.java:askForVotes(178)) - b88b3e43-5534-49b3-b3f2-a9f154b450de@group-2FABE92B7E5B-LeaderElection529: begin an election at term 570 for -1: [c58a0a02-acd3-47c8-b3e9-5b8e0493de45:192.168.157.254:33611, 1360619e-ba1e-4bf9-aec1-9f15b5480b27:192.168.157.254:45658, b88b3e43-5534-49b3-b3f2-a9f154b450de:192.168.157.254:46786], old=null
2019-10-21 23:47:31,138 [b88b3e43-5534-49b3-b3f2-a9f154b450de@group-2FABE92B7E5B-LeaderElection529] INFO  impl.LeaderElection (LogUtils.java:infoOrTrace(149)) - b88b3e43-5534-49b3-b3f2-a9f154b450de@group-2FABE92B7E5B-LeaderElection529 got exception when requesting votes: {}
java.util.concurrent.ExecutionException: org.apache.ratis.thirdparty.io.grpc.StatusRuntimeException: UNAVAILABLE: io exception
	at java.util.concurrent.FutureTask.report(FutureTask.java:122)
	at java.util.concurrent.FutureTask.get(FutureTask.java:192)
	at org.apache.ratis.server.impl.LeaderElection.waitForResults(LeaderElection.java:259)
	at org.apache.ratis.server.impl.LeaderElection.askForVotes(LeaderElection.java:197)
	at org.apache.ratis.server.impl.LeaderElection.run(LeaderElection.java:133)
	at java.lang.Thread.run(Thread.java:748)
Caused by: org.apache.ratis.thirdparty.io.grpc.StatusRuntimeException: UNAVAILABLE: io exception
	at org.apache.ratis.thirdparty.io.grpc.stub.ClientCalls.toStatusRuntimeException(ClientCalls.java:233)
	at org.apache.ratis.thirdparty.io.grpc.stub.ClientCalls.getUnchecked(ClientCalls.java:214)
	at org.apache.ratis.thirdparty.io.grpc.stub.ClientCalls.blockingUnaryCall(ClientCalls.java:139)
	at org.apache.ratis.proto.grpc.RaftServerProtocolServiceGrpc$RaftServerProtocolServiceBlockingStub.requestVote(RaftServerProtocolServiceGrpc.java:265)
	at org.apache.ratis.grpc.server.GrpcServerProtocolClient.requestVote(GrpcServerProtocolClient.java:99)
	at org.apache.ratis.grpc.server.GrpcService.requestVote(GrpcService.java:204)
	at org.apache.ratis.server.impl.LeaderElection.lambda$submitRequests$1(LeaderElection.java:234)
	at java.util.concurrent.FutureTask.run(FutureTask.java:266)
	at java.util.concurrent.Executors$RunnableAdapter.call(Executors.java:511)
	at java.util.concurrent.FutureTask.run(FutureTask.java:266)
	at java.util.concurrent.ThreadPoolExecutor.runWorker(ThreadPoolExecutor.java:1149)
	at java.util.concurrent.ThreadPoolExecutor$Worker.run(ThreadPoolExecutor.java:624)
	... 1 more
Caused by: org.apache.ratis.thirdparty.io.netty.channel.AbstractChannel$AnnotatedConnectException: Connection refused: /192.168.157.254:33611
	at sun.nio.ch.SocketChannelImpl.checkConnect(Native Method)
	at sun.nio.ch.SocketChannelImpl.finishConnect(SocketChannelImpl.java:717)
	at org.apache.ratis.thirdparty.io.netty.channel.socket.nio.NioSocketChannel.doFinishConnect(NioSocketChannel.java:327)
	at org.apache.ratis.thirdparty.io.netty.channel.nio.AbstractNioChannel$AbstractNioUnsafe.finishConnect(AbstractNioChannel.java:340)
	at org.apache.ratis.thirdparty.io.netty.channel.nio.NioEventLoop.processSelectedKey(NioEventLoop.java:632)
	at org.apache.ratis.thirdparty.io.netty.channel.nio.NioEventLoop.processSelectedKeysOptimized(NioEventLoop.java:579)
	at org.apache.ratis.thirdparty.io.netty.channel.nio.NioEventLoop.processSelectedKeys(NioEventLoop.java:496)
	at org.apache.ratis.thirdparty.io.netty.channel.nio.NioEventLoop.run(NioEventLoop.java:458)
	at org.apache.ratis.thirdparty.io.netty.util.concurrent.SingleThreadEventExecutor$5.run(SingleThreadEventExecutor.java:897)
	at org.apache.ratis.thirdparty.io.netty.util.concurrent.FastThreadLocalRunnable.run(FastThreadLocalRunnable.java:30)
	... 1 more
Caused by: java.net.ConnectException: Connection refused
	... 11 more
2019-10-21 23:47:31,139 [grpc-default-executor-1] INFO  impl.RaftServerImpl (RaftServerImpl.java:setRole(184)) - 1360619e-ba1e-4bf9-aec1-9f15b5480b27@group-2FABE92B7E5B: changes role from  FOLLOWER to FOLLOWER at term 570 for recognizeCandidate:b88b3e43-5534-49b3-b3f2-a9f154b450de
2019-10-21 23:47:31,139 [grpc-default-executor-1] INFO  impl.RoleInfo (RoleInfo.java:shutdownFollowerState(121)) - 1360619e-ba1e-4bf9-aec1-9f15b5480b27: shutdown FollowerState
2019-10-21 23:47:31,139 [Thread-3676] INFO  impl.FollowerState (FollowerState.java:run(117)) - 1360619e-ba1e-4bf9-aec1-9f15b5480b27@group-2FABE92B7E5B-FollowerState was interrupted: java.lang.InterruptedException: sleep interrupted
2019-10-21 23:47:31,140 [grpc-default-executor-1] INFO  impl.RoleInfo (RoleInfo.java:updateAndGet(143)) - 1360619e-ba1e-4bf9-aec1-9f15b5480b27: start FollowerState
2019-10-21 23:47:31,153 [b88b3e43-5534-49b3-b3f2-a9f154b450de@group-2FABE92B7E5B-LeaderElection529] INFO  impl.LeaderElection (LeaderElection.java:logAndReturn(56)) - b88b3e43-5534-49b3-b3f2-a9f154b450de@group-2FABE92B7E5B-LeaderElection529: Election REJECTED; received 1 response(s) [b88b3e43-5534-49b3-b3f2-a9f154b450de<-1360619e-ba1e-4bf9-aec1-9f15b5480b27#0:FAIL-t570] and 1 exception(s); b88b3e43-5534-49b3-b3f2-a9f154b450de@group-2FABE92B7E5B:t570, leader=null, voted=b88b3e43-5534-49b3-b3f2-a9f154b450de, raftlog=b88b3e43-5534-49b3-b3f2-a9f154b450de@group-2FABE92B7E5B-SegmentedRaftLog:OPENED:c-1,f-1,i0, conf=-1: [c58a0a02-acd3-47c8-b3e9-5b8e0493de45:192.168.157.254:33611, 1360619e-ba1e-4bf9-aec1-9f15b5480b27:192.168.157.254:45658, b88b3e43-5534-49b3-b3f2-a9f154b450de:192.168.157.254:46786], old=null
2019-10-21 23:47:31,154 [b88b3e43-5534-49b3-b3f2-a9f154b450de@group-2FABE92B7E5B-LeaderElection529] INFO  impl.LeaderElection (LogUtils.java:infoOrTrace(149)) -   Exception 0: {}
java.util.concurrent.ExecutionException: org.apache.ratis.thirdparty.io.grpc.StatusRuntimeException: UNAVAILABLE: io exception
	at java.util.concurrent.FutureTask.report(FutureTask.java:122)
	at java.util.concurrent.FutureTask.get(FutureTask.java:192)
	at org.apache.ratis.server.impl.LeaderElection.waitForResults(LeaderElection.java:259)
	at org.apache.ratis.server.impl.LeaderElection.askForVotes(LeaderElection.java:197)
	at org.apache.ratis.server.impl.LeaderElection.run(LeaderElection.java:133)
	at java.lang.Thread.run(Thread.java:748)
Caused by: org.apache.ratis.thirdparty.io.grpc.StatusRuntimeException: UNAVAILABLE: io exception
	at org.apache.ratis.thirdparty.io.grpc.stub.ClientCalls.toStatusRuntimeException(ClientCalls.java:233)
	at org.apache.ratis.thirdparty.io.grpc.stub.ClientCalls.getUnchecked(ClientCalls.java:214)
	at org.apache.ratis.thirdparty.io.grpc.stub.ClientCalls.blockingUnaryCall(ClientCalls.java:139)
	at org.apache.ratis.proto.grpc.RaftServerProtocolServiceGrpc$RaftServerProtocolServiceBlockingStub.requestVote(RaftServerProtocolServiceGrpc.java:265)
	at org.apache.ratis.grpc.server.GrpcServerProtocolClient.requestVote(GrpcServerProtocolClient.java:99)
	at org.apache.ratis.grpc.server.GrpcService.requestVote(GrpcService.java:204)
	at org.apache.ratis.server.impl.LeaderElection.lambda$submitRequests$1(LeaderElection.java:234)
	at java.util.concurrent.FutureTask.run(FutureTask.java:266)
	at java.util.concurrent.Executors$RunnableAdapter.call(Executors.java:511)
	at java.util.concurrent.FutureTask.run(FutureTask.java:266)
	at java.util.concurrent.ThreadPoolExecutor.runWorker(ThreadPoolExecutor.java:1149)
	at java.util.concurrent.ThreadPoolExecutor$Worker.run(ThreadPoolExecutor.java:624)
	... 1 more
Caused by: org.apache.ratis.thirdparty.io.netty.channel.AbstractChannel$AnnotatedConnectException: Connection refused: /192.168.157.254:33611
	at sun.nio.ch.SocketChannelImpl.checkConnect(Native Method)
	at sun.nio.ch.SocketChannelImpl.finishConnect(SocketChannelImpl.java:717)
	at org.apache.ratis.thirdparty.io.netty.channel.socket.nio.NioSocketChannel.doFinishConnect(NioSocketChannel.java:327)
	at org.apache.ratis.thirdparty.io.netty.channel.nio.AbstractNioChannel$AbstractNioUnsafe.finishConnect(AbstractNioChannel.java:340)
	at org.apache.ratis.thirdparty.io.netty.channel.nio.NioEventLoop.processSelectedKey(NioEventLoop.java:632)
	at org.apache.ratis.thirdparty.io.netty.channel.nio.NioEventLoop.processSelectedKeysOptimized(NioEventLoop.java:579)
	at org.apache.ratis.thirdparty.io.netty.channel.nio.NioEventLoop.processSelectedKeys(NioEventLoop.java:496)
	at org.apache.ratis.thirdparty.io.netty.channel.nio.NioEventLoop.run(NioEventLoop.java:458)
	at org.apache.ratis.thirdparty.io.netty.util.concurrent.SingleThreadEventExecutor$5.run(SingleThreadEventExecutor.java:897)
	at org.apache.ratis.thirdparty.io.netty.util.concurrent.FastThreadLocalRunnable.run(FastThreadLocalRunnable.java:30)
	... 1 more
Caused by: java.net.ConnectException: Connection refused
	... 11 more
2019-10-21 23:47:31,154 [b88b3e43-5534-49b3-b3f2-a9f154b450de@group-2FABE92B7E5B-LeaderElection529] INFO  impl.RaftServerImpl (RaftServerImpl.java:setRole(184)) - b88b3e43-5534-49b3-b3f2-a9f154b450de@group-2FABE92B7E5B: changes role from CANDIDATE to FOLLOWER at term 570 for DISCOVERED_A_NEW_TERM
2019-10-21 23:47:31,154 [b88b3e43-5534-49b3-b3f2-a9f154b450de@group-2FABE92B7E5B-LeaderElection529] INFO  impl.RoleInfo (RoleInfo.java:shutdownLeaderElection(134)) - b88b3e43-5534-49b3-b3f2-a9f154b450de: shutdown LeaderElection
2019-10-21 23:47:31,154 [b88b3e43-5534-49b3-b3f2-a9f154b450de@group-2FABE92B7E5B-LeaderElection529] INFO  impl.RoleInfo (RoleInfo.java:updateAndGet(143)) - b88b3e43-5534-49b3-b3f2-a9f154b450de: start FollowerState
2019-10-21 23:47:31,173 [Thread-3682] INFO  impl.FollowerState (FollowerState.java:run(108)) - b88b3e43-5534-49b3-b3f2-a9f154b450de@group-2FABE92B7E5B-FollowerState: change to CANDIDATE, lastRpcTime:18ms, electionTimeout:18ms
2019-10-21 23:47:31,173 [Thread-3682] INFO  impl.RoleInfo (RoleInfo.java:shutdownFollowerState(121)) - b88b3e43-5534-49b3-b3f2-a9f154b450de: shutdown FollowerState
2019-10-21 23:47:31,173 [Thread-3682] INFO  impl.RaftServerImpl (RaftServerImpl.java:setRole(184)) - b88b3e43-5534-49b3-b3f2-a9f154b450de@group-2FABE92B7E5B: changes role from  FOLLOWER to CANDIDATE at term 570 for changeToCandidate
2019-10-21 23:47:31,174 [Thread-3682] INFO  impl.RoleInfo (RoleInfo.java:updateAndGet(143)) - b88b3e43-5534-49b3-b3f2-a9f154b450de: start LeaderElection
2019-10-21 23:47:31,186 [b88b3e43-5534-49b3-b3f2-a9f154b450de@group-2FABE92B7E5B-LeaderElection530] INFO  impl.LeaderElection (LeaderElection.java:askForVotes(178)) - b88b3e43-5534-49b3-b3f2-a9f154b450de@group-2FABE92B7E5B-LeaderElection530: begin an election at term 571 for -1: [c58a0a02-acd3-47c8-b3e9-5b8e0493de45:192.168.157.254:33611, 1360619e-ba1e-4bf9-aec1-9f15b5480b27:192.168.157.254:45658, b88b3e43-5534-49b3-b3f2-a9f154b450de:192.168.157.254:46786], old=null
2019-10-21 23:47:31,187 [b88b3e43-5534-49b3-b3f2-a9f154b450de@group-2FABE92B7E5B-LeaderElection530] INFO  impl.LeaderElection (LogUtils.java:infoOrTrace(149)) - b88b3e43-5534-49b3-b3f2-a9f154b450de@group-2FABE92B7E5B-LeaderElection530 got exception when requesting votes: {}
java.util.concurrent.ExecutionException: org.apache.ratis.thirdparty.io.grpc.StatusRuntimeException: UNAVAILABLE: io exception
	at java.util.concurrent.FutureTask.report(FutureTask.java:122)
	at java.util.concurrent.FutureTask.get(FutureTask.java:192)
	at org.apache.ratis.server.impl.LeaderElection.waitForResults(LeaderElection.java:259)
	at org.apache.ratis.server.impl.LeaderElection.askForVotes(LeaderElection.java:197)
	at org.apache.ratis.server.impl.LeaderElection.run(LeaderElection.java:133)
	at java.lang.Thread.run(Thread.java:748)
Caused by: org.apache.ratis.thirdparty.io.grpc.StatusRuntimeException: UNAVAILABLE: io exception
	at org.apache.ratis.thirdparty.io.grpc.stub.ClientCalls.toStatusRuntimeException(ClientCalls.java:233)
	at org.apache.ratis.thirdparty.io.grpc.stub.ClientCalls.getUnchecked(ClientCalls.java:214)
	at org.apache.ratis.thirdparty.io.grpc.stub.ClientCalls.blockingUnaryCall(ClientCalls.java:139)
	at org.apache.ratis.proto.grpc.RaftServerProtocolServiceGrpc$RaftServerProtocolServiceBlockingStub.requestVote(RaftServerProtocolServiceGrpc.java:265)
	at org.apache.ratis.grpc.server.GrpcServerProtocolClient.requestVote(GrpcServerProtocolClient.java:99)
	at org.apache.ratis.grpc.server.GrpcService.requestVote(GrpcService.java:204)
	at org.apache.ratis.server.impl.LeaderElection.lambda$submitRequests$1(LeaderElection.java:234)
	at java.util.concurrent.FutureTask.run(FutureTask.java:266)
	at java.util.concurrent.Executors$RunnableAdapter.call(Executors.java:511)
	at java.util.concurrent.FutureTask.run(FutureTask.java:266)
	at java.util.concurrent.ThreadPoolExecutor.runWorker(ThreadPoolExecutor.java:1149)
	at java.util.concurrent.ThreadPoolExecutor$Worker.run(ThreadPoolExecutor.java:624)
	... 1 more
Caused by: org.apache.ratis.thirdparty.io.netty.channel.AbstractChannel$AnnotatedConnectException: Connection refused: /192.168.157.254:33611
	at sun.nio.ch.SocketChannelImpl.checkConnect(Native Method)
	at sun.nio.ch.SocketChannelImpl.finishConnect(SocketChannelImpl.java:717)
	at org.apache.ratis.thirdparty.io.netty.channel.socket.nio.NioSocketChannel.doFinishConnect(NioSocketChannel.java:327)
	at org.apache.ratis.thirdparty.io.netty.channel.nio.AbstractNioChannel$AbstractNioUnsafe.finishConnect(AbstractNioChannel.java:340)
	at org.apache.ratis.thirdparty.io.netty.channel.nio.NioEventLoop.processSelectedKey(NioEventLoop.java:632)
	at org.apache.ratis.thirdparty.io.netty.channel.nio.NioEventLoop.processSelectedKeysOptimized(NioEventLoop.java:579)
	at org.apache.ratis.thirdparty.io.netty.channel.nio.NioEventLoop.processSelectedKeys(NioEventLoop.java:496)
	at org.apache.ratis.thirdparty.io.netty.channel.nio.NioEventLoop.run(NioEventLoop.java:458)
	at org.apache.ratis.thirdparty.io.netty.util.concurrent.SingleThreadEventExecutor$5.run(SingleThreadEventExecutor.java:897)
	at org.apache.ratis.thirdparty.io.netty.util.concurrent.FastThreadLocalRunnable.run(FastThreadLocalRunnable.java:30)
	... 1 more
Caused by: java.net.ConnectException: Connection refused
	... 11 more
2019-10-21 23:47:31,188 [grpc-default-executor-1] INFO  impl.RaftServerImpl (RaftServerImpl.java:setRole(184)) - 1360619e-ba1e-4bf9-aec1-9f15b5480b27@group-2FABE92B7E5B: changes role from  FOLLOWER to FOLLOWER at term 571 for recognizeCandidate:b88b3e43-5534-49b3-b3f2-a9f154b450de
2019-10-21 23:47:31,188 [grpc-default-executor-1] INFO  impl.RoleInfo (RoleInfo.java:shutdownFollowerState(121)) - 1360619e-ba1e-4bf9-aec1-9f15b5480b27: shutdown FollowerState
2019-10-21 23:47:31,188 [grpc-default-executor-1] INFO  impl.RoleInfo (RoleInfo.java:updateAndGet(143)) - 1360619e-ba1e-4bf9-aec1-9f15b5480b27: start FollowerState
2019-10-21 23:47:31,188 [Thread-3681] INFO  impl.FollowerState (FollowerState.java:run(117)) - 1360619e-ba1e-4bf9-aec1-9f15b5480b27@group-2FABE92B7E5B-FollowerState was interrupted: java.lang.InterruptedException: sleep interrupted
2019-10-21 23:47:31,220 [b88b3e43-5534-49b3-b3f2-a9f154b450de@group-2FABE92B7E5B-LeaderElection530] INFO  impl.LeaderElection (LeaderElection.java:logAndReturn(56)) - b88b3e43-5534-49b3-b3f2-a9f154b450de@group-2FABE92B7E5B-LeaderElection530: Election REJECTED; received 1 response(s) [b88b3e43-5534-49b3-b3f2-a9f154b450de<-1360619e-ba1e-4bf9-aec1-9f15b5480b27#0:FAIL-t571] and 1 exception(s); b88b3e43-5534-49b3-b3f2-a9f154b450de@group-2FABE92B7E5B:t571, leader=null, voted=b88b3e43-5534-49b3-b3f2-a9f154b450de, raftlog=b88b3e43-5534-49b3-b3f2-a9f154b450de@group-2FABE92B7E5B-SegmentedRaftLog:OPENED:c-1,f-1,i0, conf=-1: [c58a0a02-acd3-47c8-b3e9-5b8e0493de45:192.168.157.254:33611, 1360619e-ba1e-4bf9-aec1-9f15b5480b27:192.168.157.254:45658, b88b3e43-5534-49b3-b3f2-a9f154b450de:192.168.157.254:46786], old=null
2019-10-21 23:47:31,220 [b88b3e43-5534-49b3-b3f2-a9f154b450de@group-2FABE92B7E5B-LeaderElection530] INFO  impl.LeaderElection (LogUtils.java:infoOrTrace(149)) -   Exception 0: {}
java.util.concurrent.ExecutionException: org.apache.ratis.thirdparty.io.grpc.StatusRuntimeException: UNAVAILABLE: io exception
	at java.util.concurrent.FutureTask.report(FutureTask.java:122)
	at java.util.concurrent.FutureTask.get(FutureTask.java:192)
	at org.apache.ratis.server.impl.LeaderElection.waitForResults(LeaderElection.java:259)
	at org.apache.ratis.server.impl.LeaderElection.askForVotes(LeaderElection.java:197)
	at org.apache.ratis.server.impl.LeaderElection.run(LeaderElection.java:133)
	at java.lang.Thread.run(Thread.java:748)
Caused by: org.apache.ratis.thirdparty.io.grpc.StatusRuntimeException: UNAVAILABLE: io exception
	at org.apache.ratis.thirdparty.io.grpc.stub.ClientCalls.toStatusRuntimeException(ClientCalls.java:233)
	at org.apache.ratis.thirdparty.io.grpc.stub.ClientCalls.getUnchecked(ClientCalls.java:214)
	at org.apache.ratis.thirdparty.io.grpc.stub.ClientCalls.blockingUnaryCall(ClientCalls.java:139)
	at org.apache.ratis.proto.grpc.RaftServerProtocolServiceGrpc$RaftServerProtocolServiceBlockingStub.requestVote(RaftServerProtocolServiceGrpc.java:265)
	at org.apache.ratis.grpc.server.GrpcServerProtocolClient.requestVote(GrpcServerProtocolClient.java:99)
	at org.apache.ratis.grpc.server.GrpcService.requestVote(GrpcService.java:204)
	at org.apache.ratis.server.impl.LeaderElection.lambda$submitRequests$1(LeaderElection.java:234)
	at java.util.concurrent.FutureTask.run(FutureTask.java:266)
	at java.util.concurrent.Executors$RunnableAdapter.call(Executors.java:511)
	at java.util.concurrent.FutureTask.run(FutureTask.java:266)
	at java.util.concurrent.ThreadPoolExecutor.runWorker(ThreadPoolExecutor.java:1149)
	at java.util.concurrent.ThreadPoolExecutor$Worker.run(ThreadPoolExecutor.java:624)
	... 1 more
Caused by: org.apache.ratis.thirdparty.io.netty.channel.AbstractChannel$AnnotatedConnectException: Connection refused: /192.168.157.254:33611
	at sun.nio.ch.SocketChannelImpl.checkConnect(Native Method)
	at sun.nio.ch.SocketChannelImpl.finishConnect(SocketChannelImpl.java:717)
	at org.apache.ratis.thirdparty.io.netty.channel.socket.nio.NioSocketChannel.doFinishConnect(NioSocketChannel.java:327)
	at org.apache.ratis.thirdparty.io.netty.channel.nio.AbstractNioChannel$AbstractNioUnsafe.finishConnect(AbstractNioChannel.java:340)
	at org.apache.ratis.thirdparty.io.netty.channel.nio.NioEventLoop.processSelectedKey(NioEventLoop.java:632)
	at org.apache.ratis.thirdparty.io.netty.channel.nio.NioEventLoop.processSelectedKeysOptimized(NioEventLoop.java:579)
	at org.apache.ratis.thirdparty.io.netty.channel.nio.NioEventLoop.processSelectedKeys(NioEventLoop.java:496)
	at org.apache.ratis.thirdparty.io.netty.channel.nio.NioEventLoop.run(NioEventLoop.java:458)
	at org.apache.ratis.thirdparty.io.netty.util.concurrent.SingleThreadEventExecutor$5.run(SingleThreadEventExecutor.java:897)
	at org.apache.ratis.thirdparty.io.netty.util.concurrent.FastThreadLocalRunnable.run(FastThreadLocalRunnable.java:30)
	... 1 more
Caused by: java.net.ConnectException: Connection refused
	... 11 more
2019-10-21 23:47:31,220 [b88b3e43-5534-49b3-b3f2-a9f154b450de@group-2FABE92B7E5B-LeaderElection530] INFO  impl.RaftServerImpl (RaftServerImpl.java:setRole(184)) - b88b3e43-5534-49b3-b3f2-a9f154b450de@group-2FABE92B7E5B: changes role from CANDIDATE to FOLLOWER at term 571 for DISCOVERED_A_NEW_TERM
2019-10-21 23:47:31,220 [b88b3e43-5534-49b3-b3f2-a9f154b450de@group-2FABE92B7E5B-LeaderElection530] INFO  impl.RoleInfo (RoleInfo.java:shutdownLeaderElection(134)) - b88b3e43-5534-49b3-b3f2-a9f154b450de: shutdown LeaderElection
2019-10-21 23:47:31,221 [b88b3e43-5534-49b3-b3f2-a9f154b450de@group-2FABE92B7E5B-LeaderElection530] INFO  impl.RoleInfo (RoleInfo.java:updateAndGet(143)) - b88b3e43-5534-49b3-b3f2-a9f154b450de: start FollowerState
2019-10-21 23:47:31,234 [Thread-296] INFO  ipc.Client (Client.java:handleConnectionFailure(948)) - Retrying connect to server: localhost/127.0.0.1:41866. Already tried 9 time(s); retry policy is RetryUpToMaximumCountWithFixedSleep(maxRetries=10, sleepTime=1000 MILLISECONDS)
2019-10-21 23:47:31,241 [Thread-296] INFO  retry.RetryInvocationHandler (RetryInvocationHandler.java:log(411)) - com.google.protobuf.ServiceException: java.net.ConnectException: Call From pr-hdds-2343-5q8j9-3338874002/192.168.157.254 to localhost:41866 failed on connection exception: java.net.ConnectException: Connection refused; For more details see:  http://wiki.apache.org/hadoop/ConnectionRefused, while invoking $Proxy36.submitRequest over nodeId=null,nodeAddress=localhost:41866. Trying to failover immediately.
2019-10-21 23:47:31,274 [Thread-3687] INFO  impl.FollowerState (FollowerState.java:run(108)) - b88b3e43-5534-49b3-b3f2-a9f154b450de@group-2FABE92B7E5B-FollowerState: change to CANDIDATE, lastRpcTime:53ms, electionTimeout:53ms
2019-10-21 23:47:31,274 [Thread-3687] INFO  impl.RoleInfo (RoleInfo.java:shutdownFollowerState(121)) - b88b3e43-5534-49b3-b3f2-a9f154b450de: shutdown FollowerState
2019-10-21 23:47:31,274 [Thread-3687] INFO  impl.RaftServerImpl (RaftServerImpl.java:setRole(184)) - b88b3e43-5534-49b3-b3f2-a9f154b450de@group-2FABE92B7E5B: changes role from  FOLLOWER to CANDIDATE at term 571 for changeToCandidate
2019-10-21 23:47:31,274 [Thread-3687] INFO  impl.RoleInfo (RoleInfo.java:updateAndGet(143)) - b88b3e43-5534-49b3-b3f2-a9f154b450de: start LeaderElection
2019-10-21 23:47:31,289 [b88b3e43-5534-49b3-b3f2-a9f154b450de@group-2FABE92B7E5B-LeaderElection531] INFO  impl.LeaderElection (LeaderElection.java:askForVotes(178)) - b88b3e43-5534-49b3-b3f2-a9f154b450de@group-2FABE92B7E5B-LeaderElection531: begin an election at term 572 for -1: [c58a0a02-acd3-47c8-b3e9-5b8e0493de45:192.168.157.254:33611, 1360619e-ba1e-4bf9-aec1-9f15b5480b27:192.168.157.254:45658, b88b3e43-5534-49b3-b3f2-a9f154b450de:192.168.157.254:46786], old=null
2019-10-21 23:47:31,290 [b88b3e43-5534-49b3-b3f2-a9f154b450de@group-2FABE92B7E5B-LeaderElection531] INFO  impl.LeaderElection (LogUtils.java:infoOrTrace(149)) - b88b3e43-5534-49b3-b3f2-a9f154b450de@group-2FABE92B7E5B-LeaderElection531 got exception when requesting votes: {}
java.util.concurrent.ExecutionException: org.apache.ratis.thirdparty.io.grpc.StatusRuntimeException: UNAVAILABLE: io exception
	at java.util.concurrent.FutureTask.report(FutureTask.java:122)
	at java.util.concurrent.FutureTask.get(FutureTask.java:192)
	at org.apache.ratis.server.impl.LeaderElection.waitForResults(LeaderElection.java:259)
	at org.apache.ratis.server.impl.LeaderElection.askForVotes(LeaderElection.java:197)
	at org.apache.ratis.server.impl.LeaderElection.run(LeaderElection.java:133)
	at java.lang.Thread.run(Thread.java:748)
Caused by: org.apache.ratis.thirdparty.io.grpc.StatusRuntimeException: UNAVAILABLE: io exception
	at org.apache.ratis.thirdparty.io.grpc.stub.ClientCalls.toStatusRuntimeException(ClientCalls.java:233)
	at org.apache.ratis.thirdparty.io.grpc.stub.ClientCalls.getUnchecked(ClientCalls.java:214)
	at org.apache.ratis.thirdparty.io.grpc.stub.ClientCalls.blockingUnaryCall(ClientCalls.java:139)
	at org.apache.ratis.proto.grpc.RaftServerProtocolServiceGrpc$RaftServerProtocolServiceBlockingStub.requestVote(RaftServerProtocolServiceGrpc.java:265)
	at org.apache.ratis.grpc.server.GrpcServerProtocolClient.requestVote(GrpcServerProtocolClient.java:99)
	at org.apache.ratis.grpc.server.GrpcService.requestVote(GrpcService.java:204)
	at org.apache.ratis.server.impl.LeaderElection.lambda$submitRequests$1(LeaderElection.java:234)
	at java.util.concurrent.FutureTask.run(FutureTask.java:266)
	at java.util.concurrent.Executors$RunnableAdapter.call(Executors.java:511)
	at java.util.concurrent.FutureTask.run(FutureTask.java:266)
	at java.util.concurrent.ThreadPoolExecutor.runWorker(ThreadPoolExecutor.java:1149)
	at java.util.concurrent.ThreadPoolExecutor$Worker.run(ThreadPoolExecutor.java:624)
	... 1 more
Caused by: org.apache.ratis.thirdparty.io.netty.channel.AbstractChannel$AnnotatedConnectException: Connection refused: /192.168.157.254:33611
	at sun.nio.ch.SocketChannelImpl.checkConnect(Native Method)
	at sun.nio.ch.SocketChannelImpl.finishConnect(SocketChannelImpl.java:717)
	at org.apache.ratis.thirdparty.io.netty.channel.socket.nio.NioSocketChannel.doFinishConnect(NioSocketChannel.java:327)
	at org.apache.ratis.thirdparty.io.netty.channel.nio.AbstractNioChannel$AbstractNioUnsafe.finishConnect(AbstractNioChannel.java:340)
	at org.apache.ratis.thirdparty.io.netty.channel.nio.NioEventLoop.processSelectedKey(NioEventLoop.java:632)
	at org.apache.ratis.thirdparty.io.netty.channel.nio.NioEventLoop.processSelectedKeysOptimized(NioEventLoop.java:579)
	at org.apache.ratis.thirdparty.io.netty.channel.nio.NioEventLoop.processSelectedKeys(NioEventLoop.java:496)
	at org.apache.ratis.thirdparty.io.netty.channel.nio.NioEventLoop.run(NioEventLoop.java:458)
	at org.apache.ratis.thirdparty.io.netty.util.concurrent.SingleThreadEventExecutor$5.run(SingleThreadEventExecutor.java:897)
	at org.apache.ratis.thirdparty.io.netty.util.concurrent.FastThreadLocalRunnable.run(FastThreadLocalRunnable.java:30)
	... 1 more
Caused by: java.net.ConnectException: Connection refused
	... 11 more
2019-10-21 23:47:31,291 [grpc-default-executor-1] INFO  impl.RaftServerImpl (RaftServerImpl.java:setRole(184)) - 1360619e-ba1e-4bf9-aec1-9f15b5480b27@group-2FABE92B7E5B: changes role from  FOLLOWER to FOLLOWER at term 572 for recognizeCandidate:b88b3e43-5534-49b3-b3f2-a9f154b450de
2019-10-21 23:47:31,291 [grpc-default-executor-1] INFO  impl.RoleInfo (RoleInfo.java:shutdownFollowerState(121)) - 1360619e-ba1e-4bf9-aec1-9f15b5480b27: shutdown FollowerState
2019-10-21 23:47:31,292 [grpc-default-executor-1] INFO  impl.RoleInfo (RoleInfo.java:updateAndGet(143)) - 1360619e-ba1e-4bf9-aec1-9f15b5480b27: start FollowerState
2019-10-21 23:47:31,292 [Thread-3686] INFO  impl.FollowerState (FollowerState.java:run(117)) - 1360619e-ba1e-4bf9-aec1-9f15b5480b27@group-2FABE92B7E5B-FollowerState was interrupted: java.lang.InterruptedException: sleep interrupted
2019-10-21 23:47:31,305 [b88b3e43-5534-49b3-b3f2-a9f154b450de@group-2FABE92B7E5B-LeaderElection531] INFO  impl.LeaderElection (LeaderElection.java:logAndReturn(56)) - b88b3e43-5534-49b3-b3f2-a9f154b450de@group-2FABE92B7E5B-LeaderElection531: Election REJECTED; received 1 response(s) [b88b3e43-5534-49b3-b3f2-a9f154b450de<-1360619e-ba1e-4bf9-aec1-9f15b5480b27#0:FAIL-t572] and 1 exception(s); b88b3e43-5534-49b3-b3f2-a9f154b450de@group-2FABE92B7E5B:t572, leader=null, voted=b88b3e43-5534-49b3-b3f2-a9f154b450de, raftlog=b88b3e43-5534-49b3-b3f2-a9f154b450de@group-2FABE92B7E5B-SegmentedRaftLog:OPENED:c-1,f-1,i0, conf=-1: [c58a0a02-acd3-47c8-b3e9-5b8e0493de45:192.168.157.254:33611, 1360619e-ba1e-4bf9-aec1-9f15b5480b27:192.168.157.254:45658, b88b3e43-5534-49b3-b3f2-a9f154b450de:192.168.157.254:46786], old=null
2019-10-21 23:47:31,305 [b88b3e43-5534-49b3-b3f2-a9f154b450de@group-2FABE92B7E5B-LeaderElection531] INFO  impl.LeaderElection (LogUtils.java:infoOrTrace(149)) -   Exception 0: {}
java.util.concurrent.ExecutionException: org.apache.ratis.thirdparty.io.grpc.StatusRuntimeException: UNAVAILABLE: io exception
	at java.util.concurrent.FutureTask.report(FutureTask.java:122)
	at java.util.concurrent.FutureTask.get(FutureTask.java:192)
	at org.apache.ratis.server.impl.LeaderElection.waitForResults(LeaderElection.java:259)
	at org.apache.ratis.server.impl.LeaderElection.askForVotes(LeaderElection.java:197)
	at org.apache.ratis.server.impl.LeaderElection.run(LeaderElection.java:133)
	at java.lang.Thread.run(Thread.java:748)
Caused by: org.apache.ratis.thirdparty.io.grpc.StatusRuntimeException: UNAVAILABLE: io exception
	at org.apache.ratis.thirdparty.io.grpc.stub.ClientCalls.toStatusRuntimeException(ClientCalls.java:233)
	at org.apache.ratis.thirdparty.io.grpc.stub.ClientCalls.getUnchecked(ClientCalls.java:214)
	at org.apache.ratis.thirdparty.io.grpc.stub.ClientCalls.blockingUnaryCall(ClientCalls.java:139)
	at org.apache.ratis.proto.grpc.RaftServerProtocolServiceGrpc$RaftServerProtocolServiceBlockingStub.requestVote(RaftServerProtocolServiceGrpc.java:265)
	at org.apache.ratis.grpc.server.GrpcServerProtocolClient.requestVote(GrpcServerProtocolClient.java:99)
	at org.apache.ratis.grpc.server.GrpcService.requestVote(GrpcService.java:204)
	at org.apache.ratis.server.impl.LeaderElection.lambda$submitRequests$1(LeaderElection.java:234)
	at java.util.concurrent.FutureTask.run(FutureTask.java:266)
	at java.util.concurrent.Executors$RunnableAdapter.call(Executors.java:511)
	at java.util.concurrent.FutureTask.run(FutureTask.java:266)
	at java.util.concurrent.ThreadPoolExecutor.runWorker(ThreadPoolExecutor.java:1149)
	at java.util.concurrent.ThreadPoolExecutor$Worker.run(ThreadPoolExecutor.java:624)
	... 1 more
Caused by: org.apache.ratis.thirdparty.io.netty.channel.AbstractChannel$AnnotatedConnectException: Connection refused: /192.168.157.254:33611
	at sun.nio.ch.SocketChannelImpl.checkConnect(Native Method)
	at sun.nio.ch.SocketChannelImpl.finishConnect(SocketChannelImpl.java:717)
	at org.apache.ratis.thirdparty.io.netty.channel.socket.nio.NioSocketChannel.doFinishConnect(NioSocketChannel.java:327)
	at org.apache.ratis.thirdparty.io.netty.channel.nio.AbstractNioChannel$AbstractNioUnsafe.finishConnect(AbstractNioChannel.java:340)
	at org.apache.ratis.thirdparty.io.netty.channel.nio.NioEventLoop.processSelectedKey(NioEventLoop.java:632)
	at org.apache.ratis.thirdparty.io.netty.channel.nio.NioEventLoop.processSelectedKeysOptimized(NioEventLoop.java:579)
	at org.apache.ratis.thirdparty.io.netty.channel.nio.NioEventLoop.processSelectedKeys(NioEventLoop.java:496)
	at org.apache.ratis.thirdparty.io.netty.channel.nio.NioEventLoop.run(NioEventLoop.java:458)
	at org.apache.ratis.thirdparty.io.netty.util.concurrent.SingleThreadEventExecutor$5.run(SingleThreadEventExecutor.java:897)
	at org.apache.ratis.thirdparty.io.netty.util.concurrent.FastThreadLocalRunnable.run(FastThreadLocalRunnable.java:30)
	... 1 more
Caused by: java.net.ConnectException: Connection refused
	... 11 more
2019-10-21 23:47:31,306 [b88b3e43-5534-49b3-b3f2-a9f154b450de@group-2FABE92B7E5B-LeaderElection531] INFO  impl.RaftServerImpl (RaftServerImpl.java:setRole(184)) - b88b3e43-5534-49b3-b3f2-a9f154b450de@group-2FABE92B7E5B: changes role from CANDIDATE to FOLLOWER at term 572 for DISCOVERED_A_NEW_TERM
2019-10-21 23:47:31,306 [b88b3e43-5534-49b3-b3f2-a9f154b450de@group-2FABE92B7E5B-LeaderElection531] INFO  impl.RoleInfo (RoleInfo.java:shutdownLeaderElection(134)) - b88b3e43-5534-49b3-b3f2-a9f154b450de: shutdown LeaderElection
2019-10-21 23:47:31,306 [b88b3e43-5534-49b3-b3f2-a9f154b450de@group-2FABE92B7E5B-LeaderElection531] INFO  impl.RoleInfo (RoleInfo.java:updateAndGet(143)) - b88b3e43-5534-49b3-b3f2-a9f154b450de: start FollowerState
2019-10-21 23:47:31,317 [Thread-3693] INFO  impl.FollowerState (FollowerState.java:run(108)) - b88b3e43-5534-49b3-b3f2-a9f154b450de@group-2FABE92B7E5B-FollowerState: change to CANDIDATE, lastRpcTime:11ms, electionTimeout:11ms
2019-10-21 23:47:31,317 [Thread-3693] INFO  impl.RoleInfo (RoleInfo.java:shutdownFollowerState(121)) - b88b3e43-5534-49b3-b3f2-a9f154b450de: shutdown FollowerState
2019-10-21 23:47:31,318 [Thread-3693] INFO  impl.RaftServerImpl (RaftServerImpl.java:setRole(184)) - b88b3e43-5534-49b3-b3f2-a9f154b450de@group-2FABE92B7E5B: changes role from  FOLLOWER to CANDIDATE at term 572 for changeToCandidate
2019-10-21 23:47:31,318 [Thread-3693] INFO  impl.RoleInfo (RoleInfo.java:updateAndGet(143)) - b88b3e43-5534-49b3-b3f2-a9f154b450de: start LeaderElection
2019-10-21 23:47:31,326 [ForkJoinPool.commonPool-worker-0] INFO  ozoneimpl.OzoneContainer (OzoneContainer.java:stop(227)) - Attempting to stop container services.
2019-10-21 23:47:31,327 [ForkJoinPool.commonPool-worker-0] INFO  impl.RaftServerProxy (RaftServerProxy.java:lambda$close$4(314)) - b88b3e43-5534-49b3-b3f2-a9f154b450de: close
2019-10-21 23:47:31,327 [ForkJoinPool.commonPool-worker-0] INFO  impl.RaftServerImpl (RaftServerImpl.java:lambda$shutdown$3(261)) - b88b3e43-5534-49b3-b3f2-a9f154b450de@group-2FABE92B7E5B: shutdown
2019-10-21 23:47:31,328 [ForkJoinPool.commonPool-worker-0] INFO  util.JmxRegister (JmxRegister.java:unregister(73)) - Successfully un-registered JMX Bean with object name Ratis:service=RaftServer,group=group-2FABE92B7E5B,id=b88b3e43-5534-49b3-b3f2-a9f154b450de
2019-10-21 23:47:31,328 [ForkJoinPool.commonPool-worker-0] INFO  impl.RoleInfo (RoleInfo.java:shutdownLeaderElection(134)) - b88b3e43-5534-49b3-b3f2-a9f154b450de: shutdown LeaderElection
2019-10-21 23:47:31,328 [ForkJoinPool.commonPool-worker-0] INFO  impl.StateMachineUpdater (StateMachineUpdater.java:stopAndJoin(136)) - b88b3e43-5534-49b3-b3f2-a9f154b450de@group-2FABE92B7E5B-StateMachineUpdater: set stopIndex = -1
2019-10-21 23:47:31,329 [ForkJoinPool.commonPool-worker-0] INFO  impl.RaftServerImpl (ServerState.java:close(388)) - b88b3e43-5534-49b3-b3f2-a9f154b450de@group-2FABE92B7E5B: closes. applyIndex: -1
2019-10-21 23:47:31,329 [b88b3e43-5534-49b3-b3f2-a9f154b450de@group-2FABE92B7E5B-SegmentedRaftLogWorker] INFO  segmented.SegmentedRaftLogWorker (SegmentedRaftLogWorker.java:run(316)) - b88b3e43-5534-49b3-b3f2-a9f154b450de@group-2FABE92B7E5B-SegmentedRaftLogWorker was interrupted, exiting. There are 0 tasks remaining in the queue.
2019-10-21 23:47:31,329 [ForkJoinPool.commonPool-worker-0] INFO  segmented.SegmentedRaftLogWorker (SegmentedRaftLogWorker.java:close(224)) - b88b3e43-5534-49b3-b3f2-a9f154b450de@group-2FABE92B7E5B-SegmentedRaftLogWorker close()
2019-10-21 23:47:31,332 [b88b3e43-5534-49b3-b3f2-a9f154b450de@group-2FABE92B7E5B-LeaderElection532] INFO  impl.LeaderElection (LeaderElection.java:askForVotes(178)) - b88b3e43-5534-49b3-b3f2-a9f154b450de@group-2FABE92B7E5B-LeaderElection532: begin an election at term 573 for -1: [c58a0a02-acd3-47c8-b3e9-5b8e0493de45:192.168.157.254:33611, 1360619e-ba1e-4bf9-aec1-9f15b5480b27:192.168.157.254:45658, b88b3e43-5534-49b3-b3f2-a9f154b450de:192.168.157.254:46786], old=null
2019-10-21 23:47:31,332 [ForkJoinPool.commonPool-worker-0] INFO  impl.RaftServerImpl (RaftServerImpl.java:lambda$shutdown$3(261)) - b88b3e43-5534-49b3-b3f2-a9f154b450de@group-2A68C6E73500: shutdown
2019-10-21 23:47:31,332 [b88b3e43-5534-49b3-b3f2-a9f154b450de@group-2FABE92B7E5B-LeaderElection532] INFO  impl.LeaderElection (LeaderElection.java:run(137)) - b88b3e43-5534-49b3-b3f2-a9f154b450de@group-2FABE92B7E5B-LeaderElection532: IllegalArgumentException is safely ignored since this is already CLOSING
java.lang.IllegalArgumentException: b88b3e43-5534-49b3-b3f2-a9f154b450de@group-2FABE92B7E5B-SegmentedRaftLog is expected to be opened but it is CLOSED
	at org.apache.ratis.util.OpenCloseState.assertOpen(OpenCloseState.java:63)
	at org.apache.ratis.server.raftlog.RaftLog.checkLogState(RaftLog.java:102)
	at org.apache.ratis.server.raftlog.segmented.SegmentedRaftLog.getLastEntryTermIndex(SegmentedRaftLog.java:345)
	at org.apache.ratis.server.impl.LeaderElection.askForVotes(LeaderElection.java:180)
	at org.apache.ratis.server.impl.LeaderElection.run(LeaderElection.java:133)
	at java.lang.Thread.run(Thread.java:748)
Caused by: org.apache.ratis.util.OpenCloseState$CloseTrace: Close b88b3e43-5534-49b3-b3f2-a9f154b450de@group-2FABE92B7E5B-SegmentedRaftLog
	at org.apache.ratis.util.OpenCloseState.lambda$close$1(OpenCloseState.java:109)
	at java.util.concurrent.atomic.AtomicReference.getAndUpdate(AtomicReference.java:160)
	at org.apache.ratis.util.OpenCloseState.close(OpenCloseState.java:109)
	at org.apache.ratis.server.raftlog.RaftLog.close(RaftLog.java:437)
	at org.apache.ratis.server.raftlog.segmented.SegmentedRaftLog.close(SegmentedRaftLog.java:500)
	at org.apache.ratis.server.impl.ServerState.close(ServerState.java:390)
	at org.apache.ratis.server.impl.RaftServerImpl.lambda$shutdown$3(RaftServerImpl.java:283)
	at org.apache.ratis.util.LifeCycle.lambda$checkStateAndClose$2(LifeCycle.java:231)
	at org.apache.ratis.util.LifeCycle.checkStateAndClose(LifeCycle.java:251)
	at org.apache.ratis.util.LifeCycle.checkStateAndClose(LifeCycle.java:229)
	at org.apache.ratis.server.impl.RaftServerImpl.shutdown(RaftServerImpl.java:260)
	at org.apache.ratis.server.impl.RaftServerProxy$ImplMap.lambda$close$0(RaftServerProxy.java:107)
	at java.util.stream.ForEachOps$ForEachOp$OfRef.accept(ForEachOps.java:183)
	at java.util.stream.ReferencePipeline$3$1.accept(ReferencePipeline.java:193)
	at java.util.concurrent.ConcurrentHashMap$ValueSpliterator.forEachRemaining(ConcurrentHashMap.java:3566)
	at java.util.stream.AbstractPipeline.copyInto(AbstractPipeline.java:482)
	at java.util.stream.ForEachOps$ForEachTask.compute(ForEachOps.java:290)
	at java.util.concurrent.CountedCompleter.exec(CountedCompleter.java:731)
	at java.util.concurrent.ForkJoinTask.doExec(ForkJoinTask.java:289)
	at java.util.concurrent.ForkJoinTask.doInvoke(ForkJoinTask.java:401)
	at java.util.concurrent.ForkJoinTask.invoke(ForkJoinTask.java:734)
	at java.util.stream.ForEachOps$ForEachOp.evaluateParallel(ForEachOps.java:159)
	at java.util.stream.ForEachOps$ForEachOp$OfRef.evaluateParallel(ForEachOps.java:173)
	at java.util.stream.AbstractPipeline.evaluate(AbstractPipeline.java:233)
	at java.util.stream.ReferencePipeline.forEach(ReferencePipeline.java:485)
	at org.apache.ratis.server.impl.RaftServerProxy$ImplMap.close(RaftServerProxy.java:107)
	at org.apache.ratis.server.impl.RaftServerProxy.lambda$close$4(RaftServerProxy.java:315)
	at org.apache.ratis.util.LifeCycle.lambda$checkStateAndClose$2(LifeCycle.java:231)
	at org.apache.ratis.util.LifeCycle.checkStateAndClose(LifeCycle.java:251)
	at org.apache.ratis.util.LifeCycle.checkStateAndClose(LifeCycle.java:229)
	at org.apache.ratis.server.impl.RaftServerProxy.close(RaftServerProxy.java:313)
	at org.apache.hadoop.ozone.container.common.transport.server.ratis.XceiverServerRatis.stop(XceiverServerRatis.java:448)
	at org.apache.hadoop.ozone.container.ozoneimpl.OzoneContainer.stop(OzoneContainer.java:229)
	at org.apache.hadoop.ozone.container.common.statemachine.DatanodeStateMachine.close(DatanodeStateMachine.java:270)
	at org.apache.hadoop.ozone.container.common.statemachine.DatanodeStateMachine.stopDaemon(DatanodeStateMachine.java:394)
	at org.apache.hadoop.ozone.HddsDatanodeService.stop(HddsDatanodeService.java:457)
	at org.apache.hadoop.ozone.MiniOzoneClusterImpl.stopDatanode(MiniOzoneClusterImpl.java:385)
	at java.util.stream.ForEachOps$ForEachOp$OfRef.accept(ForEachOps.java:183)
	at java.util.ArrayList$ArrayListSpliterator.forEachRemaining(ArrayList.java:1382)
	at java.util.stream.AbstractPipeline.copyInto(AbstractPipeline.java:482)
	at java.util.stream.ForEachOps$ForEachTask.compute(ForEachOps.java:290)
	at java.util.concurrent.CountedCompleter.exec(CountedCompleter.java:731)
	at java.util.concurrent.ForkJoinTask.doExec(ForkJoinTask.java:289)
	at java.util.concurrent.ForkJoinPool$WorkQueue.execLocalTasks(ForkJoinPool.java:1040)
	at java.util.concurrent.ForkJoinPool$WorkQueue.runTask(ForkJoinPool.java:1058)
	at java.util.concurrent.ForkJoinPool.runWorker(ForkJoinPool.java:1692)
	at java.util.concurrent.ForkJoinWorkerThread.run(ForkJoinWorkerThread.java:157)
2019-10-21 23:47:31,334 [main] INFO  ozoneimpl.OzoneContainer (OzoneContainer.java:stop(227)) - Attempting to stop container services.
2019-10-21 23:47:31,332 [ForkJoinPool.commonPool-worker-0] INFO  util.JmxRegister (JmxRegister.java:unregister(73)) - Successfully un-registered JMX Bean with object name Ratis:service=RaftServer,group=group-2A68C6E73500,id=b88b3e43-5534-49b3-b3f2-a9f154b450de
2019-10-21 23:47:31,335 [ForkJoinPool.commonPool-worker-0] INFO  impl.RoleInfo (RoleInfo.java:shutdownLeaderState(104)) - b88b3e43-5534-49b3-b3f2-a9f154b450de: shutdown LeaderState
2019-10-21 23:47:31,335 [main] INFO  impl.RaftServerProxy (RaftServerProxy.java:lambda$close$4(314)) - 1360619e-ba1e-4bf9-aec1-9f15b5480b27: close
2019-10-21 23:47:31,335 [ForkJoinPool.commonPool-worker-0] INFO  impl.PendingRequests (PendingRequests.java:sendNotLeaderResponses(202)) - b88b3e43-5534-49b3-b3f2-a9f154b450de@group-2A68C6E73500-PendingRequests: sendNotLeaderResponses
2019-10-21 23:47:31,335 [main] INFO  impl.RaftServerImpl (RaftServerImpl.java:lambda$shutdown$3(261)) - 1360619e-ba1e-4bf9-aec1-9f15b5480b27@group-CCA511E4D8DB: shutdown
2019-10-21 23:47:31,336 [ForkJoinPool.commonPool-worker-0] INFO  impl.StateMachineUpdater (StateMachineUpdater.java:stopAndJoin(136)) - b88b3e43-5534-49b3-b3f2-a9f154b450de@group-2A68C6E73500-StateMachineUpdater: set stopIndex = 0
2019-10-21 23:47:31,336 [main] INFO  util.JmxRegister (JmxRegister.java:unregister(73)) - Successfully un-registered JMX Bean with object name Ratis:service=RaftServer,group=group-CCA511E4D8DB,id=1360619e-ba1e-4bf9-aec1-9f15b5480b27
2019-10-21 23:47:31,336 [main] INFO  impl.RoleInfo (RoleInfo.java:shutdownLeaderState(104)) - 1360619e-ba1e-4bf9-aec1-9f15b5480b27: shutdown LeaderState
2019-10-21 23:47:31,336 [ForkJoinPool.commonPool-worker-0] INFO  impl.RaftServerImpl (ServerState.java:close(388)) - b88b3e43-5534-49b3-b3f2-a9f154b450de@group-2A68C6E73500: closes. applyIndex: 0
2019-10-21 23:47:31,337 [main] INFO  impl.PendingRequests (PendingRequests.java:sendNotLeaderResponses(202)) - 1360619e-ba1e-4bf9-aec1-9f15b5480b27@group-CCA511E4D8DB-PendingRequests: sendNotLeaderResponses
2019-10-21 23:47:31,337 [b88b3e43-5534-49b3-b3f2-a9f154b450de@group-2A68C6E73500-SegmentedRaftLogWorker] INFO  segmented.SegmentedRaftLogWorker (SegmentedRaftLogWorker.java:run(316)) - b88b3e43-5534-49b3-b3f2-a9f154b450de@group-2A68C6E73500-SegmentedRaftLogWorker was interrupted, exiting. There are 0 tasks remaining in the queue.
2019-10-21 23:47:31,337 [main] INFO  impl.StateMachineUpdater (StateMachineUpdater.java:stopAndJoin(136)) - 1360619e-ba1e-4bf9-aec1-9f15b5480b27@group-CCA511E4D8DB-StateMachineUpdater: set stopIndex = 0
2019-10-21 23:47:31,338 [main] INFO  impl.RaftServerImpl (ServerState.java:close(388)) - 1360619e-ba1e-4bf9-aec1-9f15b5480b27@group-CCA511E4D8DB: closes. applyIndex: 0
2019-10-21 23:47:31,338 [ForkJoinPool.commonPool-worker-0] INFO  segmented.SegmentedRaftLogWorker (SegmentedRaftLogWorker.java:close(224)) - b88b3e43-5534-49b3-b3f2-a9f154b450de@group-2A68C6E73500-SegmentedRaftLogWorker close()
2019-10-21 23:47:31,339 [1360619e-ba1e-4bf9-aec1-9f15b5480b27@group-CCA511E4D8DB-SegmentedRaftLogWorker] INFO  segmented.SegmentedRaftLogWorker (SegmentedRaftLogWorker.java:run(316)) - 1360619e-ba1e-4bf9-aec1-9f15b5480b27@group-CCA511E4D8DB-SegmentedRaftLogWorker was interrupted, exiting. There are 0 tasks remaining in the queue.
2019-10-21 23:47:31,341 [ForkJoinPool.commonPool-worker-0] INFO  server.GrpcService (GrpcService.java:closeImpl(164)) - b88b3e43-5534-49b3-b3f2-a9f154b450de: shutdown server with port 46786 now
2019-10-21 23:47:31,341 [main] INFO  segmented.SegmentedRaftLogWorker (SegmentedRaftLogWorker.java:close(224)) - 1360619e-ba1e-4bf9-aec1-9f15b5480b27@group-CCA511E4D8DB-SegmentedRaftLogWorker close()
2019-10-21 23:47:31,342 [main] INFO  impl.RaftServerImpl (RaftServerImpl.java:lambda$shutdown$3(261)) - 1360619e-ba1e-4bf9-aec1-9f15b5480b27@group-2FABE92B7E5B: shutdown
2019-10-21 23:47:31,343 [main] INFO  util.JmxRegister (JmxRegister.java:unregister(73)) - Successfully un-registered JMX Bean with object name Ratis:service=RaftServer,group=group-2FABE92B7E5B,id=1360619e-ba1e-4bf9-aec1-9f15b5480b27
2019-10-21 23:47:31,343 [main] INFO  impl.RoleInfo (RoleInfo.java:shutdownFollowerState(121)) - 1360619e-ba1e-4bf9-aec1-9f15b5480b27: shutdown FollowerState
2019-10-21 23:47:31,343 [ForkJoinPool.commonPool-worker-0] INFO  server.GrpcService (GrpcService.java:closeImpl(172)) - b88b3e43-5534-49b3-b3f2-a9f154b450de: shutdown server with port 46786 successfully
2019-10-21 23:47:31,343 [Thread-3692] INFO  impl.FollowerState (FollowerState.java:run(117)) - 1360619e-ba1e-4bf9-aec1-9f15b5480b27@group-2FABE92B7E5B-FollowerState was interrupted: java.lang.InterruptedException: sleep interrupted
2019-10-21 23:47:31,343 [main] INFO  impl.StateMachineUpdater (StateMachineUpdater.java:stopAndJoin(136)) - 1360619e-ba1e-4bf9-aec1-9f15b5480b27@group-2FABE92B7E5B-StateMachineUpdater: set stopIndex = -1
2019-10-21 23:47:31,344 [main] INFO  impl.RaftServerImpl (ServerState.java:close(388)) - 1360619e-ba1e-4bf9-aec1-9f15b5480b27@group-2FABE92B7E5B: closes. applyIndex: -1
2019-10-21 23:47:31,344 [1360619e-ba1e-4bf9-aec1-9f15b5480b27@group-2FABE92B7E5B-SegmentedRaftLogWorker] INFO  segmented.SegmentedRaftLogWorker (SegmentedRaftLogWorker.java:run(316)) - 1360619e-ba1e-4bf9-aec1-9f15b5480b27@group-2FABE92B7E5B-SegmentedRaftLogWorker was interrupted, exiting. There are 0 tasks remaining in the queue.
2019-10-21 23:47:31,345 [main] INFO  segmented.SegmentedRaftLogWorker (SegmentedRaftLogWorker.java:close(224)) - 1360619e-ba1e-4bf9-aec1-9f15b5480b27@group-2FABE92B7E5B-SegmentedRaftLogWorker close()
2019-10-21 23:47:31,345 [refreshUsed-/workdir/hadoop-ozone/integration-test/target/test-dir/MiniOzoneClusterImpl-03ba4f64-2230-4ee7-8bd6-fbf0e67d2e92/datanode-0/data/containers] WARN  fs.CachingGetSpaceUsed (CachingGetSpaceUsed.java:run(183)) - Thread Interrupted waiting to refresh disk information: sleep interrupted
2019-10-21 23:47:31,347 [main] INFO  server.GrpcService (GrpcService.java:closeImpl(164)) - 1360619e-ba1e-4bf9-aec1-9f15b5480b27: shutdown server with port 45658 now
2019-10-21 23:47:31,348 [main] INFO  server.GrpcService (GrpcService.java:closeImpl(172)) - 1360619e-ba1e-4bf9-aec1-9f15b5480b27: shutdown server with port 45658 successfully
2019-10-21 23:47:31,359 [refreshUsed-/workdir/hadoop-ozone/integration-test/target/test-dir/MiniOzoneClusterImpl-03ba4f64-2230-4ee7-8bd6-fbf0e67d2e92/datanode-3/data/containers] WARN  fs.CachingGetSpaceUsed (CachingGetSpaceUsed.java:run(183)) - Thread Interrupted waiting to refresh disk information: sleep interrupted
2019-10-21 23:47:31,366 [ForkJoinPool.commonPool-worker-0] INFO  utils.BackgroundService (BackgroundService.java:shutdown(151)) - Shutting down service BlockDeletingService
2019-10-21 23:47:31,368 [ForkJoinPool.commonPool-worker-0] INFO  statemachine.DatanodeStateMachine (DatanodeStateMachine.java:stopDaemon(395)) - Ozone container server stopped.
2019-10-21 23:47:31,371 [ForkJoinPool.commonPool-worker-0] INFO  handler.ContextHandler (ContextHandler.java:doStop(910)) - Stopped o.e.j.w.WebAppContext@5a08efdc{/,null,UNAVAILABLE}{/hddsDatanode}
2019-10-21 23:47:31,371 [ForkJoinPool.commonPool-worker-0] INFO  server.AbstractConnector (AbstractConnector.java:doStop(318)) - Stopped ServerConnector@57272109{HTTP/1.1,[http/1.1]}{0.0.0.0:0}
2019-10-21 23:47:31,372 [ForkJoinPool.commonPool-worker-0] INFO  handler.ContextHandler (ContextHandler.java:doStop(910)) - Stopped o.e.j.s.ServletContextHandler@1ab5f08a{/static,jar:file:/home/user/.m2/repository/org/apache/hadoop/hadoop-hdds-container-service/0.5.0-SNAPSHOT/hadoop-hdds-container-service-0.5.0-SNAPSHOT.jar!/webapps/static,UNAVAILABLE}
2019-10-21 23:47:31,373 [ForkJoinPool.commonPool-worker-0] INFO  handler.ContextHandler (ContextHandler.java:doStop(910)) - Stopped o.e.j.s.ServletContextHandler@623ebac7{/logs,file:///workdir/hadoop-ozone/integration-test/target/log,UNAVAILABLE}
2019-10-21 23:47:31,379 [main] INFO  utils.BackgroundService (BackgroundService.java:shutdown(151)) - Shutting down service BlockDeletingService
2019-10-21 23:47:31,380 [main] INFO  statemachine.DatanodeStateMachine (DatanodeStateMachine.java:stopDaemon(395)) - Ozone container server stopped.
2019-10-21 23:47:31,381 [main] INFO  handler.ContextHandler (ContextHandler.java:doStop(910)) - Stopped o.e.j.w.WebAppContext@4aa21f9d{/,null,UNAVAILABLE}{/hddsDatanode}
2019-10-21 23:47:31,382 [main] INFO  server.AbstractConnector (AbstractConnector.java:doStop(318)) - Stopped ServerConnector@71c17a57{HTTP/1.1,[http/1.1]}{0.0.0.0:0}
2019-10-21 23:47:31,382 [main] INFO  handler.ContextHandler (ContextHandler.java:doStop(910)) - Stopped o.e.j.s.ServletContextHandler@77049094{/static,jar:file:/home/user/.m2/repository/org/apache/hadoop/hadoop-hdds-container-service/0.5.0-SNAPSHOT/hadoop-hdds-container-service-0.5.0-SNAPSHOT.jar!/webapps/static,UNAVAILABLE}
2019-10-21 23:47:31,383 [main] INFO  handler.ContextHandler (ContextHandler.java:doStop(910)) - Stopped o.e.j.s.ServletContextHandler@6fa13e6{/logs,file:///workdir/hadoop-ozone/integration-test/target/log,UNAVAILABLE}
2019-10-21 23:47:31,384 [main] INFO  ozone.MiniOzoneClusterImpl (MiniOzoneClusterImpl.java:stopSCM(392)) - Stopping the StorageContainerManager
2019-10-21 23:47:31,384 [main] INFO  server.StorageContainerManager (StorageContainerManager.java:stop(810)) - Stopping Replication Manager Service.
2019-10-21 23:47:31,384 [main] INFO  container.ReplicationManager (ReplicationManager.java:stop(203)) - Stopping Replication Monitor Thread.
2019-10-21 23:47:31,384 [main] INFO  server.StorageContainerManager (StorageContainerManager.java:stop(817)) - Stopping Lease Manager of the command watchers
2019-10-21 23:47:31,384 [main] INFO  server.StorageContainerManager (StorageContainerManager.java:stop(824)) - Stopping datanode service RPC server
2019-10-21 23:47:31,384 [main] INFO  server.SCMDatanodeProtocolServer (SCMDatanodeProtocolServer.java:stop(346)) - Stopping the RPC server for DataNodes
2019-10-21 23:47:31,385 [main] INFO  ipc.Server (Server.java:stop(3082)) - Stopping server on 33717
2019-10-21 23:47:31,386 [IPC Server listener on 33717] INFO  ipc.Server (Server.java:run(1185)) - Stopping IPC Server listener on 33717
2019-10-21 23:47:31,387 [IPC Server Responder] INFO  ipc.Server (Server.java:run(1319)) - Stopping IPC Server Responder
2019-10-21 23:47:31,405 [SCM Heartbeat Processing Thread - 0] WARN  node.NodeStateManager (NodeStateManager.java:scheduleNextHealthCheck(646)) - Current Thread is interrupted, shutting down HB processing thread for Node Manager.
2019-10-21 23:47:31,405 [main] INFO  server.StorageContainerManager (StorageContainerManager.java:stop(832)) - Stopping block service RPC server
2019-10-21 23:47:31,405 [main] INFO  server.SCMBlockProtocolServer (SCMBlockProtocolServer.java:stop(155)) - Stopping the RPC server for Block Protocol
2019-10-21 23:47:31,406 [main] INFO  ipc.Server (Server.java:stop(3082)) - Stopping server on 40447
2019-10-21 23:47:31,406 [IPC Server listener on 40447] INFO  ipc.Server (Server.java:run(1185)) - Stopping IPC Server listener on 40447
2019-10-21 23:47:31,406 [main] INFO  server.StorageContainerManager (StorageContainerManager.java:stop(839)) - Stopping the StorageContainerLocationProtocol RPC server
2019-10-21 23:47:31,407 [IPC Server Responder] INFO  ipc.Server (Server.java:run(1319)) - Stopping IPC Server Responder
2019-10-21 23:47:31,408 [main] INFO  server.SCMClientProtocolServer (SCMClientProtocolServer.java:stop(168)) - Stopping the RPC server for Client Protocol
2019-10-21 23:47:31,408 [main] INFO  ipc.Server (Server.java:stop(3082)) - Stopping server on 34345
2019-10-21 23:47:31,409 [IPC Server listener on 34345] INFO  ipc.Server (Server.java:run(1185)) - Stopping IPC Server listener on 34345
2019-10-21 23:47:31,409 [main] INFO  server.StorageContainerManager (StorageContainerManager.java:stop(846)) - Stopping Storage Container Manager HTTP server.
2019-10-21 23:47:31,409 [IPC Server Responder] INFO  ipc.Server (Server.java:run(1319)) - Stopping IPC Server Responder
2019-10-21 23:47:31,410 [main] INFO  handler.ContextHandler (ContextHandler.java:doStop(910)) - Stopped o.e.j.w.WebAppContext@532721fd{/,null,UNAVAILABLE}{/scm}
2019-10-21 23:47:31,411 [main] INFO  server.AbstractConnector (AbstractConnector.java:doStop(318)) - Stopped ServerConnector@7e1a1da6{HTTP/1.1,[http/1.1]}{0.0.0.0:0}
2019-10-21 23:47:31,412 [main] INFO  handler.ContextHandler (ContextHandler.java:doStop(910)) - Stopped o.e.j.s.ServletContextHandler@a43ce46{/static,file:///workdir/hadoop-ozone/integration-test/target/test-classes/webapps/static,UNAVAILABLE}
2019-10-21 23:47:31,412 [main] INFO  handler.ContextHandler (ContextHandler.java:doStop(910)) - Stopped o.e.j.s.ServletContextHandler@6b53bcc2{/logs,file:///workdir/hadoop-ozone/integration-test/target/log,UNAVAILABLE}
2019-10-21 23:47:31,413 [main] INFO  server.StorageContainerManager (StorageContainerManager.java:stop(857)) - Stopping Block Manager Service.
2019-10-21 23:47:31,413 [main] INFO  utils.BackgroundService (BackgroundService.java:shutdown(151)) - Shutting down service SCMBlockDeletingService
2019-10-21 23:47:31,413 [main] INFO  utils.BackgroundService (BackgroundService.java:shutdown(151)) - Shutting down service SCMBlockDeletingService
2019-10-21 23:47:31,414 [main] INFO  server.StorageContainerManager (StorageContainerManager.java:stop(879)) - Stopping SCM Event Queue.
2019-10-21 23:47:31,421 [main] INFO  impl.MetricsSystemImpl (MetricsSystemImpl.java:stop(210)) - Stopping XceiverClientMetrics metrics system...
2019-10-21 23:47:31,427 [prometheus] INFO  impl.MetricsSinkAdapter (MetricsSinkAdapter.java:publishMetricsFromQueue(141)) - prometheus thread interrupted.
2019-10-21 23:47:31,427 [main] INFO  impl.MetricsSystemImpl (MetricsSystemImpl.java:stop(216)) - XceiverClientMetrics metrics system stopped.
]]></system-out>
    <system-err><![CDATA[ERROR StatusLogger No Log4j 2 configuration file found. Using default configuration (logging only errors to the console), or user programmatically provided configurations. Set system property 'log4j2.debug' to show Log4j 2 internal initialization logging. See https://logging.apache.org/log4j/2.x/manual/configuration.html for instructions on how to configure Log4j 2
]]></system-err>
  </testcase>
</testsuite>