<?xml version="1.0" encoding="UTF-8"?>
<testsuite xmlns:xsi="http://www.w3.org/2001/XMLSchema-instance" xsi:noNamespaceSchemaLocation="https://maven.apache.org/surefire/maven-surefire-plugin/xsd/surefire-test-report.xsd" name="org.apache.hadoop.ozone.client.rpc.TestDeleteWithSlowFollower" time="133.185" tests="1" errors="0" skipped="0" failures="1">
  <properties>
    <property name="awt.toolkit" value="sun.awt.X11.XToolkit"/>
    <property name="file.encoding.pkg" value="sun.io"/>
    <property name="java.specification.version" value="1.8"/>
    <property name="sun.cpu.isalist" value=""/>
    <property name="sun.jnu.encoding" value="ANSI_X3.4-1968"/>
    <property name="java.class.path" value="/workdir/hadoop-ozone/integration-test/target/test-classes:/workdir/hadoop-ozone/integration-test/target/classes:/home/user/.m2/repository/org/apache/hadoop/hadoop-ozone-common/0.5.0-SNAPSHOT/hadoop-ozone-common-0.5.0-SNAPSHOT.jar:/home/user/.m2/repository/org/apache/commons/commons-compress/1.4.1/commons-compress-1.4.1.jar:/home/user/.m2/repository/org/tukaani/xz/1.0/xz-1.0.jar:/home/user/.m2/repository/org/apache/hadoop/hadoop-common/3.2.0/hadoop-common-3.2.0.jar:/home/user/.m2/repository/org/apache/hadoop/hadoop-hdfs/3.2.0/hadoop-hdfs-3.2.0.jar:/home/user/.m2/repository/org/apache/hadoop/hadoop-hdfs-client/3.2.0/hadoop-hdfs-client-3.2.0.jar:/home/user/.m2/repository/com/fasterxml/jackson/core/jackson-annotations/2.9.9/jackson-annotations-2.9.9.jar:/home/user/.m2/repository/org/apache/hadoop/hadoop-hdds-common/0.5.0-SNAPSHOT/hadoop-hdds-common-0.5.0-SNAPSHOT.jar:/home/user/.m2/repository/javax/annotation/javax.annotation-api/1.2/javax.annotation-api-1.2.jar:/home/user/.m2/repository/org/apache/ratis/ratis-server/0.5.0-3f446aa-SNAPSHOT/ratis-server-0.5.0-3f446aa-SNAPSHOT.jar:/home/user/.m2/repository/org/apache/ratis/ratis-thirdparty-misc/0.2.0/ratis-thirdparty-misc-0.2.0.jar:/home/user/.m2/repository/org/apache/ratis/ratis-proto/0.5.0-3f446aa-SNAPSHOT/ratis-proto-0.5.0-3f446aa-SNAPSHOT.jar:/home/user/.m2/repository/org/apache/ratis/ratis-common/0.5.0-3f446aa-SNAPSHOT/ratis-common-0.5.0-3f446aa-SNAPSHOT.jar:/home/user/.m2/repository/org/apache/ratis/ratis-client/0.5.0-3f446aa-SNAPSHOT/ratis-client-0.5.0-3f446aa-SNAPSHOT.jar:/home/user/.m2/repository/org/apache/ratis/ratis-metrics/0.5.0-3f446aa-SNAPSHOT/ratis-metrics-0.5.0-3f446aa-SNAPSHOT.jar:/home/user/.m2/repository/com/github/joshelser/dropwizard-metrics-hadoop-metrics2-reporter/0.1.2/dropwizard-metrics-hadoop-metrics2-reporter-0.1.2.jar:/home/user/.m2/repository/io/dropwizard/metrics/metrics-jvm/3.2.5/metrics-jvm-3.2.5.jar:/home/user/.m2/repository/io/dropwizard/metrics/metrics-ganglia/3.2.5/metrics-ganglia-3.2.5.jar:/home/user/.m2/repository/info/ganglia/gmetric4j/gmetric4j/1.0.7/gmetric4j-1.0.7.jar:/home/user/.m2/repository/org/apache/ratis/ratis-netty/0.5.0-3f446aa-SNAPSHOT/ratis-netty-0.5.0-3f446aa-SNAPSHOT.jar:/home/user/.m2/repository/org/apache/ratis/ratis-grpc/0.5.0-3f446aa-SNAPSHOT/ratis-grpc-0.5.0-3f446aa-SNAPSHOT.jar:/home/user/.m2/repository/org/rocksdb/rocksdbjni/6.0.1/rocksdbjni-6.0.1.jar:/home/user/.m2/repository/org/apache/logging/log4j/log4j-api/2.11.0/log4j-api-2.11.0.jar:/home/user/.m2/repository/org/apache/logging/log4j/log4j-core/2.11.0/log4j-core-2.11.0.jar:/home/user/.m2/repository/com/lmax/disruptor/3.4.2/disruptor-3.4.2.jar:/home/user/.m2/repository/org/apache/commons/commons-pool2/2.6.0/commons-pool2-2.6.0.jar:/home/user/.m2/repository/org/bouncycastle/bcpkix-jdk15on/1.60/bcpkix-jdk15on-1.60.jar:/home/user/.m2/repository/commons-validator/commons-validator/1.6/commons-validator-1.6.jar:/home/user/.m2/repository/commons-digester/commons-digester/1.8.1/commons-digester-1.8.1.jar:/home/user/.m2/repository/io/jaegertracing/jaeger-client/0.34.0/jaeger-client-0.34.0.jar:/home/user/.m2/repository/io/jaegertracing/jaeger-thrift/0.34.0/jaeger-thrift-0.34.0.jar:/home/user/.m2/repository/org/apache/thrift/libthrift/0.12.0/libthrift-0.12.0.jar:/home/user/.m2/repository/com/squareup/okhttp3/okhttp/3.9.0/okhttp-3.9.0.jar:/home/user/.m2/repository/com/squareup/okio/okio/1.13.0/okio-1.13.0.jar:/home/user/.m2/repository/io/jaegertracing/jaeger-core/0.34.0/jaeger-core-0.34.0.jar:/home/user/.m2/repository/io/jaegertracing/jaeger-tracerresolver/0.34.0/jaeger-tracerresolver-0.34.0.jar:/home/user/.m2/repository/io/opentracing/contrib/opentracing-tracerresolver/0.1.5/opentracing-tracerresolver-0.1.5.jar:/home/user/.m2/repository/io/opentracing/opentracing-util/0.31.0/opentracing-util-0.31.0.jar:/home/user/.m2/repository/io/opentracing/opentracing-api/0.31.0/opentracing-api-0.31.0.jar:/home/user/.m2/repository/io/opentracing/opentracing-noop/0.31.0/opentracing-noop-0.31.0.jar:/home/user/.m2/repository/org/apache/hadoop/hadoop-hdds-server-framework/0.5.0-SNAPSHOT/hadoop-hdds-server-framework-0.5.0-SNAPSHOT.jar:/home/user/.m2/repository/org/apache/hadoop/hadoop-hdds-container-service/0.5.0-SNAPSHOT/hadoop-hdds-container-service-0.5.0-SNAPSHOT.jar:/home/user/.m2/repository/org/apache/hadoop/hadoop-hdds-client/0.5.0-SNAPSHOT/hadoop-hdds-client-0.5.0-SNAPSHOT.jar:/home/user/.m2/repository/org/apache/hadoop/hadoop-hdds-tools/0.5.0-SNAPSHOT/hadoop-hdds-tools-0.5.0-SNAPSHOT.jar:/home/user/.m2/repository/org/apache/hadoop/hadoop-hdds-server-scm/0.5.0-SNAPSHOT/hadoop-hdds-server-scm-0.5.0-SNAPSHOT.jar:/home/user/.m2/repository/org/apache/hadoop/hadoop-hdds-docs/0.5.0-SNAPSHOT/hadoop-hdds-docs-0.5.0-SNAPSHOT.jar:/home/user/.m2/repository/io/dropwizard/metrics/metrics-core/3.2.4/metrics-core-3.2.4.jar:/home/user/.m2/repository/org/hamcrest/hamcrest-all/1.3/hamcrest-all-1.3.jar:/home/user/.m2/repository/org/bouncycastle/bcprov-jdk15on/1.60/bcprov-jdk15on-1.60.jar:/home/user/.m2/repository/info/picocli/picocli/3.9.6/picocli-3.9.6.jar:/home/user/.m2/repository/com/google/protobuf/protobuf-java/2.5.0/protobuf-java-2.5.0.jar:/home/user/.m2/repository/com/google/guava/guava/11.0.2/guava-11.0.2.jar:/home/user/.m2/repository/org/apache/hadoop/hadoop-ozone-ozone-manager/0.5.0-SNAPSHOT/hadoop-ozone-ozone-manager-0.5.0-SNAPSHOT.jar:/home/user/.m2/repository/org/apache/hadoop/hadoop-minikdc/3.2.0/hadoop-minikdc-3.2.0.jar:/home/user/.m2/repository/commons-io/commons-io/2.5/commons-io-2.5.jar:/home/user/.m2/repository/org/apache/kerby/kerb-simplekdc/1.0.1/kerb-simplekdc-1.0.1.jar:/home/user/.m2/repository/org/apache/kerby/kerb-client/1.0.1/kerb-client-1.0.1.jar:/home/user/.m2/repository/org/apache/kerby/kerby-config/1.0.1/kerby-config-1.0.1.jar:/home/user/.m2/repository/org/apache/kerby/kerb-core/1.0.1/kerb-core-1.0.1.jar:/home/user/.m2/repository/org/apache/kerby/kerby-pkix/1.0.1/kerby-pkix-1.0.1.jar:/home/user/.m2/repository/org/apache/kerby/kerby-asn1/1.0.1/kerby-asn1-1.0.1.jar:/home/user/.m2/repository/org/apache/kerby/kerby-util/1.0.1/kerby-util-1.0.1.jar:/home/user/.m2/repository/org/apache/kerby/kerb-common/1.0.1/kerb-common-1.0.1.jar:/home/user/.m2/repository/org/apache/kerby/kerb-crypto/1.0.1/kerb-crypto-1.0.1.jar:/home/user/.m2/repository/org/apache/kerby/kerb-util/1.0.1/kerb-util-1.0.1.jar:/home/user/.m2/repository/org/apache/kerby/token-provider/1.0.1/token-provider-1.0.1.jar:/home/user/.m2/repository/org/apache/kerby/kerb-admin/1.0.1/kerb-admin-1.0.1.jar:/home/user/.m2/repository/org/apache/kerby/kerb-server/1.0.1/kerb-server-1.0.1.jar:/home/user/.m2/repository/org/apache/kerby/kerb-identity/1.0.1/kerb-identity-1.0.1.jar:/home/user/.m2/repository/org/apache/kerby/kerby-xdr/1.0.1/kerby-xdr-1.0.1.jar:/home/user/.m2/repository/org/slf4j/slf4j-log4j12/1.7.25/slf4j-log4j12-1.7.25.jar:/home/user/.m2/repository/org/apache/hadoop/hadoop-ozone-s3gateway/0.5.0-SNAPSHOT/hadoop-ozone-s3gateway-0.5.0-SNAPSHOT.jar:/home/user/.m2/repository/org/jboss/weld/servlet/weld-servlet/2.4.7.Final/weld-servlet-2.4.7.Final.jar:/home/user/.m2/repository/org/glassfish/jersey/containers/jersey-container-servlet-core/2.27/jersey-container-servlet-core-2.27.jar:/home/user/.m2/repository/org/glassfish/hk2/external/javax.inject/2.5.0-b42/javax.inject-2.5.0-b42.jar:/home/user/.m2/repository/org/glassfish/jersey/core/jersey-common/2.27/jersey-common-2.27.jar:/home/user/.m2/repository/org/glassfish/hk2/osgi-resource-locator/1.0.1/osgi-resource-locator-1.0.1.jar:/home/user/.m2/repository/javax/ws/rs/javax.ws.rs-api/2.1/javax.ws.rs-api-2.1.jar:/home/user/.m2/repository/org/glassfish/jersey/ext/cdi/jersey-cdi1x/2.27/jersey-cdi1x-2.27.jar:/home/user/.m2/repository/org/glassfish/jersey/inject/jersey-hk2/2.27/jersey-hk2-2.27.jar:/home/user/.m2/repository/org/glassfish/hk2/hk2-locator/2.5.0-b42/hk2-locator-2.5.0-b42.jar:/home/user/.m2/repository/org/javassist/javassist/3.22.0-CR2/javassist-3.22.0-CR2.jar:/home/user/.m2/repository/org/glassfish/hk2/hk2-api/2.5.0/hk2-api-2.5.0.jar:/home/user/.m2/repository/org/glassfish/hk2/external/jakarta.inject/2.5.0/jakarta.inject-2.5.0.jar:/home/user/.m2/repository/org/glassfish/hk2/hk2-utils/2.5.0/hk2-utils-2.5.0.jar:/home/user/.m2/repository/jakarta/annotation/jakarta.annotation-api/1.3.4/jakarta.annotation-api-1.3.4.jar:/home/user/.m2/repository/org/glassfish/hk2/external/aopalliance-repackaged/2.5.0/aopalliance-repackaged-2.5.0.jar:/home/user/.m2/repository/com/fasterxml/jackson/dataformat/jackson-dataformat-xml/2.9.0/jackson-dataformat-xml-2.9.0.jar:/home/user/.m2/repository/com/fasterxml/jackson/core/jackson-core/2.9.9/jackson-core-2.9.9.jar:/home/user/.m2/repository/com/fasterxml/jackson/module/jackson-module-jaxb-annotations/2.9.9/jackson-module-jaxb-annotations-2.9.9.jar:/home/user/.m2/repository/javax/enterprise/cdi-api/1.2/cdi-api-1.2.jar:/home/user/.m2/repository/javax/el/javax.el-api/3.0.0/javax.el-api-3.0.0.jar:/home/user/.m2/repository/javax/interceptor/javax.interceptor-api/1.2/javax.interceptor-api-1.2.jar:/home/user/.m2/repository/javax/inject/javax.inject/1/javax.inject-1.jar:/home/user/.m2/repository/com/sun/xml/bind/jaxb-impl/2.3.0.1/jaxb-impl-2.3.0.1.jar:/home/user/.m2/repository/com/sun/xml/bind/jaxb-core/2.3.0.1/jaxb-core-2.3.0.1.jar:/home/user/.m2/repository/javax/xml/bind/jaxb-api/2.3.0/jaxb-api-2.3.0.jar:/home/user/.m2/repository/javax/activation/activation/1.1.1/activation-1.1.1.jar:/home/user/.m2/repository/org/apache/hadoop/hadoop-ozone-csi/0.5.0-SNAPSHOT/hadoop-ozone-csi-0.5.0-SNAPSHOT.jar:/home/user/.m2/repository/com/google/protobuf/protobuf-java-util/3.5.1/protobuf-java-util-3.5.1.jar:/home/user/.m2/repository/org/apache/hadoop/hadoop-hdds-config/0.5.0-SNAPSHOT/hadoop-hdds-config-0.5.0-SNAPSHOT.jar:/home/user/.m2/repository/io/grpc/grpc-netty/1.17.1/grpc-netty-1.17.1.jar:/home/user/.m2/repository/io/grpc/grpc-core/1.17.1/grpc-core-1.17.1.jar:/home/user/.m2/repository/io/grpc/grpc-context/1.17.1/grpc-context-1.17.1.jar:/home/user/.m2/repository/com/google/errorprone/error_prone_annotations/2.2.0/error_prone_annotations-2.2.0.jar:/home/user/.m2/repository/org/codehaus/mojo/animal-sniffer-annotations/1.17/animal-sniffer-annotations-1.17.jar:/home/user/.m2/repository/io/opencensus/opencensus-api/0.17.0/opencensus-api-0.17.0.jar:/home/user/.m2/repository/io/opencensus/opencensus-contrib-grpc-metrics/0.17.0/opencensus-contrib-grpc-metrics-0.17.0.jar:/home/user/.m2/repository/io/netty/netty-codec-http2/4.1.30.Final/netty-codec-http2-4.1.30.Final.jar:/home/user/.m2/repository/io/netty/netty-codec-http/4.1.30.Final/netty-codec-http-4.1.30.Final.jar:/home/user/.m2/repository/io/netty/netty-codec/4.1.30.Final/netty-codec-4.1.30.Final.jar:/home/user/.m2/repository/io/netty/netty-handler/4.1.30.Final/netty-handler-4.1.30.Final.jar:/home/user/.m2/repository/io/netty/netty-handler-proxy/4.1.30.Final/netty-handler-proxy-4.1.30.Final.jar:/home/user/.m2/repository/io/netty/netty-codec-socks/4.1.30.Final/netty-codec-socks-4.1.30.Final.jar:/home/user/.m2/repository/io/netty/netty-transport-native-epoll/4.1.30.Final/netty-transport-native-epoll-4.1.30.Final.jar:/home/user/.m2/repository/io/netty/netty-common/4.1.30.Final/netty-common-4.1.30.Final.jar:/home/user/.m2/repository/io/netty/netty-buffer/4.1.30.Final/netty-buffer-4.1.30.Final.jar:/home/user/.m2/repository/io/netty/netty-transport/4.1.30.Final/netty-transport-4.1.30.Final.jar:/home/user/.m2/repository/io/netty/netty-resolver/4.1.30.Final/netty-resolver-4.1.30.Final.jar:/home/user/.m2/repository/io/netty/netty-transport-native-unix-common/4.1.30.Final/netty-transport-native-unix-common-4.1.30.Final.jar:/home/user/.m2/repository/io/grpc/grpc-protobuf/1.17.1/grpc-protobuf-1.17.1.jar:/home/user/.m2/repository/com/google/api/grpc/proto-google-common-protos/1.0.0/proto-google-common-protos-1.0.0.jar:/home/user/.m2/repository/io/grpc/grpc-protobuf-lite/1.17.1/grpc-protobuf-lite-1.17.1.jar:/home/user/.m2/repository/io/grpc/grpc-stub/1.17.1/grpc-stub-1.17.1.jar:/home/user/.m2/repository/org/apache/hadoop/hadoop-ozone-recon/0.5.0-SNAPSHOT/hadoop-ozone-recon-0.5.0-SNAPSHOT.jar:/home/user/.m2/repository/org/apache/hadoop/hadoop-ozone-reconcodegen/0.5.0-SNAPSHOT/hadoop-ozone-reconcodegen-0.5.0-SNAPSHOT.jar:/home/user/.m2/repository/com/google/inject/extensions/guice-multibindings/4.0/guice-multibindings-4.0.jar:/home/user/.m2/repository/com/google/inject/guice/4.0/guice-4.0.jar:/home/user/.m2/repository/aopalliance/aopalliance/1.0/aopalliance-1.0.jar:/home/user/.m2/repository/com/google/inject/extensions/guice-servlet/4.0/guice-servlet-4.0.jar:/home/user/.m2/repository/org/glassfish/jersey/containers/jersey-container-servlet/2.27/jersey-container-servlet-2.27.jar:/home/user/.m2/repository/org/glassfish/hk2/guice-bridge/2.5.0/guice-bridge-2.5.0.jar:/home/user/.m2/repository/org/glassfish/jersey/core/jersey-server/2.27/jersey-server-2.27.jar:/home/user/.m2/repository/org/glassfish/jersey/core/jersey-client/2.27/jersey-client-2.27.jar:/home/user/.m2/repository/org/glassfish/jersey/media/jersey-media-jaxb/2.27/jersey-media-jaxb-2.27.jar:/home/user/.m2/repository/javax/validation/validation-api/1.1.0.Final/validation-api-1.1.0.Final.jar:/home/user/.m2/repository/org/glassfish/jersey/media/jersey-media-json-jackson/2.27/jersey-media-json-jackson-2.27.jar:/home/user/.m2/repository/org/glassfish/jersey/ext/jersey-entity-filtering/2.27/jersey-entity-filtering-2.27.jar:/home/user/.m2/repository/com/google/inject/extensions/guice-assistedinject/4.0/guice-assistedinject-4.0.jar:/home/user/.m2/repository/org/jooq/jooq/3.11.10/jooq-3.11.10.jar:/home/user/.m2/repository/org/jooq/jooq-meta/3.11.10/jooq-meta-3.11.10.jar:/home/user/.m2/repository/org/jooq/jooq-codegen/3.11.10/jooq-codegen-3.11.10.jar:/home/user/.m2/repository/com/jolbox/bonecp/0.8.0.RELEASE/bonecp-0.8.0.RELEASE.jar:/home/user/.m2/repository/org/xerial/sqlite-jdbc/3.25.2/sqlite-jdbc-3.25.2.jar:/home/user/.m2/repository/org/springframework/spring-jdbc/5.1.3.RELEASE/spring-jdbc-5.1.3.RELEASE.jar:/home/user/.m2/repository/org/springframework/spring-beans/5.1.3.RELEASE/spring-beans-5.1.3.RELEASE.jar:/home/user/.m2/repository/org/springframework/spring-core/5.1.3.RELEASE/spring-core-5.1.3.RELEASE.jar:/home/user/.m2/repository/org/springframework/spring-jcl/5.1.3.RELEASE/spring-jcl-5.1.3.RELEASE.jar:/home/user/.m2/repository/org/springframework/spring-tx/5.1.3.RELEASE/spring-tx-5.1.3.RELEASE.jar:/home/user/.m2/repository/org/apache/hadoop/hadoop-ozone-client/0.5.0-SNAPSHOT/hadoop-ozone-client-0.5.0-SNAPSHOT.jar:/home/user/.m2/repository/commons-lang/commons-lang/2.6/commons-lang-2.6.jar:/home/user/.m2/repository/org/apache/hadoop/hadoop-ozone-ozone-manager/0.5.0-SNAPSHOT/hadoop-ozone-ozone-manager-0.5.0-SNAPSHOT-tests.jar:/home/user/.m2/repository/junit/junit/4.11/junit-4.11.jar:/home/user/.m2/repository/org/hamcrest/hamcrest-core/1.3/hamcrest-core-1.3.jar:/home/user/.m2/repository/org/openjdk/jmh/jmh-core/1.19/jmh-core-1.19.jar:/home/user/.m2/repository/net/sf/jopt-simple/jopt-simple/4.6/jopt-simple-4.6.jar:/home/user/.m2/repository/org/apache/commons/commons-math3/3.1.1/commons-math3-3.1.1.jar:/home/user/.m2/repository/org/openjdk/jmh/jmh-generator-annprocess/1.19/jmh-generator-annprocess-1.19.jar:/home/user/.m2/repository/org/mockito/mockito-all/1.8.5/mockito-all-1.8.5.jar:/home/user/.m2/repository/org/apache/hadoop/hadoop-kms/3.2.0/hadoop-kms-3.2.0.jar:/home/user/.m2/repository/org/apache/hadoop/hadoop-auth/3.2.0/hadoop-auth-3.2.0.jar:/home/user/.m2/repository/com/nimbusds/nimbus-jose-jwt/4.41.1/nimbus-jose-jwt-4.41.1.jar:/home/user/.m2/repository/com/github/stephenc/jcip/jcip-annotations/1.0-1/jcip-annotations-1.0-1.jar:/home/user/.m2/repository/net/minidev/json-smart/2.3/json-smart-2.3.jar:/home/user/.m2/repository/net/minidev/accessors-smart/1.2/accessors-smart-1.2.jar:/home/user/.m2/repository/org/ow2/asm/asm/5.0.4/asm-5.0.4.jar:/home/user/.m2/repository/org/apache/curator/curator-framework/2.12.0/curator-framework-2.12.0.jar:/home/user/.m2/repository/com/sun/jersey/jersey-core/1.19/jersey-core-1.19.jar:/home/user/.m2/repository/javax/ws/rs/jsr311-api/1.1.1/jsr311-api-1.1.1.jar:/home/user/.m2/repository/com/sun/jersey/jersey-server/1.19/jersey-server-1.19.jar:/home/user/.m2/repository/javax/servlet/javax.servlet-api/3.1.0/javax.servlet-api-3.1.0.jar:/home/user/.m2/repository/org/eclipse/jetty/jetty-server/9.3.25.v20180904/jetty-server-9.3.25.v20180904.jar:/home/user/.m2/repository/org/eclipse/jetty/jetty-http/9.3.25.v20180904/jetty-http-9.3.25.v20180904.jar:/home/user/.m2/repository/org/eclipse/jetty/jetty-io/9.3.25.v20180904/jetty-io-9.3.25.v20180904.jar:/home/user/.m2/repository/org/eclipse/jetty/jetty-webapp/9.3.25.v20180904/jetty-webapp-9.3.25.v20180904.jar:/home/user/.m2/repository/org/eclipse/jetty/jetty-xml/9.3.25.v20180904/jetty-xml-9.3.25.v20180904.jar:/home/user/.m2/repository/log4j/log4j/1.2.17/log4j-1.2.17.jar:/home/user/.m2/repository/org/slf4j/slf4j-api/1.7.25/slf4j-api-1.7.25.jar:/home/user/.m2/repository/org/slf4j/jul-to-slf4j/1.7.25/jul-to-slf4j-1.7.25.jar:/home/user/.m2/repository/org/eclipse/jetty/jetty-util/9.3.25.v20180904/jetty-util-9.3.25.v20180904.jar:/home/user/.m2/repository/com/fasterxml/jackson/core/jackson-databind/2.9.9/jackson-databind-2.9.9.jar:/home/user/.m2/repository/org/apache/hadoop/hadoop-kms/3.2.0/hadoop-kms-3.2.0-tests.jar:/home/user/.m2/repository/org/apache/hadoop/hadoop-hdds-server-scm/0.5.0-SNAPSHOT/hadoop-hdds-server-scm-0.5.0-SNAPSHOT-tests.jar:/home/user/.m2/repository/org/apache/hadoop/hadoop-hdds-container-service/0.5.0-SNAPSHOT/hadoop-hdds-container-service-0.5.0-SNAPSHOT-tests.jar:/home/user/.m2/repository/org/yaml/snakeyaml/1.16/snakeyaml-1.16.jar:/home/user/.m2/repository/org/apache/hadoop/hadoop-common/3.2.0/hadoop-common-3.2.0-tests.jar:/home/user/.m2/repository/org/apache/hadoop/hadoop-annotations/3.2.0/hadoop-annotations-3.2.0.jar:/usr/lib/jvm/java-1.8.0-openjdk-1.8.0.222.b10-1.el7_7.x86_64/jre/../lib/tools.jar:/home/user/.m2/repository/commons-cli/commons-cli/1.2/commons-cli-1.2.jar:/home/user/.m2/repository/org/apache/httpcomponents/httpclient/4.5.2/httpclient-4.5.2.jar:/home/user/.m2/repository/org/apache/httpcomponents/httpcore/4.4.4/httpcore-4.4.4.jar:/home/user/.m2/repository/commons-codec/commons-codec/1.11/commons-codec-1.11.jar:/home/user/.m2/repository/commons-net/commons-net/3.6/commons-net-3.6.jar:/home/user/.m2/repository/commons-collections/commons-collections/3.2.2/commons-collections-3.2.2.jar:/home/user/.m2/repository/org/eclipse/jetty/jetty-servlet/9.3.25.v20180904/jetty-servlet-9.3.25.v20180904.jar:/home/user/.m2/repository/org/eclipse/jetty/jetty-security/9.3.25.v20180904/jetty-security-9.3.25.v20180904.jar:/home/user/.m2/repository/javax/servlet/jsp/jsp-api/2.1/jsp-api-2.1.jar:/home/user/.m2/repository/com/sun/jersey/jersey-servlet/1.19/jersey-servlet-1.19.jar:/home/user/.m2/repository/com/sun/jersey/jersey-json/1.19/jersey-json-1.19.jar:/home/user/.m2/repository/org/codehaus/jettison/jettison/1.1/jettison-1.1.jar:/home/user/.m2/repository/org/codehaus/jackson/jackson-core-asl/1.9.13/jackson-core-asl-1.9.13.jar:/home/user/.m2/repository/org/codehaus/jackson/jackson-mapper-asl/1.9.13/jackson-mapper-asl-1.9.13.jar:/home/user/.m2/repository/org/codehaus/jackson/jackson-jaxrs/1.9.13/jackson-jaxrs-1.9.13.jar:/home/user/.m2/repository/org/codehaus/jackson/jackson-xc/1.9.13/jackson-xc-1.9.13.jar:/home/user/.m2/repository/commons-logging/commons-logging/1.1.3/commons-logging-1.1.3.jar:/home/user/.m2/repository/commons-beanutils/commons-beanutils/1.9.4/commons-beanutils-1.9.4.jar:/home/user/.m2/repository/org/apache/commons/commons-configuration2/2.1.1/commons-configuration2-2.1.1.jar:/home/user/.m2/repository/org/apache/commons/commons-lang3/3.7/commons-lang3-3.7.jar:/home/user/.m2/repository/org/apache/commons/commons-text/1.4/commons-text-1.4.jar:/home/user/.m2/repository/org/apache/avro/avro/1.7.7/avro-1.7.7.jar:/home/user/.m2/repository/com/thoughtworks/paranamer/paranamer/2.3/paranamer-2.3.jar:/home/user/.m2/repository/org/xerial/snappy/snappy-java/1.0.5/snappy-java-1.0.5.jar:/home/user/.m2/repository/com/google/re2j/re2j/1.1/re2j-1.1.jar:/home/user/.m2/repository/com/google/code/gson/gson/2.2.4/gson-2.2.4.jar:/home/user/.m2/repository/com/jcraft/jsch/0.1.54/jsch-0.1.54.jar:/home/user/.m2/repository/org/apache/curator/curator-client/2.12.0/curator-client-2.12.0.jar:/home/user/.m2/repository/org/apache/curator/curator-recipes/2.12.0/curator-recipes-2.12.0.jar:/home/user/.m2/repository/com/google/code/findbugs/jsr305/3.0.0/jsr305-3.0.0.jar:/home/user/.m2/repository/org/apache/htrace/htrace-core4/4.1.0-incubating/htrace-core4-4.1.0-incubating.jar:/home/user/.m2/repository/org/apache/zookeeper/zookeeper/3.4.13/zookeeper-3.4.13.jar:/home/user/.m2/repository/jline/jline/0.9.94/jline-0.9.94.jar:/home/user/.m2/repository/org/apache/yetus/audience-annotations/0.5.0/audience-annotations-0.5.0.jar:/home/user/.m2/repository/org/codehaus/woodstox/stax2-api/3.1.4/stax2-api-3.1.4.jar:/home/user/.m2/repository/com/fasterxml/woodstox/woodstox-core/5.0.3/woodstox-core-5.0.3.jar:/home/user/.m2/repository/dnsjava/dnsjava/2.1.7/dnsjava-2.1.7.jar:/home/user/.m2/repository/org/apache/hadoop/hadoop-hdfs/3.2.0/hadoop-hdfs-3.2.0-tests.jar:/home/user/.m2/repository/org/eclipse/jetty/jetty-util-ajax/9.3.25.v20180904/jetty-util-ajax-9.3.25.v20180904.jar:/home/user/.m2/repository/commons-daemon/commons-daemon/1.0.13/commons-daemon-1.0.13.jar:/home/user/.m2/repository/io/netty/netty/3.10.5.Final/netty-3.10.5.Final.jar:/home/user/.m2/repository/io/netty/netty-all/4.0.52.Final/netty-all-4.0.52.Final.jar:/home/user/.m2/repository/org/fusesource/leveldbjni/leveldbjni-all/1.8/leveldbjni-all-1.8.jar:"/>
    <property name="java.vm.vendor" value="Oracle Corporation"/>
    <property name="sun.arch.data.model" value="64"/>
    <property name="test.build.dir" value="/workdir/hadoop-ozone/integration-test/target/test-dir"/>
    <property name="test.cache.data" value=""/>
    <property name="java.vendor.url" value="http://java.oracle.com/"/>
    <property name="user.timezone" value=""/>
    <property name="java.vm.specification.version" value="1.8"/>
    <property name="os.name" value="Linux"/>
    <property name="test.build.data" value="/workdir/hadoop-ozone/integration-test/target/test-dir"/>
    <property name="user.country" value="US"/>
    <property name="sun.java.launcher" value="SUN_STANDARD"/>
    <property name="sun.boot.library.path" value="/usr/lib/jvm/java-1.8.0-openjdk-1.8.0.222.b10-1.el7_7.x86_64/jre/lib/amd64"/>
    <property name="sun.java.command" value="/workdir/hadoop-ozone/integration-test/target/surefire/surefirebooter3448959199129674069.jar /workdir/hadoop-ozone/integration-test/target/surefire 2019-10-21T23-37-56_373-jvmRun1 surefire9208375125643655069tmp surefire_307317977261754069895tmp"/>
    <property name="surefire.test.class.path" value="/workdir/hadoop-ozone/integration-test/target/test-classes:/workdir/hadoop-ozone/integration-test/target/classes:/home/user/.m2/repository/org/apache/hadoop/hadoop-ozone-common/0.5.0-SNAPSHOT/hadoop-ozone-common-0.5.0-SNAPSHOT.jar:/home/user/.m2/repository/org/apache/commons/commons-compress/1.4.1/commons-compress-1.4.1.jar:/home/user/.m2/repository/org/tukaani/xz/1.0/xz-1.0.jar:/home/user/.m2/repository/org/apache/hadoop/hadoop-common/3.2.0/hadoop-common-3.2.0.jar:/home/user/.m2/repository/org/apache/hadoop/hadoop-hdfs/3.2.0/hadoop-hdfs-3.2.0.jar:/home/user/.m2/repository/org/apache/hadoop/hadoop-hdfs-client/3.2.0/hadoop-hdfs-client-3.2.0.jar:/home/user/.m2/repository/com/fasterxml/jackson/core/jackson-annotations/2.9.9/jackson-annotations-2.9.9.jar:/home/user/.m2/repository/org/apache/hadoop/hadoop-hdds-common/0.5.0-SNAPSHOT/hadoop-hdds-common-0.5.0-SNAPSHOT.jar:/home/user/.m2/repository/javax/annotation/javax.annotation-api/1.2/javax.annotation-api-1.2.jar:/home/user/.m2/repository/org/apache/ratis/ratis-server/0.5.0-3f446aa-SNAPSHOT/ratis-server-0.5.0-3f446aa-SNAPSHOT.jar:/home/user/.m2/repository/org/apache/ratis/ratis-thirdparty-misc/0.2.0/ratis-thirdparty-misc-0.2.0.jar:/home/user/.m2/repository/org/apache/ratis/ratis-proto/0.5.0-3f446aa-SNAPSHOT/ratis-proto-0.5.0-3f446aa-SNAPSHOT.jar:/home/user/.m2/repository/org/apache/ratis/ratis-common/0.5.0-3f446aa-SNAPSHOT/ratis-common-0.5.0-3f446aa-SNAPSHOT.jar:/home/user/.m2/repository/org/apache/ratis/ratis-client/0.5.0-3f446aa-SNAPSHOT/ratis-client-0.5.0-3f446aa-SNAPSHOT.jar:/home/user/.m2/repository/org/apache/ratis/ratis-metrics/0.5.0-3f446aa-SNAPSHOT/ratis-metrics-0.5.0-3f446aa-SNAPSHOT.jar:/home/user/.m2/repository/com/github/joshelser/dropwizard-metrics-hadoop-metrics2-reporter/0.1.2/dropwizard-metrics-hadoop-metrics2-reporter-0.1.2.jar:/home/user/.m2/repository/io/dropwizard/metrics/metrics-jvm/3.2.5/metrics-jvm-3.2.5.jar:/home/user/.m2/repository/io/dropwizard/metrics/metrics-ganglia/3.2.5/metrics-ganglia-3.2.5.jar:/home/user/.m2/repository/info/ganglia/gmetric4j/gmetric4j/1.0.7/gmetric4j-1.0.7.jar:/home/user/.m2/repository/org/apache/ratis/ratis-netty/0.5.0-3f446aa-SNAPSHOT/ratis-netty-0.5.0-3f446aa-SNAPSHOT.jar:/home/user/.m2/repository/org/apache/ratis/ratis-grpc/0.5.0-3f446aa-SNAPSHOT/ratis-grpc-0.5.0-3f446aa-SNAPSHOT.jar:/home/user/.m2/repository/org/rocksdb/rocksdbjni/6.0.1/rocksdbjni-6.0.1.jar:/home/user/.m2/repository/org/apache/logging/log4j/log4j-api/2.11.0/log4j-api-2.11.0.jar:/home/user/.m2/repository/org/apache/logging/log4j/log4j-core/2.11.0/log4j-core-2.11.0.jar:/home/user/.m2/repository/com/lmax/disruptor/3.4.2/disruptor-3.4.2.jar:/home/user/.m2/repository/org/apache/commons/commons-pool2/2.6.0/commons-pool2-2.6.0.jar:/home/user/.m2/repository/org/bouncycastle/bcpkix-jdk15on/1.60/bcpkix-jdk15on-1.60.jar:/home/user/.m2/repository/commons-validator/commons-validator/1.6/commons-validator-1.6.jar:/home/user/.m2/repository/commons-digester/commons-digester/1.8.1/commons-digester-1.8.1.jar:/home/user/.m2/repository/io/jaegertracing/jaeger-client/0.34.0/jaeger-client-0.34.0.jar:/home/user/.m2/repository/io/jaegertracing/jaeger-thrift/0.34.0/jaeger-thrift-0.34.0.jar:/home/user/.m2/repository/org/apache/thrift/libthrift/0.12.0/libthrift-0.12.0.jar:/home/user/.m2/repository/com/squareup/okhttp3/okhttp/3.9.0/okhttp-3.9.0.jar:/home/user/.m2/repository/com/squareup/okio/okio/1.13.0/okio-1.13.0.jar:/home/user/.m2/repository/io/jaegertracing/jaeger-core/0.34.0/jaeger-core-0.34.0.jar:/home/user/.m2/repository/io/jaegertracing/jaeger-tracerresolver/0.34.0/jaeger-tracerresolver-0.34.0.jar:/home/user/.m2/repository/io/opentracing/contrib/opentracing-tracerresolver/0.1.5/opentracing-tracerresolver-0.1.5.jar:/home/user/.m2/repository/io/opentracing/opentracing-util/0.31.0/opentracing-util-0.31.0.jar:/home/user/.m2/repository/io/opentracing/opentracing-api/0.31.0/opentracing-api-0.31.0.jar:/home/user/.m2/repository/io/opentracing/opentracing-noop/0.31.0/opentracing-noop-0.31.0.jar:/home/user/.m2/repository/org/apache/hadoop/hadoop-hdds-server-framework/0.5.0-SNAPSHOT/hadoop-hdds-server-framework-0.5.0-SNAPSHOT.jar:/home/user/.m2/repository/org/apache/hadoop/hadoop-hdds-container-service/0.5.0-SNAPSHOT/hadoop-hdds-container-service-0.5.0-SNAPSHOT.jar:/home/user/.m2/repository/org/apache/hadoop/hadoop-hdds-client/0.5.0-SNAPSHOT/hadoop-hdds-client-0.5.0-SNAPSHOT.jar:/home/user/.m2/repository/org/apache/hadoop/hadoop-hdds-tools/0.5.0-SNAPSHOT/hadoop-hdds-tools-0.5.0-SNAPSHOT.jar:/home/user/.m2/repository/org/apache/hadoop/hadoop-hdds-server-scm/0.5.0-SNAPSHOT/hadoop-hdds-server-scm-0.5.0-SNAPSHOT.jar:/home/user/.m2/repository/org/apache/hadoop/hadoop-hdds-docs/0.5.0-SNAPSHOT/hadoop-hdds-docs-0.5.0-SNAPSHOT.jar:/home/user/.m2/repository/io/dropwizard/metrics/metrics-core/3.2.4/metrics-core-3.2.4.jar:/home/user/.m2/repository/org/hamcrest/hamcrest-all/1.3/hamcrest-all-1.3.jar:/home/user/.m2/repository/org/bouncycastle/bcprov-jdk15on/1.60/bcprov-jdk15on-1.60.jar:/home/user/.m2/repository/info/picocli/picocli/3.9.6/picocli-3.9.6.jar:/home/user/.m2/repository/com/google/protobuf/protobuf-java/2.5.0/protobuf-java-2.5.0.jar:/home/user/.m2/repository/com/google/guava/guava/11.0.2/guava-11.0.2.jar:/home/user/.m2/repository/org/apache/hadoop/hadoop-ozone-ozone-manager/0.5.0-SNAPSHOT/hadoop-ozone-ozone-manager-0.5.0-SNAPSHOT.jar:/home/user/.m2/repository/org/apache/hadoop/hadoop-minikdc/3.2.0/hadoop-minikdc-3.2.0.jar:/home/user/.m2/repository/commons-io/commons-io/2.5/commons-io-2.5.jar:/home/user/.m2/repository/org/apache/kerby/kerb-simplekdc/1.0.1/kerb-simplekdc-1.0.1.jar:/home/user/.m2/repository/org/apache/kerby/kerb-client/1.0.1/kerb-client-1.0.1.jar:/home/user/.m2/repository/org/apache/kerby/kerby-config/1.0.1/kerby-config-1.0.1.jar:/home/user/.m2/repository/org/apache/kerby/kerb-core/1.0.1/kerb-core-1.0.1.jar:/home/user/.m2/repository/org/apache/kerby/kerby-pkix/1.0.1/kerby-pkix-1.0.1.jar:/home/user/.m2/repository/org/apache/kerby/kerby-asn1/1.0.1/kerby-asn1-1.0.1.jar:/home/user/.m2/repository/org/apache/kerby/kerby-util/1.0.1/kerby-util-1.0.1.jar:/home/user/.m2/repository/org/apache/kerby/kerb-common/1.0.1/kerb-common-1.0.1.jar:/home/user/.m2/repository/org/apache/kerby/kerb-crypto/1.0.1/kerb-crypto-1.0.1.jar:/home/user/.m2/repository/org/apache/kerby/kerb-util/1.0.1/kerb-util-1.0.1.jar:/home/user/.m2/repository/org/apache/kerby/token-provider/1.0.1/token-provider-1.0.1.jar:/home/user/.m2/repository/org/apache/kerby/kerb-admin/1.0.1/kerb-admin-1.0.1.jar:/home/user/.m2/repository/org/apache/kerby/kerb-server/1.0.1/kerb-server-1.0.1.jar:/home/user/.m2/repository/org/apache/kerby/kerb-identity/1.0.1/kerb-identity-1.0.1.jar:/home/user/.m2/repository/org/apache/kerby/kerby-xdr/1.0.1/kerby-xdr-1.0.1.jar:/home/user/.m2/repository/org/slf4j/slf4j-log4j12/1.7.25/slf4j-log4j12-1.7.25.jar:/home/user/.m2/repository/org/apache/hadoop/hadoop-ozone-s3gateway/0.5.0-SNAPSHOT/hadoop-ozone-s3gateway-0.5.0-SNAPSHOT.jar:/home/user/.m2/repository/org/jboss/weld/servlet/weld-servlet/2.4.7.Final/weld-servlet-2.4.7.Final.jar:/home/user/.m2/repository/org/glassfish/jersey/containers/jersey-container-servlet-core/2.27/jersey-container-servlet-core-2.27.jar:/home/user/.m2/repository/org/glassfish/hk2/external/javax.inject/2.5.0-b42/javax.inject-2.5.0-b42.jar:/home/user/.m2/repository/org/glassfish/jersey/core/jersey-common/2.27/jersey-common-2.27.jar:/home/user/.m2/repository/org/glassfish/hk2/osgi-resource-locator/1.0.1/osgi-resource-locator-1.0.1.jar:/home/user/.m2/repository/javax/ws/rs/javax.ws.rs-api/2.1/javax.ws.rs-api-2.1.jar:/home/user/.m2/repository/org/glassfish/jersey/ext/cdi/jersey-cdi1x/2.27/jersey-cdi1x-2.27.jar:/home/user/.m2/repository/org/glassfish/jersey/inject/jersey-hk2/2.27/jersey-hk2-2.27.jar:/home/user/.m2/repository/org/glassfish/hk2/hk2-locator/2.5.0-b42/hk2-locator-2.5.0-b42.jar:/home/user/.m2/repository/org/javassist/javassist/3.22.0-CR2/javassist-3.22.0-CR2.jar:/home/user/.m2/repository/org/glassfish/hk2/hk2-api/2.5.0/hk2-api-2.5.0.jar:/home/user/.m2/repository/org/glassfish/hk2/external/jakarta.inject/2.5.0/jakarta.inject-2.5.0.jar:/home/user/.m2/repository/org/glassfish/hk2/hk2-utils/2.5.0/hk2-utils-2.5.0.jar:/home/user/.m2/repository/jakarta/annotation/jakarta.annotation-api/1.3.4/jakarta.annotation-api-1.3.4.jar:/home/user/.m2/repository/org/glassfish/hk2/external/aopalliance-repackaged/2.5.0/aopalliance-repackaged-2.5.0.jar:/home/user/.m2/repository/com/fasterxml/jackson/dataformat/jackson-dataformat-xml/2.9.0/jackson-dataformat-xml-2.9.0.jar:/home/user/.m2/repository/com/fasterxml/jackson/core/jackson-core/2.9.9/jackson-core-2.9.9.jar:/home/user/.m2/repository/com/fasterxml/jackson/module/jackson-module-jaxb-annotations/2.9.9/jackson-module-jaxb-annotations-2.9.9.jar:/home/user/.m2/repository/javax/enterprise/cdi-api/1.2/cdi-api-1.2.jar:/home/user/.m2/repository/javax/el/javax.el-api/3.0.0/javax.el-api-3.0.0.jar:/home/user/.m2/repository/javax/interceptor/javax.interceptor-api/1.2/javax.interceptor-api-1.2.jar:/home/user/.m2/repository/javax/inject/javax.inject/1/javax.inject-1.jar:/home/user/.m2/repository/com/sun/xml/bind/jaxb-impl/2.3.0.1/jaxb-impl-2.3.0.1.jar:/home/user/.m2/repository/com/sun/xml/bind/jaxb-core/2.3.0.1/jaxb-core-2.3.0.1.jar:/home/user/.m2/repository/javax/xml/bind/jaxb-api/2.3.0/jaxb-api-2.3.0.jar:/home/user/.m2/repository/javax/activation/activation/1.1.1/activation-1.1.1.jar:/home/user/.m2/repository/org/apache/hadoop/hadoop-ozone-csi/0.5.0-SNAPSHOT/hadoop-ozone-csi-0.5.0-SNAPSHOT.jar:/home/user/.m2/repository/com/google/protobuf/protobuf-java-util/3.5.1/protobuf-java-util-3.5.1.jar:/home/user/.m2/repository/org/apache/hadoop/hadoop-hdds-config/0.5.0-SNAPSHOT/hadoop-hdds-config-0.5.0-SNAPSHOT.jar:/home/user/.m2/repository/io/grpc/grpc-netty/1.17.1/grpc-netty-1.17.1.jar:/home/user/.m2/repository/io/grpc/grpc-core/1.17.1/grpc-core-1.17.1.jar:/home/user/.m2/repository/io/grpc/grpc-context/1.17.1/grpc-context-1.17.1.jar:/home/user/.m2/repository/com/google/errorprone/error_prone_annotations/2.2.0/error_prone_annotations-2.2.0.jar:/home/user/.m2/repository/org/codehaus/mojo/animal-sniffer-annotations/1.17/animal-sniffer-annotations-1.17.jar:/home/user/.m2/repository/io/opencensus/opencensus-api/0.17.0/opencensus-api-0.17.0.jar:/home/user/.m2/repository/io/opencensus/opencensus-contrib-grpc-metrics/0.17.0/opencensus-contrib-grpc-metrics-0.17.0.jar:/home/user/.m2/repository/io/netty/netty-codec-http2/4.1.30.Final/netty-codec-http2-4.1.30.Final.jar:/home/user/.m2/repository/io/netty/netty-codec-http/4.1.30.Final/netty-codec-http-4.1.30.Final.jar:/home/user/.m2/repository/io/netty/netty-codec/4.1.30.Final/netty-codec-4.1.30.Final.jar:/home/user/.m2/repository/io/netty/netty-handler/4.1.30.Final/netty-handler-4.1.30.Final.jar:/home/user/.m2/repository/io/netty/netty-handler-proxy/4.1.30.Final/netty-handler-proxy-4.1.30.Final.jar:/home/user/.m2/repository/io/netty/netty-codec-socks/4.1.30.Final/netty-codec-socks-4.1.30.Final.jar:/home/user/.m2/repository/io/netty/netty-transport-native-epoll/4.1.30.Final/netty-transport-native-epoll-4.1.30.Final.jar:/home/user/.m2/repository/io/netty/netty-common/4.1.30.Final/netty-common-4.1.30.Final.jar:/home/user/.m2/repository/io/netty/netty-buffer/4.1.30.Final/netty-buffer-4.1.30.Final.jar:/home/user/.m2/repository/io/netty/netty-transport/4.1.30.Final/netty-transport-4.1.30.Final.jar:/home/user/.m2/repository/io/netty/netty-resolver/4.1.30.Final/netty-resolver-4.1.30.Final.jar:/home/user/.m2/repository/io/netty/netty-transport-native-unix-common/4.1.30.Final/netty-transport-native-unix-common-4.1.30.Final.jar:/home/user/.m2/repository/io/grpc/grpc-protobuf/1.17.1/grpc-protobuf-1.17.1.jar:/home/user/.m2/repository/com/google/api/grpc/proto-google-common-protos/1.0.0/proto-google-common-protos-1.0.0.jar:/home/user/.m2/repository/io/grpc/grpc-protobuf-lite/1.17.1/grpc-protobuf-lite-1.17.1.jar:/home/user/.m2/repository/io/grpc/grpc-stub/1.17.1/grpc-stub-1.17.1.jar:/home/user/.m2/repository/org/apache/hadoop/hadoop-ozone-recon/0.5.0-SNAPSHOT/hadoop-ozone-recon-0.5.0-SNAPSHOT.jar:/home/user/.m2/repository/org/apache/hadoop/hadoop-ozone-reconcodegen/0.5.0-SNAPSHOT/hadoop-ozone-reconcodegen-0.5.0-SNAPSHOT.jar:/home/user/.m2/repository/com/google/inject/extensions/guice-multibindings/4.0/guice-multibindings-4.0.jar:/home/user/.m2/repository/com/google/inject/guice/4.0/guice-4.0.jar:/home/user/.m2/repository/aopalliance/aopalliance/1.0/aopalliance-1.0.jar:/home/user/.m2/repository/com/google/inject/extensions/guice-servlet/4.0/guice-servlet-4.0.jar:/home/user/.m2/repository/org/glassfish/jersey/containers/jersey-container-servlet/2.27/jersey-container-servlet-2.27.jar:/home/user/.m2/repository/org/glassfish/hk2/guice-bridge/2.5.0/guice-bridge-2.5.0.jar:/home/user/.m2/repository/org/glassfish/jersey/core/jersey-server/2.27/jersey-server-2.27.jar:/home/user/.m2/repository/org/glassfish/jersey/core/jersey-client/2.27/jersey-client-2.27.jar:/home/user/.m2/repository/org/glassfish/jersey/media/jersey-media-jaxb/2.27/jersey-media-jaxb-2.27.jar:/home/user/.m2/repository/javax/validation/validation-api/1.1.0.Final/validation-api-1.1.0.Final.jar:/home/user/.m2/repository/org/glassfish/jersey/media/jersey-media-json-jackson/2.27/jersey-media-json-jackson-2.27.jar:/home/user/.m2/repository/org/glassfish/jersey/ext/jersey-entity-filtering/2.27/jersey-entity-filtering-2.27.jar:/home/user/.m2/repository/com/google/inject/extensions/guice-assistedinject/4.0/guice-assistedinject-4.0.jar:/home/user/.m2/repository/org/jooq/jooq/3.11.10/jooq-3.11.10.jar:/home/user/.m2/repository/org/jooq/jooq-meta/3.11.10/jooq-meta-3.11.10.jar:/home/user/.m2/repository/org/jooq/jooq-codegen/3.11.10/jooq-codegen-3.11.10.jar:/home/user/.m2/repository/com/jolbox/bonecp/0.8.0.RELEASE/bonecp-0.8.0.RELEASE.jar:/home/user/.m2/repository/org/xerial/sqlite-jdbc/3.25.2/sqlite-jdbc-3.25.2.jar:/home/user/.m2/repository/org/springframework/spring-jdbc/5.1.3.RELEASE/spring-jdbc-5.1.3.RELEASE.jar:/home/user/.m2/repository/org/springframework/spring-beans/5.1.3.RELEASE/spring-beans-5.1.3.RELEASE.jar:/home/user/.m2/repository/org/springframework/spring-core/5.1.3.RELEASE/spring-core-5.1.3.RELEASE.jar:/home/user/.m2/repository/org/springframework/spring-jcl/5.1.3.RELEASE/spring-jcl-5.1.3.RELEASE.jar:/home/user/.m2/repository/org/springframework/spring-tx/5.1.3.RELEASE/spring-tx-5.1.3.RELEASE.jar:/home/user/.m2/repository/org/apache/hadoop/hadoop-ozone-client/0.5.0-SNAPSHOT/hadoop-ozone-client-0.5.0-SNAPSHOT.jar:/home/user/.m2/repository/commons-lang/commons-lang/2.6/commons-lang-2.6.jar:/home/user/.m2/repository/org/apache/hadoop/hadoop-ozone-ozone-manager/0.5.0-SNAPSHOT/hadoop-ozone-ozone-manager-0.5.0-SNAPSHOT-tests.jar:/home/user/.m2/repository/junit/junit/4.11/junit-4.11.jar:/home/user/.m2/repository/org/hamcrest/hamcrest-core/1.3/hamcrest-core-1.3.jar:/home/user/.m2/repository/org/openjdk/jmh/jmh-core/1.19/jmh-core-1.19.jar:/home/user/.m2/repository/net/sf/jopt-simple/jopt-simple/4.6/jopt-simple-4.6.jar:/home/user/.m2/repository/org/apache/commons/commons-math3/3.1.1/commons-math3-3.1.1.jar:/home/user/.m2/repository/org/openjdk/jmh/jmh-generator-annprocess/1.19/jmh-generator-annprocess-1.19.jar:/home/user/.m2/repository/org/mockito/mockito-all/1.8.5/mockito-all-1.8.5.jar:/home/user/.m2/repository/org/apache/hadoop/hadoop-kms/3.2.0/hadoop-kms-3.2.0.jar:/home/user/.m2/repository/org/apache/hadoop/hadoop-auth/3.2.0/hadoop-auth-3.2.0.jar:/home/user/.m2/repository/com/nimbusds/nimbus-jose-jwt/4.41.1/nimbus-jose-jwt-4.41.1.jar:/home/user/.m2/repository/com/github/stephenc/jcip/jcip-annotations/1.0-1/jcip-annotations-1.0-1.jar:/home/user/.m2/repository/net/minidev/json-smart/2.3/json-smart-2.3.jar:/home/user/.m2/repository/net/minidev/accessors-smart/1.2/accessors-smart-1.2.jar:/home/user/.m2/repository/org/ow2/asm/asm/5.0.4/asm-5.0.4.jar:/home/user/.m2/repository/org/apache/curator/curator-framework/2.12.0/curator-framework-2.12.0.jar:/home/user/.m2/repository/com/sun/jersey/jersey-core/1.19/jersey-core-1.19.jar:/home/user/.m2/repository/javax/ws/rs/jsr311-api/1.1.1/jsr311-api-1.1.1.jar:/home/user/.m2/repository/com/sun/jersey/jersey-server/1.19/jersey-server-1.19.jar:/home/user/.m2/repository/javax/servlet/javax.servlet-api/3.1.0/javax.servlet-api-3.1.0.jar:/home/user/.m2/repository/org/eclipse/jetty/jetty-server/9.3.25.v20180904/jetty-server-9.3.25.v20180904.jar:/home/user/.m2/repository/org/eclipse/jetty/jetty-http/9.3.25.v20180904/jetty-http-9.3.25.v20180904.jar:/home/user/.m2/repository/org/eclipse/jetty/jetty-io/9.3.25.v20180904/jetty-io-9.3.25.v20180904.jar:/home/user/.m2/repository/org/eclipse/jetty/jetty-webapp/9.3.25.v20180904/jetty-webapp-9.3.25.v20180904.jar:/home/user/.m2/repository/org/eclipse/jetty/jetty-xml/9.3.25.v20180904/jetty-xml-9.3.25.v20180904.jar:/home/user/.m2/repository/log4j/log4j/1.2.17/log4j-1.2.17.jar:/home/user/.m2/repository/org/slf4j/slf4j-api/1.7.25/slf4j-api-1.7.25.jar:/home/user/.m2/repository/org/slf4j/jul-to-slf4j/1.7.25/jul-to-slf4j-1.7.25.jar:/home/user/.m2/repository/org/eclipse/jetty/jetty-util/9.3.25.v20180904/jetty-util-9.3.25.v20180904.jar:/home/user/.m2/repository/com/fasterxml/jackson/core/jackson-databind/2.9.9/jackson-databind-2.9.9.jar:/home/user/.m2/repository/org/apache/hadoop/hadoop-kms/3.2.0/hadoop-kms-3.2.0-tests.jar:/home/user/.m2/repository/org/apache/hadoop/hadoop-hdds-server-scm/0.5.0-SNAPSHOT/hadoop-hdds-server-scm-0.5.0-SNAPSHOT-tests.jar:/home/user/.m2/repository/org/apache/hadoop/hadoop-hdds-container-service/0.5.0-SNAPSHOT/hadoop-hdds-container-service-0.5.0-SNAPSHOT-tests.jar:/home/user/.m2/repository/org/yaml/snakeyaml/1.16/snakeyaml-1.16.jar:/home/user/.m2/repository/org/apache/hadoop/hadoop-common/3.2.0/hadoop-common-3.2.0-tests.jar:/home/user/.m2/repository/org/apache/hadoop/hadoop-annotations/3.2.0/hadoop-annotations-3.2.0.jar:/usr/lib/jvm/java-1.8.0-openjdk-1.8.0.222.b10-1.el7_7.x86_64/jre/../lib/tools.jar:/home/user/.m2/repository/commons-cli/commons-cli/1.2/commons-cli-1.2.jar:/home/user/.m2/repository/org/apache/httpcomponents/httpclient/4.5.2/httpclient-4.5.2.jar:/home/user/.m2/repository/org/apache/httpcomponents/httpcore/4.4.4/httpcore-4.4.4.jar:/home/user/.m2/repository/commons-codec/commons-codec/1.11/commons-codec-1.11.jar:/home/user/.m2/repository/commons-net/commons-net/3.6/commons-net-3.6.jar:/home/user/.m2/repository/commons-collections/commons-collections/3.2.2/commons-collections-3.2.2.jar:/home/user/.m2/repository/org/eclipse/jetty/jetty-servlet/9.3.25.v20180904/jetty-servlet-9.3.25.v20180904.jar:/home/user/.m2/repository/org/eclipse/jetty/jetty-security/9.3.25.v20180904/jetty-security-9.3.25.v20180904.jar:/home/user/.m2/repository/javax/servlet/jsp/jsp-api/2.1/jsp-api-2.1.jar:/home/user/.m2/repository/com/sun/jersey/jersey-servlet/1.19/jersey-servlet-1.19.jar:/home/user/.m2/repository/com/sun/jersey/jersey-json/1.19/jersey-json-1.19.jar:/home/user/.m2/repository/org/codehaus/jettison/jettison/1.1/jettison-1.1.jar:/home/user/.m2/repository/org/codehaus/jackson/jackson-core-asl/1.9.13/jackson-core-asl-1.9.13.jar:/home/user/.m2/repository/org/codehaus/jackson/jackson-mapper-asl/1.9.13/jackson-mapper-asl-1.9.13.jar:/home/user/.m2/repository/org/codehaus/jackson/jackson-jaxrs/1.9.13/jackson-jaxrs-1.9.13.jar:/home/user/.m2/repository/org/codehaus/jackson/jackson-xc/1.9.13/jackson-xc-1.9.13.jar:/home/user/.m2/repository/commons-logging/commons-logging/1.1.3/commons-logging-1.1.3.jar:/home/user/.m2/repository/commons-beanutils/commons-beanutils/1.9.4/commons-beanutils-1.9.4.jar:/home/user/.m2/repository/org/apache/commons/commons-configuration2/2.1.1/commons-configuration2-2.1.1.jar:/home/user/.m2/repository/org/apache/commons/commons-lang3/3.7/commons-lang3-3.7.jar:/home/user/.m2/repository/org/apache/commons/commons-text/1.4/commons-text-1.4.jar:/home/user/.m2/repository/org/apache/avro/avro/1.7.7/avro-1.7.7.jar:/home/user/.m2/repository/com/thoughtworks/paranamer/paranamer/2.3/paranamer-2.3.jar:/home/user/.m2/repository/org/xerial/snappy/snappy-java/1.0.5/snappy-java-1.0.5.jar:/home/user/.m2/repository/com/google/re2j/re2j/1.1/re2j-1.1.jar:/home/user/.m2/repository/com/google/code/gson/gson/2.2.4/gson-2.2.4.jar:/home/user/.m2/repository/com/jcraft/jsch/0.1.54/jsch-0.1.54.jar:/home/user/.m2/repository/org/apache/curator/curator-client/2.12.0/curator-client-2.12.0.jar:/home/user/.m2/repository/org/apache/curator/curator-recipes/2.12.0/curator-recipes-2.12.0.jar:/home/user/.m2/repository/com/google/code/findbugs/jsr305/3.0.0/jsr305-3.0.0.jar:/home/user/.m2/repository/org/apache/htrace/htrace-core4/4.1.0-incubating/htrace-core4-4.1.0-incubating.jar:/home/user/.m2/repository/org/apache/zookeeper/zookeeper/3.4.13/zookeeper-3.4.13.jar:/home/user/.m2/repository/jline/jline/0.9.94/jline-0.9.94.jar:/home/user/.m2/repository/org/apache/yetus/audience-annotations/0.5.0/audience-annotations-0.5.0.jar:/home/user/.m2/repository/org/codehaus/woodstox/stax2-api/3.1.4/stax2-api-3.1.4.jar:/home/user/.m2/repository/com/fasterxml/woodstox/woodstox-core/5.0.3/woodstox-core-5.0.3.jar:/home/user/.m2/repository/dnsjava/dnsjava/2.1.7/dnsjava-2.1.7.jar:/home/user/.m2/repository/org/apache/hadoop/hadoop-hdfs/3.2.0/hadoop-hdfs-3.2.0-tests.jar:/home/user/.m2/repository/org/eclipse/jetty/jetty-util-ajax/9.3.25.v20180904/jetty-util-ajax-9.3.25.v20180904.jar:/home/user/.m2/repository/commons-daemon/commons-daemon/1.0.13/commons-daemon-1.0.13.jar:/home/user/.m2/repository/io/netty/netty/3.10.5.Final/netty-3.10.5.Final.jar:/home/user/.m2/repository/io/netty/netty-all/4.0.52.Final/netty-all-4.0.52.Final.jar:/home/user/.m2/repository/org/fusesource/leveldbjni/leveldbjni-all/1.8/leveldbjni-all-1.8.jar:"/>
    <property name="sun.cpu.endian" value="little"/>
    <property name="user.home" value="/home/user"/>
    <property name="user.language" value="en"/>
    <property name="java.specification.vendor" value="Oracle Corporation"/>
    <property name="java.home" value="/usr/lib/jvm/java-1.8.0-openjdk-1.8.0.222.b10-1.el7_7.x86_64/jre"/>
    <property name="surefire.excludesFile" value="/tools/ozone-bad-unit-tests"/>
    <property name="java.security.krb5.conf" value="/workdir/hadoop-ozone/integration-test/target/test-classes/krb5.conf"/>
    <property name="basedir" value="/workdir/hadoop-ozone/integration-test"/>
    <property name="file.separator" value="/"/>
    <property name="line.separator" value="&#10;"/>
    <property name="java.vm.specification.vendor" value="Oracle Corporation"/>
    <property name="java.specification.name" value="Java Platform API Specification"/>
    <property name="java.awt.graphicsenv" value="sun.awt.X11GraphicsEnvironment"/>
    <property name="surefire.real.class.path" value="/workdir/hadoop-ozone/integration-test/target/surefire/surefirebooter3448959199129674069.jar"/>
    <property name="hadoop.log.dir" value="/workdir/hadoop-ozone/integration-test/target/log"/>
    <property name="sun.boot.class.path" value="/usr/lib/jvm/java-1.8.0-openjdk-1.8.0.222.b10-1.el7_7.x86_64/jre/lib/resources.jar:/usr/lib/jvm/java-1.8.0-openjdk-1.8.0.222.b10-1.el7_7.x86_64/jre/lib/rt.jar:/usr/lib/jvm/java-1.8.0-openjdk-1.8.0.222.b10-1.el7_7.x86_64/jre/lib/sunrsasign.jar:/usr/lib/jvm/java-1.8.0-openjdk-1.8.0.222.b10-1.el7_7.x86_64/jre/lib/jsse.jar:/usr/lib/jvm/java-1.8.0-openjdk-1.8.0.222.b10-1.el7_7.x86_64/jre/lib/jce.jar:/usr/lib/jvm/java-1.8.0-openjdk-1.8.0.222.b10-1.el7_7.x86_64/jre/lib/charsets.jar:/usr/lib/jvm/java-1.8.0-openjdk-1.8.0.222.b10-1.el7_7.x86_64/jre/lib/jfr.jar:/usr/lib/jvm/java-1.8.0-openjdk-1.8.0.222.b10-1.el7_7.x86_64/jre/classes"/>
    <property name="sun.management.compiler" value="HotSpot 64-Bit Tiered Compilers"/>
    <property name="java.runtime.version" value="1.8.0_222-b10"/>
    <property name="java.net.preferIPv4Stack" value="true"/>
    <property name="user.name" value="jenkins1000"/>
    <property name="path.separator" value=":"/>
    <property name="java.security.egd" value="file:///dev/urandom"/>
    <property name="os.version" value="3.10.0-957.12.2.el7.x86_64"/>
    <property name="java.endorsed.dirs" value="/usr/lib/jvm/java-1.8.0-openjdk-1.8.0.222.b10-1.el7_7.x86_64/jre/lib/endorsed"/>
    <property name="java.runtime.name" value="OpenJDK Runtime Environment"/>
    <property name="file.encoding" value="ANSI_X3.4-1968"/>
    <property name="java.vm.name" value="OpenJDK 64-Bit Server VM"/>
    <property name="test.build.webapps" value=""/>
    <property name="localRepository" value="/home/user/.m2/repository"/>
    <property name="java.vendor.url.bug" value="http://bugreport.sun.com/bugreport/"/>
    <property name="java.io.tmpdir" value="/tmp"/>
    <property name="require.test.libhadoop" value=""/>
    <property name="java.version" value="1.8.0_222"/>
    <property name="user.dir" value="/workdir/hadoop-ozone/integration-test"/>
    <property name="os.arch" value="amd64"/>
    <property name="java.vm.specification.name" value="Java Virtual Machine Specification"/>
    <property name="test.build.classes" value="/workdir/hadoop-ozone/integration-test/target/test-classes"/>
    <property name="java.awt.printerjob" value="sun.print.PSPrinterJob"/>
    <property name="sun.os.patch.level" value="unknown"/>
    <property name="hadoop.tmp.dir" value="/workdir/hadoop-ozone/integration-test/target/tmp"/>
    <property name="java.library.path" value="/usr/lib:/workdir/hadoop-ozone/integration-test/target/native/target/usr/local/lib:/workdir/hadoop-ozone/integration-test/../../hadoop-common-project/hadoop-common/target/native/target/usr/local/lib:/usr/java/packages/lib/amd64:/usr/lib64:/lib64:/lib:/usr/lib"/>
    <property name="java.vm.info" value="mixed mode"/>
    <property name="java.vendor" value="Oracle Corporation"/>
    <property name="java.vm.version" value="25.222-b10"/>
    <property name="java.ext.dirs" value="/usr/lib/jvm/java-1.8.0-openjdk-1.8.0.222.b10-1.el7_7.x86_64/jre/lib/ext:/usr/java/packages/lib/ext"/>
    <property name="sun.io.unicode.encoding" value="UnicodeLittle"/>
    <property name="java.class.version" value="52.0"/>
  </properties>
  <testcase name="testDeleteKeyWithSlowFollower" classname="org.apache.hadoop.ozone.client.rpc.TestDeleteWithSlowFollower" time="112.091">
    <failure type="java.lang.AssertionError">java.lang.AssertionError
	at org.junit.Assert.fail(Assert.java:86)
	at org.junit.Assert.assertTrue(Assert.java:41)
	at org.junit.Assert.assertTrue(Assert.java:52)
	at org.apache.hadoop.ozone.client.rpc.TestDeleteWithSlowFollower.testDeleteKeyWithSlowFollower(TestDeleteWithSlowFollower.java:265)
	at sun.reflect.NativeMethodAccessorImpl.invoke0(Native Method)
	at sun.reflect.NativeMethodAccessorImpl.invoke(NativeMethodAccessorImpl.java:62)
	at sun.reflect.DelegatingMethodAccessorImpl.invoke(DelegatingMethodAccessorImpl.java:43)
	at java.lang.reflect.Method.invoke(Method.java:498)
	at org.junit.runners.model.FrameworkMethod$1.runReflectiveCall(FrameworkMethod.java:47)
	at org.junit.internal.runners.model.ReflectiveCallable.run(ReflectiveCallable.java:12)
	at org.junit.runners.model.FrameworkMethod.invokeExplosively(FrameworkMethod.java:44)
	at org.junit.internal.runners.statements.InvokeMethod.evaluate(InvokeMethod.java:17)
	at org.junit.runners.ParentRunner.runLeaf(ParentRunner.java:271)
	at org.junit.runners.BlockJUnit4ClassRunner.runChild(BlockJUnit4ClassRunner.java:70)
	at org.junit.runners.BlockJUnit4ClassRunner.runChild(BlockJUnit4ClassRunner.java:50)
	at org.junit.runners.ParentRunner$3.run(ParentRunner.java:238)
	at org.junit.runners.ParentRunner$1.schedule(ParentRunner.java:63)
	at org.junit.runners.ParentRunner.runChildren(ParentRunner.java:236)
	at org.junit.runners.ParentRunner.access$000(ParentRunner.java:53)
	at org.junit.runners.ParentRunner$2.evaluate(ParentRunner.java:229)
	at org.junit.internal.runners.statements.RunBefores.evaluate(RunBefores.java:26)
	at org.junit.internal.runners.statements.RunAfters.evaluate(RunAfters.java:27)
	at org.junit.runners.ParentRunner.run(ParentRunner.java:309)
	at org.apache.maven.surefire.junit4.JUnit4Provider.execute(JUnit4Provider.java:365)
	at org.apache.maven.surefire.junit4.JUnit4Provider.executeWithRerun(JUnit4Provider.java:273)
	at org.apache.maven.surefire.junit4.JUnit4Provider.executeTestSet(JUnit4Provider.java:238)
	at org.apache.maven.surefire.junit4.JUnit4Provider.invoke(JUnit4Provider.java:159)
	at org.apache.maven.surefire.booter.ForkedBooter.invokeProviderInSameClassLoader(ForkedBooter.java:384)
	at org.apache.maven.surefire.booter.ForkedBooter.runSuitesInProcess(ForkedBooter.java:345)
	at org.apache.maven.surefire.booter.ForkedBooter.execute(ForkedBooter.java:126)
	at org.apache.maven.surefire.booter.ForkedBooter.main(ForkedBooter.java:418)
</failure>
    <system-out><![CDATA[2019-10-22 00:02:56,338 [main] WARN  server.ServerUtils (ServerUtils.java:getScmDbDir(145)) - ozone.scm.db.dirs is not configured. We recommend adding this setting. Falling back to ozone.metadata.dirs instead.
2019-10-22 00:02:56,461 [main] WARN  server.ServerUtils (ServerUtils.java:getScmDbDir(145)) - ozone.scm.db.dirs is not configured. We recommend adding this setting. Falling back to ozone.metadata.dirs instead.
2019-10-22 00:02:56,464 [main] WARN  server.ServerUtils (ServerUtils.java:getScmDbDir(145)) - ozone.scm.db.dirs is not configured. We recommend adding this setting. Falling back to ozone.metadata.dirs instead.
2019-10-22 00:02:56,490 [main] INFO  util.log (Log.java:initialized(192)) - Logging initialized @893ms
2019-10-22 00:02:56,579 [main] INFO  db.DBStoreBuilder (DBStoreBuilder.java:addTable(117)) - using custom profile for table: deletedBlocks
2019-10-22 00:02:56,580 [main] INFO  db.DBStoreBuilder (DBStoreBuilder.java:processTables(168)) - Using default column profile:DBProfile.DISK for Table:deletedBlocks
2019-10-22 00:02:56,580 [main] INFO  db.DBStoreBuilder (DBStoreBuilder.java:addTable(117)) - using custom profile for table: validCerts
2019-10-22 00:02:56,580 [main] INFO  db.DBStoreBuilder (DBStoreBuilder.java:processTables(168)) - Using default column profile:DBProfile.DISK for Table:validCerts
2019-10-22 00:02:56,581 [main] INFO  db.DBStoreBuilder (DBStoreBuilder.java:addTable(117)) - using custom profile for table: revokedCerts
2019-10-22 00:02:56,581 [main] INFO  db.DBStoreBuilder (DBStoreBuilder.java:processTables(168)) - Using default column profile:DBProfile.DISK for Table:revokedCerts
2019-10-22 00:02:56,592 [main] INFO  db.DBStoreBuilder (DBStoreBuilder.java:addTable(117)) - using custom profile for table: default
2019-10-22 00:02:56,592 [main] INFO  db.DBStoreBuilder (DBStoreBuilder.java:processTables(174)) - Using default column profile:DBProfile.DISK for Table:default
2019-10-22 00:02:56,594 [main] INFO  db.DBStoreBuilder (DBStoreBuilder.java:getDbProfile(205)) - Using default options. DBProfile.DISK
2019-10-22 00:02:56,794 [main] INFO  net.NodeSchemaLoader (NodeSchemaLoader.java:loadSchemaFromFile(125)) - Loading file from sun.misc.CompoundEnumeration@74235045
2019-10-22 00:02:56,795 [main] INFO  net.NodeSchemaLoader (NodeSchemaLoader.java:loadSchema(171)) - Loading network topology layer schema file
2019-10-22 00:02:56,851 [main] WARN  server.ServerUtils (ServerUtils.java:sanitizeUserArgs(70)) - ozone.scm.stale.node.interval value = 1000000 is larger than max = 100000 based on the key value of ozone.scm.heartbeat.thread.interval, reset to the max value 100000.
2019-10-22 00:02:56,853 [main] WARN  server.ServerUtils (ServerUtils.java:sanitizeUserArgs(70)) - ozone.scm.stale.node.interval value = 1000000 is larger than max = 100000 based on the key value of ozone.scm.heartbeat.thread.interval, reset to the max value 100000.
2019-10-22 00:02:56,856 [main] INFO  node.SCMNodeManager (SCMNodeManager.java:<init>(116)) - Entering startup safe mode.
2019-10-22 00:02:56,921 [main] INFO  algorithms.ContainerPlacementPolicyFactory (ContainerPlacementPolicyFactory.java:getPolicy(57)) - Create container placement policy of type org.apache.hadoop.hdds.scm.container.placement.algorithms.SCMContainerPlacementRandom
2019-10-22 00:02:56,934 [main] WARN  server.ServerUtils (ServerUtils.java:getScmDbDir(145)) - ozone.scm.db.dirs is not configured. We recommend adding this setting. Falling back to ozone.metadata.dirs instead.
2019-10-22 00:02:57,495 [main] INFO  pipeline.SCMPipelineManager (SCMPipelineManager.java:initializePipelineState(132)) - No pipeline exists in current db
2019-10-22 00:02:57,497 [main] WARN  server.ServerUtils (ServerUtils.java:getScmDbDir(145)) - ozone.scm.db.dirs is not configured. We recommend adding this setting. Falling back to ozone.metadata.dirs instead.
2019-10-22 00:02:57,583 [main] WARN  events.EventQueue (EventQueue.java:fireEvent(183)) - No event handler registered for event TypedEvent{payloadType=SafeModeStatus, name='SafeModeStatus'}
2019-10-22 00:02:57,893 [main] INFO  ipc.CallQueueManager (CallQueueManager.java:<init>(84)) - Using callQueue: class java.util.concurrent.LinkedBlockingQueue, queueCapacity: 2000, scheduler: class org.apache.hadoop.ipc.DefaultRpcScheduler, ipcBackoff: false.
2019-10-22 00:02:58,013 [Socket Reader #1 for port 35702] INFO  ipc.Server (Server.java:run(1074)) - Starting Socket Reader #1 for port 35702
2019-10-22 00:02:58,052 [main] INFO  ipc.CallQueueManager (CallQueueManager.java:<init>(84)) - Using callQueue: class java.util.concurrent.LinkedBlockingQueue, queueCapacity: 2000, scheduler: class org.apache.hadoop.ipc.DefaultRpcScheduler, ipcBackoff: false.
2019-10-22 00:02:58,053 [Socket Reader #1 for port 34479] INFO  ipc.Server (Server.java:run(1074)) - Starting Socket Reader #1 for port 34479
2019-10-22 00:02:58,065 [main] INFO  ipc.CallQueueManager (CallQueueManager.java:<init>(84)) - Using callQueue: class java.util.concurrent.LinkedBlockingQueue, queueCapacity: 2000, scheduler: class org.apache.hadoop.ipc.DefaultRpcScheduler, ipcBackoff: false.
2019-10-22 00:02:58,066 [Socket Reader #1 for port 35133] INFO  ipc.Server (Server.java:run(1074)) - Starting Socket Reader #1 for port 35133
2019-10-22 00:02:58,094 [main] INFO  hdfs.DFSUtil (DFSUtil.java:httpServerTemplateForNNAndJN(1641)) - Starting Web-server for scm at: http://0.0.0.0:0
2019-10-22 00:02:58,287 [main] INFO  server.AuthenticationFilter (AuthenticationFilter.java:constructSecretProvider(240)) - Unable to initialize FileSignerSecretProvider, falling back to use random secrets.
2019-10-22 00:02:58,301 [main] WARN  http.HttpRequestLog (HttpRequestLog.java:getRequestLog(97)) - Jetty request log can only be enabled using Log4j
2019-10-22 00:02:58,312 [main] INFO  http.HttpServer2 (HttpServer2.java:addGlobalFilter(975)) - Added global filter 'safety' (class=org.apache.hadoop.http.HttpServer2$QuotingInputFilter)
2019-10-22 00:02:58,316 [main] INFO  http.HttpServer2 (HttpServer2.java:addFilter(948)) - Added filter static_user_filter (class=org.apache.hadoop.http.lib.StaticUserWebFilter$StaticUserFilter) to context scm
2019-10-22 00:02:58,316 [main] INFO  http.HttpServer2 (HttpServer2.java:addFilter(958)) - Added filter static_user_filter (class=org.apache.hadoop.http.lib.StaticUserWebFilter$StaticUserFilter) to context static
2019-10-22 00:02:58,316 [main] INFO  http.HttpServer2 (HttpServer2.java:addFilter(958)) - Added filter static_user_filter (class=org.apache.hadoop.http.lib.StaticUserWebFilter$StaticUserFilter) to context logs
2019-10-22 00:02:58,352 [main] INFO  server.StorageContainerManager (StorageContainerManager.java:start(772)) - StorageContainerLocationProtocol RPC server is listening at /0.0.0.0:35133
2019-10-22 00:02:58,428 [main] WARN  impl.MetricsConfig (MetricsConfig.java:loadFirst(134)) - Cannot locate configuration: tried hadoop-metrics2-storagecontainermanager.properties,hadoop-metrics2.properties
2019-10-22 00:02:58,442 [main] INFO  impl.MetricsSystemImpl (MetricsSystemImpl.java:startTimer(374)) - Scheduled Metric snapshot period at 10 second(s).
2019-10-22 00:02:58,443 [main] INFO  impl.MetricsSystemImpl (MetricsSystemImpl.java:start(191)) - StorageContainerManager metrics system started
2019-10-22 00:02:58,659 [main] INFO  server.SCMClientProtocolServer (SCMClientProtocolServer.java:start(159)) - RPC server for Client  is listening at /0.0.0.0:35133
2019-10-22 00:02:58,659 [IPC Server Responder] INFO  ipc.Server (Server.java:run(1314)) - IPC Server Responder: starting
2019-10-22 00:02:58,659 [IPC Server listener on 35133] INFO  ipc.Server (Server.java:run(1153)) - IPC Server listener on 35133: starting
2019-10-22 00:02:58,662 [main] INFO  server.StorageContainerManager (StorageContainerManager.java:start(782)) - ScmBlockLocationProtocol RPC server is listening at /0.0.0.0:34479
2019-10-22 00:02:58,664 [main] INFO  server.SCMBlockProtocolServer (SCMBlockProtocolServer.java:start(146)) - RPC server for Block Protocol is listening at /0.0.0.0:34479
2019-10-22 00:02:58,664 [IPC Server Responder] INFO  ipc.Server (Server.java:run(1314)) - IPC Server Responder: starting
2019-10-22 00:02:58,664 [IPC Server listener on 34479] INFO  ipc.Server (Server.java:run(1153)) - IPC Server listener on 34479: starting
2019-10-22 00:02:58,666 [main] INFO  server.StorageContainerManager (StorageContainerManager.java:start(786)) - ScmDatanodeProtocl RPC server is listening at /0.0.0.0:35702
2019-10-22 00:02:58,667 [main] INFO  server.SCMDatanodeProtocolServer (SCMDatanodeProtocolServer.java:start(169)) - RPC server for DataNodes is listening at /0.0.0.0:35702
2019-10-22 00:02:58,668 [IPC Server Responder] INFO  ipc.Server (Server.java:run(1314)) - IPC Server Responder: starting
2019-10-22 00:02:58,668 [IPC Server listener on 35702] INFO  ipc.Server (Server.java:run(1153)) - IPC Server listener on 35702: starting
2019-10-22 00:02:58,671 [main] INFO  http.HttpServer2 (HttpServer2.java:bindListener(1191)) - Jetty bound to port 44427
2019-10-22 00:02:58,673 [main] INFO  server.Server (Server.java:doStart(351)) - jetty-9.3.25.v20180904, build timestamp: 2018-09-04T21:11:46Z, git hash: 3ce520221d0240229c862b122d2b06c12a625732
2019-10-22 00:02:58,708 [main] INFO  handler.ContextHandler (ContextHandler.java:doStart(781)) - Started o.e.j.s.ServletContextHandler@65fe9e33{/logs,file:///workdir/hadoop-ozone/integration-test/target/log,AVAILABLE}
2019-10-22 00:02:58,708 [main] INFO  handler.ContextHandler (ContextHandler.java:doStart(781)) - Started o.e.j.s.ServletContextHandler@42f8285e{/static,file:///workdir/hadoop-ozone/integration-test/target/test-classes/webapps/static,AVAILABLE}
2019-10-22 00:02:58,741 [main] INFO  handler.ContextHandler (ContextHandler.java:doStart(781)) - Started o.e.j.w.WebAppContext@3d6300e8{/,file:///workdir/hadoop-ozone/integration-test/target/test-classes/webapps/scm/,AVAILABLE}{/scm}
2019-10-22 00:02:58,748 [main] INFO  server.AbstractConnector (AbstractConnector.java:doStart(278)) - Started ServerConnector@3af4e0bf{HTTP/1.1,[http/1.1]}{0.0.0.0:44427}
2019-10-22 00:02:58,748 [main] INFO  server.Server (Server.java:doStart(419)) - Started @3152ms
2019-10-22 00:02:58,751 [main] INFO  impl.MetricsSinkAdapter (MetricsSinkAdapter.java:start(204)) - Sink prometheus started
2019-10-22 00:02:58,751 [main] INFO  impl.MetricsSystemImpl (MetricsSystemImpl.java:registerSink(301)) - Registered sink prometheus
2019-10-22 00:02:58,753 [main] INFO  server.BaseHttpServer (BaseHttpServer.java:updateConnectorAddress(215)) - HTTP server of SCM is listening at http://0.0.0.0:44427
2019-10-22 00:02:58,759 [org.apache.hadoop.util.JvmPauseMonitor$Monitor@1a2e2935] INFO  util.JvmPauseMonitor (JvmPauseMonitor.java:run(188)) - Starting JVM pause monitor
2019-10-22 00:02:58,763 [main] WARN  server.ServerUtils (ServerUtils.java:getDBPath(222)) - ozone.om.db.dirs is not configured. We recommend adding this setting. Falling back to ozone.metadata.dirs instead.
2019-10-22 00:02:58,869 [main] INFO  ha.OMHANodeDetails (OMHANodeDetails.java:loadOMHAConfig(190)) - Configuration either no ozone.om.address set. Falling back to the default OM address /127.0.0.1:0
2019-10-22 00:02:58,869 [main] INFO  ha.OMHANodeDetails (OMHANodeDetails.java:getOMNodeDetails(220)) - OM Service ID is not set. Setting it to the default ID: omServiceIdDefault
2019-10-22 00:02:58,871 [main] WARN  server.ServerUtils (ServerUtils.java:getDBPath(222)) - ozone.om.db.dirs is not configured. We recommend adding this setting. Falling back to ozone.metadata.dirs instead.
2019-10-22 00:02:58,872 [main] WARN  server.ServerUtils (ServerUtils.java:getDBPath(222)) - ozone.om.db.dirs is not configured. We recommend adding this setting. Falling back to ozone.metadata.dirs instead.
2019-10-22 00:02:59,502 [main] WARN  server.ServerUtils (ServerUtils.java:getDBPath(222)) - ozone.om.db.dirs is not configured. We recommend adding this setting. Falling back to ozone.metadata.dirs instead.
2019-10-22 00:02:59,511 [main] INFO  db.DBStoreBuilder (DBStoreBuilder.java:addTable(117)) - using custom profile for table: userTable
2019-10-22 00:02:59,511 [main] INFO  db.DBStoreBuilder (DBStoreBuilder.java:processTables(168)) - Using default column profile:DBProfile.DISK for Table:userTable
2019-10-22 00:02:59,512 [main] INFO  db.DBStoreBuilder (DBStoreBuilder.java:addTable(117)) - using custom profile for table: volumeTable
2019-10-22 00:02:59,512 [main] INFO  db.DBStoreBuilder (DBStoreBuilder.java:processTables(168)) - Using default column profile:DBProfile.DISK for Table:volumeTable
2019-10-22 00:02:59,512 [main] INFO  db.DBStoreBuilder (DBStoreBuilder.java:addTable(117)) - using custom profile for table: bucketTable
2019-10-22 00:02:59,512 [main] INFO  db.DBStoreBuilder (DBStoreBuilder.java:processTables(168)) - Using default column profile:DBProfile.DISK for Table:bucketTable
2019-10-22 00:02:59,513 [main] INFO  db.DBStoreBuilder (DBStoreBuilder.java:addTable(117)) - using custom profile for table: keyTable
2019-10-22 00:02:59,513 [main] INFO  db.DBStoreBuilder (DBStoreBuilder.java:processTables(168)) - Using default column profile:DBProfile.DISK for Table:keyTable
2019-10-22 00:02:59,513 [main] INFO  db.DBStoreBuilder (DBStoreBuilder.java:addTable(117)) - using custom profile for table: deletedTable
2019-10-22 00:02:59,513 [main] INFO  db.DBStoreBuilder (DBStoreBuilder.java:processTables(168)) - Using default column profile:DBProfile.DISK for Table:deletedTable
2019-10-22 00:02:59,514 [main] INFO  db.DBStoreBuilder (DBStoreBuilder.java:addTable(117)) - using custom profile for table: openKeyTable
2019-10-22 00:02:59,514 [main] INFO  db.DBStoreBuilder (DBStoreBuilder.java:processTables(168)) - Using default column profile:DBProfile.DISK for Table:openKeyTable
2019-10-22 00:02:59,514 [main] INFO  db.DBStoreBuilder (DBStoreBuilder.java:addTable(117)) - using custom profile for table: s3Table
2019-10-22 00:02:59,514 [main] INFO  db.DBStoreBuilder (DBStoreBuilder.java:processTables(168)) - Using default column profile:DBProfile.DISK for Table:s3Table
2019-10-22 00:02:59,514 [main] INFO  db.DBStoreBuilder (DBStoreBuilder.java:addTable(117)) - using custom profile for table: multipartInfoTable
2019-10-22 00:02:59,515 [main] INFO  db.DBStoreBuilder (DBStoreBuilder.java:processTables(168)) - Using default column profile:DBProfile.DISK for Table:multipartInfoTable
2019-10-22 00:02:59,515 [main] INFO  db.DBStoreBuilder (DBStoreBuilder.java:addTable(117)) - using custom profile for table: dTokenTable
2019-10-22 00:02:59,515 [main] INFO  db.DBStoreBuilder (DBStoreBuilder.java:processTables(168)) - Using default column profile:DBProfile.DISK for Table:dTokenTable
2019-10-22 00:02:59,515 [main] INFO  db.DBStoreBuilder (DBStoreBuilder.java:addTable(117)) - using custom profile for table: s3SecretTable
2019-10-22 00:02:59,516 [main] INFO  db.DBStoreBuilder (DBStoreBuilder.java:processTables(168)) - Using default column profile:DBProfile.DISK for Table:s3SecretTable
2019-10-22 00:02:59,516 [main] INFO  db.DBStoreBuilder (DBStoreBuilder.java:addTable(117)) - using custom profile for table: prefixTable
2019-10-22 00:02:59,516 [main] INFO  db.DBStoreBuilder (DBStoreBuilder.java:processTables(168)) - Using default column profile:DBProfile.DISK for Table:prefixTable
2019-10-22 00:02:59,516 [main] INFO  db.DBStoreBuilder (DBStoreBuilder.java:addTable(117)) - using custom profile for table: default
2019-10-22 00:02:59,516 [main] INFO  db.DBStoreBuilder (DBStoreBuilder.java:processTables(174)) - Using default column profile:DBProfile.DISK for Table:default
2019-10-22 00:02:59,517 [main] INFO  db.DBStoreBuilder (DBStoreBuilder.java:getDbProfile(205)) - Using default options. DBProfile.DISK
2019-10-22 00:02:59,738 [main] INFO  ipc.CallQueueManager (CallQueueManager.java:<init>(84)) - Using callQueue: class java.util.concurrent.LinkedBlockingQueue, queueCapacity: 2000, scheduler: class org.apache.hadoop.ipc.DefaultRpcScheduler, ipcBackoff: false.
2019-10-22 00:02:59,738 [Socket Reader #1 for port 43569] INFO  ipc.Server (Server.java:run(1074)) - Starting Socket Reader #1 for port 43569
2019-10-22 00:02:59,758 [main] INFO  om.OzoneManager (OzoneManager.java:start(1074)) - OzoneManager RPC server is listening at localhost/127.0.0.1:43569
2019-10-22 00:02:59,758 [main] INFO  impl.MetricsSystemImpl (MetricsSystemImpl.java:init(158)) - OzoneManager metrics system started (again)
2019-10-22 00:02:59,766 [IPC Server Responder] INFO  ipc.Server (Server.java:run(1314)) - IPC Server Responder: starting
2019-10-22 00:02:59,766 [IPC Server listener on 43569] INFO  ipc.Server (Server.java:run(1153)) - IPC Server listener on 43569: starting
2019-10-22 00:02:59,771 [main] INFO  hdfs.DFSUtil (DFSUtil.java:httpServerTemplateForNNAndJN(1641)) - Starting Web-server for ozoneManager at: http://0.0.0.0:0
2019-10-22 00:02:59,774 [main] INFO  server.AuthenticationFilter (AuthenticationFilter.java:constructSecretProvider(240)) - Unable to initialize FileSignerSecretProvider, falling back to use random secrets.
2019-10-22 00:02:59,774 [main] WARN  http.HttpRequestLog (HttpRequestLog.java:getRequestLog(97)) - Jetty request log can only be enabled using Log4j
2019-10-22 00:02:59,777 [main] INFO  http.HttpServer2 (HttpServer2.java:addGlobalFilter(975)) - Added global filter 'safety' (class=org.apache.hadoop.http.HttpServer2$QuotingInputFilter)
2019-10-22 00:02:59,778 [main] INFO  http.HttpServer2 (HttpServer2.java:addFilter(948)) - Added filter static_user_filter (class=org.apache.hadoop.http.lib.StaticUserWebFilter$StaticUserFilter) to context ozoneManager
2019-10-22 00:02:59,779 [main] INFO  http.HttpServer2 (HttpServer2.java:addFilter(958)) - Added filter static_user_filter (class=org.apache.hadoop.http.lib.StaticUserWebFilter$StaticUserFilter) to context static
2019-10-22 00:02:59,779 [main] INFO  http.HttpServer2 (HttpServer2.java:addFilter(958)) - Added filter static_user_filter (class=org.apache.hadoop.http.lib.StaticUserWebFilter$StaticUserFilter) to context logs
2019-10-22 00:02:59,782 [main] INFO  http.HttpServer2 (HttpServer2.java:bindListener(1191)) - Jetty bound to port 43413
2019-10-22 00:02:59,782 [main] INFO  server.Server (Server.java:doStart(351)) - jetty-9.3.25.v20180904, build timestamp: 2018-09-04T21:11:46Z, git hash: 3ce520221d0240229c862b122d2b06c12a625732
2019-10-22 00:02:59,785 [main] INFO  handler.ContextHandler (ContextHandler.java:doStart(781)) - Started o.e.j.s.ServletContextHandler@368d5c00{/logs,file:///workdir/hadoop-ozone/integration-test/target/log,AVAILABLE}
2019-10-22 00:02:59,786 [main] INFO  handler.ContextHandler (ContextHandler.java:doStart(781)) - Started o.e.j.s.ServletContextHandler@aa10649{/static,file:///workdir/hadoop-ozone/integration-test/target/test-classes/webapps/static,AVAILABLE}
2019-10-22 00:02:59,794 [main] INFO  handler.ContextHandler (ContextHandler.java:doStart(781)) - Started o.e.j.w.WebAppContext@41aaedaa{/,file:///workdir/hadoop-ozone/integration-test/target/test-classes/webapps/ozoneManager/,AVAILABLE}{/ozoneManager}
2019-10-22 00:02:59,795 [main] INFO  server.AbstractConnector (AbstractConnector.java:doStart(278)) - Started ServerConnector@303a5119{HTTP/1.1,[http/1.1]}{0.0.0.0:43413}
2019-10-22 00:02:59,795 [main] INFO  server.Server (Server.java:doStart(419)) - Started @4199ms
2019-10-22 00:02:59,796 [main] WARN  impl.MetricsSystemImpl (MetricsSystemImpl.java:register(276)) - Sink prometheus already exists!
2019-10-22 00:02:59,797 [main] INFO  server.BaseHttpServer (BaseHttpServer.java:updateConnectorAddress(215)) - HTTP server of OZONEMANAGER is listening at http://0.0.0.0:43413
2019-10-22 00:03:00,023 [main] INFO  impl.MetricsSystemImpl (MetricsSystemImpl.java:init(158)) - HddsDatanode metrics system started (again)
2019-10-22 00:03:00,068 [main] INFO  ozone.HddsDatanodeService (HddsDatanodeService.java:start(184)) - HddsDatanodeService host:pr-hdds-2343-5q8j9-3338874002 ip:192.168.157.254
2019-10-22 00:03:00,095 [main] INFO  volume.HddsVolume (HddsVolume.java:<init>(176)) - Creating Volume: /workdir/hadoop-ozone/integration-test/target/test-dir/MiniOzoneClusterImpl-8b3f1bd7-87d6-49e7-a08b-7cd236893d43/datanode-0/data/containers/hdds of  storage type : DISK and capacity : 1482555576320
2019-10-22 00:03:00,096 [main] INFO  volume.VolumeSet (VolumeSet.java:initializeVolumeSet(170)) - Added Volume : /workdir/hadoop-ozone/integration-test/target/test-dir/MiniOzoneClusterImpl-8b3f1bd7-87d6-49e7-a08b-7cd236893d43/datanode-0/data/containers/hdds to VolumeSet
2019-10-22 00:03:00,099 [main] INFO  volume.ThrottledAsyncChecker (ThrottledAsyncChecker.java:schedule(141)) - Scheduling a check for /workdir/hadoop-ozone/integration-test/target/test-dir/MiniOzoneClusterImpl-8b3f1bd7-87d6-49e7-a08b-7cd236893d43/datanode-0/data/containers/hdds
2019-10-22 00:03:00,113 [main] INFO  volume.HddsVolumeChecker (HddsVolumeChecker.java:checkAllVolumes(204)) - Scheduled health check for volume /workdir/hadoop-ozone/integration-test/target/test-dir/MiniOzoneClusterImpl-8b3f1bd7-87d6-49e7-a08b-7cd236893d43/datanode-0/data/containers/hdds
2019-10-22 00:03:00,211 [main] INFO  impl.RaftServerProxy (ConfUtils.java:logGet(43)) - raft.rpc.type = GRPC (default)
2019-10-22 00:03:00,271 [main] INFO  grpc.GrpcFactory (GrpcFactory.java:checkPooledByteBufAllocatorUseCacheForAllThreads(45)) - PERFORMANCE WARNING: useCacheForAllThreads is true that may cause Netty to create a lot garbage objects and, as a result, trigger GC.
	It is recommended to disable useCacheForAllThreads by setting -Dorg.apache.ratis.thirdparty.io.netty.allocator.useCacheForAllThreads=false in command line.
2019-10-22 00:03:00,276 [main] INFO  grpc.GrpcConfigKeys$Server (ConfUtils.java:logGet(43)) - raft.grpc.server.port = 0 (default)
2019-10-22 00:03:00,277 [main] INFO  server.GrpcService (ConfUtils.java:logGet(43)) - raft.grpc.message.size.max = 33570816 (custom)
2019-10-22 00:03:00,278 [main] INFO  server.RaftServerConfigKeys (ConfUtils.java:logGet(43)) - raft.server.log.appender.buffer.byte-limit = 33554432 (custom)
2019-10-22 00:03:00,279 [main] INFO  server.GrpcService (ConfUtils.java:logGet(43)) - raft.grpc.flow.control.window = 1MB (=1048576) (default)
2019-10-22 00:03:00,280 [main] INFO  server.RaftServerConfigKeys (ConfUtils.java:logGet(43)) - raft.server.rpc.request.timeout = 3000ms (default)
2019-10-22 00:03:00,427 [main] INFO  server.RaftServerConfigKeys (ConfUtils.java:logGet(43)) - raft.server.storage.dir = [/workdir/hadoop-ozone/integration-test/target/test-dir/MiniOzoneClusterImpl-8b3f1bd7-87d6-49e7-a08b-7cd236893d43/datanode-0/data/ratis] (custom)
2019-10-22 00:03:00,473 [main] INFO  hdfs.DFSUtil (DFSUtil.java:httpServerTemplateForNNAndJN(1641)) - Starting Web-server for hddsDatanode at: http://0.0.0.0:0
2019-10-22 00:03:00,475 [main] INFO  server.AuthenticationFilter (AuthenticationFilter.java:constructSecretProvider(240)) - Unable to initialize FileSignerSecretProvider, falling back to use random secrets.
2019-10-22 00:03:00,476 [main] WARN  http.HttpRequestLog (HttpRequestLog.java:getRequestLog(97)) - Jetty request log can only be enabled using Log4j
2019-10-22 00:03:00,478 [main] INFO  http.HttpServer2 (HttpServer2.java:addGlobalFilter(975)) - Added global filter 'safety' (class=org.apache.hadoop.http.HttpServer2$QuotingInputFilter)
2019-10-22 00:03:00,479 [main] INFO  http.HttpServer2 (HttpServer2.java:addFilter(948)) - Added filter static_user_filter (class=org.apache.hadoop.http.lib.StaticUserWebFilter$StaticUserFilter) to context hddsDatanode
2019-10-22 00:03:00,479 [main] INFO  http.HttpServer2 (HttpServer2.java:addFilter(958)) - Added filter static_user_filter (class=org.apache.hadoop.http.lib.StaticUserWebFilter$StaticUserFilter) to context static
2019-10-22 00:03:00,479 [main] INFO  http.HttpServer2 (HttpServer2.java:addFilter(958)) - Added filter static_user_filter (class=org.apache.hadoop.http.lib.StaticUserWebFilter$StaticUserFilter) to context logs
2019-10-22 00:03:00,480 [main] INFO  http.HttpServer2 (HttpServer2.java:bindListener(1191)) - Jetty bound to port 45081
2019-10-22 00:03:00,481 [main] INFO  server.Server (Server.java:doStart(351)) - jetty-9.3.25.v20180904, build timestamp: 2018-09-04T21:11:46Z, git hash: 3ce520221d0240229c862b122d2b06c12a625732
2019-10-22 00:03:00,484 [main] INFO  handler.ContextHandler (ContextHandler.java:doStart(781)) - Started o.e.j.s.ServletContextHandler@46185a1b{/logs,file:///workdir/hadoop-ozone/integration-test/target/log,AVAILABLE}
2019-10-22 00:03:00,485 [main] INFO  handler.ContextHandler (ContextHandler.java:doStart(781)) - Started o.e.j.s.ServletContextHandler@60cf62ad{/static,jar:file:/home/user/.m2/repository/org/apache/hadoop/hadoop-hdds-container-service/0.5.0-SNAPSHOT/hadoop-hdds-container-service-0.5.0-SNAPSHOT.jar!/webapps/static,AVAILABLE}
2019-10-22 00:03:00,527 [main] INFO  handler.ContextHandler (ContextHandler.java:doStart(781)) - Started o.e.j.w.WebAppContext@1aabf50d{/,file:///tmp/jetty-0.0.0.0-45081-hddsDatanode-_-any-4831164270662557700.dir/webapp/,AVAILABLE}{/hddsDatanode}
2019-10-22 00:03:00,527 [main] INFO  server.AbstractConnector (AbstractConnector.java:doStart(278)) - Started ServerConnector@73c9e8e8{HTTP/1.1,[http/1.1]}{0.0.0.0:45081}
2019-10-22 00:03:00,528 [main] INFO  server.Server (Server.java:doStart(419)) - Started @4932ms
2019-10-22 00:03:00,530 [main] WARN  impl.MetricsSystemImpl (MetricsSystemImpl.java:register(276)) - Sink prometheus already exists!
2019-10-22 00:03:00,531 [main] INFO  server.BaseHttpServer (BaseHttpServer.java:updateConnectorAddress(215)) - HTTP server of HDDSDATANODE is listening at http://0.0.0.0:45081
2019-10-22 00:03:00,533 [main] INFO  impl.MetricsSystemImpl (MetricsSystemImpl.java:init(158)) - HddsDatanode metrics system started (again)
2019-10-22 00:03:00,535 [main] INFO  ozone.HddsDatanodeService (HddsDatanodeService.java:start(184)) - HddsDatanodeService host:pr-hdds-2343-5q8j9-3338874002 ip:192.168.157.254
2019-10-22 00:03:00,538 [org.apache.hadoop.util.JvmPauseMonitor$Monitor@10fcf28b] INFO  util.JvmPauseMonitor (JvmPauseMonitor.java:run(188)) - Starting JVM pause monitor
2019-10-22 00:03:00,544 [main] INFO  volume.HddsVolume (HddsVolume.java:<init>(176)) - Creating Volume: /workdir/hadoop-ozone/integration-test/target/test-dir/MiniOzoneClusterImpl-8b3f1bd7-87d6-49e7-a08b-7cd236893d43/datanode-1/data/containers/hdds of  storage type : DISK and capacity : 1482555576320
2019-10-22 00:03:00,545 [main] INFO  volume.VolumeSet (VolumeSet.java:initializeVolumeSet(170)) - Added Volume : /workdir/hadoop-ozone/integration-test/target/test-dir/MiniOzoneClusterImpl-8b3f1bd7-87d6-49e7-a08b-7cd236893d43/datanode-1/data/containers/hdds to VolumeSet
2019-10-22 00:03:00,546 [main] INFO  volume.ThrottledAsyncChecker (ThrottledAsyncChecker.java:schedule(141)) - Scheduling a check for /workdir/hadoop-ozone/integration-test/target/test-dir/MiniOzoneClusterImpl-8b3f1bd7-87d6-49e7-a08b-7cd236893d43/datanode-1/data/containers/hdds
2019-10-22 00:03:00,547 [main] INFO  volume.HddsVolumeChecker (HddsVolumeChecker.java:checkAllVolumes(204)) - Scheduled health check for volume /workdir/hadoop-ozone/integration-test/target/test-dir/MiniOzoneClusterImpl-8b3f1bd7-87d6-49e7-a08b-7cd236893d43/datanode-1/data/containers/hdds
2019-10-22 00:03:00,563 [main] INFO  impl.RaftServerProxy (ConfUtils.java:logGet(43)) - raft.rpc.type = GRPC (default)
2019-10-22 00:03:00,563 [main] INFO  grpc.GrpcFactory (GrpcFactory.java:checkPooledByteBufAllocatorUseCacheForAllThreads(45)) - PERFORMANCE WARNING: useCacheForAllThreads is true that may cause Netty to create a lot garbage objects and, as a result, trigger GC.
	It is recommended to disable useCacheForAllThreads by setting -Dorg.apache.ratis.thirdparty.io.netty.allocator.useCacheForAllThreads=false in command line.
2019-10-22 00:03:00,564 [main] INFO  grpc.GrpcConfigKeys$Server (ConfUtils.java:logGet(43)) - raft.grpc.server.port = 0 (default)
2019-10-22 00:03:00,564 [main] INFO  server.GrpcService (ConfUtils.java:logGet(43)) - raft.grpc.message.size.max = 33570816 (custom)
2019-10-22 00:03:00,564 [main] INFO  server.RaftServerConfigKeys (ConfUtils.java:logGet(43)) - raft.server.log.appender.buffer.byte-limit = 33554432 (custom)
2019-10-22 00:03:00,564 [main] INFO  server.GrpcService (ConfUtils.java:logGet(43)) - raft.grpc.flow.control.window = 1MB (=1048576) (default)
2019-10-22 00:03:00,565 [main] INFO  server.RaftServerConfigKeys (ConfUtils.java:logGet(43)) - raft.server.rpc.request.timeout = 3000ms (default)
2019-10-22 00:03:00,565 [main] INFO  server.RaftServerConfigKeys (ConfUtils.java:logGet(43)) - raft.server.storage.dir = [/workdir/hadoop-ozone/integration-test/target/test-dir/MiniOzoneClusterImpl-8b3f1bd7-87d6-49e7-a08b-7cd236893d43/datanode-1/data/ratis] (custom)
2019-10-22 00:03:00,567 [main] INFO  hdfs.DFSUtil (DFSUtil.java:httpServerTemplateForNNAndJN(1641)) - Starting Web-server for hddsDatanode at: http://0.0.0.0:0
2019-10-22 00:03:00,570 [main] INFO  server.AuthenticationFilter (AuthenticationFilter.java:constructSecretProvider(240)) - Unable to initialize FileSignerSecretProvider, falling back to use random secrets.
2019-10-22 00:03:00,570 [main] WARN  http.HttpRequestLog (HttpRequestLog.java:getRequestLog(97)) - Jetty request log can only be enabled using Log4j
2019-10-22 00:03:00,572 [main] INFO  http.HttpServer2 (HttpServer2.java:addGlobalFilter(975)) - Added global filter 'safety' (class=org.apache.hadoop.http.HttpServer2$QuotingInputFilter)
2019-10-22 00:03:00,573 [main] INFO  http.HttpServer2 (HttpServer2.java:addFilter(948)) - Added filter static_user_filter (class=org.apache.hadoop.http.lib.StaticUserWebFilter$StaticUserFilter) to context hddsDatanode
2019-10-22 00:03:00,573 [main] INFO  http.HttpServer2 (HttpServer2.java:addFilter(958)) - Added filter static_user_filter (class=org.apache.hadoop.http.lib.StaticUserWebFilter$StaticUserFilter) to context logs
2019-10-22 00:03:00,574 [main] INFO  http.HttpServer2 (HttpServer2.java:addFilter(958)) - Added filter static_user_filter (class=org.apache.hadoop.http.lib.StaticUserWebFilter$StaticUserFilter) to context static
2019-10-22 00:03:00,575 [main] INFO  http.HttpServer2 (HttpServer2.java:bindListener(1191)) - Jetty bound to port 43256
2019-10-22 00:03:00,575 [main] INFO  server.Server (Server.java:doStart(351)) - jetty-9.3.25.v20180904, build timestamp: 2018-09-04T21:11:46Z, git hash: 3ce520221d0240229c862b122d2b06c12a625732
2019-10-22 00:03:00,580 [main] INFO  handler.ContextHandler (ContextHandler.java:doStart(781)) - Started o.e.j.s.ServletContextHandler@761e788f{/logs,file:///workdir/hadoop-ozone/integration-test/target/log,AVAILABLE}
2019-10-22 00:03:00,581 [main] INFO  handler.ContextHandler (ContextHandler.java:doStart(781)) - Started o.e.j.s.ServletContextHandler@1907874b{/static,jar:file:/home/user/.m2/repository/org/apache/hadoop/hadoop-hdds-container-service/0.5.0-SNAPSHOT/hadoop-hdds-container-service-0.5.0-SNAPSHOT.jar!/webapps/static,AVAILABLE}
2019-10-22 00:03:00,615 [main] INFO  handler.ContextHandler (ContextHandler.java:doStart(781)) - Started o.e.j.w.WebAppContext@22587507{/,file:///tmp/jetty-0.0.0.0-43256-hddsDatanode-_-any-2524552939659765937.dir/webapp/,AVAILABLE}{/hddsDatanode}
2019-10-22 00:03:00,616 [main] INFO  server.AbstractConnector (AbstractConnector.java:doStart(278)) - Started ServerConnector@5c77ba8f{HTTP/1.1,[http/1.1]}{0.0.0.0:43256}
2019-10-22 00:03:00,617 [main] INFO  server.Server (Server.java:doStart(419)) - Started @5021ms
2019-10-22 00:03:00,617 [main] WARN  impl.MetricsSystemImpl (MetricsSystemImpl.java:register(276)) - Sink prometheus already exists!
2019-10-22 00:03:00,619 [main] INFO  server.BaseHttpServer (BaseHttpServer.java:updateConnectorAddress(215)) - HTTP server of HDDSDATANODE is listening at http://0.0.0.0:43256
2019-10-22 00:03:00,620 [main] INFO  impl.MetricsSystemImpl (MetricsSystemImpl.java:init(158)) - HddsDatanode metrics system started (again)
2019-10-22 00:03:00,623 [org.apache.hadoop.util.JvmPauseMonitor$Monitor@58708543] INFO  util.JvmPauseMonitor (JvmPauseMonitor.java:run(188)) - Starting JVM pause monitor
2019-10-22 00:03:00,623 [main] INFO  ozone.HddsDatanodeService (HddsDatanodeService.java:start(184)) - HddsDatanodeService host:pr-hdds-2343-5q8j9-3338874002 ip:192.168.157.254
2019-10-22 00:03:00,633 [main] INFO  volume.HddsVolume (HddsVolume.java:<init>(176)) - Creating Volume: /workdir/hadoop-ozone/integration-test/target/test-dir/MiniOzoneClusterImpl-8b3f1bd7-87d6-49e7-a08b-7cd236893d43/datanode-2/data/containers/hdds of  storage type : DISK and capacity : 1482555576320
2019-10-22 00:03:00,633 [main] INFO  volume.VolumeSet (VolumeSet.java:initializeVolumeSet(170)) - Added Volume : /workdir/hadoop-ozone/integration-test/target/test-dir/MiniOzoneClusterImpl-8b3f1bd7-87d6-49e7-a08b-7cd236893d43/datanode-2/data/containers/hdds to VolumeSet
2019-10-22 00:03:00,634 [main] INFO  volume.ThrottledAsyncChecker (ThrottledAsyncChecker.java:schedule(141)) - Scheduling a check for /workdir/hadoop-ozone/integration-test/target/test-dir/MiniOzoneClusterImpl-8b3f1bd7-87d6-49e7-a08b-7cd236893d43/datanode-2/data/containers/hdds
2019-10-22 00:03:00,635 [main] INFO  volume.HddsVolumeChecker (HddsVolumeChecker.java:checkAllVolumes(204)) - Scheduled health check for volume /workdir/hadoop-ozone/integration-test/target/test-dir/MiniOzoneClusterImpl-8b3f1bd7-87d6-49e7-a08b-7cd236893d43/datanode-2/data/containers/hdds
2019-10-22 00:03:00,652 [main] INFO  impl.RaftServerProxy (ConfUtils.java:logGet(43)) - raft.rpc.type = GRPC (default)
2019-10-22 00:03:00,652 [main] INFO  grpc.GrpcFactory (GrpcFactory.java:checkPooledByteBufAllocatorUseCacheForAllThreads(45)) - PERFORMANCE WARNING: useCacheForAllThreads is true that may cause Netty to create a lot garbage objects and, as a result, trigger GC.
	It is recommended to disable useCacheForAllThreads by setting -Dorg.apache.ratis.thirdparty.io.netty.allocator.useCacheForAllThreads=false in command line.
2019-10-22 00:03:00,652 [main] INFO  grpc.GrpcConfigKeys$Server (ConfUtils.java:logGet(43)) - raft.grpc.server.port = 0 (default)
2019-10-22 00:03:00,653 [main] INFO  server.GrpcService (ConfUtils.java:logGet(43)) - raft.grpc.message.size.max = 33570816 (custom)
2019-10-22 00:03:00,653 [main] INFO  server.RaftServerConfigKeys (ConfUtils.java:logGet(43)) - raft.server.log.appender.buffer.byte-limit = 33554432 (custom)
2019-10-22 00:03:00,653 [main] INFO  server.GrpcService (ConfUtils.java:logGet(43)) - raft.grpc.flow.control.window = 1MB (=1048576) (default)
2019-10-22 00:03:00,653 [main] INFO  server.RaftServerConfigKeys (ConfUtils.java:logGet(43)) - raft.server.rpc.request.timeout = 3000ms (default)
2019-10-22 00:03:00,655 [main] INFO  server.RaftServerConfigKeys (ConfUtils.java:logGet(43)) - raft.server.storage.dir = [/workdir/hadoop-ozone/integration-test/target/test-dir/MiniOzoneClusterImpl-8b3f1bd7-87d6-49e7-a08b-7cd236893d43/datanode-2/data/ratis] (custom)
2019-10-22 00:03:00,659 [main] INFO  hdfs.DFSUtil (DFSUtil.java:httpServerTemplateForNNAndJN(1641)) - Starting Web-server for hddsDatanode at: http://0.0.0.0:0
2019-10-22 00:03:00,661 [main] INFO  server.AuthenticationFilter (AuthenticationFilter.java:constructSecretProvider(240)) - Unable to initialize FileSignerSecretProvider, falling back to use random secrets.
2019-10-22 00:03:00,661 [main] WARN  http.HttpRequestLog (HttpRequestLog.java:getRequestLog(97)) - Jetty request log can only be enabled using Log4j
2019-10-22 00:03:00,663 [main] INFO  http.HttpServer2 (HttpServer2.java:addGlobalFilter(975)) - Added global filter 'safety' (class=org.apache.hadoop.http.HttpServer2$QuotingInputFilter)
2019-10-22 00:03:00,664 [main] INFO  http.HttpServer2 (HttpServer2.java:addFilter(948)) - Added filter static_user_filter (class=org.apache.hadoop.http.lib.StaticUserWebFilter$StaticUserFilter) to context hddsDatanode
2019-10-22 00:03:00,665 [main] INFO  http.HttpServer2 (HttpServer2.java:addFilter(958)) - Added filter static_user_filter (class=org.apache.hadoop.http.lib.StaticUserWebFilter$StaticUserFilter) to context static
2019-10-22 00:03:00,665 [main] INFO  http.HttpServer2 (HttpServer2.java:addFilter(958)) - Added filter static_user_filter (class=org.apache.hadoop.http.lib.StaticUserWebFilter$StaticUserFilter) to context logs
2019-10-22 00:03:00,666 [main] INFO  http.HttpServer2 (HttpServer2.java:bindListener(1191)) - Jetty bound to port 46820
2019-10-22 00:03:00,666 [main] INFO  server.Server (Server.java:doStart(351)) - jetty-9.3.25.v20180904, build timestamp: 2018-09-04T21:11:46Z, git hash: 3ce520221d0240229c862b122d2b06c12a625732
2019-10-22 00:03:00,668 [main] INFO  handler.ContextHandler (ContextHandler.java:doStart(781)) - Started o.e.j.s.ServletContextHandler@6920614{/logs,file:///workdir/hadoop-ozone/integration-test/target/log,AVAILABLE}
2019-10-22 00:03:00,669 [main] INFO  handler.ContextHandler (ContextHandler.java:doStart(781)) - Started o.e.j.s.ServletContextHandler@5fa23c{/static,jar:file:/home/user/.m2/repository/org/apache/hadoop/hadoop-hdds-container-service/0.5.0-SNAPSHOT/hadoop-hdds-container-service-0.5.0-SNAPSHOT.jar!/webapps/static,AVAILABLE}
2019-10-22 00:03:00,684 [Datanode State Machine Thread - 0] INFO  datanode.InitDatanodeState (InitDatanodeState.java:persistContainerDatanodeDetails(140)) - DatanodeDetails is persisted to /workdir/hadoop-ozone/integration-test/target/test-dir/MiniOzoneClusterImpl-8b3f1bd7-87d6-49e7-a08b-7cd236893d43/datanode-0/meta/datanode.id
2019-10-22 00:03:00,688 [Datanode State Machine Thread - 0] INFO  datanode.InitDatanodeState (InitDatanodeState.java:persistContainerDatanodeDetails(140)) - DatanodeDetails is persisted to /workdir/hadoop-ozone/integration-test/target/test-dir/MiniOzoneClusterImpl-8b3f1bd7-87d6-49e7-a08b-7cd236893d43/datanode-1/meta/datanode.id
2019-10-22 00:03:00,713 [main] INFO  handler.ContextHandler (ContextHandler.java:doStart(781)) - Started o.e.j.w.WebAppContext@7a0e7ecd{/,file:///tmp/jetty-0.0.0.0-46820-hddsDatanode-_-any-760367148631378874.dir/webapp/,AVAILABLE}{/hddsDatanode}
2019-10-22 00:03:00,715 [main] INFO  server.AbstractConnector (AbstractConnector.java:doStart(278)) - Started ServerConnector@54e3658c{HTTP/1.1,[http/1.1]}{0.0.0.0:46820}
2019-10-22 00:03:00,716 [main] INFO  server.Server (Server.java:doStart(419)) - Started @5119ms
2019-10-22 00:03:00,716 [main] WARN  impl.MetricsSystemImpl (MetricsSystemImpl.java:register(276)) - Sink prometheus already exists!
2019-10-22 00:03:00,717 [main] INFO  server.BaseHttpServer (BaseHttpServer.java:updateConnectorAddress(215)) - HTTP server of HDDSDATANODE is listening at http://0.0.0.0:46820
2019-10-22 00:03:00,719 [main] INFO  ozone.MiniOzoneClusterImpl (MiniOzoneClusterImpl.java:lambda$waitForClusterToBeReady$0(147)) - Waiting for cluster to be ready. Got 0 of 3 DN Heartbeats.
2019-10-22 00:03:00,720 [org.apache.hadoop.util.JvmPauseMonitor$Monitor@2127a17d] INFO  util.JvmPauseMonitor (JvmPauseMonitor.java:run(188)) - Starting JVM pause monitor
2019-10-22 00:03:00,724 [Datanode State Machine Thread - 0] INFO  datanode.InitDatanodeState (InitDatanodeState.java:persistContainerDatanodeDetails(140)) - DatanodeDetails is persisted to /workdir/hadoop-ozone/integration-test/target/test-dir/MiniOzoneClusterImpl-8b3f1bd7-87d6-49e7-a08b-7cd236893d43/datanode-2/meta/datanode.id
2019-10-22 00:03:01,720 [main] INFO  ozone.MiniOzoneClusterImpl (MiniOzoneClusterImpl.java:lambda$waitForClusterToBeReady$0(147)) - Waiting for cluster to be ready. Got 0 of 3 DN Heartbeats.
2019-10-22 00:03:02,720 [main] INFO  ozone.MiniOzoneClusterImpl (MiniOzoneClusterImpl.java:lambda$waitForClusterToBeReady$0(147)) - Waiting for cluster to be ready. Got 0 of 3 DN Heartbeats.
2019-10-22 00:03:02,887 [Datanode State Machine Thread - 0] INFO  ozoneimpl.OzoneContainer (OzoneContainer.java:start(213)) - Attempting to start container services.
2019-10-22 00:03:02,887 [Datanode State Machine Thread - 0] INFO  ozoneimpl.OzoneContainer (OzoneContainer.java:start(213)) - Attempting to start container services.
2019-10-22 00:03:02,887 [Datanode State Machine Thread - 0] INFO  ozoneimpl.OzoneContainer (OzoneContainer.java:start(213)) - Attempting to start container services.
2019-10-22 00:03:02,891 [Datanode State Machine Thread - 0] INFO  ozoneimpl.OzoneContainer (OzoneContainer.java:startContainerScrub(177)) - Background container scanner has been disabled.
2019-10-22 00:03:02,891 [Datanode State Machine Thread - 0] INFO  ratis.XceiverServerRatis (XceiverServerRatis.java:start(418)) - Starting XceiverServerRatis fe2f4460-1173-45ac-8f62-3ccbe442b4a3 at port 0
2019-10-22 00:03:02,891 [Datanode State Machine Thread - 0] INFO  ozoneimpl.OzoneContainer (OzoneContainer.java:startContainerScrub(177)) - Background container scanner has been disabled.
2019-10-22 00:03:02,891 [Datanode State Machine Thread - 0] INFO  ratis.XceiverServerRatis (XceiverServerRatis.java:start(418)) - Starting XceiverServerRatis 0d315fbd-ade0-427f-8a57-9b8f4a7ccba2 at port 0
2019-10-22 00:03:02,892 [Datanode State Machine Thread - 0] INFO  ozoneimpl.OzoneContainer (OzoneContainer.java:startContainerScrub(177)) - Background container scanner has been disabled.
2019-10-22 00:03:02,893 [Datanode State Machine Thread - 0] INFO  ratis.XceiverServerRatis (XceiverServerRatis.java:start(418)) - Starting XceiverServerRatis bec42651-2cde-4fcc-b688-684a384bc6fb at port 0
2019-10-22 00:03:02,932 [Datanode State Machine Thread - 0] INFO  impl.RaftServerProxy (RaftServerProxy.java:lambda$start$3(299)) - bec42651-2cde-4fcc-b688-684a384bc6fb: start RPC server
2019-10-22 00:03:02,932 [Datanode State Machine Thread - 0] INFO  impl.RaftServerProxy (RaftServerProxy.java:lambda$start$3(299)) - 0d315fbd-ade0-427f-8a57-9b8f4a7ccba2: start RPC server
2019-10-22 00:03:02,932 [Datanode State Machine Thread - 0] INFO  impl.RaftServerProxy (RaftServerProxy.java:lambda$start$3(299)) - fe2f4460-1173-45ac-8f62-3ccbe442b4a3: start RPC server
2019-10-22 00:03:03,056 [Datanode State Machine Thread - 0] INFO  server.GrpcService (GrpcService.java:startImpl(158)) - 0d315fbd-ade0-427f-8a57-9b8f4a7ccba2: GrpcService started, listening on 0.0.0.0/0.0.0.0:43029
2019-10-22 00:03:03,056 [Datanode State Machine Thread - 0] INFO  server.GrpcService (GrpcService.java:startImpl(158)) - bec42651-2cde-4fcc-b688-684a384bc6fb: GrpcService started, listening on 0.0.0.0/0.0.0.0:46415
2019-10-22 00:03:03,056 [Datanode State Machine Thread - 0] INFO  server.GrpcService (GrpcService.java:startImpl(158)) - fe2f4460-1173-45ac-8f62-3ccbe442b4a3: GrpcService started, listening on 0.0.0.0/0.0.0.0:43148
2019-10-22 00:03:03,057 [Datanode State Machine Thread - 0] INFO  ratis.XceiverServerRatis (XceiverServerRatis.java:start(428)) - XceiverServerRatis bec42651-2cde-4fcc-b688-684a384bc6fb is started using port 46415
2019-10-22 00:03:03,057 [Datanode State Machine Thread - 0] INFO  ratis.XceiverServerRatis (XceiverServerRatis.java:start(428)) - XceiverServerRatis 0d315fbd-ade0-427f-8a57-9b8f4a7ccba2 is started using port 43029
2019-10-22 00:03:03,057 [Datanode State Machine Thread - 0] INFO  ratis.XceiverServerRatis (XceiverServerRatis.java:start(428)) - XceiverServerRatis fe2f4460-1173-45ac-8f62-3ccbe442b4a3 is started using port 43148
2019-10-22 00:03:03,062 [Datanode State Machine Thread - 0] INFO  server.XceiverServerGrpc (XceiverServerGrpc.java:start(149)) - XceiverServerGrpc fe2f4460-1173-45ac-8f62-3ccbe442b4a3 is started using port 33408
2019-10-22 00:03:03,062 [Datanode State Machine Thread - 0] INFO  server.XceiverServerGrpc (XceiverServerGrpc.java:start(149)) - XceiverServerGrpc 0d315fbd-ade0-427f-8a57-9b8f4a7ccba2 is started using port 44277
2019-10-22 00:03:03,062 [Datanode State Machine Thread - 0] INFO  server.XceiverServerGrpc (XceiverServerGrpc.java:start(149)) - XceiverServerGrpc bec42651-2cde-4fcc-b688-684a384bc6fb is started using port 36318
2019-10-22 00:03:03,721 [main] INFO  ozone.MiniOzoneClusterImpl (MiniOzoneClusterImpl.java:lambda$waitForClusterToBeReady$0(147)) - Waiting for cluster to be ready. Got 0 of 3 DN Heartbeats.
2019-10-22 00:03:04,575 [IPC Server handler 1 on 35702] INFO  net.NetworkTopology (NetworkTopologyImpl.java:add(111)) - Added a new node: /default-rack/bec42651-2cde-4fcc-b688-684a384bc6fb
2019-10-22 00:03:04,576 [IPC Server handler 1 on 35702] INFO  node.SCMNodeManager (SCMNodeManager.java:register(268)) - Registered Data node : bec42651-2cde-4fcc-b688-684a384bc6fb{ip: 192.168.157.254, host: pr-hdds-2343-5q8j9-3338874002, networkLocation: /default-rack, certSerialId: null}
2019-10-22 00:03:04,579 [EventQueue-NodeRegistrationContainerReportForDataNodeSafeModeRule] INFO  safemode.SCMSafeModeManager (DataNodeSafeModeRule.java:process(71)) - SCM in safe mode. 1 DataNodes registered, 1 required.
2019-10-22 00:03:04,579 [EventQueue-NodeRegistrationContainerReportForDataNodeSafeModeRule] INFO  safemode.SCMSafeModeManager (SCMSafeModeManager.java:validateSafeModeExitRules(177)) - ScmSafeModeManager, all rules are successfully validated
2019-10-22 00:03:04,579 [EventQueue-NodeRegistrationContainerReportForDataNodeSafeModeRule] INFO  safemode.SCMSafeModeManager (SCMSafeModeManager.java:exitSafeMode(193)) - SCM exiting safe mode.
2019-10-22 00:03:04,626 [IPC Server handler 2 on 35702] INFO  net.NetworkTopology (NetworkTopologyImpl.java:add(111)) - Added a new node: /default-rack/0d315fbd-ade0-427f-8a57-9b8f4a7ccba2
2019-10-22 00:03:04,627 [IPC Server handler 2 on 35702] INFO  node.SCMNodeManager (SCMNodeManager.java:register(268)) - Registered Data node : 0d315fbd-ade0-427f-8a57-9b8f4a7ccba2{ip: 192.168.157.254, host: pr-hdds-2343-5q8j9-3338874002, networkLocation: /default-rack, certSerialId: null}
2019-10-22 00:03:04,722 [main] INFO  ozone.MiniOzoneClusterImpl (MiniOzoneClusterImpl.java:lambda$waitForClusterToBeReady$0(147)) - Waiting for cluster to be ready. Got 2 of 3 DN Heartbeats.
2019-10-22 00:03:04,723 [IPC Server handler 1 on 35702] INFO  net.NetworkTopology (NetworkTopologyImpl.java:add(111)) - Added a new node: /default-rack/fe2f4460-1173-45ac-8f62-3ccbe442b4a3
2019-10-22 00:03:04,723 [IPC Server handler 1 on 35702] INFO  node.SCMNodeManager (SCMNodeManager.java:register(268)) - Registered Data node : fe2f4460-1173-45ac-8f62-3ccbe442b4a3{ip: 192.168.157.254, host: pr-hdds-2343-5q8j9-3338874002, networkLocation: /default-rack, certSerialId: null}
2019-10-22 00:03:05,049 [grpc-default-executor-0] INFO  impl.RaftServerProxy (RaftServerProxy.java:addNew(89)) - bec42651-2cde-4fcc-b688-684a384bc6fb: addNew group-CA715C3D59BF:[bec42651-2cde-4fcc-b688-684a384bc6fb:192.168.157.254:46415] returns group-CA715C3D59BF:java.util.concurrent.CompletableFuture@295c12b3[Not completed]
2019-10-22 00:03:05,060 [pool-27-thread-1] INFO  impl.RaftServerImpl (RaftServerImpl.java:<init>(104)) - bec42651-2cde-4fcc-b688-684a384bc6fb: new RaftServerImpl for group-CA715C3D59BF:[bec42651-2cde-4fcc-b688-684a384bc6fb:192.168.157.254:46415] with ContainerStateMachine:uninitialized
2019-10-22 00:03:05,063 [pool-27-thread-1] INFO  server.RaftServerConfigKeys (ConfUtils.java:logGet(43)) - raft.server.rpc.timeout.min = 5s (custom)
2019-10-22 00:03:05,064 [pool-27-thread-1] INFO  server.RaftServerConfigKeys (ConfUtils.java:logGet(43)) - raft.server.rpc.timeout.max = 5200ms (custom)
2019-10-22 00:03:05,065 [pool-27-thread-1] INFO  server.RaftServerConfigKeys (ConfUtils.java:logGet(43)) - raft.server.rpcslowness.timeout = 1000s (custom)
2019-10-22 00:03:05,065 [pool-27-thread-1] INFO  server.RaftServerConfigKeys (ConfUtils.java:logGet(43)) - raft.server.sleep.deviation.threshold = 300 (default)
2019-10-22 00:03:05,066 [pool-27-thread-1] INFO  server.RaftServerConfigKeys (ConfUtils.java:logGet(43)) - raft.server.log.appender.install.snapshot.enabled = false (custom)
2019-10-22 00:03:05,075 [pool-27-thread-1] INFO  impl.RaftServerImpl (ServerState.java:<init>(103)) - bec42651-2cde-4fcc-b688-684a384bc6fb@group-CA715C3D59BF: ConfigurationManager, init=-1: [bec42651-2cde-4fcc-b688-684a384bc6fb:192.168.157.254:46415], old=null, confs=<EMPTY_MAP>
2019-10-22 00:03:05,076 [pool-27-thread-1] INFO  server.RaftServerConfigKeys (ConfUtils.java:logGet(43)) - raft.server.storage.dir = [/workdir/hadoop-ozone/integration-test/target/test-dir/MiniOzoneClusterImpl-8b3f1bd7-87d6-49e7-a08b-7cd236893d43/datanode-0/data/ratis] (custom)
2019-10-22 00:03:05,081 [pool-27-thread-1] INFO  server.RaftServerConfigKeys (ConfUtils.java:logGet(43)) - raft.server.log.corruption.policy = EXCEPTION (default)
2019-10-22 00:03:05,083 [pool-27-thread-1] INFO  storage.RaftStorageDirectory (RaftStorageDirectory.java:analyzeStorage(246)) - The storage directory /workdir/hadoop-ozone/integration-test/target/test-dir/MiniOzoneClusterImpl-8b3f1bd7-87d6-49e7-a08b-7cd236893d43/datanode-0/data/ratis/eecc061e-4d3e-4124-8164-ca715c3d59bf does not exist. Creating ...
2019-10-22 00:03:05,101 [pool-27-thread-1] INFO  storage.RaftStorageDirectory (RaftStorageDirectory.java:tryLock(328)) - Lock on /workdir/hadoop-ozone/integration-test/target/test-dir/MiniOzoneClusterImpl-8b3f1bd7-87d6-49e7-a08b-7cd236893d43/datanode-0/data/ratis/eecc061e-4d3e-4124-8164-ca715c3d59bf/in_use.lock acquired by nodename 23642@pr-hdds-2343-5q8j9-3338874002
2019-10-22 00:03:05,107 [pool-27-thread-1] INFO  storage.RaftStorage (RaftStorage.java:format(84)) - Storage directory /workdir/hadoop-ozone/integration-test/target/test-dir/MiniOzoneClusterImpl-8b3f1bd7-87d6-49e7-a08b-7cd236893d43/datanode-0/data/ratis/eecc061e-4d3e-4124-8164-ca715c3d59bf has been successfully formatted.
2019-10-22 00:03:05,109 [pool-27-thread-1] INFO  ratis.ContainerStateMachine (ContainerStateMachine.java:loadSnapshot(231)) - group-CA715C3D59BF: The snapshot info is null. Setting the last applied indexto:(t:0, i:~)
2019-10-22 00:03:05,109 [pool-27-thread-1] INFO  server.RaftServerConfigKeys (ConfUtils.java:logGet(43)) - raft.server.notification.no-leader.timeout = 1000s (custom)
2019-10-22 00:03:05,111 [pool-27-thread-1] INFO  server.RaftServerConfigKeys (ConfUtils.java:logGet(43)) - raft.server.log.use.memory = false (default)
2019-10-22 00:03:05,116 [pool-27-thread-1] INFO  server.RaftServerConfigKeys (ConfUtils.java:logGet(43)) - raft.server.log.purge.gap = 1000000 (custom)
2019-10-22 00:03:05,116 [pool-27-thread-1] INFO  server.RaftServerConfigKeys (ConfUtils.java:logGet(43)) - raft.server.log.appender.buffer.byte-limit = 33554432 (custom)
2019-10-22 00:03:05,118 [pool-27-thread-1] INFO  server.RaftServerConfigKeys (ConfUtils.java:logGet(43)) - raft.server.log.segment.size.max = 1048576 (custom)
2019-10-22 00:03:05,119 [pool-27-thread-1] INFO  impl.MetricsSystemImpl (MetricsSystemImpl.java:init(158)) - ratis metrics system started (again)
2019-10-22 00:03:05,123 [pool-27-thread-1] INFO  metrics.MetricRegistries (MetricRegistriesLoader.java:load(64)) - Loaded MetricRegistries class org.apache.ratis.metrics.impl.MetricRegistriesImpl
2019-10-22 00:03:05,152 [pool-27-thread-1] INFO  server.RaftServerConfigKeys (ConfUtils.java:logGet(43)) - raft.server.log.segment.cache.num.max = 2 (custom)
2019-10-22 00:03:05,157 [pool-27-thread-1] INFO  segmented.SegmentedRaftLogWorker (SegmentedRaftLogWorker.java:<init>(173)) - new bec42651-2cde-4fcc-b688-684a384bc6fb@group-CA715C3D59BF-SegmentedRaftLogWorker for RaftStorage:Storage Directory /workdir/hadoop-ozone/integration-test/target/test-dir/MiniOzoneClusterImpl-8b3f1bd7-87d6-49e7-a08b-7cd236893d43/datanode-0/data/ratis/eecc061e-4d3e-4124-8164-ca715c3d59bf
2019-10-22 00:03:05,158 [pool-27-thread-1] INFO  server.RaftServerConfigKeys (ConfUtils.java:logGet(43)) - raft.server.log.queue.byte-limit = 2147483647 (custom)
2019-10-22 00:03:05,158 [pool-27-thread-1] INFO  server.RaftServerConfigKeys (ConfUtils.java:logGet(43)) - raft.server.log.queue.element-limit = 1024 (custom)
2019-10-22 00:03:05,159 [pool-27-thread-1] INFO  server.RaftServerConfigKeys (ConfUtils.java:logGet(43)) - raft.server.log.segment.size.max = 1048576 (custom)
2019-10-22 00:03:05,160 [pool-27-thread-1] INFO  server.RaftServerConfigKeys (ConfUtils.java:logGet(43)) - raft.server.log.preallocated.size = 16384 (custom)
2019-10-22 00:03:05,160 [pool-27-thread-1] INFO  server.RaftServerConfigKeys (ConfUtils.java:logGet(43)) - raft.server.log.write.buffer.size = 33554432 (custom)
2019-10-22 00:03:05,160 [pool-27-thread-1] INFO  server.RaftServerConfigKeys (ConfUtils.java:logGet(43)) - raft.server.log.force.sync.num = 128 (default)
2019-10-22 00:03:05,161 [pool-27-thread-1] INFO  server.RaftServerConfigKeys (ConfUtils.java:logGet(43)) - raft.server.log.statemachine.data.sync = true (default)
2019-10-22 00:03:05,161 [pool-27-thread-1] INFO  server.RaftServerConfigKeys (ConfUtils.java:logGet(43)) - raft.server.log.statemachine.data.sync.timeout = 10s (default)
2019-10-22 00:03:05,162 [pool-27-thread-1] INFO  server.RaftServerConfigKeys (ConfUtils.java:logGet(43)) - raft.server.log.statemachine.data.sync.timeout.retry = -1 (default)
2019-10-22 00:03:05,172 [pool-27-thread-1] INFO  server.RaftServerConfigKeys (ConfUtils.java:logGet(43)) - raft.server.log.statemachine.data.caching.enabled = true (custom)
2019-10-22 00:03:05,176 [pool-27-thread-1] INFO  segmented.SegmentedRaftLogWorker (SegmentedRaftLogWorker.java:lambda$new$0(128)) - bec42651-2cde-4fcc-b688-684a384bc6fb@group-CA715C3D59BF-SegmentedRaftLogWorker: flushIndex: setUnconditionally 0 -> -1
2019-10-22 00:03:05,179 [pool-27-thread-1] INFO  server.RaftServerConfigKeys (ConfUtils.java:logGet(43)) - raft.server.snapshot.auto.trigger.enabled = true (custom)
2019-10-22 00:03:05,180 [pool-27-thread-1] INFO  server.RaftServerConfigKeys (ConfUtils.java:logGet(43)) - raft.server.snapshot.auto.trigger.threshold = 10000 (custom)
2019-10-22 00:03:05,180 [pool-27-thread-1] INFO  server.RaftServerConfigKeys (ConfUtils.java:logGet(43)) - raft.server.snapshot.retention.file.num = 5 (custom)
2019-10-22 00:03:05,181 [pool-27-thread-1] INFO  server.RaftServerConfigKeys (ConfUtils.java:logGet(43)) - raft.server.retrycache.expirytime = 600000ms (custom)
2019-10-22 00:03:05,209 [pool-27-thread-1] INFO  impl.RaftServerImpl (RaftServerImpl.java:start(195)) - bec42651-2cde-4fcc-b688-684a384bc6fb@group-CA715C3D59BF: start as a follower, conf=-1: [bec42651-2cde-4fcc-b688-684a384bc6fb:192.168.157.254:46415], old=null
2019-10-22 00:03:05,210 [pool-27-thread-1] INFO  impl.RaftServerImpl (RaftServerImpl.java:setRole(184)) - bec42651-2cde-4fcc-b688-684a384bc6fb@group-CA715C3D59BF: changes role from      null to FOLLOWER at term 0 for startAsFollower
2019-10-22 00:03:05,211 [pool-27-thread-1] INFO  impl.RoleInfo (RoleInfo.java:updateAndGet(143)) - bec42651-2cde-4fcc-b688-684a384bc6fb: start FollowerState
2019-10-22 00:03:05,213 [pool-27-thread-1] INFO  util.JmxRegister (JmxRegister.java:tryRegister(44)) - Successfully registered JMX Bean with object name Ratis:service=RaftServer,group=group-CA715C3D59BF,id=bec42651-2cde-4fcc-b688-684a384bc6fb
2019-10-22 00:03:05,250 [Thread-186] INFO  impl.FollowerState (FollowerState.java:run(108)) - bec42651-2cde-4fcc-b688-684a384bc6fb@group-CA715C3D59BF-FollowerState: change to CANDIDATE, lastRpcTime:39ms, electionTimeout:38ms
2019-10-22 00:03:05,252 [Thread-186] INFO  impl.RoleInfo (RoleInfo.java:shutdownFollowerState(121)) - bec42651-2cde-4fcc-b688-684a384bc6fb: shutdown FollowerState
2019-10-22 00:03:05,253 [Thread-186] INFO  impl.RaftServerImpl (RaftServerImpl.java:setRole(184)) - bec42651-2cde-4fcc-b688-684a384bc6fb@group-CA715C3D59BF: changes role from  FOLLOWER to CANDIDATE at term 0 for changeToCandidate
2019-10-22 00:03:05,258 [Thread-186] INFO  impl.RoleInfo (RoleInfo.java:updateAndGet(143)) - bec42651-2cde-4fcc-b688-684a384bc6fb: start LeaderElection
2019-10-22 00:03:05,264 [bec42651-2cde-4fcc-b688-684a384bc6fb@group-CA715C3D59BF-LeaderElection1] INFO  impl.LeaderElection (LeaderElection.java:askForVotes(178)) - bec42651-2cde-4fcc-b688-684a384bc6fb@group-CA715C3D59BF-LeaderElection1: begin an election at term 1 for -1: [bec42651-2cde-4fcc-b688-684a384bc6fb:192.168.157.254:46415], old=null
2019-10-22 00:03:05,265 [bec42651-2cde-4fcc-b688-684a384bc6fb@group-CA715C3D59BF-LeaderElection1] INFO  impl.RoleInfo (RoleInfo.java:shutdownLeaderElection(134)) - bec42651-2cde-4fcc-b688-684a384bc6fb: shutdown LeaderElection
2019-10-22 00:03:05,266 [bec42651-2cde-4fcc-b688-684a384bc6fb@group-CA715C3D59BF-LeaderElection1] INFO  impl.RaftServerImpl (RaftServerImpl.java:setRole(184)) - bec42651-2cde-4fcc-b688-684a384bc6fb@group-CA715C3D59BF: changes role from CANDIDATE to LEADER at term 1 for changeToLeader
2019-10-22 00:03:05,266 [bec42651-2cde-4fcc-b688-684a384bc6fb@group-CA715C3D59BF-LeaderElection1] INFO  impl.RaftServerImpl (ServerState.java:setLeader(256)) - bec42651-2cde-4fcc-b688-684a384bc6fb@group-CA715C3D59BF: change Leader from null to bec42651-2cde-4fcc-b688-684a384bc6fb at term 1 for becomeLeader, leader elected after 157ms
2019-10-22 00:03:05,271 [bec42651-2cde-4fcc-b688-684a384bc6fb@group-CA715C3D59BF-LeaderElection1] INFO  server.RaftServerConfigKeys (ConfUtils.java:logGet(43)) - raft.server.staging.catchup.gap = 1000 (default)
2019-10-22 00:03:05,272 [bec42651-2cde-4fcc-b688-684a384bc6fb@group-CA715C3D59BF-LeaderElection1] INFO  server.RaftServerConfigKeys (ConfUtils.java:logGet(43)) - raft.server.rpc.sleep.time = 25ms (default)
2019-10-22 00:03:05,276 [bec42651-2cde-4fcc-b688-684a384bc6fb@group-CA715C3D59BF-LeaderElection1] INFO  server.RaftServerConfigKeys (ConfUtils.java:logGet(43)) - raft.server.write.element-limit = 4096 (default)
2019-10-22 00:03:05,278 [bec42651-2cde-4fcc-b688-684a384bc6fb@group-CA715C3D59BF-LeaderElection1] INFO  server.RaftServerConfigKeys (ConfUtils.java:logGet(43)) - raft.server.watch.timeout = 10s (default)
2019-10-22 00:03:05,279 [bec42651-2cde-4fcc-b688-684a384bc6fb@group-CA715C3D59BF-LeaderElection1] INFO  server.RaftServerConfigKeys (ConfUtils.java:logGet(43)) - raft.server.watch.timeout.denomination = 1s (default)
2019-10-22 00:03:05,280 [bec42651-2cde-4fcc-b688-684a384bc6fb@group-CA715C3D59BF-LeaderElection1] INFO  server.RaftServerConfigKeys (ConfUtils.java:logGet(43)) - raft.server.watch.element-limit = 65536 (default)
2019-10-22 00:03:05,303 [RatisPipelineUtilsThread] INFO  pipeline.PipelineStateManager (PipelineStateManager.java:addPipeline(56)) - Created pipeline Pipeline[ Id: eecc061e-4d3e-4124-8164-ca715c3d59bf, Nodes: bec42651-2cde-4fcc-b688-684a384bc6fb{ip: 192.168.157.254, host: pr-hdds-2343-5q8j9-3338874002, networkLocation: /default-rack, certSerialId: null}, Type:RATIS, Factor:ONE, State:OPEN]
2019-10-22 00:03:05,314 [bec42651-2cde-4fcc-b688-684a384bc6fb@group-CA715C3D59BF-LeaderElection1] INFO  impl.RoleInfo (RoleInfo.java:updateAndGet(143)) - bec42651-2cde-4fcc-b688-684a384bc6fb: start LeaderState
2019-10-22 00:03:05,318 [grpc-default-executor-0] INFO  impl.RaftServerProxy (RaftServerProxy.java:addNew(89)) - 0d315fbd-ade0-427f-8a57-9b8f4a7ccba2: addNew group-4D27A458C2CB:[0d315fbd-ade0-427f-8a57-9b8f4a7ccba2:192.168.157.254:43029] returns group-4D27A458C2CB:java.util.concurrent.CompletableFuture@6d493930[Not completed]
2019-10-22 00:03:05,319 [pool-37-thread-1] INFO  impl.RaftServerImpl (RaftServerImpl.java:<init>(104)) - 0d315fbd-ade0-427f-8a57-9b8f4a7ccba2: new RaftServerImpl for group-4D27A458C2CB:[0d315fbd-ade0-427f-8a57-9b8f4a7ccba2:192.168.157.254:43029] with ContainerStateMachine:uninitialized
2019-10-22 00:03:05,320 [pool-37-thread-1] INFO  server.RaftServerConfigKeys (ConfUtils.java:logGet(43)) - raft.server.rpc.timeout.min = 5s (custom)
2019-10-22 00:03:05,320 [pool-37-thread-1] INFO  server.RaftServerConfigKeys (ConfUtils.java:logGet(43)) - raft.server.rpc.timeout.max = 5200ms (custom)
2019-10-22 00:03:05,320 [pool-37-thread-1] INFO  server.RaftServerConfigKeys (ConfUtils.java:logGet(43)) - raft.server.rpcslowness.timeout = 1000s (custom)
2019-10-22 00:03:05,320 [pool-37-thread-1] INFO  server.RaftServerConfigKeys (ConfUtils.java:logGet(43)) - raft.server.sleep.deviation.threshold = 300 (default)
2019-10-22 00:03:05,321 [pool-37-thread-1] INFO  server.RaftServerConfigKeys (ConfUtils.java:logGet(43)) - raft.server.log.appender.install.snapshot.enabled = false (custom)
2019-10-22 00:03:05,321 [pool-37-thread-1] INFO  impl.RaftServerImpl (ServerState.java:<init>(103)) - 0d315fbd-ade0-427f-8a57-9b8f4a7ccba2@group-4D27A458C2CB: ConfigurationManager, init=-1: [0d315fbd-ade0-427f-8a57-9b8f4a7ccba2:192.168.157.254:43029], old=null, confs=<EMPTY_MAP>
2019-10-22 00:03:05,321 [pool-37-thread-1] INFO  server.RaftServerConfigKeys (ConfUtils.java:logGet(43)) - raft.server.storage.dir = [/workdir/hadoop-ozone/integration-test/target/test-dir/MiniOzoneClusterImpl-8b3f1bd7-87d6-49e7-a08b-7cd236893d43/datanode-1/data/ratis] (custom)
2019-10-22 00:03:05,321 [pool-37-thread-1] INFO  server.RaftServerConfigKeys (ConfUtils.java:logGet(43)) - raft.server.log.corruption.policy = EXCEPTION (default)
2019-10-22 00:03:05,322 [pool-37-thread-1] INFO  storage.RaftStorageDirectory (RaftStorageDirectory.java:analyzeStorage(246)) - The storage directory /workdir/hadoop-ozone/integration-test/target/test-dir/MiniOzoneClusterImpl-8b3f1bd7-87d6-49e7-a08b-7cd236893d43/datanode-1/data/ratis/82161d29-0b95-4da4-b638-4d27a458c2cb does not exist. Creating ...
2019-10-22 00:03:05,334 [bec42651-2cde-4fcc-b688-684a384bc6fb@group-CA715C3D59BF-LeaderElection1] INFO  segmented.SegmentedRaftLogWorker (SegmentedRaftLogWorker.java:startLogSegment(385)) - bec42651-2cde-4fcc-b688-684a384bc6fb@group-CA715C3D59BF-SegmentedRaftLogWorker: Starting segment from index:0
2019-10-22 00:03:05,344 [bec42651-2cde-4fcc-b688-684a384bc6fb@group-CA715C3D59BF-LeaderElection1] INFO  impl.RaftServerImpl (ServerState.java:setRaftConf(357)) - bec42651-2cde-4fcc-b688-684a384bc6fb@group-CA715C3D59BF: set configuration 0: [bec42651-2cde-4fcc-b688-684a384bc6fb:192.168.157.254:46415], old=null at 0
2019-10-22 00:03:05,344 [pool-37-thread-1] INFO  storage.RaftStorageDirectory (RaftStorageDirectory.java:tryLock(328)) - Lock on /workdir/hadoop-ozone/integration-test/target/test-dir/MiniOzoneClusterImpl-8b3f1bd7-87d6-49e7-a08b-7cd236893d43/datanode-1/data/ratis/82161d29-0b95-4da4-b638-4d27a458c2cb/in_use.lock acquired by nodename 23642@pr-hdds-2343-5q8j9-3338874002
2019-10-22 00:03:05,358 [pool-37-thread-1] INFO  storage.RaftStorage (RaftStorage.java:format(84)) - Storage directory /workdir/hadoop-ozone/integration-test/target/test-dir/MiniOzoneClusterImpl-8b3f1bd7-87d6-49e7-a08b-7cd236893d43/datanode-1/data/ratis/82161d29-0b95-4da4-b638-4d27a458c2cb has been successfully formatted.
2019-10-22 00:03:05,360 [pool-37-thread-1] INFO  ratis.ContainerStateMachine (ContainerStateMachine.java:loadSnapshot(231)) - group-4D27A458C2CB: The snapshot info is null. Setting the last applied indexto:(t:0, i:~)
2019-10-22 00:03:05,360 [pool-37-thread-1] INFO  server.RaftServerConfigKeys (ConfUtils.java:logGet(43)) - raft.server.notification.no-leader.timeout = 1000s (custom)
2019-10-22 00:03:05,360 [pool-37-thread-1] INFO  server.RaftServerConfigKeys (ConfUtils.java:logGet(43)) - raft.server.log.use.memory = false (default)
2019-10-22 00:03:05,361 [pool-37-thread-1] INFO  server.RaftServerConfigKeys (ConfUtils.java:logGet(43)) - raft.server.log.purge.gap = 1000000 (custom)
2019-10-22 00:03:05,361 [pool-37-thread-1] INFO  server.RaftServerConfigKeys (ConfUtils.java:logGet(43)) - raft.server.log.appender.buffer.byte-limit = 33554432 (custom)
2019-10-22 00:03:05,361 [pool-37-thread-1] INFO  server.RaftServerConfigKeys (ConfUtils.java:logGet(43)) - raft.server.log.segment.size.max = 1048576 (custom)
2019-10-22 00:03:05,377 [pool-37-thread-1] INFO  server.RaftServerConfigKeys (ConfUtils.java:logGet(43)) - raft.server.log.segment.cache.num.max = 2 (custom)
2019-10-22 00:03:05,378 [pool-37-thread-1] INFO  segmented.SegmentedRaftLogWorker (SegmentedRaftLogWorker.java:<init>(173)) - new 0d315fbd-ade0-427f-8a57-9b8f4a7ccba2@group-4D27A458C2CB-SegmentedRaftLogWorker for RaftStorage:Storage Directory /workdir/hadoop-ozone/integration-test/target/test-dir/MiniOzoneClusterImpl-8b3f1bd7-87d6-49e7-a08b-7cd236893d43/datanode-1/data/ratis/82161d29-0b95-4da4-b638-4d27a458c2cb
2019-10-22 00:03:05,378 [pool-37-thread-1] INFO  server.RaftServerConfigKeys (ConfUtils.java:logGet(43)) - raft.server.log.queue.byte-limit = 2147483647 (custom)
2019-10-22 00:03:05,378 [pool-37-thread-1] INFO  server.RaftServerConfigKeys (ConfUtils.java:logGet(43)) - raft.server.log.queue.element-limit = 1024 (custom)
2019-10-22 00:03:05,378 [pool-37-thread-1] INFO  server.RaftServerConfigKeys (ConfUtils.java:logGet(43)) - raft.server.log.segment.size.max = 1048576 (custom)
2019-10-22 00:03:05,378 [pool-37-thread-1] INFO  server.RaftServerConfigKeys (ConfUtils.java:logGet(43)) - raft.server.log.preallocated.size = 16384 (custom)
2019-10-22 00:03:05,378 [pool-37-thread-1] INFO  server.RaftServerConfigKeys (ConfUtils.java:logGet(43)) - raft.server.log.write.buffer.size = 33554432 (custom)
2019-10-22 00:03:05,378 [pool-37-thread-1] INFO  server.RaftServerConfigKeys (ConfUtils.java:logGet(43)) - raft.server.log.force.sync.num = 128 (default)
2019-10-22 00:03:05,379 [pool-37-thread-1] INFO  server.RaftServerConfigKeys (ConfUtils.java:logGet(43)) - raft.server.log.statemachine.data.sync = true (default)
2019-10-22 00:03:05,379 [pool-37-thread-1] INFO  server.RaftServerConfigKeys (ConfUtils.java:logGet(43)) - raft.server.log.statemachine.data.sync.timeout = 10s (default)
2019-10-22 00:03:05,379 [pool-37-thread-1] INFO  server.RaftServerConfigKeys (ConfUtils.java:logGet(43)) - raft.server.log.statemachine.data.sync.timeout.retry = -1 (default)
2019-10-22 00:03:05,380 [pool-37-thread-1] INFO  server.RaftServerConfigKeys (ConfUtils.java:logGet(43)) - raft.server.log.statemachine.data.caching.enabled = true (custom)
2019-10-22 00:03:05,380 [pool-37-thread-1] INFO  segmented.SegmentedRaftLogWorker (SegmentedRaftLogWorker.java:lambda$new$0(128)) - 0d315fbd-ade0-427f-8a57-9b8f4a7ccba2@group-4D27A458C2CB-SegmentedRaftLogWorker: flushIndex: setUnconditionally 0 -> -1
2019-10-22 00:03:05,380 [pool-37-thread-1] INFO  server.RaftServerConfigKeys (ConfUtils.java:logGet(43)) - raft.server.snapshot.auto.trigger.enabled = true (custom)
2019-10-22 00:03:05,380 [pool-37-thread-1] INFO  server.RaftServerConfigKeys (ConfUtils.java:logGet(43)) - raft.server.snapshot.auto.trigger.threshold = 10000 (custom)
2019-10-22 00:03:05,380 [pool-37-thread-1] INFO  server.RaftServerConfigKeys (ConfUtils.java:logGet(43)) - raft.server.snapshot.retention.file.num = 5 (custom)
2019-10-22 00:03:05,381 [pool-37-thread-1] INFO  server.RaftServerConfigKeys (ConfUtils.java:logGet(43)) - raft.server.retrycache.expirytime = 600000ms (custom)
2019-10-22 00:03:05,387 [pool-37-thread-1] INFO  impl.RaftServerImpl (RaftServerImpl.java:start(195)) - 0d315fbd-ade0-427f-8a57-9b8f4a7ccba2@group-4D27A458C2CB: start as a follower, conf=-1: [0d315fbd-ade0-427f-8a57-9b8f4a7ccba2:192.168.157.254:43029], old=null
2019-10-22 00:03:05,387 [pool-37-thread-1] INFO  impl.RaftServerImpl (RaftServerImpl.java:setRole(184)) - 0d315fbd-ade0-427f-8a57-9b8f4a7ccba2@group-4D27A458C2CB: changes role from      null to FOLLOWER at term 0 for startAsFollower
2019-10-22 00:03:05,387 [pool-37-thread-1] INFO  impl.RoleInfo (RoleInfo.java:updateAndGet(143)) - 0d315fbd-ade0-427f-8a57-9b8f4a7ccba2: start FollowerState
2019-10-22 00:03:05,388 [pool-37-thread-1] INFO  util.JmxRegister (JmxRegister.java:tryRegister(44)) - Successfully registered JMX Bean with object name Ratis:service=RaftServer,group=group-4D27A458C2CB,id=0d315fbd-ade0-427f-8a57-9b8f4a7ccba2
2019-10-22 00:03:05,403 [RatisPipelineUtilsThread] INFO  pipeline.PipelineStateManager (PipelineStateManager.java:addPipeline(56)) - Created pipeline Pipeline[ Id: 82161d29-0b95-4da4-b638-4d27a458c2cb, Nodes: 0d315fbd-ade0-427f-8a57-9b8f4a7ccba2{ip: 192.168.157.254, host: pr-hdds-2343-5q8j9-3338874002, networkLocation: /default-rack, certSerialId: null}, Type:RATIS, Factor:ONE, State:OPEN]
2019-10-22 00:03:05,416 [grpc-default-executor-0] INFO  impl.RaftServerProxy (RaftServerProxy.java:addNew(89)) - fe2f4460-1173-45ac-8f62-3ccbe442b4a3: addNew group-6F8CF0FD9F91:[fe2f4460-1173-45ac-8f62-3ccbe442b4a3:192.168.157.254:43148] returns group-6F8CF0FD9F91:java.util.concurrent.CompletableFuture@2c3f45d0[Not completed]
2019-10-22 00:03:05,423 [Thread-191] INFO  impl.FollowerState (FollowerState.java:run(108)) - 0d315fbd-ade0-427f-8a57-9b8f4a7ccba2@group-4D27A458C2CB-FollowerState: change to CANDIDATE, lastRpcTime:35ms, electionTimeout:32ms
2019-10-22 00:03:05,424 [Thread-191] INFO  impl.RoleInfo (RoleInfo.java:shutdownFollowerState(121)) - 0d315fbd-ade0-427f-8a57-9b8f4a7ccba2: shutdown FollowerState
2019-10-22 00:03:05,424 [Thread-191] INFO  impl.RaftServerImpl (RaftServerImpl.java:setRole(184)) - 0d315fbd-ade0-427f-8a57-9b8f4a7ccba2@group-4D27A458C2CB: changes role from  FOLLOWER to CANDIDATE at term 0 for changeToCandidate
2019-10-22 00:03:05,424 [Thread-191] INFO  impl.RoleInfo (RoleInfo.java:updateAndGet(143)) - 0d315fbd-ade0-427f-8a57-9b8f4a7ccba2: start LeaderElection
2019-10-22 00:03:05,429 [pool-47-thread-1] INFO  impl.RaftServerImpl (RaftServerImpl.java:<init>(104)) - fe2f4460-1173-45ac-8f62-3ccbe442b4a3: new RaftServerImpl for group-6F8CF0FD9F91:[fe2f4460-1173-45ac-8f62-3ccbe442b4a3:192.168.157.254:43148] with ContainerStateMachine:uninitialized
2019-10-22 00:03:05,430 [pool-47-thread-1] INFO  server.RaftServerConfigKeys (ConfUtils.java:logGet(43)) - raft.server.rpc.timeout.min = 5s (custom)
2019-10-22 00:03:05,430 [pool-47-thread-1] INFO  server.RaftServerConfigKeys (ConfUtils.java:logGet(43)) - raft.server.rpc.timeout.max = 5200ms (custom)
2019-10-22 00:03:05,431 [pool-47-thread-1] INFO  server.RaftServerConfigKeys (ConfUtils.java:logGet(43)) - raft.server.rpcslowness.timeout = 1000s (custom)
2019-10-22 00:03:05,431 [pool-47-thread-1] INFO  server.RaftServerConfigKeys (ConfUtils.java:logGet(43)) - raft.server.sleep.deviation.threshold = 300 (default)
2019-10-22 00:03:05,431 [pool-47-thread-1] INFO  server.RaftServerConfigKeys (ConfUtils.java:logGet(43)) - raft.server.log.appender.install.snapshot.enabled = false (custom)
2019-10-22 00:03:05,431 [pool-47-thread-1] INFO  impl.RaftServerImpl (ServerState.java:<init>(103)) - fe2f4460-1173-45ac-8f62-3ccbe442b4a3@group-6F8CF0FD9F91: ConfigurationManager, init=-1: [fe2f4460-1173-45ac-8f62-3ccbe442b4a3:192.168.157.254:43148], old=null, confs=<EMPTY_MAP>
2019-10-22 00:03:05,431 [pool-47-thread-1] INFO  server.RaftServerConfigKeys (ConfUtils.java:logGet(43)) - raft.server.storage.dir = [/workdir/hadoop-ozone/integration-test/target/test-dir/MiniOzoneClusterImpl-8b3f1bd7-87d6-49e7-a08b-7cd236893d43/datanode-2/data/ratis] (custom)
2019-10-22 00:03:05,432 [pool-47-thread-1] INFO  server.RaftServerConfigKeys (ConfUtils.java:logGet(43)) - raft.server.log.corruption.policy = EXCEPTION (default)
2019-10-22 00:03:05,432 [pool-47-thread-1] INFO  storage.RaftStorageDirectory (RaftStorageDirectory.java:analyzeStorage(246)) - The storage directory /workdir/hadoop-ozone/integration-test/target/test-dir/MiniOzoneClusterImpl-8b3f1bd7-87d6-49e7-a08b-7cd236893d43/datanode-2/data/ratis/0ad61aec-3859-4061-8ecd-6f8cf0fd9f91 does not exist. Creating ...
2019-10-22 00:03:05,444 [pool-47-thread-1] INFO  storage.RaftStorageDirectory (RaftStorageDirectory.java:tryLock(328)) - Lock on /workdir/hadoop-ozone/integration-test/target/test-dir/MiniOzoneClusterImpl-8b3f1bd7-87d6-49e7-a08b-7cd236893d43/datanode-2/data/ratis/0ad61aec-3859-4061-8ecd-6f8cf0fd9f91/in_use.lock acquired by nodename 23642@pr-hdds-2343-5q8j9-3338874002
2019-10-22 00:03:05,444 [0d315fbd-ade0-427f-8a57-9b8f4a7ccba2@group-4D27A458C2CB-LeaderElection2] INFO  impl.LeaderElection (LeaderElection.java:askForVotes(178)) - 0d315fbd-ade0-427f-8a57-9b8f4a7ccba2@group-4D27A458C2CB-LeaderElection2: begin an election at term 1 for -1: [0d315fbd-ade0-427f-8a57-9b8f4a7ccba2:192.168.157.254:43029], old=null
2019-10-22 00:03:05,444 [0d315fbd-ade0-427f-8a57-9b8f4a7ccba2@group-4D27A458C2CB-LeaderElection2] INFO  impl.RoleInfo (RoleInfo.java:shutdownLeaderElection(134)) - 0d315fbd-ade0-427f-8a57-9b8f4a7ccba2: shutdown LeaderElection
2019-10-22 00:03:05,445 [0d315fbd-ade0-427f-8a57-9b8f4a7ccba2@group-4D27A458C2CB-LeaderElection2] INFO  impl.RaftServerImpl (RaftServerImpl.java:setRole(184)) - 0d315fbd-ade0-427f-8a57-9b8f4a7ccba2@group-4D27A458C2CB: changes role from CANDIDATE to LEADER at term 1 for changeToLeader
2019-10-22 00:03:05,445 [0d315fbd-ade0-427f-8a57-9b8f4a7ccba2@group-4D27A458C2CB-LeaderElection2] INFO  impl.RaftServerImpl (ServerState.java:setLeader(256)) - 0d315fbd-ade0-427f-8a57-9b8f4a7ccba2@group-4D27A458C2CB: change Leader from null to 0d315fbd-ade0-427f-8a57-9b8f4a7ccba2 at term 1 for becomeLeader, leader elected after 84ms
2019-10-22 00:03:05,445 [0d315fbd-ade0-427f-8a57-9b8f4a7ccba2@group-4D27A458C2CB-LeaderElection2] INFO  server.RaftServerConfigKeys (ConfUtils.java:logGet(43)) - raft.server.staging.catchup.gap = 1000 (default)
2019-10-22 00:03:05,445 [0d315fbd-ade0-427f-8a57-9b8f4a7ccba2@group-4D27A458C2CB-LeaderElection2] INFO  server.RaftServerConfigKeys (ConfUtils.java:logGet(43)) - raft.server.rpc.sleep.time = 25ms (default)
2019-10-22 00:03:05,446 [0d315fbd-ade0-427f-8a57-9b8f4a7ccba2@group-4D27A458C2CB-LeaderElection2] INFO  server.RaftServerConfigKeys (ConfUtils.java:logGet(43)) - raft.server.write.element-limit = 4096 (default)
2019-10-22 00:03:05,446 [0d315fbd-ade0-427f-8a57-9b8f4a7ccba2@group-4D27A458C2CB-LeaderElection2] INFO  server.RaftServerConfigKeys (ConfUtils.java:logGet(43)) - raft.server.watch.timeout = 10s (default)
2019-10-22 00:03:05,446 [0d315fbd-ade0-427f-8a57-9b8f4a7ccba2@group-4D27A458C2CB-LeaderElection2] INFO  server.RaftServerConfigKeys (ConfUtils.java:logGet(43)) - raft.server.watch.timeout.denomination = 1s (default)
2019-10-22 00:03:05,446 [0d315fbd-ade0-427f-8a57-9b8f4a7ccba2@group-4D27A458C2CB-LeaderElection2] INFO  server.RaftServerConfigKeys (ConfUtils.java:logGet(43)) - raft.server.watch.element-limit = 65536 (default)
2019-10-22 00:03:05,450 [0d315fbd-ade0-427f-8a57-9b8f4a7ccba2@group-4D27A458C2CB-LeaderElection2] INFO  impl.RoleInfo (RoleInfo.java:updateAndGet(143)) - 0d315fbd-ade0-427f-8a57-9b8f4a7ccba2: start LeaderState
2019-10-22 00:03:05,451 [0d315fbd-ade0-427f-8a57-9b8f4a7ccba2@group-4D27A458C2CB-LeaderElection2] INFO  segmented.SegmentedRaftLogWorker (SegmentedRaftLogWorker.java:startLogSegment(385)) - 0d315fbd-ade0-427f-8a57-9b8f4a7ccba2@group-4D27A458C2CB-SegmentedRaftLogWorker: Starting segment from index:0
2019-10-22 00:03:05,452 [0d315fbd-ade0-427f-8a57-9b8f4a7ccba2@group-4D27A458C2CB-LeaderElection2] INFO  impl.RaftServerImpl (ServerState.java:setRaftConf(357)) - 0d315fbd-ade0-427f-8a57-9b8f4a7ccba2@group-4D27A458C2CB: set configuration 0: [0d315fbd-ade0-427f-8a57-9b8f4a7ccba2:192.168.157.254:43029], old=null at 0
2019-10-22 00:03:05,459 [pool-47-thread-1] INFO  storage.RaftStorage (RaftStorage.java:format(84)) - Storage directory /workdir/hadoop-ozone/integration-test/target/test-dir/MiniOzoneClusterImpl-8b3f1bd7-87d6-49e7-a08b-7cd236893d43/datanode-2/data/ratis/0ad61aec-3859-4061-8ecd-6f8cf0fd9f91 has been successfully formatted.
2019-10-22 00:03:05,459 [pool-47-thread-1] INFO  ratis.ContainerStateMachine (ContainerStateMachine.java:loadSnapshot(231)) - group-6F8CF0FD9F91: The snapshot info is null. Setting the last applied indexto:(t:0, i:~)
2019-10-22 00:03:05,459 [pool-47-thread-1] INFO  server.RaftServerConfigKeys (ConfUtils.java:logGet(43)) - raft.server.notification.no-leader.timeout = 1000s (custom)
2019-10-22 00:03:05,459 [pool-47-thread-1] INFO  server.RaftServerConfigKeys (ConfUtils.java:logGet(43)) - raft.server.log.use.memory = false (default)
2019-10-22 00:03:05,460 [pool-47-thread-1] INFO  server.RaftServerConfigKeys (ConfUtils.java:logGet(43)) - raft.server.log.purge.gap = 1000000 (custom)
2019-10-22 00:03:05,460 [pool-47-thread-1] INFO  server.RaftServerConfigKeys (ConfUtils.java:logGet(43)) - raft.server.log.appender.buffer.byte-limit = 33554432 (custom)
2019-10-22 00:03:05,460 [pool-47-thread-1] INFO  server.RaftServerConfigKeys (ConfUtils.java:logGet(43)) - raft.server.log.segment.size.max = 1048576 (custom)
2019-10-22 00:03:05,462 [pool-47-thread-1] INFO  server.RaftServerConfigKeys (ConfUtils.java:logGet(43)) - raft.server.log.segment.cache.num.max = 2 (custom)
2019-10-22 00:03:05,462 [pool-47-thread-1] INFO  segmented.SegmentedRaftLogWorker (SegmentedRaftLogWorker.java:<init>(173)) - new fe2f4460-1173-45ac-8f62-3ccbe442b4a3@group-6F8CF0FD9F91-SegmentedRaftLogWorker for RaftStorage:Storage Directory /workdir/hadoop-ozone/integration-test/target/test-dir/MiniOzoneClusterImpl-8b3f1bd7-87d6-49e7-a08b-7cd236893d43/datanode-2/data/ratis/0ad61aec-3859-4061-8ecd-6f8cf0fd9f91
2019-10-22 00:03:05,462 [pool-47-thread-1] INFO  server.RaftServerConfigKeys (ConfUtils.java:logGet(43)) - raft.server.log.queue.byte-limit = 2147483647 (custom)
2019-10-22 00:03:05,463 [pool-47-thread-1] INFO  server.RaftServerConfigKeys (ConfUtils.java:logGet(43)) - raft.server.log.queue.element-limit = 1024 (custom)
2019-10-22 00:03:05,463 [pool-47-thread-1] INFO  server.RaftServerConfigKeys (ConfUtils.java:logGet(43)) - raft.server.log.segment.size.max = 1048576 (custom)
2019-10-22 00:03:05,463 [pool-47-thread-1] INFO  server.RaftServerConfigKeys (ConfUtils.java:logGet(43)) - raft.server.log.preallocated.size = 16384 (custom)
2019-10-22 00:03:05,463 [pool-47-thread-1] INFO  server.RaftServerConfigKeys (ConfUtils.java:logGet(43)) - raft.server.log.write.buffer.size = 33554432 (custom)
2019-10-22 00:03:05,463 [pool-47-thread-1] INFO  server.RaftServerConfigKeys (ConfUtils.java:logGet(43)) - raft.server.log.force.sync.num = 128 (default)
2019-10-22 00:03:05,463 [pool-47-thread-1] INFO  server.RaftServerConfigKeys (ConfUtils.java:logGet(43)) - raft.server.log.statemachine.data.sync = true (default)
2019-10-22 00:03:05,463 [pool-47-thread-1] INFO  server.RaftServerConfigKeys (ConfUtils.java:logGet(43)) - raft.server.log.statemachine.data.sync.timeout = 10s (default)
2019-10-22 00:03:05,463 [pool-47-thread-1] INFO  server.RaftServerConfigKeys (ConfUtils.java:logGet(43)) - raft.server.log.statemachine.data.sync.timeout.retry = -1 (default)
2019-10-22 00:03:05,464 [pool-47-thread-1] INFO  server.RaftServerConfigKeys (ConfUtils.java:logGet(43)) - raft.server.log.statemachine.data.caching.enabled = true (custom)
2019-10-22 00:03:05,464 [pool-47-thread-1] INFO  segmented.SegmentedRaftLogWorker (SegmentedRaftLogWorker.java:lambda$new$0(128)) - fe2f4460-1173-45ac-8f62-3ccbe442b4a3@group-6F8CF0FD9F91-SegmentedRaftLogWorker: flushIndex: setUnconditionally 0 -> -1
2019-10-22 00:03:05,464 [pool-47-thread-1] INFO  server.RaftServerConfigKeys (ConfUtils.java:logGet(43)) - raft.server.snapshot.auto.trigger.enabled = true (custom)
2019-10-22 00:03:05,464 [pool-47-thread-1] INFO  server.RaftServerConfigKeys (ConfUtils.java:logGet(43)) - raft.server.snapshot.auto.trigger.threshold = 10000 (custom)
2019-10-22 00:03:05,465 [pool-47-thread-1] INFO  server.RaftServerConfigKeys (ConfUtils.java:logGet(43)) - raft.server.snapshot.retention.file.num = 5 (custom)
2019-10-22 00:03:05,465 [pool-47-thread-1] INFO  server.RaftServerConfigKeys (ConfUtils.java:logGet(43)) - raft.server.retrycache.expirytime = 600000ms (custom)
2019-10-22 00:03:05,469 [pool-47-thread-1] INFO  impl.RaftServerImpl (RaftServerImpl.java:start(195)) - fe2f4460-1173-45ac-8f62-3ccbe442b4a3@group-6F8CF0FD9F91: start as a follower, conf=-1: [fe2f4460-1173-45ac-8f62-3ccbe442b4a3:192.168.157.254:43148], old=null
2019-10-22 00:03:05,469 [pool-47-thread-1] INFO  impl.RaftServerImpl (RaftServerImpl.java:setRole(184)) - fe2f4460-1173-45ac-8f62-3ccbe442b4a3@group-6F8CF0FD9F91: changes role from      null to FOLLOWER at term 0 for startAsFollower
2019-10-22 00:03:05,470 [pool-47-thread-1] INFO  impl.RoleInfo (RoleInfo.java:updateAndGet(143)) - fe2f4460-1173-45ac-8f62-3ccbe442b4a3: start FollowerState
2019-10-22 00:03:05,470 [pool-47-thread-1] INFO  util.JmxRegister (JmxRegister.java:tryRegister(44)) - Successfully registered JMX Bean with object name Ratis:service=RaftServer,group=group-6F8CF0FD9F91,id=fe2f4460-1173-45ac-8f62-3ccbe442b4a3
2019-10-22 00:03:05,485 [RatisPipelineUtilsThread] INFO  pipeline.PipelineStateManager (PipelineStateManager.java:addPipeline(56)) - Created pipeline Pipeline[ Id: 0ad61aec-3859-4061-8ecd-6f8cf0fd9f91, Nodes: fe2f4460-1173-45ac-8f62-3ccbe442b4a3{ip: 192.168.157.254, host: pr-hdds-2343-5q8j9-3338874002, networkLocation: /default-rack, certSerialId: null}, Type:RATIS, Factor:ONE, State:OPEN]
2019-10-22 00:03:05,516 [grpc-default-executor-2] INFO  impl.RaftServerProxy (RaftServerProxy.java:addNew(89)) - bec42651-2cde-4fcc-b688-684a384bc6fb: addNew group-452902F59078:[fe2f4460-1173-45ac-8f62-3ccbe442b4a3:192.168.157.254:43148, bec42651-2cde-4fcc-b688-684a384bc6fb:192.168.157.254:46415, 0d315fbd-ade0-427f-8a57-9b8f4a7ccba2:192.168.157.254:43029] returns group-452902F59078:java.util.concurrent.CompletableFuture@2fd6a27f[Not completed]
2019-10-22 00:03:05,516 [grpc-default-executor-1] INFO  impl.RaftServerProxy (RaftServerProxy.java:addNew(89)) - 0d315fbd-ade0-427f-8a57-9b8f4a7ccba2: addNew group-452902F59078:[fe2f4460-1173-45ac-8f62-3ccbe442b4a3:192.168.157.254:43148, bec42651-2cde-4fcc-b688-684a384bc6fb:192.168.157.254:46415, 0d315fbd-ade0-427f-8a57-9b8f4a7ccba2:192.168.157.254:43029] returns group-452902F59078:java.util.concurrent.CompletableFuture@6b94906[Not completed]
2019-10-22 00:03:05,516 [grpc-default-executor-0] INFO  impl.RaftServerProxy (RaftServerProxy.java:addNew(89)) - fe2f4460-1173-45ac-8f62-3ccbe442b4a3: addNew group-452902F59078:[fe2f4460-1173-45ac-8f62-3ccbe442b4a3:192.168.157.254:43148, bec42651-2cde-4fcc-b688-684a384bc6fb:192.168.157.254:46415, 0d315fbd-ade0-427f-8a57-9b8f4a7ccba2:192.168.157.254:43029] returns group-452902F59078:java.util.concurrent.CompletableFuture@1fefca55[Not completed]
2019-10-22 00:03:05,518 [pool-27-thread-1] INFO  impl.RaftServerImpl (RaftServerImpl.java:<init>(104)) - bec42651-2cde-4fcc-b688-684a384bc6fb: new RaftServerImpl for group-452902F59078:[fe2f4460-1173-45ac-8f62-3ccbe442b4a3:192.168.157.254:43148, bec42651-2cde-4fcc-b688-684a384bc6fb:192.168.157.254:46415, 0d315fbd-ade0-427f-8a57-9b8f4a7ccba2:192.168.157.254:43029] with ContainerStateMachine:uninitialized
2019-10-22 00:03:05,518 [pool-27-thread-1] INFO  server.RaftServerConfigKeys (ConfUtils.java:logGet(43)) - raft.server.rpc.timeout.min = 5s (custom)
2019-10-22 00:03:05,518 [pool-27-thread-1] INFO  server.RaftServerConfigKeys (ConfUtils.java:logGet(43)) - raft.server.rpc.timeout.max = 5200ms (custom)
2019-10-22 00:03:05,518 [pool-27-thread-1] INFO  server.RaftServerConfigKeys (ConfUtils.java:logGet(43)) - raft.server.rpcslowness.timeout = 1000s (custom)
2019-10-22 00:03:05,518 [pool-27-thread-1] INFO  server.RaftServerConfigKeys (ConfUtils.java:logGet(43)) - raft.server.sleep.deviation.threshold = 300 (default)
2019-10-22 00:03:05,518 [pool-27-thread-1] INFO  server.RaftServerConfigKeys (ConfUtils.java:logGet(43)) - raft.server.log.appender.install.snapshot.enabled = false (custom)
2019-10-22 00:03:05,518 [pool-27-thread-1] INFO  impl.RaftServerImpl (ServerState.java:<init>(103)) - bec42651-2cde-4fcc-b688-684a384bc6fb@group-452902F59078: ConfigurationManager, init=-1: [fe2f4460-1173-45ac-8f62-3ccbe442b4a3:192.168.157.254:43148, bec42651-2cde-4fcc-b688-684a384bc6fb:192.168.157.254:46415, 0d315fbd-ade0-427f-8a57-9b8f4a7ccba2:192.168.157.254:43029], old=null, confs=<EMPTY_MAP>
2019-10-22 00:03:05,518 [pool-47-thread-1] INFO  impl.RaftServerImpl (RaftServerImpl.java:<init>(104)) - fe2f4460-1173-45ac-8f62-3ccbe442b4a3: new RaftServerImpl for group-452902F59078:[fe2f4460-1173-45ac-8f62-3ccbe442b4a3:192.168.157.254:43148, bec42651-2cde-4fcc-b688-684a384bc6fb:192.168.157.254:46415, 0d315fbd-ade0-427f-8a57-9b8f4a7ccba2:192.168.157.254:43029] with ContainerStateMachine:uninitialized
2019-10-22 00:03:05,519 [pool-27-thread-1] INFO  server.RaftServerConfigKeys (ConfUtils.java:logGet(43)) - raft.server.storage.dir = [/workdir/hadoop-ozone/integration-test/target/test-dir/MiniOzoneClusterImpl-8b3f1bd7-87d6-49e7-a08b-7cd236893d43/datanode-0/data/ratis] (custom)
2019-10-22 00:03:05,519 [pool-47-thread-1] INFO  server.RaftServerConfigKeys (ConfUtils.java:logGet(43)) - raft.server.rpc.timeout.min = 5s (custom)
2019-10-22 00:03:05,519 [pool-47-thread-1] INFO  server.RaftServerConfigKeys (ConfUtils.java:logGet(43)) - raft.server.rpc.timeout.max = 5200ms (custom)
2019-10-22 00:03:05,519 [pool-27-thread-1] INFO  server.RaftServerConfigKeys (ConfUtils.java:logGet(43)) - raft.server.log.corruption.policy = EXCEPTION (default)
2019-10-22 00:03:05,519 [pool-47-thread-1] INFO  server.RaftServerConfigKeys (ConfUtils.java:logGet(43)) - raft.server.rpcslowness.timeout = 1000s (custom)
2019-10-22 00:03:05,519 [pool-27-thread-1] INFO  storage.RaftStorageDirectory (RaftStorageDirectory.java:analyzeStorage(246)) - The storage directory /workdir/hadoop-ozone/integration-test/target/test-dir/MiniOzoneClusterImpl-8b3f1bd7-87d6-49e7-a08b-7cd236893d43/datanode-0/data/ratis/c00d4cd3-293b-4d2c-9f2c-452902f59078 does not exist. Creating ...
2019-10-22 00:03:05,519 [pool-37-thread-1] INFO  impl.RaftServerImpl (RaftServerImpl.java:<init>(104)) - 0d315fbd-ade0-427f-8a57-9b8f4a7ccba2: new RaftServerImpl for group-452902F59078:[fe2f4460-1173-45ac-8f62-3ccbe442b4a3:192.168.157.254:43148, bec42651-2cde-4fcc-b688-684a384bc6fb:192.168.157.254:46415, 0d315fbd-ade0-427f-8a57-9b8f4a7ccba2:192.168.157.254:43029] with ContainerStateMachine:uninitialized
2019-10-22 00:03:05,519 [pool-47-thread-1] INFO  server.RaftServerConfigKeys (ConfUtils.java:logGet(43)) - raft.server.sleep.deviation.threshold = 300 (default)
2019-10-22 00:03:05,519 [pool-37-thread-1] INFO  server.RaftServerConfigKeys (ConfUtils.java:logGet(43)) - raft.server.rpc.timeout.min = 5s (custom)
2019-10-22 00:03:05,519 [pool-47-thread-1] INFO  server.RaftServerConfigKeys (ConfUtils.java:logGet(43)) - raft.server.log.appender.install.snapshot.enabled = false (custom)
2019-10-22 00:03:05,519 [pool-37-thread-1] INFO  server.RaftServerConfigKeys (ConfUtils.java:logGet(43)) - raft.server.rpc.timeout.max = 5200ms (custom)
2019-10-22 00:03:05,520 [pool-47-thread-1] INFO  impl.RaftServerImpl (ServerState.java:<init>(103)) - fe2f4460-1173-45ac-8f62-3ccbe442b4a3@group-452902F59078: ConfigurationManager, init=-1: [fe2f4460-1173-45ac-8f62-3ccbe442b4a3:192.168.157.254:43148, bec42651-2cde-4fcc-b688-684a384bc6fb:192.168.157.254:46415, 0d315fbd-ade0-427f-8a57-9b8f4a7ccba2:192.168.157.254:43029], old=null, confs=<EMPTY_MAP>
2019-10-22 00:03:05,520 [pool-37-thread-1] INFO  server.RaftServerConfigKeys (ConfUtils.java:logGet(43)) - raft.server.rpcslowness.timeout = 1000s (custom)
2019-10-22 00:03:05,520 [pool-47-thread-1] INFO  server.RaftServerConfigKeys (ConfUtils.java:logGet(43)) - raft.server.storage.dir = [/workdir/hadoop-ozone/integration-test/target/test-dir/MiniOzoneClusterImpl-8b3f1bd7-87d6-49e7-a08b-7cd236893d43/datanode-2/data/ratis] (custom)
2019-10-22 00:03:05,520 [pool-37-thread-1] INFO  server.RaftServerConfigKeys (ConfUtils.java:logGet(43)) - raft.server.sleep.deviation.threshold = 300 (default)
2019-10-22 00:03:05,520 [pool-37-thread-1] INFO  server.RaftServerConfigKeys (ConfUtils.java:logGet(43)) - raft.server.log.appender.install.snapshot.enabled = false (custom)
2019-10-22 00:03:05,520 [pool-47-thread-1] INFO  server.RaftServerConfigKeys (ConfUtils.java:logGet(43)) - raft.server.log.corruption.policy = EXCEPTION (default)
2019-10-22 00:03:05,520 [pool-37-thread-1] INFO  impl.RaftServerImpl (ServerState.java:<init>(103)) - 0d315fbd-ade0-427f-8a57-9b8f4a7ccba2@group-452902F59078: ConfigurationManager, init=-1: [fe2f4460-1173-45ac-8f62-3ccbe442b4a3:192.168.157.254:43148, bec42651-2cde-4fcc-b688-684a384bc6fb:192.168.157.254:46415, 0d315fbd-ade0-427f-8a57-9b8f4a7ccba2:192.168.157.254:43029], old=null, confs=<EMPTY_MAP>
2019-10-22 00:03:05,520 [pool-47-thread-1] INFO  storage.RaftStorageDirectory (RaftStorageDirectory.java:analyzeStorage(246)) - The storage directory /workdir/hadoop-ozone/integration-test/target/test-dir/MiniOzoneClusterImpl-8b3f1bd7-87d6-49e7-a08b-7cd236893d43/datanode-2/data/ratis/c00d4cd3-293b-4d2c-9f2c-452902f59078 does not exist. Creating ...
2019-10-22 00:03:05,520 [pool-37-thread-1] INFO  server.RaftServerConfigKeys (ConfUtils.java:logGet(43)) - raft.server.storage.dir = [/workdir/hadoop-ozone/integration-test/target/test-dir/MiniOzoneClusterImpl-8b3f1bd7-87d6-49e7-a08b-7cd236893d43/datanode-1/data/ratis] (custom)
2019-10-22 00:03:05,520 [pool-37-thread-1] INFO  server.RaftServerConfigKeys (ConfUtils.java:logGet(43)) - raft.server.log.corruption.policy = EXCEPTION (default)
2019-10-22 00:03:05,521 [pool-37-thread-1] INFO  storage.RaftStorageDirectory (RaftStorageDirectory.java:analyzeStorage(246)) - The storage directory /workdir/hadoop-ozone/integration-test/target/test-dir/MiniOzoneClusterImpl-8b3f1bd7-87d6-49e7-a08b-7cd236893d43/datanode-1/data/ratis/c00d4cd3-293b-4d2c-9f2c-452902f59078 does not exist. Creating ...
2019-10-22 00:03:05,525 [pool-47-thread-1] INFO  storage.RaftStorageDirectory (RaftStorageDirectory.java:tryLock(328)) - Lock on /workdir/hadoop-ozone/integration-test/target/test-dir/MiniOzoneClusterImpl-8b3f1bd7-87d6-49e7-a08b-7cd236893d43/datanode-2/data/ratis/c00d4cd3-293b-4d2c-9f2c-452902f59078/in_use.lock acquired by nodename 23642@pr-hdds-2343-5q8j9-3338874002
2019-10-22 00:03:05,526 [pool-27-thread-1] INFO  storage.RaftStorageDirectory (RaftStorageDirectory.java:tryLock(328)) - Lock on /workdir/hadoop-ozone/integration-test/target/test-dir/MiniOzoneClusterImpl-8b3f1bd7-87d6-49e7-a08b-7cd236893d43/datanode-0/data/ratis/c00d4cd3-293b-4d2c-9f2c-452902f59078/in_use.lock acquired by nodename 23642@pr-hdds-2343-5q8j9-3338874002
2019-10-22 00:03:05,525 [pool-37-thread-1] INFO  storage.RaftStorageDirectory (RaftStorageDirectory.java:tryLock(328)) - Lock on /workdir/hadoop-ozone/integration-test/target/test-dir/MiniOzoneClusterImpl-8b3f1bd7-87d6-49e7-a08b-7cd236893d43/datanode-1/data/ratis/c00d4cd3-293b-4d2c-9f2c-452902f59078/in_use.lock acquired by nodename 23642@pr-hdds-2343-5q8j9-3338874002
2019-10-22 00:03:05,530 [pool-27-thread-1] INFO  storage.RaftStorage (RaftStorage.java:format(84)) - Storage directory /workdir/hadoop-ozone/integration-test/target/test-dir/MiniOzoneClusterImpl-8b3f1bd7-87d6-49e7-a08b-7cd236893d43/datanode-0/data/ratis/c00d4cd3-293b-4d2c-9f2c-452902f59078 has been successfully formatted.
2019-10-22 00:03:05,530 [pool-37-thread-1] INFO  storage.RaftStorage (RaftStorage.java:format(84)) - Storage directory /workdir/hadoop-ozone/integration-test/target/test-dir/MiniOzoneClusterImpl-8b3f1bd7-87d6-49e7-a08b-7cd236893d43/datanode-1/data/ratis/c00d4cd3-293b-4d2c-9f2c-452902f59078 has been successfully formatted.
2019-10-22 00:03:05,530 [pool-47-thread-1] INFO  storage.RaftStorage (RaftStorage.java:format(84)) - Storage directory /workdir/hadoop-ozone/integration-test/target/test-dir/MiniOzoneClusterImpl-8b3f1bd7-87d6-49e7-a08b-7cd236893d43/datanode-2/data/ratis/c00d4cd3-293b-4d2c-9f2c-452902f59078 has been successfully formatted.
2019-10-22 00:03:05,530 [pool-27-thread-1] INFO  ratis.ContainerStateMachine (ContainerStateMachine.java:loadSnapshot(231)) - group-452902F59078: The snapshot info is null. Setting the last applied indexto:(t:0, i:~)
2019-10-22 00:03:05,530 [pool-37-thread-1] INFO  ratis.ContainerStateMachine (ContainerStateMachine.java:loadSnapshot(231)) - group-452902F59078: The snapshot info is null. Setting the last applied indexto:(t:0, i:~)
2019-10-22 00:03:05,530 [pool-27-thread-1] INFO  server.RaftServerConfigKeys (ConfUtils.java:logGet(43)) - raft.server.notification.no-leader.timeout = 1000s (custom)
2019-10-22 00:03:05,530 [pool-37-thread-1] INFO  server.RaftServerConfigKeys (ConfUtils.java:logGet(43)) - raft.server.notification.no-leader.timeout = 1000s (custom)
2019-10-22 00:03:05,530 [pool-47-thread-1] INFO  ratis.ContainerStateMachine (ContainerStateMachine.java:loadSnapshot(231)) - group-452902F59078: The snapshot info is null. Setting the last applied indexto:(t:0, i:~)
2019-10-22 00:03:05,530 [pool-37-thread-1] INFO  server.RaftServerConfigKeys (ConfUtils.java:logGet(43)) - raft.server.log.use.memory = false (default)
2019-10-22 00:03:05,530 [pool-27-thread-1] INFO  server.RaftServerConfigKeys (ConfUtils.java:logGet(43)) - raft.server.log.use.memory = false (default)
2019-10-22 00:03:05,531 [pool-37-thread-1] INFO  server.RaftServerConfigKeys (ConfUtils.java:logGet(43)) - raft.server.log.purge.gap = 1000000 (custom)
2019-10-22 00:03:05,530 [pool-47-thread-1] INFO  server.RaftServerConfigKeys (ConfUtils.java:logGet(43)) - raft.server.notification.no-leader.timeout = 1000s (custom)
2019-10-22 00:03:05,531 [pool-37-thread-1] INFO  server.RaftServerConfigKeys (ConfUtils.java:logGet(43)) - raft.server.log.appender.buffer.byte-limit = 33554432 (custom)
2019-10-22 00:03:05,531 [pool-27-thread-1] INFO  server.RaftServerConfigKeys (ConfUtils.java:logGet(43)) - raft.server.log.purge.gap = 1000000 (custom)
2019-10-22 00:03:05,531 [pool-37-thread-1] INFO  server.RaftServerConfigKeys (ConfUtils.java:logGet(43)) - raft.server.log.segment.size.max = 1048576 (custom)
2019-10-22 00:03:05,531 [pool-47-thread-1] INFO  server.RaftServerConfigKeys (ConfUtils.java:logGet(43)) - raft.server.log.use.memory = false (default)
2019-10-22 00:03:05,531 [pool-27-thread-1] INFO  server.RaftServerConfigKeys (ConfUtils.java:logGet(43)) - raft.server.log.appender.buffer.byte-limit = 33554432 (custom)
2019-10-22 00:03:05,531 [pool-47-thread-1] INFO  server.RaftServerConfigKeys (ConfUtils.java:logGet(43)) - raft.server.log.purge.gap = 1000000 (custom)
2019-10-22 00:03:05,531 [pool-37-thread-1] INFO  server.RaftServerConfigKeys (ConfUtils.java:logGet(43)) - raft.server.log.segment.cache.num.max = 2 (custom)
2019-10-22 00:03:05,531 [pool-47-thread-1] INFO  server.RaftServerConfigKeys (ConfUtils.java:logGet(43)) - raft.server.log.appender.buffer.byte-limit = 33554432 (custom)
2019-10-22 00:03:05,531 [pool-27-thread-1] INFO  server.RaftServerConfigKeys (ConfUtils.java:logGet(43)) - raft.server.log.segment.size.max = 1048576 (custom)
2019-10-22 00:03:05,532 [pool-47-thread-1] INFO  server.RaftServerConfigKeys (ConfUtils.java:logGet(43)) - raft.server.log.segment.size.max = 1048576 (custom)
2019-10-22 00:03:05,531 [pool-37-thread-1] INFO  segmented.SegmentedRaftLogWorker (SegmentedRaftLogWorker.java:<init>(173)) - new 0d315fbd-ade0-427f-8a57-9b8f4a7ccba2@group-452902F59078-SegmentedRaftLogWorker for RaftStorage:Storage Directory /workdir/hadoop-ozone/integration-test/target/test-dir/MiniOzoneClusterImpl-8b3f1bd7-87d6-49e7-a08b-7cd236893d43/datanode-1/data/ratis/c00d4cd3-293b-4d2c-9f2c-452902f59078
2019-10-22 00:03:05,532 [pool-47-thread-1] INFO  server.RaftServerConfigKeys (ConfUtils.java:logGet(43)) - raft.server.log.segment.cache.num.max = 2 (custom)
2019-10-22 00:03:05,532 [pool-27-thread-1] INFO  server.RaftServerConfigKeys (ConfUtils.java:logGet(43)) - raft.server.log.segment.cache.num.max = 2 (custom)
2019-10-22 00:03:05,532 [pool-47-thread-1] INFO  segmented.SegmentedRaftLogWorker (SegmentedRaftLogWorker.java:<init>(173)) - new fe2f4460-1173-45ac-8f62-3ccbe442b4a3@group-452902F59078-SegmentedRaftLogWorker for RaftStorage:Storage Directory /workdir/hadoop-ozone/integration-test/target/test-dir/MiniOzoneClusterImpl-8b3f1bd7-87d6-49e7-a08b-7cd236893d43/datanode-2/data/ratis/c00d4cd3-293b-4d2c-9f2c-452902f59078
2019-10-22 00:03:05,532 [pool-37-thread-1] INFO  server.RaftServerConfigKeys (ConfUtils.java:logGet(43)) - raft.server.log.queue.byte-limit = 2147483647 (custom)
2019-10-22 00:03:05,532 [pool-47-thread-1] INFO  server.RaftServerConfigKeys (ConfUtils.java:logGet(43)) - raft.server.log.queue.byte-limit = 2147483647 (custom)
2019-10-22 00:03:05,532 [pool-27-thread-1] INFO  segmented.SegmentedRaftLogWorker (SegmentedRaftLogWorker.java:<init>(173)) - new bec42651-2cde-4fcc-b688-684a384bc6fb@group-452902F59078-SegmentedRaftLogWorker for RaftStorage:Storage Directory /workdir/hadoop-ozone/integration-test/target/test-dir/MiniOzoneClusterImpl-8b3f1bd7-87d6-49e7-a08b-7cd236893d43/datanode-0/data/ratis/c00d4cd3-293b-4d2c-9f2c-452902f59078
2019-10-22 00:03:05,532 [pool-47-thread-1] INFO  server.RaftServerConfigKeys (ConfUtils.java:logGet(43)) - raft.server.log.queue.element-limit = 1024 (custom)
2019-10-22 00:03:05,532 [pool-37-thread-1] INFO  server.RaftServerConfigKeys (ConfUtils.java:logGet(43)) - raft.server.log.queue.element-limit = 1024 (custom)
2019-10-22 00:03:05,533 [pool-47-thread-1] INFO  server.RaftServerConfigKeys (ConfUtils.java:logGet(43)) - raft.server.log.segment.size.max = 1048576 (custom)
2019-10-22 00:03:05,533 [pool-27-thread-1] INFO  server.RaftServerConfigKeys (ConfUtils.java:logGet(43)) - raft.server.log.queue.byte-limit = 2147483647 (custom)
2019-10-22 00:03:05,533 [pool-47-thread-1] INFO  server.RaftServerConfigKeys (ConfUtils.java:logGet(43)) - raft.server.log.preallocated.size = 16384 (custom)
2019-10-22 00:03:05,533 [pool-37-thread-1] INFO  server.RaftServerConfigKeys (ConfUtils.java:logGet(43)) - raft.server.log.segment.size.max = 1048576 (custom)
2019-10-22 00:03:05,533 [pool-47-thread-1] INFO  server.RaftServerConfigKeys (ConfUtils.java:logGet(43)) - raft.server.log.write.buffer.size = 33554432 (custom)
2019-10-22 00:03:05,533 [pool-27-thread-1] INFO  server.RaftServerConfigKeys (ConfUtils.java:logGet(43)) - raft.server.log.queue.element-limit = 1024 (custom)
2019-10-22 00:03:05,533 [pool-47-thread-1] INFO  server.RaftServerConfigKeys (ConfUtils.java:logGet(43)) - raft.server.log.force.sync.num = 128 (default)
2019-10-22 00:03:05,533 [pool-37-thread-1] INFO  server.RaftServerConfigKeys (ConfUtils.java:logGet(43)) - raft.server.log.preallocated.size = 16384 (custom)
2019-10-22 00:03:05,533 [pool-47-thread-1] INFO  server.RaftServerConfigKeys (ConfUtils.java:logGet(43)) - raft.server.log.statemachine.data.sync = true (default)
2019-10-22 00:03:05,533 [pool-27-thread-1] INFO  server.RaftServerConfigKeys (ConfUtils.java:logGet(43)) - raft.server.log.segment.size.max = 1048576 (custom)
2019-10-22 00:03:05,534 [pool-47-thread-1] INFO  server.RaftServerConfigKeys (ConfUtils.java:logGet(43)) - raft.server.log.statemachine.data.sync.timeout = 10s (default)
2019-10-22 00:03:05,534 [pool-37-thread-1] INFO  server.RaftServerConfigKeys (ConfUtils.java:logGet(43)) - raft.server.log.write.buffer.size = 33554432 (custom)
2019-10-22 00:03:05,534 [pool-47-thread-1] INFO  server.RaftServerConfigKeys (ConfUtils.java:logGet(43)) - raft.server.log.statemachine.data.sync.timeout.retry = -1 (default)
2019-10-22 00:03:05,534 [pool-27-thread-1] INFO  server.RaftServerConfigKeys (ConfUtils.java:logGet(43)) - raft.server.log.preallocated.size = 16384 (custom)
2019-10-22 00:03:05,534 [pool-37-thread-1] INFO  server.RaftServerConfigKeys (ConfUtils.java:logGet(43)) - raft.server.log.force.sync.num = 128 (default)
2019-10-22 00:03:05,534 [pool-27-thread-1] INFO  server.RaftServerConfigKeys (ConfUtils.java:logGet(43)) - raft.server.log.write.buffer.size = 33554432 (custom)
2019-10-22 00:03:05,534 [pool-47-thread-1] INFO  server.RaftServerConfigKeys (ConfUtils.java:logGet(43)) - raft.server.log.statemachine.data.caching.enabled = true (custom)
2019-10-22 00:03:05,534 [pool-27-thread-1] INFO  server.RaftServerConfigKeys (ConfUtils.java:logGet(43)) - raft.server.log.force.sync.num = 128 (default)
2019-10-22 00:03:05,534 [pool-37-thread-1] INFO  server.RaftServerConfigKeys (ConfUtils.java:logGet(43)) - raft.server.log.statemachine.data.sync = true (default)
2019-10-22 00:03:05,535 [pool-47-thread-1] INFO  segmented.SegmentedRaftLogWorker (SegmentedRaftLogWorker.java:lambda$new$0(128)) - fe2f4460-1173-45ac-8f62-3ccbe442b4a3@group-452902F59078-SegmentedRaftLogWorker: flushIndex: setUnconditionally 0 -> -1
2019-10-22 00:03:05,535 [pool-27-thread-1] INFO  server.RaftServerConfigKeys (ConfUtils.java:logGet(43)) - raft.server.log.statemachine.data.sync = true (default)
2019-10-22 00:03:05,535 [pool-37-thread-1] INFO  server.RaftServerConfigKeys (ConfUtils.java:logGet(43)) - raft.server.log.statemachine.data.sync.timeout = 10s (default)
2019-10-22 00:03:05,535 [pool-27-thread-1] INFO  server.RaftServerConfigKeys (ConfUtils.java:logGet(43)) - raft.server.log.statemachine.data.sync.timeout = 10s (default)
2019-10-22 00:03:05,535 [pool-47-thread-1] INFO  server.RaftServerConfigKeys (ConfUtils.java:logGet(43)) - raft.server.snapshot.auto.trigger.enabled = true (custom)
2019-10-22 00:03:05,535 [pool-27-thread-1] INFO  server.RaftServerConfigKeys (ConfUtils.java:logGet(43)) - raft.server.log.statemachine.data.sync.timeout.retry = -1 (default)
2019-10-22 00:03:05,535 [pool-37-thread-1] INFO  server.RaftServerConfigKeys (ConfUtils.java:logGet(43)) - raft.server.log.statemachine.data.sync.timeout.retry = -1 (default)
2019-10-22 00:03:05,535 [pool-47-thread-1] INFO  server.RaftServerConfigKeys (ConfUtils.java:logGet(43)) - raft.server.snapshot.auto.trigger.threshold = 10000 (custom)
2019-10-22 00:03:05,536 [pool-27-thread-1] INFO  server.RaftServerConfigKeys (ConfUtils.java:logGet(43)) - raft.server.log.statemachine.data.caching.enabled = true (custom)
2019-10-22 00:03:05,536 [pool-47-thread-1] INFO  server.RaftServerConfigKeys (ConfUtils.java:logGet(43)) - raft.server.snapshot.retention.file.num = 5 (custom)
2019-10-22 00:03:05,536 [pool-37-thread-1] INFO  server.RaftServerConfigKeys (ConfUtils.java:logGet(43)) - raft.server.log.statemachine.data.caching.enabled = true (custom)
2019-10-22 00:03:05,536 [pool-27-thread-1] INFO  segmented.SegmentedRaftLogWorker (SegmentedRaftLogWorker.java:lambda$new$0(128)) - bec42651-2cde-4fcc-b688-684a384bc6fb@group-452902F59078-SegmentedRaftLogWorker: flushIndex: setUnconditionally 0 -> -1
2019-10-22 00:03:05,536 [pool-47-thread-1] INFO  server.RaftServerConfigKeys (ConfUtils.java:logGet(43)) - raft.server.retrycache.expirytime = 600000ms (custom)
2019-10-22 00:03:05,536 [pool-37-thread-1] INFO  segmented.SegmentedRaftLogWorker (SegmentedRaftLogWorker.java:lambda$new$0(128)) - 0d315fbd-ade0-427f-8a57-9b8f4a7ccba2@group-452902F59078-SegmentedRaftLogWorker: flushIndex: setUnconditionally 0 -> -1
2019-10-22 00:03:05,536 [pool-27-thread-1] INFO  server.RaftServerConfigKeys (ConfUtils.java:logGet(43)) - raft.server.snapshot.auto.trigger.enabled = true (custom)
2019-10-22 00:03:05,536 [pool-27-thread-1] INFO  server.RaftServerConfigKeys (ConfUtils.java:logGet(43)) - raft.server.snapshot.auto.trigger.threshold = 10000 (custom)
2019-10-22 00:03:05,536 [pool-27-thread-1] INFO  server.RaftServerConfigKeys (ConfUtils.java:logGet(43)) - raft.server.snapshot.retention.file.num = 5 (custom)
2019-10-22 00:03:05,537 [pool-37-thread-1] INFO  server.RaftServerConfigKeys (ConfUtils.java:logGet(43)) - raft.server.snapshot.auto.trigger.enabled = true (custom)
2019-10-22 00:03:05,537 [pool-27-thread-1] INFO  server.RaftServerConfigKeys (ConfUtils.java:logGet(43)) - raft.server.retrycache.expirytime = 600000ms (custom)
2019-10-22 00:03:05,537 [pool-37-thread-1] INFO  server.RaftServerConfigKeys (ConfUtils.java:logGet(43)) - raft.server.snapshot.auto.trigger.threshold = 10000 (custom)
2019-10-22 00:03:05,537 [pool-37-thread-1] INFO  server.RaftServerConfigKeys (ConfUtils.java:logGet(43)) - raft.server.snapshot.retention.file.num = 5 (custom)
2019-10-22 00:03:05,537 [pool-37-thread-1] INFO  server.RaftServerConfigKeys (ConfUtils.java:logGet(43)) - raft.server.retrycache.expirytime = 600000ms (custom)
2019-10-22 00:03:05,539 [pool-47-thread-1] INFO  impl.RaftServerImpl (RaftServerImpl.java:start(195)) - fe2f4460-1173-45ac-8f62-3ccbe442b4a3@group-452902F59078: start as a follower, conf=-1: [fe2f4460-1173-45ac-8f62-3ccbe442b4a3:192.168.157.254:43148, bec42651-2cde-4fcc-b688-684a384bc6fb:192.168.157.254:46415, 0d315fbd-ade0-427f-8a57-9b8f4a7ccba2:192.168.157.254:43029], old=null
2019-10-22 00:03:05,539 [pool-47-thread-1] INFO  impl.RaftServerImpl (RaftServerImpl.java:setRole(184)) - fe2f4460-1173-45ac-8f62-3ccbe442b4a3@group-452902F59078: changes role from      null to FOLLOWER at term 0 for startAsFollower
2019-10-22 00:03:05,540 [pool-47-thread-1] INFO  impl.RoleInfo (RoleInfo.java:updateAndGet(143)) - fe2f4460-1173-45ac-8f62-3ccbe442b4a3: start FollowerState
2019-10-22 00:03:05,540 [pool-27-thread-1] INFO  impl.RaftServerImpl (RaftServerImpl.java:start(195)) - bec42651-2cde-4fcc-b688-684a384bc6fb@group-452902F59078: start as a follower, conf=-1: [fe2f4460-1173-45ac-8f62-3ccbe442b4a3:192.168.157.254:43148, bec42651-2cde-4fcc-b688-684a384bc6fb:192.168.157.254:46415, 0d315fbd-ade0-427f-8a57-9b8f4a7ccba2:192.168.157.254:43029], old=null
2019-10-22 00:03:05,540 [pool-47-thread-1] INFO  util.JmxRegister (JmxRegister.java:tryRegister(44)) - Successfully registered JMX Bean with object name Ratis:service=RaftServer,group=group-452902F59078,id=fe2f4460-1173-45ac-8f62-3ccbe442b4a3
2019-10-22 00:03:05,540 [pool-27-thread-1] INFO  impl.RaftServerImpl (RaftServerImpl.java:setRole(184)) - bec42651-2cde-4fcc-b688-684a384bc6fb@group-452902F59078: changes role from      null to FOLLOWER at term 0 for startAsFollower
2019-10-22 00:03:05,540 [pool-27-thread-1] INFO  impl.RoleInfo (RoleInfo.java:updateAndGet(143)) - bec42651-2cde-4fcc-b688-684a384bc6fb: start FollowerState
2019-10-22 00:03:05,540 [pool-37-thread-1] INFO  impl.RaftServerImpl (RaftServerImpl.java:start(195)) - 0d315fbd-ade0-427f-8a57-9b8f4a7ccba2@group-452902F59078: start as a follower, conf=-1: [fe2f4460-1173-45ac-8f62-3ccbe442b4a3:192.168.157.254:43148, bec42651-2cde-4fcc-b688-684a384bc6fb:192.168.157.254:46415, 0d315fbd-ade0-427f-8a57-9b8f4a7ccba2:192.168.157.254:43029], old=null
2019-10-22 00:03:05,541 [pool-37-thread-1] INFO  impl.RaftServerImpl (RaftServerImpl.java:setRole(184)) - 0d315fbd-ade0-427f-8a57-9b8f4a7ccba2@group-452902F59078: changes role from      null to FOLLOWER at term 0 for startAsFollower
2019-10-22 00:03:05,541 [pool-27-thread-1] INFO  util.JmxRegister (JmxRegister.java:tryRegister(44)) - Successfully registered JMX Bean with object name Ratis:service=RaftServer,group=group-452902F59078,id=bec42651-2cde-4fcc-b688-684a384bc6fb
2019-10-22 00:03:05,541 [pool-37-thread-1] INFO  impl.RoleInfo (RoleInfo.java:updateAndGet(143)) - 0d315fbd-ade0-427f-8a57-9b8f4a7ccba2: start FollowerState
2019-10-22 00:03:05,541 [pool-37-thread-1] INFO  util.JmxRegister (JmxRegister.java:tryRegister(44)) - Successfully registered JMX Bean with object name Ratis:service=RaftServer,group=group-452902F59078,id=0d315fbd-ade0-427f-8a57-9b8f4a7ccba2
2019-10-22 00:03:05,541 [Thread-203] INFO  impl.FollowerState (FollowerState.java:run(108)) - 0d315fbd-ade0-427f-8a57-9b8f4a7ccba2@group-452902F59078-FollowerState: change to CANDIDATE, lastRpcTime:0ms, electionTimeout:0ms
2019-10-22 00:03:05,543 [Thread-203] INFO  impl.RoleInfo (RoleInfo.java:shutdownFollowerState(121)) - 0d315fbd-ade0-427f-8a57-9b8f4a7ccba2: shutdown FollowerState
2019-10-22 00:03:05,543 [Thread-203] INFO  impl.RaftServerImpl (RaftServerImpl.java:setRole(184)) - 0d315fbd-ade0-427f-8a57-9b8f4a7ccba2@group-452902F59078: changes role from  FOLLOWER to CANDIDATE at term 0 for changeToCandidate
2019-10-22 00:03:05,543 [Thread-203] INFO  impl.RoleInfo (RoleInfo.java:updateAndGet(143)) - 0d315fbd-ade0-427f-8a57-9b8f4a7ccba2: start LeaderElection
2019-10-22 00:03:05,549 [0d315fbd-ade0-427f-8a57-9b8f4a7ccba2@group-452902F59078-LeaderElection3] INFO  impl.LeaderElection (LeaderElection.java:askForVotes(178)) - 0d315fbd-ade0-427f-8a57-9b8f4a7ccba2@group-452902F59078-LeaderElection3: begin an election at term 1 for -1: [fe2f4460-1173-45ac-8f62-3ccbe442b4a3:192.168.157.254:43148, bec42651-2cde-4fcc-b688-684a384bc6fb:192.168.157.254:46415, 0d315fbd-ade0-427f-8a57-9b8f4a7ccba2:192.168.157.254:43029], old=null
2019-10-22 00:03:05,565 [RatisPipelineUtilsThread] INFO  pipeline.PipelineStateManager (PipelineStateManager.java:addPipeline(56)) - Created pipeline Pipeline[ Id: c00d4cd3-293b-4d2c-9f2c-452902f59078, Nodes: bec42651-2cde-4fcc-b688-684a384bc6fb{ip: 192.168.157.254, host: pr-hdds-2343-5q8j9-3338874002, networkLocation: /default-rack, certSerialId: null}0d315fbd-ade0-427f-8a57-9b8f4a7ccba2{ip: 192.168.157.254, host: pr-hdds-2343-5q8j9-3338874002, networkLocation: /default-rack, certSerialId: null}fe2f4460-1173-45ac-8f62-3ccbe442b4a3{ip: 192.168.157.254, host: pr-hdds-2343-5q8j9-3338874002, networkLocation: /default-rack, certSerialId: null}, Type:RATIS, Factor:THREE, State:OPEN]
2019-10-22 00:03:05,576 [Thread-202] INFO  impl.FollowerState (FollowerState.java:run(108)) - bec42651-2cde-4fcc-b688-684a384bc6fb@group-452902F59078-FollowerState: change to CANDIDATE, lastRpcTime:35ms, electionTimeout:35ms
2019-10-22 00:03:05,576 [Thread-202] INFO  impl.RoleInfo (RoleInfo.java:shutdownFollowerState(121)) - bec42651-2cde-4fcc-b688-684a384bc6fb: shutdown FollowerState
2019-10-22 00:03:05,576 [Thread-202] INFO  impl.RaftServerImpl (RaftServerImpl.java:setRole(184)) - bec42651-2cde-4fcc-b688-684a384bc6fb@group-452902F59078: changes role from  FOLLOWER to CANDIDATE at term 0 for changeToCandidate
2019-10-22 00:03:05,576 [Thread-202] INFO  impl.RoleInfo (RoleInfo.java:updateAndGet(143)) - bec42651-2cde-4fcc-b688-684a384bc6fb: start LeaderElection
2019-10-22 00:03:05,583 [bec42651-2cde-4fcc-b688-684a384bc6fb@group-452902F59078-LeaderElection4] INFO  impl.LeaderElection (LeaderElection.java:askForVotes(178)) - bec42651-2cde-4fcc-b688-684a384bc6fb@group-452902F59078-LeaderElection4: begin an election at term 1 for -1: [fe2f4460-1173-45ac-8f62-3ccbe442b4a3:192.168.157.254:43148, bec42651-2cde-4fcc-b688-684a384bc6fb:192.168.157.254:46415, 0d315fbd-ade0-427f-8a57-9b8f4a7ccba2:192.168.157.254:43029], old=null
2019-10-22 00:03:05,584 [grpc-default-executor-0] INFO  impl.RaftServerImpl (RaftServerImpl.java:setRole(184)) - fe2f4460-1173-45ac-8f62-3ccbe442b4a3@group-452902F59078: changes role from  FOLLOWER to FOLLOWER at term 1 for recognizeCandidate:0d315fbd-ade0-427f-8a57-9b8f4a7ccba2
2019-10-22 00:03:05,584 [grpc-default-executor-0] INFO  impl.RoleInfo (RoleInfo.java:shutdownFollowerState(121)) - fe2f4460-1173-45ac-8f62-3ccbe442b4a3: shutdown FollowerState
2019-10-22 00:03:05,584 [grpc-default-executor-0] INFO  impl.RoleInfo (RoleInfo.java:updateAndGet(143)) - fe2f4460-1173-45ac-8f62-3ccbe442b4a3: start FollowerState
2019-10-22 00:03:05,584 [Thread-201] INFO  impl.FollowerState (FollowerState.java:run(117)) - fe2f4460-1173-45ac-8f62-3ccbe442b4a3@group-452902F59078-FollowerState was interrupted: java.lang.InterruptedException: sleep interrupted
2019-10-22 00:03:05,605 [0d315fbd-ade0-427f-8a57-9b8f4a7ccba2@group-452902F59078-LeaderElection3] INFO  impl.LeaderElection (LeaderElection.java:logAndReturn(56)) - 0d315fbd-ade0-427f-8a57-9b8f4a7ccba2@group-452902F59078-LeaderElection3: Election PASSED; received 2 response(s) [0d315fbd-ade0-427f-8a57-9b8f4a7ccba2<-fe2f4460-1173-45ac-8f62-3ccbe442b4a3#0:OK-t1, 0d315fbd-ade0-427f-8a57-9b8f4a7ccba2<-bec42651-2cde-4fcc-b688-684a384bc6fb#0:FAIL-t1] and 0 exception(s); 0d315fbd-ade0-427f-8a57-9b8f4a7ccba2@group-452902F59078:t1, leader=null, voted=0d315fbd-ade0-427f-8a57-9b8f4a7ccba2, raftlog=0d315fbd-ade0-427f-8a57-9b8f4a7ccba2@group-452902F59078-SegmentedRaftLog:OPENED:c-1,f-1,i0, conf=-1: [fe2f4460-1173-45ac-8f62-3ccbe442b4a3:192.168.157.254:43148, bec42651-2cde-4fcc-b688-684a384bc6fb:192.168.157.254:46415, 0d315fbd-ade0-427f-8a57-9b8f4a7ccba2:192.168.157.254:43029], old=null
2019-10-22 00:03:05,605 [bec42651-2cde-4fcc-b688-684a384bc6fb@group-452902F59078-LeaderElection4] INFO  impl.LeaderElection (LeaderElection.java:logAndReturn(56)) - bec42651-2cde-4fcc-b688-684a384bc6fb@group-452902F59078-LeaderElection4: Election REJECTED; received 2 response(s) [bec42651-2cde-4fcc-b688-684a384bc6fb<-fe2f4460-1173-45ac-8f62-3ccbe442b4a3#0:FAIL-t1, bec42651-2cde-4fcc-b688-684a384bc6fb<-0d315fbd-ade0-427f-8a57-9b8f4a7ccba2#0:FAIL-t1] and 0 exception(s); bec42651-2cde-4fcc-b688-684a384bc6fb@group-452902F59078:t1, leader=null, voted=bec42651-2cde-4fcc-b688-684a384bc6fb, raftlog=bec42651-2cde-4fcc-b688-684a384bc6fb@group-452902F59078-SegmentedRaftLog:OPENED:c-1,f-1,i0, conf=-1: [fe2f4460-1173-45ac-8f62-3ccbe442b4a3:192.168.157.254:43148, bec42651-2cde-4fcc-b688-684a384bc6fb:192.168.157.254:46415, 0d315fbd-ade0-427f-8a57-9b8f4a7ccba2:192.168.157.254:43029], old=null
2019-10-22 00:03:05,605 [0d315fbd-ade0-427f-8a57-9b8f4a7ccba2@group-452902F59078-LeaderElection3] INFO  impl.RoleInfo (RoleInfo.java:shutdownLeaderElection(134)) - 0d315fbd-ade0-427f-8a57-9b8f4a7ccba2: shutdown LeaderElection
2019-10-22 00:03:05,607 [bec42651-2cde-4fcc-b688-684a384bc6fb@group-452902F59078-LeaderElection4] INFO  impl.RaftServerImpl (RaftServerImpl.java:setRole(184)) - bec42651-2cde-4fcc-b688-684a384bc6fb@group-452902F59078: changes role from CANDIDATE to FOLLOWER at term 1 for DISCOVERED_A_NEW_TERM
2019-10-22 00:03:05,607 [0d315fbd-ade0-427f-8a57-9b8f4a7ccba2@group-452902F59078-LeaderElection3] INFO  impl.RaftServerImpl (RaftServerImpl.java:setRole(184)) - 0d315fbd-ade0-427f-8a57-9b8f4a7ccba2@group-452902F59078: changes role from CANDIDATE to LEADER at term 1 for changeToLeader
2019-10-22 00:03:05,608 [bec42651-2cde-4fcc-b688-684a384bc6fb@group-452902F59078-LeaderElection4] INFO  impl.RoleInfo (RoleInfo.java:shutdownLeaderElection(134)) - bec42651-2cde-4fcc-b688-684a384bc6fb: shutdown LeaderElection
2019-10-22 00:03:05,608 [0d315fbd-ade0-427f-8a57-9b8f4a7ccba2@group-452902F59078-LeaderElection3] INFO  impl.RaftServerImpl (ServerState.java:setLeader(256)) - 0d315fbd-ade0-427f-8a57-9b8f4a7ccba2@group-452902F59078: change Leader from null to 0d315fbd-ade0-427f-8a57-9b8f4a7ccba2 at term 1 for becomeLeader, leader elected after 77ms
2019-10-22 00:03:05,608 [bec42651-2cde-4fcc-b688-684a384bc6fb@group-452902F59078-LeaderElection4] INFO  impl.RoleInfo (RoleInfo.java:updateAndGet(143)) - bec42651-2cde-4fcc-b688-684a384bc6fb: start FollowerState
2019-10-22 00:03:05,608 [0d315fbd-ade0-427f-8a57-9b8f4a7ccba2@group-452902F59078-LeaderElection3] INFO  server.RaftServerConfigKeys (ConfUtils.java:logGet(43)) - raft.server.staging.catchup.gap = 1000 (default)
2019-10-22 00:03:05,608 [0d315fbd-ade0-427f-8a57-9b8f4a7ccba2@group-452902F59078-LeaderElection3] INFO  server.RaftServerConfigKeys (ConfUtils.java:logGet(43)) - raft.server.rpc.sleep.time = 25ms (default)
2019-10-22 00:03:05,609 [0d315fbd-ade0-427f-8a57-9b8f4a7ccba2@group-452902F59078-LeaderElection3] INFO  server.RaftServerConfigKeys (ConfUtils.java:logGet(43)) - raft.server.write.element-limit = 4096 (default)
2019-10-22 00:03:05,609 [0d315fbd-ade0-427f-8a57-9b8f4a7ccba2@group-452902F59078-LeaderElection3] INFO  server.RaftServerConfigKeys (ConfUtils.java:logGet(43)) - raft.server.watch.timeout = 10s (default)
2019-10-22 00:03:05,609 [0d315fbd-ade0-427f-8a57-9b8f4a7ccba2@group-452902F59078-LeaderElection3] INFO  server.RaftServerConfigKeys (ConfUtils.java:logGet(43)) - raft.server.watch.timeout.denomination = 1s (default)
2019-10-22 00:03:05,609 [0d315fbd-ade0-427f-8a57-9b8f4a7ccba2@group-452902F59078-LeaderElection3] INFO  server.RaftServerConfigKeys (ConfUtils.java:logGet(43)) - raft.server.watch.element-limit = 65536 (default)
2019-10-22 00:03:05,613 [0d315fbd-ade0-427f-8a57-9b8f4a7ccba2@group-452902F59078-LeaderElection3] INFO  server.RaftServerConfigKeys (ConfUtils.java:logGet(43)) - raft.server.log.appender.snapshot.chunk.size.max = 16MB (=16777216) (default)
2019-10-22 00:03:05,613 [0d315fbd-ade0-427f-8a57-9b8f4a7ccba2@group-452902F59078-LeaderElection3] INFO  server.RaftServerConfigKeys (ConfUtils.java:logGet(43)) - raft.server.log.appender.buffer.byte-limit = 33554432 (custom)
2019-10-22 00:03:05,614 [0d315fbd-ade0-427f-8a57-9b8f4a7ccba2@group-452902F59078-LeaderElection3] INFO  server.RaftServerConfigKeys (ConfUtils.java:logGet(43)) - raft.server.log.appender.buffer.element-limit = 1 (custom)
2019-10-22 00:03:05,616 [0d315fbd-ade0-427f-8a57-9b8f4a7ccba2@group-452902F59078-LeaderElection3] INFO  grpc.GrpcConfigKeys$Server (ConfUtils.java:logGet(43)) - raft.grpc.server.leader.outstanding.appends.max = 128 (default)
2019-10-22 00:03:05,617 [0d315fbd-ade0-427f-8a57-9b8f4a7ccba2@group-452902F59078-LeaderElection3] INFO  server.RaftServerConfigKeys (ConfUtils.java:logGet(43)) - raft.server.rpc.request.timeout = 3000ms (default)
2019-10-22 00:03:05,617 [0d315fbd-ade0-427f-8a57-9b8f4a7ccba2@group-452902F59078-LeaderElection3] INFO  server.RaftServerConfigKeys (ConfUtils.java:logGet(43)) - raft.server.log.appender.install.snapshot.enabled = false (custom)
2019-10-22 00:03:05,620 [0d315fbd-ade0-427f-8a57-9b8f4a7ccba2@group-452902F59078-LeaderElection3] INFO  server.RaftServerConfigKeys (ConfUtils.java:logGet(43)) - raft.server.log.appender.snapshot.chunk.size.max = 16MB (=16777216) (default)
2019-10-22 00:03:05,620 [0d315fbd-ade0-427f-8a57-9b8f4a7ccba2@group-452902F59078-LeaderElection3] INFO  server.RaftServerConfigKeys (ConfUtils.java:logGet(43)) - raft.server.log.appender.buffer.byte-limit = 33554432 (custom)
2019-10-22 00:03:05,620 [0d315fbd-ade0-427f-8a57-9b8f4a7ccba2@group-452902F59078-LeaderElection3] INFO  server.RaftServerConfigKeys (ConfUtils.java:logGet(43)) - raft.server.log.appender.buffer.element-limit = 1 (custom)
2019-10-22 00:03:05,620 [0d315fbd-ade0-427f-8a57-9b8f4a7ccba2@group-452902F59078-LeaderElection3] INFO  grpc.GrpcConfigKeys$Server (ConfUtils.java:logGet(43)) - raft.grpc.server.leader.outstanding.appends.max = 128 (default)
2019-10-22 00:03:05,620 [0d315fbd-ade0-427f-8a57-9b8f4a7ccba2@group-452902F59078-LeaderElection3] INFO  server.RaftServerConfigKeys (ConfUtils.java:logGet(43)) - raft.server.rpc.request.timeout = 3000ms (default)
2019-10-22 00:03:05,621 [0d315fbd-ade0-427f-8a57-9b8f4a7ccba2@group-452902F59078-LeaderElection3] INFO  server.RaftServerConfigKeys (ConfUtils.java:logGet(43)) - raft.server.log.appender.install.snapshot.enabled = false (custom)
2019-10-22 00:03:05,624 [Thread-196] INFO  impl.FollowerState (FollowerState.java:run(108)) - fe2f4460-1173-45ac-8f62-3ccbe442b4a3@group-6F8CF0FD9F91-FollowerState: change to CANDIDATE, lastRpcTime:154ms, electionTimeout:154ms
2019-10-22 00:03:05,624 [0d315fbd-ade0-427f-8a57-9b8f4a7ccba2@group-452902F59078-LeaderElection3] INFO  impl.RoleInfo (RoleInfo.java:updateAndGet(143)) - 0d315fbd-ade0-427f-8a57-9b8f4a7ccba2: start LeaderState
2019-10-22 00:03:05,624 [Thread-196] INFO  impl.RoleInfo (RoleInfo.java:shutdownFollowerState(121)) - fe2f4460-1173-45ac-8f62-3ccbe442b4a3: shutdown FollowerState
2019-10-22 00:03:05,625 [Thread-196] INFO  impl.RaftServerImpl (RaftServerImpl.java:setRole(184)) - fe2f4460-1173-45ac-8f62-3ccbe442b4a3@group-6F8CF0FD9F91: changes role from  FOLLOWER to CANDIDATE at term 0 for changeToCandidate
2019-10-22 00:03:05,625 [0d315fbd-ade0-427f-8a57-9b8f4a7ccba2@group-452902F59078-LeaderElection3] INFO  segmented.SegmentedRaftLogWorker (SegmentedRaftLogWorker.java:startLogSegment(385)) - 0d315fbd-ade0-427f-8a57-9b8f4a7ccba2@group-452902F59078-SegmentedRaftLogWorker: Starting segment from index:0
2019-10-22 00:03:05,625 [Thread-196] INFO  impl.RoleInfo (RoleInfo.java:updateAndGet(143)) - fe2f4460-1173-45ac-8f62-3ccbe442b4a3: start LeaderElection
2019-10-22 00:03:05,653 [Thread-211] INFO  impl.FollowerState (FollowerState.java:run(108)) - fe2f4460-1173-45ac-8f62-3ccbe442b4a3@group-452902F59078-FollowerState: change to CANDIDATE, lastRpcTime:67ms, electionTimeout:59ms
2019-10-22 00:03:05,654 [Thread-211] INFO  impl.RoleInfo (RoleInfo.java:shutdownFollowerState(121)) - fe2f4460-1173-45ac-8f62-3ccbe442b4a3: shutdown FollowerState
2019-10-22 00:03:05,654 [Thread-211] INFO  impl.RaftServerImpl (RaftServerImpl.java:setRole(184)) - fe2f4460-1173-45ac-8f62-3ccbe442b4a3@group-452902F59078: changes role from  FOLLOWER to CANDIDATE at term 1 for changeToCandidate
2019-10-22 00:03:05,654 [Thread-211] INFO  impl.RoleInfo (RoleInfo.java:updateAndGet(143)) - fe2f4460-1173-45ac-8f62-3ccbe442b4a3: start LeaderElection
2019-10-22 00:03:05,655 [0d315fbd-ade0-427f-8a57-9b8f4a7ccba2@group-452902F59078-LeaderElection3] INFO  impl.RaftServerImpl (ServerState.java:setRaftConf(357)) - 0d315fbd-ade0-427f-8a57-9b8f4a7ccba2@group-452902F59078: set configuration 0: [fe2f4460-1173-45ac-8f62-3ccbe442b4a3:192.168.157.254:43148, bec42651-2cde-4fcc-b688-684a384bc6fb:192.168.157.254:46415, 0d315fbd-ade0-427f-8a57-9b8f4a7ccba2:192.168.157.254:43029], old=null at 0
2019-10-22 00:03:05,661 [Thread-214] INFO  impl.FollowerState (FollowerState.java:run(108)) - bec42651-2cde-4fcc-b688-684a384bc6fb@group-452902F59078-FollowerState: change to CANDIDATE, lastRpcTime:52ms, electionTimeout:52ms
2019-10-22 00:03:05,661 [Thread-214] INFO  impl.RoleInfo (RoleInfo.java:shutdownFollowerState(121)) - bec42651-2cde-4fcc-b688-684a384bc6fb: shutdown FollowerState
2019-10-22 00:03:05,661 [Thread-214] INFO  impl.RaftServerImpl (RaftServerImpl.java:setRole(184)) - bec42651-2cde-4fcc-b688-684a384bc6fb@group-452902F59078: changes role from  FOLLOWER to CANDIDATE at term 1 for changeToCandidate
2019-10-22 00:03:05,661 [Thread-214] INFO  impl.RoleInfo (RoleInfo.java:updateAndGet(143)) - bec42651-2cde-4fcc-b688-684a384bc6fb: start LeaderElection
2019-10-22 00:03:05,710 [0d315fbd-ade0-427f-8a57-9b8f4a7ccba2@group-4D27A458C2CB-SegmentedRaftLogWorker] INFO  segmented.SegmentedRaftLogWorker (SegmentedRaftLogWorker.java:execute(576)) - 0d315fbd-ade0-427f-8a57-9b8f4a7ccba2@group-4D27A458C2CB-SegmentedRaftLogWorker: created new log segment /workdir/hadoop-ozone/integration-test/target/test-dir/MiniOzoneClusterImpl-8b3f1bd7-87d6-49e7-a08b-7cd236893d43/datanode-1/data/ratis/82161d29-0b95-4da4-b638-4d27a458c2cb/current/log_inprogress_0
2019-10-22 00:03:05,710 [fe2f4460-1173-45ac-8f62-3ccbe442b4a3@group-452902F59078-LeaderElection6] INFO  impl.LeaderElection (LeaderElection.java:askForVotes(178)) - fe2f4460-1173-45ac-8f62-3ccbe442b4a3@group-452902F59078-LeaderElection6: begin an election at term 2 for -1: [fe2f4460-1173-45ac-8f62-3ccbe442b4a3:192.168.157.254:43148, bec42651-2cde-4fcc-b688-684a384bc6fb:192.168.157.254:46415, 0d315fbd-ade0-427f-8a57-9b8f4a7ccba2:192.168.157.254:43029], old=null
2019-10-22 00:03:05,710 [fe2f4460-1173-45ac-8f62-3ccbe442b4a3@group-6F8CF0FD9F91-LeaderElection5] INFO  impl.LeaderElection (LeaderElection.java:askForVotes(178)) - fe2f4460-1173-45ac-8f62-3ccbe442b4a3@group-6F8CF0FD9F91-LeaderElection5: begin an election at term 1 for -1: [fe2f4460-1173-45ac-8f62-3ccbe442b4a3:192.168.157.254:43148], old=null
2019-10-22 00:03:05,710 [bec42651-2cde-4fcc-b688-684a384bc6fb@group-452902F59078-LeaderElection7] INFO  impl.LeaderElection (LeaderElection.java:askForVotes(178)) - bec42651-2cde-4fcc-b688-684a384bc6fb@group-452902F59078-LeaderElection7: begin an election at term 2 for -1: [fe2f4460-1173-45ac-8f62-3ccbe442b4a3:192.168.157.254:43148, bec42651-2cde-4fcc-b688-684a384bc6fb:192.168.157.254:46415, 0d315fbd-ade0-427f-8a57-9b8f4a7ccba2:192.168.157.254:43029], old=null
2019-10-22 00:03:05,710 [bec42651-2cde-4fcc-b688-684a384bc6fb@group-CA715C3D59BF-SegmentedRaftLogWorker] INFO  segmented.SegmentedRaftLogWorker (SegmentedRaftLogWorker.java:execute(576)) - bec42651-2cde-4fcc-b688-684a384bc6fb@group-CA715C3D59BF-SegmentedRaftLogWorker: created new log segment /workdir/hadoop-ozone/integration-test/target/test-dir/MiniOzoneClusterImpl-8b3f1bd7-87d6-49e7-a08b-7cd236893d43/datanode-0/data/ratis/eecc061e-4d3e-4124-8164-ca715c3d59bf/current/log_inprogress_0
2019-10-22 00:03:05,710 [0d315fbd-ade0-427f-8a57-9b8f4a7ccba2@group-452902F59078-SegmentedRaftLogWorker] INFO  segmented.SegmentedRaftLogWorker (SegmentedRaftLogWorker.java:execute(576)) - 0d315fbd-ade0-427f-8a57-9b8f4a7ccba2@group-452902F59078-SegmentedRaftLogWorker: created new log segment /workdir/hadoop-ozone/integration-test/target/test-dir/MiniOzoneClusterImpl-8b3f1bd7-87d6-49e7-a08b-7cd236893d43/datanode-1/data/ratis/c00d4cd3-293b-4d2c-9f2c-452902f59078/current/log_inprogress_0
2019-10-22 00:03:05,711 [fe2f4460-1173-45ac-8f62-3ccbe442b4a3@group-6F8CF0FD9F91-LeaderElection5] INFO  impl.RoleInfo (RoleInfo.java:shutdownLeaderElection(134)) - fe2f4460-1173-45ac-8f62-3ccbe442b4a3: shutdown LeaderElection
2019-10-22 00:03:05,711 [fe2f4460-1173-45ac-8f62-3ccbe442b4a3@group-6F8CF0FD9F91-LeaderElection5] INFO  impl.RaftServerImpl (RaftServerImpl.java:setRole(184)) - fe2f4460-1173-45ac-8f62-3ccbe442b4a3@group-6F8CF0FD9F91: changes role from CANDIDATE to LEADER at term 1 for changeToLeader
2019-10-22 00:03:05,711 [fe2f4460-1173-45ac-8f62-3ccbe442b4a3@group-6F8CF0FD9F91-LeaderElection5] INFO  impl.RaftServerImpl (ServerState.java:setLeader(256)) - fe2f4460-1173-45ac-8f62-3ccbe442b4a3@group-6F8CF0FD9F91: change Leader from null to fe2f4460-1173-45ac-8f62-3ccbe442b4a3 at term 1 for becomeLeader, leader elected after 252ms
2019-10-22 00:03:05,711 [fe2f4460-1173-45ac-8f62-3ccbe442b4a3@group-6F8CF0FD9F91-LeaderElection5] INFO  server.RaftServerConfigKeys (ConfUtils.java:logGet(43)) - raft.server.staging.catchup.gap = 1000 (default)
2019-10-22 00:03:05,712 [fe2f4460-1173-45ac-8f62-3ccbe442b4a3@group-6F8CF0FD9F91-LeaderElection5] INFO  server.RaftServerConfigKeys (ConfUtils.java:logGet(43)) - raft.server.rpc.sleep.time = 25ms (default)
2019-10-22 00:03:05,712 [fe2f4460-1173-45ac-8f62-3ccbe442b4a3@group-6F8CF0FD9F91-LeaderElection5] INFO  server.RaftServerConfigKeys (ConfUtils.java:logGet(43)) - raft.server.write.element-limit = 4096 (default)
2019-10-22 00:03:05,712 [fe2f4460-1173-45ac-8f62-3ccbe442b4a3@group-6F8CF0FD9F91-LeaderElection5] INFO  server.RaftServerConfigKeys (ConfUtils.java:logGet(43)) - raft.server.watch.timeout = 10s (default)
2019-10-22 00:03:05,712 [fe2f4460-1173-45ac-8f62-3ccbe442b4a3@group-6F8CF0FD9F91-LeaderElection5] INFO  server.RaftServerConfigKeys (ConfUtils.java:logGet(43)) - raft.server.watch.timeout.denomination = 1s (default)
2019-10-22 00:03:05,712 [fe2f4460-1173-45ac-8f62-3ccbe442b4a3@group-6F8CF0FD9F91-LeaderElection5] INFO  server.RaftServerConfigKeys (ConfUtils.java:logGet(43)) - raft.server.watch.element-limit = 65536 (default)
2019-10-22 00:03:05,718 [fe2f4460-1173-45ac-8f62-3ccbe442b4a3@group-6F8CF0FD9F91-LeaderElection5] INFO  impl.RoleInfo (RoleInfo.java:updateAndGet(143)) - fe2f4460-1173-45ac-8f62-3ccbe442b4a3: start LeaderState
2019-10-22 00:03:05,720 [fe2f4460-1173-45ac-8f62-3ccbe442b4a3@group-6F8CF0FD9F91-LeaderElection5] INFO  segmented.SegmentedRaftLogWorker (SegmentedRaftLogWorker.java:startLogSegment(385)) - fe2f4460-1173-45ac-8f62-3ccbe442b4a3@group-6F8CF0FD9F91-SegmentedRaftLogWorker: Starting segment from index:0
2019-10-22 00:03:05,721 [fe2f4460-1173-45ac-8f62-3ccbe442b4a3@group-6F8CF0FD9F91-LeaderElection5] INFO  impl.RaftServerImpl (ServerState.java:setRaftConf(357)) - fe2f4460-1173-45ac-8f62-3ccbe442b4a3@group-6F8CF0FD9F91: set configuration 0: [fe2f4460-1173-45ac-8f62-3ccbe442b4a3:192.168.157.254:43148], old=null at 0
2019-10-22 00:03:05,721 [grpc-default-executor-2] INFO  impl.RaftServerImpl (ServerState.java:setLeader(256)) - 0d315fbd-ade0-427f-8a57-9b8f4a7ccba2@group-452902F59078: change Leader from 0d315fbd-ade0-427f-8a57-9b8f4a7ccba2 to null at term 2 for updateCurrentTerm
2019-10-22 00:03:05,722 [grpc-default-executor-2] INFO  impl.RaftServerImpl (RaftServerImpl.java:setRole(184)) - 0d315fbd-ade0-427f-8a57-9b8f4a7ccba2@group-452902F59078: changes role from    LEADER to FOLLOWER at term 2 for recognizeCandidate:bec42651-2cde-4fcc-b688-684a384bc6fb
2019-10-22 00:03:05,722 [grpc-default-executor-2] INFO  impl.RoleInfo (RoleInfo.java:shutdownLeaderState(104)) - 0d315fbd-ade0-427f-8a57-9b8f4a7ccba2: shutdown LeaderState
2019-10-22 00:03:05,747 [main] INFO  ozone.MiniOzoneClusterImpl (MiniOzoneClusterImpl.java:lambda$waitForClusterToBeReady$0(147)) - Cluster is ready. Got 3 of 3 DN Heartbeats.
2019-10-22 00:03:05,747 [org.apache.ratis.server.impl.LogAppender$AppenderDaemon$$Lambda$378/1202390938@35af664] WARN  server.GrpcLogAppender (GrpcLogAppender.java:mayWait(149)) - 0d315fbd-ade0-427f-8a57-9b8f4a7ccba2@group-452902F59078->fe2f4460-1173-45ac-8f62-3ccbe442b4a3-GrpcLogAppender: Wait interrupted by java.lang.InterruptedException
2019-10-22 00:03:05,747 [org.apache.ratis.server.impl.LogAppender$AppenderDaemon$$Lambda$378/1202390938@bb7c99e] WARN  server.GrpcLogAppender (GrpcLogAppender.java:mayWait(149)) - 0d315fbd-ade0-427f-8a57-9b8f4a7ccba2@group-452902F59078->bec42651-2cde-4fcc-b688-684a384bc6fb-GrpcLogAppender: Wait interrupted by java.lang.InterruptedException
2019-10-22 00:03:05,748 [grpc-default-executor-2] INFO  impl.PendingRequests (PendingRequests.java:sendNotLeaderResponses(202)) - 0d315fbd-ade0-427f-8a57-9b8f4a7ccba2@group-452902F59078-PendingRequests: sendNotLeaderResponses
2019-10-22 00:03:05,752 [grpc-default-executor-2] INFO  impl.RoleInfo (RoleInfo.java:updateAndGet(143)) - 0d315fbd-ade0-427f-8a57-9b8f4a7ccba2: start FollowerState
2019-10-22 00:03:05,753 [grpc-default-executor-4] INFO  server.GrpcServerProtocolService (GrpcServerProtocolService.java:onCompleted(113)) - fe2f4460-1173-45ac-8f62-3ccbe442b4a3: Completed APPEND_ENTRIES, lastRequest: 0d315fbd-ade0-427f-8a57-9b8f4a7ccba2->fe2f4460-1173-45ac-8f62-3ccbe442b4a3#0-t1, previous=(t:0, i:0), leaderCommit=-1, initializing? false, entries: <empty>
2019-10-22 00:03:05,753 [grpc-default-executor-6] INFO  server.GrpcServerProtocolService (GrpcServerProtocolService.java:onCompleted(113)) - bec42651-2cde-4fcc-b688-684a384bc6fb: Completed APPEND_ENTRIES, lastRequest: 0d315fbd-ade0-427f-8a57-9b8f4a7ccba2->bec42651-2cde-4fcc-b688-684a384bc6fb#0-t1, previous=(t:0, i:0), leaderCommit=-1, initializing? false, entries: <empty>
2019-10-22 00:03:05,806 [fe2f4460-1173-45ac-8f62-3ccbe442b4a3@group-6F8CF0FD9F91-SegmentedRaftLogWorker] INFO  segmented.SegmentedRaftLogWorker (SegmentedRaftLogWorker.java:execute(576)) - fe2f4460-1173-45ac-8f62-3ccbe442b4a3@group-6F8CF0FD9F91-SegmentedRaftLogWorker: created new log segment /workdir/hadoop-ozone/integration-test/target/test-dir/MiniOzoneClusterImpl-8b3f1bd7-87d6-49e7-a08b-7cd236893d43/datanode-2/data/ratis/0ad61aec-3859-4061-8ecd-6f8cf0fd9f91/current/log_inprogress_0
2019-10-22 00:03:05,806 [grpc-default-executor-0] INFO  impl.RaftServerImpl (RaftServerImpl.java:setRole(184)) - 0d315fbd-ade0-427f-8a57-9b8f4a7ccba2@group-452902F59078: changes role from  FOLLOWER to FOLLOWER at term 2 for recognizeCandidate:fe2f4460-1173-45ac-8f62-3ccbe442b4a3
2019-10-22 00:03:05,806 [grpc-default-executor-0] INFO  impl.RoleInfo (RoleInfo.java:shutdownFollowerState(121)) - 0d315fbd-ade0-427f-8a57-9b8f4a7ccba2: shutdown FollowerState
2019-10-22 00:03:05,807 [Thread-228] INFO  impl.FollowerState (FollowerState.java:run(117)) - 0d315fbd-ade0-427f-8a57-9b8f4a7ccba2@group-452902F59078-FollowerState was interrupted: java.lang.InterruptedException: sleep interrupted
2019-10-22 00:03:05,807 [grpc-default-executor-0] INFO  impl.RoleInfo (RoleInfo.java:updateAndGet(143)) - 0d315fbd-ade0-427f-8a57-9b8f4a7ccba2: start FollowerState
2019-10-22 00:03:05,808 [grpc-default-executor-3] INFO  server.GrpcLogAppender (GrpcLogAppender.java:onCompleted(308)) - 0d315fbd-ade0-427f-8a57-9b8f4a7ccba2@group-452902F59078->bec42651-2cde-4fcc-b688-684a384bc6fb-AppendLogResponseHandler: follower responses appendEntries COMPLETED
2019-10-22 00:03:05,808 [grpc-default-executor-1] INFO  server.GrpcLogAppender (GrpcLogAppender.java:onCompleted(308)) - 0d315fbd-ade0-427f-8a57-9b8f4a7ccba2@group-452902F59078->fe2f4460-1173-45ac-8f62-3ccbe442b4a3-AppendLogResponseHandler: follower responses appendEntries COMPLETED
2019-10-22 00:03:05,813 [fe2f4460-1173-45ac-8f62-3ccbe442b4a3@group-452902F59078-LeaderElection6] INFO  impl.LeaderElection (LeaderElection.java:logAndReturn(56)) - fe2f4460-1173-45ac-8f62-3ccbe442b4a3@group-452902F59078-LeaderElection6: Election REJECTED; received 2 response(s) [fe2f4460-1173-45ac-8f62-3ccbe442b4a3<-bec42651-2cde-4fcc-b688-684a384bc6fb#0:FAIL-t2, fe2f4460-1173-45ac-8f62-3ccbe442b4a3<-0d315fbd-ade0-427f-8a57-9b8f4a7ccba2#0:FAIL-t2] and 0 exception(s); fe2f4460-1173-45ac-8f62-3ccbe442b4a3@group-452902F59078:t2, leader=null, voted=fe2f4460-1173-45ac-8f62-3ccbe442b4a3, raftlog=fe2f4460-1173-45ac-8f62-3ccbe442b4a3@group-452902F59078-SegmentedRaftLog:OPENED:c-1,f-1,i0, conf=-1: [fe2f4460-1173-45ac-8f62-3ccbe442b4a3:192.168.157.254:43148, bec42651-2cde-4fcc-b688-684a384bc6fb:192.168.157.254:46415, 0d315fbd-ade0-427f-8a57-9b8f4a7ccba2:192.168.157.254:43029], old=null
2019-10-22 00:03:05,813 [bec42651-2cde-4fcc-b688-684a384bc6fb@group-452902F59078-LeaderElection7] INFO  impl.LeaderElection (LeaderElection.java:logAndReturn(56)) - bec42651-2cde-4fcc-b688-684a384bc6fb@group-452902F59078-LeaderElection7: Election REJECTED; received 2 response(s) [bec42651-2cde-4fcc-b688-684a384bc6fb<-fe2f4460-1173-45ac-8f62-3ccbe442b4a3#0:FAIL-t2, bec42651-2cde-4fcc-b688-684a384bc6fb<-0d315fbd-ade0-427f-8a57-9b8f4a7ccba2#0:FAIL-t2] and 0 exception(s); bec42651-2cde-4fcc-b688-684a384bc6fb@group-452902F59078:t2, leader=null, voted=bec42651-2cde-4fcc-b688-684a384bc6fb, raftlog=bec42651-2cde-4fcc-b688-684a384bc6fb@group-452902F59078-SegmentedRaftLog:OPENED:c-1,f-1,i0, conf=-1: [fe2f4460-1173-45ac-8f62-3ccbe442b4a3:192.168.157.254:43148, bec42651-2cde-4fcc-b688-684a384bc6fb:192.168.157.254:46415, 0d315fbd-ade0-427f-8a57-9b8f4a7ccba2:192.168.157.254:43029], old=null
2019-10-22 00:03:05,813 [fe2f4460-1173-45ac-8f62-3ccbe442b4a3@group-452902F59078-LeaderElection6] INFO  impl.RaftServerImpl (RaftServerImpl.java:setRole(184)) - fe2f4460-1173-45ac-8f62-3ccbe442b4a3@group-452902F59078: changes role from CANDIDATE to FOLLOWER at term 2 for DISCOVERED_A_NEW_TERM
2019-10-22 00:03:05,813 [grpc-default-executor-3] INFO  impl.FollowerInfo (FollowerInfo.java:lambda$new$0(51)) - 0d315fbd-ade0-427f-8a57-9b8f4a7ccba2@group-452902F59078->bec42651-2cde-4fcc-b688-684a384bc6fb: nextIndex: updateUnconditionally 0 -> 0
2019-10-22 00:03:05,816 [bec42651-2cde-4fcc-b688-684a384bc6fb@group-452902F59078-LeaderElection7] INFO  impl.RaftServerImpl (RaftServerImpl.java:setRole(184)) - bec42651-2cde-4fcc-b688-684a384bc6fb@group-452902F59078: changes role from CANDIDATE to FOLLOWER at term 2 for DISCOVERED_A_NEW_TERM
2019-10-22 00:03:05,815 [grpc-default-executor-1] INFO  impl.FollowerInfo (FollowerInfo.java:lambda$new$0(51)) - 0d315fbd-ade0-427f-8a57-9b8f4a7ccba2@group-452902F59078->fe2f4460-1173-45ac-8f62-3ccbe442b4a3: nextIndex: updateUnconditionally 0 -> 0
2019-10-22 00:03:05,815 [fe2f4460-1173-45ac-8f62-3ccbe442b4a3@group-452902F59078-LeaderElection6] INFO  impl.RoleInfo (RoleInfo.java:shutdownLeaderElection(134)) - fe2f4460-1173-45ac-8f62-3ccbe442b4a3: shutdown LeaderElection
2019-10-22 00:03:05,816 [bec42651-2cde-4fcc-b688-684a384bc6fb@group-452902F59078-LeaderElection7] INFO  impl.RoleInfo (RoleInfo.java:shutdownLeaderElection(134)) - bec42651-2cde-4fcc-b688-684a384bc6fb: shutdown LeaderElection
2019-10-22 00:03:05,817 [fe2f4460-1173-45ac-8f62-3ccbe442b4a3@group-452902F59078-LeaderElection6] INFO  impl.RoleInfo (RoleInfo.java:updateAndGet(143)) - fe2f4460-1173-45ac-8f62-3ccbe442b4a3: start FollowerState
2019-10-22 00:03:05,817 [bec42651-2cde-4fcc-b688-684a384bc6fb@group-452902F59078-LeaderElection7] INFO  impl.RoleInfo (RoleInfo.java:updateAndGet(143)) - bec42651-2cde-4fcc-b688-684a384bc6fb: start FollowerState
2019-10-22 00:03:05,834 [Thread-230] INFO  impl.FollowerState (FollowerState.java:run(108)) - fe2f4460-1173-45ac-8f62-3ccbe442b4a3@group-452902F59078-FollowerState: change to CANDIDATE, lastRpcTime:17ms, electionTimeout:17ms
2019-10-22 00:03:05,834 [Thread-230] INFO  impl.RoleInfo (RoleInfo.java:shutdownFollowerState(121)) - fe2f4460-1173-45ac-8f62-3ccbe442b4a3: shutdown FollowerState
2019-10-22 00:03:05,835 [Thread-230] INFO  impl.RaftServerImpl (RaftServerImpl.java:setRole(184)) - fe2f4460-1173-45ac-8f62-3ccbe442b4a3@group-452902F59078: changes role from  FOLLOWER to CANDIDATE at term 2 for changeToCandidate
2019-10-22 00:03:05,835 [Thread-230] INFO  impl.RoleInfo (RoleInfo.java:updateAndGet(143)) - fe2f4460-1173-45ac-8f62-3ccbe442b4a3: start LeaderElection
2019-10-22 00:03:05,848 [fe2f4460-1173-45ac-8f62-3ccbe442b4a3@group-452902F59078-LeaderElection8] INFO  impl.LeaderElection (LeaderElection.java:askForVotes(178)) - fe2f4460-1173-45ac-8f62-3ccbe442b4a3@group-452902F59078-LeaderElection8: begin an election at term 3 for -1: [fe2f4460-1173-45ac-8f62-3ccbe442b4a3:192.168.157.254:43148, bec42651-2cde-4fcc-b688-684a384bc6fb:192.168.157.254:46415, 0d315fbd-ade0-427f-8a57-9b8f4a7ccba2:192.168.157.254:43029], old=null
2019-10-22 00:03:05,852 [grpc-default-executor-1] INFO  impl.RaftServerImpl (RaftServerImpl.java:setRole(184)) - bec42651-2cde-4fcc-b688-684a384bc6fb@group-452902F59078: changes role from  FOLLOWER to FOLLOWER at term 3 for recognizeCandidate:fe2f4460-1173-45ac-8f62-3ccbe442b4a3
2019-10-22 00:03:05,852 [grpc-default-executor-3] INFO  impl.RaftServerImpl (RaftServerImpl.java:setRole(184)) - 0d315fbd-ade0-427f-8a57-9b8f4a7ccba2@group-452902F59078: changes role from  FOLLOWER to FOLLOWER at term 3 for recognizeCandidate:fe2f4460-1173-45ac-8f62-3ccbe442b4a3
2019-10-22 00:03:05,852 [grpc-default-executor-1] INFO  impl.RoleInfo (RoleInfo.java:shutdownFollowerState(121)) - bec42651-2cde-4fcc-b688-684a384bc6fb: shutdown FollowerState
2019-10-22 00:03:05,853 [grpc-default-executor-3] INFO  impl.RoleInfo (RoleInfo.java:shutdownFollowerState(121)) - 0d315fbd-ade0-427f-8a57-9b8f4a7ccba2: shutdown FollowerState
2019-10-22 00:03:05,853 [grpc-default-executor-1] INFO  impl.RoleInfo (RoleInfo.java:updateAndGet(143)) - bec42651-2cde-4fcc-b688-684a384bc6fb: start FollowerState
2019-10-22 00:03:05,853 [grpc-default-executor-3] INFO  impl.RoleInfo (RoleInfo.java:updateAndGet(143)) - 0d315fbd-ade0-427f-8a57-9b8f4a7ccba2: start FollowerState
2019-10-22 00:03:05,853 [Thread-231] INFO  impl.FollowerState (FollowerState.java:run(117)) - bec42651-2cde-4fcc-b688-684a384bc6fb@group-452902F59078-FollowerState was interrupted: java.lang.InterruptedException: sleep interrupted
2019-10-22 00:03:05,853 [Thread-229] INFO  impl.FollowerState (FollowerState.java:run(117)) - 0d315fbd-ade0-427f-8a57-9b8f4a7ccba2@group-452902F59078-FollowerState was interrupted: java.lang.InterruptedException: sleep interrupted
2019-10-22 00:03:05,855 [fe2f4460-1173-45ac-8f62-3ccbe442b4a3@group-452902F59078-LeaderElection8] INFO  impl.LeaderElection (LeaderElection.java:logAndReturn(56)) - fe2f4460-1173-45ac-8f62-3ccbe442b4a3@group-452902F59078-LeaderElection8: Election TIMEOUT; received 0 response(s) [] and 0 exception(s); fe2f4460-1173-45ac-8f62-3ccbe442b4a3@group-452902F59078:t3, leader=null, voted=fe2f4460-1173-45ac-8f62-3ccbe442b4a3, raftlog=fe2f4460-1173-45ac-8f62-3ccbe442b4a3@group-452902F59078-SegmentedRaftLog:OPENED:c-1,f-1,i0, conf=-1: [fe2f4460-1173-45ac-8f62-3ccbe442b4a3:192.168.157.254:43148, bec42651-2cde-4fcc-b688-684a384bc6fb:192.168.157.254:46415, 0d315fbd-ade0-427f-8a57-9b8f4a7ccba2:192.168.157.254:43029], old=null
2019-10-22 00:03:05,867 [fe2f4460-1173-45ac-8f62-3ccbe442b4a3@group-452902F59078-LeaderElection8] INFO  impl.LeaderElection (LeaderElection.java:askForVotes(178)) - fe2f4460-1173-45ac-8f62-3ccbe442b4a3@group-452902F59078-LeaderElection8: begin an election at term 4 for -1: [fe2f4460-1173-45ac-8f62-3ccbe442b4a3:192.168.157.254:43148, bec42651-2cde-4fcc-b688-684a384bc6fb:192.168.157.254:46415, 0d315fbd-ade0-427f-8a57-9b8f4a7ccba2:192.168.157.254:43029], old=null
2019-10-22 00:03:05,878 [grpc-default-executor-3] INFO  impl.RaftServerImpl (RaftServerImpl.java:setRole(184)) - bec42651-2cde-4fcc-b688-684a384bc6fb@group-452902F59078: changes role from  FOLLOWER to FOLLOWER at term 4 for recognizeCandidate:fe2f4460-1173-45ac-8f62-3ccbe442b4a3
2019-10-22 00:03:05,878 [grpc-default-executor-1] INFO  impl.RaftServerImpl (RaftServerImpl.java:setRole(184)) - 0d315fbd-ade0-427f-8a57-9b8f4a7ccba2@group-452902F59078: changes role from  FOLLOWER to FOLLOWER at term 4 for recognizeCandidate:fe2f4460-1173-45ac-8f62-3ccbe442b4a3
2019-10-22 00:03:05,879 [grpc-default-executor-3] INFO  impl.RoleInfo (RoleInfo.java:shutdownFollowerState(121)) - bec42651-2cde-4fcc-b688-684a384bc6fb: shutdown FollowerState
2019-10-22 00:03:05,879 [grpc-default-executor-1] INFO  impl.RoleInfo (RoleInfo.java:shutdownFollowerState(121)) - 0d315fbd-ade0-427f-8a57-9b8f4a7ccba2: shutdown FollowerState
2019-10-22 00:03:05,879 [Thread-235] INFO  impl.FollowerState (FollowerState.java:run(117)) - bec42651-2cde-4fcc-b688-684a384bc6fb@group-452902F59078-FollowerState was interrupted: java.lang.InterruptedException: sleep interrupted
2019-10-22 00:03:05,879 [grpc-default-executor-3] INFO  impl.RoleInfo (RoleInfo.java:updateAndGet(143)) - bec42651-2cde-4fcc-b688-684a384bc6fb: start FollowerState
2019-10-22 00:03:05,879 [grpc-default-executor-1] INFO  impl.RoleInfo (RoleInfo.java:updateAndGet(143)) - 0d315fbd-ade0-427f-8a57-9b8f4a7ccba2: start FollowerState
2019-10-22 00:03:05,879 [Thread-236] INFO  impl.FollowerState (FollowerState.java:run(117)) - 0d315fbd-ade0-427f-8a57-9b8f4a7ccba2@group-452902F59078-FollowerState was interrupted: java.lang.InterruptedException: sleep interrupted
2019-10-22 00:03:05,896 [fe2f4460-1173-45ac-8f62-3ccbe442b4a3@group-452902F59078-LeaderElection8] INFO  impl.LeaderElection (LeaderElection.java:logAndReturn(56)) - fe2f4460-1173-45ac-8f62-3ccbe442b4a3@group-452902F59078-LeaderElection8: Election PASSED; received 1 response(s) [fe2f4460-1173-45ac-8f62-3ccbe442b4a3<-bec42651-2cde-4fcc-b688-684a384bc6fb#0:OK-t4] and 0 exception(s); fe2f4460-1173-45ac-8f62-3ccbe442b4a3@group-452902F59078:t4, leader=null, voted=fe2f4460-1173-45ac-8f62-3ccbe442b4a3, raftlog=fe2f4460-1173-45ac-8f62-3ccbe442b4a3@group-452902F59078-SegmentedRaftLog:OPENED:c-1,f-1,i0, conf=-1: [fe2f4460-1173-45ac-8f62-3ccbe442b4a3:192.168.157.254:43148, bec42651-2cde-4fcc-b688-684a384bc6fb:192.168.157.254:46415, 0d315fbd-ade0-427f-8a57-9b8f4a7ccba2:192.168.157.254:43029], old=null
2019-10-22 00:03:05,896 [fe2f4460-1173-45ac-8f62-3ccbe442b4a3@group-452902F59078-LeaderElection8] INFO  impl.RoleInfo (RoleInfo.java:shutdownLeaderElection(134)) - fe2f4460-1173-45ac-8f62-3ccbe442b4a3: shutdown LeaderElection
2019-10-22 00:03:05,899 [fe2f4460-1173-45ac-8f62-3ccbe442b4a3@group-452902F59078-LeaderElection8] INFO  impl.RaftServerImpl (RaftServerImpl.java:setRole(184)) - fe2f4460-1173-45ac-8f62-3ccbe442b4a3@group-452902F59078: changes role from CANDIDATE to LEADER at term 4 for changeToLeader
2019-10-22 00:03:05,899 [fe2f4460-1173-45ac-8f62-3ccbe442b4a3@group-452902F59078-LeaderElection8] INFO  impl.RaftServerImpl (ServerState.java:setLeader(256)) - fe2f4460-1173-45ac-8f62-3ccbe442b4a3@group-452902F59078: change Leader from null to fe2f4460-1173-45ac-8f62-3ccbe442b4a3 at term 4 for becomeLeader, leader elected after 368ms
2019-10-22 00:03:05,899 [fe2f4460-1173-45ac-8f62-3ccbe442b4a3@group-452902F59078-LeaderElection8] INFO  server.RaftServerConfigKeys (ConfUtils.java:logGet(43)) - raft.server.staging.catchup.gap = 1000 (default)
2019-10-22 00:03:05,899 [fe2f4460-1173-45ac-8f62-3ccbe442b4a3@group-452902F59078-LeaderElection8] INFO  server.RaftServerConfigKeys (ConfUtils.java:logGet(43)) - raft.server.rpc.sleep.time = 25ms (default)
2019-10-22 00:03:05,900 [fe2f4460-1173-45ac-8f62-3ccbe442b4a3@group-452902F59078-LeaderElection8] INFO  server.RaftServerConfigKeys (ConfUtils.java:logGet(43)) - raft.server.write.element-limit = 4096 (default)
2019-10-22 00:03:05,900 [fe2f4460-1173-45ac-8f62-3ccbe442b4a3@group-452902F59078-LeaderElection8] INFO  server.RaftServerConfigKeys (ConfUtils.java:logGet(43)) - raft.server.watch.timeout = 10s (default)
2019-10-22 00:03:05,900 [fe2f4460-1173-45ac-8f62-3ccbe442b4a3@group-452902F59078-LeaderElection8] INFO  server.RaftServerConfigKeys (ConfUtils.java:logGet(43)) - raft.server.watch.timeout.denomination = 1s (default)
2019-10-22 00:03:05,900 [fe2f4460-1173-45ac-8f62-3ccbe442b4a3@group-452902F59078-LeaderElection8] INFO  server.RaftServerConfigKeys (ConfUtils.java:logGet(43)) - raft.server.watch.element-limit = 65536 (default)
2019-10-22 00:03:05,902 [fe2f4460-1173-45ac-8f62-3ccbe442b4a3@group-452902F59078-LeaderElection8] INFO  server.RaftServerConfigKeys (ConfUtils.java:logGet(43)) - raft.server.log.appender.snapshot.chunk.size.max = 16MB (=16777216) (default)
2019-10-22 00:03:05,902 [fe2f4460-1173-45ac-8f62-3ccbe442b4a3@group-452902F59078-LeaderElection8] INFO  server.RaftServerConfigKeys (ConfUtils.java:logGet(43)) - raft.server.log.appender.buffer.byte-limit = 33554432 (custom)
2019-10-22 00:03:05,902 [fe2f4460-1173-45ac-8f62-3ccbe442b4a3@group-452902F59078-LeaderElection8] INFO  server.RaftServerConfigKeys (ConfUtils.java:logGet(43)) - raft.server.log.appender.buffer.element-limit = 1 (custom)
2019-10-22 00:03:05,903 [fe2f4460-1173-45ac-8f62-3ccbe442b4a3@group-452902F59078-LeaderElection8] INFO  grpc.GrpcConfigKeys$Server (ConfUtils.java:logGet(43)) - raft.grpc.server.leader.outstanding.appends.max = 128 (default)
2019-10-22 00:03:05,903 [fe2f4460-1173-45ac-8f62-3ccbe442b4a3@group-452902F59078-LeaderElection8] INFO  server.RaftServerConfigKeys (ConfUtils.java:logGet(43)) - raft.server.rpc.request.timeout = 3000ms (default)
2019-10-22 00:03:05,903 [fe2f4460-1173-45ac-8f62-3ccbe442b4a3@group-452902F59078-LeaderElection8] INFO  server.RaftServerConfigKeys (ConfUtils.java:logGet(43)) - raft.server.log.appender.install.snapshot.enabled = false (custom)
2019-10-22 00:03:05,905 [fe2f4460-1173-45ac-8f62-3ccbe442b4a3@group-452902F59078-LeaderElection8] INFO  server.RaftServerConfigKeys (ConfUtils.java:logGet(43)) - raft.server.log.appender.snapshot.chunk.size.max = 16MB (=16777216) (default)
2019-10-22 00:03:05,905 [fe2f4460-1173-45ac-8f62-3ccbe442b4a3@group-452902F59078-LeaderElection8] INFO  server.RaftServerConfigKeys (ConfUtils.java:logGet(43)) - raft.server.log.appender.buffer.byte-limit = 33554432 (custom)
2019-10-22 00:03:05,906 [fe2f4460-1173-45ac-8f62-3ccbe442b4a3@group-452902F59078-LeaderElection8] INFO  server.RaftServerConfigKeys (ConfUtils.java:logGet(43)) - raft.server.log.appender.buffer.element-limit = 1 (custom)
2019-10-22 00:03:05,906 [fe2f4460-1173-45ac-8f62-3ccbe442b4a3@group-452902F59078-LeaderElection8] INFO  grpc.GrpcConfigKeys$Server (ConfUtils.java:logGet(43)) - raft.grpc.server.leader.outstanding.appends.max = 128 (default)
2019-10-22 00:03:05,906 [fe2f4460-1173-45ac-8f62-3ccbe442b4a3@group-452902F59078-LeaderElection8] INFO  server.RaftServerConfigKeys (ConfUtils.java:logGet(43)) - raft.server.rpc.request.timeout = 3000ms (default)
2019-10-22 00:03:05,906 [fe2f4460-1173-45ac-8f62-3ccbe442b4a3@group-452902F59078-LeaderElection8] INFO  server.RaftServerConfigKeys (ConfUtils.java:logGet(43)) - raft.server.log.appender.install.snapshot.enabled = false (custom)
2019-10-22 00:03:05,907 [fe2f4460-1173-45ac-8f62-3ccbe442b4a3@group-452902F59078-LeaderElection8] INFO  impl.RoleInfo (RoleInfo.java:updateAndGet(143)) - fe2f4460-1173-45ac-8f62-3ccbe442b4a3: start LeaderState
2019-10-22 00:03:05,908 [fe2f4460-1173-45ac-8f62-3ccbe442b4a3@group-452902F59078-LeaderElection8] INFO  segmented.SegmentedRaftLogWorker (SegmentedRaftLogWorker.java:startLogSegment(385)) - fe2f4460-1173-45ac-8f62-3ccbe442b4a3@group-452902F59078-SegmentedRaftLogWorker: Starting segment from index:0
2019-10-22 00:03:05,908 [fe2f4460-1173-45ac-8f62-3ccbe442b4a3@group-452902F59078-LeaderElection8] INFO  impl.RaftServerImpl (ServerState.java:setRaftConf(357)) - fe2f4460-1173-45ac-8f62-3ccbe442b4a3@group-452902F59078: set configuration 0: [fe2f4460-1173-45ac-8f62-3ccbe442b4a3:192.168.157.254:43148, bec42651-2cde-4fcc-b688-684a384bc6fb:192.168.157.254:46415, 0d315fbd-ade0-427f-8a57-9b8f4a7ccba2:192.168.157.254:43029], old=null at 0
2019-10-22 00:03:05,911 [grpc-default-executor-3] INFO  impl.RaftServerImpl (ServerState.java:setLeader(256)) - bec42651-2cde-4fcc-b688-684a384bc6fb@group-452902F59078: change Leader from null to fe2f4460-1173-45ac-8f62-3ccbe442b4a3 at term 4 for appendEntries, leader elected after 381ms
2019-10-22 00:03:05,940 [grpc-default-executor-1] INFO  impl.RaftServerImpl (ServerState.java:setLeader(256)) - 0d315fbd-ade0-427f-8a57-9b8f4a7ccba2@group-452902F59078: change Leader from null to fe2f4460-1173-45ac-8f62-3ccbe442b4a3 at term 4 for appendEntries, leader elected after 218ms
2019-10-22 00:03:05,959 [grpc-default-executor-3] INFO  impl.RaftServerImpl (ServerState.java:setRaftConf(357)) - 0d315fbd-ade0-427f-8a57-9b8f4a7ccba2@group-452902F59078: set configuration 0: [fe2f4460-1173-45ac-8f62-3ccbe442b4a3:192.168.157.254:43148, bec42651-2cde-4fcc-b688-684a384bc6fb:192.168.157.254:46415, 0d315fbd-ade0-427f-8a57-9b8f4a7ccba2:192.168.157.254:43029], old=null at 0
2019-10-22 00:03:05,959 [grpc-default-executor-1] INFO  impl.RaftServerImpl (ServerState.java:setRaftConf(357)) - bec42651-2cde-4fcc-b688-684a384bc6fb@group-452902F59078: set configuration 0: [fe2f4460-1173-45ac-8f62-3ccbe442b4a3:192.168.157.254:43148, bec42651-2cde-4fcc-b688-684a384bc6fb:192.168.157.254:46415, 0d315fbd-ade0-427f-8a57-9b8f4a7ccba2:192.168.157.254:43029], old=null at 0
2019-10-22 00:03:05,959 [grpc-default-executor-1] INFO  segmented.SegmentedRaftLogWorker (SegmentedRaftLogWorker.java:startLogSegment(385)) - bec42651-2cde-4fcc-b688-684a384bc6fb@group-452902F59078-SegmentedRaftLogWorker: Starting segment from index:0
2019-10-22 00:03:05,961 [fe2f4460-1173-45ac-8f62-3ccbe442b4a3@group-452902F59078-SegmentedRaftLogWorker] INFO  segmented.SegmentedRaftLogWorker (SegmentedRaftLogWorker.java:execute(576)) - fe2f4460-1173-45ac-8f62-3ccbe442b4a3@group-452902F59078-SegmentedRaftLogWorker: created new log segment /workdir/hadoop-ozone/integration-test/target/test-dir/MiniOzoneClusterImpl-8b3f1bd7-87d6-49e7-a08b-7cd236893d43/datanode-2/data/ratis/c00d4cd3-293b-4d2c-9f2c-452902f59078/current/log_inprogress_0
2019-10-22 00:03:05,992 [grpc-default-executor-3] INFO  segmented.SegmentedRaftLogWorker (SegmentedRaftLogWorker.java:truncate(401)) - 0d315fbd-ade0-427f-8a57-9b8f4a7ccba2@group-452902F59078-SegmentedRaftLogWorker: Truncating segments toTruncate: null
  toDelete: [(0, 0) isOpen? true, length=0, newEndIndex=-1], start index 0
2019-10-22 00:03:05,993 [grpc-default-executor-3] INFO  segmented.SegmentedRaftLogWorker (SegmentedRaftLogWorker.java:startLogSegment(385)) - 0d315fbd-ade0-427f-8a57-9b8f4a7ccba2@group-452902F59078-SegmentedRaftLogWorker: Starting segment from index:0
2019-10-22 00:03:05,994 [0d315fbd-ade0-427f-8a57-9b8f4a7ccba2@group-452902F59078-SegmentedRaftLogWorker] INFO  segmented.SegmentedRaftLogWorker (SegmentedRaftLogWorker.java:execute(640)) - 0d315fbd-ade0-427f-8a57-9b8f4a7ccba2@group-452902F59078-SegmentedRaftLogWorker: Deleted log file /workdir/hadoop-ozone/integration-test/target/test-dir/MiniOzoneClusterImpl-8b3f1bd7-87d6-49e7-a08b-7cd236893d43/datanode-1/data/ratis/c00d4cd3-293b-4d2c-9f2c-452902f59078/current/log_inprogress_0
2019-10-22 00:03:05,994 [0d315fbd-ade0-427f-8a57-9b8f4a7ccba2@group-452902F59078-SegmentedRaftLogWorker] INFO  segmented.SegmentedRaftLogWorker (SegmentedRaftLogWorker.java:lambda$new$0(128)) - 0d315fbd-ade0-427f-8a57-9b8f4a7ccba2@group-452902F59078-SegmentedRaftLogWorker: flushIndex: setUnconditionally 0 -> -1
2019-10-22 00:03:06,021 [bec42651-2cde-4fcc-b688-684a384bc6fb@group-452902F59078-SegmentedRaftLogWorker] INFO  segmented.SegmentedRaftLogWorker (SegmentedRaftLogWorker.java:execute(576)) - bec42651-2cde-4fcc-b688-684a384bc6fb@group-452902F59078-SegmentedRaftLogWorker: created new log segment /workdir/hadoop-ozone/integration-test/target/test-dir/MiniOzoneClusterImpl-8b3f1bd7-87d6-49e7-a08b-7cd236893d43/datanode-0/data/ratis/c00d4cd3-293b-4d2c-9f2c-452902f59078/current/log_inprogress_0
2019-10-22 00:03:06,033 [0d315fbd-ade0-427f-8a57-9b8f4a7ccba2@group-452902F59078-SegmentedRaftLogWorker] INFO  segmented.SegmentedRaftLogWorker (SegmentedRaftLogWorker.java:execute(576)) - 0d315fbd-ade0-427f-8a57-9b8f4a7ccba2@group-452902F59078-SegmentedRaftLogWorker: created new log segment /workdir/hadoop-ozone/integration-test/target/test-dir/MiniOzoneClusterImpl-8b3f1bd7-87d6-49e7-a08b-7cd236893d43/datanode-1/data/ratis/c00d4cd3-293b-4d2c-9f2c-452902f59078/current/log_inprogress_0
2019-10-22 00:03:06,573 [main] INFO  rpc.RpcClient (RpcClient.java:createVolume(272)) - Creating Volume: testcontainerstatemachinefailures, with jenkins1000 as owner.
2019-10-22 00:03:06,653 [IPC Server handler 1 on 43569] INFO  volume.OMVolumeCreateRequest (OMVolumeCreateRequest.java:validateAndUpdateCache(193)) - created volume:testcontainerstatemachinefailures for user:jenkins1000
2019-10-22 00:03:06,673 [main] INFO  rpc.RpcClient (RpcClient.java:createBucket(411)) - Creating Bucket: testcontainerstatemachinefailures/testcontainerstatemachinefailures, with Versioning false and Storage Type set to DISK and Encryption set to false 
2019-10-22 00:03:06,765 [IPC Server handler 0 on 34479] INFO  server.SCMBlockProtocolServer (SCMBlockProtocolServer.java:allocateBlock(179)) - Allocating 1 blocks of size 4194304, with ExcludeList {datanodes = [], containerIds = [], pipelineIds = []}
2019-10-22 00:03:06,834 [main] INFO  impl.MetricsSystemImpl (MetricsSystemImpl.java:init(158)) - XceiverClientMetrics metrics system started (again)
2019-10-22 00:03:07,235 [Datanode State Machine Thread - 0] INFO  statemachine.DatanodeStateMachine (DatanodeStateMachine.java:lambda$startDaemon$0(350)) - Ozone container server started.
2019-10-22 00:03:07,583 [Thread-181] INFO  container.ReplicationManager (ReplicationManager.java:start(162)) - Starting Replication Monitor Thread.
2019-10-22 00:03:07,585 [ReplicationMonitor] INFO  container.ReplicationManager (ReplicationManager.java:run(225)) - Replication Monitor Thread took 1 milliseconds for processing 1 containers.
2019-10-22 00:03:12,174 [main] INFO  ozoneimpl.OzoneContainer (OzoneContainer.java:stop(227)) - Attempting to stop container services.
2019-10-22 00:03:12,175 [main] INFO  impl.RaftServerProxy (RaftServerProxy.java:lambda$close$4(314)) - 0d315fbd-ade0-427f-8a57-9b8f4a7ccba2: close
2019-10-22 00:03:12,176 [main] INFO  impl.RaftServerImpl (RaftServerImpl.java:lambda$shutdown$3(261)) - 0d315fbd-ade0-427f-8a57-9b8f4a7ccba2@group-452902F59078: shutdown
2019-10-22 00:03:12,177 [main] INFO  util.JmxRegister (JmxRegister.java:unregister(73)) - Successfully un-registered JMX Bean with object name Ratis:service=RaftServer,group=group-452902F59078,id=0d315fbd-ade0-427f-8a57-9b8f4a7ccba2
2019-10-22 00:03:12,177 [main] INFO  impl.RoleInfo (RoleInfo.java:shutdownFollowerState(121)) - 0d315fbd-ade0-427f-8a57-9b8f4a7ccba2: shutdown FollowerState
2019-10-22 00:03:12,177 [main] INFO  impl.StateMachineUpdater (StateMachineUpdater.java:stopAndJoin(136)) - 0d315fbd-ade0-427f-8a57-9b8f4a7ccba2@group-452902F59078-StateMachineUpdater: set stopIndex = 4
2019-10-22 00:03:12,178 [0d315fbd-ade0-427f-8a57-9b8f4a7ccba2@group-452902F59078-StateMachineUpdater] INFO  ratis.ContainerStateMachine (ContainerStateMachine.java:takeSnapshot(294)) - group-452902F59078: Taking a snapshot at:(t:4, i:3) file /workdir/hadoop-ozone/integration-test/target/test-dir/MiniOzoneClusterImpl-8b3f1bd7-87d6-49e7-a08b-7cd236893d43/datanode-1/data/ratis/c00d4cd3-293b-4d2c-9f2c-452902f59078/sm/snapshot.4_3
2019-10-22 00:03:12,177 [Thread-240] INFO  impl.FollowerState (FollowerState.java:run(117)) - 0d315fbd-ade0-427f-8a57-9b8f4a7ccba2@group-452902F59078-FollowerState was interrupted: java.lang.InterruptedException: sleep interrupted
2019-10-22 00:03:12,280 [0d315fbd-ade0-427f-8a57-9b8f4a7ccba2@group-452902F59078-StateMachineUpdater] INFO  ratis.ContainerStateMachine (ContainerStateMachine.java:takeSnapshot(305)) - group-452902F59078: Finished taking a snapshot at:(t:4, i:3) file:/workdir/hadoop-ozone/integration-test/target/test-dir/MiniOzoneClusterImpl-8b3f1bd7-87d6-49e7-a08b-7cd236893d43/datanode-1/data/ratis/c00d4cd3-293b-4d2c-9f2c-452902f59078/sm/snapshot.4_3 time:102
2019-10-22 00:03:12,281 [0d315fbd-ade0-427f-8a57-9b8f4a7ccba2@group-452902F59078-StateMachineUpdater] INFO  impl.StateMachineUpdater (StateMachineUpdater.java:takeSnapshot(269)) - 0d315fbd-ade0-427f-8a57-9b8f4a7ccba2@group-452902F59078-StateMachineUpdater: Took a snapshot at index 3
2019-10-22 00:03:12,283 [0d315fbd-ade0-427f-8a57-9b8f4a7ccba2@group-452902F59078-StateMachineUpdater] INFO  impl.StateMachineUpdater (StateMachineUpdater.java:lambda$new$0(84)) - 0d315fbd-ade0-427f-8a57-9b8f4a7ccba2@group-452902F59078-StateMachineUpdater: snapshotIndex: updateIncreasingly -1 -> 3
2019-10-22 00:03:12,285 [0d315fbd-ade0-427f-8a57-9b8f4a7ccba2@group-452902F59078-StateMachineUpdater] INFO  ratis.ContainerStateMachine (ContainerStateMachine.java:takeSnapshot(294)) - group-452902F59078: Taking a snapshot at:(t:4, i:3) file /workdir/hadoop-ozone/integration-test/target/test-dir/MiniOzoneClusterImpl-8b3f1bd7-87d6-49e7-a08b-7cd236893d43/datanode-1/data/ratis/c00d4cd3-293b-4d2c-9f2c-452902f59078/sm/snapshot.4_3
2019-10-22 00:03:12,298 [0d315fbd-ade0-427f-8a57-9b8f4a7ccba2@group-452902F59078-StateMachineUpdater] INFO  ratis.ContainerStateMachine (ContainerStateMachine.java:takeSnapshot(305)) - group-452902F59078: Finished taking a snapshot at:(t:4, i:3) file:/workdir/hadoop-ozone/integration-test/target/test-dir/MiniOzoneClusterImpl-8b3f1bd7-87d6-49e7-a08b-7cd236893d43/datanode-1/data/ratis/c00d4cd3-293b-4d2c-9f2c-452902f59078/sm/snapshot.4_3 time:12
2019-10-22 00:03:12,298 [0d315fbd-ade0-427f-8a57-9b8f4a7ccba2@group-452902F59078-StateMachineUpdater] INFO  impl.StateMachineUpdater (StateMachineUpdater.java:takeSnapshot(269)) - 0d315fbd-ade0-427f-8a57-9b8f4a7ccba2@group-452902F59078-StateMachineUpdater: Took a snapshot at index 3
2019-10-22 00:03:12,298 [0d315fbd-ade0-427f-8a57-9b8f4a7ccba2@group-452902F59078-StateMachineUpdater] INFO  impl.StateMachineUpdater (StateMachineUpdater.java:lambda$new$0(84)) - 0d315fbd-ade0-427f-8a57-9b8f4a7ccba2@group-452902F59078-StateMachineUpdater: snapshotIndex: updateIncreasingly 3 -> 3
2019-10-22 00:03:12,299 [main] INFO  impl.RaftServerImpl (ServerState.java:close(388)) - 0d315fbd-ade0-427f-8a57-9b8f4a7ccba2@group-452902F59078: closes. applyIndex: 4
2019-10-22 00:03:12,300 [0d315fbd-ade0-427f-8a57-9b8f4a7ccba2@group-452902F59078-SegmentedRaftLogWorker] INFO  segmented.SegmentedRaftLogWorker (SegmentedRaftLogWorker.java:run(316)) - 0d315fbd-ade0-427f-8a57-9b8f4a7ccba2@group-452902F59078-SegmentedRaftLogWorker was interrupted, exiting. There are 0 tasks remaining in the queue.
2019-10-22 00:03:12,302 [main] INFO  segmented.SegmentedRaftLogWorker (SegmentedRaftLogWorker.java:close(224)) - 0d315fbd-ade0-427f-8a57-9b8f4a7ccba2@group-452902F59078-SegmentedRaftLogWorker close()
2019-10-22 00:03:12,303 [main] INFO  impl.RaftServerImpl (RaftServerImpl.java:lambda$shutdown$3(261)) - 0d315fbd-ade0-427f-8a57-9b8f4a7ccba2@group-4D27A458C2CB: shutdown
2019-10-22 00:03:12,304 [main] INFO  util.JmxRegister (JmxRegister.java:unregister(73)) - Successfully un-registered JMX Bean with object name Ratis:service=RaftServer,group=group-4D27A458C2CB,id=0d315fbd-ade0-427f-8a57-9b8f4a7ccba2
2019-10-22 00:03:12,304 [main] INFO  impl.RoleInfo (RoleInfo.java:shutdownLeaderState(104)) - 0d315fbd-ade0-427f-8a57-9b8f4a7ccba2: shutdown LeaderState
2019-10-22 00:03:12,304 [main] INFO  impl.PendingRequests (PendingRequests.java:sendNotLeaderResponses(202)) - 0d315fbd-ade0-427f-8a57-9b8f4a7ccba2@group-4D27A458C2CB-PendingRequests: sendNotLeaderResponses
2019-10-22 00:03:12,305 [main] INFO  impl.StateMachineUpdater (StateMachineUpdater.java:stopAndJoin(136)) - 0d315fbd-ade0-427f-8a57-9b8f4a7ccba2@group-4D27A458C2CB-StateMachineUpdater: set stopIndex = 0
2019-10-22 00:03:12,306 [main] INFO  impl.RaftServerImpl (ServerState.java:close(388)) - 0d315fbd-ade0-427f-8a57-9b8f4a7ccba2@group-4D27A458C2CB: closes. applyIndex: 0
2019-10-22 00:03:12,306 [0d315fbd-ade0-427f-8a57-9b8f4a7ccba2@group-4D27A458C2CB-SegmentedRaftLogWorker] INFO  segmented.SegmentedRaftLogWorker (SegmentedRaftLogWorker.java:run(316)) - 0d315fbd-ade0-427f-8a57-9b8f4a7ccba2@group-4D27A458C2CB-SegmentedRaftLogWorker was interrupted, exiting. There are 0 tasks remaining in the queue.
2019-10-22 00:03:12,307 [main] INFO  segmented.SegmentedRaftLogWorker (SegmentedRaftLogWorker.java:close(224)) - 0d315fbd-ade0-427f-8a57-9b8f4a7ccba2@group-4D27A458C2CB-SegmentedRaftLogWorker close()
2019-10-22 00:03:12,308 [main] INFO  server.GrpcService (GrpcService.java:closeImpl(164)) - 0d315fbd-ade0-427f-8a57-9b8f4a7ccba2: shutdown server with port 43029 now
2019-10-22 00:03:12,313 [grpc-default-executor-3] WARN  server.GrpcServerProtocolService (LogUtils.java:warn(134)) - 0d315fbd-ade0-427f-8a57-9b8f4a7ccba2: installSnapshot onError, lastRequest: fe2f4460-1173-45ac-8f62-3ccbe442b4a3->0d315fbd-ade0-427f-8a57-9b8f4a7ccba2#7-t4, previous=(t:4, i:4), leaderCommit=4, initializing? false, entries: <empty>: org.apache.ratis.thirdparty.io.grpc.StatusRuntimeException: CANCELLED: cancelled before receiving half close
2019-10-22 00:03:12,314 [main] INFO  server.GrpcService (GrpcService.java:closeImpl(172)) - 0d315fbd-ade0-427f-8a57-9b8f4a7ccba2: shutdown server with port 43029 successfully
2019-10-22 00:03:12,316 [grpc-default-executor-1] WARN  server.GrpcLogAppender (LogUtils.java:warn(134)) - fe2f4460-1173-45ac-8f62-3ccbe442b4a3@group-452902F59078->0d315fbd-ade0-427f-8a57-9b8f4a7ccba2-AppendLogResponseHandler: Failed appendEntries: org.apache.ratis.thirdparty.io.grpc.StatusRuntimeException: CANCELLED: HTTP/2 error code: CANCEL
Received Rst Stream
2019-10-22 00:03:12,318 [refreshUsed-/workdir/hadoop-ozone/integration-test/target/test-dir/MiniOzoneClusterImpl-8b3f1bd7-87d6-49e7-a08b-7cd236893d43/datanode-1/data/containers] WARN  fs.CachingGetSpaceUsed (CachingGetSpaceUsed.java:run(183)) - Thread Interrupted waiting to refresh disk information: sleep interrupted
2019-10-22 00:03:12,334 [main] INFO  utils.BackgroundService (BackgroundService.java:shutdown(151)) - Shutting down service BlockDeletingService
2019-10-22 00:03:12,337 [main] INFO  statemachine.DatanodeStateMachine (DatanodeStateMachine.java:stopDaemon(395)) - Ozone container server stopped.
2019-10-22 00:03:12,340 [main] INFO  handler.ContextHandler (ContextHandler.java:doStop(910)) - Stopped o.e.j.w.WebAppContext@22587507{/,null,UNAVAILABLE}{/hddsDatanode}
2019-10-22 00:03:12,345 [main] INFO  server.AbstractConnector (AbstractConnector.java:doStop(318)) - Stopped ServerConnector@5c77ba8f{HTTP/1.1,[http/1.1]}{0.0.0.0:0}
2019-10-22 00:03:12,345 [main] INFO  handler.ContextHandler (ContextHandler.java:doStop(910)) - Stopped o.e.j.s.ServletContextHandler@1907874b{/static,jar:file:/home/user/.m2/repository/org/apache/hadoop/hadoop-hdds-container-service/0.5.0-SNAPSHOT/hadoop-hdds-container-service-0.5.0-SNAPSHOT.jar!/webapps/static,UNAVAILABLE}
2019-10-22 00:03:12,345 [main] INFO  handler.ContextHandler (ContextHandler.java:doStop(910)) - Stopped o.e.j.s.ServletContextHandler@761e788f{/logs,file:///workdir/hadoop-ozone/integration-test/target/log,UNAVAILABLE}
2019-10-22 00:03:15,351 [java.util.concurrent.ThreadPoolExecutor$Worker@1cc2f809[State = -1, empty queue]] WARN  server.GrpcLogAppender (GrpcLogAppender.java:timeoutAppendRequest(209)) - fe2f4460-1173-45ac-8f62-3ccbe442b4a3@group-452902F59078->0d315fbd-ade0-427f-8a57-9b8f4a7ccba2-GrpcLogAppender: appendEntries Timeout, request=fe2f4460-1173-45ac-8f62-3ccbe442b4a3->0d315fbd-ade0-427f-8a57-9b8f4a7ccba2#8-t4, previous=(t:4, i:4), leaderCommit=4, initializing? false, entries: size=1, first=(t:4, i:5), STATEMACHINELOGENTRY, client-06600EE78844, cid=8
2019-10-22 00:03:15,352 [java.util.concurrent.ThreadPoolExecutor$Worker@1cc2f809[State = -1, empty queue]] WARN  server.GrpcLogAppender (GrpcLogAppender.java:timeoutAppendRequest(209)) - fe2f4460-1173-45ac-8f62-3ccbe442b4a3@group-452902F59078->0d315fbd-ade0-427f-8a57-9b8f4a7ccba2-GrpcLogAppender: appendEntries Timeout, request=fe2f4460-1173-45ac-8f62-3ccbe442b4a3->0d315fbd-ade0-427f-8a57-9b8f4a7ccba2#9-t4, previous=(t:4, i:5), leaderCommit=4, initializing? false, entries: size=1, first=(t:4, i:6), STATEMACHINELOGENTRY, client-06600EE78844, cid=9
2019-10-22 00:03:15,370 [java.util.concurrent.ThreadPoolExecutor$Worker@1cc2f809[State = -1, empty queue]] WARN  server.GrpcLogAppender (GrpcLogAppender.java:timeoutAppendRequest(209)) - fe2f4460-1173-45ac-8f62-3ccbe442b4a3@group-452902F59078->0d315fbd-ade0-427f-8a57-9b8f4a7ccba2-GrpcLogAppender: appendEntries Timeout, request=fe2f4460-1173-45ac-8f62-3ccbe442b4a3->0d315fbd-ade0-427f-8a57-9b8f4a7ccba2#10-t4, previous=(t:4, i:6), leaderCommit=6, initializing? false, entries: size=1, first=(t:4, i:7), METADATAENTRY(c5)
2019-10-22 00:03:15,370 [java.util.concurrent.ThreadPoolExecutor$Worker@1cc2f809[State = -1, empty queue]] WARN  server.GrpcLogAppender (GrpcLogAppender.java:timeoutAppendRequest(209)) - fe2f4460-1173-45ac-8f62-3ccbe442b4a3@group-452902F59078->0d315fbd-ade0-427f-8a57-9b8f4a7ccba2-GrpcLogAppender: appendEntries Timeout, request=fe2f4460-1173-45ac-8f62-3ccbe442b4a3->0d315fbd-ade0-427f-8a57-9b8f4a7ccba2#11-t4, previous=(t:4, i:7), leaderCommit=6, initializing? false, entries: size=1, first=(t:4, i:8), METADATAENTRY(c6)
2019-10-22 00:03:17,876 [java.util.concurrent.ThreadPoolExecutor$Worker@1cc2f809[State = -1, empty queue]] WARN  server.GrpcLogAppender (GrpcLogAppender.java:timeoutAppendRequest(209)) - fe2f4460-1173-45ac-8f62-3ccbe442b4a3@group-452902F59078->0d315fbd-ade0-427f-8a57-9b8f4a7ccba2-GrpcLogAppender: appendEntries Timeout, request=fe2f4460-1173-45ac-8f62-3ccbe442b4a3->0d315fbd-ade0-427f-8a57-9b8f4a7ccba2#12-t4, previous=(t:4, i:8), leaderCommit=8, initializing? false, entries: <empty>
2019-10-22 00:03:20,377 [java.util.concurrent.ThreadPoolExecutor$Worker@1cc2f809[State = -1, empty queue]] WARN  server.GrpcLogAppender (GrpcLogAppender.java:timeoutAppendRequest(209)) - fe2f4460-1173-45ac-8f62-3ccbe442b4a3@group-452902F59078->0d315fbd-ade0-427f-8a57-9b8f4a7ccba2-GrpcLogAppender: appendEntries Timeout, request=fe2f4460-1173-45ac-8f62-3ccbe442b4a3->0d315fbd-ade0-427f-8a57-9b8f4a7ccba2#13-t4, previous=(t:4, i:8), leaderCommit=8, initializing? false, entries: <empty>
2019-10-22 00:03:21,400 [Thread-306] INFO  client.GrpcClientProtocolService (GrpcClientProtocolService.java:lambda$processClientRequest$0(278)) - Failed RaftClientRequest:client-06600EE78844->bec42651-2cde-4fcc-b688-684a384bc6fb@group-452902F59078, cid=10, seq=0, Watch-ALL_COMMITTED(6), Message:<EMPTY>, reply=RaftClientReply:client-06600EE78844->bec42651-2cde-4fcc-b688-684a384bc6fb@group-452902F59078, cid=10, FAILED org.apache.ratis.protocol.NotLeaderException: Server bec42651-2cde-4fcc-b688-684a384bc6fb@group-452902F59078 is not the leader fe2f4460-1173-45ac-8f62-3ccbe442b4a3:192.168.157.254:43148, logIndex=0, commits[bec42651-2cde-4fcc-b688-684a384bc6fb:c8, fe2f4460-1173-45ac-8f62-3ccbe442b4a3:c8, 0d315fbd-ade0-427f-8a57-9b8f4a7ccba2:c4]
2019-10-22 00:03:22,586 [Thread-310] INFO  client.GrpcClientProtocolService (GrpcClientProtocolService.java:lambda$processClientRequest$0(278)) - Failed RaftClientRequest:client-06600EE78844->fe2f4460-1173-45ac-8f62-3ccbe442b4a3@group-452902F59078, cid=10, seq=0, Watch-ALL_COMMITTED(6), Message:<EMPTY>, reply=RaftClientReply:client-06600EE78844->fe2f4460-1173-45ac-8f62-3ccbe442b4a3@group-452902F59078, cid=10, FAILED org.apache.ratis.protocol.NotReplicatedException: Request with call Id 10 and log index 6 is not yet replicated to ALL_COMMITTED, logIndex=6, commits[fe2f4460-1173-45ac-8f62-3ccbe442b4a3:c8, bec42651-2cde-4fcc-b688-684a384bc6fb:c8, 0d315fbd-ade0-427f-8a57-9b8f4a7ccba2:c4]
2019-10-22 00:03:22,880 [java.util.concurrent.ThreadPoolExecutor$Worker@1cc2f809[State = -1, empty queue]] WARN  server.GrpcLogAppender (GrpcLogAppender.java:timeoutAppendRequest(209)) - fe2f4460-1173-45ac-8f62-3ccbe442b4a3@group-452902F59078->0d315fbd-ade0-427f-8a57-9b8f4a7ccba2-GrpcLogAppender: appendEntries Timeout, request=fe2f4460-1173-45ac-8f62-3ccbe442b4a3->0d315fbd-ade0-427f-8a57-9b8f4a7ccba2#14-t4, previous=(t:4, i:8), leaderCommit=8, initializing? false, entries: <empty>
2019-10-22 00:03:25,381 [java.util.concurrent.ThreadPoolExecutor$Worker@1cc2f809[State = -1, empty queue]] WARN  server.GrpcLogAppender (GrpcLogAppender.java:timeoutAppendRequest(209)) - fe2f4460-1173-45ac-8f62-3ccbe442b4a3@group-452902F59078->0d315fbd-ade0-427f-8a57-9b8f4a7ccba2-GrpcLogAppender: appendEntries Timeout, request=fe2f4460-1173-45ac-8f62-3ccbe442b4a3->0d315fbd-ade0-427f-8a57-9b8f4a7ccba2#15-t4, previous=(t:4, i:8), leaderCommit=8, initializing? false, entries: <empty>
2019-10-22 00:03:27,882 [java.util.concurrent.ThreadPoolExecutor$Worker@1cc2f809[State = -1, empty queue]] WARN  server.GrpcLogAppender (GrpcLogAppender.java:timeoutAppendRequest(209)) - fe2f4460-1173-45ac-8f62-3ccbe442b4a3@group-452902F59078->0d315fbd-ade0-427f-8a57-9b8f4a7ccba2-GrpcLogAppender: appendEntries Timeout, request=fe2f4460-1173-45ac-8f62-3ccbe442b4a3->0d315fbd-ade0-427f-8a57-9b8f4a7ccba2#16-t4, previous=(t:4, i:8), leaderCommit=8, initializing? false, entries: <empty>
2019-10-22 00:03:30,382 [java.util.concurrent.ThreadPoolExecutor$Worker@1cc2f809[State = -1, empty queue]] WARN  server.GrpcLogAppender (GrpcLogAppender.java:timeoutAppendRequest(209)) - fe2f4460-1173-45ac-8f62-3ccbe442b4a3@group-452902F59078->0d315fbd-ade0-427f-8a57-9b8f4a7ccba2-GrpcLogAppender: appendEntries Timeout, request=fe2f4460-1173-45ac-8f62-3ccbe442b4a3->0d315fbd-ade0-427f-8a57-9b8f4a7ccba2#17-t4, previous=(t:4, i:8), leaderCommit=8, initializing? false, entries: <empty>
2019-10-22 00:03:31,435 [Thread-318] INFO  client.GrpcClientProtocolService (GrpcClientProtocolService.java:lambda$processClientRequest$0(278)) - Failed RaftClientRequest:client-06600EE78844->bec42651-2cde-4fcc-b688-684a384bc6fb@group-452902F59078, cid=10, seq=0, Watch-ALL_COMMITTED(6), Message:<EMPTY>, reply=RaftClientReply:client-06600EE78844->bec42651-2cde-4fcc-b688-684a384bc6fb@group-452902F59078, cid=10, FAILED org.apache.ratis.protocol.NotLeaderException: Server bec42651-2cde-4fcc-b688-684a384bc6fb@group-452902F59078 is not the leader fe2f4460-1173-45ac-8f62-3ccbe442b4a3:192.168.157.254:43148, logIndex=0, commits[bec42651-2cde-4fcc-b688-684a384bc6fb:c8, fe2f4460-1173-45ac-8f62-3ccbe442b4a3:c8, 0d315fbd-ade0-427f-8a57-9b8f4a7ccba2:c4]
2019-10-22 00:03:31,585 [Thread-321] INFO  client.GrpcClientProtocolService (GrpcClientProtocolService.java:lambda$processClientRequest$0(278)) - Failed RaftClientRequest:client-06600EE78844->fe2f4460-1173-45ac-8f62-3ccbe442b4a3@group-452902F59078, cid=10, seq=0, Watch-ALL_COMMITTED(6), Message:<EMPTY>, reply=RaftClientReply:client-06600EE78844->fe2f4460-1173-45ac-8f62-3ccbe442b4a3@group-452902F59078, cid=10, FAILED org.apache.ratis.protocol.NotReplicatedException: Request with call Id 10 and log index 6 is not yet replicated to ALL_COMMITTED, logIndex=6, commits[fe2f4460-1173-45ac-8f62-3ccbe442b4a3:c8, bec42651-2cde-4fcc-b688-684a384bc6fb:c8, 0d315fbd-ade0-427f-8a57-9b8f4a7ccba2:c4]
2019-10-22 00:03:32,883 [java.util.concurrent.ThreadPoolExecutor$Worker@1cc2f809[State = -1, empty queue]] WARN  server.GrpcLogAppender (GrpcLogAppender.java:timeoutAppendRequest(209)) - fe2f4460-1173-45ac-8f62-3ccbe442b4a3@group-452902F59078->0d315fbd-ade0-427f-8a57-9b8f4a7ccba2-GrpcLogAppender: appendEntries Timeout, request=fe2f4460-1173-45ac-8f62-3ccbe442b4a3->0d315fbd-ade0-427f-8a57-9b8f4a7ccba2#18-t4, previous=(t:4, i:8), leaderCommit=8, initializing? false, entries: <empty>
2019-10-22 00:03:35,384 [java.util.concurrent.ThreadPoolExecutor$Worker@1cc2f809[State = -1, empty queue]] WARN  server.GrpcLogAppender (GrpcLogAppender.java:timeoutAppendRequest(209)) - fe2f4460-1173-45ac-8f62-3ccbe442b4a3@group-452902F59078->0d315fbd-ade0-427f-8a57-9b8f4a7ccba2-GrpcLogAppender: appendEntries Timeout, request=fe2f4460-1173-45ac-8f62-3ccbe442b4a3->0d315fbd-ade0-427f-8a57-9b8f4a7ccba2#19-t4, previous=(t:4, i:8), leaderCommit=8, initializing? false, entries: <empty>
2019-10-22 00:03:37,886 [java.util.concurrent.ThreadPoolExecutor$Worker@1cc2f809[State = -1, empty queue]] WARN  server.GrpcLogAppender (GrpcLogAppender.java:timeoutAppendRequest(209)) - fe2f4460-1173-45ac-8f62-3ccbe442b4a3@group-452902F59078->0d315fbd-ade0-427f-8a57-9b8f4a7ccba2-GrpcLogAppender: appendEntries Timeout, request=fe2f4460-1173-45ac-8f62-3ccbe442b4a3->0d315fbd-ade0-427f-8a57-9b8f4a7ccba2#20-t4, previous=(t:4, i:8), leaderCommit=8, initializing? false, entries: <empty>
2019-10-22 00:03:40,389 [java.util.concurrent.ThreadPoolExecutor$Worker@1cc2f809[State = -1, empty queue]] WARN  server.GrpcLogAppender (GrpcLogAppender.java:timeoutAppendRequest(209)) - fe2f4460-1173-45ac-8f62-3ccbe442b4a3@group-452902F59078->0d315fbd-ade0-427f-8a57-9b8f4a7ccba2-GrpcLogAppender: appendEntries Timeout, request=fe2f4460-1173-45ac-8f62-3ccbe442b4a3->0d315fbd-ade0-427f-8a57-9b8f4a7ccba2#21-t4, previous=(t:4, i:8), leaderCommit=8, initializing? false, entries: <empty>
2019-10-22 00:03:40,479 [Thread-328] INFO  client.GrpcClientProtocolService (GrpcClientProtocolService.java:lambda$processClientRequest$0(278)) - Failed RaftClientRequest:client-06600EE78844->bec42651-2cde-4fcc-b688-684a384bc6fb@group-452902F59078, cid=10, seq=0, Watch-ALL_COMMITTED(6), Message:<EMPTY>, reply=RaftClientReply:client-06600EE78844->bec42651-2cde-4fcc-b688-684a384bc6fb@group-452902F59078, cid=10, FAILED org.apache.ratis.protocol.NotLeaderException: Server bec42651-2cde-4fcc-b688-684a384bc6fb@group-452902F59078 is not the leader fe2f4460-1173-45ac-8f62-3ccbe442b4a3:192.168.157.254:43148, logIndex=0, commits[bec42651-2cde-4fcc-b688-684a384bc6fb:c8, fe2f4460-1173-45ac-8f62-3ccbe442b4a3:c8, 0d315fbd-ade0-427f-8a57-9b8f4a7ccba2:c4]
2019-10-22 00:03:41,585 [Thread-331] INFO  client.GrpcClientProtocolService (GrpcClientProtocolService.java:lambda$processClientRequest$0(278)) - Failed RaftClientRequest:client-06600EE78844->fe2f4460-1173-45ac-8f62-3ccbe442b4a3@group-452902F59078, cid=10, seq=0, Watch-ALL_COMMITTED(6), Message:<EMPTY>, reply=RaftClientReply:client-06600EE78844->fe2f4460-1173-45ac-8f62-3ccbe442b4a3@group-452902F59078, cid=10, FAILED org.apache.ratis.protocol.NotReplicatedException: Request with call Id 10 and log index 6 is not yet replicated to ALL_COMMITTED, logIndex=6, commits[fe2f4460-1173-45ac-8f62-3ccbe442b4a3:c8, bec42651-2cde-4fcc-b688-684a384bc6fb:c8, 0d315fbd-ade0-427f-8a57-9b8f4a7ccba2:c4]
2019-10-22 00:03:42,383 [main] WARN  scm.XceiverClientRatis (XceiverClientRatis.java:watchForCommit(277)) - 3 way commit failed on pipeline Pipeline[ Id: c00d4cd3-293b-4d2c-9f2c-452902f59078, Nodes: bec42651-2cde-4fcc-b688-684a384bc6fb{ip: 192.168.157.254, host: pr-hdds-2343-5q8j9-3338874002, networkLocation: /default-rack, certSerialId: null}0d315fbd-ade0-427f-8a57-9b8f4a7ccba2{ip: 192.168.157.254, host: pr-hdds-2343-5q8j9-3338874002, networkLocation: /default-rack, certSerialId: null}fe2f4460-1173-45ac-8f62-3ccbe442b4a3{ip: 192.168.157.254, host: pr-hdds-2343-5q8j9-3338874002, networkLocation: /default-rack, certSerialId: null}, Type:RATIS, Factor:THREE, State:OPEN]
java.util.concurrent.TimeoutException
	at java.util.concurrent.CompletableFuture.timedGet(CompletableFuture.java:1771)
	at java.util.concurrent.CompletableFuture.get(CompletableFuture.java:1915)
	at org.apache.hadoop.hdds.scm.XceiverClientRatis.watchForCommit(XceiverClientRatis.java:274)
	at org.apache.hadoop.hdds.scm.storage.CommitWatcher.watchForCommit(CommitWatcher.java:198)
	at org.apache.hadoop.hdds.scm.storage.CommitWatcher.watchOnLastIndex(CommitWatcher.java:161)
	at org.apache.hadoop.hdds.scm.storage.BlockOutputStream.watchForCommit(BlockOutputStream.java:346)
	at org.apache.hadoop.hdds.scm.storage.BlockOutputStream.handleFlush(BlockOutputStream.java:482)
	at org.apache.hadoop.hdds.scm.storage.BlockOutputStream.close(BlockOutputStream.java:496)
	at org.apache.hadoop.ozone.client.io.BlockOutputStreamEntry.close(BlockOutputStreamEntry.java:143)
	at org.apache.hadoop.ozone.client.io.KeyOutputStream.handleFlushOrClose(KeyOutputStream.java:435)
	at org.apache.hadoop.ozone.client.io.KeyOutputStream.close(KeyOutputStream.java:473)
	at org.apache.hadoop.ozone.client.io.OzoneOutputStream.close(OzoneOutputStream.java:60)
	at org.apache.hadoop.ozone.client.rpc.TestDeleteWithSlowFollower.testDeleteKeyWithSlowFollower(TestDeleteWithSlowFollower.java:193)
	at sun.reflect.NativeMethodAccessorImpl.invoke0(Native Method)
	at sun.reflect.NativeMethodAccessorImpl.invoke(NativeMethodAccessorImpl.java:62)
	at sun.reflect.DelegatingMethodAccessorImpl.invoke(DelegatingMethodAccessorImpl.java:43)
	at java.lang.reflect.Method.invoke(Method.java:498)
	at org.junit.runners.model.FrameworkMethod$1.runReflectiveCall(FrameworkMethod.java:47)
	at org.junit.internal.runners.model.ReflectiveCallable.run(ReflectiveCallable.java:12)
	at org.junit.runners.model.FrameworkMethod.invokeExplosively(FrameworkMethod.java:44)
	at org.junit.internal.runners.statements.InvokeMethod.evaluate(InvokeMethod.java:17)
	at org.junit.runners.ParentRunner.runLeaf(ParentRunner.java:271)
	at org.junit.runners.BlockJUnit4ClassRunner.runChild(BlockJUnit4ClassRunner.java:70)
	at org.junit.runners.BlockJUnit4ClassRunner.runChild(BlockJUnit4ClassRunner.java:50)
	at org.junit.runners.ParentRunner$3.run(ParentRunner.java:238)
	at org.junit.runners.ParentRunner$1.schedule(ParentRunner.java:63)
	at org.junit.runners.ParentRunner.runChildren(ParentRunner.java:236)
	at org.junit.runners.ParentRunner.access$000(ParentRunner.java:53)
	at org.junit.runners.ParentRunner$2.evaluate(ParentRunner.java:229)
	at org.junit.internal.runners.statements.RunBefores.evaluate(RunBefores.java:26)
	at org.junit.internal.runners.statements.RunAfters.evaluate(RunAfters.java:27)
	at org.junit.runners.ParentRunner.run(ParentRunner.java:309)
	at org.apache.maven.surefire.junit4.JUnit4Provider.execute(JUnit4Provider.java:365)
	at org.apache.maven.surefire.junit4.JUnit4Provider.executeWithRerun(JUnit4Provider.java:273)
	at org.apache.maven.surefire.junit4.JUnit4Provider.executeTestSet(JUnit4Provider.java:238)
	at org.apache.maven.surefire.junit4.JUnit4Provider.invoke(JUnit4Provider.java:159)
	at org.apache.maven.surefire.booter.ForkedBooter.invokeProviderInSameClassLoader(ForkedBooter.java:384)
	at org.apache.maven.surefire.booter.ForkedBooter.runSuitesInProcess(ForkedBooter.java:345)
	at org.apache.maven.surefire.booter.ForkedBooter.execute(ForkedBooter.java:126)
	at org.apache.maven.surefire.booter.ForkedBooter.main(ForkedBooter.java:418)
2019-10-22 00:03:42,406 [main] INFO  scm.XceiverClientRatis (XceiverClientRatis.java:lambda$watchForCommit$5(295)) - Could not commit index 6 on pipeline Pipeline[ Id: c00d4cd3-293b-4d2c-9f2c-452902f59078, Nodes: bec42651-2cde-4fcc-b688-684a384bc6fb{ip: 192.168.157.254, host: pr-hdds-2343-5q8j9-3338874002, networkLocation: /default-rack, certSerialId: null}0d315fbd-ade0-427f-8a57-9b8f4a7ccba2{ip: 192.168.157.254, host: pr-hdds-2343-5q8j9-3338874002, networkLocation: /default-rack, certSerialId: null}fe2f4460-1173-45ac-8f62-3ccbe442b4a3{ip: 192.168.157.254, host: pr-hdds-2343-5q8j9-3338874002, networkLocation: /default-rack, certSerialId: null}, Type:RATIS, Factor:THREE, State:OPEN] to all the nodes. Server 0d315fbd-ade0-427f-8a57-9b8f4a7ccba2 has failed. Committed by majority.
2019-10-22 00:03:42,406 [main] WARN  storage.BlockOutputStream (BlockOutputStream.java:watchForCommit(352)) - Failed to commit BlockId conID: 1 locID: 103003100727083008 bcsId: 6 on Pipeline[ Id: c00d4cd3-293b-4d2c-9f2c-452902f59078, Nodes: bec42651-2cde-4fcc-b688-684a384bc6fb{ip: 192.168.157.254, host: pr-hdds-2343-5q8j9-3338874002, networkLocation: /default-rack, certSerialId: null}0d315fbd-ade0-427f-8a57-9b8f4a7ccba2{ip: 192.168.157.254, host: pr-hdds-2343-5q8j9-3338874002, networkLocation: /default-rack, certSerialId: null}fe2f4460-1173-45ac-8f62-3ccbe442b4a3{ip: 192.168.157.254, host: pr-hdds-2343-5q8j9-3338874002, networkLocation: /default-rack, certSerialId: null}, Type:RATIS, Factor:THREE, State:OPEN]. Failed nodes: [0d315fbd-ade0-427f-8a57-9b8f4a7ccba2{ip: null, host: null, networkLocation: /default-rack, certSerialId: null}]
2019-10-22 00:03:42,575 [EventQueue-IncrementalContainerReportForIncrementalContainerReportHandler] WARN  container.IncrementalContainerReportHandler (AbstractContainerReportHandler.java:updateContainerState(145)) - Container #1 is in OPEN state, but the datanode fe2f4460-1173-45ac-8f62-3ccbe442b4a3{ip: 192.168.157.254, host: pr-hdds-2343-5q8j9-3338874002, networkLocation: /default-rack, certSerialId: null} reports an CLOSING replica.
2019-10-22 00:03:42,579 [EventQueue-ContainerReportForContainerReportHandler] WARN  container.ContainerReportHandler (AbstractContainerReportHandler.java:updateContainerState(145)) - Container #1 is in OPEN state, but the datanode bec42651-2cde-4fcc-b688-684a384bc6fb{ip: 192.168.157.254, host: pr-hdds-2343-5q8j9-3338874002, networkLocation: /default-rack, certSerialId: null} reports an CLOSING replica.
2019-10-22 00:03:42,580 [RatisApplyTransactionExecutor 1] INFO  interfaces.Container (KeyValueContainer.java:flushAndSyncDB(386)) - Container 1 is synced with bcsId 6.
2019-10-22 00:03:42,580 [RatisApplyTransactionExecutor 1] INFO  interfaces.Container (KeyValueContainer.java:flushAndSyncDB(386)) - Container 1 is synced with bcsId 6.
2019-10-22 00:03:42,595 [RatisApplyTransactionExecutor 1] INFO  interfaces.Container (KeyValueContainer.java:close(335)) - Container 1 is closed with bcsId 6.
2019-10-22 00:03:42,597 [EventQueue-IncrementalContainerReportForIncrementalContainerReportHandler] WARN  container.IncrementalContainerReportHandler (AbstractContainerReportHandler.java:updateContainerState(145)) - Container #1 is in OPEN state, but the datanode bec42651-2cde-4fcc-b688-684a384bc6fb{ip: 192.168.157.254, host: pr-hdds-2343-5q8j9-3338874002, networkLocation: /default-rack, certSerialId: null} reports an CLOSING replica.
2019-10-22 00:03:42,599 [EventQueue-IncrementalContainerReportForIncrementalContainerReportHandler] WARN  container.IncrementalContainerReportHandler (AbstractContainerReportHandler.java:updateContainerState(145)) - Container #1 is in OPEN state, but the datanode fe2f4460-1173-45ac-8f62-3ccbe442b4a3{ip: 192.168.157.254, host: pr-hdds-2343-5q8j9-3338874002, networkLocation: /default-rack, certSerialId: null} reports an CLOSED replica.
2019-10-22 00:03:42,602 [RatisApplyTransactionExecutor 1] INFO  interfaces.Container (KeyValueContainer.java:flushAndSyncDB(386)) - Container 1 is synced with bcsId 6.
2019-10-22 00:03:42,603 [RatisApplyTransactionExecutor 1] INFO  interfaces.Container (KeyValueContainer.java:flushAndSyncDB(386)) - Container 1 is synced with bcsId 6.
2019-10-22 00:03:42,802 [IPC Server handler 5 on 34479] INFO  server.SCMBlockProtocolServer (SCMBlockProtocolServer.java:deleteKeyBlocks(214)) - SCM is informed by OM to delete 1 blocks
2019-10-22 00:03:42,802 [IPC Server handler 5 on 34479] INFO  block.BlockManagerImpl (BlockManagerImpl.java:deleteBlocks(285)) - Deleting blocks conID: 1 locID: 103003100727083008 bcsId: 0
2019-10-22 00:03:42,855 [RatisApplyTransactionExecutor 1] INFO  interfaces.Container (KeyValueContainer.java:close(335)) - Container 1 is closed with bcsId 6.
2019-10-22 00:03:42,857 [EventQueue-IncrementalContainerReportForIncrementalContainerReportHandler] WARN  container.IncrementalContainerReportHandler (AbstractContainerReportHandler.java:updateContainerState(145)) - Container #1 is in OPEN state, but the datanode bec42651-2cde-4fcc-b688-684a384bc6fb{ip: 192.168.157.254, host: pr-hdds-2343-5q8j9-3338874002, networkLocation: /default-rack, certSerialId: null} reports an CLOSED replica.
2019-10-22 00:03:42,892 [java.util.concurrent.ThreadPoolExecutor$Worker@1cc2f809[State = -1, empty queue]] WARN  server.GrpcLogAppender (GrpcLogAppender.java:timeoutAppendRequest(209)) - fe2f4460-1173-45ac-8f62-3ccbe442b4a3@group-452902F59078->0d315fbd-ade0-427f-8a57-9b8f4a7ccba2-GrpcLogAppender: appendEntries Timeout, request=fe2f4460-1173-45ac-8f62-3ccbe442b4a3->0d315fbd-ade0-427f-8a57-9b8f4a7ccba2#22-t4, previous=(t:4, i:8), leaderCommit=8, initializing? false, entries: <empty>
2019-10-22 00:03:42,896 [EventQueue-ContainerReportForContainerReportHandler] WARN  container.ContainerReportHandler (AbstractContainerReportHandler.java:updateContainerState(145)) - Container #1 is in OPEN state, but the datanode fe2f4460-1173-45ac-8f62-3ccbe442b4a3{ip: 192.168.157.254, host: pr-hdds-2343-5q8j9-3338874002, networkLocation: /default-rack, certSerialId: null} reports an CLOSED replica.
2019-10-22 00:03:42,958 [EventQueue-ContainerReportForContainerReportHandler] WARN  container.ContainerReportHandler (AbstractContainerReportHandler.java:updateContainerState(145)) - Container #1 is in OPEN state, but the datanode bec42651-2cde-4fcc-b688-684a384bc6fb{ip: 192.168.157.254, host: pr-hdds-2343-5q8j9-3338874002, networkLocation: /default-rack, certSerialId: null} reports an CLOSED replica.
2019-10-22 00:03:43,096 [EventQueue-ContainerReportForContainerReportHandler] WARN  container.ContainerReportHandler (AbstractContainerReportHandler.java:updateContainerState(145)) - Container #1 is in OPEN state, but the datanode fe2f4460-1173-45ac-8f62-3ccbe442b4a3{ip: 192.168.157.254, host: pr-hdds-2343-5q8j9-3338874002, networkLocation: /default-rack, certSerialId: null} reports an CLOSED replica.
2019-10-22 00:03:43,106 [BlockDeletingService#2] WARN  background.BlockDeletingService (BlockDeletingService.java:isDeletionAllowed(187)) - Close Container log Index 6 is not replicated across allthe servers in the pipeline c00d4cd3-293b-4d2c-9f2c-452902f59078 as the min replicated index is 4. Deletion is not allowed in this container yet.
2019-10-22 00:03:43,106 [BlockDeletingService#2] WARN  background.BlockDeletingService (BlockDeletingService.java:isDeletionAllowed(187)) - Close Container log Index 6 is not replicated across allthe servers in the pipeline c00d4cd3-293b-4d2c-9f2c-452902f59078 as the min replicated index is 4. Deletion is not allowed in this container yet.
2019-10-22 00:03:43,158 [EventQueue-ContainerReportForContainerReportHandler] WARN  container.ContainerReportHandler (AbstractContainerReportHandler.java:updateContainerState(145)) - Container #1 is in OPEN state, but the datanode bec42651-2cde-4fcc-b688-684a384bc6fb{ip: 192.168.157.254, host: pr-hdds-2343-5q8j9-3338874002, networkLocation: /default-rack, certSerialId: null} reports an CLOSED replica.
2019-10-22 00:03:43,397 [EventQueue-ContainerReportForContainerReportHandler] WARN  container.ContainerReportHandler (AbstractContainerReportHandler.java:updateContainerState(145)) - Container #1 is in OPEN state, but the datanode fe2f4460-1173-45ac-8f62-3ccbe442b4a3{ip: 192.168.157.254, host: pr-hdds-2343-5q8j9-3338874002, networkLocation: /default-rack, certSerialId: null} reports an CLOSED replica.
2019-10-22 00:03:43,458 [EventQueue-ContainerReportForContainerReportHandler] WARN  container.ContainerReportHandler (AbstractContainerReportHandler.java:updateContainerState(145)) - Container #1 is in OPEN state, but the datanode bec42651-2cde-4fcc-b688-684a384bc6fb{ip: 192.168.157.254, host: pr-hdds-2343-5q8j9-3338874002, networkLocation: /default-rack, certSerialId: null} reports an CLOSED replica.
2019-10-22 00:03:43,596 [EventQueue-ContainerReportForContainerReportHandler] WARN  container.ContainerReportHandler (AbstractContainerReportHandler.java:updateContainerState(145)) - Container #1 is in OPEN state, but the datanode fe2f4460-1173-45ac-8f62-3ccbe442b4a3{ip: 192.168.157.254, host: pr-hdds-2343-5q8j9-3338874002, networkLocation: /default-rack, certSerialId: null} reports an CLOSED replica.
2019-10-22 00:03:43,658 [EventQueue-ContainerReportForContainerReportHandler] WARN  container.ContainerReportHandler (AbstractContainerReportHandler.java:updateContainerState(145)) - Container #1 is in OPEN state, but the datanode bec42651-2cde-4fcc-b688-684a384bc6fb{ip: 192.168.157.254, host: pr-hdds-2343-5q8j9-3338874002, networkLocation: /default-rack, certSerialId: null} reports an CLOSED replica.
2019-10-22 00:03:43,897 [EventQueue-ContainerReportForContainerReportHandler] WARN  container.ContainerReportHandler (AbstractContainerReportHandler.java:updateContainerState(145)) - Container #1 is in OPEN state, but the datanode fe2f4460-1173-45ac-8f62-3ccbe442b4a3{ip: 192.168.157.254, host: pr-hdds-2343-5q8j9-3338874002, networkLocation: /default-rack, certSerialId: null} reports an CLOSED replica.
2019-10-22 00:03:43,958 [EventQueue-ContainerReportForContainerReportHandler] WARN  container.ContainerReportHandler (AbstractContainerReportHandler.java:updateContainerState(145)) - Container #1 is in OPEN state, but the datanode bec42651-2cde-4fcc-b688-684a384bc6fb{ip: 192.168.157.254, host: pr-hdds-2343-5q8j9-3338874002, networkLocation: /default-rack, certSerialId: null} reports an CLOSED replica.
2019-10-22 00:03:44,109 [BlockDeletingService#2] WARN  background.BlockDeletingService (BlockDeletingService.java:isDeletionAllowed(187)) - Close Container log Index 6 is not replicated across allthe servers in the pipeline c00d4cd3-293b-4d2c-9f2c-452902f59078 as the min replicated index is 4. Deletion is not allowed in this container yet.
2019-10-22 00:03:44,109 [BlockDeletingService#2] WARN  background.BlockDeletingService (BlockDeletingService.java:isDeletionAllowed(187)) - Close Container log Index 6 is not replicated across allthe servers in the pipeline c00d4cd3-293b-4d2c-9f2c-452902f59078 as the min replicated index is 4. Deletion is not allowed in this container yet.
2019-10-22 00:03:44,159 [EventQueue-ContainerReportForContainerReportHandler] WARN  container.ContainerReportHandler (AbstractContainerReportHandler.java:updateContainerState(145)) - Container #1 is in OPEN state, but the datanode bec42651-2cde-4fcc-b688-684a384bc6fb{ip: 192.168.157.254, host: pr-hdds-2343-5q8j9-3338874002, networkLocation: /default-rack, certSerialId: null} reports an CLOSED replica.
2019-10-22 00:03:44,196 [EventQueue-ContainerReportForContainerReportHandler] WARN  container.ContainerReportHandler (AbstractContainerReportHandler.java:updateContainerState(145)) - Container #1 is in OPEN state, but the datanode fe2f4460-1173-45ac-8f62-3ccbe442b4a3{ip: 192.168.157.254, host: pr-hdds-2343-5q8j9-3338874002, networkLocation: /default-rack, certSerialId: null} reports an CLOSED replica.
2019-10-22 00:03:44,496 [EventQueue-ContainerReportForContainerReportHandler] WARN  container.ContainerReportHandler (AbstractContainerReportHandler.java:updateContainerState(145)) - Container #1 is in OPEN state, but the datanode fe2f4460-1173-45ac-8f62-3ccbe442b4a3{ip: 192.168.157.254, host: pr-hdds-2343-5q8j9-3338874002, networkLocation: /default-rack, certSerialId: null} reports an CLOSED replica.
2019-10-22 00:03:44,559 [EventQueue-ContainerReportForContainerReportHandler] WARN  container.ContainerReportHandler (AbstractContainerReportHandler.java:updateContainerState(145)) - Container #1 is in OPEN state, but the datanode bec42651-2cde-4fcc-b688-684a384bc6fb{ip: 192.168.157.254, host: pr-hdds-2343-5q8j9-3338874002, networkLocation: /default-rack, certSerialId: null} reports an CLOSED replica.
2019-10-22 00:03:44,859 [EventQueue-ContainerReportForContainerReportHandler] WARN  container.ContainerReportHandler (AbstractContainerReportHandler.java:updateContainerState(145)) - Container #1 is in OPEN state, but the datanode bec42651-2cde-4fcc-b688-684a384bc6fb{ip: 192.168.157.254, host: pr-hdds-2343-5q8j9-3338874002, networkLocation: /default-rack, certSerialId: null} reports an CLOSED replica.
2019-10-22 00:03:44,896 [EventQueue-ContainerReportForContainerReportHandler] WARN  container.ContainerReportHandler (AbstractContainerReportHandler.java:updateContainerState(145)) - Container #1 is in OPEN state, but the datanode fe2f4460-1173-45ac-8f62-3ccbe442b4a3{ip: 192.168.157.254, host: pr-hdds-2343-5q8j9-3338874002, networkLocation: /default-rack, certSerialId: null} reports an CLOSED replica.
2019-10-22 00:03:45,097 [EventQueue-ContainerReportForContainerReportHandler] WARN  container.ContainerReportHandler (AbstractContainerReportHandler.java:updateContainerState(145)) - Container #1 is in OPEN state, but the datanode fe2f4460-1173-45ac-8f62-3ccbe442b4a3{ip: 192.168.157.254, host: pr-hdds-2343-5q8j9-3338874002, networkLocation: /default-rack, certSerialId: null} reports an CLOSED replica.
2019-10-22 00:03:45,110 [BlockDeletingService#2] WARN  background.BlockDeletingService (BlockDeletingService.java:isDeletionAllowed(187)) - Close Container log Index 6 is not replicated across allthe servers in the pipeline c00d4cd3-293b-4d2c-9f2c-452902f59078 as the min replicated index is 4. Deletion is not allowed in this container yet.
2019-10-22 00:03:45,110 [BlockDeletingService#2] WARN  background.BlockDeletingService (BlockDeletingService.java:isDeletionAllowed(187)) - Close Container log Index 6 is not replicated across allthe servers in the pipeline c00d4cd3-293b-4d2c-9f2c-452902f59078 as the min replicated index is 4. Deletion is not allowed in this container yet.
2019-10-22 00:03:45,159 [EventQueue-ContainerReportForContainerReportHandler] WARN  container.ContainerReportHandler (AbstractContainerReportHandler.java:updateContainerState(145)) - Container #1 is in OPEN state, but the datanode bec42651-2cde-4fcc-b688-684a384bc6fb{ip: 192.168.157.254, host: pr-hdds-2343-5q8j9-3338874002, networkLocation: /default-rack, certSerialId: null} reports an CLOSED replica.
2019-10-22 00:03:45,297 [EventQueue-ContainerReportForContainerReportHandler] WARN  container.ContainerReportHandler (AbstractContainerReportHandler.java:updateContainerState(145)) - Container #1 is in OPEN state, but the datanode fe2f4460-1173-45ac-8f62-3ccbe442b4a3{ip: 192.168.157.254, host: pr-hdds-2343-5q8j9-3338874002, networkLocation: /default-rack, certSerialId: null} reports an CLOSED replica.
2019-10-22 00:03:45,394 [java.util.concurrent.ThreadPoolExecutor$Worker@1cc2f809[State = -1, empty queue]] WARN  server.GrpcLogAppender (GrpcLogAppender.java:timeoutAppendRequest(209)) - fe2f4460-1173-45ac-8f62-3ccbe442b4a3@group-452902F59078->0d315fbd-ade0-427f-8a57-9b8f4a7ccba2-GrpcLogAppender: appendEntries Timeout, request=fe2f4460-1173-45ac-8f62-3ccbe442b4a3->0d315fbd-ade0-427f-8a57-9b8f4a7ccba2#23-t4, previous=(t:4, i:8), leaderCommit=8, initializing? false, entries: <empty>
2019-10-22 00:03:45,460 [EventQueue-ContainerReportForContainerReportHandler] WARN  container.ContainerReportHandler (AbstractContainerReportHandler.java:updateContainerState(145)) - Container #1 is in OPEN state, but the datanode bec42651-2cde-4fcc-b688-684a384bc6fb{ip: 192.168.157.254, host: pr-hdds-2343-5q8j9-3338874002, networkLocation: /default-rack, certSerialId: null} reports an CLOSED replica.
2019-10-22 00:03:45,464 [java.util.concurrent.ThreadPoolExecutor$Worker@1cc2f809[State = -1, empty queue]] WARN  server.GrpcLogAppender (GrpcLogAppender.java:timeoutAppendRequest(209)) - fe2f4460-1173-45ac-8f62-3ccbe442b4a3@group-452902F59078->0d315fbd-ade0-427f-8a57-9b8f4a7ccba2-GrpcLogAppender: appendEntries Timeout, request=fe2f4460-1173-45ac-8f62-3ccbe442b4a3->0d315fbd-ade0-427f-8a57-9b8f4a7ccba2#24-t4, previous=(t:4, i:8), leaderCommit=8, initializing? false, entries: size=1, first=(t:4, i:9), STATEMACHINELOGENTRY, client-02682B5B4433, cid=12
2019-10-22 00:03:45,486 [java.util.concurrent.ThreadPoolExecutor$Worker@1cc2f809[State = -1, empty queue]] WARN  server.GrpcLogAppender (GrpcLogAppender.java:timeoutAppendRequest(209)) - fe2f4460-1173-45ac-8f62-3ccbe442b4a3@group-452902F59078->0d315fbd-ade0-427f-8a57-9b8f4a7ccba2-GrpcLogAppender: appendEntries Timeout, request=fe2f4460-1173-45ac-8f62-3ccbe442b4a3->0d315fbd-ade0-427f-8a57-9b8f4a7ccba2#25-t4, previous=(t:4, i:9), leaderCommit=9, initializing? false, entries: size=1, first=(t:4, i:10), METADATAENTRY(c9)
2019-10-22 00:03:45,697 [EventQueue-ContainerReportForContainerReportHandler] WARN  container.ContainerReportHandler (AbstractContainerReportHandler.java:updateContainerState(145)) - Container #1 is in OPEN state, but the datanode fe2f4460-1173-45ac-8f62-3ccbe442b4a3{ip: 192.168.157.254, host: pr-hdds-2343-5q8j9-3338874002, networkLocation: /default-rack, certSerialId: null} reports an CLOSED replica.
2019-10-22 00:03:45,761 [EventQueue-ContainerReportForContainerReportHandler] WARN  container.ContainerReportHandler (AbstractContainerReportHandler.java:updateContainerState(145)) - Container #1 is in OPEN state, but the datanode bec42651-2cde-4fcc-b688-684a384bc6fb{ip: 192.168.157.254, host: pr-hdds-2343-5q8j9-3338874002, networkLocation: /default-rack, certSerialId: null} reports an CLOSED replica.
2019-10-22 00:03:46,059 [EventQueue-ContainerReportForContainerReportHandler] WARN  container.ContainerReportHandler (AbstractContainerReportHandler.java:updateContainerState(145)) - Container #1 is in OPEN state, but the datanode bec42651-2cde-4fcc-b688-684a384bc6fb{ip: 192.168.157.254, host: pr-hdds-2343-5q8j9-3338874002, networkLocation: /default-rack, certSerialId: null} reports an CLOSED replica.
2019-10-22 00:03:46,097 [EventQueue-ContainerReportForContainerReportHandler] WARN  container.ContainerReportHandler (AbstractContainerReportHandler.java:updateContainerState(145)) - Container #1 is in OPEN state, but the datanode fe2f4460-1173-45ac-8f62-3ccbe442b4a3{ip: 192.168.157.254, host: pr-hdds-2343-5q8j9-3338874002, networkLocation: /default-rack, certSerialId: null} reports an CLOSED replica.
2019-10-22 00:03:46,112 [BlockDeletingService#2] WARN  background.BlockDeletingService (BlockDeletingService.java:isDeletionAllowed(187)) - Close Container log Index 6 is not replicated across allthe servers in the pipeline c00d4cd3-293b-4d2c-9f2c-452902f59078 as the min replicated index is 4. Deletion is not allowed in this container yet.
2019-10-22 00:03:46,112 [BlockDeletingService#2] WARN  background.BlockDeletingService (BlockDeletingService.java:isDeletionAllowed(187)) - Close Container log Index 6 is not replicated across allthe servers in the pipeline c00d4cd3-293b-4d2c-9f2c-452902f59078 as the min replicated index is 4. Deletion is not allowed in this container yet.
2019-10-22 00:03:46,398 [EventQueue-ContainerReportForContainerReportHandler] WARN  container.ContainerReportHandler (AbstractContainerReportHandler.java:updateContainerState(145)) - Container #1 is in OPEN state, but the datanode fe2f4460-1173-45ac-8f62-3ccbe442b4a3{ip: 192.168.157.254, host: pr-hdds-2343-5q8j9-3338874002, networkLocation: /default-rack, certSerialId: null} reports an CLOSED replica.
2019-10-22 00:03:46,459 [EventQueue-ContainerReportForContainerReportHandler] WARN  container.ContainerReportHandler (AbstractContainerReportHandler.java:updateContainerState(145)) - Container #1 is in OPEN state, but the datanode bec42651-2cde-4fcc-b688-684a384bc6fb{ip: 192.168.157.254, host: pr-hdds-2343-5q8j9-3338874002, networkLocation: /default-rack, certSerialId: null} reports an CLOSED replica.
2019-10-22 00:03:46,660 [EventQueue-ContainerReportForContainerReportHandler] WARN  container.ContainerReportHandler (AbstractContainerReportHandler.java:updateContainerState(145)) - Container #1 is in OPEN state, but the datanode bec42651-2cde-4fcc-b688-684a384bc6fb{ip: 192.168.157.254, host: pr-hdds-2343-5q8j9-3338874002, networkLocation: /default-rack, certSerialId: null} reports an CLOSED replica.
2019-10-22 00:03:46,698 [EventQueue-ContainerReportForContainerReportHandler] WARN  container.ContainerReportHandler (AbstractContainerReportHandler.java:updateContainerState(145)) - Container #1 is in OPEN state, but the datanode fe2f4460-1173-45ac-8f62-3ccbe442b4a3{ip: 192.168.157.254, host: pr-hdds-2343-5q8j9-3338874002, networkLocation: /default-rack, certSerialId: null} reports an CLOSED replica.
2019-10-22 00:03:46,860 [EventQueue-ContainerReportForContainerReportHandler] WARN  container.ContainerReportHandler (AbstractContainerReportHandler.java:updateContainerState(145)) - Container #1 is in OPEN state, but the datanode bec42651-2cde-4fcc-b688-684a384bc6fb{ip: 192.168.157.254, host: pr-hdds-2343-5q8j9-3338874002, networkLocation: /default-rack, certSerialId: null} reports an CLOSED replica.
2019-10-22 00:03:46,899 [EventQueue-ContainerReportForContainerReportHandler] WARN  container.ContainerReportHandler (AbstractContainerReportHandler.java:updateContainerState(145)) - Container #1 is in OPEN state, but the datanode fe2f4460-1173-45ac-8f62-3ccbe442b4a3{ip: 192.168.157.254, host: pr-hdds-2343-5q8j9-3338874002, networkLocation: /default-rack, certSerialId: null} reports an CLOSED replica.
2019-10-22 00:03:47,119 [BlockDeletingService#2] WARN  background.BlockDeletingService (BlockDeletingService.java:isDeletionAllowed(187)) - Close Container log Index 6 is not replicated across allthe servers in the pipeline c00d4cd3-293b-4d2c-9f2c-452902f59078 as the min replicated index is 4. Deletion is not allowed in this container yet.
2019-10-22 00:03:47,119 [BlockDeletingService#2] WARN  background.BlockDeletingService (BlockDeletingService.java:isDeletionAllowed(187)) - Close Container log Index 6 is not replicated across allthe servers in the pipeline c00d4cd3-293b-4d2c-9f2c-452902f59078 as the min replicated index is 4. Deletion is not allowed in this container yet.
2019-10-22 00:03:47,199 [EventQueue-ContainerReportForContainerReportHandler] WARN  container.ContainerReportHandler (AbstractContainerReportHandler.java:updateContainerState(145)) - Container #1 is in OPEN state, but the datanode fe2f4460-1173-45ac-8f62-3ccbe442b4a3{ip: 192.168.157.254, host: pr-hdds-2343-5q8j9-3338874002, networkLocation: /default-rack, certSerialId: null} reports an CLOSED replica.
2019-10-22 00:03:47,259 [EventQueue-ContainerReportForContainerReportHandler] WARN  container.ContainerReportHandler (AbstractContainerReportHandler.java:updateContainerState(145)) - Container #1 is in OPEN state, but the datanode bec42651-2cde-4fcc-b688-684a384bc6fb{ip: 192.168.157.254, host: pr-hdds-2343-5q8j9-3338874002, networkLocation: /default-rack, certSerialId: null} reports an CLOSED replica.
2019-10-22 00:03:47,560 [EventQueue-ContainerReportForContainerReportHandler] WARN  container.ContainerReportHandler (AbstractContainerReportHandler.java:updateContainerState(145)) - Container #1 is in OPEN state, but the datanode bec42651-2cde-4fcc-b688-684a384bc6fb{ip: 192.168.157.254, host: pr-hdds-2343-5q8j9-3338874002, networkLocation: /default-rack, certSerialId: null} reports an CLOSED replica.
2019-10-22 00:03:47,599 [EventQueue-ContainerReportForContainerReportHandler] WARN  container.ContainerReportHandler (AbstractContainerReportHandler.java:updateContainerState(145)) - Container #1 is in OPEN state, but the datanode fe2f4460-1173-45ac-8f62-3ccbe442b4a3{ip: 192.168.157.254, host: pr-hdds-2343-5q8j9-3338874002, networkLocation: /default-rack, certSerialId: null} reports an CLOSED replica.
2019-10-22 00:03:47,899 [EventQueue-ContainerReportForContainerReportHandler] WARN  container.ContainerReportHandler (AbstractContainerReportHandler.java:updateContainerState(145)) - Container #1 is in OPEN state, but the datanode fe2f4460-1173-45ac-8f62-3ccbe442b4a3{ip: 192.168.157.254, host: pr-hdds-2343-5q8j9-3338874002, networkLocation: /default-rack, certSerialId: null} reports an CLOSED replica.
2019-10-22 00:03:47,961 [EventQueue-ContainerReportForContainerReportHandler] WARN  container.ContainerReportHandler (AbstractContainerReportHandler.java:updateContainerState(145)) - Container #1 is in OPEN state, but the datanode bec42651-2cde-4fcc-b688-684a384bc6fb{ip: 192.168.157.254, host: pr-hdds-2343-5q8j9-3338874002, networkLocation: /default-rack, certSerialId: null} reports an CLOSED replica.
2019-10-22 00:03:47,988 [java.util.concurrent.ThreadPoolExecutor$Worker@1cc2f809[State = -1, empty queue]] WARN  server.GrpcLogAppender (GrpcLogAppender.java:timeoutAppendRequest(209)) - fe2f4460-1173-45ac-8f62-3ccbe442b4a3@group-452902F59078->0d315fbd-ade0-427f-8a57-9b8f4a7ccba2-GrpcLogAppender: appendEntries Timeout, request=fe2f4460-1173-45ac-8f62-3ccbe442b4a3->0d315fbd-ade0-427f-8a57-9b8f4a7ccba2#26-t4, previous=(t:4, i:10), leaderCommit=10, initializing? false, entries: <empty>
2019-10-22 00:03:48,099 [EventQueue-ContainerReportForContainerReportHandler] WARN  container.ContainerReportHandler (AbstractContainerReportHandler.java:updateContainerState(145)) - Container #1 is in OPEN state, but the datanode fe2f4460-1173-45ac-8f62-3ccbe442b4a3{ip: 192.168.157.254, host: pr-hdds-2343-5q8j9-3338874002, networkLocation: /default-rack, certSerialId: null} reports an CLOSED replica.
2019-10-22 00:03:48,121 [BlockDeletingService#2] WARN  background.BlockDeletingService (BlockDeletingService.java:isDeletionAllowed(187)) - Close Container log Index 6 is not replicated across allthe servers in the pipeline c00d4cd3-293b-4d2c-9f2c-452902f59078 as the min replicated index is 4. Deletion is not allowed in this container yet.
2019-10-22 00:03:48,121 [BlockDeletingService#2] WARN  background.BlockDeletingService (BlockDeletingService.java:isDeletionAllowed(187)) - Close Container log Index 6 is not replicated across allthe servers in the pipeline c00d4cd3-293b-4d2c-9f2c-452902f59078 as the min replicated index is 4. Deletion is not allowed in this container yet.
2019-10-22 00:03:48,260 [EventQueue-ContainerReportForContainerReportHandler] WARN  container.ContainerReportHandler (AbstractContainerReportHandler.java:updateContainerState(145)) - Container #1 is in OPEN state, but the datanode bec42651-2cde-4fcc-b688-684a384bc6fb{ip: 192.168.157.254, host: pr-hdds-2343-5q8j9-3338874002, networkLocation: /default-rack, certSerialId: null} reports an CLOSED replica.
2019-10-22 00:03:48,460 [EventQueue-ContainerReportForContainerReportHandler] WARN  container.ContainerReportHandler (AbstractContainerReportHandler.java:updateContainerState(145)) - Container #1 is in OPEN state, but the datanode bec42651-2cde-4fcc-b688-684a384bc6fb{ip: 192.168.157.254, host: pr-hdds-2343-5q8j9-3338874002, networkLocation: /default-rack, certSerialId: null} reports an CLOSED replica.
2019-10-22 00:03:48,499 [EventQueue-ContainerReportForContainerReportHandler] WARN  container.ContainerReportHandler (AbstractContainerReportHandler.java:updateContainerState(145)) - Container #1 is in OPEN state, but the datanode fe2f4460-1173-45ac-8f62-3ccbe442b4a3{ip: 192.168.157.254, host: pr-hdds-2343-5q8j9-3338874002, networkLocation: /default-rack, certSerialId: null} reports an CLOSED replica.
2019-10-22 00:03:48,700 [EventQueue-ContainerReportForContainerReportHandler] WARN  container.ContainerReportHandler (AbstractContainerReportHandler.java:updateContainerState(145)) - Container #1 is in OPEN state, but the datanode fe2f4460-1173-45ac-8f62-3ccbe442b4a3{ip: 192.168.157.254, host: pr-hdds-2343-5q8j9-3338874002, networkLocation: /default-rack, certSerialId: null} reports an CLOSED replica.
2019-10-22 00:03:48,762 [EventQueue-ContainerReportForContainerReportHandler] WARN  container.ContainerReportHandler (AbstractContainerReportHandler.java:updateContainerState(145)) - Container #1 is in OPEN state, but the datanode bec42651-2cde-4fcc-b688-684a384bc6fb{ip: 192.168.157.254, host: pr-hdds-2343-5q8j9-3338874002, networkLocation: /default-rack, certSerialId: null} reports an CLOSED replica.
2019-10-22 00:03:49,061 [EventQueue-ContainerReportForContainerReportHandler] WARN  container.ContainerReportHandler (AbstractContainerReportHandler.java:updateContainerState(145)) - Container #1 is in OPEN state, but the datanode bec42651-2cde-4fcc-b688-684a384bc6fb{ip: 192.168.157.254, host: pr-hdds-2343-5q8j9-3338874002, networkLocation: /default-rack, certSerialId: null} reports an CLOSED replica.
2019-10-22 00:03:49,099 [EventQueue-ContainerReportForContainerReportHandler] WARN  container.ContainerReportHandler (AbstractContainerReportHandler.java:updateContainerState(145)) - Container #1 is in OPEN state, but the datanode fe2f4460-1173-45ac-8f62-3ccbe442b4a3{ip: 192.168.157.254, host: pr-hdds-2343-5q8j9-3338874002, networkLocation: /default-rack, certSerialId: null} reports an CLOSED replica.
2019-10-22 00:03:49,123 [BlockDeletingService#2] WARN  background.BlockDeletingService (BlockDeletingService.java:isDeletionAllowed(187)) - Close Container log Index 6 is not replicated across allthe servers in the pipeline c00d4cd3-293b-4d2c-9f2c-452902f59078 as the min replicated index is 4. Deletion is not allowed in this container yet.
2019-10-22 00:03:49,123 [BlockDeletingService#2] WARN  background.BlockDeletingService (BlockDeletingService.java:isDeletionAllowed(187)) - Close Container log Index 6 is not replicated across allthe servers in the pipeline c00d4cd3-293b-4d2c-9f2c-452902f59078 as the min replicated index is 4. Deletion is not allowed in this container yet.
2019-10-22 00:03:49,362 [EventQueue-ContainerReportForContainerReportHandler] WARN  container.ContainerReportHandler (AbstractContainerReportHandler.java:updateContainerState(145)) - Container #1 is in OPEN state, but the datanode bec42651-2cde-4fcc-b688-684a384bc6fb{ip: 192.168.157.254, host: pr-hdds-2343-5q8j9-3338874002, networkLocation: /default-rack, certSerialId: null} reports an CLOSED replica.
2019-10-22 00:03:49,400 [EventQueue-ContainerReportForContainerReportHandler] WARN  container.ContainerReportHandler (AbstractContainerReportHandler.java:updateContainerState(145)) - Container #1 is in OPEN state, but the datanode fe2f4460-1173-45ac-8f62-3ccbe442b4a3{ip: 192.168.157.254, host: pr-hdds-2343-5q8j9-3338874002, networkLocation: /default-rack, certSerialId: null} reports an CLOSED replica.
2019-10-22 00:03:49,562 [EventQueue-ContainerReportForContainerReportHandler] WARN  container.ContainerReportHandler (AbstractContainerReportHandler.java:updateContainerState(145)) - Container #1 is in OPEN state, but the datanode bec42651-2cde-4fcc-b688-684a384bc6fb{ip: 192.168.157.254, host: pr-hdds-2343-5q8j9-3338874002, networkLocation: /default-rack, certSerialId: null} reports an CLOSED replica.
2019-10-22 00:03:49,702 [EventQueue-ContainerReportForContainerReportHandler] WARN  container.ContainerReportHandler (AbstractContainerReportHandler.java:updateContainerState(145)) - Container #1 is in OPEN state, but the datanode fe2f4460-1173-45ac-8f62-3ccbe442b4a3{ip: 192.168.157.254, host: pr-hdds-2343-5q8j9-3338874002, networkLocation: /default-rack, certSerialId: null} reports an CLOSED replica.
2019-10-22 00:03:49,962 [EventQueue-ContainerReportForContainerReportHandler] WARN  container.ContainerReportHandler (AbstractContainerReportHandler.java:updateContainerState(145)) - Container #1 is in OPEN state, but the datanode bec42651-2cde-4fcc-b688-684a384bc6fb{ip: 192.168.157.254, host: pr-hdds-2343-5q8j9-3338874002, networkLocation: /default-rack, certSerialId: null} reports an CLOSED replica.
2019-10-22 00:03:50,002 [EventQueue-ContainerReportForContainerReportHandler] WARN  container.ContainerReportHandler (AbstractContainerReportHandler.java:updateContainerState(145)) - Container #1 is in OPEN state, but the datanode fe2f4460-1173-45ac-8f62-3ccbe442b4a3{ip: 192.168.157.254, host: pr-hdds-2343-5q8j9-3338874002, networkLocation: /default-rack, certSerialId: null} reports an CLOSED replica.
2019-10-22 00:03:50,125 [BlockDeletingService#2] WARN  background.BlockDeletingService (BlockDeletingService.java:isDeletionAllowed(187)) - Close Container log Index 6 is not replicated across allthe servers in the pipeline c00d4cd3-293b-4d2c-9f2c-452902f59078 as the min replicated index is 4. Deletion is not allowed in this container yet.
2019-10-22 00:03:50,125 [BlockDeletingService#2] WARN  background.BlockDeletingService (BlockDeletingService.java:isDeletionAllowed(187)) - Close Container log Index 6 is not replicated across allthe servers in the pipeline c00d4cd3-293b-4d2c-9f2c-452902f59078 as the min replicated index is 4. Deletion is not allowed in this container yet.
2019-10-22 00:03:50,263 [EventQueue-ContainerReportForContainerReportHandler] WARN  container.ContainerReportHandler (AbstractContainerReportHandler.java:updateContainerState(145)) - Container #1 is in OPEN state, but the datanode bec42651-2cde-4fcc-b688-684a384bc6fb{ip: 192.168.157.254, host: pr-hdds-2343-5q8j9-3338874002, networkLocation: /default-rack, certSerialId: null} reports an CLOSED replica.
2019-10-22 00:03:50,302 [EventQueue-ContainerReportForContainerReportHandler] WARN  container.ContainerReportHandler (AbstractContainerReportHandler.java:updateContainerState(145)) - Container #1 is in OPEN state, but the datanode fe2f4460-1173-45ac-8f62-3ccbe442b4a3{ip: 192.168.157.254, host: pr-hdds-2343-5q8j9-3338874002, networkLocation: /default-rack, certSerialId: null} reports an CLOSED replica.
2019-10-22 00:03:50,490 [java.util.concurrent.ThreadPoolExecutor$Worker@1cc2f809[State = -1, empty queue]] WARN  server.GrpcLogAppender (GrpcLogAppender.java:timeoutAppendRequest(209)) - fe2f4460-1173-45ac-8f62-3ccbe442b4a3@group-452902F59078->0d315fbd-ade0-427f-8a57-9b8f4a7ccba2-GrpcLogAppender: appendEntries Timeout, request=fe2f4460-1173-45ac-8f62-3ccbe442b4a3->0d315fbd-ade0-427f-8a57-9b8f4a7ccba2#27-t4, previous=(t:4, i:10), leaderCommit=10, initializing? false, entries: <empty>
2019-10-22 00:03:50,502 [EventQueue-ContainerReportForContainerReportHandler] WARN  container.ContainerReportHandler (AbstractContainerReportHandler.java:updateContainerState(145)) - Container #1 is in OPEN state, but the datanode fe2f4460-1173-45ac-8f62-3ccbe442b4a3{ip: 192.168.157.254, host: pr-hdds-2343-5q8j9-3338874002, networkLocation: /default-rack, certSerialId: null} reports an CLOSED replica.
2019-10-22 00:03:50,516 [Thread-367] INFO  client.GrpcClientProtocolService (GrpcClientProtocolService.java:lambda$processClientRequest$0(278)) - Failed RaftClientRequest:client-06600EE78844->bec42651-2cde-4fcc-b688-684a384bc6fb@group-452902F59078, cid=10, seq=0, Watch-ALL_COMMITTED(6), Message:<EMPTY>, reply=RaftClientReply:client-06600EE78844->bec42651-2cde-4fcc-b688-684a384bc6fb@group-452902F59078, cid=10, FAILED org.apache.ratis.protocol.NotLeaderException: Server bec42651-2cde-4fcc-b688-684a384bc6fb@group-452902F59078 is not the leader fe2f4460-1173-45ac-8f62-3ccbe442b4a3:192.168.157.254:43148, logIndex=0, commits[bec42651-2cde-4fcc-b688-684a384bc6fb:c10, fe2f4460-1173-45ac-8f62-3ccbe442b4a3:c10, 0d315fbd-ade0-427f-8a57-9b8f4a7ccba2:c4]
2019-10-22 00:03:50,563 [EventQueue-ContainerReportForContainerReportHandler] WARN  container.ContainerReportHandler (AbstractContainerReportHandler.java:updateContainerState(145)) - Container #1 is in OPEN state, but the datanode bec42651-2cde-4fcc-b688-684a384bc6fb{ip: 192.168.157.254, host: pr-hdds-2343-5q8j9-3338874002, networkLocation: /default-rack, certSerialId: null} reports an CLOSED replica.
2019-10-22 00:03:50,584 [Thread-370] INFO  client.GrpcClientProtocolService (GrpcClientProtocolService.java:lambda$processClientRequest$0(278)) - Failed RaftClientRequest:client-06600EE78844->fe2f4460-1173-45ac-8f62-3ccbe442b4a3@group-452902F59078, cid=10, seq=0, Watch-ALL_COMMITTED(6), Message:<EMPTY>, reply=RaftClientReply:client-06600EE78844->fe2f4460-1173-45ac-8f62-3ccbe442b4a3@group-452902F59078, cid=10, FAILED org.apache.ratis.protocol.NotReplicatedException: Request with call Id 10 and log index 6 is not yet replicated to ALL_COMMITTED, logIndex=6, commits[fe2f4460-1173-45ac-8f62-3ccbe442b4a3:c10, bec42651-2cde-4fcc-b688-684a384bc6fb:c10, 0d315fbd-ade0-427f-8a57-9b8f4a7ccba2:c4]
2019-10-22 00:03:50,764 [EventQueue-ContainerReportForContainerReportHandler] WARN  container.ContainerReportHandler (AbstractContainerReportHandler.java:updateContainerState(145)) - Container #1 is in OPEN state, but the datanode bec42651-2cde-4fcc-b688-684a384bc6fb{ip: 192.168.157.254, host: pr-hdds-2343-5q8j9-3338874002, networkLocation: /default-rack, certSerialId: null} reports an CLOSED replica.
2019-10-22 00:03:50,803 [EventQueue-ContainerReportForContainerReportHandler] WARN  container.ContainerReportHandler (AbstractContainerReportHandler.java:updateContainerState(145)) - Container #1 is in OPEN state, but the datanode fe2f4460-1173-45ac-8f62-3ccbe442b4a3{ip: 192.168.157.254, host: pr-hdds-2343-5q8j9-3338874002, networkLocation: /default-rack, certSerialId: null} reports an CLOSED replica.
2019-10-22 00:03:51,110 [EventQueue-ContainerReportForContainerReportHandler] WARN  container.ContainerReportHandler (AbstractContainerReportHandler.java:updateContainerState(145)) - Container #1 is in OPEN state, but the datanode fe2f4460-1173-45ac-8f62-3ccbe442b4a3{ip: 192.168.157.254, host: pr-hdds-2343-5q8j9-3338874002, networkLocation: /default-rack, certSerialId: null} reports an CLOSED replica.
2019-10-22 00:03:51,127 [BlockDeletingService#2] WARN  background.BlockDeletingService (BlockDeletingService.java:isDeletionAllowed(187)) - Close Container log Index 6 is not replicated across allthe servers in the pipeline c00d4cd3-293b-4d2c-9f2c-452902f59078 as the min replicated index is 4. Deletion is not allowed in this container yet.
2019-10-22 00:03:51,127 [BlockDeletingService#2] WARN  background.BlockDeletingService (BlockDeletingService.java:isDeletionAllowed(187)) - Close Container log Index 6 is not replicated across allthe servers in the pipeline c00d4cd3-293b-4d2c-9f2c-452902f59078 as the min replicated index is 4. Deletion is not allowed in this container yet.
2019-10-22 00:03:51,164 [EventQueue-ContainerReportForContainerReportHandler] WARN  container.ContainerReportHandler (AbstractContainerReportHandler.java:updateContainerState(145)) - Container #1 is in OPEN state, but the datanode bec42651-2cde-4fcc-b688-684a384bc6fb{ip: 192.168.157.254, host: pr-hdds-2343-5q8j9-3338874002, networkLocation: /default-rack, certSerialId: null} reports an CLOSED replica.
2019-10-22 00:03:51,305 [EventQueue-ContainerReportForContainerReportHandler] WARN  container.ContainerReportHandler (AbstractContainerReportHandler.java:updateContainerState(145)) - Container #1 is in OPEN state, but the datanode fe2f4460-1173-45ac-8f62-3ccbe442b4a3{ip: 192.168.157.254, host: pr-hdds-2343-5q8j9-3338874002, networkLocation: /default-rack, certSerialId: null} reports an CLOSED replica.
2019-10-22 00:03:51,364 [EventQueue-ContainerReportForContainerReportHandler] WARN  container.ContainerReportHandler (AbstractContainerReportHandler.java:updateContainerState(145)) - Container #1 is in OPEN state, but the datanode bec42651-2cde-4fcc-b688-684a384bc6fb{ip: 192.168.157.254, host: pr-hdds-2343-5q8j9-3338874002, networkLocation: /default-rack, certSerialId: null} reports an CLOSED replica.
2019-10-22 00:03:51,605 [EventQueue-ContainerReportForContainerReportHandler] WARN  container.ContainerReportHandler (AbstractContainerReportHandler.java:updateContainerState(145)) - Container #1 is in OPEN state, but the datanode fe2f4460-1173-45ac-8f62-3ccbe442b4a3{ip: 192.168.157.254, host: pr-hdds-2343-5q8j9-3338874002, networkLocation: /default-rack, certSerialId: null} reports an CLOSED replica.
2019-10-22 00:03:51,764 [EventQueue-ContainerReportForContainerReportHandler] WARN  container.ContainerReportHandler (AbstractContainerReportHandler.java:updateContainerState(145)) - Container #1 is in OPEN state, but the datanode bec42651-2cde-4fcc-b688-684a384bc6fb{ip: 192.168.157.254, host: pr-hdds-2343-5q8j9-3338874002, networkLocation: /default-rack, certSerialId: null} reports an CLOSED replica.
2019-10-22 00:03:52,006 [EventQueue-ContainerReportForContainerReportHandler] WARN  container.ContainerReportHandler (AbstractContainerReportHandler.java:updateContainerState(145)) - Container #1 is in OPEN state, but the datanode fe2f4460-1173-45ac-8f62-3ccbe442b4a3{ip: 192.168.157.254, host: pr-hdds-2343-5q8j9-3338874002, networkLocation: /default-rack, certSerialId: null} reports an CLOSED replica.
2019-10-22 00:03:52,064 [EventQueue-ContainerReportForContainerReportHandler] WARN  container.ContainerReportHandler (AbstractContainerReportHandler.java:updateContainerState(145)) - Container #1 is in OPEN state, but the datanode bec42651-2cde-4fcc-b688-684a384bc6fb{ip: 192.168.157.254, host: pr-hdds-2343-5q8j9-3338874002, networkLocation: /default-rack, certSerialId: null} reports an CLOSED replica.
2019-10-22 00:03:52,129 [BlockDeletingService#2] WARN  background.BlockDeletingService (BlockDeletingService.java:isDeletionAllowed(187)) - Close Container log Index 6 is not replicated across allthe servers in the pipeline c00d4cd3-293b-4d2c-9f2c-452902f59078 as the min replicated index is 4. Deletion is not allowed in this container yet.
2019-10-22 00:03:52,130 [BlockDeletingService#2] WARN  background.BlockDeletingService (BlockDeletingService.java:isDeletionAllowed(187)) - Close Container log Index 6 is not replicated across allthe servers in the pipeline c00d4cd3-293b-4d2c-9f2c-452902f59078 as the min replicated index is 4. Deletion is not allowed in this container yet.
2019-10-22 00:03:52,264 [EventQueue-ContainerReportForContainerReportHandler] WARN  container.ContainerReportHandler (AbstractContainerReportHandler.java:updateContainerState(145)) - Container #1 is in OPEN state, but the datanode bec42651-2cde-4fcc-b688-684a384bc6fb{ip: 192.168.157.254, host: pr-hdds-2343-5q8j9-3338874002, networkLocation: /default-rack, certSerialId: null} reports an CLOSED replica.
2019-10-22 00:03:52,306 [EventQueue-ContainerReportForContainerReportHandler] WARN  container.ContainerReportHandler (AbstractContainerReportHandler.java:updateContainerState(145)) - Container #1 is in OPEN state, but the datanode fe2f4460-1173-45ac-8f62-3ccbe442b4a3{ip: 192.168.157.254, host: pr-hdds-2343-5q8j9-3338874002, networkLocation: /default-rack, certSerialId: null} reports an CLOSED replica.
2019-10-22 00:03:52,565 [EventQueue-ContainerReportForContainerReportHandler] WARN  container.ContainerReportHandler (AbstractContainerReportHandler.java:updateContainerState(145)) - Container #1 is in OPEN state, but the datanode bec42651-2cde-4fcc-b688-684a384bc6fb{ip: 192.168.157.254, host: pr-hdds-2343-5q8j9-3338874002, networkLocation: /default-rack, certSerialId: null} reports an CLOSED replica.
2019-10-22 00:03:52,706 [EventQueue-ContainerReportForContainerReportHandler] WARN  container.ContainerReportHandler (AbstractContainerReportHandler.java:updateContainerState(145)) - Container #1 is in OPEN state, but the datanode fe2f4460-1173-45ac-8f62-3ccbe442b4a3{ip: 192.168.157.254, host: pr-hdds-2343-5q8j9-3338874002, networkLocation: /default-rack, certSerialId: null} reports an CLOSED replica.
2019-10-22 00:03:52,765 [EventQueue-ContainerReportForContainerReportHandler] WARN  container.ContainerReportHandler (AbstractContainerReportHandler.java:updateContainerState(145)) - Container #1 is in OPEN state, but the datanode bec42651-2cde-4fcc-b688-684a384bc6fb{ip: 192.168.157.254, host: pr-hdds-2343-5q8j9-3338874002, networkLocation: /default-rack, certSerialId: null} reports an CLOSED replica.
2019-10-22 00:03:52,966 [EventQueue-ContainerReportForContainerReportHandler] WARN  container.ContainerReportHandler (AbstractContainerReportHandler.java:updateContainerState(145)) - Container #1 is in OPEN state, but the datanode bec42651-2cde-4fcc-b688-684a384bc6fb{ip: 192.168.157.254, host: pr-hdds-2343-5q8j9-3338874002, networkLocation: /default-rack, certSerialId: null} reports an CLOSED replica.
2019-10-22 00:03:52,991 [java.util.concurrent.ThreadPoolExecutor$Worker@1cc2f809[State = -1, empty queue]] WARN  server.GrpcLogAppender (GrpcLogAppender.java:timeoutAppendRequest(209)) - fe2f4460-1173-45ac-8f62-3ccbe442b4a3@group-452902F59078->0d315fbd-ade0-427f-8a57-9b8f4a7ccba2-GrpcLogAppender: appendEntries Timeout, request=fe2f4460-1173-45ac-8f62-3ccbe442b4a3->0d315fbd-ade0-427f-8a57-9b8f4a7ccba2#28-t4, previous=(t:4, i:10), leaderCommit=10, initializing? false, entries: <empty>
2019-10-22 00:03:53,006 [EventQueue-ContainerReportForContainerReportHandler] WARN  container.ContainerReportHandler (AbstractContainerReportHandler.java:updateContainerState(145)) - Container #1 is in OPEN state, but the datanode fe2f4460-1173-45ac-8f62-3ccbe442b4a3{ip: 192.168.157.254, host: pr-hdds-2343-5q8j9-3338874002, networkLocation: /default-rack, certSerialId: null} reports an CLOSED replica.
2019-10-22 00:03:53,131 [BlockDeletingService#2] WARN  background.BlockDeletingService (BlockDeletingService.java:isDeletionAllowed(187)) - Close Container log Index 6 is not replicated across allthe servers in the pipeline c00d4cd3-293b-4d2c-9f2c-452902f59078 as the min replicated index is 4. Deletion is not allowed in this container yet.
2019-10-22 00:03:53,131 [BlockDeletingService#2] WARN  background.BlockDeletingService (BlockDeletingService.java:isDeletionAllowed(187)) - Close Container log Index 6 is not replicated across allthe servers in the pipeline c00d4cd3-293b-4d2c-9f2c-452902f59078 as the min replicated index is 4. Deletion is not allowed in this container yet.
2019-10-22 00:03:53,168 [EventQueue-ContainerReportForContainerReportHandler] WARN  container.ContainerReportHandler (AbstractContainerReportHandler.java:updateContainerState(145)) - Container #1 is in OPEN state, but the datanode bec42651-2cde-4fcc-b688-684a384bc6fb{ip: 192.168.157.254, host: pr-hdds-2343-5q8j9-3338874002, networkLocation: /default-rack, certSerialId: null} reports an CLOSED replica.
2019-10-22 00:03:53,207 [EventQueue-ContainerReportForContainerReportHandler] WARN  container.ContainerReportHandler (AbstractContainerReportHandler.java:updateContainerState(145)) - Container #1 is in OPEN state, but the datanode fe2f4460-1173-45ac-8f62-3ccbe442b4a3{ip: 192.168.157.254, host: pr-hdds-2343-5q8j9-3338874002, networkLocation: /default-rack, certSerialId: null} reports an CLOSED replica.
2019-10-22 00:03:53,370 [EventQueue-ContainerReportForContainerReportHandler] WARN  container.ContainerReportHandler (AbstractContainerReportHandler.java:updateContainerState(145)) - Container #1 is in OPEN state, but the datanode bec42651-2cde-4fcc-b688-684a384bc6fb{ip: 192.168.157.254, host: pr-hdds-2343-5q8j9-3338874002, networkLocation: /default-rack, certSerialId: null} reports an CLOSED replica.
2019-10-22 00:03:53,611 [EventQueue-ContainerReportForContainerReportHandler] WARN  container.ContainerReportHandler (AbstractContainerReportHandler.java:updateContainerState(145)) - Container #1 is in OPEN state, but the datanode fe2f4460-1173-45ac-8f62-3ccbe442b4a3{ip: 192.168.157.254, host: pr-hdds-2343-5q8j9-3338874002, networkLocation: /default-rack, certSerialId: null} reports an CLOSED replica.
2019-10-22 00:03:53,770 [EventQueue-ContainerReportForContainerReportHandler] WARN  container.ContainerReportHandler (AbstractContainerReportHandler.java:updateContainerState(145)) - Container #1 is in OPEN state, but the datanode bec42651-2cde-4fcc-b688-684a384bc6fb{ip: 192.168.157.254, host: pr-hdds-2343-5q8j9-3338874002, networkLocation: /default-rack, certSerialId: null} reports an CLOSED replica.
2019-10-22 00:03:53,911 [EventQueue-ContainerReportForContainerReportHandler] WARN  container.ContainerReportHandler (AbstractContainerReportHandler.java:updateContainerState(145)) - Container #1 is in OPEN state, but the datanode fe2f4460-1173-45ac-8f62-3ccbe442b4a3{ip: 192.168.157.254, host: pr-hdds-2343-5q8j9-3338874002, networkLocation: /default-rack, certSerialId: null} reports an CLOSED replica.
2019-10-22 00:03:53,970 [EventQueue-ContainerReportForContainerReportHandler] WARN  container.ContainerReportHandler (AbstractContainerReportHandler.java:updateContainerState(145)) - Container #1 is in OPEN state, but the datanode bec42651-2cde-4fcc-b688-684a384bc6fb{ip: 192.168.157.254, host: pr-hdds-2343-5q8j9-3338874002, networkLocation: /default-rack, certSerialId: null} reports an CLOSED replica.
2019-10-22 00:03:54,133 [BlockDeletingService#2] WARN  background.BlockDeletingService (BlockDeletingService.java:isDeletionAllowed(187)) - Close Container log Index 6 is not replicated across allthe servers in the pipeline c00d4cd3-293b-4d2c-9f2c-452902f59078 as the min replicated index is 4. Deletion is not allowed in this container yet.
2019-10-22 00:03:54,133 [BlockDeletingService#2] WARN  background.BlockDeletingService (BlockDeletingService.java:isDeletionAllowed(187)) - Close Container log Index 6 is not replicated across allthe servers in the pipeline c00d4cd3-293b-4d2c-9f2c-452902f59078 as the min replicated index is 4. Deletion is not allowed in this container yet.
2019-10-22 00:03:54,211 [EventQueue-ContainerReportForContainerReportHandler] WARN  container.ContainerReportHandler (AbstractContainerReportHandler.java:updateContainerState(145)) - Container #1 is in OPEN state, but the datanode fe2f4460-1173-45ac-8f62-3ccbe442b4a3{ip: 192.168.157.254, host: pr-hdds-2343-5q8j9-3338874002, networkLocation: /default-rack, certSerialId: null} reports an CLOSED replica.
2019-10-22 00:03:54,270 [EventQueue-ContainerReportForContainerReportHandler] WARN  container.ContainerReportHandler (AbstractContainerReportHandler.java:updateContainerState(145)) - Container #1 is in OPEN state, but the datanode bec42651-2cde-4fcc-b688-684a384bc6fb{ip: 192.168.157.254, host: pr-hdds-2343-5q8j9-3338874002, networkLocation: /default-rack, certSerialId: null} reports an CLOSED replica.
2019-10-22 00:03:54,512 [EventQueue-ContainerReportForContainerReportHandler] WARN  container.ContainerReportHandler (AbstractContainerReportHandler.java:updateContainerState(145)) - Container #1 is in OPEN state, but the datanode fe2f4460-1173-45ac-8f62-3ccbe442b4a3{ip: 192.168.157.254, host: pr-hdds-2343-5q8j9-3338874002, networkLocation: /default-rack, certSerialId: null} reports an CLOSED replica.
2019-10-22 00:03:54,570 [EventQueue-ContainerReportForContainerReportHandler] WARN  container.ContainerReportHandler (AbstractContainerReportHandler.java:updateContainerState(145)) - Container #1 is in OPEN state, but the datanode bec42651-2cde-4fcc-b688-684a384bc6fb{ip: 192.168.157.254, host: pr-hdds-2343-5q8j9-3338874002, networkLocation: /default-rack, certSerialId: null} reports an CLOSED replica.
2019-10-22 00:03:54,812 [EventQueue-ContainerReportForContainerReportHandler] WARN  container.ContainerReportHandler (AbstractContainerReportHandler.java:updateContainerState(145)) - Container #1 is in OPEN state, but the datanode fe2f4460-1173-45ac-8f62-3ccbe442b4a3{ip: 192.168.157.254, host: pr-hdds-2343-5q8j9-3338874002, networkLocation: /default-rack, certSerialId: null} reports an CLOSED replica.
2019-10-22 00:03:54,871 [EventQueue-ContainerReportForContainerReportHandler] WARN  container.ContainerReportHandler (AbstractContainerReportHandler.java:updateContainerState(145)) - Container #1 is in OPEN state, but the datanode bec42651-2cde-4fcc-b688-684a384bc6fb{ip: 192.168.157.254, host: pr-hdds-2343-5q8j9-3338874002, networkLocation: /default-rack, certSerialId: null} reports an CLOSED replica.
2019-10-22 00:03:55,020 [EventQueue-ContainerReportForContainerReportHandler] WARN  container.ContainerReportHandler (AbstractContainerReportHandler.java:updateContainerState(145)) - Container #1 is in OPEN state, but the datanode fe2f4460-1173-45ac-8f62-3ccbe442b4a3{ip: 192.168.157.254, host: pr-hdds-2343-5q8j9-3338874002, networkLocation: /default-rack, certSerialId: null} reports an CLOSED replica.
2019-10-22 00:03:55,134 [BlockDeletingService#2] WARN  background.BlockDeletingService (BlockDeletingService.java:isDeletionAllowed(187)) - Close Container log Index 6 is not replicated across allthe servers in the pipeline c00d4cd3-293b-4d2c-9f2c-452902f59078 as the min replicated index is 4. Deletion is not allowed in this container yet.
2019-10-22 00:03:55,134 [BlockDeletingService#2] WARN  background.BlockDeletingService (BlockDeletingService.java:isDeletionAllowed(187)) - Close Container log Index 6 is not replicated across allthe servers in the pipeline c00d4cd3-293b-4d2c-9f2c-452902f59078 as the min replicated index is 4. Deletion is not allowed in this container yet.
2019-10-22 00:03:55,272 [EventQueue-ContainerReportForContainerReportHandler] WARN  container.ContainerReportHandler (AbstractContainerReportHandler.java:updateContainerState(145)) - Container #1 is in OPEN state, but the datanode bec42651-2cde-4fcc-b688-684a384bc6fb{ip: 192.168.157.254, host: pr-hdds-2343-5q8j9-3338874002, networkLocation: /default-rack, certSerialId: null} reports an CLOSED replica.
2019-10-22 00:03:55,415 [EventQueue-ContainerReportForContainerReportHandler] WARN  container.ContainerReportHandler (AbstractContainerReportHandler.java:updateContainerState(145)) - Container #1 is in OPEN state, but the datanode fe2f4460-1173-45ac-8f62-3ccbe442b4a3{ip: 192.168.157.254, host: pr-hdds-2343-5q8j9-3338874002, networkLocation: /default-rack, certSerialId: null} reports an CLOSED replica.
2019-10-22 00:03:55,472 [EventQueue-ContainerReportForContainerReportHandler] WARN  container.ContainerReportHandler (AbstractContainerReportHandler.java:updateContainerState(145)) - Container #1 is in OPEN state, but the datanode bec42651-2cde-4fcc-b688-684a384bc6fb{ip: 192.168.157.254, host: pr-hdds-2343-5q8j9-3338874002, networkLocation: /default-rack, certSerialId: null} reports an CLOSED replica.
2019-10-22 00:03:55,492 [java.util.concurrent.ThreadPoolExecutor$Worker@1cc2f809[State = -1, empty queue]] WARN  server.GrpcLogAppender (GrpcLogAppender.java:timeoutAppendRequest(209)) - fe2f4460-1173-45ac-8f62-3ccbe442b4a3@group-452902F59078->0d315fbd-ade0-427f-8a57-9b8f4a7ccba2-GrpcLogAppender: appendEntries Timeout, request=fe2f4460-1173-45ac-8f62-3ccbe442b4a3->0d315fbd-ade0-427f-8a57-9b8f4a7ccba2#29-t4, previous=(t:4, i:10), leaderCommit=10, initializing? false, entries: <empty>
2019-10-22 00:03:55,815 [EventQueue-ContainerReportForContainerReportHandler] WARN  container.ContainerReportHandler (AbstractContainerReportHandler.java:updateContainerState(145)) - Container #1 is in OPEN state, but the datanode fe2f4460-1173-45ac-8f62-3ccbe442b4a3{ip: 192.168.157.254, host: pr-hdds-2343-5q8j9-3338874002, networkLocation: /default-rack, certSerialId: null} reports an CLOSED replica.
2019-10-22 00:03:55,872 [EventQueue-ContainerReportForContainerReportHandler] WARN  container.ContainerReportHandler (AbstractContainerReportHandler.java:updateContainerState(145)) - Container #1 is in OPEN state, but the datanode bec42651-2cde-4fcc-b688-684a384bc6fb{ip: 192.168.157.254, host: pr-hdds-2343-5q8j9-3338874002, networkLocation: /default-rack, certSerialId: null} reports an CLOSED replica.
2019-10-22 00:03:56,135 [BlockDeletingService#2] WARN  background.BlockDeletingService (BlockDeletingService.java:isDeletionAllowed(187)) - Close Container log Index 6 is not replicated across allthe servers in the pipeline c00d4cd3-293b-4d2c-9f2c-452902f59078 as the min replicated index is 4. Deletion is not allowed in this container yet.
2019-10-22 00:03:56,135 [BlockDeletingService#2] WARN  background.BlockDeletingService (BlockDeletingService.java:isDeletionAllowed(187)) - Close Container log Index 6 is not replicated across allthe servers in the pipeline c00d4cd3-293b-4d2c-9f2c-452902f59078 as the min replicated index is 4. Deletion is not allowed in this container yet.
2019-10-22 00:03:56,216 [EventQueue-ContainerReportForContainerReportHandler] WARN  container.ContainerReportHandler (AbstractContainerReportHandler.java:updateContainerState(145)) - Container #1 is in OPEN state, but the datanode fe2f4460-1173-45ac-8f62-3ccbe442b4a3{ip: 192.168.157.254, host: pr-hdds-2343-5q8j9-3338874002, networkLocation: /default-rack, certSerialId: null} reports an CLOSED replica.
2019-10-22 00:03:56,273 [EventQueue-ContainerReportForContainerReportHandler] WARN  container.ContainerReportHandler (AbstractContainerReportHandler.java:updateContainerState(145)) - Container #1 is in OPEN state, but the datanode bec42651-2cde-4fcc-b688-684a384bc6fb{ip: 192.168.157.254, host: pr-hdds-2343-5q8j9-3338874002, networkLocation: /default-rack, certSerialId: null} reports an CLOSED replica.
2019-10-22 00:03:56,473 [EventQueue-ContainerReportForContainerReportHandler] WARN  container.ContainerReportHandler (AbstractContainerReportHandler.java:updateContainerState(145)) - Container #1 is in OPEN state, but the datanode bec42651-2cde-4fcc-b688-684a384bc6fb{ip: 192.168.157.254, host: pr-hdds-2343-5q8j9-3338874002, networkLocation: /default-rack, certSerialId: null} reports an CLOSED replica.
2019-10-22 00:03:56,517 [EventQueue-ContainerReportForContainerReportHandler] WARN  container.ContainerReportHandler (AbstractContainerReportHandler.java:updateContainerState(145)) - Container #1 is in OPEN state, but the datanode fe2f4460-1173-45ac-8f62-3ccbe442b4a3{ip: 192.168.157.254, host: pr-hdds-2343-5q8j9-3338874002, networkLocation: /default-rack, certSerialId: null} reports an CLOSED replica.
2019-10-22 00:03:56,773 [EventQueue-ContainerReportForContainerReportHandler] WARN  container.ContainerReportHandler (AbstractContainerReportHandler.java:updateContainerState(145)) - Container #1 is in OPEN state, but the datanode bec42651-2cde-4fcc-b688-684a384bc6fb{ip: 192.168.157.254, host: pr-hdds-2343-5q8j9-3338874002, networkLocation: /default-rack, certSerialId: null} reports an CLOSED replica.
2019-10-22 00:03:56,818 [EventQueue-ContainerReportForContainerReportHandler] WARN  container.ContainerReportHandler (AbstractContainerReportHandler.java:updateContainerState(145)) - Container #1 is in OPEN state, but the datanode fe2f4460-1173-45ac-8f62-3ccbe442b4a3{ip: 192.168.157.254, host: pr-hdds-2343-5q8j9-3338874002, networkLocation: /default-rack, certSerialId: null} reports an CLOSED replica.
2019-10-22 00:03:56,973 [EventQueue-ContainerReportForContainerReportHandler] WARN  container.ContainerReportHandler (AbstractContainerReportHandler.java:updateContainerState(145)) - Container #1 is in OPEN state, but the datanode bec42651-2cde-4fcc-b688-684a384bc6fb{ip: 192.168.157.254, host: pr-hdds-2343-5q8j9-3338874002, networkLocation: /default-rack, certSerialId: null} reports an CLOSED replica.
2019-10-22 00:03:57,018 [EventQueue-ContainerReportForContainerReportHandler] WARN  container.ContainerReportHandler (AbstractContainerReportHandler.java:updateContainerState(145)) - Container #1 is in OPEN state, but the datanode fe2f4460-1173-45ac-8f62-3ccbe442b4a3{ip: 192.168.157.254, host: pr-hdds-2343-5q8j9-3338874002, networkLocation: /default-rack, certSerialId: null} reports an CLOSED replica.
2019-10-22 00:03:57,137 [BlockDeletingService#2] WARN  background.BlockDeletingService (BlockDeletingService.java:isDeletionAllowed(187)) - Close Container log Index 6 is not replicated across allthe servers in the pipeline c00d4cd3-293b-4d2c-9f2c-452902f59078 as the min replicated index is 4. Deletion is not allowed in this container yet.
2019-10-22 00:03:57,137 [BlockDeletingService#2] WARN  background.BlockDeletingService (BlockDeletingService.java:isDeletionAllowed(187)) - Close Container log Index 6 is not replicated across allthe servers in the pipeline c00d4cd3-293b-4d2c-9f2c-452902f59078 as the min replicated index is 4. Deletion is not allowed in this container yet.
2019-10-22 00:03:57,273 [EventQueue-ContainerReportForContainerReportHandler] WARN  container.ContainerReportHandler (AbstractContainerReportHandler.java:updateContainerState(145)) - Container #1 is in OPEN state, but the datanode bec42651-2cde-4fcc-b688-684a384bc6fb{ip: 192.168.157.254, host: pr-hdds-2343-5q8j9-3338874002, networkLocation: /default-rack, certSerialId: null} reports an CLOSED replica.
2019-10-22 00:03:57,319 [EventQueue-ContainerReportForContainerReportHandler] WARN  container.ContainerReportHandler (AbstractContainerReportHandler.java:updateContainerState(145)) - Container #1 is in OPEN state, but the datanode fe2f4460-1173-45ac-8f62-3ccbe442b4a3{ip: 192.168.157.254, host: pr-hdds-2343-5q8j9-3338874002, networkLocation: /default-rack, certSerialId: null} reports an CLOSED replica.
2019-10-22 00:03:57,573 [EventQueue-ContainerReportForContainerReportHandler] WARN  container.ContainerReportHandler (AbstractContainerReportHandler.java:updateContainerState(145)) - Container #1 is in OPEN state, but the datanode bec42651-2cde-4fcc-b688-684a384bc6fb{ip: 192.168.157.254, host: pr-hdds-2343-5q8j9-3338874002, networkLocation: /default-rack, certSerialId: null} reports an CLOSED replica.
2019-10-22 00:03:57,618 [EventQueue-ContainerReportForContainerReportHandler] WARN  container.ContainerReportHandler (AbstractContainerReportHandler.java:updateContainerState(145)) - Container #1 is in OPEN state, but the datanode fe2f4460-1173-45ac-8f62-3ccbe442b4a3{ip: 192.168.157.254, host: pr-hdds-2343-5q8j9-3338874002, networkLocation: /default-rack, certSerialId: null} reports an CLOSED replica.
2019-10-22 00:03:57,774 [EventQueue-ContainerReportForContainerReportHandler] WARN  container.ContainerReportHandler (AbstractContainerReportHandler.java:updateContainerState(145)) - Container #1 is in OPEN state, but the datanode bec42651-2cde-4fcc-b688-684a384bc6fb{ip: 192.168.157.254, host: pr-hdds-2343-5q8j9-3338874002, networkLocation: /default-rack, certSerialId: null} reports an CLOSED replica.
2019-10-22 00:03:57,918 [EventQueue-ContainerReportForContainerReportHandler] WARN  container.ContainerReportHandler (AbstractContainerReportHandler.java:updateContainerState(145)) - Container #1 is in OPEN state, but the datanode fe2f4460-1173-45ac-8f62-3ccbe442b4a3{ip: 192.168.157.254, host: pr-hdds-2343-5q8j9-3338874002, networkLocation: /default-rack, certSerialId: null} reports an CLOSED replica.
2019-10-22 00:03:57,993 [java.util.concurrent.ThreadPoolExecutor$Worker@1cc2f809[State = -1, empty queue]] WARN  server.GrpcLogAppender (GrpcLogAppender.java:timeoutAppendRequest(209)) - fe2f4460-1173-45ac-8f62-3ccbe442b4a3@group-452902F59078->0d315fbd-ade0-427f-8a57-9b8f4a7ccba2-GrpcLogAppender: appendEntries Timeout, request=fe2f4460-1173-45ac-8f62-3ccbe442b4a3->0d315fbd-ade0-427f-8a57-9b8f4a7ccba2#30-t4, previous=(t:4, i:10), leaderCommit=10, initializing? false, entries: <empty>
2019-10-22 00:03:58,118 [EventQueue-ContainerReportForContainerReportHandler] WARN  container.ContainerReportHandler (AbstractContainerReportHandler.java:updateContainerState(145)) - Container #1 is in OPEN state, but the datanode fe2f4460-1173-45ac-8f62-3ccbe442b4a3{ip: 192.168.157.254, host: pr-hdds-2343-5q8j9-3338874002, networkLocation: /default-rack, certSerialId: null} reports an CLOSED replica.
2019-10-22 00:03:58,138 [BlockDeletingService#2] WARN  background.BlockDeletingService (BlockDeletingService.java:isDeletionAllowed(187)) - Close Container log Index 6 is not replicated across allthe servers in the pipeline c00d4cd3-293b-4d2c-9f2c-452902f59078 as the min replicated index is 4. Deletion is not allowed in this container yet.
2019-10-22 00:03:58,138 [BlockDeletingService#2] WARN  background.BlockDeletingService (BlockDeletingService.java:isDeletionAllowed(187)) - Close Container log Index 6 is not replicated across allthe servers in the pipeline c00d4cd3-293b-4d2c-9f2c-452902f59078 as the min replicated index is 4. Deletion is not allowed in this container yet.
2019-10-22 00:03:58,173 [EventQueue-ContainerReportForContainerReportHandler] WARN  container.ContainerReportHandler (AbstractContainerReportHandler.java:updateContainerState(145)) - Container #1 is in OPEN state, but the datanode bec42651-2cde-4fcc-b688-684a384bc6fb{ip: 192.168.157.254, host: pr-hdds-2343-5q8j9-3338874002, networkLocation: /default-rack, certSerialId: null} reports an CLOSED replica.
2019-10-22 00:03:58,518 [EventQueue-ContainerReportForContainerReportHandler] WARN  container.ContainerReportHandler (AbstractContainerReportHandler.java:updateContainerState(145)) - Container #1 is in OPEN state, but the datanode fe2f4460-1173-45ac-8f62-3ccbe442b4a3{ip: 192.168.157.254, host: pr-hdds-2343-5q8j9-3338874002, networkLocation: /default-rack, certSerialId: null} reports an CLOSED replica.
2019-10-22 00:03:58,574 [EventQueue-ContainerReportForContainerReportHandler] WARN  container.ContainerReportHandler (AbstractContainerReportHandler.java:updateContainerState(145)) - Container #1 is in OPEN state, but the datanode bec42651-2cde-4fcc-b688-684a384bc6fb{ip: 192.168.157.254, host: pr-hdds-2343-5q8j9-3338874002, networkLocation: /default-rack, certSerialId: null} reports an CLOSED replica.
2019-10-22 00:03:58,874 [EventQueue-ContainerReportForContainerReportHandler] WARN  container.ContainerReportHandler (AbstractContainerReportHandler.java:updateContainerState(145)) - Container #1 is in OPEN state, but the datanode bec42651-2cde-4fcc-b688-684a384bc6fb{ip: 192.168.157.254, host: pr-hdds-2343-5q8j9-3338874002, networkLocation: /default-rack, certSerialId: null} reports an CLOSED replica.
2019-10-22 00:03:58,918 [EventQueue-ContainerReportForContainerReportHandler] WARN  container.ContainerReportHandler (AbstractContainerReportHandler.java:updateContainerState(145)) - Container #1 is in OPEN state, but the datanode fe2f4460-1173-45ac-8f62-3ccbe442b4a3{ip: 192.168.157.254, host: pr-hdds-2343-5q8j9-3338874002, networkLocation: /default-rack, certSerialId: null} reports an CLOSED replica.
2019-10-22 00:03:59,075 [EventQueue-ContainerReportForContainerReportHandler] WARN  container.ContainerReportHandler (AbstractContainerReportHandler.java:updateContainerState(145)) - Container #1 is in OPEN state, but the datanode bec42651-2cde-4fcc-b688-684a384bc6fb{ip: 192.168.157.254, host: pr-hdds-2343-5q8j9-3338874002, networkLocation: /default-rack, certSerialId: null} reports an CLOSED replica.
2019-10-22 00:03:59,139 [BlockDeletingService#2] WARN  background.BlockDeletingService (BlockDeletingService.java:isDeletionAllowed(187)) - Close Container log Index 6 is not replicated across allthe servers in the pipeline c00d4cd3-293b-4d2c-9f2c-452902f59078 as the min replicated index is 4. Deletion is not allowed in this container yet.
2019-10-22 00:03:59,140 [BlockDeletingService#2] WARN  background.BlockDeletingService (BlockDeletingService.java:isDeletionAllowed(187)) - Close Container log Index 6 is not replicated across allthe servers in the pipeline c00d4cd3-293b-4d2c-9f2c-452902f59078 as the min replicated index is 4. Deletion is not allowed in this container yet.
2019-10-22 00:03:59,318 [EventQueue-ContainerReportForContainerReportHandler] WARN  container.ContainerReportHandler (AbstractContainerReportHandler.java:updateContainerState(145)) - Container #1 is in OPEN state, but the datanode fe2f4460-1173-45ac-8f62-3ccbe442b4a3{ip: 192.168.157.254, host: pr-hdds-2343-5q8j9-3338874002, networkLocation: /default-rack, certSerialId: null} reports an CLOSED replica.
2019-10-22 00:03:59,374 [EventQueue-ContainerReportForContainerReportHandler] WARN  container.ContainerReportHandler (AbstractContainerReportHandler.java:updateContainerState(145)) - Container #1 is in OPEN state, but the datanode bec42651-2cde-4fcc-b688-684a384bc6fb{ip: 192.168.157.254, host: pr-hdds-2343-5q8j9-3338874002, networkLocation: /default-rack, certSerialId: null} reports an CLOSED replica.
2019-10-22 00:03:59,541 [Thread-394] INFO  client.GrpcClientProtocolService (GrpcClientProtocolService.java:lambda$processClientRequest$0(278)) - Failed RaftClientRequest:client-06600EE78844->bec42651-2cde-4fcc-b688-684a384bc6fb@group-452902F59078, cid=10, seq=0, Watch-ALL_COMMITTED(6), Message:<EMPTY>, reply=RaftClientReply:client-06600EE78844->bec42651-2cde-4fcc-b688-684a384bc6fb@group-452902F59078, cid=10, FAILED org.apache.ratis.protocol.NotLeaderException: Server bec42651-2cde-4fcc-b688-684a384bc6fb@group-452902F59078 is not the leader fe2f4460-1173-45ac-8f62-3ccbe442b4a3:192.168.157.254:43148, logIndex=0, commits[bec42651-2cde-4fcc-b688-684a384bc6fb:c10, fe2f4460-1173-45ac-8f62-3ccbe442b4a3:c10, 0d315fbd-ade0-427f-8a57-9b8f4a7ccba2:c4]
2019-10-22 00:03:59,619 [EventQueue-ContainerReportForContainerReportHandler] WARN  container.ContainerReportHandler (AbstractContainerReportHandler.java:updateContainerState(145)) - Container #1 is in OPEN state, but the datanode fe2f4460-1173-45ac-8f62-3ccbe442b4a3{ip: 192.168.157.254, host: pr-hdds-2343-5q8j9-3338874002, networkLocation: /default-rack, certSerialId: null} reports an CLOSED replica.
2019-10-22 00:03:59,674 [EventQueue-ContainerReportForContainerReportHandler] WARN  container.ContainerReportHandler (AbstractContainerReportHandler.java:updateContainerState(145)) - Container #1 is in OPEN state, but the datanode bec42651-2cde-4fcc-b688-684a384bc6fb{ip: 192.168.157.254, host: pr-hdds-2343-5q8j9-3338874002, networkLocation: /default-rack, certSerialId: null} reports an CLOSED replica.
2019-10-22 00:03:59,919 [EventQueue-ContainerReportForContainerReportHandler] WARN  container.ContainerReportHandler (AbstractContainerReportHandler.java:updateContainerState(145)) - Container #1 is in OPEN state, but the datanode fe2f4460-1173-45ac-8f62-3ccbe442b4a3{ip: 192.168.157.254, host: pr-hdds-2343-5q8j9-3338874002, networkLocation: /default-rack, certSerialId: null} reports an CLOSED replica.
2019-10-22 00:03:59,974 [EventQueue-ContainerReportForContainerReportHandler] WARN  container.ContainerReportHandler (AbstractContainerReportHandler.java:updateContainerState(145)) - Container #1 is in OPEN state, but the datanode bec42651-2cde-4fcc-b688-684a384bc6fb{ip: 192.168.157.254, host: pr-hdds-2343-5q8j9-3338874002, networkLocation: /default-rack, certSerialId: null} reports an CLOSED replica.
2019-10-22 00:04:00,141 [BlockDeletingService#2] WARN  background.BlockDeletingService (BlockDeletingService.java:isDeletionAllowed(187)) - Close Container log Index 6 is not replicated across allthe servers in the pipeline c00d4cd3-293b-4d2c-9f2c-452902f59078 as the min replicated index is 4. Deletion is not allowed in this container yet.
2019-10-22 00:04:00,144 [BlockDeletingService#2] WARN  background.BlockDeletingService (BlockDeletingService.java:isDeletionAllowed(187)) - Close Container log Index 6 is not replicated across allthe servers in the pipeline c00d4cd3-293b-4d2c-9f2c-452902f59078 as the min replicated index is 4. Deletion is not allowed in this container yet.
2019-10-22 00:04:00,219 [EventQueue-ContainerReportForContainerReportHandler] WARN  container.ContainerReportHandler (AbstractContainerReportHandler.java:updateContainerState(145)) - Container #1 is in OPEN state, but the datanode fe2f4460-1173-45ac-8f62-3ccbe442b4a3{ip: 192.168.157.254, host: pr-hdds-2343-5q8j9-3338874002, networkLocation: /default-rack, certSerialId: null} reports an CLOSED replica.
2019-10-22 00:04:00,274 [EventQueue-ContainerReportForContainerReportHandler] WARN  container.ContainerReportHandler (AbstractContainerReportHandler.java:updateContainerState(145)) - Container #1 is in OPEN state, but the datanode bec42651-2cde-4fcc-b688-684a384bc6fb{ip: 192.168.157.254, host: pr-hdds-2343-5q8j9-3338874002, networkLocation: /default-rack, certSerialId: null} reports an CLOSED replica.
2019-10-22 00:04:00,419 [EventQueue-ContainerReportForContainerReportHandler] WARN  container.ContainerReportHandler (AbstractContainerReportHandler.java:updateContainerState(145)) - Container #1 is in OPEN state, but the datanode fe2f4460-1173-45ac-8f62-3ccbe442b4a3{ip: 192.168.157.254, host: pr-hdds-2343-5q8j9-3338874002, networkLocation: /default-rack, certSerialId: null} reports an CLOSED replica.
2019-10-22 00:04:00,493 [java.util.concurrent.ThreadPoolExecutor$Worker@1cc2f809[State = -1, empty queue]] WARN  server.GrpcLogAppender (GrpcLogAppender.java:timeoutAppendRequest(209)) - fe2f4460-1173-45ac-8f62-3ccbe442b4a3@group-452902F59078->0d315fbd-ade0-427f-8a57-9b8f4a7ccba2-GrpcLogAppender: appendEntries Timeout, request=fe2f4460-1173-45ac-8f62-3ccbe442b4a3->0d315fbd-ade0-427f-8a57-9b8f4a7ccba2#31-t4, previous=(t:4, i:10), leaderCommit=10, initializing? false, entries: <empty>
2019-10-22 00:04:00,584 [Thread-401] INFO  client.GrpcClientProtocolService (GrpcClientProtocolService.java:lambda$processClientRequest$0(278)) - Failed RaftClientRequest:client-06600EE78844->fe2f4460-1173-45ac-8f62-3ccbe442b4a3@group-452902F59078, cid=10, seq=0, Watch-ALL_COMMITTED(6), Message:<EMPTY>, reply=RaftClientReply:client-06600EE78844->fe2f4460-1173-45ac-8f62-3ccbe442b4a3@group-452902F59078, cid=10, FAILED org.apache.ratis.protocol.NotReplicatedException: Request with call Id 10 and log index 6 is not yet replicated to ALL_COMMITTED, logIndex=6, commits[fe2f4460-1173-45ac-8f62-3ccbe442b4a3:c10, bec42651-2cde-4fcc-b688-684a384bc6fb:c10, 0d315fbd-ade0-427f-8a57-9b8f4a7ccba2:c4]
2019-10-22 00:04:00,674 [EventQueue-ContainerReportForContainerReportHandler] WARN  container.ContainerReportHandler (AbstractContainerReportHandler.java:updateContainerState(145)) - Container #1 is in OPEN state, but the datanode bec42651-2cde-4fcc-b688-684a384bc6fb{ip: 192.168.157.254, host: pr-hdds-2343-5q8j9-3338874002, networkLocation: /default-rack, certSerialId: null} reports an CLOSED replica.
2019-10-22 00:04:00,719 [EventQueue-ContainerReportForContainerReportHandler] WARN  container.ContainerReportHandler (AbstractContainerReportHandler.java:updateContainerState(145)) - Container #1 is in OPEN state, but the datanode fe2f4460-1173-45ac-8f62-3ccbe442b4a3{ip: 192.168.157.254, host: pr-hdds-2343-5q8j9-3338874002, networkLocation: /default-rack, certSerialId: null} reports an CLOSED replica.
2019-10-22 00:04:00,874 [EventQueue-ContainerReportForContainerReportHandler] WARN  container.ContainerReportHandler (AbstractContainerReportHandler.java:updateContainerState(145)) - Container #1 is in OPEN state, but the datanode bec42651-2cde-4fcc-b688-684a384bc6fb{ip: 192.168.157.254, host: pr-hdds-2343-5q8j9-3338874002, networkLocation: /default-rack, certSerialId: null} reports an CLOSED replica.
2019-10-22 00:04:01,119 [EventQueue-ContainerReportForContainerReportHandler] WARN  container.ContainerReportHandler (AbstractContainerReportHandler.java:updateContainerState(145)) - Container #1 is in OPEN state, but the datanode fe2f4460-1173-45ac-8f62-3ccbe442b4a3{ip: 192.168.157.254, host: pr-hdds-2343-5q8j9-3338874002, networkLocation: /default-rack, certSerialId: null} reports an CLOSED replica.
2019-10-22 00:04:01,146 [BlockDeletingService#2] WARN  background.BlockDeletingService (BlockDeletingService.java:isDeletionAllowed(187)) - Close Container log Index 6 is not replicated across allthe servers in the pipeline c00d4cd3-293b-4d2c-9f2c-452902f59078 as the min replicated index is 4. Deletion is not allowed in this container yet.
2019-10-22 00:04:01,147 [BlockDeletingService#2] WARN  background.BlockDeletingService (BlockDeletingService.java:isDeletionAllowed(187)) - Close Container log Index 6 is not replicated across allthe servers in the pipeline c00d4cd3-293b-4d2c-9f2c-452902f59078 as the min replicated index is 4. Deletion is not allowed in this container yet.
2019-10-22 00:04:01,274 [EventQueue-ContainerReportForContainerReportHandler] WARN  container.ContainerReportHandler (AbstractContainerReportHandler.java:updateContainerState(145)) - Container #1 is in OPEN state, but the datanode bec42651-2cde-4fcc-b688-684a384bc6fb{ip: 192.168.157.254, host: pr-hdds-2343-5q8j9-3338874002, networkLocation: /default-rack, certSerialId: null} reports an CLOSED replica.
2019-10-22 00:04:01,419 [EventQueue-ContainerReportForContainerReportHandler] WARN  container.ContainerReportHandler (AbstractContainerReportHandler.java:updateContainerState(145)) - Container #1 is in OPEN state, but the datanode fe2f4460-1173-45ac-8f62-3ccbe442b4a3{ip: 192.168.157.254, host: pr-hdds-2343-5q8j9-3338874002, networkLocation: /default-rack, certSerialId: null} reports an CLOSED replica.
2019-10-22 00:04:01,574 [EventQueue-ContainerReportForContainerReportHandler] WARN  container.ContainerReportHandler (AbstractContainerReportHandler.java:updateContainerState(145)) - Container #1 is in OPEN state, but the datanode bec42651-2cde-4fcc-b688-684a384bc6fb{ip: 192.168.157.254, host: pr-hdds-2343-5q8j9-3338874002, networkLocation: /default-rack, certSerialId: null} reports an CLOSED replica.
2019-10-22 00:04:01,819 [EventQueue-ContainerReportForContainerReportHandler] WARN  container.ContainerReportHandler (AbstractContainerReportHandler.java:updateContainerState(145)) - Container #1 is in OPEN state, but the datanode fe2f4460-1173-45ac-8f62-3ccbe442b4a3{ip: 192.168.157.254, host: pr-hdds-2343-5q8j9-3338874002, networkLocation: /default-rack, certSerialId: null} reports an CLOSED replica.
2019-10-22 00:04:01,874 [EventQueue-ContainerReportForContainerReportHandler] WARN  container.ContainerReportHandler (AbstractContainerReportHandler.java:updateContainerState(145)) - Container #1 is in OPEN state, but the datanode bec42651-2cde-4fcc-b688-684a384bc6fb{ip: 192.168.157.254, host: pr-hdds-2343-5q8j9-3338874002, networkLocation: /default-rack, certSerialId: null} reports an CLOSED replica.
2019-10-22 00:04:02,119 [EventQueue-ContainerReportForContainerReportHandler] WARN  container.ContainerReportHandler (AbstractContainerReportHandler.java:updateContainerState(145)) - Container #1 is in OPEN state, but the datanode fe2f4460-1173-45ac-8f62-3ccbe442b4a3{ip: 192.168.157.254, host: pr-hdds-2343-5q8j9-3338874002, networkLocation: /default-rack, certSerialId: null} reports an CLOSED replica.
2019-10-22 00:04:02,149 [BlockDeletingService#2] WARN  background.BlockDeletingService (BlockDeletingService.java:isDeletionAllowed(187)) - Close Container log Index 6 is not replicated across allthe servers in the pipeline c00d4cd3-293b-4d2c-9f2c-452902f59078 as the min replicated index is 4. Deletion is not allowed in this container yet.
2019-10-22 00:04:02,149 [BlockDeletingService#2] WARN  background.BlockDeletingService (BlockDeletingService.java:isDeletionAllowed(187)) - Close Container log Index 6 is not replicated across allthe servers in the pipeline c00d4cd3-293b-4d2c-9f2c-452902f59078 as the min replicated index is 4. Deletion is not allowed in this container yet.
2019-10-22 00:04:02,174 [EventQueue-ContainerReportForContainerReportHandler] WARN  container.ContainerReportHandler (AbstractContainerReportHandler.java:updateContainerState(145)) - Container #1 is in OPEN state, but the datanode bec42651-2cde-4fcc-b688-684a384bc6fb{ip: 192.168.157.254, host: pr-hdds-2343-5q8j9-3338874002, networkLocation: /default-rack, certSerialId: null} reports an CLOSED replica.
2019-10-22 00:04:02,421 [EventQueue-ContainerReportForContainerReportHandler] WARN  container.ContainerReportHandler (AbstractContainerReportHandler.java:updateContainerState(145)) - Container #1 is in OPEN state, but the datanode fe2f4460-1173-45ac-8f62-3ccbe442b4a3{ip: 192.168.157.254, host: pr-hdds-2343-5q8j9-3338874002, networkLocation: /default-rack, certSerialId: null} reports an CLOSED replica.
2019-10-22 00:04:02,474 [EventQueue-ContainerReportForContainerReportHandler] WARN  container.ContainerReportHandler (AbstractContainerReportHandler.java:updateContainerState(145)) - Container #1 is in OPEN state, but the datanode bec42651-2cde-4fcc-b688-684a384bc6fb{ip: 192.168.157.254, host: pr-hdds-2343-5q8j9-3338874002, networkLocation: /default-rack, certSerialId: null} reports an CLOSED replica.
2019-10-22 00:04:02,621 [EventQueue-ContainerReportForContainerReportHandler] WARN  container.ContainerReportHandler (AbstractContainerReportHandler.java:updateContainerState(145)) - Container #1 is in OPEN state, but the datanode fe2f4460-1173-45ac-8f62-3ccbe442b4a3{ip: 192.168.157.254, host: pr-hdds-2343-5q8j9-3338874002, networkLocation: /default-rack, certSerialId: null} reports an CLOSED replica.
2019-10-22 00:04:02,675 [EventQueue-ContainerReportForContainerReportHandler] WARN  container.ContainerReportHandler (AbstractContainerReportHandler.java:updateContainerState(145)) - Container #1 is in OPEN state, but the datanode bec42651-2cde-4fcc-b688-684a384bc6fb{ip: 192.168.157.254, host: pr-hdds-2343-5q8j9-3338874002, networkLocation: /default-rack, certSerialId: null} reports an CLOSED replica.
2019-10-22 00:04:02,874 [EventQueue-ContainerReportForContainerReportHandler] WARN  container.ContainerReportHandler (AbstractContainerReportHandler.java:updateContainerState(145)) - Container #1 is in OPEN state, but the datanode bec42651-2cde-4fcc-b688-684a384bc6fb{ip: 192.168.157.254, host: pr-hdds-2343-5q8j9-3338874002, networkLocation: /default-rack, certSerialId: null} reports an CLOSED replica.
2019-10-22 00:04:02,920 [EventQueue-ContainerReportForContainerReportHandler] WARN  container.ContainerReportHandler (AbstractContainerReportHandler.java:updateContainerState(145)) - Container #1 is in OPEN state, but the datanode fe2f4460-1173-45ac-8f62-3ccbe442b4a3{ip: 192.168.157.254, host: pr-hdds-2343-5q8j9-3338874002, networkLocation: /default-rack, certSerialId: null} reports an CLOSED replica.
2019-10-22 00:04:02,994 [java.util.concurrent.ThreadPoolExecutor$Worker@1cc2f809[State = -1, empty queue]] WARN  server.GrpcLogAppender (GrpcLogAppender.java:timeoutAppendRequest(209)) - fe2f4460-1173-45ac-8f62-3ccbe442b4a3@group-452902F59078->0d315fbd-ade0-427f-8a57-9b8f4a7ccba2-GrpcLogAppender: appendEntries Timeout, request=fe2f4460-1173-45ac-8f62-3ccbe442b4a3->0d315fbd-ade0-427f-8a57-9b8f4a7ccba2#32-t4, previous=(t:4, i:10), leaderCommit=10, initializing? false, entries: <empty>
2019-10-22 00:04:03,075 [EventQueue-ContainerReportForContainerReportHandler] WARN  container.ContainerReportHandler (AbstractContainerReportHandler.java:updateContainerState(145)) - Container #1 is in OPEN state, but the datanode bec42651-2cde-4fcc-b688-684a384bc6fb{ip: 192.168.157.254, host: pr-hdds-2343-5q8j9-3338874002, networkLocation: /default-rack, certSerialId: null} reports an CLOSED replica.
2019-10-22 00:04:03,150 [BlockDeletingService#2] WARN  background.BlockDeletingService (BlockDeletingService.java:isDeletionAllowed(187)) - Close Container log Index 6 is not replicated across allthe servers in the pipeline c00d4cd3-293b-4d2c-9f2c-452902f59078 as the min replicated index is 4. Deletion is not allowed in this container yet.
2019-10-22 00:04:03,150 [BlockDeletingService#2] WARN  background.BlockDeletingService (BlockDeletingService.java:isDeletionAllowed(187)) - Close Container log Index 6 is not replicated across allthe servers in the pipeline c00d4cd3-293b-4d2c-9f2c-452902f59078 as the min replicated index is 4. Deletion is not allowed in this container yet.
2019-10-22 00:04:03,221 [EventQueue-ContainerReportForContainerReportHandler] WARN  container.ContainerReportHandler (AbstractContainerReportHandler.java:updateContainerState(145)) - Container #1 is in OPEN state, but the datanode fe2f4460-1173-45ac-8f62-3ccbe442b4a3{ip: 192.168.157.254, host: pr-hdds-2343-5q8j9-3338874002, networkLocation: /default-rack, certSerialId: null} reports an CLOSED replica.
2019-10-22 00:04:03,374 [EventQueue-ContainerReportForContainerReportHandler] WARN  container.ContainerReportHandler (AbstractContainerReportHandler.java:updateContainerState(145)) - Container #1 is in OPEN state, but the datanode bec42651-2cde-4fcc-b688-684a384bc6fb{ip: 192.168.157.254, host: pr-hdds-2343-5q8j9-3338874002, networkLocation: /default-rack, certSerialId: null} reports an CLOSED replica.
2019-10-22 00:04:03,421 [EventQueue-ContainerReportForContainerReportHandler] WARN  container.ContainerReportHandler (AbstractContainerReportHandler.java:updateContainerState(145)) - Container #1 is in OPEN state, but the datanode fe2f4460-1173-45ac-8f62-3ccbe442b4a3{ip: 192.168.157.254, host: pr-hdds-2343-5q8j9-3338874002, networkLocation: /default-rack, certSerialId: null} reports an CLOSED replica.
2019-10-22 00:04:03,576 [EventQueue-ContainerReportForContainerReportHandler] WARN  container.ContainerReportHandler (AbstractContainerReportHandler.java:updateContainerState(145)) - Container #1 is in OPEN state, but the datanode bec42651-2cde-4fcc-b688-684a384bc6fb{ip: 192.168.157.254, host: pr-hdds-2343-5q8j9-3338874002, networkLocation: /default-rack, certSerialId: null} reports an CLOSED replica.
2019-10-22 00:04:03,722 [EventQueue-ContainerReportForContainerReportHandler] WARN  container.ContainerReportHandler (AbstractContainerReportHandler.java:updateContainerState(145)) - Container #1 is in OPEN state, but the datanode fe2f4460-1173-45ac-8f62-3ccbe442b4a3{ip: 192.168.157.254, host: pr-hdds-2343-5q8j9-3338874002, networkLocation: /default-rack, certSerialId: null} reports an CLOSED replica.
2019-10-22 00:04:03,878 [EventQueue-ContainerReportForContainerReportHandler] WARN  container.ContainerReportHandler (AbstractContainerReportHandler.java:updateContainerState(145)) - Container #1 is in OPEN state, but the datanode bec42651-2cde-4fcc-b688-684a384bc6fb{ip: 192.168.157.254, host: pr-hdds-2343-5q8j9-3338874002, networkLocation: /default-rack, certSerialId: null} reports an CLOSED replica.
2019-10-22 00:04:03,921 [EventQueue-ContainerReportForContainerReportHandler] WARN  container.ContainerReportHandler (AbstractContainerReportHandler.java:updateContainerState(145)) - Container #1 is in OPEN state, but the datanode fe2f4460-1173-45ac-8f62-3ccbe442b4a3{ip: 192.168.157.254, host: pr-hdds-2343-5q8j9-3338874002, networkLocation: /default-rack, certSerialId: null} reports an CLOSED replica.
2019-10-22 00:04:04,153 [BlockDeletingService#2] WARN  background.BlockDeletingService (BlockDeletingService.java:isDeletionAllowed(187)) - Close Container log Index 6 is not replicated across allthe servers in the pipeline c00d4cd3-293b-4d2c-9f2c-452902f59078 as the min replicated index is 4. Deletion is not allowed in this container yet.
2019-10-22 00:04:04,153 [BlockDeletingService#2] WARN  background.BlockDeletingService (BlockDeletingService.java:isDeletionAllowed(187)) - Close Container log Index 6 is not replicated across allthe servers in the pipeline c00d4cd3-293b-4d2c-9f2c-452902f59078 as the min replicated index is 4. Deletion is not allowed in this container yet.
2019-10-22 00:04:04,179 [EventQueue-ContainerReportForContainerReportHandler] WARN  container.ContainerReportHandler (AbstractContainerReportHandler.java:updateContainerState(145)) - Container #1 is in OPEN state, but the datanode bec42651-2cde-4fcc-b688-684a384bc6fb{ip: 192.168.157.254, host: pr-hdds-2343-5q8j9-3338874002, networkLocation: /default-rack, certSerialId: null} reports an CLOSED replica.
2019-10-22 00:04:04,322 [EventQueue-ContainerReportForContainerReportHandler] WARN  container.ContainerReportHandler (AbstractContainerReportHandler.java:updateContainerState(145)) - Container #1 is in OPEN state, but the datanode fe2f4460-1173-45ac-8f62-3ccbe442b4a3{ip: 192.168.157.254, host: pr-hdds-2343-5q8j9-3338874002, networkLocation: /default-rack, certSerialId: null} reports an CLOSED replica.
2019-10-22 00:04:04,479 [EventQueue-ContainerReportForContainerReportHandler] WARN  container.ContainerReportHandler (AbstractContainerReportHandler.java:updateContainerState(145)) - Container #1 is in OPEN state, but the datanode bec42651-2cde-4fcc-b688-684a384bc6fb{ip: 192.168.157.254, host: pr-hdds-2343-5q8j9-3338874002, networkLocation: /default-rack, certSerialId: null} reports an CLOSED replica.
2019-10-22 00:04:04,722 [EventQueue-ContainerReportForContainerReportHandler] WARN  container.ContainerReportHandler (AbstractContainerReportHandler.java:updateContainerState(145)) - Container #1 is in OPEN state, but the datanode fe2f4460-1173-45ac-8f62-3ccbe442b4a3{ip: 192.168.157.254, host: pr-hdds-2343-5q8j9-3338874002, networkLocation: /default-rack, certSerialId: null} reports an CLOSED replica.
2019-10-22 00:04:04,780 [EventQueue-ContainerReportForContainerReportHandler] WARN  container.ContainerReportHandler (AbstractContainerReportHandler.java:updateContainerState(145)) - Container #1 is in OPEN state, but the datanode bec42651-2cde-4fcc-b688-684a384bc6fb{ip: 192.168.157.254, host: pr-hdds-2343-5q8j9-3338874002, networkLocation: /default-rack, certSerialId: null} reports an CLOSED replica.
2019-10-22 00:04:04,979 [EventQueue-ContainerReportForContainerReportHandler] WARN  container.ContainerReportHandler (AbstractContainerReportHandler.java:updateContainerState(145)) - Container #1 is in OPEN state, but the datanode bec42651-2cde-4fcc-b688-684a384bc6fb{ip: 192.168.157.254, host: pr-hdds-2343-5q8j9-3338874002, networkLocation: /default-rack, certSerialId: null} reports an CLOSED replica.
2019-10-22 00:04:05,023 [EventQueue-ContainerReportForContainerReportHandler] WARN  container.ContainerReportHandler (AbstractContainerReportHandler.java:updateContainerState(145)) - Container #1 is in OPEN state, but the datanode fe2f4460-1173-45ac-8f62-3ccbe442b4a3{ip: 192.168.157.254, host: pr-hdds-2343-5q8j9-3338874002, networkLocation: /default-rack, certSerialId: null} reports an CLOSED replica.
2019-10-22 00:04:05,155 [BlockDeletingService#2] WARN  background.BlockDeletingService (BlockDeletingService.java:isDeletionAllowed(187)) - Close Container log Index 6 is not replicated across allthe servers in the pipeline c00d4cd3-293b-4d2c-9f2c-452902f59078 as the min replicated index is 4. Deletion is not allowed in this container yet.
2019-10-22 00:04:05,155 [BlockDeletingService#2] WARN  background.BlockDeletingService (BlockDeletingService.java:isDeletionAllowed(187)) - Close Container log Index 6 is not replicated across allthe servers in the pipeline c00d4cd3-293b-4d2c-9f2c-452902f59078 as the min replicated index is 4. Deletion is not allowed in this container yet.
2019-10-22 00:04:05,224 [EventQueue-ContainerReportForContainerReportHandler] WARN  container.ContainerReportHandler (AbstractContainerReportHandler.java:updateContainerState(145)) - Container #1 is in OPEN state, but the datanode fe2f4460-1173-45ac-8f62-3ccbe442b4a3{ip: 192.168.157.254, host: pr-hdds-2343-5q8j9-3338874002, networkLocation: /default-rack, certSerialId: null} reports an CLOSED replica.
2019-10-22 00:04:05,279 [EventQueue-ContainerReportForContainerReportHandler] WARN  container.ContainerReportHandler (AbstractContainerReportHandler.java:updateContainerState(145)) - Container #1 is in OPEN state, but the datanode bec42651-2cde-4fcc-b688-684a384bc6fb{ip: 192.168.157.254, host: pr-hdds-2343-5q8j9-3338874002, networkLocation: /default-rack, certSerialId: null} reports an CLOSED replica.
2019-10-22 00:04:05,426 [EventQueue-ContainerReportForContainerReportHandler] WARN  container.ContainerReportHandler (AbstractContainerReportHandler.java:updateContainerState(145)) - Container #1 is in OPEN state, but the datanode fe2f4460-1173-45ac-8f62-3ccbe442b4a3{ip: 192.168.157.254, host: pr-hdds-2343-5q8j9-3338874002, networkLocation: /default-rack, certSerialId: null} reports an CLOSED replica.
2019-10-22 00:04:05,494 [java.util.concurrent.ThreadPoolExecutor$Worker@1cc2f809[State = -1, empty queue]] WARN  server.GrpcLogAppender (GrpcLogAppender.java:timeoutAppendRequest(209)) - fe2f4460-1173-45ac-8f62-3ccbe442b4a3@group-452902F59078->0d315fbd-ade0-427f-8a57-9b8f4a7ccba2-GrpcLogAppender: appendEntries Timeout, request=fe2f4460-1173-45ac-8f62-3ccbe442b4a3->0d315fbd-ade0-427f-8a57-9b8f4a7ccba2#33-t4, previous=(t:4, i:10), leaderCommit=10, initializing? false, entries: <empty>
2019-10-22 00:04:05,679 [EventQueue-ContainerReportForContainerReportHandler] WARN  container.ContainerReportHandler (AbstractContainerReportHandler.java:updateContainerState(145)) - Container #1 is in OPEN state, but the datanode bec42651-2cde-4fcc-b688-684a384bc6fb{ip: 192.168.157.254, host: pr-hdds-2343-5q8j9-3338874002, networkLocation: /default-rack, certSerialId: null} reports an CLOSED replica.
2019-10-22 00:04:05,725 [EventQueue-ContainerReportForContainerReportHandler] WARN  container.ContainerReportHandler (AbstractContainerReportHandler.java:updateContainerState(145)) - Container #1 is in OPEN state, but the datanode fe2f4460-1173-45ac-8f62-3ccbe442b4a3{ip: 192.168.157.254, host: pr-hdds-2343-5q8j9-3338874002, networkLocation: /default-rack, certSerialId: null} reports an CLOSED replica.
2019-10-22 00:04:05,979 [EventQueue-ContainerReportForContainerReportHandler] WARN  container.ContainerReportHandler (AbstractContainerReportHandler.java:updateContainerState(145)) - Container #1 is in OPEN state, but the datanode bec42651-2cde-4fcc-b688-684a384bc6fb{ip: 192.168.157.254, host: pr-hdds-2343-5q8j9-3338874002, networkLocation: /default-rack, certSerialId: null} reports an CLOSED replica.
2019-10-22 00:04:06,026 [EventQueue-ContainerReportForContainerReportHandler] WARN  container.ContainerReportHandler (AbstractContainerReportHandler.java:updateContainerState(145)) - Container #1 is in OPEN state, but the datanode fe2f4460-1173-45ac-8f62-3ccbe442b4a3{ip: 192.168.157.254, host: pr-hdds-2343-5q8j9-3338874002, networkLocation: /default-rack, certSerialId: null} reports an CLOSED replica.
2019-10-22 00:04:06,157 [BlockDeletingService#2] WARN  background.BlockDeletingService (BlockDeletingService.java:isDeletionAllowed(187)) - Close Container log Index 6 is not replicated across allthe servers in the pipeline c00d4cd3-293b-4d2c-9f2c-452902f59078 as the min replicated index is 4. Deletion is not allowed in this container yet.
2019-10-22 00:04:06,157 [BlockDeletingService#2] WARN  background.BlockDeletingService (BlockDeletingService.java:isDeletionAllowed(187)) - Close Container log Index 6 is not replicated across allthe servers in the pipeline c00d4cd3-293b-4d2c-9f2c-452902f59078 as the min replicated index is 4. Deletion is not allowed in this container yet.
2019-10-22 00:04:06,227 [EventQueue-ContainerReportForContainerReportHandler] WARN  container.ContainerReportHandler (AbstractContainerReportHandler.java:updateContainerState(145)) - Container #1 is in OPEN state, but the datanode fe2f4460-1173-45ac-8f62-3ccbe442b4a3{ip: 192.168.157.254, host: pr-hdds-2343-5q8j9-3338874002, networkLocation: /default-rack, certSerialId: null} reports an CLOSED replica.
2019-10-22 00:04:06,279 [EventQueue-ContainerReportForContainerReportHandler] WARN  container.ContainerReportHandler (AbstractContainerReportHandler.java:updateContainerState(145)) - Container #1 is in OPEN state, but the datanode bec42651-2cde-4fcc-b688-684a384bc6fb{ip: 192.168.157.254, host: pr-hdds-2343-5q8j9-3338874002, networkLocation: /default-rack, certSerialId: null} reports an CLOSED replica.
2019-10-22 00:04:06,527 [EventQueue-ContainerReportForContainerReportHandler] WARN  container.ContainerReportHandler (AbstractContainerReportHandler.java:updateContainerState(145)) - Container #1 is in OPEN state, but the datanode fe2f4460-1173-45ac-8f62-3ccbe442b4a3{ip: 192.168.157.254, host: pr-hdds-2343-5q8j9-3338874002, networkLocation: /default-rack, certSerialId: null} reports an CLOSED replica.
2019-10-22 00:04:06,579 [EventQueue-ContainerReportForContainerReportHandler] WARN  container.ContainerReportHandler (AbstractContainerReportHandler.java:updateContainerState(145)) - Container #1 is in OPEN state, but the datanode bec42651-2cde-4fcc-b688-684a384bc6fb{ip: 192.168.157.254, host: pr-hdds-2343-5q8j9-3338874002, networkLocation: /default-rack, certSerialId: null} reports an CLOSED replica.
2019-10-22 00:04:06,880 [EventQueue-ContainerReportForContainerReportHandler] WARN  container.ContainerReportHandler (AbstractContainerReportHandler.java:updateContainerState(145)) - Container #1 is in OPEN state, but the datanode bec42651-2cde-4fcc-b688-684a384bc6fb{ip: 192.168.157.254, host: pr-hdds-2343-5q8j9-3338874002, networkLocation: /default-rack, certSerialId: null} reports an CLOSED replica.
2019-10-22 00:04:06,927 [EventQueue-ContainerReportForContainerReportHandler] WARN  container.ContainerReportHandler (AbstractContainerReportHandler.java:updateContainerState(145)) - Container #1 is in OPEN state, but the datanode fe2f4460-1173-45ac-8f62-3ccbe442b4a3{ip: 192.168.157.254, host: pr-hdds-2343-5q8j9-3338874002, networkLocation: /default-rack, certSerialId: null} reports an CLOSED replica.
2019-10-22 00:04:07,127 [EventQueue-ContainerReportForContainerReportHandler] WARN  container.ContainerReportHandler (AbstractContainerReportHandler.java:updateContainerState(145)) - Container #1 is in OPEN state, but the datanode fe2f4460-1173-45ac-8f62-3ccbe442b4a3{ip: 192.168.157.254, host: pr-hdds-2343-5q8j9-3338874002, networkLocation: /default-rack, certSerialId: null} reports an CLOSED replica.
2019-10-22 00:04:07,158 [BlockDeletingService#2] WARN  background.BlockDeletingService (BlockDeletingService.java:isDeletionAllowed(187)) - Close Container log Index 6 is not replicated across allthe servers in the pipeline c00d4cd3-293b-4d2c-9f2c-452902f59078 as the min replicated index is 4. Deletion is not allowed in this container yet.
2019-10-22 00:04:07,158 [BlockDeletingService#2] WARN  background.BlockDeletingService (BlockDeletingService.java:isDeletionAllowed(187)) - Close Container log Index 6 is not replicated across allthe servers in the pipeline c00d4cd3-293b-4d2c-9f2c-452902f59078 as the min replicated index is 4. Deletion is not allowed in this container yet.
2019-10-22 00:04:07,280 [EventQueue-ContainerReportForContainerReportHandler] WARN  container.ContainerReportHandler (AbstractContainerReportHandler.java:updateContainerState(145)) - Container #1 is in OPEN state, but the datanode bec42651-2cde-4fcc-b688-684a384bc6fb{ip: 192.168.157.254, host: pr-hdds-2343-5q8j9-3338874002, networkLocation: /default-rack, certSerialId: null} reports an CLOSED replica.
2019-10-22 00:04:07,427 [EventQueue-ContainerReportForContainerReportHandler] WARN  container.ContainerReportHandler (AbstractContainerReportHandler.java:updateContainerState(145)) - Container #1 is in OPEN state, but the datanode fe2f4460-1173-45ac-8f62-3ccbe442b4a3{ip: 192.168.157.254, host: pr-hdds-2343-5q8j9-3338874002, networkLocation: /default-rack, certSerialId: null} reports an CLOSED replica.
2019-10-22 00:04:07,580 [EventQueue-ContainerReportForContainerReportHandler] WARN  container.ContainerReportHandler (AbstractContainerReportHandler.java:updateContainerState(145)) - Container #1 is in OPEN state, but the datanode bec42651-2cde-4fcc-b688-684a384bc6fb{ip: 192.168.157.254, host: pr-hdds-2343-5q8j9-3338874002, networkLocation: /default-rack, certSerialId: null} reports an CLOSED replica.
2019-10-22 00:04:07,627 [EventQueue-ContainerReportForContainerReportHandler] WARN  container.ContainerReportHandler (AbstractContainerReportHandler.java:updateContainerState(145)) - Container #1 is in OPEN state, but the datanode fe2f4460-1173-45ac-8f62-3ccbe442b4a3{ip: 192.168.157.254, host: pr-hdds-2343-5q8j9-3338874002, networkLocation: /default-rack, certSerialId: null} reports an CLOSED replica.
2019-10-22 00:04:07,880 [EventQueue-ContainerReportForContainerReportHandler] WARN  container.ContainerReportHandler (AbstractContainerReportHandler.java:updateContainerState(145)) - Container #1 is in OPEN state, but the datanode bec42651-2cde-4fcc-b688-684a384bc6fb{ip: 192.168.157.254, host: pr-hdds-2343-5q8j9-3338874002, networkLocation: /default-rack, certSerialId: null} reports an CLOSED replica.
2019-10-22 00:04:07,927 [EventQueue-ContainerReportForContainerReportHandler] WARN  container.ContainerReportHandler (AbstractContainerReportHandler.java:updateContainerState(145)) - Container #1 is in OPEN state, but the datanode fe2f4460-1173-45ac-8f62-3ccbe442b4a3{ip: 192.168.157.254, host: pr-hdds-2343-5q8j9-3338874002, networkLocation: /default-rack, certSerialId: null} reports an CLOSED replica.
2019-10-22 00:04:07,997 [java.util.concurrent.ThreadPoolExecutor$Worker@1cc2f809[State = -1, empty queue]] WARN  server.GrpcLogAppender (GrpcLogAppender.java:timeoutAppendRequest(209)) - fe2f4460-1173-45ac-8f62-3ccbe442b4a3@group-452902F59078->0d315fbd-ade0-427f-8a57-9b8f4a7ccba2-GrpcLogAppender: appendEntries Timeout, request=fe2f4460-1173-45ac-8f62-3ccbe442b4a3->0d315fbd-ade0-427f-8a57-9b8f4a7ccba2#34-t4, previous=(t:4, i:10), leaderCommit=10, initializing? false, entries: <empty>
2019-10-22 00:04:08,159 [BlockDeletingService#2] WARN  background.BlockDeletingService (BlockDeletingService.java:isDeletionAllowed(187)) - Close Container log Index 6 is not replicated across allthe servers in the pipeline c00d4cd3-293b-4d2c-9f2c-452902f59078 as the min replicated index is 4. Deletion is not allowed in this container yet.
2019-10-22 00:04:08,159 [BlockDeletingService#2] WARN  background.BlockDeletingService (BlockDeletingService.java:isDeletionAllowed(187)) - Close Container log Index 6 is not replicated across allthe servers in the pipeline c00d4cd3-293b-4d2c-9f2c-452902f59078 as the min replicated index is 4. Deletion is not allowed in this container yet.
2019-10-22 00:04:08,227 [EventQueue-ContainerReportForContainerReportHandler] WARN  container.ContainerReportHandler (AbstractContainerReportHandler.java:updateContainerState(145)) - Container #1 is in OPEN state, but the datanode fe2f4460-1173-45ac-8f62-3ccbe442b4a3{ip: 192.168.157.254, host: pr-hdds-2343-5q8j9-3338874002, networkLocation: /default-rack, certSerialId: null} reports an CLOSED replica.
2019-10-22 00:04:08,280 [EventQueue-ContainerReportForContainerReportHandler] WARN  container.ContainerReportHandler (AbstractContainerReportHandler.java:updateContainerState(145)) - Container #1 is in OPEN state, but the datanode bec42651-2cde-4fcc-b688-684a384bc6fb{ip: 192.168.157.254, host: pr-hdds-2343-5q8j9-3338874002, networkLocation: /default-rack, certSerialId: null} reports an CLOSED replica.
2019-10-22 00:04:08,528 [EventQueue-ContainerReportForContainerReportHandler] WARN  container.ContainerReportHandler (AbstractContainerReportHandler.java:updateContainerState(145)) - Container #1 is in OPEN state, but the datanode fe2f4460-1173-45ac-8f62-3ccbe442b4a3{ip: 192.168.157.254, host: pr-hdds-2343-5q8j9-3338874002, networkLocation: /default-rack, certSerialId: null} reports an CLOSED replica.
2019-10-22 00:04:08,680 [EventQueue-ContainerReportForContainerReportHandler] WARN  container.ContainerReportHandler (AbstractContainerReportHandler.java:updateContainerState(145)) - Container #1 is in OPEN state, but the datanode bec42651-2cde-4fcc-b688-684a384bc6fb{ip: 192.168.157.254, host: pr-hdds-2343-5q8j9-3338874002, networkLocation: /default-rack, certSerialId: null} reports an CLOSED replica.
2019-10-22 00:04:08,828 [EventQueue-ContainerReportForContainerReportHandler] WARN  container.ContainerReportHandler (AbstractContainerReportHandler.java:updateContainerState(145)) - Container #1 is in OPEN state, but the datanode fe2f4460-1173-45ac-8f62-3ccbe442b4a3{ip: 192.168.157.254, host: pr-hdds-2343-5q8j9-3338874002, networkLocation: /default-rack, certSerialId: null} reports an CLOSED replica.
2019-10-22 00:04:08,981 [EventQueue-ContainerReportForContainerReportHandler] WARN  container.ContainerReportHandler (AbstractContainerReportHandler.java:updateContainerState(145)) - Container #1 is in OPEN state, but the datanode bec42651-2cde-4fcc-b688-684a384bc6fb{ip: 192.168.157.254, host: pr-hdds-2343-5q8j9-3338874002, networkLocation: /default-rack, certSerialId: null} reports an CLOSED replica.
2019-10-22 00:04:09,029 [EventQueue-ContainerReportForContainerReportHandler] WARN  container.ContainerReportHandler (AbstractContainerReportHandler.java:updateContainerState(145)) - Container #1 is in OPEN state, but the datanode fe2f4460-1173-45ac-8f62-3ccbe442b4a3{ip: 192.168.157.254, host: pr-hdds-2343-5q8j9-3338874002, networkLocation: /default-rack, certSerialId: null} reports an CLOSED replica.
2019-10-22 00:04:09,161 [BlockDeletingService#2] WARN  background.BlockDeletingService (BlockDeletingService.java:isDeletionAllowed(187)) - Close Container log Index 6 is not replicated across allthe servers in the pipeline c00d4cd3-293b-4d2c-9f2c-452902f59078 as the min replicated index is 4. Deletion is not allowed in this container yet.
2019-10-22 00:04:09,161 [BlockDeletingService#2] WARN  background.BlockDeletingService (BlockDeletingService.java:isDeletionAllowed(187)) - Close Container log Index 6 is not replicated across allthe servers in the pipeline c00d4cd3-293b-4d2c-9f2c-452902f59078 as the min replicated index is 4. Deletion is not allowed in this container yet.
2019-10-22 00:04:09,229 [EventQueue-ContainerReportForContainerReportHandler] WARN  container.ContainerReportHandler (AbstractContainerReportHandler.java:updateContainerState(145)) - Container #1 is in OPEN state, but the datanode fe2f4460-1173-45ac-8f62-3ccbe442b4a3{ip: 192.168.157.254, host: pr-hdds-2343-5q8j9-3338874002, networkLocation: /default-rack, certSerialId: null} reports an CLOSED replica.
2019-10-22 00:04:09,381 [EventQueue-ContainerReportForContainerReportHandler] WARN  container.ContainerReportHandler (AbstractContainerReportHandler.java:updateContainerState(145)) - Container #1 is in OPEN state, but the datanode bec42651-2cde-4fcc-b688-684a384bc6fb{ip: 192.168.157.254, host: pr-hdds-2343-5q8j9-3338874002, networkLocation: /default-rack, certSerialId: null} reports an CLOSED replica.
2019-10-22 00:04:09,529 [EventQueue-ContainerReportForContainerReportHandler] WARN  container.ContainerReportHandler (AbstractContainerReportHandler.java:updateContainerState(145)) - Container #1 is in OPEN state, but the datanode fe2f4460-1173-45ac-8f62-3ccbe442b4a3{ip: 192.168.157.254, host: pr-hdds-2343-5q8j9-3338874002, networkLocation: /default-rack, certSerialId: null} reports an CLOSED replica.
2019-10-22 00:04:09,573 [Thread-427] INFO  client.GrpcClientProtocolService (GrpcClientProtocolService.java:lambda$processClientRequest$0(278)) - Failed RaftClientRequest:client-06600EE78844->bec42651-2cde-4fcc-b688-684a384bc6fb@group-452902F59078, cid=10, seq=0, Watch-ALL_COMMITTED(6), Message:<EMPTY>, reply=RaftClientReply:client-06600EE78844->bec42651-2cde-4fcc-b688-684a384bc6fb@group-452902F59078, cid=10, FAILED org.apache.ratis.protocol.NotLeaderException: Server bec42651-2cde-4fcc-b688-684a384bc6fb@group-452902F59078 is not the leader fe2f4460-1173-45ac-8f62-3ccbe442b4a3:192.168.157.254:43148, logIndex=0, commits[bec42651-2cde-4fcc-b688-684a384bc6fb:c10, fe2f4460-1173-45ac-8f62-3ccbe442b4a3:c10, 0d315fbd-ade0-427f-8a57-9b8f4a7ccba2:c4]
2019-10-22 00:04:09,582 [EventQueue-ContainerReportForContainerReportHandler] WARN  container.ContainerReportHandler (AbstractContainerReportHandler.java:updateContainerState(145)) - Container #1 is in OPEN state, but the datanode bec42651-2cde-4fcc-b688-684a384bc6fb{ip: 192.168.157.254, host: pr-hdds-2343-5q8j9-3338874002, networkLocation: /default-rack, certSerialId: null} reports an CLOSED replica.
2019-10-22 00:04:09,584 [Thread-430] INFO  client.GrpcClientProtocolService (GrpcClientProtocolService.java:lambda$processClientRequest$0(278)) - Failed RaftClientRequest:client-06600EE78844->fe2f4460-1173-45ac-8f62-3ccbe442b4a3@group-452902F59078, cid=10, seq=0, Watch-ALL_COMMITTED(6), Message:<EMPTY>, reply=RaftClientReply:client-06600EE78844->fe2f4460-1173-45ac-8f62-3ccbe442b4a3@group-452902F59078, cid=10, FAILED org.apache.ratis.protocol.NotReplicatedException: Request with call Id 10 and log index 6 is not yet replicated to ALL_COMMITTED, logIndex=6, commits[fe2f4460-1173-45ac-8f62-3ccbe442b4a3:c10, bec42651-2cde-4fcc-b688-684a384bc6fb:c10, 0d315fbd-ade0-427f-8a57-9b8f4a7ccba2:c4]
2019-10-22 00:04:09,881 [EventQueue-ContainerReportForContainerReportHandler] WARN  container.ContainerReportHandler (AbstractContainerReportHandler.java:updateContainerState(145)) - Container #1 is in OPEN state, but the datanode bec42651-2cde-4fcc-b688-684a384bc6fb{ip: 192.168.157.254, host: pr-hdds-2343-5q8j9-3338874002, networkLocation: /default-rack, certSerialId: null} reports an CLOSED replica.
2019-10-22 00:04:09,930 [EventQueue-ContainerReportForContainerReportHandler] WARN  container.ContainerReportHandler (AbstractContainerReportHandler.java:updateContainerState(145)) - Container #1 is in OPEN state, but the datanode fe2f4460-1173-45ac-8f62-3ccbe442b4a3{ip: 192.168.157.254, host: pr-hdds-2343-5q8j9-3338874002, networkLocation: /default-rack, certSerialId: null} reports an CLOSED replica.
2019-10-22 00:04:10,129 [EventQueue-ContainerReportForContainerReportHandler] WARN  container.ContainerReportHandler (AbstractContainerReportHandler.java:updateContainerState(145)) - Container #1 is in OPEN state, but the datanode fe2f4460-1173-45ac-8f62-3ccbe442b4a3{ip: 192.168.157.254, host: pr-hdds-2343-5q8j9-3338874002, networkLocation: /default-rack, certSerialId: null} reports an CLOSED replica.
2019-10-22 00:04:10,162 [BlockDeletingService#2] WARN  background.BlockDeletingService (BlockDeletingService.java:isDeletionAllowed(187)) - Close Container log Index 6 is not replicated across allthe servers in the pipeline c00d4cd3-293b-4d2c-9f2c-452902f59078 as the min replicated index is 4. Deletion is not allowed in this container yet.
2019-10-22 00:04:10,163 [BlockDeletingService#2] WARN  background.BlockDeletingService (BlockDeletingService.java:isDeletionAllowed(187)) - Close Container log Index 6 is not replicated across allthe servers in the pipeline c00d4cd3-293b-4d2c-9f2c-452902f59078 as the min replicated index is 4. Deletion is not allowed in this container yet.
2019-10-22 00:04:10,181 [EventQueue-ContainerReportForContainerReportHandler] WARN  container.ContainerReportHandler (AbstractContainerReportHandler.java:updateContainerState(145)) - Container #1 is in OPEN state, but the datanode bec42651-2cde-4fcc-b688-684a384bc6fb{ip: 192.168.157.254, host: pr-hdds-2343-5q8j9-3338874002, networkLocation: /default-rack, certSerialId: null} reports an CLOSED replica.
2019-10-22 00:04:10,381 [EventQueue-ContainerReportForContainerReportHandler] WARN  container.ContainerReportHandler (AbstractContainerReportHandler.java:updateContainerState(145)) - Container #1 is in OPEN state, but the datanode bec42651-2cde-4fcc-b688-684a384bc6fb{ip: 192.168.157.254, host: pr-hdds-2343-5q8j9-3338874002, networkLocation: /default-rack, certSerialId: null} reports an CLOSED replica.
2019-10-22 00:04:10,498 [java.util.concurrent.ThreadPoolExecutor$Worker@1cc2f809[State = -1, empty queue]] WARN  server.GrpcLogAppender (GrpcLogAppender.java:timeoutAppendRequest(209)) - fe2f4460-1173-45ac-8f62-3ccbe442b4a3@group-452902F59078->0d315fbd-ade0-427f-8a57-9b8f4a7ccba2-GrpcLogAppender: appendEntries Timeout, request=fe2f4460-1173-45ac-8f62-3ccbe442b4a3->0d315fbd-ade0-427f-8a57-9b8f4a7ccba2#35-t4, previous=(t:4, i:10), leaderCommit=10, initializing? false, entries: <empty>
2019-10-22 00:04:10,529 [EventQueue-ContainerReportForContainerReportHandler] WARN  container.ContainerReportHandler (AbstractContainerReportHandler.java:updateContainerState(145)) - Container #1 is in OPEN state, but the datanode fe2f4460-1173-45ac-8f62-3ccbe442b4a3{ip: 192.168.157.254, host: pr-hdds-2343-5q8j9-3338874002, networkLocation: /default-rack, certSerialId: null} reports an CLOSED replica.
2019-10-22 00:04:10,682 [EventQueue-ContainerReportForContainerReportHandler] WARN  container.ContainerReportHandler (AbstractContainerReportHandler.java:updateContainerState(145)) - Container #1 is in OPEN state, but the datanode bec42651-2cde-4fcc-b688-684a384bc6fb{ip: 192.168.157.254, host: pr-hdds-2343-5q8j9-3338874002, networkLocation: /default-rack, certSerialId: null} reports an CLOSED replica.
2019-10-22 00:04:10,829 [EventQueue-ContainerReportForContainerReportHandler] WARN  container.ContainerReportHandler (AbstractContainerReportHandler.java:updateContainerState(145)) - Container #1 is in OPEN state, but the datanode fe2f4460-1173-45ac-8f62-3ccbe442b4a3{ip: 192.168.157.254, host: pr-hdds-2343-5q8j9-3338874002, networkLocation: /default-rack, certSerialId: null} reports an CLOSED replica.
2019-10-22 00:04:10,981 [EventQueue-ContainerReportForContainerReportHandler] WARN  container.ContainerReportHandler (AbstractContainerReportHandler.java:updateContainerState(145)) - Container #1 is in OPEN state, but the datanode bec42651-2cde-4fcc-b688-684a384bc6fb{ip: 192.168.157.254, host: pr-hdds-2343-5q8j9-3338874002, networkLocation: /default-rack, certSerialId: null} reports an CLOSED replica.
2019-10-22 00:04:11,029 [EventQueue-ContainerReportForContainerReportHandler] WARN  container.ContainerReportHandler (AbstractContainerReportHandler.java:updateContainerState(145)) - Container #1 is in OPEN state, but the datanode fe2f4460-1173-45ac-8f62-3ccbe442b4a3{ip: 192.168.157.254, host: pr-hdds-2343-5q8j9-3338874002, networkLocation: /default-rack, certSerialId: null} reports an CLOSED replica.
2019-10-22 00:04:11,165 [BlockDeletingService#2] WARN  background.BlockDeletingService (BlockDeletingService.java:isDeletionAllowed(187)) - Close Container log Index 6 is not replicated across allthe servers in the pipeline c00d4cd3-293b-4d2c-9f2c-452902f59078 as the min replicated index is 4. Deletion is not allowed in this container yet.
2019-10-22 00:04:11,165 [BlockDeletingService#2] WARN  background.BlockDeletingService (BlockDeletingService.java:isDeletionAllowed(187)) - Close Container log Index 6 is not replicated across allthe servers in the pipeline c00d4cd3-293b-4d2c-9f2c-452902f59078 as the min replicated index is 4. Deletion is not allowed in this container yet.
2019-10-22 00:04:11,281 [EventQueue-ContainerReportForContainerReportHandler] WARN  container.ContainerReportHandler (AbstractContainerReportHandler.java:updateContainerState(145)) - Container #1 is in OPEN state, but the datanode bec42651-2cde-4fcc-b688-684a384bc6fb{ip: 192.168.157.254, host: pr-hdds-2343-5q8j9-3338874002, networkLocation: /default-rack, certSerialId: null} reports an CLOSED replica.
2019-10-22 00:04:11,330 [EventQueue-ContainerReportForContainerReportHandler] WARN  container.ContainerReportHandler (AbstractContainerReportHandler.java:updateContainerState(145)) - Container #1 is in OPEN state, but the datanode fe2f4460-1173-45ac-8f62-3ccbe442b4a3{ip: 192.168.157.254, host: pr-hdds-2343-5q8j9-3338874002, networkLocation: /default-rack, certSerialId: null} reports an CLOSED replica.
2019-10-22 00:04:11,582 [EventQueue-ContainerReportForContainerReportHandler] WARN  container.ContainerReportHandler (AbstractContainerReportHandler.java:updateContainerState(145)) - Container #1 is in OPEN state, but the datanode bec42651-2cde-4fcc-b688-684a384bc6fb{ip: 192.168.157.254, host: pr-hdds-2343-5q8j9-3338874002, networkLocation: /default-rack, certSerialId: null} reports an CLOSED replica.
2019-10-22 00:04:11,729 [EventQueue-ContainerReportForContainerReportHandler] WARN  container.ContainerReportHandler (AbstractContainerReportHandler.java:updateContainerState(145)) - Container #1 is in OPEN state, but the datanode fe2f4460-1173-45ac-8f62-3ccbe442b4a3{ip: 192.168.157.254, host: pr-hdds-2343-5q8j9-3338874002, networkLocation: /default-rack, certSerialId: null} reports an CLOSED replica.
2019-10-22 00:04:11,883 [EventQueue-ContainerReportForContainerReportHandler] WARN  container.ContainerReportHandler (AbstractContainerReportHandler.java:updateContainerState(145)) - Container #1 is in OPEN state, but the datanode bec42651-2cde-4fcc-b688-684a384bc6fb{ip: 192.168.157.254, host: pr-hdds-2343-5q8j9-3338874002, networkLocation: /default-rack, certSerialId: null} reports an CLOSED replica.
2019-10-22 00:04:12,029 [EventQueue-ContainerReportForContainerReportHandler] WARN  container.ContainerReportHandler (AbstractContainerReportHandler.java:updateContainerState(145)) - Container #1 is in OPEN state, but the datanode fe2f4460-1173-45ac-8f62-3ccbe442b4a3{ip: 192.168.157.254, host: pr-hdds-2343-5q8j9-3338874002, networkLocation: /default-rack, certSerialId: null} reports an CLOSED replica.
2019-10-22 00:04:12,174 [BlockDeletingService#2] WARN  background.BlockDeletingService (BlockDeletingService.java:isDeletionAllowed(187)) - Close Container log Index 6 is not replicated across allthe servers in the pipeline c00d4cd3-293b-4d2c-9f2c-452902f59078 as the min replicated index is 4. Deletion is not allowed in this container yet.
2019-10-22 00:04:12,174 [BlockDeletingService#2] WARN  background.BlockDeletingService (BlockDeletingService.java:isDeletionAllowed(187)) - Close Container log Index 6 is not replicated across allthe servers in the pipeline c00d4cd3-293b-4d2c-9f2c-452902f59078 as the min replicated index is 4. Deletion is not allowed in this container yet.
2019-10-22 00:04:12,184 [EventQueue-ContainerReportForContainerReportHandler] WARN  container.ContainerReportHandler (AbstractContainerReportHandler.java:updateContainerState(145)) - Container #1 is in OPEN state, but the datanode bec42651-2cde-4fcc-b688-684a384bc6fb{ip: 192.168.157.254, host: pr-hdds-2343-5q8j9-3338874002, networkLocation: /default-rack, certSerialId: null} reports an CLOSED replica.
2019-10-22 00:04:12,329 [EventQueue-ContainerReportForContainerReportHandler] WARN  container.ContainerReportHandler (AbstractContainerReportHandler.java:updateContainerState(145)) - Container #1 is in OPEN state, but the datanode fe2f4460-1173-45ac-8f62-3ccbe442b4a3{ip: 192.168.157.254, host: pr-hdds-2343-5q8j9-3338874002, networkLocation: /default-rack, certSerialId: null} reports an CLOSED replica.
2019-10-22 00:04:12,382 [EventQueue-ContainerReportForContainerReportHandler] WARN  container.ContainerReportHandler (AbstractContainerReportHandler.java:updateContainerState(145)) - Container #1 is in OPEN state, but the datanode bec42651-2cde-4fcc-b688-684a384bc6fb{ip: 192.168.157.254, host: pr-hdds-2343-5q8j9-3338874002, networkLocation: /default-rack, certSerialId: null} reports an CLOSED replica.
2019-10-22 00:04:12,629 [EventQueue-ContainerReportForContainerReportHandler] WARN  container.ContainerReportHandler (AbstractContainerReportHandler.java:updateContainerState(145)) - Container #1 is in OPEN state, but the datanode fe2f4460-1173-45ac-8f62-3ccbe442b4a3{ip: 192.168.157.254, host: pr-hdds-2343-5q8j9-3338874002, networkLocation: /default-rack, certSerialId: null} reports an CLOSED replica.
2019-10-22 00:04:12,682 [EventQueue-ContainerReportForContainerReportHandler] WARN  container.ContainerReportHandler (AbstractContainerReportHandler.java:updateContainerState(145)) - Container #1 is in OPEN state, but the datanode bec42651-2cde-4fcc-b688-684a384bc6fb{ip: 192.168.157.254, host: pr-hdds-2343-5q8j9-3338874002, networkLocation: /default-rack, certSerialId: null} reports an CLOSED replica.
2019-10-22 00:04:12,930 [EventQueue-ContainerReportForContainerReportHandler] WARN  container.ContainerReportHandler (AbstractContainerReportHandler.java:updateContainerState(145)) - Container #1 is in OPEN state, but the datanode fe2f4460-1173-45ac-8f62-3ccbe442b4a3{ip: 192.168.157.254, host: pr-hdds-2343-5q8j9-3338874002, networkLocation: /default-rack, certSerialId: null} reports an CLOSED replica.
2019-10-22 00:04:12,983 [EventQueue-ContainerReportForContainerReportHandler] WARN  container.ContainerReportHandler (AbstractContainerReportHandler.java:updateContainerState(145)) - Container #1 is in OPEN state, but the datanode bec42651-2cde-4fcc-b688-684a384bc6fb{ip: 192.168.157.254, host: pr-hdds-2343-5q8j9-3338874002, networkLocation: /default-rack, certSerialId: null} reports an CLOSED replica.
2019-10-22 00:04:12,999 [java.util.concurrent.ThreadPoolExecutor$Worker@1cc2f809[State = -1, empty queue]] WARN  server.GrpcLogAppender (GrpcLogAppender.java:timeoutAppendRequest(209)) - fe2f4460-1173-45ac-8f62-3ccbe442b4a3@group-452902F59078->0d315fbd-ade0-427f-8a57-9b8f4a7ccba2-GrpcLogAppender: appendEntries Timeout, request=fe2f4460-1173-45ac-8f62-3ccbe442b4a3->0d315fbd-ade0-427f-8a57-9b8f4a7ccba2#36-t4, previous=(t:4, i:10), leaderCommit=10, initializing? false, entries: <empty>
2019-10-22 00:04:13,130 [EventQueue-ContainerReportForContainerReportHandler] WARN  container.ContainerReportHandler (AbstractContainerReportHandler.java:updateContainerState(145)) - Container #1 is in OPEN state, but the datanode fe2f4460-1173-45ac-8f62-3ccbe442b4a3{ip: 192.168.157.254, host: pr-hdds-2343-5q8j9-3338874002, networkLocation: /default-rack, certSerialId: null} reports an CLOSED replica.
2019-10-22 00:04:13,176 [BlockDeletingService#8] WARN  background.BlockDeletingService (BlockDeletingService.java:isDeletionAllowed(187)) - Close Container log Index 6 is not replicated across allthe servers in the pipeline c00d4cd3-293b-4d2c-9f2c-452902f59078 as the min replicated index is 4. Deletion is not allowed in this container yet.
2019-10-22 00:04:13,176 [BlockDeletingService#2] WARN  background.BlockDeletingService (BlockDeletingService.java:isDeletionAllowed(187)) - Close Container log Index 6 is not replicated across allthe servers in the pipeline c00d4cd3-293b-4d2c-9f2c-452902f59078 as the min replicated index is 4. Deletion is not allowed in this container yet.
2019-10-22 00:04:13,283 [EventQueue-ContainerReportForContainerReportHandler] WARN  container.ContainerReportHandler (AbstractContainerReportHandler.java:updateContainerState(145)) - Container #1 is in OPEN state, but the datanode bec42651-2cde-4fcc-b688-684a384bc6fb{ip: 192.168.157.254, host: pr-hdds-2343-5q8j9-3338874002, networkLocation: /default-rack, certSerialId: null} reports an CLOSED replica.
2019-10-22 00:04:13,429 [EventQueue-ContainerReportForContainerReportHandler] WARN  container.ContainerReportHandler (AbstractContainerReportHandler.java:updateContainerState(145)) - Container #1 is in OPEN state, but the datanode fe2f4460-1173-45ac-8f62-3ccbe442b4a3{ip: 192.168.157.254, host: pr-hdds-2343-5q8j9-3338874002, networkLocation: /default-rack, certSerialId: null} reports an CLOSED replica.
2019-10-22 00:04:13,483 [EventQueue-ContainerReportForContainerReportHandler] WARN  container.ContainerReportHandler (AbstractContainerReportHandler.java:updateContainerState(145)) - Container #1 is in OPEN state, but the datanode bec42651-2cde-4fcc-b688-684a384bc6fb{ip: 192.168.157.254, host: pr-hdds-2343-5q8j9-3338874002, networkLocation: /default-rack, certSerialId: null} reports an CLOSED replica.
2019-10-22 00:04:13,729 [EventQueue-ContainerReportForContainerReportHandler] WARN  container.ContainerReportHandler (AbstractContainerReportHandler.java:updateContainerState(145)) - Container #1 is in OPEN state, but the datanode fe2f4460-1173-45ac-8f62-3ccbe442b4a3{ip: 192.168.157.254, host: pr-hdds-2343-5q8j9-3338874002, networkLocation: /default-rack, certSerialId: null} reports an CLOSED replica.
2019-10-22 00:04:13,784 [EventQueue-ContainerReportForContainerReportHandler] WARN  container.ContainerReportHandler (AbstractContainerReportHandler.java:updateContainerState(145)) - Container #1 is in OPEN state, but the datanode bec42651-2cde-4fcc-b688-684a384bc6fb{ip: 192.168.157.254, host: pr-hdds-2343-5q8j9-3338874002, networkLocation: /default-rack, certSerialId: null} reports an CLOSED replica.
2019-10-22 00:04:13,984 [EventQueue-ContainerReportForContainerReportHandler] WARN  container.ContainerReportHandler (AbstractContainerReportHandler.java:updateContainerState(145)) - Container #1 is in OPEN state, but the datanode bec42651-2cde-4fcc-b688-684a384bc6fb{ip: 192.168.157.254, host: pr-hdds-2343-5q8j9-3338874002, networkLocation: /default-rack, certSerialId: null} reports an CLOSED replica.
2019-10-22 00:04:14,029 [EventQueue-ContainerReportForContainerReportHandler] WARN  container.ContainerReportHandler (AbstractContainerReportHandler.java:updateContainerState(145)) - Container #1 is in OPEN state, but the datanode fe2f4460-1173-45ac-8f62-3ccbe442b4a3{ip: 192.168.157.254, host: pr-hdds-2343-5q8j9-3338874002, networkLocation: /default-rack, certSerialId: null} reports an CLOSED replica.
2019-10-22 00:04:14,178 [BlockDeletingService#2] WARN  background.BlockDeletingService (BlockDeletingService.java:isDeletionAllowed(187)) - Close Container log Index 6 is not replicated across allthe servers in the pipeline c00d4cd3-293b-4d2c-9f2c-452902f59078 as the min replicated index is 4. Deletion is not allowed in this container yet.
2019-10-22 00:04:14,178 [BlockDeletingService#8] WARN  background.BlockDeletingService (BlockDeletingService.java:isDeletionAllowed(187)) - Close Container log Index 6 is not replicated across allthe servers in the pipeline c00d4cd3-293b-4d2c-9f2c-452902f59078 as the min replicated index is 4. Deletion is not allowed in this container yet.
2019-10-22 00:04:14,184 [EventQueue-ContainerReportForContainerReportHandler] WARN  container.ContainerReportHandler (AbstractContainerReportHandler.java:updateContainerState(145)) - Container #1 is in OPEN state, but the datanode bec42651-2cde-4fcc-b688-684a384bc6fb{ip: 192.168.157.254, host: pr-hdds-2343-5q8j9-3338874002, networkLocation: /default-rack, certSerialId: null} reports an CLOSED replica.
2019-10-22 00:04:14,229 [EventQueue-ContainerReportForContainerReportHandler] WARN  container.ContainerReportHandler (AbstractContainerReportHandler.java:updateContainerState(145)) - Container #1 is in OPEN state, but the datanode fe2f4460-1173-45ac-8f62-3ccbe442b4a3{ip: 192.168.157.254, host: pr-hdds-2343-5q8j9-3338874002, networkLocation: /default-rack, certSerialId: null} reports an CLOSED replica.
2019-10-22 00:04:14,485 [EventQueue-ContainerReportForContainerReportHandler] WARN  container.ContainerReportHandler (AbstractContainerReportHandler.java:updateContainerState(145)) - Container #1 is in OPEN state, but the datanode bec42651-2cde-4fcc-b688-684a384bc6fb{ip: 192.168.157.254, host: pr-hdds-2343-5q8j9-3338874002, networkLocation: /default-rack, certSerialId: null} reports an CLOSED replica.
2019-10-22 00:04:14,529 [EventQueue-ContainerReportForContainerReportHandler] WARN  container.ContainerReportHandler (AbstractContainerReportHandler.java:updateContainerState(145)) - Container #1 is in OPEN state, but the datanode fe2f4460-1173-45ac-8f62-3ccbe442b4a3{ip: 192.168.157.254, host: pr-hdds-2343-5q8j9-3338874002, networkLocation: /default-rack, certSerialId: null} reports an CLOSED replica.
2019-10-22 00:04:14,730 [EventQueue-ContainerReportForContainerReportHandler] WARN  container.ContainerReportHandler (AbstractContainerReportHandler.java:updateContainerState(145)) - Container #1 is in OPEN state, but the datanode fe2f4460-1173-45ac-8f62-3ccbe442b4a3{ip: 192.168.157.254, host: pr-hdds-2343-5q8j9-3338874002, networkLocation: /default-rack, certSerialId: null} reports an CLOSED replica.
2019-10-22 00:04:14,888 [EventQueue-ContainerReportForContainerReportHandler] WARN  container.ContainerReportHandler (AbstractContainerReportHandler.java:updateContainerState(145)) - Container #1 is in OPEN state, but the datanode bec42651-2cde-4fcc-b688-684a384bc6fb{ip: 192.168.157.254, host: pr-hdds-2343-5q8j9-3338874002, networkLocation: /default-rack, certSerialId: null} reports an CLOSED replica.
2019-10-22 00:04:15,029 [EventQueue-ContainerReportForContainerReportHandler] WARN  container.ContainerReportHandler (AbstractContainerReportHandler.java:updateContainerState(145)) - Container #1 is in OPEN state, but the datanode fe2f4460-1173-45ac-8f62-3ccbe442b4a3{ip: 192.168.157.254, host: pr-hdds-2343-5q8j9-3338874002, networkLocation: /default-rack, certSerialId: null} reports an CLOSED replica.
2019-10-22 00:04:15,087 [EventQueue-ContainerReportForContainerReportHandler] WARN  container.ContainerReportHandler (AbstractContainerReportHandler.java:updateContainerState(145)) - Container #1 is in OPEN state, but the datanode bec42651-2cde-4fcc-b688-684a384bc6fb{ip: 192.168.157.254, host: pr-hdds-2343-5q8j9-3338874002, networkLocation: /default-rack, certSerialId: null} reports an CLOSED replica.
2019-10-22 00:04:15,179 [BlockDeletingService#2] WARN  background.BlockDeletingService (BlockDeletingService.java:isDeletionAllowed(187)) - Close Container log Index 6 is not replicated across allthe servers in the pipeline c00d4cd3-293b-4d2c-9f2c-452902f59078 as the min replicated index is 4. Deletion is not allowed in this container yet.
2019-10-22 00:04:15,179 [BlockDeletingService#8] WARN  background.BlockDeletingService (BlockDeletingService.java:isDeletionAllowed(187)) - Close Container log Index 6 is not replicated across allthe servers in the pipeline c00d4cd3-293b-4d2c-9f2c-452902f59078 as the min replicated index is 4. Deletion is not allowed in this container yet.
2019-10-22 00:04:15,287 [EventQueue-ContainerReportForContainerReportHandler] WARN  container.ContainerReportHandler (AbstractContainerReportHandler.java:updateContainerState(145)) - Container #1 is in OPEN state, but the datanode bec42651-2cde-4fcc-b688-684a384bc6fb{ip: 192.168.157.254, host: pr-hdds-2343-5q8j9-3338874002, networkLocation: /default-rack, certSerialId: null} reports an CLOSED replica.
2019-10-22 00:04:15,329 [EventQueue-ContainerReportForContainerReportHandler] WARN  container.ContainerReportHandler (AbstractContainerReportHandler.java:updateContainerState(145)) - Container #1 is in OPEN state, but the datanode fe2f4460-1173-45ac-8f62-3ccbe442b4a3{ip: 192.168.157.254, host: pr-hdds-2343-5q8j9-3338874002, networkLocation: /default-rack, certSerialId: null} reports an CLOSED replica.
2019-10-22 00:04:15,501 [java.util.concurrent.ThreadPoolExecutor$Worker@1cc2f809[State = -1, empty queue]] WARN  server.GrpcLogAppender (GrpcLogAppender.java:timeoutAppendRequest(209)) - fe2f4460-1173-45ac-8f62-3ccbe442b4a3@group-452902F59078->0d315fbd-ade0-427f-8a57-9b8f4a7ccba2-GrpcLogAppender: appendEntries Timeout, request=fe2f4460-1173-45ac-8f62-3ccbe442b4a3->0d315fbd-ade0-427f-8a57-9b8f4a7ccba2#37-t4, previous=(t:4, i:10), leaderCommit=10, initializing? false, entries: <empty>
2019-10-22 00:04:15,689 [EventQueue-ContainerReportForContainerReportHandler] WARN  container.ContainerReportHandler (AbstractContainerReportHandler.java:updateContainerState(145)) - Container #1 is in OPEN state, but the datanode bec42651-2cde-4fcc-b688-684a384bc6fb{ip: 192.168.157.254, host: pr-hdds-2343-5q8j9-3338874002, networkLocation: /default-rack, certSerialId: null} reports an CLOSED replica.
2019-10-22 00:04:15,732 [EventQueue-ContainerReportForContainerReportHandler] WARN  container.ContainerReportHandler (AbstractContainerReportHandler.java:updateContainerState(145)) - Container #1 is in OPEN state, but the datanode fe2f4460-1173-45ac-8f62-3ccbe442b4a3{ip: 192.168.157.254, host: pr-hdds-2343-5q8j9-3338874002, networkLocation: /default-rack, certSerialId: null} reports an CLOSED replica.
2019-10-22 00:04:15,933 [EventQueue-ContainerReportForContainerReportHandler] WARN  container.ContainerReportHandler (AbstractContainerReportHandler.java:updateContainerState(145)) - Container #1 is in OPEN state, but the datanode fe2f4460-1173-45ac-8f62-3ccbe442b4a3{ip: 192.168.157.254, host: pr-hdds-2343-5q8j9-3338874002, networkLocation: /default-rack, certSerialId: null} reports an CLOSED replica.
2019-10-22 00:04:16,089 [EventQueue-ContainerReportForContainerReportHandler] WARN  container.ContainerReportHandler (AbstractContainerReportHandler.java:updateContainerState(145)) - Container #1 is in OPEN state, but the datanode bec42651-2cde-4fcc-b688-684a384bc6fb{ip: 192.168.157.254, host: pr-hdds-2343-5q8j9-3338874002, networkLocation: /default-rack, certSerialId: null} reports an CLOSED replica.
2019-10-22 00:04:16,133 [EventQueue-ContainerReportForContainerReportHandler] WARN  container.ContainerReportHandler (AbstractContainerReportHandler.java:updateContainerState(145)) - Container #1 is in OPEN state, but the datanode fe2f4460-1173-45ac-8f62-3ccbe442b4a3{ip: 192.168.157.254, host: pr-hdds-2343-5q8j9-3338874002, networkLocation: /default-rack, certSerialId: null} reports an CLOSED replica.
2019-10-22 00:04:16,182 [BlockDeletingService#8] WARN  background.BlockDeletingService (BlockDeletingService.java:isDeletionAllowed(187)) - Close Container log Index 6 is not replicated across allthe servers in the pipeline c00d4cd3-293b-4d2c-9f2c-452902f59078 as the min replicated index is 4. Deletion is not allowed in this container yet.
2019-10-22 00:04:16,182 [BlockDeletingService#2] WARN  background.BlockDeletingService (BlockDeletingService.java:isDeletionAllowed(187)) - Close Container log Index 6 is not replicated across allthe servers in the pipeline c00d4cd3-293b-4d2c-9f2c-452902f59078 as the min replicated index is 4. Deletion is not allowed in this container yet.
2019-10-22 00:04:16,392 [EventQueue-ContainerReportForContainerReportHandler] WARN  container.ContainerReportHandler (AbstractContainerReportHandler.java:updateContainerState(145)) - Container #1 is in OPEN state, but the datanode bec42651-2cde-4fcc-b688-684a384bc6fb{ip: 192.168.157.254, host: pr-hdds-2343-5q8j9-3338874002, networkLocation: /default-rack, certSerialId: null} reports an CLOSED replica.
2019-10-22 00:04:16,433 [EventQueue-ContainerReportForContainerReportHandler] WARN  container.ContainerReportHandler (AbstractContainerReportHandler.java:updateContainerState(145)) - Container #1 is in OPEN state, but the datanode fe2f4460-1173-45ac-8f62-3ccbe442b4a3{ip: 192.168.157.254, host: pr-hdds-2343-5q8j9-3338874002, networkLocation: /default-rack, certSerialId: null} reports an CLOSED replica.
2019-10-22 00:04:16,633 [EventQueue-ContainerReportForContainerReportHandler] WARN  container.ContainerReportHandler (AbstractContainerReportHandler.java:updateContainerState(145)) - Container #1 is in OPEN state, but the datanode fe2f4460-1173-45ac-8f62-3ccbe442b4a3{ip: 192.168.157.254, host: pr-hdds-2343-5q8j9-3338874002, networkLocation: /default-rack, certSerialId: null} reports an CLOSED replica.
2019-10-22 00:04:16,795 [EventQueue-ContainerReportForContainerReportHandler] WARN  container.ContainerReportHandler (AbstractContainerReportHandler.java:updateContainerState(145)) - Container #1 is in OPEN state, but the datanode bec42651-2cde-4fcc-b688-684a384bc6fb{ip: 192.168.157.254, host: pr-hdds-2343-5q8j9-3338874002, networkLocation: /default-rack, certSerialId: null} reports an CLOSED replica.
2019-10-22 00:04:17,033 [EventQueue-ContainerReportForContainerReportHandler] WARN  container.ContainerReportHandler (AbstractContainerReportHandler.java:updateContainerState(145)) - Container #1 is in OPEN state, but the datanode fe2f4460-1173-45ac-8f62-3ccbe442b4a3{ip: 192.168.157.254, host: pr-hdds-2343-5q8j9-3338874002, networkLocation: /default-rack, certSerialId: null} reports an CLOSED replica.
2019-10-22 00:04:17,095 [EventQueue-ContainerReportForContainerReportHandler] WARN  container.ContainerReportHandler (AbstractContainerReportHandler.java:updateContainerState(145)) - Container #1 is in OPEN state, but the datanode bec42651-2cde-4fcc-b688-684a384bc6fb{ip: 192.168.157.254, host: pr-hdds-2343-5q8j9-3338874002, networkLocation: /default-rack, certSerialId: null} reports an CLOSED replica.
2019-10-22 00:04:17,184 [BlockDeletingService#8] WARN  background.BlockDeletingService (BlockDeletingService.java:isDeletionAllowed(187)) - Close Container log Index 6 is not replicated across allthe servers in the pipeline c00d4cd3-293b-4d2c-9f2c-452902f59078 as the min replicated index is 4. Deletion is not allowed in this container yet.
2019-10-22 00:04:17,184 [BlockDeletingService#2] WARN  background.BlockDeletingService (BlockDeletingService.java:isDeletionAllowed(187)) - Close Container log Index 6 is not replicated across allthe servers in the pipeline c00d4cd3-293b-4d2c-9f2c-452902f59078 as the min replicated index is 4. Deletion is not allowed in this container yet.
2019-10-22 00:04:17,233 [EventQueue-ContainerReportForContainerReportHandler] WARN  container.ContainerReportHandler (AbstractContainerReportHandler.java:updateContainerState(145)) - Container #1 is in OPEN state, but the datanode fe2f4460-1173-45ac-8f62-3ccbe442b4a3{ip: 192.168.157.254, host: pr-hdds-2343-5q8j9-3338874002, networkLocation: /default-rack, certSerialId: null} reports an CLOSED replica.
2019-10-22 00:04:17,494 [EventQueue-ContainerReportForContainerReportHandler] WARN  container.ContainerReportHandler (AbstractContainerReportHandler.java:updateContainerState(145)) - Container #1 is in OPEN state, but the datanode bec42651-2cde-4fcc-b688-684a384bc6fb{ip: 192.168.157.254, host: pr-hdds-2343-5q8j9-3338874002, networkLocation: /default-rack, certSerialId: null} reports an CLOSED replica.
2019-10-22 00:04:17,636 [EventQueue-ContainerReportForContainerReportHandler] WARN  container.ContainerReportHandler (AbstractContainerReportHandler.java:updateContainerState(145)) - Container #1 is in OPEN state, but the datanode fe2f4460-1173-45ac-8f62-3ccbe442b4a3{ip: 192.168.157.254, host: pr-hdds-2343-5q8j9-3338874002, networkLocation: /default-rack, certSerialId: null} reports an CLOSED replica.
2019-10-22 00:04:17,798 [EventQueue-ContainerReportForContainerReportHandler] WARN  container.ContainerReportHandler (AbstractContainerReportHandler.java:updateContainerState(145)) - Container #1 is in OPEN state, but the datanode bec42651-2cde-4fcc-b688-684a384bc6fb{ip: 192.168.157.254, host: pr-hdds-2343-5q8j9-3338874002, networkLocation: /default-rack, certSerialId: null} reports an CLOSED replica.
2019-10-22 00:04:17,937 [EventQueue-ContainerReportForContainerReportHandler] WARN  container.ContainerReportHandler (AbstractContainerReportHandler.java:updateContainerState(145)) - Container #1 is in OPEN state, but the datanode fe2f4460-1173-45ac-8f62-3ccbe442b4a3{ip: 192.168.157.254, host: pr-hdds-2343-5q8j9-3338874002, networkLocation: /default-rack, certSerialId: null} reports an CLOSED replica.
2019-10-22 00:04:18,002 [java.util.concurrent.ThreadPoolExecutor$Worker@1cc2f809[State = -1, empty queue]] WARN  server.GrpcLogAppender (GrpcLogAppender.java:timeoutAppendRequest(209)) - fe2f4460-1173-45ac-8f62-3ccbe442b4a3@group-452902F59078->0d315fbd-ade0-427f-8a57-9b8f4a7ccba2-GrpcLogAppender: appendEntries Timeout, request=fe2f4460-1173-45ac-8f62-3ccbe442b4a3->0d315fbd-ade0-427f-8a57-9b8f4a7ccba2#38-t4, previous=(t:4, i:10), leaderCommit=10, initializing? false, entries: <empty>
2019-10-22 00:04:18,098 [EventQueue-ContainerReportForContainerReportHandler] WARN  container.ContainerReportHandler (AbstractContainerReportHandler.java:updateContainerState(145)) - Container #1 is in OPEN state, but the datanode bec42651-2cde-4fcc-b688-684a384bc6fb{ip: 192.168.157.254, host: pr-hdds-2343-5q8j9-3338874002, networkLocation: /default-rack, certSerialId: null} reports an CLOSED replica.
2019-10-22 00:04:18,185 [BlockDeletingService#8] WARN  background.BlockDeletingService (BlockDeletingService.java:isDeletionAllowed(187)) - Close Container log Index 6 is not replicated across allthe servers in the pipeline c00d4cd3-293b-4d2c-9f2c-452902f59078 as the min replicated index is 4. Deletion is not allowed in this container yet.
2019-10-22 00:04:18,185 [BlockDeletingService#2] WARN  background.BlockDeletingService (BlockDeletingService.java:isDeletionAllowed(187)) - Close Container log Index 6 is not replicated across allthe servers in the pipeline c00d4cd3-293b-4d2c-9f2c-452902f59078 as the min replicated index is 4. Deletion is not allowed in this container yet.
2019-10-22 00:04:18,238 [EventQueue-ContainerReportForContainerReportHandler] WARN  container.ContainerReportHandler (AbstractContainerReportHandler.java:updateContainerState(145)) - Container #1 is in OPEN state, but the datanode fe2f4460-1173-45ac-8f62-3ccbe442b4a3{ip: 192.168.157.254, host: pr-hdds-2343-5q8j9-3338874002, networkLocation: /default-rack, certSerialId: null} reports an CLOSED replica.
2019-10-22 00:04:18,401 [EventQueue-ContainerReportForContainerReportHandler] WARN  container.ContainerReportHandler (AbstractContainerReportHandler.java:updateContainerState(145)) - Container #1 is in OPEN state, but the datanode bec42651-2cde-4fcc-b688-684a384bc6fb{ip: 192.168.157.254, host: pr-hdds-2343-5q8j9-3338874002, networkLocation: /default-rack, certSerialId: null} reports an CLOSED replica.
2019-10-22 00:04:18,602 [EventQueue-ContainerReportForContainerReportHandler] WARN  container.ContainerReportHandler (AbstractContainerReportHandler.java:updateContainerState(145)) - Container #1 is in OPEN state, but the datanode bec42651-2cde-4fcc-b688-684a384bc6fb{ip: 192.168.157.254, host: pr-hdds-2343-5q8j9-3338874002, networkLocation: /default-rack, certSerialId: null} reports an CLOSED replica.
2019-10-22 00:04:18,638 [EventQueue-ContainerReportForContainerReportHandler] WARN  container.ContainerReportHandler (AbstractContainerReportHandler.java:updateContainerState(145)) - Container #1 is in OPEN state, but the datanode fe2f4460-1173-45ac-8f62-3ccbe442b4a3{ip: 192.168.157.254, host: pr-hdds-2343-5q8j9-3338874002, networkLocation: /default-rack, certSerialId: null} reports an CLOSED replica.
2019-10-22 00:04:18,838 [EventQueue-ContainerReportForContainerReportHandler] WARN  container.ContainerReportHandler (AbstractContainerReportHandler.java:updateContainerState(145)) - Container #1 is in OPEN state, but the datanode fe2f4460-1173-45ac-8f62-3ccbe442b4a3{ip: 192.168.157.254, host: pr-hdds-2343-5q8j9-3338874002, networkLocation: /default-rack, certSerialId: null} reports an CLOSED replica.
2019-10-22 00:04:18,902 [EventQueue-ContainerReportForContainerReportHandler] WARN  container.ContainerReportHandler (AbstractContainerReportHandler.java:updateContainerState(145)) - Container #1 is in OPEN state, but the datanode bec42651-2cde-4fcc-b688-684a384bc6fb{ip: 192.168.157.254, host: pr-hdds-2343-5q8j9-3338874002, networkLocation: /default-rack, certSerialId: null} reports an CLOSED replica.
2019-10-22 00:04:19,138 [EventQueue-ContainerReportForContainerReportHandler] WARN  container.ContainerReportHandler (AbstractContainerReportHandler.java:updateContainerState(145)) - Container #1 is in OPEN state, but the datanode fe2f4460-1173-45ac-8f62-3ccbe442b4a3{ip: 192.168.157.254, host: pr-hdds-2343-5q8j9-3338874002, networkLocation: /default-rack, certSerialId: null} reports an CLOSED replica.
2019-10-22 00:04:19,186 [BlockDeletingService#8] WARN  background.BlockDeletingService (BlockDeletingService.java:isDeletionAllowed(187)) - Close Container log Index 6 is not replicated across allthe servers in the pipeline c00d4cd3-293b-4d2c-9f2c-452902f59078 as the min replicated index is 4. Deletion is not allowed in this container yet.
2019-10-22 00:04:19,187 [BlockDeletingService#2] WARN  background.BlockDeletingService (BlockDeletingService.java:isDeletionAllowed(187)) - Close Container log Index 6 is not replicated across allthe servers in the pipeline c00d4cd3-293b-4d2c-9f2c-452902f59078 as the min replicated index is 4. Deletion is not allowed in this container yet.
2019-10-22 00:04:19,303 [EventQueue-ContainerReportForContainerReportHandler] WARN  container.ContainerReportHandler (AbstractContainerReportHandler.java:updateContainerState(145)) - Container #1 is in OPEN state, but the datanode bec42651-2cde-4fcc-b688-684a384bc6fb{ip: 192.168.157.254, host: pr-hdds-2343-5q8j9-3338874002, networkLocation: /default-rack, certSerialId: null} reports an CLOSED replica.
2019-10-22 00:04:19,338 [EventQueue-ContainerReportForContainerReportHandler] WARN  container.ContainerReportHandler (AbstractContainerReportHandler.java:updateContainerState(145)) - Container #1 is in OPEN state, but the datanode fe2f4460-1173-45ac-8f62-3ccbe442b4a3{ip: 192.168.157.254, host: pr-hdds-2343-5q8j9-3338874002, networkLocation: /default-rack, certSerialId: null} reports an CLOSED replica.
2019-10-22 00:04:19,502 [EventQueue-ContainerReportForContainerReportHandler] WARN  container.ContainerReportHandler (AbstractContainerReportHandler.java:updateContainerState(145)) - Container #1 is in OPEN state, but the datanode bec42651-2cde-4fcc-b688-684a384bc6fb{ip: 192.168.157.254, host: pr-hdds-2343-5q8j9-3338874002, networkLocation: /default-rack, certSerialId: null} reports an CLOSED replica.
2019-10-22 00:04:19,739 [EventQueue-ContainerReportForContainerReportHandler] WARN  container.ContainerReportHandler (AbstractContainerReportHandler.java:updateContainerState(145)) - Container #1 is in OPEN state, but the datanode fe2f4460-1173-45ac-8f62-3ccbe442b4a3{ip: 192.168.157.254, host: pr-hdds-2343-5q8j9-3338874002, networkLocation: /default-rack, certSerialId: null} reports an CLOSED replica.
2019-10-22 00:04:19,902 [EventQueue-ContainerReportForContainerReportHandler] WARN  container.ContainerReportHandler (AbstractContainerReportHandler.java:updateContainerState(145)) - Container #1 is in OPEN state, but the datanode bec42651-2cde-4fcc-b688-684a384bc6fb{ip: 192.168.157.254, host: pr-hdds-2343-5q8j9-3338874002, networkLocation: /default-rack, certSerialId: null} reports an CLOSED replica.
2019-10-22 00:04:19,939 [EventQueue-ContainerReportForContainerReportHandler] WARN  container.ContainerReportHandler (AbstractContainerReportHandler.java:updateContainerState(145)) - Container #1 is in OPEN state, but the datanode fe2f4460-1173-45ac-8f62-3ccbe442b4a3{ip: 192.168.157.254, host: pr-hdds-2343-5q8j9-3338874002, networkLocation: /default-rack, certSerialId: null} reports an CLOSED replica.
2019-10-22 00:04:20,102 [EventQueue-ContainerReportForContainerReportHandler] WARN  container.ContainerReportHandler (AbstractContainerReportHandler.java:updateContainerState(145)) - Container #1 is in OPEN state, but the datanode bec42651-2cde-4fcc-b688-684a384bc6fb{ip: 192.168.157.254, host: pr-hdds-2343-5q8j9-3338874002, networkLocation: /default-rack, certSerialId: null} reports an CLOSED replica.
2019-10-22 00:04:20,188 [BlockDeletingService#2] WARN  background.BlockDeletingService (BlockDeletingService.java:isDeletionAllowed(187)) - Close Container log Index 6 is not replicated across allthe servers in the pipeline c00d4cd3-293b-4d2c-9f2c-452902f59078 as the min replicated index is 4. Deletion is not allowed in this container yet.
2019-10-22 00:04:20,188 [BlockDeletingService#8] WARN  background.BlockDeletingService (BlockDeletingService.java:isDeletionAllowed(187)) - Close Container log Index 6 is not replicated across allthe servers in the pipeline c00d4cd3-293b-4d2c-9f2c-452902f59078 as the min replicated index is 4. Deletion is not allowed in this container yet.
2019-10-22 00:04:20,339 [EventQueue-ContainerReportForContainerReportHandler] WARN  container.ContainerReportHandler (AbstractContainerReportHandler.java:updateContainerState(145)) - Container #1 is in OPEN state, but the datanode fe2f4460-1173-45ac-8f62-3ccbe442b4a3{ip: 192.168.157.254, host: pr-hdds-2343-5q8j9-3338874002, networkLocation: /default-rack, certSerialId: null} reports an CLOSED replica.
2019-10-22 00:04:20,403 [EventQueue-ContainerReportForContainerReportHandler] WARN  container.ContainerReportHandler (AbstractContainerReportHandler.java:updateContainerState(145)) - Container #1 is in OPEN state, but the datanode bec42651-2cde-4fcc-b688-684a384bc6fb{ip: 192.168.157.254, host: pr-hdds-2343-5q8j9-3338874002, networkLocation: /default-rack, certSerialId: null} reports an CLOSED replica.
2019-10-22 00:04:20,504 [java.util.concurrent.ThreadPoolExecutor$Worker@1cc2f809[State = -1, empty queue]] WARN  server.GrpcLogAppender (GrpcLogAppender.java:timeoutAppendRequest(209)) - fe2f4460-1173-45ac-8f62-3ccbe442b4a3@group-452902F59078->0d315fbd-ade0-427f-8a57-9b8f4a7ccba2-GrpcLogAppender: appendEntries Timeout, request=fe2f4460-1173-45ac-8f62-3ccbe442b4a3->0d315fbd-ade0-427f-8a57-9b8f4a7ccba2#39-t4, previous=(t:4, i:10), leaderCommit=10, initializing? false, entries: <empty>
2019-10-22 00:04:20,540 [EventQueue-ContainerReportForContainerReportHandler] WARN  container.ContainerReportHandler (AbstractContainerReportHandler.java:updateContainerState(145)) - Container #1 is in OPEN state, but the datanode fe2f4460-1173-45ac-8f62-3ccbe442b4a3{ip: 192.168.157.254, host: pr-hdds-2343-5q8j9-3338874002, networkLocation: /default-rack, certSerialId: null} reports an CLOSED replica.
2019-10-22 00:04:20,584 [Thread-462] INFO  client.GrpcClientProtocolService (GrpcClientProtocolService.java:lambda$processClientRequest$0(278)) - Failed RaftClientRequest:client-06600EE78844->fe2f4460-1173-45ac-8f62-3ccbe442b4a3@group-452902F59078, cid=10, seq=0, Watch-ALL_COMMITTED(6), Message:<EMPTY>, reply=RaftClientReply:client-06600EE78844->fe2f4460-1173-45ac-8f62-3ccbe442b4a3@group-452902F59078, cid=10, FAILED org.apache.ratis.protocol.NotReplicatedException: Request with call Id 10 and log index 6 is not yet replicated to ALL_COMMITTED, logIndex=6, commits[fe2f4460-1173-45ac-8f62-3ccbe442b4a3:c10, bec42651-2cde-4fcc-b688-684a384bc6fb:c10, 0d315fbd-ade0-427f-8a57-9b8f4a7ccba2:c4]
2019-10-22 00:04:20,803 [EventQueue-ContainerReportForContainerReportHandler] WARN  container.ContainerReportHandler (AbstractContainerReportHandler.java:updateContainerState(145)) - Container #1 is in OPEN state, but the datanode bec42651-2cde-4fcc-b688-684a384bc6fb{ip: 192.168.157.254, host: pr-hdds-2343-5q8j9-3338874002, networkLocation: /default-rack, certSerialId: null} reports an CLOSED replica.
2019-10-22 00:04:20,840 [EventQueue-ContainerReportForContainerReportHandler] WARN  container.ContainerReportHandler (AbstractContainerReportHandler.java:updateContainerState(145)) - Container #1 is in OPEN state, but the datanode fe2f4460-1173-45ac-8f62-3ccbe442b4a3{ip: 192.168.157.254, host: pr-hdds-2343-5q8j9-3338874002, networkLocation: /default-rack, certSerialId: null} reports an CLOSED replica.
2019-10-22 00:04:21,104 [EventQueue-ContainerReportForContainerReportHandler] WARN  container.ContainerReportHandler (AbstractContainerReportHandler.java:updateContainerState(145)) - Container #1 is in OPEN state, but the datanode bec42651-2cde-4fcc-b688-684a384bc6fb{ip: 192.168.157.254, host: pr-hdds-2343-5q8j9-3338874002, networkLocation: /default-rack, certSerialId: null} reports an CLOSED replica.
2019-10-22 00:04:21,189 [BlockDeletingService#2] WARN  background.BlockDeletingService (BlockDeletingService.java:isDeletionAllowed(187)) - Close Container log Index 6 is not replicated across allthe servers in the pipeline c00d4cd3-293b-4d2c-9f2c-452902f59078 as the min replicated index is 4. Deletion is not allowed in this container yet.
2019-10-22 00:04:21,189 [BlockDeletingService#8] WARN  background.BlockDeletingService (BlockDeletingService.java:isDeletionAllowed(187)) - Close Container log Index 6 is not replicated across allthe servers in the pipeline c00d4cd3-293b-4d2c-9f2c-452902f59078 as the min replicated index is 4. Deletion is not allowed in this container yet.
2019-10-22 00:04:21,241 [EventQueue-ContainerReportForContainerReportHandler] WARN  container.ContainerReportHandler (AbstractContainerReportHandler.java:updateContainerState(145)) - Container #1 is in OPEN state, but the datanode fe2f4460-1173-45ac-8f62-3ccbe442b4a3{ip: 192.168.157.254, host: pr-hdds-2343-5q8j9-3338874002, networkLocation: /default-rack, certSerialId: null} reports an CLOSED replica.
2019-10-22 00:04:21,303 [EventQueue-ContainerReportForContainerReportHandler] WARN  container.ContainerReportHandler (AbstractContainerReportHandler.java:updateContainerState(145)) - Container #1 is in OPEN state, but the datanode bec42651-2cde-4fcc-b688-684a384bc6fb{ip: 192.168.157.254, host: pr-hdds-2343-5q8j9-3338874002, networkLocation: /default-rack, certSerialId: null} reports an CLOSED replica.
2019-10-22 00:04:21,441 [EventQueue-ContainerReportForContainerReportHandler] WARN  container.ContainerReportHandler (AbstractContainerReportHandler.java:updateContainerState(145)) - Container #1 is in OPEN state, but the datanode fe2f4460-1173-45ac-8f62-3ccbe442b4a3{ip: 192.168.157.254, host: pr-hdds-2343-5q8j9-3338874002, networkLocation: /default-rack, certSerialId: null} reports an CLOSED replica.
2019-10-22 00:04:21,604 [EventQueue-ContainerReportForContainerReportHandler] WARN  container.ContainerReportHandler (AbstractContainerReportHandler.java:updateContainerState(145)) - Container #1 is in OPEN state, but the datanode bec42651-2cde-4fcc-b688-684a384bc6fb{ip: 192.168.157.254, host: pr-hdds-2343-5q8j9-3338874002, networkLocation: /default-rack, certSerialId: null} reports an CLOSED replica.
2019-10-22 00:04:21,741 [EventQueue-ContainerReportForContainerReportHandler] WARN  container.ContainerReportHandler (AbstractContainerReportHandler.java:updateContainerState(145)) - Container #1 is in OPEN state, but the datanode fe2f4460-1173-45ac-8f62-3ccbe442b4a3{ip: 192.168.157.254, host: pr-hdds-2343-5q8j9-3338874002, networkLocation: /default-rack, certSerialId: null} reports an CLOSED replica.
2019-10-22 00:04:22,004 [EventQueue-ContainerReportForContainerReportHandler] WARN  container.ContainerReportHandler (AbstractContainerReportHandler.java:updateContainerState(145)) - Container #1 is in OPEN state, but the datanode bec42651-2cde-4fcc-b688-684a384bc6fb{ip: 192.168.157.254, host: pr-hdds-2343-5q8j9-3338874002, networkLocation: /default-rack, certSerialId: null} reports an CLOSED replica.
2019-10-22 00:04:22,042 [EventQueue-ContainerReportForContainerReportHandler] WARN  container.ContainerReportHandler (AbstractContainerReportHandler.java:updateContainerState(145)) - Container #1 is in OPEN state, but the datanode fe2f4460-1173-45ac-8f62-3ccbe442b4a3{ip: 192.168.157.254, host: pr-hdds-2343-5q8j9-3338874002, networkLocation: /default-rack, certSerialId: null} reports an CLOSED replica.
2019-10-22 00:04:22,192 [BlockDeletingService#2] WARN  background.BlockDeletingService (BlockDeletingService.java:isDeletionAllowed(187)) - Close Container log Index 6 is not replicated across allthe servers in the pipeline c00d4cd3-293b-4d2c-9f2c-452902f59078 as the min replicated index is 4. Deletion is not allowed in this container yet.
2019-10-22 00:04:22,192 [BlockDeletingService#8] WARN  background.BlockDeletingService (BlockDeletingService.java:isDeletionAllowed(187)) - Close Container log Index 6 is not replicated across allthe servers in the pipeline c00d4cd3-293b-4d2c-9f2c-452902f59078 as the min replicated index is 4. Deletion is not allowed in this container yet.
2019-10-22 00:04:22,203 [EventQueue-ContainerReportForContainerReportHandler] WARN  container.ContainerReportHandler (AbstractContainerReportHandler.java:updateContainerState(145)) - Container #1 is in OPEN state, but the datanode bec42651-2cde-4fcc-b688-684a384bc6fb{ip: 192.168.157.254, host: pr-hdds-2343-5q8j9-3338874002, networkLocation: /default-rack, certSerialId: null} reports an CLOSED replica.
2019-10-22 00:04:22,342 [EventQueue-ContainerReportForContainerReportHandler] WARN  container.ContainerReportHandler (AbstractContainerReportHandler.java:updateContainerState(145)) - Container #1 is in OPEN state, but the datanode fe2f4460-1173-45ac-8f62-3ccbe442b4a3{ip: 192.168.157.254, host: pr-hdds-2343-5q8j9-3338874002, networkLocation: /default-rack, certSerialId: null} reports an CLOSED replica.
2019-10-22 00:04:22,603 [EventQueue-ContainerReportForContainerReportHandler] WARN  container.ContainerReportHandler (AbstractContainerReportHandler.java:updateContainerState(145)) - Container #1 is in OPEN state, but the datanode bec42651-2cde-4fcc-b688-684a384bc6fb{ip: 192.168.157.254, host: pr-hdds-2343-5q8j9-3338874002, networkLocation: /default-rack, certSerialId: null} reports an CLOSED replica.
2019-10-22 00:04:22,744 [EventQueue-ContainerReportForContainerReportHandler] WARN  container.ContainerReportHandler (AbstractContainerReportHandler.java:updateContainerState(145)) - Container #1 is in OPEN state, but the datanode fe2f4460-1173-45ac-8f62-3ccbe442b4a3{ip: 192.168.157.254, host: pr-hdds-2343-5q8j9-3338874002, networkLocation: /default-rack, certSerialId: null} reports an CLOSED replica.
2019-10-22 00:04:22,903 [EventQueue-ContainerReportForContainerReportHandler] WARN  container.ContainerReportHandler (AbstractContainerReportHandler.java:updateContainerState(145)) - Container #1 is in OPEN state, but the datanode bec42651-2cde-4fcc-b688-684a384bc6fb{ip: 192.168.157.254, host: pr-hdds-2343-5q8j9-3338874002, networkLocation: /default-rack, certSerialId: null} reports an CLOSED replica.
2019-10-22 00:04:23,004 [java.util.concurrent.ThreadPoolExecutor$Worker@1cc2f809[State = -1, empty queue]] WARN  server.GrpcLogAppender (GrpcLogAppender.java:timeoutAppendRequest(209)) - fe2f4460-1173-45ac-8f62-3ccbe442b4a3@group-452902F59078->0d315fbd-ade0-427f-8a57-9b8f4a7ccba2-GrpcLogAppender: appendEntries Timeout, request=fe2f4460-1173-45ac-8f62-3ccbe442b4a3->0d315fbd-ade0-427f-8a57-9b8f4a7ccba2#40-t4, previous=(t:4, i:10), leaderCommit=10, initializing? false, entries: <empty>
2019-10-22 00:04:23,103 [EventQueue-ContainerReportForContainerReportHandler] WARN  container.ContainerReportHandler (AbstractContainerReportHandler.java:updateContainerState(145)) - Container #1 is in OPEN state, but the datanode bec42651-2cde-4fcc-b688-684a384bc6fb{ip: 192.168.157.254, host: pr-hdds-2343-5q8j9-3338874002, networkLocation: /default-rack, certSerialId: null} reports an CLOSED replica.
2019-10-22 00:04:23,144 [EventQueue-ContainerReportForContainerReportHandler] WARN  container.ContainerReportHandler (AbstractContainerReportHandler.java:updateContainerState(145)) - Container #1 is in OPEN state, but the datanode fe2f4460-1173-45ac-8f62-3ccbe442b4a3{ip: 192.168.157.254, host: pr-hdds-2343-5q8j9-3338874002, networkLocation: /default-rack, certSerialId: null} reports an CLOSED replica.
2019-10-22 00:04:23,194 [BlockDeletingService#2] WARN  background.BlockDeletingService (BlockDeletingService.java:isDeletionAllowed(187)) - Close Container log Index 6 is not replicated across allthe servers in the pipeline c00d4cd3-293b-4d2c-9f2c-452902f59078 as the min replicated index is 4. Deletion is not allowed in this container yet.
2019-10-22 00:04:23,194 [BlockDeletingService#8] WARN  background.BlockDeletingService (BlockDeletingService.java:isDeletionAllowed(187)) - Close Container log Index 6 is not replicated across allthe servers in the pipeline c00d4cd3-293b-4d2c-9f2c-452902f59078 as the min replicated index is 4. Deletion is not allowed in this container yet.
2019-10-22 00:04:23,303 [EventQueue-ContainerReportForContainerReportHandler] WARN  container.ContainerReportHandler (AbstractContainerReportHandler.java:updateContainerState(145)) - Container #1 is in OPEN state, but the datanode bec42651-2cde-4fcc-b688-684a384bc6fb{ip: 192.168.157.254, host: pr-hdds-2343-5q8j9-3338874002, networkLocation: /default-rack, certSerialId: null} reports an CLOSED replica.
2019-10-22 00:04:23,445 [EventQueue-ContainerReportForContainerReportHandler] WARN  container.ContainerReportHandler (AbstractContainerReportHandler.java:updateContainerState(145)) - Container #1 is in OPEN state, but the datanode fe2f4460-1173-45ac-8f62-3ccbe442b4a3{ip: 192.168.157.254, host: pr-hdds-2343-5q8j9-3338874002, networkLocation: /default-rack, certSerialId: null} reports an CLOSED replica.
2019-10-22 00:04:23,703 [EventQueue-ContainerReportForContainerReportHandler] WARN  container.ContainerReportHandler (AbstractContainerReportHandler.java:updateContainerState(145)) - Container #1 is in OPEN state, but the datanode bec42651-2cde-4fcc-b688-684a384bc6fb{ip: 192.168.157.254, host: pr-hdds-2343-5q8j9-3338874002, networkLocation: /default-rack, certSerialId: null} reports an CLOSED replica.
2019-10-22 00:04:23,846 [EventQueue-ContainerReportForContainerReportHandler] WARN  container.ContainerReportHandler (AbstractContainerReportHandler.java:updateContainerState(145)) - Container #1 is in OPEN state, but the datanode fe2f4460-1173-45ac-8f62-3ccbe442b4a3{ip: 192.168.157.254, host: pr-hdds-2343-5q8j9-3338874002, networkLocation: /default-rack, certSerialId: null} reports an CLOSED replica.
2019-10-22 00:04:23,903 [EventQueue-ContainerReportForContainerReportHandler] WARN  container.ContainerReportHandler (AbstractContainerReportHandler.java:updateContainerState(145)) - Container #1 is in OPEN state, but the datanode bec42651-2cde-4fcc-b688-684a384bc6fb{ip: 192.168.157.254, host: pr-hdds-2343-5q8j9-3338874002, networkLocation: /default-rack, certSerialId: null} reports an CLOSED replica.
2019-10-22 00:04:24,146 [EventQueue-ContainerReportForContainerReportHandler] WARN  container.ContainerReportHandler (AbstractContainerReportHandler.java:updateContainerState(145)) - Container #1 is in OPEN state, but the datanode fe2f4460-1173-45ac-8f62-3ccbe442b4a3{ip: 192.168.157.254, host: pr-hdds-2343-5q8j9-3338874002, networkLocation: /default-rack, certSerialId: null} reports an CLOSED replica.
2019-10-22 00:04:24,196 [BlockDeletingService#2] WARN  background.BlockDeletingService (BlockDeletingService.java:isDeletionAllowed(187)) - Close Container log Index 6 is not replicated across allthe servers in the pipeline c00d4cd3-293b-4d2c-9f2c-452902f59078 as the min replicated index is 4. Deletion is not allowed in this container yet.
2019-10-22 00:04:24,196 [BlockDeletingService#8] WARN  background.BlockDeletingService (BlockDeletingService.java:isDeletionAllowed(187)) - Close Container log Index 6 is not replicated across allthe servers in the pipeline c00d4cd3-293b-4d2c-9f2c-452902f59078 as the min replicated index is 4. Deletion is not allowed in this container yet.
2019-10-22 00:04:24,203 [EventQueue-ContainerReportForContainerReportHandler] WARN  container.ContainerReportHandler (AbstractContainerReportHandler.java:updateContainerState(145)) - Container #1 is in OPEN state, but the datanode bec42651-2cde-4fcc-b688-684a384bc6fb{ip: 192.168.157.254, host: pr-hdds-2343-5q8j9-3338874002, networkLocation: /default-rack, certSerialId: null} reports an CLOSED replica.
2019-10-22 00:04:24,347 [EventQueue-ContainerReportForContainerReportHandler] WARN  container.ContainerReportHandler (AbstractContainerReportHandler.java:updateContainerState(145)) - Container #1 is in OPEN state, but the datanode fe2f4460-1173-45ac-8f62-3ccbe442b4a3{ip: 192.168.157.254, host: pr-hdds-2343-5q8j9-3338874002, networkLocation: /default-rack, certSerialId: null} reports an CLOSED replica.
2019-10-22 00:04:24,503 [EventQueue-ContainerReportForContainerReportHandler] WARN  container.ContainerReportHandler (AbstractContainerReportHandler.java:updateContainerState(145)) - Container #1 is in OPEN state, but the datanode bec42651-2cde-4fcc-b688-684a384bc6fb{ip: 192.168.157.254, host: pr-hdds-2343-5q8j9-3338874002, networkLocation: /default-rack, certSerialId: null} reports an CLOSED replica.
2019-10-22 00:04:24,548 [EventQueue-ContainerReportForContainerReportHandler] WARN  container.ContainerReportHandler (AbstractContainerReportHandler.java:updateContainerState(145)) - Container #1 is in OPEN state, but the datanode fe2f4460-1173-45ac-8f62-3ccbe442b4a3{ip: 192.168.157.254, host: pr-hdds-2343-5q8j9-3338874002, networkLocation: /default-rack, certSerialId: null} reports an CLOSED replica.
2019-10-22 00:04:24,803 [EventQueue-ContainerReportForContainerReportHandler] WARN  container.ContainerReportHandler (AbstractContainerReportHandler.java:updateContainerState(145)) - Container #1 is in OPEN state, but the datanode bec42651-2cde-4fcc-b688-684a384bc6fb{ip: 192.168.157.254, host: pr-hdds-2343-5q8j9-3338874002, networkLocation: /default-rack, certSerialId: null} reports an CLOSED replica.
2019-10-22 00:04:24,948 [EventQueue-ContainerReportForContainerReportHandler] WARN  container.ContainerReportHandler (AbstractContainerReportHandler.java:updateContainerState(145)) - Container #1 is in OPEN state, but the datanode fe2f4460-1173-45ac-8f62-3ccbe442b4a3{ip: 192.168.157.254, host: pr-hdds-2343-5q8j9-3338874002, networkLocation: /default-rack, certSerialId: null} reports an CLOSED replica.
2019-10-22 00:04:25,103 [EventQueue-ContainerReportForContainerReportHandler] WARN  container.ContainerReportHandler (AbstractContainerReportHandler.java:updateContainerState(145)) - Container #1 is in OPEN state, but the datanode bec42651-2cde-4fcc-b688-684a384bc6fb{ip: 192.168.157.254, host: pr-hdds-2343-5q8j9-3338874002, networkLocation: /default-rack, certSerialId: null} reports an CLOSED replica.
2019-10-22 00:04:25,148 [EventQueue-ContainerReportForContainerReportHandler] WARN  container.ContainerReportHandler (AbstractContainerReportHandler.java:updateContainerState(145)) - Container #1 is in OPEN state, but the datanode fe2f4460-1173-45ac-8f62-3ccbe442b4a3{ip: 192.168.157.254, host: pr-hdds-2343-5q8j9-3338874002, networkLocation: /default-rack, certSerialId: null} reports an CLOSED replica.
2019-10-22 00:04:25,198 [BlockDeletingService#2] WARN  background.BlockDeletingService (BlockDeletingService.java:isDeletionAllowed(187)) - Close Container log Index 6 is not replicated across allthe servers in the pipeline c00d4cd3-293b-4d2c-9f2c-452902f59078 as the min replicated index is 4. Deletion is not allowed in this container yet.
2019-10-22 00:04:25,198 [BlockDeletingService#8] WARN  background.BlockDeletingService (BlockDeletingService.java:isDeletionAllowed(187)) - Close Container log Index 6 is not replicated across allthe servers in the pipeline c00d4cd3-293b-4d2c-9f2c-452902f59078 as the min replicated index is 4. Deletion is not allowed in this container yet.
2019-10-22 00:04:25,403 [EventQueue-ContainerReportForContainerReportHandler] WARN  container.ContainerReportHandler (AbstractContainerReportHandler.java:updateContainerState(145)) - Container #1 is in OPEN state, but the datanode bec42651-2cde-4fcc-b688-684a384bc6fb{ip: 192.168.157.254, host: pr-hdds-2343-5q8j9-3338874002, networkLocation: /default-rack, certSerialId: null} reports an CLOSED replica.
2019-10-22 00:04:25,505 [java.util.concurrent.ThreadPoolExecutor$Worker@1cc2f809[State = -1, empty queue]] WARN  server.GrpcLogAppender (GrpcLogAppender.java:timeoutAppendRequest(209)) - fe2f4460-1173-45ac-8f62-3ccbe442b4a3@group-452902F59078->0d315fbd-ade0-427f-8a57-9b8f4a7ccba2-GrpcLogAppender: appendEntries Timeout, request=fe2f4460-1173-45ac-8f62-3ccbe442b4a3->0d315fbd-ade0-427f-8a57-9b8f4a7ccba2#41-t4, previous=(t:4, i:10), leaderCommit=10, initializing? false, entries: <empty>
2019-10-22 00:04:25,548 [EventQueue-ContainerReportForContainerReportHandler] WARN  container.ContainerReportHandler (AbstractContainerReportHandler.java:updateContainerState(145)) - Container #1 is in OPEN state, but the datanode fe2f4460-1173-45ac-8f62-3ccbe442b4a3{ip: 192.168.157.254, host: pr-hdds-2343-5q8j9-3338874002, networkLocation: /default-rack, certSerialId: null} reports an CLOSED replica.
2019-10-22 00:04:25,804 [EventQueue-ContainerReportForContainerReportHandler] WARN  container.ContainerReportHandler (AbstractContainerReportHandler.java:updateContainerState(145)) - Container #1 is in OPEN state, but the datanode bec42651-2cde-4fcc-b688-684a384bc6fb{ip: 192.168.157.254, host: pr-hdds-2343-5q8j9-3338874002, networkLocation: /default-rack, certSerialId: null} reports an CLOSED replica.
2019-10-22 00:04:25,848 [EventQueue-ContainerReportForContainerReportHandler] WARN  container.ContainerReportHandler (AbstractContainerReportHandler.java:updateContainerState(145)) - Container #1 is in OPEN state, but the datanode fe2f4460-1173-45ac-8f62-3ccbe442b4a3{ip: 192.168.157.254, host: pr-hdds-2343-5q8j9-3338874002, networkLocation: /default-rack, certSerialId: null} reports an CLOSED replica.
2019-10-22 00:04:26,003 [EventQueue-ContainerReportForContainerReportHandler] WARN  container.ContainerReportHandler (AbstractContainerReportHandler.java:updateContainerState(145)) - Container #1 is in OPEN state, but the datanode bec42651-2cde-4fcc-b688-684a384bc6fb{ip: 192.168.157.254, host: pr-hdds-2343-5q8j9-3338874002, networkLocation: /default-rack, certSerialId: null} reports an CLOSED replica.
2019-10-22 00:04:26,200 [BlockDeletingService#2] WARN  background.BlockDeletingService (BlockDeletingService.java:isDeletionAllowed(187)) - Close Container log Index 6 is not replicated across allthe servers in the pipeline c00d4cd3-293b-4d2c-9f2c-452902f59078 as the min replicated index is 4. Deletion is not allowed in this container yet.
2019-10-22 00:04:26,200 [BlockDeletingService#8] WARN  background.BlockDeletingService (BlockDeletingService.java:isDeletionAllowed(187)) - Close Container log Index 6 is not replicated across allthe servers in the pipeline c00d4cd3-293b-4d2c-9f2c-452902f59078 as the min replicated index is 4. Deletion is not allowed in this container yet.
2019-10-22 00:04:26,248 [EventQueue-ContainerReportForContainerReportHandler] WARN  container.ContainerReportHandler (AbstractContainerReportHandler.java:updateContainerState(145)) - Container #1 is in OPEN state, but the datanode fe2f4460-1173-45ac-8f62-3ccbe442b4a3{ip: 192.168.157.254, host: pr-hdds-2343-5q8j9-3338874002, networkLocation: /default-rack, certSerialId: null} reports an CLOSED replica.
2019-10-22 00:04:26,303 [EventQueue-ContainerReportForContainerReportHandler] WARN  container.ContainerReportHandler (AbstractContainerReportHandler.java:updateContainerState(145)) - Container #1 is in OPEN state, but the datanode bec42651-2cde-4fcc-b688-684a384bc6fb{ip: 192.168.157.254, host: pr-hdds-2343-5q8j9-3338874002, networkLocation: /default-rack, certSerialId: null} reports an CLOSED replica.
2019-10-22 00:04:26,447 [EventQueue-ContainerReportForContainerReportHandler] WARN  container.ContainerReportHandler (AbstractContainerReportHandler.java:updateContainerState(145)) - Container #1 is in OPEN state, but the datanode fe2f4460-1173-45ac-8f62-3ccbe442b4a3{ip: 192.168.157.254, host: pr-hdds-2343-5q8j9-3338874002, networkLocation: /default-rack, certSerialId: null} reports an CLOSED replica.
2019-10-22 00:04:26,503 [EventQueue-ContainerReportForContainerReportHandler] WARN  container.ContainerReportHandler (AbstractContainerReportHandler.java:updateContainerState(145)) - Container #1 is in OPEN state, but the datanode bec42651-2cde-4fcc-b688-684a384bc6fb{ip: 192.168.157.254, host: pr-hdds-2343-5q8j9-3338874002, networkLocation: /default-rack, certSerialId: null} reports an CLOSED replica.
2019-10-22 00:04:26,748 [EventQueue-ContainerReportForContainerReportHandler] WARN  container.ContainerReportHandler (AbstractContainerReportHandler.java:updateContainerState(145)) - Container #1 is in OPEN state, but the datanode fe2f4460-1173-45ac-8f62-3ccbe442b4a3{ip: 192.168.157.254, host: pr-hdds-2343-5q8j9-3338874002, networkLocation: /default-rack, certSerialId: null} reports an CLOSED replica.
2019-10-22 00:04:26,803 [EventQueue-ContainerReportForContainerReportHandler] WARN  container.ContainerReportHandler (AbstractContainerReportHandler.java:updateContainerState(145)) - Container #1 is in OPEN state, but the datanode bec42651-2cde-4fcc-b688-684a384bc6fb{ip: 192.168.157.254, host: pr-hdds-2343-5q8j9-3338874002, networkLocation: /default-rack, certSerialId: null} reports an CLOSED replica.
2019-10-22 00:04:27,048 [EventQueue-ContainerReportForContainerReportHandler] WARN  container.ContainerReportHandler (AbstractContainerReportHandler.java:updateContainerState(145)) - Container #1 is in OPEN state, but the datanode fe2f4460-1173-45ac-8f62-3ccbe442b4a3{ip: 192.168.157.254, host: pr-hdds-2343-5q8j9-3338874002, networkLocation: /default-rack, certSerialId: null} reports an CLOSED replica.
2019-10-22 00:04:27,103 [EventQueue-ContainerReportForContainerReportHandler] WARN  container.ContainerReportHandler (AbstractContainerReportHandler.java:updateContainerState(145)) - Container #1 is in OPEN state, but the datanode bec42651-2cde-4fcc-b688-684a384bc6fb{ip: 192.168.157.254, host: pr-hdds-2343-5q8j9-3338874002, networkLocation: /default-rack, certSerialId: null} reports an CLOSED replica.
2019-10-22 00:04:27,201 [BlockDeletingService#8] WARN  background.BlockDeletingService (BlockDeletingService.java:isDeletionAllowed(187)) - Close Container log Index 6 is not replicated across allthe servers in the pipeline c00d4cd3-293b-4d2c-9f2c-452902f59078 as the min replicated index is 4. Deletion is not allowed in this container yet.
2019-10-22 00:04:27,201 [BlockDeletingService#2] WARN  background.BlockDeletingService (BlockDeletingService.java:isDeletionAllowed(187)) - Close Container log Index 6 is not replicated across allthe servers in the pipeline c00d4cd3-293b-4d2c-9f2c-452902f59078 as the min replicated index is 4. Deletion is not allowed in this container yet.
2019-10-22 00:04:27,349 [EventQueue-ContainerReportForContainerReportHandler] WARN  container.ContainerReportHandler (AbstractContainerReportHandler.java:updateContainerState(145)) - Container #1 is in OPEN state, but the datanode fe2f4460-1173-45ac-8f62-3ccbe442b4a3{ip: 192.168.157.254, host: pr-hdds-2343-5q8j9-3338874002, networkLocation: /default-rack, certSerialId: null} reports an CLOSED replica.
2019-10-22 00:04:27,503 [EventQueue-ContainerReportForContainerReportHandler] WARN  container.ContainerReportHandler (AbstractContainerReportHandler.java:updateContainerState(145)) - Container #1 is in OPEN state, but the datanode bec42651-2cde-4fcc-b688-684a384bc6fb{ip: 192.168.157.254, host: pr-hdds-2343-5q8j9-3338874002, networkLocation: /default-rack, certSerialId: null} reports an CLOSED replica.
2019-10-22 00:04:27,703 [EventQueue-ContainerReportForContainerReportHandler] WARN  container.ContainerReportHandler (AbstractContainerReportHandler.java:updateContainerState(145)) - Container #1 is in OPEN state, but the datanode bec42651-2cde-4fcc-b688-684a384bc6fb{ip: 192.168.157.254, host: pr-hdds-2343-5q8j9-3338874002, networkLocation: /default-rack, certSerialId: null} reports an CLOSED replica.
2019-10-22 00:04:27,749 [EventQueue-ContainerReportForContainerReportHandler] WARN  container.ContainerReportHandler (AbstractContainerReportHandler.java:updateContainerState(145)) - Container #1 is in OPEN state, but the datanode fe2f4460-1173-45ac-8f62-3ccbe442b4a3{ip: 192.168.157.254, host: pr-hdds-2343-5q8j9-3338874002, networkLocation: /default-rack, certSerialId: null} reports an CLOSED replica.
2019-10-22 00:04:28,003 [EventQueue-ContainerReportForContainerReportHandler] WARN  container.ContainerReportHandler (AbstractContainerReportHandler.java:updateContainerState(145)) - Container #1 is in OPEN state, but the datanode bec42651-2cde-4fcc-b688-684a384bc6fb{ip: 192.168.157.254, host: pr-hdds-2343-5q8j9-3338874002, networkLocation: /default-rack, certSerialId: null} reports an CLOSED replica.
2019-10-22 00:04:28,007 [java.util.concurrent.ThreadPoolExecutor$Worker@1cc2f809[State = -1, empty queue]] WARN  server.GrpcLogAppender (GrpcLogAppender.java:timeoutAppendRequest(209)) - fe2f4460-1173-45ac-8f62-3ccbe442b4a3@group-452902F59078->0d315fbd-ade0-427f-8a57-9b8f4a7ccba2-GrpcLogAppender: appendEntries Timeout, request=fe2f4460-1173-45ac-8f62-3ccbe442b4a3->0d315fbd-ade0-427f-8a57-9b8f4a7ccba2#42-t4, previous=(t:4, i:10), leaderCommit=10, initializing? false, entries: <empty>
2019-10-22 00:04:28,049 [EventQueue-ContainerReportForContainerReportHandler] WARN  container.ContainerReportHandler (AbstractContainerReportHandler.java:updateContainerState(145)) - Container #1 is in OPEN state, but the datanode fe2f4460-1173-45ac-8f62-3ccbe442b4a3{ip: 192.168.157.254, host: pr-hdds-2343-5q8j9-3338874002, networkLocation: /default-rack, certSerialId: null} reports an CLOSED replica.
2019-10-22 00:04:28,203 [BlockDeletingService#2] WARN  background.BlockDeletingService (BlockDeletingService.java:isDeletionAllowed(187)) - Close Container log Index 6 is not replicated across allthe servers in the pipeline c00d4cd3-293b-4d2c-9f2c-452902f59078 as the min replicated index is 4. Deletion is not allowed in this container yet.
2019-10-22 00:04:28,203 [BlockDeletingService#8] WARN  background.BlockDeletingService (BlockDeletingService.java:isDeletionAllowed(187)) - Close Container log Index 6 is not replicated across allthe servers in the pipeline c00d4cd3-293b-4d2c-9f2c-452902f59078 as the min replicated index is 4. Deletion is not allowed in this container yet.
2019-10-22 00:04:28,203 [EventQueue-ContainerReportForContainerReportHandler] WARN  container.ContainerReportHandler (AbstractContainerReportHandler.java:updateContainerState(145)) - Container #1 is in OPEN state, but the datanode bec42651-2cde-4fcc-b688-684a384bc6fb{ip: 192.168.157.254, host: pr-hdds-2343-5q8j9-3338874002, networkLocation: /default-rack, certSerialId: null} reports an CLOSED replica.
2019-10-22 00:04:28,349 [EventQueue-ContainerReportForContainerReportHandler] WARN  container.ContainerReportHandler (AbstractContainerReportHandler.java:updateContainerState(145)) - Container #1 is in OPEN state, but the datanode fe2f4460-1173-45ac-8f62-3ccbe442b4a3{ip: 192.168.157.254, host: pr-hdds-2343-5q8j9-3338874002, networkLocation: /default-rack, certSerialId: null} reports an CLOSED replica.
2019-10-22 00:04:28,403 [EventQueue-ContainerReportForContainerReportHandler] WARN  container.ContainerReportHandler (AbstractContainerReportHandler.java:updateContainerState(145)) - Container #1 is in OPEN state, but the datanode bec42651-2cde-4fcc-b688-684a384bc6fb{ip: 192.168.157.254, host: pr-hdds-2343-5q8j9-3338874002, networkLocation: /default-rack, certSerialId: null} reports an CLOSED replica.
2019-10-22 00:04:28,549 [EventQueue-ContainerReportForContainerReportHandler] WARN  container.ContainerReportHandler (AbstractContainerReportHandler.java:updateContainerState(145)) - Container #1 is in OPEN state, but the datanode fe2f4460-1173-45ac-8f62-3ccbe442b4a3{ip: 192.168.157.254, host: pr-hdds-2343-5q8j9-3338874002, networkLocation: /default-rack, certSerialId: null} reports an CLOSED replica.
2019-10-22 00:04:28,654 [Thread-484] INFO  client.GrpcClientProtocolService (GrpcClientProtocolService.java:lambda$processClientRequest$0(278)) - Failed RaftClientRequest:client-06600EE78844->bec42651-2cde-4fcc-b688-684a384bc6fb@group-452902F59078, cid=10, seq=0, Watch-ALL_COMMITTED(6), Message:<EMPTY>, reply=RaftClientReply:client-06600EE78844->bec42651-2cde-4fcc-b688-684a384bc6fb@group-452902F59078, cid=10, FAILED org.apache.ratis.protocol.NotLeaderException: Server bec42651-2cde-4fcc-b688-684a384bc6fb@group-452902F59078 is not the leader fe2f4460-1173-45ac-8f62-3ccbe442b4a3:192.168.157.254:43148, logIndex=0, commits[bec42651-2cde-4fcc-b688-684a384bc6fb:c10, fe2f4460-1173-45ac-8f62-3ccbe442b4a3:c10, 0d315fbd-ade0-427f-8a57-9b8f4a7ccba2:c4]
2019-10-22 00:04:28,803 [EventQueue-ContainerReportForContainerReportHandler] WARN  container.ContainerReportHandler (AbstractContainerReportHandler.java:updateContainerState(145)) - Container #1 is in OPEN state, but the datanode bec42651-2cde-4fcc-b688-684a384bc6fb{ip: 192.168.157.254, host: pr-hdds-2343-5q8j9-3338874002, networkLocation: /default-rack, certSerialId: null} reports an CLOSED replica.
2019-10-22 00:04:28,950 [EventQueue-ContainerReportForContainerReportHandler] WARN  container.ContainerReportHandler (AbstractContainerReportHandler.java:updateContainerState(145)) - Container #1 is in OPEN state, but the datanode fe2f4460-1173-45ac-8f62-3ccbe442b4a3{ip: 192.168.157.254, host: pr-hdds-2343-5q8j9-3338874002, networkLocation: /default-rack, certSerialId: null} reports an CLOSED replica.
2019-10-22 00:04:29,103 [EventQueue-ContainerReportForContainerReportHandler] WARN  container.ContainerReportHandler (AbstractContainerReportHandler.java:updateContainerState(145)) - Container #1 is in OPEN state, but the datanode bec42651-2cde-4fcc-b688-684a384bc6fb{ip: 192.168.157.254, host: pr-hdds-2343-5q8j9-3338874002, networkLocation: /default-rack, certSerialId: null} reports an CLOSED replica.
2019-10-22 00:04:29,204 [BlockDeletingService#7] WARN  background.BlockDeletingService (BlockDeletingService.java:isDeletionAllowed(187)) - Close Container log Index 6 is not replicated across allthe servers in the pipeline c00d4cd3-293b-4d2c-9f2c-452902f59078 as the min replicated index is 4. Deletion is not allowed in this container yet.
2019-10-22 00:04:29,205 [BlockDeletingService#8] WARN  background.BlockDeletingService (BlockDeletingService.java:isDeletionAllowed(187)) - Close Container log Index 6 is not replicated across allthe servers in the pipeline c00d4cd3-293b-4d2c-9f2c-452902f59078 as the min replicated index is 4. Deletion is not allowed in this container yet.
2019-10-22 00:04:29,251 [EventQueue-ContainerReportForContainerReportHandler] WARN  container.ContainerReportHandler (AbstractContainerReportHandler.java:updateContainerState(145)) - Container #1 is in OPEN state, but the datanode fe2f4460-1173-45ac-8f62-3ccbe442b4a3{ip: 192.168.157.254, host: pr-hdds-2343-5q8j9-3338874002, networkLocation: /default-rack, certSerialId: null} reports an CLOSED replica.
2019-10-22 00:04:29,504 [EventQueue-ContainerReportForContainerReportHandler] WARN  container.ContainerReportHandler (AbstractContainerReportHandler.java:updateContainerState(145)) - Container #1 is in OPEN state, but the datanode bec42651-2cde-4fcc-b688-684a384bc6fb{ip: 192.168.157.254, host: pr-hdds-2343-5q8j9-3338874002, networkLocation: /default-rack, certSerialId: null} reports an CLOSED replica.
2019-10-22 00:04:29,551 [EventQueue-ContainerReportForContainerReportHandler] WARN  container.ContainerReportHandler (AbstractContainerReportHandler.java:updateContainerState(145)) - Container #1 is in OPEN state, but the datanode fe2f4460-1173-45ac-8f62-3ccbe442b4a3{ip: 192.168.157.254, host: pr-hdds-2343-5q8j9-3338874002, networkLocation: /default-rack, certSerialId: null} reports an CLOSED replica.
2019-10-22 00:04:29,703 [EventQueue-ContainerReportForContainerReportHandler] WARN  container.ContainerReportHandler (AbstractContainerReportHandler.java:updateContainerState(145)) - Container #1 is in OPEN state, but the datanode bec42651-2cde-4fcc-b688-684a384bc6fb{ip: 192.168.157.254, host: pr-hdds-2343-5q8j9-3338874002, networkLocation: /default-rack, certSerialId: null} reports an CLOSED replica.
2019-10-22 00:04:29,751 [EventQueue-ContainerReportForContainerReportHandler] WARN  container.ContainerReportHandler (AbstractContainerReportHandler.java:updateContainerState(145)) - Container #1 is in OPEN state, but the datanode fe2f4460-1173-45ac-8f62-3ccbe442b4a3{ip: 192.168.157.254, host: pr-hdds-2343-5q8j9-3338874002, networkLocation: /default-rack, certSerialId: null} reports an CLOSED replica.
2019-10-22 00:04:30,003 [EventQueue-ContainerReportForContainerReportHandler] WARN  container.ContainerReportHandler (AbstractContainerReportHandler.java:updateContainerState(145)) - Container #1 is in OPEN state, but the datanode bec42651-2cde-4fcc-b688-684a384bc6fb{ip: 192.168.157.254, host: pr-hdds-2343-5q8j9-3338874002, networkLocation: /default-rack, certSerialId: null} reports an CLOSED replica.
2019-10-22 00:04:30,051 [EventQueue-ContainerReportForContainerReportHandler] WARN  container.ContainerReportHandler (AbstractContainerReportHandler.java:updateContainerState(145)) - Container #1 is in OPEN state, but the datanode fe2f4460-1173-45ac-8f62-3ccbe442b4a3{ip: 192.168.157.254, host: pr-hdds-2343-5q8j9-3338874002, networkLocation: /default-rack, certSerialId: null} reports an CLOSED replica.
2019-10-22 00:04:30,208 [BlockDeletingService#8] WARN  background.BlockDeletingService (BlockDeletingService.java:isDeletionAllowed(187)) - Close Container log Index 6 is not replicated across allthe servers in the pipeline c00d4cd3-293b-4d2c-9f2c-452902f59078 as the min replicated index is 4. Deletion is not allowed in this container yet.
2019-10-22 00:04:30,208 [BlockDeletingService#7] WARN  background.BlockDeletingService (BlockDeletingService.java:isDeletionAllowed(187)) - Close Container log Index 6 is not replicated across allthe servers in the pipeline c00d4cd3-293b-4d2c-9f2c-452902f59078 as the min replicated index is 4. Deletion is not allowed in this container yet.
2019-10-22 00:04:30,252 [EventQueue-ContainerReportForContainerReportHandler] WARN  container.ContainerReportHandler (AbstractContainerReportHandler.java:updateContainerState(145)) - Container #1 is in OPEN state, but the datanode fe2f4460-1173-45ac-8f62-3ccbe442b4a3{ip: 192.168.157.254, host: pr-hdds-2343-5q8j9-3338874002, networkLocation: /default-rack, certSerialId: null} reports an CLOSED replica.
2019-10-22 00:04:30,304 [EventQueue-ContainerReportForContainerReportHandler] WARN  container.ContainerReportHandler (AbstractContainerReportHandler.java:updateContainerState(145)) - Container #1 is in OPEN state, but the datanode bec42651-2cde-4fcc-b688-684a384bc6fb{ip: 192.168.157.254, host: pr-hdds-2343-5q8j9-3338874002, networkLocation: /default-rack, certSerialId: null} reports an CLOSED replica.
2019-10-22 00:04:30,503 [EventQueue-ContainerReportForContainerReportHandler] WARN  container.ContainerReportHandler (AbstractContainerReportHandler.java:updateContainerState(145)) - Container #1 is in OPEN state, but the datanode bec42651-2cde-4fcc-b688-684a384bc6fb{ip: 192.168.157.254, host: pr-hdds-2343-5q8j9-3338874002, networkLocation: /default-rack, certSerialId: null} reports an CLOSED replica.
2019-10-22 00:04:30,508 [java.util.concurrent.ThreadPoolExecutor$Worker@1cc2f809[State = -1, empty queue]] WARN  server.GrpcLogAppender (GrpcLogAppender.java:timeoutAppendRequest(209)) - fe2f4460-1173-45ac-8f62-3ccbe442b4a3@group-452902F59078->0d315fbd-ade0-427f-8a57-9b8f4a7ccba2-GrpcLogAppender: appendEntries Timeout, request=fe2f4460-1173-45ac-8f62-3ccbe442b4a3->0d315fbd-ade0-427f-8a57-9b8f4a7ccba2#43-t4, previous=(t:4, i:10), leaderCommit=10, initializing? false, entries: <empty>
2019-10-22 00:04:30,584 [Thread-492] INFO  client.GrpcClientProtocolService (GrpcClientProtocolService.java:lambda$processClientRequest$0(278)) - Failed RaftClientRequest:client-06600EE78844->fe2f4460-1173-45ac-8f62-3ccbe442b4a3@group-452902F59078, cid=10, seq=0, Watch-ALL_COMMITTED(6), Message:<EMPTY>, reply=RaftClientReply:client-06600EE78844->fe2f4460-1173-45ac-8f62-3ccbe442b4a3@group-452902F59078, cid=10, FAILED org.apache.ratis.protocol.NotReplicatedException: Request with call Id 10 and log index 6 is not yet replicated to ALL_COMMITTED, logIndex=6, commits[fe2f4460-1173-45ac-8f62-3ccbe442b4a3:c10, bec42651-2cde-4fcc-b688-684a384bc6fb:c10, 0d315fbd-ade0-427f-8a57-9b8f4a7ccba2:c4]
2019-10-22 00:04:30,652 [EventQueue-ContainerReportForContainerReportHandler] WARN  container.ContainerReportHandler (AbstractContainerReportHandler.java:updateContainerState(145)) - Container #1 is in OPEN state, but the datanode fe2f4460-1173-45ac-8f62-3ccbe442b4a3{ip: 192.168.157.254, host: pr-hdds-2343-5q8j9-3338874002, networkLocation: /default-rack, certSerialId: null} reports an CLOSED replica.
2019-10-22 00:04:30,804 [EventQueue-ContainerReportForContainerReportHandler] WARN  container.ContainerReportHandler (AbstractContainerReportHandler.java:updateContainerState(145)) - Container #1 is in OPEN state, but the datanode bec42651-2cde-4fcc-b688-684a384bc6fb{ip: 192.168.157.254, host: pr-hdds-2343-5q8j9-3338874002, networkLocation: /default-rack, certSerialId: null} reports an CLOSED replica.
2019-10-22 00:04:30,952 [EventQueue-ContainerReportForContainerReportHandler] WARN  container.ContainerReportHandler (AbstractContainerReportHandler.java:updateContainerState(145)) - Container #1 is in OPEN state, but the datanode fe2f4460-1173-45ac-8f62-3ccbe442b4a3{ip: 192.168.157.254, host: pr-hdds-2343-5q8j9-3338874002, networkLocation: /default-rack, certSerialId: null} reports an CLOSED replica.
2019-10-22 00:04:31,204 [EventQueue-ContainerReportForContainerReportHandler] WARN  container.ContainerReportHandler (AbstractContainerReportHandler.java:updateContainerState(145)) - Container #1 is in OPEN state, but the datanode bec42651-2cde-4fcc-b688-684a384bc6fb{ip: 192.168.157.254, host: pr-hdds-2343-5q8j9-3338874002, networkLocation: /default-rack, certSerialId: null} reports an CLOSED replica.
2019-10-22 00:04:31,210 [BlockDeletingService#7] WARN  background.BlockDeletingService (BlockDeletingService.java:isDeletionAllowed(187)) - Close Container log Index 6 is not replicated across allthe servers in the pipeline c00d4cd3-293b-4d2c-9f2c-452902f59078 as the min replicated index is 4. Deletion is not allowed in this container yet.
2019-10-22 00:04:31,211 [BlockDeletingService#8] WARN  background.BlockDeletingService (BlockDeletingService.java:isDeletionAllowed(187)) - Close Container log Index 6 is not replicated across allthe servers in the pipeline c00d4cd3-293b-4d2c-9f2c-452902f59078 as the min replicated index is 4. Deletion is not allowed in this container yet.
2019-10-22 00:04:31,252 [EventQueue-ContainerReportForContainerReportHandler] WARN  container.ContainerReportHandler (AbstractContainerReportHandler.java:updateContainerState(145)) - Container #1 is in OPEN state, but the datanode fe2f4460-1173-45ac-8f62-3ccbe442b4a3{ip: 192.168.157.254, host: pr-hdds-2343-5q8j9-3338874002, networkLocation: /default-rack, certSerialId: null} reports an CLOSED replica.
2019-10-22 00:04:31,452 [EventQueue-ContainerReportForContainerReportHandler] WARN  container.ContainerReportHandler (AbstractContainerReportHandler.java:updateContainerState(145)) - Container #1 is in OPEN state, but the datanode fe2f4460-1173-45ac-8f62-3ccbe442b4a3{ip: 192.168.157.254, host: pr-hdds-2343-5q8j9-3338874002, networkLocation: /default-rack, certSerialId: null} reports an CLOSED replica.
2019-10-22 00:04:31,604 [EventQueue-ContainerReportForContainerReportHandler] WARN  container.ContainerReportHandler (AbstractContainerReportHandler.java:updateContainerState(145)) - Container #1 is in OPEN state, but the datanode bec42651-2cde-4fcc-b688-684a384bc6fb{ip: 192.168.157.254, host: pr-hdds-2343-5q8j9-3338874002, networkLocation: /default-rack, certSerialId: null} reports an CLOSED replica.
2019-10-22 00:04:31,753 [EventQueue-ContainerReportForContainerReportHandler] WARN  container.ContainerReportHandler (AbstractContainerReportHandler.java:updateContainerState(145)) - Container #1 is in OPEN state, but the datanode fe2f4460-1173-45ac-8f62-3ccbe442b4a3{ip: 192.168.157.254, host: pr-hdds-2343-5q8j9-3338874002, networkLocation: /default-rack, certSerialId: null} reports an CLOSED replica.
2019-10-22 00:04:31,904 [EventQueue-ContainerReportForContainerReportHandler] WARN  container.ContainerReportHandler (AbstractContainerReportHandler.java:updateContainerState(145)) - Container #1 is in OPEN state, but the datanode bec42651-2cde-4fcc-b688-684a384bc6fb{ip: 192.168.157.254, host: pr-hdds-2343-5q8j9-3338874002, networkLocation: /default-rack, certSerialId: null} reports an CLOSED replica.
2019-10-22 00:04:32,053 [EventQueue-ContainerReportForContainerReportHandler] WARN  container.ContainerReportHandler (AbstractContainerReportHandler.java:updateContainerState(145)) - Container #1 is in OPEN state, but the datanode fe2f4460-1173-45ac-8f62-3ccbe442b4a3{ip: 192.168.157.254, host: pr-hdds-2343-5q8j9-3338874002, networkLocation: /default-rack, certSerialId: null} reports an CLOSED replica.
2019-10-22 00:04:32,204 [EventQueue-ContainerReportForContainerReportHandler] WARN  container.ContainerReportHandler (AbstractContainerReportHandler.java:updateContainerState(145)) - Container #1 is in OPEN state, but the datanode bec42651-2cde-4fcc-b688-684a384bc6fb{ip: 192.168.157.254, host: pr-hdds-2343-5q8j9-3338874002, networkLocation: /default-rack, certSerialId: null} reports an CLOSED replica.
2019-10-22 00:04:32,212 [BlockDeletingService#7] WARN  background.BlockDeletingService (BlockDeletingService.java:isDeletionAllowed(187)) - Close Container log Index 6 is not replicated across allthe servers in the pipeline c00d4cd3-293b-4d2c-9f2c-452902f59078 as the min replicated index is 4. Deletion is not allowed in this container yet.
2019-10-22 00:04:32,212 [BlockDeletingService#8] WARN  background.BlockDeletingService (BlockDeletingService.java:isDeletionAllowed(187)) - Close Container log Index 6 is not replicated across allthe servers in the pipeline c00d4cd3-293b-4d2c-9f2c-452902f59078 as the min replicated index is 4. Deletion is not allowed in this container yet.
2019-10-22 00:04:32,354 [EventQueue-ContainerReportForContainerReportHandler] WARN  container.ContainerReportHandler (AbstractContainerReportHandler.java:updateContainerState(145)) - Container #1 is in OPEN state, but the datanode fe2f4460-1173-45ac-8f62-3ccbe442b4a3{ip: 192.168.157.254, host: pr-hdds-2343-5q8j9-3338874002, networkLocation: /default-rack, certSerialId: null} reports an CLOSED replica.
2019-10-22 00:04:32,504 [EventQueue-ContainerReportForContainerReportHandler] WARN  container.ContainerReportHandler (AbstractContainerReportHandler.java:updateContainerState(145)) - Container #1 is in OPEN state, but the datanode bec42651-2cde-4fcc-b688-684a384bc6fb{ip: 192.168.157.254, host: pr-hdds-2343-5q8j9-3338874002, networkLocation: /default-rack, certSerialId: null} reports an CLOSED replica.
2019-10-22 00:04:32,754 [EventQueue-ContainerReportForContainerReportHandler] WARN  container.ContainerReportHandler (AbstractContainerReportHandler.java:updateContainerState(145)) - Container #1 is in OPEN state, but the datanode fe2f4460-1173-45ac-8f62-3ccbe442b4a3{ip: 192.168.157.254, host: pr-hdds-2343-5q8j9-3338874002, networkLocation: /default-rack, certSerialId: null} reports an CLOSED replica.
2019-10-22 00:04:32,804 [EventQueue-ContainerReportForContainerReportHandler] WARN  container.ContainerReportHandler (AbstractContainerReportHandler.java:updateContainerState(145)) - Container #1 is in OPEN state, but the datanode bec42651-2cde-4fcc-b688-684a384bc6fb{ip: 192.168.157.254, host: pr-hdds-2343-5q8j9-3338874002, networkLocation: /default-rack, certSerialId: null} reports an CLOSED replica.
2019-10-22 00:04:33,009 [java.util.concurrent.ThreadPoolExecutor$Worker@1cc2f809[State = -1, empty queue]] WARN  server.GrpcLogAppender (GrpcLogAppender.java:timeoutAppendRequest(209)) - fe2f4460-1173-45ac-8f62-3ccbe442b4a3@group-452902F59078->0d315fbd-ade0-427f-8a57-9b8f4a7ccba2-GrpcLogAppender: appendEntries Timeout, request=fe2f4460-1173-45ac-8f62-3ccbe442b4a3->0d315fbd-ade0-427f-8a57-9b8f4a7ccba2#44-t4, previous=(t:4, i:10), leaderCommit=10, initializing? false, entries: <empty>
2019-10-22 00:04:33,155 [EventQueue-ContainerReportForContainerReportHandler] WARN  container.ContainerReportHandler (AbstractContainerReportHandler.java:updateContainerState(145)) - Container #1 is in OPEN state, but the datanode fe2f4460-1173-45ac-8f62-3ccbe442b4a3{ip: 192.168.157.254, host: pr-hdds-2343-5q8j9-3338874002, networkLocation: /default-rack, certSerialId: null} reports an CLOSED replica.
2019-10-22 00:04:33,205 [EventQueue-ContainerReportForContainerReportHandler] WARN  container.ContainerReportHandler (AbstractContainerReportHandler.java:updateContainerState(145)) - Container #1 is in OPEN state, but the datanode bec42651-2cde-4fcc-b688-684a384bc6fb{ip: 192.168.157.254, host: pr-hdds-2343-5q8j9-3338874002, networkLocation: /default-rack, certSerialId: null} reports an CLOSED replica.
2019-10-22 00:04:33,214 [BlockDeletingService#7] WARN  background.BlockDeletingService (BlockDeletingService.java:isDeletionAllowed(187)) - Close Container log Index 6 is not replicated across allthe servers in the pipeline c00d4cd3-293b-4d2c-9f2c-452902f59078 as the min replicated index is 4. Deletion is not allowed in this container yet.
2019-10-22 00:04:33,214 [BlockDeletingService#8] WARN  background.BlockDeletingService (BlockDeletingService.java:isDeletionAllowed(187)) - Close Container log Index 6 is not replicated across allthe servers in the pipeline c00d4cd3-293b-4d2c-9f2c-452902f59078 as the min replicated index is 4. Deletion is not allowed in this container yet.
2019-10-22 00:04:33,357 [EventQueue-ContainerReportForContainerReportHandler] WARN  container.ContainerReportHandler (AbstractContainerReportHandler.java:updateContainerState(145)) - Container #1 is in OPEN state, but the datanode fe2f4460-1173-45ac-8f62-3ccbe442b4a3{ip: 192.168.157.254, host: pr-hdds-2343-5q8j9-3338874002, networkLocation: /default-rack, certSerialId: null} reports an CLOSED replica.
2019-10-22 00:04:33,404 [EventQueue-ContainerReportForContainerReportHandler] WARN  container.ContainerReportHandler (AbstractContainerReportHandler.java:updateContainerState(145)) - Container #1 is in OPEN state, but the datanode bec42651-2cde-4fcc-b688-684a384bc6fb{ip: 192.168.157.254, host: pr-hdds-2343-5q8j9-3338874002, networkLocation: /default-rack, certSerialId: null} reports an CLOSED replica.
2019-10-22 00:04:33,656 [EventQueue-ContainerReportForContainerReportHandler] WARN  container.ContainerReportHandler (AbstractContainerReportHandler.java:updateContainerState(145)) - Container #1 is in OPEN state, but the datanode fe2f4460-1173-45ac-8f62-3ccbe442b4a3{ip: 192.168.157.254, host: pr-hdds-2343-5q8j9-3338874002, networkLocation: /default-rack, certSerialId: null} reports an CLOSED replica.
2019-10-22 00:04:33,704 [EventQueue-ContainerReportForContainerReportHandler] WARN  container.ContainerReportHandler (AbstractContainerReportHandler.java:updateContainerState(145)) - Container #1 is in OPEN state, but the datanode bec42651-2cde-4fcc-b688-684a384bc6fb{ip: 192.168.157.254, host: pr-hdds-2343-5q8j9-3338874002, networkLocation: /default-rack, certSerialId: null} reports an CLOSED replica.
2019-10-22 00:04:33,856 [EventQueue-ContainerReportForContainerReportHandler] WARN  container.ContainerReportHandler (AbstractContainerReportHandler.java:updateContainerState(145)) - Container #1 is in OPEN state, but the datanode fe2f4460-1173-45ac-8f62-3ccbe442b4a3{ip: 192.168.157.254, host: pr-hdds-2343-5q8j9-3338874002, networkLocation: /default-rack, certSerialId: null} reports an CLOSED replica.
2019-10-22 00:04:34,005 [EventQueue-ContainerReportForContainerReportHandler] WARN  container.ContainerReportHandler (AbstractContainerReportHandler.java:updateContainerState(145)) - Container #1 is in OPEN state, but the datanode bec42651-2cde-4fcc-b688-684a384bc6fb{ip: 192.168.157.254, host: pr-hdds-2343-5q8j9-3338874002, networkLocation: /default-rack, certSerialId: null} reports an CLOSED replica.
2019-10-22 00:04:34,156 [EventQueue-ContainerReportForContainerReportHandler] WARN  container.ContainerReportHandler (AbstractContainerReportHandler.java:updateContainerState(145)) - Container #1 is in OPEN state, but the datanode fe2f4460-1173-45ac-8f62-3ccbe442b4a3{ip: 192.168.157.254, host: pr-hdds-2343-5q8j9-3338874002, networkLocation: /default-rack, certSerialId: null} reports an CLOSED replica.
2019-10-22 00:04:34,216 [BlockDeletingService#8] WARN  background.BlockDeletingService (BlockDeletingService.java:isDeletionAllowed(187)) - Close Container log Index 6 is not replicated across allthe servers in the pipeline c00d4cd3-293b-4d2c-9f2c-452902f59078 as the min replicated index is 4. Deletion is not allowed in this container yet.
2019-10-22 00:04:34,216 [BlockDeletingService#7] WARN  background.BlockDeletingService (BlockDeletingService.java:isDeletionAllowed(187)) - Close Container log Index 6 is not replicated across allthe servers in the pipeline c00d4cd3-293b-4d2c-9f2c-452902f59078 as the min replicated index is 4. Deletion is not allowed in this container yet.
2019-10-22 00:04:34,356 [EventQueue-ContainerReportForContainerReportHandler] WARN  container.ContainerReportHandler (AbstractContainerReportHandler.java:updateContainerState(145)) - Container #1 is in OPEN state, but the datanode fe2f4460-1173-45ac-8f62-3ccbe442b4a3{ip: 192.168.157.254, host: pr-hdds-2343-5q8j9-3338874002, networkLocation: /default-rack, certSerialId: null} reports an CLOSED replica.
2019-10-22 00:04:34,404 [EventQueue-ContainerReportForContainerReportHandler] WARN  container.ContainerReportHandler (AbstractContainerReportHandler.java:updateContainerState(145)) - Container #1 is in OPEN state, but the datanode bec42651-2cde-4fcc-b688-684a384bc6fb{ip: 192.168.157.254, host: pr-hdds-2343-5q8j9-3338874002, networkLocation: /default-rack, certSerialId: null} reports an CLOSED replica.
2019-10-22 00:04:34,704 [EventQueue-ContainerReportForContainerReportHandler] WARN  container.ContainerReportHandler (AbstractContainerReportHandler.java:updateContainerState(145)) - Container #1 is in OPEN state, but the datanode bec42651-2cde-4fcc-b688-684a384bc6fb{ip: 192.168.157.254, host: pr-hdds-2343-5q8j9-3338874002, networkLocation: /default-rack, certSerialId: null} reports an CLOSED replica.
2019-10-22 00:04:34,756 [EventQueue-ContainerReportForContainerReportHandler] WARN  container.ContainerReportHandler (AbstractContainerReportHandler.java:updateContainerState(145)) - Container #1 is in OPEN state, but the datanode fe2f4460-1173-45ac-8f62-3ccbe442b4a3{ip: 192.168.157.254, host: pr-hdds-2343-5q8j9-3338874002, networkLocation: /default-rack, certSerialId: null} reports an CLOSED replica.
2019-10-22 00:04:34,956 [EventQueue-ContainerReportForContainerReportHandler] WARN  container.ContainerReportHandler (AbstractContainerReportHandler.java:updateContainerState(145)) - Container #1 is in OPEN state, but the datanode fe2f4460-1173-45ac-8f62-3ccbe442b4a3{ip: 192.168.157.254, host: pr-hdds-2343-5q8j9-3338874002, networkLocation: /default-rack, certSerialId: null} reports an CLOSED replica.
2019-10-22 00:04:35,105 [EventQueue-ContainerReportForContainerReportHandler] WARN  container.ContainerReportHandler (AbstractContainerReportHandler.java:updateContainerState(145)) - Container #1 is in OPEN state, but the datanode bec42651-2cde-4fcc-b688-684a384bc6fb{ip: 192.168.157.254, host: pr-hdds-2343-5q8j9-3338874002, networkLocation: /default-rack, certSerialId: null} reports an CLOSED replica.
2019-10-22 00:04:35,217 [BlockDeletingService#7] WARN  background.BlockDeletingService (BlockDeletingService.java:isDeletionAllowed(187)) - Close Container log Index 6 is not replicated across allthe servers in the pipeline c00d4cd3-293b-4d2c-9f2c-452902f59078 as the min replicated index is 4. Deletion is not allowed in this container yet.
2019-10-22 00:04:35,217 [BlockDeletingService#8] WARN  background.BlockDeletingService (BlockDeletingService.java:isDeletionAllowed(187)) - Close Container log Index 6 is not replicated across allthe servers in the pipeline c00d4cd3-293b-4d2c-9f2c-452902f59078 as the min replicated index is 4. Deletion is not allowed in this container yet.
2019-10-22 00:04:35,257 [EventQueue-ContainerReportForContainerReportHandler] WARN  container.ContainerReportHandler (AbstractContainerReportHandler.java:updateContainerState(145)) - Container #1 is in OPEN state, but the datanode fe2f4460-1173-45ac-8f62-3ccbe442b4a3{ip: 192.168.157.254, host: pr-hdds-2343-5q8j9-3338874002, networkLocation: /default-rack, certSerialId: null} reports an CLOSED replica.
2019-10-22 00:04:35,406 [EventQueue-ContainerReportForContainerReportHandler] WARN  container.ContainerReportHandler (AbstractContainerReportHandler.java:updateContainerState(145)) - Container #1 is in OPEN state, but the datanode bec42651-2cde-4fcc-b688-684a384bc6fb{ip: 192.168.157.254, host: pr-hdds-2343-5q8j9-3338874002, networkLocation: /default-rack, certSerialId: null} reports an CLOSED replica.
2019-10-22 00:04:35,510 [java.util.concurrent.ThreadPoolExecutor$Worker@1cc2f809[State = -1, empty queue]] WARN  server.GrpcLogAppender (GrpcLogAppender.java:timeoutAppendRequest(209)) - fe2f4460-1173-45ac-8f62-3ccbe442b4a3@group-452902F59078->0d315fbd-ade0-427f-8a57-9b8f4a7ccba2-GrpcLogAppender: appendEntries Timeout, request=fe2f4460-1173-45ac-8f62-3ccbe442b4a3->0d315fbd-ade0-427f-8a57-9b8f4a7ccba2#45-t4, previous=(t:4, i:10), leaderCommit=10, initializing? false, entries: <empty>
2019-10-22 00:04:35,557 [EventQueue-ContainerReportForContainerReportHandler] WARN  container.ContainerReportHandler (AbstractContainerReportHandler.java:updateContainerState(145)) - Container #1 is in OPEN state, but the datanode fe2f4460-1173-45ac-8f62-3ccbe442b4a3{ip: 192.168.157.254, host: pr-hdds-2343-5q8j9-3338874002, networkLocation: /default-rack, certSerialId: null} reports an CLOSED replica.
2019-10-22 00:04:35,706 [EventQueue-ContainerReportForContainerReportHandler] WARN  container.ContainerReportHandler (AbstractContainerReportHandler.java:updateContainerState(145)) - Container #1 is in OPEN state, but the datanode bec42651-2cde-4fcc-b688-684a384bc6fb{ip: 192.168.157.254, host: pr-hdds-2343-5q8j9-3338874002, networkLocation: /default-rack, certSerialId: null} reports an CLOSED replica.
2019-10-22 00:04:35,857 [EventQueue-ContainerReportForContainerReportHandler] WARN  container.ContainerReportHandler (AbstractContainerReportHandler.java:updateContainerState(145)) - Container #1 is in OPEN state, but the datanode fe2f4460-1173-45ac-8f62-3ccbe442b4a3{ip: 192.168.157.254, host: pr-hdds-2343-5q8j9-3338874002, networkLocation: /default-rack, certSerialId: null} reports an CLOSED replica.
2019-10-22 00:04:36,006 [EventQueue-ContainerReportForContainerReportHandler] WARN  container.ContainerReportHandler (AbstractContainerReportHandler.java:updateContainerState(145)) - Container #1 is in OPEN state, but the datanode bec42651-2cde-4fcc-b688-684a384bc6fb{ip: 192.168.157.254, host: pr-hdds-2343-5q8j9-3338874002, networkLocation: /default-rack, certSerialId: null} reports an CLOSED replica.
2019-10-22 00:04:36,057 [EventQueue-ContainerReportForContainerReportHandler] WARN  container.ContainerReportHandler (AbstractContainerReportHandler.java:updateContainerState(145)) - Container #1 is in OPEN state, but the datanode fe2f4460-1173-45ac-8f62-3ccbe442b4a3{ip: 192.168.157.254, host: pr-hdds-2343-5q8j9-3338874002, networkLocation: /default-rack, certSerialId: null} reports an CLOSED replica.
2019-10-22 00:04:36,219 [BlockDeletingService#7] WARN  background.BlockDeletingService (BlockDeletingService.java:isDeletionAllowed(187)) - Close Container log Index 6 is not replicated across allthe servers in the pipeline c00d4cd3-293b-4d2c-9f2c-452902f59078 as the min replicated index is 4. Deletion is not allowed in this container yet.
2019-10-22 00:04:36,219 [BlockDeletingService#8] WARN  background.BlockDeletingService (BlockDeletingService.java:isDeletionAllowed(187)) - Close Container log Index 6 is not replicated across allthe servers in the pipeline c00d4cd3-293b-4d2c-9f2c-452902f59078 as the min replicated index is 4. Deletion is not allowed in this container yet.
2019-10-22 00:04:36,307 [EventQueue-ContainerReportForContainerReportHandler] WARN  container.ContainerReportHandler (AbstractContainerReportHandler.java:updateContainerState(145)) - Container #1 is in OPEN state, but the datanode bec42651-2cde-4fcc-b688-684a384bc6fb{ip: 192.168.157.254, host: pr-hdds-2343-5q8j9-3338874002, networkLocation: /default-rack, certSerialId: null} reports an CLOSED replica.
2019-10-22 00:04:36,359 [EventQueue-ContainerReportForContainerReportHandler] WARN  container.ContainerReportHandler (AbstractContainerReportHandler.java:updateContainerState(145)) - Container #1 is in OPEN state, but the datanode fe2f4460-1173-45ac-8f62-3ccbe442b4a3{ip: 192.168.157.254, host: pr-hdds-2343-5q8j9-3338874002, networkLocation: /default-rack, certSerialId: null} reports an CLOSED replica.
2019-10-22 00:04:36,607 [EventQueue-ContainerReportForContainerReportHandler] WARN  container.ContainerReportHandler (AbstractContainerReportHandler.java:updateContainerState(145)) - Container #1 is in OPEN state, but the datanode bec42651-2cde-4fcc-b688-684a384bc6fb{ip: 192.168.157.254, host: pr-hdds-2343-5q8j9-3338874002, networkLocation: /default-rack, certSerialId: null} reports an CLOSED replica.
2019-10-22 00:04:36,759 [EventQueue-ContainerReportForContainerReportHandler] WARN  container.ContainerReportHandler (AbstractContainerReportHandler.java:updateContainerState(145)) - Container #1 is in OPEN state, but the datanode fe2f4460-1173-45ac-8f62-3ccbe442b4a3{ip: 192.168.157.254, host: pr-hdds-2343-5q8j9-3338874002, networkLocation: /default-rack, certSerialId: null} reports an CLOSED replica.
2019-10-22 00:04:37,007 [EventQueue-ContainerReportForContainerReportHandler] WARN  container.ContainerReportHandler (AbstractContainerReportHandler.java:updateContainerState(145)) - Container #1 is in OPEN state, but the datanode bec42651-2cde-4fcc-b688-684a384bc6fb{ip: 192.168.157.254, host: pr-hdds-2343-5q8j9-3338874002, networkLocation: /default-rack, certSerialId: null} reports an CLOSED replica.
2019-10-22 00:04:37,159 [EventQueue-ContainerReportForContainerReportHandler] WARN  container.ContainerReportHandler (AbstractContainerReportHandler.java:updateContainerState(145)) - Container #1 is in OPEN state, but the datanode fe2f4460-1173-45ac-8f62-3ccbe442b4a3{ip: 192.168.157.254, host: pr-hdds-2343-5q8j9-3338874002, networkLocation: /default-rack, certSerialId: null} reports an CLOSED replica.
2019-10-22 00:04:37,220 [BlockDeletingService#8] WARN  background.BlockDeletingService (BlockDeletingService.java:isDeletionAllowed(187)) - Close Container log Index 6 is not replicated across allthe servers in the pipeline c00d4cd3-293b-4d2c-9f2c-452902f59078 as the min replicated index is 4. Deletion is not allowed in this container yet.
2019-10-22 00:04:37,220 [BlockDeletingService#3] WARN  background.BlockDeletingService (BlockDeletingService.java:isDeletionAllowed(187)) - Close Container log Index 6 is not replicated across allthe servers in the pipeline c00d4cd3-293b-4d2c-9f2c-452902f59078 as the min replicated index is 4. Deletion is not allowed in this container yet.
2019-10-22 00:04:37,307 [EventQueue-ContainerReportForContainerReportHandler] WARN  container.ContainerReportHandler (AbstractContainerReportHandler.java:updateContainerState(145)) - Container #1 is in OPEN state, but the datanode bec42651-2cde-4fcc-b688-684a384bc6fb{ip: 192.168.157.254, host: pr-hdds-2343-5q8j9-3338874002, networkLocation: /default-rack, certSerialId: null} reports an CLOSED replica.
2019-10-22 00:04:37,507 [EventQueue-ContainerReportForContainerReportHandler] WARN  container.ContainerReportHandler (AbstractContainerReportHandler.java:updateContainerState(145)) - Container #1 is in OPEN state, but the datanode bec42651-2cde-4fcc-b688-684a384bc6fb{ip: 192.168.157.254, host: pr-hdds-2343-5q8j9-3338874002, networkLocation: /default-rack, certSerialId: null} reports an CLOSED replica.
2019-10-22 00:04:37,560 [EventQueue-ContainerReportForContainerReportHandler] WARN  container.ContainerReportHandler (AbstractContainerReportHandler.java:updateContainerState(145)) - Container #1 is in OPEN state, but the datanode fe2f4460-1173-45ac-8f62-3ccbe442b4a3{ip: 192.168.157.254, host: pr-hdds-2343-5q8j9-3338874002, networkLocation: /default-rack, certSerialId: null} reports an CLOSED replica.
2019-10-22 00:04:37,679 [Thread-512] INFO  client.GrpcClientProtocolService (GrpcClientProtocolService.java:lambda$processClientRequest$0(278)) - Failed RaftClientRequest:client-06600EE78844->bec42651-2cde-4fcc-b688-684a384bc6fb@group-452902F59078, cid=10, seq=0, Watch-ALL_COMMITTED(6), Message:<EMPTY>, reply=RaftClientReply:client-06600EE78844->bec42651-2cde-4fcc-b688-684a384bc6fb@group-452902F59078, cid=10, FAILED org.apache.ratis.protocol.NotLeaderException: Server bec42651-2cde-4fcc-b688-684a384bc6fb@group-452902F59078 is not the leader fe2f4460-1173-45ac-8f62-3ccbe442b4a3:192.168.157.254:43148, logIndex=0, commits[bec42651-2cde-4fcc-b688-684a384bc6fb:c10, fe2f4460-1173-45ac-8f62-3ccbe442b4a3:c10, 0d315fbd-ade0-427f-8a57-9b8f4a7ccba2:c4]
2019-10-22 00:04:37,759 [EventQueue-ContainerReportForContainerReportHandler] WARN  container.ContainerReportHandler (AbstractContainerReportHandler.java:updateContainerState(145)) - Container #1 is in OPEN state, but the datanode fe2f4460-1173-45ac-8f62-3ccbe442b4a3{ip: 192.168.157.254, host: pr-hdds-2343-5q8j9-3338874002, networkLocation: /default-rack, certSerialId: null} reports an CLOSED replica.
2019-10-22 00:04:37,808 [EventQueue-ContainerReportForContainerReportHandler] WARN  container.ContainerReportHandler (AbstractContainerReportHandler.java:updateContainerState(145)) - Container #1 is in OPEN state, but the datanode bec42651-2cde-4fcc-b688-684a384bc6fb{ip: 192.168.157.254, host: pr-hdds-2343-5q8j9-3338874002, networkLocation: /default-rack, certSerialId: null} reports an CLOSED replica.
2019-10-22 00:04:38,012 [java.util.concurrent.ThreadPoolExecutor$Worker@1cc2f809[State = -1, empty queue]] WARN  server.GrpcLogAppender (GrpcLogAppender.java:timeoutAppendRequest(209)) - fe2f4460-1173-45ac-8f62-3ccbe442b4a3@group-452902F59078->0d315fbd-ade0-427f-8a57-9b8f4a7ccba2-GrpcLogAppender: appendEntries Timeout, request=fe2f4460-1173-45ac-8f62-3ccbe442b4a3->0d315fbd-ade0-427f-8a57-9b8f4a7ccba2#46-t4, previous=(t:4, i:10), leaderCommit=10, initializing? false, entries: <empty>
2019-10-22 00:04:38,059 [EventQueue-ContainerReportForContainerReportHandler] WARN  container.ContainerReportHandler (AbstractContainerReportHandler.java:updateContainerState(145)) - Container #1 is in OPEN state, but the datanode fe2f4460-1173-45ac-8f62-3ccbe442b4a3{ip: 192.168.157.254, host: pr-hdds-2343-5q8j9-3338874002, networkLocation: /default-rack, certSerialId: null} reports an CLOSED replica.
2019-10-22 00:04:38,108 [EventQueue-ContainerReportForContainerReportHandler] WARN  container.ContainerReportHandler (AbstractContainerReportHandler.java:updateContainerState(145)) - Container #1 is in OPEN state, but the datanode bec42651-2cde-4fcc-b688-684a384bc6fb{ip: 192.168.157.254, host: pr-hdds-2343-5q8j9-3338874002, networkLocation: /default-rack, certSerialId: null} reports an CLOSED replica.
2019-10-22 00:04:38,221 [BlockDeletingService#8] WARN  background.BlockDeletingService (BlockDeletingService.java:isDeletionAllowed(187)) - Close Container log Index 6 is not replicated across allthe servers in the pipeline c00d4cd3-293b-4d2c-9f2c-452902f59078 as the min replicated index is 4. Deletion is not allowed in this container yet.
2019-10-22 00:04:38,222 [BlockDeletingService#3] WARN  background.BlockDeletingService (BlockDeletingService.java:isDeletionAllowed(187)) - Close Container log Index 6 is not replicated across allthe servers in the pipeline c00d4cd3-293b-4d2c-9f2c-452902f59078 as the min replicated index is 4. Deletion is not allowed in this container yet.
2019-10-22 00:04:38,361 [EventQueue-ContainerReportForContainerReportHandler] WARN  container.ContainerReportHandler (AbstractContainerReportHandler.java:updateContainerState(145)) - Container #1 is in OPEN state, but the datanode fe2f4460-1173-45ac-8f62-3ccbe442b4a3{ip: 192.168.157.254, host: pr-hdds-2343-5q8j9-3338874002, networkLocation: /default-rack, certSerialId: null} reports an CLOSED replica.
2019-10-22 00:04:38,408 [EventQueue-ContainerReportForContainerReportHandler] WARN  container.ContainerReportHandler (AbstractContainerReportHandler.java:updateContainerState(145)) - Container #1 is in OPEN state, but the datanode bec42651-2cde-4fcc-b688-684a384bc6fb{ip: 192.168.157.254, host: pr-hdds-2343-5q8j9-3338874002, networkLocation: /default-rack, certSerialId: null} reports an CLOSED replica.
2019-10-22 00:04:38,608 [EventQueue-ContainerReportForContainerReportHandler] WARN  container.ContainerReportHandler (AbstractContainerReportHandler.java:updateContainerState(145)) - Container #1 is in OPEN state, but the datanode bec42651-2cde-4fcc-b688-684a384bc6fb{ip: 192.168.157.254, host: pr-hdds-2343-5q8j9-3338874002, networkLocation: /default-rack, certSerialId: null} reports an CLOSED replica.
2019-10-22 00:04:38,663 [EventQueue-ContainerReportForContainerReportHandler] WARN  container.ContainerReportHandler (AbstractContainerReportHandler.java:updateContainerState(145)) - Container #1 is in OPEN state, but the datanode fe2f4460-1173-45ac-8f62-3ccbe442b4a3{ip: 192.168.157.254, host: pr-hdds-2343-5q8j9-3338874002, networkLocation: /default-rack, certSerialId: null} reports an CLOSED replica.
2019-10-22 00:04:38,908 [EventQueue-ContainerReportForContainerReportHandler] WARN  container.ContainerReportHandler (AbstractContainerReportHandler.java:updateContainerState(145)) - Container #1 is in OPEN state, but the datanode bec42651-2cde-4fcc-b688-684a384bc6fb{ip: 192.168.157.254, host: pr-hdds-2343-5q8j9-3338874002, networkLocation: /default-rack, certSerialId: null} reports an CLOSED replica.
2019-10-22 00:04:39,065 [EventQueue-ContainerReportForContainerReportHandler] WARN  container.ContainerReportHandler (AbstractContainerReportHandler.java:updateContainerState(145)) - Container #1 is in OPEN state, but the datanode fe2f4460-1173-45ac-8f62-3ccbe442b4a3{ip: 192.168.157.254, host: pr-hdds-2343-5q8j9-3338874002, networkLocation: /default-rack, certSerialId: null} reports an CLOSED replica.
2019-10-22 00:04:39,109 [EventQueue-ContainerReportForContainerReportHandler] WARN  container.ContainerReportHandler (AbstractContainerReportHandler.java:updateContainerState(145)) - Container #1 is in OPEN state, but the datanode bec42651-2cde-4fcc-b688-684a384bc6fb{ip: 192.168.157.254, host: pr-hdds-2343-5q8j9-3338874002, networkLocation: /default-rack, certSerialId: null} reports an CLOSED replica.
2019-10-22 00:04:39,224 [BlockDeletingService#3] WARN  background.BlockDeletingService (BlockDeletingService.java:isDeletionAllowed(187)) - Close Container log Index 6 is not replicated across allthe servers in the pipeline c00d4cd3-293b-4d2c-9f2c-452902f59078 as the min replicated index is 4. Deletion is not allowed in this container yet.
2019-10-22 00:04:39,224 [BlockDeletingService#8] WARN  background.BlockDeletingService (BlockDeletingService.java:isDeletionAllowed(187)) - Close Container log Index 6 is not replicated across allthe servers in the pipeline c00d4cd3-293b-4d2c-9f2c-452902f59078 as the min replicated index is 4. Deletion is not allowed in this container yet.
2019-10-22 00:04:39,409 [EventQueue-ContainerReportForContainerReportHandler] WARN  container.ContainerReportHandler (AbstractContainerReportHandler.java:updateContainerState(145)) - Container #1 is in OPEN state, but the datanode bec42651-2cde-4fcc-b688-684a384bc6fb{ip: 192.168.157.254, host: pr-hdds-2343-5q8j9-3338874002, networkLocation: /default-rack, certSerialId: null} reports an CLOSED replica.
2019-10-22 00:04:39,465 [EventQueue-ContainerReportForContainerReportHandler] WARN  container.ContainerReportHandler (AbstractContainerReportHandler.java:updateContainerState(145)) - Container #1 is in OPEN state, but the datanode fe2f4460-1173-45ac-8f62-3ccbe442b4a3{ip: 192.168.157.254, host: pr-hdds-2343-5q8j9-3338874002, networkLocation: /default-rack, certSerialId: null} reports an CLOSED replica.
2019-10-22 00:04:39,584 [Thread-519] INFO  client.GrpcClientProtocolService (GrpcClientProtocolService.java:lambda$processClientRequest$0(278)) - Failed RaftClientRequest:client-06600EE78844->fe2f4460-1173-45ac-8f62-3ccbe442b4a3@group-452902F59078, cid=10, seq=0, Watch-ALL_COMMITTED(6), Message:<EMPTY>, reply=RaftClientReply:client-06600EE78844->fe2f4460-1173-45ac-8f62-3ccbe442b4a3@group-452902F59078, cid=10, FAILED org.apache.ratis.protocol.NotReplicatedException: Request with call Id 10 and log index 6 is not yet replicated to ALL_COMMITTED, logIndex=6, commits[fe2f4460-1173-45ac-8f62-3ccbe442b4a3:c10, bec42651-2cde-4fcc-b688-684a384bc6fb:c10, 0d315fbd-ade0-427f-8a57-9b8f4a7ccba2:c4]
2019-10-22 00:04:39,665 [EventQueue-ContainerReportForContainerReportHandler] WARN  container.ContainerReportHandler (AbstractContainerReportHandler.java:updateContainerState(145)) - Container #1 is in OPEN state, but the datanode fe2f4460-1173-45ac-8f62-3ccbe442b4a3{ip: 192.168.157.254, host: pr-hdds-2343-5q8j9-3338874002, networkLocation: /default-rack, certSerialId: null} reports an CLOSED replica.
2019-10-22 00:04:39,809 [EventQueue-ContainerReportForContainerReportHandler] WARN  container.ContainerReportHandler (AbstractContainerReportHandler.java:updateContainerState(145)) - Container #1 is in OPEN state, but the datanode bec42651-2cde-4fcc-b688-684a384bc6fb{ip: 192.168.157.254, host: pr-hdds-2343-5q8j9-3338874002, networkLocation: /default-rack, certSerialId: null} reports an CLOSED replica.
2019-10-22 00:04:39,965 [EventQueue-ContainerReportForContainerReportHandler] WARN  container.ContainerReportHandler (AbstractContainerReportHandler.java:updateContainerState(145)) - Container #1 is in OPEN state, but the datanode fe2f4460-1173-45ac-8f62-3ccbe442b4a3{ip: 192.168.157.254, host: pr-hdds-2343-5q8j9-3338874002, networkLocation: /default-rack, certSerialId: null} reports an CLOSED replica.
2019-10-22 00:04:40,110 [EventQueue-ContainerReportForContainerReportHandler] WARN  container.ContainerReportHandler (AbstractContainerReportHandler.java:updateContainerState(145)) - Container #1 is in OPEN state, but the datanode bec42651-2cde-4fcc-b688-684a384bc6fb{ip: 192.168.157.254, host: pr-hdds-2343-5q8j9-3338874002, networkLocation: /default-rack, certSerialId: null} reports an CLOSED replica.
2019-10-22 00:04:40,225 [BlockDeletingService#8] WARN  background.BlockDeletingService (BlockDeletingService.java:isDeletionAllowed(187)) - Close Container log Index 6 is not replicated across allthe servers in the pipeline c00d4cd3-293b-4d2c-9f2c-452902f59078 as the min replicated index is 4. Deletion is not allowed in this container yet.
2019-10-22 00:04:40,225 [BlockDeletingService#3] WARN  background.BlockDeletingService (BlockDeletingService.java:isDeletionAllowed(187)) - Close Container log Index 6 is not replicated across allthe servers in the pipeline c00d4cd3-293b-4d2c-9f2c-452902f59078 as the min replicated index is 4. Deletion is not allowed in this container yet.
2019-10-22 00:04:40,310 [EventQueue-ContainerReportForContainerReportHandler] WARN  container.ContainerReportHandler (AbstractContainerReportHandler.java:updateContainerState(145)) - Container #1 is in OPEN state, but the datanode bec42651-2cde-4fcc-b688-684a384bc6fb{ip: 192.168.157.254, host: pr-hdds-2343-5q8j9-3338874002, networkLocation: /default-rack, certSerialId: null} reports an CLOSED replica.
2019-10-22 00:04:40,366 [EventQueue-ContainerReportForContainerReportHandler] WARN  container.ContainerReportHandler (AbstractContainerReportHandler.java:updateContainerState(145)) - Container #1 is in OPEN state, but the datanode fe2f4460-1173-45ac-8f62-3ccbe442b4a3{ip: 192.168.157.254, host: pr-hdds-2343-5q8j9-3338874002, networkLocation: /default-rack, certSerialId: null} reports an CLOSED replica.
2019-10-22 00:04:40,513 [java.util.concurrent.ThreadPoolExecutor$Worker@1cc2f809[State = -1, empty queue]] WARN  server.GrpcLogAppender (GrpcLogAppender.java:timeoutAppendRequest(209)) - fe2f4460-1173-45ac-8f62-3ccbe442b4a3@group-452902F59078->0d315fbd-ade0-427f-8a57-9b8f4a7ccba2-GrpcLogAppender: appendEntries Timeout, request=fe2f4460-1173-45ac-8f62-3ccbe442b4a3->0d315fbd-ade0-427f-8a57-9b8f4a7ccba2#47-t4, previous=(t:4, i:10), leaderCommit=10, initializing? false, entries: <empty>
2019-10-22 00:04:40,667 [EventQueue-ContainerReportForContainerReportHandler] WARN  container.ContainerReportHandler (AbstractContainerReportHandler.java:updateContainerState(145)) - Container #1 is in OPEN state, but the datanode fe2f4460-1173-45ac-8f62-3ccbe442b4a3{ip: 192.168.157.254, host: pr-hdds-2343-5q8j9-3338874002, networkLocation: /default-rack, certSerialId: null} reports an CLOSED replica.
2019-10-22 00:04:40,710 [EventQueue-ContainerReportForContainerReportHandler] WARN  container.ContainerReportHandler (AbstractContainerReportHandler.java:updateContainerState(145)) - Container #1 is in OPEN state, but the datanode bec42651-2cde-4fcc-b688-684a384bc6fb{ip: 192.168.157.254, host: pr-hdds-2343-5q8j9-3338874002, networkLocation: /default-rack, certSerialId: null} reports an CLOSED replica.
2019-10-22 00:04:40,910 [EventQueue-ContainerReportForContainerReportHandler] WARN  container.ContainerReportHandler (AbstractContainerReportHandler.java:updateContainerState(145)) - Container #1 is in OPEN state, but the datanode bec42651-2cde-4fcc-b688-684a384bc6fb{ip: 192.168.157.254, host: pr-hdds-2343-5q8j9-3338874002, networkLocation: /default-rack, certSerialId: null} reports an CLOSED replica.
2019-10-22 00:04:41,066 [EventQueue-ContainerReportForContainerReportHandler] WARN  container.ContainerReportHandler (AbstractContainerReportHandler.java:updateContainerState(145)) - Container #1 is in OPEN state, but the datanode fe2f4460-1173-45ac-8f62-3ccbe442b4a3{ip: 192.168.157.254, host: pr-hdds-2343-5q8j9-3338874002, networkLocation: /default-rack, certSerialId: null} reports an CLOSED replica.
2019-10-22 00:04:41,211 [EventQueue-ContainerReportForContainerReportHandler] WARN  container.ContainerReportHandler (AbstractContainerReportHandler.java:updateContainerState(145)) - Container #1 is in OPEN state, but the datanode bec42651-2cde-4fcc-b688-684a384bc6fb{ip: 192.168.157.254, host: pr-hdds-2343-5q8j9-3338874002, networkLocation: /default-rack, certSerialId: null} reports an CLOSED replica.
2019-10-22 00:04:41,228 [BlockDeletingService#3] WARN  background.BlockDeletingService (BlockDeletingService.java:isDeletionAllowed(187)) - Close Container log Index 6 is not replicated across allthe servers in the pipeline c00d4cd3-293b-4d2c-9f2c-452902f59078 as the min replicated index is 4. Deletion is not allowed in this container yet.
2019-10-22 00:04:41,228 [BlockDeletingService#8] WARN  background.BlockDeletingService (BlockDeletingService.java:isDeletionAllowed(187)) - Close Container log Index 6 is not replicated across allthe servers in the pipeline c00d4cd3-293b-4d2c-9f2c-452902f59078 as the min replicated index is 4. Deletion is not allowed in this container yet.
2019-10-22 00:04:41,366 [EventQueue-ContainerReportForContainerReportHandler] WARN  container.ContainerReportHandler (AbstractContainerReportHandler.java:updateContainerState(145)) - Container #1 is in OPEN state, but the datanode fe2f4460-1173-45ac-8f62-3ccbe442b4a3{ip: 192.168.157.254, host: pr-hdds-2343-5q8j9-3338874002, networkLocation: /default-rack, certSerialId: null} reports an CLOSED replica.
2019-10-22 00:04:41,510 [EventQueue-ContainerReportForContainerReportHandler] WARN  container.ContainerReportHandler (AbstractContainerReportHandler.java:updateContainerState(145)) - Container #1 is in OPEN state, but the datanode bec42651-2cde-4fcc-b688-684a384bc6fb{ip: 192.168.157.254, host: pr-hdds-2343-5q8j9-3338874002, networkLocation: /default-rack, certSerialId: null} reports an CLOSED replica.
2019-10-22 00:04:41,666 [EventQueue-ContainerReportForContainerReportHandler] WARN  container.ContainerReportHandler (AbstractContainerReportHandler.java:updateContainerState(145)) - Container #1 is in OPEN state, but the datanode fe2f4460-1173-45ac-8f62-3ccbe442b4a3{ip: 192.168.157.254, host: pr-hdds-2343-5q8j9-3338874002, networkLocation: /default-rack, certSerialId: null} reports an CLOSED replica.
2019-10-22 00:04:41,810 [EventQueue-ContainerReportForContainerReportHandler] WARN  container.ContainerReportHandler (AbstractContainerReportHandler.java:updateContainerState(145)) - Container #1 is in OPEN state, but the datanode bec42651-2cde-4fcc-b688-684a384bc6fb{ip: 192.168.157.254, host: pr-hdds-2343-5q8j9-3338874002, networkLocation: /default-rack, certSerialId: null} reports an CLOSED replica.
2019-10-22 00:04:41,966 [EventQueue-ContainerReportForContainerReportHandler] WARN  container.ContainerReportHandler (AbstractContainerReportHandler.java:updateContainerState(145)) - Container #1 is in OPEN state, but the datanode fe2f4460-1173-45ac-8f62-3ccbe442b4a3{ip: 192.168.157.254, host: pr-hdds-2343-5q8j9-3338874002, networkLocation: /default-rack, certSerialId: null} reports an CLOSED replica.
2019-10-22 00:04:42,110 [EventQueue-ContainerReportForContainerReportHandler] WARN  container.ContainerReportHandler (AbstractContainerReportHandler.java:updateContainerState(145)) - Container #1 is in OPEN state, but the datanode bec42651-2cde-4fcc-b688-684a384bc6fb{ip: 192.168.157.254, host: pr-hdds-2343-5q8j9-3338874002, networkLocation: /default-rack, certSerialId: null} reports an CLOSED replica.
2019-10-22 00:04:42,167 [EventQueue-ContainerReportForContainerReportHandler] WARN  container.ContainerReportHandler (AbstractContainerReportHandler.java:updateContainerState(145)) - Container #1 is in OPEN state, but the datanode fe2f4460-1173-45ac-8f62-3ccbe442b4a3{ip: 192.168.157.254, host: pr-hdds-2343-5q8j9-3338874002, networkLocation: /default-rack, certSerialId: null} reports an CLOSED replica.
2019-10-22 00:04:42,229 [BlockDeletingService#8] WARN  background.BlockDeletingService (BlockDeletingService.java:isDeletionAllowed(187)) - Close Container log Index 6 is not replicated across allthe servers in the pipeline c00d4cd3-293b-4d2c-9f2c-452902f59078 as the min replicated index is 4. Deletion is not allowed in this container yet.
2019-10-22 00:04:42,229 [BlockDeletingService#3] WARN  background.BlockDeletingService (BlockDeletingService.java:isDeletionAllowed(187)) - Close Container log Index 6 is not replicated across allthe servers in the pipeline c00d4cd3-293b-4d2c-9f2c-452902f59078 as the min replicated index is 4. Deletion is not allowed in this container yet.
2019-10-22 00:04:42,410 [EventQueue-ContainerReportForContainerReportHandler] WARN  container.ContainerReportHandler (AbstractContainerReportHandler.java:updateContainerState(145)) - Container #1 is in OPEN state, but the datanode bec42651-2cde-4fcc-b688-684a384bc6fb{ip: 192.168.157.254, host: pr-hdds-2343-5q8j9-3338874002, networkLocation: /default-rack, certSerialId: null} reports an CLOSED replica.
2019-10-22 00:04:42,469 [EventQueue-ContainerReportForContainerReportHandler] WARN  container.ContainerReportHandler (AbstractContainerReportHandler.java:updateContainerState(145)) - Container #1 is in OPEN state, but the datanode fe2f4460-1173-45ac-8f62-3ccbe442b4a3{ip: 192.168.157.254, host: pr-hdds-2343-5q8j9-3338874002, networkLocation: /default-rack, certSerialId: null} reports an CLOSED replica.
2019-10-22 00:04:42,711 [EventQueue-ContainerReportForContainerReportHandler] WARN  container.ContainerReportHandler (AbstractContainerReportHandler.java:updateContainerState(145)) - Container #1 is in OPEN state, but the datanode bec42651-2cde-4fcc-b688-684a384bc6fb{ip: 192.168.157.254, host: pr-hdds-2343-5q8j9-3338874002, networkLocation: /default-rack, certSerialId: null} reports an CLOSED replica.
2019-10-22 00:04:42,770 [EventQueue-ContainerReportForContainerReportHandler] WARN  container.ContainerReportHandler (AbstractContainerReportHandler.java:updateContainerState(145)) - Container #1 is in OPEN state, but the datanode fe2f4460-1173-45ac-8f62-3ccbe442b4a3{ip: 192.168.157.254, host: pr-hdds-2343-5q8j9-3338874002, networkLocation: /default-rack, certSerialId: null} reports an CLOSED replica.
2019-10-22 00:04:42,972 [EventQueue-ContainerReportForContainerReportHandler] WARN  container.ContainerReportHandler (AbstractContainerReportHandler.java:updateContainerState(145)) - Container #1 is in OPEN state, but the datanode fe2f4460-1173-45ac-8f62-3ccbe442b4a3{ip: 192.168.157.254, host: pr-hdds-2343-5q8j9-3338874002, networkLocation: /default-rack, certSerialId: null} reports an CLOSED replica.
2019-10-22 00:04:43,014 [java.util.concurrent.ThreadPoolExecutor$Worker@1cc2f809[State = -1, empty queue]] WARN  server.GrpcLogAppender (GrpcLogAppender.java:timeoutAppendRequest(209)) - fe2f4460-1173-45ac-8f62-3ccbe442b4a3@group-452902F59078->0d315fbd-ade0-427f-8a57-9b8f4a7ccba2-GrpcLogAppender: appendEntries Timeout, request=fe2f4460-1173-45ac-8f62-3ccbe442b4a3->0d315fbd-ade0-427f-8a57-9b8f4a7ccba2#48-t4, previous=(t:4, i:10), leaderCommit=10, initializing? false, entries: <empty>
2019-10-22 00:04:43,111 [EventQueue-ContainerReportForContainerReportHandler] WARN  container.ContainerReportHandler (AbstractContainerReportHandler.java:updateContainerState(145)) - Container #1 is in OPEN state, but the datanode bec42651-2cde-4fcc-b688-684a384bc6fb{ip: 192.168.157.254, host: pr-hdds-2343-5q8j9-3338874002, networkLocation: /default-rack, certSerialId: null} reports an CLOSED replica.
2019-10-22 00:04:43,231 [BlockDeletingService#3] WARN  background.BlockDeletingService (BlockDeletingService.java:isDeletionAllowed(187)) - Close Container log Index 6 is not replicated across allthe servers in the pipeline c00d4cd3-293b-4d2c-9f2c-452902f59078 as the min replicated index is 4. Deletion is not allowed in this container yet.
2019-10-22 00:04:43,231 [BlockDeletingService#8] WARN  background.BlockDeletingService (BlockDeletingService.java:isDeletionAllowed(187)) - Close Container log Index 6 is not replicated across allthe servers in the pipeline c00d4cd3-293b-4d2c-9f2c-452902f59078 as the min replicated index is 4. Deletion is not allowed in this container yet.
2019-10-22 00:04:43,373 [EventQueue-ContainerReportForContainerReportHandler] WARN  container.ContainerReportHandler (AbstractContainerReportHandler.java:updateContainerState(145)) - Container #1 is in OPEN state, but the datanode fe2f4460-1173-45ac-8f62-3ccbe442b4a3{ip: 192.168.157.254, host: pr-hdds-2343-5q8j9-3338874002, networkLocation: /default-rack, certSerialId: null} reports an CLOSED replica.
2019-10-22 00:04:43,411 [EventQueue-ContainerReportForContainerReportHandler] WARN  container.ContainerReportHandler (AbstractContainerReportHandler.java:updateContainerState(145)) - Container #1 is in OPEN state, but the datanode bec42651-2cde-4fcc-b688-684a384bc6fb{ip: 192.168.157.254, host: pr-hdds-2343-5q8j9-3338874002, networkLocation: /default-rack, certSerialId: null} reports an CLOSED replica.
2019-10-22 00:04:43,673 [EventQueue-ContainerReportForContainerReportHandler] WARN  container.ContainerReportHandler (AbstractContainerReportHandler.java:updateContainerState(145)) - Container #1 is in OPEN state, but the datanode fe2f4460-1173-45ac-8f62-3ccbe442b4a3{ip: 192.168.157.254, host: pr-hdds-2343-5q8j9-3338874002, networkLocation: /default-rack, certSerialId: null} reports an CLOSED replica.
2019-10-22 00:04:43,812 [EventQueue-ContainerReportForContainerReportHandler] WARN  container.ContainerReportHandler (AbstractContainerReportHandler.java:updateContainerState(145)) - Container #1 is in OPEN state, but the datanode bec42651-2cde-4fcc-b688-684a384bc6fb{ip: 192.168.157.254, host: pr-hdds-2343-5q8j9-3338874002, networkLocation: /default-rack, certSerialId: null} reports an CLOSED replica.
2019-10-22 00:04:43,973 [EventQueue-ContainerReportForContainerReportHandler] WARN  container.ContainerReportHandler (AbstractContainerReportHandler.java:updateContainerState(145)) - Container #1 is in OPEN state, but the datanode fe2f4460-1173-45ac-8f62-3ccbe442b4a3{ip: 192.168.157.254, host: pr-hdds-2343-5q8j9-3338874002, networkLocation: /default-rack, certSerialId: null} reports an CLOSED replica.
2019-10-22 00:04:44,213 [EventQueue-ContainerReportForContainerReportHandler] WARN  container.ContainerReportHandler (AbstractContainerReportHandler.java:updateContainerState(145)) - Container #1 is in OPEN state, but the datanode bec42651-2cde-4fcc-b688-684a384bc6fb{ip: 192.168.157.254, host: pr-hdds-2343-5q8j9-3338874002, networkLocation: /default-rack, certSerialId: null} reports an CLOSED replica.
2019-10-22 00:04:44,233 [BlockDeletingService#8] WARN  background.BlockDeletingService (BlockDeletingService.java:isDeletionAllowed(187)) - Close Container log Index 6 is not replicated across allthe servers in the pipeline c00d4cd3-293b-4d2c-9f2c-452902f59078 as the min replicated index is 4. Deletion is not allowed in this container yet.
2019-10-22 00:04:44,233 [BlockDeletingService#3] WARN  background.BlockDeletingService (BlockDeletingService.java:isDeletionAllowed(187)) - Close Container log Index 6 is not replicated across allthe servers in the pipeline c00d4cd3-293b-4d2c-9f2c-452902f59078 as the min replicated index is 4. Deletion is not allowed in this container yet.
2019-10-22 00:04:44,276 [EventQueue-ContainerReportForContainerReportHandler] WARN  container.ContainerReportHandler (AbstractContainerReportHandler.java:updateContainerState(145)) - Container #1 is in OPEN state, but the datanode fe2f4460-1173-45ac-8f62-3ccbe442b4a3{ip: 192.168.157.254, host: pr-hdds-2343-5q8j9-3338874002, networkLocation: /default-rack, certSerialId: null} reports an CLOSED replica.
2019-10-22 00:04:44,513 [EventQueue-ContainerReportForContainerReportHandler] WARN  container.ContainerReportHandler (AbstractContainerReportHandler.java:updateContainerState(145)) - Container #1 is in OPEN state, but the datanode bec42651-2cde-4fcc-b688-684a384bc6fb{ip: 192.168.157.254, host: pr-hdds-2343-5q8j9-3338874002, networkLocation: /default-rack, certSerialId: null} reports an CLOSED replica.
2019-10-22 00:04:44,573 [EventQueue-ContainerReportForContainerReportHandler] WARN  container.ContainerReportHandler (AbstractContainerReportHandler.java:updateContainerState(145)) - Container #1 is in OPEN state, but the datanode fe2f4460-1173-45ac-8f62-3ccbe442b4a3{ip: 192.168.157.254, host: pr-hdds-2343-5q8j9-3338874002, networkLocation: /default-rack, certSerialId: null} reports an CLOSED replica.
2019-10-22 00:04:44,773 [EventQueue-ContainerReportForContainerReportHandler] WARN  container.ContainerReportHandler (AbstractContainerReportHandler.java:updateContainerState(145)) - Container #1 is in OPEN state, but the datanode fe2f4460-1173-45ac-8f62-3ccbe442b4a3{ip: 192.168.157.254, host: pr-hdds-2343-5q8j9-3338874002, networkLocation: /default-rack, certSerialId: null} reports an CLOSED replica.
2019-10-22 00:04:44,813 [EventQueue-ContainerReportForContainerReportHandler] WARN  container.ContainerReportHandler (AbstractContainerReportHandler.java:updateContainerState(145)) - Container #1 is in OPEN state, but the datanode bec42651-2cde-4fcc-b688-684a384bc6fb{ip: 192.168.157.254, host: pr-hdds-2343-5q8j9-3338874002, networkLocation: /default-rack, certSerialId: null} reports an CLOSED replica.
2019-10-22 00:04:45,013 [EventQueue-ContainerReportForContainerReportHandler] WARN  container.ContainerReportHandler (AbstractContainerReportHandler.java:updateContainerState(145)) - Container #1 is in OPEN state, but the datanode bec42651-2cde-4fcc-b688-684a384bc6fb{ip: 192.168.157.254, host: pr-hdds-2343-5q8j9-3338874002, networkLocation: /default-rack, certSerialId: null} reports an CLOSED replica.
2019-10-22 00:04:45,073 [EventQueue-ContainerReportForContainerReportHandler] WARN  container.ContainerReportHandler (AbstractContainerReportHandler.java:updateContainerState(145)) - Container #1 is in OPEN state, but the datanode fe2f4460-1173-45ac-8f62-3ccbe442b4a3{ip: 192.168.157.254, host: pr-hdds-2343-5q8j9-3338874002, networkLocation: /default-rack, certSerialId: null} reports an CLOSED replica.
2019-10-22 00:04:45,234 [BlockDeletingService#8] WARN  background.BlockDeletingService (BlockDeletingService.java:isDeletionAllowed(187)) - Close Container log Index 6 is not replicated across allthe servers in the pipeline c00d4cd3-293b-4d2c-9f2c-452902f59078 as the min replicated index is 4. Deletion is not allowed in this container yet.
2019-10-22 00:04:45,234 [BlockDeletingService#3] WARN  background.BlockDeletingService (BlockDeletingService.java:isDeletionAllowed(187)) - Close Container log Index 6 is not replicated across allthe servers in the pipeline c00d4cd3-293b-4d2c-9f2c-452902f59078 as the min replicated index is 4. Deletion is not allowed in this container yet.
2019-10-22 00:04:45,313 [EventQueue-ContainerReportForContainerReportHandler] WARN  container.ContainerReportHandler (AbstractContainerReportHandler.java:updateContainerState(145)) - Container #1 is in OPEN state, but the datanode bec42651-2cde-4fcc-b688-684a384bc6fb{ip: 192.168.157.254, host: pr-hdds-2343-5q8j9-3338874002, networkLocation: /default-rack, certSerialId: null} reports an CLOSED replica.
2019-10-22 00:04:45,373 [EventQueue-ContainerReportForContainerReportHandler] WARN  container.ContainerReportHandler (AbstractContainerReportHandler.java:updateContainerState(145)) - Container #1 is in OPEN state, but the datanode fe2f4460-1173-45ac-8f62-3ccbe442b4a3{ip: 192.168.157.254, host: pr-hdds-2343-5q8j9-3338874002, networkLocation: /default-rack, certSerialId: null} reports an CLOSED replica.
2019-10-22 00:04:45,514 [EventQueue-ContainerReportForContainerReportHandler] WARN  container.ContainerReportHandler (AbstractContainerReportHandler.java:updateContainerState(145)) - Container #1 is in OPEN state, but the datanode bec42651-2cde-4fcc-b688-684a384bc6fb{ip: 192.168.157.254, host: pr-hdds-2343-5q8j9-3338874002, networkLocation: /default-rack, certSerialId: null} reports an CLOSED replica.
2019-10-22 00:04:45,515 [java.util.concurrent.ThreadPoolExecutor$Worker@1cc2f809[State = -1, empty queue]] WARN  server.GrpcLogAppender (GrpcLogAppender.java:timeoutAppendRequest(209)) - fe2f4460-1173-45ac-8f62-3ccbe442b4a3@group-452902F59078->0d315fbd-ade0-427f-8a57-9b8f4a7ccba2-GrpcLogAppender: appendEntries Timeout, request=fe2f4460-1173-45ac-8f62-3ccbe442b4a3->0d315fbd-ade0-427f-8a57-9b8f4a7ccba2#49-t4, previous=(t:4, i:10), leaderCommit=10, initializing? false, entries: <empty>
2019-10-22 00:04:45,673 [EventQueue-ContainerReportForContainerReportHandler] WARN  container.ContainerReportHandler (AbstractContainerReportHandler.java:updateContainerState(145)) - Container #1 is in OPEN state, but the datanode fe2f4460-1173-45ac-8f62-3ccbe442b4a3{ip: 192.168.157.254, host: pr-hdds-2343-5q8j9-3338874002, networkLocation: /default-rack, certSerialId: null} reports an CLOSED replica.
2019-10-22 00:04:45,814 [EventQueue-ContainerReportForContainerReportHandler] WARN  container.ContainerReportHandler (AbstractContainerReportHandler.java:updateContainerState(145)) - Container #1 is in OPEN state, but the datanode bec42651-2cde-4fcc-b688-684a384bc6fb{ip: 192.168.157.254, host: pr-hdds-2343-5q8j9-3338874002, networkLocation: /default-rack, certSerialId: null} reports an CLOSED replica.
2019-10-22 00:04:45,973 [EventQueue-ContainerReportForContainerReportHandler] WARN  container.ContainerReportHandler (AbstractContainerReportHandler.java:updateContainerState(145)) - Container #1 is in OPEN state, but the datanode fe2f4460-1173-45ac-8f62-3ccbe442b4a3{ip: 192.168.157.254, host: pr-hdds-2343-5q8j9-3338874002, networkLocation: /default-rack, certSerialId: null} reports an CLOSED replica.
2019-10-22 00:04:46,014 [EventQueue-ContainerReportForContainerReportHandler] WARN  container.ContainerReportHandler (AbstractContainerReportHandler.java:updateContainerState(145)) - Container #1 is in OPEN state, but the datanode bec42651-2cde-4fcc-b688-684a384bc6fb{ip: 192.168.157.254, host: pr-hdds-2343-5q8j9-3338874002, networkLocation: /default-rack, certSerialId: null} reports an CLOSED replica.
2019-10-22 00:04:46,214 [EventQueue-ContainerReportForContainerReportHandler] WARN  container.ContainerReportHandler (AbstractContainerReportHandler.java:updateContainerState(145)) - Container #1 is in OPEN state, but the datanode bec42651-2cde-4fcc-b688-684a384bc6fb{ip: 192.168.157.254, host: pr-hdds-2343-5q8j9-3338874002, networkLocation: /default-rack, certSerialId: null} reports an CLOSED replica.
2019-10-22 00:04:46,236 [BlockDeletingService#8] WARN  background.BlockDeletingService (BlockDeletingService.java:isDeletionAllowed(187)) - Close Container log Index 6 is not replicated across allthe servers in the pipeline c00d4cd3-293b-4d2c-9f2c-452902f59078 as the min replicated index is 4. Deletion is not allowed in this container yet.
2019-10-22 00:04:46,236 [BlockDeletingService#3] WARN  background.BlockDeletingService (BlockDeletingService.java:isDeletionAllowed(187)) - Close Container log Index 6 is not replicated across allthe servers in the pipeline c00d4cd3-293b-4d2c-9f2c-452902f59078 as the min replicated index is 4. Deletion is not allowed in this container yet.
2019-10-22 00:04:46,273 [EventQueue-ContainerReportForContainerReportHandler] WARN  container.ContainerReportHandler (AbstractContainerReportHandler.java:updateContainerState(145)) - Container #1 is in OPEN state, but the datanode fe2f4460-1173-45ac-8f62-3ccbe442b4a3{ip: 192.168.157.254, host: pr-hdds-2343-5q8j9-3338874002, networkLocation: /default-rack, certSerialId: null} reports an CLOSED replica.
2019-10-22 00:04:46,614 [EventQueue-ContainerReportForContainerReportHandler] WARN  container.ContainerReportHandler (AbstractContainerReportHandler.java:updateContainerState(145)) - Container #1 is in OPEN state, but the datanode bec42651-2cde-4fcc-b688-684a384bc6fb{ip: 192.168.157.254, host: pr-hdds-2343-5q8j9-3338874002, networkLocation: /default-rack, certSerialId: null} reports an CLOSED replica.
2019-10-22 00:04:46,674 [EventQueue-ContainerReportForContainerReportHandler] WARN  container.ContainerReportHandler (AbstractContainerReportHandler.java:updateContainerState(145)) - Container #1 is in OPEN state, but the datanode fe2f4460-1173-45ac-8f62-3ccbe442b4a3{ip: 192.168.157.254, host: pr-hdds-2343-5q8j9-3338874002, networkLocation: /default-rack, certSerialId: null} reports an CLOSED replica.
2019-10-22 00:04:46,815 [EventQueue-ContainerReportForContainerReportHandler] WARN  container.ContainerReportHandler (AbstractContainerReportHandler.java:updateContainerState(145)) - Container #1 is in OPEN state, but the datanode bec42651-2cde-4fcc-b688-684a384bc6fb{ip: 192.168.157.254, host: pr-hdds-2343-5q8j9-3338874002, networkLocation: /default-rack, certSerialId: null} reports an CLOSED replica.
2019-10-22 00:04:46,974 [EventQueue-ContainerReportForContainerReportHandler] WARN  container.ContainerReportHandler (AbstractContainerReportHandler.java:updateContainerState(145)) - Container #1 is in OPEN state, but the datanode fe2f4460-1173-45ac-8f62-3ccbe442b4a3{ip: 192.168.157.254, host: pr-hdds-2343-5q8j9-3338874002, networkLocation: /default-rack, certSerialId: null} reports an CLOSED replica.
2019-10-22 00:04:47,118 [EventQueue-ContainerReportForContainerReportHandler] WARN  container.ContainerReportHandler (AbstractContainerReportHandler.java:updateContainerState(145)) - Container #1 is in OPEN state, but the datanode bec42651-2cde-4fcc-b688-684a384bc6fb{ip: 192.168.157.254, host: pr-hdds-2343-5q8j9-3338874002, networkLocation: /default-rack, certSerialId: null} reports an CLOSED replica.
2019-10-22 00:04:47,149 [EventQueue-StaleNodeForStaleNodeHandler] INFO  node.StaleNodeHandler (StaleNodeHandler.java:onMessage(58)) - Datanode 0d315fbd-ade0-427f-8a57-9b8f4a7ccba2{ip: 192.168.157.254, host: pr-hdds-2343-5q8j9-3338874002, networkLocation: /default-rack, certSerialId: null} moved to stale state. Finalizing its pipelines [PipelineID=c00d4cd3-293b-4d2c-9f2c-452902f59078, PipelineID=82161d29-0b95-4da4-b638-4d27a458c2cb]
2019-10-22 00:04:47,149 [EventQueue-StaleNodeForStaleNodeHandler] INFO  pipeline.SCMPipelineManager (SCMPipelineManager.java:finalizeAndDestroyPipeline(315)) - destroying pipeline:Pipeline[ Id: c00d4cd3-293b-4d2c-9f2c-452902f59078, Nodes: bec42651-2cde-4fcc-b688-684a384bc6fb{ip: 192.168.157.254, host: pr-hdds-2343-5q8j9-3338874002, networkLocation: /default-rack, certSerialId: null}0d315fbd-ade0-427f-8a57-9b8f4a7ccba2{ip: 192.168.157.254, host: pr-hdds-2343-5q8j9-3338874002, networkLocation: /default-rack, certSerialId: null}fe2f4460-1173-45ac-8f62-3ccbe442b4a3{ip: 192.168.157.254, host: pr-hdds-2343-5q8j9-3338874002, networkLocation: /default-rack, certSerialId: null}, Type:RATIS, Factor:THREE, State:OPEN]
2019-10-22 00:04:47,151 [EventQueue-StaleNodeForStaleNodeHandler] INFO  pipeline.PipelineStateManager (PipelineStateManager.java:finalizePipeline(123)) - Pipeline Pipeline[ Id: c00d4cd3-293b-4d2c-9f2c-452902f59078, Nodes: bec42651-2cde-4fcc-b688-684a384bc6fb{ip: 192.168.157.254, host: pr-hdds-2343-5q8j9-3338874002, networkLocation: /default-rack, certSerialId: null}0d315fbd-ade0-427f-8a57-9b8f4a7ccba2{ip: 192.168.157.254, host: pr-hdds-2343-5q8j9-3338874002, networkLocation: /default-rack, certSerialId: null}fe2f4460-1173-45ac-8f62-3ccbe442b4a3{ip: 192.168.157.254, host: pr-hdds-2343-5q8j9-3338874002, networkLocation: /default-rack, certSerialId: null}, Type:RATIS, Factor:THREE, State:CLOSED] moved to CLOSED state
2019-10-22 00:04:47,152 [EventQueue-CloseContainerForCloseContainerEventHandler] INFO  container.CloseContainerEventHandler (CloseContainerEventHandler.java:onMessage(61)) - Close container Event triggered for container : #1
2019-10-22 00:04:47,154 [EventQueue-StaleNodeForStaleNodeHandler] INFO  pipeline.SCMPipelineManager (SCMPipelineManager.java:finalizeAndDestroyPipeline(315)) - destroying pipeline:Pipeline[ Id: 82161d29-0b95-4da4-b638-4d27a458c2cb, Nodes: 0d315fbd-ade0-427f-8a57-9b8f4a7ccba2{ip: 192.168.157.254, host: pr-hdds-2343-5q8j9-3338874002, networkLocation: /default-rack, certSerialId: null}, Type:RATIS, Factor:ONE, State:OPEN]
2019-10-22 00:04:47,155 [EventQueue-StaleNodeForStaleNodeHandler] INFO  pipeline.PipelineStateManager (PipelineStateManager.java:finalizePipeline(123)) - Pipeline Pipeline[ Id: 82161d29-0b95-4da4-b638-4d27a458c2cb, Nodes: 0d315fbd-ade0-427f-8a57-9b8f4a7ccba2{ip: 192.168.157.254, host: pr-hdds-2343-5q8j9-3338874002, networkLocation: /default-rack, certSerialId: null}, Type:RATIS, Factor:ONE, State:CLOSED] moved to CLOSED state
2019-10-22 00:04:47,237 [BlockDeletingService#3] WARN  background.BlockDeletingService (BlockDeletingService.java:isDeletionAllowed(187)) - Close Container log Index 6 is not replicated across allthe servers in the pipeline c00d4cd3-293b-4d2c-9f2c-452902f59078 as the min replicated index is 4. Deletion is not allowed in this container yet.
2019-10-22 00:04:47,237 [BlockDeletingService#8] WARN  background.BlockDeletingService (BlockDeletingService.java:isDeletionAllowed(187)) - Close Container log Index 6 is not replicated across allthe servers in the pipeline c00d4cd3-293b-4d2c-9f2c-452902f59078 as the min replicated index is 4. Deletion is not allowed in this container yet.
2019-10-22 00:04:47,274 [EventQueue-ContainerReportForContainerReportHandler] INFO  container.ContainerReportHandler (AbstractContainerReportHandler.java:updateContainerState(178)) - Moving container #1 to CLOSED state, datanode fe2f4460-1173-45ac-8f62-3ccbe442b4a3{ip: 192.168.157.254, host: pr-hdds-2343-5q8j9-3338874002, networkLocation: /default-rack, certSerialId: null} reported CLOSED replica.
2019-10-22 00:04:47,821 [SCMBlockDeletingService#1] INFO  block.SCMBlockDeletingService (SCMBlockDeletingService.java:call(184)) - Totally added 3 delete blocks command for 3 datanodes, task elapsed time: 3ms
2019-10-22 00:04:47,917 [Command processor thread] INFO  commandhandler.DeleteBlocksCommandHandler (DeleteBlocksCommandHandler.java:handle(106)) - Start to delete container blocks, TXIDs=[1(0)], numOfContainers=1, numOfBlocks=1
2019-10-22 00:04:47,922 [EventQueue-PendingDeleteStatusForPendingDeleteHandler] INFO  block.SCMBlockDeletingService (SCMBlockDeletingService.java:handlePendingDeletes(115)) - Block deletion txnID mismatch in datanode bec42651-2cde-4fcc-b688-684a384bc6fb for containerID 1. Datanode delete txnID: 0, SCM txnID: 1
2019-10-22 00:04:47,974 [EventQueue-PendingDeleteStatusForPendingDeleteHandler] INFO  block.SCMBlockDeletingService (SCMBlockDeletingService.java:handlePendingDeletes(115)) - Block deletion txnID mismatch in datanode fe2f4460-1173-45ac-8f62-3ccbe442b4a3 for containerID 1. Datanode delete txnID: 0, SCM txnID: 1
2019-10-22 00:04:48,017 [java.util.concurrent.ThreadPoolExecutor$Worker@1cc2f809[State = -1, empty queue]] WARN  server.GrpcLogAppender (GrpcLogAppender.java:timeoutAppendRequest(209)) - fe2f4460-1173-45ac-8f62-3ccbe442b4a3@group-452902F59078->0d315fbd-ade0-427f-8a57-9b8f4a7ccba2-GrpcLogAppender: appendEntries Timeout, request=fe2f4460-1173-45ac-8f62-3ccbe442b4a3->0d315fbd-ade0-427f-8a57-9b8f4a7ccba2#50-t4, previous=(t:4, i:10), leaderCommit=10, initializing? false, entries: <empty>
2019-10-22 00:04:48,238 [BlockDeletingService#3] WARN  background.BlockDeletingService (BlockDeletingService.java:isDeletionAllowed(187)) - Close Container log Index 6 is not replicated across allthe servers in the pipeline c00d4cd3-293b-4d2c-9f2c-452902f59078 as the min replicated index is 4. Deletion is not allowed in this container yet.
2019-10-22 00:04:48,238 [BlockDeletingService#8] WARN  background.BlockDeletingService (BlockDeletingService.java:isDeletionAllowed(187)) - Close Container log Index 6 is not replicated across allthe servers in the pipeline c00d4cd3-293b-4d2c-9f2c-452902f59078 as the min replicated index is 4. Deletion is not allowed in this container yet.
2019-10-22 00:04:48,274 [EventQueue-PendingDeleteStatusForPendingDeleteHandler] INFO  block.SCMBlockDeletingService (SCMBlockDeletingService.java:handlePendingDeletes(115)) - Block deletion txnID mismatch in datanode fe2f4460-1173-45ac-8f62-3ccbe442b4a3 for containerID 1. Datanode delete txnID: 0, SCM txnID: 1
2019-10-22 00:04:48,373 [Command processor thread] INFO  commandhandler.DeleteBlocksCommandHandler (DeleteBlocksCommandHandler.java:handle(106)) - Start to delete container blocks, TXIDs=[1(0)], numOfContainers=1, numOfBlocks=1
2019-10-22 00:04:48,584 [Thread-555] INFO  client.GrpcClientProtocolService (GrpcClientProtocolService.java:lambda$processClientRequest$0(278)) - Failed RaftClientRequest:client-06600EE78844->fe2f4460-1173-45ac-8f62-3ccbe442b4a3@group-452902F59078, cid=10, seq=0, Watch-ALL_COMMITTED(6), Message:<EMPTY>, reply=RaftClientReply:client-06600EE78844->fe2f4460-1173-45ac-8f62-3ccbe442b4a3@group-452902F59078, cid=10, FAILED org.apache.ratis.protocol.NotReplicatedException: Request with call Id 10 and log index 6 is not yet replicated to ALL_COMMITTED, logIndex=6, commits[fe2f4460-1173-45ac-8f62-3ccbe442b4a3:c10, bec42651-2cde-4fcc-b688-684a384bc6fb:c10, 0d315fbd-ade0-427f-8a57-9b8f4a7ccba2:c4]
2019-10-22 00:04:48,637 [main] INFO  impl.MetricsSystemImpl (MetricsSystemImpl.java:init(158)) - HddsDatanode metrics system started (again)
2019-10-22 00:04:48,687 [main] INFO  ozone.HddsDatanodeService (HddsDatanodeService.java:start(184)) - HddsDatanodeService host:pr-hdds-2343-5q8j9-3338874002 ip:192.168.157.254
2019-10-22 00:04:48,692 [main] INFO  volume.VolumeUsage (VolumeUsage.java:loadScmUsed(144)) - Cached ScmUsed found for /workdir/hadoop-ozone/integration-test/target/test-dir/MiniOzoneClusterImpl-8b3f1bd7-87d6-49e7-a08b-7cd236893d43/datanode-1/data/containers : 4096 
2019-10-22 00:04:48,692 [main] INFO  volume.HddsVolume (HddsVolume.java:<init>(176)) - Creating Volume: /workdir/hadoop-ozone/integration-test/target/test-dir/MiniOzoneClusterImpl-8b3f1bd7-87d6-49e7-a08b-7cd236893d43/datanode-1/data/containers/hdds of  storage type : DISK and capacity : 1482555576320
2019-10-22 00:04:48,693 [main] INFO  volume.VolumeSet (VolumeSet.java:initializeVolumeSet(170)) - Added Volume : /workdir/hadoop-ozone/integration-test/target/test-dir/MiniOzoneClusterImpl-8b3f1bd7-87d6-49e7-a08b-7cd236893d43/datanode-1/data/containers/hdds to VolumeSet
2019-10-22 00:04:48,693 [main] INFO  volume.ThrottledAsyncChecker (ThrottledAsyncChecker.java:schedule(141)) - Scheduling a check for /workdir/hadoop-ozone/integration-test/target/test-dir/MiniOzoneClusterImpl-8b3f1bd7-87d6-49e7-a08b-7cd236893d43/datanode-1/data/containers/hdds
2019-10-22 00:04:48,694 [main] INFO  volume.HddsVolumeChecker (HddsVolumeChecker.java:checkAllVolumes(204)) - Scheduled health check for volume /workdir/hadoop-ozone/integration-test/target/test-dir/MiniOzoneClusterImpl-8b3f1bd7-87d6-49e7-a08b-7cd236893d43/datanode-1/data/containers/hdds
2019-10-22 00:04:48,733 [main] INFO  impl.RaftServerProxy (ConfUtils.java:logGet(43)) - raft.rpc.type = GRPC (default)
2019-10-22 00:04:48,734 [main] INFO  grpc.GrpcFactory (GrpcFactory.java:checkPooledByteBufAllocatorUseCacheForAllThreads(45)) - PERFORMANCE WARNING: useCacheForAllThreads is true that may cause Netty to create a lot garbage objects and, as a result, trigger GC.
	It is recommended to disable useCacheForAllThreads by setting -Dorg.apache.ratis.thirdparty.io.netty.allocator.useCacheForAllThreads=false in command line.
2019-10-22 00:04:48,734 [main] INFO  grpc.GrpcConfigKeys$Server (ConfUtils.java:logGet(43)) - raft.grpc.server.port = 43029 (custom)
2019-10-22 00:04:48,734 [main] INFO  server.GrpcService (ConfUtils.java:logGet(43)) - raft.grpc.message.size.max = 33570816 (custom)
2019-10-22 00:04:48,734 [main] INFO  server.RaftServerConfigKeys (ConfUtils.java:logGet(43)) - raft.server.log.appender.buffer.byte-limit = 33554432 (custom)
2019-10-22 00:04:48,734 [main] INFO  server.GrpcService (ConfUtils.java:logGet(43)) - raft.grpc.flow.control.window = 1MB (=1048576) (default)
2019-10-22 00:04:48,735 [main] INFO  server.RaftServerConfigKeys (ConfUtils.java:logGet(43)) - raft.server.rpc.request.timeout = 3000ms (default)
2019-10-22 00:04:48,735 [main] INFO  server.RaftServerConfigKeys (ConfUtils.java:logGet(43)) - raft.server.storage.dir = [/workdir/hadoop-ozone/integration-test/target/test-dir/MiniOzoneClusterImpl-8b3f1bd7-87d6-49e7-a08b-7cd236893d43/datanode-1/data/ratis] (custom)
2019-10-22 00:04:48,736 [main] INFO  impl.RaftServerProxy (RaftServerProxy.java:lambda$null$0(191)) - 0d315fbd-ade0-427f-8a57-9b8f4a7ccba2: found a subdirectory /workdir/hadoop-ozone/integration-test/target/test-dir/MiniOzoneClusterImpl-8b3f1bd7-87d6-49e7-a08b-7cd236893d43/datanode-1/data/ratis/82161d29-0b95-4da4-b638-4d27a458c2cb
2019-10-22 00:04:48,737 [main] INFO  impl.RaftServerProxy (RaftServerProxy.java:addNew(89)) - 0d315fbd-ade0-427f-8a57-9b8f4a7ccba2: addNew group-4D27A458C2CB:[] returns group-4D27A458C2CB:java.util.concurrent.CompletableFuture@6aa3bfc[Not completed]
2019-10-22 00:04:48,737 [main] INFO  impl.RaftServerProxy (RaftServerProxy.java:lambda$null$0(191)) - 0d315fbd-ade0-427f-8a57-9b8f4a7ccba2: found a subdirectory /workdir/hadoop-ozone/integration-test/target/test-dir/MiniOzoneClusterImpl-8b3f1bd7-87d6-49e7-a08b-7cd236893d43/datanode-1/data/ratis/c00d4cd3-293b-4d2c-9f2c-452902f59078
2019-10-22 00:04:48,737 [main] INFO  impl.RaftServerProxy (RaftServerProxy.java:addNew(89)) - 0d315fbd-ade0-427f-8a57-9b8f4a7ccba2: addNew group-452902F59078:[] returns group-452902F59078:java.util.concurrent.CompletableFuture@6e4599c0[Not completed]
2019-10-22 00:04:48,742 [main] INFO  hdfs.DFSUtil (DFSUtil.java:httpServerTemplateForNNAndJN(1641)) - Starting Web-server for hddsDatanode at: http://0.0.0.0:43256
2019-10-22 00:04:48,742 [pool-59-thread-1] INFO  impl.RaftServerImpl (RaftServerImpl.java:<init>(104)) - 0d315fbd-ade0-427f-8a57-9b8f4a7ccba2: new RaftServerImpl for group-4D27A458C2CB:[] with ContainerStateMachine:uninitialized
2019-10-22 00:04:48,743 [pool-59-thread-1] INFO  server.RaftServerConfigKeys (ConfUtils.java:logGet(43)) - raft.server.rpc.timeout.min = 5s (custom)
2019-10-22 00:04:48,743 [pool-59-thread-1] INFO  server.RaftServerConfigKeys (ConfUtils.java:logGet(43)) - raft.server.rpc.timeout.max = 5200ms (custom)
2019-10-22 00:04:48,743 [pool-59-thread-1] INFO  server.RaftServerConfigKeys (ConfUtils.java:logGet(43)) - raft.server.rpcslowness.timeout = 1000s (custom)
2019-10-22 00:04:48,743 [pool-59-thread-1] INFO  server.RaftServerConfigKeys (ConfUtils.java:logGet(43)) - raft.server.sleep.deviation.threshold = 300 (default)
2019-10-22 00:04:48,743 [pool-59-thread-1] INFO  server.RaftServerConfigKeys (ConfUtils.java:logGet(43)) - raft.server.log.appender.install.snapshot.enabled = false (custom)
2019-10-22 00:04:48,743 [pool-59-thread-1] INFO  impl.RaftServerImpl (ServerState.java:<init>(103)) - 0d315fbd-ade0-427f-8a57-9b8f4a7ccba2@group-4D27A458C2CB: ConfigurationManager, init=-1: [], old=null, confs=<EMPTY_MAP>
2019-10-22 00:04:48,743 [pool-59-thread-1] INFO  server.RaftServerConfigKeys (ConfUtils.java:logGet(43)) - raft.server.storage.dir = [/workdir/hadoop-ozone/integration-test/target/test-dir/MiniOzoneClusterImpl-8b3f1bd7-87d6-49e7-a08b-7cd236893d43/datanode-1/data/ratis] (custom)
2019-10-22 00:04:48,744 [pool-59-thread-1] INFO  server.RaftServerConfigKeys (ConfUtils.java:logGet(43)) - raft.server.log.corruption.policy = EXCEPTION (default)
2019-10-22 00:04:48,744 [main] INFO  server.AuthenticationFilter (AuthenticationFilter.java:constructSecretProvider(240)) - Unable to initialize FileSignerSecretProvider, falling back to use random secrets.
2019-10-22 00:04:48,745 [main] WARN  http.HttpRequestLog (HttpRequestLog.java:getRequestLog(97)) - Jetty request log can only be enabled using Log4j
2019-10-22 00:04:48,747 [main] INFO  http.HttpServer2 (HttpServer2.java:addGlobalFilter(975)) - Added global filter 'safety' (class=org.apache.hadoop.http.HttpServer2$QuotingInputFilter)
2019-10-22 00:04:48,747 [main] INFO  http.HttpServer2 (HttpServer2.java:addFilter(948)) - Added filter static_user_filter (class=org.apache.hadoop.http.lib.StaticUserWebFilter$StaticUserFilter) to context hddsDatanode
2019-10-22 00:04:48,747 [main] INFO  http.HttpServer2 (HttpServer2.java:addFilter(958)) - Added filter static_user_filter (class=org.apache.hadoop.http.lib.StaticUserWebFilter$StaticUserFilter) to context static
2019-10-22 00:04:48,747 [main] INFO  http.HttpServer2 (HttpServer2.java:addFilter(958)) - Added filter static_user_filter (class=org.apache.hadoop.http.lib.StaticUserWebFilter$StaticUserFilter) to context logs
2019-10-22 00:04:48,748 [main] INFO  http.HttpServer2 (HttpServer2.java:bindListener(1191)) - Jetty bound to port 43256
2019-10-22 00:04:48,748 [main] INFO  server.Server (Server.java:doStart(351)) - jetty-9.3.25.v20180904, build timestamp: 2018-09-04T21:11:46Z, git hash: 3ce520221d0240229c862b122d2b06c12a625732
2019-10-22 00:04:48,750 [main] INFO  handler.ContextHandler (ContextHandler.java:doStart(781)) - Started o.e.j.s.ServletContextHandler@6ca8fcf3{/logs,file:///workdir/hadoop-ozone/integration-test/target/log,AVAILABLE}
2019-10-22 00:04:48,751 [main] INFO  handler.ContextHandler (ContextHandler.java:doStart(781)) - Started o.e.j.s.ServletContextHandler@66933239{/static,jar:file:/home/user/.m2/repository/org/apache/hadoop/hadoop-hdds-container-service/0.5.0-SNAPSHOT/hadoop-hdds-container-service-0.5.0-SNAPSHOT.jar!/webapps/static,AVAILABLE}
2019-10-22 00:04:48,768 [pool-59-thread-1] INFO  storage.RaftStorageDirectory (RaftStorageDirectory.java:tryLock(328)) - Lock on /workdir/hadoop-ozone/integration-test/target/test-dir/MiniOzoneClusterImpl-8b3f1bd7-87d6-49e7-a08b-7cd236893d43/datanode-1/data/ratis/82161d29-0b95-4da4-b638-4d27a458c2cb/in_use.lock acquired by nodename 23642@pr-hdds-2343-5q8j9-3338874002
2019-10-22 00:04:48,770 [pool-59-thread-1] INFO  ratis.ContainerStateMachine (ContainerStateMachine.java:loadSnapshot(231)) - group-4D27A458C2CB: The snapshot info is null. Setting the last applied indexto:(t:0, i:~)
2019-10-22 00:04:48,770 [pool-59-thread-1] INFO  server.RaftServerConfigKeys (ConfUtils.java:logGet(43)) - raft.server.notification.no-leader.timeout = 1000s (custom)
2019-10-22 00:04:48,770 [pool-59-thread-1] INFO  server.RaftServerConfigKeys (ConfUtils.java:logGet(43)) - raft.server.log.use.memory = false (default)
2019-10-22 00:04:48,770 [pool-59-thread-1] INFO  server.RaftServerConfigKeys (ConfUtils.java:logGet(43)) - raft.server.log.purge.gap = 1000000 (custom)
2019-10-22 00:04:48,770 [pool-59-thread-1] INFO  server.RaftServerConfigKeys (ConfUtils.java:logGet(43)) - raft.server.log.appender.buffer.byte-limit = 33554432 (custom)
2019-10-22 00:04:48,770 [pool-59-thread-1] INFO  server.RaftServerConfigKeys (ConfUtils.java:logGet(43)) - raft.server.log.segment.size.max = 1048576 (custom)
2019-10-22 00:04:48,771 [pool-59-thread-1] INFO  server.RaftServerConfigKeys (ConfUtils.java:logGet(43)) - raft.server.log.segment.cache.num.max = 2 (custom)
2019-10-22 00:04:48,771 [pool-59-thread-1] INFO  segmented.SegmentedRaftLogWorker (SegmentedRaftLogWorker.java:<init>(173)) - new 0d315fbd-ade0-427f-8a57-9b8f4a7ccba2@group-4D27A458C2CB-SegmentedRaftLogWorker for RaftStorage:Storage Directory /workdir/hadoop-ozone/integration-test/target/test-dir/MiniOzoneClusterImpl-8b3f1bd7-87d6-49e7-a08b-7cd236893d43/datanode-1/data/ratis/82161d29-0b95-4da4-b638-4d27a458c2cb
2019-10-22 00:04:48,771 [pool-59-thread-1] INFO  server.RaftServerConfigKeys (ConfUtils.java:logGet(43)) - raft.server.log.queue.byte-limit = 2147483647 (custom)
2019-10-22 00:04:48,771 [pool-59-thread-1] INFO  server.RaftServerConfigKeys (ConfUtils.java:logGet(43)) - raft.server.log.queue.element-limit = 1024 (custom)
2019-10-22 00:04:48,771 [pool-59-thread-1] INFO  server.RaftServerConfigKeys (ConfUtils.java:logGet(43)) - raft.server.log.segment.size.max = 1048576 (custom)
2019-10-22 00:04:48,771 [pool-59-thread-1] INFO  server.RaftServerConfigKeys (ConfUtils.java:logGet(43)) - raft.server.log.preallocated.size = 16384 (custom)
2019-10-22 00:04:48,771 [pool-59-thread-1] INFO  server.RaftServerConfigKeys (ConfUtils.java:logGet(43)) - raft.server.log.write.buffer.size = 33554432 (custom)
2019-10-22 00:04:48,771 [pool-59-thread-1] INFO  server.RaftServerConfigKeys (ConfUtils.java:logGet(43)) - raft.server.log.force.sync.num = 128 (default)
2019-10-22 00:04:48,771 [pool-59-thread-1] INFO  server.RaftServerConfigKeys (ConfUtils.java:logGet(43)) - raft.server.log.statemachine.data.sync = true (default)
2019-10-22 00:04:48,772 [pool-59-thread-1] INFO  server.RaftServerConfigKeys (ConfUtils.java:logGet(43)) - raft.server.log.statemachine.data.sync.timeout = 10s (default)
2019-10-22 00:04:48,772 [pool-59-thread-1] INFO  server.RaftServerConfigKeys (ConfUtils.java:logGet(43)) - raft.server.log.statemachine.data.sync.timeout.retry = -1 (default)
2019-10-22 00:04:48,772 [pool-59-thread-1] INFO  server.RaftServerConfigKeys (ConfUtils.java:logGet(43)) - raft.server.log.statemachine.data.caching.enabled = true (custom)
2019-10-22 00:04:48,778 [pool-59-thread-1] INFO  impl.RaftServerImpl (ServerState.java:setRaftConf(357)) - 0d315fbd-ade0-427f-8a57-9b8f4a7ccba2@group-4D27A458C2CB: set configuration 0: [0d315fbd-ade0-427f-8a57-9b8f4a7ccba2:192.168.157.254:43029], old=null at 0
2019-10-22 00:04:48,779 [pool-59-thread-1] INFO  segmented.LogSegment (LogSegment.java:loadSegment(140)) - Successfully read 1 entries from segment file /workdir/hadoop-ozone/integration-test/target/test-dir/MiniOzoneClusterImpl-8b3f1bd7-87d6-49e7-a08b-7cd236893d43/datanode-1/data/ratis/82161d29-0b95-4da4-b638-4d27a458c2cb/current/log_inprogress_0
2019-10-22 00:04:48,779 [pool-59-thread-1] INFO  segmented.SegmentedRaftLogWorker (SegmentedRaftLogWorker.java:lambda$new$0(128)) - 0d315fbd-ade0-427f-8a57-9b8f4a7ccba2@group-4D27A458C2CB-SegmentedRaftLogWorker: flushIndex: setUnconditionally 0 -> 0
2019-10-22 00:04:48,781 [main] INFO  handler.ContextHandler (ContextHandler.java:doStart(781)) - Started o.e.j.w.WebAppContext@6dc9da2d{/,file:///tmp/jetty-0.0.0.0-43256-hddsDatanode-_-any-1874495388281456513.dir/webapp/,AVAILABLE}{/hddsDatanode}
2019-10-22 00:04:48,782 [main] INFO  server.AbstractConnector (AbstractConnector.java:doStart(278)) - Started ServerConnector@1d408060{HTTP/1.1,[http/1.1]}{0.0.0.0:43256}
2019-10-22 00:04:48,803 [main] INFO  server.Server (Server.java:doStart(419)) - Started @113207ms
2019-10-22 00:04:48,803 [pool-59-thread-1] INFO  server.RaftServerConfigKeys (ConfUtils.java:logGet(43)) - raft.server.snapshot.auto.trigger.enabled = true (custom)
2019-10-22 00:04:48,803 [main] WARN  impl.MetricsSystemImpl (MetricsSystemImpl.java:register(276)) - Sink prometheus already exists!
2019-10-22 00:04:48,803 [pool-59-thread-1] INFO  server.RaftServerConfigKeys (ConfUtils.java:logGet(43)) - raft.server.snapshot.auto.trigger.threshold = 10000 (custom)
2019-10-22 00:04:48,804 [pool-59-thread-1] INFO  server.RaftServerConfigKeys (ConfUtils.java:logGet(43)) - raft.server.snapshot.retention.file.num = 5 (custom)
2019-10-22 00:04:48,804 [pool-59-thread-1] INFO  server.RaftServerConfigKeys (ConfUtils.java:logGet(43)) - raft.server.retrycache.expirytime = 600000ms (custom)
2019-10-22 00:04:48,804 [main] INFO  server.BaseHttpServer (BaseHttpServer.java:updateConnectorAddress(215)) - HTTP server of HDDSDATANODE is listening at http://0.0.0.0:43256
2019-10-22 00:04:48,805 [pool-59-thread-1] INFO  impl.RaftServerImpl (RaftServerImpl.java:<init>(104)) - 0d315fbd-ade0-427f-8a57-9b8f4a7ccba2: new RaftServerImpl for group-452902F59078:[] with ContainerStateMachine:uninitialized
2019-10-22 00:04:48,805 [pool-59-thread-1] INFO  server.RaftServerConfigKeys (ConfUtils.java:logGet(43)) - raft.server.rpc.timeout.min = 5s (custom)
2019-10-22 00:04:48,806 [pool-59-thread-1] INFO  server.RaftServerConfigKeys (ConfUtils.java:logGet(43)) - raft.server.rpc.timeout.max = 5200ms (custom)
2019-10-22 00:04:48,806 [org.apache.hadoop.util.JvmPauseMonitor$Monitor@44e13ef0] INFO  util.JvmPauseMonitor (JvmPauseMonitor.java:run(188)) - Starting JVM pause monitor
2019-10-22 00:04:48,806 [pool-59-thread-1] INFO  server.RaftServerConfigKeys (ConfUtils.java:logGet(43)) - raft.server.rpcslowness.timeout = 1000s (custom)
2019-10-22 00:04:48,806 [pool-59-thread-1] INFO  server.RaftServerConfigKeys (ConfUtils.java:logGet(43)) - raft.server.sleep.deviation.threshold = 300 (default)
2019-10-22 00:04:48,806 [pool-59-thread-1] INFO  server.RaftServerConfigKeys (ConfUtils.java:logGet(43)) - raft.server.log.appender.install.snapshot.enabled = false (custom)
2019-10-22 00:04:48,806 [pool-59-thread-1] INFO  impl.RaftServerImpl (ServerState.java:<init>(103)) - 0d315fbd-ade0-427f-8a57-9b8f4a7ccba2@group-452902F59078: ConfigurationManager, init=-1: [], old=null, confs=<EMPTY_MAP>
2019-10-22 00:04:48,806 [pool-59-thread-1] INFO  server.RaftServerConfigKeys (ConfUtils.java:logGet(43)) - raft.server.storage.dir = [/workdir/hadoop-ozone/integration-test/target/test-dir/MiniOzoneClusterImpl-8b3f1bd7-87d6-49e7-a08b-7cd236893d43/datanode-1/data/ratis] (custom)
2019-10-22 00:04:48,806 [pool-59-thread-1] INFO  server.RaftServerConfigKeys (ConfUtils.java:logGet(43)) - raft.server.log.corruption.policy = EXCEPTION (default)
2019-10-22 00:04:48,822 [pool-7-thread-1] INFO  commands.RetriableDatanodeEventWatcher (RetriableDatanodeEventWatcher.java:onTimeout(47)) - RetriableDatanodeCommand type=deleteBlocksCommand with id=1571702687821 timed out. Retrying.
2019-10-22 00:04:48,822 [SCMBlockDeletingService#1] INFO  block.SCMBlockDeletingService (SCMBlockDeletingService.java:call(184)) - Totally added 1 delete blocks command for 1 datanodes, task elapsed time: 0ms
2019-10-22 00:04:48,841 [pool-59-thread-1] INFO  storage.RaftStorageDirectory (RaftStorageDirectory.java:tryLock(328)) - Lock on /workdir/hadoop-ozone/integration-test/target/test-dir/MiniOzoneClusterImpl-8b3f1bd7-87d6-49e7-a08b-7cd236893d43/datanode-1/data/ratis/c00d4cd3-293b-4d2c-9f2c-452902f59078/in_use.lock acquired by nodename 23642@pr-hdds-2343-5q8j9-3338874002
2019-10-22 00:04:48,844 [pool-59-thread-1] INFO  ratis.ContainerStateMachine (ContainerStateMachine.java:loadSnapshot(240)) - group-452902F59078: Setting the last applied index to (t:4, i:3)
2019-10-22 00:04:48,851 [pool-59-thread-1] INFO  impl.RaftServerImpl (ServerState.java:setRaftConf(357)) - 0d315fbd-ade0-427f-8a57-9b8f4a7ccba2@group-452902F59078: set configuration 0: [fe2f4460-1173-45ac-8f62-3ccbe442b4a3:192.168.157.254:43148, bec42651-2cde-4fcc-b688-684a384bc6fb:192.168.157.254:46415, 0d315fbd-ade0-427f-8a57-9b8f4a7ccba2:192.168.157.254:43029], old=null at 0
2019-10-22 00:04:48,851 [pool-59-thread-1] INFO  server.RaftServerConfigKeys (ConfUtils.java:logGet(43)) - raft.server.notification.no-leader.timeout = 1000s (custom)
2019-10-22 00:04:48,851 [pool-59-thread-1] INFO  server.RaftServerConfigKeys (ConfUtils.java:logGet(43)) - raft.server.log.use.memory = false (default)
2019-10-22 00:04:48,852 [pool-59-thread-1] INFO  server.RaftServerConfigKeys (ConfUtils.java:logGet(43)) - raft.server.log.purge.gap = 1000000 (custom)
2019-10-22 00:04:48,852 [pool-59-thread-1] INFO  server.RaftServerConfigKeys (ConfUtils.java:logGet(43)) - raft.server.log.appender.buffer.byte-limit = 33554432 (custom)
2019-10-22 00:04:48,852 [pool-59-thread-1] INFO  server.RaftServerConfigKeys (ConfUtils.java:logGet(43)) - raft.server.log.segment.size.max = 1048576 (custom)
2019-10-22 00:04:48,852 [pool-59-thread-1] INFO  server.RaftServerConfigKeys (ConfUtils.java:logGet(43)) - raft.server.log.segment.cache.num.max = 2 (custom)
2019-10-22 00:04:48,852 [pool-59-thread-1] INFO  segmented.SegmentedRaftLogWorker (SegmentedRaftLogWorker.java:<init>(173)) - new 0d315fbd-ade0-427f-8a57-9b8f4a7ccba2@group-452902F59078-SegmentedRaftLogWorker for RaftStorage:Storage Directory /workdir/hadoop-ozone/integration-test/target/test-dir/MiniOzoneClusterImpl-8b3f1bd7-87d6-49e7-a08b-7cd236893d43/datanode-1/data/ratis/c00d4cd3-293b-4d2c-9f2c-452902f59078
2019-10-22 00:04:48,852 [pool-59-thread-1] INFO  server.RaftServerConfigKeys (ConfUtils.java:logGet(43)) - raft.server.log.queue.byte-limit = 2147483647 (custom)
2019-10-22 00:04:48,853 [pool-59-thread-1] INFO  server.RaftServerConfigKeys (ConfUtils.java:logGet(43)) - raft.server.log.queue.element-limit = 1024 (custom)
2019-10-22 00:04:48,853 [pool-59-thread-1] INFO  server.RaftServerConfigKeys (ConfUtils.java:logGet(43)) - raft.server.log.segment.size.max = 1048576 (custom)
2019-10-22 00:04:48,853 [pool-59-thread-1] INFO  server.RaftServerConfigKeys (ConfUtils.java:logGet(43)) - raft.server.log.preallocated.size = 16384 (custom)
2019-10-22 00:04:48,853 [pool-59-thread-1] INFO  server.RaftServerConfigKeys (ConfUtils.java:logGet(43)) - raft.server.log.write.buffer.size = 33554432 (custom)
2019-10-22 00:04:48,853 [pool-59-thread-1] INFO  server.RaftServerConfigKeys (ConfUtils.java:logGet(43)) - raft.server.log.force.sync.num = 128 (default)
2019-10-22 00:04:48,853 [pool-59-thread-1] INFO  server.RaftServerConfigKeys (ConfUtils.java:logGet(43)) - raft.server.log.statemachine.data.sync = true (default)
2019-10-22 00:04:48,854 [pool-59-thread-1] INFO  server.RaftServerConfigKeys (ConfUtils.java:logGet(43)) - raft.server.log.statemachine.data.sync.timeout = 10s (default)
2019-10-22 00:04:48,854 [pool-59-thread-1] INFO  server.RaftServerConfigKeys (ConfUtils.java:logGet(43)) - raft.server.log.statemachine.data.sync.timeout.retry = -1 (default)
2019-10-22 00:04:48,854 [pool-59-thread-1] INFO  server.RaftServerConfigKeys (ConfUtils.java:logGet(43)) - raft.server.log.statemachine.data.caching.enabled = true (custom)
2019-10-22 00:04:48,855 [pool-59-thread-1] INFO  impl.RaftServerImpl (ServerState.java:setRaftConf(357)) - 0d315fbd-ade0-427f-8a57-9b8f4a7ccba2@group-452902F59078: set configuration 0: [fe2f4460-1173-45ac-8f62-3ccbe442b4a3:192.168.157.254:43148, bec42651-2cde-4fcc-b688-684a384bc6fb:192.168.157.254:46415, 0d315fbd-ade0-427f-8a57-9b8f4a7ccba2:192.168.157.254:43029], old=null at 0
2019-10-22 00:04:48,856 [pool-59-thread-1] INFO  segmented.LogSegment (LogSegment.java:loadSegment(140)) - Successfully read 5 entries from segment file /workdir/hadoop-ozone/integration-test/target/test-dir/MiniOzoneClusterImpl-8b3f1bd7-87d6-49e7-a08b-7cd236893d43/datanode-1/data/ratis/c00d4cd3-293b-4d2c-9f2c-452902f59078/current/log_inprogress_0
2019-10-22 00:04:48,856 [pool-59-thread-1] INFO  segmented.SegmentedRaftLogWorker (SegmentedRaftLogWorker.java:lambda$new$0(128)) - 0d315fbd-ade0-427f-8a57-9b8f4a7ccba2@group-452902F59078-SegmentedRaftLogWorker: flushIndex: setUnconditionally 0 -> 4
2019-10-22 00:04:48,887 [pool-59-thread-1] INFO  raftlog.RaftLog (RaftLog.java:lambda$new$0(61)) - 0d315fbd-ade0-427f-8a57-9b8f4a7ccba2@group-452902F59078-SegmentedRaftLog: commitIndex: updateToMax old=3, new=3, updated? false
2019-10-22 00:04:48,887 [pool-59-thread-1] INFO  server.RaftServerConfigKeys (ConfUtils.java:logGet(43)) - raft.server.snapshot.auto.trigger.enabled = true (custom)
2019-10-22 00:04:48,887 [pool-59-thread-1] INFO  server.RaftServerConfigKeys (ConfUtils.java:logGet(43)) - raft.server.snapshot.auto.trigger.threshold = 10000 (custom)
2019-10-22 00:04:48,887 [pool-59-thread-1] INFO  server.RaftServerConfigKeys (ConfUtils.java:logGet(43)) - raft.server.snapshot.retention.file.num = 5 (custom)
2019-10-22 00:04:48,888 [pool-59-thread-1] INFO  server.RaftServerConfigKeys (ConfUtils.java:logGet(43)) - raft.server.retrycache.expirytime = 600000ms (custom)
2019-10-22 00:04:49,240 [BlockDeletingService#8] WARN  background.BlockDeletingService (BlockDeletingService.java:isDeletionAllowed(187)) - Close Container log Index 6 is not replicated across allthe servers in the pipeline c00d4cd3-293b-4d2c-9f2c-452902f59078 as the min replicated index is 4. Deletion is not allowed in this container yet.
2019-10-22 00:04:49,240 [BlockDeletingService#3] WARN  background.BlockDeletingService (BlockDeletingService.java:isDeletionAllowed(187)) - Close Container log Index 6 is not replicated across allthe servers in the pipeline c00d4cd3-293b-4d2c-9f2c-452902f59078 as the min replicated index is 4. Deletion is not allowed in this container yet.
2019-10-22 00:04:49,822 [pool-7-thread-1] INFO  commands.RetriableDatanodeEventWatcher (RetriableDatanodeEventWatcher.java:onTimeout(47)) - RetriableDatanodeCommand type=deleteBlocksCommand with id=1571702687821 timed out. Retrying.
2019-10-22 00:04:49,822 [pool-7-thread-2] INFO  commands.RetriableDatanodeEventWatcher (RetriableDatanodeEventWatcher.java:onTimeout(47)) - RetriableDatanodeCommand type=deleteBlocksCommand with id=1571702687824 timed out. Retrying.
2019-10-22 00:04:49,822 [SCMBlockDeletingService#1] INFO  block.SCMBlockDeletingService (SCMBlockDeletingService.java:call(184)) - Totally added 1 delete blocks command for 1 datanodes, task elapsed time: 0ms
2019-10-22 00:04:50,241 [BlockDeletingService#8] WARN  background.BlockDeletingService (BlockDeletingService.java:isDeletionAllowed(187)) - Close Container log Index 6 is not replicated across allthe servers in the pipeline c00d4cd3-293b-4d2c-9f2c-452902f59078 as the min replicated index is 4. Deletion is not allowed in this container yet.
2019-10-22 00:04:50,241 [BlockDeletingService#3] WARN  background.BlockDeletingService (BlockDeletingService.java:isDeletionAllowed(187)) - Close Container log Index 6 is not replicated across allthe servers in the pipeline c00d4cd3-293b-4d2c-9f2c-452902f59078 as the min replicated index is 4. Deletion is not allowed in this container yet.
2019-10-22 00:04:50,518 [java.util.concurrent.ThreadPoolExecutor$Worker@1cc2f809[State = -1, empty queue]] WARN  server.GrpcLogAppender (GrpcLogAppender.java:timeoutAppendRequest(209)) - fe2f4460-1173-45ac-8f62-3ccbe442b4a3@group-452902F59078->0d315fbd-ade0-427f-8a57-9b8f4a7ccba2-GrpcLogAppender: appendEntries Timeout, request=fe2f4460-1173-45ac-8f62-3ccbe442b4a3->0d315fbd-ade0-427f-8a57-9b8f4a7ccba2#51-t4, previous=(t:4, i:10), leaderCommit=10, initializing? false, entries: <empty>
2019-10-22 00:04:50,807 [Datanode State Machine Thread - 0] INFO  ozoneimpl.OzoneContainer (OzoneContainer.java:start(213)) - Attempting to start container services.
2019-10-22 00:04:50,809 [Datanode State Machine Thread - 0] INFO  ozoneimpl.OzoneContainer (OzoneContainer.java:startContainerScrub(177)) - Background container scanner has been disabled.
2019-10-22 00:04:50,809 [Datanode State Machine Thread - 0] INFO  ratis.XceiverServerRatis (XceiverServerRatis.java:start(418)) - Starting XceiverServerRatis 0d315fbd-ade0-427f-8a57-9b8f4a7ccba2 at port 43029
2019-10-22 00:04:50,817 [Datanode State Machine Thread - 0] INFO  impl.RaftServerImpl (RaftServerImpl.java:start(195)) - 0d315fbd-ade0-427f-8a57-9b8f4a7ccba2@group-4D27A458C2CB: start as a follower, conf=0: [0d315fbd-ade0-427f-8a57-9b8f4a7ccba2:192.168.157.254:43029], old=null
2019-10-22 00:04:50,818 [Datanode State Machine Thread - 0] INFO  impl.RaftServerImpl (RaftServerImpl.java:setRole(184)) - 0d315fbd-ade0-427f-8a57-9b8f4a7ccba2@group-4D27A458C2CB: changes role from      null to FOLLOWER at term 1 for startAsFollower
2019-10-22 00:04:50,818 [ForkJoinPool.commonPool-worker-0] INFO  impl.RaftServerImpl (RaftServerImpl.java:start(195)) - 0d315fbd-ade0-427f-8a57-9b8f4a7ccba2@group-452902F59078: start as a follower, conf=0: [fe2f4460-1173-45ac-8f62-3ccbe442b4a3:192.168.157.254:43148, bec42651-2cde-4fcc-b688-684a384bc6fb:192.168.157.254:46415, 0d315fbd-ade0-427f-8a57-9b8f4a7ccba2:192.168.157.254:43029], old=null
2019-10-22 00:04:50,818 [Datanode State Machine Thread - 0] INFO  impl.RoleInfo (RoleInfo.java:updateAndGet(143)) - 0d315fbd-ade0-427f-8a57-9b8f4a7ccba2: start FollowerState
2019-10-22 00:04:50,818 [ForkJoinPool.commonPool-worker-0] INFO  impl.RaftServerImpl (RaftServerImpl.java:setRole(184)) - 0d315fbd-ade0-427f-8a57-9b8f4a7ccba2@group-452902F59078: changes role from      null to FOLLOWER at term 4 for startAsFollower
2019-10-22 00:04:50,818 [ForkJoinPool.commonPool-worker-0] INFO  impl.RoleInfo (RoleInfo.java:updateAndGet(143)) - 0d315fbd-ade0-427f-8a57-9b8f4a7ccba2: start FollowerState
2019-10-22 00:04:50,818 [Datanode State Machine Thread - 0] INFO  util.JmxRegister (JmxRegister.java:tryRegister(44)) - Successfully registered JMX Bean with object name Ratis:service=RaftServer,group=group-4D27A458C2CB,id=0d315fbd-ade0-427f-8a57-9b8f4a7ccba2
2019-10-22 00:04:50,820 [ForkJoinPool.commonPool-worker-0] INFO  util.JmxRegister (JmxRegister.java:tryRegister(44)) - Successfully registered JMX Bean with object name Ratis:service=RaftServer,group=group-452902F59078,id=0d315fbd-ade0-427f-8a57-9b8f4a7ccba2
2019-10-22 00:04:50,821 [Datanode State Machine Thread - 0] INFO  impl.RaftServerProxy (RaftServerProxy.java:lambda$start$3(299)) - 0d315fbd-ade0-427f-8a57-9b8f4a7ccba2: start RPC server
2019-10-22 00:04:50,823 [pool-7-thread-1] INFO  commands.RetriableDatanodeEventWatcher (RetriableDatanodeEventWatcher.java:onTimeout(47)) - RetriableDatanodeCommand type=deleteBlocksCommand with id=1571702687824 timed out. Retrying.
2019-10-22 00:04:50,823 [Datanode State Machine Thread - 0] INFO  server.GrpcService (GrpcService.java:startImpl(158)) - 0d315fbd-ade0-427f-8a57-9b8f4a7ccba2: GrpcService started, listening on 0.0.0.0/0.0.0.0:43029
2019-10-22 00:04:50,823 [pool-7-thread-3] INFO  commands.RetriableDatanodeEventWatcher (RetriableDatanodeEventWatcher.java:onTimeout(47)) - RetriableDatanodeCommand type=deleteBlocksCommand with id=1571702687825 timed out. Retrying.
2019-10-22 00:04:50,823 [SCMBlockDeletingService#1] INFO  block.SCMBlockDeletingService (SCMBlockDeletingService.java:call(184)) - Totally added 1 delete blocks command for 1 datanodes, task elapsed time: 1ms
2019-10-22 00:04:50,824 [pool-7-thread-2] INFO  commands.RetriableDatanodeEventWatcher (RetriableDatanodeEventWatcher.java:onTimeout(47)) - RetriableDatanodeCommand type=deleteBlocksCommand with id=1571702687821 timed out. Retrying.
2019-10-22 00:04:50,845 [Thread-576] INFO  impl.FollowerState (FollowerState.java:run(108)) - 0d315fbd-ade0-427f-8a57-9b8f4a7ccba2@group-4D27A458C2CB-FollowerState: change to CANDIDATE, lastRpcTime:27ms, electionTimeout:27ms
2019-10-22 00:04:50,846 [Thread-576] INFO  impl.RoleInfo (RoleInfo.java:shutdownFollowerState(121)) - 0d315fbd-ade0-427f-8a57-9b8f4a7ccba2: shutdown FollowerState
2019-10-22 00:04:50,846 [Thread-576] INFO  impl.RaftServerImpl (RaftServerImpl.java:setRole(184)) - 0d315fbd-ade0-427f-8a57-9b8f4a7ccba2@group-4D27A458C2CB: changes role from  FOLLOWER to CANDIDATE at term 1 for changeToCandidate
2019-10-22 00:04:50,846 [Thread-576] INFO  impl.RoleInfo (RoleInfo.java:updateAndGet(143)) - 0d315fbd-ade0-427f-8a57-9b8f4a7ccba2: start LeaderElection
2019-10-22 00:04:50,873 [0d315fbd-ade0-427f-8a57-9b8f4a7ccba2@group-4D27A458C2CB-LeaderElection9] INFO  impl.LeaderElection (LeaderElection.java:askForVotes(178)) - 0d315fbd-ade0-427f-8a57-9b8f4a7ccba2@group-4D27A458C2CB-LeaderElection9: begin an election at term 2 for 0: [0d315fbd-ade0-427f-8a57-9b8f4a7ccba2:192.168.157.254:43029], old=null
2019-10-22 00:04:50,873 [0d315fbd-ade0-427f-8a57-9b8f4a7ccba2@group-4D27A458C2CB-LeaderElection9] INFO  impl.RoleInfo (RoleInfo.java:shutdownLeaderElection(134)) - 0d315fbd-ade0-427f-8a57-9b8f4a7ccba2: shutdown LeaderElection
2019-10-22 00:04:50,873 [0d315fbd-ade0-427f-8a57-9b8f4a7ccba2@group-4D27A458C2CB-LeaderElection9] INFO  impl.RaftServerImpl (RaftServerImpl.java:setRole(184)) - 0d315fbd-ade0-427f-8a57-9b8f4a7ccba2@group-4D27A458C2CB: changes role from CANDIDATE to LEADER at term 2 for changeToLeader
2019-10-22 00:04:50,873 [0d315fbd-ade0-427f-8a57-9b8f4a7ccba2@group-4D27A458C2CB-LeaderElection9] INFO  impl.RaftServerImpl (ServerState.java:setLeader(256)) - 0d315fbd-ade0-427f-8a57-9b8f4a7ccba2@group-4D27A458C2CB: change Leader from null to 0d315fbd-ade0-427f-8a57-9b8f4a7ccba2 at term 2 for becomeLeader, leader elected after 2103ms
2019-10-22 00:04:50,874 [0d315fbd-ade0-427f-8a57-9b8f4a7ccba2@group-4D27A458C2CB-LeaderElection9] INFO  server.RaftServerConfigKeys (ConfUtils.java:logGet(43)) - raft.server.staging.catchup.gap = 1000 (default)
2019-10-22 00:04:50,874 [0d315fbd-ade0-427f-8a57-9b8f4a7ccba2@group-4D27A458C2CB-LeaderElection9] INFO  server.RaftServerConfigKeys (ConfUtils.java:logGet(43)) - raft.server.rpc.sleep.time = 25ms (default)
2019-10-22 00:04:50,875 [0d315fbd-ade0-427f-8a57-9b8f4a7ccba2@group-4D27A458C2CB-LeaderElection9] INFO  server.RaftServerConfigKeys (ConfUtils.java:logGet(43)) - raft.server.write.element-limit = 4096 (default)
2019-10-22 00:04:50,875 [0d315fbd-ade0-427f-8a57-9b8f4a7ccba2@group-4D27A458C2CB-LeaderElection9] INFO  server.RaftServerConfigKeys (ConfUtils.java:logGet(43)) - raft.server.watch.timeout = 10s (default)
2019-10-22 00:04:50,875 [0d315fbd-ade0-427f-8a57-9b8f4a7ccba2@group-4D27A458C2CB-LeaderElection9] INFO  server.RaftServerConfigKeys (ConfUtils.java:logGet(43)) - raft.server.watch.timeout.denomination = 1s (default)
2019-10-22 00:04:50,875 [0d315fbd-ade0-427f-8a57-9b8f4a7ccba2@group-4D27A458C2CB-LeaderElection9] INFO  server.RaftServerConfigKeys (ConfUtils.java:logGet(43)) - raft.server.watch.element-limit = 65536 (default)
2019-10-22 00:04:50,875 [0d315fbd-ade0-427f-8a57-9b8f4a7ccba2@group-4D27A458C2CB-LeaderElection9] INFO  impl.RoleInfo (RoleInfo.java:updateAndGet(143)) - 0d315fbd-ade0-427f-8a57-9b8f4a7ccba2: start LeaderState
2019-10-22 00:04:50,876 [0d315fbd-ade0-427f-8a57-9b8f4a7ccba2@group-4D27A458C2CB-LeaderElection9] INFO  segmented.SegmentedRaftLogWorker (SegmentedRaftLogWorker.java:rollLogSegment(390)) - 0d315fbd-ade0-427f-8a57-9b8f4a7ccba2@group-4D27A458C2CB-SegmentedRaftLogWorker: Rolling segment log-0_0 to index:0
2019-10-22 00:04:50,878 [0d315fbd-ade0-427f-8a57-9b8f4a7ccba2@group-4D27A458C2CB-LeaderElection9] INFO  impl.RaftServerImpl (ServerState.java:setRaftConf(357)) - 0d315fbd-ade0-427f-8a57-9b8f4a7ccba2@group-4D27A458C2CB: set configuration 1: [0d315fbd-ade0-427f-8a57-9b8f4a7ccba2:192.168.157.254:43029], old=null at 1
2019-10-22 00:04:50,879 [0d315fbd-ade0-427f-8a57-9b8f4a7ccba2@group-4D27A458C2CB-SegmentedRaftLogWorker] INFO  segmented.SegmentedRaftLogWorker (SegmentedRaftLogWorker.java:execute(533)) - 0d315fbd-ade0-427f-8a57-9b8f4a7ccba2@group-4D27A458C2CB-SegmentedRaftLogWorker: Rolled log segment from /workdir/hadoop-ozone/integration-test/target/test-dir/MiniOzoneClusterImpl-8b3f1bd7-87d6-49e7-a08b-7cd236893d43/datanode-1/data/ratis/82161d29-0b95-4da4-b638-4d27a458c2cb/current/log_inprogress_0 to /workdir/hadoop-ozone/integration-test/target/test-dir/MiniOzoneClusterImpl-8b3f1bd7-87d6-49e7-a08b-7cd236893d43/datanode-1/data/ratis/82161d29-0b95-4da4-b638-4d27a458c2cb/current/log_0-0
2019-10-22 00:04:50,917 [0d315fbd-ade0-427f-8a57-9b8f4a7ccba2@group-4D27A458C2CB-SegmentedRaftLogWorker] INFO  segmented.SegmentedRaftLogWorker (SegmentedRaftLogWorker.java:execute(576)) - 0d315fbd-ade0-427f-8a57-9b8f4a7ccba2@group-4D27A458C2CB-SegmentedRaftLogWorker: created new log segment /workdir/hadoop-ozone/integration-test/target/test-dir/MiniOzoneClusterImpl-8b3f1bd7-87d6-49e7-a08b-7cd236893d43/datanode-1/data/ratis/82161d29-0b95-4da4-b638-4d27a458c2cb/current/log_inprogress_1
2019-10-22 00:04:50,971 [Thread-577] INFO  impl.FollowerState (FollowerState.java:run(108)) - 0d315fbd-ade0-427f-8a57-9b8f4a7ccba2@group-452902F59078-FollowerState: change to CANDIDATE, lastRpcTime:152ms, electionTimeout:151ms
2019-10-22 00:04:50,972 [Thread-577] INFO  impl.RoleInfo (RoleInfo.java:shutdownFollowerState(121)) - 0d315fbd-ade0-427f-8a57-9b8f4a7ccba2: shutdown FollowerState
2019-10-22 00:04:50,972 [Thread-577] INFO  impl.RaftServerImpl (RaftServerImpl.java:setRole(184)) - 0d315fbd-ade0-427f-8a57-9b8f4a7ccba2@group-452902F59078: changes role from  FOLLOWER to CANDIDATE at term 4 for changeToCandidate
2019-10-22 00:04:50,972 [Thread-577] INFO  impl.RoleInfo (RoleInfo.java:updateAndGet(143)) - 0d315fbd-ade0-427f-8a57-9b8f4a7ccba2: start LeaderElection
2019-10-22 00:04:50,987 [0d315fbd-ade0-427f-8a57-9b8f4a7ccba2@group-452902F59078-LeaderElection10] INFO  impl.LeaderElection (LeaderElection.java:askForVotes(178)) - 0d315fbd-ade0-427f-8a57-9b8f4a7ccba2@group-452902F59078-LeaderElection10: begin an election at term 5 for 0: [fe2f4460-1173-45ac-8f62-3ccbe442b4a3:192.168.157.254:43148, bec42651-2cde-4fcc-b688-684a384bc6fb:192.168.157.254:46415, 0d315fbd-ade0-427f-8a57-9b8f4a7ccba2:192.168.157.254:43029], old=null
2019-10-22 00:04:50,996 [grpc-default-executor-3] INFO  impl.RaftServerImpl (ServerState.java:setLeader(256)) - bec42651-2cde-4fcc-b688-684a384bc6fb@group-452902F59078: change Leader from fe2f4460-1173-45ac-8f62-3ccbe442b4a3 to null at term 5 for updateCurrentTerm
2019-10-22 00:04:50,997 [grpc-default-executor-3] INFO  impl.RaftServerImpl (RaftServerImpl.java:setRole(184)) - bec42651-2cde-4fcc-b688-684a384bc6fb@group-452902F59078: changes role from  FOLLOWER to FOLLOWER at term 5 for recognizeCandidate:0d315fbd-ade0-427f-8a57-9b8f4a7ccba2
2019-10-22 00:04:50,997 [grpc-default-executor-0] INFO  impl.RaftServerImpl (ServerState.java:setLeader(256)) - fe2f4460-1173-45ac-8f62-3ccbe442b4a3@group-452902F59078: change Leader from fe2f4460-1173-45ac-8f62-3ccbe442b4a3 to null at term 5 for updateCurrentTerm
2019-10-22 00:04:50,997 [grpc-default-executor-3] INFO  impl.RoleInfo (RoleInfo.java:shutdownFollowerState(121)) - bec42651-2cde-4fcc-b688-684a384bc6fb: shutdown FollowerState
2019-10-22 00:04:50,997 [grpc-default-executor-0] INFO  impl.RaftServerImpl (RaftServerImpl.java:setRole(184)) - fe2f4460-1173-45ac-8f62-3ccbe442b4a3@group-452902F59078: changes role from    LEADER to FOLLOWER at term 5 for recognizeCandidate:0d315fbd-ade0-427f-8a57-9b8f4a7ccba2
2019-10-22 00:04:50,997 [Thread-239] INFO  impl.FollowerState (FollowerState.java:run(117)) - bec42651-2cde-4fcc-b688-684a384bc6fb@group-452902F59078-FollowerState was interrupted: java.lang.InterruptedException: sleep interrupted
2019-10-22 00:04:50,997 [grpc-default-executor-3] INFO  impl.RoleInfo (RoleInfo.java:updateAndGet(143)) - bec42651-2cde-4fcc-b688-684a384bc6fb: start FollowerState
2019-10-22 00:04:50,997 [grpc-default-executor-0] INFO  impl.RoleInfo (RoleInfo.java:shutdownLeaderState(104)) - fe2f4460-1173-45ac-8f62-3ccbe442b4a3: shutdown LeaderState
2019-10-22 00:04:51,000 [grpc-default-executor-0] INFO  impl.PendingRequests (PendingRequests.java:sendNotLeaderResponses(202)) - fe2f4460-1173-45ac-8f62-3ccbe442b4a3@group-452902F59078-PendingRequests: sendNotLeaderResponses
2019-10-22 00:04:51,000 [org.apache.ratis.server.impl.LogAppender$AppenderDaemon$$Lambda$378/1202390938@6f0d380b] WARN  server.GrpcLogAppender (GrpcLogAppender.java:mayWait(149)) - fe2f4460-1173-45ac-8f62-3ccbe442b4a3@group-452902F59078->0d315fbd-ade0-427f-8a57-9b8f4a7ccba2-GrpcLogAppender: Wait interrupted by java.lang.InterruptedException
2019-10-22 00:04:51,000 [org.apache.ratis.server.impl.LogAppender$AppenderDaemon$$Lambda$378/1202390938@3e678da1] WARN  server.GrpcLogAppender (GrpcLogAppender.java:mayWait(149)) - fe2f4460-1173-45ac-8f62-3ccbe442b4a3@group-452902F59078->bec42651-2cde-4fcc-b688-684a384bc6fb-GrpcLogAppender: Wait interrupted by java.lang.InterruptedException
2019-10-22 00:04:51,002 [grpc-default-executor-0] INFO  impl.RoleInfo (RoleInfo.java:updateAndGet(143)) - fe2f4460-1173-45ac-8f62-3ccbe442b4a3: start FollowerState
2019-10-22 00:04:51,002 [Thread-586] INFO  client.GrpcClientProtocolService (GrpcClientProtocolService.java:lambda$processClientRequest$0(278)) - Failed RaftClientRequest:client-06600EE78844->fe2f4460-1173-45ac-8f62-3ccbe442b4a3@group-452902F59078, cid=10, seq=0, Watch-ALL_COMMITTED(6), Message:<EMPTY>, reply=RaftClientReply:client-06600EE78844->fe2f4460-1173-45ac-8f62-3ccbe442b4a3@group-452902F59078, cid=10, FAILED org.apache.ratis.protocol.NotLeaderException: Server fe2f4460-1173-45ac-8f62-3ccbe442b4a3@group-452902F59078 is not the leader, logIndex=0, commits[fe2f4460-1173-45ac-8f62-3ccbe442b4a3:c10, bec42651-2cde-4fcc-b688-684a384bc6fb:c10, 0d315fbd-ade0-427f-8a57-9b8f4a7ccba2:c4]
2019-10-22 00:04:51,004 [grpc-default-executor-1] INFO  server.GrpcServerProtocolService (GrpcServerProtocolService.java:onCompleted(113)) - bec42651-2cde-4fcc-b688-684a384bc6fb: Completed APPEND_ENTRIES, lastRequest: fe2f4460-1173-45ac-8f62-3ccbe442b4a3->bec42651-2cde-4fcc-b688-684a384bc6fb#52-t4, previous=(t:4, i:10), leaderCommit=10, initializing? false, entries: <empty>
2019-10-22 00:04:51,008 [grpc-default-executor-1] INFO  server.GrpcLogAppender (GrpcLogAppender.java:onCompleted(308)) - fe2f4460-1173-45ac-8f62-3ccbe442b4a3@group-452902F59078->bec42651-2cde-4fcc-b688-684a384bc6fb-AppendLogResponseHandler: follower responses appendEntries COMPLETED
2019-10-22 00:04:51,008 [grpc-default-executor-1] INFO  impl.FollowerInfo (FollowerInfo.java:lambda$new$0(51)) - fe2f4460-1173-45ac-8f62-3ccbe442b4a3@group-452902F59078->bec42651-2cde-4fcc-b688-684a384bc6fb: nextIndex: updateUnconditionally 11 -> 10
2019-10-22 00:04:51,029 [0d315fbd-ade0-427f-8a57-9b8f4a7ccba2@group-452902F59078-LeaderElection10] INFO  impl.LeaderElection (LeaderElection.java:logAndReturn(56)) - 0d315fbd-ade0-427f-8a57-9b8f4a7ccba2@group-452902F59078-LeaderElection10: Election REJECTED; received 2 response(s) [0d315fbd-ade0-427f-8a57-9b8f4a7ccba2<-fe2f4460-1173-45ac-8f62-3ccbe442b4a3#0:FAIL-t5, 0d315fbd-ade0-427f-8a57-9b8f4a7ccba2<-bec42651-2cde-4fcc-b688-684a384bc6fb#0:FAIL-t5] and 0 exception(s); 0d315fbd-ade0-427f-8a57-9b8f4a7ccba2@group-452902F59078:t5, leader=null, voted=0d315fbd-ade0-427f-8a57-9b8f4a7ccba2, raftlog=0d315fbd-ade0-427f-8a57-9b8f4a7ccba2@group-452902F59078-SegmentedRaftLog:OPENED:c3,f4,i4, conf=0: [fe2f4460-1173-45ac-8f62-3ccbe442b4a3:192.168.157.254:43148, bec42651-2cde-4fcc-b688-684a384bc6fb:192.168.157.254:46415, 0d315fbd-ade0-427f-8a57-9b8f4a7ccba2:192.168.157.254:43029], old=null
2019-10-22 00:04:51,030 [0d315fbd-ade0-427f-8a57-9b8f4a7ccba2@group-452902F59078-LeaderElection10] INFO  impl.RaftServerImpl (RaftServerImpl.java:setRole(184)) - 0d315fbd-ade0-427f-8a57-9b8f4a7ccba2@group-452902F59078: changes role from CANDIDATE to FOLLOWER at term 5 for DISCOVERED_A_NEW_TERM
2019-10-22 00:04:51,030 [0d315fbd-ade0-427f-8a57-9b8f4a7ccba2@group-452902F59078-LeaderElection10] INFO  impl.RoleInfo (RoleInfo.java:shutdownLeaderElection(134)) - 0d315fbd-ade0-427f-8a57-9b8f4a7ccba2: shutdown LeaderElection
2019-10-22 00:04:51,030 [0d315fbd-ade0-427f-8a57-9b8f4a7ccba2@group-452902F59078-LeaderElection10] INFO  impl.RoleInfo (RoleInfo.java:updateAndGet(143)) - 0d315fbd-ade0-427f-8a57-9b8f4a7ccba2: start FollowerState
2019-10-22 00:04:51,121 [Thread-588] INFO  impl.FollowerState (FollowerState.java:run(108)) - 0d315fbd-ade0-427f-8a57-9b8f4a7ccba2@group-452902F59078-FollowerState: change to CANDIDATE, lastRpcTime:90ms, electionTimeout:90ms
2019-10-22 00:04:51,123 [Thread-588] INFO  impl.RoleInfo (RoleInfo.java:shutdownFollowerState(121)) - 0d315fbd-ade0-427f-8a57-9b8f4a7ccba2: shutdown FollowerState
2019-10-22 00:04:51,123 [Thread-588] INFO  impl.RaftServerImpl (RaftServerImpl.java:setRole(184)) - 0d315fbd-ade0-427f-8a57-9b8f4a7ccba2@group-452902F59078: changes role from  FOLLOWER to CANDIDATE at term 5 for changeToCandidate
2019-10-22 00:04:51,123 [Thread-588] INFO  impl.RoleInfo (RoleInfo.java:updateAndGet(143)) - 0d315fbd-ade0-427f-8a57-9b8f4a7ccba2: start LeaderElection
2019-10-22 00:04:51,130 [0d315fbd-ade0-427f-8a57-9b8f4a7ccba2@group-452902F59078-LeaderElection11] INFO  impl.LeaderElection (LeaderElection.java:askForVotes(178)) - 0d315fbd-ade0-427f-8a57-9b8f4a7ccba2@group-452902F59078-LeaderElection11: begin an election at term 6 for 0: [fe2f4460-1173-45ac-8f62-3ccbe442b4a3:192.168.157.254:43148, bec42651-2cde-4fcc-b688-684a384bc6fb:192.168.157.254:46415, 0d315fbd-ade0-427f-8a57-9b8f4a7ccba2:192.168.157.254:43029], old=null
2019-10-22 00:04:51,134 [grpc-default-executor-3] INFO  impl.RaftServerImpl (RaftServerImpl.java:setRole(184)) - fe2f4460-1173-45ac-8f62-3ccbe442b4a3@group-452902F59078: changes role from  FOLLOWER to FOLLOWER at term 6 for recognizeCandidate:0d315fbd-ade0-427f-8a57-9b8f4a7ccba2
2019-10-22 00:04:51,134 [grpc-default-executor-0] INFO  impl.RaftServerImpl (RaftServerImpl.java:setRole(184)) - bec42651-2cde-4fcc-b688-684a384bc6fb@group-452902F59078: changes role from  FOLLOWER to FOLLOWER at term 6 for recognizeCandidate:0d315fbd-ade0-427f-8a57-9b8f4a7ccba2
2019-10-22 00:04:51,135 [grpc-default-executor-3] INFO  impl.RoleInfo (RoleInfo.java:shutdownFollowerState(121)) - fe2f4460-1173-45ac-8f62-3ccbe442b4a3: shutdown FollowerState
2019-10-22 00:04:51,135 [grpc-default-executor-0] INFO  impl.RoleInfo (RoleInfo.java:shutdownFollowerState(121)) - bec42651-2cde-4fcc-b688-684a384bc6fb: shutdown FollowerState
2019-10-22 00:04:51,135 [Thread-587] INFO  impl.FollowerState (FollowerState.java:run(117)) - fe2f4460-1173-45ac-8f62-3ccbe442b4a3@group-452902F59078-FollowerState was interrupted: java.lang.InterruptedException: sleep interrupted
2019-10-22 00:04:51,135 [grpc-default-executor-3] INFO  impl.RoleInfo (RoleInfo.java:updateAndGet(143)) - fe2f4460-1173-45ac-8f62-3ccbe442b4a3: start FollowerState
2019-10-22 00:04:51,135 [grpc-default-executor-0] INFO  impl.RoleInfo (RoleInfo.java:updateAndGet(143)) - bec42651-2cde-4fcc-b688-684a384bc6fb: start FollowerState
2019-10-22 00:04:51,135 [Thread-585] INFO  impl.FollowerState (FollowerState.java:run(117)) - bec42651-2cde-4fcc-b688-684a384bc6fb@group-452902F59078-FollowerState was interrupted: java.lang.InterruptedException: sleep interrupted
2019-10-22 00:04:51,157 [0d315fbd-ade0-427f-8a57-9b8f4a7ccba2@group-452902F59078-LeaderElection11] INFO  impl.LeaderElection (LeaderElection.java:logAndReturn(56)) - 0d315fbd-ade0-427f-8a57-9b8f4a7ccba2@group-452902F59078-LeaderElection11: Election REJECTED; received 2 response(s) [0d315fbd-ade0-427f-8a57-9b8f4a7ccba2<-fe2f4460-1173-45ac-8f62-3ccbe442b4a3#0:FAIL-t6, 0d315fbd-ade0-427f-8a57-9b8f4a7ccba2<-bec42651-2cde-4fcc-b688-684a384bc6fb#0:FAIL-t6] and 0 exception(s); 0d315fbd-ade0-427f-8a57-9b8f4a7ccba2@group-452902F59078:t6, leader=null, voted=0d315fbd-ade0-427f-8a57-9b8f4a7ccba2, raftlog=0d315fbd-ade0-427f-8a57-9b8f4a7ccba2@group-452902F59078-SegmentedRaftLog:OPENED:c3,f4,i4, conf=0: [fe2f4460-1173-45ac-8f62-3ccbe442b4a3:192.168.157.254:43148, bec42651-2cde-4fcc-b688-684a384bc6fb:192.168.157.254:46415, 0d315fbd-ade0-427f-8a57-9b8f4a7ccba2:192.168.157.254:43029], old=null
2019-10-22 00:04:51,158 [0d315fbd-ade0-427f-8a57-9b8f4a7ccba2@group-452902F59078-LeaderElection11] INFO  impl.RaftServerImpl (RaftServerImpl.java:setRole(184)) - 0d315fbd-ade0-427f-8a57-9b8f4a7ccba2@group-452902F59078: changes role from CANDIDATE to FOLLOWER at term 6 for DISCOVERED_A_NEW_TERM
2019-10-22 00:04:51,158 [0d315fbd-ade0-427f-8a57-9b8f4a7ccba2@group-452902F59078-LeaderElection11] INFO  impl.RoleInfo (RoleInfo.java:shutdownLeaderElection(134)) - 0d315fbd-ade0-427f-8a57-9b8f4a7ccba2: shutdown LeaderElection
2019-10-22 00:04:51,159 [0d315fbd-ade0-427f-8a57-9b8f4a7ccba2@group-452902F59078-LeaderElection11] INFO  impl.RoleInfo (RoleInfo.java:updateAndGet(143)) - 0d315fbd-ade0-427f-8a57-9b8f4a7ccba2: start FollowerState
2019-10-22 00:04:51,243 [BlockDeletingService#8] WARN  background.BlockDeletingService (BlockDeletingService.java:isDeletionAllowed(187)) - Close Container log Index 6 is not replicated across allthe servers in the pipeline c00d4cd3-293b-4d2c-9f2c-452902f59078 as the min replicated index is 4. Deletion is not allowed in this container yet.
2019-10-22 00:04:51,243 [BlockDeletingService#3] WARN  background.BlockDeletingService (BlockDeletingService.java:isDeletionAllowed(187)) - Close Container log Index 6 is not replicated across allthe servers in the pipeline c00d4cd3-293b-4d2c-9f2c-452902f59078 as the min replicated index is 4. Deletion is not allowed in this container yet.
2019-10-22 00:04:51,328 [Thread-594] INFO  impl.FollowerState (FollowerState.java:run(108)) - 0d315fbd-ade0-427f-8a57-9b8f4a7ccba2@group-452902F59078-FollowerState: change to CANDIDATE, lastRpcTime:169ms, electionTimeout:169ms
2019-10-22 00:04:51,329 [Thread-594] INFO  impl.RoleInfo (RoleInfo.java:shutdownFollowerState(121)) - 0d315fbd-ade0-427f-8a57-9b8f4a7ccba2: shutdown FollowerState
2019-10-22 00:04:51,329 [Thread-594] INFO  impl.RaftServerImpl (RaftServerImpl.java:setRole(184)) - 0d315fbd-ade0-427f-8a57-9b8f4a7ccba2@group-452902F59078: changes role from  FOLLOWER to CANDIDATE at term 6 for changeToCandidate
2019-10-22 00:04:51,329 [Thread-594] INFO  impl.RoleInfo (RoleInfo.java:updateAndGet(143)) - 0d315fbd-ade0-427f-8a57-9b8f4a7ccba2: start LeaderElection
2019-10-22 00:04:51,376 [0d315fbd-ade0-427f-8a57-9b8f4a7ccba2@group-452902F59078-LeaderElection12] INFO  impl.LeaderElection (LeaderElection.java:askForVotes(178)) - 0d315fbd-ade0-427f-8a57-9b8f4a7ccba2@group-452902F59078-LeaderElection12: begin an election at term 7 for 0: [fe2f4460-1173-45ac-8f62-3ccbe442b4a3:192.168.157.254:43148, bec42651-2cde-4fcc-b688-684a384bc6fb:192.168.157.254:46415, 0d315fbd-ade0-427f-8a57-9b8f4a7ccba2:192.168.157.254:43029], old=null
2019-10-22 00:04:51,381 [grpc-default-executor-0] INFO  impl.RaftServerImpl (RaftServerImpl.java:setRole(184)) - bec42651-2cde-4fcc-b688-684a384bc6fb@group-452902F59078: changes role from  FOLLOWER to FOLLOWER at term 7 for recognizeCandidate:0d315fbd-ade0-427f-8a57-9b8f4a7ccba2
2019-10-22 00:04:51,382 [grpc-default-executor-0] INFO  impl.RoleInfo (RoleInfo.java:shutdownFollowerState(121)) - bec42651-2cde-4fcc-b688-684a384bc6fb: shutdown FollowerState
2019-10-22 00:04:51,381 [grpc-default-executor-3] INFO  impl.RaftServerImpl (RaftServerImpl.java:setRole(184)) - fe2f4460-1173-45ac-8f62-3ccbe442b4a3@group-452902F59078: changes role from  FOLLOWER to FOLLOWER at term 7 for recognizeCandidate:0d315fbd-ade0-427f-8a57-9b8f4a7ccba2
2019-10-22 00:04:51,382 [grpc-default-executor-0] INFO  impl.RoleInfo (RoleInfo.java:updateAndGet(143)) - bec42651-2cde-4fcc-b688-684a384bc6fb: start FollowerState
2019-10-22 00:04:51,382 [Thread-593] INFO  impl.FollowerState (FollowerState.java:run(117)) - bec42651-2cde-4fcc-b688-684a384bc6fb@group-452902F59078-FollowerState was interrupted: java.lang.InterruptedException: sleep interrupted
2019-10-22 00:04:51,382 [grpc-default-executor-3] INFO  impl.RoleInfo (RoleInfo.java:shutdownFollowerState(121)) - fe2f4460-1173-45ac-8f62-3ccbe442b4a3: shutdown FollowerState
2019-10-22 00:04:51,383 [grpc-default-executor-3] INFO  impl.RoleInfo (RoleInfo.java:updateAndGet(143)) - fe2f4460-1173-45ac-8f62-3ccbe442b4a3: start FollowerState
2019-10-22 00:04:51,384 [Thread-592] INFO  impl.FollowerState (FollowerState.java:run(117)) - fe2f4460-1173-45ac-8f62-3ccbe442b4a3@group-452902F59078-FollowerState was interrupted: java.lang.InterruptedException: sleep interrupted
2019-10-22 00:04:51,443 [0d315fbd-ade0-427f-8a57-9b8f4a7ccba2@group-452902F59078-LeaderElection12] INFO  impl.LeaderElection (LeaderElection.java:logAndReturn(56)) - 0d315fbd-ade0-427f-8a57-9b8f4a7ccba2@group-452902F59078-LeaderElection12: Election REJECTED; received 2 response(s) [0d315fbd-ade0-427f-8a57-9b8f4a7ccba2<-fe2f4460-1173-45ac-8f62-3ccbe442b4a3#0:FAIL-t7, 0d315fbd-ade0-427f-8a57-9b8f4a7ccba2<-bec42651-2cde-4fcc-b688-684a384bc6fb#0:FAIL-t7] and 0 exception(s); 0d315fbd-ade0-427f-8a57-9b8f4a7ccba2@group-452902F59078:t7, leader=null, voted=0d315fbd-ade0-427f-8a57-9b8f4a7ccba2, raftlog=0d315fbd-ade0-427f-8a57-9b8f4a7ccba2@group-452902F59078-SegmentedRaftLog:OPENED:c3,f4,i4, conf=0: [fe2f4460-1173-45ac-8f62-3ccbe442b4a3:192.168.157.254:43148, bec42651-2cde-4fcc-b688-684a384bc6fb:192.168.157.254:46415, 0d315fbd-ade0-427f-8a57-9b8f4a7ccba2:192.168.157.254:43029], old=null
2019-10-22 00:04:51,445 [0d315fbd-ade0-427f-8a57-9b8f4a7ccba2@group-452902F59078-LeaderElection12] INFO  impl.RaftServerImpl (RaftServerImpl.java:setRole(184)) - 0d315fbd-ade0-427f-8a57-9b8f4a7ccba2@group-452902F59078: changes role from CANDIDATE to FOLLOWER at term 7 for DISCOVERED_A_NEW_TERM
2019-10-22 00:04:51,445 [0d315fbd-ade0-427f-8a57-9b8f4a7ccba2@group-452902F59078-LeaderElection12] INFO  impl.RoleInfo (RoleInfo.java:shutdownLeaderElection(134)) - 0d315fbd-ade0-427f-8a57-9b8f4a7ccba2: shutdown LeaderElection
2019-10-22 00:04:51,445 [0d315fbd-ade0-427f-8a57-9b8f4a7ccba2@group-452902F59078-LeaderElection12] INFO  impl.RoleInfo (RoleInfo.java:updateAndGet(143)) - 0d315fbd-ade0-427f-8a57-9b8f4a7ccba2: start FollowerState
2019-10-22 00:04:51,563 [Thread-602] INFO  impl.FollowerState (FollowerState.java:run(108)) - 0d315fbd-ade0-427f-8a57-9b8f4a7ccba2@group-452902F59078-FollowerState: change to CANDIDATE, lastRpcTime:117ms, electionTimeout:116ms
2019-10-22 00:04:51,564 [Thread-602] INFO  impl.RoleInfo (RoleInfo.java:shutdownFollowerState(121)) - 0d315fbd-ade0-427f-8a57-9b8f4a7ccba2: shutdown FollowerState
2019-10-22 00:04:51,564 [Thread-602] INFO  impl.RaftServerImpl (RaftServerImpl.java:setRole(184)) - 0d315fbd-ade0-427f-8a57-9b8f4a7ccba2@group-452902F59078: changes role from  FOLLOWER to CANDIDATE at term 7 for changeToCandidate
2019-10-22 00:04:51,564 [Thread-602] INFO  impl.RoleInfo (RoleInfo.java:updateAndGet(143)) - 0d315fbd-ade0-427f-8a57-9b8f4a7ccba2: start LeaderElection
2019-10-22 00:04:51,623 [0d315fbd-ade0-427f-8a57-9b8f4a7ccba2@group-452902F59078-LeaderElection13] INFO  impl.LeaderElection (LeaderElection.java:askForVotes(178)) - 0d315fbd-ade0-427f-8a57-9b8f4a7ccba2@group-452902F59078-LeaderElection13: begin an election at term 8 for 0: [fe2f4460-1173-45ac-8f62-3ccbe442b4a3:192.168.157.254:43148, bec42651-2cde-4fcc-b688-684a384bc6fb:192.168.157.254:46415, 0d315fbd-ade0-427f-8a57-9b8f4a7ccba2:192.168.157.254:43029], old=null
2019-10-22 00:04:51,627 [grpc-default-executor-0] INFO  impl.RaftServerImpl (RaftServerImpl.java:setRole(184)) - fe2f4460-1173-45ac-8f62-3ccbe442b4a3@group-452902F59078: changes role from  FOLLOWER to FOLLOWER at term 8 for recognizeCandidate:0d315fbd-ade0-427f-8a57-9b8f4a7ccba2
2019-10-22 00:04:51,628 [grpc-default-executor-0] INFO  impl.RoleInfo (RoleInfo.java:shutdownFollowerState(121)) - fe2f4460-1173-45ac-8f62-3ccbe442b4a3: shutdown FollowerState
2019-10-22 00:04:51,628 [grpc-default-executor-3] INFO  impl.RaftServerImpl (RaftServerImpl.java:setRole(184)) - bec42651-2cde-4fcc-b688-684a384bc6fb@group-452902F59078: changes role from  FOLLOWER to FOLLOWER at term 8 for recognizeCandidate:0d315fbd-ade0-427f-8a57-9b8f4a7ccba2
2019-10-22 00:04:51,629 [grpc-default-executor-0] INFO  impl.RoleInfo (RoleInfo.java:updateAndGet(143)) - fe2f4460-1173-45ac-8f62-3ccbe442b4a3: start FollowerState
2019-10-22 00:04:51,628 [Thread-601] INFO  impl.FollowerState (FollowerState.java:run(117)) - fe2f4460-1173-45ac-8f62-3ccbe442b4a3@group-452902F59078-FollowerState was interrupted: java.lang.InterruptedException: sleep interrupted
2019-10-22 00:04:51,629 [grpc-default-executor-3] INFO  impl.RoleInfo (RoleInfo.java:shutdownFollowerState(121)) - bec42651-2cde-4fcc-b688-684a384bc6fb: shutdown FollowerState
2019-10-22 00:04:51,630 [grpc-default-executor-3] INFO  impl.RoleInfo (RoleInfo.java:updateAndGet(143)) - bec42651-2cde-4fcc-b688-684a384bc6fb: start FollowerState
2019-10-22 00:04:51,630 [Thread-600] INFO  impl.FollowerState (FollowerState.java:run(117)) - bec42651-2cde-4fcc-b688-684a384bc6fb@group-452902F59078-FollowerState was interrupted: java.lang.InterruptedException: sleep interrupted
2019-10-22 00:04:51,685 [0d315fbd-ade0-427f-8a57-9b8f4a7ccba2@group-452902F59078-LeaderElection13] INFO  impl.LeaderElection (LeaderElection.java:logAndReturn(56)) - 0d315fbd-ade0-427f-8a57-9b8f4a7ccba2@group-452902F59078-LeaderElection13: Election REJECTED; received 2 response(s) [0d315fbd-ade0-427f-8a57-9b8f4a7ccba2<-fe2f4460-1173-45ac-8f62-3ccbe442b4a3#0:FAIL-t8, 0d315fbd-ade0-427f-8a57-9b8f4a7ccba2<-bec42651-2cde-4fcc-b688-684a384bc6fb#0:FAIL-t8] and 0 exception(s); 0d315fbd-ade0-427f-8a57-9b8f4a7ccba2@group-452902F59078:t8, leader=null, voted=0d315fbd-ade0-427f-8a57-9b8f4a7ccba2, raftlog=0d315fbd-ade0-427f-8a57-9b8f4a7ccba2@group-452902F59078-SegmentedRaftLog:OPENED:c3,f4,i4, conf=0: [fe2f4460-1173-45ac-8f62-3ccbe442b4a3:192.168.157.254:43148, bec42651-2cde-4fcc-b688-684a384bc6fb:192.168.157.254:46415, 0d315fbd-ade0-427f-8a57-9b8f4a7ccba2:192.168.157.254:43029], old=null
2019-10-22 00:04:51,685 [0d315fbd-ade0-427f-8a57-9b8f4a7ccba2@group-452902F59078-LeaderElection13] INFO  impl.RaftServerImpl (RaftServerImpl.java:setRole(184)) - 0d315fbd-ade0-427f-8a57-9b8f4a7ccba2@group-452902F59078: changes role from CANDIDATE to FOLLOWER at term 8 for DISCOVERED_A_NEW_TERM
2019-10-22 00:04:51,686 [0d315fbd-ade0-427f-8a57-9b8f4a7ccba2@group-452902F59078-LeaderElection13] INFO  impl.RoleInfo (RoleInfo.java:shutdownLeaderElection(134)) - 0d315fbd-ade0-427f-8a57-9b8f4a7ccba2: shutdown LeaderElection
2019-10-22 00:04:51,686 [0d315fbd-ade0-427f-8a57-9b8f4a7ccba2@group-452902F59078-LeaderElection13] INFO  impl.RoleInfo (RoleInfo.java:updateAndGet(143)) - 0d315fbd-ade0-427f-8a57-9b8f4a7ccba2: start FollowerState
2019-10-22 00:04:51,824 [pool-7-thread-1] INFO  commands.RetriableDatanodeEventWatcher (RetriableDatanodeEventWatcher.java:onTimeout(47)) - RetriableDatanodeCommand type=deleteBlocksCommand with id=1571702687825 timed out. Retrying.
2019-10-22 00:04:51,826 [pool-7-thread-3] INFO  commands.RetriableDatanodeEventWatcher (RetriableDatanodeEventWatcher.java:onTimeout(47)) - RetriableDatanodeCommand type=deleteBlocksCommand with id=1571702687824 timed out. Retrying.
2019-10-22 00:04:51,826 [pool-7-thread-2] INFO  commands.RetriableDatanodeEventWatcher (RetriableDatanodeEventWatcher.java:onTimeout(47)) - RetriableDatanodeCommand type=deleteBlocksCommand with id=1571702687826 timed out. Retrying.
2019-10-22 00:04:51,826 [pool-7-thread-4] INFO  commands.RetriableDatanodeEventWatcher (RetriableDatanodeEventWatcher.java:onTimeout(47)) - RetriableDatanodeCommand type=deleteBlocksCommand with id=1571702687821 timed out. Retrying.
2019-10-22 00:04:51,827 [SCMBlockDeletingService#1] INFO  block.SCMBlockDeletingService (SCMBlockDeletingService.java:call(184)) - Totally added 1 delete blocks command for 1 datanodes, task elapsed time: 1ms
2019-10-22 00:04:51,865 [Thread-608] INFO  impl.FollowerState (FollowerState.java:run(108)) - 0d315fbd-ade0-427f-8a57-9b8f4a7ccba2@group-452902F59078-FollowerState: change to CANDIDATE, lastRpcTime:178ms, electionTimeout:178ms
2019-10-22 00:04:51,865 [Thread-608] INFO  impl.RoleInfo (RoleInfo.java:shutdownFollowerState(121)) - 0d315fbd-ade0-427f-8a57-9b8f4a7ccba2: shutdown FollowerState
2019-10-22 00:04:51,866 [Thread-608] INFO  impl.RaftServerImpl (RaftServerImpl.java:setRole(184)) - 0d315fbd-ade0-427f-8a57-9b8f4a7ccba2@group-452902F59078: changes role from  FOLLOWER to CANDIDATE at term 8 for changeToCandidate
2019-10-22 00:04:51,866 [Thread-608] INFO  impl.RoleInfo (RoleInfo.java:updateAndGet(143)) - 0d315fbd-ade0-427f-8a57-9b8f4a7ccba2: start LeaderElection
2019-10-22 00:04:51,881 [0d315fbd-ade0-427f-8a57-9b8f4a7ccba2@group-452902F59078-LeaderElection14] INFO  impl.LeaderElection (LeaderElection.java:askForVotes(178)) - 0d315fbd-ade0-427f-8a57-9b8f4a7ccba2@group-452902F59078-LeaderElection14: begin an election at term 9 for 0: [fe2f4460-1173-45ac-8f62-3ccbe442b4a3:192.168.157.254:43148, bec42651-2cde-4fcc-b688-684a384bc6fb:192.168.157.254:46415, 0d315fbd-ade0-427f-8a57-9b8f4a7ccba2:192.168.157.254:43029], old=null
2019-10-22 00:04:51,887 [grpc-default-executor-3] INFO  impl.RaftServerImpl (RaftServerImpl.java:setRole(184)) - bec42651-2cde-4fcc-b688-684a384bc6fb@group-452902F59078: changes role from  FOLLOWER to FOLLOWER at term 9 for recognizeCandidate:0d315fbd-ade0-427f-8a57-9b8f4a7ccba2
2019-10-22 00:04:51,887 [grpc-default-executor-0] INFO  impl.RaftServerImpl (RaftServerImpl.java:setRole(184)) - fe2f4460-1173-45ac-8f62-3ccbe442b4a3@group-452902F59078: changes role from  FOLLOWER to FOLLOWER at term 9 for recognizeCandidate:0d315fbd-ade0-427f-8a57-9b8f4a7ccba2
2019-10-22 00:04:51,887 [grpc-default-executor-3] INFO  impl.RoleInfo (RoleInfo.java:shutdownFollowerState(121)) - bec42651-2cde-4fcc-b688-684a384bc6fb: shutdown FollowerState
2019-10-22 00:04:51,887 [grpc-default-executor-0] INFO  impl.RoleInfo (RoleInfo.java:shutdownFollowerState(121)) - fe2f4460-1173-45ac-8f62-3ccbe442b4a3: shutdown FollowerState
2019-10-22 00:04:51,888 [Thread-607] INFO  impl.FollowerState (FollowerState.java:run(117)) - bec42651-2cde-4fcc-b688-684a384bc6fb@group-452902F59078-FollowerState was interrupted: java.lang.InterruptedException: sleep interrupted
2019-10-22 00:04:51,887 [grpc-default-executor-3] INFO  impl.RoleInfo (RoleInfo.java:updateAndGet(143)) - bec42651-2cde-4fcc-b688-684a384bc6fb: start FollowerState
2019-10-22 00:04:51,888 [grpc-default-executor-0] INFO  impl.RoleInfo (RoleInfo.java:updateAndGet(143)) - fe2f4460-1173-45ac-8f62-3ccbe442b4a3: start FollowerState
2019-10-22 00:04:51,888 [Thread-606] INFO  impl.FollowerState (FollowerState.java:run(117)) - fe2f4460-1173-45ac-8f62-3ccbe442b4a3@group-452902F59078-FollowerState was interrupted: java.lang.InterruptedException: sleep interrupted
2019-10-22 00:04:51,904 [0d315fbd-ade0-427f-8a57-9b8f4a7ccba2@group-452902F59078-LeaderElection14] INFO  impl.LeaderElection (LeaderElection.java:logAndReturn(56)) - 0d315fbd-ade0-427f-8a57-9b8f4a7ccba2@group-452902F59078-LeaderElection14: Election REJECTED; received 2 response(s) [0d315fbd-ade0-427f-8a57-9b8f4a7ccba2<-fe2f4460-1173-45ac-8f62-3ccbe442b4a3#0:FAIL-t9, 0d315fbd-ade0-427f-8a57-9b8f4a7ccba2<-bec42651-2cde-4fcc-b688-684a384bc6fb#0:FAIL-t9] and 0 exception(s); 0d315fbd-ade0-427f-8a57-9b8f4a7ccba2@group-452902F59078:t9, leader=null, voted=0d315fbd-ade0-427f-8a57-9b8f4a7ccba2, raftlog=0d315fbd-ade0-427f-8a57-9b8f4a7ccba2@group-452902F59078-SegmentedRaftLog:OPENED:c3,f4,i4, conf=0: [fe2f4460-1173-45ac-8f62-3ccbe442b4a3:192.168.157.254:43148, bec42651-2cde-4fcc-b688-684a384bc6fb:192.168.157.254:46415, 0d315fbd-ade0-427f-8a57-9b8f4a7ccba2:192.168.157.254:43029], old=null
2019-10-22 00:04:51,905 [0d315fbd-ade0-427f-8a57-9b8f4a7ccba2@group-452902F59078-LeaderElection14] INFO  impl.RaftServerImpl (RaftServerImpl.java:setRole(184)) - 0d315fbd-ade0-427f-8a57-9b8f4a7ccba2@group-452902F59078: changes role from CANDIDATE to FOLLOWER at term 9 for DISCOVERED_A_NEW_TERM
2019-10-22 00:04:51,906 [0d315fbd-ade0-427f-8a57-9b8f4a7ccba2@group-452902F59078-LeaderElection14] INFO  impl.RoleInfo (RoleInfo.java:shutdownLeaderElection(134)) - 0d315fbd-ade0-427f-8a57-9b8f4a7ccba2: shutdown LeaderElection
2019-10-22 00:04:51,906 [0d315fbd-ade0-427f-8a57-9b8f4a7ccba2@group-452902F59078-LeaderElection14] INFO  impl.RoleInfo (RoleInfo.java:updateAndGet(143)) - 0d315fbd-ade0-427f-8a57-9b8f4a7ccba2: start FollowerState
2019-10-22 00:04:52,019 [Thread-617] INFO  client.GrpcClientProtocolService (GrpcClientProtocolService.java:lambda$processClientRequest$0(278)) - Failed RaftClientRequest:client-06600EE78844->0d315fbd-ade0-427f-8a57-9b8f4a7ccba2@group-452902F59078, cid=10, seq=0, Watch-ALL_COMMITTED(6), Message:<EMPTY>, reply=RaftClientReply:client-06600EE78844->0d315fbd-ade0-427f-8a57-9b8f4a7ccba2@group-452902F59078, cid=10, FAILED org.apache.ratis.protocol.NotLeaderException: Server 0d315fbd-ade0-427f-8a57-9b8f4a7ccba2@group-452902F59078 is not the leader, logIndex=0, commits[0d315fbd-ade0-427f-8a57-9b8f4a7ccba2:c3]
2019-10-22 00:04:52,083 [Thread-615] INFO  impl.FollowerState (FollowerState.java:run(108)) - 0d315fbd-ade0-427f-8a57-9b8f4a7ccba2@group-452902F59078-FollowerState: change to CANDIDATE, lastRpcTime:177ms, electionTimeout:173ms
2019-10-22 00:04:52,083 [Thread-615] INFO  impl.RoleInfo (RoleInfo.java:shutdownFollowerState(121)) - 0d315fbd-ade0-427f-8a57-9b8f4a7ccba2: shutdown FollowerState
2019-10-22 00:04:52,083 [Thread-615] INFO  impl.RaftServerImpl (RaftServerImpl.java:setRole(184)) - 0d315fbd-ade0-427f-8a57-9b8f4a7ccba2@group-452902F59078: changes role from  FOLLOWER to CANDIDATE at term 9 for changeToCandidate
2019-10-22 00:04:52,083 [Thread-615] INFO  impl.RoleInfo (RoleInfo.java:updateAndGet(143)) - 0d315fbd-ade0-427f-8a57-9b8f4a7ccba2: start LeaderElection
2019-10-22 00:04:52,098 [0d315fbd-ade0-427f-8a57-9b8f4a7ccba2@group-452902F59078-LeaderElection15] INFO  impl.LeaderElection (LeaderElection.java:askForVotes(178)) - 0d315fbd-ade0-427f-8a57-9b8f4a7ccba2@group-452902F59078-LeaderElection15: begin an election at term 10 for 0: [fe2f4460-1173-45ac-8f62-3ccbe442b4a3:192.168.157.254:43148, bec42651-2cde-4fcc-b688-684a384bc6fb:192.168.157.254:46415, 0d315fbd-ade0-427f-8a57-9b8f4a7ccba2:192.168.157.254:43029], old=null
2019-10-22 00:04:52,103 [grpc-default-executor-3] INFO  impl.RaftServerImpl (RaftServerImpl.java:setRole(184)) - bec42651-2cde-4fcc-b688-684a384bc6fb@group-452902F59078: changes role from  FOLLOWER to FOLLOWER at term 10 for recognizeCandidate:0d315fbd-ade0-427f-8a57-9b8f4a7ccba2
2019-10-22 00:04:52,106 [grpc-default-executor-3] INFO  impl.RoleInfo (RoleInfo.java:shutdownFollowerState(121)) - bec42651-2cde-4fcc-b688-684a384bc6fb: shutdown FollowerState
2019-10-22 00:04:52,107 [grpc-default-executor-3] INFO  impl.RoleInfo (RoleInfo.java:updateAndGet(143)) - bec42651-2cde-4fcc-b688-684a384bc6fb: start FollowerState
2019-10-22 00:04:52,107 [Thread-613] INFO  impl.FollowerState (FollowerState.java:run(117)) - bec42651-2cde-4fcc-b688-684a384bc6fb@group-452902F59078-FollowerState was interrupted: java.lang.InterruptedException: sleep interrupted
2019-10-22 00:04:52,107 [grpc-default-executor-0] INFO  impl.RaftServerImpl (RaftServerImpl.java:setRole(184)) - fe2f4460-1173-45ac-8f62-3ccbe442b4a3@group-452902F59078: changes role from  FOLLOWER to FOLLOWER at term 10 for recognizeCandidate:0d315fbd-ade0-427f-8a57-9b8f4a7ccba2
2019-10-22 00:04:52,108 [grpc-default-executor-0] INFO  impl.RoleInfo (RoleInfo.java:shutdownFollowerState(121)) - fe2f4460-1173-45ac-8f62-3ccbe442b4a3: shutdown FollowerState
2019-10-22 00:04:52,108 [Thread-614] INFO  impl.FollowerState (FollowerState.java:run(117)) - fe2f4460-1173-45ac-8f62-3ccbe442b4a3@group-452902F59078-FollowerState was interrupted: java.lang.InterruptedException: sleep interrupted
2019-10-22 00:04:52,108 [grpc-default-executor-0] INFO  impl.RoleInfo (RoleInfo.java:updateAndGet(143)) - fe2f4460-1173-45ac-8f62-3ccbe442b4a3: start FollowerState
2019-10-22 00:04:52,123 [0d315fbd-ade0-427f-8a57-9b8f4a7ccba2@group-452902F59078-LeaderElection15] INFO  impl.LeaderElection (LeaderElection.java:logAndReturn(56)) - 0d315fbd-ade0-427f-8a57-9b8f4a7ccba2@group-452902F59078-LeaderElection15: Election REJECTED; received 2 response(s) [0d315fbd-ade0-427f-8a57-9b8f4a7ccba2<-fe2f4460-1173-45ac-8f62-3ccbe442b4a3#0:FAIL-t10, 0d315fbd-ade0-427f-8a57-9b8f4a7ccba2<-bec42651-2cde-4fcc-b688-684a384bc6fb#0:FAIL-t10] and 0 exception(s); 0d315fbd-ade0-427f-8a57-9b8f4a7ccba2@group-452902F59078:t10, leader=null, voted=0d315fbd-ade0-427f-8a57-9b8f4a7ccba2, raftlog=0d315fbd-ade0-427f-8a57-9b8f4a7ccba2@group-452902F59078-SegmentedRaftLog:OPENED:c3,f4,i4, conf=0: [fe2f4460-1173-45ac-8f62-3ccbe442b4a3:192.168.157.254:43148, bec42651-2cde-4fcc-b688-684a384bc6fb:192.168.157.254:46415, 0d315fbd-ade0-427f-8a57-9b8f4a7ccba2:192.168.157.254:43029], old=null
2019-10-22 00:04:52,123 [0d315fbd-ade0-427f-8a57-9b8f4a7ccba2@group-452902F59078-LeaderElection15] INFO  impl.RaftServerImpl (RaftServerImpl.java:setRole(184)) - 0d315fbd-ade0-427f-8a57-9b8f4a7ccba2@group-452902F59078: changes role from CANDIDATE to FOLLOWER at term 10 for DISCOVERED_A_NEW_TERM
2019-10-22 00:04:52,123 [0d315fbd-ade0-427f-8a57-9b8f4a7ccba2@group-452902F59078-LeaderElection15] INFO  impl.RoleInfo (RoleInfo.java:shutdownLeaderElection(134)) - 0d315fbd-ade0-427f-8a57-9b8f4a7ccba2: shutdown LeaderElection
2019-10-22 00:04:52,123 [0d315fbd-ade0-427f-8a57-9b8f4a7ccba2@group-452902F59078-LeaderElection15] INFO  impl.RoleInfo (RoleInfo.java:updateAndGet(143)) - 0d315fbd-ade0-427f-8a57-9b8f4a7ccba2: start FollowerState
2019-10-22 00:04:52,170 [Thread-624] INFO  impl.FollowerState (FollowerState.java:run(108)) - 0d315fbd-ade0-427f-8a57-9b8f4a7ccba2@group-452902F59078-FollowerState: change to CANDIDATE, lastRpcTime:47ms, electionTimeout:47ms
2019-10-22 00:04:52,171 [Thread-624] INFO  impl.RoleInfo (RoleInfo.java:shutdownFollowerState(121)) - 0d315fbd-ade0-427f-8a57-9b8f4a7ccba2: shutdown FollowerState
2019-10-22 00:04:52,171 [Thread-624] INFO  impl.RaftServerImpl (RaftServerImpl.java:setRole(184)) - 0d315fbd-ade0-427f-8a57-9b8f4a7ccba2@group-452902F59078: changes role from  FOLLOWER to CANDIDATE at term 10 for changeToCandidate
2019-10-22 00:04:52,172 [Thread-624] INFO  impl.RoleInfo (RoleInfo.java:updateAndGet(143)) - 0d315fbd-ade0-427f-8a57-9b8f4a7ccba2: start LeaderElection
2019-10-22 00:04:52,186 [0d315fbd-ade0-427f-8a57-9b8f4a7ccba2@group-452902F59078-LeaderElection16] INFO  impl.LeaderElection (LeaderElection.java:askForVotes(178)) - 0d315fbd-ade0-427f-8a57-9b8f4a7ccba2@group-452902F59078-LeaderElection16: begin an election at term 11 for 0: [fe2f4460-1173-45ac-8f62-3ccbe442b4a3:192.168.157.254:43148, bec42651-2cde-4fcc-b688-684a384bc6fb:192.168.157.254:46415, 0d315fbd-ade0-427f-8a57-9b8f4a7ccba2:192.168.157.254:43029], old=null
2019-10-22 00:04:52,190 [grpc-default-executor-0] INFO  impl.RaftServerImpl (RaftServerImpl.java:setRole(184)) - fe2f4460-1173-45ac-8f62-3ccbe442b4a3@group-452902F59078: changes role from  FOLLOWER to FOLLOWER at term 11 for recognizeCandidate:0d315fbd-ade0-427f-8a57-9b8f4a7ccba2
2019-10-22 00:04:52,190 [grpc-default-executor-3] INFO  impl.RaftServerImpl (RaftServerImpl.java:setRole(184)) - bec42651-2cde-4fcc-b688-684a384bc6fb@group-452902F59078: changes role from  FOLLOWER to FOLLOWER at term 11 for recognizeCandidate:0d315fbd-ade0-427f-8a57-9b8f4a7ccba2
2019-10-22 00:04:52,190 [grpc-default-executor-0] INFO  impl.RoleInfo (RoleInfo.java:shutdownFollowerState(121)) - fe2f4460-1173-45ac-8f62-3ccbe442b4a3: shutdown FollowerState
2019-10-22 00:04:52,190 [grpc-default-executor-3] INFO  impl.RoleInfo (RoleInfo.java:shutdownFollowerState(121)) - bec42651-2cde-4fcc-b688-684a384bc6fb: shutdown FollowerState
2019-10-22 00:04:52,190 [grpc-default-executor-0] INFO  impl.RoleInfo (RoleInfo.java:updateAndGet(143)) - fe2f4460-1173-45ac-8f62-3ccbe442b4a3: start FollowerState
2019-10-22 00:04:52,190 [Thread-623] INFO  impl.FollowerState (FollowerState.java:run(117)) - fe2f4460-1173-45ac-8f62-3ccbe442b4a3@group-452902F59078-FollowerState was interrupted: java.lang.InterruptedException: sleep interrupted
2019-10-22 00:04:52,191 [Thread-622] INFO  impl.FollowerState (FollowerState.java:run(117)) - bec42651-2cde-4fcc-b688-684a384bc6fb@group-452902F59078-FollowerState was interrupted: java.lang.InterruptedException: sleep interrupted
2019-10-22 00:04:52,190 [grpc-default-executor-3] INFO  impl.RoleInfo (RoleInfo.java:updateAndGet(143)) - bec42651-2cde-4fcc-b688-684a384bc6fb: start FollowerState
2019-10-22 00:04:52,219 [0d315fbd-ade0-427f-8a57-9b8f4a7ccba2@group-452902F59078-LeaderElection16] INFO  impl.LeaderElection (LeaderElection.java:logAndReturn(56)) - 0d315fbd-ade0-427f-8a57-9b8f4a7ccba2@group-452902F59078-LeaderElection16: Election REJECTED; received 2 response(s) [0d315fbd-ade0-427f-8a57-9b8f4a7ccba2<-fe2f4460-1173-45ac-8f62-3ccbe442b4a3#0:FAIL-t11, 0d315fbd-ade0-427f-8a57-9b8f4a7ccba2<-bec42651-2cde-4fcc-b688-684a384bc6fb#0:FAIL-t11] and 0 exception(s); 0d315fbd-ade0-427f-8a57-9b8f4a7ccba2@group-452902F59078:t11, leader=null, voted=0d315fbd-ade0-427f-8a57-9b8f4a7ccba2, raftlog=0d315fbd-ade0-427f-8a57-9b8f4a7ccba2@group-452902F59078-SegmentedRaftLog:OPENED:c3,f4,i4, conf=0: [fe2f4460-1173-45ac-8f62-3ccbe442b4a3:192.168.157.254:43148, bec42651-2cde-4fcc-b688-684a384bc6fb:192.168.157.254:46415, 0d315fbd-ade0-427f-8a57-9b8f4a7ccba2:192.168.157.254:43029], old=null
2019-10-22 00:04:52,219 [0d315fbd-ade0-427f-8a57-9b8f4a7ccba2@group-452902F59078-LeaderElection16] INFO  impl.RaftServerImpl (RaftServerImpl.java:setRole(184)) - 0d315fbd-ade0-427f-8a57-9b8f4a7ccba2@group-452902F59078: changes role from CANDIDATE to FOLLOWER at term 11 for DISCOVERED_A_NEW_TERM
2019-10-22 00:04:52,219 [0d315fbd-ade0-427f-8a57-9b8f4a7ccba2@group-452902F59078-LeaderElection16] INFO  impl.RoleInfo (RoleInfo.java:shutdownLeaderElection(134)) - 0d315fbd-ade0-427f-8a57-9b8f4a7ccba2: shutdown LeaderElection
2019-10-22 00:04:52,219 [0d315fbd-ade0-427f-8a57-9b8f4a7ccba2@group-452902F59078-LeaderElection16] INFO  impl.RoleInfo (RoleInfo.java:updateAndGet(143)) - 0d315fbd-ade0-427f-8a57-9b8f4a7ccba2: start FollowerState
2019-10-22 00:04:52,245 [BlockDeletingService#3] WARN  background.BlockDeletingService (BlockDeletingService.java:isDeletionAllowed(187)) - Close Container log Index 6 is not replicated across allthe servers in the pipeline c00d4cd3-293b-4d2c-9f2c-452902f59078 as the min replicated index is 4. Deletion is not allowed in this container yet.
2019-10-22 00:04:52,245 [BlockDeletingService#8] WARN  background.BlockDeletingService (BlockDeletingService.java:isDeletionAllowed(187)) - Close Container log Index 6 is not replicated across allthe servers in the pipeline c00d4cd3-293b-4d2c-9f2c-452902f59078 as the min replicated index is 4. Deletion is not allowed in this container yet.
2019-10-22 00:04:52,330 [Thread-630] INFO  impl.FollowerState (FollowerState.java:run(108)) - 0d315fbd-ade0-427f-8a57-9b8f4a7ccba2@group-452902F59078-FollowerState: change to CANDIDATE, lastRpcTime:110ms, electionTimeout:110ms
2019-10-22 00:04:52,330 [Thread-630] INFO  impl.RoleInfo (RoleInfo.java:shutdownFollowerState(121)) - 0d315fbd-ade0-427f-8a57-9b8f4a7ccba2: shutdown FollowerState
2019-10-22 00:04:52,330 [Thread-630] INFO  impl.RaftServerImpl (RaftServerImpl.java:setRole(184)) - 0d315fbd-ade0-427f-8a57-9b8f4a7ccba2@group-452902F59078: changes role from  FOLLOWER to CANDIDATE at term 11 for changeToCandidate
2019-10-22 00:04:52,330 [Thread-630] INFO  impl.RoleInfo (RoleInfo.java:updateAndGet(143)) - 0d315fbd-ade0-427f-8a57-9b8f4a7ccba2: start LeaderElection
2019-10-22 00:04:52,358 [0d315fbd-ade0-427f-8a57-9b8f4a7ccba2@group-452902F59078-LeaderElection17] INFO  impl.LeaderElection (LeaderElection.java:askForVotes(178)) - 0d315fbd-ade0-427f-8a57-9b8f4a7ccba2@group-452902F59078-LeaderElection17: begin an election at term 12 for 0: [fe2f4460-1173-45ac-8f62-3ccbe442b4a3:192.168.157.254:43148, bec42651-2cde-4fcc-b688-684a384bc6fb:192.168.157.254:46415, 0d315fbd-ade0-427f-8a57-9b8f4a7ccba2:192.168.157.254:43029], old=null
2019-10-22 00:04:52,368 [grpc-default-executor-0] INFO  impl.RaftServerImpl (RaftServerImpl.java:setRole(184)) - bec42651-2cde-4fcc-b688-684a384bc6fb@group-452902F59078: changes role from  FOLLOWER to FOLLOWER at term 12 for recognizeCandidate:0d315fbd-ade0-427f-8a57-9b8f4a7ccba2
2019-10-22 00:04:52,368 [grpc-default-executor-3] INFO  impl.RaftServerImpl (RaftServerImpl.java:setRole(184)) - fe2f4460-1173-45ac-8f62-3ccbe442b4a3@group-452902F59078: changes role from  FOLLOWER to FOLLOWER at term 12 for recognizeCandidate:0d315fbd-ade0-427f-8a57-9b8f4a7ccba2
2019-10-22 00:04:52,368 [grpc-default-executor-0] INFO  impl.RoleInfo (RoleInfo.java:shutdownFollowerState(121)) - bec42651-2cde-4fcc-b688-684a384bc6fb: shutdown FollowerState
2019-10-22 00:04:52,368 [grpc-default-executor-3] INFO  impl.RoleInfo (RoleInfo.java:shutdownFollowerState(121)) - fe2f4460-1173-45ac-8f62-3ccbe442b4a3: shutdown FollowerState
2019-10-22 00:04:52,368 [Thread-629] INFO  impl.FollowerState (FollowerState.java:run(117)) - bec42651-2cde-4fcc-b688-684a384bc6fb@group-452902F59078-FollowerState was interrupted: java.lang.InterruptedException: sleep interrupted
2019-10-22 00:04:52,368 [grpc-default-executor-3] INFO  impl.RoleInfo (RoleInfo.java:updateAndGet(143)) - fe2f4460-1173-45ac-8f62-3ccbe442b4a3: start FollowerState
2019-10-22 00:04:52,368 [grpc-default-executor-0] INFO  impl.RoleInfo (RoleInfo.java:updateAndGet(143)) - bec42651-2cde-4fcc-b688-684a384bc6fb: start FollowerState
2019-10-22 00:04:52,368 [Thread-628] INFO  impl.FollowerState (FollowerState.java:run(117)) - fe2f4460-1173-45ac-8f62-3ccbe442b4a3@group-452902F59078-FollowerState was interrupted: java.lang.InterruptedException: sleep interrupted
2019-10-22 00:04:52,374 [0d315fbd-ade0-427f-8a57-9b8f4a7ccba2@group-452902F59078-LeaderElection17] INFO  impl.LeaderElection (LeaderElection.java:logAndReturn(56)) - 0d315fbd-ade0-427f-8a57-9b8f4a7ccba2@group-452902F59078-LeaderElection17: Election TIMEOUT; received 0 response(s) [] and 0 exception(s); 0d315fbd-ade0-427f-8a57-9b8f4a7ccba2@group-452902F59078:t12, leader=null, voted=0d315fbd-ade0-427f-8a57-9b8f4a7ccba2, raftlog=0d315fbd-ade0-427f-8a57-9b8f4a7ccba2@group-452902F59078-SegmentedRaftLog:OPENED:c3,f4,i4, conf=0: [fe2f4460-1173-45ac-8f62-3ccbe442b4a3:192.168.157.254:43148, bec42651-2cde-4fcc-b688-684a384bc6fb:192.168.157.254:46415, 0d315fbd-ade0-427f-8a57-9b8f4a7ccba2:192.168.157.254:43029], old=null
2019-10-22 00:04:52,472 [0d315fbd-ade0-427f-8a57-9b8f4a7ccba2@group-452902F59078-LeaderElection17] INFO  impl.LeaderElection (LeaderElection.java:askForVotes(178)) - 0d315fbd-ade0-427f-8a57-9b8f4a7ccba2@group-452902F59078-LeaderElection17: begin an election at term 13 for 0: [fe2f4460-1173-45ac-8f62-3ccbe442b4a3:192.168.157.254:43148, bec42651-2cde-4fcc-b688-684a384bc6fb:192.168.157.254:46415, 0d315fbd-ade0-427f-8a57-9b8f4a7ccba2:192.168.157.254:43029], old=null
2019-10-22 00:04:52,476 [grpc-default-executor-0] INFO  impl.RaftServerImpl (RaftServerImpl.java:setRole(184)) - fe2f4460-1173-45ac-8f62-3ccbe442b4a3@group-452902F59078: changes role from  FOLLOWER to FOLLOWER at term 13 for recognizeCandidate:0d315fbd-ade0-427f-8a57-9b8f4a7ccba2
2019-10-22 00:04:52,476 [grpc-default-executor-3] INFO  impl.RaftServerImpl (RaftServerImpl.java:setRole(184)) - bec42651-2cde-4fcc-b688-684a384bc6fb@group-452902F59078: changes role from  FOLLOWER to FOLLOWER at term 13 for recognizeCandidate:0d315fbd-ade0-427f-8a57-9b8f4a7ccba2
2019-10-22 00:04:52,476 [grpc-default-executor-0] INFO  impl.RoleInfo (RoleInfo.java:shutdownFollowerState(121)) - fe2f4460-1173-45ac-8f62-3ccbe442b4a3: shutdown FollowerState
2019-10-22 00:04:52,476 [grpc-default-executor-3] INFO  impl.RoleInfo (RoleInfo.java:shutdownFollowerState(121)) - bec42651-2cde-4fcc-b688-684a384bc6fb: shutdown FollowerState
2019-10-22 00:04:52,477 [grpc-default-executor-0] INFO  impl.RoleInfo (RoleInfo.java:updateAndGet(143)) - fe2f4460-1173-45ac-8f62-3ccbe442b4a3: start FollowerState
2019-10-22 00:04:52,477 [Thread-637] INFO  impl.FollowerState (FollowerState.java:run(117)) - fe2f4460-1173-45ac-8f62-3ccbe442b4a3@group-452902F59078-FollowerState was interrupted: java.lang.InterruptedException: sleep interrupted
2019-10-22 00:04:52,477 [Thread-636] INFO  impl.FollowerState (FollowerState.java:run(117)) - bec42651-2cde-4fcc-b688-684a384bc6fb@group-452902F59078-FollowerState was interrupted: java.lang.InterruptedException: sleep interrupted
2019-10-22 00:04:52,477 [grpc-default-executor-3] INFO  impl.RoleInfo (RoleInfo.java:updateAndGet(143)) - bec42651-2cde-4fcc-b688-684a384bc6fb: start FollowerState
2019-10-22 00:04:52,487 [0d315fbd-ade0-427f-8a57-9b8f4a7ccba2@group-452902F59078-LeaderElection17] INFO  impl.LeaderElection (LeaderElection.java:logAndReturn(56)) - 0d315fbd-ade0-427f-8a57-9b8f4a7ccba2@group-452902F59078-LeaderElection17: Election REJECTED; received 2 response(s) [0d315fbd-ade0-427f-8a57-9b8f4a7ccba2<-fe2f4460-1173-45ac-8f62-3ccbe442b4a3#0:FAIL-t13, 0d315fbd-ade0-427f-8a57-9b8f4a7ccba2<-bec42651-2cde-4fcc-b688-684a384bc6fb#0:FAIL-t13] and 0 exception(s); 0d315fbd-ade0-427f-8a57-9b8f4a7ccba2@group-452902F59078:t13, leader=null, voted=0d315fbd-ade0-427f-8a57-9b8f4a7ccba2, raftlog=0d315fbd-ade0-427f-8a57-9b8f4a7ccba2@group-452902F59078-SegmentedRaftLog:OPENED:c3,f4,i4, conf=0: [fe2f4460-1173-45ac-8f62-3ccbe442b4a3:192.168.157.254:43148, bec42651-2cde-4fcc-b688-684a384bc6fb:192.168.157.254:46415, 0d315fbd-ade0-427f-8a57-9b8f4a7ccba2:192.168.157.254:43029], old=null
2019-10-22 00:04:52,487 [0d315fbd-ade0-427f-8a57-9b8f4a7ccba2@group-452902F59078-LeaderElection17] INFO  impl.RaftServerImpl (RaftServerImpl.java:setRole(184)) - 0d315fbd-ade0-427f-8a57-9b8f4a7ccba2@group-452902F59078: changes role from CANDIDATE to FOLLOWER at term 13 for DISCOVERED_A_NEW_TERM
2019-10-22 00:04:52,487 [0d315fbd-ade0-427f-8a57-9b8f4a7ccba2@group-452902F59078-LeaderElection17] INFO  impl.RoleInfo (RoleInfo.java:shutdownLeaderElection(134)) - 0d315fbd-ade0-427f-8a57-9b8f4a7ccba2: shutdown LeaderElection
2019-10-22 00:04:52,487 [0d315fbd-ade0-427f-8a57-9b8f4a7ccba2@group-452902F59078-LeaderElection17] INFO  impl.RoleInfo (RoleInfo.java:updateAndGet(143)) - 0d315fbd-ade0-427f-8a57-9b8f4a7ccba2: start FollowerState
2019-10-22 00:04:52,623 [Thread-642] INFO  impl.FollowerState (FollowerState.java:run(108)) - 0d315fbd-ade0-427f-8a57-9b8f4a7ccba2@group-452902F59078-FollowerState: change to CANDIDATE, lastRpcTime:135ms, electionTimeout:135ms
2019-10-22 00:04:52,624 [Thread-642] INFO  impl.RoleInfo (RoleInfo.java:shutdownFollowerState(121)) - 0d315fbd-ade0-427f-8a57-9b8f4a7ccba2: shutdown FollowerState
2019-10-22 00:04:52,624 [Thread-642] INFO  impl.RaftServerImpl (RaftServerImpl.java:setRole(184)) - 0d315fbd-ade0-427f-8a57-9b8f4a7ccba2@group-452902F59078: changes role from  FOLLOWER to CANDIDATE at term 13 for changeToCandidate
2019-10-22 00:04:52,624 [Thread-642] INFO  impl.RoleInfo (RoleInfo.java:updateAndGet(143)) - 0d315fbd-ade0-427f-8a57-9b8f4a7ccba2: start LeaderElection
2019-10-22 00:04:52,627 [0d315fbd-ade0-427f-8a57-9b8f4a7ccba2@group-452902F59078-LeaderElection18] INFO  impl.LeaderElection (LeaderElection.java:askForVotes(178)) - 0d315fbd-ade0-427f-8a57-9b8f4a7ccba2@group-452902F59078-LeaderElection18: begin an election at term 14 for 0: [fe2f4460-1173-45ac-8f62-3ccbe442b4a3:192.168.157.254:43148, bec42651-2cde-4fcc-b688-684a384bc6fb:192.168.157.254:46415, 0d315fbd-ade0-427f-8a57-9b8f4a7ccba2:192.168.157.254:43029], old=null
2019-10-22 00:04:52,632 [grpc-default-executor-0] INFO  impl.RaftServerImpl (RaftServerImpl.java:setRole(184)) - fe2f4460-1173-45ac-8f62-3ccbe442b4a3@group-452902F59078: changes role from  FOLLOWER to FOLLOWER at term 14 for recognizeCandidate:0d315fbd-ade0-427f-8a57-9b8f4a7ccba2
2019-10-22 00:04:52,632 [grpc-default-executor-3] INFO  impl.RaftServerImpl (RaftServerImpl.java:setRole(184)) - bec42651-2cde-4fcc-b688-684a384bc6fb@group-452902F59078: changes role from  FOLLOWER to FOLLOWER at term 14 for recognizeCandidate:0d315fbd-ade0-427f-8a57-9b8f4a7ccba2
2019-10-22 00:04:52,633 [grpc-default-executor-0] INFO  impl.RoleInfo (RoleInfo.java:shutdownFollowerState(121)) - fe2f4460-1173-45ac-8f62-3ccbe442b4a3: shutdown FollowerState
2019-10-22 00:04:52,633 [grpc-default-executor-3] INFO  impl.RoleInfo (RoleInfo.java:shutdownFollowerState(121)) - bec42651-2cde-4fcc-b688-684a384bc6fb: shutdown FollowerState
2019-10-22 00:04:52,633 [Thread-640] INFO  impl.FollowerState (FollowerState.java:run(117)) - fe2f4460-1173-45ac-8f62-3ccbe442b4a3@group-452902F59078-FollowerState was interrupted: java.lang.InterruptedException: sleep interrupted
2019-10-22 00:04:52,633 [Thread-641] INFO  impl.FollowerState (FollowerState.java:run(117)) - bec42651-2cde-4fcc-b688-684a384bc6fb@group-452902F59078-FollowerState was interrupted: java.lang.InterruptedException: sleep interrupted
2019-10-22 00:04:52,633 [grpc-default-executor-0] INFO  impl.RoleInfo (RoleInfo.java:updateAndGet(143)) - fe2f4460-1173-45ac-8f62-3ccbe442b4a3: start FollowerState
2019-10-22 00:04:52,633 [grpc-default-executor-3] INFO  impl.RoleInfo (RoleInfo.java:updateAndGet(143)) - bec42651-2cde-4fcc-b688-684a384bc6fb: start FollowerState
2019-10-22 00:04:52,638 [0d315fbd-ade0-427f-8a57-9b8f4a7ccba2@group-452902F59078-LeaderElection18] INFO  impl.LeaderElection (LeaderElection.java:logAndReturn(56)) - 0d315fbd-ade0-427f-8a57-9b8f4a7ccba2@group-452902F59078-LeaderElection18: Election REJECTED; received 2 response(s) [0d315fbd-ade0-427f-8a57-9b8f4a7ccba2<-fe2f4460-1173-45ac-8f62-3ccbe442b4a3#0:FAIL-t14, 0d315fbd-ade0-427f-8a57-9b8f4a7ccba2<-bec42651-2cde-4fcc-b688-684a384bc6fb#0:FAIL-t14] and 0 exception(s); 0d315fbd-ade0-427f-8a57-9b8f4a7ccba2@group-452902F59078:t14, leader=null, voted=0d315fbd-ade0-427f-8a57-9b8f4a7ccba2, raftlog=0d315fbd-ade0-427f-8a57-9b8f4a7ccba2@group-452902F59078-SegmentedRaftLog:OPENED:c3,f4,i4, conf=0: [fe2f4460-1173-45ac-8f62-3ccbe442b4a3:192.168.157.254:43148, bec42651-2cde-4fcc-b688-684a384bc6fb:192.168.157.254:46415, 0d315fbd-ade0-427f-8a57-9b8f4a7ccba2:192.168.157.254:43029], old=null
2019-10-22 00:04:52,639 [0d315fbd-ade0-427f-8a57-9b8f4a7ccba2@group-452902F59078-LeaderElection18] INFO  impl.RaftServerImpl (RaftServerImpl.java:setRole(184)) - 0d315fbd-ade0-427f-8a57-9b8f4a7ccba2@group-452902F59078: changes role from CANDIDATE to FOLLOWER at term 14 for DISCOVERED_A_NEW_TERM
2019-10-22 00:04:52,639 [0d315fbd-ade0-427f-8a57-9b8f4a7ccba2@group-452902F59078-LeaderElection18] INFO  impl.RoleInfo (RoleInfo.java:shutdownLeaderElection(134)) - 0d315fbd-ade0-427f-8a57-9b8f4a7ccba2: shutdown LeaderElection
2019-10-22 00:04:52,639 [0d315fbd-ade0-427f-8a57-9b8f4a7ccba2@group-452902F59078-LeaderElection18] INFO  impl.RoleInfo (RoleInfo.java:updateAndGet(143)) - 0d315fbd-ade0-427f-8a57-9b8f4a7ccba2: start FollowerState
2019-10-22 00:04:52,809 [EventQueue-PendingDeleteStatusForPendingDeleteHandler] INFO  block.SCMBlockDeletingService (SCMBlockDeletingService.java:handlePendingDeletes(115)) - Block deletion txnID mismatch in datanode 0d315fbd-ade0-427f-8a57-9b8f4a7ccba2 for containerID 1. Datanode delete txnID: 0, SCM txnID: 1
2019-10-22 00:04:52,817 [Thread-648] INFO  impl.FollowerState (FollowerState.java:run(108)) - 0d315fbd-ade0-427f-8a57-9b8f4a7ccba2@group-452902F59078-FollowerState: change to CANDIDATE, lastRpcTime:178ms, electionTimeout:178ms
2019-10-22 00:04:52,818 [Thread-648] INFO  impl.RoleInfo (RoleInfo.java:shutdownFollowerState(121)) - 0d315fbd-ade0-427f-8a57-9b8f4a7ccba2: shutdown FollowerState
2019-10-22 00:04:52,818 [Thread-648] INFO  impl.RaftServerImpl (RaftServerImpl.java:setRole(184)) - 0d315fbd-ade0-427f-8a57-9b8f4a7ccba2@group-452902F59078: changes role from  FOLLOWER to CANDIDATE at term 14 for changeToCandidate
2019-10-22 00:04:52,818 [Thread-648] INFO  impl.RoleInfo (RoleInfo.java:updateAndGet(143)) - 0d315fbd-ade0-427f-8a57-9b8f4a7ccba2: start LeaderElection
2019-10-22 00:04:52,827 [pool-7-thread-3] INFO  commands.RetriableDatanodeEventWatcher (RetriableDatanodeEventWatcher.java:onTimeout(47)) - RetriableDatanodeCommand type=deleteBlocksCommand with id=1571702687827 timed out. Retrying.
2019-10-22 00:04:52,828 [pool-7-thread-5] INFO  commands.RetriableDatanodeEventWatcher (RetriableDatanodeEventWatcher.java:onTimeout(47)) - RetriableDatanodeCommand type=deleteBlocksCommand with id=1571702687825 timed out. Retrying.
2019-10-22 00:04:52,828 [pool-7-thread-4] INFO  commands.RetriableDatanodeEventWatcher (RetriableDatanodeEventWatcher.java:onTimeout(47)) - RetriableDatanodeCommand type=deleteBlocksCommand with id=1571702687821 timed out. Retrying.
2019-10-22 00:04:52,828 [pool-7-thread-1] INFO  commands.RetriableDatanodeEventWatcher (RetriableDatanodeEventWatcher.java:onTimeout(47)) - RetriableDatanodeCommand type=deleteBlocksCommand with id=1571702687824 timed out. Retrying.
2019-10-22 00:04:52,828 [pool-7-thread-2] INFO  commands.RetriableDatanodeEventWatcher (RetriableDatanodeEventWatcher.java:onTimeout(47)) - RetriableDatanodeCommand type=deleteBlocksCommand with id=1571702687826 timed out. Retrying.
2019-10-22 00:04:52,829 [SCMBlockDeletingService#1] INFO  block.SCMBlockDeletingService (SCMBlockDeletingService.java:call(184)) - Totally added 1 delete blocks command for 1 datanodes, task elapsed time: 2ms
2019-10-22 00:04:52,829 [0d315fbd-ade0-427f-8a57-9b8f4a7ccba2@group-452902F59078-LeaderElection19] INFO  impl.LeaderElection (LeaderElection.java:askForVotes(178)) - 0d315fbd-ade0-427f-8a57-9b8f4a7ccba2@group-452902F59078-LeaderElection19: begin an election at term 15 for 0: [fe2f4460-1173-45ac-8f62-3ccbe442b4a3:192.168.157.254:43148, bec42651-2cde-4fcc-b688-684a384bc6fb:192.168.157.254:46415, 0d315fbd-ade0-427f-8a57-9b8f4a7ccba2:192.168.157.254:43029], old=null
2019-10-22 00:04:52,834 [grpc-default-executor-0] INFO  impl.RaftServerImpl (RaftServerImpl.java:setRole(184)) - fe2f4460-1173-45ac-8f62-3ccbe442b4a3@group-452902F59078: changes role from  FOLLOWER to FOLLOWER at term 15 for recognizeCandidate:0d315fbd-ade0-427f-8a57-9b8f4a7ccba2
2019-10-22 00:04:52,834 [grpc-default-executor-0] INFO  impl.RoleInfo (RoleInfo.java:shutdownFollowerState(121)) - fe2f4460-1173-45ac-8f62-3ccbe442b4a3: shutdown FollowerState
2019-10-22 00:04:52,834 [grpc-default-executor-3] INFO  impl.RaftServerImpl (RaftServerImpl.java:setRole(184)) - bec42651-2cde-4fcc-b688-684a384bc6fb@group-452902F59078: changes role from  FOLLOWER to FOLLOWER at term 15 for recognizeCandidate:0d315fbd-ade0-427f-8a57-9b8f4a7ccba2
2019-10-22 00:04:52,834 [grpc-default-executor-0] INFO  impl.RoleInfo (RoleInfo.java:updateAndGet(143)) - fe2f4460-1173-45ac-8f62-3ccbe442b4a3: start FollowerState
2019-10-22 00:04:52,834 [Thread-646] INFO  impl.FollowerState (FollowerState.java:run(117)) - fe2f4460-1173-45ac-8f62-3ccbe442b4a3@group-452902F59078-FollowerState was interrupted: java.lang.InterruptedException: sleep interrupted
2019-10-22 00:04:52,834 [grpc-default-executor-3] INFO  impl.RoleInfo (RoleInfo.java:shutdownFollowerState(121)) - bec42651-2cde-4fcc-b688-684a384bc6fb: shutdown FollowerState
2019-10-22 00:04:52,835 [grpc-default-executor-3] INFO  impl.RoleInfo (RoleInfo.java:updateAndGet(143)) - bec42651-2cde-4fcc-b688-684a384bc6fb: start FollowerState
2019-10-22 00:04:52,835 [Thread-647] INFO  impl.FollowerState (FollowerState.java:run(117)) - bec42651-2cde-4fcc-b688-684a384bc6fb@group-452902F59078-FollowerState was interrupted: java.lang.InterruptedException: sleep interrupted
2019-10-22 00:04:52,870 [0d315fbd-ade0-427f-8a57-9b8f4a7ccba2@group-452902F59078-LeaderElection19] INFO  impl.LeaderElection (LeaderElection.java:logAndReturn(56)) - 0d315fbd-ade0-427f-8a57-9b8f4a7ccba2@group-452902F59078-LeaderElection19: Election REJECTED; received 2 response(s) [0d315fbd-ade0-427f-8a57-9b8f4a7ccba2<-fe2f4460-1173-45ac-8f62-3ccbe442b4a3#0:FAIL-t15, 0d315fbd-ade0-427f-8a57-9b8f4a7ccba2<-bec42651-2cde-4fcc-b688-684a384bc6fb#0:FAIL-t15] and 0 exception(s); 0d315fbd-ade0-427f-8a57-9b8f4a7ccba2@group-452902F59078:t15, leader=null, voted=0d315fbd-ade0-427f-8a57-9b8f4a7ccba2, raftlog=0d315fbd-ade0-427f-8a57-9b8f4a7ccba2@group-452902F59078-SegmentedRaftLog:OPENED:c3,f4,i4, conf=0: [fe2f4460-1173-45ac-8f62-3ccbe442b4a3:192.168.157.254:43148, bec42651-2cde-4fcc-b688-684a384bc6fb:192.168.157.254:46415, 0d315fbd-ade0-427f-8a57-9b8f4a7ccba2:192.168.157.254:43029], old=null
2019-10-22 00:04:52,870 [0d315fbd-ade0-427f-8a57-9b8f4a7ccba2@group-452902F59078-LeaderElection19] INFO  impl.RaftServerImpl (RaftServerImpl.java:setRole(184)) - 0d315fbd-ade0-427f-8a57-9b8f4a7ccba2@group-452902F59078: changes role from CANDIDATE to FOLLOWER at term 15 for DISCOVERED_A_NEW_TERM
2019-10-22 00:04:52,870 [0d315fbd-ade0-427f-8a57-9b8f4a7ccba2@group-452902F59078-LeaderElection19] INFO  impl.RoleInfo (RoleInfo.java:shutdownLeaderElection(134)) - 0d315fbd-ade0-427f-8a57-9b8f4a7ccba2: shutdown LeaderElection
2019-10-22 00:04:52,870 [0d315fbd-ade0-427f-8a57-9b8f4a7ccba2@group-452902F59078-LeaderElection19] INFO  impl.RoleInfo (RoleInfo.java:updateAndGet(143)) - 0d315fbd-ade0-427f-8a57-9b8f4a7ccba2: start FollowerState
2019-10-22 00:04:52,950 [Thread-655] INFO  impl.FollowerState (FollowerState.java:run(108)) - 0d315fbd-ade0-427f-8a57-9b8f4a7ccba2@group-452902F59078-FollowerState: change to CANDIDATE, lastRpcTime:80ms, electionTimeout:80ms
2019-10-22 00:04:52,952 [Thread-655] INFO  impl.RoleInfo (RoleInfo.java:shutdownFollowerState(121)) - 0d315fbd-ade0-427f-8a57-9b8f4a7ccba2: shutdown FollowerState
2019-10-22 00:04:52,952 [Thread-655] INFO  impl.RaftServerImpl (RaftServerImpl.java:setRole(184)) - 0d315fbd-ade0-427f-8a57-9b8f4a7ccba2@group-452902F59078: changes role from  FOLLOWER to CANDIDATE at term 15 for changeToCandidate
2019-10-22 00:04:52,952 [Thread-655] INFO  impl.RoleInfo (RoleInfo.java:updateAndGet(143)) - 0d315fbd-ade0-427f-8a57-9b8f4a7ccba2: start LeaderElection
2019-10-22 00:04:52,984 [0d315fbd-ade0-427f-8a57-9b8f4a7ccba2@group-452902F59078-LeaderElection20] INFO  impl.LeaderElection (LeaderElection.java:askForVotes(178)) - 0d315fbd-ade0-427f-8a57-9b8f4a7ccba2@group-452902F59078-LeaderElection20: begin an election at term 16 for 0: [fe2f4460-1173-45ac-8f62-3ccbe442b4a3:192.168.157.254:43148, bec42651-2cde-4fcc-b688-684a384bc6fb:192.168.157.254:46415, 0d315fbd-ade0-427f-8a57-9b8f4a7ccba2:192.168.157.254:43029], old=null
2019-10-22 00:04:52,988 [grpc-default-executor-3] INFO  impl.RaftServerImpl (RaftServerImpl.java:setRole(184)) - bec42651-2cde-4fcc-b688-684a384bc6fb@group-452902F59078: changes role from  FOLLOWER to FOLLOWER at term 16 for recognizeCandidate:0d315fbd-ade0-427f-8a57-9b8f4a7ccba2
2019-10-22 00:04:52,989 [grpc-default-executor-0] INFO  impl.RaftServerImpl (RaftServerImpl.java:setRole(184)) - fe2f4460-1173-45ac-8f62-3ccbe442b4a3@group-452902F59078: changes role from  FOLLOWER to FOLLOWER at term 16 for recognizeCandidate:0d315fbd-ade0-427f-8a57-9b8f4a7ccba2
2019-10-22 00:04:52,989 [grpc-default-executor-3] INFO  impl.RoleInfo (RoleInfo.java:shutdownFollowerState(121)) - bec42651-2cde-4fcc-b688-684a384bc6fb: shutdown FollowerState
2019-10-22 00:04:52,989 [grpc-default-executor-0] INFO  impl.RoleInfo (RoleInfo.java:shutdownFollowerState(121)) - fe2f4460-1173-45ac-8f62-3ccbe442b4a3: shutdown FollowerState
2019-10-22 00:04:52,989 [grpc-default-executor-3] INFO  impl.RoleInfo (RoleInfo.java:updateAndGet(143)) - bec42651-2cde-4fcc-b688-684a384bc6fb: start FollowerState
2019-10-22 00:04:52,989 [Thread-654] INFO  impl.FollowerState (FollowerState.java:run(117)) - bec42651-2cde-4fcc-b688-684a384bc6fb@group-452902F59078-FollowerState was interrupted: java.lang.InterruptedException: sleep interrupted
2019-10-22 00:04:52,989 [grpc-default-executor-0] INFO  impl.RoleInfo (RoleInfo.java:updateAndGet(143)) - fe2f4460-1173-45ac-8f62-3ccbe442b4a3: start FollowerState
2019-10-22 00:04:52,989 [Thread-653] INFO  impl.FollowerState (FollowerState.java:run(117)) - fe2f4460-1173-45ac-8f62-3ccbe442b4a3@group-452902F59078-FollowerState was interrupted: java.lang.InterruptedException: sleep interrupted
2019-10-22 00:04:52,995 [0d315fbd-ade0-427f-8a57-9b8f4a7ccba2@group-452902F59078-LeaderElection20] INFO  impl.LeaderElection (LeaderElection.java:logAndReturn(56)) - 0d315fbd-ade0-427f-8a57-9b8f4a7ccba2@group-452902F59078-LeaderElection20: Election TIMEOUT; received 0 response(s) [] and 0 exception(s); 0d315fbd-ade0-427f-8a57-9b8f4a7ccba2@group-452902F59078:t16, leader=null, voted=0d315fbd-ade0-427f-8a57-9b8f4a7ccba2, raftlog=0d315fbd-ade0-427f-8a57-9b8f4a7ccba2@group-452902F59078-SegmentedRaftLog:OPENED:c3,f4,i4, conf=0: [fe2f4460-1173-45ac-8f62-3ccbe442b4a3:192.168.157.254:43148, bec42651-2cde-4fcc-b688-684a384bc6fb:192.168.157.254:46415, 0d315fbd-ade0-427f-8a57-9b8f4a7ccba2:192.168.157.254:43029], old=null
2019-10-22 00:04:53,015 [0d315fbd-ade0-427f-8a57-9b8f4a7ccba2@group-452902F59078-LeaderElection20] INFO  impl.LeaderElection (LeaderElection.java:askForVotes(178)) - 0d315fbd-ade0-427f-8a57-9b8f4a7ccba2@group-452902F59078-LeaderElection20: begin an election at term 17 for 0: [fe2f4460-1173-45ac-8f62-3ccbe442b4a3:192.168.157.254:43148, bec42651-2cde-4fcc-b688-684a384bc6fb:192.168.157.254:46415, 0d315fbd-ade0-427f-8a57-9b8f4a7ccba2:192.168.157.254:43029], old=null
2019-10-22 00:04:53,019 [java.util.concurrent.ThreadPoolExecutor$Worker@1cc2f809[State = -1, empty queue]] WARN  server.GrpcLogAppender (GrpcLogAppender.java:timeoutAppendRequest(209)) - fe2f4460-1173-45ac-8f62-3ccbe442b4a3@group-452902F59078->0d315fbd-ade0-427f-8a57-9b8f4a7ccba2-GrpcLogAppender: appendEntries Timeout, request=fe2f4460-1173-45ac-8f62-3ccbe442b4a3->0d315fbd-ade0-427f-8a57-9b8f4a7ccba2#52-t4, previous=(t:4, i:10), leaderCommit=10, initializing? false, entries: <empty>
2019-10-22 00:04:53,019 [grpc-default-executor-0] INFO  impl.RaftServerImpl (RaftServerImpl.java:setRole(184)) - bec42651-2cde-4fcc-b688-684a384bc6fb@group-452902F59078: changes role from  FOLLOWER to FOLLOWER at term 17 for recognizeCandidate:0d315fbd-ade0-427f-8a57-9b8f4a7ccba2
2019-10-22 00:04:53,020 [grpc-default-executor-3] INFO  impl.RaftServerImpl (RaftServerImpl.java:setRole(184)) - fe2f4460-1173-45ac-8f62-3ccbe442b4a3@group-452902F59078: changes role from  FOLLOWER to FOLLOWER at term 17 for recognizeCandidate:0d315fbd-ade0-427f-8a57-9b8f4a7ccba2
2019-10-22 00:04:53,020 [grpc-default-executor-0] INFO  impl.RoleInfo (RoleInfo.java:shutdownFollowerState(121)) - bec42651-2cde-4fcc-b688-684a384bc6fb: shutdown FollowerState
2019-10-22 00:04:53,020 [grpc-default-executor-3] INFO  impl.RoleInfo (RoleInfo.java:shutdownFollowerState(121)) - fe2f4460-1173-45ac-8f62-3ccbe442b4a3: shutdown FollowerState
2019-10-22 00:04:53,020 [grpc-default-executor-0] INFO  impl.RoleInfo (RoleInfo.java:updateAndGet(143)) - bec42651-2cde-4fcc-b688-684a384bc6fb: start FollowerState
2019-10-22 00:04:53,020 [Thread-659] INFO  impl.FollowerState (FollowerState.java:run(117)) - bec42651-2cde-4fcc-b688-684a384bc6fb@group-452902F59078-FollowerState was interrupted: java.lang.InterruptedException: sleep interrupted
2019-10-22 00:04:53,020 [Thread-660] INFO  impl.FollowerState (FollowerState.java:run(117)) - fe2f4460-1173-45ac-8f62-3ccbe442b4a3@group-452902F59078-FollowerState was interrupted: java.lang.InterruptedException: sleep interrupted
2019-10-22 00:04:53,020 [grpc-default-executor-3] INFO  impl.RoleInfo (RoleInfo.java:updateAndGet(143)) - fe2f4460-1173-45ac-8f62-3ccbe442b4a3: start FollowerState
2019-10-22 00:04:53,040 [Thread-666] INFO  client.GrpcClientProtocolService (GrpcClientProtocolService.java:lambda$processClientRequest$0(278)) - Failed RaftClientRequest:client-06600EE78844->bec42651-2cde-4fcc-b688-684a384bc6fb@group-452902F59078, cid=10, seq=0, Watch-ALL_COMMITTED(6), Message:<EMPTY>, reply=RaftClientReply:client-06600EE78844->bec42651-2cde-4fcc-b688-684a384bc6fb@group-452902F59078, cid=10, FAILED org.apache.ratis.protocol.NotLeaderException: Server bec42651-2cde-4fcc-b688-684a384bc6fb@group-452902F59078 is not the leader, logIndex=0, commits[bec42651-2cde-4fcc-b688-684a384bc6fb:c10, fe2f4460-1173-45ac-8f62-3ccbe442b4a3:c10, 0d315fbd-ade0-427f-8a57-9b8f4a7ccba2:c4]
2019-10-22 00:04:53,048 [0d315fbd-ade0-427f-8a57-9b8f4a7ccba2@group-452902F59078-LeaderElection20] INFO  impl.LeaderElection (LeaderElection.java:logAndReturn(56)) - 0d315fbd-ade0-427f-8a57-9b8f4a7ccba2@group-452902F59078-LeaderElection20: Election REJECTED; received 2 response(s) [0d315fbd-ade0-427f-8a57-9b8f4a7ccba2<-fe2f4460-1173-45ac-8f62-3ccbe442b4a3#0:FAIL-t17, 0d315fbd-ade0-427f-8a57-9b8f4a7ccba2<-bec42651-2cde-4fcc-b688-684a384bc6fb#0:FAIL-t17] and 0 exception(s); 0d315fbd-ade0-427f-8a57-9b8f4a7ccba2@group-452902F59078:t17, leader=null, voted=0d315fbd-ade0-427f-8a57-9b8f4a7ccba2, raftlog=0d315fbd-ade0-427f-8a57-9b8f4a7ccba2@group-452902F59078-SegmentedRaftLog:OPENED:c3,f4,i4, conf=0: [fe2f4460-1173-45ac-8f62-3ccbe442b4a3:192.168.157.254:43148, bec42651-2cde-4fcc-b688-684a384bc6fb:192.168.157.254:46415, 0d315fbd-ade0-427f-8a57-9b8f4a7ccba2:192.168.157.254:43029], old=null
2019-10-22 00:04:53,048 [0d315fbd-ade0-427f-8a57-9b8f4a7ccba2@group-452902F59078-LeaderElection20] INFO  impl.RaftServerImpl (RaftServerImpl.java:setRole(184)) - 0d315fbd-ade0-427f-8a57-9b8f4a7ccba2@group-452902F59078: changes role from CANDIDATE to FOLLOWER at term 17 for DISCOVERED_A_NEW_TERM
2019-10-22 00:04:53,048 [0d315fbd-ade0-427f-8a57-9b8f4a7ccba2@group-452902F59078-LeaderElection20] INFO  impl.RoleInfo (RoleInfo.java:shutdownLeaderElection(134)) - 0d315fbd-ade0-427f-8a57-9b8f4a7ccba2: shutdown LeaderElection
2019-10-22 00:04:53,048 [0d315fbd-ade0-427f-8a57-9b8f4a7ccba2@group-452902F59078-LeaderElection20] INFO  impl.RoleInfo (RoleInfo.java:updateAndGet(143)) - 0d315fbd-ade0-427f-8a57-9b8f4a7ccba2: start FollowerState
2019-10-22 00:04:53,225 [Thread-668] INFO  impl.FollowerState (FollowerState.java:run(108)) - 0d315fbd-ade0-427f-8a57-9b8f4a7ccba2@group-452902F59078-FollowerState: change to CANDIDATE, lastRpcTime:177ms, electionTimeout:177ms
2019-10-22 00:04:53,227 [Thread-668] INFO  impl.RoleInfo (RoleInfo.java:shutdownFollowerState(121)) - 0d315fbd-ade0-427f-8a57-9b8f4a7ccba2: shutdown FollowerState
2019-10-22 00:04:53,227 [Thread-668] INFO  impl.RaftServerImpl (RaftServerImpl.java:setRole(184)) - 0d315fbd-ade0-427f-8a57-9b8f4a7ccba2@group-452902F59078: changes role from  FOLLOWER to CANDIDATE at term 17 for changeToCandidate
2019-10-22 00:04:53,227 [Thread-668] INFO  impl.RoleInfo (RoleInfo.java:updateAndGet(143)) - 0d315fbd-ade0-427f-8a57-9b8f4a7ccba2: start LeaderElection
2019-10-22 00:04:53,247 [BlockDeletingService#3] WARN  background.BlockDeletingService (BlockDeletingService.java:isDeletionAllowed(187)) - Close Container log Index 6 is not replicated across allthe servers in the pipeline c00d4cd3-293b-4d2c-9f2c-452902f59078 as the min replicated index is 4. Deletion is not allowed in this container yet.
2019-10-22 00:04:53,247 [BlockDeletingService#8] WARN  background.BlockDeletingService (BlockDeletingService.java:isDeletionAllowed(187)) - Close Container log Index 6 is not replicated across allthe servers in the pipeline c00d4cd3-293b-4d2c-9f2c-452902f59078 as the min replicated index is 4. Deletion is not allowed in this container yet.
2019-10-22 00:04:53,298 [0d315fbd-ade0-427f-8a57-9b8f4a7ccba2@group-452902F59078-LeaderElection21] INFO  impl.LeaderElection (LeaderElection.java:askForVotes(178)) - 0d315fbd-ade0-427f-8a57-9b8f4a7ccba2@group-452902F59078-LeaderElection21: begin an election at term 18 for 0: [fe2f4460-1173-45ac-8f62-3ccbe442b4a3:192.168.157.254:43148, bec42651-2cde-4fcc-b688-684a384bc6fb:192.168.157.254:46415, 0d315fbd-ade0-427f-8a57-9b8f4a7ccba2:192.168.157.254:43029], old=null
2019-10-22 00:04:53,301 [grpc-default-executor-3] INFO  impl.RaftServerImpl (RaftServerImpl.java:setRole(184)) - fe2f4460-1173-45ac-8f62-3ccbe442b4a3@group-452902F59078: changes role from  FOLLOWER to FOLLOWER at term 18 for recognizeCandidate:0d315fbd-ade0-427f-8a57-9b8f4a7ccba2
2019-10-22 00:04:53,301 [grpc-default-executor-0] INFO  impl.RaftServerImpl (RaftServerImpl.java:setRole(184)) - bec42651-2cde-4fcc-b688-684a384bc6fb@group-452902F59078: changes role from  FOLLOWER to FOLLOWER at term 18 for recognizeCandidate:0d315fbd-ade0-427f-8a57-9b8f4a7ccba2
2019-10-22 00:04:53,302 [grpc-default-executor-3] INFO  impl.RoleInfo (RoleInfo.java:shutdownFollowerState(121)) - fe2f4460-1173-45ac-8f62-3ccbe442b4a3: shutdown FollowerState
2019-10-22 00:04:53,302 [grpc-default-executor-0] INFO  impl.RoleInfo (RoleInfo.java:shutdownFollowerState(121)) - bec42651-2cde-4fcc-b688-684a384bc6fb: shutdown FollowerState
2019-10-22 00:04:53,302 [Thread-664] INFO  impl.FollowerState (FollowerState.java:run(117)) - fe2f4460-1173-45ac-8f62-3ccbe442b4a3@group-452902F59078-FollowerState was interrupted: java.lang.InterruptedException: sleep interrupted
2019-10-22 00:04:53,302 [grpc-default-executor-0] INFO  impl.RoleInfo (RoleInfo.java:updateAndGet(143)) - bec42651-2cde-4fcc-b688-684a384bc6fb: start FollowerState
2019-10-22 00:04:53,302 [grpc-default-executor-3] INFO  impl.RoleInfo (RoleInfo.java:updateAndGet(143)) - fe2f4460-1173-45ac-8f62-3ccbe442b4a3: start FollowerState
2019-10-22 00:04:53,302 [Thread-663] INFO  impl.FollowerState (FollowerState.java:run(117)) - bec42651-2cde-4fcc-b688-684a384bc6fb@group-452902F59078-FollowerState was interrupted: java.lang.InterruptedException: sleep interrupted
2019-10-22 00:04:53,339 [0d315fbd-ade0-427f-8a57-9b8f4a7ccba2@group-452902F59078-LeaderElection21] INFO  impl.LeaderElection (LeaderElection.java:logAndReturn(56)) - 0d315fbd-ade0-427f-8a57-9b8f4a7ccba2@group-452902F59078-LeaderElection21: Election TIMEOUT; received 0 response(s) [] and 0 exception(s); 0d315fbd-ade0-427f-8a57-9b8f4a7ccba2@group-452902F59078:t18, leader=null, voted=0d315fbd-ade0-427f-8a57-9b8f4a7ccba2, raftlog=0d315fbd-ade0-427f-8a57-9b8f4a7ccba2@group-452902F59078-SegmentedRaftLog:OPENED:c3,f4,i4, conf=0: [fe2f4460-1173-45ac-8f62-3ccbe442b4a3:192.168.157.254:43148, bec42651-2cde-4fcc-b688-684a384bc6fb:192.168.157.254:46415, 0d315fbd-ade0-427f-8a57-9b8f4a7ccba2:192.168.157.254:43029], old=null
2019-10-22 00:04:53,555 [0d315fbd-ade0-427f-8a57-9b8f4a7ccba2@group-452902F59078-LeaderElection21] INFO  impl.LeaderElection (LeaderElection.java:askForVotes(178)) - 0d315fbd-ade0-427f-8a57-9b8f4a7ccba2@group-452902F59078-LeaderElection21: begin an election at term 19 for 0: [fe2f4460-1173-45ac-8f62-3ccbe442b4a3:192.168.157.254:43148, bec42651-2cde-4fcc-b688-684a384bc6fb:192.168.157.254:46415, 0d315fbd-ade0-427f-8a57-9b8f4a7ccba2:192.168.157.254:43029], old=null
2019-10-22 00:04:53,559 [grpc-default-executor-3] INFO  impl.RaftServerImpl (RaftServerImpl.java:setRole(184)) - fe2f4460-1173-45ac-8f62-3ccbe442b4a3@group-452902F59078: changes role from  FOLLOWER to FOLLOWER at term 19 for recognizeCandidate:0d315fbd-ade0-427f-8a57-9b8f4a7ccba2
2019-10-22 00:04:53,559 [grpc-default-executor-0] INFO  impl.RaftServerImpl (RaftServerImpl.java:setRole(184)) - bec42651-2cde-4fcc-b688-684a384bc6fb@group-452902F59078: changes role from  FOLLOWER to FOLLOWER at term 19 for recognizeCandidate:0d315fbd-ade0-427f-8a57-9b8f4a7ccba2
2019-10-22 00:04:53,560 [grpc-default-executor-3] INFO  impl.RoleInfo (RoleInfo.java:shutdownFollowerState(121)) - fe2f4460-1173-45ac-8f62-3ccbe442b4a3: shutdown FollowerState
2019-10-22 00:04:53,560 [grpc-default-executor-0] INFO  impl.RoleInfo (RoleInfo.java:shutdownFollowerState(121)) - bec42651-2cde-4fcc-b688-684a384bc6fb: shutdown FollowerState
2019-10-22 00:04:53,560 [Thread-674] INFO  impl.FollowerState (FollowerState.java:run(117)) - fe2f4460-1173-45ac-8f62-3ccbe442b4a3@group-452902F59078-FollowerState was interrupted: java.lang.InterruptedException: sleep interrupted
2019-10-22 00:04:53,560 [grpc-default-executor-3] INFO  impl.RoleInfo (RoleInfo.java:updateAndGet(143)) - fe2f4460-1173-45ac-8f62-3ccbe442b4a3: start FollowerState
2019-10-22 00:04:53,560 [grpc-default-executor-0] INFO  impl.RoleInfo (RoleInfo.java:updateAndGet(143)) - bec42651-2cde-4fcc-b688-684a384bc6fb: start FollowerState
2019-10-22 00:04:53,560 [Thread-675] INFO  impl.FollowerState (FollowerState.java:run(117)) - bec42651-2cde-4fcc-b688-684a384bc6fb@group-452902F59078-FollowerState was interrupted: java.lang.InterruptedException: sleep interrupted
2019-10-22 00:04:53,627 [0d315fbd-ade0-427f-8a57-9b8f4a7ccba2@group-452902F59078-LeaderElection21] INFO  impl.LeaderElection (LeaderElection.java:logAndReturn(56)) - 0d315fbd-ade0-427f-8a57-9b8f4a7ccba2@group-452902F59078-LeaderElection21: Election REJECTED; received 2 response(s) [0d315fbd-ade0-427f-8a57-9b8f4a7ccba2<-fe2f4460-1173-45ac-8f62-3ccbe442b4a3#0:FAIL-t19, 0d315fbd-ade0-427f-8a57-9b8f4a7ccba2<-bec42651-2cde-4fcc-b688-684a384bc6fb#0:FAIL-t19] and 0 exception(s); 0d315fbd-ade0-427f-8a57-9b8f4a7ccba2@group-452902F59078:t19, leader=null, voted=0d315fbd-ade0-427f-8a57-9b8f4a7ccba2, raftlog=0d315fbd-ade0-427f-8a57-9b8f4a7ccba2@group-452902F59078-SegmentedRaftLog:OPENED:c3,f4,i4, conf=0: [fe2f4460-1173-45ac-8f62-3ccbe442b4a3:192.168.157.254:43148, bec42651-2cde-4fcc-b688-684a384bc6fb:192.168.157.254:46415, 0d315fbd-ade0-427f-8a57-9b8f4a7ccba2:192.168.157.254:43029], old=null
2019-10-22 00:04:53,627 [0d315fbd-ade0-427f-8a57-9b8f4a7ccba2@group-452902F59078-LeaderElection21] INFO  impl.RaftServerImpl (RaftServerImpl.java:setRole(184)) - 0d315fbd-ade0-427f-8a57-9b8f4a7ccba2@group-452902F59078: changes role from CANDIDATE to FOLLOWER at term 19 for DISCOVERED_A_NEW_TERM
2019-10-22 00:04:53,628 [0d315fbd-ade0-427f-8a57-9b8f4a7ccba2@group-452902F59078-LeaderElection21] INFO  impl.RoleInfo (RoleInfo.java:shutdownLeaderElection(134)) - 0d315fbd-ade0-427f-8a57-9b8f4a7ccba2: shutdown LeaderElection
2019-10-22 00:04:53,628 [0d315fbd-ade0-427f-8a57-9b8f4a7ccba2@group-452902F59078-LeaderElection21] INFO  impl.RoleInfo (RoleInfo.java:updateAndGet(143)) - 0d315fbd-ade0-427f-8a57-9b8f4a7ccba2: start FollowerState
2019-10-22 00:04:53,667 [Thread-680] INFO  impl.FollowerState (FollowerState.java:run(108)) - 0d315fbd-ade0-427f-8a57-9b8f4a7ccba2@group-452902F59078-FollowerState: change to CANDIDATE, lastRpcTime:39ms, electionTimeout:39ms
2019-10-22 00:04:53,668 [Thread-680] INFO  impl.RoleInfo (RoleInfo.java:shutdownFollowerState(121)) - 0d315fbd-ade0-427f-8a57-9b8f4a7ccba2: shutdown FollowerState
2019-10-22 00:04:53,668 [Thread-680] INFO  impl.RaftServerImpl (RaftServerImpl.java:setRole(184)) - 0d315fbd-ade0-427f-8a57-9b8f4a7ccba2@group-452902F59078: changes role from  FOLLOWER to CANDIDATE at term 19 for changeToCandidate
2019-10-22 00:04:53,669 [Thread-680] INFO  impl.RoleInfo (RoleInfo.java:updateAndGet(143)) - 0d315fbd-ade0-427f-8a57-9b8f4a7ccba2: start LeaderElection
2019-10-22 00:04:53,734 [0d315fbd-ade0-427f-8a57-9b8f4a7ccba2@group-452902F59078-LeaderElection22] INFO  impl.LeaderElection (LeaderElection.java:askForVotes(178)) - 0d315fbd-ade0-427f-8a57-9b8f4a7ccba2@group-452902F59078-LeaderElection22: begin an election at term 20 for 0: [fe2f4460-1173-45ac-8f62-3ccbe442b4a3:192.168.157.254:43148, bec42651-2cde-4fcc-b688-684a384bc6fb:192.168.157.254:46415, 0d315fbd-ade0-427f-8a57-9b8f4a7ccba2:192.168.157.254:43029], old=null
2019-10-22 00:04:53,741 [grpc-default-executor-3] INFO  impl.RaftServerImpl (RaftServerImpl.java:setRole(184)) - bec42651-2cde-4fcc-b688-684a384bc6fb@group-452902F59078: changes role from  FOLLOWER to FOLLOWER at term 20 for recognizeCandidate:0d315fbd-ade0-427f-8a57-9b8f4a7ccba2
2019-10-22 00:04:53,741 [grpc-default-executor-0] INFO  impl.RaftServerImpl (RaftServerImpl.java:setRole(184)) - fe2f4460-1173-45ac-8f62-3ccbe442b4a3@group-452902F59078: changes role from  FOLLOWER to FOLLOWER at term 20 for recognizeCandidate:0d315fbd-ade0-427f-8a57-9b8f4a7ccba2
2019-10-22 00:04:53,741 [grpc-default-executor-3] INFO  impl.RoleInfo (RoleInfo.java:shutdownFollowerState(121)) - bec42651-2cde-4fcc-b688-684a384bc6fb: shutdown FollowerState
2019-10-22 00:04:53,742 [grpc-default-executor-0] INFO  impl.RoleInfo (RoleInfo.java:shutdownFollowerState(121)) - fe2f4460-1173-45ac-8f62-3ccbe442b4a3: shutdown FollowerState
2019-10-22 00:04:53,742 [Thread-679] INFO  impl.FollowerState (FollowerState.java:run(117)) - bec42651-2cde-4fcc-b688-684a384bc6fb@group-452902F59078-FollowerState was interrupted: java.lang.InterruptedException: sleep interrupted
2019-10-22 00:04:53,742 [grpc-default-executor-3] INFO  impl.RoleInfo (RoleInfo.java:updateAndGet(143)) - bec42651-2cde-4fcc-b688-684a384bc6fb: start FollowerState
2019-10-22 00:04:53,742 [grpc-default-executor-0] INFO  impl.RoleInfo (RoleInfo.java:updateAndGet(143)) - fe2f4460-1173-45ac-8f62-3ccbe442b4a3: start FollowerState
2019-10-22 00:04:53,742 [Thread-678] INFO  impl.FollowerState (FollowerState.java:run(117)) - fe2f4460-1173-45ac-8f62-3ccbe442b4a3@group-452902F59078-FollowerState was interrupted: java.lang.InterruptedException: sleep interrupted
2019-10-22 00:04:53,822 [0d315fbd-ade0-427f-8a57-9b8f4a7ccba2@group-452902F59078-LeaderElection22] INFO  impl.LeaderElection (LeaderElection.java:logAndReturn(56)) - 0d315fbd-ade0-427f-8a57-9b8f4a7ccba2@group-452902F59078-LeaderElection22: Election REJECTED; received 2 response(s) [0d315fbd-ade0-427f-8a57-9b8f4a7ccba2<-fe2f4460-1173-45ac-8f62-3ccbe442b4a3#0:FAIL-t20, 0d315fbd-ade0-427f-8a57-9b8f4a7ccba2<-bec42651-2cde-4fcc-b688-684a384bc6fb#0:FAIL-t20] and 0 exception(s); 0d315fbd-ade0-427f-8a57-9b8f4a7ccba2@group-452902F59078:t20, leader=null, voted=0d315fbd-ade0-427f-8a57-9b8f4a7ccba2, raftlog=0d315fbd-ade0-427f-8a57-9b8f4a7ccba2@group-452902F59078-SegmentedRaftLog:OPENED:c3,f4,i4, conf=0: [fe2f4460-1173-45ac-8f62-3ccbe442b4a3:192.168.157.254:43148, bec42651-2cde-4fcc-b688-684a384bc6fb:192.168.157.254:46415, 0d315fbd-ade0-427f-8a57-9b8f4a7ccba2:192.168.157.254:43029], old=null
2019-10-22 00:04:53,822 [0d315fbd-ade0-427f-8a57-9b8f4a7ccba2@group-452902F59078-LeaderElection22] INFO  impl.RaftServerImpl (RaftServerImpl.java:setRole(184)) - 0d315fbd-ade0-427f-8a57-9b8f4a7ccba2@group-452902F59078: changes role from CANDIDATE to FOLLOWER at term 20 for DISCOVERED_A_NEW_TERM
2019-10-22 00:04:53,822 [0d315fbd-ade0-427f-8a57-9b8f4a7ccba2@group-452902F59078-LeaderElection22] INFO  impl.RoleInfo (RoleInfo.java:shutdownLeaderElection(134)) - 0d315fbd-ade0-427f-8a57-9b8f4a7ccba2: shutdown LeaderElection
2019-10-22 00:04:53,822 [0d315fbd-ade0-427f-8a57-9b8f4a7ccba2@group-452902F59078-LeaderElection22] INFO  impl.RoleInfo (RoleInfo.java:updateAndGet(143)) - 0d315fbd-ade0-427f-8a57-9b8f4a7ccba2: start FollowerState
2019-10-22 00:04:53,829 [pool-7-thread-4] INFO  commands.RetriableDatanodeEventWatcher (RetriableDatanodeEventWatcher.java:onTimeout(47)) - RetriableDatanodeCommand type=deleteBlocksCommand with id=1571702687827 timed out. Retrying.
2019-10-22 00:04:53,831 [pool-7-thread-6] INFO  commands.RetriableDatanodeEventWatcher (RetriableDatanodeEventWatcher.java:onTimeout(47)) - RetriableDatanodeCommand type=deleteBlocksCommand with id=1571702687828 timed out. Retrying.
2019-10-22 00:04:53,831 [pool-7-thread-2] INFO  commands.RetriableDatanodeEventWatcher (RetriableDatanodeEventWatcher.java:onTimeout(47)) - RetriableDatanodeCommand type=deleteBlocksCommand with id=1571702687821 timed out. Retrying.
2019-10-22 00:04:53,831 [pool-7-thread-3] INFO  commands.RetriableDatanodeEventWatcher (RetriableDatanodeEventWatcher.java:onTimeout(47)) - RetriableDatanodeCommand type=deleteBlocksCommand with id=1571702687825 timed out. Retrying.
2019-10-22 00:04:53,831 [pool-7-thread-5] INFO  commands.RetriableDatanodeEventWatcher (RetriableDatanodeEventWatcher.java:onTimeout(47)) - RetriableDatanodeCommand type=deleteBlocksCommand with id=1571702687824 timed out. Retrying.
2019-10-22 00:04:53,831 [SCMBlockDeletingService#1] INFO  block.SCMBlockDeletingService (SCMBlockDeletingService.java:call(184)) - Totally added 1 delete blocks command for 1 datanodes, task elapsed time: 1ms
2019-10-22 00:04:53,831 [pool-7-thread-1] INFO  commands.RetriableDatanodeEventWatcher (RetriableDatanodeEventWatcher.java:onTimeout(47)) - RetriableDatanodeCommand type=deleteBlocksCommand with id=1571702687826 timed out. Retrying.
2019-10-22 00:04:53,876 [Thread-686] INFO  impl.FollowerState (FollowerState.java:run(108)) - 0d315fbd-ade0-427f-8a57-9b8f4a7ccba2@group-452902F59078-FollowerState: change to CANDIDATE, lastRpcTime:53ms, electionTimeout:53ms
2019-10-22 00:04:53,876 [Thread-686] INFO  impl.RoleInfo (RoleInfo.java:shutdownFollowerState(121)) - 0d315fbd-ade0-427f-8a57-9b8f4a7ccba2: shutdown FollowerState
2019-10-22 00:04:53,876 [Thread-686] INFO  impl.RaftServerImpl (RaftServerImpl.java:setRole(184)) - 0d315fbd-ade0-427f-8a57-9b8f4a7ccba2@group-452902F59078: changes role from  FOLLOWER to CANDIDATE at term 20 for changeToCandidate
2019-10-22 00:04:53,876 [Thread-686] INFO  impl.RoleInfo (RoleInfo.java:updateAndGet(143)) - 0d315fbd-ade0-427f-8a57-9b8f4a7ccba2: start LeaderElection
2019-10-22 00:04:53,947 [0d315fbd-ade0-427f-8a57-9b8f4a7ccba2@group-452902F59078-LeaderElection23] INFO  impl.LeaderElection (LeaderElection.java:askForVotes(178)) - 0d315fbd-ade0-427f-8a57-9b8f4a7ccba2@group-452902F59078-LeaderElection23: begin an election at term 21 for 0: [fe2f4460-1173-45ac-8f62-3ccbe442b4a3:192.168.157.254:43148, bec42651-2cde-4fcc-b688-684a384bc6fb:192.168.157.254:46415, 0d315fbd-ade0-427f-8a57-9b8f4a7ccba2:192.168.157.254:43029], old=null
2019-10-22 00:04:53,950 [grpc-default-executor-3] INFO  impl.RaftServerImpl (RaftServerImpl.java:setRole(184)) - fe2f4460-1173-45ac-8f62-3ccbe442b4a3@group-452902F59078: changes role from  FOLLOWER to FOLLOWER at term 21 for recognizeCandidate:0d315fbd-ade0-427f-8a57-9b8f4a7ccba2
2019-10-22 00:04:53,950 [grpc-default-executor-0] INFO  impl.RaftServerImpl (RaftServerImpl.java:setRole(184)) - bec42651-2cde-4fcc-b688-684a384bc6fb@group-452902F59078: changes role from  FOLLOWER to FOLLOWER at term 21 for recognizeCandidate:0d315fbd-ade0-427f-8a57-9b8f4a7ccba2
2019-10-22 00:04:53,950 [grpc-default-executor-3] INFO  impl.RoleInfo (RoleInfo.java:shutdownFollowerState(121)) - fe2f4460-1173-45ac-8f62-3ccbe442b4a3: shutdown FollowerState
2019-10-22 00:04:53,950 [grpc-default-executor-0] INFO  impl.RoleInfo (RoleInfo.java:shutdownFollowerState(121)) - bec42651-2cde-4fcc-b688-684a384bc6fb: shutdown FollowerState
2019-10-22 00:04:53,951 [Thread-685] INFO  impl.FollowerState (FollowerState.java:run(117)) - fe2f4460-1173-45ac-8f62-3ccbe442b4a3@group-452902F59078-FollowerState was interrupted: java.lang.InterruptedException: sleep interrupted
2019-10-22 00:04:53,951 [grpc-default-executor-3] INFO  impl.RoleInfo (RoleInfo.java:updateAndGet(143)) - fe2f4460-1173-45ac-8f62-3ccbe442b4a3: start FollowerState
2019-10-22 00:04:53,951 [grpc-default-executor-0] INFO  impl.RoleInfo (RoleInfo.java:updateAndGet(143)) - bec42651-2cde-4fcc-b688-684a384bc6fb: start FollowerState
2019-10-22 00:04:53,951 [Thread-684] INFO  impl.FollowerState (FollowerState.java:run(117)) - bec42651-2cde-4fcc-b688-684a384bc6fb@group-452902F59078-FollowerState was interrupted: java.lang.InterruptedException: sleep interrupted
2019-10-22 00:04:53,967 [0d315fbd-ade0-427f-8a57-9b8f4a7ccba2@group-452902F59078-LeaderElection23] INFO  impl.LeaderElection (LeaderElection.java:logAndReturn(56)) - 0d315fbd-ade0-427f-8a57-9b8f4a7ccba2@group-452902F59078-LeaderElection23: Election REJECTED; received 2 response(s) [0d315fbd-ade0-427f-8a57-9b8f4a7ccba2<-fe2f4460-1173-45ac-8f62-3ccbe442b4a3#0:FAIL-t21, 0d315fbd-ade0-427f-8a57-9b8f4a7ccba2<-bec42651-2cde-4fcc-b688-684a384bc6fb#0:FAIL-t21] and 0 exception(s); 0d315fbd-ade0-427f-8a57-9b8f4a7ccba2@group-452902F59078:t21, leader=null, voted=0d315fbd-ade0-427f-8a57-9b8f4a7ccba2, raftlog=0d315fbd-ade0-427f-8a57-9b8f4a7ccba2@group-452902F59078-SegmentedRaftLog:OPENED:c3,f4,i4, conf=0: [fe2f4460-1173-45ac-8f62-3ccbe442b4a3:192.168.157.254:43148, bec42651-2cde-4fcc-b688-684a384bc6fb:192.168.157.254:46415, 0d315fbd-ade0-427f-8a57-9b8f4a7ccba2:192.168.157.254:43029], old=null
2019-10-22 00:04:53,967 [0d315fbd-ade0-427f-8a57-9b8f4a7ccba2@group-452902F59078-LeaderElection23] INFO  impl.RaftServerImpl (RaftServerImpl.java:setRole(184)) - 0d315fbd-ade0-427f-8a57-9b8f4a7ccba2@group-452902F59078: changes role from CANDIDATE to FOLLOWER at term 21 for DISCOVERED_A_NEW_TERM
2019-10-22 00:04:53,967 [0d315fbd-ade0-427f-8a57-9b8f4a7ccba2@group-452902F59078-LeaderElection23] INFO  impl.RoleInfo (RoleInfo.java:shutdownLeaderElection(134)) - 0d315fbd-ade0-427f-8a57-9b8f4a7ccba2: shutdown LeaderElection
2019-10-22 00:04:53,967 [0d315fbd-ade0-427f-8a57-9b8f4a7ccba2@group-452902F59078-LeaderElection23] INFO  impl.RoleInfo (RoleInfo.java:updateAndGet(143)) - 0d315fbd-ade0-427f-8a57-9b8f4a7ccba2: start FollowerState
2019-10-22 00:04:54,041 [Thread-693] INFO  impl.FollowerState (FollowerState.java:run(108)) - 0d315fbd-ade0-427f-8a57-9b8f4a7ccba2@group-452902F59078-FollowerState: change to CANDIDATE, lastRpcTime:73ms, electionTimeout:73ms
2019-10-22 00:04:54,042 [Thread-693] INFO  impl.RoleInfo (RoleInfo.java:shutdownFollowerState(121)) - 0d315fbd-ade0-427f-8a57-9b8f4a7ccba2: shutdown FollowerState
2019-10-22 00:04:54,042 [Thread-693] INFO  impl.RaftServerImpl (RaftServerImpl.java:setRole(184)) - 0d315fbd-ade0-427f-8a57-9b8f4a7ccba2@group-452902F59078: changes role from  FOLLOWER to CANDIDATE at term 21 for changeToCandidate
2019-10-22 00:04:54,043 [Thread-693] INFO  impl.RoleInfo (RoleInfo.java:updateAndGet(143)) - 0d315fbd-ade0-427f-8a57-9b8f4a7ccba2: start LeaderElection
2019-10-22 00:04:54,048 [0d315fbd-ade0-427f-8a57-9b8f4a7ccba2@group-452902F59078-LeaderElection24] INFO  impl.LeaderElection (LeaderElection.java:askForVotes(178)) - 0d315fbd-ade0-427f-8a57-9b8f4a7ccba2@group-452902F59078-LeaderElection24: begin an election at term 22 for 0: [fe2f4460-1173-45ac-8f62-3ccbe442b4a3:192.168.157.254:43148, bec42651-2cde-4fcc-b688-684a384bc6fb:192.168.157.254:46415, 0d315fbd-ade0-427f-8a57-9b8f4a7ccba2:192.168.157.254:43029], old=null
2019-10-22 00:04:54,053 [grpc-default-executor-3] INFO  impl.RaftServerImpl (RaftServerImpl.java:setRole(184)) - bec42651-2cde-4fcc-b688-684a384bc6fb@group-452902F59078: changes role from  FOLLOWER to FOLLOWER at term 22 for recognizeCandidate:0d315fbd-ade0-427f-8a57-9b8f4a7ccba2
2019-10-22 00:04:54,053 [grpc-default-executor-1] INFO  impl.RaftServerImpl (RaftServerImpl.java:setRole(184)) - fe2f4460-1173-45ac-8f62-3ccbe442b4a3@group-452902F59078: changes role from  FOLLOWER to FOLLOWER at term 22 for recognizeCandidate:0d315fbd-ade0-427f-8a57-9b8f4a7ccba2
2019-10-22 00:04:54,053 [grpc-default-executor-3] INFO  impl.RoleInfo (RoleInfo.java:shutdownFollowerState(121)) - bec42651-2cde-4fcc-b688-684a384bc6fb: shutdown FollowerState
2019-10-22 00:04:54,053 [grpc-default-executor-1] INFO  impl.RoleInfo (RoleInfo.java:shutdownFollowerState(121)) - fe2f4460-1173-45ac-8f62-3ccbe442b4a3: shutdown FollowerState
2019-10-22 00:04:54,053 [Thread-698] INFO  client.GrpcClientProtocolService (GrpcClientProtocolService.java:lambda$processClientRequest$0(278)) - Failed RaftClientRequest:client-06600EE78844->fe2f4460-1173-45ac-8f62-3ccbe442b4a3@group-452902F59078, cid=10, seq=0, Watch-ALL_COMMITTED(6), Message:<EMPTY>, reply=RaftClientReply:client-06600EE78844->fe2f4460-1173-45ac-8f62-3ccbe442b4a3@group-452902F59078, cid=10, FAILED org.apache.ratis.protocol.NotLeaderException: Server fe2f4460-1173-45ac-8f62-3ccbe442b4a3@group-452902F59078 is not the leader, logIndex=0, commits[fe2f4460-1173-45ac-8f62-3ccbe442b4a3:c10, bec42651-2cde-4fcc-b688-684a384bc6fb:c10, 0d315fbd-ade0-427f-8a57-9b8f4a7ccba2:c4]
2019-10-22 00:04:54,053 [Thread-692] INFO  impl.FollowerState (FollowerState.java:run(117)) - bec42651-2cde-4fcc-b688-684a384bc6fb@group-452902F59078-FollowerState was interrupted: java.lang.InterruptedException: sleep interrupted
2019-10-22 00:04:54,053 [grpc-default-executor-3] INFO  impl.RoleInfo (RoleInfo.java:updateAndGet(143)) - bec42651-2cde-4fcc-b688-684a384bc6fb: start FollowerState
2019-10-22 00:04:54,053 [grpc-default-executor-1] INFO  impl.RoleInfo (RoleInfo.java:updateAndGet(143)) - fe2f4460-1173-45ac-8f62-3ccbe442b4a3: start FollowerState
2019-10-22 00:04:54,053 [Thread-691] INFO  impl.FollowerState (FollowerState.java:run(117)) - fe2f4460-1173-45ac-8f62-3ccbe442b4a3@group-452902F59078-FollowerState was interrupted: java.lang.InterruptedException: sleep interrupted
2019-10-22 00:04:54,071 [0d315fbd-ade0-427f-8a57-9b8f4a7ccba2@group-452902F59078-LeaderElection24] INFO  impl.LeaderElection (LeaderElection.java:logAndReturn(56)) - 0d315fbd-ade0-427f-8a57-9b8f4a7ccba2@group-452902F59078-LeaderElection24: Election REJECTED; received 2 response(s) [0d315fbd-ade0-427f-8a57-9b8f4a7ccba2<-fe2f4460-1173-45ac-8f62-3ccbe442b4a3#0:FAIL-t22, 0d315fbd-ade0-427f-8a57-9b8f4a7ccba2<-bec42651-2cde-4fcc-b688-684a384bc6fb#0:FAIL-t22] and 0 exception(s); 0d315fbd-ade0-427f-8a57-9b8f4a7ccba2@group-452902F59078:t22, leader=null, voted=0d315fbd-ade0-427f-8a57-9b8f4a7ccba2, raftlog=0d315fbd-ade0-427f-8a57-9b8f4a7ccba2@group-452902F59078-SegmentedRaftLog:OPENED:c3,f4,i4, conf=0: [fe2f4460-1173-45ac-8f62-3ccbe442b4a3:192.168.157.254:43148, bec42651-2cde-4fcc-b688-684a384bc6fb:192.168.157.254:46415, 0d315fbd-ade0-427f-8a57-9b8f4a7ccba2:192.168.157.254:43029], old=null
2019-10-22 00:04:54,071 [0d315fbd-ade0-427f-8a57-9b8f4a7ccba2@group-452902F59078-LeaderElection24] INFO  impl.RaftServerImpl (RaftServerImpl.java:setRole(184)) - 0d315fbd-ade0-427f-8a57-9b8f4a7ccba2@group-452902F59078: changes role from CANDIDATE to FOLLOWER at term 22 for DISCOVERED_A_NEW_TERM
2019-10-22 00:04:54,071 [0d315fbd-ade0-427f-8a57-9b8f4a7ccba2@group-452902F59078-LeaderElection24] INFO  impl.RoleInfo (RoleInfo.java:shutdownLeaderElection(134)) - 0d315fbd-ade0-427f-8a57-9b8f4a7ccba2: shutdown LeaderElection
2019-10-22 00:04:54,071 [0d315fbd-ade0-427f-8a57-9b8f4a7ccba2@group-452902F59078-LeaderElection24] INFO  impl.RoleInfo (RoleInfo.java:updateAndGet(143)) - 0d315fbd-ade0-427f-8a57-9b8f4a7ccba2: start FollowerState
2019-10-22 00:04:54,149 [Thread-702] INFO  impl.FollowerState (FollowerState.java:run(108)) - 0d315fbd-ade0-427f-8a57-9b8f4a7ccba2@group-452902F59078-FollowerState: change to CANDIDATE, lastRpcTime:78ms, electionTimeout:78ms
2019-10-22 00:04:54,151 [Thread-702] INFO  impl.RoleInfo (RoleInfo.java:shutdownFollowerState(121)) - 0d315fbd-ade0-427f-8a57-9b8f4a7ccba2: shutdown FollowerState
2019-10-22 00:04:54,151 [Thread-702] INFO  impl.RaftServerImpl (RaftServerImpl.java:setRole(184)) - 0d315fbd-ade0-427f-8a57-9b8f4a7ccba2@group-452902F59078: changes role from  FOLLOWER to CANDIDATE at term 22 for changeToCandidate
2019-10-22 00:04:54,151 [Thread-702] INFO  impl.RoleInfo (RoleInfo.java:updateAndGet(143)) - 0d315fbd-ade0-427f-8a57-9b8f4a7ccba2: start LeaderElection
2019-10-22 00:04:54,165 [0d315fbd-ade0-427f-8a57-9b8f4a7ccba2@group-452902F59078-LeaderElection25] INFO  impl.LeaderElection (LeaderElection.java:askForVotes(178)) - 0d315fbd-ade0-427f-8a57-9b8f4a7ccba2@group-452902F59078-LeaderElection25: begin an election at term 23 for 0: [fe2f4460-1173-45ac-8f62-3ccbe442b4a3:192.168.157.254:43148, bec42651-2cde-4fcc-b688-684a384bc6fb:192.168.157.254:46415, 0d315fbd-ade0-427f-8a57-9b8f4a7ccba2:192.168.157.254:43029], old=null
2019-10-22 00:04:54,168 [grpc-default-executor-1] INFO  impl.RaftServerImpl (RaftServerImpl.java:setRole(184)) - fe2f4460-1173-45ac-8f62-3ccbe442b4a3@group-452902F59078: changes role from  FOLLOWER to FOLLOWER at term 23 for recognizeCandidate:0d315fbd-ade0-427f-8a57-9b8f4a7ccba2
2019-10-22 00:04:54,168 [grpc-default-executor-1] INFO  impl.RoleInfo (RoleInfo.java:shutdownFollowerState(121)) - fe2f4460-1173-45ac-8f62-3ccbe442b4a3: shutdown FollowerState
2019-10-22 00:04:54,168 [grpc-default-executor-1] INFO  impl.RoleInfo (RoleInfo.java:updateAndGet(143)) - fe2f4460-1173-45ac-8f62-3ccbe442b4a3: start FollowerState
2019-10-22 00:04:54,168 [grpc-default-executor-3] INFO  impl.RaftServerImpl (RaftServerImpl.java:setRole(184)) - bec42651-2cde-4fcc-b688-684a384bc6fb@group-452902F59078: changes role from  FOLLOWER to FOLLOWER at term 23 for recognizeCandidate:0d315fbd-ade0-427f-8a57-9b8f4a7ccba2
2019-10-22 00:04:54,169 [grpc-default-executor-3] INFO  impl.RoleInfo (RoleInfo.java:shutdownFollowerState(121)) - bec42651-2cde-4fcc-b688-684a384bc6fb: shutdown FollowerState
2019-10-22 00:04:54,168 [Thread-700] INFO  impl.FollowerState (FollowerState.java:run(117)) - fe2f4460-1173-45ac-8f62-3ccbe442b4a3@group-452902F59078-FollowerState was interrupted: java.lang.InterruptedException: sleep interrupted
2019-10-22 00:04:54,169 [Thread-699] INFO  impl.FollowerState (FollowerState.java:run(117)) - bec42651-2cde-4fcc-b688-684a384bc6fb@group-452902F59078-FollowerState was interrupted: java.lang.InterruptedException: sleep interrupted
2019-10-22 00:04:54,169 [grpc-default-executor-3] INFO  impl.RoleInfo (RoleInfo.java:updateAndGet(143)) - bec42651-2cde-4fcc-b688-684a384bc6fb: start FollowerState
2019-10-22 00:04:54,185 [0d315fbd-ade0-427f-8a57-9b8f4a7ccba2@group-452902F59078-LeaderElection25] INFO  impl.LeaderElection (LeaderElection.java:logAndReturn(56)) - 0d315fbd-ade0-427f-8a57-9b8f4a7ccba2@group-452902F59078-LeaderElection25: Election REJECTED; received 2 response(s) [0d315fbd-ade0-427f-8a57-9b8f4a7ccba2<-fe2f4460-1173-45ac-8f62-3ccbe442b4a3#0:FAIL-t23, 0d315fbd-ade0-427f-8a57-9b8f4a7ccba2<-bec42651-2cde-4fcc-b688-684a384bc6fb#0:FAIL-t23] and 0 exception(s); 0d315fbd-ade0-427f-8a57-9b8f4a7ccba2@group-452902F59078:t23, leader=null, voted=0d315fbd-ade0-427f-8a57-9b8f4a7ccba2, raftlog=0d315fbd-ade0-427f-8a57-9b8f4a7ccba2@group-452902F59078-SegmentedRaftLog:OPENED:c3,f4,i4, conf=0: [fe2f4460-1173-45ac-8f62-3ccbe442b4a3:192.168.157.254:43148, bec42651-2cde-4fcc-b688-684a384bc6fb:192.168.157.254:46415, 0d315fbd-ade0-427f-8a57-9b8f4a7ccba2:192.168.157.254:43029], old=null
2019-10-22 00:04:54,185 [0d315fbd-ade0-427f-8a57-9b8f4a7ccba2@group-452902F59078-LeaderElection25] INFO  impl.RaftServerImpl (RaftServerImpl.java:setRole(184)) - 0d315fbd-ade0-427f-8a57-9b8f4a7ccba2@group-452902F59078: changes role from CANDIDATE to FOLLOWER at term 23 for DISCOVERED_A_NEW_TERM
2019-10-22 00:04:54,185 [0d315fbd-ade0-427f-8a57-9b8f4a7ccba2@group-452902F59078-LeaderElection25] INFO  impl.RoleInfo (RoleInfo.java:shutdownLeaderElection(134)) - 0d315fbd-ade0-427f-8a57-9b8f4a7ccba2: shutdown LeaderElection
2019-10-22 00:04:54,185 [0d315fbd-ade0-427f-8a57-9b8f4a7ccba2@group-452902F59078-LeaderElection25] INFO  impl.RoleInfo (RoleInfo.java:updateAndGet(143)) - 0d315fbd-ade0-427f-8a57-9b8f4a7ccba2: start FollowerState
2019-10-22 00:04:54,248 [BlockDeletingService#3] WARN  background.BlockDeletingService (BlockDeletingService.java:isDeletionAllowed(187)) - Close Container log Index 6 is not replicated across allthe servers in the pipeline c00d4cd3-293b-4d2c-9f2c-452902f59078 as the min replicated index is 4. Deletion is not allowed in this container yet.
2019-10-22 00:04:54,250 [BlockDeletingService#8] WARN  background.BlockDeletingService (BlockDeletingService.java:isDeletionAllowed(187)) - Close Container log Index 6 is not replicated across allthe servers in the pipeline c00d4cd3-293b-4d2c-9f2c-452902f59078 as the min replicated index is 4. Deletion is not allowed in this container yet.
2019-10-22 00:04:54,271 [Thread-708] INFO  impl.FollowerState (FollowerState.java:run(108)) - 0d315fbd-ade0-427f-8a57-9b8f4a7ccba2@group-452902F59078-FollowerState: change to CANDIDATE, lastRpcTime:86ms, electionTimeout:86ms
2019-10-22 00:04:54,272 [Thread-708] INFO  impl.RoleInfo (RoleInfo.java:shutdownFollowerState(121)) - 0d315fbd-ade0-427f-8a57-9b8f4a7ccba2: shutdown FollowerState
2019-10-22 00:04:54,272 [Thread-708] INFO  impl.RaftServerImpl (RaftServerImpl.java:setRole(184)) - 0d315fbd-ade0-427f-8a57-9b8f4a7ccba2@group-452902F59078: changes role from  FOLLOWER to CANDIDATE at term 23 for changeToCandidate
2019-10-22 00:04:54,272 [Thread-708] INFO  impl.RoleInfo (RoleInfo.java:updateAndGet(143)) - 0d315fbd-ade0-427f-8a57-9b8f4a7ccba2: start LeaderElection
2019-10-22 00:04:54,285 [0d315fbd-ade0-427f-8a57-9b8f4a7ccba2@group-452902F59078-LeaderElection26] INFO  impl.LeaderElection (LeaderElection.java:askForVotes(178)) - 0d315fbd-ade0-427f-8a57-9b8f4a7ccba2@group-452902F59078-LeaderElection26: begin an election at term 24 for 0: [fe2f4460-1173-45ac-8f62-3ccbe442b4a3:192.168.157.254:43148, bec42651-2cde-4fcc-b688-684a384bc6fb:192.168.157.254:46415, 0d315fbd-ade0-427f-8a57-9b8f4a7ccba2:192.168.157.254:43029], old=null
2019-10-22 00:04:54,288 [grpc-default-executor-1] INFO  impl.RaftServerImpl (RaftServerImpl.java:setRole(184)) - bec42651-2cde-4fcc-b688-684a384bc6fb@group-452902F59078: changes role from  FOLLOWER to FOLLOWER at term 24 for recognizeCandidate:0d315fbd-ade0-427f-8a57-9b8f4a7ccba2
2019-10-22 00:04:54,288 [grpc-default-executor-3] INFO  impl.RaftServerImpl (RaftServerImpl.java:setRole(184)) - fe2f4460-1173-45ac-8f62-3ccbe442b4a3@group-452902F59078: changes role from  FOLLOWER to FOLLOWER at term 24 for recognizeCandidate:0d315fbd-ade0-427f-8a57-9b8f4a7ccba2
2019-10-22 00:04:54,288 [grpc-default-executor-1] INFO  impl.RoleInfo (RoleInfo.java:shutdownFollowerState(121)) - bec42651-2cde-4fcc-b688-684a384bc6fb: shutdown FollowerState
2019-10-22 00:04:54,289 [grpc-default-executor-3] INFO  impl.RoleInfo (RoleInfo.java:shutdownFollowerState(121)) - fe2f4460-1173-45ac-8f62-3ccbe442b4a3: shutdown FollowerState
2019-10-22 00:04:54,289 [grpc-default-executor-1] INFO  impl.RoleInfo (RoleInfo.java:updateAndGet(143)) - bec42651-2cde-4fcc-b688-684a384bc6fb: start FollowerState
2019-10-22 00:04:54,289 [Thread-706] INFO  impl.FollowerState (FollowerState.java:run(117)) - fe2f4460-1173-45ac-8f62-3ccbe442b4a3@group-452902F59078-FollowerState was interrupted: java.lang.InterruptedException: sleep interrupted
2019-10-22 00:04:54,289 [grpc-default-executor-3] INFO  impl.RoleInfo (RoleInfo.java:updateAndGet(143)) - fe2f4460-1173-45ac-8f62-3ccbe442b4a3: start FollowerState
2019-10-22 00:04:54,289 [Thread-707] INFO  impl.FollowerState (FollowerState.java:run(117)) - bec42651-2cde-4fcc-b688-684a384bc6fb@group-452902F59078-FollowerState was interrupted: java.lang.InterruptedException: sleep interrupted
2019-10-22 00:04:54,304 [0d315fbd-ade0-427f-8a57-9b8f4a7ccba2@group-452902F59078-LeaderElection26] INFO  impl.LeaderElection (LeaderElection.java:logAndReturn(56)) - 0d315fbd-ade0-427f-8a57-9b8f4a7ccba2@group-452902F59078-LeaderElection26: Election REJECTED; received 2 response(s) [0d315fbd-ade0-427f-8a57-9b8f4a7ccba2<-fe2f4460-1173-45ac-8f62-3ccbe442b4a3#0:FAIL-t24, 0d315fbd-ade0-427f-8a57-9b8f4a7ccba2<-bec42651-2cde-4fcc-b688-684a384bc6fb#0:FAIL-t24] and 0 exception(s); 0d315fbd-ade0-427f-8a57-9b8f4a7ccba2@group-452902F59078:t24, leader=null, voted=0d315fbd-ade0-427f-8a57-9b8f4a7ccba2, raftlog=0d315fbd-ade0-427f-8a57-9b8f4a7ccba2@group-452902F59078-SegmentedRaftLog:OPENED:c3,f4,i4, conf=0: [fe2f4460-1173-45ac-8f62-3ccbe442b4a3:192.168.157.254:43148, bec42651-2cde-4fcc-b688-684a384bc6fb:192.168.157.254:46415, 0d315fbd-ade0-427f-8a57-9b8f4a7ccba2:192.168.157.254:43029], old=null
2019-10-22 00:04:54,304 [0d315fbd-ade0-427f-8a57-9b8f4a7ccba2@group-452902F59078-LeaderElection26] INFO  impl.RaftServerImpl (RaftServerImpl.java:setRole(184)) - 0d315fbd-ade0-427f-8a57-9b8f4a7ccba2@group-452902F59078: changes role from CANDIDATE to FOLLOWER at term 24 for DISCOVERED_A_NEW_TERM
2019-10-22 00:04:54,304 [0d315fbd-ade0-427f-8a57-9b8f4a7ccba2@group-452902F59078-LeaderElection26] INFO  impl.RoleInfo (RoleInfo.java:shutdownLeaderElection(134)) - 0d315fbd-ade0-427f-8a57-9b8f4a7ccba2: shutdown LeaderElection
2019-10-22 00:04:54,304 [0d315fbd-ade0-427f-8a57-9b8f4a7ccba2@group-452902F59078-LeaderElection26] INFO  impl.RoleInfo (RoleInfo.java:updateAndGet(143)) - 0d315fbd-ade0-427f-8a57-9b8f4a7ccba2: start FollowerState
2019-10-22 00:04:54,480 [Thread-716] INFO  impl.FollowerState (FollowerState.java:run(108)) - 0d315fbd-ade0-427f-8a57-9b8f4a7ccba2@group-452902F59078-FollowerState: change to CANDIDATE, lastRpcTime:175ms, electionTimeout:175ms
2019-10-22 00:04:54,481 [Thread-716] INFO  impl.RoleInfo (RoleInfo.java:shutdownFollowerState(121)) - 0d315fbd-ade0-427f-8a57-9b8f4a7ccba2: shutdown FollowerState
2019-10-22 00:04:54,481 [Thread-716] INFO  impl.RaftServerImpl (RaftServerImpl.java:setRole(184)) - 0d315fbd-ade0-427f-8a57-9b8f4a7ccba2@group-452902F59078: changes role from  FOLLOWER to CANDIDATE at term 24 for changeToCandidate
2019-10-22 00:04:54,481 [Thread-716] INFO  impl.RoleInfo (RoleInfo.java:updateAndGet(143)) - 0d315fbd-ade0-427f-8a57-9b8f4a7ccba2: start LeaderElection
2019-10-22 00:04:54,534 [0d315fbd-ade0-427f-8a57-9b8f4a7ccba2@group-452902F59078-LeaderElection27] INFO  impl.LeaderElection (LeaderElection.java:askForVotes(178)) - 0d315fbd-ade0-427f-8a57-9b8f4a7ccba2@group-452902F59078-LeaderElection27: begin an election at term 25 for 0: [fe2f4460-1173-45ac-8f62-3ccbe442b4a3:192.168.157.254:43148, bec42651-2cde-4fcc-b688-684a384bc6fb:192.168.157.254:46415, 0d315fbd-ade0-427f-8a57-9b8f4a7ccba2:192.168.157.254:43029], old=null
2019-10-22 00:04:54,537 [grpc-default-executor-3] INFO  impl.RaftServerImpl (RaftServerImpl.java:setRole(184)) - fe2f4460-1173-45ac-8f62-3ccbe442b4a3@group-452902F59078: changes role from  FOLLOWER to FOLLOWER at term 25 for recognizeCandidate:0d315fbd-ade0-427f-8a57-9b8f4a7ccba2
2019-10-22 00:04:54,537 [grpc-default-executor-1] INFO  impl.RaftServerImpl (RaftServerImpl.java:setRole(184)) - bec42651-2cde-4fcc-b688-684a384bc6fb@group-452902F59078: changes role from  FOLLOWER to FOLLOWER at term 25 for recognizeCandidate:0d315fbd-ade0-427f-8a57-9b8f4a7ccba2
2019-10-22 00:04:54,537 [grpc-default-executor-3] INFO  impl.RoleInfo (RoleInfo.java:shutdownFollowerState(121)) - fe2f4460-1173-45ac-8f62-3ccbe442b4a3: shutdown FollowerState
2019-10-22 00:04:54,537 [grpc-default-executor-1] INFO  impl.RoleInfo (RoleInfo.java:shutdownFollowerState(121)) - bec42651-2cde-4fcc-b688-684a384bc6fb: shutdown FollowerState
2019-10-22 00:04:54,537 [Thread-715] INFO  impl.FollowerState (FollowerState.java:run(117)) - fe2f4460-1173-45ac-8f62-3ccbe442b4a3@group-452902F59078-FollowerState was interrupted: java.lang.InterruptedException: sleep interrupted
2019-10-22 00:04:54,538 [grpc-default-executor-1] INFO  impl.RoleInfo (RoleInfo.java:updateAndGet(143)) - bec42651-2cde-4fcc-b688-684a384bc6fb: start FollowerState
2019-10-22 00:04:54,537 [grpc-default-executor-3] INFO  impl.RoleInfo (RoleInfo.java:updateAndGet(143)) - fe2f4460-1173-45ac-8f62-3ccbe442b4a3: start FollowerState
2019-10-22 00:04:54,537 [Thread-714] INFO  impl.FollowerState (FollowerState.java:run(117)) - bec42651-2cde-4fcc-b688-684a384bc6fb@group-452902F59078-FollowerState was interrupted: java.lang.InterruptedException: sleep interrupted
2019-10-22 00:04:54,583 [0d315fbd-ade0-427f-8a57-9b8f4a7ccba2@group-452902F59078-LeaderElection27] INFO  impl.LeaderElection (LeaderElection.java:logAndReturn(56)) - 0d315fbd-ade0-427f-8a57-9b8f4a7ccba2@group-452902F59078-LeaderElection27: Election REJECTED; received 2 response(s) [0d315fbd-ade0-427f-8a57-9b8f4a7ccba2<-fe2f4460-1173-45ac-8f62-3ccbe442b4a3#0:FAIL-t25, 0d315fbd-ade0-427f-8a57-9b8f4a7ccba2<-bec42651-2cde-4fcc-b688-684a384bc6fb#0:FAIL-t25] and 0 exception(s); 0d315fbd-ade0-427f-8a57-9b8f4a7ccba2@group-452902F59078:t25, leader=null, voted=0d315fbd-ade0-427f-8a57-9b8f4a7ccba2, raftlog=0d315fbd-ade0-427f-8a57-9b8f4a7ccba2@group-452902F59078-SegmentedRaftLog:OPENED:c3,f4,i4, conf=0: [fe2f4460-1173-45ac-8f62-3ccbe442b4a3:192.168.157.254:43148, bec42651-2cde-4fcc-b688-684a384bc6fb:192.168.157.254:46415, 0d315fbd-ade0-427f-8a57-9b8f4a7ccba2:192.168.157.254:43029], old=null
2019-10-22 00:04:54,583 [0d315fbd-ade0-427f-8a57-9b8f4a7ccba2@group-452902F59078-LeaderElection27] INFO  impl.RaftServerImpl (RaftServerImpl.java:setRole(184)) - 0d315fbd-ade0-427f-8a57-9b8f4a7ccba2@group-452902F59078: changes role from CANDIDATE to FOLLOWER at term 25 for DISCOVERED_A_NEW_TERM
2019-10-22 00:04:54,583 [0d315fbd-ade0-427f-8a57-9b8f4a7ccba2@group-452902F59078-LeaderElection27] INFO  impl.RoleInfo (RoleInfo.java:shutdownLeaderElection(134)) - 0d315fbd-ade0-427f-8a57-9b8f4a7ccba2: shutdown LeaderElection
2019-10-22 00:04:54,584 [0d315fbd-ade0-427f-8a57-9b8f4a7ccba2@group-452902F59078-LeaderElection27] INFO  impl.RoleInfo (RoleInfo.java:updateAndGet(143)) - 0d315fbd-ade0-427f-8a57-9b8f4a7ccba2: start FollowerState
2019-10-22 00:04:54,740 [Thread-722] INFO  impl.FollowerState (FollowerState.java:run(108)) - 0d315fbd-ade0-427f-8a57-9b8f4a7ccba2@group-452902F59078-FollowerState: change to CANDIDATE, lastRpcTime:156ms, electionTimeout:156ms
2019-10-22 00:04:54,741 [Thread-722] INFO  impl.RoleInfo (RoleInfo.java:shutdownFollowerState(121)) - 0d315fbd-ade0-427f-8a57-9b8f4a7ccba2: shutdown FollowerState
2019-10-22 00:04:54,742 [Thread-722] INFO  impl.RaftServerImpl (RaftServerImpl.java:setRole(184)) - 0d315fbd-ade0-427f-8a57-9b8f4a7ccba2@group-452902F59078: changes role from  FOLLOWER to CANDIDATE at term 25 for changeToCandidate
2019-10-22 00:04:54,742 [Thread-722] INFO  impl.RoleInfo (RoleInfo.java:updateAndGet(143)) - 0d315fbd-ade0-427f-8a57-9b8f4a7ccba2: start LeaderElection
2019-10-22 00:04:54,748 [0d315fbd-ade0-427f-8a57-9b8f4a7ccba2@group-452902F59078-LeaderElection28] INFO  impl.LeaderElection (LeaderElection.java:askForVotes(178)) - 0d315fbd-ade0-427f-8a57-9b8f4a7ccba2@group-452902F59078-LeaderElection28: begin an election at term 26 for 0: [fe2f4460-1173-45ac-8f62-3ccbe442b4a3:192.168.157.254:43148, bec42651-2cde-4fcc-b688-684a384bc6fb:192.168.157.254:46415, 0d315fbd-ade0-427f-8a57-9b8f4a7ccba2:192.168.157.254:43029], old=null
2019-10-22 00:04:54,751 [grpc-default-executor-1] INFO  impl.RaftServerImpl (RaftServerImpl.java:setRole(184)) - fe2f4460-1173-45ac-8f62-3ccbe442b4a3@group-452902F59078: changes role from  FOLLOWER to FOLLOWER at term 26 for recognizeCandidate:0d315fbd-ade0-427f-8a57-9b8f4a7ccba2
2019-10-22 00:04:54,751 [grpc-default-executor-3] INFO  impl.RaftServerImpl (RaftServerImpl.java:setRole(184)) - bec42651-2cde-4fcc-b688-684a384bc6fb@group-452902F59078: changes role from  FOLLOWER to FOLLOWER at term 26 for recognizeCandidate:0d315fbd-ade0-427f-8a57-9b8f4a7ccba2
2019-10-22 00:04:54,751 [grpc-default-executor-1] INFO  impl.RoleInfo (RoleInfo.java:shutdownFollowerState(121)) - fe2f4460-1173-45ac-8f62-3ccbe442b4a3: shutdown FollowerState
2019-10-22 00:04:54,751 [grpc-default-executor-3] INFO  impl.RoleInfo (RoleInfo.java:shutdownFollowerState(121)) - bec42651-2cde-4fcc-b688-684a384bc6fb: shutdown FollowerState
2019-10-22 00:04:54,752 [Thread-720] INFO  impl.FollowerState (FollowerState.java:run(117)) - fe2f4460-1173-45ac-8f62-3ccbe442b4a3@group-452902F59078-FollowerState was interrupted: java.lang.InterruptedException: sleep interrupted
2019-10-22 00:04:54,752 [grpc-default-executor-1] INFO  impl.RoleInfo (RoleInfo.java:updateAndGet(143)) - fe2f4460-1173-45ac-8f62-3ccbe442b4a3: start FollowerState
2019-10-22 00:04:54,752 [Thread-721] INFO  impl.FollowerState (FollowerState.java:run(117)) - bec42651-2cde-4fcc-b688-684a384bc6fb@group-452902F59078-FollowerState was interrupted: java.lang.InterruptedException: sleep interrupted
2019-10-22 00:04:54,752 [grpc-default-executor-3] INFO  impl.RoleInfo (RoleInfo.java:updateAndGet(143)) - bec42651-2cde-4fcc-b688-684a384bc6fb: start FollowerState
2019-10-22 00:04:54,758 [0d315fbd-ade0-427f-8a57-9b8f4a7ccba2@group-452902F59078-LeaderElection28] INFO  impl.LeaderElection (LeaderElection.java:logAndReturn(56)) - 0d315fbd-ade0-427f-8a57-9b8f4a7ccba2@group-452902F59078-LeaderElection28: Election REJECTED; received 2 response(s) [0d315fbd-ade0-427f-8a57-9b8f4a7ccba2<-fe2f4460-1173-45ac-8f62-3ccbe442b4a3#0:FAIL-t26, 0d315fbd-ade0-427f-8a57-9b8f4a7ccba2<-bec42651-2cde-4fcc-b688-684a384bc6fb#0:FAIL-t26] and 0 exception(s); 0d315fbd-ade0-427f-8a57-9b8f4a7ccba2@group-452902F59078:t26, leader=null, voted=0d315fbd-ade0-427f-8a57-9b8f4a7ccba2, raftlog=0d315fbd-ade0-427f-8a57-9b8f4a7ccba2@group-452902F59078-SegmentedRaftLog:OPENED:c3,f4,i4, conf=0: [fe2f4460-1173-45ac-8f62-3ccbe442b4a3:192.168.157.254:43148, bec42651-2cde-4fcc-b688-684a384bc6fb:192.168.157.254:46415, 0d315fbd-ade0-427f-8a57-9b8f4a7ccba2:192.168.157.254:43029], old=null
2019-10-22 00:04:54,759 [0d315fbd-ade0-427f-8a57-9b8f4a7ccba2@group-452902F59078-LeaderElection28] INFO  impl.RaftServerImpl (RaftServerImpl.java:setRole(184)) - 0d315fbd-ade0-427f-8a57-9b8f4a7ccba2@group-452902F59078: changes role from CANDIDATE to FOLLOWER at term 26 for DISCOVERED_A_NEW_TERM
2019-10-22 00:04:54,759 [0d315fbd-ade0-427f-8a57-9b8f4a7ccba2@group-452902F59078-LeaderElection28] INFO  impl.RoleInfo (RoleInfo.java:shutdownLeaderElection(134)) - 0d315fbd-ade0-427f-8a57-9b8f4a7ccba2: shutdown LeaderElection
2019-10-22 00:04:54,759 [0d315fbd-ade0-427f-8a57-9b8f4a7ccba2@group-452902F59078-LeaderElection28] INFO  impl.RoleInfo (RoleInfo.java:updateAndGet(143)) - 0d315fbd-ade0-427f-8a57-9b8f4a7ccba2: start FollowerState
2019-10-22 00:04:54,806 [EventQueue-PendingDeleteStatusForPendingDeleteHandler] INFO  block.SCMBlockDeletingService (SCMBlockDeletingService.java:handlePendingDeletes(115)) - Block deletion txnID mismatch in datanode 0d315fbd-ade0-427f-8a57-9b8f4a7ccba2 for containerID 1. Datanode delete txnID: 0, SCM txnID: 1
2019-10-22 00:04:54,831 [pool-7-thread-5] INFO  commands.RetriableDatanodeEventWatcher (RetriableDatanodeEventWatcher.java:onTimeout(47)) - RetriableDatanodeCommand type=deleteBlocksCommand with id=1571702687826 timed out. Retrying.
2019-10-22 00:04:54,831 [pool-7-thread-7] INFO  commands.RetriableDatanodeEventWatcher (RetriableDatanodeEventWatcher.java:onTimeout(47)) - RetriableDatanodeCommand type=deleteBlocksCommand with id=1571702687829 timed out. Retrying.
2019-10-22 00:04:54,831 [pool-7-thread-1] INFO  commands.RetriableDatanodeEventWatcher (RetriableDatanodeEventWatcher.java:onTimeout(47)) - RetriableDatanodeCommand type=deleteBlocksCommand with id=1571702687821 timed out. Retrying.
2019-10-22 00:04:54,832 [pool-7-thread-4] INFO  commands.RetriableDatanodeEventWatcher (RetriableDatanodeEventWatcher.java:onTimeout(47)) - RetriableDatanodeCommand type=deleteBlocksCommand with id=1571702687828 timed out. Retrying.
2019-10-22 00:04:54,832 [pool-7-thread-6] INFO  commands.RetriableDatanodeEventWatcher (RetriableDatanodeEventWatcher.java:onTimeout(47)) - RetriableDatanodeCommand type=deleteBlocksCommand with id=1571702687825 timed out. Retrying.
2019-10-22 00:04:54,832 [pool-7-thread-2] INFO  commands.RetriableDatanodeEventWatcher (RetriableDatanodeEventWatcher.java:onTimeout(47)) - RetriableDatanodeCommand type=deleteBlocksCommand with id=1571702687824 timed out. Retrying.
2019-10-22 00:04:54,832 [SCMBlockDeletingService#1] INFO  block.SCMBlockDeletingService (SCMBlockDeletingService.java:call(184)) - Totally added 1 delete blocks command for 1 datanodes, task elapsed time: 1ms
2019-10-22 00:04:54,832 [pool-7-thread-3] INFO  commands.RetriableDatanodeEventWatcher (RetriableDatanodeEventWatcher.java:onTimeout(47)) - RetriableDatanodeCommand type=deleteBlocksCommand with id=1571702687827 timed out. Retrying.
2019-10-22 00:04:54,836 [Thread-728] INFO  impl.FollowerState (FollowerState.java:run(108)) - 0d315fbd-ade0-427f-8a57-9b8f4a7ccba2@group-452902F59078-FollowerState: change to CANDIDATE, lastRpcTime:77ms, electionTimeout:77ms
2019-10-22 00:04:54,836 [Thread-728] INFO  impl.RoleInfo (RoleInfo.java:shutdownFollowerState(121)) - 0d315fbd-ade0-427f-8a57-9b8f4a7ccba2: shutdown FollowerState
2019-10-22 00:04:54,836 [Thread-728] INFO  impl.RaftServerImpl (RaftServerImpl.java:setRole(184)) - 0d315fbd-ade0-427f-8a57-9b8f4a7ccba2@group-452902F59078: changes role from  FOLLOWER to CANDIDATE at term 26 for changeToCandidate
2019-10-22 00:04:54,836 [Thread-728] INFO  impl.RoleInfo (RoleInfo.java:updateAndGet(143)) - 0d315fbd-ade0-427f-8a57-9b8f4a7ccba2: start LeaderElection
2019-10-22 00:04:54,862 [0d315fbd-ade0-427f-8a57-9b8f4a7ccba2@group-452902F59078-LeaderElection29] INFO  impl.LeaderElection (LeaderElection.java:askForVotes(178)) - 0d315fbd-ade0-427f-8a57-9b8f4a7ccba2@group-452902F59078-LeaderElection29: begin an election at term 27 for 0: [fe2f4460-1173-45ac-8f62-3ccbe442b4a3:192.168.157.254:43148, bec42651-2cde-4fcc-b688-684a384bc6fb:192.168.157.254:46415, 0d315fbd-ade0-427f-8a57-9b8f4a7ccba2:192.168.157.254:43029], old=null
2019-10-22 00:04:54,865 [grpc-default-executor-3] INFO  impl.RaftServerImpl (RaftServerImpl.java:setRole(184)) - bec42651-2cde-4fcc-b688-684a384bc6fb@group-452902F59078: changes role from  FOLLOWER to FOLLOWER at term 27 for recognizeCandidate:0d315fbd-ade0-427f-8a57-9b8f4a7ccba2
2019-10-22 00:04:54,865 [grpc-default-executor-3] INFO  impl.RoleInfo (RoleInfo.java:shutdownFollowerState(121)) - bec42651-2cde-4fcc-b688-684a384bc6fb: shutdown FollowerState
2019-10-22 00:04:54,865 [grpc-default-executor-1] INFO  impl.RaftServerImpl (RaftServerImpl.java:setRole(184)) - fe2f4460-1173-45ac-8f62-3ccbe442b4a3@group-452902F59078: changes role from  FOLLOWER to FOLLOWER at term 27 for recognizeCandidate:0d315fbd-ade0-427f-8a57-9b8f4a7ccba2
2019-10-22 00:04:54,865 [Thread-727] INFO  impl.FollowerState (FollowerState.java:run(117)) - bec42651-2cde-4fcc-b688-684a384bc6fb@group-452902F59078-FollowerState was interrupted: java.lang.InterruptedException: sleep interrupted
2019-10-22 00:04:54,865 [grpc-default-executor-3] INFO  impl.RoleInfo (RoleInfo.java:updateAndGet(143)) - bec42651-2cde-4fcc-b688-684a384bc6fb: start FollowerState
2019-10-22 00:04:54,865 [grpc-default-executor-1] INFO  impl.RoleInfo (RoleInfo.java:shutdownFollowerState(121)) - fe2f4460-1173-45ac-8f62-3ccbe442b4a3: shutdown FollowerState
2019-10-22 00:04:54,866 [grpc-default-executor-1] INFO  impl.RoleInfo (RoleInfo.java:updateAndGet(143)) - fe2f4460-1173-45ac-8f62-3ccbe442b4a3: start FollowerState
2019-10-22 00:04:54,866 [Thread-726] INFO  impl.FollowerState (FollowerState.java:run(117)) - fe2f4460-1173-45ac-8f62-3ccbe442b4a3@group-452902F59078-FollowerState was interrupted: java.lang.InterruptedException: sleep interrupted
2019-10-22 00:04:54,880 [0d315fbd-ade0-427f-8a57-9b8f4a7ccba2@group-452902F59078-LeaderElection29] INFO  impl.LeaderElection (LeaderElection.java:logAndReturn(56)) - 0d315fbd-ade0-427f-8a57-9b8f4a7ccba2@group-452902F59078-LeaderElection29: Election REJECTED; received 2 response(s) [0d315fbd-ade0-427f-8a57-9b8f4a7ccba2<-fe2f4460-1173-45ac-8f62-3ccbe442b4a3#0:FAIL-t27, 0d315fbd-ade0-427f-8a57-9b8f4a7ccba2<-bec42651-2cde-4fcc-b688-684a384bc6fb#0:FAIL-t27] and 0 exception(s); 0d315fbd-ade0-427f-8a57-9b8f4a7ccba2@group-452902F59078:t27, leader=null, voted=0d315fbd-ade0-427f-8a57-9b8f4a7ccba2, raftlog=0d315fbd-ade0-427f-8a57-9b8f4a7ccba2@group-452902F59078-SegmentedRaftLog:OPENED:c3,f4,i4, conf=0: [fe2f4460-1173-45ac-8f62-3ccbe442b4a3:192.168.157.254:43148, bec42651-2cde-4fcc-b688-684a384bc6fb:192.168.157.254:46415, 0d315fbd-ade0-427f-8a57-9b8f4a7ccba2:192.168.157.254:43029], old=null
2019-10-22 00:04:54,881 [0d315fbd-ade0-427f-8a57-9b8f4a7ccba2@group-452902F59078-LeaderElection29] INFO  impl.RaftServerImpl (RaftServerImpl.java:setRole(184)) - 0d315fbd-ade0-427f-8a57-9b8f4a7ccba2@group-452902F59078: changes role from CANDIDATE to FOLLOWER at term 27 for DISCOVERED_A_NEW_TERM
2019-10-22 00:04:54,881 [0d315fbd-ade0-427f-8a57-9b8f4a7ccba2@group-452902F59078-LeaderElection29] INFO  impl.RoleInfo (RoleInfo.java:shutdownLeaderElection(134)) - 0d315fbd-ade0-427f-8a57-9b8f4a7ccba2: shutdown LeaderElection
2019-10-22 00:04:54,881 [0d315fbd-ade0-427f-8a57-9b8f4a7ccba2@group-452902F59078-LeaderElection29] INFO  impl.RoleInfo (RoleInfo.java:updateAndGet(143)) - 0d315fbd-ade0-427f-8a57-9b8f4a7ccba2: start FollowerState
2019-10-22 00:04:54,917 [grpc-default-executor-3] INFO  impl.RaftServerProxy (RaftServerProxy.java:addNew(89)) - 0d315fbd-ade0-427f-8a57-9b8f4a7ccba2: addNew group-7B32AE755E66:[0d315fbd-ade0-427f-8a57-9b8f4a7ccba2:192.168.157.254:43029] returns group-7B32AE755E66:java.util.concurrent.CompletableFuture@de311c[Not completed]
2019-10-22 00:04:54,922 [pool-59-thread-1] INFO  impl.RaftServerImpl (RaftServerImpl.java:<init>(104)) - 0d315fbd-ade0-427f-8a57-9b8f4a7ccba2: new RaftServerImpl for group-7B32AE755E66:[0d315fbd-ade0-427f-8a57-9b8f4a7ccba2:192.168.157.254:43029] with ContainerStateMachine:uninitialized
2019-10-22 00:04:54,922 [pool-59-thread-1] INFO  server.RaftServerConfigKeys (ConfUtils.java:logGet(43)) - raft.server.rpc.timeout.min = 5s (custom)
2019-10-22 00:04:54,922 [pool-59-thread-1] INFO  server.RaftServerConfigKeys (ConfUtils.java:logGet(43)) - raft.server.rpc.timeout.max = 5200ms (custom)
2019-10-22 00:04:54,923 [pool-59-thread-1] INFO  server.RaftServerConfigKeys (ConfUtils.java:logGet(43)) - raft.server.rpcslowness.timeout = 1000s (custom)
2019-10-22 00:04:54,923 [pool-59-thread-1] INFO  server.RaftServerConfigKeys (ConfUtils.java:logGet(43)) - raft.server.sleep.deviation.threshold = 300 (default)
2019-10-22 00:04:54,923 [pool-59-thread-1] INFO  server.RaftServerConfigKeys (ConfUtils.java:logGet(43)) - raft.server.log.appender.install.snapshot.enabled = false (custom)
2019-10-22 00:04:54,923 [pool-59-thread-1] INFO  impl.RaftServerImpl (ServerState.java:<init>(103)) - 0d315fbd-ade0-427f-8a57-9b8f4a7ccba2@group-7B32AE755E66: ConfigurationManager, init=-1: [0d315fbd-ade0-427f-8a57-9b8f4a7ccba2:192.168.157.254:43029], old=null, confs=<EMPTY_MAP>
2019-10-22 00:04:54,923 [pool-59-thread-1] INFO  server.RaftServerConfigKeys (ConfUtils.java:logGet(43)) - raft.server.storage.dir = [/workdir/hadoop-ozone/integration-test/target/test-dir/MiniOzoneClusterImpl-8b3f1bd7-87d6-49e7-a08b-7cd236893d43/datanode-1/data/ratis] (custom)
2019-10-22 00:04:54,924 [pool-59-thread-1] INFO  server.RaftServerConfigKeys (ConfUtils.java:logGet(43)) - raft.server.log.corruption.policy = EXCEPTION (default)
2019-10-22 00:04:54,924 [pool-59-thread-1] INFO  storage.RaftStorageDirectory (RaftStorageDirectory.java:analyzeStorage(246)) - The storage directory /workdir/hadoop-ozone/integration-test/target/test-dir/MiniOzoneClusterImpl-8b3f1bd7-87d6-49e7-a08b-7cd236893d43/datanode-1/data/ratis/9f2c1b21-33e5-4560-9a8c-7b32ae755e66 does not exist. Creating ...
2019-10-22 00:04:54,929 [pool-59-thread-1] INFO  storage.RaftStorageDirectory (RaftStorageDirectory.java:tryLock(328)) - Lock on /workdir/hadoop-ozone/integration-test/target/test-dir/MiniOzoneClusterImpl-8b3f1bd7-87d6-49e7-a08b-7cd236893d43/datanode-1/data/ratis/9f2c1b21-33e5-4560-9a8c-7b32ae755e66/in_use.lock acquired by nodename 23642@pr-hdds-2343-5q8j9-3338874002
2019-10-22 00:04:54,932 [pool-59-thread-1] INFO  storage.RaftStorage (RaftStorage.java:format(84)) - Storage directory /workdir/hadoop-ozone/integration-test/target/test-dir/MiniOzoneClusterImpl-8b3f1bd7-87d6-49e7-a08b-7cd236893d43/datanode-1/data/ratis/9f2c1b21-33e5-4560-9a8c-7b32ae755e66 has been successfully formatted.
2019-10-22 00:04:54,933 [pool-59-thread-1] INFO  ratis.ContainerStateMachine (ContainerStateMachine.java:loadSnapshot(231)) - group-7B32AE755E66: The snapshot info is null. Setting the last applied indexto:(t:0, i:~)
2019-10-22 00:04:54,933 [pool-59-thread-1] INFO  server.RaftServerConfigKeys (ConfUtils.java:logGet(43)) - raft.server.notification.no-leader.timeout = 1000s (custom)
2019-10-22 00:04:54,933 [pool-59-thread-1] INFO  server.RaftServerConfigKeys (ConfUtils.java:logGet(43)) - raft.server.log.use.memory = false (default)
2019-10-22 00:04:54,933 [pool-59-thread-1] INFO  server.RaftServerConfigKeys (ConfUtils.java:logGet(43)) - raft.server.log.purge.gap = 1000000 (custom)
2019-10-22 00:04:54,933 [pool-59-thread-1] INFO  server.RaftServerConfigKeys (ConfUtils.java:logGet(43)) - raft.server.log.appender.buffer.byte-limit = 33554432 (custom)
2019-10-22 00:04:54,933 [pool-59-thread-1] INFO  server.RaftServerConfigKeys (ConfUtils.java:logGet(43)) - raft.server.log.segment.size.max = 1048576 (custom)
2019-10-22 00:04:54,934 [pool-59-thread-1] INFO  server.RaftServerConfigKeys (ConfUtils.java:logGet(43)) - raft.server.log.segment.cache.num.max = 2 (custom)
2019-10-22 00:04:54,934 [pool-59-thread-1] INFO  segmented.SegmentedRaftLogWorker (SegmentedRaftLogWorker.java:<init>(173)) - new 0d315fbd-ade0-427f-8a57-9b8f4a7ccba2@group-7B32AE755E66-SegmentedRaftLogWorker for RaftStorage:Storage Directory /workdir/hadoop-ozone/integration-test/target/test-dir/MiniOzoneClusterImpl-8b3f1bd7-87d6-49e7-a08b-7cd236893d43/datanode-1/data/ratis/9f2c1b21-33e5-4560-9a8c-7b32ae755e66
2019-10-22 00:04:54,934 [pool-59-thread-1] INFO  server.RaftServerConfigKeys (ConfUtils.java:logGet(43)) - raft.server.log.queue.byte-limit = 2147483647 (custom)
2019-10-22 00:04:54,934 [pool-59-thread-1] INFO  server.RaftServerConfigKeys (ConfUtils.java:logGet(43)) - raft.server.log.queue.element-limit = 1024 (custom)
2019-10-22 00:04:54,935 [pool-59-thread-1] INFO  server.RaftServerConfigKeys (ConfUtils.java:logGet(43)) - raft.server.log.segment.size.max = 1048576 (custom)
2019-10-22 00:04:54,935 [pool-59-thread-1] INFO  server.RaftServerConfigKeys (ConfUtils.java:logGet(43)) - raft.server.log.preallocated.size = 16384 (custom)
2019-10-22 00:04:54,935 [pool-59-thread-1] INFO  server.RaftServerConfigKeys (ConfUtils.java:logGet(43)) - raft.server.log.write.buffer.size = 33554432 (custom)
2019-10-22 00:04:54,935 [pool-59-thread-1] INFO  server.RaftServerConfigKeys (ConfUtils.java:logGet(43)) - raft.server.log.force.sync.num = 128 (default)
2019-10-22 00:04:54,935 [pool-59-thread-1] INFO  server.RaftServerConfigKeys (ConfUtils.java:logGet(43)) - raft.server.log.statemachine.data.sync = true (default)
2019-10-22 00:04:54,935 [pool-59-thread-1] INFO  server.RaftServerConfigKeys (ConfUtils.java:logGet(43)) - raft.server.log.statemachine.data.sync.timeout = 10s (default)
2019-10-22 00:04:54,935 [pool-59-thread-1] INFO  server.RaftServerConfigKeys (ConfUtils.java:logGet(43)) - raft.server.log.statemachine.data.sync.timeout.retry = -1 (default)
2019-10-22 00:04:54,936 [pool-59-thread-1] INFO  server.RaftServerConfigKeys (ConfUtils.java:logGet(43)) - raft.server.log.statemachine.data.caching.enabled = true (custom)
2019-10-22 00:04:54,936 [pool-59-thread-1] INFO  segmented.SegmentedRaftLogWorker (SegmentedRaftLogWorker.java:lambda$new$0(128)) - 0d315fbd-ade0-427f-8a57-9b8f4a7ccba2@group-7B32AE755E66-SegmentedRaftLogWorker: flushIndex: setUnconditionally 0 -> -1
2019-10-22 00:04:54,936 [pool-59-thread-1] INFO  server.RaftServerConfigKeys (ConfUtils.java:logGet(43)) - raft.server.snapshot.auto.trigger.enabled = true (custom)
2019-10-22 00:04:54,937 [pool-59-thread-1] INFO  server.RaftServerConfigKeys (ConfUtils.java:logGet(43)) - raft.server.snapshot.auto.trigger.threshold = 10000 (custom)
2019-10-22 00:04:54,937 [pool-59-thread-1] INFO  server.RaftServerConfigKeys (ConfUtils.java:logGet(43)) - raft.server.snapshot.retention.file.num = 5 (custom)
2019-10-22 00:04:54,937 [pool-59-thread-1] INFO  server.RaftServerConfigKeys (ConfUtils.java:logGet(43)) - raft.server.retrycache.expirytime = 600000ms (custom)
2019-10-22 00:04:54,941 [pool-59-thread-1] INFO  impl.RaftServerImpl (RaftServerImpl.java:start(195)) - 0d315fbd-ade0-427f-8a57-9b8f4a7ccba2@group-7B32AE755E66: start as a follower, conf=-1: [0d315fbd-ade0-427f-8a57-9b8f4a7ccba2:192.168.157.254:43029], old=null
2019-10-22 00:04:54,941 [pool-59-thread-1] INFO  impl.RaftServerImpl (RaftServerImpl.java:setRole(184)) - 0d315fbd-ade0-427f-8a57-9b8f4a7ccba2@group-7B32AE755E66: changes role from      null to FOLLOWER at term 0 for startAsFollower
2019-10-22 00:04:54,941 [pool-59-thread-1] INFO  impl.RoleInfo (RoleInfo.java:updateAndGet(143)) - 0d315fbd-ade0-427f-8a57-9b8f4a7ccba2: start FollowerState
2019-10-22 00:04:54,942 [pool-59-thread-1] INFO  util.JmxRegister (JmxRegister.java:tryRegister(44)) - Successfully registered JMX Bean with object name Ratis:service=RaftServer,group=group-7B32AE755E66,id=0d315fbd-ade0-427f-8a57-9b8f4a7ccba2
2019-10-22 00:04:54,949 [RatisPipelineUtilsThread] INFO  pipeline.PipelineStateManager (PipelineStateManager.java:addPipeline(56)) - Created pipeline Pipeline[ Id: 9f2c1b21-33e5-4560-9a8c-7b32ae755e66, Nodes: 0d315fbd-ade0-427f-8a57-9b8f4a7ccba2{ip: 192.168.157.254, host: pr-hdds-2343-5q8j9-3338874002, networkLocation: /default-rack, certSerialId: null}, Type:RATIS, Factor:ONE, State:OPEN]
2019-10-22 00:04:54,967 [grpc-default-executor-1] INFO  impl.RaftServerProxy (RaftServerProxy.java:addNew(89)) - bec42651-2cde-4fcc-b688-684a384bc6fb: addNew group-00D4BCF0FDF3:[fe2f4460-1173-45ac-8f62-3ccbe442b4a3:192.168.157.254:43148, bec42651-2cde-4fcc-b688-684a384bc6fb:192.168.157.254:46415, 0d315fbd-ade0-427f-8a57-9b8f4a7ccba2:192.168.157.254:43029] returns group-00D4BCF0FDF3:java.util.concurrent.CompletableFuture@fab402d[Not completed]
2019-10-22 00:04:54,967 [grpc-default-executor-3] INFO  impl.RaftServerProxy (RaftServerProxy.java:addNew(89)) - 0d315fbd-ade0-427f-8a57-9b8f4a7ccba2: addNew group-00D4BCF0FDF3:[fe2f4460-1173-45ac-8f62-3ccbe442b4a3:192.168.157.254:43148, bec42651-2cde-4fcc-b688-684a384bc6fb:192.168.157.254:46415, 0d315fbd-ade0-427f-8a57-9b8f4a7ccba2:192.168.157.254:43029] returns group-00D4BCF0FDF3:java.util.concurrent.CompletableFuture@220b0047[Not completed]
2019-10-22 00:04:54,968 [grpc-default-executor-3] INFO  impl.RaftServerProxy (RaftServerProxy.java:addNew(89)) - fe2f4460-1173-45ac-8f62-3ccbe442b4a3: addNew group-00D4BCF0FDF3:[fe2f4460-1173-45ac-8f62-3ccbe442b4a3:192.168.157.254:43148, bec42651-2cde-4fcc-b688-684a384bc6fb:192.168.157.254:46415, 0d315fbd-ade0-427f-8a57-9b8f4a7ccba2:192.168.157.254:43029] returns group-00D4BCF0FDF3:java.util.concurrent.CompletableFuture@53ac83cb[Not completed]
2019-10-22 00:04:54,968 [pool-27-thread-1] INFO  impl.RaftServerImpl (RaftServerImpl.java:<init>(104)) - bec42651-2cde-4fcc-b688-684a384bc6fb: new RaftServerImpl for group-00D4BCF0FDF3:[fe2f4460-1173-45ac-8f62-3ccbe442b4a3:192.168.157.254:43148, bec42651-2cde-4fcc-b688-684a384bc6fb:192.168.157.254:46415, 0d315fbd-ade0-427f-8a57-9b8f4a7ccba2:192.168.157.254:43029] with ContainerStateMachine:uninitialized
2019-10-22 00:04:54,968 [pool-27-thread-1] INFO  server.RaftServerConfigKeys (ConfUtils.java:logGet(43)) - raft.server.rpc.timeout.min = 5s (custom)
2019-10-22 00:04:54,968 [pool-27-thread-1] INFO  server.RaftServerConfigKeys (ConfUtils.java:logGet(43)) - raft.server.rpc.timeout.max = 5200ms (custom)
2019-10-22 00:04:54,968 [pool-27-thread-1] INFO  server.RaftServerConfigKeys (ConfUtils.java:logGet(43)) - raft.server.rpcslowness.timeout = 1000s (custom)
2019-10-22 00:04:54,968 [pool-27-thread-1] INFO  server.RaftServerConfigKeys (ConfUtils.java:logGet(43)) - raft.server.sleep.deviation.threshold = 300 (default)
2019-10-22 00:04:54,969 [pool-27-thread-1] INFO  server.RaftServerConfigKeys (ConfUtils.java:logGet(43)) - raft.server.log.appender.install.snapshot.enabled = false (custom)
2019-10-22 00:04:54,969 [pool-27-thread-1] INFO  impl.RaftServerImpl (ServerState.java:<init>(103)) - bec42651-2cde-4fcc-b688-684a384bc6fb@group-00D4BCF0FDF3: ConfigurationManager, init=-1: [fe2f4460-1173-45ac-8f62-3ccbe442b4a3:192.168.157.254:43148, bec42651-2cde-4fcc-b688-684a384bc6fb:192.168.157.254:46415, 0d315fbd-ade0-427f-8a57-9b8f4a7ccba2:192.168.157.254:43029], old=null, confs=<EMPTY_MAP>
2019-10-22 00:04:54,969 [pool-27-thread-1] INFO  server.RaftServerConfigKeys (ConfUtils.java:logGet(43)) - raft.server.storage.dir = [/workdir/hadoop-ozone/integration-test/target/test-dir/MiniOzoneClusterImpl-8b3f1bd7-87d6-49e7-a08b-7cd236893d43/datanode-0/data/ratis] (custom)
2019-10-22 00:04:54,969 [pool-27-thread-1] INFO  server.RaftServerConfigKeys (ConfUtils.java:logGet(43)) - raft.server.log.corruption.policy = EXCEPTION (default)
2019-10-22 00:04:54,969 [pool-59-thread-1] INFO  impl.RaftServerImpl (RaftServerImpl.java:<init>(104)) - 0d315fbd-ade0-427f-8a57-9b8f4a7ccba2: new RaftServerImpl for group-00D4BCF0FDF3:[fe2f4460-1173-45ac-8f62-3ccbe442b4a3:192.168.157.254:43148, bec42651-2cde-4fcc-b688-684a384bc6fb:192.168.157.254:46415, 0d315fbd-ade0-427f-8a57-9b8f4a7ccba2:192.168.157.254:43029] with ContainerStateMachine:uninitialized
2019-10-22 00:04:54,969 [pool-27-thread-1] INFO  storage.RaftStorageDirectory (RaftStorageDirectory.java:analyzeStorage(246)) - The storage directory /workdir/hadoop-ozone/integration-test/target/test-dir/MiniOzoneClusterImpl-8b3f1bd7-87d6-49e7-a08b-7cd236893d43/datanode-0/data/ratis/886a7645-0bb0-4838-9c28-00d4bcf0fdf3 does not exist. Creating ...
2019-10-22 00:04:54,969 [pool-59-thread-1] INFO  server.RaftServerConfigKeys (ConfUtils.java:logGet(43)) - raft.server.rpc.timeout.min = 5s (custom)
2019-10-22 00:04:54,969 [pool-59-thread-1] INFO  server.RaftServerConfigKeys (ConfUtils.java:logGet(43)) - raft.server.rpc.timeout.max = 5200ms (custom)
2019-10-22 00:04:54,970 [pool-59-thread-1] INFO  server.RaftServerConfigKeys (ConfUtils.java:logGet(43)) - raft.server.rpcslowness.timeout = 1000s (custom)
2019-10-22 00:04:54,970 [pool-59-thread-1] INFO  server.RaftServerConfigKeys (ConfUtils.java:logGet(43)) - raft.server.sleep.deviation.threshold = 300 (default)
2019-10-22 00:04:54,970 [pool-47-thread-1] INFO  impl.RaftServerImpl (RaftServerImpl.java:<init>(104)) - fe2f4460-1173-45ac-8f62-3ccbe442b4a3: new RaftServerImpl for group-00D4BCF0FDF3:[fe2f4460-1173-45ac-8f62-3ccbe442b4a3:192.168.157.254:43148, bec42651-2cde-4fcc-b688-684a384bc6fb:192.168.157.254:46415, 0d315fbd-ade0-427f-8a57-9b8f4a7ccba2:192.168.157.254:43029] with ContainerStateMachine:uninitialized
2019-10-22 00:04:54,970 [pool-59-thread-1] INFO  server.RaftServerConfigKeys (ConfUtils.java:logGet(43)) - raft.server.log.appender.install.snapshot.enabled = false (custom)
2019-10-22 00:04:54,970 [pool-47-thread-1] INFO  server.RaftServerConfigKeys (ConfUtils.java:logGet(43)) - raft.server.rpc.timeout.min = 5s (custom)
2019-10-22 00:04:54,970 [pool-59-thread-1] INFO  impl.RaftServerImpl (ServerState.java:<init>(103)) - 0d315fbd-ade0-427f-8a57-9b8f4a7ccba2@group-00D4BCF0FDF3: ConfigurationManager, init=-1: [fe2f4460-1173-45ac-8f62-3ccbe442b4a3:192.168.157.254:43148, bec42651-2cde-4fcc-b688-684a384bc6fb:192.168.157.254:46415, 0d315fbd-ade0-427f-8a57-9b8f4a7ccba2:192.168.157.254:43029], old=null, confs=<EMPTY_MAP>
2019-10-22 00:04:54,970 [pool-47-thread-1] INFO  server.RaftServerConfigKeys (ConfUtils.java:logGet(43)) - raft.server.rpc.timeout.max = 5200ms (custom)
2019-10-22 00:04:54,970 [pool-59-thread-1] INFO  server.RaftServerConfigKeys (ConfUtils.java:logGet(43)) - raft.server.storage.dir = [/workdir/hadoop-ozone/integration-test/target/test-dir/MiniOzoneClusterImpl-8b3f1bd7-87d6-49e7-a08b-7cd236893d43/datanode-1/data/ratis] (custom)
2019-10-22 00:04:54,970 [pool-47-thread-1] INFO  server.RaftServerConfigKeys (ConfUtils.java:logGet(43)) - raft.server.rpcslowness.timeout = 1000s (custom)
2019-10-22 00:04:54,971 [pool-47-thread-1] INFO  server.RaftServerConfigKeys (ConfUtils.java:logGet(43)) - raft.server.sleep.deviation.threshold = 300 (default)
2019-10-22 00:04:54,971 [pool-47-thread-1] INFO  server.RaftServerConfigKeys (ConfUtils.java:logGet(43)) - raft.server.log.appender.install.snapshot.enabled = false (custom)
2019-10-22 00:04:54,971 [pool-59-thread-1] INFO  server.RaftServerConfigKeys (ConfUtils.java:logGet(43)) - raft.server.log.corruption.policy = EXCEPTION (default)
2019-10-22 00:04:54,971 [pool-47-thread-1] INFO  impl.RaftServerImpl (ServerState.java:<init>(103)) - fe2f4460-1173-45ac-8f62-3ccbe442b4a3@group-00D4BCF0FDF3: ConfigurationManager, init=-1: [fe2f4460-1173-45ac-8f62-3ccbe442b4a3:192.168.157.254:43148, bec42651-2cde-4fcc-b688-684a384bc6fb:192.168.157.254:46415, 0d315fbd-ade0-427f-8a57-9b8f4a7ccba2:192.168.157.254:43029], old=null, confs=<EMPTY_MAP>
2019-10-22 00:04:54,971 [pool-59-thread-1] INFO  storage.RaftStorageDirectory (RaftStorageDirectory.java:analyzeStorage(246)) - The storage directory /workdir/hadoop-ozone/integration-test/target/test-dir/MiniOzoneClusterImpl-8b3f1bd7-87d6-49e7-a08b-7cd236893d43/datanode-1/data/ratis/886a7645-0bb0-4838-9c28-00d4bcf0fdf3 does not exist. Creating ...
2019-10-22 00:04:54,971 [pool-47-thread-1] INFO  server.RaftServerConfigKeys (ConfUtils.java:logGet(43)) - raft.server.storage.dir = [/workdir/hadoop-ozone/integration-test/target/test-dir/MiniOzoneClusterImpl-8b3f1bd7-87d6-49e7-a08b-7cd236893d43/datanode-2/data/ratis] (custom)
2019-10-22 00:04:54,971 [pool-47-thread-1] INFO  server.RaftServerConfigKeys (ConfUtils.java:logGet(43)) - raft.server.log.corruption.policy = EXCEPTION (default)
2019-10-22 00:04:54,971 [pool-47-thread-1] INFO  storage.RaftStorageDirectory (RaftStorageDirectory.java:analyzeStorage(246)) - The storage directory /workdir/hadoop-ozone/integration-test/target/test-dir/MiniOzoneClusterImpl-8b3f1bd7-87d6-49e7-a08b-7cd236893d43/datanode-2/data/ratis/886a7645-0bb0-4838-9c28-00d4bcf0fdf3 does not exist. Creating ...
2019-10-22 00:04:54,983 [pool-27-thread-1] INFO  storage.RaftStorageDirectory (RaftStorageDirectory.java:tryLock(328)) - Lock on /workdir/hadoop-ozone/integration-test/target/test-dir/MiniOzoneClusterImpl-8b3f1bd7-87d6-49e7-a08b-7cd236893d43/datanode-0/data/ratis/886a7645-0bb0-4838-9c28-00d4bcf0fdf3/in_use.lock acquired by nodename 23642@pr-hdds-2343-5q8j9-3338874002
2019-10-22 00:04:54,983 [pool-59-thread-1] INFO  storage.RaftStorageDirectory (RaftStorageDirectory.java:tryLock(328)) - Lock on /workdir/hadoop-ozone/integration-test/target/test-dir/MiniOzoneClusterImpl-8b3f1bd7-87d6-49e7-a08b-7cd236893d43/datanode-1/data/ratis/886a7645-0bb0-4838-9c28-00d4bcf0fdf3/in_use.lock acquired by nodename 23642@pr-hdds-2343-5q8j9-3338874002
2019-10-22 00:04:54,983 [pool-47-thread-1] INFO  storage.RaftStorageDirectory (RaftStorageDirectory.java:tryLock(328)) - Lock on /workdir/hadoop-ozone/integration-test/target/test-dir/MiniOzoneClusterImpl-8b3f1bd7-87d6-49e7-a08b-7cd236893d43/datanode-2/data/ratis/886a7645-0bb0-4838-9c28-00d4bcf0fdf3/in_use.lock acquired by nodename 23642@pr-hdds-2343-5q8j9-3338874002
2019-10-22 00:04:54,989 [pool-27-thread-1] INFO  storage.RaftStorage (RaftStorage.java:format(84)) - Storage directory /workdir/hadoop-ozone/integration-test/target/test-dir/MiniOzoneClusterImpl-8b3f1bd7-87d6-49e7-a08b-7cd236893d43/datanode-0/data/ratis/886a7645-0bb0-4838-9c28-00d4bcf0fdf3 has been successfully formatted.
2019-10-22 00:04:54,989 [pool-59-thread-1] INFO  storage.RaftStorage (RaftStorage.java:format(84)) - Storage directory /workdir/hadoop-ozone/integration-test/target/test-dir/MiniOzoneClusterImpl-8b3f1bd7-87d6-49e7-a08b-7cd236893d43/datanode-1/data/ratis/886a7645-0bb0-4838-9c28-00d4bcf0fdf3 has been successfully formatted.
2019-10-22 00:04:54,989 [pool-47-thread-1] INFO  storage.RaftStorage (RaftStorage.java:format(84)) - Storage directory /workdir/hadoop-ozone/integration-test/target/test-dir/MiniOzoneClusterImpl-8b3f1bd7-87d6-49e7-a08b-7cd236893d43/datanode-2/data/ratis/886a7645-0bb0-4838-9c28-00d4bcf0fdf3 has been successfully formatted.
2019-10-22 00:04:54,989 [pool-59-thread-1] INFO  ratis.ContainerStateMachine (ContainerStateMachine.java:loadSnapshot(231)) - group-00D4BCF0FDF3: The snapshot info is null. Setting the last applied indexto:(t:0, i:~)
2019-10-22 00:04:54,989 [pool-27-thread-1] INFO  ratis.ContainerStateMachine (ContainerStateMachine.java:loadSnapshot(231)) - group-00D4BCF0FDF3: The snapshot info is null. Setting the last applied indexto:(t:0, i:~)
2019-10-22 00:04:54,990 [pool-59-thread-1] INFO  server.RaftServerConfigKeys (ConfUtils.java:logGet(43)) - raft.server.notification.no-leader.timeout = 1000s (custom)
2019-10-22 00:04:54,990 [pool-47-thread-1] INFO  ratis.ContainerStateMachine (ContainerStateMachine.java:loadSnapshot(231)) - group-00D4BCF0FDF3: The snapshot info is null. Setting the last applied indexto:(t:0, i:~)
2019-10-22 00:04:54,990 [pool-27-thread-1] INFO  server.RaftServerConfigKeys (ConfUtils.java:logGet(43)) - raft.server.notification.no-leader.timeout = 1000s (custom)
2019-10-22 00:04:54,990 [pool-47-thread-1] INFO  server.RaftServerConfigKeys (ConfUtils.java:logGet(43)) - raft.server.notification.no-leader.timeout = 1000s (custom)
2019-10-22 00:04:54,990 [pool-27-thread-1] INFO  server.RaftServerConfigKeys (ConfUtils.java:logGet(43)) - raft.server.log.use.memory = false (default)
2019-10-22 00:04:54,990 [pool-59-thread-1] INFO  server.RaftServerConfigKeys (ConfUtils.java:logGet(43)) - raft.server.log.use.memory = false (default)
2019-10-22 00:04:54,990 [pool-27-thread-1] INFO  server.RaftServerConfigKeys (ConfUtils.java:logGet(43)) - raft.server.log.purge.gap = 1000000 (custom)
2019-10-22 00:04:54,990 [pool-47-thread-1] INFO  server.RaftServerConfigKeys (ConfUtils.java:logGet(43)) - raft.server.log.use.memory = false (default)
2019-10-22 00:04:54,991 [pool-27-thread-1] INFO  server.RaftServerConfigKeys (ConfUtils.java:logGet(43)) - raft.server.log.appender.buffer.byte-limit = 33554432 (custom)
2019-10-22 00:04:54,990 [pool-59-thread-1] INFO  server.RaftServerConfigKeys (ConfUtils.java:logGet(43)) - raft.server.log.purge.gap = 1000000 (custom)
2019-10-22 00:04:54,991 [pool-27-thread-1] INFO  server.RaftServerConfigKeys (ConfUtils.java:logGet(43)) - raft.server.log.segment.size.max = 1048576 (custom)
2019-10-22 00:04:54,991 [pool-47-thread-1] INFO  server.RaftServerConfigKeys (ConfUtils.java:logGet(43)) - raft.server.log.purge.gap = 1000000 (custom)
2019-10-22 00:04:54,991 [pool-27-thread-1] INFO  server.RaftServerConfigKeys (ConfUtils.java:logGet(43)) - raft.server.log.segment.cache.num.max = 2 (custom)
2019-10-22 00:04:54,991 [pool-59-thread-1] INFO  server.RaftServerConfigKeys (ConfUtils.java:logGet(43)) - raft.server.log.appender.buffer.byte-limit = 33554432 (custom)
2019-10-22 00:04:54,991 [pool-27-thread-1] INFO  segmented.SegmentedRaftLogWorker (SegmentedRaftLogWorker.java:<init>(173)) - new bec42651-2cde-4fcc-b688-684a384bc6fb@group-00D4BCF0FDF3-SegmentedRaftLogWorker for RaftStorage:Storage Directory /workdir/hadoop-ozone/integration-test/target/test-dir/MiniOzoneClusterImpl-8b3f1bd7-87d6-49e7-a08b-7cd236893d43/datanode-0/data/ratis/886a7645-0bb0-4838-9c28-00d4bcf0fdf3
2019-10-22 00:04:54,991 [pool-47-thread-1] INFO  server.RaftServerConfigKeys (ConfUtils.java:logGet(43)) - raft.server.log.appender.buffer.byte-limit = 33554432 (custom)
2019-10-22 00:04:54,991 [pool-27-thread-1] INFO  server.RaftServerConfigKeys (ConfUtils.java:logGet(43)) - raft.server.log.queue.byte-limit = 2147483647 (custom)
2019-10-22 00:04:54,991 [pool-59-thread-1] INFO  server.RaftServerConfigKeys (ConfUtils.java:logGet(43)) - raft.server.log.segment.size.max = 1048576 (custom)
2019-10-22 00:04:54,992 [pool-27-thread-1] INFO  server.RaftServerConfigKeys (ConfUtils.java:logGet(43)) - raft.server.log.queue.element-limit = 1024 (custom)
2019-10-22 00:04:54,991 [pool-47-thread-1] INFO  server.RaftServerConfigKeys (ConfUtils.java:logGet(43)) - raft.server.log.segment.size.max = 1048576 (custom)
2019-10-22 00:04:54,992 [pool-27-thread-1] INFO  server.RaftServerConfigKeys (ConfUtils.java:logGet(43)) - raft.server.log.segment.size.max = 1048576 (custom)
2019-10-22 00:04:54,992 [pool-59-thread-1] INFO  server.RaftServerConfigKeys (ConfUtils.java:logGet(43)) - raft.server.log.segment.cache.num.max = 2 (custom)
2019-10-22 00:04:54,992 [pool-27-thread-1] INFO  server.RaftServerConfigKeys (ConfUtils.java:logGet(43)) - raft.server.log.preallocated.size = 16384 (custom)
2019-10-22 00:04:54,992 [pool-47-thread-1] INFO  server.RaftServerConfigKeys (ConfUtils.java:logGet(43)) - raft.server.log.segment.cache.num.max = 2 (custom)
2019-10-22 00:04:54,992 [pool-27-thread-1] INFO  server.RaftServerConfigKeys (ConfUtils.java:logGet(43)) - raft.server.log.write.buffer.size = 33554432 (custom)
2019-10-22 00:04:54,992 [pool-59-thread-1] INFO  segmented.SegmentedRaftLogWorker (SegmentedRaftLogWorker.java:<init>(173)) - new 0d315fbd-ade0-427f-8a57-9b8f4a7ccba2@group-00D4BCF0FDF3-SegmentedRaftLogWorker for RaftStorage:Storage Directory /workdir/hadoop-ozone/integration-test/target/test-dir/MiniOzoneClusterImpl-8b3f1bd7-87d6-49e7-a08b-7cd236893d43/datanode-1/data/ratis/886a7645-0bb0-4838-9c28-00d4bcf0fdf3
2019-10-22 00:04:54,992 [pool-27-thread-1] INFO  server.RaftServerConfigKeys (ConfUtils.java:logGet(43)) - raft.server.log.force.sync.num = 128 (default)
2019-10-22 00:04:54,992 [pool-47-thread-1] INFO  segmented.SegmentedRaftLogWorker (SegmentedRaftLogWorker.java:<init>(173)) - new fe2f4460-1173-45ac-8f62-3ccbe442b4a3@group-00D4BCF0FDF3-SegmentedRaftLogWorker for RaftStorage:Storage Directory /workdir/hadoop-ozone/integration-test/target/test-dir/MiniOzoneClusterImpl-8b3f1bd7-87d6-49e7-a08b-7cd236893d43/datanode-2/data/ratis/886a7645-0bb0-4838-9c28-00d4bcf0fdf3
2019-10-22 00:04:54,992 [pool-27-thread-1] INFO  server.RaftServerConfigKeys (ConfUtils.java:logGet(43)) - raft.server.log.statemachine.data.sync = true (default)
2019-10-22 00:04:54,992 [pool-59-thread-1] INFO  server.RaftServerConfigKeys (ConfUtils.java:logGet(43)) - raft.server.log.queue.byte-limit = 2147483647 (custom)
2019-10-22 00:04:54,993 [pool-27-thread-1] INFO  server.RaftServerConfigKeys (ConfUtils.java:logGet(43)) - raft.server.log.statemachine.data.sync.timeout = 10s (default)
2019-10-22 00:04:54,993 [pool-47-thread-1] INFO  server.RaftServerConfigKeys (ConfUtils.java:logGet(43)) - raft.server.log.queue.byte-limit = 2147483647 (custom)
2019-10-22 00:04:54,993 [pool-27-thread-1] INFO  server.RaftServerConfigKeys (ConfUtils.java:logGet(43)) - raft.server.log.statemachine.data.sync.timeout.retry = -1 (default)
2019-10-22 00:04:54,993 [pool-59-thread-1] INFO  server.RaftServerConfigKeys (ConfUtils.java:logGet(43)) - raft.server.log.queue.element-limit = 1024 (custom)
2019-10-22 00:04:54,993 [pool-47-thread-1] INFO  server.RaftServerConfigKeys (ConfUtils.java:logGet(43)) - raft.server.log.queue.element-limit = 1024 (custom)
2019-10-22 00:04:54,993 [pool-59-thread-1] INFO  server.RaftServerConfigKeys (ConfUtils.java:logGet(43)) - raft.server.log.segment.size.max = 1048576 (custom)
2019-10-22 00:04:54,993 [pool-27-thread-1] INFO  server.RaftServerConfigKeys (ConfUtils.java:logGet(43)) - raft.server.log.statemachine.data.caching.enabled = true (custom)
2019-10-22 00:04:54,993 [pool-59-thread-1] INFO  server.RaftServerConfigKeys (ConfUtils.java:logGet(43)) - raft.server.log.preallocated.size = 16384 (custom)
2019-10-22 00:04:54,993 [pool-47-thread-1] INFO  server.RaftServerConfigKeys (ConfUtils.java:logGet(43)) - raft.server.log.segment.size.max = 1048576 (custom)
2019-10-22 00:04:54,994 [pool-27-thread-1] INFO  segmented.SegmentedRaftLogWorker (SegmentedRaftLogWorker.java:lambda$new$0(128)) - bec42651-2cde-4fcc-b688-684a384bc6fb@group-00D4BCF0FDF3-SegmentedRaftLogWorker: flushIndex: setUnconditionally 0 -> -1
2019-10-22 00:04:54,993 [pool-59-thread-1] INFO  server.RaftServerConfigKeys (ConfUtils.java:logGet(43)) - raft.server.log.write.buffer.size = 33554432 (custom)
2019-10-22 00:04:54,994 [pool-47-thread-1] INFO  server.RaftServerConfigKeys (ConfUtils.java:logGet(43)) - raft.server.log.preallocated.size = 16384 (custom)
2019-10-22 00:04:54,994 [pool-27-thread-1] INFO  server.RaftServerConfigKeys (ConfUtils.java:logGet(43)) - raft.server.snapshot.auto.trigger.enabled = true (custom)
2019-10-22 00:04:54,994 [pool-59-thread-1] INFO  server.RaftServerConfigKeys (ConfUtils.java:logGet(43)) - raft.server.log.force.sync.num = 128 (default)
2019-10-22 00:04:54,994 [pool-27-thread-1] INFO  server.RaftServerConfigKeys (ConfUtils.java:logGet(43)) - raft.server.snapshot.auto.trigger.threshold = 10000 (custom)
2019-10-22 00:04:54,994 [pool-47-thread-1] INFO  server.RaftServerConfigKeys (ConfUtils.java:logGet(43)) - raft.server.log.write.buffer.size = 33554432 (custom)
2019-10-22 00:04:54,994 [pool-27-thread-1] INFO  server.RaftServerConfigKeys (ConfUtils.java:logGet(43)) - raft.server.snapshot.retention.file.num = 5 (custom)
2019-10-22 00:04:54,994 [pool-59-thread-1] INFO  server.RaftServerConfigKeys (ConfUtils.java:logGet(43)) - raft.server.log.statemachine.data.sync = true (default)
2019-10-22 00:04:54,994 [pool-27-thread-1] INFO  server.RaftServerConfigKeys (ConfUtils.java:logGet(43)) - raft.server.retrycache.expirytime = 600000ms (custom)
2019-10-22 00:04:54,994 [Thread-735] INFO  impl.FollowerState (FollowerState.java:run(108)) - 0d315fbd-ade0-427f-8a57-9b8f4a7ccba2@group-452902F59078-FollowerState: change to CANDIDATE, lastRpcTime:113ms, electionTimeout:113ms
2019-10-22 00:04:54,994 [pool-47-thread-1] INFO  server.RaftServerConfigKeys (ConfUtils.java:logGet(43)) - raft.server.log.force.sync.num = 128 (default)
2019-10-22 00:04:54,995 [Thread-735] INFO  impl.RoleInfo (RoleInfo.java:shutdownFollowerState(121)) - 0d315fbd-ade0-427f-8a57-9b8f4a7ccba2: shutdown FollowerState
2019-10-22 00:04:54,994 [pool-59-thread-1] INFO  server.RaftServerConfigKeys (ConfUtils.java:logGet(43)) - raft.server.log.statemachine.data.sync.timeout = 10s (default)
2019-10-22 00:04:54,995 [Thread-735] INFO  impl.RaftServerImpl (RaftServerImpl.java:setRole(184)) - 0d315fbd-ade0-427f-8a57-9b8f4a7ccba2@group-452902F59078: changes role from  FOLLOWER to CANDIDATE at term 27 for changeToCandidate
2019-10-22 00:04:54,995 [pool-47-thread-1] INFO  server.RaftServerConfigKeys (ConfUtils.java:logGet(43)) - raft.server.log.statemachine.data.sync = true (default)
2019-10-22 00:04:54,995 [Thread-735] INFO  impl.RoleInfo (RoleInfo.java:updateAndGet(143)) - 0d315fbd-ade0-427f-8a57-9b8f4a7ccba2: start LeaderElection
2019-10-22 00:04:54,995 [pool-59-thread-1] INFO  server.RaftServerConfigKeys (ConfUtils.java:logGet(43)) - raft.server.log.statemachine.data.sync.timeout.retry = -1 (default)
2019-10-22 00:04:54,995 [pool-47-thread-1] INFO  server.RaftServerConfigKeys (ConfUtils.java:logGet(43)) - raft.server.log.statemachine.data.sync.timeout = 10s (default)
2019-10-22 00:04:54,996 [pool-59-thread-1] INFO  server.RaftServerConfigKeys (ConfUtils.java:logGet(43)) - raft.server.log.statemachine.data.caching.enabled = true (custom)
2019-10-22 00:04:54,996 [pool-47-thread-1] INFO  server.RaftServerConfigKeys (ConfUtils.java:logGet(43)) - raft.server.log.statemachine.data.sync.timeout.retry = -1 (default)
2019-10-22 00:04:54,996 [pool-59-thread-1] INFO  segmented.SegmentedRaftLogWorker (SegmentedRaftLogWorker.java:lambda$new$0(128)) - 0d315fbd-ade0-427f-8a57-9b8f4a7ccba2@group-00D4BCF0FDF3-SegmentedRaftLogWorker: flushIndex: setUnconditionally 0 -> -1
2019-10-22 00:04:54,996 [pool-47-thread-1] INFO  server.RaftServerConfigKeys (ConfUtils.java:logGet(43)) - raft.server.log.statemachine.data.caching.enabled = true (custom)
2019-10-22 00:04:54,997 [pool-27-thread-1] INFO  impl.RaftServerImpl (RaftServerImpl.java:start(195)) - bec42651-2cde-4fcc-b688-684a384bc6fb@group-00D4BCF0FDF3: start as a follower, conf=-1: [fe2f4460-1173-45ac-8f62-3ccbe442b4a3:192.168.157.254:43148, bec42651-2cde-4fcc-b688-684a384bc6fb:192.168.157.254:46415, 0d315fbd-ade0-427f-8a57-9b8f4a7ccba2:192.168.157.254:43029], old=null
2019-10-22 00:04:54,996 [pool-59-thread-1] INFO  server.RaftServerConfigKeys (ConfUtils.java:logGet(43)) - raft.server.snapshot.auto.trigger.enabled = true (custom)
2019-10-22 00:04:54,997 [pool-47-thread-1] INFO  segmented.SegmentedRaftLogWorker (SegmentedRaftLogWorker.java:lambda$new$0(128)) - fe2f4460-1173-45ac-8f62-3ccbe442b4a3@group-00D4BCF0FDF3-SegmentedRaftLogWorker: flushIndex: setUnconditionally 0 -> -1
2019-10-22 00:04:54,997 [pool-27-thread-1] INFO  impl.RaftServerImpl (RaftServerImpl.java:setRole(184)) - bec42651-2cde-4fcc-b688-684a384bc6fb@group-00D4BCF0FDF3: changes role from      null to FOLLOWER at term 0 for startAsFollower
2019-10-22 00:04:54,997 [pool-59-thread-1] INFO  server.RaftServerConfigKeys (ConfUtils.java:logGet(43)) - raft.server.snapshot.auto.trigger.threshold = 10000 (custom)
2019-10-22 00:04:54,997 [pool-47-thread-1] INFO  server.RaftServerConfigKeys (ConfUtils.java:logGet(43)) - raft.server.snapshot.auto.trigger.enabled = true (custom)
2019-10-22 00:04:54,997 [pool-27-thread-1] INFO  impl.RoleInfo (RoleInfo.java:updateAndGet(143)) - bec42651-2cde-4fcc-b688-684a384bc6fb: start FollowerState
2019-10-22 00:04:54,997 [pool-47-thread-1] INFO  server.RaftServerConfigKeys (ConfUtils.java:logGet(43)) - raft.server.snapshot.auto.trigger.threshold = 10000 (custom)
2019-10-22 00:04:54,997 [pool-59-thread-1] INFO  server.RaftServerConfigKeys (ConfUtils.java:logGet(43)) - raft.server.snapshot.retention.file.num = 5 (custom)
2019-10-22 00:04:54,998 [pool-27-thread-1] INFO  util.JmxRegister (JmxRegister.java:tryRegister(44)) - Successfully registered JMX Bean with object name Ratis:service=RaftServer,group=group-00D4BCF0FDF3,id=bec42651-2cde-4fcc-b688-684a384bc6fb
2019-10-22 00:04:54,998 [pool-47-thread-1] INFO  server.RaftServerConfigKeys (ConfUtils.java:logGet(43)) - raft.server.snapshot.retention.file.num = 5 (custom)
2019-10-22 00:04:54,998 [pool-59-thread-1] INFO  server.RaftServerConfigKeys (ConfUtils.java:logGet(43)) - raft.server.retrycache.expirytime = 600000ms (custom)
2019-10-22 00:04:54,998 [pool-47-thread-1] INFO  server.RaftServerConfigKeys (ConfUtils.java:logGet(43)) - raft.server.retrycache.expirytime = 600000ms (custom)
2019-10-22 00:04:55,000 [0d315fbd-ade0-427f-8a57-9b8f4a7ccba2@group-452902F59078-LeaderElection30] INFO  impl.LeaderElection (LeaderElection.java:askForVotes(178)) - 0d315fbd-ade0-427f-8a57-9b8f4a7ccba2@group-452902F59078-LeaderElection30: begin an election at term 28 for 0: [fe2f4460-1173-45ac-8f62-3ccbe442b4a3:192.168.157.254:43148, bec42651-2cde-4fcc-b688-684a384bc6fb:192.168.157.254:46415, 0d315fbd-ade0-427f-8a57-9b8f4a7ccba2:192.168.157.254:43029], old=null
2019-10-22 00:04:55,004 [grpc-default-executor-3] INFO  impl.RaftServerImpl (RaftServerImpl.java:setRole(184)) - bec42651-2cde-4fcc-b688-684a384bc6fb@group-452902F59078: changes role from  FOLLOWER to FOLLOWER at term 28 for recognizeCandidate:0d315fbd-ade0-427f-8a57-9b8f4a7ccba2
2019-10-22 00:04:55,004 [pool-47-thread-1] INFO  impl.RaftServerImpl (RaftServerImpl.java:start(195)) - fe2f4460-1173-45ac-8f62-3ccbe442b4a3@group-00D4BCF0FDF3: start as a follower, conf=-1: [fe2f4460-1173-45ac-8f62-3ccbe442b4a3:192.168.157.254:43148, bec42651-2cde-4fcc-b688-684a384bc6fb:192.168.157.254:46415, 0d315fbd-ade0-427f-8a57-9b8f4a7ccba2:192.168.157.254:43029], old=null
2019-10-22 00:04:55,004 [pool-59-thread-1] INFO  impl.RaftServerImpl (RaftServerImpl.java:start(195)) - 0d315fbd-ade0-427f-8a57-9b8f4a7ccba2@group-00D4BCF0FDF3: start as a follower, conf=-1: [fe2f4460-1173-45ac-8f62-3ccbe442b4a3:192.168.157.254:43148, bec42651-2cde-4fcc-b688-684a384bc6fb:192.168.157.254:46415, 0d315fbd-ade0-427f-8a57-9b8f4a7ccba2:192.168.157.254:43029], old=null
2019-10-22 00:04:55,004 [grpc-default-executor-3] INFO  impl.RoleInfo (RoleInfo.java:shutdownFollowerState(121)) - bec42651-2cde-4fcc-b688-684a384bc6fb: shutdown FollowerState
2019-10-22 00:04:55,004 [grpc-default-executor-1] INFO  impl.RaftServerImpl (RaftServerImpl.java:setRole(184)) - fe2f4460-1173-45ac-8f62-3ccbe442b4a3@group-452902F59078: changes role from  FOLLOWER to FOLLOWER at term 28 for recognizeCandidate:0d315fbd-ade0-427f-8a57-9b8f4a7ccba2
2019-10-22 00:04:55,004 [Thread-733] INFO  impl.FollowerState (FollowerState.java:run(117)) - bec42651-2cde-4fcc-b688-684a384bc6fb@group-452902F59078-FollowerState was interrupted: java.lang.InterruptedException: sleep interrupted
2019-10-22 00:04:55,004 [grpc-default-executor-3] INFO  impl.RoleInfo (RoleInfo.java:updateAndGet(143)) - bec42651-2cde-4fcc-b688-684a384bc6fb: start FollowerState
2019-10-22 00:04:55,004 [pool-59-thread-1] INFO  impl.RaftServerImpl (RaftServerImpl.java:setRole(184)) - 0d315fbd-ade0-427f-8a57-9b8f4a7ccba2@group-00D4BCF0FDF3: changes role from      null to FOLLOWER at term 0 for startAsFollower
2019-10-22 00:04:55,004 [pool-47-thread-1] INFO  impl.RaftServerImpl (RaftServerImpl.java:setRole(184)) - fe2f4460-1173-45ac-8f62-3ccbe442b4a3@group-00D4BCF0FDF3: changes role from      null to FOLLOWER at term 0 for startAsFollower
2019-10-22 00:04:55,005 [pool-59-thread-1] INFO  impl.RoleInfo (RoleInfo.java:updateAndGet(143)) - 0d315fbd-ade0-427f-8a57-9b8f4a7ccba2: start FollowerState
2019-10-22 00:04:55,004 [grpc-default-executor-1] INFO  impl.RoleInfo (RoleInfo.java:shutdownFollowerState(121)) - fe2f4460-1173-45ac-8f62-3ccbe442b4a3: shutdown FollowerState
2019-10-22 00:04:55,005 [pool-47-thread-1] INFO  impl.RoleInfo (RoleInfo.java:updateAndGet(143)) - fe2f4460-1173-45ac-8f62-3ccbe442b4a3: start FollowerState
2019-10-22 00:04:55,005 [grpc-default-executor-1] INFO  impl.RoleInfo (RoleInfo.java:updateAndGet(143)) - fe2f4460-1173-45ac-8f62-3ccbe442b4a3: start FollowerState
2019-10-22 00:04:55,005 [pool-59-thread-1] INFO  util.JmxRegister (JmxRegister.java:tryRegister(44)) - Successfully registered JMX Bean with object name Ratis:service=RaftServer,group=group-00D4BCF0FDF3,id=0d315fbd-ade0-427f-8a57-9b8f4a7ccba2
2019-10-22 00:04:55,005 [Thread-734] INFO  impl.FollowerState (FollowerState.java:run(117)) - fe2f4460-1173-45ac-8f62-3ccbe442b4a3@group-452902F59078-FollowerState was interrupted: java.lang.InterruptedException: sleep interrupted
2019-10-22 00:04:55,005 [pool-47-thread-1] INFO  util.JmxRegister (JmxRegister.java:tryRegister(44)) - Successfully registered JMX Bean with object name Ratis:service=RaftServer,group=group-00D4BCF0FDF3,id=fe2f4460-1173-45ac-8f62-3ccbe442b4a3
2019-10-22 00:04:55,006 [EventQueue-PendingDeleteStatusForPendingDeleteHandler] INFO  block.SCMBlockDeletingService (SCMBlockDeletingService.java:handlePendingDeletes(115)) - Block deletion txnID mismatch in datanode 0d315fbd-ade0-427f-8a57-9b8f4a7ccba2 for containerID 1. Datanode delete txnID: 0, SCM txnID: 1
2019-10-22 00:04:55,013 [0d315fbd-ade0-427f-8a57-9b8f4a7ccba2@group-452902F59078-LeaderElection30] INFO  impl.LeaderElection (LeaderElection.java:logAndReturn(56)) - 0d315fbd-ade0-427f-8a57-9b8f4a7ccba2@group-452902F59078-LeaderElection30: Election REJECTED; received 2 response(s) [0d315fbd-ade0-427f-8a57-9b8f4a7ccba2<-fe2f4460-1173-45ac-8f62-3ccbe442b4a3#0:FAIL-t28, 0d315fbd-ade0-427f-8a57-9b8f4a7ccba2<-bec42651-2cde-4fcc-b688-684a384bc6fb#0:FAIL-t28] and 0 exception(s); 0d315fbd-ade0-427f-8a57-9b8f4a7ccba2@group-452902F59078:t28, leader=null, voted=0d315fbd-ade0-427f-8a57-9b8f4a7ccba2, raftlog=0d315fbd-ade0-427f-8a57-9b8f4a7ccba2@group-452902F59078-SegmentedRaftLog:OPENED:c3,f4,i4, conf=0: [fe2f4460-1173-45ac-8f62-3ccbe442b4a3:192.168.157.254:43148, bec42651-2cde-4fcc-b688-684a384bc6fb:192.168.157.254:46415, 0d315fbd-ade0-427f-8a57-9b8f4a7ccba2:192.168.157.254:43029], old=null
2019-10-22 00:04:55,013 [0d315fbd-ade0-427f-8a57-9b8f4a7ccba2@group-452902F59078-LeaderElection30] INFO  impl.RaftServerImpl (RaftServerImpl.java:setRole(184)) - 0d315fbd-ade0-427f-8a57-9b8f4a7ccba2@group-452902F59078: changes role from CANDIDATE to FOLLOWER at term 28 for DISCOVERED_A_NEW_TERM
2019-10-22 00:04:55,013 [0d315fbd-ade0-427f-8a57-9b8f4a7ccba2@group-452902F59078-LeaderElection30] INFO  impl.RoleInfo (RoleInfo.java:shutdownLeaderElection(134)) - 0d315fbd-ade0-427f-8a57-9b8f4a7ccba2: shutdown LeaderElection
2019-10-22 00:04:55,013 [0d315fbd-ade0-427f-8a57-9b8f4a7ccba2@group-452902F59078-LeaderElection30] INFO  impl.RoleInfo (RoleInfo.java:updateAndGet(143)) - 0d315fbd-ade0-427f-8a57-9b8f4a7ccba2: start FollowerState
2019-10-22 00:04:55,014 [RatisPipelineUtilsThread] INFO  pipeline.PipelineStateManager (PipelineStateManager.java:addPipeline(56)) - Created pipeline Pipeline[ Id: 886a7645-0bb0-4838-9c28-00d4bcf0fdf3, Nodes: bec42651-2cde-4fcc-b688-684a384bc6fb{ip: 192.168.157.254, host: pr-hdds-2343-5q8j9-3338874002, networkLocation: /default-rack, certSerialId: null}0d315fbd-ade0-427f-8a57-9b8f4a7ccba2{ip: 192.168.157.254, host: pr-hdds-2343-5q8j9-3338874002, networkLocation: /default-rack, certSerialId: null}fe2f4460-1173-45ac-8f62-3ccbe442b4a3{ip: 192.168.157.254, host: pr-hdds-2343-5q8j9-3338874002, networkLocation: /default-rack, certSerialId: null}, Type:RATIS, Factor:THREE, State:OPEN]
2019-10-22 00:04:55,070 [Thread-756] INFO  client.GrpcClientProtocolService (GrpcClientProtocolService.java:lambda$processClientRequest$0(278)) - Failed RaftClientRequest:client-06600EE78844->bec42651-2cde-4fcc-b688-684a384bc6fb@group-452902F59078, cid=10, seq=0, Watch-ALL_COMMITTED(6), Message:<EMPTY>, reply=RaftClientReply:client-06600EE78844->bec42651-2cde-4fcc-b688-684a384bc6fb@group-452902F59078, cid=10, FAILED org.apache.ratis.protocol.NotLeaderException: Server bec42651-2cde-4fcc-b688-684a384bc6fb@group-452902F59078 is not the leader, logIndex=0, commits[bec42651-2cde-4fcc-b688-684a384bc6fb:c10, fe2f4460-1173-45ac-8f62-3ccbe442b4a3:c10, 0d315fbd-ade0-427f-8a57-9b8f4a7ccba2:c4]
2019-10-22 00:04:55,076 [Thread-749] INFO  impl.FollowerState (FollowerState.java:run(108)) - 0d315fbd-ade0-427f-8a57-9b8f4a7ccba2@group-00D4BCF0FDF3-FollowerState: change to CANDIDATE, lastRpcTime:71ms, electionTimeout:71ms
2019-10-22 00:04:55,077 [Thread-749] INFO  impl.RoleInfo (RoleInfo.java:shutdownFollowerState(121)) - 0d315fbd-ade0-427f-8a57-9b8f4a7ccba2: shutdown FollowerState
2019-10-22 00:04:55,077 [Thread-749] INFO  impl.RaftServerImpl (RaftServerImpl.java:setRole(184)) - 0d315fbd-ade0-427f-8a57-9b8f4a7ccba2@group-00D4BCF0FDF3: changes role from  FOLLOWER to CANDIDATE at term 0 for changeToCandidate
2019-10-22 00:04:55,077 [Thread-749] INFO  impl.RoleInfo (RoleInfo.java:updateAndGet(143)) - 0d315fbd-ade0-427f-8a57-9b8f4a7ccba2: start LeaderElection
2019-10-22 00:04:55,080 [Thread-750] INFO  impl.FollowerState (FollowerState.java:run(108)) - fe2f4460-1173-45ac-8f62-3ccbe442b4a3@group-00D4BCF0FDF3-FollowerState: change to CANDIDATE, lastRpcTime:75ms, electionTimeout:75ms
2019-10-22 00:04:55,081 [Thread-750] INFO  impl.RoleInfo (RoleInfo.java:shutdownFollowerState(121)) - fe2f4460-1173-45ac-8f62-3ccbe442b4a3: shutdown FollowerState
2019-10-22 00:04:55,081 [Thread-750] INFO  impl.RaftServerImpl (RaftServerImpl.java:setRole(184)) - fe2f4460-1173-45ac-8f62-3ccbe442b4a3@group-00D4BCF0FDF3: changes role from  FOLLOWER to CANDIDATE at term 0 for changeToCandidate
2019-10-22 00:04:55,081 [Thread-750] INFO  impl.RoleInfo (RoleInfo.java:updateAndGet(143)) - fe2f4460-1173-45ac-8f62-3ccbe442b4a3: start LeaderElection
2019-10-22 00:04:55,104 [fe2f4460-1173-45ac-8f62-3ccbe442b4a3@group-00D4BCF0FDF3-LeaderElection32] INFO  impl.LeaderElection (LeaderElection.java:askForVotes(178)) - fe2f4460-1173-45ac-8f62-3ccbe442b4a3@group-00D4BCF0FDF3-LeaderElection32: begin an election at term 1 for -1: [fe2f4460-1173-45ac-8f62-3ccbe442b4a3:192.168.157.254:43148, bec42651-2cde-4fcc-b688-684a384bc6fb:192.168.157.254:46415, 0d315fbd-ade0-427f-8a57-9b8f4a7ccba2:192.168.157.254:43029], old=null
2019-10-22 00:04:55,104 [0d315fbd-ade0-427f-8a57-9b8f4a7ccba2@group-00D4BCF0FDF3-LeaderElection31] INFO  impl.LeaderElection (LeaderElection.java:askForVotes(178)) - 0d315fbd-ade0-427f-8a57-9b8f4a7ccba2@group-00D4BCF0FDF3-LeaderElection31: begin an election at term 1 for -1: [fe2f4460-1173-45ac-8f62-3ccbe442b4a3:192.168.157.254:43148, bec42651-2cde-4fcc-b688-684a384bc6fb:192.168.157.254:46415, 0d315fbd-ade0-427f-8a57-9b8f4a7ccba2:192.168.157.254:43029], old=null
2019-10-22 00:04:55,110 [Thread-742] INFO  impl.FollowerState (FollowerState.java:run(108)) - bec42651-2cde-4fcc-b688-684a384bc6fb@group-00D4BCF0FDF3-FollowerState: change to CANDIDATE, lastRpcTime:112ms, electionTimeout:112ms
2019-10-22 00:04:55,111 [Thread-742] INFO  impl.RoleInfo (RoleInfo.java:shutdownFollowerState(121)) - bec42651-2cde-4fcc-b688-684a384bc6fb: shutdown FollowerState
2019-10-22 00:04:55,111 [Thread-742] INFO  impl.RaftServerImpl (RaftServerImpl.java:setRole(184)) - bec42651-2cde-4fcc-b688-684a384bc6fb@group-00D4BCF0FDF3: changes role from  FOLLOWER to CANDIDATE at term 0 for changeToCandidate
2019-10-22 00:04:55,112 [Thread-742] INFO  impl.RoleInfo (RoleInfo.java:updateAndGet(143)) - bec42651-2cde-4fcc-b688-684a384bc6fb: start LeaderElection
2019-10-22 00:04:55,126 [bec42651-2cde-4fcc-b688-684a384bc6fb@group-00D4BCF0FDF3-LeaderElection33] INFO  impl.LeaderElection (LeaderElection.java:askForVotes(178)) - bec42651-2cde-4fcc-b688-684a384bc6fb@group-00D4BCF0FDF3-LeaderElection33: begin an election at term 1 for -1: [fe2f4460-1173-45ac-8f62-3ccbe442b4a3:192.168.157.254:43148, bec42651-2cde-4fcc-b688-684a384bc6fb:192.168.157.254:46415, 0d315fbd-ade0-427f-8a57-9b8f4a7ccba2:192.168.157.254:43029], old=null
2019-10-22 00:04:55,127 [fe2f4460-1173-45ac-8f62-3ccbe442b4a3@group-00D4BCF0FDF3-LeaderElection32] INFO  impl.LeaderElection (LeaderElection.java:logAndReturn(56)) - fe2f4460-1173-45ac-8f62-3ccbe442b4a3@group-00D4BCF0FDF3-LeaderElection32: Election REJECTED; received 2 response(s) [fe2f4460-1173-45ac-8f62-3ccbe442b4a3<-bec42651-2cde-4fcc-b688-684a384bc6fb#0:FAIL-t1, fe2f4460-1173-45ac-8f62-3ccbe442b4a3<-0d315fbd-ade0-427f-8a57-9b8f4a7ccba2#0:FAIL-t1] and 0 exception(s); fe2f4460-1173-45ac-8f62-3ccbe442b4a3@group-00D4BCF0FDF3:t1, leader=null, voted=fe2f4460-1173-45ac-8f62-3ccbe442b4a3, raftlog=fe2f4460-1173-45ac-8f62-3ccbe442b4a3@group-00D4BCF0FDF3-SegmentedRaftLog:OPENED:c-1,f-1,i0, conf=-1: [fe2f4460-1173-45ac-8f62-3ccbe442b4a3:192.168.157.254:43148, bec42651-2cde-4fcc-b688-684a384bc6fb:192.168.157.254:46415, 0d315fbd-ade0-427f-8a57-9b8f4a7ccba2:192.168.157.254:43029], old=null
2019-10-22 00:04:55,127 [0d315fbd-ade0-427f-8a57-9b8f4a7ccba2@group-00D4BCF0FDF3-LeaderElection31] INFO  impl.LeaderElection (LeaderElection.java:logAndReturn(56)) - 0d315fbd-ade0-427f-8a57-9b8f4a7ccba2@group-00D4BCF0FDF3-LeaderElection31: Election REJECTED; received 2 response(s) [0d315fbd-ade0-427f-8a57-9b8f4a7ccba2<-fe2f4460-1173-45ac-8f62-3ccbe442b4a3#0:FAIL-t1, 0d315fbd-ade0-427f-8a57-9b8f4a7ccba2<-bec42651-2cde-4fcc-b688-684a384bc6fb#0:FAIL-t1] and 0 exception(s); 0d315fbd-ade0-427f-8a57-9b8f4a7ccba2@group-00D4BCF0FDF3:t1, leader=null, voted=0d315fbd-ade0-427f-8a57-9b8f4a7ccba2, raftlog=0d315fbd-ade0-427f-8a57-9b8f4a7ccba2@group-00D4BCF0FDF3-SegmentedRaftLog:OPENED:c-1,f-1,i0, conf=-1: [fe2f4460-1173-45ac-8f62-3ccbe442b4a3:192.168.157.254:43148, bec42651-2cde-4fcc-b688-684a384bc6fb:192.168.157.254:46415, 0d315fbd-ade0-427f-8a57-9b8f4a7ccba2:192.168.157.254:43029], old=null
2019-10-22 00:04:55,127 [fe2f4460-1173-45ac-8f62-3ccbe442b4a3@group-00D4BCF0FDF3-LeaderElection32] INFO  impl.RaftServerImpl (RaftServerImpl.java:setRole(184)) - fe2f4460-1173-45ac-8f62-3ccbe442b4a3@group-00D4BCF0FDF3: changes role from CANDIDATE to FOLLOWER at term 1 for DISCOVERED_A_NEW_TERM
2019-10-22 00:04:55,128 [fe2f4460-1173-45ac-8f62-3ccbe442b4a3@group-00D4BCF0FDF3-LeaderElection32] INFO  impl.RoleInfo (RoleInfo.java:shutdownLeaderElection(134)) - fe2f4460-1173-45ac-8f62-3ccbe442b4a3: shutdown LeaderElection
2019-10-22 00:04:55,128 [0d315fbd-ade0-427f-8a57-9b8f4a7ccba2@group-00D4BCF0FDF3-LeaderElection31] INFO  impl.RaftServerImpl (RaftServerImpl.java:setRole(184)) - 0d315fbd-ade0-427f-8a57-9b8f4a7ccba2@group-00D4BCF0FDF3: changes role from CANDIDATE to FOLLOWER at term 1 for DISCOVERED_A_NEW_TERM
2019-10-22 00:04:55,131 [0d315fbd-ade0-427f-8a57-9b8f4a7ccba2@group-00D4BCF0FDF3-LeaderElection31] INFO  impl.RoleInfo (RoleInfo.java:shutdownLeaderElection(134)) - 0d315fbd-ade0-427f-8a57-9b8f4a7ccba2: shutdown LeaderElection
2019-10-22 00:04:55,131 [fe2f4460-1173-45ac-8f62-3ccbe442b4a3@group-00D4BCF0FDF3-LeaderElection32] INFO  impl.RoleInfo (RoleInfo.java:updateAndGet(143)) - fe2f4460-1173-45ac-8f62-3ccbe442b4a3: start FollowerState
2019-10-22 00:04:55,132 [0d315fbd-ade0-427f-8a57-9b8f4a7ccba2@group-00D4BCF0FDF3-LeaderElection31] INFO  impl.RoleInfo (RoleInfo.java:updateAndGet(143)) - 0d315fbd-ade0-427f-8a57-9b8f4a7ccba2: start FollowerState
2019-10-22 00:04:55,137 [bec42651-2cde-4fcc-b688-684a384bc6fb@group-00D4BCF0FDF3-LeaderElection33] INFO  impl.LeaderElection (LeaderElection.java:logAndReturn(56)) - bec42651-2cde-4fcc-b688-684a384bc6fb@group-00D4BCF0FDF3-LeaderElection33: Election REJECTED; received 2 response(s) [bec42651-2cde-4fcc-b688-684a384bc6fb<-fe2f4460-1173-45ac-8f62-3ccbe442b4a3#0:FAIL-t1, bec42651-2cde-4fcc-b688-684a384bc6fb<-0d315fbd-ade0-427f-8a57-9b8f4a7ccba2#0:FAIL-t1] and 0 exception(s); bec42651-2cde-4fcc-b688-684a384bc6fb@group-00D4BCF0FDF3:t1, leader=null, voted=bec42651-2cde-4fcc-b688-684a384bc6fb, raftlog=bec42651-2cde-4fcc-b688-684a384bc6fb@group-00D4BCF0FDF3-SegmentedRaftLog:OPENED:c-1,f-1,i0, conf=-1: [fe2f4460-1173-45ac-8f62-3ccbe442b4a3:192.168.157.254:43148, bec42651-2cde-4fcc-b688-684a384bc6fb:192.168.157.254:46415, 0d315fbd-ade0-427f-8a57-9b8f4a7ccba2:192.168.157.254:43029], old=null
2019-10-22 00:04:55,137 [bec42651-2cde-4fcc-b688-684a384bc6fb@group-00D4BCF0FDF3-LeaderElection33] INFO  impl.RaftServerImpl (RaftServerImpl.java:setRole(184)) - bec42651-2cde-4fcc-b688-684a384bc6fb@group-00D4BCF0FDF3: changes role from CANDIDATE to FOLLOWER at term 1 for DISCOVERED_A_NEW_TERM
2019-10-22 00:04:55,137 [bec42651-2cde-4fcc-b688-684a384bc6fb@group-00D4BCF0FDF3-LeaderElection33] INFO  impl.RoleInfo (RoleInfo.java:shutdownLeaderElection(134)) - bec42651-2cde-4fcc-b688-684a384bc6fb: shutdown LeaderElection
2019-10-22 00:04:55,137 [bec42651-2cde-4fcc-b688-684a384bc6fb@group-00D4BCF0FDF3-LeaderElection33] INFO  impl.RoleInfo (RoleInfo.java:updateAndGet(143)) - bec42651-2cde-4fcc-b688-684a384bc6fb: start FollowerState
2019-10-22 00:04:55,142 [Thread-738] INFO  impl.FollowerState (FollowerState.java:run(108)) - 0d315fbd-ade0-427f-8a57-9b8f4a7ccba2@group-7B32AE755E66-FollowerState: change to CANDIDATE, lastRpcTime:200ms, electionTimeout:200ms
2019-10-22 00:04:55,142 [Thread-738] INFO  impl.RoleInfo (RoleInfo.java:shutdownFollowerState(121)) - 0d315fbd-ade0-427f-8a57-9b8f4a7ccba2: shutdown FollowerState
2019-10-22 00:04:55,142 [Thread-738] INFO  impl.RaftServerImpl (RaftServerImpl.java:setRole(184)) - 0d315fbd-ade0-427f-8a57-9b8f4a7ccba2@group-7B32AE755E66: changes role from  FOLLOWER to CANDIDATE at term 0 for changeToCandidate
2019-10-22 00:04:55,142 [Thread-738] INFO  impl.RoleInfo (RoleInfo.java:updateAndGet(143)) - 0d315fbd-ade0-427f-8a57-9b8f4a7ccba2: start LeaderElection
2019-10-22 00:04:55,146 [Thread-754] INFO  impl.FollowerState (FollowerState.java:run(108)) - 0d315fbd-ade0-427f-8a57-9b8f4a7ccba2@group-452902F59078-FollowerState: change to CANDIDATE, lastRpcTime:132ms, electionTimeout:132ms
2019-10-22 00:04:55,146 [Thread-754] INFO  impl.RoleInfo (RoleInfo.java:shutdownFollowerState(121)) - 0d315fbd-ade0-427f-8a57-9b8f4a7ccba2: shutdown FollowerState
2019-10-22 00:04:55,146 [Thread-754] INFO  impl.RaftServerImpl (RaftServerImpl.java:setRole(184)) - 0d315fbd-ade0-427f-8a57-9b8f4a7ccba2@group-452902F59078: changes role from  FOLLOWER to CANDIDATE at term 28 for changeToCandidate
2019-10-22 00:04:55,146 [Thread-754] INFO  impl.RoleInfo (RoleInfo.java:updateAndGet(143)) - 0d315fbd-ade0-427f-8a57-9b8f4a7ccba2: start LeaderElection
2019-10-22 00:04:55,158 [0d315fbd-ade0-427f-8a57-9b8f4a7ccba2@group-7B32AE755E66-LeaderElection34] INFO  impl.LeaderElection (LeaderElection.java:askForVotes(178)) - 0d315fbd-ade0-427f-8a57-9b8f4a7ccba2@group-7B32AE755E66-LeaderElection34: begin an election at term 1 for -1: [0d315fbd-ade0-427f-8a57-9b8f4a7ccba2:192.168.157.254:43029], old=null
2019-10-22 00:04:55,158 [0d315fbd-ade0-427f-8a57-9b8f4a7ccba2@group-452902F59078-LeaderElection35] INFO  impl.LeaderElection (LeaderElection.java:askForVotes(178)) - 0d315fbd-ade0-427f-8a57-9b8f4a7ccba2@group-452902F59078-LeaderElection35: begin an election at term 29 for 0: [fe2f4460-1173-45ac-8f62-3ccbe442b4a3:192.168.157.254:43148, bec42651-2cde-4fcc-b688-684a384bc6fb:192.168.157.254:46415, 0d315fbd-ade0-427f-8a57-9b8f4a7ccba2:192.168.157.254:43029], old=null
2019-10-22 00:04:55,158 [0d315fbd-ade0-427f-8a57-9b8f4a7ccba2@group-7B32AE755E66-LeaderElection34] INFO  impl.RoleInfo (RoleInfo.java:shutdownLeaderElection(134)) - 0d315fbd-ade0-427f-8a57-9b8f4a7ccba2: shutdown LeaderElection
2019-10-22 00:04:55,159 [0d315fbd-ade0-427f-8a57-9b8f4a7ccba2@group-7B32AE755E66-LeaderElection34] INFO  impl.RaftServerImpl (RaftServerImpl.java:setRole(184)) - 0d315fbd-ade0-427f-8a57-9b8f4a7ccba2@group-7B32AE755E66: changes role from CANDIDATE to LEADER at term 1 for changeToLeader
2019-10-22 00:04:55,159 [0d315fbd-ade0-427f-8a57-9b8f4a7ccba2@group-7B32AE755E66-LeaderElection34] INFO  impl.RaftServerImpl (ServerState.java:setLeader(256)) - 0d315fbd-ade0-427f-8a57-9b8f4a7ccba2@group-7B32AE755E66: change Leader from null to 0d315fbd-ade0-427f-8a57-9b8f4a7ccba2 at term 1 for becomeLeader, leader elected after 225ms
2019-10-22 00:04:55,159 [0d315fbd-ade0-427f-8a57-9b8f4a7ccba2@group-7B32AE755E66-LeaderElection34] INFO  server.RaftServerConfigKeys (ConfUtils.java:logGet(43)) - raft.server.staging.catchup.gap = 1000 (default)
2019-10-22 00:04:55,159 [0d315fbd-ade0-427f-8a57-9b8f4a7ccba2@group-7B32AE755E66-LeaderElection34] INFO  server.RaftServerConfigKeys (ConfUtils.java:logGet(43)) - raft.server.rpc.sleep.time = 25ms (default)
2019-10-22 00:04:55,159 [0d315fbd-ade0-427f-8a57-9b8f4a7ccba2@group-7B32AE755E66-LeaderElection34] INFO  server.RaftServerConfigKeys (ConfUtils.java:logGet(43)) - raft.server.write.element-limit = 4096 (default)
2019-10-22 00:04:55,159 [0d315fbd-ade0-427f-8a57-9b8f4a7ccba2@group-7B32AE755E66-LeaderElection34] INFO  server.RaftServerConfigKeys (ConfUtils.java:logGet(43)) - raft.server.watch.timeout = 10s (default)
2019-10-22 00:04:55,159 [0d315fbd-ade0-427f-8a57-9b8f4a7ccba2@group-7B32AE755E66-LeaderElection34] INFO  server.RaftServerConfigKeys (ConfUtils.java:logGet(43)) - raft.server.watch.timeout.denomination = 1s (default)
2019-10-22 00:04:55,159 [0d315fbd-ade0-427f-8a57-9b8f4a7ccba2@group-7B32AE755E66-LeaderElection34] INFO  server.RaftServerConfigKeys (ConfUtils.java:logGet(43)) - raft.server.watch.element-limit = 65536 (default)
2019-10-22 00:04:55,161 [grpc-default-executor-3] INFO  impl.RaftServerImpl (RaftServerImpl.java:setRole(184)) - fe2f4460-1173-45ac-8f62-3ccbe442b4a3@group-452902F59078: changes role from  FOLLOWER to FOLLOWER at term 29 for recognizeCandidate:0d315fbd-ade0-427f-8a57-9b8f4a7ccba2
2019-10-22 00:04:55,161 [grpc-default-executor-3] INFO  impl.RoleInfo (RoleInfo.java:shutdownFollowerState(121)) - fe2f4460-1173-45ac-8f62-3ccbe442b4a3: shutdown FollowerState
2019-10-22 00:04:55,161 [grpc-default-executor-1] INFO  impl.RaftServerImpl (RaftServerImpl.java:setRole(184)) - bec42651-2cde-4fcc-b688-684a384bc6fb@group-452902F59078: changes role from  FOLLOWER to FOLLOWER at term 29 for recognizeCandidate:0d315fbd-ade0-427f-8a57-9b8f4a7ccba2
2019-10-22 00:04:55,161 [Thread-751] INFO  impl.FollowerState (FollowerState.java:run(117)) - fe2f4460-1173-45ac-8f62-3ccbe442b4a3@group-452902F59078-FollowerState was interrupted: java.lang.InterruptedException: sleep interrupted
2019-10-22 00:04:55,161 [grpc-default-executor-3] INFO  impl.RoleInfo (RoleInfo.java:updateAndGet(143)) - fe2f4460-1173-45ac-8f62-3ccbe442b4a3: start FollowerState
2019-10-22 00:04:55,161 [grpc-default-executor-1] INFO  impl.RoleInfo (RoleInfo.java:shutdownFollowerState(121)) - bec42651-2cde-4fcc-b688-684a384bc6fb: shutdown FollowerState
2019-10-22 00:04:55,161 [Thread-748] INFO  impl.FollowerState (FollowerState.java:run(117)) - bec42651-2cde-4fcc-b688-684a384bc6fb@group-452902F59078-FollowerState was interrupted: java.lang.InterruptedException: sleep interrupted
2019-10-22 00:04:55,161 [grpc-default-executor-1] INFO  impl.RoleInfo (RoleInfo.java:updateAndGet(143)) - bec42651-2cde-4fcc-b688-684a384bc6fb: start FollowerState
2019-10-22 00:04:55,162 [0d315fbd-ade0-427f-8a57-9b8f4a7ccba2@group-7B32AE755E66-LeaderElection34] INFO  impl.RoleInfo (RoleInfo.java:updateAndGet(143)) - 0d315fbd-ade0-427f-8a57-9b8f4a7ccba2: start LeaderState
2019-10-22 00:04:55,162 [0d315fbd-ade0-427f-8a57-9b8f4a7ccba2@group-7B32AE755E66-LeaderElection34] INFO  segmented.SegmentedRaftLogWorker (SegmentedRaftLogWorker.java:startLogSegment(385)) - 0d315fbd-ade0-427f-8a57-9b8f4a7ccba2@group-7B32AE755E66-SegmentedRaftLogWorker: Starting segment from index:0
2019-10-22 00:04:55,163 [0d315fbd-ade0-427f-8a57-9b8f4a7ccba2@group-7B32AE755E66-LeaderElection34] INFO  impl.RaftServerImpl (ServerState.java:setRaftConf(357)) - 0d315fbd-ade0-427f-8a57-9b8f4a7ccba2@group-7B32AE755E66: set configuration 0: [0d315fbd-ade0-427f-8a57-9b8f4a7ccba2:192.168.157.254:43029], old=null at 0
2019-10-22 00:04:55,166 [Thread-768] INFO  impl.FollowerState (FollowerState.java:run(108)) - 0d315fbd-ade0-427f-8a57-9b8f4a7ccba2@group-00D4BCF0FDF3-FollowerState: change to CANDIDATE, lastRpcTime:34ms, electionTimeout:33ms
2019-10-22 00:04:55,166 [Thread-768] INFO  impl.RoleInfo (RoleInfo.java:shutdownFollowerState(121)) - 0d315fbd-ade0-427f-8a57-9b8f4a7ccba2: shutdown FollowerState
2019-10-22 00:04:55,166 [Thread-768] INFO  impl.RaftServerImpl (RaftServerImpl.java:setRole(184)) - 0d315fbd-ade0-427f-8a57-9b8f4a7ccba2@group-00D4BCF0FDF3: changes role from  FOLLOWER to CANDIDATE at term 1 for changeToCandidate
2019-10-22 00:04:55,166 [Thread-768] INFO  impl.RoleInfo (RoleInfo.java:updateAndGet(143)) - 0d315fbd-ade0-427f-8a57-9b8f4a7ccba2: start LeaderElection
2019-10-22 00:04:55,173 [0d315fbd-ade0-427f-8a57-9b8f4a7ccba2@group-452902F59078-LeaderElection35] INFO  impl.LeaderElection (LeaderElection.java:logAndReturn(56)) - 0d315fbd-ade0-427f-8a57-9b8f4a7ccba2@group-452902F59078-LeaderElection35: Election TIMEOUT; received 0 response(s) [] and 0 exception(s); 0d315fbd-ade0-427f-8a57-9b8f4a7ccba2@group-452902F59078:t29, leader=null, voted=0d315fbd-ade0-427f-8a57-9b8f4a7ccba2, raftlog=0d315fbd-ade0-427f-8a57-9b8f4a7ccba2@group-452902F59078-SegmentedRaftLog:OPENED:c3,f4,i4, conf=0: [fe2f4460-1173-45ac-8f62-3ccbe442b4a3:192.168.157.254:43148, bec42651-2cde-4fcc-b688-684a384bc6fb:192.168.157.254:46415, 0d315fbd-ade0-427f-8a57-9b8f4a7ccba2:192.168.157.254:43029], old=null
2019-10-22 00:04:55,175 [0d315fbd-ade0-427f-8a57-9b8f4a7ccba2@group-00D4BCF0FDF3-LeaderElection36] INFO  impl.LeaderElection (LeaderElection.java:askForVotes(178)) - 0d315fbd-ade0-427f-8a57-9b8f4a7ccba2@group-00D4BCF0FDF3-LeaderElection36: begin an election at term 2 for -1: [fe2f4460-1173-45ac-8f62-3ccbe442b4a3:192.168.157.254:43148, bec42651-2cde-4fcc-b688-684a384bc6fb:192.168.157.254:46415, 0d315fbd-ade0-427f-8a57-9b8f4a7ccba2:192.168.157.254:43029], old=null
2019-10-22 00:04:55,176 [grpc-default-executor-1] INFO  impl.RaftServerImpl (RaftServerImpl.java:setRole(184)) - fe2f4460-1173-45ac-8f62-3ccbe442b4a3@group-00D4BCF0FDF3: changes role from  FOLLOWER to FOLLOWER at term 2 for recognizeCandidate:0d315fbd-ade0-427f-8a57-9b8f4a7ccba2
2019-10-22 00:04:55,177 [grpc-default-executor-1] INFO  impl.RoleInfo (RoleInfo.java:shutdownFollowerState(121)) - fe2f4460-1173-45ac-8f62-3ccbe442b4a3: shutdown FollowerState
2019-10-22 00:04:55,177 [grpc-default-executor-3] INFO  impl.RaftServerImpl (RaftServerImpl.java:setRole(184)) - bec42651-2cde-4fcc-b688-684a384bc6fb@group-00D4BCF0FDF3: changes role from  FOLLOWER to FOLLOWER at term 2 for recognizeCandidate:0d315fbd-ade0-427f-8a57-9b8f4a7ccba2
2019-10-22 00:04:55,177 [Thread-767] INFO  impl.FollowerState (FollowerState.java:run(117)) - fe2f4460-1173-45ac-8f62-3ccbe442b4a3@group-00D4BCF0FDF3-FollowerState was interrupted: java.lang.InterruptedException: sleep interrupted
2019-10-22 00:04:55,177 [0d315fbd-ade0-427f-8a57-9b8f4a7ccba2@group-452902F59078-LeaderElection35] INFO  impl.LeaderElection (LeaderElection.java:askForVotes(178)) - 0d315fbd-ade0-427f-8a57-9b8f4a7ccba2@group-452902F59078-LeaderElection35: begin an election at term 30 for 0: [fe2f4460-1173-45ac-8f62-3ccbe442b4a3:192.168.157.254:43148, bec42651-2cde-4fcc-b688-684a384bc6fb:192.168.157.254:46415, 0d315fbd-ade0-427f-8a57-9b8f4a7ccba2:192.168.157.254:43029], old=null
2019-10-22 00:04:55,177 [grpc-default-executor-1] INFO  impl.RoleInfo (RoleInfo.java:updateAndGet(143)) - fe2f4460-1173-45ac-8f62-3ccbe442b4a3: start FollowerState
2019-10-22 00:04:55,177 [grpc-default-executor-3] INFO  impl.RoleInfo (RoleInfo.java:shutdownFollowerState(121)) - bec42651-2cde-4fcc-b688-684a384bc6fb: shutdown FollowerState
2019-10-22 00:04:55,177 [Thread-769] INFO  impl.FollowerState (FollowerState.java:run(117)) - bec42651-2cde-4fcc-b688-684a384bc6fb@group-00D4BCF0FDF3-FollowerState was interrupted: java.lang.InterruptedException: sleep interrupted
2019-10-22 00:04:55,177 [grpc-default-executor-3] INFO  impl.RoleInfo (RoleInfo.java:updateAndGet(143)) - bec42651-2cde-4fcc-b688-684a384bc6fb: start FollowerState
2019-10-22 00:04:55,179 [grpc-default-executor-0] INFO  impl.RaftServerImpl (RaftServerImpl.java:setRole(184)) - fe2f4460-1173-45ac-8f62-3ccbe442b4a3@group-452902F59078: changes role from  FOLLOWER to FOLLOWER at term 30 for recognizeCandidate:0d315fbd-ade0-427f-8a57-9b8f4a7ccba2
2019-10-22 00:04:55,179 [grpc-default-executor-0] INFO  impl.RoleInfo (RoleInfo.java:shutdownFollowerState(121)) - fe2f4460-1173-45ac-8f62-3ccbe442b4a3: shutdown FollowerState
2019-10-22 00:04:55,179 [Thread-775] INFO  impl.FollowerState (FollowerState.java:run(117)) - fe2f4460-1173-45ac-8f62-3ccbe442b4a3@group-452902F59078-FollowerState was interrupted: java.lang.InterruptedException: sleep interrupted
2019-10-22 00:04:55,179 [grpc-default-executor-0] INFO  impl.RoleInfo (RoleInfo.java:updateAndGet(143)) - fe2f4460-1173-45ac-8f62-3ccbe442b4a3: start FollowerState
2019-10-22 00:04:55,179 [grpc-default-executor-7] INFO  impl.RaftServerImpl (RaftServerImpl.java:setRole(184)) - bec42651-2cde-4fcc-b688-684a384bc6fb@group-452902F59078: changes role from  FOLLOWER to FOLLOWER at term 30 for recognizeCandidate:0d315fbd-ade0-427f-8a57-9b8f4a7ccba2
2019-10-22 00:04:55,179 [grpc-default-executor-7] INFO  impl.RoleInfo (RoleInfo.java:shutdownFollowerState(121)) - bec42651-2cde-4fcc-b688-684a384bc6fb: shutdown FollowerState
2019-10-22 00:04:55,179 [Thread-776] INFO  impl.FollowerState (FollowerState.java:run(117)) - bec42651-2cde-4fcc-b688-684a384bc6fb@group-452902F59078-FollowerState was interrupted: java.lang.InterruptedException: sleep interrupted
2019-10-22 00:04:55,180 [grpc-default-executor-7] INFO  impl.RoleInfo (RoleInfo.java:updateAndGet(143)) - bec42651-2cde-4fcc-b688-684a384bc6fb: start FollowerState
2019-10-22 00:04:55,182 [0d315fbd-ade0-427f-8a57-9b8f4a7ccba2@group-452902F59078-LeaderElection35] INFO  impl.LeaderElection (LeaderElection.java:logAndReturn(56)) - 0d315fbd-ade0-427f-8a57-9b8f4a7ccba2@group-452902F59078-LeaderElection35: Election TIMEOUT; received 0 response(s) [] and 0 exception(s); 0d315fbd-ade0-427f-8a57-9b8f4a7ccba2@group-452902F59078:t30, leader=null, voted=0d315fbd-ade0-427f-8a57-9b8f4a7ccba2, raftlog=0d315fbd-ade0-427f-8a57-9b8f4a7ccba2@group-452902F59078-SegmentedRaftLog:OPENED:c3,f4,i4, conf=0: [fe2f4460-1173-45ac-8f62-3ccbe442b4a3:192.168.157.254:43148, bec42651-2cde-4fcc-b688-684a384bc6fb:192.168.157.254:46415, 0d315fbd-ade0-427f-8a57-9b8f4a7ccba2:192.168.157.254:43029], old=null
2019-10-22 00:04:55,215 [0d315fbd-ade0-427f-8a57-9b8f4a7ccba2@group-7B32AE755E66-SegmentedRaftLogWorker] INFO  segmented.SegmentedRaftLogWorker (SegmentedRaftLogWorker.java:execute(576)) - 0d315fbd-ade0-427f-8a57-9b8f4a7ccba2@group-7B32AE755E66-SegmentedRaftLogWorker: created new log segment /workdir/hadoop-ozone/integration-test/target/test-dir/MiniOzoneClusterImpl-8b3f1bd7-87d6-49e7-a08b-7cd236893d43/datanode-1/data/ratis/9f2c1b21-33e5-4560-9a8c-7b32ae755e66/current/log_inprogress_0
2019-10-22 00:04:55,216 [0d315fbd-ade0-427f-8a57-9b8f4a7ccba2@group-452902F59078-LeaderElection35] INFO  impl.LeaderElection (LeaderElection.java:askForVotes(178)) - 0d315fbd-ade0-427f-8a57-9b8f4a7ccba2@group-452902F59078-LeaderElection35: begin an election at term 31 for 0: [fe2f4460-1173-45ac-8f62-3ccbe442b4a3:192.168.157.254:43148, bec42651-2cde-4fcc-b688-684a384bc6fb:192.168.157.254:46415, 0d315fbd-ade0-427f-8a57-9b8f4a7ccba2:192.168.157.254:43029], old=null
2019-10-22 00:04:55,217 [0d315fbd-ade0-427f-8a57-9b8f4a7ccba2@group-00D4BCF0FDF3-LeaderElection36] INFO  impl.LeaderElection (LeaderElection.java:logAndReturn(56)) - 0d315fbd-ade0-427f-8a57-9b8f4a7ccba2@group-00D4BCF0FDF3-LeaderElection36: Election PASSED; received 1 response(s) [0d315fbd-ade0-427f-8a57-9b8f4a7ccba2<-bec42651-2cde-4fcc-b688-684a384bc6fb#0:OK-t2] and 0 exception(s); 0d315fbd-ade0-427f-8a57-9b8f4a7ccba2@group-00D4BCF0FDF3:t2, leader=null, voted=0d315fbd-ade0-427f-8a57-9b8f4a7ccba2, raftlog=0d315fbd-ade0-427f-8a57-9b8f4a7ccba2@group-00D4BCF0FDF3-SegmentedRaftLog:OPENED:c-1,f-1,i0, conf=-1: [fe2f4460-1173-45ac-8f62-3ccbe442b4a3:192.168.157.254:43148, bec42651-2cde-4fcc-b688-684a384bc6fb:192.168.157.254:46415, 0d315fbd-ade0-427f-8a57-9b8f4a7ccba2:192.168.157.254:43029], old=null
2019-10-22 00:04:55,217 [0d315fbd-ade0-427f-8a57-9b8f4a7ccba2@group-00D4BCF0FDF3-LeaderElection36] INFO  impl.RoleInfo (RoleInfo.java:shutdownLeaderElection(134)) - 0d315fbd-ade0-427f-8a57-9b8f4a7ccba2: shutdown LeaderElection
2019-10-22 00:04:55,217 [0d315fbd-ade0-427f-8a57-9b8f4a7ccba2@group-00D4BCF0FDF3-LeaderElection36] INFO  impl.RaftServerImpl (RaftServerImpl.java:setRole(184)) - 0d315fbd-ade0-427f-8a57-9b8f4a7ccba2@group-00D4BCF0FDF3: changes role from CANDIDATE to LEADER at term 2 for changeToLeader
2019-10-22 00:04:55,217 [0d315fbd-ade0-427f-8a57-9b8f4a7ccba2@group-00D4BCF0FDF3-LeaderElection36] INFO  impl.RaftServerImpl (ServerState.java:setLeader(256)) - 0d315fbd-ade0-427f-8a57-9b8f4a7ccba2@group-00D4BCF0FDF3: change Leader from null to 0d315fbd-ade0-427f-8a57-9b8f4a7ccba2 at term 2 for becomeLeader, leader elected after 227ms
2019-10-22 00:04:55,218 [0d315fbd-ade0-427f-8a57-9b8f4a7ccba2@group-00D4BCF0FDF3-LeaderElection36] INFO  server.RaftServerConfigKeys (ConfUtils.java:logGet(43)) - raft.server.staging.catchup.gap = 1000 (default)
2019-10-22 00:04:55,218 [0d315fbd-ade0-427f-8a57-9b8f4a7ccba2@group-00D4BCF0FDF3-LeaderElection36] INFO  server.RaftServerConfigKeys (ConfUtils.java:logGet(43)) - raft.server.rpc.sleep.time = 25ms (default)
2019-10-22 00:04:55,218 [0d315fbd-ade0-427f-8a57-9b8f4a7ccba2@group-00D4BCF0FDF3-LeaderElection36] INFO  server.RaftServerConfigKeys (ConfUtils.java:logGet(43)) - raft.server.write.element-limit = 4096 (default)
2019-10-22 00:04:55,218 [grpc-default-executor-3] INFO  impl.RaftServerImpl (RaftServerImpl.java:setRole(184)) - bec42651-2cde-4fcc-b688-684a384bc6fb@group-452902F59078: changes role from  FOLLOWER to FOLLOWER at term 31 for recognizeCandidate:0d315fbd-ade0-427f-8a57-9b8f4a7ccba2
2019-10-22 00:04:55,218 [grpc-default-executor-1] INFO  impl.RaftServerImpl (RaftServerImpl.java:setRole(184)) - fe2f4460-1173-45ac-8f62-3ccbe442b4a3@group-452902F59078: changes role from  FOLLOWER to FOLLOWER at term 31 for recognizeCandidate:0d315fbd-ade0-427f-8a57-9b8f4a7ccba2
2019-10-22 00:04:55,218 [grpc-default-executor-3] INFO  impl.RoleInfo (RoleInfo.java:shutdownFollowerState(121)) - bec42651-2cde-4fcc-b688-684a384bc6fb: shutdown FollowerState
2019-10-22 00:04:55,218 [0d315fbd-ade0-427f-8a57-9b8f4a7ccba2@group-00D4BCF0FDF3-LeaderElection36] INFO  server.RaftServerConfigKeys (ConfUtils.java:logGet(43)) - raft.server.watch.timeout = 10s (default)
2019-10-22 00:04:55,218 [grpc-default-executor-3] INFO  impl.RoleInfo (RoleInfo.java:updateAndGet(143)) - bec42651-2cde-4fcc-b688-684a384bc6fb: start FollowerState
2019-10-22 00:04:55,218 [Thread-785] INFO  impl.FollowerState (FollowerState.java:run(117)) - bec42651-2cde-4fcc-b688-684a384bc6fb@group-452902F59078-FollowerState was interrupted: java.lang.InterruptedException: sleep interrupted
2019-10-22 00:04:55,218 [grpc-default-executor-1] INFO  impl.RoleInfo (RoleInfo.java:shutdownFollowerState(121)) - fe2f4460-1173-45ac-8f62-3ccbe442b4a3: shutdown FollowerState
2019-10-22 00:04:55,218 [0d315fbd-ade0-427f-8a57-9b8f4a7ccba2@group-00D4BCF0FDF3-LeaderElection36] INFO  server.RaftServerConfigKeys (ConfUtils.java:logGet(43)) - raft.server.watch.timeout.denomination = 1s (default)
2019-10-22 00:04:55,219 [Thread-784] INFO  impl.FollowerState (FollowerState.java:run(117)) - fe2f4460-1173-45ac-8f62-3ccbe442b4a3@group-452902F59078-FollowerState was interrupted: java.lang.InterruptedException: sleep interrupted
2019-10-22 00:04:55,219 [grpc-default-executor-1] INFO  impl.RoleInfo (RoleInfo.java:updateAndGet(143)) - fe2f4460-1173-45ac-8f62-3ccbe442b4a3: start FollowerState
2019-10-22 00:04:55,219 [0d315fbd-ade0-427f-8a57-9b8f4a7ccba2@group-00D4BCF0FDF3-LeaderElection36] INFO  server.RaftServerConfigKeys (ConfUtils.java:logGet(43)) - raft.server.watch.element-limit = 65536 (default)
2019-10-22 00:04:55,221 [Thread-783] INFO  impl.FollowerState (FollowerState.java:run(108)) - bec42651-2cde-4fcc-b688-684a384bc6fb@group-00D4BCF0FDF3-FollowerState: change to CANDIDATE, lastRpcTime:43ms, electionTimeout:43ms
2019-10-22 00:04:55,221 [Thread-783] INFO  impl.RoleInfo (RoleInfo.java:shutdownFollowerState(121)) - bec42651-2cde-4fcc-b688-684a384bc6fb: shutdown FollowerState
2019-10-22 00:04:55,221 [Thread-783] INFO  impl.RaftServerImpl (RaftServerImpl.java:setRole(184)) - bec42651-2cde-4fcc-b688-684a384bc6fb@group-00D4BCF0FDF3: changes role from  FOLLOWER to CANDIDATE at term 2 for changeToCandidate
2019-10-22 00:04:55,221 [Thread-783] INFO  impl.RoleInfo (RoleInfo.java:updateAndGet(143)) - bec42651-2cde-4fcc-b688-684a384bc6fb: start LeaderElection
2019-10-22 00:04:55,221 [0d315fbd-ade0-427f-8a57-9b8f4a7ccba2@group-00D4BCF0FDF3-LeaderElection36] INFO  server.RaftServerConfigKeys (ConfUtils.java:logGet(43)) - raft.server.log.appender.snapshot.chunk.size.max = 16MB (=16777216) (default)
2019-10-22 00:04:55,222 [0d315fbd-ade0-427f-8a57-9b8f4a7ccba2@group-00D4BCF0FDF3-LeaderElection36] INFO  server.RaftServerConfigKeys (ConfUtils.java:logGet(43)) - raft.server.log.appender.buffer.byte-limit = 33554432 (custom)
2019-10-22 00:04:55,222 [0d315fbd-ade0-427f-8a57-9b8f4a7ccba2@group-00D4BCF0FDF3-LeaderElection36] INFO  server.RaftServerConfigKeys (ConfUtils.java:logGet(43)) - raft.server.log.appender.buffer.element-limit = 1 (custom)
2019-10-22 00:04:55,222 [0d315fbd-ade0-427f-8a57-9b8f4a7ccba2@group-00D4BCF0FDF3-LeaderElection36] INFO  grpc.GrpcConfigKeys$Server (ConfUtils.java:logGet(43)) - raft.grpc.server.leader.outstanding.appends.max = 128 (default)
2019-10-22 00:04:55,222 [0d315fbd-ade0-427f-8a57-9b8f4a7ccba2@group-00D4BCF0FDF3-LeaderElection36] INFO  server.RaftServerConfigKeys (ConfUtils.java:logGet(43)) - raft.server.rpc.request.timeout = 3000ms (default)
2019-10-22 00:04:55,222 [0d315fbd-ade0-427f-8a57-9b8f4a7ccba2@group-00D4BCF0FDF3-LeaderElection36] INFO  server.RaftServerConfigKeys (ConfUtils.java:logGet(43)) - raft.server.log.appender.install.snapshot.enabled = false (custom)
2019-10-22 00:04:55,224 [0d315fbd-ade0-427f-8a57-9b8f4a7ccba2@group-00D4BCF0FDF3-LeaderElection36] INFO  server.RaftServerConfigKeys (ConfUtils.java:logGet(43)) - raft.server.log.appender.snapshot.chunk.size.max = 16MB (=16777216) (default)
2019-10-22 00:04:55,224 [0d315fbd-ade0-427f-8a57-9b8f4a7ccba2@group-00D4BCF0FDF3-LeaderElection36] INFO  server.RaftServerConfigKeys (ConfUtils.java:logGet(43)) - raft.server.log.appender.buffer.byte-limit = 33554432 (custom)
2019-10-22 00:04:55,225 [0d315fbd-ade0-427f-8a57-9b8f4a7ccba2@group-00D4BCF0FDF3-LeaderElection36] INFO  server.RaftServerConfigKeys (ConfUtils.java:logGet(43)) - raft.server.log.appender.buffer.element-limit = 1 (custom)
2019-10-22 00:04:55,225 [0d315fbd-ade0-427f-8a57-9b8f4a7ccba2@group-00D4BCF0FDF3-LeaderElection36] INFO  grpc.GrpcConfigKeys$Server (ConfUtils.java:logGet(43)) - raft.grpc.server.leader.outstanding.appends.max = 128 (default)
2019-10-22 00:04:55,225 [0d315fbd-ade0-427f-8a57-9b8f4a7ccba2@group-00D4BCF0FDF3-LeaderElection36] INFO  server.RaftServerConfigKeys (ConfUtils.java:logGet(43)) - raft.server.rpc.request.timeout = 3000ms (default)
2019-10-22 00:04:55,225 [0d315fbd-ade0-427f-8a57-9b8f4a7ccba2@group-00D4BCF0FDF3-LeaderElection36] INFO  server.RaftServerConfigKeys (ConfUtils.java:logGet(43)) - raft.server.log.appender.install.snapshot.enabled = false (custom)
2019-10-22 00:04:55,227 [0d315fbd-ade0-427f-8a57-9b8f4a7ccba2@group-00D4BCF0FDF3-LeaderElection36] INFO  impl.RoleInfo (RoleInfo.java:updateAndGet(143)) - 0d315fbd-ade0-427f-8a57-9b8f4a7ccba2: start LeaderState
2019-10-22 00:04:55,227 [bec42651-2cde-4fcc-b688-684a384bc6fb@group-00D4BCF0FDF3-LeaderElection37] INFO  impl.LeaderElection (LeaderElection.java:askForVotes(178)) - bec42651-2cde-4fcc-b688-684a384bc6fb@group-00D4BCF0FDF3-LeaderElection37: begin an election at term 3 for -1: [fe2f4460-1173-45ac-8f62-3ccbe442b4a3:192.168.157.254:43148, bec42651-2cde-4fcc-b688-684a384bc6fb:192.168.157.254:46415, 0d315fbd-ade0-427f-8a57-9b8f4a7ccba2:192.168.157.254:43029], old=null
2019-10-22 00:04:55,227 [0d315fbd-ade0-427f-8a57-9b8f4a7ccba2@group-00D4BCF0FDF3-LeaderElection36] INFO  segmented.SegmentedRaftLogWorker (SegmentedRaftLogWorker.java:startLogSegment(385)) - 0d315fbd-ade0-427f-8a57-9b8f4a7ccba2@group-00D4BCF0FDF3-SegmentedRaftLogWorker: Starting segment from index:0
2019-10-22 00:04:55,228 [0d315fbd-ade0-427f-8a57-9b8f4a7ccba2@group-452902F59078-LeaderElection35] INFO  impl.LeaderElection (LeaderElection.java:logAndReturn(56)) - 0d315fbd-ade0-427f-8a57-9b8f4a7ccba2@group-452902F59078-LeaderElection35: Election REJECTED; received 2 response(s) [0d315fbd-ade0-427f-8a57-9b8f4a7ccba2<-fe2f4460-1173-45ac-8f62-3ccbe442b4a3#0:FAIL-t31, 0d315fbd-ade0-427f-8a57-9b8f4a7ccba2<-bec42651-2cde-4fcc-b688-684a384bc6fb#0:FAIL-t31] and 0 exception(s); 0d315fbd-ade0-427f-8a57-9b8f4a7ccba2@group-452902F59078:t31, leader=null, voted=0d315fbd-ade0-427f-8a57-9b8f4a7ccba2, raftlog=0d315fbd-ade0-427f-8a57-9b8f4a7ccba2@group-452902F59078-SegmentedRaftLog:OPENED:c3,f4,i4, conf=0: [fe2f4460-1173-45ac-8f62-3ccbe442b4a3:192.168.157.254:43148, bec42651-2cde-4fcc-b688-684a384bc6fb:192.168.157.254:46415, 0d315fbd-ade0-427f-8a57-9b8f4a7ccba2:192.168.157.254:43029], old=null
2019-10-22 00:04:55,228 [0d315fbd-ade0-427f-8a57-9b8f4a7ccba2@group-00D4BCF0FDF3-LeaderElection36] INFO  impl.RaftServerImpl (ServerState.java:setRaftConf(357)) - 0d315fbd-ade0-427f-8a57-9b8f4a7ccba2@group-00D4BCF0FDF3: set configuration 0: [fe2f4460-1173-45ac-8f62-3ccbe442b4a3:192.168.157.254:43148, bec42651-2cde-4fcc-b688-684a384bc6fb:192.168.157.254:46415, 0d315fbd-ade0-427f-8a57-9b8f4a7ccba2:192.168.157.254:43029], old=null at 0
2019-10-22 00:04:55,251 [bec42651-2cde-4fcc-b688-684a384bc6fb@group-00D4BCF0FDF3-LeaderElection37] INFO  impl.LeaderElection (LeaderElection.java:logAndReturn(56)) - bec42651-2cde-4fcc-b688-684a384bc6fb@group-00D4BCF0FDF3-LeaderElection37: Election TIMEOUT; received 0 response(s) [] and 0 exception(s); bec42651-2cde-4fcc-b688-684a384bc6fb@group-00D4BCF0FDF3:t3, leader=null, voted=bec42651-2cde-4fcc-b688-684a384bc6fb, raftlog=bec42651-2cde-4fcc-b688-684a384bc6fb@group-00D4BCF0FDF3-SegmentedRaftLog:OPENED:c-1,f-1,i0, conf=-1: [fe2f4460-1173-45ac-8f62-3ccbe442b4a3:192.168.157.254:43148, bec42651-2cde-4fcc-b688-684a384bc6fb:192.168.157.254:46415, 0d315fbd-ade0-427f-8a57-9b8f4a7ccba2:192.168.157.254:43029], old=null
2019-10-22 00:04:55,228 [0d315fbd-ade0-427f-8a57-9b8f4a7ccba2@group-452902F59078-LeaderElection35] INFO  impl.RaftServerImpl (RaftServerImpl.java:setRole(184)) - 0d315fbd-ade0-427f-8a57-9b8f4a7ccba2@group-452902F59078: changes role from CANDIDATE to FOLLOWER at term 31 for DISCOVERED_A_NEW_TERM
2019-10-22 00:04:55,252 [0d315fbd-ade0-427f-8a57-9b8f4a7ccba2@group-452902F59078-LeaderElection35] INFO  impl.RoleInfo (RoleInfo.java:shutdownLeaderElection(134)) - 0d315fbd-ade0-427f-8a57-9b8f4a7ccba2: shutdown LeaderElection
2019-10-22 00:04:55,252 [0d315fbd-ade0-427f-8a57-9b8f4a7ccba2@group-452902F59078-LeaderElection35] INFO  impl.RoleInfo (RoleInfo.java:updateAndGet(143)) - 0d315fbd-ade0-427f-8a57-9b8f4a7ccba2: start FollowerState
2019-10-22 00:04:55,252 [BlockDeletingService#8] WARN  background.BlockDeletingService (BlockDeletingService.java:isDeletionAllowed(187)) - Close Container log Index 6 is not replicated across allthe servers in the pipeline c00d4cd3-293b-4d2c-9f2c-452902f59078 as the min replicated index is 4. Deletion is not allowed in this container yet.
2019-10-22 00:04:55,252 [BlockDeletingService#3] WARN  background.BlockDeletingService (BlockDeletingService.java:isDeletionAllowed(187)) - Close Container log Index 6 is not replicated across allthe servers in the pipeline c00d4cd3-293b-4d2c-9f2c-452902f59078 as the min replicated index is 4. Deletion is not allowed in this container yet.
2019-10-22 00:04:55,253 [grpc-default-executor-1] INFO  impl.RaftServerImpl (ServerState.java:setLeader(256)) - fe2f4460-1173-45ac-8f62-3ccbe442b4a3@group-00D4BCF0FDF3: change Leader from null to 0d315fbd-ade0-427f-8a57-9b8f4a7ccba2 at term 2 for appendEntries, leader elected after 262ms
2019-10-22 00:04:55,253 [grpc-default-executor-3] INFO  impl.RaftServerImpl (ServerState.java:setLeader(256)) - 0d315fbd-ade0-427f-8a57-9b8f4a7ccba2@group-00D4BCF0FDF3: change Leader from 0d315fbd-ade0-427f-8a57-9b8f4a7ccba2 to null at term 3 for updateCurrentTerm
2019-10-22 00:04:55,253 [grpc-default-executor-7] INFO  impl.RaftServerImpl (ServerState.java:setLeader(256)) - fe2f4460-1173-45ac-8f62-3ccbe442b4a3@group-00D4BCF0FDF3: change Leader from 0d315fbd-ade0-427f-8a57-9b8f4a7ccba2 to null at term 3 for updateCurrentTerm
2019-10-22 00:04:55,253 [grpc-default-executor-3] INFO  impl.RaftServerImpl (RaftServerImpl.java:setRole(184)) - 0d315fbd-ade0-427f-8a57-9b8f4a7ccba2@group-00D4BCF0FDF3: changes role from    LEADER to FOLLOWER at term 3 for recognizeCandidate:bec42651-2cde-4fcc-b688-684a384bc6fb
2019-10-22 00:04:55,253 [grpc-default-executor-7] INFO  impl.RaftServerImpl (RaftServerImpl.java:setRole(184)) - fe2f4460-1173-45ac-8f62-3ccbe442b4a3@group-00D4BCF0FDF3: changes role from  FOLLOWER to FOLLOWER at term 3 for recognizeCandidate:bec42651-2cde-4fcc-b688-684a384bc6fb
2019-10-22 00:04:55,254 [grpc-default-executor-7] INFO  impl.RoleInfo (RoleInfo.java:shutdownFollowerState(121)) - fe2f4460-1173-45ac-8f62-3ccbe442b4a3: shutdown FollowerState
2019-10-22 00:04:55,254 [grpc-default-executor-3] INFO  impl.RoleInfo (RoleInfo.java:shutdownLeaderState(104)) - 0d315fbd-ade0-427f-8a57-9b8f4a7ccba2: shutdown LeaderState
2019-10-22 00:04:55,254 [Thread-780] INFO  impl.FollowerState (FollowerState.java:run(117)) - fe2f4460-1173-45ac-8f62-3ccbe442b4a3@group-00D4BCF0FDF3-FollowerState was interrupted: java.lang.InterruptedException: sleep interrupted
2019-10-22 00:04:55,255 [org.apache.ratis.server.impl.LogAppender$AppenderDaemon$$Lambda$378/1202390938@6cb6d59c] WARN  server.GrpcLogAppender (GrpcLogAppender.java:mayWait(149)) - 0d315fbd-ade0-427f-8a57-9b8f4a7ccba2@group-00D4BCF0FDF3->bec42651-2cde-4fcc-b688-684a384bc6fb-GrpcLogAppender: Wait interrupted by java.lang.InterruptedException
2019-10-22 00:04:55,254 [grpc-default-executor-7] INFO  impl.RoleInfo (RoleInfo.java:updateAndGet(143)) - fe2f4460-1173-45ac-8f62-3ccbe442b4a3: start FollowerState
2019-10-22 00:04:55,255 [org.apache.ratis.server.impl.LogAppender$AppenderDaemon$$Lambda$378/1202390938@5da14e79] WARN  server.GrpcLogAppender (GrpcLogAppender.java:mayWait(149)) - 0d315fbd-ade0-427f-8a57-9b8f4a7ccba2@group-00D4BCF0FDF3->fe2f4460-1173-45ac-8f62-3ccbe442b4a3-GrpcLogAppender: Wait interrupted by java.lang.InterruptedException
2019-10-22 00:04:55,255 [grpc-default-executor-3] INFO  impl.PendingRequests (PendingRequests.java:sendNotLeaderResponses(202)) - 0d315fbd-ade0-427f-8a57-9b8f4a7ccba2@group-00D4BCF0FDF3-PendingRequests: sendNotLeaderResponses
2019-10-22 00:04:55,256 [0d315fbd-ade0-427f-8a57-9b8f4a7ccba2@group-00D4BCF0FDF3-SegmentedRaftLogWorker] INFO  segmented.SegmentedRaftLogWorker (SegmentedRaftLogWorker.java:execute(576)) - 0d315fbd-ade0-427f-8a57-9b8f4a7ccba2@group-00D4BCF0FDF3-SegmentedRaftLogWorker: created new log segment /workdir/hadoop-ozone/integration-test/target/test-dir/MiniOzoneClusterImpl-8b3f1bd7-87d6-49e7-a08b-7cd236893d43/datanode-1/data/ratis/886a7645-0bb0-4838-9c28-00d4bcf0fdf3/current/log_inprogress_0
2019-10-22 00:04:55,256 [bec42651-2cde-4fcc-b688-684a384bc6fb@group-00D4BCF0FDF3-LeaderElection37] INFO  impl.LeaderElection (LeaderElection.java:askForVotes(178)) - bec42651-2cde-4fcc-b688-684a384bc6fb@group-00D4BCF0FDF3-LeaderElection37: begin an election at term 4 for -1: [fe2f4460-1173-45ac-8f62-3ccbe442b4a3:192.168.157.254:43148, bec42651-2cde-4fcc-b688-684a384bc6fb:192.168.157.254:46415, 0d315fbd-ade0-427f-8a57-9b8f4a7ccba2:192.168.157.254:43029], old=null
2019-10-22 00:04:55,256 [grpc-default-executor-1] INFO  server.GrpcServerProtocolService (GrpcServerProtocolService.java:onCompleted(113)) - fe2f4460-1173-45ac-8f62-3ccbe442b4a3: Completed APPEND_ENTRIES, lastRequest: 0d315fbd-ade0-427f-8a57-9b8f4a7ccba2->fe2f4460-1173-45ac-8f62-3ccbe442b4a3#0-t2, previous=(t:0, i:0), leaderCommit=-1, initializing? false, entries: <empty>
2019-10-22 00:04:55,256 [grpc-default-executor-3] INFO  impl.RoleInfo (RoleInfo.java:updateAndGet(143)) - 0d315fbd-ade0-427f-8a57-9b8f4a7ccba2: start FollowerState
2019-10-22 00:04:55,256 [grpc-default-executor-0] INFO  server.GrpcServerProtocolService (GrpcServerProtocolService.java:onCompleted(113)) - bec42651-2cde-4fcc-b688-684a384bc6fb: Completed APPEND_ENTRIES, lastRequest: 0d315fbd-ade0-427f-8a57-9b8f4a7ccba2->bec42651-2cde-4fcc-b688-684a384bc6fb#0-t2, previous=(t:0, i:0), leaderCommit=-1, initializing? false, entries: <empty>
2019-10-22 00:04:55,256 [grpc-default-executor-1] INFO  server.GrpcLogAppender (GrpcLogAppender.java:onCompleted(308)) - 0d315fbd-ade0-427f-8a57-9b8f4a7ccba2@group-00D4BCF0FDF3->fe2f4460-1173-45ac-8f62-3ccbe442b4a3-AppendLogResponseHandler: follower responses appendEntries COMPLETED
2019-10-22 00:04:55,258 [grpc-default-executor-1] INFO  impl.FollowerInfo (FollowerInfo.java:lambda$new$0(51)) - 0d315fbd-ade0-427f-8a57-9b8f4a7ccba2@group-00D4BCF0FDF3->fe2f4460-1173-45ac-8f62-3ccbe442b4a3: nextIndex: updateUnconditionally 0 -> 0
2019-10-22 00:04:55,271 [grpc-default-executor-1] INFO  impl.RaftServerImpl (RaftServerImpl.java:setRole(184)) - fe2f4460-1173-45ac-8f62-3ccbe442b4a3@group-00D4BCF0FDF3: changes role from  FOLLOWER to FOLLOWER at term 4 for recognizeCandidate:bec42651-2cde-4fcc-b688-684a384bc6fb
2019-10-22 00:04:55,271 [grpc-default-executor-1] INFO  impl.RoleInfo (RoleInfo.java:shutdownFollowerState(121)) - fe2f4460-1173-45ac-8f62-3ccbe442b4a3: shutdown FollowerState
2019-10-22 00:04:55,271 [Thread-802] INFO  impl.FollowerState (FollowerState.java:run(117)) - fe2f4460-1173-45ac-8f62-3ccbe442b4a3@group-00D4BCF0FDF3-FollowerState was interrupted: java.lang.InterruptedException: sleep interrupted
2019-10-22 00:04:55,271 [grpc-default-executor-1] INFO  impl.RoleInfo (RoleInfo.java:updateAndGet(143)) - fe2f4460-1173-45ac-8f62-3ccbe442b4a3: start FollowerState
2019-10-22 00:04:55,273 [grpc-default-executor-8] INFO  impl.RaftServerImpl (RaftServerImpl.java:setRole(184)) - 0d315fbd-ade0-427f-8a57-9b8f4a7ccba2@group-00D4BCF0FDF3: changes role from  FOLLOWER to FOLLOWER at term 4 for recognizeCandidate:bec42651-2cde-4fcc-b688-684a384bc6fb
2019-10-22 00:04:55,273 [grpc-default-executor-8] INFO  impl.RoleInfo (RoleInfo.java:shutdownFollowerState(121)) - 0d315fbd-ade0-427f-8a57-9b8f4a7ccba2: shutdown FollowerState
2019-10-22 00:04:55,273 [Thread-803] INFO  impl.FollowerState (FollowerState.java:run(117)) - 0d315fbd-ade0-427f-8a57-9b8f4a7ccba2@group-00D4BCF0FDF3-FollowerState was interrupted: java.lang.InterruptedException: sleep interrupted
2019-10-22 00:04:55,273 [grpc-default-executor-8] INFO  impl.RoleInfo (RoleInfo.java:updateAndGet(143)) - 0d315fbd-ade0-427f-8a57-9b8f4a7ccba2: start FollowerState
2019-10-22 00:04:55,277 [grpc-default-executor-0] INFO  server.GrpcLogAppender (GrpcLogAppender.java:onCompleted(308)) - 0d315fbd-ade0-427f-8a57-9b8f4a7ccba2@group-00D4BCF0FDF3->bec42651-2cde-4fcc-b688-684a384bc6fb-AppendLogResponseHandler: follower responses appendEntries COMPLETED
2019-10-22 00:04:55,277 [bec42651-2cde-4fcc-b688-684a384bc6fb@group-00D4BCF0FDF3-LeaderElection37] INFO  impl.LeaderElection (LeaderElection.java:logAndReturn(56)) - bec42651-2cde-4fcc-b688-684a384bc6fb@group-00D4BCF0FDF3-LeaderElection37: Election PASSED; received 1 response(s) [bec42651-2cde-4fcc-b688-684a384bc6fb<-fe2f4460-1173-45ac-8f62-3ccbe442b4a3#0:OK-t4] and 0 exception(s); bec42651-2cde-4fcc-b688-684a384bc6fb@group-00D4BCF0FDF3:t4, leader=null, voted=bec42651-2cde-4fcc-b688-684a384bc6fb, raftlog=bec42651-2cde-4fcc-b688-684a384bc6fb@group-00D4BCF0FDF3-SegmentedRaftLog:OPENED:c-1,f-1,i0, conf=-1: [fe2f4460-1173-45ac-8f62-3ccbe442b4a3:192.168.157.254:43148, bec42651-2cde-4fcc-b688-684a384bc6fb:192.168.157.254:46415, 0d315fbd-ade0-427f-8a57-9b8f4a7ccba2:192.168.157.254:43029], old=null
2019-10-22 00:04:55,278 [bec42651-2cde-4fcc-b688-684a384bc6fb@group-00D4BCF0FDF3-LeaderElection37] INFO  impl.RoleInfo (RoleInfo.java:shutdownLeaderElection(134)) - bec42651-2cde-4fcc-b688-684a384bc6fb: shutdown LeaderElection
2019-10-22 00:04:55,278 [bec42651-2cde-4fcc-b688-684a384bc6fb@group-00D4BCF0FDF3-LeaderElection37] INFO  impl.RaftServerImpl (RaftServerImpl.java:setRole(184)) - bec42651-2cde-4fcc-b688-684a384bc6fb@group-00D4BCF0FDF3: changes role from CANDIDATE to LEADER at term 4 for changeToLeader
2019-10-22 00:04:55,278 [bec42651-2cde-4fcc-b688-684a384bc6fb@group-00D4BCF0FDF3-LeaderElection37] INFO  impl.RaftServerImpl (ServerState.java:setLeader(256)) - bec42651-2cde-4fcc-b688-684a384bc6fb@group-00D4BCF0FDF3: change Leader from null to bec42651-2cde-4fcc-b688-684a384bc6fb at term 4 for becomeLeader, leader elected after 288ms
2019-10-22 00:04:55,278 [grpc-default-executor-0] INFO  impl.FollowerInfo (FollowerInfo.java:lambda$new$0(51)) - 0d315fbd-ade0-427f-8a57-9b8f4a7ccba2@group-00D4BCF0FDF3->bec42651-2cde-4fcc-b688-684a384bc6fb: nextIndex: updateUnconditionally 0 -> 0
2019-10-22 00:04:55,279 [bec42651-2cde-4fcc-b688-684a384bc6fb@group-00D4BCF0FDF3-LeaderElection37] INFO  server.RaftServerConfigKeys (ConfUtils.java:logGet(43)) - raft.server.staging.catchup.gap = 1000 (default)
2019-10-22 00:04:55,279 [bec42651-2cde-4fcc-b688-684a384bc6fb@group-00D4BCF0FDF3-LeaderElection37] INFO  server.RaftServerConfigKeys (ConfUtils.java:logGet(43)) - raft.server.rpc.sleep.time = 25ms (default)
2019-10-22 00:04:55,279 [bec42651-2cde-4fcc-b688-684a384bc6fb@group-00D4BCF0FDF3-LeaderElection37] INFO  server.RaftServerConfigKeys (ConfUtils.java:logGet(43)) - raft.server.write.element-limit = 4096 (default)
2019-10-22 00:04:55,279 [bec42651-2cde-4fcc-b688-684a384bc6fb@group-00D4BCF0FDF3-LeaderElection37] INFO  server.RaftServerConfigKeys (ConfUtils.java:logGet(43)) - raft.server.watch.timeout = 10s (default)
2019-10-22 00:04:55,279 [bec42651-2cde-4fcc-b688-684a384bc6fb@group-00D4BCF0FDF3-LeaderElection37] INFO  server.RaftServerConfigKeys (ConfUtils.java:logGet(43)) - raft.server.watch.timeout.denomination = 1s (default)
2019-10-22 00:04:55,279 [bec42651-2cde-4fcc-b688-684a384bc6fb@group-00D4BCF0FDF3-LeaderElection37] INFO  server.RaftServerConfigKeys (ConfUtils.java:logGet(43)) - raft.server.watch.element-limit = 65536 (default)
2019-10-22 00:04:55,282 [bec42651-2cde-4fcc-b688-684a384bc6fb@group-00D4BCF0FDF3-LeaderElection37] INFO  server.RaftServerConfigKeys (ConfUtils.java:logGet(43)) - raft.server.log.appender.snapshot.chunk.size.max = 16MB (=16777216) (default)
2019-10-22 00:04:55,282 [bec42651-2cde-4fcc-b688-684a384bc6fb@group-00D4BCF0FDF3-LeaderElection37] INFO  server.RaftServerConfigKeys (ConfUtils.java:logGet(43)) - raft.server.log.appender.buffer.byte-limit = 33554432 (custom)
2019-10-22 00:04:55,282 [bec42651-2cde-4fcc-b688-684a384bc6fb@group-00D4BCF0FDF3-LeaderElection37] INFO  server.RaftServerConfigKeys (ConfUtils.java:logGet(43)) - raft.server.log.appender.buffer.element-limit = 1 (custom)
2019-10-22 00:04:55,282 [bec42651-2cde-4fcc-b688-684a384bc6fb@group-00D4BCF0FDF3-LeaderElection37] INFO  grpc.GrpcConfigKeys$Server (ConfUtils.java:logGet(43)) - raft.grpc.server.leader.outstanding.appends.max = 128 (default)
2019-10-22 00:04:55,282 [bec42651-2cde-4fcc-b688-684a384bc6fb@group-00D4BCF0FDF3-LeaderElection37] INFO  server.RaftServerConfigKeys (ConfUtils.java:logGet(43)) - raft.server.rpc.request.timeout = 3000ms (default)
2019-10-22 00:04:55,282 [bec42651-2cde-4fcc-b688-684a384bc6fb@group-00D4BCF0FDF3-LeaderElection37] INFO  server.RaftServerConfigKeys (ConfUtils.java:logGet(43)) - raft.server.log.appender.install.snapshot.enabled = false (custom)
2019-10-22 00:04:55,284 [bec42651-2cde-4fcc-b688-684a384bc6fb@group-00D4BCF0FDF3-LeaderElection37] INFO  server.RaftServerConfigKeys (ConfUtils.java:logGet(43)) - raft.server.log.appender.snapshot.chunk.size.max = 16MB (=16777216) (default)
2019-10-22 00:04:55,284 [bec42651-2cde-4fcc-b688-684a384bc6fb@group-00D4BCF0FDF3-LeaderElection37] INFO  server.RaftServerConfigKeys (ConfUtils.java:logGet(43)) - raft.server.log.appender.buffer.byte-limit = 33554432 (custom)
2019-10-22 00:04:55,284 [bec42651-2cde-4fcc-b688-684a384bc6fb@group-00D4BCF0FDF3-LeaderElection37] INFO  server.RaftServerConfigKeys (ConfUtils.java:logGet(43)) - raft.server.log.appender.buffer.element-limit = 1 (custom)
2019-10-22 00:04:55,284 [bec42651-2cde-4fcc-b688-684a384bc6fb@group-00D4BCF0FDF3-LeaderElection37] INFO  grpc.GrpcConfigKeys$Server (ConfUtils.java:logGet(43)) - raft.grpc.server.leader.outstanding.appends.max = 128 (default)
2019-10-22 00:04:55,284 [bec42651-2cde-4fcc-b688-684a384bc6fb@group-00D4BCF0FDF3-LeaderElection37] INFO  server.RaftServerConfigKeys (ConfUtils.java:logGet(43)) - raft.server.rpc.request.timeout = 3000ms (default)
2019-10-22 00:04:55,284 [bec42651-2cde-4fcc-b688-684a384bc6fb@group-00D4BCF0FDF3-LeaderElection37] INFO  server.RaftServerConfigKeys (ConfUtils.java:logGet(43)) - raft.server.log.appender.install.snapshot.enabled = false (custom)
2019-10-22 00:04:55,286 [bec42651-2cde-4fcc-b688-684a384bc6fb@group-00D4BCF0FDF3-LeaderElection37] INFO  impl.RoleInfo (RoleInfo.java:updateAndGet(143)) - bec42651-2cde-4fcc-b688-684a384bc6fb: start LeaderState
2019-10-22 00:04:55,286 [bec42651-2cde-4fcc-b688-684a384bc6fb@group-00D4BCF0FDF3-LeaderElection37] INFO  segmented.SegmentedRaftLogWorker (SegmentedRaftLogWorker.java:startLogSegment(385)) - bec42651-2cde-4fcc-b688-684a384bc6fb@group-00D4BCF0FDF3-SegmentedRaftLogWorker: Starting segment from index:0
2019-10-22 00:04:55,287 [bec42651-2cde-4fcc-b688-684a384bc6fb@group-00D4BCF0FDF3-LeaderElection37] INFO  impl.RaftServerImpl (ServerState.java:setRaftConf(357)) - bec42651-2cde-4fcc-b688-684a384bc6fb@group-00D4BCF0FDF3: set configuration 0: [fe2f4460-1173-45ac-8f62-3ccbe442b4a3:192.168.157.254:43148, bec42651-2cde-4fcc-b688-684a384bc6fb:192.168.157.254:46415, 0d315fbd-ade0-427f-8a57-9b8f4a7ccba2:192.168.157.254:43029], old=null at 0
2019-10-22 00:04:55,289 [grpc-default-executor-0] INFO  impl.RaftServerImpl (ServerState.java:setLeader(256)) - fe2f4460-1173-45ac-8f62-3ccbe442b4a3@group-00D4BCF0FDF3: change Leader from null to bec42651-2cde-4fcc-b688-684a384bc6fb at term 4 for appendEntries, leader elected after 35ms
2019-10-22 00:04:55,290 [grpc-default-executor-8] INFO  impl.RaftServerImpl (ServerState.java:setLeader(256)) - 0d315fbd-ade0-427f-8a57-9b8f4a7ccba2@group-00D4BCF0FDF3: change Leader from null to bec42651-2cde-4fcc-b688-684a384bc6fb at term 4 for appendEntries, leader elected after 36ms
2019-10-22 00:04:55,292 [grpc-default-executor-0] INFO  impl.RaftServerImpl (ServerState.java:setRaftConf(357)) - fe2f4460-1173-45ac-8f62-3ccbe442b4a3@group-00D4BCF0FDF3: set configuration 0: [fe2f4460-1173-45ac-8f62-3ccbe442b4a3:192.168.157.254:43148, bec42651-2cde-4fcc-b688-684a384bc6fb:192.168.157.254:46415, 0d315fbd-ade0-427f-8a57-9b8f4a7ccba2:192.168.157.254:43029], old=null at 0
2019-10-22 00:04:55,292 [grpc-default-executor-8] INFO  impl.RaftServerImpl (ServerState.java:setRaftConf(357)) - 0d315fbd-ade0-427f-8a57-9b8f4a7ccba2@group-00D4BCF0FDF3: set configuration 0: [fe2f4460-1173-45ac-8f62-3ccbe442b4a3:192.168.157.254:43148, bec42651-2cde-4fcc-b688-684a384bc6fb:192.168.157.254:46415, 0d315fbd-ade0-427f-8a57-9b8f4a7ccba2:192.168.157.254:43029], old=null at 0
2019-10-22 00:04:55,292 [grpc-default-executor-0] INFO  segmented.SegmentedRaftLogWorker (SegmentedRaftLogWorker.java:startLogSegment(385)) - fe2f4460-1173-45ac-8f62-3ccbe442b4a3@group-00D4BCF0FDF3-SegmentedRaftLogWorker: Starting segment from index:0
2019-10-22 00:04:55,292 [grpc-default-executor-8] INFO  segmented.SegmentedRaftLogWorker (SegmentedRaftLogWorker.java:truncate(401)) - 0d315fbd-ade0-427f-8a57-9b8f4a7ccba2@group-00D4BCF0FDF3-SegmentedRaftLogWorker: Truncating segments toTruncate: null
  toDelete: [(0, 0) isOpen? true, length=0, newEndIndex=-1], start index 0
2019-10-22 00:04:55,293 [grpc-default-executor-8] INFO  segmented.SegmentedRaftLogWorker (SegmentedRaftLogWorker.java:startLogSegment(385)) - 0d315fbd-ade0-427f-8a57-9b8f4a7ccba2@group-00D4BCF0FDF3-SegmentedRaftLogWorker: Starting segment from index:0
2019-10-22 00:04:55,294 [0d315fbd-ade0-427f-8a57-9b8f4a7ccba2@group-00D4BCF0FDF3-SegmentedRaftLogWorker] INFO  segmented.SegmentedRaftLogWorker (SegmentedRaftLogWorker.java:execute(640)) - 0d315fbd-ade0-427f-8a57-9b8f4a7ccba2@group-00D4BCF0FDF3-SegmentedRaftLogWorker: Deleted log file /workdir/hadoop-ozone/integration-test/target/test-dir/MiniOzoneClusterImpl-8b3f1bd7-87d6-49e7-a08b-7cd236893d43/datanode-1/data/ratis/886a7645-0bb0-4838-9c28-00d4bcf0fdf3/current/log_inprogress_0
2019-10-22 00:04:55,294 [0d315fbd-ade0-427f-8a57-9b8f4a7ccba2@group-00D4BCF0FDF3-SegmentedRaftLogWorker] INFO  segmented.SegmentedRaftLogWorker (SegmentedRaftLogWorker.java:lambda$new$0(128)) - 0d315fbd-ade0-427f-8a57-9b8f4a7ccba2@group-00D4BCF0FDF3-SegmentedRaftLogWorker: flushIndex: setUnconditionally 0 -> -1
2019-10-22 00:04:55,304 [Thread-798] INFO  impl.FollowerState (FollowerState.java:run(108)) - 0d315fbd-ade0-427f-8a57-9b8f4a7ccba2@group-452902F59078-FollowerState: change to CANDIDATE, lastRpcTime:52ms, electionTimeout:52ms
2019-10-22 00:04:55,304 [Thread-798] INFO  impl.RoleInfo (RoleInfo.java:shutdownFollowerState(121)) - 0d315fbd-ade0-427f-8a57-9b8f4a7ccba2: shutdown FollowerState
2019-10-22 00:04:55,304 [Thread-798] INFO  impl.RaftServerImpl (RaftServerImpl.java:setRole(184)) - 0d315fbd-ade0-427f-8a57-9b8f4a7ccba2@group-452902F59078: changes role from  FOLLOWER to CANDIDATE at term 31 for changeToCandidate
2019-10-22 00:04:55,305 [Thread-798] INFO  impl.RoleInfo (RoleInfo.java:updateAndGet(143)) - 0d315fbd-ade0-427f-8a57-9b8f4a7ccba2: start LeaderElection
2019-10-22 00:04:55,321 [0d315fbd-ade0-427f-8a57-9b8f4a7ccba2@group-452902F59078-LeaderElection38] INFO  impl.LeaderElection (LeaderElection.java:askForVotes(178)) - 0d315fbd-ade0-427f-8a57-9b8f4a7ccba2@group-452902F59078-LeaderElection38: begin an election at term 32 for 0: [fe2f4460-1173-45ac-8f62-3ccbe442b4a3:192.168.157.254:43148, bec42651-2cde-4fcc-b688-684a384bc6fb:192.168.157.254:46415, 0d315fbd-ade0-427f-8a57-9b8f4a7ccba2:192.168.157.254:43029], old=null
2019-10-22 00:04:55,322 [EventQueue-PendingDeleteStatusForPendingDeleteHandler] INFO  block.SCMBlockDeletingService (SCMBlockDeletingService.java:handlePendingDeletes(115)) - Block deletion txnID mismatch in datanode 0d315fbd-ade0-427f-8a57-9b8f4a7ccba2 for containerID 1. Datanode delete txnID: 0, SCM txnID: 1
2019-10-22 00:04:55,329 [grpc-default-executor-0] INFO  impl.RaftServerImpl (RaftServerImpl.java:setRole(184)) - fe2f4460-1173-45ac-8f62-3ccbe442b4a3@group-452902F59078: changes role from  FOLLOWER to FOLLOWER at term 32 for recognizeCandidate:0d315fbd-ade0-427f-8a57-9b8f4a7ccba2
2019-10-22 00:04:55,329 [grpc-default-executor-8] INFO  impl.RaftServerImpl (RaftServerImpl.java:setRole(184)) - bec42651-2cde-4fcc-b688-684a384bc6fb@group-452902F59078: changes role from  FOLLOWER to FOLLOWER at term 32 for recognizeCandidate:0d315fbd-ade0-427f-8a57-9b8f4a7ccba2
2019-10-22 00:04:55,329 [grpc-default-executor-0] INFO  impl.RoleInfo (RoleInfo.java:shutdownFollowerState(121)) - fe2f4460-1173-45ac-8f62-3ccbe442b4a3: shutdown FollowerState
2019-10-22 00:04:55,329 [grpc-default-executor-8] INFO  impl.RoleInfo (RoleInfo.java:shutdownFollowerState(121)) - bec42651-2cde-4fcc-b688-684a384bc6fb: shutdown FollowerState
2019-10-22 00:04:55,329 [Thread-790] INFO  impl.FollowerState (FollowerState.java:run(117)) - fe2f4460-1173-45ac-8f62-3ccbe442b4a3@group-452902F59078-FollowerState was interrupted: java.lang.InterruptedException: sleep interrupted
2019-10-22 00:04:55,329 [grpc-default-executor-8] INFO  impl.RoleInfo (RoleInfo.java:updateAndGet(143)) - bec42651-2cde-4fcc-b688-684a384bc6fb: start FollowerState
2019-10-22 00:04:55,329 [grpc-default-executor-0] INFO  impl.RoleInfo (RoleInfo.java:updateAndGet(143)) - fe2f4460-1173-45ac-8f62-3ccbe442b4a3: start FollowerState
2019-10-22 00:04:55,329 [Thread-789] INFO  impl.FollowerState (FollowerState.java:run(117)) - bec42651-2cde-4fcc-b688-684a384bc6fb@group-452902F59078-FollowerState was interrupted: java.lang.InterruptedException: sleep interrupted
2019-10-22 00:04:55,348 [bec42651-2cde-4fcc-b688-684a384bc6fb@group-00D4BCF0FDF3-SegmentedRaftLogWorker] INFO  segmented.SegmentedRaftLogWorker (SegmentedRaftLogWorker.java:execute(576)) - bec42651-2cde-4fcc-b688-684a384bc6fb@group-00D4BCF0FDF3-SegmentedRaftLogWorker: created new log segment /workdir/hadoop-ozone/integration-test/target/test-dir/MiniOzoneClusterImpl-8b3f1bd7-87d6-49e7-a08b-7cd236893d43/datanode-0/data/ratis/886a7645-0bb0-4838-9c28-00d4bcf0fdf3/current/log_inprogress_0
2019-10-22 00:04:55,348 [fe2f4460-1173-45ac-8f62-3ccbe442b4a3@group-00D4BCF0FDF3-SegmentedRaftLogWorker] INFO  segmented.SegmentedRaftLogWorker (SegmentedRaftLogWorker.java:execute(576)) - fe2f4460-1173-45ac-8f62-3ccbe442b4a3@group-00D4BCF0FDF3-SegmentedRaftLogWorker: created new log segment /workdir/hadoop-ozone/integration-test/target/test-dir/MiniOzoneClusterImpl-8b3f1bd7-87d6-49e7-a08b-7cd236893d43/datanode-2/data/ratis/886a7645-0bb0-4838-9c28-00d4bcf0fdf3/current/log_inprogress_0
2019-10-22 00:04:55,348 [0d315fbd-ade0-427f-8a57-9b8f4a7ccba2@group-00D4BCF0FDF3-SegmentedRaftLogWorker] INFO  segmented.SegmentedRaftLogWorker (SegmentedRaftLogWorker.java:execute(576)) - 0d315fbd-ade0-427f-8a57-9b8f4a7ccba2@group-00D4BCF0FDF3-SegmentedRaftLogWorker: created new log segment /workdir/hadoop-ozone/integration-test/target/test-dir/MiniOzoneClusterImpl-8b3f1bd7-87d6-49e7-a08b-7cd236893d43/datanode-1/data/ratis/886a7645-0bb0-4838-9c28-00d4bcf0fdf3/current/log_inprogress_0
2019-10-22 00:04:55,353 [0d315fbd-ade0-427f-8a57-9b8f4a7ccba2@group-452902F59078-LeaderElection38] INFO  impl.LeaderElection (LeaderElection.java:logAndReturn(56)) - 0d315fbd-ade0-427f-8a57-9b8f4a7ccba2@group-452902F59078-LeaderElection38: Election REJECTED; received 2 response(s) [0d315fbd-ade0-427f-8a57-9b8f4a7ccba2<-fe2f4460-1173-45ac-8f62-3ccbe442b4a3#0:FAIL-t32, 0d315fbd-ade0-427f-8a57-9b8f4a7ccba2<-bec42651-2cde-4fcc-b688-684a384bc6fb#0:FAIL-t32] and 0 exception(s); 0d315fbd-ade0-427f-8a57-9b8f4a7ccba2@group-452902F59078:t32, leader=null, voted=0d315fbd-ade0-427f-8a57-9b8f4a7ccba2, raftlog=0d315fbd-ade0-427f-8a57-9b8f4a7ccba2@group-452902F59078-SegmentedRaftLog:OPENED:c3,f4,i4, conf=0: [fe2f4460-1173-45ac-8f62-3ccbe442b4a3:192.168.157.254:43148, bec42651-2cde-4fcc-b688-684a384bc6fb:192.168.157.254:46415, 0d315fbd-ade0-427f-8a57-9b8f4a7ccba2:192.168.157.254:43029], old=null
2019-10-22 00:04:55,353 [0d315fbd-ade0-427f-8a57-9b8f4a7ccba2@group-452902F59078-LeaderElection38] INFO  impl.RaftServerImpl (RaftServerImpl.java:setRole(184)) - 0d315fbd-ade0-427f-8a57-9b8f4a7ccba2@group-452902F59078: changes role from CANDIDATE to FOLLOWER at term 32 for DISCOVERED_A_NEW_TERM
2019-10-22 00:04:55,353 [0d315fbd-ade0-427f-8a57-9b8f4a7ccba2@group-452902F59078-LeaderElection38] INFO  impl.RoleInfo (RoleInfo.java:shutdownLeaderElection(134)) - 0d315fbd-ade0-427f-8a57-9b8f4a7ccba2: shutdown LeaderElection
2019-10-22 00:04:55,353 [0d315fbd-ade0-427f-8a57-9b8f4a7ccba2@group-452902F59078-LeaderElection38] INFO  impl.RoleInfo (RoleInfo.java:updateAndGet(143)) - 0d315fbd-ade0-427f-8a57-9b8f4a7ccba2: start FollowerState
2019-10-22 00:04:55,542 [Thread-822] INFO  impl.FollowerState (FollowerState.java:run(108)) - 0d315fbd-ade0-427f-8a57-9b8f4a7ccba2@group-452902F59078-FollowerState: change to CANDIDATE, lastRpcTime:188ms, electionTimeout:188ms
2019-10-22 00:04:55,542 [Thread-822] INFO  impl.RoleInfo (RoleInfo.java:shutdownFollowerState(121)) - 0d315fbd-ade0-427f-8a57-9b8f4a7ccba2: shutdown FollowerState
2019-10-22 00:04:55,542 [Thread-822] INFO  impl.RaftServerImpl (RaftServerImpl.java:setRole(184)) - 0d315fbd-ade0-427f-8a57-9b8f4a7ccba2@group-452902F59078: changes role from  FOLLOWER to CANDIDATE at term 32 for changeToCandidate
2019-10-22 00:04:55,542 [Thread-822] INFO  impl.RoleInfo (RoleInfo.java:updateAndGet(143)) - 0d315fbd-ade0-427f-8a57-9b8f4a7ccba2: start LeaderElection
2019-10-22 00:04:55,576 [0d315fbd-ade0-427f-8a57-9b8f4a7ccba2@group-452902F59078-LeaderElection39] INFO  impl.LeaderElection (LeaderElection.java:askForVotes(178)) - 0d315fbd-ade0-427f-8a57-9b8f4a7ccba2@group-452902F59078-LeaderElection39: begin an election at term 33 for 0: [fe2f4460-1173-45ac-8f62-3ccbe442b4a3:192.168.157.254:43148, bec42651-2cde-4fcc-b688-684a384bc6fb:192.168.157.254:46415, 0d315fbd-ade0-427f-8a57-9b8f4a7ccba2:192.168.157.254:43029], old=null
2019-10-22 00:04:55,579 [grpc-default-executor-0] INFO  impl.RaftServerImpl (RaftServerImpl.java:setRole(184)) - bec42651-2cde-4fcc-b688-684a384bc6fb@group-452902F59078: changes role from  FOLLOWER to FOLLOWER at term 33 for recognizeCandidate:0d315fbd-ade0-427f-8a57-9b8f4a7ccba2
2019-10-22 00:04:55,579 [grpc-default-executor-8] INFO  impl.RaftServerImpl (RaftServerImpl.java:setRole(184)) - fe2f4460-1173-45ac-8f62-3ccbe442b4a3@group-452902F59078: changes role from  FOLLOWER to FOLLOWER at term 33 for recognizeCandidate:0d315fbd-ade0-427f-8a57-9b8f4a7ccba2
2019-10-22 00:04:55,579 [grpc-default-executor-0] INFO  impl.RoleInfo (RoleInfo.java:shutdownFollowerState(121)) - bec42651-2cde-4fcc-b688-684a384bc6fb: shutdown FollowerState
2019-10-22 00:04:55,579 [grpc-default-executor-8] INFO  impl.RoleInfo (RoleInfo.java:shutdownFollowerState(121)) - fe2f4460-1173-45ac-8f62-3ccbe442b4a3: shutdown FollowerState
2019-10-22 00:04:55,580 [grpc-default-executor-0] INFO  impl.RoleInfo (RoleInfo.java:updateAndGet(143)) - bec42651-2cde-4fcc-b688-684a384bc6fb: start FollowerState
2019-10-22 00:04:55,580 [Thread-819] INFO  impl.FollowerState (FollowerState.java:run(117)) - bec42651-2cde-4fcc-b688-684a384bc6fb@group-452902F59078-FollowerState was interrupted: java.lang.InterruptedException: sleep interrupted
2019-10-22 00:04:55,580 [grpc-default-executor-8] INFO  impl.RoleInfo (RoleInfo.java:updateAndGet(143)) - fe2f4460-1173-45ac-8f62-3ccbe442b4a3: start FollowerState
2019-10-22 00:04:55,580 [Thread-818] INFO  impl.FollowerState (FollowerState.java:run(117)) - fe2f4460-1173-45ac-8f62-3ccbe442b4a3@group-452902F59078-FollowerState was interrupted: java.lang.InterruptedException: sleep interrupted
2019-10-22 00:04:55,597 [0d315fbd-ade0-427f-8a57-9b8f4a7ccba2@group-452902F59078-LeaderElection39] INFO  impl.LeaderElection (LeaderElection.java:logAndReturn(56)) - 0d315fbd-ade0-427f-8a57-9b8f4a7ccba2@group-452902F59078-LeaderElection39: Election REJECTED; received 2 response(s) [0d315fbd-ade0-427f-8a57-9b8f4a7ccba2<-fe2f4460-1173-45ac-8f62-3ccbe442b4a3#0:FAIL-t33, 0d315fbd-ade0-427f-8a57-9b8f4a7ccba2<-bec42651-2cde-4fcc-b688-684a384bc6fb#0:FAIL-t33] and 0 exception(s); 0d315fbd-ade0-427f-8a57-9b8f4a7ccba2@group-452902F59078:t33, leader=null, voted=0d315fbd-ade0-427f-8a57-9b8f4a7ccba2, raftlog=0d315fbd-ade0-427f-8a57-9b8f4a7ccba2@group-452902F59078-SegmentedRaftLog:OPENED:c3,f4,i4, conf=0: [fe2f4460-1173-45ac-8f62-3ccbe442b4a3:192.168.157.254:43148, bec42651-2cde-4fcc-b688-684a384bc6fb:192.168.157.254:46415, 0d315fbd-ade0-427f-8a57-9b8f4a7ccba2:192.168.157.254:43029], old=null
2019-10-22 00:04:55,598 [0d315fbd-ade0-427f-8a57-9b8f4a7ccba2@group-452902F59078-LeaderElection39] INFO  impl.RaftServerImpl (RaftServerImpl.java:setRole(184)) - 0d315fbd-ade0-427f-8a57-9b8f4a7ccba2@group-452902F59078: changes role from CANDIDATE to FOLLOWER at term 33 for DISCOVERED_A_NEW_TERM
2019-10-22 00:04:55,598 [0d315fbd-ade0-427f-8a57-9b8f4a7ccba2@group-452902F59078-LeaderElection39] INFO  impl.RoleInfo (RoleInfo.java:shutdownLeaderElection(134)) - 0d315fbd-ade0-427f-8a57-9b8f4a7ccba2: shutdown LeaderElection
2019-10-22 00:04:55,598 [0d315fbd-ade0-427f-8a57-9b8f4a7ccba2@group-452902F59078-LeaderElection39] INFO  impl.RoleInfo (RoleInfo.java:updateAndGet(143)) - 0d315fbd-ade0-427f-8a57-9b8f4a7ccba2: start FollowerState
2019-10-22 00:04:55,621 [EventQueue-PendingDeleteStatusForPendingDeleteHandler] INFO  block.SCMBlockDeletingService (SCMBlockDeletingService.java:handlePendingDeletes(115)) - Block deletion txnID mismatch in datanode 0d315fbd-ade0-427f-8a57-9b8f4a7ccba2 for containerID 1. Datanode delete txnID: 0, SCM txnID: 1
2019-10-22 00:04:55,723 [Thread-828] INFO  impl.FollowerState (FollowerState.java:run(108)) - 0d315fbd-ade0-427f-8a57-9b8f4a7ccba2@group-452902F59078-FollowerState: change to CANDIDATE, lastRpcTime:125ms, electionTimeout:125ms
2019-10-22 00:04:55,724 [Thread-828] INFO  impl.RoleInfo (RoleInfo.java:shutdownFollowerState(121)) - 0d315fbd-ade0-427f-8a57-9b8f4a7ccba2: shutdown FollowerState
2019-10-22 00:04:55,724 [Thread-828] INFO  impl.RaftServerImpl (RaftServerImpl.java:setRole(184)) - 0d315fbd-ade0-427f-8a57-9b8f4a7ccba2@group-452902F59078: changes role from  FOLLOWER to CANDIDATE at term 33 for changeToCandidate
2019-10-22 00:04:55,724 [Thread-828] INFO  impl.RoleInfo (RoleInfo.java:updateAndGet(143)) - 0d315fbd-ade0-427f-8a57-9b8f4a7ccba2: start LeaderElection
2019-10-22 00:04:55,738 [0d315fbd-ade0-427f-8a57-9b8f4a7ccba2@group-452902F59078-LeaderElection40] INFO  impl.LeaderElection (LeaderElection.java:askForVotes(178)) - 0d315fbd-ade0-427f-8a57-9b8f4a7ccba2@group-452902F59078-LeaderElection40: begin an election at term 34 for 0: [fe2f4460-1173-45ac-8f62-3ccbe442b4a3:192.168.157.254:43148, bec42651-2cde-4fcc-b688-684a384bc6fb:192.168.157.254:46415, 0d315fbd-ade0-427f-8a57-9b8f4a7ccba2:192.168.157.254:43029], old=null
2019-10-22 00:04:55,742 [grpc-default-executor-0] INFO  impl.RaftServerImpl (RaftServerImpl.java:setRole(184)) - bec42651-2cde-4fcc-b688-684a384bc6fb@group-452902F59078: changes role from  FOLLOWER to FOLLOWER at term 34 for recognizeCandidate:0d315fbd-ade0-427f-8a57-9b8f4a7ccba2
2019-10-22 00:04:55,742 [grpc-default-executor-8] INFO  impl.RaftServerImpl (RaftServerImpl.java:setRole(184)) - fe2f4460-1173-45ac-8f62-3ccbe442b4a3@group-452902F59078: changes role from  FOLLOWER to FOLLOWER at term 34 for recognizeCandidate:0d315fbd-ade0-427f-8a57-9b8f4a7ccba2
2019-10-22 00:04:55,742 [grpc-default-executor-0] INFO  impl.RoleInfo (RoleInfo.java:shutdownFollowerState(121)) - bec42651-2cde-4fcc-b688-684a384bc6fb: shutdown FollowerState
2019-10-22 00:04:55,742 [grpc-default-executor-8] INFO  impl.RoleInfo (RoleInfo.java:shutdownFollowerState(121)) - fe2f4460-1173-45ac-8f62-3ccbe442b4a3: shutdown FollowerState
2019-10-22 00:04:55,742 [grpc-default-executor-0] INFO  impl.RoleInfo (RoleInfo.java:updateAndGet(143)) - bec42651-2cde-4fcc-b688-684a384bc6fb: start FollowerState
2019-10-22 00:04:55,742 [grpc-default-executor-8] INFO  impl.RoleInfo (RoleInfo.java:updateAndGet(143)) - fe2f4460-1173-45ac-8f62-3ccbe442b4a3: start FollowerState
2019-10-22 00:04:55,742 [Thread-826] INFO  impl.FollowerState (FollowerState.java:run(117)) - bec42651-2cde-4fcc-b688-684a384bc6fb@group-452902F59078-FollowerState was interrupted: java.lang.InterruptedException: sleep interrupted
2019-10-22 00:04:55,742 [Thread-827] INFO  impl.FollowerState (FollowerState.java:run(117)) - fe2f4460-1173-45ac-8f62-3ccbe442b4a3@group-452902F59078-FollowerState was interrupted: java.lang.InterruptedException: sleep interrupted
2019-10-22 00:04:55,755 [0d315fbd-ade0-427f-8a57-9b8f4a7ccba2@group-452902F59078-LeaderElection40] INFO  impl.LeaderElection (LeaderElection.java:logAndReturn(56)) - 0d315fbd-ade0-427f-8a57-9b8f4a7ccba2@group-452902F59078-LeaderElection40: Election REJECTED; received 2 response(s) [0d315fbd-ade0-427f-8a57-9b8f4a7ccba2<-fe2f4460-1173-45ac-8f62-3ccbe442b4a3#0:FAIL-t34, 0d315fbd-ade0-427f-8a57-9b8f4a7ccba2<-bec42651-2cde-4fcc-b688-684a384bc6fb#0:FAIL-t34] and 0 exception(s); 0d315fbd-ade0-427f-8a57-9b8f4a7ccba2@group-452902F59078:t34, leader=null, voted=0d315fbd-ade0-427f-8a57-9b8f4a7ccba2, raftlog=0d315fbd-ade0-427f-8a57-9b8f4a7ccba2@group-452902F59078-SegmentedRaftLog:OPENED:c3,f4,i4, conf=0: [fe2f4460-1173-45ac-8f62-3ccbe442b4a3:192.168.157.254:43148, bec42651-2cde-4fcc-b688-684a384bc6fb:192.168.157.254:46415, 0d315fbd-ade0-427f-8a57-9b8f4a7ccba2:192.168.157.254:43029], old=null
2019-10-22 00:04:55,755 [0d315fbd-ade0-427f-8a57-9b8f4a7ccba2@group-452902F59078-LeaderElection40] INFO  impl.RaftServerImpl (RaftServerImpl.java:setRole(184)) - 0d315fbd-ade0-427f-8a57-9b8f4a7ccba2@group-452902F59078: changes role from CANDIDATE to FOLLOWER at term 34 for DISCOVERED_A_NEW_TERM
2019-10-22 00:04:55,756 [0d315fbd-ade0-427f-8a57-9b8f4a7ccba2@group-452902F59078-LeaderElection40] INFO  impl.RoleInfo (RoleInfo.java:shutdownLeaderElection(134)) - 0d315fbd-ade0-427f-8a57-9b8f4a7ccba2: shutdown LeaderElection
2019-10-22 00:04:55,756 [0d315fbd-ade0-427f-8a57-9b8f4a7ccba2@group-452902F59078-LeaderElection40] INFO  impl.RoleInfo (RoleInfo.java:updateAndGet(143)) - 0d315fbd-ade0-427f-8a57-9b8f4a7ccba2: start FollowerState
2019-10-22 00:04:55,822 [EventQueue-PendingDeleteStatusForPendingDeleteHandler] INFO  block.SCMBlockDeletingService (SCMBlockDeletingService.java:handlePendingDeletes(115)) - Block deletion txnID mismatch in datanode 0d315fbd-ade0-427f-8a57-9b8f4a7ccba2 for containerID 1. Datanode delete txnID: 0, SCM txnID: 1
2019-10-22 00:04:55,823 [Command processor thread] INFO  commandhandler.DeleteBlocksCommandHandler (DeleteBlocksCommandHandler.java:handle(106)) - Start to delete container blocks, TXIDs=[1(0)], numOfContainers=1, numOfBlocks=1
2019-10-22 00:04:55,823 [Command processor thread] INFO  commandhandler.DeleteBlocksCommandHandler (DeleteBlocksCommandHandler.java:handle(106)) - Start to delete container blocks, TXIDs=[1(2)], numOfContainers=1, numOfBlocks=1
2019-10-22 00:04:55,823 [Command processor thread] INFO  commandhandler.DeleteBlocksCommandHandler (DeleteBlocksCommandHandler.java:handle(106)) - Start to delete container blocks, TXIDs=[1(0)], numOfContainers=1, numOfBlocks=1
2019-10-22 00:04:55,824 [Command processor thread] INFO  commandhandler.DeleteBlocksCommandHandler (DeleteBlocksCommandHandler.java:handle(106)) - Start to delete container blocks, TXIDs=[1(2)], numOfContainers=1, numOfBlocks=1
2019-10-22 00:04:55,824 [Command processor thread] INFO  commandhandler.DeleteBlocksCommandHandler (DeleteBlocksCommandHandler.java:handle(106)) - Start to delete container blocks, TXIDs=[1(0)], numOfContainers=1, numOfBlocks=1
2019-10-22 00:04:55,824 [Command processor thread] INFO  commandhandler.DeleteBlocksCommandHandler (DeleteBlocksCommandHandler.java:handle(106)) - Start to delete container blocks, TXIDs=[1(2)], numOfContainers=1, numOfBlocks=1
2019-10-22 00:04:55,824 [Command processor thread] INFO  commandhandler.DeleteBlocksCommandHandler (DeleteBlocksCommandHandler.java:handle(106)) - Start to delete container blocks, TXIDs=[1(2)], numOfContainers=1, numOfBlocks=1
2019-10-22 00:04:55,824 [Command processor thread] INFO  commandhandler.DeleteBlocksCommandHandler (DeleteBlocksCommandHandler.java:handle(106)) - Start to delete container blocks, TXIDs=[1(2)], numOfContainers=1, numOfBlocks=1
2019-10-22 00:04:55,824 [Command processor thread] INFO  commandhandler.DeleteBlocksCommandHandler (DeleteBlocksCommandHandler.java:handle(106)) - Start to delete container blocks, TXIDs=[1(2)], numOfContainers=1, numOfBlocks=1
2019-10-22 00:04:55,824 [Command processor thread] INFO  commandhandler.DeleteBlocksCommandHandler (DeleteBlocksCommandHandler.java:handle(106)) - Start to delete container blocks, TXIDs=[1(0)], numOfContainers=1, numOfBlocks=1
2019-10-22 00:04:55,825 [Command processor thread] INFO  commandhandler.DeleteBlocksCommandHandler (DeleteBlocksCommandHandler.java:handle(106)) - Start to delete container blocks, TXIDs=[1(2)], numOfContainers=1, numOfBlocks=1
2019-10-22 00:04:55,825 [Command processor thread] INFO  commandhandler.DeleteBlocksCommandHandler (DeleteBlocksCommandHandler.java:handle(106)) - Start to delete container blocks, TXIDs=[1(2)], numOfContainers=1, numOfBlocks=1
2019-10-22 00:04:55,825 [Command processor thread] INFO  commandhandler.DeleteBlocksCommandHandler (DeleteBlocksCommandHandler.java:handle(106)) - Start to delete container blocks, TXIDs=[1(2)], numOfContainers=1, numOfBlocks=1
2019-10-22 00:04:55,825 [Command processor thread] INFO  commandhandler.DeleteBlocksCommandHandler (DeleteBlocksCommandHandler.java:handle(106)) - Start to delete container blocks, TXIDs=[1(2)], numOfContainers=1, numOfBlocks=1
2019-10-22 00:04:55,825 [Command processor thread] INFO  commandhandler.DeleteBlocksCommandHandler (DeleteBlocksCommandHandler.java:handle(106)) - Start to delete container blocks, TXIDs=[1(0)], numOfContainers=1, numOfBlocks=1
2019-10-22 00:04:55,825 [Command processor thread] INFO  commandhandler.DeleteBlocksCommandHandler (DeleteBlocksCommandHandler.java:handle(106)) - Start to delete container blocks, TXIDs=[1(2)], numOfContainers=1, numOfBlocks=1
2019-10-22 00:04:55,825 [Command processor thread] INFO  commandhandler.DeleteBlocksCommandHandler (DeleteBlocksCommandHandler.java:handle(106)) - Start to delete container blocks, TXIDs=[1(2)], numOfContainers=1, numOfBlocks=1
2019-10-22 00:04:55,826 [Command processor thread] INFO  commandhandler.DeleteBlocksCommandHandler (DeleteBlocksCommandHandler.java:handle(106)) - Start to delete container blocks, TXIDs=[1(0)], numOfContainers=1, numOfBlocks=1
2019-10-22 00:04:55,826 [Command processor thread] INFO  commandhandler.DeleteBlocksCommandHandler (DeleteBlocksCommandHandler.java:handle(106)) - Start to delete container blocks, TXIDs=[1(2)], numOfContainers=1, numOfBlocks=1
2019-10-22 00:04:55,826 [Command processor thread] INFO  commandhandler.DeleteBlocksCommandHandler (DeleteBlocksCommandHandler.java:handle(106)) - Start to delete container blocks, TXIDs=[1(2)], numOfContainers=1, numOfBlocks=1
2019-10-22 00:04:55,826 [Command processor thread] INFO  commandhandler.DeleteBlocksCommandHandler (DeleteBlocksCommandHandler.java:handle(106)) - Start to delete container blocks, TXIDs=[1(2)], numOfContainers=1, numOfBlocks=1
2019-10-22 00:04:55,826 [Command processor thread] INFO  commandhandler.DeleteBlocksCommandHandler (DeleteBlocksCommandHandler.java:handle(106)) - Start to delete container blocks, TXIDs=[1(2)], numOfContainers=1, numOfBlocks=1
2019-10-22 00:04:55,826 [Command processor thread] INFO  commandhandler.DeleteBlocksCommandHandler (DeleteBlocksCommandHandler.java:handle(106)) - Start to delete container blocks, TXIDs=[1(2)], numOfContainers=1, numOfBlocks=1
2019-10-22 00:04:55,827 [Command processor thread] INFO  commandhandler.DeleteBlocksCommandHandler (DeleteBlocksCommandHandler.java:handle(106)) - Start to delete container blocks, TXIDs=[1(2)], numOfContainers=1, numOfBlocks=1
2019-10-22 00:04:55,827 [Command processor thread] INFO  commandhandler.DeleteBlocksCommandHandler (DeleteBlocksCommandHandler.java:handle(106)) - Start to delete container blocks, TXIDs=[1(0)], numOfContainers=1, numOfBlocks=1
2019-10-22 00:04:55,827 [Command processor thread] INFO  commandhandler.DeleteBlocksCommandHandler (DeleteBlocksCommandHandler.java:handle(106)) - Start to delete container blocks, TXIDs=[1(2)], numOfContainers=1, numOfBlocks=1
2019-10-22 00:04:55,827 [Command processor thread] INFO  commandhandler.DeleteBlocksCommandHandler (DeleteBlocksCommandHandler.java:handle(106)) - Start to delete container blocks, TXIDs=[1(2)], numOfContainers=1, numOfBlocks=1
2019-10-22 00:04:55,827 [Command processor thread] INFO  commandhandler.DeleteBlocksCommandHandler (DeleteBlocksCommandHandler.java:handle(106)) - Start to delete container blocks, TXIDs=[1(2)], numOfContainers=1, numOfBlocks=1
2019-10-22 00:04:55,827 [Command processor thread] INFO  commandhandler.DeleteBlocksCommandHandler (DeleteBlocksCommandHandler.java:handle(106)) - Start to delete container blocks, TXIDs=[1(2)], numOfContainers=1, numOfBlocks=1
2019-10-22 00:04:55,827 [Command processor thread] INFO  commandhandler.DeleteBlocksCommandHandler (DeleteBlocksCommandHandler.java:handle(106)) - Start to delete container blocks, TXIDs=[1(2)], numOfContainers=1, numOfBlocks=1
2019-10-22 00:04:55,828 [Command processor thread] INFO  commandhandler.DeleteBlocksCommandHandler (DeleteBlocksCommandHandler.java:handle(106)) - Start to delete container blocks, TXIDs=[1(0)], numOfContainers=1, numOfBlocks=1
2019-10-22 00:04:55,828 [Command processor thread] INFO  commandhandler.DeleteBlocksCommandHandler (DeleteBlocksCommandHandler.java:handle(106)) - Start to delete container blocks, TXIDs=[1(2)], numOfContainers=1, numOfBlocks=1
2019-10-22 00:04:55,828 [Command processor thread] INFO  commandhandler.DeleteBlocksCommandHandler (DeleteBlocksCommandHandler.java:handle(106)) - Start to delete container blocks, TXIDs=[1(30)], numOfContainers=1, numOfBlocks=1
2019-10-22 00:04:55,828 [Command processor thread] INFO  commandhandler.DeleteBlocksCommandHandler (DeleteBlocksCommandHandler.java:handle(106)) - Start to delete container blocks, TXIDs=[1(2)], numOfContainers=1, numOfBlocks=1
2019-10-22 00:04:55,828 [Command processor thread] INFO  commandhandler.DeleteBlocksCommandHandler (DeleteBlocksCommandHandler.java:handle(106)) - Start to delete container blocks, TXIDs=[1(2)], numOfContainers=1, numOfBlocks=1
2019-10-22 00:04:55,828 [Command processor thread] INFO  commandhandler.DeleteBlocksCommandHandler (DeleteBlocksCommandHandler.java:handle(106)) - Start to delete container blocks, TXIDs=[1(2)], numOfContainers=1, numOfBlocks=1
2019-10-22 00:04:55,832 [pool-7-thread-3] INFO  commands.RetriableDatanodeEventWatcher (RetriableDatanodeEventWatcher.java:onTimeout(47)) - RetriableDatanodeCommand type=deleteBlocksCommand with id=1571702687821 timed out. Retrying.
2019-10-22 00:04:55,832 [pool-7-thread-4] INFO  commands.RetriableDatanodeEventWatcher (RetriableDatanodeEventWatcher.java:onTimeout(47)) - RetriableDatanodeCommand type=deleteBlocksCommand with id=1571702687829 timed out. Retrying.
2019-10-22 00:04:55,832 [pool-7-thread-6] INFO  commands.RetriableDatanodeEventWatcher (RetriableDatanodeEventWatcher.java:onTimeout(47)) - RetriableDatanodeCommand type=deleteBlocksCommand with id=1571702687828 timed out. Retrying.
2019-10-22 00:04:55,832 [pool-7-thread-7] INFO  commands.RetriableDatanodeEventWatcher (RetriableDatanodeEventWatcher.java:onTimeout(47)) - RetriableDatanodeCommand type=deleteBlocksCommand with id=1571702687830 timed out. Retrying.
2019-10-22 00:04:55,832 [pool-7-thread-2] INFO  commands.RetriableDatanodeEventWatcher (RetriableDatanodeEventWatcher.java:onTimeout(47)) - RetriableDatanodeCommand type=deleteBlocksCommand with id=1571702687826 timed out. Retrying.
2019-10-22 00:04:55,833 [pool-7-thread-1] INFO  commands.RetriableDatanodeEventWatcher (RetriableDatanodeEventWatcher.java:onTimeout(47)) - RetriableDatanodeCommand type=deleteBlocksCommand with id=1571702687825 timed out. Retrying.
2019-10-22 00:04:55,833 [pool-7-thread-3] INFO  commands.RetriableDatanodeEventWatcher (RetriableDatanodeEventWatcher.java:onTimeout(47)) - RetriableDatanodeCommand type=deleteBlocksCommand with id=1571702687824 timed out. Retrying.
2019-10-22 00:04:55,833 [SCMBlockDeletingService#1] INFO  block.SCMBlockDeletingService (SCMBlockDeletingService.java:call(184)) - Totally added 1 delete blocks command for 1 datanodes, task elapsed time: 1ms
2019-10-22 00:04:55,833 [pool-7-thread-4] INFO  commands.RetriableDatanodeEventWatcher (RetriableDatanodeEventWatcher.java:onTimeout(47)) - RetriableDatanodeCommand type=deleteBlocksCommand with id=1571702687827 timed out. Retrying.
2019-10-22 00:04:55,945 [Thread-834] INFO  impl.FollowerState (FollowerState.java:run(108)) - 0d315fbd-ade0-427f-8a57-9b8f4a7ccba2@group-452902F59078-FollowerState: change to CANDIDATE, lastRpcTime:189ms, electionTimeout:189ms
2019-10-22 00:04:55,945 [Thread-834] INFO  impl.RoleInfo (RoleInfo.java:shutdownFollowerState(121)) - 0d315fbd-ade0-427f-8a57-9b8f4a7ccba2: shutdown FollowerState
2019-10-22 00:04:55,945 [Thread-834] INFO  impl.RaftServerImpl (RaftServerImpl.java:setRole(184)) - 0d315fbd-ade0-427f-8a57-9b8f4a7ccba2@group-452902F59078: changes role from  FOLLOWER to CANDIDATE at term 34 for changeToCandidate
2019-10-22 00:04:55,946 [Thread-834] INFO  impl.RoleInfo (RoleInfo.java:updateAndGet(143)) - 0d315fbd-ade0-427f-8a57-9b8f4a7ccba2: start LeaderElection
2019-10-22 00:04:55,951 [0d315fbd-ade0-427f-8a57-9b8f4a7ccba2@group-452902F59078-LeaderElection41] INFO  impl.LeaderElection (LeaderElection.java:askForVotes(178)) - 0d315fbd-ade0-427f-8a57-9b8f4a7ccba2@group-452902F59078-LeaderElection41: begin an election at term 35 for 0: [fe2f4460-1173-45ac-8f62-3ccbe442b4a3:192.168.157.254:43148, bec42651-2cde-4fcc-b688-684a384bc6fb:192.168.157.254:46415, 0d315fbd-ade0-427f-8a57-9b8f4a7ccba2:192.168.157.254:43029], old=null
2019-10-22 00:04:55,954 [grpc-default-executor-0] INFO  impl.RaftServerImpl (RaftServerImpl.java:setRole(184)) - fe2f4460-1173-45ac-8f62-3ccbe442b4a3@group-452902F59078: changes role from  FOLLOWER to FOLLOWER at term 35 for recognizeCandidate:0d315fbd-ade0-427f-8a57-9b8f4a7ccba2
2019-10-22 00:04:55,954 [grpc-default-executor-0] INFO  impl.RoleInfo (RoleInfo.java:shutdownFollowerState(121)) - fe2f4460-1173-45ac-8f62-3ccbe442b4a3: shutdown FollowerState
2019-10-22 00:04:55,954 [grpc-default-executor-0] INFO  impl.RoleInfo (RoleInfo.java:updateAndGet(143)) - fe2f4460-1173-45ac-8f62-3ccbe442b4a3: start FollowerState
2019-10-22 00:04:55,954 [Thread-833] INFO  impl.FollowerState (FollowerState.java:run(117)) - fe2f4460-1173-45ac-8f62-3ccbe442b4a3@group-452902F59078-FollowerState was interrupted: java.lang.InterruptedException: sleep interrupted
2019-10-22 00:04:55,954 [grpc-default-executor-8] INFO  impl.RaftServerImpl (RaftServerImpl.java:setRole(184)) - bec42651-2cde-4fcc-b688-684a384bc6fb@group-452902F59078: changes role from  FOLLOWER to FOLLOWER at term 35 for recognizeCandidate:0d315fbd-ade0-427f-8a57-9b8f4a7ccba2
2019-10-22 00:04:55,955 [grpc-default-executor-8] INFO  impl.RoleInfo (RoleInfo.java:shutdownFollowerState(121)) - bec42651-2cde-4fcc-b688-684a384bc6fb: shutdown FollowerState
2019-10-22 00:04:55,955 [Thread-832] INFO  impl.FollowerState (FollowerState.java:run(117)) - bec42651-2cde-4fcc-b688-684a384bc6fb@group-452902F59078-FollowerState was interrupted: java.lang.InterruptedException: sleep interrupted
2019-10-22 00:04:55,955 [grpc-default-executor-8] INFO  impl.RoleInfo (RoleInfo.java:updateAndGet(143)) - bec42651-2cde-4fcc-b688-684a384bc6fb: start FollowerState
2019-10-22 00:04:55,959 [0d315fbd-ade0-427f-8a57-9b8f4a7ccba2@group-452902F59078-LeaderElection41] INFO  impl.LeaderElection (LeaderElection.java:logAndReturn(56)) - 0d315fbd-ade0-427f-8a57-9b8f4a7ccba2@group-452902F59078-LeaderElection41: Election REJECTED; received 2 response(s) [0d315fbd-ade0-427f-8a57-9b8f4a7ccba2<-fe2f4460-1173-45ac-8f62-3ccbe442b4a3#0:FAIL-t35, 0d315fbd-ade0-427f-8a57-9b8f4a7ccba2<-bec42651-2cde-4fcc-b688-684a384bc6fb#0:FAIL-t35] and 0 exception(s); 0d315fbd-ade0-427f-8a57-9b8f4a7ccba2@group-452902F59078:t35, leader=null, voted=0d315fbd-ade0-427f-8a57-9b8f4a7ccba2, raftlog=0d315fbd-ade0-427f-8a57-9b8f4a7ccba2@group-452902F59078-SegmentedRaftLog:OPENED:c3,f4,i4, conf=0: [fe2f4460-1173-45ac-8f62-3ccbe442b4a3:192.168.157.254:43148, bec42651-2cde-4fcc-b688-684a384bc6fb:192.168.157.254:46415, 0d315fbd-ade0-427f-8a57-9b8f4a7ccba2:192.168.157.254:43029], old=null
2019-10-22 00:04:55,960 [0d315fbd-ade0-427f-8a57-9b8f4a7ccba2@group-452902F59078-LeaderElection41] INFO  impl.RaftServerImpl (RaftServerImpl.java:setRole(184)) - 0d315fbd-ade0-427f-8a57-9b8f4a7ccba2@group-452902F59078: changes role from CANDIDATE to FOLLOWER at term 35 for DISCOVERED_A_NEW_TERM
2019-10-22 00:04:55,960 [0d315fbd-ade0-427f-8a57-9b8f4a7ccba2@group-452902F59078-LeaderElection41] INFO  impl.RoleInfo (RoleInfo.java:shutdownLeaderElection(134)) - 0d315fbd-ade0-427f-8a57-9b8f4a7ccba2: shutdown LeaderElection
2019-10-22 00:04:55,960 [0d315fbd-ade0-427f-8a57-9b8f4a7ccba2@group-452902F59078-LeaderElection41] INFO  impl.RoleInfo (RoleInfo.java:updateAndGet(143)) - 0d315fbd-ade0-427f-8a57-9b8f4a7ccba2: start FollowerState
2019-10-22 00:04:55,963 [Thread-841] INFO  impl.FollowerState (FollowerState.java:run(108)) - 0d315fbd-ade0-427f-8a57-9b8f4a7ccba2@group-452902F59078-FollowerState: change to CANDIDATE, lastRpcTime:3ms, electionTimeout:3ms
2019-10-22 00:04:55,963 [Thread-841] INFO  impl.RoleInfo (RoleInfo.java:shutdownFollowerState(121)) - 0d315fbd-ade0-427f-8a57-9b8f4a7ccba2: shutdown FollowerState
2019-10-22 00:04:55,963 [Thread-841] INFO  impl.RaftServerImpl (RaftServerImpl.java:setRole(184)) - 0d315fbd-ade0-427f-8a57-9b8f4a7ccba2@group-452902F59078: changes role from  FOLLOWER to CANDIDATE at term 35 for changeToCandidate
2019-10-22 00:04:55,963 [Thread-841] INFO  impl.RoleInfo (RoleInfo.java:updateAndGet(143)) - 0d315fbd-ade0-427f-8a57-9b8f4a7ccba2: start LeaderElection
2019-10-22 00:04:55,976 [0d315fbd-ade0-427f-8a57-9b8f4a7ccba2@group-452902F59078-LeaderElection42] INFO  impl.LeaderElection (LeaderElection.java:askForVotes(178)) - 0d315fbd-ade0-427f-8a57-9b8f4a7ccba2@group-452902F59078-LeaderElection42: begin an election at term 36 for 0: [fe2f4460-1173-45ac-8f62-3ccbe442b4a3:192.168.157.254:43148, bec42651-2cde-4fcc-b688-684a384bc6fb:192.168.157.254:46415, 0d315fbd-ade0-427f-8a57-9b8f4a7ccba2:192.168.157.254:43029], old=null
2019-10-22 00:04:55,979 [grpc-default-executor-0] INFO  impl.RaftServerImpl (RaftServerImpl.java:setRole(184)) - fe2f4460-1173-45ac-8f62-3ccbe442b4a3@group-452902F59078: changes role from  FOLLOWER to FOLLOWER at term 36 for recognizeCandidate:0d315fbd-ade0-427f-8a57-9b8f4a7ccba2
2019-10-22 00:04:55,979 [grpc-default-executor-0] INFO  impl.RoleInfo (RoleInfo.java:shutdownFollowerState(121)) - fe2f4460-1173-45ac-8f62-3ccbe442b4a3: shutdown FollowerState
2019-10-22 00:04:55,979 [grpc-default-executor-8] INFO  impl.RaftServerImpl (RaftServerImpl.java:setRole(184)) - bec42651-2cde-4fcc-b688-684a384bc6fb@group-452902F59078: changes role from  FOLLOWER to FOLLOWER at term 36 for recognizeCandidate:0d315fbd-ade0-427f-8a57-9b8f4a7ccba2
2019-10-22 00:04:55,979 [grpc-default-executor-0] INFO  impl.RoleInfo (RoleInfo.java:updateAndGet(143)) - fe2f4460-1173-45ac-8f62-3ccbe442b4a3: start FollowerState
2019-10-22 00:04:55,979 [Thread-839] INFO  impl.FollowerState (FollowerState.java:run(117)) - fe2f4460-1173-45ac-8f62-3ccbe442b4a3@group-452902F59078-FollowerState was interrupted: java.lang.InterruptedException: sleep interrupted
2019-10-22 00:04:55,979 [grpc-default-executor-8] INFO  impl.RoleInfo (RoleInfo.java:shutdownFollowerState(121)) - bec42651-2cde-4fcc-b688-684a384bc6fb: shutdown FollowerState
2019-10-22 00:04:55,979 [Thread-840] INFO  impl.FollowerState (FollowerState.java:run(117)) - bec42651-2cde-4fcc-b688-684a384bc6fb@group-452902F59078-FollowerState was interrupted: java.lang.InterruptedException: sleep interrupted
2019-10-22 00:04:55,979 [grpc-default-executor-8] INFO  impl.RoleInfo (RoleInfo.java:updateAndGet(143)) - bec42651-2cde-4fcc-b688-684a384bc6fb: start FollowerState
2019-10-22 00:04:56,036 [0d315fbd-ade0-427f-8a57-9b8f4a7ccba2@group-452902F59078-LeaderElection42] INFO  impl.LeaderElection (LeaderElection.java:logAndReturn(56)) - 0d315fbd-ade0-427f-8a57-9b8f4a7ccba2@group-452902F59078-LeaderElection42: Election REJECTED; received 2 response(s) [0d315fbd-ade0-427f-8a57-9b8f4a7ccba2<-fe2f4460-1173-45ac-8f62-3ccbe442b4a3#0:FAIL-t36, 0d315fbd-ade0-427f-8a57-9b8f4a7ccba2<-bec42651-2cde-4fcc-b688-684a384bc6fb#0:FAIL-t36] and 0 exception(s); 0d315fbd-ade0-427f-8a57-9b8f4a7ccba2@group-452902F59078:t36, leader=null, voted=0d315fbd-ade0-427f-8a57-9b8f4a7ccba2, raftlog=0d315fbd-ade0-427f-8a57-9b8f4a7ccba2@group-452902F59078-SegmentedRaftLog:OPENED:c3,f4,i4, conf=0: [fe2f4460-1173-45ac-8f62-3ccbe442b4a3:192.168.157.254:43148, bec42651-2cde-4fcc-b688-684a384bc6fb:192.168.157.254:46415, 0d315fbd-ade0-427f-8a57-9b8f4a7ccba2:192.168.157.254:43029], old=null
2019-10-22 00:04:56,037 [0d315fbd-ade0-427f-8a57-9b8f4a7ccba2@group-452902F59078-LeaderElection42] INFO  impl.RaftServerImpl (RaftServerImpl.java:setRole(184)) - 0d315fbd-ade0-427f-8a57-9b8f4a7ccba2@group-452902F59078: changes role from CANDIDATE to FOLLOWER at term 36 for DISCOVERED_A_NEW_TERM
2019-10-22 00:04:56,037 [0d315fbd-ade0-427f-8a57-9b8f4a7ccba2@group-452902F59078-LeaderElection42] INFO  impl.RoleInfo (RoleInfo.java:shutdownLeaderElection(134)) - 0d315fbd-ade0-427f-8a57-9b8f4a7ccba2: shutdown LeaderElection
2019-10-22 00:04:56,037 [0d315fbd-ade0-427f-8a57-9b8f4a7ccba2@group-452902F59078-LeaderElection42] INFO  impl.RoleInfo (RoleInfo.java:updateAndGet(143)) - 0d315fbd-ade0-427f-8a57-9b8f4a7ccba2: start FollowerState
2019-10-22 00:04:56,080 [Thread-849] INFO  client.GrpcClientProtocolService (GrpcClientProtocolService.java:lambda$processClientRequest$0(278)) - Failed RaftClientRequest:client-06600EE78844->fe2f4460-1173-45ac-8f62-3ccbe442b4a3@group-452902F59078, cid=10, seq=0, Watch-ALL_COMMITTED(6), Message:<EMPTY>, reply=RaftClientReply:client-06600EE78844->fe2f4460-1173-45ac-8f62-3ccbe442b4a3@group-452902F59078, cid=10, FAILED org.apache.ratis.protocol.NotLeaderException: Server fe2f4460-1173-45ac-8f62-3ccbe442b4a3@group-452902F59078 is not the leader, logIndex=0, commits[fe2f4460-1173-45ac-8f62-3ccbe442b4a3:c10, bec42651-2cde-4fcc-b688-684a384bc6fb:c10, 0d315fbd-ade0-427f-8a57-9b8f4a7ccba2:c4]
2019-10-22 00:04:56,098 [Thread-847] INFO  impl.FollowerState (FollowerState.java:run(108)) - 0d315fbd-ade0-427f-8a57-9b8f4a7ccba2@group-452902F59078-FollowerState: change to CANDIDATE, lastRpcTime:61ms, electionTimeout:60ms
2019-10-22 00:04:56,098 [Thread-847] INFO  impl.RoleInfo (RoleInfo.java:shutdownFollowerState(121)) - 0d315fbd-ade0-427f-8a57-9b8f4a7ccba2: shutdown FollowerState
2019-10-22 00:04:56,099 [Thread-847] INFO  impl.RaftServerImpl (RaftServerImpl.java:setRole(184)) - 0d315fbd-ade0-427f-8a57-9b8f4a7ccba2@group-452902F59078: changes role from  FOLLOWER to CANDIDATE at term 36 for changeToCandidate
2019-10-22 00:04:56,099 [Thread-847] INFO  impl.RoleInfo (RoleInfo.java:updateAndGet(143)) - 0d315fbd-ade0-427f-8a57-9b8f4a7ccba2: start LeaderElection
2019-10-22 00:04:56,112 [0d315fbd-ade0-427f-8a57-9b8f4a7ccba2@group-452902F59078-LeaderElection43] INFO  impl.LeaderElection (LeaderElection.java:askForVotes(178)) - 0d315fbd-ade0-427f-8a57-9b8f4a7ccba2@group-452902F59078-LeaderElection43: begin an election at term 37 for 0: [fe2f4460-1173-45ac-8f62-3ccbe442b4a3:192.168.157.254:43148, bec42651-2cde-4fcc-b688-684a384bc6fb:192.168.157.254:46415, 0d315fbd-ade0-427f-8a57-9b8f4a7ccba2:192.168.157.254:43029], old=null
2019-10-22 00:04:56,114 [grpc-default-executor-0] INFO  impl.RaftServerImpl (RaftServerImpl.java:setRole(184)) - bec42651-2cde-4fcc-b688-684a384bc6fb@group-452902F59078: changes role from  FOLLOWER to FOLLOWER at term 37 for recognizeCandidate:0d315fbd-ade0-427f-8a57-9b8f4a7ccba2
2019-10-22 00:04:56,114 [grpc-default-executor-0] INFO  impl.RoleInfo (RoleInfo.java:shutdownFollowerState(121)) - bec42651-2cde-4fcc-b688-684a384bc6fb: shutdown FollowerState
2019-10-22 00:04:56,114 [Thread-846] INFO  impl.FollowerState (FollowerState.java:run(117)) - bec42651-2cde-4fcc-b688-684a384bc6fb@group-452902F59078-FollowerState was interrupted: java.lang.InterruptedException: sleep interrupted
2019-10-22 00:04:56,114 [grpc-default-executor-8] INFO  impl.RaftServerImpl (RaftServerImpl.java:setRole(184)) - fe2f4460-1173-45ac-8f62-3ccbe442b4a3@group-452902F59078: changes role from  FOLLOWER to FOLLOWER at term 37 for recognizeCandidate:0d315fbd-ade0-427f-8a57-9b8f4a7ccba2
2019-10-22 00:04:56,114 [grpc-default-executor-0] INFO  impl.RoleInfo (RoleInfo.java:updateAndGet(143)) - bec42651-2cde-4fcc-b688-684a384bc6fb: start FollowerState
2019-10-22 00:04:56,115 [grpc-default-executor-8] INFO  impl.RoleInfo (RoleInfo.java:shutdownFollowerState(121)) - fe2f4460-1173-45ac-8f62-3ccbe442b4a3: shutdown FollowerState
2019-10-22 00:04:56,115 [Thread-845] INFO  impl.FollowerState (FollowerState.java:run(117)) - fe2f4460-1173-45ac-8f62-3ccbe442b4a3@group-452902F59078-FollowerState was interrupted: java.lang.InterruptedException: sleep interrupted
2019-10-22 00:04:56,115 [grpc-default-executor-8] INFO  impl.RoleInfo (RoleInfo.java:updateAndGet(143)) - fe2f4460-1173-45ac-8f62-3ccbe442b4a3: start FollowerState
2019-10-22 00:04:56,129 [0d315fbd-ade0-427f-8a57-9b8f4a7ccba2@group-452902F59078-LeaderElection43] INFO  impl.LeaderElection (LeaderElection.java:logAndReturn(56)) - 0d315fbd-ade0-427f-8a57-9b8f4a7ccba2@group-452902F59078-LeaderElection43: Election REJECTED; received 2 response(s) [0d315fbd-ade0-427f-8a57-9b8f4a7ccba2<-fe2f4460-1173-45ac-8f62-3ccbe442b4a3#0:FAIL-t37, 0d315fbd-ade0-427f-8a57-9b8f4a7ccba2<-bec42651-2cde-4fcc-b688-684a384bc6fb#0:FAIL-t37] and 0 exception(s); 0d315fbd-ade0-427f-8a57-9b8f4a7ccba2@group-452902F59078:t37, leader=null, voted=0d315fbd-ade0-427f-8a57-9b8f4a7ccba2, raftlog=0d315fbd-ade0-427f-8a57-9b8f4a7ccba2@group-452902F59078-SegmentedRaftLog:OPENED:c3,f4,i4, conf=0: [fe2f4460-1173-45ac-8f62-3ccbe442b4a3:192.168.157.254:43148, bec42651-2cde-4fcc-b688-684a384bc6fb:192.168.157.254:46415, 0d315fbd-ade0-427f-8a57-9b8f4a7ccba2:192.168.157.254:43029], old=null
2019-10-22 00:04:56,129 [0d315fbd-ade0-427f-8a57-9b8f4a7ccba2@group-452902F59078-LeaderElection43] INFO  impl.RaftServerImpl (RaftServerImpl.java:setRole(184)) - 0d315fbd-ade0-427f-8a57-9b8f4a7ccba2@group-452902F59078: changes role from CANDIDATE to FOLLOWER at term 37 for DISCOVERED_A_NEW_TERM
2019-10-22 00:04:56,129 [0d315fbd-ade0-427f-8a57-9b8f4a7ccba2@group-452902F59078-LeaderElection43] INFO  impl.RoleInfo (RoleInfo.java:shutdownLeaderElection(134)) - 0d315fbd-ade0-427f-8a57-9b8f4a7ccba2: shutdown LeaderElection
2019-10-22 00:04:56,129 [0d315fbd-ade0-427f-8a57-9b8f4a7ccba2@group-452902F59078-LeaderElection43] INFO  impl.RoleInfo (RoleInfo.java:updateAndGet(143)) - 0d315fbd-ade0-427f-8a57-9b8f4a7ccba2: start FollowerState
2019-10-22 00:04:56,243 [Thread-856] INFO  impl.FollowerState (FollowerState.java:run(108)) - 0d315fbd-ade0-427f-8a57-9b8f4a7ccba2@group-452902F59078-FollowerState: change to CANDIDATE, lastRpcTime:113ms, electionTimeout:113ms
2019-10-22 00:04:56,243 [Thread-856] INFO  impl.RoleInfo (RoleInfo.java:shutdownFollowerState(121)) - 0d315fbd-ade0-427f-8a57-9b8f4a7ccba2: shutdown FollowerState
2019-10-22 00:04:56,243 [Thread-856] INFO  impl.RaftServerImpl (RaftServerImpl.java:setRole(184)) - 0d315fbd-ade0-427f-8a57-9b8f4a7ccba2@group-452902F59078: changes role from  FOLLOWER to CANDIDATE at term 37 for changeToCandidate
2019-10-22 00:04:56,243 [Thread-856] INFO  impl.RoleInfo (RoleInfo.java:updateAndGet(143)) - 0d315fbd-ade0-427f-8a57-9b8f4a7ccba2: start LeaderElection
2019-10-22 00:04:56,248 [0d315fbd-ade0-427f-8a57-9b8f4a7ccba2@group-452902F59078-LeaderElection44] INFO  impl.LeaderElection (LeaderElection.java:askForVotes(178)) - 0d315fbd-ade0-427f-8a57-9b8f4a7ccba2@group-452902F59078-LeaderElection44: begin an election at term 38 for 0: [fe2f4460-1173-45ac-8f62-3ccbe442b4a3:192.168.157.254:43148, bec42651-2cde-4fcc-b688-684a384bc6fb:192.168.157.254:46415, 0d315fbd-ade0-427f-8a57-9b8f4a7ccba2:192.168.157.254:43029], old=null
2019-10-22 00:04:56,251 [grpc-default-executor-0] INFO  impl.RaftServerImpl (RaftServerImpl.java:setRole(184)) - bec42651-2cde-4fcc-b688-684a384bc6fb@group-452902F59078: changes role from  FOLLOWER to FOLLOWER at term 38 for recognizeCandidate:0d315fbd-ade0-427f-8a57-9b8f4a7ccba2
2019-10-22 00:04:56,251 [grpc-default-executor-8] INFO  impl.RaftServerImpl (RaftServerImpl.java:setRole(184)) - fe2f4460-1173-45ac-8f62-3ccbe442b4a3@group-452902F59078: changes role from  FOLLOWER to FOLLOWER at term 38 for recognizeCandidate:0d315fbd-ade0-427f-8a57-9b8f4a7ccba2
2019-10-22 00:04:56,251 [grpc-default-executor-0] INFO  impl.RoleInfo (RoleInfo.java:shutdownFollowerState(121)) - bec42651-2cde-4fcc-b688-684a384bc6fb: shutdown FollowerState
2019-10-22 00:04:56,252 [grpc-default-executor-8] INFO  impl.RoleInfo (RoleInfo.java:shutdownFollowerState(121)) - fe2f4460-1173-45ac-8f62-3ccbe442b4a3: shutdown FollowerState
2019-10-22 00:04:56,252 [grpc-default-executor-0] INFO  impl.RoleInfo (RoleInfo.java:updateAndGet(143)) - bec42651-2cde-4fcc-b688-684a384bc6fb: start FollowerState
2019-10-22 00:04:56,252 [Thread-855] INFO  impl.FollowerState (FollowerState.java:run(117)) - fe2f4460-1173-45ac-8f62-3ccbe442b4a3@group-452902F59078-FollowerState was interrupted: java.lang.InterruptedException: sleep interrupted
2019-10-22 00:04:56,252 [grpc-default-executor-8] INFO  impl.RoleInfo (RoleInfo.java:updateAndGet(143)) - fe2f4460-1173-45ac-8f62-3ccbe442b4a3: start FollowerState
2019-10-22 00:04:56,253 [Thread-854] INFO  impl.FollowerState (FollowerState.java:run(117)) - bec42651-2cde-4fcc-b688-684a384bc6fb@group-452902F59078-FollowerState was interrupted: java.lang.InterruptedException: sleep interrupted
2019-10-22 00:04:56,254 [BlockDeletingService#8] WARN  background.BlockDeletingService (BlockDeletingService.java:isDeletionAllowed(187)) - Close Container log Index 6 is not replicated across allthe servers in the pipeline c00d4cd3-293b-4d2c-9f2c-452902f59078 as the min replicated index is 4. Deletion is not allowed in this container yet.
2019-10-22 00:04:56,254 [BlockDeletingService#3] WARN  background.BlockDeletingService (BlockDeletingService.java:isDeletionAllowed(187)) - Close Container log Index 6 is not replicated across allthe servers in the pipeline c00d4cd3-293b-4d2c-9f2c-452902f59078 as the min replicated index is 4. Deletion is not allowed in this container yet.
2019-10-22 00:04:56,272 [0d315fbd-ade0-427f-8a57-9b8f4a7ccba2@group-452902F59078-LeaderElection44] INFO  impl.LeaderElection (LeaderElection.java:logAndReturn(56)) - 0d315fbd-ade0-427f-8a57-9b8f4a7ccba2@group-452902F59078-LeaderElection44: Election REJECTED; received 2 response(s) [0d315fbd-ade0-427f-8a57-9b8f4a7ccba2<-fe2f4460-1173-45ac-8f62-3ccbe442b4a3#0:FAIL-t38, 0d315fbd-ade0-427f-8a57-9b8f4a7ccba2<-bec42651-2cde-4fcc-b688-684a384bc6fb#0:FAIL-t38] and 0 exception(s); 0d315fbd-ade0-427f-8a57-9b8f4a7ccba2@group-452902F59078:t38, leader=null, voted=0d315fbd-ade0-427f-8a57-9b8f4a7ccba2, raftlog=0d315fbd-ade0-427f-8a57-9b8f4a7ccba2@group-452902F59078-SegmentedRaftLog:OPENED:c3,f4,i4, conf=0: [fe2f4460-1173-45ac-8f62-3ccbe442b4a3:192.168.157.254:43148, bec42651-2cde-4fcc-b688-684a384bc6fb:192.168.157.254:46415, 0d315fbd-ade0-427f-8a57-9b8f4a7ccba2:192.168.157.254:43029], old=null
2019-10-22 00:04:56,273 [0d315fbd-ade0-427f-8a57-9b8f4a7ccba2@group-452902F59078-LeaderElection44] INFO  impl.RaftServerImpl (RaftServerImpl.java:setRole(184)) - 0d315fbd-ade0-427f-8a57-9b8f4a7ccba2@group-452902F59078: changes role from CANDIDATE to FOLLOWER at term 38 for DISCOVERED_A_NEW_TERM
2019-10-22 00:04:56,273 [0d315fbd-ade0-427f-8a57-9b8f4a7ccba2@group-452902F59078-LeaderElection44] INFO  impl.RoleInfo (RoleInfo.java:shutdownLeaderElection(134)) - 0d315fbd-ade0-427f-8a57-9b8f4a7ccba2: shutdown LeaderElection
2019-10-22 00:04:56,273 [0d315fbd-ade0-427f-8a57-9b8f4a7ccba2@group-452902F59078-LeaderElection44] INFO  impl.RoleInfo (RoleInfo.java:updateAndGet(143)) - 0d315fbd-ade0-427f-8a57-9b8f4a7ccba2: start FollowerState
2019-10-22 00:04:56,333 [Thread-864] INFO  impl.FollowerState (FollowerState.java:run(108)) - 0d315fbd-ade0-427f-8a57-9b8f4a7ccba2@group-452902F59078-FollowerState: change to CANDIDATE, lastRpcTime:60ms, electionTimeout:60ms
2019-10-22 00:04:56,333 [Thread-864] INFO  impl.RoleInfo (RoleInfo.java:shutdownFollowerState(121)) - 0d315fbd-ade0-427f-8a57-9b8f4a7ccba2: shutdown FollowerState
2019-10-22 00:04:56,334 [Thread-864] INFO  impl.RaftServerImpl (RaftServerImpl.java:setRole(184)) - 0d315fbd-ade0-427f-8a57-9b8f4a7ccba2@group-452902F59078: changes role from  FOLLOWER to CANDIDATE at term 38 for changeToCandidate
2019-10-22 00:04:56,334 [Thread-864] INFO  impl.RoleInfo (RoleInfo.java:updateAndGet(143)) - 0d315fbd-ade0-427f-8a57-9b8f4a7ccba2: start LeaderElection
2019-10-22 00:04:56,347 [0d315fbd-ade0-427f-8a57-9b8f4a7ccba2@group-452902F59078-LeaderElection45] INFO  impl.LeaderElection (LeaderElection.java:askForVotes(178)) - 0d315fbd-ade0-427f-8a57-9b8f4a7ccba2@group-452902F59078-LeaderElection45: begin an election at term 39 for 0: [fe2f4460-1173-45ac-8f62-3ccbe442b4a3:192.168.157.254:43148, bec42651-2cde-4fcc-b688-684a384bc6fb:192.168.157.254:46415, 0d315fbd-ade0-427f-8a57-9b8f4a7ccba2:192.168.157.254:43029], old=null
2019-10-22 00:04:56,350 [grpc-default-executor-0] INFO  impl.RaftServerImpl (RaftServerImpl.java:setRole(184)) - fe2f4460-1173-45ac-8f62-3ccbe442b4a3@group-452902F59078: changes role from  FOLLOWER to FOLLOWER at term 39 for recognizeCandidate:0d315fbd-ade0-427f-8a57-9b8f4a7ccba2
2019-10-22 00:04:56,350 [grpc-default-executor-8] INFO  impl.RaftServerImpl (RaftServerImpl.java:setRole(184)) - bec42651-2cde-4fcc-b688-684a384bc6fb@group-452902F59078: changes role from  FOLLOWER to FOLLOWER at term 39 for recognizeCandidate:0d315fbd-ade0-427f-8a57-9b8f4a7ccba2
2019-10-22 00:04:56,350 [grpc-default-executor-0] INFO  impl.RoleInfo (RoleInfo.java:shutdownFollowerState(121)) - fe2f4460-1173-45ac-8f62-3ccbe442b4a3: shutdown FollowerState
2019-10-22 00:04:56,350 [grpc-default-executor-8] INFO  impl.RoleInfo (RoleInfo.java:shutdownFollowerState(121)) - bec42651-2cde-4fcc-b688-684a384bc6fb: shutdown FollowerState
2019-10-22 00:04:56,350 [grpc-default-executor-0] INFO  impl.RoleInfo (RoleInfo.java:updateAndGet(143)) - fe2f4460-1173-45ac-8f62-3ccbe442b4a3: start FollowerState
2019-10-22 00:04:56,350 [grpc-default-executor-8] INFO  impl.RoleInfo (RoleInfo.java:updateAndGet(143)) - bec42651-2cde-4fcc-b688-684a384bc6fb: start FollowerState
2019-10-22 00:04:56,350 [Thread-861] INFO  impl.FollowerState (FollowerState.java:run(117)) - fe2f4460-1173-45ac-8f62-3ccbe442b4a3@group-452902F59078-FollowerState was interrupted: java.lang.InterruptedException: sleep interrupted
2019-10-22 00:04:56,350 [Thread-860] INFO  impl.FollowerState (FollowerState.java:run(117)) - bec42651-2cde-4fcc-b688-684a384bc6fb@group-452902F59078-FollowerState was interrupted: java.lang.InterruptedException: sleep interrupted
2019-10-22 00:04:56,366 [0d315fbd-ade0-427f-8a57-9b8f4a7ccba2@group-452902F59078-LeaderElection45] INFO  impl.LeaderElection (LeaderElection.java:logAndReturn(56)) - 0d315fbd-ade0-427f-8a57-9b8f4a7ccba2@group-452902F59078-LeaderElection45: Election REJECTED; received 2 response(s) [0d315fbd-ade0-427f-8a57-9b8f4a7ccba2<-fe2f4460-1173-45ac-8f62-3ccbe442b4a3#0:FAIL-t39, 0d315fbd-ade0-427f-8a57-9b8f4a7ccba2<-bec42651-2cde-4fcc-b688-684a384bc6fb#0:FAIL-t39] and 0 exception(s); 0d315fbd-ade0-427f-8a57-9b8f4a7ccba2@group-452902F59078:t39, leader=null, voted=0d315fbd-ade0-427f-8a57-9b8f4a7ccba2, raftlog=0d315fbd-ade0-427f-8a57-9b8f4a7ccba2@group-452902F59078-SegmentedRaftLog:OPENED:c3,f4,i4, conf=0: [fe2f4460-1173-45ac-8f62-3ccbe442b4a3:192.168.157.254:43148, bec42651-2cde-4fcc-b688-684a384bc6fb:192.168.157.254:46415, 0d315fbd-ade0-427f-8a57-9b8f4a7ccba2:192.168.157.254:43029], old=null
2019-10-22 00:04:56,366 [0d315fbd-ade0-427f-8a57-9b8f4a7ccba2@group-452902F59078-LeaderElection45] INFO  impl.RaftServerImpl (RaftServerImpl.java:setRole(184)) - 0d315fbd-ade0-427f-8a57-9b8f4a7ccba2@group-452902F59078: changes role from CANDIDATE to FOLLOWER at term 39 for DISCOVERED_A_NEW_TERM
2019-10-22 00:04:56,366 [0d315fbd-ade0-427f-8a57-9b8f4a7ccba2@group-452902F59078-LeaderElection45] INFO  impl.RoleInfo (RoleInfo.java:shutdownLeaderElection(134)) - 0d315fbd-ade0-427f-8a57-9b8f4a7ccba2: shutdown LeaderElection
2019-10-22 00:04:56,366 [0d315fbd-ade0-427f-8a57-9b8f4a7ccba2@group-452902F59078-LeaderElection45] INFO  impl.RoleInfo (RoleInfo.java:updateAndGet(143)) - 0d315fbd-ade0-427f-8a57-9b8f4a7ccba2: start FollowerState
2019-10-22 00:04:56,382 [Thread-870] INFO  impl.FollowerState (FollowerState.java:run(108)) - 0d315fbd-ade0-427f-8a57-9b8f4a7ccba2@group-452902F59078-FollowerState: change to CANDIDATE, lastRpcTime:16ms, electionTimeout:16ms
2019-10-22 00:04:56,383 [Thread-870] INFO  impl.RoleInfo (RoleInfo.java:shutdownFollowerState(121)) - 0d315fbd-ade0-427f-8a57-9b8f4a7ccba2: shutdown FollowerState
2019-10-22 00:04:56,383 [Thread-870] INFO  impl.RaftServerImpl (RaftServerImpl.java:setRole(184)) - 0d315fbd-ade0-427f-8a57-9b8f4a7ccba2@group-452902F59078: changes role from  FOLLOWER to CANDIDATE at term 39 for changeToCandidate
2019-10-22 00:04:56,383 [Thread-870] INFO  impl.RoleInfo (RoleInfo.java:updateAndGet(143)) - 0d315fbd-ade0-427f-8a57-9b8f4a7ccba2: start LeaderElection
2019-10-22 00:04:56,397 [0d315fbd-ade0-427f-8a57-9b8f4a7ccba2@group-452902F59078-LeaderElection46] INFO  impl.LeaderElection (LeaderElection.java:askForVotes(178)) - 0d315fbd-ade0-427f-8a57-9b8f4a7ccba2@group-452902F59078-LeaderElection46: begin an election at term 40 for 0: [fe2f4460-1173-45ac-8f62-3ccbe442b4a3:192.168.157.254:43148, bec42651-2cde-4fcc-b688-684a384bc6fb:192.168.157.254:46415, 0d315fbd-ade0-427f-8a57-9b8f4a7ccba2:192.168.157.254:43029], old=null
2019-10-22 00:04:56,401 [grpc-default-executor-0] INFO  impl.RaftServerImpl (RaftServerImpl.java:setRole(184)) - bec42651-2cde-4fcc-b688-684a384bc6fb@group-452902F59078: changes role from  FOLLOWER to FOLLOWER at term 40 for recognizeCandidate:0d315fbd-ade0-427f-8a57-9b8f4a7ccba2
2019-10-22 00:04:56,402 [grpc-default-executor-0] INFO  impl.RoleInfo (RoleInfo.java:shutdownFollowerState(121)) - bec42651-2cde-4fcc-b688-684a384bc6fb: shutdown FollowerState
2019-10-22 00:04:56,401 [grpc-default-executor-8] INFO  impl.RaftServerImpl (RaftServerImpl.java:setRole(184)) - fe2f4460-1173-45ac-8f62-3ccbe442b4a3@group-452902F59078: changes role from  FOLLOWER to FOLLOWER at term 40 for recognizeCandidate:0d315fbd-ade0-427f-8a57-9b8f4a7ccba2
2019-10-22 00:04:56,402 [Thread-869] INFO  impl.FollowerState (FollowerState.java:run(117)) - bec42651-2cde-4fcc-b688-684a384bc6fb@group-452902F59078-FollowerState was interrupted: java.lang.InterruptedException: sleep interrupted
2019-10-22 00:04:56,402 [grpc-default-executor-0] INFO  impl.RoleInfo (RoleInfo.java:updateAndGet(143)) - bec42651-2cde-4fcc-b688-684a384bc6fb: start FollowerState
2019-10-22 00:04:56,402 [grpc-default-executor-8] INFO  impl.RoleInfo (RoleInfo.java:shutdownFollowerState(121)) - fe2f4460-1173-45ac-8f62-3ccbe442b4a3: shutdown FollowerState
2019-10-22 00:04:56,402 [grpc-default-executor-8] INFO  impl.RoleInfo (RoleInfo.java:updateAndGet(143)) - fe2f4460-1173-45ac-8f62-3ccbe442b4a3: start FollowerState
2019-10-22 00:04:56,402 [Thread-868] INFO  impl.FollowerState (FollowerState.java:run(117)) - fe2f4460-1173-45ac-8f62-3ccbe442b4a3@group-452902F59078-FollowerState was interrupted: java.lang.InterruptedException: sleep interrupted
2019-10-22 00:04:56,416 [0d315fbd-ade0-427f-8a57-9b8f4a7ccba2@group-452902F59078-LeaderElection46] INFO  impl.LeaderElection (LeaderElection.java:logAndReturn(56)) - 0d315fbd-ade0-427f-8a57-9b8f4a7ccba2@group-452902F59078-LeaderElection46: Election REJECTED; received 2 response(s) [0d315fbd-ade0-427f-8a57-9b8f4a7ccba2<-fe2f4460-1173-45ac-8f62-3ccbe442b4a3#0:FAIL-t40, 0d315fbd-ade0-427f-8a57-9b8f4a7ccba2<-bec42651-2cde-4fcc-b688-684a384bc6fb#0:FAIL-t40] and 0 exception(s); 0d315fbd-ade0-427f-8a57-9b8f4a7ccba2@group-452902F59078:t40, leader=null, voted=0d315fbd-ade0-427f-8a57-9b8f4a7ccba2, raftlog=0d315fbd-ade0-427f-8a57-9b8f4a7ccba2@group-452902F59078-SegmentedRaftLog:OPENED:c3,f4,i4, conf=0: [fe2f4460-1173-45ac-8f62-3ccbe442b4a3:192.168.157.254:43148, bec42651-2cde-4fcc-b688-684a384bc6fb:192.168.157.254:46415, 0d315fbd-ade0-427f-8a57-9b8f4a7ccba2:192.168.157.254:43029], old=null
2019-10-22 00:04:56,416 [0d315fbd-ade0-427f-8a57-9b8f4a7ccba2@group-452902F59078-LeaderElection46] INFO  impl.RaftServerImpl (RaftServerImpl.java:setRole(184)) - 0d315fbd-ade0-427f-8a57-9b8f4a7ccba2@group-452902F59078: changes role from CANDIDATE to FOLLOWER at term 40 for DISCOVERED_A_NEW_TERM
2019-10-22 00:04:56,417 [0d315fbd-ade0-427f-8a57-9b8f4a7ccba2@group-452902F59078-LeaderElection46] INFO  impl.RoleInfo (RoleInfo.java:shutdownLeaderElection(134)) - 0d315fbd-ade0-427f-8a57-9b8f4a7ccba2: shutdown LeaderElection
2019-10-22 00:04:56,417 [0d315fbd-ade0-427f-8a57-9b8f4a7ccba2@group-452902F59078-LeaderElection46] INFO  impl.RoleInfo (RoleInfo.java:updateAndGet(143)) - 0d315fbd-ade0-427f-8a57-9b8f4a7ccba2: start FollowerState
2019-10-22 00:04:56,421 [Thread-876] INFO  impl.FollowerState (FollowerState.java:run(108)) - 0d315fbd-ade0-427f-8a57-9b8f4a7ccba2@group-452902F59078-FollowerState: change to CANDIDATE, lastRpcTime:4ms, electionTimeout:4ms
2019-10-22 00:04:56,421 [Thread-876] INFO  impl.RoleInfo (RoleInfo.java:shutdownFollowerState(121)) - 0d315fbd-ade0-427f-8a57-9b8f4a7ccba2: shutdown FollowerState
2019-10-22 00:04:56,421 [Thread-876] INFO  impl.RaftServerImpl (RaftServerImpl.java:setRole(184)) - 0d315fbd-ade0-427f-8a57-9b8f4a7ccba2@group-452902F59078: changes role from  FOLLOWER to CANDIDATE at term 40 for changeToCandidate
2019-10-22 00:04:56,421 [Thread-876] INFO  impl.RoleInfo (RoleInfo.java:updateAndGet(143)) - 0d315fbd-ade0-427f-8a57-9b8f4a7ccba2: start LeaderElection
2019-10-22 00:04:56,435 [0d315fbd-ade0-427f-8a57-9b8f4a7ccba2@group-452902F59078-LeaderElection47] INFO  impl.LeaderElection (LeaderElection.java:askForVotes(178)) - 0d315fbd-ade0-427f-8a57-9b8f4a7ccba2@group-452902F59078-LeaderElection47: begin an election at term 41 for 0: [fe2f4460-1173-45ac-8f62-3ccbe442b4a3:192.168.157.254:43148, bec42651-2cde-4fcc-b688-684a384bc6fb:192.168.157.254:46415, 0d315fbd-ade0-427f-8a57-9b8f4a7ccba2:192.168.157.254:43029], old=null
2019-10-22 00:04:56,437 [grpc-default-executor-0] INFO  impl.RaftServerImpl (RaftServerImpl.java:setRole(184)) - bec42651-2cde-4fcc-b688-684a384bc6fb@group-452902F59078: changes role from  FOLLOWER to FOLLOWER at term 41 for recognizeCandidate:0d315fbd-ade0-427f-8a57-9b8f4a7ccba2
2019-10-22 00:04:56,437 [grpc-default-executor-0] INFO  impl.RoleInfo (RoleInfo.java:shutdownFollowerState(121)) - bec42651-2cde-4fcc-b688-684a384bc6fb: shutdown FollowerState
2019-10-22 00:04:56,438 [Thread-874] INFO  impl.FollowerState (FollowerState.java:run(117)) - bec42651-2cde-4fcc-b688-684a384bc6fb@group-452902F59078-FollowerState was interrupted: java.lang.InterruptedException: sleep interrupted
2019-10-22 00:04:56,438 [grpc-default-executor-0] INFO  impl.RoleInfo (RoleInfo.java:updateAndGet(143)) - bec42651-2cde-4fcc-b688-684a384bc6fb: start FollowerState
2019-10-22 00:04:56,438 [grpc-default-executor-8] INFO  impl.RaftServerImpl (RaftServerImpl.java:setRole(184)) - fe2f4460-1173-45ac-8f62-3ccbe442b4a3@group-452902F59078: changes role from  FOLLOWER to FOLLOWER at term 41 for recognizeCandidate:0d315fbd-ade0-427f-8a57-9b8f4a7ccba2
2019-10-22 00:04:56,438 [grpc-default-executor-8] INFO  impl.RoleInfo (RoleInfo.java:shutdownFollowerState(121)) - fe2f4460-1173-45ac-8f62-3ccbe442b4a3: shutdown FollowerState
2019-10-22 00:04:56,438 [Thread-875] INFO  impl.FollowerState (FollowerState.java:run(117)) - fe2f4460-1173-45ac-8f62-3ccbe442b4a3@group-452902F59078-FollowerState was interrupted: java.lang.InterruptedException: sleep interrupted
2019-10-22 00:04:56,438 [grpc-default-executor-8] INFO  impl.RoleInfo (RoleInfo.java:updateAndGet(143)) - fe2f4460-1173-45ac-8f62-3ccbe442b4a3: start FollowerState
2019-10-22 00:04:56,453 [0d315fbd-ade0-427f-8a57-9b8f4a7ccba2@group-452902F59078-LeaderElection47] INFO  impl.LeaderElection (LeaderElection.java:logAndReturn(56)) - 0d315fbd-ade0-427f-8a57-9b8f4a7ccba2@group-452902F59078-LeaderElection47: Election REJECTED; received 2 response(s) [0d315fbd-ade0-427f-8a57-9b8f4a7ccba2<-fe2f4460-1173-45ac-8f62-3ccbe442b4a3#0:FAIL-t41, 0d315fbd-ade0-427f-8a57-9b8f4a7ccba2<-bec42651-2cde-4fcc-b688-684a384bc6fb#0:FAIL-t41] and 0 exception(s); 0d315fbd-ade0-427f-8a57-9b8f4a7ccba2@group-452902F59078:t41, leader=null, voted=0d315fbd-ade0-427f-8a57-9b8f4a7ccba2, raftlog=0d315fbd-ade0-427f-8a57-9b8f4a7ccba2@group-452902F59078-SegmentedRaftLog:OPENED:c3,f4,i4, conf=0: [fe2f4460-1173-45ac-8f62-3ccbe442b4a3:192.168.157.254:43148, bec42651-2cde-4fcc-b688-684a384bc6fb:192.168.157.254:46415, 0d315fbd-ade0-427f-8a57-9b8f4a7ccba2:192.168.157.254:43029], old=null
2019-10-22 00:04:56,453 [0d315fbd-ade0-427f-8a57-9b8f4a7ccba2@group-452902F59078-LeaderElection47] INFO  impl.RaftServerImpl (RaftServerImpl.java:setRole(184)) - 0d315fbd-ade0-427f-8a57-9b8f4a7ccba2@group-452902F59078: changes role from CANDIDATE to FOLLOWER at term 41 for DISCOVERED_A_NEW_TERM
2019-10-22 00:04:56,453 [0d315fbd-ade0-427f-8a57-9b8f4a7ccba2@group-452902F59078-LeaderElection47] INFO  impl.RoleInfo (RoleInfo.java:shutdownLeaderElection(134)) - 0d315fbd-ade0-427f-8a57-9b8f4a7ccba2: shutdown LeaderElection
2019-10-22 00:04:56,453 [0d315fbd-ade0-427f-8a57-9b8f4a7ccba2@group-452902F59078-LeaderElection47] INFO  impl.RoleInfo (RoleInfo.java:updateAndGet(143)) - 0d315fbd-ade0-427f-8a57-9b8f4a7ccba2: start FollowerState
2019-10-22 00:04:56,479 [Thread-882] INFO  impl.FollowerState (FollowerState.java:run(108)) - 0d315fbd-ade0-427f-8a57-9b8f4a7ccba2@group-452902F59078-FollowerState: change to CANDIDATE, lastRpcTime:25ms, electionTimeout:25ms
2019-10-22 00:04:56,479 [Thread-882] INFO  impl.RoleInfo (RoleInfo.java:shutdownFollowerState(121)) - 0d315fbd-ade0-427f-8a57-9b8f4a7ccba2: shutdown FollowerState
2019-10-22 00:04:56,479 [Thread-882] INFO  impl.RaftServerImpl (RaftServerImpl.java:setRole(184)) - 0d315fbd-ade0-427f-8a57-9b8f4a7ccba2@group-452902F59078: changes role from  FOLLOWER to CANDIDATE at term 41 for changeToCandidate
2019-10-22 00:04:56,479 [Thread-882] INFO  impl.RoleInfo (RoleInfo.java:updateAndGet(143)) - 0d315fbd-ade0-427f-8a57-9b8f4a7ccba2: start LeaderElection
2019-10-22 00:04:56,492 [0d315fbd-ade0-427f-8a57-9b8f4a7ccba2@group-452902F59078-LeaderElection48] INFO  impl.LeaderElection (LeaderElection.java:askForVotes(178)) - 0d315fbd-ade0-427f-8a57-9b8f4a7ccba2@group-452902F59078-LeaderElection48: begin an election at term 42 for 0: [fe2f4460-1173-45ac-8f62-3ccbe442b4a3:192.168.157.254:43148, bec42651-2cde-4fcc-b688-684a384bc6fb:192.168.157.254:46415, 0d315fbd-ade0-427f-8a57-9b8f4a7ccba2:192.168.157.254:43029], old=null
2019-10-22 00:04:56,495 [grpc-default-executor-0] INFO  impl.RaftServerImpl (RaftServerImpl.java:setRole(184)) - fe2f4460-1173-45ac-8f62-3ccbe442b4a3@group-452902F59078: changes role from  FOLLOWER to FOLLOWER at term 42 for recognizeCandidate:0d315fbd-ade0-427f-8a57-9b8f4a7ccba2
2019-10-22 00:04:56,495 [grpc-default-executor-0] INFO  impl.RoleInfo (RoleInfo.java:shutdownFollowerState(121)) - fe2f4460-1173-45ac-8f62-3ccbe442b4a3: shutdown FollowerState
2019-10-22 00:04:56,496 [Thread-881] INFO  impl.FollowerState (FollowerState.java:run(117)) - fe2f4460-1173-45ac-8f62-3ccbe442b4a3@group-452902F59078-FollowerState was interrupted: java.lang.InterruptedException: sleep interrupted
2019-10-22 00:04:56,496 [grpc-default-executor-0] INFO  impl.RoleInfo (RoleInfo.java:updateAndGet(143)) - fe2f4460-1173-45ac-8f62-3ccbe442b4a3: start FollowerState
2019-10-22 00:04:56,496 [grpc-default-executor-8] INFO  impl.RaftServerImpl (RaftServerImpl.java:setRole(184)) - bec42651-2cde-4fcc-b688-684a384bc6fb@group-452902F59078: changes role from  FOLLOWER to FOLLOWER at term 42 for recognizeCandidate:0d315fbd-ade0-427f-8a57-9b8f4a7ccba2
2019-10-22 00:04:56,496 [grpc-default-executor-8] INFO  impl.RoleInfo (RoleInfo.java:shutdownFollowerState(121)) - bec42651-2cde-4fcc-b688-684a384bc6fb: shutdown FollowerState
2019-10-22 00:04:56,496 [Thread-880] INFO  impl.FollowerState (FollowerState.java:run(117)) - bec42651-2cde-4fcc-b688-684a384bc6fb@group-452902F59078-FollowerState was interrupted: java.lang.InterruptedException: sleep interrupted
2019-10-22 00:04:56,496 [grpc-default-executor-8] INFO  impl.RoleInfo (RoleInfo.java:updateAndGet(143)) - bec42651-2cde-4fcc-b688-684a384bc6fb: start FollowerState
2019-10-22 00:04:56,511 [0d315fbd-ade0-427f-8a57-9b8f4a7ccba2@group-452902F59078-LeaderElection48] INFO  impl.LeaderElection (LeaderElection.java:logAndReturn(56)) - 0d315fbd-ade0-427f-8a57-9b8f4a7ccba2@group-452902F59078-LeaderElection48: Election REJECTED; received 2 response(s) [0d315fbd-ade0-427f-8a57-9b8f4a7ccba2<-fe2f4460-1173-45ac-8f62-3ccbe442b4a3#0:FAIL-t42, 0d315fbd-ade0-427f-8a57-9b8f4a7ccba2<-bec42651-2cde-4fcc-b688-684a384bc6fb#0:FAIL-t42] and 0 exception(s); 0d315fbd-ade0-427f-8a57-9b8f4a7ccba2@group-452902F59078:t42, leader=null, voted=0d315fbd-ade0-427f-8a57-9b8f4a7ccba2, raftlog=0d315fbd-ade0-427f-8a57-9b8f4a7ccba2@group-452902F59078-SegmentedRaftLog:OPENED:c3,f4,i4, conf=0: [fe2f4460-1173-45ac-8f62-3ccbe442b4a3:192.168.157.254:43148, bec42651-2cde-4fcc-b688-684a384bc6fb:192.168.157.254:46415, 0d315fbd-ade0-427f-8a57-9b8f4a7ccba2:192.168.157.254:43029], old=null
2019-10-22 00:04:56,511 [0d315fbd-ade0-427f-8a57-9b8f4a7ccba2@group-452902F59078-LeaderElection48] INFO  impl.RaftServerImpl (RaftServerImpl.java:setRole(184)) - 0d315fbd-ade0-427f-8a57-9b8f4a7ccba2@group-452902F59078: changes role from CANDIDATE to FOLLOWER at term 42 for DISCOVERED_A_NEW_TERM
2019-10-22 00:04:56,512 [0d315fbd-ade0-427f-8a57-9b8f4a7ccba2@group-452902F59078-LeaderElection48] INFO  impl.RoleInfo (RoleInfo.java:shutdownLeaderElection(134)) - 0d315fbd-ade0-427f-8a57-9b8f4a7ccba2: shutdown LeaderElection
2019-10-22 00:04:56,512 [0d315fbd-ade0-427f-8a57-9b8f4a7ccba2@group-452902F59078-LeaderElection48] INFO  impl.RoleInfo (RoleInfo.java:updateAndGet(143)) - 0d315fbd-ade0-427f-8a57-9b8f4a7ccba2: start FollowerState
2019-10-22 00:04:56,567 [Thread-888] INFO  impl.FollowerState (FollowerState.java:run(108)) - 0d315fbd-ade0-427f-8a57-9b8f4a7ccba2@group-452902F59078-FollowerState: change to CANDIDATE, lastRpcTime:55ms, electionTimeout:55ms
2019-10-22 00:04:56,567 [Thread-888] INFO  impl.RoleInfo (RoleInfo.java:shutdownFollowerState(121)) - 0d315fbd-ade0-427f-8a57-9b8f4a7ccba2: shutdown FollowerState
2019-10-22 00:04:56,567 [Thread-888] INFO  impl.RaftServerImpl (RaftServerImpl.java:setRole(184)) - 0d315fbd-ade0-427f-8a57-9b8f4a7ccba2@group-452902F59078: changes role from  FOLLOWER to CANDIDATE at term 42 for changeToCandidate
2019-10-22 00:04:56,567 [Thread-888] INFO  impl.RoleInfo (RoleInfo.java:updateAndGet(143)) - 0d315fbd-ade0-427f-8a57-9b8f4a7ccba2: start LeaderElection
2019-10-22 00:04:56,581 [0d315fbd-ade0-427f-8a57-9b8f4a7ccba2@group-452902F59078-LeaderElection49] INFO  impl.LeaderElection (LeaderElection.java:askForVotes(178)) - 0d315fbd-ade0-427f-8a57-9b8f4a7ccba2@group-452902F59078-LeaderElection49: begin an election at term 43 for 0: [fe2f4460-1173-45ac-8f62-3ccbe442b4a3:192.168.157.254:43148, bec42651-2cde-4fcc-b688-684a384bc6fb:192.168.157.254:46415, 0d315fbd-ade0-427f-8a57-9b8f4a7ccba2:192.168.157.254:43029], old=null
2019-10-22 00:04:56,583 [grpc-default-executor-8] INFO  impl.RaftServerImpl (RaftServerImpl.java:setRole(184)) - bec42651-2cde-4fcc-b688-684a384bc6fb@group-452902F59078: changes role from  FOLLOWER to FOLLOWER at term 43 for recognizeCandidate:0d315fbd-ade0-427f-8a57-9b8f4a7ccba2
2019-10-22 00:04:56,584 [grpc-default-executor-8] INFO  impl.RoleInfo (RoleInfo.java:shutdownFollowerState(121)) - bec42651-2cde-4fcc-b688-684a384bc6fb: shutdown FollowerState
2019-10-22 00:04:56,584 [grpc-default-executor-0] INFO  impl.RaftServerImpl (RaftServerImpl.java:setRole(184)) - fe2f4460-1173-45ac-8f62-3ccbe442b4a3@group-452902F59078: changes role from  FOLLOWER to FOLLOWER at term 43 for recognizeCandidate:0d315fbd-ade0-427f-8a57-9b8f4a7ccba2
2019-10-22 00:04:56,584 [grpc-default-executor-8] INFO  impl.RoleInfo (RoleInfo.java:updateAndGet(143)) - bec42651-2cde-4fcc-b688-684a384bc6fb: start FollowerState
2019-10-22 00:04:56,584 [Thread-887] INFO  impl.FollowerState (FollowerState.java:run(117)) - bec42651-2cde-4fcc-b688-684a384bc6fb@group-452902F59078-FollowerState was interrupted: java.lang.InterruptedException: sleep interrupted
2019-10-22 00:04:56,584 [grpc-default-executor-0] INFO  impl.RoleInfo (RoleInfo.java:shutdownFollowerState(121)) - fe2f4460-1173-45ac-8f62-3ccbe442b4a3: shutdown FollowerState
2019-10-22 00:04:56,584 [Thread-886] INFO  impl.FollowerState (FollowerState.java:run(117)) - fe2f4460-1173-45ac-8f62-3ccbe442b4a3@group-452902F59078-FollowerState was interrupted: java.lang.InterruptedException: sleep interrupted
2019-10-22 00:04:56,585 [grpc-default-executor-0] INFO  impl.RoleInfo (RoleInfo.java:updateAndGet(143)) - fe2f4460-1173-45ac-8f62-3ccbe442b4a3: start FollowerState
2019-10-22 00:04:56,599 [0d315fbd-ade0-427f-8a57-9b8f4a7ccba2@group-452902F59078-LeaderElection49] INFO  impl.LeaderElection (LeaderElection.java:logAndReturn(56)) - 0d315fbd-ade0-427f-8a57-9b8f4a7ccba2@group-452902F59078-LeaderElection49: Election REJECTED; received 2 response(s) [0d315fbd-ade0-427f-8a57-9b8f4a7ccba2<-fe2f4460-1173-45ac-8f62-3ccbe442b4a3#0:FAIL-t43, 0d315fbd-ade0-427f-8a57-9b8f4a7ccba2<-bec42651-2cde-4fcc-b688-684a384bc6fb#0:FAIL-t43] and 0 exception(s); 0d315fbd-ade0-427f-8a57-9b8f4a7ccba2@group-452902F59078:t43, leader=null, voted=0d315fbd-ade0-427f-8a57-9b8f4a7ccba2, raftlog=0d315fbd-ade0-427f-8a57-9b8f4a7ccba2@group-452902F59078-SegmentedRaftLog:OPENED:c3,f4,i4, conf=0: [fe2f4460-1173-45ac-8f62-3ccbe442b4a3:192.168.157.254:43148, bec42651-2cde-4fcc-b688-684a384bc6fb:192.168.157.254:46415, 0d315fbd-ade0-427f-8a57-9b8f4a7ccba2:192.168.157.254:43029], old=null
2019-10-22 00:04:56,599 [0d315fbd-ade0-427f-8a57-9b8f4a7ccba2@group-452902F59078-LeaderElection49] INFO  impl.RaftServerImpl (RaftServerImpl.java:setRole(184)) - 0d315fbd-ade0-427f-8a57-9b8f4a7ccba2@group-452902F59078: changes role from CANDIDATE to FOLLOWER at term 43 for DISCOVERED_A_NEW_TERM
2019-10-22 00:04:56,600 [0d315fbd-ade0-427f-8a57-9b8f4a7ccba2@group-452902F59078-LeaderElection49] INFO  impl.RoleInfo (RoleInfo.java:shutdownLeaderElection(134)) - 0d315fbd-ade0-427f-8a57-9b8f4a7ccba2: shutdown LeaderElection
2019-10-22 00:04:56,600 [0d315fbd-ade0-427f-8a57-9b8f4a7ccba2@group-452902F59078-LeaderElection49] INFO  impl.RoleInfo (RoleInfo.java:updateAndGet(143)) - 0d315fbd-ade0-427f-8a57-9b8f4a7ccba2: start FollowerState
2019-10-22 00:04:56,743 [Thread-894] INFO  impl.FollowerState (FollowerState.java:run(108)) - 0d315fbd-ade0-427f-8a57-9b8f4a7ccba2@group-452902F59078-FollowerState: change to CANDIDATE, lastRpcTime:143ms, electionTimeout:143ms
2019-10-22 00:04:56,743 [Thread-894] INFO  impl.RoleInfo (RoleInfo.java:shutdownFollowerState(121)) - 0d315fbd-ade0-427f-8a57-9b8f4a7ccba2: shutdown FollowerState
2019-10-22 00:04:56,743 [Thread-894] INFO  impl.RaftServerImpl (RaftServerImpl.java:setRole(184)) - 0d315fbd-ade0-427f-8a57-9b8f4a7ccba2@group-452902F59078: changes role from  FOLLOWER to CANDIDATE at term 43 for changeToCandidate
2019-10-22 00:04:56,743 [Thread-894] INFO  impl.RoleInfo (RoleInfo.java:updateAndGet(143)) - 0d315fbd-ade0-427f-8a57-9b8f4a7ccba2: start LeaderElection
2019-10-22 00:04:56,757 [0d315fbd-ade0-427f-8a57-9b8f4a7ccba2@group-452902F59078-LeaderElection50] INFO  impl.LeaderElection (LeaderElection.java:askForVotes(178)) - 0d315fbd-ade0-427f-8a57-9b8f4a7ccba2@group-452902F59078-LeaderElection50: begin an election at term 44 for 0: [fe2f4460-1173-45ac-8f62-3ccbe442b4a3:192.168.157.254:43148, bec42651-2cde-4fcc-b688-684a384bc6fb:192.168.157.254:46415, 0d315fbd-ade0-427f-8a57-9b8f4a7ccba2:192.168.157.254:43029], old=null
2019-10-22 00:04:56,760 [grpc-default-executor-8] INFO  impl.RaftServerImpl (RaftServerImpl.java:setRole(184)) - fe2f4460-1173-45ac-8f62-3ccbe442b4a3@group-452902F59078: changes role from  FOLLOWER to FOLLOWER at term 44 for recognizeCandidate:0d315fbd-ade0-427f-8a57-9b8f4a7ccba2
2019-10-22 00:04:56,760 [grpc-default-executor-8] INFO  impl.RoleInfo (RoleInfo.java:shutdownFollowerState(121)) - fe2f4460-1173-45ac-8f62-3ccbe442b4a3: shutdown FollowerState
2019-10-22 00:04:56,760 [grpc-default-executor-0] INFO  impl.RaftServerImpl (RaftServerImpl.java:setRole(184)) - bec42651-2cde-4fcc-b688-684a384bc6fb@group-452902F59078: changes role from  FOLLOWER to FOLLOWER at term 44 for recognizeCandidate:0d315fbd-ade0-427f-8a57-9b8f4a7ccba2
2019-10-22 00:04:56,761 [Thread-893] INFO  impl.FollowerState (FollowerState.java:run(117)) - fe2f4460-1173-45ac-8f62-3ccbe442b4a3@group-452902F59078-FollowerState was interrupted: java.lang.InterruptedException: sleep interrupted
2019-10-22 00:04:56,761 [grpc-default-executor-8] INFO  impl.RoleInfo (RoleInfo.java:updateAndGet(143)) - fe2f4460-1173-45ac-8f62-3ccbe442b4a3: start FollowerState
2019-10-22 00:04:56,761 [grpc-default-executor-0] INFO  impl.RoleInfo (RoleInfo.java:shutdownFollowerState(121)) - bec42651-2cde-4fcc-b688-684a384bc6fb: shutdown FollowerState
2019-10-22 00:04:56,761 [grpc-default-executor-0] INFO  impl.RoleInfo (RoleInfo.java:updateAndGet(143)) - bec42651-2cde-4fcc-b688-684a384bc6fb: start FollowerState
2019-10-22 00:04:56,761 [Thread-892] INFO  impl.FollowerState (FollowerState.java:run(117)) - bec42651-2cde-4fcc-b688-684a384bc6fb@group-452902F59078-FollowerState was interrupted: java.lang.InterruptedException: sleep interrupted
2019-10-22 00:04:56,774 [0d315fbd-ade0-427f-8a57-9b8f4a7ccba2@group-452902F59078-LeaderElection50] INFO  impl.LeaderElection (LeaderElection.java:logAndReturn(56)) - 0d315fbd-ade0-427f-8a57-9b8f4a7ccba2@group-452902F59078-LeaderElection50: Election REJECTED; received 2 response(s) [0d315fbd-ade0-427f-8a57-9b8f4a7ccba2<-fe2f4460-1173-45ac-8f62-3ccbe442b4a3#0:FAIL-t44, 0d315fbd-ade0-427f-8a57-9b8f4a7ccba2<-bec42651-2cde-4fcc-b688-684a384bc6fb#0:FAIL-t44] and 0 exception(s); 0d315fbd-ade0-427f-8a57-9b8f4a7ccba2@group-452902F59078:t44, leader=null, voted=0d315fbd-ade0-427f-8a57-9b8f4a7ccba2, raftlog=0d315fbd-ade0-427f-8a57-9b8f4a7ccba2@group-452902F59078-SegmentedRaftLog:OPENED:c3,f4,i4, conf=0: [fe2f4460-1173-45ac-8f62-3ccbe442b4a3:192.168.157.254:43148, bec42651-2cde-4fcc-b688-684a384bc6fb:192.168.157.254:46415, 0d315fbd-ade0-427f-8a57-9b8f4a7ccba2:192.168.157.254:43029], old=null
2019-10-22 00:04:56,774 [0d315fbd-ade0-427f-8a57-9b8f4a7ccba2@group-452902F59078-LeaderElection50] INFO  impl.RaftServerImpl (RaftServerImpl.java:setRole(184)) - 0d315fbd-ade0-427f-8a57-9b8f4a7ccba2@group-452902F59078: changes role from CANDIDATE to FOLLOWER at term 44 for DISCOVERED_A_NEW_TERM
2019-10-22 00:04:56,774 [0d315fbd-ade0-427f-8a57-9b8f4a7ccba2@group-452902F59078-LeaderElection50] INFO  impl.RoleInfo (RoleInfo.java:shutdownLeaderElection(134)) - 0d315fbd-ade0-427f-8a57-9b8f4a7ccba2: shutdown LeaderElection
2019-10-22 00:04:56,774 [0d315fbd-ade0-427f-8a57-9b8f4a7ccba2@group-452902F59078-LeaderElection50] INFO  impl.RoleInfo (RoleInfo.java:updateAndGet(143)) - 0d315fbd-ade0-427f-8a57-9b8f4a7ccba2: start FollowerState
2019-10-22 00:04:56,833 [pool-7-thread-4] INFO  commands.RetriableDatanodeEventWatcher (RetriableDatanodeEventWatcher.java:onTimeout(47)) - RetriableDatanodeCommand type=deleteBlocksCommand with id=1571702687821 timed out. Retrying.
2019-10-22 00:04:56,833 [pool-7-thread-1] INFO  commands.RetriableDatanodeEventWatcher (RetriableDatanodeEventWatcher.java:onTimeout(47)) - RetriableDatanodeCommand type=deleteBlocksCommand with id=1571702687828 timed out. Retrying.
2019-10-22 00:04:56,833 [pool-7-thread-3] INFO  commands.RetriableDatanodeEventWatcher (RetriableDatanodeEventWatcher.java:onTimeout(47)) - RetriableDatanodeCommand type=deleteBlocksCommand with id=1571702687830 timed out. Retrying.
2019-10-22 00:04:56,833 [pool-7-thread-2] INFO  commands.RetriableDatanodeEventWatcher (RetriableDatanodeEventWatcher.java:onTimeout(47)) - RetriableDatanodeCommand type=deleteBlocksCommand with id=1571702687829 timed out. Retrying.
2019-10-22 00:04:56,833 [pool-7-thread-2] INFO  commands.RetriableDatanodeEventWatcher (RetriableDatanodeEventWatcher.java:onTimeout(47)) - RetriableDatanodeCommand type=deleteBlocksCommand with id=1571702687826 timed out. Retrying.
2019-10-22 00:04:56,834 [pool-7-thread-4] INFO  commands.RetriableDatanodeEventWatcher (RetriableDatanodeEventWatcher.java:onTimeout(47)) - RetriableDatanodeCommand type=deleteBlocksCommand with id=1571702687825 timed out. Retrying.
2019-10-22 00:04:56,834 [pool-7-thread-3] INFO  commands.RetriableDatanodeEventWatcher (RetriableDatanodeEventWatcher.java:onTimeout(47)) - RetriableDatanodeCommand type=deleteBlocksCommand with id=1571702687827 timed out. Retrying.
2019-10-22 00:04:56,834 [pool-7-thread-1] INFO  commands.RetriableDatanodeEventWatcher (RetriableDatanodeEventWatcher.java:onTimeout(47)) - RetriableDatanodeCommand type=deleteBlocksCommand with id=1571702687824 timed out. Retrying.
2019-10-22 00:04:56,834 [SCMBlockDeletingService#1] INFO  block.SCMBlockDeletingService (SCMBlockDeletingService.java:call(184)) - Totally added 1 delete blocks command for 1 datanodes, task elapsed time: 1ms
2019-10-22 00:04:56,834 [pool-7-thread-7] INFO  commands.RetriableDatanodeEventWatcher (RetriableDatanodeEventWatcher.java:onTimeout(47)) - RetriableDatanodeCommand type=deleteBlocksCommand with id=1571702687831 timed out. Retrying.
2019-10-22 00:04:56,902 [Thread-900] INFO  impl.FollowerState (FollowerState.java:run(108)) - 0d315fbd-ade0-427f-8a57-9b8f4a7ccba2@group-452902F59078-FollowerState: change to CANDIDATE, lastRpcTime:128ms, electionTimeout:128ms
2019-10-22 00:04:56,903 [Thread-900] INFO  impl.RoleInfo (RoleInfo.java:shutdownFollowerState(121)) - 0d315fbd-ade0-427f-8a57-9b8f4a7ccba2: shutdown FollowerState
2019-10-22 00:04:56,903 [Thread-900] INFO  impl.RaftServerImpl (RaftServerImpl.java:setRole(184)) - 0d315fbd-ade0-427f-8a57-9b8f4a7ccba2@group-452902F59078: changes role from  FOLLOWER to CANDIDATE at term 44 for changeToCandidate
2019-10-22 00:04:56,903 [Thread-900] INFO  impl.RoleInfo (RoleInfo.java:updateAndGet(143)) - 0d315fbd-ade0-427f-8a57-9b8f4a7ccba2: start LeaderElection
2019-10-22 00:04:56,911 [0d315fbd-ade0-427f-8a57-9b8f4a7ccba2@group-452902F59078-LeaderElection51] INFO  impl.LeaderElection (LeaderElection.java:askForVotes(178)) - 0d315fbd-ade0-427f-8a57-9b8f4a7ccba2@group-452902F59078-LeaderElection51: begin an election at term 45 for 0: [fe2f4460-1173-45ac-8f62-3ccbe442b4a3:192.168.157.254:43148, bec42651-2cde-4fcc-b688-684a384bc6fb:192.168.157.254:46415, 0d315fbd-ade0-427f-8a57-9b8f4a7ccba2:192.168.157.254:43029], old=null
2019-10-22 00:04:56,914 [grpc-default-executor-0] INFO  impl.RaftServerImpl (RaftServerImpl.java:setRole(184)) - bec42651-2cde-4fcc-b688-684a384bc6fb@group-452902F59078: changes role from  FOLLOWER to FOLLOWER at term 45 for recognizeCandidate:0d315fbd-ade0-427f-8a57-9b8f4a7ccba2
2019-10-22 00:04:56,914 [grpc-default-executor-0] INFO  impl.RoleInfo (RoleInfo.java:shutdownFollowerState(121)) - bec42651-2cde-4fcc-b688-684a384bc6fb: shutdown FollowerState
2019-10-22 00:04:56,914 [grpc-default-executor-8] INFO  impl.RaftServerImpl (RaftServerImpl.java:setRole(184)) - fe2f4460-1173-45ac-8f62-3ccbe442b4a3@group-452902F59078: changes role from  FOLLOWER to FOLLOWER at term 45 for recognizeCandidate:0d315fbd-ade0-427f-8a57-9b8f4a7ccba2
2019-10-22 00:04:56,914 [grpc-default-executor-0] INFO  impl.RoleInfo (RoleInfo.java:updateAndGet(143)) - bec42651-2cde-4fcc-b688-684a384bc6fb: start FollowerState
2019-10-22 00:04:56,914 [Thread-899] INFO  impl.FollowerState (FollowerState.java:run(117)) - bec42651-2cde-4fcc-b688-684a384bc6fb@group-452902F59078-FollowerState was interrupted: java.lang.InterruptedException: sleep interrupted
2019-10-22 00:04:56,914 [grpc-default-executor-8] INFO  impl.RoleInfo (RoleInfo.java:shutdownFollowerState(121)) - fe2f4460-1173-45ac-8f62-3ccbe442b4a3: shutdown FollowerState
2019-10-22 00:04:56,915 [Thread-898] INFO  impl.FollowerState (FollowerState.java:run(117)) - fe2f4460-1173-45ac-8f62-3ccbe442b4a3@group-452902F59078-FollowerState was interrupted: java.lang.InterruptedException: sleep interrupted
2019-10-22 00:04:56,915 [grpc-default-executor-8] INFO  impl.RoleInfo (RoleInfo.java:updateAndGet(143)) - fe2f4460-1173-45ac-8f62-3ccbe442b4a3: start FollowerState
2019-10-22 00:04:56,922 [Command processor thread] INFO  commandhandler.DeleteBlocksCommandHandler (DeleteBlocksCommandHandler.java:handle(106)) - Start to delete container blocks, TXIDs=[1(0)], numOfContainers=1, numOfBlocks=1
2019-10-22 00:04:56,922 [Command processor thread] INFO  commandhandler.DeleteBlocksCommandHandler (DeleteBlocksCommandHandler.java:handle(106)) - Start to delete container blocks, TXIDs=[1(2)], numOfContainers=1, numOfBlocks=1
2019-10-22 00:04:56,922 [Command processor thread] INFO  commandhandler.DeleteBlocksCommandHandler (DeleteBlocksCommandHandler.java:handle(106)) - Start to delete container blocks, TXIDs=[1(2)], numOfContainers=1, numOfBlocks=1
2019-10-22 00:04:56,922 [Command processor thread] INFO  commandhandler.DeleteBlocksCommandHandler (DeleteBlocksCommandHandler.java:handle(106)) - Start to delete container blocks, TXIDs=[1(30)], numOfContainers=1, numOfBlocks=1
2019-10-22 00:04:56,923 [Command processor thread] INFO  commandhandler.DeleteBlocksCommandHandler (DeleteBlocksCommandHandler.java:handle(106)) - Start to delete container blocks, TXIDs=[1(2)], numOfContainers=1, numOfBlocks=1
2019-10-22 00:04:56,923 [Command processor thread] INFO  commandhandler.DeleteBlocksCommandHandler (DeleteBlocksCommandHandler.java:handle(106)) - Start to delete container blocks, TXIDs=[1(38)], numOfContainers=1, numOfBlocks=1
2019-10-22 00:04:56,923 [Command processor thread] INFO  commandhandler.DeleteBlocksCommandHandler (DeleteBlocksCommandHandler.java:handle(106)) - Start to delete container blocks, TXIDs=[1(2)], numOfContainers=1, numOfBlocks=1
2019-10-22 00:04:56,923 [Command processor thread] INFO  commandhandler.DeleteBlocksCommandHandler (DeleteBlocksCommandHandler.java:handle(106)) - Start to delete container blocks, TXIDs=[1(2)], numOfContainers=1, numOfBlocks=1
2019-10-22 00:04:56,923 [Command processor thread] INFO  commandhandler.DeleteBlocksCommandHandler (DeleteBlocksCommandHandler.java:handle(106)) - Start to delete container blocks, TXIDs=[1(2)], numOfContainers=1, numOfBlocks=1
2019-10-22 00:04:56,929 [0d315fbd-ade0-427f-8a57-9b8f4a7ccba2@group-452902F59078-LeaderElection51] INFO  impl.LeaderElection (LeaderElection.java:logAndReturn(56)) - 0d315fbd-ade0-427f-8a57-9b8f4a7ccba2@group-452902F59078-LeaderElection51: Election REJECTED; received 2 response(s) [0d315fbd-ade0-427f-8a57-9b8f4a7ccba2<-fe2f4460-1173-45ac-8f62-3ccbe442b4a3#0:FAIL-t45, 0d315fbd-ade0-427f-8a57-9b8f4a7ccba2<-bec42651-2cde-4fcc-b688-684a384bc6fb#0:FAIL-t45] and 0 exception(s); 0d315fbd-ade0-427f-8a57-9b8f4a7ccba2@group-452902F59078:t45, leader=null, voted=0d315fbd-ade0-427f-8a57-9b8f4a7ccba2, raftlog=0d315fbd-ade0-427f-8a57-9b8f4a7ccba2@group-452902F59078-SegmentedRaftLog:OPENED:c3,f4,i4, conf=0: [fe2f4460-1173-45ac-8f62-3ccbe442b4a3:192.168.157.254:43148, bec42651-2cde-4fcc-b688-684a384bc6fb:192.168.157.254:46415, 0d315fbd-ade0-427f-8a57-9b8f4a7ccba2:192.168.157.254:43029], old=null
2019-10-22 00:04:56,929 [0d315fbd-ade0-427f-8a57-9b8f4a7ccba2@group-452902F59078-LeaderElection51] INFO  impl.RaftServerImpl (RaftServerImpl.java:setRole(184)) - 0d315fbd-ade0-427f-8a57-9b8f4a7ccba2@group-452902F59078: changes role from CANDIDATE to FOLLOWER at term 45 for DISCOVERED_A_NEW_TERM
2019-10-22 00:04:56,929 [0d315fbd-ade0-427f-8a57-9b8f4a7ccba2@group-452902F59078-LeaderElection51] INFO  impl.RoleInfo (RoleInfo.java:shutdownLeaderElection(134)) - 0d315fbd-ade0-427f-8a57-9b8f4a7ccba2: shutdown LeaderElection
2019-10-22 00:04:56,929 [0d315fbd-ade0-427f-8a57-9b8f4a7ccba2@group-452902F59078-LeaderElection51] INFO  impl.RoleInfo (RoleInfo.java:updateAndGet(143)) - 0d315fbd-ade0-427f-8a57-9b8f4a7ccba2: start FollowerState
2019-10-22 00:04:57,093 [Thread-909] INFO  client.GrpcClientProtocolService (GrpcClientProtocolService.java:lambda$processClientRequest$0(278)) - Failed RaftClientRequest:client-06600EE78844->bec42651-2cde-4fcc-b688-684a384bc6fb@group-452902F59078, cid=10, seq=0, Watch-ALL_COMMITTED(6), Message:<EMPTY>, reply=RaftClientReply:client-06600EE78844->bec42651-2cde-4fcc-b688-684a384bc6fb@group-452902F59078, cid=10, FAILED org.apache.ratis.protocol.NotLeaderException: Server bec42651-2cde-4fcc-b688-684a384bc6fb@group-452902F59078 is not the leader, logIndex=0, commits[bec42651-2cde-4fcc-b688-684a384bc6fb:c10, fe2f4460-1173-45ac-8f62-3ccbe442b4a3:c10, 0d315fbd-ade0-427f-8a57-9b8f4a7ccba2:c4]
2019-10-22 00:04:57,119 [Thread-907] INFO  impl.FollowerState (FollowerState.java:run(108)) - 0d315fbd-ade0-427f-8a57-9b8f4a7ccba2@group-452902F59078-FollowerState: change to CANDIDATE, lastRpcTime:189ms, electionTimeout:189ms
2019-10-22 00:04:57,119 [Thread-907] INFO  impl.RoleInfo (RoleInfo.java:shutdownFollowerState(121)) - 0d315fbd-ade0-427f-8a57-9b8f4a7ccba2: shutdown FollowerState
2019-10-22 00:04:57,119 [Thread-907] INFO  impl.RaftServerImpl (RaftServerImpl.java:setRole(184)) - 0d315fbd-ade0-427f-8a57-9b8f4a7ccba2@group-452902F59078: changes role from  FOLLOWER to CANDIDATE at term 45 for changeToCandidate
2019-10-22 00:04:57,119 [Thread-907] INFO  impl.RoleInfo (RoleInfo.java:updateAndGet(143)) - 0d315fbd-ade0-427f-8a57-9b8f4a7ccba2: start LeaderElection
2019-10-22 00:04:57,133 [0d315fbd-ade0-427f-8a57-9b8f4a7ccba2@group-452902F59078-LeaderElection52] INFO  impl.LeaderElection (LeaderElection.java:askForVotes(178)) - 0d315fbd-ade0-427f-8a57-9b8f4a7ccba2@group-452902F59078-LeaderElection52: begin an election at term 46 for 0: [fe2f4460-1173-45ac-8f62-3ccbe442b4a3:192.168.157.254:43148, bec42651-2cde-4fcc-b688-684a384bc6fb:192.168.157.254:46415, 0d315fbd-ade0-427f-8a57-9b8f4a7ccba2:192.168.157.254:43029], old=null
2019-10-22 00:04:57,135 [grpc-default-executor-8] INFO  impl.RaftServerImpl (RaftServerImpl.java:setRole(184)) - fe2f4460-1173-45ac-8f62-3ccbe442b4a3@group-452902F59078: changes role from  FOLLOWER to FOLLOWER at term 46 for recognizeCandidate:0d315fbd-ade0-427f-8a57-9b8f4a7ccba2
2019-10-22 00:04:57,135 [grpc-default-executor-0] INFO  impl.RaftServerImpl (RaftServerImpl.java:setRole(184)) - bec42651-2cde-4fcc-b688-684a384bc6fb@group-452902F59078: changes role from  FOLLOWER to FOLLOWER at term 46 for recognizeCandidate:0d315fbd-ade0-427f-8a57-9b8f4a7ccba2
2019-10-22 00:04:57,135 [grpc-default-executor-8] INFO  impl.RoleInfo (RoleInfo.java:shutdownFollowerState(121)) - fe2f4460-1173-45ac-8f62-3ccbe442b4a3: shutdown FollowerState
2019-10-22 00:04:57,135 [grpc-default-executor-0] INFO  impl.RoleInfo (RoleInfo.java:shutdownFollowerState(121)) - bec42651-2cde-4fcc-b688-684a384bc6fb: shutdown FollowerState
2019-10-22 00:04:57,136 [Thread-906] INFO  impl.FollowerState (FollowerState.java:run(117)) - fe2f4460-1173-45ac-8f62-3ccbe442b4a3@group-452902F59078-FollowerState was interrupted: java.lang.InterruptedException: sleep interrupted
2019-10-22 00:04:57,136 [Thread-905] INFO  impl.FollowerState (FollowerState.java:run(117)) - bec42651-2cde-4fcc-b688-684a384bc6fb@group-452902F59078-FollowerState was interrupted: java.lang.InterruptedException: sleep interrupted
2019-10-22 00:04:57,136 [grpc-default-executor-0] INFO  impl.RoleInfo (RoleInfo.java:updateAndGet(143)) - bec42651-2cde-4fcc-b688-684a384bc6fb: start FollowerState
2019-10-22 00:04:57,136 [grpc-default-executor-8] INFO  impl.RoleInfo (RoleInfo.java:updateAndGet(143)) - fe2f4460-1173-45ac-8f62-3ccbe442b4a3: start FollowerState
2019-10-22 00:04:57,153 [0d315fbd-ade0-427f-8a57-9b8f4a7ccba2@group-452902F59078-LeaderElection52] INFO  impl.LeaderElection (LeaderElection.java:logAndReturn(56)) - 0d315fbd-ade0-427f-8a57-9b8f4a7ccba2@group-452902F59078-LeaderElection52: Election REJECTED; received 2 response(s) [0d315fbd-ade0-427f-8a57-9b8f4a7ccba2<-fe2f4460-1173-45ac-8f62-3ccbe442b4a3#0:FAIL-t46, 0d315fbd-ade0-427f-8a57-9b8f4a7ccba2<-bec42651-2cde-4fcc-b688-684a384bc6fb#0:FAIL-t46] and 0 exception(s); 0d315fbd-ade0-427f-8a57-9b8f4a7ccba2@group-452902F59078:t46, leader=null, voted=0d315fbd-ade0-427f-8a57-9b8f4a7ccba2, raftlog=0d315fbd-ade0-427f-8a57-9b8f4a7ccba2@group-452902F59078-SegmentedRaftLog:OPENED:c3,f4,i4, conf=0: [fe2f4460-1173-45ac-8f62-3ccbe442b4a3:192.168.157.254:43148, bec42651-2cde-4fcc-b688-684a384bc6fb:192.168.157.254:46415, 0d315fbd-ade0-427f-8a57-9b8f4a7ccba2:192.168.157.254:43029], old=null
2019-10-22 00:04:57,153 [0d315fbd-ade0-427f-8a57-9b8f4a7ccba2@group-452902F59078-LeaderElection52] INFO  impl.RaftServerImpl (RaftServerImpl.java:setRole(184)) - 0d315fbd-ade0-427f-8a57-9b8f4a7ccba2@group-452902F59078: changes role from CANDIDATE to FOLLOWER at term 46 for DISCOVERED_A_NEW_TERM
2019-10-22 00:04:57,153 [0d315fbd-ade0-427f-8a57-9b8f4a7ccba2@group-452902F59078-LeaderElection52] INFO  impl.RoleInfo (RoleInfo.java:shutdownLeaderElection(134)) - 0d315fbd-ade0-427f-8a57-9b8f4a7ccba2: shutdown LeaderElection
2019-10-22 00:04:57,153 [0d315fbd-ade0-427f-8a57-9b8f4a7ccba2@group-452902F59078-LeaderElection52] INFO  impl.RoleInfo (RoleInfo.java:updateAndGet(143)) - 0d315fbd-ade0-427f-8a57-9b8f4a7ccba2: start FollowerState
2019-10-22 00:04:57,255 [BlockDeletingService#8] WARN  background.BlockDeletingService (BlockDeletingService.java:isDeletionAllowed(187)) - Close Container log Index 6 is not replicated across allthe servers in the pipeline c00d4cd3-293b-4d2c-9f2c-452902f59078 as the min replicated index is 4. Deletion is not allowed in this container yet.
2019-10-22 00:04:57,256 [BlockDeletingService#3] WARN  background.BlockDeletingService (BlockDeletingService.java:isDeletionAllowed(187)) - Close Container log Index 6 is not replicated across allthe servers in the pipeline c00d4cd3-293b-4d2c-9f2c-452902f59078 as the min replicated index is 4. Deletion is not allowed in this container yet.
2019-10-22 00:04:57,285 [Thread-916] INFO  impl.FollowerState (FollowerState.java:run(108)) - 0d315fbd-ade0-427f-8a57-9b8f4a7ccba2@group-452902F59078-FollowerState: change to CANDIDATE, lastRpcTime:132ms, electionTimeout:132ms
2019-10-22 00:04:57,285 [Thread-916] INFO  impl.RoleInfo (RoleInfo.java:shutdownFollowerState(121)) - 0d315fbd-ade0-427f-8a57-9b8f4a7ccba2: shutdown FollowerState
2019-10-22 00:04:57,286 [Thread-916] INFO  impl.RaftServerImpl (RaftServerImpl.java:setRole(184)) - 0d315fbd-ade0-427f-8a57-9b8f4a7ccba2@group-452902F59078: changes role from  FOLLOWER to CANDIDATE at term 46 for changeToCandidate
2019-10-22 00:04:57,286 [Thread-916] INFO  impl.RoleInfo (RoleInfo.java:updateAndGet(143)) - 0d315fbd-ade0-427f-8a57-9b8f4a7ccba2: start LeaderElection
2019-10-22 00:04:57,299 [0d315fbd-ade0-427f-8a57-9b8f4a7ccba2@group-452902F59078-LeaderElection53] INFO  impl.LeaderElection (LeaderElection.java:askForVotes(178)) - 0d315fbd-ade0-427f-8a57-9b8f4a7ccba2@group-452902F59078-LeaderElection53: begin an election at term 47 for 0: [fe2f4460-1173-45ac-8f62-3ccbe442b4a3:192.168.157.254:43148, bec42651-2cde-4fcc-b688-684a384bc6fb:192.168.157.254:46415, 0d315fbd-ade0-427f-8a57-9b8f4a7ccba2:192.168.157.254:43029], old=null
2019-10-22 00:04:57,303 [grpc-default-executor-8] INFO  impl.RaftServerImpl (RaftServerImpl.java:setRole(184)) - fe2f4460-1173-45ac-8f62-3ccbe442b4a3@group-452902F59078: changes role from  FOLLOWER to FOLLOWER at term 47 for recognizeCandidate:0d315fbd-ade0-427f-8a57-9b8f4a7ccba2
2019-10-22 00:04:57,303 [grpc-default-executor-0] INFO  impl.RaftServerImpl (RaftServerImpl.java:setRole(184)) - bec42651-2cde-4fcc-b688-684a384bc6fb@group-452902F59078: changes role from  FOLLOWER to FOLLOWER at term 47 for recognizeCandidate:0d315fbd-ade0-427f-8a57-9b8f4a7ccba2
2019-10-22 00:04:57,303 [grpc-default-executor-8] INFO  impl.RoleInfo (RoleInfo.java:shutdownFollowerState(121)) - fe2f4460-1173-45ac-8f62-3ccbe442b4a3: shutdown FollowerState
2019-10-22 00:04:57,303 [grpc-default-executor-0] INFO  impl.RoleInfo (RoleInfo.java:shutdownFollowerState(121)) - bec42651-2cde-4fcc-b688-684a384bc6fb: shutdown FollowerState
2019-10-22 00:04:57,303 [grpc-default-executor-8] INFO  impl.RoleInfo (RoleInfo.java:updateAndGet(143)) - fe2f4460-1173-45ac-8f62-3ccbe442b4a3: start FollowerState
2019-10-22 00:04:57,303 [grpc-default-executor-0] INFO  impl.RoleInfo (RoleInfo.java:updateAndGet(143)) - bec42651-2cde-4fcc-b688-684a384bc6fb: start FollowerState
2019-10-22 00:04:57,303 [Thread-914] INFO  impl.FollowerState (FollowerState.java:run(117)) - fe2f4460-1173-45ac-8f62-3ccbe442b4a3@group-452902F59078-FollowerState was interrupted: java.lang.InterruptedException: sleep interrupted
2019-10-22 00:04:57,303 [Thread-915] INFO  impl.FollowerState (FollowerState.java:run(117)) - bec42651-2cde-4fcc-b688-684a384bc6fb@group-452902F59078-FollowerState was interrupted: java.lang.InterruptedException: sleep interrupted
2019-10-22 00:04:57,329 [0d315fbd-ade0-427f-8a57-9b8f4a7ccba2@group-452902F59078-LeaderElection53] INFO  impl.LeaderElection (LeaderElection.java:logAndReturn(56)) - 0d315fbd-ade0-427f-8a57-9b8f4a7ccba2@group-452902F59078-LeaderElection53: Election REJECTED; received 2 response(s) [0d315fbd-ade0-427f-8a57-9b8f4a7ccba2<-fe2f4460-1173-45ac-8f62-3ccbe442b4a3#0:FAIL-t47, 0d315fbd-ade0-427f-8a57-9b8f4a7ccba2<-bec42651-2cde-4fcc-b688-684a384bc6fb#0:FAIL-t47] and 0 exception(s); 0d315fbd-ade0-427f-8a57-9b8f4a7ccba2@group-452902F59078:t47, leader=null, voted=0d315fbd-ade0-427f-8a57-9b8f4a7ccba2, raftlog=0d315fbd-ade0-427f-8a57-9b8f4a7ccba2@group-452902F59078-SegmentedRaftLog:OPENED:c3,f4,i4, conf=0: [fe2f4460-1173-45ac-8f62-3ccbe442b4a3:192.168.157.254:43148, bec42651-2cde-4fcc-b688-684a384bc6fb:192.168.157.254:46415, 0d315fbd-ade0-427f-8a57-9b8f4a7ccba2:192.168.157.254:43029], old=null
2019-10-22 00:04:57,329 [0d315fbd-ade0-427f-8a57-9b8f4a7ccba2@group-452902F59078-LeaderElection53] INFO  impl.RaftServerImpl (RaftServerImpl.java:setRole(184)) - 0d315fbd-ade0-427f-8a57-9b8f4a7ccba2@group-452902F59078: changes role from CANDIDATE to FOLLOWER at term 47 for DISCOVERED_A_NEW_TERM
2019-10-22 00:04:57,330 [0d315fbd-ade0-427f-8a57-9b8f4a7ccba2@group-452902F59078-LeaderElection53] INFO  impl.RoleInfo (RoleInfo.java:shutdownLeaderElection(134)) - 0d315fbd-ade0-427f-8a57-9b8f4a7ccba2: shutdown LeaderElection
2019-10-22 00:04:57,330 [0d315fbd-ade0-427f-8a57-9b8f4a7ccba2@group-452902F59078-LeaderElection53] INFO  impl.RoleInfo (RoleInfo.java:updateAndGet(143)) - 0d315fbd-ade0-427f-8a57-9b8f4a7ccba2: start FollowerState
2019-10-22 00:04:57,499 [Thread-924] INFO  impl.FollowerState (FollowerState.java:run(108)) - 0d315fbd-ade0-427f-8a57-9b8f4a7ccba2@group-452902F59078-FollowerState: change to CANDIDATE, lastRpcTime:169ms, electionTimeout:169ms
2019-10-22 00:04:57,499 [Thread-924] INFO  impl.RoleInfo (RoleInfo.java:shutdownFollowerState(121)) - 0d315fbd-ade0-427f-8a57-9b8f4a7ccba2: shutdown FollowerState
2019-10-22 00:04:57,499 [Thread-924] INFO  impl.RaftServerImpl (RaftServerImpl.java:setRole(184)) - 0d315fbd-ade0-427f-8a57-9b8f4a7ccba2@group-452902F59078: changes role from  FOLLOWER to CANDIDATE at term 47 for changeToCandidate
2019-10-22 00:04:57,500 [Thread-924] INFO  impl.RoleInfo (RoleInfo.java:updateAndGet(143)) - 0d315fbd-ade0-427f-8a57-9b8f4a7ccba2: start LeaderElection
2019-10-22 00:04:57,513 [0d315fbd-ade0-427f-8a57-9b8f4a7ccba2@group-452902F59078-LeaderElection54] INFO  impl.LeaderElection (LeaderElection.java:askForVotes(178)) - 0d315fbd-ade0-427f-8a57-9b8f4a7ccba2@group-452902F59078-LeaderElection54: begin an election at term 48 for 0: [fe2f4460-1173-45ac-8f62-3ccbe442b4a3:192.168.157.254:43148, bec42651-2cde-4fcc-b688-684a384bc6fb:192.168.157.254:46415, 0d315fbd-ade0-427f-8a57-9b8f4a7ccba2:192.168.157.254:43029], old=null
2019-10-22 00:04:57,516 [grpc-default-executor-0] INFO  impl.RaftServerImpl (RaftServerImpl.java:setRole(184)) - bec42651-2cde-4fcc-b688-684a384bc6fb@group-452902F59078: changes role from  FOLLOWER to FOLLOWER at term 48 for recognizeCandidate:0d315fbd-ade0-427f-8a57-9b8f4a7ccba2
2019-10-22 00:04:57,516 [grpc-default-executor-0] INFO  impl.RoleInfo (RoleInfo.java:shutdownFollowerState(121)) - bec42651-2cde-4fcc-b688-684a384bc6fb: shutdown FollowerState
2019-10-22 00:04:57,516 [grpc-default-executor-8] INFO  impl.RaftServerImpl (RaftServerImpl.java:setRole(184)) - fe2f4460-1173-45ac-8f62-3ccbe442b4a3@group-452902F59078: changes role from  FOLLOWER to FOLLOWER at term 48 for recognizeCandidate:0d315fbd-ade0-427f-8a57-9b8f4a7ccba2
2019-10-22 00:04:57,516 [grpc-default-executor-0] INFO  impl.RoleInfo (RoleInfo.java:updateAndGet(143)) - bec42651-2cde-4fcc-b688-684a384bc6fb: start FollowerState
2019-10-22 00:04:57,516 [Thread-923] INFO  impl.FollowerState (FollowerState.java:run(117)) - bec42651-2cde-4fcc-b688-684a384bc6fb@group-452902F59078-FollowerState was interrupted: java.lang.InterruptedException: sleep interrupted
2019-10-22 00:04:57,516 [grpc-default-executor-8] INFO  impl.RoleInfo (RoleInfo.java:shutdownFollowerState(121)) - fe2f4460-1173-45ac-8f62-3ccbe442b4a3: shutdown FollowerState
2019-10-22 00:04:57,517 [Thread-922] INFO  impl.FollowerState (FollowerState.java:run(117)) - fe2f4460-1173-45ac-8f62-3ccbe442b4a3@group-452902F59078-FollowerState was interrupted: java.lang.InterruptedException: sleep interrupted
2019-10-22 00:04:57,517 [grpc-default-executor-8] INFO  impl.RoleInfo (RoleInfo.java:updateAndGet(143)) - fe2f4460-1173-45ac-8f62-3ccbe442b4a3: start FollowerState
2019-10-22 00:04:57,531 [0d315fbd-ade0-427f-8a57-9b8f4a7ccba2@group-452902F59078-LeaderElection54] INFO  impl.LeaderElection (LeaderElection.java:logAndReturn(56)) - 0d315fbd-ade0-427f-8a57-9b8f4a7ccba2@group-452902F59078-LeaderElection54: Election REJECTED; received 2 response(s) [0d315fbd-ade0-427f-8a57-9b8f4a7ccba2<-fe2f4460-1173-45ac-8f62-3ccbe442b4a3#0:FAIL-t48, 0d315fbd-ade0-427f-8a57-9b8f4a7ccba2<-bec42651-2cde-4fcc-b688-684a384bc6fb#0:FAIL-t48] and 0 exception(s); 0d315fbd-ade0-427f-8a57-9b8f4a7ccba2@group-452902F59078:t48, leader=null, voted=0d315fbd-ade0-427f-8a57-9b8f4a7ccba2, raftlog=0d315fbd-ade0-427f-8a57-9b8f4a7ccba2@group-452902F59078-SegmentedRaftLog:OPENED:c3,f4,i4, conf=0: [fe2f4460-1173-45ac-8f62-3ccbe442b4a3:192.168.157.254:43148, bec42651-2cde-4fcc-b688-684a384bc6fb:192.168.157.254:46415, 0d315fbd-ade0-427f-8a57-9b8f4a7ccba2:192.168.157.254:43029], old=null
2019-10-22 00:04:57,531 [0d315fbd-ade0-427f-8a57-9b8f4a7ccba2@group-452902F59078-LeaderElection54] INFO  impl.RaftServerImpl (RaftServerImpl.java:setRole(184)) - 0d315fbd-ade0-427f-8a57-9b8f4a7ccba2@group-452902F59078: changes role from CANDIDATE to FOLLOWER at term 48 for DISCOVERED_A_NEW_TERM
2019-10-22 00:04:57,531 [0d315fbd-ade0-427f-8a57-9b8f4a7ccba2@group-452902F59078-LeaderElection54] INFO  impl.RoleInfo (RoleInfo.java:shutdownLeaderElection(134)) - 0d315fbd-ade0-427f-8a57-9b8f4a7ccba2: shutdown LeaderElection
2019-10-22 00:04:57,531 [0d315fbd-ade0-427f-8a57-9b8f4a7ccba2@group-452902F59078-LeaderElection54] INFO  impl.RoleInfo (RoleInfo.java:updateAndGet(143)) - 0d315fbd-ade0-427f-8a57-9b8f4a7ccba2: start FollowerState
2019-10-22 00:04:57,537 [Thread-930] INFO  impl.FollowerState (FollowerState.java:run(108)) - 0d315fbd-ade0-427f-8a57-9b8f4a7ccba2@group-452902F59078-FollowerState: change to CANDIDATE, lastRpcTime:5ms, electionTimeout:5ms
2019-10-22 00:04:57,537 [Thread-930] INFO  impl.RoleInfo (RoleInfo.java:shutdownFollowerState(121)) - 0d315fbd-ade0-427f-8a57-9b8f4a7ccba2: shutdown FollowerState
2019-10-22 00:04:57,537 [Thread-930] INFO  impl.RaftServerImpl (RaftServerImpl.java:setRole(184)) - 0d315fbd-ade0-427f-8a57-9b8f4a7ccba2@group-452902F59078: changes role from  FOLLOWER to CANDIDATE at term 48 for changeToCandidate
2019-10-22 00:04:57,537 [Thread-930] INFO  impl.RoleInfo (RoleInfo.java:updateAndGet(143)) - 0d315fbd-ade0-427f-8a57-9b8f4a7ccba2: start LeaderElection
2019-10-22 00:04:57,550 [0d315fbd-ade0-427f-8a57-9b8f4a7ccba2@group-452902F59078-LeaderElection55] INFO  impl.LeaderElection (LeaderElection.java:askForVotes(178)) - 0d315fbd-ade0-427f-8a57-9b8f4a7ccba2@group-452902F59078-LeaderElection55: begin an election at term 49 for 0: [fe2f4460-1173-45ac-8f62-3ccbe442b4a3:192.168.157.254:43148, bec42651-2cde-4fcc-b688-684a384bc6fb:192.168.157.254:46415, 0d315fbd-ade0-427f-8a57-9b8f4a7ccba2:192.168.157.254:43029], old=null
2019-10-22 00:04:57,553 [grpc-default-executor-0] INFO  impl.RaftServerImpl (RaftServerImpl.java:setRole(184)) - bec42651-2cde-4fcc-b688-684a384bc6fb@group-452902F59078: changes role from  FOLLOWER to FOLLOWER at term 49 for recognizeCandidate:0d315fbd-ade0-427f-8a57-9b8f4a7ccba2
2019-10-22 00:04:57,553 [grpc-default-executor-8] INFO  impl.RaftServerImpl (RaftServerImpl.java:setRole(184)) - fe2f4460-1173-45ac-8f62-3ccbe442b4a3@group-452902F59078: changes role from  FOLLOWER to FOLLOWER at term 49 for recognizeCandidate:0d315fbd-ade0-427f-8a57-9b8f4a7ccba2
2019-10-22 00:04:57,553 [grpc-default-executor-0] INFO  impl.RoleInfo (RoleInfo.java:shutdownFollowerState(121)) - bec42651-2cde-4fcc-b688-684a384bc6fb: shutdown FollowerState
2019-10-22 00:04:57,553 [grpc-default-executor-8] INFO  impl.RoleInfo (RoleInfo.java:shutdownFollowerState(121)) - fe2f4460-1173-45ac-8f62-3ccbe442b4a3: shutdown FollowerState
2019-10-22 00:04:57,553 [grpc-default-executor-0] INFO  impl.RoleInfo (RoleInfo.java:updateAndGet(143)) - bec42651-2cde-4fcc-b688-684a384bc6fb: start FollowerState
2019-10-22 00:04:57,553 [Thread-928] INFO  impl.FollowerState (FollowerState.java:run(117)) - bec42651-2cde-4fcc-b688-684a384bc6fb@group-452902F59078-FollowerState was interrupted: java.lang.InterruptedException: sleep interrupted
2019-10-22 00:04:57,553 [Thread-929] INFO  impl.FollowerState (FollowerState.java:run(117)) - fe2f4460-1173-45ac-8f62-3ccbe442b4a3@group-452902F59078-FollowerState was interrupted: java.lang.InterruptedException: sleep interrupted
2019-10-22 00:04:57,553 [grpc-default-executor-8] INFO  impl.RoleInfo (RoleInfo.java:updateAndGet(143)) - fe2f4460-1173-45ac-8f62-3ccbe442b4a3: start FollowerState
2019-10-22 00:04:57,571 [0d315fbd-ade0-427f-8a57-9b8f4a7ccba2@group-452902F59078-LeaderElection55] INFO  impl.LeaderElection (LeaderElection.java:logAndReturn(56)) - 0d315fbd-ade0-427f-8a57-9b8f4a7ccba2@group-452902F59078-LeaderElection55: Election REJECTED; received 2 response(s) [0d315fbd-ade0-427f-8a57-9b8f4a7ccba2<-fe2f4460-1173-45ac-8f62-3ccbe442b4a3#0:FAIL-t49, 0d315fbd-ade0-427f-8a57-9b8f4a7ccba2<-bec42651-2cde-4fcc-b688-684a384bc6fb#0:FAIL-t49] and 0 exception(s); 0d315fbd-ade0-427f-8a57-9b8f4a7ccba2@group-452902F59078:t49, leader=null, voted=0d315fbd-ade0-427f-8a57-9b8f4a7ccba2, raftlog=0d315fbd-ade0-427f-8a57-9b8f4a7ccba2@group-452902F59078-SegmentedRaftLog:OPENED:c3,f4,i4, conf=0: [fe2f4460-1173-45ac-8f62-3ccbe442b4a3:192.168.157.254:43148, bec42651-2cde-4fcc-b688-684a384bc6fb:192.168.157.254:46415, 0d315fbd-ade0-427f-8a57-9b8f4a7ccba2:192.168.157.254:43029], old=null
2019-10-22 00:04:57,571 [0d315fbd-ade0-427f-8a57-9b8f4a7ccba2@group-452902F59078-LeaderElection55] INFO  impl.RaftServerImpl (RaftServerImpl.java:setRole(184)) - 0d315fbd-ade0-427f-8a57-9b8f4a7ccba2@group-452902F59078: changes role from CANDIDATE to FOLLOWER at term 49 for DISCOVERED_A_NEW_TERM
2019-10-22 00:04:57,571 [0d315fbd-ade0-427f-8a57-9b8f4a7ccba2@group-452902F59078-LeaderElection55] INFO  impl.RoleInfo (RoleInfo.java:shutdownLeaderElection(134)) - 0d315fbd-ade0-427f-8a57-9b8f4a7ccba2: shutdown LeaderElection
2019-10-22 00:04:57,571 [0d315fbd-ade0-427f-8a57-9b8f4a7ccba2@group-452902F59078-LeaderElection55] INFO  impl.RoleInfo (RoleInfo.java:updateAndGet(143)) - 0d315fbd-ade0-427f-8a57-9b8f4a7ccba2: start FollowerState
2019-10-22 00:04:57,673 [Thread-936] INFO  impl.FollowerState (FollowerState.java:run(108)) - 0d315fbd-ade0-427f-8a57-9b8f4a7ccba2@group-452902F59078-FollowerState: change to CANDIDATE, lastRpcTime:102ms, electionTimeout:102ms
2019-10-22 00:04:57,673 [Thread-936] INFO  impl.RoleInfo (RoleInfo.java:shutdownFollowerState(121)) - 0d315fbd-ade0-427f-8a57-9b8f4a7ccba2: shutdown FollowerState
2019-10-22 00:04:57,674 [Thread-936] INFO  impl.RaftServerImpl (RaftServerImpl.java:setRole(184)) - 0d315fbd-ade0-427f-8a57-9b8f4a7ccba2@group-452902F59078: changes role from  FOLLOWER to CANDIDATE at term 49 for changeToCandidate
2019-10-22 00:04:57,674 [Thread-936] INFO  impl.RoleInfo (RoleInfo.java:updateAndGet(143)) - 0d315fbd-ade0-427f-8a57-9b8f4a7ccba2: start LeaderElection
2019-10-22 00:04:57,690 [0d315fbd-ade0-427f-8a57-9b8f4a7ccba2@group-452902F59078-LeaderElection56] INFO  impl.LeaderElection (LeaderElection.java:askForVotes(178)) - 0d315fbd-ade0-427f-8a57-9b8f4a7ccba2@group-452902F59078-LeaderElection56: begin an election at term 50 for 0: [fe2f4460-1173-45ac-8f62-3ccbe442b4a3:192.168.157.254:43148, bec42651-2cde-4fcc-b688-684a384bc6fb:192.168.157.254:46415, 0d315fbd-ade0-427f-8a57-9b8f4a7ccba2:192.168.157.254:43029], old=null
2019-10-22 00:04:57,692 [grpc-default-executor-8] INFO  impl.RaftServerImpl (RaftServerImpl.java:setRole(184)) - fe2f4460-1173-45ac-8f62-3ccbe442b4a3@group-452902F59078: changes role from  FOLLOWER to FOLLOWER at term 50 for recognizeCandidate:0d315fbd-ade0-427f-8a57-9b8f4a7ccba2
2019-10-22 00:04:57,692 [grpc-default-executor-8] INFO  impl.RoleInfo (RoleInfo.java:shutdownFollowerState(121)) - fe2f4460-1173-45ac-8f62-3ccbe442b4a3: shutdown FollowerState
2019-10-22 00:04:57,692 [Thread-935] INFO  impl.FollowerState (FollowerState.java:run(117)) - fe2f4460-1173-45ac-8f62-3ccbe442b4a3@group-452902F59078-FollowerState was interrupted: java.lang.InterruptedException: sleep interrupted
2019-10-22 00:04:57,692 [grpc-default-executor-0] INFO  impl.RaftServerImpl (RaftServerImpl.java:setRole(184)) - bec42651-2cde-4fcc-b688-684a384bc6fb@group-452902F59078: changes role from  FOLLOWER to FOLLOWER at term 50 for recognizeCandidate:0d315fbd-ade0-427f-8a57-9b8f4a7ccba2
2019-10-22 00:04:57,692 [grpc-default-executor-8] INFO  impl.RoleInfo (RoleInfo.java:updateAndGet(143)) - fe2f4460-1173-45ac-8f62-3ccbe442b4a3: start FollowerState
2019-10-22 00:04:57,693 [grpc-default-executor-0] INFO  impl.RoleInfo (RoleInfo.java:shutdownFollowerState(121)) - bec42651-2cde-4fcc-b688-684a384bc6fb: shutdown FollowerState
2019-10-22 00:04:57,693 [Thread-934] INFO  impl.FollowerState (FollowerState.java:run(117)) - bec42651-2cde-4fcc-b688-684a384bc6fb@group-452902F59078-FollowerState was interrupted: java.lang.InterruptedException: sleep interrupted
2019-10-22 00:04:57,693 [grpc-default-executor-0] INFO  impl.RoleInfo (RoleInfo.java:updateAndGet(143)) - bec42651-2cde-4fcc-b688-684a384bc6fb: start FollowerState
2019-10-22 00:04:57,706 [0d315fbd-ade0-427f-8a57-9b8f4a7ccba2@group-452902F59078-LeaderElection56] INFO  impl.LeaderElection (LeaderElection.java:logAndReturn(56)) - 0d315fbd-ade0-427f-8a57-9b8f4a7ccba2@group-452902F59078-LeaderElection56: Election REJECTED; received 2 response(s) [0d315fbd-ade0-427f-8a57-9b8f4a7ccba2<-fe2f4460-1173-45ac-8f62-3ccbe442b4a3#0:FAIL-t50, 0d315fbd-ade0-427f-8a57-9b8f4a7ccba2<-bec42651-2cde-4fcc-b688-684a384bc6fb#0:FAIL-t50] and 0 exception(s); 0d315fbd-ade0-427f-8a57-9b8f4a7ccba2@group-452902F59078:t50, leader=null, voted=0d315fbd-ade0-427f-8a57-9b8f4a7ccba2, raftlog=0d315fbd-ade0-427f-8a57-9b8f4a7ccba2@group-452902F59078-SegmentedRaftLog:OPENED:c3,f4,i4, conf=0: [fe2f4460-1173-45ac-8f62-3ccbe442b4a3:192.168.157.254:43148, bec42651-2cde-4fcc-b688-684a384bc6fb:192.168.157.254:46415, 0d315fbd-ade0-427f-8a57-9b8f4a7ccba2:192.168.157.254:43029], old=null
2019-10-22 00:04:57,706 [0d315fbd-ade0-427f-8a57-9b8f4a7ccba2@group-452902F59078-LeaderElection56] INFO  impl.RaftServerImpl (RaftServerImpl.java:setRole(184)) - 0d315fbd-ade0-427f-8a57-9b8f4a7ccba2@group-452902F59078: changes role from CANDIDATE to FOLLOWER at term 50 for DISCOVERED_A_NEW_TERM
2019-10-22 00:04:57,706 [0d315fbd-ade0-427f-8a57-9b8f4a7ccba2@group-452902F59078-LeaderElection56] INFO  impl.RoleInfo (RoleInfo.java:shutdownLeaderElection(134)) - 0d315fbd-ade0-427f-8a57-9b8f4a7ccba2: shutdown LeaderElection
2019-10-22 00:04:57,706 [0d315fbd-ade0-427f-8a57-9b8f4a7ccba2@group-452902F59078-LeaderElection56] INFO  impl.RoleInfo (RoleInfo.java:updateAndGet(143)) - 0d315fbd-ade0-427f-8a57-9b8f4a7ccba2: start FollowerState
2019-10-22 00:04:57,834 [pool-7-thread-7] INFO  commands.RetriableDatanodeEventWatcher (RetriableDatanodeEventWatcher.java:onTimeout(47)) - RetriableDatanodeCommand type=deleteBlocksCommand with id=1571702687821 timed out. Retrying.
2019-10-22 00:04:57,835 [pool-7-thread-9] INFO  commands.RetriableDatanodeEventWatcher (RetriableDatanodeEventWatcher.java:onTimeout(47)) - RetriableDatanodeCommand type=deleteBlocksCommand with id=1571702687829 timed out. Retrying.
2019-10-22 00:04:57,835 [pool-7-thread-8] INFO  commands.RetriableDatanodeEventWatcher (RetriableDatanodeEventWatcher.java:onTimeout(47)) - RetriableDatanodeCommand type=deleteBlocksCommand with id=1571702687828 timed out. Retrying.
2019-10-22 00:04:57,836 [pool-7-thread-5] INFO  commands.RetriableDatanodeEventWatcher (RetriableDatanodeEventWatcher.java:onTimeout(47)) - RetriableDatanodeCommand type=deleteBlocksCommand with id=1571702687831 timed out. Retrying.
2019-10-22 00:04:57,836 [pool-7-thread-4] INFO  commands.RetriableDatanodeEventWatcher (RetriableDatanodeEventWatcher.java:onTimeout(47)) - RetriableDatanodeCommand type=deleteBlocksCommand with id=1571702687824 timed out. Retrying.
2019-10-22 00:04:57,836 [pool-7-thread-3] INFO  commands.RetriableDatanodeEventWatcher (RetriableDatanodeEventWatcher.java:onTimeout(47)) - RetriableDatanodeCommand type=deleteBlocksCommand with id=1571702687827 timed out. Retrying.
2019-10-22 00:04:57,837 [pool-7-thread-6] INFO  commands.RetriableDatanodeEventWatcher (RetriableDatanodeEventWatcher.java:onTimeout(47)) - RetriableDatanodeCommand type=deleteBlocksCommand with id=1571702687830 timed out. Retrying.
2019-10-22 00:04:57,837 [pool-7-thread-2] INFO  commands.RetriableDatanodeEventWatcher (RetriableDatanodeEventWatcher.java:onTimeout(47)) - RetriableDatanodeCommand type=deleteBlocksCommand with id=1571702687825 timed out. Retrying.
2019-10-22 00:04:57,837 [pool-7-thread-1] INFO  commands.RetriableDatanodeEventWatcher (RetriableDatanodeEventWatcher.java:onTimeout(47)) - RetriableDatanodeCommand type=deleteBlocksCommand with id=1571702687826 timed out. Retrying.
2019-10-22 00:04:57,837 [pool-7-thread-8] INFO  commands.RetriableDatanodeEventWatcher (RetriableDatanodeEventWatcher.java:onTimeout(47)) - RetriableDatanodeCommand type=deleteBlocksCommand with id=1571702687832 timed out. Retrying.
2019-10-22 00:04:57,839 [SCMBlockDeletingService#1] INFO  block.SCMBlockDeletingService (SCMBlockDeletingService.java:call(184)) - Totally added 1 delete blocks command for 1 datanodes, task elapsed time: 4ms
2019-10-22 00:04:57,856 [Thread-942] INFO  impl.FollowerState (FollowerState.java:run(108)) - 0d315fbd-ade0-427f-8a57-9b8f4a7ccba2@group-452902F59078-FollowerState: change to CANDIDATE, lastRpcTime:149ms, electionTimeout:149ms
2019-10-22 00:04:57,856 [Thread-942] INFO  impl.RoleInfo (RoleInfo.java:shutdownFollowerState(121)) - 0d315fbd-ade0-427f-8a57-9b8f4a7ccba2: shutdown FollowerState
2019-10-22 00:04:57,856 [Thread-942] INFO  impl.RaftServerImpl (RaftServerImpl.java:setRole(184)) - 0d315fbd-ade0-427f-8a57-9b8f4a7ccba2@group-452902F59078: changes role from  FOLLOWER to CANDIDATE at term 50 for changeToCandidate
2019-10-22 00:04:57,856 [Thread-942] INFO  impl.RoleInfo (RoleInfo.java:updateAndGet(143)) - 0d315fbd-ade0-427f-8a57-9b8f4a7ccba2: start LeaderElection
2019-10-22 00:04:57,871 [0d315fbd-ade0-427f-8a57-9b8f4a7ccba2@group-452902F59078-LeaderElection57] INFO  impl.LeaderElection (LeaderElection.java:askForVotes(178)) - 0d315fbd-ade0-427f-8a57-9b8f4a7ccba2@group-452902F59078-LeaderElection57: begin an election at term 51 for 0: [fe2f4460-1173-45ac-8f62-3ccbe442b4a3:192.168.157.254:43148, bec42651-2cde-4fcc-b688-684a384bc6fb:192.168.157.254:46415, 0d315fbd-ade0-427f-8a57-9b8f4a7ccba2:192.168.157.254:43029], old=null
2019-10-22 00:04:57,875 [grpc-default-executor-0] INFO  impl.RaftServerImpl (RaftServerImpl.java:setRole(184)) - bec42651-2cde-4fcc-b688-684a384bc6fb@group-452902F59078: changes role from  FOLLOWER to FOLLOWER at term 51 for recognizeCandidate:0d315fbd-ade0-427f-8a57-9b8f4a7ccba2
2019-10-22 00:04:57,875 [grpc-default-executor-0] INFO  impl.RoleInfo (RoleInfo.java:shutdownFollowerState(121)) - bec42651-2cde-4fcc-b688-684a384bc6fb: shutdown FollowerState
2019-10-22 00:04:57,875 [grpc-default-executor-8] INFO  impl.RaftServerImpl (RaftServerImpl.java:setRole(184)) - fe2f4460-1173-45ac-8f62-3ccbe442b4a3@group-452902F59078: changes role from  FOLLOWER to FOLLOWER at term 51 for recognizeCandidate:0d315fbd-ade0-427f-8a57-9b8f4a7ccba2
2019-10-22 00:04:57,875 [grpc-default-executor-0] INFO  impl.RoleInfo (RoleInfo.java:updateAndGet(143)) - bec42651-2cde-4fcc-b688-684a384bc6fb: start FollowerState
2019-10-22 00:04:57,875 [Thread-941] INFO  impl.FollowerState (FollowerState.java:run(117)) - bec42651-2cde-4fcc-b688-684a384bc6fb@group-452902F59078-FollowerState was interrupted: java.lang.InterruptedException: sleep interrupted
2019-10-22 00:04:57,875 [grpc-default-executor-8] INFO  impl.RoleInfo (RoleInfo.java:shutdownFollowerState(121)) - fe2f4460-1173-45ac-8f62-3ccbe442b4a3: shutdown FollowerState
2019-10-22 00:04:57,876 [grpc-default-executor-8] INFO  impl.RoleInfo (RoleInfo.java:updateAndGet(143)) - fe2f4460-1173-45ac-8f62-3ccbe442b4a3: start FollowerState
2019-10-22 00:04:57,876 [Thread-940] INFO  impl.FollowerState (FollowerState.java:run(117)) - fe2f4460-1173-45ac-8f62-3ccbe442b4a3@group-452902F59078-FollowerState was interrupted: java.lang.InterruptedException: sleep interrupted
2019-10-22 00:04:57,888 [0d315fbd-ade0-427f-8a57-9b8f4a7ccba2@group-452902F59078-LeaderElection57] INFO  impl.LeaderElection (LeaderElection.java:logAndReturn(56)) - 0d315fbd-ade0-427f-8a57-9b8f4a7ccba2@group-452902F59078-LeaderElection57: Election REJECTED; received 2 response(s) [0d315fbd-ade0-427f-8a57-9b8f4a7ccba2<-fe2f4460-1173-45ac-8f62-3ccbe442b4a3#0:FAIL-t51, 0d315fbd-ade0-427f-8a57-9b8f4a7ccba2<-bec42651-2cde-4fcc-b688-684a384bc6fb#0:FAIL-t51] and 0 exception(s); 0d315fbd-ade0-427f-8a57-9b8f4a7ccba2@group-452902F59078:t51, leader=null, voted=0d315fbd-ade0-427f-8a57-9b8f4a7ccba2, raftlog=0d315fbd-ade0-427f-8a57-9b8f4a7ccba2@group-452902F59078-SegmentedRaftLog:OPENED:c3,f4,i4, conf=0: [fe2f4460-1173-45ac-8f62-3ccbe442b4a3:192.168.157.254:43148, bec42651-2cde-4fcc-b688-684a384bc6fb:192.168.157.254:46415, 0d315fbd-ade0-427f-8a57-9b8f4a7ccba2:192.168.157.254:43029], old=null
2019-10-22 00:04:57,888 [0d315fbd-ade0-427f-8a57-9b8f4a7ccba2@group-452902F59078-LeaderElection57] INFO  impl.RaftServerImpl (RaftServerImpl.java:setRole(184)) - 0d315fbd-ade0-427f-8a57-9b8f4a7ccba2@group-452902F59078: changes role from CANDIDATE to FOLLOWER at term 51 for DISCOVERED_A_NEW_TERM
2019-10-22 00:04:57,888 [0d315fbd-ade0-427f-8a57-9b8f4a7ccba2@group-452902F59078-LeaderElection57] INFO  impl.RoleInfo (RoleInfo.java:shutdownLeaderElection(134)) - 0d315fbd-ade0-427f-8a57-9b8f4a7ccba2: shutdown LeaderElection
2019-10-22 00:04:57,888 [0d315fbd-ade0-427f-8a57-9b8f4a7ccba2@group-452902F59078-LeaderElection57] INFO  impl.RoleInfo (RoleInfo.java:updateAndGet(143)) - 0d315fbd-ade0-427f-8a57-9b8f4a7ccba2: start FollowerState
2019-10-22 00:04:58,016 [Thread-951] INFO  impl.FollowerState (FollowerState.java:run(108)) - 0d315fbd-ade0-427f-8a57-9b8f4a7ccba2@group-452902F59078-FollowerState: change to CANDIDATE, lastRpcTime:127ms, electionTimeout:127ms
2019-10-22 00:04:58,016 [Thread-951] INFO  impl.RoleInfo (RoleInfo.java:shutdownFollowerState(121)) - 0d315fbd-ade0-427f-8a57-9b8f4a7ccba2: shutdown FollowerState
2019-10-22 00:04:58,016 [Thread-951] INFO  impl.RaftServerImpl (RaftServerImpl.java:setRole(184)) - 0d315fbd-ade0-427f-8a57-9b8f4a7ccba2@group-452902F59078: changes role from  FOLLOWER to CANDIDATE at term 51 for changeToCandidate
2019-10-22 00:04:58,016 [Thread-951] INFO  impl.RoleInfo (RoleInfo.java:updateAndGet(143)) - 0d315fbd-ade0-427f-8a57-9b8f4a7ccba2: start LeaderElection
2019-10-22 00:04:58,022 [Command processor thread] INFO  commandhandler.DeleteBlocksCommandHandler (DeleteBlocksCommandHandler.java:handle(106)) - Start to delete container blocks, TXIDs=[1(0)], numOfContainers=1, numOfBlocks=1
2019-10-22 00:04:58,022 [Command processor thread] INFO  commandhandler.DeleteBlocksCommandHandler (DeleteBlocksCommandHandler.java:handle(106)) - Start to delete container blocks, TXIDs=[1(2)], numOfContainers=1, numOfBlocks=1
2019-10-22 00:04:58,023 [Command processor thread] INFO  commandhandler.DeleteBlocksCommandHandler (DeleteBlocksCommandHandler.java:handle(106)) - Start to delete container blocks, TXIDs=[1(30)], numOfContainers=1, numOfBlocks=1
2019-10-22 00:04:58,023 [0d315fbd-ade0-427f-8a57-9b8f4a7ccba2@group-452902F59078-LeaderElection58] INFO  impl.LeaderElection (LeaderElection.java:askForVotes(178)) - 0d315fbd-ade0-427f-8a57-9b8f4a7ccba2@group-452902F59078-LeaderElection58: begin an election at term 52 for 0: [fe2f4460-1173-45ac-8f62-3ccbe442b4a3:192.168.157.254:43148, bec42651-2cde-4fcc-b688-684a384bc6fb:192.168.157.254:46415, 0d315fbd-ade0-427f-8a57-9b8f4a7ccba2:192.168.157.254:43029], old=null
2019-10-22 00:04:58,023 [Command processor thread] INFO  commandhandler.DeleteBlocksCommandHandler (DeleteBlocksCommandHandler.java:handle(106)) - Start to delete container blocks, TXIDs=[1(2)], numOfContainers=1, numOfBlocks=1
2019-10-22 00:04:58,023 [Command processor thread] INFO  commandhandler.DeleteBlocksCommandHandler (DeleteBlocksCommandHandler.java:handle(106)) - Start to delete container blocks, TXIDs=[1(2)], numOfContainers=1, numOfBlocks=1
2019-10-22 00:04:58,023 [Command processor thread] INFO  commandhandler.DeleteBlocksCommandHandler (DeleteBlocksCommandHandler.java:handle(106)) - Start to delete container blocks, TXIDs=[1(2)], numOfContainers=1, numOfBlocks=1
2019-10-22 00:04:58,024 [Command processor thread] INFO  commandhandler.DeleteBlocksCommandHandler (DeleteBlocksCommandHandler.java:handle(106)) - Start to delete container blocks, TXIDs=[1(47)], numOfContainers=1, numOfBlocks=1
2019-10-22 00:04:58,024 [Command processor thread] INFO  commandhandler.DeleteBlocksCommandHandler (DeleteBlocksCommandHandler.java:handle(106)) - Start to delete container blocks, TXIDs=[1(2)], numOfContainers=1, numOfBlocks=1
2019-10-22 00:04:58,024 [Command processor thread] INFO  commandhandler.DeleteBlocksCommandHandler (DeleteBlocksCommandHandler.java:handle(106)) - Start to delete container blocks, TXIDs=[1(2)], numOfContainers=1, numOfBlocks=1
2019-10-22 00:04:58,024 [Command processor thread] INFO  commandhandler.DeleteBlocksCommandHandler (DeleteBlocksCommandHandler.java:handle(106)) - Start to delete container blocks, TXIDs=[1(38)], numOfContainers=1, numOfBlocks=1
2019-10-22 00:04:58,024 [Command processor thread] INFO  commandhandler.DeleteBlocksCommandHandler (DeleteBlocksCommandHandler.java:handle(106)) - Start to delete container blocks, TXIDs=[1(0)], numOfContainers=1, numOfBlocks=1
2019-10-22 00:04:58,025 [Command processor thread] INFO  commandhandler.DeleteBlocksCommandHandler (DeleteBlocksCommandHandler.java:handle(106)) - Start to delete container blocks, TXIDs=[1(2)], numOfContainers=1, numOfBlocks=1
2019-10-22 00:04:58,025 [Command processor thread] INFO  commandhandler.DeleteBlocksCommandHandler (DeleteBlocksCommandHandler.java:handle(106)) - Start to delete container blocks, TXIDs=[1(2)], numOfContainers=1, numOfBlocks=1
2019-10-22 00:04:58,025 [Command processor thread] INFO  commandhandler.DeleteBlocksCommandHandler (DeleteBlocksCommandHandler.java:handle(106)) - Start to delete container blocks, TXIDs=[1(38)], numOfContainers=1, numOfBlocks=1
2019-10-22 00:04:58,025 [Command processor thread] INFO  commandhandler.DeleteBlocksCommandHandler (DeleteBlocksCommandHandler.java:handle(106)) - Start to delete container blocks, TXIDs=[1(2)], numOfContainers=1, numOfBlocks=1
2019-10-22 00:04:58,025 [Command processor thread] INFO  commandhandler.DeleteBlocksCommandHandler (DeleteBlocksCommandHandler.java:handle(106)) - Start to delete container blocks, TXIDs=[1(2)], numOfContainers=1, numOfBlocks=1
2019-10-22 00:04:58,026 [grpc-default-executor-0] INFO  impl.RaftServerImpl (RaftServerImpl.java:setRole(184)) - fe2f4460-1173-45ac-8f62-3ccbe442b4a3@group-452902F59078: changes role from  FOLLOWER to FOLLOWER at term 52 for recognizeCandidate:0d315fbd-ade0-427f-8a57-9b8f4a7ccba2
2019-10-22 00:04:58,026 [grpc-default-executor-8] INFO  impl.RaftServerImpl (RaftServerImpl.java:setRole(184)) - bec42651-2cde-4fcc-b688-684a384bc6fb@group-452902F59078: changes role from  FOLLOWER to FOLLOWER at term 52 for recognizeCandidate:0d315fbd-ade0-427f-8a57-9b8f4a7ccba2
2019-10-22 00:04:58,026 [Command processor thread] INFO  commandhandler.DeleteBlocksCommandHandler (DeleteBlocksCommandHandler.java:handle(106)) - Start to delete container blocks, TXIDs=[1(30)], numOfContainers=1, numOfBlocks=1
2019-10-22 00:04:58,026 [grpc-default-executor-8] INFO  impl.RoleInfo (RoleInfo.java:shutdownFollowerState(121)) - bec42651-2cde-4fcc-b688-684a384bc6fb: shutdown FollowerState
2019-10-22 00:04:58,026 [grpc-default-executor-0] INFO  impl.RoleInfo (RoleInfo.java:shutdownFollowerState(121)) - fe2f4460-1173-45ac-8f62-3ccbe442b4a3: shutdown FollowerState
2019-10-22 00:04:58,026 [grpc-default-executor-8] INFO  impl.RoleInfo (RoleInfo.java:updateAndGet(143)) - bec42651-2cde-4fcc-b688-684a384bc6fb: start FollowerState
2019-10-22 00:04:58,026 [Thread-949] INFO  impl.FollowerState (FollowerState.java:run(117)) - bec42651-2cde-4fcc-b688-684a384bc6fb@group-452902F59078-FollowerState was interrupted: java.lang.InterruptedException: sleep interrupted
2019-10-22 00:04:58,026 [Command processor thread] INFO  commandhandler.DeleteBlocksCommandHandler (DeleteBlocksCommandHandler.java:handle(106)) - Start to delete container blocks, TXIDs=[1(2)], numOfContainers=1, numOfBlocks=1
2019-10-22 00:04:58,027 [grpc-default-executor-0] INFO  impl.RoleInfo (RoleInfo.java:updateAndGet(143)) - fe2f4460-1173-45ac-8f62-3ccbe442b4a3: start FollowerState
2019-10-22 00:04:58,027 [Thread-950] INFO  impl.FollowerState (FollowerState.java:run(117)) - fe2f4460-1173-45ac-8f62-3ccbe442b4a3@group-452902F59078-FollowerState was interrupted: java.lang.InterruptedException: sleep interrupted
2019-10-22 00:04:58,027 [Command processor thread] INFO  commandhandler.DeleteBlocksCommandHandler (DeleteBlocksCommandHandler.java:handle(106)) - Start to delete container blocks, TXIDs=[1(2)], numOfContainers=1, numOfBlocks=1
2019-10-22 00:04:58,028 [Command processor thread] INFO  commandhandler.DeleteBlocksCommandHandler (DeleteBlocksCommandHandler.java:handle(106)) - Start to delete container blocks, TXIDs=[1(47)], numOfContainers=1, numOfBlocks=1
2019-10-22 00:04:58,028 [Command processor thread] INFO  commandhandler.DeleteBlocksCommandHandler (DeleteBlocksCommandHandler.java:handle(106)) - Start to delete container blocks, TXIDs=[1(57)], numOfContainers=1, numOfBlocks=1
2019-10-22 00:04:58,053 [0d315fbd-ade0-427f-8a57-9b8f4a7ccba2@group-452902F59078-LeaderElection58] INFO  impl.LeaderElection (LeaderElection.java:logAndReturn(56)) - 0d315fbd-ade0-427f-8a57-9b8f4a7ccba2@group-452902F59078-LeaderElection58: Election REJECTED; received 2 response(s) [0d315fbd-ade0-427f-8a57-9b8f4a7ccba2<-fe2f4460-1173-45ac-8f62-3ccbe442b4a3#0:FAIL-t52, 0d315fbd-ade0-427f-8a57-9b8f4a7ccba2<-bec42651-2cde-4fcc-b688-684a384bc6fb#0:FAIL-t52] and 0 exception(s); 0d315fbd-ade0-427f-8a57-9b8f4a7ccba2@group-452902F59078:t52, leader=null, voted=0d315fbd-ade0-427f-8a57-9b8f4a7ccba2, raftlog=0d315fbd-ade0-427f-8a57-9b8f4a7ccba2@group-452902F59078-SegmentedRaftLog:OPENED:c3,f4,i4, conf=0: [fe2f4460-1173-45ac-8f62-3ccbe442b4a3:192.168.157.254:43148, bec42651-2cde-4fcc-b688-684a384bc6fb:192.168.157.254:46415, 0d315fbd-ade0-427f-8a57-9b8f4a7ccba2:192.168.157.254:43029], old=null
2019-10-22 00:04:58,053 [0d315fbd-ade0-427f-8a57-9b8f4a7ccba2@group-452902F59078-LeaderElection58] INFO  impl.RaftServerImpl (RaftServerImpl.java:setRole(184)) - 0d315fbd-ade0-427f-8a57-9b8f4a7ccba2@group-452902F59078: changes role from CANDIDATE to FOLLOWER at term 52 for DISCOVERED_A_NEW_TERM
2019-10-22 00:04:58,053 [0d315fbd-ade0-427f-8a57-9b8f4a7ccba2@group-452902F59078-LeaderElection58] INFO  impl.RoleInfo (RoleInfo.java:shutdownLeaderElection(134)) - 0d315fbd-ade0-427f-8a57-9b8f4a7ccba2: shutdown LeaderElection
2019-10-22 00:04:58,053 [0d315fbd-ade0-427f-8a57-9b8f4a7ccba2@group-452902F59078-LeaderElection58] INFO  impl.RoleInfo (RoleInfo.java:updateAndGet(143)) - 0d315fbd-ade0-427f-8a57-9b8f4a7ccba2: start FollowerState
2019-10-22 00:04:58,059 [Thread-957] INFO  impl.FollowerState (FollowerState.java:run(108)) - 0d315fbd-ade0-427f-8a57-9b8f4a7ccba2@group-452902F59078-FollowerState: change to CANDIDATE, lastRpcTime:5ms, electionTimeout:5ms
2019-10-22 00:04:58,059 [Thread-957] INFO  impl.RoleInfo (RoleInfo.java:shutdownFollowerState(121)) - 0d315fbd-ade0-427f-8a57-9b8f4a7ccba2: shutdown FollowerState
2019-10-22 00:04:58,059 [Thread-957] INFO  impl.RaftServerImpl (RaftServerImpl.java:setRole(184)) - 0d315fbd-ade0-427f-8a57-9b8f4a7ccba2@group-452902F59078: changes role from  FOLLOWER to CANDIDATE at term 52 for changeToCandidate
2019-10-22 00:04:58,059 [Thread-957] INFO  impl.RoleInfo (RoleInfo.java:updateAndGet(143)) - 0d315fbd-ade0-427f-8a57-9b8f4a7ccba2: start LeaderElection
2019-10-22 00:04:58,085 [0d315fbd-ade0-427f-8a57-9b8f4a7ccba2@group-452902F59078-LeaderElection59] INFO  impl.LeaderElection (LeaderElection.java:askForVotes(178)) - 0d315fbd-ade0-427f-8a57-9b8f4a7ccba2@group-452902F59078-LeaderElection59: begin an election at term 53 for 0: [fe2f4460-1173-45ac-8f62-3ccbe442b4a3:192.168.157.254:43148, bec42651-2cde-4fcc-b688-684a384bc6fb:192.168.157.254:46415, 0d315fbd-ade0-427f-8a57-9b8f4a7ccba2:192.168.157.254:43029], old=null
2019-10-22 00:04:58,087 [grpc-default-executor-0] INFO  impl.RaftServerImpl (RaftServerImpl.java:setRole(184)) - fe2f4460-1173-45ac-8f62-3ccbe442b4a3@group-452902F59078: changes role from  FOLLOWER to FOLLOWER at term 53 for recognizeCandidate:0d315fbd-ade0-427f-8a57-9b8f4a7ccba2
2019-10-22 00:04:58,088 [grpc-default-executor-0] INFO  impl.RoleInfo (RoleInfo.java:shutdownFollowerState(121)) - fe2f4460-1173-45ac-8f62-3ccbe442b4a3: shutdown FollowerState
2019-10-22 00:04:58,088 [grpc-default-executor-0] INFO  impl.RoleInfo (RoleInfo.java:updateAndGet(143)) - fe2f4460-1173-45ac-8f62-3ccbe442b4a3: start FollowerState
2019-10-22 00:04:58,088 [grpc-default-executor-8] INFO  impl.RaftServerImpl (RaftServerImpl.java:setRole(184)) - bec42651-2cde-4fcc-b688-684a384bc6fb@group-452902F59078: changes role from  FOLLOWER to FOLLOWER at term 53 for recognizeCandidate:0d315fbd-ade0-427f-8a57-9b8f4a7ccba2
2019-10-22 00:04:58,088 [Thread-956] INFO  impl.FollowerState (FollowerState.java:run(117)) - fe2f4460-1173-45ac-8f62-3ccbe442b4a3@group-452902F59078-FollowerState was interrupted: java.lang.InterruptedException: sleep interrupted
2019-10-22 00:04:58,088 [grpc-default-executor-8] INFO  impl.RoleInfo (RoleInfo.java:shutdownFollowerState(121)) - bec42651-2cde-4fcc-b688-684a384bc6fb: shutdown FollowerState
2019-10-22 00:04:58,088 [grpc-default-executor-8] INFO  impl.RoleInfo (RoleInfo.java:updateAndGet(143)) - bec42651-2cde-4fcc-b688-684a384bc6fb: start FollowerState
2019-10-22 00:04:58,088 [Thread-955] INFO  impl.FollowerState (FollowerState.java:run(117)) - bec42651-2cde-4fcc-b688-684a384bc6fb@group-452902F59078-FollowerState was interrupted: java.lang.InterruptedException: sleep interrupted
2019-10-22 00:04:58,103 [0d315fbd-ade0-427f-8a57-9b8f4a7ccba2@group-452902F59078-LeaderElection59] INFO  impl.LeaderElection (LeaderElection.java:logAndReturn(56)) - 0d315fbd-ade0-427f-8a57-9b8f4a7ccba2@group-452902F59078-LeaderElection59: Election REJECTED; received 2 response(s) [0d315fbd-ade0-427f-8a57-9b8f4a7ccba2<-fe2f4460-1173-45ac-8f62-3ccbe442b4a3#0:FAIL-t53, 0d315fbd-ade0-427f-8a57-9b8f4a7ccba2<-bec42651-2cde-4fcc-b688-684a384bc6fb#0:FAIL-t53] and 0 exception(s); 0d315fbd-ade0-427f-8a57-9b8f4a7ccba2@group-452902F59078:t53, leader=null, voted=0d315fbd-ade0-427f-8a57-9b8f4a7ccba2, raftlog=0d315fbd-ade0-427f-8a57-9b8f4a7ccba2@group-452902F59078-SegmentedRaftLog:OPENED:c3,f4,i4, conf=0: [fe2f4460-1173-45ac-8f62-3ccbe442b4a3:192.168.157.254:43148, bec42651-2cde-4fcc-b688-684a384bc6fb:192.168.157.254:46415, 0d315fbd-ade0-427f-8a57-9b8f4a7ccba2:192.168.157.254:43029], old=null
2019-10-22 00:04:58,103 [0d315fbd-ade0-427f-8a57-9b8f4a7ccba2@group-452902F59078-LeaderElection59] INFO  impl.RaftServerImpl (RaftServerImpl.java:setRole(184)) - 0d315fbd-ade0-427f-8a57-9b8f4a7ccba2@group-452902F59078: changes role from CANDIDATE to FOLLOWER at term 53 for DISCOVERED_A_NEW_TERM
2019-10-22 00:04:58,103 [0d315fbd-ade0-427f-8a57-9b8f4a7ccba2@group-452902F59078-LeaderElection59] INFO  impl.RoleInfo (RoleInfo.java:shutdownLeaderElection(134)) - 0d315fbd-ade0-427f-8a57-9b8f4a7ccba2: shutdown LeaderElection
2019-10-22 00:04:58,103 [0d315fbd-ade0-427f-8a57-9b8f4a7ccba2@group-452902F59078-LeaderElection59] INFO  impl.RoleInfo (RoleInfo.java:updateAndGet(143)) - 0d315fbd-ade0-427f-8a57-9b8f4a7ccba2: start FollowerState
2019-10-22 00:04:58,119 [Thread-965] INFO  client.GrpcClientProtocolService (GrpcClientProtocolService.java:lambda$processClientRequest$0(278)) - Failed RaftClientRequest:client-06600EE78844->fe2f4460-1173-45ac-8f62-3ccbe442b4a3@group-452902F59078, cid=10, seq=0, Watch-ALL_COMMITTED(6), Message:<EMPTY>, reply=RaftClientReply:client-06600EE78844->fe2f4460-1173-45ac-8f62-3ccbe442b4a3@group-452902F59078, cid=10, FAILED org.apache.ratis.protocol.NotLeaderException: Server fe2f4460-1173-45ac-8f62-3ccbe442b4a3@group-452902F59078 is not the leader, logIndex=0, commits[fe2f4460-1173-45ac-8f62-3ccbe442b4a3:c10, bec42651-2cde-4fcc-b688-684a384bc6fb:c10, 0d315fbd-ade0-427f-8a57-9b8f4a7ccba2:c4]
2019-10-22 00:04:58,167 [Thread-963] INFO  impl.FollowerState (FollowerState.java:run(108)) - 0d315fbd-ade0-427f-8a57-9b8f4a7ccba2@group-452902F59078-FollowerState: change to CANDIDATE, lastRpcTime:63ms, electionTimeout:63ms
2019-10-22 00:04:58,167 [Thread-963] INFO  impl.RoleInfo (RoleInfo.java:shutdownFollowerState(121)) - 0d315fbd-ade0-427f-8a57-9b8f4a7ccba2: shutdown FollowerState
2019-10-22 00:04:58,167 [Thread-963] INFO  impl.RaftServerImpl (RaftServerImpl.java:setRole(184)) - 0d315fbd-ade0-427f-8a57-9b8f4a7ccba2@group-452902F59078: changes role from  FOLLOWER to CANDIDATE at term 53 for changeToCandidate
2019-10-22 00:04:58,167 [Thread-963] INFO  impl.RoleInfo (RoleInfo.java:updateAndGet(143)) - 0d315fbd-ade0-427f-8a57-9b8f4a7ccba2: start LeaderElection
2019-10-22 00:04:58,181 [0d315fbd-ade0-427f-8a57-9b8f4a7ccba2@group-452902F59078-LeaderElection60] INFO  impl.LeaderElection (LeaderElection.java:askForVotes(178)) - 0d315fbd-ade0-427f-8a57-9b8f4a7ccba2@group-452902F59078-LeaderElection60: begin an election at term 54 for 0: [fe2f4460-1173-45ac-8f62-3ccbe442b4a3:192.168.157.254:43148, bec42651-2cde-4fcc-b688-684a384bc6fb:192.168.157.254:46415, 0d315fbd-ade0-427f-8a57-9b8f4a7ccba2:192.168.157.254:43029], old=null
2019-10-22 00:04:58,183 [grpc-default-executor-0] INFO  impl.RaftServerImpl (RaftServerImpl.java:setRole(184)) - bec42651-2cde-4fcc-b688-684a384bc6fb@group-452902F59078: changes role from  FOLLOWER to FOLLOWER at term 54 for recognizeCandidate:0d315fbd-ade0-427f-8a57-9b8f4a7ccba2
2019-10-22 00:04:58,184 [grpc-default-executor-8] INFO  impl.RaftServerImpl (RaftServerImpl.java:setRole(184)) - fe2f4460-1173-45ac-8f62-3ccbe442b4a3@group-452902F59078: changes role from  FOLLOWER to FOLLOWER at term 54 for recognizeCandidate:0d315fbd-ade0-427f-8a57-9b8f4a7ccba2
2019-10-22 00:04:58,184 [grpc-default-executor-8] INFO  impl.RoleInfo (RoleInfo.java:shutdownFollowerState(121)) - fe2f4460-1173-45ac-8f62-3ccbe442b4a3: shutdown FollowerState
2019-10-22 00:04:58,184 [grpc-default-executor-0] INFO  impl.RoleInfo (RoleInfo.java:shutdownFollowerState(121)) - bec42651-2cde-4fcc-b688-684a384bc6fb: shutdown FollowerState
2019-10-22 00:04:58,184 [grpc-default-executor-8] INFO  impl.RoleInfo (RoleInfo.java:updateAndGet(143)) - fe2f4460-1173-45ac-8f62-3ccbe442b4a3: start FollowerState
2019-10-22 00:04:58,184 [Thread-962] INFO  impl.FollowerState (FollowerState.java:run(117)) - bec42651-2cde-4fcc-b688-684a384bc6fb@group-452902F59078-FollowerState was interrupted: java.lang.InterruptedException: sleep interrupted
2019-10-22 00:04:58,184 [Thread-961] INFO  impl.FollowerState (FollowerState.java:run(117)) - fe2f4460-1173-45ac-8f62-3ccbe442b4a3@group-452902F59078-FollowerState was interrupted: java.lang.InterruptedException: sleep interrupted
2019-10-22 00:04:58,184 [grpc-default-executor-0] INFO  impl.RoleInfo (RoleInfo.java:updateAndGet(143)) - bec42651-2cde-4fcc-b688-684a384bc6fb: start FollowerState
2019-10-22 00:04:58,200 [0d315fbd-ade0-427f-8a57-9b8f4a7ccba2@group-452902F59078-LeaderElection60] INFO  impl.LeaderElection (LeaderElection.java:logAndReturn(56)) - 0d315fbd-ade0-427f-8a57-9b8f4a7ccba2@group-452902F59078-LeaderElection60: Election REJECTED; received 2 response(s) [0d315fbd-ade0-427f-8a57-9b8f4a7ccba2<-fe2f4460-1173-45ac-8f62-3ccbe442b4a3#0:FAIL-t54, 0d315fbd-ade0-427f-8a57-9b8f4a7ccba2<-bec42651-2cde-4fcc-b688-684a384bc6fb#0:FAIL-t54] and 0 exception(s); 0d315fbd-ade0-427f-8a57-9b8f4a7ccba2@group-452902F59078:t54, leader=null, voted=0d315fbd-ade0-427f-8a57-9b8f4a7ccba2, raftlog=0d315fbd-ade0-427f-8a57-9b8f4a7ccba2@group-452902F59078-SegmentedRaftLog:OPENED:c3,f4,i4, conf=0: [fe2f4460-1173-45ac-8f62-3ccbe442b4a3:192.168.157.254:43148, bec42651-2cde-4fcc-b688-684a384bc6fb:192.168.157.254:46415, 0d315fbd-ade0-427f-8a57-9b8f4a7ccba2:192.168.157.254:43029], old=null
2019-10-22 00:04:58,201 [0d315fbd-ade0-427f-8a57-9b8f4a7ccba2@group-452902F59078-LeaderElection60] INFO  impl.RaftServerImpl (RaftServerImpl.java:setRole(184)) - 0d315fbd-ade0-427f-8a57-9b8f4a7ccba2@group-452902F59078: changes role from CANDIDATE to FOLLOWER at term 54 for DISCOVERED_A_NEW_TERM
2019-10-22 00:04:58,201 [0d315fbd-ade0-427f-8a57-9b8f4a7ccba2@group-452902F59078-LeaderElection60] INFO  impl.RoleInfo (RoleInfo.java:shutdownLeaderElection(134)) - 0d315fbd-ade0-427f-8a57-9b8f4a7ccba2: shutdown LeaderElection
2019-10-22 00:04:58,201 [0d315fbd-ade0-427f-8a57-9b8f4a7ccba2@group-452902F59078-LeaderElection60] INFO  impl.RoleInfo (RoleInfo.java:updateAndGet(143)) - 0d315fbd-ade0-427f-8a57-9b8f4a7ccba2: start FollowerState
2019-10-22 00:04:58,225 [EventQueue-DeleteBlockStatusForDeletedBlockLogImpl] WARN  block.DeletedBlockLogImpl (DeletedBlockLogImpl.java:commitTransactions(205)) - Transaction txId=1 commit by dnId=0d315fbd-ade0-427f-8a57-9b8f4a7ccba2 for containerID=#1 failed. Corresponding entry not found.
2019-10-22 00:04:58,225 [EventQueue-DeleteBlockStatusForDeletedBlockLogImpl] WARN  block.DeletedBlockLogImpl (DeletedBlockLogImpl.java:commitTransactions(205)) - Transaction txId=1 commit by dnId=0d315fbd-ade0-427f-8a57-9b8f4a7ccba2 for containerID=#1 failed. Corresponding entry not found.
2019-10-22 00:04:58,225 [EventQueue-DeleteBlockStatusForDeletedBlockLogImpl] WARN  block.DeletedBlockLogImpl (DeletedBlockLogImpl.java:commitTransactions(205)) - Transaction txId=1 commit by dnId=0d315fbd-ade0-427f-8a57-9b8f4a7ccba2 for containerID=#1 failed. Corresponding entry not found.
2019-10-22 00:04:58,225 [EventQueue-DeleteBlockStatusForDeletedBlockLogImpl] WARN  block.DeletedBlockLogImpl (DeletedBlockLogImpl.java:commitTransactions(205)) - Transaction txId=1 commit by dnId=0d315fbd-ade0-427f-8a57-9b8f4a7ccba2 for containerID=#1 failed. Corresponding entry not found.
2019-10-22 00:04:58,225 [EventQueue-DeleteBlockStatusForDeletedBlockLogImpl] WARN  block.DeletedBlockLogImpl (DeletedBlockLogImpl.java:commitTransactions(205)) - Transaction txId=1 commit by dnId=0d315fbd-ade0-427f-8a57-9b8f4a7ccba2 for containerID=#1 failed. Corresponding entry not found.
2019-10-22 00:04:58,225 [EventQueue-DeleteBlockStatusForDeletedBlockLogImpl] WARN  block.DeletedBlockLogImpl (DeletedBlockLogImpl.java:commitTransactions(205)) - Transaction txId=1 commit by dnId=0d315fbd-ade0-427f-8a57-9b8f4a7ccba2 for containerID=#1 failed. Corresponding entry not found.
2019-10-22 00:04:58,225 [EventQueue-DeleteBlockStatusForDeletedBlockLogImpl] WARN  block.DeletedBlockLogImpl (DeletedBlockLogImpl.java:commitTransactions(205)) - Transaction txId=1 commit by dnId=0d315fbd-ade0-427f-8a57-9b8f4a7ccba2 for containerID=#1 failed. Corresponding entry not found.
2019-10-22 00:04:58,225 [EventQueue-DeleteBlockStatusForDeletedBlockLogImpl] WARN  block.DeletedBlockLogImpl (DeletedBlockLogImpl.java:commitTransactions(205)) - Transaction txId=1 commit by dnId=0d315fbd-ade0-427f-8a57-9b8f4a7ccba2 for containerID=#1 failed. Corresponding entry not found.
2019-10-22 00:04:58,225 [EventQueue-DeleteBlockStatusForDeletedBlockLogImpl] WARN  block.DeletedBlockLogImpl (DeletedBlockLogImpl.java:commitTransactions(205)) - Transaction txId=1 commit by dnId=0d315fbd-ade0-427f-8a57-9b8f4a7ccba2 for containerID=#1 failed. Corresponding entry not found.
2019-10-22 00:04:58,225 [EventQueue-DeleteBlockStatusForDeletedBlockLogImpl] WARN  block.DeletedBlockLogImpl (DeletedBlockLogImpl.java:commitTransactions(205)) - Transaction txId=1 commit by dnId=0d315fbd-ade0-427f-8a57-9b8f4a7ccba2 for containerID=#1 failed. Corresponding entry not found.
2019-10-22 00:04:58,257 [BlockDeletingService#8] WARN  background.BlockDeletingService (BlockDeletingService.java:isDeletionAllowed(187)) - Close Container log Index 6 is not replicated across allthe servers in the pipeline c00d4cd3-293b-4d2c-9f2c-452902f59078 as the min replicated index is 4. Deletion is not allowed in this container yet.
2019-10-22 00:04:58,257 [BlockDeletingService#3] WARN  background.BlockDeletingService (BlockDeletingService.java:isDeletionAllowed(187)) - Close Container log Index 6 is not replicated across allthe servers in the pipeline c00d4cd3-293b-4d2c-9f2c-452902f59078 as the min replicated index is 4. Deletion is not allowed in this container yet.
2019-10-22 00:04:58,269 [Thread-972] INFO  impl.FollowerState (FollowerState.java:run(108)) - 0d315fbd-ade0-427f-8a57-9b8f4a7ccba2@group-452902F59078-FollowerState: change to CANDIDATE, lastRpcTime:68ms, electionTimeout:68ms
2019-10-22 00:04:58,269 [Thread-972] INFO  impl.RoleInfo (RoleInfo.java:shutdownFollowerState(121)) - 0d315fbd-ade0-427f-8a57-9b8f4a7ccba2: shutdown FollowerState
2019-10-22 00:04:58,270 [Thread-972] INFO  impl.RaftServerImpl (RaftServerImpl.java:setRole(184)) - 0d315fbd-ade0-427f-8a57-9b8f4a7ccba2@group-452902F59078: changes role from  FOLLOWER to CANDIDATE at term 54 for changeToCandidate
2019-10-22 00:04:58,270 [Thread-972] INFO  impl.RoleInfo (RoleInfo.java:updateAndGet(143)) - 0d315fbd-ade0-427f-8a57-9b8f4a7ccba2: start LeaderElection
2019-10-22 00:04:58,282 [0d315fbd-ade0-427f-8a57-9b8f4a7ccba2@group-452902F59078-LeaderElection61] INFO  impl.LeaderElection (LeaderElection.java:askForVotes(178)) - 0d315fbd-ade0-427f-8a57-9b8f4a7ccba2@group-452902F59078-LeaderElection61: begin an election at term 55 for 0: [fe2f4460-1173-45ac-8f62-3ccbe442b4a3:192.168.157.254:43148, bec42651-2cde-4fcc-b688-684a384bc6fb:192.168.157.254:46415, 0d315fbd-ade0-427f-8a57-9b8f4a7ccba2:192.168.157.254:43029], old=null
2019-10-22 00:04:58,285 [grpc-default-executor-8] INFO  impl.RaftServerImpl (RaftServerImpl.java:setRole(184)) - fe2f4460-1173-45ac-8f62-3ccbe442b4a3@group-452902F59078: changes role from  FOLLOWER to FOLLOWER at term 55 for recognizeCandidate:0d315fbd-ade0-427f-8a57-9b8f4a7ccba2
2019-10-22 00:04:58,285 [grpc-default-executor-0] INFO  impl.RaftServerImpl (RaftServerImpl.java:setRole(184)) - bec42651-2cde-4fcc-b688-684a384bc6fb@group-452902F59078: changes role from  FOLLOWER to FOLLOWER at term 55 for recognizeCandidate:0d315fbd-ade0-427f-8a57-9b8f4a7ccba2
2019-10-22 00:04:58,285 [grpc-default-executor-0] INFO  impl.RoleInfo (RoleInfo.java:shutdownFollowerState(121)) - bec42651-2cde-4fcc-b688-684a384bc6fb: shutdown FollowerState
2019-10-22 00:04:58,285 [grpc-default-executor-8] INFO  impl.RoleInfo (RoleInfo.java:shutdownFollowerState(121)) - fe2f4460-1173-45ac-8f62-3ccbe442b4a3: shutdown FollowerState
2019-10-22 00:04:58,286 [Thread-971] INFO  impl.FollowerState (FollowerState.java:run(117)) - bec42651-2cde-4fcc-b688-684a384bc6fb@group-452902F59078-FollowerState was interrupted: java.lang.InterruptedException: sleep interrupted
2019-10-22 00:04:58,286 [grpc-default-executor-8] INFO  impl.RoleInfo (RoleInfo.java:updateAndGet(143)) - fe2f4460-1173-45ac-8f62-3ccbe442b4a3: start FollowerState
2019-10-22 00:04:58,286 [grpc-default-executor-0] INFO  impl.RoleInfo (RoleInfo.java:updateAndGet(143)) - bec42651-2cde-4fcc-b688-684a384bc6fb: start FollowerState
2019-10-22 00:04:58,286 [Thread-970] INFO  impl.FollowerState (FollowerState.java:run(117)) - fe2f4460-1173-45ac-8f62-3ccbe442b4a3@group-452902F59078-FollowerState was interrupted: java.lang.InterruptedException: sleep interrupted
2019-10-22 00:04:58,302 [0d315fbd-ade0-427f-8a57-9b8f4a7ccba2@group-452902F59078-LeaderElection61] INFO  impl.LeaderElection (LeaderElection.java:logAndReturn(56)) - 0d315fbd-ade0-427f-8a57-9b8f4a7ccba2@group-452902F59078-LeaderElection61: Election REJECTED; received 2 response(s) [0d315fbd-ade0-427f-8a57-9b8f4a7ccba2<-fe2f4460-1173-45ac-8f62-3ccbe442b4a3#0:FAIL-t55, 0d315fbd-ade0-427f-8a57-9b8f4a7ccba2<-bec42651-2cde-4fcc-b688-684a384bc6fb#0:FAIL-t55] and 0 exception(s); 0d315fbd-ade0-427f-8a57-9b8f4a7ccba2@group-452902F59078:t55, leader=null, voted=0d315fbd-ade0-427f-8a57-9b8f4a7ccba2, raftlog=0d315fbd-ade0-427f-8a57-9b8f4a7ccba2@group-452902F59078-SegmentedRaftLog:OPENED:c3,f4,i4, conf=0: [fe2f4460-1173-45ac-8f62-3ccbe442b4a3:192.168.157.254:43148, bec42651-2cde-4fcc-b688-684a384bc6fb:192.168.157.254:46415, 0d315fbd-ade0-427f-8a57-9b8f4a7ccba2:192.168.157.254:43029], old=null
2019-10-22 00:04:58,303 [0d315fbd-ade0-427f-8a57-9b8f4a7ccba2@group-452902F59078-LeaderElection61] INFO  impl.RaftServerImpl (RaftServerImpl.java:setRole(184)) - 0d315fbd-ade0-427f-8a57-9b8f4a7ccba2@group-452902F59078: changes role from CANDIDATE to FOLLOWER at term 55 for DISCOVERED_A_NEW_TERM
2019-10-22 00:04:58,303 [0d315fbd-ade0-427f-8a57-9b8f4a7ccba2@group-452902F59078-LeaderElection61] INFO  impl.RoleInfo (RoleInfo.java:shutdownLeaderElection(134)) - 0d315fbd-ade0-427f-8a57-9b8f4a7ccba2: shutdown LeaderElection
2019-10-22 00:04:58,303 [0d315fbd-ade0-427f-8a57-9b8f4a7ccba2@group-452902F59078-LeaderElection61] INFO  impl.RoleInfo (RoleInfo.java:updateAndGet(143)) - 0d315fbd-ade0-427f-8a57-9b8f4a7ccba2: start FollowerState
2019-10-22 00:04:58,348 [Thread-980] INFO  impl.FollowerState (FollowerState.java:run(108)) - 0d315fbd-ade0-427f-8a57-9b8f4a7ccba2@group-452902F59078-FollowerState: change to CANDIDATE, lastRpcTime:45ms, electionTimeout:45ms
2019-10-22 00:04:58,348 [Thread-980] INFO  impl.RoleInfo (RoleInfo.java:shutdownFollowerState(121)) - 0d315fbd-ade0-427f-8a57-9b8f4a7ccba2: shutdown FollowerState
2019-10-22 00:04:58,348 [Thread-980] INFO  impl.RaftServerImpl (RaftServerImpl.java:setRole(184)) - 0d315fbd-ade0-427f-8a57-9b8f4a7ccba2@group-452902F59078: changes role from  FOLLOWER to CANDIDATE at term 55 for changeToCandidate
2019-10-22 00:04:58,348 [Thread-980] INFO  impl.RoleInfo (RoleInfo.java:updateAndGet(143)) - 0d315fbd-ade0-427f-8a57-9b8f4a7ccba2: start LeaderElection
2019-10-22 00:04:58,363 [0d315fbd-ade0-427f-8a57-9b8f4a7ccba2@group-452902F59078-LeaderElection62] INFO  impl.LeaderElection (LeaderElection.java:askForVotes(178)) - 0d315fbd-ade0-427f-8a57-9b8f4a7ccba2@group-452902F59078-LeaderElection62: begin an election at term 56 for 0: [fe2f4460-1173-45ac-8f62-3ccbe442b4a3:192.168.157.254:43148, bec42651-2cde-4fcc-b688-684a384bc6fb:192.168.157.254:46415, 0d315fbd-ade0-427f-8a57-9b8f4a7ccba2:192.168.157.254:43029], old=null
2019-10-22 00:04:58,366 [grpc-default-executor-0] INFO  impl.RaftServerImpl (RaftServerImpl.java:setRole(184)) - bec42651-2cde-4fcc-b688-684a384bc6fb@group-452902F59078: changes role from  FOLLOWER to FOLLOWER at term 56 for recognizeCandidate:0d315fbd-ade0-427f-8a57-9b8f4a7ccba2
2019-10-22 00:04:58,366 [grpc-default-executor-8] INFO  impl.RaftServerImpl (RaftServerImpl.java:setRole(184)) - fe2f4460-1173-45ac-8f62-3ccbe442b4a3@group-452902F59078: changes role from  FOLLOWER to FOLLOWER at term 56 for recognizeCandidate:0d315fbd-ade0-427f-8a57-9b8f4a7ccba2
2019-10-22 00:04:58,366 [grpc-default-executor-0] INFO  impl.RoleInfo (RoleInfo.java:shutdownFollowerState(121)) - bec42651-2cde-4fcc-b688-684a384bc6fb: shutdown FollowerState
2019-10-22 00:04:58,366 [grpc-default-executor-8] INFO  impl.RoleInfo (RoleInfo.java:shutdownFollowerState(121)) - fe2f4460-1173-45ac-8f62-3ccbe442b4a3: shutdown FollowerState
2019-10-22 00:04:58,366 [grpc-default-executor-0] INFO  impl.RoleInfo (RoleInfo.java:updateAndGet(143)) - bec42651-2cde-4fcc-b688-684a384bc6fb: start FollowerState
2019-10-22 00:04:58,366 [Thread-978] INFO  impl.FollowerState (FollowerState.java:run(117)) - bec42651-2cde-4fcc-b688-684a384bc6fb@group-452902F59078-FollowerState was interrupted: java.lang.InterruptedException: sleep interrupted
2019-10-22 00:04:58,367 [Thread-979] INFO  impl.FollowerState (FollowerState.java:run(117)) - fe2f4460-1173-45ac-8f62-3ccbe442b4a3@group-452902F59078-FollowerState was interrupted: java.lang.InterruptedException: sleep interrupted
2019-10-22 00:04:58,367 [grpc-default-executor-8] INFO  impl.RoleInfo (RoleInfo.java:updateAndGet(143)) - fe2f4460-1173-45ac-8f62-3ccbe442b4a3: start FollowerState
2019-10-22 00:04:58,439 [0d315fbd-ade0-427f-8a57-9b8f4a7ccba2@group-452902F59078-LeaderElection62] INFO  impl.LeaderElection (LeaderElection.java:logAndReturn(56)) - 0d315fbd-ade0-427f-8a57-9b8f4a7ccba2@group-452902F59078-LeaderElection62: Election REJECTED; received 2 response(s) [0d315fbd-ade0-427f-8a57-9b8f4a7ccba2<-fe2f4460-1173-45ac-8f62-3ccbe442b4a3#0:FAIL-t56, 0d315fbd-ade0-427f-8a57-9b8f4a7ccba2<-bec42651-2cde-4fcc-b688-684a384bc6fb#0:FAIL-t56] and 0 exception(s); 0d315fbd-ade0-427f-8a57-9b8f4a7ccba2@group-452902F59078:t56, leader=null, voted=0d315fbd-ade0-427f-8a57-9b8f4a7ccba2, raftlog=0d315fbd-ade0-427f-8a57-9b8f4a7ccba2@group-452902F59078-SegmentedRaftLog:OPENED:c3,f4,i4, conf=0: [fe2f4460-1173-45ac-8f62-3ccbe442b4a3:192.168.157.254:43148, bec42651-2cde-4fcc-b688-684a384bc6fb:192.168.157.254:46415, 0d315fbd-ade0-427f-8a57-9b8f4a7ccba2:192.168.157.254:43029], old=null
2019-10-22 00:04:58,439 [0d315fbd-ade0-427f-8a57-9b8f4a7ccba2@group-452902F59078-LeaderElection62] INFO  impl.RaftServerImpl (RaftServerImpl.java:setRole(184)) - 0d315fbd-ade0-427f-8a57-9b8f4a7ccba2@group-452902F59078: changes role from CANDIDATE to FOLLOWER at term 56 for DISCOVERED_A_NEW_TERM
2019-10-22 00:04:58,439 [0d315fbd-ade0-427f-8a57-9b8f4a7ccba2@group-452902F59078-LeaderElection62] INFO  impl.RoleInfo (RoleInfo.java:shutdownLeaderElection(134)) - 0d315fbd-ade0-427f-8a57-9b8f4a7ccba2: shutdown LeaderElection
2019-10-22 00:04:58,439 [0d315fbd-ade0-427f-8a57-9b8f4a7ccba2@group-452902F59078-LeaderElection62] INFO  impl.RoleInfo (RoleInfo.java:updateAndGet(143)) - 0d315fbd-ade0-427f-8a57-9b8f4a7ccba2: start FollowerState
2019-10-22 00:04:58,559 [Thread-986] INFO  impl.FollowerState (FollowerState.java:run(108)) - 0d315fbd-ade0-427f-8a57-9b8f4a7ccba2@group-452902F59078-FollowerState: change to CANDIDATE, lastRpcTime:119ms, electionTimeout:119ms
2019-10-22 00:04:58,559 [Thread-986] INFO  impl.RoleInfo (RoleInfo.java:shutdownFollowerState(121)) - 0d315fbd-ade0-427f-8a57-9b8f4a7ccba2: shutdown FollowerState
2019-10-22 00:04:58,559 [Thread-986] INFO  impl.RaftServerImpl (RaftServerImpl.java:setRole(184)) - 0d315fbd-ade0-427f-8a57-9b8f4a7ccba2@group-452902F59078: changes role from  FOLLOWER to CANDIDATE at term 56 for changeToCandidate
2019-10-22 00:04:58,560 [Thread-986] INFO  impl.RoleInfo (RoleInfo.java:updateAndGet(143)) - 0d315fbd-ade0-427f-8a57-9b8f4a7ccba2: start LeaderElection
2019-10-22 00:04:58,590 [0d315fbd-ade0-427f-8a57-9b8f4a7ccba2@group-452902F59078-LeaderElection63] INFO  impl.LeaderElection (LeaderElection.java:askForVotes(178)) - 0d315fbd-ade0-427f-8a57-9b8f4a7ccba2@group-452902F59078-LeaderElection63: begin an election at term 57 for 0: [fe2f4460-1173-45ac-8f62-3ccbe442b4a3:192.168.157.254:43148, bec42651-2cde-4fcc-b688-684a384bc6fb:192.168.157.254:46415, 0d315fbd-ade0-427f-8a57-9b8f4a7ccba2:192.168.157.254:43029], old=null
2019-10-22 00:04:58,592 [grpc-default-executor-0] INFO  impl.RaftServerImpl (RaftServerImpl.java:setRole(184)) - bec42651-2cde-4fcc-b688-684a384bc6fb@group-452902F59078: changes role from  FOLLOWER to FOLLOWER at term 57 for recognizeCandidate:0d315fbd-ade0-427f-8a57-9b8f4a7ccba2
2019-10-22 00:04:58,592 [grpc-default-executor-8] INFO  impl.RaftServerImpl (RaftServerImpl.java:setRole(184)) - fe2f4460-1173-45ac-8f62-3ccbe442b4a3@group-452902F59078: changes role from  FOLLOWER to FOLLOWER at term 57 for recognizeCandidate:0d315fbd-ade0-427f-8a57-9b8f4a7ccba2
2019-10-22 00:04:58,592 [grpc-default-executor-0] INFO  impl.RoleInfo (RoleInfo.java:shutdownFollowerState(121)) - bec42651-2cde-4fcc-b688-684a384bc6fb: shutdown FollowerState
2019-10-22 00:04:58,593 [grpc-default-executor-8] INFO  impl.RoleInfo (RoleInfo.java:shutdownFollowerState(121)) - fe2f4460-1173-45ac-8f62-3ccbe442b4a3: shutdown FollowerState
2019-10-22 00:04:58,593 [grpc-default-executor-0] INFO  impl.RoleInfo (RoleInfo.java:updateAndGet(143)) - bec42651-2cde-4fcc-b688-684a384bc6fb: start FollowerState
2019-10-22 00:04:58,593 [Thread-984] INFO  impl.FollowerState (FollowerState.java:run(117)) - bec42651-2cde-4fcc-b688-684a384bc6fb@group-452902F59078-FollowerState was interrupted: java.lang.InterruptedException: sleep interrupted
2019-10-22 00:04:58,593 [Thread-985] INFO  impl.FollowerState (FollowerState.java:run(117)) - fe2f4460-1173-45ac-8f62-3ccbe442b4a3@group-452902F59078-FollowerState was interrupted: java.lang.InterruptedException: sleep interrupted
2019-10-22 00:04:58,593 [grpc-default-executor-8] INFO  impl.RoleInfo (RoleInfo.java:updateAndGet(143)) - fe2f4460-1173-45ac-8f62-3ccbe442b4a3: start FollowerState
2019-10-22 00:04:58,614 [0d315fbd-ade0-427f-8a57-9b8f4a7ccba2@group-452902F59078-LeaderElection63] INFO  impl.LeaderElection (LeaderElection.java:logAndReturn(56)) - 0d315fbd-ade0-427f-8a57-9b8f4a7ccba2@group-452902F59078-LeaderElection63: Election REJECTED; received 2 response(s) [0d315fbd-ade0-427f-8a57-9b8f4a7ccba2<-fe2f4460-1173-45ac-8f62-3ccbe442b4a3#0:FAIL-t57, 0d315fbd-ade0-427f-8a57-9b8f4a7ccba2<-bec42651-2cde-4fcc-b688-684a384bc6fb#0:FAIL-t57] and 0 exception(s); 0d315fbd-ade0-427f-8a57-9b8f4a7ccba2@group-452902F59078:t57, leader=null, voted=0d315fbd-ade0-427f-8a57-9b8f4a7ccba2, raftlog=0d315fbd-ade0-427f-8a57-9b8f4a7ccba2@group-452902F59078-SegmentedRaftLog:OPENED:c3,f4,i4, conf=0: [fe2f4460-1173-45ac-8f62-3ccbe442b4a3:192.168.157.254:43148, bec42651-2cde-4fcc-b688-684a384bc6fb:192.168.157.254:46415, 0d315fbd-ade0-427f-8a57-9b8f4a7ccba2:192.168.157.254:43029], old=null
2019-10-22 00:04:58,614 [0d315fbd-ade0-427f-8a57-9b8f4a7ccba2@group-452902F59078-LeaderElection63] INFO  impl.RaftServerImpl (RaftServerImpl.java:setRole(184)) - 0d315fbd-ade0-427f-8a57-9b8f4a7ccba2@group-452902F59078: changes role from CANDIDATE to FOLLOWER at term 57 for DISCOVERED_A_NEW_TERM
2019-10-22 00:04:58,615 [0d315fbd-ade0-427f-8a57-9b8f4a7ccba2@group-452902F59078-LeaderElection63] INFO  impl.RoleInfo (RoleInfo.java:shutdownLeaderElection(134)) - 0d315fbd-ade0-427f-8a57-9b8f4a7ccba2: shutdown LeaderElection
2019-10-22 00:04:58,615 [0d315fbd-ade0-427f-8a57-9b8f4a7ccba2@group-452902F59078-LeaderElection63] INFO  impl.RoleInfo (RoleInfo.java:updateAndGet(143)) - 0d315fbd-ade0-427f-8a57-9b8f4a7ccba2: start FollowerState
2019-10-22 00:04:58,708 [Thread-992] INFO  impl.FollowerState (FollowerState.java:run(108)) - 0d315fbd-ade0-427f-8a57-9b8f4a7ccba2@group-452902F59078-FollowerState: change to CANDIDATE, lastRpcTime:93ms, electionTimeout:93ms
2019-10-22 00:04:58,708 [Thread-992] INFO  impl.RoleInfo (RoleInfo.java:shutdownFollowerState(121)) - 0d315fbd-ade0-427f-8a57-9b8f4a7ccba2: shutdown FollowerState
2019-10-22 00:04:58,709 [Thread-992] INFO  impl.RaftServerImpl (RaftServerImpl.java:setRole(184)) - 0d315fbd-ade0-427f-8a57-9b8f4a7ccba2@group-452902F59078: changes role from  FOLLOWER to CANDIDATE at term 57 for changeToCandidate
2019-10-22 00:04:58,709 [Thread-992] INFO  impl.RoleInfo (RoleInfo.java:updateAndGet(143)) - 0d315fbd-ade0-427f-8a57-9b8f4a7ccba2: start LeaderElection
2019-10-22 00:04:58,715 [0d315fbd-ade0-427f-8a57-9b8f4a7ccba2@group-452902F59078-LeaderElection64] INFO  impl.LeaderElection (LeaderElection.java:askForVotes(178)) - 0d315fbd-ade0-427f-8a57-9b8f4a7ccba2@group-452902F59078-LeaderElection64: begin an election at term 58 for 0: [fe2f4460-1173-45ac-8f62-3ccbe442b4a3:192.168.157.254:43148, bec42651-2cde-4fcc-b688-684a384bc6fb:192.168.157.254:46415, 0d315fbd-ade0-427f-8a57-9b8f4a7ccba2:192.168.157.254:43029], old=null
2019-10-22 00:04:58,717 [grpc-default-executor-8] INFO  impl.RaftServerImpl (RaftServerImpl.java:setRole(184)) - fe2f4460-1173-45ac-8f62-3ccbe442b4a3@group-452902F59078: changes role from  FOLLOWER to FOLLOWER at term 58 for recognizeCandidate:0d315fbd-ade0-427f-8a57-9b8f4a7ccba2
2019-10-22 00:04:58,717 [grpc-default-executor-0] INFO  impl.RaftServerImpl (RaftServerImpl.java:setRole(184)) - bec42651-2cde-4fcc-b688-684a384bc6fb@group-452902F59078: changes role from  FOLLOWER to FOLLOWER at term 58 for recognizeCandidate:0d315fbd-ade0-427f-8a57-9b8f4a7ccba2
2019-10-22 00:04:58,717 [grpc-default-executor-8] INFO  impl.RoleInfo (RoleInfo.java:shutdownFollowerState(121)) - fe2f4460-1173-45ac-8f62-3ccbe442b4a3: shutdown FollowerState
2019-10-22 00:04:58,717 [grpc-default-executor-0] INFO  impl.RoleInfo (RoleInfo.java:shutdownFollowerState(121)) - bec42651-2cde-4fcc-b688-684a384bc6fb: shutdown FollowerState
2019-10-22 00:04:58,717 [grpc-default-executor-8] INFO  impl.RoleInfo (RoleInfo.java:updateAndGet(143)) - fe2f4460-1173-45ac-8f62-3ccbe442b4a3: start FollowerState
2019-10-22 00:04:58,717 [Thread-991] INFO  impl.FollowerState (FollowerState.java:run(117)) - fe2f4460-1173-45ac-8f62-3ccbe442b4a3@group-452902F59078-FollowerState was interrupted: java.lang.InterruptedException: sleep interrupted
2019-10-22 00:04:58,717 [grpc-default-executor-0] INFO  impl.RoleInfo (RoleInfo.java:updateAndGet(143)) - bec42651-2cde-4fcc-b688-684a384bc6fb: start FollowerState
2019-10-22 00:04:58,717 [Thread-990] INFO  impl.FollowerState (FollowerState.java:run(117)) - bec42651-2cde-4fcc-b688-684a384bc6fb@group-452902F59078-FollowerState was interrupted: java.lang.InterruptedException: sleep interrupted
2019-10-22 00:04:58,726 [0d315fbd-ade0-427f-8a57-9b8f4a7ccba2@group-452902F59078-LeaderElection64] INFO  impl.LeaderElection (LeaderElection.java:logAndReturn(56)) - 0d315fbd-ade0-427f-8a57-9b8f4a7ccba2@group-452902F59078-LeaderElection64: Election REJECTED; received 2 response(s) [0d315fbd-ade0-427f-8a57-9b8f4a7ccba2<-fe2f4460-1173-45ac-8f62-3ccbe442b4a3#0:FAIL-t58, 0d315fbd-ade0-427f-8a57-9b8f4a7ccba2<-bec42651-2cde-4fcc-b688-684a384bc6fb#0:FAIL-t58] and 0 exception(s); 0d315fbd-ade0-427f-8a57-9b8f4a7ccba2@group-452902F59078:t58, leader=null, voted=0d315fbd-ade0-427f-8a57-9b8f4a7ccba2, raftlog=0d315fbd-ade0-427f-8a57-9b8f4a7ccba2@group-452902F59078-SegmentedRaftLog:OPENED:c3,f4,i4, conf=0: [fe2f4460-1173-45ac-8f62-3ccbe442b4a3:192.168.157.254:43148, bec42651-2cde-4fcc-b688-684a384bc6fb:192.168.157.254:46415, 0d315fbd-ade0-427f-8a57-9b8f4a7ccba2:192.168.157.254:43029], old=null
2019-10-22 00:04:58,726 [0d315fbd-ade0-427f-8a57-9b8f4a7ccba2@group-452902F59078-LeaderElection64] INFO  impl.RaftServerImpl (RaftServerImpl.java:setRole(184)) - 0d315fbd-ade0-427f-8a57-9b8f4a7ccba2@group-452902F59078: changes role from CANDIDATE to FOLLOWER at term 58 for DISCOVERED_A_NEW_TERM
2019-10-22 00:04:58,726 [0d315fbd-ade0-427f-8a57-9b8f4a7ccba2@group-452902F59078-LeaderElection64] INFO  impl.RoleInfo (RoleInfo.java:shutdownLeaderElection(134)) - 0d315fbd-ade0-427f-8a57-9b8f4a7ccba2: shutdown LeaderElection
2019-10-22 00:04:58,726 [0d315fbd-ade0-427f-8a57-9b8f4a7ccba2@group-452902F59078-LeaderElection64] INFO  impl.RoleInfo (RoleInfo.java:updateAndGet(143)) - 0d315fbd-ade0-427f-8a57-9b8f4a7ccba2: start FollowerState
]]></system-out>
    <system-err><![CDATA[ERROR StatusLogger No Log4j 2 configuration file found. Using default configuration (logging only errors to the console), or user programmatically provided configurations. Set system property 'log4j2.debug' to show Log4j 2 internal initialization logging. See https://logging.apache.org/log4j/2.x/manual/configuration.html for instructions on how to configure Log4j 2
Oct 22, 2019 12:03:12 AM org.apache.ratis.thirdparty.io.grpc.internal.SerializingExecutor run
SEVERE: Exception while executing runnable org.apache.ratis.thirdparty.io.grpc.internal.ServerImpl$JumpToApplicationThreadServerStreamListener$1Closed@164502c5
org.apache.ratis.thirdparty.io.grpc.StatusRuntimeException: CANCELLED: call already cancelled
	at org.apache.ratis.thirdparty.io.grpc.Status.asRuntimeException(Status.java:517)
	at org.apache.ratis.thirdparty.io.grpc.stub.ServerCalls$ServerCallStreamObserverImpl.onCompleted(ServerCalls.java:356)
	at org.apache.ratis.grpc.server.GrpcServerProtocolService$ServerRequestStreamObserver.onError(GrpcServerProtocolService.java:121)
	at org.apache.ratis.thirdparty.io.grpc.stub.ServerCalls$StreamingServerCallHandler$StreamingServerCallListener.onCancel(ServerCalls.java:269)
	at org.apache.ratis.thirdparty.io.grpc.internal.ServerCallImpl$ServerStreamListenerImpl.closed(ServerCallImpl.java:293)
	at org.apache.ratis.thirdparty.io.grpc.internal.ServerImpl$JumpToApplicationThreadServerStreamListener$1Closed.runInContext(ServerImpl.java:741)
	at org.apache.ratis.thirdparty.io.grpc.internal.ContextRunnable.run(ContextRunnable.java:37)
	at org.apache.ratis.thirdparty.io.grpc.internal.SerializingExecutor.run(SerializingExecutor.java:123)
	at java.util.concurrent.ThreadPoolExecutor.runWorker(ThreadPoolExecutor.java:1149)
	at java.util.concurrent.ThreadPoolExecutor$Worker.run(ThreadPoolExecutor.java:624)
	at java.lang.Thread.run(Thread.java:748)

Oct 22, 2019 12:03:12 AM org.apache.ratis.thirdparty.io.grpc.internal.SerializingExecutor run
SEVERE: Exception while executing runnable org.apache.ratis.thirdparty.io.grpc.internal.ClientCallImpl$ClientStreamListenerImpl$1StreamClosed@33780a74
java.lang.NullPointerException
	at org.apache.ratis.grpc.server.GrpcLogAppender$AppendLogResponseHandler.onError(GrpcLogAppender.java:303)
	at org.apache.ratis.thirdparty.io.grpc.stub.ClientCalls$StreamObserverToCallListenerAdapter.onClose(ClientCalls.java:434)
	at org.apache.ratis.thirdparty.io.grpc.PartialForwardingClientCallListener.onClose(PartialForwardingClientCallListener.java:39)
	at org.apache.ratis.thirdparty.io.grpc.ForwardingClientCallListener.onClose(ForwardingClientCallListener.java:23)
	at org.apache.ratis.thirdparty.io.grpc.ForwardingClientCallListener$SimpleForwardingClientCallListener.onClose(ForwardingClientCallListener.java:40)
	at org.apache.ratis.thirdparty.io.grpc.internal.CensusStatsModule$StatsClientInterceptor$1$1.onClose(CensusStatsModule.java:678)
	at org.apache.ratis.thirdparty.io.grpc.PartialForwardingClientCallListener.onClose(PartialForwardingClientCallListener.java:39)
	at org.apache.ratis.thirdparty.io.grpc.ForwardingClientCallListener.onClose(ForwardingClientCallListener.java:23)
	at org.apache.ratis.thirdparty.io.grpc.ForwardingClientCallListener$SimpleForwardingClientCallListener.onClose(ForwardingClientCallListener.java:40)
	at org.apache.ratis.thirdparty.io.grpc.internal.CensusTracingModule$TracingClientInterceptor$1$1.onClose(CensusTracingModule.java:397)
	at org.apache.ratis.thirdparty.io.grpc.internal.ClientCallImpl.closeObserver(ClientCallImpl.java:459)
	at org.apache.ratis.thirdparty.io.grpc.internal.ClientCallImpl.access$300(ClientCallImpl.java:63)
	at org.apache.ratis.thirdparty.io.grpc.internal.ClientCallImpl$ClientStreamListenerImpl.close(ClientCallImpl.java:546)
	at org.apache.ratis.thirdparty.io.grpc.internal.ClientCallImpl$ClientStreamListenerImpl.access$600(ClientCallImpl.java:467)
	at org.apache.ratis.thirdparty.io.grpc.internal.ClientCallImpl$ClientStreamListenerImpl$1StreamClosed.runInContext(ClientCallImpl.java:584)
	at org.apache.ratis.thirdparty.io.grpc.internal.ContextRunnable.run(ContextRunnable.java:37)
	at org.apache.ratis.thirdparty.io.grpc.internal.SerializingExecutor.run(SerializingExecutor.java:123)
	at java.util.concurrent.ThreadPoolExecutor.runWorker(ThreadPoolExecutor.java:1149)
	at java.util.concurrent.ThreadPoolExecutor$Worker.run(ThreadPoolExecutor.java:624)
	at java.lang.Thread.run(Thread.java:748)

]]></system-err>
  </testcase>
</testsuite>