<?xml version="1.0" encoding="UTF-8"?>
<testsuite xmlns:xsi="http://www.w3.org/2001/XMLSchema-instance" xsi:noNamespaceSchemaLocation="https://maven.apache.org/surefire/maven-surefire-plugin/xsd/surefire-test-report.xsd" name="org.apache.hadoop.ozone.client.rpc.TestFailureHandlingByClient" time="330.242" tests="5" errors="0" skipped="0" failures="1">
  <properties>
    <property name="awt.toolkit" value="sun.awt.X11.XToolkit"/>
    <property name="file.encoding.pkg" value="sun.io"/>
    <property name="java.specification.version" value="1.8"/>
    <property name="sun.cpu.isalist" value=""/>
    <property name="sun.jnu.encoding" value="ANSI_X3.4-1968"/>
    <property name="java.class.path" value="/workdir/hadoop-ozone/integration-test/target/test-classes:/workdir/hadoop-ozone/integration-test/target/classes:/home/user/.m2/repository/org/apache/hadoop/hadoop-ozone-common/0.5.0-SNAPSHOT/hadoop-ozone-common-0.5.0-SNAPSHOT.jar:/home/user/.m2/repository/org/apache/commons/commons-compress/1.4.1/commons-compress-1.4.1.jar:/home/user/.m2/repository/org/tukaani/xz/1.0/xz-1.0.jar:/home/user/.m2/repository/org/apache/hadoop/hadoop-common/3.2.0/hadoop-common-3.2.0.jar:/home/user/.m2/repository/org/apache/hadoop/hadoop-hdfs/3.2.0/hadoop-hdfs-3.2.0.jar:/home/user/.m2/repository/org/apache/hadoop/hadoop-hdfs-client/3.2.0/hadoop-hdfs-client-3.2.0.jar:/home/user/.m2/repository/com/fasterxml/jackson/core/jackson-annotations/2.9.9/jackson-annotations-2.9.9.jar:/home/user/.m2/repository/org/apache/hadoop/hadoop-hdds-common/0.5.0-SNAPSHOT/hadoop-hdds-common-0.5.0-SNAPSHOT.jar:/home/user/.m2/repository/javax/annotation/javax.annotation-api/1.2/javax.annotation-api-1.2.jar:/home/user/.m2/repository/org/apache/ratis/ratis-server/0.5.0-3f446aa-SNAPSHOT/ratis-server-0.5.0-3f446aa-SNAPSHOT.jar:/home/user/.m2/repository/org/apache/ratis/ratis-thirdparty-misc/0.2.0/ratis-thirdparty-misc-0.2.0.jar:/home/user/.m2/repository/org/apache/ratis/ratis-proto/0.5.0-3f446aa-SNAPSHOT/ratis-proto-0.5.0-3f446aa-SNAPSHOT.jar:/home/user/.m2/repository/org/apache/ratis/ratis-common/0.5.0-3f446aa-SNAPSHOT/ratis-common-0.5.0-3f446aa-SNAPSHOT.jar:/home/user/.m2/repository/org/apache/ratis/ratis-client/0.5.0-3f446aa-SNAPSHOT/ratis-client-0.5.0-3f446aa-SNAPSHOT.jar:/home/user/.m2/repository/org/apache/ratis/ratis-metrics/0.5.0-3f446aa-SNAPSHOT/ratis-metrics-0.5.0-3f446aa-SNAPSHOT.jar:/home/user/.m2/repository/com/github/joshelser/dropwizard-metrics-hadoop-metrics2-reporter/0.1.2/dropwizard-metrics-hadoop-metrics2-reporter-0.1.2.jar:/home/user/.m2/repository/io/dropwizard/metrics/metrics-jvm/3.2.5/metrics-jvm-3.2.5.jar:/home/user/.m2/repository/io/dropwizard/metrics/metrics-ganglia/3.2.5/metrics-ganglia-3.2.5.jar:/home/user/.m2/repository/info/ganglia/gmetric4j/gmetric4j/1.0.7/gmetric4j-1.0.7.jar:/home/user/.m2/repository/org/apache/ratis/ratis-netty/0.5.0-3f446aa-SNAPSHOT/ratis-netty-0.5.0-3f446aa-SNAPSHOT.jar:/home/user/.m2/repository/org/apache/ratis/ratis-grpc/0.5.0-3f446aa-SNAPSHOT/ratis-grpc-0.5.0-3f446aa-SNAPSHOT.jar:/home/user/.m2/repository/org/rocksdb/rocksdbjni/6.0.1/rocksdbjni-6.0.1.jar:/home/user/.m2/repository/org/apache/logging/log4j/log4j-api/2.11.0/log4j-api-2.11.0.jar:/home/user/.m2/repository/org/apache/logging/log4j/log4j-core/2.11.0/log4j-core-2.11.0.jar:/home/user/.m2/repository/com/lmax/disruptor/3.4.2/disruptor-3.4.2.jar:/home/user/.m2/repository/org/apache/commons/commons-pool2/2.6.0/commons-pool2-2.6.0.jar:/home/user/.m2/repository/org/bouncycastle/bcpkix-jdk15on/1.60/bcpkix-jdk15on-1.60.jar:/home/user/.m2/repository/commons-validator/commons-validator/1.6/commons-validator-1.6.jar:/home/user/.m2/repository/commons-digester/commons-digester/1.8.1/commons-digester-1.8.1.jar:/home/user/.m2/repository/io/jaegertracing/jaeger-client/0.34.0/jaeger-client-0.34.0.jar:/home/user/.m2/repository/io/jaegertracing/jaeger-thrift/0.34.0/jaeger-thrift-0.34.0.jar:/home/user/.m2/repository/org/apache/thrift/libthrift/0.12.0/libthrift-0.12.0.jar:/home/user/.m2/repository/com/squareup/okhttp3/okhttp/3.9.0/okhttp-3.9.0.jar:/home/user/.m2/repository/com/squareup/okio/okio/1.13.0/okio-1.13.0.jar:/home/user/.m2/repository/io/jaegertracing/jaeger-core/0.34.0/jaeger-core-0.34.0.jar:/home/user/.m2/repository/io/jaegertracing/jaeger-tracerresolver/0.34.0/jaeger-tracerresolver-0.34.0.jar:/home/user/.m2/repository/io/opentracing/contrib/opentracing-tracerresolver/0.1.5/opentracing-tracerresolver-0.1.5.jar:/home/user/.m2/repository/io/opentracing/opentracing-util/0.31.0/opentracing-util-0.31.0.jar:/home/user/.m2/repository/io/opentracing/opentracing-api/0.31.0/opentracing-api-0.31.0.jar:/home/user/.m2/repository/io/opentracing/opentracing-noop/0.31.0/opentracing-noop-0.31.0.jar:/home/user/.m2/repository/org/apache/hadoop/hadoop-hdds-server-framework/0.5.0-SNAPSHOT/hadoop-hdds-server-framework-0.5.0-SNAPSHOT.jar:/home/user/.m2/repository/org/apache/hadoop/hadoop-hdds-container-service/0.5.0-SNAPSHOT/hadoop-hdds-container-service-0.5.0-SNAPSHOT.jar:/home/user/.m2/repository/org/apache/hadoop/hadoop-hdds-client/0.5.0-SNAPSHOT/hadoop-hdds-client-0.5.0-SNAPSHOT.jar:/home/user/.m2/repository/org/apache/hadoop/hadoop-hdds-tools/0.5.0-SNAPSHOT/hadoop-hdds-tools-0.5.0-SNAPSHOT.jar:/home/user/.m2/repository/org/apache/hadoop/hadoop-hdds-server-scm/0.5.0-SNAPSHOT/hadoop-hdds-server-scm-0.5.0-SNAPSHOT.jar:/home/user/.m2/repository/org/apache/hadoop/hadoop-hdds-docs/0.5.0-SNAPSHOT/hadoop-hdds-docs-0.5.0-SNAPSHOT.jar:/home/user/.m2/repository/io/dropwizard/metrics/metrics-core/3.2.4/metrics-core-3.2.4.jar:/home/user/.m2/repository/org/hamcrest/hamcrest-all/1.3/hamcrest-all-1.3.jar:/home/user/.m2/repository/org/bouncycastle/bcprov-jdk15on/1.60/bcprov-jdk15on-1.60.jar:/home/user/.m2/repository/info/picocli/picocli/3.9.6/picocli-3.9.6.jar:/home/user/.m2/repository/com/google/protobuf/protobuf-java/2.5.0/protobuf-java-2.5.0.jar:/home/user/.m2/repository/com/google/guava/guava/11.0.2/guava-11.0.2.jar:/home/user/.m2/repository/org/apache/hadoop/hadoop-ozone-ozone-manager/0.5.0-SNAPSHOT/hadoop-ozone-ozone-manager-0.5.0-SNAPSHOT.jar:/home/user/.m2/repository/org/apache/hadoop/hadoop-minikdc/3.2.0/hadoop-minikdc-3.2.0.jar:/home/user/.m2/repository/commons-io/commons-io/2.5/commons-io-2.5.jar:/home/user/.m2/repository/org/apache/kerby/kerb-simplekdc/1.0.1/kerb-simplekdc-1.0.1.jar:/home/user/.m2/repository/org/apache/kerby/kerb-client/1.0.1/kerb-client-1.0.1.jar:/home/user/.m2/repository/org/apache/kerby/kerby-config/1.0.1/kerby-config-1.0.1.jar:/home/user/.m2/repository/org/apache/kerby/kerb-core/1.0.1/kerb-core-1.0.1.jar:/home/user/.m2/repository/org/apache/kerby/kerby-pkix/1.0.1/kerby-pkix-1.0.1.jar:/home/user/.m2/repository/org/apache/kerby/kerby-asn1/1.0.1/kerby-asn1-1.0.1.jar:/home/user/.m2/repository/org/apache/kerby/kerby-util/1.0.1/kerby-util-1.0.1.jar:/home/user/.m2/repository/org/apache/kerby/kerb-common/1.0.1/kerb-common-1.0.1.jar:/home/user/.m2/repository/org/apache/kerby/kerb-crypto/1.0.1/kerb-crypto-1.0.1.jar:/home/user/.m2/repository/org/apache/kerby/kerb-util/1.0.1/kerb-util-1.0.1.jar:/home/user/.m2/repository/org/apache/kerby/token-provider/1.0.1/token-provider-1.0.1.jar:/home/user/.m2/repository/org/apache/kerby/kerb-admin/1.0.1/kerb-admin-1.0.1.jar:/home/user/.m2/repository/org/apache/kerby/kerb-server/1.0.1/kerb-server-1.0.1.jar:/home/user/.m2/repository/org/apache/kerby/kerb-identity/1.0.1/kerb-identity-1.0.1.jar:/home/user/.m2/repository/org/apache/kerby/kerby-xdr/1.0.1/kerby-xdr-1.0.1.jar:/home/user/.m2/repository/org/slf4j/slf4j-log4j12/1.7.25/slf4j-log4j12-1.7.25.jar:/home/user/.m2/repository/org/apache/hadoop/hadoop-ozone-s3gateway/0.5.0-SNAPSHOT/hadoop-ozone-s3gateway-0.5.0-SNAPSHOT.jar:/home/user/.m2/repository/org/jboss/weld/servlet/weld-servlet/2.4.7.Final/weld-servlet-2.4.7.Final.jar:/home/user/.m2/repository/org/glassfish/jersey/containers/jersey-container-servlet-core/2.27/jersey-container-servlet-core-2.27.jar:/home/user/.m2/repository/org/glassfish/hk2/external/javax.inject/2.5.0-b42/javax.inject-2.5.0-b42.jar:/home/user/.m2/repository/org/glassfish/jersey/core/jersey-common/2.27/jersey-common-2.27.jar:/home/user/.m2/repository/org/glassfish/hk2/osgi-resource-locator/1.0.1/osgi-resource-locator-1.0.1.jar:/home/user/.m2/repository/javax/ws/rs/javax.ws.rs-api/2.1/javax.ws.rs-api-2.1.jar:/home/user/.m2/repository/org/glassfish/jersey/ext/cdi/jersey-cdi1x/2.27/jersey-cdi1x-2.27.jar:/home/user/.m2/repository/org/glassfish/jersey/inject/jersey-hk2/2.27/jersey-hk2-2.27.jar:/home/user/.m2/repository/org/glassfish/hk2/hk2-locator/2.5.0-b42/hk2-locator-2.5.0-b42.jar:/home/user/.m2/repository/org/javassist/javassist/3.22.0-CR2/javassist-3.22.0-CR2.jar:/home/user/.m2/repository/org/glassfish/hk2/hk2-api/2.5.0/hk2-api-2.5.0.jar:/home/user/.m2/repository/org/glassfish/hk2/external/jakarta.inject/2.5.0/jakarta.inject-2.5.0.jar:/home/user/.m2/repository/org/glassfish/hk2/hk2-utils/2.5.0/hk2-utils-2.5.0.jar:/home/user/.m2/repository/jakarta/annotation/jakarta.annotation-api/1.3.4/jakarta.annotation-api-1.3.4.jar:/home/user/.m2/repository/org/glassfish/hk2/external/aopalliance-repackaged/2.5.0/aopalliance-repackaged-2.5.0.jar:/home/user/.m2/repository/com/fasterxml/jackson/dataformat/jackson-dataformat-xml/2.9.0/jackson-dataformat-xml-2.9.0.jar:/home/user/.m2/repository/com/fasterxml/jackson/core/jackson-core/2.9.9/jackson-core-2.9.9.jar:/home/user/.m2/repository/com/fasterxml/jackson/module/jackson-module-jaxb-annotations/2.9.9/jackson-module-jaxb-annotations-2.9.9.jar:/home/user/.m2/repository/javax/enterprise/cdi-api/1.2/cdi-api-1.2.jar:/home/user/.m2/repository/javax/el/javax.el-api/3.0.0/javax.el-api-3.0.0.jar:/home/user/.m2/repository/javax/interceptor/javax.interceptor-api/1.2/javax.interceptor-api-1.2.jar:/home/user/.m2/repository/javax/inject/javax.inject/1/javax.inject-1.jar:/home/user/.m2/repository/com/sun/xml/bind/jaxb-impl/2.3.0.1/jaxb-impl-2.3.0.1.jar:/home/user/.m2/repository/com/sun/xml/bind/jaxb-core/2.3.0.1/jaxb-core-2.3.0.1.jar:/home/user/.m2/repository/javax/xml/bind/jaxb-api/2.3.0/jaxb-api-2.3.0.jar:/home/user/.m2/repository/javax/activation/activation/1.1.1/activation-1.1.1.jar:/home/user/.m2/repository/org/apache/hadoop/hadoop-ozone-csi/0.5.0-SNAPSHOT/hadoop-ozone-csi-0.5.0-SNAPSHOT.jar:/home/user/.m2/repository/com/google/protobuf/protobuf-java-util/3.5.1/protobuf-java-util-3.5.1.jar:/home/user/.m2/repository/org/apache/hadoop/hadoop-hdds-config/0.5.0-SNAPSHOT/hadoop-hdds-config-0.5.0-SNAPSHOT.jar:/home/user/.m2/repository/io/grpc/grpc-netty/1.17.1/grpc-netty-1.17.1.jar:/home/user/.m2/repository/io/grpc/grpc-core/1.17.1/grpc-core-1.17.1.jar:/home/user/.m2/repository/io/grpc/grpc-context/1.17.1/grpc-context-1.17.1.jar:/home/user/.m2/repository/com/google/errorprone/error_prone_annotations/2.2.0/error_prone_annotations-2.2.0.jar:/home/user/.m2/repository/org/codehaus/mojo/animal-sniffer-annotations/1.17/animal-sniffer-annotations-1.17.jar:/home/user/.m2/repository/io/opencensus/opencensus-api/0.17.0/opencensus-api-0.17.0.jar:/home/user/.m2/repository/io/opencensus/opencensus-contrib-grpc-metrics/0.17.0/opencensus-contrib-grpc-metrics-0.17.0.jar:/home/user/.m2/repository/io/netty/netty-codec-http2/4.1.30.Final/netty-codec-http2-4.1.30.Final.jar:/home/user/.m2/repository/io/netty/netty-codec-http/4.1.30.Final/netty-codec-http-4.1.30.Final.jar:/home/user/.m2/repository/io/netty/netty-codec/4.1.30.Final/netty-codec-4.1.30.Final.jar:/home/user/.m2/repository/io/netty/netty-handler/4.1.30.Final/netty-handler-4.1.30.Final.jar:/home/user/.m2/repository/io/netty/netty-handler-proxy/4.1.30.Final/netty-handler-proxy-4.1.30.Final.jar:/home/user/.m2/repository/io/netty/netty-codec-socks/4.1.30.Final/netty-codec-socks-4.1.30.Final.jar:/home/user/.m2/repository/io/netty/netty-transport-native-epoll/4.1.30.Final/netty-transport-native-epoll-4.1.30.Final.jar:/home/user/.m2/repository/io/netty/netty-common/4.1.30.Final/netty-common-4.1.30.Final.jar:/home/user/.m2/repository/io/netty/netty-buffer/4.1.30.Final/netty-buffer-4.1.30.Final.jar:/home/user/.m2/repository/io/netty/netty-transport/4.1.30.Final/netty-transport-4.1.30.Final.jar:/home/user/.m2/repository/io/netty/netty-resolver/4.1.30.Final/netty-resolver-4.1.30.Final.jar:/home/user/.m2/repository/io/netty/netty-transport-native-unix-common/4.1.30.Final/netty-transport-native-unix-common-4.1.30.Final.jar:/home/user/.m2/repository/io/grpc/grpc-protobuf/1.17.1/grpc-protobuf-1.17.1.jar:/home/user/.m2/repository/com/google/api/grpc/proto-google-common-protos/1.0.0/proto-google-common-protos-1.0.0.jar:/home/user/.m2/repository/io/grpc/grpc-protobuf-lite/1.17.1/grpc-protobuf-lite-1.17.1.jar:/home/user/.m2/repository/io/grpc/grpc-stub/1.17.1/grpc-stub-1.17.1.jar:/home/user/.m2/repository/org/apache/hadoop/hadoop-ozone-recon/0.5.0-SNAPSHOT/hadoop-ozone-recon-0.5.0-SNAPSHOT.jar:/home/user/.m2/repository/org/apache/hadoop/hadoop-ozone-reconcodegen/0.5.0-SNAPSHOT/hadoop-ozone-reconcodegen-0.5.0-SNAPSHOT.jar:/home/user/.m2/repository/com/google/inject/extensions/guice-multibindings/4.0/guice-multibindings-4.0.jar:/home/user/.m2/repository/com/google/inject/guice/4.0/guice-4.0.jar:/home/user/.m2/repository/aopalliance/aopalliance/1.0/aopalliance-1.0.jar:/home/user/.m2/repository/com/google/inject/extensions/guice-servlet/4.0/guice-servlet-4.0.jar:/home/user/.m2/repository/org/glassfish/jersey/containers/jersey-container-servlet/2.27/jersey-container-servlet-2.27.jar:/home/user/.m2/repository/org/glassfish/hk2/guice-bridge/2.5.0/guice-bridge-2.5.0.jar:/home/user/.m2/repository/org/glassfish/jersey/core/jersey-server/2.27/jersey-server-2.27.jar:/home/user/.m2/repository/org/glassfish/jersey/core/jersey-client/2.27/jersey-client-2.27.jar:/home/user/.m2/repository/org/glassfish/jersey/media/jersey-media-jaxb/2.27/jersey-media-jaxb-2.27.jar:/home/user/.m2/repository/javax/validation/validation-api/1.1.0.Final/validation-api-1.1.0.Final.jar:/home/user/.m2/repository/org/glassfish/jersey/media/jersey-media-json-jackson/2.27/jersey-media-json-jackson-2.27.jar:/home/user/.m2/repository/org/glassfish/jersey/ext/jersey-entity-filtering/2.27/jersey-entity-filtering-2.27.jar:/home/user/.m2/repository/com/google/inject/extensions/guice-assistedinject/4.0/guice-assistedinject-4.0.jar:/home/user/.m2/repository/org/jooq/jooq/3.11.10/jooq-3.11.10.jar:/home/user/.m2/repository/org/jooq/jooq-meta/3.11.10/jooq-meta-3.11.10.jar:/home/user/.m2/repository/org/jooq/jooq-codegen/3.11.10/jooq-codegen-3.11.10.jar:/home/user/.m2/repository/com/jolbox/bonecp/0.8.0.RELEASE/bonecp-0.8.0.RELEASE.jar:/home/user/.m2/repository/org/xerial/sqlite-jdbc/3.25.2/sqlite-jdbc-3.25.2.jar:/home/user/.m2/repository/org/springframework/spring-jdbc/5.1.3.RELEASE/spring-jdbc-5.1.3.RELEASE.jar:/home/user/.m2/repository/org/springframework/spring-beans/5.1.3.RELEASE/spring-beans-5.1.3.RELEASE.jar:/home/user/.m2/repository/org/springframework/spring-core/5.1.3.RELEASE/spring-core-5.1.3.RELEASE.jar:/home/user/.m2/repository/org/springframework/spring-jcl/5.1.3.RELEASE/spring-jcl-5.1.3.RELEASE.jar:/home/user/.m2/repository/org/springframework/spring-tx/5.1.3.RELEASE/spring-tx-5.1.3.RELEASE.jar:/home/user/.m2/repository/org/apache/hadoop/hadoop-ozone-client/0.5.0-SNAPSHOT/hadoop-ozone-client-0.5.0-SNAPSHOT.jar:/home/user/.m2/repository/commons-lang/commons-lang/2.6/commons-lang-2.6.jar:/home/user/.m2/repository/org/apache/hadoop/hadoop-ozone-ozone-manager/0.5.0-SNAPSHOT/hadoop-ozone-ozone-manager-0.5.0-SNAPSHOT-tests.jar:/home/user/.m2/repository/junit/junit/4.11/junit-4.11.jar:/home/user/.m2/repository/org/hamcrest/hamcrest-core/1.3/hamcrest-core-1.3.jar:/home/user/.m2/repository/org/openjdk/jmh/jmh-core/1.19/jmh-core-1.19.jar:/home/user/.m2/repository/net/sf/jopt-simple/jopt-simple/4.6/jopt-simple-4.6.jar:/home/user/.m2/repository/org/apache/commons/commons-math3/3.1.1/commons-math3-3.1.1.jar:/home/user/.m2/repository/org/openjdk/jmh/jmh-generator-annprocess/1.19/jmh-generator-annprocess-1.19.jar:/home/user/.m2/repository/org/mockito/mockito-all/1.8.5/mockito-all-1.8.5.jar:/home/user/.m2/repository/org/apache/hadoop/hadoop-kms/3.2.0/hadoop-kms-3.2.0.jar:/home/user/.m2/repository/org/apache/hadoop/hadoop-auth/3.2.0/hadoop-auth-3.2.0.jar:/home/user/.m2/repository/com/nimbusds/nimbus-jose-jwt/4.41.1/nimbus-jose-jwt-4.41.1.jar:/home/user/.m2/repository/com/github/stephenc/jcip/jcip-annotations/1.0-1/jcip-annotations-1.0-1.jar:/home/user/.m2/repository/net/minidev/json-smart/2.3/json-smart-2.3.jar:/home/user/.m2/repository/net/minidev/accessors-smart/1.2/accessors-smart-1.2.jar:/home/user/.m2/repository/org/ow2/asm/asm/5.0.4/asm-5.0.4.jar:/home/user/.m2/repository/org/apache/curator/curator-framework/2.12.0/curator-framework-2.12.0.jar:/home/user/.m2/repository/com/sun/jersey/jersey-core/1.19/jersey-core-1.19.jar:/home/user/.m2/repository/javax/ws/rs/jsr311-api/1.1.1/jsr311-api-1.1.1.jar:/home/user/.m2/repository/com/sun/jersey/jersey-server/1.19/jersey-server-1.19.jar:/home/user/.m2/repository/javax/servlet/javax.servlet-api/3.1.0/javax.servlet-api-3.1.0.jar:/home/user/.m2/repository/org/eclipse/jetty/jetty-server/9.3.25.v20180904/jetty-server-9.3.25.v20180904.jar:/home/user/.m2/repository/org/eclipse/jetty/jetty-http/9.3.25.v20180904/jetty-http-9.3.25.v20180904.jar:/home/user/.m2/repository/org/eclipse/jetty/jetty-io/9.3.25.v20180904/jetty-io-9.3.25.v20180904.jar:/home/user/.m2/repository/org/eclipse/jetty/jetty-webapp/9.3.25.v20180904/jetty-webapp-9.3.25.v20180904.jar:/home/user/.m2/repository/org/eclipse/jetty/jetty-xml/9.3.25.v20180904/jetty-xml-9.3.25.v20180904.jar:/home/user/.m2/repository/log4j/log4j/1.2.17/log4j-1.2.17.jar:/home/user/.m2/repository/org/slf4j/slf4j-api/1.7.25/slf4j-api-1.7.25.jar:/home/user/.m2/repository/org/slf4j/jul-to-slf4j/1.7.25/jul-to-slf4j-1.7.25.jar:/home/user/.m2/repository/org/eclipse/jetty/jetty-util/9.3.25.v20180904/jetty-util-9.3.25.v20180904.jar:/home/user/.m2/repository/com/fasterxml/jackson/core/jackson-databind/2.9.9/jackson-databind-2.9.9.jar:/home/user/.m2/repository/org/apache/hadoop/hadoop-kms/3.2.0/hadoop-kms-3.2.0-tests.jar:/home/user/.m2/repository/org/apache/hadoop/hadoop-hdds-server-scm/0.5.0-SNAPSHOT/hadoop-hdds-server-scm-0.5.0-SNAPSHOT-tests.jar:/home/user/.m2/repository/org/apache/hadoop/hadoop-hdds-container-service/0.5.0-SNAPSHOT/hadoop-hdds-container-service-0.5.0-SNAPSHOT-tests.jar:/home/user/.m2/repository/org/yaml/snakeyaml/1.16/snakeyaml-1.16.jar:/home/user/.m2/repository/org/apache/hadoop/hadoop-common/3.2.0/hadoop-common-3.2.0-tests.jar:/home/user/.m2/repository/org/apache/hadoop/hadoop-annotations/3.2.0/hadoop-annotations-3.2.0.jar:/usr/lib/jvm/java-1.8.0-openjdk-1.8.0.222.b10-1.el7_7.x86_64/jre/../lib/tools.jar:/home/user/.m2/repository/commons-cli/commons-cli/1.2/commons-cli-1.2.jar:/home/user/.m2/repository/org/apache/httpcomponents/httpclient/4.5.2/httpclient-4.5.2.jar:/home/user/.m2/repository/org/apache/httpcomponents/httpcore/4.4.4/httpcore-4.4.4.jar:/home/user/.m2/repository/commons-codec/commons-codec/1.11/commons-codec-1.11.jar:/home/user/.m2/repository/commons-net/commons-net/3.6/commons-net-3.6.jar:/home/user/.m2/repository/commons-collections/commons-collections/3.2.2/commons-collections-3.2.2.jar:/home/user/.m2/repository/org/eclipse/jetty/jetty-servlet/9.3.25.v20180904/jetty-servlet-9.3.25.v20180904.jar:/home/user/.m2/repository/org/eclipse/jetty/jetty-security/9.3.25.v20180904/jetty-security-9.3.25.v20180904.jar:/home/user/.m2/repository/javax/servlet/jsp/jsp-api/2.1/jsp-api-2.1.jar:/home/user/.m2/repository/com/sun/jersey/jersey-servlet/1.19/jersey-servlet-1.19.jar:/home/user/.m2/repository/com/sun/jersey/jersey-json/1.19/jersey-json-1.19.jar:/home/user/.m2/repository/org/codehaus/jettison/jettison/1.1/jettison-1.1.jar:/home/user/.m2/repository/org/codehaus/jackson/jackson-core-asl/1.9.13/jackson-core-asl-1.9.13.jar:/home/user/.m2/repository/org/codehaus/jackson/jackson-mapper-asl/1.9.13/jackson-mapper-asl-1.9.13.jar:/home/user/.m2/repository/org/codehaus/jackson/jackson-jaxrs/1.9.13/jackson-jaxrs-1.9.13.jar:/home/user/.m2/repository/org/codehaus/jackson/jackson-xc/1.9.13/jackson-xc-1.9.13.jar:/home/user/.m2/repository/commons-logging/commons-logging/1.1.3/commons-logging-1.1.3.jar:/home/user/.m2/repository/commons-beanutils/commons-beanutils/1.9.4/commons-beanutils-1.9.4.jar:/home/user/.m2/repository/org/apache/commons/commons-configuration2/2.1.1/commons-configuration2-2.1.1.jar:/home/user/.m2/repository/org/apache/commons/commons-lang3/3.7/commons-lang3-3.7.jar:/home/user/.m2/repository/org/apache/commons/commons-text/1.4/commons-text-1.4.jar:/home/user/.m2/repository/org/apache/avro/avro/1.7.7/avro-1.7.7.jar:/home/user/.m2/repository/com/thoughtworks/paranamer/paranamer/2.3/paranamer-2.3.jar:/home/user/.m2/repository/org/xerial/snappy/snappy-java/1.0.5/snappy-java-1.0.5.jar:/home/user/.m2/repository/com/google/re2j/re2j/1.1/re2j-1.1.jar:/home/user/.m2/repository/com/google/code/gson/gson/2.2.4/gson-2.2.4.jar:/home/user/.m2/repository/com/jcraft/jsch/0.1.54/jsch-0.1.54.jar:/home/user/.m2/repository/org/apache/curator/curator-client/2.12.0/curator-client-2.12.0.jar:/home/user/.m2/repository/org/apache/curator/curator-recipes/2.12.0/curator-recipes-2.12.0.jar:/home/user/.m2/repository/com/google/code/findbugs/jsr305/3.0.0/jsr305-3.0.0.jar:/home/user/.m2/repository/org/apache/htrace/htrace-core4/4.1.0-incubating/htrace-core4-4.1.0-incubating.jar:/home/user/.m2/repository/org/apache/zookeeper/zookeeper/3.4.13/zookeeper-3.4.13.jar:/home/user/.m2/repository/jline/jline/0.9.94/jline-0.9.94.jar:/home/user/.m2/repository/org/apache/yetus/audience-annotations/0.5.0/audience-annotations-0.5.0.jar:/home/user/.m2/repository/org/codehaus/woodstox/stax2-api/3.1.4/stax2-api-3.1.4.jar:/home/user/.m2/repository/com/fasterxml/woodstox/woodstox-core/5.0.3/woodstox-core-5.0.3.jar:/home/user/.m2/repository/dnsjava/dnsjava/2.1.7/dnsjava-2.1.7.jar:/home/user/.m2/repository/org/apache/hadoop/hadoop-hdfs/3.2.0/hadoop-hdfs-3.2.0-tests.jar:/home/user/.m2/repository/org/eclipse/jetty/jetty-util-ajax/9.3.25.v20180904/jetty-util-ajax-9.3.25.v20180904.jar:/home/user/.m2/repository/commons-daemon/commons-daemon/1.0.13/commons-daemon-1.0.13.jar:/home/user/.m2/repository/io/netty/netty/3.10.5.Final/netty-3.10.5.Final.jar:/home/user/.m2/repository/io/netty/netty-all/4.0.52.Final/netty-all-4.0.52.Final.jar:/home/user/.m2/repository/org/fusesource/leveldbjni/leveldbjni-all/1.8/leveldbjni-all-1.8.jar:"/>
    <property name="java.vm.vendor" value="Oracle Corporation"/>
    <property name="sun.arch.data.model" value="64"/>
    <property name="test.build.dir" value="/workdir/hadoop-ozone/integration-test/target/test-dir"/>
    <property name="test.cache.data" value=""/>
    <property name="java.vendor.url" value="http://java.oracle.com/"/>
    <property name="user.timezone" value=""/>
    <property name="java.vm.specification.version" value="1.8"/>
    <property name="os.name" value="Linux"/>
    <property name="test.build.data" value="/workdir/hadoop-ozone/integration-test/target/test-dir"/>
    <property name="user.country" value="US"/>
    <property name="sun.java.launcher" value="SUN_STANDARD"/>
    <property name="sun.boot.library.path" value="/usr/lib/jvm/java-1.8.0-openjdk-1.8.0.222.b10-1.el7_7.x86_64/jre/lib/amd64"/>
    <property name="sun.java.command" value="/workdir/hadoop-ozone/integration-test/target/surefire/surefirebooter6066744112512873862.jar /workdir/hadoop-ozone/integration-test/target/surefire 2019-10-21T23-37-56_373-jvmRun1 surefire9121752668666167871tmp surefire_3521797982731913253tmp"/>
    <property name="surefire.test.class.path" value="/workdir/hadoop-ozone/integration-test/target/test-classes:/workdir/hadoop-ozone/integration-test/target/classes:/home/user/.m2/repository/org/apache/hadoop/hadoop-ozone-common/0.5.0-SNAPSHOT/hadoop-ozone-common-0.5.0-SNAPSHOT.jar:/home/user/.m2/repository/org/apache/commons/commons-compress/1.4.1/commons-compress-1.4.1.jar:/home/user/.m2/repository/org/tukaani/xz/1.0/xz-1.0.jar:/home/user/.m2/repository/org/apache/hadoop/hadoop-common/3.2.0/hadoop-common-3.2.0.jar:/home/user/.m2/repository/org/apache/hadoop/hadoop-hdfs/3.2.0/hadoop-hdfs-3.2.0.jar:/home/user/.m2/repository/org/apache/hadoop/hadoop-hdfs-client/3.2.0/hadoop-hdfs-client-3.2.0.jar:/home/user/.m2/repository/com/fasterxml/jackson/core/jackson-annotations/2.9.9/jackson-annotations-2.9.9.jar:/home/user/.m2/repository/org/apache/hadoop/hadoop-hdds-common/0.5.0-SNAPSHOT/hadoop-hdds-common-0.5.0-SNAPSHOT.jar:/home/user/.m2/repository/javax/annotation/javax.annotation-api/1.2/javax.annotation-api-1.2.jar:/home/user/.m2/repository/org/apache/ratis/ratis-server/0.5.0-3f446aa-SNAPSHOT/ratis-server-0.5.0-3f446aa-SNAPSHOT.jar:/home/user/.m2/repository/org/apache/ratis/ratis-thirdparty-misc/0.2.0/ratis-thirdparty-misc-0.2.0.jar:/home/user/.m2/repository/org/apache/ratis/ratis-proto/0.5.0-3f446aa-SNAPSHOT/ratis-proto-0.5.0-3f446aa-SNAPSHOT.jar:/home/user/.m2/repository/org/apache/ratis/ratis-common/0.5.0-3f446aa-SNAPSHOT/ratis-common-0.5.0-3f446aa-SNAPSHOT.jar:/home/user/.m2/repository/org/apache/ratis/ratis-client/0.5.0-3f446aa-SNAPSHOT/ratis-client-0.5.0-3f446aa-SNAPSHOT.jar:/home/user/.m2/repository/org/apache/ratis/ratis-metrics/0.5.0-3f446aa-SNAPSHOT/ratis-metrics-0.5.0-3f446aa-SNAPSHOT.jar:/home/user/.m2/repository/com/github/joshelser/dropwizard-metrics-hadoop-metrics2-reporter/0.1.2/dropwizard-metrics-hadoop-metrics2-reporter-0.1.2.jar:/home/user/.m2/repository/io/dropwizard/metrics/metrics-jvm/3.2.5/metrics-jvm-3.2.5.jar:/home/user/.m2/repository/io/dropwizard/metrics/metrics-ganglia/3.2.5/metrics-ganglia-3.2.5.jar:/home/user/.m2/repository/info/ganglia/gmetric4j/gmetric4j/1.0.7/gmetric4j-1.0.7.jar:/home/user/.m2/repository/org/apache/ratis/ratis-netty/0.5.0-3f446aa-SNAPSHOT/ratis-netty-0.5.0-3f446aa-SNAPSHOT.jar:/home/user/.m2/repository/org/apache/ratis/ratis-grpc/0.5.0-3f446aa-SNAPSHOT/ratis-grpc-0.5.0-3f446aa-SNAPSHOT.jar:/home/user/.m2/repository/org/rocksdb/rocksdbjni/6.0.1/rocksdbjni-6.0.1.jar:/home/user/.m2/repository/org/apache/logging/log4j/log4j-api/2.11.0/log4j-api-2.11.0.jar:/home/user/.m2/repository/org/apache/logging/log4j/log4j-core/2.11.0/log4j-core-2.11.0.jar:/home/user/.m2/repository/com/lmax/disruptor/3.4.2/disruptor-3.4.2.jar:/home/user/.m2/repository/org/apache/commons/commons-pool2/2.6.0/commons-pool2-2.6.0.jar:/home/user/.m2/repository/org/bouncycastle/bcpkix-jdk15on/1.60/bcpkix-jdk15on-1.60.jar:/home/user/.m2/repository/commons-validator/commons-validator/1.6/commons-validator-1.6.jar:/home/user/.m2/repository/commons-digester/commons-digester/1.8.1/commons-digester-1.8.1.jar:/home/user/.m2/repository/io/jaegertracing/jaeger-client/0.34.0/jaeger-client-0.34.0.jar:/home/user/.m2/repository/io/jaegertracing/jaeger-thrift/0.34.0/jaeger-thrift-0.34.0.jar:/home/user/.m2/repository/org/apache/thrift/libthrift/0.12.0/libthrift-0.12.0.jar:/home/user/.m2/repository/com/squareup/okhttp3/okhttp/3.9.0/okhttp-3.9.0.jar:/home/user/.m2/repository/com/squareup/okio/okio/1.13.0/okio-1.13.0.jar:/home/user/.m2/repository/io/jaegertracing/jaeger-core/0.34.0/jaeger-core-0.34.0.jar:/home/user/.m2/repository/io/jaegertracing/jaeger-tracerresolver/0.34.0/jaeger-tracerresolver-0.34.0.jar:/home/user/.m2/repository/io/opentracing/contrib/opentracing-tracerresolver/0.1.5/opentracing-tracerresolver-0.1.5.jar:/home/user/.m2/repository/io/opentracing/opentracing-util/0.31.0/opentracing-util-0.31.0.jar:/home/user/.m2/repository/io/opentracing/opentracing-api/0.31.0/opentracing-api-0.31.0.jar:/home/user/.m2/repository/io/opentracing/opentracing-noop/0.31.0/opentracing-noop-0.31.0.jar:/home/user/.m2/repository/org/apache/hadoop/hadoop-hdds-server-framework/0.5.0-SNAPSHOT/hadoop-hdds-server-framework-0.5.0-SNAPSHOT.jar:/home/user/.m2/repository/org/apache/hadoop/hadoop-hdds-container-service/0.5.0-SNAPSHOT/hadoop-hdds-container-service-0.5.0-SNAPSHOT.jar:/home/user/.m2/repository/org/apache/hadoop/hadoop-hdds-client/0.5.0-SNAPSHOT/hadoop-hdds-client-0.5.0-SNAPSHOT.jar:/home/user/.m2/repository/org/apache/hadoop/hadoop-hdds-tools/0.5.0-SNAPSHOT/hadoop-hdds-tools-0.5.0-SNAPSHOT.jar:/home/user/.m2/repository/org/apache/hadoop/hadoop-hdds-server-scm/0.5.0-SNAPSHOT/hadoop-hdds-server-scm-0.5.0-SNAPSHOT.jar:/home/user/.m2/repository/org/apache/hadoop/hadoop-hdds-docs/0.5.0-SNAPSHOT/hadoop-hdds-docs-0.5.0-SNAPSHOT.jar:/home/user/.m2/repository/io/dropwizard/metrics/metrics-core/3.2.4/metrics-core-3.2.4.jar:/home/user/.m2/repository/org/hamcrest/hamcrest-all/1.3/hamcrest-all-1.3.jar:/home/user/.m2/repository/org/bouncycastle/bcprov-jdk15on/1.60/bcprov-jdk15on-1.60.jar:/home/user/.m2/repository/info/picocli/picocli/3.9.6/picocli-3.9.6.jar:/home/user/.m2/repository/com/google/protobuf/protobuf-java/2.5.0/protobuf-java-2.5.0.jar:/home/user/.m2/repository/com/google/guava/guava/11.0.2/guava-11.0.2.jar:/home/user/.m2/repository/org/apache/hadoop/hadoop-ozone-ozone-manager/0.5.0-SNAPSHOT/hadoop-ozone-ozone-manager-0.5.0-SNAPSHOT.jar:/home/user/.m2/repository/org/apache/hadoop/hadoop-minikdc/3.2.0/hadoop-minikdc-3.2.0.jar:/home/user/.m2/repository/commons-io/commons-io/2.5/commons-io-2.5.jar:/home/user/.m2/repository/org/apache/kerby/kerb-simplekdc/1.0.1/kerb-simplekdc-1.0.1.jar:/home/user/.m2/repository/org/apache/kerby/kerb-client/1.0.1/kerb-client-1.0.1.jar:/home/user/.m2/repository/org/apache/kerby/kerby-config/1.0.1/kerby-config-1.0.1.jar:/home/user/.m2/repository/org/apache/kerby/kerb-core/1.0.1/kerb-core-1.0.1.jar:/home/user/.m2/repository/org/apache/kerby/kerby-pkix/1.0.1/kerby-pkix-1.0.1.jar:/home/user/.m2/repository/org/apache/kerby/kerby-asn1/1.0.1/kerby-asn1-1.0.1.jar:/home/user/.m2/repository/org/apache/kerby/kerby-util/1.0.1/kerby-util-1.0.1.jar:/home/user/.m2/repository/org/apache/kerby/kerb-common/1.0.1/kerb-common-1.0.1.jar:/home/user/.m2/repository/org/apache/kerby/kerb-crypto/1.0.1/kerb-crypto-1.0.1.jar:/home/user/.m2/repository/org/apache/kerby/kerb-util/1.0.1/kerb-util-1.0.1.jar:/home/user/.m2/repository/org/apache/kerby/token-provider/1.0.1/token-provider-1.0.1.jar:/home/user/.m2/repository/org/apache/kerby/kerb-admin/1.0.1/kerb-admin-1.0.1.jar:/home/user/.m2/repository/org/apache/kerby/kerb-server/1.0.1/kerb-server-1.0.1.jar:/home/user/.m2/repository/org/apache/kerby/kerb-identity/1.0.1/kerb-identity-1.0.1.jar:/home/user/.m2/repository/org/apache/kerby/kerby-xdr/1.0.1/kerby-xdr-1.0.1.jar:/home/user/.m2/repository/org/slf4j/slf4j-log4j12/1.7.25/slf4j-log4j12-1.7.25.jar:/home/user/.m2/repository/org/apache/hadoop/hadoop-ozone-s3gateway/0.5.0-SNAPSHOT/hadoop-ozone-s3gateway-0.5.0-SNAPSHOT.jar:/home/user/.m2/repository/org/jboss/weld/servlet/weld-servlet/2.4.7.Final/weld-servlet-2.4.7.Final.jar:/home/user/.m2/repository/org/glassfish/jersey/containers/jersey-container-servlet-core/2.27/jersey-container-servlet-core-2.27.jar:/home/user/.m2/repository/org/glassfish/hk2/external/javax.inject/2.5.0-b42/javax.inject-2.5.0-b42.jar:/home/user/.m2/repository/org/glassfish/jersey/core/jersey-common/2.27/jersey-common-2.27.jar:/home/user/.m2/repository/org/glassfish/hk2/osgi-resource-locator/1.0.1/osgi-resource-locator-1.0.1.jar:/home/user/.m2/repository/javax/ws/rs/javax.ws.rs-api/2.1/javax.ws.rs-api-2.1.jar:/home/user/.m2/repository/org/glassfish/jersey/ext/cdi/jersey-cdi1x/2.27/jersey-cdi1x-2.27.jar:/home/user/.m2/repository/org/glassfish/jersey/inject/jersey-hk2/2.27/jersey-hk2-2.27.jar:/home/user/.m2/repository/org/glassfish/hk2/hk2-locator/2.5.0-b42/hk2-locator-2.5.0-b42.jar:/home/user/.m2/repository/org/javassist/javassist/3.22.0-CR2/javassist-3.22.0-CR2.jar:/home/user/.m2/repository/org/glassfish/hk2/hk2-api/2.5.0/hk2-api-2.5.0.jar:/home/user/.m2/repository/org/glassfish/hk2/external/jakarta.inject/2.5.0/jakarta.inject-2.5.0.jar:/home/user/.m2/repository/org/glassfish/hk2/hk2-utils/2.5.0/hk2-utils-2.5.0.jar:/home/user/.m2/repository/jakarta/annotation/jakarta.annotation-api/1.3.4/jakarta.annotation-api-1.3.4.jar:/home/user/.m2/repository/org/glassfish/hk2/external/aopalliance-repackaged/2.5.0/aopalliance-repackaged-2.5.0.jar:/home/user/.m2/repository/com/fasterxml/jackson/dataformat/jackson-dataformat-xml/2.9.0/jackson-dataformat-xml-2.9.0.jar:/home/user/.m2/repository/com/fasterxml/jackson/core/jackson-core/2.9.9/jackson-core-2.9.9.jar:/home/user/.m2/repository/com/fasterxml/jackson/module/jackson-module-jaxb-annotations/2.9.9/jackson-module-jaxb-annotations-2.9.9.jar:/home/user/.m2/repository/javax/enterprise/cdi-api/1.2/cdi-api-1.2.jar:/home/user/.m2/repository/javax/el/javax.el-api/3.0.0/javax.el-api-3.0.0.jar:/home/user/.m2/repository/javax/interceptor/javax.interceptor-api/1.2/javax.interceptor-api-1.2.jar:/home/user/.m2/repository/javax/inject/javax.inject/1/javax.inject-1.jar:/home/user/.m2/repository/com/sun/xml/bind/jaxb-impl/2.3.0.1/jaxb-impl-2.3.0.1.jar:/home/user/.m2/repository/com/sun/xml/bind/jaxb-core/2.3.0.1/jaxb-core-2.3.0.1.jar:/home/user/.m2/repository/javax/xml/bind/jaxb-api/2.3.0/jaxb-api-2.3.0.jar:/home/user/.m2/repository/javax/activation/activation/1.1.1/activation-1.1.1.jar:/home/user/.m2/repository/org/apache/hadoop/hadoop-ozone-csi/0.5.0-SNAPSHOT/hadoop-ozone-csi-0.5.0-SNAPSHOT.jar:/home/user/.m2/repository/com/google/protobuf/protobuf-java-util/3.5.1/protobuf-java-util-3.5.1.jar:/home/user/.m2/repository/org/apache/hadoop/hadoop-hdds-config/0.5.0-SNAPSHOT/hadoop-hdds-config-0.5.0-SNAPSHOT.jar:/home/user/.m2/repository/io/grpc/grpc-netty/1.17.1/grpc-netty-1.17.1.jar:/home/user/.m2/repository/io/grpc/grpc-core/1.17.1/grpc-core-1.17.1.jar:/home/user/.m2/repository/io/grpc/grpc-context/1.17.1/grpc-context-1.17.1.jar:/home/user/.m2/repository/com/google/errorprone/error_prone_annotations/2.2.0/error_prone_annotations-2.2.0.jar:/home/user/.m2/repository/org/codehaus/mojo/animal-sniffer-annotations/1.17/animal-sniffer-annotations-1.17.jar:/home/user/.m2/repository/io/opencensus/opencensus-api/0.17.0/opencensus-api-0.17.0.jar:/home/user/.m2/repository/io/opencensus/opencensus-contrib-grpc-metrics/0.17.0/opencensus-contrib-grpc-metrics-0.17.0.jar:/home/user/.m2/repository/io/netty/netty-codec-http2/4.1.30.Final/netty-codec-http2-4.1.30.Final.jar:/home/user/.m2/repository/io/netty/netty-codec-http/4.1.30.Final/netty-codec-http-4.1.30.Final.jar:/home/user/.m2/repository/io/netty/netty-codec/4.1.30.Final/netty-codec-4.1.30.Final.jar:/home/user/.m2/repository/io/netty/netty-handler/4.1.30.Final/netty-handler-4.1.30.Final.jar:/home/user/.m2/repository/io/netty/netty-handler-proxy/4.1.30.Final/netty-handler-proxy-4.1.30.Final.jar:/home/user/.m2/repository/io/netty/netty-codec-socks/4.1.30.Final/netty-codec-socks-4.1.30.Final.jar:/home/user/.m2/repository/io/netty/netty-transport-native-epoll/4.1.30.Final/netty-transport-native-epoll-4.1.30.Final.jar:/home/user/.m2/repository/io/netty/netty-common/4.1.30.Final/netty-common-4.1.30.Final.jar:/home/user/.m2/repository/io/netty/netty-buffer/4.1.30.Final/netty-buffer-4.1.30.Final.jar:/home/user/.m2/repository/io/netty/netty-transport/4.1.30.Final/netty-transport-4.1.30.Final.jar:/home/user/.m2/repository/io/netty/netty-resolver/4.1.30.Final/netty-resolver-4.1.30.Final.jar:/home/user/.m2/repository/io/netty/netty-transport-native-unix-common/4.1.30.Final/netty-transport-native-unix-common-4.1.30.Final.jar:/home/user/.m2/repository/io/grpc/grpc-protobuf/1.17.1/grpc-protobuf-1.17.1.jar:/home/user/.m2/repository/com/google/api/grpc/proto-google-common-protos/1.0.0/proto-google-common-protos-1.0.0.jar:/home/user/.m2/repository/io/grpc/grpc-protobuf-lite/1.17.1/grpc-protobuf-lite-1.17.1.jar:/home/user/.m2/repository/io/grpc/grpc-stub/1.17.1/grpc-stub-1.17.1.jar:/home/user/.m2/repository/org/apache/hadoop/hadoop-ozone-recon/0.5.0-SNAPSHOT/hadoop-ozone-recon-0.5.0-SNAPSHOT.jar:/home/user/.m2/repository/org/apache/hadoop/hadoop-ozone-reconcodegen/0.5.0-SNAPSHOT/hadoop-ozone-reconcodegen-0.5.0-SNAPSHOT.jar:/home/user/.m2/repository/com/google/inject/extensions/guice-multibindings/4.0/guice-multibindings-4.0.jar:/home/user/.m2/repository/com/google/inject/guice/4.0/guice-4.0.jar:/home/user/.m2/repository/aopalliance/aopalliance/1.0/aopalliance-1.0.jar:/home/user/.m2/repository/com/google/inject/extensions/guice-servlet/4.0/guice-servlet-4.0.jar:/home/user/.m2/repository/org/glassfish/jersey/containers/jersey-container-servlet/2.27/jersey-container-servlet-2.27.jar:/home/user/.m2/repository/org/glassfish/hk2/guice-bridge/2.5.0/guice-bridge-2.5.0.jar:/home/user/.m2/repository/org/glassfish/jersey/core/jersey-server/2.27/jersey-server-2.27.jar:/home/user/.m2/repository/org/glassfish/jersey/core/jersey-client/2.27/jersey-client-2.27.jar:/home/user/.m2/repository/org/glassfish/jersey/media/jersey-media-jaxb/2.27/jersey-media-jaxb-2.27.jar:/home/user/.m2/repository/javax/validation/validation-api/1.1.0.Final/validation-api-1.1.0.Final.jar:/home/user/.m2/repository/org/glassfish/jersey/media/jersey-media-json-jackson/2.27/jersey-media-json-jackson-2.27.jar:/home/user/.m2/repository/org/glassfish/jersey/ext/jersey-entity-filtering/2.27/jersey-entity-filtering-2.27.jar:/home/user/.m2/repository/com/google/inject/extensions/guice-assistedinject/4.0/guice-assistedinject-4.0.jar:/home/user/.m2/repository/org/jooq/jooq/3.11.10/jooq-3.11.10.jar:/home/user/.m2/repository/org/jooq/jooq-meta/3.11.10/jooq-meta-3.11.10.jar:/home/user/.m2/repository/org/jooq/jooq-codegen/3.11.10/jooq-codegen-3.11.10.jar:/home/user/.m2/repository/com/jolbox/bonecp/0.8.0.RELEASE/bonecp-0.8.0.RELEASE.jar:/home/user/.m2/repository/org/xerial/sqlite-jdbc/3.25.2/sqlite-jdbc-3.25.2.jar:/home/user/.m2/repository/org/springframework/spring-jdbc/5.1.3.RELEASE/spring-jdbc-5.1.3.RELEASE.jar:/home/user/.m2/repository/org/springframework/spring-beans/5.1.3.RELEASE/spring-beans-5.1.3.RELEASE.jar:/home/user/.m2/repository/org/springframework/spring-core/5.1.3.RELEASE/spring-core-5.1.3.RELEASE.jar:/home/user/.m2/repository/org/springframework/spring-jcl/5.1.3.RELEASE/spring-jcl-5.1.3.RELEASE.jar:/home/user/.m2/repository/org/springframework/spring-tx/5.1.3.RELEASE/spring-tx-5.1.3.RELEASE.jar:/home/user/.m2/repository/org/apache/hadoop/hadoop-ozone-client/0.5.0-SNAPSHOT/hadoop-ozone-client-0.5.0-SNAPSHOT.jar:/home/user/.m2/repository/commons-lang/commons-lang/2.6/commons-lang-2.6.jar:/home/user/.m2/repository/org/apache/hadoop/hadoop-ozone-ozone-manager/0.5.0-SNAPSHOT/hadoop-ozone-ozone-manager-0.5.0-SNAPSHOT-tests.jar:/home/user/.m2/repository/junit/junit/4.11/junit-4.11.jar:/home/user/.m2/repository/org/hamcrest/hamcrest-core/1.3/hamcrest-core-1.3.jar:/home/user/.m2/repository/org/openjdk/jmh/jmh-core/1.19/jmh-core-1.19.jar:/home/user/.m2/repository/net/sf/jopt-simple/jopt-simple/4.6/jopt-simple-4.6.jar:/home/user/.m2/repository/org/apache/commons/commons-math3/3.1.1/commons-math3-3.1.1.jar:/home/user/.m2/repository/org/openjdk/jmh/jmh-generator-annprocess/1.19/jmh-generator-annprocess-1.19.jar:/home/user/.m2/repository/org/mockito/mockito-all/1.8.5/mockito-all-1.8.5.jar:/home/user/.m2/repository/org/apache/hadoop/hadoop-kms/3.2.0/hadoop-kms-3.2.0.jar:/home/user/.m2/repository/org/apache/hadoop/hadoop-auth/3.2.0/hadoop-auth-3.2.0.jar:/home/user/.m2/repository/com/nimbusds/nimbus-jose-jwt/4.41.1/nimbus-jose-jwt-4.41.1.jar:/home/user/.m2/repository/com/github/stephenc/jcip/jcip-annotations/1.0-1/jcip-annotations-1.0-1.jar:/home/user/.m2/repository/net/minidev/json-smart/2.3/json-smart-2.3.jar:/home/user/.m2/repository/net/minidev/accessors-smart/1.2/accessors-smart-1.2.jar:/home/user/.m2/repository/org/ow2/asm/asm/5.0.4/asm-5.0.4.jar:/home/user/.m2/repository/org/apache/curator/curator-framework/2.12.0/curator-framework-2.12.0.jar:/home/user/.m2/repository/com/sun/jersey/jersey-core/1.19/jersey-core-1.19.jar:/home/user/.m2/repository/javax/ws/rs/jsr311-api/1.1.1/jsr311-api-1.1.1.jar:/home/user/.m2/repository/com/sun/jersey/jersey-server/1.19/jersey-server-1.19.jar:/home/user/.m2/repository/javax/servlet/javax.servlet-api/3.1.0/javax.servlet-api-3.1.0.jar:/home/user/.m2/repository/org/eclipse/jetty/jetty-server/9.3.25.v20180904/jetty-server-9.3.25.v20180904.jar:/home/user/.m2/repository/org/eclipse/jetty/jetty-http/9.3.25.v20180904/jetty-http-9.3.25.v20180904.jar:/home/user/.m2/repository/org/eclipse/jetty/jetty-io/9.3.25.v20180904/jetty-io-9.3.25.v20180904.jar:/home/user/.m2/repository/org/eclipse/jetty/jetty-webapp/9.3.25.v20180904/jetty-webapp-9.3.25.v20180904.jar:/home/user/.m2/repository/org/eclipse/jetty/jetty-xml/9.3.25.v20180904/jetty-xml-9.3.25.v20180904.jar:/home/user/.m2/repository/log4j/log4j/1.2.17/log4j-1.2.17.jar:/home/user/.m2/repository/org/slf4j/slf4j-api/1.7.25/slf4j-api-1.7.25.jar:/home/user/.m2/repository/org/slf4j/jul-to-slf4j/1.7.25/jul-to-slf4j-1.7.25.jar:/home/user/.m2/repository/org/eclipse/jetty/jetty-util/9.3.25.v20180904/jetty-util-9.3.25.v20180904.jar:/home/user/.m2/repository/com/fasterxml/jackson/core/jackson-databind/2.9.9/jackson-databind-2.9.9.jar:/home/user/.m2/repository/org/apache/hadoop/hadoop-kms/3.2.0/hadoop-kms-3.2.0-tests.jar:/home/user/.m2/repository/org/apache/hadoop/hadoop-hdds-server-scm/0.5.0-SNAPSHOT/hadoop-hdds-server-scm-0.5.0-SNAPSHOT-tests.jar:/home/user/.m2/repository/org/apache/hadoop/hadoop-hdds-container-service/0.5.0-SNAPSHOT/hadoop-hdds-container-service-0.5.0-SNAPSHOT-tests.jar:/home/user/.m2/repository/org/yaml/snakeyaml/1.16/snakeyaml-1.16.jar:/home/user/.m2/repository/org/apache/hadoop/hadoop-common/3.2.0/hadoop-common-3.2.0-tests.jar:/home/user/.m2/repository/org/apache/hadoop/hadoop-annotations/3.2.0/hadoop-annotations-3.2.0.jar:/usr/lib/jvm/java-1.8.0-openjdk-1.8.0.222.b10-1.el7_7.x86_64/jre/../lib/tools.jar:/home/user/.m2/repository/commons-cli/commons-cli/1.2/commons-cli-1.2.jar:/home/user/.m2/repository/org/apache/httpcomponents/httpclient/4.5.2/httpclient-4.5.2.jar:/home/user/.m2/repository/org/apache/httpcomponents/httpcore/4.4.4/httpcore-4.4.4.jar:/home/user/.m2/repository/commons-codec/commons-codec/1.11/commons-codec-1.11.jar:/home/user/.m2/repository/commons-net/commons-net/3.6/commons-net-3.6.jar:/home/user/.m2/repository/commons-collections/commons-collections/3.2.2/commons-collections-3.2.2.jar:/home/user/.m2/repository/org/eclipse/jetty/jetty-servlet/9.3.25.v20180904/jetty-servlet-9.3.25.v20180904.jar:/home/user/.m2/repository/org/eclipse/jetty/jetty-security/9.3.25.v20180904/jetty-security-9.3.25.v20180904.jar:/home/user/.m2/repository/javax/servlet/jsp/jsp-api/2.1/jsp-api-2.1.jar:/home/user/.m2/repository/com/sun/jersey/jersey-servlet/1.19/jersey-servlet-1.19.jar:/home/user/.m2/repository/com/sun/jersey/jersey-json/1.19/jersey-json-1.19.jar:/home/user/.m2/repository/org/codehaus/jettison/jettison/1.1/jettison-1.1.jar:/home/user/.m2/repository/org/codehaus/jackson/jackson-core-asl/1.9.13/jackson-core-asl-1.9.13.jar:/home/user/.m2/repository/org/codehaus/jackson/jackson-mapper-asl/1.9.13/jackson-mapper-asl-1.9.13.jar:/home/user/.m2/repository/org/codehaus/jackson/jackson-jaxrs/1.9.13/jackson-jaxrs-1.9.13.jar:/home/user/.m2/repository/org/codehaus/jackson/jackson-xc/1.9.13/jackson-xc-1.9.13.jar:/home/user/.m2/repository/commons-logging/commons-logging/1.1.3/commons-logging-1.1.3.jar:/home/user/.m2/repository/commons-beanutils/commons-beanutils/1.9.4/commons-beanutils-1.9.4.jar:/home/user/.m2/repository/org/apache/commons/commons-configuration2/2.1.1/commons-configuration2-2.1.1.jar:/home/user/.m2/repository/org/apache/commons/commons-lang3/3.7/commons-lang3-3.7.jar:/home/user/.m2/repository/org/apache/commons/commons-text/1.4/commons-text-1.4.jar:/home/user/.m2/repository/org/apache/avro/avro/1.7.7/avro-1.7.7.jar:/home/user/.m2/repository/com/thoughtworks/paranamer/paranamer/2.3/paranamer-2.3.jar:/home/user/.m2/repository/org/xerial/snappy/snappy-java/1.0.5/snappy-java-1.0.5.jar:/home/user/.m2/repository/com/google/re2j/re2j/1.1/re2j-1.1.jar:/home/user/.m2/repository/com/google/code/gson/gson/2.2.4/gson-2.2.4.jar:/home/user/.m2/repository/com/jcraft/jsch/0.1.54/jsch-0.1.54.jar:/home/user/.m2/repository/org/apache/curator/curator-client/2.12.0/curator-client-2.12.0.jar:/home/user/.m2/repository/org/apache/curator/curator-recipes/2.12.0/curator-recipes-2.12.0.jar:/home/user/.m2/repository/com/google/code/findbugs/jsr305/3.0.0/jsr305-3.0.0.jar:/home/user/.m2/repository/org/apache/htrace/htrace-core4/4.1.0-incubating/htrace-core4-4.1.0-incubating.jar:/home/user/.m2/repository/org/apache/zookeeper/zookeeper/3.4.13/zookeeper-3.4.13.jar:/home/user/.m2/repository/jline/jline/0.9.94/jline-0.9.94.jar:/home/user/.m2/repository/org/apache/yetus/audience-annotations/0.5.0/audience-annotations-0.5.0.jar:/home/user/.m2/repository/org/codehaus/woodstox/stax2-api/3.1.4/stax2-api-3.1.4.jar:/home/user/.m2/repository/com/fasterxml/woodstox/woodstox-core/5.0.3/woodstox-core-5.0.3.jar:/home/user/.m2/repository/dnsjava/dnsjava/2.1.7/dnsjava-2.1.7.jar:/home/user/.m2/repository/org/apache/hadoop/hadoop-hdfs/3.2.0/hadoop-hdfs-3.2.0-tests.jar:/home/user/.m2/repository/org/eclipse/jetty/jetty-util-ajax/9.3.25.v20180904/jetty-util-ajax-9.3.25.v20180904.jar:/home/user/.m2/repository/commons-daemon/commons-daemon/1.0.13/commons-daemon-1.0.13.jar:/home/user/.m2/repository/io/netty/netty/3.10.5.Final/netty-3.10.5.Final.jar:/home/user/.m2/repository/io/netty/netty-all/4.0.52.Final/netty-all-4.0.52.Final.jar:/home/user/.m2/repository/org/fusesource/leveldbjni/leveldbjni-all/1.8/leveldbjni-all-1.8.jar:"/>
    <property name="sun.cpu.endian" value="little"/>
    <property name="user.home" value="/home/user"/>
    <property name="user.language" value="en"/>
    <property name="java.specification.vendor" value="Oracle Corporation"/>
    <property name="java.home" value="/usr/lib/jvm/java-1.8.0-openjdk-1.8.0.222.b10-1.el7_7.x86_64/jre"/>
    <property name="surefire.excludesFile" value="/tools/ozone-bad-unit-tests"/>
    <property name="java.security.krb5.conf" value="/workdir/hadoop-ozone/integration-test/target/test-classes/krb5.conf"/>
    <property name="basedir" value="/workdir/hadoop-ozone/integration-test"/>
    <property name="file.separator" value="/"/>
    <property name="line.separator" value="&#10;"/>
    <property name="java.vm.specification.vendor" value="Oracle Corporation"/>
    <property name="java.specification.name" value="Java Platform API Specification"/>
    <property name="java.awt.graphicsenv" value="sun.awt.X11GraphicsEnvironment"/>
    <property name="surefire.real.class.path" value="/workdir/hadoop-ozone/integration-test/target/surefire/surefirebooter6066744112512873862.jar"/>
    <property name="hadoop.log.dir" value="/workdir/hadoop-ozone/integration-test/target/log"/>
    <property name="sun.boot.class.path" value="/usr/lib/jvm/java-1.8.0-openjdk-1.8.0.222.b10-1.el7_7.x86_64/jre/lib/resources.jar:/usr/lib/jvm/java-1.8.0-openjdk-1.8.0.222.b10-1.el7_7.x86_64/jre/lib/rt.jar:/usr/lib/jvm/java-1.8.0-openjdk-1.8.0.222.b10-1.el7_7.x86_64/jre/lib/sunrsasign.jar:/usr/lib/jvm/java-1.8.0-openjdk-1.8.0.222.b10-1.el7_7.x86_64/jre/lib/jsse.jar:/usr/lib/jvm/java-1.8.0-openjdk-1.8.0.222.b10-1.el7_7.x86_64/jre/lib/jce.jar:/usr/lib/jvm/java-1.8.0-openjdk-1.8.0.222.b10-1.el7_7.x86_64/jre/lib/charsets.jar:/usr/lib/jvm/java-1.8.0-openjdk-1.8.0.222.b10-1.el7_7.x86_64/jre/lib/jfr.jar:/usr/lib/jvm/java-1.8.0-openjdk-1.8.0.222.b10-1.el7_7.x86_64/jre/classes"/>
    <property name="sun.management.compiler" value="HotSpot 64-Bit Tiered Compilers"/>
    <property name="java.runtime.version" value="1.8.0_222-b10"/>
    <property name="java.net.preferIPv4Stack" value="true"/>
    <property name="user.name" value="jenkins1000"/>
    <property name="path.separator" value=":"/>
    <property name="java.security.egd" value="file:///dev/urandom"/>
    <property name="os.version" value="3.10.0-957.12.2.el7.x86_64"/>
    <property name="java.endorsed.dirs" value="/usr/lib/jvm/java-1.8.0-openjdk-1.8.0.222.b10-1.el7_7.x86_64/jre/lib/endorsed"/>
    <property name="java.runtime.name" value="OpenJDK Runtime Environment"/>
    <property name="file.encoding" value="ANSI_X3.4-1968"/>
    <property name="java.vm.name" value="OpenJDK 64-Bit Server VM"/>
    <property name="test.build.webapps" value=""/>
    <property name="localRepository" value="/home/user/.m2/repository"/>
    <property name="java.vendor.url.bug" value="http://bugreport.sun.com/bugreport/"/>
    <property name="java.io.tmpdir" value="/tmp"/>
    <property name="require.test.libhadoop" value=""/>
    <property name="java.version" value="1.8.0_222"/>
    <property name="user.dir" value="/workdir/hadoop-ozone/integration-test"/>
    <property name="os.arch" value="amd64"/>
    <property name="java.vm.specification.name" value="Java Virtual Machine Specification"/>
    <property name="test.build.classes" value="/workdir/hadoop-ozone/integration-test/target/test-classes"/>
    <property name="java.awt.printerjob" value="sun.print.PSPrinterJob"/>
    <property name="sun.os.patch.level" value="unknown"/>
    <property name="hadoop.tmp.dir" value="/workdir/hadoop-ozone/integration-test/target/tmp"/>
    <property name="java.library.path" value="/usr/lib:/workdir/hadoop-ozone/integration-test/target/native/target/usr/local/lib:/workdir/hadoop-ozone/integration-test/../../hadoop-common-project/hadoop-common/target/native/target/usr/local/lib:/usr/java/packages/lib/amd64:/usr/lib64:/lib64:/lib:/usr/lib"/>
    <property name="java.vm.info" value="mixed mode"/>
    <property name="java.vendor" value="Oracle Corporation"/>
    <property name="java.vm.version" value="25.222-b10"/>
    <property name="java.ext.dirs" value="/usr/lib/jvm/java-1.8.0-openjdk-1.8.0.222.b10-1.el7_7.x86_64/jre/lib/ext:/usr/java/packages/lib/ext"/>
    <property name="sun.io.unicode.encoding" value="UnicodeLittle"/>
    <property name="java.class.version" value="52.0"/>
  </properties>
  <testcase name="testPipelineExclusionWithPipelineFailure" classname="org.apache.hadoop.ozone.client.rpc.TestFailureHandlingByClient" time="85.2"/>
  <testcase name="testContainerExclusionWithClosedContainerException" classname="org.apache.hadoop.ozone.client.rpc.TestFailureHandlingByClient" time="43.623">
    <failure type="java.lang.AssertionError">java.lang.AssertionError
	at org.junit.Assert.fail(Assert.java:86)
	at org.junit.Assert.assertTrue(Assert.java:41)
	at org.junit.Assert.assertTrue(Assert.java:52)
	at org.apache.hadoop.ozone.client.rpc.TestFailureHandlingByClient.testContainerExclusionWithClosedContainerException(TestFailureHandlingByClient.java:260)
	at sun.reflect.NativeMethodAccessorImpl.invoke0(Native Method)
	at sun.reflect.NativeMethodAccessorImpl.invoke(NativeMethodAccessorImpl.java:62)
	at sun.reflect.DelegatingMethodAccessorImpl.invoke(DelegatingMethodAccessorImpl.java:43)
	at java.lang.reflect.Method.invoke(Method.java:498)
	at org.junit.runners.model.FrameworkMethod$1.runReflectiveCall(FrameworkMethod.java:47)
	at org.junit.internal.runners.model.ReflectiveCallable.run(ReflectiveCallable.java:12)
	at org.junit.runners.model.FrameworkMethod.invokeExplosively(FrameworkMethod.java:44)
	at org.junit.internal.runners.statements.InvokeMethod.evaluate(InvokeMethod.java:17)
	at org.junit.internal.runners.statements.RunAfters.evaluate(RunAfters.java:27)
	at org.junit.runners.ParentRunner.runLeaf(ParentRunner.java:271)
	at org.junit.runners.BlockJUnit4ClassRunner.runChild(BlockJUnit4ClassRunner.java:70)
	at org.junit.runners.BlockJUnit4ClassRunner.runChild(BlockJUnit4ClassRunner.java:50)
	at org.junit.runners.ParentRunner$3.run(ParentRunner.java:238)
	at org.junit.runners.ParentRunner$1.schedule(ParentRunner.java:63)
	at org.junit.runners.ParentRunner.runChildren(ParentRunner.java:236)
	at org.junit.runners.ParentRunner.access$000(ParentRunner.java:53)
	at org.junit.runners.ParentRunner$2.evaluate(ParentRunner.java:229)
	at org.junit.runners.ParentRunner.run(ParentRunner.java:309)
	at org.apache.maven.surefire.junit4.JUnit4Provider.execute(JUnit4Provider.java:365)
	at org.apache.maven.surefire.junit4.JUnit4Provider.executeWithRerun(JUnit4Provider.java:273)
	at org.apache.maven.surefire.junit4.JUnit4Provider.executeTestSet(JUnit4Provider.java:238)
	at org.apache.maven.surefire.junit4.JUnit4Provider.invoke(JUnit4Provider.java:159)
	at org.apache.maven.surefire.booter.ForkedBooter.invokeProviderInSameClassLoader(ForkedBooter.java:384)
	at org.apache.maven.surefire.booter.ForkedBooter.runSuitesInProcess(ForkedBooter.java:345)
	at org.apache.maven.surefire.booter.ForkedBooter.execute(ForkedBooter.java:126)
	at org.apache.maven.surefire.booter.ForkedBooter.main(ForkedBooter.java:418)
</failure>
    <system-out><![CDATA[2019-10-22 00:08:35,338 [main] WARN  server.ServerUtils (ServerUtils.java:getScmDbDir(145)) - ozone.scm.db.dirs is not configured. We recommend adding this setting. Falling back to ozone.metadata.dirs instead.
2019-10-22 00:08:35,351 [main] WARN  server.ServerUtils (ServerUtils.java:getScmDbDir(145)) - ozone.scm.db.dirs is not configured. We recommend adding this setting. Falling back to ozone.metadata.dirs instead.
2019-10-22 00:08:35,352 [main] WARN  server.ServerUtils (ServerUtils.java:getScmDbDir(145)) - ozone.scm.db.dirs is not configured. We recommend adding this setting. Falling back to ozone.metadata.dirs instead.
2019-10-22 00:08:35,352 [main] INFO  db.DBStoreBuilder (DBStoreBuilder.java:addTable(117)) - using custom profile for table: deletedBlocks
2019-10-22 00:08:35,352 [main] INFO  db.DBStoreBuilder (DBStoreBuilder.java:processTables(168)) - Using default column profile:DBProfile.DISK for Table:deletedBlocks
2019-10-22 00:08:35,353 [main] INFO  db.DBStoreBuilder (DBStoreBuilder.java:addTable(117)) - using custom profile for table: validCerts
2019-10-22 00:08:35,353 [main] INFO  db.DBStoreBuilder (DBStoreBuilder.java:processTables(168)) - Using default column profile:DBProfile.DISK for Table:validCerts
2019-10-22 00:08:35,353 [main] INFO  db.DBStoreBuilder (DBStoreBuilder.java:addTable(117)) - using custom profile for table: revokedCerts
2019-10-22 00:08:35,353 [main] INFO  db.DBStoreBuilder (DBStoreBuilder.java:processTables(168)) - Using default column profile:DBProfile.DISK for Table:revokedCerts
2019-10-22 00:08:35,353 [main] INFO  db.DBStoreBuilder (DBStoreBuilder.java:addTable(117)) - using custom profile for table: default
2019-10-22 00:08:35,354 [main] INFO  db.DBStoreBuilder (DBStoreBuilder.java:processTables(174)) - Using default column profile:DBProfile.DISK for Table:default
2019-10-22 00:08:35,354 [main] INFO  db.DBStoreBuilder (DBStoreBuilder.java:getDbProfile(205)) - Using default options. DBProfile.DISK
2019-10-22 00:08:35,524 [main] INFO  net.NodeSchemaLoader (NodeSchemaLoader.java:loadSchemaFromFile(125)) - Loading file from sun.misc.CompoundEnumeration@34c70b5e
2019-10-22 00:08:35,524 [main] INFO  net.NodeSchemaLoader (NodeSchemaLoader.java:loadSchema(171)) - Loading network topology layer schema file
2019-10-22 00:08:35,529 [main] INFO  node.SCMNodeManager (SCMNodeManager.java:<init>(116)) - Entering startup safe mode.
2019-10-22 00:08:35,530 [main] INFO  algorithms.ContainerPlacementPolicyFactory (ContainerPlacementPolicyFactory.java:getPolicy(57)) - Create container placement policy of type org.apache.hadoop.hdds.scm.container.placement.algorithms.SCMContainerPlacementRandom
2019-10-22 00:08:35,530 [main] WARN  server.ServerUtils (ServerUtils.java:getScmDbDir(145)) - ozone.scm.db.dirs is not configured. We recommend adding this setting. Falling back to ozone.metadata.dirs instead.
2019-10-22 00:08:35,576 [main] INFO  pipeline.SCMPipelineManager (SCMPipelineManager.java:initializePipelineState(132)) - No pipeline exists in current db
2019-10-22 00:08:35,576 [main] WARN  server.ServerUtils (ServerUtils.java:getScmDbDir(145)) - ozone.scm.db.dirs is not configured. We recommend adding this setting. Falling back to ozone.metadata.dirs instead.
2019-10-22 00:08:35,626 [main] WARN  events.EventQueue (EventQueue.java:fireEvent(183)) - No event handler registered for event TypedEvent{payloadType=SafeModeStatus, name='SafeModeStatus'}
2019-10-22 00:08:35,627 [main] INFO  ipc.CallQueueManager (CallQueueManager.java:<init>(84)) - Using callQueue: class java.util.concurrent.LinkedBlockingQueue, queueCapacity: 2000, scheduler: class org.apache.hadoop.ipc.DefaultRpcScheduler, ipcBackoff: false.
2019-10-22 00:08:35,627 [Socket Reader #1 for port 34822] INFO  ipc.Server (Server.java:run(1074)) - Starting Socket Reader #1 for port 34822
2019-10-22 00:08:35,629 [main] INFO  ipc.CallQueueManager (CallQueueManager.java:<init>(84)) - Using callQueue: class java.util.concurrent.LinkedBlockingQueue, queueCapacity: 2000, scheduler: class org.apache.hadoop.ipc.DefaultRpcScheduler, ipcBackoff: false.
2019-10-22 00:08:35,630 [Socket Reader #1 for port 38419] INFO  ipc.Server (Server.java:run(1074)) - Starting Socket Reader #1 for port 38419
2019-10-22 00:08:35,631 [main] INFO  ipc.CallQueueManager (CallQueueManager.java:<init>(84)) - Using callQueue: class java.util.concurrent.LinkedBlockingQueue, queueCapacity: 2000, scheduler: class org.apache.hadoop.ipc.DefaultRpcScheduler, ipcBackoff: false.
2019-10-22 00:08:35,631 [Socket Reader #1 for port 39679] INFO  ipc.Server (Server.java:run(1074)) - Starting Socket Reader #1 for port 39679
2019-10-22 00:08:35,634 [main] INFO  hdfs.DFSUtil (DFSUtil.java:httpServerTemplateForNNAndJN(1641)) - Starting Web-server for scm at: http://0.0.0.0:0
2019-10-22 00:08:35,635 [main] INFO  server.AuthenticationFilter (AuthenticationFilter.java:constructSecretProvider(240)) - Unable to initialize FileSignerSecretProvider, falling back to use random secrets.
2019-10-22 00:08:35,636 [main] WARN  http.HttpRequestLog (HttpRequestLog.java:getRequestLog(97)) - Jetty request log can only be enabled using Log4j
2019-10-22 00:08:35,638 [main] INFO  http.HttpServer2 (HttpServer2.java:addGlobalFilter(975)) - Added global filter 'safety' (class=org.apache.hadoop.http.HttpServer2$QuotingInputFilter)
2019-10-22 00:08:35,638 [main] INFO  http.HttpServer2 (HttpServer2.java:addFilter(948)) - Added filter static_user_filter (class=org.apache.hadoop.http.lib.StaticUserWebFilter$StaticUserFilter) to context scm
2019-10-22 00:08:35,638 [main] INFO  http.HttpServer2 (HttpServer2.java:addFilter(958)) - Added filter static_user_filter (class=org.apache.hadoop.http.lib.StaticUserWebFilter$StaticUserFilter) to context logs
2019-10-22 00:08:35,639 [main] INFO  http.HttpServer2 (HttpServer2.java:addFilter(958)) - Added filter static_user_filter (class=org.apache.hadoop.http.lib.StaticUserWebFilter$StaticUserFilter) to context static
2019-10-22 00:08:35,641 [main] INFO  server.StorageContainerManager (StorageContainerManager.java:start(772)) - StorageContainerLocationProtocol RPC server is listening at /0.0.0.0:39679
2019-10-22 00:08:35,643 [main] WARN  impl.MetricsConfig (MetricsConfig.java:loadFirst(134)) - Cannot locate configuration: tried hadoop-metrics2-storagecontainermanager.properties,hadoop-metrics2.properties
2019-10-22 00:08:35,644 [main] INFO  impl.MetricsSystemImpl (MetricsSystemImpl.java:startTimer(374)) - Scheduled Metric snapshot period at 10 second(s).
2019-10-22 00:08:35,644 [main] INFO  impl.MetricsSystemImpl (MetricsSystemImpl.java:start(191)) - StorageContainerManager metrics system started
2019-10-22 00:08:35,691 [main] WARN  impl.MetricsSystemImpl (MetricsSystemImpl.java:register(276)) - Sink prometheus already exists!
2019-10-22 00:08:35,697 [main] INFO  server.SCMClientProtocolServer (SCMClientProtocolServer.java:start(159)) - RPC server for Client  is listening at /0.0.0.0:39679
2019-10-22 00:08:35,697 [IPC Server Responder] INFO  ipc.Server (Server.java:run(1314)) - IPC Server Responder: starting
2019-10-22 00:08:35,697 [IPC Server listener on 39679] INFO  ipc.Server (Server.java:run(1153)) - IPC Server listener on 39679: starting
2019-10-22 00:08:35,700 [main] INFO  server.StorageContainerManager (StorageContainerManager.java:start(782)) - ScmBlockLocationProtocol RPC server is listening at /0.0.0.0:38419
2019-10-22 00:08:35,701 [main] INFO  server.SCMBlockProtocolServer (SCMBlockProtocolServer.java:start(146)) - RPC server for Block Protocol is listening at /0.0.0.0:38419
2019-10-22 00:08:35,701 [IPC Server Responder] INFO  ipc.Server (Server.java:run(1314)) - IPC Server Responder: starting
2019-10-22 00:08:35,701 [IPC Server listener on 38419] INFO  ipc.Server (Server.java:run(1153)) - IPC Server listener on 38419: starting
2019-10-22 00:08:35,705 [main] INFO  server.StorageContainerManager (StorageContainerManager.java:start(786)) - ScmDatanodeProtocl RPC server is listening at /0.0.0.0:34822
2019-10-22 00:08:35,705 [main] INFO  server.SCMDatanodeProtocolServer (SCMDatanodeProtocolServer.java:start(169)) - RPC server for DataNodes is listening at /0.0.0.0:34822
2019-10-22 00:08:35,705 [IPC Server Responder] INFO  ipc.Server (Server.java:run(1314)) - IPC Server Responder: starting
2019-10-22 00:08:35,705 [IPC Server listener on 34822] INFO  ipc.Server (Server.java:run(1153)) - IPC Server listener on 34822: starting
2019-10-22 00:08:35,709 [main] INFO  http.HttpServer2 (HttpServer2.java:bindListener(1191)) - Jetty bound to port 41758
2019-10-22 00:08:35,709 [main] INFO  server.Server (Server.java:doStart(351)) - jetty-9.3.25.v20180904, build timestamp: 2018-09-04T21:11:46Z, git hash: 3ce520221d0240229c862b122d2b06c12a625732
2019-10-22 00:08:35,711 [main] INFO  handler.ContextHandler (ContextHandler.java:doStart(781)) - Started o.e.j.s.ServletContextHandler@705a8dbc{/logs,file:///workdir/hadoop-ozone/integration-test/target/log,AVAILABLE}
2019-10-22 00:08:35,711 [main] INFO  handler.ContextHandler (ContextHandler.java:doStart(781)) - Started o.e.j.s.ServletContextHandler@d535a3d{/static,file:///workdir/hadoop-ozone/integration-test/target/test-classes/webapps/static,AVAILABLE}
2019-10-22 00:08:35,715 [main] INFO  handler.ContextHandler (ContextHandler.java:doStart(781)) - Started o.e.j.w.WebAppContext@1acb74ad{/,file:///workdir/hadoop-ozone/integration-test/target/test-classes/webapps/scm/,AVAILABLE}{/scm}
2019-10-22 00:08:35,716 [main] INFO  server.AbstractConnector (AbstractConnector.java:doStart(278)) - Started ServerConnector@7bf01cb{HTTP/1.1,[http/1.1]}{0.0.0.0:41758}
2019-10-22 00:08:35,717 [main] INFO  server.Server (Server.java:doStart(419)) - Started @85963ms
2019-10-22 00:08:35,717 [main] WARN  impl.MetricsSystemImpl (MetricsSystemImpl.java:register(276)) - Sink prometheus already exists!
2019-10-22 00:08:35,718 [main] INFO  server.BaseHttpServer (BaseHttpServer.java:updateConnectorAddress(215)) - HTTP server of SCM is listening at http://0.0.0.0:41758
2019-10-22 00:08:35,718 [main] WARN  server.ServerUtils (ServerUtils.java:getDBPath(222)) - ozone.om.db.dirs is not configured. We recommend adding this setting. Falling back to ozone.metadata.dirs instead.
2019-10-22 00:08:35,719 [org.apache.hadoop.util.JvmPauseMonitor$Monitor@12b5736c] INFO  util.JvmPauseMonitor (JvmPauseMonitor.java:run(188)) - Starting JVM pause monitor
2019-10-22 00:08:35,732 [main] INFO  ha.OMHANodeDetails (OMHANodeDetails.java:loadOMHAConfig(190)) - Configuration either no ozone.om.address set. Falling back to the default OM address /127.0.0.1:0
2019-10-22 00:08:35,733 [main] INFO  ha.OMHANodeDetails (OMHANodeDetails.java:getOMNodeDetails(220)) - OM Service ID is not set. Setting it to the default ID: omServiceIdDefault
2019-10-22 00:08:35,733 [main] WARN  server.ServerUtils (ServerUtils.java:getDBPath(222)) - ozone.om.db.dirs is not configured. We recommend adding this setting. Falling back to ozone.metadata.dirs instead.
2019-10-22 00:08:35,733 [main] WARN  server.ServerUtils (ServerUtils.java:getDBPath(222)) - ozone.om.db.dirs is not configured. We recommend adding this setting. Falling back to ozone.metadata.dirs instead.
2019-10-22 00:08:35,740 [main] WARN  server.ServerUtils (ServerUtils.java:getDBPath(222)) - ozone.om.db.dirs is not configured. We recommend adding this setting. Falling back to ozone.metadata.dirs instead.
2019-10-22 00:08:35,741 [main] INFO  db.DBStoreBuilder (DBStoreBuilder.java:addTable(117)) - using custom profile for table: userTable
2019-10-22 00:08:35,741 [main] INFO  db.DBStoreBuilder (DBStoreBuilder.java:processTables(168)) - Using default column profile:DBProfile.DISK for Table:userTable
2019-10-22 00:08:35,741 [main] INFO  db.DBStoreBuilder (DBStoreBuilder.java:addTable(117)) - using custom profile for table: volumeTable
2019-10-22 00:08:35,741 [main] INFO  db.DBStoreBuilder (DBStoreBuilder.java:processTables(168)) - Using default column profile:DBProfile.DISK for Table:volumeTable
2019-10-22 00:08:35,741 [main] INFO  db.DBStoreBuilder (DBStoreBuilder.java:addTable(117)) - using custom profile for table: bucketTable
2019-10-22 00:08:35,742 [main] INFO  db.DBStoreBuilder (DBStoreBuilder.java:processTables(168)) - Using default column profile:DBProfile.DISK for Table:bucketTable
2019-10-22 00:08:35,742 [main] INFO  db.DBStoreBuilder (DBStoreBuilder.java:addTable(117)) - using custom profile for table: keyTable
2019-10-22 00:08:35,742 [main] INFO  db.DBStoreBuilder (DBStoreBuilder.java:processTables(168)) - Using default column profile:DBProfile.DISK for Table:keyTable
2019-10-22 00:08:35,742 [main] INFO  db.DBStoreBuilder (DBStoreBuilder.java:addTable(117)) - using custom profile for table: deletedTable
2019-10-22 00:08:35,742 [main] INFO  db.DBStoreBuilder (DBStoreBuilder.java:processTables(168)) - Using default column profile:DBProfile.DISK for Table:deletedTable
2019-10-22 00:08:35,742 [main] INFO  db.DBStoreBuilder (DBStoreBuilder.java:addTable(117)) - using custom profile for table: openKeyTable
2019-10-22 00:08:35,742 [main] INFO  db.DBStoreBuilder (DBStoreBuilder.java:processTables(168)) - Using default column profile:DBProfile.DISK for Table:openKeyTable
2019-10-22 00:08:35,743 [main] INFO  db.DBStoreBuilder (DBStoreBuilder.java:addTable(117)) - using custom profile for table: s3Table
2019-10-22 00:08:35,743 [main] INFO  db.DBStoreBuilder (DBStoreBuilder.java:processTables(168)) - Using default column profile:DBProfile.DISK for Table:s3Table
2019-10-22 00:08:35,743 [main] INFO  db.DBStoreBuilder (DBStoreBuilder.java:addTable(117)) - using custom profile for table: multipartInfoTable
2019-10-22 00:08:35,743 [main] INFO  db.DBStoreBuilder (DBStoreBuilder.java:processTables(168)) - Using default column profile:DBProfile.DISK for Table:multipartInfoTable
2019-10-22 00:08:35,743 [main] INFO  db.DBStoreBuilder (DBStoreBuilder.java:addTable(117)) - using custom profile for table: dTokenTable
2019-10-22 00:08:35,743 [main] INFO  db.DBStoreBuilder (DBStoreBuilder.java:processTables(168)) - Using default column profile:DBProfile.DISK for Table:dTokenTable
2019-10-22 00:08:35,743 [main] INFO  db.DBStoreBuilder (DBStoreBuilder.java:addTable(117)) - using custom profile for table: s3SecretTable
2019-10-22 00:08:35,744 [main] INFO  db.DBStoreBuilder (DBStoreBuilder.java:processTables(168)) - Using default column profile:DBProfile.DISK for Table:s3SecretTable
2019-10-22 00:08:35,744 [main] INFO  db.DBStoreBuilder (DBStoreBuilder.java:addTable(117)) - using custom profile for table: prefixTable
2019-10-22 00:08:35,744 [main] INFO  db.DBStoreBuilder (DBStoreBuilder.java:processTables(168)) - Using default column profile:DBProfile.DISK for Table:prefixTable
2019-10-22 00:08:35,744 [main] INFO  db.DBStoreBuilder (DBStoreBuilder.java:addTable(117)) - using custom profile for table: default
2019-10-22 00:08:35,744 [main] INFO  db.DBStoreBuilder (DBStoreBuilder.java:processTables(174)) - Using default column profile:DBProfile.DISK for Table:default
2019-10-22 00:08:35,744 [main] INFO  db.DBStoreBuilder (DBStoreBuilder.java:getDbProfile(205)) - Using default options. DBProfile.DISK
2019-10-22 00:08:36,100 [main] INFO  ipc.CallQueueManager (CallQueueManager.java:<init>(84)) - Using callQueue: class java.util.concurrent.LinkedBlockingQueue, queueCapacity: 2000, scheduler: class org.apache.hadoop.ipc.DefaultRpcScheduler, ipcBackoff: false.
2019-10-22 00:08:36,101 [Socket Reader #1 for port 33103] INFO  ipc.Server (Server.java:run(1074)) - Starting Socket Reader #1 for port 33103
2019-10-22 00:08:36,114 [main] INFO  om.OzoneManager (OzoneManager.java:start(1074)) - OzoneManager RPC server is listening at localhost/127.0.0.1:33103
2019-10-22 00:08:36,114 [main] INFO  impl.MetricsSystemImpl (MetricsSystemImpl.java:init(158)) - OzoneManager metrics system started (again)
2019-10-22 00:08:36,115 [IPC Server listener on 33103] INFO  ipc.Server (Server.java:run(1153)) - IPC Server listener on 33103: starting
2019-10-22 00:08:36,115 [IPC Server Responder] INFO  ipc.Server (Server.java:run(1314)) - IPC Server Responder: starting
2019-10-22 00:08:36,121 [main] INFO  hdfs.DFSUtil (DFSUtil.java:httpServerTemplateForNNAndJN(1641)) - Starting Web-server for ozoneManager at: http://0.0.0.0:0
2019-10-22 00:08:36,124 [main] INFO  server.AuthenticationFilter (AuthenticationFilter.java:constructSecretProvider(240)) - Unable to initialize FileSignerSecretProvider, falling back to use random secrets.
2019-10-22 00:08:36,124 [main] WARN  http.HttpRequestLog (HttpRequestLog.java:getRequestLog(97)) - Jetty request log can only be enabled using Log4j
2019-10-22 00:08:36,127 [main] INFO  http.HttpServer2 (HttpServer2.java:addGlobalFilter(975)) - Added global filter 'safety' (class=org.apache.hadoop.http.HttpServer2$QuotingInputFilter)
2019-10-22 00:08:36,129 [main] INFO  http.HttpServer2 (HttpServer2.java:addFilter(948)) - Added filter static_user_filter (class=org.apache.hadoop.http.lib.StaticUserWebFilter$StaticUserFilter) to context ozoneManager
2019-10-22 00:08:36,129 [main] INFO  http.HttpServer2 (HttpServer2.java:addFilter(958)) - Added filter static_user_filter (class=org.apache.hadoop.http.lib.StaticUserWebFilter$StaticUserFilter) to context static
2019-10-22 00:08:36,129 [main] INFO  http.HttpServer2 (HttpServer2.java:addFilter(958)) - Added filter static_user_filter (class=org.apache.hadoop.http.lib.StaticUserWebFilter$StaticUserFilter) to context logs
2019-10-22 00:08:36,131 [main] INFO  http.HttpServer2 (HttpServer2.java:bindListener(1191)) - Jetty bound to port 34640
2019-10-22 00:08:36,131 [main] INFO  server.Server (Server.java:doStart(351)) - jetty-9.3.25.v20180904, build timestamp: 2018-09-04T21:11:46Z, git hash: 3ce520221d0240229c862b122d2b06c12a625732
2019-10-22 00:08:36,133 [main] INFO  handler.ContextHandler (ContextHandler.java:doStart(781)) - Started o.e.j.s.ServletContextHandler@1823b9c4{/logs,file:///workdir/hadoop-ozone/integration-test/target/log,AVAILABLE}
2019-10-22 00:08:36,134 [main] INFO  handler.ContextHandler (ContextHandler.java:doStart(781)) - Started o.e.j.s.ServletContextHandler@7f4701b1{/static,file:///workdir/hadoop-ozone/integration-test/target/test-classes/webapps/static,AVAILABLE}
2019-10-22 00:08:36,141 [main] INFO  handler.ContextHandler (ContextHandler.java:doStart(781)) - Started o.e.j.w.WebAppContext@3c9c6245{/,file:///workdir/hadoop-ozone/integration-test/target/test-classes/webapps/ozoneManager/,AVAILABLE}{/ozoneManager}
2019-10-22 00:08:36,142 [main] INFO  server.AbstractConnector (AbstractConnector.java:doStart(278)) - Started ServerConnector@6d0be7ab{HTTP/1.1,[http/1.1]}{0.0.0.0:34640}
2019-10-22 00:08:36,143 [main] INFO  server.Server (Server.java:doStart(419)) - Started @86389ms
2019-10-22 00:08:36,143 [main] WARN  impl.MetricsSystemImpl (MetricsSystemImpl.java:register(276)) - Sink prometheus already exists!
2019-10-22 00:08:36,144 [main] INFO  server.BaseHttpServer (BaseHttpServer.java:updateConnectorAddress(215)) - HTTP server of OZONEMANAGER is listening at http://0.0.0.0:34640
2019-10-22 00:08:36,176 [main] INFO  impl.MetricsSystemImpl (MetricsSystemImpl.java:init(158)) - HddsDatanode metrics system started (again)
2019-10-22 00:08:36,178 [main] INFO  ozone.HddsDatanodeService (HddsDatanodeService.java:start(184)) - HddsDatanodeService host:pr-hdds-2343-5q8j9-3338874002 ip:192.168.157.254
2019-10-22 00:08:36,184 [main] INFO  volume.HddsVolume (HddsVolume.java:<init>(176)) - Creating Volume: /workdir/hadoop-ozone/integration-test/target/test-dir/MiniOzoneClusterImpl-7b60a606-535f-40c2-b446-60b0e48a57dd/datanode-0/data/containers/hdds of  storage type : DISK and capacity : 1482555576320
2019-10-22 00:08:36,185 [main] INFO  volume.VolumeSet (VolumeSet.java:initializeVolumeSet(170)) - Added Volume : /workdir/hadoop-ozone/integration-test/target/test-dir/MiniOzoneClusterImpl-7b60a606-535f-40c2-b446-60b0e48a57dd/datanode-0/data/containers/hdds to VolumeSet
2019-10-22 00:08:36,185 [main] INFO  volume.ThrottledAsyncChecker (ThrottledAsyncChecker.java:schedule(141)) - Scheduling a check for /workdir/hadoop-ozone/integration-test/target/test-dir/MiniOzoneClusterImpl-7b60a606-535f-40c2-b446-60b0e48a57dd/datanode-0/data/containers/hdds
2019-10-22 00:08:36,185 [main] INFO  volume.HddsVolumeChecker (HddsVolumeChecker.java:checkAllVolumes(204)) - Scheduled health check for volume /workdir/hadoop-ozone/integration-test/target/test-dir/MiniOzoneClusterImpl-7b60a606-535f-40c2-b446-60b0e48a57dd/datanode-0/data/containers/hdds
2019-10-22 00:08:36,199 [main] INFO  impl.RaftServerProxy (ConfUtils.java:logGet(43)) - raft.rpc.type = GRPC (default)
2019-10-22 00:08:36,199 [main] INFO  grpc.GrpcFactory (GrpcFactory.java:checkPooledByteBufAllocatorUseCacheForAllThreads(45)) - PERFORMANCE WARNING: useCacheForAllThreads is true that may cause Netty to create a lot garbage objects and, as a result, trigger GC.
	It is recommended to disable useCacheForAllThreads by setting -Dorg.apache.ratis.thirdparty.io.netty.allocator.useCacheForAllThreads=false in command line.
2019-10-22 00:08:36,200 [main] INFO  grpc.GrpcConfigKeys$Server (ConfUtils.java:logGet(43)) - raft.grpc.server.port = 0 (default)
2019-10-22 00:08:36,200 [main] INFO  server.GrpcService (ConfUtils.java:logGet(43)) - raft.grpc.message.size.max = 33570816 (custom)
2019-10-22 00:08:36,200 [main] INFO  server.RaftServerConfigKeys (ConfUtils.java:logGet(43)) - raft.server.log.appender.buffer.byte-limit = 33554432 (custom)
2019-10-22 00:08:36,200 [main] INFO  server.GrpcService (ConfUtils.java:logGet(43)) - raft.grpc.flow.control.window = 1MB (=1048576) (default)
2019-10-22 00:08:36,200 [main] INFO  server.RaftServerConfigKeys (ConfUtils.java:logGet(43)) - raft.server.rpc.request.timeout = 3000ms (default)
2019-10-22 00:08:36,201 [main] INFO  server.RaftServerConfigKeys (ConfUtils.java:logGet(43)) - raft.server.storage.dir = [/workdir/hadoop-ozone/integration-test/target/test-dir/MiniOzoneClusterImpl-7b60a606-535f-40c2-b446-60b0e48a57dd/datanode-0/data/ratis] (custom)
2019-10-22 00:08:36,203 [main] INFO  hdfs.DFSUtil (DFSUtil.java:httpServerTemplateForNNAndJN(1641)) - Starting Web-server for hddsDatanode at: http://0.0.0.0:0
2019-10-22 00:08:36,204 [main] INFO  server.AuthenticationFilter (AuthenticationFilter.java:constructSecretProvider(240)) - Unable to initialize FileSignerSecretProvider, falling back to use random secrets.
2019-10-22 00:08:36,205 [main] WARN  http.HttpRequestLog (HttpRequestLog.java:getRequestLog(97)) - Jetty request log can only be enabled using Log4j
2019-10-22 00:08:36,206 [main] INFO  http.HttpServer2 (HttpServer2.java:addGlobalFilter(975)) - Added global filter 'safety' (class=org.apache.hadoop.http.HttpServer2$QuotingInputFilter)
2019-10-22 00:08:36,207 [main] INFO  http.HttpServer2 (HttpServer2.java:addFilter(948)) - Added filter static_user_filter (class=org.apache.hadoop.http.lib.StaticUserWebFilter$StaticUserFilter) to context hddsDatanode
2019-10-22 00:08:36,207 [main] INFO  http.HttpServer2 (HttpServer2.java:addFilter(958)) - Added filter static_user_filter (class=org.apache.hadoop.http.lib.StaticUserWebFilter$StaticUserFilter) to context static
2019-10-22 00:08:36,207 [main] INFO  http.HttpServer2 (HttpServer2.java:addFilter(958)) - Added filter static_user_filter (class=org.apache.hadoop.http.lib.StaticUserWebFilter$StaticUserFilter) to context logs
2019-10-22 00:08:36,208 [main] INFO  http.HttpServer2 (HttpServer2.java:bindListener(1191)) - Jetty bound to port 35576
2019-10-22 00:08:36,208 [main] INFO  server.Server (Server.java:doStart(351)) - jetty-9.3.25.v20180904, build timestamp: 2018-09-04T21:11:46Z, git hash: 3ce520221d0240229c862b122d2b06c12a625732
2019-10-22 00:08:36,209 [main] INFO  handler.ContextHandler (ContextHandler.java:doStart(781)) - Started o.e.j.s.ServletContextHandler@2954f6ab{/logs,file:///workdir/hadoop-ozone/integration-test/target/log,AVAILABLE}
2019-10-22 00:08:36,210 [main] INFO  handler.ContextHandler (ContextHandler.java:doStart(781)) - Started o.e.j.s.ServletContextHandler@163042ea{/static,jar:file:/home/user/.m2/repository/org/apache/hadoop/hadoop-hdds-container-service/0.5.0-SNAPSHOT/hadoop-hdds-container-service-0.5.0-SNAPSHOT.jar!/webapps/static,AVAILABLE}
2019-10-22 00:08:36,242 [main] INFO  handler.ContextHandler (ContextHandler.java:doStart(781)) - Started o.e.j.w.WebAppContext@60990e5c{/,file:///tmp/jetty-0.0.0.0-35576-hddsDatanode-_-any-8513644835618610775.dir/webapp/,AVAILABLE}{/hddsDatanode}
2019-10-22 00:08:36,243 [main] INFO  server.AbstractConnector (AbstractConnector.java:doStart(278)) - Started ServerConnector@4d84049a{HTTP/1.1,[http/1.1]}{0.0.0.0:35576}
2019-10-22 00:08:36,245 [main] INFO  server.Server (Server.java:doStart(419)) - Started @86491ms
2019-10-22 00:08:36,245 [main] WARN  impl.MetricsSystemImpl (MetricsSystemImpl.java:register(276)) - Sink prometheus already exists!
2019-10-22 00:08:36,246 [main] INFO  server.BaseHttpServer (BaseHttpServer.java:updateConnectorAddress(215)) - HTTP server of HDDSDATANODE is listening at http://0.0.0.0:35576
2019-10-22 00:08:36,246 [main] INFO  impl.MetricsSystemImpl (MetricsSystemImpl.java:init(158)) - HddsDatanode metrics system started (again)
2019-10-22 00:08:36,249 [org.apache.hadoop.util.JvmPauseMonitor$Monitor@23d8649e] INFO  util.JvmPauseMonitor (JvmPauseMonitor.java:run(188)) - Starting JVM pause monitor
2019-10-22 00:08:36,249 [main] INFO  ozone.HddsDatanodeService (HddsDatanodeService.java:start(184)) - HddsDatanodeService host:pr-hdds-2343-5q8j9-3338874002 ip:192.168.157.254
2019-10-22 00:08:36,252 [Datanode State Machine Thread - 0] INFO  datanode.InitDatanodeState (InitDatanodeState.java:persistContainerDatanodeDetails(140)) - DatanodeDetails is persisted to /workdir/hadoop-ozone/integration-test/target/test-dir/MiniOzoneClusterImpl-7b60a606-535f-40c2-b446-60b0e48a57dd/datanode-0/meta/datanode.id
2019-10-22 00:08:36,255 [main] INFO  volume.HddsVolume (HddsVolume.java:<init>(176)) - Creating Volume: /workdir/hadoop-ozone/integration-test/target/test-dir/MiniOzoneClusterImpl-7b60a606-535f-40c2-b446-60b0e48a57dd/datanode-1/data/containers/hdds of  storage type : DISK and capacity : 1482555576320
2019-10-22 00:08:36,255 [main] INFO  volume.VolumeSet (VolumeSet.java:initializeVolumeSet(170)) - Added Volume : /workdir/hadoop-ozone/integration-test/target/test-dir/MiniOzoneClusterImpl-7b60a606-535f-40c2-b446-60b0e48a57dd/datanode-1/data/containers/hdds to VolumeSet
2019-10-22 00:08:36,256 [main] INFO  volume.ThrottledAsyncChecker (ThrottledAsyncChecker.java:schedule(141)) - Scheduling a check for /workdir/hadoop-ozone/integration-test/target/test-dir/MiniOzoneClusterImpl-7b60a606-535f-40c2-b446-60b0e48a57dd/datanode-1/data/containers/hdds
2019-10-22 00:08:36,256 [main] INFO  volume.HddsVolumeChecker (HddsVolumeChecker.java:checkAllVolumes(204)) - Scheduled health check for volume /workdir/hadoop-ozone/integration-test/target/test-dir/MiniOzoneClusterImpl-7b60a606-535f-40c2-b446-60b0e48a57dd/datanode-1/data/containers/hdds
2019-10-22 00:08:36,272 [main] INFO  impl.RaftServerProxy (ConfUtils.java:logGet(43)) - raft.rpc.type = GRPC (default)
2019-10-22 00:08:36,272 [main] INFO  grpc.GrpcFactory (GrpcFactory.java:checkPooledByteBufAllocatorUseCacheForAllThreads(45)) - PERFORMANCE WARNING: useCacheForAllThreads is true that may cause Netty to create a lot garbage objects and, as a result, trigger GC.
	It is recommended to disable useCacheForAllThreads by setting -Dorg.apache.ratis.thirdparty.io.netty.allocator.useCacheForAllThreads=false in command line.
2019-10-22 00:08:36,272 [main] INFO  grpc.GrpcConfigKeys$Server (ConfUtils.java:logGet(43)) - raft.grpc.server.port = 0 (default)
2019-10-22 00:08:36,272 [main] INFO  server.GrpcService (ConfUtils.java:logGet(43)) - raft.grpc.message.size.max = 33570816 (custom)
2019-10-22 00:08:36,273 [main] INFO  server.RaftServerConfigKeys (ConfUtils.java:logGet(43)) - raft.server.log.appender.buffer.byte-limit = 33554432 (custom)
2019-10-22 00:08:36,273 [main] INFO  server.GrpcService (ConfUtils.java:logGet(43)) - raft.grpc.flow.control.window = 1MB (=1048576) (default)
2019-10-22 00:08:36,273 [main] INFO  server.RaftServerConfigKeys (ConfUtils.java:logGet(43)) - raft.server.rpc.request.timeout = 3000ms (default)
2019-10-22 00:08:36,273 [main] INFO  server.RaftServerConfigKeys (ConfUtils.java:logGet(43)) - raft.server.storage.dir = [/workdir/hadoop-ozone/integration-test/target/test-dir/MiniOzoneClusterImpl-7b60a606-535f-40c2-b446-60b0e48a57dd/datanode-1/data/ratis] (custom)
2019-10-22 00:08:36,275 [main] INFO  hdfs.DFSUtil (DFSUtil.java:httpServerTemplateForNNAndJN(1641)) - Starting Web-server for hddsDatanode at: http://0.0.0.0:0
2019-10-22 00:08:36,277 [main] INFO  server.AuthenticationFilter (AuthenticationFilter.java:constructSecretProvider(240)) - Unable to initialize FileSignerSecretProvider, falling back to use random secrets.
2019-10-22 00:08:36,277 [main] WARN  http.HttpRequestLog (HttpRequestLog.java:getRequestLog(97)) - Jetty request log can only be enabled using Log4j
2019-10-22 00:08:36,279 [main] INFO  http.HttpServer2 (HttpServer2.java:addGlobalFilter(975)) - Added global filter 'safety' (class=org.apache.hadoop.http.HttpServer2$QuotingInputFilter)
2019-10-22 00:08:36,280 [main] INFO  http.HttpServer2 (HttpServer2.java:addFilter(948)) - Added filter static_user_filter (class=org.apache.hadoop.http.lib.StaticUserWebFilter$StaticUserFilter) to context hddsDatanode
2019-10-22 00:08:36,280 [main] INFO  http.HttpServer2 (HttpServer2.java:addFilter(958)) - Added filter static_user_filter (class=org.apache.hadoop.http.lib.StaticUserWebFilter$StaticUserFilter) to context static
2019-10-22 00:08:36,280 [main] INFO  http.HttpServer2 (HttpServer2.java:addFilter(958)) - Added filter static_user_filter (class=org.apache.hadoop.http.lib.StaticUserWebFilter$StaticUserFilter) to context logs
2019-10-22 00:08:36,281 [main] INFO  http.HttpServer2 (HttpServer2.java:bindListener(1191)) - Jetty bound to port 45044
2019-10-22 00:08:36,281 [main] INFO  server.Server (Server.java:doStart(351)) - jetty-9.3.25.v20180904, build timestamp: 2018-09-04T21:11:46Z, git hash: 3ce520221d0240229c862b122d2b06c12a625732
2019-10-22 00:08:36,283 [main] INFO  handler.ContextHandler (ContextHandler.java:doStart(781)) - Started o.e.j.s.ServletContextHandler@29c17c3d{/logs,file:///workdir/hadoop-ozone/integration-test/target/log,AVAILABLE}
2019-10-22 00:08:36,283 [main] INFO  handler.ContextHandler (ContextHandler.java:doStart(781)) - Started o.e.j.s.ServletContextHandler@1665fa54{/static,jar:file:/home/user/.m2/repository/org/apache/hadoop/hadoop-hdds-container-service/0.5.0-SNAPSHOT/hadoop-hdds-container-service-0.5.0-SNAPSHOT.jar!/webapps/static,AVAILABLE}
2019-10-22 00:08:36,315 [main] INFO  handler.ContextHandler (ContextHandler.java:doStart(781)) - Started o.e.j.w.WebAppContext@798dad3d{/,file:///tmp/jetty-0.0.0.0-45044-hddsDatanode-_-any-2237823078881346202.dir/webapp/,AVAILABLE}{/hddsDatanode}
2019-10-22 00:08:36,316 [main] INFO  server.AbstractConnector (AbstractConnector.java:doStart(278)) - Started ServerConnector@27abb6ca{HTTP/1.1,[http/1.1]}{0.0.0.0:45044}
2019-10-22 00:08:36,317 [main] INFO  server.Server (Server.java:doStart(419)) - Started @86564ms
2019-10-22 00:08:36,317 [main] WARN  impl.MetricsSystemImpl (MetricsSystemImpl.java:register(276)) - Sink prometheus already exists!
2019-10-22 00:08:36,318 [main] INFO  server.BaseHttpServer (BaseHttpServer.java:updateConnectorAddress(215)) - HTTP server of HDDSDATANODE is listening at http://0.0.0.0:45044
2019-10-22 00:08:36,319 [main] INFO  impl.MetricsSystemImpl (MetricsSystemImpl.java:init(158)) - HddsDatanode metrics system started (again)
2019-10-22 00:08:36,321 [org.apache.hadoop.util.JvmPauseMonitor$Monitor@7915cebf] INFO  util.JvmPauseMonitor (JvmPauseMonitor.java:run(188)) - Starting JVM pause monitor
2019-10-22 00:08:36,321 [main] INFO  ozone.HddsDatanodeService (HddsDatanodeService.java:start(184)) - HddsDatanodeService host:pr-hdds-2343-5q8j9-3338874002 ip:192.168.157.254
2019-10-22 00:08:36,323 [Datanode State Machine Thread - 0] INFO  datanode.InitDatanodeState (InitDatanodeState.java:persistContainerDatanodeDetails(140)) - DatanodeDetails is persisted to /workdir/hadoop-ozone/integration-test/target/test-dir/MiniOzoneClusterImpl-7b60a606-535f-40c2-b446-60b0e48a57dd/datanode-1/meta/datanode.id
2019-10-22 00:08:36,327 [main] INFO  volume.HddsVolume (HddsVolume.java:<init>(176)) - Creating Volume: /workdir/hadoop-ozone/integration-test/target/test-dir/MiniOzoneClusterImpl-7b60a606-535f-40c2-b446-60b0e48a57dd/datanode-2/data/containers/hdds of  storage type : DISK and capacity : 1482555576320
2019-10-22 00:08:36,328 [main] INFO  volume.VolumeSet (VolumeSet.java:initializeVolumeSet(170)) - Added Volume : /workdir/hadoop-ozone/integration-test/target/test-dir/MiniOzoneClusterImpl-7b60a606-535f-40c2-b446-60b0e48a57dd/datanode-2/data/containers/hdds to VolumeSet
2019-10-22 00:08:36,328 [main] INFO  volume.ThrottledAsyncChecker (ThrottledAsyncChecker.java:schedule(141)) - Scheduling a check for /workdir/hadoop-ozone/integration-test/target/test-dir/MiniOzoneClusterImpl-7b60a606-535f-40c2-b446-60b0e48a57dd/datanode-2/data/containers/hdds
2019-10-22 00:08:36,328 [main] INFO  volume.HddsVolumeChecker (HddsVolumeChecker.java:checkAllVolumes(204)) - Scheduled health check for volume /workdir/hadoop-ozone/integration-test/target/test-dir/MiniOzoneClusterImpl-7b60a606-535f-40c2-b446-60b0e48a57dd/datanode-2/data/containers/hdds
2019-10-22 00:08:36,341 [main] INFO  impl.RaftServerProxy (ConfUtils.java:logGet(43)) - raft.rpc.type = GRPC (default)
2019-10-22 00:08:36,341 [main] INFO  grpc.GrpcFactory (GrpcFactory.java:checkPooledByteBufAllocatorUseCacheForAllThreads(45)) - PERFORMANCE WARNING: useCacheForAllThreads is true that may cause Netty to create a lot garbage objects and, as a result, trigger GC.
	It is recommended to disable useCacheForAllThreads by setting -Dorg.apache.ratis.thirdparty.io.netty.allocator.useCacheForAllThreads=false in command line.
2019-10-22 00:08:36,342 [main] INFO  grpc.GrpcConfigKeys$Server (ConfUtils.java:logGet(43)) - raft.grpc.server.port = 0 (default)
2019-10-22 00:08:36,342 [main] INFO  server.GrpcService (ConfUtils.java:logGet(43)) - raft.grpc.message.size.max = 33570816 (custom)
2019-10-22 00:08:36,342 [main] INFO  server.RaftServerConfigKeys (ConfUtils.java:logGet(43)) - raft.server.log.appender.buffer.byte-limit = 33554432 (custom)
2019-10-22 00:08:36,342 [main] INFO  server.GrpcService (ConfUtils.java:logGet(43)) - raft.grpc.flow.control.window = 1MB (=1048576) (default)
2019-10-22 00:08:36,342 [main] INFO  server.RaftServerConfigKeys (ConfUtils.java:logGet(43)) - raft.server.rpc.request.timeout = 3000ms (default)
2019-10-22 00:08:36,343 [main] INFO  server.RaftServerConfigKeys (ConfUtils.java:logGet(43)) - raft.server.storage.dir = [/workdir/hadoop-ozone/integration-test/target/test-dir/MiniOzoneClusterImpl-7b60a606-535f-40c2-b446-60b0e48a57dd/datanode-2/data/ratis] (custom)
2019-10-22 00:08:36,344 [main] INFO  hdfs.DFSUtil (DFSUtil.java:httpServerTemplateForNNAndJN(1641)) - Starting Web-server for hddsDatanode at: http://0.0.0.0:0
2019-10-22 00:08:36,346 [main] INFO  server.AuthenticationFilter (AuthenticationFilter.java:constructSecretProvider(240)) - Unable to initialize FileSignerSecretProvider, falling back to use random secrets.
2019-10-22 00:08:36,346 [main] WARN  http.HttpRequestLog (HttpRequestLog.java:getRequestLog(97)) - Jetty request log can only be enabled using Log4j
2019-10-22 00:08:36,347 [main] INFO  http.HttpServer2 (HttpServer2.java:addGlobalFilter(975)) - Added global filter 'safety' (class=org.apache.hadoop.http.HttpServer2$QuotingInputFilter)
2019-10-22 00:08:36,348 [main] INFO  http.HttpServer2 (HttpServer2.java:addFilter(948)) - Added filter static_user_filter (class=org.apache.hadoop.http.lib.StaticUserWebFilter$StaticUserFilter) to context hddsDatanode
2019-10-22 00:08:36,348 [main] INFO  http.HttpServer2 (HttpServer2.java:addFilter(958)) - Added filter static_user_filter (class=org.apache.hadoop.http.lib.StaticUserWebFilter$StaticUserFilter) to context static
2019-10-22 00:08:36,348 [main] INFO  http.HttpServer2 (HttpServer2.java:addFilter(958)) - Added filter static_user_filter (class=org.apache.hadoop.http.lib.StaticUserWebFilter$StaticUserFilter) to context logs
2019-10-22 00:08:36,349 [main] INFO  http.HttpServer2 (HttpServer2.java:bindListener(1191)) - Jetty bound to port 33524
2019-10-22 00:08:36,349 [main] INFO  server.Server (Server.java:doStart(351)) - jetty-9.3.25.v20180904, build timestamp: 2018-09-04T21:11:46Z, git hash: 3ce520221d0240229c862b122d2b06c12a625732
2019-10-22 00:08:36,351 [main] INFO  handler.ContextHandler (ContextHandler.java:doStart(781)) - Started o.e.j.s.ServletContextHandler@2404b5a{/logs,file:///workdir/hadoop-ozone/integration-test/target/log,AVAILABLE}
2019-10-22 00:08:36,351 [main] INFO  handler.ContextHandler (ContextHandler.java:doStart(781)) - Started o.e.j.s.ServletContextHandler@2ead6ba4{/static,jar:file:/home/user/.m2/repository/org/apache/hadoop/hadoop-hdds-container-service/0.5.0-SNAPSHOT/hadoop-hdds-container-service-0.5.0-SNAPSHOT.jar!/webapps/static,AVAILABLE}
2019-10-22 00:08:36,380 [main] INFO  handler.ContextHandler (ContextHandler.java:doStart(781)) - Started o.e.j.w.WebAppContext@73a0f2b{/,file:///tmp/jetty-0.0.0.0-33524-hddsDatanode-_-any-3955803535496838105.dir/webapp/,AVAILABLE}{/hddsDatanode}
2019-10-22 00:08:36,380 [main] INFO  server.AbstractConnector (AbstractConnector.java:doStart(278)) - Started ServerConnector@fa5f81c{HTTP/1.1,[http/1.1]}{0.0.0.0:33524}
2019-10-22 00:08:36,382 [main] INFO  server.Server (Server.java:doStart(419)) - Started @86628ms
2019-10-22 00:08:36,382 [main] WARN  impl.MetricsSystemImpl (MetricsSystemImpl.java:register(276)) - Sink prometheus already exists!
2019-10-22 00:08:36,383 [main] INFO  server.BaseHttpServer (BaseHttpServer.java:updateConnectorAddress(215)) - HTTP server of HDDSDATANODE is listening at http://0.0.0.0:33524
2019-10-22 00:08:36,383 [main] INFO  impl.MetricsSystemImpl (MetricsSystemImpl.java:init(158)) - HddsDatanode metrics system started (again)
2019-10-22 00:08:36,386 [org.apache.hadoop.util.JvmPauseMonitor$Monitor@32a25071] INFO  util.JvmPauseMonitor (JvmPauseMonitor.java:run(188)) - Starting JVM pause monitor
2019-10-22 00:08:36,386 [main] INFO  ozone.HddsDatanodeService (HddsDatanodeService.java:start(184)) - HddsDatanodeService host:pr-hdds-2343-5q8j9-3338874002 ip:192.168.157.254
2019-10-22 00:08:36,387 [Datanode State Machine Thread - 0] INFO  datanode.InitDatanodeState (InitDatanodeState.java:persistContainerDatanodeDetails(140)) - DatanodeDetails is persisted to /workdir/hadoop-ozone/integration-test/target/test-dir/MiniOzoneClusterImpl-7b60a606-535f-40c2-b446-60b0e48a57dd/datanode-2/meta/datanode.id
2019-10-22 00:08:36,392 [main] INFO  volume.HddsVolume (HddsVolume.java:<init>(176)) - Creating Volume: /workdir/hadoop-ozone/integration-test/target/test-dir/MiniOzoneClusterImpl-7b60a606-535f-40c2-b446-60b0e48a57dd/datanode-3/data/containers/hdds of  storage type : DISK and capacity : 1482555576320
2019-10-22 00:08:36,393 [main] INFO  volume.VolumeSet (VolumeSet.java:initializeVolumeSet(170)) - Added Volume : /workdir/hadoop-ozone/integration-test/target/test-dir/MiniOzoneClusterImpl-7b60a606-535f-40c2-b446-60b0e48a57dd/datanode-3/data/containers/hdds to VolumeSet
2019-10-22 00:08:36,393 [main] INFO  volume.ThrottledAsyncChecker (ThrottledAsyncChecker.java:schedule(141)) - Scheduling a check for /workdir/hadoop-ozone/integration-test/target/test-dir/MiniOzoneClusterImpl-7b60a606-535f-40c2-b446-60b0e48a57dd/datanode-3/data/containers/hdds
2019-10-22 00:08:36,393 [main] INFO  volume.HddsVolumeChecker (HddsVolumeChecker.java:checkAllVolumes(204)) - Scheduled health check for volume /workdir/hadoop-ozone/integration-test/target/test-dir/MiniOzoneClusterImpl-7b60a606-535f-40c2-b446-60b0e48a57dd/datanode-3/data/containers/hdds
2019-10-22 00:08:36,406 [main] INFO  impl.RaftServerProxy (ConfUtils.java:logGet(43)) - raft.rpc.type = GRPC (default)
2019-10-22 00:08:36,407 [main] INFO  grpc.GrpcFactory (GrpcFactory.java:checkPooledByteBufAllocatorUseCacheForAllThreads(45)) - PERFORMANCE WARNING: useCacheForAllThreads is true that may cause Netty to create a lot garbage objects and, as a result, trigger GC.
	It is recommended to disable useCacheForAllThreads by setting -Dorg.apache.ratis.thirdparty.io.netty.allocator.useCacheForAllThreads=false in command line.
2019-10-22 00:08:36,407 [main] INFO  grpc.GrpcConfigKeys$Server (ConfUtils.java:logGet(43)) - raft.grpc.server.port = 0 (default)
2019-10-22 00:08:36,407 [main] INFO  server.GrpcService (ConfUtils.java:logGet(43)) - raft.grpc.message.size.max = 33570816 (custom)
2019-10-22 00:08:36,407 [main] INFO  server.RaftServerConfigKeys (ConfUtils.java:logGet(43)) - raft.server.log.appender.buffer.byte-limit = 33554432 (custom)
2019-10-22 00:08:36,407 [main] INFO  server.GrpcService (ConfUtils.java:logGet(43)) - raft.grpc.flow.control.window = 1MB (=1048576) (default)
2019-10-22 00:08:36,407 [main] INFO  server.RaftServerConfigKeys (ConfUtils.java:logGet(43)) - raft.server.rpc.request.timeout = 3000ms (default)
2019-10-22 00:08:36,408 [main] INFO  server.RaftServerConfigKeys (ConfUtils.java:logGet(43)) - raft.server.storage.dir = [/workdir/hadoop-ozone/integration-test/target/test-dir/MiniOzoneClusterImpl-7b60a606-535f-40c2-b446-60b0e48a57dd/datanode-3/data/ratis] (custom)
2019-10-22 00:08:36,409 [main] INFO  hdfs.DFSUtil (DFSUtil.java:httpServerTemplateForNNAndJN(1641)) - Starting Web-server for hddsDatanode at: http://0.0.0.0:0
2019-10-22 00:08:36,410 [main] INFO  server.AuthenticationFilter (AuthenticationFilter.java:constructSecretProvider(240)) - Unable to initialize FileSignerSecretProvider, falling back to use random secrets.
2019-10-22 00:08:36,411 [main] WARN  http.HttpRequestLog (HttpRequestLog.java:getRequestLog(97)) - Jetty request log can only be enabled using Log4j
2019-10-22 00:08:36,412 [main] INFO  http.HttpServer2 (HttpServer2.java:addGlobalFilter(975)) - Added global filter 'safety' (class=org.apache.hadoop.http.HttpServer2$QuotingInputFilter)
2019-10-22 00:08:36,413 [main] INFO  http.HttpServer2 (HttpServer2.java:addFilter(948)) - Added filter static_user_filter (class=org.apache.hadoop.http.lib.StaticUserWebFilter$StaticUserFilter) to context hddsDatanode
2019-10-22 00:08:36,413 [main] INFO  http.HttpServer2 (HttpServer2.java:addFilter(958)) - Added filter static_user_filter (class=org.apache.hadoop.http.lib.StaticUserWebFilter$StaticUserFilter) to context logs
2019-10-22 00:08:36,413 [main] INFO  http.HttpServer2 (HttpServer2.java:addFilter(958)) - Added filter static_user_filter (class=org.apache.hadoop.http.lib.StaticUserWebFilter$StaticUserFilter) to context static
2019-10-22 00:08:36,414 [main] INFO  http.HttpServer2 (HttpServer2.java:bindListener(1191)) - Jetty bound to port 46552
2019-10-22 00:08:36,414 [main] INFO  server.Server (Server.java:doStart(351)) - jetty-9.3.25.v20180904, build timestamp: 2018-09-04T21:11:46Z, git hash: 3ce520221d0240229c862b122d2b06c12a625732
2019-10-22 00:08:36,415 [main] INFO  handler.ContextHandler (ContextHandler.java:doStart(781)) - Started o.e.j.s.ServletContextHandler@3965bdf9{/logs,file:///workdir/hadoop-ozone/integration-test/target/log,AVAILABLE}
2019-10-22 00:08:36,416 [main] INFO  handler.ContextHandler (ContextHandler.java:doStart(781)) - Started o.e.j.s.ServletContextHandler@1860f3be{/static,jar:file:/home/user/.m2/repository/org/apache/hadoop/hadoop-hdds-container-service/0.5.0-SNAPSHOT/hadoop-hdds-container-service-0.5.0-SNAPSHOT.jar!/webapps/static,AVAILABLE}
2019-10-22 00:08:36,446 [main] INFO  handler.ContextHandler (ContextHandler.java:doStart(781)) - Started o.e.j.w.WebAppContext@7c20cdd0{/,file:///tmp/jetty-0.0.0.0-46552-hddsDatanode-_-any-4492428653016763498.dir/webapp/,AVAILABLE}{/hddsDatanode}
2019-10-22 00:08:36,446 [main] INFO  server.AbstractConnector (AbstractConnector.java:doStart(278)) - Started ServerConnector@74606204{HTTP/1.1,[http/1.1]}{0.0.0.0:46552}
2019-10-22 00:08:36,447 [main] INFO  server.Server (Server.java:doStart(419)) - Started @86694ms
2019-10-22 00:08:36,448 [main] WARN  impl.MetricsSystemImpl (MetricsSystemImpl.java:register(276)) - Sink prometheus already exists!
2019-10-22 00:08:36,449 [main] INFO  server.BaseHttpServer (BaseHttpServer.java:updateConnectorAddress(215)) - HTTP server of HDDSDATANODE is listening at http://0.0.0.0:46552
2019-10-22 00:08:36,449 [main] INFO  impl.MetricsSystemImpl (MetricsSystemImpl.java:init(158)) - HddsDatanode metrics system started (again)
2019-10-22 00:08:36,453 [org.apache.hadoop.util.JvmPauseMonitor$Monitor@818654d] INFO  util.JvmPauseMonitor (JvmPauseMonitor.java:run(188)) - Starting JVM pause monitor
2019-10-22 00:08:36,453 [main] INFO  ozone.HddsDatanodeService (HddsDatanodeService.java:start(184)) - HddsDatanodeService host:pr-hdds-2343-5q8j9-3338874002 ip:192.168.157.254
2019-10-22 00:08:36,455 [Datanode State Machine Thread - 0] INFO  datanode.InitDatanodeState (InitDatanodeState.java:persistContainerDatanodeDetails(140)) - DatanodeDetails is persisted to /workdir/hadoop-ozone/integration-test/target/test-dir/MiniOzoneClusterImpl-7b60a606-535f-40c2-b446-60b0e48a57dd/datanode-3/meta/datanode.id
2019-10-22 00:08:36,460 [main] INFO  volume.HddsVolume (HddsVolume.java:<init>(176)) - Creating Volume: /workdir/hadoop-ozone/integration-test/target/test-dir/MiniOzoneClusterImpl-7b60a606-535f-40c2-b446-60b0e48a57dd/datanode-4/data/containers/hdds of  storage type : DISK and capacity : 1482555576320
2019-10-22 00:08:36,461 [main] INFO  volume.VolumeSet (VolumeSet.java:initializeVolumeSet(170)) - Added Volume : /workdir/hadoop-ozone/integration-test/target/test-dir/MiniOzoneClusterImpl-7b60a606-535f-40c2-b446-60b0e48a57dd/datanode-4/data/containers/hdds to VolumeSet
2019-10-22 00:08:36,461 [main] INFO  volume.ThrottledAsyncChecker (ThrottledAsyncChecker.java:schedule(141)) - Scheduling a check for /workdir/hadoop-ozone/integration-test/target/test-dir/MiniOzoneClusterImpl-7b60a606-535f-40c2-b446-60b0e48a57dd/datanode-4/data/containers/hdds
2019-10-22 00:08:36,462 [main] INFO  volume.HddsVolumeChecker (HddsVolumeChecker.java:checkAllVolumes(204)) - Scheduled health check for volume /workdir/hadoop-ozone/integration-test/target/test-dir/MiniOzoneClusterImpl-7b60a606-535f-40c2-b446-60b0e48a57dd/datanode-4/data/containers/hdds
2019-10-22 00:08:36,479 [main] INFO  impl.RaftServerProxy (ConfUtils.java:logGet(43)) - raft.rpc.type = GRPC (default)
2019-10-22 00:08:36,480 [main] INFO  grpc.GrpcFactory (GrpcFactory.java:checkPooledByteBufAllocatorUseCacheForAllThreads(45)) - PERFORMANCE WARNING: useCacheForAllThreads is true that may cause Netty to create a lot garbage objects and, as a result, trigger GC.
	It is recommended to disable useCacheForAllThreads by setting -Dorg.apache.ratis.thirdparty.io.netty.allocator.useCacheForAllThreads=false in command line.
2019-10-22 00:08:36,480 [main] INFO  grpc.GrpcConfigKeys$Server (ConfUtils.java:logGet(43)) - raft.grpc.server.port = 0 (default)
2019-10-22 00:08:36,480 [main] INFO  server.GrpcService (ConfUtils.java:logGet(43)) - raft.grpc.message.size.max = 33570816 (custom)
2019-10-22 00:08:36,480 [main] INFO  server.RaftServerConfigKeys (ConfUtils.java:logGet(43)) - raft.server.log.appender.buffer.byte-limit = 33554432 (custom)
2019-10-22 00:08:36,481 [main] INFO  server.GrpcService (ConfUtils.java:logGet(43)) - raft.grpc.flow.control.window = 1MB (=1048576) (default)
2019-10-22 00:08:36,481 [main] INFO  server.RaftServerConfigKeys (ConfUtils.java:logGet(43)) - raft.server.rpc.request.timeout = 3000ms (default)
2019-10-22 00:08:36,482 [main] INFO  server.RaftServerConfigKeys (ConfUtils.java:logGet(43)) - raft.server.storage.dir = [/workdir/hadoop-ozone/integration-test/target/test-dir/MiniOzoneClusterImpl-7b60a606-535f-40c2-b446-60b0e48a57dd/datanode-4/data/ratis] (custom)
2019-10-22 00:08:36,484 [main] INFO  hdfs.DFSUtil (DFSUtil.java:httpServerTemplateForNNAndJN(1641)) - Starting Web-server for hddsDatanode at: http://0.0.0.0:0
2019-10-22 00:08:36,485 [main] INFO  server.AuthenticationFilter (AuthenticationFilter.java:constructSecretProvider(240)) - Unable to initialize FileSignerSecretProvider, falling back to use random secrets.
2019-10-22 00:08:36,485 [main] WARN  http.HttpRequestLog (HttpRequestLog.java:getRequestLog(97)) - Jetty request log can only be enabled using Log4j
2019-10-22 00:08:36,487 [main] INFO  http.HttpServer2 (HttpServer2.java:addGlobalFilter(975)) - Added global filter 'safety' (class=org.apache.hadoop.http.HttpServer2$QuotingInputFilter)
2019-10-22 00:08:36,487 [main] INFO  http.HttpServer2 (HttpServer2.java:addFilter(948)) - Added filter static_user_filter (class=org.apache.hadoop.http.lib.StaticUserWebFilter$StaticUserFilter) to context hddsDatanode
2019-10-22 00:08:36,487 [main] INFO  http.HttpServer2 (HttpServer2.java:addFilter(958)) - Added filter static_user_filter (class=org.apache.hadoop.http.lib.StaticUserWebFilter$StaticUserFilter) to context static
2019-10-22 00:08:36,487 [main] INFO  http.HttpServer2 (HttpServer2.java:addFilter(958)) - Added filter static_user_filter (class=org.apache.hadoop.http.lib.StaticUserWebFilter$StaticUserFilter) to context logs
2019-10-22 00:08:36,488 [main] INFO  http.HttpServer2 (HttpServer2.java:bindListener(1191)) - Jetty bound to port 45935
2019-10-22 00:08:36,488 [main] INFO  server.Server (Server.java:doStart(351)) - jetty-9.3.25.v20180904, build timestamp: 2018-09-04T21:11:46Z, git hash: 3ce520221d0240229c862b122d2b06c12a625732
2019-10-22 00:08:36,490 [main] INFO  handler.ContextHandler (ContextHandler.java:doStart(781)) - Started o.e.j.s.ServletContextHandler@34d713a2{/logs,file:///workdir/hadoop-ozone/integration-test/target/log,AVAILABLE}
2019-10-22 00:08:36,490 [main] INFO  handler.ContextHandler (ContextHandler.java:doStart(781)) - Started o.e.j.s.ServletContextHandler@889a8a8{/static,jar:file:/home/user/.m2/repository/org/apache/hadoop/hadoop-hdds-container-service/0.5.0-SNAPSHOT/hadoop-hdds-container-service-0.5.0-SNAPSHOT.jar!/webapps/static,AVAILABLE}
2019-10-22 00:08:36,520 [main] INFO  handler.ContextHandler (ContextHandler.java:doStart(781)) - Started o.e.j.w.WebAppContext@7e62cfa3{/,file:///tmp/jetty-0.0.0.0-45935-hddsDatanode-_-any-2277624782461542994.dir/webapp/,AVAILABLE}{/hddsDatanode}
2019-10-22 00:08:36,521 [main] INFO  server.AbstractConnector (AbstractConnector.java:doStart(278)) - Started ServerConnector@46e190ed{HTTP/1.1,[http/1.1]}{0.0.0.0:45935}
2019-10-22 00:08:36,522 [main] INFO  server.Server (Server.java:doStart(419)) - Started @86769ms
2019-10-22 00:08:36,522 [main] WARN  impl.MetricsSystemImpl (MetricsSystemImpl.java:register(276)) - Sink prometheus already exists!
2019-10-22 00:08:36,523 [main] INFO  server.BaseHttpServer (BaseHttpServer.java:updateConnectorAddress(215)) - HTTP server of HDDSDATANODE is listening at http://0.0.0.0:45935
2019-10-22 00:08:36,524 [main] INFO  impl.MetricsSystemImpl (MetricsSystemImpl.java:init(158)) - HddsDatanode metrics system started (again)
2019-10-22 00:08:36,527 [org.apache.hadoop.util.JvmPauseMonitor$Monitor@2fbf9ae1] INFO  util.JvmPauseMonitor (JvmPauseMonitor.java:run(188)) - Starting JVM pause monitor
2019-10-22 00:08:36,527 [main] INFO  ozone.HddsDatanodeService (HddsDatanodeService.java:start(184)) - HddsDatanodeService host:pr-hdds-2343-5q8j9-3338874002 ip:192.168.157.254
2019-10-22 00:08:36,528 [Datanode State Machine Thread - 0] INFO  datanode.InitDatanodeState (InitDatanodeState.java:persistContainerDatanodeDetails(140)) - DatanodeDetails is persisted to /workdir/hadoop-ozone/integration-test/target/test-dir/MiniOzoneClusterImpl-7b60a606-535f-40c2-b446-60b0e48a57dd/datanode-4/meta/datanode.id
2019-10-22 00:08:36,534 [main] INFO  volume.HddsVolume (HddsVolume.java:<init>(176)) - Creating Volume: /workdir/hadoop-ozone/integration-test/target/test-dir/MiniOzoneClusterImpl-7b60a606-535f-40c2-b446-60b0e48a57dd/datanode-5/data/containers/hdds of  storage type : DISK and capacity : 1482555576320
2019-10-22 00:08:36,534 [main] INFO  volume.VolumeSet (VolumeSet.java:initializeVolumeSet(170)) - Added Volume : /workdir/hadoop-ozone/integration-test/target/test-dir/MiniOzoneClusterImpl-7b60a606-535f-40c2-b446-60b0e48a57dd/datanode-5/data/containers/hdds to VolumeSet
2019-10-22 00:08:36,534 [main] INFO  volume.ThrottledAsyncChecker (ThrottledAsyncChecker.java:schedule(141)) - Scheduling a check for /workdir/hadoop-ozone/integration-test/target/test-dir/MiniOzoneClusterImpl-7b60a606-535f-40c2-b446-60b0e48a57dd/datanode-5/data/containers/hdds
2019-10-22 00:08:36,535 [main] INFO  volume.HddsVolumeChecker (HddsVolumeChecker.java:checkAllVolumes(204)) - Scheduled health check for volume /workdir/hadoop-ozone/integration-test/target/test-dir/MiniOzoneClusterImpl-7b60a606-535f-40c2-b446-60b0e48a57dd/datanode-5/data/containers/hdds
2019-10-22 00:08:36,548 [main] INFO  impl.RaftServerProxy (ConfUtils.java:logGet(43)) - raft.rpc.type = GRPC (default)
2019-10-22 00:08:36,548 [main] INFO  grpc.GrpcFactory (GrpcFactory.java:checkPooledByteBufAllocatorUseCacheForAllThreads(45)) - PERFORMANCE WARNING: useCacheForAllThreads is true that may cause Netty to create a lot garbage objects and, as a result, trigger GC.
	It is recommended to disable useCacheForAllThreads by setting -Dorg.apache.ratis.thirdparty.io.netty.allocator.useCacheForAllThreads=false in command line.
2019-10-22 00:08:36,549 [main] INFO  grpc.GrpcConfigKeys$Server (ConfUtils.java:logGet(43)) - raft.grpc.server.port = 0 (default)
2019-10-22 00:08:36,549 [main] INFO  server.GrpcService (ConfUtils.java:logGet(43)) - raft.grpc.message.size.max = 33570816 (custom)
2019-10-22 00:08:36,549 [main] INFO  server.RaftServerConfigKeys (ConfUtils.java:logGet(43)) - raft.server.log.appender.buffer.byte-limit = 33554432 (custom)
2019-10-22 00:08:36,549 [main] INFO  server.GrpcService (ConfUtils.java:logGet(43)) - raft.grpc.flow.control.window = 1MB (=1048576) (default)
2019-10-22 00:08:36,549 [main] INFO  server.RaftServerConfigKeys (ConfUtils.java:logGet(43)) - raft.server.rpc.request.timeout = 3000ms (default)
2019-10-22 00:08:36,550 [main] INFO  server.RaftServerConfigKeys (ConfUtils.java:logGet(43)) - raft.server.storage.dir = [/workdir/hadoop-ozone/integration-test/target/test-dir/MiniOzoneClusterImpl-7b60a606-535f-40c2-b446-60b0e48a57dd/datanode-5/data/ratis] (custom)
2019-10-22 00:08:36,552 [main] INFO  hdfs.DFSUtil (DFSUtil.java:httpServerTemplateForNNAndJN(1641)) - Starting Web-server for hddsDatanode at: http://0.0.0.0:0
2019-10-22 00:08:36,554 [main] INFO  server.AuthenticationFilter (AuthenticationFilter.java:constructSecretProvider(240)) - Unable to initialize FileSignerSecretProvider, falling back to use random secrets.
2019-10-22 00:08:36,554 [main] WARN  http.HttpRequestLog (HttpRequestLog.java:getRequestLog(97)) - Jetty request log can only be enabled using Log4j
2019-10-22 00:08:36,555 [main] INFO  http.HttpServer2 (HttpServer2.java:addGlobalFilter(975)) - Added global filter 'safety' (class=org.apache.hadoop.http.HttpServer2$QuotingInputFilter)
2019-10-22 00:08:36,556 [main] INFO  http.HttpServer2 (HttpServer2.java:addFilter(948)) - Added filter static_user_filter (class=org.apache.hadoop.http.lib.StaticUserWebFilter$StaticUserFilter) to context hddsDatanode
2019-10-22 00:08:36,556 [main] INFO  http.HttpServer2 (HttpServer2.java:addFilter(958)) - Added filter static_user_filter (class=org.apache.hadoop.http.lib.StaticUserWebFilter$StaticUserFilter) to context static
2019-10-22 00:08:36,556 [main] INFO  http.HttpServer2 (HttpServer2.java:addFilter(958)) - Added filter static_user_filter (class=org.apache.hadoop.http.lib.StaticUserWebFilter$StaticUserFilter) to context logs
2019-10-22 00:08:36,557 [main] INFO  http.HttpServer2 (HttpServer2.java:bindListener(1191)) - Jetty bound to port 34513
2019-10-22 00:08:36,557 [main] INFO  server.Server (Server.java:doStart(351)) - jetty-9.3.25.v20180904, build timestamp: 2018-09-04T21:11:46Z, git hash: 3ce520221d0240229c862b122d2b06c12a625732
2019-10-22 00:08:36,559 [main] INFO  handler.ContextHandler (ContextHandler.java:doStart(781)) - Started o.e.j.s.ServletContextHandler@a9c5b75{/logs,file:///workdir/hadoop-ozone/integration-test/target/log,AVAILABLE}
2019-10-22 00:08:36,559 [main] INFO  handler.ContextHandler (ContextHandler.java:doStart(781)) - Started o.e.j.s.ServletContextHandler@4dac121d{/static,jar:file:/home/user/.m2/repository/org/apache/hadoop/hadoop-hdds-container-service/0.5.0-SNAPSHOT/hadoop-hdds-container-service-0.5.0-SNAPSHOT.jar!/webapps/static,AVAILABLE}
2019-10-22 00:08:36,589 [main] INFO  handler.ContextHandler (ContextHandler.java:doStart(781)) - Started o.e.j.w.WebAppContext@a146b11{/,file:///tmp/jetty-0.0.0.0-34513-hddsDatanode-_-any-8557703067003897277.dir/webapp/,AVAILABLE}{/hddsDatanode}
2019-10-22 00:08:36,590 [main] INFO  server.AbstractConnector (AbstractConnector.java:doStart(278)) - Started ServerConnector@f438904{HTTP/1.1,[http/1.1]}{0.0.0.0:34513}
2019-10-22 00:08:36,591 [main] INFO  server.Server (Server.java:doStart(419)) - Started @86838ms
2019-10-22 00:08:36,591 [main] WARN  impl.MetricsSystemImpl (MetricsSystemImpl.java:register(276)) - Sink prometheus already exists!
2019-10-22 00:08:36,592 [main] INFO  server.BaseHttpServer (BaseHttpServer.java:updateConnectorAddress(215)) - HTTP server of HDDSDATANODE is listening at http://0.0.0.0:34513
2019-10-22 00:08:36,593 [main] INFO  impl.MetricsSystemImpl (MetricsSystemImpl.java:init(158)) - HddsDatanode metrics system started (again)
2019-10-22 00:08:36,596 [org.apache.hadoop.util.JvmPauseMonitor$Monitor@6aac55bc] INFO  util.JvmPauseMonitor (JvmPauseMonitor.java:run(188)) - Starting JVM pause monitor
2019-10-22 00:08:36,597 [main] INFO  ozone.HddsDatanodeService (HddsDatanodeService.java:start(184)) - HddsDatanodeService host:pr-hdds-2343-5q8j9-3338874002 ip:192.168.157.254
2019-10-22 00:08:36,599 [Datanode State Machine Thread - 0] INFO  datanode.InitDatanodeState (InitDatanodeState.java:persistContainerDatanodeDetails(140)) - DatanodeDetails is persisted to /workdir/hadoop-ozone/integration-test/target/test-dir/MiniOzoneClusterImpl-7b60a606-535f-40c2-b446-60b0e48a57dd/datanode-5/meta/datanode.id
2019-10-22 00:08:36,603 [main] INFO  volume.HddsVolume (HddsVolume.java:<init>(176)) - Creating Volume: /workdir/hadoop-ozone/integration-test/target/test-dir/MiniOzoneClusterImpl-7b60a606-535f-40c2-b446-60b0e48a57dd/datanode-6/data/containers/hdds of  storage type : DISK and capacity : 1482555576320
2019-10-22 00:08:36,603 [main] INFO  volume.VolumeSet (VolumeSet.java:initializeVolumeSet(170)) - Added Volume : /workdir/hadoop-ozone/integration-test/target/test-dir/MiniOzoneClusterImpl-7b60a606-535f-40c2-b446-60b0e48a57dd/datanode-6/data/containers/hdds to VolumeSet
2019-10-22 00:08:36,604 [main] INFO  volume.ThrottledAsyncChecker (ThrottledAsyncChecker.java:schedule(141)) - Scheduling a check for /workdir/hadoop-ozone/integration-test/target/test-dir/MiniOzoneClusterImpl-7b60a606-535f-40c2-b446-60b0e48a57dd/datanode-6/data/containers/hdds
2019-10-22 00:08:36,604 [main] INFO  volume.HddsVolumeChecker (HddsVolumeChecker.java:checkAllVolumes(204)) - Scheduled health check for volume /workdir/hadoop-ozone/integration-test/target/test-dir/MiniOzoneClusterImpl-7b60a606-535f-40c2-b446-60b0e48a57dd/datanode-6/data/containers/hdds
2019-10-22 00:08:36,618 [main] INFO  impl.RaftServerProxy (ConfUtils.java:logGet(43)) - raft.rpc.type = GRPC (default)
2019-10-22 00:08:36,618 [main] INFO  grpc.GrpcFactory (GrpcFactory.java:checkPooledByteBufAllocatorUseCacheForAllThreads(45)) - PERFORMANCE WARNING: useCacheForAllThreads is true that may cause Netty to create a lot garbage objects and, as a result, trigger GC.
	It is recommended to disable useCacheForAllThreads by setting -Dorg.apache.ratis.thirdparty.io.netty.allocator.useCacheForAllThreads=false in command line.
2019-10-22 00:08:36,619 [main] INFO  grpc.GrpcConfigKeys$Server (ConfUtils.java:logGet(43)) - raft.grpc.server.port = 0 (default)
2019-10-22 00:08:36,619 [main] INFO  server.GrpcService (ConfUtils.java:logGet(43)) - raft.grpc.message.size.max = 33570816 (custom)
2019-10-22 00:08:36,619 [main] INFO  server.RaftServerConfigKeys (ConfUtils.java:logGet(43)) - raft.server.log.appender.buffer.byte-limit = 33554432 (custom)
2019-10-22 00:08:36,619 [main] INFO  server.GrpcService (ConfUtils.java:logGet(43)) - raft.grpc.flow.control.window = 1MB (=1048576) (default)
2019-10-22 00:08:36,619 [main] INFO  server.RaftServerConfigKeys (ConfUtils.java:logGet(43)) - raft.server.rpc.request.timeout = 3000ms (default)
2019-10-22 00:08:36,620 [main] INFO  server.RaftServerConfigKeys (ConfUtils.java:logGet(43)) - raft.server.storage.dir = [/workdir/hadoop-ozone/integration-test/target/test-dir/MiniOzoneClusterImpl-7b60a606-535f-40c2-b446-60b0e48a57dd/datanode-6/data/ratis] (custom)
2019-10-22 00:08:36,621 [main] INFO  hdfs.DFSUtil (DFSUtil.java:httpServerTemplateForNNAndJN(1641)) - Starting Web-server for hddsDatanode at: http://0.0.0.0:0
2019-10-22 00:08:36,622 [main] INFO  server.AuthenticationFilter (AuthenticationFilter.java:constructSecretProvider(240)) - Unable to initialize FileSignerSecretProvider, falling back to use random secrets.
2019-10-22 00:08:36,623 [main] WARN  http.HttpRequestLog (HttpRequestLog.java:getRequestLog(97)) - Jetty request log can only be enabled using Log4j
2019-10-22 00:08:36,624 [main] INFO  http.HttpServer2 (HttpServer2.java:addGlobalFilter(975)) - Added global filter 'safety' (class=org.apache.hadoop.http.HttpServer2$QuotingInputFilter)
2019-10-22 00:08:36,624 [main] INFO  http.HttpServer2 (HttpServer2.java:addFilter(948)) - Added filter static_user_filter (class=org.apache.hadoop.http.lib.StaticUserWebFilter$StaticUserFilter) to context hddsDatanode
2019-10-22 00:08:36,624 [main] INFO  http.HttpServer2 (HttpServer2.java:addFilter(958)) - Added filter static_user_filter (class=org.apache.hadoop.http.lib.StaticUserWebFilter$StaticUserFilter) to context static
2019-10-22 00:08:36,625 [main] INFO  http.HttpServer2 (HttpServer2.java:addFilter(958)) - Added filter static_user_filter (class=org.apache.hadoop.http.lib.StaticUserWebFilter$StaticUserFilter) to context logs
2019-10-22 00:08:36,625 [main] INFO  http.HttpServer2 (HttpServer2.java:bindListener(1191)) - Jetty bound to port 42096
2019-10-22 00:08:36,625 [main] INFO  server.Server (Server.java:doStart(351)) - jetty-9.3.25.v20180904, build timestamp: 2018-09-04T21:11:46Z, git hash: 3ce520221d0240229c862b122d2b06c12a625732
2019-10-22 00:08:36,627 [main] INFO  handler.ContextHandler (ContextHandler.java:doStart(781)) - Started o.e.j.s.ServletContextHandler@21bd128b{/logs,file:///workdir/hadoop-ozone/integration-test/target/log,AVAILABLE}
2019-10-22 00:08:36,627 [main] INFO  handler.ContextHandler (ContextHandler.java:doStart(781)) - Started o.e.j.s.ServletContextHandler@4b432e53{/static,jar:file:/home/user/.m2/repository/org/apache/hadoop/hadoop-hdds-container-service/0.5.0-SNAPSHOT/hadoop-hdds-container-service-0.5.0-SNAPSHOT.jar!/webapps/static,AVAILABLE}
2019-10-22 00:08:36,657 [main] INFO  handler.ContextHandler (ContextHandler.java:doStart(781)) - Started o.e.j.w.WebAppContext@3878be7b{/,file:///tmp/jetty-0.0.0.0-42096-hddsDatanode-_-any-7721135836879472020.dir/webapp/,AVAILABLE}{/hddsDatanode}
2019-10-22 00:08:36,657 [main] INFO  server.AbstractConnector (AbstractConnector.java:doStart(278)) - Started ServerConnector@7df28f1{HTTP/1.1,[http/1.1]}{0.0.0.0:42096}
2019-10-22 00:08:36,658 [main] INFO  server.Server (Server.java:doStart(419)) - Started @86905ms
2019-10-22 00:08:36,658 [main] WARN  impl.MetricsSystemImpl (MetricsSystemImpl.java:register(276)) - Sink prometheus already exists!
2019-10-22 00:08:36,659 [main] INFO  server.BaseHttpServer (BaseHttpServer.java:updateConnectorAddress(215)) - HTTP server of HDDSDATANODE is listening at http://0.0.0.0:42096
2019-10-22 00:08:36,660 [main] INFO  impl.MetricsSystemImpl (MetricsSystemImpl.java:init(158)) - HddsDatanode metrics system started (again)
2019-10-22 00:08:36,663 [org.apache.hadoop.util.JvmPauseMonitor$Monitor@1f639e01] INFO  util.JvmPauseMonitor (JvmPauseMonitor.java:run(188)) - Starting JVM pause monitor
2019-10-22 00:08:36,664 [main] INFO  ozone.HddsDatanodeService (HddsDatanodeService.java:start(184)) - HddsDatanodeService host:pr-hdds-2343-5q8j9-3338874002 ip:192.168.157.254
2019-10-22 00:08:36,665 [Datanode State Machine Thread - 0] INFO  datanode.InitDatanodeState (InitDatanodeState.java:persistContainerDatanodeDetails(140)) - DatanodeDetails is persisted to /workdir/hadoop-ozone/integration-test/target/test-dir/MiniOzoneClusterImpl-7b60a606-535f-40c2-b446-60b0e48a57dd/datanode-6/meta/datanode.id
2019-10-22 00:08:36,670 [main] INFO  volume.HddsVolume (HddsVolume.java:<init>(176)) - Creating Volume: /workdir/hadoop-ozone/integration-test/target/test-dir/MiniOzoneClusterImpl-7b60a606-535f-40c2-b446-60b0e48a57dd/datanode-7/data/containers/hdds of  storage type : DISK and capacity : 1482555576320
2019-10-22 00:08:36,671 [main] INFO  volume.VolumeSet (VolumeSet.java:initializeVolumeSet(170)) - Added Volume : /workdir/hadoop-ozone/integration-test/target/test-dir/MiniOzoneClusterImpl-7b60a606-535f-40c2-b446-60b0e48a57dd/datanode-7/data/containers/hdds to VolumeSet
2019-10-22 00:08:36,671 [main] INFO  volume.ThrottledAsyncChecker (ThrottledAsyncChecker.java:schedule(141)) - Scheduling a check for /workdir/hadoop-ozone/integration-test/target/test-dir/MiniOzoneClusterImpl-7b60a606-535f-40c2-b446-60b0e48a57dd/datanode-7/data/containers/hdds
2019-10-22 00:08:36,671 [main] INFO  volume.HddsVolumeChecker (HddsVolumeChecker.java:checkAllVolumes(204)) - Scheduled health check for volume /workdir/hadoop-ozone/integration-test/target/test-dir/MiniOzoneClusterImpl-7b60a606-535f-40c2-b446-60b0e48a57dd/datanode-7/data/containers/hdds
2019-10-22 00:08:36,683 [main] INFO  impl.RaftServerProxy (ConfUtils.java:logGet(43)) - raft.rpc.type = GRPC (default)
2019-10-22 00:08:36,683 [main] INFO  grpc.GrpcFactory (GrpcFactory.java:checkPooledByteBufAllocatorUseCacheForAllThreads(45)) - PERFORMANCE WARNING: useCacheForAllThreads is true that may cause Netty to create a lot garbage objects and, as a result, trigger GC.
	It is recommended to disable useCacheForAllThreads by setting -Dorg.apache.ratis.thirdparty.io.netty.allocator.useCacheForAllThreads=false in command line.
2019-10-22 00:08:36,683 [main] INFO  grpc.GrpcConfigKeys$Server (ConfUtils.java:logGet(43)) - raft.grpc.server.port = 0 (default)
2019-10-22 00:08:36,684 [main] INFO  server.GrpcService (ConfUtils.java:logGet(43)) - raft.grpc.message.size.max = 33570816 (custom)
2019-10-22 00:08:36,684 [main] INFO  server.RaftServerConfigKeys (ConfUtils.java:logGet(43)) - raft.server.log.appender.buffer.byte-limit = 33554432 (custom)
2019-10-22 00:08:36,684 [main] INFO  server.GrpcService (ConfUtils.java:logGet(43)) - raft.grpc.flow.control.window = 1MB (=1048576) (default)
2019-10-22 00:08:36,684 [main] INFO  server.RaftServerConfigKeys (ConfUtils.java:logGet(43)) - raft.server.rpc.request.timeout = 3000ms (default)
2019-10-22 00:08:36,685 [main] INFO  server.RaftServerConfigKeys (ConfUtils.java:logGet(43)) - raft.server.storage.dir = [/workdir/hadoop-ozone/integration-test/target/test-dir/MiniOzoneClusterImpl-7b60a606-535f-40c2-b446-60b0e48a57dd/datanode-7/data/ratis] (custom)
2019-10-22 00:08:36,686 [main] INFO  hdfs.DFSUtil (DFSUtil.java:httpServerTemplateForNNAndJN(1641)) - Starting Web-server for hddsDatanode at: http://0.0.0.0:0
2019-10-22 00:08:36,691 [main] INFO  server.AuthenticationFilter (AuthenticationFilter.java:constructSecretProvider(240)) - Unable to initialize FileSignerSecretProvider, falling back to use random secrets.
2019-10-22 00:08:36,691 [main] WARN  http.HttpRequestLog (HttpRequestLog.java:getRequestLog(97)) - Jetty request log can only be enabled using Log4j
2019-10-22 00:08:36,692 [main] INFO  http.HttpServer2 (HttpServer2.java:addGlobalFilter(975)) - Added global filter 'safety' (class=org.apache.hadoop.http.HttpServer2$QuotingInputFilter)
2019-10-22 00:08:36,693 [main] INFO  http.HttpServer2 (HttpServer2.java:addFilter(948)) - Added filter static_user_filter (class=org.apache.hadoop.http.lib.StaticUserWebFilter$StaticUserFilter) to context hddsDatanode
2019-10-22 00:08:36,693 [main] INFO  http.HttpServer2 (HttpServer2.java:addFilter(958)) - Added filter static_user_filter (class=org.apache.hadoop.http.lib.StaticUserWebFilter$StaticUserFilter) to context logs
2019-10-22 00:08:36,693 [main] INFO  http.HttpServer2 (HttpServer2.java:addFilter(958)) - Added filter static_user_filter (class=org.apache.hadoop.http.lib.StaticUserWebFilter$StaticUserFilter) to context static
2019-10-22 00:08:36,694 [main] INFO  http.HttpServer2 (HttpServer2.java:bindListener(1191)) - Jetty bound to port 40836
2019-10-22 00:08:36,694 [main] INFO  server.Server (Server.java:doStart(351)) - jetty-9.3.25.v20180904, build timestamp: 2018-09-04T21:11:46Z, git hash: 3ce520221d0240229c862b122d2b06c12a625732
2019-10-22 00:08:36,696 [main] INFO  handler.ContextHandler (ContextHandler.java:doStart(781)) - Started o.e.j.s.ServletContextHandler@7b2ccba5{/logs,file:///workdir/hadoop-ozone/integration-test/target/log,AVAILABLE}
2019-10-22 00:08:36,696 [main] INFO  handler.ContextHandler (ContextHandler.java:doStart(781)) - Started o.e.j.s.ServletContextHandler@5d5a51b1{/static,jar:file:/home/user/.m2/repository/org/apache/hadoop/hadoop-hdds-container-service/0.5.0-SNAPSHOT/hadoop-hdds-container-service-0.5.0-SNAPSHOT.jar!/webapps/static,AVAILABLE}
2019-10-22 00:08:36,726 [main] INFO  handler.ContextHandler (ContextHandler.java:doStart(781)) - Started o.e.j.w.WebAppContext@54a2d96e{/,file:///tmp/jetty-0.0.0.0-40836-hddsDatanode-_-any-5056415032846828202.dir/webapp/,AVAILABLE}{/hddsDatanode}
2019-10-22 00:08:36,726 [main] INFO  server.AbstractConnector (AbstractConnector.java:doStart(278)) - Started ServerConnector@66a53104{HTTP/1.1,[http/1.1]}{0.0.0.0:40836}
2019-10-22 00:08:36,730 [main] INFO  server.Server (Server.java:doStart(419)) - Started @86977ms
2019-10-22 00:08:36,730 [main] WARN  impl.MetricsSystemImpl (MetricsSystemImpl.java:register(276)) - Sink prometheus already exists!
2019-10-22 00:08:36,731 [main] INFO  server.BaseHttpServer (BaseHttpServer.java:updateConnectorAddress(215)) - HTTP server of HDDSDATANODE is listening at http://0.0.0.0:40836
2019-10-22 00:08:36,732 [main] INFO  impl.MetricsSystemImpl (MetricsSystemImpl.java:init(158)) - HddsDatanode metrics system started (again)
2019-10-22 00:08:36,736 [org.apache.hadoop.util.JvmPauseMonitor$Monitor@27708e2b] INFO  util.JvmPauseMonitor (JvmPauseMonitor.java:run(188)) - Starting JVM pause monitor
2019-10-22 00:08:36,736 [main] INFO  ozone.HddsDatanodeService (HddsDatanodeService.java:start(184)) - HddsDatanodeService host:pr-hdds-2343-5q8j9-3338874002 ip:192.168.157.254
2019-10-22 00:08:36,738 [Datanode State Machine Thread - 0] INFO  datanode.InitDatanodeState (InitDatanodeState.java:persistContainerDatanodeDetails(140)) - DatanodeDetails is persisted to /workdir/hadoop-ozone/integration-test/target/test-dir/MiniOzoneClusterImpl-7b60a606-535f-40c2-b446-60b0e48a57dd/datanode-7/meta/datanode.id
2019-10-22 00:08:36,747 [main] INFO  volume.HddsVolume (HddsVolume.java:<init>(176)) - Creating Volume: /workdir/hadoop-ozone/integration-test/target/test-dir/MiniOzoneClusterImpl-7b60a606-535f-40c2-b446-60b0e48a57dd/datanode-8/data/containers/hdds of  storage type : DISK and capacity : 1482555576320
2019-10-22 00:08:36,747 [main] INFO  volume.VolumeSet (VolumeSet.java:initializeVolumeSet(170)) - Added Volume : /workdir/hadoop-ozone/integration-test/target/test-dir/MiniOzoneClusterImpl-7b60a606-535f-40c2-b446-60b0e48a57dd/datanode-8/data/containers/hdds to VolumeSet
2019-10-22 00:08:36,747 [main] INFO  volume.ThrottledAsyncChecker (ThrottledAsyncChecker.java:schedule(141)) - Scheduling a check for /workdir/hadoop-ozone/integration-test/target/test-dir/MiniOzoneClusterImpl-7b60a606-535f-40c2-b446-60b0e48a57dd/datanode-8/data/containers/hdds
2019-10-22 00:08:36,748 [main] INFO  volume.HddsVolumeChecker (HddsVolumeChecker.java:checkAllVolumes(204)) - Scheduled health check for volume /workdir/hadoop-ozone/integration-test/target/test-dir/MiniOzoneClusterImpl-7b60a606-535f-40c2-b446-60b0e48a57dd/datanode-8/data/containers/hdds
2019-10-22 00:08:36,764 [main] INFO  impl.RaftServerProxy (ConfUtils.java:logGet(43)) - raft.rpc.type = GRPC (default)
2019-10-22 00:08:36,764 [main] INFO  grpc.GrpcFactory (GrpcFactory.java:checkPooledByteBufAllocatorUseCacheForAllThreads(45)) - PERFORMANCE WARNING: useCacheForAllThreads is true that may cause Netty to create a lot garbage objects and, as a result, trigger GC.
	It is recommended to disable useCacheForAllThreads by setting -Dorg.apache.ratis.thirdparty.io.netty.allocator.useCacheForAllThreads=false in command line.
2019-10-22 00:08:36,764 [main] INFO  grpc.GrpcConfigKeys$Server (ConfUtils.java:logGet(43)) - raft.grpc.server.port = 0 (default)
2019-10-22 00:08:36,764 [main] INFO  server.GrpcService (ConfUtils.java:logGet(43)) - raft.grpc.message.size.max = 33570816 (custom)
2019-10-22 00:08:36,765 [main] INFO  server.RaftServerConfigKeys (ConfUtils.java:logGet(43)) - raft.server.log.appender.buffer.byte-limit = 33554432 (custom)
2019-10-22 00:08:36,765 [main] INFO  server.GrpcService (ConfUtils.java:logGet(43)) - raft.grpc.flow.control.window = 1MB (=1048576) (default)
2019-10-22 00:08:36,765 [main] INFO  server.RaftServerConfigKeys (ConfUtils.java:logGet(43)) - raft.server.rpc.request.timeout = 3000ms (default)
2019-10-22 00:08:36,766 [main] INFO  server.RaftServerConfigKeys (ConfUtils.java:logGet(43)) - raft.server.storage.dir = [/workdir/hadoop-ozone/integration-test/target/test-dir/MiniOzoneClusterImpl-7b60a606-535f-40c2-b446-60b0e48a57dd/datanode-8/data/ratis] (custom)
2019-10-22 00:08:36,768 [main] INFO  hdfs.DFSUtil (DFSUtil.java:httpServerTemplateForNNAndJN(1641)) - Starting Web-server for hddsDatanode at: http://0.0.0.0:0
2019-10-22 00:08:36,769 [main] INFO  server.AuthenticationFilter (AuthenticationFilter.java:constructSecretProvider(240)) - Unable to initialize FileSignerSecretProvider, falling back to use random secrets.
2019-10-22 00:08:36,770 [main] WARN  http.HttpRequestLog (HttpRequestLog.java:getRequestLog(97)) - Jetty request log can only be enabled using Log4j
2019-10-22 00:08:36,772 [main] INFO  http.HttpServer2 (HttpServer2.java:addGlobalFilter(975)) - Added global filter 'safety' (class=org.apache.hadoop.http.HttpServer2$QuotingInputFilter)
2019-10-22 00:08:36,772 [main] INFO  http.HttpServer2 (HttpServer2.java:addFilter(948)) - Added filter static_user_filter (class=org.apache.hadoop.http.lib.StaticUserWebFilter$StaticUserFilter) to context hddsDatanode
2019-10-22 00:08:36,773 [main] INFO  http.HttpServer2 (HttpServer2.java:addFilter(958)) - Added filter static_user_filter (class=org.apache.hadoop.http.lib.StaticUserWebFilter$StaticUserFilter) to context logs
2019-10-22 00:08:36,773 [main] INFO  http.HttpServer2 (HttpServer2.java:addFilter(958)) - Added filter static_user_filter (class=org.apache.hadoop.http.lib.StaticUserWebFilter$StaticUserFilter) to context static
2019-10-22 00:08:36,774 [main] INFO  http.HttpServer2 (HttpServer2.java:bindListener(1191)) - Jetty bound to port 35764
2019-10-22 00:08:36,774 [main] INFO  server.Server (Server.java:doStart(351)) - jetty-9.3.25.v20180904, build timestamp: 2018-09-04T21:11:46Z, git hash: 3ce520221d0240229c862b122d2b06c12a625732
2019-10-22 00:08:36,776 [main] INFO  handler.ContextHandler (ContextHandler.java:doStart(781)) - Started o.e.j.s.ServletContextHandler@4b1ec694{/logs,file:///workdir/hadoop-ozone/integration-test/target/log,AVAILABLE}
2019-10-22 00:08:36,776 [main] INFO  handler.ContextHandler (ContextHandler.java:doStart(781)) - Started o.e.j.s.ServletContextHandler@5f34907b{/static,jar:file:/home/user/.m2/repository/org/apache/hadoop/hadoop-hdds-container-service/0.5.0-SNAPSHOT/hadoop-hdds-container-service-0.5.0-SNAPSHOT.jar!/webapps/static,AVAILABLE}
2019-10-22 00:08:36,813 [main] INFO  handler.ContextHandler (ContextHandler.java:doStart(781)) - Started o.e.j.w.WebAppContext@77c3c037{/,file:///tmp/jetty-0.0.0.0-35764-hddsDatanode-_-any-286587201530912037.dir/webapp/,AVAILABLE}{/hddsDatanode}
2019-10-22 00:08:36,813 [main] INFO  server.AbstractConnector (AbstractConnector.java:doStart(278)) - Started ServerConnector@252744a1{HTTP/1.1,[http/1.1]}{0.0.0.0:35764}
2019-10-22 00:08:36,815 [main] INFO  server.Server (Server.java:doStart(419)) - Started @87061ms
2019-10-22 00:08:36,815 [main] WARN  impl.MetricsSystemImpl (MetricsSystemImpl.java:register(276)) - Sink prometheus already exists!
2019-10-22 00:08:36,816 [main] INFO  server.BaseHttpServer (BaseHttpServer.java:updateConnectorAddress(215)) - HTTP server of HDDSDATANODE is listening at http://0.0.0.0:35764
2019-10-22 00:08:36,816 [main] INFO  impl.MetricsSystemImpl (MetricsSystemImpl.java:init(158)) - HddsDatanode metrics system started (again)
2019-10-22 00:08:36,820 [org.apache.hadoop.util.JvmPauseMonitor$Monitor@4a95fd46] INFO  util.JvmPauseMonitor (JvmPauseMonitor.java:run(188)) - Starting JVM pause monitor
2019-10-22 00:08:36,820 [main] INFO  ozone.HddsDatanodeService (HddsDatanodeService.java:start(184)) - HddsDatanodeService host:pr-hdds-2343-5q8j9-3338874002 ip:192.168.157.254
2019-10-22 00:08:36,821 [Datanode State Machine Thread - 0] INFO  datanode.InitDatanodeState (InitDatanodeState.java:persistContainerDatanodeDetails(140)) - DatanodeDetails is persisted to /workdir/hadoop-ozone/integration-test/target/test-dir/MiniOzoneClusterImpl-7b60a606-535f-40c2-b446-60b0e48a57dd/datanode-8/meta/datanode.id
2019-10-22 00:08:36,827 [main] INFO  volume.HddsVolume (HddsVolume.java:<init>(176)) - Creating Volume: /workdir/hadoop-ozone/integration-test/target/test-dir/MiniOzoneClusterImpl-7b60a606-535f-40c2-b446-60b0e48a57dd/datanode-9/data/containers/hdds of  storage type : DISK and capacity : 1482555576320
2019-10-22 00:08:36,827 [main] INFO  volume.VolumeSet (VolumeSet.java:initializeVolumeSet(170)) - Added Volume : /workdir/hadoop-ozone/integration-test/target/test-dir/MiniOzoneClusterImpl-7b60a606-535f-40c2-b446-60b0e48a57dd/datanode-9/data/containers/hdds to VolumeSet
2019-10-22 00:08:36,827 [main] INFO  volume.ThrottledAsyncChecker (ThrottledAsyncChecker.java:schedule(141)) - Scheduling a check for /workdir/hadoop-ozone/integration-test/target/test-dir/MiniOzoneClusterImpl-7b60a606-535f-40c2-b446-60b0e48a57dd/datanode-9/data/containers/hdds
2019-10-22 00:08:36,828 [main] INFO  volume.HddsVolumeChecker (HddsVolumeChecker.java:checkAllVolumes(204)) - Scheduled health check for volume /workdir/hadoop-ozone/integration-test/target/test-dir/MiniOzoneClusterImpl-7b60a606-535f-40c2-b446-60b0e48a57dd/datanode-9/data/containers/hdds
2019-10-22 00:08:36,840 [main] INFO  impl.RaftServerProxy (ConfUtils.java:logGet(43)) - raft.rpc.type = GRPC (default)
2019-10-22 00:08:36,840 [main] INFO  grpc.GrpcFactory (GrpcFactory.java:checkPooledByteBufAllocatorUseCacheForAllThreads(45)) - PERFORMANCE WARNING: useCacheForAllThreads is true that may cause Netty to create a lot garbage objects and, as a result, trigger GC.
	It is recommended to disable useCacheForAllThreads by setting -Dorg.apache.ratis.thirdparty.io.netty.allocator.useCacheForAllThreads=false in command line.
2019-10-22 00:08:36,840 [main] INFO  grpc.GrpcConfigKeys$Server (ConfUtils.java:logGet(43)) - raft.grpc.server.port = 0 (default)
2019-10-22 00:08:36,841 [main] INFO  server.GrpcService (ConfUtils.java:logGet(43)) - raft.grpc.message.size.max = 33570816 (custom)
2019-10-22 00:08:36,841 [main] INFO  server.RaftServerConfigKeys (ConfUtils.java:logGet(43)) - raft.server.log.appender.buffer.byte-limit = 33554432 (custom)
2019-10-22 00:08:36,841 [main] INFO  server.GrpcService (ConfUtils.java:logGet(43)) - raft.grpc.flow.control.window = 1MB (=1048576) (default)
2019-10-22 00:08:36,841 [main] INFO  server.RaftServerConfigKeys (ConfUtils.java:logGet(43)) - raft.server.rpc.request.timeout = 3000ms (default)
2019-10-22 00:08:36,842 [main] INFO  server.RaftServerConfigKeys (ConfUtils.java:logGet(43)) - raft.server.storage.dir = [/workdir/hadoop-ozone/integration-test/target/test-dir/MiniOzoneClusterImpl-7b60a606-535f-40c2-b446-60b0e48a57dd/datanode-9/data/ratis] (custom)
2019-10-22 00:08:36,843 [main] INFO  hdfs.DFSUtil (DFSUtil.java:httpServerTemplateForNNAndJN(1641)) - Starting Web-server for hddsDatanode at: http://0.0.0.0:0
2019-10-22 00:08:36,844 [main] INFO  server.AuthenticationFilter (AuthenticationFilter.java:constructSecretProvider(240)) - Unable to initialize FileSignerSecretProvider, falling back to use random secrets.
2019-10-22 00:08:36,845 [main] WARN  http.HttpRequestLog (HttpRequestLog.java:getRequestLog(97)) - Jetty request log can only be enabled using Log4j
2019-10-22 00:08:36,846 [main] INFO  http.HttpServer2 (HttpServer2.java:addGlobalFilter(975)) - Added global filter 'safety' (class=org.apache.hadoop.http.HttpServer2$QuotingInputFilter)
2019-10-22 00:08:36,846 [main] INFO  http.HttpServer2 (HttpServer2.java:addFilter(948)) - Added filter static_user_filter (class=org.apache.hadoop.http.lib.StaticUserWebFilter$StaticUserFilter) to context hddsDatanode
2019-10-22 00:08:36,846 [main] INFO  http.HttpServer2 (HttpServer2.java:addFilter(958)) - Added filter static_user_filter (class=org.apache.hadoop.http.lib.StaticUserWebFilter$StaticUserFilter) to context logs
2019-10-22 00:08:36,846 [main] INFO  http.HttpServer2 (HttpServer2.java:addFilter(958)) - Added filter static_user_filter (class=org.apache.hadoop.http.lib.StaticUserWebFilter$StaticUserFilter) to context static
2019-10-22 00:08:36,847 [main] INFO  http.HttpServer2 (HttpServer2.java:bindListener(1191)) - Jetty bound to port 41406
2019-10-22 00:08:36,847 [main] INFO  server.Server (Server.java:doStart(351)) - jetty-9.3.25.v20180904, build timestamp: 2018-09-04T21:11:46Z, git hash: 3ce520221d0240229c862b122d2b06c12a625732
2019-10-22 00:08:36,849 [main] INFO  handler.ContextHandler (ContextHandler.java:doStart(781)) - Started o.e.j.s.ServletContextHandler@2bbb44da{/logs,file:///workdir/hadoop-ozone/integration-test/target/log,AVAILABLE}
2019-10-22 00:08:36,849 [main] INFO  handler.ContextHandler (ContextHandler.java:doStart(781)) - Started o.e.j.s.ServletContextHandler@4816ee24{/static,jar:file:/home/user/.m2/repository/org/apache/hadoop/hadoop-hdds-container-service/0.5.0-SNAPSHOT/hadoop-hdds-container-service-0.5.0-SNAPSHOT.jar!/webapps/static,AVAILABLE}
2019-10-22 00:08:36,876 [main] INFO  handler.ContextHandler (ContextHandler.java:doStart(781)) - Started o.e.j.w.WebAppContext@104dc1a2{/,file:///tmp/jetty-0.0.0.0-41406-hddsDatanode-_-any-3680406430594539535.dir/webapp/,AVAILABLE}{/hddsDatanode}
2019-10-22 00:08:36,876 [main] INFO  server.AbstractConnector (AbstractConnector.java:doStart(278)) - Started ServerConnector@67d32a54{HTTP/1.1,[http/1.1]}{0.0.0.0:41406}
2019-10-22 00:08:36,878 [main] INFO  server.Server (Server.java:doStart(419)) - Started @87124ms
2019-10-22 00:08:36,878 [main] WARN  impl.MetricsSystemImpl (MetricsSystemImpl.java:register(276)) - Sink prometheus already exists!
2019-10-22 00:08:36,879 [main] INFO  server.BaseHttpServer (BaseHttpServer.java:updateConnectorAddress(215)) - HTTP server of HDDSDATANODE is listening at http://0.0.0.0:41406
2019-10-22 00:08:36,879 [main] INFO  ozone.MiniOzoneClusterImpl (MiniOzoneClusterImpl.java:lambda$waitForClusterToBeReady$0(147)) - Waiting for cluster to be ready. Got 0 of 10 DN Heartbeats.
2019-10-22 00:08:36,880 [org.apache.hadoop.util.JvmPauseMonitor$Monitor@6e777fa9] INFO  util.JvmPauseMonitor (JvmPauseMonitor.java:run(188)) - Starting JVM pause monitor
2019-10-22 00:08:36,882 [Datanode State Machine Thread - 0] INFO  datanode.InitDatanodeState (InitDatanodeState.java:persistContainerDatanodeDetails(140)) - DatanodeDetails is persisted to /workdir/hadoop-ozone/integration-test/target/test-dir/MiniOzoneClusterImpl-7b60a606-535f-40c2-b446-60b0e48a57dd/datanode-9/meta/datanode.id
2019-10-22 00:08:37,879 [main] INFO  ozone.MiniOzoneClusterImpl (MiniOzoneClusterImpl.java:lambda$waitForClusterToBeReady$0(147)) - Waiting for cluster to be ready. Got 0 of 10 DN Heartbeats.
2019-10-22 00:08:38,279 [Datanode State Machine Thread - 0] INFO  ozoneimpl.OzoneContainer (OzoneContainer.java:start(213)) - Attempting to start container services.
2019-10-22 00:08:38,279 [Datanode State Machine Thread - 0] INFO  ozoneimpl.OzoneContainer (OzoneContainer.java:startContainerScrub(177)) - Background container scanner has been disabled.
2019-10-22 00:08:38,280 [Datanode State Machine Thread - 0] INFO  ratis.XceiverServerRatis (XceiverServerRatis.java:start(418)) - Starting XceiverServerRatis 48d226fd-ec16-45bb-ba6a-f5c68988a3f7 at port 0
2019-10-22 00:08:38,288 [Datanode State Machine Thread - 0] INFO  impl.RaftServerProxy (RaftServerProxy.java:lambda$start$3(299)) - 48d226fd-ec16-45bb-ba6a-f5c68988a3f7: start RPC server
2019-10-22 00:08:38,292 [Datanode State Machine Thread - 0] INFO  server.GrpcService (GrpcService.java:startImpl(158)) - 48d226fd-ec16-45bb-ba6a-f5c68988a3f7: GrpcService started, listening on 0.0.0.0/0.0.0.0:40584
2019-10-22 00:08:38,292 [Datanode State Machine Thread - 0] INFO  ratis.XceiverServerRatis (XceiverServerRatis.java:start(428)) - XceiverServerRatis 48d226fd-ec16-45bb-ba6a-f5c68988a3f7 is started using port 40584
2019-10-22 00:08:38,293 [Datanode State Machine Thread - 0] INFO  server.XceiverServerGrpc (XceiverServerGrpc.java:start(149)) - XceiverServerGrpc 48d226fd-ec16-45bb-ba6a-f5c68988a3f7 is started using port 40876
2019-10-22 00:08:38,337 [Datanode State Machine Thread - 0] INFO  ozoneimpl.OzoneContainer (OzoneContainer.java:start(213)) - Attempting to start container services.
2019-10-22 00:08:38,337 [Datanode State Machine Thread - 0] INFO  ozoneimpl.OzoneContainer (OzoneContainer.java:startContainerScrub(177)) - Background container scanner has been disabled.
2019-10-22 00:08:38,338 [Datanode State Machine Thread - 0] INFO  ratis.XceiverServerRatis (XceiverServerRatis.java:start(418)) - Starting XceiverServerRatis f9169fae-8e57-49b1-968c-b0c13a9c79ea at port 0
2019-10-22 00:08:38,344 [Datanode State Machine Thread - 0] INFO  impl.RaftServerProxy (RaftServerProxy.java:lambda$start$3(299)) - f9169fae-8e57-49b1-968c-b0c13a9c79ea: start RPC server
2019-10-22 00:08:38,345 [Datanode State Machine Thread - 0] INFO  server.GrpcService (GrpcService.java:startImpl(158)) - f9169fae-8e57-49b1-968c-b0c13a9c79ea: GrpcService started, listening on 0.0.0.0/0.0.0.0:46423
2019-10-22 00:08:38,345 [Datanode State Machine Thread - 0] INFO  ratis.XceiverServerRatis (XceiverServerRatis.java:start(428)) - XceiverServerRatis f9169fae-8e57-49b1-968c-b0c13a9c79ea is started using port 46423
2019-10-22 00:08:38,346 [Datanode State Machine Thread - 0] INFO  server.XceiverServerGrpc (XceiverServerGrpc.java:start(149)) - XceiverServerGrpc f9169fae-8e57-49b1-968c-b0c13a9c79ea is started using port 41742
2019-10-22 00:08:38,400 [Datanode State Machine Thread - 0] INFO  ozoneimpl.OzoneContainer (OzoneContainer.java:start(213)) - Attempting to start container services.
2019-10-22 00:08:38,401 [Datanode State Machine Thread - 0] INFO  ozoneimpl.OzoneContainer (OzoneContainer.java:startContainerScrub(177)) - Background container scanner has been disabled.
2019-10-22 00:08:38,401 [Datanode State Machine Thread - 0] INFO  ratis.XceiverServerRatis (XceiverServerRatis.java:start(418)) - Starting XceiverServerRatis 05003219-6676-4e45-bd72-11bc04fa30d3 at port 0
2019-10-22 00:08:38,409 [Datanode State Machine Thread - 0] INFO  impl.RaftServerProxy (RaftServerProxy.java:lambda$start$3(299)) - 05003219-6676-4e45-bd72-11bc04fa30d3: start RPC server
2019-10-22 00:08:38,411 [Datanode State Machine Thread - 0] INFO  server.GrpcService (GrpcService.java:startImpl(158)) - 05003219-6676-4e45-bd72-11bc04fa30d3: GrpcService started, listening on 0.0.0.0/0.0.0.0:35560
2019-10-22 00:08:38,411 [Datanode State Machine Thread - 0] INFO  ratis.XceiverServerRatis (XceiverServerRatis.java:start(428)) - XceiverServerRatis 05003219-6676-4e45-bd72-11bc04fa30d3 is started using port 35560
2019-10-22 00:08:38,413 [Datanode State Machine Thread - 0] INFO  server.XceiverServerGrpc (XceiverServerGrpc.java:start(149)) - XceiverServerGrpc 05003219-6676-4e45-bd72-11bc04fa30d3 is started using port 37698
2019-10-22 00:08:38,469 [Datanode State Machine Thread - 0] INFO  ozoneimpl.OzoneContainer (OzoneContainer.java:start(213)) - Attempting to start container services.
2019-10-22 00:08:38,470 [Datanode State Machine Thread - 0] INFO  ozoneimpl.OzoneContainer (OzoneContainer.java:startContainerScrub(177)) - Background container scanner has been disabled.
2019-10-22 00:08:38,470 [Datanode State Machine Thread - 0] INFO  ratis.XceiverServerRatis (XceiverServerRatis.java:start(418)) - Starting XceiverServerRatis 4677d932-8483-41dd-a758-9c3c53d9b9d5 at port 0
2019-10-22 00:08:38,477 [Datanode State Machine Thread - 0] INFO  impl.RaftServerProxy (RaftServerProxy.java:lambda$start$3(299)) - 4677d932-8483-41dd-a758-9c3c53d9b9d5: start RPC server
2019-10-22 00:08:38,478 [Datanode State Machine Thread - 0] INFO  server.GrpcService (GrpcService.java:startImpl(158)) - 4677d932-8483-41dd-a758-9c3c53d9b9d5: GrpcService started, listening on 0.0.0.0/0.0.0.0:35453
2019-10-22 00:08:38,478 [Datanode State Machine Thread - 0] INFO  ratis.XceiverServerRatis (XceiverServerRatis.java:start(428)) - XceiverServerRatis 4677d932-8483-41dd-a758-9c3c53d9b9d5 is started using port 35453
2019-10-22 00:08:38,479 [Datanode State Machine Thread - 0] INFO  server.XceiverServerGrpc (XceiverServerGrpc.java:start(149)) - XceiverServerGrpc 4677d932-8483-41dd-a758-9c3c53d9b9d5 is started using port 45616
2019-10-22 00:08:38,540 [Datanode State Machine Thread - 0] INFO  ozoneimpl.OzoneContainer (OzoneContainer.java:start(213)) - Attempting to start container services.
2019-10-22 00:08:38,541 [Datanode State Machine Thread - 0] INFO  ozoneimpl.OzoneContainer (OzoneContainer.java:startContainerScrub(177)) - Background container scanner has been disabled.
2019-10-22 00:08:38,541 [Datanode State Machine Thread - 0] INFO  ratis.XceiverServerRatis (XceiverServerRatis.java:start(418)) - Starting XceiverServerRatis 8fd446cf-6878-4c52-9c53-15bd189bc282 at port 0
2019-10-22 00:08:38,748 [Datanode State Machine Thread - 0] INFO  impl.RaftServerProxy (RaftServerProxy.java:lambda$start$3(299)) - 8fd446cf-6878-4c52-9c53-15bd189bc282: start RPC server
2019-10-22 00:08:38,749 [Datanode State Machine Thread - 0] INFO  server.GrpcService (GrpcService.java:startImpl(158)) - 8fd446cf-6878-4c52-9c53-15bd189bc282: GrpcService started, listening on 0.0.0.0/0.0.0.0:37977
2019-10-22 00:08:38,749 [Datanode State Machine Thread - 0] INFO  ratis.XceiverServerRatis (XceiverServerRatis.java:start(428)) - XceiverServerRatis 8fd446cf-6878-4c52-9c53-15bd189bc282 is started using port 37977
2019-10-22 00:08:38,749 [Datanode State Machine Thread - 0] INFO  server.XceiverServerGrpc (XceiverServerGrpc.java:start(149)) - XceiverServerGrpc 8fd446cf-6878-4c52-9c53-15bd189bc282 is started using port 46739
2019-10-22 00:08:38,751 [Datanode State Machine Thread - 0] INFO  ozoneimpl.OzoneContainer (OzoneContainer.java:start(213)) - Attempting to start container services.
2019-10-22 00:08:38,752 [Datanode State Machine Thread - 0] INFO  ozoneimpl.OzoneContainer (OzoneContainer.java:start(213)) - Attempting to start container services.
2019-10-22 00:08:38,752 [Datanode State Machine Thread - 0] INFO  ozoneimpl.OzoneContainer (OzoneContainer.java:start(213)) - Attempting to start container services.
2019-10-22 00:08:38,754 [Datanode State Machine Thread - 0] INFO  ozoneimpl.OzoneContainer (OzoneContainer.java:startContainerScrub(177)) - Background container scanner has been disabled.
2019-10-22 00:08:38,754 [Datanode State Machine Thread - 0] INFO  ozoneimpl.OzoneContainer (OzoneContainer.java:startContainerScrub(177)) - Background container scanner has been disabled.
2019-10-22 00:08:38,754 [Datanode State Machine Thread - 0] INFO  ratis.XceiverServerRatis (XceiverServerRatis.java:start(418)) - Starting XceiverServerRatis d9951c0b-6d6e-4464-b06b-4ef93c20892c at port 0
2019-10-22 00:08:38,754 [Datanode State Machine Thread - 0] INFO  ozoneimpl.OzoneContainer (OzoneContainer.java:startContainerScrub(177)) - Background container scanner has been disabled.
2019-10-22 00:08:38,754 [Datanode State Machine Thread - 0] INFO  ratis.XceiverServerRatis (XceiverServerRatis.java:start(418)) - Starting XceiverServerRatis 1be30185-a2c0-4461-afc0-2cb02fcff473 at port 0
2019-10-22 00:08:38,754 [Datanode State Machine Thread - 0] INFO  ratis.XceiverServerRatis (XceiverServerRatis.java:start(418)) - Starting XceiverServerRatis 46e27ab3-6e20-4549-bfdf-4319f5fb1b0e at port 0
2019-10-22 00:08:38,769 [Datanode State Machine Thread - 0] INFO  impl.RaftServerProxy (RaftServerProxy.java:lambda$start$3(299)) - 1be30185-a2c0-4461-afc0-2cb02fcff473: start RPC server
2019-10-22 00:08:38,769 [Datanode State Machine Thread - 0] INFO  server.GrpcService (GrpcService.java:startImpl(158)) - 1be30185-a2c0-4461-afc0-2cb02fcff473: GrpcService started, listening on 0.0.0.0/0.0.0.0:38008
2019-10-22 00:08:38,769 [Datanode State Machine Thread - 0] INFO  ratis.XceiverServerRatis (XceiverServerRatis.java:start(428)) - XceiverServerRatis 1be30185-a2c0-4461-afc0-2cb02fcff473 is started using port 38008
2019-10-22 00:08:38,773 [Datanode State Machine Thread - 0] INFO  server.XceiverServerGrpc (XceiverServerGrpc.java:start(149)) - XceiverServerGrpc 1be30185-a2c0-4461-afc0-2cb02fcff473 is started using port 39423
2019-10-22 00:08:38,778 [Datanode State Machine Thread - 0] INFO  impl.RaftServerProxy (RaftServerProxy.java:lambda$start$3(299)) - 46e27ab3-6e20-4549-bfdf-4319f5fb1b0e: start RPC server
2019-10-22 00:08:38,779 [Datanode State Machine Thread - 0] INFO  server.GrpcService (GrpcService.java:startImpl(158)) - 46e27ab3-6e20-4549-bfdf-4319f5fb1b0e: GrpcService started, listening on 0.0.0.0/0.0.0.0:37432
2019-10-22 00:08:38,779 [Datanode State Machine Thread - 0] INFO  ratis.XceiverServerRatis (XceiverServerRatis.java:start(428)) - XceiverServerRatis 46e27ab3-6e20-4549-bfdf-4319f5fb1b0e is started using port 37432
2019-10-22 00:08:38,779 [Datanode State Machine Thread - 0] INFO  server.XceiverServerGrpc (XceiverServerGrpc.java:start(149)) - XceiverServerGrpc 46e27ab3-6e20-4549-bfdf-4319f5fb1b0e is started using port 36788
2019-10-22 00:08:38,779 [Datanode State Machine Thread - 0] INFO  impl.RaftServerProxy (RaftServerProxy.java:lambda$start$3(299)) - d9951c0b-6d6e-4464-b06b-4ef93c20892c: start RPC server
2019-10-22 00:08:38,782 [Datanode State Machine Thread - 0] INFO  server.GrpcService (GrpcService.java:startImpl(158)) - d9951c0b-6d6e-4464-b06b-4ef93c20892c: GrpcService started, listening on 0.0.0.0/0.0.0.0:43622
2019-10-22 00:08:38,782 [Datanode State Machine Thread - 0] INFO  ratis.XceiverServerRatis (XceiverServerRatis.java:start(428)) - XceiverServerRatis d9951c0b-6d6e-4464-b06b-4ef93c20892c is started using port 43622
2019-10-22 00:08:38,791 [Datanode State Machine Thread - 0] INFO  server.XceiverServerGrpc (XceiverServerGrpc.java:start(149)) - XceiverServerGrpc d9951c0b-6d6e-4464-b06b-4ef93c20892c is started using port 40231
2019-10-22 00:08:38,834 [Datanode State Machine Thread - 0] INFO  ozoneimpl.OzoneContainer (OzoneContainer.java:start(213)) - Attempting to start container services.
2019-10-22 00:08:38,835 [Datanode State Machine Thread - 0] INFO  ozoneimpl.OzoneContainer (OzoneContainer.java:startContainerScrub(177)) - Background container scanner has been disabled.
2019-10-22 00:08:38,835 [Datanode State Machine Thread - 0] INFO  ratis.XceiverServerRatis (XceiverServerRatis.java:start(418)) - Starting XceiverServerRatis e64b81a2-7e97-4a9c-9a90-0d1e8edce3a8 at port 0
2019-10-22 00:08:38,841 [Datanode State Machine Thread - 0] INFO  impl.RaftServerProxy (RaftServerProxy.java:lambda$start$3(299)) - e64b81a2-7e97-4a9c-9a90-0d1e8edce3a8: start RPC server
2019-10-22 00:08:38,844 [Datanode State Machine Thread - 0] INFO  server.GrpcService (GrpcService.java:startImpl(158)) - e64b81a2-7e97-4a9c-9a90-0d1e8edce3a8: GrpcService started, listening on 0.0.0.0/0.0.0.0:40074
2019-10-22 00:08:38,845 [Datanode State Machine Thread - 0] INFO  ratis.XceiverServerRatis (XceiverServerRatis.java:start(428)) - XceiverServerRatis e64b81a2-7e97-4a9c-9a90-0d1e8edce3a8 is started using port 40074
2019-10-22 00:08:38,845 [Datanode State Machine Thread - 0] INFO  server.XceiverServerGrpc (XceiverServerGrpc.java:start(149)) - XceiverServerGrpc e64b81a2-7e97-4a9c-9a90-0d1e8edce3a8 is started using port 35510
2019-10-22 00:08:38,880 [main] INFO  ozone.MiniOzoneClusterImpl (MiniOzoneClusterImpl.java:lambda$waitForClusterToBeReady$0(147)) - Waiting for cluster to be ready. Got 0 of 10 DN Heartbeats.
2019-10-22 00:08:38,895 [Datanode State Machine Thread - 0] INFO  ozoneimpl.OzoneContainer (OzoneContainer.java:start(213)) - Attempting to start container services.
2019-10-22 00:08:38,895 [Datanode State Machine Thread - 0] INFO  ozoneimpl.OzoneContainer (OzoneContainer.java:startContainerScrub(177)) - Background container scanner has been disabled.
2019-10-22 00:08:38,895 [Datanode State Machine Thread - 0] INFO  ratis.XceiverServerRatis (XceiverServerRatis.java:start(418)) - Starting XceiverServerRatis ab370eba-e055-4cd2-9c3d-f3aaf7732468 at port 0
2019-10-22 00:08:38,901 [Datanode State Machine Thread - 0] INFO  impl.RaftServerProxy (RaftServerProxy.java:lambda$start$3(299)) - ab370eba-e055-4cd2-9c3d-f3aaf7732468: start RPC server
2019-10-22 00:08:38,902 [Datanode State Machine Thread - 0] INFO  server.GrpcService (GrpcService.java:startImpl(158)) - ab370eba-e055-4cd2-9c3d-f3aaf7732468: GrpcService started, listening on 0.0.0.0/0.0.0.0:46527
2019-10-22 00:08:38,902 [Datanode State Machine Thread - 0] INFO  ratis.XceiverServerRatis (XceiverServerRatis.java:start(428)) - XceiverServerRatis ab370eba-e055-4cd2-9c3d-f3aaf7732468 is started using port 46527
2019-10-22 00:08:38,912 [Datanode State Machine Thread - 0] INFO  server.XceiverServerGrpc (XceiverServerGrpc.java:start(149)) - XceiverServerGrpc ab370eba-e055-4cd2-9c3d-f3aaf7732468 is started using port 34757
2019-10-22 00:08:39,880 [main] INFO  ozone.MiniOzoneClusterImpl (MiniOzoneClusterImpl.java:lambda$waitForClusterToBeReady$0(147)) - Waiting for cluster to be ready. Got 0 of 10 DN Heartbeats.
2019-10-22 00:08:40,254 [IPC Server handler 4 on 34822] INFO  net.NetworkTopology (NetworkTopologyImpl.java:add(111)) - Added a new node: /rack1/48d226fd-ec16-45bb-ba6a-f5c68988a3f7
2019-10-22 00:08:40,256 [IPC Server handler 4 on 34822] INFO  node.SCMNodeManager (SCMNodeManager.java:register(268)) - Registered Data node : 48d226fd-ec16-45bb-ba6a-f5c68988a3f7{ip: 192.168.157.254, host: pr-hdds-2343-5q8j9-3338874002, networkLocation: /rack1, certSerialId: null}
2019-10-22 00:08:40,257 [EventQueue-NodeRegistrationContainerReportForDataNodeSafeModeRule] INFO  safemode.SCMSafeModeManager (DataNodeSafeModeRule.java:process(71)) - SCM in safe mode. 1 DataNodes registered, 1 required.
2019-10-22 00:08:40,259 [EventQueue-NodeRegistrationContainerReportForContainerSafeModeRule] INFO  safemode.SCMSafeModeManager (SCMSafeModeManager.java:validateSafeModeExitRules(177)) - ScmSafeModeManager, all rules are successfully validated
2019-10-22 00:08:40,259 [EventQueue-NodeRegistrationContainerReportForContainerSafeModeRule] INFO  safemode.SCMSafeModeManager (SCMSafeModeManager.java:exitSafeMode(193)) - SCM exiting safe mode.
2019-10-22 00:08:40,270 [grpc-default-executor-5] INFO  impl.RaftServerProxy (RaftServerProxy.java:addNew(89)) - 48d226fd-ec16-45bb-ba6a-f5c68988a3f7: addNew group-89693D849A66:[48d226fd-ec16-45bb-ba6a-f5c68988a3f7:192.168.157.254:40584] returns group-89693D849A66:java.util.concurrent.CompletableFuture@6626f393[Not completed]
2019-10-22 00:08:40,273 [pool-149-thread-1] INFO  impl.RaftServerImpl (RaftServerImpl.java:<init>(104)) - 48d226fd-ec16-45bb-ba6a-f5c68988a3f7: new RaftServerImpl for group-89693D849A66:[48d226fd-ec16-45bb-ba6a-f5c68988a3f7:192.168.157.254:40584] with ContainerStateMachine:uninitialized
2019-10-22 00:08:40,273 [pool-149-thread-1] INFO  server.RaftServerConfigKeys (ConfUtils.java:logGet(43)) - raft.server.rpc.timeout.min = 1s (custom)
2019-10-22 00:08:40,273 [pool-149-thread-1] INFO  server.RaftServerConfigKeys (ConfUtils.java:logGet(43)) - raft.server.rpc.timeout.max = 1200ms (custom)
2019-10-22 00:08:40,273 [pool-149-thread-1] INFO  server.RaftServerConfigKeys (ConfUtils.java:logGet(43)) - raft.server.rpcslowness.timeout = 120s (custom)
2019-10-22 00:08:40,273 [pool-149-thread-1] INFO  server.RaftServerConfigKeys (ConfUtils.java:logGet(43)) - raft.server.sleep.deviation.threshold = 300 (default)
2019-10-22 00:08:40,273 [pool-149-thread-1] INFO  server.RaftServerConfigKeys (ConfUtils.java:logGet(43)) - raft.server.log.appender.install.snapshot.enabled = false (custom)
2019-10-22 00:08:40,274 [pool-149-thread-1] INFO  impl.RaftServerImpl (ServerState.java:<init>(103)) - 48d226fd-ec16-45bb-ba6a-f5c68988a3f7@group-89693D849A66: ConfigurationManager, init=-1: [48d226fd-ec16-45bb-ba6a-f5c68988a3f7:192.168.157.254:40584], old=null, confs=<EMPTY_MAP>
2019-10-22 00:08:40,274 [pool-149-thread-1] INFO  server.RaftServerConfigKeys (ConfUtils.java:logGet(43)) - raft.server.storage.dir = [/workdir/hadoop-ozone/integration-test/target/test-dir/MiniOzoneClusterImpl-7b60a606-535f-40c2-b446-60b0e48a57dd/datanode-0/data/ratis] (custom)
2019-10-22 00:08:40,274 [pool-149-thread-1] INFO  server.RaftServerConfigKeys (ConfUtils.java:logGet(43)) - raft.server.log.corruption.policy = EXCEPTION (default)
2019-10-22 00:08:40,275 [pool-149-thread-1] INFO  storage.RaftStorageDirectory (RaftStorageDirectory.java:analyzeStorage(246)) - The storage directory /workdir/hadoop-ozone/integration-test/target/test-dir/MiniOzoneClusterImpl-7b60a606-535f-40c2-b446-60b0e48a57dd/datanode-0/data/ratis/afa5ef24-ae23-476f-98ed-89693d849a66 does not exist. Creating ...
2019-10-22 00:08:40,288 [pool-149-thread-1] INFO  storage.RaftStorageDirectory (RaftStorageDirectory.java:tryLock(328)) - Lock on /workdir/hadoop-ozone/integration-test/target/test-dir/MiniOzoneClusterImpl-7b60a606-535f-40c2-b446-60b0e48a57dd/datanode-0/data/ratis/afa5ef24-ae23-476f-98ed-89693d849a66/in_use.lock acquired by nodename 31099@pr-hdds-2343-5q8j9-3338874002
2019-10-22 00:08:40,305 [pool-149-thread-1] INFO  storage.RaftStorage (RaftStorage.java:format(84)) - Storage directory /workdir/hadoop-ozone/integration-test/target/test-dir/MiniOzoneClusterImpl-7b60a606-535f-40c2-b446-60b0e48a57dd/datanode-0/data/ratis/afa5ef24-ae23-476f-98ed-89693d849a66 has been successfully formatted.
2019-10-22 00:08:40,305 [pool-149-thread-1] INFO  ratis.ContainerStateMachine (ContainerStateMachine.java:loadSnapshot(231)) - group-89693D849A66: The snapshot info is null. Setting the last applied indexto:(t:0, i:~)
2019-10-22 00:08:40,305 [pool-149-thread-1] INFO  server.RaftServerConfigKeys (ConfUtils.java:logGet(43)) - raft.server.notification.no-leader.timeout = 120s (custom)
2019-10-22 00:08:40,306 [pool-149-thread-1] INFO  server.RaftServerConfigKeys (ConfUtils.java:logGet(43)) - raft.server.log.use.memory = false (default)
2019-10-22 00:08:40,306 [pool-149-thread-1] INFO  server.RaftServerConfigKeys (ConfUtils.java:logGet(43)) - raft.server.log.purge.gap = 1000000 (custom)
2019-10-22 00:08:40,306 [pool-149-thread-1] INFO  server.RaftServerConfigKeys (ConfUtils.java:logGet(43)) - raft.server.log.appender.buffer.byte-limit = 33554432 (custom)
2019-10-22 00:08:40,306 [pool-149-thread-1] INFO  server.RaftServerConfigKeys (ConfUtils.java:logGet(43)) - raft.server.log.segment.size.max = 1048576 (custom)
2019-10-22 00:08:40,310 [pool-149-thread-1] INFO  server.RaftServerConfigKeys (ConfUtils.java:logGet(43)) - raft.server.log.segment.cache.num.max = 2 (custom)
2019-10-22 00:08:40,310 [pool-149-thread-1] INFO  segmented.SegmentedRaftLogWorker (SegmentedRaftLogWorker.java:<init>(173)) - new 48d226fd-ec16-45bb-ba6a-f5c68988a3f7@group-89693D849A66-SegmentedRaftLogWorker for RaftStorage:Storage Directory /workdir/hadoop-ozone/integration-test/target/test-dir/MiniOzoneClusterImpl-7b60a606-535f-40c2-b446-60b0e48a57dd/datanode-0/data/ratis/afa5ef24-ae23-476f-98ed-89693d849a66
2019-10-22 00:08:40,310 [pool-149-thread-1] INFO  server.RaftServerConfigKeys (ConfUtils.java:logGet(43)) - raft.server.log.queue.byte-limit = 2147483647 (custom)
2019-10-22 00:08:40,310 [pool-149-thread-1] INFO  server.RaftServerConfigKeys (ConfUtils.java:logGet(43)) - raft.server.log.queue.element-limit = 1024 (custom)
2019-10-22 00:08:40,310 [pool-149-thread-1] INFO  server.RaftServerConfigKeys (ConfUtils.java:logGet(43)) - raft.server.log.segment.size.max = 1048576 (custom)
2019-10-22 00:08:40,310 [pool-149-thread-1] INFO  server.RaftServerConfigKeys (ConfUtils.java:logGet(43)) - raft.server.log.preallocated.size = 16384 (custom)
2019-10-22 00:08:40,311 [pool-149-thread-1] INFO  server.RaftServerConfigKeys (ConfUtils.java:logGet(43)) - raft.server.log.write.buffer.size = 33554432 (custom)
2019-10-22 00:08:40,311 [pool-149-thread-1] INFO  server.RaftServerConfigKeys (ConfUtils.java:logGet(43)) - raft.server.log.force.sync.num = 128 (default)
2019-10-22 00:08:40,311 [pool-149-thread-1] INFO  server.RaftServerConfigKeys (ConfUtils.java:logGet(43)) - raft.server.log.statemachine.data.sync = true (default)
2019-10-22 00:08:40,311 [pool-149-thread-1] INFO  server.RaftServerConfigKeys (ConfUtils.java:logGet(43)) - raft.server.log.statemachine.data.sync.timeout = 10s (default)
2019-10-22 00:08:40,311 [pool-149-thread-1] INFO  server.RaftServerConfigKeys (ConfUtils.java:logGet(43)) - raft.server.log.statemachine.data.sync.timeout.retry = -1 (default)
2019-10-22 00:08:40,312 [pool-149-thread-1] INFO  server.RaftServerConfigKeys (ConfUtils.java:logGet(43)) - raft.server.log.statemachine.data.caching.enabled = true (custom)
2019-10-22 00:08:40,312 [pool-149-thread-1] INFO  segmented.SegmentedRaftLogWorker (SegmentedRaftLogWorker.java:lambda$new$0(128)) - 48d226fd-ec16-45bb-ba6a-f5c68988a3f7@group-89693D849A66-SegmentedRaftLogWorker: flushIndex: setUnconditionally 0 -> -1
2019-10-22 00:08:40,313 [pool-149-thread-1] INFO  server.RaftServerConfigKeys (ConfUtils.java:logGet(43)) - raft.server.snapshot.auto.trigger.enabled = true (custom)
2019-10-22 00:08:40,313 [pool-149-thread-1] INFO  server.RaftServerConfigKeys (ConfUtils.java:logGet(43)) - raft.server.snapshot.auto.trigger.threshold = 10000 (custom)
2019-10-22 00:08:40,313 [pool-149-thread-1] INFO  server.RaftServerConfigKeys (ConfUtils.java:logGet(43)) - raft.server.snapshot.retention.file.num = 5 (custom)
2019-10-22 00:08:40,313 [pool-149-thread-1] INFO  server.RaftServerConfigKeys (ConfUtils.java:logGet(43)) - raft.server.retrycache.expirytime = 600000ms (custom)
2019-10-22 00:08:40,318 [pool-149-thread-1] INFO  impl.RaftServerImpl (RaftServerImpl.java:start(195)) - 48d226fd-ec16-45bb-ba6a-f5c68988a3f7@group-89693D849A66: start as a follower, conf=-1: [48d226fd-ec16-45bb-ba6a-f5c68988a3f7:192.168.157.254:40584], old=null
2019-10-22 00:08:40,319 [pool-149-thread-1] INFO  impl.RaftServerImpl (RaftServerImpl.java:setRole(184)) - 48d226fd-ec16-45bb-ba6a-f5c68988a3f7@group-89693D849A66: changes role from      null to FOLLOWER at term 0 for startAsFollower
2019-10-22 00:08:40,319 [pool-149-thread-1] INFO  impl.RoleInfo (RoleInfo.java:updateAndGet(143)) - 48d226fd-ec16-45bb-ba6a-f5c68988a3f7: start FollowerState
2019-10-22 00:08:40,330 [pool-149-thread-1] INFO  util.JmxRegister (JmxRegister.java:tryRegister(44)) - Successfully registered JMX Bean with object name Ratis:service=RaftServer,group=group-89693D849A66,id=48d226fd-ec16-45bb-ba6a-f5c68988a3f7
2019-10-22 00:08:40,331 [IPC Server handler 6 on 34822] INFO  net.NetworkTopology (NetworkTopologyImpl.java:add(111)) - Added a new node: /rack1/f9169fae-8e57-49b1-968c-b0c13a9c79ea
2019-10-22 00:08:40,331 [IPC Server handler 6 on 34822] INFO  node.SCMNodeManager (SCMNodeManager.java:register(268)) - Registered Data node : f9169fae-8e57-49b1-968c-b0c13a9c79ea{ip: 192.168.157.254, host: pr-hdds-2343-5q8j9-3338874002, networkLocation: /rack1, certSerialId: null}
2019-10-22 00:08:40,356 [RatisPipelineUtilsThread] INFO  pipeline.PipelineStateManager (PipelineStateManager.java:addPipeline(56)) - Created pipeline Pipeline[ Id: afa5ef24-ae23-476f-98ed-89693d849a66, Nodes: 48d226fd-ec16-45bb-ba6a-f5c68988a3f7{ip: 192.168.157.254, host: pr-hdds-2343-5q8j9-3338874002, networkLocation: /rack1, certSerialId: null}, Type:RATIS, Factor:ONE, State:OPEN]
2019-10-22 00:08:40,363 [grpc-default-executor-5] INFO  impl.RaftServerProxy (RaftServerProxy.java:addNew(89)) - f9169fae-8e57-49b1-968c-b0c13a9c79ea: addNew group-39187EBAA629:[f9169fae-8e57-49b1-968c-b0c13a9c79ea:192.168.157.254:46423] returns group-39187EBAA629:java.util.concurrent.CompletableFuture@8e7ea57[Not completed]
2019-10-22 00:08:40,364 [pool-159-thread-1] INFO  impl.RaftServerImpl (RaftServerImpl.java:<init>(104)) - f9169fae-8e57-49b1-968c-b0c13a9c79ea: new RaftServerImpl for group-39187EBAA629:[f9169fae-8e57-49b1-968c-b0c13a9c79ea:192.168.157.254:46423] with ContainerStateMachine:uninitialized
2019-10-22 00:08:40,364 [pool-159-thread-1] INFO  server.RaftServerConfigKeys (ConfUtils.java:logGet(43)) - raft.server.rpc.timeout.min = 1s (custom)
2019-10-22 00:08:40,365 [pool-159-thread-1] INFO  server.RaftServerConfigKeys (ConfUtils.java:logGet(43)) - raft.server.rpc.timeout.max = 1200ms (custom)
2019-10-22 00:08:40,365 [pool-159-thread-1] INFO  server.RaftServerConfigKeys (ConfUtils.java:logGet(43)) - raft.server.rpcslowness.timeout = 120s (custom)
2019-10-22 00:08:40,365 [pool-159-thread-1] INFO  server.RaftServerConfigKeys (ConfUtils.java:logGet(43)) - raft.server.sleep.deviation.threshold = 300 (default)
2019-10-22 00:08:40,365 [pool-159-thread-1] INFO  server.RaftServerConfigKeys (ConfUtils.java:logGet(43)) - raft.server.log.appender.install.snapshot.enabled = false (custom)
2019-10-22 00:08:40,365 [pool-159-thread-1] INFO  impl.RaftServerImpl (ServerState.java:<init>(103)) - f9169fae-8e57-49b1-968c-b0c13a9c79ea@group-39187EBAA629: ConfigurationManager, init=-1: [f9169fae-8e57-49b1-968c-b0c13a9c79ea:192.168.157.254:46423], old=null, confs=<EMPTY_MAP>
2019-10-22 00:08:40,365 [pool-159-thread-1] INFO  server.RaftServerConfigKeys (ConfUtils.java:logGet(43)) - raft.server.storage.dir = [/workdir/hadoop-ozone/integration-test/target/test-dir/MiniOzoneClusterImpl-7b60a606-535f-40c2-b446-60b0e48a57dd/datanode-1/data/ratis] (custom)
2019-10-22 00:08:40,365 [pool-159-thread-1] INFO  server.RaftServerConfigKeys (ConfUtils.java:logGet(43)) - raft.server.log.corruption.policy = EXCEPTION (default)
2019-10-22 00:08:40,365 [pool-159-thread-1] INFO  storage.RaftStorageDirectory (RaftStorageDirectory.java:analyzeStorage(246)) - The storage directory /workdir/hadoop-ozone/integration-test/target/test-dir/MiniOzoneClusterImpl-7b60a606-535f-40c2-b446-60b0e48a57dd/datanode-1/data/ratis/89251881-fb1b-40a6-87ed-39187ebaa629 does not exist. Creating ...
2019-10-22 00:08:40,378 [pool-159-thread-1] INFO  storage.RaftStorageDirectory (RaftStorageDirectory.java:tryLock(328)) - Lock on /workdir/hadoop-ozone/integration-test/target/test-dir/MiniOzoneClusterImpl-7b60a606-535f-40c2-b446-60b0e48a57dd/datanode-1/data/ratis/89251881-fb1b-40a6-87ed-39187ebaa629/in_use.lock acquired by nodename 31099@pr-hdds-2343-5q8j9-3338874002
2019-10-22 00:08:40,386 [IPC Server handler 7 on 34822] INFO  net.NetworkTopology (NetworkTopologyImpl.java:add(111)) - Added a new node: /rack1/05003219-6676-4e45-bd72-11bc04fa30d3
2019-10-22 00:08:40,386 [IPC Server handler 7 on 34822] INFO  node.SCMNodeManager (SCMNodeManager.java:register(268)) - Registered Data node : 05003219-6676-4e45-bd72-11bc04fa30d3{ip: 192.168.157.254, host: pr-hdds-2343-5q8j9-3338874002, networkLocation: /rack1, certSerialId: null}
2019-10-22 00:08:40,390 [pool-159-thread-1] INFO  storage.RaftStorage (RaftStorage.java:format(84)) - Storage directory /workdir/hadoop-ozone/integration-test/target/test-dir/MiniOzoneClusterImpl-7b60a606-535f-40c2-b446-60b0e48a57dd/datanode-1/data/ratis/89251881-fb1b-40a6-87ed-39187ebaa629 has been successfully formatted.
2019-10-22 00:08:40,390 [pool-159-thread-1] INFO  ratis.ContainerStateMachine (ContainerStateMachine.java:loadSnapshot(231)) - group-39187EBAA629: The snapshot info is null. Setting the last applied indexto:(t:0, i:~)
2019-10-22 00:08:40,390 [pool-159-thread-1] INFO  server.RaftServerConfigKeys (ConfUtils.java:logGet(43)) - raft.server.notification.no-leader.timeout = 120s (custom)
2019-10-22 00:08:40,391 [pool-159-thread-1] INFO  server.RaftServerConfigKeys (ConfUtils.java:logGet(43)) - raft.server.log.use.memory = false (default)
2019-10-22 00:08:40,391 [pool-159-thread-1] INFO  server.RaftServerConfigKeys (ConfUtils.java:logGet(43)) - raft.server.log.purge.gap = 1000000 (custom)
2019-10-22 00:08:40,391 [pool-159-thread-1] INFO  server.RaftServerConfigKeys (ConfUtils.java:logGet(43)) - raft.server.log.appender.buffer.byte-limit = 33554432 (custom)
2019-10-22 00:08:40,391 [pool-159-thread-1] INFO  server.RaftServerConfigKeys (ConfUtils.java:logGet(43)) - raft.server.log.segment.size.max = 1048576 (custom)
2019-10-22 00:08:40,392 [pool-159-thread-1] INFO  server.RaftServerConfigKeys (ConfUtils.java:logGet(43)) - raft.server.log.segment.cache.num.max = 2 (custom)
2019-10-22 00:08:40,392 [pool-159-thread-1] INFO  segmented.SegmentedRaftLogWorker (SegmentedRaftLogWorker.java:<init>(173)) - new f9169fae-8e57-49b1-968c-b0c13a9c79ea@group-39187EBAA629-SegmentedRaftLogWorker for RaftStorage:Storage Directory /workdir/hadoop-ozone/integration-test/target/test-dir/MiniOzoneClusterImpl-7b60a606-535f-40c2-b446-60b0e48a57dd/datanode-1/data/ratis/89251881-fb1b-40a6-87ed-39187ebaa629
2019-10-22 00:08:40,393 [pool-159-thread-1] INFO  server.RaftServerConfigKeys (ConfUtils.java:logGet(43)) - raft.server.log.queue.byte-limit = 2147483647 (custom)
2019-10-22 00:08:40,393 [pool-159-thread-1] INFO  server.RaftServerConfigKeys (ConfUtils.java:logGet(43)) - raft.server.log.queue.element-limit = 1024 (custom)
2019-10-22 00:08:40,393 [pool-159-thread-1] INFO  server.RaftServerConfigKeys (ConfUtils.java:logGet(43)) - raft.server.log.segment.size.max = 1048576 (custom)
2019-10-22 00:08:40,393 [pool-159-thread-1] INFO  server.RaftServerConfigKeys (ConfUtils.java:logGet(43)) - raft.server.log.preallocated.size = 16384 (custom)
2019-10-22 00:08:40,393 [pool-159-thread-1] INFO  server.RaftServerConfigKeys (ConfUtils.java:logGet(43)) - raft.server.log.write.buffer.size = 33554432 (custom)
2019-10-22 00:08:40,393 [pool-159-thread-1] INFO  server.RaftServerConfigKeys (ConfUtils.java:logGet(43)) - raft.server.log.force.sync.num = 128 (default)
2019-10-22 00:08:40,393 [pool-159-thread-1] INFO  server.RaftServerConfigKeys (ConfUtils.java:logGet(43)) - raft.server.log.statemachine.data.sync = true (default)
2019-10-22 00:08:40,393 [pool-159-thread-1] INFO  server.RaftServerConfigKeys (ConfUtils.java:logGet(43)) - raft.server.log.statemachine.data.sync.timeout = 10s (default)
2019-10-22 00:08:40,393 [pool-159-thread-1] INFO  server.RaftServerConfigKeys (ConfUtils.java:logGet(43)) - raft.server.log.statemachine.data.sync.timeout.retry = -1 (default)
2019-10-22 00:08:40,393 [pool-159-thread-1] INFO  server.RaftServerConfigKeys (ConfUtils.java:logGet(43)) - raft.server.log.statemachine.data.caching.enabled = true (custom)
2019-10-22 00:08:40,394 [pool-159-thread-1] INFO  segmented.SegmentedRaftLogWorker (SegmentedRaftLogWorker.java:lambda$new$0(128)) - f9169fae-8e57-49b1-968c-b0c13a9c79ea@group-39187EBAA629-SegmentedRaftLogWorker: flushIndex: setUnconditionally 0 -> -1
2019-10-22 00:08:40,394 [pool-159-thread-1] INFO  server.RaftServerConfigKeys (ConfUtils.java:logGet(43)) - raft.server.snapshot.auto.trigger.enabled = true (custom)
2019-10-22 00:08:40,394 [pool-159-thread-1] INFO  server.RaftServerConfigKeys (ConfUtils.java:logGet(43)) - raft.server.snapshot.auto.trigger.threshold = 10000 (custom)
2019-10-22 00:08:40,394 [pool-159-thread-1] INFO  server.RaftServerConfigKeys (ConfUtils.java:logGet(43)) - raft.server.snapshot.retention.file.num = 5 (custom)
2019-10-22 00:08:40,394 [pool-159-thread-1] INFO  server.RaftServerConfigKeys (ConfUtils.java:logGet(43)) - raft.server.retrycache.expirytime = 600000ms (custom)
2019-10-22 00:08:40,397 [pool-159-thread-1] INFO  impl.RaftServerImpl (RaftServerImpl.java:start(195)) - f9169fae-8e57-49b1-968c-b0c13a9c79ea@group-39187EBAA629: start as a follower, conf=-1: [f9169fae-8e57-49b1-968c-b0c13a9c79ea:192.168.157.254:46423], old=null
2019-10-22 00:08:40,397 [pool-159-thread-1] INFO  impl.RaftServerImpl (RaftServerImpl.java:setRole(184)) - f9169fae-8e57-49b1-968c-b0c13a9c79ea@group-39187EBAA629: changes role from      null to FOLLOWER at term 0 for startAsFollower
2019-10-22 00:08:40,397 [pool-159-thread-1] INFO  impl.RoleInfo (RoleInfo.java:updateAndGet(143)) - f9169fae-8e57-49b1-968c-b0c13a9c79ea: start FollowerState
2019-10-22 00:08:40,397 [pool-159-thread-1] INFO  util.JmxRegister (JmxRegister.java:tryRegister(44)) - Successfully registered JMX Bean with object name Ratis:service=RaftServer,group=group-39187EBAA629,id=f9169fae-8e57-49b1-968c-b0c13a9c79ea
2019-10-22 00:08:40,403 [RatisPipelineUtilsThread] INFO  pipeline.PipelineStateManager (PipelineStateManager.java:addPipeline(56)) - Created pipeline Pipeline[ Id: 89251881-fb1b-40a6-87ed-39187ebaa629, Nodes: f9169fae-8e57-49b1-968c-b0c13a9c79ea{ip: 192.168.157.254, host: pr-hdds-2343-5q8j9-3338874002, networkLocation: /rack1, certSerialId: null}, Type:RATIS, Factor:ONE, State:OPEN]
2019-10-22 00:08:40,408 [grpc-default-executor-5] INFO  impl.RaftServerProxy (RaftServerProxy.java:addNew(89)) - 05003219-6676-4e45-bd72-11bc04fa30d3: addNew group-B6F5E893A33B:[05003219-6676-4e45-bd72-11bc04fa30d3:192.168.157.254:35560] returns group-B6F5E893A33B:java.util.concurrent.CompletableFuture@1234ac73[Not completed]
2019-10-22 00:08:40,409 [pool-169-thread-1] INFO  impl.RaftServerImpl (RaftServerImpl.java:<init>(104)) - 05003219-6676-4e45-bd72-11bc04fa30d3: new RaftServerImpl for group-B6F5E893A33B:[05003219-6676-4e45-bd72-11bc04fa30d3:192.168.157.254:35560] with ContainerStateMachine:uninitialized
2019-10-22 00:08:40,410 [pool-169-thread-1] INFO  server.RaftServerConfigKeys (ConfUtils.java:logGet(43)) - raft.server.rpc.timeout.min = 1s (custom)
2019-10-22 00:08:40,410 [pool-169-thread-1] INFO  server.RaftServerConfigKeys (ConfUtils.java:logGet(43)) - raft.server.rpc.timeout.max = 1200ms (custom)
2019-10-22 00:08:40,410 [pool-169-thread-1] INFO  server.RaftServerConfigKeys (ConfUtils.java:logGet(43)) - raft.server.rpcslowness.timeout = 120s (custom)
2019-10-22 00:08:40,410 [pool-169-thread-1] INFO  server.RaftServerConfigKeys (ConfUtils.java:logGet(43)) - raft.server.sleep.deviation.threshold = 300 (default)
2019-10-22 00:08:40,410 [pool-169-thread-1] INFO  server.RaftServerConfigKeys (ConfUtils.java:logGet(43)) - raft.server.log.appender.install.snapshot.enabled = false (custom)
2019-10-22 00:08:40,410 [pool-169-thread-1] INFO  impl.RaftServerImpl (ServerState.java:<init>(103)) - 05003219-6676-4e45-bd72-11bc04fa30d3@group-B6F5E893A33B: ConfigurationManager, init=-1: [05003219-6676-4e45-bd72-11bc04fa30d3:192.168.157.254:35560], old=null, confs=<EMPTY_MAP>
2019-10-22 00:08:40,410 [pool-169-thread-1] INFO  server.RaftServerConfigKeys (ConfUtils.java:logGet(43)) - raft.server.storage.dir = [/workdir/hadoop-ozone/integration-test/target/test-dir/MiniOzoneClusterImpl-7b60a606-535f-40c2-b446-60b0e48a57dd/datanode-2/data/ratis] (custom)
2019-10-22 00:08:40,410 [pool-169-thread-1] INFO  server.RaftServerConfigKeys (ConfUtils.java:logGet(43)) - raft.server.log.corruption.policy = EXCEPTION (default)
2019-10-22 00:08:40,410 [pool-169-thread-1] INFO  storage.RaftStorageDirectory (RaftStorageDirectory.java:analyzeStorage(246)) - The storage directory /workdir/hadoop-ozone/integration-test/target/test-dir/MiniOzoneClusterImpl-7b60a606-535f-40c2-b446-60b0e48a57dd/datanode-2/data/ratis/265287a3-3570-41eb-ab91-b6f5e893a33b does not exist. Creating ...
2019-10-22 00:08:40,424 [pool-169-thread-1] INFO  storage.RaftStorageDirectory (RaftStorageDirectory.java:tryLock(328)) - Lock on /workdir/hadoop-ozone/integration-test/target/test-dir/MiniOzoneClusterImpl-7b60a606-535f-40c2-b446-60b0e48a57dd/datanode-2/data/ratis/265287a3-3570-41eb-ab91-b6f5e893a33b/in_use.lock acquired by nodename 31099@pr-hdds-2343-5q8j9-3338874002
2019-10-22 00:08:40,437 [pool-169-thread-1] INFO  storage.RaftStorage (RaftStorage.java:format(84)) - Storage directory /workdir/hadoop-ozone/integration-test/target/test-dir/MiniOzoneClusterImpl-7b60a606-535f-40c2-b446-60b0e48a57dd/datanode-2/data/ratis/265287a3-3570-41eb-ab91-b6f5e893a33b has been successfully formatted.
2019-10-22 00:08:40,437 [pool-169-thread-1] INFO  ratis.ContainerStateMachine (ContainerStateMachine.java:loadSnapshot(231)) - group-B6F5E893A33B: The snapshot info is null. Setting the last applied indexto:(t:0, i:~)
2019-10-22 00:08:40,437 [pool-169-thread-1] INFO  server.RaftServerConfigKeys (ConfUtils.java:logGet(43)) - raft.server.notification.no-leader.timeout = 120s (custom)
2019-10-22 00:08:40,437 [pool-169-thread-1] INFO  server.RaftServerConfigKeys (ConfUtils.java:logGet(43)) - raft.server.log.use.memory = false (default)
2019-10-22 00:08:40,437 [pool-169-thread-1] INFO  server.RaftServerConfigKeys (ConfUtils.java:logGet(43)) - raft.server.log.purge.gap = 1000000 (custom)
2019-10-22 00:08:40,437 [pool-169-thread-1] INFO  server.RaftServerConfigKeys (ConfUtils.java:logGet(43)) - raft.server.log.appender.buffer.byte-limit = 33554432 (custom)
2019-10-22 00:08:40,437 [pool-169-thread-1] INFO  server.RaftServerConfigKeys (ConfUtils.java:logGet(43)) - raft.server.log.segment.size.max = 1048576 (custom)
2019-10-22 00:08:40,439 [pool-169-thread-1] INFO  server.RaftServerConfigKeys (ConfUtils.java:logGet(43)) - raft.server.log.segment.cache.num.max = 2 (custom)
2019-10-22 00:08:40,439 [pool-169-thread-1] INFO  segmented.SegmentedRaftLogWorker (SegmentedRaftLogWorker.java:<init>(173)) - new 05003219-6676-4e45-bd72-11bc04fa30d3@group-B6F5E893A33B-SegmentedRaftLogWorker for RaftStorage:Storage Directory /workdir/hadoop-ozone/integration-test/target/test-dir/MiniOzoneClusterImpl-7b60a606-535f-40c2-b446-60b0e48a57dd/datanode-2/data/ratis/265287a3-3570-41eb-ab91-b6f5e893a33b
2019-10-22 00:08:40,439 [pool-169-thread-1] INFO  server.RaftServerConfigKeys (ConfUtils.java:logGet(43)) - raft.server.log.queue.byte-limit = 2147483647 (custom)
2019-10-22 00:08:40,439 [pool-169-thread-1] INFO  server.RaftServerConfigKeys (ConfUtils.java:logGet(43)) - raft.server.log.queue.element-limit = 1024 (custom)
2019-10-22 00:08:40,439 [pool-169-thread-1] INFO  server.RaftServerConfigKeys (ConfUtils.java:logGet(43)) - raft.server.log.segment.size.max = 1048576 (custom)
2019-10-22 00:08:40,440 [pool-169-thread-1] INFO  server.RaftServerConfigKeys (ConfUtils.java:logGet(43)) - raft.server.log.preallocated.size = 16384 (custom)
2019-10-22 00:08:40,440 [pool-169-thread-1] INFO  server.RaftServerConfigKeys (ConfUtils.java:logGet(43)) - raft.server.log.write.buffer.size = 33554432 (custom)
2019-10-22 00:08:40,440 [pool-169-thread-1] INFO  server.RaftServerConfigKeys (ConfUtils.java:logGet(43)) - raft.server.log.force.sync.num = 128 (default)
2019-10-22 00:08:40,440 [pool-169-thread-1] INFO  server.RaftServerConfigKeys (ConfUtils.java:logGet(43)) - raft.server.log.statemachine.data.sync = true (default)
2019-10-22 00:08:40,440 [pool-169-thread-1] INFO  server.RaftServerConfigKeys (ConfUtils.java:logGet(43)) - raft.server.log.statemachine.data.sync.timeout = 10s (default)
2019-10-22 00:08:40,440 [pool-169-thread-1] INFO  server.RaftServerConfigKeys (ConfUtils.java:logGet(43)) - raft.server.log.statemachine.data.sync.timeout.retry = -1 (default)
2019-10-22 00:08:40,440 [pool-169-thread-1] INFO  server.RaftServerConfigKeys (ConfUtils.java:logGet(43)) - raft.server.log.statemachine.data.caching.enabled = true (custom)
2019-10-22 00:08:40,440 [pool-169-thread-1] INFO  segmented.SegmentedRaftLogWorker (SegmentedRaftLogWorker.java:lambda$new$0(128)) - 05003219-6676-4e45-bd72-11bc04fa30d3@group-B6F5E893A33B-SegmentedRaftLogWorker: flushIndex: setUnconditionally 0 -> -1
2019-10-22 00:08:40,441 [pool-169-thread-1] INFO  server.RaftServerConfigKeys (ConfUtils.java:logGet(43)) - raft.server.snapshot.auto.trigger.enabled = true (custom)
2019-10-22 00:08:40,441 [pool-169-thread-1] INFO  server.RaftServerConfigKeys (ConfUtils.java:logGet(43)) - raft.server.snapshot.auto.trigger.threshold = 10000 (custom)
2019-10-22 00:08:40,441 [pool-169-thread-1] INFO  server.RaftServerConfigKeys (ConfUtils.java:logGet(43)) - raft.server.snapshot.retention.file.num = 5 (custom)
2019-10-22 00:08:40,441 [pool-169-thread-1] INFO  server.RaftServerConfigKeys (ConfUtils.java:logGet(43)) - raft.server.retrycache.expirytime = 600000ms (custom)
2019-10-22 00:08:40,444 [pool-169-thread-1] INFO  impl.RaftServerImpl (RaftServerImpl.java:start(195)) - 05003219-6676-4e45-bd72-11bc04fa30d3@group-B6F5E893A33B: start as a follower, conf=-1: [05003219-6676-4e45-bd72-11bc04fa30d3:192.168.157.254:35560], old=null
2019-10-22 00:08:40,444 [pool-169-thread-1] INFO  impl.RaftServerImpl (RaftServerImpl.java:setRole(184)) - 05003219-6676-4e45-bd72-11bc04fa30d3@group-B6F5E893A33B: changes role from      null to FOLLOWER at term 0 for startAsFollower
2019-10-22 00:08:40,444 [pool-169-thread-1] INFO  impl.RoleInfo (RoleInfo.java:updateAndGet(143)) - 05003219-6676-4e45-bd72-11bc04fa30d3: start FollowerState
2019-10-22 00:08:40,444 [pool-169-thread-1] INFO  util.JmxRegister (JmxRegister.java:tryRegister(44)) - Successfully registered JMX Bean with object name Ratis:service=RaftServer,group=group-B6F5E893A33B,id=05003219-6676-4e45-bd72-11bc04fa30d3
2019-10-22 00:08:40,450 [RatisPipelineUtilsThread] INFO  pipeline.PipelineStateManager (PipelineStateManager.java:addPipeline(56)) - Created pipeline Pipeline[ Id: 265287a3-3570-41eb-ab91-b6f5e893a33b, Nodes: 05003219-6676-4e45-bd72-11bc04fa30d3{ip: 192.168.157.254, host: pr-hdds-2343-5q8j9-3338874002, networkLocation: /rack1, certSerialId: null}, Type:RATIS, Factor:ONE, State:OPEN]
2019-10-22 00:08:40,458 [IPC Server handler 8 on 34822] INFO  net.NetworkTopology (NetworkTopologyImpl.java:add(111)) - Added a new node: /rack1/4677d932-8483-41dd-a758-9c3c53d9b9d5
2019-10-22 00:08:40,459 [Thread-3917] INFO  impl.FollowerState (FollowerState.java:run(108)) - 48d226fd-ec16-45bb-ba6a-f5c68988a3f7@group-89693D849A66-FollowerState: change to CANDIDATE, lastRpcTime:140ms, electionTimeout:140ms
2019-10-22 00:08:40,460 [IPC Server handler 8 on 34822] INFO  node.SCMNodeManager (SCMNodeManager.java:register(268)) - Registered Data node : 4677d932-8483-41dd-a758-9c3c53d9b9d5{ip: 192.168.157.254, host: pr-hdds-2343-5q8j9-3338874002, networkLocation: /rack1, certSerialId: null}
2019-10-22 00:08:40,460 [Thread-3917] INFO  impl.RoleInfo (RoleInfo.java:shutdownFollowerState(121)) - 48d226fd-ec16-45bb-ba6a-f5c68988a3f7: shutdown FollowerState
2019-10-22 00:08:40,460 [Thread-3917] INFO  impl.RaftServerImpl (RaftServerImpl.java:setRole(184)) - 48d226fd-ec16-45bb-ba6a-f5c68988a3f7@group-89693D849A66: changes role from  FOLLOWER to CANDIDATE at term 0 for changeToCandidate
2019-10-22 00:08:40,460 [Thread-3917] INFO  impl.RoleInfo (RoleInfo.java:updateAndGet(143)) - 48d226fd-ec16-45bb-ba6a-f5c68988a3f7: start LeaderElection
2019-10-22 00:08:40,474 [grpc-default-executor-5] INFO  impl.RaftServerProxy (RaftServerProxy.java:addNew(89)) - f9169fae-8e57-49b1-968c-b0c13a9c79ea: addNew group-B019D31AF6BA:[48d226fd-ec16-45bb-ba6a-f5c68988a3f7:192.168.157.254:40584, f9169fae-8e57-49b1-968c-b0c13a9c79ea:192.168.157.254:46423, 05003219-6676-4e45-bd72-11bc04fa30d3:192.168.157.254:35560] returns group-B019D31AF6BA:java.util.concurrent.CompletableFuture@1dd73697[Not completed]
2019-10-22 00:08:40,474 [grpc-default-executor-1] INFO  impl.RaftServerProxy (RaftServerProxy.java:addNew(89)) - 48d226fd-ec16-45bb-ba6a-f5c68988a3f7: addNew group-B019D31AF6BA:[48d226fd-ec16-45bb-ba6a-f5c68988a3f7:192.168.157.254:40584, f9169fae-8e57-49b1-968c-b0c13a9c79ea:192.168.157.254:46423, 05003219-6676-4e45-bd72-11bc04fa30d3:192.168.157.254:35560] returns group-B019D31AF6BA:java.util.concurrent.CompletableFuture@4f74e35e[Not completed]
2019-10-22 00:08:40,475 [grpc-default-executor-1] INFO  impl.RaftServerProxy (RaftServerProxy.java:addNew(89)) - 05003219-6676-4e45-bd72-11bc04fa30d3: addNew group-B019D31AF6BA:[48d226fd-ec16-45bb-ba6a-f5c68988a3f7:192.168.157.254:40584, f9169fae-8e57-49b1-968c-b0c13a9c79ea:192.168.157.254:46423, 05003219-6676-4e45-bd72-11bc04fa30d3:192.168.157.254:35560] returns group-B019D31AF6BA:java.util.concurrent.CompletableFuture@35741085[Not completed]
2019-10-22 00:08:40,475 [pool-159-thread-1] INFO  impl.RaftServerImpl (RaftServerImpl.java:<init>(104)) - f9169fae-8e57-49b1-968c-b0c13a9c79ea: new RaftServerImpl for group-B019D31AF6BA:[48d226fd-ec16-45bb-ba6a-f5c68988a3f7:192.168.157.254:40584, f9169fae-8e57-49b1-968c-b0c13a9c79ea:192.168.157.254:46423, 05003219-6676-4e45-bd72-11bc04fa30d3:192.168.157.254:35560] with ContainerStateMachine:uninitialized
2019-10-22 00:08:40,475 [pool-159-thread-1] INFO  server.RaftServerConfigKeys (ConfUtils.java:logGet(43)) - raft.server.rpc.timeout.min = 1s (custom)
2019-10-22 00:08:40,476 [pool-159-thread-1] INFO  server.RaftServerConfigKeys (ConfUtils.java:logGet(43)) - raft.server.rpc.timeout.max = 1200ms (custom)
2019-10-22 00:08:40,476 [pool-159-thread-1] INFO  server.RaftServerConfigKeys (ConfUtils.java:logGet(43)) - raft.server.rpcslowness.timeout = 120s (custom)
2019-10-22 00:08:40,476 [pool-159-thread-1] INFO  server.RaftServerConfigKeys (ConfUtils.java:logGet(43)) - raft.server.sleep.deviation.threshold = 300 (default)
2019-10-22 00:08:40,476 [pool-159-thread-1] INFO  server.RaftServerConfigKeys (ConfUtils.java:logGet(43)) - raft.server.log.appender.install.snapshot.enabled = false (custom)
2019-10-22 00:08:40,476 [pool-159-thread-1] INFO  impl.RaftServerImpl (ServerState.java:<init>(103)) - f9169fae-8e57-49b1-968c-b0c13a9c79ea@group-B019D31AF6BA: ConfigurationManager, init=-1: [48d226fd-ec16-45bb-ba6a-f5c68988a3f7:192.168.157.254:40584, f9169fae-8e57-49b1-968c-b0c13a9c79ea:192.168.157.254:46423, 05003219-6676-4e45-bd72-11bc04fa30d3:192.168.157.254:35560], old=null, confs=<EMPTY_MAP>
2019-10-22 00:08:40,476 [pool-149-thread-1] INFO  impl.RaftServerImpl (RaftServerImpl.java:<init>(104)) - 48d226fd-ec16-45bb-ba6a-f5c68988a3f7: new RaftServerImpl for group-B019D31AF6BA:[48d226fd-ec16-45bb-ba6a-f5c68988a3f7:192.168.157.254:40584, f9169fae-8e57-49b1-968c-b0c13a9c79ea:192.168.157.254:46423, 05003219-6676-4e45-bd72-11bc04fa30d3:192.168.157.254:35560] with ContainerStateMachine:uninitialized
2019-10-22 00:08:40,476 [pool-159-thread-1] INFO  server.RaftServerConfigKeys (ConfUtils.java:logGet(43)) - raft.server.storage.dir = [/workdir/hadoop-ozone/integration-test/target/test-dir/MiniOzoneClusterImpl-7b60a606-535f-40c2-b446-60b0e48a57dd/datanode-1/data/ratis] (custom)
2019-10-22 00:08:40,476 [pool-149-thread-1] INFO  server.RaftServerConfigKeys (ConfUtils.java:logGet(43)) - raft.server.rpc.timeout.min = 1s (custom)
2019-10-22 00:08:40,476 [pool-149-thread-1] INFO  server.RaftServerConfigKeys (ConfUtils.java:logGet(43)) - raft.server.rpc.timeout.max = 1200ms (custom)
2019-10-22 00:08:40,476 [pool-159-thread-1] INFO  server.RaftServerConfigKeys (ConfUtils.java:logGet(43)) - raft.server.log.corruption.policy = EXCEPTION (default)
2019-10-22 00:08:40,476 [pool-169-thread-1] INFO  impl.RaftServerImpl (RaftServerImpl.java:<init>(104)) - 05003219-6676-4e45-bd72-11bc04fa30d3: new RaftServerImpl for group-B019D31AF6BA:[48d226fd-ec16-45bb-ba6a-f5c68988a3f7:192.168.157.254:40584, f9169fae-8e57-49b1-968c-b0c13a9c79ea:192.168.157.254:46423, 05003219-6676-4e45-bd72-11bc04fa30d3:192.168.157.254:35560] with ContainerStateMachine:uninitialized
2019-10-22 00:08:40,476 [pool-149-thread-1] INFO  server.RaftServerConfigKeys (ConfUtils.java:logGet(43)) - raft.server.rpcslowness.timeout = 120s (custom)
2019-10-22 00:08:40,477 [pool-169-thread-1] INFO  server.RaftServerConfigKeys (ConfUtils.java:logGet(43)) - raft.server.rpc.timeout.min = 1s (custom)
2019-10-22 00:08:40,477 [pool-159-thread-1] INFO  storage.RaftStorageDirectory (RaftStorageDirectory.java:analyzeStorage(246)) - The storage directory /workdir/hadoop-ozone/integration-test/target/test-dir/MiniOzoneClusterImpl-7b60a606-535f-40c2-b446-60b0e48a57dd/datanode-1/data/ratis/db4ec4d6-40c6-4670-ae00-b019d31af6ba does not exist. Creating ...
2019-10-22 00:08:40,477 [pool-169-thread-1] INFO  server.RaftServerConfigKeys (ConfUtils.java:logGet(43)) - raft.server.rpc.timeout.max = 1200ms (custom)
2019-10-22 00:08:40,477 [pool-149-thread-1] INFO  server.RaftServerConfigKeys (ConfUtils.java:logGet(43)) - raft.server.sleep.deviation.threshold = 300 (default)
2019-10-22 00:08:40,477 [pool-169-thread-1] INFO  server.RaftServerConfigKeys (ConfUtils.java:logGet(43)) - raft.server.rpcslowness.timeout = 120s (custom)
2019-10-22 00:08:40,477 [pool-149-thread-1] INFO  server.RaftServerConfigKeys (ConfUtils.java:logGet(43)) - raft.server.log.appender.install.snapshot.enabled = false (custom)
2019-10-22 00:08:40,477 [pool-169-thread-1] INFO  server.RaftServerConfigKeys (ConfUtils.java:logGet(43)) - raft.server.sleep.deviation.threshold = 300 (default)
2019-10-22 00:08:40,477 [pool-149-thread-1] INFO  impl.RaftServerImpl (ServerState.java:<init>(103)) - 48d226fd-ec16-45bb-ba6a-f5c68988a3f7@group-B019D31AF6BA: ConfigurationManager, init=-1: [48d226fd-ec16-45bb-ba6a-f5c68988a3f7:192.168.157.254:40584, f9169fae-8e57-49b1-968c-b0c13a9c79ea:192.168.157.254:46423, 05003219-6676-4e45-bd72-11bc04fa30d3:192.168.157.254:35560], old=null, confs=<EMPTY_MAP>
2019-10-22 00:08:40,477 [pool-169-thread-1] INFO  server.RaftServerConfigKeys (ConfUtils.java:logGet(43)) - raft.server.log.appender.install.snapshot.enabled = false (custom)
2019-10-22 00:08:40,477 [pool-149-thread-1] INFO  server.RaftServerConfigKeys (ConfUtils.java:logGet(43)) - raft.server.storage.dir = [/workdir/hadoop-ozone/integration-test/target/test-dir/MiniOzoneClusterImpl-7b60a606-535f-40c2-b446-60b0e48a57dd/datanode-0/data/ratis] (custom)
2019-10-22 00:08:40,477 [pool-169-thread-1] INFO  impl.RaftServerImpl (ServerState.java:<init>(103)) - 05003219-6676-4e45-bd72-11bc04fa30d3@group-B019D31AF6BA: ConfigurationManager, init=-1: [48d226fd-ec16-45bb-ba6a-f5c68988a3f7:192.168.157.254:40584, f9169fae-8e57-49b1-968c-b0c13a9c79ea:192.168.157.254:46423, 05003219-6676-4e45-bd72-11bc04fa30d3:192.168.157.254:35560], old=null, confs=<EMPTY_MAP>
2019-10-22 00:08:40,478 [pool-169-thread-1] INFO  server.RaftServerConfigKeys (ConfUtils.java:logGet(43)) - raft.server.storage.dir = [/workdir/hadoop-ozone/integration-test/target/test-dir/MiniOzoneClusterImpl-7b60a606-535f-40c2-b446-60b0e48a57dd/datanode-2/data/ratis] (custom)
2019-10-22 00:08:40,478 [pool-149-thread-1] INFO  server.RaftServerConfigKeys (ConfUtils.java:logGet(43)) - raft.server.log.corruption.policy = EXCEPTION (default)
2019-10-22 00:08:40,478 [pool-169-thread-1] INFO  server.RaftServerConfigKeys (ConfUtils.java:logGet(43)) - raft.server.log.corruption.policy = EXCEPTION (default)
2019-10-22 00:08:40,478 [pool-149-thread-1] INFO  storage.RaftStorageDirectory (RaftStorageDirectory.java:analyzeStorage(246)) - The storage directory /workdir/hadoop-ozone/integration-test/target/test-dir/MiniOzoneClusterImpl-7b60a606-535f-40c2-b446-60b0e48a57dd/datanode-0/data/ratis/db4ec4d6-40c6-4670-ae00-b019d31af6ba does not exist. Creating ...
2019-10-22 00:08:40,478 [pool-169-thread-1] INFO  storage.RaftStorageDirectory (RaftStorageDirectory.java:analyzeStorage(246)) - The storage directory /workdir/hadoop-ozone/integration-test/target/test-dir/MiniOzoneClusterImpl-7b60a606-535f-40c2-b446-60b0e48a57dd/datanode-2/data/ratis/db4ec4d6-40c6-4670-ae00-b019d31af6ba does not exist. Creating ...
2019-10-22 00:08:40,487 [pool-149-thread-1] INFO  storage.RaftStorageDirectory (RaftStorageDirectory.java:tryLock(328)) - Lock on /workdir/hadoop-ozone/integration-test/target/test-dir/MiniOzoneClusterImpl-7b60a606-535f-40c2-b446-60b0e48a57dd/datanode-0/data/ratis/db4ec4d6-40c6-4670-ae00-b019d31af6ba/in_use.lock acquired by nodename 31099@pr-hdds-2343-5q8j9-3338874002
2019-10-22 00:08:40,488 [48d226fd-ec16-45bb-ba6a-f5c68988a3f7@group-89693D849A66-LeaderElection457] INFO  impl.LeaderElection (LeaderElection.java:askForVotes(178)) - 48d226fd-ec16-45bb-ba6a-f5c68988a3f7@group-89693D849A66-LeaderElection457: begin an election at term 1 for -1: [48d226fd-ec16-45bb-ba6a-f5c68988a3f7:192.168.157.254:40584], old=null
2019-10-22 00:08:40,487 [pool-169-thread-1] INFO  storage.RaftStorageDirectory (RaftStorageDirectory.java:tryLock(328)) - Lock on /workdir/hadoop-ozone/integration-test/target/test-dir/MiniOzoneClusterImpl-7b60a606-535f-40c2-b446-60b0e48a57dd/datanode-2/data/ratis/db4ec4d6-40c6-4670-ae00-b019d31af6ba/in_use.lock acquired by nodename 31099@pr-hdds-2343-5q8j9-3338874002
2019-10-22 00:08:40,487 [pool-159-thread-1] INFO  storage.RaftStorageDirectory (RaftStorageDirectory.java:tryLock(328)) - Lock on /workdir/hadoop-ozone/integration-test/target/test-dir/MiniOzoneClusterImpl-7b60a606-535f-40c2-b446-60b0e48a57dd/datanode-1/data/ratis/db4ec4d6-40c6-4670-ae00-b019d31af6ba/in_use.lock acquired by nodename 31099@pr-hdds-2343-5q8j9-3338874002
2019-10-22 00:08:40,488 [48d226fd-ec16-45bb-ba6a-f5c68988a3f7@group-89693D849A66-LeaderElection457] INFO  impl.RoleInfo (RoleInfo.java:shutdownLeaderElection(134)) - 48d226fd-ec16-45bb-ba6a-f5c68988a3f7: shutdown LeaderElection
2019-10-22 00:08:40,488 [48d226fd-ec16-45bb-ba6a-f5c68988a3f7@group-89693D849A66-LeaderElection457] INFO  impl.RaftServerImpl (RaftServerImpl.java:setRole(184)) - 48d226fd-ec16-45bb-ba6a-f5c68988a3f7@group-89693D849A66: changes role from CANDIDATE to LEADER at term 1 for changeToLeader
2019-10-22 00:08:40,488 [48d226fd-ec16-45bb-ba6a-f5c68988a3f7@group-89693D849A66-LeaderElection457] INFO  impl.RaftServerImpl (ServerState.java:setLeader(256)) - 48d226fd-ec16-45bb-ba6a-f5c68988a3f7@group-89693D849A66: change Leader from null to 48d226fd-ec16-45bb-ba6a-f5c68988a3f7 at term 1 for becomeLeader, leader elected after 182ms
2019-10-22 00:08:40,488 [48d226fd-ec16-45bb-ba6a-f5c68988a3f7@group-89693D849A66-LeaderElection457] INFO  server.RaftServerConfigKeys (ConfUtils.java:logGet(43)) - raft.server.staging.catchup.gap = 1000 (default)
2019-10-22 00:08:40,488 [48d226fd-ec16-45bb-ba6a-f5c68988a3f7@group-89693D849A66-LeaderElection457] INFO  server.RaftServerConfigKeys (ConfUtils.java:logGet(43)) - raft.server.rpc.sleep.time = 25ms (default)
2019-10-22 00:08:40,489 [48d226fd-ec16-45bb-ba6a-f5c68988a3f7@group-89693D849A66-LeaderElection457] INFO  server.RaftServerConfigKeys (ConfUtils.java:logGet(43)) - raft.server.write.element-limit = 4096 (default)
2019-10-22 00:08:40,489 [48d226fd-ec16-45bb-ba6a-f5c68988a3f7@group-89693D849A66-LeaderElection457] INFO  server.RaftServerConfigKeys (ConfUtils.java:logGet(43)) - raft.server.watch.timeout = 10s (default)
2019-10-22 00:08:40,489 [48d226fd-ec16-45bb-ba6a-f5c68988a3f7@group-89693D849A66-LeaderElection457] INFO  server.RaftServerConfigKeys (ConfUtils.java:logGet(43)) - raft.server.watch.timeout.denomination = 1s (default)
2019-10-22 00:08:40,489 [48d226fd-ec16-45bb-ba6a-f5c68988a3f7@group-89693D849A66-LeaderElection457] INFO  server.RaftServerConfigKeys (ConfUtils.java:logGet(43)) - raft.server.watch.element-limit = 65536 (default)
2019-10-22 00:08:40,491 [48d226fd-ec16-45bb-ba6a-f5c68988a3f7@group-89693D849A66-LeaderElection457] INFO  impl.RoleInfo (RoleInfo.java:updateAndGet(143)) - 48d226fd-ec16-45bb-ba6a-f5c68988a3f7: start LeaderState
2019-10-22 00:08:40,491 [48d226fd-ec16-45bb-ba6a-f5c68988a3f7@group-89693D849A66-LeaderElection457] INFO  segmented.SegmentedRaftLogWorker (SegmentedRaftLogWorker.java:startLogSegment(385)) - 48d226fd-ec16-45bb-ba6a-f5c68988a3f7@group-89693D849A66-SegmentedRaftLogWorker: Starting segment from index:0
2019-10-22 00:08:40,492 [48d226fd-ec16-45bb-ba6a-f5c68988a3f7@group-89693D849A66-LeaderElection457] INFO  impl.RaftServerImpl (ServerState.java:setRaftConf(357)) - 48d226fd-ec16-45bb-ba6a-f5c68988a3f7@group-89693D849A66: set configuration 0: [48d226fd-ec16-45bb-ba6a-f5c68988a3f7:192.168.157.254:40584], old=null at 0
2019-10-22 00:08:40,517 [pool-159-thread-1] INFO  storage.RaftStorage (RaftStorage.java:format(84)) - Storage directory /workdir/hadoop-ozone/integration-test/target/test-dir/MiniOzoneClusterImpl-7b60a606-535f-40c2-b446-60b0e48a57dd/datanode-1/data/ratis/db4ec4d6-40c6-4670-ae00-b019d31af6ba has been successfully formatted.
2019-10-22 00:08:40,517 [pool-169-thread-1] INFO  storage.RaftStorage (RaftStorage.java:format(84)) - Storage directory /workdir/hadoop-ozone/integration-test/target/test-dir/MiniOzoneClusterImpl-7b60a606-535f-40c2-b446-60b0e48a57dd/datanode-2/data/ratis/db4ec4d6-40c6-4670-ae00-b019d31af6ba has been successfully formatted.
2019-10-22 00:08:40,517 [pool-149-thread-1] INFO  storage.RaftStorage (RaftStorage.java:format(84)) - Storage directory /workdir/hadoop-ozone/integration-test/target/test-dir/MiniOzoneClusterImpl-7b60a606-535f-40c2-b446-60b0e48a57dd/datanode-0/data/ratis/db4ec4d6-40c6-4670-ae00-b019d31af6ba has been successfully formatted.
2019-10-22 00:08:40,519 [pool-169-thread-1] INFO  ratis.ContainerStateMachine (ContainerStateMachine.java:loadSnapshot(231)) - group-B019D31AF6BA: The snapshot info is null. Setting the last applied indexto:(t:0, i:~)
2019-10-22 00:08:40,519 [pool-159-thread-1] INFO  ratis.ContainerStateMachine (ContainerStateMachine.java:loadSnapshot(231)) - group-B019D31AF6BA: The snapshot info is null. Setting the last applied indexto:(t:0, i:~)
2019-10-22 00:08:40,519 [pool-149-thread-1] INFO  ratis.ContainerStateMachine (ContainerStateMachine.java:loadSnapshot(231)) - group-B019D31AF6BA: The snapshot info is null. Setting the last applied indexto:(t:0, i:~)
2019-10-22 00:08:40,519 [pool-169-thread-1] INFO  server.RaftServerConfigKeys (ConfUtils.java:logGet(43)) - raft.server.notification.no-leader.timeout = 120s (custom)
2019-10-22 00:08:40,519 [pool-149-thread-1] INFO  server.RaftServerConfigKeys (ConfUtils.java:logGet(43)) - raft.server.notification.no-leader.timeout = 120s (custom)
2019-10-22 00:08:40,519 [pool-159-thread-1] INFO  server.RaftServerConfigKeys (ConfUtils.java:logGet(43)) - raft.server.notification.no-leader.timeout = 120s (custom)
2019-10-22 00:08:40,519 [pool-149-thread-1] INFO  server.RaftServerConfigKeys (ConfUtils.java:logGet(43)) - raft.server.log.use.memory = false (default)
2019-10-22 00:08:40,519 [pool-169-thread-1] INFO  server.RaftServerConfigKeys (ConfUtils.java:logGet(43)) - raft.server.log.use.memory = false (default)
2019-10-22 00:08:40,519 [pool-149-thread-1] INFO  server.RaftServerConfigKeys (ConfUtils.java:logGet(43)) - raft.server.log.purge.gap = 1000000 (custom)
2019-10-22 00:08:40,519 [pool-159-thread-1] INFO  server.RaftServerConfigKeys (ConfUtils.java:logGet(43)) - raft.server.log.use.memory = false (default)
2019-10-22 00:08:40,520 [pool-149-thread-1] INFO  server.RaftServerConfigKeys (ConfUtils.java:logGet(43)) - raft.server.log.appender.buffer.byte-limit = 33554432 (custom)
2019-10-22 00:08:40,520 [pool-169-thread-1] INFO  server.RaftServerConfigKeys (ConfUtils.java:logGet(43)) - raft.server.log.purge.gap = 1000000 (custom)
2019-10-22 00:08:40,520 [pool-149-thread-1] INFO  server.RaftServerConfigKeys (ConfUtils.java:logGet(43)) - raft.server.log.segment.size.max = 1048576 (custom)
2019-10-22 00:08:40,520 [pool-159-thread-1] INFO  server.RaftServerConfigKeys (ConfUtils.java:logGet(43)) - raft.server.log.purge.gap = 1000000 (custom)
2019-10-22 00:08:40,520 [pool-149-thread-1] INFO  server.RaftServerConfigKeys (ConfUtils.java:logGet(43)) - raft.server.log.segment.cache.num.max = 2 (custom)
2019-10-22 00:08:40,520 [pool-169-thread-1] INFO  server.RaftServerConfigKeys (ConfUtils.java:logGet(43)) - raft.server.log.appender.buffer.byte-limit = 33554432 (custom)
2019-10-22 00:08:40,520 [pool-149-thread-1] INFO  segmented.SegmentedRaftLogWorker (SegmentedRaftLogWorker.java:<init>(173)) - new 48d226fd-ec16-45bb-ba6a-f5c68988a3f7@group-B019D31AF6BA-SegmentedRaftLogWorker for RaftStorage:Storage Directory /workdir/hadoop-ozone/integration-test/target/test-dir/MiniOzoneClusterImpl-7b60a606-535f-40c2-b446-60b0e48a57dd/datanode-0/data/ratis/db4ec4d6-40c6-4670-ae00-b019d31af6ba
2019-10-22 00:08:40,520 [pool-159-thread-1] INFO  server.RaftServerConfigKeys (ConfUtils.java:logGet(43)) - raft.server.log.appender.buffer.byte-limit = 33554432 (custom)
2019-10-22 00:08:40,520 [pool-149-thread-1] INFO  server.RaftServerConfigKeys (ConfUtils.java:logGet(43)) - raft.server.log.queue.byte-limit = 2147483647 (custom)
2019-10-22 00:08:40,520 [pool-169-thread-1] INFO  server.RaftServerConfigKeys (ConfUtils.java:logGet(43)) - raft.server.log.segment.size.max = 1048576 (custom)
2019-10-22 00:08:40,520 [pool-149-thread-1] INFO  server.RaftServerConfigKeys (ConfUtils.java:logGet(43)) - raft.server.log.queue.element-limit = 1024 (custom)
2019-10-22 00:08:40,520 [pool-159-thread-1] INFO  server.RaftServerConfigKeys (ConfUtils.java:logGet(43)) - raft.server.log.segment.size.max = 1048576 (custom)
2019-10-22 00:08:40,521 [pool-149-thread-1] INFO  server.RaftServerConfigKeys (ConfUtils.java:logGet(43)) - raft.server.log.segment.size.max = 1048576 (custom)
2019-10-22 00:08:40,521 [pool-169-thread-1] INFO  server.RaftServerConfigKeys (ConfUtils.java:logGet(43)) - raft.server.log.segment.cache.num.max = 2 (custom)
2019-10-22 00:08:40,521 [pool-149-thread-1] INFO  server.RaftServerConfigKeys (ConfUtils.java:logGet(43)) - raft.server.log.preallocated.size = 16384 (custom)
2019-10-22 00:08:40,521 [pool-159-thread-1] INFO  server.RaftServerConfigKeys (ConfUtils.java:logGet(43)) - raft.server.log.segment.cache.num.max = 2 (custom)
2019-10-22 00:08:40,521 [pool-149-thread-1] INFO  server.RaftServerConfigKeys (ConfUtils.java:logGet(43)) - raft.server.log.write.buffer.size = 33554432 (custom)
2019-10-22 00:08:40,521 [pool-169-thread-1] INFO  segmented.SegmentedRaftLogWorker (SegmentedRaftLogWorker.java:<init>(173)) - new 05003219-6676-4e45-bd72-11bc04fa30d3@group-B019D31AF6BA-SegmentedRaftLogWorker for RaftStorage:Storage Directory /workdir/hadoop-ozone/integration-test/target/test-dir/MiniOzoneClusterImpl-7b60a606-535f-40c2-b446-60b0e48a57dd/datanode-2/data/ratis/db4ec4d6-40c6-4670-ae00-b019d31af6ba
2019-10-22 00:08:40,521 [pool-149-thread-1] INFO  server.RaftServerConfigKeys (ConfUtils.java:logGet(43)) - raft.server.log.force.sync.num = 128 (default)
2019-10-22 00:08:40,521 [pool-159-thread-1] INFO  segmented.SegmentedRaftLogWorker (SegmentedRaftLogWorker.java:<init>(173)) - new f9169fae-8e57-49b1-968c-b0c13a9c79ea@group-B019D31AF6BA-SegmentedRaftLogWorker for RaftStorage:Storage Directory /workdir/hadoop-ozone/integration-test/target/test-dir/MiniOzoneClusterImpl-7b60a606-535f-40c2-b446-60b0e48a57dd/datanode-1/data/ratis/db4ec4d6-40c6-4670-ae00-b019d31af6ba
2019-10-22 00:08:40,521 [pool-149-thread-1] INFO  server.RaftServerConfigKeys (ConfUtils.java:logGet(43)) - raft.server.log.statemachine.data.sync = true (default)
2019-10-22 00:08:40,521 [pool-169-thread-1] INFO  server.RaftServerConfigKeys (ConfUtils.java:logGet(43)) - raft.server.log.queue.byte-limit = 2147483647 (custom)
2019-10-22 00:08:40,522 [pool-149-thread-1] INFO  server.RaftServerConfigKeys (ConfUtils.java:logGet(43)) - raft.server.log.statemachine.data.sync.timeout = 10s (default)
2019-10-22 00:08:40,522 [pool-159-thread-1] INFO  server.RaftServerConfigKeys (ConfUtils.java:logGet(43)) - raft.server.log.queue.byte-limit = 2147483647 (custom)
2019-10-22 00:08:40,522 [pool-149-thread-1] INFO  server.RaftServerConfigKeys (ConfUtils.java:logGet(43)) - raft.server.log.statemachine.data.sync.timeout.retry = -1 (default)
2019-10-22 00:08:40,522 [pool-169-thread-1] INFO  server.RaftServerConfigKeys (ConfUtils.java:logGet(43)) - raft.server.log.queue.element-limit = 1024 (custom)
2019-10-22 00:08:40,522 [pool-149-thread-1] INFO  server.RaftServerConfigKeys (ConfUtils.java:logGet(43)) - raft.server.log.statemachine.data.caching.enabled = true (custom)
2019-10-22 00:08:40,522 [pool-159-thread-1] INFO  server.RaftServerConfigKeys (ConfUtils.java:logGet(43)) - raft.server.log.queue.element-limit = 1024 (custom)
2019-10-22 00:08:40,522 [pool-169-thread-1] INFO  server.RaftServerConfigKeys (ConfUtils.java:logGet(43)) - raft.server.log.segment.size.max = 1048576 (custom)
2019-10-22 00:08:40,522 [pool-149-thread-1] INFO  segmented.SegmentedRaftLogWorker (SegmentedRaftLogWorker.java:lambda$new$0(128)) - 48d226fd-ec16-45bb-ba6a-f5c68988a3f7@group-B019D31AF6BA-SegmentedRaftLogWorker: flushIndex: setUnconditionally 0 -> -1
2019-10-22 00:08:40,522 [pool-159-thread-1] INFO  server.RaftServerConfigKeys (ConfUtils.java:logGet(43)) - raft.server.log.segment.size.max = 1048576 (custom)
2019-10-22 00:08:40,522 [pool-169-thread-1] INFO  server.RaftServerConfigKeys (ConfUtils.java:logGet(43)) - raft.server.log.preallocated.size = 16384 (custom)
2019-10-22 00:08:40,523 [pool-149-thread-1] INFO  server.RaftServerConfigKeys (ConfUtils.java:logGet(43)) - raft.server.snapshot.auto.trigger.enabled = true (custom)
2019-10-22 00:08:40,523 [pool-159-thread-1] INFO  server.RaftServerConfigKeys (ConfUtils.java:logGet(43)) - raft.server.log.preallocated.size = 16384 (custom)
2019-10-22 00:08:40,523 [pool-149-thread-1] INFO  server.RaftServerConfigKeys (ConfUtils.java:logGet(43)) - raft.server.snapshot.auto.trigger.threshold = 10000 (custom)
2019-10-22 00:08:40,523 [pool-169-thread-1] INFO  server.RaftServerConfigKeys (ConfUtils.java:logGet(43)) - raft.server.log.write.buffer.size = 33554432 (custom)
2019-10-22 00:08:40,523 [pool-149-thread-1] INFO  server.RaftServerConfigKeys (ConfUtils.java:logGet(43)) - raft.server.snapshot.retention.file.num = 5 (custom)
2019-10-22 00:08:40,523 [pool-159-thread-1] INFO  server.RaftServerConfigKeys (ConfUtils.java:logGet(43)) - raft.server.log.write.buffer.size = 33554432 (custom)
2019-10-22 00:08:40,523 [pool-149-thread-1] INFO  server.RaftServerConfigKeys (ConfUtils.java:logGet(43)) - raft.server.retrycache.expirytime = 600000ms (custom)
2019-10-22 00:08:40,523 [pool-169-thread-1] INFO  server.RaftServerConfigKeys (ConfUtils.java:logGet(43)) - raft.server.log.force.sync.num = 128 (default)
2019-10-22 00:08:40,523 [pool-159-thread-1] INFO  server.RaftServerConfigKeys (ConfUtils.java:logGet(43)) - raft.server.log.force.sync.num = 128 (default)
2019-10-22 00:08:40,523 [pool-169-thread-1] INFO  server.RaftServerConfigKeys (ConfUtils.java:logGet(43)) - raft.server.log.statemachine.data.sync = true (default)
2019-10-22 00:08:40,523 [pool-159-thread-1] INFO  server.RaftServerConfigKeys (ConfUtils.java:logGet(43)) - raft.server.log.statemachine.data.sync = true (default)
2019-10-22 00:08:40,523 [pool-169-thread-1] INFO  server.RaftServerConfigKeys (ConfUtils.java:logGet(43)) - raft.server.log.statemachine.data.sync.timeout = 10s (default)
2019-10-22 00:08:40,524 [pool-159-thread-1] INFO  server.RaftServerConfigKeys (ConfUtils.java:logGet(43)) - raft.server.log.statemachine.data.sync.timeout = 10s (default)
2019-10-22 00:08:40,524 [pool-169-thread-1] INFO  server.RaftServerConfigKeys (ConfUtils.java:logGet(43)) - raft.server.log.statemachine.data.sync.timeout.retry = -1 (default)
2019-10-22 00:08:40,524 [pool-159-thread-1] INFO  server.RaftServerConfigKeys (ConfUtils.java:logGet(43)) - raft.server.log.statemachine.data.sync.timeout.retry = -1 (default)
2019-10-22 00:08:40,524 [pool-169-thread-1] INFO  server.RaftServerConfigKeys (ConfUtils.java:logGet(43)) - raft.server.log.statemachine.data.caching.enabled = true (custom)
2019-10-22 00:08:40,524 [pool-159-thread-1] INFO  server.RaftServerConfigKeys (ConfUtils.java:logGet(43)) - raft.server.log.statemachine.data.caching.enabled = true (custom)
2019-10-22 00:08:40,524 [pool-169-thread-1] INFO  segmented.SegmentedRaftLogWorker (SegmentedRaftLogWorker.java:lambda$new$0(128)) - 05003219-6676-4e45-bd72-11bc04fa30d3@group-B019D31AF6BA-SegmentedRaftLogWorker: flushIndex: setUnconditionally 0 -> -1
2019-10-22 00:08:40,524 [pool-159-thread-1] INFO  segmented.SegmentedRaftLogWorker (SegmentedRaftLogWorker.java:lambda$new$0(128)) - f9169fae-8e57-49b1-968c-b0c13a9c79ea@group-B019D31AF6BA-SegmentedRaftLogWorker: flushIndex: setUnconditionally 0 -> -1
2019-10-22 00:08:40,525 [pool-169-thread-1] INFO  server.RaftServerConfigKeys (ConfUtils.java:logGet(43)) - raft.server.snapshot.auto.trigger.enabled = true (custom)
2019-10-22 00:08:40,525 [pool-159-thread-1] INFO  server.RaftServerConfigKeys (ConfUtils.java:logGet(43)) - raft.server.snapshot.auto.trigger.enabled = true (custom)
2019-10-22 00:08:40,525 [pool-169-thread-1] INFO  server.RaftServerConfigKeys (ConfUtils.java:logGet(43)) - raft.server.snapshot.auto.trigger.threshold = 10000 (custom)
2019-10-22 00:08:40,525 [pool-159-thread-1] INFO  server.RaftServerConfigKeys (ConfUtils.java:logGet(43)) - raft.server.snapshot.auto.trigger.threshold = 10000 (custom)
2019-10-22 00:08:40,525 [pool-169-thread-1] INFO  server.RaftServerConfigKeys (ConfUtils.java:logGet(43)) - raft.server.snapshot.retention.file.num = 5 (custom)
2019-10-22 00:08:40,525 [pool-159-thread-1] INFO  server.RaftServerConfigKeys (ConfUtils.java:logGet(43)) - raft.server.snapshot.retention.file.num = 5 (custom)
2019-10-22 00:08:40,525 [pool-169-thread-1] INFO  server.RaftServerConfigKeys (ConfUtils.java:logGet(43)) - raft.server.retrycache.expirytime = 600000ms (custom)
2019-10-22 00:08:40,526 [pool-149-thread-1] INFO  impl.RaftServerImpl (RaftServerImpl.java:start(195)) - 48d226fd-ec16-45bb-ba6a-f5c68988a3f7@group-B019D31AF6BA: start as a follower, conf=-1: [48d226fd-ec16-45bb-ba6a-f5c68988a3f7:192.168.157.254:40584, f9169fae-8e57-49b1-968c-b0c13a9c79ea:192.168.157.254:46423, 05003219-6676-4e45-bd72-11bc04fa30d3:192.168.157.254:35560], old=null
2019-10-22 00:08:40,526 [pool-159-thread-1] INFO  server.RaftServerConfigKeys (ConfUtils.java:logGet(43)) - raft.server.retrycache.expirytime = 600000ms (custom)
2019-10-22 00:08:40,526 [pool-149-thread-1] INFO  impl.RaftServerImpl (RaftServerImpl.java:setRole(184)) - 48d226fd-ec16-45bb-ba6a-f5c68988a3f7@group-B019D31AF6BA: changes role from      null to FOLLOWER at term 0 for startAsFollower
2019-10-22 00:08:40,526 [pool-149-thread-1] INFO  impl.RoleInfo (RoleInfo.java:updateAndGet(143)) - 48d226fd-ec16-45bb-ba6a-f5c68988a3f7: start FollowerState
2019-10-22 00:08:40,526 [pool-149-thread-1] INFO  util.JmxRegister (JmxRegister.java:tryRegister(44)) - Successfully registered JMX Bean with object name Ratis:service=RaftServer,group=group-B019D31AF6BA,id=48d226fd-ec16-45bb-ba6a-f5c68988a3f7
2019-10-22 00:08:40,528 [IPC Server handler 19 on 34822] INFO  net.NetworkTopology (NetworkTopologyImpl.java:add(111)) - Added a new node: /rack1/8fd446cf-6878-4c52-9c53-15bd189bc282
2019-10-22 00:08:40,528 [IPC Server handler 19 on 34822] INFO  node.SCMNodeManager (SCMNodeManager.java:register(268)) - Registered Data node : 8fd446cf-6878-4c52-9c53-15bd189bc282{ip: 192.168.157.254, host: pr-hdds-2343-5q8j9-3338874002, networkLocation: /rack1, certSerialId: null}
2019-10-22 00:08:40,528 [48d226fd-ec16-45bb-ba6a-f5c68988a3f7@group-89693D849A66-SegmentedRaftLogWorker] INFO  segmented.SegmentedRaftLogWorker (SegmentedRaftLogWorker.java:execute(576)) - 48d226fd-ec16-45bb-ba6a-f5c68988a3f7@group-89693D849A66-SegmentedRaftLogWorker: created new log segment /workdir/hadoop-ozone/integration-test/target/test-dir/MiniOzoneClusterImpl-7b60a606-535f-40c2-b446-60b0e48a57dd/datanode-0/data/ratis/afa5ef24-ae23-476f-98ed-89693d849a66/current/log_inprogress_0
2019-10-22 00:08:40,530 [pool-169-thread-1] INFO  impl.RaftServerImpl (RaftServerImpl.java:start(195)) - 05003219-6676-4e45-bd72-11bc04fa30d3@group-B019D31AF6BA: start as a follower, conf=-1: [48d226fd-ec16-45bb-ba6a-f5c68988a3f7:192.168.157.254:40584, f9169fae-8e57-49b1-968c-b0c13a9c79ea:192.168.157.254:46423, 05003219-6676-4e45-bd72-11bc04fa30d3:192.168.157.254:35560], old=null
2019-10-22 00:08:40,530 [pool-169-thread-1] INFO  impl.RaftServerImpl (RaftServerImpl.java:setRole(184)) - 05003219-6676-4e45-bd72-11bc04fa30d3@group-B019D31AF6BA: changes role from      null to FOLLOWER at term 0 for startAsFollower
2019-10-22 00:08:40,531 [pool-169-thread-1] INFO  impl.RoleInfo (RoleInfo.java:updateAndGet(143)) - 05003219-6676-4e45-bd72-11bc04fa30d3: start FollowerState
2019-10-22 00:08:40,531 [pool-159-thread-1] INFO  impl.RaftServerImpl (RaftServerImpl.java:start(195)) - f9169fae-8e57-49b1-968c-b0c13a9c79ea@group-B019D31AF6BA: start as a follower, conf=-1: [48d226fd-ec16-45bb-ba6a-f5c68988a3f7:192.168.157.254:40584, f9169fae-8e57-49b1-968c-b0c13a9c79ea:192.168.157.254:46423, 05003219-6676-4e45-bd72-11bc04fa30d3:192.168.157.254:35560], old=null
2019-10-22 00:08:40,531 [pool-159-thread-1] INFO  impl.RaftServerImpl (RaftServerImpl.java:setRole(184)) - f9169fae-8e57-49b1-968c-b0c13a9c79ea@group-B019D31AF6BA: changes role from      null to FOLLOWER at term 0 for startAsFollower
2019-10-22 00:08:40,531 [pool-169-thread-1] INFO  util.JmxRegister (JmxRegister.java:tryRegister(44)) - Successfully registered JMX Bean with object name Ratis:service=RaftServer,group=group-B019D31AF6BA,id=05003219-6676-4e45-bd72-11bc04fa30d3
2019-10-22 00:08:40,531 [pool-159-thread-1] INFO  impl.RoleInfo (RoleInfo.java:updateAndGet(143)) - f9169fae-8e57-49b1-968c-b0c13a9c79ea: start FollowerState
2019-10-22 00:08:40,531 [pool-159-thread-1] INFO  util.JmxRegister (JmxRegister.java:tryRegister(44)) - Successfully registered JMX Bean with object name Ratis:service=RaftServer,group=group-B019D31AF6BA,id=f9169fae-8e57-49b1-968c-b0c13a9c79ea
2019-10-22 00:08:40,535 [Thread-3920] INFO  impl.FollowerState (FollowerState.java:run(108)) - f9169fae-8e57-49b1-968c-b0c13a9c79ea@group-39187EBAA629-FollowerState: change to CANDIDATE, lastRpcTime:138ms, electionTimeout:138ms
2019-10-22 00:08:40,536 [Thread-3920] INFO  impl.RoleInfo (RoleInfo.java:shutdownFollowerState(121)) - f9169fae-8e57-49b1-968c-b0c13a9c79ea: shutdown FollowerState
2019-10-22 00:08:40,536 [Thread-3920] INFO  impl.RaftServerImpl (RaftServerImpl.java:setRole(184)) - f9169fae-8e57-49b1-968c-b0c13a9c79ea@group-39187EBAA629: changes role from  FOLLOWER to CANDIDATE at term 0 for changeToCandidate
2019-10-22 00:08:40,536 [Thread-3920] INFO  impl.RoleInfo (RoleInfo.java:updateAndGet(143)) - f9169fae-8e57-49b1-968c-b0c13a9c79ea: start LeaderElection
2019-10-22 00:08:40,542 [f9169fae-8e57-49b1-968c-b0c13a9c79ea@group-39187EBAA629-LeaderElection458] INFO  impl.LeaderElection (LeaderElection.java:askForVotes(178)) - f9169fae-8e57-49b1-968c-b0c13a9c79ea@group-39187EBAA629-LeaderElection458: begin an election at term 1 for -1: [f9169fae-8e57-49b1-968c-b0c13a9c79ea:192.168.157.254:46423], old=null
2019-10-22 00:08:40,542 [f9169fae-8e57-49b1-968c-b0c13a9c79ea@group-39187EBAA629-LeaderElection458] INFO  impl.RoleInfo (RoleInfo.java:shutdownLeaderElection(134)) - f9169fae-8e57-49b1-968c-b0c13a9c79ea: shutdown LeaderElection
2019-10-22 00:08:40,542 [f9169fae-8e57-49b1-968c-b0c13a9c79ea@group-39187EBAA629-LeaderElection458] INFO  impl.RaftServerImpl (RaftServerImpl.java:setRole(184)) - f9169fae-8e57-49b1-968c-b0c13a9c79ea@group-39187EBAA629: changes role from CANDIDATE to LEADER at term 1 for changeToLeader
2019-10-22 00:08:40,542 [f9169fae-8e57-49b1-968c-b0c13a9c79ea@group-39187EBAA629-LeaderElection458] INFO  impl.RaftServerImpl (ServerState.java:setLeader(256)) - f9169fae-8e57-49b1-968c-b0c13a9c79ea@group-39187EBAA629: change Leader from null to f9169fae-8e57-49b1-968c-b0c13a9c79ea at term 1 for becomeLeader, leader elected after 151ms
2019-10-22 00:08:40,542 [f9169fae-8e57-49b1-968c-b0c13a9c79ea@group-39187EBAA629-LeaderElection458] INFO  server.RaftServerConfigKeys (ConfUtils.java:logGet(43)) - raft.server.staging.catchup.gap = 1000 (default)
2019-10-22 00:08:40,543 [f9169fae-8e57-49b1-968c-b0c13a9c79ea@group-39187EBAA629-LeaderElection458] INFO  server.RaftServerConfigKeys (ConfUtils.java:logGet(43)) - raft.server.rpc.sleep.time = 25ms (default)
2019-10-22 00:08:40,543 [f9169fae-8e57-49b1-968c-b0c13a9c79ea@group-39187EBAA629-LeaderElection458] INFO  server.RaftServerConfigKeys (ConfUtils.java:logGet(43)) - raft.server.write.element-limit = 4096 (default)
2019-10-22 00:08:40,543 [f9169fae-8e57-49b1-968c-b0c13a9c79ea@group-39187EBAA629-LeaderElection458] INFO  server.RaftServerConfigKeys (ConfUtils.java:logGet(43)) - raft.server.watch.timeout = 10s (default)
2019-10-22 00:08:40,543 [f9169fae-8e57-49b1-968c-b0c13a9c79ea@group-39187EBAA629-LeaderElection458] INFO  server.RaftServerConfigKeys (ConfUtils.java:logGet(43)) - raft.server.watch.timeout.denomination = 1s (default)
2019-10-22 00:08:40,543 [f9169fae-8e57-49b1-968c-b0c13a9c79ea@group-39187EBAA629-LeaderElection458] INFO  server.RaftServerConfigKeys (ConfUtils.java:logGet(43)) - raft.server.watch.element-limit = 65536 (default)
2019-10-22 00:08:40,543 [RatisPipelineUtilsThread] INFO  pipeline.PipelineStateManager (PipelineStateManager.java:addPipeline(56)) - Created pipeline Pipeline[ Id: db4ec4d6-40c6-4670-ae00-b019d31af6ba, Nodes: 48d226fd-ec16-45bb-ba6a-f5c68988a3f7{ip: 192.168.157.254, host: pr-hdds-2343-5q8j9-3338874002, networkLocation: /rack1, certSerialId: null}f9169fae-8e57-49b1-968c-b0c13a9c79ea{ip: 192.168.157.254, host: pr-hdds-2343-5q8j9-3338874002, networkLocation: /rack1, certSerialId: null}05003219-6676-4e45-bd72-11bc04fa30d3{ip: 192.168.157.254, host: pr-hdds-2343-5q8j9-3338874002, networkLocation: /rack1, certSerialId: null}, Type:RATIS, Factor:THREE, State:OPEN]
2019-10-22 00:08:40,546 [f9169fae-8e57-49b1-968c-b0c13a9c79ea@group-39187EBAA629-LeaderElection458] INFO  impl.RoleInfo (RoleInfo.java:updateAndGet(143)) - f9169fae-8e57-49b1-968c-b0c13a9c79ea: start LeaderState
2019-10-22 00:08:40,547 [f9169fae-8e57-49b1-968c-b0c13a9c79ea@group-39187EBAA629-LeaderElection458] INFO  segmented.SegmentedRaftLogWorker (SegmentedRaftLogWorker.java:startLogSegment(385)) - f9169fae-8e57-49b1-968c-b0c13a9c79ea@group-39187EBAA629-SegmentedRaftLogWorker: Starting segment from index:0
2019-10-22 00:08:40,547 [f9169fae-8e57-49b1-968c-b0c13a9c79ea@group-39187EBAA629-LeaderElection458] INFO  impl.RaftServerImpl (ServerState.java:setRaftConf(357)) - f9169fae-8e57-49b1-968c-b0c13a9c79ea@group-39187EBAA629: set configuration 0: [f9169fae-8e57-49b1-968c-b0c13a9c79ea:192.168.157.254:46423], old=null at 0
2019-10-22 00:08:40,575 [grpc-default-executor-1] INFO  impl.RaftServerProxy (RaftServerProxy.java:addNew(89)) - 4677d932-8483-41dd-a758-9c3c53d9b9d5: addNew group-4F5A283FD033:[4677d932-8483-41dd-a758-9c3c53d9b9d5:192.168.157.254:35453] returns group-4F5A283FD033:java.util.concurrent.CompletableFuture@11a9c520[Not completed]
2019-10-22 00:08:40,576 [pool-179-thread-1] INFO  impl.RaftServerImpl (RaftServerImpl.java:<init>(104)) - 4677d932-8483-41dd-a758-9c3c53d9b9d5: new RaftServerImpl for group-4F5A283FD033:[4677d932-8483-41dd-a758-9c3c53d9b9d5:192.168.157.254:35453] with ContainerStateMachine:uninitialized
2019-10-22 00:08:40,576 [pool-179-thread-1] INFO  server.RaftServerConfigKeys (ConfUtils.java:logGet(43)) - raft.server.rpc.timeout.min = 1s (custom)
2019-10-22 00:08:40,576 [pool-179-thread-1] INFO  server.RaftServerConfigKeys (ConfUtils.java:logGet(43)) - raft.server.rpc.timeout.max = 1200ms (custom)
2019-10-22 00:08:40,576 [pool-179-thread-1] INFO  server.RaftServerConfigKeys (ConfUtils.java:logGet(43)) - raft.server.rpcslowness.timeout = 120s (custom)
2019-10-22 00:08:40,576 [pool-179-thread-1] INFO  server.RaftServerConfigKeys (ConfUtils.java:logGet(43)) - raft.server.sleep.deviation.threshold = 300 (default)
2019-10-22 00:08:40,576 [pool-179-thread-1] INFO  server.RaftServerConfigKeys (ConfUtils.java:logGet(43)) - raft.server.log.appender.install.snapshot.enabled = false (custom)
2019-10-22 00:08:40,577 [pool-179-thread-1] INFO  impl.RaftServerImpl (ServerState.java:<init>(103)) - 4677d932-8483-41dd-a758-9c3c53d9b9d5@group-4F5A283FD033: ConfigurationManager, init=-1: [4677d932-8483-41dd-a758-9c3c53d9b9d5:192.168.157.254:35453], old=null, confs=<EMPTY_MAP>
2019-10-22 00:08:40,577 [pool-179-thread-1] INFO  server.RaftServerConfigKeys (ConfUtils.java:logGet(43)) - raft.server.storage.dir = [/workdir/hadoop-ozone/integration-test/target/test-dir/MiniOzoneClusterImpl-7b60a606-535f-40c2-b446-60b0e48a57dd/datanode-3/data/ratis] (custom)
2019-10-22 00:08:40,577 [pool-179-thread-1] INFO  server.RaftServerConfigKeys (ConfUtils.java:logGet(43)) - raft.server.log.corruption.policy = EXCEPTION (default)
2019-10-22 00:08:40,577 [pool-179-thread-1] INFO  storage.RaftStorageDirectory (RaftStorageDirectory.java:analyzeStorage(246)) - The storage directory /workdir/hadoop-ozone/integration-test/target/test-dir/MiniOzoneClusterImpl-7b60a606-535f-40c2-b446-60b0e48a57dd/datanode-3/data/ratis/e5adad4e-0461-4d2d-a943-4f5a283fd033 does not exist. Creating ...
2019-10-22 00:08:40,585 [Thread-3923] INFO  impl.FollowerState (FollowerState.java:run(108)) - 05003219-6676-4e45-bd72-11bc04fa30d3@group-B6F5E893A33B-FollowerState: change to CANDIDATE, lastRpcTime:141ms, electionTimeout:141ms
2019-10-22 00:08:40,585 [Thread-3923] INFO  impl.RoleInfo (RoleInfo.java:shutdownFollowerState(121)) - 05003219-6676-4e45-bd72-11bc04fa30d3: shutdown FollowerState
2019-10-22 00:08:40,585 [Thread-3923] INFO  impl.RaftServerImpl (RaftServerImpl.java:setRole(184)) - 05003219-6676-4e45-bd72-11bc04fa30d3@group-B6F5E893A33B: changes role from  FOLLOWER to CANDIDATE at term 0 for changeToCandidate
2019-10-22 00:08:40,585 [Thread-3923] INFO  impl.RoleInfo (RoleInfo.java:updateAndGet(143)) - 05003219-6676-4e45-bd72-11bc04fa30d3: start LeaderElection
2019-10-22 00:08:40,588 [pool-179-thread-1] INFO  storage.RaftStorageDirectory (RaftStorageDirectory.java:tryLock(328)) - Lock on /workdir/hadoop-ozone/integration-test/target/test-dir/MiniOzoneClusterImpl-7b60a606-535f-40c2-b446-60b0e48a57dd/datanode-3/data/ratis/e5adad4e-0461-4d2d-a943-4f5a283fd033/in_use.lock acquired by nodename 31099@pr-hdds-2343-5q8j9-3338874002
2019-10-22 00:08:40,588 [f9169fae-8e57-49b1-968c-b0c13a9c79ea@group-39187EBAA629-SegmentedRaftLogWorker] INFO  segmented.SegmentedRaftLogWorker (SegmentedRaftLogWorker.java:execute(576)) - f9169fae-8e57-49b1-968c-b0c13a9c79ea@group-39187EBAA629-SegmentedRaftLogWorker: created new log segment /workdir/hadoop-ozone/integration-test/target/test-dir/MiniOzoneClusterImpl-7b60a606-535f-40c2-b446-60b0e48a57dd/datanode-1/data/ratis/89251881-fb1b-40a6-87ed-39187ebaa629/current/log_inprogress_0
2019-10-22 00:08:40,602 [pool-179-thread-1] INFO  storage.RaftStorage (RaftStorage.java:format(84)) - Storage directory /workdir/hadoop-ozone/integration-test/target/test-dir/MiniOzoneClusterImpl-7b60a606-535f-40c2-b446-60b0e48a57dd/datanode-3/data/ratis/e5adad4e-0461-4d2d-a943-4f5a283fd033 has been successfully formatted.
2019-10-22 00:08:40,602 [05003219-6676-4e45-bd72-11bc04fa30d3@group-B6F5E893A33B-LeaderElection459] INFO  impl.LeaderElection (LeaderElection.java:askForVotes(178)) - 05003219-6676-4e45-bd72-11bc04fa30d3@group-B6F5E893A33B-LeaderElection459: begin an election at term 1 for -1: [05003219-6676-4e45-bd72-11bc04fa30d3:192.168.157.254:35560], old=null
2019-10-22 00:08:40,602 [pool-179-thread-1] INFO  ratis.ContainerStateMachine (ContainerStateMachine.java:loadSnapshot(231)) - group-4F5A283FD033: The snapshot info is null. Setting the last applied indexto:(t:0, i:~)
2019-10-22 00:08:40,602 [05003219-6676-4e45-bd72-11bc04fa30d3@group-B6F5E893A33B-LeaderElection459] INFO  impl.RoleInfo (RoleInfo.java:shutdownLeaderElection(134)) - 05003219-6676-4e45-bd72-11bc04fa30d3: shutdown LeaderElection
2019-10-22 00:08:40,602 [pool-179-thread-1] INFO  server.RaftServerConfigKeys (ConfUtils.java:logGet(43)) - raft.server.notification.no-leader.timeout = 120s (custom)
2019-10-22 00:08:40,602 [05003219-6676-4e45-bd72-11bc04fa30d3@group-B6F5E893A33B-LeaderElection459] INFO  impl.RaftServerImpl (RaftServerImpl.java:setRole(184)) - 05003219-6676-4e45-bd72-11bc04fa30d3@group-B6F5E893A33B: changes role from CANDIDATE to LEADER at term 1 for changeToLeader
2019-10-22 00:08:40,602 [pool-179-thread-1] INFO  server.RaftServerConfigKeys (ConfUtils.java:logGet(43)) - raft.server.log.use.memory = false (default)
2019-10-22 00:08:40,602 [05003219-6676-4e45-bd72-11bc04fa30d3@group-B6F5E893A33B-LeaderElection459] INFO  impl.RaftServerImpl (ServerState.java:setLeader(256)) - 05003219-6676-4e45-bd72-11bc04fa30d3@group-B6F5E893A33B: change Leader from null to 05003219-6676-4e45-bd72-11bc04fa30d3 at term 1 for becomeLeader, leader elected after 165ms
2019-10-22 00:08:40,602 [pool-179-thread-1] INFO  server.RaftServerConfigKeys (ConfUtils.java:logGet(43)) - raft.server.log.purge.gap = 1000000 (custom)
2019-10-22 00:08:40,602 [05003219-6676-4e45-bd72-11bc04fa30d3@group-B6F5E893A33B-LeaderElection459] INFO  server.RaftServerConfigKeys (ConfUtils.java:logGet(43)) - raft.server.staging.catchup.gap = 1000 (default)
2019-10-22 00:08:40,602 [pool-179-thread-1] INFO  server.RaftServerConfigKeys (ConfUtils.java:logGet(43)) - raft.server.log.appender.buffer.byte-limit = 33554432 (custom)
2019-10-22 00:08:40,603 [05003219-6676-4e45-bd72-11bc04fa30d3@group-B6F5E893A33B-LeaderElection459] INFO  server.RaftServerConfigKeys (ConfUtils.java:logGet(43)) - raft.server.rpc.sleep.time = 25ms (default)
2019-10-22 00:08:40,603 [pool-179-thread-1] INFO  server.RaftServerConfigKeys (ConfUtils.java:logGet(43)) - raft.server.log.segment.size.max = 1048576 (custom)
2019-10-22 00:08:40,603 [05003219-6676-4e45-bd72-11bc04fa30d3@group-B6F5E893A33B-LeaderElection459] INFO  server.RaftServerConfigKeys (ConfUtils.java:logGet(43)) - raft.server.write.element-limit = 4096 (default)
2019-10-22 00:08:40,603 [05003219-6676-4e45-bd72-11bc04fa30d3@group-B6F5E893A33B-LeaderElection459] INFO  server.RaftServerConfigKeys (ConfUtils.java:logGet(43)) - raft.server.watch.timeout = 10s (default)
2019-10-22 00:08:40,603 [05003219-6676-4e45-bd72-11bc04fa30d3@group-B6F5E893A33B-LeaderElection459] INFO  server.RaftServerConfigKeys (ConfUtils.java:logGet(43)) - raft.server.watch.timeout.denomination = 1s (default)
2019-10-22 00:08:40,603 [05003219-6676-4e45-bd72-11bc04fa30d3@group-B6F5E893A33B-LeaderElection459] INFO  server.RaftServerConfigKeys (ConfUtils.java:logGet(43)) - raft.server.watch.element-limit = 65536 (default)
2019-10-22 00:08:40,605 [pool-179-thread-1] INFO  server.RaftServerConfigKeys (ConfUtils.java:logGet(43)) - raft.server.log.segment.cache.num.max = 2 (custom)
2019-10-22 00:08:40,605 [pool-179-thread-1] INFO  segmented.SegmentedRaftLogWorker (SegmentedRaftLogWorker.java:<init>(173)) - new 4677d932-8483-41dd-a758-9c3c53d9b9d5@group-4F5A283FD033-SegmentedRaftLogWorker for RaftStorage:Storage Directory /workdir/hadoop-ozone/integration-test/target/test-dir/MiniOzoneClusterImpl-7b60a606-535f-40c2-b446-60b0e48a57dd/datanode-3/data/ratis/e5adad4e-0461-4d2d-a943-4f5a283fd033
2019-10-22 00:08:40,605 [05003219-6676-4e45-bd72-11bc04fa30d3@group-B6F5E893A33B-LeaderElection459] INFO  impl.RoleInfo (RoleInfo.java:updateAndGet(143)) - 05003219-6676-4e45-bd72-11bc04fa30d3: start LeaderState
2019-10-22 00:08:40,605 [pool-179-thread-1] INFO  server.RaftServerConfigKeys (ConfUtils.java:logGet(43)) - raft.server.log.queue.byte-limit = 2147483647 (custom)
2019-10-22 00:08:40,605 [pool-179-thread-1] INFO  server.RaftServerConfigKeys (ConfUtils.java:logGet(43)) - raft.server.log.queue.element-limit = 1024 (custom)
2019-10-22 00:08:40,605 [05003219-6676-4e45-bd72-11bc04fa30d3@group-B6F5E893A33B-LeaderElection459] INFO  segmented.SegmentedRaftLogWorker (SegmentedRaftLogWorker.java:startLogSegment(385)) - 05003219-6676-4e45-bd72-11bc04fa30d3@group-B6F5E893A33B-SegmentedRaftLogWorker: Starting segment from index:0
2019-10-22 00:08:40,605 [pool-179-thread-1] INFO  server.RaftServerConfigKeys (ConfUtils.java:logGet(43)) - raft.server.log.segment.size.max = 1048576 (custom)
2019-10-22 00:08:40,605 [pool-179-thread-1] INFO  server.RaftServerConfigKeys (ConfUtils.java:logGet(43)) - raft.server.log.preallocated.size = 16384 (custom)
2019-10-22 00:08:40,605 [pool-179-thread-1] INFO  server.RaftServerConfigKeys (ConfUtils.java:logGet(43)) - raft.server.log.write.buffer.size = 33554432 (custom)
2019-10-22 00:08:40,605 [pool-179-thread-1] INFO  server.RaftServerConfigKeys (ConfUtils.java:logGet(43)) - raft.server.log.force.sync.num = 128 (default)
2019-10-22 00:08:40,605 [05003219-6676-4e45-bd72-11bc04fa30d3@group-B6F5E893A33B-LeaderElection459] INFO  impl.RaftServerImpl (ServerState.java:setRaftConf(357)) - 05003219-6676-4e45-bd72-11bc04fa30d3@group-B6F5E893A33B: set configuration 0: [05003219-6676-4e45-bd72-11bc04fa30d3:192.168.157.254:35560], old=null at 0
2019-10-22 00:08:40,605 [pool-179-thread-1] INFO  server.RaftServerConfigKeys (ConfUtils.java:logGet(43)) - raft.server.log.statemachine.data.sync = true (default)
2019-10-22 00:08:40,632 [pool-179-thread-1] INFO  server.RaftServerConfigKeys (ConfUtils.java:logGet(43)) - raft.server.log.statemachine.data.sync.timeout = 10s (default)
2019-10-22 00:08:40,633 [pool-179-thread-1] INFO  server.RaftServerConfigKeys (ConfUtils.java:logGet(43)) - raft.server.log.statemachine.data.sync.timeout.retry = -1 (default)
2019-10-22 00:08:40,633 [pool-179-thread-1] INFO  server.RaftServerConfigKeys (ConfUtils.java:logGet(43)) - raft.server.log.statemachine.data.caching.enabled = true (custom)
2019-10-22 00:08:40,633 [pool-179-thread-1] INFO  segmented.SegmentedRaftLogWorker (SegmentedRaftLogWorker.java:lambda$new$0(128)) - 4677d932-8483-41dd-a758-9c3c53d9b9d5@group-4F5A283FD033-SegmentedRaftLogWorker: flushIndex: setUnconditionally 0 -> -1
2019-10-22 00:08:40,633 [pool-179-thread-1] INFO  server.RaftServerConfigKeys (ConfUtils.java:logGet(43)) - raft.server.snapshot.auto.trigger.enabled = true (custom)
2019-10-22 00:08:40,634 [pool-179-thread-1] INFO  server.RaftServerConfigKeys (ConfUtils.java:logGet(43)) - raft.server.snapshot.auto.trigger.threshold = 10000 (custom)
2019-10-22 00:08:40,634 [pool-179-thread-1] INFO  server.RaftServerConfigKeys (ConfUtils.java:logGet(43)) - raft.server.snapshot.retention.file.num = 5 (custom)
2019-10-22 00:08:40,634 [pool-179-thread-1] INFO  server.RaftServerConfigKeys (ConfUtils.java:logGet(43)) - raft.server.retrycache.expirytime = 600000ms (custom)
2019-10-22 00:08:40,636 [pool-179-thread-1] INFO  impl.RaftServerImpl (RaftServerImpl.java:start(195)) - 4677d932-8483-41dd-a758-9c3c53d9b9d5@group-4F5A283FD033: start as a follower, conf=-1: [4677d932-8483-41dd-a758-9c3c53d9b9d5:192.168.157.254:35453], old=null
2019-10-22 00:08:40,636 [pool-179-thread-1] INFO  impl.RaftServerImpl (RaftServerImpl.java:setRole(184)) - 4677d932-8483-41dd-a758-9c3c53d9b9d5@group-4F5A283FD033: changes role from      null to FOLLOWER at term 0 for startAsFollower
2019-10-22 00:08:40,636 [pool-179-thread-1] INFO  impl.RoleInfo (RoleInfo.java:updateAndGet(143)) - 4677d932-8483-41dd-a758-9c3c53d9b9d5: start FollowerState
2019-10-22 00:08:40,637 [pool-179-thread-1] INFO  util.JmxRegister (JmxRegister.java:tryRegister(44)) - Successfully registered JMX Bean with object name Ratis:service=RaftServer,group=group-4F5A283FD033,id=4677d932-8483-41dd-a758-9c3c53d9b9d5
2019-10-22 00:08:40,642 [RatisPipelineUtilsThread] INFO  pipeline.PipelineStateManager (PipelineStateManager.java:addPipeline(56)) - Created pipeline Pipeline[ Id: e5adad4e-0461-4d2d-a943-4f5a283fd033, Nodes: 4677d932-8483-41dd-a758-9c3c53d9b9d5{ip: 192.168.157.254, host: pr-hdds-2343-5q8j9-3338874002, networkLocation: /rack1, certSerialId: null}, Type:RATIS, Factor:ONE, State:OPEN]
2019-10-22 00:08:40,649 [grpc-default-executor-1] INFO  impl.RaftServerProxy (RaftServerProxy.java:addNew(89)) - 8fd446cf-6878-4c52-9c53-15bd189bc282: addNew group-450B512A4587:[8fd446cf-6878-4c52-9c53-15bd189bc282:192.168.157.254:37977] returns group-450B512A4587:java.util.concurrent.CompletableFuture@6eebeb99[Not completed]
2019-10-22 00:08:40,651 [pool-189-thread-1] INFO  impl.RaftServerImpl (RaftServerImpl.java:<init>(104)) - 8fd446cf-6878-4c52-9c53-15bd189bc282: new RaftServerImpl for group-450B512A4587:[8fd446cf-6878-4c52-9c53-15bd189bc282:192.168.157.254:37977] with ContainerStateMachine:uninitialized
2019-10-22 00:08:40,651 [pool-189-thread-1] INFO  server.RaftServerConfigKeys (ConfUtils.java:logGet(43)) - raft.server.rpc.timeout.min = 1s (custom)
2019-10-22 00:08:40,651 [pool-189-thread-1] INFO  server.RaftServerConfigKeys (ConfUtils.java:logGet(43)) - raft.server.rpc.timeout.max = 1200ms (custom)
2019-10-22 00:08:40,651 [pool-189-thread-1] INFO  server.RaftServerConfigKeys (ConfUtils.java:logGet(43)) - raft.server.rpcslowness.timeout = 120s (custom)
2019-10-22 00:08:40,651 [pool-189-thread-1] INFO  server.RaftServerConfigKeys (ConfUtils.java:logGet(43)) - raft.server.sleep.deviation.threshold = 300 (default)
2019-10-22 00:08:40,651 [pool-189-thread-1] INFO  server.RaftServerConfigKeys (ConfUtils.java:logGet(43)) - raft.server.log.appender.install.snapshot.enabled = false (custom)
2019-10-22 00:08:40,651 [pool-189-thread-1] INFO  impl.RaftServerImpl (ServerState.java:<init>(103)) - 8fd446cf-6878-4c52-9c53-15bd189bc282@group-450B512A4587: ConfigurationManager, init=-1: [8fd446cf-6878-4c52-9c53-15bd189bc282:192.168.157.254:37977], old=null, confs=<EMPTY_MAP>
2019-10-22 00:08:40,651 [pool-189-thread-1] INFO  server.RaftServerConfigKeys (ConfUtils.java:logGet(43)) - raft.server.storage.dir = [/workdir/hadoop-ozone/integration-test/target/test-dir/MiniOzoneClusterImpl-7b60a606-535f-40c2-b446-60b0e48a57dd/datanode-4/data/ratis] (custom)
2019-10-22 00:08:40,652 [pool-189-thread-1] INFO  server.RaftServerConfigKeys (ConfUtils.java:logGet(43)) - raft.server.log.corruption.policy = EXCEPTION (default)
2019-10-22 00:08:40,652 [pool-189-thread-1] INFO  storage.RaftStorageDirectory (RaftStorageDirectory.java:analyzeStorage(246)) - The storage directory /workdir/hadoop-ozone/integration-test/target/test-dir/MiniOzoneClusterImpl-7b60a606-535f-40c2-b446-60b0e48a57dd/datanode-4/data/ratis/b448dd42-7f1e-4847-8289-450b512a4587 does not exist. Creating ...
2019-10-22 00:08:40,653 [05003219-6676-4e45-bd72-11bc04fa30d3@group-B6F5E893A33B-SegmentedRaftLogWorker] INFO  segmented.SegmentedRaftLogWorker (SegmentedRaftLogWorker.java:execute(576)) - 05003219-6676-4e45-bd72-11bc04fa30d3@group-B6F5E893A33B-SegmentedRaftLogWorker: created new log segment /workdir/hadoop-ozone/integration-test/target/test-dir/MiniOzoneClusterImpl-7b60a606-535f-40c2-b446-60b0e48a57dd/datanode-2/data/ratis/265287a3-3570-41eb-ab91-b6f5e893a33b/current/log_inprogress_0
2019-10-22 00:08:40,656 [pool-189-thread-1] INFO  storage.RaftStorageDirectory (RaftStorageDirectory.java:tryLock(328)) - Lock on /workdir/hadoop-ozone/integration-test/target/test-dir/MiniOzoneClusterImpl-7b60a606-535f-40c2-b446-60b0e48a57dd/datanode-4/data/ratis/b448dd42-7f1e-4847-8289-450b512a4587/in_use.lock acquired by nodename 31099@pr-hdds-2343-5q8j9-3338874002
2019-10-22 00:08:40,668 [pool-189-thread-1] INFO  storage.RaftStorage (RaftStorage.java:format(84)) - Storage directory /workdir/hadoop-ozone/integration-test/target/test-dir/MiniOzoneClusterImpl-7b60a606-535f-40c2-b446-60b0e48a57dd/datanode-4/data/ratis/b448dd42-7f1e-4847-8289-450b512a4587 has been successfully formatted.
2019-10-22 00:08:40,669 [pool-189-thread-1] INFO  ratis.ContainerStateMachine (ContainerStateMachine.java:loadSnapshot(231)) - group-450B512A4587: The snapshot info is null. Setting the last applied indexto:(t:0, i:~)
2019-10-22 00:08:40,669 [pool-189-thread-1] INFO  server.RaftServerConfigKeys (ConfUtils.java:logGet(43)) - raft.server.notification.no-leader.timeout = 120s (custom)
2019-10-22 00:08:40,669 [pool-189-thread-1] INFO  server.RaftServerConfigKeys (ConfUtils.java:logGet(43)) - raft.server.log.use.memory = false (default)
2019-10-22 00:08:40,669 [pool-189-thread-1] INFO  server.RaftServerConfigKeys (ConfUtils.java:logGet(43)) - raft.server.log.purge.gap = 1000000 (custom)
2019-10-22 00:08:40,669 [pool-189-thread-1] INFO  server.RaftServerConfigKeys (ConfUtils.java:logGet(43)) - raft.server.log.appender.buffer.byte-limit = 33554432 (custom)
2019-10-22 00:08:40,669 [pool-189-thread-1] INFO  server.RaftServerConfigKeys (ConfUtils.java:logGet(43)) - raft.server.log.segment.size.max = 1048576 (custom)
2019-10-22 00:08:40,671 [pool-189-thread-1] INFO  server.RaftServerConfigKeys (ConfUtils.java:logGet(43)) - raft.server.log.segment.cache.num.max = 2 (custom)
2019-10-22 00:08:40,671 [pool-189-thread-1] INFO  segmented.SegmentedRaftLogWorker (SegmentedRaftLogWorker.java:<init>(173)) - new 8fd446cf-6878-4c52-9c53-15bd189bc282@group-450B512A4587-SegmentedRaftLogWorker for RaftStorage:Storage Directory /workdir/hadoop-ozone/integration-test/target/test-dir/MiniOzoneClusterImpl-7b60a606-535f-40c2-b446-60b0e48a57dd/datanode-4/data/ratis/b448dd42-7f1e-4847-8289-450b512a4587
2019-10-22 00:08:40,671 [pool-189-thread-1] INFO  server.RaftServerConfigKeys (ConfUtils.java:logGet(43)) - raft.server.log.queue.byte-limit = 2147483647 (custom)
2019-10-22 00:08:40,671 [pool-189-thread-1] INFO  server.RaftServerConfigKeys (ConfUtils.java:logGet(43)) - raft.server.log.queue.element-limit = 1024 (custom)
2019-10-22 00:08:40,672 [pool-189-thread-1] INFO  server.RaftServerConfigKeys (ConfUtils.java:logGet(43)) - raft.server.log.segment.size.max = 1048576 (custom)
2019-10-22 00:08:40,672 [pool-189-thread-1] INFO  server.RaftServerConfigKeys (ConfUtils.java:logGet(43)) - raft.server.log.preallocated.size = 16384 (custom)
2019-10-22 00:08:40,672 [pool-189-thread-1] INFO  server.RaftServerConfigKeys (ConfUtils.java:logGet(43)) - raft.server.log.write.buffer.size = 33554432 (custom)
2019-10-22 00:08:40,672 [pool-189-thread-1] INFO  server.RaftServerConfigKeys (ConfUtils.java:logGet(43)) - raft.server.log.force.sync.num = 128 (default)
2019-10-22 00:08:40,672 [pool-189-thread-1] INFO  server.RaftServerConfigKeys (ConfUtils.java:logGet(43)) - raft.server.log.statemachine.data.sync = true (default)
2019-10-22 00:08:40,672 [pool-189-thread-1] INFO  server.RaftServerConfigKeys (ConfUtils.java:logGet(43)) - raft.server.log.statemachine.data.sync.timeout = 10s (default)
2019-10-22 00:08:40,672 [pool-189-thread-1] INFO  server.RaftServerConfigKeys (ConfUtils.java:logGet(43)) - raft.server.log.statemachine.data.sync.timeout.retry = -1 (default)
2019-10-22 00:08:40,673 [pool-189-thread-1] INFO  server.RaftServerConfigKeys (ConfUtils.java:logGet(43)) - raft.server.log.statemachine.data.caching.enabled = true (custom)
2019-10-22 00:08:40,673 [IPC Server handler 17 on 34822] INFO  net.NetworkTopology (NetworkTopologyImpl.java:add(111)) - Added a new node: /rack1/1be30185-a2c0-4461-afc0-2cb02fcff473
2019-10-22 00:08:40,673 [pool-189-thread-1] INFO  segmented.SegmentedRaftLogWorker (SegmentedRaftLogWorker.java:lambda$new$0(128)) - 8fd446cf-6878-4c52-9c53-15bd189bc282@group-450B512A4587-SegmentedRaftLogWorker: flushIndex: setUnconditionally 0 -> -1
2019-10-22 00:08:40,673 [IPC Server handler 17 on 34822] INFO  node.SCMNodeManager (SCMNodeManager.java:register(268)) - Registered Data node : 1be30185-a2c0-4461-afc0-2cb02fcff473{ip: 192.168.157.254, host: pr-hdds-2343-5q8j9-3338874002, networkLocation: /rack1, certSerialId: null}
2019-10-22 00:08:40,673 [pool-189-thread-1] INFO  server.RaftServerConfigKeys (ConfUtils.java:logGet(43)) - raft.server.snapshot.auto.trigger.enabled = true (custom)
2019-10-22 00:08:40,673 [pool-189-thread-1] INFO  server.RaftServerConfigKeys (ConfUtils.java:logGet(43)) - raft.server.snapshot.auto.trigger.threshold = 10000 (custom)
2019-10-22 00:08:40,674 [pool-189-thread-1] INFO  server.RaftServerConfigKeys (ConfUtils.java:logGet(43)) - raft.server.snapshot.retention.file.num = 5 (custom)
2019-10-22 00:08:40,674 [IPC Server handler 10 on 34822] INFO  net.NetworkTopology (NetworkTopologyImpl.java:add(111)) - Added a new node: /rack1/d9951c0b-6d6e-4464-b06b-4ef93c20892c
2019-10-22 00:08:40,674 [pool-189-thread-1] INFO  server.RaftServerConfigKeys (ConfUtils.java:logGet(43)) - raft.server.retrycache.expirytime = 600000ms (custom)
2019-10-22 00:08:40,674 [IPC Server handler 10 on 34822] INFO  node.SCMNodeManager (SCMNodeManager.java:register(268)) - Registered Data node : d9951c0b-6d6e-4464-b06b-4ef93c20892c{ip: 192.168.157.254, host: pr-hdds-2343-5q8j9-3338874002, networkLocation: /rack1, certSerialId: null}
2019-10-22 00:08:40,678 [pool-189-thread-1] INFO  impl.RaftServerImpl (RaftServerImpl.java:start(195)) - 8fd446cf-6878-4c52-9c53-15bd189bc282@group-450B512A4587: start as a follower, conf=-1: [8fd446cf-6878-4c52-9c53-15bd189bc282:192.168.157.254:37977], old=null
2019-10-22 00:08:40,678 [pool-189-thread-1] INFO  impl.RaftServerImpl (RaftServerImpl.java:setRole(184)) - 8fd446cf-6878-4c52-9c53-15bd189bc282@group-450B512A4587: changes role from      null to FOLLOWER at term 0 for startAsFollower
2019-10-22 00:08:40,678 [pool-189-thread-1] INFO  impl.RoleInfo (RoleInfo.java:updateAndGet(143)) - 8fd446cf-6878-4c52-9c53-15bd189bc282: start FollowerState
2019-10-22 00:08:40,678 [pool-189-thread-1] INFO  util.JmxRegister (JmxRegister.java:tryRegister(44)) - Successfully registered JMX Bean with object name Ratis:service=RaftServer,group=group-450B512A4587,id=8fd446cf-6878-4c52-9c53-15bd189bc282
2019-10-22 00:08:40,684 [Thread-3932] INFO  impl.FollowerState (FollowerState.java:run(108)) - f9169fae-8e57-49b1-968c-b0c13a9c79ea@group-B019D31AF6BA-FollowerState: change to CANDIDATE, lastRpcTime:153ms, electionTimeout:153ms
2019-10-22 00:08:40,685 [Thread-3932] INFO  impl.RoleInfo (RoleInfo.java:shutdownFollowerState(121)) - f9169fae-8e57-49b1-968c-b0c13a9c79ea: shutdown FollowerState
2019-10-22 00:08:40,685 [RatisPipelineUtilsThread] INFO  pipeline.PipelineStateManager (PipelineStateManager.java:addPipeline(56)) - Created pipeline Pipeline[ Id: b448dd42-7f1e-4847-8289-450b512a4587, Nodes: 8fd446cf-6878-4c52-9c53-15bd189bc282{ip: 192.168.157.254, host: pr-hdds-2343-5q8j9-3338874002, networkLocation: /rack1, certSerialId: null}, Type:RATIS, Factor:ONE, State:OPEN]
2019-10-22 00:08:40,685 [Thread-3932] INFO  impl.RaftServerImpl (RaftServerImpl.java:setRole(184)) - f9169fae-8e57-49b1-968c-b0c13a9c79ea@group-B019D31AF6BA: changes role from  FOLLOWER to CANDIDATE at term 0 for changeToCandidate
2019-10-22 00:08:40,685 [Thread-3932] INFO  impl.RoleInfo (RoleInfo.java:updateAndGet(143)) - f9169fae-8e57-49b1-968c-b0c13a9c79ea: start LeaderElection
2019-10-22 00:08:40,693 [Thread-3931] INFO  impl.FollowerState (FollowerState.java:run(108)) - 05003219-6676-4e45-bd72-11bc04fa30d3@group-B019D31AF6BA-FollowerState: change to CANDIDATE, lastRpcTime:162ms, electionTimeout:159ms
2019-10-22 00:08:40,695 [Thread-3931] INFO  impl.RoleInfo (RoleInfo.java:shutdownFollowerState(121)) - 05003219-6676-4e45-bd72-11bc04fa30d3: shutdown FollowerState
2019-10-22 00:08:40,695 [Thread-3931] INFO  impl.RaftServerImpl (RaftServerImpl.java:setRole(184)) - 05003219-6676-4e45-bd72-11bc04fa30d3@group-B019D31AF6BA: changes role from  FOLLOWER to CANDIDATE at term 0 for changeToCandidate
2019-10-22 00:08:40,702 [Thread-3931] INFO  impl.RoleInfo (RoleInfo.java:updateAndGet(143)) - 05003219-6676-4e45-bd72-11bc04fa30d3: start LeaderElection
2019-10-22 00:08:40,707 [05003219-6676-4e45-bd72-11bc04fa30d3@group-B019D31AF6BA-LeaderElection461] INFO  impl.LeaderElection (LeaderElection.java:askForVotes(178)) - 05003219-6676-4e45-bd72-11bc04fa30d3@group-B019D31AF6BA-LeaderElection461: begin an election at term 1 for -1: [48d226fd-ec16-45bb-ba6a-f5c68988a3f7:192.168.157.254:40584, f9169fae-8e57-49b1-968c-b0c13a9c79ea:192.168.157.254:46423, 05003219-6676-4e45-bd72-11bc04fa30d3:192.168.157.254:35560], old=null
2019-10-22 00:08:40,707 [f9169fae-8e57-49b1-968c-b0c13a9c79ea@group-B019D31AF6BA-LeaderElection460] INFO  impl.LeaderElection (LeaderElection.java:askForVotes(178)) - f9169fae-8e57-49b1-968c-b0c13a9c79ea@group-B019D31AF6BA-LeaderElection460: begin an election at term 1 for -1: [48d226fd-ec16-45bb-ba6a-f5c68988a3f7:192.168.157.254:40584, f9169fae-8e57-49b1-968c-b0c13a9c79ea:192.168.157.254:46423, 05003219-6676-4e45-bd72-11bc04fa30d3:192.168.157.254:35560], old=null
2019-10-22 00:08:40,711 [Thread-3944] INFO  impl.FollowerState (FollowerState.java:run(108)) - 8fd446cf-6878-4c52-9c53-15bd189bc282@group-450B512A4587-FollowerState: change to CANDIDATE, lastRpcTime:33ms, electionTimeout:33ms
2019-10-22 00:08:40,711 [Thread-3944] INFO  impl.RoleInfo (RoleInfo.java:shutdownFollowerState(121)) - 8fd446cf-6878-4c52-9c53-15bd189bc282: shutdown FollowerState
2019-10-22 00:08:40,711 [grpc-default-executor-1] INFO  impl.RaftServerProxy (RaftServerProxy.java:addNew(89)) - d9951c0b-6d6e-4464-b06b-4ef93c20892c: addNew group-F8B820B2A0C9:[d9951c0b-6d6e-4464-b06b-4ef93c20892c:192.168.157.254:43622] returns group-F8B820B2A0C9:java.util.concurrent.CompletableFuture@6f025469[Not completed]
2019-10-22 00:08:40,712 [Thread-3944] INFO  impl.RaftServerImpl (RaftServerImpl.java:setRole(184)) - 8fd446cf-6878-4c52-9c53-15bd189bc282@group-450B512A4587: changes role from  FOLLOWER to CANDIDATE at term 0 for changeToCandidate
2019-10-22 00:08:40,712 [Thread-3944] INFO  impl.RoleInfo (RoleInfo.java:updateAndGet(143)) - 8fd446cf-6878-4c52-9c53-15bd189bc282: start LeaderElection
2019-10-22 00:08:40,716 [pool-199-thread-1] INFO  impl.RaftServerImpl (RaftServerImpl.java:<init>(104)) - d9951c0b-6d6e-4464-b06b-4ef93c20892c: new RaftServerImpl for group-F8B820B2A0C9:[d9951c0b-6d6e-4464-b06b-4ef93c20892c:192.168.157.254:43622] with ContainerStateMachine:uninitialized
2019-10-22 00:08:40,716 [pool-199-thread-1] INFO  server.RaftServerConfigKeys (ConfUtils.java:logGet(43)) - raft.server.rpc.timeout.min = 1s (custom)
2019-10-22 00:08:40,717 [pool-199-thread-1] INFO  server.RaftServerConfigKeys (ConfUtils.java:logGet(43)) - raft.server.rpc.timeout.max = 1200ms (custom)
2019-10-22 00:08:40,717 [pool-199-thread-1] INFO  server.RaftServerConfigKeys (ConfUtils.java:logGet(43)) - raft.server.rpcslowness.timeout = 120s (custom)
2019-10-22 00:08:40,717 [pool-199-thread-1] INFO  server.RaftServerConfigKeys (ConfUtils.java:logGet(43)) - raft.server.sleep.deviation.threshold = 300 (default)
2019-10-22 00:08:40,717 [pool-199-thread-1] INFO  server.RaftServerConfigKeys (ConfUtils.java:logGet(43)) - raft.server.log.appender.install.snapshot.enabled = false (custom)
2019-10-22 00:08:40,717 [pool-199-thread-1] INFO  impl.RaftServerImpl (ServerState.java:<init>(103)) - d9951c0b-6d6e-4464-b06b-4ef93c20892c@group-F8B820B2A0C9: ConfigurationManager, init=-1: [d9951c0b-6d6e-4464-b06b-4ef93c20892c:192.168.157.254:43622], old=null, confs=<EMPTY_MAP>
2019-10-22 00:08:40,717 [pool-199-thread-1] INFO  server.RaftServerConfigKeys (ConfUtils.java:logGet(43)) - raft.server.storage.dir = [/workdir/hadoop-ozone/integration-test/target/test-dir/MiniOzoneClusterImpl-7b60a606-535f-40c2-b446-60b0e48a57dd/datanode-5/data/ratis] (custom)
2019-10-22 00:08:40,717 [pool-199-thread-1] INFO  server.RaftServerConfigKeys (ConfUtils.java:logGet(43)) - raft.server.log.corruption.policy = EXCEPTION (default)
2019-10-22 00:08:40,718 [pool-199-thread-1] INFO  storage.RaftStorageDirectory (RaftStorageDirectory.java:analyzeStorage(246)) - The storage directory /workdir/hadoop-ozone/integration-test/target/test-dir/MiniOzoneClusterImpl-7b60a606-535f-40c2-b446-60b0e48a57dd/datanode-5/data/ratis/6c16d6c8-b578-49ce-841c-f8b820b2a0c9 does not exist. Creating ...
2019-10-22 00:08:40,720 [grpc-default-executor-8] INFO  impl.RaftServerImpl (RaftServerImpl.java:setRole(184)) - 48d226fd-ec16-45bb-ba6a-f5c68988a3f7@group-B019D31AF6BA: changes role from  FOLLOWER to FOLLOWER at term 1 for recognizeCandidate:05003219-6676-4e45-bd72-11bc04fa30d3
2019-10-22 00:08:40,722 [grpc-default-executor-8] INFO  impl.RoleInfo (RoleInfo.java:shutdownFollowerState(121)) - 48d226fd-ec16-45bb-ba6a-f5c68988a3f7: shutdown FollowerState
2019-10-22 00:08:40,722 [grpc-default-executor-8] INFO  impl.RoleInfo (RoleInfo.java:updateAndGet(143)) - 48d226fd-ec16-45bb-ba6a-f5c68988a3f7: start FollowerState
2019-10-22 00:08:40,727 [05003219-6676-4e45-bd72-11bc04fa30d3@group-B019D31AF6BA-LeaderElection461] INFO  impl.LeaderElection (LeaderElection.java:logAndReturn(56)) - 05003219-6676-4e45-bd72-11bc04fa30d3@group-B019D31AF6BA-LeaderElection461: Election TIMEOUT; received 1 response(s) [05003219-6676-4e45-bd72-11bc04fa30d3<-f9169fae-8e57-49b1-968c-b0c13a9c79ea#0:FAIL-t1] and 0 exception(s); 05003219-6676-4e45-bd72-11bc04fa30d3@group-B019D31AF6BA:t1, leader=null, voted=05003219-6676-4e45-bd72-11bc04fa30d3, raftlog=05003219-6676-4e45-bd72-11bc04fa30d3@group-B019D31AF6BA-SegmentedRaftLog:OPENED:c-1,f-1,i0, conf=-1: [48d226fd-ec16-45bb-ba6a-f5c68988a3f7:192.168.157.254:40584, f9169fae-8e57-49b1-968c-b0c13a9c79ea:192.168.157.254:46423, 05003219-6676-4e45-bd72-11bc04fa30d3:192.168.157.254:35560], old=null
2019-10-22 00:08:40,728 [pool-199-thread-1] INFO  storage.RaftStorageDirectory (RaftStorageDirectory.java:tryLock(328)) - Lock on /workdir/hadoop-ozone/integration-test/target/test-dir/MiniOzoneClusterImpl-7b60a606-535f-40c2-b446-60b0e48a57dd/datanode-5/data/ratis/6c16d6c8-b578-49ce-841c-f8b820b2a0c9/in_use.lock acquired by nodename 31099@pr-hdds-2343-5q8j9-3338874002
2019-10-22 00:08:40,728 [8fd446cf-6878-4c52-9c53-15bd189bc282@group-450B512A4587-LeaderElection462] INFO  impl.LeaderElection (LeaderElection.java:askForVotes(178)) - 8fd446cf-6878-4c52-9c53-15bd189bc282@group-450B512A4587-LeaderElection462: begin an election at term 1 for -1: [8fd446cf-6878-4c52-9c53-15bd189bc282:192.168.157.254:37977], old=null
2019-10-22 00:08:40,728 [8fd446cf-6878-4c52-9c53-15bd189bc282@group-450B512A4587-LeaderElection462] INFO  impl.RoleInfo (RoleInfo.java:shutdownLeaderElection(134)) - 8fd446cf-6878-4c52-9c53-15bd189bc282: shutdown LeaderElection
2019-10-22 00:08:40,728 [8fd446cf-6878-4c52-9c53-15bd189bc282@group-450B512A4587-LeaderElection462] INFO  impl.RaftServerImpl (RaftServerImpl.java:setRole(184)) - 8fd446cf-6878-4c52-9c53-15bd189bc282@group-450B512A4587: changes role from CANDIDATE to LEADER at term 1 for changeToLeader
2019-10-22 00:08:40,728 [8fd446cf-6878-4c52-9c53-15bd189bc282@group-450B512A4587-LeaderElection462] INFO  impl.RaftServerImpl (ServerState.java:setLeader(256)) - 8fd446cf-6878-4c52-9c53-15bd189bc282@group-450B512A4587: change Leader from null to 8fd446cf-6878-4c52-9c53-15bd189bc282 at term 1 for becomeLeader, leader elected after 59ms
2019-10-22 00:08:40,729 [8fd446cf-6878-4c52-9c53-15bd189bc282@group-450B512A4587-LeaderElection462] INFO  server.RaftServerConfigKeys (ConfUtils.java:logGet(43)) - raft.server.staging.catchup.gap = 1000 (default)
2019-10-22 00:08:40,729 [8fd446cf-6878-4c52-9c53-15bd189bc282@group-450B512A4587-LeaderElection462] INFO  server.RaftServerConfigKeys (ConfUtils.java:logGet(43)) - raft.server.rpc.sleep.time = 25ms (default)
2019-10-22 00:08:40,729 [8fd446cf-6878-4c52-9c53-15bd189bc282@group-450B512A4587-LeaderElection462] INFO  server.RaftServerConfigKeys (ConfUtils.java:logGet(43)) - raft.server.write.element-limit = 4096 (default)
2019-10-22 00:08:40,729 [8fd446cf-6878-4c52-9c53-15bd189bc282@group-450B512A4587-LeaderElection462] INFO  server.RaftServerConfigKeys (ConfUtils.java:logGet(43)) - raft.server.watch.timeout = 10s (default)
2019-10-22 00:08:40,729 [8fd446cf-6878-4c52-9c53-15bd189bc282@group-450B512A4587-LeaderElection462] INFO  server.RaftServerConfigKeys (ConfUtils.java:logGet(43)) - raft.server.watch.timeout.denomination = 1s (default)
2019-10-22 00:08:40,729 [8fd446cf-6878-4c52-9c53-15bd189bc282@group-450B512A4587-LeaderElection462] INFO  server.RaftServerConfigKeys (ConfUtils.java:logGet(43)) - raft.server.watch.element-limit = 65536 (default)
2019-10-22 00:08:40,730 [8fd446cf-6878-4c52-9c53-15bd189bc282@group-450B512A4587-LeaderElection462] INFO  impl.RoleInfo (RoleInfo.java:updateAndGet(143)) - 8fd446cf-6878-4c52-9c53-15bd189bc282: start LeaderState
2019-10-22 00:08:40,731 [8fd446cf-6878-4c52-9c53-15bd189bc282@group-450B512A4587-LeaderElection462] INFO  segmented.SegmentedRaftLogWorker (SegmentedRaftLogWorker.java:startLogSegment(385)) - 8fd446cf-6878-4c52-9c53-15bd189bc282@group-450B512A4587-SegmentedRaftLogWorker: Starting segment from index:0
2019-10-22 00:08:40,731 [8fd446cf-6878-4c52-9c53-15bd189bc282@group-450B512A4587-LeaderElection462] INFO  impl.RaftServerImpl (ServerState.java:setRaftConf(357)) - 8fd446cf-6878-4c52-9c53-15bd189bc282@group-450B512A4587: set configuration 0: [8fd446cf-6878-4c52-9c53-15bd189bc282:192.168.157.254:37977], old=null at 0
2019-10-22 00:08:40,740 [IPC Server handler 0 on 34822] INFO  net.NetworkTopology (NetworkTopologyImpl.java:add(111)) - Added a new node: /rack1/46e27ab3-6e20-4549-bfdf-4319f5fb1b0e
2019-10-22 00:08:40,740 [IPC Server handler 0 on 34822] INFO  node.SCMNodeManager (SCMNodeManager.java:register(268)) - Registered Data node : 46e27ab3-6e20-4549-bfdf-4319f5fb1b0e{ip: 192.168.157.254, host: pr-hdds-2343-5q8j9-3338874002, networkLocation: /rack1, certSerialId: null}
2019-10-22 00:08:40,742 [pool-199-thread-1] INFO  storage.RaftStorage (RaftStorage.java:format(84)) - Storage directory /workdir/hadoop-ozone/integration-test/target/test-dir/MiniOzoneClusterImpl-7b60a606-535f-40c2-b446-60b0e48a57dd/datanode-5/data/ratis/6c16d6c8-b578-49ce-841c-f8b820b2a0c9 has been successfully formatted.
2019-10-22 00:08:40,742 [Thread-3953] INFO  impl.FollowerState (FollowerState.java:run(108)) - 48d226fd-ec16-45bb-ba6a-f5c68988a3f7@group-B019D31AF6BA-FollowerState: change to CANDIDATE, lastRpcTime:20ms, electionTimeout:4ms
2019-10-22 00:08:40,742 [05003219-6676-4e45-bd72-11bc04fa30d3@group-B019D31AF6BA-LeaderElection461] INFO  impl.LeaderElection (LeaderElection.java:askForVotes(178)) - 05003219-6676-4e45-bd72-11bc04fa30d3@group-B019D31AF6BA-LeaderElection461: begin an election at term 2 for -1: [48d226fd-ec16-45bb-ba6a-f5c68988a3f7:192.168.157.254:40584, f9169fae-8e57-49b1-968c-b0c13a9c79ea:192.168.157.254:46423, 05003219-6676-4e45-bd72-11bc04fa30d3:192.168.157.254:35560], old=null
2019-10-22 00:08:40,743 [pool-199-thread-1] INFO  ratis.ContainerStateMachine (ContainerStateMachine.java:loadSnapshot(231)) - group-F8B820B2A0C9: The snapshot info is null. Setting the last applied indexto:(t:0, i:~)
2019-10-22 00:08:40,743 [Thread-3953] INFO  impl.RoleInfo (RoleInfo.java:shutdownFollowerState(121)) - 48d226fd-ec16-45bb-ba6a-f5c68988a3f7: shutdown FollowerState
2019-10-22 00:08:40,766 [pool-199-thread-1] INFO  server.RaftServerConfigKeys (ConfUtils.java:logGet(43)) - raft.server.notification.no-leader.timeout = 120s (custom)
2019-10-22 00:08:40,766 [Thread-3953] INFO  impl.RaftServerImpl (RaftServerImpl.java:setRole(184)) - 48d226fd-ec16-45bb-ba6a-f5c68988a3f7@group-B019D31AF6BA: changes role from  FOLLOWER to CANDIDATE at term 1 for changeToCandidate
2019-10-22 00:08:40,766 [pool-199-thread-1] INFO  server.RaftServerConfigKeys (ConfUtils.java:logGet(43)) - raft.server.log.use.memory = false (default)
2019-10-22 00:08:40,766 [Thread-3953] INFO  impl.RoleInfo (RoleInfo.java:updateAndGet(143)) - 48d226fd-ec16-45bb-ba6a-f5c68988a3f7: start LeaderElection
2019-10-22 00:08:40,767 [pool-199-thread-1] INFO  server.RaftServerConfigKeys (ConfUtils.java:logGet(43)) - raft.server.log.purge.gap = 1000000 (custom)
2019-10-22 00:08:40,767 [pool-199-thread-1] INFO  server.RaftServerConfigKeys (ConfUtils.java:logGet(43)) - raft.server.log.appender.buffer.byte-limit = 33554432 (custom)
2019-10-22 00:08:40,767 [pool-199-thread-1] INFO  server.RaftServerConfigKeys (ConfUtils.java:logGet(43)) - raft.server.log.segment.size.max = 1048576 (custom)
2019-10-22 00:08:40,769 [f9169fae-8e57-49b1-968c-b0c13a9c79ea@group-B019D31AF6BA-LeaderElection460] INFO  impl.LeaderElection (LeaderElection.java:logAndReturn(56)) - f9169fae-8e57-49b1-968c-b0c13a9c79ea@group-B019D31AF6BA-LeaderElection460: Election REJECTED; received 2 response(s) [f9169fae-8e57-49b1-968c-b0c13a9c79ea<-48d226fd-ec16-45bb-ba6a-f5c68988a3f7#0:FAIL-t1, f9169fae-8e57-49b1-968c-b0c13a9c79ea<-05003219-6676-4e45-bd72-11bc04fa30d3#0:FAIL-t1] and 0 exception(s); f9169fae-8e57-49b1-968c-b0c13a9c79ea@group-B019D31AF6BA:t1, leader=null, voted=f9169fae-8e57-49b1-968c-b0c13a9c79ea, raftlog=f9169fae-8e57-49b1-968c-b0c13a9c79ea@group-B019D31AF6BA-SegmentedRaftLog:OPENED:c-1,f-1,i0, conf=-1: [48d226fd-ec16-45bb-ba6a-f5c68988a3f7:192.168.157.254:40584, f9169fae-8e57-49b1-968c-b0c13a9c79ea:192.168.157.254:46423, 05003219-6676-4e45-bd72-11bc04fa30d3:192.168.157.254:35560], old=null
2019-10-22 00:08:40,769 [f9169fae-8e57-49b1-968c-b0c13a9c79ea@group-B019D31AF6BA-LeaderElection460] INFO  impl.RaftServerImpl (RaftServerImpl.java:setRole(184)) - f9169fae-8e57-49b1-968c-b0c13a9c79ea@group-B019D31AF6BA: changes role from CANDIDATE to FOLLOWER at term 1 for DISCOVERED_A_NEW_TERM
2019-10-22 00:08:40,769 [f9169fae-8e57-49b1-968c-b0c13a9c79ea@group-B019D31AF6BA-LeaderElection460] INFO  impl.RoleInfo (RoleInfo.java:shutdownLeaderElection(134)) - f9169fae-8e57-49b1-968c-b0c13a9c79ea: shutdown LeaderElection
2019-10-22 00:08:40,770 [f9169fae-8e57-49b1-968c-b0c13a9c79ea@group-B019D31AF6BA-LeaderElection460] INFO  impl.RoleInfo (RoleInfo.java:updateAndGet(143)) - f9169fae-8e57-49b1-968c-b0c13a9c79ea: start FollowerState
2019-10-22 00:08:40,770 [grpc-default-executor-8] INFO  impl.RaftServerImpl (RaftServerImpl.java:setRole(184)) - f9169fae-8e57-49b1-968c-b0c13a9c79ea@group-B019D31AF6BA: changes role from  FOLLOWER to FOLLOWER at term 2 for recognizeCandidate:05003219-6676-4e45-bd72-11bc04fa30d3
2019-10-22 00:08:40,770 [grpc-default-executor-8] INFO  impl.RoleInfo (RoleInfo.java:shutdownFollowerState(121)) - f9169fae-8e57-49b1-968c-b0c13a9c79ea: shutdown FollowerState
2019-10-22 00:08:40,770 [grpc-default-executor-8] INFO  impl.RoleInfo (RoleInfo.java:updateAndGet(143)) - f9169fae-8e57-49b1-968c-b0c13a9c79ea: start FollowerState
2019-10-22 00:08:40,770 [Thread-3958] INFO  impl.FollowerState (FollowerState.java:run(117)) - f9169fae-8e57-49b1-968c-b0c13a9c79ea@group-B019D31AF6BA-FollowerState was interrupted: java.lang.InterruptedException: sleep interrupted
2019-10-22 00:08:40,770 [pool-199-thread-1] INFO  server.RaftServerConfigKeys (ConfUtils.java:logGet(43)) - raft.server.log.segment.cache.num.max = 2 (custom)
2019-10-22 00:08:40,771 [pool-199-thread-1] INFO  segmented.SegmentedRaftLogWorker (SegmentedRaftLogWorker.java:<init>(173)) - new d9951c0b-6d6e-4464-b06b-4ef93c20892c@group-F8B820B2A0C9-SegmentedRaftLogWorker for RaftStorage:Storage Directory /workdir/hadoop-ozone/integration-test/target/test-dir/MiniOzoneClusterImpl-7b60a606-535f-40c2-b446-60b0e48a57dd/datanode-5/data/ratis/6c16d6c8-b578-49ce-841c-f8b820b2a0c9
2019-10-22 00:08:40,771 [pool-199-thread-1] INFO  server.RaftServerConfigKeys (ConfUtils.java:logGet(43)) - raft.server.log.queue.byte-limit = 2147483647 (custom)
2019-10-22 00:08:40,771 [pool-199-thread-1] INFO  server.RaftServerConfigKeys (ConfUtils.java:logGet(43)) - raft.server.log.queue.element-limit = 1024 (custom)
2019-10-22 00:08:40,771 [pool-199-thread-1] INFO  server.RaftServerConfigKeys (ConfUtils.java:logGet(43)) - raft.server.log.segment.size.max = 1048576 (custom)
2019-10-22 00:08:40,771 [pool-199-thread-1] INFO  server.RaftServerConfigKeys (ConfUtils.java:logGet(43)) - raft.server.log.preallocated.size = 16384 (custom)
2019-10-22 00:08:40,771 [pool-199-thread-1] INFO  server.RaftServerConfigKeys (ConfUtils.java:logGet(43)) - raft.server.log.write.buffer.size = 33554432 (custom)
2019-10-22 00:08:40,771 [pool-199-thread-1] INFO  server.RaftServerConfigKeys (ConfUtils.java:logGet(43)) - raft.server.log.force.sync.num = 128 (default)
2019-10-22 00:08:40,771 [pool-199-thread-1] INFO  server.RaftServerConfigKeys (ConfUtils.java:logGet(43)) - raft.server.log.statemachine.data.sync = true (default)
2019-10-22 00:08:40,771 [pool-199-thread-1] INFO  server.RaftServerConfigKeys (ConfUtils.java:logGet(43)) - raft.server.log.statemachine.data.sync.timeout = 10s (default)
2019-10-22 00:08:40,771 [pool-199-thread-1] INFO  server.RaftServerConfigKeys (ConfUtils.java:logGet(43)) - raft.server.log.statemachine.data.sync.timeout.retry = -1 (default)
2019-10-22 00:08:40,772 [pool-199-thread-1] INFO  server.RaftServerConfigKeys (ConfUtils.java:logGet(43)) - raft.server.log.statemachine.data.caching.enabled = true (custom)
2019-10-22 00:08:40,772 [pool-199-thread-1] INFO  segmented.SegmentedRaftLogWorker (SegmentedRaftLogWorker.java:lambda$new$0(128)) - d9951c0b-6d6e-4464-b06b-4ef93c20892c@group-F8B820B2A0C9-SegmentedRaftLogWorker: flushIndex: setUnconditionally 0 -> -1
2019-10-22 00:08:40,772 [pool-199-thread-1] INFO  server.RaftServerConfigKeys (ConfUtils.java:logGet(43)) - raft.server.snapshot.auto.trigger.enabled = true (custom)
2019-10-22 00:08:40,772 [pool-199-thread-1] INFO  server.RaftServerConfigKeys (ConfUtils.java:logGet(43)) - raft.server.snapshot.auto.trigger.threshold = 10000 (custom)
2019-10-22 00:08:40,772 [pool-199-thread-1] INFO  server.RaftServerConfigKeys (ConfUtils.java:logGet(43)) - raft.server.snapshot.retention.file.num = 5 (custom)
2019-10-22 00:08:40,772 [pool-199-thread-1] INFO  server.RaftServerConfigKeys (ConfUtils.java:logGet(43)) - raft.server.retrycache.expirytime = 600000ms (custom)
2019-10-22 00:08:40,774 [pool-199-thread-1] INFO  impl.RaftServerImpl (RaftServerImpl.java:start(195)) - d9951c0b-6d6e-4464-b06b-4ef93c20892c@group-F8B820B2A0C9: start as a follower, conf=-1: [d9951c0b-6d6e-4464-b06b-4ef93c20892c:192.168.157.254:43622], old=null
2019-10-22 00:08:40,774 [pool-199-thread-1] INFO  impl.RaftServerImpl (RaftServerImpl.java:setRole(184)) - d9951c0b-6d6e-4464-b06b-4ef93c20892c@group-F8B820B2A0C9: changes role from      null to FOLLOWER at term 0 for startAsFollower
2019-10-22 00:08:40,774 [pool-199-thread-1] INFO  impl.RoleInfo (RoleInfo.java:updateAndGet(143)) - d9951c0b-6d6e-4464-b06b-4ef93c20892c: start FollowerState
2019-10-22 00:08:40,775 [pool-199-thread-1] INFO  util.JmxRegister (JmxRegister.java:tryRegister(44)) - Successfully registered JMX Bean with object name Ratis:service=RaftServer,group=group-F8B820B2A0C9,id=d9951c0b-6d6e-4464-b06b-4ef93c20892c
2019-10-22 00:08:40,779 [8fd446cf-6878-4c52-9c53-15bd189bc282@group-450B512A4587-SegmentedRaftLogWorker] INFO  segmented.SegmentedRaftLogWorker (SegmentedRaftLogWorker.java:execute(576)) - 8fd446cf-6878-4c52-9c53-15bd189bc282@group-450B512A4587-SegmentedRaftLogWorker: created new log segment /workdir/hadoop-ozone/integration-test/target/test-dir/MiniOzoneClusterImpl-7b60a606-535f-40c2-b446-60b0e48a57dd/datanode-4/data/ratis/b448dd42-7f1e-4847-8289-450b512a4587/current/log_inprogress_0
2019-10-22 00:08:40,779 [48d226fd-ec16-45bb-ba6a-f5c68988a3f7@group-B019D31AF6BA-LeaderElection463] INFO  impl.LeaderElection (LeaderElection.java:askForVotes(178)) - 48d226fd-ec16-45bb-ba6a-f5c68988a3f7@group-B019D31AF6BA-LeaderElection463: begin an election at term 2 for -1: [48d226fd-ec16-45bb-ba6a-f5c68988a3f7:192.168.157.254:40584, f9169fae-8e57-49b1-968c-b0c13a9c79ea:192.168.157.254:46423, 05003219-6676-4e45-bd72-11bc04fa30d3:192.168.157.254:35560], old=null
2019-10-22 00:08:40,780 [05003219-6676-4e45-bd72-11bc04fa30d3@group-B019D31AF6BA-LeaderElection461] INFO  impl.LeaderElection (LeaderElection.java:logAndReturn(56)) - 05003219-6676-4e45-bd72-11bc04fa30d3@group-B019D31AF6BA-LeaderElection461: Election PASSED; received 1 response(s) [05003219-6676-4e45-bd72-11bc04fa30d3<-f9169fae-8e57-49b1-968c-b0c13a9c79ea#0:OK-t2] and 0 exception(s); 05003219-6676-4e45-bd72-11bc04fa30d3@group-B019D31AF6BA:t2, leader=null, voted=05003219-6676-4e45-bd72-11bc04fa30d3, raftlog=05003219-6676-4e45-bd72-11bc04fa30d3@group-B019D31AF6BA-SegmentedRaftLog:OPENED:c-1,f-1,i0, conf=-1: [48d226fd-ec16-45bb-ba6a-f5c68988a3f7:192.168.157.254:40584, f9169fae-8e57-49b1-968c-b0c13a9c79ea:192.168.157.254:46423, 05003219-6676-4e45-bd72-11bc04fa30d3:192.168.157.254:35560], old=null
2019-10-22 00:08:40,780 [05003219-6676-4e45-bd72-11bc04fa30d3@group-B019D31AF6BA-LeaderElection461] INFO  impl.RoleInfo (RoleInfo.java:shutdownLeaderElection(134)) - 05003219-6676-4e45-bd72-11bc04fa30d3: shutdown LeaderElection
2019-10-22 00:08:40,780 [05003219-6676-4e45-bd72-11bc04fa30d3@group-B019D31AF6BA-LeaderElection461] INFO  impl.RaftServerImpl (RaftServerImpl.java:setRole(184)) - 05003219-6676-4e45-bd72-11bc04fa30d3@group-B019D31AF6BA: changes role from CANDIDATE to LEADER at term 2 for changeToLeader
2019-10-22 00:08:40,780 [05003219-6676-4e45-bd72-11bc04fa30d3@group-B019D31AF6BA-LeaderElection461] INFO  impl.RaftServerImpl (ServerState.java:setLeader(256)) - 05003219-6676-4e45-bd72-11bc04fa30d3@group-B019D31AF6BA: change Leader from null to 05003219-6676-4e45-bd72-11bc04fa30d3 at term 2 for becomeLeader, leader elected after 261ms
2019-10-22 00:08:40,780 [05003219-6676-4e45-bd72-11bc04fa30d3@group-B019D31AF6BA-LeaderElection461] INFO  server.RaftServerConfigKeys (ConfUtils.java:logGet(43)) - raft.server.staging.catchup.gap = 1000 (default)
2019-10-22 00:08:40,780 [05003219-6676-4e45-bd72-11bc04fa30d3@group-B019D31AF6BA-LeaderElection461] INFO  server.RaftServerConfigKeys (ConfUtils.java:logGet(43)) - raft.server.rpc.sleep.time = 25ms (default)
2019-10-22 00:08:40,780 [05003219-6676-4e45-bd72-11bc04fa30d3@group-B019D31AF6BA-LeaderElection461] INFO  server.RaftServerConfigKeys (ConfUtils.java:logGet(43)) - raft.server.write.element-limit = 4096 (default)
2019-10-22 00:08:40,780 [RatisPipelineUtilsThread] INFO  pipeline.PipelineStateManager (PipelineStateManager.java:addPipeline(56)) - Created pipeline Pipeline[ Id: 6c16d6c8-b578-49ce-841c-f8b820b2a0c9, Nodes: d9951c0b-6d6e-4464-b06b-4ef93c20892c{ip: 192.168.157.254, host: pr-hdds-2343-5q8j9-3338874002, networkLocation: /rack1, certSerialId: null}, Type:RATIS, Factor:ONE, State:OPEN]
2019-10-22 00:08:40,780 [05003219-6676-4e45-bd72-11bc04fa30d3@group-B019D31AF6BA-LeaderElection461] INFO  server.RaftServerConfigKeys (ConfUtils.java:logGet(43)) - raft.server.watch.timeout = 10s (default)
2019-10-22 00:08:40,781 [05003219-6676-4e45-bd72-11bc04fa30d3@group-B019D31AF6BA-LeaderElection461] INFO  server.RaftServerConfigKeys (ConfUtils.java:logGet(43)) - raft.server.watch.timeout.denomination = 1s (default)
2019-10-22 00:08:40,781 [05003219-6676-4e45-bd72-11bc04fa30d3@group-B019D31AF6BA-LeaderElection461] INFO  server.RaftServerConfigKeys (ConfUtils.java:logGet(43)) - raft.server.watch.element-limit = 65536 (default)
2019-10-22 00:08:40,782 [05003219-6676-4e45-bd72-11bc04fa30d3@group-B019D31AF6BA-LeaderElection461] INFO  server.RaftServerConfigKeys (ConfUtils.java:logGet(43)) - raft.server.log.appender.snapshot.chunk.size.max = 16MB (=16777216) (default)
2019-10-22 00:08:40,782 [05003219-6676-4e45-bd72-11bc04fa30d3@group-B019D31AF6BA-LeaderElection461] INFO  server.RaftServerConfigKeys (ConfUtils.java:logGet(43)) - raft.server.log.appender.buffer.byte-limit = 33554432 (custom)
2019-10-22 00:08:40,785 [05003219-6676-4e45-bd72-11bc04fa30d3@group-B019D31AF6BA-LeaderElection461] INFO  server.RaftServerConfigKeys (ConfUtils.java:logGet(43)) - raft.server.log.appender.buffer.element-limit = 1 (custom)
2019-10-22 00:08:40,785 [05003219-6676-4e45-bd72-11bc04fa30d3@group-B019D31AF6BA-LeaderElection461] INFO  grpc.GrpcConfigKeys$Server (ConfUtils.java:logGet(43)) - raft.grpc.server.leader.outstanding.appends.max = 128 (default)
2019-10-22 00:08:40,785 [05003219-6676-4e45-bd72-11bc04fa30d3@group-B019D31AF6BA-LeaderElection461] INFO  server.RaftServerConfigKeys (ConfUtils.java:logGet(43)) - raft.server.rpc.request.timeout = 3000ms (default)
2019-10-22 00:08:40,785 [05003219-6676-4e45-bd72-11bc04fa30d3@group-B019D31AF6BA-LeaderElection461] INFO  server.RaftServerConfigKeys (ConfUtils.java:logGet(43)) - raft.server.log.appender.install.snapshot.enabled = false (custom)
2019-10-22 00:08:40,794 [05003219-6676-4e45-bd72-11bc04fa30d3@group-B019D31AF6BA-LeaderElection461] INFO  server.RaftServerConfigKeys (ConfUtils.java:logGet(43)) - raft.server.log.appender.snapshot.chunk.size.max = 16MB (=16777216) (default)
2019-10-22 00:08:40,794 [05003219-6676-4e45-bd72-11bc04fa30d3@group-B019D31AF6BA-LeaderElection461] INFO  server.RaftServerConfigKeys (ConfUtils.java:logGet(43)) - raft.server.log.appender.buffer.byte-limit = 33554432 (custom)
2019-10-22 00:08:40,796 [05003219-6676-4e45-bd72-11bc04fa30d3@group-B019D31AF6BA-LeaderElection461] INFO  server.RaftServerConfigKeys (ConfUtils.java:logGet(43)) - raft.server.log.appender.buffer.element-limit = 1 (custom)
2019-10-22 00:08:40,796 [grpc-default-executor-4] INFO  impl.RaftServerProxy (RaftServerProxy.java:addNew(89)) - 1be30185-a2c0-4461-afc0-2cb02fcff473: addNew group-91BAD40B32AB:[1be30185-a2c0-4461-afc0-2cb02fcff473:192.168.157.254:38008] returns group-91BAD40B32AB:java.util.concurrent.CompletableFuture@6232d4ab[Not completed]
2019-10-22 00:08:40,796 [05003219-6676-4e45-bd72-11bc04fa30d3@group-B019D31AF6BA-LeaderElection461] INFO  grpc.GrpcConfigKeys$Server (ConfUtils.java:logGet(43)) - raft.grpc.server.leader.outstanding.appends.max = 128 (default)
2019-10-22 00:08:40,797 [05003219-6676-4e45-bd72-11bc04fa30d3@group-B019D31AF6BA-LeaderElection461] INFO  server.RaftServerConfigKeys (ConfUtils.java:logGet(43)) - raft.server.rpc.request.timeout = 3000ms (default)
2019-10-22 00:08:40,797 [Thread-3941] INFO  impl.FollowerState (FollowerState.java:run(108)) - 4677d932-8483-41dd-a758-9c3c53d9b9d5@group-4F5A283FD033-FollowerState: change to CANDIDATE, lastRpcTime:160ms, electionTimeout:160ms
2019-10-22 00:08:40,797 [05003219-6676-4e45-bd72-11bc04fa30d3@group-B019D31AF6BA-LeaderElection461] INFO  server.RaftServerConfigKeys (ConfUtils.java:logGet(43)) - raft.server.log.appender.install.snapshot.enabled = false (custom)
2019-10-22 00:08:40,797 [Thread-3941] INFO  impl.RoleInfo (RoleInfo.java:shutdownFollowerState(121)) - 4677d932-8483-41dd-a758-9c3c53d9b9d5: shutdown FollowerState
2019-10-22 00:08:40,797 [Thread-3941] INFO  impl.RaftServerImpl (RaftServerImpl.java:setRole(184)) - 4677d932-8483-41dd-a758-9c3c53d9b9d5@group-4F5A283FD033: changes role from  FOLLOWER to CANDIDATE at term 0 for changeToCandidate
2019-10-22 00:08:40,797 [Thread-3941] INFO  impl.RoleInfo (RoleInfo.java:updateAndGet(143)) - 4677d932-8483-41dd-a758-9c3c53d9b9d5: start LeaderElection
2019-10-22 00:08:40,797 [pool-209-thread-1] INFO  impl.RaftServerImpl (RaftServerImpl.java:<init>(104)) - 1be30185-a2c0-4461-afc0-2cb02fcff473: new RaftServerImpl for group-91BAD40B32AB:[1be30185-a2c0-4461-afc0-2cb02fcff473:192.168.157.254:38008] with ContainerStateMachine:uninitialized
2019-10-22 00:08:40,801 [pool-209-thread-1] INFO  server.RaftServerConfigKeys (ConfUtils.java:logGet(43)) - raft.server.rpc.timeout.min = 1s (custom)
2019-10-22 00:08:40,801 [pool-209-thread-1] INFO  server.RaftServerConfigKeys (ConfUtils.java:logGet(43)) - raft.server.rpc.timeout.max = 1200ms (custom)
2019-10-22 00:08:40,801 [pool-209-thread-1] INFO  server.RaftServerConfigKeys (ConfUtils.java:logGet(43)) - raft.server.rpcslowness.timeout = 120s (custom)
2019-10-22 00:08:40,801 [pool-209-thread-1] INFO  server.RaftServerConfigKeys (ConfUtils.java:logGet(43)) - raft.server.sleep.deviation.threshold = 300 (default)
2019-10-22 00:08:40,801 [pool-209-thread-1] INFO  server.RaftServerConfigKeys (ConfUtils.java:logGet(43)) - raft.server.log.appender.install.snapshot.enabled = false (custom)
2019-10-22 00:08:40,801 [pool-209-thread-1] INFO  impl.RaftServerImpl (ServerState.java:<init>(103)) - 1be30185-a2c0-4461-afc0-2cb02fcff473@group-91BAD40B32AB: ConfigurationManager, init=-1: [1be30185-a2c0-4461-afc0-2cb02fcff473:192.168.157.254:38008], old=null, confs=<EMPTY_MAP>
2019-10-22 00:08:40,801 [pool-209-thread-1] INFO  server.RaftServerConfigKeys (ConfUtils.java:logGet(43)) - raft.server.storage.dir = [/workdir/hadoop-ozone/integration-test/target/test-dir/MiniOzoneClusterImpl-7b60a606-535f-40c2-b446-60b0e48a57dd/datanode-6/data/ratis] (custom)
2019-10-22 00:08:40,801 [pool-209-thread-1] INFO  server.RaftServerConfigKeys (ConfUtils.java:logGet(43)) - raft.server.log.corruption.policy = EXCEPTION (default)
2019-10-22 00:08:40,801 [pool-209-thread-1] INFO  storage.RaftStorageDirectory (RaftStorageDirectory.java:analyzeStorage(246)) - The storage directory /workdir/hadoop-ozone/integration-test/target/test-dir/MiniOzoneClusterImpl-7b60a606-535f-40c2-b446-60b0e48a57dd/datanode-6/data/ratis/dca3bbec-4442-4773-9f28-91bad40b32ab does not exist. Creating ...
2019-10-22 00:08:40,802 [05003219-6676-4e45-bd72-11bc04fa30d3@group-B019D31AF6BA-LeaderElection461] INFO  impl.RoleInfo (RoleInfo.java:updateAndGet(143)) - 05003219-6676-4e45-bd72-11bc04fa30d3: start LeaderState
2019-10-22 00:08:40,802 [05003219-6676-4e45-bd72-11bc04fa30d3@group-B019D31AF6BA-LeaderElection461] INFO  segmented.SegmentedRaftLogWorker (SegmentedRaftLogWorker.java:startLogSegment(385)) - 05003219-6676-4e45-bd72-11bc04fa30d3@group-B019D31AF6BA-SegmentedRaftLogWorker: Starting segment from index:0
2019-10-22 00:08:40,802 [05003219-6676-4e45-bd72-11bc04fa30d3@group-B019D31AF6BA-LeaderElection461] INFO  impl.RaftServerImpl (ServerState.java:setRaftConf(357)) - 05003219-6676-4e45-bd72-11bc04fa30d3@group-B019D31AF6BA: set configuration 0: [48d226fd-ec16-45bb-ba6a-f5c68988a3f7:192.168.157.254:40584, f9169fae-8e57-49b1-968c-b0c13a9c79ea:192.168.157.254:46423, 05003219-6676-4e45-bd72-11bc04fa30d3:192.168.157.254:35560], old=null at 0
2019-10-22 00:08:40,802 [grpc-default-executor-3] INFO  impl.RaftServerImpl (RaftServerImpl.java:requestVote(776)) - 05003219-6676-4e45-bd72-11bc04fa30d3@group-B019D31AF6BA-   LEADER: Withhold vote from candidate 48d226fd-ec16-45bb-ba6a-f5c68988a3f7 with term 2. State: leader=05003219-6676-4e45-bd72-11bc04fa30d3, term=2, lastRpcElapsed=null
2019-10-22 00:08:40,803 [48d226fd-ec16-45bb-ba6a-f5c68988a3f7@group-B019D31AF6BA-LeaderElection463] INFO  impl.LeaderElection (LeaderElection.java:logAndReturn(56)) - 48d226fd-ec16-45bb-ba6a-f5c68988a3f7@group-B019D31AF6BA-LeaderElection463: Election REJECTED; received 2 response(s) [48d226fd-ec16-45bb-ba6a-f5c68988a3f7<-f9169fae-8e57-49b1-968c-b0c13a9c79ea#0:FAIL-t2, 48d226fd-ec16-45bb-ba6a-f5c68988a3f7<-05003219-6676-4e45-bd72-11bc04fa30d3#0:FAIL-t2] and 0 exception(s); 48d226fd-ec16-45bb-ba6a-f5c68988a3f7@group-B019D31AF6BA:t2, leader=null, voted=48d226fd-ec16-45bb-ba6a-f5c68988a3f7, raftlog=48d226fd-ec16-45bb-ba6a-f5c68988a3f7@group-B019D31AF6BA-SegmentedRaftLog:OPENED:c-1,f-1,i0, conf=-1: [48d226fd-ec16-45bb-ba6a-f5c68988a3f7:192.168.157.254:40584, f9169fae-8e57-49b1-968c-b0c13a9c79ea:192.168.157.254:46423, 05003219-6676-4e45-bd72-11bc04fa30d3:192.168.157.254:35560], old=null
2019-10-22 00:08:40,803 [48d226fd-ec16-45bb-ba6a-f5c68988a3f7@group-B019D31AF6BA-LeaderElection463] INFO  impl.RaftServerImpl (RaftServerImpl.java:setRole(184)) - 48d226fd-ec16-45bb-ba6a-f5c68988a3f7@group-B019D31AF6BA: changes role from CANDIDATE to FOLLOWER at term 2 for DISCOVERED_A_NEW_TERM
2019-10-22 00:08:40,804 [48d226fd-ec16-45bb-ba6a-f5c68988a3f7@group-B019D31AF6BA-LeaderElection463] INFO  impl.RoleInfo (RoleInfo.java:shutdownLeaderElection(134)) - 48d226fd-ec16-45bb-ba6a-f5c68988a3f7: shutdown LeaderElection
2019-10-22 00:08:40,804 [48d226fd-ec16-45bb-ba6a-f5c68988a3f7@group-B019D31AF6BA-LeaderElection463] INFO  impl.RoleInfo (RoleInfo.java:updateAndGet(143)) - 48d226fd-ec16-45bb-ba6a-f5c68988a3f7: start FollowerState
2019-10-22 00:08:40,804 [grpc-default-executor-4] INFO  impl.RaftServerImpl (ServerState.java:setLeader(256)) - f9169fae-8e57-49b1-968c-b0c13a9c79ea@group-B019D31AF6BA: change Leader from null to 05003219-6676-4e45-bd72-11bc04fa30d3 at term 2 for appendEntries, leader elected after 284ms
2019-10-22 00:08:40,804 [grpc-default-executor-3] INFO  impl.RaftServerImpl (ServerState.java:setLeader(256)) - 48d226fd-ec16-45bb-ba6a-f5c68988a3f7@group-B019D31AF6BA: change Leader from null to 05003219-6676-4e45-bd72-11bc04fa30d3 at term 2 for appendEntries, leader elected after 284ms
2019-10-22 00:08:40,806 [grpc-default-executor-3] INFO  impl.RaftServerImpl (ServerState.java:setRaftConf(357)) - f9169fae-8e57-49b1-968c-b0c13a9c79ea@group-B019D31AF6BA: set configuration 0: [48d226fd-ec16-45bb-ba6a-f5c68988a3f7:192.168.157.254:40584, f9169fae-8e57-49b1-968c-b0c13a9c79ea:192.168.157.254:46423, 05003219-6676-4e45-bd72-11bc04fa30d3:192.168.157.254:35560], old=null at 0
2019-10-22 00:08:40,806 [grpc-default-executor-4] INFO  impl.RaftServerImpl (ServerState.java:setRaftConf(357)) - 48d226fd-ec16-45bb-ba6a-f5c68988a3f7@group-B019D31AF6BA: set configuration 0: [48d226fd-ec16-45bb-ba6a-f5c68988a3f7:192.168.157.254:40584, f9169fae-8e57-49b1-968c-b0c13a9c79ea:192.168.157.254:46423, 05003219-6676-4e45-bd72-11bc04fa30d3:192.168.157.254:35560], old=null at 0
2019-10-22 00:08:40,806 [grpc-default-executor-3] INFO  segmented.SegmentedRaftLogWorker (SegmentedRaftLogWorker.java:startLogSegment(385)) - f9169fae-8e57-49b1-968c-b0c13a9c79ea@group-B019D31AF6BA-SegmentedRaftLogWorker: Starting segment from index:0
2019-10-22 00:08:40,806 [grpc-default-executor-4] INFO  segmented.SegmentedRaftLogWorker (SegmentedRaftLogWorker.java:startLogSegment(385)) - 48d226fd-ec16-45bb-ba6a-f5c68988a3f7@group-B019D31AF6BA-SegmentedRaftLogWorker: Starting segment from index:0
2019-10-22 00:08:40,814 [pool-209-thread-1] INFO  storage.RaftStorageDirectory (RaftStorageDirectory.java:tryLock(328)) - Lock on /workdir/hadoop-ozone/integration-test/target/test-dir/MiniOzoneClusterImpl-7b60a606-535f-40c2-b446-60b0e48a57dd/datanode-6/data/ratis/dca3bbec-4442-4773-9f28-91bad40b32ab/in_use.lock acquired by nodename 31099@pr-hdds-2343-5q8j9-3338874002
2019-10-22 00:08:40,814 [4677d932-8483-41dd-a758-9c3c53d9b9d5@group-4F5A283FD033-LeaderElection464] INFO  impl.LeaderElection (LeaderElection.java:askForVotes(178)) - 4677d932-8483-41dd-a758-9c3c53d9b9d5@group-4F5A283FD033-LeaderElection464: begin an election at term 1 for -1: [4677d932-8483-41dd-a758-9c3c53d9b9d5:192.168.157.254:35453], old=null
2019-10-22 00:08:40,814 [4677d932-8483-41dd-a758-9c3c53d9b9d5@group-4F5A283FD033-LeaderElection464] INFO  impl.RoleInfo (RoleInfo.java:shutdownLeaderElection(134)) - 4677d932-8483-41dd-a758-9c3c53d9b9d5: shutdown LeaderElection
2019-10-22 00:08:40,814 [4677d932-8483-41dd-a758-9c3c53d9b9d5@group-4F5A283FD033-LeaderElection464] INFO  impl.RaftServerImpl (RaftServerImpl.java:setRole(184)) - 4677d932-8483-41dd-a758-9c3c53d9b9d5@group-4F5A283FD033: changes role from CANDIDATE to LEADER at term 1 for changeToLeader
2019-10-22 00:08:40,814 [4677d932-8483-41dd-a758-9c3c53d9b9d5@group-4F5A283FD033-LeaderElection464] INFO  impl.RaftServerImpl (ServerState.java:setLeader(256)) - 4677d932-8483-41dd-a758-9c3c53d9b9d5@group-4F5A283FD033: change Leader from null to 4677d932-8483-41dd-a758-9c3c53d9b9d5 at term 1 for becomeLeader, leader elected after 212ms
2019-10-22 00:08:40,814 [4677d932-8483-41dd-a758-9c3c53d9b9d5@group-4F5A283FD033-LeaderElection464] INFO  server.RaftServerConfigKeys (ConfUtils.java:logGet(43)) - raft.server.staging.catchup.gap = 1000 (default)
2019-10-22 00:08:40,814 [4677d932-8483-41dd-a758-9c3c53d9b9d5@group-4F5A283FD033-LeaderElection464] INFO  server.RaftServerConfigKeys (ConfUtils.java:logGet(43)) - raft.server.rpc.sleep.time = 25ms (default)
2019-10-22 00:08:40,814 [4677d932-8483-41dd-a758-9c3c53d9b9d5@group-4F5A283FD033-LeaderElection464] INFO  server.RaftServerConfigKeys (ConfUtils.java:logGet(43)) - raft.server.write.element-limit = 4096 (default)
2019-10-22 00:08:40,814 [4677d932-8483-41dd-a758-9c3c53d9b9d5@group-4F5A283FD033-LeaderElection464] INFO  server.RaftServerConfigKeys (ConfUtils.java:logGet(43)) - raft.server.watch.timeout = 10s (default)
2019-10-22 00:08:40,814 [4677d932-8483-41dd-a758-9c3c53d9b9d5@group-4F5A283FD033-LeaderElection464] INFO  server.RaftServerConfigKeys (ConfUtils.java:logGet(43)) - raft.server.watch.timeout.denomination = 1s (default)
2019-10-22 00:08:40,815 [4677d932-8483-41dd-a758-9c3c53d9b9d5@group-4F5A283FD033-LeaderElection464] INFO  server.RaftServerConfigKeys (ConfUtils.java:logGet(43)) - raft.server.watch.element-limit = 65536 (default)
2019-10-22 00:08:40,816 [4677d932-8483-41dd-a758-9c3c53d9b9d5@group-4F5A283FD033-LeaderElection464] INFO  impl.RoleInfo (RoleInfo.java:updateAndGet(143)) - 4677d932-8483-41dd-a758-9c3c53d9b9d5: start LeaderState
2019-10-22 00:08:40,816 [4677d932-8483-41dd-a758-9c3c53d9b9d5@group-4F5A283FD033-LeaderElection464] INFO  segmented.SegmentedRaftLogWorker (SegmentedRaftLogWorker.java:startLogSegment(385)) - 4677d932-8483-41dd-a758-9c3c53d9b9d5@group-4F5A283FD033-SegmentedRaftLogWorker: Starting segment from index:0
2019-10-22 00:08:40,816 [4677d932-8483-41dd-a758-9c3c53d9b9d5@group-4F5A283FD033-LeaderElection464] INFO  impl.RaftServerImpl (ServerState.java:setRaftConf(357)) - 4677d932-8483-41dd-a758-9c3c53d9b9d5@group-4F5A283FD033: set configuration 0: [4677d932-8483-41dd-a758-9c3c53d9b9d5:192.168.157.254:35453], old=null at 0
2019-10-22 00:08:40,821 [IPC Server handler 1 on 34822] INFO  net.NetworkTopology (NetworkTopologyImpl.java:add(111)) - Added a new node: /rack1/e64b81a2-7e97-4a9c-9a90-0d1e8edce3a8
2019-10-22 00:08:40,821 [IPC Server handler 1 on 34822] INFO  node.SCMNodeManager (SCMNodeManager.java:register(268)) - Registered Data node : e64b81a2-7e97-4a9c-9a90-0d1e8edce3a8{ip: 192.168.157.254, host: pr-hdds-2343-5q8j9-3338874002, networkLocation: /rack1, certSerialId: null}
2019-10-22 00:08:40,832 [pool-209-thread-1] INFO  storage.RaftStorage (RaftStorage.java:format(84)) - Storage directory /workdir/hadoop-ozone/integration-test/target/test-dir/MiniOzoneClusterImpl-7b60a606-535f-40c2-b446-60b0e48a57dd/datanode-6/data/ratis/dca3bbec-4442-4773-9f28-91bad40b32ab has been successfully formatted.
2019-10-22 00:08:40,833 [pool-209-thread-1] INFO  ratis.ContainerStateMachine (ContainerStateMachine.java:loadSnapshot(231)) - group-91BAD40B32AB: The snapshot info is null. Setting the last applied indexto:(t:0, i:~)
2019-10-22 00:08:40,833 [pool-209-thread-1] INFO  server.RaftServerConfigKeys (ConfUtils.java:logGet(43)) - raft.server.notification.no-leader.timeout = 120s (custom)
2019-10-22 00:08:40,833 [pool-209-thread-1] INFO  server.RaftServerConfigKeys (ConfUtils.java:logGet(43)) - raft.server.log.use.memory = false (default)
2019-10-22 00:08:40,833 [pool-209-thread-1] INFO  server.RaftServerConfigKeys (ConfUtils.java:logGet(43)) - raft.server.log.purge.gap = 1000000 (custom)
2019-10-22 00:08:40,833 [pool-209-thread-1] INFO  server.RaftServerConfigKeys (ConfUtils.java:logGet(43)) - raft.server.log.appender.buffer.byte-limit = 33554432 (custom)
2019-10-22 00:08:40,833 [pool-209-thread-1] INFO  server.RaftServerConfigKeys (ConfUtils.java:logGet(43)) - raft.server.log.segment.size.max = 1048576 (custom)
2019-10-22 00:08:40,835 [pool-209-thread-1] INFO  server.RaftServerConfigKeys (ConfUtils.java:logGet(43)) - raft.server.log.segment.cache.num.max = 2 (custom)
2019-10-22 00:08:40,835 [pool-209-thread-1] INFO  segmented.SegmentedRaftLogWorker (SegmentedRaftLogWorker.java:<init>(173)) - new 1be30185-a2c0-4461-afc0-2cb02fcff473@group-91BAD40B32AB-SegmentedRaftLogWorker for RaftStorage:Storage Directory /workdir/hadoop-ozone/integration-test/target/test-dir/MiniOzoneClusterImpl-7b60a606-535f-40c2-b446-60b0e48a57dd/datanode-6/data/ratis/dca3bbec-4442-4773-9f28-91bad40b32ab
2019-10-22 00:08:40,835 [pool-209-thread-1] INFO  server.RaftServerConfigKeys (ConfUtils.java:logGet(43)) - raft.server.log.queue.byte-limit = 2147483647 (custom)
2019-10-22 00:08:40,835 [pool-209-thread-1] INFO  server.RaftServerConfigKeys (ConfUtils.java:logGet(43)) - raft.server.log.queue.element-limit = 1024 (custom)
2019-10-22 00:08:40,835 [pool-209-thread-1] INFO  server.RaftServerConfigKeys (ConfUtils.java:logGet(43)) - raft.server.log.segment.size.max = 1048576 (custom)
2019-10-22 00:08:40,835 [pool-209-thread-1] INFO  server.RaftServerConfigKeys (ConfUtils.java:logGet(43)) - raft.server.log.preallocated.size = 16384 (custom)
2019-10-22 00:08:40,835 [pool-209-thread-1] INFO  server.RaftServerConfigKeys (ConfUtils.java:logGet(43)) - raft.server.log.write.buffer.size = 33554432 (custom)
2019-10-22 00:08:40,835 [pool-209-thread-1] INFO  server.RaftServerConfigKeys (ConfUtils.java:logGet(43)) - raft.server.log.force.sync.num = 128 (default)
2019-10-22 00:08:40,835 [pool-209-thread-1] INFO  server.RaftServerConfigKeys (ConfUtils.java:logGet(43)) - raft.server.log.statemachine.data.sync = true (default)
2019-10-22 00:08:40,835 [pool-209-thread-1] INFO  server.RaftServerConfigKeys (ConfUtils.java:logGet(43)) - raft.server.log.statemachine.data.sync.timeout = 10s (default)
2019-10-22 00:08:40,835 [pool-209-thread-1] INFO  server.RaftServerConfigKeys (ConfUtils.java:logGet(43)) - raft.server.log.statemachine.data.sync.timeout.retry = -1 (default)
2019-10-22 00:08:40,836 [pool-209-thread-1] INFO  server.RaftServerConfigKeys (ConfUtils.java:logGet(43)) - raft.server.log.statemachine.data.caching.enabled = true (custom)
2019-10-22 00:08:40,845 [pool-209-thread-1] INFO  segmented.SegmentedRaftLogWorker (SegmentedRaftLogWorker.java:lambda$new$0(128)) - 1be30185-a2c0-4461-afc0-2cb02fcff473@group-91BAD40B32AB-SegmentedRaftLogWorker: flushIndex: setUnconditionally 0 -> -1
2019-10-22 00:08:40,845 [pool-209-thread-1] INFO  server.RaftServerConfigKeys (ConfUtils.java:logGet(43)) - raft.server.snapshot.auto.trigger.enabled = true (custom)
2019-10-22 00:08:40,845 [pool-209-thread-1] INFO  server.RaftServerConfigKeys (ConfUtils.java:logGet(43)) - raft.server.snapshot.auto.trigger.threshold = 10000 (custom)
2019-10-22 00:08:40,845 [pool-209-thread-1] INFO  server.RaftServerConfigKeys (ConfUtils.java:logGet(43)) - raft.server.snapshot.retention.file.num = 5 (custom)
2019-10-22 00:08:40,845 [pool-209-thread-1] INFO  server.RaftServerConfigKeys (ConfUtils.java:logGet(43)) - raft.server.retrycache.expirytime = 600000ms (custom)
2019-10-22 00:08:40,845 [48d226fd-ec16-45bb-ba6a-f5c68988a3f7@group-B019D31AF6BA-SegmentedRaftLogWorker] INFO  segmented.SegmentedRaftLogWorker (SegmentedRaftLogWorker.java:execute(576)) - 48d226fd-ec16-45bb-ba6a-f5c68988a3f7@group-B019D31AF6BA-SegmentedRaftLogWorker: created new log segment /workdir/hadoop-ozone/integration-test/target/test-dir/MiniOzoneClusterImpl-7b60a606-535f-40c2-b446-60b0e48a57dd/datanode-0/data/ratis/db4ec4d6-40c6-4670-ae00-b019d31af6ba/current/log_inprogress_0
2019-10-22 00:08:40,845 [f9169fae-8e57-49b1-968c-b0c13a9c79ea@group-B019D31AF6BA-SegmentedRaftLogWorker] INFO  segmented.SegmentedRaftLogWorker (SegmentedRaftLogWorker.java:execute(576)) - f9169fae-8e57-49b1-968c-b0c13a9c79ea@group-B019D31AF6BA-SegmentedRaftLogWorker: created new log segment /workdir/hadoop-ozone/integration-test/target/test-dir/MiniOzoneClusterImpl-7b60a606-535f-40c2-b446-60b0e48a57dd/datanode-1/data/ratis/db4ec4d6-40c6-4670-ae00-b019d31af6ba/current/log_inprogress_0
2019-10-22 00:08:40,848 [pool-209-thread-1] INFO  impl.RaftServerImpl (RaftServerImpl.java:start(195)) - 1be30185-a2c0-4461-afc0-2cb02fcff473@group-91BAD40B32AB: start as a follower, conf=-1: [1be30185-a2c0-4461-afc0-2cb02fcff473:192.168.157.254:38008], old=null
2019-10-22 00:08:40,848 [pool-209-thread-1] INFO  impl.RaftServerImpl (RaftServerImpl.java:setRole(184)) - 1be30185-a2c0-4461-afc0-2cb02fcff473@group-91BAD40B32AB: changes role from      null to FOLLOWER at term 0 for startAsFollower
2019-10-22 00:08:40,848 [pool-209-thread-1] INFO  impl.RoleInfo (RoleInfo.java:updateAndGet(143)) - 1be30185-a2c0-4461-afc0-2cb02fcff473: start FollowerState
2019-10-22 00:08:40,849 [pool-209-thread-1] INFO  util.JmxRegister (JmxRegister.java:tryRegister(44)) - Successfully registered JMX Bean with object name Ratis:service=RaftServer,group=group-91BAD40B32AB,id=1be30185-a2c0-4461-afc0-2cb02fcff473
2019-10-22 00:08:40,855 [RatisPipelineUtilsThread] INFO  pipeline.PipelineStateManager (PipelineStateManager.java:addPipeline(56)) - Created pipeline Pipeline[ Id: dca3bbec-4442-4773-9f28-91bad40b32ab, Nodes: 1be30185-a2c0-4461-afc0-2cb02fcff473{ip: 192.168.157.254, host: pr-hdds-2343-5q8j9-3338874002, networkLocation: /rack1, certSerialId: null}, Type:RATIS, Factor:ONE, State:OPEN]
2019-10-22 00:08:40,863 [05003219-6676-4e45-bd72-11bc04fa30d3@group-B019D31AF6BA-SegmentedRaftLogWorker] INFO  segmented.SegmentedRaftLogWorker (SegmentedRaftLogWorker.java:execute(576)) - 05003219-6676-4e45-bd72-11bc04fa30d3@group-B019D31AF6BA-SegmentedRaftLogWorker: created new log segment /workdir/hadoop-ozone/integration-test/target/test-dir/MiniOzoneClusterImpl-7b60a606-535f-40c2-b446-60b0e48a57dd/datanode-2/data/ratis/db4ec4d6-40c6-4670-ae00-b019d31af6ba/current/log_inprogress_0
2019-10-22 00:08:40,863 [4677d932-8483-41dd-a758-9c3c53d9b9d5@group-4F5A283FD033-SegmentedRaftLogWorker] INFO  segmented.SegmentedRaftLogWorker (SegmentedRaftLogWorker.java:execute(576)) - 4677d932-8483-41dd-a758-9c3c53d9b9d5@group-4F5A283FD033-SegmentedRaftLogWorker: created new log segment /workdir/hadoop-ozone/integration-test/target/test-dir/MiniOzoneClusterImpl-7b60a606-535f-40c2-b446-60b0e48a57dd/datanode-3/data/ratis/e5adad4e-0461-4d2d-a943-4f5a283fd033/current/log_inprogress_0
2019-10-22 00:08:40,863 [grpc-default-executor-4] INFO  impl.RaftServerProxy (RaftServerProxy.java:addNew(89)) - e64b81a2-7e97-4a9c-9a90-0d1e8edce3a8: addNew group-149B82CD846D:[e64b81a2-7e97-4a9c-9a90-0d1e8edce3a8:192.168.157.254:40074] returns group-149B82CD846D:java.util.concurrent.CompletableFuture@274e43f0[Not completed]
2019-10-22 00:08:40,864 [pool-229-thread-1] INFO  impl.RaftServerImpl (RaftServerImpl.java:<init>(104)) - e64b81a2-7e97-4a9c-9a90-0d1e8edce3a8: new RaftServerImpl for group-149B82CD846D:[e64b81a2-7e97-4a9c-9a90-0d1e8edce3a8:192.168.157.254:40074] with ContainerStateMachine:uninitialized
2019-10-22 00:08:40,864 [pool-229-thread-1] INFO  server.RaftServerConfigKeys (ConfUtils.java:logGet(43)) - raft.server.rpc.timeout.min = 1s (custom)
2019-10-22 00:08:40,864 [pool-229-thread-1] INFO  server.RaftServerConfigKeys (ConfUtils.java:logGet(43)) - raft.server.rpc.timeout.max = 1200ms (custom)
2019-10-22 00:08:40,864 [pool-229-thread-1] INFO  server.RaftServerConfigKeys (ConfUtils.java:logGet(43)) - raft.server.rpcslowness.timeout = 120s (custom)
2019-10-22 00:08:40,864 [pool-229-thread-1] INFO  server.RaftServerConfigKeys (ConfUtils.java:logGet(43)) - raft.server.sleep.deviation.threshold = 300 (default)
2019-10-22 00:08:40,864 [pool-229-thread-1] INFO  server.RaftServerConfigKeys (ConfUtils.java:logGet(43)) - raft.server.log.appender.install.snapshot.enabled = false (custom)
2019-10-22 00:08:40,864 [pool-229-thread-1] INFO  impl.RaftServerImpl (ServerState.java:<init>(103)) - e64b81a2-7e97-4a9c-9a90-0d1e8edce3a8@group-149B82CD846D: ConfigurationManager, init=-1: [e64b81a2-7e97-4a9c-9a90-0d1e8edce3a8:192.168.157.254:40074], old=null, confs=<EMPTY_MAP>
2019-10-22 00:08:40,865 [pool-229-thread-1] INFO  server.RaftServerConfigKeys (ConfUtils.java:logGet(43)) - raft.server.storage.dir = [/workdir/hadoop-ozone/integration-test/target/test-dir/MiniOzoneClusterImpl-7b60a606-535f-40c2-b446-60b0e48a57dd/datanode-8/data/ratis] (custom)
2019-10-22 00:08:40,865 [pool-229-thread-1] INFO  server.RaftServerConfigKeys (ConfUtils.java:logGet(43)) - raft.server.log.corruption.policy = EXCEPTION (default)
2019-10-22 00:08:40,865 [pool-229-thread-1] INFO  storage.RaftStorageDirectory (RaftStorageDirectory.java:analyzeStorage(246)) - The storage directory /workdir/hadoop-ozone/integration-test/target/test-dir/MiniOzoneClusterImpl-7b60a606-535f-40c2-b446-60b0e48a57dd/datanode-8/data/ratis/95bde936-5c91-4973-b279-149b82cd846d does not exist. Creating ...
2019-10-22 00:08:40,881 [pool-229-thread-1] INFO  storage.RaftStorageDirectory (RaftStorageDirectory.java:tryLock(328)) - Lock on /workdir/hadoop-ozone/integration-test/target/test-dir/MiniOzoneClusterImpl-7b60a606-535f-40c2-b446-60b0e48a57dd/datanode-8/data/ratis/95bde936-5c91-4973-b279-149b82cd846d/in_use.lock acquired by nodename 31099@pr-hdds-2343-5q8j9-3338874002
2019-10-22 00:08:40,881 [main] INFO  ozone.MiniOzoneClusterImpl (MiniOzoneClusterImpl.java:lambda$waitForClusterToBeReady$0(147)) - Waiting for cluster to be ready. Got 9 of 10 DN Heartbeats.
2019-10-22 00:08:40,882 [IPC Server handler 4 on 34822] INFO  net.NetworkTopology (NetworkTopologyImpl.java:add(111)) - Added a new node: /rack1/ab370eba-e055-4cd2-9c3d-f3aaf7732468
2019-10-22 00:08:40,883 [IPC Server handler 4 on 34822] INFO  node.SCMNodeManager (SCMNodeManager.java:register(268)) - Registered Data node : ab370eba-e055-4cd2-9c3d-f3aaf7732468{ip: 192.168.157.254, host: pr-hdds-2343-5q8j9-3338874002, networkLocation: /rack1, certSerialId: null}
2019-10-22 00:08:40,895 [pool-229-thread-1] INFO  storage.RaftStorage (RaftStorage.java:format(84)) - Storage directory /workdir/hadoop-ozone/integration-test/target/test-dir/MiniOzoneClusterImpl-7b60a606-535f-40c2-b446-60b0e48a57dd/datanode-8/data/ratis/95bde936-5c91-4973-b279-149b82cd846d has been successfully formatted.
2019-10-22 00:08:40,895 [pool-229-thread-1] INFO  ratis.ContainerStateMachine (ContainerStateMachine.java:loadSnapshot(231)) - group-149B82CD846D: The snapshot info is null. Setting the last applied indexto:(t:0, i:~)
2019-10-22 00:08:40,895 [pool-229-thread-1] INFO  server.RaftServerConfigKeys (ConfUtils.java:logGet(43)) - raft.server.notification.no-leader.timeout = 120s (custom)
2019-10-22 00:08:40,895 [pool-229-thread-1] INFO  server.RaftServerConfigKeys (ConfUtils.java:logGet(43)) - raft.server.log.use.memory = false (default)
2019-10-22 00:08:40,896 [pool-229-thread-1] INFO  server.RaftServerConfigKeys (ConfUtils.java:logGet(43)) - raft.server.log.purge.gap = 1000000 (custom)
2019-10-22 00:08:40,896 [pool-229-thread-1] INFO  server.RaftServerConfigKeys (ConfUtils.java:logGet(43)) - raft.server.log.appender.buffer.byte-limit = 33554432 (custom)
2019-10-22 00:08:40,896 [pool-229-thread-1] INFO  server.RaftServerConfigKeys (ConfUtils.java:logGet(43)) - raft.server.log.segment.size.max = 1048576 (custom)
2019-10-22 00:08:40,897 [pool-229-thread-1] INFO  server.RaftServerConfigKeys (ConfUtils.java:logGet(43)) - raft.server.log.segment.cache.num.max = 2 (custom)
2019-10-22 00:08:40,897 [pool-229-thread-1] INFO  segmented.SegmentedRaftLogWorker (SegmentedRaftLogWorker.java:<init>(173)) - new e64b81a2-7e97-4a9c-9a90-0d1e8edce3a8@group-149B82CD846D-SegmentedRaftLogWorker for RaftStorage:Storage Directory /workdir/hadoop-ozone/integration-test/target/test-dir/MiniOzoneClusterImpl-7b60a606-535f-40c2-b446-60b0e48a57dd/datanode-8/data/ratis/95bde936-5c91-4973-b279-149b82cd846d
2019-10-22 00:08:40,897 [pool-229-thread-1] INFO  server.RaftServerConfigKeys (ConfUtils.java:logGet(43)) - raft.server.log.queue.byte-limit = 2147483647 (custom)
2019-10-22 00:08:40,897 [pool-229-thread-1] INFO  server.RaftServerConfigKeys (ConfUtils.java:logGet(43)) - raft.server.log.queue.element-limit = 1024 (custom)
2019-10-22 00:08:40,897 [pool-229-thread-1] INFO  server.RaftServerConfigKeys (ConfUtils.java:logGet(43)) - raft.server.log.segment.size.max = 1048576 (custom)
2019-10-22 00:08:40,897 [pool-229-thread-1] INFO  server.RaftServerConfigKeys (ConfUtils.java:logGet(43)) - raft.server.log.preallocated.size = 16384 (custom)
2019-10-22 00:08:40,898 [pool-229-thread-1] INFO  server.RaftServerConfigKeys (ConfUtils.java:logGet(43)) - raft.server.log.write.buffer.size = 33554432 (custom)
2019-10-22 00:08:40,898 [pool-229-thread-1] INFO  server.RaftServerConfigKeys (ConfUtils.java:logGet(43)) - raft.server.log.force.sync.num = 128 (default)
2019-10-22 00:08:40,898 [pool-229-thread-1] INFO  server.RaftServerConfigKeys (ConfUtils.java:logGet(43)) - raft.server.log.statemachine.data.sync = true (default)
2019-10-22 00:08:40,898 [pool-229-thread-1] INFO  server.RaftServerConfigKeys (ConfUtils.java:logGet(43)) - raft.server.log.statemachine.data.sync.timeout = 10s (default)
2019-10-22 00:08:40,898 [pool-229-thread-1] INFO  server.RaftServerConfigKeys (ConfUtils.java:logGet(43)) - raft.server.log.statemachine.data.sync.timeout.retry = -1 (default)
2019-10-22 00:08:40,898 [pool-229-thread-1] INFO  server.RaftServerConfigKeys (ConfUtils.java:logGet(43)) - raft.server.log.statemachine.data.caching.enabled = true (custom)
2019-10-22 00:08:40,898 [pool-229-thread-1] INFO  segmented.SegmentedRaftLogWorker (SegmentedRaftLogWorker.java:lambda$new$0(128)) - e64b81a2-7e97-4a9c-9a90-0d1e8edce3a8@group-149B82CD846D-SegmentedRaftLogWorker: flushIndex: setUnconditionally 0 -> -1
2019-10-22 00:08:40,898 [pool-229-thread-1] INFO  server.RaftServerConfigKeys (ConfUtils.java:logGet(43)) - raft.server.snapshot.auto.trigger.enabled = true (custom)
2019-10-22 00:08:40,899 [pool-229-thread-1] INFO  server.RaftServerConfigKeys (ConfUtils.java:logGet(43)) - raft.server.snapshot.auto.trigger.threshold = 10000 (custom)
2019-10-22 00:08:40,899 [pool-229-thread-1] INFO  server.RaftServerConfigKeys (ConfUtils.java:logGet(43)) - raft.server.snapshot.retention.file.num = 5 (custom)
2019-10-22 00:08:40,899 [pool-229-thread-1] INFO  server.RaftServerConfigKeys (ConfUtils.java:logGet(43)) - raft.server.retrycache.expirytime = 600000ms (custom)
2019-10-22 00:08:40,901 [pool-229-thread-1] INFO  impl.RaftServerImpl (RaftServerImpl.java:start(195)) - e64b81a2-7e97-4a9c-9a90-0d1e8edce3a8@group-149B82CD846D: start as a follower, conf=-1: [e64b81a2-7e97-4a9c-9a90-0d1e8edce3a8:192.168.157.254:40074], old=null
2019-10-22 00:08:40,901 [pool-229-thread-1] INFO  impl.RaftServerImpl (RaftServerImpl.java:setRole(184)) - e64b81a2-7e97-4a9c-9a90-0d1e8edce3a8@group-149B82CD846D: changes role from      null to FOLLOWER at term 0 for startAsFollower
2019-10-22 00:08:40,901 [pool-229-thread-1] INFO  impl.RoleInfo (RoleInfo.java:updateAndGet(143)) - e64b81a2-7e97-4a9c-9a90-0d1e8edce3a8: start FollowerState
2019-10-22 00:08:40,901 [pool-229-thread-1] INFO  util.JmxRegister (JmxRegister.java:tryRegister(44)) - Successfully registered JMX Bean with object name Ratis:service=RaftServer,group=group-149B82CD846D,id=e64b81a2-7e97-4a9c-9a90-0d1e8edce3a8
2019-10-22 00:08:40,907 [RatisPipelineUtilsThread] INFO  pipeline.PipelineStateManager (PipelineStateManager.java:addPipeline(56)) - Created pipeline Pipeline[ Id: 95bde936-5c91-4973-b279-149b82cd846d, Nodes: e64b81a2-7e97-4a9c-9a90-0d1e8edce3a8{ip: 192.168.157.254, host: pr-hdds-2343-5q8j9-3338874002, networkLocation: /rack1, certSerialId: null}, Type:RATIS, Factor:ONE, State:OPEN]
2019-10-22 00:08:40,916 [grpc-default-executor-4] INFO  impl.RaftServerProxy (RaftServerProxy.java:addNew(89)) - ab370eba-e055-4cd2-9c3d-f3aaf7732468: addNew group-625606FAF34C:[ab370eba-e055-4cd2-9c3d-f3aaf7732468:192.168.157.254:46527] returns group-625606FAF34C:java.util.concurrent.CompletableFuture@1ed3e569[Not completed]
2019-10-22 00:08:40,917 [pool-239-thread-1] INFO  impl.RaftServerImpl (RaftServerImpl.java:<init>(104)) - ab370eba-e055-4cd2-9c3d-f3aaf7732468: new RaftServerImpl for group-625606FAF34C:[ab370eba-e055-4cd2-9c3d-f3aaf7732468:192.168.157.254:46527] with ContainerStateMachine:uninitialized
2019-10-22 00:08:40,917 [pool-239-thread-1] INFO  server.RaftServerConfigKeys (ConfUtils.java:logGet(43)) - raft.server.rpc.timeout.min = 1s (custom)
2019-10-22 00:08:40,917 [pool-239-thread-1] INFO  server.RaftServerConfigKeys (ConfUtils.java:logGet(43)) - raft.server.rpc.timeout.max = 1200ms (custom)
2019-10-22 00:08:40,918 [pool-239-thread-1] INFO  server.RaftServerConfigKeys (ConfUtils.java:logGet(43)) - raft.server.rpcslowness.timeout = 120s (custom)
2019-10-22 00:08:40,918 [pool-239-thread-1] INFO  server.RaftServerConfigKeys (ConfUtils.java:logGet(43)) - raft.server.sleep.deviation.threshold = 300 (default)
2019-10-22 00:08:40,918 [pool-239-thread-1] INFO  server.RaftServerConfigKeys (ConfUtils.java:logGet(43)) - raft.server.log.appender.install.snapshot.enabled = false (custom)
2019-10-22 00:08:40,918 [pool-239-thread-1] INFO  impl.RaftServerImpl (ServerState.java:<init>(103)) - ab370eba-e055-4cd2-9c3d-f3aaf7732468@group-625606FAF34C: ConfigurationManager, init=-1: [ab370eba-e055-4cd2-9c3d-f3aaf7732468:192.168.157.254:46527], old=null, confs=<EMPTY_MAP>
2019-10-22 00:08:40,918 [pool-239-thread-1] INFO  server.RaftServerConfigKeys (ConfUtils.java:logGet(43)) - raft.server.storage.dir = [/workdir/hadoop-ozone/integration-test/target/test-dir/MiniOzoneClusterImpl-7b60a606-535f-40c2-b446-60b0e48a57dd/datanode-9/data/ratis] (custom)
2019-10-22 00:08:40,918 [pool-239-thread-1] INFO  server.RaftServerConfigKeys (ConfUtils.java:logGet(43)) - raft.server.log.corruption.policy = EXCEPTION (default)
2019-10-22 00:08:40,919 [pool-239-thread-1] INFO  storage.RaftStorageDirectory (RaftStorageDirectory.java:analyzeStorage(246)) - The storage directory /workdir/hadoop-ozone/integration-test/target/test-dir/MiniOzoneClusterImpl-7b60a606-535f-40c2-b446-60b0e48a57dd/datanode-9/data/ratis/2dbd1099-be18-422b-ab84-625606faf34c does not exist. Creating ...
2019-10-22 00:08:40,931 [Thread-3981] INFO  impl.FollowerState (FollowerState.java:run(108)) - e64b81a2-7e97-4a9c-9a90-0d1e8edce3a8@group-149B82CD846D-FollowerState: change to CANDIDATE, lastRpcTime:30ms, electionTimeout:30ms
2019-10-22 00:08:40,931 [Thread-3981] INFO  impl.RoleInfo (RoleInfo.java:shutdownFollowerState(121)) - e64b81a2-7e97-4a9c-9a90-0d1e8edce3a8: shutdown FollowerState
2019-10-22 00:08:40,932 [Thread-3981] INFO  impl.RaftServerImpl (RaftServerImpl.java:setRole(184)) - e64b81a2-7e97-4a9c-9a90-0d1e8edce3a8@group-149B82CD846D: changes role from  FOLLOWER to CANDIDATE at term 0 for changeToCandidate
2019-10-22 00:08:40,932 [Thread-3981] INFO  impl.RoleInfo (RoleInfo.java:updateAndGet(143)) - e64b81a2-7e97-4a9c-9a90-0d1e8edce3a8: start LeaderElection
2019-10-22 00:08:40,943 [pool-239-thread-1] INFO  storage.RaftStorageDirectory (RaftStorageDirectory.java:tryLock(328)) - Lock on /workdir/hadoop-ozone/integration-test/target/test-dir/MiniOzoneClusterImpl-7b60a606-535f-40c2-b446-60b0e48a57dd/datanode-9/data/ratis/2dbd1099-be18-422b-ab84-625606faf34c/in_use.lock acquired by nodename 31099@pr-hdds-2343-5q8j9-3338874002
2019-10-22 00:08:40,958 [e64b81a2-7e97-4a9c-9a90-0d1e8edce3a8@group-149B82CD846D-LeaderElection465] INFO  impl.LeaderElection (LeaderElection.java:askForVotes(178)) - e64b81a2-7e97-4a9c-9a90-0d1e8edce3a8@group-149B82CD846D-LeaderElection465: begin an election at term 1 for -1: [e64b81a2-7e97-4a9c-9a90-0d1e8edce3a8:192.168.157.254:40074], old=null
2019-10-22 00:08:40,958 [e64b81a2-7e97-4a9c-9a90-0d1e8edce3a8@group-149B82CD846D-LeaderElection465] INFO  impl.RoleInfo (RoleInfo.java:shutdownLeaderElection(134)) - e64b81a2-7e97-4a9c-9a90-0d1e8edce3a8: shutdown LeaderElection
2019-10-22 00:08:40,958 [e64b81a2-7e97-4a9c-9a90-0d1e8edce3a8@group-149B82CD846D-LeaderElection465] INFO  impl.RaftServerImpl (RaftServerImpl.java:setRole(184)) - e64b81a2-7e97-4a9c-9a90-0d1e8edce3a8@group-149B82CD846D: changes role from CANDIDATE to LEADER at term 1 for changeToLeader
2019-10-22 00:08:40,959 [e64b81a2-7e97-4a9c-9a90-0d1e8edce3a8@group-149B82CD846D-LeaderElection465] INFO  impl.RaftServerImpl (ServerState.java:setLeader(256)) - e64b81a2-7e97-4a9c-9a90-0d1e8edce3a8@group-149B82CD846D: change Leader from null to e64b81a2-7e97-4a9c-9a90-0d1e8edce3a8 at term 1 for becomeLeader, leader elected after 63ms
2019-10-22 00:08:40,959 [Thread-3976] INFO  impl.FollowerState (FollowerState.java:run(108)) - 1be30185-a2c0-4461-afc0-2cb02fcff473@group-91BAD40B32AB-FollowerState: change to CANDIDATE, lastRpcTime:110ms, electionTimeout:110ms
2019-10-22 00:08:40,959 [e64b81a2-7e97-4a9c-9a90-0d1e8edce3a8@group-149B82CD846D-LeaderElection465] INFO  server.RaftServerConfigKeys (ConfUtils.java:logGet(43)) - raft.server.staging.catchup.gap = 1000 (default)
2019-10-22 00:08:40,959 [pool-239-thread-1] INFO  storage.RaftStorage (RaftStorage.java:format(84)) - Storage directory /workdir/hadoop-ozone/integration-test/target/test-dir/MiniOzoneClusterImpl-7b60a606-535f-40c2-b446-60b0e48a57dd/datanode-9/data/ratis/2dbd1099-be18-422b-ab84-625606faf34c has been successfully formatted.
2019-10-22 00:08:40,959 [e64b81a2-7e97-4a9c-9a90-0d1e8edce3a8@group-149B82CD846D-LeaderElection465] INFO  server.RaftServerConfigKeys (ConfUtils.java:logGet(43)) - raft.server.rpc.sleep.time = 25ms (default)
2019-10-22 00:08:40,959 [Thread-3976] INFO  impl.RoleInfo (RoleInfo.java:shutdownFollowerState(121)) - 1be30185-a2c0-4461-afc0-2cb02fcff473: shutdown FollowerState
2019-10-22 00:08:40,959 [pool-239-thread-1] INFO  ratis.ContainerStateMachine (ContainerStateMachine.java:loadSnapshot(231)) - group-625606FAF34C: The snapshot info is null. Setting the last applied indexto:(t:0, i:~)
2019-10-22 00:08:40,959 [e64b81a2-7e97-4a9c-9a90-0d1e8edce3a8@group-149B82CD846D-LeaderElection465] INFO  server.RaftServerConfigKeys (ConfUtils.java:logGet(43)) - raft.server.write.element-limit = 4096 (default)
2019-10-22 00:08:40,959 [Thread-3976] INFO  impl.RaftServerImpl (RaftServerImpl.java:setRole(184)) - 1be30185-a2c0-4461-afc0-2cb02fcff473@group-91BAD40B32AB: changes role from  FOLLOWER to CANDIDATE at term 0 for changeToCandidate
2019-10-22 00:08:40,959 [e64b81a2-7e97-4a9c-9a90-0d1e8edce3a8@group-149B82CD846D-LeaderElection465] INFO  server.RaftServerConfigKeys (ConfUtils.java:logGet(43)) - raft.server.watch.timeout = 10s (default)
2019-10-22 00:08:40,959 [pool-239-thread-1] INFO  server.RaftServerConfigKeys (ConfUtils.java:logGet(43)) - raft.server.notification.no-leader.timeout = 120s (custom)
2019-10-22 00:08:40,959 [e64b81a2-7e97-4a9c-9a90-0d1e8edce3a8@group-149B82CD846D-LeaderElection465] INFO  server.RaftServerConfigKeys (ConfUtils.java:logGet(43)) - raft.server.watch.timeout.denomination = 1s (default)
2019-10-22 00:08:40,959 [Thread-3976] INFO  impl.RoleInfo (RoleInfo.java:updateAndGet(143)) - 1be30185-a2c0-4461-afc0-2cb02fcff473: start LeaderElection
2019-10-22 00:08:40,959 [e64b81a2-7e97-4a9c-9a90-0d1e8edce3a8@group-149B82CD846D-LeaderElection465] INFO  server.RaftServerConfigKeys (ConfUtils.java:logGet(43)) - raft.server.watch.element-limit = 65536 (default)
2019-10-22 00:08:40,959 [pool-239-thread-1] INFO  server.RaftServerConfigKeys (ConfUtils.java:logGet(43)) - raft.server.log.use.memory = false (default)
2019-10-22 00:08:40,963 [pool-239-thread-1] INFO  server.RaftServerConfigKeys (ConfUtils.java:logGet(43)) - raft.server.log.purge.gap = 1000000 (custom)
2019-10-22 00:08:40,964 [pool-239-thread-1] INFO  server.RaftServerConfigKeys (ConfUtils.java:logGet(43)) - raft.server.log.appender.buffer.byte-limit = 33554432 (custom)
2019-10-22 00:08:40,964 [pool-239-thread-1] INFO  server.RaftServerConfigKeys (ConfUtils.java:logGet(43)) - raft.server.log.segment.size.max = 1048576 (custom)
2019-10-22 00:08:40,965 [e64b81a2-7e97-4a9c-9a90-0d1e8edce3a8@group-149B82CD846D-LeaderElection465] INFO  impl.RoleInfo (RoleInfo.java:updateAndGet(143)) - e64b81a2-7e97-4a9c-9a90-0d1e8edce3a8: start LeaderState
2019-10-22 00:08:40,965 [pool-239-thread-1] INFO  server.RaftServerConfigKeys (ConfUtils.java:logGet(43)) - raft.server.log.segment.cache.num.max = 2 (custom)
2019-10-22 00:08:40,966 [pool-239-thread-1] INFO  segmented.SegmentedRaftLogWorker (SegmentedRaftLogWorker.java:<init>(173)) - new ab370eba-e055-4cd2-9c3d-f3aaf7732468@group-625606FAF34C-SegmentedRaftLogWorker for RaftStorage:Storage Directory /workdir/hadoop-ozone/integration-test/target/test-dir/MiniOzoneClusterImpl-7b60a606-535f-40c2-b446-60b0e48a57dd/datanode-9/data/ratis/2dbd1099-be18-422b-ab84-625606faf34c
2019-10-22 00:08:40,966 [e64b81a2-7e97-4a9c-9a90-0d1e8edce3a8@group-149B82CD846D-LeaderElection465] INFO  segmented.SegmentedRaftLogWorker (SegmentedRaftLogWorker.java:startLogSegment(385)) - e64b81a2-7e97-4a9c-9a90-0d1e8edce3a8@group-149B82CD846D-SegmentedRaftLogWorker: Starting segment from index:0
2019-10-22 00:08:40,966 [pool-239-thread-1] INFO  server.RaftServerConfigKeys (ConfUtils.java:logGet(43)) - raft.server.log.queue.byte-limit = 2147483647 (custom)
2019-10-22 00:08:40,966 [pool-239-thread-1] INFO  server.RaftServerConfigKeys (ConfUtils.java:logGet(43)) - raft.server.log.queue.element-limit = 1024 (custom)
2019-10-22 00:08:40,966 [pool-239-thread-1] INFO  server.RaftServerConfigKeys (ConfUtils.java:logGet(43)) - raft.server.log.segment.size.max = 1048576 (custom)
2019-10-22 00:08:40,966 [pool-239-thread-1] INFO  server.RaftServerConfigKeys (ConfUtils.java:logGet(43)) - raft.server.log.preallocated.size = 16384 (custom)
2019-10-22 00:08:40,966 [pool-239-thread-1] INFO  server.RaftServerConfigKeys (ConfUtils.java:logGet(43)) - raft.server.log.write.buffer.size = 33554432 (custom)
2019-10-22 00:08:40,966 [e64b81a2-7e97-4a9c-9a90-0d1e8edce3a8@group-149B82CD846D-LeaderElection465] INFO  impl.RaftServerImpl (ServerState.java:setRaftConf(357)) - e64b81a2-7e97-4a9c-9a90-0d1e8edce3a8@group-149B82CD846D: set configuration 0: [e64b81a2-7e97-4a9c-9a90-0d1e8edce3a8:192.168.157.254:40074], old=null at 0
2019-10-22 00:08:40,966 [pool-239-thread-1] INFO  server.RaftServerConfigKeys (ConfUtils.java:logGet(43)) - raft.server.log.force.sync.num = 128 (default)
2019-10-22 00:08:40,966 [pool-239-thread-1] INFO  server.RaftServerConfigKeys (ConfUtils.java:logGet(43)) - raft.server.log.statemachine.data.sync = true (default)
2019-10-22 00:08:40,966 [pool-239-thread-1] INFO  server.RaftServerConfigKeys (ConfUtils.java:logGet(43)) - raft.server.log.statemachine.data.sync.timeout = 10s (default)
2019-10-22 00:08:40,966 [pool-239-thread-1] INFO  server.RaftServerConfigKeys (ConfUtils.java:logGet(43)) - raft.server.log.statemachine.data.sync.timeout.retry = -1 (default)
2019-10-22 00:08:40,967 [pool-239-thread-1] INFO  server.RaftServerConfigKeys (ConfUtils.java:logGet(43)) - raft.server.log.statemachine.data.caching.enabled = true (custom)
2019-10-22 00:08:40,967 [Thread-3961] INFO  impl.FollowerState (FollowerState.java:run(108)) - d9951c0b-6d6e-4464-b06b-4ef93c20892c@group-F8B820B2A0C9-FollowerState: change to CANDIDATE, lastRpcTime:192ms, electionTimeout:192ms
2019-10-22 00:08:40,967 [pool-239-thread-1] INFO  segmented.SegmentedRaftLogWorker (SegmentedRaftLogWorker.java:lambda$new$0(128)) - ab370eba-e055-4cd2-9c3d-f3aaf7732468@group-625606FAF34C-SegmentedRaftLogWorker: flushIndex: setUnconditionally 0 -> -1
2019-10-22 00:08:40,967 [Thread-3961] INFO  impl.RoleInfo (RoleInfo.java:shutdownFollowerState(121)) - d9951c0b-6d6e-4464-b06b-4ef93c20892c: shutdown FollowerState
2019-10-22 00:08:40,967 [Thread-3961] INFO  impl.RaftServerImpl (RaftServerImpl.java:setRole(184)) - d9951c0b-6d6e-4464-b06b-4ef93c20892c@group-F8B820B2A0C9: changes role from  FOLLOWER to CANDIDATE at term 0 for changeToCandidate
2019-10-22 00:08:40,967 [pool-239-thread-1] INFO  server.RaftServerConfigKeys (ConfUtils.java:logGet(43)) - raft.server.snapshot.auto.trigger.enabled = true (custom)
2019-10-22 00:08:40,967 [Thread-3961] INFO  impl.RoleInfo (RoleInfo.java:updateAndGet(143)) - d9951c0b-6d6e-4464-b06b-4ef93c20892c: start LeaderElection
2019-10-22 00:08:40,967 [pool-239-thread-1] INFO  server.RaftServerConfigKeys (ConfUtils.java:logGet(43)) - raft.server.snapshot.auto.trigger.threshold = 10000 (custom)
2019-10-22 00:08:40,967 [pool-239-thread-1] INFO  server.RaftServerConfigKeys (ConfUtils.java:logGet(43)) - raft.server.snapshot.retention.file.num = 5 (custom)
2019-10-22 00:08:40,996 [pool-239-thread-1] INFO  server.RaftServerConfigKeys (ConfUtils.java:logGet(43)) - raft.server.retrycache.expirytime = 600000ms (custom)
2019-10-22 00:08:40,996 [1be30185-a2c0-4461-afc0-2cb02fcff473@group-91BAD40B32AB-LeaderElection466] INFO  impl.LeaderElection (LeaderElection.java:askForVotes(178)) - 1be30185-a2c0-4461-afc0-2cb02fcff473@group-91BAD40B32AB-LeaderElection466: begin an election at term 1 for -1: [1be30185-a2c0-4461-afc0-2cb02fcff473:192.168.157.254:38008], old=null
2019-10-22 00:08:40,997 [1be30185-a2c0-4461-afc0-2cb02fcff473@group-91BAD40B32AB-LeaderElection466] INFO  impl.RoleInfo (RoleInfo.java:shutdownLeaderElection(134)) - 1be30185-a2c0-4461-afc0-2cb02fcff473: shutdown LeaderElection
2019-10-22 00:08:40,997 [1be30185-a2c0-4461-afc0-2cb02fcff473@group-91BAD40B32AB-LeaderElection466] INFO  impl.RaftServerImpl (RaftServerImpl.java:setRole(184)) - 1be30185-a2c0-4461-afc0-2cb02fcff473@group-91BAD40B32AB: changes role from CANDIDATE to LEADER at term 1 for changeToLeader
2019-10-22 00:08:40,997 [1be30185-a2c0-4461-afc0-2cb02fcff473@group-91BAD40B32AB-LeaderElection466] INFO  impl.RaftServerImpl (ServerState.java:setLeader(256)) - 1be30185-a2c0-4461-afc0-2cb02fcff473@group-91BAD40B32AB: change Leader from null to 1be30185-a2c0-4461-afc0-2cb02fcff473 at term 1 for becomeLeader, leader elected after 164ms
2019-10-22 00:08:40,997 [1be30185-a2c0-4461-afc0-2cb02fcff473@group-91BAD40B32AB-LeaderElection466] INFO  server.RaftServerConfigKeys (ConfUtils.java:logGet(43)) - raft.server.staging.catchup.gap = 1000 (default)
2019-10-22 00:08:40,997 [1be30185-a2c0-4461-afc0-2cb02fcff473@group-91BAD40B32AB-LeaderElection466] INFO  server.RaftServerConfigKeys (ConfUtils.java:logGet(43)) - raft.server.rpc.sleep.time = 25ms (default)
2019-10-22 00:08:40,997 [1be30185-a2c0-4461-afc0-2cb02fcff473@group-91BAD40B32AB-LeaderElection466] INFO  server.RaftServerConfigKeys (ConfUtils.java:logGet(43)) - raft.server.write.element-limit = 4096 (default)
2019-10-22 00:08:40,997 [1be30185-a2c0-4461-afc0-2cb02fcff473@group-91BAD40B32AB-LeaderElection466] INFO  server.RaftServerConfigKeys (ConfUtils.java:logGet(43)) - raft.server.watch.timeout = 10s (default)
2019-10-22 00:08:40,997 [1be30185-a2c0-4461-afc0-2cb02fcff473@group-91BAD40B32AB-LeaderElection466] INFO  server.RaftServerConfigKeys (ConfUtils.java:logGet(43)) - raft.server.watch.timeout.denomination = 1s (default)
2019-10-22 00:08:40,997 [1be30185-a2c0-4461-afc0-2cb02fcff473@group-91BAD40B32AB-LeaderElection466] INFO  server.RaftServerConfigKeys (ConfUtils.java:logGet(43)) - raft.server.watch.element-limit = 65536 (default)
2019-10-22 00:08:40,999 [pool-239-thread-1] INFO  impl.RaftServerImpl (RaftServerImpl.java:start(195)) - ab370eba-e055-4cd2-9c3d-f3aaf7732468@group-625606FAF34C: start as a follower, conf=-1: [ab370eba-e055-4cd2-9c3d-f3aaf7732468:192.168.157.254:46527], old=null
2019-10-22 00:08:40,999 [pool-239-thread-1] INFO  impl.RaftServerImpl (RaftServerImpl.java:setRole(184)) - ab370eba-e055-4cd2-9c3d-f3aaf7732468@group-625606FAF34C: changes role from      null to FOLLOWER at term 0 for startAsFollower
2019-10-22 00:08:40,999 [pool-239-thread-1] INFO  impl.RoleInfo (RoleInfo.java:updateAndGet(143)) - ab370eba-e055-4cd2-9c3d-f3aaf7732468: start FollowerState
2019-10-22 00:08:40,999 [1be30185-a2c0-4461-afc0-2cb02fcff473@group-91BAD40B32AB-LeaderElection466] INFO  impl.RoleInfo (RoleInfo.java:updateAndGet(143)) - 1be30185-a2c0-4461-afc0-2cb02fcff473: start LeaderState
2019-10-22 00:08:40,999 [pool-239-thread-1] INFO  util.JmxRegister (JmxRegister.java:tryRegister(44)) - Successfully registered JMX Bean with object name Ratis:service=RaftServer,group=group-625606FAF34C,id=ab370eba-e055-4cd2-9c3d-f3aaf7732468
2019-10-22 00:08:40,999 [1be30185-a2c0-4461-afc0-2cb02fcff473@group-91BAD40B32AB-LeaderElection466] INFO  segmented.SegmentedRaftLogWorker (SegmentedRaftLogWorker.java:startLogSegment(385)) - 1be30185-a2c0-4461-afc0-2cb02fcff473@group-91BAD40B32AB-SegmentedRaftLogWorker: Starting segment from index:0
2019-10-22 00:08:41,000 [1be30185-a2c0-4461-afc0-2cb02fcff473@group-91BAD40B32AB-LeaderElection466] INFO  impl.RaftServerImpl (ServerState.java:setRaftConf(357)) - 1be30185-a2c0-4461-afc0-2cb02fcff473@group-91BAD40B32AB: set configuration 0: [1be30185-a2c0-4461-afc0-2cb02fcff473:192.168.157.254:38008], old=null at 0
2019-10-22 00:08:41,025 [e64b81a2-7e97-4a9c-9a90-0d1e8edce3a8@group-149B82CD846D-SegmentedRaftLogWorker] INFO  segmented.SegmentedRaftLogWorker (SegmentedRaftLogWorker.java:execute(576)) - e64b81a2-7e97-4a9c-9a90-0d1e8edce3a8@group-149B82CD846D-SegmentedRaftLogWorker: created new log segment /workdir/hadoop-ozone/integration-test/target/test-dir/MiniOzoneClusterImpl-7b60a606-535f-40c2-b446-60b0e48a57dd/datanode-8/data/ratis/95bde936-5c91-4973-b279-149b82cd846d/current/log_inprogress_0
2019-10-22 00:08:41,025 [d9951c0b-6d6e-4464-b06b-4ef93c20892c@group-F8B820B2A0C9-LeaderElection467] INFO  impl.LeaderElection (LeaderElection.java:askForVotes(178)) - d9951c0b-6d6e-4464-b06b-4ef93c20892c@group-F8B820B2A0C9-LeaderElection467: begin an election at term 1 for -1: [d9951c0b-6d6e-4464-b06b-4ef93c20892c:192.168.157.254:43622], old=null
2019-10-22 00:08:41,025 [d9951c0b-6d6e-4464-b06b-4ef93c20892c@group-F8B820B2A0C9-LeaderElection467] INFO  impl.RoleInfo (RoleInfo.java:shutdownLeaderElection(134)) - d9951c0b-6d6e-4464-b06b-4ef93c20892c: shutdown LeaderElection
2019-10-22 00:08:41,025 [d9951c0b-6d6e-4464-b06b-4ef93c20892c@group-F8B820B2A0C9-LeaderElection467] INFO  impl.RaftServerImpl (RaftServerImpl.java:setRole(184)) - d9951c0b-6d6e-4464-b06b-4ef93c20892c@group-F8B820B2A0C9: changes role from CANDIDATE to LEADER at term 1 for changeToLeader
2019-10-22 00:08:41,025 [d9951c0b-6d6e-4464-b06b-4ef93c20892c@group-F8B820B2A0C9-LeaderElection467] INFO  impl.RaftServerImpl (ServerState.java:setLeader(256)) - d9951c0b-6d6e-4464-b06b-4ef93c20892c@group-F8B820B2A0C9: change Leader from null to d9951c0b-6d6e-4464-b06b-4ef93c20892c at term 1 for becomeLeader, leader elected after 259ms
2019-10-22 00:08:41,025 [d9951c0b-6d6e-4464-b06b-4ef93c20892c@group-F8B820B2A0C9-LeaderElection467] INFO  server.RaftServerConfigKeys (ConfUtils.java:logGet(43)) - raft.server.staging.catchup.gap = 1000 (default)
2019-10-22 00:08:41,025 [d9951c0b-6d6e-4464-b06b-4ef93c20892c@group-F8B820B2A0C9-LeaderElection467] INFO  server.RaftServerConfigKeys (ConfUtils.java:logGet(43)) - raft.server.rpc.sleep.time = 25ms (default)
2019-10-22 00:08:41,025 [d9951c0b-6d6e-4464-b06b-4ef93c20892c@group-F8B820B2A0C9-LeaderElection467] INFO  server.RaftServerConfigKeys (ConfUtils.java:logGet(43)) - raft.server.write.element-limit = 4096 (default)
2019-10-22 00:08:41,026 [d9951c0b-6d6e-4464-b06b-4ef93c20892c@group-F8B820B2A0C9-LeaderElection467] INFO  server.RaftServerConfigKeys (ConfUtils.java:logGet(43)) - raft.server.watch.timeout = 10s (default)
2019-10-22 00:08:41,026 [d9951c0b-6d6e-4464-b06b-4ef93c20892c@group-F8B820B2A0C9-LeaderElection467] INFO  server.RaftServerConfigKeys (ConfUtils.java:logGet(43)) - raft.server.watch.timeout.denomination = 1s (default)
2019-10-22 00:08:41,026 [d9951c0b-6d6e-4464-b06b-4ef93c20892c@group-F8B820B2A0C9-LeaderElection467] INFO  server.RaftServerConfigKeys (ConfUtils.java:logGet(43)) - raft.server.watch.element-limit = 65536 (default)
2019-10-22 00:08:41,027 [RatisPipelineUtilsThread] INFO  pipeline.PipelineStateManager (PipelineStateManager.java:addPipeline(56)) - Created pipeline Pipeline[ Id: 2dbd1099-be18-422b-ab84-625606faf34c, Nodes: ab370eba-e055-4cd2-9c3d-f3aaf7732468{ip: 192.168.157.254, host: pr-hdds-2343-5q8j9-3338874002, networkLocation: /rack1, certSerialId: null}, Type:RATIS, Factor:ONE, State:OPEN]
2019-10-22 00:08:41,027 [d9951c0b-6d6e-4464-b06b-4ef93c20892c@group-F8B820B2A0C9-LeaderElection467] INFO  impl.RoleInfo (RoleInfo.java:updateAndGet(143)) - d9951c0b-6d6e-4464-b06b-4ef93c20892c: start LeaderState
2019-10-22 00:08:41,027 [d9951c0b-6d6e-4464-b06b-4ef93c20892c@group-F8B820B2A0C9-LeaderElection467] INFO  segmented.SegmentedRaftLogWorker (SegmentedRaftLogWorker.java:startLogSegment(385)) - d9951c0b-6d6e-4464-b06b-4ef93c20892c@group-F8B820B2A0C9-SegmentedRaftLogWorker: Starting segment from index:0
2019-10-22 00:08:41,028 [d9951c0b-6d6e-4464-b06b-4ef93c20892c@group-F8B820B2A0C9-LeaderElection467] INFO  impl.RaftServerImpl (ServerState.java:setRaftConf(357)) - d9951c0b-6d6e-4464-b06b-4ef93c20892c@group-F8B820B2A0C9: set configuration 0: [d9951c0b-6d6e-4464-b06b-4ef93c20892c:192.168.157.254:43622], old=null at 0
2019-10-22 00:08:41,066 [Thread-3989] INFO  impl.FollowerState (FollowerState.java:run(108)) - ab370eba-e055-4cd2-9c3d-f3aaf7732468@group-625606FAF34C-FollowerState: change to CANDIDATE, lastRpcTime:66ms, electionTimeout:40ms
2019-10-22 00:08:41,066 [1be30185-a2c0-4461-afc0-2cb02fcff473@group-91BAD40B32AB-SegmentedRaftLogWorker] INFO  segmented.SegmentedRaftLogWorker (SegmentedRaftLogWorker.java:execute(576)) - 1be30185-a2c0-4461-afc0-2cb02fcff473@group-91BAD40B32AB-SegmentedRaftLogWorker: created new log segment /workdir/hadoop-ozone/integration-test/target/test-dir/MiniOzoneClusterImpl-7b60a606-535f-40c2-b446-60b0e48a57dd/datanode-6/data/ratis/dca3bbec-4442-4773-9f28-91bad40b32ab/current/log_inprogress_0
2019-10-22 00:08:41,066 [grpc-default-executor-4] INFO  impl.RaftServerProxy (RaftServerProxy.java:addNew(89)) - 46e27ab3-6e20-4549-bfdf-4319f5fb1b0e: addNew group-75731898C76A:[46e27ab3-6e20-4549-bfdf-4319f5fb1b0e:192.168.157.254:37432] returns group-75731898C76A:java.util.concurrent.CompletableFuture@19b0a90a[Not completed]
2019-10-22 00:08:41,066 [Thread-3989] INFO  impl.RoleInfo (RoleInfo.java:shutdownFollowerState(121)) - ab370eba-e055-4cd2-9c3d-f3aaf7732468: shutdown FollowerState
2019-10-22 00:08:41,067 [Thread-3989] INFO  impl.RaftServerImpl (RaftServerImpl.java:setRole(184)) - ab370eba-e055-4cd2-9c3d-f3aaf7732468@group-625606FAF34C: changes role from  FOLLOWER to CANDIDATE at term 0 for changeToCandidate
2019-10-22 00:08:41,067 [Thread-3989] INFO  impl.RoleInfo (RoleInfo.java:updateAndGet(143)) - ab370eba-e055-4cd2-9c3d-f3aaf7732468: start LeaderElection
2019-10-22 00:08:41,073 [pool-219-thread-1] INFO  impl.RaftServerImpl (RaftServerImpl.java:<init>(104)) - 46e27ab3-6e20-4549-bfdf-4319f5fb1b0e: new RaftServerImpl for group-75731898C76A:[46e27ab3-6e20-4549-bfdf-4319f5fb1b0e:192.168.157.254:37432] with ContainerStateMachine:uninitialized
2019-10-22 00:08:41,073 [pool-219-thread-1] INFO  server.RaftServerConfigKeys (ConfUtils.java:logGet(43)) - raft.server.rpc.timeout.min = 1s (custom)
2019-10-22 00:08:41,073 [pool-219-thread-1] INFO  server.RaftServerConfigKeys (ConfUtils.java:logGet(43)) - raft.server.rpc.timeout.max = 1200ms (custom)
2019-10-22 00:08:41,073 [pool-219-thread-1] INFO  server.RaftServerConfigKeys (ConfUtils.java:logGet(43)) - raft.server.rpcslowness.timeout = 120s (custom)
2019-10-22 00:08:41,073 [pool-219-thread-1] INFO  server.RaftServerConfigKeys (ConfUtils.java:logGet(43)) - raft.server.sleep.deviation.threshold = 300 (default)
2019-10-22 00:08:41,073 [pool-219-thread-1] INFO  server.RaftServerConfigKeys (ConfUtils.java:logGet(43)) - raft.server.log.appender.install.snapshot.enabled = false (custom)
2019-10-22 00:08:41,074 [pool-219-thread-1] INFO  impl.RaftServerImpl (ServerState.java:<init>(103)) - 46e27ab3-6e20-4549-bfdf-4319f5fb1b0e@group-75731898C76A: ConfigurationManager, init=-1: [46e27ab3-6e20-4549-bfdf-4319f5fb1b0e:192.168.157.254:37432], old=null, confs=<EMPTY_MAP>
2019-10-22 00:08:41,074 [pool-219-thread-1] INFO  server.RaftServerConfigKeys (ConfUtils.java:logGet(43)) - raft.server.storage.dir = [/workdir/hadoop-ozone/integration-test/target/test-dir/MiniOzoneClusterImpl-7b60a606-535f-40c2-b446-60b0e48a57dd/datanode-7/data/ratis] (custom)
2019-10-22 00:08:41,074 [pool-219-thread-1] INFO  server.RaftServerConfigKeys (ConfUtils.java:logGet(43)) - raft.server.log.corruption.policy = EXCEPTION (default)
2019-10-22 00:08:41,074 [pool-219-thread-1] INFO  storage.RaftStorageDirectory (RaftStorageDirectory.java:analyzeStorage(246)) - The storage directory /workdir/hadoop-ozone/integration-test/target/test-dir/MiniOzoneClusterImpl-7b60a606-535f-40c2-b446-60b0e48a57dd/datanode-7/data/ratis/e6938d77-6837-40df-a89a-75731898c76a does not exist. Creating ...
2019-10-22 00:08:41,079 [pool-219-thread-1] INFO  storage.RaftStorageDirectory (RaftStorageDirectory.java:tryLock(328)) - Lock on /workdir/hadoop-ozone/integration-test/target/test-dir/MiniOzoneClusterImpl-7b60a606-535f-40c2-b446-60b0e48a57dd/datanode-7/data/ratis/e6938d77-6837-40df-a89a-75731898c76a/in_use.lock acquired by nodename 31099@pr-hdds-2343-5q8j9-3338874002
2019-10-22 00:08:41,079 [ab370eba-e055-4cd2-9c3d-f3aaf7732468@group-625606FAF34C-LeaderElection468] INFO  impl.LeaderElection (LeaderElection.java:askForVotes(178)) - ab370eba-e055-4cd2-9c3d-f3aaf7732468@group-625606FAF34C-LeaderElection468: begin an election at term 1 for -1: [ab370eba-e055-4cd2-9c3d-f3aaf7732468:192.168.157.254:46527], old=null
2019-10-22 00:08:41,079 [d9951c0b-6d6e-4464-b06b-4ef93c20892c@group-F8B820B2A0C9-SegmentedRaftLogWorker] INFO  segmented.SegmentedRaftLogWorker (SegmentedRaftLogWorker.java:execute(576)) - d9951c0b-6d6e-4464-b06b-4ef93c20892c@group-F8B820B2A0C9-SegmentedRaftLogWorker: created new log segment /workdir/hadoop-ozone/integration-test/target/test-dir/MiniOzoneClusterImpl-7b60a606-535f-40c2-b446-60b0e48a57dd/datanode-5/data/ratis/6c16d6c8-b578-49ce-841c-f8b820b2a0c9/current/log_inprogress_0
2019-10-22 00:08:41,079 [ab370eba-e055-4cd2-9c3d-f3aaf7732468@group-625606FAF34C-LeaderElection468] INFO  impl.RoleInfo (RoleInfo.java:shutdownLeaderElection(134)) - ab370eba-e055-4cd2-9c3d-f3aaf7732468: shutdown LeaderElection
2019-10-22 00:08:41,079 [ab370eba-e055-4cd2-9c3d-f3aaf7732468@group-625606FAF34C-LeaderElection468] INFO  impl.RaftServerImpl (RaftServerImpl.java:setRole(184)) - ab370eba-e055-4cd2-9c3d-f3aaf7732468@group-625606FAF34C: changes role from CANDIDATE to LEADER at term 1 for changeToLeader
2019-10-22 00:08:41,079 [ab370eba-e055-4cd2-9c3d-f3aaf7732468@group-625606FAF34C-LeaderElection468] INFO  impl.RaftServerImpl (ServerState.java:setLeader(256)) - ab370eba-e055-4cd2-9c3d-f3aaf7732468@group-625606FAF34C: change Leader from null to ab370eba-e055-4cd2-9c3d-f3aaf7732468 at term 1 for becomeLeader, leader elected after 120ms
2019-10-22 00:08:41,080 [ab370eba-e055-4cd2-9c3d-f3aaf7732468@group-625606FAF34C-LeaderElection468] INFO  server.RaftServerConfigKeys (ConfUtils.java:logGet(43)) - raft.server.staging.catchup.gap = 1000 (default)
2019-10-22 00:08:41,080 [ab370eba-e055-4cd2-9c3d-f3aaf7732468@group-625606FAF34C-LeaderElection468] INFO  server.RaftServerConfigKeys (ConfUtils.java:logGet(43)) - raft.server.rpc.sleep.time = 25ms (default)
2019-10-22 00:08:41,080 [ab370eba-e055-4cd2-9c3d-f3aaf7732468@group-625606FAF34C-LeaderElection468] INFO  server.RaftServerConfigKeys (ConfUtils.java:logGet(43)) - raft.server.write.element-limit = 4096 (default)
2019-10-22 00:08:41,080 [ab370eba-e055-4cd2-9c3d-f3aaf7732468@group-625606FAF34C-LeaderElection468] INFO  server.RaftServerConfigKeys (ConfUtils.java:logGet(43)) - raft.server.watch.timeout = 10s (default)
2019-10-22 00:08:41,080 [ab370eba-e055-4cd2-9c3d-f3aaf7732468@group-625606FAF34C-LeaderElection468] INFO  server.RaftServerConfigKeys (ConfUtils.java:logGet(43)) - raft.server.watch.timeout.denomination = 1s (default)
2019-10-22 00:08:41,080 [ab370eba-e055-4cd2-9c3d-f3aaf7732468@group-625606FAF34C-LeaderElection468] INFO  server.RaftServerConfigKeys (ConfUtils.java:logGet(43)) - raft.server.watch.element-limit = 65536 (default)
2019-10-22 00:08:41,081 [ab370eba-e055-4cd2-9c3d-f3aaf7732468@group-625606FAF34C-LeaderElection468] INFO  impl.RoleInfo (RoleInfo.java:updateAndGet(143)) - ab370eba-e055-4cd2-9c3d-f3aaf7732468: start LeaderState
2019-10-22 00:08:41,081 [ab370eba-e055-4cd2-9c3d-f3aaf7732468@group-625606FAF34C-LeaderElection468] INFO  segmented.SegmentedRaftLogWorker (SegmentedRaftLogWorker.java:startLogSegment(385)) - ab370eba-e055-4cd2-9c3d-f3aaf7732468@group-625606FAF34C-SegmentedRaftLogWorker: Starting segment from index:0
2019-10-22 00:08:41,082 [ab370eba-e055-4cd2-9c3d-f3aaf7732468@group-625606FAF34C-LeaderElection468] INFO  impl.RaftServerImpl (ServerState.java:setRaftConf(357)) - ab370eba-e055-4cd2-9c3d-f3aaf7732468@group-625606FAF34C: set configuration 0: [ab370eba-e055-4cd2-9c3d-f3aaf7732468:192.168.157.254:46527], old=null at 0
2019-10-22 00:08:41,093 [pool-219-thread-1] INFO  storage.RaftStorage (RaftStorage.java:format(84)) - Storage directory /workdir/hadoop-ozone/integration-test/target/test-dir/MiniOzoneClusterImpl-7b60a606-535f-40c2-b446-60b0e48a57dd/datanode-7/data/ratis/e6938d77-6837-40df-a89a-75731898c76a has been successfully formatted.
2019-10-22 00:08:41,093 [pool-219-thread-1] INFO  ratis.ContainerStateMachine (ContainerStateMachine.java:loadSnapshot(231)) - group-75731898C76A: The snapshot info is null. Setting the last applied indexto:(t:0, i:~)
2019-10-22 00:08:41,093 [pool-219-thread-1] INFO  server.RaftServerConfigKeys (ConfUtils.java:logGet(43)) - raft.server.notification.no-leader.timeout = 120s (custom)
2019-10-22 00:08:41,093 [pool-219-thread-1] INFO  server.RaftServerConfigKeys (ConfUtils.java:logGet(43)) - raft.server.log.use.memory = false (default)
2019-10-22 00:08:41,093 [pool-219-thread-1] INFO  server.RaftServerConfigKeys (ConfUtils.java:logGet(43)) - raft.server.log.purge.gap = 1000000 (custom)
2019-10-22 00:08:41,093 [pool-219-thread-1] INFO  server.RaftServerConfigKeys (ConfUtils.java:logGet(43)) - raft.server.log.appender.buffer.byte-limit = 33554432 (custom)
2019-10-22 00:08:41,094 [pool-219-thread-1] INFO  server.RaftServerConfigKeys (ConfUtils.java:logGet(43)) - raft.server.log.segment.size.max = 1048576 (custom)
2019-10-22 00:08:41,095 [pool-219-thread-1] INFO  server.RaftServerConfigKeys (ConfUtils.java:logGet(43)) - raft.server.log.segment.cache.num.max = 2 (custom)
2019-10-22 00:08:41,095 [pool-219-thread-1] INFO  segmented.SegmentedRaftLogWorker (SegmentedRaftLogWorker.java:<init>(173)) - new 46e27ab3-6e20-4549-bfdf-4319f5fb1b0e@group-75731898C76A-SegmentedRaftLogWorker for RaftStorage:Storage Directory /workdir/hadoop-ozone/integration-test/target/test-dir/MiniOzoneClusterImpl-7b60a606-535f-40c2-b446-60b0e48a57dd/datanode-7/data/ratis/e6938d77-6837-40df-a89a-75731898c76a
2019-10-22 00:08:41,095 [pool-219-thread-1] INFO  server.RaftServerConfigKeys (ConfUtils.java:logGet(43)) - raft.server.log.queue.byte-limit = 2147483647 (custom)
2019-10-22 00:08:41,095 [pool-219-thread-1] INFO  server.RaftServerConfigKeys (ConfUtils.java:logGet(43)) - raft.server.log.queue.element-limit = 1024 (custom)
2019-10-22 00:08:41,095 [pool-219-thread-1] INFO  server.RaftServerConfigKeys (ConfUtils.java:logGet(43)) - raft.server.log.segment.size.max = 1048576 (custom)
2019-10-22 00:08:41,095 [pool-219-thread-1] INFO  server.RaftServerConfigKeys (ConfUtils.java:logGet(43)) - raft.server.log.preallocated.size = 16384 (custom)
2019-10-22 00:08:41,095 [pool-219-thread-1] INFO  server.RaftServerConfigKeys (ConfUtils.java:logGet(43)) - raft.server.log.write.buffer.size = 33554432 (custom)
2019-10-22 00:08:41,095 [pool-219-thread-1] INFO  server.RaftServerConfigKeys (ConfUtils.java:logGet(43)) - raft.server.log.force.sync.num = 128 (default)
2019-10-22 00:08:41,095 [pool-219-thread-1] INFO  server.RaftServerConfigKeys (ConfUtils.java:logGet(43)) - raft.server.log.statemachine.data.sync = true (default)
2019-10-22 00:08:41,095 [pool-219-thread-1] INFO  server.RaftServerConfigKeys (ConfUtils.java:logGet(43)) - raft.server.log.statemachine.data.sync.timeout = 10s (default)
2019-10-22 00:08:41,095 [pool-219-thread-1] INFO  server.RaftServerConfigKeys (ConfUtils.java:logGet(43)) - raft.server.log.statemachine.data.sync.timeout.retry = -1 (default)
2019-10-22 00:08:41,096 [pool-219-thread-1] INFO  server.RaftServerConfigKeys (ConfUtils.java:logGet(43)) - raft.server.log.statemachine.data.caching.enabled = true (custom)
2019-10-22 00:08:41,096 [pool-219-thread-1] INFO  segmented.SegmentedRaftLogWorker (SegmentedRaftLogWorker.java:lambda$new$0(128)) - 46e27ab3-6e20-4549-bfdf-4319f5fb1b0e@group-75731898C76A-SegmentedRaftLogWorker: flushIndex: setUnconditionally 0 -> -1
2019-10-22 00:08:41,096 [pool-219-thread-1] INFO  server.RaftServerConfigKeys (ConfUtils.java:logGet(43)) - raft.server.snapshot.auto.trigger.enabled = true (custom)
2019-10-22 00:08:41,096 [pool-219-thread-1] INFO  server.RaftServerConfigKeys (ConfUtils.java:logGet(43)) - raft.server.snapshot.auto.trigger.threshold = 10000 (custom)
2019-10-22 00:08:41,096 [pool-219-thread-1] INFO  server.RaftServerConfigKeys (ConfUtils.java:logGet(43)) - raft.server.snapshot.retention.file.num = 5 (custom)
2019-10-22 00:08:41,096 [pool-219-thread-1] INFO  server.RaftServerConfigKeys (ConfUtils.java:logGet(43)) - raft.server.retrycache.expirytime = 600000ms (custom)
2019-10-22 00:08:41,098 [pool-219-thread-1] INFO  impl.RaftServerImpl (RaftServerImpl.java:start(195)) - 46e27ab3-6e20-4549-bfdf-4319f5fb1b0e@group-75731898C76A: start as a follower, conf=-1: [46e27ab3-6e20-4549-bfdf-4319f5fb1b0e:192.168.157.254:37432], old=null
2019-10-22 00:08:41,098 [pool-219-thread-1] INFO  impl.RaftServerImpl (RaftServerImpl.java:setRole(184)) - 46e27ab3-6e20-4549-bfdf-4319f5fb1b0e@group-75731898C76A: changes role from      null to FOLLOWER at term 0 for startAsFollower
2019-10-22 00:08:41,099 [pool-219-thread-1] INFO  impl.RoleInfo (RoleInfo.java:updateAndGet(143)) - 46e27ab3-6e20-4549-bfdf-4319f5fb1b0e: start FollowerState
2019-10-22 00:08:41,099 [pool-219-thread-1] INFO  util.JmxRegister (JmxRegister.java:tryRegister(44)) - Successfully registered JMX Bean with object name Ratis:service=RaftServer,group=group-75731898C76A,id=46e27ab3-6e20-4549-bfdf-4319f5fb1b0e
2019-10-22 00:08:41,111 [RatisPipelineUtilsThread] INFO  pipeline.PipelineStateManager (PipelineStateManager.java:addPipeline(56)) - Created pipeline Pipeline[ Id: e6938d77-6837-40df-a89a-75731898c76a, Nodes: 46e27ab3-6e20-4549-bfdf-4319f5fb1b0e{ip: 192.168.157.254, host: pr-hdds-2343-5q8j9-3338874002, networkLocation: /rack1, certSerialId: null}, Type:RATIS, Factor:ONE, State:OPEN]
2019-10-22 00:08:41,122 [grpc-default-executor-3] INFO  impl.RaftServerProxy (RaftServerProxy.java:addNew(89)) - 4677d932-8483-41dd-a758-9c3c53d9b9d5: addNew group-32D95636BACC:[ab370eba-e055-4cd2-9c3d-f3aaf7732468:192.168.157.254:46527, 4677d932-8483-41dd-a758-9c3c53d9b9d5:192.168.157.254:35453, 8fd446cf-6878-4c52-9c53-15bd189bc282:192.168.157.254:37977] returns group-32D95636BACC:java.util.concurrent.CompletableFuture@4d3b453d[Not completed]
2019-10-22 00:08:41,122 [grpc-default-executor-4] INFO  impl.RaftServerProxy (RaftServerProxy.java:addNew(89)) - ab370eba-e055-4cd2-9c3d-f3aaf7732468: addNew group-32D95636BACC:[ab370eba-e055-4cd2-9c3d-f3aaf7732468:192.168.157.254:46527, 4677d932-8483-41dd-a758-9c3c53d9b9d5:192.168.157.254:35453, 8fd446cf-6878-4c52-9c53-15bd189bc282:192.168.157.254:37977] returns group-32D95636BACC:java.util.concurrent.CompletableFuture@68caeb15[Not completed]
2019-10-22 00:08:41,122 [grpc-default-executor-8] INFO  impl.RaftServerProxy (RaftServerProxy.java:addNew(89)) - 8fd446cf-6878-4c52-9c53-15bd189bc282: addNew group-32D95636BACC:[ab370eba-e055-4cd2-9c3d-f3aaf7732468:192.168.157.254:46527, 4677d932-8483-41dd-a758-9c3c53d9b9d5:192.168.157.254:35453, 8fd446cf-6878-4c52-9c53-15bd189bc282:192.168.157.254:37977] returns group-32D95636BACC:java.util.concurrent.CompletableFuture@4291d1e8[Not completed]
2019-10-22 00:08:41,123 [pool-179-thread-1] INFO  impl.RaftServerImpl (RaftServerImpl.java:<init>(104)) - 4677d932-8483-41dd-a758-9c3c53d9b9d5: new RaftServerImpl for group-32D95636BACC:[ab370eba-e055-4cd2-9c3d-f3aaf7732468:192.168.157.254:46527, 4677d932-8483-41dd-a758-9c3c53d9b9d5:192.168.157.254:35453, 8fd446cf-6878-4c52-9c53-15bd189bc282:192.168.157.254:37977] with ContainerStateMachine:uninitialized
2019-10-22 00:08:41,124 [pool-179-thread-1] INFO  server.RaftServerConfigKeys (ConfUtils.java:logGet(43)) - raft.server.rpc.timeout.min = 1s (custom)
2019-10-22 00:08:41,124 [pool-179-thread-1] INFO  server.RaftServerConfigKeys (ConfUtils.java:logGet(43)) - raft.server.rpc.timeout.max = 1200ms (custom)
2019-10-22 00:08:41,124 [pool-179-thread-1] INFO  server.RaftServerConfigKeys (ConfUtils.java:logGet(43)) - raft.server.rpcslowness.timeout = 120s (custom)
2019-10-22 00:08:41,124 [pool-179-thread-1] INFO  server.RaftServerConfigKeys (ConfUtils.java:logGet(43)) - raft.server.sleep.deviation.threshold = 300 (default)
2019-10-22 00:08:41,124 [pool-179-thread-1] INFO  server.RaftServerConfigKeys (ConfUtils.java:logGet(43)) - raft.server.log.appender.install.snapshot.enabled = false (custom)
2019-10-22 00:08:41,124 [pool-239-thread-1] INFO  impl.RaftServerImpl (RaftServerImpl.java:<init>(104)) - ab370eba-e055-4cd2-9c3d-f3aaf7732468: new RaftServerImpl for group-32D95636BACC:[ab370eba-e055-4cd2-9c3d-f3aaf7732468:192.168.157.254:46527, 4677d932-8483-41dd-a758-9c3c53d9b9d5:192.168.157.254:35453, 8fd446cf-6878-4c52-9c53-15bd189bc282:192.168.157.254:37977] with ContainerStateMachine:uninitialized
2019-10-22 00:08:41,124 [pool-179-thread-1] INFO  impl.RaftServerImpl (ServerState.java:<init>(103)) - 4677d932-8483-41dd-a758-9c3c53d9b9d5@group-32D95636BACC: ConfigurationManager, init=-1: [ab370eba-e055-4cd2-9c3d-f3aaf7732468:192.168.157.254:46527, 4677d932-8483-41dd-a758-9c3c53d9b9d5:192.168.157.254:35453, 8fd446cf-6878-4c52-9c53-15bd189bc282:192.168.157.254:37977], old=null, confs=<EMPTY_MAP>
2019-10-22 00:08:41,124 [pool-239-thread-1] INFO  server.RaftServerConfigKeys (ConfUtils.java:logGet(43)) - raft.server.rpc.timeout.min = 1s (custom)
2019-10-22 00:08:41,124 [pool-179-thread-1] INFO  server.RaftServerConfigKeys (ConfUtils.java:logGet(43)) - raft.server.storage.dir = [/workdir/hadoop-ozone/integration-test/target/test-dir/MiniOzoneClusterImpl-7b60a606-535f-40c2-b446-60b0e48a57dd/datanode-3/data/ratis] (custom)
2019-10-22 00:08:41,124 [pool-239-thread-1] INFO  server.RaftServerConfigKeys (ConfUtils.java:logGet(43)) - raft.server.rpc.timeout.max = 1200ms (custom)
2019-10-22 00:08:41,124 [pool-239-thread-1] INFO  server.RaftServerConfigKeys (ConfUtils.java:logGet(43)) - raft.server.rpcslowness.timeout = 120s (custom)
2019-10-22 00:08:41,124 [pool-179-thread-1] INFO  server.RaftServerConfigKeys (ConfUtils.java:logGet(43)) - raft.server.log.corruption.policy = EXCEPTION (default)
2019-10-22 00:08:41,124 [pool-239-thread-1] INFO  server.RaftServerConfigKeys (ConfUtils.java:logGet(43)) - raft.server.sleep.deviation.threshold = 300 (default)
2019-10-22 00:08:41,125 [pool-239-thread-1] INFO  server.RaftServerConfigKeys (ConfUtils.java:logGet(43)) - raft.server.log.appender.install.snapshot.enabled = false (custom)
2019-10-22 00:08:41,125 [pool-179-thread-1] INFO  storage.RaftStorageDirectory (RaftStorageDirectory.java:analyzeStorage(246)) - The storage directory /workdir/hadoop-ozone/integration-test/target/test-dir/MiniOzoneClusterImpl-7b60a606-535f-40c2-b446-60b0e48a57dd/datanode-3/data/ratis/9165f23d-ccf6-41cb-a2ea-32d95636bacc does not exist. Creating ...
2019-10-22 00:08:41,125 [pool-239-thread-1] INFO  impl.RaftServerImpl (ServerState.java:<init>(103)) - ab370eba-e055-4cd2-9c3d-f3aaf7732468@group-32D95636BACC: ConfigurationManager, init=-1: [ab370eba-e055-4cd2-9c3d-f3aaf7732468:192.168.157.254:46527, 4677d932-8483-41dd-a758-9c3c53d9b9d5:192.168.157.254:35453, 8fd446cf-6878-4c52-9c53-15bd189bc282:192.168.157.254:37977], old=null, confs=<EMPTY_MAP>
2019-10-22 00:08:41,125 [pool-189-thread-1] INFO  impl.RaftServerImpl (RaftServerImpl.java:<init>(104)) - 8fd446cf-6878-4c52-9c53-15bd189bc282: new RaftServerImpl for group-32D95636BACC:[ab370eba-e055-4cd2-9c3d-f3aaf7732468:192.168.157.254:46527, 4677d932-8483-41dd-a758-9c3c53d9b9d5:192.168.157.254:35453, 8fd446cf-6878-4c52-9c53-15bd189bc282:192.168.157.254:37977] with ContainerStateMachine:uninitialized
2019-10-22 00:08:41,125 [pool-239-thread-1] INFO  server.RaftServerConfigKeys (ConfUtils.java:logGet(43)) - raft.server.storage.dir = [/workdir/hadoop-ozone/integration-test/target/test-dir/MiniOzoneClusterImpl-7b60a606-535f-40c2-b446-60b0e48a57dd/datanode-9/data/ratis] (custom)
2019-10-22 00:08:41,125 [pool-189-thread-1] INFO  server.RaftServerConfigKeys (ConfUtils.java:logGet(43)) - raft.server.rpc.timeout.min = 1s (custom)
2019-10-22 00:08:41,125 [pool-189-thread-1] INFO  server.RaftServerConfigKeys (ConfUtils.java:logGet(43)) - raft.server.rpc.timeout.max = 1200ms (custom)
2019-10-22 00:08:41,125 [pool-239-thread-1] INFO  server.RaftServerConfigKeys (ConfUtils.java:logGet(43)) - raft.server.log.corruption.policy = EXCEPTION (default)
2019-10-22 00:08:41,125 [pool-189-thread-1] INFO  server.RaftServerConfigKeys (ConfUtils.java:logGet(43)) - raft.server.rpcslowness.timeout = 120s (custom)
2019-10-22 00:08:41,125 [pool-189-thread-1] INFO  server.RaftServerConfigKeys (ConfUtils.java:logGet(43)) - raft.server.sleep.deviation.threshold = 300 (default)
2019-10-22 00:08:41,125 [pool-239-thread-1] INFO  storage.RaftStorageDirectory (RaftStorageDirectory.java:analyzeStorage(246)) - The storage directory /workdir/hadoop-ozone/integration-test/target/test-dir/MiniOzoneClusterImpl-7b60a606-535f-40c2-b446-60b0e48a57dd/datanode-9/data/ratis/9165f23d-ccf6-41cb-a2ea-32d95636bacc does not exist. Creating ...
2019-10-22 00:08:41,125 [pool-189-thread-1] INFO  server.RaftServerConfigKeys (ConfUtils.java:logGet(43)) - raft.server.log.appender.install.snapshot.enabled = false (custom)
2019-10-22 00:08:41,126 [pool-189-thread-1] INFO  impl.RaftServerImpl (ServerState.java:<init>(103)) - 8fd446cf-6878-4c52-9c53-15bd189bc282@group-32D95636BACC: ConfigurationManager, init=-1: [ab370eba-e055-4cd2-9c3d-f3aaf7732468:192.168.157.254:46527, 4677d932-8483-41dd-a758-9c3c53d9b9d5:192.168.157.254:35453, 8fd446cf-6878-4c52-9c53-15bd189bc282:192.168.157.254:37977], old=null, confs=<EMPTY_MAP>
2019-10-22 00:08:41,126 [pool-189-thread-1] INFO  server.RaftServerConfigKeys (ConfUtils.java:logGet(43)) - raft.server.storage.dir = [/workdir/hadoop-ozone/integration-test/target/test-dir/MiniOzoneClusterImpl-7b60a606-535f-40c2-b446-60b0e48a57dd/datanode-4/data/ratis] (custom)
2019-10-22 00:08:41,126 [pool-189-thread-1] INFO  server.RaftServerConfigKeys (ConfUtils.java:logGet(43)) - raft.server.log.corruption.policy = EXCEPTION (default)
2019-10-22 00:08:41,126 [pool-189-thread-1] INFO  storage.RaftStorageDirectory (RaftStorageDirectory.java:analyzeStorage(246)) - The storage directory /workdir/hadoop-ozone/integration-test/target/test-dir/MiniOzoneClusterImpl-7b60a606-535f-40c2-b446-60b0e48a57dd/datanode-4/data/ratis/9165f23d-ccf6-41cb-a2ea-32d95636bacc does not exist. Creating ...
2019-10-22 00:08:41,134 [ab370eba-e055-4cd2-9c3d-f3aaf7732468@group-625606FAF34C-SegmentedRaftLogWorker] INFO  segmented.SegmentedRaftLogWorker (SegmentedRaftLogWorker.java:execute(576)) - ab370eba-e055-4cd2-9c3d-f3aaf7732468@group-625606FAF34C-SegmentedRaftLogWorker: created new log segment /workdir/hadoop-ozone/integration-test/target/test-dir/MiniOzoneClusterImpl-7b60a606-535f-40c2-b446-60b0e48a57dd/datanode-9/data/ratis/2dbd1099-be18-422b-ab84-625606faf34c/current/log_inprogress_0
2019-10-22 00:08:41,137 [pool-189-thread-1] INFO  storage.RaftStorageDirectory (RaftStorageDirectory.java:tryLock(328)) - Lock on /workdir/hadoop-ozone/integration-test/target/test-dir/MiniOzoneClusterImpl-7b60a606-535f-40c2-b446-60b0e48a57dd/datanode-4/data/ratis/9165f23d-ccf6-41cb-a2ea-32d95636bacc/in_use.lock acquired by nodename 31099@pr-hdds-2343-5q8j9-3338874002
2019-10-22 00:08:41,137 [pool-179-thread-1] INFO  storage.RaftStorageDirectory (RaftStorageDirectory.java:tryLock(328)) - Lock on /workdir/hadoop-ozone/integration-test/target/test-dir/MiniOzoneClusterImpl-7b60a606-535f-40c2-b446-60b0e48a57dd/datanode-3/data/ratis/9165f23d-ccf6-41cb-a2ea-32d95636bacc/in_use.lock acquired by nodename 31099@pr-hdds-2343-5q8j9-3338874002
2019-10-22 00:08:41,137 [pool-239-thread-1] INFO  storage.RaftStorageDirectory (RaftStorageDirectory.java:tryLock(328)) - Lock on /workdir/hadoop-ozone/integration-test/target/test-dir/MiniOzoneClusterImpl-7b60a606-535f-40c2-b446-60b0e48a57dd/datanode-9/data/ratis/9165f23d-ccf6-41cb-a2ea-32d95636bacc/in_use.lock acquired by nodename 31099@pr-hdds-2343-5q8j9-3338874002
2019-10-22 00:08:41,152 [pool-189-thread-1] INFO  storage.RaftStorage (RaftStorage.java:format(84)) - Storage directory /workdir/hadoop-ozone/integration-test/target/test-dir/MiniOzoneClusterImpl-7b60a606-535f-40c2-b446-60b0e48a57dd/datanode-4/data/ratis/9165f23d-ccf6-41cb-a2ea-32d95636bacc has been successfully formatted.
2019-10-22 00:08:41,152 [pool-179-thread-1] INFO  storage.RaftStorage (RaftStorage.java:format(84)) - Storage directory /workdir/hadoop-ozone/integration-test/target/test-dir/MiniOzoneClusterImpl-7b60a606-535f-40c2-b446-60b0e48a57dd/datanode-3/data/ratis/9165f23d-ccf6-41cb-a2ea-32d95636bacc has been successfully formatted.
2019-10-22 00:08:41,152 [pool-239-thread-1] INFO  storage.RaftStorage (RaftStorage.java:format(84)) - Storage directory /workdir/hadoop-ozone/integration-test/target/test-dir/MiniOzoneClusterImpl-7b60a606-535f-40c2-b446-60b0e48a57dd/datanode-9/data/ratis/9165f23d-ccf6-41cb-a2ea-32d95636bacc has been successfully formatted.
2019-10-22 00:08:41,152 [pool-189-thread-1] INFO  ratis.ContainerStateMachine (ContainerStateMachine.java:loadSnapshot(231)) - group-32D95636BACC: The snapshot info is null. Setting the last applied indexto:(t:0, i:~)
2019-10-22 00:08:41,152 [pool-239-thread-1] INFO  ratis.ContainerStateMachine (ContainerStateMachine.java:loadSnapshot(231)) - group-32D95636BACC: The snapshot info is null. Setting the last applied indexto:(t:0, i:~)
2019-10-22 00:08:41,152 [pool-179-thread-1] INFO  ratis.ContainerStateMachine (ContainerStateMachine.java:loadSnapshot(231)) - group-32D95636BACC: The snapshot info is null. Setting the last applied indexto:(t:0, i:~)
2019-10-22 00:08:41,152 [pool-239-thread-1] INFO  server.RaftServerConfigKeys (ConfUtils.java:logGet(43)) - raft.server.notification.no-leader.timeout = 120s (custom)
2019-10-22 00:08:41,152 [pool-189-thread-1] INFO  server.RaftServerConfigKeys (ConfUtils.java:logGet(43)) - raft.server.notification.no-leader.timeout = 120s (custom)
2019-10-22 00:08:41,153 [pool-239-thread-1] INFO  server.RaftServerConfigKeys (ConfUtils.java:logGet(43)) - raft.server.log.use.memory = false (default)
2019-10-22 00:08:41,153 [pool-179-thread-1] INFO  server.RaftServerConfigKeys (ConfUtils.java:logGet(43)) - raft.server.notification.no-leader.timeout = 120s (custom)
2019-10-22 00:08:41,153 [pool-239-thread-1] INFO  server.RaftServerConfigKeys (ConfUtils.java:logGet(43)) - raft.server.log.purge.gap = 1000000 (custom)
2019-10-22 00:08:41,153 [pool-189-thread-1] INFO  server.RaftServerConfigKeys (ConfUtils.java:logGet(43)) - raft.server.log.use.memory = false (default)
2019-10-22 00:08:41,153 [pool-239-thread-1] INFO  server.RaftServerConfigKeys (ConfUtils.java:logGet(43)) - raft.server.log.appender.buffer.byte-limit = 33554432 (custom)
2019-10-22 00:08:41,153 [pool-179-thread-1] INFO  server.RaftServerConfigKeys (ConfUtils.java:logGet(43)) - raft.server.log.use.memory = false (default)
2019-10-22 00:08:41,153 [pool-239-thread-1] INFO  server.RaftServerConfigKeys (ConfUtils.java:logGet(43)) - raft.server.log.segment.size.max = 1048576 (custom)
2019-10-22 00:08:41,153 [pool-189-thread-1] INFO  server.RaftServerConfigKeys (ConfUtils.java:logGet(43)) - raft.server.log.purge.gap = 1000000 (custom)
2019-10-22 00:08:41,153 [pool-239-thread-1] INFO  server.RaftServerConfigKeys (ConfUtils.java:logGet(43)) - raft.server.log.segment.cache.num.max = 2 (custom)
2019-10-22 00:08:41,153 [pool-179-thread-1] INFO  server.RaftServerConfigKeys (ConfUtils.java:logGet(43)) - raft.server.log.purge.gap = 1000000 (custom)
2019-10-22 00:08:41,153 [pool-239-thread-1] INFO  segmented.SegmentedRaftLogWorker (SegmentedRaftLogWorker.java:<init>(173)) - new ab370eba-e055-4cd2-9c3d-f3aaf7732468@group-32D95636BACC-SegmentedRaftLogWorker for RaftStorage:Storage Directory /workdir/hadoop-ozone/integration-test/target/test-dir/MiniOzoneClusterImpl-7b60a606-535f-40c2-b446-60b0e48a57dd/datanode-9/data/ratis/9165f23d-ccf6-41cb-a2ea-32d95636bacc
2019-10-22 00:08:41,154 [pool-239-thread-1] INFO  server.RaftServerConfigKeys (ConfUtils.java:logGet(43)) - raft.server.log.queue.byte-limit = 2147483647 (custom)
2019-10-22 00:08:41,153 [pool-189-thread-1] INFO  server.RaftServerConfigKeys (ConfUtils.java:logGet(43)) - raft.server.log.appender.buffer.byte-limit = 33554432 (custom)
2019-10-22 00:08:41,154 [pool-239-thread-1] INFO  server.RaftServerConfigKeys (ConfUtils.java:logGet(43)) - raft.server.log.queue.element-limit = 1024 (custom)
2019-10-22 00:08:41,154 [pool-179-thread-1] INFO  server.RaftServerConfigKeys (ConfUtils.java:logGet(43)) - raft.server.log.appender.buffer.byte-limit = 33554432 (custom)
2019-10-22 00:08:41,154 [pool-239-thread-1] INFO  server.RaftServerConfigKeys (ConfUtils.java:logGet(43)) - raft.server.log.segment.size.max = 1048576 (custom)
2019-10-22 00:08:41,154 [pool-189-thread-1] INFO  server.RaftServerConfigKeys (ConfUtils.java:logGet(43)) - raft.server.log.segment.size.max = 1048576 (custom)
2019-10-22 00:08:41,154 [pool-239-thread-1] INFO  server.RaftServerConfigKeys (ConfUtils.java:logGet(43)) - raft.server.log.preallocated.size = 16384 (custom)
2019-10-22 00:08:41,154 [pool-179-thread-1] INFO  server.RaftServerConfigKeys (ConfUtils.java:logGet(43)) - raft.server.log.segment.size.max = 1048576 (custom)
2019-10-22 00:08:41,154 [pool-239-thread-1] INFO  server.RaftServerConfigKeys (ConfUtils.java:logGet(43)) - raft.server.log.write.buffer.size = 33554432 (custom)
2019-10-22 00:08:41,154 [pool-189-thread-1] INFO  server.RaftServerConfigKeys (ConfUtils.java:logGet(43)) - raft.server.log.segment.cache.num.max = 2 (custom)
2019-10-22 00:08:41,154 [pool-239-thread-1] INFO  server.RaftServerConfigKeys (ConfUtils.java:logGet(43)) - raft.server.log.force.sync.num = 128 (default)
2019-10-22 00:08:41,154 [pool-179-thread-1] INFO  server.RaftServerConfigKeys (ConfUtils.java:logGet(43)) - raft.server.log.segment.cache.num.max = 2 (custom)
2019-10-22 00:08:41,154 [pool-239-thread-1] INFO  server.RaftServerConfigKeys (ConfUtils.java:logGet(43)) - raft.server.log.statemachine.data.sync = true (default)
2019-10-22 00:08:41,154 [pool-189-thread-1] INFO  segmented.SegmentedRaftLogWorker (SegmentedRaftLogWorker.java:<init>(173)) - new 8fd446cf-6878-4c52-9c53-15bd189bc282@group-32D95636BACC-SegmentedRaftLogWorker for RaftStorage:Storage Directory /workdir/hadoop-ozone/integration-test/target/test-dir/MiniOzoneClusterImpl-7b60a606-535f-40c2-b446-60b0e48a57dd/datanode-4/data/ratis/9165f23d-ccf6-41cb-a2ea-32d95636bacc
2019-10-22 00:08:41,155 [pool-239-thread-1] INFO  server.RaftServerConfigKeys (ConfUtils.java:logGet(43)) - raft.server.log.statemachine.data.sync.timeout = 10s (default)
2019-10-22 00:08:41,155 [pool-179-thread-1] INFO  segmented.SegmentedRaftLogWorker (SegmentedRaftLogWorker.java:<init>(173)) - new 4677d932-8483-41dd-a758-9c3c53d9b9d5@group-32D95636BACC-SegmentedRaftLogWorker for RaftStorage:Storage Directory /workdir/hadoop-ozone/integration-test/target/test-dir/MiniOzoneClusterImpl-7b60a606-535f-40c2-b446-60b0e48a57dd/datanode-3/data/ratis/9165f23d-ccf6-41cb-a2ea-32d95636bacc
2019-10-22 00:08:41,155 [pool-239-thread-1] INFO  server.RaftServerConfigKeys (ConfUtils.java:logGet(43)) - raft.server.log.statemachine.data.sync.timeout.retry = -1 (default)
2019-10-22 00:08:41,155 [pool-189-thread-1] INFO  server.RaftServerConfigKeys (ConfUtils.java:logGet(43)) - raft.server.log.queue.byte-limit = 2147483647 (custom)
2019-10-22 00:08:41,155 [pool-179-thread-1] INFO  server.RaftServerConfigKeys (ConfUtils.java:logGet(43)) - raft.server.log.queue.byte-limit = 2147483647 (custom)
2019-10-22 00:08:41,155 [pool-189-thread-1] INFO  server.RaftServerConfigKeys (ConfUtils.java:logGet(43)) - raft.server.log.queue.element-limit = 1024 (custom)
2019-10-22 00:08:41,155 [pool-239-thread-1] INFO  server.RaftServerConfigKeys (ConfUtils.java:logGet(43)) - raft.server.log.statemachine.data.caching.enabled = true (custom)
2019-10-22 00:08:41,155 [pool-189-thread-1] INFO  server.RaftServerConfigKeys (ConfUtils.java:logGet(43)) - raft.server.log.segment.size.max = 1048576 (custom)
2019-10-22 00:08:41,155 [pool-179-thread-1] INFO  server.RaftServerConfigKeys (ConfUtils.java:logGet(43)) - raft.server.log.queue.element-limit = 1024 (custom)
2019-10-22 00:08:41,155 [pool-239-thread-1] INFO  segmented.SegmentedRaftLogWorker (SegmentedRaftLogWorker.java:lambda$new$0(128)) - ab370eba-e055-4cd2-9c3d-f3aaf7732468@group-32D95636BACC-SegmentedRaftLogWorker: flushIndex: setUnconditionally 0 -> -1
2019-10-22 00:08:41,155 [pool-179-thread-1] INFO  server.RaftServerConfigKeys (ConfUtils.java:logGet(43)) - raft.server.log.segment.size.max = 1048576 (custom)
2019-10-22 00:08:41,155 [pool-189-thread-1] INFO  server.RaftServerConfigKeys (ConfUtils.java:logGet(43)) - raft.server.log.preallocated.size = 16384 (custom)
2019-10-22 00:08:41,156 [pool-239-thread-1] INFO  server.RaftServerConfigKeys (ConfUtils.java:logGet(43)) - raft.server.snapshot.auto.trigger.enabled = true (custom)
2019-10-22 00:08:41,156 [pool-179-thread-1] INFO  server.RaftServerConfigKeys (ConfUtils.java:logGet(43)) - raft.server.log.preallocated.size = 16384 (custom)
2019-10-22 00:08:41,156 [pool-239-thread-1] INFO  server.RaftServerConfigKeys (ConfUtils.java:logGet(43)) - raft.server.snapshot.auto.trigger.threshold = 10000 (custom)
2019-10-22 00:08:41,156 [pool-189-thread-1] INFO  server.RaftServerConfigKeys (ConfUtils.java:logGet(43)) - raft.server.log.write.buffer.size = 33554432 (custom)
2019-10-22 00:08:41,156 [pool-239-thread-1] INFO  server.RaftServerConfigKeys (ConfUtils.java:logGet(43)) - raft.server.snapshot.retention.file.num = 5 (custom)
2019-10-22 00:08:41,156 [pool-179-thread-1] INFO  server.RaftServerConfigKeys (ConfUtils.java:logGet(43)) - raft.server.log.write.buffer.size = 33554432 (custom)
2019-10-22 00:08:41,156 [pool-239-thread-1] INFO  server.RaftServerConfigKeys (ConfUtils.java:logGet(43)) - raft.server.retrycache.expirytime = 600000ms (custom)
2019-10-22 00:08:41,156 [pool-189-thread-1] INFO  server.RaftServerConfigKeys (ConfUtils.java:logGet(43)) - raft.server.log.force.sync.num = 128 (default)
2019-10-22 00:08:41,156 [pool-179-thread-1] INFO  server.RaftServerConfigKeys (ConfUtils.java:logGet(43)) - raft.server.log.force.sync.num = 128 (default)
2019-10-22 00:08:41,156 [pool-189-thread-1] INFO  server.RaftServerConfigKeys (ConfUtils.java:logGet(43)) - raft.server.log.statemachine.data.sync = true (default)
2019-10-22 00:08:41,156 [pool-179-thread-1] INFO  server.RaftServerConfigKeys (ConfUtils.java:logGet(43)) - raft.server.log.statemachine.data.sync = true (default)
2019-10-22 00:08:41,156 [pool-189-thread-1] INFO  server.RaftServerConfigKeys (ConfUtils.java:logGet(43)) - raft.server.log.statemachine.data.sync.timeout = 10s (default)
2019-10-22 00:08:41,156 [pool-179-thread-1] INFO  server.RaftServerConfigKeys (ConfUtils.java:logGet(43)) - raft.server.log.statemachine.data.sync.timeout = 10s (default)
2019-10-22 00:08:41,156 [pool-189-thread-1] INFO  server.RaftServerConfigKeys (ConfUtils.java:logGet(43)) - raft.server.log.statemachine.data.sync.timeout.retry = -1 (default)
2019-10-22 00:08:41,157 [pool-179-thread-1] INFO  server.RaftServerConfigKeys (ConfUtils.java:logGet(43)) - raft.server.log.statemachine.data.sync.timeout.retry = -1 (default)
2019-10-22 00:08:41,157 [pool-189-thread-1] INFO  server.RaftServerConfigKeys (ConfUtils.java:logGet(43)) - raft.server.log.statemachine.data.caching.enabled = true (custom)
2019-10-22 00:08:41,157 [pool-179-thread-1] INFO  server.RaftServerConfigKeys (ConfUtils.java:logGet(43)) - raft.server.log.statemachine.data.caching.enabled = true (custom)
2019-10-22 00:08:41,157 [pool-189-thread-1] INFO  segmented.SegmentedRaftLogWorker (SegmentedRaftLogWorker.java:lambda$new$0(128)) - 8fd446cf-6878-4c52-9c53-15bd189bc282@group-32D95636BACC-SegmentedRaftLogWorker: flushIndex: setUnconditionally 0 -> -1
2019-10-22 00:08:41,157 [pool-179-thread-1] INFO  segmented.SegmentedRaftLogWorker (SegmentedRaftLogWorker.java:lambda$new$0(128)) - 4677d932-8483-41dd-a758-9c3c53d9b9d5@group-32D95636BACC-SegmentedRaftLogWorker: flushIndex: setUnconditionally 0 -> -1
2019-10-22 00:08:41,157 [pool-189-thread-1] INFO  server.RaftServerConfigKeys (ConfUtils.java:logGet(43)) - raft.server.snapshot.auto.trigger.enabled = true (custom)
2019-10-22 00:08:41,157 [pool-189-thread-1] INFO  server.RaftServerConfigKeys (ConfUtils.java:logGet(43)) - raft.server.snapshot.auto.trigger.threshold = 10000 (custom)
2019-10-22 00:08:41,157 [pool-179-thread-1] INFO  server.RaftServerConfigKeys (ConfUtils.java:logGet(43)) - raft.server.snapshot.auto.trigger.enabled = true (custom)
2019-10-22 00:08:41,157 [pool-189-thread-1] INFO  server.RaftServerConfigKeys (ConfUtils.java:logGet(43)) - raft.server.snapshot.retention.file.num = 5 (custom)
2019-10-22 00:08:41,157 [pool-179-thread-1] INFO  server.RaftServerConfigKeys (ConfUtils.java:logGet(43)) - raft.server.snapshot.auto.trigger.threshold = 10000 (custom)
2019-10-22 00:08:41,157 [pool-189-thread-1] INFO  server.RaftServerConfigKeys (ConfUtils.java:logGet(43)) - raft.server.retrycache.expirytime = 600000ms (custom)
2019-10-22 00:08:41,157 [pool-239-thread-1] INFO  impl.RaftServerImpl (RaftServerImpl.java:start(195)) - ab370eba-e055-4cd2-9c3d-f3aaf7732468@group-32D95636BACC: start as a follower, conf=-1: [ab370eba-e055-4cd2-9c3d-f3aaf7732468:192.168.157.254:46527, 4677d932-8483-41dd-a758-9c3c53d9b9d5:192.168.157.254:35453, 8fd446cf-6878-4c52-9c53-15bd189bc282:192.168.157.254:37977], old=null
2019-10-22 00:08:41,158 [pool-179-thread-1] INFO  server.RaftServerConfigKeys (ConfUtils.java:logGet(43)) - raft.server.snapshot.retention.file.num = 5 (custom)
2019-10-22 00:08:41,158 [pool-239-thread-1] INFO  impl.RaftServerImpl (RaftServerImpl.java:setRole(184)) - ab370eba-e055-4cd2-9c3d-f3aaf7732468@group-32D95636BACC: changes role from      null to FOLLOWER at term 0 for startAsFollower
2019-10-22 00:08:41,158 [pool-179-thread-1] INFO  server.RaftServerConfigKeys (ConfUtils.java:logGet(43)) - raft.server.retrycache.expirytime = 600000ms (custom)
2019-10-22 00:08:41,158 [pool-239-thread-1] INFO  impl.RoleInfo (RoleInfo.java:updateAndGet(143)) - ab370eba-e055-4cd2-9c3d-f3aaf7732468: start FollowerState
2019-10-22 00:08:41,158 [pool-239-thread-1] INFO  util.JmxRegister (JmxRegister.java:tryRegister(44)) - Successfully registered JMX Bean with object name Ratis:service=RaftServer,group=group-32D95636BACC,id=ab370eba-e055-4cd2-9c3d-f3aaf7732468
2019-10-22 00:08:41,160 [pool-189-thread-1] INFO  impl.RaftServerImpl (RaftServerImpl.java:start(195)) - 8fd446cf-6878-4c52-9c53-15bd189bc282@group-32D95636BACC: start as a follower, conf=-1: [ab370eba-e055-4cd2-9c3d-f3aaf7732468:192.168.157.254:46527, 4677d932-8483-41dd-a758-9c3c53d9b9d5:192.168.157.254:35453, 8fd446cf-6878-4c52-9c53-15bd189bc282:192.168.157.254:37977], old=null
2019-10-22 00:08:41,160 [pool-189-thread-1] INFO  impl.RaftServerImpl (RaftServerImpl.java:setRole(184)) - 8fd446cf-6878-4c52-9c53-15bd189bc282@group-32D95636BACC: changes role from      null to FOLLOWER at term 0 for startAsFollower
2019-10-22 00:08:41,160 [pool-189-thread-1] INFO  impl.RoleInfo (RoleInfo.java:updateAndGet(143)) - 8fd446cf-6878-4c52-9c53-15bd189bc282: start FollowerState
2019-10-22 00:08:41,160 [pool-189-thread-1] INFO  util.JmxRegister (JmxRegister.java:tryRegister(44)) - Successfully registered JMX Bean with object name Ratis:service=RaftServer,group=group-32D95636BACC,id=8fd446cf-6878-4c52-9c53-15bd189bc282
2019-10-22 00:08:41,160 [pool-179-thread-1] INFO  impl.RaftServerImpl (RaftServerImpl.java:start(195)) - 4677d932-8483-41dd-a758-9c3c53d9b9d5@group-32D95636BACC: start as a follower, conf=-1: [ab370eba-e055-4cd2-9c3d-f3aaf7732468:192.168.157.254:46527, 4677d932-8483-41dd-a758-9c3c53d9b9d5:192.168.157.254:35453, 8fd446cf-6878-4c52-9c53-15bd189bc282:192.168.157.254:37977], old=null
2019-10-22 00:08:41,161 [pool-179-thread-1] INFO  impl.RaftServerImpl (RaftServerImpl.java:setRole(184)) - 4677d932-8483-41dd-a758-9c3c53d9b9d5@group-32D95636BACC: changes role from      null to FOLLOWER at term 0 for startAsFollower
2019-10-22 00:08:41,161 [pool-179-thread-1] INFO  impl.RoleInfo (RoleInfo.java:updateAndGet(143)) - 4677d932-8483-41dd-a758-9c3c53d9b9d5: start FollowerState
2019-10-22 00:08:41,161 [pool-179-thread-1] INFO  util.JmxRegister (JmxRegister.java:tryRegister(44)) - Successfully registered JMX Bean with object name Ratis:service=RaftServer,group=group-32D95636BACC,id=4677d932-8483-41dd-a758-9c3c53d9b9d5
2019-10-22 00:08:41,170 [RatisPipelineUtilsThread] INFO  pipeline.PipelineStateManager (PipelineStateManager.java:addPipeline(56)) - Created pipeline Pipeline[ Id: 9165f23d-ccf6-41cb-a2ea-32d95636bacc, Nodes: 4677d932-8483-41dd-a758-9c3c53d9b9d5{ip: 192.168.157.254, host: pr-hdds-2343-5q8j9-3338874002, networkLocation: /rack1, certSerialId: null}8fd446cf-6878-4c52-9c53-15bd189bc282{ip: 192.168.157.254, host: pr-hdds-2343-5q8j9-3338874002, networkLocation: /rack1, certSerialId: null}ab370eba-e055-4cd2-9c3d-f3aaf7732468{ip: 192.168.157.254, host: pr-hdds-2343-5q8j9-3338874002, networkLocation: /rack1, certSerialId: null}, Type:RATIS, Factor:THREE, State:OPEN]
2019-10-22 00:08:41,180 [grpc-default-executor-4] INFO  impl.RaftServerProxy (RaftServerProxy.java:addNew(89)) - d9951c0b-6d6e-4464-b06b-4ef93c20892c: addNew group-A8B097DE35CC:[e64b81a2-7e97-4a9c-9a90-0d1e8edce3a8:192.168.157.254:40074, d9951c0b-6d6e-4464-b06b-4ef93c20892c:192.168.157.254:43622, 1be30185-a2c0-4461-afc0-2cb02fcff473:192.168.157.254:38008] returns group-A8B097DE35CC:java.util.concurrent.CompletableFuture@16856296[Not completed]
2019-10-22 00:08:41,181 [pool-199-thread-1] INFO  impl.RaftServerImpl (RaftServerImpl.java:<init>(104)) - d9951c0b-6d6e-4464-b06b-4ef93c20892c: new RaftServerImpl for group-A8B097DE35CC:[e64b81a2-7e97-4a9c-9a90-0d1e8edce3a8:192.168.157.254:40074, d9951c0b-6d6e-4464-b06b-4ef93c20892c:192.168.157.254:43622, 1be30185-a2c0-4461-afc0-2cb02fcff473:192.168.157.254:38008] with ContainerStateMachine:uninitialized
2019-10-22 00:08:41,181 [pool-199-thread-1] INFO  server.RaftServerConfigKeys (ConfUtils.java:logGet(43)) - raft.server.rpc.timeout.min = 1s (custom)
2019-10-22 00:08:41,181 [pool-199-thread-1] INFO  server.RaftServerConfigKeys (ConfUtils.java:logGet(43)) - raft.server.rpc.timeout.max = 1200ms (custom)
2019-10-22 00:08:41,181 [pool-199-thread-1] INFO  server.RaftServerConfigKeys (ConfUtils.java:logGet(43)) - raft.server.rpcslowness.timeout = 120s (custom)
2019-10-22 00:08:41,181 [pool-199-thread-1] INFO  server.RaftServerConfigKeys (ConfUtils.java:logGet(43)) - raft.server.sleep.deviation.threshold = 300 (default)
2019-10-22 00:08:41,181 [pool-199-thread-1] INFO  server.RaftServerConfigKeys (ConfUtils.java:logGet(43)) - raft.server.log.appender.install.snapshot.enabled = false (custom)
2019-10-22 00:08:41,181 [pool-199-thread-1] INFO  impl.RaftServerImpl (ServerState.java:<init>(103)) - d9951c0b-6d6e-4464-b06b-4ef93c20892c@group-A8B097DE35CC: ConfigurationManager, init=-1: [e64b81a2-7e97-4a9c-9a90-0d1e8edce3a8:192.168.157.254:40074, d9951c0b-6d6e-4464-b06b-4ef93c20892c:192.168.157.254:43622, 1be30185-a2c0-4461-afc0-2cb02fcff473:192.168.157.254:38008], old=null, confs=<EMPTY_MAP>
2019-10-22 00:08:41,181 [pool-199-thread-1] INFO  server.RaftServerConfigKeys (ConfUtils.java:logGet(43)) - raft.server.storage.dir = [/workdir/hadoop-ozone/integration-test/target/test-dir/MiniOzoneClusterImpl-7b60a606-535f-40c2-b446-60b0e48a57dd/datanode-5/data/ratis] (custom)
2019-10-22 00:08:41,181 [grpc-default-executor-4] INFO  impl.RaftServerProxy (RaftServerProxy.java:addNew(89)) - e64b81a2-7e97-4a9c-9a90-0d1e8edce3a8: addNew group-A8B097DE35CC:[e64b81a2-7e97-4a9c-9a90-0d1e8edce3a8:192.168.157.254:40074, d9951c0b-6d6e-4464-b06b-4ef93c20892c:192.168.157.254:43622, 1be30185-a2c0-4461-afc0-2cb02fcff473:192.168.157.254:38008] returns group-A8B097DE35CC:java.util.concurrent.CompletableFuture@4164f981[Not completed]
2019-10-22 00:08:41,182 [pool-199-thread-1] INFO  server.RaftServerConfigKeys (ConfUtils.java:logGet(43)) - raft.server.log.corruption.policy = EXCEPTION (default)
2019-10-22 00:08:41,182 [pool-199-thread-1] INFO  storage.RaftStorageDirectory (RaftStorageDirectory.java:analyzeStorage(246)) - The storage directory /workdir/hadoop-ozone/integration-test/target/test-dir/MiniOzoneClusterImpl-7b60a606-535f-40c2-b446-60b0e48a57dd/datanode-5/data/ratis/6edde612-3ce9-4bcf-bf7d-a8b097de35cc does not exist. Creating ...
2019-10-22 00:08:41,182 [grpc-default-executor-4] INFO  impl.RaftServerProxy (RaftServerProxy.java:addNew(89)) - 1be30185-a2c0-4461-afc0-2cb02fcff473: addNew group-A8B097DE35CC:[e64b81a2-7e97-4a9c-9a90-0d1e8edce3a8:192.168.157.254:40074, d9951c0b-6d6e-4464-b06b-4ef93c20892c:192.168.157.254:43622, 1be30185-a2c0-4461-afc0-2cb02fcff473:192.168.157.254:38008] returns group-A8B097DE35CC:java.util.concurrent.CompletableFuture@7e4930fb[Not completed]
2019-10-22 00:08:41,182 [pool-229-thread-1] INFO  impl.RaftServerImpl (RaftServerImpl.java:<init>(104)) - e64b81a2-7e97-4a9c-9a90-0d1e8edce3a8: new RaftServerImpl for group-A8B097DE35CC:[e64b81a2-7e97-4a9c-9a90-0d1e8edce3a8:192.168.157.254:40074, d9951c0b-6d6e-4464-b06b-4ef93c20892c:192.168.157.254:43622, 1be30185-a2c0-4461-afc0-2cb02fcff473:192.168.157.254:38008] with ContainerStateMachine:uninitialized
2019-10-22 00:08:41,182 [pool-229-thread-1] INFO  server.RaftServerConfigKeys (ConfUtils.java:logGet(43)) - raft.server.rpc.timeout.min = 1s (custom)
2019-10-22 00:08:41,182 [pool-229-thread-1] INFO  server.RaftServerConfigKeys (ConfUtils.java:logGet(43)) - raft.server.rpc.timeout.max = 1200ms (custom)
2019-10-22 00:08:41,182 [pool-229-thread-1] INFO  server.RaftServerConfigKeys (ConfUtils.java:logGet(43)) - raft.server.rpcslowness.timeout = 120s (custom)
2019-10-22 00:08:41,183 [pool-229-thread-1] INFO  server.RaftServerConfigKeys (ConfUtils.java:logGet(43)) - raft.server.sleep.deviation.threshold = 300 (default)
2019-10-22 00:08:41,183 [pool-229-thread-1] INFO  server.RaftServerConfigKeys (ConfUtils.java:logGet(43)) - raft.server.log.appender.install.snapshot.enabled = false (custom)
2019-10-22 00:08:41,183 [pool-229-thread-1] INFO  impl.RaftServerImpl (ServerState.java:<init>(103)) - e64b81a2-7e97-4a9c-9a90-0d1e8edce3a8@group-A8B097DE35CC: ConfigurationManager, init=-1: [e64b81a2-7e97-4a9c-9a90-0d1e8edce3a8:192.168.157.254:40074, d9951c0b-6d6e-4464-b06b-4ef93c20892c:192.168.157.254:43622, 1be30185-a2c0-4461-afc0-2cb02fcff473:192.168.157.254:38008], old=null, confs=<EMPTY_MAP>
2019-10-22 00:08:41,183 [pool-229-thread-1] INFO  server.RaftServerConfigKeys (ConfUtils.java:logGet(43)) - raft.server.storage.dir = [/workdir/hadoop-ozone/integration-test/target/test-dir/MiniOzoneClusterImpl-7b60a606-535f-40c2-b446-60b0e48a57dd/datanode-8/data/ratis] (custom)
2019-10-22 00:08:41,183 [pool-209-thread-1] INFO  impl.RaftServerImpl (RaftServerImpl.java:<init>(104)) - 1be30185-a2c0-4461-afc0-2cb02fcff473: new RaftServerImpl for group-A8B097DE35CC:[e64b81a2-7e97-4a9c-9a90-0d1e8edce3a8:192.168.157.254:40074, d9951c0b-6d6e-4464-b06b-4ef93c20892c:192.168.157.254:43622, 1be30185-a2c0-4461-afc0-2cb02fcff473:192.168.157.254:38008] with ContainerStateMachine:uninitialized
2019-10-22 00:08:41,183 [pool-229-thread-1] INFO  server.RaftServerConfigKeys (ConfUtils.java:logGet(43)) - raft.server.log.corruption.policy = EXCEPTION (default)
2019-10-22 00:08:41,183 [pool-209-thread-1] INFO  server.RaftServerConfigKeys (ConfUtils.java:logGet(43)) - raft.server.rpc.timeout.min = 1s (custom)
2019-10-22 00:08:41,183 [pool-229-thread-1] INFO  storage.RaftStorageDirectory (RaftStorageDirectory.java:analyzeStorage(246)) - The storage directory /workdir/hadoop-ozone/integration-test/target/test-dir/MiniOzoneClusterImpl-7b60a606-535f-40c2-b446-60b0e48a57dd/datanode-8/data/ratis/6edde612-3ce9-4bcf-bf7d-a8b097de35cc does not exist. Creating ...
2019-10-22 00:08:41,183 [pool-209-thread-1] INFO  server.RaftServerConfigKeys (ConfUtils.java:logGet(43)) - raft.server.rpc.timeout.max = 1200ms (custom)
2019-10-22 00:08:41,183 [pool-209-thread-1] INFO  server.RaftServerConfigKeys (ConfUtils.java:logGet(43)) - raft.server.rpcslowness.timeout = 120s (custom)
2019-10-22 00:08:41,183 [pool-209-thread-1] INFO  server.RaftServerConfigKeys (ConfUtils.java:logGet(43)) - raft.server.sleep.deviation.threshold = 300 (default)
2019-10-22 00:08:41,183 [pool-209-thread-1] INFO  server.RaftServerConfigKeys (ConfUtils.java:logGet(43)) - raft.server.log.appender.install.snapshot.enabled = false (custom)
2019-10-22 00:08:41,184 [pool-209-thread-1] INFO  impl.RaftServerImpl (ServerState.java:<init>(103)) - 1be30185-a2c0-4461-afc0-2cb02fcff473@group-A8B097DE35CC: ConfigurationManager, init=-1: [e64b81a2-7e97-4a9c-9a90-0d1e8edce3a8:192.168.157.254:40074, d9951c0b-6d6e-4464-b06b-4ef93c20892c:192.168.157.254:43622, 1be30185-a2c0-4461-afc0-2cb02fcff473:192.168.157.254:38008], old=null, confs=<EMPTY_MAP>
2019-10-22 00:08:41,184 [pool-209-thread-1] INFO  server.RaftServerConfigKeys (ConfUtils.java:logGet(43)) - raft.server.storage.dir = [/workdir/hadoop-ozone/integration-test/target/test-dir/MiniOzoneClusterImpl-7b60a606-535f-40c2-b446-60b0e48a57dd/datanode-6/data/ratis] (custom)
2019-10-22 00:08:41,184 [pool-209-thread-1] INFO  server.RaftServerConfigKeys (ConfUtils.java:logGet(43)) - raft.server.log.corruption.policy = EXCEPTION (default)
2019-10-22 00:08:41,184 [pool-209-thread-1] INFO  storage.RaftStorageDirectory (RaftStorageDirectory.java:analyzeStorage(246)) - The storage directory /workdir/hadoop-ozone/integration-test/target/test-dir/MiniOzoneClusterImpl-7b60a606-535f-40c2-b446-60b0e48a57dd/datanode-6/data/ratis/6edde612-3ce9-4bcf-bf7d-a8b097de35cc does not exist. Creating ...
2019-10-22 00:08:41,195 [pool-229-thread-1] INFO  storage.RaftStorageDirectory (RaftStorageDirectory.java:tryLock(328)) - Lock on /workdir/hadoop-ozone/integration-test/target/test-dir/MiniOzoneClusterImpl-7b60a606-535f-40c2-b446-60b0e48a57dd/datanode-8/data/ratis/6edde612-3ce9-4bcf-bf7d-a8b097de35cc/in_use.lock acquired by nodename 31099@pr-hdds-2343-5q8j9-3338874002
2019-10-22 00:08:41,195 [pool-199-thread-1] INFO  storage.RaftStorageDirectory (RaftStorageDirectory.java:tryLock(328)) - Lock on /workdir/hadoop-ozone/integration-test/target/test-dir/MiniOzoneClusterImpl-7b60a606-535f-40c2-b446-60b0e48a57dd/datanode-5/data/ratis/6edde612-3ce9-4bcf-bf7d-a8b097de35cc/in_use.lock acquired by nodename 31099@pr-hdds-2343-5q8j9-3338874002
2019-10-22 00:08:41,195 [pool-209-thread-1] INFO  storage.RaftStorageDirectory (RaftStorageDirectory.java:tryLock(328)) - Lock on /workdir/hadoop-ozone/integration-test/target/test-dir/MiniOzoneClusterImpl-7b60a606-535f-40c2-b446-60b0e48a57dd/datanode-6/data/ratis/6edde612-3ce9-4bcf-bf7d-a8b097de35cc/in_use.lock acquired by nodename 31099@pr-hdds-2343-5q8j9-3338874002
2019-10-22 00:08:41,214 [Thread-4002] INFO  impl.FollowerState (FollowerState.java:run(108)) - 4677d932-8483-41dd-a758-9c3c53d9b9d5@group-32D95636BACC-FollowerState: change to CANDIDATE, lastRpcTime:53ms, electionTimeout:53ms
2019-10-22 00:08:41,214 [Thread-4002] INFO  impl.RoleInfo (RoleInfo.java:shutdownFollowerState(121)) - 4677d932-8483-41dd-a758-9c3c53d9b9d5: shutdown FollowerState
2019-10-22 00:08:41,214 [Thread-4002] INFO  impl.RaftServerImpl (RaftServerImpl.java:setRole(184)) - 4677d932-8483-41dd-a758-9c3c53d9b9d5@group-32D95636BACC: changes role from  FOLLOWER to CANDIDATE at term 0 for changeToCandidate
2019-10-22 00:08:41,215 [Thread-4002] INFO  impl.RoleInfo (RoleInfo.java:updateAndGet(143)) - 4677d932-8483-41dd-a758-9c3c53d9b9d5: start LeaderElection
2019-10-22 00:08:41,220 [pool-199-thread-1] INFO  storage.RaftStorage (RaftStorage.java:format(84)) - Storage directory /workdir/hadoop-ozone/integration-test/target/test-dir/MiniOzoneClusterImpl-7b60a606-535f-40c2-b446-60b0e48a57dd/datanode-5/data/ratis/6edde612-3ce9-4bcf-bf7d-a8b097de35cc has been successfully formatted.
2019-10-22 00:08:41,220 [pool-209-thread-1] INFO  storage.RaftStorage (RaftStorage.java:format(84)) - Storage directory /workdir/hadoop-ozone/integration-test/target/test-dir/MiniOzoneClusterImpl-7b60a606-535f-40c2-b446-60b0e48a57dd/datanode-6/data/ratis/6edde612-3ce9-4bcf-bf7d-a8b097de35cc has been successfully formatted.
2019-10-22 00:08:41,220 [pool-229-thread-1] INFO  storage.RaftStorage (RaftStorage.java:format(84)) - Storage directory /workdir/hadoop-ozone/integration-test/target/test-dir/MiniOzoneClusterImpl-7b60a606-535f-40c2-b446-60b0e48a57dd/datanode-8/data/ratis/6edde612-3ce9-4bcf-bf7d-a8b097de35cc has been successfully formatted.
2019-10-22 00:08:41,221 [pool-209-thread-1] INFO  ratis.ContainerStateMachine (ContainerStateMachine.java:loadSnapshot(231)) - group-A8B097DE35CC: The snapshot info is null. Setting the last applied indexto:(t:0, i:~)
2019-10-22 00:08:41,220 [pool-199-thread-1] INFO  ratis.ContainerStateMachine (ContainerStateMachine.java:loadSnapshot(231)) - group-A8B097DE35CC: The snapshot info is null. Setting the last applied indexto:(t:0, i:~)
2019-10-22 00:08:41,221 [pool-209-thread-1] INFO  server.RaftServerConfigKeys (ConfUtils.java:logGet(43)) - raft.server.notification.no-leader.timeout = 120s (custom)
2019-10-22 00:08:41,221 [pool-229-thread-1] INFO  ratis.ContainerStateMachine (ContainerStateMachine.java:loadSnapshot(231)) - group-A8B097DE35CC: The snapshot info is null. Setting the last applied indexto:(t:0, i:~)
2019-10-22 00:08:41,221 [pool-199-thread-1] INFO  server.RaftServerConfigKeys (ConfUtils.java:logGet(43)) - raft.server.notification.no-leader.timeout = 120s (custom)
2019-10-22 00:08:41,221 [pool-229-thread-1] INFO  server.RaftServerConfigKeys (ConfUtils.java:logGet(43)) - raft.server.notification.no-leader.timeout = 120s (custom)
2019-10-22 00:08:41,221 [pool-209-thread-1] INFO  server.RaftServerConfigKeys (ConfUtils.java:logGet(43)) - raft.server.log.use.memory = false (default)
2019-10-22 00:08:41,221 [pool-229-thread-1] INFO  server.RaftServerConfigKeys (ConfUtils.java:logGet(43)) - raft.server.log.use.memory = false (default)
2019-10-22 00:08:41,221 [pool-199-thread-1] INFO  server.RaftServerConfigKeys (ConfUtils.java:logGet(43)) - raft.server.log.use.memory = false (default)
2019-10-22 00:08:41,221 [pool-229-thread-1] INFO  server.RaftServerConfigKeys (ConfUtils.java:logGet(43)) - raft.server.log.purge.gap = 1000000 (custom)
2019-10-22 00:08:41,221 [pool-209-thread-1] INFO  server.RaftServerConfigKeys (ConfUtils.java:logGet(43)) - raft.server.log.purge.gap = 1000000 (custom)
2019-10-22 00:08:41,222 [pool-229-thread-1] INFO  server.RaftServerConfigKeys (ConfUtils.java:logGet(43)) - raft.server.log.appender.buffer.byte-limit = 33554432 (custom)
2019-10-22 00:08:41,222 [pool-199-thread-1] INFO  server.RaftServerConfigKeys (ConfUtils.java:logGet(43)) - raft.server.log.purge.gap = 1000000 (custom)
2019-10-22 00:08:41,222 [pool-229-thread-1] INFO  server.RaftServerConfigKeys (ConfUtils.java:logGet(43)) - raft.server.log.segment.size.max = 1048576 (custom)
2019-10-22 00:08:41,222 [pool-209-thread-1] INFO  server.RaftServerConfigKeys (ConfUtils.java:logGet(43)) - raft.server.log.appender.buffer.byte-limit = 33554432 (custom)
2019-10-22 00:08:41,222 [4677d932-8483-41dd-a758-9c3c53d9b9d5@group-32D95636BACC-LeaderElection469] INFO  impl.LeaderElection (LeaderElection.java:askForVotes(178)) - 4677d932-8483-41dd-a758-9c3c53d9b9d5@group-32D95636BACC-LeaderElection469: begin an election at term 1 for -1: [ab370eba-e055-4cd2-9c3d-f3aaf7732468:192.168.157.254:46527, 4677d932-8483-41dd-a758-9c3c53d9b9d5:192.168.157.254:35453, 8fd446cf-6878-4c52-9c53-15bd189bc282:192.168.157.254:37977], old=null
2019-10-22 00:08:41,222 [pool-229-thread-1] INFO  server.RaftServerConfigKeys (ConfUtils.java:logGet(43)) - raft.server.log.segment.cache.num.max = 2 (custom)
2019-10-22 00:08:41,222 [pool-199-thread-1] INFO  server.RaftServerConfigKeys (ConfUtils.java:logGet(43)) - raft.server.log.appender.buffer.byte-limit = 33554432 (custom)
2019-10-22 00:08:41,222 [pool-229-thread-1] INFO  segmented.SegmentedRaftLogWorker (SegmentedRaftLogWorker.java:<init>(173)) - new e64b81a2-7e97-4a9c-9a90-0d1e8edce3a8@group-A8B097DE35CC-SegmentedRaftLogWorker for RaftStorage:Storage Directory /workdir/hadoop-ozone/integration-test/target/test-dir/MiniOzoneClusterImpl-7b60a606-535f-40c2-b446-60b0e48a57dd/datanode-8/data/ratis/6edde612-3ce9-4bcf-bf7d-a8b097de35cc
2019-10-22 00:08:41,222 [pool-209-thread-1] INFO  server.RaftServerConfigKeys (ConfUtils.java:logGet(43)) - raft.server.log.segment.size.max = 1048576 (custom)
2019-10-22 00:08:41,223 [pool-229-thread-1] INFO  server.RaftServerConfigKeys (ConfUtils.java:logGet(43)) - raft.server.log.queue.byte-limit = 2147483647 (custom)
2019-10-22 00:08:41,223 [pool-199-thread-1] INFO  server.RaftServerConfigKeys (ConfUtils.java:logGet(43)) - raft.server.log.segment.size.max = 1048576 (custom)
2019-10-22 00:08:41,223 [pool-229-thread-1] INFO  server.RaftServerConfigKeys (ConfUtils.java:logGet(43)) - raft.server.log.queue.element-limit = 1024 (custom)
2019-10-22 00:08:41,223 [pool-209-thread-1] INFO  server.RaftServerConfigKeys (ConfUtils.java:logGet(43)) - raft.server.log.segment.cache.num.max = 2 (custom)
2019-10-22 00:08:41,223 [pool-229-thread-1] INFO  server.RaftServerConfigKeys (ConfUtils.java:logGet(43)) - raft.server.log.segment.size.max = 1048576 (custom)
2019-10-22 00:08:41,223 [pool-199-thread-1] INFO  server.RaftServerConfigKeys (ConfUtils.java:logGet(43)) - raft.server.log.segment.cache.num.max = 2 (custom)
2019-10-22 00:08:41,223 [pool-229-thread-1] INFO  server.RaftServerConfigKeys (ConfUtils.java:logGet(43)) - raft.server.log.preallocated.size = 16384 (custom)
2019-10-22 00:08:41,223 [pool-209-thread-1] INFO  segmented.SegmentedRaftLogWorker (SegmentedRaftLogWorker.java:<init>(173)) - new 1be30185-a2c0-4461-afc0-2cb02fcff473@group-A8B097DE35CC-SegmentedRaftLogWorker for RaftStorage:Storage Directory /workdir/hadoop-ozone/integration-test/target/test-dir/MiniOzoneClusterImpl-7b60a606-535f-40c2-b446-60b0e48a57dd/datanode-6/data/ratis/6edde612-3ce9-4bcf-bf7d-a8b097de35cc
2019-10-22 00:08:41,224 [pool-209-thread-1] INFO  server.RaftServerConfigKeys (ConfUtils.java:logGet(43)) - raft.server.log.queue.byte-limit = 2147483647 (custom)
2019-10-22 00:08:41,223 [pool-229-thread-1] INFO  server.RaftServerConfigKeys (ConfUtils.java:logGet(43)) - raft.server.log.write.buffer.size = 33554432 (custom)
2019-10-22 00:08:41,223 [pool-199-thread-1] INFO  segmented.SegmentedRaftLogWorker (SegmentedRaftLogWorker.java:<init>(173)) - new d9951c0b-6d6e-4464-b06b-4ef93c20892c@group-A8B097DE35CC-SegmentedRaftLogWorker for RaftStorage:Storage Directory /workdir/hadoop-ozone/integration-test/target/test-dir/MiniOzoneClusterImpl-7b60a606-535f-40c2-b446-60b0e48a57dd/datanode-5/data/ratis/6edde612-3ce9-4bcf-bf7d-a8b097de35cc
2019-10-22 00:08:41,224 [pool-199-thread-1] INFO  server.RaftServerConfigKeys (ConfUtils.java:logGet(43)) - raft.server.log.queue.byte-limit = 2147483647 (custom)
2019-10-22 00:08:41,224 [pool-229-thread-1] INFO  server.RaftServerConfigKeys (ConfUtils.java:logGet(43)) - raft.server.log.force.sync.num = 128 (default)
2019-10-22 00:08:41,224 [pool-209-thread-1] INFO  server.RaftServerConfigKeys (ConfUtils.java:logGet(43)) - raft.server.log.queue.element-limit = 1024 (custom)
2019-10-22 00:08:41,224 [pool-229-thread-1] INFO  server.RaftServerConfigKeys (ConfUtils.java:logGet(43)) - raft.server.log.statemachine.data.sync = true (default)
2019-10-22 00:08:41,224 [pool-199-thread-1] INFO  server.RaftServerConfigKeys (ConfUtils.java:logGet(43)) - raft.server.log.queue.element-limit = 1024 (custom)
2019-10-22 00:08:41,224 [pool-229-thread-1] INFO  server.RaftServerConfigKeys (ConfUtils.java:logGet(43)) - raft.server.log.statemachine.data.sync.timeout = 10s (default)
2019-10-22 00:08:41,224 [pool-209-thread-1] INFO  server.RaftServerConfigKeys (ConfUtils.java:logGet(43)) - raft.server.log.segment.size.max = 1048576 (custom)
2019-10-22 00:08:41,227 [pool-229-thread-1] INFO  server.RaftServerConfigKeys (ConfUtils.java:logGet(43)) - raft.server.log.statemachine.data.sync.timeout.retry = -1 (default)
2019-10-22 00:08:41,228 [pool-229-thread-1] INFO  server.RaftServerConfigKeys (ConfUtils.java:logGet(43)) - raft.server.log.statemachine.data.caching.enabled = true (custom)
2019-10-22 00:08:41,225 [pool-199-thread-1] INFO  server.RaftServerConfigKeys (ConfUtils.java:logGet(43)) - raft.server.log.segment.size.max = 1048576 (custom)
2019-10-22 00:08:41,228 [pool-199-thread-1] INFO  server.RaftServerConfigKeys (ConfUtils.java:logGet(43)) - raft.server.log.preallocated.size = 16384 (custom)
2019-10-22 00:08:41,228 [pool-209-thread-1] INFO  server.RaftServerConfigKeys (ConfUtils.java:logGet(43)) - raft.server.log.preallocated.size = 16384 (custom)
2019-10-22 00:08:41,228 [pool-199-thread-1] INFO  server.RaftServerConfigKeys (ConfUtils.java:logGet(43)) - raft.server.log.write.buffer.size = 33554432 (custom)
2019-10-22 00:08:41,228 [pool-229-thread-1] INFO  segmented.SegmentedRaftLogWorker (SegmentedRaftLogWorker.java:lambda$new$0(128)) - e64b81a2-7e97-4a9c-9a90-0d1e8edce3a8@group-A8B097DE35CC-SegmentedRaftLogWorker: flushIndex: setUnconditionally 0 -> -1
2019-10-22 00:08:41,228 [pool-199-thread-1] INFO  server.RaftServerConfigKeys (ConfUtils.java:logGet(43)) - raft.server.log.force.sync.num = 128 (default)
2019-10-22 00:08:41,228 [pool-209-thread-1] INFO  server.RaftServerConfigKeys (ConfUtils.java:logGet(43)) - raft.server.log.write.buffer.size = 33554432 (custom)
2019-10-22 00:08:41,229 [pool-229-thread-1] INFO  server.RaftServerConfigKeys (ConfUtils.java:logGet(43)) - raft.server.snapshot.auto.trigger.enabled = true (custom)
2019-10-22 00:08:41,229 [pool-199-thread-1] INFO  server.RaftServerConfigKeys (ConfUtils.java:logGet(43)) - raft.server.log.statemachine.data.sync = true (default)
2019-10-22 00:08:41,231 [grpc-default-executor-8] INFO  impl.RaftServerImpl (RaftServerImpl.java:setRole(184)) - ab370eba-e055-4cd2-9c3d-f3aaf7732468@group-32D95636BACC: changes role from  FOLLOWER to FOLLOWER at term 1 for recognizeCandidate:4677d932-8483-41dd-a758-9c3c53d9b9d5
2019-10-22 00:08:41,229 [pool-229-thread-1] INFO  server.RaftServerConfigKeys (ConfUtils.java:logGet(43)) - raft.server.snapshot.auto.trigger.threshold = 10000 (custom)
2019-10-22 00:08:41,229 [pool-209-thread-1] INFO  server.RaftServerConfigKeys (ConfUtils.java:logGet(43)) - raft.server.log.force.sync.num = 128 (default)
2019-10-22 00:08:41,240 [pool-229-thread-1] INFO  server.RaftServerConfigKeys (ConfUtils.java:logGet(43)) - raft.server.snapshot.retention.file.num = 5 (custom)
2019-10-22 00:08:41,239 [grpc-default-executor-8] INFO  impl.RoleInfo (RoleInfo.java:shutdownFollowerState(121)) - ab370eba-e055-4cd2-9c3d-f3aaf7732468: shutdown FollowerState
2019-10-22 00:08:41,239 [pool-199-thread-1] INFO  server.RaftServerConfigKeys (ConfUtils.java:logGet(43)) - raft.server.log.statemachine.data.sync.timeout = 10s (default)
2019-10-22 00:08:41,240 [Thread-4000] INFO  impl.FollowerState (FollowerState.java:run(117)) - ab370eba-e055-4cd2-9c3d-f3aaf7732468@group-32D95636BACC-FollowerState was interrupted: java.lang.InterruptedException: sleep interrupted
2019-10-22 00:08:41,240 [grpc-default-executor-8] INFO  impl.RoleInfo (RoleInfo.java:updateAndGet(143)) - ab370eba-e055-4cd2-9c3d-f3aaf7732468: start FollowerState
2019-10-22 00:08:41,240 [pool-229-thread-1] INFO  server.RaftServerConfigKeys (ConfUtils.java:logGet(43)) - raft.server.retrycache.expirytime = 600000ms (custom)
2019-10-22 00:08:41,240 [pool-209-thread-1] INFO  server.RaftServerConfigKeys (ConfUtils.java:logGet(43)) - raft.server.log.statemachine.data.sync = true (default)
2019-10-22 00:08:41,240 [pool-199-thread-1] INFO  server.RaftServerConfigKeys (ConfUtils.java:logGet(43)) - raft.server.log.statemachine.data.sync.timeout.retry = -1 (default)
2019-10-22 00:08:41,240 [pool-209-thread-1] INFO  server.RaftServerConfigKeys (ConfUtils.java:logGet(43)) - raft.server.log.statemachine.data.sync.timeout = 10s (default)
2019-10-22 00:08:41,241 [pool-199-thread-1] INFO  server.RaftServerConfigKeys (ConfUtils.java:logGet(43)) - raft.server.log.statemachine.data.caching.enabled = true (custom)
2019-10-22 00:08:41,241 [pool-209-thread-1] INFO  server.RaftServerConfigKeys (ConfUtils.java:logGet(43)) - raft.server.log.statemachine.data.sync.timeout.retry = -1 (default)
2019-10-22 00:08:41,243 [grpc-default-executor-4] INFO  impl.RaftServerImpl (RaftServerImpl.java:setRole(184)) - 8fd446cf-6878-4c52-9c53-15bd189bc282@group-32D95636BACC: changes role from  FOLLOWER to FOLLOWER at term 1 for recognizeCandidate:4677d932-8483-41dd-a758-9c3c53d9b9d5
2019-10-22 00:08:41,243 [pool-199-thread-1] INFO  segmented.SegmentedRaftLogWorker (SegmentedRaftLogWorker.java:lambda$new$0(128)) - d9951c0b-6d6e-4464-b06b-4ef93c20892c@group-A8B097DE35CC-SegmentedRaftLogWorker: flushIndex: setUnconditionally 0 -> -1
2019-10-22 00:08:41,243 [pool-209-thread-1] INFO  server.RaftServerConfigKeys (ConfUtils.java:logGet(43)) - raft.server.log.statemachine.data.caching.enabled = true (custom)
2019-10-22 00:08:41,243 [grpc-default-executor-4] INFO  impl.RoleInfo (RoleInfo.java:shutdownFollowerState(121)) - 8fd446cf-6878-4c52-9c53-15bd189bc282: shutdown FollowerState
2019-10-22 00:08:41,243 [pool-199-thread-1] INFO  server.RaftServerConfigKeys (ConfUtils.java:logGet(43)) - raft.server.snapshot.auto.trigger.enabled = true (custom)
2019-10-22 00:08:41,244 [grpc-default-executor-4] INFO  impl.RoleInfo (RoleInfo.java:updateAndGet(143)) - 8fd446cf-6878-4c52-9c53-15bd189bc282: start FollowerState
2019-10-22 00:08:41,244 [Thread-4001] INFO  impl.FollowerState (FollowerState.java:run(117)) - 8fd446cf-6878-4c52-9c53-15bd189bc282@group-32D95636BACC-FollowerState was interrupted: java.lang.InterruptedException: sleep interrupted
2019-10-22 00:08:41,244 [pool-199-thread-1] INFO  server.RaftServerConfigKeys (ConfUtils.java:logGet(43)) - raft.server.snapshot.auto.trigger.threshold = 10000 (custom)
2019-10-22 00:08:41,244 [pool-209-thread-1] INFO  segmented.SegmentedRaftLogWorker (SegmentedRaftLogWorker.java:lambda$new$0(128)) - 1be30185-a2c0-4461-afc0-2cb02fcff473@group-A8B097DE35CC-SegmentedRaftLogWorker: flushIndex: setUnconditionally 0 -> -1
2019-10-22 00:08:41,244 [pool-199-thread-1] INFO  server.RaftServerConfigKeys (ConfUtils.java:logGet(43)) - raft.server.snapshot.retention.file.num = 5 (custom)
2019-10-22 00:08:41,244 [pool-209-thread-1] INFO  server.RaftServerConfigKeys (ConfUtils.java:logGet(43)) - raft.server.snapshot.auto.trigger.enabled = true (custom)
2019-10-22 00:08:41,244 [pool-229-thread-1] INFO  impl.RaftServerImpl (RaftServerImpl.java:start(195)) - e64b81a2-7e97-4a9c-9a90-0d1e8edce3a8@group-A8B097DE35CC: start as a follower, conf=-1: [e64b81a2-7e97-4a9c-9a90-0d1e8edce3a8:192.168.157.254:40074, d9951c0b-6d6e-4464-b06b-4ef93c20892c:192.168.157.254:43622, 1be30185-a2c0-4461-afc0-2cb02fcff473:192.168.157.254:38008], old=null
2019-10-22 00:08:41,244 [pool-199-thread-1] INFO  server.RaftServerConfigKeys (ConfUtils.java:logGet(43)) - raft.server.retrycache.expirytime = 600000ms (custom)
2019-10-22 00:08:41,244 [pool-229-thread-1] INFO  impl.RaftServerImpl (RaftServerImpl.java:setRole(184)) - e64b81a2-7e97-4a9c-9a90-0d1e8edce3a8@group-A8B097DE35CC: changes role from      null to FOLLOWER at term 0 for startAsFollower
2019-10-22 00:08:41,244 [pool-209-thread-1] INFO  server.RaftServerConfigKeys (ConfUtils.java:logGet(43)) - raft.server.snapshot.auto.trigger.threshold = 10000 (custom)
2019-10-22 00:08:41,245 [pool-229-thread-1] INFO  impl.RoleInfo (RoleInfo.java:updateAndGet(143)) - e64b81a2-7e97-4a9c-9a90-0d1e8edce3a8: start FollowerState
2019-10-22 00:08:41,245 [pool-209-thread-1] INFO  server.RaftServerConfigKeys (ConfUtils.java:logGet(43)) - raft.server.snapshot.retention.file.num = 5 (custom)
2019-10-22 00:08:41,245 [pool-229-thread-1] INFO  util.JmxRegister (JmxRegister.java:tryRegister(44)) - Successfully registered JMX Bean with object name Ratis:service=RaftServer,group=group-A8B097DE35CC,id=e64b81a2-7e97-4a9c-9a90-0d1e8edce3a8
2019-10-22 00:08:41,245 [pool-209-thread-1] INFO  server.RaftServerConfigKeys (ConfUtils.java:logGet(43)) - raft.server.retrycache.expirytime = 600000ms (custom)
2019-10-22 00:08:41,246 [pool-199-thread-1] INFO  impl.RaftServerImpl (RaftServerImpl.java:start(195)) - d9951c0b-6d6e-4464-b06b-4ef93c20892c@group-A8B097DE35CC: start as a follower, conf=-1: [e64b81a2-7e97-4a9c-9a90-0d1e8edce3a8:192.168.157.254:40074, d9951c0b-6d6e-4464-b06b-4ef93c20892c:192.168.157.254:43622, 1be30185-a2c0-4461-afc0-2cb02fcff473:192.168.157.254:38008], old=null
2019-10-22 00:08:41,246 [pool-199-thread-1] INFO  impl.RaftServerImpl (RaftServerImpl.java:setRole(184)) - d9951c0b-6d6e-4464-b06b-4ef93c20892c@group-A8B097DE35CC: changes role from      null to FOLLOWER at term 0 for startAsFollower
2019-10-22 00:08:41,246 [pool-199-thread-1] INFO  impl.RoleInfo (RoleInfo.java:updateAndGet(143)) - d9951c0b-6d6e-4464-b06b-4ef93c20892c: start FollowerState
2019-10-22 00:08:41,246 [pool-199-thread-1] INFO  util.JmxRegister (JmxRegister.java:tryRegister(44)) - Successfully registered JMX Bean with object name Ratis:service=RaftServer,group=group-A8B097DE35CC,id=d9951c0b-6d6e-4464-b06b-4ef93c20892c
2019-10-22 00:08:41,247 [pool-209-thread-1] INFO  impl.RaftServerImpl (RaftServerImpl.java:start(195)) - 1be30185-a2c0-4461-afc0-2cb02fcff473@group-A8B097DE35CC: start as a follower, conf=-1: [e64b81a2-7e97-4a9c-9a90-0d1e8edce3a8:192.168.157.254:40074, d9951c0b-6d6e-4464-b06b-4ef93c20892c:192.168.157.254:43622, 1be30185-a2c0-4461-afc0-2cb02fcff473:192.168.157.254:38008], old=null
2019-10-22 00:08:41,247 [pool-209-thread-1] INFO  impl.RaftServerImpl (RaftServerImpl.java:setRole(184)) - 1be30185-a2c0-4461-afc0-2cb02fcff473@group-A8B097DE35CC: changes role from      null to FOLLOWER at term 0 for startAsFollower
2019-10-22 00:08:41,247 [pool-209-thread-1] INFO  impl.RoleInfo (RoleInfo.java:updateAndGet(143)) - 1be30185-a2c0-4461-afc0-2cb02fcff473: start FollowerState
2019-10-22 00:08:41,248 [pool-209-thread-1] INFO  util.JmxRegister (JmxRegister.java:tryRegister(44)) - Successfully registered JMX Bean with object name Ratis:service=RaftServer,group=group-A8B097DE35CC,id=1be30185-a2c0-4461-afc0-2cb02fcff473
2019-10-22 00:08:41,250 [Thread-4013] INFO  impl.FollowerState (FollowerState.java:run(108)) - e64b81a2-7e97-4a9c-9a90-0d1e8edce3a8@group-A8B097DE35CC-FollowerState: change to CANDIDATE, lastRpcTime:5ms, electionTimeout:4ms
2019-10-22 00:08:41,250 [Thread-3995] INFO  impl.FollowerState (FollowerState.java:run(108)) - 46e27ab3-6e20-4549-bfdf-4319f5fb1b0e@group-75731898C76A-FollowerState: change to CANDIDATE, lastRpcTime:151ms, electionTimeout:150ms
2019-10-22 00:08:41,250 [4677d932-8483-41dd-a758-9c3c53d9b9d5@group-32D95636BACC-LeaderElection469] INFO  impl.LeaderElection (LeaderElection.java:logAndReturn(56)) - 4677d932-8483-41dd-a758-9c3c53d9b9d5@group-32D95636BACC-LeaderElection469: Election TIMEOUT; received 0 response(s) [] and 0 exception(s); 4677d932-8483-41dd-a758-9c3c53d9b9d5@group-32D95636BACC:t1, leader=null, voted=4677d932-8483-41dd-a758-9c3c53d9b9d5, raftlog=4677d932-8483-41dd-a758-9c3c53d9b9d5@group-32D95636BACC-SegmentedRaftLog:OPENED:c-1,f-1,i0, conf=-1: [ab370eba-e055-4cd2-9c3d-f3aaf7732468:192.168.157.254:46527, 4677d932-8483-41dd-a758-9c3c53d9b9d5:192.168.157.254:35453, 8fd446cf-6878-4c52-9c53-15bd189bc282:192.168.157.254:37977], old=null
2019-10-22 00:08:41,250 [Thread-4013] INFO  impl.RoleInfo (RoleInfo.java:shutdownFollowerState(121)) - e64b81a2-7e97-4a9c-9a90-0d1e8edce3a8: shutdown FollowerState
2019-10-22 00:08:41,250 [Thread-3995] INFO  impl.RoleInfo (RoleInfo.java:shutdownFollowerState(121)) - 46e27ab3-6e20-4549-bfdf-4319f5fb1b0e: shutdown FollowerState
2019-10-22 00:08:41,250 [Thread-4013] INFO  impl.RaftServerImpl (RaftServerImpl.java:setRole(184)) - e64b81a2-7e97-4a9c-9a90-0d1e8edce3a8@group-A8B097DE35CC: changes role from  FOLLOWER to CANDIDATE at term 0 for changeToCandidate
2019-10-22 00:08:41,250 [Thread-3995] INFO  impl.RaftServerImpl (RaftServerImpl.java:setRole(184)) - 46e27ab3-6e20-4549-bfdf-4319f5fb1b0e@group-75731898C76A: changes role from  FOLLOWER to CANDIDATE at term 0 for changeToCandidate
2019-10-22 00:08:41,252 [Thread-4013] INFO  impl.RoleInfo (RoleInfo.java:updateAndGet(143)) - e64b81a2-7e97-4a9c-9a90-0d1e8edce3a8: start LeaderElection
2019-10-22 00:08:41,252 [Thread-3995] INFO  impl.RoleInfo (RoleInfo.java:updateAndGet(143)) - 46e27ab3-6e20-4549-bfdf-4319f5fb1b0e: start LeaderElection
2019-10-22 00:08:41,260 [4677d932-8483-41dd-a758-9c3c53d9b9d5@group-32D95636BACC-LeaderElection469] INFO  impl.LeaderElection (LeaderElection.java:askForVotes(178)) - 4677d932-8483-41dd-a758-9c3c53d9b9d5@group-32D95636BACC-LeaderElection469: begin an election at term 2 for -1: [ab370eba-e055-4cd2-9c3d-f3aaf7732468:192.168.157.254:46527, 4677d932-8483-41dd-a758-9c3c53d9b9d5:192.168.157.254:35453, 8fd446cf-6878-4c52-9c53-15bd189bc282:192.168.157.254:37977], old=null
2019-10-22 00:08:41,265 [grpc-default-executor-4] INFO  impl.RaftServerImpl (RaftServerImpl.java:setRole(184)) - 8fd446cf-6878-4c52-9c53-15bd189bc282@group-32D95636BACC: changes role from  FOLLOWER to FOLLOWER at term 2 for recognizeCandidate:4677d932-8483-41dd-a758-9c3c53d9b9d5
2019-10-22 00:08:41,265 [grpc-default-executor-4] INFO  impl.RoleInfo (RoleInfo.java:shutdownFollowerState(121)) - 8fd446cf-6878-4c52-9c53-15bd189bc282: shutdown FollowerState
2019-10-22 00:08:41,265 [grpc-default-executor-8] INFO  impl.RaftServerImpl (RaftServerImpl.java:setRole(184)) - ab370eba-e055-4cd2-9c3d-f3aaf7732468@group-32D95636BACC: changes role from  FOLLOWER to FOLLOWER at term 2 for recognizeCandidate:4677d932-8483-41dd-a758-9c3c53d9b9d5
2019-10-22 00:08:41,268 [Thread-4011] INFO  impl.FollowerState (FollowerState.java:run(117)) - 8fd446cf-6878-4c52-9c53-15bd189bc282@group-32D95636BACC-FollowerState was interrupted: java.lang.InterruptedException: sleep interrupted
2019-10-22 00:08:41,265 [grpc-default-executor-4] INFO  impl.RoleInfo (RoleInfo.java:updateAndGet(143)) - 8fd446cf-6878-4c52-9c53-15bd189bc282: start FollowerState
2019-10-22 00:08:41,268 [grpc-default-executor-8] INFO  impl.RoleInfo (RoleInfo.java:shutdownFollowerState(121)) - ab370eba-e055-4cd2-9c3d-f3aaf7732468: shutdown FollowerState
2019-10-22 00:08:41,268 [grpc-default-executor-8] INFO  impl.RoleInfo (RoleInfo.java:updateAndGet(143)) - ab370eba-e055-4cd2-9c3d-f3aaf7732468: start FollowerState
2019-10-22 00:08:41,268 [Thread-4010] INFO  impl.FollowerState (FollowerState.java:run(117)) - ab370eba-e055-4cd2-9c3d-f3aaf7732468@group-32D95636BACC-FollowerState was interrupted: java.lang.InterruptedException: sleep interrupted
2019-10-22 00:08:41,269 [RatisPipelineUtilsThread] INFO  pipeline.PipelineStateManager (PipelineStateManager.java:addPipeline(56)) - Created pipeline Pipeline[ Id: 6edde612-3ce9-4bcf-bf7d-a8b097de35cc, Nodes: e64b81a2-7e97-4a9c-9a90-0d1e8edce3a8{ip: 192.168.157.254, host: pr-hdds-2343-5q8j9-3338874002, networkLocation: /rack1, certSerialId: null}d9951c0b-6d6e-4464-b06b-4ef93c20892c{ip: 192.168.157.254, host: pr-hdds-2343-5q8j9-3338874002, networkLocation: /rack1, certSerialId: null}1be30185-a2c0-4461-afc0-2cb02fcff473{ip: 192.168.157.254, host: pr-hdds-2343-5q8j9-3338874002, networkLocation: /rack1, certSerialId: null}, Type:RATIS, Factor:THREE, State:OPEN]
2019-10-22 00:08:41,275 [46e27ab3-6e20-4549-bfdf-4319f5fb1b0e@group-75731898C76A-LeaderElection471] INFO  impl.LeaderElection (LeaderElection.java:askForVotes(178)) - 46e27ab3-6e20-4549-bfdf-4319f5fb1b0e@group-75731898C76A-LeaderElection471: begin an election at term 1 for -1: [46e27ab3-6e20-4549-bfdf-4319f5fb1b0e:192.168.157.254:37432], old=null
2019-10-22 00:08:41,275 [e64b81a2-7e97-4a9c-9a90-0d1e8edce3a8@group-A8B097DE35CC-LeaderElection470] INFO  impl.LeaderElection (LeaderElection.java:askForVotes(178)) - e64b81a2-7e97-4a9c-9a90-0d1e8edce3a8@group-A8B097DE35CC-LeaderElection470: begin an election at term 1 for -1: [e64b81a2-7e97-4a9c-9a90-0d1e8edce3a8:192.168.157.254:40074, d9951c0b-6d6e-4464-b06b-4ef93c20892c:192.168.157.254:43622, 1be30185-a2c0-4461-afc0-2cb02fcff473:192.168.157.254:38008], old=null
2019-10-22 00:08:41,275 [46e27ab3-6e20-4549-bfdf-4319f5fb1b0e@group-75731898C76A-LeaderElection471] INFO  impl.RoleInfo (RoleInfo.java:shutdownLeaderElection(134)) - 46e27ab3-6e20-4549-bfdf-4319f5fb1b0e: shutdown LeaderElection
2019-10-22 00:08:41,275 [46e27ab3-6e20-4549-bfdf-4319f5fb1b0e@group-75731898C76A-LeaderElection471] INFO  impl.RaftServerImpl (RaftServerImpl.java:setRole(184)) - 46e27ab3-6e20-4549-bfdf-4319f5fb1b0e@group-75731898C76A: changes role from CANDIDATE to LEADER at term 1 for changeToLeader
2019-10-22 00:08:41,275 [46e27ab3-6e20-4549-bfdf-4319f5fb1b0e@group-75731898C76A-LeaderElection471] INFO  impl.RaftServerImpl (ServerState.java:setLeader(256)) - 46e27ab3-6e20-4549-bfdf-4319f5fb1b0e@group-75731898C76A: change Leader from null to 46e27ab3-6e20-4549-bfdf-4319f5fb1b0e at term 1 for becomeLeader, leader elected after 182ms
2019-10-22 00:08:41,276 [46e27ab3-6e20-4549-bfdf-4319f5fb1b0e@group-75731898C76A-LeaderElection471] INFO  server.RaftServerConfigKeys (ConfUtils.java:logGet(43)) - raft.server.staging.catchup.gap = 1000 (default)
2019-10-22 00:08:41,276 [46e27ab3-6e20-4549-bfdf-4319f5fb1b0e@group-75731898C76A-LeaderElection471] INFO  server.RaftServerConfigKeys (ConfUtils.java:logGet(43)) - raft.server.rpc.sleep.time = 25ms (default)
2019-10-22 00:08:41,276 [46e27ab3-6e20-4549-bfdf-4319f5fb1b0e@group-75731898C76A-LeaderElection471] INFO  server.RaftServerConfigKeys (ConfUtils.java:logGet(43)) - raft.server.write.element-limit = 4096 (default)
2019-10-22 00:08:41,276 [4677d932-8483-41dd-a758-9c3c53d9b9d5@group-32D95636BACC-LeaderElection469] INFO  impl.LeaderElection (LeaderElection.java:logAndReturn(56)) - 4677d932-8483-41dd-a758-9c3c53d9b9d5@group-32D95636BACC-LeaderElection469: Election PASSED; received 1 response(s) [4677d932-8483-41dd-a758-9c3c53d9b9d5<-ab370eba-e055-4cd2-9c3d-f3aaf7732468#0:OK-t2] and 0 exception(s); 4677d932-8483-41dd-a758-9c3c53d9b9d5@group-32D95636BACC:t2, leader=null, voted=4677d932-8483-41dd-a758-9c3c53d9b9d5, raftlog=4677d932-8483-41dd-a758-9c3c53d9b9d5@group-32D95636BACC-SegmentedRaftLog:OPENED:c-1,f-1,i0, conf=-1: [ab370eba-e055-4cd2-9c3d-f3aaf7732468:192.168.157.254:46527, 4677d932-8483-41dd-a758-9c3c53d9b9d5:192.168.157.254:35453, 8fd446cf-6878-4c52-9c53-15bd189bc282:192.168.157.254:37977], old=null
2019-10-22 00:08:41,276 [46e27ab3-6e20-4549-bfdf-4319f5fb1b0e@group-75731898C76A-LeaderElection471] INFO  server.RaftServerConfigKeys (ConfUtils.java:logGet(43)) - raft.server.watch.timeout = 10s (default)
2019-10-22 00:08:41,276 [4677d932-8483-41dd-a758-9c3c53d9b9d5@group-32D95636BACC-LeaderElection469] INFO  impl.RoleInfo (RoleInfo.java:shutdownLeaderElection(134)) - 4677d932-8483-41dd-a758-9c3c53d9b9d5: shutdown LeaderElection
2019-10-22 00:08:41,276 [46e27ab3-6e20-4549-bfdf-4319f5fb1b0e@group-75731898C76A-LeaderElection471] INFO  server.RaftServerConfigKeys (ConfUtils.java:logGet(43)) - raft.server.watch.timeout.denomination = 1s (default)
2019-10-22 00:08:41,276 [4677d932-8483-41dd-a758-9c3c53d9b9d5@group-32D95636BACC-LeaderElection469] INFO  impl.RaftServerImpl (RaftServerImpl.java:setRole(184)) - 4677d932-8483-41dd-a758-9c3c53d9b9d5@group-32D95636BACC: changes role from CANDIDATE to LEADER at term 2 for changeToLeader
2019-10-22 00:08:41,276 [4677d932-8483-41dd-a758-9c3c53d9b9d5@group-32D95636BACC-LeaderElection469] INFO  impl.RaftServerImpl (ServerState.java:setLeader(256)) - 4677d932-8483-41dd-a758-9c3c53d9b9d5@group-32D95636BACC: change Leader from null to 4677d932-8483-41dd-a758-9c3c53d9b9d5 at term 2 for becomeLeader, leader elected after 123ms
2019-10-22 00:08:41,276 [46e27ab3-6e20-4549-bfdf-4319f5fb1b0e@group-75731898C76A-LeaderElection471] INFO  server.RaftServerConfigKeys (ConfUtils.java:logGet(43)) - raft.server.watch.element-limit = 65536 (default)
2019-10-22 00:08:41,277 [4677d932-8483-41dd-a758-9c3c53d9b9d5@group-32D95636BACC-LeaderElection469] INFO  server.RaftServerConfigKeys (ConfUtils.java:logGet(43)) - raft.server.staging.catchup.gap = 1000 (default)
2019-10-22 00:08:41,277 [4677d932-8483-41dd-a758-9c3c53d9b9d5@group-32D95636BACC-LeaderElection469] INFO  server.RaftServerConfigKeys (ConfUtils.java:logGet(43)) - raft.server.rpc.sleep.time = 25ms (default)
2019-10-22 00:08:41,277 [4677d932-8483-41dd-a758-9c3c53d9b9d5@group-32D95636BACC-LeaderElection469] INFO  server.RaftServerConfigKeys (ConfUtils.java:logGet(43)) - raft.server.write.element-limit = 4096 (default)
2019-10-22 00:08:41,277 [4677d932-8483-41dd-a758-9c3c53d9b9d5@group-32D95636BACC-LeaderElection469] INFO  server.RaftServerConfigKeys (ConfUtils.java:logGet(43)) - raft.server.watch.timeout = 10s (default)
2019-10-22 00:08:41,277 [4677d932-8483-41dd-a758-9c3c53d9b9d5@group-32D95636BACC-LeaderElection469] INFO  server.RaftServerConfigKeys (ConfUtils.java:logGet(43)) - raft.server.watch.timeout.denomination = 1s (default)
2019-10-22 00:08:41,277 [4677d932-8483-41dd-a758-9c3c53d9b9d5@group-32D95636BACC-LeaderElection469] INFO  server.RaftServerConfigKeys (ConfUtils.java:logGet(43)) - raft.server.watch.element-limit = 65536 (default)
2019-10-22 00:08:41,281 [grpc-default-executor-8] INFO  impl.RaftServerImpl (RaftServerImpl.java:setRole(184)) - 1be30185-a2c0-4461-afc0-2cb02fcff473@group-A8B097DE35CC: changes role from  FOLLOWER to FOLLOWER at term 1 for recognizeCandidate:e64b81a2-7e97-4a9c-9a90-0d1e8edce3a8
2019-10-22 00:08:41,281 [grpc-default-executor-8] INFO  impl.RoleInfo (RoleInfo.java:shutdownFollowerState(121)) - 1be30185-a2c0-4461-afc0-2cb02fcff473: shutdown FollowerState
2019-10-22 00:08:41,281 [grpc-default-executor-8] INFO  impl.RoleInfo (RoleInfo.java:updateAndGet(143)) - 1be30185-a2c0-4461-afc0-2cb02fcff473: start FollowerState
2019-10-22 00:08:41,282 [grpc-default-executor-4] INFO  impl.RaftServerImpl (RaftServerImpl.java:setRole(184)) - d9951c0b-6d6e-4464-b06b-4ef93c20892c@group-A8B097DE35CC: changes role from  FOLLOWER to FOLLOWER at term 1 for recognizeCandidate:e64b81a2-7e97-4a9c-9a90-0d1e8edce3a8
2019-10-22 00:08:41,282 [Thread-4017] INFO  impl.FollowerState (FollowerState.java:run(117)) - 1be30185-a2c0-4461-afc0-2cb02fcff473@group-A8B097DE35CC-FollowerState was interrupted: java.lang.InterruptedException: sleep interrupted
2019-10-22 00:08:41,283 [grpc-default-executor-4] INFO  impl.RoleInfo (RoleInfo.java:shutdownFollowerState(121)) - d9951c0b-6d6e-4464-b06b-4ef93c20892c: shutdown FollowerState
2019-10-22 00:08:41,283 [grpc-default-executor-4] INFO  impl.RoleInfo (RoleInfo.java:updateAndGet(143)) - d9951c0b-6d6e-4464-b06b-4ef93c20892c: start FollowerState
2019-10-22 00:08:41,283 [Thread-4015] INFO  impl.FollowerState (FollowerState.java:run(117)) - d9951c0b-6d6e-4464-b06b-4ef93c20892c@group-A8B097DE35CC-FollowerState was interrupted: java.lang.InterruptedException: sleep interrupted
2019-10-22 00:08:41,284 [46e27ab3-6e20-4549-bfdf-4319f5fb1b0e@group-75731898C76A-LeaderElection471] INFO  impl.RoleInfo (RoleInfo.java:updateAndGet(143)) - 46e27ab3-6e20-4549-bfdf-4319f5fb1b0e: start LeaderState
2019-10-22 00:08:41,284 [4677d932-8483-41dd-a758-9c3c53d9b9d5@group-32D95636BACC-LeaderElection469] INFO  server.RaftServerConfigKeys (ConfUtils.java:logGet(43)) - raft.server.log.appender.snapshot.chunk.size.max = 16MB (=16777216) (default)
2019-10-22 00:08:41,284 [4677d932-8483-41dd-a758-9c3c53d9b9d5@group-32D95636BACC-LeaderElection469] INFO  server.RaftServerConfigKeys (ConfUtils.java:logGet(43)) - raft.server.log.appender.buffer.byte-limit = 33554432 (custom)
2019-10-22 00:08:41,284 [46e27ab3-6e20-4549-bfdf-4319f5fb1b0e@group-75731898C76A-LeaderElection471] INFO  segmented.SegmentedRaftLogWorker (SegmentedRaftLogWorker.java:startLogSegment(385)) - 46e27ab3-6e20-4549-bfdf-4319f5fb1b0e@group-75731898C76A-SegmentedRaftLogWorker: Starting segment from index:0
2019-10-22 00:08:41,284 [4677d932-8483-41dd-a758-9c3c53d9b9d5@group-32D95636BACC-LeaderElection469] INFO  server.RaftServerConfigKeys (ConfUtils.java:logGet(43)) - raft.server.log.appender.buffer.element-limit = 1 (custom)
2019-10-22 00:08:41,284 [4677d932-8483-41dd-a758-9c3c53d9b9d5@group-32D95636BACC-LeaderElection469] INFO  grpc.GrpcConfigKeys$Server (ConfUtils.java:logGet(43)) - raft.grpc.server.leader.outstanding.appends.max = 128 (default)
2019-10-22 00:08:41,285 [46e27ab3-6e20-4549-bfdf-4319f5fb1b0e@group-75731898C76A-LeaderElection471] INFO  impl.RaftServerImpl (ServerState.java:setRaftConf(357)) - 46e27ab3-6e20-4549-bfdf-4319f5fb1b0e@group-75731898C76A: set configuration 0: [46e27ab3-6e20-4549-bfdf-4319f5fb1b0e:192.168.157.254:37432], old=null at 0
2019-10-22 00:08:41,285 [4677d932-8483-41dd-a758-9c3c53d9b9d5@group-32D95636BACC-LeaderElection469] INFO  server.RaftServerConfigKeys (ConfUtils.java:logGet(43)) - raft.server.rpc.request.timeout = 3000ms (default)
2019-10-22 00:08:41,285 [4677d932-8483-41dd-a758-9c3c53d9b9d5@group-32D95636BACC-LeaderElection469] INFO  server.RaftServerConfigKeys (ConfUtils.java:logGet(43)) - raft.server.log.appender.install.snapshot.enabled = false (custom)
2019-10-22 00:08:41,286 [4677d932-8483-41dd-a758-9c3c53d9b9d5@group-32D95636BACC-LeaderElection469] INFO  server.RaftServerConfigKeys (ConfUtils.java:logGet(43)) - raft.server.log.appender.snapshot.chunk.size.max = 16MB (=16777216) (default)
2019-10-22 00:08:41,286 [4677d932-8483-41dd-a758-9c3c53d9b9d5@group-32D95636BACC-LeaderElection469] INFO  server.RaftServerConfigKeys (ConfUtils.java:logGet(43)) - raft.server.log.appender.buffer.byte-limit = 33554432 (custom)
2019-10-22 00:08:41,286 [4677d932-8483-41dd-a758-9c3c53d9b9d5@group-32D95636BACC-LeaderElection469] INFO  server.RaftServerConfigKeys (ConfUtils.java:logGet(43)) - raft.server.log.appender.buffer.element-limit = 1 (custom)
2019-10-22 00:08:41,286 [4677d932-8483-41dd-a758-9c3c53d9b9d5@group-32D95636BACC-LeaderElection469] INFO  grpc.GrpcConfigKeys$Server (ConfUtils.java:logGet(43)) - raft.grpc.server.leader.outstanding.appends.max = 128 (default)
2019-10-22 00:08:41,286 [4677d932-8483-41dd-a758-9c3c53d9b9d5@group-32D95636BACC-LeaderElection469] INFO  server.RaftServerConfigKeys (ConfUtils.java:logGet(43)) - raft.server.rpc.request.timeout = 3000ms (default)
2019-10-22 00:08:41,287 [4677d932-8483-41dd-a758-9c3c53d9b9d5@group-32D95636BACC-LeaderElection469] INFO  server.RaftServerConfigKeys (ConfUtils.java:logGet(43)) - raft.server.log.appender.install.snapshot.enabled = false (custom)
2019-10-22 00:08:41,288 [4677d932-8483-41dd-a758-9c3c53d9b9d5@group-32D95636BACC-LeaderElection469] INFO  impl.RoleInfo (RoleInfo.java:updateAndGet(143)) - 4677d932-8483-41dd-a758-9c3c53d9b9d5: start LeaderState
2019-10-22 00:08:41,288 [4677d932-8483-41dd-a758-9c3c53d9b9d5@group-32D95636BACC-LeaderElection469] INFO  segmented.SegmentedRaftLogWorker (SegmentedRaftLogWorker.java:startLogSegment(385)) - 4677d932-8483-41dd-a758-9c3c53d9b9d5@group-32D95636BACC-SegmentedRaftLogWorker: Starting segment from index:0
2019-10-22 00:08:41,289 [4677d932-8483-41dd-a758-9c3c53d9b9d5@group-32D95636BACC-LeaderElection469] INFO  impl.RaftServerImpl (ServerState.java:setRaftConf(357)) - 4677d932-8483-41dd-a758-9c3c53d9b9d5@group-32D95636BACC: set configuration 0: [ab370eba-e055-4cd2-9c3d-f3aaf7732468:192.168.157.254:46527, 4677d932-8483-41dd-a758-9c3c53d9b9d5:192.168.157.254:35453, 8fd446cf-6878-4c52-9c53-15bd189bc282:192.168.157.254:37977], old=null at 0
2019-10-22 00:08:41,316 [grpc-default-executor-3] INFO  impl.RaftServerImpl (ServerState.java:setLeader(256)) - ab370eba-e055-4cd2-9c3d-f3aaf7732468@group-32D95636BACC: change Leader from null to 4677d932-8483-41dd-a758-9c3c53d9b9d5 at term 2 for appendEntries, leader elected after 163ms
2019-10-22 00:08:41,318 [grpc-default-executor-4] INFO  impl.RaftServerImpl (ServerState.java:setLeader(256)) - 8fd446cf-6878-4c52-9c53-15bd189bc282@group-32D95636BACC: change Leader from null to 4677d932-8483-41dd-a758-9c3c53d9b9d5 at term 2 for appendEntries, leader elected after 165ms
2019-10-22 00:08:41,318 [e64b81a2-7e97-4a9c-9a90-0d1e8edce3a8@group-A8B097DE35CC-LeaderElection470] INFO  impl.LeaderElection (LeaderElection.java:logAndReturn(56)) - e64b81a2-7e97-4a9c-9a90-0d1e8edce3a8@group-A8B097DE35CC-LeaderElection470: Election PASSED; received 1 response(s) [e64b81a2-7e97-4a9c-9a90-0d1e8edce3a8<-1be30185-a2c0-4461-afc0-2cb02fcff473#0:OK-t1] and 0 exception(s); e64b81a2-7e97-4a9c-9a90-0d1e8edce3a8@group-A8B097DE35CC:t1, leader=null, voted=e64b81a2-7e97-4a9c-9a90-0d1e8edce3a8, raftlog=e64b81a2-7e97-4a9c-9a90-0d1e8edce3a8@group-A8B097DE35CC-SegmentedRaftLog:OPENED:c-1,f-1,i0, conf=-1: [e64b81a2-7e97-4a9c-9a90-0d1e8edce3a8:192.168.157.254:40074, d9951c0b-6d6e-4464-b06b-4ef93c20892c:192.168.157.254:43622, 1be30185-a2c0-4461-afc0-2cb02fcff473:192.168.157.254:38008], old=null
2019-10-22 00:08:41,318 [4677d932-8483-41dd-a758-9c3c53d9b9d5@group-32D95636BACC-SegmentedRaftLogWorker] INFO  segmented.SegmentedRaftLogWorker (SegmentedRaftLogWorker.java:execute(576)) - 4677d932-8483-41dd-a758-9c3c53d9b9d5@group-32D95636BACC-SegmentedRaftLogWorker: created new log segment /workdir/hadoop-ozone/integration-test/target/test-dir/MiniOzoneClusterImpl-7b60a606-535f-40c2-b446-60b0e48a57dd/datanode-3/data/ratis/9165f23d-ccf6-41cb-a2ea-32d95636bacc/current/log_inprogress_0
2019-10-22 00:08:41,319 [e64b81a2-7e97-4a9c-9a90-0d1e8edce3a8@group-A8B097DE35CC-LeaderElection470] INFO  impl.RoleInfo (RoleInfo.java:shutdownLeaderElection(134)) - e64b81a2-7e97-4a9c-9a90-0d1e8edce3a8: shutdown LeaderElection
2019-10-22 00:08:41,318 [46e27ab3-6e20-4549-bfdf-4319f5fb1b0e@group-75731898C76A-SegmentedRaftLogWorker] INFO  segmented.SegmentedRaftLogWorker (SegmentedRaftLogWorker.java:execute(576)) - 46e27ab3-6e20-4549-bfdf-4319f5fb1b0e@group-75731898C76A-SegmentedRaftLogWorker: created new log segment /workdir/hadoop-ozone/integration-test/target/test-dir/MiniOzoneClusterImpl-7b60a606-535f-40c2-b446-60b0e48a57dd/datanode-7/data/ratis/e6938d77-6837-40df-a89a-75731898c76a/current/log_inprogress_0
2019-10-22 00:08:41,322 [e64b81a2-7e97-4a9c-9a90-0d1e8edce3a8@group-A8B097DE35CC-LeaderElection470] INFO  impl.RaftServerImpl (RaftServerImpl.java:setRole(184)) - e64b81a2-7e97-4a9c-9a90-0d1e8edce3a8@group-A8B097DE35CC: changes role from CANDIDATE to LEADER at term 1 for changeToLeader
2019-10-22 00:08:41,322 [e64b81a2-7e97-4a9c-9a90-0d1e8edce3a8@group-A8B097DE35CC-LeaderElection470] INFO  impl.RaftServerImpl (ServerState.java:setLeader(256)) - e64b81a2-7e97-4a9c-9a90-0d1e8edce3a8@group-A8B097DE35CC: change Leader from null to e64b81a2-7e97-4a9c-9a90-0d1e8edce3a8 at term 1 for becomeLeader, leader elected after 101ms
2019-10-22 00:08:41,322 [e64b81a2-7e97-4a9c-9a90-0d1e8edce3a8@group-A8B097DE35CC-LeaderElection470] INFO  server.RaftServerConfigKeys (ConfUtils.java:logGet(43)) - raft.server.staging.catchup.gap = 1000 (default)
2019-10-22 00:08:41,322 [e64b81a2-7e97-4a9c-9a90-0d1e8edce3a8@group-A8B097DE35CC-LeaderElection470] INFO  server.RaftServerConfigKeys (ConfUtils.java:logGet(43)) - raft.server.rpc.sleep.time = 25ms (default)
2019-10-22 00:08:41,322 [e64b81a2-7e97-4a9c-9a90-0d1e8edce3a8@group-A8B097DE35CC-LeaderElection470] INFO  server.RaftServerConfigKeys (ConfUtils.java:logGet(43)) - raft.server.write.element-limit = 4096 (default)
2019-10-22 00:08:41,322 [e64b81a2-7e97-4a9c-9a90-0d1e8edce3a8@group-A8B097DE35CC-LeaderElection470] INFO  server.RaftServerConfigKeys (ConfUtils.java:logGet(43)) - raft.server.watch.timeout = 10s (default)
2019-10-22 00:08:41,323 [e64b81a2-7e97-4a9c-9a90-0d1e8edce3a8@group-A8B097DE35CC-LeaderElection470] INFO  server.RaftServerConfigKeys (ConfUtils.java:logGet(43)) - raft.server.watch.timeout.denomination = 1s (default)
2019-10-22 00:08:41,323 [e64b81a2-7e97-4a9c-9a90-0d1e8edce3a8@group-A8B097DE35CC-LeaderElection470] INFO  server.RaftServerConfigKeys (ConfUtils.java:logGet(43)) - raft.server.watch.element-limit = 65536 (default)
2019-10-22 00:08:41,323 [grpc-default-executor-4] INFO  impl.RaftServerImpl (ServerState.java:setRaftConf(357)) - ab370eba-e055-4cd2-9c3d-f3aaf7732468@group-32D95636BACC: set configuration 0: [ab370eba-e055-4cd2-9c3d-f3aaf7732468:192.168.157.254:46527, 4677d932-8483-41dd-a758-9c3c53d9b9d5:192.168.157.254:35453, 8fd446cf-6878-4c52-9c53-15bd189bc282:192.168.157.254:37977], old=null at 0
2019-10-22 00:08:41,323 [grpc-default-executor-3] INFO  impl.RaftServerImpl (ServerState.java:setRaftConf(357)) - 8fd446cf-6878-4c52-9c53-15bd189bc282@group-32D95636BACC: set configuration 0: [ab370eba-e055-4cd2-9c3d-f3aaf7732468:192.168.157.254:46527, 4677d932-8483-41dd-a758-9c3c53d9b9d5:192.168.157.254:35453, 8fd446cf-6878-4c52-9c53-15bd189bc282:192.168.157.254:37977], old=null at 0
2019-10-22 00:08:41,323 [grpc-default-executor-4] INFO  segmented.SegmentedRaftLogWorker (SegmentedRaftLogWorker.java:startLogSegment(385)) - ab370eba-e055-4cd2-9c3d-f3aaf7732468@group-32D95636BACC-SegmentedRaftLogWorker: Starting segment from index:0
2019-10-22 00:08:41,324 [grpc-default-executor-3] INFO  segmented.SegmentedRaftLogWorker (SegmentedRaftLogWorker.java:startLogSegment(385)) - 8fd446cf-6878-4c52-9c53-15bd189bc282@group-32D95636BACC-SegmentedRaftLogWorker: Starting segment from index:0
2019-10-22 00:08:41,324 [e64b81a2-7e97-4a9c-9a90-0d1e8edce3a8@group-A8B097DE35CC-LeaderElection470] INFO  server.RaftServerConfigKeys (ConfUtils.java:logGet(43)) - raft.server.log.appender.snapshot.chunk.size.max = 16MB (=16777216) (default)
2019-10-22 00:08:41,324 [e64b81a2-7e97-4a9c-9a90-0d1e8edce3a8@group-A8B097DE35CC-LeaderElection470] INFO  server.RaftServerConfigKeys (ConfUtils.java:logGet(43)) - raft.server.log.appender.buffer.byte-limit = 33554432 (custom)
2019-10-22 00:08:41,324 [e64b81a2-7e97-4a9c-9a90-0d1e8edce3a8@group-A8B097DE35CC-LeaderElection470] INFO  server.RaftServerConfigKeys (ConfUtils.java:logGet(43)) - raft.server.log.appender.buffer.element-limit = 1 (custom)
2019-10-22 00:08:41,324 [e64b81a2-7e97-4a9c-9a90-0d1e8edce3a8@group-A8B097DE35CC-LeaderElection470] INFO  grpc.GrpcConfigKeys$Server (ConfUtils.java:logGet(43)) - raft.grpc.server.leader.outstanding.appends.max = 128 (default)
2019-10-22 00:08:41,324 [e64b81a2-7e97-4a9c-9a90-0d1e8edce3a8@group-A8B097DE35CC-LeaderElection470] INFO  server.RaftServerConfigKeys (ConfUtils.java:logGet(43)) - raft.server.rpc.request.timeout = 3000ms (default)
2019-10-22 00:08:41,324 [e64b81a2-7e97-4a9c-9a90-0d1e8edce3a8@group-A8B097DE35CC-LeaderElection470] INFO  server.RaftServerConfigKeys (ConfUtils.java:logGet(43)) - raft.server.log.appender.install.snapshot.enabled = false (custom)
2019-10-22 00:08:41,325 [e64b81a2-7e97-4a9c-9a90-0d1e8edce3a8@group-A8B097DE35CC-LeaderElection470] INFO  server.RaftServerConfigKeys (ConfUtils.java:logGet(43)) - raft.server.log.appender.snapshot.chunk.size.max = 16MB (=16777216) (default)
2019-10-22 00:08:41,325 [e64b81a2-7e97-4a9c-9a90-0d1e8edce3a8@group-A8B097DE35CC-LeaderElection470] INFO  server.RaftServerConfigKeys (ConfUtils.java:logGet(43)) - raft.server.log.appender.buffer.byte-limit = 33554432 (custom)
2019-10-22 00:08:41,326 [e64b81a2-7e97-4a9c-9a90-0d1e8edce3a8@group-A8B097DE35CC-LeaderElection470] INFO  server.RaftServerConfigKeys (ConfUtils.java:logGet(43)) - raft.server.log.appender.buffer.element-limit = 1 (custom)
2019-10-22 00:08:41,326 [e64b81a2-7e97-4a9c-9a90-0d1e8edce3a8@group-A8B097DE35CC-LeaderElection470] INFO  grpc.GrpcConfigKeys$Server (ConfUtils.java:logGet(43)) - raft.grpc.server.leader.outstanding.appends.max = 128 (default)
2019-10-22 00:08:41,326 [e64b81a2-7e97-4a9c-9a90-0d1e8edce3a8@group-A8B097DE35CC-LeaderElection470] INFO  server.RaftServerConfigKeys (ConfUtils.java:logGet(43)) - raft.server.rpc.request.timeout = 3000ms (default)
2019-10-22 00:08:41,326 [e64b81a2-7e97-4a9c-9a90-0d1e8edce3a8@group-A8B097DE35CC-LeaderElection470] INFO  server.RaftServerConfigKeys (ConfUtils.java:logGet(43)) - raft.server.log.appender.install.snapshot.enabled = false (custom)
2019-10-22 00:08:41,349 [Thread-4030] INFO  impl.FollowerState (FollowerState.java:run(108)) - 1be30185-a2c0-4461-afc0-2cb02fcff473@group-A8B097DE35CC-FollowerState: change to CANDIDATE, lastRpcTime:68ms, electionTimeout:43ms
2019-10-22 00:08:41,350 [Thread-4030] INFO  impl.RoleInfo (RoleInfo.java:shutdownFollowerState(121)) - 1be30185-a2c0-4461-afc0-2cb02fcff473: shutdown FollowerState
2019-10-22 00:08:41,350 [Thread-4030] INFO  impl.RaftServerImpl (RaftServerImpl.java:setRole(184)) - 1be30185-a2c0-4461-afc0-2cb02fcff473@group-A8B097DE35CC: changes role from  FOLLOWER to CANDIDATE at term 1 for changeToCandidate
2019-10-22 00:08:41,350 [Thread-4030] INFO  impl.RoleInfo (RoleInfo.java:updateAndGet(143)) - 1be30185-a2c0-4461-afc0-2cb02fcff473: start LeaderElection
2019-10-22 00:08:41,351 [e64b81a2-7e97-4a9c-9a90-0d1e8edce3a8@group-A8B097DE35CC-LeaderElection470] INFO  impl.RoleInfo (RoleInfo.java:updateAndGet(143)) - e64b81a2-7e97-4a9c-9a90-0d1e8edce3a8: start LeaderState
2019-10-22 00:08:41,352 [e64b81a2-7e97-4a9c-9a90-0d1e8edce3a8@group-A8B097DE35CC-LeaderElection470] INFO  segmented.SegmentedRaftLogWorker (SegmentedRaftLogWorker.java:startLogSegment(385)) - e64b81a2-7e97-4a9c-9a90-0d1e8edce3a8@group-A8B097DE35CC-SegmentedRaftLogWorker: Starting segment from index:0
2019-10-22 00:08:41,353 [e64b81a2-7e97-4a9c-9a90-0d1e8edce3a8@group-A8B097DE35CC-LeaderElection470] INFO  impl.RaftServerImpl (ServerState.java:setRaftConf(357)) - e64b81a2-7e97-4a9c-9a90-0d1e8edce3a8@group-A8B097DE35CC: set configuration 0: [e64b81a2-7e97-4a9c-9a90-0d1e8edce3a8:192.168.157.254:40074, d9951c0b-6d6e-4464-b06b-4ef93c20892c:192.168.157.254:43622, 1be30185-a2c0-4461-afc0-2cb02fcff473:192.168.157.254:38008], old=null at 0
2019-10-22 00:08:41,378 [grpc-default-executor-3] INFO  impl.RaftServerImpl (ServerState.java:setLeader(256)) - d9951c0b-6d6e-4464-b06b-4ef93c20892c@group-A8B097DE35CC: change Leader from null to e64b81a2-7e97-4a9c-9a90-0d1e8edce3a8 at term 1 for appendEntries, leader elected after 157ms
2019-10-22 00:08:41,378 [1be30185-a2c0-4461-afc0-2cb02fcff473@group-A8B097DE35CC-LeaderElection472] INFO  impl.LeaderElection (LeaderElection.java:askForVotes(178)) - 1be30185-a2c0-4461-afc0-2cb02fcff473@group-A8B097DE35CC-LeaderElection472: begin an election at term 2 for -1: [e64b81a2-7e97-4a9c-9a90-0d1e8edce3a8:192.168.157.254:40074, d9951c0b-6d6e-4464-b06b-4ef93c20892c:192.168.157.254:43622, 1be30185-a2c0-4461-afc0-2cb02fcff473:192.168.157.254:38008], old=null
2019-10-22 00:08:41,378 [8fd446cf-6878-4c52-9c53-15bd189bc282@group-32D95636BACC-SegmentedRaftLogWorker] INFO  segmented.SegmentedRaftLogWorker (SegmentedRaftLogWorker.java:execute(576)) - 8fd446cf-6878-4c52-9c53-15bd189bc282@group-32D95636BACC-SegmentedRaftLogWorker: created new log segment /workdir/hadoop-ozone/integration-test/target/test-dir/MiniOzoneClusterImpl-7b60a606-535f-40c2-b446-60b0e48a57dd/datanode-4/data/ratis/9165f23d-ccf6-41cb-a2ea-32d95636bacc/current/log_inprogress_0
2019-10-22 00:08:41,378 [ab370eba-e055-4cd2-9c3d-f3aaf7732468@group-32D95636BACC-SegmentedRaftLogWorker] INFO  segmented.SegmentedRaftLogWorker (SegmentedRaftLogWorker.java:execute(576)) - ab370eba-e055-4cd2-9c3d-f3aaf7732468@group-32D95636BACC-SegmentedRaftLogWorker: created new log segment /workdir/hadoop-ozone/integration-test/target/test-dir/MiniOzoneClusterImpl-7b60a606-535f-40c2-b446-60b0e48a57dd/datanode-9/data/ratis/9165f23d-ccf6-41cb-a2ea-32d95636bacc/current/log_inprogress_0
2019-10-22 00:08:41,381 [Thread-4038] INFO  impl.RaftServerImpl (ServerState.java:setLeader(256)) - e64b81a2-7e97-4a9c-9a90-0d1e8edce3a8@group-A8B097DE35CC: change Leader from e64b81a2-7e97-4a9c-9a90-0d1e8edce3a8 to null at term 2 for updateCurrentTerm
2019-10-22 00:08:41,381 [grpc-default-executor-5] INFO  impl.RaftServerImpl (ServerState.java:setRaftConf(357)) - d9951c0b-6d6e-4464-b06b-4ef93c20892c@group-A8B097DE35CC: set configuration 0: [e64b81a2-7e97-4a9c-9a90-0d1e8edce3a8:192.168.157.254:40074, d9951c0b-6d6e-4464-b06b-4ef93c20892c:192.168.157.254:43622, 1be30185-a2c0-4461-afc0-2cb02fcff473:192.168.157.254:38008], old=null at 0
2019-10-22 00:08:41,381 [Thread-4038] INFO  impl.RaftServerImpl (RaftServerImpl.java:setRole(184)) - e64b81a2-7e97-4a9c-9a90-0d1e8edce3a8@group-A8B097DE35CC: changes role from    LEADER to FOLLOWER at term 2 for stepDown
2019-10-22 00:08:41,381 [grpc-default-executor-5] INFO  segmented.SegmentedRaftLogWorker (SegmentedRaftLogWorker.java:startLogSegment(385)) - d9951c0b-6d6e-4464-b06b-4ef93c20892c@group-A8B097DE35CC-SegmentedRaftLogWorker: Starting segment from index:0
2019-10-22 00:08:41,381 [Thread-4038] INFO  impl.RoleInfo (RoleInfo.java:shutdownLeaderState(104)) - e64b81a2-7e97-4a9c-9a90-0d1e8edce3a8: shutdown LeaderState
2019-10-22 00:08:41,385 [org.apache.ratis.server.impl.LogAppender$AppenderDaemon$$Lambda$459/939830557@494b3e5] WARN  server.GrpcLogAppender (GrpcLogAppender.java:mayWait(149)) - e64b81a2-7e97-4a9c-9a90-0d1e8edce3a8@group-A8B097DE35CC->1be30185-a2c0-4461-afc0-2cb02fcff473-GrpcLogAppender: Wait interrupted by java.lang.InterruptedException
2019-10-22 00:08:41,385 [Thread-4038] INFO  impl.PendingRequests (PendingRequests.java:sendNotLeaderResponses(202)) - e64b81a2-7e97-4a9c-9a90-0d1e8edce3a8@group-A8B097DE35CC-PendingRequests: sendNotLeaderResponses
2019-10-22 00:08:41,385 [org.apache.ratis.server.impl.LogAppender$AppenderDaemon$$Lambda$459/939830557@356b0293] WARN  server.GrpcLogAppender (GrpcLogAppender.java:mayWait(149)) - e64b81a2-7e97-4a9c-9a90-0d1e8edce3a8@group-A8B097DE35CC->d9951c0b-6d6e-4464-b06b-4ef93c20892c-GrpcLogAppender: Wait interrupted by java.lang.InterruptedException
2019-10-22 00:08:41,386 [Thread-4038] INFO  impl.RoleInfo (RoleInfo.java:updateAndGet(143)) - e64b81a2-7e97-4a9c-9a90-0d1e8edce3a8: start FollowerState
2019-10-22 00:08:41,386 [grpc-default-executor-5] INFO  server.GrpcServerProtocolService (GrpcServerProtocolService.java:onCompleted(113)) - 1be30185-a2c0-4461-afc0-2cb02fcff473: Completed APPEND_ENTRIES, lastRequest: e64b81a2-7e97-4a9c-9a90-0d1e8edce3a8->1be30185-a2c0-4461-afc0-2cb02fcff473#0-t1, previous=(t:0, i:0), leaderCommit=-1, initializing? false, entries: <empty>
2019-10-22 00:08:41,386 [grpc-default-executor-8] INFO  server.GrpcServerProtocolService (GrpcServerProtocolService.java:onCompleted(113)) - d9951c0b-6d6e-4464-b06b-4ef93c20892c: Completed APPEND_ENTRIES, lastRequest: e64b81a2-7e97-4a9c-9a90-0d1e8edce3a8->d9951c0b-6d6e-4464-b06b-4ef93c20892c#1-t1, previous=(t:0, i:0), leaderCommit=-1, initializing? false, entries: size=1, first=(t:1, i:0), CONFIGURATIONENTRY
2019-10-22 00:08:41,386 [grpc-default-executor-5] INFO  server.GrpcLogAppender (GrpcLogAppender.java:onCompleted(308)) - e64b81a2-7e97-4a9c-9a90-0d1e8edce3a8@group-A8B097DE35CC->1be30185-a2c0-4461-afc0-2cb02fcff473-AppendLogResponseHandler: follower responses appendEntries COMPLETED
2019-10-22 00:08:41,387 [grpc-default-executor-8] INFO  server.GrpcLogAppender (GrpcLogAppender.java:onCompleted(308)) - e64b81a2-7e97-4a9c-9a90-0d1e8edce3a8@group-A8B097DE35CC->d9951c0b-6d6e-4464-b06b-4ef93c20892c-AppendLogResponseHandler: follower responses appendEntries COMPLETED
2019-10-22 00:08:41,417 [grpc-default-executor-4] INFO  impl.RaftServerImpl (ServerState.java:setLeader(256)) - d9951c0b-6d6e-4464-b06b-4ef93c20892c@group-A8B097DE35CC: change Leader from e64b81a2-7e97-4a9c-9a90-0d1e8edce3a8 to null at term 2 for updateCurrentTerm
2019-10-22 00:08:41,417 [grpc-default-executor-5] INFO  impl.FollowerInfo (FollowerInfo.java:lambda$new$0(51)) - e64b81a2-7e97-4a9c-9a90-0d1e8edce3a8@group-A8B097DE35CC->1be30185-a2c0-4461-afc0-2cb02fcff473: nextIndex: updateUnconditionally 0 -> 0
2019-10-22 00:08:41,414 [e64b81a2-7e97-4a9c-9a90-0d1e8edce3a8@group-A8B097DE35CC-SegmentedRaftLogWorker] INFO  segmented.SegmentedRaftLogWorker (SegmentedRaftLogWorker.java:execute(576)) - e64b81a2-7e97-4a9c-9a90-0d1e8edce3a8@group-A8B097DE35CC-SegmentedRaftLogWorker: created new log segment /workdir/hadoop-ozone/integration-test/target/test-dir/MiniOzoneClusterImpl-7b60a606-535f-40c2-b446-60b0e48a57dd/datanode-8/data/ratis/6edde612-3ce9-4bcf-bf7d-a8b097de35cc/current/log_inprogress_0
2019-10-22 00:08:41,419 [grpc-default-executor-8] INFO  impl.FollowerInfo (FollowerInfo.java:lambda$new$0(51)) - e64b81a2-7e97-4a9c-9a90-0d1e8edce3a8@group-A8B097DE35CC->d9951c0b-6d6e-4464-b06b-4ef93c20892c: nextIndex: updateUnconditionally 1 -> 0
2019-10-22 00:08:41,419 [grpc-default-executor-3] INFO  impl.RaftServerImpl (RaftServerImpl.java:setRole(184)) - e64b81a2-7e97-4a9c-9a90-0d1e8edce3a8@group-A8B097DE35CC: changes role from  FOLLOWER to FOLLOWER at term 2 for recognizeCandidate:1be30185-a2c0-4461-afc0-2cb02fcff473
2019-10-22 00:08:41,419 [grpc-default-executor-4] INFO  impl.RaftServerImpl (RaftServerImpl.java:setRole(184)) - d9951c0b-6d6e-4464-b06b-4ef93c20892c@group-A8B097DE35CC: changes role from  FOLLOWER to FOLLOWER at term 2 for recognizeCandidate:1be30185-a2c0-4461-afc0-2cb02fcff473
2019-10-22 00:08:41,420 [grpc-default-executor-3] INFO  impl.RoleInfo (RoleInfo.java:shutdownFollowerState(121)) - e64b81a2-7e97-4a9c-9a90-0d1e8edce3a8: shutdown FollowerState
2019-10-22 00:08:41,420 [grpc-default-executor-4] INFO  impl.RoleInfo (RoleInfo.java:shutdownFollowerState(121)) - d9951c0b-6d6e-4464-b06b-4ef93c20892c: shutdown FollowerState
2019-10-22 00:08:41,420 [Thread-4049] INFO  impl.FollowerState (FollowerState.java:run(117)) - e64b81a2-7e97-4a9c-9a90-0d1e8edce3a8@group-A8B097DE35CC-FollowerState was interrupted: java.lang.InterruptedException: sleep interrupted
2019-10-22 00:08:41,420 [grpc-default-executor-3] INFO  impl.RoleInfo (RoleInfo.java:updateAndGet(143)) - e64b81a2-7e97-4a9c-9a90-0d1e8edce3a8: start FollowerState
2019-10-22 00:08:41,420 [Thread-4031] INFO  impl.FollowerState (FollowerState.java:run(117)) - d9951c0b-6d6e-4464-b06b-4ef93c20892c@group-A8B097DE35CC-FollowerState was interrupted: java.lang.InterruptedException: sleep interrupted
2019-10-22 00:08:41,420 [grpc-default-executor-4] INFO  impl.RoleInfo (RoleInfo.java:updateAndGet(143)) - d9951c0b-6d6e-4464-b06b-4ef93c20892c: start FollowerState
2019-10-22 00:08:41,427 [d9951c0b-6d6e-4464-b06b-4ef93c20892c@group-A8B097DE35CC-SegmentedRaftLogWorker] INFO  segmented.SegmentedRaftLogWorker (SegmentedRaftLogWorker.java:execute(576)) - d9951c0b-6d6e-4464-b06b-4ef93c20892c@group-A8B097DE35CC-SegmentedRaftLogWorker: created new log segment /workdir/hadoop-ozone/integration-test/target/test-dir/MiniOzoneClusterImpl-7b60a606-535f-40c2-b446-60b0e48a57dd/datanode-5/data/ratis/6edde612-3ce9-4bcf-bf7d-a8b097de35cc/current/log_inprogress_0
2019-10-22 00:08:41,430 [1be30185-a2c0-4461-afc0-2cb02fcff473@group-A8B097DE35CC-LeaderElection472] INFO  impl.LeaderElection (LeaderElection.java:logAndReturn(56)) - 1be30185-a2c0-4461-afc0-2cb02fcff473@group-A8B097DE35CC-LeaderElection472: Election REJECTED; received 2 response(s) [1be30185-a2c0-4461-afc0-2cb02fcff473<-e64b81a2-7e97-4a9c-9a90-0d1e8edce3a8#0:FAIL-t2, 1be30185-a2c0-4461-afc0-2cb02fcff473<-d9951c0b-6d6e-4464-b06b-4ef93c20892c#0:FAIL-t2] and 0 exception(s); 1be30185-a2c0-4461-afc0-2cb02fcff473@group-A8B097DE35CC:t2, leader=null, voted=1be30185-a2c0-4461-afc0-2cb02fcff473, raftlog=1be30185-a2c0-4461-afc0-2cb02fcff473@group-A8B097DE35CC-SegmentedRaftLog:OPENED:c-1,f-1,i0, conf=-1: [e64b81a2-7e97-4a9c-9a90-0d1e8edce3a8:192.168.157.254:40074, d9951c0b-6d6e-4464-b06b-4ef93c20892c:192.168.157.254:43622, 1be30185-a2c0-4461-afc0-2cb02fcff473:192.168.157.254:38008], old=null
2019-10-22 00:08:41,430 [1be30185-a2c0-4461-afc0-2cb02fcff473@group-A8B097DE35CC-LeaderElection472] INFO  impl.RaftServerImpl (RaftServerImpl.java:setRole(184)) - 1be30185-a2c0-4461-afc0-2cb02fcff473@group-A8B097DE35CC: changes role from CANDIDATE to FOLLOWER at term 2 for DISCOVERED_A_NEW_TERM
2019-10-22 00:08:41,430 [1be30185-a2c0-4461-afc0-2cb02fcff473@group-A8B097DE35CC-LeaderElection472] INFO  impl.RoleInfo (RoleInfo.java:shutdownLeaderElection(134)) - 1be30185-a2c0-4461-afc0-2cb02fcff473: shutdown LeaderElection
2019-10-22 00:08:41,430 [1be30185-a2c0-4461-afc0-2cb02fcff473@group-A8B097DE35CC-LeaderElection472] INFO  impl.RoleInfo (RoleInfo.java:updateAndGet(143)) - 1be30185-a2c0-4461-afc0-2cb02fcff473: start FollowerState
2019-10-22 00:08:41,607 [Thread-4055] INFO  impl.FollowerState (FollowerState.java:run(108)) - 1be30185-a2c0-4461-afc0-2cb02fcff473@group-A8B097DE35CC-FollowerState: change to CANDIDATE, lastRpcTime:177ms, electionTimeout:177ms
2019-10-22 00:08:41,607 [Thread-4055] INFO  impl.RoleInfo (RoleInfo.java:shutdownFollowerState(121)) - 1be30185-a2c0-4461-afc0-2cb02fcff473: shutdown FollowerState
2019-10-22 00:08:41,608 [Thread-4055] INFO  impl.RaftServerImpl (RaftServerImpl.java:setRole(184)) - 1be30185-a2c0-4461-afc0-2cb02fcff473@group-A8B097DE35CC: changes role from  FOLLOWER to CANDIDATE at term 2 for changeToCandidate
2019-10-22 00:08:41,608 [Thread-4055] INFO  impl.RoleInfo (RoleInfo.java:updateAndGet(143)) - 1be30185-a2c0-4461-afc0-2cb02fcff473: start LeaderElection
2019-10-22 00:08:41,621 [1be30185-a2c0-4461-afc0-2cb02fcff473@group-A8B097DE35CC-LeaderElection473] INFO  impl.LeaderElection (LeaderElection.java:askForVotes(178)) - 1be30185-a2c0-4461-afc0-2cb02fcff473@group-A8B097DE35CC-LeaderElection473: begin an election at term 3 for -1: [e64b81a2-7e97-4a9c-9a90-0d1e8edce3a8:192.168.157.254:40074, d9951c0b-6d6e-4464-b06b-4ef93c20892c:192.168.157.254:43622, 1be30185-a2c0-4461-afc0-2cb02fcff473:192.168.157.254:38008], old=null
2019-10-22 00:08:41,623 [grpc-default-executor-4] INFO  impl.RaftServerImpl (RaftServerImpl.java:setRole(184)) - e64b81a2-7e97-4a9c-9a90-0d1e8edce3a8@group-A8B097DE35CC: changes role from  FOLLOWER to FOLLOWER at term 3 for recognizeCandidate:1be30185-a2c0-4461-afc0-2cb02fcff473
2019-10-22 00:08:41,623 [grpc-default-executor-4] INFO  impl.RoleInfo (RoleInfo.java:shutdownFollowerState(121)) - e64b81a2-7e97-4a9c-9a90-0d1e8edce3a8: shutdown FollowerState
2019-10-22 00:08:41,623 [grpc-default-executor-3] INFO  impl.RaftServerImpl (RaftServerImpl.java:setRole(184)) - d9951c0b-6d6e-4464-b06b-4ef93c20892c@group-A8B097DE35CC: changes role from  FOLLOWER to FOLLOWER at term 3 for recognizeCandidate:1be30185-a2c0-4461-afc0-2cb02fcff473
2019-10-22 00:08:41,624 [Thread-4052] INFO  impl.FollowerState (FollowerState.java:run(117)) - e64b81a2-7e97-4a9c-9a90-0d1e8edce3a8@group-A8B097DE35CC-FollowerState was interrupted: java.lang.InterruptedException: sleep interrupted
2019-10-22 00:08:41,624 [grpc-default-executor-4] INFO  impl.RoleInfo (RoleInfo.java:updateAndGet(143)) - e64b81a2-7e97-4a9c-9a90-0d1e8edce3a8: start FollowerState
2019-10-22 00:08:41,624 [grpc-default-executor-3] INFO  impl.RoleInfo (RoleInfo.java:shutdownFollowerState(121)) - d9951c0b-6d6e-4464-b06b-4ef93c20892c: shutdown FollowerState
2019-10-22 00:08:41,624 [Thread-4053] INFO  impl.FollowerState (FollowerState.java:run(117)) - d9951c0b-6d6e-4464-b06b-4ef93c20892c@group-A8B097DE35CC-FollowerState was interrupted: java.lang.InterruptedException: sleep interrupted
2019-10-22 00:08:41,624 [grpc-default-executor-3] INFO  impl.RoleInfo (RoleInfo.java:updateAndGet(143)) - d9951c0b-6d6e-4464-b06b-4ef93c20892c: start FollowerState
2019-10-22 00:08:41,638 [1be30185-a2c0-4461-afc0-2cb02fcff473@group-A8B097DE35CC-LeaderElection473] INFO  impl.LeaderElection (LeaderElection.java:logAndReturn(56)) - 1be30185-a2c0-4461-afc0-2cb02fcff473@group-A8B097DE35CC-LeaderElection473: Election REJECTED; received 2 response(s) [1be30185-a2c0-4461-afc0-2cb02fcff473<-e64b81a2-7e97-4a9c-9a90-0d1e8edce3a8#0:FAIL-t3, 1be30185-a2c0-4461-afc0-2cb02fcff473<-d9951c0b-6d6e-4464-b06b-4ef93c20892c#0:FAIL-t3] and 0 exception(s); 1be30185-a2c0-4461-afc0-2cb02fcff473@group-A8B097DE35CC:t3, leader=null, voted=1be30185-a2c0-4461-afc0-2cb02fcff473, raftlog=1be30185-a2c0-4461-afc0-2cb02fcff473@group-A8B097DE35CC-SegmentedRaftLog:OPENED:c-1,f-1,i0, conf=-1: [e64b81a2-7e97-4a9c-9a90-0d1e8edce3a8:192.168.157.254:40074, d9951c0b-6d6e-4464-b06b-4ef93c20892c:192.168.157.254:43622, 1be30185-a2c0-4461-afc0-2cb02fcff473:192.168.157.254:38008], old=null
2019-10-22 00:08:41,638 [1be30185-a2c0-4461-afc0-2cb02fcff473@group-A8B097DE35CC-LeaderElection473] INFO  impl.RaftServerImpl (RaftServerImpl.java:setRole(184)) - 1be30185-a2c0-4461-afc0-2cb02fcff473@group-A8B097DE35CC: changes role from CANDIDATE to FOLLOWER at term 3 for DISCOVERED_A_NEW_TERM
2019-10-22 00:08:41,638 [1be30185-a2c0-4461-afc0-2cb02fcff473@group-A8B097DE35CC-LeaderElection473] INFO  impl.RoleInfo (RoleInfo.java:shutdownLeaderElection(134)) - 1be30185-a2c0-4461-afc0-2cb02fcff473: shutdown LeaderElection
2019-10-22 00:08:41,638 [1be30185-a2c0-4461-afc0-2cb02fcff473@group-A8B097DE35CC-LeaderElection473] INFO  impl.RoleInfo (RoleInfo.java:updateAndGet(143)) - 1be30185-a2c0-4461-afc0-2cb02fcff473: start FollowerState
2019-10-22 00:08:41,762 [Thread-4061] INFO  impl.FollowerState (FollowerState.java:run(108)) - 1be30185-a2c0-4461-afc0-2cb02fcff473@group-A8B097DE35CC-FollowerState: change to CANDIDATE, lastRpcTime:124ms, electionTimeout:124ms
2019-10-22 00:08:41,762 [Thread-4061] INFO  impl.RoleInfo (RoleInfo.java:shutdownFollowerState(121)) - 1be30185-a2c0-4461-afc0-2cb02fcff473: shutdown FollowerState
2019-10-22 00:08:41,763 [Thread-4061] INFO  impl.RaftServerImpl (RaftServerImpl.java:setRole(184)) - 1be30185-a2c0-4461-afc0-2cb02fcff473@group-A8B097DE35CC: changes role from  FOLLOWER to CANDIDATE at term 3 for changeToCandidate
2019-10-22 00:08:41,763 [Thread-4061] INFO  impl.RoleInfo (RoleInfo.java:updateAndGet(143)) - 1be30185-a2c0-4461-afc0-2cb02fcff473: start LeaderElection
2019-10-22 00:08:41,778 [1be30185-a2c0-4461-afc0-2cb02fcff473@group-A8B097DE35CC-LeaderElection474] INFO  impl.LeaderElection (LeaderElection.java:askForVotes(178)) - 1be30185-a2c0-4461-afc0-2cb02fcff473@group-A8B097DE35CC-LeaderElection474: begin an election at term 4 for -1: [e64b81a2-7e97-4a9c-9a90-0d1e8edce3a8:192.168.157.254:40074, d9951c0b-6d6e-4464-b06b-4ef93c20892c:192.168.157.254:43622, 1be30185-a2c0-4461-afc0-2cb02fcff473:192.168.157.254:38008], old=null
2019-10-22 00:08:41,779 [grpc-default-executor-4] INFO  impl.RaftServerImpl (RaftServerImpl.java:setRole(184)) - e64b81a2-7e97-4a9c-9a90-0d1e8edce3a8@group-A8B097DE35CC: changes role from  FOLLOWER to FOLLOWER at term 4 for recognizeCandidate:1be30185-a2c0-4461-afc0-2cb02fcff473
2019-10-22 00:08:41,780 [grpc-default-executor-4] INFO  impl.RoleInfo (RoleInfo.java:shutdownFollowerState(121)) - e64b81a2-7e97-4a9c-9a90-0d1e8edce3a8: shutdown FollowerState
2019-10-22 00:08:41,780 [grpc-default-executor-3] INFO  impl.RaftServerImpl (RaftServerImpl.java:setRole(184)) - d9951c0b-6d6e-4464-b06b-4ef93c20892c@group-A8B097DE35CC: changes role from  FOLLOWER to FOLLOWER at term 4 for recognizeCandidate:1be30185-a2c0-4461-afc0-2cb02fcff473
2019-10-22 00:08:41,780 [Thread-4059] INFO  impl.FollowerState (FollowerState.java:run(117)) - e64b81a2-7e97-4a9c-9a90-0d1e8edce3a8@group-A8B097DE35CC-FollowerState was interrupted: java.lang.InterruptedException: sleep interrupted
2019-10-22 00:08:41,780 [grpc-default-executor-4] INFO  impl.RoleInfo (RoleInfo.java:updateAndGet(143)) - e64b81a2-7e97-4a9c-9a90-0d1e8edce3a8: start FollowerState
2019-10-22 00:08:41,780 [grpc-default-executor-3] INFO  impl.RoleInfo (RoleInfo.java:shutdownFollowerState(121)) - d9951c0b-6d6e-4464-b06b-4ef93c20892c: shutdown FollowerState
2019-10-22 00:08:41,780 [grpc-default-executor-3] INFO  impl.RoleInfo (RoleInfo.java:updateAndGet(143)) - d9951c0b-6d6e-4464-b06b-4ef93c20892c: start FollowerState
2019-10-22 00:08:41,780 [Thread-4060] INFO  impl.FollowerState (FollowerState.java:run(117)) - d9951c0b-6d6e-4464-b06b-4ef93c20892c@group-A8B097DE35CC-FollowerState was interrupted: java.lang.InterruptedException: sleep interrupted
2019-10-22 00:08:41,794 [1be30185-a2c0-4461-afc0-2cb02fcff473@group-A8B097DE35CC-LeaderElection474] INFO  impl.LeaderElection (LeaderElection.java:logAndReturn(56)) - 1be30185-a2c0-4461-afc0-2cb02fcff473@group-A8B097DE35CC-LeaderElection474: Election REJECTED; received 2 response(s) [1be30185-a2c0-4461-afc0-2cb02fcff473<-e64b81a2-7e97-4a9c-9a90-0d1e8edce3a8#0:FAIL-t4, 1be30185-a2c0-4461-afc0-2cb02fcff473<-d9951c0b-6d6e-4464-b06b-4ef93c20892c#0:FAIL-t4] and 0 exception(s); 1be30185-a2c0-4461-afc0-2cb02fcff473@group-A8B097DE35CC:t4, leader=null, voted=1be30185-a2c0-4461-afc0-2cb02fcff473, raftlog=1be30185-a2c0-4461-afc0-2cb02fcff473@group-A8B097DE35CC-SegmentedRaftLog:OPENED:c-1,f-1,i0, conf=-1: [e64b81a2-7e97-4a9c-9a90-0d1e8edce3a8:192.168.157.254:40074, d9951c0b-6d6e-4464-b06b-4ef93c20892c:192.168.157.254:43622, 1be30185-a2c0-4461-afc0-2cb02fcff473:192.168.157.254:38008], old=null
2019-10-22 00:08:41,794 [1be30185-a2c0-4461-afc0-2cb02fcff473@group-A8B097DE35CC-LeaderElection474] INFO  impl.RaftServerImpl (RaftServerImpl.java:setRole(184)) - 1be30185-a2c0-4461-afc0-2cb02fcff473@group-A8B097DE35CC: changes role from CANDIDATE to FOLLOWER at term 4 for DISCOVERED_A_NEW_TERM
2019-10-22 00:08:41,794 [1be30185-a2c0-4461-afc0-2cb02fcff473@group-A8B097DE35CC-LeaderElection474] INFO  impl.RoleInfo (RoleInfo.java:shutdownLeaderElection(134)) - 1be30185-a2c0-4461-afc0-2cb02fcff473: shutdown LeaderElection
2019-10-22 00:08:41,794 [1be30185-a2c0-4461-afc0-2cb02fcff473@group-A8B097DE35CC-LeaderElection474] INFO  impl.RoleInfo (RoleInfo.java:updateAndGet(143)) - 1be30185-a2c0-4461-afc0-2cb02fcff473: start FollowerState
2019-10-22 00:08:41,881 [main] INFO  ozone.MiniOzoneClusterImpl (MiniOzoneClusterImpl.java:lambda$waitForClusterToBeReady$0(147)) - Cluster is ready. Got 10 of 10 DN Heartbeats.
2019-10-22 00:08:41,923 [Thread-4067] INFO  impl.FollowerState (FollowerState.java:run(108)) - 1be30185-a2c0-4461-afc0-2cb02fcff473@group-A8B097DE35CC-FollowerState: change to CANDIDATE, lastRpcTime:128ms, electionTimeout:125ms
2019-10-22 00:08:41,923 [Thread-4067] INFO  impl.RoleInfo (RoleInfo.java:shutdownFollowerState(121)) - 1be30185-a2c0-4461-afc0-2cb02fcff473: shutdown FollowerState
2019-10-22 00:08:41,923 [Thread-4067] INFO  impl.RaftServerImpl (RaftServerImpl.java:setRole(184)) - 1be30185-a2c0-4461-afc0-2cb02fcff473@group-A8B097DE35CC: changes role from  FOLLOWER to CANDIDATE at term 4 for changeToCandidate
2019-10-22 00:08:41,923 [Thread-4067] INFO  impl.RoleInfo (RoleInfo.java:updateAndGet(143)) - 1be30185-a2c0-4461-afc0-2cb02fcff473: start LeaderElection
2019-10-22 00:08:41,942 [main] INFO  rpc.RpcClient (RpcClient.java:createVolume(272)) - Creating Volume: datanodefailurehandlingtest, with jenkins1000 as owner.
2019-10-22 00:08:41,943 [1be30185-a2c0-4461-afc0-2cb02fcff473@group-A8B097DE35CC-LeaderElection475] INFO  impl.LeaderElection (LeaderElection.java:askForVotes(178)) - 1be30185-a2c0-4461-afc0-2cb02fcff473@group-A8B097DE35CC-LeaderElection475: begin an election at term 5 for -1: [e64b81a2-7e97-4a9c-9a90-0d1e8edce3a8:192.168.157.254:40074, d9951c0b-6d6e-4464-b06b-4ef93c20892c:192.168.157.254:43622, 1be30185-a2c0-4461-afc0-2cb02fcff473:192.168.157.254:38008], old=null
2019-10-22 00:08:41,945 [grpc-default-executor-3] INFO  impl.RaftServerImpl (RaftServerImpl.java:setRole(184)) - e64b81a2-7e97-4a9c-9a90-0d1e8edce3a8@group-A8B097DE35CC: changes role from  FOLLOWER to FOLLOWER at term 5 for recognizeCandidate:1be30185-a2c0-4461-afc0-2cb02fcff473
2019-10-22 00:08:41,945 [grpc-default-executor-4] INFO  impl.RaftServerImpl (RaftServerImpl.java:setRole(184)) - d9951c0b-6d6e-4464-b06b-4ef93c20892c@group-A8B097DE35CC: changes role from  FOLLOWER to FOLLOWER at term 5 for recognizeCandidate:1be30185-a2c0-4461-afc0-2cb02fcff473
2019-10-22 00:08:41,945 [grpc-default-executor-4] INFO  impl.RoleInfo (RoleInfo.java:shutdownFollowerState(121)) - d9951c0b-6d6e-4464-b06b-4ef93c20892c: shutdown FollowerState
2019-10-22 00:08:41,945 [grpc-default-executor-3] INFO  impl.RoleInfo (RoleInfo.java:shutdownFollowerState(121)) - e64b81a2-7e97-4a9c-9a90-0d1e8edce3a8: shutdown FollowerState
2019-10-22 00:08:41,945 [Thread-4066] INFO  impl.FollowerState (FollowerState.java:run(117)) - d9951c0b-6d6e-4464-b06b-4ef93c20892c@group-A8B097DE35CC-FollowerState was interrupted: java.lang.InterruptedException: sleep interrupted
2019-10-22 00:08:41,945 [grpc-default-executor-4] INFO  impl.RoleInfo (RoleInfo.java:updateAndGet(143)) - d9951c0b-6d6e-4464-b06b-4ef93c20892c: start FollowerState
2019-10-22 00:08:41,948 [grpc-default-executor-3] INFO  impl.RoleInfo (RoleInfo.java:updateAndGet(143)) - e64b81a2-7e97-4a9c-9a90-0d1e8edce3a8: start FollowerState
2019-10-22 00:08:41,948 [Thread-4065] INFO  impl.FollowerState (FollowerState.java:run(117)) - e64b81a2-7e97-4a9c-9a90-0d1e8edce3a8@group-A8B097DE35CC-FollowerState was interrupted: java.lang.InterruptedException: sleep interrupted
2019-10-22 00:08:41,945 [IPC Server handler 2 on 33103] INFO  volume.OMVolumeCreateRequest (OMVolumeCreateRequest.java:validateAndUpdateCache(193)) - created volume:datanodefailurehandlingtest for user:jenkins1000
2019-10-22 00:08:41,961 [main] INFO  rpc.RpcClient (RpcClient.java:createBucket(411)) - Creating Bucket: datanodefailurehandlingtest/datanodefailurehandlingtest, with Versioning false and Storage Type set to DISK and Encryption set to false 
2019-10-22 00:08:41,962 [1be30185-a2c0-4461-afc0-2cb02fcff473@group-A8B097DE35CC-LeaderElection475] INFO  impl.LeaderElection (LeaderElection.java:logAndReturn(56)) - 1be30185-a2c0-4461-afc0-2cb02fcff473@group-A8B097DE35CC-LeaderElection475: Election REJECTED; received 2 response(s) [1be30185-a2c0-4461-afc0-2cb02fcff473<-e64b81a2-7e97-4a9c-9a90-0d1e8edce3a8#0:FAIL-t5, 1be30185-a2c0-4461-afc0-2cb02fcff473<-d9951c0b-6d6e-4464-b06b-4ef93c20892c#0:FAIL-t5] and 0 exception(s); 1be30185-a2c0-4461-afc0-2cb02fcff473@group-A8B097DE35CC:t5, leader=null, voted=1be30185-a2c0-4461-afc0-2cb02fcff473, raftlog=1be30185-a2c0-4461-afc0-2cb02fcff473@group-A8B097DE35CC-SegmentedRaftLog:OPENED:c-1,f-1,i0, conf=-1: [e64b81a2-7e97-4a9c-9a90-0d1e8edce3a8:192.168.157.254:40074, d9951c0b-6d6e-4464-b06b-4ef93c20892c:192.168.157.254:43622, 1be30185-a2c0-4461-afc0-2cb02fcff473:192.168.157.254:38008], old=null
2019-10-22 00:08:41,962 [1be30185-a2c0-4461-afc0-2cb02fcff473@group-A8B097DE35CC-LeaderElection475] INFO  impl.RaftServerImpl (RaftServerImpl.java:setRole(184)) - 1be30185-a2c0-4461-afc0-2cb02fcff473@group-A8B097DE35CC: changes role from CANDIDATE to FOLLOWER at term 5 for DISCOVERED_A_NEW_TERM
2019-10-22 00:08:41,962 [1be30185-a2c0-4461-afc0-2cb02fcff473@group-A8B097DE35CC-LeaderElection475] INFO  impl.RoleInfo (RoleInfo.java:shutdownLeaderElection(134)) - 1be30185-a2c0-4461-afc0-2cb02fcff473: shutdown LeaderElection
2019-10-22 00:08:41,963 [1be30185-a2c0-4461-afc0-2cb02fcff473@group-A8B097DE35CC-LeaderElection475] INFO  impl.RoleInfo (RoleInfo.java:updateAndGet(143)) - 1be30185-a2c0-4461-afc0-2cb02fcff473: start FollowerState
2019-10-22 00:08:41,971 [IPC Server handler 2 on 38419] INFO  server.SCMBlockProtocolServer (SCMBlockProtocolServer.java:allocateBlock(179)) - Allocating 1 blocks of size 4194304, with ExcludeList {datanodes = [], containerIds = [], pipelineIds = []}
2019-10-22 00:08:42,034 [Thread-4079] INFO  impl.FollowerState (FollowerState.java:run(108)) - 1be30185-a2c0-4461-afc0-2cb02fcff473@group-A8B097DE35CC-FollowerState: change to CANDIDATE, lastRpcTime:71ms, electionTimeout:71ms
2019-10-22 00:08:42,034 [Thread-4079] INFO  impl.RoleInfo (RoleInfo.java:shutdownFollowerState(121)) - 1be30185-a2c0-4461-afc0-2cb02fcff473: shutdown FollowerState
2019-10-22 00:08:42,034 [Thread-4079] INFO  impl.RaftServerImpl (RaftServerImpl.java:setRole(184)) - 1be30185-a2c0-4461-afc0-2cb02fcff473@group-A8B097DE35CC: changes role from  FOLLOWER to CANDIDATE at term 5 for changeToCandidate
2019-10-22 00:08:42,035 [Thread-4079] INFO  impl.RoleInfo (RoleInfo.java:updateAndGet(143)) - 1be30185-a2c0-4461-afc0-2cb02fcff473: start LeaderElection
2019-10-22 00:08:42,051 [1be30185-a2c0-4461-afc0-2cb02fcff473@group-A8B097DE35CC-LeaderElection476] INFO  impl.LeaderElection (LeaderElection.java:askForVotes(178)) - 1be30185-a2c0-4461-afc0-2cb02fcff473@group-A8B097DE35CC-LeaderElection476: begin an election at term 6 for -1: [e64b81a2-7e97-4a9c-9a90-0d1e8edce3a8:192.168.157.254:40074, d9951c0b-6d6e-4464-b06b-4ef93c20892c:192.168.157.254:43622, 1be30185-a2c0-4461-afc0-2cb02fcff473:192.168.157.254:38008], old=null
2019-10-22 00:08:42,052 [grpc-default-executor-4] INFO  impl.RaftServerImpl (RaftServerImpl.java:setRole(184)) - e64b81a2-7e97-4a9c-9a90-0d1e8edce3a8@group-A8B097DE35CC: changes role from  FOLLOWER to FOLLOWER at term 6 for recognizeCandidate:1be30185-a2c0-4461-afc0-2cb02fcff473
2019-10-22 00:08:42,053 [grpc-default-executor-3] INFO  impl.RaftServerImpl (RaftServerImpl.java:setRole(184)) - d9951c0b-6d6e-4464-b06b-4ef93c20892c@group-A8B097DE35CC: changes role from  FOLLOWER to FOLLOWER at term 6 for recognizeCandidate:1be30185-a2c0-4461-afc0-2cb02fcff473
2019-10-22 00:08:42,053 [grpc-default-executor-3] INFO  impl.RoleInfo (RoleInfo.java:shutdownFollowerState(121)) - d9951c0b-6d6e-4464-b06b-4ef93c20892c: shutdown FollowerState
2019-10-22 00:08:42,053 [grpc-default-executor-4] INFO  impl.RoleInfo (RoleInfo.java:shutdownFollowerState(121)) - e64b81a2-7e97-4a9c-9a90-0d1e8edce3a8: shutdown FollowerState
2019-10-22 00:08:42,053 [Thread-4077] INFO  impl.FollowerState (FollowerState.java:run(117)) - d9951c0b-6d6e-4464-b06b-4ef93c20892c@group-A8B097DE35CC-FollowerState was interrupted: java.lang.InterruptedException: sleep interrupted
2019-10-22 00:08:42,053 [grpc-default-executor-3] INFO  impl.RoleInfo (RoleInfo.java:updateAndGet(143)) - d9951c0b-6d6e-4464-b06b-4ef93c20892c: start FollowerState
2019-10-22 00:08:42,053 [grpc-default-executor-4] INFO  impl.RoleInfo (RoleInfo.java:updateAndGet(143)) - e64b81a2-7e97-4a9c-9a90-0d1e8edce3a8: start FollowerState
2019-10-22 00:08:42,053 [Thread-4078] INFO  impl.FollowerState (FollowerState.java:run(117)) - e64b81a2-7e97-4a9c-9a90-0d1e8edce3a8@group-A8B097DE35CC-FollowerState was interrupted: java.lang.InterruptedException: sleep interrupted
2019-10-22 00:08:42,061 [1be30185-a2c0-4461-afc0-2cb02fcff473@group-A8B097DE35CC-LeaderElection476] INFO  impl.LeaderElection (LeaderElection.java:logAndReturn(56)) - 1be30185-a2c0-4461-afc0-2cb02fcff473@group-A8B097DE35CC-LeaderElection476: Election TIMEOUT; received 0 response(s) [] and 0 exception(s); 1be30185-a2c0-4461-afc0-2cb02fcff473@group-A8B097DE35CC:t6, leader=null, voted=1be30185-a2c0-4461-afc0-2cb02fcff473, raftlog=1be30185-a2c0-4461-afc0-2cb02fcff473@group-A8B097DE35CC-SegmentedRaftLog:OPENED:c-1,f-1,i0, conf=-1: [e64b81a2-7e97-4a9c-9a90-0d1e8edce3a8:192.168.157.254:40074, d9951c0b-6d6e-4464-b06b-4ef93c20892c:192.168.157.254:43622, 1be30185-a2c0-4461-afc0-2cb02fcff473:192.168.157.254:38008], old=null
2019-10-22 00:08:42,067 [1be30185-a2c0-4461-afc0-2cb02fcff473@group-A8B097DE35CC-LeaderElection476] INFO  impl.LeaderElection (LeaderElection.java:askForVotes(178)) - 1be30185-a2c0-4461-afc0-2cb02fcff473@group-A8B097DE35CC-LeaderElection476: begin an election at term 7 for -1: [e64b81a2-7e97-4a9c-9a90-0d1e8edce3a8:192.168.157.254:40074, d9951c0b-6d6e-4464-b06b-4ef93c20892c:192.168.157.254:43622, 1be30185-a2c0-4461-afc0-2cb02fcff473:192.168.157.254:38008], old=null
2019-10-22 00:08:42,068 [grpc-default-executor-4] INFO  impl.RaftServerImpl (RaftServerImpl.java:setRole(184)) - d9951c0b-6d6e-4464-b06b-4ef93c20892c@group-A8B097DE35CC: changes role from  FOLLOWER to FOLLOWER at term 7 for recognizeCandidate:1be30185-a2c0-4461-afc0-2cb02fcff473
2019-10-22 00:08:42,068 [grpc-default-executor-4] INFO  impl.RoleInfo (RoleInfo.java:shutdownFollowerState(121)) - d9951c0b-6d6e-4464-b06b-4ef93c20892c: shutdown FollowerState
2019-10-22 00:08:42,068 [grpc-default-executor-3] INFO  impl.RaftServerImpl (RaftServerImpl.java:setRole(184)) - e64b81a2-7e97-4a9c-9a90-0d1e8edce3a8@group-A8B097DE35CC: changes role from  FOLLOWER to FOLLOWER at term 7 for recognizeCandidate:1be30185-a2c0-4461-afc0-2cb02fcff473
2019-10-22 00:08:42,068 [Thread-4087] INFO  impl.FollowerState (FollowerState.java:run(117)) - d9951c0b-6d6e-4464-b06b-4ef93c20892c@group-A8B097DE35CC-FollowerState was interrupted: java.lang.InterruptedException: sleep interrupted
2019-10-22 00:08:42,068 [grpc-default-executor-4] INFO  impl.RoleInfo (RoleInfo.java:updateAndGet(143)) - d9951c0b-6d6e-4464-b06b-4ef93c20892c: start FollowerState
2019-10-22 00:08:42,068 [grpc-default-executor-3] INFO  impl.RoleInfo (RoleInfo.java:shutdownFollowerState(121)) - e64b81a2-7e97-4a9c-9a90-0d1e8edce3a8: shutdown FollowerState
2019-10-22 00:08:42,069 [grpc-default-executor-3] INFO  impl.RoleInfo (RoleInfo.java:updateAndGet(143)) - e64b81a2-7e97-4a9c-9a90-0d1e8edce3a8: start FollowerState
2019-10-22 00:08:42,069 [Thread-4088] INFO  impl.FollowerState (FollowerState.java:run(117)) - e64b81a2-7e97-4a9c-9a90-0d1e8edce3a8@group-A8B097DE35CC-FollowerState was interrupted: java.lang.InterruptedException: sleep interrupted
2019-10-22 00:08:42,083 [1be30185-a2c0-4461-afc0-2cb02fcff473@group-A8B097DE35CC-LeaderElection476] INFO  impl.LeaderElection (LeaderElection.java:logAndReturn(56)) - 1be30185-a2c0-4461-afc0-2cb02fcff473@group-A8B097DE35CC-LeaderElection476: Election REJECTED; received 2 response(s) [1be30185-a2c0-4461-afc0-2cb02fcff473<-e64b81a2-7e97-4a9c-9a90-0d1e8edce3a8#0:FAIL-t7, 1be30185-a2c0-4461-afc0-2cb02fcff473<-d9951c0b-6d6e-4464-b06b-4ef93c20892c#0:FAIL-t7] and 0 exception(s); 1be30185-a2c0-4461-afc0-2cb02fcff473@group-A8B097DE35CC:t7, leader=null, voted=1be30185-a2c0-4461-afc0-2cb02fcff473, raftlog=1be30185-a2c0-4461-afc0-2cb02fcff473@group-A8B097DE35CC-SegmentedRaftLog:OPENED:c-1,f-1,i0, conf=-1: [e64b81a2-7e97-4a9c-9a90-0d1e8edce3a8:192.168.157.254:40074, d9951c0b-6d6e-4464-b06b-4ef93c20892c:192.168.157.254:43622, 1be30185-a2c0-4461-afc0-2cb02fcff473:192.168.157.254:38008], old=null
2019-10-22 00:08:42,083 [1be30185-a2c0-4461-afc0-2cb02fcff473@group-A8B097DE35CC-LeaderElection476] INFO  impl.RaftServerImpl (RaftServerImpl.java:setRole(184)) - 1be30185-a2c0-4461-afc0-2cb02fcff473@group-A8B097DE35CC: changes role from CANDIDATE to FOLLOWER at term 7 for DISCOVERED_A_NEW_TERM
2019-10-22 00:08:42,083 [1be30185-a2c0-4461-afc0-2cb02fcff473@group-A8B097DE35CC-LeaderElection476] INFO  impl.RoleInfo (RoleInfo.java:shutdownLeaderElection(134)) - 1be30185-a2c0-4461-afc0-2cb02fcff473: shutdown LeaderElection
2019-10-22 00:08:42,083 [1be30185-a2c0-4461-afc0-2cb02fcff473@group-A8B097DE35CC-LeaderElection476] INFO  impl.RoleInfo (RoleInfo.java:updateAndGet(143)) - 1be30185-a2c0-4461-afc0-2cb02fcff473: start FollowerState
2019-10-22 00:08:42,266 [EventQueue-CloseContainerForCloseContainerEventHandler] INFO  container.CloseContainerEventHandler (CloseContainerEventHandler.java:onMessage(61)) - Close container Event triggered for container : #1
2019-10-22 00:08:42,270 [EventQueue-CloseContainerForCloseContainerEventHandler] INFO  container.CloseContainerEventHandler (CloseContainerEventHandler.java:onMessage(61)) - Close container Event triggered for container : #1
2019-10-22 00:08:42,270 [EventQueue-CloseContainerForCloseContainerEventHandler] INFO  container.CloseContainerEventHandler (CloseContainerEventHandler.java:onMessage(61)) - Close container Event triggered for container : #1
2019-10-22 00:08:42,273 [Thread-4093] INFO  impl.FollowerState (FollowerState.java:run(108)) - 1be30185-a2c0-4461-afc0-2cb02fcff473@group-A8B097DE35CC-FollowerState: change to CANDIDATE, lastRpcTime:190ms, electionTimeout:190ms
2019-10-22 00:08:42,273 [Thread-4093] INFO  impl.RoleInfo (RoleInfo.java:shutdownFollowerState(121)) - 1be30185-a2c0-4461-afc0-2cb02fcff473: shutdown FollowerState
2019-10-22 00:08:42,273 [Thread-4093] INFO  impl.RaftServerImpl (RaftServerImpl.java:setRole(184)) - 1be30185-a2c0-4461-afc0-2cb02fcff473@group-A8B097DE35CC: changes role from  FOLLOWER to CANDIDATE at term 7 for changeToCandidate
2019-10-22 00:08:42,273 [Thread-4093] INFO  impl.RoleInfo (RoleInfo.java:updateAndGet(143)) - 1be30185-a2c0-4461-afc0-2cb02fcff473: start LeaderElection
2019-10-22 00:08:42,281 [1be30185-a2c0-4461-afc0-2cb02fcff473@group-A8B097DE35CC-LeaderElection477] INFO  impl.LeaderElection (LeaderElection.java:askForVotes(178)) - 1be30185-a2c0-4461-afc0-2cb02fcff473@group-A8B097DE35CC-LeaderElection477: begin an election at term 8 for -1: [e64b81a2-7e97-4a9c-9a90-0d1e8edce3a8:192.168.157.254:40074, d9951c0b-6d6e-4464-b06b-4ef93c20892c:192.168.157.254:43622, 1be30185-a2c0-4461-afc0-2cb02fcff473:192.168.157.254:38008], old=null
2019-10-22 00:08:42,282 [grpc-default-executor-4] INFO  impl.RaftServerImpl (RaftServerImpl.java:setRole(184)) - e64b81a2-7e97-4a9c-9a90-0d1e8edce3a8@group-A8B097DE35CC: changes role from  FOLLOWER to FOLLOWER at term 8 for recognizeCandidate:1be30185-a2c0-4461-afc0-2cb02fcff473
2019-10-22 00:08:42,282 [grpc-default-executor-4] INFO  impl.RoleInfo (RoleInfo.java:shutdownFollowerState(121)) - e64b81a2-7e97-4a9c-9a90-0d1e8edce3a8: shutdown FollowerState
2019-10-22 00:08:42,282 [grpc-default-executor-3] INFO  impl.RaftServerImpl (RaftServerImpl.java:setRole(184)) - d9951c0b-6d6e-4464-b06b-4ef93c20892c@group-A8B097DE35CC: changes role from  FOLLOWER to FOLLOWER at term 8 for recognizeCandidate:1be30185-a2c0-4461-afc0-2cb02fcff473
2019-10-22 00:08:42,282 [Thread-4092] INFO  impl.FollowerState (FollowerState.java:run(117)) - e64b81a2-7e97-4a9c-9a90-0d1e8edce3a8@group-A8B097DE35CC-FollowerState was interrupted: java.lang.InterruptedException: sleep interrupted
2019-10-22 00:08:42,282 [grpc-default-executor-4] INFO  impl.RoleInfo (RoleInfo.java:updateAndGet(143)) - e64b81a2-7e97-4a9c-9a90-0d1e8edce3a8: start FollowerState
2019-10-22 00:08:42,282 [grpc-default-executor-3] INFO  impl.RoleInfo (RoleInfo.java:shutdownFollowerState(121)) - d9951c0b-6d6e-4464-b06b-4ef93c20892c: shutdown FollowerState
2019-10-22 00:08:42,283 [grpc-default-executor-3] INFO  impl.RoleInfo (RoleInfo.java:updateAndGet(143)) - d9951c0b-6d6e-4464-b06b-4ef93c20892c: start FollowerState
2019-10-22 00:08:42,283 [Thread-4091] INFO  impl.FollowerState (FollowerState.java:run(117)) - d9951c0b-6d6e-4464-b06b-4ef93c20892c@group-A8B097DE35CC-FollowerState was interrupted: java.lang.InterruptedException: sleep interrupted
2019-10-22 00:08:42,308 [1be30185-a2c0-4461-afc0-2cb02fcff473@group-A8B097DE35CC-LeaderElection477] INFO  impl.LeaderElection (LeaderElection.java:logAndReturn(56)) - 1be30185-a2c0-4461-afc0-2cb02fcff473@group-A8B097DE35CC-LeaderElection477: Election REJECTED; received 2 response(s) [1be30185-a2c0-4461-afc0-2cb02fcff473<-e64b81a2-7e97-4a9c-9a90-0d1e8edce3a8#0:FAIL-t8, 1be30185-a2c0-4461-afc0-2cb02fcff473<-d9951c0b-6d6e-4464-b06b-4ef93c20892c#0:FAIL-t8] and 0 exception(s); 1be30185-a2c0-4461-afc0-2cb02fcff473@group-A8B097DE35CC:t8, leader=null, voted=1be30185-a2c0-4461-afc0-2cb02fcff473, raftlog=1be30185-a2c0-4461-afc0-2cb02fcff473@group-A8B097DE35CC-SegmentedRaftLog:OPENED:c-1,f-1,i0, conf=-1: [e64b81a2-7e97-4a9c-9a90-0d1e8edce3a8:192.168.157.254:40074, d9951c0b-6d6e-4464-b06b-4ef93c20892c:192.168.157.254:43622, 1be30185-a2c0-4461-afc0-2cb02fcff473:192.168.157.254:38008], old=null
2019-10-22 00:08:42,308 [1be30185-a2c0-4461-afc0-2cb02fcff473@group-A8B097DE35CC-LeaderElection477] INFO  impl.RaftServerImpl (RaftServerImpl.java:setRole(184)) - 1be30185-a2c0-4461-afc0-2cb02fcff473@group-A8B097DE35CC: changes role from CANDIDATE to FOLLOWER at term 8 for DISCOVERED_A_NEW_TERM
2019-10-22 00:08:42,308 [1be30185-a2c0-4461-afc0-2cb02fcff473@group-A8B097DE35CC-LeaderElection477] INFO  impl.RoleInfo (RoleInfo.java:shutdownLeaderElection(134)) - 1be30185-a2c0-4461-afc0-2cb02fcff473: shutdown LeaderElection
2019-10-22 00:08:42,308 [1be30185-a2c0-4461-afc0-2cb02fcff473@group-A8B097DE35CC-LeaderElection477] INFO  impl.RoleInfo (RoleInfo.java:updateAndGet(143)) - 1be30185-a2c0-4461-afc0-2cb02fcff473: start FollowerState
2019-10-22 00:08:42,381 [Thread-4115] INFO  impl.FollowerState (FollowerState.java:run(108)) - 1be30185-a2c0-4461-afc0-2cb02fcff473@group-A8B097DE35CC-FollowerState: change to CANDIDATE, lastRpcTime:72ms, electionTimeout:72ms
2019-10-22 00:08:42,381 [Thread-4115] INFO  impl.RoleInfo (RoleInfo.java:shutdownFollowerState(121)) - 1be30185-a2c0-4461-afc0-2cb02fcff473: shutdown FollowerState
2019-10-22 00:08:42,381 [Thread-4115] INFO  impl.RaftServerImpl (RaftServerImpl.java:setRole(184)) - 1be30185-a2c0-4461-afc0-2cb02fcff473@group-A8B097DE35CC: changes role from  FOLLOWER to CANDIDATE at term 8 for changeToCandidate
2019-10-22 00:08:42,381 [Thread-4115] INFO  impl.RoleInfo (RoleInfo.java:updateAndGet(143)) - 1be30185-a2c0-4461-afc0-2cb02fcff473: start LeaderElection
2019-10-22 00:08:42,390 [1be30185-a2c0-4461-afc0-2cb02fcff473@group-A8B097DE35CC-LeaderElection478] INFO  impl.LeaderElection (LeaderElection.java:askForVotes(178)) - 1be30185-a2c0-4461-afc0-2cb02fcff473@group-A8B097DE35CC-LeaderElection478: begin an election at term 9 for -1: [e64b81a2-7e97-4a9c-9a90-0d1e8edce3a8:192.168.157.254:40074, d9951c0b-6d6e-4464-b06b-4ef93c20892c:192.168.157.254:43622, 1be30185-a2c0-4461-afc0-2cb02fcff473:192.168.157.254:38008], old=null
2019-10-22 00:08:42,392 [grpc-default-executor-3] INFO  impl.RaftServerImpl (RaftServerImpl.java:setRole(184)) - e64b81a2-7e97-4a9c-9a90-0d1e8edce3a8@group-A8B097DE35CC: changes role from  FOLLOWER to FOLLOWER at term 9 for recognizeCandidate:1be30185-a2c0-4461-afc0-2cb02fcff473
2019-10-22 00:08:42,392 [grpc-default-executor-3] INFO  impl.RoleInfo (RoleInfo.java:shutdownFollowerState(121)) - e64b81a2-7e97-4a9c-9a90-0d1e8edce3a8: shutdown FollowerState
2019-10-22 00:08:42,392 [grpc-default-executor-8] INFO  impl.RaftServerImpl (RaftServerImpl.java:setRole(184)) - d9951c0b-6d6e-4464-b06b-4ef93c20892c@group-A8B097DE35CC: changes role from  FOLLOWER to FOLLOWER at term 9 for recognizeCandidate:1be30185-a2c0-4461-afc0-2cb02fcff473
2019-10-22 00:08:42,392 [Thread-4113] INFO  impl.FollowerState (FollowerState.java:run(117)) - e64b81a2-7e97-4a9c-9a90-0d1e8edce3a8@group-A8B097DE35CC-FollowerState was interrupted: java.lang.InterruptedException: sleep interrupted
2019-10-22 00:08:42,392 [grpc-default-executor-3] INFO  impl.RoleInfo (RoleInfo.java:updateAndGet(143)) - e64b81a2-7e97-4a9c-9a90-0d1e8edce3a8: start FollowerState
2019-10-22 00:08:42,392 [grpc-default-executor-8] INFO  impl.RoleInfo (RoleInfo.java:shutdownFollowerState(121)) - d9951c0b-6d6e-4464-b06b-4ef93c20892c: shutdown FollowerState
2019-10-22 00:08:42,393 [grpc-default-executor-8] INFO  impl.RoleInfo (RoleInfo.java:updateAndGet(143)) - d9951c0b-6d6e-4464-b06b-4ef93c20892c: start FollowerState
2019-10-22 00:08:42,393 [Thread-4114] INFO  impl.FollowerState (FollowerState.java:run(117)) - d9951c0b-6d6e-4464-b06b-4ef93c20892c@group-A8B097DE35CC-FollowerState was interrupted: java.lang.InterruptedException: sleep interrupted
2019-10-22 00:08:42,412 [1be30185-a2c0-4461-afc0-2cb02fcff473@group-A8B097DE35CC-LeaderElection478] INFO  impl.LeaderElection (LeaderElection.java:logAndReturn(56)) - 1be30185-a2c0-4461-afc0-2cb02fcff473@group-A8B097DE35CC-LeaderElection478: Election REJECTED; received 2 response(s) [1be30185-a2c0-4461-afc0-2cb02fcff473<-e64b81a2-7e97-4a9c-9a90-0d1e8edce3a8#0:FAIL-t9, 1be30185-a2c0-4461-afc0-2cb02fcff473<-d9951c0b-6d6e-4464-b06b-4ef93c20892c#0:FAIL-t9] and 0 exception(s); 1be30185-a2c0-4461-afc0-2cb02fcff473@group-A8B097DE35CC:t9, leader=null, voted=1be30185-a2c0-4461-afc0-2cb02fcff473, raftlog=1be30185-a2c0-4461-afc0-2cb02fcff473@group-A8B097DE35CC-SegmentedRaftLog:OPENED:c-1,f-1,i0, conf=-1: [e64b81a2-7e97-4a9c-9a90-0d1e8edce3a8:192.168.157.254:40074, d9951c0b-6d6e-4464-b06b-4ef93c20892c:192.168.157.254:43622, 1be30185-a2c0-4461-afc0-2cb02fcff473:192.168.157.254:38008], old=null
2019-10-22 00:08:42,412 [1be30185-a2c0-4461-afc0-2cb02fcff473@group-A8B097DE35CC-LeaderElection478] INFO  impl.RaftServerImpl (RaftServerImpl.java:setRole(184)) - 1be30185-a2c0-4461-afc0-2cb02fcff473@group-A8B097DE35CC: changes role from CANDIDATE to FOLLOWER at term 9 for DISCOVERED_A_NEW_TERM
2019-10-22 00:08:42,412 [1be30185-a2c0-4461-afc0-2cb02fcff473@group-A8B097DE35CC-LeaderElection478] INFO  impl.RoleInfo (RoleInfo.java:shutdownLeaderElection(134)) - 1be30185-a2c0-4461-afc0-2cb02fcff473: shutdown LeaderElection
2019-10-22 00:08:42,412 [1be30185-a2c0-4461-afc0-2cb02fcff473@group-A8B097DE35CC-LeaderElection478] INFO  impl.RoleInfo (RoleInfo.java:updateAndGet(143)) - 1be30185-a2c0-4461-afc0-2cb02fcff473: start FollowerState
2019-10-22 00:08:42,549 [Thread-4121] INFO  impl.FollowerState (FollowerState.java:run(108)) - 1be30185-a2c0-4461-afc0-2cb02fcff473@group-A8B097DE35CC-FollowerState: change to CANDIDATE, lastRpcTime:136ms, electionTimeout:136ms
2019-10-22 00:08:42,549 [Thread-4121] INFO  impl.RoleInfo (RoleInfo.java:shutdownFollowerState(121)) - 1be30185-a2c0-4461-afc0-2cb02fcff473: shutdown FollowerState
2019-10-22 00:08:42,549 [Thread-4121] INFO  impl.RaftServerImpl (RaftServerImpl.java:setRole(184)) - 1be30185-a2c0-4461-afc0-2cb02fcff473@group-A8B097DE35CC: changes role from  FOLLOWER to CANDIDATE at term 9 for changeToCandidate
2019-10-22 00:08:42,549 [Thread-4121] INFO  impl.RoleInfo (RoleInfo.java:updateAndGet(143)) - 1be30185-a2c0-4461-afc0-2cb02fcff473: start LeaderElection
2019-10-22 00:08:42,655 [1be30185-a2c0-4461-afc0-2cb02fcff473@group-A8B097DE35CC-LeaderElection479] INFO  impl.LeaderElection (LeaderElection.java:askForVotes(178)) - 1be30185-a2c0-4461-afc0-2cb02fcff473@group-A8B097DE35CC-LeaderElection479: begin an election at term 10 for -1: [e64b81a2-7e97-4a9c-9a90-0d1e8edce3a8:192.168.157.254:40074, d9951c0b-6d6e-4464-b06b-4ef93c20892c:192.168.157.254:43622, 1be30185-a2c0-4461-afc0-2cb02fcff473:192.168.157.254:38008], old=null
2019-10-22 00:08:42,657 [grpc-default-executor-3] INFO  impl.RaftServerImpl (RaftServerImpl.java:setRole(184)) - e64b81a2-7e97-4a9c-9a90-0d1e8edce3a8@group-A8B097DE35CC: changes role from  FOLLOWER to FOLLOWER at term 10 for recognizeCandidate:1be30185-a2c0-4461-afc0-2cb02fcff473
2019-10-22 00:08:42,657 [grpc-default-executor-3] INFO  impl.RoleInfo (RoleInfo.java:shutdownFollowerState(121)) - e64b81a2-7e97-4a9c-9a90-0d1e8edce3a8: shutdown FollowerState
2019-10-22 00:08:42,658 [grpc-default-executor-3] INFO  impl.RoleInfo (RoleInfo.java:updateAndGet(143)) - e64b81a2-7e97-4a9c-9a90-0d1e8edce3a8: start FollowerState
2019-10-22 00:08:42,658 [Thread-4119] INFO  impl.FollowerState (FollowerState.java:run(117)) - e64b81a2-7e97-4a9c-9a90-0d1e8edce3a8@group-A8B097DE35CC-FollowerState was interrupted: java.lang.InterruptedException: sleep interrupted
2019-10-22 00:08:42,658 [grpc-default-executor-8] INFO  impl.RaftServerImpl (RaftServerImpl.java:setRole(184)) - d9951c0b-6d6e-4464-b06b-4ef93c20892c@group-A8B097DE35CC: changes role from  FOLLOWER to FOLLOWER at term 10 for recognizeCandidate:1be30185-a2c0-4461-afc0-2cb02fcff473
2019-10-22 00:08:42,658 [grpc-default-executor-8] INFO  impl.RoleInfo (RoleInfo.java:shutdownFollowerState(121)) - d9951c0b-6d6e-4464-b06b-4ef93c20892c: shutdown FollowerState
2019-10-22 00:08:42,658 [grpc-default-executor-8] INFO  impl.RoleInfo (RoleInfo.java:updateAndGet(143)) - d9951c0b-6d6e-4464-b06b-4ef93c20892c: start FollowerState
2019-10-22 00:08:42,658 [Thread-4120] INFO  impl.FollowerState (FollowerState.java:run(117)) - d9951c0b-6d6e-4464-b06b-4ef93c20892c@group-A8B097DE35CC-FollowerState was interrupted: java.lang.InterruptedException: sleep interrupted
2019-10-22 00:08:42,669 [1be30185-a2c0-4461-afc0-2cb02fcff473@group-A8B097DE35CC-LeaderElection479] INFO  impl.LeaderElection (LeaderElection.java:logAndReturn(56)) - 1be30185-a2c0-4461-afc0-2cb02fcff473@group-A8B097DE35CC-LeaderElection479: Election REJECTED; received 2 response(s) [1be30185-a2c0-4461-afc0-2cb02fcff473<-e64b81a2-7e97-4a9c-9a90-0d1e8edce3a8#0:FAIL-t10, 1be30185-a2c0-4461-afc0-2cb02fcff473<-d9951c0b-6d6e-4464-b06b-4ef93c20892c#0:FAIL-t10] and 0 exception(s); 1be30185-a2c0-4461-afc0-2cb02fcff473@group-A8B097DE35CC:t10, leader=null, voted=1be30185-a2c0-4461-afc0-2cb02fcff473, raftlog=1be30185-a2c0-4461-afc0-2cb02fcff473@group-A8B097DE35CC-SegmentedRaftLog:OPENED:c-1,f-1,i0, conf=-1: [e64b81a2-7e97-4a9c-9a90-0d1e8edce3a8:192.168.157.254:40074, d9951c0b-6d6e-4464-b06b-4ef93c20892c:192.168.157.254:43622, 1be30185-a2c0-4461-afc0-2cb02fcff473:192.168.157.254:38008], old=null
2019-10-22 00:08:42,669 [1be30185-a2c0-4461-afc0-2cb02fcff473@group-A8B097DE35CC-LeaderElection479] INFO  impl.RaftServerImpl (RaftServerImpl.java:setRole(184)) - 1be30185-a2c0-4461-afc0-2cb02fcff473@group-A8B097DE35CC: changes role from CANDIDATE to FOLLOWER at term 10 for DISCOVERED_A_NEW_TERM
2019-10-22 00:08:42,670 [1be30185-a2c0-4461-afc0-2cb02fcff473@group-A8B097DE35CC-LeaderElection479] INFO  impl.RoleInfo (RoleInfo.java:shutdownLeaderElection(134)) - 1be30185-a2c0-4461-afc0-2cb02fcff473: shutdown LeaderElection
2019-10-22 00:08:42,670 [1be30185-a2c0-4461-afc0-2cb02fcff473@group-A8B097DE35CC-LeaderElection479] INFO  impl.RoleInfo (RoleInfo.java:updateAndGet(143)) - 1be30185-a2c0-4461-afc0-2cb02fcff473: start FollowerState
2019-10-22 00:08:42,744 [Thread-4129] INFO  impl.FollowerState (FollowerState.java:run(108)) - 1be30185-a2c0-4461-afc0-2cb02fcff473@group-A8B097DE35CC-FollowerState: change to CANDIDATE, lastRpcTime:74ms, electionTimeout:74ms
2019-10-22 00:08:42,744 [Thread-4129] INFO  impl.RoleInfo (RoleInfo.java:shutdownFollowerState(121)) - 1be30185-a2c0-4461-afc0-2cb02fcff473: shutdown FollowerState
2019-10-22 00:08:42,744 [Thread-4129] INFO  impl.RaftServerImpl (RaftServerImpl.java:setRole(184)) - 1be30185-a2c0-4461-afc0-2cb02fcff473@group-A8B097DE35CC: changes role from  FOLLOWER to CANDIDATE at term 10 for changeToCandidate
2019-10-22 00:08:42,744 [Thread-4129] INFO  impl.RoleInfo (RoleInfo.java:updateAndGet(143)) - 1be30185-a2c0-4461-afc0-2cb02fcff473: start LeaderElection
2019-10-22 00:08:42,760 [1be30185-a2c0-4461-afc0-2cb02fcff473@group-A8B097DE35CC-LeaderElection480] INFO  impl.LeaderElection (LeaderElection.java:askForVotes(178)) - 1be30185-a2c0-4461-afc0-2cb02fcff473@group-A8B097DE35CC-LeaderElection480: begin an election at term 11 for -1: [e64b81a2-7e97-4a9c-9a90-0d1e8edce3a8:192.168.157.254:40074, d9951c0b-6d6e-4464-b06b-4ef93c20892c:192.168.157.254:43622, 1be30185-a2c0-4461-afc0-2cb02fcff473:192.168.157.254:38008], old=null
2019-10-22 00:08:42,762 [grpc-default-executor-8] INFO  impl.RaftServerImpl (RaftServerImpl.java:setRole(184)) - d9951c0b-6d6e-4464-b06b-4ef93c20892c@group-A8B097DE35CC: changes role from  FOLLOWER to FOLLOWER at term 11 for recognizeCandidate:1be30185-a2c0-4461-afc0-2cb02fcff473
2019-10-22 00:08:42,762 [grpc-default-executor-3] INFO  impl.RaftServerImpl (RaftServerImpl.java:setRole(184)) - e64b81a2-7e97-4a9c-9a90-0d1e8edce3a8@group-A8B097DE35CC: changes role from  FOLLOWER to FOLLOWER at term 11 for recognizeCandidate:1be30185-a2c0-4461-afc0-2cb02fcff473
2019-10-22 00:08:42,762 [grpc-default-executor-3] INFO  impl.RoleInfo (RoleInfo.java:shutdownFollowerState(121)) - e64b81a2-7e97-4a9c-9a90-0d1e8edce3a8: shutdown FollowerState
2019-10-22 00:08:42,762 [grpc-default-executor-8] INFO  impl.RoleInfo (RoleInfo.java:shutdownFollowerState(121)) - d9951c0b-6d6e-4464-b06b-4ef93c20892c: shutdown FollowerState
2019-10-22 00:08:42,762 [Thread-4127] INFO  impl.FollowerState (FollowerState.java:run(117)) - e64b81a2-7e97-4a9c-9a90-0d1e8edce3a8@group-A8B097DE35CC-FollowerState was interrupted: java.lang.InterruptedException: sleep interrupted
2019-10-22 00:08:42,762 [grpc-default-executor-3] INFO  impl.RoleInfo (RoleInfo.java:updateAndGet(143)) - e64b81a2-7e97-4a9c-9a90-0d1e8edce3a8: start FollowerState
2019-10-22 00:08:42,762 [Thread-4128] INFO  impl.FollowerState (FollowerState.java:run(117)) - d9951c0b-6d6e-4464-b06b-4ef93c20892c@group-A8B097DE35CC-FollowerState was interrupted: java.lang.InterruptedException: sleep interrupted
2019-10-22 00:08:42,762 [grpc-default-executor-8] INFO  impl.RoleInfo (RoleInfo.java:updateAndGet(143)) - d9951c0b-6d6e-4464-b06b-4ef93c20892c: start FollowerState
2019-10-22 00:08:42,771 [1be30185-a2c0-4461-afc0-2cb02fcff473@group-A8B097DE35CC-LeaderElection480] INFO  impl.LeaderElection (LeaderElection.java:logAndReturn(56)) - 1be30185-a2c0-4461-afc0-2cb02fcff473@group-A8B097DE35CC-LeaderElection480: Election REJECTED; received 2 response(s) [1be30185-a2c0-4461-afc0-2cb02fcff473<-e64b81a2-7e97-4a9c-9a90-0d1e8edce3a8#0:FAIL-t11, 1be30185-a2c0-4461-afc0-2cb02fcff473<-d9951c0b-6d6e-4464-b06b-4ef93c20892c#0:FAIL-t11] and 0 exception(s); 1be30185-a2c0-4461-afc0-2cb02fcff473@group-A8B097DE35CC:t11, leader=null, voted=1be30185-a2c0-4461-afc0-2cb02fcff473, raftlog=1be30185-a2c0-4461-afc0-2cb02fcff473@group-A8B097DE35CC-SegmentedRaftLog:OPENED:c-1,f-1,i0, conf=-1: [e64b81a2-7e97-4a9c-9a90-0d1e8edce3a8:192.168.157.254:40074, d9951c0b-6d6e-4464-b06b-4ef93c20892c:192.168.157.254:43622, 1be30185-a2c0-4461-afc0-2cb02fcff473:192.168.157.254:38008], old=null
2019-10-22 00:08:42,771 [1be30185-a2c0-4461-afc0-2cb02fcff473@group-A8B097DE35CC-LeaderElection480] INFO  impl.RaftServerImpl (RaftServerImpl.java:setRole(184)) - 1be30185-a2c0-4461-afc0-2cb02fcff473@group-A8B097DE35CC: changes role from CANDIDATE to FOLLOWER at term 11 for DISCOVERED_A_NEW_TERM
2019-10-22 00:08:42,771 [1be30185-a2c0-4461-afc0-2cb02fcff473@group-A8B097DE35CC-LeaderElection480] INFO  impl.RoleInfo (RoleInfo.java:shutdownLeaderElection(134)) - 1be30185-a2c0-4461-afc0-2cb02fcff473: shutdown LeaderElection
2019-10-22 00:08:42,772 [1be30185-a2c0-4461-afc0-2cb02fcff473@group-A8B097DE35CC-LeaderElection480] INFO  impl.RoleInfo (RoleInfo.java:updateAndGet(143)) - 1be30185-a2c0-4461-afc0-2cb02fcff473: start FollowerState
2019-10-22 00:08:42,840 [Thread-4137] INFO  impl.FollowerState (FollowerState.java:run(108)) - 1be30185-a2c0-4461-afc0-2cb02fcff473@group-A8B097DE35CC-FollowerState: change to CANDIDATE, lastRpcTime:68ms, electionTimeout:68ms
2019-10-22 00:08:42,840 [Thread-4137] INFO  impl.RoleInfo (RoleInfo.java:shutdownFollowerState(121)) - 1be30185-a2c0-4461-afc0-2cb02fcff473: shutdown FollowerState
2019-10-22 00:08:42,840 [Thread-4137] INFO  impl.RaftServerImpl (RaftServerImpl.java:setRole(184)) - 1be30185-a2c0-4461-afc0-2cb02fcff473@group-A8B097DE35CC: changes role from  FOLLOWER to CANDIDATE at term 11 for changeToCandidate
2019-10-22 00:08:42,840 [Thread-4137] INFO  impl.RoleInfo (RoleInfo.java:updateAndGet(143)) - 1be30185-a2c0-4461-afc0-2cb02fcff473: start LeaderElection
2019-10-22 00:08:42,848 [1be30185-a2c0-4461-afc0-2cb02fcff473@group-A8B097DE35CC-LeaderElection481] INFO  impl.LeaderElection (LeaderElection.java:askForVotes(178)) - 1be30185-a2c0-4461-afc0-2cb02fcff473@group-A8B097DE35CC-LeaderElection481: begin an election at term 12 for -1: [e64b81a2-7e97-4a9c-9a90-0d1e8edce3a8:192.168.157.254:40074, d9951c0b-6d6e-4464-b06b-4ef93c20892c:192.168.157.254:43622, 1be30185-a2c0-4461-afc0-2cb02fcff473:192.168.157.254:38008], old=null
2019-10-22 00:08:42,849 [grpc-default-executor-3] INFO  impl.RaftServerImpl (RaftServerImpl.java:setRole(184)) - e64b81a2-7e97-4a9c-9a90-0d1e8edce3a8@group-A8B097DE35CC: changes role from  FOLLOWER to FOLLOWER at term 12 for recognizeCandidate:1be30185-a2c0-4461-afc0-2cb02fcff473
2019-10-22 00:08:42,849 [grpc-default-executor-8] INFO  impl.RaftServerImpl (RaftServerImpl.java:setRole(184)) - d9951c0b-6d6e-4464-b06b-4ef93c20892c@group-A8B097DE35CC: changes role from  FOLLOWER to FOLLOWER at term 12 for recognizeCandidate:1be30185-a2c0-4461-afc0-2cb02fcff473
2019-10-22 00:08:42,849 [grpc-default-executor-3] INFO  impl.RoleInfo (RoleInfo.java:shutdownFollowerState(121)) - e64b81a2-7e97-4a9c-9a90-0d1e8edce3a8: shutdown FollowerState
2019-10-22 00:08:42,849 [grpc-default-executor-8] INFO  impl.RoleInfo (RoleInfo.java:shutdownFollowerState(121)) - d9951c0b-6d6e-4464-b06b-4ef93c20892c: shutdown FollowerState
2019-10-22 00:08:42,850 [Thread-4135] INFO  impl.FollowerState (FollowerState.java:run(117)) - e64b81a2-7e97-4a9c-9a90-0d1e8edce3a8@group-A8B097DE35CC-FollowerState was interrupted: java.lang.InterruptedException: sleep interrupted
2019-10-22 00:08:42,850 [grpc-default-executor-3] INFO  impl.RoleInfo (RoleInfo.java:updateAndGet(143)) - e64b81a2-7e97-4a9c-9a90-0d1e8edce3a8: start FollowerState
2019-10-22 00:08:42,850 [grpc-default-executor-8] INFO  impl.RoleInfo (RoleInfo.java:updateAndGet(143)) - d9951c0b-6d6e-4464-b06b-4ef93c20892c: start FollowerState
2019-10-22 00:08:42,850 [Thread-4136] INFO  impl.FollowerState (FollowerState.java:run(117)) - d9951c0b-6d6e-4464-b06b-4ef93c20892c@group-A8B097DE35CC-FollowerState was interrupted: java.lang.InterruptedException: sleep interrupted
2019-10-22 00:08:42,856 [1be30185-a2c0-4461-afc0-2cb02fcff473@group-A8B097DE35CC-LeaderElection481] INFO  impl.LeaderElection (LeaderElection.java:logAndReturn(56)) - 1be30185-a2c0-4461-afc0-2cb02fcff473@group-A8B097DE35CC-LeaderElection481: Election TIMEOUT; received 0 response(s) [] and 0 exception(s); 1be30185-a2c0-4461-afc0-2cb02fcff473@group-A8B097DE35CC:t12, leader=null, voted=1be30185-a2c0-4461-afc0-2cb02fcff473, raftlog=1be30185-a2c0-4461-afc0-2cb02fcff473@group-A8B097DE35CC-SegmentedRaftLog:OPENED:c-1,f-1,i0, conf=-1: [e64b81a2-7e97-4a9c-9a90-0d1e8edce3a8:192.168.157.254:40074, d9951c0b-6d6e-4464-b06b-4ef93c20892c:192.168.157.254:43622, 1be30185-a2c0-4461-afc0-2cb02fcff473:192.168.157.254:38008], old=null
2019-10-22 00:08:42,884 [1be30185-a2c0-4461-afc0-2cb02fcff473@group-A8B097DE35CC-LeaderElection481] INFO  impl.LeaderElection (LeaderElection.java:askForVotes(178)) - 1be30185-a2c0-4461-afc0-2cb02fcff473@group-A8B097DE35CC-LeaderElection481: begin an election at term 13 for -1: [e64b81a2-7e97-4a9c-9a90-0d1e8edce3a8:192.168.157.254:40074, d9951c0b-6d6e-4464-b06b-4ef93c20892c:192.168.157.254:43622, 1be30185-a2c0-4461-afc0-2cb02fcff473:192.168.157.254:38008], old=null
2019-10-22 00:08:42,885 [grpc-default-executor-8] INFO  impl.RaftServerImpl (RaftServerImpl.java:setRole(184)) - e64b81a2-7e97-4a9c-9a90-0d1e8edce3a8@group-A8B097DE35CC: changes role from  FOLLOWER to FOLLOWER at term 13 for recognizeCandidate:1be30185-a2c0-4461-afc0-2cb02fcff473
2019-10-22 00:08:42,885 [grpc-default-executor-8] INFO  impl.RoleInfo (RoleInfo.java:shutdownFollowerState(121)) - e64b81a2-7e97-4a9c-9a90-0d1e8edce3a8: shutdown FollowerState
2019-10-22 00:08:42,886 [grpc-default-executor-8] INFO  impl.RoleInfo (RoleInfo.java:updateAndGet(143)) - e64b81a2-7e97-4a9c-9a90-0d1e8edce3a8: start FollowerState
2019-10-22 00:08:42,886 [Thread-4141] INFO  impl.FollowerState (FollowerState.java:run(117)) - e64b81a2-7e97-4a9c-9a90-0d1e8edce3a8@group-A8B097DE35CC-FollowerState was interrupted: java.lang.InterruptedException: sleep interrupted
2019-10-22 00:08:42,886 [grpc-default-executor-3] INFO  impl.RaftServerImpl (RaftServerImpl.java:setRole(184)) - d9951c0b-6d6e-4464-b06b-4ef93c20892c@group-A8B097DE35CC: changes role from  FOLLOWER to FOLLOWER at term 13 for recognizeCandidate:1be30185-a2c0-4461-afc0-2cb02fcff473
2019-10-22 00:08:42,886 [grpc-default-executor-3] INFO  impl.RoleInfo (RoleInfo.java:shutdownFollowerState(121)) - d9951c0b-6d6e-4464-b06b-4ef93c20892c: shutdown FollowerState
2019-10-22 00:08:42,886 [grpc-default-executor-3] INFO  impl.RoleInfo (RoleInfo.java:updateAndGet(143)) - d9951c0b-6d6e-4464-b06b-4ef93c20892c: start FollowerState
2019-10-22 00:08:42,886 [Thread-4142] INFO  impl.FollowerState (FollowerState.java:run(117)) - d9951c0b-6d6e-4464-b06b-4ef93c20892c@group-A8B097DE35CC-FollowerState was interrupted: java.lang.InterruptedException: sleep interrupted
2019-10-22 00:08:42,903 [1be30185-a2c0-4461-afc0-2cb02fcff473@group-A8B097DE35CC-LeaderElection481] INFO  impl.LeaderElection (LeaderElection.java:logAndReturn(56)) - 1be30185-a2c0-4461-afc0-2cb02fcff473@group-A8B097DE35CC-LeaderElection481: Election REJECTED; received 2 response(s) [1be30185-a2c0-4461-afc0-2cb02fcff473<-e64b81a2-7e97-4a9c-9a90-0d1e8edce3a8#0:FAIL-t13, 1be30185-a2c0-4461-afc0-2cb02fcff473<-d9951c0b-6d6e-4464-b06b-4ef93c20892c#0:FAIL-t13] and 0 exception(s); 1be30185-a2c0-4461-afc0-2cb02fcff473@group-A8B097DE35CC:t13, leader=null, voted=1be30185-a2c0-4461-afc0-2cb02fcff473, raftlog=1be30185-a2c0-4461-afc0-2cb02fcff473@group-A8B097DE35CC-SegmentedRaftLog:OPENED:c-1,f-1,i0, conf=-1: [e64b81a2-7e97-4a9c-9a90-0d1e8edce3a8:192.168.157.254:40074, d9951c0b-6d6e-4464-b06b-4ef93c20892c:192.168.157.254:43622, 1be30185-a2c0-4461-afc0-2cb02fcff473:192.168.157.254:38008], old=null
2019-10-22 00:08:42,903 [1be30185-a2c0-4461-afc0-2cb02fcff473@group-A8B097DE35CC-LeaderElection481] INFO  impl.RaftServerImpl (RaftServerImpl.java:setRole(184)) - 1be30185-a2c0-4461-afc0-2cb02fcff473@group-A8B097DE35CC: changes role from CANDIDATE to FOLLOWER at term 13 for DISCOVERED_A_NEW_TERM
2019-10-22 00:08:42,903 [1be30185-a2c0-4461-afc0-2cb02fcff473@group-A8B097DE35CC-LeaderElection481] INFO  impl.RoleInfo (RoleInfo.java:shutdownLeaderElection(134)) - 1be30185-a2c0-4461-afc0-2cb02fcff473: shutdown LeaderElection
2019-10-22 00:08:42,903 [1be30185-a2c0-4461-afc0-2cb02fcff473@group-A8B097DE35CC-LeaderElection481] INFO  impl.RoleInfo (RoleInfo.java:updateAndGet(143)) - 1be30185-a2c0-4461-afc0-2cb02fcff473: start FollowerState
2019-10-22 00:08:43,101 [Thread-4147] INFO  impl.FollowerState (FollowerState.java:run(108)) - 1be30185-a2c0-4461-afc0-2cb02fcff473@group-A8B097DE35CC-FollowerState: change to CANDIDATE, lastRpcTime:198ms, electionTimeout:198ms
2019-10-22 00:08:43,101 [Thread-4147] INFO  impl.RoleInfo (RoleInfo.java:shutdownFollowerState(121)) - 1be30185-a2c0-4461-afc0-2cb02fcff473: shutdown FollowerState
2019-10-22 00:08:43,102 [Thread-4147] INFO  impl.RaftServerImpl (RaftServerImpl.java:setRole(184)) - 1be30185-a2c0-4461-afc0-2cb02fcff473@group-A8B097DE35CC: changes role from  FOLLOWER to CANDIDATE at term 13 for changeToCandidate
2019-10-22 00:08:43,102 [Thread-4147] INFO  impl.RoleInfo (RoleInfo.java:updateAndGet(143)) - 1be30185-a2c0-4461-afc0-2cb02fcff473: start LeaderElection
2019-10-22 00:08:43,106 [1be30185-a2c0-4461-afc0-2cb02fcff473@group-A8B097DE35CC-LeaderElection482] INFO  impl.LeaderElection (LeaderElection.java:askForVotes(178)) - 1be30185-a2c0-4461-afc0-2cb02fcff473@group-A8B097DE35CC-LeaderElection482: begin an election at term 14 for -1: [e64b81a2-7e97-4a9c-9a90-0d1e8edce3a8:192.168.157.254:40074, d9951c0b-6d6e-4464-b06b-4ef93c20892c:192.168.157.254:43622, 1be30185-a2c0-4461-afc0-2cb02fcff473:192.168.157.254:38008], old=null
2019-10-22 00:08:43,108 [grpc-default-executor-3] INFO  impl.RaftServerImpl (RaftServerImpl.java:setRole(184)) - e64b81a2-7e97-4a9c-9a90-0d1e8edce3a8@group-A8B097DE35CC: changes role from  FOLLOWER to FOLLOWER at term 14 for recognizeCandidate:1be30185-a2c0-4461-afc0-2cb02fcff473
2019-10-22 00:08:43,108 [grpc-default-executor-3] INFO  impl.RoleInfo (RoleInfo.java:shutdownFollowerState(121)) - e64b81a2-7e97-4a9c-9a90-0d1e8edce3a8: shutdown FollowerState
2019-10-22 00:08:43,108 [grpc-default-executor-8] INFO  impl.RaftServerImpl (RaftServerImpl.java:setRole(184)) - d9951c0b-6d6e-4464-b06b-4ef93c20892c@group-A8B097DE35CC: changes role from  FOLLOWER to FOLLOWER at term 14 for recognizeCandidate:1be30185-a2c0-4461-afc0-2cb02fcff473
2019-10-22 00:08:43,108 [Thread-4145] INFO  impl.FollowerState (FollowerState.java:run(117)) - e64b81a2-7e97-4a9c-9a90-0d1e8edce3a8@group-A8B097DE35CC-FollowerState was interrupted: java.lang.InterruptedException: sleep interrupted
2019-10-22 00:08:43,108 [grpc-default-executor-3] INFO  impl.RoleInfo (RoleInfo.java:updateAndGet(143)) - e64b81a2-7e97-4a9c-9a90-0d1e8edce3a8: start FollowerState
2019-10-22 00:08:43,109 [grpc-default-executor-8] INFO  impl.RoleInfo (RoleInfo.java:shutdownFollowerState(121)) - d9951c0b-6d6e-4464-b06b-4ef93c20892c: shutdown FollowerState
2019-10-22 00:08:43,109 [grpc-default-executor-8] INFO  impl.RoleInfo (RoleInfo.java:updateAndGet(143)) - d9951c0b-6d6e-4464-b06b-4ef93c20892c: start FollowerState
2019-10-22 00:08:43,109 [Thread-4146] INFO  impl.FollowerState (FollowerState.java:run(117)) - d9951c0b-6d6e-4464-b06b-4ef93c20892c@group-A8B097DE35CC-FollowerState was interrupted: java.lang.InterruptedException: sleep interrupted
2019-10-22 00:08:43,113 [1be30185-a2c0-4461-afc0-2cb02fcff473@group-A8B097DE35CC-LeaderElection482] INFO  impl.LeaderElection (LeaderElection.java:logAndReturn(56)) - 1be30185-a2c0-4461-afc0-2cb02fcff473@group-A8B097DE35CC-LeaderElection482: Election REJECTED; received 2 response(s) [1be30185-a2c0-4461-afc0-2cb02fcff473<-e64b81a2-7e97-4a9c-9a90-0d1e8edce3a8#0:FAIL-t14, 1be30185-a2c0-4461-afc0-2cb02fcff473<-d9951c0b-6d6e-4464-b06b-4ef93c20892c#0:FAIL-t14] and 0 exception(s); 1be30185-a2c0-4461-afc0-2cb02fcff473@group-A8B097DE35CC:t14, leader=null, voted=1be30185-a2c0-4461-afc0-2cb02fcff473, raftlog=1be30185-a2c0-4461-afc0-2cb02fcff473@group-A8B097DE35CC-SegmentedRaftLog:OPENED:c-1,f-1,i0, conf=-1: [e64b81a2-7e97-4a9c-9a90-0d1e8edce3a8:192.168.157.254:40074, d9951c0b-6d6e-4464-b06b-4ef93c20892c:192.168.157.254:43622, 1be30185-a2c0-4461-afc0-2cb02fcff473:192.168.157.254:38008], old=null
2019-10-22 00:08:43,113 [1be30185-a2c0-4461-afc0-2cb02fcff473@group-A8B097DE35CC-LeaderElection482] INFO  impl.RaftServerImpl (RaftServerImpl.java:setRole(184)) - 1be30185-a2c0-4461-afc0-2cb02fcff473@group-A8B097DE35CC: changes role from CANDIDATE to FOLLOWER at term 14 for DISCOVERED_A_NEW_TERM
2019-10-22 00:08:43,113 [1be30185-a2c0-4461-afc0-2cb02fcff473@group-A8B097DE35CC-LeaderElection482] INFO  impl.RoleInfo (RoleInfo.java:shutdownLeaderElection(134)) - 1be30185-a2c0-4461-afc0-2cb02fcff473: shutdown LeaderElection
2019-10-22 00:08:43,113 [1be30185-a2c0-4461-afc0-2cb02fcff473@group-A8B097DE35CC-LeaderElection482] INFO  impl.RoleInfo (RoleInfo.java:updateAndGet(143)) - 1be30185-a2c0-4461-afc0-2cb02fcff473: start FollowerState
2019-10-22 00:08:43,127 [Thread-4155] INFO  impl.FollowerState (FollowerState.java:run(108)) - 1be30185-a2c0-4461-afc0-2cb02fcff473@group-A8B097DE35CC-FollowerState: change to CANDIDATE, lastRpcTime:13ms, electionTimeout:13ms
2019-10-22 00:08:43,127 [Thread-4155] INFO  impl.RoleInfo (RoleInfo.java:shutdownFollowerState(121)) - 1be30185-a2c0-4461-afc0-2cb02fcff473: shutdown FollowerState
2019-10-22 00:08:43,127 [Thread-4155] INFO  impl.RaftServerImpl (RaftServerImpl.java:setRole(184)) - 1be30185-a2c0-4461-afc0-2cb02fcff473@group-A8B097DE35CC: changes role from  FOLLOWER to CANDIDATE at term 14 for changeToCandidate
2019-10-22 00:08:43,127 [Thread-4155] INFO  impl.RoleInfo (RoleInfo.java:updateAndGet(143)) - 1be30185-a2c0-4461-afc0-2cb02fcff473: start LeaderElection
2019-10-22 00:08:43,132 [1be30185-a2c0-4461-afc0-2cb02fcff473@group-A8B097DE35CC-LeaderElection483] INFO  impl.LeaderElection (LeaderElection.java:askForVotes(178)) - 1be30185-a2c0-4461-afc0-2cb02fcff473@group-A8B097DE35CC-LeaderElection483: begin an election at term 15 for -1: [e64b81a2-7e97-4a9c-9a90-0d1e8edce3a8:192.168.157.254:40074, d9951c0b-6d6e-4464-b06b-4ef93c20892c:192.168.157.254:43622, 1be30185-a2c0-4461-afc0-2cb02fcff473:192.168.157.254:38008], old=null
2019-10-22 00:08:43,133 [grpc-default-executor-3] INFO  impl.RaftServerImpl (RaftServerImpl.java:setRole(184)) - e64b81a2-7e97-4a9c-9a90-0d1e8edce3a8@group-A8B097DE35CC: changes role from  FOLLOWER to FOLLOWER at term 15 for recognizeCandidate:1be30185-a2c0-4461-afc0-2cb02fcff473
2019-10-22 00:08:43,134 [grpc-default-executor-3] INFO  impl.RoleInfo (RoleInfo.java:shutdownFollowerState(121)) - e64b81a2-7e97-4a9c-9a90-0d1e8edce3a8: shutdown FollowerState
2019-10-22 00:08:43,134 [grpc-default-executor-8] INFO  impl.RaftServerImpl (RaftServerImpl.java:setRole(184)) - d9951c0b-6d6e-4464-b06b-4ef93c20892c@group-A8B097DE35CC: changes role from  FOLLOWER to FOLLOWER at term 15 for recognizeCandidate:1be30185-a2c0-4461-afc0-2cb02fcff473
2019-10-22 00:08:43,134 [grpc-default-executor-8] INFO  impl.RoleInfo (RoleInfo.java:shutdownFollowerState(121)) - d9951c0b-6d6e-4464-b06b-4ef93c20892c: shutdown FollowerState
2019-10-22 00:08:43,134 [Thread-4153] INFO  impl.FollowerState (FollowerState.java:run(117)) - e64b81a2-7e97-4a9c-9a90-0d1e8edce3a8@group-A8B097DE35CC-FollowerState was interrupted: java.lang.InterruptedException: sleep interrupted
2019-10-22 00:08:43,134 [Thread-4154] INFO  impl.FollowerState (FollowerState.java:run(117)) - d9951c0b-6d6e-4464-b06b-4ef93c20892c@group-A8B097DE35CC-FollowerState was interrupted: java.lang.InterruptedException: sleep interrupted
2019-10-22 00:08:43,134 [grpc-default-executor-8] INFO  impl.RoleInfo (RoleInfo.java:updateAndGet(143)) - d9951c0b-6d6e-4464-b06b-4ef93c20892c: start FollowerState
2019-10-22 00:08:43,135 [grpc-default-executor-3] INFO  impl.RoleInfo (RoleInfo.java:updateAndGet(143)) - e64b81a2-7e97-4a9c-9a90-0d1e8edce3a8: start FollowerState
2019-10-22 00:08:43,141 [1be30185-a2c0-4461-afc0-2cb02fcff473@group-A8B097DE35CC-LeaderElection483] INFO  impl.LeaderElection (LeaderElection.java:logAndReturn(56)) - 1be30185-a2c0-4461-afc0-2cb02fcff473@group-A8B097DE35CC-LeaderElection483: Election REJECTED; received 2 response(s) [1be30185-a2c0-4461-afc0-2cb02fcff473<-e64b81a2-7e97-4a9c-9a90-0d1e8edce3a8#0:FAIL-t15, 1be30185-a2c0-4461-afc0-2cb02fcff473<-d9951c0b-6d6e-4464-b06b-4ef93c20892c#0:FAIL-t15] and 0 exception(s); 1be30185-a2c0-4461-afc0-2cb02fcff473@group-A8B097DE35CC:t15, leader=null, voted=1be30185-a2c0-4461-afc0-2cb02fcff473, raftlog=1be30185-a2c0-4461-afc0-2cb02fcff473@group-A8B097DE35CC-SegmentedRaftLog:OPENED:c-1,f-1,i0, conf=-1: [e64b81a2-7e97-4a9c-9a90-0d1e8edce3a8:192.168.157.254:40074, d9951c0b-6d6e-4464-b06b-4ef93c20892c:192.168.157.254:43622, 1be30185-a2c0-4461-afc0-2cb02fcff473:192.168.157.254:38008], old=null
2019-10-22 00:08:43,141 [1be30185-a2c0-4461-afc0-2cb02fcff473@group-A8B097DE35CC-LeaderElection483] INFO  impl.RaftServerImpl (RaftServerImpl.java:setRole(184)) - 1be30185-a2c0-4461-afc0-2cb02fcff473@group-A8B097DE35CC: changes role from CANDIDATE to FOLLOWER at term 15 for DISCOVERED_A_NEW_TERM
2019-10-22 00:08:43,141 [1be30185-a2c0-4461-afc0-2cb02fcff473@group-A8B097DE35CC-LeaderElection483] INFO  impl.RoleInfo (RoleInfo.java:shutdownLeaderElection(134)) - 1be30185-a2c0-4461-afc0-2cb02fcff473: shutdown LeaderElection
2019-10-22 00:08:43,141 [1be30185-a2c0-4461-afc0-2cb02fcff473@group-A8B097DE35CC-LeaderElection483] INFO  impl.RoleInfo (RoleInfo.java:updateAndGet(143)) - 1be30185-a2c0-4461-afc0-2cb02fcff473: start FollowerState
2019-10-22 00:08:43,152 [Thread-4161] INFO  impl.FollowerState (FollowerState.java:run(108)) - 1be30185-a2c0-4461-afc0-2cb02fcff473@group-A8B097DE35CC-FollowerState: change to CANDIDATE, lastRpcTime:11ms, electionTimeout:10ms
2019-10-22 00:08:43,152 [Thread-4161] INFO  impl.RoleInfo (RoleInfo.java:shutdownFollowerState(121)) - 1be30185-a2c0-4461-afc0-2cb02fcff473: shutdown FollowerState
2019-10-22 00:08:43,152 [Thread-4161] INFO  impl.RaftServerImpl (RaftServerImpl.java:setRole(184)) - 1be30185-a2c0-4461-afc0-2cb02fcff473@group-A8B097DE35CC: changes role from  FOLLOWER to CANDIDATE at term 15 for changeToCandidate
2019-10-22 00:08:43,152 [Thread-4161] INFO  impl.RoleInfo (RoleInfo.java:updateAndGet(143)) - 1be30185-a2c0-4461-afc0-2cb02fcff473: start LeaderElection
2019-10-22 00:08:43,167 [1be30185-a2c0-4461-afc0-2cb02fcff473@group-A8B097DE35CC-LeaderElection484] INFO  impl.LeaderElection (LeaderElection.java:askForVotes(178)) - 1be30185-a2c0-4461-afc0-2cb02fcff473@group-A8B097DE35CC-LeaderElection484: begin an election at term 16 for -1: [e64b81a2-7e97-4a9c-9a90-0d1e8edce3a8:192.168.157.254:40074, d9951c0b-6d6e-4464-b06b-4ef93c20892c:192.168.157.254:43622, 1be30185-a2c0-4461-afc0-2cb02fcff473:192.168.157.254:38008], old=null
2019-10-22 00:08:43,169 [grpc-default-executor-3] INFO  impl.RaftServerImpl (RaftServerImpl.java:setRole(184)) - e64b81a2-7e97-4a9c-9a90-0d1e8edce3a8@group-A8B097DE35CC: changes role from  FOLLOWER to FOLLOWER at term 16 for recognizeCandidate:1be30185-a2c0-4461-afc0-2cb02fcff473
2019-10-22 00:08:43,169 [grpc-default-executor-8] INFO  impl.RaftServerImpl (RaftServerImpl.java:setRole(184)) - d9951c0b-6d6e-4464-b06b-4ef93c20892c@group-A8B097DE35CC: changes role from  FOLLOWER to FOLLOWER at term 16 for recognizeCandidate:1be30185-a2c0-4461-afc0-2cb02fcff473
2019-10-22 00:08:43,169 [grpc-default-executor-8] INFO  impl.RoleInfo (RoleInfo.java:shutdownFollowerState(121)) - d9951c0b-6d6e-4464-b06b-4ef93c20892c: shutdown FollowerState
2019-10-22 00:08:43,170 [grpc-default-executor-8] INFO  impl.RoleInfo (RoleInfo.java:updateAndGet(143)) - d9951c0b-6d6e-4464-b06b-4ef93c20892c: start FollowerState
2019-10-22 00:08:43,170 [Thread-4160] INFO  impl.FollowerState (FollowerState.java:run(117)) - d9951c0b-6d6e-4464-b06b-4ef93c20892c@group-A8B097DE35CC-FollowerState was interrupted: java.lang.InterruptedException: sleep interrupted
2019-10-22 00:08:43,171 [grpc-default-executor-3] INFO  impl.RoleInfo (RoleInfo.java:shutdownFollowerState(121)) - e64b81a2-7e97-4a9c-9a90-0d1e8edce3a8: shutdown FollowerState
2019-10-22 00:08:43,171 [grpc-default-executor-3] INFO  impl.RoleInfo (RoleInfo.java:updateAndGet(143)) - e64b81a2-7e97-4a9c-9a90-0d1e8edce3a8: start FollowerState
2019-10-22 00:08:43,171 [Thread-4159] INFO  impl.FollowerState (FollowerState.java:run(117)) - e64b81a2-7e97-4a9c-9a90-0d1e8edce3a8@group-A8B097DE35CC-FollowerState was interrupted: java.lang.InterruptedException: sleep interrupted
2019-10-22 00:08:43,178 [1be30185-a2c0-4461-afc0-2cb02fcff473@group-A8B097DE35CC-LeaderElection484] INFO  impl.LeaderElection (LeaderElection.java:logAndReturn(56)) - 1be30185-a2c0-4461-afc0-2cb02fcff473@group-A8B097DE35CC-LeaderElection484: Election REJECTED; received 2 response(s) [1be30185-a2c0-4461-afc0-2cb02fcff473<-e64b81a2-7e97-4a9c-9a90-0d1e8edce3a8#0:FAIL-t16, 1be30185-a2c0-4461-afc0-2cb02fcff473<-d9951c0b-6d6e-4464-b06b-4ef93c20892c#0:FAIL-t16] and 0 exception(s); 1be30185-a2c0-4461-afc0-2cb02fcff473@group-A8B097DE35CC:t16, leader=null, voted=1be30185-a2c0-4461-afc0-2cb02fcff473, raftlog=1be30185-a2c0-4461-afc0-2cb02fcff473@group-A8B097DE35CC-SegmentedRaftLog:OPENED:c-1,f-1,i0, conf=-1: [e64b81a2-7e97-4a9c-9a90-0d1e8edce3a8:192.168.157.254:40074, d9951c0b-6d6e-4464-b06b-4ef93c20892c:192.168.157.254:43622, 1be30185-a2c0-4461-afc0-2cb02fcff473:192.168.157.254:38008], old=null
2019-10-22 00:08:43,178 [1be30185-a2c0-4461-afc0-2cb02fcff473@group-A8B097DE35CC-LeaderElection484] INFO  impl.RaftServerImpl (RaftServerImpl.java:setRole(184)) - 1be30185-a2c0-4461-afc0-2cb02fcff473@group-A8B097DE35CC: changes role from CANDIDATE to FOLLOWER at term 16 for DISCOVERED_A_NEW_TERM
2019-10-22 00:08:43,178 [1be30185-a2c0-4461-afc0-2cb02fcff473@group-A8B097DE35CC-LeaderElection484] INFO  impl.RoleInfo (RoleInfo.java:shutdownLeaderElection(134)) - 1be30185-a2c0-4461-afc0-2cb02fcff473: shutdown LeaderElection
2019-10-22 00:08:43,178 [1be30185-a2c0-4461-afc0-2cb02fcff473@group-A8B097DE35CC-LeaderElection484] INFO  impl.RoleInfo (RoleInfo.java:updateAndGet(143)) - 1be30185-a2c0-4461-afc0-2cb02fcff473: start FollowerState
2019-10-22 00:08:43,261 [Thread-3915] INFO  container.ReplicationManager (ReplicationManager.java:start(162)) - Starting Replication Monitor Thread.
2019-10-22 00:08:43,265 [ReplicationMonitor] INFO  container.ReplicationManager (ReplicationManager.java:sendCloseCommand(659)) - Sending close container command for container #1 to datanode 05003219-6676-4e45-bd72-11bc04fa30d3{ip: 192.168.157.254, host: pr-hdds-2343-5q8j9-3338874002, networkLocation: /rack1, certSerialId: null}.
2019-10-22 00:08:43,265 [ReplicationMonitor] INFO  container.ReplicationManager (ReplicationManager.java:sendCloseCommand(659)) - Sending close container command for container #1 to datanode 48d226fd-ec16-45bb-ba6a-f5c68988a3f7{ip: 192.168.157.254, host: pr-hdds-2343-5q8j9-3338874002, networkLocation: /rack1, certSerialId: null}.
2019-10-22 00:08:43,265 [ReplicationMonitor] INFO  container.ReplicationManager (ReplicationManager.java:sendCloseCommand(659)) - Sending close container command for container #1 to datanode f9169fae-8e57-49b1-968c-b0c13a9c79ea{ip: 192.168.157.254, host: pr-hdds-2343-5q8j9-3338874002, networkLocation: /rack1, certSerialId: null}.
2019-10-22 00:08:43,266 [ReplicationMonitor] INFO  container.ReplicationManager (ReplicationManager.java:run(225)) - Replication Monitor Thread took 1 milliseconds for processing 1 containers.
2019-10-22 00:08:43,312 [Thread-4167] INFO  impl.FollowerState (FollowerState.java:run(108)) - 1be30185-a2c0-4461-afc0-2cb02fcff473@group-A8B097DE35CC-FollowerState: change to CANDIDATE, lastRpcTime:133ms, electionTimeout:133ms
2019-10-22 00:08:43,312 [Thread-4167] INFO  impl.RoleInfo (RoleInfo.java:shutdownFollowerState(121)) - 1be30185-a2c0-4461-afc0-2cb02fcff473: shutdown FollowerState
2019-10-22 00:08:43,312 [Thread-4167] INFO  impl.RaftServerImpl (RaftServerImpl.java:setRole(184)) - 1be30185-a2c0-4461-afc0-2cb02fcff473@group-A8B097DE35CC: changes role from  FOLLOWER to CANDIDATE at term 16 for changeToCandidate
2019-10-22 00:08:43,312 [Thread-4167] INFO  impl.RoleInfo (RoleInfo.java:updateAndGet(143)) - 1be30185-a2c0-4461-afc0-2cb02fcff473: start LeaderElection
2019-10-22 00:08:43,324 [1be30185-a2c0-4461-afc0-2cb02fcff473@group-A8B097DE35CC-LeaderElection485] INFO  impl.LeaderElection (LeaderElection.java:askForVotes(178)) - 1be30185-a2c0-4461-afc0-2cb02fcff473@group-A8B097DE35CC-LeaderElection485: begin an election at term 17 for -1: [e64b81a2-7e97-4a9c-9a90-0d1e8edce3a8:192.168.157.254:40074, d9951c0b-6d6e-4464-b06b-4ef93c20892c:192.168.157.254:43622, 1be30185-a2c0-4461-afc0-2cb02fcff473:192.168.157.254:38008], old=null
2019-10-22 00:08:43,325 [grpc-default-executor-8] INFO  impl.RaftServerImpl (RaftServerImpl.java:setRole(184)) - e64b81a2-7e97-4a9c-9a90-0d1e8edce3a8@group-A8B097DE35CC: changes role from  FOLLOWER to FOLLOWER at term 17 for recognizeCandidate:1be30185-a2c0-4461-afc0-2cb02fcff473
2019-10-22 00:08:43,325 [grpc-default-executor-8] INFO  impl.RoleInfo (RoleInfo.java:shutdownFollowerState(121)) - e64b81a2-7e97-4a9c-9a90-0d1e8edce3a8: shutdown FollowerState
2019-10-22 00:08:43,325 [grpc-default-executor-3] INFO  impl.RaftServerImpl (RaftServerImpl.java:setRole(184)) - d9951c0b-6d6e-4464-b06b-4ef93c20892c@group-A8B097DE35CC: changes role from  FOLLOWER to FOLLOWER at term 17 for recognizeCandidate:1be30185-a2c0-4461-afc0-2cb02fcff473
2019-10-22 00:08:43,325 [Thread-4166] INFO  impl.FollowerState (FollowerState.java:run(117)) - e64b81a2-7e97-4a9c-9a90-0d1e8edce3a8@group-A8B097DE35CC-FollowerState was interrupted: java.lang.InterruptedException: sleep interrupted
2019-10-22 00:08:43,325 [grpc-default-executor-8] INFO  impl.RoleInfo (RoleInfo.java:updateAndGet(143)) - e64b81a2-7e97-4a9c-9a90-0d1e8edce3a8: start FollowerState
2019-10-22 00:08:43,325 [grpc-default-executor-3] INFO  impl.RoleInfo (RoleInfo.java:shutdownFollowerState(121)) - d9951c0b-6d6e-4464-b06b-4ef93c20892c: shutdown FollowerState
2019-10-22 00:08:43,326 [grpc-default-executor-3] INFO  impl.RoleInfo (RoleInfo.java:updateAndGet(143)) - d9951c0b-6d6e-4464-b06b-4ef93c20892c: start FollowerState
2019-10-22 00:08:43,326 [Thread-4165] INFO  impl.FollowerState (FollowerState.java:run(117)) - d9951c0b-6d6e-4464-b06b-4ef93c20892c@group-A8B097DE35CC-FollowerState was interrupted: java.lang.InterruptedException: sleep interrupted
2019-10-22 00:08:43,329 [1be30185-a2c0-4461-afc0-2cb02fcff473@group-A8B097DE35CC-LeaderElection485] INFO  impl.LeaderElection (LeaderElection.java:logAndReturn(56)) - 1be30185-a2c0-4461-afc0-2cb02fcff473@group-A8B097DE35CC-LeaderElection485: Election REJECTED; received 2 response(s) [1be30185-a2c0-4461-afc0-2cb02fcff473<-e64b81a2-7e97-4a9c-9a90-0d1e8edce3a8#0:FAIL-t17, 1be30185-a2c0-4461-afc0-2cb02fcff473<-d9951c0b-6d6e-4464-b06b-4ef93c20892c#0:FAIL-t17] and 0 exception(s); 1be30185-a2c0-4461-afc0-2cb02fcff473@group-A8B097DE35CC:t17, leader=null, voted=1be30185-a2c0-4461-afc0-2cb02fcff473, raftlog=1be30185-a2c0-4461-afc0-2cb02fcff473@group-A8B097DE35CC-SegmentedRaftLog:OPENED:c-1,f-1,i0, conf=-1: [e64b81a2-7e97-4a9c-9a90-0d1e8edce3a8:192.168.157.254:40074, d9951c0b-6d6e-4464-b06b-4ef93c20892c:192.168.157.254:43622, 1be30185-a2c0-4461-afc0-2cb02fcff473:192.168.157.254:38008], old=null
2019-10-22 00:08:43,329 [1be30185-a2c0-4461-afc0-2cb02fcff473@group-A8B097DE35CC-LeaderElection485] INFO  impl.RaftServerImpl (RaftServerImpl.java:setRole(184)) - 1be30185-a2c0-4461-afc0-2cb02fcff473@group-A8B097DE35CC: changes role from CANDIDATE to FOLLOWER at term 17 for DISCOVERED_A_NEW_TERM
2019-10-22 00:08:43,330 [1be30185-a2c0-4461-afc0-2cb02fcff473@group-A8B097DE35CC-LeaderElection485] INFO  impl.RoleInfo (RoleInfo.java:shutdownLeaderElection(134)) - 1be30185-a2c0-4461-afc0-2cb02fcff473: shutdown LeaderElection
2019-10-22 00:08:43,330 [1be30185-a2c0-4461-afc0-2cb02fcff473@group-A8B097DE35CC-LeaderElection485] INFO  impl.RoleInfo (RoleInfo.java:updateAndGet(143)) - 1be30185-a2c0-4461-afc0-2cb02fcff473: start FollowerState
2019-10-22 00:08:43,414 [RatisApplyTransactionExecutor 1] INFO  interfaces.Container (KeyValueContainer.java:flushAndSyncDB(386)) - Container 1 is synced with bcsId 3.
2019-10-22 00:08:43,414 [RatisApplyTransactionExecutor 1] INFO  interfaces.Container (KeyValueContainer.java:flushAndSyncDB(386)) - Container 1 is synced with bcsId 3.
2019-10-22 00:08:43,415 [RatisApplyTransactionExecutor 1] INFO  interfaces.Container (KeyValueContainer.java:flushAndSyncDB(386)) - Container 1 is synced with bcsId 3.
2019-10-22 00:08:43,415 [RatisApplyTransactionExecutor 1] INFO  interfaces.Container (KeyValueContainer.java:flushAndSyncDB(386)) - Container 1 is synced with bcsId 3.
2019-10-22 00:08:43,418 [RatisApplyTransactionExecutor 1] INFO  interfaces.Container (KeyValueContainer.java:flushAndSyncDB(386)) - Container 1 is synced with bcsId 3.
2019-10-22 00:08:43,418 [RatisApplyTransactionExecutor 1] INFO  interfaces.Container (KeyValueContainer.java:flushAndSyncDB(386)) - Container 1 is synced with bcsId 3.
2019-10-22 00:08:43,425 [RatisApplyTransactionExecutor 1] INFO  interfaces.Container (KeyValueContainer.java:close(335)) - Container 1 is closed with bcsId 3.
2019-10-22 00:08:43,425 [RatisApplyTransactionExecutor 1] INFO  interfaces.Container (KeyValueContainer.java:close(335)) - Container 1 is closed with bcsId 3.
2019-10-22 00:08:43,425 [RatisApplyTransactionExecutor 1] INFO  interfaces.Container (KeyValueContainer.java:close(335)) - Container 1 is closed with bcsId 3.
2019-10-22 00:08:43,426 [EventQueue-IncrementalContainerReportForIncrementalContainerReportHandler] INFO  container.IncrementalContainerReportHandler (AbstractContainerReportHandler.java:updateContainerState(178)) - Moving container #1 to CLOSED state, datanode f9169fae-8e57-49b1-968c-b0c13a9c79ea{ip: 192.168.157.254, host: pr-hdds-2343-5q8j9-3338874002, networkLocation: /rack1, certSerialId: null} reported CLOSED replica.
2019-10-22 00:08:43,506 [Thread-4176] INFO  impl.FollowerState (FollowerState.java:run(108)) - 1be30185-a2c0-4461-afc0-2cb02fcff473@group-A8B097DE35CC-FollowerState: change to CANDIDATE, lastRpcTime:176ms, electionTimeout:176ms
2019-10-22 00:08:43,506 [Thread-4176] INFO  impl.RoleInfo (RoleInfo.java:shutdownFollowerState(121)) - 1be30185-a2c0-4461-afc0-2cb02fcff473: shutdown FollowerState
2019-10-22 00:08:43,506 [Thread-4176] INFO  impl.RaftServerImpl (RaftServerImpl.java:setRole(184)) - 1be30185-a2c0-4461-afc0-2cb02fcff473@group-A8B097DE35CC: changes role from  FOLLOWER to CANDIDATE at term 17 for changeToCandidate
2019-10-22 00:08:43,506 [Thread-4176] INFO  impl.RoleInfo (RoleInfo.java:updateAndGet(143)) - 1be30185-a2c0-4461-afc0-2cb02fcff473: start LeaderElection
2019-10-22 00:08:43,512 [1be30185-a2c0-4461-afc0-2cb02fcff473@group-A8B097DE35CC-LeaderElection486] INFO  impl.LeaderElection (LeaderElection.java:askForVotes(178)) - 1be30185-a2c0-4461-afc0-2cb02fcff473@group-A8B097DE35CC-LeaderElection486: begin an election at term 18 for -1: [e64b81a2-7e97-4a9c-9a90-0d1e8edce3a8:192.168.157.254:40074, d9951c0b-6d6e-4464-b06b-4ef93c20892c:192.168.157.254:43622, 1be30185-a2c0-4461-afc0-2cb02fcff473:192.168.157.254:38008], old=null
2019-10-22 00:08:43,514 [grpc-default-executor-3] INFO  impl.RaftServerImpl (RaftServerImpl.java:setRole(184)) - e64b81a2-7e97-4a9c-9a90-0d1e8edce3a8@group-A8B097DE35CC: changes role from  FOLLOWER to FOLLOWER at term 18 for recognizeCandidate:1be30185-a2c0-4461-afc0-2cb02fcff473
2019-10-22 00:08:43,514 [grpc-default-executor-8] INFO  impl.RaftServerImpl (RaftServerImpl.java:setRole(184)) - d9951c0b-6d6e-4464-b06b-4ef93c20892c@group-A8B097DE35CC: changes role from  FOLLOWER to FOLLOWER at term 18 for recognizeCandidate:1be30185-a2c0-4461-afc0-2cb02fcff473
2019-10-22 00:08:43,514 [grpc-default-executor-3] INFO  impl.RoleInfo (RoleInfo.java:shutdownFollowerState(121)) - e64b81a2-7e97-4a9c-9a90-0d1e8edce3a8: shutdown FollowerState
2019-10-22 00:08:43,514 [grpc-default-executor-8] INFO  impl.RoleInfo (RoleInfo.java:shutdownFollowerState(121)) - d9951c0b-6d6e-4464-b06b-4ef93c20892c: shutdown FollowerState
2019-10-22 00:08:43,514 [Thread-4174] INFO  impl.FollowerState (FollowerState.java:run(117)) - e64b81a2-7e97-4a9c-9a90-0d1e8edce3a8@group-A8B097DE35CC-FollowerState was interrupted: java.lang.InterruptedException: sleep interrupted
2019-10-22 00:08:43,514 [Thread-4175] INFO  impl.FollowerState (FollowerState.java:run(117)) - d9951c0b-6d6e-4464-b06b-4ef93c20892c@group-A8B097DE35CC-FollowerState was interrupted: java.lang.InterruptedException: sleep interrupted
2019-10-22 00:08:43,514 [grpc-default-executor-8] INFO  impl.RoleInfo (RoleInfo.java:updateAndGet(143)) - d9951c0b-6d6e-4464-b06b-4ef93c20892c: start FollowerState
2019-10-22 00:08:43,514 [grpc-default-executor-3] INFO  impl.RoleInfo (RoleInfo.java:updateAndGet(143)) - e64b81a2-7e97-4a9c-9a90-0d1e8edce3a8: start FollowerState
2019-10-22 00:08:43,515 [1be30185-a2c0-4461-afc0-2cb02fcff473@group-A8B097DE35CC-LeaderElection486] INFO  impl.LeaderElection (LeaderElection.java:logAndReturn(56)) - 1be30185-a2c0-4461-afc0-2cb02fcff473@group-A8B097DE35CC-LeaderElection486: Election TIMEOUT; received 0 response(s) [] and 0 exception(s); 1be30185-a2c0-4461-afc0-2cb02fcff473@group-A8B097DE35CC:t18, leader=null, voted=1be30185-a2c0-4461-afc0-2cb02fcff473, raftlog=1be30185-a2c0-4461-afc0-2cb02fcff473@group-A8B097DE35CC-SegmentedRaftLog:OPENED:c-1,f-1,i0, conf=-1: [e64b81a2-7e97-4a9c-9a90-0d1e8edce3a8:192.168.157.254:40074, d9951c0b-6d6e-4464-b06b-4ef93c20892c:192.168.157.254:43622, 1be30185-a2c0-4461-afc0-2cb02fcff473:192.168.157.254:38008], old=null
2019-10-22 00:08:43,528 [1be30185-a2c0-4461-afc0-2cb02fcff473@group-A8B097DE35CC-LeaderElection486] INFO  impl.LeaderElection (LeaderElection.java:askForVotes(178)) - 1be30185-a2c0-4461-afc0-2cb02fcff473@group-A8B097DE35CC-LeaderElection486: begin an election at term 19 for -1: [e64b81a2-7e97-4a9c-9a90-0d1e8edce3a8:192.168.157.254:40074, d9951c0b-6d6e-4464-b06b-4ef93c20892c:192.168.157.254:43622, 1be30185-a2c0-4461-afc0-2cb02fcff473:192.168.157.254:38008], old=null
2019-10-22 00:08:43,529 [grpc-default-executor-3] INFO  impl.RaftServerImpl (RaftServerImpl.java:setRole(184)) - e64b81a2-7e97-4a9c-9a90-0d1e8edce3a8@group-A8B097DE35CC: changes role from  FOLLOWER to FOLLOWER at term 19 for recognizeCandidate:1be30185-a2c0-4461-afc0-2cb02fcff473
2019-10-22 00:08:43,529 [grpc-default-executor-3] INFO  impl.RoleInfo (RoleInfo.java:shutdownFollowerState(121)) - e64b81a2-7e97-4a9c-9a90-0d1e8edce3a8: shutdown FollowerState
2019-10-22 00:08:43,529 [grpc-default-executor-8] INFO  impl.RaftServerImpl (RaftServerImpl.java:setRole(184)) - d9951c0b-6d6e-4464-b06b-4ef93c20892c@group-A8B097DE35CC: changes role from  FOLLOWER to FOLLOWER at term 19 for recognizeCandidate:1be30185-a2c0-4461-afc0-2cb02fcff473
2019-10-22 00:08:43,529 [Thread-4186] INFO  impl.FollowerState (FollowerState.java:run(117)) - e64b81a2-7e97-4a9c-9a90-0d1e8edce3a8@group-A8B097DE35CC-FollowerState was interrupted: java.lang.InterruptedException: sleep interrupted
2019-10-22 00:08:43,529 [grpc-default-executor-3] INFO  impl.RoleInfo (RoleInfo.java:updateAndGet(143)) - e64b81a2-7e97-4a9c-9a90-0d1e8edce3a8: start FollowerState
2019-10-22 00:08:43,529 [grpc-default-executor-8] INFO  impl.RoleInfo (RoleInfo.java:shutdownFollowerState(121)) - d9951c0b-6d6e-4464-b06b-4ef93c20892c: shutdown FollowerState
2019-10-22 00:08:43,530 [Thread-4187] INFO  impl.FollowerState (FollowerState.java:run(117)) - d9951c0b-6d6e-4464-b06b-4ef93c20892c@group-A8B097DE35CC-FollowerState was interrupted: java.lang.InterruptedException: sleep interrupted
2019-10-22 00:08:43,530 [grpc-default-executor-8] INFO  impl.RoleInfo (RoleInfo.java:updateAndGet(143)) - d9951c0b-6d6e-4464-b06b-4ef93c20892c: start FollowerState
2019-10-22 00:08:43,554 [1be30185-a2c0-4461-afc0-2cb02fcff473@group-A8B097DE35CC-LeaderElection486] INFO  impl.LeaderElection (LeaderElection.java:logAndReturn(56)) - 1be30185-a2c0-4461-afc0-2cb02fcff473@group-A8B097DE35CC-LeaderElection486: Election TIMEOUT; received 0 response(s) [] and 0 exception(s); 1be30185-a2c0-4461-afc0-2cb02fcff473@group-A8B097DE35CC:t19, leader=null, voted=1be30185-a2c0-4461-afc0-2cb02fcff473, raftlog=1be30185-a2c0-4461-afc0-2cb02fcff473@group-A8B097DE35CC-SegmentedRaftLog:OPENED:c-1,f-1,i0, conf=-1: [e64b81a2-7e97-4a9c-9a90-0d1e8edce3a8:192.168.157.254:40074, d9951c0b-6d6e-4464-b06b-4ef93c20892c:192.168.157.254:43622, 1be30185-a2c0-4461-afc0-2cb02fcff473:192.168.157.254:38008], old=null
2019-10-22 00:08:43,556 [1be30185-a2c0-4461-afc0-2cb02fcff473@group-A8B097DE35CC-LeaderElection486] INFO  impl.LeaderElection (LeaderElection.java:askForVotes(178)) - 1be30185-a2c0-4461-afc0-2cb02fcff473@group-A8B097DE35CC-LeaderElection486: begin an election at term 20 for -1: [e64b81a2-7e97-4a9c-9a90-0d1e8edce3a8:192.168.157.254:40074, d9951c0b-6d6e-4464-b06b-4ef93c20892c:192.168.157.254:43622, 1be30185-a2c0-4461-afc0-2cb02fcff473:192.168.157.254:38008], old=null
2019-10-22 00:08:43,557 [grpc-default-executor-8] INFO  impl.RaftServerImpl (RaftServerImpl.java:setRole(184)) - e64b81a2-7e97-4a9c-9a90-0d1e8edce3a8@group-A8B097DE35CC: changes role from  FOLLOWER to FOLLOWER at term 20 for recognizeCandidate:1be30185-a2c0-4461-afc0-2cb02fcff473
2019-10-22 00:08:43,557 [grpc-default-executor-3] INFO  impl.RaftServerImpl (RaftServerImpl.java:setRole(184)) - d9951c0b-6d6e-4464-b06b-4ef93c20892c@group-A8B097DE35CC: changes role from  FOLLOWER to FOLLOWER at term 20 for recognizeCandidate:1be30185-a2c0-4461-afc0-2cb02fcff473
2019-10-22 00:08:43,557 [grpc-default-executor-8] INFO  impl.RoleInfo (RoleInfo.java:shutdownFollowerState(121)) - e64b81a2-7e97-4a9c-9a90-0d1e8edce3a8: shutdown FollowerState
2019-10-22 00:08:43,557 [grpc-default-executor-3] INFO  impl.RoleInfo (RoleInfo.java:shutdownFollowerState(121)) - d9951c0b-6d6e-4464-b06b-4ef93c20892c: shutdown FollowerState
2019-10-22 00:08:43,557 [Thread-4190] INFO  impl.FollowerState (FollowerState.java:run(117)) - e64b81a2-7e97-4a9c-9a90-0d1e8edce3a8@group-A8B097DE35CC-FollowerState was interrupted: java.lang.InterruptedException: sleep interrupted
2019-10-22 00:08:43,557 [grpc-default-executor-8] INFO  impl.RoleInfo (RoleInfo.java:updateAndGet(143)) - e64b81a2-7e97-4a9c-9a90-0d1e8edce3a8: start FollowerState
2019-10-22 00:08:43,557 [Thread-4191] INFO  impl.FollowerState (FollowerState.java:run(117)) - d9951c0b-6d6e-4464-b06b-4ef93c20892c@group-A8B097DE35CC-FollowerState was interrupted: java.lang.InterruptedException: sleep interrupted
2019-10-22 00:08:43,557 [grpc-default-executor-3] INFO  impl.RoleInfo (RoleInfo.java:updateAndGet(143)) - d9951c0b-6d6e-4464-b06b-4ef93c20892c: start FollowerState
2019-10-22 00:08:43,594 [1be30185-a2c0-4461-afc0-2cb02fcff473@group-A8B097DE35CC-LeaderElection486] INFO  impl.LeaderElection (LeaderElection.java:logAndReturn(56)) - 1be30185-a2c0-4461-afc0-2cb02fcff473@group-A8B097DE35CC-LeaderElection486: Election REJECTED; received 2 response(s) [1be30185-a2c0-4461-afc0-2cb02fcff473<-e64b81a2-7e97-4a9c-9a90-0d1e8edce3a8#0:FAIL-t20, 1be30185-a2c0-4461-afc0-2cb02fcff473<-d9951c0b-6d6e-4464-b06b-4ef93c20892c#0:FAIL-t20] and 0 exception(s); 1be30185-a2c0-4461-afc0-2cb02fcff473@group-A8B097DE35CC:t20, leader=null, voted=1be30185-a2c0-4461-afc0-2cb02fcff473, raftlog=1be30185-a2c0-4461-afc0-2cb02fcff473@group-A8B097DE35CC-SegmentedRaftLog:OPENED:c-1,f-1,i0, conf=-1: [e64b81a2-7e97-4a9c-9a90-0d1e8edce3a8:192.168.157.254:40074, d9951c0b-6d6e-4464-b06b-4ef93c20892c:192.168.157.254:43622, 1be30185-a2c0-4461-afc0-2cb02fcff473:192.168.157.254:38008], old=null
2019-10-22 00:08:43,594 [1be30185-a2c0-4461-afc0-2cb02fcff473@group-A8B097DE35CC-LeaderElection486] INFO  impl.RaftServerImpl (RaftServerImpl.java:setRole(184)) - 1be30185-a2c0-4461-afc0-2cb02fcff473@group-A8B097DE35CC: changes role from CANDIDATE to FOLLOWER at term 20 for DISCOVERED_A_NEW_TERM
2019-10-22 00:08:43,594 [1be30185-a2c0-4461-afc0-2cb02fcff473@group-A8B097DE35CC-LeaderElection486] INFO  impl.RoleInfo (RoleInfo.java:shutdownLeaderElection(134)) - 1be30185-a2c0-4461-afc0-2cb02fcff473: shutdown LeaderElection
2019-10-22 00:08:43,594 [1be30185-a2c0-4461-afc0-2cb02fcff473@group-A8B097DE35CC-LeaderElection486] INFO  impl.RoleInfo (RoleInfo.java:updateAndGet(143)) - 1be30185-a2c0-4461-afc0-2cb02fcff473: start FollowerState
2019-10-22 00:08:43,736 [Thread-4196] INFO  impl.FollowerState (FollowerState.java:run(108)) - 1be30185-a2c0-4461-afc0-2cb02fcff473@group-A8B097DE35CC-FollowerState: change to CANDIDATE, lastRpcTime:141ms, electionTimeout:141ms
2019-10-22 00:08:43,736 [Thread-4196] INFO  impl.RoleInfo (RoleInfo.java:shutdownFollowerState(121)) - 1be30185-a2c0-4461-afc0-2cb02fcff473: shutdown FollowerState
2019-10-22 00:08:43,736 [Thread-4196] INFO  impl.RaftServerImpl (RaftServerImpl.java:setRole(184)) - 1be30185-a2c0-4461-afc0-2cb02fcff473@group-A8B097DE35CC: changes role from  FOLLOWER to CANDIDATE at term 20 for changeToCandidate
2019-10-22 00:08:43,736 [Thread-4196] INFO  impl.RoleInfo (RoleInfo.java:updateAndGet(143)) - 1be30185-a2c0-4461-afc0-2cb02fcff473: start LeaderElection
2019-10-22 00:08:43,750 [1be30185-a2c0-4461-afc0-2cb02fcff473@group-A8B097DE35CC-LeaderElection487] INFO  impl.LeaderElection (LeaderElection.java:askForVotes(178)) - 1be30185-a2c0-4461-afc0-2cb02fcff473@group-A8B097DE35CC-LeaderElection487: begin an election at term 21 for -1: [e64b81a2-7e97-4a9c-9a90-0d1e8edce3a8:192.168.157.254:40074, d9951c0b-6d6e-4464-b06b-4ef93c20892c:192.168.157.254:43622, 1be30185-a2c0-4461-afc0-2cb02fcff473:192.168.157.254:38008], old=null
2019-10-22 00:08:43,752 [grpc-default-executor-3] INFO  impl.RaftServerImpl (RaftServerImpl.java:setRole(184)) - d9951c0b-6d6e-4464-b06b-4ef93c20892c@group-A8B097DE35CC: changes role from  FOLLOWER to FOLLOWER at term 21 for recognizeCandidate:1be30185-a2c0-4461-afc0-2cb02fcff473
2019-10-22 00:08:43,752 [grpc-default-executor-8] INFO  impl.RaftServerImpl (RaftServerImpl.java:setRole(184)) - e64b81a2-7e97-4a9c-9a90-0d1e8edce3a8@group-A8B097DE35CC: changes role from  FOLLOWER to FOLLOWER at term 21 for recognizeCandidate:1be30185-a2c0-4461-afc0-2cb02fcff473
2019-10-22 00:08:43,752 [grpc-default-executor-3] INFO  impl.RoleInfo (RoleInfo.java:shutdownFollowerState(121)) - d9951c0b-6d6e-4464-b06b-4ef93c20892c: shutdown FollowerState
2019-10-22 00:08:43,752 [grpc-default-executor-8] INFO  impl.RoleInfo (RoleInfo.java:shutdownFollowerState(121)) - e64b81a2-7e97-4a9c-9a90-0d1e8edce3a8: shutdown FollowerState
2019-10-22 00:08:43,752 [grpc-default-executor-3] INFO  impl.RoleInfo (RoleInfo.java:updateAndGet(143)) - d9951c0b-6d6e-4464-b06b-4ef93c20892c: start FollowerState
2019-10-22 00:08:43,753 [Thread-4194] INFO  impl.FollowerState (FollowerState.java:run(117)) - e64b81a2-7e97-4a9c-9a90-0d1e8edce3a8@group-A8B097DE35CC-FollowerState was interrupted: java.lang.InterruptedException: sleep interrupted
2019-10-22 00:08:43,753 [grpc-default-executor-8] INFO  impl.RoleInfo (RoleInfo.java:updateAndGet(143)) - e64b81a2-7e97-4a9c-9a90-0d1e8edce3a8: start FollowerState
2019-10-22 00:08:43,752 [Thread-4195] INFO  impl.FollowerState (FollowerState.java:run(117)) - d9951c0b-6d6e-4464-b06b-4ef93c20892c@group-A8B097DE35CC-FollowerState was interrupted: java.lang.InterruptedException: sleep interrupted
2019-10-22 00:08:43,781 [1be30185-a2c0-4461-afc0-2cb02fcff473@group-A8B097DE35CC-LeaderElection487] INFO  impl.LeaderElection (LeaderElection.java:logAndReturn(56)) - 1be30185-a2c0-4461-afc0-2cb02fcff473@group-A8B097DE35CC-LeaderElection487: Election REJECTED; received 2 response(s) [1be30185-a2c0-4461-afc0-2cb02fcff473<-e64b81a2-7e97-4a9c-9a90-0d1e8edce3a8#0:FAIL-t21, 1be30185-a2c0-4461-afc0-2cb02fcff473<-d9951c0b-6d6e-4464-b06b-4ef93c20892c#0:FAIL-t21] and 0 exception(s); 1be30185-a2c0-4461-afc0-2cb02fcff473@group-A8B097DE35CC:t21, leader=null, voted=1be30185-a2c0-4461-afc0-2cb02fcff473, raftlog=1be30185-a2c0-4461-afc0-2cb02fcff473@group-A8B097DE35CC-SegmentedRaftLog:OPENED:c-1,f-1,i0, conf=-1: [e64b81a2-7e97-4a9c-9a90-0d1e8edce3a8:192.168.157.254:40074, d9951c0b-6d6e-4464-b06b-4ef93c20892c:192.168.157.254:43622, 1be30185-a2c0-4461-afc0-2cb02fcff473:192.168.157.254:38008], old=null
2019-10-22 00:08:43,781 [1be30185-a2c0-4461-afc0-2cb02fcff473@group-A8B097DE35CC-LeaderElection487] INFO  impl.RaftServerImpl (RaftServerImpl.java:setRole(184)) - 1be30185-a2c0-4461-afc0-2cb02fcff473@group-A8B097DE35CC: changes role from CANDIDATE to FOLLOWER at term 21 for DISCOVERED_A_NEW_TERM
2019-10-22 00:08:43,781 [1be30185-a2c0-4461-afc0-2cb02fcff473@group-A8B097DE35CC-LeaderElection487] INFO  impl.RoleInfo (RoleInfo.java:shutdownLeaderElection(134)) - 1be30185-a2c0-4461-afc0-2cb02fcff473: shutdown LeaderElection
2019-10-22 00:08:43,781 [1be30185-a2c0-4461-afc0-2cb02fcff473@group-A8B097DE35CC-LeaderElection487] INFO  impl.RoleInfo (RoleInfo.java:updateAndGet(143)) - 1be30185-a2c0-4461-afc0-2cb02fcff473: start FollowerState
00:08:43.781 [grpc-default-executor-4] ERROR DNAudit - user=null | ip=null | op=WRITE_CHUNK {blockData=conID: 1 locID: 103003122694356995 bcsId: 3} | ret=FAILURE
org.apache.hadoop.hdds.scm.container.common.helpers.ContainerNotOpenException: Container 1 in CLOSED state
	at org.apache.hadoop.ozone.container.common.impl.HddsDispatcher.validateContainerCommand(HddsDispatcher.java:436) ~[hadoop-hdds-container-service-0.5.0-SNAPSHOT.jar:?]
	at org.apache.hadoop.ozone.container.common.transport.server.ratis.ContainerStateMachine.startTransaction(ContainerStateMachine.java:320) ~[hadoop-hdds-container-service-0.5.0-SNAPSHOT.jar:?]
	at org.apache.ratis.server.impl.RaftServerImpl.submitClientRequestAsync(RaftServerImpl.java:591) ~[ratis-server-0.5.0-3f446aa-SNAPSHOT.jar:0.5.0-3f446aa-SNAPSHOT]
	at org.apache.ratis.server.impl.RaftServerProxy.lambda$submitClientRequestAsync$7(RaftServerProxy.java:333) ~[ratis-server-0.5.0-3f446aa-SNAPSHOT.jar:0.5.0-3f446aa-SNAPSHOT]
	at org.apache.ratis.server.impl.RaftServerProxy.lambda$null$5(RaftServerProxy.java:328) ~[ratis-server-0.5.0-3f446aa-SNAPSHOT.jar:0.5.0-3f446aa-SNAPSHOT]
	at org.apache.ratis.util.JavaUtils.callAsUnchecked(JavaUtils.java:109) ~[ratis-common-0.5.0-3f446aa-SNAPSHOT.jar:0.5.0-3f446aa-SNAPSHOT]
	at org.apache.ratis.server.impl.RaftServerProxy.lambda$submitRequest$6(RaftServerProxy.java:328) ~[ratis-server-0.5.0-3f446aa-SNAPSHOT.jar:0.5.0-3f446aa-SNAPSHOT]
	at java.util.concurrent.CompletableFuture.uniComposeStage(CompletableFuture.java:981) ~[?:1.8.0_222]
	at java.util.concurrent.CompletableFuture.thenCompose(CompletableFuture.java:2124) ~[?:1.8.0_222]
	at org.apache.ratis.server.impl.RaftServerProxy.submitRequest(RaftServerProxy.java:327) ~[ratis-server-0.5.0-3f446aa-SNAPSHOT.jar:0.5.0-3f446aa-SNAPSHOT]
	at org.apache.ratis.server.impl.RaftServerProxy.submitClientRequestAsync(RaftServerProxy.java:333) ~[ratis-server-0.5.0-3f446aa-SNAPSHOT.jar:0.5.0-3f446aa-SNAPSHOT]
	at org.apache.ratis.grpc.client.GrpcClientProtocolService$RequestStreamObserver.processClientRequest(GrpcClientProtocolService.java:220) ~[ratis-grpc-0.5.0-3f446aa-SNAPSHOT.jar:0.5.0-3f446aa-SNAPSHOT]
	at org.apache.ratis.grpc.client.GrpcClientProtocolService$OrderedRequestStreamObserver.processClientRequest(GrpcClientProtocolService.java:326) ~[ratis-grpc-0.5.0-3f446aa-SNAPSHOT.jar:0.5.0-3f446aa-SNAPSHOT]
	at org.apache.ratis.util.SlidingWindow$Server.processRequestsFromHead(SlidingWindow.java:429) [ratis-common-0.5.0-3f446aa-SNAPSHOT.jar:0.5.0-3f446aa-SNAPSHOT]
	at org.apache.ratis.util.SlidingWindow$Server.receivedRequest(SlidingWindow.java:421) [ratis-common-0.5.0-3f446aa-SNAPSHOT.jar:0.5.0-3f446aa-SNAPSHOT]
	at org.apache.ratis.grpc.client.GrpcClientProtocolService$OrderedRequestStreamObserver.processClientRequest(GrpcClientProtocolService.java:345) [ratis-grpc-0.5.0-3f446aa-SNAPSHOT.jar:0.5.0-3f446aa-SNAPSHOT]
	at org.apache.ratis.grpc.client.GrpcClientProtocolService$RequestStreamObserver.onNext(GrpcClientProtocolService.java:240) [ratis-grpc-0.5.0-3f446aa-SNAPSHOT.jar:0.5.0-3f446aa-SNAPSHOT]
	at org.apache.ratis.grpc.client.GrpcClientProtocolService$RequestStreamObserver.onNext(GrpcClientProtocolService.java:168) [ratis-grpc-0.5.0-3f446aa-SNAPSHOT.jar:0.5.0-3f446aa-SNAPSHOT]
	at org.apache.ratis.thirdparty.io.grpc.stub.ServerCalls$StreamingServerCallHandler$StreamingServerCallListener.onMessage(ServerCalls.java:248) [ratis-thirdparty-misc-0.2.0.jar:0.2.0]
	at org.apache.ratis.thirdparty.io.grpc.internal.ServerCallImpl$ServerStreamListenerImpl.messagesAvailable(ServerCallImpl.java:263) [ratis-thirdparty-misc-0.2.0.jar:0.2.0]
	at org.apache.ratis.thirdparty.io.grpc.internal.ServerImpl$JumpToApplicationThreadServerStreamListener$1MessagesAvailable.runInContext(ServerImpl.java:686) [ratis-thirdparty-misc-0.2.0.jar:0.2.0]
	at org.apache.ratis.thirdparty.io.grpc.internal.ContextRunnable.run(ContextRunnable.java:37) [ratis-thirdparty-misc-0.2.0.jar:0.2.0]
	at org.apache.ratis.thirdparty.io.grpc.internal.SerializingExecutor.run(SerializingExecutor.java:123) [ratis-thirdparty-misc-0.2.0.jar:0.2.0]
	at java.util.concurrent.ThreadPoolExecutor.runWorker(ThreadPoolExecutor.java:1149) [?:1.8.0_222]
	at java.util.concurrent.ThreadPoolExecutor$Worker.run(ThreadPoolExecutor.java:624) [?:1.8.0_222]
	at java.lang.Thread.run(Thread.java:748) [?:1.8.0_222]
00:08:43.811 [grpc-default-executor-4] ERROR DNAudit - user=null | ip=null | op=PUT_BLOCK {blockData=[blockId=conID: 1 locID: 103003122694356995 bcsId: 0,size=2097152]} | ret=FAILURE
org.apache.hadoop.hdds.scm.container.common.helpers.ContainerNotOpenException: Container 1 in CLOSED state
	at org.apache.hadoop.ozone.container.common.impl.HddsDispatcher.validateContainerCommand(HddsDispatcher.java:436) ~[hadoop-hdds-container-service-0.5.0-SNAPSHOT.jar:?]
	at org.apache.hadoop.ozone.container.common.transport.server.ratis.ContainerStateMachine.startTransaction(ContainerStateMachine.java:320) ~[hadoop-hdds-container-service-0.5.0-SNAPSHOT.jar:?]
	at org.apache.ratis.server.impl.RaftServerImpl.submitClientRequestAsync(RaftServerImpl.java:591) ~[ratis-server-0.5.0-3f446aa-SNAPSHOT.jar:0.5.0-3f446aa-SNAPSHOT]
	at org.apache.ratis.server.impl.RaftServerProxy.lambda$submitClientRequestAsync$7(RaftServerProxy.java:333) ~[ratis-server-0.5.0-3f446aa-SNAPSHOT.jar:0.5.0-3f446aa-SNAPSHOT]
	at org.apache.ratis.server.impl.RaftServerProxy.lambda$null$5(RaftServerProxy.java:328) ~[ratis-server-0.5.0-3f446aa-SNAPSHOT.jar:0.5.0-3f446aa-SNAPSHOT]
	at org.apache.ratis.util.JavaUtils.callAsUnchecked(JavaUtils.java:109) ~[ratis-common-0.5.0-3f446aa-SNAPSHOT.jar:0.5.0-3f446aa-SNAPSHOT]
	at org.apache.ratis.server.impl.RaftServerProxy.lambda$submitRequest$6(RaftServerProxy.java:328) ~[ratis-server-0.5.0-3f446aa-SNAPSHOT.jar:0.5.0-3f446aa-SNAPSHOT]
	at java.util.concurrent.CompletableFuture.uniComposeStage(CompletableFuture.java:981) ~[?:1.8.0_222]
	at java.util.concurrent.CompletableFuture.thenCompose(CompletableFuture.java:2124) ~[?:1.8.0_222]
	at org.apache.ratis.server.impl.RaftServerProxy.submitRequest(RaftServerProxy.java:327) ~[ratis-server-0.5.0-3f446aa-SNAPSHOT.jar:0.5.0-3f446aa-SNAPSHOT]
	at org.apache.ratis.server.impl.RaftServerProxy.submitClientRequestAsync(RaftServerProxy.java:333) ~[ratis-server-0.5.0-3f446aa-SNAPSHOT.jar:0.5.0-3f446aa-SNAPSHOT]
	at org.apache.ratis.grpc.client.GrpcClientProtocolService$RequestStreamObserver.processClientRequest(GrpcClientProtocolService.java:220) ~[ratis-grpc-0.5.0-3f446aa-SNAPSHOT.jar:0.5.0-3f446aa-SNAPSHOT]
	at org.apache.ratis.grpc.client.GrpcClientProtocolService$OrderedRequestStreamObserver.processClientRequest(GrpcClientProtocolService.java:326) ~[ratis-grpc-0.5.0-3f446aa-SNAPSHOT.jar:0.5.0-3f446aa-SNAPSHOT]
	at org.apache.ratis.util.SlidingWindow$Server.processRequestsFromHead(SlidingWindow.java:429) [ratis-common-0.5.0-3f446aa-SNAPSHOT.jar:0.5.0-3f446aa-SNAPSHOT]
	at org.apache.ratis.util.SlidingWindow$Server.receivedRequest(SlidingWindow.java:421) [ratis-common-0.5.0-3f446aa-SNAPSHOT.jar:0.5.0-3f446aa-SNAPSHOT]
	at org.apache.ratis.grpc.client.GrpcClientProtocolService$OrderedRequestStreamObserver.processClientRequest(GrpcClientProtocolService.java:345) [ratis-grpc-0.5.0-3f446aa-SNAPSHOT.jar:0.5.0-3f446aa-SNAPSHOT]
	at org.apache.ratis.grpc.client.GrpcClientProtocolService$RequestStreamObserver.onNext(GrpcClientProtocolService.java:240) [ratis-grpc-0.5.0-3f446aa-SNAPSHOT.jar:0.5.0-3f446aa-SNAPSHOT]
	at org.apache.ratis.grpc.client.GrpcClientProtocolService$RequestStreamObserver.onNext(GrpcClientProtocolService.java:168) [ratis-grpc-0.5.0-3f446aa-SNAPSHOT.jar:0.5.0-3f446aa-SNAPSHOT]
	at org.apache.ratis.thirdparty.io.grpc.stub.ServerCalls$StreamingServerCallHandler$StreamingServerCallListener.onMessage(ServerCalls.java:248) [ratis-thirdparty-misc-0.2.0.jar:0.2.0]
	at org.apache.ratis.thirdparty.io.grpc.internal.ServerCallImpl$ServerStreamListenerImpl.messagesAvailable(ServerCallImpl.java:263) [ratis-thirdparty-misc-0.2.0.jar:0.2.0]
	at org.apache.ratis.thirdparty.io.grpc.internal.ServerImpl$JumpToApplicationThreadServerStreamListener$1MessagesAvailable.runInContext(ServerImpl.java:686) [ratis-thirdparty-misc-0.2.0.jar:0.2.0]
	at org.apache.ratis.thirdparty.io.grpc.internal.ContextRunnable.run(ContextRunnable.java:37) [ratis-thirdparty-misc-0.2.0.jar:0.2.0]
	at org.apache.ratis.thirdparty.io.grpc.internal.SerializingExecutor.run(SerializingExecutor.java:123) [ratis-thirdparty-misc-0.2.0.jar:0.2.0]
	at java.util.concurrent.ThreadPoolExecutor.runWorker(ThreadPoolExecutor.java:1149) [?:1.8.0_222]
	at java.util.concurrent.ThreadPoolExecutor$Worker.run(ThreadPoolExecutor.java:624) [?:1.8.0_222]
	at java.lang.Thread.run(Thread.java:748) [?:1.8.0_222]
2019-10-22 00:08:43,827 [main] INFO  io.BlockOutputStreamEntryPool (BlockOutputStreamEntryPool.java:allocateNewBlock(257)) - Allocating block with ExcludeList {datanodes = [], containerIds = [#1], pipelineIds = []}
2019-10-22 00:08:43,829 [IPC Server handler 2 on 38419] INFO  server.SCMBlockProtocolServer (SCMBlockProtocolServer.java:allocateBlock(179)) - Allocating 1 blocks of size 4194304, with ExcludeList {datanodes = [], containerIds = [#1], pipelineIds = []}
2019-10-22 00:08:43,971 [Thread-4202] INFO  impl.FollowerState (FollowerState.java:run(108)) - 1be30185-a2c0-4461-afc0-2cb02fcff473@group-A8B097DE35CC-FollowerState: change to CANDIDATE, lastRpcTime:189ms, electionTimeout:189ms
2019-10-22 00:08:43,971 [Thread-4202] INFO  impl.RoleInfo (RoleInfo.java:shutdownFollowerState(121)) - 1be30185-a2c0-4461-afc0-2cb02fcff473: shutdown FollowerState
2019-10-22 00:08:43,971 [Thread-4202] INFO  impl.RaftServerImpl (RaftServerImpl.java:setRole(184)) - 1be30185-a2c0-4461-afc0-2cb02fcff473@group-A8B097DE35CC: changes role from  FOLLOWER to CANDIDATE at term 21 for changeToCandidate
2019-10-22 00:08:43,971 [Thread-4202] INFO  impl.RoleInfo (RoleInfo.java:updateAndGet(143)) - 1be30185-a2c0-4461-afc0-2cb02fcff473: start LeaderElection
2019-10-22 00:08:43,984 [1be30185-a2c0-4461-afc0-2cb02fcff473@group-A8B097DE35CC-LeaderElection488] INFO  impl.LeaderElection (LeaderElection.java:askForVotes(178)) - 1be30185-a2c0-4461-afc0-2cb02fcff473@group-A8B097DE35CC-LeaderElection488: begin an election at term 22 for -1: [e64b81a2-7e97-4a9c-9a90-0d1e8edce3a8:192.168.157.254:40074, d9951c0b-6d6e-4464-b06b-4ef93c20892c:192.168.157.254:43622, 1be30185-a2c0-4461-afc0-2cb02fcff473:192.168.157.254:38008], old=null
2019-10-22 00:08:43,986 [grpc-default-executor-4] INFO  impl.RaftServerImpl (RaftServerImpl.java:setRole(184)) - e64b81a2-7e97-4a9c-9a90-0d1e8edce3a8@group-A8B097DE35CC: changes role from  FOLLOWER to FOLLOWER at term 22 for recognizeCandidate:1be30185-a2c0-4461-afc0-2cb02fcff473
2019-10-22 00:08:43,986 [grpc-default-executor-4] INFO  impl.RoleInfo (RoleInfo.java:shutdownFollowerState(121)) - e64b81a2-7e97-4a9c-9a90-0d1e8edce3a8: shutdown FollowerState
2019-10-22 00:08:43,986 [grpc-default-executor-4] INFO  impl.RoleInfo (RoleInfo.java:updateAndGet(143)) - e64b81a2-7e97-4a9c-9a90-0d1e8edce3a8: start FollowerState
2019-10-22 00:08:43,986 [Thread-4201] INFO  impl.FollowerState (FollowerState.java:run(117)) - e64b81a2-7e97-4a9c-9a90-0d1e8edce3a8@group-A8B097DE35CC-FollowerState was interrupted: java.lang.InterruptedException: sleep interrupted
2019-10-22 00:08:43,987 [grpc-default-executor-3] INFO  impl.RaftServerImpl (RaftServerImpl.java:setRole(184)) - d9951c0b-6d6e-4464-b06b-4ef93c20892c@group-A8B097DE35CC: changes role from  FOLLOWER to FOLLOWER at term 22 for recognizeCandidate:1be30185-a2c0-4461-afc0-2cb02fcff473
2019-10-22 00:08:43,987 [grpc-default-executor-3] INFO  impl.RoleInfo (RoleInfo.java:shutdownFollowerState(121)) - d9951c0b-6d6e-4464-b06b-4ef93c20892c: shutdown FollowerState
2019-10-22 00:08:43,987 [grpc-default-executor-3] INFO  impl.RoleInfo (RoleInfo.java:updateAndGet(143)) - d9951c0b-6d6e-4464-b06b-4ef93c20892c: start FollowerState
2019-10-22 00:08:43,987 [Thread-4200] INFO  impl.FollowerState (FollowerState.java:run(117)) - d9951c0b-6d6e-4464-b06b-4ef93c20892c@group-A8B097DE35CC-FollowerState was interrupted: java.lang.InterruptedException: sleep interrupted
2019-10-22 00:08:43,999 [1be30185-a2c0-4461-afc0-2cb02fcff473@group-A8B097DE35CC-LeaderElection488] INFO  impl.LeaderElection (LeaderElection.java:logAndReturn(56)) - 1be30185-a2c0-4461-afc0-2cb02fcff473@group-A8B097DE35CC-LeaderElection488: Election TIMEOUT; received 0 response(s) [] and 0 exception(s); 1be30185-a2c0-4461-afc0-2cb02fcff473@group-A8B097DE35CC:t22, leader=null, voted=1be30185-a2c0-4461-afc0-2cb02fcff473, raftlog=1be30185-a2c0-4461-afc0-2cb02fcff473@group-A8B097DE35CC-SegmentedRaftLog:OPENED:c-1,f-1,i0, conf=-1: [e64b81a2-7e97-4a9c-9a90-0d1e8edce3a8:192.168.157.254:40074, d9951c0b-6d6e-4464-b06b-4ef93c20892c:192.168.157.254:43622, 1be30185-a2c0-4461-afc0-2cb02fcff473:192.168.157.254:38008], old=null
2019-10-22 00:08:44,013 [1be30185-a2c0-4461-afc0-2cb02fcff473@group-A8B097DE35CC-LeaderElection488] INFO  impl.LeaderElection (LeaderElection.java:askForVotes(178)) - 1be30185-a2c0-4461-afc0-2cb02fcff473@group-A8B097DE35CC-LeaderElection488: begin an election at term 23 for -1: [e64b81a2-7e97-4a9c-9a90-0d1e8edce3a8:192.168.157.254:40074, d9951c0b-6d6e-4464-b06b-4ef93c20892c:192.168.157.254:43622, 1be30185-a2c0-4461-afc0-2cb02fcff473:192.168.157.254:38008], old=null
2019-10-22 00:08:44,015 [grpc-default-executor-3] INFO  impl.RaftServerImpl (RaftServerImpl.java:setRole(184)) - d9951c0b-6d6e-4464-b06b-4ef93c20892c@group-A8B097DE35CC: changes role from  FOLLOWER to FOLLOWER at term 23 for recognizeCandidate:1be30185-a2c0-4461-afc0-2cb02fcff473
2019-10-22 00:08:44,015 [grpc-default-executor-4] INFO  impl.RaftServerImpl (RaftServerImpl.java:setRole(184)) - e64b81a2-7e97-4a9c-9a90-0d1e8edce3a8@group-A8B097DE35CC: changes role from  FOLLOWER to FOLLOWER at term 23 for recognizeCandidate:1be30185-a2c0-4461-afc0-2cb02fcff473
2019-10-22 00:08:44,015 [grpc-default-executor-4] INFO  impl.RoleInfo (RoleInfo.java:shutdownFollowerState(121)) - e64b81a2-7e97-4a9c-9a90-0d1e8edce3a8: shutdown FollowerState
2019-10-22 00:08:44,015 [grpc-default-executor-3] INFO  impl.RoleInfo (RoleInfo.java:shutdownFollowerState(121)) - d9951c0b-6d6e-4464-b06b-4ef93c20892c: shutdown FollowerState
2019-10-22 00:08:44,015 [grpc-default-executor-4] INFO  impl.RoleInfo (RoleInfo.java:updateAndGet(143)) - e64b81a2-7e97-4a9c-9a90-0d1e8edce3a8: start FollowerState
2019-10-22 00:08:44,015 [Thread-4216] INFO  impl.FollowerState (FollowerState.java:run(117)) - d9951c0b-6d6e-4464-b06b-4ef93c20892c@group-A8B097DE35CC-FollowerState was interrupted: java.lang.InterruptedException: sleep interrupted
2019-10-22 00:08:44,015 [grpc-default-executor-3] INFO  impl.RoleInfo (RoleInfo.java:updateAndGet(143)) - d9951c0b-6d6e-4464-b06b-4ef93c20892c: start FollowerState
2019-10-22 00:08:44,015 [Thread-4215] INFO  impl.FollowerState (FollowerState.java:run(117)) - e64b81a2-7e97-4a9c-9a90-0d1e8edce3a8@group-A8B097DE35CC-FollowerState was interrupted: java.lang.InterruptedException: sleep interrupted
2019-10-22 00:08:44,027 [1be30185-a2c0-4461-afc0-2cb02fcff473@group-A8B097DE35CC-LeaderElection488] INFO  impl.LeaderElection (LeaderElection.java:logAndReturn(56)) - 1be30185-a2c0-4461-afc0-2cb02fcff473@group-A8B097DE35CC-LeaderElection488: Election REJECTED; received 2 response(s) [1be30185-a2c0-4461-afc0-2cb02fcff473<-e64b81a2-7e97-4a9c-9a90-0d1e8edce3a8#0:FAIL-t23, 1be30185-a2c0-4461-afc0-2cb02fcff473<-d9951c0b-6d6e-4464-b06b-4ef93c20892c#0:FAIL-t23] and 0 exception(s); 1be30185-a2c0-4461-afc0-2cb02fcff473@group-A8B097DE35CC:t23, leader=null, voted=1be30185-a2c0-4461-afc0-2cb02fcff473, raftlog=1be30185-a2c0-4461-afc0-2cb02fcff473@group-A8B097DE35CC-SegmentedRaftLog:OPENED:c-1,f-1,i0, conf=-1: [e64b81a2-7e97-4a9c-9a90-0d1e8edce3a8:192.168.157.254:40074, d9951c0b-6d6e-4464-b06b-4ef93c20892c:192.168.157.254:43622, 1be30185-a2c0-4461-afc0-2cb02fcff473:192.168.157.254:38008], old=null
2019-10-22 00:08:44,027 [1be30185-a2c0-4461-afc0-2cb02fcff473@group-A8B097DE35CC-LeaderElection488] INFO  impl.RaftServerImpl (RaftServerImpl.java:setRole(184)) - 1be30185-a2c0-4461-afc0-2cb02fcff473@group-A8B097DE35CC: changes role from CANDIDATE to FOLLOWER at term 23 for DISCOVERED_A_NEW_TERM
2019-10-22 00:08:44,027 [1be30185-a2c0-4461-afc0-2cb02fcff473@group-A8B097DE35CC-LeaderElection488] INFO  impl.RoleInfo (RoleInfo.java:shutdownLeaderElection(134)) - 1be30185-a2c0-4461-afc0-2cb02fcff473: shutdown LeaderElection
2019-10-22 00:08:44,028 [1be30185-a2c0-4461-afc0-2cb02fcff473@group-A8B097DE35CC-LeaderElection488] INFO  impl.RoleInfo (RoleInfo.java:updateAndGet(143)) - 1be30185-a2c0-4461-afc0-2cb02fcff473: start FollowerState
2019-10-22 00:08:44,217 [Thread-4221] INFO  impl.FollowerState (FollowerState.java:run(108)) - 1be30185-a2c0-4461-afc0-2cb02fcff473@group-A8B097DE35CC-FollowerState: change to CANDIDATE, lastRpcTime:189ms, electionTimeout:189ms
2019-10-22 00:08:44,217 [Thread-4221] INFO  impl.RoleInfo (RoleInfo.java:shutdownFollowerState(121)) - 1be30185-a2c0-4461-afc0-2cb02fcff473: shutdown FollowerState
2019-10-22 00:08:44,217 [Thread-4221] INFO  impl.RaftServerImpl (RaftServerImpl.java:setRole(184)) - 1be30185-a2c0-4461-afc0-2cb02fcff473@group-A8B097DE35CC: changes role from  FOLLOWER to CANDIDATE at term 23 for changeToCandidate
2019-10-22 00:08:44,217 [Thread-4221] INFO  impl.RoleInfo (RoleInfo.java:updateAndGet(143)) - 1be30185-a2c0-4461-afc0-2cb02fcff473: start LeaderElection
2019-10-22 00:08:44,230 [1be30185-a2c0-4461-afc0-2cb02fcff473@group-A8B097DE35CC-LeaderElection489] INFO  impl.LeaderElection (LeaderElection.java:askForVotes(178)) - 1be30185-a2c0-4461-afc0-2cb02fcff473@group-A8B097DE35CC-LeaderElection489: begin an election at term 24 for -1: [e64b81a2-7e97-4a9c-9a90-0d1e8edce3a8:192.168.157.254:40074, d9951c0b-6d6e-4464-b06b-4ef93c20892c:192.168.157.254:43622, 1be30185-a2c0-4461-afc0-2cb02fcff473:192.168.157.254:38008], old=null
2019-10-22 00:08:44,232 [grpc-default-executor-4] INFO  impl.RaftServerImpl (RaftServerImpl.java:setRole(184)) - d9951c0b-6d6e-4464-b06b-4ef93c20892c@group-A8B097DE35CC: changes role from  FOLLOWER to FOLLOWER at term 24 for recognizeCandidate:1be30185-a2c0-4461-afc0-2cb02fcff473
2019-10-22 00:08:44,232 [grpc-default-executor-3] INFO  impl.RaftServerImpl (RaftServerImpl.java:setRole(184)) - e64b81a2-7e97-4a9c-9a90-0d1e8edce3a8@group-A8B097DE35CC: changes role from  FOLLOWER to FOLLOWER at term 24 for recognizeCandidate:1be30185-a2c0-4461-afc0-2cb02fcff473
2019-10-22 00:08:44,232 [grpc-default-executor-3] INFO  impl.RoleInfo (RoleInfo.java:shutdownFollowerState(121)) - e64b81a2-7e97-4a9c-9a90-0d1e8edce3a8: shutdown FollowerState
2019-10-22 00:08:44,232 [grpc-default-executor-4] INFO  impl.RoleInfo (RoleInfo.java:shutdownFollowerState(121)) - d9951c0b-6d6e-4464-b06b-4ef93c20892c: shutdown FollowerState
2019-10-22 00:08:44,232 [Thread-4219] INFO  impl.FollowerState (FollowerState.java:run(117)) - e64b81a2-7e97-4a9c-9a90-0d1e8edce3a8@group-A8B097DE35CC-FollowerState was interrupted: java.lang.InterruptedException: sleep interrupted
2019-10-22 00:08:44,232 [Thread-4220] INFO  impl.FollowerState (FollowerState.java:run(117)) - d9951c0b-6d6e-4464-b06b-4ef93c20892c@group-A8B097DE35CC-FollowerState was interrupted: java.lang.InterruptedException: sleep interrupted
2019-10-22 00:08:44,232 [grpc-default-executor-3] INFO  impl.RoleInfo (RoleInfo.java:updateAndGet(143)) - e64b81a2-7e97-4a9c-9a90-0d1e8edce3a8: start FollowerState
2019-10-22 00:08:44,232 [grpc-default-executor-4] INFO  impl.RoleInfo (RoleInfo.java:updateAndGet(143)) - d9951c0b-6d6e-4464-b06b-4ef93c20892c: start FollowerState
2019-10-22 00:08:44,237 [1be30185-a2c0-4461-afc0-2cb02fcff473@group-A8B097DE35CC-LeaderElection489] INFO  impl.LeaderElection (LeaderElection.java:logAndReturn(56)) - 1be30185-a2c0-4461-afc0-2cb02fcff473@group-A8B097DE35CC-LeaderElection489: Election TIMEOUT; received 0 response(s) [] and 0 exception(s); 1be30185-a2c0-4461-afc0-2cb02fcff473@group-A8B097DE35CC:t24, leader=null, voted=1be30185-a2c0-4461-afc0-2cb02fcff473, raftlog=1be30185-a2c0-4461-afc0-2cb02fcff473@group-A8B097DE35CC-SegmentedRaftLog:OPENED:c-1,f-1,i0, conf=-1: [e64b81a2-7e97-4a9c-9a90-0d1e8edce3a8:192.168.157.254:40074, d9951c0b-6d6e-4464-b06b-4ef93c20892c:192.168.157.254:43622, 1be30185-a2c0-4461-afc0-2cb02fcff473:192.168.157.254:38008], old=null
2019-10-22 00:08:44,258 [1be30185-a2c0-4461-afc0-2cb02fcff473@group-A8B097DE35CC-LeaderElection489] INFO  impl.LeaderElection (LeaderElection.java:askForVotes(178)) - 1be30185-a2c0-4461-afc0-2cb02fcff473@group-A8B097DE35CC-LeaderElection489: begin an election at term 25 for -1: [e64b81a2-7e97-4a9c-9a90-0d1e8edce3a8:192.168.157.254:40074, d9951c0b-6d6e-4464-b06b-4ef93c20892c:192.168.157.254:43622, 1be30185-a2c0-4461-afc0-2cb02fcff473:192.168.157.254:38008], old=null
2019-10-22 00:08:44,259 [grpc-default-executor-3] INFO  impl.RaftServerImpl (RaftServerImpl.java:setRole(184)) - e64b81a2-7e97-4a9c-9a90-0d1e8edce3a8@group-A8B097DE35CC: changes role from  FOLLOWER to FOLLOWER at term 25 for recognizeCandidate:1be30185-a2c0-4461-afc0-2cb02fcff473
2019-10-22 00:08:44,259 [grpc-default-executor-3] INFO  impl.RoleInfo (RoleInfo.java:shutdownFollowerState(121)) - e64b81a2-7e97-4a9c-9a90-0d1e8edce3a8: shutdown FollowerState
2019-10-22 00:08:44,259 [grpc-default-executor-3] INFO  impl.RoleInfo (RoleInfo.java:updateAndGet(143)) - e64b81a2-7e97-4a9c-9a90-0d1e8edce3a8: start FollowerState
2019-10-22 00:08:44,259 [Thread-4225] INFO  impl.FollowerState (FollowerState.java:run(117)) - e64b81a2-7e97-4a9c-9a90-0d1e8edce3a8@group-A8B097DE35CC-FollowerState was interrupted: java.lang.InterruptedException: sleep interrupted
2019-10-22 00:08:44,259 [grpc-default-executor-4] INFO  impl.RaftServerImpl (RaftServerImpl.java:setRole(184)) - d9951c0b-6d6e-4464-b06b-4ef93c20892c@group-A8B097DE35CC: changes role from  FOLLOWER to FOLLOWER at term 25 for recognizeCandidate:1be30185-a2c0-4461-afc0-2cb02fcff473
2019-10-22 00:08:44,259 [grpc-default-executor-4] INFO  impl.RoleInfo (RoleInfo.java:shutdownFollowerState(121)) - d9951c0b-6d6e-4464-b06b-4ef93c20892c: shutdown FollowerState
2019-10-22 00:08:44,259 [grpc-default-executor-4] INFO  impl.RoleInfo (RoleInfo.java:updateAndGet(143)) - d9951c0b-6d6e-4464-b06b-4ef93c20892c: start FollowerState
2019-10-22 00:08:44,259 [Thread-4226] INFO  impl.FollowerState (FollowerState.java:run(117)) - d9951c0b-6d6e-4464-b06b-4ef93c20892c@group-A8B097DE35CC-FollowerState was interrupted: java.lang.InterruptedException: sleep interrupted
2019-10-22 00:08:44,275 [1be30185-a2c0-4461-afc0-2cb02fcff473@group-A8B097DE35CC-LeaderElection489] INFO  impl.LeaderElection (LeaderElection.java:logAndReturn(56)) - 1be30185-a2c0-4461-afc0-2cb02fcff473@group-A8B097DE35CC-LeaderElection489: Election REJECTED; received 2 response(s) [1be30185-a2c0-4461-afc0-2cb02fcff473<-e64b81a2-7e97-4a9c-9a90-0d1e8edce3a8#0:FAIL-t25, 1be30185-a2c0-4461-afc0-2cb02fcff473<-d9951c0b-6d6e-4464-b06b-4ef93c20892c#0:FAIL-t25] and 0 exception(s); 1be30185-a2c0-4461-afc0-2cb02fcff473@group-A8B097DE35CC:t25, leader=null, voted=1be30185-a2c0-4461-afc0-2cb02fcff473, raftlog=1be30185-a2c0-4461-afc0-2cb02fcff473@group-A8B097DE35CC-SegmentedRaftLog:OPENED:c-1,f-1,i0, conf=-1: [e64b81a2-7e97-4a9c-9a90-0d1e8edce3a8:192.168.157.254:40074, d9951c0b-6d6e-4464-b06b-4ef93c20892c:192.168.157.254:43622, 1be30185-a2c0-4461-afc0-2cb02fcff473:192.168.157.254:38008], old=null
2019-10-22 00:08:44,275 [1be30185-a2c0-4461-afc0-2cb02fcff473@group-A8B097DE35CC-LeaderElection489] INFO  impl.RaftServerImpl (RaftServerImpl.java:setRole(184)) - 1be30185-a2c0-4461-afc0-2cb02fcff473@group-A8B097DE35CC: changes role from CANDIDATE to FOLLOWER at term 25 for DISCOVERED_A_NEW_TERM
2019-10-22 00:08:44,275 [1be30185-a2c0-4461-afc0-2cb02fcff473@group-A8B097DE35CC-LeaderElection489] INFO  impl.RoleInfo (RoleInfo.java:shutdownLeaderElection(134)) - 1be30185-a2c0-4461-afc0-2cb02fcff473: shutdown LeaderElection
2019-10-22 00:08:44,275 [1be30185-a2c0-4461-afc0-2cb02fcff473@group-A8B097DE35CC-LeaderElection489] INFO  impl.RoleInfo (RoleInfo.java:updateAndGet(143)) - 1be30185-a2c0-4461-afc0-2cb02fcff473: start FollowerState
2019-10-22 00:08:44,347 [Thread-4231] INFO  impl.FollowerState (FollowerState.java:run(108)) - 1be30185-a2c0-4461-afc0-2cb02fcff473@group-A8B097DE35CC-FollowerState: change to CANDIDATE, lastRpcTime:71ms, electionTimeout:71ms
2019-10-22 00:08:44,347 [Thread-4231] INFO  impl.RoleInfo (RoleInfo.java:shutdownFollowerState(121)) - 1be30185-a2c0-4461-afc0-2cb02fcff473: shutdown FollowerState
2019-10-22 00:08:44,347 [Thread-4231] INFO  impl.RaftServerImpl (RaftServerImpl.java:setRole(184)) - 1be30185-a2c0-4461-afc0-2cb02fcff473@group-A8B097DE35CC: changes role from  FOLLOWER to CANDIDATE at term 25 for changeToCandidate
2019-10-22 00:08:44,347 [Thread-4231] INFO  impl.RoleInfo (RoleInfo.java:updateAndGet(143)) - 1be30185-a2c0-4461-afc0-2cb02fcff473: start LeaderElection
2019-10-22 00:08:44,372 [1be30185-a2c0-4461-afc0-2cb02fcff473@group-A8B097DE35CC-LeaderElection490] INFO  impl.LeaderElection (LeaderElection.java:askForVotes(178)) - 1be30185-a2c0-4461-afc0-2cb02fcff473@group-A8B097DE35CC-LeaderElection490: begin an election at term 26 for -1: [e64b81a2-7e97-4a9c-9a90-0d1e8edce3a8:192.168.157.254:40074, d9951c0b-6d6e-4464-b06b-4ef93c20892c:192.168.157.254:43622, 1be30185-a2c0-4461-afc0-2cb02fcff473:192.168.157.254:38008], old=null
2019-10-22 00:08:44,374 [grpc-default-executor-4] INFO  impl.RaftServerImpl (RaftServerImpl.java:setRole(184)) - e64b81a2-7e97-4a9c-9a90-0d1e8edce3a8@group-A8B097DE35CC: changes role from  FOLLOWER to FOLLOWER at term 26 for recognizeCandidate:1be30185-a2c0-4461-afc0-2cb02fcff473
2019-10-22 00:08:44,374 [grpc-default-executor-3] INFO  impl.RaftServerImpl (RaftServerImpl.java:setRole(184)) - d9951c0b-6d6e-4464-b06b-4ef93c20892c@group-A8B097DE35CC: changes role from  FOLLOWER to FOLLOWER at term 26 for recognizeCandidate:1be30185-a2c0-4461-afc0-2cb02fcff473
2019-10-22 00:08:44,374 [grpc-default-executor-3] INFO  impl.RoleInfo (RoleInfo.java:shutdownFollowerState(121)) - d9951c0b-6d6e-4464-b06b-4ef93c20892c: shutdown FollowerState
2019-10-22 00:08:44,374 [grpc-default-executor-3] INFO  impl.RoleInfo (RoleInfo.java:updateAndGet(143)) - d9951c0b-6d6e-4464-b06b-4ef93c20892c: start FollowerState
2019-10-22 00:08:44,374 [grpc-default-executor-4] INFO  impl.RoleInfo (RoleInfo.java:shutdownFollowerState(121)) - e64b81a2-7e97-4a9c-9a90-0d1e8edce3a8: shutdown FollowerState
2019-10-22 00:08:44,374 [Thread-4230] INFO  impl.FollowerState (FollowerState.java:run(117)) - d9951c0b-6d6e-4464-b06b-4ef93c20892c@group-A8B097DE35CC-FollowerState was interrupted: java.lang.InterruptedException: sleep interrupted
2019-10-22 00:08:44,375 [Thread-4229] INFO  impl.FollowerState (FollowerState.java:run(117)) - e64b81a2-7e97-4a9c-9a90-0d1e8edce3a8@group-A8B097DE35CC-FollowerState was interrupted: java.lang.InterruptedException: sleep interrupted
2019-10-22 00:08:44,375 [grpc-default-executor-4] INFO  impl.RoleInfo (RoleInfo.java:updateAndGet(143)) - e64b81a2-7e97-4a9c-9a90-0d1e8edce3a8: start FollowerState
2019-10-22 00:08:44,400 [1be30185-a2c0-4461-afc0-2cb02fcff473@group-A8B097DE35CC-LeaderElection490] INFO  impl.LeaderElection (LeaderElection.java:logAndReturn(56)) - 1be30185-a2c0-4461-afc0-2cb02fcff473@group-A8B097DE35CC-LeaderElection490: Election REJECTED; received 2 response(s) [1be30185-a2c0-4461-afc0-2cb02fcff473<-e64b81a2-7e97-4a9c-9a90-0d1e8edce3a8#0:FAIL-t26, 1be30185-a2c0-4461-afc0-2cb02fcff473<-d9951c0b-6d6e-4464-b06b-4ef93c20892c#0:FAIL-t26] and 0 exception(s); 1be30185-a2c0-4461-afc0-2cb02fcff473@group-A8B097DE35CC:t26, leader=null, voted=1be30185-a2c0-4461-afc0-2cb02fcff473, raftlog=1be30185-a2c0-4461-afc0-2cb02fcff473@group-A8B097DE35CC-SegmentedRaftLog:OPENED:c-1,f-1,i0, conf=-1: [e64b81a2-7e97-4a9c-9a90-0d1e8edce3a8:192.168.157.254:40074, d9951c0b-6d6e-4464-b06b-4ef93c20892c:192.168.157.254:43622, 1be30185-a2c0-4461-afc0-2cb02fcff473:192.168.157.254:38008], old=null
2019-10-22 00:08:44,400 [1be30185-a2c0-4461-afc0-2cb02fcff473@group-A8B097DE35CC-LeaderElection490] INFO  impl.RaftServerImpl (RaftServerImpl.java:setRole(184)) - 1be30185-a2c0-4461-afc0-2cb02fcff473@group-A8B097DE35CC: changes role from CANDIDATE to FOLLOWER at term 26 for DISCOVERED_A_NEW_TERM
2019-10-22 00:08:44,400 [1be30185-a2c0-4461-afc0-2cb02fcff473@group-A8B097DE35CC-LeaderElection490] INFO  impl.RoleInfo (RoleInfo.java:shutdownLeaderElection(134)) - 1be30185-a2c0-4461-afc0-2cb02fcff473: shutdown LeaderElection
2019-10-22 00:08:44,401 [1be30185-a2c0-4461-afc0-2cb02fcff473@group-A8B097DE35CC-LeaderElection490] INFO  impl.RoleInfo (RoleInfo.java:updateAndGet(143)) - 1be30185-a2c0-4461-afc0-2cb02fcff473: start FollowerState
2019-10-22 00:08:44,560 [Thread-4237] INFO  impl.FollowerState (FollowerState.java:run(108)) - 1be30185-a2c0-4461-afc0-2cb02fcff473@group-A8B097DE35CC-FollowerState: change to CANDIDATE, lastRpcTime:159ms, electionTimeout:159ms
2019-10-22 00:08:44,560 [Thread-4237] INFO  impl.RoleInfo (RoleInfo.java:shutdownFollowerState(121)) - 1be30185-a2c0-4461-afc0-2cb02fcff473: shutdown FollowerState
2019-10-22 00:08:44,560 [Thread-4237] INFO  impl.RaftServerImpl (RaftServerImpl.java:setRole(184)) - 1be30185-a2c0-4461-afc0-2cb02fcff473@group-A8B097DE35CC: changes role from  FOLLOWER to CANDIDATE at term 26 for changeToCandidate
2019-10-22 00:08:44,560 [Thread-4237] INFO  impl.RoleInfo (RoleInfo.java:updateAndGet(143)) - 1be30185-a2c0-4461-afc0-2cb02fcff473: start LeaderElection
2019-10-22 00:08:44,574 [1be30185-a2c0-4461-afc0-2cb02fcff473@group-A8B097DE35CC-LeaderElection491] INFO  impl.LeaderElection (LeaderElection.java:askForVotes(178)) - 1be30185-a2c0-4461-afc0-2cb02fcff473@group-A8B097DE35CC-LeaderElection491: begin an election at term 27 for -1: [e64b81a2-7e97-4a9c-9a90-0d1e8edce3a8:192.168.157.254:40074, d9951c0b-6d6e-4464-b06b-4ef93c20892c:192.168.157.254:43622, 1be30185-a2c0-4461-afc0-2cb02fcff473:192.168.157.254:38008], old=null
2019-10-22 00:08:44,575 [grpc-default-executor-3] INFO  impl.RaftServerImpl (RaftServerImpl.java:setRole(184)) - e64b81a2-7e97-4a9c-9a90-0d1e8edce3a8@group-A8B097DE35CC: changes role from  FOLLOWER to FOLLOWER at term 27 for recognizeCandidate:1be30185-a2c0-4461-afc0-2cb02fcff473
2019-10-22 00:08:44,575 [grpc-default-executor-4] INFO  impl.RaftServerImpl (RaftServerImpl.java:setRole(184)) - d9951c0b-6d6e-4464-b06b-4ef93c20892c@group-A8B097DE35CC: changes role from  FOLLOWER to FOLLOWER at term 27 for recognizeCandidate:1be30185-a2c0-4461-afc0-2cb02fcff473
2019-10-22 00:08:44,575 [grpc-default-executor-4] INFO  impl.RoleInfo (RoleInfo.java:shutdownFollowerState(121)) - d9951c0b-6d6e-4464-b06b-4ef93c20892c: shutdown FollowerState
2019-10-22 00:08:44,575 [grpc-default-executor-3] INFO  impl.RoleInfo (RoleInfo.java:shutdownFollowerState(121)) - e64b81a2-7e97-4a9c-9a90-0d1e8edce3a8: shutdown FollowerState
2019-10-22 00:08:44,576 [grpc-default-executor-4] INFO  impl.RoleInfo (RoleInfo.java:updateAndGet(143)) - d9951c0b-6d6e-4464-b06b-4ef93c20892c: start FollowerState
2019-10-22 00:08:44,576 [grpc-default-executor-3] INFO  impl.RoleInfo (RoleInfo.java:updateAndGet(143)) - e64b81a2-7e97-4a9c-9a90-0d1e8edce3a8: start FollowerState
2019-10-22 00:08:44,576 [Thread-4236] INFO  impl.FollowerState (FollowerState.java:run(117)) - e64b81a2-7e97-4a9c-9a90-0d1e8edce3a8@group-A8B097DE35CC-FollowerState was interrupted: java.lang.InterruptedException: sleep interrupted
2019-10-22 00:08:44,576 [Thread-4235] INFO  impl.FollowerState (FollowerState.java:run(117)) - d9951c0b-6d6e-4464-b06b-4ef93c20892c@group-A8B097DE35CC-FollowerState was interrupted: java.lang.InterruptedException: sleep interrupted
2019-10-22 00:08:44,602 [1be30185-a2c0-4461-afc0-2cb02fcff473@group-A8B097DE35CC-LeaderElection491] INFO  impl.LeaderElection (LeaderElection.java:logAndReturn(56)) - 1be30185-a2c0-4461-afc0-2cb02fcff473@group-A8B097DE35CC-LeaderElection491: Election REJECTED; received 2 response(s) [1be30185-a2c0-4461-afc0-2cb02fcff473<-e64b81a2-7e97-4a9c-9a90-0d1e8edce3a8#0:FAIL-t27, 1be30185-a2c0-4461-afc0-2cb02fcff473<-d9951c0b-6d6e-4464-b06b-4ef93c20892c#0:FAIL-t27] and 0 exception(s); 1be30185-a2c0-4461-afc0-2cb02fcff473@group-A8B097DE35CC:t27, leader=null, voted=1be30185-a2c0-4461-afc0-2cb02fcff473, raftlog=1be30185-a2c0-4461-afc0-2cb02fcff473@group-A8B097DE35CC-SegmentedRaftLog:OPENED:c-1,f-1,i0, conf=-1: [e64b81a2-7e97-4a9c-9a90-0d1e8edce3a8:192.168.157.254:40074, d9951c0b-6d6e-4464-b06b-4ef93c20892c:192.168.157.254:43622, 1be30185-a2c0-4461-afc0-2cb02fcff473:192.168.157.254:38008], old=null
2019-10-22 00:08:44,602 [1be30185-a2c0-4461-afc0-2cb02fcff473@group-A8B097DE35CC-LeaderElection491] INFO  impl.RaftServerImpl (RaftServerImpl.java:setRole(184)) - 1be30185-a2c0-4461-afc0-2cb02fcff473@group-A8B097DE35CC: changes role from CANDIDATE to FOLLOWER at term 27 for DISCOVERED_A_NEW_TERM
2019-10-22 00:08:44,602 [1be30185-a2c0-4461-afc0-2cb02fcff473@group-A8B097DE35CC-LeaderElection491] INFO  impl.RoleInfo (RoleInfo.java:shutdownLeaderElection(134)) - 1be30185-a2c0-4461-afc0-2cb02fcff473: shutdown LeaderElection
2019-10-22 00:08:44,602 [1be30185-a2c0-4461-afc0-2cb02fcff473@group-A8B097DE35CC-LeaderElection491] INFO  impl.RoleInfo (RoleInfo.java:updateAndGet(143)) - 1be30185-a2c0-4461-afc0-2cb02fcff473: start FollowerState
2019-10-22 00:08:44,754 [Thread-4247] INFO  impl.FollowerState (FollowerState.java:run(108)) - 1be30185-a2c0-4461-afc0-2cb02fcff473@group-A8B097DE35CC-FollowerState: change to CANDIDATE, lastRpcTime:152ms, electionTimeout:152ms
2019-10-22 00:08:44,754 [Thread-4247] INFO  impl.RoleInfo (RoleInfo.java:shutdownFollowerState(121)) - 1be30185-a2c0-4461-afc0-2cb02fcff473: shutdown FollowerState
2019-10-22 00:08:44,755 [Thread-4247] INFO  impl.RaftServerImpl (RaftServerImpl.java:setRole(184)) - 1be30185-a2c0-4461-afc0-2cb02fcff473@group-A8B097DE35CC: changes role from  FOLLOWER to CANDIDATE at term 27 for changeToCandidate
2019-10-22 00:08:44,755 [Thread-4247] INFO  impl.RoleInfo (RoleInfo.java:updateAndGet(143)) - 1be30185-a2c0-4461-afc0-2cb02fcff473: start LeaderElection
2019-10-22 00:08:44,769 [1be30185-a2c0-4461-afc0-2cb02fcff473@group-A8B097DE35CC-LeaderElection492] INFO  impl.LeaderElection (LeaderElection.java:askForVotes(178)) - 1be30185-a2c0-4461-afc0-2cb02fcff473@group-A8B097DE35CC-LeaderElection492: begin an election at term 28 for -1: [e64b81a2-7e97-4a9c-9a90-0d1e8edce3a8:192.168.157.254:40074, d9951c0b-6d6e-4464-b06b-4ef93c20892c:192.168.157.254:43622, 1be30185-a2c0-4461-afc0-2cb02fcff473:192.168.157.254:38008], old=null
2019-10-22 00:08:44,771 [grpc-default-executor-4] INFO  impl.RaftServerImpl (RaftServerImpl.java:setRole(184)) - e64b81a2-7e97-4a9c-9a90-0d1e8edce3a8@group-A8B097DE35CC: changes role from  FOLLOWER to FOLLOWER at term 28 for recognizeCandidate:1be30185-a2c0-4461-afc0-2cb02fcff473
2019-10-22 00:08:44,771 [grpc-default-executor-3] INFO  impl.RaftServerImpl (RaftServerImpl.java:setRole(184)) - d9951c0b-6d6e-4464-b06b-4ef93c20892c@group-A8B097DE35CC: changes role from  FOLLOWER to FOLLOWER at term 28 for recognizeCandidate:1be30185-a2c0-4461-afc0-2cb02fcff473
2019-10-22 00:08:44,772 [grpc-default-executor-3] INFO  impl.RoleInfo (RoleInfo.java:shutdownFollowerState(121)) - d9951c0b-6d6e-4464-b06b-4ef93c20892c: shutdown FollowerState
2019-10-22 00:08:44,772 [grpc-default-executor-3] INFO  impl.RoleInfo (RoleInfo.java:updateAndGet(143)) - d9951c0b-6d6e-4464-b06b-4ef93c20892c: start FollowerState
2019-10-22 00:08:44,771 [grpc-default-executor-4] INFO  impl.RoleInfo (RoleInfo.java:shutdownFollowerState(121)) - e64b81a2-7e97-4a9c-9a90-0d1e8edce3a8: shutdown FollowerState
2019-10-22 00:08:44,772 [Thread-4245] INFO  impl.FollowerState (FollowerState.java:run(117)) - d9951c0b-6d6e-4464-b06b-4ef93c20892c@group-A8B097DE35CC-FollowerState was interrupted: java.lang.InterruptedException: sleep interrupted
2019-10-22 00:08:44,772 [grpc-default-executor-4] INFO  impl.RoleInfo (RoleInfo.java:updateAndGet(143)) - e64b81a2-7e97-4a9c-9a90-0d1e8edce3a8: start FollowerState
2019-10-22 00:08:44,772 [Thread-4246] INFO  impl.FollowerState (FollowerState.java:run(117)) - e64b81a2-7e97-4a9c-9a90-0d1e8edce3a8@group-A8B097DE35CC-FollowerState was interrupted: java.lang.InterruptedException: sleep interrupted
2019-10-22 00:08:44,787 [1be30185-a2c0-4461-afc0-2cb02fcff473@group-A8B097DE35CC-LeaderElection492] INFO  impl.LeaderElection (LeaderElection.java:logAndReturn(56)) - 1be30185-a2c0-4461-afc0-2cb02fcff473@group-A8B097DE35CC-LeaderElection492: Election REJECTED; received 2 response(s) [1be30185-a2c0-4461-afc0-2cb02fcff473<-e64b81a2-7e97-4a9c-9a90-0d1e8edce3a8#0:FAIL-t28, 1be30185-a2c0-4461-afc0-2cb02fcff473<-d9951c0b-6d6e-4464-b06b-4ef93c20892c#0:FAIL-t28] and 0 exception(s); 1be30185-a2c0-4461-afc0-2cb02fcff473@group-A8B097DE35CC:t28, leader=null, voted=1be30185-a2c0-4461-afc0-2cb02fcff473, raftlog=1be30185-a2c0-4461-afc0-2cb02fcff473@group-A8B097DE35CC-SegmentedRaftLog:OPENED:c-1,f-1,i0, conf=-1: [e64b81a2-7e97-4a9c-9a90-0d1e8edce3a8:192.168.157.254:40074, d9951c0b-6d6e-4464-b06b-4ef93c20892c:192.168.157.254:43622, 1be30185-a2c0-4461-afc0-2cb02fcff473:192.168.157.254:38008], old=null
2019-10-22 00:08:44,787 [1be30185-a2c0-4461-afc0-2cb02fcff473@group-A8B097DE35CC-LeaderElection492] INFO  impl.RaftServerImpl (RaftServerImpl.java:setRole(184)) - 1be30185-a2c0-4461-afc0-2cb02fcff473@group-A8B097DE35CC: changes role from CANDIDATE to FOLLOWER at term 28 for DISCOVERED_A_NEW_TERM
2019-10-22 00:08:44,787 [1be30185-a2c0-4461-afc0-2cb02fcff473@group-A8B097DE35CC-LeaderElection492] INFO  impl.RoleInfo (RoleInfo.java:shutdownLeaderElection(134)) - 1be30185-a2c0-4461-afc0-2cb02fcff473: shutdown LeaderElection
2019-10-22 00:08:44,787 [1be30185-a2c0-4461-afc0-2cb02fcff473@group-A8B097DE35CC-LeaderElection492] INFO  impl.RoleInfo (RoleInfo.java:updateAndGet(143)) - 1be30185-a2c0-4461-afc0-2cb02fcff473: start FollowerState
2019-10-22 00:08:44,885 [Thread-4253] INFO  impl.FollowerState (FollowerState.java:run(108)) - 1be30185-a2c0-4461-afc0-2cb02fcff473@group-A8B097DE35CC-FollowerState: change to CANDIDATE, lastRpcTime:97ms, electionTimeout:97ms
2019-10-22 00:08:44,885 [Thread-4253] INFO  impl.RoleInfo (RoleInfo.java:shutdownFollowerState(121)) - 1be30185-a2c0-4461-afc0-2cb02fcff473: shutdown FollowerState
2019-10-22 00:08:44,885 [Thread-4253] INFO  impl.RaftServerImpl (RaftServerImpl.java:setRole(184)) - 1be30185-a2c0-4461-afc0-2cb02fcff473@group-A8B097DE35CC: changes role from  FOLLOWER to CANDIDATE at term 28 for changeToCandidate
2019-10-22 00:08:44,885 [Thread-4253] INFO  impl.RoleInfo (RoleInfo.java:updateAndGet(143)) - 1be30185-a2c0-4461-afc0-2cb02fcff473: start LeaderElection
2019-10-22 00:08:44,898 [1be30185-a2c0-4461-afc0-2cb02fcff473@group-A8B097DE35CC-LeaderElection493] INFO  impl.LeaderElection (LeaderElection.java:askForVotes(178)) - 1be30185-a2c0-4461-afc0-2cb02fcff473@group-A8B097DE35CC-LeaderElection493: begin an election at term 29 for -1: [e64b81a2-7e97-4a9c-9a90-0d1e8edce3a8:192.168.157.254:40074, d9951c0b-6d6e-4464-b06b-4ef93c20892c:192.168.157.254:43622, 1be30185-a2c0-4461-afc0-2cb02fcff473:192.168.157.254:38008], old=null
2019-10-22 00:08:44,900 [grpc-default-executor-3] INFO  impl.RaftServerImpl (RaftServerImpl.java:setRole(184)) - d9951c0b-6d6e-4464-b06b-4ef93c20892c@group-A8B097DE35CC: changes role from  FOLLOWER to FOLLOWER at term 29 for recognizeCandidate:1be30185-a2c0-4461-afc0-2cb02fcff473
2019-10-22 00:08:44,900 [grpc-default-executor-4] INFO  impl.RaftServerImpl (RaftServerImpl.java:setRole(184)) - e64b81a2-7e97-4a9c-9a90-0d1e8edce3a8@group-A8B097DE35CC: changes role from  FOLLOWER to FOLLOWER at term 29 for recognizeCandidate:1be30185-a2c0-4461-afc0-2cb02fcff473
2019-10-22 00:08:44,900 [grpc-default-executor-4] INFO  impl.RoleInfo (RoleInfo.java:shutdownFollowerState(121)) - e64b81a2-7e97-4a9c-9a90-0d1e8edce3a8: shutdown FollowerState
2019-10-22 00:08:44,900 [grpc-default-executor-3] INFO  impl.RoleInfo (RoleInfo.java:shutdownFollowerState(121)) - d9951c0b-6d6e-4464-b06b-4ef93c20892c: shutdown FollowerState
2019-10-22 00:08:44,901 [Thread-4252] INFO  impl.FollowerState (FollowerState.java:run(117)) - e64b81a2-7e97-4a9c-9a90-0d1e8edce3a8@group-A8B097DE35CC-FollowerState was interrupted: java.lang.InterruptedException: sleep interrupted
2019-10-22 00:08:44,901 [Thread-4251] INFO  impl.FollowerState (FollowerState.java:run(117)) - d9951c0b-6d6e-4464-b06b-4ef93c20892c@group-A8B097DE35CC-FollowerState was interrupted: java.lang.InterruptedException: sleep interrupted
2019-10-22 00:08:44,901 [grpc-default-executor-4] INFO  impl.RoleInfo (RoleInfo.java:updateAndGet(143)) - e64b81a2-7e97-4a9c-9a90-0d1e8edce3a8: start FollowerState
2019-10-22 00:08:44,901 [grpc-default-executor-3] INFO  impl.RoleInfo (RoleInfo.java:updateAndGet(143)) - d9951c0b-6d6e-4464-b06b-4ef93c20892c: start FollowerState
2019-10-22 00:08:44,914 [1be30185-a2c0-4461-afc0-2cb02fcff473@group-A8B097DE35CC-LeaderElection493] INFO  impl.LeaderElection (LeaderElection.java:logAndReturn(56)) - 1be30185-a2c0-4461-afc0-2cb02fcff473@group-A8B097DE35CC-LeaderElection493: Election REJECTED; received 2 response(s) [1be30185-a2c0-4461-afc0-2cb02fcff473<-e64b81a2-7e97-4a9c-9a90-0d1e8edce3a8#0:FAIL-t29, 1be30185-a2c0-4461-afc0-2cb02fcff473<-d9951c0b-6d6e-4464-b06b-4ef93c20892c#0:FAIL-t29] and 0 exception(s); 1be30185-a2c0-4461-afc0-2cb02fcff473@group-A8B097DE35CC:t29, leader=null, voted=1be30185-a2c0-4461-afc0-2cb02fcff473, raftlog=1be30185-a2c0-4461-afc0-2cb02fcff473@group-A8B097DE35CC-SegmentedRaftLog:OPENED:c-1,f-1,i0, conf=-1: [e64b81a2-7e97-4a9c-9a90-0d1e8edce3a8:192.168.157.254:40074, d9951c0b-6d6e-4464-b06b-4ef93c20892c:192.168.157.254:43622, 1be30185-a2c0-4461-afc0-2cb02fcff473:192.168.157.254:38008], old=null
2019-10-22 00:08:44,914 [1be30185-a2c0-4461-afc0-2cb02fcff473@group-A8B097DE35CC-LeaderElection493] INFO  impl.RaftServerImpl (RaftServerImpl.java:setRole(184)) - 1be30185-a2c0-4461-afc0-2cb02fcff473@group-A8B097DE35CC: changes role from CANDIDATE to FOLLOWER at term 29 for DISCOVERED_A_NEW_TERM
2019-10-22 00:08:44,914 [1be30185-a2c0-4461-afc0-2cb02fcff473@group-A8B097DE35CC-LeaderElection493] INFO  impl.RoleInfo (RoleInfo.java:shutdownLeaderElection(134)) - 1be30185-a2c0-4461-afc0-2cb02fcff473: shutdown LeaderElection
2019-10-22 00:08:44,914 [1be30185-a2c0-4461-afc0-2cb02fcff473@group-A8B097DE35CC-LeaderElection493] INFO  impl.RoleInfo (RoleInfo.java:updateAndGet(143)) - 1be30185-a2c0-4461-afc0-2cb02fcff473: start FollowerState
2019-10-22 00:08:45,101 [Thread-4261] INFO  impl.FollowerState (FollowerState.java:run(108)) - 1be30185-a2c0-4461-afc0-2cb02fcff473@group-A8B097DE35CC-FollowerState: change to CANDIDATE, lastRpcTime:186ms, electionTimeout:186ms
2019-10-22 00:08:45,101 [Thread-4261] INFO  impl.RoleInfo (RoleInfo.java:shutdownFollowerState(121)) - 1be30185-a2c0-4461-afc0-2cb02fcff473: shutdown FollowerState
2019-10-22 00:08:45,101 [Thread-4261] INFO  impl.RaftServerImpl (RaftServerImpl.java:setRole(184)) - 1be30185-a2c0-4461-afc0-2cb02fcff473@group-A8B097DE35CC: changes role from  FOLLOWER to CANDIDATE at term 29 for changeToCandidate
2019-10-22 00:08:45,101 [Thread-4261] INFO  impl.RoleInfo (RoleInfo.java:updateAndGet(143)) - 1be30185-a2c0-4461-afc0-2cb02fcff473: start LeaderElection
2019-10-22 00:08:45,115 [1be30185-a2c0-4461-afc0-2cb02fcff473@group-A8B097DE35CC-LeaderElection494] INFO  impl.LeaderElection (LeaderElection.java:askForVotes(178)) - 1be30185-a2c0-4461-afc0-2cb02fcff473@group-A8B097DE35CC-LeaderElection494: begin an election at term 30 for -1: [e64b81a2-7e97-4a9c-9a90-0d1e8edce3a8:192.168.157.254:40074, d9951c0b-6d6e-4464-b06b-4ef93c20892c:192.168.157.254:43622, 1be30185-a2c0-4461-afc0-2cb02fcff473:192.168.157.254:38008], old=null
2019-10-22 00:08:45,117 [grpc-default-executor-3] INFO  impl.RaftServerImpl (RaftServerImpl.java:setRole(184)) - e64b81a2-7e97-4a9c-9a90-0d1e8edce3a8@group-A8B097DE35CC: changes role from  FOLLOWER to FOLLOWER at term 30 for recognizeCandidate:1be30185-a2c0-4461-afc0-2cb02fcff473
2019-10-22 00:08:45,117 [grpc-default-executor-4] INFO  impl.RaftServerImpl (RaftServerImpl.java:setRole(184)) - d9951c0b-6d6e-4464-b06b-4ef93c20892c@group-A8B097DE35CC: changes role from  FOLLOWER to FOLLOWER at term 30 for recognizeCandidate:1be30185-a2c0-4461-afc0-2cb02fcff473
2019-10-22 00:08:45,117 [grpc-default-executor-3] INFO  impl.RoleInfo (RoleInfo.java:shutdownFollowerState(121)) - e64b81a2-7e97-4a9c-9a90-0d1e8edce3a8: shutdown FollowerState
2019-10-22 00:08:45,118 [grpc-default-executor-4] INFO  impl.RoleInfo (RoleInfo.java:shutdownFollowerState(121)) - d9951c0b-6d6e-4464-b06b-4ef93c20892c: shutdown FollowerState
2019-10-22 00:08:45,118 [Thread-4259] INFO  impl.FollowerState (FollowerState.java:run(117)) - e64b81a2-7e97-4a9c-9a90-0d1e8edce3a8@group-A8B097DE35CC-FollowerState was interrupted: java.lang.InterruptedException: sleep interrupted
2019-10-22 00:08:45,118 [grpc-default-executor-3] INFO  impl.RoleInfo (RoleInfo.java:updateAndGet(143)) - e64b81a2-7e97-4a9c-9a90-0d1e8edce3a8: start FollowerState
2019-10-22 00:08:45,118 [Thread-4260] INFO  impl.FollowerState (FollowerState.java:run(117)) - d9951c0b-6d6e-4464-b06b-4ef93c20892c@group-A8B097DE35CC-FollowerState was interrupted: java.lang.InterruptedException: sleep interrupted
2019-10-22 00:08:45,118 [grpc-default-executor-4] INFO  impl.RoleInfo (RoleInfo.java:updateAndGet(143)) - d9951c0b-6d6e-4464-b06b-4ef93c20892c: start FollowerState
2019-10-22 00:08:45,133 [1be30185-a2c0-4461-afc0-2cb02fcff473@group-A8B097DE35CC-LeaderElection494] INFO  impl.LeaderElection (LeaderElection.java:logAndReturn(56)) - 1be30185-a2c0-4461-afc0-2cb02fcff473@group-A8B097DE35CC-LeaderElection494: Election REJECTED; received 2 response(s) [1be30185-a2c0-4461-afc0-2cb02fcff473<-e64b81a2-7e97-4a9c-9a90-0d1e8edce3a8#0:FAIL-t30, 1be30185-a2c0-4461-afc0-2cb02fcff473<-d9951c0b-6d6e-4464-b06b-4ef93c20892c#0:FAIL-t30] and 0 exception(s); 1be30185-a2c0-4461-afc0-2cb02fcff473@group-A8B097DE35CC:t30, leader=null, voted=1be30185-a2c0-4461-afc0-2cb02fcff473, raftlog=1be30185-a2c0-4461-afc0-2cb02fcff473@group-A8B097DE35CC-SegmentedRaftLog:OPENED:c-1,f-1,i0, conf=-1: [e64b81a2-7e97-4a9c-9a90-0d1e8edce3a8:192.168.157.254:40074, d9951c0b-6d6e-4464-b06b-4ef93c20892c:192.168.157.254:43622, 1be30185-a2c0-4461-afc0-2cb02fcff473:192.168.157.254:38008], old=null
2019-10-22 00:08:45,134 [1be30185-a2c0-4461-afc0-2cb02fcff473@group-A8B097DE35CC-LeaderElection494] INFO  impl.RaftServerImpl (RaftServerImpl.java:setRole(184)) - 1be30185-a2c0-4461-afc0-2cb02fcff473@group-A8B097DE35CC: changes role from CANDIDATE to FOLLOWER at term 30 for DISCOVERED_A_NEW_TERM
2019-10-22 00:08:45,134 [1be30185-a2c0-4461-afc0-2cb02fcff473@group-A8B097DE35CC-LeaderElection494] INFO  impl.RoleInfo (RoleInfo.java:shutdownLeaderElection(134)) - 1be30185-a2c0-4461-afc0-2cb02fcff473: shutdown LeaderElection
2019-10-22 00:08:45,134 [1be30185-a2c0-4461-afc0-2cb02fcff473@group-A8B097DE35CC-LeaderElection494] INFO  impl.RoleInfo (RoleInfo.java:updateAndGet(143)) - 1be30185-a2c0-4461-afc0-2cb02fcff473: start FollowerState
2019-10-22 00:08:45,327 [Thread-4271] INFO  impl.FollowerState (FollowerState.java:run(108)) - 1be30185-a2c0-4461-afc0-2cb02fcff473@group-A8B097DE35CC-FollowerState: change to CANDIDATE, lastRpcTime:193ms, electionTimeout:193ms
2019-10-22 00:08:45,327 [Thread-4271] INFO  impl.RoleInfo (RoleInfo.java:shutdownFollowerState(121)) - 1be30185-a2c0-4461-afc0-2cb02fcff473: shutdown FollowerState
2019-10-22 00:08:45,327 [Thread-4271] INFO  impl.RaftServerImpl (RaftServerImpl.java:setRole(184)) - 1be30185-a2c0-4461-afc0-2cb02fcff473@group-A8B097DE35CC: changes role from  FOLLOWER to CANDIDATE at term 30 for changeToCandidate
2019-10-22 00:08:45,328 [Thread-4271] INFO  impl.RoleInfo (RoleInfo.java:updateAndGet(143)) - 1be30185-a2c0-4461-afc0-2cb02fcff473: start LeaderElection
2019-10-22 00:08:45,341 [1be30185-a2c0-4461-afc0-2cb02fcff473@group-A8B097DE35CC-LeaderElection495] INFO  impl.LeaderElection (LeaderElection.java:askForVotes(178)) - 1be30185-a2c0-4461-afc0-2cb02fcff473@group-A8B097DE35CC-LeaderElection495: begin an election at term 31 for -1: [e64b81a2-7e97-4a9c-9a90-0d1e8edce3a8:192.168.157.254:40074, d9951c0b-6d6e-4464-b06b-4ef93c20892c:192.168.157.254:43622, 1be30185-a2c0-4461-afc0-2cb02fcff473:192.168.157.254:38008], old=null
2019-10-22 00:08:45,342 [grpc-default-executor-4] INFO  impl.RaftServerImpl (RaftServerImpl.java:setRole(184)) - d9951c0b-6d6e-4464-b06b-4ef93c20892c@group-A8B097DE35CC: changes role from  FOLLOWER to FOLLOWER at term 31 for recognizeCandidate:1be30185-a2c0-4461-afc0-2cb02fcff473
2019-10-22 00:08:45,343 [grpc-default-executor-3] INFO  impl.RaftServerImpl (RaftServerImpl.java:setRole(184)) - e64b81a2-7e97-4a9c-9a90-0d1e8edce3a8@group-A8B097DE35CC: changes role from  FOLLOWER to FOLLOWER at term 31 for recognizeCandidate:1be30185-a2c0-4461-afc0-2cb02fcff473
2019-10-22 00:08:45,343 [grpc-default-executor-4] INFO  impl.RoleInfo (RoleInfo.java:shutdownFollowerState(121)) - d9951c0b-6d6e-4464-b06b-4ef93c20892c: shutdown FollowerState
2019-10-22 00:08:45,343 [grpc-default-executor-3] INFO  impl.RoleInfo (RoleInfo.java:shutdownFollowerState(121)) - e64b81a2-7e97-4a9c-9a90-0d1e8edce3a8: shutdown FollowerState
2019-10-22 00:08:45,343 [grpc-default-executor-4] INFO  impl.RoleInfo (RoleInfo.java:updateAndGet(143)) - d9951c0b-6d6e-4464-b06b-4ef93c20892c: start FollowerState
2019-10-22 00:08:45,343 [Thread-4269] INFO  impl.FollowerState (FollowerState.java:run(117)) - e64b81a2-7e97-4a9c-9a90-0d1e8edce3a8@group-A8B097DE35CC-FollowerState was interrupted: java.lang.InterruptedException: sleep interrupted
2019-10-22 00:08:45,343 [grpc-default-executor-3] INFO  impl.RoleInfo (RoleInfo.java:updateAndGet(143)) - e64b81a2-7e97-4a9c-9a90-0d1e8edce3a8: start FollowerState
2019-10-22 00:08:45,343 [Thread-4270] INFO  impl.FollowerState (FollowerState.java:run(117)) - d9951c0b-6d6e-4464-b06b-4ef93c20892c@group-A8B097DE35CC-FollowerState was interrupted: java.lang.InterruptedException: sleep interrupted
2019-10-22 00:08:45,356 [1be30185-a2c0-4461-afc0-2cb02fcff473@group-A8B097DE35CC-LeaderElection495] INFO  impl.LeaderElection (LeaderElection.java:logAndReturn(56)) - 1be30185-a2c0-4461-afc0-2cb02fcff473@group-A8B097DE35CC-LeaderElection495: Election REJECTED; received 2 response(s) [1be30185-a2c0-4461-afc0-2cb02fcff473<-e64b81a2-7e97-4a9c-9a90-0d1e8edce3a8#0:FAIL-t31, 1be30185-a2c0-4461-afc0-2cb02fcff473<-d9951c0b-6d6e-4464-b06b-4ef93c20892c#0:FAIL-t31] and 0 exception(s); 1be30185-a2c0-4461-afc0-2cb02fcff473@group-A8B097DE35CC:t31, leader=null, voted=1be30185-a2c0-4461-afc0-2cb02fcff473, raftlog=1be30185-a2c0-4461-afc0-2cb02fcff473@group-A8B097DE35CC-SegmentedRaftLog:OPENED:c-1,f-1,i0, conf=-1: [e64b81a2-7e97-4a9c-9a90-0d1e8edce3a8:192.168.157.254:40074, d9951c0b-6d6e-4464-b06b-4ef93c20892c:192.168.157.254:43622, 1be30185-a2c0-4461-afc0-2cb02fcff473:192.168.157.254:38008], old=null
2019-10-22 00:08:45,356 [1be30185-a2c0-4461-afc0-2cb02fcff473@group-A8B097DE35CC-LeaderElection495] INFO  impl.RaftServerImpl (RaftServerImpl.java:setRole(184)) - 1be30185-a2c0-4461-afc0-2cb02fcff473@group-A8B097DE35CC: changes role from CANDIDATE to FOLLOWER at term 31 for DISCOVERED_A_NEW_TERM
2019-10-22 00:08:45,357 [1be30185-a2c0-4461-afc0-2cb02fcff473@group-A8B097DE35CC-LeaderElection495] INFO  impl.RoleInfo (RoleInfo.java:shutdownLeaderElection(134)) - 1be30185-a2c0-4461-afc0-2cb02fcff473: shutdown LeaderElection
2019-10-22 00:08:45,357 [1be30185-a2c0-4461-afc0-2cb02fcff473@group-A8B097DE35CC-LeaderElection495] INFO  impl.RoleInfo (RoleInfo.java:updateAndGet(143)) - 1be30185-a2c0-4461-afc0-2cb02fcff473: start FollowerState
2019-10-22 00:08:45,364 [Thread-4277] INFO  impl.FollowerState (FollowerState.java:run(108)) - 1be30185-a2c0-4461-afc0-2cb02fcff473@group-A8B097DE35CC-FollowerState: change to CANDIDATE, lastRpcTime:7ms, electionTimeout:7ms
2019-10-22 00:08:45,364 [Thread-4277] INFO  impl.RoleInfo (RoleInfo.java:shutdownFollowerState(121)) - 1be30185-a2c0-4461-afc0-2cb02fcff473: shutdown FollowerState
2019-10-22 00:08:45,364 [Thread-4277] INFO  impl.RaftServerImpl (RaftServerImpl.java:setRole(184)) - 1be30185-a2c0-4461-afc0-2cb02fcff473@group-A8B097DE35CC: changes role from  FOLLOWER to CANDIDATE at term 31 for changeToCandidate
2019-10-22 00:08:45,364 [Thread-4277] INFO  impl.RoleInfo (RoleInfo.java:updateAndGet(143)) - 1be30185-a2c0-4461-afc0-2cb02fcff473: start LeaderElection
2019-10-22 00:08:45,377 [1be30185-a2c0-4461-afc0-2cb02fcff473@group-A8B097DE35CC-LeaderElection496] INFO  impl.LeaderElection (LeaderElection.java:askForVotes(178)) - 1be30185-a2c0-4461-afc0-2cb02fcff473@group-A8B097DE35CC-LeaderElection496: begin an election at term 32 for -1: [e64b81a2-7e97-4a9c-9a90-0d1e8edce3a8:192.168.157.254:40074, d9951c0b-6d6e-4464-b06b-4ef93c20892c:192.168.157.254:43622, 1be30185-a2c0-4461-afc0-2cb02fcff473:192.168.157.254:38008], old=null
2019-10-22 00:08:45,378 [grpc-default-executor-4] INFO  impl.RaftServerImpl (RaftServerImpl.java:setRole(184)) - e64b81a2-7e97-4a9c-9a90-0d1e8edce3a8@group-A8B097DE35CC: changes role from  FOLLOWER to FOLLOWER at term 32 for recognizeCandidate:1be30185-a2c0-4461-afc0-2cb02fcff473
2019-10-22 00:08:45,378 [grpc-default-executor-3] INFO  impl.RaftServerImpl (RaftServerImpl.java:setRole(184)) - d9951c0b-6d6e-4464-b06b-4ef93c20892c@group-A8B097DE35CC: changes role from  FOLLOWER to FOLLOWER at term 32 for recognizeCandidate:1be30185-a2c0-4461-afc0-2cb02fcff473
2019-10-22 00:08:45,379 [grpc-default-executor-3] INFO  impl.RoleInfo (RoleInfo.java:shutdownFollowerState(121)) - d9951c0b-6d6e-4464-b06b-4ef93c20892c: shutdown FollowerState
2019-10-22 00:08:45,378 [grpc-default-executor-4] INFO  impl.RoleInfo (RoleInfo.java:shutdownFollowerState(121)) - e64b81a2-7e97-4a9c-9a90-0d1e8edce3a8: shutdown FollowerState
2019-10-22 00:08:45,379 [Thread-4275] INFO  impl.FollowerState (FollowerState.java:run(117)) - d9951c0b-6d6e-4464-b06b-4ef93c20892c@group-A8B097DE35CC-FollowerState was interrupted: java.lang.InterruptedException: sleep interrupted
2019-10-22 00:08:45,379 [grpc-default-executor-3] INFO  impl.RoleInfo (RoleInfo.java:updateAndGet(143)) - d9951c0b-6d6e-4464-b06b-4ef93c20892c: start FollowerState
2019-10-22 00:08:45,379 [grpc-default-executor-4] INFO  impl.RoleInfo (RoleInfo.java:updateAndGet(143)) - e64b81a2-7e97-4a9c-9a90-0d1e8edce3a8: start FollowerState
2019-10-22 00:08:45,379 [Thread-4276] INFO  impl.FollowerState (FollowerState.java:run(117)) - e64b81a2-7e97-4a9c-9a90-0d1e8edce3a8@group-A8B097DE35CC-FollowerState was interrupted: java.lang.InterruptedException: sleep interrupted
2019-10-22 00:08:45,392 [1be30185-a2c0-4461-afc0-2cb02fcff473@group-A8B097DE35CC-LeaderElection496] INFO  impl.LeaderElection (LeaderElection.java:logAndReturn(56)) - 1be30185-a2c0-4461-afc0-2cb02fcff473@group-A8B097DE35CC-LeaderElection496: Election REJECTED; received 2 response(s) [1be30185-a2c0-4461-afc0-2cb02fcff473<-e64b81a2-7e97-4a9c-9a90-0d1e8edce3a8#0:FAIL-t32, 1be30185-a2c0-4461-afc0-2cb02fcff473<-d9951c0b-6d6e-4464-b06b-4ef93c20892c#0:FAIL-t32] and 0 exception(s); 1be30185-a2c0-4461-afc0-2cb02fcff473@group-A8B097DE35CC:t32, leader=null, voted=1be30185-a2c0-4461-afc0-2cb02fcff473, raftlog=1be30185-a2c0-4461-afc0-2cb02fcff473@group-A8B097DE35CC-SegmentedRaftLog:OPENED:c-1,f-1,i0, conf=-1: [e64b81a2-7e97-4a9c-9a90-0d1e8edce3a8:192.168.157.254:40074, d9951c0b-6d6e-4464-b06b-4ef93c20892c:192.168.157.254:43622, 1be30185-a2c0-4461-afc0-2cb02fcff473:192.168.157.254:38008], old=null
2019-10-22 00:08:45,392 [1be30185-a2c0-4461-afc0-2cb02fcff473@group-A8B097DE35CC-LeaderElection496] INFO  impl.RaftServerImpl (RaftServerImpl.java:setRole(184)) - 1be30185-a2c0-4461-afc0-2cb02fcff473@group-A8B097DE35CC: changes role from CANDIDATE to FOLLOWER at term 32 for DISCOVERED_A_NEW_TERM
2019-10-22 00:08:45,393 [1be30185-a2c0-4461-afc0-2cb02fcff473@group-A8B097DE35CC-LeaderElection496] INFO  impl.RoleInfo (RoleInfo.java:shutdownLeaderElection(134)) - 1be30185-a2c0-4461-afc0-2cb02fcff473: shutdown LeaderElection
2019-10-22 00:08:45,393 [1be30185-a2c0-4461-afc0-2cb02fcff473@group-A8B097DE35CC-LeaderElection496] INFO  impl.RoleInfo (RoleInfo.java:updateAndGet(143)) - 1be30185-a2c0-4461-afc0-2cb02fcff473: start FollowerState
2019-10-22 00:08:45,588 [Thread-4283] INFO  impl.FollowerState (FollowerState.java:run(108)) - 1be30185-a2c0-4461-afc0-2cb02fcff473@group-A8B097DE35CC-FollowerState: change to CANDIDATE, lastRpcTime:195ms, electionTimeout:195ms
2019-10-22 00:08:45,588 [Thread-4283] INFO  impl.RoleInfo (RoleInfo.java:shutdownFollowerState(121)) - 1be30185-a2c0-4461-afc0-2cb02fcff473: shutdown FollowerState
2019-10-22 00:08:45,588 [Thread-4283] INFO  impl.RaftServerImpl (RaftServerImpl.java:setRole(184)) - 1be30185-a2c0-4461-afc0-2cb02fcff473@group-A8B097DE35CC: changes role from  FOLLOWER to CANDIDATE at term 32 for changeToCandidate
2019-10-22 00:08:45,588 [Thread-4283] INFO  impl.RoleInfo (RoleInfo.java:updateAndGet(143)) - 1be30185-a2c0-4461-afc0-2cb02fcff473: start LeaderElection
2019-10-22 00:08:45,602 [1be30185-a2c0-4461-afc0-2cb02fcff473@group-A8B097DE35CC-LeaderElection497] INFO  impl.LeaderElection (LeaderElection.java:askForVotes(178)) - 1be30185-a2c0-4461-afc0-2cb02fcff473@group-A8B097DE35CC-LeaderElection497: begin an election at term 33 for -1: [e64b81a2-7e97-4a9c-9a90-0d1e8edce3a8:192.168.157.254:40074, d9951c0b-6d6e-4464-b06b-4ef93c20892c:192.168.157.254:43622, 1be30185-a2c0-4461-afc0-2cb02fcff473:192.168.157.254:38008], old=null
2019-10-22 00:08:45,604 [grpc-default-executor-4] INFO  impl.RaftServerImpl (RaftServerImpl.java:setRole(184)) - d9951c0b-6d6e-4464-b06b-4ef93c20892c@group-A8B097DE35CC: changes role from  FOLLOWER to FOLLOWER at term 33 for recognizeCandidate:1be30185-a2c0-4461-afc0-2cb02fcff473
2019-10-22 00:08:45,604 [grpc-default-executor-3] INFO  impl.RaftServerImpl (RaftServerImpl.java:setRole(184)) - e64b81a2-7e97-4a9c-9a90-0d1e8edce3a8@group-A8B097DE35CC: changes role from  FOLLOWER to FOLLOWER at term 33 for recognizeCandidate:1be30185-a2c0-4461-afc0-2cb02fcff473
2019-10-22 00:08:45,605 [grpc-default-executor-3] INFO  impl.RoleInfo (RoleInfo.java:shutdownFollowerState(121)) - e64b81a2-7e97-4a9c-9a90-0d1e8edce3a8: shutdown FollowerState
2019-10-22 00:08:45,605 [grpc-default-executor-3] INFO  impl.RoleInfo (RoleInfo.java:updateAndGet(143)) - e64b81a2-7e97-4a9c-9a90-0d1e8edce3a8: start FollowerState
2019-10-22 00:08:45,605 [grpc-default-executor-4] INFO  impl.RoleInfo (RoleInfo.java:shutdownFollowerState(121)) - d9951c0b-6d6e-4464-b06b-4ef93c20892c: shutdown FollowerState
2019-10-22 00:08:45,605 [Thread-4282] INFO  impl.FollowerState (FollowerState.java:run(117)) - e64b81a2-7e97-4a9c-9a90-0d1e8edce3a8@group-A8B097DE35CC-FollowerState was interrupted: java.lang.InterruptedException: sleep interrupted
2019-10-22 00:08:45,605 [grpc-default-executor-4] INFO  impl.RoleInfo (RoleInfo.java:updateAndGet(143)) - d9951c0b-6d6e-4464-b06b-4ef93c20892c: start FollowerState
2019-10-22 00:08:45,605 [Thread-4281] INFO  impl.FollowerState (FollowerState.java:run(117)) - d9951c0b-6d6e-4464-b06b-4ef93c20892c@group-A8B097DE35CC-FollowerState was interrupted: java.lang.InterruptedException: sleep interrupted
2019-10-22 00:08:45,623 [1be30185-a2c0-4461-afc0-2cb02fcff473@group-A8B097DE35CC-LeaderElection497] INFO  impl.LeaderElection (LeaderElection.java:logAndReturn(56)) - 1be30185-a2c0-4461-afc0-2cb02fcff473@group-A8B097DE35CC-LeaderElection497: Election REJECTED; received 2 response(s) [1be30185-a2c0-4461-afc0-2cb02fcff473<-e64b81a2-7e97-4a9c-9a90-0d1e8edce3a8#0:FAIL-t33, 1be30185-a2c0-4461-afc0-2cb02fcff473<-d9951c0b-6d6e-4464-b06b-4ef93c20892c#0:FAIL-t33] and 0 exception(s); 1be30185-a2c0-4461-afc0-2cb02fcff473@group-A8B097DE35CC:t33, leader=null, voted=1be30185-a2c0-4461-afc0-2cb02fcff473, raftlog=1be30185-a2c0-4461-afc0-2cb02fcff473@group-A8B097DE35CC-SegmentedRaftLog:OPENED:c-1,f-1,i0, conf=-1: [e64b81a2-7e97-4a9c-9a90-0d1e8edce3a8:192.168.157.254:40074, d9951c0b-6d6e-4464-b06b-4ef93c20892c:192.168.157.254:43622, 1be30185-a2c0-4461-afc0-2cb02fcff473:192.168.157.254:38008], old=null
2019-10-22 00:08:45,623 [1be30185-a2c0-4461-afc0-2cb02fcff473@group-A8B097DE35CC-LeaderElection497] INFO  impl.RaftServerImpl (RaftServerImpl.java:setRole(184)) - 1be30185-a2c0-4461-afc0-2cb02fcff473@group-A8B097DE35CC: changes role from CANDIDATE to FOLLOWER at term 33 for DISCOVERED_A_NEW_TERM
2019-10-22 00:08:45,623 [1be30185-a2c0-4461-afc0-2cb02fcff473@group-A8B097DE35CC-LeaderElection497] INFO  impl.RoleInfo (RoleInfo.java:shutdownLeaderElection(134)) - 1be30185-a2c0-4461-afc0-2cb02fcff473: shutdown LeaderElection
2019-10-22 00:08:45,623 [1be30185-a2c0-4461-afc0-2cb02fcff473@group-A8B097DE35CC-LeaderElection497] INFO  impl.RoleInfo (RoleInfo.java:updateAndGet(143)) - 1be30185-a2c0-4461-afc0-2cb02fcff473: start FollowerState
2019-10-22 00:08:45,718 [Thread-4293] INFO  impl.FollowerState (FollowerState.java:run(108)) - 1be30185-a2c0-4461-afc0-2cb02fcff473@group-A8B097DE35CC-FollowerState: change to CANDIDATE, lastRpcTime:95ms, electionTimeout:95ms
2019-10-22 00:08:45,719 [Thread-4293] INFO  impl.RoleInfo (RoleInfo.java:shutdownFollowerState(121)) - 1be30185-a2c0-4461-afc0-2cb02fcff473: shutdown FollowerState
2019-10-22 00:08:45,719 [Thread-4293] INFO  impl.RaftServerImpl (RaftServerImpl.java:setRole(184)) - 1be30185-a2c0-4461-afc0-2cb02fcff473@group-A8B097DE35CC: changes role from  FOLLOWER to CANDIDATE at term 33 for changeToCandidate
2019-10-22 00:08:45,719 [Thread-4293] INFO  impl.RoleInfo (RoleInfo.java:updateAndGet(143)) - 1be30185-a2c0-4461-afc0-2cb02fcff473: start LeaderElection
2019-10-22 00:08:45,732 [1be30185-a2c0-4461-afc0-2cb02fcff473@group-A8B097DE35CC-LeaderElection498] INFO  impl.LeaderElection (LeaderElection.java:askForVotes(178)) - 1be30185-a2c0-4461-afc0-2cb02fcff473@group-A8B097DE35CC-LeaderElection498: begin an election at term 34 for -1: [e64b81a2-7e97-4a9c-9a90-0d1e8edce3a8:192.168.157.254:40074, d9951c0b-6d6e-4464-b06b-4ef93c20892c:192.168.157.254:43622, 1be30185-a2c0-4461-afc0-2cb02fcff473:192.168.157.254:38008], old=null
2019-10-22 00:08:45,733 [grpc-default-executor-3] INFO  impl.RaftServerImpl (RaftServerImpl.java:setRole(184)) - d9951c0b-6d6e-4464-b06b-4ef93c20892c@group-A8B097DE35CC: changes role from  FOLLOWER to FOLLOWER at term 34 for recognizeCandidate:1be30185-a2c0-4461-afc0-2cb02fcff473
2019-10-22 00:08:45,734 [grpc-default-executor-3] INFO  impl.RoleInfo (RoleInfo.java:shutdownFollowerState(121)) - d9951c0b-6d6e-4464-b06b-4ef93c20892c: shutdown FollowerState
2019-10-22 00:08:45,733 [grpc-default-executor-4] INFO  impl.RaftServerImpl (RaftServerImpl.java:setRole(184)) - e64b81a2-7e97-4a9c-9a90-0d1e8edce3a8@group-A8B097DE35CC: changes role from  FOLLOWER to FOLLOWER at term 34 for recognizeCandidate:1be30185-a2c0-4461-afc0-2cb02fcff473
2019-10-22 00:08:45,734 [grpc-default-executor-4] INFO  impl.RoleInfo (RoleInfo.java:shutdownFollowerState(121)) - e64b81a2-7e97-4a9c-9a90-0d1e8edce3a8: shutdown FollowerState
2019-10-22 00:08:45,734 [Thread-4292] INFO  impl.FollowerState (FollowerState.java:run(117)) - d9951c0b-6d6e-4464-b06b-4ef93c20892c@group-A8B097DE35CC-FollowerState was interrupted: java.lang.InterruptedException: sleep interrupted
2019-10-22 00:08:45,734 [grpc-default-executor-4] INFO  impl.RoleInfo (RoleInfo.java:updateAndGet(143)) - e64b81a2-7e97-4a9c-9a90-0d1e8edce3a8: start FollowerState
2019-10-22 00:08:45,734 [grpc-default-executor-3] INFO  impl.RoleInfo (RoleInfo.java:updateAndGet(143)) - d9951c0b-6d6e-4464-b06b-4ef93c20892c: start FollowerState
2019-10-22 00:08:45,734 [Thread-4291] INFO  impl.FollowerState (FollowerState.java:run(117)) - e64b81a2-7e97-4a9c-9a90-0d1e8edce3a8@group-A8B097DE35CC-FollowerState was interrupted: java.lang.InterruptedException: sleep interrupted
2019-10-22 00:08:45,747 [1be30185-a2c0-4461-afc0-2cb02fcff473@group-A8B097DE35CC-LeaderElection498] INFO  impl.LeaderElection (LeaderElection.java:logAndReturn(56)) - 1be30185-a2c0-4461-afc0-2cb02fcff473@group-A8B097DE35CC-LeaderElection498: Election REJECTED; received 2 response(s) [1be30185-a2c0-4461-afc0-2cb02fcff473<-e64b81a2-7e97-4a9c-9a90-0d1e8edce3a8#0:FAIL-t34, 1be30185-a2c0-4461-afc0-2cb02fcff473<-d9951c0b-6d6e-4464-b06b-4ef93c20892c#0:FAIL-t34] and 0 exception(s); 1be30185-a2c0-4461-afc0-2cb02fcff473@group-A8B097DE35CC:t34, leader=null, voted=1be30185-a2c0-4461-afc0-2cb02fcff473, raftlog=1be30185-a2c0-4461-afc0-2cb02fcff473@group-A8B097DE35CC-SegmentedRaftLog:OPENED:c-1,f-1,i0, conf=-1: [e64b81a2-7e97-4a9c-9a90-0d1e8edce3a8:192.168.157.254:40074, d9951c0b-6d6e-4464-b06b-4ef93c20892c:192.168.157.254:43622, 1be30185-a2c0-4461-afc0-2cb02fcff473:192.168.157.254:38008], old=null
2019-10-22 00:08:45,747 [1be30185-a2c0-4461-afc0-2cb02fcff473@group-A8B097DE35CC-LeaderElection498] INFO  impl.RaftServerImpl (RaftServerImpl.java:setRole(184)) - 1be30185-a2c0-4461-afc0-2cb02fcff473@group-A8B097DE35CC: changes role from CANDIDATE to FOLLOWER at term 34 for DISCOVERED_A_NEW_TERM
2019-10-22 00:08:45,748 [1be30185-a2c0-4461-afc0-2cb02fcff473@group-A8B097DE35CC-LeaderElection498] INFO  impl.RoleInfo (RoleInfo.java:shutdownLeaderElection(134)) - 1be30185-a2c0-4461-afc0-2cb02fcff473: shutdown LeaderElection
2019-10-22 00:08:45,748 [1be30185-a2c0-4461-afc0-2cb02fcff473@group-A8B097DE35CC-LeaderElection498] INFO  impl.RoleInfo (RoleInfo.java:updateAndGet(143)) - 1be30185-a2c0-4461-afc0-2cb02fcff473: start FollowerState
2019-10-22 00:08:45,809 [Thread-4299] INFO  impl.FollowerState (FollowerState.java:run(108)) - 1be30185-a2c0-4461-afc0-2cb02fcff473@group-A8B097DE35CC-FollowerState: change to CANDIDATE, lastRpcTime:61ms, electionTimeout:61ms
2019-10-22 00:08:45,809 [Thread-4299] INFO  impl.RoleInfo (RoleInfo.java:shutdownFollowerState(121)) - 1be30185-a2c0-4461-afc0-2cb02fcff473: shutdown FollowerState
2019-10-22 00:08:45,809 [Thread-4299] INFO  impl.RaftServerImpl (RaftServerImpl.java:setRole(184)) - 1be30185-a2c0-4461-afc0-2cb02fcff473@group-A8B097DE35CC: changes role from  FOLLOWER to CANDIDATE at term 34 for changeToCandidate
2019-10-22 00:08:45,809 [Thread-4299] INFO  impl.RoleInfo (RoleInfo.java:updateAndGet(143)) - 1be30185-a2c0-4461-afc0-2cb02fcff473: start LeaderElection
2019-10-22 00:08:45,826 [1be30185-a2c0-4461-afc0-2cb02fcff473@group-A8B097DE35CC-LeaderElection499] INFO  impl.LeaderElection (LeaderElection.java:askForVotes(178)) - 1be30185-a2c0-4461-afc0-2cb02fcff473@group-A8B097DE35CC-LeaderElection499: begin an election at term 35 for -1: [e64b81a2-7e97-4a9c-9a90-0d1e8edce3a8:192.168.157.254:40074, d9951c0b-6d6e-4464-b06b-4ef93c20892c:192.168.157.254:43622, 1be30185-a2c0-4461-afc0-2cb02fcff473:192.168.157.254:38008], old=null
2019-10-22 00:08:45,827 [grpc-default-executor-3] INFO  impl.RaftServerImpl (RaftServerImpl.java:setRole(184)) - e64b81a2-7e97-4a9c-9a90-0d1e8edce3a8@group-A8B097DE35CC: changes role from  FOLLOWER to FOLLOWER at term 35 for recognizeCandidate:1be30185-a2c0-4461-afc0-2cb02fcff473
2019-10-22 00:08:45,827 [grpc-default-executor-3] INFO  impl.RoleInfo (RoleInfo.java:shutdownFollowerState(121)) - e64b81a2-7e97-4a9c-9a90-0d1e8edce3a8: shutdown FollowerState
2019-10-22 00:08:45,827 [grpc-default-executor-4] INFO  impl.RaftServerImpl (RaftServerImpl.java:setRole(184)) - d9951c0b-6d6e-4464-b06b-4ef93c20892c@group-A8B097DE35CC: changes role from  FOLLOWER to FOLLOWER at term 35 for recognizeCandidate:1be30185-a2c0-4461-afc0-2cb02fcff473
2019-10-22 00:08:45,828 [grpc-default-executor-4] INFO  impl.RoleInfo (RoleInfo.java:shutdownFollowerState(121)) - d9951c0b-6d6e-4464-b06b-4ef93c20892c: shutdown FollowerState
2019-10-22 00:08:45,828 [grpc-default-executor-3] INFO  impl.RoleInfo (RoleInfo.java:updateAndGet(143)) - e64b81a2-7e97-4a9c-9a90-0d1e8edce3a8: start FollowerState
2019-10-22 00:08:45,828 [Thread-4298] INFO  impl.FollowerState (FollowerState.java:run(117)) - e64b81a2-7e97-4a9c-9a90-0d1e8edce3a8@group-A8B097DE35CC-FollowerState was interrupted: java.lang.InterruptedException: sleep interrupted
2019-10-22 00:08:45,828 [Thread-4297] INFO  impl.FollowerState (FollowerState.java:run(117)) - d9951c0b-6d6e-4464-b06b-4ef93c20892c@group-A8B097DE35CC-FollowerState was interrupted: java.lang.InterruptedException: sleep interrupted
2019-10-22 00:08:45,828 [grpc-default-executor-4] INFO  impl.RoleInfo (RoleInfo.java:updateAndGet(143)) - d9951c0b-6d6e-4464-b06b-4ef93c20892c: start FollowerState
2019-10-22 00:08:45,853 [1be30185-a2c0-4461-afc0-2cb02fcff473@group-A8B097DE35CC-LeaderElection499] INFO  impl.LeaderElection (LeaderElection.java:logAndReturn(56)) - 1be30185-a2c0-4461-afc0-2cb02fcff473@group-A8B097DE35CC-LeaderElection499: Election REJECTED; received 2 response(s) [1be30185-a2c0-4461-afc0-2cb02fcff473<-e64b81a2-7e97-4a9c-9a90-0d1e8edce3a8#0:FAIL-t35, 1be30185-a2c0-4461-afc0-2cb02fcff473<-d9951c0b-6d6e-4464-b06b-4ef93c20892c#0:FAIL-t35] and 0 exception(s); 1be30185-a2c0-4461-afc0-2cb02fcff473@group-A8B097DE35CC:t35, leader=null, voted=1be30185-a2c0-4461-afc0-2cb02fcff473, raftlog=1be30185-a2c0-4461-afc0-2cb02fcff473@group-A8B097DE35CC-SegmentedRaftLog:OPENED:c-1,f-1,i0, conf=-1: [e64b81a2-7e97-4a9c-9a90-0d1e8edce3a8:192.168.157.254:40074, d9951c0b-6d6e-4464-b06b-4ef93c20892c:192.168.157.254:43622, 1be30185-a2c0-4461-afc0-2cb02fcff473:192.168.157.254:38008], old=null
2019-10-22 00:08:45,853 [1be30185-a2c0-4461-afc0-2cb02fcff473@group-A8B097DE35CC-LeaderElection499] INFO  impl.RaftServerImpl (RaftServerImpl.java:setRole(184)) - 1be30185-a2c0-4461-afc0-2cb02fcff473@group-A8B097DE35CC: changes role from CANDIDATE to FOLLOWER at term 35 for DISCOVERED_A_NEW_TERM
2019-10-22 00:08:45,853 [1be30185-a2c0-4461-afc0-2cb02fcff473@group-A8B097DE35CC-LeaderElection499] INFO  impl.RoleInfo (RoleInfo.java:shutdownLeaderElection(134)) - 1be30185-a2c0-4461-afc0-2cb02fcff473: shutdown LeaderElection
2019-10-22 00:08:45,853 [1be30185-a2c0-4461-afc0-2cb02fcff473@group-A8B097DE35CC-LeaderElection499] INFO  impl.RoleInfo (RoleInfo.java:updateAndGet(143)) - 1be30185-a2c0-4461-afc0-2cb02fcff473: start FollowerState
2019-10-22 00:08:45,856 [Thread-4305] INFO  impl.FollowerState (FollowerState.java:run(108)) - 1be30185-a2c0-4461-afc0-2cb02fcff473@group-A8B097DE35CC-FollowerState: change to CANDIDATE, lastRpcTime:2ms, electionTimeout:2ms
2019-10-22 00:08:45,856 [Thread-4305] INFO  impl.RoleInfo (RoleInfo.java:shutdownFollowerState(121)) - 1be30185-a2c0-4461-afc0-2cb02fcff473: shutdown FollowerState
2019-10-22 00:08:45,856 [Thread-4305] INFO  impl.RaftServerImpl (RaftServerImpl.java:setRole(184)) - 1be30185-a2c0-4461-afc0-2cb02fcff473@group-A8B097DE35CC: changes role from  FOLLOWER to CANDIDATE at term 35 for changeToCandidate
2019-10-22 00:08:45,856 [Thread-4305] INFO  impl.RoleInfo (RoleInfo.java:updateAndGet(143)) - 1be30185-a2c0-4461-afc0-2cb02fcff473: start LeaderElection
2019-10-22 00:08:46,015 [1be30185-a2c0-4461-afc0-2cb02fcff473@group-A8B097DE35CC-LeaderElection500] INFO  impl.LeaderElection (LeaderElection.java:askForVotes(178)) - 1be30185-a2c0-4461-afc0-2cb02fcff473@group-A8B097DE35CC-LeaderElection500: begin an election at term 36 for -1: [e64b81a2-7e97-4a9c-9a90-0d1e8edce3a8:192.168.157.254:40074, d9951c0b-6d6e-4464-b06b-4ef93c20892c:192.168.157.254:43622, 1be30185-a2c0-4461-afc0-2cb02fcff473:192.168.157.254:38008], old=null
2019-10-22 00:08:46,017 [grpc-default-executor-3] INFO  impl.RaftServerImpl (RaftServerImpl.java:setRole(184)) - e64b81a2-7e97-4a9c-9a90-0d1e8edce3a8@group-A8B097DE35CC: changes role from  FOLLOWER to FOLLOWER at term 36 for recognizeCandidate:1be30185-a2c0-4461-afc0-2cb02fcff473
2019-10-22 00:08:46,017 [grpc-default-executor-4] INFO  impl.RaftServerImpl (RaftServerImpl.java:setRole(184)) - d9951c0b-6d6e-4464-b06b-4ef93c20892c@group-A8B097DE35CC: changes role from  FOLLOWER to FOLLOWER at term 36 for recognizeCandidate:1be30185-a2c0-4461-afc0-2cb02fcff473
2019-10-22 00:08:46,017 [grpc-default-executor-3] INFO  impl.RoleInfo (RoleInfo.java:shutdownFollowerState(121)) - e64b81a2-7e97-4a9c-9a90-0d1e8edce3a8: shutdown FollowerState
2019-10-22 00:08:46,017 [grpc-default-executor-4] INFO  impl.RoleInfo (RoleInfo.java:shutdownFollowerState(121)) - d9951c0b-6d6e-4464-b06b-4ef93c20892c: shutdown FollowerState
2019-10-22 00:08:46,017 [Thread-4303] INFO  impl.FollowerState (FollowerState.java:run(117)) - e64b81a2-7e97-4a9c-9a90-0d1e8edce3a8@group-A8B097DE35CC-FollowerState was interrupted: java.lang.InterruptedException: sleep interrupted
2019-10-22 00:08:46,017 [grpc-default-executor-3] INFO  impl.RoleInfo (RoleInfo.java:updateAndGet(143)) - e64b81a2-7e97-4a9c-9a90-0d1e8edce3a8: start FollowerState
2019-10-22 00:08:46,017 [Thread-4304] INFO  impl.FollowerState (FollowerState.java:run(117)) - d9951c0b-6d6e-4464-b06b-4ef93c20892c@group-A8B097DE35CC-FollowerState was interrupted: java.lang.InterruptedException: sleep interrupted
2019-10-22 00:08:46,017 [grpc-default-executor-4] INFO  impl.RoleInfo (RoleInfo.java:updateAndGet(143)) - d9951c0b-6d6e-4464-b06b-4ef93c20892c: start FollowerState
2019-10-22 00:08:46,045 [1be30185-a2c0-4461-afc0-2cb02fcff473@group-A8B097DE35CC-LeaderElection500] INFO  impl.LeaderElection (LeaderElection.java:logAndReturn(56)) - 1be30185-a2c0-4461-afc0-2cb02fcff473@group-A8B097DE35CC-LeaderElection500: Election REJECTED; received 2 response(s) [1be30185-a2c0-4461-afc0-2cb02fcff473<-e64b81a2-7e97-4a9c-9a90-0d1e8edce3a8#0:FAIL-t36, 1be30185-a2c0-4461-afc0-2cb02fcff473<-d9951c0b-6d6e-4464-b06b-4ef93c20892c#0:FAIL-t36] and 0 exception(s); 1be30185-a2c0-4461-afc0-2cb02fcff473@group-A8B097DE35CC:t36, leader=null, voted=1be30185-a2c0-4461-afc0-2cb02fcff473, raftlog=1be30185-a2c0-4461-afc0-2cb02fcff473@group-A8B097DE35CC-SegmentedRaftLog:OPENED:c-1,f-1,i0, conf=-1: [e64b81a2-7e97-4a9c-9a90-0d1e8edce3a8:192.168.157.254:40074, d9951c0b-6d6e-4464-b06b-4ef93c20892c:192.168.157.254:43622, 1be30185-a2c0-4461-afc0-2cb02fcff473:192.168.157.254:38008], old=null
2019-10-22 00:08:46,046 [1be30185-a2c0-4461-afc0-2cb02fcff473@group-A8B097DE35CC-LeaderElection500] INFO  impl.RaftServerImpl (RaftServerImpl.java:setRole(184)) - 1be30185-a2c0-4461-afc0-2cb02fcff473@group-A8B097DE35CC: changes role from CANDIDATE to FOLLOWER at term 36 for DISCOVERED_A_NEW_TERM
2019-10-22 00:08:46,046 [1be30185-a2c0-4461-afc0-2cb02fcff473@group-A8B097DE35CC-LeaderElection500] INFO  impl.RoleInfo (RoleInfo.java:shutdownLeaderElection(134)) - 1be30185-a2c0-4461-afc0-2cb02fcff473: shutdown LeaderElection
2019-10-22 00:08:46,046 [1be30185-a2c0-4461-afc0-2cb02fcff473@group-A8B097DE35CC-LeaderElection500] INFO  impl.RoleInfo (RoleInfo.java:updateAndGet(143)) - 1be30185-a2c0-4461-afc0-2cb02fcff473: start FollowerState
2019-10-22 00:08:46,237 [Thread-4317] INFO  impl.FollowerState (FollowerState.java:run(108)) - 1be30185-a2c0-4461-afc0-2cb02fcff473@group-A8B097DE35CC-FollowerState: change to CANDIDATE, lastRpcTime:191ms, electionTimeout:190ms
2019-10-22 00:08:46,237 [Thread-4317] INFO  impl.RoleInfo (RoleInfo.java:shutdownFollowerState(121)) - 1be30185-a2c0-4461-afc0-2cb02fcff473: shutdown FollowerState
2019-10-22 00:08:46,237 [Thread-4317] INFO  impl.RaftServerImpl (RaftServerImpl.java:setRole(184)) - 1be30185-a2c0-4461-afc0-2cb02fcff473@group-A8B097DE35CC: changes role from  FOLLOWER to CANDIDATE at term 36 for changeToCandidate
2019-10-22 00:08:46,237 [Thread-4317] INFO  impl.RoleInfo (RoleInfo.java:updateAndGet(143)) - 1be30185-a2c0-4461-afc0-2cb02fcff473: start LeaderElection
2019-10-22 00:08:46,255 [1be30185-a2c0-4461-afc0-2cb02fcff473@group-A8B097DE35CC-LeaderElection501] INFO  impl.LeaderElection (LeaderElection.java:askForVotes(178)) - 1be30185-a2c0-4461-afc0-2cb02fcff473@group-A8B097DE35CC-LeaderElection501: begin an election at term 37 for -1: [e64b81a2-7e97-4a9c-9a90-0d1e8edce3a8:192.168.157.254:40074, d9951c0b-6d6e-4464-b06b-4ef93c20892c:192.168.157.254:43622, 1be30185-a2c0-4461-afc0-2cb02fcff473:192.168.157.254:38008], old=null
2019-10-22 00:08:46,257 [grpc-default-executor-4] INFO  impl.RaftServerImpl (RaftServerImpl.java:setRole(184)) - e64b81a2-7e97-4a9c-9a90-0d1e8edce3a8@group-A8B097DE35CC: changes role from  FOLLOWER to FOLLOWER at term 37 for recognizeCandidate:1be30185-a2c0-4461-afc0-2cb02fcff473
2019-10-22 00:08:46,257 [grpc-default-executor-3] INFO  impl.RaftServerImpl (RaftServerImpl.java:setRole(184)) - d9951c0b-6d6e-4464-b06b-4ef93c20892c@group-A8B097DE35CC: changes role from  FOLLOWER to FOLLOWER at term 37 for recognizeCandidate:1be30185-a2c0-4461-afc0-2cb02fcff473
2019-10-22 00:08:46,257 [grpc-default-executor-4] INFO  impl.RoleInfo (RoleInfo.java:shutdownFollowerState(121)) - e64b81a2-7e97-4a9c-9a90-0d1e8edce3a8: shutdown FollowerState
2019-10-22 00:08:46,257 [grpc-default-executor-4] INFO  impl.RoleInfo (RoleInfo.java:updateAndGet(143)) - e64b81a2-7e97-4a9c-9a90-0d1e8edce3a8: start FollowerState
2019-10-22 00:08:46,257 [grpc-default-executor-3] INFO  impl.RoleInfo (RoleInfo.java:shutdownFollowerState(121)) - d9951c0b-6d6e-4464-b06b-4ef93c20892c: shutdown FollowerState
2019-10-22 00:08:46,258 [grpc-default-executor-3] INFO  impl.RoleInfo (RoleInfo.java:updateAndGet(143)) - d9951c0b-6d6e-4464-b06b-4ef93c20892c: start FollowerState
2019-10-22 00:08:46,257 [Thread-4315] INFO  impl.FollowerState (FollowerState.java:run(117)) - e64b81a2-7e97-4a9c-9a90-0d1e8edce3a8@group-A8B097DE35CC-FollowerState was interrupted: java.lang.InterruptedException: sleep interrupted
2019-10-22 00:08:46,258 [Thread-4316] INFO  impl.FollowerState (FollowerState.java:run(117)) - d9951c0b-6d6e-4464-b06b-4ef93c20892c@group-A8B097DE35CC-FollowerState was interrupted: java.lang.InterruptedException: sleep interrupted
2019-10-22 00:08:46,289 [1be30185-a2c0-4461-afc0-2cb02fcff473@group-A8B097DE35CC-LeaderElection501] INFO  impl.LeaderElection (LeaderElection.java:logAndReturn(56)) - 1be30185-a2c0-4461-afc0-2cb02fcff473@group-A8B097DE35CC-LeaderElection501: Election REJECTED; received 2 response(s) [1be30185-a2c0-4461-afc0-2cb02fcff473<-e64b81a2-7e97-4a9c-9a90-0d1e8edce3a8#0:FAIL-t37, 1be30185-a2c0-4461-afc0-2cb02fcff473<-d9951c0b-6d6e-4464-b06b-4ef93c20892c#0:FAIL-t37] and 0 exception(s); 1be30185-a2c0-4461-afc0-2cb02fcff473@group-A8B097DE35CC:t37, leader=null, voted=1be30185-a2c0-4461-afc0-2cb02fcff473, raftlog=1be30185-a2c0-4461-afc0-2cb02fcff473@group-A8B097DE35CC-SegmentedRaftLog:OPENED:c-1,f-1,i0, conf=-1: [e64b81a2-7e97-4a9c-9a90-0d1e8edce3a8:192.168.157.254:40074, d9951c0b-6d6e-4464-b06b-4ef93c20892c:192.168.157.254:43622, 1be30185-a2c0-4461-afc0-2cb02fcff473:192.168.157.254:38008], old=null
2019-10-22 00:08:46,289 [1be30185-a2c0-4461-afc0-2cb02fcff473@group-A8B097DE35CC-LeaderElection501] INFO  impl.RaftServerImpl (RaftServerImpl.java:setRole(184)) - 1be30185-a2c0-4461-afc0-2cb02fcff473@group-A8B097DE35CC: changes role from CANDIDATE to FOLLOWER at term 37 for DISCOVERED_A_NEW_TERM
2019-10-22 00:08:46,289 [1be30185-a2c0-4461-afc0-2cb02fcff473@group-A8B097DE35CC-LeaderElection501] INFO  impl.RoleInfo (RoleInfo.java:shutdownLeaderElection(134)) - 1be30185-a2c0-4461-afc0-2cb02fcff473: shutdown LeaderElection
2019-10-22 00:08:46,289 [1be30185-a2c0-4461-afc0-2cb02fcff473@group-A8B097DE35CC-LeaderElection501] INFO  impl.RoleInfo (RoleInfo.java:updateAndGet(143)) - 1be30185-a2c0-4461-afc0-2cb02fcff473: start FollowerState
2019-10-22 00:08:46,464 [Thread-4323] INFO  impl.FollowerState (FollowerState.java:run(108)) - 1be30185-a2c0-4461-afc0-2cb02fcff473@group-A8B097DE35CC-FollowerState: change to CANDIDATE, lastRpcTime:174ms, electionTimeout:174ms
2019-10-22 00:08:46,464 [Thread-4323] INFO  impl.RoleInfo (RoleInfo.java:shutdownFollowerState(121)) - 1be30185-a2c0-4461-afc0-2cb02fcff473: shutdown FollowerState
2019-10-22 00:08:46,464 [Thread-4323] INFO  impl.RaftServerImpl (RaftServerImpl.java:setRole(184)) - 1be30185-a2c0-4461-afc0-2cb02fcff473@group-A8B097DE35CC: changes role from  FOLLOWER to CANDIDATE at term 37 for changeToCandidate
2019-10-22 00:08:46,464 [Thread-4323] INFO  impl.RoleInfo (RoleInfo.java:updateAndGet(143)) - 1be30185-a2c0-4461-afc0-2cb02fcff473: start LeaderElection
2019-10-22 00:08:46,478 [1be30185-a2c0-4461-afc0-2cb02fcff473@group-A8B097DE35CC-LeaderElection502] INFO  impl.LeaderElection (LeaderElection.java:askForVotes(178)) - 1be30185-a2c0-4461-afc0-2cb02fcff473@group-A8B097DE35CC-LeaderElection502: begin an election at term 38 for -1: [e64b81a2-7e97-4a9c-9a90-0d1e8edce3a8:192.168.157.254:40074, d9951c0b-6d6e-4464-b06b-4ef93c20892c:192.168.157.254:43622, 1be30185-a2c0-4461-afc0-2cb02fcff473:192.168.157.254:38008], old=null
2019-10-22 00:08:46,479 [grpc-default-executor-4] INFO  impl.RaftServerImpl (RaftServerImpl.java:setRole(184)) - d9951c0b-6d6e-4464-b06b-4ef93c20892c@group-A8B097DE35CC: changes role from  FOLLOWER to FOLLOWER at term 38 for recognizeCandidate:1be30185-a2c0-4461-afc0-2cb02fcff473
2019-10-22 00:08:46,479 [grpc-default-executor-3] INFO  impl.RaftServerImpl (RaftServerImpl.java:setRole(184)) - e64b81a2-7e97-4a9c-9a90-0d1e8edce3a8@group-A8B097DE35CC: changes role from  FOLLOWER to FOLLOWER at term 38 for recognizeCandidate:1be30185-a2c0-4461-afc0-2cb02fcff473
2019-10-22 00:08:46,480 [grpc-default-executor-4] INFO  impl.RoleInfo (RoleInfo.java:shutdownFollowerState(121)) - d9951c0b-6d6e-4464-b06b-4ef93c20892c: shutdown FollowerState
2019-10-22 00:08:46,480 [grpc-default-executor-3] INFO  impl.RoleInfo (RoleInfo.java:shutdownFollowerState(121)) - e64b81a2-7e97-4a9c-9a90-0d1e8edce3a8: shutdown FollowerState
2019-10-22 00:08:46,480 [Thread-4322] INFO  impl.FollowerState (FollowerState.java:run(117)) - d9951c0b-6d6e-4464-b06b-4ef93c20892c@group-A8B097DE35CC-FollowerState was interrupted: java.lang.InterruptedException: sleep interrupted
2019-10-22 00:08:46,480 [grpc-default-executor-4] INFO  impl.RoleInfo (RoleInfo.java:updateAndGet(143)) - d9951c0b-6d6e-4464-b06b-4ef93c20892c: start FollowerState
2019-10-22 00:08:46,480 [Thread-4321] INFO  impl.FollowerState (FollowerState.java:run(117)) - e64b81a2-7e97-4a9c-9a90-0d1e8edce3a8@group-A8B097DE35CC-FollowerState was interrupted: java.lang.InterruptedException: sleep interrupted
2019-10-22 00:08:46,480 [grpc-default-executor-3] INFO  impl.RoleInfo (RoleInfo.java:updateAndGet(143)) - e64b81a2-7e97-4a9c-9a90-0d1e8edce3a8: start FollowerState
2019-10-22 00:08:46,505 [1be30185-a2c0-4461-afc0-2cb02fcff473@group-A8B097DE35CC-LeaderElection502] INFO  impl.LeaderElection (LeaderElection.java:logAndReturn(56)) - 1be30185-a2c0-4461-afc0-2cb02fcff473@group-A8B097DE35CC-LeaderElection502: Election REJECTED; received 2 response(s) [1be30185-a2c0-4461-afc0-2cb02fcff473<-e64b81a2-7e97-4a9c-9a90-0d1e8edce3a8#0:FAIL-t38, 1be30185-a2c0-4461-afc0-2cb02fcff473<-d9951c0b-6d6e-4464-b06b-4ef93c20892c#0:FAIL-t38] and 0 exception(s); 1be30185-a2c0-4461-afc0-2cb02fcff473@group-A8B097DE35CC:t38, leader=null, voted=1be30185-a2c0-4461-afc0-2cb02fcff473, raftlog=1be30185-a2c0-4461-afc0-2cb02fcff473@group-A8B097DE35CC-SegmentedRaftLog:OPENED:c-1,f-1,i0, conf=-1: [e64b81a2-7e97-4a9c-9a90-0d1e8edce3a8:192.168.157.254:40074, d9951c0b-6d6e-4464-b06b-4ef93c20892c:192.168.157.254:43622, 1be30185-a2c0-4461-afc0-2cb02fcff473:192.168.157.254:38008], old=null
2019-10-22 00:08:46,505 [1be30185-a2c0-4461-afc0-2cb02fcff473@group-A8B097DE35CC-LeaderElection502] INFO  impl.RaftServerImpl (RaftServerImpl.java:setRole(184)) - 1be30185-a2c0-4461-afc0-2cb02fcff473@group-A8B097DE35CC: changes role from CANDIDATE to FOLLOWER at term 38 for DISCOVERED_A_NEW_TERM
2019-10-22 00:08:46,506 [1be30185-a2c0-4461-afc0-2cb02fcff473@group-A8B097DE35CC-LeaderElection502] INFO  impl.RoleInfo (RoleInfo.java:shutdownLeaderElection(134)) - 1be30185-a2c0-4461-afc0-2cb02fcff473: shutdown LeaderElection
2019-10-22 00:08:46,506 [1be30185-a2c0-4461-afc0-2cb02fcff473@group-A8B097DE35CC-LeaderElection502] INFO  impl.RoleInfo (RoleInfo.java:updateAndGet(143)) - 1be30185-a2c0-4461-afc0-2cb02fcff473: start FollowerState
2019-10-22 00:08:46,640 [Thread-4333] INFO  impl.FollowerState (FollowerState.java:run(108)) - 1be30185-a2c0-4461-afc0-2cb02fcff473@group-A8B097DE35CC-FollowerState: change to CANDIDATE, lastRpcTime:134ms, electionTimeout:134ms
2019-10-22 00:08:46,640 [Thread-4333] INFO  impl.RoleInfo (RoleInfo.java:shutdownFollowerState(121)) - 1be30185-a2c0-4461-afc0-2cb02fcff473: shutdown FollowerState
2019-10-22 00:08:46,640 [Thread-4333] INFO  impl.RaftServerImpl (RaftServerImpl.java:setRole(184)) - 1be30185-a2c0-4461-afc0-2cb02fcff473@group-A8B097DE35CC: changes role from  FOLLOWER to CANDIDATE at term 38 for changeToCandidate
2019-10-22 00:08:46,640 [Thread-4333] INFO  impl.RoleInfo (RoleInfo.java:updateAndGet(143)) - 1be30185-a2c0-4461-afc0-2cb02fcff473: start LeaderElection
2019-10-22 00:08:46,653 [1be30185-a2c0-4461-afc0-2cb02fcff473@group-A8B097DE35CC-LeaderElection503] INFO  impl.LeaderElection (LeaderElection.java:askForVotes(178)) - 1be30185-a2c0-4461-afc0-2cb02fcff473@group-A8B097DE35CC-LeaderElection503: begin an election at term 39 for -1: [e64b81a2-7e97-4a9c-9a90-0d1e8edce3a8:192.168.157.254:40074, d9951c0b-6d6e-4464-b06b-4ef93c20892c:192.168.157.254:43622, 1be30185-a2c0-4461-afc0-2cb02fcff473:192.168.157.254:38008], old=null
2019-10-22 00:08:46,655 [grpc-default-executor-3] INFO  impl.RaftServerImpl (RaftServerImpl.java:setRole(184)) - d9951c0b-6d6e-4464-b06b-4ef93c20892c@group-A8B097DE35CC: changes role from  FOLLOWER to FOLLOWER at term 39 for recognizeCandidate:1be30185-a2c0-4461-afc0-2cb02fcff473
2019-10-22 00:08:46,655 [grpc-default-executor-4] INFO  impl.RaftServerImpl (RaftServerImpl.java:setRole(184)) - e64b81a2-7e97-4a9c-9a90-0d1e8edce3a8@group-A8B097DE35CC: changes role from  FOLLOWER to FOLLOWER at term 39 for recognizeCandidate:1be30185-a2c0-4461-afc0-2cb02fcff473
2019-10-22 00:08:46,655 [grpc-default-executor-3] INFO  impl.RoleInfo (RoleInfo.java:shutdownFollowerState(121)) - d9951c0b-6d6e-4464-b06b-4ef93c20892c: shutdown FollowerState
2019-10-22 00:08:46,655 [grpc-default-executor-4] INFO  impl.RoleInfo (RoleInfo.java:shutdownFollowerState(121)) - e64b81a2-7e97-4a9c-9a90-0d1e8edce3a8: shutdown FollowerState
2019-10-22 00:08:46,655 [Thread-4331] INFO  impl.FollowerState (FollowerState.java:run(117)) - d9951c0b-6d6e-4464-b06b-4ef93c20892c@group-A8B097DE35CC-FollowerState was interrupted: java.lang.InterruptedException: sleep interrupted
2019-10-22 00:08:46,655 [grpc-default-executor-3] INFO  impl.RoleInfo (RoleInfo.java:updateAndGet(143)) - d9951c0b-6d6e-4464-b06b-4ef93c20892c: start FollowerState
2019-10-22 00:08:46,655 [grpc-default-executor-4] INFO  impl.RoleInfo (RoleInfo.java:updateAndGet(143)) - e64b81a2-7e97-4a9c-9a90-0d1e8edce3a8: start FollowerState
2019-10-22 00:08:46,655 [Thread-4332] INFO  impl.FollowerState (FollowerState.java:run(117)) - e64b81a2-7e97-4a9c-9a90-0d1e8edce3a8@group-A8B097DE35CC-FollowerState was interrupted: java.lang.InterruptedException: sleep interrupted
2019-10-22 00:08:46,666 [1be30185-a2c0-4461-afc0-2cb02fcff473@group-A8B097DE35CC-LeaderElection503] INFO  impl.LeaderElection (LeaderElection.java:logAndReturn(56)) - 1be30185-a2c0-4461-afc0-2cb02fcff473@group-A8B097DE35CC-LeaderElection503: Election REJECTED; received 2 response(s) [1be30185-a2c0-4461-afc0-2cb02fcff473<-e64b81a2-7e97-4a9c-9a90-0d1e8edce3a8#0:FAIL-t39, 1be30185-a2c0-4461-afc0-2cb02fcff473<-d9951c0b-6d6e-4464-b06b-4ef93c20892c#0:FAIL-t39] and 0 exception(s); 1be30185-a2c0-4461-afc0-2cb02fcff473@group-A8B097DE35CC:t39, leader=null, voted=1be30185-a2c0-4461-afc0-2cb02fcff473, raftlog=1be30185-a2c0-4461-afc0-2cb02fcff473@group-A8B097DE35CC-SegmentedRaftLog:OPENED:c-1,f-1,i0, conf=-1: [e64b81a2-7e97-4a9c-9a90-0d1e8edce3a8:192.168.157.254:40074, d9951c0b-6d6e-4464-b06b-4ef93c20892c:192.168.157.254:43622, 1be30185-a2c0-4461-afc0-2cb02fcff473:192.168.157.254:38008], old=null
2019-10-22 00:08:46,666 [1be30185-a2c0-4461-afc0-2cb02fcff473@group-A8B097DE35CC-LeaderElection503] INFO  impl.RaftServerImpl (RaftServerImpl.java:setRole(184)) - 1be30185-a2c0-4461-afc0-2cb02fcff473@group-A8B097DE35CC: changes role from CANDIDATE to FOLLOWER at term 39 for DISCOVERED_A_NEW_TERM
2019-10-22 00:08:46,666 [1be30185-a2c0-4461-afc0-2cb02fcff473@group-A8B097DE35CC-LeaderElection503] INFO  impl.RoleInfo (RoleInfo.java:shutdownLeaderElection(134)) - 1be30185-a2c0-4461-afc0-2cb02fcff473: shutdown LeaderElection
2019-10-22 00:08:46,666 [1be30185-a2c0-4461-afc0-2cb02fcff473@group-A8B097DE35CC-LeaderElection503] INFO  impl.RoleInfo (RoleInfo.java:updateAndGet(143)) - 1be30185-a2c0-4461-afc0-2cb02fcff473: start FollowerState
2019-10-22 00:08:46,672 [Thread-4339] INFO  impl.FollowerState (FollowerState.java:run(108)) - 1be30185-a2c0-4461-afc0-2cb02fcff473@group-A8B097DE35CC-FollowerState: change to CANDIDATE, lastRpcTime:6ms, electionTimeout:6ms
2019-10-22 00:08:46,672 [Thread-4339] INFO  impl.RoleInfo (RoleInfo.java:shutdownFollowerState(121)) - 1be30185-a2c0-4461-afc0-2cb02fcff473: shutdown FollowerState
2019-10-22 00:08:46,672 [Thread-4339] INFO  impl.RaftServerImpl (RaftServerImpl.java:setRole(184)) - 1be30185-a2c0-4461-afc0-2cb02fcff473@group-A8B097DE35CC: changes role from  FOLLOWER to CANDIDATE at term 39 for changeToCandidate
2019-10-22 00:08:46,672 [Thread-4339] INFO  impl.RoleInfo (RoleInfo.java:updateAndGet(143)) - 1be30185-a2c0-4461-afc0-2cb02fcff473: start LeaderElection
2019-10-22 00:08:46,688 [1be30185-a2c0-4461-afc0-2cb02fcff473@group-A8B097DE35CC-LeaderElection504] INFO  impl.LeaderElection (LeaderElection.java:askForVotes(178)) - 1be30185-a2c0-4461-afc0-2cb02fcff473@group-A8B097DE35CC-LeaderElection504: begin an election at term 40 for -1: [e64b81a2-7e97-4a9c-9a90-0d1e8edce3a8:192.168.157.254:40074, d9951c0b-6d6e-4464-b06b-4ef93c20892c:192.168.157.254:43622, 1be30185-a2c0-4461-afc0-2cb02fcff473:192.168.157.254:38008], old=null
2019-10-22 00:08:46,690 [grpc-default-executor-4] INFO  impl.RaftServerImpl (RaftServerImpl.java:setRole(184)) - d9951c0b-6d6e-4464-b06b-4ef93c20892c@group-A8B097DE35CC: changes role from  FOLLOWER to FOLLOWER at term 40 for recognizeCandidate:1be30185-a2c0-4461-afc0-2cb02fcff473
2019-10-22 00:08:46,690 [grpc-default-executor-3] INFO  impl.RaftServerImpl (RaftServerImpl.java:setRole(184)) - e64b81a2-7e97-4a9c-9a90-0d1e8edce3a8@group-A8B097DE35CC: changes role from  FOLLOWER to FOLLOWER at term 40 for recognizeCandidate:1be30185-a2c0-4461-afc0-2cb02fcff473
2019-10-22 00:08:46,690 [grpc-default-executor-3] INFO  impl.RoleInfo (RoleInfo.java:shutdownFollowerState(121)) - e64b81a2-7e97-4a9c-9a90-0d1e8edce3a8: shutdown FollowerState
2019-10-22 00:08:46,690 [grpc-default-executor-4] INFO  impl.RoleInfo (RoleInfo.java:shutdownFollowerState(121)) - d9951c0b-6d6e-4464-b06b-4ef93c20892c: shutdown FollowerState
2019-10-22 00:08:46,690 [Thread-4338] INFO  impl.FollowerState (FollowerState.java:run(117)) - e64b81a2-7e97-4a9c-9a90-0d1e8edce3a8@group-A8B097DE35CC-FollowerState was interrupted: java.lang.InterruptedException: sleep interrupted
2019-10-22 00:08:46,690 [Thread-4337] INFO  impl.FollowerState (FollowerState.java:run(117)) - d9951c0b-6d6e-4464-b06b-4ef93c20892c@group-A8B097DE35CC-FollowerState was interrupted: java.lang.InterruptedException: sleep interrupted
2019-10-22 00:08:46,690 [grpc-default-executor-3] INFO  impl.RoleInfo (RoleInfo.java:updateAndGet(143)) - e64b81a2-7e97-4a9c-9a90-0d1e8edce3a8: start FollowerState
2019-10-22 00:08:46,690 [grpc-default-executor-4] INFO  impl.RoleInfo (RoleInfo.java:updateAndGet(143)) - d9951c0b-6d6e-4464-b06b-4ef93c20892c: start FollowerState
2019-10-22 00:08:46,701 [1be30185-a2c0-4461-afc0-2cb02fcff473@group-A8B097DE35CC-LeaderElection504] INFO  impl.LeaderElection (LeaderElection.java:logAndReturn(56)) - 1be30185-a2c0-4461-afc0-2cb02fcff473@group-A8B097DE35CC-LeaderElection504: Election REJECTED; received 2 response(s) [1be30185-a2c0-4461-afc0-2cb02fcff473<-e64b81a2-7e97-4a9c-9a90-0d1e8edce3a8#0:FAIL-t40, 1be30185-a2c0-4461-afc0-2cb02fcff473<-d9951c0b-6d6e-4464-b06b-4ef93c20892c#0:FAIL-t40] and 0 exception(s); 1be30185-a2c0-4461-afc0-2cb02fcff473@group-A8B097DE35CC:t40, leader=null, voted=1be30185-a2c0-4461-afc0-2cb02fcff473, raftlog=1be30185-a2c0-4461-afc0-2cb02fcff473@group-A8B097DE35CC-SegmentedRaftLog:OPENED:c-1,f-1,i0, conf=-1: [e64b81a2-7e97-4a9c-9a90-0d1e8edce3a8:192.168.157.254:40074, d9951c0b-6d6e-4464-b06b-4ef93c20892c:192.168.157.254:43622, 1be30185-a2c0-4461-afc0-2cb02fcff473:192.168.157.254:38008], old=null
2019-10-22 00:08:46,701 [1be30185-a2c0-4461-afc0-2cb02fcff473@group-A8B097DE35CC-LeaderElection504] INFO  impl.RaftServerImpl (RaftServerImpl.java:setRole(184)) - 1be30185-a2c0-4461-afc0-2cb02fcff473@group-A8B097DE35CC: changes role from CANDIDATE to FOLLOWER at term 40 for DISCOVERED_A_NEW_TERM
2019-10-22 00:08:46,701 [1be30185-a2c0-4461-afc0-2cb02fcff473@group-A8B097DE35CC-LeaderElection504] INFO  impl.RoleInfo (RoleInfo.java:shutdownLeaderElection(134)) - 1be30185-a2c0-4461-afc0-2cb02fcff473: shutdown LeaderElection
2019-10-22 00:08:46,701 [1be30185-a2c0-4461-afc0-2cb02fcff473@group-A8B097DE35CC-LeaderElection504] INFO  impl.RoleInfo (RoleInfo.java:updateAndGet(143)) - 1be30185-a2c0-4461-afc0-2cb02fcff473: start FollowerState
2019-10-22 00:08:46,714 [Thread-4345] INFO  impl.FollowerState (FollowerState.java:run(108)) - 1be30185-a2c0-4461-afc0-2cb02fcff473@group-A8B097DE35CC-FollowerState: change to CANDIDATE, lastRpcTime:13ms, electionTimeout:13ms
2019-10-22 00:08:46,714 [Thread-4345] INFO  impl.RoleInfo (RoleInfo.java:shutdownFollowerState(121)) - 1be30185-a2c0-4461-afc0-2cb02fcff473: shutdown FollowerState
2019-10-22 00:08:46,714 [Thread-4345] INFO  impl.RaftServerImpl (RaftServerImpl.java:setRole(184)) - 1be30185-a2c0-4461-afc0-2cb02fcff473@group-A8B097DE35CC: changes role from  FOLLOWER to CANDIDATE at term 40 for changeToCandidate
2019-10-22 00:08:46,714 [Thread-4345] INFO  impl.RoleInfo (RoleInfo.java:updateAndGet(143)) - 1be30185-a2c0-4461-afc0-2cb02fcff473: start LeaderElection
2019-10-22 00:08:46,723 [1be30185-a2c0-4461-afc0-2cb02fcff473@group-A8B097DE35CC-LeaderElection505] INFO  impl.LeaderElection (LeaderElection.java:askForVotes(178)) - 1be30185-a2c0-4461-afc0-2cb02fcff473@group-A8B097DE35CC-LeaderElection505: begin an election at term 41 for -1: [e64b81a2-7e97-4a9c-9a90-0d1e8edce3a8:192.168.157.254:40074, d9951c0b-6d6e-4464-b06b-4ef93c20892c:192.168.157.254:43622, 1be30185-a2c0-4461-afc0-2cb02fcff473:192.168.157.254:38008], old=null
2019-10-22 00:08:46,724 [grpc-default-executor-4] INFO  impl.RaftServerImpl (RaftServerImpl.java:setRole(184)) - e64b81a2-7e97-4a9c-9a90-0d1e8edce3a8@group-A8B097DE35CC: changes role from  FOLLOWER to FOLLOWER at term 41 for recognizeCandidate:1be30185-a2c0-4461-afc0-2cb02fcff473
2019-10-22 00:08:46,724 [grpc-default-executor-3] INFO  impl.RaftServerImpl (RaftServerImpl.java:setRole(184)) - d9951c0b-6d6e-4464-b06b-4ef93c20892c@group-A8B097DE35CC: changes role from  FOLLOWER to FOLLOWER at term 41 for recognizeCandidate:1be30185-a2c0-4461-afc0-2cb02fcff473
2019-10-22 00:08:46,724 [grpc-default-executor-4] INFO  impl.RoleInfo (RoleInfo.java:shutdownFollowerState(121)) - e64b81a2-7e97-4a9c-9a90-0d1e8edce3a8: shutdown FollowerState
2019-10-22 00:08:46,725 [grpc-default-executor-3] INFO  impl.RoleInfo (RoleInfo.java:shutdownFollowerState(121)) - d9951c0b-6d6e-4464-b06b-4ef93c20892c: shutdown FollowerState
2019-10-22 00:08:46,725 [Thread-4343] INFO  impl.FollowerState (FollowerState.java:run(117)) - e64b81a2-7e97-4a9c-9a90-0d1e8edce3a8@group-A8B097DE35CC-FollowerState was interrupted: java.lang.InterruptedException: sleep interrupted
2019-10-22 00:08:46,725 [grpc-default-executor-4] INFO  impl.RoleInfo (RoleInfo.java:updateAndGet(143)) - e64b81a2-7e97-4a9c-9a90-0d1e8edce3a8: start FollowerState
2019-10-22 00:08:46,725 [Thread-4344] INFO  impl.FollowerState (FollowerState.java:run(117)) - d9951c0b-6d6e-4464-b06b-4ef93c20892c@group-A8B097DE35CC-FollowerState was interrupted: java.lang.InterruptedException: sleep interrupted
2019-10-22 00:08:46,725 [grpc-default-executor-3] INFO  impl.RoleInfo (RoleInfo.java:updateAndGet(143)) - d9951c0b-6d6e-4464-b06b-4ef93c20892c: start FollowerState
2019-10-22 00:08:46,739 [1be30185-a2c0-4461-afc0-2cb02fcff473@group-A8B097DE35CC-LeaderElection505] INFO  impl.LeaderElection (LeaderElection.java:logAndReturn(56)) - 1be30185-a2c0-4461-afc0-2cb02fcff473@group-A8B097DE35CC-LeaderElection505: Election REJECTED; received 2 response(s) [1be30185-a2c0-4461-afc0-2cb02fcff473<-e64b81a2-7e97-4a9c-9a90-0d1e8edce3a8#0:FAIL-t41, 1be30185-a2c0-4461-afc0-2cb02fcff473<-d9951c0b-6d6e-4464-b06b-4ef93c20892c#0:FAIL-t41] and 0 exception(s); 1be30185-a2c0-4461-afc0-2cb02fcff473@group-A8B097DE35CC:t41, leader=null, voted=1be30185-a2c0-4461-afc0-2cb02fcff473, raftlog=1be30185-a2c0-4461-afc0-2cb02fcff473@group-A8B097DE35CC-SegmentedRaftLog:OPENED:c-1,f-1,i0, conf=-1: [e64b81a2-7e97-4a9c-9a90-0d1e8edce3a8:192.168.157.254:40074, d9951c0b-6d6e-4464-b06b-4ef93c20892c:192.168.157.254:43622, 1be30185-a2c0-4461-afc0-2cb02fcff473:192.168.157.254:38008], old=null
2019-10-22 00:08:46,740 [1be30185-a2c0-4461-afc0-2cb02fcff473@group-A8B097DE35CC-LeaderElection505] INFO  impl.RaftServerImpl (RaftServerImpl.java:setRole(184)) - 1be30185-a2c0-4461-afc0-2cb02fcff473@group-A8B097DE35CC: changes role from CANDIDATE to FOLLOWER at term 41 for DISCOVERED_A_NEW_TERM
2019-10-22 00:08:46,740 [1be30185-a2c0-4461-afc0-2cb02fcff473@group-A8B097DE35CC-LeaderElection505] INFO  impl.RoleInfo (RoleInfo.java:shutdownLeaderElection(134)) - 1be30185-a2c0-4461-afc0-2cb02fcff473: shutdown LeaderElection
2019-10-22 00:08:46,740 [1be30185-a2c0-4461-afc0-2cb02fcff473@group-A8B097DE35CC-LeaderElection505] INFO  impl.RoleInfo (RoleInfo.java:updateAndGet(143)) - 1be30185-a2c0-4461-afc0-2cb02fcff473: start FollowerState
2019-10-22 00:08:46,857 [Thread-4351] INFO  impl.FollowerState (FollowerState.java:run(108)) - 1be30185-a2c0-4461-afc0-2cb02fcff473@group-A8B097DE35CC-FollowerState: change to CANDIDATE, lastRpcTime:117ms, electionTimeout:117ms
2019-10-22 00:08:46,857 [Thread-4351] INFO  impl.RoleInfo (RoleInfo.java:shutdownFollowerState(121)) - 1be30185-a2c0-4461-afc0-2cb02fcff473: shutdown FollowerState
2019-10-22 00:08:46,857 [Thread-4351] INFO  impl.RaftServerImpl (RaftServerImpl.java:setRole(184)) - 1be30185-a2c0-4461-afc0-2cb02fcff473@group-A8B097DE35CC: changes role from  FOLLOWER to CANDIDATE at term 41 for changeToCandidate
2019-10-22 00:08:46,857 [Thread-4351] INFO  impl.RoleInfo (RoleInfo.java:updateAndGet(143)) - 1be30185-a2c0-4461-afc0-2cb02fcff473: start LeaderElection
2019-10-22 00:08:46,872 [1be30185-a2c0-4461-afc0-2cb02fcff473@group-A8B097DE35CC-LeaderElection506] INFO  impl.LeaderElection (LeaderElection.java:askForVotes(178)) - 1be30185-a2c0-4461-afc0-2cb02fcff473@group-A8B097DE35CC-LeaderElection506: begin an election at term 42 for -1: [e64b81a2-7e97-4a9c-9a90-0d1e8edce3a8:192.168.157.254:40074, d9951c0b-6d6e-4464-b06b-4ef93c20892c:192.168.157.254:43622, 1be30185-a2c0-4461-afc0-2cb02fcff473:192.168.157.254:38008], old=null
2019-10-22 00:08:46,874 [grpc-default-executor-4] INFO  impl.RaftServerImpl (RaftServerImpl.java:setRole(184)) - d9951c0b-6d6e-4464-b06b-4ef93c20892c@group-A8B097DE35CC: changes role from  FOLLOWER to FOLLOWER at term 42 for recognizeCandidate:1be30185-a2c0-4461-afc0-2cb02fcff473
2019-10-22 00:08:46,874 [grpc-default-executor-4] INFO  impl.RoleInfo (RoleInfo.java:shutdownFollowerState(121)) - d9951c0b-6d6e-4464-b06b-4ef93c20892c: shutdown FollowerState
2019-10-22 00:08:46,874 [grpc-default-executor-3] INFO  impl.RaftServerImpl (RaftServerImpl.java:setRole(184)) - e64b81a2-7e97-4a9c-9a90-0d1e8edce3a8@group-A8B097DE35CC: changes role from  FOLLOWER to FOLLOWER at term 42 for recognizeCandidate:1be30185-a2c0-4461-afc0-2cb02fcff473
2019-10-22 00:08:46,874 [Thread-4350] INFO  impl.FollowerState (FollowerState.java:run(117)) - d9951c0b-6d6e-4464-b06b-4ef93c20892c@group-A8B097DE35CC-FollowerState was interrupted: java.lang.InterruptedException: sleep interrupted
2019-10-22 00:08:46,874 [grpc-default-executor-4] INFO  impl.RoleInfo (RoleInfo.java:updateAndGet(143)) - d9951c0b-6d6e-4464-b06b-4ef93c20892c: start FollowerState
2019-10-22 00:08:46,874 [grpc-default-executor-3] INFO  impl.RoleInfo (RoleInfo.java:shutdownFollowerState(121)) - e64b81a2-7e97-4a9c-9a90-0d1e8edce3a8: shutdown FollowerState
2019-10-22 00:08:46,874 [grpc-default-executor-3] INFO  impl.RoleInfo (RoleInfo.java:updateAndGet(143)) - e64b81a2-7e97-4a9c-9a90-0d1e8edce3a8: start FollowerState
2019-10-22 00:08:46,874 [Thread-4349] INFO  impl.FollowerState (FollowerState.java:run(117)) - e64b81a2-7e97-4a9c-9a90-0d1e8edce3a8@group-A8B097DE35CC-FollowerState was interrupted: java.lang.InterruptedException: sleep interrupted
2019-10-22 00:08:46,900 [1be30185-a2c0-4461-afc0-2cb02fcff473@group-A8B097DE35CC-LeaderElection506] INFO  impl.LeaderElection (LeaderElection.java:logAndReturn(56)) - 1be30185-a2c0-4461-afc0-2cb02fcff473@group-A8B097DE35CC-LeaderElection506: Election REJECTED; received 2 response(s) [1be30185-a2c0-4461-afc0-2cb02fcff473<-e64b81a2-7e97-4a9c-9a90-0d1e8edce3a8#0:FAIL-t42, 1be30185-a2c0-4461-afc0-2cb02fcff473<-d9951c0b-6d6e-4464-b06b-4ef93c20892c#0:FAIL-t42] and 0 exception(s); 1be30185-a2c0-4461-afc0-2cb02fcff473@group-A8B097DE35CC:t42, leader=null, voted=1be30185-a2c0-4461-afc0-2cb02fcff473, raftlog=1be30185-a2c0-4461-afc0-2cb02fcff473@group-A8B097DE35CC-SegmentedRaftLog:OPENED:c-1,f-1,i0, conf=-1: [e64b81a2-7e97-4a9c-9a90-0d1e8edce3a8:192.168.157.254:40074, d9951c0b-6d6e-4464-b06b-4ef93c20892c:192.168.157.254:43622, 1be30185-a2c0-4461-afc0-2cb02fcff473:192.168.157.254:38008], old=null
2019-10-22 00:08:46,900 [1be30185-a2c0-4461-afc0-2cb02fcff473@group-A8B097DE35CC-LeaderElection506] INFO  impl.RaftServerImpl (RaftServerImpl.java:setRole(184)) - 1be30185-a2c0-4461-afc0-2cb02fcff473@group-A8B097DE35CC: changes role from CANDIDATE to FOLLOWER at term 42 for DISCOVERED_A_NEW_TERM
2019-10-22 00:08:46,900 [1be30185-a2c0-4461-afc0-2cb02fcff473@group-A8B097DE35CC-LeaderElection506] INFO  impl.RoleInfo (RoleInfo.java:shutdownLeaderElection(134)) - 1be30185-a2c0-4461-afc0-2cb02fcff473: shutdown LeaderElection
2019-10-22 00:08:46,900 [1be30185-a2c0-4461-afc0-2cb02fcff473@group-A8B097DE35CC-LeaderElection506] INFO  impl.RoleInfo (RoleInfo.java:updateAndGet(143)) - 1be30185-a2c0-4461-afc0-2cb02fcff473: start FollowerState
2019-10-22 00:08:47,059 [Thread-4357] INFO  impl.FollowerState (FollowerState.java:run(108)) - 1be30185-a2c0-4461-afc0-2cb02fcff473@group-A8B097DE35CC-FollowerState: change to CANDIDATE, lastRpcTime:158ms, electionTimeout:158ms
2019-10-22 00:08:47,059 [Thread-4357] INFO  impl.RoleInfo (RoleInfo.java:shutdownFollowerState(121)) - 1be30185-a2c0-4461-afc0-2cb02fcff473: shutdown FollowerState
2019-10-22 00:08:47,059 [Thread-4357] INFO  impl.RaftServerImpl (RaftServerImpl.java:setRole(184)) - 1be30185-a2c0-4461-afc0-2cb02fcff473@group-A8B097DE35CC: changes role from  FOLLOWER to CANDIDATE at term 42 for changeToCandidate
2019-10-22 00:08:47,059 [Thread-4357] INFO  impl.RoleInfo (RoleInfo.java:updateAndGet(143)) - 1be30185-a2c0-4461-afc0-2cb02fcff473: start LeaderElection
2019-10-22 00:08:47,072 [1be30185-a2c0-4461-afc0-2cb02fcff473@group-A8B097DE35CC-LeaderElection507] INFO  impl.LeaderElection (LeaderElection.java:askForVotes(178)) - 1be30185-a2c0-4461-afc0-2cb02fcff473@group-A8B097DE35CC-LeaderElection507: begin an election at term 43 for -1: [e64b81a2-7e97-4a9c-9a90-0d1e8edce3a8:192.168.157.254:40074, d9951c0b-6d6e-4464-b06b-4ef93c20892c:192.168.157.254:43622, 1be30185-a2c0-4461-afc0-2cb02fcff473:192.168.157.254:38008], old=null
2019-10-22 00:08:47,074 [grpc-default-executor-8] INFO  impl.RaftServerImpl (RaftServerImpl.java:setRole(184)) - d9951c0b-6d6e-4464-b06b-4ef93c20892c@group-A8B097DE35CC: changes role from  FOLLOWER to FOLLOWER at term 43 for recognizeCandidate:1be30185-a2c0-4461-afc0-2cb02fcff473
2019-10-22 00:08:47,074 [grpc-default-executor-4] INFO  impl.RaftServerImpl (RaftServerImpl.java:setRole(184)) - e64b81a2-7e97-4a9c-9a90-0d1e8edce3a8@group-A8B097DE35CC: changes role from  FOLLOWER to FOLLOWER at term 43 for recognizeCandidate:1be30185-a2c0-4461-afc0-2cb02fcff473
2019-10-22 00:08:47,074 [grpc-default-executor-4] INFO  impl.RoleInfo (RoleInfo.java:shutdownFollowerState(121)) - e64b81a2-7e97-4a9c-9a90-0d1e8edce3a8: shutdown FollowerState
2019-10-22 00:08:47,074 [grpc-default-executor-8] INFO  impl.RoleInfo (RoleInfo.java:shutdownFollowerState(121)) - d9951c0b-6d6e-4464-b06b-4ef93c20892c: shutdown FollowerState
2019-10-22 00:08:47,074 [grpc-default-executor-4] INFO  impl.RoleInfo (RoleInfo.java:updateAndGet(143)) - e64b81a2-7e97-4a9c-9a90-0d1e8edce3a8: start FollowerState
2019-10-22 00:08:47,074 [Thread-4356] INFO  impl.FollowerState (FollowerState.java:run(117)) - e64b81a2-7e97-4a9c-9a90-0d1e8edce3a8@group-A8B097DE35CC-FollowerState was interrupted: java.lang.InterruptedException: sleep interrupted
2019-10-22 00:08:47,074 [Thread-4355] INFO  impl.FollowerState (FollowerState.java:run(117)) - d9951c0b-6d6e-4464-b06b-4ef93c20892c@group-A8B097DE35CC-FollowerState was interrupted: java.lang.InterruptedException: sleep interrupted
2019-10-22 00:08:47,074 [grpc-default-executor-8] INFO  impl.RoleInfo (RoleInfo.java:updateAndGet(143)) - d9951c0b-6d6e-4464-b06b-4ef93c20892c: start FollowerState
2019-10-22 00:08:47,092 [1be30185-a2c0-4461-afc0-2cb02fcff473@group-A8B097DE35CC-LeaderElection507] INFO  impl.LeaderElection (LeaderElection.java:logAndReturn(56)) - 1be30185-a2c0-4461-afc0-2cb02fcff473@group-A8B097DE35CC-LeaderElection507: Election REJECTED; received 2 response(s) [1be30185-a2c0-4461-afc0-2cb02fcff473<-e64b81a2-7e97-4a9c-9a90-0d1e8edce3a8#0:FAIL-t43, 1be30185-a2c0-4461-afc0-2cb02fcff473<-d9951c0b-6d6e-4464-b06b-4ef93c20892c#0:FAIL-t43] and 0 exception(s); 1be30185-a2c0-4461-afc0-2cb02fcff473@group-A8B097DE35CC:t43, leader=null, voted=1be30185-a2c0-4461-afc0-2cb02fcff473, raftlog=1be30185-a2c0-4461-afc0-2cb02fcff473@group-A8B097DE35CC-SegmentedRaftLog:OPENED:c-1,f-1,i0, conf=-1: [e64b81a2-7e97-4a9c-9a90-0d1e8edce3a8:192.168.157.254:40074, d9951c0b-6d6e-4464-b06b-4ef93c20892c:192.168.157.254:43622, 1be30185-a2c0-4461-afc0-2cb02fcff473:192.168.157.254:38008], old=null
2019-10-22 00:08:47,092 [1be30185-a2c0-4461-afc0-2cb02fcff473@group-A8B097DE35CC-LeaderElection507] INFO  impl.RaftServerImpl (RaftServerImpl.java:setRole(184)) - 1be30185-a2c0-4461-afc0-2cb02fcff473@group-A8B097DE35CC: changes role from CANDIDATE to FOLLOWER at term 43 for DISCOVERED_A_NEW_TERM
2019-10-22 00:08:47,092 [1be30185-a2c0-4461-afc0-2cb02fcff473@group-A8B097DE35CC-LeaderElection507] INFO  impl.RoleInfo (RoleInfo.java:shutdownLeaderElection(134)) - 1be30185-a2c0-4461-afc0-2cb02fcff473: shutdown LeaderElection
2019-10-22 00:08:47,092 [1be30185-a2c0-4461-afc0-2cb02fcff473@group-A8B097DE35CC-LeaderElection507] INFO  impl.RoleInfo (RoleInfo.java:updateAndGet(143)) - 1be30185-a2c0-4461-afc0-2cb02fcff473: start FollowerState
2019-10-22 00:08:47,285 [Thread-4369] INFO  impl.FollowerState (FollowerState.java:run(108)) - 1be30185-a2c0-4461-afc0-2cb02fcff473@group-A8B097DE35CC-FollowerState: change to CANDIDATE, lastRpcTime:193ms, electionTimeout:193ms
2019-10-22 00:08:47,285 [Thread-4369] INFO  impl.RoleInfo (RoleInfo.java:shutdownFollowerState(121)) - 1be30185-a2c0-4461-afc0-2cb02fcff473: shutdown FollowerState
2019-10-22 00:08:47,286 [Thread-4369] INFO  impl.RaftServerImpl (RaftServerImpl.java:setRole(184)) - 1be30185-a2c0-4461-afc0-2cb02fcff473@group-A8B097DE35CC: changes role from  FOLLOWER to CANDIDATE at term 43 for changeToCandidate
2019-10-22 00:08:47,286 [Thread-4369] INFO  impl.RoleInfo (RoleInfo.java:updateAndGet(143)) - 1be30185-a2c0-4461-afc0-2cb02fcff473: start LeaderElection
2019-10-22 00:08:47,299 [1be30185-a2c0-4461-afc0-2cb02fcff473@group-A8B097DE35CC-LeaderElection508] INFO  impl.LeaderElection (LeaderElection.java:askForVotes(178)) - 1be30185-a2c0-4461-afc0-2cb02fcff473@group-A8B097DE35CC-LeaderElection508: begin an election at term 44 for -1: [e64b81a2-7e97-4a9c-9a90-0d1e8edce3a8:192.168.157.254:40074, d9951c0b-6d6e-4464-b06b-4ef93c20892c:192.168.157.254:43622, 1be30185-a2c0-4461-afc0-2cb02fcff473:192.168.157.254:38008], old=null
2019-10-22 00:08:47,300 [grpc-default-executor-4] INFO  impl.RaftServerImpl (RaftServerImpl.java:setRole(184)) - d9951c0b-6d6e-4464-b06b-4ef93c20892c@group-A8B097DE35CC: changes role from  FOLLOWER to FOLLOWER at term 44 for recognizeCandidate:1be30185-a2c0-4461-afc0-2cb02fcff473
2019-10-22 00:08:47,301 [grpc-default-executor-4] INFO  impl.RoleInfo (RoleInfo.java:shutdownFollowerState(121)) - d9951c0b-6d6e-4464-b06b-4ef93c20892c: shutdown FollowerState
2019-10-22 00:08:47,301 [grpc-default-executor-4] INFO  impl.RoleInfo (RoleInfo.java:updateAndGet(143)) - d9951c0b-6d6e-4464-b06b-4ef93c20892c: start FollowerState
2019-10-22 00:08:47,301 [Thread-4368] INFO  impl.FollowerState (FollowerState.java:run(117)) - d9951c0b-6d6e-4464-b06b-4ef93c20892c@group-A8B097DE35CC-FollowerState was interrupted: java.lang.InterruptedException: sleep interrupted
2019-10-22 00:08:47,301 [grpc-default-executor-8] INFO  impl.RaftServerImpl (RaftServerImpl.java:setRole(184)) - e64b81a2-7e97-4a9c-9a90-0d1e8edce3a8@group-A8B097DE35CC: changes role from  FOLLOWER to FOLLOWER at term 44 for recognizeCandidate:1be30185-a2c0-4461-afc0-2cb02fcff473
2019-10-22 00:08:47,301 [grpc-default-executor-8] INFO  impl.RoleInfo (RoleInfo.java:shutdownFollowerState(121)) - e64b81a2-7e97-4a9c-9a90-0d1e8edce3a8: shutdown FollowerState
2019-10-22 00:08:47,301 [grpc-default-executor-8] INFO  impl.RoleInfo (RoleInfo.java:updateAndGet(143)) - e64b81a2-7e97-4a9c-9a90-0d1e8edce3a8: start FollowerState
2019-10-22 00:08:47,301 [Thread-4367] INFO  impl.FollowerState (FollowerState.java:run(117)) - e64b81a2-7e97-4a9c-9a90-0d1e8edce3a8@group-A8B097DE35CC-FollowerState was interrupted: java.lang.InterruptedException: sleep interrupted
2019-10-22 00:08:47,318 [1be30185-a2c0-4461-afc0-2cb02fcff473@group-A8B097DE35CC-LeaderElection508] INFO  impl.LeaderElection (LeaderElection.java:logAndReturn(56)) - 1be30185-a2c0-4461-afc0-2cb02fcff473@group-A8B097DE35CC-LeaderElection508: Election REJECTED; received 2 response(s) [1be30185-a2c0-4461-afc0-2cb02fcff473<-e64b81a2-7e97-4a9c-9a90-0d1e8edce3a8#0:FAIL-t44, 1be30185-a2c0-4461-afc0-2cb02fcff473<-d9951c0b-6d6e-4464-b06b-4ef93c20892c#0:FAIL-t44] and 0 exception(s); 1be30185-a2c0-4461-afc0-2cb02fcff473@group-A8B097DE35CC:t44, leader=null, voted=1be30185-a2c0-4461-afc0-2cb02fcff473, raftlog=1be30185-a2c0-4461-afc0-2cb02fcff473@group-A8B097DE35CC-SegmentedRaftLog:OPENED:c-1,f-1,i0, conf=-1: [e64b81a2-7e97-4a9c-9a90-0d1e8edce3a8:192.168.157.254:40074, d9951c0b-6d6e-4464-b06b-4ef93c20892c:192.168.157.254:43622, 1be30185-a2c0-4461-afc0-2cb02fcff473:192.168.157.254:38008], old=null
2019-10-22 00:08:47,318 [1be30185-a2c0-4461-afc0-2cb02fcff473@group-A8B097DE35CC-LeaderElection508] INFO  impl.RaftServerImpl (RaftServerImpl.java:setRole(184)) - 1be30185-a2c0-4461-afc0-2cb02fcff473@group-A8B097DE35CC: changes role from CANDIDATE to FOLLOWER at term 44 for DISCOVERED_A_NEW_TERM
2019-10-22 00:08:47,319 [1be30185-a2c0-4461-afc0-2cb02fcff473@group-A8B097DE35CC-LeaderElection508] INFO  impl.RoleInfo (RoleInfo.java:shutdownLeaderElection(134)) - 1be30185-a2c0-4461-afc0-2cb02fcff473: shutdown LeaderElection
2019-10-22 00:08:47,319 [1be30185-a2c0-4461-afc0-2cb02fcff473@group-A8B097DE35CC-LeaderElection508] INFO  impl.RoleInfo (RoleInfo.java:updateAndGet(143)) - 1be30185-a2c0-4461-afc0-2cb02fcff473: start FollowerState
2019-10-22 00:08:47,388 [Thread-4375] INFO  impl.FollowerState (FollowerState.java:run(108)) - 1be30185-a2c0-4461-afc0-2cb02fcff473@group-A8B097DE35CC-FollowerState: change to CANDIDATE, lastRpcTime:69ms, electionTimeout:69ms
2019-10-22 00:08:47,388 [Thread-4375] INFO  impl.RoleInfo (RoleInfo.java:shutdownFollowerState(121)) - 1be30185-a2c0-4461-afc0-2cb02fcff473: shutdown FollowerState
2019-10-22 00:08:47,388 [Thread-4375] INFO  impl.RaftServerImpl (RaftServerImpl.java:setRole(184)) - 1be30185-a2c0-4461-afc0-2cb02fcff473@group-A8B097DE35CC: changes role from  FOLLOWER to CANDIDATE at term 44 for changeToCandidate
2019-10-22 00:08:47,388 [Thread-4375] INFO  impl.RoleInfo (RoleInfo.java:updateAndGet(143)) - 1be30185-a2c0-4461-afc0-2cb02fcff473: start LeaderElection
2019-10-22 00:08:47,402 [1be30185-a2c0-4461-afc0-2cb02fcff473@group-A8B097DE35CC-LeaderElection509] INFO  impl.LeaderElection (LeaderElection.java:askForVotes(178)) - 1be30185-a2c0-4461-afc0-2cb02fcff473@group-A8B097DE35CC-LeaderElection509: begin an election at term 45 for -1: [e64b81a2-7e97-4a9c-9a90-0d1e8edce3a8:192.168.157.254:40074, d9951c0b-6d6e-4464-b06b-4ef93c20892c:192.168.157.254:43622, 1be30185-a2c0-4461-afc0-2cb02fcff473:192.168.157.254:38008], old=null
2019-10-22 00:08:47,403 [grpc-default-executor-8] INFO  impl.RaftServerImpl (RaftServerImpl.java:setRole(184)) - d9951c0b-6d6e-4464-b06b-4ef93c20892c@group-A8B097DE35CC: changes role from  FOLLOWER to FOLLOWER at term 45 for recognizeCandidate:1be30185-a2c0-4461-afc0-2cb02fcff473
2019-10-22 00:08:47,403 [grpc-default-executor-4] INFO  impl.RaftServerImpl (RaftServerImpl.java:setRole(184)) - e64b81a2-7e97-4a9c-9a90-0d1e8edce3a8@group-A8B097DE35CC: changes role from  FOLLOWER to FOLLOWER at term 45 for recognizeCandidate:1be30185-a2c0-4461-afc0-2cb02fcff473
2019-10-22 00:08:47,403 [grpc-default-executor-8] INFO  impl.RoleInfo (RoleInfo.java:shutdownFollowerState(121)) - d9951c0b-6d6e-4464-b06b-4ef93c20892c: shutdown FollowerState
2019-10-22 00:08:47,403 [grpc-default-executor-4] INFO  impl.RoleInfo (RoleInfo.java:shutdownFollowerState(121)) - e64b81a2-7e97-4a9c-9a90-0d1e8edce3a8: shutdown FollowerState
2019-10-22 00:08:47,403 [Thread-4373] INFO  impl.FollowerState (FollowerState.java:run(117)) - d9951c0b-6d6e-4464-b06b-4ef93c20892c@group-A8B097DE35CC-FollowerState was interrupted: java.lang.InterruptedException: sleep interrupted
2019-10-22 00:08:47,403 [grpc-default-executor-8] INFO  impl.RoleInfo (RoleInfo.java:updateAndGet(143)) - d9951c0b-6d6e-4464-b06b-4ef93c20892c: start FollowerState
2019-10-22 00:08:47,403 [Thread-4374] INFO  impl.FollowerState (FollowerState.java:run(117)) - e64b81a2-7e97-4a9c-9a90-0d1e8edce3a8@group-A8B097DE35CC-FollowerState was interrupted: java.lang.InterruptedException: sleep interrupted
2019-10-22 00:08:47,403 [grpc-default-executor-4] INFO  impl.RoleInfo (RoleInfo.java:updateAndGet(143)) - e64b81a2-7e97-4a9c-9a90-0d1e8edce3a8: start FollowerState
2019-10-22 00:08:47,430 [1be30185-a2c0-4461-afc0-2cb02fcff473@group-A8B097DE35CC-LeaderElection509] INFO  impl.LeaderElection (LeaderElection.java:logAndReturn(56)) - 1be30185-a2c0-4461-afc0-2cb02fcff473@group-A8B097DE35CC-LeaderElection509: Election REJECTED; received 2 response(s) [1be30185-a2c0-4461-afc0-2cb02fcff473<-e64b81a2-7e97-4a9c-9a90-0d1e8edce3a8#0:FAIL-t45, 1be30185-a2c0-4461-afc0-2cb02fcff473<-d9951c0b-6d6e-4464-b06b-4ef93c20892c#0:FAIL-t45] and 0 exception(s); 1be30185-a2c0-4461-afc0-2cb02fcff473@group-A8B097DE35CC:t45, leader=null, voted=1be30185-a2c0-4461-afc0-2cb02fcff473, raftlog=1be30185-a2c0-4461-afc0-2cb02fcff473@group-A8B097DE35CC-SegmentedRaftLog:OPENED:c-1,f-1,i0, conf=-1: [e64b81a2-7e97-4a9c-9a90-0d1e8edce3a8:192.168.157.254:40074, d9951c0b-6d6e-4464-b06b-4ef93c20892c:192.168.157.254:43622, 1be30185-a2c0-4461-afc0-2cb02fcff473:192.168.157.254:38008], old=null
2019-10-22 00:08:47,430 [1be30185-a2c0-4461-afc0-2cb02fcff473@group-A8B097DE35CC-LeaderElection509] INFO  impl.RaftServerImpl (RaftServerImpl.java:setRole(184)) - 1be30185-a2c0-4461-afc0-2cb02fcff473@group-A8B097DE35CC: changes role from CANDIDATE to FOLLOWER at term 45 for DISCOVERED_A_NEW_TERM
2019-10-22 00:08:47,430 [1be30185-a2c0-4461-afc0-2cb02fcff473@group-A8B097DE35CC-LeaderElection509] INFO  impl.RoleInfo (RoleInfo.java:shutdownLeaderElection(134)) - 1be30185-a2c0-4461-afc0-2cb02fcff473: shutdown LeaderElection
2019-10-22 00:08:47,430 [1be30185-a2c0-4461-afc0-2cb02fcff473@group-A8B097DE35CC-LeaderElection509] INFO  impl.RoleInfo (RoleInfo.java:updateAndGet(143)) - 1be30185-a2c0-4461-afc0-2cb02fcff473: start FollowerState
2019-10-22 00:08:47,440 [Thread-4381] INFO  impl.FollowerState (FollowerState.java:run(108)) - 1be30185-a2c0-4461-afc0-2cb02fcff473@group-A8B097DE35CC-FollowerState: change to CANDIDATE, lastRpcTime:9ms, electionTimeout:9ms
2019-10-22 00:08:47,440 [Thread-4381] INFO  impl.RoleInfo (RoleInfo.java:shutdownFollowerState(121)) - 1be30185-a2c0-4461-afc0-2cb02fcff473: shutdown FollowerState
2019-10-22 00:08:47,440 [Thread-4381] INFO  impl.RaftServerImpl (RaftServerImpl.java:setRole(184)) - 1be30185-a2c0-4461-afc0-2cb02fcff473@group-A8B097DE35CC: changes role from  FOLLOWER to CANDIDATE at term 45 for changeToCandidate
2019-10-22 00:08:47,440 [Thread-4381] INFO  impl.RoleInfo (RoleInfo.java:updateAndGet(143)) - 1be30185-a2c0-4461-afc0-2cb02fcff473: start LeaderElection
2019-10-22 00:08:47,454 [1be30185-a2c0-4461-afc0-2cb02fcff473@group-A8B097DE35CC-LeaderElection510] INFO  impl.LeaderElection (LeaderElection.java:askForVotes(178)) - 1be30185-a2c0-4461-afc0-2cb02fcff473@group-A8B097DE35CC-LeaderElection510: begin an election at term 46 for -1: [e64b81a2-7e97-4a9c-9a90-0d1e8edce3a8:192.168.157.254:40074, d9951c0b-6d6e-4464-b06b-4ef93c20892c:192.168.157.254:43622, 1be30185-a2c0-4461-afc0-2cb02fcff473:192.168.157.254:38008], old=null
2019-10-22 00:08:47,455 [grpc-default-executor-4] INFO  impl.RaftServerImpl (RaftServerImpl.java:setRole(184)) - e64b81a2-7e97-4a9c-9a90-0d1e8edce3a8@group-A8B097DE35CC: changes role from  FOLLOWER to FOLLOWER at term 46 for recognizeCandidate:1be30185-a2c0-4461-afc0-2cb02fcff473
2019-10-22 00:08:47,455 [grpc-default-executor-8] INFO  impl.RaftServerImpl (RaftServerImpl.java:setRole(184)) - d9951c0b-6d6e-4464-b06b-4ef93c20892c@group-A8B097DE35CC: changes role from  FOLLOWER to FOLLOWER at term 46 for recognizeCandidate:1be30185-a2c0-4461-afc0-2cb02fcff473
2019-10-22 00:08:47,455 [grpc-default-executor-8] INFO  impl.RoleInfo (RoleInfo.java:shutdownFollowerState(121)) - d9951c0b-6d6e-4464-b06b-4ef93c20892c: shutdown FollowerState
2019-10-22 00:08:47,455 [grpc-default-executor-4] INFO  impl.RoleInfo (RoleInfo.java:shutdownFollowerState(121)) - e64b81a2-7e97-4a9c-9a90-0d1e8edce3a8: shutdown FollowerState
2019-10-22 00:08:47,456 [Thread-4379] INFO  impl.FollowerState (FollowerState.java:run(117)) - d9951c0b-6d6e-4464-b06b-4ef93c20892c@group-A8B097DE35CC-FollowerState was interrupted: java.lang.InterruptedException: sleep interrupted
2019-10-22 00:08:47,456 [Thread-4380] INFO  impl.FollowerState (FollowerState.java:run(117)) - e64b81a2-7e97-4a9c-9a90-0d1e8edce3a8@group-A8B097DE35CC-FollowerState was interrupted: java.lang.InterruptedException: sleep interrupted
2019-10-22 00:08:47,455 [grpc-default-executor-8] INFO  impl.RoleInfo (RoleInfo.java:updateAndGet(143)) - d9951c0b-6d6e-4464-b06b-4ef93c20892c: start FollowerState
2019-10-22 00:08:47,456 [grpc-default-executor-4] INFO  impl.RoleInfo (RoleInfo.java:updateAndGet(143)) - e64b81a2-7e97-4a9c-9a90-0d1e8edce3a8: start FollowerState
2019-10-22 00:08:47,470 [1be30185-a2c0-4461-afc0-2cb02fcff473@group-A8B097DE35CC-LeaderElection510] INFO  impl.LeaderElection (LeaderElection.java:logAndReturn(56)) - 1be30185-a2c0-4461-afc0-2cb02fcff473@group-A8B097DE35CC-LeaderElection510: Election REJECTED; received 2 response(s) [1be30185-a2c0-4461-afc0-2cb02fcff473<-e64b81a2-7e97-4a9c-9a90-0d1e8edce3a8#0:FAIL-t46, 1be30185-a2c0-4461-afc0-2cb02fcff473<-d9951c0b-6d6e-4464-b06b-4ef93c20892c#0:FAIL-t46] and 0 exception(s); 1be30185-a2c0-4461-afc0-2cb02fcff473@group-A8B097DE35CC:t46, leader=null, voted=1be30185-a2c0-4461-afc0-2cb02fcff473, raftlog=1be30185-a2c0-4461-afc0-2cb02fcff473@group-A8B097DE35CC-SegmentedRaftLog:OPENED:c-1,f-1,i0, conf=-1: [e64b81a2-7e97-4a9c-9a90-0d1e8edce3a8:192.168.157.254:40074, d9951c0b-6d6e-4464-b06b-4ef93c20892c:192.168.157.254:43622, 1be30185-a2c0-4461-afc0-2cb02fcff473:192.168.157.254:38008], old=null
2019-10-22 00:08:47,470 [1be30185-a2c0-4461-afc0-2cb02fcff473@group-A8B097DE35CC-LeaderElection510] INFO  impl.RaftServerImpl (RaftServerImpl.java:setRole(184)) - 1be30185-a2c0-4461-afc0-2cb02fcff473@group-A8B097DE35CC: changes role from CANDIDATE to FOLLOWER at term 46 for DISCOVERED_A_NEW_TERM
2019-10-22 00:08:47,470 [1be30185-a2c0-4461-afc0-2cb02fcff473@group-A8B097DE35CC-LeaderElection510] INFO  impl.RoleInfo (RoleInfo.java:shutdownLeaderElection(134)) - 1be30185-a2c0-4461-afc0-2cb02fcff473: shutdown LeaderElection
2019-10-22 00:08:47,470 [1be30185-a2c0-4461-afc0-2cb02fcff473@group-A8B097DE35CC-LeaderElection510] INFO  impl.RoleInfo (RoleInfo.java:updateAndGet(143)) - 1be30185-a2c0-4461-afc0-2cb02fcff473: start FollowerState
2019-10-22 00:08:47,530 [Thread-4391] INFO  impl.FollowerState (FollowerState.java:run(108)) - 1be30185-a2c0-4461-afc0-2cb02fcff473@group-A8B097DE35CC-FollowerState: change to CANDIDATE, lastRpcTime:60ms, electionTimeout:60ms
2019-10-22 00:08:47,530 [Thread-4391] INFO  impl.RoleInfo (RoleInfo.java:shutdownFollowerState(121)) - 1be30185-a2c0-4461-afc0-2cb02fcff473: shutdown FollowerState
2019-10-22 00:08:47,530 [Thread-4391] INFO  impl.RaftServerImpl (RaftServerImpl.java:setRole(184)) - 1be30185-a2c0-4461-afc0-2cb02fcff473@group-A8B097DE35CC: changes role from  FOLLOWER to CANDIDATE at term 46 for changeToCandidate
2019-10-22 00:08:47,531 [Thread-4391] INFO  impl.RoleInfo (RoleInfo.java:updateAndGet(143)) - 1be30185-a2c0-4461-afc0-2cb02fcff473: start LeaderElection
2019-10-22 00:08:47,544 [1be30185-a2c0-4461-afc0-2cb02fcff473@group-A8B097DE35CC-LeaderElection511] INFO  impl.LeaderElection (LeaderElection.java:askForVotes(178)) - 1be30185-a2c0-4461-afc0-2cb02fcff473@group-A8B097DE35CC-LeaderElection511: begin an election at term 47 for -1: [e64b81a2-7e97-4a9c-9a90-0d1e8edce3a8:192.168.157.254:40074, d9951c0b-6d6e-4464-b06b-4ef93c20892c:192.168.157.254:43622, 1be30185-a2c0-4461-afc0-2cb02fcff473:192.168.157.254:38008], old=null
2019-10-22 00:08:47,546 [grpc-default-executor-4] INFO  impl.RaftServerImpl (RaftServerImpl.java:setRole(184)) - d9951c0b-6d6e-4464-b06b-4ef93c20892c@group-A8B097DE35CC: changes role from  FOLLOWER to FOLLOWER at term 47 for recognizeCandidate:1be30185-a2c0-4461-afc0-2cb02fcff473
2019-10-22 00:08:47,546 [grpc-default-executor-4] INFO  impl.RoleInfo (RoleInfo.java:shutdownFollowerState(121)) - d9951c0b-6d6e-4464-b06b-4ef93c20892c: shutdown FollowerState
2019-10-22 00:08:47,546 [grpc-default-executor-8] INFO  impl.RaftServerImpl (RaftServerImpl.java:setRole(184)) - e64b81a2-7e97-4a9c-9a90-0d1e8edce3a8@group-A8B097DE35CC: changes role from  FOLLOWER to FOLLOWER at term 47 for recognizeCandidate:1be30185-a2c0-4461-afc0-2cb02fcff473
2019-10-22 00:08:47,546 [Thread-4389] INFO  impl.FollowerState (FollowerState.java:run(117)) - d9951c0b-6d6e-4464-b06b-4ef93c20892c@group-A8B097DE35CC-FollowerState was interrupted: java.lang.InterruptedException: sleep interrupted
2019-10-22 00:08:47,546 [grpc-default-executor-4] INFO  impl.RoleInfo (RoleInfo.java:updateAndGet(143)) - d9951c0b-6d6e-4464-b06b-4ef93c20892c: start FollowerState
2019-10-22 00:08:47,546 [grpc-default-executor-8] INFO  impl.RoleInfo (RoleInfo.java:shutdownFollowerState(121)) - e64b81a2-7e97-4a9c-9a90-0d1e8edce3a8: shutdown FollowerState
2019-10-22 00:08:47,546 [grpc-default-executor-8] INFO  impl.RoleInfo (RoleInfo.java:updateAndGet(143)) - e64b81a2-7e97-4a9c-9a90-0d1e8edce3a8: start FollowerState
2019-10-22 00:08:47,546 [Thread-4390] INFO  impl.FollowerState (FollowerState.java:run(117)) - e64b81a2-7e97-4a9c-9a90-0d1e8edce3a8@group-A8B097DE35CC-FollowerState was interrupted: java.lang.InterruptedException: sleep interrupted
2019-10-22 00:08:47,560 [1be30185-a2c0-4461-afc0-2cb02fcff473@group-A8B097DE35CC-LeaderElection511] INFO  impl.LeaderElection (LeaderElection.java:logAndReturn(56)) - 1be30185-a2c0-4461-afc0-2cb02fcff473@group-A8B097DE35CC-LeaderElection511: Election REJECTED; received 2 response(s) [1be30185-a2c0-4461-afc0-2cb02fcff473<-e64b81a2-7e97-4a9c-9a90-0d1e8edce3a8#0:FAIL-t47, 1be30185-a2c0-4461-afc0-2cb02fcff473<-d9951c0b-6d6e-4464-b06b-4ef93c20892c#0:FAIL-t47] and 0 exception(s); 1be30185-a2c0-4461-afc0-2cb02fcff473@group-A8B097DE35CC:t47, leader=null, voted=1be30185-a2c0-4461-afc0-2cb02fcff473, raftlog=1be30185-a2c0-4461-afc0-2cb02fcff473@group-A8B097DE35CC-SegmentedRaftLog:OPENED:c-1,f-1,i0, conf=-1: [e64b81a2-7e97-4a9c-9a90-0d1e8edce3a8:192.168.157.254:40074, d9951c0b-6d6e-4464-b06b-4ef93c20892c:192.168.157.254:43622, 1be30185-a2c0-4461-afc0-2cb02fcff473:192.168.157.254:38008], old=null
2019-10-22 00:08:47,560 [1be30185-a2c0-4461-afc0-2cb02fcff473@group-A8B097DE35CC-LeaderElection511] INFO  impl.RaftServerImpl (RaftServerImpl.java:setRole(184)) - 1be30185-a2c0-4461-afc0-2cb02fcff473@group-A8B097DE35CC: changes role from CANDIDATE to FOLLOWER at term 47 for DISCOVERED_A_NEW_TERM
2019-10-22 00:08:47,560 [1be30185-a2c0-4461-afc0-2cb02fcff473@group-A8B097DE35CC-LeaderElection511] INFO  impl.RoleInfo (RoleInfo.java:shutdownLeaderElection(134)) - 1be30185-a2c0-4461-afc0-2cb02fcff473: shutdown LeaderElection
2019-10-22 00:08:47,560 [1be30185-a2c0-4461-afc0-2cb02fcff473@group-A8B097DE35CC-LeaderElection511] INFO  impl.RoleInfo (RoleInfo.java:updateAndGet(143)) - 1be30185-a2c0-4461-afc0-2cb02fcff473: start FollowerState
2019-10-22 00:08:47,592 [Thread-4397] INFO  impl.FollowerState (FollowerState.java:run(108)) - 1be30185-a2c0-4461-afc0-2cb02fcff473@group-A8B097DE35CC-FollowerState: change to CANDIDATE, lastRpcTime:32ms, electionTimeout:32ms
2019-10-22 00:08:47,592 [Thread-4397] INFO  impl.RoleInfo (RoleInfo.java:shutdownFollowerState(121)) - 1be30185-a2c0-4461-afc0-2cb02fcff473: shutdown FollowerState
2019-10-22 00:08:47,593 [Thread-4397] INFO  impl.RaftServerImpl (RaftServerImpl.java:setRole(184)) - 1be30185-a2c0-4461-afc0-2cb02fcff473@group-A8B097DE35CC: changes role from  FOLLOWER to CANDIDATE at term 47 for changeToCandidate
2019-10-22 00:08:47,593 [Thread-4397] INFO  impl.RoleInfo (RoleInfo.java:updateAndGet(143)) - 1be30185-a2c0-4461-afc0-2cb02fcff473: start LeaderElection
2019-10-22 00:08:47,597 [1be30185-a2c0-4461-afc0-2cb02fcff473@group-A8B097DE35CC-LeaderElection512] INFO  impl.LeaderElection (LeaderElection.java:askForVotes(178)) - 1be30185-a2c0-4461-afc0-2cb02fcff473@group-A8B097DE35CC-LeaderElection512: begin an election at term 48 for -1: [e64b81a2-7e97-4a9c-9a90-0d1e8edce3a8:192.168.157.254:40074, d9951c0b-6d6e-4464-b06b-4ef93c20892c:192.168.157.254:43622, 1be30185-a2c0-4461-afc0-2cb02fcff473:192.168.157.254:38008], old=null
2019-10-22 00:08:47,598 [grpc-default-executor-8] INFO  impl.RaftServerImpl (RaftServerImpl.java:setRole(184)) - e64b81a2-7e97-4a9c-9a90-0d1e8edce3a8@group-A8B097DE35CC: changes role from  FOLLOWER to FOLLOWER at term 48 for recognizeCandidate:1be30185-a2c0-4461-afc0-2cb02fcff473
2019-10-22 00:08:47,598 [grpc-default-executor-8] INFO  impl.RoleInfo (RoleInfo.java:shutdownFollowerState(121)) - e64b81a2-7e97-4a9c-9a90-0d1e8edce3a8: shutdown FollowerState
2019-10-22 00:08:47,598 [grpc-default-executor-4] INFO  impl.RaftServerImpl (RaftServerImpl.java:setRole(184)) - d9951c0b-6d6e-4464-b06b-4ef93c20892c@group-A8B097DE35CC: changes role from  FOLLOWER to FOLLOWER at term 48 for recognizeCandidate:1be30185-a2c0-4461-afc0-2cb02fcff473
2019-10-22 00:08:47,598 [Thread-4396] INFO  impl.FollowerState (FollowerState.java:run(117)) - e64b81a2-7e97-4a9c-9a90-0d1e8edce3a8@group-A8B097DE35CC-FollowerState was interrupted: java.lang.InterruptedException: sleep interrupted
2019-10-22 00:08:47,598 [grpc-default-executor-8] INFO  impl.RoleInfo (RoleInfo.java:updateAndGet(143)) - e64b81a2-7e97-4a9c-9a90-0d1e8edce3a8: start FollowerState
2019-10-22 00:08:47,598 [grpc-default-executor-4] INFO  impl.RoleInfo (RoleInfo.java:shutdownFollowerState(121)) - d9951c0b-6d6e-4464-b06b-4ef93c20892c: shutdown FollowerState
2019-10-22 00:08:47,598 [grpc-default-executor-4] INFO  impl.RoleInfo (RoleInfo.java:updateAndGet(143)) - d9951c0b-6d6e-4464-b06b-4ef93c20892c: start FollowerState
2019-10-22 00:08:47,598 [Thread-4395] INFO  impl.FollowerState (FollowerState.java:run(117)) - d9951c0b-6d6e-4464-b06b-4ef93c20892c@group-A8B097DE35CC-FollowerState was interrupted: java.lang.InterruptedException: sleep interrupted
2019-10-22 00:08:47,624 [1be30185-a2c0-4461-afc0-2cb02fcff473@group-A8B097DE35CC-LeaderElection512] INFO  impl.LeaderElection (LeaderElection.java:logAndReturn(56)) - 1be30185-a2c0-4461-afc0-2cb02fcff473@group-A8B097DE35CC-LeaderElection512: Election REJECTED; received 2 response(s) [1be30185-a2c0-4461-afc0-2cb02fcff473<-e64b81a2-7e97-4a9c-9a90-0d1e8edce3a8#0:FAIL-t48, 1be30185-a2c0-4461-afc0-2cb02fcff473<-d9951c0b-6d6e-4464-b06b-4ef93c20892c#0:FAIL-t48] and 0 exception(s); 1be30185-a2c0-4461-afc0-2cb02fcff473@group-A8B097DE35CC:t48, leader=null, voted=1be30185-a2c0-4461-afc0-2cb02fcff473, raftlog=1be30185-a2c0-4461-afc0-2cb02fcff473@group-A8B097DE35CC-SegmentedRaftLog:OPENED:c-1,f-1,i0, conf=-1: [e64b81a2-7e97-4a9c-9a90-0d1e8edce3a8:192.168.157.254:40074, d9951c0b-6d6e-4464-b06b-4ef93c20892c:192.168.157.254:43622, 1be30185-a2c0-4461-afc0-2cb02fcff473:192.168.157.254:38008], old=null
2019-10-22 00:08:47,624 [1be30185-a2c0-4461-afc0-2cb02fcff473@group-A8B097DE35CC-LeaderElection512] INFO  impl.RaftServerImpl (RaftServerImpl.java:setRole(184)) - 1be30185-a2c0-4461-afc0-2cb02fcff473@group-A8B097DE35CC: changes role from CANDIDATE to FOLLOWER at term 48 for DISCOVERED_A_NEW_TERM
2019-10-22 00:08:47,624 [1be30185-a2c0-4461-afc0-2cb02fcff473@group-A8B097DE35CC-LeaderElection512] INFO  impl.RoleInfo (RoleInfo.java:shutdownLeaderElection(134)) - 1be30185-a2c0-4461-afc0-2cb02fcff473: shutdown LeaderElection
2019-10-22 00:08:47,624 [1be30185-a2c0-4461-afc0-2cb02fcff473@group-A8B097DE35CC-LeaderElection512] INFO  impl.RoleInfo (RoleInfo.java:updateAndGet(143)) - 1be30185-a2c0-4461-afc0-2cb02fcff473: start FollowerState
2019-10-22 00:08:47,786 [Thread-4403] INFO  impl.FollowerState (FollowerState.java:run(108)) - 1be30185-a2c0-4461-afc0-2cb02fcff473@group-A8B097DE35CC-FollowerState: change to CANDIDATE, lastRpcTime:162ms, electionTimeout:162ms
2019-10-22 00:08:47,786 [Thread-4403] INFO  impl.RoleInfo (RoleInfo.java:shutdownFollowerState(121)) - 1be30185-a2c0-4461-afc0-2cb02fcff473: shutdown FollowerState
2019-10-22 00:08:47,787 [Thread-4403] INFO  impl.RaftServerImpl (RaftServerImpl.java:setRole(184)) - 1be30185-a2c0-4461-afc0-2cb02fcff473@group-A8B097DE35CC: changes role from  FOLLOWER to CANDIDATE at term 48 for changeToCandidate
2019-10-22 00:08:47,787 [Thread-4403] INFO  impl.RoleInfo (RoleInfo.java:updateAndGet(143)) - 1be30185-a2c0-4461-afc0-2cb02fcff473: start LeaderElection
2019-10-22 00:08:47,800 [1be30185-a2c0-4461-afc0-2cb02fcff473@group-A8B097DE35CC-LeaderElection513] INFO  impl.LeaderElection (LeaderElection.java:askForVotes(178)) - 1be30185-a2c0-4461-afc0-2cb02fcff473@group-A8B097DE35CC-LeaderElection513: begin an election at term 49 for -1: [e64b81a2-7e97-4a9c-9a90-0d1e8edce3a8:192.168.157.254:40074, d9951c0b-6d6e-4464-b06b-4ef93c20892c:192.168.157.254:43622, 1be30185-a2c0-4461-afc0-2cb02fcff473:192.168.157.254:38008], old=null
2019-10-22 00:08:47,801 [grpc-default-executor-4] INFO  impl.RaftServerImpl (RaftServerImpl.java:setRole(184)) - e64b81a2-7e97-4a9c-9a90-0d1e8edce3a8@group-A8B097DE35CC: changes role from  FOLLOWER to FOLLOWER at term 49 for recognizeCandidate:1be30185-a2c0-4461-afc0-2cb02fcff473
2019-10-22 00:08:47,801 [grpc-default-executor-4] INFO  impl.RoleInfo (RoleInfo.java:shutdownFollowerState(121)) - e64b81a2-7e97-4a9c-9a90-0d1e8edce3a8: shutdown FollowerState
2019-10-22 00:08:47,801 [grpc-default-executor-8] INFO  impl.RaftServerImpl (RaftServerImpl.java:setRole(184)) - d9951c0b-6d6e-4464-b06b-4ef93c20892c@group-A8B097DE35CC: changes role from  FOLLOWER to FOLLOWER at term 49 for recognizeCandidate:1be30185-a2c0-4461-afc0-2cb02fcff473
2019-10-22 00:08:47,802 [grpc-default-executor-8] INFO  impl.RoleInfo (RoleInfo.java:shutdownFollowerState(121)) - d9951c0b-6d6e-4464-b06b-4ef93c20892c: shutdown FollowerState
2019-10-22 00:08:47,802 [Thread-4401] INFO  impl.FollowerState (FollowerState.java:run(117)) - e64b81a2-7e97-4a9c-9a90-0d1e8edce3a8@group-A8B097DE35CC-FollowerState was interrupted: java.lang.InterruptedException: sleep interrupted
2019-10-22 00:08:47,802 [grpc-default-executor-4] INFO  impl.RoleInfo (RoleInfo.java:updateAndGet(143)) - e64b81a2-7e97-4a9c-9a90-0d1e8edce3a8: start FollowerState
2019-10-22 00:08:47,802 [Thread-4402] INFO  impl.FollowerState (FollowerState.java:run(117)) - d9951c0b-6d6e-4464-b06b-4ef93c20892c@group-A8B097DE35CC-FollowerState was interrupted: java.lang.InterruptedException: sleep interrupted
2019-10-22 00:08:47,802 [grpc-default-executor-8] INFO  impl.RoleInfo (RoleInfo.java:updateAndGet(143)) - d9951c0b-6d6e-4464-b06b-4ef93c20892c: start FollowerState
2019-10-22 00:08:47,817 [1be30185-a2c0-4461-afc0-2cb02fcff473@group-A8B097DE35CC-LeaderElection513] INFO  impl.LeaderElection (LeaderElection.java:logAndReturn(56)) - 1be30185-a2c0-4461-afc0-2cb02fcff473@group-A8B097DE35CC-LeaderElection513: Election REJECTED; received 2 response(s) [1be30185-a2c0-4461-afc0-2cb02fcff473<-e64b81a2-7e97-4a9c-9a90-0d1e8edce3a8#0:FAIL-t49, 1be30185-a2c0-4461-afc0-2cb02fcff473<-d9951c0b-6d6e-4464-b06b-4ef93c20892c#0:FAIL-t49] and 0 exception(s); 1be30185-a2c0-4461-afc0-2cb02fcff473@group-A8B097DE35CC:t49, leader=null, voted=1be30185-a2c0-4461-afc0-2cb02fcff473, raftlog=1be30185-a2c0-4461-afc0-2cb02fcff473@group-A8B097DE35CC-SegmentedRaftLog:OPENED:c-1,f-1,i0, conf=-1: [e64b81a2-7e97-4a9c-9a90-0d1e8edce3a8:192.168.157.254:40074, d9951c0b-6d6e-4464-b06b-4ef93c20892c:192.168.157.254:43622, 1be30185-a2c0-4461-afc0-2cb02fcff473:192.168.157.254:38008], old=null
2019-10-22 00:08:47,817 [1be30185-a2c0-4461-afc0-2cb02fcff473@group-A8B097DE35CC-LeaderElection513] INFO  impl.RaftServerImpl (RaftServerImpl.java:setRole(184)) - 1be30185-a2c0-4461-afc0-2cb02fcff473@group-A8B097DE35CC: changes role from CANDIDATE to FOLLOWER at term 49 for DISCOVERED_A_NEW_TERM
2019-10-22 00:08:47,817 [1be30185-a2c0-4461-afc0-2cb02fcff473@group-A8B097DE35CC-LeaderElection513] INFO  impl.RoleInfo (RoleInfo.java:shutdownLeaderElection(134)) - 1be30185-a2c0-4461-afc0-2cb02fcff473: shutdown LeaderElection
2019-10-22 00:08:47,818 [1be30185-a2c0-4461-afc0-2cb02fcff473@group-A8B097DE35CC-LeaderElection513] INFO  impl.RoleInfo (RoleInfo.java:updateAndGet(143)) - 1be30185-a2c0-4461-afc0-2cb02fcff473: start FollowerState
2019-10-22 00:08:47,942 [Thread-4409] INFO  impl.FollowerState (FollowerState.java:run(108)) - 1be30185-a2c0-4461-afc0-2cb02fcff473@group-A8B097DE35CC-FollowerState: change to CANDIDATE, lastRpcTime:124ms, electionTimeout:124ms
2019-10-22 00:08:47,942 [Thread-4409] INFO  impl.RoleInfo (RoleInfo.java:shutdownFollowerState(121)) - 1be30185-a2c0-4461-afc0-2cb02fcff473: shutdown FollowerState
2019-10-22 00:08:47,942 [Thread-4409] INFO  impl.RaftServerImpl (RaftServerImpl.java:setRole(184)) - 1be30185-a2c0-4461-afc0-2cb02fcff473@group-A8B097DE35CC: changes role from  FOLLOWER to CANDIDATE at term 49 for changeToCandidate
2019-10-22 00:08:47,942 [Thread-4409] INFO  impl.RoleInfo (RoleInfo.java:updateAndGet(143)) - 1be30185-a2c0-4461-afc0-2cb02fcff473: start LeaderElection
2019-10-22 00:08:47,966 [1be30185-a2c0-4461-afc0-2cb02fcff473@group-A8B097DE35CC-LeaderElection514] INFO  impl.LeaderElection (LeaderElection.java:askForVotes(178)) - 1be30185-a2c0-4461-afc0-2cb02fcff473@group-A8B097DE35CC-LeaderElection514: begin an election at term 50 for -1: [e64b81a2-7e97-4a9c-9a90-0d1e8edce3a8:192.168.157.254:40074, d9951c0b-6d6e-4464-b06b-4ef93c20892c:192.168.157.254:43622, 1be30185-a2c0-4461-afc0-2cb02fcff473:192.168.157.254:38008], old=null
2019-10-22 00:08:47,967 [grpc-default-executor-5] INFO  impl.RaftServerImpl (RaftServerImpl.java:setRole(184)) - e64b81a2-7e97-4a9c-9a90-0d1e8edce3a8@group-A8B097DE35CC: changes role from  FOLLOWER to FOLLOWER at term 50 for recognizeCandidate:1be30185-a2c0-4461-afc0-2cb02fcff473
2019-10-22 00:08:47,968 [grpc-default-executor-5] INFO  impl.RoleInfo (RoleInfo.java:shutdownFollowerState(121)) - e64b81a2-7e97-4a9c-9a90-0d1e8edce3a8: shutdown FollowerState
2019-10-22 00:08:47,967 [grpc-default-executor-8] INFO  impl.RaftServerImpl (RaftServerImpl.java:setRole(184)) - d9951c0b-6d6e-4464-b06b-4ef93c20892c@group-A8B097DE35CC: changes role from  FOLLOWER to FOLLOWER at term 50 for recognizeCandidate:1be30185-a2c0-4461-afc0-2cb02fcff473
2019-10-22 00:08:47,968 [Thread-4407] INFO  impl.FollowerState (FollowerState.java:run(117)) - e64b81a2-7e97-4a9c-9a90-0d1e8edce3a8@group-A8B097DE35CC-FollowerState was interrupted: java.lang.InterruptedException: sleep interrupted
2019-10-22 00:08:47,968 [grpc-default-executor-5] INFO  impl.RoleInfo (RoleInfo.java:updateAndGet(143)) - e64b81a2-7e97-4a9c-9a90-0d1e8edce3a8: start FollowerState
2019-10-22 00:08:47,968 [grpc-default-executor-8] INFO  impl.RoleInfo (RoleInfo.java:shutdownFollowerState(121)) - d9951c0b-6d6e-4464-b06b-4ef93c20892c: shutdown FollowerState
2019-10-22 00:08:47,968 [grpc-default-executor-8] INFO  impl.RoleInfo (RoleInfo.java:updateAndGet(143)) - d9951c0b-6d6e-4464-b06b-4ef93c20892c: start FollowerState
2019-10-22 00:08:47,968 [Thread-4408] INFO  impl.FollowerState (FollowerState.java:run(117)) - d9951c0b-6d6e-4464-b06b-4ef93c20892c@group-A8B097DE35CC-FollowerState was interrupted: java.lang.InterruptedException: sleep interrupted
2019-10-22 00:08:47,972 [1be30185-a2c0-4461-afc0-2cb02fcff473@group-A8B097DE35CC-LeaderElection514] INFO  impl.LeaderElection (LeaderElection.java:logAndReturn(56)) - 1be30185-a2c0-4461-afc0-2cb02fcff473@group-A8B097DE35CC-LeaderElection514: Election REJECTED; received 2 response(s) [1be30185-a2c0-4461-afc0-2cb02fcff473<-e64b81a2-7e97-4a9c-9a90-0d1e8edce3a8#0:FAIL-t50, 1be30185-a2c0-4461-afc0-2cb02fcff473<-d9951c0b-6d6e-4464-b06b-4ef93c20892c#0:FAIL-t50] and 0 exception(s); 1be30185-a2c0-4461-afc0-2cb02fcff473@group-A8B097DE35CC:t50, leader=null, voted=1be30185-a2c0-4461-afc0-2cb02fcff473, raftlog=1be30185-a2c0-4461-afc0-2cb02fcff473@group-A8B097DE35CC-SegmentedRaftLog:OPENED:c-1,f-1,i0, conf=-1: [e64b81a2-7e97-4a9c-9a90-0d1e8edce3a8:192.168.157.254:40074, d9951c0b-6d6e-4464-b06b-4ef93c20892c:192.168.157.254:43622, 1be30185-a2c0-4461-afc0-2cb02fcff473:192.168.157.254:38008], old=null
2019-10-22 00:08:47,972 [1be30185-a2c0-4461-afc0-2cb02fcff473@group-A8B097DE35CC-LeaderElection514] INFO  impl.RaftServerImpl (RaftServerImpl.java:setRole(184)) - 1be30185-a2c0-4461-afc0-2cb02fcff473@group-A8B097DE35CC: changes role from CANDIDATE to FOLLOWER at term 50 for DISCOVERED_A_NEW_TERM
2019-10-22 00:08:47,972 [1be30185-a2c0-4461-afc0-2cb02fcff473@group-A8B097DE35CC-LeaderElection514] INFO  impl.RoleInfo (RoleInfo.java:shutdownLeaderElection(134)) - 1be30185-a2c0-4461-afc0-2cb02fcff473: shutdown LeaderElection
2019-10-22 00:08:47,973 [1be30185-a2c0-4461-afc0-2cb02fcff473@group-A8B097DE35CC-LeaderElection514] INFO  impl.RoleInfo (RoleInfo.java:updateAndGet(143)) - 1be30185-a2c0-4461-afc0-2cb02fcff473: start FollowerState
2019-10-22 00:08:48,007 [Thread-4421] INFO  impl.FollowerState (FollowerState.java:run(108)) - 1be30185-a2c0-4461-afc0-2cb02fcff473@group-A8B097DE35CC-FollowerState: change to CANDIDATE, lastRpcTime:34ms, electionTimeout:34ms
2019-10-22 00:08:48,007 [Thread-4421] INFO  impl.RoleInfo (RoleInfo.java:shutdownFollowerState(121)) - 1be30185-a2c0-4461-afc0-2cb02fcff473: shutdown FollowerState
2019-10-22 00:08:48,007 [Thread-4421] INFO  impl.RaftServerImpl (RaftServerImpl.java:setRole(184)) - 1be30185-a2c0-4461-afc0-2cb02fcff473@group-A8B097DE35CC: changes role from  FOLLOWER to CANDIDATE at term 50 for changeToCandidate
2019-10-22 00:08:48,007 [Thread-4421] INFO  impl.RoleInfo (RoleInfo.java:updateAndGet(143)) - 1be30185-a2c0-4461-afc0-2cb02fcff473: start LeaderElection
2019-10-22 00:08:48,010 [1be30185-a2c0-4461-afc0-2cb02fcff473@group-A8B097DE35CC-LeaderElection515] INFO  impl.LeaderElection (LeaderElection.java:askForVotes(178)) - 1be30185-a2c0-4461-afc0-2cb02fcff473@group-A8B097DE35CC-LeaderElection515: begin an election at term 51 for -1: [e64b81a2-7e97-4a9c-9a90-0d1e8edce3a8:192.168.157.254:40074, d9951c0b-6d6e-4464-b06b-4ef93c20892c:192.168.157.254:43622, 1be30185-a2c0-4461-afc0-2cb02fcff473:192.168.157.254:38008], old=null
2019-10-22 00:08:48,012 [grpc-default-executor-8] INFO  impl.RaftServerImpl (RaftServerImpl.java:setRole(184)) - e64b81a2-7e97-4a9c-9a90-0d1e8edce3a8@group-A8B097DE35CC: changes role from  FOLLOWER to FOLLOWER at term 51 for recognizeCandidate:1be30185-a2c0-4461-afc0-2cb02fcff473
2019-10-22 00:08:48,012 [grpc-default-executor-8] INFO  impl.RoleInfo (RoleInfo.java:shutdownFollowerState(121)) - e64b81a2-7e97-4a9c-9a90-0d1e8edce3a8: shutdown FollowerState
2019-10-22 00:08:48,012 [grpc-default-executor-5] INFO  impl.RaftServerImpl (RaftServerImpl.java:setRole(184)) - d9951c0b-6d6e-4464-b06b-4ef93c20892c@group-A8B097DE35CC: changes role from  FOLLOWER to FOLLOWER at term 51 for recognizeCandidate:1be30185-a2c0-4461-afc0-2cb02fcff473
2019-10-22 00:08:48,012 [grpc-default-executor-5] INFO  impl.RoleInfo (RoleInfo.java:shutdownFollowerState(121)) - d9951c0b-6d6e-4464-b06b-4ef93c20892c: shutdown FollowerState
2019-10-22 00:08:48,012 [Thread-4419] INFO  impl.FollowerState (FollowerState.java:run(117)) - e64b81a2-7e97-4a9c-9a90-0d1e8edce3a8@group-A8B097DE35CC-FollowerState was interrupted: java.lang.InterruptedException: sleep interrupted
2019-10-22 00:08:48,012 [grpc-default-executor-8] INFO  impl.RoleInfo (RoleInfo.java:updateAndGet(143)) - e64b81a2-7e97-4a9c-9a90-0d1e8edce3a8: start FollowerState
2019-10-22 00:08:48,012 [Thread-4420] INFO  impl.FollowerState (FollowerState.java:run(117)) - d9951c0b-6d6e-4464-b06b-4ef93c20892c@group-A8B097DE35CC-FollowerState was interrupted: java.lang.InterruptedException: sleep interrupted
2019-10-22 00:08:48,012 [grpc-default-executor-5] INFO  impl.RoleInfo (RoleInfo.java:updateAndGet(143)) - d9951c0b-6d6e-4464-b06b-4ef93c20892c: start FollowerState
2019-10-22 00:08:48,017 [1be30185-a2c0-4461-afc0-2cb02fcff473@group-A8B097DE35CC-LeaderElection515] INFO  impl.LeaderElection (LeaderElection.java:logAndReturn(56)) - 1be30185-a2c0-4461-afc0-2cb02fcff473@group-A8B097DE35CC-LeaderElection515: Election REJECTED; received 2 response(s) [1be30185-a2c0-4461-afc0-2cb02fcff473<-e64b81a2-7e97-4a9c-9a90-0d1e8edce3a8#0:FAIL-t51, 1be30185-a2c0-4461-afc0-2cb02fcff473<-d9951c0b-6d6e-4464-b06b-4ef93c20892c#0:FAIL-t51] and 0 exception(s); 1be30185-a2c0-4461-afc0-2cb02fcff473@group-A8B097DE35CC:t51, leader=null, voted=1be30185-a2c0-4461-afc0-2cb02fcff473, raftlog=1be30185-a2c0-4461-afc0-2cb02fcff473@group-A8B097DE35CC-SegmentedRaftLog:OPENED:c-1,f-1,i0, conf=-1: [e64b81a2-7e97-4a9c-9a90-0d1e8edce3a8:192.168.157.254:40074, d9951c0b-6d6e-4464-b06b-4ef93c20892c:192.168.157.254:43622, 1be30185-a2c0-4461-afc0-2cb02fcff473:192.168.157.254:38008], old=null
2019-10-22 00:08:48,017 [1be30185-a2c0-4461-afc0-2cb02fcff473@group-A8B097DE35CC-LeaderElection515] INFO  impl.RaftServerImpl (RaftServerImpl.java:setRole(184)) - 1be30185-a2c0-4461-afc0-2cb02fcff473@group-A8B097DE35CC: changes role from CANDIDATE to FOLLOWER at term 51 for DISCOVERED_A_NEW_TERM
2019-10-22 00:08:48,017 [1be30185-a2c0-4461-afc0-2cb02fcff473@group-A8B097DE35CC-LeaderElection515] INFO  impl.RoleInfo (RoleInfo.java:shutdownLeaderElection(134)) - 1be30185-a2c0-4461-afc0-2cb02fcff473: shutdown LeaderElection
2019-10-22 00:08:48,017 [1be30185-a2c0-4461-afc0-2cb02fcff473@group-A8B097DE35CC-LeaderElection515] INFO  impl.RoleInfo (RoleInfo.java:updateAndGet(143)) - 1be30185-a2c0-4461-afc0-2cb02fcff473: start FollowerState
2019-10-22 00:08:48,159 [Thread-4427] INFO  impl.FollowerState (FollowerState.java:run(108)) - 1be30185-a2c0-4461-afc0-2cb02fcff473@group-A8B097DE35CC-FollowerState: change to CANDIDATE, lastRpcTime:142ms, electionTimeout:142ms
2019-10-22 00:08:48,160 [Thread-4427] INFO  impl.RoleInfo (RoleInfo.java:shutdownFollowerState(121)) - 1be30185-a2c0-4461-afc0-2cb02fcff473: shutdown FollowerState
2019-10-22 00:08:48,161 [Thread-4427] INFO  impl.RaftServerImpl (RaftServerImpl.java:setRole(184)) - 1be30185-a2c0-4461-afc0-2cb02fcff473@group-A8B097DE35CC: changes role from  FOLLOWER to CANDIDATE at term 51 for changeToCandidate
2019-10-22 00:08:48,161 [Thread-4427] INFO  impl.RoleInfo (RoleInfo.java:updateAndGet(143)) - 1be30185-a2c0-4461-afc0-2cb02fcff473: start LeaderElection
2019-10-22 00:08:48,176 [1be30185-a2c0-4461-afc0-2cb02fcff473@group-A8B097DE35CC-LeaderElection516] INFO  impl.LeaderElection (LeaderElection.java:askForVotes(178)) - 1be30185-a2c0-4461-afc0-2cb02fcff473@group-A8B097DE35CC-LeaderElection516: begin an election at term 52 for -1: [e64b81a2-7e97-4a9c-9a90-0d1e8edce3a8:192.168.157.254:40074, d9951c0b-6d6e-4464-b06b-4ef93c20892c:192.168.157.254:43622, 1be30185-a2c0-4461-afc0-2cb02fcff473:192.168.157.254:38008], old=null
2019-10-22 00:08:48,181 [grpc-default-executor-8] INFO  impl.RaftServerImpl (RaftServerImpl.java:setRole(184)) - e64b81a2-7e97-4a9c-9a90-0d1e8edce3a8@group-A8B097DE35CC: changes role from  FOLLOWER to FOLLOWER at term 52 for recognizeCandidate:1be30185-a2c0-4461-afc0-2cb02fcff473
2019-10-22 00:08:48,181 [grpc-default-executor-8] INFO  impl.RoleInfo (RoleInfo.java:shutdownFollowerState(121)) - e64b81a2-7e97-4a9c-9a90-0d1e8edce3a8: shutdown FollowerState
2019-10-22 00:08:48,181 [grpc-default-executor-5] INFO  impl.RaftServerImpl (RaftServerImpl.java:setRole(184)) - d9951c0b-6d6e-4464-b06b-4ef93c20892c@group-A8B097DE35CC: changes role from  FOLLOWER to FOLLOWER at term 52 for recognizeCandidate:1be30185-a2c0-4461-afc0-2cb02fcff473
2019-10-22 00:08:48,181 [Thread-4425] INFO  impl.FollowerState (FollowerState.java:run(117)) - e64b81a2-7e97-4a9c-9a90-0d1e8edce3a8@group-A8B097DE35CC-FollowerState was interrupted: java.lang.InterruptedException: sleep interrupted
2019-10-22 00:08:48,181 [grpc-default-executor-8] INFO  impl.RoleInfo (RoleInfo.java:updateAndGet(143)) - e64b81a2-7e97-4a9c-9a90-0d1e8edce3a8: start FollowerState
2019-10-22 00:08:48,181 [grpc-default-executor-5] INFO  impl.RoleInfo (RoleInfo.java:shutdownFollowerState(121)) - d9951c0b-6d6e-4464-b06b-4ef93c20892c: shutdown FollowerState
2019-10-22 00:08:48,182 [grpc-default-executor-5] INFO  impl.RoleInfo (RoleInfo.java:updateAndGet(143)) - d9951c0b-6d6e-4464-b06b-4ef93c20892c: start FollowerState
2019-10-22 00:08:48,182 [Thread-4426] INFO  impl.FollowerState (FollowerState.java:run(117)) - d9951c0b-6d6e-4464-b06b-4ef93c20892c@group-A8B097DE35CC-FollowerState was interrupted: java.lang.InterruptedException: sleep interrupted
2019-10-22 00:08:48,196 [1be30185-a2c0-4461-afc0-2cb02fcff473@group-A8B097DE35CC-LeaderElection516] INFO  impl.LeaderElection (LeaderElection.java:logAndReturn(56)) - 1be30185-a2c0-4461-afc0-2cb02fcff473@group-A8B097DE35CC-LeaderElection516: Election REJECTED; received 2 response(s) [1be30185-a2c0-4461-afc0-2cb02fcff473<-e64b81a2-7e97-4a9c-9a90-0d1e8edce3a8#0:FAIL-t52, 1be30185-a2c0-4461-afc0-2cb02fcff473<-d9951c0b-6d6e-4464-b06b-4ef93c20892c#0:FAIL-t52] and 0 exception(s); 1be30185-a2c0-4461-afc0-2cb02fcff473@group-A8B097DE35CC:t52, leader=null, voted=1be30185-a2c0-4461-afc0-2cb02fcff473, raftlog=1be30185-a2c0-4461-afc0-2cb02fcff473@group-A8B097DE35CC-SegmentedRaftLog:OPENED:c-1,f-1,i0, conf=-1: [e64b81a2-7e97-4a9c-9a90-0d1e8edce3a8:192.168.157.254:40074, d9951c0b-6d6e-4464-b06b-4ef93c20892c:192.168.157.254:43622, 1be30185-a2c0-4461-afc0-2cb02fcff473:192.168.157.254:38008], old=null
2019-10-22 00:08:48,196 [1be30185-a2c0-4461-afc0-2cb02fcff473@group-A8B097DE35CC-LeaderElection516] INFO  impl.RaftServerImpl (RaftServerImpl.java:setRole(184)) - 1be30185-a2c0-4461-afc0-2cb02fcff473@group-A8B097DE35CC: changes role from CANDIDATE to FOLLOWER at term 52 for DISCOVERED_A_NEW_TERM
2019-10-22 00:08:48,197 [1be30185-a2c0-4461-afc0-2cb02fcff473@group-A8B097DE35CC-LeaderElection516] INFO  impl.RoleInfo (RoleInfo.java:shutdownLeaderElection(134)) - 1be30185-a2c0-4461-afc0-2cb02fcff473: shutdown LeaderElection
2019-10-22 00:08:48,197 [1be30185-a2c0-4461-afc0-2cb02fcff473@group-A8B097DE35CC-LeaderElection516] INFO  impl.RoleInfo (RoleInfo.java:updateAndGet(143)) - 1be30185-a2c0-4461-afc0-2cb02fcff473: start FollowerState
2019-10-22 00:08:48,228 [Thread-4433] INFO  impl.FollowerState (FollowerState.java:run(108)) - 1be30185-a2c0-4461-afc0-2cb02fcff473@group-A8B097DE35CC-FollowerState: change to CANDIDATE, lastRpcTime:31ms, electionTimeout:31ms
2019-10-22 00:08:48,228 [Thread-4433] INFO  impl.RoleInfo (RoleInfo.java:shutdownFollowerState(121)) - 1be30185-a2c0-4461-afc0-2cb02fcff473: shutdown FollowerState
2019-10-22 00:08:48,228 [Thread-4433] INFO  impl.RaftServerImpl (RaftServerImpl.java:setRole(184)) - 1be30185-a2c0-4461-afc0-2cb02fcff473@group-A8B097DE35CC: changes role from  FOLLOWER to CANDIDATE at term 52 for changeToCandidate
2019-10-22 00:08:48,228 [Thread-4433] INFO  impl.RoleInfo (RoleInfo.java:updateAndGet(143)) - 1be30185-a2c0-4461-afc0-2cb02fcff473: start LeaderElection
2019-10-22 00:08:48,242 [1be30185-a2c0-4461-afc0-2cb02fcff473@group-A8B097DE35CC-LeaderElection517] INFO  impl.LeaderElection (LeaderElection.java:askForVotes(178)) - 1be30185-a2c0-4461-afc0-2cb02fcff473@group-A8B097DE35CC-LeaderElection517: begin an election at term 53 for -1: [e64b81a2-7e97-4a9c-9a90-0d1e8edce3a8:192.168.157.254:40074, d9951c0b-6d6e-4464-b06b-4ef93c20892c:192.168.157.254:43622, 1be30185-a2c0-4461-afc0-2cb02fcff473:192.168.157.254:38008], old=null
2019-10-22 00:08:48,243 [grpc-default-executor-5] INFO  impl.RaftServerImpl (RaftServerImpl.java:setRole(184)) - e64b81a2-7e97-4a9c-9a90-0d1e8edce3a8@group-A8B097DE35CC: changes role from  FOLLOWER to FOLLOWER at term 53 for recognizeCandidate:1be30185-a2c0-4461-afc0-2cb02fcff473
2019-10-22 00:08:48,243 [grpc-default-executor-8] INFO  impl.RaftServerImpl (RaftServerImpl.java:setRole(184)) - d9951c0b-6d6e-4464-b06b-4ef93c20892c@group-A8B097DE35CC: changes role from  FOLLOWER to FOLLOWER at term 53 for recognizeCandidate:1be30185-a2c0-4461-afc0-2cb02fcff473
2019-10-22 00:08:48,243 [grpc-default-executor-8] INFO  impl.RoleInfo (RoleInfo.java:shutdownFollowerState(121)) - d9951c0b-6d6e-4464-b06b-4ef93c20892c: shutdown FollowerState
2019-10-22 00:08:48,243 [grpc-default-executor-5] INFO  impl.RoleInfo (RoleInfo.java:shutdownFollowerState(121)) - e64b81a2-7e97-4a9c-9a90-0d1e8edce3a8: shutdown FollowerState
2019-10-22 00:08:48,243 [Thread-4432] INFO  impl.FollowerState (FollowerState.java:run(117)) - d9951c0b-6d6e-4464-b06b-4ef93c20892c@group-A8B097DE35CC-FollowerState was interrupted: java.lang.InterruptedException: sleep interrupted
2019-10-22 00:08:48,243 [grpc-default-executor-8] INFO  impl.RoleInfo (RoleInfo.java:updateAndGet(143)) - d9951c0b-6d6e-4464-b06b-4ef93c20892c: start FollowerState
2019-10-22 00:08:48,243 [Thread-4431] INFO  impl.FollowerState (FollowerState.java:run(117)) - e64b81a2-7e97-4a9c-9a90-0d1e8edce3a8@group-A8B097DE35CC-FollowerState was interrupted: java.lang.InterruptedException: sleep interrupted
2019-10-22 00:08:48,243 [grpc-default-executor-5] INFO  impl.RoleInfo (RoleInfo.java:updateAndGet(143)) - e64b81a2-7e97-4a9c-9a90-0d1e8edce3a8: start FollowerState
2019-10-22 00:08:48,249 [1be30185-a2c0-4461-afc0-2cb02fcff473@group-A8B097DE35CC-LeaderElection517] INFO  impl.LeaderElection (LeaderElection.java:logAndReturn(56)) - 1be30185-a2c0-4461-afc0-2cb02fcff473@group-A8B097DE35CC-LeaderElection517: Election TIMEOUT; received 0 response(s) [] and 0 exception(s); 1be30185-a2c0-4461-afc0-2cb02fcff473@group-A8B097DE35CC:t53, leader=null, voted=1be30185-a2c0-4461-afc0-2cb02fcff473, raftlog=1be30185-a2c0-4461-afc0-2cb02fcff473@group-A8B097DE35CC-SegmentedRaftLog:OPENED:c-1,f-1,i0, conf=-1: [e64b81a2-7e97-4a9c-9a90-0d1e8edce3a8:192.168.157.254:40074, d9951c0b-6d6e-4464-b06b-4ef93c20892c:192.168.157.254:43622, 1be30185-a2c0-4461-afc0-2cb02fcff473:192.168.157.254:38008], old=null
2019-10-22 00:08:48,262 [1be30185-a2c0-4461-afc0-2cb02fcff473@group-A8B097DE35CC-LeaderElection517] INFO  impl.LeaderElection (LeaderElection.java:askForVotes(178)) - 1be30185-a2c0-4461-afc0-2cb02fcff473@group-A8B097DE35CC-LeaderElection517: begin an election at term 54 for -1: [e64b81a2-7e97-4a9c-9a90-0d1e8edce3a8:192.168.157.254:40074, d9951c0b-6d6e-4464-b06b-4ef93c20892c:192.168.157.254:43622, 1be30185-a2c0-4461-afc0-2cb02fcff473:192.168.157.254:38008], old=null
2019-10-22 00:08:48,263 [grpc-default-executor-5] INFO  impl.RaftServerImpl (RaftServerImpl.java:setRole(184)) - e64b81a2-7e97-4a9c-9a90-0d1e8edce3a8@group-A8B097DE35CC: changes role from  FOLLOWER to FOLLOWER at term 54 for recognizeCandidate:1be30185-a2c0-4461-afc0-2cb02fcff473
2019-10-22 00:08:48,263 [grpc-default-executor-5] INFO  impl.RoleInfo (RoleInfo.java:shutdownFollowerState(121)) - e64b81a2-7e97-4a9c-9a90-0d1e8edce3a8: shutdown FollowerState
2019-10-22 00:08:48,263 [grpc-default-executor-8] INFO  impl.RaftServerImpl (RaftServerImpl.java:setRole(184)) - d9951c0b-6d6e-4464-b06b-4ef93c20892c@group-A8B097DE35CC: changes role from  FOLLOWER to FOLLOWER at term 54 for recognizeCandidate:1be30185-a2c0-4461-afc0-2cb02fcff473
2019-10-22 00:08:48,263 [Thread-4438] INFO  impl.FollowerState (FollowerState.java:run(117)) - e64b81a2-7e97-4a9c-9a90-0d1e8edce3a8@group-A8B097DE35CC-FollowerState was interrupted: java.lang.InterruptedException: sleep interrupted
2019-10-22 00:08:48,263 [grpc-default-executor-5] INFO  impl.RoleInfo (RoleInfo.java:updateAndGet(143)) - e64b81a2-7e97-4a9c-9a90-0d1e8edce3a8: start FollowerState
2019-10-22 00:08:48,263 [grpc-default-executor-8] INFO  impl.RoleInfo (RoleInfo.java:shutdownFollowerState(121)) - d9951c0b-6d6e-4464-b06b-4ef93c20892c: shutdown FollowerState
2019-10-22 00:08:48,264 [grpc-default-executor-8] INFO  impl.RoleInfo (RoleInfo.java:updateAndGet(143)) - d9951c0b-6d6e-4464-b06b-4ef93c20892c: start FollowerState
2019-10-22 00:08:48,264 [Thread-4437] INFO  impl.FollowerState (FollowerState.java:run(117)) - d9951c0b-6d6e-4464-b06b-4ef93c20892c@group-A8B097DE35CC-FollowerState was interrupted: java.lang.InterruptedException: sleep interrupted
2019-10-22 00:08:48,275 [1be30185-a2c0-4461-afc0-2cb02fcff473@group-A8B097DE35CC-LeaderElection517] INFO  impl.LeaderElection (LeaderElection.java:logAndReturn(56)) - 1be30185-a2c0-4461-afc0-2cb02fcff473@group-A8B097DE35CC-LeaderElection517: Election REJECTED; received 2 response(s) [1be30185-a2c0-4461-afc0-2cb02fcff473<-e64b81a2-7e97-4a9c-9a90-0d1e8edce3a8#0:FAIL-t54, 1be30185-a2c0-4461-afc0-2cb02fcff473<-d9951c0b-6d6e-4464-b06b-4ef93c20892c#0:FAIL-t54] and 0 exception(s); 1be30185-a2c0-4461-afc0-2cb02fcff473@group-A8B097DE35CC:t54, leader=null, voted=1be30185-a2c0-4461-afc0-2cb02fcff473, raftlog=1be30185-a2c0-4461-afc0-2cb02fcff473@group-A8B097DE35CC-SegmentedRaftLog:OPENED:c-1,f-1,i0, conf=-1: [e64b81a2-7e97-4a9c-9a90-0d1e8edce3a8:192.168.157.254:40074, d9951c0b-6d6e-4464-b06b-4ef93c20892c:192.168.157.254:43622, 1be30185-a2c0-4461-afc0-2cb02fcff473:192.168.157.254:38008], old=null
2019-10-22 00:08:48,275 [1be30185-a2c0-4461-afc0-2cb02fcff473@group-A8B097DE35CC-LeaderElection517] INFO  impl.RaftServerImpl (RaftServerImpl.java:setRole(184)) - 1be30185-a2c0-4461-afc0-2cb02fcff473@group-A8B097DE35CC: changes role from CANDIDATE to FOLLOWER at term 54 for DISCOVERED_A_NEW_TERM
2019-10-22 00:08:48,275 [1be30185-a2c0-4461-afc0-2cb02fcff473@group-A8B097DE35CC-LeaderElection517] INFO  impl.RoleInfo (RoleInfo.java:shutdownLeaderElection(134)) - 1be30185-a2c0-4461-afc0-2cb02fcff473: shutdown LeaderElection
2019-10-22 00:08:48,275 [1be30185-a2c0-4461-afc0-2cb02fcff473@group-A8B097DE35CC-LeaderElection517] INFO  impl.RoleInfo (RoleInfo.java:updateAndGet(143)) - 1be30185-a2c0-4461-afc0-2cb02fcff473: start FollowerState
2019-10-22 00:08:48,438 [Thread-4443] INFO  impl.FollowerState (FollowerState.java:run(108)) - 1be30185-a2c0-4461-afc0-2cb02fcff473@group-A8B097DE35CC-FollowerState: change to CANDIDATE, lastRpcTime:163ms, electionTimeout:163ms
2019-10-22 00:08:48,439 [Thread-4443] INFO  impl.RoleInfo (RoleInfo.java:shutdownFollowerState(121)) - 1be30185-a2c0-4461-afc0-2cb02fcff473: shutdown FollowerState
2019-10-22 00:08:48,440 [Thread-4443] INFO  impl.RaftServerImpl (RaftServerImpl.java:setRole(184)) - 1be30185-a2c0-4461-afc0-2cb02fcff473@group-A8B097DE35CC: changes role from  FOLLOWER to CANDIDATE at term 54 for changeToCandidate
2019-10-22 00:08:48,440 [Thread-4443] INFO  impl.RoleInfo (RoleInfo.java:updateAndGet(143)) - 1be30185-a2c0-4461-afc0-2cb02fcff473: start LeaderElection
2019-10-22 00:08:48,455 [1be30185-a2c0-4461-afc0-2cb02fcff473@group-A8B097DE35CC-LeaderElection518] INFO  impl.LeaderElection (LeaderElection.java:askForVotes(178)) - 1be30185-a2c0-4461-afc0-2cb02fcff473@group-A8B097DE35CC-LeaderElection518: begin an election at term 55 for -1: [e64b81a2-7e97-4a9c-9a90-0d1e8edce3a8:192.168.157.254:40074, d9951c0b-6d6e-4464-b06b-4ef93c20892c:192.168.157.254:43622, 1be30185-a2c0-4461-afc0-2cb02fcff473:192.168.157.254:38008], old=null
2019-10-22 00:08:48,456 [grpc-default-executor-5] INFO  impl.RaftServerImpl (RaftServerImpl.java:setRole(184)) - e64b81a2-7e97-4a9c-9a90-0d1e8edce3a8@group-A8B097DE35CC: changes role from  FOLLOWER to FOLLOWER at term 55 for recognizeCandidate:1be30185-a2c0-4461-afc0-2cb02fcff473
2019-10-22 00:08:48,456 [grpc-default-executor-5] INFO  impl.RoleInfo (RoleInfo.java:shutdownFollowerState(121)) - e64b81a2-7e97-4a9c-9a90-0d1e8edce3a8: shutdown FollowerState
2019-10-22 00:08:48,456 [grpc-default-executor-8] INFO  impl.RaftServerImpl (RaftServerImpl.java:setRole(184)) - d9951c0b-6d6e-4464-b06b-4ef93c20892c@group-A8B097DE35CC: changes role from  FOLLOWER to FOLLOWER at term 55 for recognizeCandidate:1be30185-a2c0-4461-afc0-2cb02fcff473
2019-10-22 00:08:48,457 [grpc-default-executor-8] INFO  impl.RoleInfo (RoleInfo.java:shutdownFollowerState(121)) - d9951c0b-6d6e-4464-b06b-4ef93c20892c: shutdown FollowerState
2019-10-22 00:08:48,457 [grpc-default-executor-5] INFO  impl.RoleInfo (RoleInfo.java:updateAndGet(143)) - e64b81a2-7e97-4a9c-9a90-0d1e8edce3a8: start FollowerState
2019-10-22 00:08:48,457 [Thread-4442] INFO  impl.FollowerState (FollowerState.java:run(117)) - d9951c0b-6d6e-4464-b06b-4ef93c20892c@group-A8B097DE35CC-FollowerState was interrupted: java.lang.InterruptedException: sleep interrupted
2019-10-22 00:08:48,457 [grpc-default-executor-8] INFO  impl.RoleInfo (RoleInfo.java:updateAndGet(143)) - d9951c0b-6d6e-4464-b06b-4ef93c20892c: start FollowerState
2019-10-22 00:08:48,457 [Thread-4441] INFO  impl.FollowerState (FollowerState.java:run(117)) - e64b81a2-7e97-4a9c-9a90-0d1e8edce3a8@group-A8B097DE35CC-FollowerState was interrupted: java.lang.InterruptedException: sleep interrupted
2019-10-22 00:08:48,472 [1be30185-a2c0-4461-afc0-2cb02fcff473@group-A8B097DE35CC-LeaderElection518] INFO  impl.LeaderElection (LeaderElection.java:logAndReturn(56)) - 1be30185-a2c0-4461-afc0-2cb02fcff473@group-A8B097DE35CC-LeaderElection518: Election REJECTED; received 2 response(s) [1be30185-a2c0-4461-afc0-2cb02fcff473<-e64b81a2-7e97-4a9c-9a90-0d1e8edce3a8#0:FAIL-t55, 1be30185-a2c0-4461-afc0-2cb02fcff473<-d9951c0b-6d6e-4464-b06b-4ef93c20892c#0:FAIL-t55] and 0 exception(s); 1be30185-a2c0-4461-afc0-2cb02fcff473@group-A8B097DE35CC:t55, leader=null, voted=1be30185-a2c0-4461-afc0-2cb02fcff473, raftlog=1be30185-a2c0-4461-afc0-2cb02fcff473@group-A8B097DE35CC-SegmentedRaftLog:OPENED:c-1,f-1,i0, conf=-1: [e64b81a2-7e97-4a9c-9a90-0d1e8edce3a8:192.168.157.254:40074, d9951c0b-6d6e-4464-b06b-4ef93c20892c:192.168.157.254:43622, 1be30185-a2c0-4461-afc0-2cb02fcff473:192.168.157.254:38008], old=null
2019-10-22 00:08:48,472 [1be30185-a2c0-4461-afc0-2cb02fcff473@group-A8B097DE35CC-LeaderElection518] INFO  impl.RaftServerImpl (RaftServerImpl.java:setRole(184)) - 1be30185-a2c0-4461-afc0-2cb02fcff473@group-A8B097DE35CC: changes role from CANDIDATE to FOLLOWER at term 55 for DISCOVERED_A_NEW_TERM
2019-10-22 00:08:48,472 [1be30185-a2c0-4461-afc0-2cb02fcff473@group-A8B097DE35CC-LeaderElection518] INFO  impl.RoleInfo (RoleInfo.java:shutdownLeaderElection(134)) - 1be30185-a2c0-4461-afc0-2cb02fcff473: shutdown LeaderElection
2019-10-22 00:08:48,472 [1be30185-a2c0-4461-afc0-2cb02fcff473@group-A8B097DE35CC-LeaderElection518] INFO  impl.RoleInfo (RoleInfo.java:updateAndGet(143)) - 1be30185-a2c0-4461-afc0-2cb02fcff473: start FollowerState
2019-10-22 00:08:48,580 [Thread-4453] INFO  impl.FollowerState (FollowerState.java:run(108)) - 1be30185-a2c0-4461-afc0-2cb02fcff473@group-A8B097DE35CC-FollowerState: change to CANDIDATE, lastRpcTime:108ms, electionTimeout:108ms
2019-10-22 00:08:48,580 [Thread-4453] INFO  impl.RoleInfo (RoleInfo.java:shutdownFollowerState(121)) - 1be30185-a2c0-4461-afc0-2cb02fcff473: shutdown FollowerState
2019-10-22 00:08:48,581 [Thread-4453] INFO  impl.RaftServerImpl (RaftServerImpl.java:setRole(184)) - 1be30185-a2c0-4461-afc0-2cb02fcff473@group-A8B097DE35CC: changes role from  FOLLOWER to CANDIDATE at term 55 for changeToCandidate
2019-10-22 00:08:48,581 [Thread-4453] INFO  impl.RoleInfo (RoleInfo.java:updateAndGet(143)) - 1be30185-a2c0-4461-afc0-2cb02fcff473: start LeaderElection
2019-10-22 00:08:48,594 [1be30185-a2c0-4461-afc0-2cb02fcff473@group-A8B097DE35CC-LeaderElection519] INFO  impl.LeaderElection (LeaderElection.java:askForVotes(178)) - 1be30185-a2c0-4461-afc0-2cb02fcff473@group-A8B097DE35CC-LeaderElection519: begin an election at term 56 for -1: [e64b81a2-7e97-4a9c-9a90-0d1e8edce3a8:192.168.157.254:40074, d9951c0b-6d6e-4464-b06b-4ef93c20892c:192.168.157.254:43622, 1be30185-a2c0-4461-afc0-2cb02fcff473:192.168.157.254:38008], old=null
2019-10-22 00:08:48,596 [grpc-default-executor-5] INFO  impl.RaftServerImpl (RaftServerImpl.java:setRole(184)) - e64b81a2-7e97-4a9c-9a90-0d1e8edce3a8@group-A8B097DE35CC: changes role from  FOLLOWER to FOLLOWER at term 56 for recognizeCandidate:1be30185-a2c0-4461-afc0-2cb02fcff473
2019-10-22 00:08:48,597 [grpc-default-executor-5] INFO  impl.RoleInfo (RoleInfo.java:shutdownFollowerState(121)) - e64b81a2-7e97-4a9c-9a90-0d1e8edce3a8: shutdown FollowerState
2019-10-22 00:08:48,596 [grpc-default-executor-8] INFO  impl.RaftServerImpl (RaftServerImpl.java:setRole(184)) - d9951c0b-6d6e-4464-b06b-4ef93c20892c@group-A8B097DE35CC: changes role from  FOLLOWER to FOLLOWER at term 56 for recognizeCandidate:1be30185-a2c0-4461-afc0-2cb02fcff473
2019-10-22 00:08:48,597 [Thread-4450] INFO  impl.FollowerState (FollowerState.java:run(117)) - e64b81a2-7e97-4a9c-9a90-0d1e8edce3a8@group-A8B097DE35CC-FollowerState was interrupted: java.lang.InterruptedException: sleep interrupted
2019-10-22 00:08:48,597 [grpc-default-executor-5] INFO  impl.RoleInfo (RoleInfo.java:updateAndGet(143)) - e64b81a2-7e97-4a9c-9a90-0d1e8edce3a8: start FollowerState
2019-10-22 00:08:48,597 [grpc-default-executor-8] INFO  impl.RoleInfo (RoleInfo.java:shutdownFollowerState(121)) - d9951c0b-6d6e-4464-b06b-4ef93c20892c: shutdown FollowerState
2019-10-22 00:08:48,597 [grpc-default-executor-8] INFO  impl.RoleInfo (RoleInfo.java:updateAndGet(143)) - d9951c0b-6d6e-4464-b06b-4ef93c20892c: start FollowerState
2019-10-22 00:08:48,597 [Thread-4451] INFO  impl.FollowerState (FollowerState.java:run(117)) - d9951c0b-6d6e-4464-b06b-4ef93c20892c@group-A8B097DE35CC-FollowerState was interrupted: java.lang.InterruptedException: sleep interrupted
2019-10-22 00:08:48,611 [1be30185-a2c0-4461-afc0-2cb02fcff473@group-A8B097DE35CC-LeaderElection519] INFO  impl.LeaderElection (LeaderElection.java:logAndReturn(56)) - 1be30185-a2c0-4461-afc0-2cb02fcff473@group-A8B097DE35CC-LeaderElection519: Election REJECTED; received 2 response(s) [1be30185-a2c0-4461-afc0-2cb02fcff473<-e64b81a2-7e97-4a9c-9a90-0d1e8edce3a8#0:FAIL-t56, 1be30185-a2c0-4461-afc0-2cb02fcff473<-d9951c0b-6d6e-4464-b06b-4ef93c20892c#0:FAIL-t56] and 0 exception(s); 1be30185-a2c0-4461-afc0-2cb02fcff473@group-A8B097DE35CC:t56, leader=null, voted=1be30185-a2c0-4461-afc0-2cb02fcff473, raftlog=1be30185-a2c0-4461-afc0-2cb02fcff473@group-A8B097DE35CC-SegmentedRaftLog:OPENED:c-1,f-1,i0, conf=-1: [e64b81a2-7e97-4a9c-9a90-0d1e8edce3a8:192.168.157.254:40074, d9951c0b-6d6e-4464-b06b-4ef93c20892c:192.168.157.254:43622, 1be30185-a2c0-4461-afc0-2cb02fcff473:192.168.157.254:38008], old=null
2019-10-22 00:08:48,611 [1be30185-a2c0-4461-afc0-2cb02fcff473@group-A8B097DE35CC-LeaderElection519] INFO  impl.RaftServerImpl (RaftServerImpl.java:setRole(184)) - 1be30185-a2c0-4461-afc0-2cb02fcff473@group-A8B097DE35CC: changes role from CANDIDATE to FOLLOWER at term 56 for DISCOVERED_A_NEW_TERM
2019-10-22 00:08:48,611 [1be30185-a2c0-4461-afc0-2cb02fcff473@group-A8B097DE35CC-LeaderElection519] INFO  impl.RoleInfo (RoleInfo.java:shutdownLeaderElection(134)) - 1be30185-a2c0-4461-afc0-2cb02fcff473: shutdown LeaderElection
2019-10-22 00:08:48,611 [1be30185-a2c0-4461-afc0-2cb02fcff473@group-A8B097DE35CC-LeaderElection519] INFO  impl.RoleInfo (RoleInfo.java:updateAndGet(143)) - 1be30185-a2c0-4461-afc0-2cb02fcff473: start FollowerState
2019-10-22 00:08:48,787 [Thread-4459] INFO  impl.FollowerState (FollowerState.java:run(108)) - 1be30185-a2c0-4461-afc0-2cb02fcff473@group-A8B097DE35CC-FollowerState: change to CANDIDATE, lastRpcTime:175ms, electionTimeout:175ms
2019-10-22 00:08:48,787 [Thread-4459] INFO  impl.RoleInfo (RoleInfo.java:shutdownFollowerState(121)) - 1be30185-a2c0-4461-afc0-2cb02fcff473: shutdown FollowerState
2019-10-22 00:08:48,787 [Thread-4459] INFO  impl.RaftServerImpl (RaftServerImpl.java:setRole(184)) - 1be30185-a2c0-4461-afc0-2cb02fcff473@group-A8B097DE35CC: changes role from  FOLLOWER to CANDIDATE at term 56 for changeToCandidate
2019-10-22 00:08:48,787 [Thread-4459] INFO  impl.RoleInfo (RoleInfo.java:updateAndGet(143)) - 1be30185-a2c0-4461-afc0-2cb02fcff473: start LeaderElection
2019-10-22 00:08:48,813 [1be30185-a2c0-4461-afc0-2cb02fcff473@group-A8B097DE35CC-LeaderElection520] INFO  impl.LeaderElection (LeaderElection.java:askForVotes(178)) - 1be30185-a2c0-4461-afc0-2cb02fcff473@group-A8B097DE35CC-LeaderElection520: begin an election at term 57 for -1: [e64b81a2-7e97-4a9c-9a90-0d1e8edce3a8:192.168.157.254:40074, d9951c0b-6d6e-4464-b06b-4ef93c20892c:192.168.157.254:43622, 1be30185-a2c0-4461-afc0-2cb02fcff473:192.168.157.254:38008], old=null
2019-10-22 00:08:48,814 [grpc-default-executor-5] INFO  impl.RaftServerImpl (RaftServerImpl.java:setRole(184)) - d9951c0b-6d6e-4464-b06b-4ef93c20892c@group-A8B097DE35CC: changes role from  FOLLOWER to FOLLOWER at term 57 for recognizeCandidate:1be30185-a2c0-4461-afc0-2cb02fcff473
2019-10-22 00:08:48,814 [grpc-default-executor-8] INFO  impl.RaftServerImpl (RaftServerImpl.java:setRole(184)) - e64b81a2-7e97-4a9c-9a90-0d1e8edce3a8@group-A8B097DE35CC: changes role from  FOLLOWER to FOLLOWER at term 57 for recognizeCandidate:1be30185-a2c0-4461-afc0-2cb02fcff473
2019-10-22 00:08:48,815 [grpc-default-executor-5] INFO  impl.RoleInfo (RoleInfo.java:shutdownFollowerState(121)) - d9951c0b-6d6e-4464-b06b-4ef93c20892c: shutdown FollowerState
2019-10-22 00:08:48,815 [grpc-default-executor-8] INFO  impl.RoleInfo (RoleInfo.java:shutdownFollowerState(121)) - e64b81a2-7e97-4a9c-9a90-0d1e8edce3a8: shutdown FollowerState
2019-10-22 00:08:48,815 [Thread-4458] INFO  impl.FollowerState (FollowerState.java:run(117)) - d9951c0b-6d6e-4464-b06b-4ef93c20892c@group-A8B097DE35CC-FollowerState was interrupted: java.lang.InterruptedException: sleep interrupted
2019-10-22 00:08:48,815 [grpc-default-executor-5] INFO  impl.RoleInfo (RoleInfo.java:updateAndGet(143)) - d9951c0b-6d6e-4464-b06b-4ef93c20892c: start FollowerState
2019-10-22 00:08:48,815 [grpc-default-executor-8] INFO  impl.RoleInfo (RoleInfo.java:updateAndGet(143)) - e64b81a2-7e97-4a9c-9a90-0d1e8edce3a8: start FollowerState
2019-10-22 00:08:48,815 [Thread-4457] INFO  impl.FollowerState (FollowerState.java:run(117)) - e64b81a2-7e97-4a9c-9a90-0d1e8edce3a8@group-A8B097DE35CC-FollowerState was interrupted: java.lang.InterruptedException: sleep interrupted
2019-10-22 00:08:48,840 [1be30185-a2c0-4461-afc0-2cb02fcff473@group-A8B097DE35CC-LeaderElection520] INFO  impl.LeaderElection (LeaderElection.java:logAndReturn(56)) - 1be30185-a2c0-4461-afc0-2cb02fcff473@group-A8B097DE35CC-LeaderElection520: Election REJECTED; received 2 response(s) [1be30185-a2c0-4461-afc0-2cb02fcff473<-e64b81a2-7e97-4a9c-9a90-0d1e8edce3a8#0:FAIL-t57, 1be30185-a2c0-4461-afc0-2cb02fcff473<-d9951c0b-6d6e-4464-b06b-4ef93c20892c#0:FAIL-t57] and 0 exception(s); 1be30185-a2c0-4461-afc0-2cb02fcff473@group-A8B097DE35CC:t57, leader=null, voted=1be30185-a2c0-4461-afc0-2cb02fcff473, raftlog=1be30185-a2c0-4461-afc0-2cb02fcff473@group-A8B097DE35CC-SegmentedRaftLog:OPENED:c-1,f-1,i0, conf=-1: [e64b81a2-7e97-4a9c-9a90-0d1e8edce3a8:192.168.157.254:40074, d9951c0b-6d6e-4464-b06b-4ef93c20892c:192.168.157.254:43622, 1be30185-a2c0-4461-afc0-2cb02fcff473:192.168.157.254:38008], old=null
2019-10-22 00:08:48,841 [1be30185-a2c0-4461-afc0-2cb02fcff473@group-A8B097DE35CC-LeaderElection520] INFO  impl.RaftServerImpl (RaftServerImpl.java:setRole(184)) - 1be30185-a2c0-4461-afc0-2cb02fcff473@group-A8B097DE35CC: changes role from CANDIDATE to FOLLOWER at term 57 for DISCOVERED_A_NEW_TERM
2019-10-22 00:08:48,841 [1be30185-a2c0-4461-afc0-2cb02fcff473@group-A8B097DE35CC-LeaderElection520] INFO  impl.RoleInfo (RoleInfo.java:shutdownLeaderElection(134)) - 1be30185-a2c0-4461-afc0-2cb02fcff473: shutdown LeaderElection
2019-10-22 00:08:48,841 [1be30185-a2c0-4461-afc0-2cb02fcff473@group-A8B097DE35CC-LeaderElection520] INFO  impl.RoleInfo (RoleInfo.java:updateAndGet(143)) - 1be30185-a2c0-4461-afc0-2cb02fcff473: start FollowerState
2019-10-22 00:08:48,848 [Thread-4465] INFO  impl.FollowerState (FollowerState.java:run(108)) - 1be30185-a2c0-4461-afc0-2cb02fcff473@group-A8B097DE35CC-FollowerState: change to CANDIDATE, lastRpcTime:7ms, electionTimeout:7ms
2019-10-22 00:08:48,848 [Thread-4465] INFO  impl.RoleInfo (RoleInfo.java:shutdownFollowerState(121)) - 1be30185-a2c0-4461-afc0-2cb02fcff473: shutdown FollowerState
2019-10-22 00:08:48,848 [Thread-4465] INFO  impl.RaftServerImpl (RaftServerImpl.java:setRole(184)) - 1be30185-a2c0-4461-afc0-2cb02fcff473@group-A8B097DE35CC: changes role from  FOLLOWER to CANDIDATE at term 57 for changeToCandidate
2019-10-22 00:08:48,848 [Thread-4465] INFO  impl.RoleInfo (RoleInfo.java:updateAndGet(143)) - 1be30185-a2c0-4461-afc0-2cb02fcff473: start LeaderElection
2019-10-22 00:08:48,862 [1be30185-a2c0-4461-afc0-2cb02fcff473@group-A8B097DE35CC-LeaderElection521] INFO  impl.LeaderElection (LeaderElection.java:askForVotes(178)) - 1be30185-a2c0-4461-afc0-2cb02fcff473@group-A8B097DE35CC-LeaderElection521: begin an election at term 58 for -1: [e64b81a2-7e97-4a9c-9a90-0d1e8edce3a8:192.168.157.254:40074, d9951c0b-6d6e-4464-b06b-4ef93c20892c:192.168.157.254:43622, 1be30185-a2c0-4461-afc0-2cb02fcff473:192.168.157.254:38008], old=null
2019-10-22 00:08:48,864 [grpc-default-executor-5] INFO  impl.RaftServerImpl (RaftServerImpl.java:setRole(184)) - e64b81a2-7e97-4a9c-9a90-0d1e8edce3a8@group-A8B097DE35CC: changes role from  FOLLOWER to FOLLOWER at term 58 for recognizeCandidate:1be30185-a2c0-4461-afc0-2cb02fcff473
2019-10-22 00:08:48,864 [grpc-default-executor-5] INFO  impl.RoleInfo (RoleInfo.java:shutdownFollowerState(121)) - e64b81a2-7e97-4a9c-9a90-0d1e8edce3a8: shutdown FollowerState
2019-10-22 00:08:48,864 [grpc-default-executor-8] INFO  impl.RaftServerImpl (RaftServerImpl.java:setRole(184)) - d9951c0b-6d6e-4464-b06b-4ef93c20892c@group-A8B097DE35CC: changes role from  FOLLOWER to FOLLOWER at term 58 for recognizeCandidate:1be30185-a2c0-4461-afc0-2cb02fcff473
2019-10-22 00:08:48,864 [grpc-default-executor-8] INFO  impl.RoleInfo (RoleInfo.java:shutdownFollowerState(121)) - d9951c0b-6d6e-4464-b06b-4ef93c20892c: shutdown FollowerState
2019-10-22 00:08:48,864 [Thread-4464] INFO  impl.FollowerState (FollowerState.java:run(117)) - e64b81a2-7e97-4a9c-9a90-0d1e8edce3a8@group-A8B097DE35CC-FollowerState was interrupted: java.lang.InterruptedException: sleep interrupted
2019-10-22 00:08:48,864 [grpc-default-executor-5] INFO  impl.RoleInfo (RoleInfo.java:updateAndGet(143)) - e64b81a2-7e97-4a9c-9a90-0d1e8edce3a8: start FollowerState
2019-10-22 00:08:48,864 [Thread-4463] INFO  impl.FollowerState (FollowerState.java:run(117)) - d9951c0b-6d6e-4464-b06b-4ef93c20892c@group-A8B097DE35CC-FollowerState was interrupted: java.lang.InterruptedException: sleep interrupted
2019-10-22 00:08:48,864 [grpc-default-executor-8] INFO  impl.RoleInfo (RoleInfo.java:updateAndGet(143)) - d9951c0b-6d6e-4464-b06b-4ef93c20892c: start FollowerState
2019-10-22 00:08:48,865 [1be30185-a2c0-4461-afc0-2cb02fcff473@group-A8B097DE35CC-LeaderElection521] INFO  impl.LeaderElection (LeaderElection.java:logAndReturn(56)) - 1be30185-a2c0-4461-afc0-2cb02fcff473@group-A8B097DE35CC-LeaderElection521: Election TIMEOUT; received 0 response(s) [] and 0 exception(s); 1be30185-a2c0-4461-afc0-2cb02fcff473@group-A8B097DE35CC:t58, leader=null, voted=1be30185-a2c0-4461-afc0-2cb02fcff473, raftlog=1be30185-a2c0-4461-afc0-2cb02fcff473@group-A8B097DE35CC-SegmentedRaftLog:OPENED:c-1,f-1,i0, conf=-1: [e64b81a2-7e97-4a9c-9a90-0d1e8edce3a8:192.168.157.254:40074, d9951c0b-6d6e-4464-b06b-4ef93c20892c:192.168.157.254:43622, 1be30185-a2c0-4461-afc0-2cb02fcff473:192.168.157.254:38008], old=null
2019-10-22 00:08:48,890 [1be30185-a2c0-4461-afc0-2cb02fcff473@group-A8B097DE35CC-LeaderElection521] INFO  impl.LeaderElection (LeaderElection.java:askForVotes(178)) - 1be30185-a2c0-4461-afc0-2cb02fcff473@group-A8B097DE35CC-LeaderElection521: begin an election at term 59 for -1: [e64b81a2-7e97-4a9c-9a90-0d1e8edce3a8:192.168.157.254:40074, d9951c0b-6d6e-4464-b06b-4ef93c20892c:192.168.157.254:43622, 1be30185-a2c0-4461-afc0-2cb02fcff473:192.168.157.254:38008], old=null
2019-10-22 00:08:48,891 [grpc-default-executor-5] INFO  impl.RaftServerImpl (RaftServerImpl.java:setRole(184)) - e64b81a2-7e97-4a9c-9a90-0d1e8edce3a8@group-A8B097DE35CC: changes role from  FOLLOWER to FOLLOWER at term 59 for recognizeCandidate:1be30185-a2c0-4461-afc0-2cb02fcff473
2019-10-22 00:08:48,891 [grpc-default-executor-5] INFO  impl.RoleInfo (RoleInfo.java:shutdownFollowerState(121)) - e64b81a2-7e97-4a9c-9a90-0d1e8edce3a8: shutdown FollowerState
2019-10-22 00:08:48,891 [grpc-default-executor-5] INFO  impl.RoleInfo (RoleInfo.java:updateAndGet(143)) - e64b81a2-7e97-4a9c-9a90-0d1e8edce3a8: start FollowerState
2019-10-22 00:08:48,891 [Thread-4469] INFO  impl.FollowerState (FollowerState.java:run(117)) - e64b81a2-7e97-4a9c-9a90-0d1e8edce3a8@group-A8B097DE35CC-FollowerState was interrupted: java.lang.InterruptedException: sleep interrupted
2019-10-22 00:08:48,891 [grpc-default-executor-8] INFO  impl.RaftServerImpl (RaftServerImpl.java:setRole(184)) - d9951c0b-6d6e-4464-b06b-4ef93c20892c@group-A8B097DE35CC: changes role from  FOLLOWER to FOLLOWER at term 59 for recognizeCandidate:1be30185-a2c0-4461-afc0-2cb02fcff473
2019-10-22 00:08:48,891 [grpc-default-executor-8] INFO  impl.RoleInfo (RoleInfo.java:shutdownFollowerState(121)) - d9951c0b-6d6e-4464-b06b-4ef93c20892c: shutdown FollowerState
2019-10-22 00:08:48,891 [grpc-default-executor-8] INFO  impl.RoleInfo (RoleInfo.java:updateAndGet(143)) - d9951c0b-6d6e-4464-b06b-4ef93c20892c: start FollowerState
2019-10-22 00:08:48,891 [Thread-4470] INFO  impl.FollowerState (FollowerState.java:run(117)) - d9951c0b-6d6e-4464-b06b-4ef93c20892c@group-A8B097DE35CC-FollowerState was interrupted: java.lang.InterruptedException: sleep interrupted
2019-10-22 00:08:48,913 [1be30185-a2c0-4461-afc0-2cb02fcff473@group-A8B097DE35CC-LeaderElection521] INFO  impl.LeaderElection (LeaderElection.java:logAndReturn(56)) - 1be30185-a2c0-4461-afc0-2cb02fcff473@group-A8B097DE35CC-LeaderElection521: Election REJECTED; received 2 response(s) [1be30185-a2c0-4461-afc0-2cb02fcff473<-e64b81a2-7e97-4a9c-9a90-0d1e8edce3a8#0:FAIL-t59, 1be30185-a2c0-4461-afc0-2cb02fcff473<-d9951c0b-6d6e-4464-b06b-4ef93c20892c#0:FAIL-t59] and 0 exception(s); 1be30185-a2c0-4461-afc0-2cb02fcff473@group-A8B097DE35CC:t59, leader=null, voted=1be30185-a2c0-4461-afc0-2cb02fcff473, raftlog=1be30185-a2c0-4461-afc0-2cb02fcff473@group-A8B097DE35CC-SegmentedRaftLog:OPENED:c-1,f-1,i0, conf=-1: [e64b81a2-7e97-4a9c-9a90-0d1e8edce3a8:192.168.157.254:40074, d9951c0b-6d6e-4464-b06b-4ef93c20892c:192.168.157.254:43622, 1be30185-a2c0-4461-afc0-2cb02fcff473:192.168.157.254:38008], old=null
2019-10-22 00:08:48,913 [1be30185-a2c0-4461-afc0-2cb02fcff473@group-A8B097DE35CC-LeaderElection521] INFO  impl.RaftServerImpl (RaftServerImpl.java:setRole(184)) - 1be30185-a2c0-4461-afc0-2cb02fcff473@group-A8B097DE35CC: changes role from CANDIDATE to FOLLOWER at term 59 for DISCOVERED_A_NEW_TERM
2019-10-22 00:08:48,913 [1be30185-a2c0-4461-afc0-2cb02fcff473@group-A8B097DE35CC-LeaderElection521] INFO  impl.RoleInfo (RoleInfo.java:shutdownLeaderElection(134)) - 1be30185-a2c0-4461-afc0-2cb02fcff473: shutdown LeaderElection
2019-10-22 00:08:48,913 [1be30185-a2c0-4461-afc0-2cb02fcff473@group-A8B097DE35CC-LeaderElection521] INFO  impl.RoleInfo (RoleInfo.java:updateAndGet(143)) - 1be30185-a2c0-4461-afc0-2cb02fcff473: start FollowerState
2019-10-22 00:08:48,952 [Thread-4475] INFO  impl.FollowerState (FollowerState.java:run(108)) - 1be30185-a2c0-4461-afc0-2cb02fcff473@group-A8B097DE35CC-FollowerState: change to CANDIDATE, lastRpcTime:39ms, electionTimeout:39ms
2019-10-22 00:08:48,952 [Thread-4475] INFO  impl.RoleInfo (RoleInfo.java:shutdownFollowerState(121)) - 1be30185-a2c0-4461-afc0-2cb02fcff473: shutdown FollowerState
2019-10-22 00:08:48,952 [Thread-4475] INFO  impl.RaftServerImpl (RaftServerImpl.java:setRole(184)) - 1be30185-a2c0-4461-afc0-2cb02fcff473@group-A8B097DE35CC: changes role from  FOLLOWER to CANDIDATE at term 59 for changeToCandidate
2019-10-22 00:08:48,953 [Thread-4475] INFO  impl.RoleInfo (RoleInfo.java:updateAndGet(143)) - 1be30185-a2c0-4461-afc0-2cb02fcff473: start LeaderElection
2019-10-22 00:08:48,968 [1be30185-a2c0-4461-afc0-2cb02fcff473@group-A8B097DE35CC-LeaderElection522] INFO  impl.LeaderElection (LeaderElection.java:askForVotes(178)) - 1be30185-a2c0-4461-afc0-2cb02fcff473@group-A8B097DE35CC-LeaderElection522: begin an election at term 60 for -1: [e64b81a2-7e97-4a9c-9a90-0d1e8edce3a8:192.168.157.254:40074, d9951c0b-6d6e-4464-b06b-4ef93c20892c:192.168.157.254:43622, 1be30185-a2c0-4461-afc0-2cb02fcff473:192.168.157.254:38008], old=null
2019-10-22 00:08:48,978 [grpc-default-executor-5] INFO  impl.RaftServerImpl (RaftServerImpl.java:setRole(184)) - d9951c0b-6d6e-4464-b06b-4ef93c20892c@group-A8B097DE35CC: changes role from  FOLLOWER to FOLLOWER at term 60 for recognizeCandidate:1be30185-a2c0-4461-afc0-2cb02fcff473
2019-10-22 00:08:48,980 [grpc-default-executor-5] INFO  impl.RoleInfo (RoleInfo.java:shutdownFollowerState(121)) - d9951c0b-6d6e-4464-b06b-4ef93c20892c: shutdown FollowerState
2019-10-22 00:08:48,980 [grpc-default-executor-5] INFO  impl.RoleInfo (RoleInfo.java:updateAndGet(143)) - d9951c0b-6d6e-4464-b06b-4ef93c20892c: start FollowerState
2019-10-22 00:08:48,980 [grpc-default-executor-1] INFO  impl.RaftServerImpl (RaftServerImpl.java:setRole(184)) - e64b81a2-7e97-4a9c-9a90-0d1e8edce3a8@group-A8B097DE35CC: changes role from  FOLLOWER to FOLLOWER at term 60 for recognizeCandidate:1be30185-a2c0-4461-afc0-2cb02fcff473
2019-10-22 00:08:48,980 [Thread-4474] INFO  impl.FollowerState (FollowerState.java:run(117)) - d9951c0b-6d6e-4464-b06b-4ef93c20892c@group-A8B097DE35CC-FollowerState was interrupted: java.lang.InterruptedException: sleep interrupted
2019-10-22 00:08:48,980 [grpc-default-executor-1] INFO  impl.RoleInfo (RoleInfo.java:shutdownFollowerState(121)) - e64b81a2-7e97-4a9c-9a90-0d1e8edce3a8: shutdown FollowerState
2019-10-22 00:08:48,981 [grpc-default-executor-1] INFO  impl.RoleInfo (RoleInfo.java:updateAndGet(143)) - e64b81a2-7e97-4a9c-9a90-0d1e8edce3a8: start FollowerState
2019-10-22 00:08:48,981 [Thread-4473] INFO  impl.FollowerState (FollowerState.java:run(117)) - e64b81a2-7e97-4a9c-9a90-0d1e8edce3a8@group-A8B097DE35CC-FollowerState was interrupted: java.lang.InterruptedException: sleep interrupted
2019-10-22 00:08:48,996 [1be30185-a2c0-4461-afc0-2cb02fcff473@group-A8B097DE35CC-LeaderElection522] INFO  impl.LeaderElection (LeaderElection.java:logAndReturn(56)) - 1be30185-a2c0-4461-afc0-2cb02fcff473@group-A8B097DE35CC-LeaderElection522: Election REJECTED; received 2 response(s) [1be30185-a2c0-4461-afc0-2cb02fcff473<-e64b81a2-7e97-4a9c-9a90-0d1e8edce3a8#0:FAIL-t60, 1be30185-a2c0-4461-afc0-2cb02fcff473<-d9951c0b-6d6e-4464-b06b-4ef93c20892c#0:FAIL-t60] and 0 exception(s); 1be30185-a2c0-4461-afc0-2cb02fcff473@group-A8B097DE35CC:t60, leader=null, voted=1be30185-a2c0-4461-afc0-2cb02fcff473, raftlog=1be30185-a2c0-4461-afc0-2cb02fcff473@group-A8B097DE35CC-SegmentedRaftLog:OPENED:c-1,f-1,i0, conf=-1: [e64b81a2-7e97-4a9c-9a90-0d1e8edce3a8:192.168.157.254:40074, d9951c0b-6d6e-4464-b06b-4ef93c20892c:192.168.157.254:43622, 1be30185-a2c0-4461-afc0-2cb02fcff473:192.168.157.254:38008], old=null
2019-10-22 00:08:48,997 [1be30185-a2c0-4461-afc0-2cb02fcff473@group-A8B097DE35CC-LeaderElection522] INFO  impl.RaftServerImpl (RaftServerImpl.java:setRole(184)) - 1be30185-a2c0-4461-afc0-2cb02fcff473@group-A8B097DE35CC: changes role from CANDIDATE to FOLLOWER at term 60 for DISCOVERED_A_NEW_TERM
2019-10-22 00:08:48,997 [1be30185-a2c0-4461-afc0-2cb02fcff473@group-A8B097DE35CC-LeaderElection522] INFO  impl.RoleInfo (RoleInfo.java:shutdownLeaderElection(134)) - 1be30185-a2c0-4461-afc0-2cb02fcff473: shutdown LeaderElection
2019-10-22 00:08:48,997 [1be30185-a2c0-4461-afc0-2cb02fcff473@group-A8B097DE35CC-LeaderElection522] INFO  impl.RoleInfo (RoleInfo.java:updateAndGet(143)) - 1be30185-a2c0-4461-afc0-2cb02fcff473: start FollowerState
2019-10-22 00:08:49,066 [Thread-4487] INFO  impl.FollowerState (FollowerState.java:run(108)) - 1be30185-a2c0-4461-afc0-2cb02fcff473@group-A8B097DE35CC-FollowerState: change to CANDIDATE, lastRpcTime:69ms, electionTimeout:69ms
2019-10-22 00:08:49,066 [Thread-4487] INFO  impl.RoleInfo (RoleInfo.java:shutdownFollowerState(121)) - 1be30185-a2c0-4461-afc0-2cb02fcff473: shutdown FollowerState
2019-10-22 00:08:49,066 [Thread-4487] INFO  impl.RaftServerImpl (RaftServerImpl.java:setRole(184)) - 1be30185-a2c0-4461-afc0-2cb02fcff473@group-A8B097DE35CC: changes role from  FOLLOWER to CANDIDATE at term 60 for changeToCandidate
2019-10-22 00:08:49,067 [Thread-4487] INFO  impl.RoleInfo (RoleInfo.java:updateAndGet(143)) - 1be30185-a2c0-4461-afc0-2cb02fcff473: start LeaderElection
2019-10-22 00:08:49,080 [1be30185-a2c0-4461-afc0-2cb02fcff473@group-A8B097DE35CC-LeaderElection523] INFO  impl.LeaderElection (LeaderElection.java:askForVotes(178)) - 1be30185-a2c0-4461-afc0-2cb02fcff473@group-A8B097DE35CC-LeaderElection523: begin an election at term 61 for -1: [e64b81a2-7e97-4a9c-9a90-0d1e8edce3a8:192.168.157.254:40074, d9951c0b-6d6e-4464-b06b-4ef93c20892c:192.168.157.254:43622, 1be30185-a2c0-4461-afc0-2cb02fcff473:192.168.157.254:38008], old=null
2019-10-22 00:08:49,082 [grpc-default-executor-1] INFO  impl.RaftServerImpl (RaftServerImpl.java:setRole(184)) - e64b81a2-7e97-4a9c-9a90-0d1e8edce3a8@group-A8B097DE35CC: changes role from  FOLLOWER to FOLLOWER at term 61 for recognizeCandidate:1be30185-a2c0-4461-afc0-2cb02fcff473
2019-10-22 00:08:49,082 [grpc-default-executor-5] INFO  impl.RaftServerImpl (RaftServerImpl.java:setRole(184)) - d9951c0b-6d6e-4464-b06b-4ef93c20892c@group-A8B097DE35CC: changes role from  FOLLOWER to FOLLOWER at term 61 for recognizeCandidate:1be30185-a2c0-4461-afc0-2cb02fcff473
2019-10-22 00:08:49,082 [grpc-default-executor-5] INFO  impl.RoleInfo (RoleInfo.java:shutdownFollowerState(121)) - d9951c0b-6d6e-4464-b06b-4ef93c20892c: shutdown FollowerState
2019-10-22 00:08:49,082 [grpc-default-executor-1] INFO  impl.RoleInfo (RoleInfo.java:shutdownFollowerState(121)) - e64b81a2-7e97-4a9c-9a90-0d1e8edce3a8: shutdown FollowerState
2019-10-22 00:08:49,082 [Thread-4485] INFO  impl.FollowerState (FollowerState.java:run(117)) - d9951c0b-6d6e-4464-b06b-4ef93c20892c@group-A8B097DE35CC-FollowerState was interrupted: java.lang.InterruptedException: sleep interrupted
2019-10-22 00:08:49,082 [grpc-default-executor-5] INFO  impl.RoleInfo (RoleInfo.java:updateAndGet(143)) - d9951c0b-6d6e-4464-b06b-4ef93c20892c: start FollowerState
2019-10-22 00:08:49,082 [Thread-4486] INFO  impl.FollowerState (FollowerState.java:run(117)) - e64b81a2-7e97-4a9c-9a90-0d1e8edce3a8@group-A8B097DE35CC-FollowerState was interrupted: java.lang.InterruptedException: sleep interrupted
2019-10-22 00:08:49,082 [grpc-default-executor-1] INFO  impl.RoleInfo (RoleInfo.java:updateAndGet(143)) - e64b81a2-7e97-4a9c-9a90-0d1e8edce3a8: start FollowerState
2019-10-22 00:08:49,108 [1be30185-a2c0-4461-afc0-2cb02fcff473@group-A8B097DE35CC-LeaderElection523] INFO  impl.LeaderElection (LeaderElection.java:logAndReturn(56)) - 1be30185-a2c0-4461-afc0-2cb02fcff473@group-A8B097DE35CC-LeaderElection523: Election REJECTED; received 2 response(s) [1be30185-a2c0-4461-afc0-2cb02fcff473<-e64b81a2-7e97-4a9c-9a90-0d1e8edce3a8#0:FAIL-t61, 1be30185-a2c0-4461-afc0-2cb02fcff473<-d9951c0b-6d6e-4464-b06b-4ef93c20892c#0:FAIL-t61] and 0 exception(s); 1be30185-a2c0-4461-afc0-2cb02fcff473@group-A8B097DE35CC:t61, leader=null, voted=1be30185-a2c0-4461-afc0-2cb02fcff473, raftlog=1be30185-a2c0-4461-afc0-2cb02fcff473@group-A8B097DE35CC-SegmentedRaftLog:OPENED:c-1,f-1,i0, conf=-1: [e64b81a2-7e97-4a9c-9a90-0d1e8edce3a8:192.168.157.254:40074, d9951c0b-6d6e-4464-b06b-4ef93c20892c:192.168.157.254:43622, 1be30185-a2c0-4461-afc0-2cb02fcff473:192.168.157.254:38008], old=null
2019-10-22 00:08:49,108 [1be30185-a2c0-4461-afc0-2cb02fcff473@group-A8B097DE35CC-LeaderElection523] INFO  impl.RaftServerImpl (RaftServerImpl.java:setRole(184)) - 1be30185-a2c0-4461-afc0-2cb02fcff473@group-A8B097DE35CC: changes role from CANDIDATE to FOLLOWER at term 61 for DISCOVERED_A_NEW_TERM
2019-10-22 00:08:49,108 [1be30185-a2c0-4461-afc0-2cb02fcff473@group-A8B097DE35CC-LeaderElection523] INFO  impl.RoleInfo (RoleInfo.java:shutdownLeaderElection(134)) - 1be30185-a2c0-4461-afc0-2cb02fcff473: shutdown LeaderElection
2019-10-22 00:08:49,108 [1be30185-a2c0-4461-afc0-2cb02fcff473@group-A8B097DE35CC-LeaderElection523] INFO  impl.RoleInfo (RoleInfo.java:updateAndGet(143)) - 1be30185-a2c0-4461-afc0-2cb02fcff473: start FollowerState
2019-10-22 00:08:49,276 [Thread-4493] INFO  impl.FollowerState (FollowerState.java:run(108)) - 1be30185-a2c0-4461-afc0-2cb02fcff473@group-A8B097DE35CC-FollowerState: change to CANDIDATE, lastRpcTime:167ms, electionTimeout:167ms
2019-10-22 00:08:49,276 [Thread-4493] INFO  impl.RoleInfo (RoleInfo.java:shutdownFollowerState(121)) - 1be30185-a2c0-4461-afc0-2cb02fcff473: shutdown FollowerState
2019-10-22 00:08:49,276 [Thread-4493] INFO  impl.RaftServerImpl (RaftServerImpl.java:setRole(184)) - 1be30185-a2c0-4461-afc0-2cb02fcff473@group-A8B097DE35CC: changes role from  FOLLOWER to CANDIDATE at term 61 for changeToCandidate
2019-10-22 00:08:49,276 [Thread-4493] INFO  impl.RoleInfo (RoleInfo.java:updateAndGet(143)) - 1be30185-a2c0-4461-afc0-2cb02fcff473: start LeaderElection
2019-10-22 00:08:49,289 [1be30185-a2c0-4461-afc0-2cb02fcff473@group-A8B097DE35CC-LeaderElection524] INFO  impl.LeaderElection (LeaderElection.java:askForVotes(178)) - 1be30185-a2c0-4461-afc0-2cb02fcff473@group-A8B097DE35CC-LeaderElection524: begin an election at term 62 for -1: [e64b81a2-7e97-4a9c-9a90-0d1e8edce3a8:192.168.157.254:40074, d9951c0b-6d6e-4464-b06b-4ef93c20892c:192.168.157.254:43622, 1be30185-a2c0-4461-afc0-2cb02fcff473:192.168.157.254:38008], old=null
2019-10-22 00:08:49,291 [grpc-default-executor-5] INFO  impl.RaftServerImpl (RaftServerImpl.java:setRole(184)) - e64b81a2-7e97-4a9c-9a90-0d1e8edce3a8@group-A8B097DE35CC: changes role from  FOLLOWER to FOLLOWER at term 62 for recognizeCandidate:1be30185-a2c0-4461-afc0-2cb02fcff473
2019-10-22 00:08:49,291 [grpc-default-executor-5] INFO  impl.RoleInfo (RoleInfo.java:shutdownFollowerState(121)) - e64b81a2-7e97-4a9c-9a90-0d1e8edce3a8: shutdown FollowerState
2019-10-22 00:08:49,291 [grpc-default-executor-1] INFO  impl.RaftServerImpl (RaftServerImpl.java:setRole(184)) - d9951c0b-6d6e-4464-b06b-4ef93c20892c@group-A8B097DE35CC: changes role from  FOLLOWER to FOLLOWER at term 62 for recognizeCandidate:1be30185-a2c0-4461-afc0-2cb02fcff473
2019-10-22 00:08:49,291 [Thread-4492] INFO  impl.FollowerState (FollowerState.java:run(117)) - e64b81a2-7e97-4a9c-9a90-0d1e8edce3a8@group-A8B097DE35CC-FollowerState was interrupted: java.lang.InterruptedException: sleep interrupted
2019-10-22 00:08:49,291 [grpc-default-executor-5] INFO  impl.RoleInfo (RoleInfo.java:updateAndGet(143)) - e64b81a2-7e97-4a9c-9a90-0d1e8edce3a8: start FollowerState
2019-10-22 00:08:49,291 [grpc-default-executor-1] INFO  impl.RoleInfo (RoleInfo.java:shutdownFollowerState(121)) - d9951c0b-6d6e-4464-b06b-4ef93c20892c: shutdown FollowerState
2019-10-22 00:08:49,291 [Thread-4491] INFO  impl.FollowerState (FollowerState.java:run(117)) - d9951c0b-6d6e-4464-b06b-4ef93c20892c@group-A8B097DE35CC-FollowerState was interrupted: java.lang.InterruptedException: sleep interrupted
2019-10-22 00:08:49,291 [grpc-default-executor-1] INFO  impl.RoleInfo (RoleInfo.java:updateAndGet(143)) - d9951c0b-6d6e-4464-b06b-4ef93c20892c: start FollowerState
2019-10-22 00:08:49,307 [1be30185-a2c0-4461-afc0-2cb02fcff473@group-A8B097DE35CC-LeaderElection524] INFO  impl.LeaderElection (LeaderElection.java:logAndReturn(56)) - 1be30185-a2c0-4461-afc0-2cb02fcff473@group-A8B097DE35CC-LeaderElection524: Election TIMEOUT; received 0 response(s) [] and 0 exception(s); 1be30185-a2c0-4461-afc0-2cb02fcff473@group-A8B097DE35CC:t62, leader=null, voted=1be30185-a2c0-4461-afc0-2cb02fcff473, raftlog=1be30185-a2c0-4461-afc0-2cb02fcff473@group-A8B097DE35CC-SegmentedRaftLog:OPENED:c-1,f-1,i0, conf=-1: [e64b81a2-7e97-4a9c-9a90-0d1e8edce3a8:192.168.157.254:40074, d9951c0b-6d6e-4464-b06b-4ef93c20892c:192.168.157.254:43622, 1be30185-a2c0-4461-afc0-2cb02fcff473:192.168.157.254:38008], old=null
2019-10-22 00:08:49,310 [1be30185-a2c0-4461-afc0-2cb02fcff473@group-A8B097DE35CC-LeaderElection524] INFO  impl.LeaderElection (LeaderElection.java:askForVotes(178)) - 1be30185-a2c0-4461-afc0-2cb02fcff473@group-A8B097DE35CC-LeaderElection524: begin an election at term 63 for -1: [e64b81a2-7e97-4a9c-9a90-0d1e8edce3a8:192.168.157.254:40074, d9951c0b-6d6e-4464-b06b-4ef93c20892c:192.168.157.254:43622, 1be30185-a2c0-4461-afc0-2cb02fcff473:192.168.157.254:38008], old=null
2019-10-22 00:08:49,311 [grpc-default-executor-1] INFO  impl.RaftServerImpl (RaftServerImpl.java:setRole(184)) - e64b81a2-7e97-4a9c-9a90-0d1e8edce3a8@group-A8B097DE35CC: changes role from  FOLLOWER to FOLLOWER at term 63 for recognizeCandidate:1be30185-a2c0-4461-afc0-2cb02fcff473
2019-10-22 00:08:49,311 [grpc-default-executor-1] INFO  impl.RoleInfo (RoleInfo.java:shutdownFollowerState(121)) - e64b81a2-7e97-4a9c-9a90-0d1e8edce3a8: shutdown FollowerState
2019-10-22 00:08:49,311 [grpc-default-executor-5] INFO  impl.RaftServerImpl (RaftServerImpl.java:setRole(184)) - d9951c0b-6d6e-4464-b06b-4ef93c20892c@group-A8B097DE35CC: changes role from  FOLLOWER to FOLLOWER at term 63 for recognizeCandidate:1be30185-a2c0-4461-afc0-2cb02fcff473
2019-10-22 00:08:49,311 [Thread-4497] INFO  impl.FollowerState (FollowerState.java:run(117)) - e64b81a2-7e97-4a9c-9a90-0d1e8edce3a8@group-A8B097DE35CC-FollowerState was interrupted: java.lang.InterruptedException: sleep interrupted
2019-10-22 00:08:49,311 [grpc-default-executor-5] INFO  impl.RoleInfo (RoleInfo.java:shutdownFollowerState(121)) - d9951c0b-6d6e-4464-b06b-4ef93c20892c: shutdown FollowerState
2019-10-22 00:08:49,311 [grpc-default-executor-1] INFO  impl.RoleInfo (RoleInfo.java:updateAndGet(143)) - e64b81a2-7e97-4a9c-9a90-0d1e8edce3a8: start FollowerState
2019-10-22 00:08:49,311 [Thread-4498] INFO  impl.FollowerState (FollowerState.java:run(117)) - d9951c0b-6d6e-4464-b06b-4ef93c20892c@group-A8B097DE35CC-FollowerState was interrupted: java.lang.InterruptedException: sleep interrupted
2019-10-22 00:08:49,311 [grpc-default-executor-5] INFO  impl.RoleInfo (RoleInfo.java:updateAndGet(143)) - d9951c0b-6d6e-4464-b06b-4ef93c20892c: start FollowerState
2019-10-22 00:08:49,345 [1be30185-a2c0-4461-afc0-2cb02fcff473@group-A8B097DE35CC-LeaderElection524] INFO  impl.LeaderElection (LeaderElection.java:logAndReturn(56)) - 1be30185-a2c0-4461-afc0-2cb02fcff473@group-A8B097DE35CC-LeaderElection524: Election TIMEOUT; received 0 response(s) [] and 0 exception(s); 1be30185-a2c0-4461-afc0-2cb02fcff473@group-A8B097DE35CC:t63, leader=null, voted=1be30185-a2c0-4461-afc0-2cb02fcff473, raftlog=1be30185-a2c0-4461-afc0-2cb02fcff473@group-A8B097DE35CC-SegmentedRaftLog:OPENED:c-1,f-1,i0, conf=-1: [e64b81a2-7e97-4a9c-9a90-0d1e8edce3a8:192.168.157.254:40074, d9951c0b-6d6e-4464-b06b-4ef93c20892c:192.168.157.254:43622, 1be30185-a2c0-4461-afc0-2cb02fcff473:192.168.157.254:38008], old=null
2019-10-22 00:08:49,360 [1be30185-a2c0-4461-afc0-2cb02fcff473@group-A8B097DE35CC-LeaderElection524] INFO  impl.LeaderElection (LeaderElection.java:askForVotes(178)) - 1be30185-a2c0-4461-afc0-2cb02fcff473@group-A8B097DE35CC-LeaderElection524: begin an election at term 64 for -1: [e64b81a2-7e97-4a9c-9a90-0d1e8edce3a8:192.168.157.254:40074, d9951c0b-6d6e-4464-b06b-4ef93c20892c:192.168.157.254:43622, 1be30185-a2c0-4461-afc0-2cb02fcff473:192.168.157.254:38008], old=null
2019-10-22 00:08:49,361 [grpc-default-executor-5] INFO  impl.RaftServerImpl (RaftServerImpl.java:setRole(184)) - e64b81a2-7e97-4a9c-9a90-0d1e8edce3a8@group-A8B097DE35CC: changes role from  FOLLOWER to FOLLOWER at term 64 for recognizeCandidate:1be30185-a2c0-4461-afc0-2cb02fcff473
2019-10-22 00:08:49,361 [grpc-default-executor-1] INFO  impl.RaftServerImpl (RaftServerImpl.java:setRole(184)) - d9951c0b-6d6e-4464-b06b-4ef93c20892c@group-A8B097DE35CC: changes role from  FOLLOWER to FOLLOWER at term 64 for recognizeCandidate:1be30185-a2c0-4461-afc0-2cb02fcff473
2019-10-22 00:08:49,361 [grpc-default-executor-1] INFO  impl.RoleInfo (RoleInfo.java:shutdownFollowerState(121)) - d9951c0b-6d6e-4464-b06b-4ef93c20892c: shutdown FollowerState
2019-10-22 00:08:49,361 [grpc-default-executor-5] INFO  impl.RoleInfo (RoleInfo.java:shutdownFollowerState(121)) - e64b81a2-7e97-4a9c-9a90-0d1e8edce3a8: shutdown FollowerState
2019-10-22 00:08:49,362 [grpc-default-executor-5] INFO  impl.RoleInfo (RoleInfo.java:updateAndGet(143)) - e64b81a2-7e97-4a9c-9a90-0d1e8edce3a8: start FollowerState
2019-10-22 00:08:49,362 [Thread-4502] INFO  impl.FollowerState (FollowerState.java:run(117)) - d9951c0b-6d6e-4464-b06b-4ef93c20892c@group-A8B097DE35CC-FollowerState was interrupted: java.lang.InterruptedException: sleep interrupted
2019-10-22 00:08:49,362 [grpc-default-executor-1] INFO  impl.RoleInfo (RoleInfo.java:updateAndGet(143)) - d9951c0b-6d6e-4464-b06b-4ef93c20892c: start FollowerState
2019-10-22 00:08:49,362 [Thread-4501] INFO  impl.FollowerState (FollowerState.java:run(117)) - e64b81a2-7e97-4a9c-9a90-0d1e8edce3a8@group-A8B097DE35CC-FollowerState was interrupted: java.lang.InterruptedException: sleep interrupted
2019-10-22 00:08:49,375 [1be30185-a2c0-4461-afc0-2cb02fcff473@group-A8B097DE35CC-LeaderElection524] INFO  impl.LeaderElection (LeaderElection.java:logAndReturn(56)) - 1be30185-a2c0-4461-afc0-2cb02fcff473@group-A8B097DE35CC-LeaderElection524: Election REJECTED; received 2 response(s) [1be30185-a2c0-4461-afc0-2cb02fcff473<-e64b81a2-7e97-4a9c-9a90-0d1e8edce3a8#0:FAIL-t64, 1be30185-a2c0-4461-afc0-2cb02fcff473<-d9951c0b-6d6e-4464-b06b-4ef93c20892c#0:FAIL-t64] and 0 exception(s); 1be30185-a2c0-4461-afc0-2cb02fcff473@group-A8B097DE35CC:t64, leader=null, voted=1be30185-a2c0-4461-afc0-2cb02fcff473, raftlog=1be30185-a2c0-4461-afc0-2cb02fcff473@group-A8B097DE35CC-SegmentedRaftLog:OPENED:c-1,f-1,i0, conf=-1: [e64b81a2-7e97-4a9c-9a90-0d1e8edce3a8:192.168.157.254:40074, d9951c0b-6d6e-4464-b06b-4ef93c20892c:192.168.157.254:43622, 1be30185-a2c0-4461-afc0-2cb02fcff473:192.168.157.254:38008], old=null
2019-10-22 00:08:49,375 [1be30185-a2c0-4461-afc0-2cb02fcff473@group-A8B097DE35CC-LeaderElection524] INFO  impl.RaftServerImpl (RaftServerImpl.java:setRole(184)) - 1be30185-a2c0-4461-afc0-2cb02fcff473@group-A8B097DE35CC: changes role from CANDIDATE to FOLLOWER at term 64 for DISCOVERED_A_NEW_TERM
2019-10-22 00:08:49,376 [1be30185-a2c0-4461-afc0-2cb02fcff473@group-A8B097DE35CC-LeaderElection524] INFO  impl.RoleInfo (RoleInfo.java:shutdownLeaderElection(134)) - 1be30185-a2c0-4461-afc0-2cb02fcff473: shutdown LeaderElection
2019-10-22 00:08:49,376 [1be30185-a2c0-4461-afc0-2cb02fcff473@group-A8B097DE35CC-LeaderElection524] INFO  impl.RoleInfo (RoleInfo.java:updateAndGet(143)) - 1be30185-a2c0-4461-afc0-2cb02fcff473: start FollowerState
2019-10-22 00:08:49,430 [Thread-4507] INFO  impl.FollowerState (FollowerState.java:run(108)) - 1be30185-a2c0-4461-afc0-2cb02fcff473@group-A8B097DE35CC-FollowerState: change to CANDIDATE, lastRpcTime:54ms, electionTimeout:54ms
2019-10-22 00:08:49,430 [Thread-4507] INFO  impl.RoleInfo (RoleInfo.java:shutdownFollowerState(121)) - 1be30185-a2c0-4461-afc0-2cb02fcff473: shutdown FollowerState
2019-10-22 00:08:49,430 [Thread-4507] INFO  impl.RaftServerImpl (RaftServerImpl.java:setRole(184)) - 1be30185-a2c0-4461-afc0-2cb02fcff473@group-A8B097DE35CC: changes role from  FOLLOWER to CANDIDATE at term 64 for changeToCandidate
2019-10-22 00:08:49,430 [Thread-4507] INFO  impl.RoleInfo (RoleInfo.java:updateAndGet(143)) - 1be30185-a2c0-4461-afc0-2cb02fcff473: start LeaderElection
2019-10-22 00:08:49,443 [1be30185-a2c0-4461-afc0-2cb02fcff473@group-A8B097DE35CC-LeaderElection525] INFO  impl.LeaderElection (LeaderElection.java:askForVotes(178)) - 1be30185-a2c0-4461-afc0-2cb02fcff473@group-A8B097DE35CC-LeaderElection525: begin an election at term 65 for -1: [e64b81a2-7e97-4a9c-9a90-0d1e8edce3a8:192.168.157.254:40074, d9951c0b-6d6e-4464-b06b-4ef93c20892c:192.168.157.254:43622, 1be30185-a2c0-4461-afc0-2cb02fcff473:192.168.157.254:38008], old=null
2019-10-22 00:08:49,444 [grpc-default-executor-5] INFO  impl.RaftServerImpl (RaftServerImpl.java:setRole(184)) - e64b81a2-7e97-4a9c-9a90-0d1e8edce3a8@group-A8B097DE35CC: changes role from  FOLLOWER to FOLLOWER at term 65 for recognizeCandidate:1be30185-a2c0-4461-afc0-2cb02fcff473
2019-10-22 00:08:49,444 [grpc-default-executor-1] INFO  impl.RaftServerImpl (RaftServerImpl.java:setRole(184)) - d9951c0b-6d6e-4464-b06b-4ef93c20892c@group-A8B097DE35CC: changes role from  FOLLOWER to FOLLOWER at term 65 for recognizeCandidate:1be30185-a2c0-4461-afc0-2cb02fcff473
2019-10-22 00:08:49,445 [grpc-default-executor-5] INFO  impl.RoleInfo (RoleInfo.java:shutdownFollowerState(121)) - e64b81a2-7e97-4a9c-9a90-0d1e8edce3a8: shutdown FollowerState
2019-10-22 00:08:49,445 [grpc-default-executor-1] INFO  impl.RoleInfo (RoleInfo.java:shutdownFollowerState(121)) - d9951c0b-6d6e-4464-b06b-4ef93c20892c: shutdown FollowerState
2019-10-22 00:08:49,445 [Thread-4506] INFO  impl.FollowerState (FollowerState.java:run(117)) - e64b81a2-7e97-4a9c-9a90-0d1e8edce3a8@group-A8B097DE35CC-FollowerState was interrupted: java.lang.InterruptedException: sleep interrupted
2019-10-22 00:08:49,445 [grpc-default-executor-5] INFO  impl.RoleInfo (RoleInfo.java:updateAndGet(143)) - e64b81a2-7e97-4a9c-9a90-0d1e8edce3a8: start FollowerState
2019-10-22 00:08:49,445 [Thread-4505] INFO  impl.FollowerState (FollowerState.java:run(117)) - d9951c0b-6d6e-4464-b06b-4ef93c20892c@group-A8B097DE35CC-FollowerState was interrupted: java.lang.InterruptedException: sleep interrupted
2019-10-22 00:08:49,445 [grpc-default-executor-1] INFO  impl.RoleInfo (RoleInfo.java:updateAndGet(143)) - d9951c0b-6d6e-4464-b06b-4ef93c20892c: start FollowerState
2019-10-22 00:08:49,460 [1be30185-a2c0-4461-afc0-2cb02fcff473@group-A8B097DE35CC-LeaderElection525] INFO  impl.LeaderElection (LeaderElection.java:logAndReturn(56)) - 1be30185-a2c0-4461-afc0-2cb02fcff473@group-A8B097DE35CC-LeaderElection525: Election REJECTED; received 2 response(s) [1be30185-a2c0-4461-afc0-2cb02fcff473<-e64b81a2-7e97-4a9c-9a90-0d1e8edce3a8#0:FAIL-t65, 1be30185-a2c0-4461-afc0-2cb02fcff473<-d9951c0b-6d6e-4464-b06b-4ef93c20892c#0:FAIL-t65] and 0 exception(s); 1be30185-a2c0-4461-afc0-2cb02fcff473@group-A8B097DE35CC:t65, leader=null, voted=1be30185-a2c0-4461-afc0-2cb02fcff473, raftlog=1be30185-a2c0-4461-afc0-2cb02fcff473@group-A8B097DE35CC-SegmentedRaftLog:OPENED:c-1,f-1,i0, conf=-1: [e64b81a2-7e97-4a9c-9a90-0d1e8edce3a8:192.168.157.254:40074, d9951c0b-6d6e-4464-b06b-4ef93c20892c:192.168.157.254:43622, 1be30185-a2c0-4461-afc0-2cb02fcff473:192.168.157.254:38008], old=null
2019-10-22 00:08:49,460 [1be30185-a2c0-4461-afc0-2cb02fcff473@group-A8B097DE35CC-LeaderElection525] INFO  impl.RaftServerImpl (RaftServerImpl.java:setRole(184)) - 1be30185-a2c0-4461-afc0-2cb02fcff473@group-A8B097DE35CC: changes role from CANDIDATE to FOLLOWER at term 65 for DISCOVERED_A_NEW_TERM
2019-10-22 00:08:49,460 [1be30185-a2c0-4461-afc0-2cb02fcff473@group-A8B097DE35CC-LeaderElection525] INFO  impl.RoleInfo (RoleInfo.java:shutdownLeaderElection(134)) - 1be30185-a2c0-4461-afc0-2cb02fcff473: shutdown LeaderElection
2019-10-22 00:08:49,461 [1be30185-a2c0-4461-afc0-2cb02fcff473@group-A8B097DE35CC-LeaderElection525] INFO  impl.RoleInfo (RoleInfo.java:updateAndGet(143)) - 1be30185-a2c0-4461-afc0-2cb02fcff473: start FollowerState
2019-10-22 00:08:49,601 [Thread-4516] INFO  impl.FollowerState (FollowerState.java:run(108)) - 1be30185-a2c0-4461-afc0-2cb02fcff473@group-A8B097DE35CC-FollowerState: change to CANDIDATE, lastRpcTime:140ms, electionTimeout:139ms
2019-10-22 00:08:49,601 [Thread-4516] INFO  impl.RoleInfo (RoleInfo.java:shutdownFollowerState(121)) - 1be30185-a2c0-4461-afc0-2cb02fcff473: shutdown FollowerState
2019-10-22 00:08:49,601 [Thread-4516] INFO  impl.RaftServerImpl (RaftServerImpl.java:setRole(184)) - 1be30185-a2c0-4461-afc0-2cb02fcff473@group-A8B097DE35CC: changes role from  FOLLOWER to CANDIDATE at term 65 for changeToCandidate
2019-10-22 00:08:49,601 [Thread-4516] INFO  impl.RoleInfo (RoleInfo.java:updateAndGet(143)) - 1be30185-a2c0-4461-afc0-2cb02fcff473: start LeaderElection
2019-10-22 00:08:49,606 [1be30185-a2c0-4461-afc0-2cb02fcff473@group-A8B097DE35CC-LeaderElection526] INFO  impl.LeaderElection (LeaderElection.java:askForVotes(178)) - 1be30185-a2c0-4461-afc0-2cb02fcff473@group-A8B097DE35CC-LeaderElection526: begin an election at term 66 for -1: [e64b81a2-7e97-4a9c-9a90-0d1e8edce3a8:192.168.157.254:40074, d9951c0b-6d6e-4464-b06b-4ef93c20892c:192.168.157.254:43622, 1be30185-a2c0-4461-afc0-2cb02fcff473:192.168.157.254:38008], old=null
2019-10-22 00:08:49,607 [grpc-default-executor-5] INFO  impl.RaftServerImpl (RaftServerImpl.java:setRole(184)) - d9951c0b-6d6e-4464-b06b-4ef93c20892c@group-A8B097DE35CC: changes role from  FOLLOWER to FOLLOWER at term 66 for recognizeCandidate:1be30185-a2c0-4461-afc0-2cb02fcff473
2019-10-22 00:08:49,607 [grpc-default-executor-3] INFO  impl.RaftServerImpl (RaftServerImpl.java:setRole(184)) - e64b81a2-7e97-4a9c-9a90-0d1e8edce3a8@group-A8B097DE35CC: changes role from  FOLLOWER to FOLLOWER at term 66 for recognizeCandidate:1be30185-a2c0-4461-afc0-2cb02fcff473
2019-10-22 00:08:49,607 [grpc-default-executor-5] INFO  impl.RoleInfo (RoleInfo.java:shutdownFollowerState(121)) - d9951c0b-6d6e-4464-b06b-4ef93c20892c: shutdown FollowerState
2019-10-22 00:08:49,608 [grpc-default-executor-3] INFO  impl.RoleInfo (RoleInfo.java:shutdownFollowerState(121)) - e64b81a2-7e97-4a9c-9a90-0d1e8edce3a8: shutdown FollowerState
2019-10-22 00:08:49,608 [Thread-4512] INFO  impl.FollowerState (FollowerState.java:run(117)) - d9951c0b-6d6e-4464-b06b-4ef93c20892c@group-A8B097DE35CC-FollowerState was interrupted: java.lang.InterruptedException: sleep interrupted
2019-10-22 00:08:49,608 [Thread-4511] INFO  impl.FollowerState (FollowerState.java:run(117)) - e64b81a2-7e97-4a9c-9a90-0d1e8edce3a8@group-A8B097DE35CC-FollowerState was interrupted: java.lang.InterruptedException: sleep interrupted
2019-10-22 00:08:49,608 [grpc-default-executor-5] INFO  impl.RoleInfo (RoleInfo.java:updateAndGet(143)) - d9951c0b-6d6e-4464-b06b-4ef93c20892c: start FollowerState
2019-10-22 00:08:49,608 [grpc-default-executor-3] INFO  impl.RoleInfo (RoleInfo.java:updateAndGet(143)) - e64b81a2-7e97-4a9c-9a90-0d1e8edce3a8: start FollowerState
2019-10-22 00:08:49,620 [1be30185-a2c0-4461-afc0-2cb02fcff473@group-A8B097DE35CC-LeaderElection526] INFO  impl.LeaderElection (LeaderElection.java:logAndReturn(56)) - 1be30185-a2c0-4461-afc0-2cb02fcff473@group-A8B097DE35CC-LeaderElection526: Election TIMEOUT; received 0 response(s) [] and 0 exception(s); 1be30185-a2c0-4461-afc0-2cb02fcff473@group-A8B097DE35CC:t66, leader=null, voted=1be30185-a2c0-4461-afc0-2cb02fcff473, raftlog=1be30185-a2c0-4461-afc0-2cb02fcff473@group-A8B097DE35CC-SegmentedRaftLog:OPENED:c-1,f-1,i0, conf=-1: [e64b81a2-7e97-4a9c-9a90-0d1e8edce3a8:192.168.157.254:40074, d9951c0b-6d6e-4464-b06b-4ef93c20892c:192.168.157.254:43622, 1be30185-a2c0-4461-afc0-2cb02fcff473:192.168.157.254:38008], old=null
2019-10-22 00:08:49,624 [1be30185-a2c0-4461-afc0-2cb02fcff473@group-A8B097DE35CC-LeaderElection526] INFO  impl.LeaderElection (LeaderElection.java:askForVotes(178)) - 1be30185-a2c0-4461-afc0-2cb02fcff473@group-A8B097DE35CC-LeaderElection526: begin an election at term 67 for -1: [e64b81a2-7e97-4a9c-9a90-0d1e8edce3a8:192.168.157.254:40074, d9951c0b-6d6e-4464-b06b-4ef93c20892c:192.168.157.254:43622, 1be30185-a2c0-4461-afc0-2cb02fcff473:192.168.157.254:38008], old=null
2019-10-22 00:08:49,624 [grpc-default-executor-3] INFO  impl.RaftServerImpl (RaftServerImpl.java:setRole(184)) - e64b81a2-7e97-4a9c-9a90-0d1e8edce3a8@group-A8B097DE35CC: changes role from  FOLLOWER to FOLLOWER at term 67 for recognizeCandidate:1be30185-a2c0-4461-afc0-2cb02fcff473
2019-10-22 00:08:49,625 [grpc-default-executor-3] INFO  impl.RoleInfo (RoleInfo.java:shutdownFollowerState(121)) - e64b81a2-7e97-4a9c-9a90-0d1e8edce3a8: shutdown FollowerState
2019-10-22 00:08:49,625 [grpc-default-executor-5] INFO  impl.RaftServerImpl (RaftServerImpl.java:setRole(184)) - d9951c0b-6d6e-4464-b06b-4ef93c20892c@group-A8B097DE35CC: changes role from  FOLLOWER to FOLLOWER at term 67 for recognizeCandidate:1be30185-a2c0-4461-afc0-2cb02fcff473
2019-10-22 00:08:49,625 [grpc-default-executor-5] INFO  impl.RoleInfo (RoleInfo.java:shutdownFollowerState(121)) - d9951c0b-6d6e-4464-b06b-4ef93c20892c: shutdown FollowerState
2019-10-22 00:08:49,625 [Thread-4522] INFO  impl.FollowerState (FollowerState.java:run(117)) - e64b81a2-7e97-4a9c-9a90-0d1e8edce3a8@group-A8B097DE35CC-FollowerState was interrupted: java.lang.InterruptedException: sleep interrupted
2019-10-22 00:08:49,625 [grpc-default-executor-3] INFO  impl.RoleInfo (RoleInfo.java:updateAndGet(143)) - e64b81a2-7e97-4a9c-9a90-0d1e8edce3a8: start FollowerState
2019-10-22 00:08:49,625 [grpc-default-executor-5] INFO  impl.RoleInfo (RoleInfo.java:updateAndGet(143)) - d9951c0b-6d6e-4464-b06b-4ef93c20892c: start FollowerState
2019-10-22 00:08:49,625 [Thread-4521] INFO  impl.FollowerState (FollowerState.java:run(117)) - d9951c0b-6d6e-4464-b06b-4ef93c20892c@group-A8B097DE35CC-FollowerState was interrupted: java.lang.InterruptedException: sleep interrupted
2019-10-22 00:08:49,630 [1be30185-a2c0-4461-afc0-2cb02fcff473@group-A8B097DE35CC-LeaderElection526] INFO  impl.LeaderElection (LeaderElection.java:logAndReturn(56)) - 1be30185-a2c0-4461-afc0-2cb02fcff473@group-A8B097DE35CC-LeaderElection526: Election REJECTED; received 2 response(s) [1be30185-a2c0-4461-afc0-2cb02fcff473<-e64b81a2-7e97-4a9c-9a90-0d1e8edce3a8#0:FAIL-t67, 1be30185-a2c0-4461-afc0-2cb02fcff473<-d9951c0b-6d6e-4464-b06b-4ef93c20892c#0:FAIL-t67] and 0 exception(s); 1be30185-a2c0-4461-afc0-2cb02fcff473@group-A8B097DE35CC:t67, leader=null, voted=1be30185-a2c0-4461-afc0-2cb02fcff473, raftlog=1be30185-a2c0-4461-afc0-2cb02fcff473@group-A8B097DE35CC-SegmentedRaftLog:OPENED:c-1,f-1,i0, conf=-1: [e64b81a2-7e97-4a9c-9a90-0d1e8edce3a8:192.168.157.254:40074, d9951c0b-6d6e-4464-b06b-4ef93c20892c:192.168.157.254:43622, 1be30185-a2c0-4461-afc0-2cb02fcff473:192.168.157.254:38008], old=null
2019-10-22 00:08:49,630 [1be30185-a2c0-4461-afc0-2cb02fcff473@group-A8B097DE35CC-LeaderElection526] INFO  impl.RaftServerImpl (RaftServerImpl.java:setRole(184)) - 1be30185-a2c0-4461-afc0-2cb02fcff473@group-A8B097DE35CC: changes role from CANDIDATE to FOLLOWER at term 67 for DISCOVERED_A_NEW_TERM
2019-10-22 00:08:49,631 [1be30185-a2c0-4461-afc0-2cb02fcff473@group-A8B097DE35CC-LeaderElection526] INFO  impl.RoleInfo (RoleInfo.java:shutdownLeaderElection(134)) - 1be30185-a2c0-4461-afc0-2cb02fcff473: shutdown LeaderElection
2019-10-22 00:08:49,631 [1be30185-a2c0-4461-afc0-2cb02fcff473@group-A8B097DE35CC-LeaderElection526] INFO  impl.RoleInfo (RoleInfo.java:updateAndGet(143)) - 1be30185-a2c0-4461-afc0-2cb02fcff473: start FollowerState
2019-10-22 00:08:49,673 [Thread-4527] INFO  impl.FollowerState (FollowerState.java:run(108)) - 1be30185-a2c0-4461-afc0-2cb02fcff473@group-A8B097DE35CC-FollowerState: change to CANDIDATE, lastRpcTime:42ms, electionTimeout:42ms
2019-10-22 00:08:49,673 [Thread-4527] INFO  impl.RoleInfo (RoleInfo.java:shutdownFollowerState(121)) - 1be30185-a2c0-4461-afc0-2cb02fcff473: shutdown FollowerState
2019-10-22 00:08:49,673 [Thread-4527] INFO  impl.RaftServerImpl (RaftServerImpl.java:setRole(184)) - 1be30185-a2c0-4461-afc0-2cb02fcff473@group-A8B097DE35CC: changes role from  FOLLOWER to CANDIDATE at term 67 for changeToCandidate
2019-10-22 00:08:49,673 [Thread-4527] INFO  impl.RoleInfo (RoleInfo.java:updateAndGet(143)) - 1be30185-a2c0-4461-afc0-2cb02fcff473: start LeaderElection
2019-10-22 00:08:49,686 [1be30185-a2c0-4461-afc0-2cb02fcff473@group-A8B097DE35CC-LeaderElection527] INFO  impl.LeaderElection (LeaderElection.java:askForVotes(178)) - 1be30185-a2c0-4461-afc0-2cb02fcff473@group-A8B097DE35CC-LeaderElection527: begin an election at term 68 for -1: [e64b81a2-7e97-4a9c-9a90-0d1e8edce3a8:192.168.157.254:40074, d9951c0b-6d6e-4464-b06b-4ef93c20892c:192.168.157.254:43622, 1be30185-a2c0-4461-afc0-2cb02fcff473:192.168.157.254:38008], old=null
2019-10-22 00:08:49,688 [grpc-default-executor-5] INFO  impl.RaftServerImpl (RaftServerImpl.java:setRole(184)) - e64b81a2-7e97-4a9c-9a90-0d1e8edce3a8@group-A8B097DE35CC: changes role from  FOLLOWER to FOLLOWER at term 68 for recognizeCandidate:1be30185-a2c0-4461-afc0-2cb02fcff473
2019-10-22 00:08:49,688 [grpc-default-executor-3] INFO  impl.RaftServerImpl (RaftServerImpl.java:setRole(184)) - d9951c0b-6d6e-4464-b06b-4ef93c20892c@group-A8B097DE35CC: changes role from  FOLLOWER to FOLLOWER at term 68 for recognizeCandidate:1be30185-a2c0-4461-afc0-2cb02fcff473
2019-10-22 00:08:49,688 [grpc-default-executor-5] INFO  impl.RoleInfo (RoleInfo.java:shutdownFollowerState(121)) - e64b81a2-7e97-4a9c-9a90-0d1e8edce3a8: shutdown FollowerState
2019-10-22 00:08:49,688 [grpc-default-executor-3] INFO  impl.RoleInfo (RoleInfo.java:shutdownFollowerState(121)) - d9951c0b-6d6e-4464-b06b-4ef93c20892c: shutdown FollowerState
2019-10-22 00:08:49,688 [Thread-4525] INFO  impl.FollowerState (FollowerState.java:run(117)) - e64b81a2-7e97-4a9c-9a90-0d1e8edce3a8@group-A8B097DE35CC-FollowerState was interrupted: java.lang.InterruptedException: sleep interrupted
2019-10-22 00:08:49,688 [grpc-default-executor-5] INFO  impl.RoleInfo (RoleInfo.java:updateAndGet(143)) - e64b81a2-7e97-4a9c-9a90-0d1e8edce3a8: start FollowerState
2019-10-22 00:08:49,688 [grpc-default-executor-3] INFO  impl.RoleInfo (RoleInfo.java:updateAndGet(143)) - d9951c0b-6d6e-4464-b06b-4ef93c20892c: start FollowerState
2019-10-22 00:08:49,688 [Thread-4526] INFO  impl.FollowerState (FollowerState.java:run(117)) - d9951c0b-6d6e-4464-b06b-4ef93c20892c@group-A8B097DE35CC-FollowerState was interrupted: java.lang.InterruptedException: sleep interrupted
2019-10-22 00:08:49,693 [1be30185-a2c0-4461-afc0-2cb02fcff473@group-A8B097DE35CC-LeaderElection527] INFO  impl.LeaderElection (LeaderElection.java:logAndReturn(56)) - 1be30185-a2c0-4461-afc0-2cb02fcff473@group-A8B097DE35CC-LeaderElection527: Election REJECTED; received 2 response(s) [1be30185-a2c0-4461-afc0-2cb02fcff473<-e64b81a2-7e97-4a9c-9a90-0d1e8edce3a8#0:FAIL-t68, 1be30185-a2c0-4461-afc0-2cb02fcff473<-d9951c0b-6d6e-4464-b06b-4ef93c20892c#0:FAIL-t68] and 0 exception(s); 1be30185-a2c0-4461-afc0-2cb02fcff473@group-A8B097DE35CC:t68, leader=null, voted=1be30185-a2c0-4461-afc0-2cb02fcff473, raftlog=1be30185-a2c0-4461-afc0-2cb02fcff473@group-A8B097DE35CC-SegmentedRaftLog:OPENED:c-1,f-1,i0, conf=-1: [e64b81a2-7e97-4a9c-9a90-0d1e8edce3a8:192.168.157.254:40074, d9951c0b-6d6e-4464-b06b-4ef93c20892c:192.168.157.254:43622, 1be30185-a2c0-4461-afc0-2cb02fcff473:192.168.157.254:38008], old=null
2019-10-22 00:08:49,693 [1be30185-a2c0-4461-afc0-2cb02fcff473@group-A8B097DE35CC-LeaderElection527] INFO  impl.RaftServerImpl (RaftServerImpl.java:setRole(184)) - 1be30185-a2c0-4461-afc0-2cb02fcff473@group-A8B097DE35CC: changes role from CANDIDATE to FOLLOWER at term 68 for DISCOVERED_A_NEW_TERM
2019-10-22 00:08:49,693 [1be30185-a2c0-4461-afc0-2cb02fcff473@group-A8B097DE35CC-LeaderElection527] INFO  impl.RoleInfo (RoleInfo.java:shutdownLeaderElection(134)) - 1be30185-a2c0-4461-afc0-2cb02fcff473: shutdown LeaderElection
2019-10-22 00:08:49,693 [1be30185-a2c0-4461-afc0-2cb02fcff473@group-A8B097DE35CC-LeaderElection527] INFO  impl.RoleInfo (RoleInfo.java:updateAndGet(143)) - 1be30185-a2c0-4461-afc0-2cb02fcff473: start FollowerState
2019-10-22 00:08:49,827 [Thread-4533] INFO  impl.FollowerState (FollowerState.java:run(108)) - 1be30185-a2c0-4461-afc0-2cb02fcff473@group-A8B097DE35CC-FollowerState: change to CANDIDATE, lastRpcTime:134ms, electionTimeout:134ms
2019-10-22 00:08:49,827 [Thread-4533] INFO  impl.RoleInfo (RoleInfo.java:shutdownFollowerState(121)) - 1be30185-a2c0-4461-afc0-2cb02fcff473: shutdown FollowerState
2019-10-22 00:08:49,828 [Thread-4533] INFO  impl.RaftServerImpl (RaftServerImpl.java:setRole(184)) - 1be30185-a2c0-4461-afc0-2cb02fcff473@group-A8B097DE35CC: changes role from  FOLLOWER to CANDIDATE at term 68 for changeToCandidate
2019-10-22 00:08:49,828 [Thread-4533] INFO  impl.RoleInfo (RoleInfo.java:updateAndGet(143)) - 1be30185-a2c0-4461-afc0-2cb02fcff473: start LeaderElection
2019-10-22 00:08:49,839 [1be30185-a2c0-4461-afc0-2cb02fcff473@group-A8B097DE35CC-LeaderElection528] INFO  impl.LeaderElection (LeaderElection.java:askForVotes(178)) - 1be30185-a2c0-4461-afc0-2cb02fcff473@group-A8B097DE35CC-LeaderElection528: begin an election at term 69 for -1: [e64b81a2-7e97-4a9c-9a90-0d1e8edce3a8:192.168.157.254:40074, d9951c0b-6d6e-4464-b06b-4ef93c20892c:192.168.157.254:43622, 1be30185-a2c0-4461-afc0-2cb02fcff473:192.168.157.254:38008], old=null
2019-10-22 00:08:49,841 [grpc-default-executor-5] INFO  impl.RaftServerImpl (RaftServerImpl.java:setRole(184)) - d9951c0b-6d6e-4464-b06b-4ef93c20892c@group-A8B097DE35CC: changes role from  FOLLOWER to FOLLOWER at term 69 for recognizeCandidate:1be30185-a2c0-4461-afc0-2cb02fcff473
2019-10-22 00:08:49,841 [grpc-default-executor-3] INFO  impl.RaftServerImpl (RaftServerImpl.java:setRole(184)) - e64b81a2-7e97-4a9c-9a90-0d1e8edce3a8@group-A8B097DE35CC: changes role from  FOLLOWER to FOLLOWER at term 69 for recognizeCandidate:1be30185-a2c0-4461-afc0-2cb02fcff473
2019-10-22 00:08:49,841 [grpc-default-executor-3] INFO  impl.RoleInfo (RoleInfo.java:shutdownFollowerState(121)) - e64b81a2-7e97-4a9c-9a90-0d1e8edce3a8: shutdown FollowerState
2019-10-22 00:08:49,841 [grpc-default-executor-5] INFO  impl.RoleInfo (RoleInfo.java:shutdownFollowerState(121)) - d9951c0b-6d6e-4464-b06b-4ef93c20892c: shutdown FollowerState
2019-10-22 00:08:49,841 [Thread-4531] INFO  impl.FollowerState (FollowerState.java:run(117)) - e64b81a2-7e97-4a9c-9a90-0d1e8edce3a8@group-A8B097DE35CC-FollowerState was interrupted: java.lang.InterruptedException: sleep interrupted
2019-10-22 00:08:49,841 [grpc-default-executor-3] INFO  impl.RoleInfo (RoleInfo.java:updateAndGet(143)) - e64b81a2-7e97-4a9c-9a90-0d1e8edce3a8: start FollowerState
2019-10-22 00:08:49,841 [Thread-4532] INFO  impl.FollowerState (FollowerState.java:run(117)) - d9951c0b-6d6e-4464-b06b-4ef93c20892c@group-A8B097DE35CC-FollowerState was interrupted: java.lang.InterruptedException: sleep interrupted
2019-10-22 00:08:49,841 [grpc-default-executor-5] INFO  impl.RoleInfo (RoleInfo.java:updateAndGet(143)) - d9951c0b-6d6e-4464-b06b-4ef93c20892c: start FollowerState
2019-10-22 00:08:49,861 [1be30185-a2c0-4461-afc0-2cb02fcff473@group-A8B097DE35CC-LeaderElection528] INFO  impl.LeaderElection (LeaderElection.java:logAndReturn(56)) - 1be30185-a2c0-4461-afc0-2cb02fcff473@group-A8B097DE35CC-LeaderElection528: Election REJECTED; received 2 response(s) [1be30185-a2c0-4461-afc0-2cb02fcff473<-e64b81a2-7e97-4a9c-9a90-0d1e8edce3a8#0:FAIL-t69, 1be30185-a2c0-4461-afc0-2cb02fcff473<-d9951c0b-6d6e-4464-b06b-4ef93c20892c#0:FAIL-t69] and 0 exception(s); 1be30185-a2c0-4461-afc0-2cb02fcff473@group-A8B097DE35CC:t69, leader=null, voted=1be30185-a2c0-4461-afc0-2cb02fcff473, raftlog=1be30185-a2c0-4461-afc0-2cb02fcff473@group-A8B097DE35CC-SegmentedRaftLog:OPENED:c-1,f-1,i0, conf=-1: [e64b81a2-7e97-4a9c-9a90-0d1e8edce3a8:192.168.157.254:40074, d9951c0b-6d6e-4464-b06b-4ef93c20892c:192.168.157.254:43622, 1be30185-a2c0-4461-afc0-2cb02fcff473:192.168.157.254:38008], old=null
2019-10-22 00:08:49,861 [1be30185-a2c0-4461-afc0-2cb02fcff473@group-A8B097DE35CC-LeaderElection528] INFO  impl.RaftServerImpl (RaftServerImpl.java:setRole(184)) - 1be30185-a2c0-4461-afc0-2cb02fcff473@group-A8B097DE35CC: changes role from CANDIDATE to FOLLOWER at term 69 for DISCOVERED_A_NEW_TERM
2019-10-22 00:08:49,861 [1be30185-a2c0-4461-afc0-2cb02fcff473@group-A8B097DE35CC-LeaderElection528] INFO  impl.RoleInfo (RoleInfo.java:shutdownLeaderElection(134)) - 1be30185-a2c0-4461-afc0-2cb02fcff473: shutdown LeaderElection
2019-10-22 00:08:49,861 [1be30185-a2c0-4461-afc0-2cb02fcff473@group-A8B097DE35CC-LeaderElection528] INFO  impl.RoleInfo (RoleInfo.java:updateAndGet(143)) - 1be30185-a2c0-4461-afc0-2cb02fcff473: start FollowerState
2019-10-22 00:08:49,940 [Thread-4539] INFO  impl.FollowerState (FollowerState.java:run(108)) - 1be30185-a2c0-4461-afc0-2cb02fcff473@group-A8B097DE35CC-FollowerState: change to CANDIDATE, lastRpcTime:79ms, electionTimeout:79ms
2019-10-22 00:08:49,940 [Thread-4539] INFO  impl.RoleInfo (RoleInfo.java:shutdownFollowerState(121)) - 1be30185-a2c0-4461-afc0-2cb02fcff473: shutdown FollowerState
2019-10-22 00:08:49,941 [Thread-4539] INFO  impl.RaftServerImpl (RaftServerImpl.java:setRole(184)) - 1be30185-a2c0-4461-afc0-2cb02fcff473@group-A8B097DE35CC: changes role from  FOLLOWER to CANDIDATE at term 69 for changeToCandidate
2019-10-22 00:08:49,941 [Thread-4539] INFO  impl.RoleInfo (RoleInfo.java:updateAndGet(143)) - 1be30185-a2c0-4461-afc0-2cb02fcff473: start LeaderElection
2019-10-22 00:08:49,954 [1be30185-a2c0-4461-afc0-2cb02fcff473@group-A8B097DE35CC-LeaderElection529] INFO  impl.LeaderElection (LeaderElection.java:askForVotes(178)) - 1be30185-a2c0-4461-afc0-2cb02fcff473@group-A8B097DE35CC-LeaderElection529: begin an election at term 70 for -1: [e64b81a2-7e97-4a9c-9a90-0d1e8edce3a8:192.168.157.254:40074, d9951c0b-6d6e-4464-b06b-4ef93c20892c:192.168.157.254:43622, 1be30185-a2c0-4461-afc0-2cb02fcff473:192.168.157.254:38008], old=null
2019-10-22 00:08:49,955 [grpc-default-executor-3] INFO  impl.RaftServerImpl (RaftServerImpl.java:setRole(184)) - e64b81a2-7e97-4a9c-9a90-0d1e8edce3a8@group-A8B097DE35CC: changes role from  FOLLOWER to FOLLOWER at term 70 for recognizeCandidate:1be30185-a2c0-4461-afc0-2cb02fcff473
2019-10-22 00:08:49,955 [grpc-default-executor-5] INFO  impl.RaftServerImpl (RaftServerImpl.java:setRole(184)) - d9951c0b-6d6e-4464-b06b-4ef93c20892c@group-A8B097DE35CC: changes role from  FOLLOWER to FOLLOWER at term 70 for recognizeCandidate:1be30185-a2c0-4461-afc0-2cb02fcff473
2019-10-22 00:08:49,955 [grpc-default-executor-3] INFO  impl.RoleInfo (RoleInfo.java:shutdownFollowerState(121)) - e64b81a2-7e97-4a9c-9a90-0d1e8edce3a8: shutdown FollowerState
2019-10-22 00:08:49,955 [grpc-default-executor-5] INFO  impl.RoleInfo (RoleInfo.java:shutdownFollowerState(121)) - d9951c0b-6d6e-4464-b06b-4ef93c20892c: shutdown FollowerState
2019-10-22 00:08:49,955 [Thread-4537] INFO  impl.FollowerState (FollowerState.java:run(117)) - e64b81a2-7e97-4a9c-9a90-0d1e8edce3a8@group-A8B097DE35CC-FollowerState was interrupted: java.lang.InterruptedException: sleep interrupted
2019-10-22 00:08:49,955 [grpc-default-executor-3] INFO  impl.RoleInfo (RoleInfo.java:updateAndGet(143)) - e64b81a2-7e97-4a9c-9a90-0d1e8edce3a8: start FollowerState
2019-10-22 00:08:49,955 [Thread-4538] INFO  impl.FollowerState (FollowerState.java:run(117)) - d9951c0b-6d6e-4464-b06b-4ef93c20892c@group-A8B097DE35CC-FollowerState was interrupted: java.lang.InterruptedException: sleep interrupted
2019-10-22 00:08:49,955 [grpc-default-executor-5] INFO  impl.RoleInfo (RoleInfo.java:updateAndGet(143)) - d9951c0b-6d6e-4464-b06b-4ef93c20892c: start FollowerState
2019-10-22 00:08:49,957 [1be30185-a2c0-4461-afc0-2cb02fcff473@group-A8B097DE35CC-LeaderElection529] INFO  impl.LeaderElection (LeaderElection.java:logAndReturn(56)) - 1be30185-a2c0-4461-afc0-2cb02fcff473@group-A8B097DE35CC-LeaderElection529: Election TIMEOUT; received 0 response(s) [] and 0 exception(s); 1be30185-a2c0-4461-afc0-2cb02fcff473@group-A8B097DE35CC:t70, leader=null, voted=1be30185-a2c0-4461-afc0-2cb02fcff473, raftlog=1be30185-a2c0-4461-afc0-2cb02fcff473@group-A8B097DE35CC-SegmentedRaftLog:OPENED:c-1,f-1,i0, conf=-1: [e64b81a2-7e97-4a9c-9a90-0d1e8edce3a8:192.168.157.254:40074, d9951c0b-6d6e-4464-b06b-4ef93c20892c:192.168.157.254:43622, 1be30185-a2c0-4461-afc0-2cb02fcff473:192.168.157.254:38008], old=null
2019-10-22 00:08:49,985 [1be30185-a2c0-4461-afc0-2cb02fcff473@group-A8B097DE35CC-LeaderElection529] INFO  impl.LeaderElection (LeaderElection.java:askForVotes(178)) - 1be30185-a2c0-4461-afc0-2cb02fcff473@group-A8B097DE35CC-LeaderElection529: begin an election at term 71 for -1: [e64b81a2-7e97-4a9c-9a90-0d1e8edce3a8:192.168.157.254:40074, d9951c0b-6d6e-4464-b06b-4ef93c20892c:192.168.157.254:43622, 1be30185-a2c0-4461-afc0-2cb02fcff473:192.168.157.254:38008], old=null
2019-10-22 00:08:49,987 [grpc-default-executor-5] INFO  impl.RaftServerImpl (RaftServerImpl.java:setRole(184)) - e64b81a2-7e97-4a9c-9a90-0d1e8edce3a8@group-A8B097DE35CC: changes role from  FOLLOWER to FOLLOWER at term 71 for recognizeCandidate:1be30185-a2c0-4461-afc0-2cb02fcff473
2019-10-22 00:08:49,987 [grpc-default-executor-5] INFO  impl.RoleInfo (RoleInfo.java:shutdownFollowerState(121)) - e64b81a2-7e97-4a9c-9a90-0d1e8edce3a8: shutdown FollowerState
2019-10-22 00:08:49,987 [grpc-default-executor-1] INFO  impl.RaftServerImpl (RaftServerImpl.java:setRole(184)) - d9951c0b-6d6e-4464-b06b-4ef93c20892c@group-A8B097DE35CC: changes role from  FOLLOWER to FOLLOWER at term 71 for recognizeCandidate:1be30185-a2c0-4461-afc0-2cb02fcff473
2019-10-22 00:08:49,987 [Thread-4545] INFO  impl.FollowerState (FollowerState.java:run(117)) - e64b81a2-7e97-4a9c-9a90-0d1e8edce3a8@group-A8B097DE35CC-FollowerState was interrupted: java.lang.InterruptedException: sleep interrupted
2019-10-22 00:08:49,987 [grpc-default-executor-5] INFO  impl.RoleInfo (RoleInfo.java:updateAndGet(143)) - e64b81a2-7e97-4a9c-9a90-0d1e8edce3a8: start FollowerState
2019-10-22 00:08:49,988 [grpc-default-executor-1] INFO  impl.RoleInfo (RoleInfo.java:shutdownFollowerState(121)) - d9951c0b-6d6e-4464-b06b-4ef93c20892c: shutdown FollowerState
2019-10-22 00:08:49,988 [grpc-default-executor-1] INFO  impl.RoleInfo (RoleInfo.java:updateAndGet(143)) - d9951c0b-6d6e-4464-b06b-4ef93c20892c: start FollowerState
2019-10-22 00:08:49,988 [Thread-4546] INFO  impl.FollowerState (FollowerState.java:run(117)) - d9951c0b-6d6e-4464-b06b-4ef93c20892c@group-A8B097DE35CC-FollowerState was interrupted: java.lang.InterruptedException: sleep interrupted
2019-10-22 00:08:49,991 [1be30185-a2c0-4461-afc0-2cb02fcff473@group-A8B097DE35CC-LeaderElection529] INFO  impl.LeaderElection (LeaderElection.java:logAndReturn(56)) - 1be30185-a2c0-4461-afc0-2cb02fcff473@group-A8B097DE35CC-LeaderElection529: Election TIMEOUT; received 0 response(s) [] and 0 exception(s); 1be30185-a2c0-4461-afc0-2cb02fcff473@group-A8B097DE35CC:t71, leader=null, voted=1be30185-a2c0-4461-afc0-2cb02fcff473, raftlog=1be30185-a2c0-4461-afc0-2cb02fcff473@group-A8B097DE35CC-SegmentedRaftLog:OPENED:c-1,f-1,i0, conf=-1: [e64b81a2-7e97-4a9c-9a90-0d1e8edce3a8:192.168.157.254:40074, d9951c0b-6d6e-4464-b06b-4ef93c20892c:192.168.157.254:43622, 1be30185-a2c0-4461-afc0-2cb02fcff473:192.168.157.254:38008], old=null
2019-10-22 00:08:50,013 [1be30185-a2c0-4461-afc0-2cb02fcff473@group-A8B097DE35CC-LeaderElection529] INFO  impl.LeaderElection (LeaderElection.java:askForVotes(178)) - 1be30185-a2c0-4461-afc0-2cb02fcff473@group-A8B097DE35CC-LeaderElection529: begin an election at term 72 for -1: [e64b81a2-7e97-4a9c-9a90-0d1e8edce3a8:192.168.157.254:40074, d9951c0b-6d6e-4464-b06b-4ef93c20892c:192.168.157.254:43622, 1be30185-a2c0-4461-afc0-2cb02fcff473:192.168.157.254:38008], old=null
2019-10-22 00:08:50,025 [1be30185-a2c0-4461-afc0-2cb02fcff473@group-A8B097DE35CC-LeaderElection529] INFO  impl.LeaderElection (LeaderElection.java:logAndReturn(56)) - 1be30185-a2c0-4461-afc0-2cb02fcff473@group-A8B097DE35CC-LeaderElection529: Election TIMEOUT; received 0 response(s) [] and 0 exception(s); 1be30185-a2c0-4461-afc0-2cb02fcff473@group-A8B097DE35CC:t72, leader=null, voted=1be30185-a2c0-4461-afc0-2cb02fcff473, raftlog=1be30185-a2c0-4461-afc0-2cb02fcff473@group-A8B097DE35CC-SegmentedRaftLog:OPENED:c-1,f-1,i0, conf=-1: [e64b81a2-7e97-4a9c-9a90-0d1e8edce3a8:192.168.157.254:40074, d9951c0b-6d6e-4464-b06b-4ef93c20892c:192.168.157.254:43622, 1be30185-a2c0-4461-afc0-2cb02fcff473:192.168.157.254:38008], old=null
2019-10-22 00:08:50,026 [grpc-default-executor-8] INFO  impl.RaftServerImpl (RaftServerImpl.java:setRole(184)) - e64b81a2-7e97-4a9c-9a90-0d1e8edce3a8@group-A8B097DE35CC: changes role from  FOLLOWER to FOLLOWER at term 72 for recognizeCandidate:1be30185-a2c0-4461-afc0-2cb02fcff473
2019-10-22 00:08:50,026 [grpc-default-executor-5] INFO  impl.RaftServerImpl (RaftServerImpl.java:setRole(184)) - d9951c0b-6d6e-4464-b06b-4ef93c20892c@group-A8B097DE35CC: changes role from  FOLLOWER to FOLLOWER at term 72 for recognizeCandidate:1be30185-a2c0-4461-afc0-2cb02fcff473
2019-10-22 00:08:50,026 [grpc-default-executor-5] INFO  impl.RoleInfo (RoleInfo.java:shutdownFollowerState(121)) - d9951c0b-6d6e-4464-b06b-4ef93c20892c: shutdown FollowerState
2019-10-22 00:08:50,026 [grpc-default-executor-8] INFO  impl.RoleInfo (RoleInfo.java:shutdownFollowerState(121)) - e64b81a2-7e97-4a9c-9a90-0d1e8edce3a8: shutdown FollowerState
2019-10-22 00:08:50,026 [Thread-4553] INFO  impl.FollowerState (FollowerState.java:run(117)) - d9951c0b-6d6e-4464-b06b-4ef93c20892c@group-A8B097DE35CC-FollowerState was interrupted: java.lang.InterruptedException: sleep interrupted
2019-10-22 00:08:50,027 [Thread-4551] INFO  impl.FollowerState (FollowerState.java:run(117)) - e64b81a2-7e97-4a9c-9a90-0d1e8edce3a8@group-A8B097DE35CC-FollowerState was interrupted: java.lang.InterruptedException: sleep interrupted
2019-10-22 00:08:50,026 [grpc-default-executor-5] INFO  impl.RoleInfo (RoleInfo.java:updateAndGet(143)) - d9951c0b-6d6e-4464-b06b-4ef93c20892c: start FollowerState
2019-10-22 00:08:50,027 [grpc-default-executor-8] INFO  impl.RoleInfo (RoleInfo.java:updateAndGet(143)) - e64b81a2-7e97-4a9c-9a90-0d1e8edce3a8: start FollowerState
2019-10-22 00:08:50,053 [1be30185-a2c0-4461-afc0-2cb02fcff473@group-A8B097DE35CC-LeaderElection529] INFO  impl.LeaderElection (LeaderElection.java:askForVotes(178)) - 1be30185-a2c0-4461-afc0-2cb02fcff473@group-A8B097DE35CC-LeaderElection529: begin an election at term 73 for -1: [e64b81a2-7e97-4a9c-9a90-0d1e8edce3a8:192.168.157.254:40074, d9951c0b-6d6e-4464-b06b-4ef93c20892c:192.168.157.254:43622, 1be30185-a2c0-4461-afc0-2cb02fcff473:192.168.157.254:38008], old=null
2019-10-22 00:08:50,053 [grpc-default-executor-5] INFO  impl.RaftServerImpl (RaftServerImpl.java:setRole(184)) - e64b81a2-7e97-4a9c-9a90-0d1e8edce3a8@group-A8B097DE35CC: changes role from  FOLLOWER to FOLLOWER at term 73 for recognizeCandidate:1be30185-a2c0-4461-afc0-2cb02fcff473
2019-10-22 00:08:50,054 [grpc-default-executor-5] INFO  impl.RoleInfo (RoleInfo.java:shutdownFollowerState(121)) - e64b81a2-7e97-4a9c-9a90-0d1e8edce3a8: shutdown FollowerState
2019-10-22 00:08:50,054 [grpc-default-executor-5] INFO  impl.RoleInfo (RoleInfo.java:updateAndGet(143)) - e64b81a2-7e97-4a9c-9a90-0d1e8edce3a8: start FollowerState
2019-10-22 00:08:50,054 [grpc-default-executor-8] INFO  impl.RaftServerImpl (RaftServerImpl.java:setRole(184)) - d9951c0b-6d6e-4464-b06b-4ef93c20892c@group-A8B097DE35CC: changes role from  FOLLOWER to FOLLOWER at term 73 for recognizeCandidate:1be30185-a2c0-4461-afc0-2cb02fcff473
2019-10-22 00:08:50,054 [grpc-default-executor-8] INFO  impl.RoleInfo (RoleInfo.java:shutdownFollowerState(121)) - d9951c0b-6d6e-4464-b06b-4ef93c20892c: shutdown FollowerState
2019-10-22 00:08:50,054 [Thread-4558] INFO  impl.FollowerState (FollowerState.java:run(117)) - e64b81a2-7e97-4a9c-9a90-0d1e8edce3a8@group-A8B097DE35CC-FollowerState was interrupted: java.lang.InterruptedException: sleep interrupted
2019-10-22 00:08:50,054 [grpc-default-executor-8] INFO  impl.RoleInfo (RoleInfo.java:updateAndGet(143)) - d9951c0b-6d6e-4464-b06b-4ef93c20892c: start FollowerState
2019-10-22 00:08:50,054 [Thread-4557] INFO  impl.FollowerState (FollowerState.java:run(117)) - d9951c0b-6d6e-4464-b06b-4ef93c20892c@group-A8B097DE35CC-FollowerState was interrupted: java.lang.InterruptedException: sleep interrupted
2019-10-22 00:08:50,069 [1be30185-a2c0-4461-afc0-2cb02fcff473@group-A8B097DE35CC-LeaderElection529] INFO  impl.LeaderElection (LeaderElection.java:logAndReturn(56)) - 1be30185-a2c0-4461-afc0-2cb02fcff473@group-A8B097DE35CC-LeaderElection529: Election REJECTED; received 2 response(s) [1be30185-a2c0-4461-afc0-2cb02fcff473<-e64b81a2-7e97-4a9c-9a90-0d1e8edce3a8#0:FAIL-t73, 1be30185-a2c0-4461-afc0-2cb02fcff473<-d9951c0b-6d6e-4464-b06b-4ef93c20892c#0:FAIL-t73] and 0 exception(s); 1be30185-a2c0-4461-afc0-2cb02fcff473@group-A8B097DE35CC:t73, leader=null, voted=1be30185-a2c0-4461-afc0-2cb02fcff473, raftlog=1be30185-a2c0-4461-afc0-2cb02fcff473@group-A8B097DE35CC-SegmentedRaftLog:OPENED:c-1,f-1,i0, conf=-1: [e64b81a2-7e97-4a9c-9a90-0d1e8edce3a8:192.168.157.254:40074, d9951c0b-6d6e-4464-b06b-4ef93c20892c:192.168.157.254:43622, 1be30185-a2c0-4461-afc0-2cb02fcff473:192.168.157.254:38008], old=null
2019-10-22 00:08:50,070 [1be30185-a2c0-4461-afc0-2cb02fcff473@group-A8B097DE35CC-LeaderElection529] INFO  impl.RaftServerImpl (RaftServerImpl.java:setRole(184)) - 1be30185-a2c0-4461-afc0-2cb02fcff473@group-A8B097DE35CC: changes role from CANDIDATE to FOLLOWER at term 73 for DISCOVERED_A_NEW_TERM
2019-10-22 00:08:50,070 [1be30185-a2c0-4461-afc0-2cb02fcff473@group-A8B097DE35CC-LeaderElection529] INFO  impl.RoleInfo (RoleInfo.java:shutdownLeaderElection(134)) - 1be30185-a2c0-4461-afc0-2cb02fcff473: shutdown LeaderElection
2019-10-22 00:08:50,070 [1be30185-a2c0-4461-afc0-2cb02fcff473@group-A8B097DE35CC-LeaderElection529] INFO  impl.RoleInfo (RoleInfo.java:updateAndGet(143)) - 1be30185-a2c0-4461-afc0-2cb02fcff473: start FollowerState
2019-10-22 00:08:50,074 [Thread-4563] INFO  impl.FollowerState (FollowerState.java:run(108)) - 1be30185-a2c0-4461-afc0-2cb02fcff473@group-A8B097DE35CC-FollowerState: change to CANDIDATE, lastRpcTime:4ms, electionTimeout:4ms
2019-10-22 00:08:50,074 [Thread-4563] INFO  impl.RoleInfo (RoleInfo.java:shutdownFollowerState(121)) - 1be30185-a2c0-4461-afc0-2cb02fcff473: shutdown FollowerState
2019-10-22 00:08:50,074 [Thread-4563] INFO  impl.RaftServerImpl (RaftServerImpl.java:setRole(184)) - 1be30185-a2c0-4461-afc0-2cb02fcff473@group-A8B097DE35CC: changes role from  FOLLOWER to CANDIDATE at term 73 for changeToCandidate
2019-10-22 00:08:50,074 [Thread-4563] INFO  impl.RoleInfo (RoleInfo.java:updateAndGet(143)) - 1be30185-a2c0-4461-afc0-2cb02fcff473: start LeaderElection
2019-10-22 00:08:50,085 [1be30185-a2c0-4461-afc0-2cb02fcff473@group-A8B097DE35CC-LeaderElection530] INFO  impl.LeaderElection (LeaderElection.java:askForVotes(178)) - 1be30185-a2c0-4461-afc0-2cb02fcff473@group-A8B097DE35CC-LeaderElection530: begin an election at term 74 for -1: [e64b81a2-7e97-4a9c-9a90-0d1e8edce3a8:192.168.157.254:40074, d9951c0b-6d6e-4464-b06b-4ef93c20892c:192.168.157.254:43622, 1be30185-a2c0-4461-afc0-2cb02fcff473:192.168.157.254:38008], old=null
2019-10-22 00:08:50,086 [grpc-default-executor-8] INFO  impl.RaftServerImpl (RaftServerImpl.java:setRole(184)) - d9951c0b-6d6e-4464-b06b-4ef93c20892c@group-A8B097DE35CC: changes role from  FOLLOWER to FOLLOWER at term 74 for recognizeCandidate:1be30185-a2c0-4461-afc0-2cb02fcff473
2019-10-22 00:08:50,086 [grpc-default-executor-8] INFO  impl.RoleInfo (RoleInfo.java:shutdownFollowerState(121)) - d9951c0b-6d6e-4464-b06b-4ef93c20892c: shutdown FollowerState
2019-10-22 00:08:50,086 [grpc-default-executor-5] INFO  impl.RaftServerImpl (RaftServerImpl.java:setRole(184)) - e64b81a2-7e97-4a9c-9a90-0d1e8edce3a8@group-A8B097DE35CC: changes role from  FOLLOWER to FOLLOWER at term 74 for recognizeCandidate:1be30185-a2c0-4461-afc0-2cb02fcff473
2019-10-22 00:08:50,086 [grpc-default-executor-5] INFO  impl.RoleInfo (RoleInfo.java:shutdownFollowerState(121)) - e64b81a2-7e97-4a9c-9a90-0d1e8edce3a8: shutdown FollowerState
2019-10-22 00:08:50,086 [Thread-4562] INFO  impl.FollowerState (FollowerState.java:run(117)) - d9951c0b-6d6e-4464-b06b-4ef93c20892c@group-A8B097DE35CC-FollowerState was interrupted: java.lang.InterruptedException: sleep interrupted
2019-10-22 00:08:50,086 [grpc-default-executor-8] INFO  impl.RoleInfo (RoleInfo.java:updateAndGet(143)) - d9951c0b-6d6e-4464-b06b-4ef93c20892c: start FollowerState
2019-10-22 00:08:50,087 [Thread-4561] INFO  impl.FollowerState (FollowerState.java:run(117)) - e64b81a2-7e97-4a9c-9a90-0d1e8edce3a8@group-A8B097DE35CC-FollowerState was interrupted: java.lang.InterruptedException: sleep interrupted
2019-10-22 00:08:50,086 [grpc-default-executor-5] INFO  impl.RoleInfo (RoleInfo.java:updateAndGet(143)) - e64b81a2-7e97-4a9c-9a90-0d1e8edce3a8: start FollowerState
2019-10-22 00:08:50,105 [1be30185-a2c0-4461-afc0-2cb02fcff473@group-A8B097DE35CC-LeaderElection530] INFO  impl.LeaderElection (LeaderElection.java:logAndReturn(56)) - 1be30185-a2c0-4461-afc0-2cb02fcff473@group-A8B097DE35CC-LeaderElection530: Election REJECTED; received 2 response(s) [1be30185-a2c0-4461-afc0-2cb02fcff473<-e64b81a2-7e97-4a9c-9a90-0d1e8edce3a8#0:FAIL-t74, 1be30185-a2c0-4461-afc0-2cb02fcff473<-d9951c0b-6d6e-4464-b06b-4ef93c20892c#0:FAIL-t74] and 0 exception(s); 1be30185-a2c0-4461-afc0-2cb02fcff473@group-A8B097DE35CC:t74, leader=null, voted=1be30185-a2c0-4461-afc0-2cb02fcff473, raftlog=1be30185-a2c0-4461-afc0-2cb02fcff473@group-A8B097DE35CC-SegmentedRaftLog:OPENED:c-1,f-1,i0, conf=-1: [e64b81a2-7e97-4a9c-9a90-0d1e8edce3a8:192.168.157.254:40074, d9951c0b-6d6e-4464-b06b-4ef93c20892c:192.168.157.254:43622, 1be30185-a2c0-4461-afc0-2cb02fcff473:192.168.157.254:38008], old=null
2019-10-22 00:08:50,106 [1be30185-a2c0-4461-afc0-2cb02fcff473@group-A8B097DE35CC-LeaderElection530] INFO  impl.RaftServerImpl (RaftServerImpl.java:setRole(184)) - 1be30185-a2c0-4461-afc0-2cb02fcff473@group-A8B097DE35CC: changes role from CANDIDATE to FOLLOWER at term 74 for DISCOVERED_A_NEW_TERM
2019-10-22 00:08:50,106 [1be30185-a2c0-4461-afc0-2cb02fcff473@group-A8B097DE35CC-LeaderElection530] INFO  impl.RoleInfo (RoleInfo.java:shutdownLeaderElection(134)) - 1be30185-a2c0-4461-afc0-2cb02fcff473: shutdown LeaderElection
2019-10-22 00:08:50,106 [1be30185-a2c0-4461-afc0-2cb02fcff473@group-A8B097DE35CC-LeaderElection530] INFO  impl.RoleInfo (RoleInfo.java:updateAndGet(143)) - 1be30185-a2c0-4461-afc0-2cb02fcff473: start FollowerState
2019-10-22 00:08:50,166 [Thread-4569] INFO  impl.FollowerState (FollowerState.java:run(108)) - 1be30185-a2c0-4461-afc0-2cb02fcff473@group-A8B097DE35CC-FollowerState: change to CANDIDATE, lastRpcTime:60ms, electionTimeout:60ms
2019-10-22 00:08:50,166 [Thread-4569] INFO  impl.RoleInfo (RoleInfo.java:shutdownFollowerState(121)) - 1be30185-a2c0-4461-afc0-2cb02fcff473: shutdown FollowerState
2019-10-22 00:08:50,166 [Thread-4569] INFO  impl.RaftServerImpl (RaftServerImpl.java:setRole(184)) - 1be30185-a2c0-4461-afc0-2cb02fcff473@group-A8B097DE35CC: changes role from  FOLLOWER to CANDIDATE at term 74 for changeToCandidate
2019-10-22 00:08:50,166 [Thread-4569] INFO  impl.RoleInfo (RoleInfo.java:updateAndGet(143)) - 1be30185-a2c0-4461-afc0-2cb02fcff473: start LeaderElection
2019-10-22 00:08:50,180 [1be30185-a2c0-4461-afc0-2cb02fcff473@group-A8B097DE35CC-LeaderElection531] INFO  impl.LeaderElection (LeaderElection.java:askForVotes(178)) - 1be30185-a2c0-4461-afc0-2cb02fcff473@group-A8B097DE35CC-LeaderElection531: begin an election at term 75 for -1: [e64b81a2-7e97-4a9c-9a90-0d1e8edce3a8:192.168.157.254:40074, d9951c0b-6d6e-4464-b06b-4ef93c20892c:192.168.157.254:43622, 1be30185-a2c0-4461-afc0-2cb02fcff473:192.168.157.254:38008], old=null
2019-10-22 00:08:50,181 [grpc-default-executor-5] INFO  impl.RaftServerImpl (RaftServerImpl.java:setRole(184)) - e64b81a2-7e97-4a9c-9a90-0d1e8edce3a8@group-A8B097DE35CC: changes role from  FOLLOWER to FOLLOWER at term 75 for recognizeCandidate:1be30185-a2c0-4461-afc0-2cb02fcff473
2019-10-22 00:08:50,181 [grpc-default-executor-5] INFO  impl.RoleInfo (RoleInfo.java:shutdownFollowerState(121)) - e64b81a2-7e97-4a9c-9a90-0d1e8edce3a8: shutdown FollowerState
2019-10-22 00:08:50,181 [grpc-default-executor-8] INFO  impl.RaftServerImpl (RaftServerImpl.java:setRole(184)) - d9951c0b-6d6e-4464-b06b-4ef93c20892c@group-A8B097DE35CC: changes role from  FOLLOWER to FOLLOWER at term 75 for recognizeCandidate:1be30185-a2c0-4461-afc0-2cb02fcff473
2019-10-22 00:08:50,182 [grpc-default-executor-8] INFO  impl.RoleInfo (RoleInfo.java:shutdownFollowerState(121)) - d9951c0b-6d6e-4464-b06b-4ef93c20892c: shutdown FollowerState
2019-10-22 00:08:50,182 [Thread-4568] INFO  impl.FollowerState (FollowerState.java:run(117)) - e64b81a2-7e97-4a9c-9a90-0d1e8edce3a8@group-A8B097DE35CC-FollowerState was interrupted: java.lang.InterruptedException: sleep interrupted
2019-10-22 00:08:50,182 [Thread-4567] INFO  impl.FollowerState (FollowerState.java:run(117)) - d9951c0b-6d6e-4464-b06b-4ef93c20892c@group-A8B097DE35CC-FollowerState was interrupted: java.lang.InterruptedException: sleep interrupted
2019-10-22 00:08:50,182 [grpc-default-executor-5] INFO  impl.RoleInfo (RoleInfo.java:updateAndGet(143)) - e64b81a2-7e97-4a9c-9a90-0d1e8edce3a8: start FollowerState
2019-10-22 00:08:50,182 [grpc-default-executor-8] INFO  impl.RoleInfo (RoleInfo.java:updateAndGet(143)) - d9951c0b-6d6e-4464-b06b-4ef93c20892c: start FollowerState
2019-10-22 00:08:50,196 [1be30185-a2c0-4461-afc0-2cb02fcff473@group-A8B097DE35CC-LeaderElection531] INFO  impl.LeaderElection (LeaderElection.java:logAndReturn(56)) - 1be30185-a2c0-4461-afc0-2cb02fcff473@group-A8B097DE35CC-LeaderElection531: Election REJECTED; received 2 response(s) [1be30185-a2c0-4461-afc0-2cb02fcff473<-e64b81a2-7e97-4a9c-9a90-0d1e8edce3a8#0:FAIL-t75, 1be30185-a2c0-4461-afc0-2cb02fcff473<-d9951c0b-6d6e-4464-b06b-4ef93c20892c#0:FAIL-t75] and 0 exception(s); 1be30185-a2c0-4461-afc0-2cb02fcff473@group-A8B097DE35CC:t75, leader=null, voted=1be30185-a2c0-4461-afc0-2cb02fcff473, raftlog=1be30185-a2c0-4461-afc0-2cb02fcff473@group-A8B097DE35CC-SegmentedRaftLog:OPENED:c-1,f-1,i0, conf=-1: [e64b81a2-7e97-4a9c-9a90-0d1e8edce3a8:192.168.157.254:40074, d9951c0b-6d6e-4464-b06b-4ef93c20892c:192.168.157.254:43622, 1be30185-a2c0-4461-afc0-2cb02fcff473:192.168.157.254:38008], old=null
2019-10-22 00:08:50,196 [1be30185-a2c0-4461-afc0-2cb02fcff473@group-A8B097DE35CC-LeaderElection531] INFO  impl.RaftServerImpl (RaftServerImpl.java:setRole(184)) - 1be30185-a2c0-4461-afc0-2cb02fcff473@group-A8B097DE35CC: changes role from CANDIDATE to FOLLOWER at term 75 for DISCOVERED_A_NEW_TERM
2019-10-22 00:08:50,196 [1be30185-a2c0-4461-afc0-2cb02fcff473@group-A8B097DE35CC-LeaderElection531] INFO  impl.RoleInfo (RoleInfo.java:shutdownLeaderElection(134)) - 1be30185-a2c0-4461-afc0-2cb02fcff473: shutdown LeaderElection
2019-10-22 00:08:50,197 [1be30185-a2c0-4461-afc0-2cb02fcff473@group-A8B097DE35CC-LeaderElection531] INFO  impl.RoleInfo (RoleInfo.java:updateAndGet(143)) - 1be30185-a2c0-4461-afc0-2cb02fcff473: start FollowerState
2019-10-22 00:08:50,304 [Thread-4575] INFO  impl.FollowerState (FollowerState.java:run(108)) - 1be30185-a2c0-4461-afc0-2cb02fcff473@group-A8B097DE35CC-FollowerState: change to CANDIDATE, lastRpcTime:107ms, electionTimeout:107ms
2019-10-22 00:08:50,304 [Thread-4575] INFO  impl.RoleInfo (RoleInfo.java:shutdownFollowerState(121)) - 1be30185-a2c0-4461-afc0-2cb02fcff473: shutdown FollowerState
2019-10-22 00:08:50,304 [Thread-4575] INFO  impl.RaftServerImpl (RaftServerImpl.java:setRole(184)) - 1be30185-a2c0-4461-afc0-2cb02fcff473@group-A8B097DE35CC: changes role from  FOLLOWER to CANDIDATE at term 75 for changeToCandidate
2019-10-22 00:08:50,304 [Thread-4575] INFO  impl.RoleInfo (RoleInfo.java:updateAndGet(143)) - 1be30185-a2c0-4461-afc0-2cb02fcff473: start LeaderElection
2019-10-22 00:08:50,318 [1be30185-a2c0-4461-afc0-2cb02fcff473@group-A8B097DE35CC-LeaderElection532] INFO  impl.LeaderElection (LeaderElection.java:askForVotes(178)) - 1be30185-a2c0-4461-afc0-2cb02fcff473@group-A8B097DE35CC-LeaderElection532: begin an election at term 76 for -1: [e64b81a2-7e97-4a9c-9a90-0d1e8edce3a8:192.168.157.254:40074, d9951c0b-6d6e-4464-b06b-4ef93c20892c:192.168.157.254:43622, 1be30185-a2c0-4461-afc0-2cb02fcff473:192.168.157.254:38008], old=null
2019-10-22 00:08:50,319 [grpc-default-executor-5] INFO  impl.RaftServerImpl (RaftServerImpl.java:setRole(184)) - e64b81a2-7e97-4a9c-9a90-0d1e8edce3a8@group-A8B097DE35CC: changes role from  FOLLOWER to FOLLOWER at term 76 for recognizeCandidate:1be30185-a2c0-4461-afc0-2cb02fcff473
2019-10-22 00:08:50,319 [grpc-default-executor-5] INFO  impl.RoleInfo (RoleInfo.java:shutdownFollowerState(121)) - e64b81a2-7e97-4a9c-9a90-0d1e8edce3a8: shutdown FollowerState
2019-10-22 00:08:50,319 [grpc-default-executor-8] INFO  impl.RaftServerImpl (RaftServerImpl.java:setRole(184)) - d9951c0b-6d6e-4464-b06b-4ef93c20892c@group-A8B097DE35CC: changes role from  FOLLOWER to FOLLOWER at term 76 for recognizeCandidate:1be30185-a2c0-4461-afc0-2cb02fcff473
2019-10-22 00:08:50,319 [Thread-4573] INFO  impl.FollowerState (FollowerState.java:run(117)) - e64b81a2-7e97-4a9c-9a90-0d1e8edce3a8@group-A8B097DE35CC-FollowerState was interrupted: java.lang.InterruptedException: sleep interrupted
2019-10-22 00:08:50,319 [grpc-default-executor-5] INFO  impl.RoleInfo (RoleInfo.java:updateAndGet(143)) - e64b81a2-7e97-4a9c-9a90-0d1e8edce3a8: start FollowerState
2019-10-22 00:08:50,319 [grpc-default-executor-8] INFO  impl.RoleInfo (RoleInfo.java:shutdownFollowerState(121)) - d9951c0b-6d6e-4464-b06b-4ef93c20892c: shutdown FollowerState
2019-10-22 00:08:50,320 [grpc-default-executor-8] INFO  impl.RoleInfo (RoleInfo.java:updateAndGet(143)) - d9951c0b-6d6e-4464-b06b-4ef93c20892c: start FollowerState
2019-10-22 00:08:50,320 [Thread-4574] INFO  impl.FollowerState (FollowerState.java:run(117)) - d9951c0b-6d6e-4464-b06b-4ef93c20892c@group-A8B097DE35CC-FollowerState was interrupted: java.lang.InterruptedException: sleep interrupted
2019-10-22 00:08:50,345 [1be30185-a2c0-4461-afc0-2cb02fcff473@group-A8B097DE35CC-LeaderElection532] INFO  impl.LeaderElection (LeaderElection.java:logAndReturn(56)) - 1be30185-a2c0-4461-afc0-2cb02fcff473@group-A8B097DE35CC-LeaderElection532: Election REJECTED; received 2 response(s) [1be30185-a2c0-4461-afc0-2cb02fcff473<-e64b81a2-7e97-4a9c-9a90-0d1e8edce3a8#0:FAIL-t76, 1be30185-a2c0-4461-afc0-2cb02fcff473<-d9951c0b-6d6e-4464-b06b-4ef93c20892c#0:FAIL-t76] and 0 exception(s); 1be30185-a2c0-4461-afc0-2cb02fcff473@group-A8B097DE35CC:t76, leader=null, voted=1be30185-a2c0-4461-afc0-2cb02fcff473, raftlog=1be30185-a2c0-4461-afc0-2cb02fcff473@group-A8B097DE35CC-SegmentedRaftLog:OPENED:c-1,f-1,i0, conf=-1: [e64b81a2-7e97-4a9c-9a90-0d1e8edce3a8:192.168.157.254:40074, d9951c0b-6d6e-4464-b06b-4ef93c20892c:192.168.157.254:43622, 1be30185-a2c0-4461-afc0-2cb02fcff473:192.168.157.254:38008], old=null
2019-10-22 00:08:50,345 [1be30185-a2c0-4461-afc0-2cb02fcff473@group-A8B097DE35CC-LeaderElection532] INFO  impl.RaftServerImpl (RaftServerImpl.java:setRole(184)) - 1be30185-a2c0-4461-afc0-2cb02fcff473@group-A8B097DE35CC: changes role from CANDIDATE to FOLLOWER at term 76 for DISCOVERED_A_NEW_TERM
2019-10-22 00:08:50,346 [1be30185-a2c0-4461-afc0-2cb02fcff473@group-A8B097DE35CC-LeaderElection532] INFO  impl.RoleInfo (RoleInfo.java:shutdownLeaderElection(134)) - 1be30185-a2c0-4461-afc0-2cb02fcff473: shutdown LeaderElection
2019-10-22 00:08:50,346 [1be30185-a2c0-4461-afc0-2cb02fcff473@group-A8B097DE35CC-LeaderElection532] INFO  impl.RoleInfo (RoleInfo.java:updateAndGet(143)) - 1be30185-a2c0-4461-afc0-2cb02fcff473: start FollowerState
2019-10-22 00:08:50,356 [Thread-4581] INFO  impl.FollowerState (FollowerState.java:run(108)) - 1be30185-a2c0-4461-afc0-2cb02fcff473@group-A8B097DE35CC-FollowerState: change to CANDIDATE, lastRpcTime:10ms, electionTimeout:10ms
2019-10-22 00:08:50,356 [Thread-4581] INFO  impl.RoleInfo (RoleInfo.java:shutdownFollowerState(121)) - 1be30185-a2c0-4461-afc0-2cb02fcff473: shutdown FollowerState
2019-10-22 00:08:50,356 [Thread-4581] INFO  impl.RaftServerImpl (RaftServerImpl.java:setRole(184)) - 1be30185-a2c0-4461-afc0-2cb02fcff473@group-A8B097DE35CC: changes role from  FOLLOWER to CANDIDATE at term 76 for changeToCandidate
2019-10-22 00:08:50,356 [Thread-4581] INFO  impl.RoleInfo (RoleInfo.java:updateAndGet(143)) - 1be30185-a2c0-4461-afc0-2cb02fcff473: start LeaderElection
2019-10-22 00:08:50,365 [1be30185-a2c0-4461-afc0-2cb02fcff473@group-A8B097DE35CC-LeaderElection533] INFO  impl.LeaderElection (LeaderElection.java:askForVotes(178)) - 1be30185-a2c0-4461-afc0-2cb02fcff473@group-A8B097DE35CC-LeaderElection533: begin an election at term 77 for -1: [e64b81a2-7e97-4a9c-9a90-0d1e8edce3a8:192.168.157.254:40074, d9951c0b-6d6e-4464-b06b-4ef93c20892c:192.168.157.254:43622, 1be30185-a2c0-4461-afc0-2cb02fcff473:192.168.157.254:38008], old=null
2019-10-22 00:08:50,366 [grpc-default-executor-5] INFO  impl.RaftServerImpl (RaftServerImpl.java:setRole(184)) - e64b81a2-7e97-4a9c-9a90-0d1e8edce3a8@group-A8B097DE35CC: changes role from  FOLLOWER to FOLLOWER at term 77 for recognizeCandidate:1be30185-a2c0-4461-afc0-2cb02fcff473
2019-10-22 00:08:50,366 [grpc-default-executor-5] INFO  impl.RoleInfo (RoleInfo.java:shutdownFollowerState(121)) - e64b81a2-7e97-4a9c-9a90-0d1e8edce3a8: shutdown FollowerState
2019-10-22 00:08:50,367 [grpc-default-executor-8] INFO  impl.RaftServerImpl (RaftServerImpl.java:setRole(184)) - d9951c0b-6d6e-4464-b06b-4ef93c20892c@group-A8B097DE35CC: changes role from  FOLLOWER to FOLLOWER at term 77 for recognizeCandidate:1be30185-a2c0-4461-afc0-2cb02fcff473
2019-10-22 00:08:50,367 [Thread-4579] INFO  impl.FollowerState (FollowerState.java:run(117)) - e64b81a2-7e97-4a9c-9a90-0d1e8edce3a8@group-A8B097DE35CC-FollowerState was interrupted: java.lang.InterruptedException: sleep interrupted
2019-10-22 00:08:50,367 [grpc-default-executor-5] INFO  impl.RoleInfo (RoleInfo.java:updateAndGet(143)) - e64b81a2-7e97-4a9c-9a90-0d1e8edce3a8: start FollowerState
2019-10-22 00:08:50,367 [grpc-default-executor-8] INFO  impl.RoleInfo (RoleInfo.java:shutdownFollowerState(121)) - d9951c0b-6d6e-4464-b06b-4ef93c20892c: shutdown FollowerState
2019-10-22 00:08:50,367 [Thread-4580] INFO  impl.FollowerState (FollowerState.java:run(117)) - d9951c0b-6d6e-4464-b06b-4ef93c20892c@group-A8B097DE35CC-FollowerState was interrupted: java.lang.InterruptedException: sleep interrupted
2019-10-22 00:08:50,367 [grpc-default-executor-8] INFO  impl.RoleInfo (RoleInfo.java:updateAndGet(143)) - d9951c0b-6d6e-4464-b06b-4ef93c20892c: start FollowerState
2019-10-22 00:08:50,367 [1be30185-a2c0-4461-afc0-2cb02fcff473@group-A8B097DE35CC-LeaderElection533] INFO  impl.LeaderElection (LeaderElection.java:logAndReturn(56)) - 1be30185-a2c0-4461-afc0-2cb02fcff473@group-A8B097DE35CC-LeaderElection533: Election TIMEOUT; received 0 response(s) [] and 0 exception(s); 1be30185-a2c0-4461-afc0-2cb02fcff473@group-A8B097DE35CC:t77, leader=null, voted=1be30185-a2c0-4461-afc0-2cb02fcff473, raftlog=1be30185-a2c0-4461-afc0-2cb02fcff473@group-A8B097DE35CC-SegmentedRaftLog:OPENED:c-1,f-1,i0, conf=-1: [e64b81a2-7e97-4a9c-9a90-0d1e8edce3a8:192.168.157.254:40074, d9951c0b-6d6e-4464-b06b-4ef93c20892c:192.168.157.254:43622, 1be30185-a2c0-4461-afc0-2cb02fcff473:192.168.157.254:38008], old=null
2019-10-22 00:08:50,395 [1be30185-a2c0-4461-afc0-2cb02fcff473@group-A8B097DE35CC-LeaderElection533] INFO  impl.LeaderElection (LeaderElection.java:askForVotes(178)) - 1be30185-a2c0-4461-afc0-2cb02fcff473@group-A8B097DE35CC-LeaderElection533: begin an election at term 78 for -1: [e64b81a2-7e97-4a9c-9a90-0d1e8edce3a8:192.168.157.254:40074, d9951c0b-6d6e-4464-b06b-4ef93c20892c:192.168.157.254:43622, 1be30185-a2c0-4461-afc0-2cb02fcff473:192.168.157.254:38008], old=null
2019-10-22 00:08:50,396 [grpc-default-executor-8] INFO  impl.RaftServerImpl (RaftServerImpl.java:setRole(184)) - e64b81a2-7e97-4a9c-9a90-0d1e8edce3a8@group-A8B097DE35CC: changes role from  FOLLOWER to FOLLOWER at term 78 for recognizeCandidate:1be30185-a2c0-4461-afc0-2cb02fcff473
2019-10-22 00:08:50,396 [grpc-default-executor-5] INFO  impl.RaftServerImpl (RaftServerImpl.java:setRole(184)) - d9951c0b-6d6e-4464-b06b-4ef93c20892c@group-A8B097DE35CC: changes role from  FOLLOWER to FOLLOWER at term 78 for recognizeCandidate:1be30185-a2c0-4461-afc0-2cb02fcff473
2019-10-22 00:08:50,396 [grpc-default-executor-8] INFO  impl.RoleInfo (RoleInfo.java:shutdownFollowerState(121)) - e64b81a2-7e97-4a9c-9a90-0d1e8edce3a8: shutdown FollowerState
2019-10-22 00:08:50,397 [grpc-default-executor-5] INFO  impl.RoleInfo (RoleInfo.java:shutdownFollowerState(121)) - d9951c0b-6d6e-4464-b06b-4ef93c20892c: shutdown FollowerState
2019-10-22 00:08:50,397 [Thread-4585] INFO  impl.FollowerState (FollowerState.java:run(117)) - e64b81a2-7e97-4a9c-9a90-0d1e8edce3a8@group-A8B097DE35CC-FollowerState was interrupted: java.lang.InterruptedException: sleep interrupted
2019-10-22 00:08:50,397 [grpc-default-executor-8] INFO  impl.RoleInfo (RoleInfo.java:updateAndGet(143)) - e64b81a2-7e97-4a9c-9a90-0d1e8edce3a8: start FollowerState
2019-10-22 00:08:50,397 [Thread-4586] INFO  impl.FollowerState (FollowerState.java:run(117)) - d9951c0b-6d6e-4464-b06b-4ef93c20892c@group-A8B097DE35CC-FollowerState was interrupted: java.lang.InterruptedException: sleep interrupted
2019-10-22 00:08:50,397 [grpc-default-executor-5] INFO  impl.RoleInfo (RoleInfo.java:updateAndGet(143)) - d9951c0b-6d6e-4464-b06b-4ef93c20892c: start FollowerState
2019-10-22 00:08:50,411 [1be30185-a2c0-4461-afc0-2cb02fcff473@group-A8B097DE35CC-LeaderElection533] INFO  impl.LeaderElection (LeaderElection.java:logAndReturn(56)) - 1be30185-a2c0-4461-afc0-2cb02fcff473@group-A8B097DE35CC-LeaderElection533: Election REJECTED; received 2 response(s) [1be30185-a2c0-4461-afc0-2cb02fcff473<-e64b81a2-7e97-4a9c-9a90-0d1e8edce3a8#0:FAIL-t78, 1be30185-a2c0-4461-afc0-2cb02fcff473<-d9951c0b-6d6e-4464-b06b-4ef93c20892c#0:FAIL-t78] and 0 exception(s); 1be30185-a2c0-4461-afc0-2cb02fcff473@group-A8B097DE35CC:t78, leader=null, voted=1be30185-a2c0-4461-afc0-2cb02fcff473, raftlog=1be30185-a2c0-4461-afc0-2cb02fcff473@group-A8B097DE35CC-SegmentedRaftLog:OPENED:c-1,f-1,i0, conf=-1: [e64b81a2-7e97-4a9c-9a90-0d1e8edce3a8:192.168.157.254:40074, d9951c0b-6d6e-4464-b06b-4ef93c20892c:192.168.157.254:43622, 1be30185-a2c0-4461-afc0-2cb02fcff473:192.168.157.254:38008], old=null
2019-10-22 00:08:50,411 [1be30185-a2c0-4461-afc0-2cb02fcff473@group-A8B097DE35CC-LeaderElection533] INFO  impl.RaftServerImpl (RaftServerImpl.java:setRole(184)) - 1be30185-a2c0-4461-afc0-2cb02fcff473@group-A8B097DE35CC: changes role from CANDIDATE to FOLLOWER at term 78 for DISCOVERED_A_NEW_TERM
2019-10-22 00:08:50,412 [1be30185-a2c0-4461-afc0-2cb02fcff473@group-A8B097DE35CC-LeaderElection533] INFO  impl.RoleInfo (RoleInfo.java:shutdownLeaderElection(134)) - 1be30185-a2c0-4461-afc0-2cb02fcff473: shutdown LeaderElection
2019-10-22 00:08:50,412 [1be30185-a2c0-4461-afc0-2cb02fcff473@group-A8B097DE35CC-LeaderElection533] INFO  impl.RoleInfo (RoleInfo.java:updateAndGet(143)) - 1be30185-a2c0-4461-afc0-2cb02fcff473: start FollowerState
2019-10-22 00:08:50,524 [Thread-4591] INFO  impl.FollowerState (FollowerState.java:run(108)) - 1be30185-a2c0-4461-afc0-2cb02fcff473@group-A8B097DE35CC-FollowerState: change to CANDIDATE, lastRpcTime:112ms, electionTimeout:112ms
2019-10-22 00:08:50,524 [Thread-4591] INFO  impl.RoleInfo (RoleInfo.java:shutdownFollowerState(121)) - 1be30185-a2c0-4461-afc0-2cb02fcff473: shutdown FollowerState
2019-10-22 00:08:50,524 [Thread-4591] INFO  impl.RaftServerImpl (RaftServerImpl.java:setRole(184)) - 1be30185-a2c0-4461-afc0-2cb02fcff473@group-A8B097DE35CC: changes role from  FOLLOWER to CANDIDATE at term 78 for changeToCandidate
2019-10-22 00:08:50,524 [Thread-4591] INFO  impl.RoleInfo (RoleInfo.java:updateAndGet(143)) - 1be30185-a2c0-4461-afc0-2cb02fcff473: start LeaderElection
2019-10-22 00:08:50,537 [1be30185-a2c0-4461-afc0-2cb02fcff473@group-A8B097DE35CC-LeaderElection534] INFO  impl.LeaderElection (LeaderElection.java:askForVotes(178)) - 1be30185-a2c0-4461-afc0-2cb02fcff473@group-A8B097DE35CC-LeaderElection534: begin an election at term 79 for -1: [e64b81a2-7e97-4a9c-9a90-0d1e8edce3a8:192.168.157.254:40074, d9951c0b-6d6e-4464-b06b-4ef93c20892c:192.168.157.254:43622, 1be30185-a2c0-4461-afc0-2cb02fcff473:192.168.157.254:38008], old=null
2019-10-22 00:08:50,539 [grpc-default-executor-8] INFO  impl.RaftServerImpl (RaftServerImpl.java:setRole(184)) - e64b81a2-7e97-4a9c-9a90-0d1e8edce3a8@group-A8B097DE35CC: changes role from  FOLLOWER to FOLLOWER at term 79 for recognizeCandidate:1be30185-a2c0-4461-afc0-2cb02fcff473
2019-10-22 00:08:50,540 [grpc-default-executor-8] INFO  impl.RoleInfo (RoleInfo.java:shutdownFollowerState(121)) - e64b81a2-7e97-4a9c-9a90-0d1e8edce3a8: shutdown FollowerState
2019-10-22 00:08:50,539 [grpc-default-executor-5] INFO  impl.RaftServerImpl (RaftServerImpl.java:setRole(184)) - d9951c0b-6d6e-4464-b06b-4ef93c20892c@group-A8B097DE35CC: changes role from  FOLLOWER to FOLLOWER at term 79 for recognizeCandidate:1be30185-a2c0-4461-afc0-2cb02fcff473
2019-10-22 00:08:50,540 [grpc-default-executor-5] INFO  impl.RoleInfo (RoleInfo.java:shutdownFollowerState(121)) - d9951c0b-6d6e-4464-b06b-4ef93c20892c: shutdown FollowerState
2019-10-22 00:08:50,540 [Thread-4589] INFO  impl.FollowerState (FollowerState.java:run(117)) - e64b81a2-7e97-4a9c-9a90-0d1e8edce3a8@group-A8B097DE35CC-FollowerState was interrupted: java.lang.InterruptedException: sleep interrupted
2019-10-22 00:08:50,540 [grpc-default-executor-8] INFO  impl.RoleInfo (RoleInfo.java:updateAndGet(143)) - e64b81a2-7e97-4a9c-9a90-0d1e8edce3a8: start FollowerState
2019-10-22 00:08:50,540 [Thread-4590] INFO  impl.FollowerState (FollowerState.java:run(117)) - d9951c0b-6d6e-4464-b06b-4ef93c20892c@group-A8B097DE35CC-FollowerState was interrupted: java.lang.InterruptedException: sleep interrupted
2019-10-22 00:08:50,540 [grpc-default-executor-5] INFO  impl.RoleInfo (RoleInfo.java:updateAndGet(143)) - d9951c0b-6d6e-4464-b06b-4ef93c20892c: start FollowerState
2019-10-22 00:08:50,554 [1be30185-a2c0-4461-afc0-2cb02fcff473@group-A8B097DE35CC-LeaderElection534] INFO  impl.LeaderElection (LeaderElection.java:logAndReturn(56)) - 1be30185-a2c0-4461-afc0-2cb02fcff473@group-A8B097DE35CC-LeaderElection534: Election REJECTED; received 2 response(s) [1be30185-a2c0-4461-afc0-2cb02fcff473<-e64b81a2-7e97-4a9c-9a90-0d1e8edce3a8#0:FAIL-t79, 1be30185-a2c0-4461-afc0-2cb02fcff473<-d9951c0b-6d6e-4464-b06b-4ef93c20892c#0:FAIL-t79] and 0 exception(s); 1be30185-a2c0-4461-afc0-2cb02fcff473@group-A8B097DE35CC:t79, leader=null, voted=1be30185-a2c0-4461-afc0-2cb02fcff473, raftlog=1be30185-a2c0-4461-afc0-2cb02fcff473@group-A8B097DE35CC-SegmentedRaftLog:OPENED:c-1,f-1,i0, conf=-1: [e64b81a2-7e97-4a9c-9a90-0d1e8edce3a8:192.168.157.254:40074, d9951c0b-6d6e-4464-b06b-4ef93c20892c:192.168.157.254:43622, 1be30185-a2c0-4461-afc0-2cb02fcff473:192.168.157.254:38008], old=null
2019-10-22 00:08:50,554 [1be30185-a2c0-4461-afc0-2cb02fcff473@group-A8B097DE35CC-LeaderElection534] INFO  impl.RaftServerImpl (RaftServerImpl.java:setRole(184)) - 1be30185-a2c0-4461-afc0-2cb02fcff473@group-A8B097DE35CC: changes role from CANDIDATE to FOLLOWER at term 79 for DISCOVERED_A_NEW_TERM
2019-10-22 00:08:50,554 [1be30185-a2c0-4461-afc0-2cb02fcff473@group-A8B097DE35CC-LeaderElection534] INFO  impl.RoleInfo (RoleInfo.java:shutdownLeaderElection(134)) - 1be30185-a2c0-4461-afc0-2cb02fcff473: shutdown LeaderElection
2019-10-22 00:08:50,554 [1be30185-a2c0-4461-afc0-2cb02fcff473@group-A8B097DE35CC-LeaderElection534] INFO  impl.RoleInfo (RoleInfo.java:updateAndGet(143)) - 1be30185-a2c0-4461-afc0-2cb02fcff473: start FollowerState
2019-10-22 00:08:50,637 [Thread-4601] INFO  impl.FollowerState (FollowerState.java:run(108)) - 1be30185-a2c0-4461-afc0-2cb02fcff473@group-A8B097DE35CC-FollowerState: change to CANDIDATE, lastRpcTime:82ms, electionTimeout:82ms
2019-10-22 00:08:50,637 [Thread-4601] INFO  impl.RoleInfo (RoleInfo.java:shutdownFollowerState(121)) - 1be30185-a2c0-4461-afc0-2cb02fcff473: shutdown FollowerState
2019-10-22 00:08:50,637 [Thread-4601] INFO  impl.RaftServerImpl (RaftServerImpl.java:setRole(184)) - 1be30185-a2c0-4461-afc0-2cb02fcff473@group-A8B097DE35CC: changes role from  FOLLOWER to CANDIDATE at term 79 for changeToCandidate
2019-10-22 00:08:50,637 [Thread-4601] INFO  impl.RoleInfo (RoleInfo.java:updateAndGet(143)) - 1be30185-a2c0-4461-afc0-2cb02fcff473: start LeaderElection
2019-10-22 00:08:50,668 [1be30185-a2c0-4461-afc0-2cb02fcff473@group-A8B097DE35CC-LeaderElection535] INFO  impl.LeaderElection (LeaderElection.java:askForVotes(178)) - 1be30185-a2c0-4461-afc0-2cb02fcff473@group-A8B097DE35CC-LeaderElection535: begin an election at term 80 for -1: [e64b81a2-7e97-4a9c-9a90-0d1e8edce3a8:192.168.157.254:40074, d9951c0b-6d6e-4464-b06b-4ef93c20892c:192.168.157.254:43622, 1be30185-a2c0-4461-afc0-2cb02fcff473:192.168.157.254:38008], old=null
2019-10-22 00:08:50,670 [grpc-default-executor-5] INFO  impl.RaftServerImpl (RaftServerImpl.java:setRole(184)) - e64b81a2-7e97-4a9c-9a90-0d1e8edce3a8@group-A8B097DE35CC: changes role from  FOLLOWER to FOLLOWER at term 80 for recognizeCandidate:1be30185-a2c0-4461-afc0-2cb02fcff473
2019-10-22 00:08:50,670 [grpc-default-executor-8] INFO  impl.RaftServerImpl (RaftServerImpl.java:setRole(184)) - d9951c0b-6d6e-4464-b06b-4ef93c20892c@group-A8B097DE35CC: changes role from  FOLLOWER to FOLLOWER at term 80 for recognizeCandidate:1be30185-a2c0-4461-afc0-2cb02fcff473
2019-10-22 00:08:50,670 [grpc-default-executor-5] INFO  impl.RoleInfo (RoleInfo.java:shutdownFollowerState(121)) - e64b81a2-7e97-4a9c-9a90-0d1e8edce3a8: shutdown FollowerState
2019-10-22 00:08:50,670 [grpc-default-executor-8] INFO  impl.RoleInfo (RoleInfo.java:shutdownFollowerState(121)) - d9951c0b-6d6e-4464-b06b-4ef93c20892c: shutdown FollowerState
2019-10-22 00:08:50,670 [Thread-4599] INFO  impl.FollowerState (FollowerState.java:run(117)) - e64b81a2-7e97-4a9c-9a90-0d1e8edce3a8@group-A8B097DE35CC-FollowerState was interrupted: java.lang.InterruptedException: sleep interrupted
2019-10-22 00:08:50,670 [grpc-default-executor-5] INFO  impl.RoleInfo (RoleInfo.java:updateAndGet(143)) - e64b81a2-7e97-4a9c-9a90-0d1e8edce3a8: start FollowerState
2019-10-22 00:08:50,670 [Thread-4600] INFO  impl.FollowerState (FollowerState.java:run(117)) - d9951c0b-6d6e-4464-b06b-4ef93c20892c@group-A8B097DE35CC-FollowerState was interrupted: java.lang.InterruptedException: sleep interrupted
2019-10-22 00:08:50,670 [grpc-default-executor-8] INFO  impl.RoleInfo (RoleInfo.java:updateAndGet(143)) - d9951c0b-6d6e-4464-b06b-4ef93c20892c: start FollowerState
2019-10-22 00:08:50,684 [1be30185-a2c0-4461-afc0-2cb02fcff473@group-A8B097DE35CC-LeaderElection535] INFO  impl.LeaderElection (LeaderElection.java:logAndReturn(56)) - 1be30185-a2c0-4461-afc0-2cb02fcff473@group-A8B097DE35CC-LeaderElection535: Election REJECTED; received 2 response(s) [1be30185-a2c0-4461-afc0-2cb02fcff473<-e64b81a2-7e97-4a9c-9a90-0d1e8edce3a8#0:FAIL-t80, 1be30185-a2c0-4461-afc0-2cb02fcff473<-d9951c0b-6d6e-4464-b06b-4ef93c20892c#0:FAIL-t80] and 0 exception(s); 1be30185-a2c0-4461-afc0-2cb02fcff473@group-A8B097DE35CC:t80, leader=null, voted=1be30185-a2c0-4461-afc0-2cb02fcff473, raftlog=1be30185-a2c0-4461-afc0-2cb02fcff473@group-A8B097DE35CC-SegmentedRaftLog:OPENED:c-1,f-1,i0, conf=-1: [e64b81a2-7e97-4a9c-9a90-0d1e8edce3a8:192.168.157.254:40074, d9951c0b-6d6e-4464-b06b-4ef93c20892c:192.168.157.254:43622, 1be30185-a2c0-4461-afc0-2cb02fcff473:192.168.157.254:38008], old=null
2019-10-22 00:08:50,684 [1be30185-a2c0-4461-afc0-2cb02fcff473@group-A8B097DE35CC-LeaderElection535] INFO  impl.RaftServerImpl (RaftServerImpl.java:setRole(184)) - 1be30185-a2c0-4461-afc0-2cb02fcff473@group-A8B097DE35CC: changes role from CANDIDATE to FOLLOWER at term 80 for DISCOVERED_A_NEW_TERM
2019-10-22 00:08:50,684 [1be30185-a2c0-4461-afc0-2cb02fcff473@group-A8B097DE35CC-LeaderElection535] INFO  impl.RoleInfo (RoleInfo.java:shutdownLeaderElection(134)) - 1be30185-a2c0-4461-afc0-2cb02fcff473: shutdown LeaderElection
2019-10-22 00:08:50,684 [1be30185-a2c0-4461-afc0-2cb02fcff473@group-A8B097DE35CC-LeaderElection535] INFO  impl.RoleInfo (RoleInfo.java:updateAndGet(143)) - 1be30185-a2c0-4461-afc0-2cb02fcff473: start FollowerState
2019-10-22 00:08:50,856 [Thread-4607] INFO  impl.FollowerState (FollowerState.java:run(108)) - 1be30185-a2c0-4461-afc0-2cb02fcff473@group-A8B097DE35CC-FollowerState: change to CANDIDATE, lastRpcTime:171ms, electionTimeout:171ms
2019-10-22 00:08:50,856 [Thread-4607] INFO  impl.RoleInfo (RoleInfo.java:shutdownFollowerState(121)) - 1be30185-a2c0-4461-afc0-2cb02fcff473: shutdown FollowerState
2019-10-22 00:08:50,856 [Thread-4607] INFO  impl.RaftServerImpl (RaftServerImpl.java:setRole(184)) - 1be30185-a2c0-4461-afc0-2cb02fcff473@group-A8B097DE35CC: changes role from  FOLLOWER to CANDIDATE at term 80 for changeToCandidate
2019-10-22 00:08:50,856 [Thread-4607] INFO  impl.RoleInfo (RoleInfo.java:updateAndGet(143)) - 1be30185-a2c0-4461-afc0-2cb02fcff473: start LeaderElection
2019-10-22 00:08:50,870 [1be30185-a2c0-4461-afc0-2cb02fcff473@group-A8B097DE35CC-LeaderElection536] INFO  impl.LeaderElection (LeaderElection.java:askForVotes(178)) - 1be30185-a2c0-4461-afc0-2cb02fcff473@group-A8B097DE35CC-LeaderElection536: begin an election at term 81 for -1: [e64b81a2-7e97-4a9c-9a90-0d1e8edce3a8:192.168.157.254:40074, d9951c0b-6d6e-4464-b06b-4ef93c20892c:192.168.157.254:43622, 1be30185-a2c0-4461-afc0-2cb02fcff473:192.168.157.254:38008], old=null
2019-10-22 00:08:50,875 [grpc-default-executor-5] INFO  impl.RaftServerImpl (RaftServerImpl.java:setRole(184)) - e64b81a2-7e97-4a9c-9a90-0d1e8edce3a8@group-A8B097DE35CC: changes role from  FOLLOWER to FOLLOWER at term 81 for recognizeCandidate:1be30185-a2c0-4461-afc0-2cb02fcff473
2019-10-22 00:08:50,875 [grpc-default-executor-8] INFO  impl.RaftServerImpl (RaftServerImpl.java:setRole(184)) - d9951c0b-6d6e-4464-b06b-4ef93c20892c@group-A8B097DE35CC: changes role from  FOLLOWER to FOLLOWER at term 81 for recognizeCandidate:1be30185-a2c0-4461-afc0-2cb02fcff473
2019-10-22 00:08:50,875 [grpc-default-executor-8] INFO  impl.RoleInfo (RoleInfo.java:shutdownFollowerState(121)) - d9951c0b-6d6e-4464-b06b-4ef93c20892c: shutdown FollowerState
2019-10-22 00:08:50,875 [grpc-default-executor-5] INFO  impl.RoleInfo (RoleInfo.java:shutdownFollowerState(121)) - e64b81a2-7e97-4a9c-9a90-0d1e8edce3a8: shutdown FollowerState
2019-10-22 00:08:50,875 [grpc-default-executor-8] INFO  impl.RoleInfo (RoleInfo.java:updateAndGet(143)) - d9951c0b-6d6e-4464-b06b-4ef93c20892c: start FollowerState
2019-10-22 00:08:50,875 [Thread-4606] INFO  impl.FollowerState (FollowerState.java:run(117)) - d9951c0b-6d6e-4464-b06b-4ef93c20892c@group-A8B097DE35CC-FollowerState was interrupted: java.lang.InterruptedException: sleep interrupted
2019-10-22 00:08:50,875 [grpc-default-executor-5] INFO  impl.RoleInfo (RoleInfo.java:updateAndGet(143)) - e64b81a2-7e97-4a9c-9a90-0d1e8edce3a8: start FollowerState
2019-10-22 00:08:50,875 [Thread-4605] INFO  impl.FollowerState (FollowerState.java:run(117)) - e64b81a2-7e97-4a9c-9a90-0d1e8edce3a8@group-A8B097DE35CC-FollowerState was interrupted: java.lang.InterruptedException: sleep interrupted
2019-10-22 00:08:50,890 [1be30185-a2c0-4461-afc0-2cb02fcff473@group-A8B097DE35CC-LeaderElection536] INFO  impl.LeaderElection (LeaderElection.java:logAndReturn(56)) - 1be30185-a2c0-4461-afc0-2cb02fcff473@group-A8B097DE35CC-LeaderElection536: Election REJECTED; received 2 response(s) [1be30185-a2c0-4461-afc0-2cb02fcff473<-e64b81a2-7e97-4a9c-9a90-0d1e8edce3a8#0:FAIL-t81, 1be30185-a2c0-4461-afc0-2cb02fcff473<-d9951c0b-6d6e-4464-b06b-4ef93c20892c#0:FAIL-t81] and 0 exception(s); 1be30185-a2c0-4461-afc0-2cb02fcff473@group-A8B097DE35CC:t81, leader=null, voted=1be30185-a2c0-4461-afc0-2cb02fcff473, raftlog=1be30185-a2c0-4461-afc0-2cb02fcff473@group-A8B097DE35CC-SegmentedRaftLog:OPENED:c-1,f-1,i0, conf=-1: [e64b81a2-7e97-4a9c-9a90-0d1e8edce3a8:192.168.157.254:40074, d9951c0b-6d6e-4464-b06b-4ef93c20892c:192.168.157.254:43622, 1be30185-a2c0-4461-afc0-2cb02fcff473:192.168.157.254:38008], old=null
2019-10-22 00:08:50,890 [1be30185-a2c0-4461-afc0-2cb02fcff473@group-A8B097DE35CC-LeaderElection536] INFO  impl.RaftServerImpl (RaftServerImpl.java:setRole(184)) - 1be30185-a2c0-4461-afc0-2cb02fcff473@group-A8B097DE35CC: changes role from CANDIDATE to FOLLOWER at term 81 for DISCOVERED_A_NEW_TERM
2019-10-22 00:08:50,890 [1be30185-a2c0-4461-afc0-2cb02fcff473@group-A8B097DE35CC-LeaderElection536] INFO  impl.RoleInfo (RoleInfo.java:shutdownLeaderElection(134)) - 1be30185-a2c0-4461-afc0-2cb02fcff473: shutdown LeaderElection
2019-10-22 00:08:50,890 [1be30185-a2c0-4461-afc0-2cb02fcff473@group-A8B097DE35CC-LeaderElection536] INFO  impl.RoleInfo (RoleInfo.java:updateAndGet(143)) - 1be30185-a2c0-4461-afc0-2cb02fcff473: start FollowerState
2019-10-22 00:08:50,959 [Thread-4613] INFO  impl.FollowerState (FollowerState.java:run(108)) - 1be30185-a2c0-4461-afc0-2cb02fcff473@group-A8B097DE35CC-FollowerState: change to CANDIDATE, lastRpcTime:69ms, electionTimeout:69ms
2019-10-22 00:08:50,960 [Thread-4613] INFO  impl.RoleInfo (RoleInfo.java:shutdownFollowerState(121)) - 1be30185-a2c0-4461-afc0-2cb02fcff473: shutdown FollowerState
2019-10-22 00:08:50,960 [Thread-4613] INFO  impl.RaftServerImpl (RaftServerImpl.java:setRole(184)) - 1be30185-a2c0-4461-afc0-2cb02fcff473@group-A8B097DE35CC: changes role from  FOLLOWER to CANDIDATE at term 81 for changeToCandidate
2019-10-22 00:08:50,960 [Thread-4613] INFO  impl.RoleInfo (RoleInfo.java:updateAndGet(143)) - 1be30185-a2c0-4461-afc0-2cb02fcff473: start LeaderElection
2019-10-22 00:08:50,973 [1be30185-a2c0-4461-afc0-2cb02fcff473@group-A8B097DE35CC-LeaderElection537] INFO  impl.LeaderElection (LeaderElection.java:askForVotes(178)) - 1be30185-a2c0-4461-afc0-2cb02fcff473@group-A8B097DE35CC-LeaderElection537: begin an election at term 82 for -1: [e64b81a2-7e97-4a9c-9a90-0d1e8edce3a8:192.168.157.254:40074, d9951c0b-6d6e-4464-b06b-4ef93c20892c:192.168.157.254:43622, 1be30185-a2c0-4461-afc0-2cb02fcff473:192.168.157.254:38008], old=null
2019-10-22 00:08:50,974 [grpc-default-executor-5] INFO  impl.RaftServerImpl (RaftServerImpl.java:setRole(184)) - d9951c0b-6d6e-4464-b06b-4ef93c20892c@group-A8B097DE35CC: changes role from  FOLLOWER to FOLLOWER at term 82 for recognizeCandidate:1be30185-a2c0-4461-afc0-2cb02fcff473
2019-10-22 00:08:50,975 [grpc-default-executor-5] INFO  impl.RoleInfo (RoleInfo.java:shutdownFollowerState(121)) - d9951c0b-6d6e-4464-b06b-4ef93c20892c: shutdown FollowerState
2019-10-22 00:08:50,974 [grpc-default-executor-8] INFO  impl.RaftServerImpl (RaftServerImpl.java:setRole(184)) - e64b81a2-7e97-4a9c-9a90-0d1e8edce3a8@group-A8B097DE35CC: changes role from  FOLLOWER to FOLLOWER at term 82 for recognizeCandidate:1be30185-a2c0-4461-afc0-2cb02fcff473
2019-10-22 00:08:50,975 [Thread-4611] INFO  impl.FollowerState (FollowerState.java:run(117)) - d9951c0b-6d6e-4464-b06b-4ef93c20892c@group-A8B097DE35CC-FollowerState was interrupted: java.lang.InterruptedException: sleep interrupted
2019-10-22 00:08:50,975 [grpc-default-executor-5] INFO  impl.RoleInfo (RoleInfo.java:updateAndGet(143)) - d9951c0b-6d6e-4464-b06b-4ef93c20892c: start FollowerState
2019-10-22 00:08:50,975 [grpc-default-executor-8] INFO  impl.RoleInfo (RoleInfo.java:shutdownFollowerState(121)) - e64b81a2-7e97-4a9c-9a90-0d1e8edce3a8: shutdown FollowerState
2019-10-22 00:08:50,975 [grpc-default-executor-8] INFO  impl.RoleInfo (RoleInfo.java:updateAndGet(143)) - e64b81a2-7e97-4a9c-9a90-0d1e8edce3a8: start FollowerState
2019-10-22 00:08:50,975 [Thread-4612] INFO  impl.FollowerState (FollowerState.java:run(117)) - e64b81a2-7e97-4a9c-9a90-0d1e8edce3a8@group-A8B097DE35CC-FollowerState was interrupted: java.lang.InterruptedException: sleep interrupted
2019-10-22 00:08:50,976 [1be30185-a2c0-4461-afc0-2cb02fcff473@group-A8B097DE35CC-LeaderElection537] INFO  impl.LeaderElection (LeaderElection.java:logAndReturn(56)) - 1be30185-a2c0-4461-afc0-2cb02fcff473@group-A8B097DE35CC-LeaderElection537: Election TIMEOUT; received 0 response(s) [] and 0 exception(s); 1be30185-a2c0-4461-afc0-2cb02fcff473@group-A8B097DE35CC:t82, leader=null, voted=1be30185-a2c0-4461-afc0-2cb02fcff473, raftlog=1be30185-a2c0-4461-afc0-2cb02fcff473@group-A8B097DE35CC-SegmentedRaftLog:OPENED:c-1,f-1,i0, conf=-1: [e64b81a2-7e97-4a9c-9a90-0d1e8edce3a8:192.168.157.254:40074, d9951c0b-6d6e-4464-b06b-4ef93c20892c:192.168.157.254:43622, 1be30185-a2c0-4461-afc0-2cb02fcff473:192.168.157.254:38008], old=null
2019-10-22 00:08:50,989 [1be30185-a2c0-4461-afc0-2cb02fcff473@group-A8B097DE35CC-LeaderElection537] INFO  impl.LeaderElection (LeaderElection.java:askForVotes(178)) - 1be30185-a2c0-4461-afc0-2cb02fcff473@group-A8B097DE35CC-LeaderElection537: begin an election at term 83 for -1: [e64b81a2-7e97-4a9c-9a90-0d1e8edce3a8:192.168.157.254:40074, d9951c0b-6d6e-4464-b06b-4ef93c20892c:192.168.157.254:43622, 1be30185-a2c0-4461-afc0-2cb02fcff473:192.168.157.254:38008], old=null
2019-10-22 00:08:50,990 [grpc-default-executor-8] INFO  impl.RaftServerImpl (RaftServerImpl.java:setRole(184)) - e64b81a2-7e97-4a9c-9a90-0d1e8edce3a8@group-A8B097DE35CC: changes role from  FOLLOWER to FOLLOWER at term 83 for recognizeCandidate:1be30185-a2c0-4461-afc0-2cb02fcff473
2019-10-22 00:08:50,990 [grpc-default-executor-8] INFO  impl.RoleInfo (RoleInfo.java:shutdownFollowerState(121)) - e64b81a2-7e97-4a9c-9a90-0d1e8edce3a8: shutdown FollowerState
2019-10-22 00:08:50,990 [grpc-default-executor-8] INFO  impl.RoleInfo (RoleInfo.java:updateAndGet(143)) - e64b81a2-7e97-4a9c-9a90-0d1e8edce3a8: start FollowerState
2019-10-22 00:08:50,991 [Thread-4622] INFO  impl.FollowerState (FollowerState.java:run(117)) - e64b81a2-7e97-4a9c-9a90-0d1e8edce3a8@group-A8B097DE35CC-FollowerState was interrupted: java.lang.InterruptedException: sleep interrupted
2019-10-22 00:08:50,991 [grpc-default-executor-5] INFO  impl.RaftServerImpl (RaftServerImpl.java:setRole(184)) - d9951c0b-6d6e-4464-b06b-4ef93c20892c@group-A8B097DE35CC: changes role from  FOLLOWER to FOLLOWER at term 83 for recognizeCandidate:1be30185-a2c0-4461-afc0-2cb02fcff473
2019-10-22 00:08:50,991 [grpc-default-executor-5] INFO  impl.RoleInfo (RoleInfo.java:shutdownFollowerState(121)) - d9951c0b-6d6e-4464-b06b-4ef93c20892c: shutdown FollowerState
2019-10-22 00:08:50,991 [grpc-default-executor-5] INFO  impl.RoleInfo (RoleInfo.java:updateAndGet(143)) - d9951c0b-6d6e-4464-b06b-4ef93c20892c: start FollowerState
2019-10-22 00:08:50,991 [Thread-4621] INFO  impl.FollowerState (FollowerState.java:run(117)) - d9951c0b-6d6e-4464-b06b-4ef93c20892c@group-A8B097DE35CC-FollowerState was interrupted: java.lang.InterruptedException: sleep interrupted
2019-10-22 00:08:51,005 [1be30185-a2c0-4461-afc0-2cb02fcff473@group-A8B097DE35CC-LeaderElection537] INFO  impl.LeaderElection (LeaderElection.java:logAndReturn(56)) - 1be30185-a2c0-4461-afc0-2cb02fcff473@group-A8B097DE35CC-LeaderElection537: Election REJECTED; received 2 response(s) [1be30185-a2c0-4461-afc0-2cb02fcff473<-e64b81a2-7e97-4a9c-9a90-0d1e8edce3a8#0:FAIL-t83, 1be30185-a2c0-4461-afc0-2cb02fcff473<-d9951c0b-6d6e-4464-b06b-4ef93c20892c#0:FAIL-t83] and 0 exception(s); 1be30185-a2c0-4461-afc0-2cb02fcff473@group-A8B097DE35CC:t83, leader=null, voted=1be30185-a2c0-4461-afc0-2cb02fcff473, raftlog=1be30185-a2c0-4461-afc0-2cb02fcff473@group-A8B097DE35CC-SegmentedRaftLog:OPENED:c-1,f-1,i0, conf=-1: [e64b81a2-7e97-4a9c-9a90-0d1e8edce3a8:192.168.157.254:40074, d9951c0b-6d6e-4464-b06b-4ef93c20892c:192.168.157.254:43622, 1be30185-a2c0-4461-afc0-2cb02fcff473:192.168.157.254:38008], old=null
2019-10-22 00:08:51,006 [1be30185-a2c0-4461-afc0-2cb02fcff473@group-A8B097DE35CC-LeaderElection537] INFO  impl.RaftServerImpl (RaftServerImpl.java:setRole(184)) - 1be30185-a2c0-4461-afc0-2cb02fcff473@group-A8B097DE35CC: changes role from CANDIDATE to FOLLOWER at term 83 for DISCOVERED_A_NEW_TERM
2019-10-22 00:08:51,006 [1be30185-a2c0-4461-afc0-2cb02fcff473@group-A8B097DE35CC-LeaderElection537] INFO  impl.RoleInfo (RoleInfo.java:shutdownLeaderElection(134)) - 1be30185-a2c0-4461-afc0-2cb02fcff473: shutdown LeaderElection
2019-10-22 00:08:51,006 [1be30185-a2c0-4461-afc0-2cb02fcff473@group-A8B097DE35CC-LeaderElection537] INFO  impl.RoleInfo (RoleInfo.java:updateAndGet(143)) - 1be30185-a2c0-4461-afc0-2cb02fcff473: start FollowerState
2019-10-22 00:08:51,064 [Thread-4627] INFO  impl.FollowerState (FollowerState.java:run(108)) - 1be30185-a2c0-4461-afc0-2cb02fcff473@group-A8B097DE35CC-FollowerState: change to CANDIDATE, lastRpcTime:58ms, electionTimeout:58ms
2019-10-22 00:08:51,064 [Thread-4627] INFO  impl.RoleInfo (RoleInfo.java:shutdownFollowerState(121)) - 1be30185-a2c0-4461-afc0-2cb02fcff473: shutdown FollowerState
2019-10-22 00:08:51,065 [Thread-4627] INFO  impl.RaftServerImpl (RaftServerImpl.java:setRole(184)) - 1be30185-a2c0-4461-afc0-2cb02fcff473@group-A8B097DE35CC: changes role from  FOLLOWER to CANDIDATE at term 83 for changeToCandidate
2019-10-22 00:08:51,065 [Thread-4627] INFO  impl.RoleInfo (RoleInfo.java:updateAndGet(143)) - 1be30185-a2c0-4461-afc0-2cb02fcff473: start LeaderElection
2019-10-22 00:08:51,091 [1be30185-a2c0-4461-afc0-2cb02fcff473@group-A8B097DE35CC-LeaderElection538] INFO  impl.LeaderElection (LeaderElection.java:askForVotes(178)) - 1be30185-a2c0-4461-afc0-2cb02fcff473@group-A8B097DE35CC-LeaderElection538: begin an election at term 84 for -1: [e64b81a2-7e97-4a9c-9a90-0d1e8edce3a8:192.168.157.254:40074, d9951c0b-6d6e-4464-b06b-4ef93c20892c:192.168.157.254:43622, 1be30185-a2c0-4461-afc0-2cb02fcff473:192.168.157.254:38008], old=null
2019-10-22 00:08:51,093 [grpc-default-executor-8] INFO  impl.RaftServerImpl (RaftServerImpl.java:setRole(184)) - e64b81a2-7e97-4a9c-9a90-0d1e8edce3a8@group-A8B097DE35CC: changes role from  FOLLOWER to FOLLOWER at term 84 for recognizeCandidate:1be30185-a2c0-4461-afc0-2cb02fcff473
2019-10-22 00:08:51,093 [grpc-default-executor-8] INFO  impl.RoleInfo (RoleInfo.java:shutdownFollowerState(121)) - e64b81a2-7e97-4a9c-9a90-0d1e8edce3a8: shutdown FollowerState
2019-10-22 00:08:51,093 [grpc-default-executor-8] INFO  impl.RoleInfo (RoleInfo.java:updateAndGet(143)) - e64b81a2-7e97-4a9c-9a90-0d1e8edce3a8: start FollowerState
2019-10-22 00:08:51,093 [grpc-default-executor-1] INFO  impl.RaftServerImpl (RaftServerImpl.java:setRole(184)) - d9951c0b-6d6e-4464-b06b-4ef93c20892c@group-A8B097DE35CC: changes role from  FOLLOWER to FOLLOWER at term 84 for recognizeCandidate:1be30185-a2c0-4461-afc0-2cb02fcff473
2019-10-22 00:08:51,093 [Thread-4625] INFO  impl.FollowerState (FollowerState.java:run(117)) - e64b81a2-7e97-4a9c-9a90-0d1e8edce3a8@group-A8B097DE35CC-FollowerState was interrupted: java.lang.InterruptedException: sleep interrupted
2019-10-22 00:08:51,093 [grpc-default-executor-1] INFO  impl.RoleInfo (RoleInfo.java:shutdownFollowerState(121)) - d9951c0b-6d6e-4464-b06b-4ef93c20892c: shutdown FollowerState
2019-10-22 00:08:51,094 [grpc-default-executor-1] INFO  impl.RoleInfo (RoleInfo.java:updateAndGet(143)) - d9951c0b-6d6e-4464-b06b-4ef93c20892c: start FollowerState
2019-10-22 00:08:51,094 [Thread-4626] INFO  impl.FollowerState (FollowerState.java:run(117)) - d9951c0b-6d6e-4464-b06b-4ef93c20892c@group-A8B097DE35CC-FollowerState was interrupted: java.lang.InterruptedException: sleep interrupted
2019-10-22 00:08:51,108 [1be30185-a2c0-4461-afc0-2cb02fcff473@group-A8B097DE35CC-LeaderElection538] INFO  impl.LeaderElection (LeaderElection.java:logAndReturn(56)) - 1be30185-a2c0-4461-afc0-2cb02fcff473@group-A8B097DE35CC-LeaderElection538: Election REJECTED; received 2 response(s) [1be30185-a2c0-4461-afc0-2cb02fcff473<-e64b81a2-7e97-4a9c-9a90-0d1e8edce3a8#0:FAIL-t84, 1be30185-a2c0-4461-afc0-2cb02fcff473<-d9951c0b-6d6e-4464-b06b-4ef93c20892c#0:FAIL-t84] and 0 exception(s); 1be30185-a2c0-4461-afc0-2cb02fcff473@group-A8B097DE35CC:t84, leader=null, voted=1be30185-a2c0-4461-afc0-2cb02fcff473, raftlog=1be30185-a2c0-4461-afc0-2cb02fcff473@group-A8B097DE35CC-SegmentedRaftLog:OPENED:c-1,f-1,i0, conf=-1: [e64b81a2-7e97-4a9c-9a90-0d1e8edce3a8:192.168.157.254:40074, d9951c0b-6d6e-4464-b06b-4ef93c20892c:192.168.157.254:43622, 1be30185-a2c0-4461-afc0-2cb02fcff473:192.168.157.254:38008], old=null
2019-10-22 00:08:51,108 [1be30185-a2c0-4461-afc0-2cb02fcff473@group-A8B097DE35CC-LeaderElection538] INFO  impl.RaftServerImpl (RaftServerImpl.java:setRole(184)) - 1be30185-a2c0-4461-afc0-2cb02fcff473@group-A8B097DE35CC: changes role from CANDIDATE to FOLLOWER at term 84 for DISCOVERED_A_NEW_TERM
2019-10-22 00:08:51,108 [1be30185-a2c0-4461-afc0-2cb02fcff473@group-A8B097DE35CC-LeaderElection538] INFO  impl.RoleInfo (RoleInfo.java:shutdownLeaderElection(134)) - 1be30185-a2c0-4461-afc0-2cb02fcff473: shutdown LeaderElection
2019-10-22 00:08:51,108 [1be30185-a2c0-4461-afc0-2cb02fcff473@group-A8B097DE35CC-LeaderElection538] INFO  impl.RoleInfo (RoleInfo.java:updateAndGet(143)) - 1be30185-a2c0-4461-afc0-2cb02fcff473: start FollowerState
2019-10-22 00:08:51,197 [Thread-4635] INFO  impl.FollowerState (FollowerState.java:run(108)) - 1be30185-a2c0-4461-afc0-2cb02fcff473@group-A8B097DE35CC-FollowerState: change to CANDIDATE, lastRpcTime:89ms, electionTimeout:89ms
2019-10-22 00:08:51,197 [Thread-4635] INFO  impl.RoleInfo (RoleInfo.java:shutdownFollowerState(121)) - 1be30185-a2c0-4461-afc0-2cb02fcff473: shutdown FollowerState
2019-10-22 00:08:51,197 [Thread-4635] INFO  impl.RaftServerImpl (RaftServerImpl.java:setRole(184)) - 1be30185-a2c0-4461-afc0-2cb02fcff473@group-A8B097DE35CC: changes role from  FOLLOWER to CANDIDATE at term 84 for changeToCandidate
2019-10-22 00:08:51,198 [Thread-4635] INFO  impl.RoleInfo (RoleInfo.java:updateAndGet(143)) - 1be30185-a2c0-4461-afc0-2cb02fcff473: start LeaderElection
2019-10-22 00:08:51,222 [1be30185-a2c0-4461-afc0-2cb02fcff473@group-A8B097DE35CC-LeaderElection539] INFO  impl.LeaderElection (LeaderElection.java:askForVotes(178)) - 1be30185-a2c0-4461-afc0-2cb02fcff473@group-A8B097DE35CC-LeaderElection539: begin an election at term 85 for -1: [e64b81a2-7e97-4a9c-9a90-0d1e8edce3a8:192.168.157.254:40074, d9951c0b-6d6e-4464-b06b-4ef93c20892c:192.168.157.254:43622, 1be30185-a2c0-4461-afc0-2cb02fcff473:192.168.157.254:38008], old=null
2019-10-22 00:08:51,223 [grpc-default-executor-1] INFO  impl.RaftServerImpl (RaftServerImpl.java:setRole(184)) - d9951c0b-6d6e-4464-b06b-4ef93c20892c@group-A8B097DE35CC: changes role from  FOLLOWER to FOLLOWER at term 85 for recognizeCandidate:1be30185-a2c0-4461-afc0-2cb02fcff473
2019-10-22 00:08:51,224 [grpc-default-executor-8] INFO  impl.RaftServerImpl (RaftServerImpl.java:setRole(184)) - e64b81a2-7e97-4a9c-9a90-0d1e8edce3a8@group-A8B097DE35CC: changes role from  FOLLOWER to FOLLOWER at term 85 for recognizeCandidate:1be30185-a2c0-4461-afc0-2cb02fcff473
2019-10-22 00:08:51,224 [grpc-default-executor-1] INFO  impl.RoleInfo (RoleInfo.java:shutdownFollowerState(121)) - d9951c0b-6d6e-4464-b06b-4ef93c20892c: shutdown FollowerState
2019-10-22 00:08:51,224 [grpc-default-executor-8] INFO  impl.RoleInfo (RoleInfo.java:shutdownFollowerState(121)) - e64b81a2-7e97-4a9c-9a90-0d1e8edce3a8: shutdown FollowerState
2019-10-22 00:08:51,224 [Thread-4634] INFO  impl.FollowerState (FollowerState.java:run(117)) - d9951c0b-6d6e-4464-b06b-4ef93c20892c@group-A8B097DE35CC-FollowerState was interrupted: java.lang.InterruptedException: sleep interrupted
2019-10-22 00:08:51,224 [grpc-default-executor-1] INFO  impl.RoleInfo (RoleInfo.java:updateAndGet(143)) - d9951c0b-6d6e-4464-b06b-4ef93c20892c: start FollowerState
2019-10-22 00:08:51,224 [Thread-4633] INFO  impl.FollowerState (FollowerState.java:run(117)) - e64b81a2-7e97-4a9c-9a90-0d1e8edce3a8@group-A8B097DE35CC-FollowerState was interrupted: java.lang.InterruptedException: sleep interrupted
2019-10-22 00:08:51,224 [grpc-default-executor-8] INFO  impl.RoleInfo (RoleInfo.java:updateAndGet(143)) - e64b81a2-7e97-4a9c-9a90-0d1e8edce3a8: start FollowerState
2019-10-22 00:08:51,238 [1be30185-a2c0-4461-afc0-2cb02fcff473@group-A8B097DE35CC-LeaderElection539] INFO  impl.LeaderElection (LeaderElection.java:logAndReturn(56)) - 1be30185-a2c0-4461-afc0-2cb02fcff473@group-A8B097DE35CC-LeaderElection539: Election REJECTED; received 2 response(s) [1be30185-a2c0-4461-afc0-2cb02fcff473<-e64b81a2-7e97-4a9c-9a90-0d1e8edce3a8#0:FAIL-t85, 1be30185-a2c0-4461-afc0-2cb02fcff473<-d9951c0b-6d6e-4464-b06b-4ef93c20892c#0:FAIL-t85] and 0 exception(s); 1be30185-a2c0-4461-afc0-2cb02fcff473@group-A8B097DE35CC:t85, leader=null, voted=1be30185-a2c0-4461-afc0-2cb02fcff473, raftlog=1be30185-a2c0-4461-afc0-2cb02fcff473@group-A8B097DE35CC-SegmentedRaftLog:OPENED:c-1,f-1,i0, conf=-1: [e64b81a2-7e97-4a9c-9a90-0d1e8edce3a8:192.168.157.254:40074, d9951c0b-6d6e-4464-b06b-4ef93c20892c:192.168.157.254:43622, 1be30185-a2c0-4461-afc0-2cb02fcff473:192.168.157.254:38008], old=null
2019-10-22 00:08:51,238 [1be30185-a2c0-4461-afc0-2cb02fcff473@group-A8B097DE35CC-LeaderElection539] INFO  impl.RaftServerImpl (RaftServerImpl.java:setRole(184)) - 1be30185-a2c0-4461-afc0-2cb02fcff473@group-A8B097DE35CC: changes role from CANDIDATE to FOLLOWER at term 85 for DISCOVERED_A_NEW_TERM
2019-10-22 00:08:51,238 [1be30185-a2c0-4461-afc0-2cb02fcff473@group-A8B097DE35CC-LeaderElection539] INFO  impl.RoleInfo (RoleInfo.java:shutdownLeaderElection(134)) - 1be30185-a2c0-4461-afc0-2cb02fcff473: shutdown LeaderElection
2019-10-22 00:08:51,239 [1be30185-a2c0-4461-afc0-2cb02fcff473@group-A8B097DE35CC-LeaderElection539] INFO  impl.RoleInfo (RoleInfo.java:updateAndGet(143)) - 1be30185-a2c0-4461-afc0-2cb02fcff473: start FollowerState
2019-10-22 00:08:51,386 [Thread-4641] INFO  impl.FollowerState (FollowerState.java:run(108)) - 1be30185-a2c0-4461-afc0-2cb02fcff473@group-A8B097DE35CC-FollowerState: change to CANDIDATE, lastRpcTime:147ms, electionTimeout:147ms
2019-10-22 00:08:51,386 [Thread-4641] INFO  impl.RoleInfo (RoleInfo.java:shutdownFollowerState(121)) - 1be30185-a2c0-4461-afc0-2cb02fcff473: shutdown FollowerState
2019-10-22 00:08:51,386 [Thread-4641] INFO  impl.RaftServerImpl (RaftServerImpl.java:setRole(184)) - 1be30185-a2c0-4461-afc0-2cb02fcff473@group-A8B097DE35CC: changes role from  FOLLOWER to CANDIDATE at term 85 for changeToCandidate
2019-10-22 00:08:51,386 [Thread-4641] INFO  impl.RoleInfo (RoleInfo.java:updateAndGet(143)) - 1be30185-a2c0-4461-afc0-2cb02fcff473: start LeaderElection
2019-10-22 00:08:51,400 [1be30185-a2c0-4461-afc0-2cb02fcff473@group-A8B097DE35CC-LeaderElection540] INFO  impl.LeaderElection (LeaderElection.java:askForVotes(178)) - 1be30185-a2c0-4461-afc0-2cb02fcff473@group-A8B097DE35CC-LeaderElection540: begin an election at term 86 for -1: [e64b81a2-7e97-4a9c-9a90-0d1e8edce3a8:192.168.157.254:40074, d9951c0b-6d6e-4464-b06b-4ef93c20892c:192.168.157.254:43622, 1be30185-a2c0-4461-afc0-2cb02fcff473:192.168.157.254:38008], old=null
2019-10-22 00:08:51,401 [grpc-default-executor-1] INFO  impl.RaftServerImpl (RaftServerImpl.java:setRole(184)) - d9951c0b-6d6e-4464-b06b-4ef93c20892c@group-A8B097DE35CC: changes role from  FOLLOWER to FOLLOWER at term 86 for recognizeCandidate:1be30185-a2c0-4461-afc0-2cb02fcff473
2019-10-22 00:08:51,401 [grpc-default-executor-1] INFO  impl.RoleInfo (RoleInfo.java:shutdownFollowerState(121)) - d9951c0b-6d6e-4464-b06b-4ef93c20892c: shutdown FollowerState
2019-10-22 00:08:51,401 [grpc-default-executor-8] INFO  impl.RaftServerImpl (RaftServerImpl.java:setRole(184)) - e64b81a2-7e97-4a9c-9a90-0d1e8edce3a8@group-A8B097DE35CC: changes role from  FOLLOWER to FOLLOWER at term 86 for recognizeCandidate:1be30185-a2c0-4461-afc0-2cb02fcff473
2019-10-22 00:08:51,401 [Thread-4639] INFO  impl.FollowerState (FollowerState.java:run(117)) - d9951c0b-6d6e-4464-b06b-4ef93c20892c@group-A8B097DE35CC-FollowerState was interrupted: java.lang.InterruptedException: sleep interrupted
2019-10-22 00:08:51,401 [grpc-default-executor-1] INFO  impl.RoleInfo (RoleInfo.java:updateAndGet(143)) - d9951c0b-6d6e-4464-b06b-4ef93c20892c: start FollowerState
2019-10-22 00:08:51,401 [grpc-default-executor-8] INFO  impl.RoleInfo (RoleInfo.java:shutdownFollowerState(121)) - e64b81a2-7e97-4a9c-9a90-0d1e8edce3a8: shutdown FollowerState
2019-10-22 00:08:51,402 [grpc-default-executor-8] INFO  impl.RoleInfo (RoleInfo.java:updateAndGet(143)) - e64b81a2-7e97-4a9c-9a90-0d1e8edce3a8: start FollowerState
2019-10-22 00:08:51,402 [Thread-4640] INFO  impl.FollowerState (FollowerState.java:run(117)) - e64b81a2-7e97-4a9c-9a90-0d1e8edce3a8@group-A8B097DE35CC-FollowerState was interrupted: java.lang.InterruptedException: sleep interrupted
2019-10-22 00:08:51,418 [1be30185-a2c0-4461-afc0-2cb02fcff473@group-A8B097DE35CC-LeaderElection540] INFO  impl.LeaderElection (LeaderElection.java:logAndReturn(56)) - 1be30185-a2c0-4461-afc0-2cb02fcff473@group-A8B097DE35CC-LeaderElection540: Election REJECTED; received 2 response(s) [1be30185-a2c0-4461-afc0-2cb02fcff473<-e64b81a2-7e97-4a9c-9a90-0d1e8edce3a8#0:FAIL-t86, 1be30185-a2c0-4461-afc0-2cb02fcff473<-d9951c0b-6d6e-4464-b06b-4ef93c20892c#0:FAIL-t86] and 0 exception(s); 1be30185-a2c0-4461-afc0-2cb02fcff473@group-A8B097DE35CC:t86, leader=null, voted=1be30185-a2c0-4461-afc0-2cb02fcff473, raftlog=1be30185-a2c0-4461-afc0-2cb02fcff473@group-A8B097DE35CC-SegmentedRaftLog:OPENED:c-1,f-1,i0, conf=-1: [e64b81a2-7e97-4a9c-9a90-0d1e8edce3a8:192.168.157.254:40074, d9951c0b-6d6e-4464-b06b-4ef93c20892c:192.168.157.254:43622, 1be30185-a2c0-4461-afc0-2cb02fcff473:192.168.157.254:38008], old=null
2019-10-22 00:08:51,418 [1be30185-a2c0-4461-afc0-2cb02fcff473@group-A8B097DE35CC-LeaderElection540] INFO  impl.RaftServerImpl (RaftServerImpl.java:setRole(184)) - 1be30185-a2c0-4461-afc0-2cb02fcff473@group-A8B097DE35CC: changes role from CANDIDATE to FOLLOWER at term 86 for DISCOVERED_A_NEW_TERM
2019-10-22 00:08:51,418 [1be30185-a2c0-4461-afc0-2cb02fcff473@group-A8B097DE35CC-LeaderElection540] INFO  impl.RoleInfo (RoleInfo.java:shutdownLeaderElection(134)) - 1be30185-a2c0-4461-afc0-2cb02fcff473: shutdown LeaderElection
2019-10-22 00:08:51,418 [1be30185-a2c0-4461-afc0-2cb02fcff473@group-A8B097DE35CC-LeaderElection540] INFO  impl.RoleInfo (RoleInfo.java:updateAndGet(143)) - 1be30185-a2c0-4461-afc0-2cb02fcff473: start FollowerState
2019-10-22 00:08:51,613 [Thread-4647] INFO  impl.FollowerState (FollowerState.java:run(108)) - 1be30185-a2c0-4461-afc0-2cb02fcff473@group-A8B097DE35CC-FollowerState: change to CANDIDATE, lastRpcTime:195ms, electionTimeout:195ms
2019-10-22 00:08:51,613 [Thread-4647] INFO  impl.RoleInfo (RoleInfo.java:shutdownFollowerState(121)) - 1be30185-a2c0-4461-afc0-2cb02fcff473: shutdown FollowerState
2019-10-22 00:08:51,614 [Thread-4647] INFO  impl.RaftServerImpl (RaftServerImpl.java:setRole(184)) - 1be30185-a2c0-4461-afc0-2cb02fcff473@group-A8B097DE35CC: changes role from  FOLLOWER to CANDIDATE at term 86 for changeToCandidate
2019-10-22 00:08:51,614 [Thread-4647] INFO  impl.RoleInfo (RoleInfo.java:updateAndGet(143)) - 1be30185-a2c0-4461-afc0-2cb02fcff473: start LeaderElection
2019-10-22 00:08:51,627 [1be30185-a2c0-4461-afc0-2cb02fcff473@group-A8B097DE35CC-LeaderElection541] INFO  impl.LeaderElection (LeaderElection.java:askForVotes(178)) - 1be30185-a2c0-4461-afc0-2cb02fcff473@group-A8B097DE35CC-LeaderElection541: begin an election at term 87 for -1: [e64b81a2-7e97-4a9c-9a90-0d1e8edce3a8:192.168.157.254:40074, d9951c0b-6d6e-4464-b06b-4ef93c20892c:192.168.157.254:43622, 1be30185-a2c0-4461-afc0-2cb02fcff473:192.168.157.254:38008], old=null
2019-10-22 00:08:51,629 [grpc-default-executor-8] INFO  impl.RaftServerImpl (RaftServerImpl.java:setRole(184)) - d9951c0b-6d6e-4464-b06b-4ef93c20892c@group-A8B097DE35CC: changes role from  FOLLOWER to FOLLOWER at term 87 for recognizeCandidate:1be30185-a2c0-4461-afc0-2cb02fcff473
2019-10-22 00:08:51,629 [grpc-default-executor-1] INFO  impl.RaftServerImpl (RaftServerImpl.java:setRole(184)) - e64b81a2-7e97-4a9c-9a90-0d1e8edce3a8@group-A8B097DE35CC: changes role from  FOLLOWER to FOLLOWER at term 87 for recognizeCandidate:1be30185-a2c0-4461-afc0-2cb02fcff473
2019-10-22 00:08:51,629 [grpc-default-executor-8] INFO  impl.RoleInfo (RoleInfo.java:shutdownFollowerState(121)) - d9951c0b-6d6e-4464-b06b-4ef93c20892c: shutdown FollowerState
2019-10-22 00:08:51,629 [grpc-default-executor-1] INFO  impl.RoleInfo (RoleInfo.java:shutdownFollowerState(121)) - e64b81a2-7e97-4a9c-9a90-0d1e8edce3a8: shutdown FollowerState
2019-10-22 00:08:51,629 [grpc-default-executor-8] INFO  impl.RoleInfo (RoleInfo.java:updateAndGet(143)) - d9951c0b-6d6e-4464-b06b-4ef93c20892c: start FollowerState
2019-10-22 00:08:51,629 [Thread-4645] INFO  impl.FollowerState (FollowerState.java:run(117)) - d9951c0b-6d6e-4464-b06b-4ef93c20892c@group-A8B097DE35CC-FollowerState was interrupted: java.lang.InterruptedException: sleep interrupted
2019-10-22 00:08:51,629 [Thread-4646] INFO  impl.FollowerState (FollowerState.java:run(117)) - e64b81a2-7e97-4a9c-9a90-0d1e8edce3a8@group-A8B097DE35CC-FollowerState was interrupted: java.lang.InterruptedException: sleep interrupted
2019-10-22 00:08:51,629 [grpc-default-executor-1] INFO  impl.RoleInfo (RoleInfo.java:updateAndGet(143)) - e64b81a2-7e97-4a9c-9a90-0d1e8edce3a8: start FollowerState
2019-10-22 00:08:51,646 [1be30185-a2c0-4461-afc0-2cb02fcff473@group-A8B097DE35CC-LeaderElection541] INFO  impl.LeaderElection (LeaderElection.java:logAndReturn(56)) - 1be30185-a2c0-4461-afc0-2cb02fcff473@group-A8B097DE35CC-LeaderElection541: Election REJECTED; received 2 response(s) [1be30185-a2c0-4461-afc0-2cb02fcff473<-e64b81a2-7e97-4a9c-9a90-0d1e8edce3a8#0:FAIL-t87, 1be30185-a2c0-4461-afc0-2cb02fcff473<-d9951c0b-6d6e-4464-b06b-4ef93c20892c#0:FAIL-t87] and 0 exception(s); 1be30185-a2c0-4461-afc0-2cb02fcff473@group-A8B097DE35CC:t87, leader=null, voted=1be30185-a2c0-4461-afc0-2cb02fcff473, raftlog=1be30185-a2c0-4461-afc0-2cb02fcff473@group-A8B097DE35CC-SegmentedRaftLog:OPENED:c-1,f-1,i0, conf=-1: [e64b81a2-7e97-4a9c-9a90-0d1e8edce3a8:192.168.157.254:40074, d9951c0b-6d6e-4464-b06b-4ef93c20892c:192.168.157.254:43622, 1be30185-a2c0-4461-afc0-2cb02fcff473:192.168.157.254:38008], old=null
2019-10-22 00:08:51,646 [1be30185-a2c0-4461-afc0-2cb02fcff473@group-A8B097DE35CC-LeaderElection541] INFO  impl.RaftServerImpl (RaftServerImpl.java:setRole(184)) - 1be30185-a2c0-4461-afc0-2cb02fcff473@group-A8B097DE35CC: changes role from CANDIDATE to FOLLOWER at term 87 for DISCOVERED_A_NEW_TERM
2019-10-22 00:08:51,646 [1be30185-a2c0-4461-afc0-2cb02fcff473@group-A8B097DE35CC-LeaderElection541] INFO  impl.RoleInfo (RoleInfo.java:shutdownLeaderElection(134)) - 1be30185-a2c0-4461-afc0-2cb02fcff473: shutdown LeaderElection
2019-10-22 00:08:51,646 [1be30185-a2c0-4461-afc0-2cb02fcff473@group-A8B097DE35CC-LeaderElection541] INFO  impl.RoleInfo (RoleInfo.java:updateAndGet(143)) - 1be30185-a2c0-4461-afc0-2cb02fcff473: start FollowerState
2019-10-22 00:08:51,747 [Thread-4657] INFO  impl.FollowerState (FollowerState.java:run(108)) - 1be30185-a2c0-4461-afc0-2cb02fcff473@group-A8B097DE35CC-FollowerState: change to CANDIDATE, lastRpcTime:100ms, electionTimeout:100ms
2019-10-22 00:08:51,747 [Thread-4657] INFO  impl.RoleInfo (RoleInfo.java:shutdownFollowerState(121)) - 1be30185-a2c0-4461-afc0-2cb02fcff473: shutdown FollowerState
2019-10-22 00:08:51,747 [Thread-4657] INFO  impl.RaftServerImpl (RaftServerImpl.java:setRole(184)) - 1be30185-a2c0-4461-afc0-2cb02fcff473@group-A8B097DE35CC: changes role from  FOLLOWER to CANDIDATE at term 87 for changeToCandidate
2019-10-22 00:08:51,747 [Thread-4657] INFO  impl.RoleInfo (RoleInfo.java:updateAndGet(143)) - 1be30185-a2c0-4461-afc0-2cb02fcff473: start LeaderElection
2019-10-22 00:08:51,760 [1be30185-a2c0-4461-afc0-2cb02fcff473@group-A8B097DE35CC-LeaderElection542] INFO  impl.LeaderElection (LeaderElection.java:askForVotes(178)) - 1be30185-a2c0-4461-afc0-2cb02fcff473@group-A8B097DE35CC-LeaderElection542: begin an election at term 88 for -1: [e64b81a2-7e97-4a9c-9a90-0d1e8edce3a8:192.168.157.254:40074, d9951c0b-6d6e-4464-b06b-4ef93c20892c:192.168.157.254:43622, 1be30185-a2c0-4461-afc0-2cb02fcff473:192.168.157.254:38008], old=null
2019-10-22 00:08:51,762 [grpc-default-executor-8] INFO  impl.RaftServerImpl (RaftServerImpl.java:setRole(184)) - e64b81a2-7e97-4a9c-9a90-0d1e8edce3a8@group-A8B097DE35CC: changes role from  FOLLOWER to FOLLOWER at term 88 for recognizeCandidate:1be30185-a2c0-4461-afc0-2cb02fcff473
2019-10-22 00:08:51,762 [grpc-default-executor-1] INFO  impl.RaftServerImpl (RaftServerImpl.java:setRole(184)) - d9951c0b-6d6e-4464-b06b-4ef93c20892c@group-A8B097DE35CC: changes role from  FOLLOWER to FOLLOWER at term 88 for recognizeCandidate:1be30185-a2c0-4461-afc0-2cb02fcff473
2019-10-22 00:08:51,763 [grpc-default-executor-8] INFO  impl.RoleInfo (RoleInfo.java:shutdownFollowerState(121)) - e64b81a2-7e97-4a9c-9a90-0d1e8edce3a8: shutdown FollowerState
2019-10-22 00:08:51,763 [grpc-default-executor-1] INFO  impl.RoleInfo (RoleInfo.java:shutdownFollowerState(121)) - d9951c0b-6d6e-4464-b06b-4ef93c20892c: shutdown FollowerState
2019-10-22 00:08:51,763 [grpc-default-executor-8] INFO  impl.RoleInfo (RoleInfo.java:updateAndGet(143)) - e64b81a2-7e97-4a9c-9a90-0d1e8edce3a8: start FollowerState
2019-10-22 00:08:51,763 [Thread-4655] INFO  impl.FollowerState (FollowerState.java:run(117)) - d9951c0b-6d6e-4464-b06b-4ef93c20892c@group-A8B097DE35CC-FollowerState was interrupted: java.lang.InterruptedException: sleep interrupted
2019-10-22 00:08:51,763 [grpc-default-executor-1] INFO  impl.RoleInfo (RoleInfo.java:updateAndGet(143)) - d9951c0b-6d6e-4464-b06b-4ef93c20892c: start FollowerState
2019-10-22 00:08:51,763 [Thread-4656] INFO  impl.FollowerState (FollowerState.java:run(117)) - e64b81a2-7e97-4a9c-9a90-0d1e8edce3a8@group-A8B097DE35CC-FollowerState was interrupted: java.lang.InterruptedException: sleep interrupted
2019-10-22 00:08:51,780 [1be30185-a2c0-4461-afc0-2cb02fcff473@group-A8B097DE35CC-LeaderElection542] INFO  impl.LeaderElection (LeaderElection.java:logAndReturn(56)) - 1be30185-a2c0-4461-afc0-2cb02fcff473@group-A8B097DE35CC-LeaderElection542: Election REJECTED; received 2 response(s) [1be30185-a2c0-4461-afc0-2cb02fcff473<-e64b81a2-7e97-4a9c-9a90-0d1e8edce3a8#0:FAIL-t88, 1be30185-a2c0-4461-afc0-2cb02fcff473<-d9951c0b-6d6e-4464-b06b-4ef93c20892c#0:FAIL-t88] and 0 exception(s); 1be30185-a2c0-4461-afc0-2cb02fcff473@group-A8B097DE35CC:t88, leader=null, voted=1be30185-a2c0-4461-afc0-2cb02fcff473, raftlog=1be30185-a2c0-4461-afc0-2cb02fcff473@group-A8B097DE35CC-SegmentedRaftLog:OPENED:c-1,f-1,i0, conf=-1: [e64b81a2-7e97-4a9c-9a90-0d1e8edce3a8:192.168.157.254:40074, d9951c0b-6d6e-4464-b06b-4ef93c20892c:192.168.157.254:43622, 1be30185-a2c0-4461-afc0-2cb02fcff473:192.168.157.254:38008], old=null
2019-10-22 00:08:51,780 [1be30185-a2c0-4461-afc0-2cb02fcff473@group-A8B097DE35CC-LeaderElection542] INFO  impl.RaftServerImpl (RaftServerImpl.java:setRole(184)) - 1be30185-a2c0-4461-afc0-2cb02fcff473@group-A8B097DE35CC: changes role from CANDIDATE to FOLLOWER at term 88 for DISCOVERED_A_NEW_TERM
2019-10-22 00:08:51,780 [1be30185-a2c0-4461-afc0-2cb02fcff473@group-A8B097DE35CC-LeaderElection542] INFO  impl.RoleInfo (RoleInfo.java:shutdownLeaderElection(134)) - 1be30185-a2c0-4461-afc0-2cb02fcff473: shutdown LeaderElection
2019-10-22 00:08:51,780 [1be30185-a2c0-4461-afc0-2cb02fcff473@group-A8B097DE35CC-LeaderElection542] INFO  impl.RoleInfo (RoleInfo.java:updateAndGet(143)) - 1be30185-a2c0-4461-afc0-2cb02fcff473: start FollowerState
2019-10-22 00:08:51,961 [Thread-4663] INFO  impl.FollowerState (FollowerState.java:run(108)) - 1be30185-a2c0-4461-afc0-2cb02fcff473@group-A8B097DE35CC-FollowerState: change to CANDIDATE, lastRpcTime:181ms, electionTimeout:181ms
2019-10-22 00:08:51,961 [Thread-4663] INFO  impl.RoleInfo (RoleInfo.java:shutdownFollowerState(121)) - 1be30185-a2c0-4461-afc0-2cb02fcff473: shutdown FollowerState
2019-10-22 00:08:51,961 [Thread-4663] INFO  impl.RaftServerImpl (RaftServerImpl.java:setRole(184)) - 1be30185-a2c0-4461-afc0-2cb02fcff473@group-A8B097DE35CC: changes role from  FOLLOWER to CANDIDATE at term 88 for changeToCandidate
2019-10-22 00:08:51,962 [Thread-4663] INFO  impl.RoleInfo (RoleInfo.java:updateAndGet(143)) - 1be30185-a2c0-4461-afc0-2cb02fcff473: start LeaderElection
2019-10-22 00:08:51,976 [1be30185-a2c0-4461-afc0-2cb02fcff473@group-A8B097DE35CC-LeaderElection543] INFO  impl.LeaderElection (LeaderElection.java:askForVotes(178)) - 1be30185-a2c0-4461-afc0-2cb02fcff473@group-A8B097DE35CC-LeaderElection543: begin an election at term 89 for -1: [e64b81a2-7e97-4a9c-9a90-0d1e8edce3a8:192.168.157.254:40074, d9951c0b-6d6e-4464-b06b-4ef93c20892c:192.168.157.254:43622, 1be30185-a2c0-4461-afc0-2cb02fcff473:192.168.157.254:38008], old=null
2019-10-22 00:08:51,977 [grpc-default-executor-1] INFO  impl.RaftServerImpl (RaftServerImpl.java:setRole(184)) - e64b81a2-7e97-4a9c-9a90-0d1e8edce3a8@group-A8B097DE35CC: changes role from  FOLLOWER to FOLLOWER at term 89 for recognizeCandidate:1be30185-a2c0-4461-afc0-2cb02fcff473
2019-10-22 00:08:51,977 [grpc-default-executor-1] INFO  impl.RoleInfo (RoleInfo.java:shutdownFollowerState(121)) - e64b81a2-7e97-4a9c-9a90-0d1e8edce3a8: shutdown FollowerState
2019-10-22 00:08:51,977 [grpc-default-executor-8] INFO  impl.RaftServerImpl (RaftServerImpl.java:setRole(184)) - d9951c0b-6d6e-4464-b06b-4ef93c20892c@group-A8B097DE35CC: changes role from  FOLLOWER to FOLLOWER at term 89 for recognizeCandidate:1be30185-a2c0-4461-afc0-2cb02fcff473
2019-10-22 00:08:51,977 [Thread-4661] INFO  impl.FollowerState (FollowerState.java:run(117)) - e64b81a2-7e97-4a9c-9a90-0d1e8edce3a8@group-A8B097DE35CC-FollowerState was interrupted: java.lang.InterruptedException: sleep interrupted
2019-10-22 00:08:51,977 [grpc-default-executor-1] INFO  impl.RoleInfo (RoleInfo.java:updateAndGet(143)) - e64b81a2-7e97-4a9c-9a90-0d1e8edce3a8: start FollowerState
2019-10-22 00:08:51,977 [grpc-default-executor-8] INFO  impl.RoleInfo (RoleInfo.java:shutdownFollowerState(121)) - d9951c0b-6d6e-4464-b06b-4ef93c20892c: shutdown FollowerState
2019-10-22 00:08:51,978 [Thread-4662] INFO  impl.FollowerState (FollowerState.java:run(117)) - d9951c0b-6d6e-4464-b06b-4ef93c20892c@group-A8B097DE35CC-FollowerState was interrupted: java.lang.InterruptedException: sleep interrupted
2019-10-22 00:08:51,978 [grpc-default-executor-8] INFO  impl.RoleInfo (RoleInfo.java:updateAndGet(143)) - d9951c0b-6d6e-4464-b06b-4ef93c20892c: start FollowerState
2019-10-22 00:08:51,991 [1be30185-a2c0-4461-afc0-2cb02fcff473@group-A8B097DE35CC-LeaderElection543] INFO  impl.LeaderElection (LeaderElection.java:logAndReturn(56)) - 1be30185-a2c0-4461-afc0-2cb02fcff473@group-A8B097DE35CC-LeaderElection543: Election REJECTED; received 2 response(s) [1be30185-a2c0-4461-afc0-2cb02fcff473<-e64b81a2-7e97-4a9c-9a90-0d1e8edce3a8#0:FAIL-t89, 1be30185-a2c0-4461-afc0-2cb02fcff473<-d9951c0b-6d6e-4464-b06b-4ef93c20892c#0:FAIL-t89] and 0 exception(s); 1be30185-a2c0-4461-afc0-2cb02fcff473@group-A8B097DE35CC:t89, leader=null, voted=1be30185-a2c0-4461-afc0-2cb02fcff473, raftlog=1be30185-a2c0-4461-afc0-2cb02fcff473@group-A8B097DE35CC-SegmentedRaftLog:OPENED:c-1,f-1,i0, conf=-1: [e64b81a2-7e97-4a9c-9a90-0d1e8edce3a8:192.168.157.254:40074, d9951c0b-6d6e-4464-b06b-4ef93c20892c:192.168.157.254:43622, 1be30185-a2c0-4461-afc0-2cb02fcff473:192.168.157.254:38008], old=null
2019-10-22 00:08:51,992 [1be30185-a2c0-4461-afc0-2cb02fcff473@group-A8B097DE35CC-LeaderElection543] INFO  impl.RaftServerImpl (RaftServerImpl.java:setRole(184)) - 1be30185-a2c0-4461-afc0-2cb02fcff473@group-A8B097DE35CC: changes role from CANDIDATE to FOLLOWER at term 89 for DISCOVERED_A_NEW_TERM
2019-10-22 00:08:51,992 [1be30185-a2c0-4461-afc0-2cb02fcff473@group-A8B097DE35CC-LeaderElection543] INFO  impl.RoleInfo (RoleInfo.java:shutdownLeaderElection(134)) - 1be30185-a2c0-4461-afc0-2cb02fcff473: shutdown LeaderElection
2019-10-22 00:08:51,992 [1be30185-a2c0-4461-afc0-2cb02fcff473@group-A8B097DE35CC-LeaderElection543] INFO  impl.RoleInfo (RoleInfo.java:updateAndGet(143)) - 1be30185-a2c0-4461-afc0-2cb02fcff473: start FollowerState
2019-10-22 00:08:52,131 [Thread-4673] INFO  impl.FollowerState (FollowerState.java:run(108)) - 1be30185-a2c0-4461-afc0-2cb02fcff473@group-A8B097DE35CC-FollowerState: change to CANDIDATE, lastRpcTime:139ms, electionTimeout:139ms
2019-10-22 00:08:52,131 [Thread-4673] INFO  impl.RoleInfo (RoleInfo.java:shutdownFollowerState(121)) - 1be30185-a2c0-4461-afc0-2cb02fcff473: shutdown FollowerState
2019-10-22 00:08:52,131 [Thread-4673] INFO  impl.RaftServerImpl (RaftServerImpl.java:setRole(184)) - 1be30185-a2c0-4461-afc0-2cb02fcff473@group-A8B097DE35CC: changes role from  FOLLOWER to CANDIDATE at term 89 for changeToCandidate
2019-10-22 00:08:52,132 [Thread-4673] INFO  impl.RoleInfo (RoleInfo.java:updateAndGet(143)) - 1be30185-a2c0-4461-afc0-2cb02fcff473: start LeaderElection
2019-10-22 00:08:52,156 [1be30185-a2c0-4461-afc0-2cb02fcff473@group-A8B097DE35CC-LeaderElection544] INFO  impl.LeaderElection (LeaderElection.java:askForVotes(178)) - 1be30185-a2c0-4461-afc0-2cb02fcff473@group-A8B097DE35CC-LeaderElection544: begin an election at term 90 for -1: [e64b81a2-7e97-4a9c-9a90-0d1e8edce3a8:192.168.157.254:40074, d9951c0b-6d6e-4464-b06b-4ef93c20892c:192.168.157.254:43622, 1be30185-a2c0-4461-afc0-2cb02fcff473:192.168.157.254:38008], old=null
2019-10-22 00:08:52,158 [grpc-default-executor-1] INFO  impl.RaftServerImpl (RaftServerImpl.java:setRole(184)) - e64b81a2-7e97-4a9c-9a90-0d1e8edce3a8@group-A8B097DE35CC: changes role from  FOLLOWER to FOLLOWER at term 90 for recognizeCandidate:1be30185-a2c0-4461-afc0-2cb02fcff473
2019-10-22 00:08:52,158 [grpc-default-executor-8] INFO  impl.RaftServerImpl (RaftServerImpl.java:setRole(184)) - d9951c0b-6d6e-4464-b06b-4ef93c20892c@group-A8B097DE35CC: changes role from  FOLLOWER to FOLLOWER at term 90 for recognizeCandidate:1be30185-a2c0-4461-afc0-2cb02fcff473
2019-10-22 00:08:52,158 [grpc-default-executor-8] INFO  impl.RoleInfo (RoleInfo.java:shutdownFollowerState(121)) - d9951c0b-6d6e-4464-b06b-4ef93c20892c: shutdown FollowerState
2019-10-22 00:08:52,158 [grpc-default-executor-1] INFO  impl.RoleInfo (RoleInfo.java:shutdownFollowerState(121)) - e64b81a2-7e97-4a9c-9a90-0d1e8edce3a8: shutdown FollowerState
2019-10-22 00:08:52,158 [grpc-default-executor-8] INFO  impl.RoleInfo (RoleInfo.java:updateAndGet(143)) - d9951c0b-6d6e-4464-b06b-4ef93c20892c: start FollowerState
2019-10-22 00:08:52,159 [Thread-4671] INFO  impl.FollowerState (FollowerState.java:run(117)) - e64b81a2-7e97-4a9c-9a90-0d1e8edce3a8@group-A8B097DE35CC-FollowerState was interrupted: java.lang.InterruptedException: sleep interrupted
2019-10-22 00:08:52,158 [grpc-default-executor-1] INFO  impl.RoleInfo (RoleInfo.java:updateAndGet(143)) - e64b81a2-7e97-4a9c-9a90-0d1e8edce3a8: start FollowerState
2019-10-22 00:08:52,158 [Thread-4672] INFO  impl.FollowerState (FollowerState.java:run(117)) - d9951c0b-6d6e-4464-b06b-4ef93c20892c@group-A8B097DE35CC-FollowerState was interrupted: java.lang.InterruptedException: sleep interrupted
2019-10-22 00:08:52,173 [1be30185-a2c0-4461-afc0-2cb02fcff473@group-A8B097DE35CC-LeaderElection544] INFO  impl.LeaderElection (LeaderElection.java:logAndReturn(56)) - 1be30185-a2c0-4461-afc0-2cb02fcff473@group-A8B097DE35CC-LeaderElection544: Election REJECTED; received 2 response(s) [1be30185-a2c0-4461-afc0-2cb02fcff473<-e64b81a2-7e97-4a9c-9a90-0d1e8edce3a8#0:FAIL-t90, 1be30185-a2c0-4461-afc0-2cb02fcff473<-d9951c0b-6d6e-4464-b06b-4ef93c20892c#0:FAIL-t90] and 0 exception(s); 1be30185-a2c0-4461-afc0-2cb02fcff473@group-A8B097DE35CC:t90, leader=null, voted=1be30185-a2c0-4461-afc0-2cb02fcff473, raftlog=1be30185-a2c0-4461-afc0-2cb02fcff473@group-A8B097DE35CC-SegmentedRaftLog:OPENED:c-1,f-1,i0, conf=-1: [e64b81a2-7e97-4a9c-9a90-0d1e8edce3a8:192.168.157.254:40074, d9951c0b-6d6e-4464-b06b-4ef93c20892c:192.168.157.254:43622, 1be30185-a2c0-4461-afc0-2cb02fcff473:192.168.157.254:38008], old=null
2019-10-22 00:08:52,173 [1be30185-a2c0-4461-afc0-2cb02fcff473@group-A8B097DE35CC-LeaderElection544] INFO  impl.RaftServerImpl (RaftServerImpl.java:setRole(184)) - 1be30185-a2c0-4461-afc0-2cb02fcff473@group-A8B097DE35CC: changes role from CANDIDATE to FOLLOWER at term 90 for DISCOVERED_A_NEW_TERM
2019-10-22 00:08:52,174 [1be30185-a2c0-4461-afc0-2cb02fcff473@group-A8B097DE35CC-LeaderElection544] INFO  impl.RoleInfo (RoleInfo.java:shutdownLeaderElection(134)) - 1be30185-a2c0-4461-afc0-2cb02fcff473: shutdown LeaderElection
2019-10-22 00:08:52,174 [1be30185-a2c0-4461-afc0-2cb02fcff473@group-A8B097DE35CC-LeaderElection544] INFO  impl.RoleInfo (RoleInfo.java:updateAndGet(143)) - 1be30185-a2c0-4461-afc0-2cb02fcff473: start FollowerState
2019-10-22 00:08:52,272 [Thread-4681] INFO  impl.FollowerState (FollowerState.java:run(108)) - 1be30185-a2c0-4461-afc0-2cb02fcff473@group-A8B097DE35CC-FollowerState: change to CANDIDATE, lastRpcTime:98ms, electionTimeout:98ms
2019-10-22 00:08:52,272 [Thread-4681] INFO  impl.RoleInfo (RoleInfo.java:shutdownFollowerState(121)) - 1be30185-a2c0-4461-afc0-2cb02fcff473: shutdown FollowerState
2019-10-22 00:08:52,272 [Thread-4681] INFO  impl.RaftServerImpl (RaftServerImpl.java:setRole(184)) - 1be30185-a2c0-4461-afc0-2cb02fcff473@group-A8B097DE35CC: changes role from  FOLLOWER to CANDIDATE at term 90 for changeToCandidate
2019-10-22 00:08:52,272 [Thread-4681] INFO  impl.RoleInfo (RoleInfo.java:updateAndGet(143)) - 1be30185-a2c0-4461-afc0-2cb02fcff473: start LeaderElection
2019-10-22 00:08:52,288 [1be30185-a2c0-4461-afc0-2cb02fcff473@group-A8B097DE35CC-LeaderElection545] INFO  impl.LeaderElection (LeaderElection.java:askForVotes(178)) - 1be30185-a2c0-4461-afc0-2cb02fcff473@group-A8B097DE35CC-LeaderElection545: begin an election at term 91 for -1: [e64b81a2-7e97-4a9c-9a90-0d1e8edce3a8:192.168.157.254:40074, d9951c0b-6d6e-4464-b06b-4ef93c20892c:192.168.157.254:43622, 1be30185-a2c0-4461-afc0-2cb02fcff473:192.168.157.254:38008], old=null
2019-10-22 00:08:52,290 [grpc-default-executor-8] INFO  impl.RaftServerImpl (RaftServerImpl.java:setRole(184)) - e64b81a2-7e97-4a9c-9a90-0d1e8edce3a8@group-A8B097DE35CC: changes role from  FOLLOWER to FOLLOWER at term 91 for recognizeCandidate:1be30185-a2c0-4461-afc0-2cb02fcff473
2019-10-22 00:08:52,290 [grpc-default-executor-8] INFO  impl.RoleInfo (RoleInfo.java:shutdownFollowerState(121)) - e64b81a2-7e97-4a9c-9a90-0d1e8edce3a8: shutdown FollowerState
2019-10-22 00:08:52,290 [grpc-default-executor-1] INFO  impl.RaftServerImpl (RaftServerImpl.java:setRole(184)) - d9951c0b-6d6e-4464-b06b-4ef93c20892c@group-A8B097DE35CC: changes role from  FOLLOWER to FOLLOWER at term 91 for recognizeCandidate:1be30185-a2c0-4461-afc0-2cb02fcff473
2019-10-22 00:08:52,290 [Thread-4680] INFO  impl.FollowerState (FollowerState.java:run(117)) - e64b81a2-7e97-4a9c-9a90-0d1e8edce3a8@group-A8B097DE35CC-FollowerState was interrupted: java.lang.InterruptedException: sleep interrupted
2019-10-22 00:08:52,290 [grpc-default-executor-8] INFO  impl.RoleInfo (RoleInfo.java:updateAndGet(143)) - e64b81a2-7e97-4a9c-9a90-0d1e8edce3a8: start FollowerState
2019-10-22 00:08:52,290 [grpc-default-executor-1] INFO  impl.RoleInfo (RoleInfo.java:shutdownFollowerState(121)) - d9951c0b-6d6e-4464-b06b-4ef93c20892c: shutdown FollowerState
2019-10-22 00:08:52,291 [grpc-default-executor-1] INFO  impl.RoleInfo (RoleInfo.java:updateAndGet(143)) - d9951c0b-6d6e-4464-b06b-4ef93c20892c: start FollowerState
2019-10-22 00:08:52,291 [Thread-4679] INFO  impl.FollowerState (FollowerState.java:run(117)) - d9951c0b-6d6e-4464-b06b-4ef93c20892c@group-A8B097DE35CC-FollowerState was interrupted: java.lang.InterruptedException: sleep interrupted
2019-10-22 00:08:52,298 [1be30185-a2c0-4461-afc0-2cb02fcff473@group-A8B097DE35CC-LeaderElection545] INFO  impl.LeaderElection (LeaderElection.java:logAndReturn(56)) - 1be30185-a2c0-4461-afc0-2cb02fcff473@group-A8B097DE35CC-LeaderElection545: Election TIMEOUT; received 0 response(s) [] and 0 exception(s); 1be30185-a2c0-4461-afc0-2cb02fcff473@group-A8B097DE35CC:t91, leader=null, voted=1be30185-a2c0-4461-afc0-2cb02fcff473, raftlog=1be30185-a2c0-4461-afc0-2cb02fcff473@group-A8B097DE35CC-SegmentedRaftLog:OPENED:c-1,f-1,i0, conf=-1: [e64b81a2-7e97-4a9c-9a90-0d1e8edce3a8:192.168.157.254:40074, d9951c0b-6d6e-4464-b06b-4ef93c20892c:192.168.157.254:43622, 1be30185-a2c0-4461-afc0-2cb02fcff473:192.168.157.254:38008], old=null
2019-10-22 00:08:52,304 [1be30185-a2c0-4461-afc0-2cb02fcff473@group-A8B097DE35CC-LeaderElection545] INFO  impl.LeaderElection (LeaderElection.java:askForVotes(178)) - 1be30185-a2c0-4461-afc0-2cb02fcff473@group-A8B097DE35CC-LeaderElection545: begin an election at term 92 for -1: [e64b81a2-7e97-4a9c-9a90-0d1e8edce3a8:192.168.157.254:40074, d9951c0b-6d6e-4464-b06b-4ef93c20892c:192.168.157.254:43622, 1be30185-a2c0-4461-afc0-2cb02fcff473:192.168.157.254:38008], old=null
2019-10-22 00:08:52,306 [grpc-default-executor-8] INFO  impl.RaftServerImpl (RaftServerImpl.java:setRole(184)) - e64b81a2-7e97-4a9c-9a90-0d1e8edce3a8@group-A8B097DE35CC: changes role from  FOLLOWER to FOLLOWER at term 92 for recognizeCandidate:1be30185-a2c0-4461-afc0-2cb02fcff473
2019-10-22 00:08:52,306 [grpc-default-executor-1] INFO  impl.RaftServerImpl (RaftServerImpl.java:setRole(184)) - d9951c0b-6d6e-4464-b06b-4ef93c20892c@group-A8B097DE35CC: changes role from  FOLLOWER to FOLLOWER at term 92 for recognizeCandidate:1be30185-a2c0-4461-afc0-2cb02fcff473
2019-10-22 00:08:52,306 [grpc-default-executor-1] INFO  impl.RoleInfo (RoleInfo.java:shutdownFollowerState(121)) - d9951c0b-6d6e-4464-b06b-4ef93c20892c: shutdown FollowerState
2019-10-22 00:08:52,306 [grpc-default-executor-8] INFO  impl.RoleInfo (RoleInfo.java:shutdownFollowerState(121)) - e64b81a2-7e97-4a9c-9a90-0d1e8edce3a8: shutdown FollowerState
2019-10-22 00:08:52,306 [grpc-default-executor-1] INFO  impl.RoleInfo (RoleInfo.java:updateAndGet(143)) - d9951c0b-6d6e-4464-b06b-4ef93c20892c: start FollowerState
2019-10-22 00:08:52,306 [Thread-4685] INFO  impl.FollowerState (FollowerState.java:run(117)) - e64b81a2-7e97-4a9c-9a90-0d1e8edce3a8@group-A8B097DE35CC-FollowerState was interrupted: java.lang.InterruptedException: sleep interrupted
2019-10-22 00:08:52,306 [grpc-default-executor-8] INFO  impl.RoleInfo (RoleInfo.java:updateAndGet(143)) - e64b81a2-7e97-4a9c-9a90-0d1e8edce3a8: start FollowerState
2019-10-22 00:08:52,306 [Thread-4686] INFO  impl.FollowerState (FollowerState.java:run(117)) - d9951c0b-6d6e-4464-b06b-4ef93c20892c@group-A8B097DE35CC-FollowerState was interrupted: java.lang.InterruptedException: sleep interrupted
2019-10-22 00:08:52,322 [1be30185-a2c0-4461-afc0-2cb02fcff473@group-A8B097DE35CC-LeaderElection545] INFO  impl.LeaderElection (LeaderElection.java:logAndReturn(56)) - 1be30185-a2c0-4461-afc0-2cb02fcff473@group-A8B097DE35CC-LeaderElection545: Election REJECTED; received 2 response(s) [1be30185-a2c0-4461-afc0-2cb02fcff473<-e64b81a2-7e97-4a9c-9a90-0d1e8edce3a8#0:FAIL-t92, 1be30185-a2c0-4461-afc0-2cb02fcff473<-d9951c0b-6d6e-4464-b06b-4ef93c20892c#0:FAIL-t92] and 0 exception(s); 1be30185-a2c0-4461-afc0-2cb02fcff473@group-A8B097DE35CC:t92, leader=null, voted=1be30185-a2c0-4461-afc0-2cb02fcff473, raftlog=1be30185-a2c0-4461-afc0-2cb02fcff473@group-A8B097DE35CC-SegmentedRaftLog:OPENED:c-1,f-1,i0, conf=-1: [e64b81a2-7e97-4a9c-9a90-0d1e8edce3a8:192.168.157.254:40074, d9951c0b-6d6e-4464-b06b-4ef93c20892c:192.168.157.254:43622, 1be30185-a2c0-4461-afc0-2cb02fcff473:192.168.157.254:38008], old=null
2019-10-22 00:08:52,322 [1be30185-a2c0-4461-afc0-2cb02fcff473@group-A8B097DE35CC-LeaderElection545] INFO  impl.RaftServerImpl (RaftServerImpl.java:setRole(184)) - 1be30185-a2c0-4461-afc0-2cb02fcff473@group-A8B097DE35CC: changes role from CANDIDATE to FOLLOWER at term 92 for DISCOVERED_A_NEW_TERM
2019-10-22 00:08:52,322 [1be30185-a2c0-4461-afc0-2cb02fcff473@group-A8B097DE35CC-LeaderElection545] INFO  impl.RoleInfo (RoleInfo.java:shutdownLeaderElection(134)) - 1be30185-a2c0-4461-afc0-2cb02fcff473: shutdown LeaderElection
2019-10-22 00:08:52,322 [1be30185-a2c0-4461-afc0-2cb02fcff473@group-A8B097DE35CC-LeaderElection545] INFO  impl.RoleInfo (RoleInfo.java:updateAndGet(143)) - 1be30185-a2c0-4461-afc0-2cb02fcff473: start FollowerState
2019-10-22 00:08:52,495 [Thread-4691] INFO  impl.FollowerState (FollowerState.java:run(108)) - 1be30185-a2c0-4461-afc0-2cb02fcff473@group-A8B097DE35CC-FollowerState: change to CANDIDATE, lastRpcTime:173ms, electionTimeout:173ms
2019-10-22 00:08:52,495 [Thread-4691] INFO  impl.RoleInfo (RoleInfo.java:shutdownFollowerState(121)) - 1be30185-a2c0-4461-afc0-2cb02fcff473: shutdown FollowerState
2019-10-22 00:08:52,496 [Thread-4691] INFO  impl.RaftServerImpl (RaftServerImpl.java:setRole(184)) - 1be30185-a2c0-4461-afc0-2cb02fcff473@group-A8B097DE35CC: changes role from  FOLLOWER to CANDIDATE at term 92 for changeToCandidate
2019-10-22 00:08:52,496 [Thread-4691] INFO  impl.RoleInfo (RoleInfo.java:updateAndGet(143)) - 1be30185-a2c0-4461-afc0-2cb02fcff473: start LeaderElection
2019-10-22 00:08:52,510 [1be30185-a2c0-4461-afc0-2cb02fcff473@group-A8B097DE35CC-LeaderElection546] INFO  impl.LeaderElection (LeaderElection.java:askForVotes(178)) - 1be30185-a2c0-4461-afc0-2cb02fcff473@group-A8B097DE35CC-LeaderElection546: begin an election at term 93 for -1: [e64b81a2-7e97-4a9c-9a90-0d1e8edce3a8:192.168.157.254:40074, d9951c0b-6d6e-4464-b06b-4ef93c20892c:192.168.157.254:43622, 1be30185-a2c0-4461-afc0-2cb02fcff473:192.168.157.254:38008], old=null
2019-10-22 00:08:52,511 [grpc-default-executor-8] INFO  impl.RaftServerImpl (RaftServerImpl.java:setRole(184)) - d9951c0b-6d6e-4464-b06b-4ef93c20892c@group-A8B097DE35CC: changes role from  FOLLOWER to FOLLOWER at term 93 for recognizeCandidate:1be30185-a2c0-4461-afc0-2cb02fcff473
2019-10-22 00:08:52,512 [grpc-default-executor-8] INFO  impl.RoleInfo (RoleInfo.java:shutdownFollowerState(121)) - d9951c0b-6d6e-4464-b06b-4ef93c20892c: shutdown FollowerState
2019-10-22 00:08:52,512 [grpc-default-executor-8] INFO  impl.RoleInfo (RoleInfo.java:updateAndGet(143)) - d9951c0b-6d6e-4464-b06b-4ef93c20892c: start FollowerState
2019-10-22 00:08:52,512 [grpc-default-executor-1] INFO  impl.RaftServerImpl (RaftServerImpl.java:setRole(184)) - e64b81a2-7e97-4a9c-9a90-0d1e8edce3a8@group-A8B097DE35CC: changes role from  FOLLOWER to FOLLOWER at term 93 for recognizeCandidate:1be30185-a2c0-4461-afc0-2cb02fcff473
2019-10-22 00:08:52,512 [grpc-default-executor-1] INFO  impl.RoleInfo (RoleInfo.java:shutdownFollowerState(121)) - e64b81a2-7e97-4a9c-9a90-0d1e8edce3a8: shutdown FollowerState
2019-10-22 00:08:52,512 [Thread-4689] INFO  impl.FollowerState (FollowerState.java:run(117)) - d9951c0b-6d6e-4464-b06b-4ef93c20892c@group-A8B097DE35CC-FollowerState was interrupted: java.lang.InterruptedException: sleep interrupted
2019-10-22 00:08:52,512 [Thread-4690] INFO  impl.FollowerState (FollowerState.java:run(117)) - e64b81a2-7e97-4a9c-9a90-0d1e8edce3a8@group-A8B097DE35CC-FollowerState was interrupted: java.lang.InterruptedException: sleep interrupted
2019-10-22 00:08:52,512 [grpc-default-executor-1] INFO  impl.RoleInfo (RoleInfo.java:updateAndGet(143)) - e64b81a2-7e97-4a9c-9a90-0d1e8edce3a8: start FollowerState
2019-10-22 00:08:52,520 [1be30185-a2c0-4461-afc0-2cb02fcff473@group-A8B097DE35CC-LeaderElection546] INFO  impl.LeaderElection (LeaderElection.java:logAndReturn(56)) - 1be30185-a2c0-4461-afc0-2cb02fcff473@group-A8B097DE35CC-LeaderElection546: Election TIMEOUT; received 0 response(s) [] and 0 exception(s); 1be30185-a2c0-4461-afc0-2cb02fcff473@group-A8B097DE35CC:t93, leader=null, voted=1be30185-a2c0-4461-afc0-2cb02fcff473, raftlog=1be30185-a2c0-4461-afc0-2cb02fcff473@group-A8B097DE35CC-SegmentedRaftLog:OPENED:c-1,f-1,i0, conf=-1: [e64b81a2-7e97-4a9c-9a90-0d1e8edce3a8:192.168.157.254:40074, d9951c0b-6d6e-4464-b06b-4ef93c20892c:192.168.157.254:43622, 1be30185-a2c0-4461-afc0-2cb02fcff473:192.168.157.254:38008], old=null
2019-10-22 00:08:52,536 [1be30185-a2c0-4461-afc0-2cb02fcff473@group-A8B097DE35CC-LeaderElection546] INFO  impl.LeaderElection (LeaderElection.java:askForVotes(178)) - 1be30185-a2c0-4461-afc0-2cb02fcff473@group-A8B097DE35CC-LeaderElection546: begin an election at term 94 for -1: [e64b81a2-7e97-4a9c-9a90-0d1e8edce3a8:192.168.157.254:40074, d9951c0b-6d6e-4464-b06b-4ef93c20892c:192.168.157.254:43622, 1be30185-a2c0-4461-afc0-2cb02fcff473:192.168.157.254:38008], old=null
2019-10-22 00:08:52,538 [grpc-default-executor-1] INFO  impl.RaftServerImpl (RaftServerImpl.java:setRole(184)) - e64b81a2-7e97-4a9c-9a90-0d1e8edce3a8@group-A8B097DE35CC: changes role from  FOLLOWER to FOLLOWER at term 94 for recognizeCandidate:1be30185-a2c0-4461-afc0-2cb02fcff473
2019-10-22 00:08:52,538 [grpc-default-executor-1] INFO  impl.RoleInfo (RoleInfo.java:shutdownFollowerState(121)) - e64b81a2-7e97-4a9c-9a90-0d1e8edce3a8: shutdown FollowerState
2019-10-22 00:08:52,538 [grpc-default-executor-1] INFO  impl.RoleInfo (RoleInfo.java:updateAndGet(143)) - e64b81a2-7e97-4a9c-9a90-0d1e8edce3a8: start FollowerState
2019-10-22 00:08:52,538 [Thread-4700] INFO  impl.FollowerState (FollowerState.java:run(117)) - e64b81a2-7e97-4a9c-9a90-0d1e8edce3a8@group-A8B097DE35CC-FollowerState was interrupted: java.lang.InterruptedException: sleep interrupted
2019-10-22 00:08:52,538 [grpc-default-executor-8] INFO  impl.RaftServerImpl (RaftServerImpl.java:setRole(184)) - d9951c0b-6d6e-4464-b06b-4ef93c20892c@group-A8B097DE35CC: changes role from  FOLLOWER to FOLLOWER at term 94 for recognizeCandidate:1be30185-a2c0-4461-afc0-2cb02fcff473
2019-10-22 00:08:52,538 [grpc-default-executor-8] INFO  impl.RoleInfo (RoleInfo.java:shutdownFollowerState(121)) - d9951c0b-6d6e-4464-b06b-4ef93c20892c: shutdown FollowerState
2019-10-22 00:08:52,538 [grpc-default-executor-8] INFO  impl.RoleInfo (RoleInfo.java:updateAndGet(143)) - d9951c0b-6d6e-4464-b06b-4ef93c20892c: start FollowerState
2019-10-22 00:08:52,538 [Thread-4699] INFO  impl.FollowerState (FollowerState.java:run(117)) - d9951c0b-6d6e-4464-b06b-4ef93c20892c@group-A8B097DE35CC-FollowerState was interrupted: java.lang.InterruptedException: sleep interrupted
2019-10-22 00:08:52,552 [1be30185-a2c0-4461-afc0-2cb02fcff473@group-A8B097DE35CC-LeaderElection546] INFO  impl.LeaderElection (LeaderElection.java:logAndReturn(56)) - 1be30185-a2c0-4461-afc0-2cb02fcff473@group-A8B097DE35CC-LeaderElection546: Election REJECTED; received 2 response(s) [1be30185-a2c0-4461-afc0-2cb02fcff473<-e64b81a2-7e97-4a9c-9a90-0d1e8edce3a8#0:FAIL-t94, 1be30185-a2c0-4461-afc0-2cb02fcff473<-d9951c0b-6d6e-4464-b06b-4ef93c20892c#0:FAIL-t94] and 0 exception(s); 1be30185-a2c0-4461-afc0-2cb02fcff473@group-A8B097DE35CC:t94, leader=null, voted=1be30185-a2c0-4461-afc0-2cb02fcff473, raftlog=1be30185-a2c0-4461-afc0-2cb02fcff473@group-A8B097DE35CC-SegmentedRaftLog:OPENED:c-1,f-1,i0, conf=-1: [e64b81a2-7e97-4a9c-9a90-0d1e8edce3a8:192.168.157.254:40074, d9951c0b-6d6e-4464-b06b-4ef93c20892c:192.168.157.254:43622, 1be30185-a2c0-4461-afc0-2cb02fcff473:192.168.157.254:38008], old=null
2019-10-22 00:08:52,552 [1be30185-a2c0-4461-afc0-2cb02fcff473@group-A8B097DE35CC-LeaderElection546] INFO  impl.RaftServerImpl (RaftServerImpl.java:setRole(184)) - 1be30185-a2c0-4461-afc0-2cb02fcff473@group-A8B097DE35CC: changes role from CANDIDATE to FOLLOWER at term 94 for DISCOVERED_A_NEW_TERM
2019-10-22 00:08:52,552 [1be30185-a2c0-4461-afc0-2cb02fcff473@group-A8B097DE35CC-LeaderElection546] INFO  impl.RoleInfo (RoleInfo.java:shutdownLeaderElection(134)) - 1be30185-a2c0-4461-afc0-2cb02fcff473: shutdown LeaderElection
2019-10-22 00:08:52,552 [1be30185-a2c0-4461-afc0-2cb02fcff473@group-A8B097DE35CC-LeaderElection546] INFO  impl.RoleInfo (RoleInfo.java:updateAndGet(143)) - 1be30185-a2c0-4461-afc0-2cb02fcff473: start FollowerState
2019-10-22 00:08:52,639 [Thread-4705] INFO  impl.FollowerState (FollowerState.java:run(108)) - 1be30185-a2c0-4461-afc0-2cb02fcff473@group-A8B097DE35CC-FollowerState: change to CANDIDATE, lastRpcTime:87ms, electionTimeout:87ms
2019-10-22 00:08:52,640 [Thread-4705] INFO  impl.RoleInfo (RoleInfo.java:shutdownFollowerState(121)) - 1be30185-a2c0-4461-afc0-2cb02fcff473: shutdown FollowerState
2019-10-22 00:08:52,640 [Thread-4705] INFO  impl.RaftServerImpl (RaftServerImpl.java:setRole(184)) - 1be30185-a2c0-4461-afc0-2cb02fcff473@group-A8B097DE35CC: changes role from  FOLLOWER to CANDIDATE at term 94 for changeToCandidate
2019-10-22 00:08:52,640 [Thread-4705] INFO  impl.RoleInfo (RoleInfo.java:updateAndGet(143)) - 1be30185-a2c0-4461-afc0-2cb02fcff473: start LeaderElection
2019-10-22 00:08:52,654 [1be30185-a2c0-4461-afc0-2cb02fcff473@group-A8B097DE35CC-LeaderElection547] INFO  impl.LeaderElection (LeaderElection.java:askForVotes(178)) - 1be30185-a2c0-4461-afc0-2cb02fcff473@group-A8B097DE35CC-LeaderElection547: begin an election at term 95 for -1: [e64b81a2-7e97-4a9c-9a90-0d1e8edce3a8:192.168.157.254:40074, d9951c0b-6d6e-4464-b06b-4ef93c20892c:192.168.157.254:43622, 1be30185-a2c0-4461-afc0-2cb02fcff473:192.168.157.254:38008], old=null
2019-10-22 00:08:52,655 [grpc-default-executor-1] INFO  impl.RaftServerImpl (RaftServerImpl.java:setRole(184)) - d9951c0b-6d6e-4464-b06b-4ef93c20892c@group-A8B097DE35CC: changes role from  FOLLOWER to FOLLOWER at term 95 for recognizeCandidate:1be30185-a2c0-4461-afc0-2cb02fcff473
2019-10-22 00:08:52,655 [grpc-default-executor-1] INFO  impl.RoleInfo (RoleInfo.java:shutdownFollowerState(121)) - d9951c0b-6d6e-4464-b06b-4ef93c20892c: shutdown FollowerState
2019-10-22 00:08:52,655 [grpc-default-executor-1] INFO  impl.RoleInfo (RoleInfo.java:updateAndGet(143)) - d9951c0b-6d6e-4464-b06b-4ef93c20892c: start FollowerState
2019-10-22 00:08:52,655 [grpc-default-executor-8] INFO  impl.RaftServerImpl (RaftServerImpl.java:setRole(184)) - e64b81a2-7e97-4a9c-9a90-0d1e8edce3a8@group-A8B097DE35CC: changes role from  FOLLOWER to FOLLOWER at term 95 for recognizeCandidate:1be30185-a2c0-4461-afc0-2cb02fcff473
2019-10-22 00:08:52,655 [Thread-4704] INFO  impl.FollowerState (FollowerState.java:run(117)) - d9951c0b-6d6e-4464-b06b-4ef93c20892c@group-A8B097DE35CC-FollowerState was interrupted: java.lang.InterruptedException: sleep interrupted
2019-10-22 00:08:52,656 [grpc-default-executor-8] INFO  impl.RoleInfo (RoleInfo.java:shutdownFollowerState(121)) - e64b81a2-7e97-4a9c-9a90-0d1e8edce3a8: shutdown FollowerState
2019-10-22 00:08:52,656 [grpc-default-executor-8] INFO  impl.RoleInfo (RoleInfo.java:updateAndGet(143)) - e64b81a2-7e97-4a9c-9a90-0d1e8edce3a8: start FollowerState
2019-10-22 00:08:52,656 [Thread-4703] INFO  impl.FollowerState (FollowerState.java:run(117)) - e64b81a2-7e97-4a9c-9a90-0d1e8edce3a8@group-A8B097DE35CC-FollowerState was interrupted: java.lang.InterruptedException: sleep interrupted
2019-10-22 00:08:52,670 [1be30185-a2c0-4461-afc0-2cb02fcff473@group-A8B097DE35CC-LeaderElection547] INFO  impl.LeaderElection (LeaderElection.java:logAndReturn(56)) - 1be30185-a2c0-4461-afc0-2cb02fcff473@group-A8B097DE35CC-LeaderElection547: Election REJECTED; received 2 response(s) [1be30185-a2c0-4461-afc0-2cb02fcff473<-e64b81a2-7e97-4a9c-9a90-0d1e8edce3a8#0:FAIL-t95, 1be30185-a2c0-4461-afc0-2cb02fcff473<-d9951c0b-6d6e-4464-b06b-4ef93c20892c#0:FAIL-t95] and 0 exception(s); 1be30185-a2c0-4461-afc0-2cb02fcff473@group-A8B097DE35CC:t95, leader=null, voted=1be30185-a2c0-4461-afc0-2cb02fcff473, raftlog=1be30185-a2c0-4461-afc0-2cb02fcff473@group-A8B097DE35CC-SegmentedRaftLog:OPENED:c-1,f-1,i0, conf=-1: [e64b81a2-7e97-4a9c-9a90-0d1e8edce3a8:192.168.157.254:40074, d9951c0b-6d6e-4464-b06b-4ef93c20892c:192.168.157.254:43622, 1be30185-a2c0-4461-afc0-2cb02fcff473:192.168.157.254:38008], old=null
2019-10-22 00:08:52,670 [1be30185-a2c0-4461-afc0-2cb02fcff473@group-A8B097DE35CC-LeaderElection547] INFO  impl.RaftServerImpl (RaftServerImpl.java:setRole(184)) - 1be30185-a2c0-4461-afc0-2cb02fcff473@group-A8B097DE35CC: changes role from CANDIDATE to FOLLOWER at term 95 for DISCOVERED_A_NEW_TERM
2019-10-22 00:08:52,670 [1be30185-a2c0-4461-afc0-2cb02fcff473@group-A8B097DE35CC-LeaderElection547] INFO  impl.RoleInfo (RoleInfo.java:shutdownLeaderElection(134)) - 1be30185-a2c0-4461-afc0-2cb02fcff473: shutdown LeaderElection
2019-10-22 00:08:52,670 [1be30185-a2c0-4461-afc0-2cb02fcff473@group-A8B097DE35CC-LeaderElection547] INFO  impl.RoleInfo (RoleInfo.java:updateAndGet(143)) - 1be30185-a2c0-4461-afc0-2cb02fcff473: start FollowerState
2019-10-22 00:08:52,823 [Thread-4711] INFO  impl.FollowerState (FollowerState.java:run(108)) - 1be30185-a2c0-4461-afc0-2cb02fcff473@group-A8B097DE35CC-FollowerState: change to CANDIDATE, lastRpcTime:153ms, electionTimeout:153ms
2019-10-22 00:08:52,824 [Thread-4711] INFO  impl.RoleInfo (RoleInfo.java:shutdownFollowerState(121)) - 1be30185-a2c0-4461-afc0-2cb02fcff473: shutdown FollowerState
2019-10-22 00:08:52,824 [Thread-4711] INFO  impl.RaftServerImpl (RaftServerImpl.java:setRole(184)) - 1be30185-a2c0-4461-afc0-2cb02fcff473@group-A8B097DE35CC: changes role from  FOLLOWER to CANDIDATE at term 95 for changeToCandidate
2019-10-22 00:08:52,824 [Thread-4711] INFO  impl.RoleInfo (RoleInfo.java:updateAndGet(143)) - 1be30185-a2c0-4461-afc0-2cb02fcff473: start LeaderElection
2019-10-22 00:08:52,837 [1be30185-a2c0-4461-afc0-2cb02fcff473@group-A8B097DE35CC-LeaderElection548] INFO  impl.LeaderElection (LeaderElection.java:askForVotes(178)) - 1be30185-a2c0-4461-afc0-2cb02fcff473@group-A8B097DE35CC-LeaderElection548: begin an election at term 96 for -1: [e64b81a2-7e97-4a9c-9a90-0d1e8edce3a8:192.168.157.254:40074, d9951c0b-6d6e-4464-b06b-4ef93c20892c:192.168.157.254:43622, 1be30185-a2c0-4461-afc0-2cb02fcff473:192.168.157.254:38008], old=null
2019-10-22 00:08:52,838 [grpc-default-executor-1] INFO  impl.RaftServerImpl (RaftServerImpl.java:setRole(184)) - d9951c0b-6d6e-4464-b06b-4ef93c20892c@group-A8B097DE35CC: changes role from  FOLLOWER to FOLLOWER at term 96 for recognizeCandidate:1be30185-a2c0-4461-afc0-2cb02fcff473
2019-10-22 00:08:52,838 [grpc-default-executor-1] INFO  impl.RoleInfo (RoleInfo.java:shutdownFollowerState(121)) - d9951c0b-6d6e-4464-b06b-4ef93c20892c: shutdown FollowerState
2019-10-22 00:08:52,838 [grpc-default-executor-8] INFO  impl.RaftServerImpl (RaftServerImpl.java:setRole(184)) - e64b81a2-7e97-4a9c-9a90-0d1e8edce3a8@group-A8B097DE35CC: changes role from  FOLLOWER to FOLLOWER at term 96 for recognizeCandidate:1be30185-a2c0-4461-afc0-2cb02fcff473
2019-10-22 00:08:52,839 [grpc-default-executor-8] INFO  impl.RoleInfo (RoleInfo.java:shutdownFollowerState(121)) - e64b81a2-7e97-4a9c-9a90-0d1e8edce3a8: shutdown FollowerState
2019-10-22 00:08:52,839 [Thread-4709] INFO  impl.FollowerState (FollowerState.java:run(117)) - d9951c0b-6d6e-4464-b06b-4ef93c20892c@group-A8B097DE35CC-FollowerState was interrupted: java.lang.InterruptedException: sleep interrupted
2019-10-22 00:08:52,839 [grpc-default-executor-1] INFO  impl.RoleInfo (RoleInfo.java:updateAndGet(143)) - d9951c0b-6d6e-4464-b06b-4ef93c20892c: start FollowerState
2019-10-22 00:08:52,839 [Thread-4710] INFO  impl.FollowerState (FollowerState.java:run(117)) - e64b81a2-7e97-4a9c-9a90-0d1e8edce3a8@group-A8B097DE35CC-FollowerState was interrupted: java.lang.InterruptedException: sleep interrupted
2019-10-22 00:08:52,839 [grpc-default-executor-8] INFO  impl.RoleInfo (RoleInfo.java:updateAndGet(143)) - e64b81a2-7e97-4a9c-9a90-0d1e8edce3a8: start FollowerState
2019-10-22 00:08:52,865 [1be30185-a2c0-4461-afc0-2cb02fcff473@group-A8B097DE35CC-LeaderElection548] INFO  impl.LeaderElection (LeaderElection.java:logAndReturn(56)) - 1be30185-a2c0-4461-afc0-2cb02fcff473@group-A8B097DE35CC-LeaderElection548: Election REJECTED; received 2 response(s) [1be30185-a2c0-4461-afc0-2cb02fcff473<-e64b81a2-7e97-4a9c-9a90-0d1e8edce3a8#0:FAIL-t96, 1be30185-a2c0-4461-afc0-2cb02fcff473<-d9951c0b-6d6e-4464-b06b-4ef93c20892c#0:FAIL-t96] and 0 exception(s); 1be30185-a2c0-4461-afc0-2cb02fcff473@group-A8B097DE35CC:t96, leader=null, voted=1be30185-a2c0-4461-afc0-2cb02fcff473, raftlog=1be30185-a2c0-4461-afc0-2cb02fcff473@group-A8B097DE35CC-SegmentedRaftLog:OPENED:c-1,f-1,i0, conf=-1: [e64b81a2-7e97-4a9c-9a90-0d1e8edce3a8:192.168.157.254:40074, d9951c0b-6d6e-4464-b06b-4ef93c20892c:192.168.157.254:43622, 1be30185-a2c0-4461-afc0-2cb02fcff473:192.168.157.254:38008], old=null
2019-10-22 00:08:52,865 [1be30185-a2c0-4461-afc0-2cb02fcff473@group-A8B097DE35CC-LeaderElection548] INFO  impl.RaftServerImpl (RaftServerImpl.java:setRole(184)) - 1be30185-a2c0-4461-afc0-2cb02fcff473@group-A8B097DE35CC: changes role from CANDIDATE to FOLLOWER at term 96 for DISCOVERED_A_NEW_TERM
2019-10-22 00:08:52,866 [1be30185-a2c0-4461-afc0-2cb02fcff473@group-A8B097DE35CC-LeaderElection548] INFO  impl.RoleInfo (RoleInfo.java:shutdownLeaderElection(134)) - 1be30185-a2c0-4461-afc0-2cb02fcff473: shutdown LeaderElection
2019-10-22 00:08:52,866 [1be30185-a2c0-4461-afc0-2cb02fcff473@group-A8B097DE35CC-LeaderElection548] INFO  impl.RoleInfo (RoleInfo.java:updateAndGet(143)) - 1be30185-a2c0-4461-afc0-2cb02fcff473: start FollowerState
2019-10-22 00:08:53,004 [Thread-4717] INFO  impl.FollowerState (FollowerState.java:run(108)) - 1be30185-a2c0-4461-afc0-2cb02fcff473@group-A8B097DE35CC-FollowerState: change to CANDIDATE, lastRpcTime:138ms, electionTimeout:138ms
2019-10-22 00:08:53,004 [Thread-4717] INFO  impl.RoleInfo (RoleInfo.java:shutdownFollowerState(121)) - 1be30185-a2c0-4461-afc0-2cb02fcff473: shutdown FollowerState
2019-10-22 00:08:53,004 [Thread-4717] INFO  impl.RaftServerImpl (RaftServerImpl.java:setRole(184)) - 1be30185-a2c0-4461-afc0-2cb02fcff473@group-A8B097DE35CC: changes role from  FOLLOWER to CANDIDATE at term 96 for changeToCandidate
2019-10-22 00:08:53,004 [Thread-4717] INFO  impl.RoleInfo (RoleInfo.java:updateAndGet(143)) - 1be30185-a2c0-4461-afc0-2cb02fcff473: start LeaderElection
2019-10-22 00:08:53,026 [1be30185-a2c0-4461-afc0-2cb02fcff473@group-A8B097DE35CC-LeaderElection549] INFO  impl.LeaderElection (LeaderElection.java:askForVotes(178)) - 1be30185-a2c0-4461-afc0-2cb02fcff473@group-A8B097DE35CC-LeaderElection549: begin an election at term 97 for -1: [e64b81a2-7e97-4a9c-9a90-0d1e8edce3a8:192.168.157.254:40074, d9951c0b-6d6e-4464-b06b-4ef93c20892c:192.168.157.254:43622, 1be30185-a2c0-4461-afc0-2cb02fcff473:192.168.157.254:38008], old=null
2019-10-22 00:08:53,028 [grpc-default-executor-1] INFO  impl.RaftServerImpl (RaftServerImpl.java:setRole(184)) - d9951c0b-6d6e-4464-b06b-4ef93c20892c@group-A8B097DE35CC: changes role from  FOLLOWER to FOLLOWER at term 97 for recognizeCandidate:1be30185-a2c0-4461-afc0-2cb02fcff473
2019-10-22 00:08:53,028 [grpc-default-executor-8] INFO  impl.RaftServerImpl (RaftServerImpl.java:setRole(184)) - e64b81a2-7e97-4a9c-9a90-0d1e8edce3a8@group-A8B097DE35CC: changes role from  FOLLOWER to FOLLOWER at term 97 for recognizeCandidate:1be30185-a2c0-4461-afc0-2cb02fcff473
2019-10-22 00:08:53,029 [grpc-default-executor-8] INFO  impl.RoleInfo (RoleInfo.java:shutdownFollowerState(121)) - e64b81a2-7e97-4a9c-9a90-0d1e8edce3a8: shutdown FollowerState
2019-10-22 00:08:53,029 [grpc-default-executor-1] INFO  impl.RoleInfo (RoleInfo.java:shutdownFollowerState(121)) - d9951c0b-6d6e-4464-b06b-4ef93c20892c: shutdown FollowerState
2019-10-22 00:08:53,029 [Thread-4716] INFO  impl.FollowerState (FollowerState.java:run(117)) - e64b81a2-7e97-4a9c-9a90-0d1e8edce3a8@group-A8B097DE35CC-FollowerState was interrupted: java.lang.InterruptedException: sleep interrupted
2019-10-22 00:08:53,029 [grpc-default-executor-8] INFO  impl.RoleInfo (RoleInfo.java:updateAndGet(143)) - e64b81a2-7e97-4a9c-9a90-0d1e8edce3a8: start FollowerState
2019-10-22 00:08:53,029 [Thread-4715] INFO  impl.FollowerState (FollowerState.java:run(117)) - d9951c0b-6d6e-4464-b06b-4ef93c20892c@group-A8B097DE35CC-FollowerState was interrupted: java.lang.InterruptedException: sleep interrupted
2019-10-22 00:08:53,029 [grpc-default-executor-1] INFO  impl.RoleInfo (RoleInfo.java:updateAndGet(143)) - d9951c0b-6d6e-4464-b06b-4ef93c20892c: start FollowerState
2019-10-22 00:08:53,043 [1be30185-a2c0-4461-afc0-2cb02fcff473@group-A8B097DE35CC-LeaderElection549] INFO  impl.LeaderElection (LeaderElection.java:logAndReturn(56)) - 1be30185-a2c0-4461-afc0-2cb02fcff473@group-A8B097DE35CC-LeaderElection549: Election REJECTED; received 2 response(s) [1be30185-a2c0-4461-afc0-2cb02fcff473<-e64b81a2-7e97-4a9c-9a90-0d1e8edce3a8#0:FAIL-t97, 1be30185-a2c0-4461-afc0-2cb02fcff473<-d9951c0b-6d6e-4464-b06b-4ef93c20892c#0:FAIL-t97] and 0 exception(s); 1be30185-a2c0-4461-afc0-2cb02fcff473@group-A8B097DE35CC:t97, leader=null, voted=1be30185-a2c0-4461-afc0-2cb02fcff473, raftlog=1be30185-a2c0-4461-afc0-2cb02fcff473@group-A8B097DE35CC-SegmentedRaftLog:OPENED:c-1,f-1,i0, conf=-1: [e64b81a2-7e97-4a9c-9a90-0d1e8edce3a8:192.168.157.254:40074, d9951c0b-6d6e-4464-b06b-4ef93c20892c:192.168.157.254:43622, 1be30185-a2c0-4461-afc0-2cb02fcff473:192.168.157.254:38008], old=null
2019-10-22 00:08:53,043 [1be30185-a2c0-4461-afc0-2cb02fcff473@group-A8B097DE35CC-LeaderElection549] INFO  impl.RaftServerImpl (RaftServerImpl.java:setRole(184)) - 1be30185-a2c0-4461-afc0-2cb02fcff473@group-A8B097DE35CC: changes role from CANDIDATE to FOLLOWER at term 97 for DISCOVERED_A_NEW_TERM
2019-10-22 00:08:53,043 [1be30185-a2c0-4461-afc0-2cb02fcff473@group-A8B097DE35CC-LeaderElection549] INFO  impl.RoleInfo (RoleInfo.java:shutdownLeaderElection(134)) - 1be30185-a2c0-4461-afc0-2cb02fcff473: shutdown LeaderElection
2019-10-22 00:08:53,043 [1be30185-a2c0-4461-afc0-2cb02fcff473@group-A8B097DE35CC-LeaderElection549] INFO  impl.RoleInfo (RoleInfo.java:updateAndGet(143)) - 1be30185-a2c0-4461-afc0-2cb02fcff473: start FollowerState
2019-10-22 00:08:53,111 [main] WARN  io.KeyOutputStream (KeyOutputStream.java:handleException(274)) - Encountered exception java.io.IOException: Unexpected Storage Container Exception: java.util.concurrent.CompletionException: java.util.concurrent.CompletionException: org.apache.ratis.protocol.RaftRetryFailureException: Failed RaftClientRequest:client-6AE77C746101->d9951c0b-6d6e-4464-b06b-4ef93c20892c@group-A8B097DE35CC, cid=52, seq=1*, RW, cmdType: WriteChunk
traceID: "b2afe0997b96cb25:b2afe0997b96cb25:0:0"
containerID: 2
datanodeUuid: "e64b81a2-7e97-4a9c-9a90-0d1e8edce3a8"
writeChunk {
  blockID {
    containerID: 2
    localID: 103003122816122885
    blockCommitSequenceId: 0
  }
  chunkData {
    chunkName: "103003122816122885_chunk_1"
    offset: 0
    len: 1048576
    checksumData {
      type: CRC32
      bytesPerChecksum: 1048576
      checksums: "]\346h\034"
    }
  }
}
, data.size=1048576 for 10 attempts with RetryLimited(maxAttempts=10, sleepTime=1000ms) on the pipeline Pipeline[ Id: 6edde612-3ce9-4bcf-bf7d-a8b097de35cc, Nodes: e64b81a2-7e97-4a9c-9a90-0d1e8edce3a8{ip: 192.168.157.254, host: pr-hdds-2343-5q8j9-3338874002, networkLocation: /rack1, certSerialId: null}d9951c0b-6d6e-4464-b06b-4ef93c20892c{ip: 192.168.157.254, host: pr-hdds-2343-5q8j9-3338874002, networkLocation: /rack1, certSerialId: null}1be30185-a2c0-4461-afc0-2cb02fcff473{ip: 192.168.157.254, host: pr-hdds-2343-5q8j9-3338874002, networkLocation: /rack1, certSerialId: null}, Type:RATIS, Factor:THREE, State:OPEN]. The last committed block length is 0, uncommitted data length is 1048576 retry count 0
2019-10-22 00:08:53,131 [main] INFO  io.BlockOutputStreamEntryPool (BlockOutputStreamEntryPool.java:allocateNewBlock(257)) - Allocating block with ExcludeList {datanodes = [], containerIds = [#1], pipelineIds = [PipelineID=6edde612-3ce9-4bcf-bf7d-a8b097de35cc]}
2019-10-22 00:08:53,136 [IPC Server handler 1 on 38419] INFO  server.SCMBlockProtocolServer (SCMBlockProtocolServer.java:allocateBlock(179)) - Allocating 1 blocks of size 4194304, with ExcludeList {datanodes = [], containerIds = [#1], pipelineIds = [PipelineID=6edde612-3ce9-4bcf-bf7d-a8b097de35cc]}
2019-10-22 00:08:53,154 [Thread-4727] INFO  impl.FollowerState (FollowerState.java:run(108)) - 1be30185-a2c0-4461-afc0-2cb02fcff473@group-A8B097DE35CC-FollowerState: change to CANDIDATE, lastRpcTime:110ms, electionTimeout:110ms
2019-10-22 00:08:53,154 [Thread-4727] INFO  impl.RoleInfo (RoleInfo.java:shutdownFollowerState(121)) - 1be30185-a2c0-4461-afc0-2cb02fcff473: shutdown FollowerState
2019-10-22 00:08:53,154 [Thread-4727] INFO  impl.RaftServerImpl (RaftServerImpl.java:setRole(184)) - 1be30185-a2c0-4461-afc0-2cb02fcff473@group-A8B097DE35CC: changes role from  FOLLOWER to CANDIDATE at term 97 for changeToCandidate
2019-10-22 00:08:53,154 [Thread-4727] INFO  impl.RoleInfo (RoleInfo.java:updateAndGet(143)) - 1be30185-a2c0-4461-afc0-2cb02fcff473: start LeaderElection
2019-10-22 00:08:53,181 [1be30185-a2c0-4461-afc0-2cb02fcff473@group-A8B097DE35CC-LeaderElection550] INFO  impl.LeaderElection (LeaderElection.java:askForVotes(178)) - 1be30185-a2c0-4461-afc0-2cb02fcff473@group-A8B097DE35CC-LeaderElection550: begin an election at term 98 for -1: [e64b81a2-7e97-4a9c-9a90-0d1e8edce3a8:192.168.157.254:40074, d9951c0b-6d6e-4464-b06b-4ef93c20892c:192.168.157.254:43622, 1be30185-a2c0-4461-afc0-2cb02fcff473:192.168.157.254:38008], old=null
2019-10-22 00:08:53,186 [grpc-default-executor-5] INFO  impl.RaftServerImpl (RaftServerImpl.java:setRole(184)) - e64b81a2-7e97-4a9c-9a90-0d1e8edce3a8@group-A8B097DE35CC: changes role from  FOLLOWER to FOLLOWER at term 98 for recognizeCandidate:1be30185-a2c0-4461-afc0-2cb02fcff473
2019-10-22 00:08:53,186 [grpc-default-executor-5] INFO  impl.RoleInfo (RoleInfo.java:shutdownFollowerState(121)) - e64b81a2-7e97-4a9c-9a90-0d1e8edce3a8: shutdown FollowerState
2019-10-22 00:08:53,186 [grpc-default-executor-5] INFO  impl.RoleInfo (RoleInfo.java:updateAndGet(143)) - e64b81a2-7e97-4a9c-9a90-0d1e8edce3a8: start FollowerState
2019-10-22 00:08:53,186 [Thread-4725] INFO  impl.FollowerState (FollowerState.java:run(117)) - e64b81a2-7e97-4a9c-9a90-0d1e8edce3a8@group-A8B097DE35CC-FollowerState was interrupted: java.lang.InterruptedException: sleep interrupted
2019-10-22 00:08:53,186 [grpc-default-executor-8] INFO  impl.RaftServerImpl (RaftServerImpl.java:setRole(184)) - d9951c0b-6d6e-4464-b06b-4ef93c20892c@group-A8B097DE35CC: changes role from  FOLLOWER to FOLLOWER at term 98 for recognizeCandidate:1be30185-a2c0-4461-afc0-2cb02fcff473
2019-10-22 00:08:53,187 [grpc-default-executor-8] INFO  impl.RoleInfo (RoleInfo.java:shutdownFollowerState(121)) - d9951c0b-6d6e-4464-b06b-4ef93c20892c: shutdown FollowerState
2019-10-22 00:08:53,187 [grpc-default-executor-8] INFO  impl.RoleInfo (RoleInfo.java:updateAndGet(143)) - d9951c0b-6d6e-4464-b06b-4ef93c20892c: start FollowerState
2019-10-22 00:08:53,187 [Thread-4726] INFO  impl.FollowerState (FollowerState.java:run(117)) - d9951c0b-6d6e-4464-b06b-4ef93c20892c@group-A8B097DE35CC-FollowerState was interrupted: java.lang.InterruptedException: sleep interrupted
2019-10-22 00:08:53,200 [1be30185-a2c0-4461-afc0-2cb02fcff473@group-A8B097DE35CC-LeaderElection550] INFO  impl.LeaderElection (LeaderElection.java:logAndReturn(56)) - 1be30185-a2c0-4461-afc0-2cb02fcff473@group-A8B097DE35CC-LeaderElection550: Election REJECTED; received 2 response(s) [1be30185-a2c0-4461-afc0-2cb02fcff473<-e64b81a2-7e97-4a9c-9a90-0d1e8edce3a8#0:FAIL-t98, 1be30185-a2c0-4461-afc0-2cb02fcff473<-d9951c0b-6d6e-4464-b06b-4ef93c20892c#0:FAIL-t98] and 0 exception(s); 1be30185-a2c0-4461-afc0-2cb02fcff473@group-A8B097DE35CC:t98, leader=null, voted=1be30185-a2c0-4461-afc0-2cb02fcff473, raftlog=1be30185-a2c0-4461-afc0-2cb02fcff473@group-A8B097DE35CC-SegmentedRaftLog:OPENED:c-1,f-1,i0, conf=-1: [e64b81a2-7e97-4a9c-9a90-0d1e8edce3a8:192.168.157.254:40074, d9951c0b-6d6e-4464-b06b-4ef93c20892c:192.168.157.254:43622, 1be30185-a2c0-4461-afc0-2cb02fcff473:192.168.157.254:38008], old=null
2019-10-22 00:08:53,200 [1be30185-a2c0-4461-afc0-2cb02fcff473@group-A8B097DE35CC-LeaderElection550] INFO  impl.RaftServerImpl (RaftServerImpl.java:setRole(184)) - 1be30185-a2c0-4461-afc0-2cb02fcff473@group-A8B097DE35CC: changes role from CANDIDATE to FOLLOWER at term 98 for DISCOVERED_A_NEW_TERM
2019-10-22 00:08:53,201 [1be30185-a2c0-4461-afc0-2cb02fcff473@group-A8B097DE35CC-LeaderElection550] INFO  impl.RoleInfo (RoleInfo.java:shutdownLeaderElection(134)) - 1be30185-a2c0-4461-afc0-2cb02fcff473: shutdown LeaderElection
2019-10-22 00:08:53,201 [1be30185-a2c0-4461-afc0-2cb02fcff473@group-A8B097DE35CC-LeaderElection550] INFO  impl.RoleInfo (RoleInfo.java:updateAndGet(143)) - 1be30185-a2c0-4461-afc0-2cb02fcff473: start FollowerState
2019-10-22 00:08:53,249 [Thread-4736] INFO  impl.FollowerState (FollowerState.java:run(108)) - 1be30185-a2c0-4461-afc0-2cb02fcff473@group-A8B097DE35CC-FollowerState: change to CANDIDATE, lastRpcTime:48ms, electionTimeout:48ms
2019-10-22 00:08:53,249 [Thread-4736] INFO  impl.RoleInfo (RoleInfo.java:shutdownFollowerState(121)) - 1be30185-a2c0-4461-afc0-2cb02fcff473: shutdown FollowerState
2019-10-22 00:08:53,249 [Thread-4736] INFO  impl.RaftServerImpl (RaftServerImpl.java:setRole(184)) - 1be30185-a2c0-4461-afc0-2cb02fcff473@group-A8B097DE35CC: changes role from  FOLLOWER to CANDIDATE at term 98 for changeToCandidate
2019-10-22 00:08:53,250 [Thread-4736] INFO  impl.RoleInfo (RoleInfo.java:updateAndGet(143)) - 1be30185-a2c0-4461-afc0-2cb02fcff473: start LeaderElection
2019-10-22 00:08:53,259 [1be30185-a2c0-4461-afc0-2cb02fcff473@group-A8B097DE35CC-LeaderElection551] INFO  impl.LeaderElection (LeaderElection.java:askForVotes(178)) - 1be30185-a2c0-4461-afc0-2cb02fcff473@group-A8B097DE35CC-LeaderElection551: begin an election at term 99 for -1: [e64b81a2-7e97-4a9c-9a90-0d1e8edce3a8:192.168.157.254:40074, d9951c0b-6d6e-4464-b06b-4ef93c20892c:192.168.157.254:43622, 1be30185-a2c0-4461-afc0-2cb02fcff473:192.168.157.254:38008], old=null
2019-10-22 00:08:53,265 [grpc-default-executor-5] INFO  impl.RaftServerImpl (RaftServerImpl.java:setRole(184)) - e64b81a2-7e97-4a9c-9a90-0d1e8edce3a8@group-A8B097DE35CC: changes role from  FOLLOWER to FOLLOWER at term 99 for recognizeCandidate:1be30185-a2c0-4461-afc0-2cb02fcff473
2019-10-22 00:08:53,265 [grpc-default-executor-5] INFO  impl.RoleInfo (RoleInfo.java:shutdownFollowerState(121)) - e64b81a2-7e97-4a9c-9a90-0d1e8edce3a8: shutdown FollowerState
2019-10-22 00:08:53,265 [grpc-default-executor-8] INFO  impl.RaftServerImpl (RaftServerImpl.java:setRole(184)) - d9951c0b-6d6e-4464-b06b-4ef93c20892c@group-A8B097DE35CC: changes role from  FOLLOWER to FOLLOWER at term 99 for recognizeCandidate:1be30185-a2c0-4461-afc0-2cb02fcff473
2019-10-22 00:08:53,265 [grpc-default-executor-8] INFO  impl.RoleInfo (RoleInfo.java:shutdownFollowerState(121)) - d9951c0b-6d6e-4464-b06b-4ef93c20892c: shutdown FollowerState
2019-10-22 00:08:53,265 [Thread-4734] INFO  impl.FollowerState (FollowerState.java:run(117)) - e64b81a2-7e97-4a9c-9a90-0d1e8edce3a8@group-A8B097DE35CC-FollowerState was interrupted: java.lang.InterruptedException: sleep interrupted
2019-10-22 00:08:53,265 [grpc-default-executor-5] INFO  impl.RoleInfo (RoleInfo.java:updateAndGet(143)) - e64b81a2-7e97-4a9c-9a90-0d1e8edce3a8: start FollowerState
2019-10-22 00:08:53,266 [Thread-4735] INFO  impl.FollowerState (FollowerState.java:run(117)) - d9951c0b-6d6e-4464-b06b-4ef93c20892c@group-A8B097DE35CC-FollowerState was interrupted: java.lang.InterruptedException: sleep interrupted
2019-10-22 00:08:53,266 [grpc-default-executor-8] INFO  impl.RoleInfo (RoleInfo.java:updateAndGet(143)) - d9951c0b-6d6e-4464-b06b-4ef93c20892c: start FollowerState
2019-10-22 00:08:53,280 [1be30185-a2c0-4461-afc0-2cb02fcff473@group-A8B097DE35CC-LeaderElection551] INFO  impl.LeaderElection (LeaderElection.java:logAndReturn(56)) - 1be30185-a2c0-4461-afc0-2cb02fcff473@group-A8B097DE35CC-LeaderElection551: Election REJECTED; received 2 response(s) [1be30185-a2c0-4461-afc0-2cb02fcff473<-e64b81a2-7e97-4a9c-9a90-0d1e8edce3a8#0:FAIL-t99, 1be30185-a2c0-4461-afc0-2cb02fcff473<-d9951c0b-6d6e-4464-b06b-4ef93c20892c#0:FAIL-t99] and 0 exception(s); 1be30185-a2c0-4461-afc0-2cb02fcff473@group-A8B097DE35CC:t99, leader=null, voted=1be30185-a2c0-4461-afc0-2cb02fcff473, raftlog=1be30185-a2c0-4461-afc0-2cb02fcff473@group-A8B097DE35CC-SegmentedRaftLog:OPENED:c-1,f-1,i0, conf=-1: [e64b81a2-7e97-4a9c-9a90-0d1e8edce3a8:192.168.157.254:40074, d9951c0b-6d6e-4464-b06b-4ef93c20892c:192.168.157.254:43622, 1be30185-a2c0-4461-afc0-2cb02fcff473:192.168.157.254:38008], old=null
2019-10-22 00:08:53,280 [1be30185-a2c0-4461-afc0-2cb02fcff473@group-A8B097DE35CC-LeaderElection551] INFO  impl.RaftServerImpl (RaftServerImpl.java:setRole(184)) - 1be30185-a2c0-4461-afc0-2cb02fcff473@group-A8B097DE35CC: changes role from CANDIDATE to FOLLOWER at term 99 for DISCOVERED_A_NEW_TERM
2019-10-22 00:08:53,280 [1be30185-a2c0-4461-afc0-2cb02fcff473@group-A8B097DE35CC-LeaderElection551] INFO  impl.RoleInfo (RoleInfo.java:shutdownLeaderElection(134)) - 1be30185-a2c0-4461-afc0-2cb02fcff473: shutdown LeaderElection
2019-10-22 00:08:53,280 [1be30185-a2c0-4461-afc0-2cb02fcff473@group-A8B097DE35CC-LeaderElection551] INFO  impl.RoleInfo (RoleInfo.java:updateAndGet(143)) - 1be30185-a2c0-4461-afc0-2cb02fcff473: start FollowerState
2019-10-22 00:08:53,371 [main] INFO  ozone.MiniOzoneClusterImpl (MiniOzoneClusterImpl.java:shutdown(314)) - Shutting down the Mini Ozone Cluster
2019-10-22 00:08:53,372 [main] INFO  ozone.MiniOzoneClusterImpl (MiniOzoneClusterImpl.java:stop(330)) - Stopping the Mini Ozone Cluster
2019-10-22 00:08:53,372 [main] INFO  ozone.MiniOzoneClusterImpl (MiniOzoneClusterImpl.java:stopOM(400)) - Stopping the OzoneManager
2019-10-22 00:08:53,372 [main] INFO  ipc.Server (Server.java:stop(3082)) - Stopping server on 33103
2019-10-22 00:08:53,398 [IPC Server listener on 33103] INFO  ipc.Server (Server.java:run(1185)) - Stopping IPC Server listener on 33103
2019-10-22 00:08:53,398 [main] INFO  ratis.OzoneManagerDoubleBuffer (OzoneManagerDoubleBuffer.java:stop(250)) - Stopping OMDoubleBuffer flush thread
2019-10-22 00:08:53,402 [OMDoubleBufferFlushThread] INFO  ratis.OzoneManagerDoubleBuffer (OzoneManagerDoubleBuffer.java:flushTransactions(193)) - OMDoubleBuffer flush thread OMDoubleBufferFlushThread is interrupted and will exit. OMDoubleBufferFlushThread
2019-10-22 00:08:53,402 [IPC Server Responder] INFO  ipc.Server (Server.java:run(1319)) - Stopping IPC Server Responder
2019-10-22 00:08:53,402 [main] INFO  utils.BackgroundService (BackgroundService.java:shutdown(151)) - Shutting down service KeyDeletingService
2019-10-22 00:08:53,404 [main] INFO  handler.ContextHandler (ContextHandler.java:doStop(910)) - Stopped o.e.j.w.WebAppContext@3c9c6245{/,null,UNAVAILABLE}{/ozoneManager}
2019-10-22 00:08:53,404 [main] INFO  server.AbstractConnector (AbstractConnector.java:doStop(318)) - Stopped ServerConnector@6d0be7ab{HTTP/1.1,[http/1.1]}{0.0.0.0:0}
2019-10-22 00:08:53,404 [main] INFO  handler.ContextHandler (ContextHandler.java:doStop(910)) - Stopped o.e.j.s.ServletContextHandler@7f4701b1{/static,file:///workdir/hadoop-ozone/integration-test/target/test-classes/webapps/static,UNAVAILABLE}
2019-10-22 00:08:53,405 [main] INFO  handler.ContextHandler (ContextHandler.java:doStop(910)) - Stopped o.e.j.s.ServletContextHandler@1823b9c4{/logs,file:///workdir/hadoop-ozone/integration-test/target/log,UNAVAILABLE}
2019-10-22 00:08:53,407 [main] INFO  ozone.MiniOzoneClusterImpl (MiniOzoneClusterImpl.java:stopDatanodes(377)) - Stopping the HddsDatanodes
2019-10-22 00:08:53,426 [Datanode State Machine Thread - 0] INFO  statemachine.DatanodeStateMachine (DatanodeStateMachine.java:lambda$startDaemon$0(350)) - Ozone container server started.
2019-10-22 00:08:53,462 [Thread-4745] INFO  impl.FollowerState (FollowerState.java:run(108)) - 1be30185-a2c0-4461-afc0-2cb02fcff473@group-A8B097DE35CC-FollowerState: change to CANDIDATE, lastRpcTime:182ms, electionTimeout:182ms
2019-10-22 00:08:53,462 [Thread-4745] INFO  impl.RoleInfo (RoleInfo.java:shutdownFollowerState(121)) - 1be30185-a2c0-4461-afc0-2cb02fcff473: shutdown FollowerState
2019-10-22 00:08:53,462 [Thread-4745] INFO  impl.RaftServerImpl (RaftServerImpl.java:setRole(184)) - 1be30185-a2c0-4461-afc0-2cb02fcff473@group-A8B097DE35CC: changes role from  FOLLOWER to CANDIDATE at term 99 for changeToCandidate
2019-10-22 00:08:53,462 [Thread-4745] INFO  impl.RoleInfo (RoleInfo.java:updateAndGet(143)) - 1be30185-a2c0-4461-afc0-2cb02fcff473: start LeaderElection
2019-10-22 00:08:53,481 [1be30185-a2c0-4461-afc0-2cb02fcff473@group-A8B097DE35CC-LeaderElection552] INFO  impl.LeaderElection (LeaderElection.java:askForVotes(178)) - 1be30185-a2c0-4461-afc0-2cb02fcff473@group-A8B097DE35CC-LeaderElection552: begin an election at term 100 for -1: [e64b81a2-7e97-4a9c-9a90-0d1e8edce3a8:192.168.157.254:40074, d9951c0b-6d6e-4464-b06b-4ef93c20892c:192.168.157.254:43622, 1be30185-a2c0-4461-afc0-2cb02fcff473:192.168.157.254:38008], old=null
2019-10-22 00:08:53,482 [grpc-default-executor-8] INFO  impl.RaftServerImpl (RaftServerImpl.java:setRole(184)) - e64b81a2-7e97-4a9c-9a90-0d1e8edce3a8@group-A8B097DE35CC: changes role from  FOLLOWER to FOLLOWER at term 100 for recognizeCandidate:1be30185-a2c0-4461-afc0-2cb02fcff473
2019-10-22 00:08:53,482 [grpc-default-executor-8] INFO  impl.RoleInfo (RoleInfo.java:shutdownFollowerState(121)) - e64b81a2-7e97-4a9c-9a90-0d1e8edce3a8: shutdown FollowerState
2019-10-22 00:08:53,482 [grpc-default-executor-1] INFO  impl.RaftServerImpl (RaftServerImpl.java:setRole(184)) - d9951c0b-6d6e-4464-b06b-4ef93c20892c@group-A8B097DE35CC: changes role from  FOLLOWER to FOLLOWER at term 100 for recognizeCandidate:1be30185-a2c0-4461-afc0-2cb02fcff473
2019-10-22 00:08:53,482 [Thread-4740] INFO  impl.FollowerState (FollowerState.java:run(117)) - e64b81a2-7e97-4a9c-9a90-0d1e8edce3a8@group-A8B097DE35CC-FollowerState was interrupted: java.lang.InterruptedException: sleep interrupted
2019-10-22 00:08:53,482 [grpc-default-executor-8] INFO  impl.RoleInfo (RoleInfo.java:updateAndGet(143)) - e64b81a2-7e97-4a9c-9a90-0d1e8edce3a8: start FollowerState
2019-10-22 00:08:53,482 [grpc-default-executor-1] INFO  impl.RoleInfo (RoleInfo.java:shutdownFollowerState(121)) - d9951c0b-6d6e-4464-b06b-4ef93c20892c: shutdown FollowerState
2019-10-22 00:08:53,483 [grpc-default-executor-1] INFO  impl.RoleInfo (RoleInfo.java:updateAndGet(143)) - d9951c0b-6d6e-4464-b06b-4ef93c20892c: start FollowerState
2019-10-22 00:08:53,483 [Thread-4741] INFO  impl.FollowerState (FollowerState.java:run(117)) - d9951c0b-6d6e-4464-b06b-4ef93c20892c@group-A8B097DE35CC-FollowerState was interrupted: java.lang.InterruptedException: sleep interrupted
2019-10-22 00:08:53,495 [1be30185-a2c0-4461-afc0-2cb02fcff473@group-A8B097DE35CC-LeaderElection552] INFO  impl.LeaderElection (LeaderElection.java:logAndReturn(56)) - 1be30185-a2c0-4461-afc0-2cb02fcff473@group-A8B097DE35CC-LeaderElection552: Election REJECTED; received 2 response(s) [1be30185-a2c0-4461-afc0-2cb02fcff473<-e64b81a2-7e97-4a9c-9a90-0d1e8edce3a8#0:FAIL-t100, 1be30185-a2c0-4461-afc0-2cb02fcff473<-d9951c0b-6d6e-4464-b06b-4ef93c20892c#0:FAIL-t100] and 0 exception(s); 1be30185-a2c0-4461-afc0-2cb02fcff473@group-A8B097DE35CC:t100, leader=null, voted=1be30185-a2c0-4461-afc0-2cb02fcff473, raftlog=1be30185-a2c0-4461-afc0-2cb02fcff473@group-A8B097DE35CC-SegmentedRaftLog:OPENED:c-1,f-1,i0, conf=-1: [e64b81a2-7e97-4a9c-9a90-0d1e8edce3a8:192.168.157.254:40074, d9951c0b-6d6e-4464-b06b-4ef93c20892c:192.168.157.254:43622, 1be30185-a2c0-4461-afc0-2cb02fcff473:192.168.157.254:38008], old=null
2019-10-22 00:08:53,495 [1be30185-a2c0-4461-afc0-2cb02fcff473@group-A8B097DE35CC-LeaderElection552] INFO  impl.RaftServerImpl (RaftServerImpl.java:setRole(184)) - 1be30185-a2c0-4461-afc0-2cb02fcff473@group-A8B097DE35CC: changes role from CANDIDATE to FOLLOWER at term 100 for DISCOVERED_A_NEW_TERM
2019-10-22 00:08:53,496 [1be30185-a2c0-4461-afc0-2cb02fcff473@group-A8B097DE35CC-LeaderElection552] INFO  impl.RoleInfo (RoleInfo.java:shutdownLeaderElection(134)) - 1be30185-a2c0-4461-afc0-2cb02fcff473: shutdown LeaderElection
2019-10-22 00:08:53,496 [1be30185-a2c0-4461-afc0-2cb02fcff473@group-A8B097DE35CC-LeaderElection552] INFO  impl.RoleInfo (RoleInfo.java:updateAndGet(143)) - 1be30185-a2c0-4461-afc0-2cb02fcff473: start FollowerState
2019-10-22 00:08:53,538 [Thread-4763] INFO  impl.FollowerState (FollowerState.java:run(108)) - 1be30185-a2c0-4461-afc0-2cb02fcff473@group-A8B097DE35CC-FollowerState: change to CANDIDATE, lastRpcTime:42ms, electionTimeout:42ms
2019-10-22 00:08:53,538 [Thread-4763] INFO  impl.RoleInfo (RoleInfo.java:shutdownFollowerState(121)) - 1be30185-a2c0-4461-afc0-2cb02fcff473: shutdown FollowerState
2019-10-22 00:08:53,538 [Thread-4763] INFO  impl.RaftServerImpl (RaftServerImpl.java:setRole(184)) - 1be30185-a2c0-4461-afc0-2cb02fcff473@group-A8B097DE35CC: changes role from  FOLLOWER to CANDIDATE at term 100 for changeToCandidate
2019-10-22 00:08:53,538 [Thread-4763] INFO  impl.RoleInfo (RoleInfo.java:updateAndGet(143)) - 1be30185-a2c0-4461-afc0-2cb02fcff473: start LeaderElection
2019-10-22 00:08:53,551 [1be30185-a2c0-4461-afc0-2cb02fcff473@group-A8B097DE35CC-LeaderElection553] INFO  impl.LeaderElection (LeaderElection.java:askForVotes(178)) - 1be30185-a2c0-4461-afc0-2cb02fcff473@group-A8B097DE35CC-LeaderElection553: begin an election at term 101 for -1: [e64b81a2-7e97-4a9c-9a90-0d1e8edce3a8:192.168.157.254:40074, d9951c0b-6d6e-4464-b06b-4ef93c20892c:192.168.157.254:43622, 1be30185-a2c0-4461-afc0-2cb02fcff473:192.168.157.254:38008], old=null
2019-10-22 00:08:53,552 [grpc-default-executor-1] INFO  impl.RaftServerImpl (RaftServerImpl.java:setRole(184)) - e64b81a2-7e97-4a9c-9a90-0d1e8edce3a8@group-A8B097DE35CC: changes role from  FOLLOWER to FOLLOWER at term 101 for recognizeCandidate:1be30185-a2c0-4461-afc0-2cb02fcff473
2019-10-22 00:08:53,552 [grpc-default-executor-1] INFO  impl.RoleInfo (RoleInfo.java:shutdownFollowerState(121)) - e64b81a2-7e97-4a9c-9a90-0d1e8edce3a8: shutdown FollowerState
2019-10-22 00:08:53,552 [grpc-default-executor-8] INFO  impl.RaftServerImpl (RaftServerImpl.java:setRole(184)) - d9951c0b-6d6e-4464-b06b-4ef93c20892c@group-A8B097DE35CC: changes role from  FOLLOWER to FOLLOWER at term 101 for recognizeCandidate:1be30185-a2c0-4461-afc0-2cb02fcff473
2019-10-22 00:08:53,553 [grpc-default-executor-8] INFO  impl.RoleInfo (RoleInfo.java:shutdownFollowerState(121)) - d9951c0b-6d6e-4464-b06b-4ef93c20892c: shutdown FollowerState
2019-10-22 00:08:53,553 [Thread-4761] INFO  impl.FollowerState (FollowerState.java:run(117)) - e64b81a2-7e97-4a9c-9a90-0d1e8edce3a8@group-A8B097DE35CC-FollowerState was interrupted: java.lang.InterruptedException: sleep interrupted
2019-10-22 00:08:53,553 [grpc-default-executor-1] INFO  impl.RoleInfo (RoleInfo.java:updateAndGet(143)) - e64b81a2-7e97-4a9c-9a90-0d1e8edce3a8: start FollowerState
2019-10-22 00:08:53,553 [grpc-default-executor-8] INFO  impl.RoleInfo (RoleInfo.java:updateAndGet(143)) - d9951c0b-6d6e-4464-b06b-4ef93c20892c: start FollowerState
2019-10-22 00:08:53,553 [Thread-4762] INFO  impl.FollowerState (FollowerState.java:run(117)) - d9951c0b-6d6e-4464-b06b-4ef93c20892c@group-A8B097DE35CC-FollowerState was interrupted: java.lang.InterruptedException: sleep interrupted
2019-10-22 00:08:53,567 [1be30185-a2c0-4461-afc0-2cb02fcff473@group-A8B097DE35CC-LeaderElection553] INFO  impl.LeaderElection (LeaderElection.java:logAndReturn(56)) - 1be30185-a2c0-4461-afc0-2cb02fcff473@group-A8B097DE35CC-LeaderElection553: Election REJECTED; received 2 response(s) [1be30185-a2c0-4461-afc0-2cb02fcff473<-e64b81a2-7e97-4a9c-9a90-0d1e8edce3a8#0:FAIL-t101, 1be30185-a2c0-4461-afc0-2cb02fcff473<-d9951c0b-6d6e-4464-b06b-4ef93c20892c#0:FAIL-t101] and 0 exception(s); 1be30185-a2c0-4461-afc0-2cb02fcff473@group-A8B097DE35CC:t101, leader=null, voted=1be30185-a2c0-4461-afc0-2cb02fcff473, raftlog=1be30185-a2c0-4461-afc0-2cb02fcff473@group-A8B097DE35CC-SegmentedRaftLog:OPENED:c-1,f-1,i0, conf=-1: [e64b81a2-7e97-4a9c-9a90-0d1e8edce3a8:192.168.157.254:40074, d9951c0b-6d6e-4464-b06b-4ef93c20892c:192.168.157.254:43622, 1be30185-a2c0-4461-afc0-2cb02fcff473:192.168.157.254:38008], old=null
2019-10-22 00:08:53,567 [1be30185-a2c0-4461-afc0-2cb02fcff473@group-A8B097DE35CC-LeaderElection553] INFO  impl.RaftServerImpl (RaftServerImpl.java:setRole(184)) - 1be30185-a2c0-4461-afc0-2cb02fcff473@group-A8B097DE35CC: changes role from CANDIDATE to FOLLOWER at term 101 for DISCOVERED_A_NEW_TERM
2019-10-22 00:08:53,567 [1be30185-a2c0-4461-afc0-2cb02fcff473@group-A8B097DE35CC-LeaderElection553] INFO  impl.RoleInfo (RoleInfo.java:shutdownLeaderElection(134)) - 1be30185-a2c0-4461-afc0-2cb02fcff473: shutdown LeaderElection
2019-10-22 00:08:53,567 [1be30185-a2c0-4461-afc0-2cb02fcff473@group-A8B097DE35CC-LeaderElection553] INFO  impl.RoleInfo (RoleInfo.java:updateAndGet(143)) - 1be30185-a2c0-4461-afc0-2cb02fcff473: start FollowerState
2019-10-22 00:08:53,582 [Thread-4769] INFO  impl.FollowerState (FollowerState.java:run(108)) - 1be30185-a2c0-4461-afc0-2cb02fcff473@group-A8B097DE35CC-FollowerState: change to CANDIDATE, lastRpcTime:15ms, electionTimeout:15ms
2019-10-22 00:08:53,582 [Thread-4769] INFO  impl.RoleInfo (RoleInfo.java:shutdownFollowerState(121)) - 1be30185-a2c0-4461-afc0-2cb02fcff473: shutdown FollowerState
2019-10-22 00:08:53,582 [Thread-4769] INFO  impl.RaftServerImpl (RaftServerImpl.java:setRole(184)) - 1be30185-a2c0-4461-afc0-2cb02fcff473@group-A8B097DE35CC: changes role from  FOLLOWER to CANDIDATE at term 101 for changeToCandidate
2019-10-22 00:08:53,582 [Thread-4769] INFO  impl.RoleInfo (RoleInfo.java:updateAndGet(143)) - 1be30185-a2c0-4461-afc0-2cb02fcff473: start LeaderElection
2019-10-22 00:08:53,604 [1be30185-a2c0-4461-afc0-2cb02fcff473@group-A8B097DE35CC-LeaderElection554] INFO  impl.LeaderElection (LeaderElection.java:askForVotes(178)) - 1be30185-a2c0-4461-afc0-2cb02fcff473@group-A8B097DE35CC-LeaderElection554: begin an election at term 102 for -1: [e64b81a2-7e97-4a9c-9a90-0d1e8edce3a8:192.168.157.254:40074, d9951c0b-6d6e-4464-b06b-4ef93c20892c:192.168.157.254:43622, 1be30185-a2c0-4461-afc0-2cb02fcff473:192.168.157.254:38008], old=null
2019-10-22 00:08:53,605 [grpc-default-executor-8] INFO  impl.RaftServerImpl (RaftServerImpl.java:setRole(184)) - d9951c0b-6d6e-4464-b06b-4ef93c20892c@group-A8B097DE35CC: changes role from  FOLLOWER to FOLLOWER at term 102 for recognizeCandidate:1be30185-a2c0-4461-afc0-2cb02fcff473
2019-10-22 00:08:53,605 [grpc-default-executor-1] INFO  impl.RaftServerImpl (RaftServerImpl.java:setRole(184)) - e64b81a2-7e97-4a9c-9a90-0d1e8edce3a8@group-A8B097DE35CC: changes role from  FOLLOWER to FOLLOWER at term 102 for recognizeCandidate:1be30185-a2c0-4461-afc0-2cb02fcff473
2019-10-22 00:08:53,605 [grpc-default-executor-1] INFO  impl.RoleInfo (RoleInfo.java:shutdownFollowerState(121)) - e64b81a2-7e97-4a9c-9a90-0d1e8edce3a8: shutdown FollowerState
2019-10-22 00:08:53,605 [grpc-default-executor-8] INFO  impl.RoleInfo (RoleInfo.java:shutdownFollowerState(121)) - d9951c0b-6d6e-4464-b06b-4ef93c20892c: shutdown FollowerState
2019-10-22 00:08:53,606 [grpc-default-executor-1] INFO  impl.RoleInfo (RoleInfo.java:updateAndGet(143)) - e64b81a2-7e97-4a9c-9a90-0d1e8edce3a8: start FollowerState
2019-10-22 00:08:53,606 [Thread-4767] INFO  impl.FollowerState (FollowerState.java:run(117)) - e64b81a2-7e97-4a9c-9a90-0d1e8edce3a8@group-A8B097DE35CC-FollowerState was interrupted: java.lang.InterruptedException: sleep interrupted
2019-10-22 00:08:53,606 [grpc-default-executor-8] INFO  impl.RoleInfo (RoleInfo.java:updateAndGet(143)) - d9951c0b-6d6e-4464-b06b-4ef93c20892c: start FollowerState
2019-10-22 00:08:53,606 [Thread-4768] INFO  impl.FollowerState (FollowerState.java:run(117)) - d9951c0b-6d6e-4464-b06b-4ef93c20892c@group-A8B097DE35CC-FollowerState was interrupted: java.lang.InterruptedException: sleep interrupted
2019-10-22 00:08:53,620 [1be30185-a2c0-4461-afc0-2cb02fcff473@group-A8B097DE35CC-LeaderElection554] INFO  impl.LeaderElection (LeaderElection.java:logAndReturn(56)) - 1be30185-a2c0-4461-afc0-2cb02fcff473@group-A8B097DE35CC-LeaderElection554: Election REJECTED; received 2 response(s) [1be30185-a2c0-4461-afc0-2cb02fcff473<-e64b81a2-7e97-4a9c-9a90-0d1e8edce3a8#0:FAIL-t102, 1be30185-a2c0-4461-afc0-2cb02fcff473<-d9951c0b-6d6e-4464-b06b-4ef93c20892c#0:FAIL-t102] and 0 exception(s); 1be30185-a2c0-4461-afc0-2cb02fcff473@group-A8B097DE35CC:t102, leader=null, voted=1be30185-a2c0-4461-afc0-2cb02fcff473, raftlog=1be30185-a2c0-4461-afc0-2cb02fcff473@group-A8B097DE35CC-SegmentedRaftLog:OPENED:c-1,f-1,i0, conf=-1: [e64b81a2-7e97-4a9c-9a90-0d1e8edce3a8:192.168.157.254:40074, d9951c0b-6d6e-4464-b06b-4ef93c20892c:192.168.157.254:43622, 1be30185-a2c0-4461-afc0-2cb02fcff473:192.168.157.254:38008], old=null
2019-10-22 00:08:53,620 [1be30185-a2c0-4461-afc0-2cb02fcff473@group-A8B097DE35CC-LeaderElection554] INFO  impl.RaftServerImpl (RaftServerImpl.java:setRole(184)) - 1be30185-a2c0-4461-afc0-2cb02fcff473@group-A8B097DE35CC: changes role from CANDIDATE to FOLLOWER at term 102 for DISCOVERED_A_NEW_TERM
2019-10-22 00:08:53,620 [1be30185-a2c0-4461-afc0-2cb02fcff473@group-A8B097DE35CC-LeaderElection554] INFO  impl.RoleInfo (RoleInfo.java:shutdownLeaderElection(134)) - 1be30185-a2c0-4461-afc0-2cb02fcff473: shutdown LeaderElection
2019-10-22 00:08:53,620 [1be30185-a2c0-4461-afc0-2cb02fcff473@group-A8B097DE35CC-LeaderElection554] INFO  impl.RoleInfo (RoleInfo.java:updateAndGet(143)) - 1be30185-a2c0-4461-afc0-2cb02fcff473: start FollowerState
2019-10-22 00:08:53,677 [Datanode State Machine Thread - 0] INFO  statemachine.DatanodeStateMachine (DatanodeStateMachine.java:lambda$startDaemon$0(350)) - Ozone container server started.
2019-10-22 00:08:53,692 [Thread-4775] INFO  impl.FollowerState (FollowerState.java:run(108)) - 1be30185-a2c0-4461-afc0-2cb02fcff473@group-A8B097DE35CC-FollowerState: change to CANDIDATE, lastRpcTime:72ms, electionTimeout:72ms
2019-10-22 00:08:53,693 [Thread-4775] INFO  impl.RoleInfo (RoleInfo.java:shutdownFollowerState(121)) - 1be30185-a2c0-4461-afc0-2cb02fcff473: shutdown FollowerState
2019-10-22 00:08:53,693 [Thread-4775] INFO  impl.RaftServerImpl (RaftServerImpl.java:setRole(184)) - 1be30185-a2c0-4461-afc0-2cb02fcff473@group-A8B097DE35CC: changes role from  FOLLOWER to CANDIDATE at term 102 for changeToCandidate
2019-10-22 00:08:53,693 [Thread-4775] INFO  impl.RoleInfo (RoleInfo.java:updateAndGet(143)) - 1be30185-a2c0-4461-afc0-2cb02fcff473: start LeaderElection
2019-10-22 00:08:53,705 [1be30185-a2c0-4461-afc0-2cb02fcff473@group-A8B097DE35CC-LeaderElection555] INFO  impl.LeaderElection (LeaderElection.java:askForVotes(178)) - 1be30185-a2c0-4461-afc0-2cb02fcff473@group-A8B097DE35CC-LeaderElection555: begin an election at term 103 for -1: [e64b81a2-7e97-4a9c-9a90-0d1e8edce3a8:192.168.157.254:40074, d9951c0b-6d6e-4464-b06b-4ef93c20892c:192.168.157.254:43622, 1be30185-a2c0-4461-afc0-2cb02fcff473:192.168.157.254:38008], old=null
2019-10-22 00:08:53,707 [grpc-default-executor-1] INFO  impl.RaftServerImpl (RaftServerImpl.java:setRole(184)) - e64b81a2-7e97-4a9c-9a90-0d1e8edce3a8@group-A8B097DE35CC: changes role from  FOLLOWER to FOLLOWER at term 103 for recognizeCandidate:1be30185-a2c0-4461-afc0-2cb02fcff473
2019-10-22 00:08:53,707 [grpc-default-executor-8] INFO  impl.RaftServerImpl (RaftServerImpl.java:setRole(184)) - d9951c0b-6d6e-4464-b06b-4ef93c20892c@group-A8B097DE35CC: changes role from  FOLLOWER to FOLLOWER at term 103 for recognizeCandidate:1be30185-a2c0-4461-afc0-2cb02fcff473
2019-10-22 00:08:53,707 [grpc-default-executor-8] INFO  impl.RoleInfo (RoleInfo.java:shutdownFollowerState(121)) - d9951c0b-6d6e-4464-b06b-4ef93c20892c: shutdown FollowerState
2019-10-22 00:08:53,707 [grpc-default-executor-1] INFO  impl.RoleInfo (RoleInfo.java:shutdownFollowerState(121)) - e64b81a2-7e97-4a9c-9a90-0d1e8edce3a8: shutdown FollowerState
2019-10-22 00:08:53,707 [Thread-4774] INFO  impl.FollowerState (FollowerState.java:run(117)) - d9951c0b-6d6e-4464-b06b-4ef93c20892c@group-A8B097DE35CC-FollowerState was interrupted: java.lang.InterruptedException: sleep interrupted
2019-10-22 00:08:53,707 [grpc-default-executor-8] INFO  impl.RoleInfo (RoleInfo.java:updateAndGet(143)) - d9951c0b-6d6e-4464-b06b-4ef93c20892c: start FollowerState
2019-10-22 00:08:53,707 [Thread-4773] INFO  impl.FollowerState (FollowerState.java:run(117)) - e64b81a2-7e97-4a9c-9a90-0d1e8edce3a8@group-A8B097DE35CC-FollowerState was interrupted: java.lang.InterruptedException: sleep interrupted
2019-10-22 00:08:53,707 [grpc-default-executor-1] INFO  impl.RoleInfo (RoleInfo.java:updateAndGet(143)) - e64b81a2-7e97-4a9c-9a90-0d1e8edce3a8: start FollowerState
2019-10-22 00:08:53,721 [1be30185-a2c0-4461-afc0-2cb02fcff473@group-A8B097DE35CC-LeaderElection555] INFO  impl.LeaderElection (LeaderElection.java:logAndReturn(56)) - 1be30185-a2c0-4461-afc0-2cb02fcff473@group-A8B097DE35CC-LeaderElection555: Election REJECTED; received 2 response(s) [1be30185-a2c0-4461-afc0-2cb02fcff473<-e64b81a2-7e97-4a9c-9a90-0d1e8edce3a8#0:FAIL-t103, 1be30185-a2c0-4461-afc0-2cb02fcff473<-d9951c0b-6d6e-4464-b06b-4ef93c20892c#0:FAIL-t103] and 0 exception(s); 1be30185-a2c0-4461-afc0-2cb02fcff473@group-A8B097DE35CC:t103, leader=null, voted=1be30185-a2c0-4461-afc0-2cb02fcff473, raftlog=1be30185-a2c0-4461-afc0-2cb02fcff473@group-A8B097DE35CC-SegmentedRaftLog:OPENED:c-1,f-1,i0, conf=-1: [e64b81a2-7e97-4a9c-9a90-0d1e8edce3a8:192.168.157.254:40074, d9951c0b-6d6e-4464-b06b-4ef93c20892c:192.168.157.254:43622, 1be30185-a2c0-4461-afc0-2cb02fcff473:192.168.157.254:38008], old=null
2019-10-22 00:08:53,721 [1be30185-a2c0-4461-afc0-2cb02fcff473@group-A8B097DE35CC-LeaderElection555] INFO  impl.RaftServerImpl (RaftServerImpl.java:setRole(184)) - 1be30185-a2c0-4461-afc0-2cb02fcff473@group-A8B097DE35CC: changes role from CANDIDATE to FOLLOWER at term 103 for DISCOVERED_A_NEW_TERM
2019-10-22 00:08:53,721 [1be30185-a2c0-4461-afc0-2cb02fcff473@group-A8B097DE35CC-LeaderElection555] INFO  impl.RoleInfo (RoleInfo.java:shutdownLeaderElection(134)) - 1be30185-a2c0-4461-afc0-2cb02fcff473: shutdown LeaderElection
2019-10-22 00:08:53,721 [1be30185-a2c0-4461-afc0-2cb02fcff473@group-A8B097DE35CC-LeaderElection555] INFO  impl.RoleInfo (RoleInfo.java:updateAndGet(143)) - 1be30185-a2c0-4461-afc0-2cb02fcff473: start FollowerState
2019-10-22 00:08:53,815 [Thread-4781] INFO  impl.FollowerState (FollowerState.java:run(108)) - 1be30185-a2c0-4461-afc0-2cb02fcff473@group-A8B097DE35CC-FollowerState: change to CANDIDATE, lastRpcTime:93ms, electionTimeout:93ms
2019-10-22 00:08:53,815 [Thread-4781] INFO  impl.RoleInfo (RoleInfo.java:shutdownFollowerState(121)) - 1be30185-a2c0-4461-afc0-2cb02fcff473: shutdown FollowerState
2019-10-22 00:08:53,815 [Thread-4781] INFO  impl.RaftServerImpl (RaftServerImpl.java:setRole(184)) - 1be30185-a2c0-4461-afc0-2cb02fcff473@group-A8B097DE35CC: changes role from  FOLLOWER to CANDIDATE at term 103 for changeToCandidate
2019-10-22 00:08:53,815 [Thread-4781] INFO  impl.RoleInfo (RoleInfo.java:updateAndGet(143)) - 1be30185-a2c0-4461-afc0-2cb02fcff473: start LeaderElection
2019-10-22 00:08:53,828 [1be30185-a2c0-4461-afc0-2cb02fcff473@group-A8B097DE35CC-LeaderElection556] INFO  impl.LeaderElection (LeaderElection.java:askForVotes(178)) - 1be30185-a2c0-4461-afc0-2cb02fcff473@group-A8B097DE35CC-LeaderElection556: begin an election at term 104 for -1: [e64b81a2-7e97-4a9c-9a90-0d1e8edce3a8:192.168.157.254:40074, d9951c0b-6d6e-4464-b06b-4ef93c20892c:192.168.157.254:43622, 1be30185-a2c0-4461-afc0-2cb02fcff473:192.168.157.254:38008], old=null
2019-10-22 00:08:53,829 [grpc-default-executor-8] INFO  impl.RaftServerImpl (RaftServerImpl.java:setRole(184)) - d9951c0b-6d6e-4464-b06b-4ef93c20892c@group-A8B097DE35CC: changes role from  FOLLOWER to FOLLOWER at term 104 for recognizeCandidate:1be30185-a2c0-4461-afc0-2cb02fcff473
2019-10-22 00:08:53,829 [grpc-default-executor-8] INFO  impl.RoleInfo (RoleInfo.java:shutdownFollowerState(121)) - d9951c0b-6d6e-4464-b06b-4ef93c20892c: shutdown FollowerState
2019-10-22 00:08:53,829 [grpc-default-executor-1] INFO  impl.RaftServerImpl (RaftServerImpl.java:setRole(184)) - e64b81a2-7e97-4a9c-9a90-0d1e8edce3a8@group-A8B097DE35CC: changes role from  FOLLOWER to FOLLOWER at term 104 for recognizeCandidate:1be30185-a2c0-4461-afc0-2cb02fcff473
2019-10-22 00:08:53,830 [Thread-4779] INFO  impl.FollowerState (FollowerState.java:run(117)) - d9951c0b-6d6e-4464-b06b-4ef93c20892c@group-A8B097DE35CC-FollowerState was interrupted: java.lang.InterruptedException: sleep interrupted
2019-10-22 00:08:53,830 [grpc-default-executor-8] INFO  impl.RoleInfo (RoleInfo.java:updateAndGet(143)) - d9951c0b-6d6e-4464-b06b-4ef93c20892c: start FollowerState
2019-10-22 00:08:53,830 [grpc-default-executor-1] INFO  impl.RoleInfo (RoleInfo.java:shutdownFollowerState(121)) - e64b81a2-7e97-4a9c-9a90-0d1e8edce3a8: shutdown FollowerState
2019-10-22 00:08:53,830 [grpc-default-executor-1] INFO  impl.RoleInfo (RoleInfo.java:updateAndGet(143)) - e64b81a2-7e97-4a9c-9a90-0d1e8edce3a8: start FollowerState
2019-10-22 00:08:53,830 [Thread-4780] INFO  impl.FollowerState (FollowerState.java:run(117)) - e64b81a2-7e97-4a9c-9a90-0d1e8edce3a8@group-A8B097DE35CC-FollowerState was interrupted: java.lang.InterruptedException: sleep interrupted
2019-10-22 00:08:53,847 [1be30185-a2c0-4461-afc0-2cb02fcff473@group-A8B097DE35CC-LeaderElection556] INFO  impl.LeaderElection (LeaderElection.java:logAndReturn(56)) - 1be30185-a2c0-4461-afc0-2cb02fcff473@group-A8B097DE35CC-LeaderElection556: Election REJECTED; received 2 response(s) [1be30185-a2c0-4461-afc0-2cb02fcff473<-e64b81a2-7e97-4a9c-9a90-0d1e8edce3a8#0:FAIL-t104, 1be30185-a2c0-4461-afc0-2cb02fcff473<-d9951c0b-6d6e-4464-b06b-4ef93c20892c#0:FAIL-t104] and 0 exception(s); 1be30185-a2c0-4461-afc0-2cb02fcff473@group-A8B097DE35CC:t104, leader=null, voted=1be30185-a2c0-4461-afc0-2cb02fcff473, raftlog=1be30185-a2c0-4461-afc0-2cb02fcff473@group-A8B097DE35CC-SegmentedRaftLog:OPENED:c-1,f-1,i0, conf=-1: [e64b81a2-7e97-4a9c-9a90-0d1e8edce3a8:192.168.157.254:40074, d9951c0b-6d6e-4464-b06b-4ef93c20892c:192.168.157.254:43622, 1be30185-a2c0-4461-afc0-2cb02fcff473:192.168.157.254:38008], old=null
2019-10-22 00:08:53,847 [1be30185-a2c0-4461-afc0-2cb02fcff473@group-A8B097DE35CC-LeaderElection556] INFO  impl.RaftServerImpl (RaftServerImpl.java:setRole(184)) - 1be30185-a2c0-4461-afc0-2cb02fcff473@group-A8B097DE35CC: changes role from CANDIDATE to FOLLOWER at term 104 for DISCOVERED_A_NEW_TERM
2019-10-22 00:08:53,847 [1be30185-a2c0-4461-afc0-2cb02fcff473@group-A8B097DE35CC-LeaderElection556] INFO  impl.RoleInfo (RoleInfo.java:shutdownLeaderElection(134)) - 1be30185-a2c0-4461-afc0-2cb02fcff473: shutdown LeaderElection
2019-10-22 00:08:53,847 [1be30185-a2c0-4461-afc0-2cb02fcff473@group-A8B097DE35CC-LeaderElection556] INFO  impl.RoleInfo (RoleInfo.java:updateAndGet(143)) - 1be30185-a2c0-4461-afc0-2cb02fcff473: start FollowerState
2019-10-22 00:08:53,923 [Thread-4789] INFO  impl.FollowerState (FollowerState.java:run(108)) - 1be30185-a2c0-4461-afc0-2cb02fcff473@group-A8B097DE35CC-FollowerState: change to CANDIDATE, lastRpcTime:76ms, electionTimeout:76ms
2019-10-22 00:08:53,923 [Thread-4789] INFO  impl.RoleInfo (RoleInfo.java:shutdownFollowerState(121)) - 1be30185-a2c0-4461-afc0-2cb02fcff473: shutdown FollowerState
2019-10-22 00:08:53,923 [Thread-4789] INFO  impl.RaftServerImpl (RaftServerImpl.java:setRole(184)) - 1be30185-a2c0-4461-afc0-2cb02fcff473@group-A8B097DE35CC: changes role from  FOLLOWER to CANDIDATE at term 104 for changeToCandidate
2019-10-22 00:08:53,924 [Thread-4789] INFO  impl.RoleInfo (RoleInfo.java:updateAndGet(143)) - 1be30185-a2c0-4461-afc0-2cb02fcff473: start LeaderElection
2019-10-22 00:08:53,945 [1be30185-a2c0-4461-afc0-2cb02fcff473@group-A8B097DE35CC-LeaderElection557] INFO  impl.LeaderElection (LeaderElection.java:askForVotes(178)) - 1be30185-a2c0-4461-afc0-2cb02fcff473@group-A8B097DE35CC-LeaderElection557: begin an election at term 105 for -1: [e64b81a2-7e97-4a9c-9a90-0d1e8edce3a8:192.168.157.254:40074, d9951c0b-6d6e-4464-b06b-4ef93c20892c:192.168.157.254:43622, 1be30185-a2c0-4461-afc0-2cb02fcff473:192.168.157.254:38008], old=null
2019-10-22 00:08:53,946 [grpc-default-executor-1] INFO  impl.RaftServerImpl (RaftServerImpl.java:setRole(184)) - d9951c0b-6d6e-4464-b06b-4ef93c20892c@group-A8B097DE35CC: changes role from  FOLLOWER to FOLLOWER at term 105 for recognizeCandidate:1be30185-a2c0-4461-afc0-2cb02fcff473
2019-10-22 00:08:53,946 [grpc-default-executor-8] INFO  impl.RaftServerImpl (RaftServerImpl.java:setRole(184)) - e64b81a2-7e97-4a9c-9a90-0d1e8edce3a8@group-A8B097DE35CC: changes role from  FOLLOWER to FOLLOWER at term 105 for recognizeCandidate:1be30185-a2c0-4461-afc0-2cb02fcff473
2019-10-22 00:08:53,946 [grpc-default-executor-1] INFO  impl.RoleInfo (RoleInfo.java:shutdownFollowerState(121)) - d9951c0b-6d6e-4464-b06b-4ef93c20892c: shutdown FollowerState
2019-10-22 00:08:53,946 [grpc-default-executor-8] INFO  impl.RoleInfo (RoleInfo.java:shutdownFollowerState(121)) - e64b81a2-7e97-4a9c-9a90-0d1e8edce3a8: shutdown FollowerState
2019-10-22 00:08:53,947 [Thread-4787] INFO  impl.FollowerState (FollowerState.java:run(117)) - d9951c0b-6d6e-4464-b06b-4ef93c20892c@group-A8B097DE35CC-FollowerState was interrupted: java.lang.InterruptedException: sleep interrupted
2019-10-22 00:08:53,947 [grpc-default-executor-1] INFO  impl.RoleInfo (RoleInfo.java:updateAndGet(143)) - d9951c0b-6d6e-4464-b06b-4ef93c20892c: start FollowerState
2019-10-22 00:08:53,947 [Thread-4788] INFO  impl.FollowerState (FollowerState.java:run(117)) - e64b81a2-7e97-4a9c-9a90-0d1e8edce3a8@group-A8B097DE35CC-FollowerState was interrupted: java.lang.InterruptedException: sleep interrupted
2019-10-22 00:08:53,947 [grpc-default-executor-8] INFO  impl.RoleInfo (RoleInfo.java:updateAndGet(143)) - e64b81a2-7e97-4a9c-9a90-0d1e8edce3a8: start FollowerState
2019-10-22 00:08:53,961 [1be30185-a2c0-4461-afc0-2cb02fcff473@group-A8B097DE35CC-LeaderElection557] INFO  impl.LeaderElection (LeaderElection.java:logAndReturn(56)) - 1be30185-a2c0-4461-afc0-2cb02fcff473@group-A8B097DE35CC-LeaderElection557: Election REJECTED; received 2 response(s) [1be30185-a2c0-4461-afc0-2cb02fcff473<-e64b81a2-7e97-4a9c-9a90-0d1e8edce3a8#0:FAIL-t105, 1be30185-a2c0-4461-afc0-2cb02fcff473<-d9951c0b-6d6e-4464-b06b-4ef93c20892c#0:FAIL-t105] and 0 exception(s); 1be30185-a2c0-4461-afc0-2cb02fcff473@group-A8B097DE35CC:t105, leader=null, voted=1be30185-a2c0-4461-afc0-2cb02fcff473, raftlog=1be30185-a2c0-4461-afc0-2cb02fcff473@group-A8B097DE35CC-SegmentedRaftLog:OPENED:c-1,f-1,i0, conf=-1: [e64b81a2-7e97-4a9c-9a90-0d1e8edce3a8:192.168.157.254:40074, d9951c0b-6d6e-4464-b06b-4ef93c20892c:192.168.157.254:43622, 1be30185-a2c0-4461-afc0-2cb02fcff473:192.168.157.254:38008], old=null
2019-10-22 00:08:53,962 [1be30185-a2c0-4461-afc0-2cb02fcff473@group-A8B097DE35CC-LeaderElection557] INFO  impl.RaftServerImpl (RaftServerImpl.java:setRole(184)) - 1be30185-a2c0-4461-afc0-2cb02fcff473@group-A8B097DE35CC: changes role from CANDIDATE to FOLLOWER at term 105 for DISCOVERED_A_NEW_TERM
2019-10-22 00:08:53,962 [1be30185-a2c0-4461-afc0-2cb02fcff473@group-A8B097DE35CC-LeaderElection557] INFO  impl.RoleInfo (RoleInfo.java:shutdownLeaderElection(134)) - 1be30185-a2c0-4461-afc0-2cb02fcff473: shutdown LeaderElection
2019-10-22 00:08:53,962 [1be30185-a2c0-4461-afc0-2cb02fcff473@group-A8B097DE35CC-LeaderElection557] INFO  impl.RoleInfo (RoleInfo.java:updateAndGet(143)) - 1be30185-a2c0-4461-afc0-2cb02fcff473: start FollowerState
2019-10-22 00:08:53,965 [Thread-4795] INFO  impl.FollowerState (FollowerState.java:run(108)) - 1be30185-a2c0-4461-afc0-2cb02fcff473@group-A8B097DE35CC-FollowerState: change to CANDIDATE, lastRpcTime:3ms, electionTimeout:3ms
2019-10-22 00:08:53,965 [Thread-4795] INFO  impl.RoleInfo (RoleInfo.java:shutdownFollowerState(121)) - 1be30185-a2c0-4461-afc0-2cb02fcff473: shutdown FollowerState
2019-10-22 00:08:53,965 [Thread-4795] INFO  impl.RaftServerImpl (RaftServerImpl.java:setRole(184)) - 1be30185-a2c0-4461-afc0-2cb02fcff473@group-A8B097DE35CC: changes role from  FOLLOWER to CANDIDATE at term 105 for changeToCandidate
2019-10-22 00:08:53,965 [Thread-4795] INFO  impl.RoleInfo (RoleInfo.java:updateAndGet(143)) - 1be30185-a2c0-4461-afc0-2cb02fcff473: start LeaderElection
2019-10-22 00:08:53,978 [1be30185-a2c0-4461-afc0-2cb02fcff473@group-A8B097DE35CC-LeaderElection558] INFO  impl.LeaderElection (LeaderElection.java:askForVotes(178)) - 1be30185-a2c0-4461-afc0-2cb02fcff473@group-A8B097DE35CC-LeaderElection558: begin an election at term 106 for -1: [e64b81a2-7e97-4a9c-9a90-0d1e8edce3a8:192.168.157.254:40074, d9951c0b-6d6e-4464-b06b-4ef93c20892c:192.168.157.254:43622, 1be30185-a2c0-4461-afc0-2cb02fcff473:192.168.157.254:38008], old=null
2019-10-22 00:08:53,979 [grpc-default-executor-8] INFO  impl.RaftServerImpl (RaftServerImpl.java:setRole(184)) - e64b81a2-7e97-4a9c-9a90-0d1e8edce3a8@group-A8B097DE35CC: changes role from  FOLLOWER to FOLLOWER at term 106 for recognizeCandidate:1be30185-a2c0-4461-afc0-2cb02fcff473
2019-10-22 00:08:53,979 [grpc-default-executor-1] INFO  impl.RaftServerImpl (RaftServerImpl.java:setRole(184)) - d9951c0b-6d6e-4464-b06b-4ef93c20892c@group-A8B097DE35CC: changes role from  FOLLOWER to FOLLOWER at term 106 for recognizeCandidate:1be30185-a2c0-4461-afc0-2cb02fcff473
2019-10-22 00:08:53,979 [grpc-default-executor-1] INFO  impl.RoleInfo (RoleInfo.java:shutdownFollowerState(121)) - d9951c0b-6d6e-4464-b06b-4ef93c20892c: shutdown FollowerState
2019-10-22 00:08:53,979 [grpc-default-executor-8] INFO  impl.RoleInfo (RoleInfo.java:shutdownFollowerState(121)) - e64b81a2-7e97-4a9c-9a90-0d1e8edce3a8: shutdown FollowerState
2019-10-22 00:08:53,980 [Thread-4793] INFO  impl.FollowerState (FollowerState.java:run(117)) - d9951c0b-6d6e-4464-b06b-4ef93c20892c@group-A8B097DE35CC-FollowerState was interrupted: java.lang.InterruptedException: sleep interrupted
2019-10-22 00:08:53,980 [grpc-default-executor-1] INFO  impl.RoleInfo (RoleInfo.java:updateAndGet(143)) - d9951c0b-6d6e-4464-b06b-4ef93c20892c: start FollowerState
2019-10-22 00:08:53,980 [grpc-default-executor-8] INFO  impl.RoleInfo (RoleInfo.java:updateAndGet(143)) - e64b81a2-7e97-4a9c-9a90-0d1e8edce3a8: start FollowerState
2019-10-22 00:08:53,980 [Thread-4794] INFO  impl.FollowerState (FollowerState.java:run(117)) - e64b81a2-7e97-4a9c-9a90-0d1e8edce3a8@group-A8B097DE35CC-FollowerState was interrupted: java.lang.InterruptedException: sleep interrupted
2019-10-22 00:08:53,993 [1be30185-a2c0-4461-afc0-2cb02fcff473@group-A8B097DE35CC-LeaderElection558] INFO  impl.LeaderElection (LeaderElection.java:logAndReturn(56)) - 1be30185-a2c0-4461-afc0-2cb02fcff473@group-A8B097DE35CC-LeaderElection558: Election REJECTED; received 2 response(s) [1be30185-a2c0-4461-afc0-2cb02fcff473<-e64b81a2-7e97-4a9c-9a90-0d1e8edce3a8#0:FAIL-t106, 1be30185-a2c0-4461-afc0-2cb02fcff473<-d9951c0b-6d6e-4464-b06b-4ef93c20892c#0:FAIL-t106] and 0 exception(s); 1be30185-a2c0-4461-afc0-2cb02fcff473@group-A8B097DE35CC:t106, leader=null, voted=1be30185-a2c0-4461-afc0-2cb02fcff473, raftlog=1be30185-a2c0-4461-afc0-2cb02fcff473@group-A8B097DE35CC-SegmentedRaftLog:OPENED:c-1,f-1,i0, conf=-1: [e64b81a2-7e97-4a9c-9a90-0d1e8edce3a8:192.168.157.254:40074, d9951c0b-6d6e-4464-b06b-4ef93c20892c:192.168.157.254:43622, 1be30185-a2c0-4461-afc0-2cb02fcff473:192.168.157.254:38008], old=null
2019-10-22 00:08:53,994 [1be30185-a2c0-4461-afc0-2cb02fcff473@group-A8B097DE35CC-LeaderElection558] INFO  impl.RaftServerImpl (RaftServerImpl.java:setRole(184)) - 1be30185-a2c0-4461-afc0-2cb02fcff473@group-A8B097DE35CC: changes role from CANDIDATE to FOLLOWER at term 106 for DISCOVERED_A_NEW_TERM
2019-10-22 00:08:53,994 [1be30185-a2c0-4461-afc0-2cb02fcff473@group-A8B097DE35CC-LeaderElection558] INFO  impl.RoleInfo (RoleInfo.java:shutdownLeaderElection(134)) - 1be30185-a2c0-4461-afc0-2cb02fcff473: shutdown LeaderElection
2019-10-22 00:08:53,994 [1be30185-a2c0-4461-afc0-2cb02fcff473@group-A8B097DE35CC-LeaderElection558] INFO  impl.RoleInfo (RoleInfo.java:updateAndGet(143)) - 1be30185-a2c0-4461-afc0-2cb02fcff473: start FollowerState
2019-10-22 00:08:54,128 [Thread-4803] INFO  impl.FollowerState (FollowerState.java:run(108)) - 1be30185-a2c0-4461-afc0-2cb02fcff473@group-A8B097DE35CC-FollowerState: change to CANDIDATE, lastRpcTime:134ms, electionTimeout:134ms
2019-10-22 00:08:54,128 [Thread-4803] INFO  impl.RoleInfo (RoleInfo.java:shutdownFollowerState(121)) - 1be30185-a2c0-4461-afc0-2cb02fcff473: shutdown FollowerState
2019-10-22 00:08:54,128 [Thread-4803] INFO  impl.RaftServerImpl (RaftServerImpl.java:setRole(184)) - 1be30185-a2c0-4461-afc0-2cb02fcff473@group-A8B097DE35CC: changes role from  FOLLOWER to CANDIDATE at term 106 for changeToCandidate
2019-10-22 00:08:54,128 [Thread-4803] INFO  impl.RoleInfo (RoleInfo.java:updateAndGet(143)) - 1be30185-a2c0-4461-afc0-2cb02fcff473: start LeaderElection
2019-10-22 00:08:54,141 [1be30185-a2c0-4461-afc0-2cb02fcff473@group-A8B097DE35CC-LeaderElection559] INFO  impl.LeaderElection (LeaderElection.java:askForVotes(178)) - 1be30185-a2c0-4461-afc0-2cb02fcff473@group-A8B097DE35CC-LeaderElection559: begin an election at term 107 for -1: [e64b81a2-7e97-4a9c-9a90-0d1e8edce3a8:192.168.157.254:40074, d9951c0b-6d6e-4464-b06b-4ef93c20892c:192.168.157.254:43622, 1be30185-a2c0-4461-afc0-2cb02fcff473:192.168.157.254:38008], old=null
2019-10-22 00:08:54,143 [grpc-default-executor-1] INFO  impl.RaftServerImpl (RaftServerImpl.java:setRole(184)) - d9951c0b-6d6e-4464-b06b-4ef93c20892c@group-A8B097DE35CC: changes role from  FOLLOWER to FOLLOWER at term 107 for recognizeCandidate:1be30185-a2c0-4461-afc0-2cb02fcff473
2019-10-22 00:08:54,143 [grpc-default-executor-8] INFO  impl.RaftServerImpl (RaftServerImpl.java:setRole(184)) - e64b81a2-7e97-4a9c-9a90-0d1e8edce3a8@group-A8B097DE35CC: changes role from  FOLLOWER to FOLLOWER at term 107 for recognizeCandidate:1be30185-a2c0-4461-afc0-2cb02fcff473
2019-10-22 00:08:54,143 [grpc-default-executor-1] INFO  impl.RoleInfo (RoleInfo.java:shutdownFollowerState(121)) - d9951c0b-6d6e-4464-b06b-4ef93c20892c: shutdown FollowerState
2019-10-22 00:08:54,143 [grpc-default-executor-8] INFO  impl.RoleInfo (RoleInfo.java:shutdownFollowerState(121)) - e64b81a2-7e97-4a9c-9a90-0d1e8edce3a8: shutdown FollowerState
2019-10-22 00:08:54,143 [Thread-4801] INFO  impl.FollowerState (FollowerState.java:run(117)) - d9951c0b-6d6e-4464-b06b-4ef93c20892c@group-A8B097DE35CC-FollowerState was interrupted: java.lang.InterruptedException: sleep interrupted
2019-10-22 00:08:54,143 [grpc-default-executor-1] INFO  impl.RoleInfo (RoleInfo.java:updateAndGet(143)) - d9951c0b-6d6e-4464-b06b-4ef93c20892c: start FollowerState
2019-10-22 00:08:54,143 [Thread-4802] INFO  impl.FollowerState (FollowerState.java:run(117)) - e64b81a2-7e97-4a9c-9a90-0d1e8edce3a8@group-A8B097DE35CC-FollowerState was interrupted: java.lang.InterruptedException: sleep interrupted
2019-10-22 00:08:54,143 [grpc-default-executor-8] INFO  impl.RoleInfo (RoleInfo.java:updateAndGet(143)) - e64b81a2-7e97-4a9c-9a90-0d1e8edce3a8: start FollowerState
2019-10-22 00:08:54,158 [1be30185-a2c0-4461-afc0-2cb02fcff473@group-A8B097DE35CC-LeaderElection559] INFO  impl.LeaderElection (LeaderElection.java:logAndReturn(56)) - 1be30185-a2c0-4461-afc0-2cb02fcff473@group-A8B097DE35CC-LeaderElection559: Election REJECTED; received 2 response(s) [1be30185-a2c0-4461-afc0-2cb02fcff473<-e64b81a2-7e97-4a9c-9a90-0d1e8edce3a8#0:FAIL-t107, 1be30185-a2c0-4461-afc0-2cb02fcff473<-d9951c0b-6d6e-4464-b06b-4ef93c20892c#0:FAIL-t107] and 0 exception(s); 1be30185-a2c0-4461-afc0-2cb02fcff473@group-A8B097DE35CC:t107, leader=null, voted=1be30185-a2c0-4461-afc0-2cb02fcff473, raftlog=1be30185-a2c0-4461-afc0-2cb02fcff473@group-A8B097DE35CC-SegmentedRaftLog:OPENED:c-1,f-1,i0, conf=-1: [e64b81a2-7e97-4a9c-9a90-0d1e8edce3a8:192.168.157.254:40074, d9951c0b-6d6e-4464-b06b-4ef93c20892c:192.168.157.254:43622, 1be30185-a2c0-4461-afc0-2cb02fcff473:192.168.157.254:38008], old=null
2019-10-22 00:08:54,158 [1be30185-a2c0-4461-afc0-2cb02fcff473@group-A8B097DE35CC-LeaderElection559] INFO  impl.RaftServerImpl (RaftServerImpl.java:setRole(184)) - 1be30185-a2c0-4461-afc0-2cb02fcff473@group-A8B097DE35CC: changes role from CANDIDATE to FOLLOWER at term 107 for DISCOVERED_A_NEW_TERM
2019-10-22 00:08:54,158 [1be30185-a2c0-4461-afc0-2cb02fcff473@group-A8B097DE35CC-LeaderElection559] INFO  impl.RoleInfo (RoleInfo.java:shutdownLeaderElection(134)) - 1be30185-a2c0-4461-afc0-2cb02fcff473: shutdown LeaderElection
2019-10-22 00:08:54,158 [1be30185-a2c0-4461-afc0-2cb02fcff473@group-A8B097DE35CC-LeaderElection559] INFO  impl.RoleInfo (RoleInfo.java:updateAndGet(143)) - 1be30185-a2c0-4461-afc0-2cb02fcff473: start FollowerState
2019-10-22 00:08:54,325 [Thread-4809] INFO  impl.FollowerState (FollowerState.java:run(108)) - 1be30185-a2c0-4461-afc0-2cb02fcff473@group-A8B097DE35CC-FollowerState: change to CANDIDATE, lastRpcTime:167ms, electionTimeout:167ms
2019-10-22 00:08:54,325 [Thread-4809] INFO  impl.RoleInfo (RoleInfo.java:shutdownFollowerState(121)) - 1be30185-a2c0-4461-afc0-2cb02fcff473: shutdown FollowerState
2019-10-22 00:08:54,325 [Thread-4809] INFO  impl.RaftServerImpl (RaftServerImpl.java:setRole(184)) - 1be30185-a2c0-4461-afc0-2cb02fcff473@group-A8B097DE35CC: changes role from  FOLLOWER to CANDIDATE at term 107 for changeToCandidate
2019-10-22 00:08:54,326 [Thread-4809] INFO  impl.RoleInfo (RoleInfo.java:updateAndGet(143)) - 1be30185-a2c0-4461-afc0-2cb02fcff473: start LeaderElection
2019-10-22 00:08:54,338 [1be30185-a2c0-4461-afc0-2cb02fcff473@group-A8B097DE35CC-LeaderElection560] INFO  impl.LeaderElection (LeaderElection.java:askForVotes(178)) - 1be30185-a2c0-4461-afc0-2cb02fcff473@group-A8B097DE35CC-LeaderElection560: begin an election at term 108 for -1: [e64b81a2-7e97-4a9c-9a90-0d1e8edce3a8:192.168.157.254:40074, d9951c0b-6d6e-4464-b06b-4ef93c20892c:192.168.157.254:43622, 1be30185-a2c0-4461-afc0-2cb02fcff473:192.168.157.254:38008], old=null
2019-10-22 00:08:54,340 [grpc-default-executor-8] INFO  impl.RaftServerImpl (RaftServerImpl.java:setRole(184)) - d9951c0b-6d6e-4464-b06b-4ef93c20892c@group-A8B097DE35CC: changes role from  FOLLOWER to FOLLOWER at term 108 for recognizeCandidate:1be30185-a2c0-4461-afc0-2cb02fcff473
2019-10-22 00:08:54,340 [grpc-default-executor-8] INFO  impl.RoleInfo (RoleInfo.java:shutdownFollowerState(121)) - d9951c0b-6d6e-4464-b06b-4ef93c20892c: shutdown FollowerState
2019-10-22 00:08:54,340 [grpc-default-executor-1] INFO  impl.RaftServerImpl (RaftServerImpl.java:setRole(184)) - e64b81a2-7e97-4a9c-9a90-0d1e8edce3a8@group-A8B097DE35CC: changes role from  FOLLOWER to FOLLOWER at term 108 for recognizeCandidate:1be30185-a2c0-4461-afc0-2cb02fcff473
2019-10-22 00:08:54,340 [Thread-4807] INFO  impl.FollowerState (FollowerState.java:run(117)) - d9951c0b-6d6e-4464-b06b-4ef93c20892c@group-A8B097DE35CC-FollowerState was interrupted: java.lang.InterruptedException: sleep interrupted
2019-10-22 00:08:54,340 [grpc-default-executor-8] INFO  impl.RoleInfo (RoleInfo.java:updateAndGet(143)) - d9951c0b-6d6e-4464-b06b-4ef93c20892c: start FollowerState
2019-10-22 00:08:54,340 [grpc-default-executor-1] INFO  impl.RoleInfo (RoleInfo.java:shutdownFollowerState(121)) - e64b81a2-7e97-4a9c-9a90-0d1e8edce3a8: shutdown FollowerState
2019-10-22 00:08:54,340 [grpc-default-executor-1] INFO  impl.RoleInfo (RoleInfo.java:updateAndGet(143)) - e64b81a2-7e97-4a9c-9a90-0d1e8edce3a8: start FollowerState
2019-10-22 00:08:54,340 [Thread-4808] INFO  impl.FollowerState (FollowerState.java:run(117)) - e64b81a2-7e97-4a9c-9a90-0d1e8edce3a8@group-A8B097DE35CC-FollowerState was interrupted: java.lang.InterruptedException: sleep interrupted
2019-10-22 00:08:54,359 [1be30185-a2c0-4461-afc0-2cb02fcff473@group-A8B097DE35CC-LeaderElection560] INFO  impl.LeaderElection (LeaderElection.java:logAndReturn(56)) - 1be30185-a2c0-4461-afc0-2cb02fcff473@group-A8B097DE35CC-LeaderElection560: Election REJECTED; received 2 response(s) [1be30185-a2c0-4461-afc0-2cb02fcff473<-e64b81a2-7e97-4a9c-9a90-0d1e8edce3a8#0:FAIL-t108, 1be30185-a2c0-4461-afc0-2cb02fcff473<-d9951c0b-6d6e-4464-b06b-4ef93c20892c#0:FAIL-t108] and 0 exception(s); 1be30185-a2c0-4461-afc0-2cb02fcff473@group-A8B097DE35CC:t108, leader=null, voted=1be30185-a2c0-4461-afc0-2cb02fcff473, raftlog=1be30185-a2c0-4461-afc0-2cb02fcff473@group-A8B097DE35CC-SegmentedRaftLog:OPENED:c-1,f-1,i0, conf=-1: [e64b81a2-7e97-4a9c-9a90-0d1e8edce3a8:192.168.157.254:40074, d9951c0b-6d6e-4464-b06b-4ef93c20892c:192.168.157.254:43622, 1be30185-a2c0-4461-afc0-2cb02fcff473:192.168.157.254:38008], old=null
2019-10-22 00:08:54,359 [1be30185-a2c0-4461-afc0-2cb02fcff473@group-A8B097DE35CC-LeaderElection560] INFO  impl.RaftServerImpl (RaftServerImpl.java:setRole(184)) - 1be30185-a2c0-4461-afc0-2cb02fcff473@group-A8B097DE35CC: changes role from CANDIDATE to FOLLOWER at term 108 for DISCOVERED_A_NEW_TERM
2019-10-22 00:08:54,359 [1be30185-a2c0-4461-afc0-2cb02fcff473@group-A8B097DE35CC-LeaderElection560] INFO  impl.RoleInfo (RoleInfo.java:shutdownLeaderElection(134)) - 1be30185-a2c0-4461-afc0-2cb02fcff473: shutdown LeaderElection
2019-10-22 00:08:54,359 [1be30185-a2c0-4461-afc0-2cb02fcff473@group-A8B097DE35CC-LeaderElection560] INFO  impl.RoleInfo (RoleInfo.java:updateAndGet(143)) - 1be30185-a2c0-4461-afc0-2cb02fcff473: start FollowerState
2019-10-22 00:08:54,404 [Thread-4817] INFO  impl.FollowerState (FollowerState.java:run(108)) - 1be30185-a2c0-4461-afc0-2cb02fcff473@group-A8B097DE35CC-FollowerState: change to CANDIDATE, lastRpcTime:45ms, electionTimeout:44ms
2019-10-22 00:08:54,405 [Thread-4817] INFO  impl.RoleInfo (RoleInfo.java:shutdownFollowerState(121)) - 1be30185-a2c0-4461-afc0-2cb02fcff473: shutdown FollowerState
2019-10-22 00:08:54,405 [Thread-4817] INFO  impl.RaftServerImpl (RaftServerImpl.java:setRole(184)) - 1be30185-a2c0-4461-afc0-2cb02fcff473@group-A8B097DE35CC: changes role from  FOLLOWER to CANDIDATE at term 108 for changeToCandidate
2019-10-22 00:08:54,405 [Thread-4817] INFO  impl.RoleInfo (RoleInfo.java:updateAndGet(143)) - 1be30185-a2c0-4461-afc0-2cb02fcff473: start LeaderElection
2019-10-22 00:08:54,418 [1be30185-a2c0-4461-afc0-2cb02fcff473@group-A8B097DE35CC-LeaderElection561] INFO  impl.LeaderElection (LeaderElection.java:askForVotes(178)) - 1be30185-a2c0-4461-afc0-2cb02fcff473@group-A8B097DE35CC-LeaderElection561: begin an election at term 109 for -1: [e64b81a2-7e97-4a9c-9a90-0d1e8edce3a8:192.168.157.254:40074, d9951c0b-6d6e-4464-b06b-4ef93c20892c:192.168.157.254:43622, 1be30185-a2c0-4461-afc0-2cb02fcff473:192.168.157.254:38008], old=null
2019-10-22 00:08:54,419 [grpc-default-executor-8] INFO  impl.RaftServerImpl (RaftServerImpl.java:setRole(184)) - e64b81a2-7e97-4a9c-9a90-0d1e8edce3a8@group-A8B097DE35CC: changes role from  FOLLOWER to FOLLOWER at term 109 for recognizeCandidate:1be30185-a2c0-4461-afc0-2cb02fcff473
2019-10-22 00:08:54,420 [grpc-default-executor-8] INFO  impl.RoleInfo (RoleInfo.java:shutdownFollowerState(121)) - e64b81a2-7e97-4a9c-9a90-0d1e8edce3a8: shutdown FollowerState
2019-10-22 00:08:54,420 [grpc-default-executor-1] INFO  impl.RaftServerImpl (RaftServerImpl.java:setRole(184)) - d9951c0b-6d6e-4464-b06b-4ef93c20892c@group-A8B097DE35CC: changes role from  FOLLOWER to FOLLOWER at term 109 for recognizeCandidate:1be30185-a2c0-4461-afc0-2cb02fcff473
2019-10-22 00:08:54,420 [grpc-default-executor-1] INFO  impl.RoleInfo (RoleInfo.java:shutdownFollowerState(121)) - d9951c0b-6d6e-4464-b06b-4ef93c20892c: shutdown FollowerState
2019-10-22 00:08:54,420 [Thread-4816] INFO  impl.FollowerState (FollowerState.java:run(117)) - e64b81a2-7e97-4a9c-9a90-0d1e8edce3a8@group-A8B097DE35CC-FollowerState was interrupted: java.lang.InterruptedException: sleep interrupted
2019-10-22 00:08:54,420 [grpc-default-executor-8] INFO  impl.RoleInfo (RoleInfo.java:updateAndGet(143)) - e64b81a2-7e97-4a9c-9a90-0d1e8edce3a8: start FollowerState
2019-10-22 00:08:54,420 [Thread-4815] INFO  impl.FollowerState (FollowerState.java:run(117)) - d9951c0b-6d6e-4464-b06b-4ef93c20892c@group-A8B097DE35CC-FollowerState was interrupted: java.lang.InterruptedException: sleep interrupted
2019-10-22 00:08:54,420 [grpc-default-executor-1] INFO  impl.RoleInfo (RoleInfo.java:updateAndGet(143)) - d9951c0b-6d6e-4464-b06b-4ef93c20892c: start FollowerState
2019-10-22 00:08:54,433 [1be30185-a2c0-4461-afc0-2cb02fcff473@group-A8B097DE35CC-LeaderElection561] INFO  impl.LeaderElection (LeaderElection.java:logAndReturn(56)) - 1be30185-a2c0-4461-afc0-2cb02fcff473@group-A8B097DE35CC-LeaderElection561: Election REJECTED; received 2 response(s) [1be30185-a2c0-4461-afc0-2cb02fcff473<-e64b81a2-7e97-4a9c-9a90-0d1e8edce3a8#0:FAIL-t109, 1be30185-a2c0-4461-afc0-2cb02fcff473<-d9951c0b-6d6e-4464-b06b-4ef93c20892c#0:FAIL-t109] and 0 exception(s); 1be30185-a2c0-4461-afc0-2cb02fcff473@group-A8B097DE35CC:t109, leader=null, voted=1be30185-a2c0-4461-afc0-2cb02fcff473, raftlog=1be30185-a2c0-4461-afc0-2cb02fcff473@group-A8B097DE35CC-SegmentedRaftLog:OPENED:c-1,f-1,i0, conf=-1: [e64b81a2-7e97-4a9c-9a90-0d1e8edce3a8:192.168.157.254:40074, d9951c0b-6d6e-4464-b06b-4ef93c20892c:192.168.157.254:43622, 1be30185-a2c0-4461-afc0-2cb02fcff473:192.168.157.254:38008], old=null
2019-10-22 00:08:54,433 [1be30185-a2c0-4461-afc0-2cb02fcff473@group-A8B097DE35CC-LeaderElection561] INFO  impl.RaftServerImpl (RaftServerImpl.java:setRole(184)) - 1be30185-a2c0-4461-afc0-2cb02fcff473@group-A8B097DE35CC: changes role from CANDIDATE to FOLLOWER at term 109 for DISCOVERED_A_NEW_TERM
2019-10-22 00:08:54,434 [1be30185-a2c0-4461-afc0-2cb02fcff473@group-A8B097DE35CC-LeaderElection561] INFO  impl.RoleInfo (RoleInfo.java:shutdownLeaderElection(134)) - 1be30185-a2c0-4461-afc0-2cb02fcff473: shutdown LeaderElection
2019-10-22 00:08:54,434 [1be30185-a2c0-4461-afc0-2cb02fcff473@group-A8B097DE35CC-LeaderElection561] INFO  impl.RoleInfo (RoleInfo.java:updateAndGet(143)) - 1be30185-a2c0-4461-afc0-2cb02fcff473: start FollowerState
2019-10-22 00:08:54,592 [Thread-4823] INFO  impl.FollowerState (FollowerState.java:run(108)) - 1be30185-a2c0-4461-afc0-2cb02fcff473@group-A8B097DE35CC-FollowerState: change to CANDIDATE, lastRpcTime:158ms, electionTimeout:158ms
2019-10-22 00:08:54,592 [Thread-4823] INFO  impl.RoleInfo (RoleInfo.java:shutdownFollowerState(121)) - 1be30185-a2c0-4461-afc0-2cb02fcff473: shutdown FollowerState
2019-10-22 00:08:54,592 [Thread-4823] INFO  impl.RaftServerImpl (RaftServerImpl.java:setRole(184)) - 1be30185-a2c0-4461-afc0-2cb02fcff473@group-A8B097DE35CC: changes role from  FOLLOWER to CANDIDATE at term 109 for changeToCandidate
2019-10-22 00:08:54,592 [Thread-4823] INFO  impl.RoleInfo (RoleInfo.java:updateAndGet(143)) - 1be30185-a2c0-4461-afc0-2cb02fcff473: start LeaderElection
2019-10-22 00:08:54,605 [1be30185-a2c0-4461-afc0-2cb02fcff473@group-A8B097DE35CC-LeaderElection562] INFO  impl.LeaderElection (LeaderElection.java:askForVotes(178)) - 1be30185-a2c0-4461-afc0-2cb02fcff473@group-A8B097DE35CC-LeaderElection562: begin an election at term 110 for -1: [e64b81a2-7e97-4a9c-9a90-0d1e8edce3a8:192.168.157.254:40074, d9951c0b-6d6e-4464-b06b-4ef93c20892c:192.168.157.254:43622, 1be30185-a2c0-4461-afc0-2cb02fcff473:192.168.157.254:38008], old=null
2019-10-22 00:08:54,607 [grpc-default-executor-1] INFO  impl.RaftServerImpl (RaftServerImpl.java:setRole(184)) - e64b81a2-7e97-4a9c-9a90-0d1e8edce3a8@group-A8B097DE35CC: changes role from  FOLLOWER to FOLLOWER at term 110 for recognizeCandidate:1be30185-a2c0-4461-afc0-2cb02fcff473
2019-10-22 00:08:54,607 [grpc-default-executor-8] INFO  impl.RaftServerImpl (RaftServerImpl.java:setRole(184)) - d9951c0b-6d6e-4464-b06b-4ef93c20892c@group-A8B097DE35CC: changes role from  FOLLOWER to FOLLOWER at term 110 for recognizeCandidate:1be30185-a2c0-4461-afc0-2cb02fcff473
2019-10-22 00:08:54,607 [grpc-default-executor-1] INFO  impl.RoleInfo (RoleInfo.java:shutdownFollowerState(121)) - e64b81a2-7e97-4a9c-9a90-0d1e8edce3a8: shutdown FollowerState
2019-10-22 00:08:54,607 [grpc-default-executor-8] INFO  impl.RoleInfo (RoleInfo.java:shutdownFollowerState(121)) - d9951c0b-6d6e-4464-b06b-4ef93c20892c: shutdown FollowerState
2019-10-22 00:08:54,607 [Thread-4821] INFO  impl.FollowerState (FollowerState.java:run(117)) - e64b81a2-7e97-4a9c-9a90-0d1e8edce3a8@group-A8B097DE35CC-FollowerState was interrupted: java.lang.InterruptedException: sleep interrupted
2019-10-22 00:08:54,607 [grpc-default-executor-1] INFO  impl.RoleInfo (RoleInfo.java:updateAndGet(143)) - e64b81a2-7e97-4a9c-9a90-0d1e8edce3a8: start FollowerState
2019-10-22 00:08:54,608 [Thread-4822] INFO  impl.FollowerState (FollowerState.java:run(117)) - d9951c0b-6d6e-4464-b06b-4ef93c20892c@group-A8B097DE35CC-FollowerState was interrupted: java.lang.InterruptedException: sleep interrupted
2019-10-22 00:08:54,608 [grpc-default-executor-8] INFO  impl.RoleInfo (RoleInfo.java:updateAndGet(143)) - d9951c0b-6d6e-4464-b06b-4ef93c20892c: start FollowerState
2019-10-22 00:08:54,630 [1be30185-a2c0-4461-afc0-2cb02fcff473@group-A8B097DE35CC-LeaderElection562] INFO  impl.LeaderElection (LeaderElection.java:logAndReturn(56)) - 1be30185-a2c0-4461-afc0-2cb02fcff473@group-A8B097DE35CC-LeaderElection562: Election REJECTED; received 2 response(s) [1be30185-a2c0-4461-afc0-2cb02fcff473<-e64b81a2-7e97-4a9c-9a90-0d1e8edce3a8#0:FAIL-t110, 1be30185-a2c0-4461-afc0-2cb02fcff473<-d9951c0b-6d6e-4464-b06b-4ef93c20892c#0:FAIL-t110] and 0 exception(s); 1be30185-a2c0-4461-afc0-2cb02fcff473@group-A8B097DE35CC:t110, leader=null, voted=1be30185-a2c0-4461-afc0-2cb02fcff473, raftlog=1be30185-a2c0-4461-afc0-2cb02fcff473@group-A8B097DE35CC-SegmentedRaftLog:OPENED:c-1,f-1,i0, conf=-1: [e64b81a2-7e97-4a9c-9a90-0d1e8edce3a8:192.168.157.254:40074, d9951c0b-6d6e-4464-b06b-4ef93c20892c:192.168.157.254:43622, 1be30185-a2c0-4461-afc0-2cb02fcff473:192.168.157.254:38008], old=null
2019-10-22 00:08:54,630 [1be30185-a2c0-4461-afc0-2cb02fcff473@group-A8B097DE35CC-LeaderElection562] INFO  impl.RaftServerImpl (RaftServerImpl.java:setRole(184)) - 1be30185-a2c0-4461-afc0-2cb02fcff473@group-A8B097DE35CC: changes role from CANDIDATE to FOLLOWER at term 110 for DISCOVERED_A_NEW_TERM
2019-10-22 00:08:54,630 [1be30185-a2c0-4461-afc0-2cb02fcff473@group-A8B097DE35CC-LeaderElection562] INFO  impl.RoleInfo (RoleInfo.java:shutdownLeaderElection(134)) - 1be30185-a2c0-4461-afc0-2cb02fcff473: shutdown LeaderElection
2019-10-22 00:08:54,630 [1be30185-a2c0-4461-afc0-2cb02fcff473@group-A8B097DE35CC-LeaderElection562] INFO  impl.RoleInfo (RoleInfo.java:updateAndGet(143)) - 1be30185-a2c0-4461-afc0-2cb02fcff473: start FollowerState
2019-10-22 00:08:54,771 [Thread-4831] INFO  impl.FollowerState (FollowerState.java:run(108)) - 1be30185-a2c0-4461-afc0-2cb02fcff473@group-A8B097DE35CC-FollowerState: change to CANDIDATE, lastRpcTime:141ms, electionTimeout:141ms
2019-10-22 00:08:54,771 [Thread-4831] INFO  impl.RoleInfo (RoleInfo.java:shutdownFollowerState(121)) - 1be30185-a2c0-4461-afc0-2cb02fcff473: shutdown FollowerState
2019-10-22 00:08:54,772 [Thread-4831] INFO  impl.RaftServerImpl (RaftServerImpl.java:setRole(184)) - 1be30185-a2c0-4461-afc0-2cb02fcff473@group-A8B097DE35CC: changes role from  FOLLOWER to CANDIDATE at term 110 for changeToCandidate
2019-10-22 00:08:54,772 [Thread-4831] INFO  impl.RoleInfo (RoleInfo.java:updateAndGet(143)) - 1be30185-a2c0-4461-afc0-2cb02fcff473: start LeaderElection
2019-10-22 00:08:54,793 [1be30185-a2c0-4461-afc0-2cb02fcff473@group-A8B097DE35CC-LeaderElection563] INFO  impl.LeaderElection (LeaderElection.java:askForVotes(178)) - 1be30185-a2c0-4461-afc0-2cb02fcff473@group-A8B097DE35CC-LeaderElection563: begin an election at term 111 for -1: [e64b81a2-7e97-4a9c-9a90-0d1e8edce3a8:192.168.157.254:40074, d9951c0b-6d6e-4464-b06b-4ef93c20892c:192.168.157.254:43622, 1be30185-a2c0-4461-afc0-2cb02fcff473:192.168.157.254:38008], old=null
2019-10-22 00:08:54,795 [grpc-default-executor-1] INFO  impl.RaftServerImpl (RaftServerImpl.java:setRole(184)) - e64b81a2-7e97-4a9c-9a90-0d1e8edce3a8@group-A8B097DE35CC: changes role from  FOLLOWER to FOLLOWER at term 111 for recognizeCandidate:1be30185-a2c0-4461-afc0-2cb02fcff473
2019-10-22 00:08:54,795 [grpc-default-executor-1] INFO  impl.RoleInfo (RoleInfo.java:shutdownFollowerState(121)) - e64b81a2-7e97-4a9c-9a90-0d1e8edce3a8: shutdown FollowerState
2019-10-22 00:08:54,795 [grpc-default-executor-8] INFO  impl.RaftServerImpl (RaftServerImpl.java:setRole(184)) - d9951c0b-6d6e-4464-b06b-4ef93c20892c@group-A8B097DE35CC: changes role from  FOLLOWER to FOLLOWER at term 111 for recognizeCandidate:1be30185-a2c0-4461-afc0-2cb02fcff473
2019-10-22 00:08:54,795 [Thread-4829] INFO  impl.FollowerState (FollowerState.java:run(117)) - e64b81a2-7e97-4a9c-9a90-0d1e8edce3a8@group-A8B097DE35CC-FollowerState was interrupted: java.lang.InterruptedException: sleep interrupted
2019-10-22 00:08:54,795 [grpc-default-executor-1] INFO  impl.RoleInfo (RoleInfo.java:updateAndGet(143)) - e64b81a2-7e97-4a9c-9a90-0d1e8edce3a8: start FollowerState
2019-10-22 00:08:54,795 [grpc-default-executor-8] INFO  impl.RoleInfo (RoleInfo.java:shutdownFollowerState(121)) - d9951c0b-6d6e-4464-b06b-4ef93c20892c: shutdown FollowerState
2019-10-22 00:08:54,796 [Thread-4830] INFO  impl.FollowerState (FollowerState.java:run(117)) - d9951c0b-6d6e-4464-b06b-4ef93c20892c@group-A8B097DE35CC-FollowerState was interrupted: java.lang.InterruptedException: sleep interrupted
2019-10-22 00:08:54,796 [grpc-default-executor-8] INFO  impl.RoleInfo (RoleInfo.java:updateAndGet(143)) - d9951c0b-6d6e-4464-b06b-4ef93c20892c: start FollowerState
2019-10-22 00:08:54,811 [1be30185-a2c0-4461-afc0-2cb02fcff473@group-A8B097DE35CC-LeaderElection563] INFO  impl.LeaderElection (LeaderElection.java:logAndReturn(56)) - 1be30185-a2c0-4461-afc0-2cb02fcff473@group-A8B097DE35CC-LeaderElection563: Election REJECTED; received 2 response(s) [1be30185-a2c0-4461-afc0-2cb02fcff473<-e64b81a2-7e97-4a9c-9a90-0d1e8edce3a8#0:FAIL-t111, 1be30185-a2c0-4461-afc0-2cb02fcff473<-d9951c0b-6d6e-4464-b06b-4ef93c20892c#0:FAIL-t111] and 0 exception(s); 1be30185-a2c0-4461-afc0-2cb02fcff473@group-A8B097DE35CC:t111, leader=null, voted=1be30185-a2c0-4461-afc0-2cb02fcff473, raftlog=1be30185-a2c0-4461-afc0-2cb02fcff473@group-A8B097DE35CC-SegmentedRaftLog:OPENED:c-1,f-1,i0, conf=-1: [e64b81a2-7e97-4a9c-9a90-0d1e8edce3a8:192.168.157.254:40074, d9951c0b-6d6e-4464-b06b-4ef93c20892c:192.168.157.254:43622, 1be30185-a2c0-4461-afc0-2cb02fcff473:192.168.157.254:38008], old=null
2019-10-22 00:08:54,811 [1be30185-a2c0-4461-afc0-2cb02fcff473@group-A8B097DE35CC-LeaderElection563] INFO  impl.RaftServerImpl (RaftServerImpl.java:setRole(184)) - 1be30185-a2c0-4461-afc0-2cb02fcff473@group-A8B097DE35CC: changes role from CANDIDATE to FOLLOWER at term 111 for DISCOVERED_A_NEW_TERM
2019-10-22 00:08:54,811 [1be30185-a2c0-4461-afc0-2cb02fcff473@group-A8B097DE35CC-LeaderElection563] INFO  impl.RoleInfo (RoleInfo.java:shutdownLeaderElection(134)) - 1be30185-a2c0-4461-afc0-2cb02fcff473: shutdown LeaderElection
2019-10-22 00:08:54,811 [1be30185-a2c0-4461-afc0-2cb02fcff473@group-A8B097DE35CC-LeaderElection563] INFO  impl.RoleInfo (RoleInfo.java:updateAndGet(143)) - 1be30185-a2c0-4461-afc0-2cb02fcff473: start FollowerState
2019-10-22 00:08:54,951 [Thread-4837] INFO  impl.FollowerState (FollowerState.java:run(108)) - 1be30185-a2c0-4461-afc0-2cb02fcff473@group-A8B097DE35CC-FollowerState: change to CANDIDATE, lastRpcTime:140ms, electionTimeout:140ms
2019-10-22 00:08:54,952 [Thread-4837] INFO  impl.RoleInfo (RoleInfo.java:shutdownFollowerState(121)) - 1be30185-a2c0-4461-afc0-2cb02fcff473: shutdown FollowerState
2019-10-22 00:08:54,952 [Thread-4837] INFO  impl.RaftServerImpl (RaftServerImpl.java:setRole(184)) - 1be30185-a2c0-4461-afc0-2cb02fcff473@group-A8B097DE35CC: changes role from  FOLLOWER to CANDIDATE at term 111 for changeToCandidate
2019-10-22 00:08:54,952 [Thread-4837] INFO  impl.RoleInfo (RoleInfo.java:updateAndGet(143)) - 1be30185-a2c0-4461-afc0-2cb02fcff473: start LeaderElection
2019-10-22 00:08:54,978 [1be30185-a2c0-4461-afc0-2cb02fcff473@group-A8B097DE35CC-LeaderElection564] INFO  impl.LeaderElection (LeaderElection.java:askForVotes(178)) - 1be30185-a2c0-4461-afc0-2cb02fcff473@group-A8B097DE35CC-LeaderElection564: begin an election at term 112 for -1: [e64b81a2-7e97-4a9c-9a90-0d1e8edce3a8:192.168.157.254:40074, d9951c0b-6d6e-4464-b06b-4ef93c20892c:192.168.157.254:43622, 1be30185-a2c0-4461-afc0-2cb02fcff473:192.168.157.254:38008], old=null
2019-10-22 00:08:54,979 [grpc-default-executor-8] INFO  impl.RaftServerImpl (RaftServerImpl.java:setRole(184)) - e64b81a2-7e97-4a9c-9a90-0d1e8edce3a8@group-A8B097DE35CC: changes role from  FOLLOWER to FOLLOWER at term 112 for recognizeCandidate:1be30185-a2c0-4461-afc0-2cb02fcff473
2019-10-22 00:08:54,979 [grpc-default-executor-1] INFO  impl.RaftServerImpl (RaftServerImpl.java:setRole(184)) - d9951c0b-6d6e-4464-b06b-4ef93c20892c@group-A8B097DE35CC: changes role from  FOLLOWER to FOLLOWER at term 112 for recognizeCandidate:1be30185-a2c0-4461-afc0-2cb02fcff473
2019-10-22 00:08:54,979 [grpc-default-executor-1] INFO  impl.RoleInfo (RoleInfo.java:shutdownFollowerState(121)) - d9951c0b-6d6e-4464-b06b-4ef93c20892c: shutdown FollowerState
2019-10-22 00:08:54,979 [grpc-default-executor-8] INFO  impl.RoleInfo (RoleInfo.java:shutdownFollowerState(121)) - e64b81a2-7e97-4a9c-9a90-0d1e8edce3a8: shutdown FollowerState
2019-10-22 00:08:54,980 [Thread-4836] INFO  impl.FollowerState (FollowerState.java:run(117)) - d9951c0b-6d6e-4464-b06b-4ef93c20892c@group-A8B097DE35CC-FollowerState was interrupted: java.lang.InterruptedException: sleep interrupted
2019-10-22 00:08:54,980 [grpc-default-executor-1] INFO  impl.RoleInfo (RoleInfo.java:updateAndGet(143)) - d9951c0b-6d6e-4464-b06b-4ef93c20892c: start FollowerState
2019-10-22 00:08:54,980 [Thread-4835] INFO  impl.FollowerState (FollowerState.java:run(117)) - e64b81a2-7e97-4a9c-9a90-0d1e8edce3a8@group-A8B097DE35CC-FollowerState was interrupted: java.lang.InterruptedException: sleep interrupted
2019-10-22 00:08:54,980 [grpc-default-executor-8] INFO  impl.RoleInfo (RoleInfo.java:updateAndGet(143)) - e64b81a2-7e97-4a9c-9a90-0d1e8edce3a8: start FollowerState
2019-10-22 00:08:54,994 [1be30185-a2c0-4461-afc0-2cb02fcff473@group-A8B097DE35CC-LeaderElection564] INFO  impl.LeaderElection (LeaderElection.java:logAndReturn(56)) - 1be30185-a2c0-4461-afc0-2cb02fcff473@group-A8B097DE35CC-LeaderElection564: Election REJECTED; received 2 response(s) [1be30185-a2c0-4461-afc0-2cb02fcff473<-e64b81a2-7e97-4a9c-9a90-0d1e8edce3a8#0:FAIL-t112, 1be30185-a2c0-4461-afc0-2cb02fcff473<-d9951c0b-6d6e-4464-b06b-4ef93c20892c#0:FAIL-t112] and 0 exception(s); 1be30185-a2c0-4461-afc0-2cb02fcff473@group-A8B097DE35CC:t112, leader=null, voted=1be30185-a2c0-4461-afc0-2cb02fcff473, raftlog=1be30185-a2c0-4461-afc0-2cb02fcff473@group-A8B097DE35CC-SegmentedRaftLog:OPENED:c-1,f-1,i0, conf=-1: [e64b81a2-7e97-4a9c-9a90-0d1e8edce3a8:192.168.157.254:40074, d9951c0b-6d6e-4464-b06b-4ef93c20892c:192.168.157.254:43622, 1be30185-a2c0-4461-afc0-2cb02fcff473:192.168.157.254:38008], old=null
2019-10-22 00:08:54,994 [1be30185-a2c0-4461-afc0-2cb02fcff473@group-A8B097DE35CC-LeaderElection564] INFO  impl.RaftServerImpl (RaftServerImpl.java:setRole(184)) - 1be30185-a2c0-4461-afc0-2cb02fcff473@group-A8B097DE35CC: changes role from CANDIDATE to FOLLOWER at term 112 for DISCOVERED_A_NEW_TERM
2019-10-22 00:08:54,994 [1be30185-a2c0-4461-afc0-2cb02fcff473@group-A8B097DE35CC-LeaderElection564] INFO  impl.RoleInfo (RoleInfo.java:shutdownLeaderElection(134)) - 1be30185-a2c0-4461-afc0-2cb02fcff473: shutdown LeaderElection
2019-10-22 00:08:54,994 [1be30185-a2c0-4461-afc0-2cb02fcff473@group-A8B097DE35CC-LeaderElection564] INFO  impl.RoleInfo (RoleInfo.java:updateAndGet(143)) - 1be30185-a2c0-4461-afc0-2cb02fcff473: start FollowerState
2019-10-22 00:08:55,100 [Thread-4847] INFO  impl.FollowerState (FollowerState.java:run(108)) - 1be30185-a2c0-4461-afc0-2cb02fcff473@group-A8B097DE35CC-FollowerState: change to CANDIDATE, lastRpcTime:106ms, electionTimeout:106ms
2019-10-22 00:08:55,101 [Thread-4847] INFO  impl.RoleInfo (RoleInfo.java:shutdownFollowerState(121)) - 1be30185-a2c0-4461-afc0-2cb02fcff473: shutdown FollowerState
2019-10-22 00:08:55,101 [Thread-4847] INFO  impl.RaftServerImpl (RaftServerImpl.java:setRole(184)) - 1be30185-a2c0-4461-afc0-2cb02fcff473@group-A8B097DE35CC: changes role from  FOLLOWER to CANDIDATE at term 112 for changeToCandidate
2019-10-22 00:08:55,101 [Thread-4847] INFO  impl.RoleInfo (RoleInfo.java:updateAndGet(143)) - 1be30185-a2c0-4461-afc0-2cb02fcff473: start LeaderElection
2019-10-22 00:08:55,107 [1be30185-a2c0-4461-afc0-2cb02fcff473@group-A8B097DE35CC-LeaderElection565] INFO  impl.LeaderElection (LeaderElection.java:askForVotes(178)) - 1be30185-a2c0-4461-afc0-2cb02fcff473@group-A8B097DE35CC-LeaderElection565: begin an election at term 113 for -1: [e64b81a2-7e97-4a9c-9a90-0d1e8edce3a8:192.168.157.254:40074, d9951c0b-6d6e-4464-b06b-4ef93c20892c:192.168.157.254:43622, 1be30185-a2c0-4461-afc0-2cb02fcff473:192.168.157.254:38008], old=null
2019-10-22 00:08:55,109 [grpc-default-executor-8] INFO  impl.RaftServerImpl (RaftServerImpl.java:setRole(184)) - e64b81a2-7e97-4a9c-9a90-0d1e8edce3a8@group-A8B097DE35CC: changes role from  FOLLOWER to FOLLOWER at term 113 for recognizeCandidate:1be30185-a2c0-4461-afc0-2cb02fcff473
2019-10-22 00:08:55,109 [grpc-default-executor-1] INFO  impl.RaftServerImpl (RaftServerImpl.java:setRole(184)) - d9951c0b-6d6e-4464-b06b-4ef93c20892c@group-A8B097DE35CC: changes role from  FOLLOWER to FOLLOWER at term 113 for recognizeCandidate:1be30185-a2c0-4461-afc0-2cb02fcff473
2019-10-22 00:08:55,109 [grpc-default-executor-1] INFO  impl.RoleInfo (RoleInfo.java:shutdownFollowerState(121)) - d9951c0b-6d6e-4464-b06b-4ef93c20892c: shutdown FollowerState
2019-10-22 00:08:55,109 [grpc-default-executor-8] INFO  impl.RoleInfo (RoleInfo.java:shutdownFollowerState(121)) - e64b81a2-7e97-4a9c-9a90-0d1e8edce3a8: shutdown FollowerState
2019-10-22 00:08:55,109 [Thread-4845] INFO  impl.FollowerState (FollowerState.java:run(117)) - d9951c0b-6d6e-4464-b06b-4ef93c20892c@group-A8B097DE35CC-FollowerState was interrupted: java.lang.InterruptedException: sleep interrupted
2019-10-22 00:08:55,109 [grpc-default-executor-1] INFO  impl.RoleInfo (RoleInfo.java:updateAndGet(143)) - d9951c0b-6d6e-4464-b06b-4ef93c20892c: start FollowerState
2019-10-22 00:08:55,109 [Thread-4846] INFO  impl.FollowerState (FollowerState.java:run(117)) - e64b81a2-7e97-4a9c-9a90-0d1e8edce3a8@group-A8B097DE35CC-FollowerState was interrupted: java.lang.InterruptedException: sleep interrupted
2019-10-22 00:08:55,109 [grpc-default-executor-8] INFO  impl.RoleInfo (RoleInfo.java:updateAndGet(143)) - e64b81a2-7e97-4a9c-9a90-0d1e8edce3a8: start FollowerState
2019-10-22 00:08:55,122 [1be30185-a2c0-4461-afc0-2cb02fcff473@group-A8B097DE35CC-LeaderElection565] INFO  impl.LeaderElection (LeaderElection.java:logAndReturn(56)) - 1be30185-a2c0-4461-afc0-2cb02fcff473@group-A8B097DE35CC-LeaderElection565: Election REJECTED; received 2 response(s) [1be30185-a2c0-4461-afc0-2cb02fcff473<-e64b81a2-7e97-4a9c-9a90-0d1e8edce3a8#0:FAIL-t113, 1be30185-a2c0-4461-afc0-2cb02fcff473<-d9951c0b-6d6e-4464-b06b-4ef93c20892c#0:FAIL-t113] and 0 exception(s); 1be30185-a2c0-4461-afc0-2cb02fcff473@group-A8B097DE35CC:t113, leader=null, voted=1be30185-a2c0-4461-afc0-2cb02fcff473, raftlog=1be30185-a2c0-4461-afc0-2cb02fcff473@group-A8B097DE35CC-SegmentedRaftLog:OPENED:c-1,f-1,i0, conf=-1: [e64b81a2-7e97-4a9c-9a90-0d1e8edce3a8:192.168.157.254:40074, d9951c0b-6d6e-4464-b06b-4ef93c20892c:192.168.157.254:43622, 1be30185-a2c0-4461-afc0-2cb02fcff473:192.168.157.254:38008], old=null
2019-10-22 00:08:55,122 [1be30185-a2c0-4461-afc0-2cb02fcff473@group-A8B097DE35CC-LeaderElection565] INFO  impl.RaftServerImpl (RaftServerImpl.java:setRole(184)) - 1be30185-a2c0-4461-afc0-2cb02fcff473@group-A8B097DE35CC: changes role from CANDIDATE to FOLLOWER at term 113 for DISCOVERED_A_NEW_TERM
2019-10-22 00:08:55,122 [1be30185-a2c0-4461-afc0-2cb02fcff473@group-A8B097DE35CC-LeaderElection565] INFO  impl.RoleInfo (RoleInfo.java:shutdownLeaderElection(134)) - 1be30185-a2c0-4461-afc0-2cb02fcff473: shutdown LeaderElection
2019-10-22 00:08:55,123 [1be30185-a2c0-4461-afc0-2cb02fcff473@group-A8B097DE35CC-LeaderElection565] INFO  impl.RoleInfo (RoleInfo.java:updateAndGet(143)) - 1be30185-a2c0-4461-afc0-2cb02fcff473: start FollowerState
2019-10-22 00:08:55,312 [Thread-4853] INFO  impl.FollowerState (FollowerState.java:run(108)) - 1be30185-a2c0-4461-afc0-2cb02fcff473@group-A8B097DE35CC-FollowerState: change to CANDIDATE, lastRpcTime:189ms, electionTimeout:189ms
2019-10-22 00:08:55,312 [Thread-4853] INFO  impl.RoleInfo (RoleInfo.java:shutdownFollowerState(121)) - 1be30185-a2c0-4461-afc0-2cb02fcff473: shutdown FollowerState
2019-10-22 00:08:55,312 [Thread-4853] INFO  impl.RaftServerImpl (RaftServerImpl.java:setRole(184)) - 1be30185-a2c0-4461-afc0-2cb02fcff473@group-A8B097DE35CC: changes role from  FOLLOWER to CANDIDATE at term 113 for changeToCandidate
2019-10-22 00:08:55,312 [Thread-4853] INFO  impl.RoleInfo (RoleInfo.java:updateAndGet(143)) - 1be30185-a2c0-4461-afc0-2cb02fcff473: start LeaderElection
2019-10-22 00:08:55,326 [1be30185-a2c0-4461-afc0-2cb02fcff473@group-A8B097DE35CC-LeaderElection566] INFO  impl.LeaderElection (LeaderElection.java:askForVotes(178)) - 1be30185-a2c0-4461-afc0-2cb02fcff473@group-A8B097DE35CC-LeaderElection566: begin an election at term 114 for -1: [e64b81a2-7e97-4a9c-9a90-0d1e8edce3a8:192.168.157.254:40074, d9951c0b-6d6e-4464-b06b-4ef93c20892c:192.168.157.254:43622, 1be30185-a2c0-4461-afc0-2cb02fcff473:192.168.157.254:38008], old=null
2019-10-22 00:08:55,327 [grpc-default-executor-8] INFO  impl.RaftServerImpl (RaftServerImpl.java:setRole(184)) - d9951c0b-6d6e-4464-b06b-4ef93c20892c@group-A8B097DE35CC: changes role from  FOLLOWER to FOLLOWER at term 114 for recognizeCandidate:1be30185-a2c0-4461-afc0-2cb02fcff473
2019-10-22 00:08:55,327 [grpc-default-executor-8] INFO  impl.RoleInfo (RoleInfo.java:shutdownFollowerState(121)) - d9951c0b-6d6e-4464-b06b-4ef93c20892c: shutdown FollowerState
2019-10-22 00:08:55,327 [grpc-default-executor-8] INFO  impl.RoleInfo (RoleInfo.java:updateAndGet(143)) - d9951c0b-6d6e-4464-b06b-4ef93c20892c: start FollowerState
2019-10-22 00:08:55,328 [Thread-4851] INFO  impl.FollowerState (FollowerState.java:run(117)) - d9951c0b-6d6e-4464-b06b-4ef93c20892c@group-A8B097DE35CC-FollowerState was interrupted: java.lang.InterruptedException: sleep interrupted
2019-10-22 00:08:55,328 [grpc-default-executor-1] INFO  impl.RaftServerImpl (RaftServerImpl.java:setRole(184)) - e64b81a2-7e97-4a9c-9a90-0d1e8edce3a8@group-A8B097DE35CC: changes role from  FOLLOWER to FOLLOWER at term 114 for recognizeCandidate:1be30185-a2c0-4461-afc0-2cb02fcff473
2019-10-22 00:08:55,328 [grpc-default-executor-1] INFO  impl.RoleInfo (RoleInfo.java:shutdownFollowerState(121)) - e64b81a2-7e97-4a9c-9a90-0d1e8edce3a8: shutdown FollowerState
2019-10-22 00:08:55,328 [grpc-default-executor-1] INFO  impl.RoleInfo (RoleInfo.java:updateAndGet(143)) - e64b81a2-7e97-4a9c-9a90-0d1e8edce3a8: start FollowerState
2019-10-22 00:08:55,328 [Thread-4852] INFO  impl.FollowerState (FollowerState.java:run(117)) - e64b81a2-7e97-4a9c-9a90-0d1e8edce3a8@group-A8B097DE35CC-FollowerState was interrupted: java.lang.InterruptedException: sleep interrupted
2019-10-22 00:08:55,342 [1be30185-a2c0-4461-afc0-2cb02fcff473@group-A8B097DE35CC-LeaderElection566] INFO  impl.LeaderElection (LeaderElection.java:logAndReturn(56)) - 1be30185-a2c0-4461-afc0-2cb02fcff473@group-A8B097DE35CC-LeaderElection566: Election REJECTED; received 2 response(s) [1be30185-a2c0-4461-afc0-2cb02fcff473<-e64b81a2-7e97-4a9c-9a90-0d1e8edce3a8#0:FAIL-t114, 1be30185-a2c0-4461-afc0-2cb02fcff473<-d9951c0b-6d6e-4464-b06b-4ef93c20892c#0:FAIL-t114] and 0 exception(s); 1be30185-a2c0-4461-afc0-2cb02fcff473@group-A8B097DE35CC:t114, leader=null, voted=1be30185-a2c0-4461-afc0-2cb02fcff473, raftlog=1be30185-a2c0-4461-afc0-2cb02fcff473@group-A8B097DE35CC-SegmentedRaftLog:OPENED:c-1,f-1,i0, conf=-1: [e64b81a2-7e97-4a9c-9a90-0d1e8edce3a8:192.168.157.254:40074, d9951c0b-6d6e-4464-b06b-4ef93c20892c:192.168.157.254:43622, 1be30185-a2c0-4461-afc0-2cb02fcff473:192.168.157.254:38008], old=null
2019-10-22 00:08:55,342 [1be30185-a2c0-4461-afc0-2cb02fcff473@group-A8B097DE35CC-LeaderElection566] INFO  impl.RaftServerImpl (RaftServerImpl.java:setRole(184)) - 1be30185-a2c0-4461-afc0-2cb02fcff473@group-A8B097DE35CC: changes role from CANDIDATE to FOLLOWER at term 114 for DISCOVERED_A_NEW_TERM
2019-10-22 00:08:55,342 [1be30185-a2c0-4461-afc0-2cb02fcff473@group-A8B097DE35CC-LeaderElection566] INFO  impl.RoleInfo (RoleInfo.java:shutdownLeaderElection(134)) - 1be30185-a2c0-4461-afc0-2cb02fcff473: shutdown LeaderElection
2019-10-22 00:08:55,342 [1be30185-a2c0-4461-afc0-2cb02fcff473@group-A8B097DE35CC-LeaderElection566] INFO  impl.RoleInfo (RoleInfo.java:updateAndGet(143)) - 1be30185-a2c0-4461-afc0-2cb02fcff473: start FollowerState
2019-10-22 00:08:55,430 [Thread-4861] INFO  impl.FollowerState (FollowerState.java:run(108)) - 1be30185-a2c0-4461-afc0-2cb02fcff473@group-A8B097DE35CC-FollowerState: change to CANDIDATE, lastRpcTime:87ms, electionTimeout:87ms
2019-10-22 00:08:55,430 [Thread-4861] INFO  impl.RoleInfo (RoleInfo.java:shutdownFollowerState(121)) - 1be30185-a2c0-4461-afc0-2cb02fcff473: shutdown FollowerState
2019-10-22 00:08:55,430 [Thread-4861] INFO  impl.RaftServerImpl (RaftServerImpl.java:setRole(184)) - 1be30185-a2c0-4461-afc0-2cb02fcff473@group-A8B097DE35CC: changes role from  FOLLOWER to CANDIDATE at term 114 for changeToCandidate
2019-10-22 00:08:55,430 [Thread-4861] INFO  impl.RoleInfo (RoleInfo.java:updateAndGet(143)) - 1be30185-a2c0-4461-afc0-2cb02fcff473: start LeaderElection
2019-10-22 00:08:55,453 [1be30185-a2c0-4461-afc0-2cb02fcff473@group-A8B097DE35CC-LeaderElection567] INFO  impl.LeaderElection (LeaderElection.java:askForVotes(178)) - 1be30185-a2c0-4461-afc0-2cb02fcff473@group-A8B097DE35CC-LeaderElection567: begin an election at term 115 for -1: [e64b81a2-7e97-4a9c-9a90-0d1e8edce3a8:192.168.157.254:40074, d9951c0b-6d6e-4464-b06b-4ef93c20892c:192.168.157.254:43622, 1be30185-a2c0-4461-afc0-2cb02fcff473:192.168.157.254:38008], old=null
2019-10-22 00:08:55,454 [grpc-default-executor-8] INFO  impl.RaftServerImpl (RaftServerImpl.java:setRole(184)) - d9951c0b-6d6e-4464-b06b-4ef93c20892c@group-A8B097DE35CC: changes role from  FOLLOWER to FOLLOWER at term 115 for recognizeCandidate:1be30185-a2c0-4461-afc0-2cb02fcff473
2019-10-22 00:08:55,454 [grpc-default-executor-8] INFO  impl.RoleInfo (RoleInfo.java:shutdownFollowerState(121)) - d9951c0b-6d6e-4464-b06b-4ef93c20892c: shutdown FollowerState
2019-10-22 00:08:55,454 [grpc-default-executor-8] INFO  impl.RoleInfo (RoleInfo.java:updateAndGet(143)) - d9951c0b-6d6e-4464-b06b-4ef93c20892c: start FollowerState
2019-10-22 00:08:55,455 [grpc-default-executor-1] INFO  impl.RaftServerImpl (RaftServerImpl.java:setRole(184)) - e64b81a2-7e97-4a9c-9a90-0d1e8edce3a8@group-A8B097DE35CC: changes role from  FOLLOWER to FOLLOWER at term 115 for recognizeCandidate:1be30185-a2c0-4461-afc0-2cb02fcff473
2019-10-22 00:08:55,455 [grpc-default-executor-1] INFO  impl.RoleInfo (RoleInfo.java:shutdownFollowerState(121)) - e64b81a2-7e97-4a9c-9a90-0d1e8edce3a8: shutdown FollowerState
2019-10-22 00:08:55,455 [Thread-4857] INFO  impl.FollowerState (FollowerState.java:run(117)) - d9951c0b-6d6e-4464-b06b-4ef93c20892c@group-A8B097DE35CC-FollowerState was interrupted: java.lang.InterruptedException: sleep interrupted
2019-10-22 00:08:55,455 [Thread-4858] INFO  impl.FollowerState (FollowerState.java:run(117)) - e64b81a2-7e97-4a9c-9a90-0d1e8edce3a8@group-A8B097DE35CC-FollowerState was interrupted: java.lang.InterruptedException: sleep interrupted
2019-10-22 00:08:55,455 [grpc-default-executor-1] INFO  impl.RoleInfo (RoleInfo.java:updateAndGet(143)) - e64b81a2-7e97-4a9c-9a90-0d1e8edce3a8: start FollowerState
2019-10-22 00:08:55,469 [1be30185-a2c0-4461-afc0-2cb02fcff473@group-A8B097DE35CC-LeaderElection567] INFO  impl.LeaderElection (LeaderElection.java:logAndReturn(56)) - 1be30185-a2c0-4461-afc0-2cb02fcff473@group-A8B097DE35CC-LeaderElection567: Election REJECTED; received 2 response(s) [1be30185-a2c0-4461-afc0-2cb02fcff473<-e64b81a2-7e97-4a9c-9a90-0d1e8edce3a8#0:FAIL-t115, 1be30185-a2c0-4461-afc0-2cb02fcff473<-d9951c0b-6d6e-4464-b06b-4ef93c20892c#0:FAIL-t115] and 0 exception(s); 1be30185-a2c0-4461-afc0-2cb02fcff473@group-A8B097DE35CC:t115, leader=null, voted=1be30185-a2c0-4461-afc0-2cb02fcff473, raftlog=1be30185-a2c0-4461-afc0-2cb02fcff473@group-A8B097DE35CC-SegmentedRaftLog:OPENED:c-1,f-1,i0, conf=-1: [e64b81a2-7e97-4a9c-9a90-0d1e8edce3a8:192.168.157.254:40074, d9951c0b-6d6e-4464-b06b-4ef93c20892c:192.168.157.254:43622, 1be30185-a2c0-4461-afc0-2cb02fcff473:192.168.157.254:38008], old=null
2019-10-22 00:08:55,469 [1be30185-a2c0-4461-afc0-2cb02fcff473@group-A8B097DE35CC-LeaderElection567] INFO  impl.RaftServerImpl (RaftServerImpl.java:setRole(184)) - 1be30185-a2c0-4461-afc0-2cb02fcff473@group-A8B097DE35CC: changes role from CANDIDATE to FOLLOWER at term 115 for DISCOVERED_A_NEW_TERM
2019-10-22 00:08:55,469 [1be30185-a2c0-4461-afc0-2cb02fcff473@group-A8B097DE35CC-LeaderElection567] INFO  impl.RoleInfo (RoleInfo.java:shutdownLeaderElection(134)) - 1be30185-a2c0-4461-afc0-2cb02fcff473: shutdown LeaderElection
2019-10-22 00:08:55,469 [1be30185-a2c0-4461-afc0-2cb02fcff473@group-A8B097DE35CC-LeaderElection567] INFO  impl.RoleInfo (RoleInfo.java:updateAndGet(143)) - 1be30185-a2c0-4461-afc0-2cb02fcff473: start FollowerState
2019-10-22 00:08:55,478 [Thread-4867] INFO  impl.FollowerState (FollowerState.java:run(108)) - 1be30185-a2c0-4461-afc0-2cb02fcff473@group-A8B097DE35CC-FollowerState: change to CANDIDATE, lastRpcTime:9ms, electionTimeout:9ms
2019-10-22 00:08:55,478 [Thread-4867] INFO  impl.RoleInfo (RoleInfo.java:shutdownFollowerState(121)) - 1be30185-a2c0-4461-afc0-2cb02fcff473: shutdown FollowerState
2019-10-22 00:08:55,478 [Thread-4867] INFO  impl.RaftServerImpl (RaftServerImpl.java:setRole(184)) - 1be30185-a2c0-4461-afc0-2cb02fcff473@group-A8B097DE35CC: changes role from  FOLLOWER to CANDIDATE at term 115 for changeToCandidate
2019-10-22 00:08:55,478 [Thread-4867] INFO  impl.RoleInfo (RoleInfo.java:updateAndGet(143)) - 1be30185-a2c0-4461-afc0-2cb02fcff473: start LeaderElection
2019-10-22 00:08:55,491 [1be30185-a2c0-4461-afc0-2cb02fcff473@group-A8B097DE35CC-LeaderElection568] INFO  impl.LeaderElection (LeaderElection.java:askForVotes(178)) - 1be30185-a2c0-4461-afc0-2cb02fcff473@group-A8B097DE35CC-LeaderElection568: begin an election at term 116 for -1: [e64b81a2-7e97-4a9c-9a90-0d1e8edce3a8:192.168.157.254:40074, d9951c0b-6d6e-4464-b06b-4ef93c20892c:192.168.157.254:43622, 1be30185-a2c0-4461-afc0-2cb02fcff473:192.168.157.254:38008], old=null
2019-10-22 00:08:55,492 [grpc-default-executor-8] INFO  impl.RaftServerImpl (RaftServerImpl.java:setRole(184)) - e64b81a2-7e97-4a9c-9a90-0d1e8edce3a8@group-A8B097DE35CC: changes role from  FOLLOWER to FOLLOWER at term 116 for recognizeCandidate:1be30185-a2c0-4461-afc0-2cb02fcff473
2019-10-22 00:08:55,492 [grpc-default-executor-1] INFO  impl.RaftServerImpl (RaftServerImpl.java:setRole(184)) - d9951c0b-6d6e-4464-b06b-4ef93c20892c@group-A8B097DE35CC: changes role from  FOLLOWER to FOLLOWER at term 116 for recognizeCandidate:1be30185-a2c0-4461-afc0-2cb02fcff473
2019-10-22 00:08:55,492 [grpc-default-executor-1] INFO  impl.RoleInfo (RoleInfo.java:shutdownFollowerState(121)) - d9951c0b-6d6e-4464-b06b-4ef93c20892c: shutdown FollowerState
2019-10-22 00:08:55,492 [grpc-default-executor-8] INFO  impl.RoleInfo (RoleInfo.java:shutdownFollowerState(121)) - e64b81a2-7e97-4a9c-9a90-0d1e8edce3a8: shutdown FollowerState
2019-10-22 00:08:55,492 [Thread-4865] INFO  impl.FollowerState (FollowerState.java:run(117)) - d9951c0b-6d6e-4464-b06b-4ef93c20892c@group-A8B097DE35CC-FollowerState was interrupted: java.lang.InterruptedException: sleep interrupted
2019-10-22 00:08:55,493 [Thread-4866] INFO  impl.FollowerState (FollowerState.java:run(117)) - e64b81a2-7e97-4a9c-9a90-0d1e8edce3a8@group-A8B097DE35CC-FollowerState was interrupted: java.lang.InterruptedException: sleep interrupted
2019-10-22 00:08:55,492 [grpc-default-executor-1] INFO  impl.RoleInfo (RoleInfo.java:updateAndGet(143)) - d9951c0b-6d6e-4464-b06b-4ef93c20892c: start FollowerState
2019-10-22 00:08:55,493 [grpc-default-executor-8] INFO  impl.RoleInfo (RoleInfo.java:updateAndGet(143)) - e64b81a2-7e97-4a9c-9a90-0d1e8edce3a8: start FollowerState
2019-10-22 00:08:55,506 [1be30185-a2c0-4461-afc0-2cb02fcff473@group-A8B097DE35CC-LeaderElection568] INFO  impl.LeaderElection (LeaderElection.java:logAndReturn(56)) - 1be30185-a2c0-4461-afc0-2cb02fcff473@group-A8B097DE35CC-LeaderElection568: Election REJECTED; received 2 response(s) [1be30185-a2c0-4461-afc0-2cb02fcff473<-e64b81a2-7e97-4a9c-9a90-0d1e8edce3a8#0:FAIL-t116, 1be30185-a2c0-4461-afc0-2cb02fcff473<-d9951c0b-6d6e-4464-b06b-4ef93c20892c#0:FAIL-t116] and 0 exception(s); 1be30185-a2c0-4461-afc0-2cb02fcff473@group-A8B097DE35CC:t116, leader=null, voted=1be30185-a2c0-4461-afc0-2cb02fcff473, raftlog=1be30185-a2c0-4461-afc0-2cb02fcff473@group-A8B097DE35CC-SegmentedRaftLog:OPENED:c-1,f-1,i0, conf=-1: [e64b81a2-7e97-4a9c-9a90-0d1e8edce3a8:192.168.157.254:40074, d9951c0b-6d6e-4464-b06b-4ef93c20892c:192.168.157.254:43622, 1be30185-a2c0-4461-afc0-2cb02fcff473:192.168.157.254:38008], old=null
2019-10-22 00:08:55,506 [1be30185-a2c0-4461-afc0-2cb02fcff473@group-A8B097DE35CC-LeaderElection568] INFO  impl.RaftServerImpl (RaftServerImpl.java:setRole(184)) - 1be30185-a2c0-4461-afc0-2cb02fcff473@group-A8B097DE35CC: changes role from CANDIDATE to FOLLOWER at term 116 for DISCOVERED_A_NEW_TERM
2019-10-22 00:08:55,506 [1be30185-a2c0-4461-afc0-2cb02fcff473@group-A8B097DE35CC-LeaderElection568] INFO  impl.RoleInfo (RoleInfo.java:shutdownLeaderElection(134)) - 1be30185-a2c0-4461-afc0-2cb02fcff473: shutdown LeaderElection
2019-10-22 00:08:55,506 [1be30185-a2c0-4461-afc0-2cb02fcff473@group-A8B097DE35CC-LeaderElection568] INFO  impl.RoleInfo (RoleInfo.java:updateAndGet(143)) - 1be30185-a2c0-4461-afc0-2cb02fcff473: start FollowerState
2019-10-22 00:08:55,639 [Thread-4875] INFO  impl.FollowerState (FollowerState.java:run(108)) - 1be30185-a2c0-4461-afc0-2cb02fcff473@group-A8B097DE35CC-FollowerState: change to CANDIDATE, lastRpcTime:132ms, electionTimeout:132ms
2019-10-22 00:08:55,639 [Thread-4875] INFO  impl.RoleInfo (RoleInfo.java:shutdownFollowerState(121)) - 1be30185-a2c0-4461-afc0-2cb02fcff473: shutdown FollowerState
2019-10-22 00:08:55,639 [Thread-4875] INFO  impl.RaftServerImpl (RaftServerImpl.java:setRole(184)) - 1be30185-a2c0-4461-afc0-2cb02fcff473@group-A8B097DE35CC: changes role from  FOLLOWER to CANDIDATE at term 116 for changeToCandidate
2019-10-22 00:08:55,639 [Thread-4875] INFO  impl.RoleInfo (RoleInfo.java:updateAndGet(143)) - 1be30185-a2c0-4461-afc0-2cb02fcff473: start LeaderElection
2019-10-22 00:08:55,652 [1be30185-a2c0-4461-afc0-2cb02fcff473@group-A8B097DE35CC-LeaderElection569] INFO  impl.LeaderElection (LeaderElection.java:askForVotes(178)) - 1be30185-a2c0-4461-afc0-2cb02fcff473@group-A8B097DE35CC-LeaderElection569: begin an election at term 117 for -1: [e64b81a2-7e97-4a9c-9a90-0d1e8edce3a8:192.168.157.254:40074, d9951c0b-6d6e-4464-b06b-4ef93c20892c:192.168.157.254:43622, 1be30185-a2c0-4461-afc0-2cb02fcff473:192.168.157.254:38008], old=null
2019-10-22 00:08:55,653 [grpc-default-executor-8] INFO  impl.RaftServerImpl (RaftServerImpl.java:setRole(184)) - d9951c0b-6d6e-4464-b06b-4ef93c20892c@group-A8B097DE35CC: changes role from  FOLLOWER to FOLLOWER at term 117 for recognizeCandidate:1be30185-a2c0-4461-afc0-2cb02fcff473
2019-10-22 00:08:55,654 [grpc-default-executor-8] INFO  impl.RoleInfo (RoleInfo.java:shutdownFollowerState(121)) - d9951c0b-6d6e-4464-b06b-4ef93c20892c: shutdown FollowerState
2019-10-22 00:08:55,654 [Thread-4873] INFO  impl.FollowerState (FollowerState.java:run(117)) - d9951c0b-6d6e-4464-b06b-4ef93c20892c@group-A8B097DE35CC-FollowerState was interrupted: java.lang.InterruptedException: sleep interrupted
2019-10-22 00:08:55,654 [grpc-default-executor-8] INFO  impl.RoleInfo (RoleInfo.java:updateAndGet(143)) - d9951c0b-6d6e-4464-b06b-4ef93c20892c: start FollowerState
2019-10-22 00:08:55,655 [grpc-default-executor-1] INFO  impl.RaftServerImpl (RaftServerImpl.java:setRole(184)) - e64b81a2-7e97-4a9c-9a90-0d1e8edce3a8@group-A8B097DE35CC: changes role from  FOLLOWER to FOLLOWER at term 117 for recognizeCandidate:1be30185-a2c0-4461-afc0-2cb02fcff473
2019-10-22 00:08:55,655 [grpc-default-executor-1] INFO  impl.RoleInfo (RoleInfo.java:shutdownFollowerState(121)) - e64b81a2-7e97-4a9c-9a90-0d1e8edce3a8: shutdown FollowerState
2019-10-22 00:08:55,655 [grpc-default-executor-1] INFO  impl.RoleInfo (RoleInfo.java:updateAndGet(143)) - e64b81a2-7e97-4a9c-9a90-0d1e8edce3a8: start FollowerState
2019-10-22 00:08:55,655 [Thread-4874] INFO  impl.FollowerState (FollowerState.java:run(117)) - e64b81a2-7e97-4a9c-9a90-0d1e8edce3a8@group-A8B097DE35CC-FollowerState was interrupted: java.lang.InterruptedException: sleep interrupted
2019-10-22 00:08:55,669 [1be30185-a2c0-4461-afc0-2cb02fcff473@group-A8B097DE35CC-LeaderElection569] INFO  impl.LeaderElection (LeaderElection.java:logAndReturn(56)) - 1be30185-a2c0-4461-afc0-2cb02fcff473@group-A8B097DE35CC-LeaderElection569: Election REJECTED; received 2 response(s) [1be30185-a2c0-4461-afc0-2cb02fcff473<-e64b81a2-7e97-4a9c-9a90-0d1e8edce3a8#0:FAIL-t117, 1be30185-a2c0-4461-afc0-2cb02fcff473<-d9951c0b-6d6e-4464-b06b-4ef93c20892c#0:FAIL-t117] and 0 exception(s); 1be30185-a2c0-4461-afc0-2cb02fcff473@group-A8B097DE35CC:t117, leader=null, voted=1be30185-a2c0-4461-afc0-2cb02fcff473, raftlog=1be30185-a2c0-4461-afc0-2cb02fcff473@group-A8B097DE35CC-SegmentedRaftLog:OPENED:c-1,f-1,i0, conf=-1: [e64b81a2-7e97-4a9c-9a90-0d1e8edce3a8:192.168.157.254:40074, d9951c0b-6d6e-4464-b06b-4ef93c20892c:192.168.157.254:43622, 1be30185-a2c0-4461-afc0-2cb02fcff473:192.168.157.254:38008], old=null
2019-10-22 00:08:55,669 [1be30185-a2c0-4461-afc0-2cb02fcff473@group-A8B097DE35CC-LeaderElection569] INFO  impl.RaftServerImpl (RaftServerImpl.java:setRole(184)) - 1be30185-a2c0-4461-afc0-2cb02fcff473@group-A8B097DE35CC: changes role from CANDIDATE to FOLLOWER at term 117 for DISCOVERED_A_NEW_TERM
2019-10-22 00:08:55,669 [1be30185-a2c0-4461-afc0-2cb02fcff473@group-A8B097DE35CC-LeaderElection569] INFO  impl.RoleInfo (RoleInfo.java:shutdownLeaderElection(134)) - 1be30185-a2c0-4461-afc0-2cb02fcff473: shutdown LeaderElection
2019-10-22 00:08:55,669 [1be30185-a2c0-4461-afc0-2cb02fcff473@group-A8B097DE35CC-LeaderElection569] INFO  impl.RoleInfo (RoleInfo.java:updateAndGet(143)) - 1be30185-a2c0-4461-afc0-2cb02fcff473: start FollowerState
2019-10-22 00:08:55,795 [Thread-4881] INFO  impl.FollowerState (FollowerState.java:run(108)) - 1be30185-a2c0-4461-afc0-2cb02fcff473@group-A8B097DE35CC-FollowerState: change to CANDIDATE, lastRpcTime:125ms, electionTimeout:125ms
2019-10-22 00:08:55,795 [Thread-4881] INFO  impl.RoleInfo (RoleInfo.java:shutdownFollowerState(121)) - 1be30185-a2c0-4461-afc0-2cb02fcff473: shutdown FollowerState
2019-10-22 00:08:55,795 [Thread-4881] INFO  impl.RaftServerImpl (RaftServerImpl.java:setRole(184)) - 1be30185-a2c0-4461-afc0-2cb02fcff473@group-A8B097DE35CC: changes role from  FOLLOWER to CANDIDATE at term 117 for changeToCandidate
2019-10-22 00:08:55,795 [Thread-4881] INFO  impl.RoleInfo (RoleInfo.java:updateAndGet(143)) - 1be30185-a2c0-4461-afc0-2cb02fcff473: start LeaderElection
2019-10-22 00:08:55,820 [1be30185-a2c0-4461-afc0-2cb02fcff473@group-A8B097DE35CC-LeaderElection570] INFO  impl.LeaderElection (LeaderElection.java:askForVotes(178)) - 1be30185-a2c0-4461-afc0-2cb02fcff473@group-A8B097DE35CC-LeaderElection570: begin an election at term 118 for -1: [e64b81a2-7e97-4a9c-9a90-0d1e8edce3a8:192.168.157.254:40074, d9951c0b-6d6e-4464-b06b-4ef93c20892c:192.168.157.254:43622, 1be30185-a2c0-4461-afc0-2cb02fcff473:192.168.157.254:38008], old=null
2019-10-22 00:08:55,821 [grpc-default-executor-1] INFO  impl.RaftServerImpl (RaftServerImpl.java:setRole(184)) - e64b81a2-7e97-4a9c-9a90-0d1e8edce3a8@group-A8B097DE35CC: changes role from  FOLLOWER to FOLLOWER at term 118 for recognizeCandidate:1be30185-a2c0-4461-afc0-2cb02fcff473
2019-10-22 00:08:55,822 [grpc-default-executor-1] INFO  impl.RoleInfo (RoleInfo.java:shutdownFollowerState(121)) - e64b81a2-7e97-4a9c-9a90-0d1e8edce3a8: shutdown FollowerState
2019-10-22 00:08:55,821 [grpc-default-executor-8] INFO  impl.RaftServerImpl (RaftServerImpl.java:setRole(184)) - d9951c0b-6d6e-4464-b06b-4ef93c20892c@group-A8B097DE35CC: changes role from  FOLLOWER to FOLLOWER at term 118 for recognizeCandidate:1be30185-a2c0-4461-afc0-2cb02fcff473
2019-10-22 00:08:55,822 [Thread-4880] INFO  impl.FollowerState (FollowerState.java:run(117)) - e64b81a2-7e97-4a9c-9a90-0d1e8edce3a8@group-A8B097DE35CC-FollowerState was interrupted: java.lang.InterruptedException: sleep interrupted
2019-10-22 00:08:55,822 [grpc-default-executor-1] INFO  impl.RoleInfo (RoleInfo.java:updateAndGet(143)) - e64b81a2-7e97-4a9c-9a90-0d1e8edce3a8: start FollowerState
2019-10-22 00:08:55,822 [grpc-default-executor-8] INFO  impl.RoleInfo (RoleInfo.java:shutdownFollowerState(121)) - d9951c0b-6d6e-4464-b06b-4ef93c20892c: shutdown FollowerState
2019-10-22 00:08:55,822 [grpc-default-executor-8] INFO  impl.RoleInfo (RoleInfo.java:updateAndGet(143)) - d9951c0b-6d6e-4464-b06b-4ef93c20892c: start FollowerState
2019-10-22 00:08:55,822 [Thread-4879] INFO  impl.FollowerState (FollowerState.java:run(117)) - d9951c0b-6d6e-4464-b06b-4ef93c20892c@group-A8B097DE35CC-FollowerState was interrupted: java.lang.InterruptedException: sleep interrupted
2019-10-22 00:08:55,828 [1be30185-a2c0-4461-afc0-2cb02fcff473@group-A8B097DE35CC-LeaderElection570] INFO  impl.LeaderElection (LeaderElection.java:logAndReturn(56)) - 1be30185-a2c0-4461-afc0-2cb02fcff473@group-A8B097DE35CC-LeaderElection570: Election TIMEOUT; received 0 response(s) [] and 0 exception(s); 1be30185-a2c0-4461-afc0-2cb02fcff473@group-A8B097DE35CC:t118, leader=null, voted=1be30185-a2c0-4461-afc0-2cb02fcff473, raftlog=1be30185-a2c0-4461-afc0-2cb02fcff473@group-A8B097DE35CC-SegmentedRaftLog:OPENED:c-1,f-1,i0, conf=-1: [e64b81a2-7e97-4a9c-9a90-0d1e8edce3a8:192.168.157.254:40074, d9951c0b-6d6e-4464-b06b-4ef93c20892c:192.168.157.254:43622, 1be30185-a2c0-4461-afc0-2cb02fcff473:192.168.157.254:38008], old=null
2019-10-22 00:08:55,836 [1be30185-a2c0-4461-afc0-2cb02fcff473@group-A8B097DE35CC-LeaderElection570] INFO  impl.LeaderElection (LeaderElection.java:askForVotes(178)) - 1be30185-a2c0-4461-afc0-2cb02fcff473@group-A8B097DE35CC-LeaderElection570: begin an election at term 119 for -1: [e64b81a2-7e97-4a9c-9a90-0d1e8edce3a8:192.168.157.254:40074, d9951c0b-6d6e-4464-b06b-4ef93c20892c:192.168.157.254:43622, 1be30185-a2c0-4461-afc0-2cb02fcff473:192.168.157.254:38008], old=null
2019-10-22 00:08:55,837 [grpc-default-executor-1] INFO  impl.RaftServerImpl (RaftServerImpl.java:setRole(184)) - e64b81a2-7e97-4a9c-9a90-0d1e8edce3a8@group-A8B097DE35CC: changes role from  FOLLOWER to FOLLOWER at term 119 for recognizeCandidate:1be30185-a2c0-4461-afc0-2cb02fcff473
2019-10-22 00:08:55,837 [grpc-default-executor-8] INFO  impl.RaftServerImpl (RaftServerImpl.java:setRole(184)) - d9951c0b-6d6e-4464-b06b-4ef93c20892c@group-A8B097DE35CC: changes role from  FOLLOWER to FOLLOWER at term 119 for recognizeCandidate:1be30185-a2c0-4461-afc0-2cb02fcff473
2019-10-22 00:08:55,837 [grpc-default-executor-8] INFO  impl.RoleInfo (RoleInfo.java:shutdownFollowerState(121)) - d9951c0b-6d6e-4464-b06b-4ef93c20892c: shutdown FollowerState
2019-10-22 00:08:55,837 [grpc-default-executor-1] INFO  impl.RoleInfo (RoleInfo.java:shutdownFollowerState(121)) - e64b81a2-7e97-4a9c-9a90-0d1e8edce3a8: shutdown FollowerState
2019-10-22 00:08:55,837 [grpc-default-executor-8] INFO  impl.RoleInfo (RoleInfo.java:updateAndGet(143)) - d9951c0b-6d6e-4464-b06b-4ef93c20892c: start FollowerState
2019-10-22 00:08:55,837 [Thread-4886] INFO  impl.FollowerState (FollowerState.java:run(117)) - d9951c0b-6d6e-4464-b06b-4ef93c20892c@group-A8B097DE35CC-FollowerState was interrupted: java.lang.InterruptedException: sleep interrupted
2019-10-22 00:08:55,837 [grpc-default-executor-1] INFO  impl.RoleInfo (RoleInfo.java:updateAndGet(143)) - e64b81a2-7e97-4a9c-9a90-0d1e8edce3a8: start FollowerState
2019-10-22 00:08:55,837 [Thread-4885] INFO  impl.FollowerState (FollowerState.java:run(117)) - e64b81a2-7e97-4a9c-9a90-0d1e8edce3a8@group-A8B097DE35CC-FollowerState was interrupted: java.lang.InterruptedException: sleep interrupted
2019-10-22 00:08:55,851 [1be30185-a2c0-4461-afc0-2cb02fcff473@group-A8B097DE35CC-LeaderElection570] INFO  impl.LeaderElection (LeaderElection.java:logAndReturn(56)) - 1be30185-a2c0-4461-afc0-2cb02fcff473@group-A8B097DE35CC-LeaderElection570: Election REJECTED; received 2 response(s) [1be30185-a2c0-4461-afc0-2cb02fcff473<-e64b81a2-7e97-4a9c-9a90-0d1e8edce3a8#0:FAIL-t119, 1be30185-a2c0-4461-afc0-2cb02fcff473<-d9951c0b-6d6e-4464-b06b-4ef93c20892c#0:FAIL-t119] and 0 exception(s); 1be30185-a2c0-4461-afc0-2cb02fcff473@group-A8B097DE35CC:t119, leader=null, voted=1be30185-a2c0-4461-afc0-2cb02fcff473, raftlog=1be30185-a2c0-4461-afc0-2cb02fcff473@group-A8B097DE35CC-SegmentedRaftLog:OPENED:c-1,f-1,i0, conf=-1: [e64b81a2-7e97-4a9c-9a90-0d1e8edce3a8:192.168.157.254:40074, d9951c0b-6d6e-4464-b06b-4ef93c20892c:192.168.157.254:43622, 1be30185-a2c0-4461-afc0-2cb02fcff473:192.168.157.254:38008], old=null
2019-10-22 00:08:55,851 [1be30185-a2c0-4461-afc0-2cb02fcff473@group-A8B097DE35CC-LeaderElection570] INFO  impl.RaftServerImpl (RaftServerImpl.java:setRole(184)) - 1be30185-a2c0-4461-afc0-2cb02fcff473@group-A8B097DE35CC: changes role from CANDIDATE to FOLLOWER at term 119 for DISCOVERED_A_NEW_TERM
2019-10-22 00:08:55,851 [1be30185-a2c0-4461-afc0-2cb02fcff473@group-A8B097DE35CC-LeaderElection570] INFO  impl.RoleInfo (RoleInfo.java:shutdownLeaderElection(134)) - 1be30185-a2c0-4461-afc0-2cb02fcff473: shutdown LeaderElection
2019-10-22 00:08:55,851 [1be30185-a2c0-4461-afc0-2cb02fcff473@group-A8B097DE35CC-LeaderElection570] INFO  impl.RoleInfo (RoleInfo.java:updateAndGet(143)) - 1be30185-a2c0-4461-afc0-2cb02fcff473: start FollowerState
2019-10-22 00:08:55,908 [Thread-4893] INFO  impl.FollowerState (FollowerState.java:run(108)) - 1be30185-a2c0-4461-afc0-2cb02fcff473@group-A8B097DE35CC-FollowerState: change to CANDIDATE, lastRpcTime:56ms, electionTimeout:56ms
2019-10-22 00:08:55,908 [Thread-4893] INFO  impl.RoleInfo (RoleInfo.java:shutdownFollowerState(121)) - 1be30185-a2c0-4461-afc0-2cb02fcff473: shutdown FollowerState
2019-10-22 00:08:55,908 [Thread-4893] INFO  impl.RaftServerImpl (RaftServerImpl.java:setRole(184)) - 1be30185-a2c0-4461-afc0-2cb02fcff473@group-A8B097DE35CC: changes role from  FOLLOWER to CANDIDATE at term 119 for changeToCandidate
2019-10-22 00:08:55,908 [Thread-4893] INFO  impl.RoleInfo (RoleInfo.java:updateAndGet(143)) - 1be30185-a2c0-4461-afc0-2cb02fcff473: start LeaderElection
2019-10-22 00:08:55,920 [1be30185-a2c0-4461-afc0-2cb02fcff473@group-A8B097DE35CC-LeaderElection571] INFO  impl.LeaderElection (LeaderElection.java:askForVotes(178)) - 1be30185-a2c0-4461-afc0-2cb02fcff473@group-A8B097DE35CC-LeaderElection571: begin an election at term 120 for -1: [e64b81a2-7e97-4a9c-9a90-0d1e8edce3a8:192.168.157.254:40074, d9951c0b-6d6e-4464-b06b-4ef93c20892c:192.168.157.254:43622, 1be30185-a2c0-4461-afc0-2cb02fcff473:192.168.157.254:38008], old=null
2019-10-22 00:08:55,921 [grpc-default-executor-8] INFO  impl.RaftServerImpl (RaftServerImpl.java:setRole(184)) - e64b81a2-7e97-4a9c-9a90-0d1e8edce3a8@group-A8B097DE35CC: changes role from  FOLLOWER to FOLLOWER at term 120 for recognizeCandidate:1be30185-a2c0-4461-afc0-2cb02fcff473
2019-10-22 00:08:55,921 [grpc-default-executor-1] INFO  impl.RaftServerImpl (RaftServerImpl.java:setRole(184)) - d9951c0b-6d6e-4464-b06b-4ef93c20892c@group-A8B097DE35CC: changes role from  FOLLOWER to FOLLOWER at term 120 for recognizeCandidate:1be30185-a2c0-4461-afc0-2cb02fcff473
2019-10-22 00:08:55,922 [grpc-default-executor-1] INFO  impl.RoleInfo (RoleInfo.java:shutdownFollowerState(121)) - d9951c0b-6d6e-4464-b06b-4ef93c20892c: shutdown FollowerState
2019-10-22 00:08:55,922 [grpc-default-executor-8] INFO  impl.RoleInfo (RoleInfo.java:shutdownFollowerState(121)) - e64b81a2-7e97-4a9c-9a90-0d1e8edce3a8: shutdown FollowerState
2019-10-22 00:08:55,922 [Thread-4891] INFO  impl.FollowerState (FollowerState.java:run(117)) - d9951c0b-6d6e-4464-b06b-4ef93c20892c@group-A8B097DE35CC-FollowerState was interrupted: java.lang.InterruptedException: sleep interrupted
2019-10-22 00:08:55,922 [grpc-default-executor-1] INFO  impl.RoleInfo (RoleInfo.java:updateAndGet(143)) - d9951c0b-6d6e-4464-b06b-4ef93c20892c: start FollowerState
2019-10-22 00:08:55,922 [Thread-4892] INFO  impl.FollowerState (FollowerState.java:run(117)) - e64b81a2-7e97-4a9c-9a90-0d1e8edce3a8@group-A8B097DE35CC-FollowerState was interrupted: java.lang.InterruptedException: sleep interrupted
2019-10-22 00:08:55,922 [grpc-default-executor-8] INFO  impl.RoleInfo (RoleInfo.java:updateAndGet(143)) - e64b81a2-7e97-4a9c-9a90-0d1e8edce3a8: start FollowerState
2019-10-22 00:08:55,935 [1be30185-a2c0-4461-afc0-2cb02fcff473@group-A8B097DE35CC-LeaderElection571] INFO  impl.LeaderElection (LeaderElection.java:logAndReturn(56)) - 1be30185-a2c0-4461-afc0-2cb02fcff473@group-A8B097DE35CC-LeaderElection571: Election REJECTED; received 2 response(s) [1be30185-a2c0-4461-afc0-2cb02fcff473<-e64b81a2-7e97-4a9c-9a90-0d1e8edce3a8#0:FAIL-t120, 1be30185-a2c0-4461-afc0-2cb02fcff473<-d9951c0b-6d6e-4464-b06b-4ef93c20892c#0:FAIL-t120] and 0 exception(s); 1be30185-a2c0-4461-afc0-2cb02fcff473@group-A8B097DE35CC:t120, leader=null, voted=1be30185-a2c0-4461-afc0-2cb02fcff473, raftlog=1be30185-a2c0-4461-afc0-2cb02fcff473@group-A8B097DE35CC-SegmentedRaftLog:OPENED:c-1,f-1,i0, conf=-1: [e64b81a2-7e97-4a9c-9a90-0d1e8edce3a8:192.168.157.254:40074, d9951c0b-6d6e-4464-b06b-4ef93c20892c:192.168.157.254:43622, 1be30185-a2c0-4461-afc0-2cb02fcff473:192.168.157.254:38008], old=null
2019-10-22 00:08:55,936 [1be30185-a2c0-4461-afc0-2cb02fcff473@group-A8B097DE35CC-LeaderElection571] INFO  impl.RaftServerImpl (RaftServerImpl.java:setRole(184)) - 1be30185-a2c0-4461-afc0-2cb02fcff473@group-A8B097DE35CC: changes role from CANDIDATE to FOLLOWER at term 120 for DISCOVERED_A_NEW_TERM
2019-10-22 00:08:55,936 [1be30185-a2c0-4461-afc0-2cb02fcff473@group-A8B097DE35CC-LeaderElection571] INFO  impl.RoleInfo (RoleInfo.java:shutdownLeaderElection(134)) - 1be30185-a2c0-4461-afc0-2cb02fcff473: shutdown LeaderElection
2019-10-22 00:08:55,936 [1be30185-a2c0-4461-afc0-2cb02fcff473@group-A8B097DE35CC-LeaderElection571] INFO  impl.RoleInfo (RoleInfo.java:updateAndGet(143)) - 1be30185-a2c0-4461-afc0-2cb02fcff473: start FollowerState
2019-10-22 00:08:55,948 [Thread-4899] INFO  impl.FollowerState (FollowerState.java:run(108)) - 1be30185-a2c0-4461-afc0-2cb02fcff473@group-A8B097DE35CC-FollowerState: change to CANDIDATE, lastRpcTime:12ms, electionTimeout:12ms
2019-10-22 00:08:55,948 [Thread-4899] INFO  impl.RoleInfo (RoleInfo.java:shutdownFollowerState(121)) - 1be30185-a2c0-4461-afc0-2cb02fcff473: shutdown FollowerState
2019-10-22 00:08:55,948 [Thread-4899] INFO  impl.RaftServerImpl (RaftServerImpl.java:setRole(184)) - 1be30185-a2c0-4461-afc0-2cb02fcff473@group-A8B097DE35CC: changes role from  FOLLOWER to CANDIDATE at term 120 for changeToCandidate
2019-10-22 00:08:55,948 [Thread-4899] INFO  impl.RoleInfo (RoleInfo.java:updateAndGet(143)) - 1be30185-a2c0-4461-afc0-2cb02fcff473: start LeaderElection
2019-10-22 00:08:55,961 [1be30185-a2c0-4461-afc0-2cb02fcff473@group-A8B097DE35CC-LeaderElection572] INFO  impl.LeaderElection (LeaderElection.java:askForVotes(178)) - 1be30185-a2c0-4461-afc0-2cb02fcff473@group-A8B097DE35CC-LeaderElection572: begin an election at term 121 for -1: [e64b81a2-7e97-4a9c-9a90-0d1e8edce3a8:192.168.157.254:40074, d9951c0b-6d6e-4464-b06b-4ef93c20892c:192.168.157.254:43622, 1be30185-a2c0-4461-afc0-2cb02fcff473:192.168.157.254:38008], old=null
2019-10-22 00:08:55,962 [grpc-default-executor-8] INFO  impl.RaftServerImpl (RaftServerImpl.java:setRole(184)) - e64b81a2-7e97-4a9c-9a90-0d1e8edce3a8@group-A8B097DE35CC: changes role from  FOLLOWER to FOLLOWER at term 121 for recognizeCandidate:1be30185-a2c0-4461-afc0-2cb02fcff473
2019-10-22 00:08:55,962 [grpc-default-executor-8] INFO  impl.RoleInfo (RoleInfo.java:shutdownFollowerState(121)) - e64b81a2-7e97-4a9c-9a90-0d1e8edce3a8: shutdown FollowerState
2019-10-22 00:08:55,962 [grpc-default-executor-1] INFO  impl.RaftServerImpl (RaftServerImpl.java:setRole(184)) - d9951c0b-6d6e-4464-b06b-4ef93c20892c@group-A8B097DE35CC: changes role from  FOLLOWER to FOLLOWER at term 121 for recognizeCandidate:1be30185-a2c0-4461-afc0-2cb02fcff473
2019-10-22 00:08:55,962 [grpc-default-executor-1] INFO  impl.RoleInfo (RoleInfo.java:shutdownFollowerState(121)) - d9951c0b-6d6e-4464-b06b-4ef93c20892c: shutdown FollowerState
2019-10-22 00:08:55,962 [grpc-default-executor-8] INFO  impl.RoleInfo (RoleInfo.java:updateAndGet(143)) - e64b81a2-7e97-4a9c-9a90-0d1e8edce3a8: start FollowerState
2019-10-22 00:08:55,962 [Thread-4898] INFO  impl.FollowerState (FollowerState.java:run(117)) - e64b81a2-7e97-4a9c-9a90-0d1e8edce3a8@group-A8B097DE35CC-FollowerState was interrupted: java.lang.InterruptedException: sleep interrupted
2019-10-22 00:08:55,962 [grpc-default-executor-1] INFO  impl.RoleInfo (RoleInfo.java:updateAndGet(143)) - d9951c0b-6d6e-4464-b06b-4ef93c20892c: start FollowerState
2019-10-22 00:08:55,962 [Thread-4897] INFO  impl.FollowerState (FollowerState.java:run(117)) - d9951c0b-6d6e-4464-b06b-4ef93c20892c@group-A8B097DE35CC-FollowerState was interrupted: java.lang.InterruptedException: sleep interrupted
2019-10-22 00:08:55,976 [1be30185-a2c0-4461-afc0-2cb02fcff473@group-A8B097DE35CC-LeaderElection572] INFO  impl.LeaderElection (LeaderElection.java:logAndReturn(56)) - 1be30185-a2c0-4461-afc0-2cb02fcff473@group-A8B097DE35CC-LeaderElection572: Election REJECTED; received 2 response(s) [1be30185-a2c0-4461-afc0-2cb02fcff473<-e64b81a2-7e97-4a9c-9a90-0d1e8edce3a8#0:FAIL-t121, 1be30185-a2c0-4461-afc0-2cb02fcff473<-d9951c0b-6d6e-4464-b06b-4ef93c20892c#0:FAIL-t121] and 0 exception(s); 1be30185-a2c0-4461-afc0-2cb02fcff473@group-A8B097DE35CC:t121, leader=null, voted=1be30185-a2c0-4461-afc0-2cb02fcff473, raftlog=1be30185-a2c0-4461-afc0-2cb02fcff473@group-A8B097DE35CC-SegmentedRaftLog:OPENED:c-1,f-1,i0, conf=-1: [e64b81a2-7e97-4a9c-9a90-0d1e8edce3a8:192.168.157.254:40074, d9951c0b-6d6e-4464-b06b-4ef93c20892c:192.168.157.254:43622, 1be30185-a2c0-4461-afc0-2cb02fcff473:192.168.157.254:38008], old=null
2019-10-22 00:08:55,977 [1be30185-a2c0-4461-afc0-2cb02fcff473@group-A8B097DE35CC-LeaderElection572] INFO  impl.RaftServerImpl (RaftServerImpl.java:setRole(184)) - 1be30185-a2c0-4461-afc0-2cb02fcff473@group-A8B097DE35CC: changes role from CANDIDATE to FOLLOWER at term 121 for DISCOVERED_A_NEW_TERM
2019-10-22 00:08:55,977 [1be30185-a2c0-4461-afc0-2cb02fcff473@group-A8B097DE35CC-LeaderElection572] INFO  impl.RoleInfo (RoleInfo.java:shutdownLeaderElection(134)) - 1be30185-a2c0-4461-afc0-2cb02fcff473: shutdown LeaderElection
2019-10-22 00:08:55,977 [1be30185-a2c0-4461-afc0-2cb02fcff473@group-A8B097DE35CC-LeaderElection572] INFO  impl.RoleInfo (RoleInfo.java:updateAndGet(143)) - 1be30185-a2c0-4461-afc0-2cb02fcff473: start FollowerState
2019-10-22 00:08:56,012 [Thread-4907] INFO  impl.FollowerState (FollowerState.java:run(108)) - 1be30185-a2c0-4461-afc0-2cb02fcff473@group-A8B097DE35CC-FollowerState: change to CANDIDATE, lastRpcTime:35ms, electionTimeout:35ms
2019-10-22 00:08:56,012 [Thread-4907] INFO  impl.RoleInfo (RoleInfo.java:shutdownFollowerState(121)) - 1be30185-a2c0-4461-afc0-2cb02fcff473: shutdown FollowerState
2019-10-22 00:08:56,012 [Thread-4907] INFO  impl.RaftServerImpl (RaftServerImpl.java:setRole(184)) - 1be30185-a2c0-4461-afc0-2cb02fcff473@group-A8B097DE35CC: changes role from  FOLLOWER to CANDIDATE at term 121 for changeToCandidate
2019-10-22 00:08:56,012 [Thread-4907] INFO  impl.RoleInfo (RoleInfo.java:updateAndGet(143)) - 1be30185-a2c0-4461-afc0-2cb02fcff473: start LeaderElection
2019-10-22 00:08:56,025 [1be30185-a2c0-4461-afc0-2cb02fcff473@group-A8B097DE35CC-LeaderElection573] INFO  impl.LeaderElection (LeaderElection.java:askForVotes(178)) - 1be30185-a2c0-4461-afc0-2cb02fcff473@group-A8B097DE35CC-LeaderElection573: begin an election at term 122 for -1: [e64b81a2-7e97-4a9c-9a90-0d1e8edce3a8:192.168.157.254:40074, d9951c0b-6d6e-4464-b06b-4ef93c20892c:192.168.157.254:43622, 1be30185-a2c0-4461-afc0-2cb02fcff473:192.168.157.254:38008], old=null
2019-10-22 00:08:56,026 [grpc-default-executor-1] INFO  impl.RaftServerImpl (RaftServerImpl.java:setRole(184)) - d9951c0b-6d6e-4464-b06b-4ef93c20892c@group-A8B097DE35CC: changes role from  FOLLOWER to FOLLOWER at term 122 for recognizeCandidate:1be30185-a2c0-4461-afc0-2cb02fcff473
2019-10-22 00:08:56,027 [grpc-default-executor-1] INFO  impl.RoleInfo (RoleInfo.java:shutdownFollowerState(121)) - d9951c0b-6d6e-4464-b06b-4ef93c20892c: shutdown FollowerState
2019-10-22 00:08:56,026 [grpc-default-executor-8] INFO  impl.RaftServerImpl (RaftServerImpl.java:setRole(184)) - e64b81a2-7e97-4a9c-9a90-0d1e8edce3a8@group-A8B097DE35CC: changes role from  FOLLOWER to FOLLOWER at term 122 for recognizeCandidate:1be30185-a2c0-4461-afc0-2cb02fcff473
2019-10-22 00:08:56,027 [grpc-default-executor-8] INFO  impl.RoleInfo (RoleInfo.java:shutdownFollowerState(121)) - e64b81a2-7e97-4a9c-9a90-0d1e8edce3a8: shutdown FollowerState
2019-10-22 00:08:56,027 [grpc-default-executor-1] INFO  impl.RoleInfo (RoleInfo.java:updateAndGet(143)) - d9951c0b-6d6e-4464-b06b-4ef93c20892c: start FollowerState
2019-10-22 00:08:56,027 [Thread-4904] INFO  impl.FollowerState (FollowerState.java:run(117)) - d9951c0b-6d6e-4464-b06b-4ef93c20892c@group-A8B097DE35CC-FollowerState was interrupted: java.lang.InterruptedException: sleep interrupted
2019-10-22 00:08:56,027 [Thread-4903] INFO  impl.FollowerState (FollowerState.java:run(117)) - e64b81a2-7e97-4a9c-9a90-0d1e8edce3a8@group-A8B097DE35CC-FollowerState was interrupted: java.lang.InterruptedException: sleep interrupted
2019-10-22 00:08:56,027 [grpc-default-executor-8] INFO  impl.RoleInfo (RoleInfo.java:updateAndGet(143)) - e64b81a2-7e97-4a9c-9a90-0d1e8edce3a8: start FollowerState
2019-10-22 00:08:56,084 [1be30185-a2c0-4461-afc0-2cb02fcff473@group-A8B097DE35CC-LeaderElection573] INFO  impl.LeaderElection (LeaderElection.java:logAndReturn(56)) - 1be30185-a2c0-4461-afc0-2cb02fcff473@group-A8B097DE35CC-LeaderElection573: Election REJECTED; received 2 response(s) [1be30185-a2c0-4461-afc0-2cb02fcff473<-e64b81a2-7e97-4a9c-9a90-0d1e8edce3a8#0:FAIL-t122, 1be30185-a2c0-4461-afc0-2cb02fcff473<-d9951c0b-6d6e-4464-b06b-4ef93c20892c#0:FAIL-t122] and 0 exception(s); 1be30185-a2c0-4461-afc0-2cb02fcff473@group-A8B097DE35CC:t122, leader=null, voted=1be30185-a2c0-4461-afc0-2cb02fcff473, raftlog=1be30185-a2c0-4461-afc0-2cb02fcff473@group-A8B097DE35CC-SegmentedRaftLog:OPENED:c-1,f-1,i0, conf=-1: [e64b81a2-7e97-4a9c-9a90-0d1e8edce3a8:192.168.157.254:40074, d9951c0b-6d6e-4464-b06b-4ef93c20892c:192.168.157.254:43622, 1be30185-a2c0-4461-afc0-2cb02fcff473:192.168.157.254:38008], old=null
2019-10-22 00:08:56,084 [1be30185-a2c0-4461-afc0-2cb02fcff473@group-A8B097DE35CC-LeaderElection573] INFO  impl.RaftServerImpl (RaftServerImpl.java:setRole(184)) - 1be30185-a2c0-4461-afc0-2cb02fcff473@group-A8B097DE35CC: changes role from CANDIDATE to FOLLOWER at term 122 for DISCOVERED_A_NEW_TERM
2019-10-22 00:08:56,084 [1be30185-a2c0-4461-afc0-2cb02fcff473@group-A8B097DE35CC-LeaderElection573] INFO  impl.RoleInfo (RoleInfo.java:shutdownLeaderElection(134)) - 1be30185-a2c0-4461-afc0-2cb02fcff473: shutdown LeaderElection
2019-10-22 00:08:56,084 [1be30185-a2c0-4461-afc0-2cb02fcff473@group-A8B097DE35CC-LeaderElection573] INFO  impl.RoleInfo (RoleInfo.java:updateAndGet(143)) - 1be30185-a2c0-4461-afc0-2cb02fcff473: start FollowerState
2019-10-22 00:08:56,121 [Thread-4913] INFO  impl.FollowerState (FollowerState.java:run(108)) - 1be30185-a2c0-4461-afc0-2cb02fcff473@group-A8B097DE35CC-FollowerState: change to CANDIDATE, lastRpcTime:37ms, electionTimeout:37ms
2019-10-22 00:08:56,121 [Thread-4913] INFO  impl.RoleInfo (RoleInfo.java:shutdownFollowerState(121)) - 1be30185-a2c0-4461-afc0-2cb02fcff473: shutdown FollowerState
2019-10-22 00:08:56,122 [Thread-4913] INFO  impl.RaftServerImpl (RaftServerImpl.java:setRole(184)) - 1be30185-a2c0-4461-afc0-2cb02fcff473@group-A8B097DE35CC: changes role from  FOLLOWER to CANDIDATE at term 122 for changeToCandidate
2019-10-22 00:08:56,122 [Thread-4913] INFO  impl.RoleInfo (RoleInfo.java:updateAndGet(143)) - 1be30185-a2c0-4461-afc0-2cb02fcff473: start LeaderElection
2019-10-22 00:08:56,198 [1be30185-a2c0-4461-afc0-2cb02fcff473@group-A8B097DE35CC-LeaderElection574] INFO  impl.LeaderElection (LeaderElection.java:askForVotes(178)) - 1be30185-a2c0-4461-afc0-2cb02fcff473@group-A8B097DE35CC-LeaderElection574: begin an election at term 123 for -1: [e64b81a2-7e97-4a9c-9a90-0d1e8edce3a8:192.168.157.254:40074, d9951c0b-6d6e-4464-b06b-4ef93c20892c:192.168.157.254:43622, 1be30185-a2c0-4461-afc0-2cb02fcff473:192.168.157.254:38008], old=null
2019-10-22 00:08:56,204 [grpc-default-executor-1] INFO  impl.RaftServerImpl (RaftServerImpl.java:setRole(184)) - d9951c0b-6d6e-4464-b06b-4ef93c20892c@group-A8B097DE35CC: changes role from  FOLLOWER to FOLLOWER at term 123 for recognizeCandidate:1be30185-a2c0-4461-afc0-2cb02fcff473
2019-10-22 00:08:56,204 [grpc-default-executor-8] INFO  impl.RaftServerImpl (RaftServerImpl.java:setRole(184)) - e64b81a2-7e97-4a9c-9a90-0d1e8edce3a8@group-A8B097DE35CC: changes role from  FOLLOWER to FOLLOWER at term 123 for recognizeCandidate:1be30185-a2c0-4461-afc0-2cb02fcff473
2019-10-22 00:08:56,204 [grpc-default-executor-1] INFO  impl.RoleInfo (RoleInfo.java:shutdownFollowerState(121)) - d9951c0b-6d6e-4464-b06b-4ef93c20892c: shutdown FollowerState
2019-10-22 00:08:56,204 [grpc-default-executor-8] INFO  impl.RoleInfo (RoleInfo.java:shutdownFollowerState(121)) - e64b81a2-7e97-4a9c-9a90-0d1e8edce3a8: shutdown FollowerState
2019-10-22 00:08:56,205 [grpc-default-executor-1] INFO  impl.RoleInfo (RoleInfo.java:updateAndGet(143)) - d9951c0b-6d6e-4464-b06b-4ef93c20892c: start FollowerState
2019-10-22 00:08:56,205 [grpc-default-executor-8] INFO  impl.RoleInfo (RoleInfo.java:updateAndGet(143)) - e64b81a2-7e97-4a9c-9a90-0d1e8edce3a8: start FollowerState
2019-10-22 00:08:56,205 [Thread-4911] INFO  impl.FollowerState (FollowerState.java:run(117)) - d9951c0b-6d6e-4464-b06b-4ef93c20892c@group-A8B097DE35CC-FollowerState was interrupted: java.lang.InterruptedException: sleep interrupted
2019-10-22 00:08:56,205 [Thread-4912] INFO  impl.FollowerState (FollowerState.java:run(117)) - e64b81a2-7e97-4a9c-9a90-0d1e8edce3a8@group-A8B097DE35CC-FollowerState was interrupted: java.lang.InterruptedException: sleep interrupted
2019-10-22 00:08:56,219 [1be30185-a2c0-4461-afc0-2cb02fcff473@group-A8B097DE35CC-LeaderElection574] INFO  impl.LeaderElection (LeaderElection.java:logAndReturn(56)) - 1be30185-a2c0-4461-afc0-2cb02fcff473@group-A8B097DE35CC-LeaderElection574: Election REJECTED; received 2 response(s) [1be30185-a2c0-4461-afc0-2cb02fcff473<-e64b81a2-7e97-4a9c-9a90-0d1e8edce3a8#0:FAIL-t123, 1be30185-a2c0-4461-afc0-2cb02fcff473<-d9951c0b-6d6e-4464-b06b-4ef93c20892c#0:FAIL-t123] and 0 exception(s); 1be30185-a2c0-4461-afc0-2cb02fcff473@group-A8B097DE35CC:t123, leader=null, voted=1be30185-a2c0-4461-afc0-2cb02fcff473, raftlog=1be30185-a2c0-4461-afc0-2cb02fcff473@group-A8B097DE35CC-SegmentedRaftLog:OPENED:c-1,f-1,i0, conf=-1: [e64b81a2-7e97-4a9c-9a90-0d1e8edce3a8:192.168.157.254:40074, d9951c0b-6d6e-4464-b06b-4ef93c20892c:192.168.157.254:43622, 1be30185-a2c0-4461-afc0-2cb02fcff473:192.168.157.254:38008], old=null
2019-10-22 00:08:56,219 [1be30185-a2c0-4461-afc0-2cb02fcff473@group-A8B097DE35CC-LeaderElection574] INFO  impl.RaftServerImpl (RaftServerImpl.java:setRole(184)) - 1be30185-a2c0-4461-afc0-2cb02fcff473@group-A8B097DE35CC: changes role from CANDIDATE to FOLLOWER at term 123 for DISCOVERED_A_NEW_TERM
2019-10-22 00:08:56,219 [1be30185-a2c0-4461-afc0-2cb02fcff473@group-A8B097DE35CC-LeaderElection574] INFO  impl.RoleInfo (RoleInfo.java:shutdownLeaderElection(134)) - 1be30185-a2c0-4461-afc0-2cb02fcff473: shutdown LeaderElection
2019-10-22 00:08:56,220 [1be30185-a2c0-4461-afc0-2cb02fcff473@group-A8B097DE35CC-LeaderElection574] INFO  impl.RoleInfo (RoleInfo.java:updateAndGet(143)) - 1be30185-a2c0-4461-afc0-2cb02fcff473: start FollowerState
2019-10-22 00:08:56,311 [Thread-4919] INFO  impl.FollowerState (FollowerState.java:run(108)) - 1be30185-a2c0-4461-afc0-2cb02fcff473@group-A8B097DE35CC-FollowerState: change to CANDIDATE, lastRpcTime:91ms, electionTimeout:91ms
2019-10-22 00:08:56,311 [Thread-4919] INFO  impl.RoleInfo (RoleInfo.java:shutdownFollowerState(121)) - 1be30185-a2c0-4461-afc0-2cb02fcff473: shutdown FollowerState
2019-10-22 00:08:56,311 [Thread-4919] INFO  impl.RaftServerImpl (RaftServerImpl.java:setRole(184)) - 1be30185-a2c0-4461-afc0-2cb02fcff473@group-A8B097DE35CC: changes role from  FOLLOWER to CANDIDATE at term 123 for changeToCandidate
2019-10-22 00:08:56,312 [Thread-4919] INFO  impl.RoleInfo (RoleInfo.java:updateAndGet(143)) - 1be30185-a2c0-4461-afc0-2cb02fcff473: start LeaderElection
2019-10-22 00:08:56,324 [1be30185-a2c0-4461-afc0-2cb02fcff473@group-A8B097DE35CC-LeaderElection575] INFO  impl.LeaderElection (LeaderElection.java:askForVotes(178)) - 1be30185-a2c0-4461-afc0-2cb02fcff473@group-A8B097DE35CC-LeaderElection575: begin an election at term 124 for -1: [e64b81a2-7e97-4a9c-9a90-0d1e8edce3a8:192.168.157.254:40074, d9951c0b-6d6e-4464-b06b-4ef93c20892c:192.168.157.254:43622, 1be30185-a2c0-4461-afc0-2cb02fcff473:192.168.157.254:38008], old=null
2019-10-22 00:08:56,325 [grpc-default-executor-1] INFO  impl.RaftServerImpl (RaftServerImpl.java:setRole(184)) - d9951c0b-6d6e-4464-b06b-4ef93c20892c@group-A8B097DE35CC: changes role from  FOLLOWER to FOLLOWER at term 124 for recognizeCandidate:1be30185-a2c0-4461-afc0-2cb02fcff473
2019-10-22 00:08:56,325 [grpc-default-executor-1] INFO  impl.RoleInfo (RoleInfo.java:shutdownFollowerState(121)) - d9951c0b-6d6e-4464-b06b-4ef93c20892c: shutdown FollowerState
2019-10-22 00:08:56,325 [grpc-default-executor-8] INFO  impl.RaftServerImpl (RaftServerImpl.java:setRole(184)) - e64b81a2-7e97-4a9c-9a90-0d1e8edce3a8@group-A8B097DE35CC: changes role from  FOLLOWER to FOLLOWER at term 124 for recognizeCandidate:1be30185-a2c0-4461-afc0-2cb02fcff473
2019-10-22 00:08:56,325 [grpc-default-executor-8] INFO  impl.RoleInfo (RoleInfo.java:shutdownFollowerState(121)) - e64b81a2-7e97-4a9c-9a90-0d1e8edce3a8: shutdown FollowerState
2019-10-22 00:08:56,325 [Thread-4917] INFO  impl.FollowerState (FollowerState.java:run(117)) - d9951c0b-6d6e-4464-b06b-4ef93c20892c@group-A8B097DE35CC-FollowerState was interrupted: java.lang.InterruptedException: sleep interrupted
2019-10-22 00:08:56,325 [grpc-default-executor-1] INFO  impl.RoleInfo (RoleInfo.java:updateAndGet(143)) - d9951c0b-6d6e-4464-b06b-4ef93c20892c: start FollowerState
2019-10-22 00:08:56,325 [Thread-4918] INFO  impl.FollowerState (FollowerState.java:run(117)) - e64b81a2-7e97-4a9c-9a90-0d1e8edce3a8@group-A8B097DE35CC-FollowerState was interrupted: java.lang.InterruptedException: sleep interrupted
2019-10-22 00:08:56,325 [grpc-default-executor-8] INFO  impl.RoleInfo (RoleInfo.java:updateAndGet(143)) - e64b81a2-7e97-4a9c-9a90-0d1e8edce3a8: start FollowerState
2019-10-22 00:08:56,335 [1be30185-a2c0-4461-afc0-2cb02fcff473@group-A8B097DE35CC-LeaderElection575] INFO  impl.LeaderElection (LeaderElection.java:logAndReturn(56)) - 1be30185-a2c0-4461-afc0-2cb02fcff473@group-A8B097DE35CC-LeaderElection575: Election REJECTED; received 2 response(s) [1be30185-a2c0-4461-afc0-2cb02fcff473<-e64b81a2-7e97-4a9c-9a90-0d1e8edce3a8#0:FAIL-t124, 1be30185-a2c0-4461-afc0-2cb02fcff473<-d9951c0b-6d6e-4464-b06b-4ef93c20892c#0:FAIL-t124] and 0 exception(s); 1be30185-a2c0-4461-afc0-2cb02fcff473@group-A8B097DE35CC:t124, leader=null, voted=1be30185-a2c0-4461-afc0-2cb02fcff473, raftlog=1be30185-a2c0-4461-afc0-2cb02fcff473@group-A8B097DE35CC-SegmentedRaftLog:OPENED:c-1,f-1,i0, conf=-1: [e64b81a2-7e97-4a9c-9a90-0d1e8edce3a8:192.168.157.254:40074, d9951c0b-6d6e-4464-b06b-4ef93c20892c:192.168.157.254:43622, 1be30185-a2c0-4461-afc0-2cb02fcff473:192.168.157.254:38008], old=null
2019-10-22 00:08:56,335 [1be30185-a2c0-4461-afc0-2cb02fcff473@group-A8B097DE35CC-LeaderElection575] INFO  impl.RaftServerImpl (RaftServerImpl.java:setRole(184)) - 1be30185-a2c0-4461-afc0-2cb02fcff473@group-A8B097DE35CC: changes role from CANDIDATE to FOLLOWER at term 124 for DISCOVERED_A_NEW_TERM
2019-10-22 00:08:56,335 [1be30185-a2c0-4461-afc0-2cb02fcff473@group-A8B097DE35CC-LeaderElection575] INFO  impl.RoleInfo (RoleInfo.java:shutdownLeaderElection(134)) - 1be30185-a2c0-4461-afc0-2cb02fcff473: shutdown LeaderElection
2019-10-22 00:08:56,335 [1be30185-a2c0-4461-afc0-2cb02fcff473@group-A8B097DE35CC-LeaderElection575] INFO  impl.RoleInfo (RoleInfo.java:updateAndGet(143)) - 1be30185-a2c0-4461-afc0-2cb02fcff473: start FollowerState
2019-10-22 00:08:56,441 [Thread-4927] INFO  impl.FollowerState (FollowerState.java:run(108)) - 1be30185-a2c0-4461-afc0-2cb02fcff473@group-A8B097DE35CC-FollowerState: change to CANDIDATE, lastRpcTime:106ms, electionTimeout:106ms
2019-10-22 00:08:56,442 [Thread-4927] INFO  impl.RoleInfo (RoleInfo.java:shutdownFollowerState(121)) - 1be30185-a2c0-4461-afc0-2cb02fcff473: shutdown FollowerState
2019-10-22 00:08:56,442 [Thread-4927] INFO  impl.RaftServerImpl (RaftServerImpl.java:setRole(184)) - 1be30185-a2c0-4461-afc0-2cb02fcff473@group-A8B097DE35CC: changes role from  FOLLOWER to CANDIDATE at term 124 for changeToCandidate
2019-10-22 00:08:56,442 [Thread-4927] INFO  impl.RoleInfo (RoleInfo.java:updateAndGet(143)) - 1be30185-a2c0-4461-afc0-2cb02fcff473: start LeaderElection
2019-10-22 00:08:56,455 [1be30185-a2c0-4461-afc0-2cb02fcff473@group-A8B097DE35CC-LeaderElection576] INFO  impl.LeaderElection (LeaderElection.java:askForVotes(178)) - 1be30185-a2c0-4461-afc0-2cb02fcff473@group-A8B097DE35CC-LeaderElection576: begin an election at term 125 for -1: [e64b81a2-7e97-4a9c-9a90-0d1e8edce3a8:192.168.157.254:40074, d9951c0b-6d6e-4464-b06b-4ef93c20892c:192.168.157.254:43622, 1be30185-a2c0-4461-afc0-2cb02fcff473:192.168.157.254:38008], old=null
2019-10-22 00:08:56,457 [grpc-default-executor-1] INFO  impl.RaftServerImpl (RaftServerImpl.java:setRole(184)) - e64b81a2-7e97-4a9c-9a90-0d1e8edce3a8@group-A8B097DE35CC: changes role from  FOLLOWER to FOLLOWER at term 125 for recognizeCandidate:1be30185-a2c0-4461-afc0-2cb02fcff473
2019-10-22 00:08:56,457 [grpc-default-executor-8] INFO  impl.RaftServerImpl (RaftServerImpl.java:setRole(184)) - d9951c0b-6d6e-4464-b06b-4ef93c20892c@group-A8B097DE35CC: changes role from  FOLLOWER to FOLLOWER at term 125 for recognizeCandidate:1be30185-a2c0-4461-afc0-2cb02fcff473
2019-10-22 00:08:56,457 [grpc-default-executor-8] INFO  impl.RoleInfo (RoleInfo.java:shutdownFollowerState(121)) - d9951c0b-6d6e-4464-b06b-4ef93c20892c: shutdown FollowerState
2019-10-22 00:08:56,457 [grpc-default-executor-1] INFO  impl.RoleInfo (RoleInfo.java:shutdownFollowerState(121)) - e64b81a2-7e97-4a9c-9a90-0d1e8edce3a8: shutdown FollowerState
2019-10-22 00:08:56,457 [grpc-default-executor-8] INFO  impl.RoleInfo (RoleInfo.java:updateAndGet(143)) - d9951c0b-6d6e-4464-b06b-4ef93c20892c: start FollowerState
2019-10-22 00:08:56,457 [Thread-4923] INFO  impl.FollowerState (FollowerState.java:run(117)) - d9951c0b-6d6e-4464-b06b-4ef93c20892c@group-A8B097DE35CC-FollowerState was interrupted: java.lang.InterruptedException: sleep interrupted
2019-10-22 00:08:56,457 [Thread-4924] INFO  impl.FollowerState (FollowerState.java:run(117)) - e64b81a2-7e97-4a9c-9a90-0d1e8edce3a8@group-A8B097DE35CC-FollowerState was interrupted: java.lang.InterruptedException: sleep interrupted
2019-10-22 00:08:56,457 [grpc-default-executor-1] INFO  impl.RoleInfo (RoleInfo.java:updateAndGet(143)) - e64b81a2-7e97-4a9c-9a90-0d1e8edce3a8: start FollowerState
2019-10-22 00:08:56,471 [1be30185-a2c0-4461-afc0-2cb02fcff473@group-A8B097DE35CC-LeaderElection576] INFO  impl.LeaderElection (LeaderElection.java:logAndReturn(56)) - 1be30185-a2c0-4461-afc0-2cb02fcff473@group-A8B097DE35CC-LeaderElection576: Election REJECTED; received 2 response(s) [1be30185-a2c0-4461-afc0-2cb02fcff473<-e64b81a2-7e97-4a9c-9a90-0d1e8edce3a8#0:FAIL-t125, 1be30185-a2c0-4461-afc0-2cb02fcff473<-d9951c0b-6d6e-4464-b06b-4ef93c20892c#0:FAIL-t125] and 0 exception(s); 1be30185-a2c0-4461-afc0-2cb02fcff473@group-A8B097DE35CC:t125, leader=null, voted=1be30185-a2c0-4461-afc0-2cb02fcff473, raftlog=1be30185-a2c0-4461-afc0-2cb02fcff473@group-A8B097DE35CC-SegmentedRaftLog:OPENED:c-1,f-1,i0, conf=-1: [e64b81a2-7e97-4a9c-9a90-0d1e8edce3a8:192.168.157.254:40074, d9951c0b-6d6e-4464-b06b-4ef93c20892c:192.168.157.254:43622, 1be30185-a2c0-4461-afc0-2cb02fcff473:192.168.157.254:38008], old=null
2019-10-22 00:08:56,471 [1be30185-a2c0-4461-afc0-2cb02fcff473@group-A8B097DE35CC-LeaderElection576] INFO  impl.RaftServerImpl (RaftServerImpl.java:setRole(184)) - 1be30185-a2c0-4461-afc0-2cb02fcff473@group-A8B097DE35CC: changes role from CANDIDATE to FOLLOWER at term 125 for DISCOVERED_A_NEW_TERM
2019-10-22 00:08:56,471 [1be30185-a2c0-4461-afc0-2cb02fcff473@group-A8B097DE35CC-LeaderElection576] INFO  impl.RoleInfo (RoleInfo.java:shutdownLeaderElection(134)) - 1be30185-a2c0-4461-afc0-2cb02fcff473: shutdown LeaderElection
2019-10-22 00:08:56,471 [1be30185-a2c0-4461-afc0-2cb02fcff473@group-A8B097DE35CC-LeaderElection576] INFO  impl.RoleInfo (RoleInfo.java:updateAndGet(143)) - 1be30185-a2c0-4461-afc0-2cb02fcff473: start FollowerState
2019-10-22 00:08:56,498 [Thread-4933] INFO  impl.FollowerState (FollowerState.java:run(108)) - 1be30185-a2c0-4461-afc0-2cb02fcff473@group-A8B097DE35CC-FollowerState: change to CANDIDATE, lastRpcTime:27ms, electionTimeout:27ms
2019-10-22 00:08:56,499 [Thread-4933] INFO  impl.RoleInfo (RoleInfo.java:shutdownFollowerState(121)) - 1be30185-a2c0-4461-afc0-2cb02fcff473: shutdown FollowerState
2019-10-22 00:08:56,499 [Thread-4933] INFO  impl.RaftServerImpl (RaftServerImpl.java:setRole(184)) - 1be30185-a2c0-4461-afc0-2cb02fcff473@group-A8B097DE35CC: changes role from  FOLLOWER to CANDIDATE at term 125 for changeToCandidate
2019-10-22 00:08:56,499 [Thread-4933] INFO  impl.RoleInfo (RoleInfo.java:updateAndGet(143)) - 1be30185-a2c0-4461-afc0-2cb02fcff473: start LeaderElection
2019-10-22 00:08:56,512 [1be30185-a2c0-4461-afc0-2cb02fcff473@group-A8B097DE35CC-LeaderElection577] INFO  impl.LeaderElection (LeaderElection.java:askForVotes(178)) - 1be30185-a2c0-4461-afc0-2cb02fcff473@group-A8B097DE35CC-LeaderElection577: begin an election at term 126 for -1: [e64b81a2-7e97-4a9c-9a90-0d1e8edce3a8:192.168.157.254:40074, d9951c0b-6d6e-4464-b06b-4ef93c20892c:192.168.157.254:43622, 1be30185-a2c0-4461-afc0-2cb02fcff473:192.168.157.254:38008], old=null
2019-10-22 00:08:56,513 [grpc-default-executor-1] INFO  impl.RaftServerImpl (RaftServerImpl.java:setRole(184)) - e64b81a2-7e97-4a9c-9a90-0d1e8edce3a8@group-A8B097DE35CC: changes role from  FOLLOWER to FOLLOWER at term 126 for recognizeCandidate:1be30185-a2c0-4461-afc0-2cb02fcff473
2019-10-22 00:08:56,513 [grpc-default-executor-8] INFO  impl.RaftServerImpl (RaftServerImpl.java:setRole(184)) - d9951c0b-6d6e-4464-b06b-4ef93c20892c@group-A8B097DE35CC: changes role from  FOLLOWER to FOLLOWER at term 126 for recognizeCandidate:1be30185-a2c0-4461-afc0-2cb02fcff473
2019-10-22 00:08:56,513 [grpc-default-executor-8] INFO  impl.RoleInfo (RoleInfo.java:shutdownFollowerState(121)) - d9951c0b-6d6e-4464-b06b-4ef93c20892c: shutdown FollowerState
2019-10-22 00:08:56,513 [grpc-default-executor-1] INFO  impl.RoleInfo (RoleInfo.java:shutdownFollowerState(121)) - e64b81a2-7e97-4a9c-9a90-0d1e8edce3a8: shutdown FollowerState
2019-10-22 00:08:56,513 [grpc-default-executor-8] INFO  impl.RoleInfo (RoleInfo.java:updateAndGet(143)) - d9951c0b-6d6e-4464-b06b-4ef93c20892c: start FollowerState
2019-10-22 00:08:56,513 [Thread-4932] INFO  impl.FollowerState (FollowerState.java:run(117)) - e64b81a2-7e97-4a9c-9a90-0d1e8edce3a8@group-A8B097DE35CC-FollowerState was interrupted: java.lang.InterruptedException: sleep interrupted
2019-10-22 00:08:56,513 [grpc-default-executor-1] INFO  impl.RoleInfo (RoleInfo.java:updateAndGet(143)) - e64b81a2-7e97-4a9c-9a90-0d1e8edce3a8: start FollowerState
2019-10-22 00:08:56,513 [Thread-4931] INFO  impl.FollowerState (FollowerState.java:run(117)) - d9951c0b-6d6e-4464-b06b-4ef93c20892c@group-A8B097DE35CC-FollowerState was interrupted: java.lang.InterruptedException: sleep interrupted
2019-10-22 00:08:56,527 [1be30185-a2c0-4461-afc0-2cb02fcff473@group-A8B097DE35CC-LeaderElection577] INFO  impl.LeaderElection (LeaderElection.java:logAndReturn(56)) - 1be30185-a2c0-4461-afc0-2cb02fcff473@group-A8B097DE35CC-LeaderElection577: Election REJECTED; received 2 response(s) [1be30185-a2c0-4461-afc0-2cb02fcff473<-e64b81a2-7e97-4a9c-9a90-0d1e8edce3a8#0:FAIL-t126, 1be30185-a2c0-4461-afc0-2cb02fcff473<-d9951c0b-6d6e-4464-b06b-4ef93c20892c#0:FAIL-t126] and 0 exception(s); 1be30185-a2c0-4461-afc0-2cb02fcff473@group-A8B097DE35CC:t126, leader=null, voted=1be30185-a2c0-4461-afc0-2cb02fcff473, raftlog=1be30185-a2c0-4461-afc0-2cb02fcff473@group-A8B097DE35CC-SegmentedRaftLog:OPENED:c-1,f-1,i0, conf=-1: [e64b81a2-7e97-4a9c-9a90-0d1e8edce3a8:192.168.157.254:40074, d9951c0b-6d6e-4464-b06b-4ef93c20892c:192.168.157.254:43622, 1be30185-a2c0-4461-afc0-2cb02fcff473:192.168.157.254:38008], old=null
2019-10-22 00:08:56,527 [1be30185-a2c0-4461-afc0-2cb02fcff473@group-A8B097DE35CC-LeaderElection577] INFO  impl.RaftServerImpl (RaftServerImpl.java:setRole(184)) - 1be30185-a2c0-4461-afc0-2cb02fcff473@group-A8B097DE35CC: changes role from CANDIDATE to FOLLOWER at term 126 for DISCOVERED_A_NEW_TERM
2019-10-22 00:08:56,527 [1be30185-a2c0-4461-afc0-2cb02fcff473@group-A8B097DE35CC-LeaderElection577] INFO  impl.RoleInfo (RoleInfo.java:shutdownLeaderElection(134)) - 1be30185-a2c0-4461-afc0-2cb02fcff473: shutdown LeaderElection
2019-10-22 00:08:56,527 [1be30185-a2c0-4461-afc0-2cb02fcff473@group-A8B097DE35CC-LeaderElection577] INFO  impl.RoleInfo (RoleInfo.java:updateAndGet(143)) - 1be30185-a2c0-4461-afc0-2cb02fcff473: start FollowerState
2019-10-22 00:08:56,658 [Thread-4941] INFO  impl.FollowerState (FollowerState.java:run(108)) - 1be30185-a2c0-4461-afc0-2cb02fcff473@group-A8B097DE35CC-FollowerState: change to CANDIDATE, lastRpcTime:130ms, electionTimeout:130ms
2019-10-22 00:08:56,658 [Thread-4941] INFO  impl.RoleInfo (RoleInfo.java:shutdownFollowerState(121)) - 1be30185-a2c0-4461-afc0-2cb02fcff473: shutdown FollowerState
2019-10-22 00:08:56,658 [Thread-4941] INFO  impl.RaftServerImpl (RaftServerImpl.java:setRole(184)) - 1be30185-a2c0-4461-afc0-2cb02fcff473@group-A8B097DE35CC: changes role from  FOLLOWER to CANDIDATE at term 126 for changeToCandidate
2019-10-22 00:08:56,658 [Thread-4941] INFO  impl.RoleInfo (RoleInfo.java:updateAndGet(143)) - 1be30185-a2c0-4461-afc0-2cb02fcff473: start LeaderElection
2019-10-22 00:08:56,672 [1be30185-a2c0-4461-afc0-2cb02fcff473@group-A8B097DE35CC-LeaderElection578] INFO  impl.LeaderElection (LeaderElection.java:askForVotes(178)) - 1be30185-a2c0-4461-afc0-2cb02fcff473@group-A8B097DE35CC-LeaderElection578: begin an election at term 127 for -1: [e64b81a2-7e97-4a9c-9a90-0d1e8edce3a8:192.168.157.254:40074, d9951c0b-6d6e-4464-b06b-4ef93c20892c:192.168.157.254:43622, 1be30185-a2c0-4461-afc0-2cb02fcff473:192.168.157.254:38008], old=null
2019-10-22 00:08:56,673 [grpc-default-executor-8] INFO  impl.RaftServerImpl (RaftServerImpl.java:setRole(184)) - e64b81a2-7e97-4a9c-9a90-0d1e8edce3a8@group-A8B097DE35CC: changes role from  FOLLOWER to FOLLOWER at term 127 for recognizeCandidate:1be30185-a2c0-4461-afc0-2cb02fcff473
2019-10-22 00:08:56,673 [grpc-default-executor-8] INFO  impl.RoleInfo (RoleInfo.java:shutdownFollowerState(121)) - e64b81a2-7e97-4a9c-9a90-0d1e8edce3a8: shutdown FollowerState
2019-10-22 00:08:56,673 [grpc-default-executor-1] INFO  impl.RaftServerImpl (RaftServerImpl.java:setRole(184)) - d9951c0b-6d6e-4464-b06b-4ef93c20892c@group-A8B097DE35CC: changes role from  FOLLOWER to FOLLOWER at term 127 for recognizeCandidate:1be30185-a2c0-4461-afc0-2cb02fcff473
2019-10-22 00:08:56,674 [Thread-4940] INFO  impl.FollowerState (FollowerState.java:run(117)) - e64b81a2-7e97-4a9c-9a90-0d1e8edce3a8@group-A8B097DE35CC-FollowerState was interrupted: java.lang.InterruptedException: sleep interrupted
2019-10-22 00:08:56,673 [grpc-default-executor-8] INFO  impl.RoleInfo (RoleInfo.java:updateAndGet(143)) - e64b81a2-7e97-4a9c-9a90-0d1e8edce3a8: start FollowerState
2019-10-22 00:08:56,674 [grpc-default-executor-1] INFO  impl.RoleInfo (RoleInfo.java:shutdownFollowerState(121)) - d9951c0b-6d6e-4464-b06b-4ef93c20892c: shutdown FollowerState
2019-10-22 00:08:56,674 [grpc-default-executor-1] INFO  impl.RoleInfo (RoleInfo.java:updateAndGet(143)) - d9951c0b-6d6e-4464-b06b-4ef93c20892c: start FollowerState
2019-10-22 00:08:56,674 [Thread-4939] INFO  impl.FollowerState (FollowerState.java:run(117)) - d9951c0b-6d6e-4464-b06b-4ef93c20892c@group-A8B097DE35CC-FollowerState was interrupted: java.lang.InterruptedException: sleep interrupted
2019-10-22 00:08:56,688 [1be30185-a2c0-4461-afc0-2cb02fcff473@group-A8B097DE35CC-LeaderElection578] INFO  impl.LeaderElection (LeaderElection.java:logAndReturn(56)) - 1be30185-a2c0-4461-afc0-2cb02fcff473@group-A8B097DE35CC-LeaderElection578: Election REJECTED; received 2 response(s) [1be30185-a2c0-4461-afc0-2cb02fcff473<-e64b81a2-7e97-4a9c-9a90-0d1e8edce3a8#0:FAIL-t127, 1be30185-a2c0-4461-afc0-2cb02fcff473<-d9951c0b-6d6e-4464-b06b-4ef93c20892c#0:FAIL-t127] and 0 exception(s); 1be30185-a2c0-4461-afc0-2cb02fcff473@group-A8B097DE35CC:t127, leader=null, voted=1be30185-a2c0-4461-afc0-2cb02fcff473, raftlog=1be30185-a2c0-4461-afc0-2cb02fcff473@group-A8B097DE35CC-SegmentedRaftLog:OPENED:c-1,f-1,i0, conf=-1: [e64b81a2-7e97-4a9c-9a90-0d1e8edce3a8:192.168.157.254:40074, d9951c0b-6d6e-4464-b06b-4ef93c20892c:192.168.157.254:43622, 1be30185-a2c0-4461-afc0-2cb02fcff473:192.168.157.254:38008], old=null
2019-10-22 00:08:56,688 [1be30185-a2c0-4461-afc0-2cb02fcff473@group-A8B097DE35CC-LeaderElection578] INFO  impl.RaftServerImpl (RaftServerImpl.java:setRole(184)) - 1be30185-a2c0-4461-afc0-2cb02fcff473@group-A8B097DE35CC: changes role from CANDIDATE to FOLLOWER at term 127 for DISCOVERED_A_NEW_TERM
2019-10-22 00:08:56,688 [1be30185-a2c0-4461-afc0-2cb02fcff473@group-A8B097DE35CC-LeaderElection578] INFO  impl.RoleInfo (RoleInfo.java:shutdownLeaderElection(134)) - 1be30185-a2c0-4461-afc0-2cb02fcff473: shutdown LeaderElection
2019-10-22 00:08:56,688 [1be30185-a2c0-4461-afc0-2cb02fcff473@group-A8B097DE35CC-LeaderElection578] INFO  impl.RoleInfo (RoleInfo.java:updateAndGet(143)) - 1be30185-a2c0-4461-afc0-2cb02fcff473: start FollowerState
2019-10-22 00:08:56,810 [Thread-4947] INFO  impl.FollowerState (FollowerState.java:run(108)) - 1be30185-a2c0-4461-afc0-2cb02fcff473@group-A8B097DE35CC-FollowerState: change to CANDIDATE, lastRpcTime:121ms, electionTimeout:121ms
2019-10-22 00:08:56,810 [Thread-4947] INFO  impl.RoleInfo (RoleInfo.java:shutdownFollowerState(121)) - 1be30185-a2c0-4461-afc0-2cb02fcff473: shutdown FollowerState
2019-10-22 00:08:56,810 [Thread-4947] INFO  impl.RaftServerImpl (RaftServerImpl.java:setRole(184)) - 1be30185-a2c0-4461-afc0-2cb02fcff473@group-A8B097DE35CC: changes role from  FOLLOWER to CANDIDATE at term 127 for changeToCandidate
2019-10-22 00:08:56,810 [Thread-4947] INFO  impl.RoleInfo (RoleInfo.java:updateAndGet(143)) - 1be30185-a2c0-4461-afc0-2cb02fcff473: start LeaderElection
2019-10-22 00:08:56,823 [1be30185-a2c0-4461-afc0-2cb02fcff473@group-A8B097DE35CC-LeaderElection579] INFO  impl.LeaderElection (LeaderElection.java:askForVotes(178)) - 1be30185-a2c0-4461-afc0-2cb02fcff473@group-A8B097DE35CC-LeaderElection579: begin an election at term 128 for -1: [e64b81a2-7e97-4a9c-9a90-0d1e8edce3a8:192.168.157.254:40074, d9951c0b-6d6e-4464-b06b-4ef93c20892c:192.168.157.254:43622, 1be30185-a2c0-4461-afc0-2cb02fcff473:192.168.157.254:38008], old=null
2019-10-22 00:08:56,825 [grpc-default-executor-8] INFO  impl.RaftServerImpl (RaftServerImpl.java:setRole(184)) - e64b81a2-7e97-4a9c-9a90-0d1e8edce3a8@group-A8B097DE35CC: changes role from  FOLLOWER to FOLLOWER at term 128 for recognizeCandidate:1be30185-a2c0-4461-afc0-2cb02fcff473
2019-10-22 00:08:56,825 [grpc-default-executor-8] INFO  impl.RoleInfo (RoleInfo.java:shutdownFollowerState(121)) - e64b81a2-7e97-4a9c-9a90-0d1e8edce3a8: shutdown FollowerState
2019-10-22 00:08:56,825 [grpc-default-executor-1] INFO  impl.RaftServerImpl (RaftServerImpl.java:setRole(184)) - d9951c0b-6d6e-4464-b06b-4ef93c20892c@group-A8B097DE35CC: changes role from  FOLLOWER to FOLLOWER at term 128 for recognizeCandidate:1be30185-a2c0-4461-afc0-2cb02fcff473
2019-10-22 00:08:56,825 [grpc-default-executor-1] INFO  impl.RoleInfo (RoleInfo.java:shutdownFollowerState(121)) - d9951c0b-6d6e-4464-b06b-4ef93c20892c: shutdown FollowerState
2019-10-22 00:08:56,825 [Thread-4945] INFO  impl.FollowerState (FollowerState.java:run(117)) - e64b81a2-7e97-4a9c-9a90-0d1e8edce3a8@group-A8B097DE35CC-FollowerState was interrupted: java.lang.InterruptedException: sleep interrupted
2019-10-22 00:08:56,825 [grpc-default-executor-8] INFO  impl.RoleInfo (RoleInfo.java:updateAndGet(143)) - e64b81a2-7e97-4a9c-9a90-0d1e8edce3a8: start FollowerState
2019-10-22 00:08:56,825 [grpc-default-executor-1] INFO  impl.RoleInfo (RoleInfo.java:updateAndGet(143)) - d9951c0b-6d6e-4464-b06b-4ef93c20892c: start FollowerState
2019-10-22 00:08:56,825 [Thread-4946] INFO  impl.FollowerState (FollowerState.java:run(117)) - d9951c0b-6d6e-4464-b06b-4ef93c20892c@group-A8B097DE35CC-FollowerState was interrupted: java.lang.InterruptedException: sleep interrupted
2019-10-22 00:08:56,839 [1be30185-a2c0-4461-afc0-2cb02fcff473@group-A8B097DE35CC-LeaderElection579] INFO  impl.LeaderElection (LeaderElection.java:logAndReturn(56)) - 1be30185-a2c0-4461-afc0-2cb02fcff473@group-A8B097DE35CC-LeaderElection579: Election REJECTED; received 2 response(s) [1be30185-a2c0-4461-afc0-2cb02fcff473<-e64b81a2-7e97-4a9c-9a90-0d1e8edce3a8#0:FAIL-t128, 1be30185-a2c0-4461-afc0-2cb02fcff473<-d9951c0b-6d6e-4464-b06b-4ef93c20892c#0:FAIL-t128] and 0 exception(s); 1be30185-a2c0-4461-afc0-2cb02fcff473@group-A8B097DE35CC:t128, leader=null, voted=1be30185-a2c0-4461-afc0-2cb02fcff473, raftlog=1be30185-a2c0-4461-afc0-2cb02fcff473@group-A8B097DE35CC-SegmentedRaftLog:OPENED:c-1,f-1,i0, conf=-1: [e64b81a2-7e97-4a9c-9a90-0d1e8edce3a8:192.168.157.254:40074, d9951c0b-6d6e-4464-b06b-4ef93c20892c:192.168.157.254:43622, 1be30185-a2c0-4461-afc0-2cb02fcff473:192.168.157.254:38008], old=null
2019-10-22 00:08:56,839 [1be30185-a2c0-4461-afc0-2cb02fcff473@group-A8B097DE35CC-LeaderElection579] INFO  impl.RaftServerImpl (RaftServerImpl.java:setRole(184)) - 1be30185-a2c0-4461-afc0-2cb02fcff473@group-A8B097DE35CC: changes role from CANDIDATE to FOLLOWER at term 128 for DISCOVERED_A_NEW_TERM
2019-10-22 00:08:56,839 [1be30185-a2c0-4461-afc0-2cb02fcff473@group-A8B097DE35CC-LeaderElection579] INFO  impl.RoleInfo (RoleInfo.java:shutdownLeaderElection(134)) - 1be30185-a2c0-4461-afc0-2cb02fcff473: shutdown LeaderElection
2019-10-22 00:08:56,839 [1be30185-a2c0-4461-afc0-2cb02fcff473@group-A8B097DE35CC-LeaderElection579] INFO  impl.RoleInfo (RoleInfo.java:updateAndGet(143)) - 1be30185-a2c0-4461-afc0-2cb02fcff473: start FollowerState
2019-10-22 00:08:57,032 [Thread-4955] INFO  impl.FollowerState (FollowerState.java:run(108)) - 1be30185-a2c0-4461-afc0-2cb02fcff473@group-A8B097DE35CC-FollowerState: change to CANDIDATE, lastRpcTime:193ms, electionTimeout:193ms
2019-10-22 00:08:57,033 [Thread-4955] INFO  impl.RoleInfo (RoleInfo.java:shutdownFollowerState(121)) - 1be30185-a2c0-4461-afc0-2cb02fcff473: shutdown FollowerState
2019-10-22 00:08:57,033 [Thread-4955] INFO  impl.RaftServerImpl (RaftServerImpl.java:setRole(184)) - 1be30185-a2c0-4461-afc0-2cb02fcff473@group-A8B097DE35CC: changes role from  FOLLOWER to CANDIDATE at term 128 for changeToCandidate
2019-10-22 00:08:57,033 [Thread-4955] INFO  impl.RoleInfo (RoleInfo.java:updateAndGet(143)) - 1be30185-a2c0-4461-afc0-2cb02fcff473: start LeaderElection
2019-10-22 00:08:57,046 [1be30185-a2c0-4461-afc0-2cb02fcff473@group-A8B097DE35CC-LeaderElection580] INFO  impl.LeaderElection (LeaderElection.java:askForVotes(178)) - 1be30185-a2c0-4461-afc0-2cb02fcff473@group-A8B097DE35CC-LeaderElection580: begin an election at term 129 for -1: [e64b81a2-7e97-4a9c-9a90-0d1e8edce3a8:192.168.157.254:40074, d9951c0b-6d6e-4464-b06b-4ef93c20892c:192.168.157.254:43622, 1be30185-a2c0-4461-afc0-2cb02fcff473:192.168.157.254:38008], old=null
2019-10-22 00:08:57,048 [grpc-default-executor-1] INFO  impl.RaftServerImpl (RaftServerImpl.java:setRole(184)) - e64b81a2-7e97-4a9c-9a90-0d1e8edce3a8@group-A8B097DE35CC: changes role from  FOLLOWER to FOLLOWER at term 129 for recognizeCandidate:1be30185-a2c0-4461-afc0-2cb02fcff473
2019-10-22 00:08:57,048 [grpc-default-executor-8] INFO  impl.RaftServerImpl (RaftServerImpl.java:setRole(184)) - d9951c0b-6d6e-4464-b06b-4ef93c20892c@group-A8B097DE35CC: changes role from  FOLLOWER to FOLLOWER at term 129 for recognizeCandidate:1be30185-a2c0-4461-afc0-2cb02fcff473
2019-10-22 00:08:57,048 [grpc-default-executor-1] INFO  impl.RoleInfo (RoleInfo.java:shutdownFollowerState(121)) - e64b81a2-7e97-4a9c-9a90-0d1e8edce3a8: shutdown FollowerState
2019-10-22 00:08:57,049 [grpc-default-executor-8] INFO  impl.RoleInfo (RoleInfo.java:shutdownFollowerState(121)) - d9951c0b-6d6e-4464-b06b-4ef93c20892c: shutdown FollowerState
2019-10-22 00:08:57,049 [grpc-default-executor-1] INFO  impl.RoleInfo (RoleInfo.java:updateAndGet(143)) - e64b81a2-7e97-4a9c-9a90-0d1e8edce3a8: start FollowerState
2019-10-22 00:08:57,049 [Thread-4952] INFO  impl.FollowerState (FollowerState.java:run(117)) - d9951c0b-6d6e-4464-b06b-4ef93c20892c@group-A8B097DE35CC-FollowerState was interrupted: java.lang.InterruptedException: sleep interrupted
2019-10-22 00:08:57,049 [grpc-default-executor-8] INFO  impl.RoleInfo (RoleInfo.java:updateAndGet(143)) - d9951c0b-6d6e-4464-b06b-4ef93c20892c: start FollowerState
2019-10-22 00:08:57,050 [Thread-4951] INFO  impl.FollowerState (FollowerState.java:run(117)) - e64b81a2-7e97-4a9c-9a90-0d1e8edce3a8@group-A8B097DE35CC-FollowerState was interrupted: java.lang.InterruptedException: sleep interrupted
2019-10-22 00:08:57,064 [1be30185-a2c0-4461-afc0-2cb02fcff473@group-A8B097DE35CC-LeaderElection580] INFO  impl.LeaderElection (LeaderElection.java:logAndReturn(56)) - 1be30185-a2c0-4461-afc0-2cb02fcff473@group-A8B097DE35CC-LeaderElection580: Election REJECTED; received 2 response(s) [1be30185-a2c0-4461-afc0-2cb02fcff473<-e64b81a2-7e97-4a9c-9a90-0d1e8edce3a8#0:FAIL-t129, 1be30185-a2c0-4461-afc0-2cb02fcff473<-d9951c0b-6d6e-4464-b06b-4ef93c20892c#0:FAIL-t129] and 0 exception(s); 1be30185-a2c0-4461-afc0-2cb02fcff473@group-A8B097DE35CC:t129, leader=null, voted=1be30185-a2c0-4461-afc0-2cb02fcff473, raftlog=1be30185-a2c0-4461-afc0-2cb02fcff473@group-A8B097DE35CC-SegmentedRaftLog:OPENED:c-1,f-1,i0, conf=-1: [e64b81a2-7e97-4a9c-9a90-0d1e8edce3a8:192.168.157.254:40074, d9951c0b-6d6e-4464-b06b-4ef93c20892c:192.168.157.254:43622, 1be30185-a2c0-4461-afc0-2cb02fcff473:192.168.157.254:38008], old=null
2019-10-22 00:08:57,064 [1be30185-a2c0-4461-afc0-2cb02fcff473@group-A8B097DE35CC-LeaderElection580] INFO  impl.RaftServerImpl (RaftServerImpl.java:setRole(184)) - 1be30185-a2c0-4461-afc0-2cb02fcff473@group-A8B097DE35CC: changes role from CANDIDATE to FOLLOWER at term 129 for DISCOVERED_A_NEW_TERM
2019-10-22 00:08:57,064 [1be30185-a2c0-4461-afc0-2cb02fcff473@group-A8B097DE35CC-LeaderElection580] INFO  impl.RoleInfo (RoleInfo.java:shutdownLeaderElection(134)) - 1be30185-a2c0-4461-afc0-2cb02fcff473: shutdown LeaderElection
2019-10-22 00:08:57,064 [1be30185-a2c0-4461-afc0-2cb02fcff473@group-A8B097DE35CC-LeaderElection580] INFO  impl.RoleInfo (RoleInfo.java:updateAndGet(143)) - 1be30185-a2c0-4461-afc0-2cb02fcff473: start FollowerState
2019-10-22 00:08:57,197 [Thread-4963] INFO  impl.FollowerState (FollowerState.java:run(108)) - 1be30185-a2c0-4461-afc0-2cb02fcff473@group-A8B097DE35CC-FollowerState: change to CANDIDATE, lastRpcTime:132ms, electionTimeout:132ms
2019-10-22 00:08:57,197 [Thread-4963] INFO  impl.RoleInfo (RoleInfo.java:shutdownFollowerState(121)) - 1be30185-a2c0-4461-afc0-2cb02fcff473: shutdown FollowerState
2019-10-22 00:08:57,197 [Thread-4963] INFO  impl.RaftServerImpl (RaftServerImpl.java:setRole(184)) - 1be30185-a2c0-4461-afc0-2cb02fcff473@group-A8B097DE35CC: changes role from  FOLLOWER to CANDIDATE at term 129 for changeToCandidate
2019-10-22 00:08:57,197 [Thread-4963] INFO  impl.RoleInfo (RoleInfo.java:updateAndGet(143)) - 1be30185-a2c0-4461-afc0-2cb02fcff473: start LeaderElection
2019-10-22 00:08:57,218 [1be30185-a2c0-4461-afc0-2cb02fcff473@group-A8B097DE35CC-LeaderElection581] INFO  impl.LeaderElection (LeaderElection.java:askForVotes(178)) - 1be30185-a2c0-4461-afc0-2cb02fcff473@group-A8B097DE35CC-LeaderElection581: begin an election at term 130 for -1: [e64b81a2-7e97-4a9c-9a90-0d1e8edce3a8:192.168.157.254:40074, d9951c0b-6d6e-4464-b06b-4ef93c20892c:192.168.157.254:43622, 1be30185-a2c0-4461-afc0-2cb02fcff473:192.168.157.254:38008], old=null
2019-10-22 00:08:57,220 [grpc-default-executor-8] INFO  impl.RaftServerImpl (RaftServerImpl.java:setRole(184)) - e64b81a2-7e97-4a9c-9a90-0d1e8edce3a8@group-A8B097DE35CC: changes role from  FOLLOWER to FOLLOWER at term 130 for recognizeCandidate:1be30185-a2c0-4461-afc0-2cb02fcff473
2019-10-22 00:08:57,220 [grpc-default-executor-1] INFO  impl.RaftServerImpl (RaftServerImpl.java:setRole(184)) - d9951c0b-6d6e-4464-b06b-4ef93c20892c@group-A8B097DE35CC: changes role from  FOLLOWER to FOLLOWER at term 130 for recognizeCandidate:1be30185-a2c0-4461-afc0-2cb02fcff473
2019-10-22 00:08:57,221 [grpc-default-executor-1] INFO  impl.RoleInfo (RoleInfo.java:shutdownFollowerState(121)) - d9951c0b-6d6e-4464-b06b-4ef93c20892c: shutdown FollowerState
2019-10-22 00:08:57,221 [grpc-default-executor-8] INFO  impl.RoleInfo (RoleInfo.java:shutdownFollowerState(121)) - e64b81a2-7e97-4a9c-9a90-0d1e8edce3a8: shutdown FollowerState
2019-10-22 00:08:57,221 [Thread-4962] INFO  impl.FollowerState (FollowerState.java:run(117)) - d9951c0b-6d6e-4464-b06b-4ef93c20892c@group-A8B097DE35CC-FollowerState was interrupted: java.lang.InterruptedException: sleep interrupted
2019-10-22 00:08:57,221 [grpc-default-executor-1] INFO  impl.RoleInfo (RoleInfo.java:updateAndGet(143)) - d9951c0b-6d6e-4464-b06b-4ef93c20892c: start FollowerState
2019-10-22 00:08:57,221 [Thread-4961] INFO  impl.FollowerState (FollowerState.java:run(117)) - e64b81a2-7e97-4a9c-9a90-0d1e8edce3a8@group-A8B097DE35CC-FollowerState was interrupted: java.lang.InterruptedException: sleep interrupted
2019-10-22 00:08:57,221 [grpc-default-executor-8] INFO  impl.RoleInfo (RoleInfo.java:updateAndGet(143)) - e64b81a2-7e97-4a9c-9a90-0d1e8edce3a8: start FollowerState
2019-10-22 00:08:57,236 [1be30185-a2c0-4461-afc0-2cb02fcff473@group-A8B097DE35CC-LeaderElection581] INFO  impl.LeaderElection (LeaderElection.java:logAndReturn(56)) - 1be30185-a2c0-4461-afc0-2cb02fcff473@group-A8B097DE35CC-LeaderElection581: Election REJECTED; received 2 response(s) [1be30185-a2c0-4461-afc0-2cb02fcff473<-e64b81a2-7e97-4a9c-9a90-0d1e8edce3a8#0:FAIL-t130, 1be30185-a2c0-4461-afc0-2cb02fcff473<-d9951c0b-6d6e-4464-b06b-4ef93c20892c#0:FAIL-t130] and 0 exception(s); 1be30185-a2c0-4461-afc0-2cb02fcff473@group-A8B097DE35CC:t130, leader=null, voted=1be30185-a2c0-4461-afc0-2cb02fcff473, raftlog=1be30185-a2c0-4461-afc0-2cb02fcff473@group-A8B097DE35CC-SegmentedRaftLog:OPENED:c-1,f-1,i0, conf=-1: [e64b81a2-7e97-4a9c-9a90-0d1e8edce3a8:192.168.157.254:40074, d9951c0b-6d6e-4464-b06b-4ef93c20892c:192.168.157.254:43622, 1be30185-a2c0-4461-afc0-2cb02fcff473:192.168.157.254:38008], old=null
2019-10-22 00:08:57,236 [1be30185-a2c0-4461-afc0-2cb02fcff473@group-A8B097DE35CC-LeaderElection581] INFO  impl.RaftServerImpl (RaftServerImpl.java:setRole(184)) - 1be30185-a2c0-4461-afc0-2cb02fcff473@group-A8B097DE35CC: changes role from CANDIDATE to FOLLOWER at term 130 for DISCOVERED_A_NEW_TERM
2019-10-22 00:08:57,236 [1be30185-a2c0-4461-afc0-2cb02fcff473@group-A8B097DE35CC-LeaderElection581] INFO  impl.RoleInfo (RoleInfo.java:shutdownLeaderElection(134)) - 1be30185-a2c0-4461-afc0-2cb02fcff473: shutdown LeaderElection
2019-10-22 00:08:57,236 [1be30185-a2c0-4461-afc0-2cb02fcff473@group-A8B097DE35CC-LeaderElection581] INFO  impl.RoleInfo (RoleInfo.java:updateAndGet(143)) - 1be30185-a2c0-4461-afc0-2cb02fcff473: start FollowerState
2019-10-22 00:08:57,349 [Thread-4969] INFO  impl.FollowerState (FollowerState.java:run(108)) - 1be30185-a2c0-4461-afc0-2cb02fcff473@group-A8B097DE35CC-FollowerState: change to CANDIDATE, lastRpcTime:113ms, electionTimeout:113ms
2019-10-22 00:08:57,349 [Thread-4969] INFO  impl.RoleInfo (RoleInfo.java:shutdownFollowerState(121)) - 1be30185-a2c0-4461-afc0-2cb02fcff473: shutdown FollowerState
2019-10-22 00:08:57,349 [Thread-4969] INFO  impl.RaftServerImpl (RaftServerImpl.java:setRole(184)) - 1be30185-a2c0-4461-afc0-2cb02fcff473@group-A8B097DE35CC: changes role from  FOLLOWER to CANDIDATE at term 130 for changeToCandidate
2019-10-22 00:08:57,349 [Thread-4969] INFO  impl.RoleInfo (RoleInfo.java:updateAndGet(143)) - 1be30185-a2c0-4461-afc0-2cb02fcff473: start LeaderElection
2019-10-22 00:08:57,362 [1be30185-a2c0-4461-afc0-2cb02fcff473@group-A8B097DE35CC-LeaderElection582] INFO  impl.LeaderElection (LeaderElection.java:askForVotes(178)) - 1be30185-a2c0-4461-afc0-2cb02fcff473@group-A8B097DE35CC-LeaderElection582: begin an election at term 131 for -1: [e64b81a2-7e97-4a9c-9a90-0d1e8edce3a8:192.168.157.254:40074, d9951c0b-6d6e-4464-b06b-4ef93c20892c:192.168.157.254:43622, 1be30185-a2c0-4461-afc0-2cb02fcff473:192.168.157.254:38008], old=null
2019-10-22 00:08:57,364 [grpc-default-executor-1] INFO  impl.RaftServerImpl (RaftServerImpl.java:setRole(184)) - e64b81a2-7e97-4a9c-9a90-0d1e8edce3a8@group-A8B097DE35CC: changes role from  FOLLOWER to FOLLOWER at term 131 for recognizeCandidate:1be30185-a2c0-4461-afc0-2cb02fcff473
2019-10-22 00:08:57,364 [grpc-default-executor-1] INFO  impl.RoleInfo (RoleInfo.java:shutdownFollowerState(121)) - e64b81a2-7e97-4a9c-9a90-0d1e8edce3a8: shutdown FollowerState
2019-10-22 00:08:57,364 [grpc-default-executor-1] INFO  impl.RoleInfo (RoleInfo.java:updateAndGet(143)) - e64b81a2-7e97-4a9c-9a90-0d1e8edce3a8: start FollowerState
2019-10-22 00:08:57,364 [grpc-default-executor-8] INFO  impl.RaftServerImpl (RaftServerImpl.java:setRole(184)) - d9951c0b-6d6e-4464-b06b-4ef93c20892c@group-A8B097DE35CC: changes role from  FOLLOWER to FOLLOWER at term 131 for recognizeCandidate:1be30185-a2c0-4461-afc0-2cb02fcff473
2019-10-22 00:08:57,364 [grpc-default-executor-8] INFO  impl.RoleInfo (RoleInfo.java:shutdownFollowerState(121)) - d9951c0b-6d6e-4464-b06b-4ef93c20892c: shutdown FollowerState
2019-10-22 00:08:57,364 [Thread-4968] INFO  impl.FollowerState (FollowerState.java:run(117)) - e64b81a2-7e97-4a9c-9a90-0d1e8edce3a8@group-A8B097DE35CC-FollowerState was interrupted: java.lang.InterruptedException: sleep interrupted
2019-10-22 00:08:57,364 [Thread-4967] INFO  impl.FollowerState (FollowerState.java:run(117)) - d9951c0b-6d6e-4464-b06b-4ef93c20892c@group-A8B097DE35CC-FollowerState was interrupted: java.lang.InterruptedException: sleep interrupted
2019-10-22 00:08:57,364 [grpc-default-executor-8] INFO  impl.RoleInfo (RoleInfo.java:updateAndGet(143)) - d9951c0b-6d6e-4464-b06b-4ef93c20892c: start FollowerState
2019-10-22 00:08:57,378 [1be30185-a2c0-4461-afc0-2cb02fcff473@group-A8B097DE35CC-LeaderElection582] INFO  impl.LeaderElection (LeaderElection.java:logAndReturn(56)) - 1be30185-a2c0-4461-afc0-2cb02fcff473@group-A8B097DE35CC-LeaderElection582: Election REJECTED; received 2 response(s) [1be30185-a2c0-4461-afc0-2cb02fcff473<-e64b81a2-7e97-4a9c-9a90-0d1e8edce3a8#0:FAIL-t131, 1be30185-a2c0-4461-afc0-2cb02fcff473<-d9951c0b-6d6e-4464-b06b-4ef93c20892c#0:FAIL-t131] and 0 exception(s); 1be30185-a2c0-4461-afc0-2cb02fcff473@group-A8B097DE35CC:t131, leader=null, voted=1be30185-a2c0-4461-afc0-2cb02fcff473, raftlog=1be30185-a2c0-4461-afc0-2cb02fcff473@group-A8B097DE35CC-SegmentedRaftLog:OPENED:c-1,f-1,i0, conf=-1: [e64b81a2-7e97-4a9c-9a90-0d1e8edce3a8:192.168.157.254:40074, d9951c0b-6d6e-4464-b06b-4ef93c20892c:192.168.157.254:43622, 1be30185-a2c0-4461-afc0-2cb02fcff473:192.168.157.254:38008], old=null
2019-10-22 00:08:57,378 [1be30185-a2c0-4461-afc0-2cb02fcff473@group-A8B097DE35CC-LeaderElection582] INFO  impl.RaftServerImpl (RaftServerImpl.java:setRole(184)) - 1be30185-a2c0-4461-afc0-2cb02fcff473@group-A8B097DE35CC: changes role from CANDIDATE to FOLLOWER at term 131 for DISCOVERED_A_NEW_TERM
2019-10-22 00:08:57,378 [1be30185-a2c0-4461-afc0-2cb02fcff473@group-A8B097DE35CC-LeaderElection582] INFO  impl.RoleInfo (RoleInfo.java:shutdownLeaderElection(134)) - 1be30185-a2c0-4461-afc0-2cb02fcff473: shutdown LeaderElection
2019-10-22 00:08:57,378 [1be30185-a2c0-4461-afc0-2cb02fcff473@group-A8B097DE35CC-LeaderElection582] INFO  impl.RoleInfo (RoleInfo.java:updateAndGet(143)) - 1be30185-a2c0-4461-afc0-2cb02fcff473: start FollowerState
2019-10-22 00:08:57,479 [Thread-4977] INFO  impl.FollowerState (FollowerState.java:run(108)) - 1be30185-a2c0-4461-afc0-2cb02fcff473@group-A8B097DE35CC-FollowerState: change to CANDIDATE, lastRpcTime:100ms, electionTimeout:100ms
2019-10-22 00:08:57,479 [Thread-4977] INFO  impl.RoleInfo (RoleInfo.java:shutdownFollowerState(121)) - 1be30185-a2c0-4461-afc0-2cb02fcff473: shutdown FollowerState
2019-10-22 00:08:57,479 [Thread-4977] INFO  impl.RaftServerImpl (RaftServerImpl.java:setRole(184)) - 1be30185-a2c0-4461-afc0-2cb02fcff473@group-A8B097DE35CC: changes role from  FOLLOWER to CANDIDATE at term 131 for changeToCandidate
2019-10-22 00:08:57,479 [Thread-4977] INFO  impl.RoleInfo (RoleInfo.java:updateAndGet(143)) - 1be30185-a2c0-4461-afc0-2cb02fcff473: start LeaderElection
2019-10-22 00:08:57,492 [1be30185-a2c0-4461-afc0-2cb02fcff473@group-A8B097DE35CC-LeaderElection583] INFO  impl.LeaderElection (LeaderElection.java:askForVotes(178)) - 1be30185-a2c0-4461-afc0-2cb02fcff473@group-A8B097DE35CC-LeaderElection583: begin an election at term 132 for -1: [e64b81a2-7e97-4a9c-9a90-0d1e8edce3a8:192.168.157.254:40074, d9951c0b-6d6e-4464-b06b-4ef93c20892c:192.168.157.254:43622, 1be30185-a2c0-4461-afc0-2cb02fcff473:192.168.157.254:38008], old=null
2019-10-22 00:08:57,493 [grpc-default-executor-1] INFO  impl.RaftServerImpl (RaftServerImpl.java:setRole(184)) - e64b81a2-7e97-4a9c-9a90-0d1e8edce3a8@group-A8B097DE35CC: changes role from  FOLLOWER to FOLLOWER at term 132 for recognizeCandidate:1be30185-a2c0-4461-afc0-2cb02fcff473
2019-10-22 00:08:57,493 [grpc-default-executor-1] INFO  impl.RoleInfo (RoleInfo.java:shutdownFollowerState(121)) - e64b81a2-7e97-4a9c-9a90-0d1e8edce3a8: shutdown FollowerState
2019-10-22 00:08:57,493 [grpc-default-executor-8] INFO  impl.RaftServerImpl (RaftServerImpl.java:setRole(184)) - d9951c0b-6d6e-4464-b06b-4ef93c20892c@group-A8B097DE35CC: changes role from  FOLLOWER to FOLLOWER at term 132 for recognizeCandidate:1be30185-a2c0-4461-afc0-2cb02fcff473
2019-10-22 00:08:57,493 [grpc-default-executor-8] INFO  impl.RoleInfo (RoleInfo.java:shutdownFollowerState(121)) - d9951c0b-6d6e-4464-b06b-4ef93c20892c: shutdown FollowerState
2019-10-22 00:08:57,493 [Thread-4975] INFO  impl.FollowerState (FollowerState.java:run(117)) - e64b81a2-7e97-4a9c-9a90-0d1e8edce3a8@group-A8B097DE35CC-FollowerState was interrupted: java.lang.InterruptedException: sleep interrupted
2019-10-22 00:08:57,493 [grpc-default-executor-1] INFO  impl.RoleInfo (RoleInfo.java:updateAndGet(143)) - e64b81a2-7e97-4a9c-9a90-0d1e8edce3a8: start FollowerState
2019-10-22 00:08:57,493 [Thread-4976] INFO  impl.FollowerState (FollowerState.java:run(117)) - d9951c0b-6d6e-4464-b06b-4ef93c20892c@group-A8B097DE35CC-FollowerState was interrupted: java.lang.InterruptedException: sleep interrupted
2019-10-22 00:08:57,493 [grpc-default-executor-8] INFO  impl.RoleInfo (RoleInfo.java:updateAndGet(143)) - d9951c0b-6d6e-4464-b06b-4ef93c20892c: start FollowerState
2019-10-22 00:08:57,507 [1be30185-a2c0-4461-afc0-2cb02fcff473@group-A8B097DE35CC-LeaderElection583] INFO  impl.LeaderElection (LeaderElection.java:logAndReturn(56)) - 1be30185-a2c0-4461-afc0-2cb02fcff473@group-A8B097DE35CC-LeaderElection583: Election REJECTED; received 2 response(s) [1be30185-a2c0-4461-afc0-2cb02fcff473<-e64b81a2-7e97-4a9c-9a90-0d1e8edce3a8#0:FAIL-t132, 1be30185-a2c0-4461-afc0-2cb02fcff473<-d9951c0b-6d6e-4464-b06b-4ef93c20892c#0:FAIL-t132] and 0 exception(s); 1be30185-a2c0-4461-afc0-2cb02fcff473@group-A8B097DE35CC:t132, leader=null, voted=1be30185-a2c0-4461-afc0-2cb02fcff473, raftlog=1be30185-a2c0-4461-afc0-2cb02fcff473@group-A8B097DE35CC-SegmentedRaftLog:OPENED:c-1,f-1,i0, conf=-1: [e64b81a2-7e97-4a9c-9a90-0d1e8edce3a8:192.168.157.254:40074, d9951c0b-6d6e-4464-b06b-4ef93c20892c:192.168.157.254:43622, 1be30185-a2c0-4461-afc0-2cb02fcff473:192.168.157.254:38008], old=null
2019-10-22 00:08:57,507 [1be30185-a2c0-4461-afc0-2cb02fcff473@group-A8B097DE35CC-LeaderElection583] INFO  impl.RaftServerImpl (RaftServerImpl.java:setRole(184)) - 1be30185-a2c0-4461-afc0-2cb02fcff473@group-A8B097DE35CC: changes role from CANDIDATE to FOLLOWER at term 132 for DISCOVERED_A_NEW_TERM
2019-10-22 00:08:57,507 [1be30185-a2c0-4461-afc0-2cb02fcff473@group-A8B097DE35CC-LeaderElection583] INFO  impl.RoleInfo (RoleInfo.java:shutdownLeaderElection(134)) - 1be30185-a2c0-4461-afc0-2cb02fcff473: shutdown LeaderElection
2019-10-22 00:08:57,507 [1be30185-a2c0-4461-afc0-2cb02fcff473@group-A8B097DE35CC-LeaderElection583] INFO  impl.RoleInfo (RoleInfo.java:updateAndGet(143)) - 1be30185-a2c0-4461-afc0-2cb02fcff473: start FollowerState
2019-10-22 00:08:57,663 [Thread-4985] INFO  impl.FollowerState (FollowerState.java:run(108)) - 1be30185-a2c0-4461-afc0-2cb02fcff473@group-A8B097DE35CC-FollowerState: change to CANDIDATE, lastRpcTime:155ms, electionTimeout:155ms
2019-10-22 00:08:57,663 [Thread-4985] INFO  impl.RoleInfo (RoleInfo.java:shutdownFollowerState(121)) - 1be30185-a2c0-4461-afc0-2cb02fcff473: shutdown FollowerState
2019-10-22 00:08:57,663 [Thread-4985] INFO  impl.RaftServerImpl (RaftServerImpl.java:setRole(184)) - 1be30185-a2c0-4461-afc0-2cb02fcff473@group-A8B097DE35CC: changes role from  FOLLOWER to CANDIDATE at term 132 for changeToCandidate
2019-10-22 00:08:57,663 [Thread-4985] INFO  impl.RoleInfo (RoleInfo.java:updateAndGet(143)) - 1be30185-a2c0-4461-afc0-2cb02fcff473: start LeaderElection
2019-10-22 00:08:57,678 [1be30185-a2c0-4461-afc0-2cb02fcff473@group-A8B097DE35CC-LeaderElection584] INFO  impl.LeaderElection (LeaderElection.java:askForVotes(178)) - 1be30185-a2c0-4461-afc0-2cb02fcff473@group-A8B097DE35CC-LeaderElection584: begin an election at term 133 for -1: [e64b81a2-7e97-4a9c-9a90-0d1e8edce3a8:192.168.157.254:40074, d9951c0b-6d6e-4464-b06b-4ef93c20892c:192.168.157.254:43622, 1be30185-a2c0-4461-afc0-2cb02fcff473:192.168.157.254:38008], old=null
2019-10-22 00:08:57,679 [grpc-default-executor-8] INFO  impl.RaftServerImpl (RaftServerImpl.java:setRole(184)) - e64b81a2-7e97-4a9c-9a90-0d1e8edce3a8@group-A8B097DE35CC: changes role from  FOLLOWER to FOLLOWER at term 133 for recognizeCandidate:1be30185-a2c0-4461-afc0-2cb02fcff473
2019-10-22 00:08:57,679 [grpc-default-executor-5] INFO  impl.RaftServerImpl (RaftServerImpl.java:setRole(184)) - d9951c0b-6d6e-4464-b06b-4ef93c20892c@group-A8B097DE35CC: changes role from  FOLLOWER to FOLLOWER at term 133 for recognizeCandidate:1be30185-a2c0-4461-afc0-2cb02fcff473
2019-10-22 00:08:57,679 [grpc-default-executor-8] INFO  impl.RoleInfo (RoleInfo.java:shutdownFollowerState(121)) - e64b81a2-7e97-4a9c-9a90-0d1e8edce3a8: shutdown FollowerState
2019-10-22 00:08:57,679 [grpc-default-executor-5] INFO  impl.RoleInfo (RoleInfo.java:shutdownFollowerState(121)) - d9951c0b-6d6e-4464-b06b-4ef93c20892c: shutdown FollowerState
2019-10-22 00:08:57,679 [Thread-4983] INFO  impl.FollowerState (FollowerState.java:run(117)) - e64b81a2-7e97-4a9c-9a90-0d1e8edce3a8@group-A8B097DE35CC-FollowerState was interrupted: java.lang.InterruptedException: sleep interrupted
2019-10-22 00:08:57,679 [Thread-4984] INFO  impl.FollowerState (FollowerState.java:run(117)) - d9951c0b-6d6e-4464-b06b-4ef93c20892c@group-A8B097DE35CC-FollowerState was interrupted: java.lang.InterruptedException: sleep interrupted
2019-10-22 00:08:57,679 [grpc-default-executor-8] INFO  impl.RoleInfo (RoleInfo.java:updateAndGet(143)) - e64b81a2-7e97-4a9c-9a90-0d1e8edce3a8: start FollowerState
2019-10-22 00:08:57,679 [grpc-default-executor-5] INFO  impl.RoleInfo (RoleInfo.java:updateAndGet(143)) - d9951c0b-6d6e-4464-b06b-4ef93c20892c: start FollowerState
2019-10-22 00:08:57,694 [1be30185-a2c0-4461-afc0-2cb02fcff473@group-A8B097DE35CC-LeaderElection584] INFO  impl.LeaderElection (LeaderElection.java:logAndReturn(56)) - 1be30185-a2c0-4461-afc0-2cb02fcff473@group-A8B097DE35CC-LeaderElection584: Election REJECTED; received 2 response(s) [1be30185-a2c0-4461-afc0-2cb02fcff473<-e64b81a2-7e97-4a9c-9a90-0d1e8edce3a8#0:FAIL-t133, 1be30185-a2c0-4461-afc0-2cb02fcff473<-d9951c0b-6d6e-4464-b06b-4ef93c20892c#0:FAIL-t133] and 0 exception(s); 1be30185-a2c0-4461-afc0-2cb02fcff473@group-A8B097DE35CC:t133, leader=null, voted=1be30185-a2c0-4461-afc0-2cb02fcff473, raftlog=1be30185-a2c0-4461-afc0-2cb02fcff473@group-A8B097DE35CC-SegmentedRaftLog:OPENED:c-1,f-1,i0, conf=-1: [e64b81a2-7e97-4a9c-9a90-0d1e8edce3a8:192.168.157.254:40074, d9951c0b-6d6e-4464-b06b-4ef93c20892c:192.168.157.254:43622, 1be30185-a2c0-4461-afc0-2cb02fcff473:192.168.157.254:38008], old=null
2019-10-22 00:08:57,694 [1be30185-a2c0-4461-afc0-2cb02fcff473@group-A8B097DE35CC-LeaderElection584] INFO  impl.RaftServerImpl (RaftServerImpl.java:setRole(184)) - 1be30185-a2c0-4461-afc0-2cb02fcff473@group-A8B097DE35CC: changes role from CANDIDATE to FOLLOWER at term 133 for DISCOVERED_A_NEW_TERM
2019-10-22 00:08:57,694 [1be30185-a2c0-4461-afc0-2cb02fcff473@group-A8B097DE35CC-LeaderElection584] INFO  impl.RoleInfo (RoleInfo.java:shutdownLeaderElection(134)) - 1be30185-a2c0-4461-afc0-2cb02fcff473: shutdown LeaderElection
2019-10-22 00:08:57,694 [1be30185-a2c0-4461-afc0-2cb02fcff473@group-A8B097DE35CC-LeaderElection584] INFO  impl.RoleInfo (RoleInfo.java:updateAndGet(143)) - 1be30185-a2c0-4461-afc0-2cb02fcff473: start FollowerState
2019-10-22 00:08:57,792 [Thread-4991] INFO  impl.FollowerState (FollowerState.java:run(108)) - 1be30185-a2c0-4461-afc0-2cb02fcff473@group-A8B097DE35CC-FollowerState: change to CANDIDATE, lastRpcTime:98ms, electionTimeout:98ms
2019-10-22 00:08:57,792 [Thread-4991] INFO  impl.RoleInfo (RoleInfo.java:shutdownFollowerState(121)) - 1be30185-a2c0-4461-afc0-2cb02fcff473: shutdown FollowerState
2019-10-22 00:08:57,792 [Thread-4991] INFO  impl.RaftServerImpl (RaftServerImpl.java:setRole(184)) - 1be30185-a2c0-4461-afc0-2cb02fcff473@group-A8B097DE35CC: changes role from  FOLLOWER to CANDIDATE at term 133 for changeToCandidate
2019-10-22 00:08:57,792 [Thread-4991] INFO  impl.RoleInfo (RoleInfo.java:updateAndGet(143)) - 1be30185-a2c0-4461-afc0-2cb02fcff473: start LeaderElection
2019-10-22 00:08:57,805 [1be30185-a2c0-4461-afc0-2cb02fcff473@group-A8B097DE35CC-LeaderElection585] INFO  impl.LeaderElection (LeaderElection.java:askForVotes(178)) - 1be30185-a2c0-4461-afc0-2cb02fcff473@group-A8B097DE35CC-LeaderElection585: begin an election at term 134 for -1: [e64b81a2-7e97-4a9c-9a90-0d1e8edce3a8:192.168.157.254:40074, d9951c0b-6d6e-4464-b06b-4ef93c20892c:192.168.157.254:43622, 1be30185-a2c0-4461-afc0-2cb02fcff473:192.168.157.254:38008], old=null
2019-10-22 00:08:57,807 [grpc-default-executor-8] INFO  impl.RaftServerImpl (RaftServerImpl.java:setRole(184)) - e64b81a2-7e97-4a9c-9a90-0d1e8edce3a8@group-A8B097DE35CC: changes role from  FOLLOWER to FOLLOWER at term 134 for recognizeCandidate:1be30185-a2c0-4461-afc0-2cb02fcff473
2019-10-22 00:08:57,807 [grpc-default-executor-8] INFO  impl.RoleInfo (RoleInfo.java:shutdownFollowerState(121)) - e64b81a2-7e97-4a9c-9a90-0d1e8edce3a8: shutdown FollowerState
2019-10-22 00:08:57,807 [grpc-default-executor-5] INFO  impl.RaftServerImpl (RaftServerImpl.java:setRole(184)) - d9951c0b-6d6e-4464-b06b-4ef93c20892c@group-A8B097DE35CC: changes role from  FOLLOWER to FOLLOWER at term 134 for recognizeCandidate:1be30185-a2c0-4461-afc0-2cb02fcff473
2019-10-22 00:08:57,807 [grpc-default-executor-5] INFO  impl.RoleInfo (RoleInfo.java:shutdownFollowerState(121)) - d9951c0b-6d6e-4464-b06b-4ef93c20892c: shutdown FollowerState
2019-10-22 00:08:57,807 [Thread-4989] INFO  impl.FollowerState (FollowerState.java:run(117)) - e64b81a2-7e97-4a9c-9a90-0d1e8edce3a8@group-A8B097DE35CC-FollowerState was interrupted: java.lang.InterruptedException: sleep interrupted
2019-10-22 00:08:57,807 [grpc-default-executor-8] INFO  impl.RoleInfo (RoleInfo.java:updateAndGet(143)) - e64b81a2-7e97-4a9c-9a90-0d1e8edce3a8: start FollowerState
2019-10-22 00:08:57,807 [Thread-4990] INFO  impl.FollowerState (FollowerState.java:run(117)) - d9951c0b-6d6e-4464-b06b-4ef93c20892c@group-A8B097DE35CC-FollowerState was interrupted: java.lang.InterruptedException: sleep interrupted
2019-10-22 00:08:57,807 [grpc-default-executor-5] INFO  impl.RoleInfo (RoleInfo.java:updateAndGet(143)) - d9951c0b-6d6e-4464-b06b-4ef93c20892c: start FollowerState
2019-10-22 00:08:57,822 [1be30185-a2c0-4461-afc0-2cb02fcff473@group-A8B097DE35CC-LeaderElection585] INFO  impl.LeaderElection (LeaderElection.java:logAndReturn(56)) - 1be30185-a2c0-4461-afc0-2cb02fcff473@group-A8B097DE35CC-LeaderElection585: Election REJECTED; received 2 response(s) [1be30185-a2c0-4461-afc0-2cb02fcff473<-e64b81a2-7e97-4a9c-9a90-0d1e8edce3a8#0:FAIL-t134, 1be30185-a2c0-4461-afc0-2cb02fcff473<-d9951c0b-6d6e-4464-b06b-4ef93c20892c#0:FAIL-t134] and 0 exception(s); 1be30185-a2c0-4461-afc0-2cb02fcff473@group-A8B097DE35CC:t134, leader=null, voted=1be30185-a2c0-4461-afc0-2cb02fcff473, raftlog=1be30185-a2c0-4461-afc0-2cb02fcff473@group-A8B097DE35CC-SegmentedRaftLog:OPENED:c-1,f-1,i0, conf=-1: [e64b81a2-7e97-4a9c-9a90-0d1e8edce3a8:192.168.157.254:40074, d9951c0b-6d6e-4464-b06b-4ef93c20892c:192.168.157.254:43622, 1be30185-a2c0-4461-afc0-2cb02fcff473:192.168.157.254:38008], old=null
2019-10-22 00:08:57,822 [1be30185-a2c0-4461-afc0-2cb02fcff473@group-A8B097DE35CC-LeaderElection585] INFO  impl.RaftServerImpl (RaftServerImpl.java:setRole(184)) - 1be30185-a2c0-4461-afc0-2cb02fcff473@group-A8B097DE35CC: changes role from CANDIDATE to FOLLOWER at term 134 for DISCOVERED_A_NEW_TERM
2019-10-22 00:08:57,822 [1be30185-a2c0-4461-afc0-2cb02fcff473@group-A8B097DE35CC-LeaderElection585] INFO  impl.RoleInfo (RoleInfo.java:shutdownLeaderElection(134)) - 1be30185-a2c0-4461-afc0-2cb02fcff473: shutdown LeaderElection
2019-10-22 00:08:57,822 [1be30185-a2c0-4461-afc0-2cb02fcff473@group-A8B097DE35CC-LeaderElection585] INFO  impl.RoleInfo (RoleInfo.java:updateAndGet(143)) - 1be30185-a2c0-4461-afc0-2cb02fcff473: start FollowerState
2019-10-22 00:08:57,847 [Thread-4997] INFO  impl.FollowerState (FollowerState.java:run(108)) - 1be30185-a2c0-4461-afc0-2cb02fcff473@group-A8B097DE35CC-FollowerState: change to CANDIDATE, lastRpcTime:25ms, electionTimeout:25ms
2019-10-22 00:08:57,847 [Thread-4997] INFO  impl.RoleInfo (RoleInfo.java:shutdownFollowerState(121)) - 1be30185-a2c0-4461-afc0-2cb02fcff473: shutdown FollowerState
2019-10-22 00:08:57,848 [Thread-4997] INFO  impl.RaftServerImpl (RaftServerImpl.java:setRole(184)) - 1be30185-a2c0-4461-afc0-2cb02fcff473@group-A8B097DE35CC: changes role from  FOLLOWER to CANDIDATE at term 134 for changeToCandidate
2019-10-22 00:08:57,848 [Thread-4997] INFO  impl.RoleInfo (RoleInfo.java:updateAndGet(143)) - 1be30185-a2c0-4461-afc0-2cb02fcff473: start LeaderElection
2019-10-22 00:08:57,861 [1be30185-a2c0-4461-afc0-2cb02fcff473@group-A8B097DE35CC-LeaderElection586] INFO  impl.LeaderElection (LeaderElection.java:askForVotes(178)) - 1be30185-a2c0-4461-afc0-2cb02fcff473@group-A8B097DE35CC-LeaderElection586: begin an election at term 135 for -1: [e64b81a2-7e97-4a9c-9a90-0d1e8edce3a8:192.168.157.254:40074, d9951c0b-6d6e-4464-b06b-4ef93c20892c:192.168.157.254:43622, 1be30185-a2c0-4461-afc0-2cb02fcff473:192.168.157.254:38008], old=null
2019-10-22 00:08:57,862 [grpc-default-executor-5] INFO  impl.RaftServerImpl (RaftServerImpl.java:setRole(184)) - e64b81a2-7e97-4a9c-9a90-0d1e8edce3a8@group-A8B097DE35CC: changes role from  FOLLOWER to FOLLOWER at term 135 for recognizeCandidate:1be30185-a2c0-4461-afc0-2cb02fcff473
2019-10-22 00:08:57,862 [grpc-default-executor-5] INFO  impl.RoleInfo (RoleInfo.java:shutdownFollowerState(121)) - e64b81a2-7e97-4a9c-9a90-0d1e8edce3a8: shutdown FollowerState
2019-10-22 00:08:57,862 [grpc-default-executor-5] INFO  impl.RoleInfo (RoleInfo.java:updateAndGet(143)) - e64b81a2-7e97-4a9c-9a90-0d1e8edce3a8: start FollowerState
2019-10-22 00:08:57,862 [grpc-default-executor-8] INFO  impl.RaftServerImpl (RaftServerImpl.java:setRole(184)) - d9951c0b-6d6e-4464-b06b-4ef93c20892c@group-A8B097DE35CC: changes role from  FOLLOWER to FOLLOWER at term 135 for recognizeCandidate:1be30185-a2c0-4461-afc0-2cb02fcff473
2019-10-22 00:08:57,862 [grpc-default-executor-8] INFO  impl.RoleInfo (RoleInfo.java:shutdownFollowerState(121)) - d9951c0b-6d6e-4464-b06b-4ef93c20892c: shutdown FollowerState
2019-10-22 00:08:57,862 [Thread-4995] INFO  impl.FollowerState (FollowerState.java:run(117)) - e64b81a2-7e97-4a9c-9a90-0d1e8edce3a8@group-A8B097DE35CC-FollowerState was interrupted: java.lang.InterruptedException: sleep interrupted
2019-10-22 00:08:57,862 [Thread-4996] INFO  impl.FollowerState (FollowerState.java:run(117)) - d9951c0b-6d6e-4464-b06b-4ef93c20892c@group-A8B097DE35CC-FollowerState was interrupted: java.lang.InterruptedException: sleep interrupted
2019-10-22 00:08:57,862 [grpc-default-executor-8] INFO  impl.RoleInfo (RoleInfo.java:updateAndGet(143)) - d9951c0b-6d6e-4464-b06b-4ef93c20892c: start FollowerState
2019-10-22 00:08:57,876 [1be30185-a2c0-4461-afc0-2cb02fcff473@group-A8B097DE35CC-LeaderElection586] INFO  impl.LeaderElection (LeaderElection.java:logAndReturn(56)) - 1be30185-a2c0-4461-afc0-2cb02fcff473@group-A8B097DE35CC-LeaderElection586: Election REJECTED; received 2 response(s) [1be30185-a2c0-4461-afc0-2cb02fcff473<-e64b81a2-7e97-4a9c-9a90-0d1e8edce3a8#0:FAIL-t135, 1be30185-a2c0-4461-afc0-2cb02fcff473<-d9951c0b-6d6e-4464-b06b-4ef93c20892c#0:FAIL-t135] and 0 exception(s); 1be30185-a2c0-4461-afc0-2cb02fcff473@group-A8B097DE35CC:t135, leader=null, voted=1be30185-a2c0-4461-afc0-2cb02fcff473, raftlog=1be30185-a2c0-4461-afc0-2cb02fcff473@group-A8B097DE35CC-SegmentedRaftLog:OPENED:c-1,f-1,i0, conf=-1: [e64b81a2-7e97-4a9c-9a90-0d1e8edce3a8:192.168.157.254:40074, d9951c0b-6d6e-4464-b06b-4ef93c20892c:192.168.157.254:43622, 1be30185-a2c0-4461-afc0-2cb02fcff473:192.168.157.254:38008], old=null
2019-10-22 00:08:57,876 [1be30185-a2c0-4461-afc0-2cb02fcff473@group-A8B097DE35CC-LeaderElection586] INFO  impl.RaftServerImpl (RaftServerImpl.java:setRole(184)) - 1be30185-a2c0-4461-afc0-2cb02fcff473@group-A8B097DE35CC: changes role from CANDIDATE to FOLLOWER at term 135 for DISCOVERED_A_NEW_TERM
2019-10-22 00:08:57,876 [1be30185-a2c0-4461-afc0-2cb02fcff473@group-A8B097DE35CC-LeaderElection586] INFO  impl.RoleInfo (RoleInfo.java:shutdownLeaderElection(134)) - 1be30185-a2c0-4461-afc0-2cb02fcff473: shutdown LeaderElection
2019-10-22 00:08:57,876 [1be30185-a2c0-4461-afc0-2cb02fcff473@group-A8B097DE35CC-LeaderElection586] INFO  impl.RoleInfo (RoleInfo.java:updateAndGet(143)) - 1be30185-a2c0-4461-afc0-2cb02fcff473: start FollowerState
2019-10-22 00:08:57,886 [Thread-5005] INFO  impl.FollowerState (FollowerState.java:run(108)) - 1be30185-a2c0-4461-afc0-2cb02fcff473@group-A8B097DE35CC-FollowerState: change to CANDIDATE, lastRpcTime:9ms, electionTimeout:9ms
2019-10-22 00:08:57,886 [Thread-5005] INFO  impl.RoleInfo (RoleInfo.java:shutdownFollowerState(121)) - 1be30185-a2c0-4461-afc0-2cb02fcff473: shutdown FollowerState
2019-10-22 00:08:57,886 [Thread-5005] INFO  impl.RaftServerImpl (RaftServerImpl.java:setRole(184)) - 1be30185-a2c0-4461-afc0-2cb02fcff473@group-A8B097DE35CC: changes role from  FOLLOWER to CANDIDATE at term 135 for changeToCandidate
2019-10-22 00:08:57,886 [Thread-5005] INFO  impl.RoleInfo (RoleInfo.java:updateAndGet(143)) - 1be30185-a2c0-4461-afc0-2cb02fcff473: start LeaderElection
2019-10-22 00:08:57,899 [1be30185-a2c0-4461-afc0-2cb02fcff473@group-A8B097DE35CC-LeaderElection587] INFO  impl.LeaderElection (LeaderElection.java:askForVotes(178)) - 1be30185-a2c0-4461-afc0-2cb02fcff473@group-A8B097DE35CC-LeaderElection587: begin an election at term 136 for -1: [e64b81a2-7e97-4a9c-9a90-0d1e8edce3a8:192.168.157.254:40074, d9951c0b-6d6e-4464-b06b-4ef93c20892c:192.168.157.254:43622, 1be30185-a2c0-4461-afc0-2cb02fcff473:192.168.157.254:38008], old=null
2019-10-22 00:08:57,900 [grpc-default-executor-8] INFO  impl.RaftServerImpl (RaftServerImpl.java:setRole(184)) - e64b81a2-7e97-4a9c-9a90-0d1e8edce3a8@group-A8B097DE35CC: changes role from  FOLLOWER to FOLLOWER at term 136 for recognizeCandidate:1be30185-a2c0-4461-afc0-2cb02fcff473
2019-10-22 00:08:57,900 [grpc-default-executor-5] INFO  impl.RaftServerImpl (RaftServerImpl.java:setRole(184)) - d9951c0b-6d6e-4464-b06b-4ef93c20892c@group-A8B097DE35CC: changes role from  FOLLOWER to FOLLOWER at term 136 for recognizeCandidate:1be30185-a2c0-4461-afc0-2cb02fcff473
2019-10-22 00:08:57,900 [grpc-default-executor-5] INFO  impl.RoleInfo (RoleInfo.java:shutdownFollowerState(121)) - d9951c0b-6d6e-4464-b06b-4ef93c20892c: shutdown FollowerState
2019-10-22 00:08:57,900 [grpc-default-executor-8] INFO  impl.RoleInfo (RoleInfo.java:shutdownFollowerState(121)) - e64b81a2-7e97-4a9c-9a90-0d1e8edce3a8: shutdown FollowerState
2019-10-22 00:08:57,900 [grpc-default-executor-5] INFO  impl.RoleInfo (RoleInfo.java:updateAndGet(143)) - d9951c0b-6d6e-4464-b06b-4ef93c20892c: start FollowerState
2019-10-22 00:08:57,900 [Thread-5004] INFO  impl.FollowerState (FollowerState.java:run(117)) - d9951c0b-6d6e-4464-b06b-4ef93c20892c@group-A8B097DE35CC-FollowerState was interrupted: java.lang.InterruptedException: sleep interrupted
2019-10-22 00:08:57,900 [grpc-default-executor-8] INFO  impl.RoleInfo (RoleInfo.java:updateAndGet(143)) - e64b81a2-7e97-4a9c-9a90-0d1e8edce3a8: start FollowerState
2019-10-22 00:08:57,900 [Thread-5003] INFO  impl.FollowerState (FollowerState.java:run(117)) - e64b81a2-7e97-4a9c-9a90-0d1e8edce3a8@group-A8B097DE35CC-FollowerState was interrupted: java.lang.InterruptedException: sleep interrupted
2019-10-22 00:08:57,918 [1be30185-a2c0-4461-afc0-2cb02fcff473@group-A8B097DE35CC-LeaderElection587] INFO  impl.LeaderElection (LeaderElection.java:logAndReturn(56)) - 1be30185-a2c0-4461-afc0-2cb02fcff473@group-A8B097DE35CC-LeaderElection587: Election REJECTED; received 2 response(s) [1be30185-a2c0-4461-afc0-2cb02fcff473<-e64b81a2-7e97-4a9c-9a90-0d1e8edce3a8#0:FAIL-t136, 1be30185-a2c0-4461-afc0-2cb02fcff473<-d9951c0b-6d6e-4464-b06b-4ef93c20892c#0:FAIL-t136] and 0 exception(s); 1be30185-a2c0-4461-afc0-2cb02fcff473@group-A8B097DE35CC:t136, leader=null, voted=1be30185-a2c0-4461-afc0-2cb02fcff473, raftlog=1be30185-a2c0-4461-afc0-2cb02fcff473@group-A8B097DE35CC-SegmentedRaftLog:OPENED:c-1,f-1,i0, conf=-1: [e64b81a2-7e97-4a9c-9a90-0d1e8edce3a8:192.168.157.254:40074, d9951c0b-6d6e-4464-b06b-4ef93c20892c:192.168.157.254:43622, 1be30185-a2c0-4461-afc0-2cb02fcff473:192.168.157.254:38008], old=null
2019-10-22 00:08:57,918 [1be30185-a2c0-4461-afc0-2cb02fcff473@group-A8B097DE35CC-LeaderElection587] INFO  impl.RaftServerImpl (RaftServerImpl.java:setRole(184)) - 1be30185-a2c0-4461-afc0-2cb02fcff473@group-A8B097DE35CC: changes role from CANDIDATE to FOLLOWER at term 136 for DISCOVERED_A_NEW_TERM
2019-10-22 00:08:57,918 [1be30185-a2c0-4461-afc0-2cb02fcff473@group-A8B097DE35CC-LeaderElection587] INFO  impl.RoleInfo (RoleInfo.java:shutdownLeaderElection(134)) - 1be30185-a2c0-4461-afc0-2cb02fcff473: shutdown LeaderElection
2019-10-22 00:08:57,918 [1be30185-a2c0-4461-afc0-2cb02fcff473@group-A8B097DE35CC-LeaderElection587] INFO  impl.RoleInfo (RoleInfo.java:updateAndGet(143)) - 1be30185-a2c0-4461-afc0-2cb02fcff473: start FollowerState
2019-10-22 00:08:57,954 [Thread-5011] INFO  impl.FollowerState (FollowerState.java:run(108)) - 1be30185-a2c0-4461-afc0-2cb02fcff473@group-A8B097DE35CC-FollowerState: change to CANDIDATE, lastRpcTime:36ms, electionTimeout:36ms
2019-10-22 00:08:57,954 [Thread-5011] INFO  impl.RoleInfo (RoleInfo.java:shutdownFollowerState(121)) - 1be30185-a2c0-4461-afc0-2cb02fcff473: shutdown FollowerState
2019-10-22 00:08:57,954 [Thread-5011] INFO  impl.RaftServerImpl (RaftServerImpl.java:setRole(184)) - 1be30185-a2c0-4461-afc0-2cb02fcff473@group-A8B097DE35CC: changes role from  FOLLOWER to CANDIDATE at term 136 for changeToCandidate
2019-10-22 00:08:57,954 [Thread-5011] INFO  impl.RoleInfo (RoleInfo.java:updateAndGet(143)) - 1be30185-a2c0-4461-afc0-2cb02fcff473: start LeaderElection
2019-10-22 00:08:57,967 [1be30185-a2c0-4461-afc0-2cb02fcff473@group-A8B097DE35CC-LeaderElection588] INFO  impl.LeaderElection (LeaderElection.java:askForVotes(178)) - 1be30185-a2c0-4461-afc0-2cb02fcff473@group-A8B097DE35CC-LeaderElection588: begin an election at term 137 for -1: [e64b81a2-7e97-4a9c-9a90-0d1e8edce3a8:192.168.157.254:40074, d9951c0b-6d6e-4464-b06b-4ef93c20892c:192.168.157.254:43622, 1be30185-a2c0-4461-afc0-2cb02fcff473:192.168.157.254:38008], old=null
2019-10-22 00:08:57,968 [grpc-default-executor-8] INFO  impl.RaftServerImpl (RaftServerImpl.java:setRole(184)) - e64b81a2-7e97-4a9c-9a90-0d1e8edce3a8@group-A8B097DE35CC: changes role from  FOLLOWER to FOLLOWER at term 137 for recognizeCandidate:1be30185-a2c0-4461-afc0-2cb02fcff473
2019-10-22 00:08:57,968 [grpc-default-executor-8] INFO  impl.RoleInfo (RoleInfo.java:shutdownFollowerState(121)) - e64b81a2-7e97-4a9c-9a90-0d1e8edce3a8: shutdown FollowerState
2019-10-22 00:08:57,968 [grpc-default-executor-5] INFO  impl.RaftServerImpl (RaftServerImpl.java:setRole(184)) - d9951c0b-6d6e-4464-b06b-4ef93c20892c@group-A8B097DE35CC: changes role from  FOLLOWER to FOLLOWER at term 137 for recognizeCandidate:1be30185-a2c0-4461-afc0-2cb02fcff473
2019-10-22 00:08:57,968 [Thread-5010] INFO  impl.FollowerState (FollowerState.java:run(117)) - e64b81a2-7e97-4a9c-9a90-0d1e8edce3a8@group-A8B097DE35CC-FollowerState was interrupted: java.lang.InterruptedException: sleep interrupted
2019-10-22 00:08:57,968 [grpc-default-executor-8] INFO  impl.RoleInfo (RoleInfo.java:updateAndGet(143)) - e64b81a2-7e97-4a9c-9a90-0d1e8edce3a8: start FollowerState
2019-10-22 00:08:57,968 [grpc-default-executor-5] INFO  impl.RoleInfo (RoleInfo.java:shutdownFollowerState(121)) - d9951c0b-6d6e-4464-b06b-4ef93c20892c: shutdown FollowerState
2019-10-22 00:08:57,969 [grpc-default-executor-5] INFO  impl.RoleInfo (RoleInfo.java:updateAndGet(143)) - d9951c0b-6d6e-4464-b06b-4ef93c20892c: start FollowerState
2019-10-22 00:08:57,969 [Thread-5009] INFO  impl.FollowerState (FollowerState.java:run(117)) - d9951c0b-6d6e-4464-b06b-4ef93c20892c@group-A8B097DE35CC-FollowerState was interrupted: java.lang.InterruptedException: sleep interrupted
2019-10-22 00:08:57,982 [1be30185-a2c0-4461-afc0-2cb02fcff473@group-A8B097DE35CC-LeaderElection588] INFO  impl.LeaderElection (LeaderElection.java:logAndReturn(56)) - 1be30185-a2c0-4461-afc0-2cb02fcff473@group-A8B097DE35CC-LeaderElection588: Election REJECTED; received 2 response(s) [1be30185-a2c0-4461-afc0-2cb02fcff473<-e64b81a2-7e97-4a9c-9a90-0d1e8edce3a8#0:FAIL-t137, 1be30185-a2c0-4461-afc0-2cb02fcff473<-d9951c0b-6d6e-4464-b06b-4ef93c20892c#0:FAIL-t137] and 0 exception(s); 1be30185-a2c0-4461-afc0-2cb02fcff473@group-A8B097DE35CC:t137, leader=null, voted=1be30185-a2c0-4461-afc0-2cb02fcff473, raftlog=1be30185-a2c0-4461-afc0-2cb02fcff473@group-A8B097DE35CC-SegmentedRaftLog:OPENED:c-1,f-1,i0, conf=-1: [e64b81a2-7e97-4a9c-9a90-0d1e8edce3a8:192.168.157.254:40074, d9951c0b-6d6e-4464-b06b-4ef93c20892c:192.168.157.254:43622, 1be30185-a2c0-4461-afc0-2cb02fcff473:192.168.157.254:38008], old=null
2019-10-22 00:08:57,982 [1be30185-a2c0-4461-afc0-2cb02fcff473@group-A8B097DE35CC-LeaderElection588] INFO  impl.RaftServerImpl (RaftServerImpl.java:setRole(184)) - 1be30185-a2c0-4461-afc0-2cb02fcff473@group-A8B097DE35CC: changes role from CANDIDATE to FOLLOWER at term 137 for DISCOVERED_A_NEW_TERM
2019-10-22 00:08:57,982 [1be30185-a2c0-4461-afc0-2cb02fcff473@group-A8B097DE35CC-LeaderElection588] INFO  impl.RoleInfo (RoleInfo.java:shutdownLeaderElection(134)) - 1be30185-a2c0-4461-afc0-2cb02fcff473: shutdown LeaderElection
2019-10-22 00:08:57,982 [1be30185-a2c0-4461-afc0-2cb02fcff473@group-A8B097DE35CC-LeaderElection588] INFO  impl.RoleInfo (RoleInfo.java:updateAndGet(143)) - 1be30185-a2c0-4461-afc0-2cb02fcff473: start FollowerState
2019-10-22 00:08:58,096 [Thread-5019] INFO  impl.FollowerState (FollowerState.java:run(108)) - 1be30185-a2c0-4461-afc0-2cb02fcff473@group-A8B097DE35CC-FollowerState: change to CANDIDATE, lastRpcTime:114ms, electionTimeout:114ms
2019-10-22 00:08:58,096 [Thread-5019] INFO  impl.RoleInfo (RoleInfo.java:shutdownFollowerState(121)) - 1be30185-a2c0-4461-afc0-2cb02fcff473: shutdown FollowerState
2019-10-22 00:08:58,096 [Thread-5019] INFO  impl.RaftServerImpl (RaftServerImpl.java:setRole(184)) - 1be30185-a2c0-4461-afc0-2cb02fcff473@group-A8B097DE35CC: changes role from  FOLLOWER to CANDIDATE at term 137 for changeToCandidate
2019-10-22 00:08:58,096 [Thread-5019] INFO  impl.RoleInfo (RoleInfo.java:updateAndGet(143)) - 1be30185-a2c0-4461-afc0-2cb02fcff473: start LeaderElection
2019-10-22 00:08:58,110 [1be30185-a2c0-4461-afc0-2cb02fcff473@group-A8B097DE35CC-LeaderElection589] INFO  impl.LeaderElection (LeaderElection.java:askForVotes(178)) - 1be30185-a2c0-4461-afc0-2cb02fcff473@group-A8B097DE35CC-LeaderElection589: begin an election at term 138 for -1: [e64b81a2-7e97-4a9c-9a90-0d1e8edce3a8:192.168.157.254:40074, d9951c0b-6d6e-4464-b06b-4ef93c20892c:192.168.157.254:43622, 1be30185-a2c0-4461-afc0-2cb02fcff473:192.168.157.254:38008], old=null
2019-10-22 00:08:58,111 [grpc-default-executor-8] INFO  impl.RaftServerImpl (RaftServerImpl.java:setRole(184)) - d9951c0b-6d6e-4464-b06b-4ef93c20892c@group-A8B097DE35CC: changes role from  FOLLOWER to FOLLOWER at term 138 for recognizeCandidate:1be30185-a2c0-4461-afc0-2cb02fcff473
2019-10-22 00:08:58,111 [grpc-default-executor-5] INFO  impl.RaftServerImpl (RaftServerImpl.java:setRole(184)) - e64b81a2-7e97-4a9c-9a90-0d1e8edce3a8@group-A8B097DE35CC: changes role from  FOLLOWER to FOLLOWER at term 138 for recognizeCandidate:1be30185-a2c0-4461-afc0-2cb02fcff473
2019-10-22 00:08:58,111 [grpc-default-executor-5] INFO  impl.RoleInfo (RoleInfo.java:shutdownFollowerState(121)) - e64b81a2-7e97-4a9c-9a90-0d1e8edce3a8: shutdown FollowerState
2019-10-22 00:08:58,111 [grpc-default-executor-8] INFO  impl.RoleInfo (RoleInfo.java:shutdownFollowerState(121)) - d9951c0b-6d6e-4464-b06b-4ef93c20892c: shutdown FollowerState
2019-10-22 00:08:58,111 [Thread-5015] INFO  impl.FollowerState (FollowerState.java:run(117)) - e64b81a2-7e97-4a9c-9a90-0d1e8edce3a8@group-A8B097DE35CC-FollowerState was interrupted: java.lang.InterruptedException: sleep interrupted
2019-10-22 00:08:58,111 [grpc-default-executor-5] INFO  impl.RoleInfo (RoleInfo.java:updateAndGet(143)) - e64b81a2-7e97-4a9c-9a90-0d1e8edce3a8: start FollowerState
2019-10-22 00:08:58,111 [grpc-default-executor-8] INFO  impl.RoleInfo (RoleInfo.java:updateAndGet(143)) - d9951c0b-6d6e-4464-b06b-4ef93c20892c: start FollowerState
2019-10-22 00:08:58,111 [Thread-5016] INFO  impl.FollowerState (FollowerState.java:run(117)) - d9951c0b-6d6e-4464-b06b-4ef93c20892c@group-A8B097DE35CC-FollowerState was interrupted: java.lang.InterruptedException: sleep interrupted
2019-10-22 00:08:58,125 [1be30185-a2c0-4461-afc0-2cb02fcff473@group-A8B097DE35CC-LeaderElection589] INFO  impl.LeaderElection (LeaderElection.java:logAndReturn(56)) - 1be30185-a2c0-4461-afc0-2cb02fcff473@group-A8B097DE35CC-LeaderElection589: Election REJECTED; received 2 response(s) [1be30185-a2c0-4461-afc0-2cb02fcff473<-e64b81a2-7e97-4a9c-9a90-0d1e8edce3a8#0:FAIL-t138, 1be30185-a2c0-4461-afc0-2cb02fcff473<-d9951c0b-6d6e-4464-b06b-4ef93c20892c#0:FAIL-t138] and 0 exception(s); 1be30185-a2c0-4461-afc0-2cb02fcff473@group-A8B097DE35CC:t138, leader=null, voted=1be30185-a2c0-4461-afc0-2cb02fcff473, raftlog=1be30185-a2c0-4461-afc0-2cb02fcff473@group-A8B097DE35CC-SegmentedRaftLog:OPENED:c-1,f-1,i0, conf=-1: [e64b81a2-7e97-4a9c-9a90-0d1e8edce3a8:192.168.157.254:40074, d9951c0b-6d6e-4464-b06b-4ef93c20892c:192.168.157.254:43622, 1be30185-a2c0-4461-afc0-2cb02fcff473:192.168.157.254:38008], old=null
2019-10-22 00:08:58,126 [1be30185-a2c0-4461-afc0-2cb02fcff473@group-A8B097DE35CC-LeaderElection589] INFO  impl.RaftServerImpl (RaftServerImpl.java:setRole(184)) - 1be30185-a2c0-4461-afc0-2cb02fcff473@group-A8B097DE35CC: changes role from CANDIDATE to FOLLOWER at term 138 for DISCOVERED_A_NEW_TERM
2019-10-22 00:08:58,126 [1be30185-a2c0-4461-afc0-2cb02fcff473@group-A8B097DE35CC-LeaderElection589] INFO  impl.RoleInfo (RoleInfo.java:shutdownLeaderElection(134)) - 1be30185-a2c0-4461-afc0-2cb02fcff473: shutdown LeaderElection
2019-10-22 00:08:58,126 [1be30185-a2c0-4461-afc0-2cb02fcff473@group-A8B097DE35CC-LeaderElection589] INFO  impl.RoleInfo (RoleInfo.java:updateAndGet(143)) - 1be30185-a2c0-4461-afc0-2cb02fcff473: start FollowerState
2019-10-22 00:08:58,188 [Thread-5025] INFO  impl.FollowerState (FollowerState.java:run(108)) - 1be30185-a2c0-4461-afc0-2cb02fcff473@group-A8B097DE35CC-FollowerState: change to CANDIDATE, lastRpcTime:62ms, electionTimeout:62ms
2019-10-22 00:08:58,188 [Thread-5025] INFO  impl.RoleInfo (RoleInfo.java:shutdownFollowerState(121)) - 1be30185-a2c0-4461-afc0-2cb02fcff473: shutdown FollowerState
2019-10-22 00:08:58,188 [Thread-5025] INFO  impl.RaftServerImpl (RaftServerImpl.java:setRole(184)) - 1be30185-a2c0-4461-afc0-2cb02fcff473@group-A8B097DE35CC: changes role from  FOLLOWER to CANDIDATE at term 138 for changeToCandidate
2019-10-22 00:08:58,188 [Thread-5025] INFO  impl.RoleInfo (RoleInfo.java:updateAndGet(143)) - 1be30185-a2c0-4461-afc0-2cb02fcff473: start LeaderElection
2019-10-22 00:08:58,221 [1be30185-a2c0-4461-afc0-2cb02fcff473@group-A8B097DE35CC-LeaderElection590] INFO  impl.LeaderElection (LeaderElection.java:askForVotes(178)) - 1be30185-a2c0-4461-afc0-2cb02fcff473@group-A8B097DE35CC-LeaderElection590: begin an election at term 139 for -1: [e64b81a2-7e97-4a9c-9a90-0d1e8edce3a8:192.168.157.254:40074, d9951c0b-6d6e-4464-b06b-4ef93c20892c:192.168.157.254:43622, 1be30185-a2c0-4461-afc0-2cb02fcff473:192.168.157.254:38008], old=null
2019-10-22 00:08:58,222 [grpc-default-executor-5] INFO  impl.RaftServerImpl (RaftServerImpl.java:setRole(184)) - e64b81a2-7e97-4a9c-9a90-0d1e8edce3a8@group-A8B097DE35CC: changes role from  FOLLOWER to FOLLOWER at term 139 for recognizeCandidate:1be30185-a2c0-4461-afc0-2cb02fcff473
2019-10-22 00:08:58,222 [grpc-default-executor-5] INFO  impl.RoleInfo (RoleInfo.java:shutdownFollowerState(121)) - e64b81a2-7e97-4a9c-9a90-0d1e8edce3a8: shutdown FollowerState
2019-10-22 00:08:58,222 [grpc-default-executor-8] INFO  impl.RaftServerImpl (RaftServerImpl.java:setRole(184)) - d9951c0b-6d6e-4464-b06b-4ef93c20892c@group-A8B097DE35CC: changes role from  FOLLOWER to FOLLOWER at term 139 for recognizeCandidate:1be30185-a2c0-4461-afc0-2cb02fcff473
2019-10-22 00:08:58,222 [grpc-default-executor-8] INFO  impl.RoleInfo (RoleInfo.java:shutdownFollowerState(121)) - d9951c0b-6d6e-4464-b06b-4ef93c20892c: shutdown FollowerState
2019-10-22 00:08:58,222 [Thread-5023] INFO  impl.FollowerState (FollowerState.java:run(117)) - e64b81a2-7e97-4a9c-9a90-0d1e8edce3a8@group-A8B097DE35CC-FollowerState was interrupted: java.lang.InterruptedException: sleep interrupted
2019-10-22 00:08:58,222 [grpc-default-executor-5] INFO  impl.RoleInfo (RoleInfo.java:updateAndGet(143)) - e64b81a2-7e97-4a9c-9a90-0d1e8edce3a8: start FollowerState
2019-10-22 00:08:58,222 [Thread-5024] INFO  impl.FollowerState (FollowerState.java:run(117)) - d9951c0b-6d6e-4464-b06b-4ef93c20892c@group-A8B097DE35CC-FollowerState was interrupted: java.lang.InterruptedException: sleep interrupted
2019-10-22 00:08:58,222 [grpc-default-executor-8] INFO  impl.RoleInfo (RoleInfo.java:updateAndGet(143)) - d9951c0b-6d6e-4464-b06b-4ef93c20892c: start FollowerState
2019-10-22 00:08:58,237 [1be30185-a2c0-4461-afc0-2cb02fcff473@group-A8B097DE35CC-LeaderElection590] INFO  impl.LeaderElection (LeaderElection.java:logAndReturn(56)) - 1be30185-a2c0-4461-afc0-2cb02fcff473@group-A8B097DE35CC-LeaderElection590: Election REJECTED; received 2 response(s) [1be30185-a2c0-4461-afc0-2cb02fcff473<-e64b81a2-7e97-4a9c-9a90-0d1e8edce3a8#0:FAIL-t139, 1be30185-a2c0-4461-afc0-2cb02fcff473<-d9951c0b-6d6e-4464-b06b-4ef93c20892c#0:FAIL-t139] and 0 exception(s); 1be30185-a2c0-4461-afc0-2cb02fcff473@group-A8B097DE35CC:t139, leader=null, voted=1be30185-a2c0-4461-afc0-2cb02fcff473, raftlog=1be30185-a2c0-4461-afc0-2cb02fcff473@group-A8B097DE35CC-SegmentedRaftLog:OPENED:c-1,f-1,i0, conf=-1: [e64b81a2-7e97-4a9c-9a90-0d1e8edce3a8:192.168.157.254:40074, d9951c0b-6d6e-4464-b06b-4ef93c20892c:192.168.157.254:43622, 1be30185-a2c0-4461-afc0-2cb02fcff473:192.168.157.254:38008], old=null
2019-10-22 00:08:58,237 [1be30185-a2c0-4461-afc0-2cb02fcff473@group-A8B097DE35CC-LeaderElection590] INFO  impl.RaftServerImpl (RaftServerImpl.java:setRole(184)) - 1be30185-a2c0-4461-afc0-2cb02fcff473@group-A8B097DE35CC: changes role from CANDIDATE to FOLLOWER at term 139 for DISCOVERED_A_NEW_TERM
2019-10-22 00:08:58,237 [1be30185-a2c0-4461-afc0-2cb02fcff473@group-A8B097DE35CC-LeaderElection590] INFO  impl.RoleInfo (RoleInfo.java:shutdownLeaderElection(134)) - 1be30185-a2c0-4461-afc0-2cb02fcff473: shutdown LeaderElection
2019-10-22 00:08:58,237 [1be30185-a2c0-4461-afc0-2cb02fcff473@group-A8B097DE35CC-LeaderElection590] INFO  impl.RoleInfo (RoleInfo.java:updateAndGet(143)) - 1be30185-a2c0-4461-afc0-2cb02fcff473: start FollowerState
2019-10-22 00:08:58,339 [Thread-5031] INFO  impl.FollowerState (FollowerState.java:run(108)) - 1be30185-a2c0-4461-afc0-2cb02fcff473@group-A8B097DE35CC-FollowerState: change to CANDIDATE, lastRpcTime:102ms, electionTimeout:102ms
2019-10-22 00:08:58,339 [Thread-5031] INFO  impl.RoleInfo (RoleInfo.java:shutdownFollowerState(121)) - 1be30185-a2c0-4461-afc0-2cb02fcff473: shutdown FollowerState
2019-10-22 00:08:58,340 [Thread-5031] INFO  impl.RaftServerImpl (RaftServerImpl.java:setRole(184)) - 1be30185-a2c0-4461-afc0-2cb02fcff473@group-A8B097DE35CC: changes role from  FOLLOWER to CANDIDATE at term 139 for changeToCandidate
2019-10-22 00:08:58,340 [Thread-5031] INFO  impl.RoleInfo (RoleInfo.java:updateAndGet(143)) - 1be30185-a2c0-4461-afc0-2cb02fcff473: start LeaderElection
2019-10-22 00:08:58,353 [1be30185-a2c0-4461-afc0-2cb02fcff473@group-A8B097DE35CC-LeaderElection591] INFO  impl.LeaderElection (LeaderElection.java:askForVotes(178)) - 1be30185-a2c0-4461-afc0-2cb02fcff473@group-A8B097DE35CC-LeaderElection591: begin an election at term 140 for -1: [e64b81a2-7e97-4a9c-9a90-0d1e8edce3a8:192.168.157.254:40074, d9951c0b-6d6e-4464-b06b-4ef93c20892c:192.168.157.254:43622, 1be30185-a2c0-4461-afc0-2cb02fcff473:192.168.157.254:38008], old=null
2019-10-22 00:08:58,354 [grpc-default-executor-8] INFO  impl.RaftServerImpl (RaftServerImpl.java:setRole(184)) - e64b81a2-7e97-4a9c-9a90-0d1e8edce3a8@group-A8B097DE35CC: changes role from  FOLLOWER to FOLLOWER at term 140 for recognizeCandidate:1be30185-a2c0-4461-afc0-2cb02fcff473
2019-10-22 00:08:58,354 [grpc-default-executor-8] INFO  impl.RoleInfo (RoleInfo.java:shutdownFollowerState(121)) - e64b81a2-7e97-4a9c-9a90-0d1e8edce3a8: shutdown FollowerState
2019-10-22 00:08:58,354 [grpc-default-executor-5] INFO  impl.RaftServerImpl (RaftServerImpl.java:setRole(184)) - d9951c0b-6d6e-4464-b06b-4ef93c20892c@group-A8B097DE35CC: changes role from  FOLLOWER to FOLLOWER at term 140 for recognizeCandidate:1be30185-a2c0-4461-afc0-2cb02fcff473
2019-10-22 00:08:58,354 [Thread-5029] INFO  impl.FollowerState (FollowerState.java:run(117)) - e64b81a2-7e97-4a9c-9a90-0d1e8edce3a8@group-A8B097DE35CC-FollowerState was interrupted: java.lang.InterruptedException: sleep interrupted
2019-10-22 00:08:58,354 [grpc-default-executor-8] INFO  impl.RoleInfo (RoleInfo.java:updateAndGet(143)) - e64b81a2-7e97-4a9c-9a90-0d1e8edce3a8: start FollowerState
2019-10-22 00:08:58,354 [grpc-default-executor-5] INFO  impl.RoleInfo (RoleInfo.java:shutdownFollowerState(121)) - d9951c0b-6d6e-4464-b06b-4ef93c20892c: shutdown FollowerState
2019-10-22 00:08:58,355 [grpc-default-executor-5] INFO  impl.RoleInfo (RoleInfo.java:updateAndGet(143)) - d9951c0b-6d6e-4464-b06b-4ef93c20892c: start FollowerState
2019-10-22 00:08:58,355 [Thread-5030] INFO  impl.FollowerState (FollowerState.java:run(117)) - d9951c0b-6d6e-4464-b06b-4ef93c20892c@group-A8B097DE35CC-FollowerState was interrupted: java.lang.InterruptedException: sleep interrupted
2019-10-22 00:08:58,374 [1be30185-a2c0-4461-afc0-2cb02fcff473@group-A8B097DE35CC-LeaderElection591] INFO  impl.LeaderElection (LeaderElection.java:logAndReturn(56)) - 1be30185-a2c0-4461-afc0-2cb02fcff473@group-A8B097DE35CC-LeaderElection591: Election REJECTED; received 2 response(s) [1be30185-a2c0-4461-afc0-2cb02fcff473<-e64b81a2-7e97-4a9c-9a90-0d1e8edce3a8#0:FAIL-t140, 1be30185-a2c0-4461-afc0-2cb02fcff473<-d9951c0b-6d6e-4464-b06b-4ef93c20892c#0:FAIL-t140] and 0 exception(s); 1be30185-a2c0-4461-afc0-2cb02fcff473@group-A8B097DE35CC:t140, leader=null, voted=1be30185-a2c0-4461-afc0-2cb02fcff473, raftlog=1be30185-a2c0-4461-afc0-2cb02fcff473@group-A8B097DE35CC-SegmentedRaftLog:OPENED:c-1,f-1,i0, conf=-1: [e64b81a2-7e97-4a9c-9a90-0d1e8edce3a8:192.168.157.254:40074, d9951c0b-6d6e-4464-b06b-4ef93c20892c:192.168.157.254:43622, 1be30185-a2c0-4461-afc0-2cb02fcff473:192.168.157.254:38008], old=null
2019-10-22 00:08:58,374 [1be30185-a2c0-4461-afc0-2cb02fcff473@group-A8B097DE35CC-LeaderElection591] INFO  impl.RaftServerImpl (RaftServerImpl.java:setRole(184)) - 1be30185-a2c0-4461-afc0-2cb02fcff473@group-A8B097DE35CC: changes role from CANDIDATE to FOLLOWER at term 140 for DISCOVERED_A_NEW_TERM
2019-10-22 00:08:58,374 [1be30185-a2c0-4461-afc0-2cb02fcff473@group-A8B097DE35CC-LeaderElection591] INFO  impl.RoleInfo (RoleInfo.java:shutdownLeaderElection(134)) - 1be30185-a2c0-4461-afc0-2cb02fcff473: shutdown LeaderElection
2019-10-22 00:08:58,374 [1be30185-a2c0-4461-afc0-2cb02fcff473@group-A8B097DE35CC-LeaderElection591] INFO  impl.RoleInfo (RoleInfo.java:updateAndGet(143)) - 1be30185-a2c0-4461-afc0-2cb02fcff473: start FollowerState
2019-10-22 00:08:58,408 [main] INFO  ozoneimpl.OzoneContainer (OzoneContainer.java:stop(227)) - Attempting to stop container services.
2019-10-22 00:08:58,408 [ForkJoinPool.commonPool-worker-0] INFO  ozoneimpl.OzoneContainer (OzoneContainer.java:stop(227)) - Attempting to stop container services.
2019-10-22 00:08:58,409 [main] INFO  impl.RaftServerProxy (RaftServerProxy.java:lambda$close$4(314)) - d9951c0b-6d6e-4464-b06b-4ef93c20892c: close
2019-10-22 00:08:58,409 [ForkJoinPool.commonPool-worker-0] INFO  impl.RaftServerProxy (RaftServerProxy.java:lambda$close$4(314)) - 05003219-6676-4e45-bd72-11bc04fa30d3: close
2019-10-22 00:08:58,409 [main] INFO  impl.RaftServerImpl (RaftServerImpl.java:lambda$shutdown$3(261)) - d9951c0b-6d6e-4464-b06b-4ef93c20892c@group-A8B097DE35CC: shutdown
2019-10-22 00:08:58,409 [ForkJoinPool.commonPool-worker-0] INFO  impl.RaftServerImpl (RaftServerImpl.java:lambda$shutdown$3(261)) - 05003219-6676-4e45-bd72-11bc04fa30d3@group-B6F5E893A33B: shutdown
2019-10-22 00:08:58,409 [main] INFO  util.JmxRegister (JmxRegister.java:unregister(73)) - Successfully un-registered JMX Bean with object name Ratis:service=RaftServer,group=group-A8B097DE35CC,id=d9951c0b-6d6e-4464-b06b-4ef93c20892c
2019-10-22 00:08:58,410 [main] INFO  impl.RoleInfo (RoleInfo.java:shutdownFollowerState(121)) - d9951c0b-6d6e-4464-b06b-4ef93c20892c: shutdown FollowerState
2019-10-22 00:08:58,409 [ForkJoinPool.commonPool-worker-0] INFO  util.JmxRegister (JmxRegister.java:unregister(73)) - Successfully un-registered JMX Bean with object name Ratis:service=RaftServer,group=group-B6F5E893A33B,id=05003219-6676-4e45-bd72-11bc04fa30d3
2019-10-22 00:08:58,410 [Thread-5038] INFO  impl.FollowerState (FollowerState.java:run(117)) - d9951c0b-6d6e-4464-b06b-4ef93c20892c@group-A8B097DE35CC-FollowerState was interrupted: java.lang.InterruptedException: sleep interrupted
2019-10-22 00:08:58,410 [main] INFO  impl.StateMachineUpdater (StateMachineUpdater.java:stopAndJoin(136)) - d9951c0b-6d6e-4464-b06b-4ef93c20892c@group-A8B097DE35CC-StateMachineUpdater: set stopIndex = -1
2019-10-22 00:08:58,410 [ForkJoinPool.commonPool-worker-0] INFO  impl.RoleInfo (RoleInfo.java:shutdownLeaderState(104)) - 05003219-6676-4e45-bd72-11bc04fa30d3: shutdown LeaderState
2019-10-22 00:08:58,410 [main] INFO  impl.RaftServerImpl (ServerState.java:close(388)) - d9951c0b-6d6e-4464-b06b-4ef93c20892c@group-A8B097DE35CC: closes. applyIndex: -1
2019-10-22 00:08:58,411 [ForkJoinPool.commonPool-worker-0] INFO  impl.PendingRequests (PendingRequests.java:sendNotLeaderResponses(202)) - 05003219-6676-4e45-bd72-11bc04fa30d3@group-B6F5E893A33B-PendingRequests: sendNotLeaderResponses
2019-10-22 00:08:58,411 [d9951c0b-6d6e-4464-b06b-4ef93c20892c@group-A8B097DE35CC-SegmentedRaftLogWorker] INFO  segmented.SegmentedRaftLogWorker (SegmentedRaftLogWorker.java:run(316)) - d9951c0b-6d6e-4464-b06b-4ef93c20892c@group-A8B097DE35CC-SegmentedRaftLogWorker was interrupted, exiting. There are 0 tasks remaining in the queue.
2019-10-22 00:08:58,414 [ForkJoinPool.commonPool-worker-0] INFO  impl.StateMachineUpdater (StateMachineUpdater.java:stopAndJoin(136)) - 05003219-6676-4e45-bd72-11bc04fa30d3@group-B6F5E893A33B-StateMachineUpdater: set stopIndex = 0
2019-10-22 00:08:58,414 [main] INFO  segmented.SegmentedRaftLogWorker (SegmentedRaftLogWorker.java:close(224)) - d9951c0b-6d6e-4464-b06b-4ef93c20892c@group-A8B097DE35CC-SegmentedRaftLogWorker close()
2019-10-22 00:08:58,433 [main] INFO  impl.RaftServerImpl (RaftServerImpl.java:lambda$shutdown$3(261)) - d9951c0b-6d6e-4464-b06b-4ef93c20892c@group-F8B820B2A0C9: shutdown
2019-10-22 00:08:58,433 [main] INFO  util.JmxRegister (JmxRegister.java:unregister(73)) - Successfully un-registered JMX Bean with object name Ratis:service=RaftServer,group=group-F8B820B2A0C9,id=d9951c0b-6d6e-4464-b06b-4ef93c20892c
2019-10-22 00:08:58,433 [main] INFO  impl.RoleInfo (RoleInfo.java:shutdownLeaderState(104)) - d9951c0b-6d6e-4464-b06b-4ef93c20892c: shutdown LeaderState
2019-10-22 00:08:58,433 [ForkJoinPool.commonPool-worker-0] INFO  impl.RaftServerImpl (ServerState.java:close(388)) - 05003219-6676-4e45-bd72-11bc04fa30d3@group-B6F5E893A33B: closes. applyIndex: 0
2019-10-22 00:08:58,433 [main] INFO  impl.PendingRequests (PendingRequests.java:sendNotLeaderResponses(202)) - d9951c0b-6d6e-4464-b06b-4ef93c20892c@group-F8B820B2A0C9-PendingRequests: sendNotLeaderResponses
2019-10-22 00:08:58,434 [05003219-6676-4e45-bd72-11bc04fa30d3@group-B6F5E893A33B-SegmentedRaftLogWorker] INFO  segmented.SegmentedRaftLogWorker (SegmentedRaftLogWorker.java:run(316)) - 05003219-6676-4e45-bd72-11bc04fa30d3@group-B6F5E893A33B-SegmentedRaftLogWorker was interrupted, exiting. There are 0 tasks remaining in the queue.
2019-10-22 00:08:58,434 [main] INFO  impl.StateMachineUpdater (StateMachineUpdater.java:stopAndJoin(136)) - d9951c0b-6d6e-4464-b06b-4ef93c20892c@group-F8B820B2A0C9-StateMachineUpdater: set stopIndex = 0
2019-10-22 00:08:58,437 [ForkJoinPool.commonPool-worker-0] INFO  segmented.SegmentedRaftLogWorker (SegmentedRaftLogWorker.java:close(224)) - 05003219-6676-4e45-bd72-11bc04fa30d3@group-B6F5E893A33B-SegmentedRaftLogWorker close()
2019-10-22 00:08:58,437 [Thread-5039] INFO  impl.FollowerState (FollowerState.java:run(108)) - 1be30185-a2c0-4461-afc0-2cb02fcff473@group-A8B097DE35CC-FollowerState: change to CANDIDATE, lastRpcTime:62ms, electionTimeout:61ms
2019-10-22 00:08:58,437 [main] INFO  impl.RaftServerImpl (ServerState.java:close(388)) - d9951c0b-6d6e-4464-b06b-4ef93c20892c@group-F8B820B2A0C9: closes. applyIndex: 0
2019-10-22 00:08:58,439 [ForkJoinPool.commonPool-worker-0] INFO  impl.RaftServerImpl (RaftServerImpl.java:lambda$shutdown$3(261)) - 05003219-6676-4e45-bd72-11bc04fa30d3@group-B019D31AF6BA: shutdown
2019-10-22 00:08:58,439 [Thread-5039] INFO  impl.RoleInfo (RoleInfo.java:shutdownFollowerState(121)) - 1be30185-a2c0-4461-afc0-2cb02fcff473: shutdown FollowerState
2019-10-22 00:08:58,439 [ForkJoinPool.commonPool-worker-0] INFO  util.JmxRegister (JmxRegister.java:unregister(73)) - Successfully un-registered JMX Bean with object name Ratis:service=RaftServer,group=group-B019D31AF6BA,id=05003219-6676-4e45-bd72-11bc04fa30d3
2019-10-22 00:08:58,439 [ForkJoinPool.commonPool-worker-0] INFO  impl.RoleInfo (RoleInfo.java:shutdownLeaderState(104)) - 05003219-6676-4e45-bd72-11bc04fa30d3: shutdown LeaderState
2019-10-22 00:08:58,439 [d9951c0b-6d6e-4464-b06b-4ef93c20892c@group-F8B820B2A0C9-SegmentedRaftLogWorker] INFO  segmented.SegmentedRaftLogWorker (SegmentedRaftLogWorker.java:run(316)) - d9951c0b-6d6e-4464-b06b-4ef93c20892c@group-F8B820B2A0C9-SegmentedRaftLogWorker was interrupted, exiting. There are 0 tasks remaining in the queue.
2019-10-22 00:08:58,441 [org.apache.ratis.server.impl.LogAppender$AppenderDaemon$$Lambda$459/939830557@f84bded] WARN  server.GrpcLogAppender (GrpcLogAppender.java:mayWait(149)) - 05003219-6676-4e45-bd72-11bc04fa30d3@group-B019D31AF6BA->48d226fd-ec16-45bb-ba6a-f5c68988a3f7-GrpcLogAppender: Wait interrupted by java.lang.InterruptedException
2019-10-22 00:08:58,439 [Thread-5039] INFO  impl.RaftServerImpl (RaftServerImpl.java:setRole(184)) - 1be30185-a2c0-4461-afc0-2cb02fcff473@group-A8B097DE35CC: changes role from  FOLLOWER to CANDIDATE at term 140 for changeToCandidate
2019-10-22 00:08:58,445 [main] INFO  segmented.SegmentedRaftLogWorker (SegmentedRaftLogWorker.java:close(224)) - d9951c0b-6d6e-4464-b06b-4ef93c20892c@group-F8B820B2A0C9-SegmentedRaftLogWorker close()
2019-10-22 00:08:58,443 [org.apache.ratis.server.impl.LogAppender$AppenderDaemon$$Lambda$459/939830557@5e5ffbd0] WARN  server.GrpcLogAppender (GrpcLogAppender.java:mayWait(149)) - 05003219-6676-4e45-bd72-11bc04fa30d3@group-B019D31AF6BA->f9169fae-8e57-49b1-968c-b0c13a9c79ea-GrpcLogAppender: Wait interrupted by java.lang.InterruptedException
2019-10-22 00:08:58,443 [ForkJoinPool.commonPool-worker-0] INFO  impl.PendingRequests (PendingRequests.java:sendNotLeaderResponses(202)) - 05003219-6676-4e45-bd72-11bc04fa30d3@group-B019D31AF6BA-PendingRequests: sendNotLeaderResponses
2019-10-22 00:08:58,447 [grpc-default-executor-8] INFO  server.GrpcServerProtocolService (GrpcServerProtocolService.java:onCompleted(113)) - f9169fae-8e57-49b1-968c-b0c13a9c79ea: Completed APPEND_ENTRIES, lastRequest: 05003219-6676-4e45-bd72-11bc04fa30d3->f9169fae-8e57-49b1-968c-b0c13a9c79ea#40-t2, previous=(t:2, i:6), leaderCommit=6, initializing? false, entries: <empty>
2019-10-22 00:08:58,447 [main] INFO  server.GrpcService (GrpcService.java:closeImpl(164)) - d9951c0b-6d6e-4464-b06b-4ef93c20892c: shutdown server with port 43622 now
2019-10-22 00:08:58,447 [grpc-default-executor-5] INFO  server.GrpcServerProtocolService (GrpcServerProtocolService.java:onCompleted(113)) - 48d226fd-ec16-45bb-ba6a-f5c68988a3f7: Completed APPEND_ENTRIES, lastRequest: 05003219-6676-4e45-bd72-11bc04fa30d3->48d226fd-ec16-45bb-ba6a-f5c68988a3f7#40-t2, previous=(t:2, i:6), leaderCommit=6, initializing? false, entries: <empty>
2019-10-22 00:08:58,445 [Thread-5039] INFO  impl.RoleInfo (RoleInfo.java:updateAndGet(143)) - 1be30185-a2c0-4461-afc0-2cb02fcff473: start LeaderElection
2019-10-22 00:08:58,450 [grpc-default-executor-8] INFO  server.GrpcLogAppender (GrpcLogAppender.java:onCompleted(308)) - 05003219-6676-4e45-bd72-11bc04fa30d3@group-B019D31AF6BA->f9169fae-8e57-49b1-968c-b0c13a9c79ea-AppendLogResponseHandler: follower responses appendEntries COMPLETED
2019-10-22 00:08:58,450 [05003219-6676-4e45-bd72-11bc04fa30d3@group-B019D31AF6BA-StateMachineUpdater] INFO  ratis.ContainerStateMachine (ContainerStateMachine.java:takeSnapshot(294)) - group-B019D31AF6BA: Taking a snapshot at:(t:2, i:6) file /workdir/hadoop-ozone/integration-test/target/test-dir/MiniOzoneClusterImpl-7b60a606-535f-40c2-b446-60b0e48a57dd/datanode-2/data/ratis/db4ec4d6-40c6-4670-ae00-b019d31af6ba/sm/snapshot.2_6
2019-10-22 00:08:58,450 [ForkJoinPool.commonPool-worker-0] INFO  impl.StateMachineUpdater (StateMachineUpdater.java:stopAndJoin(136)) - 05003219-6676-4e45-bd72-11bc04fa30d3@group-B019D31AF6BA-StateMachineUpdater: set stopIndex = 6
2019-10-22 00:08:58,451 [grpc-default-executor-5] INFO  server.GrpcLogAppender (GrpcLogAppender.java:onCompleted(308)) - 05003219-6676-4e45-bd72-11bc04fa30d3@group-B019D31AF6BA->48d226fd-ec16-45bb-ba6a-f5c68988a3f7-AppendLogResponseHandler: follower responses appendEntries COMPLETED
2019-10-22 00:08:58,453 [main] INFO  server.GrpcService (GrpcService.java:closeImpl(172)) - d9951c0b-6d6e-4464-b06b-4ef93c20892c: shutdown server with port 43622 successfully
2019-10-22 00:08:58,455 [grpc-default-executor-8] INFO  impl.FollowerInfo (FollowerInfo.java:lambda$new$0(51)) - 05003219-6676-4e45-bd72-11bc04fa30d3@group-B019D31AF6BA->f9169fae-8e57-49b1-968c-b0c13a9c79ea: nextIndex: updateUnconditionally 7 -> 6
2019-10-22 00:08:58,455 [grpc-default-executor-5] INFO  impl.FollowerInfo (FollowerInfo.java:lambda$new$0(51)) - 05003219-6676-4e45-bd72-11bc04fa30d3@group-B019D31AF6BA->48d226fd-ec16-45bb-ba6a-f5c68988a3f7: nextIndex: updateUnconditionally 7 -> 6
2019-10-22 00:08:58,457 [refreshUsed-/workdir/hadoop-ozone/integration-test/target/test-dir/MiniOzoneClusterImpl-7b60a606-535f-40c2-b446-60b0e48a57dd/datanode-5/data/containers] WARN  fs.CachingGetSpaceUsed (CachingGetSpaceUsed.java:run(183)) - Thread Interrupted waiting to refresh disk information: sleep interrupted
2019-10-22 00:08:58,478 [main] INFO  utils.BackgroundService (BackgroundService.java:shutdown(151)) - Shutting down service BlockDeletingService
2019-10-22 00:08:58,480 [05003219-6676-4e45-bd72-11bc04fa30d3@group-B019D31AF6BA-StateMachineUpdater] INFO  ratis.ContainerStateMachine (ContainerStateMachine.java:takeSnapshot(305)) - group-B019D31AF6BA: Finished taking a snapshot at:(t:2, i:6) file:/workdir/hadoop-ozone/integration-test/target/test-dir/MiniOzoneClusterImpl-7b60a606-535f-40c2-b446-60b0e48a57dd/datanode-2/data/ratis/db4ec4d6-40c6-4670-ae00-b019d31af6ba/sm/snapshot.2_6 time:30
2019-10-22 00:08:58,480 [1be30185-a2c0-4461-afc0-2cb02fcff473@group-A8B097DE35CC-LeaderElection592] INFO  impl.LeaderElection (LeaderElection.java:askForVotes(178)) - 1be30185-a2c0-4461-afc0-2cb02fcff473@group-A8B097DE35CC-LeaderElection592: begin an election at term 141 for -1: [e64b81a2-7e97-4a9c-9a90-0d1e8edce3a8:192.168.157.254:40074, d9951c0b-6d6e-4464-b06b-4ef93c20892c:192.168.157.254:43622, 1be30185-a2c0-4461-afc0-2cb02fcff473:192.168.157.254:38008], old=null
2019-10-22 00:08:58,484 [05003219-6676-4e45-bd72-11bc04fa30d3@group-B019D31AF6BA-StateMachineUpdater] INFO  impl.StateMachineUpdater (StateMachineUpdater.java:takeSnapshot(269)) - 05003219-6676-4e45-bd72-11bc04fa30d3@group-B019D31AF6BA-StateMachineUpdater: Took a snapshot at index 6
2019-10-22 00:08:58,486 [main] INFO  statemachine.DatanodeStateMachine (DatanodeStateMachine.java:stopDaemon(395)) - Ozone container server stopped.
2019-10-22 00:08:58,486 [05003219-6676-4e45-bd72-11bc04fa30d3@group-B019D31AF6BA-StateMachineUpdater] INFO  impl.StateMachineUpdater (StateMachineUpdater.java:lambda$new$0(84)) - 05003219-6676-4e45-bd72-11bc04fa30d3@group-B019D31AF6BA-StateMachineUpdater: snapshotIndex: updateIncreasingly -1 -> 6
2019-10-22 00:08:58,487 [grpc-default-executor-5] INFO  impl.RaftServerImpl (RaftServerImpl.java:setRole(184)) - e64b81a2-7e97-4a9c-9a90-0d1e8edce3a8@group-A8B097DE35CC: changes role from  FOLLOWER to FOLLOWER at term 141 for recognizeCandidate:1be30185-a2c0-4461-afc0-2cb02fcff473
2019-10-22 00:08:58,487 [ForkJoinPool.commonPool-worker-0] INFO  impl.RaftServerImpl (ServerState.java:close(388)) - 05003219-6676-4e45-bd72-11bc04fa30d3@group-B019D31AF6BA: closes. applyIndex: 6
2019-10-22 00:08:58,487 [grpc-default-executor-5] INFO  impl.RoleInfo (RoleInfo.java:shutdownFollowerState(121)) - e64b81a2-7e97-4a9c-9a90-0d1e8edce3a8: shutdown FollowerState
2019-10-22 00:08:58,487 [05003219-6676-4e45-bd72-11bc04fa30d3@group-B019D31AF6BA-SegmentedRaftLogWorker] INFO  segmented.SegmentedRaftLogWorker (SegmentedRaftLogWorker.java:run(316)) - 05003219-6676-4e45-bd72-11bc04fa30d3@group-B019D31AF6BA-SegmentedRaftLogWorker was interrupted, exiting. There are 0 tasks remaining in the queue.
2019-10-22 00:08:58,487 [grpc-default-executor-5] INFO  impl.RoleInfo (RoleInfo.java:updateAndGet(143)) - e64b81a2-7e97-4a9c-9a90-0d1e8edce3a8: start FollowerState
2019-10-22 00:08:58,487 [Thread-5037] INFO  impl.FollowerState (FollowerState.java:run(117)) - e64b81a2-7e97-4a9c-9a90-0d1e8edce3a8@group-A8B097DE35CC-FollowerState was interrupted: java.lang.InterruptedException: sleep interrupted
2019-10-22 00:08:58,489 [main] INFO  handler.ContextHandler (ContextHandler.java:doStop(910)) - Stopped o.e.j.w.WebAppContext@a146b11{/,null,UNAVAILABLE}{/hddsDatanode}
2019-10-22 00:08:58,489 [ForkJoinPool.commonPool-worker-0] INFO  segmented.SegmentedRaftLogWorker (SegmentedRaftLogWorker.java:close(224)) - 05003219-6676-4e45-bd72-11bc04fa30d3@group-B019D31AF6BA-SegmentedRaftLogWorker close()
2019-10-22 00:08:58,490 [1be30185-a2c0-4461-afc0-2cb02fcff473@group-A8B097DE35CC-LeaderElection592] INFO  impl.LeaderElection (LogUtils.java:infoOrTrace(149)) - 1be30185-a2c0-4461-afc0-2cb02fcff473@group-A8B097DE35CC-LeaderElection592 got exception when requesting votes: {}
java.util.concurrent.ExecutionException: org.apache.ratis.thirdparty.io.grpc.StatusRuntimeException: UNAVAILABLE: io exception
	at java.util.concurrent.FutureTask.report(FutureTask.java:122)
	at java.util.concurrent.FutureTask.get(FutureTask.java:192)
	at org.apache.ratis.server.impl.LeaderElection.waitForResults(LeaderElection.java:259)
	at org.apache.ratis.server.impl.LeaderElection.askForVotes(LeaderElection.java:197)
	at org.apache.ratis.server.impl.LeaderElection.run(LeaderElection.java:133)
	at java.lang.Thread.run(Thread.java:748)
Caused by: org.apache.ratis.thirdparty.io.grpc.StatusRuntimeException: UNAVAILABLE: io exception
	at org.apache.ratis.thirdparty.io.grpc.stub.ClientCalls.toStatusRuntimeException(ClientCalls.java:233)
	at org.apache.ratis.thirdparty.io.grpc.stub.ClientCalls.getUnchecked(ClientCalls.java:214)
	at org.apache.ratis.thirdparty.io.grpc.stub.ClientCalls.blockingUnaryCall(ClientCalls.java:139)
	at org.apache.ratis.proto.grpc.RaftServerProtocolServiceGrpc$RaftServerProtocolServiceBlockingStub.requestVote(RaftServerProtocolServiceGrpc.java:265)
	at org.apache.ratis.grpc.server.GrpcServerProtocolClient.requestVote(GrpcServerProtocolClient.java:99)
	at org.apache.ratis.grpc.server.GrpcService.requestVote(GrpcService.java:204)
	at org.apache.ratis.server.impl.LeaderElection.lambda$submitRequests$1(LeaderElection.java:234)
	at java.util.concurrent.FutureTask.run(FutureTask.java:266)
	at java.util.concurrent.Executors$RunnableAdapter.call(Executors.java:511)
	at java.util.concurrent.FutureTask.run(FutureTask.java:266)
	at java.util.concurrent.ThreadPoolExecutor.runWorker(ThreadPoolExecutor.java:1149)
	at java.util.concurrent.ThreadPoolExecutor$Worker.run(ThreadPoolExecutor.java:624)
	... 1 more
Caused by: org.apache.ratis.thirdparty.io.netty.channel.AbstractChannel$AnnotatedConnectException: Connection refused: /192.168.157.254:43622
	at sun.nio.ch.SocketChannelImpl.checkConnect(Native Method)
	at sun.nio.ch.SocketChannelImpl.finishConnect(SocketChannelImpl.java:717)
	at org.apache.ratis.thirdparty.io.netty.channel.socket.nio.NioSocketChannel.doFinishConnect(NioSocketChannel.java:327)
	at org.apache.ratis.thirdparty.io.netty.channel.nio.AbstractNioChannel$AbstractNioUnsafe.finishConnect(AbstractNioChannel.java:340)
	at org.apache.ratis.thirdparty.io.netty.channel.nio.NioEventLoop.processSelectedKey(NioEventLoop.java:632)
	at org.apache.ratis.thirdparty.io.netty.channel.nio.NioEventLoop.processSelectedKeysOptimized(NioEventLoop.java:579)
	at org.apache.ratis.thirdparty.io.netty.channel.nio.NioEventLoop.processSelectedKeys(NioEventLoop.java:496)
	at org.apache.ratis.thirdparty.io.netty.channel.nio.NioEventLoop.run(NioEventLoop.java:458)
	at org.apache.ratis.thirdparty.io.netty.util.concurrent.SingleThreadEventExecutor$5.run(SingleThreadEventExecutor.java:897)
	at org.apache.ratis.thirdparty.io.netty.util.concurrent.FastThreadLocalRunnable.run(FastThreadLocalRunnable.java:30)
	... 1 more
Caused by: java.net.ConnectException: Connection refused
	... 11 more
2019-10-22 00:08:58,491 [ForkJoinPool.commonPool-worker-0] INFO  server.GrpcService (GrpcService.java:closeImpl(164)) - 05003219-6676-4e45-bd72-11bc04fa30d3: shutdown server with port 35560 now
2019-10-22 00:08:58,493 [main] INFO  server.AbstractConnector (AbstractConnector.java:doStop(318)) - Stopped ServerConnector@f438904{HTTP/1.1,[http/1.1]}{0.0.0.0:0}
2019-10-22 00:08:58,493 [main] INFO  handler.ContextHandler (ContextHandler.java:doStop(910)) - Stopped o.e.j.s.ServletContextHandler@4dac121d{/static,jar:file:/home/user/.m2/repository/org/apache/hadoop/hadoop-hdds-container-service/0.5.0-SNAPSHOT/hadoop-hdds-container-service-0.5.0-SNAPSHOT.jar!/webapps/static,UNAVAILABLE}
2019-10-22 00:08:58,494 [ForkJoinPool.commonPool-worker-0] INFO  server.GrpcService (GrpcService.java:closeImpl(172)) - 05003219-6676-4e45-bd72-11bc04fa30d3: shutdown server with port 35560 successfully
2019-10-22 00:08:58,494 [main] INFO  handler.ContextHandler (ContextHandler.java:doStop(910)) - Stopped o.e.j.s.ServletContextHandler@a9c5b75{/logs,file:///workdir/hadoop-ozone/integration-test/target/log,UNAVAILABLE}
2019-10-22 00:08:58,496 [refreshUsed-/workdir/hadoop-ozone/integration-test/target/test-dir/MiniOzoneClusterImpl-7b60a606-535f-40c2-b446-60b0e48a57dd/datanode-2/data/containers] WARN  fs.CachingGetSpaceUsed (CachingGetSpaceUsed.java:run(183)) - Thread Interrupted waiting to refresh disk information: sleep interrupted
2019-10-22 00:08:58,501 [1be30185-a2c0-4461-afc0-2cb02fcff473@group-A8B097DE35CC-LeaderElection592] INFO  impl.LeaderElection (LeaderElection.java:logAndReturn(56)) - 1be30185-a2c0-4461-afc0-2cb02fcff473@group-A8B097DE35CC-LeaderElection592: Election REJECTED; received 1 response(s) [1be30185-a2c0-4461-afc0-2cb02fcff473<-e64b81a2-7e97-4a9c-9a90-0d1e8edce3a8#0:FAIL-t141] and 1 exception(s); 1be30185-a2c0-4461-afc0-2cb02fcff473@group-A8B097DE35CC:t141, leader=null, voted=1be30185-a2c0-4461-afc0-2cb02fcff473, raftlog=1be30185-a2c0-4461-afc0-2cb02fcff473@group-A8B097DE35CC-SegmentedRaftLog:OPENED:c-1,f-1,i0, conf=-1: [e64b81a2-7e97-4a9c-9a90-0d1e8edce3a8:192.168.157.254:40074, d9951c0b-6d6e-4464-b06b-4ef93c20892c:192.168.157.254:43622, 1be30185-a2c0-4461-afc0-2cb02fcff473:192.168.157.254:38008], old=null
2019-10-22 00:08:58,502 [1be30185-a2c0-4461-afc0-2cb02fcff473@group-A8B097DE35CC-LeaderElection592] INFO  impl.LeaderElection (LogUtils.java:infoOrTrace(149)) -   Exception 0: {}
java.util.concurrent.ExecutionException: org.apache.ratis.thirdparty.io.grpc.StatusRuntimeException: UNAVAILABLE: io exception
	at java.util.concurrent.FutureTask.report(FutureTask.java:122)
	at java.util.concurrent.FutureTask.get(FutureTask.java:192)
	at org.apache.ratis.server.impl.LeaderElection.waitForResults(LeaderElection.java:259)
	at org.apache.ratis.server.impl.LeaderElection.askForVotes(LeaderElection.java:197)
	at org.apache.ratis.server.impl.LeaderElection.run(LeaderElection.java:133)
	at java.lang.Thread.run(Thread.java:748)
Caused by: org.apache.ratis.thirdparty.io.grpc.StatusRuntimeException: UNAVAILABLE: io exception
	at org.apache.ratis.thirdparty.io.grpc.stub.ClientCalls.toStatusRuntimeException(ClientCalls.java:233)
	at org.apache.ratis.thirdparty.io.grpc.stub.ClientCalls.getUnchecked(ClientCalls.java:214)
	at org.apache.ratis.thirdparty.io.grpc.stub.ClientCalls.blockingUnaryCall(ClientCalls.java:139)
	at org.apache.ratis.proto.grpc.RaftServerProtocolServiceGrpc$RaftServerProtocolServiceBlockingStub.requestVote(RaftServerProtocolServiceGrpc.java:265)
	at org.apache.ratis.grpc.server.GrpcServerProtocolClient.requestVote(GrpcServerProtocolClient.java:99)
	at org.apache.ratis.grpc.server.GrpcService.requestVote(GrpcService.java:204)
	at org.apache.ratis.server.impl.LeaderElection.lambda$submitRequests$1(LeaderElection.java:234)
	at java.util.concurrent.FutureTask.run(FutureTask.java:266)
	at java.util.concurrent.Executors$RunnableAdapter.call(Executors.java:511)
	at java.util.concurrent.FutureTask.run(FutureTask.java:266)
	at java.util.concurrent.ThreadPoolExecutor.runWorker(ThreadPoolExecutor.java:1149)
	at java.util.concurrent.ThreadPoolExecutor$Worker.run(ThreadPoolExecutor.java:624)
	... 1 more
Caused by: org.apache.ratis.thirdparty.io.netty.channel.AbstractChannel$AnnotatedConnectException: Connection refused: /192.168.157.254:43622
	at sun.nio.ch.SocketChannelImpl.checkConnect(Native Method)
	at sun.nio.ch.SocketChannelImpl.finishConnect(SocketChannelImpl.java:717)
	at org.apache.ratis.thirdparty.io.netty.channel.socket.nio.NioSocketChannel.doFinishConnect(NioSocketChannel.java:327)
	at org.apache.ratis.thirdparty.io.netty.channel.nio.AbstractNioChannel$AbstractNioUnsafe.finishConnect(AbstractNioChannel.java:340)
	at org.apache.ratis.thirdparty.io.netty.channel.nio.NioEventLoop.processSelectedKey(NioEventLoop.java:632)
	at org.apache.ratis.thirdparty.io.netty.channel.nio.NioEventLoop.processSelectedKeysOptimized(NioEventLoop.java:579)
	at org.apache.ratis.thirdparty.io.netty.channel.nio.NioEventLoop.processSelectedKeys(NioEventLoop.java:496)
	at org.apache.ratis.thirdparty.io.netty.channel.nio.NioEventLoop.run(NioEventLoop.java:458)
	at org.apache.ratis.thirdparty.io.netty.util.concurrent.SingleThreadEventExecutor$5.run(SingleThreadEventExecutor.java:897)
	at org.apache.ratis.thirdparty.io.netty.util.concurrent.FastThreadLocalRunnable.run(FastThreadLocalRunnable.java:30)
	... 1 more
Caused by: java.net.ConnectException: Connection refused
	... 11 more
2019-10-22 00:08:58,502 [1be30185-a2c0-4461-afc0-2cb02fcff473@group-A8B097DE35CC-LeaderElection592] INFO  impl.RaftServerImpl (RaftServerImpl.java:setRole(184)) - 1be30185-a2c0-4461-afc0-2cb02fcff473@group-A8B097DE35CC: changes role from CANDIDATE to FOLLOWER at term 141 for DISCOVERED_A_NEW_TERM
2019-10-22 00:08:58,502 [1be30185-a2c0-4461-afc0-2cb02fcff473@group-A8B097DE35CC-LeaderElection592] INFO  impl.RoleInfo (RoleInfo.java:shutdownLeaderElection(134)) - 1be30185-a2c0-4461-afc0-2cb02fcff473: shutdown LeaderElection
2019-10-22 00:08:58,502 [1be30185-a2c0-4461-afc0-2cb02fcff473@group-A8B097DE35CC-LeaderElection592] INFO  impl.RoleInfo (RoleInfo.java:updateAndGet(143)) - 1be30185-a2c0-4461-afc0-2cb02fcff473: start FollowerState
2019-10-22 00:08:58,515 [ForkJoinPool.commonPool-worker-0] INFO  utils.BackgroundService (BackgroundService.java:shutdown(151)) - Shutting down service BlockDeletingService
2019-10-22 00:08:58,520 [ForkJoinPool.commonPool-worker-0] INFO  statemachine.DatanodeStateMachine (DatanodeStateMachine.java:stopDaemon(395)) - Ozone container server stopped.
2019-10-22 00:08:58,525 [ForkJoinPool.commonPool-worker-0] INFO  handler.ContextHandler (ContextHandler.java:doStop(910)) - Stopped o.e.j.w.WebAppContext@73a0f2b{/,null,UNAVAILABLE}{/hddsDatanode}
2019-10-22 00:08:58,526 [ForkJoinPool.commonPool-worker-0] INFO  server.AbstractConnector (AbstractConnector.java:doStop(318)) - Stopped ServerConnector@fa5f81c{HTTP/1.1,[http/1.1]}{0.0.0.0:0}
2019-10-22 00:08:58,528 [ForkJoinPool.commonPool-worker-0] INFO  handler.ContextHandler (ContextHandler.java:doStop(910)) - Stopped o.e.j.s.ServletContextHandler@2ead6ba4{/static,jar:file:/home/user/.m2/repository/org/apache/hadoop/hadoop-hdds-container-service/0.5.0-SNAPSHOT/hadoop-hdds-container-service-0.5.0-SNAPSHOT.jar!/webapps/static,UNAVAILABLE}
2019-10-22 00:08:58,529 [ForkJoinPool.commonPool-worker-0] INFO  handler.ContextHandler (ContextHandler.java:doStop(910)) - Stopped o.e.j.s.ServletContextHandler@2404b5a{/logs,file:///workdir/hadoop-ozone/integration-test/target/log,UNAVAILABLE}
2019-10-22 00:08:58,673 [Thread-5044] INFO  impl.FollowerState (FollowerState.java:run(108)) - 1be30185-a2c0-4461-afc0-2cb02fcff473@group-A8B097DE35CC-FollowerState: change to CANDIDATE, lastRpcTime:170ms, electionTimeout:170ms
2019-10-22 00:08:58,673 [Thread-5044] INFO  impl.RoleInfo (RoleInfo.java:shutdownFollowerState(121)) - 1be30185-a2c0-4461-afc0-2cb02fcff473: shutdown FollowerState
2019-10-22 00:08:58,673 [Thread-5044] INFO  impl.RaftServerImpl (RaftServerImpl.java:setRole(184)) - 1be30185-a2c0-4461-afc0-2cb02fcff473@group-A8B097DE35CC: changes role from  FOLLOWER to CANDIDATE at term 141 for changeToCandidate
2019-10-22 00:08:58,673 [Thread-5044] INFO  impl.RoleInfo (RoleInfo.java:updateAndGet(143)) - 1be30185-a2c0-4461-afc0-2cb02fcff473: start LeaderElection
2019-10-22 00:08:58,676 [Datanode State Machine Thread - 0] INFO  statemachine.DatanodeStateMachine (DatanodeStateMachine.java:lambda$startDaemon$0(350)) - Ozone container server started.
2019-10-22 00:08:58,686 [1be30185-a2c0-4461-afc0-2cb02fcff473@group-A8B097DE35CC-LeaderElection593] INFO  impl.LeaderElection (LeaderElection.java:askForVotes(178)) - 1be30185-a2c0-4461-afc0-2cb02fcff473@group-A8B097DE35CC-LeaderElection593: begin an election at term 142 for -1: [e64b81a2-7e97-4a9c-9a90-0d1e8edce3a8:192.168.157.254:40074, d9951c0b-6d6e-4464-b06b-4ef93c20892c:192.168.157.254:43622, 1be30185-a2c0-4461-afc0-2cb02fcff473:192.168.157.254:38008], old=null
2019-10-22 00:08:58,686 [1be30185-a2c0-4461-afc0-2cb02fcff473@group-A8B097DE35CC-LeaderElection593] INFO  impl.LeaderElection (LogUtils.java:infoOrTrace(149)) - 1be30185-a2c0-4461-afc0-2cb02fcff473@group-A8B097DE35CC-LeaderElection593 got exception when requesting votes: {}
java.util.concurrent.ExecutionException: org.apache.ratis.thirdparty.io.grpc.StatusRuntimeException: UNAVAILABLE: io exception
	at java.util.concurrent.FutureTask.report(FutureTask.java:122)
	at java.util.concurrent.FutureTask.get(FutureTask.java:192)
	at org.apache.ratis.server.impl.LeaderElection.waitForResults(LeaderElection.java:259)
	at org.apache.ratis.server.impl.LeaderElection.askForVotes(LeaderElection.java:197)
	at org.apache.ratis.server.impl.LeaderElection.run(LeaderElection.java:133)
	at java.lang.Thread.run(Thread.java:748)
Caused by: org.apache.ratis.thirdparty.io.grpc.StatusRuntimeException: UNAVAILABLE: io exception
	at org.apache.ratis.thirdparty.io.grpc.stub.ClientCalls.toStatusRuntimeException(ClientCalls.java:233)
	at org.apache.ratis.thirdparty.io.grpc.stub.ClientCalls.getUnchecked(ClientCalls.java:214)
	at org.apache.ratis.thirdparty.io.grpc.stub.ClientCalls.blockingUnaryCall(ClientCalls.java:139)
	at org.apache.ratis.proto.grpc.RaftServerProtocolServiceGrpc$RaftServerProtocolServiceBlockingStub.requestVote(RaftServerProtocolServiceGrpc.java:265)
	at org.apache.ratis.grpc.server.GrpcServerProtocolClient.requestVote(GrpcServerProtocolClient.java:99)
	at org.apache.ratis.grpc.server.GrpcService.requestVote(GrpcService.java:204)
	at org.apache.ratis.server.impl.LeaderElection.lambda$submitRequests$1(LeaderElection.java:234)
	at java.util.concurrent.FutureTask.run(FutureTask.java:266)
	at java.util.concurrent.Executors$RunnableAdapter.call(Executors.java:511)
	at java.util.concurrent.FutureTask.run(FutureTask.java:266)
	at java.util.concurrent.ThreadPoolExecutor.runWorker(ThreadPoolExecutor.java:1149)
	at java.util.concurrent.ThreadPoolExecutor$Worker.run(ThreadPoolExecutor.java:624)
	... 1 more
Caused by: org.apache.ratis.thirdparty.io.netty.channel.AbstractChannel$AnnotatedConnectException: Connection refused: /192.168.157.254:43622
	at sun.nio.ch.SocketChannelImpl.checkConnect(Native Method)
	at sun.nio.ch.SocketChannelImpl.finishConnect(SocketChannelImpl.java:717)
	at org.apache.ratis.thirdparty.io.netty.channel.socket.nio.NioSocketChannel.doFinishConnect(NioSocketChannel.java:327)
	at org.apache.ratis.thirdparty.io.netty.channel.nio.AbstractNioChannel$AbstractNioUnsafe.finishConnect(AbstractNioChannel.java:340)
	at org.apache.ratis.thirdparty.io.netty.channel.nio.NioEventLoop.processSelectedKey(NioEventLoop.java:632)
	at org.apache.ratis.thirdparty.io.netty.channel.nio.NioEventLoop.processSelectedKeysOptimized(NioEventLoop.java:579)
	at org.apache.ratis.thirdparty.io.netty.channel.nio.NioEventLoop.processSelectedKeys(NioEventLoop.java:496)
	at org.apache.ratis.thirdparty.io.netty.channel.nio.NioEventLoop.run(NioEventLoop.java:458)
	at org.apache.ratis.thirdparty.io.netty.util.concurrent.SingleThreadEventExecutor$5.run(SingleThreadEventExecutor.java:897)
	at org.apache.ratis.thirdparty.io.netty.util.concurrent.FastThreadLocalRunnable.run(FastThreadLocalRunnable.java:30)
	... 1 more
Caused by: java.net.ConnectException: Connection refused
	... 11 more
2019-10-22 00:08:58,689 [grpc-default-executor-5] INFO  impl.RaftServerImpl (RaftServerImpl.java:setRole(184)) - e64b81a2-7e97-4a9c-9a90-0d1e8edce3a8@group-A8B097DE35CC: changes role from  FOLLOWER to FOLLOWER at term 142 for recognizeCandidate:1be30185-a2c0-4461-afc0-2cb02fcff473
2019-10-22 00:08:58,689 [grpc-default-executor-5] INFO  impl.RoleInfo (RoleInfo.java:shutdownFollowerState(121)) - e64b81a2-7e97-4a9c-9a90-0d1e8edce3a8: shutdown FollowerState
2019-10-22 00:08:58,689 [grpc-default-executor-5] INFO  impl.RoleInfo (RoleInfo.java:updateAndGet(143)) - e64b81a2-7e97-4a9c-9a90-0d1e8edce3a8: start FollowerState
2019-10-22 00:08:58,689 [Thread-5043] INFO  impl.FollowerState (FollowerState.java:run(117)) - e64b81a2-7e97-4a9c-9a90-0d1e8edce3a8@group-A8B097DE35CC-FollowerState was interrupted: java.lang.InterruptedException: sleep interrupted
2019-10-22 00:08:58,702 [1be30185-a2c0-4461-afc0-2cb02fcff473@group-A8B097DE35CC-LeaderElection593] INFO  impl.LeaderElection (LeaderElection.java:logAndReturn(56)) - 1be30185-a2c0-4461-afc0-2cb02fcff473@group-A8B097DE35CC-LeaderElection593: Election REJECTED; received 1 response(s) [1be30185-a2c0-4461-afc0-2cb02fcff473<-e64b81a2-7e97-4a9c-9a90-0d1e8edce3a8#0:FAIL-t142] and 1 exception(s); 1be30185-a2c0-4461-afc0-2cb02fcff473@group-A8B097DE35CC:t142, leader=null, voted=1be30185-a2c0-4461-afc0-2cb02fcff473, raftlog=1be30185-a2c0-4461-afc0-2cb02fcff473@group-A8B097DE35CC-SegmentedRaftLog:OPENED:c-1,f-1,i0, conf=-1: [e64b81a2-7e97-4a9c-9a90-0d1e8edce3a8:192.168.157.254:40074, d9951c0b-6d6e-4464-b06b-4ef93c20892c:192.168.157.254:43622, 1be30185-a2c0-4461-afc0-2cb02fcff473:192.168.157.254:38008], old=null
2019-10-22 00:08:58,702 [1be30185-a2c0-4461-afc0-2cb02fcff473@group-A8B097DE35CC-LeaderElection593] INFO  impl.LeaderElection (LogUtils.java:infoOrTrace(149)) -   Exception 0: {}
java.util.concurrent.ExecutionException: org.apache.ratis.thirdparty.io.grpc.StatusRuntimeException: UNAVAILABLE: io exception
	at java.util.concurrent.FutureTask.report(FutureTask.java:122)
	at java.util.concurrent.FutureTask.get(FutureTask.java:192)
	at org.apache.ratis.server.impl.LeaderElection.waitForResults(LeaderElection.java:259)
	at org.apache.ratis.server.impl.LeaderElection.askForVotes(LeaderElection.java:197)
	at org.apache.ratis.server.impl.LeaderElection.run(LeaderElection.java:133)
	at java.lang.Thread.run(Thread.java:748)
Caused by: org.apache.ratis.thirdparty.io.grpc.StatusRuntimeException: UNAVAILABLE: io exception
	at org.apache.ratis.thirdparty.io.grpc.stub.ClientCalls.toStatusRuntimeException(ClientCalls.java:233)
	at org.apache.ratis.thirdparty.io.grpc.stub.ClientCalls.getUnchecked(ClientCalls.java:214)
	at org.apache.ratis.thirdparty.io.grpc.stub.ClientCalls.blockingUnaryCall(ClientCalls.java:139)
	at org.apache.ratis.proto.grpc.RaftServerProtocolServiceGrpc$RaftServerProtocolServiceBlockingStub.requestVote(RaftServerProtocolServiceGrpc.java:265)
	at org.apache.ratis.grpc.server.GrpcServerProtocolClient.requestVote(GrpcServerProtocolClient.java:99)
	at org.apache.ratis.grpc.server.GrpcService.requestVote(GrpcService.java:204)
	at org.apache.ratis.server.impl.LeaderElection.lambda$submitRequests$1(LeaderElection.java:234)
	at java.util.concurrent.FutureTask.run(FutureTask.java:266)
	at java.util.concurrent.Executors$RunnableAdapter.call(Executors.java:511)
	at java.util.concurrent.FutureTask.run(FutureTask.java:266)
	at java.util.concurrent.ThreadPoolExecutor.runWorker(ThreadPoolExecutor.java:1149)
	at java.util.concurrent.ThreadPoolExecutor$Worker.run(ThreadPoolExecutor.java:624)
	... 1 more
Caused by: org.apache.ratis.thirdparty.io.netty.channel.AbstractChannel$AnnotatedConnectException: Connection refused: /192.168.157.254:43622
	at sun.nio.ch.SocketChannelImpl.checkConnect(Native Method)
	at sun.nio.ch.SocketChannelImpl.finishConnect(SocketChannelImpl.java:717)
	at org.apache.ratis.thirdparty.io.netty.channel.socket.nio.NioSocketChannel.doFinishConnect(NioSocketChannel.java:327)
	at org.apache.ratis.thirdparty.io.netty.channel.nio.AbstractNioChannel$AbstractNioUnsafe.finishConnect(AbstractNioChannel.java:340)
	at org.apache.ratis.thirdparty.io.netty.channel.nio.NioEventLoop.processSelectedKey(NioEventLoop.java:632)
	at org.apache.ratis.thirdparty.io.netty.channel.nio.NioEventLoop.processSelectedKeysOptimized(NioEventLoop.java:579)
	at org.apache.ratis.thirdparty.io.netty.channel.nio.NioEventLoop.processSelectedKeys(NioEventLoop.java:496)
	at org.apache.ratis.thirdparty.io.netty.channel.nio.NioEventLoop.run(NioEventLoop.java:458)
	at org.apache.ratis.thirdparty.io.netty.util.concurrent.SingleThreadEventExecutor$5.run(SingleThreadEventExecutor.java:897)
	at org.apache.ratis.thirdparty.io.netty.util.concurrent.FastThreadLocalRunnable.run(FastThreadLocalRunnable.java:30)
	... 1 more
Caused by: java.net.ConnectException: Connection refused
	... 11 more
2019-10-22 00:08:58,702 [1be30185-a2c0-4461-afc0-2cb02fcff473@group-A8B097DE35CC-LeaderElection593] INFO  impl.RaftServerImpl (RaftServerImpl.java:setRole(184)) - 1be30185-a2c0-4461-afc0-2cb02fcff473@group-A8B097DE35CC: changes role from CANDIDATE to FOLLOWER at term 142 for DISCOVERED_A_NEW_TERM
2019-10-22 00:08:58,703 [1be30185-a2c0-4461-afc0-2cb02fcff473@group-A8B097DE35CC-LeaderElection593] INFO  impl.RoleInfo (RoleInfo.java:shutdownLeaderElection(134)) - 1be30185-a2c0-4461-afc0-2cb02fcff473: shutdown LeaderElection
2019-10-22 00:08:58,703 [1be30185-a2c0-4461-afc0-2cb02fcff473@group-A8B097DE35CC-LeaderElection593] INFO  impl.RoleInfo (RoleInfo.java:updateAndGet(143)) - 1be30185-a2c0-4461-afc0-2cb02fcff473: start FollowerState
2019-10-22 00:08:58,789 [Thread-5049] INFO  impl.FollowerState (FollowerState.java:run(108)) - 1be30185-a2c0-4461-afc0-2cb02fcff473@group-A8B097DE35CC-FollowerState: change to CANDIDATE, lastRpcTime:86ms, electionTimeout:86ms
2019-10-22 00:08:58,789 [Thread-5049] INFO  impl.RoleInfo (RoleInfo.java:shutdownFollowerState(121)) - 1be30185-a2c0-4461-afc0-2cb02fcff473: shutdown FollowerState
2019-10-22 00:08:58,789 [Thread-5049] INFO  impl.RaftServerImpl (RaftServerImpl.java:setRole(184)) - 1be30185-a2c0-4461-afc0-2cb02fcff473@group-A8B097DE35CC: changes role from  FOLLOWER to CANDIDATE at term 142 for changeToCandidate
2019-10-22 00:08:58,789 [Thread-5049] INFO  impl.RoleInfo (RoleInfo.java:updateAndGet(143)) - 1be30185-a2c0-4461-afc0-2cb02fcff473: start LeaderElection
2019-10-22 00:08:58,803 [1be30185-a2c0-4461-afc0-2cb02fcff473@group-A8B097DE35CC-LeaderElection594] INFO  impl.LeaderElection (LeaderElection.java:askForVotes(178)) - 1be30185-a2c0-4461-afc0-2cb02fcff473@group-A8B097DE35CC-LeaderElection594: begin an election at term 143 for -1: [e64b81a2-7e97-4a9c-9a90-0d1e8edce3a8:192.168.157.254:40074, d9951c0b-6d6e-4464-b06b-4ef93c20892c:192.168.157.254:43622, 1be30185-a2c0-4461-afc0-2cb02fcff473:192.168.157.254:38008], old=null
2019-10-22 00:08:58,803 [1be30185-a2c0-4461-afc0-2cb02fcff473@group-A8B097DE35CC-LeaderElection594] INFO  impl.LeaderElection (LogUtils.java:infoOrTrace(149)) - 1be30185-a2c0-4461-afc0-2cb02fcff473@group-A8B097DE35CC-LeaderElection594 got exception when requesting votes: {}
java.util.concurrent.ExecutionException: org.apache.ratis.thirdparty.io.grpc.StatusRuntimeException: UNAVAILABLE: io exception
	at java.util.concurrent.FutureTask.report(FutureTask.java:122)
	at java.util.concurrent.FutureTask.get(FutureTask.java:192)
	at org.apache.ratis.server.impl.LeaderElection.waitForResults(LeaderElection.java:259)
	at org.apache.ratis.server.impl.LeaderElection.askForVotes(LeaderElection.java:197)
	at org.apache.ratis.server.impl.LeaderElection.run(LeaderElection.java:133)
	at java.lang.Thread.run(Thread.java:748)
Caused by: org.apache.ratis.thirdparty.io.grpc.StatusRuntimeException: UNAVAILABLE: io exception
	at org.apache.ratis.thirdparty.io.grpc.stub.ClientCalls.toStatusRuntimeException(ClientCalls.java:233)
	at org.apache.ratis.thirdparty.io.grpc.stub.ClientCalls.getUnchecked(ClientCalls.java:214)
	at org.apache.ratis.thirdparty.io.grpc.stub.ClientCalls.blockingUnaryCall(ClientCalls.java:139)
	at org.apache.ratis.proto.grpc.RaftServerProtocolServiceGrpc$RaftServerProtocolServiceBlockingStub.requestVote(RaftServerProtocolServiceGrpc.java:265)
	at org.apache.ratis.grpc.server.GrpcServerProtocolClient.requestVote(GrpcServerProtocolClient.java:99)
	at org.apache.ratis.grpc.server.GrpcService.requestVote(GrpcService.java:204)
	at org.apache.ratis.server.impl.LeaderElection.lambda$submitRequests$1(LeaderElection.java:234)
	at java.util.concurrent.FutureTask.run(FutureTask.java:266)
	at java.util.concurrent.Executors$RunnableAdapter.call(Executors.java:511)
	at java.util.concurrent.FutureTask.run(FutureTask.java:266)
	at java.util.concurrent.ThreadPoolExecutor.runWorker(ThreadPoolExecutor.java:1149)
	at java.util.concurrent.ThreadPoolExecutor$Worker.run(ThreadPoolExecutor.java:624)
	... 1 more
Caused by: org.apache.ratis.thirdparty.io.netty.channel.AbstractChannel$AnnotatedConnectException: Connection refused: /192.168.157.254:43622
	at sun.nio.ch.SocketChannelImpl.checkConnect(Native Method)
	at sun.nio.ch.SocketChannelImpl.finishConnect(SocketChannelImpl.java:717)
	at org.apache.ratis.thirdparty.io.netty.channel.socket.nio.NioSocketChannel.doFinishConnect(NioSocketChannel.java:327)
	at org.apache.ratis.thirdparty.io.netty.channel.nio.AbstractNioChannel$AbstractNioUnsafe.finishConnect(AbstractNioChannel.java:340)
	at org.apache.ratis.thirdparty.io.netty.channel.nio.NioEventLoop.processSelectedKey(NioEventLoop.java:632)
	at org.apache.ratis.thirdparty.io.netty.channel.nio.NioEventLoop.processSelectedKeysOptimized(NioEventLoop.java:579)
	at org.apache.ratis.thirdparty.io.netty.channel.nio.NioEventLoop.processSelectedKeys(NioEventLoop.java:496)
	at org.apache.ratis.thirdparty.io.netty.channel.nio.NioEventLoop.run(NioEventLoop.java:458)
	at org.apache.ratis.thirdparty.io.netty.util.concurrent.SingleThreadEventExecutor$5.run(SingleThreadEventExecutor.java:897)
	at org.apache.ratis.thirdparty.io.netty.util.concurrent.FastThreadLocalRunnable.run(FastThreadLocalRunnable.java:30)
	... 1 more
Caused by: java.net.ConnectException: Connection refused
	... 11 more
2019-10-22 00:08:58,806 [grpc-default-executor-5] INFO  impl.RaftServerImpl (RaftServerImpl.java:setRole(184)) - e64b81a2-7e97-4a9c-9a90-0d1e8edce3a8@group-A8B097DE35CC: changes role from  FOLLOWER to FOLLOWER at term 143 for recognizeCandidate:1be30185-a2c0-4461-afc0-2cb02fcff473
2019-10-22 00:08:58,806 [grpc-default-executor-5] INFO  impl.RoleInfo (RoleInfo.java:shutdownFollowerState(121)) - e64b81a2-7e97-4a9c-9a90-0d1e8edce3a8: shutdown FollowerState
2019-10-22 00:08:58,806 [grpc-default-executor-5] INFO  impl.RoleInfo (RoleInfo.java:updateAndGet(143)) - e64b81a2-7e97-4a9c-9a90-0d1e8edce3a8: start FollowerState
2019-10-22 00:08:58,806 [Thread-5048] INFO  impl.FollowerState (FollowerState.java:run(117)) - e64b81a2-7e97-4a9c-9a90-0d1e8edce3a8@group-A8B097DE35CC-FollowerState was interrupted: java.lang.InterruptedException: sleep interrupted
2019-10-22 00:08:58,819 [1be30185-a2c0-4461-afc0-2cb02fcff473@group-A8B097DE35CC-LeaderElection594] INFO  impl.LeaderElection (LeaderElection.java:logAndReturn(56)) - 1be30185-a2c0-4461-afc0-2cb02fcff473@group-A8B097DE35CC-LeaderElection594: Election REJECTED; received 1 response(s) [1be30185-a2c0-4461-afc0-2cb02fcff473<-e64b81a2-7e97-4a9c-9a90-0d1e8edce3a8#0:FAIL-t143] and 1 exception(s); 1be30185-a2c0-4461-afc0-2cb02fcff473@group-A8B097DE35CC:t143, leader=null, voted=1be30185-a2c0-4461-afc0-2cb02fcff473, raftlog=1be30185-a2c0-4461-afc0-2cb02fcff473@group-A8B097DE35CC-SegmentedRaftLog:OPENED:c-1,f-1,i0, conf=-1: [e64b81a2-7e97-4a9c-9a90-0d1e8edce3a8:192.168.157.254:40074, d9951c0b-6d6e-4464-b06b-4ef93c20892c:192.168.157.254:43622, 1be30185-a2c0-4461-afc0-2cb02fcff473:192.168.157.254:38008], old=null
2019-10-22 00:08:58,819 [1be30185-a2c0-4461-afc0-2cb02fcff473@group-A8B097DE35CC-LeaderElection594] INFO  impl.LeaderElection (LogUtils.java:infoOrTrace(149)) -   Exception 0: {}
java.util.concurrent.ExecutionException: org.apache.ratis.thirdparty.io.grpc.StatusRuntimeException: UNAVAILABLE: io exception
	at java.util.concurrent.FutureTask.report(FutureTask.java:122)
	at java.util.concurrent.FutureTask.get(FutureTask.java:192)
	at org.apache.ratis.server.impl.LeaderElection.waitForResults(LeaderElection.java:259)
	at org.apache.ratis.server.impl.LeaderElection.askForVotes(LeaderElection.java:197)
	at org.apache.ratis.server.impl.LeaderElection.run(LeaderElection.java:133)
	at java.lang.Thread.run(Thread.java:748)
Caused by: org.apache.ratis.thirdparty.io.grpc.StatusRuntimeException: UNAVAILABLE: io exception
	at org.apache.ratis.thirdparty.io.grpc.stub.ClientCalls.toStatusRuntimeException(ClientCalls.java:233)
	at org.apache.ratis.thirdparty.io.grpc.stub.ClientCalls.getUnchecked(ClientCalls.java:214)
	at org.apache.ratis.thirdparty.io.grpc.stub.ClientCalls.blockingUnaryCall(ClientCalls.java:139)
	at org.apache.ratis.proto.grpc.RaftServerProtocolServiceGrpc$RaftServerProtocolServiceBlockingStub.requestVote(RaftServerProtocolServiceGrpc.java:265)
	at org.apache.ratis.grpc.server.GrpcServerProtocolClient.requestVote(GrpcServerProtocolClient.java:99)
	at org.apache.ratis.grpc.server.GrpcService.requestVote(GrpcService.java:204)
	at org.apache.ratis.server.impl.LeaderElection.lambda$submitRequests$1(LeaderElection.java:234)
	at java.util.concurrent.FutureTask.run(FutureTask.java:266)
	at java.util.concurrent.Executors$RunnableAdapter.call(Executors.java:511)
	at java.util.concurrent.FutureTask.run(FutureTask.java:266)
	at java.util.concurrent.ThreadPoolExecutor.runWorker(ThreadPoolExecutor.java:1149)
	at java.util.concurrent.ThreadPoolExecutor$Worker.run(ThreadPoolExecutor.java:624)
	... 1 more
Caused by: org.apache.ratis.thirdparty.io.netty.channel.AbstractChannel$AnnotatedConnectException: Connection refused: /192.168.157.254:43622
	at sun.nio.ch.SocketChannelImpl.checkConnect(Native Method)
	at sun.nio.ch.SocketChannelImpl.finishConnect(SocketChannelImpl.java:717)
	at org.apache.ratis.thirdparty.io.netty.channel.socket.nio.NioSocketChannel.doFinishConnect(NioSocketChannel.java:327)
	at org.apache.ratis.thirdparty.io.netty.channel.nio.AbstractNioChannel$AbstractNioUnsafe.finishConnect(AbstractNioChannel.java:340)
	at org.apache.ratis.thirdparty.io.netty.channel.nio.NioEventLoop.processSelectedKey(NioEventLoop.java:632)
	at org.apache.ratis.thirdparty.io.netty.channel.nio.NioEventLoop.processSelectedKeysOptimized(NioEventLoop.java:579)
	at org.apache.ratis.thirdparty.io.netty.channel.nio.NioEventLoop.processSelectedKeys(NioEventLoop.java:496)
	at org.apache.ratis.thirdparty.io.netty.channel.nio.NioEventLoop.run(NioEventLoop.java:458)
	at org.apache.ratis.thirdparty.io.netty.util.concurrent.SingleThreadEventExecutor$5.run(SingleThreadEventExecutor.java:897)
	at org.apache.ratis.thirdparty.io.netty.util.concurrent.FastThreadLocalRunnable.run(FastThreadLocalRunnable.java:30)
	... 1 more
Caused by: java.net.ConnectException: Connection refused
	... 11 more
2019-10-22 00:08:58,819 [1be30185-a2c0-4461-afc0-2cb02fcff473@group-A8B097DE35CC-LeaderElection594] INFO  impl.RaftServerImpl (RaftServerImpl.java:setRole(184)) - 1be30185-a2c0-4461-afc0-2cb02fcff473@group-A8B097DE35CC: changes role from CANDIDATE to FOLLOWER at term 143 for DISCOVERED_A_NEW_TERM
2019-10-22 00:08:58,819 [1be30185-a2c0-4461-afc0-2cb02fcff473@group-A8B097DE35CC-LeaderElection594] INFO  impl.RoleInfo (RoleInfo.java:shutdownLeaderElection(134)) - 1be30185-a2c0-4461-afc0-2cb02fcff473: shutdown LeaderElection
2019-10-22 00:08:58,820 [1be30185-a2c0-4461-afc0-2cb02fcff473@group-A8B097DE35CC-LeaderElection594] INFO  impl.RoleInfo (RoleInfo.java:updateAndGet(143)) - 1be30185-a2c0-4461-afc0-2cb02fcff473: start FollowerState
2019-10-22 00:08:58,957 [Thread-5054] INFO  impl.FollowerState (FollowerState.java:run(108)) - 1be30185-a2c0-4461-afc0-2cb02fcff473@group-A8B097DE35CC-FollowerState: change to CANDIDATE, lastRpcTime:137ms, electionTimeout:137ms
2019-10-22 00:08:58,957 [Thread-5054] INFO  impl.RoleInfo (RoleInfo.java:shutdownFollowerState(121)) - 1be30185-a2c0-4461-afc0-2cb02fcff473: shutdown FollowerState
2019-10-22 00:08:58,957 [Thread-5054] INFO  impl.RaftServerImpl (RaftServerImpl.java:setRole(184)) - 1be30185-a2c0-4461-afc0-2cb02fcff473@group-A8B097DE35CC: changes role from  FOLLOWER to CANDIDATE at term 143 for changeToCandidate
2019-10-22 00:08:58,957 [Thread-5054] INFO  impl.RoleInfo (RoleInfo.java:updateAndGet(143)) - 1be30185-a2c0-4461-afc0-2cb02fcff473: start LeaderElection
2019-10-22 00:08:58,970 [1be30185-a2c0-4461-afc0-2cb02fcff473@group-A8B097DE35CC-LeaderElection595] INFO  impl.LeaderElection (LeaderElection.java:askForVotes(178)) - 1be30185-a2c0-4461-afc0-2cb02fcff473@group-A8B097DE35CC-LeaderElection595: begin an election at term 144 for -1: [e64b81a2-7e97-4a9c-9a90-0d1e8edce3a8:192.168.157.254:40074, d9951c0b-6d6e-4464-b06b-4ef93c20892c:192.168.157.254:43622, 1be30185-a2c0-4461-afc0-2cb02fcff473:192.168.157.254:38008], old=null
2019-10-22 00:08:58,971 [1be30185-a2c0-4461-afc0-2cb02fcff473@group-A8B097DE35CC-LeaderElection595] INFO  impl.LeaderElection (LogUtils.java:infoOrTrace(149)) - 1be30185-a2c0-4461-afc0-2cb02fcff473@group-A8B097DE35CC-LeaderElection595 got exception when requesting votes: {}
java.util.concurrent.ExecutionException: org.apache.ratis.thirdparty.io.grpc.StatusRuntimeException: UNAVAILABLE: io exception
	at java.util.concurrent.FutureTask.report(FutureTask.java:122)
	at java.util.concurrent.FutureTask.get(FutureTask.java:192)
	at org.apache.ratis.server.impl.LeaderElection.waitForResults(LeaderElection.java:259)
	at org.apache.ratis.server.impl.LeaderElection.askForVotes(LeaderElection.java:197)
	at org.apache.ratis.server.impl.LeaderElection.run(LeaderElection.java:133)
	at java.lang.Thread.run(Thread.java:748)
Caused by: org.apache.ratis.thirdparty.io.grpc.StatusRuntimeException: UNAVAILABLE: io exception
	at org.apache.ratis.thirdparty.io.grpc.stub.ClientCalls.toStatusRuntimeException(ClientCalls.java:233)
	at org.apache.ratis.thirdparty.io.grpc.stub.ClientCalls.getUnchecked(ClientCalls.java:214)
	at org.apache.ratis.thirdparty.io.grpc.stub.ClientCalls.blockingUnaryCall(ClientCalls.java:139)
	at org.apache.ratis.proto.grpc.RaftServerProtocolServiceGrpc$RaftServerProtocolServiceBlockingStub.requestVote(RaftServerProtocolServiceGrpc.java:265)
	at org.apache.ratis.grpc.server.GrpcServerProtocolClient.requestVote(GrpcServerProtocolClient.java:99)
	at org.apache.ratis.grpc.server.GrpcService.requestVote(GrpcService.java:204)
	at org.apache.ratis.server.impl.LeaderElection.lambda$submitRequests$1(LeaderElection.java:234)
	at java.util.concurrent.FutureTask.run(FutureTask.java:266)
	at java.util.concurrent.Executors$RunnableAdapter.call(Executors.java:511)
	at java.util.concurrent.FutureTask.run(FutureTask.java:266)
	at java.util.concurrent.ThreadPoolExecutor.runWorker(ThreadPoolExecutor.java:1149)
	at java.util.concurrent.ThreadPoolExecutor$Worker.run(ThreadPoolExecutor.java:624)
	... 1 more
Caused by: org.apache.ratis.thirdparty.io.netty.channel.AbstractChannel$AnnotatedConnectException: Connection refused: /192.168.157.254:43622
	at sun.nio.ch.SocketChannelImpl.checkConnect(Native Method)
	at sun.nio.ch.SocketChannelImpl.finishConnect(SocketChannelImpl.java:717)
	at org.apache.ratis.thirdparty.io.netty.channel.socket.nio.NioSocketChannel.doFinishConnect(NioSocketChannel.java:327)
	at org.apache.ratis.thirdparty.io.netty.channel.nio.AbstractNioChannel$AbstractNioUnsafe.finishConnect(AbstractNioChannel.java:340)
	at org.apache.ratis.thirdparty.io.netty.channel.nio.NioEventLoop.processSelectedKey(NioEventLoop.java:632)
	at org.apache.ratis.thirdparty.io.netty.channel.nio.NioEventLoop.processSelectedKeysOptimized(NioEventLoop.java:579)
	at org.apache.ratis.thirdparty.io.netty.channel.nio.NioEventLoop.processSelectedKeys(NioEventLoop.java:496)
	at org.apache.ratis.thirdparty.io.netty.channel.nio.NioEventLoop.run(NioEventLoop.java:458)
	at org.apache.ratis.thirdparty.io.netty.util.concurrent.SingleThreadEventExecutor$5.run(SingleThreadEventExecutor.java:897)
	at org.apache.ratis.thirdparty.io.netty.util.concurrent.FastThreadLocalRunnable.run(FastThreadLocalRunnable.java:30)
	... 1 more
Caused by: java.net.ConnectException: Connection refused
	... 11 more
2019-10-22 00:08:58,974 [grpc-default-executor-8] INFO  impl.RaftServerImpl (RaftServerImpl.java:setRole(184)) - e64b81a2-7e97-4a9c-9a90-0d1e8edce3a8@group-A8B097DE35CC: changes role from  FOLLOWER to FOLLOWER at term 144 for recognizeCandidate:1be30185-a2c0-4461-afc0-2cb02fcff473
2019-10-22 00:08:58,975 [grpc-default-executor-8] INFO  impl.RoleInfo (RoleInfo.java:shutdownFollowerState(121)) - e64b81a2-7e97-4a9c-9a90-0d1e8edce3a8: shutdown FollowerState
2019-10-22 00:08:58,975 [grpc-default-executor-8] INFO  impl.RoleInfo (RoleInfo.java:updateAndGet(143)) - e64b81a2-7e97-4a9c-9a90-0d1e8edce3a8: start FollowerState
2019-10-22 00:08:58,975 [Thread-5053] INFO  impl.FollowerState (FollowerState.java:run(117)) - e64b81a2-7e97-4a9c-9a90-0d1e8edce3a8@group-A8B097DE35CC-FollowerState was interrupted: java.lang.InterruptedException: sleep interrupted
2019-10-22 00:08:58,988 [1be30185-a2c0-4461-afc0-2cb02fcff473@group-A8B097DE35CC-LeaderElection595] INFO  impl.LeaderElection (LeaderElection.java:logAndReturn(56)) - 1be30185-a2c0-4461-afc0-2cb02fcff473@group-A8B097DE35CC-LeaderElection595: Election REJECTED; received 1 response(s) [1be30185-a2c0-4461-afc0-2cb02fcff473<-e64b81a2-7e97-4a9c-9a90-0d1e8edce3a8#0:FAIL-t144] and 1 exception(s); 1be30185-a2c0-4461-afc0-2cb02fcff473@group-A8B097DE35CC:t144, leader=null, voted=1be30185-a2c0-4461-afc0-2cb02fcff473, raftlog=1be30185-a2c0-4461-afc0-2cb02fcff473@group-A8B097DE35CC-SegmentedRaftLog:OPENED:c-1,f-1,i0, conf=-1: [e64b81a2-7e97-4a9c-9a90-0d1e8edce3a8:192.168.157.254:40074, d9951c0b-6d6e-4464-b06b-4ef93c20892c:192.168.157.254:43622, 1be30185-a2c0-4461-afc0-2cb02fcff473:192.168.157.254:38008], old=null
2019-10-22 00:08:58,988 [1be30185-a2c0-4461-afc0-2cb02fcff473@group-A8B097DE35CC-LeaderElection595] INFO  impl.LeaderElection (LogUtils.java:infoOrTrace(149)) -   Exception 0: {}
java.util.concurrent.ExecutionException: org.apache.ratis.thirdparty.io.grpc.StatusRuntimeException: UNAVAILABLE: io exception
	at java.util.concurrent.FutureTask.report(FutureTask.java:122)
	at java.util.concurrent.FutureTask.get(FutureTask.java:192)
	at org.apache.ratis.server.impl.LeaderElection.waitForResults(LeaderElection.java:259)
	at org.apache.ratis.server.impl.LeaderElection.askForVotes(LeaderElection.java:197)
	at org.apache.ratis.server.impl.LeaderElection.run(LeaderElection.java:133)
	at java.lang.Thread.run(Thread.java:748)
Caused by: org.apache.ratis.thirdparty.io.grpc.StatusRuntimeException: UNAVAILABLE: io exception
	at org.apache.ratis.thirdparty.io.grpc.stub.ClientCalls.toStatusRuntimeException(ClientCalls.java:233)
	at org.apache.ratis.thirdparty.io.grpc.stub.ClientCalls.getUnchecked(ClientCalls.java:214)
	at org.apache.ratis.thirdparty.io.grpc.stub.ClientCalls.blockingUnaryCall(ClientCalls.java:139)
	at org.apache.ratis.proto.grpc.RaftServerProtocolServiceGrpc$RaftServerProtocolServiceBlockingStub.requestVote(RaftServerProtocolServiceGrpc.java:265)
	at org.apache.ratis.grpc.server.GrpcServerProtocolClient.requestVote(GrpcServerProtocolClient.java:99)
	at org.apache.ratis.grpc.server.GrpcService.requestVote(GrpcService.java:204)
	at org.apache.ratis.server.impl.LeaderElection.lambda$submitRequests$1(LeaderElection.java:234)
	at java.util.concurrent.FutureTask.run(FutureTask.java:266)
	at java.util.concurrent.Executors$RunnableAdapter.call(Executors.java:511)
	at java.util.concurrent.FutureTask.run(FutureTask.java:266)
	at java.util.concurrent.ThreadPoolExecutor.runWorker(ThreadPoolExecutor.java:1149)
	at java.util.concurrent.ThreadPoolExecutor$Worker.run(ThreadPoolExecutor.java:624)
	... 1 more
Caused by: org.apache.ratis.thirdparty.io.netty.channel.AbstractChannel$AnnotatedConnectException: Connection refused: /192.168.157.254:43622
	at sun.nio.ch.SocketChannelImpl.checkConnect(Native Method)
	at sun.nio.ch.SocketChannelImpl.finishConnect(SocketChannelImpl.java:717)
	at org.apache.ratis.thirdparty.io.netty.channel.socket.nio.NioSocketChannel.doFinishConnect(NioSocketChannel.java:327)
	at org.apache.ratis.thirdparty.io.netty.channel.nio.AbstractNioChannel$AbstractNioUnsafe.finishConnect(AbstractNioChannel.java:340)
	at org.apache.ratis.thirdparty.io.netty.channel.nio.NioEventLoop.processSelectedKey(NioEventLoop.java:632)
	at org.apache.ratis.thirdparty.io.netty.channel.nio.NioEventLoop.processSelectedKeysOptimized(NioEventLoop.java:579)
	at org.apache.ratis.thirdparty.io.netty.channel.nio.NioEventLoop.processSelectedKeys(NioEventLoop.java:496)
	at org.apache.ratis.thirdparty.io.netty.channel.nio.NioEventLoop.run(NioEventLoop.java:458)
	at org.apache.ratis.thirdparty.io.netty.util.concurrent.SingleThreadEventExecutor$5.run(SingleThreadEventExecutor.java:897)
	at org.apache.ratis.thirdparty.io.netty.util.concurrent.FastThreadLocalRunnable.run(FastThreadLocalRunnable.java:30)
	... 1 more
Caused by: java.net.ConnectException: Connection refused
	... 11 more
2019-10-22 00:08:58,989 [1be30185-a2c0-4461-afc0-2cb02fcff473@group-A8B097DE35CC-LeaderElection595] INFO  impl.RaftServerImpl (RaftServerImpl.java:setRole(184)) - 1be30185-a2c0-4461-afc0-2cb02fcff473@group-A8B097DE35CC: changes role from CANDIDATE to FOLLOWER at term 144 for DISCOVERED_A_NEW_TERM
2019-10-22 00:08:58,989 [1be30185-a2c0-4461-afc0-2cb02fcff473@group-A8B097DE35CC-LeaderElection595] INFO  impl.RoleInfo (RoleInfo.java:shutdownLeaderElection(134)) - 1be30185-a2c0-4461-afc0-2cb02fcff473: shutdown LeaderElection
2019-10-22 00:08:58,989 [1be30185-a2c0-4461-afc0-2cb02fcff473@group-A8B097DE35CC-LeaderElection595] INFO  impl.RoleInfo (RoleInfo.java:updateAndGet(143)) - 1be30185-a2c0-4461-afc0-2cb02fcff473: start FollowerState
2019-10-22 00:08:59,068 [Thread-5061] INFO  impl.FollowerState (FollowerState.java:run(108)) - 1be30185-a2c0-4461-afc0-2cb02fcff473@group-A8B097DE35CC-FollowerState: change to CANDIDATE, lastRpcTime:79ms, electionTimeout:79ms
2019-10-22 00:08:59,068 [Thread-5061] INFO  impl.RoleInfo (RoleInfo.java:shutdownFollowerState(121)) - 1be30185-a2c0-4461-afc0-2cb02fcff473: shutdown FollowerState
2019-10-22 00:08:59,068 [Thread-5061] INFO  impl.RaftServerImpl (RaftServerImpl.java:setRole(184)) - 1be30185-a2c0-4461-afc0-2cb02fcff473@group-A8B097DE35CC: changes role from  FOLLOWER to CANDIDATE at term 144 for changeToCandidate
2019-10-22 00:08:59,069 [Thread-5061] INFO  impl.RoleInfo (RoleInfo.java:updateAndGet(143)) - 1be30185-a2c0-4461-afc0-2cb02fcff473: start LeaderElection
2019-10-22 00:08:59,082 [1be30185-a2c0-4461-afc0-2cb02fcff473@group-A8B097DE35CC-LeaderElection596] INFO  impl.LeaderElection (LeaderElection.java:askForVotes(178)) - 1be30185-a2c0-4461-afc0-2cb02fcff473@group-A8B097DE35CC-LeaderElection596: begin an election at term 145 for -1: [e64b81a2-7e97-4a9c-9a90-0d1e8edce3a8:192.168.157.254:40074, d9951c0b-6d6e-4464-b06b-4ef93c20892c:192.168.157.254:43622, 1be30185-a2c0-4461-afc0-2cb02fcff473:192.168.157.254:38008], old=null
2019-10-22 00:08:59,082 [1be30185-a2c0-4461-afc0-2cb02fcff473@group-A8B097DE35CC-LeaderElection596] INFO  impl.LeaderElection (LogUtils.java:infoOrTrace(149)) - 1be30185-a2c0-4461-afc0-2cb02fcff473@group-A8B097DE35CC-LeaderElection596 got exception when requesting votes: {}
java.util.concurrent.ExecutionException: org.apache.ratis.thirdparty.io.grpc.StatusRuntimeException: UNAVAILABLE: io exception
	at java.util.concurrent.FutureTask.report(FutureTask.java:122)
	at java.util.concurrent.FutureTask.get(FutureTask.java:192)
	at org.apache.ratis.server.impl.LeaderElection.waitForResults(LeaderElection.java:259)
	at org.apache.ratis.server.impl.LeaderElection.askForVotes(LeaderElection.java:197)
	at org.apache.ratis.server.impl.LeaderElection.run(LeaderElection.java:133)
	at java.lang.Thread.run(Thread.java:748)
Caused by: org.apache.ratis.thirdparty.io.grpc.StatusRuntimeException: UNAVAILABLE: io exception
	at org.apache.ratis.thirdparty.io.grpc.stub.ClientCalls.toStatusRuntimeException(ClientCalls.java:233)
	at org.apache.ratis.thirdparty.io.grpc.stub.ClientCalls.getUnchecked(ClientCalls.java:214)
	at org.apache.ratis.thirdparty.io.grpc.stub.ClientCalls.blockingUnaryCall(ClientCalls.java:139)
	at org.apache.ratis.proto.grpc.RaftServerProtocolServiceGrpc$RaftServerProtocolServiceBlockingStub.requestVote(RaftServerProtocolServiceGrpc.java:265)
	at org.apache.ratis.grpc.server.GrpcServerProtocolClient.requestVote(GrpcServerProtocolClient.java:99)
	at org.apache.ratis.grpc.server.GrpcService.requestVote(GrpcService.java:204)
	at org.apache.ratis.server.impl.LeaderElection.lambda$submitRequests$1(LeaderElection.java:234)
	at java.util.concurrent.FutureTask.run(FutureTask.java:266)
	at java.util.concurrent.Executors$RunnableAdapter.call(Executors.java:511)
	at java.util.concurrent.FutureTask.run(FutureTask.java:266)
	at java.util.concurrent.ThreadPoolExecutor.runWorker(ThreadPoolExecutor.java:1149)
	at java.util.concurrent.ThreadPoolExecutor$Worker.run(ThreadPoolExecutor.java:624)
	... 1 more
Caused by: org.apache.ratis.thirdparty.io.netty.channel.AbstractChannel$AnnotatedConnectException: Connection refused: /192.168.157.254:43622
	at sun.nio.ch.SocketChannelImpl.checkConnect(Native Method)
	at sun.nio.ch.SocketChannelImpl.finishConnect(SocketChannelImpl.java:717)
	at org.apache.ratis.thirdparty.io.netty.channel.socket.nio.NioSocketChannel.doFinishConnect(NioSocketChannel.java:327)
	at org.apache.ratis.thirdparty.io.netty.channel.nio.AbstractNioChannel$AbstractNioUnsafe.finishConnect(AbstractNioChannel.java:340)
	at org.apache.ratis.thirdparty.io.netty.channel.nio.NioEventLoop.processSelectedKey(NioEventLoop.java:632)
	at org.apache.ratis.thirdparty.io.netty.channel.nio.NioEventLoop.processSelectedKeysOptimized(NioEventLoop.java:579)
	at org.apache.ratis.thirdparty.io.netty.channel.nio.NioEventLoop.processSelectedKeys(NioEventLoop.java:496)
	at org.apache.ratis.thirdparty.io.netty.channel.nio.NioEventLoop.run(NioEventLoop.java:458)
	at org.apache.ratis.thirdparty.io.netty.util.concurrent.SingleThreadEventExecutor$5.run(SingleThreadEventExecutor.java:897)
	at org.apache.ratis.thirdparty.io.netty.util.concurrent.FastThreadLocalRunnable.run(FastThreadLocalRunnable.java:30)
	... 1 more
Caused by: java.net.ConnectException: Connection refused
	... 11 more
2019-10-22 00:08:59,085 [grpc-default-executor-8] INFO  impl.RaftServerImpl (RaftServerImpl.java:setRole(184)) - e64b81a2-7e97-4a9c-9a90-0d1e8edce3a8@group-A8B097DE35CC: changes role from  FOLLOWER to FOLLOWER at term 145 for recognizeCandidate:1be30185-a2c0-4461-afc0-2cb02fcff473
2019-10-22 00:08:59,086 [grpc-default-executor-8] INFO  impl.RoleInfo (RoleInfo.java:shutdownFollowerState(121)) - e64b81a2-7e97-4a9c-9a90-0d1e8edce3a8: shutdown FollowerState
2019-10-22 00:08:59,086 [grpc-default-executor-8] INFO  impl.RoleInfo (RoleInfo.java:updateAndGet(143)) - e64b81a2-7e97-4a9c-9a90-0d1e8edce3a8: start FollowerState
2019-10-22 00:08:59,086 [Thread-5060] INFO  impl.FollowerState (FollowerState.java:run(117)) - e64b81a2-7e97-4a9c-9a90-0d1e8edce3a8@group-A8B097DE35CC-FollowerState was interrupted: java.lang.InterruptedException: sleep interrupted
2019-10-22 00:08:59,099 [1be30185-a2c0-4461-afc0-2cb02fcff473@group-A8B097DE35CC-LeaderElection596] INFO  impl.LeaderElection (LeaderElection.java:logAndReturn(56)) - 1be30185-a2c0-4461-afc0-2cb02fcff473@group-A8B097DE35CC-LeaderElection596: Election REJECTED; received 1 response(s) [1be30185-a2c0-4461-afc0-2cb02fcff473<-e64b81a2-7e97-4a9c-9a90-0d1e8edce3a8#0:FAIL-t145] and 1 exception(s); 1be30185-a2c0-4461-afc0-2cb02fcff473@group-A8B097DE35CC:t145, leader=null, voted=1be30185-a2c0-4461-afc0-2cb02fcff473, raftlog=1be30185-a2c0-4461-afc0-2cb02fcff473@group-A8B097DE35CC-SegmentedRaftLog:OPENED:c-1,f-1,i0, conf=-1: [e64b81a2-7e97-4a9c-9a90-0d1e8edce3a8:192.168.157.254:40074, d9951c0b-6d6e-4464-b06b-4ef93c20892c:192.168.157.254:43622, 1be30185-a2c0-4461-afc0-2cb02fcff473:192.168.157.254:38008], old=null
2019-10-22 00:08:59,099 [1be30185-a2c0-4461-afc0-2cb02fcff473@group-A8B097DE35CC-LeaderElection596] INFO  impl.LeaderElection (LogUtils.java:infoOrTrace(149)) -   Exception 0: {}
java.util.concurrent.ExecutionException: org.apache.ratis.thirdparty.io.grpc.StatusRuntimeException: UNAVAILABLE: io exception
	at java.util.concurrent.FutureTask.report(FutureTask.java:122)
	at java.util.concurrent.FutureTask.get(FutureTask.java:192)
	at org.apache.ratis.server.impl.LeaderElection.waitForResults(LeaderElection.java:259)
	at org.apache.ratis.server.impl.LeaderElection.askForVotes(LeaderElection.java:197)
	at org.apache.ratis.server.impl.LeaderElection.run(LeaderElection.java:133)
	at java.lang.Thread.run(Thread.java:748)
Caused by: org.apache.ratis.thirdparty.io.grpc.StatusRuntimeException: UNAVAILABLE: io exception
	at org.apache.ratis.thirdparty.io.grpc.stub.ClientCalls.toStatusRuntimeException(ClientCalls.java:233)
	at org.apache.ratis.thirdparty.io.grpc.stub.ClientCalls.getUnchecked(ClientCalls.java:214)
	at org.apache.ratis.thirdparty.io.grpc.stub.ClientCalls.blockingUnaryCall(ClientCalls.java:139)
	at org.apache.ratis.proto.grpc.RaftServerProtocolServiceGrpc$RaftServerProtocolServiceBlockingStub.requestVote(RaftServerProtocolServiceGrpc.java:265)
	at org.apache.ratis.grpc.server.GrpcServerProtocolClient.requestVote(GrpcServerProtocolClient.java:99)
	at org.apache.ratis.grpc.server.GrpcService.requestVote(GrpcService.java:204)
	at org.apache.ratis.server.impl.LeaderElection.lambda$submitRequests$1(LeaderElection.java:234)
	at java.util.concurrent.FutureTask.run(FutureTask.java:266)
	at java.util.concurrent.Executors$RunnableAdapter.call(Executors.java:511)
	at java.util.concurrent.FutureTask.run(FutureTask.java:266)
	at java.util.concurrent.ThreadPoolExecutor.runWorker(ThreadPoolExecutor.java:1149)
	at java.util.concurrent.ThreadPoolExecutor$Worker.run(ThreadPoolExecutor.java:624)
	... 1 more
Caused by: org.apache.ratis.thirdparty.io.netty.channel.AbstractChannel$AnnotatedConnectException: Connection refused: /192.168.157.254:43622
	at sun.nio.ch.SocketChannelImpl.checkConnect(Native Method)
	at sun.nio.ch.SocketChannelImpl.finishConnect(SocketChannelImpl.java:717)
	at org.apache.ratis.thirdparty.io.netty.channel.socket.nio.NioSocketChannel.doFinishConnect(NioSocketChannel.java:327)
	at org.apache.ratis.thirdparty.io.netty.channel.nio.AbstractNioChannel$AbstractNioUnsafe.finishConnect(AbstractNioChannel.java:340)
	at org.apache.ratis.thirdparty.io.netty.channel.nio.NioEventLoop.processSelectedKey(NioEventLoop.java:632)
	at org.apache.ratis.thirdparty.io.netty.channel.nio.NioEventLoop.processSelectedKeysOptimized(NioEventLoop.java:579)
	at org.apache.ratis.thirdparty.io.netty.channel.nio.NioEventLoop.processSelectedKeys(NioEventLoop.java:496)
	at org.apache.ratis.thirdparty.io.netty.channel.nio.NioEventLoop.run(NioEventLoop.java:458)
	at org.apache.ratis.thirdparty.io.netty.util.concurrent.SingleThreadEventExecutor$5.run(SingleThreadEventExecutor.java:897)
	at org.apache.ratis.thirdparty.io.netty.util.concurrent.FastThreadLocalRunnable.run(FastThreadLocalRunnable.java:30)
	... 1 more
Caused by: java.net.ConnectException: Connection refused
	... 11 more
2019-10-22 00:08:59,100 [1be30185-a2c0-4461-afc0-2cb02fcff473@group-A8B097DE35CC-LeaderElection596] INFO  impl.RaftServerImpl (RaftServerImpl.java:setRole(184)) - 1be30185-a2c0-4461-afc0-2cb02fcff473@group-A8B097DE35CC: changes role from CANDIDATE to FOLLOWER at term 145 for DISCOVERED_A_NEW_TERM
2019-10-22 00:08:59,100 [1be30185-a2c0-4461-afc0-2cb02fcff473@group-A8B097DE35CC-LeaderElection596] INFO  impl.RoleInfo (RoleInfo.java:shutdownLeaderElection(134)) - 1be30185-a2c0-4461-afc0-2cb02fcff473: shutdown LeaderElection
2019-10-22 00:08:59,100 [1be30185-a2c0-4461-afc0-2cb02fcff473@group-A8B097DE35CC-LeaderElection596] INFO  impl.RoleInfo (RoleInfo.java:updateAndGet(143)) - 1be30185-a2c0-4461-afc0-2cb02fcff473: start FollowerState
2019-10-22 00:08:59,203 [Thread-5066] INFO  impl.FollowerState (FollowerState.java:run(108)) - 1be30185-a2c0-4461-afc0-2cb02fcff473@group-A8B097DE35CC-FollowerState: change to CANDIDATE, lastRpcTime:103ms, electionTimeout:103ms
2019-10-22 00:08:59,203 [Thread-5066] INFO  impl.RoleInfo (RoleInfo.java:shutdownFollowerState(121)) - 1be30185-a2c0-4461-afc0-2cb02fcff473: shutdown FollowerState
2019-10-22 00:08:59,204 [Thread-5066] INFO  impl.RaftServerImpl (RaftServerImpl.java:setRole(184)) - 1be30185-a2c0-4461-afc0-2cb02fcff473@group-A8B097DE35CC: changes role from  FOLLOWER to CANDIDATE at term 145 for changeToCandidate
2019-10-22 00:08:59,204 [Thread-5066] INFO  impl.RoleInfo (RoleInfo.java:updateAndGet(143)) - 1be30185-a2c0-4461-afc0-2cb02fcff473: start LeaderElection
2019-10-22 00:08:59,217 [1be30185-a2c0-4461-afc0-2cb02fcff473@group-A8B097DE35CC-LeaderElection597] INFO  impl.LeaderElection (LeaderElection.java:askForVotes(178)) - 1be30185-a2c0-4461-afc0-2cb02fcff473@group-A8B097DE35CC-LeaderElection597: begin an election at term 146 for -1: [e64b81a2-7e97-4a9c-9a90-0d1e8edce3a8:192.168.157.254:40074, d9951c0b-6d6e-4464-b06b-4ef93c20892c:192.168.157.254:43622, 1be30185-a2c0-4461-afc0-2cb02fcff473:192.168.157.254:38008], old=null
2019-10-22 00:08:59,217 [1be30185-a2c0-4461-afc0-2cb02fcff473@group-A8B097DE35CC-LeaderElection597] INFO  impl.LeaderElection (LogUtils.java:infoOrTrace(149)) - 1be30185-a2c0-4461-afc0-2cb02fcff473@group-A8B097DE35CC-LeaderElection597 got exception when requesting votes: {}
java.util.concurrent.ExecutionException: org.apache.ratis.thirdparty.io.grpc.StatusRuntimeException: UNAVAILABLE: io exception
	at java.util.concurrent.FutureTask.report(FutureTask.java:122)
	at java.util.concurrent.FutureTask.get(FutureTask.java:192)
	at org.apache.ratis.server.impl.LeaderElection.waitForResults(LeaderElection.java:259)
	at org.apache.ratis.server.impl.LeaderElection.askForVotes(LeaderElection.java:197)
	at org.apache.ratis.server.impl.LeaderElection.run(LeaderElection.java:133)
	at java.lang.Thread.run(Thread.java:748)
Caused by: org.apache.ratis.thirdparty.io.grpc.StatusRuntimeException: UNAVAILABLE: io exception
	at org.apache.ratis.thirdparty.io.grpc.stub.ClientCalls.toStatusRuntimeException(ClientCalls.java:233)
	at org.apache.ratis.thirdparty.io.grpc.stub.ClientCalls.getUnchecked(ClientCalls.java:214)
	at org.apache.ratis.thirdparty.io.grpc.stub.ClientCalls.blockingUnaryCall(ClientCalls.java:139)
	at org.apache.ratis.proto.grpc.RaftServerProtocolServiceGrpc$RaftServerProtocolServiceBlockingStub.requestVote(RaftServerProtocolServiceGrpc.java:265)
	at org.apache.ratis.grpc.server.GrpcServerProtocolClient.requestVote(GrpcServerProtocolClient.java:99)
	at org.apache.ratis.grpc.server.GrpcService.requestVote(GrpcService.java:204)
	at org.apache.ratis.server.impl.LeaderElection.lambda$submitRequests$1(LeaderElection.java:234)
	at java.util.concurrent.FutureTask.run(FutureTask.java:266)
	at java.util.concurrent.Executors$RunnableAdapter.call(Executors.java:511)
	at java.util.concurrent.FutureTask.run(FutureTask.java:266)
	at java.util.concurrent.ThreadPoolExecutor.runWorker(ThreadPoolExecutor.java:1149)
	at java.util.concurrent.ThreadPoolExecutor$Worker.run(ThreadPoolExecutor.java:624)
	... 1 more
Caused by: org.apache.ratis.thirdparty.io.netty.channel.AbstractChannel$AnnotatedConnectException: Connection refused: /192.168.157.254:43622
	at sun.nio.ch.SocketChannelImpl.checkConnect(Native Method)
	at sun.nio.ch.SocketChannelImpl.finishConnect(SocketChannelImpl.java:717)
	at org.apache.ratis.thirdparty.io.netty.channel.socket.nio.NioSocketChannel.doFinishConnect(NioSocketChannel.java:327)
	at org.apache.ratis.thirdparty.io.netty.channel.nio.AbstractNioChannel$AbstractNioUnsafe.finishConnect(AbstractNioChannel.java:340)
	at org.apache.ratis.thirdparty.io.netty.channel.nio.NioEventLoop.processSelectedKey(NioEventLoop.java:632)
	at org.apache.ratis.thirdparty.io.netty.channel.nio.NioEventLoop.processSelectedKeysOptimized(NioEventLoop.java:579)
	at org.apache.ratis.thirdparty.io.netty.channel.nio.NioEventLoop.processSelectedKeys(NioEventLoop.java:496)
	at org.apache.ratis.thirdparty.io.netty.channel.nio.NioEventLoop.run(NioEventLoop.java:458)
	at org.apache.ratis.thirdparty.io.netty.util.concurrent.SingleThreadEventExecutor$5.run(SingleThreadEventExecutor.java:897)
	at org.apache.ratis.thirdparty.io.netty.util.concurrent.FastThreadLocalRunnable.run(FastThreadLocalRunnable.java:30)
	... 1 more
Caused by: java.net.ConnectException: Connection refused
	... 11 more
2019-10-22 00:08:59,220 [grpc-default-executor-8] INFO  impl.RaftServerImpl (RaftServerImpl.java:setRole(184)) - e64b81a2-7e97-4a9c-9a90-0d1e8edce3a8@group-A8B097DE35CC: changes role from  FOLLOWER to FOLLOWER at term 146 for recognizeCandidate:1be30185-a2c0-4461-afc0-2cb02fcff473
2019-10-22 00:08:59,220 [grpc-default-executor-8] INFO  impl.RoleInfo (RoleInfo.java:shutdownFollowerState(121)) - e64b81a2-7e97-4a9c-9a90-0d1e8edce3a8: shutdown FollowerState
2019-10-22 00:08:59,221 [grpc-default-executor-8] INFO  impl.RoleInfo (RoleInfo.java:updateAndGet(143)) - e64b81a2-7e97-4a9c-9a90-0d1e8edce3a8: start FollowerState
2019-10-22 00:08:59,221 [Thread-5065] INFO  impl.FollowerState (FollowerState.java:run(117)) - e64b81a2-7e97-4a9c-9a90-0d1e8edce3a8@group-A8B097DE35CC-FollowerState was interrupted: java.lang.InterruptedException: sleep interrupted
2019-10-22 00:08:59,234 [1be30185-a2c0-4461-afc0-2cb02fcff473@group-A8B097DE35CC-LeaderElection597] INFO  impl.LeaderElection (LeaderElection.java:logAndReturn(56)) - 1be30185-a2c0-4461-afc0-2cb02fcff473@group-A8B097DE35CC-LeaderElection597: Election REJECTED; received 1 response(s) [1be30185-a2c0-4461-afc0-2cb02fcff473<-e64b81a2-7e97-4a9c-9a90-0d1e8edce3a8#0:FAIL-t146] and 1 exception(s); 1be30185-a2c0-4461-afc0-2cb02fcff473@group-A8B097DE35CC:t146, leader=null, voted=1be30185-a2c0-4461-afc0-2cb02fcff473, raftlog=1be30185-a2c0-4461-afc0-2cb02fcff473@group-A8B097DE35CC-SegmentedRaftLog:OPENED:c-1,f-1,i0, conf=-1: [e64b81a2-7e97-4a9c-9a90-0d1e8edce3a8:192.168.157.254:40074, d9951c0b-6d6e-4464-b06b-4ef93c20892c:192.168.157.254:43622, 1be30185-a2c0-4461-afc0-2cb02fcff473:192.168.157.254:38008], old=null
2019-10-22 00:08:59,234 [1be30185-a2c0-4461-afc0-2cb02fcff473@group-A8B097DE35CC-LeaderElection597] INFO  impl.LeaderElection (LogUtils.java:infoOrTrace(149)) -   Exception 0: {}
java.util.concurrent.ExecutionException: org.apache.ratis.thirdparty.io.grpc.StatusRuntimeException: UNAVAILABLE: io exception
	at java.util.concurrent.FutureTask.report(FutureTask.java:122)
	at java.util.concurrent.FutureTask.get(FutureTask.java:192)
	at org.apache.ratis.server.impl.LeaderElection.waitForResults(LeaderElection.java:259)
	at org.apache.ratis.server.impl.LeaderElection.askForVotes(LeaderElection.java:197)
	at org.apache.ratis.server.impl.LeaderElection.run(LeaderElection.java:133)
	at java.lang.Thread.run(Thread.java:748)
Caused by: org.apache.ratis.thirdparty.io.grpc.StatusRuntimeException: UNAVAILABLE: io exception
	at org.apache.ratis.thirdparty.io.grpc.stub.ClientCalls.toStatusRuntimeException(ClientCalls.java:233)
	at org.apache.ratis.thirdparty.io.grpc.stub.ClientCalls.getUnchecked(ClientCalls.java:214)
	at org.apache.ratis.thirdparty.io.grpc.stub.ClientCalls.blockingUnaryCall(ClientCalls.java:139)
	at org.apache.ratis.proto.grpc.RaftServerProtocolServiceGrpc$RaftServerProtocolServiceBlockingStub.requestVote(RaftServerProtocolServiceGrpc.java:265)
	at org.apache.ratis.grpc.server.GrpcServerProtocolClient.requestVote(GrpcServerProtocolClient.java:99)
	at org.apache.ratis.grpc.server.GrpcService.requestVote(GrpcService.java:204)
	at org.apache.ratis.server.impl.LeaderElection.lambda$submitRequests$1(LeaderElection.java:234)
	at java.util.concurrent.FutureTask.run(FutureTask.java:266)
	at java.util.concurrent.Executors$RunnableAdapter.call(Executors.java:511)
	at java.util.concurrent.FutureTask.run(FutureTask.java:266)
	at java.util.concurrent.ThreadPoolExecutor.runWorker(ThreadPoolExecutor.java:1149)
	at java.util.concurrent.ThreadPoolExecutor$Worker.run(ThreadPoolExecutor.java:624)
	... 1 more
Caused by: org.apache.ratis.thirdparty.io.netty.channel.AbstractChannel$AnnotatedConnectException: Connection refused: /192.168.157.254:43622
	at sun.nio.ch.SocketChannelImpl.checkConnect(Native Method)
	at sun.nio.ch.SocketChannelImpl.finishConnect(SocketChannelImpl.java:717)
	at org.apache.ratis.thirdparty.io.netty.channel.socket.nio.NioSocketChannel.doFinishConnect(NioSocketChannel.java:327)
	at org.apache.ratis.thirdparty.io.netty.channel.nio.AbstractNioChannel$AbstractNioUnsafe.finishConnect(AbstractNioChannel.java:340)
	at org.apache.ratis.thirdparty.io.netty.channel.nio.NioEventLoop.processSelectedKey(NioEventLoop.java:632)
	at org.apache.ratis.thirdparty.io.netty.channel.nio.NioEventLoop.processSelectedKeysOptimized(NioEventLoop.java:579)
	at org.apache.ratis.thirdparty.io.netty.channel.nio.NioEventLoop.processSelectedKeys(NioEventLoop.java:496)
	at org.apache.ratis.thirdparty.io.netty.channel.nio.NioEventLoop.run(NioEventLoop.java:458)
	at org.apache.ratis.thirdparty.io.netty.util.concurrent.SingleThreadEventExecutor$5.run(SingleThreadEventExecutor.java:897)
	at org.apache.ratis.thirdparty.io.netty.util.concurrent.FastThreadLocalRunnable.run(FastThreadLocalRunnable.java:30)
	... 1 more
Caused by: java.net.ConnectException: Connection refused
	... 11 more
2019-10-22 00:08:59,235 [1be30185-a2c0-4461-afc0-2cb02fcff473@group-A8B097DE35CC-LeaderElection597] INFO  impl.RaftServerImpl (RaftServerImpl.java:setRole(184)) - 1be30185-a2c0-4461-afc0-2cb02fcff473@group-A8B097DE35CC: changes role from CANDIDATE to FOLLOWER at term 146 for DISCOVERED_A_NEW_TERM
2019-10-22 00:08:59,235 [1be30185-a2c0-4461-afc0-2cb02fcff473@group-A8B097DE35CC-LeaderElection597] INFO  impl.RoleInfo (RoleInfo.java:shutdownLeaderElection(134)) - 1be30185-a2c0-4461-afc0-2cb02fcff473: shutdown LeaderElection
2019-10-22 00:08:59,235 [1be30185-a2c0-4461-afc0-2cb02fcff473@group-A8B097DE35CC-LeaderElection597] INFO  impl.RoleInfo (RoleInfo.java:updateAndGet(143)) - 1be30185-a2c0-4461-afc0-2cb02fcff473: start FollowerState
2019-10-22 00:08:59,264 [Datanode State Machine Thread - 0] INFO  statemachine.DatanodeStateMachine (DatanodeStateMachine.java:lambda$startDaemon$0(350)) - Ozone container server started.
2019-10-22 00:08:59,390 [Thread-5071] INFO  impl.FollowerState (FollowerState.java:run(108)) - 1be30185-a2c0-4461-afc0-2cb02fcff473@group-A8B097DE35CC-FollowerState: change to CANDIDATE, lastRpcTime:155ms, electionTimeout:155ms
2019-10-22 00:08:59,390 [Thread-5071] INFO  impl.RoleInfo (RoleInfo.java:shutdownFollowerState(121)) - 1be30185-a2c0-4461-afc0-2cb02fcff473: shutdown FollowerState
2019-10-22 00:08:59,390 [Thread-5071] INFO  impl.RaftServerImpl (RaftServerImpl.java:setRole(184)) - 1be30185-a2c0-4461-afc0-2cb02fcff473@group-A8B097DE35CC: changes role from  FOLLOWER to CANDIDATE at term 146 for changeToCandidate
2019-10-22 00:08:59,390 [Thread-5071] INFO  impl.RoleInfo (RoleInfo.java:updateAndGet(143)) - 1be30185-a2c0-4461-afc0-2cb02fcff473: start LeaderElection
2019-10-22 00:08:59,438 [1be30185-a2c0-4461-afc0-2cb02fcff473@group-A8B097DE35CC-LeaderElection598] INFO  impl.LeaderElection (LeaderElection.java:askForVotes(178)) - 1be30185-a2c0-4461-afc0-2cb02fcff473@group-A8B097DE35CC-LeaderElection598: begin an election at term 147 for -1: [e64b81a2-7e97-4a9c-9a90-0d1e8edce3a8:192.168.157.254:40074, d9951c0b-6d6e-4464-b06b-4ef93c20892c:192.168.157.254:43622, 1be30185-a2c0-4461-afc0-2cb02fcff473:192.168.157.254:38008], old=null
2019-10-22 00:08:59,439 [1be30185-a2c0-4461-afc0-2cb02fcff473@group-A8B097DE35CC-LeaderElection598] INFO  impl.LeaderElection (LogUtils.java:infoOrTrace(149)) - 1be30185-a2c0-4461-afc0-2cb02fcff473@group-A8B097DE35CC-LeaderElection598 got exception when requesting votes: {}
java.util.concurrent.ExecutionException: org.apache.ratis.thirdparty.io.grpc.StatusRuntimeException: UNAVAILABLE: io exception
	at java.util.concurrent.FutureTask.report(FutureTask.java:122)
	at java.util.concurrent.FutureTask.get(FutureTask.java:192)
	at org.apache.ratis.server.impl.LeaderElection.waitForResults(LeaderElection.java:259)
	at org.apache.ratis.server.impl.LeaderElection.askForVotes(LeaderElection.java:197)
	at org.apache.ratis.server.impl.LeaderElection.run(LeaderElection.java:133)
	at java.lang.Thread.run(Thread.java:748)
Caused by: org.apache.ratis.thirdparty.io.grpc.StatusRuntimeException: UNAVAILABLE: io exception
	at org.apache.ratis.thirdparty.io.grpc.stub.ClientCalls.toStatusRuntimeException(ClientCalls.java:233)
	at org.apache.ratis.thirdparty.io.grpc.stub.ClientCalls.getUnchecked(ClientCalls.java:214)
	at org.apache.ratis.thirdparty.io.grpc.stub.ClientCalls.blockingUnaryCall(ClientCalls.java:139)
	at org.apache.ratis.proto.grpc.RaftServerProtocolServiceGrpc$RaftServerProtocolServiceBlockingStub.requestVote(RaftServerProtocolServiceGrpc.java:265)
	at org.apache.ratis.grpc.server.GrpcServerProtocolClient.requestVote(GrpcServerProtocolClient.java:99)
	at org.apache.ratis.grpc.server.GrpcService.requestVote(GrpcService.java:204)
	at org.apache.ratis.server.impl.LeaderElection.lambda$submitRequests$1(LeaderElection.java:234)
	at java.util.concurrent.FutureTask.run(FutureTask.java:266)
	at java.util.concurrent.Executors$RunnableAdapter.call(Executors.java:511)
	at java.util.concurrent.FutureTask.run(FutureTask.java:266)
	at java.util.concurrent.ThreadPoolExecutor.runWorker(ThreadPoolExecutor.java:1149)
	at java.util.concurrent.ThreadPoolExecutor$Worker.run(ThreadPoolExecutor.java:624)
	... 1 more
Caused by: org.apache.ratis.thirdparty.io.netty.channel.AbstractChannel$AnnotatedConnectException: Connection refused: /192.168.157.254:43622
	at sun.nio.ch.SocketChannelImpl.checkConnect(Native Method)
	at sun.nio.ch.SocketChannelImpl.finishConnect(SocketChannelImpl.java:717)
	at org.apache.ratis.thirdparty.io.netty.channel.socket.nio.NioSocketChannel.doFinishConnect(NioSocketChannel.java:327)
	at org.apache.ratis.thirdparty.io.netty.channel.nio.AbstractNioChannel$AbstractNioUnsafe.finishConnect(AbstractNioChannel.java:340)
	at org.apache.ratis.thirdparty.io.netty.channel.nio.NioEventLoop.processSelectedKey(NioEventLoop.java:632)
	at org.apache.ratis.thirdparty.io.netty.channel.nio.NioEventLoop.processSelectedKeysOptimized(NioEventLoop.java:579)
	at org.apache.ratis.thirdparty.io.netty.channel.nio.NioEventLoop.processSelectedKeys(NioEventLoop.java:496)
	at org.apache.ratis.thirdparty.io.netty.channel.nio.NioEventLoop.run(NioEventLoop.java:458)
	at org.apache.ratis.thirdparty.io.netty.util.concurrent.SingleThreadEventExecutor$5.run(SingleThreadEventExecutor.java:897)
	at org.apache.ratis.thirdparty.io.netty.util.concurrent.FastThreadLocalRunnable.run(FastThreadLocalRunnable.java:30)
	... 1 more
Caused by: java.net.ConnectException: Connection refused
	... 11 more
2019-10-22 00:08:59,442 [grpc-default-executor-8] INFO  impl.RaftServerImpl (RaftServerImpl.java:setRole(184)) - e64b81a2-7e97-4a9c-9a90-0d1e8edce3a8@group-A8B097DE35CC: changes role from  FOLLOWER to FOLLOWER at term 147 for recognizeCandidate:1be30185-a2c0-4461-afc0-2cb02fcff473
2019-10-22 00:08:59,442 [grpc-default-executor-8] INFO  impl.RoleInfo (RoleInfo.java:shutdownFollowerState(121)) - e64b81a2-7e97-4a9c-9a90-0d1e8edce3a8: shutdown FollowerState
2019-10-22 00:08:59,442 [grpc-default-executor-8] INFO  impl.RoleInfo (RoleInfo.java:updateAndGet(143)) - e64b81a2-7e97-4a9c-9a90-0d1e8edce3a8: start FollowerState
2019-10-22 00:08:59,442 [Thread-5070] INFO  impl.FollowerState (FollowerState.java:run(117)) - e64b81a2-7e97-4a9c-9a90-0d1e8edce3a8@group-A8B097DE35CC-FollowerState was interrupted: java.lang.InterruptedException: sleep interrupted
2019-10-22 00:08:59,446 [1be30185-a2c0-4461-afc0-2cb02fcff473@group-A8B097DE35CC-LeaderElection598] INFO  impl.LeaderElection (LeaderElection.java:logAndReturn(56)) - 1be30185-a2c0-4461-afc0-2cb02fcff473@group-A8B097DE35CC-LeaderElection598: Election TIMEOUT; received 0 response(s) [] and 1 exception(s); 1be30185-a2c0-4461-afc0-2cb02fcff473@group-A8B097DE35CC:t147, leader=null, voted=1be30185-a2c0-4461-afc0-2cb02fcff473, raftlog=1be30185-a2c0-4461-afc0-2cb02fcff473@group-A8B097DE35CC-SegmentedRaftLog:OPENED:c-1,f-1,i0, conf=-1: [e64b81a2-7e97-4a9c-9a90-0d1e8edce3a8:192.168.157.254:40074, d9951c0b-6d6e-4464-b06b-4ef93c20892c:192.168.157.254:43622, 1be30185-a2c0-4461-afc0-2cb02fcff473:192.168.157.254:38008], old=null
2019-10-22 00:08:59,447 [1be30185-a2c0-4461-afc0-2cb02fcff473@group-A8B097DE35CC-LeaderElection598] INFO  impl.LeaderElection (LogUtils.java:infoOrTrace(149)) -   Exception 0: {}
java.util.concurrent.ExecutionException: org.apache.ratis.thirdparty.io.grpc.StatusRuntimeException: UNAVAILABLE: io exception
	at java.util.concurrent.FutureTask.report(FutureTask.java:122)
	at java.util.concurrent.FutureTask.get(FutureTask.java:192)
	at org.apache.ratis.server.impl.LeaderElection.waitForResults(LeaderElection.java:259)
	at org.apache.ratis.server.impl.LeaderElection.askForVotes(LeaderElection.java:197)
	at org.apache.ratis.server.impl.LeaderElection.run(LeaderElection.java:133)
	at java.lang.Thread.run(Thread.java:748)
Caused by: org.apache.ratis.thirdparty.io.grpc.StatusRuntimeException: UNAVAILABLE: io exception
	at org.apache.ratis.thirdparty.io.grpc.stub.ClientCalls.toStatusRuntimeException(ClientCalls.java:233)
	at org.apache.ratis.thirdparty.io.grpc.stub.ClientCalls.getUnchecked(ClientCalls.java:214)
	at org.apache.ratis.thirdparty.io.grpc.stub.ClientCalls.blockingUnaryCall(ClientCalls.java:139)
	at org.apache.ratis.proto.grpc.RaftServerProtocolServiceGrpc$RaftServerProtocolServiceBlockingStub.requestVote(RaftServerProtocolServiceGrpc.java:265)
	at org.apache.ratis.grpc.server.GrpcServerProtocolClient.requestVote(GrpcServerProtocolClient.java:99)
	at org.apache.ratis.grpc.server.GrpcService.requestVote(GrpcService.java:204)
	at org.apache.ratis.server.impl.LeaderElection.lambda$submitRequests$1(LeaderElection.java:234)
	at java.util.concurrent.FutureTask.run(FutureTask.java:266)
	at java.util.concurrent.Executors$RunnableAdapter.call(Executors.java:511)
	at java.util.concurrent.FutureTask.run(FutureTask.java:266)
	at java.util.concurrent.ThreadPoolExecutor.runWorker(ThreadPoolExecutor.java:1149)
	at java.util.concurrent.ThreadPoolExecutor$Worker.run(ThreadPoolExecutor.java:624)
	... 1 more
Caused by: org.apache.ratis.thirdparty.io.netty.channel.AbstractChannel$AnnotatedConnectException: Connection refused: /192.168.157.254:43622
	at sun.nio.ch.SocketChannelImpl.checkConnect(Native Method)
	at sun.nio.ch.SocketChannelImpl.finishConnect(SocketChannelImpl.java:717)
	at org.apache.ratis.thirdparty.io.netty.channel.socket.nio.NioSocketChannel.doFinishConnect(NioSocketChannel.java:327)
	at org.apache.ratis.thirdparty.io.netty.channel.nio.AbstractNioChannel$AbstractNioUnsafe.finishConnect(AbstractNioChannel.java:340)
	at org.apache.ratis.thirdparty.io.netty.channel.nio.NioEventLoop.processSelectedKey(NioEventLoop.java:632)
	at org.apache.ratis.thirdparty.io.netty.channel.nio.NioEventLoop.processSelectedKeysOptimized(NioEventLoop.java:579)
	at org.apache.ratis.thirdparty.io.netty.channel.nio.NioEventLoop.processSelectedKeys(NioEventLoop.java:496)
	at org.apache.ratis.thirdparty.io.netty.channel.nio.NioEventLoop.run(NioEventLoop.java:458)
	at org.apache.ratis.thirdparty.io.netty.util.concurrent.SingleThreadEventExecutor$5.run(SingleThreadEventExecutor.java:897)
	at org.apache.ratis.thirdparty.io.netty.util.concurrent.FastThreadLocalRunnable.run(FastThreadLocalRunnable.java:30)
	... 1 more
Caused by: java.net.ConnectException: Connection refused
	... 11 more
2019-10-22 00:08:59,456 [1be30185-a2c0-4461-afc0-2cb02fcff473@group-A8B097DE35CC-LeaderElection598] INFO  impl.LeaderElection (LeaderElection.java:askForVotes(178)) - 1be30185-a2c0-4461-afc0-2cb02fcff473@group-A8B097DE35CC-LeaderElection598: begin an election at term 148 for -1: [e64b81a2-7e97-4a9c-9a90-0d1e8edce3a8:192.168.157.254:40074, d9951c0b-6d6e-4464-b06b-4ef93c20892c:192.168.157.254:43622, 1be30185-a2c0-4461-afc0-2cb02fcff473:192.168.157.254:38008], old=null
2019-10-22 00:08:59,456 [1be30185-a2c0-4461-afc0-2cb02fcff473@group-A8B097DE35CC-LeaderElection598] INFO  impl.LeaderElection (LogUtils.java:infoOrTrace(149)) - 1be30185-a2c0-4461-afc0-2cb02fcff473@group-A8B097DE35CC-LeaderElection598 got exception when requesting votes: {}
java.util.concurrent.ExecutionException: org.apache.ratis.thirdparty.io.grpc.StatusRuntimeException: UNAVAILABLE: io exception
	at java.util.concurrent.FutureTask.report(FutureTask.java:122)
	at java.util.concurrent.FutureTask.get(FutureTask.java:192)
	at org.apache.ratis.server.impl.LeaderElection.waitForResults(LeaderElection.java:259)
	at org.apache.ratis.server.impl.LeaderElection.askForVotes(LeaderElection.java:197)
	at org.apache.ratis.server.impl.LeaderElection.run(LeaderElection.java:133)
	at java.lang.Thread.run(Thread.java:748)
Caused by: org.apache.ratis.thirdparty.io.grpc.StatusRuntimeException: UNAVAILABLE: io exception
	at org.apache.ratis.thirdparty.io.grpc.stub.ClientCalls.toStatusRuntimeException(ClientCalls.java:233)
	at org.apache.ratis.thirdparty.io.grpc.stub.ClientCalls.getUnchecked(ClientCalls.java:214)
	at org.apache.ratis.thirdparty.io.grpc.stub.ClientCalls.blockingUnaryCall(ClientCalls.java:139)
	at org.apache.ratis.proto.grpc.RaftServerProtocolServiceGrpc$RaftServerProtocolServiceBlockingStub.requestVote(RaftServerProtocolServiceGrpc.java:265)
	at org.apache.ratis.grpc.server.GrpcServerProtocolClient.requestVote(GrpcServerProtocolClient.java:99)
	at org.apache.ratis.grpc.server.GrpcService.requestVote(GrpcService.java:204)
	at org.apache.ratis.server.impl.LeaderElection.lambda$submitRequests$1(LeaderElection.java:234)
	at java.util.concurrent.FutureTask.run(FutureTask.java:266)
	at java.util.concurrent.Executors$RunnableAdapter.call(Executors.java:511)
	at java.util.concurrent.FutureTask.run(FutureTask.java:266)
	at java.util.concurrent.ThreadPoolExecutor.runWorker(ThreadPoolExecutor.java:1149)
	at java.util.concurrent.ThreadPoolExecutor$Worker.run(ThreadPoolExecutor.java:624)
	... 1 more
Caused by: org.apache.ratis.thirdparty.io.netty.channel.AbstractChannel$AnnotatedConnectException: Connection refused: /192.168.157.254:43622
	at sun.nio.ch.SocketChannelImpl.checkConnect(Native Method)
	at sun.nio.ch.SocketChannelImpl.finishConnect(SocketChannelImpl.java:717)
	at org.apache.ratis.thirdparty.io.netty.channel.socket.nio.NioSocketChannel.doFinishConnect(NioSocketChannel.java:327)
	at org.apache.ratis.thirdparty.io.netty.channel.nio.AbstractNioChannel$AbstractNioUnsafe.finishConnect(AbstractNioChannel.java:340)
	at org.apache.ratis.thirdparty.io.netty.channel.nio.NioEventLoop.processSelectedKey(NioEventLoop.java:632)
	at org.apache.ratis.thirdparty.io.netty.channel.nio.NioEventLoop.processSelectedKeysOptimized(NioEventLoop.java:579)
	at org.apache.ratis.thirdparty.io.netty.channel.nio.NioEventLoop.processSelectedKeys(NioEventLoop.java:496)
	at org.apache.ratis.thirdparty.io.netty.channel.nio.NioEventLoop.run(NioEventLoop.java:458)
	at org.apache.ratis.thirdparty.io.netty.util.concurrent.SingleThreadEventExecutor$5.run(SingleThreadEventExecutor.java:897)
	at org.apache.ratis.thirdparty.io.netty.util.concurrent.FastThreadLocalRunnable.run(FastThreadLocalRunnable.java:30)
	... 1 more
Caused by: java.net.ConnectException: Connection refused
	... 11 more
2019-10-22 00:08:59,459 [grpc-default-executor-8] INFO  impl.RaftServerImpl (RaftServerImpl.java:setRole(184)) - e64b81a2-7e97-4a9c-9a90-0d1e8edce3a8@group-A8B097DE35CC: changes role from  FOLLOWER to FOLLOWER at term 148 for recognizeCandidate:1be30185-a2c0-4461-afc0-2cb02fcff473
2019-10-22 00:08:59,459 [grpc-default-executor-8] INFO  impl.RoleInfo (RoleInfo.java:shutdownFollowerState(121)) - e64b81a2-7e97-4a9c-9a90-0d1e8edce3a8: shutdown FollowerState
2019-10-22 00:08:59,459 [grpc-default-executor-8] INFO  impl.RoleInfo (RoleInfo.java:updateAndGet(143)) - e64b81a2-7e97-4a9c-9a90-0d1e8edce3a8: start FollowerState
2019-10-22 00:08:59,459 [Thread-5077] INFO  impl.FollowerState (FollowerState.java:run(117)) - e64b81a2-7e97-4a9c-9a90-0d1e8edce3a8@group-A8B097DE35CC-FollowerState was interrupted: java.lang.InterruptedException: sleep interrupted
2019-10-22 00:08:59,465 [1be30185-a2c0-4461-afc0-2cb02fcff473@group-A8B097DE35CC-LeaderElection598] INFO  impl.LeaderElection (LeaderElection.java:logAndReturn(56)) - 1be30185-a2c0-4461-afc0-2cb02fcff473@group-A8B097DE35CC-LeaderElection598: Election TIMEOUT; received 0 response(s) [] and 1 exception(s); 1be30185-a2c0-4461-afc0-2cb02fcff473@group-A8B097DE35CC:t148, leader=null, voted=1be30185-a2c0-4461-afc0-2cb02fcff473, raftlog=1be30185-a2c0-4461-afc0-2cb02fcff473@group-A8B097DE35CC-SegmentedRaftLog:OPENED:c-1,f-1,i0, conf=-1: [e64b81a2-7e97-4a9c-9a90-0d1e8edce3a8:192.168.157.254:40074, d9951c0b-6d6e-4464-b06b-4ef93c20892c:192.168.157.254:43622, 1be30185-a2c0-4461-afc0-2cb02fcff473:192.168.157.254:38008], old=null
2019-10-22 00:08:59,465 [1be30185-a2c0-4461-afc0-2cb02fcff473@group-A8B097DE35CC-LeaderElection598] INFO  impl.LeaderElection (LogUtils.java:infoOrTrace(149)) -   Exception 0: {}
java.util.concurrent.ExecutionException: org.apache.ratis.thirdparty.io.grpc.StatusRuntimeException: UNAVAILABLE: io exception
	at java.util.concurrent.FutureTask.report(FutureTask.java:122)
	at java.util.concurrent.FutureTask.get(FutureTask.java:192)
	at org.apache.ratis.server.impl.LeaderElection.waitForResults(LeaderElection.java:259)
	at org.apache.ratis.server.impl.LeaderElection.askForVotes(LeaderElection.java:197)
	at org.apache.ratis.server.impl.LeaderElection.run(LeaderElection.java:133)
	at java.lang.Thread.run(Thread.java:748)
Caused by: org.apache.ratis.thirdparty.io.grpc.StatusRuntimeException: UNAVAILABLE: io exception
	at org.apache.ratis.thirdparty.io.grpc.stub.ClientCalls.toStatusRuntimeException(ClientCalls.java:233)
	at org.apache.ratis.thirdparty.io.grpc.stub.ClientCalls.getUnchecked(ClientCalls.java:214)
	at org.apache.ratis.thirdparty.io.grpc.stub.ClientCalls.blockingUnaryCall(ClientCalls.java:139)
	at org.apache.ratis.proto.grpc.RaftServerProtocolServiceGrpc$RaftServerProtocolServiceBlockingStub.requestVote(RaftServerProtocolServiceGrpc.java:265)
	at org.apache.ratis.grpc.server.GrpcServerProtocolClient.requestVote(GrpcServerProtocolClient.java:99)
	at org.apache.ratis.grpc.server.GrpcService.requestVote(GrpcService.java:204)
	at org.apache.ratis.server.impl.LeaderElection.lambda$submitRequests$1(LeaderElection.java:234)
	at java.util.concurrent.FutureTask.run(FutureTask.java:266)
	at java.util.concurrent.Executors$RunnableAdapter.call(Executors.java:511)
	at java.util.concurrent.FutureTask.run(FutureTask.java:266)
	at java.util.concurrent.ThreadPoolExecutor.runWorker(ThreadPoolExecutor.java:1149)
	at java.util.concurrent.ThreadPoolExecutor$Worker.run(ThreadPoolExecutor.java:624)
	... 1 more
Caused by: org.apache.ratis.thirdparty.io.netty.channel.AbstractChannel$AnnotatedConnectException: Connection refused: /192.168.157.254:43622
	at sun.nio.ch.SocketChannelImpl.checkConnect(Native Method)
	at sun.nio.ch.SocketChannelImpl.finishConnect(SocketChannelImpl.java:717)
	at org.apache.ratis.thirdparty.io.netty.channel.socket.nio.NioSocketChannel.doFinishConnect(NioSocketChannel.java:327)
	at org.apache.ratis.thirdparty.io.netty.channel.nio.AbstractNioChannel$AbstractNioUnsafe.finishConnect(AbstractNioChannel.java:340)
	at org.apache.ratis.thirdparty.io.netty.channel.nio.NioEventLoop.processSelectedKey(NioEventLoop.java:632)
	at org.apache.ratis.thirdparty.io.netty.channel.nio.NioEventLoop.processSelectedKeysOptimized(NioEventLoop.java:579)
	at org.apache.ratis.thirdparty.io.netty.channel.nio.NioEventLoop.processSelectedKeys(NioEventLoop.java:496)
	at org.apache.ratis.thirdparty.io.netty.channel.nio.NioEventLoop.run(NioEventLoop.java:458)
	at org.apache.ratis.thirdparty.io.netty.util.concurrent.SingleThreadEventExecutor$5.run(SingleThreadEventExecutor.java:897)
	at org.apache.ratis.thirdparty.io.netty.util.concurrent.FastThreadLocalRunnable.run(FastThreadLocalRunnable.java:30)
	... 1 more
Caused by: java.net.ConnectException: Connection refused
	... 11 more
2019-10-22 00:08:59,472 [1be30185-a2c0-4461-afc0-2cb02fcff473@group-A8B097DE35CC-LeaderElection598] INFO  impl.LeaderElection (LeaderElection.java:askForVotes(178)) - 1be30185-a2c0-4461-afc0-2cb02fcff473@group-A8B097DE35CC-LeaderElection598: begin an election at term 149 for -1: [e64b81a2-7e97-4a9c-9a90-0d1e8edce3a8:192.168.157.254:40074, d9951c0b-6d6e-4464-b06b-4ef93c20892c:192.168.157.254:43622, 1be30185-a2c0-4461-afc0-2cb02fcff473:192.168.157.254:38008], old=null
2019-10-22 00:08:59,473 [1be30185-a2c0-4461-afc0-2cb02fcff473@group-A8B097DE35CC-LeaderElection598] INFO  impl.LeaderElection (LogUtils.java:infoOrTrace(149)) - 1be30185-a2c0-4461-afc0-2cb02fcff473@group-A8B097DE35CC-LeaderElection598 got exception when requesting votes: {}
java.util.concurrent.ExecutionException: org.apache.ratis.thirdparty.io.grpc.StatusRuntimeException: UNAVAILABLE: io exception
	at java.util.concurrent.FutureTask.report(FutureTask.java:122)
	at java.util.concurrent.FutureTask.get(FutureTask.java:192)
	at org.apache.ratis.server.impl.LeaderElection.waitForResults(LeaderElection.java:259)
	at org.apache.ratis.server.impl.LeaderElection.askForVotes(LeaderElection.java:197)
	at org.apache.ratis.server.impl.LeaderElection.run(LeaderElection.java:133)
	at java.lang.Thread.run(Thread.java:748)
Caused by: org.apache.ratis.thirdparty.io.grpc.StatusRuntimeException: UNAVAILABLE: io exception
	at org.apache.ratis.thirdparty.io.grpc.stub.ClientCalls.toStatusRuntimeException(ClientCalls.java:233)
	at org.apache.ratis.thirdparty.io.grpc.stub.ClientCalls.getUnchecked(ClientCalls.java:214)
	at org.apache.ratis.thirdparty.io.grpc.stub.ClientCalls.blockingUnaryCall(ClientCalls.java:139)
	at org.apache.ratis.proto.grpc.RaftServerProtocolServiceGrpc$RaftServerProtocolServiceBlockingStub.requestVote(RaftServerProtocolServiceGrpc.java:265)
	at org.apache.ratis.grpc.server.GrpcServerProtocolClient.requestVote(GrpcServerProtocolClient.java:99)
	at org.apache.ratis.grpc.server.GrpcService.requestVote(GrpcService.java:204)
	at org.apache.ratis.server.impl.LeaderElection.lambda$submitRequests$1(LeaderElection.java:234)
	at java.util.concurrent.FutureTask.run(FutureTask.java:266)
	at java.util.concurrent.Executors$RunnableAdapter.call(Executors.java:511)
	at java.util.concurrent.FutureTask.run(FutureTask.java:266)
	at java.util.concurrent.ThreadPoolExecutor.runWorker(ThreadPoolExecutor.java:1149)
	at java.util.concurrent.ThreadPoolExecutor$Worker.run(ThreadPoolExecutor.java:624)
	... 1 more
Caused by: org.apache.ratis.thirdparty.io.netty.channel.AbstractChannel$AnnotatedConnectException: Connection refused: /192.168.157.254:43622
	at sun.nio.ch.SocketChannelImpl.checkConnect(Native Method)
	at sun.nio.ch.SocketChannelImpl.finishConnect(SocketChannelImpl.java:717)
	at org.apache.ratis.thirdparty.io.netty.channel.socket.nio.NioSocketChannel.doFinishConnect(NioSocketChannel.java:327)
	at org.apache.ratis.thirdparty.io.netty.channel.nio.AbstractNioChannel$AbstractNioUnsafe.finishConnect(AbstractNioChannel.java:340)
	at org.apache.ratis.thirdparty.io.netty.channel.nio.NioEventLoop.processSelectedKey(NioEventLoop.java:632)
	at org.apache.ratis.thirdparty.io.netty.channel.nio.NioEventLoop.processSelectedKeysOptimized(NioEventLoop.java:579)
	at org.apache.ratis.thirdparty.io.netty.channel.nio.NioEventLoop.processSelectedKeys(NioEventLoop.java:496)
	at org.apache.ratis.thirdparty.io.netty.channel.nio.NioEventLoop.run(NioEventLoop.java:458)
	at org.apache.ratis.thirdparty.io.netty.util.concurrent.SingleThreadEventExecutor$5.run(SingleThreadEventExecutor.java:897)
	at org.apache.ratis.thirdparty.io.netty.util.concurrent.FastThreadLocalRunnable.run(FastThreadLocalRunnable.java:30)
	... 1 more
Caused by: java.net.ConnectException: Connection refused
	... 11 more
2019-10-22 00:08:59,475 [grpc-default-executor-8] INFO  impl.RaftServerImpl (RaftServerImpl.java:setRole(184)) - e64b81a2-7e97-4a9c-9a90-0d1e8edce3a8@group-A8B097DE35CC: changes role from  FOLLOWER to FOLLOWER at term 149 for recognizeCandidate:1be30185-a2c0-4461-afc0-2cb02fcff473
2019-10-22 00:08:59,475 [grpc-default-executor-8] INFO  impl.RoleInfo (RoleInfo.java:shutdownFollowerState(121)) - e64b81a2-7e97-4a9c-9a90-0d1e8edce3a8: shutdown FollowerState
2019-10-22 00:08:59,475 [grpc-default-executor-8] INFO  impl.RoleInfo (RoleInfo.java:updateAndGet(143)) - e64b81a2-7e97-4a9c-9a90-0d1e8edce3a8: start FollowerState
2019-10-22 00:08:59,476 [Thread-5080] INFO  impl.FollowerState (FollowerState.java:run(117)) - e64b81a2-7e97-4a9c-9a90-0d1e8edce3a8@group-A8B097DE35CC-FollowerState was interrupted: java.lang.InterruptedException: sleep interrupted
2019-10-22 00:08:59,489 [1be30185-a2c0-4461-afc0-2cb02fcff473@group-A8B097DE35CC-LeaderElection598] INFO  impl.LeaderElection (LeaderElection.java:logAndReturn(56)) - 1be30185-a2c0-4461-afc0-2cb02fcff473@group-A8B097DE35CC-LeaderElection598: Election REJECTED; received 1 response(s) [1be30185-a2c0-4461-afc0-2cb02fcff473<-e64b81a2-7e97-4a9c-9a90-0d1e8edce3a8#0:FAIL-t149] and 1 exception(s); 1be30185-a2c0-4461-afc0-2cb02fcff473@group-A8B097DE35CC:t149, leader=null, voted=1be30185-a2c0-4461-afc0-2cb02fcff473, raftlog=1be30185-a2c0-4461-afc0-2cb02fcff473@group-A8B097DE35CC-SegmentedRaftLog:OPENED:c-1,f-1,i0, conf=-1: [e64b81a2-7e97-4a9c-9a90-0d1e8edce3a8:192.168.157.254:40074, d9951c0b-6d6e-4464-b06b-4ef93c20892c:192.168.157.254:43622, 1be30185-a2c0-4461-afc0-2cb02fcff473:192.168.157.254:38008], old=null
2019-10-22 00:08:59,489 [1be30185-a2c0-4461-afc0-2cb02fcff473@group-A8B097DE35CC-LeaderElection598] INFO  impl.LeaderElection (LogUtils.java:infoOrTrace(149)) -   Exception 0: {}
java.util.concurrent.ExecutionException: org.apache.ratis.thirdparty.io.grpc.StatusRuntimeException: UNAVAILABLE: io exception
	at java.util.concurrent.FutureTask.report(FutureTask.java:122)
	at java.util.concurrent.FutureTask.get(FutureTask.java:192)
	at org.apache.ratis.server.impl.LeaderElection.waitForResults(LeaderElection.java:259)
	at org.apache.ratis.server.impl.LeaderElection.askForVotes(LeaderElection.java:197)
	at org.apache.ratis.server.impl.LeaderElection.run(LeaderElection.java:133)
	at java.lang.Thread.run(Thread.java:748)
Caused by: org.apache.ratis.thirdparty.io.grpc.StatusRuntimeException: UNAVAILABLE: io exception
	at org.apache.ratis.thirdparty.io.grpc.stub.ClientCalls.toStatusRuntimeException(ClientCalls.java:233)
	at org.apache.ratis.thirdparty.io.grpc.stub.ClientCalls.getUnchecked(ClientCalls.java:214)
	at org.apache.ratis.thirdparty.io.grpc.stub.ClientCalls.blockingUnaryCall(ClientCalls.java:139)
	at org.apache.ratis.proto.grpc.RaftServerProtocolServiceGrpc$RaftServerProtocolServiceBlockingStub.requestVote(RaftServerProtocolServiceGrpc.java:265)
	at org.apache.ratis.grpc.server.GrpcServerProtocolClient.requestVote(GrpcServerProtocolClient.java:99)
	at org.apache.ratis.grpc.server.GrpcService.requestVote(GrpcService.java:204)
	at org.apache.ratis.server.impl.LeaderElection.lambda$submitRequests$1(LeaderElection.java:234)
	at java.util.concurrent.FutureTask.run(FutureTask.java:266)
	at java.util.concurrent.Executors$RunnableAdapter.call(Executors.java:511)
	at java.util.concurrent.FutureTask.run(FutureTask.java:266)
	at java.util.concurrent.ThreadPoolExecutor.runWorker(ThreadPoolExecutor.java:1149)
	at java.util.concurrent.ThreadPoolExecutor$Worker.run(ThreadPoolExecutor.java:624)
	... 1 more
Caused by: org.apache.ratis.thirdparty.io.netty.channel.AbstractChannel$AnnotatedConnectException: Connection refused: /192.168.157.254:43622
	at sun.nio.ch.SocketChannelImpl.checkConnect(Native Method)
	at sun.nio.ch.SocketChannelImpl.finishConnect(SocketChannelImpl.java:717)
	at org.apache.ratis.thirdparty.io.netty.channel.socket.nio.NioSocketChannel.doFinishConnect(NioSocketChannel.java:327)
	at org.apache.ratis.thirdparty.io.netty.channel.nio.AbstractNioChannel$AbstractNioUnsafe.finishConnect(AbstractNioChannel.java:340)
	at org.apache.ratis.thirdparty.io.netty.channel.nio.NioEventLoop.processSelectedKey(NioEventLoop.java:632)
	at org.apache.ratis.thirdparty.io.netty.channel.nio.NioEventLoop.processSelectedKeysOptimized(NioEventLoop.java:579)
	at org.apache.ratis.thirdparty.io.netty.channel.nio.NioEventLoop.processSelectedKeys(NioEventLoop.java:496)
	at org.apache.ratis.thirdparty.io.netty.channel.nio.NioEventLoop.run(NioEventLoop.java:458)
	at org.apache.ratis.thirdparty.io.netty.util.concurrent.SingleThreadEventExecutor$5.run(SingleThreadEventExecutor.java:897)
	at org.apache.ratis.thirdparty.io.netty.util.concurrent.FastThreadLocalRunnable.run(FastThreadLocalRunnable.java:30)
	... 1 more
Caused by: java.net.ConnectException: Connection refused
	... 11 more
2019-10-22 00:08:59,489 [1be30185-a2c0-4461-afc0-2cb02fcff473@group-A8B097DE35CC-LeaderElection598] INFO  impl.RaftServerImpl (RaftServerImpl.java:setRole(184)) - 1be30185-a2c0-4461-afc0-2cb02fcff473@group-A8B097DE35CC: changes role from CANDIDATE to FOLLOWER at term 149 for DISCOVERED_A_NEW_TERM
2019-10-22 00:08:59,489 [1be30185-a2c0-4461-afc0-2cb02fcff473@group-A8B097DE35CC-LeaderElection598] INFO  impl.RoleInfo (RoleInfo.java:shutdownLeaderElection(134)) - 1be30185-a2c0-4461-afc0-2cb02fcff473: shutdown LeaderElection
2019-10-22 00:08:59,489 [1be30185-a2c0-4461-afc0-2cb02fcff473@group-A8B097DE35CC-LeaderElection598] INFO  impl.RoleInfo (RoleInfo.java:updateAndGet(143)) - 1be30185-a2c0-4461-afc0-2cb02fcff473: start FollowerState
2019-10-22 00:08:59,544 [Thread-3959] INFO  impl.FollowerState (FollowerState.java:run(108)) - f9169fae-8e57-49b1-968c-b0c13a9c79ea@group-B019D31AF6BA-FollowerState: change to CANDIDATE, lastRpcTime:1566ms, electionTimeout:1193ms
2019-10-22 00:08:59,544 [Thread-3959] INFO  impl.RoleInfo (RoleInfo.java:shutdownFollowerState(121)) - f9169fae-8e57-49b1-968c-b0c13a9c79ea: shutdown FollowerState
2019-10-22 00:08:59,544 [Thread-3959] INFO  impl.RaftServerImpl (RaftServerImpl.java:setRole(184)) - f9169fae-8e57-49b1-968c-b0c13a9c79ea@group-B019D31AF6BA: changes role from  FOLLOWER to CANDIDATE at term 2 for changeToCandidate
2019-10-22 00:08:59,544 [Thread-3959] INFO  impl.RoleInfo (RoleInfo.java:updateAndGet(143)) - f9169fae-8e57-49b1-968c-b0c13a9c79ea: start LeaderElection
2019-10-22 00:08:59,545 [f9169fae-8e57-49b1-968c-b0c13a9c79ea@group-B019D31AF6BA-LeaderElection599] INFO  impl.RaftServerImpl (ServerState.java:setLeader(256)) - f9169fae-8e57-49b1-968c-b0c13a9c79ea@group-B019D31AF6BA: change Leader from 05003219-6676-4e45-bd72-11bc04fa30d3 to null at term 2 for initElection
2019-10-22 00:08:59,557 [f9169fae-8e57-49b1-968c-b0c13a9c79ea@group-B019D31AF6BA-LeaderElection599] INFO  impl.LeaderElection (LeaderElection.java:askForVotes(178)) - f9169fae-8e57-49b1-968c-b0c13a9c79ea@group-B019D31AF6BA-LeaderElection599: begin an election at term 3 for 0: [48d226fd-ec16-45bb-ba6a-f5c68988a3f7:192.168.157.254:40584, f9169fae-8e57-49b1-968c-b0c13a9c79ea:192.168.157.254:46423, 05003219-6676-4e45-bd72-11bc04fa30d3:192.168.157.254:35560], old=null
2019-10-22 00:08:59,559 [grpc-default-executor-8] INFO  impl.RaftServerImpl (ServerState.java:setLeader(256)) - 48d226fd-ec16-45bb-ba6a-f5c68988a3f7@group-B019D31AF6BA: change Leader from 05003219-6676-4e45-bd72-11bc04fa30d3 to null at term 3 for updateCurrentTerm
2019-10-22 00:08:59,559 [grpc-default-executor-8] INFO  impl.RaftServerImpl (RaftServerImpl.java:setRole(184)) - 48d226fd-ec16-45bb-ba6a-f5c68988a3f7@group-B019D31AF6BA: changes role from  FOLLOWER to FOLLOWER at term 3 for recognizeCandidate:f9169fae-8e57-49b1-968c-b0c13a9c79ea
2019-10-22 00:08:59,559 [grpc-default-executor-8] INFO  impl.RoleInfo (RoleInfo.java:shutdownFollowerState(121)) - 48d226fd-ec16-45bb-ba6a-f5c68988a3f7: shutdown FollowerState
2019-10-22 00:08:59,559 [grpc-default-executor-8] INFO  impl.RoleInfo (RoleInfo.java:updateAndGet(143)) - 48d226fd-ec16-45bb-ba6a-f5c68988a3f7: start FollowerState
2019-10-22 00:08:59,559 [Thread-3971] INFO  impl.FollowerState (FollowerState.java:run(117)) - 48d226fd-ec16-45bb-ba6a-f5c68988a3f7@group-B019D31AF6BA-FollowerState was interrupted: java.lang.InterruptedException: sleep interrupted
2019-10-22 00:08:59,560 [f9169fae-8e57-49b1-968c-b0c13a9c79ea@group-B019D31AF6BA-LeaderElection599] INFO  impl.LeaderElection (LogUtils.java:infoOrTrace(149)) - f9169fae-8e57-49b1-968c-b0c13a9c79ea@group-B019D31AF6BA-LeaderElection599 got exception when requesting votes: {}
java.util.concurrent.ExecutionException: org.apache.ratis.thirdparty.io.grpc.StatusRuntimeException: UNAVAILABLE: io exception
	at java.util.concurrent.FutureTask.report(FutureTask.java:122)
	at java.util.concurrent.FutureTask.get(FutureTask.java:192)
	at org.apache.ratis.server.impl.LeaderElection.waitForResults(LeaderElection.java:259)
	at org.apache.ratis.server.impl.LeaderElection.askForVotes(LeaderElection.java:197)
	at org.apache.ratis.server.impl.LeaderElection.run(LeaderElection.java:133)
	at java.lang.Thread.run(Thread.java:748)
Caused by: org.apache.ratis.thirdparty.io.grpc.StatusRuntimeException: UNAVAILABLE: io exception
	at org.apache.ratis.thirdparty.io.grpc.stub.ClientCalls.toStatusRuntimeException(ClientCalls.java:233)
	at org.apache.ratis.thirdparty.io.grpc.stub.ClientCalls.getUnchecked(ClientCalls.java:214)
	at org.apache.ratis.thirdparty.io.grpc.stub.ClientCalls.blockingUnaryCall(ClientCalls.java:139)
	at org.apache.ratis.proto.grpc.RaftServerProtocolServiceGrpc$RaftServerProtocolServiceBlockingStub.requestVote(RaftServerProtocolServiceGrpc.java:265)
	at org.apache.ratis.grpc.server.GrpcServerProtocolClient.requestVote(GrpcServerProtocolClient.java:99)
	at org.apache.ratis.grpc.server.GrpcService.requestVote(GrpcService.java:204)
	at org.apache.ratis.server.impl.LeaderElection.lambda$submitRequests$1(LeaderElection.java:234)
	at java.util.concurrent.FutureTask.run(FutureTask.java:266)
	at java.util.concurrent.Executors$RunnableAdapter.call(Executors.java:511)
	at java.util.concurrent.FutureTask.run(FutureTask.java:266)
	at java.util.concurrent.ThreadPoolExecutor.runWorker(ThreadPoolExecutor.java:1149)
	at java.util.concurrent.ThreadPoolExecutor$Worker.run(ThreadPoolExecutor.java:624)
	... 1 more
Caused by: org.apache.ratis.thirdparty.io.netty.channel.AbstractChannel$AnnotatedConnectException: Connection refused: /192.168.157.254:35560
	at sun.nio.ch.SocketChannelImpl.checkConnect(Native Method)
	at sun.nio.ch.SocketChannelImpl.finishConnect(SocketChannelImpl.java:717)
	at org.apache.ratis.thirdparty.io.netty.channel.socket.nio.NioSocketChannel.doFinishConnect(NioSocketChannel.java:327)
	at org.apache.ratis.thirdparty.io.netty.channel.nio.AbstractNioChannel$AbstractNioUnsafe.finishConnect(AbstractNioChannel.java:340)
	at org.apache.ratis.thirdparty.io.netty.channel.nio.NioEventLoop.processSelectedKey(NioEventLoop.java:632)
	at org.apache.ratis.thirdparty.io.netty.channel.nio.NioEventLoop.processSelectedKeysOptimized(NioEventLoop.java:579)
	at org.apache.ratis.thirdparty.io.netty.channel.nio.NioEventLoop.processSelectedKeys(NioEventLoop.java:496)
	at org.apache.ratis.thirdparty.io.netty.channel.nio.NioEventLoop.run(NioEventLoop.java:458)
	at org.apache.ratis.thirdparty.io.netty.util.concurrent.SingleThreadEventExecutor$5.run(SingleThreadEventExecutor.java:897)
	at org.apache.ratis.thirdparty.io.netty.util.concurrent.FastThreadLocalRunnable.run(FastThreadLocalRunnable.java:30)
	... 1 more
Caused by: java.net.ConnectException: Connection refused
	... 11 more
2019-10-22 00:08:59,591 [f9169fae-8e57-49b1-968c-b0c13a9c79ea@group-B019D31AF6BA-LeaderElection599] INFO  impl.LeaderElection (LeaderElection.java:logAndReturn(56)) - f9169fae-8e57-49b1-968c-b0c13a9c79ea@group-B019D31AF6BA-LeaderElection599: Election PASSED; received 1 response(s) [f9169fae-8e57-49b1-968c-b0c13a9c79ea<-48d226fd-ec16-45bb-ba6a-f5c68988a3f7#0:OK-t3] and 1 exception(s); f9169fae-8e57-49b1-968c-b0c13a9c79ea@group-B019D31AF6BA:t3, leader=null, voted=f9169fae-8e57-49b1-968c-b0c13a9c79ea, raftlog=f9169fae-8e57-49b1-968c-b0c13a9c79ea@group-B019D31AF6BA-SegmentedRaftLog:OPENED:c6,f6,i6, conf=0: [48d226fd-ec16-45bb-ba6a-f5c68988a3f7:192.168.157.254:40584, f9169fae-8e57-49b1-968c-b0c13a9c79ea:192.168.157.254:46423, 05003219-6676-4e45-bd72-11bc04fa30d3:192.168.157.254:35560], old=null
2019-10-22 00:08:59,591 [f9169fae-8e57-49b1-968c-b0c13a9c79ea@group-B019D31AF6BA-LeaderElection599] INFO  impl.LeaderElection (LogUtils.java:infoOrTrace(149)) -   Exception 0: {}
java.util.concurrent.ExecutionException: org.apache.ratis.thirdparty.io.grpc.StatusRuntimeException: UNAVAILABLE: io exception
	at java.util.concurrent.FutureTask.report(FutureTask.java:122)
	at java.util.concurrent.FutureTask.get(FutureTask.java:192)
	at org.apache.ratis.server.impl.LeaderElection.waitForResults(LeaderElection.java:259)
	at org.apache.ratis.server.impl.LeaderElection.askForVotes(LeaderElection.java:197)
	at org.apache.ratis.server.impl.LeaderElection.run(LeaderElection.java:133)
	at java.lang.Thread.run(Thread.java:748)
Caused by: org.apache.ratis.thirdparty.io.grpc.StatusRuntimeException: UNAVAILABLE: io exception
	at org.apache.ratis.thirdparty.io.grpc.stub.ClientCalls.toStatusRuntimeException(ClientCalls.java:233)
	at org.apache.ratis.thirdparty.io.grpc.stub.ClientCalls.getUnchecked(ClientCalls.java:214)
	at org.apache.ratis.thirdparty.io.grpc.stub.ClientCalls.blockingUnaryCall(ClientCalls.java:139)
	at org.apache.ratis.proto.grpc.RaftServerProtocolServiceGrpc$RaftServerProtocolServiceBlockingStub.requestVote(RaftServerProtocolServiceGrpc.java:265)
	at org.apache.ratis.grpc.server.GrpcServerProtocolClient.requestVote(GrpcServerProtocolClient.java:99)
	at org.apache.ratis.grpc.server.GrpcService.requestVote(GrpcService.java:204)
	at org.apache.ratis.server.impl.LeaderElection.lambda$submitRequests$1(LeaderElection.java:234)
	at java.util.concurrent.FutureTask.run(FutureTask.java:266)
	at java.util.concurrent.Executors$RunnableAdapter.call(Executors.java:511)
	at java.util.concurrent.FutureTask.run(FutureTask.java:266)
	at java.util.concurrent.ThreadPoolExecutor.runWorker(ThreadPoolExecutor.java:1149)
	at java.util.concurrent.ThreadPoolExecutor$Worker.run(ThreadPoolExecutor.java:624)
	... 1 more
Caused by: org.apache.ratis.thirdparty.io.netty.channel.AbstractChannel$AnnotatedConnectException: Connection refused: /192.168.157.254:35560
	at sun.nio.ch.SocketChannelImpl.checkConnect(Native Method)
	at sun.nio.ch.SocketChannelImpl.finishConnect(SocketChannelImpl.java:717)
	at org.apache.ratis.thirdparty.io.netty.channel.socket.nio.NioSocketChannel.doFinishConnect(NioSocketChannel.java:327)
	at org.apache.ratis.thirdparty.io.netty.channel.nio.AbstractNioChannel$AbstractNioUnsafe.finishConnect(AbstractNioChannel.java:340)
	at org.apache.ratis.thirdparty.io.netty.channel.nio.NioEventLoop.processSelectedKey(NioEventLoop.java:632)
	at org.apache.ratis.thirdparty.io.netty.channel.nio.NioEventLoop.processSelectedKeysOptimized(NioEventLoop.java:579)
	at org.apache.ratis.thirdparty.io.netty.channel.nio.NioEventLoop.processSelectedKeys(NioEventLoop.java:496)
	at org.apache.ratis.thirdparty.io.netty.channel.nio.NioEventLoop.run(NioEventLoop.java:458)
	at org.apache.ratis.thirdparty.io.netty.util.concurrent.SingleThreadEventExecutor$5.run(SingleThreadEventExecutor.java:897)
	at org.apache.ratis.thirdparty.io.netty.util.concurrent.FastThreadLocalRunnable.run(FastThreadLocalRunnable.java:30)
	... 1 more
Caused by: java.net.ConnectException: Connection refused
	... 11 more
2019-10-22 00:08:59,591 [f9169fae-8e57-49b1-968c-b0c13a9c79ea@group-B019D31AF6BA-LeaderElection599] INFO  impl.RoleInfo (RoleInfo.java:shutdownLeaderElection(134)) - f9169fae-8e57-49b1-968c-b0c13a9c79ea: shutdown LeaderElection
2019-10-22 00:08:59,591 [f9169fae-8e57-49b1-968c-b0c13a9c79ea@group-B019D31AF6BA-LeaderElection599] INFO  impl.RaftServerImpl (RaftServerImpl.java:setRole(184)) - f9169fae-8e57-49b1-968c-b0c13a9c79ea@group-B019D31AF6BA: changes role from CANDIDATE to LEADER at term 3 for changeToLeader
2019-10-22 00:08:59,592 [f9169fae-8e57-49b1-968c-b0c13a9c79ea@group-B019D31AF6BA-LeaderElection599] INFO  impl.RaftServerImpl (ServerState.java:setLeader(256)) - f9169fae-8e57-49b1-968c-b0c13a9c79ea@group-B019D31AF6BA: change Leader from null to f9169fae-8e57-49b1-968c-b0c13a9c79ea at term 3 for becomeLeader, leader elected after 46ms
2019-10-22 00:08:59,592 [f9169fae-8e57-49b1-968c-b0c13a9c79ea@group-B019D31AF6BA-LeaderElection599] INFO  server.RaftServerConfigKeys (ConfUtils.java:logGet(43)) - raft.server.staging.catchup.gap = 1000 (default)
2019-10-22 00:08:59,592 [f9169fae-8e57-49b1-968c-b0c13a9c79ea@group-B019D31AF6BA-LeaderElection599] INFO  server.RaftServerConfigKeys (ConfUtils.java:logGet(43)) - raft.server.rpc.sleep.time = 25ms (default)
2019-10-22 00:08:59,592 [f9169fae-8e57-49b1-968c-b0c13a9c79ea@group-B019D31AF6BA-LeaderElection599] INFO  server.RaftServerConfigKeys (ConfUtils.java:logGet(43)) - raft.server.write.element-limit = 4096 (default)
2019-10-22 00:08:59,592 [f9169fae-8e57-49b1-968c-b0c13a9c79ea@group-B019D31AF6BA-LeaderElection599] INFO  server.RaftServerConfigKeys (ConfUtils.java:logGet(43)) - raft.server.watch.timeout = 10s (default)
2019-10-22 00:08:59,592 [f9169fae-8e57-49b1-968c-b0c13a9c79ea@group-B019D31AF6BA-LeaderElection599] INFO  server.RaftServerConfigKeys (ConfUtils.java:logGet(43)) - raft.server.watch.timeout.denomination = 1s (default)
2019-10-22 00:08:59,592 [f9169fae-8e57-49b1-968c-b0c13a9c79ea@group-B019D31AF6BA-LeaderElection599] INFO  server.RaftServerConfigKeys (ConfUtils.java:logGet(43)) - raft.server.watch.element-limit = 65536 (default)
2019-10-22 00:08:59,594 [f9169fae-8e57-49b1-968c-b0c13a9c79ea@group-B019D31AF6BA-LeaderElection599] INFO  server.RaftServerConfigKeys (ConfUtils.java:logGet(43)) - raft.server.log.appender.snapshot.chunk.size.max = 16MB (=16777216) (default)
2019-10-22 00:08:59,594 [f9169fae-8e57-49b1-968c-b0c13a9c79ea@group-B019D31AF6BA-LeaderElection599] INFO  server.RaftServerConfigKeys (ConfUtils.java:logGet(43)) - raft.server.log.appender.buffer.byte-limit = 33554432 (custom)
2019-10-22 00:08:59,595 [f9169fae-8e57-49b1-968c-b0c13a9c79ea@group-B019D31AF6BA-LeaderElection599] INFO  server.RaftServerConfigKeys (ConfUtils.java:logGet(43)) - raft.server.log.appender.buffer.element-limit = 1 (custom)
2019-10-22 00:08:59,595 [f9169fae-8e57-49b1-968c-b0c13a9c79ea@group-B019D31AF6BA-LeaderElection599] INFO  grpc.GrpcConfigKeys$Server (ConfUtils.java:logGet(43)) - raft.grpc.server.leader.outstanding.appends.max = 128 (default)
2019-10-22 00:08:59,595 [f9169fae-8e57-49b1-968c-b0c13a9c79ea@group-B019D31AF6BA-LeaderElection599] INFO  server.RaftServerConfigKeys (ConfUtils.java:logGet(43)) - raft.server.rpc.request.timeout = 3000ms (default)
2019-10-22 00:08:59,595 [f9169fae-8e57-49b1-968c-b0c13a9c79ea@group-B019D31AF6BA-LeaderElection599] INFO  server.RaftServerConfigKeys (ConfUtils.java:logGet(43)) - raft.server.log.appender.install.snapshot.enabled = false (custom)
2019-10-22 00:08:59,596 [f9169fae-8e57-49b1-968c-b0c13a9c79ea@group-B019D31AF6BA-LeaderElection599] INFO  server.RaftServerConfigKeys (ConfUtils.java:logGet(43)) - raft.server.log.appender.snapshot.chunk.size.max = 16MB (=16777216) (default)
2019-10-22 00:08:59,596 [f9169fae-8e57-49b1-968c-b0c13a9c79ea@group-B019D31AF6BA-LeaderElection599] INFO  server.RaftServerConfigKeys (ConfUtils.java:logGet(43)) - raft.server.log.appender.buffer.byte-limit = 33554432 (custom)
2019-10-22 00:08:59,596 [f9169fae-8e57-49b1-968c-b0c13a9c79ea@group-B019D31AF6BA-LeaderElection599] INFO  server.RaftServerConfigKeys (ConfUtils.java:logGet(43)) - raft.server.log.appender.buffer.element-limit = 1 (custom)
2019-10-22 00:08:59,596 [f9169fae-8e57-49b1-968c-b0c13a9c79ea@group-B019D31AF6BA-LeaderElection599] INFO  grpc.GrpcConfigKeys$Server (ConfUtils.java:logGet(43)) - raft.grpc.server.leader.outstanding.appends.max = 128 (default)
2019-10-22 00:08:59,596 [f9169fae-8e57-49b1-968c-b0c13a9c79ea@group-B019D31AF6BA-LeaderElection599] INFO  server.RaftServerConfigKeys (ConfUtils.java:logGet(43)) - raft.server.rpc.request.timeout = 3000ms (default)
2019-10-22 00:08:59,596 [f9169fae-8e57-49b1-968c-b0c13a9c79ea@group-B019D31AF6BA-LeaderElection599] INFO  server.RaftServerConfigKeys (ConfUtils.java:logGet(43)) - raft.server.log.appender.install.snapshot.enabled = false (custom)
2019-10-22 00:08:59,598 [f9169fae-8e57-49b1-968c-b0c13a9c79ea@group-B019D31AF6BA-LeaderElection599] INFO  impl.RoleInfo (RoleInfo.java:updateAndGet(143)) - f9169fae-8e57-49b1-968c-b0c13a9c79ea: start LeaderState
2019-10-22 00:08:59,598 [f9169fae-8e57-49b1-968c-b0c13a9c79ea@group-B019D31AF6BA-LeaderElection599] INFO  segmented.SegmentedRaftLogWorker (SegmentedRaftLogWorker.java:rollLogSegment(390)) - f9169fae-8e57-49b1-968c-b0c13a9c79ea@group-B019D31AF6BA-SegmentedRaftLogWorker: Rolling segment log-0_6 to index:6
2019-10-22 00:08:59,599 [f9169fae-8e57-49b1-968c-b0c13a9c79ea@group-B019D31AF6BA-SegmentedRaftLogWorker] INFO  segmented.SegmentedRaftLogWorker (SegmentedRaftLogWorker.java:execute(533)) - f9169fae-8e57-49b1-968c-b0c13a9c79ea@group-B019D31AF6BA-SegmentedRaftLogWorker: Rolled log segment from /workdir/hadoop-ozone/integration-test/target/test-dir/MiniOzoneClusterImpl-7b60a606-535f-40c2-b446-60b0e48a57dd/datanode-1/data/ratis/db4ec4d6-40c6-4670-ae00-b019d31af6ba/current/log_inprogress_0 to /workdir/hadoop-ozone/integration-test/target/test-dir/MiniOzoneClusterImpl-7b60a606-535f-40c2-b446-60b0e48a57dd/datanode-1/data/ratis/db4ec4d6-40c6-4670-ae00-b019d31af6ba/current/log_0-6
2019-10-22 00:08:59,600 [grpc-default-executor-8] INFO  impl.RaftServerImpl (ServerState.java:setLeader(256)) - 48d226fd-ec16-45bb-ba6a-f5c68988a3f7@group-B019D31AF6BA: change Leader from null to f9169fae-8e57-49b1-968c-b0c13a9c79ea at term 3 for appendEntries, leader elected after 40ms
2019-10-22 00:08:59,600 [f9169fae-8e57-49b1-968c-b0c13a9c79ea@group-B019D31AF6BA-LeaderElection599] INFO  impl.RaftServerImpl (ServerState.java:setRaftConf(357)) - f9169fae-8e57-49b1-968c-b0c13a9c79ea@group-B019D31AF6BA: set configuration 7: [48d226fd-ec16-45bb-ba6a-f5c68988a3f7:192.168.157.254:40584, f9169fae-8e57-49b1-968c-b0c13a9c79ea:192.168.157.254:46423, 05003219-6676-4e45-bd72-11bc04fa30d3:192.168.157.254:35560], old=null at 7
2019-10-22 00:08:59,600 [grpc-default-executor-8] WARN  server.GrpcLogAppender (LogUtils.java:warn(134)) - f9169fae-8e57-49b1-968c-b0c13a9c79ea@group-B019D31AF6BA->05003219-6676-4e45-bd72-11bc04fa30d3-AppendLogResponseHandler: Failed appendEntries: org.apache.ratis.thirdparty.io.grpc.StatusRuntimeException: UNAVAILABLE: io exception
2019-10-22 00:08:59,632 [grpc-default-executor-8] INFO  impl.RaftServerImpl (ServerState.java:setRaftConf(357)) - 48d226fd-ec16-45bb-ba6a-f5c68988a3f7@group-B019D31AF6BA: set configuration 7: [48d226fd-ec16-45bb-ba6a-f5c68988a3f7:192.168.157.254:40584, f9169fae-8e57-49b1-968c-b0c13a9c79ea:192.168.157.254:46423, 05003219-6676-4e45-bd72-11bc04fa30d3:192.168.157.254:35560], old=null at 7
2019-10-22 00:08:59,633 [grpc-default-executor-8] INFO  segmented.SegmentedRaftLogWorker (SegmentedRaftLogWorker.java:rollLogSegment(390)) - 48d226fd-ec16-45bb-ba6a-f5c68988a3f7@group-B019D31AF6BA-SegmentedRaftLogWorker: Rolling segment log-0_6 to index:6
2019-10-22 00:08:59,633 [48d226fd-ec16-45bb-ba6a-f5c68988a3f7@group-B019D31AF6BA-SegmentedRaftLogWorker] INFO  segmented.SegmentedRaftLogWorker (SegmentedRaftLogWorker.java:execute(533)) - 48d226fd-ec16-45bb-ba6a-f5c68988a3f7@group-B019D31AF6BA-SegmentedRaftLogWorker: Rolled log segment from /workdir/hadoop-ozone/integration-test/target/test-dir/MiniOzoneClusterImpl-7b60a606-535f-40c2-b446-60b0e48a57dd/datanode-0/data/ratis/db4ec4d6-40c6-4670-ae00-b019d31af6ba/current/log_inprogress_0 to /workdir/hadoop-ozone/integration-test/target/test-dir/MiniOzoneClusterImpl-7b60a606-535f-40c2-b446-60b0e48a57dd/datanode-0/data/ratis/db4ec4d6-40c6-4670-ae00-b019d31af6ba/current/log_0-6
2019-10-22 00:08:59,644 [f9169fae-8e57-49b1-968c-b0c13a9c79ea@group-B019D31AF6BA-SegmentedRaftLogWorker] INFO  segmented.SegmentedRaftLogWorker (SegmentedRaftLogWorker.java:execute(576)) - f9169fae-8e57-49b1-968c-b0c13a9c79ea@group-B019D31AF6BA-SegmentedRaftLogWorker: created new log segment /workdir/hadoop-ozone/integration-test/target/test-dir/MiniOzoneClusterImpl-7b60a606-535f-40c2-b446-60b0e48a57dd/datanode-1/data/ratis/db4ec4d6-40c6-4670-ae00-b019d31af6ba/current/log_inprogress_7
2019-10-22 00:08:59,646 [Thread-5084] INFO  impl.FollowerState (FollowerState.java:run(108)) - 1be30185-a2c0-4461-afc0-2cb02fcff473@group-A8B097DE35CC-FollowerState: change to CANDIDATE, lastRpcTime:157ms, electionTimeout:157ms
2019-10-22 00:08:59,646 [Thread-5084] INFO  impl.RoleInfo (RoleInfo.java:shutdownFollowerState(121)) - 1be30185-a2c0-4461-afc0-2cb02fcff473: shutdown FollowerState
2019-10-22 00:08:59,646 [Thread-5084] INFO  impl.RaftServerImpl (RaftServerImpl.java:setRole(184)) - 1be30185-a2c0-4461-afc0-2cb02fcff473@group-A8B097DE35CC: changes role from  FOLLOWER to CANDIDATE at term 149 for changeToCandidate
2019-10-22 00:08:59,647 [Thread-5084] INFO  impl.RoleInfo (RoleInfo.java:updateAndGet(143)) - 1be30185-a2c0-4461-afc0-2cb02fcff473: start LeaderElection
2019-10-22 00:08:59,657 [1be30185-a2c0-4461-afc0-2cb02fcff473@group-A8B097DE35CC-LeaderElection600] INFO  impl.LeaderElection (LeaderElection.java:askForVotes(178)) - 1be30185-a2c0-4461-afc0-2cb02fcff473@group-A8B097DE35CC-LeaderElection600: begin an election at term 150 for -1: [e64b81a2-7e97-4a9c-9a90-0d1e8edce3a8:192.168.157.254:40074, d9951c0b-6d6e-4464-b06b-4ef93c20892c:192.168.157.254:43622, 1be30185-a2c0-4461-afc0-2cb02fcff473:192.168.157.254:38008], old=null
2019-10-22 00:08:59,658 [1be30185-a2c0-4461-afc0-2cb02fcff473@group-A8B097DE35CC-LeaderElection600] INFO  impl.LeaderElection (LogUtils.java:infoOrTrace(149)) - 1be30185-a2c0-4461-afc0-2cb02fcff473@group-A8B097DE35CC-LeaderElection600 got exception when requesting votes: {}
java.util.concurrent.ExecutionException: org.apache.ratis.thirdparty.io.grpc.StatusRuntimeException: UNAVAILABLE: io exception
	at java.util.concurrent.FutureTask.report(FutureTask.java:122)
	at java.util.concurrent.FutureTask.get(FutureTask.java:192)
	at org.apache.ratis.server.impl.LeaderElection.waitForResults(LeaderElection.java:259)
	at org.apache.ratis.server.impl.LeaderElection.askForVotes(LeaderElection.java:197)
	at org.apache.ratis.server.impl.LeaderElection.run(LeaderElection.java:133)
	at java.lang.Thread.run(Thread.java:748)
Caused by: org.apache.ratis.thirdparty.io.grpc.StatusRuntimeException: UNAVAILABLE: io exception
	at org.apache.ratis.thirdparty.io.grpc.stub.ClientCalls.toStatusRuntimeException(ClientCalls.java:233)
	at org.apache.ratis.thirdparty.io.grpc.stub.ClientCalls.getUnchecked(ClientCalls.java:214)
	at org.apache.ratis.thirdparty.io.grpc.stub.ClientCalls.blockingUnaryCall(ClientCalls.java:139)
	at org.apache.ratis.proto.grpc.RaftServerProtocolServiceGrpc$RaftServerProtocolServiceBlockingStub.requestVote(RaftServerProtocolServiceGrpc.java:265)
	at org.apache.ratis.grpc.server.GrpcServerProtocolClient.requestVote(GrpcServerProtocolClient.java:99)
	at org.apache.ratis.grpc.server.GrpcService.requestVote(GrpcService.java:204)
	at org.apache.ratis.server.impl.LeaderElection.lambda$submitRequests$1(LeaderElection.java:234)
	at java.util.concurrent.FutureTask.run(FutureTask.java:266)
	at java.util.concurrent.Executors$RunnableAdapter.call(Executors.java:511)
	at java.util.concurrent.FutureTask.run(FutureTask.java:266)
	at java.util.concurrent.ThreadPoolExecutor.runWorker(ThreadPoolExecutor.java:1149)
	at java.util.concurrent.ThreadPoolExecutor$Worker.run(ThreadPoolExecutor.java:624)
	... 1 more
Caused by: org.apache.ratis.thirdparty.io.netty.channel.AbstractChannel$AnnotatedConnectException: Connection refused: /192.168.157.254:43622
	at sun.nio.ch.SocketChannelImpl.checkConnect(Native Method)
	at sun.nio.ch.SocketChannelImpl.finishConnect(SocketChannelImpl.java:717)
	at org.apache.ratis.thirdparty.io.netty.channel.socket.nio.NioSocketChannel.doFinishConnect(NioSocketChannel.java:327)
	at org.apache.ratis.thirdparty.io.netty.channel.nio.AbstractNioChannel$AbstractNioUnsafe.finishConnect(AbstractNioChannel.java:340)
	at org.apache.ratis.thirdparty.io.netty.channel.nio.NioEventLoop.processSelectedKey(NioEventLoop.java:632)
	at org.apache.ratis.thirdparty.io.netty.channel.nio.NioEventLoop.processSelectedKeysOptimized(NioEventLoop.java:579)
	at org.apache.ratis.thirdparty.io.netty.channel.nio.NioEventLoop.processSelectedKeys(NioEventLoop.java:496)
	at org.apache.ratis.thirdparty.io.netty.channel.nio.NioEventLoop.run(NioEventLoop.java:458)
	at org.apache.ratis.thirdparty.io.netty.util.concurrent.SingleThreadEventExecutor$5.run(SingleThreadEventExecutor.java:897)
	at org.apache.ratis.thirdparty.io.netty.util.concurrent.FastThreadLocalRunnable.run(FastThreadLocalRunnable.java:30)
	... 1 more
Caused by: java.net.ConnectException: Connection refused
	... 11 more
2019-10-22 00:08:59,661 [grpc-default-executor-8] INFO  impl.RaftServerImpl (RaftServerImpl.java:setRole(184)) - e64b81a2-7e97-4a9c-9a90-0d1e8edce3a8@group-A8B097DE35CC: changes role from  FOLLOWER to FOLLOWER at term 150 for recognizeCandidate:1be30185-a2c0-4461-afc0-2cb02fcff473
2019-10-22 00:08:59,661 [grpc-default-executor-8] INFO  impl.RoleInfo (RoleInfo.java:shutdownFollowerState(121)) - e64b81a2-7e97-4a9c-9a90-0d1e8edce3a8: shutdown FollowerState
2019-10-22 00:08:59,662 [grpc-default-executor-8] INFO  impl.RoleInfo (RoleInfo.java:updateAndGet(143)) - e64b81a2-7e97-4a9c-9a90-0d1e8edce3a8: start FollowerState
2019-10-22 00:08:59,662 [Thread-5083] INFO  impl.FollowerState (FollowerState.java:run(117)) - e64b81a2-7e97-4a9c-9a90-0d1e8edce3a8@group-A8B097DE35CC-FollowerState was interrupted: java.lang.InterruptedException: sleep interrupted
2019-10-22 00:08:59,671 [48d226fd-ec16-45bb-ba6a-f5c68988a3f7@group-B019D31AF6BA-SegmentedRaftLogWorker] INFO  segmented.SegmentedRaftLogWorker (SegmentedRaftLogWorker.java:execute(576)) - 48d226fd-ec16-45bb-ba6a-f5c68988a3f7@group-B019D31AF6BA-SegmentedRaftLogWorker: created new log segment /workdir/hadoop-ozone/integration-test/target/test-dir/MiniOzoneClusterImpl-7b60a606-535f-40c2-b446-60b0e48a57dd/datanode-0/data/ratis/db4ec4d6-40c6-4670-ae00-b019d31af6ba/current/log_inprogress_7
2019-10-22 00:08:59,671 [1be30185-a2c0-4461-afc0-2cb02fcff473@group-A8B097DE35CC-LeaderElection600] INFO  impl.LeaderElection (LeaderElection.java:logAndReturn(56)) - 1be30185-a2c0-4461-afc0-2cb02fcff473@group-A8B097DE35CC-LeaderElection600: Election REJECTED; received 1 response(s) [1be30185-a2c0-4461-afc0-2cb02fcff473<-e64b81a2-7e97-4a9c-9a90-0d1e8edce3a8#0:FAIL-t150] and 1 exception(s); 1be30185-a2c0-4461-afc0-2cb02fcff473@group-A8B097DE35CC:t150, leader=null, voted=1be30185-a2c0-4461-afc0-2cb02fcff473, raftlog=1be30185-a2c0-4461-afc0-2cb02fcff473@group-A8B097DE35CC-SegmentedRaftLog:OPENED:c-1,f-1,i0, conf=-1: [e64b81a2-7e97-4a9c-9a90-0d1e8edce3a8:192.168.157.254:40074, d9951c0b-6d6e-4464-b06b-4ef93c20892c:192.168.157.254:43622, 1be30185-a2c0-4461-afc0-2cb02fcff473:192.168.157.254:38008], old=null
2019-10-22 00:08:59,672 [1be30185-a2c0-4461-afc0-2cb02fcff473@group-A8B097DE35CC-LeaderElection600] INFO  impl.LeaderElection (LogUtils.java:infoOrTrace(149)) -   Exception 0: {}
java.util.concurrent.ExecutionException: org.apache.ratis.thirdparty.io.grpc.StatusRuntimeException: UNAVAILABLE: io exception
	at java.util.concurrent.FutureTask.report(FutureTask.java:122)
	at java.util.concurrent.FutureTask.get(FutureTask.java:192)
	at org.apache.ratis.server.impl.LeaderElection.waitForResults(LeaderElection.java:259)
	at org.apache.ratis.server.impl.LeaderElection.askForVotes(LeaderElection.java:197)
	at org.apache.ratis.server.impl.LeaderElection.run(LeaderElection.java:133)
	at java.lang.Thread.run(Thread.java:748)
Caused by: org.apache.ratis.thirdparty.io.grpc.StatusRuntimeException: UNAVAILABLE: io exception
	at org.apache.ratis.thirdparty.io.grpc.stub.ClientCalls.toStatusRuntimeException(ClientCalls.java:233)
	at org.apache.ratis.thirdparty.io.grpc.stub.ClientCalls.getUnchecked(ClientCalls.java:214)
	at org.apache.ratis.thirdparty.io.grpc.stub.ClientCalls.blockingUnaryCall(ClientCalls.java:139)
	at org.apache.ratis.proto.grpc.RaftServerProtocolServiceGrpc$RaftServerProtocolServiceBlockingStub.requestVote(RaftServerProtocolServiceGrpc.java:265)
	at org.apache.ratis.grpc.server.GrpcServerProtocolClient.requestVote(GrpcServerProtocolClient.java:99)
	at org.apache.ratis.grpc.server.GrpcService.requestVote(GrpcService.java:204)
	at org.apache.ratis.server.impl.LeaderElection.lambda$submitRequests$1(LeaderElection.java:234)
	at java.util.concurrent.FutureTask.run(FutureTask.java:266)
	at java.util.concurrent.Executors$RunnableAdapter.call(Executors.java:511)
	at java.util.concurrent.FutureTask.run(FutureTask.java:266)
	at java.util.concurrent.ThreadPoolExecutor.runWorker(ThreadPoolExecutor.java:1149)
	at java.util.concurrent.ThreadPoolExecutor$Worker.run(ThreadPoolExecutor.java:624)
	... 1 more
Caused by: org.apache.ratis.thirdparty.io.netty.channel.AbstractChannel$AnnotatedConnectException: Connection refused: /192.168.157.254:43622
	at sun.nio.ch.SocketChannelImpl.checkConnect(Native Method)
	at sun.nio.ch.SocketChannelImpl.finishConnect(SocketChannelImpl.java:717)
	at org.apache.ratis.thirdparty.io.netty.channel.socket.nio.NioSocketChannel.doFinishConnect(NioSocketChannel.java:327)
	at org.apache.ratis.thirdparty.io.netty.channel.nio.AbstractNioChannel$AbstractNioUnsafe.finishConnect(AbstractNioChannel.java:340)
	at org.apache.ratis.thirdparty.io.netty.channel.nio.NioEventLoop.processSelectedKey(NioEventLoop.java:632)
	at org.apache.ratis.thirdparty.io.netty.channel.nio.NioEventLoop.processSelectedKeysOptimized(NioEventLoop.java:579)
	at org.apache.ratis.thirdparty.io.netty.channel.nio.NioEventLoop.processSelectedKeys(NioEventLoop.java:496)
	at org.apache.ratis.thirdparty.io.netty.channel.nio.NioEventLoop.run(NioEventLoop.java:458)
	at org.apache.ratis.thirdparty.io.netty.util.concurrent.SingleThreadEventExecutor$5.run(SingleThreadEventExecutor.java:897)
	at org.apache.ratis.thirdparty.io.netty.util.concurrent.FastThreadLocalRunnable.run(FastThreadLocalRunnable.java:30)
	... 1 more
Caused by: java.net.ConnectException: Connection refused
	... 11 more
2019-10-22 00:08:59,672 [1be30185-a2c0-4461-afc0-2cb02fcff473@group-A8B097DE35CC-LeaderElection600] INFO  impl.RaftServerImpl (RaftServerImpl.java:setRole(184)) - 1be30185-a2c0-4461-afc0-2cb02fcff473@group-A8B097DE35CC: changes role from CANDIDATE to FOLLOWER at term 150 for DISCOVERED_A_NEW_TERM
2019-10-22 00:08:59,672 [1be30185-a2c0-4461-afc0-2cb02fcff473@group-A8B097DE35CC-LeaderElection600] INFO  impl.RoleInfo (RoleInfo.java:shutdownLeaderElection(134)) - 1be30185-a2c0-4461-afc0-2cb02fcff473: shutdown LeaderElection
2019-10-22 00:08:59,672 [1be30185-a2c0-4461-afc0-2cb02fcff473@group-A8B097DE35CC-LeaderElection600] INFO  impl.RoleInfo (RoleInfo.java:updateAndGet(143)) - 1be30185-a2c0-4461-afc0-2cb02fcff473: start FollowerState
2019-10-22 00:08:59,767 [Thread-5100] INFO  impl.FollowerState (FollowerState.java:run(108)) - 1be30185-a2c0-4461-afc0-2cb02fcff473@group-A8B097DE35CC-FollowerState: change to CANDIDATE, lastRpcTime:95ms, electionTimeout:95ms
2019-10-22 00:08:59,768 [Thread-5100] INFO  impl.RoleInfo (RoleInfo.java:shutdownFollowerState(121)) - 1be30185-a2c0-4461-afc0-2cb02fcff473: shutdown FollowerState
2019-10-22 00:08:59,768 [Thread-5100] INFO  impl.RaftServerImpl (RaftServerImpl.java:setRole(184)) - 1be30185-a2c0-4461-afc0-2cb02fcff473@group-A8B097DE35CC: changes role from  FOLLOWER to CANDIDATE at term 150 for changeToCandidate
2019-10-22 00:08:59,768 [Thread-5100] INFO  impl.RoleInfo (RoleInfo.java:updateAndGet(143)) - 1be30185-a2c0-4461-afc0-2cb02fcff473: start LeaderElection
2019-10-22 00:08:59,781 [1be30185-a2c0-4461-afc0-2cb02fcff473@group-A8B097DE35CC-LeaderElection601] INFO  impl.LeaderElection (LeaderElection.java:askForVotes(178)) - 1be30185-a2c0-4461-afc0-2cb02fcff473@group-A8B097DE35CC-LeaderElection601: begin an election at term 151 for -1: [e64b81a2-7e97-4a9c-9a90-0d1e8edce3a8:192.168.157.254:40074, d9951c0b-6d6e-4464-b06b-4ef93c20892c:192.168.157.254:43622, 1be30185-a2c0-4461-afc0-2cb02fcff473:192.168.157.254:38008], old=null
2019-10-22 00:08:59,782 [1be30185-a2c0-4461-afc0-2cb02fcff473@group-A8B097DE35CC-LeaderElection601] INFO  impl.LeaderElection (LogUtils.java:infoOrTrace(149)) - 1be30185-a2c0-4461-afc0-2cb02fcff473@group-A8B097DE35CC-LeaderElection601 got exception when requesting votes: {}
java.util.concurrent.ExecutionException: org.apache.ratis.thirdparty.io.grpc.StatusRuntimeException: UNAVAILABLE: io exception
	at java.util.concurrent.FutureTask.report(FutureTask.java:122)
	at java.util.concurrent.FutureTask.get(FutureTask.java:192)
	at org.apache.ratis.server.impl.LeaderElection.waitForResults(LeaderElection.java:259)
	at org.apache.ratis.server.impl.LeaderElection.askForVotes(LeaderElection.java:197)
	at org.apache.ratis.server.impl.LeaderElection.run(LeaderElection.java:133)
	at java.lang.Thread.run(Thread.java:748)
Caused by: org.apache.ratis.thirdparty.io.grpc.StatusRuntimeException: UNAVAILABLE: io exception
	at org.apache.ratis.thirdparty.io.grpc.stub.ClientCalls.toStatusRuntimeException(ClientCalls.java:233)
	at org.apache.ratis.thirdparty.io.grpc.stub.ClientCalls.getUnchecked(ClientCalls.java:214)
	at org.apache.ratis.thirdparty.io.grpc.stub.ClientCalls.blockingUnaryCall(ClientCalls.java:139)
	at org.apache.ratis.proto.grpc.RaftServerProtocolServiceGrpc$RaftServerProtocolServiceBlockingStub.requestVote(RaftServerProtocolServiceGrpc.java:265)
	at org.apache.ratis.grpc.server.GrpcServerProtocolClient.requestVote(GrpcServerProtocolClient.java:99)
	at org.apache.ratis.grpc.server.GrpcService.requestVote(GrpcService.java:204)
	at org.apache.ratis.server.impl.LeaderElection.lambda$submitRequests$1(LeaderElection.java:234)
	at java.util.concurrent.FutureTask.run(FutureTask.java:266)
	at java.util.concurrent.Executors$RunnableAdapter.call(Executors.java:511)
	at java.util.concurrent.FutureTask.run(FutureTask.java:266)
	at java.util.concurrent.ThreadPoolExecutor.runWorker(ThreadPoolExecutor.java:1149)
	at java.util.concurrent.ThreadPoolExecutor$Worker.run(ThreadPoolExecutor.java:624)
	... 1 more
Caused by: org.apache.ratis.thirdparty.io.netty.channel.AbstractChannel$AnnotatedConnectException: Connection refused: /192.168.157.254:43622
	at sun.nio.ch.SocketChannelImpl.checkConnect(Native Method)
	at sun.nio.ch.SocketChannelImpl.finishConnect(SocketChannelImpl.java:717)
	at org.apache.ratis.thirdparty.io.netty.channel.socket.nio.NioSocketChannel.doFinishConnect(NioSocketChannel.java:327)
	at org.apache.ratis.thirdparty.io.netty.channel.nio.AbstractNioChannel$AbstractNioUnsafe.finishConnect(AbstractNioChannel.java:340)
	at org.apache.ratis.thirdparty.io.netty.channel.nio.NioEventLoop.processSelectedKey(NioEventLoop.java:632)
	at org.apache.ratis.thirdparty.io.netty.channel.nio.NioEventLoop.processSelectedKeysOptimized(NioEventLoop.java:579)
	at org.apache.ratis.thirdparty.io.netty.channel.nio.NioEventLoop.processSelectedKeys(NioEventLoop.java:496)
	at org.apache.ratis.thirdparty.io.netty.channel.nio.NioEventLoop.run(NioEventLoop.java:458)
	at org.apache.ratis.thirdparty.io.netty.util.concurrent.SingleThreadEventExecutor$5.run(SingleThreadEventExecutor.java:897)
	at org.apache.ratis.thirdparty.io.netty.util.concurrent.FastThreadLocalRunnable.run(FastThreadLocalRunnable.java:30)
	... 1 more
Caused by: java.net.ConnectException: Connection refused
	... 11 more
2019-10-22 00:08:59,785 [grpc-default-executor-8] INFO  impl.RaftServerImpl (RaftServerImpl.java:setRole(184)) - e64b81a2-7e97-4a9c-9a90-0d1e8edce3a8@group-A8B097DE35CC: changes role from  FOLLOWER to FOLLOWER at term 151 for recognizeCandidate:1be30185-a2c0-4461-afc0-2cb02fcff473
2019-10-22 00:08:59,785 [grpc-default-executor-8] INFO  impl.RoleInfo (RoleInfo.java:shutdownFollowerState(121)) - e64b81a2-7e97-4a9c-9a90-0d1e8edce3a8: shutdown FollowerState
2019-10-22 00:08:59,785 [grpc-default-executor-8] INFO  impl.RoleInfo (RoleInfo.java:updateAndGet(143)) - e64b81a2-7e97-4a9c-9a90-0d1e8edce3a8: start FollowerState
2019-10-22 00:08:59,785 [Thread-5098] INFO  impl.FollowerState (FollowerState.java:run(117)) - e64b81a2-7e97-4a9c-9a90-0d1e8edce3a8@group-A8B097DE35CC-FollowerState was interrupted: java.lang.InterruptedException: sleep interrupted
2019-10-22 00:08:59,799 [1be30185-a2c0-4461-afc0-2cb02fcff473@group-A8B097DE35CC-LeaderElection601] INFO  impl.LeaderElection (LeaderElection.java:logAndReturn(56)) - 1be30185-a2c0-4461-afc0-2cb02fcff473@group-A8B097DE35CC-LeaderElection601: Election REJECTED; received 1 response(s) [1be30185-a2c0-4461-afc0-2cb02fcff473<-e64b81a2-7e97-4a9c-9a90-0d1e8edce3a8#0:FAIL-t151] and 1 exception(s); 1be30185-a2c0-4461-afc0-2cb02fcff473@group-A8B097DE35CC:t151, leader=null, voted=1be30185-a2c0-4461-afc0-2cb02fcff473, raftlog=1be30185-a2c0-4461-afc0-2cb02fcff473@group-A8B097DE35CC-SegmentedRaftLog:OPENED:c-1,f-1,i0, conf=-1: [e64b81a2-7e97-4a9c-9a90-0d1e8edce3a8:192.168.157.254:40074, d9951c0b-6d6e-4464-b06b-4ef93c20892c:192.168.157.254:43622, 1be30185-a2c0-4461-afc0-2cb02fcff473:192.168.157.254:38008], old=null
2019-10-22 00:08:59,799 [1be30185-a2c0-4461-afc0-2cb02fcff473@group-A8B097DE35CC-LeaderElection601] INFO  impl.LeaderElection (LogUtils.java:infoOrTrace(149)) -   Exception 0: {}
java.util.concurrent.ExecutionException: org.apache.ratis.thirdparty.io.grpc.StatusRuntimeException: UNAVAILABLE: io exception
	at java.util.concurrent.FutureTask.report(FutureTask.java:122)
	at java.util.concurrent.FutureTask.get(FutureTask.java:192)
	at org.apache.ratis.server.impl.LeaderElection.waitForResults(LeaderElection.java:259)
	at org.apache.ratis.server.impl.LeaderElection.askForVotes(LeaderElection.java:197)
	at org.apache.ratis.server.impl.LeaderElection.run(LeaderElection.java:133)
	at java.lang.Thread.run(Thread.java:748)
Caused by: org.apache.ratis.thirdparty.io.grpc.StatusRuntimeException: UNAVAILABLE: io exception
	at org.apache.ratis.thirdparty.io.grpc.stub.ClientCalls.toStatusRuntimeException(ClientCalls.java:233)
	at org.apache.ratis.thirdparty.io.grpc.stub.ClientCalls.getUnchecked(ClientCalls.java:214)
	at org.apache.ratis.thirdparty.io.grpc.stub.ClientCalls.blockingUnaryCall(ClientCalls.java:139)
	at org.apache.ratis.proto.grpc.RaftServerProtocolServiceGrpc$RaftServerProtocolServiceBlockingStub.requestVote(RaftServerProtocolServiceGrpc.java:265)
	at org.apache.ratis.grpc.server.GrpcServerProtocolClient.requestVote(GrpcServerProtocolClient.java:99)
	at org.apache.ratis.grpc.server.GrpcService.requestVote(GrpcService.java:204)
	at org.apache.ratis.server.impl.LeaderElection.lambda$submitRequests$1(LeaderElection.java:234)
	at java.util.concurrent.FutureTask.run(FutureTask.java:266)
	at java.util.concurrent.Executors$RunnableAdapter.call(Executors.java:511)
	at java.util.concurrent.FutureTask.run(FutureTask.java:266)
	at java.util.concurrent.ThreadPoolExecutor.runWorker(ThreadPoolExecutor.java:1149)
	at java.util.concurrent.ThreadPoolExecutor$Worker.run(ThreadPoolExecutor.java:624)
	... 1 more
Caused by: org.apache.ratis.thirdparty.io.netty.channel.AbstractChannel$AnnotatedConnectException: Connection refused: /192.168.157.254:43622
	at sun.nio.ch.SocketChannelImpl.checkConnect(Native Method)
	at sun.nio.ch.SocketChannelImpl.finishConnect(SocketChannelImpl.java:717)
	at org.apache.ratis.thirdparty.io.netty.channel.socket.nio.NioSocketChannel.doFinishConnect(NioSocketChannel.java:327)
	at org.apache.ratis.thirdparty.io.netty.channel.nio.AbstractNioChannel$AbstractNioUnsafe.finishConnect(AbstractNioChannel.java:340)
	at org.apache.ratis.thirdparty.io.netty.channel.nio.NioEventLoop.processSelectedKey(NioEventLoop.java:632)
	at org.apache.ratis.thirdparty.io.netty.channel.nio.NioEventLoop.processSelectedKeysOptimized(NioEventLoop.java:579)
	at org.apache.ratis.thirdparty.io.netty.channel.nio.NioEventLoop.processSelectedKeys(NioEventLoop.java:496)
	at org.apache.ratis.thirdparty.io.netty.channel.nio.NioEventLoop.run(NioEventLoop.java:458)
	at org.apache.ratis.thirdparty.io.netty.util.concurrent.SingleThreadEventExecutor$5.run(SingleThreadEventExecutor.java:897)
	at org.apache.ratis.thirdparty.io.netty.util.concurrent.FastThreadLocalRunnable.run(FastThreadLocalRunnable.java:30)
	... 1 more
Caused by: java.net.ConnectException: Connection refused
	... 11 more
2019-10-22 00:08:59,799 [1be30185-a2c0-4461-afc0-2cb02fcff473@group-A8B097DE35CC-LeaderElection601] INFO  impl.RaftServerImpl (RaftServerImpl.java:setRole(184)) - 1be30185-a2c0-4461-afc0-2cb02fcff473@group-A8B097DE35CC: changes role from CANDIDATE to FOLLOWER at term 151 for DISCOVERED_A_NEW_TERM
2019-10-22 00:08:59,799 [1be30185-a2c0-4461-afc0-2cb02fcff473@group-A8B097DE35CC-LeaderElection601] INFO  impl.RoleInfo (RoleInfo.java:shutdownLeaderElection(134)) - 1be30185-a2c0-4461-afc0-2cb02fcff473: shutdown LeaderElection
2019-10-22 00:08:59,800 [1be30185-a2c0-4461-afc0-2cb02fcff473@group-A8B097DE35CC-LeaderElection601] INFO  impl.RoleInfo (RoleInfo.java:updateAndGet(143)) - 1be30185-a2c0-4461-afc0-2cb02fcff473: start FollowerState
2019-10-22 00:08:59,998 [Thread-5106] INFO  impl.FollowerState (FollowerState.java:run(108)) - 1be30185-a2c0-4461-afc0-2cb02fcff473@group-A8B097DE35CC-FollowerState: change to CANDIDATE, lastRpcTime:198ms, electionTimeout:198ms
2019-10-22 00:08:59,998 [Thread-5106] INFO  impl.RoleInfo (RoleInfo.java:shutdownFollowerState(121)) - 1be30185-a2c0-4461-afc0-2cb02fcff473: shutdown FollowerState
2019-10-22 00:08:59,998 [Thread-5106] INFO  impl.RaftServerImpl (RaftServerImpl.java:setRole(184)) - 1be30185-a2c0-4461-afc0-2cb02fcff473@group-A8B097DE35CC: changes role from  FOLLOWER to CANDIDATE at term 151 for changeToCandidate
2019-10-22 00:08:59,998 [Thread-5106] INFO  impl.RoleInfo (RoleInfo.java:updateAndGet(143)) - 1be30185-a2c0-4461-afc0-2cb02fcff473: start LeaderElection
2019-10-22 00:09:00,012 [1be30185-a2c0-4461-afc0-2cb02fcff473@group-A8B097DE35CC-LeaderElection602] INFO  impl.LeaderElection (LeaderElection.java:askForVotes(178)) - 1be30185-a2c0-4461-afc0-2cb02fcff473@group-A8B097DE35CC-LeaderElection602: begin an election at term 152 for -1: [e64b81a2-7e97-4a9c-9a90-0d1e8edce3a8:192.168.157.254:40074, d9951c0b-6d6e-4464-b06b-4ef93c20892c:192.168.157.254:43622, 1be30185-a2c0-4461-afc0-2cb02fcff473:192.168.157.254:38008], old=null
2019-10-22 00:09:00,012 [1be30185-a2c0-4461-afc0-2cb02fcff473@group-A8B097DE35CC-LeaderElection602] INFO  impl.LeaderElection (LogUtils.java:infoOrTrace(149)) - 1be30185-a2c0-4461-afc0-2cb02fcff473@group-A8B097DE35CC-LeaderElection602 got exception when requesting votes: {}
java.util.concurrent.ExecutionException: org.apache.ratis.thirdparty.io.grpc.StatusRuntimeException: UNAVAILABLE: io exception
	at java.util.concurrent.FutureTask.report(FutureTask.java:122)
	at java.util.concurrent.FutureTask.get(FutureTask.java:192)
	at org.apache.ratis.server.impl.LeaderElection.waitForResults(LeaderElection.java:259)
	at org.apache.ratis.server.impl.LeaderElection.askForVotes(LeaderElection.java:197)
	at org.apache.ratis.server.impl.LeaderElection.run(LeaderElection.java:133)
	at java.lang.Thread.run(Thread.java:748)
Caused by: org.apache.ratis.thirdparty.io.grpc.StatusRuntimeException: UNAVAILABLE: io exception
	at org.apache.ratis.thirdparty.io.grpc.stub.ClientCalls.toStatusRuntimeException(ClientCalls.java:233)
	at org.apache.ratis.thirdparty.io.grpc.stub.ClientCalls.getUnchecked(ClientCalls.java:214)
	at org.apache.ratis.thirdparty.io.grpc.stub.ClientCalls.blockingUnaryCall(ClientCalls.java:139)
	at org.apache.ratis.proto.grpc.RaftServerProtocolServiceGrpc$RaftServerProtocolServiceBlockingStub.requestVote(RaftServerProtocolServiceGrpc.java:265)
	at org.apache.ratis.grpc.server.GrpcServerProtocolClient.requestVote(GrpcServerProtocolClient.java:99)
	at org.apache.ratis.grpc.server.GrpcService.requestVote(GrpcService.java:204)
	at org.apache.ratis.server.impl.LeaderElection.lambda$submitRequests$1(LeaderElection.java:234)
	at java.util.concurrent.FutureTask.run(FutureTask.java:266)
	at java.util.concurrent.Executors$RunnableAdapter.call(Executors.java:511)
	at java.util.concurrent.FutureTask.run(FutureTask.java:266)
	at java.util.concurrent.ThreadPoolExecutor.runWorker(ThreadPoolExecutor.java:1149)
	at java.util.concurrent.ThreadPoolExecutor$Worker.run(ThreadPoolExecutor.java:624)
	... 1 more
Caused by: org.apache.ratis.thirdparty.io.netty.channel.AbstractChannel$AnnotatedConnectException: Connection refused: /192.168.157.254:43622
	at sun.nio.ch.SocketChannelImpl.checkConnect(Native Method)
	at sun.nio.ch.SocketChannelImpl.finishConnect(SocketChannelImpl.java:717)
	at org.apache.ratis.thirdparty.io.netty.channel.socket.nio.NioSocketChannel.doFinishConnect(NioSocketChannel.java:327)
	at org.apache.ratis.thirdparty.io.netty.channel.nio.AbstractNioChannel$AbstractNioUnsafe.finishConnect(AbstractNioChannel.java:340)
	at org.apache.ratis.thirdparty.io.netty.channel.nio.NioEventLoop.processSelectedKey(NioEventLoop.java:632)
	at org.apache.ratis.thirdparty.io.netty.channel.nio.NioEventLoop.processSelectedKeysOptimized(NioEventLoop.java:579)
	at org.apache.ratis.thirdparty.io.netty.channel.nio.NioEventLoop.processSelectedKeys(NioEventLoop.java:496)
	at org.apache.ratis.thirdparty.io.netty.channel.nio.NioEventLoop.run(NioEventLoop.java:458)
	at org.apache.ratis.thirdparty.io.netty.util.concurrent.SingleThreadEventExecutor$5.run(SingleThreadEventExecutor.java:897)
	at org.apache.ratis.thirdparty.io.netty.util.concurrent.FastThreadLocalRunnable.run(FastThreadLocalRunnable.java:30)
	... 1 more
Caused by: java.net.ConnectException: Connection refused
	... 11 more
2019-10-22 00:09:00,016 [grpc-default-executor-5] INFO  impl.RaftServerImpl (RaftServerImpl.java:setRole(184)) - e64b81a2-7e97-4a9c-9a90-0d1e8edce3a8@group-A8B097DE35CC: changes role from  FOLLOWER to FOLLOWER at term 152 for recognizeCandidate:1be30185-a2c0-4461-afc0-2cb02fcff473
2019-10-22 00:09:00,016 [grpc-default-executor-5] INFO  impl.RoleInfo (RoleInfo.java:shutdownFollowerState(121)) - e64b81a2-7e97-4a9c-9a90-0d1e8edce3a8: shutdown FollowerState
2019-10-22 00:09:00,016 [grpc-default-executor-5] INFO  impl.RoleInfo (RoleInfo.java:updateAndGet(143)) - e64b81a2-7e97-4a9c-9a90-0d1e8edce3a8: start FollowerState
2019-10-22 00:09:00,016 [Thread-5105] INFO  impl.FollowerState (FollowerState.java:run(117)) - e64b81a2-7e97-4a9c-9a90-0d1e8edce3a8@group-A8B097DE35CC-FollowerState was interrupted: java.lang.InterruptedException: sleep interrupted
2019-10-22 00:09:00,030 [1be30185-a2c0-4461-afc0-2cb02fcff473@group-A8B097DE35CC-LeaderElection602] INFO  impl.LeaderElection (LeaderElection.java:logAndReturn(56)) - 1be30185-a2c0-4461-afc0-2cb02fcff473@group-A8B097DE35CC-LeaderElection602: Election REJECTED; received 1 response(s) [1be30185-a2c0-4461-afc0-2cb02fcff473<-e64b81a2-7e97-4a9c-9a90-0d1e8edce3a8#0:FAIL-t152] and 1 exception(s); 1be30185-a2c0-4461-afc0-2cb02fcff473@group-A8B097DE35CC:t152, leader=null, voted=1be30185-a2c0-4461-afc0-2cb02fcff473, raftlog=1be30185-a2c0-4461-afc0-2cb02fcff473@group-A8B097DE35CC-SegmentedRaftLog:OPENED:c-1,f-1,i0, conf=-1: [e64b81a2-7e97-4a9c-9a90-0d1e8edce3a8:192.168.157.254:40074, d9951c0b-6d6e-4464-b06b-4ef93c20892c:192.168.157.254:43622, 1be30185-a2c0-4461-afc0-2cb02fcff473:192.168.157.254:38008], old=null
2019-10-22 00:09:00,030 [1be30185-a2c0-4461-afc0-2cb02fcff473@group-A8B097DE35CC-LeaderElection602] INFO  impl.LeaderElection (LogUtils.java:infoOrTrace(149)) -   Exception 0: {}
java.util.concurrent.ExecutionException: org.apache.ratis.thirdparty.io.grpc.StatusRuntimeException: UNAVAILABLE: io exception
	at java.util.concurrent.FutureTask.report(FutureTask.java:122)
	at java.util.concurrent.FutureTask.get(FutureTask.java:192)
	at org.apache.ratis.server.impl.LeaderElection.waitForResults(LeaderElection.java:259)
	at org.apache.ratis.server.impl.LeaderElection.askForVotes(LeaderElection.java:197)
	at org.apache.ratis.server.impl.LeaderElection.run(LeaderElection.java:133)
	at java.lang.Thread.run(Thread.java:748)
Caused by: org.apache.ratis.thirdparty.io.grpc.StatusRuntimeException: UNAVAILABLE: io exception
	at org.apache.ratis.thirdparty.io.grpc.stub.ClientCalls.toStatusRuntimeException(ClientCalls.java:233)
	at org.apache.ratis.thirdparty.io.grpc.stub.ClientCalls.getUnchecked(ClientCalls.java:214)
	at org.apache.ratis.thirdparty.io.grpc.stub.ClientCalls.blockingUnaryCall(ClientCalls.java:139)
	at org.apache.ratis.proto.grpc.RaftServerProtocolServiceGrpc$RaftServerProtocolServiceBlockingStub.requestVote(RaftServerProtocolServiceGrpc.java:265)
	at org.apache.ratis.grpc.server.GrpcServerProtocolClient.requestVote(GrpcServerProtocolClient.java:99)
	at org.apache.ratis.grpc.server.GrpcService.requestVote(GrpcService.java:204)
	at org.apache.ratis.server.impl.LeaderElection.lambda$submitRequests$1(LeaderElection.java:234)
	at java.util.concurrent.FutureTask.run(FutureTask.java:266)
	at java.util.concurrent.Executors$RunnableAdapter.call(Executors.java:511)
	at java.util.concurrent.FutureTask.run(FutureTask.java:266)
	at java.util.concurrent.ThreadPoolExecutor.runWorker(ThreadPoolExecutor.java:1149)
	at java.util.concurrent.ThreadPoolExecutor$Worker.run(ThreadPoolExecutor.java:624)
	... 1 more
Caused by: org.apache.ratis.thirdparty.io.netty.channel.AbstractChannel$AnnotatedConnectException: Connection refused: /192.168.157.254:43622
	at sun.nio.ch.SocketChannelImpl.checkConnect(Native Method)
	at sun.nio.ch.SocketChannelImpl.finishConnect(SocketChannelImpl.java:717)
	at org.apache.ratis.thirdparty.io.netty.channel.socket.nio.NioSocketChannel.doFinishConnect(NioSocketChannel.java:327)
	at org.apache.ratis.thirdparty.io.netty.channel.nio.AbstractNioChannel$AbstractNioUnsafe.finishConnect(AbstractNioChannel.java:340)
	at org.apache.ratis.thirdparty.io.netty.channel.nio.NioEventLoop.processSelectedKey(NioEventLoop.java:632)
	at org.apache.ratis.thirdparty.io.netty.channel.nio.NioEventLoop.processSelectedKeysOptimized(NioEventLoop.java:579)
	at org.apache.ratis.thirdparty.io.netty.channel.nio.NioEventLoop.processSelectedKeys(NioEventLoop.java:496)
	at org.apache.ratis.thirdparty.io.netty.channel.nio.NioEventLoop.run(NioEventLoop.java:458)
	at org.apache.ratis.thirdparty.io.netty.util.concurrent.SingleThreadEventExecutor$5.run(SingleThreadEventExecutor.java:897)
	at org.apache.ratis.thirdparty.io.netty.util.concurrent.FastThreadLocalRunnable.run(FastThreadLocalRunnable.java:30)
	... 1 more
Caused by: java.net.ConnectException: Connection refused
	... 11 more
2019-10-22 00:09:00,031 [1be30185-a2c0-4461-afc0-2cb02fcff473@group-A8B097DE35CC-LeaderElection602] INFO  impl.RaftServerImpl (RaftServerImpl.java:setRole(184)) - 1be30185-a2c0-4461-afc0-2cb02fcff473@group-A8B097DE35CC: changes role from CANDIDATE to FOLLOWER at term 152 for DISCOVERED_A_NEW_TERM
2019-10-22 00:09:00,031 [1be30185-a2c0-4461-afc0-2cb02fcff473@group-A8B097DE35CC-LeaderElection602] INFO  impl.RoleInfo (RoleInfo.java:shutdownLeaderElection(134)) - 1be30185-a2c0-4461-afc0-2cb02fcff473: shutdown LeaderElection
2019-10-22 00:09:00,031 [1be30185-a2c0-4461-afc0-2cb02fcff473@group-A8B097DE35CC-LeaderElection602] INFO  impl.RoleInfo (RoleInfo.java:updateAndGet(143)) - 1be30185-a2c0-4461-afc0-2cb02fcff473: start FollowerState
2019-10-22 00:09:00,063 [Thread-5113] INFO  impl.FollowerState (FollowerState.java:run(108)) - 1be30185-a2c0-4461-afc0-2cb02fcff473@group-A8B097DE35CC-FollowerState: change to CANDIDATE, lastRpcTime:32ms, electionTimeout:32ms
2019-10-22 00:09:00,063 [Thread-5113] INFO  impl.RoleInfo (RoleInfo.java:shutdownFollowerState(121)) - 1be30185-a2c0-4461-afc0-2cb02fcff473: shutdown FollowerState
2019-10-22 00:09:00,063 [Thread-5113] INFO  impl.RaftServerImpl (RaftServerImpl.java:setRole(184)) - 1be30185-a2c0-4461-afc0-2cb02fcff473@group-A8B097DE35CC: changes role from  FOLLOWER to CANDIDATE at term 152 for changeToCandidate
2019-10-22 00:09:00,063 [Thread-5113] INFO  impl.RoleInfo (RoleInfo.java:updateAndGet(143)) - 1be30185-a2c0-4461-afc0-2cb02fcff473: start LeaderElection
2019-10-22 00:09:00,076 [1be30185-a2c0-4461-afc0-2cb02fcff473@group-A8B097DE35CC-LeaderElection603] INFO  impl.LeaderElection (LeaderElection.java:askForVotes(178)) - 1be30185-a2c0-4461-afc0-2cb02fcff473@group-A8B097DE35CC-LeaderElection603: begin an election at term 153 for -1: [e64b81a2-7e97-4a9c-9a90-0d1e8edce3a8:192.168.157.254:40074, d9951c0b-6d6e-4464-b06b-4ef93c20892c:192.168.157.254:43622, 1be30185-a2c0-4461-afc0-2cb02fcff473:192.168.157.254:38008], old=null
2019-10-22 00:09:00,077 [1be30185-a2c0-4461-afc0-2cb02fcff473@group-A8B097DE35CC-LeaderElection603] INFO  impl.LeaderElection (LogUtils.java:infoOrTrace(149)) - 1be30185-a2c0-4461-afc0-2cb02fcff473@group-A8B097DE35CC-LeaderElection603 got exception when requesting votes: {}
java.util.concurrent.ExecutionException: org.apache.ratis.thirdparty.io.grpc.StatusRuntimeException: UNAVAILABLE: io exception
	at java.util.concurrent.FutureTask.report(FutureTask.java:122)
	at java.util.concurrent.FutureTask.get(FutureTask.java:192)
	at org.apache.ratis.server.impl.LeaderElection.waitForResults(LeaderElection.java:259)
	at org.apache.ratis.server.impl.LeaderElection.askForVotes(LeaderElection.java:197)
	at org.apache.ratis.server.impl.LeaderElection.run(LeaderElection.java:133)
	at java.lang.Thread.run(Thread.java:748)
Caused by: org.apache.ratis.thirdparty.io.grpc.StatusRuntimeException: UNAVAILABLE: io exception
	at org.apache.ratis.thirdparty.io.grpc.stub.ClientCalls.toStatusRuntimeException(ClientCalls.java:233)
	at org.apache.ratis.thirdparty.io.grpc.stub.ClientCalls.getUnchecked(ClientCalls.java:214)
	at org.apache.ratis.thirdparty.io.grpc.stub.ClientCalls.blockingUnaryCall(ClientCalls.java:139)
	at org.apache.ratis.proto.grpc.RaftServerProtocolServiceGrpc$RaftServerProtocolServiceBlockingStub.requestVote(RaftServerProtocolServiceGrpc.java:265)
	at org.apache.ratis.grpc.server.GrpcServerProtocolClient.requestVote(GrpcServerProtocolClient.java:99)
	at org.apache.ratis.grpc.server.GrpcService.requestVote(GrpcService.java:204)
	at org.apache.ratis.server.impl.LeaderElection.lambda$submitRequests$1(LeaderElection.java:234)
	at java.util.concurrent.FutureTask.run(FutureTask.java:266)
	at java.util.concurrent.Executors$RunnableAdapter.call(Executors.java:511)
	at java.util.concurrent.FutureTask.run(FutureTask.java:266)
	at java.util.concurrent.ThreadPoolExecutor.runWorker(ThreadPoolExecutor.java:1149)
	at java.util.concurrent.ThreadPoolExecutor$Worker.run(ThreadPoolExecutor.java:624)
	... 1 more
Caused by: org.apache.ratis.thirdparty.io.netty.channel.AbstractChannel$AnnotatedConnectException: Connection refused: /192.168.157.254:43622
	at sun.nio.ch.SocketChannelImpl.checkConnect(Native Method)
	at sun.nio.ch.SocketChannelImpl.finishConnect(SocketChannelImpl.java:717)
	at org.apache.ratis.thirdparty.io.netty.channel.socket.nio.NioSocketChannel.doFinishConnect(NioSocketChannel.java:327)
	at org.apache.ratis.thirdparty.io.netty.channel.nio.AbstractNioChannel$AbstractNioUnsafe.finishConnect(AbstractNioChannel.java:340)
	at org.apache.ratis.thirdparty.io.netty.channel.nio.NioEventLoop.processSelectedKey(NioEventLoop.java:632)
	at org.apache.ratis.thirdparty.io.netty.channel.nio.NioEventLoop.processSelectedKeysOptimized(NioEventLoop.java:579)
	at org.apache.ratis.thirdparty.io.netty.channel.nio.NioEventLoop.processSelectedKeys(NioEventLoop.java:496)
	at org.apache.ratis.thirdparty.io.netty.channel.nio.NioEventLoop.run(NioEventLoop.java:458)
	at org.apache.ratis.thirdparty.io.netty.util.concurrent.SingleThreadEventExecutor$5.run(SingleThreadEventExecutor.java:897)
	at org.apache.ratis.thirdparty.io.netty.util.concurrent.FastThreadLocalRunnable.run(FastThreadLocalRunnable.java:30)
	... 1 more
Caused by: java.net.ConnectException: Connection refused
	... 11 more
2019-10-22 00:09:00,080 [grpc-default-executor-5] INFO  impl.RaftServerImpl (RaftServerImpl.java:setRole(184)) - e64b81a2-7e97-4a9c-9a90-0d1e8edce3a8@group-A8B097DE35CC: changes role from  FOLLOWER to FOLLOWER at term 153 for recognizeCandidate:1be30185-a2c0-4461-afc0-2cb02fcff473
2019-10-22 00:09:00,080 [grpc-default-executor-5] INFO  impl.RoleInfo (RoleInfo.java:shutdownFollowerState(121)) - e64b81a2-7e97-4a9c-9a90-0d1e8edce3a8: shutdown FollowerState
2019-10-22 00:09:00,081 [grpc-default-executor-5] INFO  impl.RoleInfo (RoleInfo.java:updateAndGet(143)) - e64b81a2-7e97-4a9c-9a90-0d1e8edce3a8: start FollowerState
2019-10-22 00:09:00,081 [Thread-5112] INFO  impl.FollowerState (FollowerState.java:run(117)) - e64b81a2-7e97-4a9c-9a90-0d1e8edce3a8@group-A8B097DE35CC-FollowerState was interrupted: java.lang.InterruptedException: sleep interrupted
2019-10-22 00:09:00,100 [1be30185-a2c0-4461-afc0-2cb02fcff473@group-A8B097DE35CC-LeaderElection603] INFO  impl.LeaderElection (LeaderElection.java:logAndReturn(56)) - 1be30185-a2c0-4461-afc0-2cb02fcff473@group-A8B097DE35CC-LeaderElection603: Election TIMEOUT; received 0 response(s) [] and 1 exception(s); 1be30185-a2c0-4461-afc0-2cb02fcff473@group-A8B097DE35CC:t153, leader=null, voted=1be30185-a2c0-4461-afc0-2cb02fcff473, raftlog=1be30185-a2c0-4461-afc0-2cb02fcff473@group-A8B097DE35CC-SegmentedRaftLog:OPENED:c-1,f-1,i0, conf=-1: [e64b81a2-7e97-4a9c-9a90-0d1e8edce3a8:192.168.157.254:40074, d9951c0b-6d6e-4464-b06b-4ef93c20892c:192.168.157.254:43622, 1be30185-a2c0-4461-afc0-2cb02fcff473:192.168.157.254:38008], old=null
2019-10-22 00:09:00,101 [1be30185-a2c0-4461-afc0-2cb02fcff473@group-A8B097DE35CC-LeaderElection603] INFO  impl.LeaderElection (LogUtils.java:infoOrTrace(149)) -   Exception 0: {}
java.util.concurrent.ExecutionException: org.apache.ratis.thirdparty.io.grpc.StatusRuntimeException: UNAVAILABLE: io exception
	at java.util.concurrent.FutureTask.report(FutureTask.java:122)
	at java.util.concurrent.FutureTask.get(FutureTask.java:192)
	at org.apache.ratis.server.impl.LeaderElection.waitForResults(LeaderElection.java:259)
	at org.apache.ratis.server.impl.LeaderElection.askForVotes(LeaderElection.java:197)
	at org.apache.ratis.server.impl.LeaderElection.run(LeaderElection.java:133)
	at java.lang.Thread.run(Thread.java:748)
Caused by: org.apache.ratis.thirdparty.io.grpc.StatusRuntimeException: UNAVAILABLE: io exception
	at org.apache.ratis.thirdparty.io.grpc.stub.ClientCalls.toStatusRuntimeException(ClientCalls.java:233)
	at org.apache.ratis.thirdparty.io.grpc.stub.ClientCalls.getUnchecked(ClientCalls.java:214)
	at org.apache.ratis.thirdparty.io.grpc.stub.ClientCalls.blockingUnaryCall(ClientCalls.java:139)
	at org.apache.ratis.proto.grpc.RaftServerProtocolServiceGrpc$RaftServerProtocolServiceBlockingStub.requestVote(RaftServerProtocolServiceGrpc.java:265)
	at org.apache.ratis.grpc.server.GrpcServerProtocolClient.requestVote(GrpcServerProtocolClient.java:99)
	at org.apache.ratis.grpc.server.GrpcService.requestVote(GrpcService.java:204)
	at org.apache.ratis.server.impl.LeaderElection.lambda$submitRequests$1(LeaderElection.java:234)
	at java.util.concurrent.FutureTask.run(FutureTask.java:266)
	at java.util.concurrent.Executors$RunnableAdapter.call(Executors.java:511)
	at java.util.concurrent.FutureTask.run(FutureTask.java:266)
	at java.util.concurrent.ThreadPoolExecutor.runWorker(ThreadPoolExecutor.java:1149)
	at java.util.concurrent.ThreadPoolExecutor$Worker.run(ThreadPoolExecutor.java:624)
	... 1 more
Caused by: org.apache.ratis.thirdparty.io.netty.channel.AbstractChannel$AnnotatedConnectException: Connection refused: /192.168.157.254:43622
	at sun.nio.ch.SocketChannelImpl.checkConnect(Native Method)
	at sun.nio.ch.SocketChannelImpl.finishConnect(SocketChannelImpl.java:717)
	at org.apache.ratis.thirdparty.io.netty.channel.socket.nio.NioSocketChannel.doFinishConnect(NioSocketChannel.java:327)
	at org.apache.ratis.thirdparty.io.netty.channel.nio.AbstractNioChannel$AbstractNioUnsafe.finishConnect(AbstractNioChannel.java:340)
	at org.apache.ratis.thirdparty.io.netty.channel.nio.NioEventLoop.processSelectedKey(NioEventLoop.java:632)
	at org.apache.ratis.thirdparty.io.netty.channel.nio.NioEventLoop.processSelectedKeysOptimized(NioEventLoop.java:579)
	at org.apache.ratis.thirdparty.io.netty.channel.nio.NioEventLoop.processSelectedKeys(NioEventLoop.java:496)
	at org.apache.ratis.thirdparty.io.netty.channel.nio.NioEventLoop.run(NioEventLoop.java:458)
	at org.apache.ratis.thirdparty.io.netty.util.concurrent.SingleThreadEventExecutor$5.run(SingleThreadEventExecutor.java:897)
	at org.apache.ratis.thirdparty.io.netty.util.concurrent.FastThreadLocalRunnable.run(FastThreadLocalRunnable.java:30)
	... 1 more
Caused by: java.net.ConnectException: Connection refused
	... 11 more
2019-10-22 00:09:00,115 [1be30185-a2c0-4461-afc0-2cb02fcff473@group-A8B097DE35CC-LeaderElection603] INFO  impl.LeaderElection (LeaderElection.java:askForVotes(178)) - 1be30185-a2c0-4461-afc0-2cb02fcff473@group-A8B097DE35CC-LeaderElection603: begin an election at term 154 for -1: [e64b81a2-7e97-4a9c-9a90-0d1e8edce3a8:192.168.157.254:40074, d9951c0b-6d6e-4464-b06b-4ef93c20892c:192.168.157.254:43622, 1be30185-a2c0-4461-afc0-2cb02fcff473:192.168.157.254:38008], old=null
2019-10-22 00:09:00,116 [1be30185-a2c0-4461-afc0-2cb02fcff473@group-A8B097DE35CC-LeaderElection603] INFO  impl.LeaderElection (LogUtils.java:infoOrTrace(149)) - 1be30185-a2c0-4461-afc0-2cb02fcff473@group-A8B097DE35CC-LeaderElection603 got exception when requesting votes: {}
java.util.concurrent.ExecutionException: org.apache.ratis.thirdparty.io.grpc.StatusRuntimeException: UNAVAILABLE: io exception
	at java.util.concurrent.FutureTask.report(FutureTask.java:122)
	at java.util.concurrent.FutureTask.get(FutureTask.java:192)
	at org.apache.ratis.server.impl.LeaderElection.waitForResults(LeaderElection.java:259)
	at org.apache.ratis.server.impl.LeaderElection.askForVotes(LeaderElection.java:197)
	at org.apache.ratis.server.impl.LeaderElection.run(LeaderElection.java:133)
	at java.lang.Thread.run(Thread.java:748)
Caused by: org.apache.ratis.thirdparty.io.grpc.StatusRuntimeException: UNAVAILABLE: io exception
	at org.apache.ratis.thirdparty.io.grpc.stub.ClientCalls.toStatusRuntimeException(ClientCalls.java:233)
	at org.apache.ratis.thirdparty.io.grpc.stub.ClientCalls.getUnchecked(ClientCalls.java:214)
	at org.apache.ratis.thirdparty.io.grpc.stub.ClientCalls.blockingUnaryCall(ClientCalls.java:139)
	at org.apache.ratis.proto.grpc.RaftServerProtocolServiceGrpc$RaftServerProtocolServiceBlockingStub.requestVote(RaftServerProtocolServiceGrpc.java:265)
	at org.apache.ratis.grpc.server.GrpcServerProtocolClient.requestVote(GrpcServerProtocolClient.java:99)
	at org.apache.ratis.grpc.server.GrpcService.requestVote(GrpcService.java:204)
	at org.apache.ratis.server.impl.LeaderElection.lambda$submitRequests$1(LeaderElection.java:234)
	at java.util.concurrent.FutureTask.run(FutureTask.java:266)
	at java.util.concurrent.Executors$RunnableAdapter.call(Executors.java:511)
	at java.util.concurrent.FutureTask.run(FutureTask.java:266)
	at java.util.concurrent.ThreadPoolExecutor.runWorker(ThreadPoolExecutor.java:1149)
	at java.util.concurrent.ThreadPoolExecutor$Worker.run(ThreadPoolExecutor.java:624)
	... 1 more
Caused by: org.apache.ratis.thirdparty.io.netty.channel.AbstractChannel$AnnotatedConnectException: Connection refused: /192.168.157.254:43622
	at sun.nio.ch.SocketChannelImpl.checkConnect(Native Method)
	at sun.nio.ch.SocketChannelImpl.finishConnect(SocketChannelImpl.java:717)
	at org.apache.ratis.thirdparty.io.netty.channel.socket.nio.NioSocketChannel.doFinishConnect(NioSocketChannel.java:327)
	at org.apache.ratis.thirdparty.io.netty.channel.nio.AbstractNioChannel$AbstractNioUnsafe.finishConnect(AbstractNioChannel.java:340)
	at org.apache.ratis.thirdparty.io.netty.channel.nio.NioEventLoop.processSelectedKey(NioEventLoop.java:632)
	at org.apache.ratis.thirdparty.io.netty.channel.nio.NioEventLoop.processSelectedKeysOptimized(NioEventLoop.java:579)
	at org.apache.ratis.thirdparty.io.netty.channel.nio.NioEventLoop.processSelectedKeys(NioEventLoop.java:496)
	at org.apache.ratis.thirdparty.io.netty.channel.nio.NioEventLoop.run(NioEventLoop.java:458)
	at org.apache.ratis.thirdparty.io.netty.util.concurrent.SingleThreadEventExecutor$5.run(SingleThreadEventExecutor.java:897)
	at org.apache.ratis.thirdparty.io.netty.util.concurrent.FastThreadLocalRunnable.run(FastThreadLocalRunnable.java:30)
	... 1 more
Caused by: java.net.ConnectException: Connection refused
	... 11 more
2019-10-22 00:09:00,116 [grpc-default-executor-5] INFO  impl.RaftServerImpl (RaftServerImpl.java:setRole(184)) - e64b81a2-7e97-4a9c-9a90-0d1e8edce3a8@group-A8B097DE35CC: changes role from  FOLLOWER to FOLLOWER at term 154 for recognizeCandidate:1be30185-a2c0-4461-afc0-2cb02fcff473
2019-10-22 00:09:00,118 [grpc-default-executor-5] INFO  impl.RoleInfo (RoleInfo.java:shutdownFollowerState(121)) - e64b81a2-7e97-4a9c-9a90-0d1e8edce3a8: shutdown FollowerState
2019-10-22 00:09:00,118 [grpc-default-executor-5] INFO  impl.RoleInfo (RoleInfo.java:updateAndGet(143)) - e64b81a2-7e97-4a9c-9a90-0d1e8edce3a8: start FollowerState
2019-10-22 00:09:00,118 [Thread-5117] INFO  impl.FollowerState (FollowerState.java:run(117)) - e64b81a2-7e97-4a9c-9a90-0d1e8edce3a8@group-A8B097DE35CC-FollowerState was interrupted: java.lang.InterruptedException: sleep interrupted
2019-10-22 00:09:00,144 [1be30185-a2c0-4461-afc0-2cb02fcff473@group-A8B097DE35CC-LeaderElection603] INFO  impl.LeaderElection (LeaderElection.java:logAndReturn(56)) - 1be30185-a2c0-4461-afc0-2cb02fcff473@group-A8B097DE35CC-LeaderElection603: Election REJECTED; received 1 response(s) [1be30185-a2c0-4461-afc0-2cb02fcff473<-e64b81a2-7e97-4a9c-9a90-0d1e8edce3a8#0:FAIL-t154] and 1 exception(s); 1be30185-a2c0-4461-afc0-2cb02fcff473@group-A8B097DE35CC:t154, leader=null, voted=1be30185-a2c0-4461-afc0-2cb02fcff473, raftlog=1be30185-a2c0-4461-afc0-2cb02fcff473@group-A8B097DE35CC-SegmentedRaftLog:OPENED:c-1,f-1,i0, conf=-1: [e64b81a2-7e97-4a9c-9a90-0d1e8edce3a8:192.168.157.254:40074, d9951c0b-6d6e-4464-b06b-4ef93c20892c:192.168.157.254:43622, 1be30185-a2c0-4461-afc0-2cb02fcff473:192.168.157.254:38008], old=null
2019-10-22 00:09:00,144 [1be30185-a2c0-4461-afc0-2cb02fcff473@group-A8B097DE35CC-LeaderElection603] INFO  impl.LeaderElection (LogUtils.java:infoOrTrace(149)) -   Exception 0: {}
java.util.concurrent.ExecutionException: org.apache.ratis.thirdparty.io.grpc.StatusRuntimeException: UNAVAILABLE: io exception
	at java.util.concurrent.FutureTask.report(FutureTask.java:122)
	at java.util.concurrent.FutureTask.get(FutureTask.java:192)
	at org.apache.ratis.server.impl.LeaderElection.waitForResults(LeaderElection.java:259)
	at org.apache.ratis.server.impl.LeaderElection.askForVotes(LeaderElection.java:197)
	at org.apache.ratis.server.impl.LeaderElection.run(LeaderElection.java:133)
	at java.lang.Thread.run(Thread.java:748)
Caused by: org.apache.ratis.thirdparty.io.grpc.StatusRuntimeException: UNAVAILABLE: io exception
	at org.apache.ratis.thirdparty.io.grpc.stub.ClientCalls.toStatusRuntimeException(ClientCalls.java:233)
	at org.apache.ratis.thirdparty.io.grpc.stub.ClientCalls.getUnchecked(ClientCalls.java:214)
	at org.apache.ratis.thirdparty.io.grpc.stub.ClientCalls.blockingUnaryCall(ClientCalls.java:139)
	at org.apache.ratis.proto.grpc.RaftServerProtocolServiceGrpc$RaftServerProtocolServiceBlockingStub.requestVote(RaftServerProtocolServiceGrpc.java:265)
	at org.apache.ratis.grpc.server.GrpcServerProtocolClient.requestVote(GrpcServerProtocolClient.java:99)
	at org.apache.ratis.grpc.server.GrpcService.requestVote(GrpcService.java:204)
	at org.apache.ratis.server.impl.LeaderElection.lambda$submitRequests$1(LeaderElection.java:234)
	at java.util.concurrent.FutureTask.run(FutureTask.java:266)
	at java.util.concurrent.Executors$RunnableAdapter.call(Executors.java:511)
	at java.util.concurrent.FutureTask.run(FutureTask.java:266)
	at java.util.concurrent.ThreadPoolExecutor.runWorker(ThreadPoolExecutor.java:1149)
	at java.util.concurrent.ThreadPoolExecutor$Worker.run(ThreadPoolExecutor.java:624)
	... 1 more
Caused by: org.apache.ratis.thirdparty.io.netty.channel.AbstractChannel$AnnotatedConnectException: Connection refused: /192.168.157.254:43622
	at sun.nio.ch.SocketChannelImpl.checkConnect(Native Method)
	at sun.nio.ch.SocketChannelImpl.finishConnect(SocketChannelImpl.java:717)
	at org.apache.ratis.thirdparty.io.netty.channel.socket.nio.NioSocketChannel.doFinishConnect(NioSocketChannel.java:327)
	at org.apache.ratis.thirdparty.io.netty.channel.nio.AbstractNioChannel$AbstractNioUnsafe.finishConnect(AbstractNioChannel.java:340)
	at org.apache.ratis.thirdparty.io.netty.channel.nio.NioEventLoop.processSelectedKey(NioEventLoop.java:632)
	at org.apache.ratis.thirdparty.io.netty.channel.nio.NioEventLoop.processSelectedKeysOptimized(NioEventLoop.java:579)
	at org.apache.ratis.thirdparty.io.netty.channel.nio.NioEventLoop.processSelectedKeys(NioEventLoop.java:496)
	at org.apache.ratis.thirdparty.io.netty.channel.nio.NioEventLoop.run(NioEventLoop.java:458)
	at org.apache.ratis.thirdparty.io.netty.util.concurrent.SingleThreadEventExecutor$5.run(SingleThreadEventExecutor.java:897)
	at org.apache.ratis.thirdparty.io.netty.util.concurrent.FastThreadLocalRunnable.run(FastThreadLocalRunnable.java:30)
	... 1 more
Caused by: java.net.ConnectException: Connection refused
	... 11 more
2019-10-22 00:09:00,144 [1be30185-a2c0-4461-afc0-2cb02fcff473@group-A8B097DE35CC-LeaderElection603] INFO  impl.RaftServerImpl (RaftServerImpl.java:setRole(184)) - 1be30185-a2c0-4461-afc0-2cb02fcff473@group-A8B097DE35CC: changes role from CANDIDATE to FOLLOWER at term 154 for DISCOVERED_A_NEW_TERM
2019-10-22 00:09:00,145 [1be30185-a2c0-4461-afc0-2cb02fcff473@group-A8B097DE35CC-LeaderElection603] INFO  impl.RoleInfo (RoleInfo.java:shutdownLeaderElection(134)) - 1be30185-a2c0-4461-afc0-2cb02fcff473: shutdown LeaderElection
2019-10-22 00:09:00,145 [1be30185-a2c0-4461-afc0-2cb02fcff473@group-A8B097DE35CC-LeaderElection603] INFO  impl.RoleInfo (RoleInfo.java:updateAndGet(143)) - 1be30185-a2c0-4461-afc0-2cb02fcff473: start FollowerState
2019-10-22 00:09:00,227 [Thread-5121] INFO  impl.FollowerState (FollowerState.java:run(108)) - 1be30185-a2c0-4461-afc0-2cb02fcff473@group-A8B097DE35CC-FollowerState: change to CANDIDATE, lastRpcTime:82ms, electionTimeout:82ms
2019-10-22 00:09:00,227 [Thread-5121] INFO  impl.RoleInfo (RoleInfo.java:shutdownFollowerState(121)) - 1be30185-a2c0-4461-afc0-2cb02fcff473: shutdown FollowerState
2019-10-22 00:09:00,227 [Thread-5121] INFO  impl.RaftServerImpl (RaftServerImpl.java:setRole(184)) - 1be30185-a2c0-4461-afc0-2cb02fcff473@group-A8B097DE35CC: changes role from  FOLLOWER to CANDIDATE at term 154 for changeToCandidate
2019-10-22 00:09:00,227 [Thread-5121] INFO  impl.RoleInfo (RoleInfo.java:updateAndGet(143)) - 1be30185-a2c0-4461-afc0-2cb02fcff473: start LeaderElection
2019-10-22 00:09:00,243 [1be30185-a2c0-4461-afc0-2cb02fcff473@group-A8B097DE35CC-LeaderElection604] INFO  impl.LeaderElection (LeaderElection.java:askForVotes(178)) - 1be30185-a2c0-4461-afc0-2cb02fcff473@group-A8B097DE35CC-LeaderElection604: begin an election at term 155 for -1: [e64b81a2-7e97-4a9c-9a90-0d1e8edce3a8:192.168.157.254:40074, d9951c0b-6d6e-4464-b06b-4ef93c20892c:192.168.157.254:43622, 1be30185-a2c0-4461-afc0-2cb02fcff473:192.168.157.254:38008], old=null
2019-10-22 00:09:00,244 [1be30185-a2c0-4461-afc0-2cb02fcff473@group-A8B097DE35CC-LeaderElection604] INFO  impl.LeaderElection (LogUtils.java:infoOrTrace(149)) - 1be30185-a2c0-4461-afc0-2cb02fcff473@group-A8B097DE35CC-LeaderElection604 got exception when requesting votes: {}
java.util.concurrent.ExecutionException: org.apache.ratis.thirdparty.io.grpc.StatusRuntimeException: UNAVAILABLE: io exception
	at java.util.concurrent.FutureTask.report(FutureTask.java:122)
	at java.util.concurrent.FutureTask.get(FutureTask.java:192)
	at org.apache.ratis.server.impl.LeaderElection.waitForResults(LeaderElection.java:259)
	at org.apache.ratis.server.impl.LeaderElection.askForVotes(LeaderElection.java:197)
	at org.apache.ratis.server.impl.LeaderElection.run(LeaderElection.java:133)
	at java.lang.Thread.run(Thread.java:748)
Caused by: org.apache.ratis.thirdparty.io.grpc.StatusRuntimeException: UNAVAILABLE: io exception
	at org.apache.ratis.thirdparty.io.grpc.stub.ClientCalls.toStatusRuntimeException(ClientCalls.java:233)
	at org.apache.ratis.thirdparty.io.grpc.stub.ClientCalls.getUnchecked(ClientCalls.java:214)
	at org.apache.ratis.thirdparty.io.grpc.stub.ClientCalls.blockingUnaryCall(ClientCalls.java:139)
	at org.apache.ratis.proto.grpc.RaftServerProtocolServiceGrpc$RaftServerProtocolServiceBlockingStub.requestVote(RaftServerProtocolServiceGrpc.java:265)
	at org.apache.ratis.grpc.server.GrpcServerProtocolClient.requestVote(GrpcServerProtocolClient.java:99)
	at org.apache.ratis.grpc.server.GrpcService.requestVote(GrpcService.java:204)
	at org.apache.ratis.server.impl.LeaderElection.lambda$submitRequests$1(LeaderElection.java:234)
	at java.util.concurrent.FutureTask.run(FutureTask.java:266)
	at java.util.concurrent.Executors$RunnableAdapter.call(Executors.java:511)
	at java.util.concurrent.FutureTask.run(FutureTask.java:266)
	at java.util.concurrent.ThreadPoolExecutor.runWorker(ThreadPoolExecutor.java:1149)
	at java.util.concurrent.ThreadPoolExecutor$Worker.run(ThreadPoolExecutor.java:624)
	... 1 more
Caused by: org.apache.ratis.thirdparty.io.netty.channel.AbstractChannel$AnnotatedConnectException: Connection refused: /192.168.157.254:43622
	at sun.nio.ch.SocketChannelImpl.checkConnect(Native Method)
	at sun.nio.ch.SocketChannelImpl.finishConnect(SocketChannelImpl.java:717)
	at org.apache.ratis.thirdparty.io.netty.channel.socket.nio.NioSocketChannel.doFinishConnect(NioSocketChannel.java:327)
	at org.apache.ratis.thirdparty.io.netty.channel.nio.AbstractNioChannel$AbstractNioUnsafe.finishConnect(AbstractNioChannel.java:340)
	at org.apache.ratis.thirdparty.io.netty.channel.nio.NioEventLoop.processSelectedKey(NioEventLoop.java:632)
	at org.apache.ratis.thirdparty.io.netty.channel.nio.NioEventLoop.processSelectedKeysOptimized(NioEventLoop.java:579)
	at org.apache.ratis.thirdparty.io.netty.channel.nio.NioEventLoop.processSelectedKeys(NioEventLoop.java:496)
	at org.apache.ratis.thirdparty.io.netty.channel.nio.NioEventLoop.run(NioEventLoop.java:458)
	at org.apache.ratis.thirdparty.io.netty.util.concurrent.SingleThreadEventExecutor$5.run(SingleThreadEventExecutor.java:897)
	at org.apache.ratis.thirdparty.io.netty.util.concurrent.FastThreadLocalRunnable.run(FastThreadLocalRunnable.java:30)
	... 1 more
Caused by: java.net.ConnectException: Connection refused
	... 11 more
2019-10-22 00:09:00,248 [grpc-default-executor-5] INFO  impl.RaftServerImpl (RaftServerImpl.java:setRole(184)) - e64b81a2-7e97-4a9c-9a90-0d1e8edce3a8@group-A8B097DE35CC: changes role from  FOLLOWER to FOLLOWER at term 155 for recognizeCandidate:1be30185-a2c0-4461-afc0-2cb02fcff473
2019-10-22 00:09:00,248 [grpc-default-executor-5] INFO  impl.RoleInfo (RoleInfo.java:shutdownFollowerState(121)) - e64b81a2-7e97-4a9c-9a90-0d1e8edce3a8: shutdown FollowerState
2019-10-22 00:09:00,248 [grpc-default-executor-5] INFO  impl.RoleInfo (RoleInfo.java:updateAndGet(143)) - e64b81a2-7e97-4a9c-9a90-0d1e8edce3a8: start FollowerState
2019-10-22 00:09:00,248 [Thread-5120] INFO  impl.FollowerState (FollowerState.java:run(117)) - e64b81a2-7e97-4a9c-9a90-0d1e8edce3a8@group-A8B097DE35CC-FollowerState was interrupted: java.lang.InterruptedException: sleep interrupted
2019-10-22 00:09:00,270 [1be30185-a2c0-4461-afc0-2cb02fcff473@group-A8B097DE35CC-LeaderElection604] INFO  impl.LeaderElection (LeaderElection.java:logAndReturn(56)) - 1be30185-a2c0-4461-afc0-2cb02fcff473@group-A8B097DE35CC-LeaderElection604: Election REJECTED; received 1 response(s) [1be30185-a2c0-4461-afc0-2cb02fcff473<-e64b81a2-7e97-4a9c-9a90-0d1e8edce3a8#0:FAIL-t155] and 1 exception(s); 1be30185-a2c0-4461-afc0-2cb02fcff473@group-A8B097DE35CC:t155, leader=null, voted=1be30185-a2c0-4461-afc0-2cb02fcff473, raftlog=1be30185-a2c0-4461-afc0-2cb02fcff473@group-A8B097DE35CC-SegmentedRaftLog:OPENED:c-1,f-1,i0, conf=-1: [e64b81a2-7e97-4a9c-9a90-0d1e8edce3a8:192.168.157.254:40074, d9951c0b-6d6e-4464-b06b-4ef93c20892c:192.168.157.254:43622, 1be30185-a2c0-4461-afc0-2cb02fcff473:192.168.157.254:38008], old=null
2019-10-22 00:09:00,270 [1be30185-a2c0-4461-afc0-2cb02fcff473@group-A8B097DE35CC-LeaderElection604] INFO  impl.LeaderElection (LogUtils.java:infoOrTrace(149)) -   Exception 0: {}
java.util.concurrent.ExecutionException: org.apache.ratis.thirdparty.io.grpc.StatusRuntimeException: UNAVAILABLE: io exception
	at java.util.concurrent.FutureTask.report(FutureTask.java:122)
	at java.util.concurrent.FutureTask.get(FutureTask.java:192)
	at org.apache.ratis.server.impl.LeaderElection.waitForResults(LeaderElection.java:259)
	at org.apache.ratis.server.impl.LeaderElection.askForVotes(LeaderElection.java:197)
	at org.apache.ratis.server.impl.LeaderElection.run(LeaderElection.java:133)
	at java.lang.Thread.run(Thread.java:748)
Caused by: org.apache.ratis.thirdparty.io.grpc.StatusRuntimeException: UNAVAILABLE: io exception
	at org.apache.ratis.thirdparty.io.grpc.stub.ClientCalls.toStatusRuntimeException(ClientCalls.java:233)
	at org.apache.ratis.thirdparty.io.grpc.stub.ClientCalls.getUnchecked(ClientCalls.java:214)
	at org.apache.ratis.thirdparty.io.grpc.stub.ClientCalls.blockingUnaryCall(ClientCalls.java:139)
	at org.apache.ratis.proto.grpc.RaftServerProtocolServiceGrpc$RaftServerProtocolServiceBlockingStub.requestVote(RaftServerProtocolServiceGrpc.java:265)
	at org.apache.ratis.grpc.server.GrpcServerProtocolClient.requestVote(GrpcServerProtocolClient.java:99)
	at org.apache.ratis.grpc.server.GrpcService.requestVote(GrpcService.java:204)
	at org.apache.ratis.server.impl.LeaderElection.lambda$submitRequests$1(LeaderElection.java:234)
	at java.util.concurrent.FutureTask.run(FutureTask.java:266)
	at java.util.concurrent.Executors$RunnableAdapter.call(Executors.java:511)
	at java.util.concurrent.FutureTask.run(FutureTask.java:266)
	at java.util.concurrent.ThreadPoolExecutor.runWorker(ThreadPoolExecutor.java:1149)
	at java.util.concurrent.ThreadPoolExecutor$Worker.run(ThreadPoolExecutor.java:624)
	... 1 more
Caused by: org.apache.ratis.thirdparty.io.netty.channel.AbstractChannel$AnnotatedConnectException: Connection refused: /192.168.157.254:43622
	at sun.nio.ch.SocketChannelImpl.checkConnect(Native Method)
	at sun.nio.ch.SocketChannelImpl.finishConnect(SocketChannelImpl.java:717)
	at org.apache.ratis.thirdparty.io.netty.channel.socket.nio.NioSocketChannel.doFinishConnect(NioSocketChannel.java:327)
	at org.apache.ratis.thirdparty.io.netty.channel.nio.AbstractNioChannel$AbstractNioUnsafe.finishConnect(AbstractNioChannel.java:340)
	at org.apache.ratis.thirdparty.io.netty.channel.nio.NioEventLoop.processSelectedKey(NioEventLoop.java:632)
	at org.apache.ratis.thirdparty.io.netty.channel.nio.NioEventLoop.processSelectedKeysOptimized(NioEventLoop.java:579)
	at org.apache.ratis.thirdparty.io.netty.channel.nio.NioEventLoop.processSelectedKeys(NioEventLoop.java:496)
	at org.apache.ratis.thirdparty.io.netty.channel.nio.NioEventLoop.run(NioEventLoop.java:458)
	at org.apache.ratis.thirdparty.io.netty.util.concurrent.SingleThreadEventExecutor$5.run(SingleThreadEventExecutor.java:897)
	at org.apache.ratis.thirdparty.io.netty.util.concurrent.FastThreadLocalRunnable.run(FastThreadLocalRunnable.java:30)
	... 1 more
Caused by: java.net.ConnectException: Connection refused
	... 11 more
2019-10-22 00:09:00,271 [1be30185-a2c0-4461-afc0-2cb02fcff473@group-A8B097DE35CC-LeaderElection604] INFO  impl.RaftServerImpl (RaftServerImpl.java:setRole(184)) - 1be30185-a2c0-4461-afc0-2cb02fcff473@group-A8B097DE35CC: changes role from CANDIDATE to FOLLOWER at term 155 for DISCOVERED_A_NEW_TERM
2019-10-22 00:09:00,271 [1be30185-a2c0-4461-afc0-2cb02fcff473@group-A8B097DE35CC-LeaderElection604] INFO  impl.RoleInfo (RoleInfo.java:shutdownLeaderElection(134)) - 1be30185-a2c0-4461-afc0-2cb02fcff473: shutdown LeaderElection
2019-10-22 00:09:00,271 [1be30185-a2c0-4461-afc0-2cb02fcff473@group-A8B097DE35CC-LeaderElection604] INFO  impl.RoleInfo (RoleInfo.java:updateAndGet(143)) - 1be30185-a2c0-4461-afc0-2cb02fcff473: start FollowerState
2019-10-22 00:09:00,455 [Thread-5127] INFO  impl.FollowerState (FollowerState.java:run(108)) - 1be30185-a2c0-4461-afc0-2cb02fcff473@group-A8B097DE35CC-FollowerState: change to CANDIDATE, lastRpcTime:184ms, electionTimeout:184ms
2019-10-22 00:09:00,455 [Thread-5127] INFO  impl.RoleInfo (RoleInfo.java:shutdownFollowerState(121)) - 1be30185-a2c0-4461-afc0-2cb02fcff473: shutdown FollowerState
2019-10-22 00:09:00,455 [Thread-5127] INFO  impl.RaftServerImpl (RaftServerImpl.java:setRole(184)) - 1be30185-a2c0-4461-afc0-2cb02fcff473@group-A8B097DE35CC: changes role from  FOLLOWER to CANDIDATE at term 155 for changeToCandidate
2019-10-22 00:09:00,455 [Thread-5127] INFO  impl.RoleInfo (RoleInfo.java:updateAndGet(143)) - 1be30185-a2c0-4461-afc0-2cb02fcff473: start LeaderElection
2019-10-22 00:09:00,481 [1be30185-a2c0-4461-afc0-2cb02fcff473@group-A8B097DE35CC-LeaderElection605] INFO  impl.LeaderElection (LeaderElection.java:askForVotes(178)) - 1be30185-a2c0-4461-afc0-2cb02fcff473@group-A8B097DE35CC-LeaderElection605: begin an election at term 156 for -1: [e64b81a2-7e97-4a9c-9a90-0d1e8edce3a8:192.168.157.254:40074, d9951c0b-6d6e-4464-b06b-4ef93c20892c:192.168.157.254:43622, 1be30185-a2c0-4461-afc0-2cb02fcff473:192.168.157.254:38008], old=null
2019-10-22 00:09:00,482 [1be30185-a2c0-4461-afc0-2cb02fcff473@group-A8B097DE35CC-LeaderElection605] INFO  impl.LeaderElection (LogUtils.java:infoOrTrace(149)) - 1be30185-a2c0-4461-afc0-2cb02fcff473@group-A8B097DE35CC-LeaderElection605 got exception when requesting votes: {}
java.util.concurrent.ExecutionException: org.apache.ratis.thirdparty.io.grpc.StatusRuntimeException: UNAVAILABLE: io exception
	at java.util.concurrent.FutureTask.report(FutureTask.java:122)
	at java.util.concurrent.FutureTask.get(FutureTask.java:192)
	at org.apache.ratis.server.impl.LeaderElection.waitForResults(LeaderElection.java:259)
	at org.apache.ratis.server.impl.LeaderElection.askForVotes(LeaderElection.java:197)
	at org.apache.ratis.server.impl.LeaderElection.run(LeaderElection.java:133)
	at java.lang.Thread.run(Thread.java:748)
Caused by: org.apache.ratis.thirdparty.io.grpc.StatusRuntimeException: UNAVAILABLE: io exception
	at org.apache.ratis.thirdparty.io.grpc.stub.ClientCalls.toStatusRuntimeException(ClientCalls.java:233)
	at org.apache.ratis.thirdparty.io.grpc.stub.ClientCalls.getUnchecked(ClientCalls.java:214)
	at org.apache.ratis.thirdparty.io.grpc.stub.ClientCalls.blockingUnaryCall(ClientCalls.java:139)
	at org.apache.ratis.proto.grpc.RaftServerProtocolServiceGrpc$RaftServerProtocolServiceBlockingStub.requestVote(RaftServerProtocolServiceGrpc.java:265)
	at org.apache.ratis.grpc.server.GrpcServerProtocolClient.requestVote(GrpcServerProtocolClient.java:99)
	at org.apache.ratis.grpc.server.GrpcService.requestVote(GrpcService.java:204)
	at org.apache.ratis.server.impl.LeaderElection.lambda$submitRequests$1(LeaderElection.java:234)
	at java.util.concurrent.FutureTask.run(FutureTask.java:266)
	at java.util.concurrent.Executors$RunnableAdapter.call(Executors.java:511)
	at java.util.concurrent.FutureTask.run(FutureTask.java:266)
	at java.util.concurrent.ThreadPoolExecutor.runWorker(ThreadPoolExecutor.java:1149)
	at java.util.concurrent.ThreadPoolExecutor$Worker.run(ThreadPoolExecutor.java:624)
	... 1 more
Caused by: org.apache.ratis.thirdparty.io.netty.channel.AbstractChannel$AnnotatedConnectException: Connection refused: /192.168.157.254:43622
	at sun.nio.ch.SocketChannelImpl.checkConnect(Native Method)
	at sun.nio.ch.SocketChannelImpl.finishConnect(SocketChannelImpl.java:717)
	at org.apache.ratis.thirdparty.io.netty.channel.socket.nio.NioSocketChannel.doFinishConnect(NioSocketChannel.java:327)
	at org.apache.ratis.thirdparty.io.netty.channel.nio.AbstractNioChannel$AbstractNioUnsafe.finishConnect(AbstractNioChannel.java:340)
	at org.apache.ratis.thirdparty.io.netty.channel.nio.NioEventLoop.processSelectedKey(NioEventLoop.java:632)
	at org.apache.ratis.thirdparty.io.netty.channel.nio.NioEventLoop.processSelectedKeysOptimized(NioEventLoop.java:579)
	at org.apache.ratis.thirdparty.io.netty.channel.nio.NioEventLoop.processSelectedKeys(NioEventLoop.java:496)
	at org.apache.ratis.thirdparty.io.netty.channel.nio.NioEventLoop.run(NioEventLoop.java:458)
	at org.apache.ratis.thirdparty.io.netty.util.concurrent.SingleThreadEventExecutor$5.run(SingleThreadEventExecutor.java:897)
	at org.apache.ratis.thirdparty.io.netty.util.concurrent.FastThreadLocalRunnable.run(FastThreadLocalRunnable.java:30)
	... 1 more
Caused by: java.net.ConnectException: Connection refused
	... 11 more
2019-10-22 00:09:00,486 [grpc-default-executor-8] INFO  impl.RaftServerImpl (RaftServerImpl.java:setRole(184)) - e64b81a2-7e97-4a9c-9a90-0d1e8edce3a8@group-A8B097DE35CC: changes role from  FOLLOWER to FOLLOWER at term 156 for recognizeCandidate:1be30185-a2c0-4461-afc0-2cb02fcff473
2019-10-22 00:09:00,486 [grpc-default-executor-8] INFO  impl.RoleInfo (RoleInfo.java:shutdownFollowerState(121)) - e64b81a2-7e97-4a9c-9a90-0d1e8edce3a8: shutdown FollowerState
2019-10-22 00:09:00,486 [grpc-default-executor-8] INFO  impl.RoleInfo (RoleInfo.java:updateAndGet(143)) - e64b81a2-7e97-4a9c-9a90-0d1e8edce3a8: start FollowerState
2019-10-22 00:09:00,486 [Thread-5126] INFO  impl.FollowerState (FollowerState.java:run(117)) - e64b81a2-7e97-4a9c-9a90-0d1e8edce3a8@group-A8B097DE35CC-FollowerState was interrupted: java.lang.InterruptedException: sleep interrupted
2019-10-22 00:09:00,499 [1be30185-a2c0-4461-afc0-2cb02fcff473@group-A8B097DE35CC-LeaderElection605] INFO  impl.LeaderElection (LeaderElection.java:logAndReturn(56)) - 1be30185-a2c0-4461-afc0-2cb02fcff473@group-A8B097DE35CC-LeaderElection605: Election REJECTED; received 1 response(s) [1be30185-a2c0-4461-afc0-2cb02fcff473<-e64b81a2-7e97-4a9c-9a90-0d1e8edce3a8#0:FAIL-t156] and 1 exception(s); 1be30185-a2c0-4461-afc0-2cb02fcff473@group-A8B097DE35CC:t156, leader=null, voted=1be30185-a2c0-4461-afc0-2cb02fcff473, raftlog=1be30185-a2c0-4461-afc0-2cb02fcff473@group-A8B097DE35CC-SegmentedRaftLog:OPENED:c-1,f-1,i0, conf=-1: [e64b81a2-7e97-4a9c-9a90-0d1e8edce3a8:192.168.157.254:40074, d9951c0b-6d6e-4464-b06b-4ef93c20892c:192.168.157.254:43622, 1be30185-a2c0-4461-afc0-2cb02fcff473:192.168.157.254:38008], old=null
2019-10-22 00:09:00,500 [1be30185-a2c0-4461-afc0-2cb02fcff473@group-A8B097DE35CC-LeaderElection605] INFO  impl.LeaderElection (LogUtils.java:infoOrTrace(149)) -   Exception 0: {}
java.util.concurrent.ExecutionException: org.apache.ratis.thirdparty.io.grpc.StatusRuntimeException: UNAVAILABLE: io exception
	at java.util.concurrent.FutureTask.report(FutureTask.java:122)
	at java.util.concurrent.FutureTask.get(FutureTask.java:192)
	at org.apache.ratis.server.impl.LeaderElection.waitForResults(LeaderElection.java:259)
	at org.apache.ratis.server.impl.LeaderElection.askForVotes(LeaderElection.java:197)
	at org.apache.ratis.server.impl.LeaderElection.run(LeaderElection.java:133)
	at java.lang.Thread.run(Thread.java:748)
Caused by: org.apache.ratis.thirdparty.io.grpc.StatusRuntimeException: UNAVAILABLE: io exception
	at org.apache.ratis.thirdparty.io.grpc.stub.ClientCalls.toStatusRuntimeException(ClientCalls.java:233)
	at org.apache.ratis.thirdparty.io.grpc.stub.ClientCalls.getUnchecked(ClientCalls.java:214)
	at org.apache.ratis.thirdparty.io.grpc.stub.ClientCalls.blockingUnaryCall(ClientCalls.java:139)
	at org.apache.ratis.proto.grpc.RaftServerProtocolServiceGrpc$RaftServerProtocolServiceBlockingStub.requestVote(RaftServerProtocolServiceGrpc.java:265)
	at org.apache.ratis.grpc.server.GrpcServerProtocolClient.requestVote(GrpcServerProtocolClient.java:99)
	at org.apache.ratis.grpc.server.GrpcService.requestVote(GrpcService.java:204)
	at org.apache.ratis.server.impl.LeaderElection.lambda$submitRequests$1(LeaderElection.java:234)
	at java.util.concurrent.FutureTask.run(FutureTask.java:266)
	at java.util.concurrent.Executors$RunnableAdapter.call(Executors.java:511)
	at java.util.concurrent.FutureTask.run(FutureTask.java:266)
	at java.util.concurrent.ThreadPoolExecutor.runWorker(ThreadPoolExecutor.java:1149)
	at java.util.concurrent.ThreadPoolExecutor$Worker.run(ThreadPoolExecutor.java:624)
	... 1 more
Caused by: org.apache.ratis.thirdparty.io.netty.channel.AbstractChannel$AnnotatedConnectException: Connection refused: /192.168.157.254:43622
	at sun.nio.ch.SocketChannelImpl.checkConnect(Native Method)
	at sun.nio.ch.SocketChannelImpl.finishConnect(SocketChannelImpl.java:717)
	at org.apache.ratis.thirdparty.io.netty.channel.socket.nio.NioSocketChannel.doFinishConnect(NioSocketChannel.java:327)
	at org.apache.ratis.thirdparty.io.netty.channel.nio.AbstractNioChannel$AbstractNioUnsafe.finishConnect(AbstractNioChannel.java:340)
	at org.apache.ratis.thirdparty.io.netty.channel.nio.NioEventLoop.processSelectedKey(NioEventLoop.java:632)
	at org.apache.ratis.thirdparty.io.netty.channel.nio.NioEventLoop.processSelectedKeysOptimized(NioEventLoop.java:579)
	at org.apache.ratis.thirdparty.io.netty.channel.nio.NioEventLoop.processSelectedKeys(NioEventLoop.java:496)
	at org.apache.ratis.thirdparty.io.netty.channel.nio.NioEventLoop.run(NioEventLoop.java:458)
	at org.apache.ratis.thirdparty.io.netty.util.concurrent.SingleThreadEventExecutor$5.run(SingleThreadEventExecutor.java:897)
	at org.apache.ratis.thirdparty.io.netty.util.concurrent.FastThreadLocalRunnable.run(FastThreadLocalRunnable.java:30)
	... 1 more
Caused by: java.net.ConnectException: Connection refused
	... 11 more
2019-10-22 00:09:00,500 [1be30185-a2c0-4461-afc0-2cb02fcff473@group-A8B097DE35CC-LeaderElection605] INFO  impl.RaftServerImpl (RaftServerImpl.java:setRole(184)) - 1be30185-a2c0-4461-afc0-2cb02fcff473@group-A8B097DE35CC: changes role from CANDIDATE to FOLLOWER at term 156 for DISCOVERED_A_NEW_TERM
2019-10-22 00:09:00,500 [1be30185-a2c0-4461-afc0-2cb02fcff473@group-A8B097DE35CC-LeaderElection605] INFO  impl.RoleInfo (RoleInfo.java:shutdownLeaderElection(134)) - 1be30185-a2c0-4461-afc0-2cb02fcff473: shutdown LeaderElection
2019-10-22 00:09:00,500 [1be30185-a2c0-4461-afc0-2cb02fcff473@group-A8B097DE35CC-LeaderElection605] INFO  impl.RoleInfo (RoleInfo.java:updateAndGet(143)) - 1be30185-a2c0-4461-afc0-2cb02fcff473: start FollowerState
2019-10-22 00:09:00,531 [Thread-5134] INFO  impl.FollowerState (FollowerState.java:run(108)) - 1be30185-a2c0-4461-afc0-2cb02fcff473@group-A8B097DE35CC-FollowerState: change to CANDIDATE, lastRpcTime:30ms, electionTimeout:30ms
2019-10-22 00:09:00,531 [Thread-5134] INFO  impl.RoleInfo (RoleInfo.java:shutdownFollowerState(121)) - 1be30185-a2c0-4461-afc0-2cb02fcff473: shutdown FollowerState
2019-10-22 00:09:00,531 [Thread-5134] INFO  impl.RaftServerImpl (RaftServerImpl.java:setRole(184)) - 1be30185-a2c0-4461-afc0-2cb02fcff473@group-A8B097DE35CC: changes role from  FOLLOWER to CANDIDATE at term 156 for changeToCandidate
2019-10-22 00:09:00,531 [Thread-5134] INFO  impl.RoleInfo (RoleInfo.java:updateAndGet(143)) - 1be30185-a2c0-4461-afc0-2cb02fcff473: start LeaderElection
2019-10-22 00:09:00,545 [1be30185-a2c0-4461-afc0-2cb02fcff473@group-A8B097DE35CC-LeaderElection606] INFO  impl.LeaderElection (LeaderElection.java:askForVotes(178)) - 1be30185-a2c0-4461-afc0-2cb02fcff473@group-A8B097DE35CC-LeaderElection606: begin an election at term 157 for -1: [e64b81a2-7e97-4a9c-9a90-0d1e8edce3a8:192.168.157.254:40074, d9951c0b-6d6e-4464-b06b-4ef93c20892c:192.168.157.254:43622, 1be30185-a2c0-4461-afc0-2cb02fcff473:192.168.157.254:38008], old=null
2019-10-22 00:09:00,545 [1be30185-a2c0-4461-afc0-2cb02fcff473@group-A8B097DE35CC-LeaderElection606] INFO  impl.LeaderElection (LogUtils.java:infoOrTrace(149)) - 1be30185-a2c0-4461-afc0-2cb02fcff473@group-A8B097DE35CC-LeaderElection606 got exception when requesting votes: {}
java.util.concurrent.ExecutionException: org.apache.ratis.thirdparty.io.grpc.StatusRuntimeException: UNAVAILABLE: io exception
	at java.util.concurrent.FutureTask.report(FutureTask.java:122)
	at java.util.concurrent.FutureTask.get(FutureTask.java:192)
	at org.apache.ratis.server.impl.LeaderElection.waitForResults(LeaderElection.java:259)
	at org.apache.ratis.server.impl.LeaderElection.askForVotes(LeaderElection.java:197)
	at org.apache.ratis.server.impl.LeaderElection.run(LeaderElection.java:133)
	at java.lang.Thread.run(Thread.java:748)
Caused by: org.apache.ratis.thirdparty.io.grpc.StatusRuntimeException: UNAVAILABLE: io exception
	at org.apache.ratis.thirdparty.io.grpc.stub.ClientCalls.toStatusRuntimeException(ClientCalls.java:233)
	at org.apache.ratis.thirdparty.io.grpc.stub.ClientCalls.getUnchecked(ClientCalls.java:214)
	at org.apache.ratis.thirdparty.io.grpc.stub.ClientCalls.blockingUnaryCall(ClientCalls.java:139)
	at org.apache.ratis.proto.grpc.RaftServerProtocolServiceGrpc$RaftServerProtocolServiceBlockingStub.requestVote(RaftServerProtocolServiceGrpc.java:265)
	at org.apache.ratis.grpc.server.GrpcServerProtocolClient.requestVote(GrpcServerProtocolClient.java:99)
	at org.apache.ratis.grpc.server.GrpcService.requestVote(GrpcService.java:204)
	at org.apache.ratis.server.impl.LeaderElection.lambda$submitRequests$1(LeaderElection.java:234)
	at java.util.concurrent.FutureTask.run(FutureTask.java:266)
	at java.util.concurrent.Executors$RunnableAdapter.call(Executors.java:511)
	at java.util.concurrent.FutureTask.run(FutureTask.java:266)
	at java.util.concurrent.ThreadPoolExecutor.runWorker(ThreadPoolExecutor.java:1149)
	at java.util.concurrent.ThreadPoolExecutor$Worker.run(ThreadPoolExecutor.java:624)
	... 1 more
Caused by: org.apache.ratis.thirdparty.io.netty.channel.AbstractChannel$AnnotatedConnectException: Connection refused: /192.168.157.254:43622
	at sun.nio.ch.SocketChannelImpl.checkConnect(Native Method)
	at sun.nio.ch.SocketChannelImpl.finishConnect(SocketChannelImpl.java:717)
	at org.apache.ratis.thirdparty.io.netty.channel.socket.nio.NioSocketChannel.doFinishConnect(NioSocketChannel.java:327)
	at org.apache.ratis.thirdparty.io.netty.channel.nio.AbstractNioChannel$AbstractNioUnsafe.finishConnect(AbstractNioChannel.java:340)
	at org.apache.ratis.thirdparty.io.netty.channel.nio.NioEventLoop.processSelectedKey(NioEventLoop.java:632)
	at org.apache.ratis.thirdparty.io.netty.channel.nio.NioEventLoop.processSelectedKeysOptimized(NioEventLoop.java:579)
	at org.apache.ratis.thirdparty.io.netty.channel.nio.NioEventLoop.processSelectedKeys(NioEventLoop.java:496)
	at org.apache.ratis.thirdparty.io.netty.channel.nio.NioEventLoop.run(NioEventLoop.java:458)
	at org.apache.ratis.thirdparty.io.netty.util.concurrent.SingleThreadEventExecutor$5.run(SingleThreadEventExecutor.java:897)
	at org.apache.ratis.thirdparty.io.netty.util.concurrent.FastThreadLocalRunnable.run(FastThreadLocalRunnable.java:30)
	... 1 more
Caused by: java.net.ConnectException: Connection refused
	... 11 more
2019-10-22 00:09:00,549 [grpc-default-executor-8] INFO  impl.RaftServerImpl (RaftServerImpl.java:setRole(184)) - e64b81a2-7e97-4a9c-9a90-0d1e8edce3a8@group-A8B097DE35CC: changes role from  FOLLOWER to FOLLOWER at term 157 for recognizeCandidate:1be30185-a2c0-4461-afc0-2cb02fcff473
2019-10-22 00:09:00,549 [grpc-default-executor-8] INFO  impl.RoleInfo (RoleInfo.java:shutdownFollowerState(121)) - e64b81a2-7e97-4a9c-9a90-0d1e8edce3a8: shutdown FollowerState
2019-10-22 00:09:00,549 [grpc-default-executor-8] INFO  impl.RoleInfo (RoleInfo.java:updateAndGet(143)) - e64b81a2-7e97-4a9c-9a90-0d1e8edce3a8: start FollowerState
2019-10-22 00:09:00,549 [Thread-5133] INFO  impl.FollowerState (FollowerState.java:run(117)) - e64b81a2-7e97-4a9c-9a90-0d1e8edce3a8@group-A8B097DE35CC-FollowerState was interrupted: java.lang.InterruptedException: sleep interrupted
2019-10-22 00:09:00,562 [1be30185-a2c0-4461-afc0-2cb02fcff473@group-A8B097DE35CC-LeaderElection606] INFO  impl.LeaderElection (LeaderElection.java:logAndReturn(56)) - 1be30185-a2c0-4461-afc0-2cb02fcff473@group-A8B097DE35CC-LeaderElection606: Election REJECTED; received 1 response(s) [1be30185-a2c0-4461-afc0-2cb02fcff473<-e64b81a2-7e97-4a9c-9a90-0d1e8edce3a8#0:FAIL-t157] and 1 exception(s); 1be30185-a2c0-4461-afc0-2cb02fcff473@group-A8B097DE35CC:t157, leader=null, voted=1be30185-a2c0-4461-afc0-2cb02fcff473, raftlog=1be30185-a2c0-4461-afc0-2cb02fcff473@group-A8B097DE35CC-SegmentedRaftLog:OPENED:c-1,f-1,i0, conf=-1: [e64b81a2-7e97-4a9c-9a90-0d1e8edce3a8:192.168.157.254:40074, d9951c0b-6d6e-4464-b06b-4ef93c20892c:192.168.157.254:43622, 1be30185-a2c0-4461-afc0-2cb02fcff473:192.168.157.254:38008], old=null
2019-10-22 00:09:00,562 [1be30185-a2c0-4461-afc0-2cb02fcff473@group-A8B097DE35CC-LeaderElection606] INFO  impl.LeaderElection (LogUtils.java:infoOrTrace(149)) -   Exception 0: {}
java.util.concurrent.ExecutionException: org.apache.ratis.thirdparty.io.grpc.StatusRuntimeException: UNAVAILABLE: io exception
	at java.util.concurrent.FutureTask.report(FutureTask.java:122)
	at java.util.concurrent.FutureTask.get(FutureTask.java:192)
	at org.apache.ratis.server.impl.LeaderElection.waitForResults(LeaderElection.java:259)
	at org.apache.ratis.server.impl.LeaderElection.askForVotes(LeaderElection.java:197)
	at org.apache.ratis.server.impl.LeaderElection.run(LeaderElection.java:133)
	at java.lang.Thread.run(Thread.java:748)
Caused by: org.apache.ratis.thirdparty.io.grpc.StatusRuntimeException: UNAVAILABLE: io exception
	at org.apache.ratis.thirdparty.io.grpc.stub.ClientCalls.toStatusRuntimeException(ClientCalls.java:233)
	at org.apache.ratis.thirdparty.io.grpc.stub.ClientCalls.getUnchecked(ClientCalls.java:214)
	at org.apache.ratis.thirdparty.io.grpc.stub.ClientCalls.blockingUnaryCall(ClientCalls.java:139)
	at org.apache.ratis.proto.grpc.RaftServerProtocolServiceGrpc$RaftServerProtocolServiceBlockingStub.requestVote(RaftServerProtocolServiceGrpc.java:265)
	at org.apache.ratis.grpc.server.GrpcServerProtocolClient.requestVote(GrpcServerProtocolClient.java:99)
	at org.apache.ratis.grpc.server.GrpcService.requestVote(GrpcService.java:204)
	at org.apache.ratis.server.impl.LeaderElection.lambda$submitRequests$1(LeaderElection.java:234)
	at java.util.concurrent.FutureTask.run(FutureTask.java:266)
	at java.util.concurrent.Executors$RunnableAdapter.call(Executors.java:511)
	at java.util.concurrent.FutureTask.run(FutureTask.java:266)
	at java.util.concurrent.ThreadPoolExecutor.runWorker(ThreadPoolExecutor.java:1149)
	at java.util.concurrent.ThreadPoolExecutor$Worker.run(ThreadPoolExecutor.java:624)
	... 1 more
Caused by: org.apache.ratis.thirdparty.io.netty.channel.AbstractChannel$AnnotatedConnectException: Connection refused: /192.168.157.254:43622
	at sun.nio.ch.SocketChannelImpl.checkConnect(Native Method)
	at sun.nio.ch.SocketChannelImpl.finishConnect(SocketChannelImpl.java:717)
	at org.apache.ratis.thirdparty.io.netty.channel.socket.nio.NioSocketChannel.doFinishConnect(NioSocketChannel.java:327)
	at org.apache.ratis.thirdparty.io.netty.channel.nio.AbstractNioChannel$AbstractNioUnsafe.finishConnect(AbstractNioChannel.java:340)
	at org.apache.ratis.thirdparty.io.netty.channel.nio.NioEventLoop.processSelectedKey(NioEventLoop.java:632)
	at org.apache.ratis.thirdparty.io.netty.channel.nio.NioEventLoop.processSelectedKeysOptimized(NioEventLoop.java:579)
	at org.apache.ratis.thirdparty.io.netty.channel.nio.NioEventLoop.processSelectedKeys(NioEventLoop.java:496)
	at org.apache.ratis.thirdparty.io.netty.channel.nio.NioEventLoop.run(NioEventLoop.java:458)
	at org.apache.ratis.thirdparty.io.netty.util.concurrent.SingleThreadEventExecutor$5.run(SingleThreadEventExecutor.java:897)
	at org.apache.ratis.thirdparty.io.netty.util.concurrent.FastThreadLocalRunnable.run(FastThreadLocalRunnable.java:30)
	... 1 more
Caused by: java.net.ConnectException: Connection refused
	... 11 more
2019-10-22 00:09:00,562 [1be30185-a2c0-4461-afc0-2cb02fcff473@group-A8B097DE35CC-LeaderElection606] INFO  impl.RaftServerImpl (RaftServerImpl.java:setRole(184)) - 1be30185-a2c0-4461-afc0-2cb02fcff473@group-A8B097DE35CC: changes role from CANDIDATE to FOLLOWER at term 157 for DISCOVERED_A_NEW_TERM
2019-10-22 00:09:00,562 [1be30185-a2c0-4461-afc0-2cb02fcff473@group-A8B097DE35CC-LeaderElection606] INFO  impl.RoleInfo (RoleInfo.java:shutdownLeaderElection(134)) - 1be30185-a2c0-4461-afc0-2cb02fcff473: shutdown LeaderElection
2019-10-22 00:09:00,562 [1be30185-a2c0-4461-afc0-2cb02fcff473@group-A8B097DE35CC-LeaderElection606] INFO  impl.RoleInfo (RoleInfo.java:updateAndGet(143)) - 1be30185-a2c0-4461-afc0-2cb02fcff473: start FollowerState
2019-10-22 00:09:00,651 [Thread-5139] INFO  impl.FollowerState (FollowerState.java:run(108)) - 1be30185-a2c0-4461-afc0-2cb02fcff473@group-A8B097DE35CC-FollowerState: change to CANDIDATE, lastRpcTime:88ms, electionTimeout:88ms
2019-10-22 00:09:00,651 [Thread-5139] INFO  impl.RoleInfo (RoleInfo.java:shutdownFollowerState(121)) - 1be30185-a2c0-4461-afc0-2cb02fcff473: shutdown FollowerState
2019-10-22 00:09:00,651 [Thread-5139] INFO  impl.RaftServerImpl (RaftServerImpl.java:setRole(184)) - 1be30185-a2c0-4461-afc0-2cb02fcff473@group-A8B097DE35CC: changes role from  FOLLOWER to CANDIDATE at term 157 for changeToCandidate
2019-10-22 00:09:00,651 [Thread-5139] INFO  impl.RoleInfo (RoleInfo.java:updateAndGet(143)) - 1be30185-a2c0-4461-afc0-2cb02fcff473: start LeaderElection
2019-10-22 00:09:00,673 [1be30185-a2c0-4461-afc0-2cb02fcff473@group-A8B097DE35CC-LeaderElection607] INFO  impl.LeaderElection (LeaderElection.java:askForVotes(178)) - 1be30185-a2c0-4461-afc0-2cb02fcff473@group-A8B097DE35CC-LeaderElection607: begin an election at term 158 for -1: [e64b81a2-7e97-4a9c-9a90-0d1e8edce3a8:192.168.157.254:40074, d9951c0b-6d6e-4464-b06b-4ef93c20892c:192.168.157.254:43622, 1be30185-a2c0-4461-afc0-2cb02fcff473:192.168.157.254:38008], old=null
2019-10-22 00:09:00,674 [1be30185-a2c0-4461-afc0-2cb02fcff473@group-A8B097DE35CC-LeaderElection607] INFO  impl.LeaderElection (LogUtils.java:infoOrTrace(149)) - 1be30185-a2c0-4461-afc0-2cb02fcff473@group-A8B097DE35CC-LeaderElection607 got exception when requesting votes: {}
java.util.concurrent.ExecutionException: org.apache.ratis.thirdparty.io.grpc.StatusRuntimeException: UNAVAILABLE: io exception
	at java.util.concurrent.FutureTask.report(FutureTask.java:122)
	at java.util.concurrent.FutureTask.get(FutureTask.java:192)
	at org.apache.ratis.server.impl.LeaderElection.waitForResults(LeaderElection.java:259)
	at org.apache.ratis.server.impl.LeaderElection.askForVotes(LeaderElection.java:197)
	at org.apache.ratis.server.impl.LeaderElection.run(LeaderElection.java:133)
	at java.lang.Thread.run(Thread.java:748)
Caused by: org.apache.ratis.thirdparty.io.grpc.StatusRuntimeException: UNAVAILABLE: io exception
	at org.apache.ratis.thirdparty.io.grpc.stub.ClientCalls.toStatusRuntimeException(ClientCalls.java:233)
	at org.apache.ratis.thirdparty.io.grpc.stub.ClientCalls.getUnchecked(ClientCalls.java:214)
	at org.apache.ratis.thirdparty.io.grpc.stub.ClientCalls.blockingUnaryCall(ClientCalls.java:139)
	at org.apache.ratis.proto.grpc.RaftServerProtocolServiceGrpc$RaftServerProtocolServiceBlockingStub.requestVote(RaftServerProtocolServiceGrpc.java:265)
	at org.apache.ratis.grpc.server.GrpcServerProtocolClient.requestVote(GrpcServerProtocolClient.java:99)
	at org.apache.ratis.grpc.server.GrpcService.requestVote(GrpcService.java:204)
	at org.apache.ratis.server.impl.LeaderElection.lambda$submitRequests$1(LeaderElection.java:234)
	at java.util.concurrent.FutureTask.run(FutureTask.java:266)
	at java.util.concurrent.Executors$RunnableAdapter.call(Executors.java:511)
	at java.util.concurrent.FutureTask.run(FutureTask.java:266)
	at java.util.concurrent.ThreadPoolExecutor.runWorker(ThreadPoolExecutor.java:1149)
	at java.util.concurrent.ThreadPoolExecutor$Worker.run(ThreadPoolExecutor.java:624)
	... 1 more
Caused by: org.apache.ratis.thirdparty.io.netty.channel.AbstractChannel$AnnotatedConnectException: Connection refused: /192.168.157.254:43622
	at sun.nio.ch.SocketChannelImpl.checkConnect(Native Method)
	at sun.nio.ch.SocketChannelImpl.finishConnect(SocketChannelImpl.java:717)
	at org.apache.ratis.thirdparty.io.netty.channel.socket.nio.NioSocketChannel.doFinishConnect(NioSocketChannel.java:327)
	at org.apache.ratis.thirdparty.io.netty.channel.nio.AbstractNioChannel$AbstractNioUnsafe.finishConnect(AbstractNioChannel.java:340)
	at org.apache.ratis.thirdparty.io.netty.channel.nio.NioEventLoop.processSelectedKey(NioEventLoop.java:632)
	at org.apache.ratis.thirdparty.io.netty.channel.nio.NioEventLoop.processSelectedKeysOptimized(NioEventLoop.java:579)
	at org.apache.ratis.thirdparty.io.netty.channel.nio.NioEventLoop.processSelectedKeys(NioEventLoop.java:496)
	at org.apache.ratis.thirdparty.io.netty.channel.nio.NioEventLoop.run(NioEventLoop.java:458)
	at org.apache.ratis.thirdparty.io.netty.util.concurrent.SingleThreadEventExecutor$5.run(SingleThreadEventExecutor.java:897)
	at org.apache.ratis.thirdparty.io.netty.util.concurrent.FastThreadLocalRunnable.run(FastThreadLocalRunnable.java:30)
	... 1 more
Caused by: java.net.ConnectException: Connection refused
	... 11 more
2019-10-22 00:09:00,677 [grpc-default-executor-8] INFO  impl.RaftServerImpl (RaftServerImpl.java:setRole(184)) - e64b81a2-7e97-4a9c-9a90-0d1e8edce3a8@group-A8B097DE35CC: changes role from  FOLLOWER to FOLLOWER at term 158 for recognizeCandidate:1be30185-a2c0-4461-afc0-2cb02fcff473
2019-10-22 00:09:00,677 [grpc-default-executor-8] INFO  impl.RoleInfo (RoleInfo.java:shutdownFollowerState(121)) - e64b81a2-7e97-4a9c-9a90-0d1e8edce3a8: shutdown FollowerState
2019-10-22 00:09:00,678 [grpc-default-executor-8] INFO  impl.RoleInfo (RoleInfo.java:updateAndGet(143)) - e64b81a2-7e97-4a9c-9a90-0d1e8edce3a8: start FollowerState
2019-10-22 00:09:00,678 [Thread-5138] INFO  impl.FollowerState (FollowerState.java:run(117)) - e64b81a2-7e97-4a9c-9a90-0d1e8edce3a8@group-A8B097DE35CC-FollowerState was interrupted: java.lang.InterruptedException: sleep interrupted
2019-10-22 00:09:00,691 [1be30185-a2c0-4461-afc0-2cb02fcff473@group-A8B097DE35CC-LeaderElection607] INFO  impl.LeaderElection (LeaderElection.java:logAndReturn(56)) - 1be30185-a2c0-4461-afc0-2cb02fcff473@group-A8B097DE35CC-LeaderElection607: Election REJECTED; received 1 response(s) [1be30185-a2c0-4461-afc0-2cb02fcff473<-e64b81a2-7e97-4a9c-9a90-0d1e8edce3a8#0:FAIL-t158] and 1 exception(s); 1be30185-a2c0-4461-afc0-2cb02fcff473@group-A8B097DE35CC:t158, leader=null, voted=1be30185-a2c0-4461-afc0-2cb02fcff473, raftlog=1be30185-a2c0-4461-afc0-2cb02fcff473@group-A8B097DE35CC-SegmentedRaftLog:OPENED:c-1,f-1,i0, conf=-1: [e64b81a2-7e97-4a9c-9a90-0d1e8edce3a8:192.168.157.254:40074, d9951c0b-6d6e-4464-b06b-4ef93c20892c:192.168.157.254:43622, 1be30185-a2c0-4461-afc0-2cb02fcff473:192.168.157.254:38008], old=null
2019-10-22 00:09:00,691 [1be30185-a2c0-4461-afc0-2cb02fcff473@group-A8B097DE35CC-LeaderElection607] INFO  impl.LeaderElection (LogUtils.java:infoOrTrace(149)) -   Exception 0: {}
java.util.concurrent.ExecutionException: org.apache.ratis.thirdparty.io.grpc.StatusRuntimeException: UNAVAILABLE: io exception
	at java.util.concurrent.FutureTask.report(FutureTask.java:122)
	at java.util.concurrent.FutureTask.get(FutureTask.java:192)
	at org.apache.ratis.server.impl.LeaderElection.waitForResults(LeaderElection.java:259)
	at org.apache.ratis.server.impl.LeaderElection.askForVotes(LeaderElection.java:197)
	at org.apache.ratis.server.impl.LeaderElection.run(LeaderElection.java:133)
	at java.lang.Thread.run(Thread.java:748)
Caused by: org.apache.ratis.thirdparty.io.grpc.StatusRuntimeException: UNAVAILABLE: io exception
	at org.apache.ratis.thirdparty.io.grpc.stub.ClientCalls.toStatusRuntimeException(ClientCalls.java:233)
	at org.apache.ratis.thirdparty.io.grpc.stub.ClientCalls.getUnchecked(ClientCalls.java:214)
	at org.apache.ratis.thirdparty.io.grpc.stub.ClientCalls.blockingUnaryCall(ClientCalls.java:139)
	at org.apache.ratis.proto.grpc.RaftServerProtocolServiceGrpc$RaftServerProtocolServiceBlockingStub.requestVote(RaftServerProtocolServiceGrpc.java:265)
	at org.apache.ratis.grpc.server.GrpcServerProtocolClient.requestVote(GrpcServerProtocolClient.java:99)
	at org.apache.ratis.grpc.server.GrpcService.requestVote(GrpcService.java:204)
	at org.apache.ratis.server.impl.LeaderElection.lambda$submitRequests$1(LeaderElection.java:234)
	at java.util.concurrent.FutureTask.run(FutureTask.java:266)
	at java.util.concurrent.Executors$RunnableAdapter.call(Executors.java:511)
	at java.util.concurrent.FutureTask.run(FutureTask.java:266)
	at java.util.concurrent.ThreadPoolExecutor.runWorker(ThreadPoolExecutor.java:1149)
	at java.util.concurrent.ThreadPoolExecutor$Worker.run(ThreadPoolExecutor.java:624)
	... 1 more
Caused by: org.apache.ratis.thirdparty.io.netty.channel.AbstractChannel$AnnotatedConnectException: Connection refused: /192.168.157.254:43622
	at sun.nio.ch.SocketChannelImpl.checkConnect(Native Method)
	at sun.nio.ch.SocketChannelImpl.finishConnect(SocketChannelImpl.java:717)
	at org.apache.ratis.thirdparty.io.netty.channel.socket.nio.NioSocketChannel.doFinishConnect(NioSocketChannel.java:327)
	at org.apache.ratis.thirdparty.io.netty.channel.nio.AbstractNioChannel$AbstractNioUnsafe.finishConnect(AbstractNioChannel.java:340)
	at org.apache.ratis.thirdparty.io.netty.channel.nio.NioEventLoop.processSelectedKey(NioEventLoop.java:632)
	at org.apache.ratis.thirdparty.io.netty.channel.nio.NioEventLoop.processSelectedKeysOptimized(NioEventLoop.java:579)
	at org.apache.ratis.thirdparty.io.netty.channel.nio.NioEventLoop.processSelectedKeys(NioEventLoop.java:496)
	at org.apache.ratis.thirdparty.io.netty.channel.nio.NioEventLoop.run(NioEventLoop.java:458)
	at org.apache.ratis.thirdparty.io.netty.util.concurrent.SingleThreadEventExecutor$5.run(SingleThreadEventExecutor.java:897)
	at org.apache.ratis.thirdparty.io.netty.util.concurrent.FastThreadLocalRunnable.run(FastThreadLocalRunnable.java:30)
	... 1 more
Caused by: java.net.ConnectException: Connection refused
	... 11 more
2019-10-22 00:09:00,692 [1be30185-a2c0-4461-afc0-2cb02fcff473@group-A8B097DE35CC-LeaderElection607] INFO  impl.RaftServerImpl (RaftServerImpl.java:setRole(184)) - 1be30185-a2c0-4461-afc0-2cb02fcff473@group-A8B097DE35CC: changes role from CANDIDATE to FOLLOWER at term 158 for DISCOVERED_A_NEW_TERM
2019-10-22 00:09:00,692 [1be30185-a2c0-4461-afc0-2cb02fcff473@group-A8B097DE35CC-LeaderElection607] INFO  impl.RoleInfo (RoleInfo.java:shutdownLeaderElection(134)) - 1be30185-a2c0-4461-afc0-2cb02fcff473: shutdown LeaderElection
2019-10-22 00:09:00,692 [1be30185-a2c0-4461-afc0-2cb02fcff473@group-A8B097DE35CC-LeaderElection607] INFO  impl.RoleInfo (RoleInfo.java:updateAndGet(143)) - 1be30185-a2c0-4461-afc0-2cb02fcff473: start FollowerState
2019-10-22 00:09:00,744 [Thread-5145] INFO  impl.FollowerState (FollowerState.java:run(108)) - 1be30185-a2c0-4461-afc0-2cb02fcff473@group-A8B097DE35CC-FollowerState: change to CANDIDATE, lastRpcTime:52ms, electionTimeout:52ms
2019-10-22 00:09:00,745 [Thread-5145] INFO  impl.RoleInfo (RoleInfo.java:shutdownFollowerState(121)) - 1be30185-a2c0-4461-afc0-2cb02fcff473: shutdown FollowerState
2019-10-22 00:09:00,745 [Thread-5145] INFO  impl.RaftServerImpl (RaftServerImpl.java:setRole(184)) - 1be30185-a2c0-4461-afc0-2cb02fcff473@group-A8B097DE35CC: changes role from  FOLLOWER to CANDIDATE at term 158 for changeToCandidate
2019-10-22 00:09:00,745 [Thread-5145] INFO  impl.RoleInfo (RoleInfo.java:updateAndGet(143)) - 1be30185-a2c0-4461-afc0-2cb02fcff473: start LeaderElection
2019-10-22 00:09:00,758 [1be30185-a2c0-4461-afc0-2cb02fcff473@group-A8B097DE35CC-LeaderElection608] INFO  impl.LeaderElection (LeaderElection.java:askForVotes(178)) - 1be30185-a2c0-4461-afc0-2cb02fcff473@group-A8B097DE35CC-LeaderElection608: begin an election at term 159 for -1: [e64b81a2-7e97-4a9c-9a90-0d1e8edce3a8:192.168.157.254:40074, d9951c0b-6d6e-4464-b06b-4ef93c20892c:192.168.157.254:43622, 1be30185-a2c0-4461-afc0-2cb02fcff473:192.168.157.254:38008], old=null
2019-10-22 00:09:00,759 [1be30185-a2c0-4461-afc0-2cb02fcff473@group-A8B097DE35CC-LeaderElection608] INFO  impl.LeaderElection (LogUtils.java:infoOrTrace(149)) - 1be30185-a2c0-4461-afc0-2cb02fcff473@group-A8B097DE35CC-LeaderElection608 got exception when requesting votes: {}
java.util.concurrent.ExecutionException: org.apache.ratis.thirdparty.io.grpc.StatusRuntimeException: UNAVAILABLE: io exception
	at java.util.concurrent.FutureTask.report(FutureTask.java:122)
	at java.util.concurrent.FutureTask.get(FutureTask.java:192)
	at org.apache.ratis.server.impl.LeaderElection.waitForResults(LeaderElection.java:259)
	at org.apache.ratis.server.impl.LeaderElection.askForVotes(LeaderElection.java:197)
	at org.apache.ratis.server.impl.LeaderElection.run(LeaderElection.java:133)
	at java.lang.Thread.run(Thread.java:748)
Caused by: org.apache.ratis.thirdparty.io.grpc.StatusRuntimeException: UNAVAILABLE: io exception
	at org.apache.ratis.thirdparty.io.grpc.stub.ClientCalls.toStatusRuntimeException(ClientCalls.java:233)
	at org.apache.ratis.thirdparty.io.grpc.stub.ClientCalls.getUnchecked(ClientCalls.java:214)
	at org.apache.ratis.thirdparty.io.grpc.stub.ClientCalls.blockingUnaryCall(ClientCalls.java:139)
	at org.apache.ratis.proto.grpc.RaftServerProtocolServiceGrpc$RaftServerProtocolServiceBlockingStub.requestVote(RaftServerProtocolServiceGrpc.java:265)
	at org.apache.ratis.grpc.server.GrpcServerProtocolClient.requestVote(GrpcServerProtocolClient.java:99)
	at org.apache.ratis.grpc.server.GrpcService.requestVote(GrpcService.java:204)
	at org.apache.ratis.server.impl.LeaderElection.lambda$submitRequests$1(LeaderElection.java:234)
	at java.util.concurrent.FutureTask.run(FutureTask.java:266)
	at java.util.concurrent.Executors$RunnableAdapter.call(Executors.java:511)
	at java.util.concurrent.FutureTask.run(FutureTask.java:266)
	at java.util.concurrent.ThreadPoolExecutor.runWorker(ThreadPoolExecutor.java:1149)
	at java.util.concurrent.ThreadPoolExecutor$Worker.run(ThreadPoolExecutor.java:624)
	... 1 more
Caused by: org.apache.ratis.thirdparty.io.netty.channel.AbstractChannel$AnnotatedConnectException: Connection refused: /192.168.157.254:43622
	at sun.nio.ch.SocketChannelImpl.checkConnect(Native Method)
	at sun.nio.ch.SocketChannelImpl.finishConnect(SocketChannelImpl.java:717)
	at org.apache.ratis.thirdparty.io.netty.channel.socket.nio.NioSocketChannel.doFinishConnect(NioSocketChannel.java:327)
	at org.apache.ratis.thirdparty.io.netty.channel.nio.AbstractNioChannel$AbstractNioUnsafe.finishConnect(AbstractNioChannel.java:340)
	at org.apache.ratis.thirdparty.io.netty.channel.nio.NioEventLoop.processSelectedKey(NioEventLoop.java:632)
	at org.apache.ratis.thirdparty.io.netty.channel.nio.NioEventLoop.processSelectedKeysOptimized(NioEventLoop.java:579)
	at org.apache.ratis.thirdparty.io.netty.channel.nio.NioEventLoop.processSelectedKeys(NioEventLoop.java:496)
	at org.apache.ratis.thirdparty.io.netty.channel.nio.NioEventLoop.run(NioEventLoop.java:458)
	at org.apache.ratis.thirdparty.io.netty.util.concurrent.SingleThreadEventExecutor$5.run(SingleThreadEventExecutor.java:897)
	at org.apache.ratis.thirdparty.io.netty.util.concurrent.FastThreadLocalRunnable.run(FastThreadLocalRunnable.java:30)
	... 1 more
Caused by: java.net.ConnectException: Connection refused
	... 11 more
2019-10-22 00:09:00,782 [grpc-default-executor-5] INFO  impl.RaftServerImpl (RaftServerImpl.java:setRole(184)) - e64b81a2-7e97-4a9c-9a90-0d1e8edce3a8@group-A8B097DE35CC: changes role from  FOLLOWER to FOLLOWER at term 159 for recognizeCandidate:1be30185-a2c0-4461-afc0-2cb02fcff473
2019-10-22 00:09:00,783 [grpc-default-executor-5] INFO  impl.RoleInfo (RoleInfo.java:shutdownFollowerState(121)) - e64b81a2-7e97-4a9c-9a90-0d1e8edce3a8: shutdown FollowerState
2019-10-22 00:09:00,783 [grpc-default-executor-5] INFO  impl.RoleInfo (RoleInfo.java:updateAndGet(143)) - e64b81a2-7e97-4a9c-9a90-0d1e8edce3a8: start FollowerState
2019-10-22 00:09:00,783 [Thread-5143] INFO  impl.FollowerState (FollowerState.java:run(117)) - e64b81a2-7e97-4a9c-9a90-0d1e8edce3a8@group-A8B097DE35CC-FollowerState was interrupted: java.lang.InterruptedException: sleep interrupted
2019-10-22 00:09:00,798 [1be30185-a2c0-4461-afc0-2cb02fcff473@group-A8B097DE35CC-LeaderElection608] INFO  impl.LeaderElection (LeaderElection.java:logAndReturn(56)) - 1be30185-a2c0-4461-afc0-2cb02fcff473@group-A8B097DE35CC-LeaderElection608: Election REJECTED; received 1 response(s) [1be30185-a2c0-4461-afc0-2cb02fcff473<-e64b81a2-7e97-4a9c-9a90-0d1e8edce3a8#0:FAIL-t159] and 1 exception(s); 1be30185-a2c0-4461-afc0-2cb02fcff473@group-A8B097DE35CC:t159, leader=null, voted=1be30185-a2c0-4461-afc0-2cb02fcff473, raftlog=1be30185-a2c0-4461-afc0-2cb02fcff473@group-A8B097DE35CC-SegmentedRaftLog:OPENED:c-1,f-1,i0, conf=-1: [e64b81a2-7e97-4a9c-9a90-0d1e8edce3a8:192.168.157.254:40074, d9951c0b-6d6e-4464-b06b-4ef93c20892c:192.168.157.254:43622, 1be30185-a2c0-4461-afc0-2cb02fcff473:192.168.157.254:38008], old=null
2019-10-22 00:09:00,798 [1be30185-a2c0-4461-afc0-2cb02fcff473@group-A8B097DE35CC-LeaderElection608] INFO  impl.LeaderElection (LogUtils.java:infoOrTrace(149)) -   Exception 0: {}
java.util.concurrent.ExecutionException: org.apache.ratis.thirdparty.io.grpc.StatusRuntimeException: UNAVAILABLE: io exception
	at java.util.concurrent.FutureTask.report(FutureTask.java:122)
	at java.util.concurrent.FutureTask.get(FutureTask.java:192)
	at org.apache.ratis.server.impl.LeaderElection.waitForResults(LeaderElection.java:259)
	at org.apache.ratis.server.impl.LeaderElection.askForVotes(LeaderElection.java:197)
	at org.apache.ratis.server.impl.LeaderElection.run(LeaderElection.java:133)
	at java.lang.Thread.run(Thread.java:748)
Caused by: org.apache.ratis.thirdparty.io.grpc.StatusRuntimeException: UNAVAILABLE: io exception
	at org.apache.ratis.thirdparty.io.grpc.stub.ClientCalls.toStatusRuntimeException(ClientCalls.java:233)
	at org.apache.ratis.thirdparty.io.grpc.stub.ClientCalls.getUnchecked(ClientCalls.java:214)
	at org.apache.ratis.thirdparty.io.grpc.stub.ClientCalls.blockingUnaryCall(ClientCalls.java:139)
	at org.apache.ratis.proto.grpc.RaftServerProtocolServiceGrpc$RaftServerProtocolServiceBlockingStub.requestVote(RaftServerProtocolServiceGrpc.java:265)
	at org.apache.ratis.grpc.server.GrpcServerProtocolClient.requestVote(GrpcServerProtocolClient.java:99)
	at org.apache.ratis.grpc.server.GrpcService.requestVote(GrpcService.java:204)
	at org.apache.ratis.server.impl.LeaderElection.lambda$submitRequests$1(LeaderElection.java:234)
	at java.util.concurrent.FutureTask.run(FutureTask.java:266)
	at java.util.concurrent.Executors$RunnableAdapter.call(Executors.java:511)
	at java.util.concurrent.FutureTask.run(FutureTask.java:266)
	at java.util.concurrent.ThreadPoolExecutor.runWorker(ThreadPoolExecutor.java:1149)
	at java.util.concurrent.ThreadPoolExecutor$Worker.run(ThreadPoolExecutor.java:624)
	... 1 more
Caused by: org.apache.ratis.thirdparty.io.netty.channel.AbstractChannel$AnnotatedConnectException: Connection refused: /192.168.157.254:43622
	at sun.nio.ch.SocketChannelImpl.checkConnect(Native Method)
	at sun.nio.ch.SocketChannelImpl.finishConnect(SocketChannelImpl.java:717)
	at org.apache.ratis.thirdparty.io.netty.channel.socket.nio.NioSocketChannel.doFinishConnect(NioSocketChannel.java:327)
	at org.apache.ratis.thirdparty.io.netty.channel.nio.AbstractNioChannel$AbstractNioUnsafe.finishConnect(AbstractNioChannel.java:340)
	at org.apache.ratis.thirdparty.io.netty.channel.nio.NioEventLoop.processSelectedKey(NioEventLoop.java:632)
	at org.apache.ratis.thirdparty.io.netty.channel.nio.NioEventLoop.processSelectedKeysOptimized(NioEventLoop.java:579)
	at org.apache.ratis.thirdparty.io.netty.channel.nio.NioEventLoop.processSelectedKeys(NioEventLoop.java:496)
	at org.apache.ratis.thirdparty.io.netty.channel.nio.NioEventLoop.run(NioEventLoop.java:458)
	at org.apache.ratis.thirdparty.io.netty.util.concurrent.SingleThreadEventExecutor$5.run(SingleThreadEventExecutor.java:897)
	at org.apache.ratis.thirdparty.io.netty.util.concurrent.FastThreadLocalRunnable.run(FastThreadLocalRunnable.java:30)
	... 1 more
Caused by: java.net.ConnectException: Connection refused
	... 11 more
2019-10-22 00:09:00,799 [1be30185-a2c0-4461-afc0-2cb02fcff473@group-A8B097DE35CC-LeaderElection608] INFO  impl.RaftServerImpl (RaftServerImpl.java:setRole(184)) - 1be30185-a2c0-4461-afc0-2cb02fcff473@group-A8B097DE35CC: changes role from CANDIDATE to FOLLOWER at term 159 for DISCOVERED_A_NEW_TERM
2019-10-22 00:09:00,799 [1be30185-a2c0-4461-afc0-2cb02fcff473@group-A8B097DE35CC-LeaderElection608] INFO  impl.RoleInfo (RoleInfo.java:shutdownLeaderElection(134)) - 1be30185-a2c0-4461-afc0-2cb02fcff473: shutdown LeaderElection
2019-10-22 00:09:00,799 [1be30185-a2c0-4461-afc0-2cb02fcff473@group-A8B097DE35CC-LeaderElection608] INFO  impl.RoleInfo (RoleInfo.java:updateAndGet(143)) - 1be30185-a2c0-4461-afc0-2cb02fcff473: start FollowerState
2019-10-22 00:09:00,884 [Thread-5150] INFO  impl.FollowerState (FollowerState.java:run(108)) - 1be30185-a2c0-4461-afc0-2cb02fcff473@group-A8B097DE35CC-FollowerState: change to CANDIDATE, lastRpcTime:85ms, electionTimeout:85ms
2019-10-22 00:09:00,884 [Thread-5150] INFO  impl.RoleInfo (RoleInfo.java:shutdownFollowerState(121)) - 1be30185-a2c0-4461-afc0-2cb02fcff473: shutdown FollowerState
2019-10-22 00:09:00,884 [Thread-5150] INFO  impl.RaftServerImpl (RaftServerImpl.java:setRole(184)) - 1be30185-a2c0-4461-afc0-2cb02fcff473@group-A8B097DE35CC: changes role from  FOLLOWER to CANDIDATE at term 159 for changeToCandidate
2019-10-22 00:09:00,884 [Thread-5150] INFO  impl.RoleInfo (RoleInfo.java:updateAndGet(143)) - 1be30185-a2c0-4461-afc0-2cb02fcff473: start LeaderElection
2019-10-22 00:09:00,910 [1be30185-a2c0-4461-afc0-2cb02fcff473@group-A8B097DE35CC-LeaderElection609] INFO  impl.LeaderElection (LeaderElection.java:askForVotes(178)) - 1be30185-a2c0-4461-afc0-2cb02fcff473@group-A8B097DE35CC-LeaderElection609: begin an election at term 160 for -1: [e64b81a2-7e97-4a9c-9a90-0d1e8edce3a8:192.168.157.254:40074, d9951c0b-6d6e-4464-b06b-4ef93c20892c:192.168.157.254:43622, 1be30185-a2c0-4461-afc0-2cb02fcff473:192.168.157.254:38008], old=null
2019-10-22 00:09:00,911 [1be30185-a2c0-4461-afc0-2cb02fcff473@group-A8B097DE35CC-LeaderElection609] INFO  impl.LeaderElection (LogUtils.java:infoOrTrace(149)) - 1be30185-a2c0-4461-afc0-2cb02fcff473@group-A8B097DE35CC-LeaderElection609 got exception when requesting votes: {}
java.util.concurrent.ExecutionException: org.apache.ratis.thirdparty.io.grpc.StatusRuntimeException: UNAVAILABLE: io exception
	at java.util.concurrent.FutureTask.report(FutureTask.java:122)
	at java.util.concurrent.FutureTask.get(FutureTask.java:192)
	at org.apache.ratis.server.impl.LeaderElection.waitForResults(LeaderElection.java:259)
	at org.apache.ratis.server.impl.LeaderElection.askForVotes(LeaderElection.java:197)
	at org.apache.ratis.server.impl.LeaderElection.run(LeaderElection.java:133)
	at java.lang.Thread.run(Thread.java:748)
Caused by: org.apache.ratis.thirdparty.io.grpc.StatusRuntimeException: UNAVAILABLE: io exception
	at org.apache.ratis.thirdparty.io.grpc.stub.ClientCalls.toStatusRuntimeException(ClientCalls.java:233)
	at org.apache.ratis.thirdparty.io.grpc.stub.ClientCalls.getUnchecked(ClientCalls.java:214)
	at org.apache.ratis.thirdparty.io.grpc.stub.ClientCalls.blockingUnaryCall(ClientCalls.java:139)
	at org.apache.ratis.proto.grpc.RaftServerProtocolServiceGrpc$RaftServerProtocolServiceBlockingStub.requestVote(RaftServerProtocolServiceGrpc.java:265)
	at org.apache.ratis.grpc.server.GrpcServerProtocolClient.requestVote(GrpcServerProtocolClient.java:99)
	at org.apache.ratis.grpc.server.GrpcService.requestVote(GrpcService.java:204)
	at org.apache.ratis.server.impl.LeaderElection.lambda$submitRequests$1(LeaderElection.java:234)
	at java.util.concurrent.FutureTask.run(FutureTask.java:266)
	at java.util.concurrent.Executors$RunnableAdapter.call(Executors.java:511)
	at java.util.concurrent.FutureTask.run(FutureTask.java:266)
	at java.util.concurrent.ThreadPoolExecutor.runWorker(ThreadPoolExecutor.java:1149)
	at java.util.concurrent.ThreadPoolExecutor$Worker.run(ThreadPoolExecutor.java:624)
	... 1 more
Caused by: org.apache.ratis.thirdparty.io.netty.channel.AbstractChannel$AnnotatedConnectException: Connection refused: /192.168.157.254:43622
	at sun.nio.ch.SocketChannelImpl.checkConnect(Native Method)
	at sun.nio.ch.SocketChannelImpl.finishConnect(SocketChannelImpl.java:717)
	at org.apache.ratis.thirdparty.io.netty.channel.socket.nio.NioSocketChannel.doFinishConnect(NioSocketChannel.java:327)
	at org.apache.ratis.thirdparty.io.netty.channel.nio.AbstractNioChannel$AbstractNioUnsafe.finishConnect(AbstractNioChannel.java:340)
	at org.apache.ratis.thirdparty.io.netty.channel.nio.NioEventLoop.processSelectedKey(NioEventLoop.java:632)
	at org.apache.ratis.thirdparty.io.netty.channel.nio.NioEventLoop.processSelectedKeysOptimized(NioEventLoop.java:579)
	at org.apache.ratis.thirdparty.io.netty.channel.nio.NioEventLoop.processSelectedKeys(NioEventLoop.java:496)
	at org.apache.ratis.thirdparty.io.netty.channel.nio.NioEventLoop.run(NioEventLoop.java:458)
	at org.apache.ratis.thirdparty.io.netty.util.concurrent.SingleThreadEventExecutor$5.run(SingleThreadEventExecutor.java:897)
	at org.apache.ratis.thirdparty.io.netty.util.concurrent.FastThreadLocalRunnable.run(FastThreadLocalRunnable.java:30)
	... 1 more
Caused by: java.net.ConnectException: Connection refused
	... 11 more
2019-10-22 00:09:00,916 [grpc-default-executor-8] INFO  impl.RaftServerImpl (RaftServerImpl.java:setRole(184)) - e64b81a2-7e97-4a9c-9a90-0d1e8edce3a8@group-A8B097DE35CC: changes role from  FOLLOWER to FOLLOWER at term 160 for recognizeCandidate:1be30185-a2c0-4461-afc0-2cb02fcff473
2019-10-22 00:09:00,916 [grpc-default-executor-8] INFO  impl.RoleInfo (RoleInfo.java:shutdownFollowerState(121)) - e64b81a2-7e97-4a9c-9a90-0d1e8edce3a8: shutdown FollowerState
2019-10-22 00:09:00,916 [grpc-default-executor-8] INFO  impl.RoleInfo (RoleInfo.java:updateAndGet(143)) - e64b81a2-7e97-4a9c-9a90-0d1e8edce3a8: start FollowerState
2019-10-22 00:09:00,916 [Thread-5149] INFO  impl.FollowerState (FollowerState.java:run(117)) - e64b81a2-7e97-4a9c-9a90-0d1e8edce3a8@group-A8B097DE35CC-FollowerState was interrupted: java.lang.InterruptedException: sleep interrupted
2019-10-22 00:09:00,949 [1be30185-a2c0-4461-afc0-2cb02fcff473@group-A8B097DE35CC-LeaderElection609] INFO  impl.LeaderElection (LeaderElection.java:logAndReturn(56)) - 1be30185-a2c0-4461-afc0-2cb02fcff473@group-A8B097DE35CC-LeaderElection609: Election REJECTED; received 1 response(s) [1be30185-a2c0-4461-afc0-2cb02fcff473<-e64b81a2-7e97-4a9c-9a90-0d1e8edce3a8#0:FAIL-t160] and 1 exception(s); 1be30185-a2c0-4461-afc0-2cb02fcff473@group-A8B097DE35CC:t160, leader=null, voted=1be30185-a2c0-4461-afc0-2cb02fcff473, raftlog=1be30185-a2c0-4461-afc0-2cb02fcff473@group-A8B097DE35CC-SegmentedRaftLog:OPENED:c-1,f-1,i0, conf=-1: [e64b81a2-7e97-4a9c-9a90-0d1e8edce3a8:192.168.157.254:40074, d9951c0b-6d6e-4464-b06b-4ef93c20892c:192.168.157.254:43622, 1be30185-a2c0-4461-afc0-2cb02fcff473:192.168.157.254:38008], old=null
2019-10-22 00:09:00,949 [1be30185-a2c0-4461-afc0-2cb02fcff473@group-A8B097DE35CC-LeaderElection609] INFO  impl.LeaderElection (LogUtils.java:infoOrTrace(149)) -   Exception 0: {}
java.util.concurrent.ExecutionException: org.apache.ratis.thirdparty.io.grpc.StatusRuntimeException: UNAVAILABLE: io exception
	at java.util.concurrent.FutureTask.report(FutureTask.java:122)
	at java.util.concurrent.FutureTask.get(FutureTask.java:192)
	at org.apache.ratis.server.impl.LeaderElection.waitForResults(LeaderElection.java:259)
	at org.apache.ratis.server.impl.LeaderElection.askForVotes(LeaderElection.java:197)
	at org.apache.ratis.server.impl.LeaderElection.run(LeaderElection.java:133)
	at java.lang.Thread.run(Thread.java:748)
Caused by: org.apache.ratis.thirdparty.io.grpc.StatusRuntimeException: UNAVAILABLE: io exception
	at org.apache.ratis.thirdparty.io.grpc.stub.ClientCalls.toStatusRuntimeException(ClientCalls.java:233)
	at org.apache.ratis.thirdparty.io.grpc.stub.ClientCalls.getUnchecked(ClientCalls.java:214)
	at org.apache.ratis.thirdparty.io.grpc.stub.ClientCalls.blockingUnaryCall(ClientCalls.java:139)
	at org.apache.ratis.proto.grpc.RaftServerProtocolServiceGrpc$RaftServerProtocolServiceBlockingStub.requestVote(RaftServerProtocolServiceGrpc.java:265)
	at org.apache.ratis.grpc.server.GrpcServerProtocolClient.requestVote(GrpcServerProtocolClient.java:99)
	at org.apache.ratis.grpc.server.GrpcService.requestVote(GrpcService.java:204)
	at org.apache.ratis.server.impl.LeaderElection.lambda$submitRequests$1(LeaderElection.java:234)
	at java.util.concurrent.FutureTask.run(FutureTask.java:266)
	at java.util.concurrent.Executors$RunnableAdapter.call(Executors.java:511)
	at java.util.concurrent.FutureTask.run(FutureTask.java:266)
	at java.util.concurrent.ThreadPoolExecutor.runWorker(ThreadPoolExecutor.java:1149)
	at java.util.concurrent.ThreadPoolExecutor$Worker.run(ThreadPoolExecutor.java:624)
	... 1 more
Caused by: org.apache.ratis.thirdparty.io.netty.channel.AbstractChannel$AnnotatedConnectException: Connection refused: /192.168.157.254:43622
	at sun.nio.ch.SocketChannelImpl.checkConnect(Native Method)
	at sun.nio.ch.SocketChannelImpl.finishConnect(SocketChannelImpl.java:717)
	at org.apache.ratis.thirdparty.io.netty.channel.socket.nio.NioSocketChannel.doFinishConnect(NioSocketChannel.java:327)
	at org.apache.ratis.thirdparty.io.netty.channel.nio.AbstractNioChannel$AbstractNioUnsafe.finishConnect(AbstractNioChannel.java:340)
	at org.apache.ratis.thirdparty.io.netty.channel.nio.NioEventLoop.processSelectedKey(NioEventLoop.java:632)
	at org.apache.ratis.thirdparty.io.netty.channel.nio.NioEventLoop.processSelectedKeysOptimized(NioEventLoop.java:579)
	at org.apache.ratis.thirdparty.io.netty.channel.nio.NioEventLoop.processSelectedKeys(NioEventLoop.java:496)
	at org.apache.ratis.thirdparty.io.netty.channel.nio.NioEventLoop.run(NioEventLoop.java:458)
	at org.apache.ratis.thirdparty.io.netty.util.concurrent.SingleThreadEventExecutor$5.run(SingleThreadEventExecutor.java:897)
	at org.apache.ratis.thirdparty.io.netty.util.concurrent.FastThreadLocalRunnable.run(FastThreadLocalRunnable.java:30)
	... 1 more
Caused by: java.net.ConnectException: Connection refused
	... 11 more
2019-10-22 00:09:00,949 [1be30185-a2c0-4461-afc0-2cb02fcff473@group-A8B097DE35CC-LeaderElection609] INFO  impl.RaftServerImpl (RaftServerImpl.java:setRole(184)) - 1be30185-a2c0-4461-afc0-2cb02fcff473@group-A8B097DE35CC: changes role from CANDIDATE to FOLLOWER at term 160 for DISCOVERED_A_NEW_TERM
2019-10-22 00:09:00,949 [1be30185-a2c0-4461-afc0-2cb02fcff473@group-A8B097DE35CC-LeaderElection609] INFO  impl.RoleInfo (RoleInfo.java:shutdownLeaderElection(134)) - 1be30185-a2c0-4461-afc0-2cb02fcff473: shutdown LeaderElection
2019-10-22 00:09:00,949 [1be30185-a2c0-4461-afc0-2cb02fcff473@group-A8B097DE35CC-LeaderElection609] INFO  impl.RoleInfo (RoleInfo.java:updateAndGet(143)) - 1be30185-a2c0-4461-afc0-2cb02fcff473: start FollowerState
2019-10-22 00:09:01,148 [Thread-5157] INFO  impl.FollowerState (FollowerState.java:run(108)) - 1be30185-a2c0-4461-afc0-2cb02fcff473@group-A8B097DE35CC-FollowerState: change to CANDIDATE, lastRpcTime:198ms, electionTimeout:198ms
2019-10-22 00:09:01,148 [Thread-5157] INFO  impl.RoleInfo (RoleInfo.java:shutdownFollowerState(121)) - 1be30185-a2c0-4461-afc0-2cb02fcff473: shutdown FollowerState
2019-10-22 00:09:01,148 [Thread-5157] INFO  impl.RaftServerImpl (RaftServerImpl.java:setRole(184)) - 1be30185-a2c0-4461-afc0-2cb02fcff473@group-A8B097DE35CC: changes role from  FOLLOWER to CANDIDATE at term 160 for changeToCandidate
2019-10-22 00:09:01,148 [Thread-5157] INFO  impl.RoleInfo (RoleInfo.java:updateAndGet(143)) - 1be30185-a2c0-4461-afc0-2cb02fcff473: start LeaderElection
2019-10-22 00:09:01,162 [1be30185-a2c0-4461-afc0-2cb02fcff473@group-A8B097DE35CC-LeaderElection610] INFO  impl.LeaderElection (LeaderElection.java:askForVotes(178)) - 1be30185-a2c0-4461-afc0-2cb02fcff473@group-A8B097DE35CC-LeaderElection610: begin an election at term 161 for -1: [e64b81a2-7e97-4a9c-9a90-0d1e8edce3a8:192.168.157.254:40074, d9951c0b-6d6e-4464-b06b-4ef93c20892c:192.168.157.254:43622, 1be30185-a2c0-4461-afc0-2cb02fcff473:192.168.157.254:38008], old=null
2019-10-22 00:09:01,163 [1be30185-a2c0-4461-afc0-2cb02fcff473@group-A8B097DE35CC-LeaderElection610] INFO  impl.LeaderElection (LogUtils.java:infoOrTrace(149)) - 1be30185-a2c0-4461-afc0-2cb02fcff473@group-A8B097DE35CC-LeaderElection610 got exception when requesting votes: {}
java.util.concurrent.ExecutionException: org.apache.ratis.thirdparty.io.grpc.StatusRuntimeException: UNAVAILABLE: io exception
	at java.util.concurrent.FutureTask.report(FutureTask.java:122)
	at java.util.concurrent.FutureTask.get(FutureTask.java:192)
	at org.apache.ratis.server.impl.LeaderElection.waitForResults(LeaderElection.java:259)
	at org.apache.ratis.server.impl.LeaderElection.askForVotes(LeaderElection.java:197)
	at org.apache.ratis.server.impl.LeaderElection.run(LeaderElection.java:133)
	at java.lang.Thread.run(Thread.java:748)
Caused by: org.apache.ratis.thirdparty.io.grpc.StatusRuntimeException: UNAVAILABLE: io exception
	at org.apache.ratis.thirdparty.io.grpc.stub.ClientCalls.toStatusRuntimeException(ClientCalls.java:233)
	at org.apache.ratis.thirdparty.io.grpc.stub.ClientCalls.getUnchecked(ClientCalls.java:214)
	at org.apache.ratis.thirdparty.io.grpc.stub.ClientCalls.blockingUnaryCall(ClientCalls.java:139)
	at org.apache.ratis.proto.grpc.RaftServerProtocolServiceGrpc$RaftServerProtocolServiceBlockingStub.requestVote(RaftServerProtocolServiceGrpc.java:265)
	at org.apache.ratis.grpc.server.GrpcServerProtocolClient.requestVote(GrpcServerProtocolClient.java:99)
	at org.apache.ratis.grpc.server.GrpcService.requestVote(GrpcService.java:204)
	at org.apache.ratis.server.impl.LeaderElection.lambda$submitRequests$1(LeaderElection.java:234)
	at java.util.concurrent.FutureTask.run(FutureTask.java:266)
	at java.util.concurrent.Executors$RunnableAdapter.call(Executors.java:511)
	at java.util.concurrent.FutureTask.run(FutureTask.java:266)
	at java.util.concurrent.ThreadPoolExecutor.runWorker(ThreadPoolExecutor.java:1149)
	at java.util.concurrent.ThreadPoolExecutor$Worker.run(ThreadPoolExecutor.java:624)
	... 1 more
Caused by: org.apache.ratis.thirdparty.io.netty.channel.AbstractChannel$AnnotatedConnectException: Connection refused: /192.168.157.254:43622
	at sun.nio.ch.SocketChannelImpl.checkConnect(Native Method)
	at sun.nio.ch.SocketChannelImpl.finishConnect(SocketChannelImpl.java:717)
	at org.apache.ratis.thirdparty.io.netty.channel.socket.nio.NioSocketChannel.doFinishConnect(NioSocketChannel.java:327)
	at org.apache.ratis.thirdparty.io.netty.channel.nio.AbstractNioChannel$AbstractNioUnsafe.finishConnect(AbstractNioChannel.java:340)
	at org.apache.ratis.thirdparty.io.netty.channel.nio.NioEventLoop.processSelectedKey(NioEventLoop.java:632)
	at org.apache.ratis.thirdparty.io.netty.channel.nio.NioEventLoop.processSelectedKeysOptimized(NioEventLoop.java:579)
	at org.apache.ratis.thirdparty.io.netty.channel.nio.NioEventLoop.processSelectedKeys(NioEventLoop.java:496)
	at org.apache.ratis.thirdparty.io.netty.channel.nio.NioEventLoop.run(NioEventLoop.java:458)
	at org.apache.ratis.thirdparty.io.netty.util.concurrent.SingleThreadEventExecutor$5.run(SingleThreadEventExecutor.java:897)
	at org.apache.ratis.thirdparty.io.netty.util.concurrent.FastThreadLocalRunnable.run(FastThreadLocalRunnable.java:30)
	... 1 more
Caused by: java.net.ConnectException: Connection refused
	... 11 more
2019-10-22 00:09:01,167 [grpc-default-executor-8] INFO  impl.RaftServerImpl (RaftServerImpl.java:setRole(184)) - e64b81a2-7e97-4a9c-9a90-0d1e8edce3a8@group-A8B097DE35CC: changes role from  FOLLOWER to FOLLOWER at term 161 for recognizeCandidate:1be30185-a2c0-4461-afc0-2cb02fcff473
2019-10-22 00:09:01,167 [grpc-default-executor-8] INFO  impl.RoleInfo (RoleInfo.java:shutdownFollowerState(121)) - e64b81a2-7e97-4a9c-9a90-0d1e8edce3a8: shutdown FollowerState
2019-10-22 00:09:01,167 [grpc-default-executor-8] INFO  impl.RoleInfo (RoleInfo.java:updateAndGet(143)) - e64b81a2-7e97-4a9c-9a90-0d1e8edce3a8: start FollowerState
2019-10-22 00:09:01,167 [Thread-5156] INFO  impl.FollowerState (FollowerState.java:run(117)) - e64b81a2-7e97-4a9c-9a90-0d1e8edce3a8@group-A8B097DE35CC-FollowerState was interrupted: java.lang.InterruptedException: sleep interrupted
2019-10-22 00:09:01,179 [1be30185-a2c0-4461-afc0-2cb02fcff473@group-A8B097DE35CC-LeaderElection610] INFO  impl.LeaderElection (LeaderElection.java:logAndReturn(56)) - 1be30185-a2c0-4461-afc0-2cb02fcff473@group-A8B097DE35CC-LeaderElection610: Election REJECTED; received 1 response(s) [1be30185-a2c0-4461-afc0-2cb02fcff473<-e64b81a2-7e97-4a9c-9a90-0d1e8edce3a8#0:FAIL-t161] and 1 exception(s); 1be30185-a2c0-4461-afc0-2cb02fcff473@group-A8B097DE35CC:t161, leader=null, voted=1be30185-a2c0-4461-afc0-2cb02fcff473, raftlog=1be30185-a2c0-4461-afc0-2cb02fcff473@group-A8B097DE35CC-SegmentedRaftLog:OPENED:c-1,f-1,i0, conf=-1: [e64b81a2-7e97-4a9c-9a90-0d1e8edce3a8:192.168.157.254:40074, d9951c0b-6d6e-4464-b06b-4ef93c20892c:192.168.157.254:43622, 1be30185-a2c0-4461-afc0-2cb02fcff473:192.168.157.254:38008], old=null
2019-10-22 00:09:01,179 [1be30185-a2c0-4461-afc0-2cb02fcff473@group-A8B097DE35CC-LeaderElection610] INFO  impl.LeaderElection (LogUtils.java:infoOrTrace(149)) -   Exception 0: {}
java.util.concurrent.ExecutionException: org.apache.ratis.thirdparty.io.grpc.StatusRuntimeException: UNAVAILABLE: io exception
	at java.util.concurrent.FutureTask.report(FutureTask.java:122)
	at java.util.concurrent.FutureTask.get(FutureTask.java:192)
	at org.apache.ratis.server.impl.LeaderElection.waitForResults(LeaderElection.java:259)
	at org.apache.ratis.server.impl.LeaderElection.askForVotes(LeaderElection.java:197)
	at org.apache.ratis.server.impl.LeaderElection.run(LeaderElection.java:133)
	at java.lang.Thread.run(Thread.java:748)
Caused by: org.apache.ratis.thirdparty.io.grpc.StatusRuntimeException: UNAVAILABLE: io exception
	at org.apache.ratis.thirdparty.io.grpc.stub.ClientCalls.toStatusRuntimeException(ClientCalls.java:233)
	at org.apache.ratis.thirdparty.io.grpc.stub.ClientCalls.getUnchecked(ClientCalls.java:214)
	at org.apache.ratis.thirdparty.io.grpc.stub.ClientCalls.blockingUnaryCall(ClientCalls.java:139)
	at org.apache.ratis.proto.grpc.RaftServerProtocolServiceGrpc$RaftServerProtocolServiceBlockingStub.requestVote(RaftServerProtocolServiceGrpc.java:265)
	at org.apache.ratis.grpc.server.GrpcServerProtocolClient.requestVote(GrpcServerProtocolClient.java:99)
	at org.apache.ratis.grpc.server.GrpcService.requestVote(GrpcService.java:204)
	at org.apache.ratis.server.impl.LeaderElection.lambda$submitRequests$1(LeaderElection.java:234)
	at java.util.concurrent.FutureTask.run(FutureTask.java:266)
	at java.util.concurrent.Executors$RunnableAdapter.call(Executors.java:511)
	at java.util.concurrent.FutureTask.run(FutureTask.java:266)
	at java.util.concurrent.ThreadPoolExecutor.runWorker(ThreadPoolExecutor.java:1149)
	at java.util.concurrent.ThreadPoolExecutor$Worker.run(ThreadPoolExecutor.java:624)
	... 1 more
Caused by: org.apache.ratis.thirdparty.io.netty.channel.AbstractChannel$AnnotatedConnectException: Connection refused: /192.168.157.254:43622
	at sun.nio.ch.SocketChannelImpl.checkConnect(Native Method)
	at sun.nio.ch.SocketChannelImpl.finishConnect(SocketChannelImpl.java:717)
	at org.apache.ratis.thirdparty.io.netty.channel.socket.nio.NioSocketChannel.doFinishConnect(NioSocketChannel.java:327)
	at org.apache.ratis.thirdparty.io.netty.channel.nio.AbstractNioChannel$AbstractNioUnsafe.finishConnect(AbstractNioChannel.java:340)
	at org.apache.ratis.thirdparty.io.netty.channel.nio.NioEventLoop.processSelectedKey(NioEventLoop.java:632)
	at org.apache.ratis.thirdparty.io.netty.channel.nio.NioEventLoop.processSelectedKeysOptimized(NioEventLoop.java:579)
	at org.apache.ratis.thirdparty.io.netty.channel.nio.NioEventLoop.processSelectedKeys(NioEventLoop.java:496)
	at org.apache.ratis.thirdparty.io.netty.channel.nio.NioEventLoop.run(NioEventLoop.java:458)
	at org.apache.ratis.thirdparty.io.netty.util.concurrent.SingleThreadEventExecutor$5.run(SingleThreadEventExecutor.java:897)
	at org.apache.ratis.thirdparty.io.netty.util.concurrent.FastThreadLocalRunnable.run(FastThreadLocalRunnable.java:30)
	... 1 more
Caused by: java.net.ConnectException: Connection refused
	... 11 more
2019-10-22 00:09:01,179 [1be30185-a2c0-4461-afc0-2cb02fcff473@group-A8B097DE35CC-LeaderElection610] INFO  impl.RaftServerImpl (RaftServerImpl.java:setRole(184)) - 1be30185-a2c0-4461-afc0-2cb02fcff473@group-A8B097DE35CC: changes role from CANDIDATE to FOLLOWER at term 161 for DISCOVERED_A_NEW_TERM
2019-10-22 00:09:01,179 [1be30185-a2c0-4461-afc0-2cb02fcff473@group-A8B097DE35CC-LeaderElection610] INFO  impl.RoleInfo (RoleInfo.java:shutdownLeaderElection(134)) - 1be30185-a2c0-4461-afc0-2cb02fcff473: shutdown LeaderElection
2019-10-22 00:09:01,180 [1be30185-a2c0-4461-afc0-2cb02fcff473@group-A8B097DE35CC-LeaderElection610] INFO  impl.RoleInfo (RoleInfo.java:updateAndGet(143)) - 1be30185-a2c0-4461-afc0-2cb02fcff473: start FollowerState
2019-10-22 00:09:01,362 [Thread-5162] INFO  impl.FollowerState (FollowerState.java:run(108)) - 1be30185-a2c0-4461-afc0-2cb02fcff473@group-A8B097DE35CC-FollowerState: change to CANDIDATE, lastRpcTime:182ms, electionTimeout:182ms
2019-10-22 00:09:01,362 [Thread-5162] INFO  impl.RoleInfo (RoleInfo.java:shutdownFollowerState(121)) - 1be30185-a2c0-4461-afc0-2cb02fcff473: shutdown FollowerState
2019-10-22 00:09:01,362 [Thread-5162] INFO  impl.RaftServerImpl (RaftServerImpl.java:setRole(184)) - 1be30185-a2c0-4461-afc0-2cb02fcff473@group-A8B097DE35CC: changes role from  FOLLOWER to CANDIDATE at term 161 for changeToCandidate
2019-10-22 00:09:01,362 [Thread-5162] INFO  impl.RoleInfo (RoleInfo.java:updateAndGet(143)) - 1be30185-a2c0-4461-afc0-2cb02fcff473: start LeaderElection
2019-10-22 00:09:01,374 [1be30185-a2c0-4461-afc0-2cb02fcff473@group-A8B097DE35CC-LeaderElection611] INFO  impl.LeaderElection (LeaderElection.java:askForVotes(178)) - 1be30185-a2c0-4461-afc0-2cb02fcff473@group-A8B097DE35CC-LeaderElection611: begin an election at term 162 for -1: [e64b81a2-7e97-4a9c-9a90-0d1e8edce3a8:192.168.157.254:40074, d9951c0b-6d6e-4464-b06b-4ef93c20892c:192.168.157.254:43622, 1be30185-a2c0-4461-afc0-2cb02fcff473:192.168.157.254:38008], old=null
2019-10-22 00:09:01,375 [1be30185-a2c0-4461-afc0-2cb02fcff473@group-A8B097DE35CC-LeaderElection611] INFO  impl.LeaderElection (LogUtils.java:infoOrTrace(149)) - 1be30185-a2c0-4461-afc0-2cb02fcff473@group-A8B097DE35CC-LeaderElection611 got exception when requesting votes: {}
java.util.concurrent.ExecutionException: org.apache.ratis.thirdparty.io.grpc.StatusRuntimeException: UNAVAILABLE: io exception
	at java.util.concurrent.FutureTask.report(FutureTask.java:122)
	at java.util.concurrent.FutureTask.get(FutureTask.java:192)
	at org.apache.ratis.server.impl.LeaderElection.waitForResults(LeaderElection.java:259)
	at org.apache.ratis.server.impl.LeaderElection.askForVotes(LeaderElection.java:197)
	at org.apache.ratis.server.impl.LeaderElection.run(LeaderElection.java:133)
	at java.lang.Thread.run(Thread.java:748)
Caused by: org.apache.ratis.thirdparty.io.grpc.StatusRuntimeException: UNAVAILABLE: io exception
	at org.apache.ratis.thirdparty.io.grpc.stub.ClientCalls.toStatusRuntimeException(ClientCalls.java:233)
	at org.apache.ratis.thirdparty.io.grpc.stub.ClientCalls.getUnchecked(ClientCalls.java:214)
	at org.apache.ratis.thirdparty.io.grpc.stub.ClientCalls.blockingUnaryCall(ClientCalls.java:139)
	at org.apache.ratis.proto.grpc.RaftServerProtocolServiceGrpc$RaftServerProtocolServiceBlockingStub.requestVote(RaftServerProtocolServiceGrpc.java:265)
	at org.apache.ratis.grpc.server.GrpcServerProtocolClient.requestVote(GrpcServerProtocolClient.java:99)
	at org.apache.ratis.grpc.server.GrpcService.requestVote(GrpcService.java:204)
	at org.apache.ratis.server.impl.LeaderElection.lambda$submitRequests$1(LeaderElection.java:234)
	at java.util.concurrent.FutureTask.run(FutureTask.java:266)
	at java.util.concurrent.Executors$RunnableAdapter.call(Executors.java:511)
	at java.util.concurrent.FutureTask.run(FutureTask.java:266)
	at java.util.concurrent.ThreadPoolExecutor.runWorker(ThreadPoolExecutor.java:1149)
	at java.util.concurrent.ThreadPoolExecutor$Worker.run(ThreadPoolExecutor.java:624)
	... 1 more
Caused by: org.apache.ratis.thirdparty.io.netty.channel.AbstractChannel$AnnotatedConnectException: Connection refused: /192.168.157.254:43622
	at sun.nio.ch.SocketChannelImpl.checkConnect(Native Method)
	at sun.nio.ch.SocketChannelImpl.finishConnect(SocketChannelImpl.java:717)
	at org.apache.ratis.thirdparty.io.netty.channel.socket.nio.NioSocketChannel.doFinishConnect(NioSocketChannel.java:327)
	at org.apache.ratis.thirdparty.io.netty.channel.nio.AbstractNioChannel$AbstractNioUnsafe.finishConnect(AbstractNioChannel.java:340)
	at org.apache.ratis.thirdparty.io.netty.channel.nio.NioEventLoop.processSelectedKey(NioEventLoop.java:632)
	at org.apache.ratis.thirdparty.io.netty.channel.nio.NioEventLoop.processSelectedKeysOptimized(NioEventLoop.java:579)
	at org.apache.ratis.thirdparty.io.netty.channel.nio.NioEventLoop.processSelectedKeys(NioEventLoop.java:496)
	at org.apache.ratis.thirdparty.io.netty.channel.nio.NioEventLoop.run(NioEventLoop.java:458)
	at org.apache.ratis.thirdparty.io.netty.util.concurrent.SingleThreadEventExecutor$5.run(SingleThreadEventExecutor.java:897)
	at org.apache.ratis.thirdparty.io.netty.util.concurrent.FastThreadLocalRunnable.run(FastThreadLocalRunnable.java:30)
	... 1 more
Caused by: java.net.ConnectException: Connection refused
	... 11 more
2019-10-22 00:09:01,379 [grpc-default-executor-8] INFO  impl.RaftServerImpl (RaftServerImpl.java:setRole(184)) - e64b81a2-7e97-4a9c-9a90-0d1e8edce3a8@group-A8B097DE35CC: changes role from  FOLLOWER to FOLLOWER at term 162 for recognizeCandidate:1be30185-a2c0-4461-afc0-2cb02fcff473
2019-10-22 00:09:01,379 [grpc-default-executor-8] INFO  impl.RoleInfo (RoleInfo.java:shutdownFollowerState(121)) - e64b81a2-7e97-4a9c-9a90-0d1e8edce3a8: shutdown FollowerState
2019-10-22 00:09:01,379 [grpc-default-executor-8] INFO  impl.RoleInfo (RoleInfo.java:updateAndGet(143)) - e64b81a2-7e97-4a9c-9a90-0d1e8edce3a8: start FollowerState
2019-10-22 00:09:01,380 [Thread-5161] INFO  impl.FollowerState (FollowerState.java:run(117)) - e64b81a2-7e97-4a9c-9a90-0d1e8edce3a8@group-A8B097DE35CC-FollowerState was interrupted: java.lang.InterruptedException: sleep interrupted
2019-10-22 00:09:01,395 [1be30185-a2c0-4461-afc0-2cb02fcff473@group-A8B097DE35CC-LeaderElection611] INFO  impl.LeaderElection (LeaderElection.java:logAndReturn(56)) - 1be30185-a2c0-4461-afc0-2cb02fcff473@group-A8B097DE35CC-LeaderElection611: Election REJECTED; received 1 response(s) [1be30185-a2c0-4461-afc0-2cb02fcff473<-e64b81a2-7e97-4a9c-9a90-0d1e8edce3a8#0:FAIL-t162] and 1 exception(s); 1be30185-a2c0-4461-afc0-2cb02fcff473@group-A8B097DE35CC:t162, leader=null, voted=1be30185-a2c0-4461-afc0-2cb02fcff473, raftlog=1be30185-a2c0-4461-afc0-2cb02fcff473@group-A8B097DE35CC-SegmentedRaftLog:OPENED:c-1,f-1,i0, conf=-1: [e64b81a2-7e97-4a9c-9a90-0d1e8edce3a8:192.168.157.254:40074, d9951c0b-6d6e-4464-b06b-4ef93c20892c:192.168.157.254:43622, 1be30185-a2c0-4461-afc0-2cb02fcff473:192.168.157.254:38008], old=null
2019-10-22 00:09:01,395 [1be30185-a2c0-4461-afc0-2cb02fcff473@group-A8B097DE35CC-LeaderElection611] INFO  impl.LeaderElection (LogUtils.java:infoOrTrace(149)) -   Exception 0: {}
java.util.concurrent.ExecutionException: org.apache.ratis.thirdparty.io.grpc.StatusRuntimeException: UNAVAILABLE: io exception
	at java.util.concurrent.FutureTask.report(FutureTask.java:122)
	at java.util.concurrent.FutureTask.get(FutureTask.java:192)
	at org.apache.ratis.server.impl.LeaderElection.waitForResults(LeaderElection.java:259)
	at org.apache.ratis.server.impl.LeaderElection.askForVotes(LeaderElection.java:197)
	at org.apache.ratis.server.impl.LeaderElection.run(LeaderElection.java:133)
	at java.lang.Thread.run(Thread.java:748)
Caused by: org.apache.ratis.thirdparty.io.grpc.StatusRuntimeException: UNAVAILABLE: io exception
	at org.apache.ratis.thirdparty.io.grpc.stub.ClientCalls.toStatusRuntimeException(ClientCalls.java:233)
	at org.apache.ratis.thirdparty.io.grpc.stub.ClientCalls.getUnchecked(ClientCalls.java:214)
	at org.apache.ratis.thirdparty.io.grpc.stub.ClientCalls.blockingUnaryCall(ClientCalls.java:139)
	at org.apache.ratis.proto.grpc.RaftServerProtocolServiceGrpc$RaftServerProtocolServiceBlockingStub.requestVote(RaftServerProtocolServiceGrpc.java:265)
	at org.apache.ratis.grpc.server.GrpcServerProtocolClient.requestVote(GrpcServerProtocolClient.java:99)
	at org.apache.ratis.grpc.server.GrpcService.requestVote(GrpcService.java:204)
	at org.apache.ratis.server.impl.LeaderElection.lambda$submitRequests$1(LeaderElection.java:234)
	at java.util.concurrent.FutureTask.run(FutureTask.java:266)
	at java.util.concurrent.Executors$RunnableAdapter.call(Executors.java:511)
	at java.util.concurrent.FutureTask.run(FutureTask.java:266)
	at java.util.concurrent.ThreadPoolExecutor.runWorker(ThreadPoolExecutor.java:1149)
	at java.util.concurrent.ThreadPoolExecutor$Worker.run(ThreadPoolExecutor.java:624)
	... 1 more
Caused by: org.apache.ratis.thirdparty.io.netty.channel.AbstractChannel$AnnotatedConnectException: Connection refused: /192.168.157.254:43622
	at sun.nio.ch.SocketChannelImpl.checkConnect(Native Method)
	at sun.nio.ch.SocketChannelImpl.finishConnect(SocketChannelImpl.java:717)
	at org.apache.ratis.thirdparty.io.netty.channel.socket.nio.NioSocketChannel.doFinishConnect(NioSocketChannel.java:327)
	at org.apache.ratis.thirdparty.io.netty.channel.nio.AbstractNioChannel$AbstractNioUnsafe.finishConnect(AbstractNioChannel.java:340)
	at org.apache.ratis.thirdparty.io.netty.channel.nio.NioEventLoop.processSelectedKey(NioEventLoop.java:632)
	at org.apache.ratis.thirdparty.io.netty.channel.nio.NioEventLoop.processSelectedKeysOptimized(NioEventLoop.java:579)
	at org.apache.ratis.thirdparty.io.netty.channel.nio.NioEventLoop.processSelectedKeys(NioEventLoop.java:496)
	at org.apache.ratis.thirdparty.io.netty.channel.nio.NioEventLoop.run(NioEventLoop.java:458)
	at org.apache.ratis.thirdparty.io.netty.util.concurrent.SingleThreadEventExecutor$5.run(SingleThreadEventExecutor.java:897)
	at org.apache.ratis.thirdparty.io.netty.util.concurrent.FastThreadLocalRunnable.run(FastThreadLocalRunnable.java:30)
	... 1 more
Caused by: java.net.ConnectException: Connection refused
	... 11 more
2019-10-22 00:09:01,397 [1be30185-a2c0-4461-afc0-2cb02fcff473@group-A8B097DE35CC-LeaderElection611] INFO  impl.RaftServerImpl (RaftServerImpl.java:setRole(184)) - 1be30185-a2c0-4461-afc0-2cb02fcff473@group-A8B097DE35CC: changes role from CANDIDATE to FOLLOWER at term 162 for DISCOVERED_A_NEW_TERM
2019-10-22 00:09:01,397 [1be30185-a2c0-4461-afc0-2cb02fcff473@group-A8B097DE35CC-LeaderElection611] INFO  impl.RoleInfo (RoleInfo.java:shutdownLeaderElection(134)) - 1be30185-a2c0-4461-afc0-2cb02fcff473: shutdown LeaderElection
2019-10-22 00:09:01,397 [1be30185-a2c0-4461-afc0-2cb02fcff473@group-A8B097DE35CC-LeaderElection611] INFO  impl.RoleInfo (RoleInfo.java:updateAndGet(143)) - 1be30185-a2c0-4461-afc0-2cb02fcff473: start FollowerState
2019-10-22 00:09:01,538 [Thread-5170] INFO  impl.FollowerState (FollowerState.java:run(108)) - 1be30185-a2c0-4461-afc0-2cb02fcff473@group-A8B097DE35CC-FollowerState: change to CANDIDATE, lastRpcTime:141ms, electionTimeout:141ms
2019-10-22 00:09:01,538 [Thread-5170] INFO  impl.RoleInfo (RoleInfo.java:shutdownFollowerState(121)) - 1be30185-a2c0-4461-afc0-2cb02fcff473: shutdown FollowerState
2019-10-22 00:09:01,539 [Thread-5170] INFO  impl.RaftServerImpl (RaftServerImpl.java:setRole(184)) - 1be30185-a2c0-4461-afc0-2cb02fcff473@group-A8B097DE35CC: changes role from  FOLLOWER to CANDIDATE at term 162 for changeToCandidate
2019-10-22 00:09:01,539 [Thread-5170] INFO  impl.RoleInfo (RoleInfo.java:updateAndGet(143)) - 1be30185-a2c0-4461-afc0-2cb02fcff473: start LeaderElection
2019-10-22 00:09:01,565 [1be30185-a2c0-4461-afc0-2cb02fcff473@group-A8B097DE35CC-LeaderElection612] INFO  impl.LeaderElection (LeaderElection.java:askForVotes(178)) - 1be30185-a2c0-4461-afc0-2cb02fcff473@group-A8B097DE35CC-LeaderElection612: begin an election at term 163 for -1: [e64b81a2-7e97-4a9c-9a90-0d1e8edce3a8:192.168.157.254:40074, d9951c0b-6d6e-4464-b06b-4ef93c20892c:192.168.157.254:43622, 1be30185-a2c0-4461-afc0-2cb02fcff473:192.168.157.254:38008], old=null
2019-10-22 00:09:01,566 [1be30185-a2c0-4461-afc0-2cb02fcff473@group-A8B097DE35CC-LeaderElection612] INFO  impl.LeaderElection (LogUtils.java:infoOrTrace(149)) - 1be30185-a2c0-4461-afc0-2cb02fcff473@group-A8B097DE35CC-LeaderElection612 got exception when requesting votes: {}
java.util.concurrent.ExecutionException: org.apache.ratis.thirdparty.io.grpc.StatusRuntimeException: UNAVAILABLE: io exception
	at java.util.concurrent.FutureTask.report(FutureTask.java:122)
	at java.util.concurrent.FutureTask.get(FutureTask.java:192)
	at org.apache.ratis.server.impl.LeaderElection.waitForResults(LeaderElection.java:259)
	at org.apache.ratis.server.impl.LeaderElection.askForVotes(LeaderElection.java:197)
	at org.apache.ratis.server.impl.LeaderElection.run(LeaderElection.java:133)
	at java.lang.Thread.run(Thread.java:748)
Caused by: org.apache.ratis.thirdparty.io.grpc.StatusRuntimeException: UNAVAILABLE: io exception
	at org.apache.ratis.thirdparty.io.grpc.stub.ClientCalls.toStatusRuntimeException(ClientCalls.java:233)
	at org.apache.ratis.thirdparty.io.grpc.stub.ClientCalls.getUnchecked(ClientCalls.java:214)
	at org.apache.ratis.thirdparty.io.grpc.stub.ClientCalls.blockingUnaryCall(ClientCalls.java:139)
	at org.apache.ratis.proto.grpc.RaftServerProtocolServiceGrpc$RaftServerProtocolServiceBlockingStub.requestVote(RaftServerProtocolServiceGrpc.java:265)
	at org.apache.ratis.grpc.server.GrpcServerProtocolClient.requestVote(GrpcServerProtocolClient.java:99)
	at org.apache.ratis.grpc.server.GrpcService.requestVote(GrpcService.java:204)
	at org.apache.ratis.server.impl.LeaderElection.lambda$submitRequests$1(LeaderElection.java:234)
	at java.util.concurrent.FutureTask.run(FutureTask.java:266)
	at java.util.concurrent.Executors$RunnableAdapter.call(Executors.java:511)
	at java.util.concurrent.FutureTask.run(FutureTask.java:266)
	at java.util.concurrent.ThreadPoolExecutor.runWorker(ThreadPoolExecutor.java:1149)
	at java.util.concurrent.ThreadPoolExecutor$Worker.run(ThreadPoolExecutor.java:624)
	... 1 more
Caused by: org.apache.ratis.thirdparty.io.netty.channel.AbstractChannel$AnnotatedConnectException: Connection refused: /192.168.157.254:43622
	at sun.nio.ch.SocketChannelImpl.checkConnect(Native Method)
	at sun.nio.ch.SocketChannelImpl.finishConnect(SocketChannelImpl.java:717)
	at org.apache.ratis.thirdparty.io.netty.channel.socket.nio.NioSocketChannel.doFinishConnect(NioSocketChannel.java:327)
	at org.apache.ratis.thirdparty.io.netty.channel.nio.AbstractNioChannel$AbstractNioUnsafe.finishConnect(AbstractNioChannel.java:340)
	at org.apache.ratis.thirdparty.io.netty.channel.nio.NioEventLoop.processSelectedKey(NioEventLoop.java:632)
	at org.apache.ratis.thirdparty.io.netty.channel.nio.NioEventLoop.processSelectedKeysOptimized(NioEventLoop.java:579)
	at org.apache.ratis.thirdparty.io.netty.channel.nio.NioEventLoop.processSelectedKeys(NioEventLoop.java:496)
	at org.apache.ratis.thirdparty.io.netty.channel.nio.NioEventLoop.run(NioEventLoop.java:458)
	at org.apache.ratis.thirdparty.io.netty.util.concurrent.SingleThreadEventExecutor$5.run(SingleThreadEventExecutor.java:897)
	at org.apache.ratis.thirdparty.io.netty.util.concurrent.FastThreadLocalRunnable.run(FastThreadLocalRunnable.java:30)
	... 1 more
Caused by: java.net.ConnectException: Connection refused
	... 11 more
2019-10-22 00:09:01,571 [grpc-default-executor-8] INFO  impl.RaftServerImpl (RaftServerImpl.java:setRole(184)) - e64b81a2-7e97-4a9c-9a90-0d1e8edce3a8@group-A8B097DE35CC: changes role from  FOLLOWER to FOLLOWER at term 163 for recognizeCandidate:1be30185-a2c0-4461-afc0-2cb02fcff473
2019-10-22 00:09:01,571 [grpc-default-executor-8] INFO  impl.RoleInfo (RoleInfo.java:shutdownFollowerState(121)) - e64b81a2-7e97-4a9c-9a90-0d1e8edce3a8: shutdown FollowerState
2019-10-22 00:09:01,571 [grpc-default-executor-8] INFO  impl.RoleInfo (RoleInfo.java:updateAndGet(143)) - e64b81a2-7e97-4a9c-9a90-0d1e8edce3a8: start FollowerState
2019-10-22 00:09:01,571 [Thread-5169] INFO  impl.FollowerState (FollowerState.java:run(117)) - e64b81a2-7e97-4a9c-9a90-0d1e8edce3a8@group-A8B097DE35CC-FollowerState was interrupted: java.lang.InterruptedException: sleep interrupted
2019-10-22 00:09:01,585 [1be30185-a2c0-4461-afc0-2cb02fcff473@group-A8B097DE35CC-LeaderElection612] INFO  impl.LeaderElection (LeaderElection.java:logAndReturn(56)) - 1be30185-a2c0-4461-afc0-2cb02fcff473@group-A8B097DE35CC-LeaderElection612: Election REJECTED; received 1 response(s) [1be30185-a2c0-4461-afc0-2cb02fcff473<-e64b81a2-7e97-4a9c-9a90-0d1e8edce3a8#0:FAIL-t163] and 1 exception(s); 1be30185-a2c0-4461-afc0-2cb02fcff473@group-A8B097DE35CC:t163, leader=null, voted=1be30185-a2c0-4461-afc0-2cb02fcff473, raftlog=1be30185-a2c0-4461-afc0-2cb02fcff473@group-A8B097DE35CC-SegmentedRaftLog:OPENED:c-1,f-1,i0, conf=-1: [e64b81a2-7e97-4a9c-9a90-0d1e8edce3a8:192.168.157.254:40074, d9951c0b-6d6e-4464-b06b-4ef93c20892c:192.168.157.254:43622, 1be30185-a2c0-4461-afc0-2cb02fcff473:192.168.157.254:38008], old=null
2019-10-22 00:09:01,585 [1be30185-a2c0-4461-afc0-2cb02fcff473@group-A8B097DE35CC-LeaderElection612] INFO  impl.LeaderElection (LogUtils.java:infoOrTrace(149)) -   Exception 0: {}
java.util.concurrent.ExecutionException: org.apache.ratis.thirdparty.io.grpc.StatusRuntimeException: UNAVAILABLE: io exception
	at java.util.concurrent.FutureTask.report(FutureTask.java:122)
	at java.util.concurrent.FutureTask.get(FutureTask.java:192)
	at org.apache.ratis.server.impl.LeaderElection.waitForResults(LeaderElection.java:259)
	at org.apache.ratis.server.impl.LeaderElection.askForVotes(LeaderElection.java:197)
	at org.apache.ratis.server.impl.LeaderElection.run(LeaderElection.java:133)
	at java.lang.Thread.run(Thread.java:748)
Caused by: org.apache.ratis.thirdparty.io.grpc.StatusRuntimeException: UNAVAILABLE: io exception
	at org.apache.ratis.thirdparty.io.grpc.stub.ClientCalls.toStatusRuntimeException(ClientCalls.java:233)
	at org.apache.ratis.thirdparty.io.grpc.stub.ClientCalls.getUnchecked(ClientCalls.java:214)
	at org.apache.ratis.thirdparty.io.grpc.stub.ClientCalls.blockingUnaryCall(ClientCalls.java:139)
	at org.apache.ratis.proto.grpc.RaftServerProtocolServiceGrpc$RaftServerProtocolServiceBlockingStub.requestVote(RaftServerProtocolServiceGrpc.java:265)
	at org.apache.ratis.grpc.server.GrpcServerProtocolClient.requestVote(GrpcServerProtocolClient.java:99)
	at org.apache.ratis.grpc.server.GrpcService.requestVote(GrpcService.java:204)
	at org.apache.ratis.server.impl.LeaderElection.lambda$submitRequests$1(LeaderElection.java:234)
	at java.util.concurrent.FutureTask.run(FutureTask.java:266)
	at java.util.concurrent.Executors$RunnableAdapter.call(Executors.java:511)
	at java.util.concurrent.FutureTask.run(FutureTask.java:266)
	at java.util.concurrent.ThreadPoolExecutor.runWorker(ThreadPoolExecutor.java:1149)
	at java.util.concurrent.ThreadPoolExecutor$Worker.run(ThreadPoolExecutor.java:624)
	... 1 more
Caused by: org.apache.ratis.thirdparty.io.netty.channel.AbstractChannel$AnnotatedConnectException: Connection refused: /192.168.157.254:43622
	at sun.nio.ch.SocketChannelImpl.checkConnect(Native Method)
	at sun.nio.ch.SocketChannelImpl.finishConnect(SocketChannelImpl.java:717)
	at org.apache.ratis.thirdparty.io.netty.channel.socket.nio.NioSocketChannel.doFinishConnect(NioSocketChannel.java:327)
	at org.apache.ratis.thirdparty.io.netty.channel.nio.AbstractNioChannel$AbstractNioUnsafe.finishConnect(AbstractNioChannel.java:340)
	at org.apache.ratis.thirdparty.io.netty.channel.nio.NioEventLoop.processSelectedKey(NioEventLoop.java:632)
	at org.apache.ratis.thirdparty.io.netty.channel.nio.NioEventLoop.processSelectedKeysOptimized(NioEventLoop.java:579)
	at org.apache.ratis.thirdparty.io.netty.channel.nio.NioEventLoop.processSelectedKeys(NioEventLoop.java:496)
	at org.apache.ratis.thirdparty.io.netty.channel.nio.NioEventLoop.run(NioEventLoop.java:458)
	at org.apache.ratis.thirdparty.io.netty.util.concurrent.SingleThreadEventExecutor$5.run(SingleThreadEventExecutor.java:897)
	at org.apache.ratis.thirdparty.io.netty.util.concurrent.FastThreadLocalRunnable.run(FastThreadLocalRunnable.java:30)
	... 1 more
Caused by: java.net.ConnectException: Connection refused
	... 11 more
2019-10-22 00:09:01,585 [1be30185-a2c0-4461-afc0-2cb02fcff473@group-A8B097DE35CC-LeaderElection612] INFO  impl.RaftServerImpl (RaftServerImpl.java:setRole(184)) - 1be30185-a2c0-4461-afc0-2cb02fcff473@group-A8B097DE35CC: changes role from CANDIDATE to FOLLOWER at term 163 for DISCOVERED_A_NEW_TERM
2019-10-22 00:09:01,585 [1be30185-a2c0-4461-afc0-2cb02fcff473@group-A8B097DE35CC-LeaderElection612] INFO  impl.RoleInfo (RoleInfo.java:shutdownLeaderElection(134)) - 1be30185-a2c0-4461-afc0-2cb02fcff473: shutdown LeaderElection
2019-10-22 00:09:01,585 [1be30185-a2c0-4461-afc0-2cb02fcff473@group-A8B097DE35CC-LeaderElection612] INFO  impl.RoleInfo (RoleInfo.java:updateAndGet(143)) - 1be30185-a2c0-4461-afc0-2cb02fcff473: start FollowerState
2019-10-22 00:09:01,773 [Thread-5175] INFO  impl.FollowerState (FollowerState.java:run(108)) - 1be30185-a2c0-4461-afc0-2cb02fcff473@group-A8B097DE35CC-FollowerState: change to CANDIDATE, lastRpcTime:188ms, electionTimeout:188ms
2019-10-22 00:09:01,773 [Thread-5175] INFO  impl.RoleInfo (RoleInfo.java:shutdownFollowerState(121)) - 1be30185-a2c0-4461-afc0-2cb02fcff473: shutdown FollowerState
2019-10-22 00:09:01,774 [Thread-5175] INFO  impl.RaftServerImpl (RaftServerImpl.java:setRole(184)) - 1be30185-a2c0-4461-afc0-2cb02fcff473@group-A8B097DE35CC: changes role from  FOLLOWER to CANDIDATE at term 163 for changeToCandidate
2019-10-22 00:09:01,774 [Thread-5175] INFO  impl.RoleInfo (RoleInfo.java:updateAndGet(143)) - 1be30185-a2c0-4461-afc0-2cb02fcff473: start LeaderElection
2019-10-22 00:09:01,788 [1be30185-a2c0-4461-afc0-2cb02fcff473@group-A8B097DE35CC-LeaderElection613] INFO  impl.LeaderElection (LeaderElection.java:askForVotes(178)) - 1be30185-a2c0-4461-afc0-2cb02fcff473@group-A8B097DE35CC-LeaderElection613: begin an election at term 164 for -1: [e64b81a2-7e97-4a9c-9a90-0d1e8edce3a8:192.168.157.254:40074, d9951c0b-6d6e-4464-b06b-4ef93c20892c:192.168.157.254:43622, 1be30185-a2c0-4461-afc0-2cb02fcff473:192.168.157.254:38008], old=null
2019-10-22 00:09:01,789 [1be30185-a2c0-4461-afc0-2cb02fcff473@group-A8B097DE35CC-LeaderElection613] INFO  impl.LeaderElection (LogUtils.java:infoOrTrace(149)) - 1be30185-a2c0-4461-afc0-2cb02fcff473@group-A8B097DE35CC-LeaderElection613 got exception when requesting votes: {}
java.util.concurrent.ExecutionException: org.apache.ratis.thirdparty.io.grpc.StatusRuntimeException: UNAVAILABLE: io exception
	at java.util.concurrent.FutureTask.report(FutureTask.java:122)
	at java.util.concurrent.FutureTask.get(FutureTask.java:192)
	at org.apache.ratis.server.impl.LeaderElection.waitForResults(LeaderElection.java:259)
	at org.apache.ratis.server.impl.LeaderElection.askForVotes(LeaderElection.java:197)
	at org.apache.ratis.server.impl.LeaderElection.run(LeaderElection.java:133)
	at java.lang.Thread.run(Thread.java:748)
Caused by: org.apache.ratis.thirdparty.io.grpc.StatusRuntimeException: UNAVAILABLE: io exception
	at org.apache.ratis.thirdparty.io.grpc.stub.ClientCalls.toStatusRuntimeException(ClientCalls.java:233)
	at org.apache.ratis.thirdparty.io.grpc.stub.ClientCalls.getUnchecked(ClientCalls.java:214)
	at org.apache.ratis.thirdparty.io.grpc.stub.ClientCalls.blockingUnaryCall(ClientCalls.java:139)
	at org.apache.ratis.proto.grpc.RaftServerProtocolServiceGrpc$RaftServerProtocolServiceBlockingStub.requestVote(RaftServerProtocolServiceGrpc.java:265)
	at org.apache.ratis.grpc.server.GrpcServerProtocolClient.requestVote(GrpcServerProtocolClient.java:99)
	at org.apache.ratis.grpc.server.GrpcService.requestVote(GrpcService.java:204)
	at org.apache.ratis.server.impl.LeaderElection.lambda$submitRequests$1(LeaderElection.java:234)
	at java.util.concurrent.FutureTask.run(FutureTask.java:266)
	at java.util.concurrent.Executors$RunnableAdapter.call(Executors.java:511)
	at java.util.concurrent.FutureTask.run(FutureTask.java:266)
	at java.util.concurrent.ThreadPoolExecutor.runWorker(ThreadPoolExecutor.java:1149)
	at java.util.concurrent.ThreadPoolExecutor$Worker.run(ThreadPoolExecutor.java:624)
	... 1 more
Caused by: org.apache.ratis.thirdparty.io.netty.channel.AbstractChannel$AnnotatedConnectException: Connection refused: /192.168.157.254:43622
	at sun.nio.ch.SocketChannelImpl.checkConnect(Native Method)
	at sun.nio.ch.SocketChannelImpl.finishConnect(SocketChannelImpl.java:717)
	at org.apache.ratis.thirdparty.io.netty.channel.socket.nio.NioSocketChannel.doFinishConnect(NioSocketChannel.java:327)
	at org.apache.ratis.thirdparty.io.netty.channel.nio.AbstractNioChannel$AbstractNioUnsafe.finishConnect(AbstractNioChannel.java:340)
	at org.apache.ratis.thirdparty.io.netty.channel.nio.NioEventLoop.processSelectedKey(NioEventLoop.java:632)
	at org.apache.ratis.thirdparty.io.netty.channel.nio.NioEventLoop.processSelectedKeysOptimized(NioEventLoop.java:579)
	at org.apache.ratis.thirdparty.io.netty.channel.nio.NioEventLoop.processSelectedKeys(NioEventLoop.java:496)
	at org.apache.ratis.thirdparty.io.netty.channel.nio.NioEventLoop.run(NioEventLoop.java:458)
	at org.apache.ratis.thirdparty.io.netty.util.concurrent.SingleThreadEventExecutor$5.run(SingleThreadEventExecutor.java:897)
	at org.apache.ratis.thirdparty.io.netty.util.concurrent.FastThreadLocalRunnable.run(FastThreadLocalRunnable.java:30)
	... 1 more
Caused by: java.net.ConnectException: Connection refused
	... 11 more
2019-10-22 00:09:01,793 [grpc-default-executor-8] INFO  impl.RaftServerImpl (RaftServerImpl.java:setRole(184)) - e64b81a2-7e97-4a9c-9a90-0d1e8edce3a8@group-A8B097DE35CC: changes role from  FOLLOWER to FOLLOWER at term 164 for recognizeCandidate:1be30185-a2c0-4461-afc0-2cb02fcff473
2019-10-22 00:09:01,793 [grpc-default-executor-8] INFO  impl.RoleInfo (RoleInfo.java:shutdownFollowerState(121)) - e64b81a2-7e97-4a9c-9a90-0d1e8edce3a8: shutdown FollowerState
2019-10-22 00:09:01,793 [grpc-default-executor-8] INFO  impl.RoleInfo (RoleInfo.java:updateAndGet(143)) - e64b81a2-7e97-4a9c-9a90-0d1e8edce3a8: start FollowerState
2019-10-22 00:09:01,793 [Thread-5174] INFO  impl.FollowerState (FollowerState.java:run(117)) - e64b81a2-7e97-4a9c-9a90-0d1e8edce3a8@group-A8B097DE35CC-FollowerState was interrupted: java.lang.InterruptedException: sleep interrupted
2019-10-22 00:09:01,806 [1be30185-a2c0-4461-afc0-2cb02fcff473@group-A8B097DE35CC-LeaderElection613] INFO  impl.LeaderElection (LeaderElection.java:logAndReturn(56)) - 1be30185-a2c0-4461-afc0-2cb02fcff473@group-A8B097DE35CC-LeaderElection613: Election REJECTED; received 1 response(s) [1be30185-a2c0-4461-afc0-2cb02fcff473<-e64b81a2-7e97-4a9c-9a90-0d1e8edce3a8#0:FAIL-t164] and 1 exception(s); 1be30185-a2c0-4461-afc0-2cb02fcff473@group-A8B097DE35CC:t164, leader=null, voted=1be30185-a2c0-4461-afc0-2cb02fcff473, raftlog=1be30185-a2c0-4461-afc0-2cb02fcff473@group-A8B097DE35CC-SegmentedRaftLog:OPENED:c-1,f-1,i0, conf=-1: [e64b81a2-7e97-4a9c-9a90-0d1e8edce3a8:192.168.157.254:40074, d9951c0b-6d6e-4464-b06b-4ef93c20892c:192.168.157.254:43622, 1be30185-a2c0-4461-afc0-2cb02fcff473:192.168.157.254:38008], old=null
2019-10-22 00:09:01,806 [1be30185-a2c0-4461-afc0-2cb02fcff473@group-A8B097DE35CC-LeaderElection613] INFO  impl.LeaderElection (LogUtils.java:infoOrTrace(149)) -   Exception 0: {}
java.util.concurrent.ExecutionException: org.apache.ratis.thirdparty.io.grpc.StatusRuntimeException: UNAVAILABLE: io exception
	at java.util.concurrent.FutureTask.report(FutureTask.java:122)
	at java.util.concurrent.FutureTask.get(FutureTask.java:192)
	at org.apache.ratis.server.impl.LeaderElection.waitForResults(LeaderElection.java:259)
	at org.apache.ratis.server.impl.LeaderElection.askForVotes(LeaderElection.java:197)
	at org.apache.ratis.server.impl.LeaderElection.run(LeaderElection.java:133)
	at java.lang.Thread.run(Thread.java:748)
Caused by: org.apache.ratis.thirdparty.io.grpc.StatusRuntimeException: UNAVAILABLE: io exception
	at org.apache.ratis.thirdparty.io.grpc.stub.ClientCalls.toStatusRuntimeException(ClientCalls.java:233)
	at org.apache.ratis.thirdparty.io.grpc.stub.ClientCalls.getUnchecked(ClientCalls.java:214)
	at org.apache.ratis.thirdparty.io.grpc.stub.ClientCalls.blockingUnaryCall(ClientCalls.java:139)
	at org.apache.ratis.proto.grpc.RaftServerProtocolServiceGrpc$RaftServerProtocolServiceBlockingStub.requestVote(RaftServerProtocolServiceGrpc.java:265)
	at org.apache.ratis.grpc.server.GrpcServerProtocolClient.requestVote(GrpcServerProtocolClient.java:99)
	at org.apache.ratis.grpc.server.GrpcService.requestVote(GrpcService.java:204)
	at org.apache.ratis.server.impl.LeaderElection.lambda$submitRequests$1(LeaderElection.java:234)
	at java.util.concurrent.FutureTask.run(FutureTask.java:266)
	at java.util.concurrent.Executors$RunnableAdapter.call(Executors.java:511)
	at java.util.concurrent.FutureTask.run(FutureTask.java:266)
	at java.util.concurrent.ThreadPoolExecutor.runWorker(ThreadPoolExecutor.java:1149)
	at java.util.concurrent.ThreadPoolExecutor$Worker.run(ThreadPoolExecutor.java:624)
	... 1 more
Caused by: org.apache.ratis.thirdparty.io.netty.channel.AbstractChannel$AnnotatedConnectException: Connection refused: /192.168.157.254:43622
	at sun.nio.ch.SocketChannelImpl.checkConnect(Native Method)
	at sun.nio.ch.SocketChannelImpl.finishConnect(SocketChannelImpl.java:717)
	at org.apache.ratis.thirdparty.io.netty.channel.socket.nio.NioSocketChannel.doFinishConnect(NioSocketChannel.java:327)
	at org.apache.ratis.thirdparty.io.netty.channel.nio.AbstractNioChannel$AbstractNioUnsafe.finishConnect(AbstractNioChannel.java:340)
	at org.apache.ratis.thirdparty.io.netty.channel.nio.NioEventLoop.processSelectedKey(NioEventLoop.java:632)
	at org.apache.ratis.thirdparty.io.netty.channel.nio.NioEventLoop.processSelectedKeysOptimized(NioEventLoop.java:579)
	at org.apache.ratis.thirdparty.io.netty.channel.nio.NioEventLoop.processSelectedKeys(NioEventLoop.java:496)
	at org.apache.ratis.thirdparty.io.netty.channel.nio.NioEventLoop.run(NioEventLoop.java:458)
	at org.apache.ratis.thirdparty.io.netty.util.concurrent.SingleThreadEventExecutor$5.run(SingleThreadEventExecutor.java:897)
	at org.apache.ratis.thirdparty.io.netty.util.concurrent.FastThreadLocalRunnable.run(FastThreadLocalRunnable.java:30)
	... 1 more
Caused by: java.net.ConnectException: Connection refused
	... 11 more
2019-10-22 00:09:01,807 [1be30185-a2c0-4461-afc0-2cb02fcff473@group-A8B097DE35CC-LeaderElection613] INFO  impl.RaftServerImpl (RaftServerImpl.java:setRole(184)) - 1be30185-a2c0-4461-afc0-2cb02fcff473@group-A8B097DE35CC: changes role from CANDIDATE to FOLLOWER at term 164 for DISCOVERED_A_NEW_TERM
2019-10-22 00:09:01,807 [1be30185-a2c0-4461-afc0-2cb02fcff473@group-A8B097DE35CC-LeaderElection613] INFO  impl.RoleInfo (RoleInfo.java:shutdownLeaderElection(134)) - 1be30185-a2c0-4461-afc0-2cb02fcff473: shutdown LeaderElection
2019-10-22 00:09:01,807 [1be30185-a2c0-4461-afc0-2cb02fcff473@group-A8B097DE35CC-LeaderElection613] INFO  impl.RoleInfo (RoleInfo.java:updateAndGet(143)) - 1be30185-a2c0-4461-afc0-2cb02fcff473: start FollowerState
2019-10-22 00:09:01,901 [Thread-5181] INFO  impl.FollowerState (FollowerState.java:run(108)) - 1be30185-a2c0-4461-afc0-2cb02fcff473@group-A8B097DE35CC-FollowerState: change to CANDIDATE, lastRpcTime:94ms, electionTimeout:94ms
2019-10-22 00:09:01,901 [Thread-5181] INFO  impl.RoleInfo (RoleInfo.java:shutdownFollowerState(121)) - 1be30185-a2c0-4461-afc0-2cb02fcff473: shutdown FollowerState
2019-10-22 00:09:01,902 [Thread-5181] INFO  impl.RaftServerImpl (RaftServerImpl.java:setRole(184)) - 1be30185-a2c0-4461-afc0-2cb02fcff473@group-A8B097DE35CC: changes role from  FOLLOWER to CANDIDATE at term 164 for changeToCandidate
2019-10-22 00:09:01,902 [Thread-5181] INFO  impl.RoleInfo (RoleInfo.java:updateAndGet(143)) - 1be30185-a2c0-4461-afc0-2cb02fcff473: start LeaderElection
2019-10-22 00:09:01,918 [1be30185-a2c0-4461-afc0-2cb02fcff473@group-A8B097DE35CC-LeaderElection614] INFO  impl.LeaderElection (LeaderElection.java:askForVotes(178)) - 1be30185-a2c0-4461-afc0-2cb02fcff473@group-A8B097DE35CC-LeaderElection614: begin an election at term 165 for -1: [e64b81a2-7e97-4a9c-9a90-0d1e8edce3a8:192.168.157.254:40074, d9951c0b-6d6e-4464-b06b-4ef93c20892c:192.168.157.254:43622, 1be30185-a2c0-4461-afc0-2cb02fcff473:192.168.157.254:38008], old=null
2019-10-22 00:09:01,919 [1be30185-a2c0-4461-afc0-2cb02fcff473@group-A8B097DE35CC-LeaderElection614] INFO  impl.LeaderElection (LogUtils.java:infoOrTrace(149)) - 1be30185-a2c0-4461-afc0-2cb02fcff473@group-A8B097DE35CC-LeaderElection614 got exception when requesting votes: {}
java.util.concurrent.ExecutionException: org.apache.ratis.thirdparty.io.grpc.StatusRuntimeException: UNAVAILABLE: io exception
	at java.util.concurrent.FutureTask.report(FutureTask.java:122)
	at java.util.concurrent.FutureTask.get(FutureTask.java:192)
	at org.apache.ratis.server.impl.LeaderElection.waitForResults(LeaderElection.java:259)
	at org.apache.ratis.server.impl.LeaderElection.askForVotes(LeaderElection.java:197)
	at org.apache.ratis.server.impl.LeaderElection.run(LeaderElection.java:133)
	at java.lang.Thread.run(Thread.java:748)
Caused by: org.apache.ratis.thirdparty.io.grpc.StatusRuntimeException: UNAVAILABLE: io exception
	at org.apache.ratis.thirdparty.io.grpc.stub.ClientCalls.toStatusRuntimeException(ClientCalls.java:233)
	at org.apache.ratis.thirdparty.io.grpc.stub.ClientCalls.getUnchecked(ClientCalls.java:214)
	at org.apache.ratis.thirdparty.io.grpc.stub.ClientCalls.blockingUnaryCall(ClientCalls.java:139)
	at org.apache.ratis.proto.grpc.RaftServerProtocolServiceGrpc$RaftServerProtocolServiceBlockingStub.requestVote(RaftServerProtocolServiceGrpc.java:265)
	at org.apache.ratis.grpc.server.GrpcServerProtocolClient.requestVote(GrpcServerProtocolClient.java:99)
	at org.apache.ratis.grpc.server.GrpcService.requestVote(GrpcService.java:204)
	at org.apache.ratis.server.impl.LeaderElection.lambda$submitRequests$1(LeaderElection.java:234)
	at java.util.concurrent.FutureTask.run(FutureTask.java:266)
	at java.util.concurrent.Executors$RunnableAdapter.call(Executors.java:511)
	at java.util.concurrent.FutureTask.run(FutureTask.java:266)
	at java.util.concurrent.ThreadPoolExecutor.runWorker(ThreadPoolExecutor.java:1149)
	at java.util.concurrent.ThreadPoolExecutor$Worker.run(ThreadPoolExecutor.java:624)
	... 1 more
Caused by: org.apache.ratis.thirdparty.io.netty.channel.AbstractChannel$AnnotatedConnectException: Connection refused: /192.168.157.254:43622
	at sun.nio.ch.SocketChannelImpl.checkConnect(Native Method)
	at sun.nio.ch.SocketChannelImpl.finishConnect(SocketChannelImpl.java:717)
	at org.apache.ratis.thirdparty.io.netty.channel.socket.nio.NioSocketChannel.doFinishConnect(NioSocketChannel.java:327)
	at org.apache.ratis.thirdparty.io.netty.channel.nio.AbstractNioChannel$AbstractNioUnsafe.finishConnect(AbstractNioChannel.java:340)
	at org.apache.ratis.thirdparty.io.netty.channel.nio.NioEventLoop.processSelectedKey(NioEventLoop.java:632)
	at org.apache.ratis.thirdparty.io.netty.channel.nio.NioEventLoop.processSelectedKeysOptimized(NioEventLoop.java:579)
	at org.apache.ratis.thirdparty.io.netty.channel.nio.NioEventLoop.processSelectedKeys(NioEventLoop.java:496)
	at org.apache.ratis.thirdparty.io.netty.channel.nio.NioEventLoop.run(NioEventLoop.java:458)
	at org.apache.ratis.thirdparty.io.netty.util.concurrent.SingleThreadEventExecutor$5.run(SingleThreadEventExecutor.java:897)
	at org.apache.ratis.thirdparty.io.netty.util.concurrent.FastThreadLocalRunnable.run(FastThreadLocalRunnable.java:30)
	... 1 more
Caused by: java.net.ConnectException: Connection refused
	... 11 more
2019-10-22 00:09:01,924 [grpc-default-executor-5] INFO  impl.RaftServerImpl (RaftServerImpl.java:setRole(184)) - e64b81a2-7e97-4a9c-9a90-0d1e8edce3a8@group-A8B097DE35CC: changes role from  FOLLOWER to FOLLOWER at term 165 for recognizeCandidate:1be30185-a2c0-4461-afc0-2cb02fcff473
2019-10-22 00:09:01,924 [grpc-default-executor-5] INFO  impl.RoleInfo (RoleInfo.java:shutdownFollowerState(121)) - e64b81a2-7e97-4a9c-9a90-0d1e8edce3a8: shutdown FollowerState
2019-10-22 00:09:01,925 [grpc-default-executor-5] INFO  impl.RoleInfo (RoleInfo.java:updateAndGet(143)) - e64b81a2-7e97-4a9c-9a90-0d1e8edce3a8: start FollowerState
2019-10-22 00:09:01,925 [Thread-5180] INFO  impl.FollowerState (FollowerState.java:run(117)) - e64b81a2-7e97-4a9c-9a90-0d1e8edce3a8@group-A8B097DE35CC-FollowerState was interrupted: java.lang.InterruptedException: sleep interrupted
2019-10-22 00:09:01,939 [1be30185-a2c0-4461-afc0-2cb02fcff473@group-A8B097DE35CC-LeaderElection614] INFO  impl.LeaderElection (LeaderElection.java:logAndReturn(56)) - 1be30185-a2c0-4461-afc0-2cb02fcff473@group-A8B097DE35CC-LeaderElection614: Election REJECTED; received 1 response(s) [1be30185-a2c0-4461-afc0-2cb02fcff473<-e64b81a2-7e97-4a9c-9a90-0d1e8edce3a8#0:FAIL-t165] and 1 exception(s); 1be30185-a2c0-4461-afc0-2cb02fcff473@group-A8B097DE35CC:t165, leader=null, voted=1be30185-a2c0-4461-afc0-2cb02fcff473, raftlog=1be30185-a2c0-4461-afc0-2cb02fcff473@group-A8B097DE35CC-SegmentedRaftLog:OPENED:c-1,f-1,i0, conf=-1: [e64b81a2-7e97-4a9c-9a90-0d1e8edce3a8:192.168.157.254:40074, d9951c0b-6d6e-4464-b06b-4ef93c20892c:192.168.157.254:43622, 1be30185-a2c0-4461-afc0-2cb02fcff473:192.168.157.254:38008], old=null
2019-10-22 00:09:01,939 [1be30185-a2c0-4461-afc0-2cb02fcff473@group-A8B097DE35CC-LeaderElection614] INFO  impl.LeaderElection (LogUtils.java:infoOrTrace(149)) -   Exception 0: {}
java.util.concurrent.ExecutionException: org.apache.ratis.thirdparty.io.grpc.StatusRuntimeException: UNAVAILABLE: io exception
	at java.util.concurrent.FutureTask.report(FutureTask.java:122)
	at java.util.concurrent.FutureTask.get(FutureTask.java:192)
	at org.apache.ratis.server.impl.LeaderElection.waitForResults(LeaderElection.java:259)
	at org.apache.ratis.server.impl.LeaderElection.askForVotes(LeaderElection.java:197)
	at org.apache.ratis.server.impl.LeaderElection.run(LeaderElection.java:133)
	at java.lang.Thread.run(Thread.java:748)
Caused by: org.apache.ratis.thirdparty.io.grpc.StatusRuntimeException: UNAVAILABLE: io exception
	at org.apache.ratis.thirdparty.io.grpc.stub.ClientCalls.toStatusRuntimeException(ClientCalls.java:233)
	at org.apache.ratis.thirdparty.io.grpc.stub.ClientCalls.getUnchecked(ClientCalls.java:214)
	at org.apache.ratis.thirdparty.io.grpc.stub.ClientCalls.blockingUnaryCall(ClientCalls.java:139)
	at org.apache.ratis.proto.grpc.RaftServerProtocolServiceGrpc$RaftServerProtocolServiceBlockingStub.requestVote(RaftServerProtocolServiceGrpc.java:265)
	at org.apache.ratis.grpc.server.GrpcServerProtocolClient.requestVote(GrpcServerProtocolClient.java:99)
	at org.apache.ratis.grpc.server.GrpcService.requestVote(GrpcService.java:204)
	at org.apache.ratis.server.impl.LeaderElection.lambda$submitRequests$1(LeaderElection.java:234)
	at java.util.concurrent.FutureTask.run(FutureTask.java:266)
	at java.util.concurrent.Executors$RunnableAdapter.call(Executors.java:511)
	at java.util.concurrent.FutureTask.run(FutureTask.java:266)
	at java.util.concurrent.ThreadPoolExecutor.runWorker(ThreadPoolExecutor.java:1149)
	at java.util.concurrent.ThreadPoolExecutor$Worker.run(ThreadPoolExecutor.java:624)
	... 1 more
Caused by: org.apache.ratis.thirdparty.io.netty.channel.AbstractChannel$AnnotatedConnectException: Connection refused: /192.168.157.254:43622
	at sun.nio.ch.SocketChannelImpl.checkConnect(Native Method)
	at sun.nio.ch.SocketChannelImpl.finishConnect(SocketChannelImpl.java:717)
	at org.apache.ratis.thirdparty.io.netty.channel.socket.nio.NioSocketChannel.doFinishConnect(NioSocketChannel.java:327)
	at org.apache.ratis.thirdparty.io.netty.channel.nio.AbstractNioChannel$AbstractNioUnsafe.finishConnect(AbstractNioChannel.java:340)
	at org.apache.ratis.thirdparty.io.netty.channel.nio.NioEventLoop.processSelectedKey(NioEventLoop.java:632)
	at org.apache.ratis.thirdparty.io.netty.channel.nio.NioEventLoop.processSelectedKeysOptimized(NioEventLoop.java:579)
	at org.apache.ratis.thirdparty.io.netty.channel.nio.NioEventLoop.processSelectedKeys(NioEventLoop.java:496)
	at org.apache.ratis.thirdparty.io.netty.channel.nio.NioEventLoop.run(NioEventLoop.java:458)
	at org.apache.ratis.thirdparty.io.netty.util.concurrent.SingleThreadEventExecutor$5.run(SingleThreadEventExecutor.java:897)
	at org.apache.ratis.thirdparty.io.netty.util.concurrent.FastThreadLocalRunnable.run(FastThreadLocalRunnable.java:30)
	... 1 more
Caused by: java.net.ConnectException: Connection refused
	... 11 more
2019-10-22 00:09:01,940 [1be30185-a2c0-4461-afc0-2cb02fcff473@group-A8B097DE35CC-LeaderElection614] INFO  impl.RaftServerImpl (RaftServerImpl.java:setRole(184)) - 1be30185-a2c0-4461-afc0-2cb02fcff473@group-A8B097DE35CC: changes role from CANDIDATE to FOLLOWER at term 165 for DISCOVERED_A_NEW_TERM
2019-10-22 00:09:01,940 [1be30185-a2c0-4461-afc0-2cb02fcff473@group-A8B097DE35CC-LeaderElection614] INFO  impl.RoleInfo (RoleInfo.java:shutdownLeaderElection(134)) - 1be30185-a2c0-4461-afc0-2cb02fcff473: shutdown LeaderElection
2019-10-22 00:09:01,940 [1be30185-a2c0-4461-afc0-2cb02fcff473@group-A8B097DE35CC-LeaderElection614] INFO  impl.RoleInfo (RoleInfo.java:updateAndGet(143)) - 1be30185-a2c0-4461-afc0-2cb02fcff473: start FollowerState
2019-10-22 00:09:02,131 [Thread-5188] INFO  impl.FollowerState (FollowerState.java:run(108)) - 1be30185-a2c0-4461-afc0-2cb02fcff473@group-A8B097DE35CC-FollowerState: change to CANDIDATE, lastRpcTime:191ms, electionTimeout:191ms
2019-10-22 00:09:02,132 [Thread-5188] INFO  impl.RoleInfo (RoleInfo.java:shutdownFollowerState(121)) - 1be30185-a2c0-4461-afc0-2cb02fcff473: shutdown FollowerState
2019-10-22 00:09:02,132 [Thread-5188] INFO  impl.RaftServerImpl (RaftServerImpl.java:setRole(184)) - 1be30185-a2c0-4461-afc0-2cb02fcff473@group-A8B097DE35CC: changes role from  FOLLOWER to CANDIDATE at term 165 for changeToCandidate
2019-10-22 00:09:02,132 [Thread-5188] INFO  impl.RoleInfo (RoleInfo.java:updateAndGet(143)) - 1be30185-a2c0-4461-afc0-2cb02fcff473: start LeaderElection
2019-10-22 00:09:02,135 [1be30185-a2c0-4461-afc0-2cb02fcff473@group-A8B097DE35CC-LeaderElection615] INFO  impl.LeaderElection (LeaderElection.java:askForVotes(178)) - 1be30185-a2c0-4461-afc0-2cb02fcff473@group-A8B097DE35CC-LeaderElection615: begin an election at term 166 for -1: [e64b81a2-7e97-4a9c-9a90-0d1e8edce3a8:192.168.157.254:40074, d9951c0b-6d6e-4464-b06b-4ef93c20892c:192.168.157.254:43622, 1be30185-a2c0-4461-afc0-2cb02fcff473:192.168.157.254:38008], old=null
2019-10-22 00:09:02,136 [1be30185-a2c0-4461-afc0-2cb02fcff473@group-A8B097DE35CC-LeaderElection615] INFO  impl.LeaderElection (LogUtils.java:infoOrTrace(149)) - 1be30185-a2c0-4461-afc0-2cb02fcff473@group-A8B097DE35CC-LeaderElection615 got exception when requesting votes: {}
java.util.concurrent.ExecutionException: org.apache.ratis.thirdparty.io.grpc.StatusRuntimeException: UNAVAILABLE: io exception
	at java.util.concurrent.FutureTask.report(FutureTask.java:122)
	at java.util.concurrent.FutureTask.get(FutureTask.java:192)
	at org.apache.ratis.server.impl.LeaderElection.waitForResults(LeaderElection.java:259)
	at org.apache.ratis.server.impl.LeaderElection.askForVotes(LeaderElection.java:197)
	at org.apache.ratis.server.impl.LeaderElection.run(LeaderElection.java:133)
	at java.lang.Thread.run(Thread.java:748)
Caused by: org.apache.ratis.thirdparty.io.grpc.StatusRuntimeException: UNAVAILABLE: io exception
	at org.apache.ratis.thirdparty.io.grpc.stub.ClientCalls.toStatusRuntimeException(ClientCalls.java:233)
	at org.apache.ratis.thirdparty.io.grpc.stub.ClientCalls.getUnchecked(ClientCalls.java:214)
	at org.apache.ratis.thirdparty.io.grpc.stub.ClientCalls.blockingUnaryCall(ClientCalls.java:139)
	at org.apache.ratis.proto.grpc.RaftServerProtocolServiceGrpc$RaftServerProtocolServiceBlockingStub.requestVote(RaftServerProtocolServiceGrpc.java:265)
	at org.apache.ratis.grpc.server.GrpcServerProtocolClient.requestVote(GrpcServerProtocolClient.java:99)
	at org.apache.ratis.grpc.server.GrpcService.requestVote(GrpcService.java:204)
	at org.apache.ratis.server.impl.LeaderElection.lambda$submitRequests$1(LeaderElection.java:234)
	at java.util.concurrent.FutureTask.run(FutureTask.java:266)
	at java.util.concurrent.Executors$RunnableAdapter.call(Executors.java:511)
	at java.util.concurrent.FutureTask.run(FutureTask.java:266)
	at java.util.concurrent.ThreadPoolExecutor.runWorker(ThreadPoolExecutor.java:1149)
	at java.util.concurrent.ThreadPoolExecutor$Worker.run(ThreadPoolExecutor.java:624)
	... 1 more
Caused by: org.apache.ratis.thirdparty.io.netty.channel.AbstractChannel$AnnotatedConnectException: Connection refused: /192.168.157.254:43622
	at sun.nio.ch.SocketChannelImpl.checkConnect(Native Method)
	at sun.nio.ch.SocketChannelImpl.finishConnect(SocketChannelImpl.java:717)
	at org.apache.ratis.thirdparty.io.netty.channel.socket.nio.NioSocketChannel.doFinishConnect(NioSocketChannel.java:327)
	at org.apache.ratis.thirdparty.io.netty.channel.nio.AbstractNioChannel$AbstractNioUnsafe.finishConnect(AbstractNioChannel.java:340)
	at org.apache.ratis.thirdparty.io.netty.channel.nio.NioEventLoop.processSelectedKey(NioEventLoop.java:632)
	at org.apache.ratis.thirdparty.io.netty.channel.nio.NioEventLoop.processSelectedKeysOptimized(NioEventLoop.java:579)
	at org.apache.ratis.thirdparty.io.netty.channel.nio.NioEventLoop.processSelectedKeys(NioEventLoop.java:496)
	at org.apache.ratis.thirdparty.io.netty.channel.nio.NioEventLoop.run(NioEventLoop.java:458)
	at org.apache.ratis.thirdparty.io.netty.util.concurrent.SingleThreadEventExecutor$5.run(SingleThreadEventExecutor.java:897)
	at org.apache.ratis.thirdparty.io.netty.util.concurrent.FastThreadLocalRunnable.run(FastThreadLocalRunnable.java:30)
	... 1 more
Caused by: java.net.ConnectException: Connection refused
	... 11 more
2019-10-22 00:09:02,139 [grpc-default-executor-5] INFO  impl.RaftServerImpl (RaftServerImpl.java:setRole(184)) - e64b81a2-7e97-4a9c-9a90-0d1e8edce3a8@group-A8B097DE35CC: changes role from  FOLLOWER to FOLLOWER at term 166 for recognizeCandidate:1be30185-a2c0-4461-afc0-2cb02fcff473
2019-10-22 00:09:02,139 [grpc-default-executor-5] INFO  impl.RoleInfo (RoleInfo.java:shutdownFollowerState(121)) - e64b81a2-7e97-4a9c-9a90-0d1e8edce3a8: shutdown FollowerState
2019-10-22 00:09:02,140 [grpc-default-executor-5] INFO  impl.RoleInfo (RoleInfo.java:updateAndGet(143)) - e64b81a2-7e97-4a9c-9a90-0d1e8edce3a8: start FollowerState
2019-10-22 00:09:02,140 [Thread-5187] INFO  impl.FollowerState (FollowerState.java:run(117)) - e64b81a2-7e97-4a9c-9a90-0d1e8edce3a8@group-A8B097DE35CC-FollowerState was interrupted: java.lang.InterruptedException: sleep interrupted
2019-10-22 00:09:02,150 [1be30185-a2c0-4461-afc0-2cb02fcff473@group-A8B097DE35CC-LeaderElection615] INFO  impl.LeaderElection (LeaderElection.java:logAndReturn(56)) - 1be30185-a2c0-4461-afc0-2cb02fcff473@group-A8B097DE35CC-LeaderElection615: Election REJECTED; received 1 response(s) [1be30185-a2c0-4461-afc0-2cb02fcff473<-e64b81a2-7e97-4a9c-9a90-0d1e8edce3a8#0:FAIL-t166] and 1 exception(s); 1be30185-a2c0-4461-afc0-2cb02fcff473@group-A8B097DE35CC:t166, leader=null, voted=1be30185-a2c0-4461-afc0-2cb02fcff473, raftlog=1be30185-a2c0-4461-afc0-2cb02fcff473@group-A8B097DE35CC-SegmentedRaftLog:OPENED:c-1,f-1,i0, conf=-1: [e64b81a2-7e97-4a9c-9a90-0d1e8edce3a8:192.168.157.254:40074, d9951c0b-6d6e-4464-b06b-4ef93c20892c:192.168.157.254:43622, 1be30185-a2c0-4461-afc0-2cb02fcff473:192.168.157.254:38008], old=null
2019-10-22 00:09:02,150 [1be30185-a2c0-4461-afc0-2cb02fcff473@group-A8B097DE35CC-LeaderElection615] INFO  impl.LeaderElection (LogUtils.java:infoOrTrace(149)) -   Exception 0: {}
java.util.concurrent.ExecutionException: org.apache.ratis.thirdparty.io.grpc.StatusRuntimeException: UNAVAILABLE: io exception
	at java.util.concurrent.FutureTask.report(FutureTask.java:122)
	at java.util.concurrent.FutureTask.get(FutureTask.java:192)
	at org.apache.ratis.server.impl.LeaderElection.waitForResults(LeaderElection.java:259)
	at org.apache.ratis.server.impl.LeaderElection.askForVotes(LeaderElection.java:197)
	at org.apache.ratis.server.impl.LeaderElection.run(LeaderElection.java:133)
	at java.lang.Thread.run(Thread.java:748)
Caused by: org.apache.ratis.thirdparty.io.grpc.StatusRuntimeException: UNAVAILABLE: io exception
	at org.apache.ratis.thirdparty.io.grpc.stub.ClientCalls.toStatusRuntimeException(ClientCalls.java:233)
	at org.apache.ratis.thirdparty.io.grpc.stub.ClientCalls.getUnchecked(ClientCalls.java:214)
	at org.apache.ratis.thirdparty.io.grpc.stub.ClientCalls.blockingUnaryCall(ClientCalls.java:139)
	at org.apache.ratis.proto.grpc.RaftServerProtocolServiceGrpc$RaftServerProtocolServiceBlockingStub.requestVote(RaftServerProtocolServiceGrpc.java:265)
	at org.apache.ratis.grpc.server.GrpcServerProtocolClient.requestVote(GrpcServerProtocolClient.java:99)
	at org.apache.ratis.grpc.server.GrpcService.requestVote(GrpcService.java:204)
	at org.apache.ratis.server.impl.LeaderElection.lambda$submitRequests$1(LeaderElection.java:234)
	at java.util.concurrent.FutureTask.run(FutureTask.java:266)
	at java.util.concurrent.Executors$RunnableAdapter.call(Executors.java:511)
	at java.util.concurrent.FutureTask.run(FutureTask.java:266)
	at java.util.concurrent.ThreadPoolExecutor.runWorker(ThreadPoolExecutor.java:1149)
	at java.util.concurrent.ThreadPoolExecutor$Worker.run(ThreadPoolExecutor.java:624)
	... 1 more
Caused by: org.apache.ratis.thirdparty.io.netty.channel.AbstractChannel$AnnotatedConnectException: Connection refused: /192.168.157.254:43622
	at sun.nio.ch.SocketChannelImpl.checkConnect(Native Method)
	at sun.nio.ch.SocketChannelImpl.finishConnect(SocketChannelImpl.java:717)
	at org.apache.ratis.thirdparty.io.netty.channel.socket.nio.NioSocketChannel.doFinishConnect(NioSocketChannel.java:327)
	at org.apache.ratis.thirdparty.io.netty.channel.nio.AbstractNioChannel$AbstractNioUnsafe.finishConnect(AbstractNioChannel.java:340)
	at org.apache.ratis.thirdparty.io.netty.channel.nio.NioEventLoop.processSelectedKey(NioEventLoop.java:632)
	at org.apache.ratis.thirdparty.io.netty.channel.nio.NioEventLoop.processSelectedKeysOptimized(NioEventLoop.java:579)
	at org.apache.ratis.thirdparty.io.netty.channel.nio.NioEventLoop.processSelectedKeys(NioEventLoop.java:496)
	at org.apache.ratis.thirdparty.io.netty.channel.nio.NioEventLoop.run(NioEventLoop.java:458)
	at org.apache.ratis.thirdparty.io.netty.util.concurrent.SingleThreadEventExecutor$5.run(SingleThreadEventExecutor.java:897)
	at org.apache.ratis.thirdparty.io.netty.util.concurrent.FastThreadLocalRunnable.run(FastThreadLocalRunnable.java:30)
	... 1 more
Caused by: java.net.ConnectException: Connection refused
	... 11 more
2019-10-22 00:09:02,150 [1be30185-a2c0-4461-afc0-2cb02fcff473@group-A8B097DE35CC-LeaderElection615] INFO  impl.RaftServerImpl (RaftServerImpl.java:setRole(184)) - 1be30185-a2c0-4461-afc0-2cb02fcff473@group-A8B097DE35CC: changes role from CANDIDATE to FOLLOWER at term 166 for DISCOVERED_A_NEW_TERM
2019-10-22 00:09:02,150 [1be30185-a2c0-4461-afc0-2cb02fcff473@group-A8B097DE35CC-LeaderElection615] INFO  impl.RoleInfo (RoleInfo.java:shutdownLeaderElection(134)) - 1be30185-a2c0-4461-afc0-2cb02fcff473: shutdown LeaderElection
2019-10-22 00:09:02,150 [1be30185-a2c0-4461-afc0-2cb02fcff473@group-A8B097DE35CC-LeaderElection615] INFO  impl.RoleInfo (RoleInfo.java:updateAndGet(143)) - 1be30185-a2c0-4461-afc0-2cb02fcff473: start FollowerState
2019-10-22 00:09:02,282 [Thread-5193] INFO  impl.FollowerState (FollowerState.java:run(108)) - 1be30185-a2c0-4461-afc0-2cb02fcff473@group-A8B097DE35CC-FollowerState: change to CANDIDATE, lastRpcTime:131ms, electionTimeout:131ms
2019-10-22 00:09:02,282 [Thread-5193] INFO  impl.RoleInfo (RoleInfo.java:shutdownFollowerState(121)) - 1be30185-a2c0-4461-afc0-2cb02fcff473: shutdown FollowerState
2019-10-22 00:09:02,282 [Thread-5193] INFO  impl.RaftServerImpl (RaftServerImpl.java:setRole(184)) - 1be30185-a2c0-4461-afc0-2cb02fcff473@group-A8B097DE35CC: changes role from  FOLLOWER to CANDIDATE at term 166 for changeToCandidate
2019-10-22 00:09:02,282 [Thread-5193] INFO  impl.RoleInfo (RoleInfo.java:updateAndGet(143)) - 1be30185-a2c0-4461-afc0-2cb02fcff473: start LeaderElection
2019-10-22 00:09:02,296 [1be30185-a2c0-4461-afc0-2cb02fcff473@group-A8B097DE35CC-LeaderElection616] INFO  impl.LeaderElection (LeaderElection.java:askForVotes(178)) - 1be30185-a2c0-4461-afc0-2cb02fcff473@group-A8B097DE35CC-LeaderElection616: begin an election at term 167 for -1: [e64b81a2-7e97-4a9c-9a90-0d1e8edce3a8:192.168.157.254:40074, d9951c0b-6d6e-4464-b06b-4ef93c20892c:192.168.157.254:43622, 1be30185-a2c0-4461-afc0-2cb02fcff473:192.168.157.254:38008], old=null
2019-10-22 00:09:02,297 [1be30185-a2c0-4461-afc0-2cb02fcff473@group-A8B097DE35CC-LeaderElection616] INFO  impl.LeaderElection (LogUtils.java:infoOrTrace(149)) - 1be30185-a2c0-4461-afc0-2cb02fcff473@group-A8B097DE35CC-LeaderElection616 got exception when requesting votes: {}
java.util.concurrent.ExecutionException: org.apache.ratis.thirdparty.io.grpc.StatusRuntimeException: UNAVAILABLE: io exception
	at java.util.concurrent.FutureTask.report(FutureTask.java:122)
	at java.util.concurrent.FutureTask.get(FutureTask.java:192)
	at org.apache.ratis.server.impl.LeaderElection.waitForResults(LeaderElection.java:259)
	at org.apache.ratis.server.impl.LeaderElection.askForVotes(LeaderElection.java:197)
	at org.apache.ratis.server.impl.LeaderElection.run(LeaderElection.java:133)
	at java.lang.Thread.run(Thread.java:748)
Caused by: org.apache.ratis.thirdparty.io.grpc.StatusRuntimeException: UNAVAILABLE: io exception
	at org.apache.ratis.thirdparty.io.grpc.stub.ClientCalls.toStatusRuntimeException(ClientCalls.java:233)
	at org.apache.ratis.thirdparty.io.grpc.stub.ClientCalls.getUnchecked(ClientCalls.java:214)
	at org.apache.ratis.thirdparty.io.grpc.stub.ClientCalls.blockingUnaryCall(ClientCalls.java:139)
	at org.apache.ratis.proto.grpc.RaftServerProtocolServiceGrpc$RaftServerProtocolServiceBlockingStub.requestVote(RaftServerProtocolServiceGrpc.java:265)
	at org.apache.ratis.grpc.server.GrpcServerProtocolClient.requestVote(GrpcServerProtocolClient.java:99)
	at org.apache.ratis.grpc.server.GrpcService.requestVote(GrpcService.java:204)
	at org.apache.ratis.server.impl.LeaderElection.lambda$submitRequests$1(LeaderElection.java:234)
	at java.util.concurrent.FutureTask.run(FutureTask.java:266)
	at java.util.concurrent.Executors$RunnableAdapter.call(Executors.java:511)
	at java.util.concurrent.FutureTask.run(FutureTask.java:266)
	at java.util.concurrent.ThreadPoolExecutor.runWorker(ThreadPoolExecutor.java:1149)
	at java.util.concurrent.ThreadPoolExecutor$Worker.run(ThreadPoolExecutor.java:624)
	... 1 more
Caused by: org.apache.ratis.thirdparty.io.netty.channel.AbstractChannel$AnnotatedConnectException: Connection refused: /192.168.157.254:43622
	at sun.nio.ch.SocketChannelImpl.checkConnect(Native Method)
	at sun.nio.ch.SocketChannelImpl.finishConnect(SocketChannelImpl.java:717)
	at org.apache.ratis.thirdparty.io.netty.channel.socket.nio.NioSocketChannel.doFinishConnect(NioSocketChannel.java:327)
	at org.apache.ratis.thirdparty.io.netty.channel.nio.AbstractNioChannel$AbstractNioUnsafe.finishConnect(AbstractNioChannel.java:340)
	at org.apache.ratis.thirdparty.io.netty.channel.nio.NioEventLoop.processSelectedKey(NioEventLoop.java:632)
	at org.apache.ratis.thirdparty.io.netty.channel.nio.NioEventLoop.processSelectedKeysOptimized(NioEventLoop.java:579)
	at org.apache.ratis.thirdparty.io.netty.channel.nio.NioEventLoop.processSelectedKeys(NioEventLoop.java:496)
	at org.apache.ratis.thirdparty.io.netty.channel.nio.NioEventLoop.run(NioEventLoop.java:458)
	at org.apache.ratis.thirdparty.io.netty.util.concurrent.SingleThreadEventExecutor$5.run(SingleThreadEventExecutor.java:897)
	at org.apache.ratis.thirdparty.io.netty.util.concurrent.FastThreadLocalRunnable.run(FastThreadLocalRunnable.java:30)
	... 1 more
Caused by: java.net.ConnectException: Connection refused
	... 11 more
2019-10-22 00:09:02,301 [grpc-default-executor-5] INFO  impl.RaftServerImpl (RaftServerImpl.java:setRole(184)) - e64b81a2-7e97-4a9c-9a90-0d1e8edce3a8@group-A8B097DE35CC: changes role from  FOLLOWER to FOLLOWER at term 167 for recognizeCandidate:1be30185-a2c0-4461-afc0-2cb02fcff473
2019-10-22 00:09:02,301 [grpc-default-executor-5] INFO  impl.RoleInfo (RoleInfo.java:shutdownFollowerState(121)) - e64b81a2-7e97-4a9c-9a90-0d1e8edce3a8: shutdown FollowerState
2019-10-22 00:09:02,301 [grpc-default-executor-5] INFO  impl.RoleInfo (RoleInfo.java:updateAndGet(143)) - e64b81a2-7e97-4a9c-9a90-0d1e8edce3a8: start FollowerState
2019-10-22 00:09:02,301 [Thread-5192] INFO  impl.FollowerState (FollowerState.java:run(117)) - e64b81a2-7e97-4a9c-9a90-0d1e8edce3a8@group-A8B097DE35CC-FollowerState was interrupted: java.lang.InterruptedException: sleep interrupted
2019-10-22 00:09:02,315 [1be30185-a2c0-4461-afc0-2cb02fcff473@group-A8B097DE35CC-LeaderElection616] INFO  impl.LeaderElection (LeaderElection.java:logAndReturn(56)) - 1be30185-a2c0-4461-afc0-2cb02fcff473@group-A8B097DE35CC-LeaderElection616: Election REJECTED; received 1 response(s) [1be30185-a2c0-4461-afc0-2cb02fcff473<-e64b81a2-7e97-4a9c-9a90-0d1e8edce3a8#0:FAIL-t167] and 1 exception(s); 1be30185-a2c0-4461-afc0-2cb02fcff473@group-A8B097DE35CC:t167, leader=null, voted=1be30185-a2c0-4461-afc0-2cb02fcff473, raftlog=1be30185-a2c0-4461-afc0-2cb02fcff473@group-A8B097DE35CC-SegmentedRaftLog:OPENED:c-1,f-1,i0, conf=-1: [e64b81a2-7e97-4a9c-9a90-0d1e8edce3a8:192.168.157.254:40074, d9951c0b-6d6e-4464-b06b-4ef93c20892c:192.168.157.254:43622, 1be30185-a2c0-4461-afc0-2cb02fcff473:192.168.157.254:38008], old=null
2019-10-22 00:09:02,315 [1be30185-a2c0-4461-afc0-2cb02fcff473@group-A8B097DE35CC-LeaderElection616] INFO  impl.LeaderElection (LogUtils.java:infoOrTrace(149)) -   Exception 0: {}
java.util.concurrent.ExecutionException: org.apache.ratis.thirdparty.io.grpc.StatusRuntimeException: UNAVAILABLE: io exception
	at java.util.concurrent.FutureTask.report(FutureTask.java:122)
	at java.util.concurrent.FutureTask.get(FutureTask.java:192)
	at org.apache.ratis.server.impl.LeaderElection.waitForResults(LeaderElection.java:259)
	at org.apache.ratis.server.impl.LeaderElection.askForVotes(LeaderElection.java:197)
	at org.apache.ratis.server.impl.LeaderElection.run(LeaderElection.java:133)
	at java.lang.Thread.run(Thread.java:748)
Caused by: org.apache.ratis.thirdparty.io.grpc.StatusRuntimeException: UNAVAILABLE: io exception
	at org.apache.ratis.thirdparty.io.grpc.stub.ClientCalls.toStatusRuntimeException(ClientCalls.java:233)
	at org.apache.ratis.thirdparty.io.grpc.stub.ClientCalls.getUnchecked(ClientCalls.java:214)
	at org.apache.ratis.thirdparty.io.grpc.stub.ClientCalls.blockingUnaryCall(ClientCalls.java:139)
	at org.apache.ratis.proto.grpc.RaftServerProtocolServiceGrpc$RaftServerProtocolServiceBlockingStub.requestVote(RaftServerProtocolServiceGrpc.java:265)
	at org.apache.ratis.grpc.server.GrpcServerProtocolClient.requestVote(GrpcServerProtocolClient.java:99)
	at org.apache.ratis.grpc.server.GrpcService.requestVote(GrpcService.java:204)
	at org.apache.ratis.server.impl.LeaderElection.lambda$submitRequests$1(LeaderElection.java:234)
	at java.util.concurrent.FutureTask.run(FutureTask.java:266)
	at java.util.concurrent.Executors$RunnableAdapter.call(Executors.java:511)
	at java.util.concurrent.FutureTask.run(FutureTask.java:266)
	at java.util.concurrent.ThreadPoolExecutor.runWorker(ThreadPoolExecutor.java:1149)
	at java.util.concurrent.ThreadPoolExecutor$Worker.run(ThreadPoolExecutor.java:624)
	... 1 more
Caused by: org.apache.ratis.thirdparty.io.netty.channel.AbstractChannel$AnnotatedConnectException: Connection refused: /192.168.157.254:43622
	at sun.nio.ch.SocketChannelImpl.checkConnect(Native Method)
	at sun.nio.ch.SocketChannelImpl.finishConnect(SocketChannelImpl.java:717)
	at org.apache.ratis.thirdparty.io.netty.channel.socket.nio.NioSocketChannel.doFinishConnect(NioSocketChannel.java:327)
	at org.apache.ratis.thirdparty.io.netty.channel.nio.AbstractNioChannel$AbstractNioUnsafe.finishConnect(AbstractNioChannel.java:340)
	at org.apache.ratis.thirdparty.io.netty.channel.nio.NioEventLoop.processSelectedKey(NioEventLoop.java:632)
	at org.apache.ratis.thirdparty.io.netty.channel.nio.NioEventLoop.processSelectedKeysOptimized(NioEventLoop.java:579)
	at org.apache.ratis.thirdparty.io.netty.channel.nio.NioEventLoop.processSelectedKeys(NioEventLoop.java:496)
	at org.apache.ratis.thirdparty.io.netty.channel.nio.NioEventLoop.run(NioEventLoop.java:458)
	at org.apache.ratis.thirdparty.io.netty.util.concurrent.SingleThreadEventExecutor$5.run(SingleThreadEventExecutor.java:897)
	at org.apache.ratis.thirdparty.io.netty.util.concurrent.FastThreadLocalRunnable.run(FastThreadLocalRunnable.java:30)
	... 1 more
Caused by: java.net.ConnectException: Connection refused
	... 11 more
2019-10-22 00:09:02,316 [1be30185-a2c0-4461-afc0-2cb02fcff473@group-A8B097DE35CC-LeaderElection616] INFO  impl.RaftServerImpl (RaftServerImpl.java:setRole(184)) - 1be30185-a2c0-4461-afc0-2cb02fcff473@group-A8B097DE35CC: changes role from CANDIDATE to FOLLOWER at term 167 for DISCOVERED_A_NEW_TERM
2019-10-22 00:09:02,317 [1be30185-a2c0-4461-afc0-2cb02fcff473@group-A8B097DE35CC-LeaderElection616] INFO  impl.RoleInfo (RoleInfo.java:shutdownLeaderElection(134)) - 1be30185-a2c0-4461-afc0-2cb02fcff473: shutdown LeaderElection
2019-10-22 00:09:02,317 [1be30185-a2c0-4461-afc0-2cb02fcff473@group-A8B097DE35CC-LeaderElection616] INFO  impl.RoleInfo (RoleInfo.java:updateAndGet(143)) - 1be30185-a2c0-4461-afc0-2cb02fcff473: start FollowerState
2019-10-22 00:09:02,352 [Thread-5199] INFO  impl.FollowerState (FollowerState.java:run(108)) - 1be30185-a2c0-4461-afc0-2cb02fcff473@group-A8B097DE35CC-FollowerState: change to CANDIDATE, lastRpcTime:35ms, electionTimeout:35ms
2019-10-22 00:09:02,352 [Thread-5199] INFO  impl.RoleInfo (RoleInfo.java:shutdownFollowerState(121)) - 1be30185-a2c0-4461-afc0-2cb02fcff473: shutdown FollowerState
2019-10-22 00:09:02,352 [Thread-5199] INFO  impl.RaftServerImpl (RaftServerImpl.java:setRole(184)) - 1be30185-a2c0-4461-afc0-2cb02fcff473@group-A8B097DE35CC: changes role from  FOLLOWER to CANDIDATE at term 167 for changeToCandidate
2019-10-22 00:09:02,352 [Thread-5199] INFO  impl.RoleInfo (RoleInfo.java:updateAndGet(143)) - 1be30185-a2c0-4461-afc0-2cb02fcff473: start LeaderElection
2019-10-22 00:09:02,365 [1be30185-a2c0-4461-afc0-2cb02fcff473@group-A8B097DE35CC-LeaderElection617] INFO  impl.LeaderElection (LeaderElection.java:askForVotes(178)) - 1be30185-a2c0-4461-afc0-2cb02fcff473@group-A8B097DE35CC-LeaderElection617: begin an election at term 168 for -1: [e64b81a2-7e97-4a9c-9a90-0d1e8edce3a8:192.168.157.254:40074, d9951c0b-6d6e-4464-b06b-4ef93c20892c:192.168.157.254:43622, 1be30185-a2c0-4461-afc0-2cb02fcff473:192.168.157.254:38008], old=null
2019-10-22 00:09:02,367 [1be30185-a2c0-4461-afc0-2cb02fcff473@group-A8B097DE35CC-LeaderElection617] INFO  impl.LeaderElection (LogUtils.java:infoOrTrace(149)) - 1be30185-a2c0-4461-afc0-2cb02fcff473@group-A8B097DE35CC-LeaderElection617 got exception when requesting votes: {}
java.util.concurrent.ExecutionException: org.apache.ratis.thirdparty.io.grpc.StatusRuntimeException: UNAVAILABLE: io exception
	at java.util.concurrent.FutureTask.report(FutureTask.java:122)
	at java.util.concurrent.FutureTask.get(FutureTask.java:192)
	at org.apache.ratis.server.impl.LeaderElection.waitForResults(LeaderElection.java:259)
	at org.apache.ratis.server.impl.LeaderElection.askForVotes(LeaderElection.java:197)
	at org.apache.ratis.server.impl.LeaderElection.run(LeaderElection.java:133)
	at java.lang.Thread.run(Thread.java:748)
Caused by: org.apache.ratis.thirdparty.io.grpc.StatusRuntimeException: UNAVAILABLE: io exception
	at org.apache.ratis.thirdparty.io.grpc.stub.ClientCalls.toStatusRuntimeException(ClientCalls.java:233)
	at org.apache.ratis.thirdparty.io.grpc.stub.ClientCalls.getUnchecked(ClientCalls.java:214)
	at org.apache.ratis.thirdparty.io.grpc.stub.ClientCalls.blockingUnaryCall(ClientCalls.java:139)
	at org.apache.ratis.proto.grpc.RaftServerProtocolServiceGrpc$RaftServerProtocolServiceBlockingStub.requestVote(RaftServerProtocolServiceGrpc.java:265)
	at org.apache.ratis.grpc.server.GrpcServerProtocolClient.requestVote(GrpcServerProtocolClient.java:99)
	at org.apache.ratis.grpc.server.GrpcService.requestVote(GrpcService.java:204)
	at org.apache.ratis.server.impl.LeaderElection.lambda$submitRequests$1(LeaderElection.java:234)
	at java.util.concurrent.FutureTask.run(FutureTask.java:266)
	at java.util.concurrent.Executors$RunnableAdapter.call(Executors.java:511)
	at java.util.concurrent.FutureTask.run(FutureTask.java:266)
	at java.util.concurrent.ThreadPoolExecutor.runWorker(ThreadPoolExecutor.java:1149)
	at java.util.concurrent.ThreadPoolExecutor$Worker.run(ThreadPoolExecutor.java:624)
	... 1 more
Caused by: org.apache.ratis.thirdparty.io.netty.channel.AbstractChannel$AnnotatedConnectException: Connection refused: /192.168.157.254:43622
	at sun.nio.ch.SocketChannelImpl.checkConnect(Native Method)
	at sun.nio.ch.SocketChannelImpl.finishConnect(SocketChannelImpl.java:717)
	at org.apache.ratis.thirdparty.io.netty.channel.socket.nio.NioSocketChannel.doFinishConnect(NioSocketChannel.java:327)
	at org.apache.ratis.thirdparty.io.netty.channel.nio.AbstractNioChannel$AbstractNioUnsafe.finishConnect(AbstractNioChannel.java:340)
	at org.apache.ratis.thirdparty.io.netty.channel.nio.NioEventLoop.processSelectedKey(NioEventLoop.java:632)
	at org.apache.ratis.thirdparty.io.netty.channel.nio.NioEventLoop.processSelectedKeysOptimized(NioEventLoop.java:579)
	at org.apache.ratis.thirdparty.io.netty.channel.nio.NioEventLoop.processSelectedKeys(NioEventLoop.java:496)
	at org.apache.ratis.thirdparty.io.netty.channel.nio.NioEventLoop.run(NioEventLoop.java:458)
	at org.apache.ratis.thirdparty.io.netty.util.concurrent.SingleThreadEventExecutor$5.run(SingleThreadEventExecutor.java:897)
	at org.apache.ratis.thirdparty.io.netty.util.concurrent.FastThreadLocalRunnable.run(FastThreadLocalRunnable.java:30)
	... 1 more
Caused by: java.net.ConnectException: Connection refused
	... 11 more
2019-10-22 00:09:02,370 [grpc-default-executor-8] INFO  impl.RaftServerImpl (RaftServerImpl.java:setRole(184)) - e64b81a2-7e97-4a9c-9a90-0d1e8edce3a8@group-A8B097DE35CC: changes role from  FOLLOWER to FOLLOWER at term 168 for recognizeCandidate:1be30185-a2c0-4461-afc0-2cb02fcff473
2019-10-22 00:09:02,370 [grpc-default-executor-8] INFO  impl.RoleInfo (RoleInfo.java:shutdownFollowerState(121)) - e64b81a2-7e97-4a9c-9a90-0d1e8edce3a8: shutdown FollowerState
2019-10-22 00:09:02,370 [grpc-default-executor-8] INFO  impl.RoleInfo (RoleInfo.java:updateAndGet(143)) - e64b81a2-7e97-4a9c-9a90-0d1e8edce3a8: start FollowerState
2019-10-22 00:09:02,370 [Thread-5198] INFO  impl.FollowerState (FollowerState.java:run(117)) - e64b81a2-7e97-4a9c-9a90-0d1e8edce3a8@group-A8B097DE35CC-FollowerState was interrupted: java.lang.InterruptedException: sleep interrupted
2019-10-22 00:09:02,383 [1be30185-a2c0-4461-afc0-2cb02fcff473@group-A8B097DE35CC-LeaderElection617] INFO  impl.LeaderElection (LeaderElection.java:logAndReturn(56)) - 1be30185-a2c0-4461-afc0-2cb02fcff473@group-A8B097DE35CC-LeaderElection617: Election REJECTED; received 1 response(s) [1be30185-a2c0-4461-afc0-2cb02fcff473<-e64b81a2-7e97-4a9c-9a90-0d1e8edce3a8#0:FAIL-t168] and 1 exception(s); 1be30185-a2c0-4461-afc0-2cb02fcff473@group-A8B097DE35CC:t168, leader=null, voted=1be30185-a2c0-4461-afc0-2cb02fcff473, raftlog=1be30185-a2c0-4461-afc0-2cb02fcff473@group-A8B097DE35CC-SegmentedRaftLog:OPENED:c-1,f-1,i0, conf=-1: [e64b81a2-7e97-4a9c-9a90-0d1e8edce3a8:192.168.157.254:40074, d9951c0b-6d6e-4464-b06b-4ef93c20892c:192.168.157.254:43622, 1be30185-a2c0-4461-afc0-2cb02fcff473:192.168.157.254:38008], old=null
2019-10-22 00:09:02,383 [1be30185-a2c0-4461-afc0-2cb02fcff473@group-A8B097DE35CC-LeaderElection617] INFO  impl.LeaderElection (LogUtils.java:infoOrTrace(149)) -   Exception 0: {}
java.util.concurrent.ExecutionException: org.apache.ratis.thirdparty.io.grpc.StatusRuntimeException: UNAVAILABLE: io exception
	at java.util.concurrent.FutureTask.report(FutureTask.java:122)
	at java.util.concurrent.FutureTask.get(FutureTask.java:192)
	at org.apache.ratis.server.impl.LeaderElection.waitForResults(LeaderElection.java:259)
	at org.apache.ratis.server.impl.LeaderElection.askForVotes(LeaderElection.java:197)
	at org.apache.ratis.server.impl.LeaderElection.run(LeaderElection.java:133)
	at java.lang.Thread.run(Thread.java:748)
Caused by: org.apache.ratis.thirdparty.io.grpc.StatusRuntimeException: UNAVAILABLE: io exception
	at org.apache.ratis.thirdparty.io.grpc.stub.ClientCalls.toStatusRuntimeException(ClientCalls.java:233)
	at org.apache.ratis.thirdparty.io.grpc.stub.ClientCalls.getUnchecked(ClientCalls.java:214)
	at org.apache.ratis.thirdparty.io.grpc.stub.ClientCalls.blockingUnaryCall(ClientCalls.java:139)
	at org.apache.ratis.proto.grpc.RaftServerProtocolServiceGrpc$RaftServerProtocolServiceBlockingStub.requestVote(RaftServerProtocolServiceGrpc.java:265)
	at org.apache.ratis.grpc.server.GrpcServerProtocolClient.requestVote(GrpcServerProtocolClient.java:99)
	at org.apache.ratis.grpc.server.GrpcService.requestVote(GrpcService.java:204)
	at org.apache.ratis.server.impl.LeaderElection.lambda$submitRequests$1(LeaderElection.java:234)
	at java.util.concurrent.FutureTask.run(FutureTask.java:266)
	at java.util.concurrent.Executors$RunnableAdapter.call(Executors.java:511)
	at java.util.concurrent.FutureTask.run(FutureTask.java:266)
	at java.util.concurrent.ThreadPoolExecutor.runWorker(ThreadPoolExecutor.java:1149)
	at java.util.concurrent.ThreadPoolExecutor$Worker.run(ThreadPoolExecutor.java:624)
	... 1 more
Caused by: org.apache.ratis.thirdparty.io.netty.channel.AbstractChannel$AnnotatedConnectException: Connection refused: /192.168.157.254:43622
	at sun.nio.ch.SocketChannelImpl.checkConnect(Native Method)
	at sun.nio.ch.SocketChannelImpl.finishConnect(SocketChannelImpl.java:717)
	at org.apache.ratis.thirdparty.io.netty.channel.socket.nio.NioSocketChannel.doFinishConnect(NioSocketChannel.java:327)
	at org.apache.ratis.thirdparty.io.netty.channel.nio.AbstractNioChannel$AbstractNioUnsafe.finishConnect(AbstractNioChannel.java:340)
	at org.apache.ratis.thirdparty.io.netty.channel.nio.NioEventLoop.processSelectedKey(NioEventLoop.java:632)
	at org.apache.ratis.thirdparty.io.netty.channel.nio.NioEventLoop.processSelectedKeysOptimized(NioEventLoop.java:579)
	at org.apache.ratis.thirdparty.io.netty.channel.nio.NioEventLoop.processSelectedKeys(NioEventLoop.java:496)
	at org.apache.ratis.thirdparty.io.netty.channel.nio.NioEventLoop.run(NioEventLoop.java:458)
	at org.apache.ratis.thirdparty.io.netty.util.concurrent.SingleThreadEventExecutor$5.run(SingleThreadEventExecutor.java:897)
	at org.apache.ratis.thirdparty.io.netty.util.concurrent.FastThreadLocalRunnable.run(FastThreadLocalRunnable.java:30)
	... 1 more
Caused by: java.net.ConnectException: Connection refused
	... 11 more
2019-10-22 00:09:02,384 [1be30185-a2c0-4461-afc0-2cb02fcff473@group-A8B097DE35CC-LeaderElection617] INFO  impl.RaftServerImpl (RaftServerImpl.java:setRole(184)) - 1be30185-a2c0-4461-afc0-2cb02fcff473@group-A8B097DE35CC: changes role from CANDIDATE to FOLLOWER at term 168 for DISCOVERED_A_NEW_TERM
2019-10-22 00:09:02,384 [1be30185-a2c0-4461-afc0-2cb02fcff473@group-A8B097DE35CC-LeaderElection617] INFO  impl.RoleInfo (RoleInfo.java:shutdownLeaderElection(134)) - 1be30185-a2c0-4461-afc0-2cb02fcff473: shutdown LeaderElection
2019-10-22 00:09:02,384 [1be30185-a2c0-4461-afc0-2cb02fcff473@group-A8B097DE35CC-LeaderElection617] INFO  impl.RoleInfo (RoleInfo.java:updateAndGet(143)) - 1be30185-a2c0-4461-afc0-2cb02fcff473: start FollowerState
2019-10-22 00:09:02,515 [Thread-5206] INFO  impl.FollowerState (FollowerState.java:run(108)) - 1be30185-a2c0-4461-afc0-2cb02fcff473@group-A8B097DE35CC-FollowerState: change to CANDIDATE, lastRpcTime:131ms, electionTimeout:131ms
2019-10-22 00:09:02,516 [Thread-5206] INFO  impl.RoleInfo (RoleInfo.java:shutdownFollowerState(121)) - 1be30185-a2c0-4461-afc0-2cb02fcff473: shutdown FollowerState
2019-10-22 00:09:02,516 [Thread-5206] INFO  impl.RaftServerImpl (RaftServerImpl.java:setRole(184)) - 1be30185-a2c0-4461-afc0-2cb02fcff473@group-A8B097DE35CC: changes role from  FOLLOWER to CANDIDATE at term 168 for changeToCandidate
2019-10-22 00:09:02,516 [Thread-5206] INFO  impl.RoleInfo (RoleInfo.java:updateAndGet(143)) - 1be30185-a2c0-4461-afc0-2cb02fcff473: start LeaderElection
2019-10-22 00:09:02,522 [1be30185-a2c0-4461-afc0-2cb02fcff473@group-A8B097DE35CC-LeaderElection618] INFO  impl.LeaderElection (LeaderElection.java:askForVotes(178)) - 1be30185-a2c0-4461-afc0-2cb02fcff473@group-A8B097DE35CC-LeaderElection618: begin an election at term 169 for -1: [e64b81a2-7e97-4a9c-9a90-0d1e8edce3a8:192.168.157.254:40074, d9951c0b-6d6e-4464-b06b-4ef93c20892c:192.168.157.254:43622, 1be30185-a2c0-4461-afc0-2cb02fcff473:192.168.157.254:38008], old=null
2019-10-22 00:09:02,523 [1be30185-a2c0-4461-afc0-2cb02fcff473@group-A8B097DE35CC-LeaderElection618] INFO  impl.LeaderElection (LeaderElection.java:logAndReturn(56)) - 1be30185-a2c0-4461-afc0-2cb02fcff473@group-A8B097DE35CC-LeaderElection618: Election TIMEOUT; received 0 response(s) [] and 0 exception(s); 1be30185-a2c0-4461-afc0-2cb02fcff473@group-A8B097DE35CC:t169, leader=null, voted=1be30185-a2c0-4461-afc0-2cb02fcff473, raftlog=1be30185-a2c0-4461-afc0-2cb02fcff473@group-A8B097DE35CC-SegmentedRaftLog:OPENED:c-1,f-1,i0, conf=-1: [e64b81a2-7e97-4a9c-9a90-0d1e8edce3a8:192.168.157.254:40074, d9951c0b-6d6e-4464-b06b-4ef93c20892c:192.168.157.254:43622, 1be30185-a2c0-4461-afc0-2cb02fcff473:192.168.157.254:38008], old=null
2019-10-22 00:09:02,524 [grpc-default-executor-8] INFO  impl.RaftServerImpl (RaftServerImpl.java:setRole(184)) - e64b81a2-7e97-4a9c-9a90-0d1e8edce3a8@group-A8B097DE35CC: changes role from  FOLLOWER to FOLLOWER at term 169 for recognizeCandidate:1be30185-a2c0-4461-afc0-2cb02fcff473
2019-10-22 00:09:02,525 [grpc-default-executor-8] INFO  impl.RoleInfo (RoleInfo.java:shutdownFollowerState(121)) - e64b81a2-7e97-4a9c-9a90-0d1e8edce3a8: shutdown FollowerState
2019-10-22 00:09:02,525 [grpc-default-executor-8] INFO  impl.RoleInfo (RoleInfo.java:updateAndGet(143)) - e64b81a2-7e97-4a9c-9a90-0d1e8edce3a8: start FollowerState
2019-10-22 00:09:02,525 [Thread-5205] INFO  impl.FollowerState (FollowerState.java:run(117)) - e64b81a2-7e97-4a9c-9a90-0d1e8edce3a8@group-A8B097DE35CC-FollowerState was interrupted: java.lang.InterruptedException: sleep interrupted
2019-10-22 00:09:02,536 [1be30185-a2c0-4461-afc0-2cb02fcff473@group-A8B097DE35CC-LeaderElection618] INFO  impl.LeaderElection (LeaderElection.java:askForVotes(178)) - 1be30185-a2c0-4461-afc0-2cb02fcff473@group-A8B097DE35CC-LeaderElection618: begin an election at term 170 for -1: [e64b81a2-7e97-4a9c-9a90-0d1e8edce3a8:192.168.157.254:40074, d9951c0b-6d6e-4464-b06b-4ef93c20892c:192.168.157.254:43622, 1be30185-a2c0-4461-afc0-2cb02fcff473:192.168.157.254:38008], old=null
2019-10-22 00:09:02,537 [1be30185-a2c0-4461-afc0-2cb02fcff473@group-A8B097DE35CC-LeaderElection618] INFO  impl.LeaderElection (LogUtils.java:infoOrTrace(149)) - 1be30185-a2c0-4461-afc0-2cb02fcff473@group-A8B097DE35CC-LeaderElection618 got exception when requesting votes: {}
java.util.concurrent.ExecutionException: org.apache.ratis.thirdparty.io.grpc.StatusRuntimeException: UNAVAILABLE: io exception
	at java.util.concurrent.FutureTask.report(FutureTask.java:122)
	at java.util.concurrent.FutureTask.get(FutureTask.java:192)
	at org.apache.ratis.server.impl.LeaderElection.waitForResults(LeaderElection.java:259)
	at org.apache.ratis.server.impl.LeaderElection.askForVotes(LeaderElection.java:197)
	at org.apache.ratis.server.impl.LeaderElection.run(LeaderElection.java:133)
	at java.lang.Thread.run(Thread.java:748)
Caused by: org.apache.ratis.thirdparty.io.grpc.StatusRuntimeException: UNAVAILABLE: io exception
	at org.apache.ratis.thirdparty.io.grpc.stub.ClientCalls.toStatusRuntimeException(ClientCalls.java:233)
	at org.apache.ratis.thirdparty.io.grpc.stub.ClientCalls.getUnchecked(ClientCalls.java:214)
	at org.apache.ratis.thirdparty.io.grpc.stub.ClientCalls.blockingUnaryCall(ClientCalls.java:139)
	at org.apache.ratis.proto.grpc.RaftServerProtocolServiceGrpc$RaftServerProtocolServiceBlockingStub.requestVote(RaftServerProtocolServiceGrpc.java:265)
	at org.apache.ratis.grpc.server.GrpcServerProtocolClient.requestVote(GrpcServerProtocolClient.java:99)
	at org.apache.ratis.grpc.server.GrpcService.requestVote(GrpcService.java:204)
	at org.apache.ratis.server.impl.LeaderElection.lambda$submitRequests$1(LeaderElection.java:234)
	at java.util.concurrent.FutureTask.run(FutureTask.java:266)
	at java.util.concurrent.Executors$RunnableAdapter.call(Executors.java:511)
	at java.util.concurrent.FutureTask.run(FutureTask.java:266)
	at java.util.concurrent.ThreadPoolExecutor.runWorker(ThreadPoolExecutor.java:1149)
	at java.util.concurrent.ThreadPoolExecutor$Worker.run(ThreadPoolExecutor.java:624)
	... 1 more
Caused by: org.apache.ratis.thirdparty.io.netty.channel.AbstractChannel$AnnotatedConnectException: Connection refused: /192.168.157.254:43622
	at sun.nio.ch.SocketChannelImpl.checkConnect(Native Method)
	at sun.nio.ch.SocketChannelImpl.finishConnect(SocketChannelImpl.java:717)
	at org.apache.ratis.thirdparty.io.netty.channel.socket.nio.NioSocketChannel.doFinishConnect(NioSocketChannel.java:327)
	at org.apache.ratis.thirdparty.io.netty.channel.nio.AbstractNioChannel$AbstractNioUnsafe.finishConnect(AbstractNioChannel.java:340)
	at org.apache.ratis.thirdparty.io.netty.channel.nio.NioEventLoop.processSelectedKey(NioEventLoop.java:632)
	at org.apache.ratis.thirdparty.io.netty.channel.nio.NioEventLoop.processSelectedKeysOptimized(NioEventLoop.java:579)
	at org.apache.ratis.thirdparty.io.netty.channel.nio.NioEventLoop.processSelectedKeys(NioEventLoop.java:496)
	at org.apache.ratis.thirdparty.io.netty.channel.nio.NioEventLoop.run(NioEventLoop.java:458)
	at org.apache.ratis.thirdparty.io.netty.util.concurrent.SingleThreadEventExecutor$5.run(SingleThreadEventExecutor.java:897)
	at org.apache.ratis.thirdparty.io.netty.util.concurrent.FastThreadLocalRunnable.run(FastThreadLocalRunnable.java:30)
	... 1 more
Caused by: java.net.ConnectException: Connection refused
	... 11 more
2019-10-22 00:09:02,541 [grpc-default-executor-8] INFO  impl.RaftServerImpl (RaftServerImpl.java:setRole(184)) - e64b81a2-7e97-4a9c-9a90-0d1e8edce3a8@group-A8B097DE35CC: changes role from  FOLLOWER to FOLLOWER at term 170 for recognizeCandidate:1be30185-a2c0-4461-afc0-2cb02fcff473
2019-10-22 00:09:02,541 [grpc-default-executor-8] INFO  impl.RoleInfo (RoleInfo.java:shutdownFollowerState(121)) - e64b81a2-7e97-4a9c-9a90-0d1e8edce3a8: shutdown FollowerState
2019-10-22 00:09:02,541 [grpc-default-executor-8] INFO  impl.RoleInfo (RoleInfo.java:updateAndGet(143)) - e64b81a2-7e97-4a9c-9a90-0d1e8edce3a8: start FollowerState
2019-10-22 00:09:02,541 [Thread-5210] INFO  impl.FollowerState (FollowerState.java:run(117)) - e64b81a2-7e97-4a9c-9a90-0d1e8edce3a8@group-A8B097DE35CC-FollowerState was interrupted: java.lang.InterruptedException: sleep interrupted
2019-10-22 00:09:02,555 [1be30185-a2c0-4461-afc0-2cb02fcff473@group-A8B097DE35CC-LeaderElection618] INFO  impl.LeaderElection (LeaderElection.java:logAndReturn(56)) - 1be30185-a2c0-4461-afc0-2cb02fcff473@group-A8B097DE35CC-LeaderElection618: Election REJECTED; received 1 response(s) [1be30185-a2c0-4461-afc0-2cb02fcff473<-e64b81a2-7e97-4a9c-9a90-0d1e8edce3a8#0:FAIL-t170] and 1 exception(s); 1be30185-a2c0-4461-afc0-2cb02fcff473@group-A8B097DE35CC:t170, leader=null, voted=1be30185-a2c0-4461-afc0-2cb02fcff473, raftlog=1be30185-a2c0-4461-afc0-2cb02fcff473@group-A8B097DE35CC-SegmentedRaftLog:OPENED:c-1,f-1,i0, conf=-1: [e64b81a2-7e97-4a9c-9a90-0d1e8edce3a8:192.168.157.254:40074, d9951c0b-6d6e-4464-b06b-4ef93c20892c:192.168.157.254:43622, 1be30185-a2c0-4461-afc0-2cb02fcff473:192.168.157.254:38008], old=null
2019-10-22 00:09:02,555 [1be30185-a2c0-4461-afc0-2cb02fcff473@group-A8B097DE35CC-LeaderElection618] INFO  impl.LeaderElection (LogUtils.java:infoOrTrace(149)) -   Exception 0: {}
java.util.concurrent.ExecutionException: org.apache.ratis.thirdparty.io.grpc.StatusRuntimeException: UNAVAILABLE: io exception
	at java.util.concurrent.FutureTask.report(FutureTask.java:122)
	at java.util.concurrent.FutureTask.get(FutureTask.java:192)
	at org.apache.ratis.server.impl.LeaderElection.waitForResults(LeaderElection.java:259)
	at org.apache.ratis.server.impl.LeaderElection.askForVotes(LeaderElection.java:197)
	at org.apache.ratis.server.impl.LeaderElection.run(LeaderElection.java:133)
	at java.lang.Thread.run(Thread.java:748)
Caused by: org.apache.ratis.thirdparty.io.grpc.StatusRuntimeException: UNAVAILABLE: io exception
	at org.apache.ratis.thirdparty.io.grpc.stub.ClientCalls.toStatusRuntimeException(ClientCalls.java:233)
	at org.apache.ratis.thirdparty.io.grpc.stub.ClientCalls.getUnchecked(ClientCalls.java:214)
	at org.apache.ratis.thirdparty.io.grpc.stub.ClientCalls.blockingUnaryCall(ClientCalls.java:139)
	at org.apache.ratis.proto.grpc.RaftServerProtocolServiceGrpc$RaftServerProtocolServiceBlockingStub.requestVote(RaftServerProtocolServiceGrpc.java:265)
	at org.apache.ratis.grpc.server.GrpcServerProtocolClient.requestVote(GrpcServerProtocolClient.java:99)
	at org.apache.ratis.grpc.server.GrpcService.requestVote(GrpcService.java:204)
	at org.apache.ratis.server.impl.LeaderElection.lambda$submitRequests$1(LeaderElection.java:234)
	at java.util.concurrent.FutureTask.run(FutureTask.java:266)
	at java.util.concurrent.Executors$RunnableAdapter.call(Executors.java:511)
	at java.util.concurrent.FutureTask.run(FutureTask.java:266)
	at java.util.concurrent.ThreadPoolExecutor.runWorker(ThreadPoolExecutor.java:1149)
	at java.util.concurrent.ThreadPoolExecutor$Worker.run(ThreadPoolExecutor.java:624)
	... 1 more
Caused by: org.apache.ratis.thirdparty.io.netty.channel.AbstractChannel$AnnotatedConnectException: Connection refused: /192.168.157.254:43622
	at sun.nio.ch.SocketChannelImpl.checkConnect(Native Method)
	at sun.nio.ch.SocketChannelImpl.finishConnect(SocketChannelImpl.java:717)
	at org.apache.ratis.thirdparty.io.netty.channel.socket.nio.NioSocketChannel.doFinishConnect(NioSocketChannel.java:327)
	at org.apache.ratis.thirdparty.io.netty.channel.nio.AbstractNioChannel$AbstractNioUnsafe.finishConnect(AbstractNioChannel.java:340)
	at org.apache.ratis.thirdparty.io.netty.channel.nio.NioEventLoop.processSelectedKey(NioEventLoop.java:632)
	at org.apache.ratis.thirdparty.io.netty.channel.nio.NioEventLoop.processSelectedKeysOptimized(NioEventLoop.java:579)
	at org.apache.ratis.thirdparty.io.netty.channel.nio.NioEventLoop.processSelectedKeys(NioEventLoop.java:496)
	at org.apache.ratis.thirdparty.io.netty.channel.nio.NioEventLoop.run(NioEventLoop.java:458)
	at org.apache.ratis.thirdparty.io.netty.util.concurrent.SingleThreadEventExecutor$5.run(SingleThreadEventExecutor.java:897)
	at org.apache.ratis.thirdparty.io.netty.util.concurrent.FastThreadLocalRunnable.run(FastThreadLocalRunnable.java:30)
	... 1 more
Caused by: java.net.ConnectException: Connection refused
	... 11 more
2019-10-22 00:09:02,556 [1be30185-a2c0-4461-afc0-2cb02fcff473@group-A8B097DE35CC-LeaderElection618] INFO  impl.RaftServerImpl (RaftServerImpl.java:setRole(184)) - 1be30185-a2c0-4461-afc0-2cb02fcff473@group-A8B097DE35CC: changes role from CANDIDATE to FOLLOWER at term 170 for DISCOVERED_A_NEW_TERM
2019-10-22 00:09:02,556 [1be30185-a2c0-4461-afc0-2cb02fcff473@group-A8B097DE35CC-LeaderElection618] INFO  impl.RoleInfo (RoleInfo.java:shutdownLeaderElection(134)) - 1be30185-a2c0-4461-afc0-2cb02fcff473: shutdown LeaderElection
2019-10-22 00:09:02,556 [1be30185-a2c0-4461-afc0-2cb02fcff473@group-A8B097DE35CC-LeaderElection618] INFO  impl.RoleInfo (RoleInfo.java:updateAndGet(143)) - 1be30185-a2c0-4461-afc0-2cb02fcff473: start FollowerState
2019-10-22 00:09:02,603 [java.util.concurrent.ThreadPoolExecutor$Worker@5c64f706[State = -1, empty queue]] WARN  server.GrpcLogAppender (GrpcLogAppender.java:timeoutAppendRequest(209)) - f9169fae-8e57-49b1-968c-b0c13a9c79ea@group-B019D31AF6BA->05003219-6676-4e45-bd72-11bc04fa30d3-GrpcLogAppender: appendEntries Timeout, request=f9169fae-8e57-49b1-968c-b0c13a9c79ea->05003219-6676-4e45-bd72-11bc04fa30d3#0-t3, previous=(t:2, i:6), leaderCommit=6, initializing? false, entries: <empty>
2019-10-22 00:09:02,634 [Thread-5214] INFO  impl.FollowerState (FollowerState.java:run(108)) - 1be30185-a2c0-4461-afc0-2cb02fcff473@group-A8B097DE35CC-FollowerState: change to CANDIDATE, lastRpcTime:78ms, electionTimeout:78ms
2019-10-22 00:09:02,634 [Thread-5214] INFO  impl.RoleInfo (RoleInfo.java:shutdownFollowerState(121)) - 1be30185-a2c0-4461-afc0-2cb02fcff473: shutdown FollowerState
2019-10-22 00:09:02,634 [Thread-5214] INFO  impl.RaftServerImpl (RaftServerImpl.java:setRole(184)) - 1be30185-a2c0-4461-afc0-2cb02fcff473@group-A8B097DE35CC: changes role from  FOLLOWER to CANDIDATE at term 170 for changeToCandidate
2019-10-22 00:09:02,634 [Thread-5214] INFO  impl.RoleInfo (RoleInfo.java:updateAndGet(143)) - 1be30185-a2c0-4461-afc0-2cb02fcff473: start LeaderElection
2019-10-22 00:09:02,647 [1be30185-a2c0-4461-afc0-2cb02fcff473@group-A8B097DE35CC-LeaderElection619] INFO  impl.LeaderElection (LeaderElection.java:askForVotes(178)) - 1be30185-a2c0-4461-afc0-2cb02fcff473@group-A8B097DE35CC-LeaderElection619: begin an election at term 171 for -1: [e64b81a2-7e97-4a9c-9a90-0d1e8edce3a8:192.168.157.254:40074, d9951c0b-6d6e-4464-b06b-4ef93c20892c:192.168.157.254:43622, 1be30185-a2c0-4461-afc0-2cb02fcff473:192.168.157.254:38008], old=null
2019-10-22 00:09:02,648 [1be30185-a2c0-4461-afc0-2cb02fcff473@group-A8B097DE35CC-LeaderElection619] INFO  impl.LeaderElection (LogUtils.java:infoOrTrace(149)) - 1be30185-a2c0-4461-afc0-2cb02fcff473@group-A8B097DE35CC-LeaderElection619 got exception when requesting votes: {}
java.util.concurrent.ExecutionException: org.apache.ratis.thirdparty.io.grpc.StatusRuntimeException: UNAVAILABLE: io exception
	at java.util.concurrent.FutureTask.report(FutureTask.java:122)
	at java.util.concurrent.FutureTask.get(FutureTask.java:192)
	at org.apache.ratis.server.impl.LeaderElection.waitForResults(LeaderElection.java:259)
	at org.apache.ratis.server.impl.LeaderElection.askForVotes(LeaderElection.java:197)
	at org.apache.ratis.server.impl.LeaderElection.run(LeaderElection.java:133)
	at java.lang.Thread.run(Thread.java:748)
Caused by: org.apache.ratis.thirdparty.io.grpc.StatusRuntimeException: UNAVAILABLE: io exception
	at org.apache.ratis.thirdparty.io.grpc.stub.ClientCalls.toStatusRuntimeException(ClientCalls.java:233)
	at org.apache.ratis.thirdparty.io.grpc.stub.ClientCalls.getUnchecked(ClientCalls.java:214)
	at org.apache.ratis.thirdparty.io.grpc.stub.ClientCalls.blockingUnaryCall(ClientCalls.java:139)
	at org.apache.ratis.proto.grpc.RaftServerProtocolServiceGrpc$RaftServerProtocolServiceBlockingStub.requestVote(RaftServerProtocolServiceGrpc.java:265)
	at org.apache.ratis.grpc.server.GrpcServerProtocolClient.requestVote(GrpcServerProtocolClient.java:99)
	at org.apache.ratis.grpc.server.GrpcService.requestVote(GrpcService.java:204)
	at org.apache.ratis.server.impl.LeaderElection.lambda$submitRequests$1(LeaderElection.java:234)
	at java.util.concurrent.FutureTask.run(FutureTask.java:266)
	at java.util.concurrent.Executors$RunnableAdapter.call(Executors.java:511)
	at java.util.concurrent.FutureTask.run(FutureTask.java:266)
	at java.util.concurrent.ThreadPoolExecutor.runWorker(ThreadPoolExecutor.java:1149)
	at java.util.concurrent.ThreadPoolExecutor$Worker.run(ThreadPoolExecutor.java:624)
	... 1 more
Caused by: org.apache.ratis.thirdparty.io.netty.channel.AbstractChannel$AnnotatedConnectException: Connection refused: /192.168.157.254:43622
	at sun.nio.ch.SocketChannelImpl.checkConnect(Native Method)
	at sun.nio.ch.SocketChannelImpl.finishConnect(SocketChannelImpl.java:717)
	at org.apache.ratis.thirdparty.io.netty.channel.socket.nio.NioSocketChannel.doFinishConnect(NioSocketChannel.java:327)
	at org.apache.ratis.thirdparty.io.netty.channel.nio.AbstractNioChannel$AbstractNioUnsafe.finishConnect(AbstractNioChannel.java:340)
	at org.apache.ratis.thirdparty.io.netty.channel.nio.NioEventLoop.processSelectedKey(NioEventLoop.java:632)
	at org.apache.ratis.thirdparty.io.netty.channel.nio.NioEventLoop.processSelectedKeysOptimized(NioEventLoop.java:579)
	at org.apache.ratis.thirdparty.io.netty.channel.nio.NioEventLoop.processSelectedKeys(NioEventLoop.java:496)
	at org.apache.ratis.thirdparty.io.netty.channel.nio.NioEventLoop.run(NioEventLoop.java:458)
	at org.apache.ratis.thirdparty.io.netty.util.concurrent.SingleThreadEventExecutor$5.run(SingleThreadEventExecutor.java:897)
	at org.apache.ratis.thirdparty.io.netty.util.concurrent.FastThreadLocalRunnable.run(FastThreadLocalRunnable.java:30)
	... 1 more
Caused by: java.net.ConnectException: Connection refused
	... 11 more
2019-10-22 00:09:02,652 [grpc-default-executor-8] INFO  impl.RaftServerImpl (RaftServerImpl.java:setRole(184)) - e64b81a2-7e97-4a9c-9a90-0d1e8edce3a8@group-A8B097DE35CC: changes role from  FOLLOWER to FOLLOWER at term 171 for recognizeCandidate:1be30185-a2c0-4461-afc0-2cb02fcff473
2019-10-22 00:09:02,652 [grpc-default-executor-8] INFO  impl.RoleInfo (RoleInfo.java:shutdownFollowerState(121)) - e64b81a2-7e97-4a9c-9a90-0d1e8edce3a8: shutdown FollowerState
2019-10-22 00:09:02,653 [grpc-default-executor-8] INFO  impl.RoleInfo (RoleInfo.java:updateAndGet(143)) - e64b81a2-7e97-4a9c-9a90-0d1e8edce3a8: start FollowerState
2019-10-22 00:09:02,653 [Thread-5213] INFO  impl.FollowerState (FollowerState.java:run(117)) - e64b81a2-7e97-4a9c-9a90-0d1e8edce3a8@group-A8B097DE35CC-FollowerState was interrupted: java.lang.InterruptedException: sleep interrupted
2019-10-22 00:09:02,666 [1be30185-a2c0-4461-afc0-2cb02fcff473@group-A8B097DE35CC-LeaderElection619] INFO  impl.LeaderElection (LeaderElection.java:logAndReturn(56)) - 1be30185-a2c0-4461-afc0-2cb02fcff473@group-A8B097DE35CC-LeaderElection619: Election REJECTED; received 1 response(s) [1be30185-a2c0-4461-afc0-2cb02fcff473<-e64b81a2-7e97-4a9c-9a90-0d1e8edce3a8#0:FAIL-t171] and 1 exception(s); 1be30185-a2c0-4461-afc0-2cb02fcff473@group-A8B097DE35CC:t171, leader=null, voted=1be30185-a2c0-4461-afc0-2cb02fcff473, raftlog=1be30185-a2c0-4461-afc0-2cb02fcff473@group-A8B097DE35CC-SegmentedRaftLog:OPENED:c-1,f-1,i0, conf=-1: [e64b81a2-7e97-4a9c-9a90-0d1e8edce3a8:192.168.157.254:40074, d9951c0b-6d6e-4464-b06b-4ef93c20892c:192.168.157.254:43622, 1be30185-a2c0-4461-afc0-2cb02fcff473:192.168.157.254:38008], old=null
2019-10-22 00:09:02,666 [1be30185-a2c0-4461-afc0-2cb02fcff473@group-A8B097DE35CC-LeaderElection619] INFO  impl.LeaderElection (LogUtils.java:infoOrTrace(149)) -   Exception 0: {}
java.util.concurrent.ExecutionException: org.apache.ratis.thirdparty.io.grpc.StatusRuntimeException: UNAVAILABLE: io exception
	at java.util.concurrent.FutureTask.report(FutureTask.java:122)
	at java.util.concurrent.FutureTask.get(FutureTask.java:192)
	at org.apache.ratis.server.impl.LeaderElection.waitForResults(LeaderElection.java:259)
	at org.apache.ratis.server.impl.LeaderElection.askForVotes(LeaderElection.java:197)
	at org.apache.ratis.server.impl.LeaderElection.run(LeaderElection.java:133)
	at java.lang.Thread.run(Thread.java:748)
Caused by: org.apache.ratis.thirdparty.io.grpc.StatusRuntimeException: UNAVAILABLE: io exception
	at org.apache.ratis.thirdparty.io.grpc.stub.ClientCalls.toStatusRuntimeException(ClientCalls.java:233)
	at org.apache.ratis.thirdparty.io.grpc.stub.ClientCalls.getUnchecked(ClientCalls.java:214)
	at org.apache.ratis.thirdparty.io.grpc.stub.ClientCalls.blockingUnaryCall(ClientCalls.java:139)
	at org.apache.ratis.proto.grpc.RaftServerProtocolServiceGrpc$RaftServerProtocolServiceBlockingStub.requestVote(RaftServerProtocolServiceGrpc.java:265)
	at org.apache.ratis.grpc.server.GrpcServerProtocolClient.requestVote(GrpcServerProtocolClient.java:99)
	at org.apache.ratis.grpc.server.GrpcService.requestVote(GrpcService.java:204)
	at org.apache.ratis.server.impl.LeaderElection.lambda$submitRequests$1(LeaderElection.java:234)
	at java.util.concurrent.FutureTask.run(FutureTask.java:266)
	at java.util.concurrent.Executors$RunnableAdapter.call(Executors.java:511)
	at java.util.concurrent.FutureTask.run(FutureTask.java:266)
	at java.util.concurrent.ThreadPoolExecutor.runWorker(ThreadPoolExecutor.java:1149)
	at java.util.concurrent.ThreadPoolExecutor$Worker.run(ThreadPoolExecutor.java:624)
	... 1 more
Caused by: org.apache.ratis.thirdparty.io.netty.channel.AbstractChannel$AnnotatedConnectException: Connection refused: /192.168.157.254:43622
	at sun.nio.ch.SocketChannelImpl.checkConnect(Native Method)
	at sun.nio.ch.SocketChannelImpl.finishConnect(SocketChannelImpl.java:717)
	at org.apache.ratis.thirdparty.io.netty.channel.socket.nio.NioSocketChannel.doFinishConnect(NioSocketChannel.java:327)
	at org.apache.ratis.thirdparty.io.netty.channel.nio.AbstractNioChannel$AbstractNioUnsafe.finishConnect(AbstractNioChannel.java:340)
	at org.apache.ratis.thirdparty.io.netty.channel.nio.NioEventLoop.processSelectedKey(NioEventLoop.java:632)
	at org.apache.ratis.thirdparty.io.netty.channel.nio.NioEventLoop.processSelectedKeysOptimized(NioEventLoop.java:579)
	at org.apache.ratis.thirdparty.io.netty.channel.nio.NioEventLoop.processSelectedKeys(NioEventLoop.java:496)
	at org.apache.ratis.thirdparty.io.netty.channel.nio.NioEventLoop.run(NioEventLoop.java:458)
	at org.apache.ratis.thirdparty.io.netty.util.concurrent.SingleThreadEventExecutor$5.run(SingleThreadEventExecutor.java:897)
	at org.apache.ratis.thirdparty.io.netty.util.concurrent.FastThreadLocalRunnable.run(FastThreadLocalRunnable.java:30)
	... 1 more
Caused by: java.net.ConnectException: Connection refused
	... 11 more
2019-10-22 00:09:02,667 [1be30185-a2c0-4461-afc0-2cb02fcff473@group-A8B097DE35CC-LeaderElection619] INFO  impl.RaftServerImpl (RaftServerImpl.java:setRole(184)) - 1be30185-a2c0-4461-afc0-2cb02fcff473@group-A8B097DE35CC: changes role from CANDIDATE to FOLLOWER at term 171 for DISCOVERED_A_NEW_TERM
2019-10-22 00:09:02,667 [1be30185-a2c0-4461-afc0-2cb02fcff473@group-A8B097DE35CC-LeaderElection619] INFO  impl.RoleInfo (RoleInfo.java:shutdownLeaderElection(134)) - 1be30185-a2c0-4461-afc0-2cb02fcff473: shutdown LeaderElection
2019-10-22 00:09:02,667 [1be30185-a2c0-4461-afc0-2cb02fcff473@group-A8B097DE35CC-LeaderElection619] INFO  impl.RoleInfo (RoleInfo.java:updateAndGet(143)) - 1be30185-a2c0-4461-afc0-2cb02fcff473: start FollowerState
2019-10-22 00:09:02,806 [Thread-5219] INFO  impl.FollowerState (FollowerState.java:run(108)) - 1be30185-a2c0-4461-afc0-2cb02fcff473@group-A8B097DE35CC-FollowerState: change to CANDIDATE, lastRpcTime:139ms, electionTimeout:139ms
2019-10-22 00:09:02,807 [Thread-5219] INFO  impl.RoleInfo (RoleInfo.java:shutdownFollowerState(121)) - 1be30185-a2c0-4461-afc0-2cb02fcff473: shutdown FollowerState
2019-10-22 00:09:02,807 [Thread-5219] INFO  impl.RaftServerImpl (RaftServerImpl.java:setRole(184)) - 1be30185-a2c0-4461-afc0-2cb02fcff473@group-A8B097DE35CC: changes role from  FOLLOWER to CANDIDATE at term 171 for changeToCandidate
2019-10-22 00:09:02,807 [Thread-5219] INFO  impl.RoleInfo (RoleInfo.java:updateAndGet(143)) - 1be30185-a2c0-4461-afc0-2cb02fcff473: start LeaderElection
2019-10-22 00:09:02,820 [1be30185-a2c0-4461-afc0-2cb02fcff473@group-A8B097DE35CC-LeaderElection620] INFO  impl.LeaderElection (LeaderElection.java:askForVotes(178)) - 1be30185-a2c0-4461-afc0-2cb02fcff473@group-A8B097DE35CC-LeaderElection620: begin an election at term 172 for -1: [e64b81a2-7e97-4a9c-9a90-0d1e8edce3a8:192.168.157.254:40074, d9951c0b-6d6e-4464-b06b-4ef93c20892c:192.168.157.254:43622, 1be30185-a2c0-4461-afc0-2cb02fcff473:192.168.157.254:38008], old=null
2019-10-22 00:09:02,821 [1be30185-a2c0-4461-afc0-2cb02fcff473@group-A8B097DE35CC-LeaderElection620] INFO  impl.LeaderElection (LogUtils.java:infoOrTrace(149)) - 1be30185-a2c0-4461-afc0-2cb02fcff473@group-A8B097DE35CC-LeaderElection620 got exception when requesting votes: {}
java.util.concurrent.ExecutionException: org.apache.ratis.thirdparty.io.grpc.StatusRuntimeException: UNAVAILABLE: io exception
	at java.util.concurrent.FutureTask.report(FutureTask.java:122)
	at java.util.concurrent.FutureTask.get(FutureTask.java:192)
	at org.apache.ratis.server.impl.LeaderElection.waitForResults(LeaderElection.java:259)
	at org.apache.ratis.server.impl.LeaderElection.askForVotes(LeaderElection.java:197)
	at org.apache.ratis.server.impl.LeaderElection.run(LeaderElection.java:133)
	at java.lang.Thread.run(Thread.java:748)
Caused by: org.apache.ratis.thirdparty.io.grpc.StatusRuntimeException: UNAVAILABLE: io exception
	at org.apache.ratis.thirdparty.io.grpc.stub.ClientCalls.toStatusRuntimeException(ClientCalls.java:233)
	at org.apache.ratis.thirdparty.io.grpc.stub.ClientCalls.getUnchecked(ClientCalls.java:214)
	at org.apache.ratis.thirdparty.io.grpc.stub.ClientCalls.blockingUnaryCall(ClientCalls.java:139)
	at org.apache.ratis.proto.grpc.RaftServerProtocolServiceGrpc$RaftServerProtocolServiceBlockingStub.requestVote(RaftServerProtocolServiceGrpc.java:265)
	at org.apache.ratis.grpc.server.GrpcServerProtocolClient.requestVote(GrpcServerProtocolClient.java:99)
	at org.apache.ratis.grpc.server.GrpcService.requestVote(GrpcService.java:204)
	at org.apache.ratis.server.impl.LeaderElection.lambda$submitRequests$1(LeaderElection.java:234)
	at java.util.concurrent.FutureTask.run(FutureTask.java:266)
	at java.util.concurrent.Executors$RunnableAdapter.call(Executors.java:511)
	at java.util.concurrent.FutureTask.run(FutureTask.java:266)
	at java.util.concurrent.ThreadPoolExecutor.runWorker(ThreadPoolExecutor.java:1149)
	at java.util.concurrent.ThreadPoolExecutor$Worker.run(ThreadPoolExecutor.java:624)
	... 1 more
Caused by: org.apache.ratis.thirdparty.io.netty.channel.AbstractChannel$AnnotatedConnectException: Connection refused: /192.168.157.254:43622
	at sun.nio.ch.SocketChannelImpl.checkConnect(Native Method)
	at sun.nio.ch.SocketChannelImpl.finishConnect(SocketChannelImpl.java:717)
	at org.apache.ratis.thirdparty.io.netty.channel.socket.nio.NioSocketChannel.doFinishConnect(NioSocketChannel.java:327)
	at org.apache.ratis.thirdparty.io.netty.channel.nio.AbstractNioChannel$AbstractNioUnsafe.finishConnect(AbstractNioChannel.java:340)
	at org.apache.ratis.thirdparty.io.netty.channel.nio.NioEventLoop.processSelectedKey(NioEventLoop.java:632)
	at org.apache.ratis.thirdparty.io.netty.channel.nio.NioEventLoop.processSelectedKeysOptimized(NioEventLoop.java:579)
	at org.apache.ratis.thirdparty.io.netty.channel.nio.NioEventLoop.processSelectedKeys(NioEventLoop.java:496)
	at org.apache.ratis.thirdparty.io.netty.channel.nio.NioEventLoop.run(NioEventLoop.java:458)
	at org.apache.ratis.thirdparty.io.netty.util.concurrent.SingleThreadEventExecutor$5.run(SingleThreadEventExecutor.java:897)
	at org.apache.ratis.thirdparty.io.netty.util.concurrent.FastThreadLocalRunnable.run(FastThreadLocalRunnable.java:30)
	... 1 more
Caused by: java.net.ConnectException: Connection refused
	... 11 more
2019-10-22 00:09:02,825 [grpc-default-executor-8] INFO  impl.RaftServerImpl (RaftServerImpl.java:setRole(184)) - e64b81a2-7e97-4a9c-9a90-0d1e8edce3a8@group-A8B097DE35CC: changes role from  FOLLOWER to FOLLOWER at term 172 for recognizeCandidate:1be30185-a2c0-4461-afc0-2cb02fcff473
2019-10-22 00:09:02,825 [grpc-default-executor-8] INFO  impl.RoleInfo (RoleInfo.java:shutdownFollowerState(121)) - e64b81a2-7e97-4a9c-9a90-0d1e8edce3a8: shutdown FollowerState
2019-10-22 00:09:02,825 [grpc-default-executor-8] INFO  impl.RoleInfo (RoleInfo.java:updateAndGet(143)) - e64b81a2-7e97-4a9c-9a90-0d1e8edce3a8: start FollowerState
2019-10-22 00:09:02,825 [Thread-5218] INFO  impl.FollowerState (FollowerState.java:run(117)) - e64b81a2-7e97-4a9c-9a90-0d1e8edce3a8@group-A8B097DE35CC-FollowerState was interrupted: java.lang.InterruptedException: sleep interrupted
2019-10-22 00:09:02,839 [1be30185-a2c0-4461-afc0-2cb02fcff473@group-A8B097DE35CC-LeaderElection620] INFO  impl.LeaderElection (LeaderElection.java:logAndReturn(56)) - 1be30185-a2c0-4461-afc0-2cb02fcff473@group-A8B097DE35CC-LeaderElection620: Election REJECTED; received 1 response(s) [1be30185-a2c0-4461-afc0-2cb02fcff473<-e64b81a2-7e97-4a9c-9a90-0d1e8edce3a8#0:FAIL-t172] and 1 exception(s); 1be30185-a2c0-4461-afc0-2cb02fcff473@group-A8B097DE35CC:t172, leader=null, voted=1be30185-a2c0-4461-afc0-2cb02fcff473, raftlog=1be30185-a2c0-4461-afc0-2cb02fcff473@group-A8B097DE35CC-SegmentedRaftLog:OPENED:c-1,f-1,i0, conf=-1: [e64b81a2-7e97-4a9c-9a90-0d1e8edce3a8:192.168.157.254:40074, d9951c0b-6d6e-4464-b06b-4ef93c20892c:192.168.157.254:43622, 1be30185-a2c0-4461-afc0-2cb02fcff473:192.168.157.254:38008], old=null
2019-10-22 00:09:02,839 [1be30185-a2c0-4461-afc0-2cb02fcff473@group-A8B097DE35CC-LeaderElection620] INFO  impl.LeaderElection (LogUtils.java:infoOrTrace(149)) -   Exception 0: {}
java.util.concurrent.ExecutionException: org.apache.ratis.thirdparty.io.grpc.StatusRuntimeException: UNAVAILABLE: io exception
	at java.util.concurrent.FutureTask.report(FutureTask.java:122)
	at java.util.concurrent.FutureTask.get(FutureTask.java:192)
	at org.apache.ratis.server.impl.LeaderElection.waitForResults(LeaderElection.java:259)
	at org.apache.ratis.server.impl.LeaderElection.askForVotes(LeaderElection.java:197)
	at org.apache.ratis.server.impl.LeaderElection.run(LeaderElection.java:133)
	at java.lang.Thread.run(Thread.java:748)
Caused by: org.apache.ratis.thirdparty.io.grpc.StatusRuntimeException: UNAVAILABLE: io exception
	at org.apache.ratis.thirdparty.io.grpc.stub.ClientCalls.toStatusRuntimeException(ClientCalls.java:233)
	at org.apache.ratis.thirdparty.io.grpc.stub.ClientCalls.getUnchecked(ClientCalls.java:214)
	at org.apache.ratis.thirdparty.io.grpc.stub.ClientCalls.blockingUnaryCall(ClientCalls.java:139)
	at org.apache.ratis.proto.grpc.RaftServerProtocolServiceGrpc$RaftServerProtocolServiceBlockingStub.requestVote(RaftServerProtocolServiceGrpc.java:265)
	at org.apache.ratis.grpc.server.GrpcServerProtocolClient.requestVote(GrpcServerProtocolClient.java:99)
	at org.apache.ratis.grpc.server.GrpcService.requestVote(GrpcService.java:204)
	at org.apache.ratis.server.impl.LeaderElection.lambda$submitRequests$1(LeaderElection.java:234)
	at java.util.concurrent.FutureTask.run(FutureTask.java:266)
	at java.util.concurrent.Executors$RunnableAdapter.call(Executors.java:511)
	at java.util.concurrent.FutureTask.run(FutureTask.java:266)
	at java.util.concurrent.ThreadPoolExecutor.runWorker(ThreadPoolExecutor.java:1149)
	at java.util.concurrent.ThreadPoolExecutor$Worker.run(ThreadPoolExecutor.java:624)
	... 1 more
Caused by: org.apache.ratis.thirdparty.io.netty.channel.AbstractChannel$AnnotatedConnectException: Connection refused: /192.168.157.254:43622
	at sun.nio.ch.SocketChannelImpl.checkConnect(Native Method)
	at sun.nio.ch.SocketChannelImpl.finishConnect(SocketChannelImpl.java:717)
	at org.apache.ratis.thirdparty.io.netty.channel.socket.nio.NioSocketChannel.doFinishConnect(NioSocketChannel.java:327)
	at org.apache.ratis.thirdparty.io.netty.channel.nio.AbstractNioChannel$AbstractNioUnsafe.finishConnect(AbstractNioChannel.java:340)
	at org.apache.ratis.thirdparty.io.netty.channel.nio.NioEventLoop.processSelectedKey(NioEventLoop.java:632)
	at org.apache.ratis.thirdparty.io.netty.channel.nio.NioEventLoop.processSelectedKeysOptimized(NioEventLoop.java:579)
	at org.apache.ratis.thirdparty.io.netty.channel.nio.NioEventLoop.processSelectedKeys(NioEventLoop.java:496)
	at org.apache.ratis.thirdparty.io.netty.channel.nio.NioEventLoop.run(NioEventLoop.java:458)
	at org.apache.ratis.thirdparty.io.netty.util.concurrent.SingleThreadEventExecutor$5.run(SingleThreadEventExecutor.java:897)
	at org.apache.ratis.thirdparty.io.netty.util.concurrent.FastThreadLocalRunnable.run(FastThreadLocalRunnable.java:30)
	... 1 more
Caused by: java.net.ConnectException: Connection refused
	... 11 more
2019-10-22 00:09:02,839 [1be30185-a2c0-4461-afc0-2cb02fcff473@group-A8B097DE35CC-LeaderElection620] INFO  impl.RaftServerImpl (RaftServerImpl.java:setRole(184)) - 1be30185-a2c0-4461-afc0-2cb02fcff473@group-A8B097DE35CC: changes role from CANDIDATE to FOLLOWER at term 172 for DISCOVERED_A_NEW_TERM
2019-10-22 00:09:02,839 [1be30185-a2c0-4461-afc0-2cb02fcff473@group-A8B097DE35CC-LeaderElection620] INFO  impl.RoleInfo (RoleInfo.java:shutdownLeaderElection(134)) - 1be30185-a2c0-4461-afc0-2cb02fcff473: shutdown LeaderElection
2019-10-22 00:09:02,840 [1be30185-a2c0-4461-afc0-2cb02fcff473@group-A8B097DE35CC-LeaderElection620] INFO  impl.RoleInfo (RoleInfo.java:updateAndGet(143)) - 1be30185-a2c0-4461-afc0-2cb02fcff473: start FollowerState
2019-10-22 00:09:03,004 [Thread-5225] INFO  impl.FollowerState (FollowerState.java:run(108)) - 1be30185-a2c0-4461-afc0-2cb02fcff473@group-A8B097DE35CC-FollowerState: change to CANDIDATE, lastRpcTime:164ms, electionTimeout:164ms
2019-10-22 00:09:03,004 [Thread-5225] INFO  impl.RoleInfo (RoleInfo.java:shutdownFollowerState(121)) - 1be30185-a2c0-4461-afc0-2cb02fcff473: shutdown FollowerState
2019-10-22 00:09:03,004 [Thread-5225] INFO  impl.RaftServerImpl (RaftServerImpl.java:setRole(184)) - 1be30185-a2c0-4461-afc0-2cb02fcff473@group-A8B097DE35CC: changes role from  FOLLOWER to CANDIDATE at term 172 for changeToCandidate
2019-10-22 00:09:03,004 [Thread-5225] INFO  impl.RoleInfo (RoleInfo.java:updateAndGet(143)) - 1be30185-a2c0-4461-afc0-2cb02fcff473: start LeaderElection
2019-10-22 00:09:03,018 [1be30185-a2c0-4461-afc0-2cb02fcff473@group-A8B097DE35CC-LeaderElection621] INFO  impl.LeaderElection (LeaderElection.java:askForVotes(178)) - 1be30185-a2c0-4461-afc0-2cb02fcff473@group-A8B097DE35CC-LeaderElection621: begin an election at term 173 for -1: [e64b81a2-7e97-4a9c-9a90-0d1e8edce3a8:192.168.157.254:40074, d9951c0b-6d6e-4464-b06b-4ef93c20892c:192.168.157.254:43622, 1be30185-a2c0-4461-afc0-2cb02fcff473:192.168.157.254:38008], old=null
2019-10-22 00:09:03,019 [1be30185-a2c0-4461-afc0-2cb02fcff473@group-A8B097DE35CC-LeaderElection621] INFO  impl.LeaderElection (LogUtils.java:infoOrTrace(149)) - 1be30185-a2c0-4461-afc0-2cb02fcff473@group-A8B097DE35CC-LeaderElection621 got exception when requesting votes: {}
java.util.concurrent.ExecutionException: org.apache.ratis.thirdparty.io.grpc.StatusRuntimeException: UNAVAILABLE: io exception
	at java.util.concurrent.FutureTask.report(FutureTask.java:122)
	at java.util.concurrent.FutureTask.get(FutureTask.java:192)
	at org.apache.ratis.server.impl.LeaderElection.waitForResults(LeaderElection.java:259)
	at org.apache.ratis.server.impl.LeaderElection.askForVotes(LeaderElection.java:197)
	at org.apache.ratis.server.impl.LeaderElection.run(LeaderElection.java:133)
	at java.lang.Thread.run(Thread.java:748)
Caused by: org.apache.ratis.thirdparty.io.grpc.StatusRuntimeException: UNAVAILABLE: io exception
	at org.apache.ratis.thirdparty.io.grpc.stub.ClientCalls.toStatusRuntimeException(ClientCalls.java:233)
	at org.apache.ratis.thirdparty.io.grpc.stub.ClientCalls.getUnchecked(ClientCalls.java:214)
	at org.apache.ratis.thirdparty.io.grpc.stub.ClientCalls.blockingUnaryCall(ClientCalls.java:139)
	at org.apache.ratis.proto.grpc.RaftServerProtocolServiceGrpc$RaftServerProtocolServiceBlockingStub.requestVote(RaftServerProtocolServiceGrpc.java:265)
	at org.apache.ratis.grpc.server.GrpcServerProtocolClient.requestVote(GrpcServerProtocolClient.java:99)
	at org.apache.ratis.grpc.server.GrpcService.requestVote(GrpcService.java:204)
	at org.apache.ratis.server.impl.LeaderElection.lambda$submitRequests$1(LeaderElection.java:234)
	at java.util.concurrent.FutureTask.run(FutureTask.java:266)
	at java.util.concurrent.Executors$RunnableAdapter.call(Executors.java:511)
	at java.util.concurrent.FutureTask.run(FutureTask.java:266)
	at java.util.concurrent.ThreadPoolExecutor.runWorker(ThreadPoolExecutor.java:1149)
	at java.util.concurrent.ThreadPoolExecutor$Worker.run(ThreadPoolExecutor.java:624)
	... 1 more
Caused by: org.apache.ratis.thirdparty.io.netty.channel.AbstractChannel$AnnotatedConnectException: Connection refused: /192.168.157.254:43622
	at sun.nio.ch.SocketChannelImpl.checkConnect(Native Method)
	at sun.nio.ch.SocketChannelImpl.finishConnect(SocketChannelImpl.java:717)
	at org.apache.ratis.thirdparty.io.netty.channel.socket.nio.NioSocketChannel.doFinishConnect(NioSocketChannel.java:327)
	at org.apache.ratis.thirdparty.io.netty.channel.nio.AbstractNioChannel$AbstractNioUnsafe.finishConnect(AbstractNioChannel.java:340)
	at org.apache.ratis.thirdparty.io.netty.channel.nio.NioEventLoop.processSelectedKey(NioEventLoop.java:632)
	at org.apache.ratis.thirdparty.io.netty.channel.nio.NioEventLoop.processSelectedKeysOptimized(NioEventLoop.java:579)
	at org.apache.ratis.thirdparty.io.netty.channel.nio.NioEventLoop.processSelectedKeys(NioEventLoop.java:496)
	at org.apache.ratis.thirdparty.io.netty.channel.nio.NioEventLoop.run(NioEventLoop.java:458)
	at org.apache.ratis.thirdparty.io.netty.util.concurrent.SingleThreadEventExecutor$5.run(SingleThreadEventExecutor.java:897)
	at org.apache.ratis.thirdparty.io.netty.util.concurrent.FastThreadLocalRunnable.run(FastThreadLocalRunnable.java:30)
	... 1 more
Caused by: java.net.ConnectException: Connection refused
	... 11 more
2019-10-22 00:09:03,028 [grpc-default-executor-8] INFO  impl.RaftServerImpl (RaftServerImpl.java:setRole(184)) - e64b81a2-7e97-4a9c-9a90-0d1e8edce3a8@group-A8B097DE35CC: changes role from  FOLLOWER to FOLLOWER at term 173 for recognizeCandidate:1be30185-a2c0-4461-afc0-2cb02fcff473
2019-10-22 00:09:03,028 [grpc-default-executor-8] INFO  impl.RoleInfo (RoleInfo.java:shutdownFollowerState(121)) - e64b81a2-7e97-4a9c-9a90-0d1e8edce3a8: shutdown FollowerState
2019-10-22 00:09:03,028 [grpc-default-executor-8] INFO  impl.RoleInfo (RoleInfo.java:updateAndGet(143)) - e64b81a2-7e97-4a9c-9a90-0d1e8edce3a8: start FollowerState
2019-10-22 00:09:03,028 [Thread-5224] INFO  impl.FollowerState (FollowerState.java:run(117)) - e64b81a2-7e97-4a9c-9a90-0d1e8edce3a8@group-A8B097DE35CC-FollowerState was interrupted: java.lang.InterruptedException: sleep interrupted
2019-10-22 00:09:03,053 [1be30185-a2c0-4461-afc0-2cb02fcff473@group-A8B097DE35CC-LeaderElection621] INFO  impl.LeaderElection (LeaderElection.java:logAndReturn(56)) - 1be30185-a2c0-4461-afc0-2cb02fcff473@group-A8B097DE35CC-LeaderElection621: Election REJECTED; received 1 response(s) [1be30185-a2c0-4461-afc0-2cb02fcff473<-e64b81a2-7e97-4a9c-9a90-0d1e8edce3a8#0:FAIL-t173] and 1 exception(s); 1be30185-a2c0-4461-afc0-2cb02fcff473@group-A8B097DE35CC:t173, leader=null, voted=1be30185-a2c0-4461-afc0-2cb02fcff473, raftlog=1be30185-a2c0-4461-afc0-2cb02fcff473@group-A8B097DE35CC-SegmentedRaftLog:OPENED:c-1,f-1,i0, conf=-1: [e64b81a2-7e97-4a9c-9a90-0d1e8edce3a8:192.168.157.254:40074, d9951c0b-6d6e-4464-b06b-4ef93c20892c:192.168.157.254:43622, 1be30185-a2c0-4461-afc0-2cb02fcff473:192.168.157.254:38008], old=null
2019-10-22 00:09:03,053 [1be30185-a2c0-4461-afc0-2cb02fcff473@group-A8B097DE35CC-LeaderElection621] INFO  impl.LeaderElection (LogUtils.java:infoOrTrace(149)) -   Exception 0: {}
java.util.concurrent.ExecutionException: org.apache.ratis.thirdparty.io.grpc.StatusRuntimeException: UNAVAILABLE: io exception
	at java.util.concurrent.FutureTask.report(FutureTask.java:122)
	at java.util.concurrent.FutureTask.get(FutureTask.java:192)
	at org.apache.ratis.server.impl.LeaderElection.waitForResults(LeaderElection.java:259)
	at org.apache.ratis.server.impl.LeaderElection.askForVotes(LeaderElection.java:197)
	at org.apache.ratis.server.impl.LeaderElection.run(LeaderElection.java:133)
	at java.lang.Thread.run(Thread.java:748)
Caused by: org.apache.ratis.thirdparty.io.grpc.StatusRuntimeException: UNAVAILABLE: io exception
	at org.apache.ratis.thirdparty.io.grpc.stub.ClientCalls.toStatusRuntimeException(ClientCalls.java:233)
	at org.apache.ratis.thirdparty.io.grpc.stub.ClientCalls.getUnchecked(ClientCalls.java:214)
	at org.apache.ratis.thirdparty.io.grpc.stub.ClientCalls.blockingUnaryCall(ClientCalls.java:139)
	at org.apache.ratis.proto.grpc.RaftServerProtocolServiceGrpc$RaftServerProtocolServiceBlockingStub.requestVote(RaftServerProtocolServiceGrpc.java:265)
	at org.apache.ratis.grpc.server.GrpcServerProtocolClient.requestVote(GrpcServerProtocolClient.java:99)
	at org.apache.ratis.grpc.server.GrpcService.requestVote(GrpcService.java:204)
	at org.apache.ratis.server.impl.LeaderElection.lambda$submitRequests$1(LeaderElection.java:234)
	at java.util.concurrent.FutureTask.run(FutureTask.java:266)
	at java.util.concurrent.Executors$RunnableAdapter.call(Executors.java:511)
	at java.util.concurrent.FutureTask.run(FutureTask.java:266)
	at java.util.concurrent.ThreadPoolExecutor.runWorker(ThreadPoolExecutor.java:1149)
	at java.util.concurrent.ThreadPoolExecutor$Worker.run(ThreadPoolExecutor.java:624)
	... 1 more
Caused by: org.apache.ratis.thirdparty.io.netty.channel.AbstractChannel$AnnotatedConnectException: Connection refused: /192.168.157.254:43622
	at sun.nio.ch.SocketChannelImpl.checkConnect(Native Method)
	at sun.nio.ch.SocketChannelImpl.finishConnect(SocketChannelImpl.java:717)
	at org.apache.ratis.thirdparty.io.netty.channel.socket.nio.NioSocketChannel.doFinishConnect(NioSocketChannel.java:327)
	at org.apache.ratis.thirdparty.io.netty.channel.nio.AbstractNioChannel$AbstractNioUnsafe.finishConnect(AbstractNioChannel.java:340)
	at org.apache.ratis.thirdparty.io.netty.channel.nio.NioEventLoop.processSelectedKey(NioEventLoop.java:632)
	at org.apache.ratis.thirdparty.io.netty.channel.nio.NioEventLoop.processSelectedKeysOptimized(NioEventLoop.java:579)
	at org.apache.ratis.thirdparty.io.netty.channel.nio.NioEventLoop.processSelectedKeys(NioEventLoop.java:496)
	at org.apache.ratis.thirdparty.io.netty.channel.nio.NioEventLoop.run(NioEventLoop.java:458)
	at org.apache.ratis.thirdparty.io.netty.util.concurrent.SingleThreadEventExecutor$5.run(SingleThreadEventExecutor.java:897)
	at org.apache.ratis.thirdparty.io.netty.util.concurrent.FastThreadLocalRunnable.run(FastThreadLocalRunnable.java:30)
	... 1 more
Caused by: java.net.ConnectException: Connection refused
	... 11 more
2019-10-22 00:09:03,054 [1be30185-a2c0-4461-afc0-2cb02fcff473@group-A8B097DE35CC-LeaderElection621] INFO  impl.RaftServerImpl (RaftServerImpl.java:setRole(184)) - 1be30185-a2c0-4461-afc0-2cb02fcff473@group-A8B097DE35CC: changes role from CANDIDATE to FOLLOWER at term 173 for DISCOVERED_A_NEW_TERM
2019-10-22 00:09:03,054 [1be30185-a2c0-4461-afc0-2cb02fcff473@group-A8B097DE35CC-LeaderElection621] INFO  impl.RoleInfo (RoleInfo.java:shutdownLeaderElection(134)) - 1be30185-a2c0-4461-afc0-2cb02fcff473: shutdown LeaderElection
2019-10-22 00:09:03,054 [1be30185-a2c0-4461-afc0-2cb02fcff473@group-A8B097DE35CC-LeaderElection621] INFO  impl.RoleInfo (RoleInfo.java:updateAndGet(143)) - 1be30185-a2c0-4461-afc0-2cb02fcff473: start FollowerState
2019-10-22 00:09:03,210 [Thread-5232] INFO  impl.FollowerState (FollowerState.java:run(108)) - 1be30185-a2c0-4461-afc0-2cb02fcff473@group-A8B097DE35CC-FollowerState: change to CANDIDATE, lastRpcTime:156ms, electionTimeout:156ms
2019-10-22 00:09:03,210 [Thread-5232] INFO  impl.RoleInfo (RoleInfo.java:shutdownFollowerState(121)) - 1be30185-a2c0-4461-afc0-2cb02fcff473: shutdown FollowerState
2019-10-22 00:09:03,210 [Thread-5232] INFO  impl.RaftServerImpl (RaftServerImpl.java:setRole(184)) - 1be30185-a2c0-4461-afc0-2cb02fcff473@group-A8B097DE35CC: changes role from  FOLLOWER to CANDIDATE at term 173 for changeToCandidate
2019-10-22 00:09:03,210 [Thread-5232] INFO  impl.RoleInfo (RoleInfo.java:updateAndGet(143)) - 1be30185-a2c0-4461-afc0-2cb02fcff473: start LeaderElection
2019-10-22 00:09:03,224 [1be30185-a2c0-4461-afc0-2cb02fcff473@group-A8B097DE35CC-LeaderElection622] INFO  impl.LeaderElection (LeaderElection.java:askForVotes(178)) - 1be30185-a2c0-4461-afc0-2cb02fcff473@group-A8B097DE35CC-LeaderElection622: begin an election at term 174 for -1: [e64b81a2-7e97-4a9c-9a90-0d1e8edce3a8:192.168.157.254:40074, d9951c0b-6d6e-4464-b06b-4ef93c20892c:192.168.157.254:43622, 1be30185-a2c0-4461-afc0-2cb02fcff473:192.168.157.254:38008], old=null
2019-10-22 00:09:03,225 [1be30185-a2c0-4461-afc0-2cb02fcff473@group-A8B097DE35CC-LeaderElection622] INFO  impl.LeaderElection (LogUtils.java:infoOrTrace(149)) - 1be30185-a2c0-4461-afc0-2cb02fcff473@group-A8B097DE35CC-LeaderElection622 got exception when requesting votes: {}
java.util.concurrent.ExecutionException: org.apache.ratis.thirdparty.io.grpc.StatusRuntimeException: UNAVAILABLE: io exception
	at java.util.concurrent.FutureTask.report(FutureTask.java:122)
	at java.util.concurrent.FutureTask.get(FutureTask.java:192)
	at org.apache.ratis.server.impl.LeaderElection.waitForResults(LeaderElection.java:259)
	at org.apache.ratis.server.impl.LeaderElection.askForVotes(LeaderElection.java:197)
	at org.apache.ratis.server.impl.LeaderElection.run(LeaderElection.java:133)
	at java.lang.Thread.run(Thread.java:748)
Caused by: org.apache.ratis.thirdparty.io.grpc.StatusRuntimeException: UNAVAILABLE: io exception
	at org.apache.ratis.thirdparty.io.grpc.stub.ClientCalls.toStatusRuntimeException(ClientCalls.java:233)
	at org.apache.ratis.thirdparty.io.grpc.stub.ClientCalls.getUnchecked(ClientCalls.java:214)
	at org.apache.ratis.thirdparty.io.grpc.stub.ClientCalls.blockingUnaryCall(ClientCalls.java:139)
	at org.apache.ratis.proto.grpc.RaftServerProtocolServiceGrpc$RaftServerProtocolServiceBlockingStub.requestVote(RaftServerProtocolServiceGrpc.java:265)
	at org.apache.ratis.grpc.server.GrpcServerProtocolClient.requestVote(GrpcServerProtocolClient.java:99)
	at org.apache.ratis.grpc.server.GrpcService.requestVote(GrpcService.java:204)
	at org.apache.ratis.server.impl.LeaderElection.lambda$submitRequests$1(LeaderElection.java:234)
	at java.util.concurrent.FutureTask.run(FutureTask.java:266)
	at java.util.concurrent.Executors$RunnableAdapter.call(Executors.java:511)
	at java.util.concurrent.FutureTask.run(FutureTask.java:266)
	at java.util.concurrent.ThreadPoolExecutor.runWorker(ThreadPoolExecutor.java:1149)
	at java.util.concurrent.ThreadPoolExecutor$Worker.run(ThreadPoolExecutor.java:624)
	... 1 more
Caused by: org.apache.ratis.thirdparty.io.netty.channel.AbstractChannel$AnnotatedConnectException: Connection refused: /192.168.157.254:43622
	at sun.nio.ch.SocketChannelImpl.checkConnect(Native Method)
	at sun.nio.ch.SocketChannelImpl.finishConnect(SocketChannelImpl.java:717)
	at org.apache.ratis.thirdparty.io.netty.channel.socket.nio.NioSocketChannel.doFinishConnect(NioSocketChannel.java:327)
	at org.apache.ratis.thirdparty.io.netty.channel.nio.AbstractNioChannel$AbstractNioUnsafe.finishConnect(AbstractNioChannel.java:340)
	at org.apache.ratis.thirdparty.io.netty.channel.nio.NioEventLoop.processSelectedKey(NioEventLoop.java:632)
	at org.apache.ratis.thirdparty.io.netty.channel.nio.NioEventLoop.processSelectedKeysOptimized(NioEventLoop.java:579)
	at org.apache.ratis.thirdparty.io.netty.channel.nio.NioEventLoop.processSelectedKeys(NioEventLoop.java:496)
	at org.apache.ratis.thirdparty.io.netty.channel.nio.NioEventLoop.run(NioEventLoop.java:458)
	at org.apache.ratis.thirdparty.io.netty.util.concurrent.SingleThreadEventExecutor$5.run(SingleThreadEventExecutor.java:897)
	at org.apache.ratis.thirdparty.io.netty.util.concurrent.FastThreadLocalRunnable.run(FastThreadLocalRunnable.java:30)
	... 1 more
Caused by: java.net.ConnectException: Connection refused
	... 11 more
2019-10-22 00:09:03,228 [grpc-default-executor-8] INFO  impl.RaftServerImpl (RaftServerImpl.java:setRole(184)) - e64b81a2-7e97-4a9c-9a90-0d1e8edce3a8@group-A8B097DE35CC: changes role from  FOLLOWER to FOLLOWER at term 174 for recognizeCandidate:1be30185-a2c0-4461-afc0-2cb02fcff473
2019-10-22 00:09:03,228 [grpc-default-executor-8] INFO  impl.RoleInfo (RoleInfo.java:shutdownFollowerState(121)) - e64b81a2-7e97-4a9c-9a90-0d1e8edce3a8: shutdown FollowerState
2019-10-22 00:09:03,228 [grpc-default-executor-8] INFO  impl.RoleInfo (RoleInfo.java:updateAndGet(143)) - e64b81a2-7e97-4a9c-9a90-0d1e8edce3a8: start FollowerState
2019-10-22 00:09:03,228 [Thread-5231] INFO  impl.FollowerState (FollowerState.java:run(117)) - e64b81a2-7e97-4a9c-9a90-0d1e8edce3a8@group-A8B097DE35CC-FollowerState was interrupted: java.lang.InterruptedException: sleep interrupted
2019-10-22 00:09:03,242 [1be30185-a2c0-4461-afc0-2cb02fcff473@group-A8B097DE35CC-LeaderElection622] INFO  impl.LeaderElection (LeaderElection.java:logAndReturn(56)) - 1be30185-a2c0-4461-afc0-2cb02fcff473@group-A8B097DE35CC-LeaderElection622: Election REJECTED; received 1 response(s) [1be30185-a2c0-4461-afc0-2cb02fcff473<-e64b81a2-7e97-4a9c-9a90-0d1e8edce3a8#0:FAIL-t174] and 1 exception(s); 1be30185-a2c0-4461-afc0-2cb02fcff473@group-A8B097DE35CC:t174, leader=null, voted=1be30185-a2c0-4461-afc0-2cb02fcff473, raftlog=1be30185-a2c0-4461-afc0-2cb02fcff473@group-A8B097DE35CC-SegmentedRaftLog:OPENED:c-1,f-1,i0, conf=-1: [e64b81a2-7e97-4a9c-9a90-0d1e8edce3a8:192.168.157.254:40074, d9951c0b-6d6e-4464-b06b-4ef93c20892c:192.168.157.254:43622, 1be30185-a2c0-4461-afc0-2cb02fcff473:192.168.157.254:38008], old=null
2019-10-22 00:09:03,242 [1be30185-a2c0-4461-afc0-2cb02fcff473@group-A8B097DE35CC-LeaderElection622] INFO  impl.LeaderElection (LogUtils.java:infoOrTrace(149)) -   Exception 0: {}
java.util.concurrent.ExecutionException: org.apache.ratis.thirdparty.io.grpc.StatusRuntimeException: UNAVAILABLE: io exception
	at java.util.concurrent.FutureTask.report(FutureTask.java:122)
	at java.util.concurrent.FutureTask.get(FutureTask.java:192)
	at org.apache.ratis.server.impl.LeaderElection.waitForResults(LeaderElection.java:259)
	at org.apache.ratis.server.impl.LeaderElection.askForVotes(LeaderElection.java:197)
	at org.apache.ratis.server.impl.LeaderElection.run(LeaderElection.java:133)
	at java.lang.Thread.run(Thread.java:748)
Caused by: org.apache.ratis.thirdparty.io.grpc.StatusRuntimeException: UNAVAILABLE: io exception
	at org.apache.ratis.thirdparty.io.grpc.stub.ClientCalls.toStatusRuntimeException(ClientCalls.java:233)
	at org.apache.ratis.thirdparty.io.grpc.stub.ClientCalls.getUnchecked(ClientCalls.java:214)
	at org.apache.ratis.thirdparty.io.grpc.stub.ClientCalls.blockingUnaryCall(ClientCalls.java:139)
	at org.apache.ratis.proto.grpc.RaftServerProtocolServiceGrpc$RaftServerProtocolServiceBlockingStub.requestVote(RaftServerProtocolServiceGrpc.java:265)
	at org.apache.ratis.grpc.server.GrpcServerProtocolClient.requestVote(GrpcServerProtocolClient.java:99)
	at org.apache.ratis.grpc.server.GrpcService.requestVote(GrpcService.java:204)
	at org.apache.ratis.server.impl.LeaderElection.lambda$submitRequests$1(LeaderElection.java:234)
	at java.util.concurrent.FutureTask.run(FutureTask.java:266)
	at java.util.concurrent.Executors$RunnableAdapter.call(Executors.java:511)
	at java.util.concurrent.FutureTask.run(FutureTask.java:266)
	at java.util.concurrent.ThreadPoolExecutor.runWorker(ThreadPoolExecutor.java:1149)
	at java.util.concurrent.ThreadPoolExecutor$Worker.run(ThreadPoolExecutor.java:624)
	... 1 more
Caused by: org.apache.ratis.thirdparty.io.netty.channel.AbstractChannel$AnnotatedConnectException: Connection refused: /192.168.157.254:43622
	at sun.nio.ch.SocketChannelImpl.checkConnect(Native Method)
	at sun.nio.ch.SocketChannelImpl.finishConnect(SocketChannelImpl.java:717)
	at org.apache.ratis.thirdparty.io.netty.channel.socket.nio.NioSocketChannel.doFinishConnect(NioSocketChannel.java:327)
	at org.apache.ratis.thirdparty.io.netty.channel.nio.AbstractNioChannel$AbstractNioUnsafe.finishConnect(AbstractNioChannel.java:340)
	at org.apache.ratis.thirdparty.io.netty.channel.nio.NioEventLoop.processSelectedKey(NioEventLoop.java:632)
	at org.apache.ratis.thirdparty.io.netty.channel.nio.NioEventLoop.processSelectedKeysOptimized(NioEventLoop.java:579)
	at org.apache.ratis.thirdparty.io.netty.channel.nio.NioEventLoop.processSelectedKeys(NioEventLoop.java:496)
	at org.apache.ratis.thirdparty.io.netty.channel.nio.NioEventLoop.run(NioEventLoop.java:458)
	at org.apache.ratis.thirdparty.io.netty.util.concurrent.SingleThreadEventExecutor$5.run(SingleThreadEventExecutor.java:897)
	at org.apache.ratis.thirdparty.io.netty.util.concurrent.FastThreadLocalRunnable.run(FastThreadLocalRunnable.java:30)
	... 1 more
Caused by: java.net.ConnectException: Connection refused
	... 11 more
2019-10-22 00:09:03,243 [1be30185-a2c0-4461-afc0-2cb02fcff473@group-A8B097DE35CC-LeaderElection622] INFO  impl.RaftServerImpl (RaftServerImpl.java:setRole(184)) - 1be30185-a2c0-4461-afc0-2cb02fcff473@group-A8B097DE35CC: changes role from CANDIDATE to FOLLOWER at term 174 for DISCOVERED_A_NEW_TERM
2019-10-22 00:09:03,243 [1be30185-a2c0-4461-afc0-2cb02fcff473@group-A8B097DE35CC-LeaderElection622] INFO  impl.RoleInfo (RoleInfo.java:shutdownLeaderElection(134)) - 1be30185-a2c0-4461-afc0-2cb02fcff473: shutdown LeaderElection
2019-10-22 00:09:03,243 [1be30185-a2c0-4461-afc0-2cb02fcff473@group-A8B097DE35CC-LeaderElection622] INFO  impl.RoleInfo (RoleInfo.java:updateAndGet(143)) - 1be30185-a2c0-4461-afc0-2cb02fcff473: start FollowerState
2019-10-22 00:09:03,293 [Thread-5238] INFO  impl.FollowerState (FollowerState.java:run(108)) - 1be30185-a2c0-4461-afc0-2cb02fcff473@group-A8B097DE35CC-FollowerState: change to CANDIDATE, lastRpcTime:50ms, electionTimeout:50ms
2019-10-22 00:09:03,293 [Thread-5238] INFO  impl.RoleInfo (RoleInfo.java:shutdownFollowerState(121)) - 1be30185-a2c0-4461-afc0-2cb02fcff473: shutdown FollowerState
2019-10-22 00:09:03,294 [Thread-5238] INFO  impl.RaftServerImpl (RaftServerImpl.java:setRole(184)) - 1be30185-a2c0-4461-afc0-2cb02fcff473@group-A8B097DE35CC: changes role from  FOLLOWER to CANDIDATE at term 174 for changeToCandidate
2019-10-22 00:09:03,294 [Thread-5238] INFO  impl.RoleInfo (RoleInfo.java:updateAndGet(143)) - 1be30185-a2c0-4461-afc0-2cb02fcff473: start LeaderElection
2019-10-22 00:09:03,317 [1be30185-a2c0-4461-afc0-2cb02fcff473@group-A8B097DE35CC-LeaderElection623] INFO  impl.LeaderElection (LeaderElection.java:askForVotes(178)) - 1be30185-a2c0-4461-afc0-2cb02fcff473@group-A8B097DE35CC-LeaderElection623: begin an election at term 175 for -1: [e64b81a2-7e97-4a9c-9a90-0d1e8edce3a8:192.168.157.254:40074, d9951c0b-6d6e-4464-b06b-4ef93c20892c:192.168.157.254:43622, 1be30185-a2c0-4461-afc0-2cb02fcff473:192.168.157.254:38008], old=null
2019-10-22 00:09:03,318 [1be30185-a2c0-4461-afc0-2cb02fcff473@group-A8B097DE35CC-LeaderElection623] INFO  impl.LeaderElection (LogUtils.java:infoOrTrace(149)) - 1be30185-a2c0-4461-afc0-2cb02fcff473@group-A8B097DE35CC-LeaderElection623 got exception when requesting votes: {}
java.util.concurrent.ExecutionException: org.apache.ratis.thirdparty.io.grpc.StatusRuntimeException: UNAVAILABLE: io exception
	at java.util.concurrent.FutureTask.report(FutureTask.java:122)
	at java.util.concurrent.FutureTask.get(FutureTask.java:192)
	at org.apache.ratis.server.impl.LeaderElection.waitForResults(LeaderElection.java:259)
	at org.apache.ratis.server.impl.LeaderElection.askForVotes(LeaderElection.java:197)
	at org.apache.ratis.server.impl.LeaderElection.run(LeaderElection.java:133)
	at java.lang.Thread.run(Thread.java:748)
Caused by: org.apache.ratis.thirdparty.io.grpc.StatusRuntimeException: UNAVAILABLE: io exception
	at org.apache.ratis.thirdparty.io.grpc.stub.ClientCalls.toStatusRuntimeException(ClientCalls.java:233)
	at org.apache.ratis.thirdparty.io.grpc.stub.ClientCalls.getUnchecked(ClientCalls.java:214)
	at org.apache.ratis.thirdparty.io.grpc.stub.ClientCalls.blockingUnaryCall(ClientCalls.java:139)
	at org.apache.ratis.proto.grpc.RaftServerProtocolServiceGrpc$RaftServerProtocolServiceBlockingStub.requestVote(RaftServerProtocolServiceGrpc.java:265)
	at org.apache.ratis.grpc.server.GrpcServerProtocolClient.requestVote(GrpcServerProtocolClient.java:99)
	at org.apache.ratis.grpc.server.GrpcService.requestVote(GrpcService.java:204)
	at org.apache.ratis.server.impl.LeaderElection.lambda$submitRequests$1(LeaderElection.java:234)
	at java.util.concurrent.FutureTask.run(FutureTask.java:266)
	at java.util.concurrent.Executors$RunnableAdapter.call(Executors.java:511)
	at java.util.concurrent.FutureTask.run(FutureTask.java:266)
	at java.util.concurrent.ThreadPoolExecutor.runWorker(ThreadPoolExecutor.java:1149)
	at java.util.concurrent.ThreadPoolExecutor$Worker.run(ThreadPoolExecutor.java:624)
	... 1 more
Caused by: org.apache.ratis.thirdparty.io.netty.channel.AbstractChannel$AnnotatedConnectException: Connection refused: /192.168.157.254:43622
	at sun.nio.ch.SocketChannelImpl.checkConnect(Native Method)
	at sun.nio.ch.SocketChannelImpl.finishConnect(SocketChannelImpl.java:717)
	at org.apache.ratis.thirdparty.io.netty.channel.socket.nio.NioSocketChannel.doFinishConnect(NioSocketChannel.java:327)
	at org.apache.ratis.thirdparty.io.netty.channel.nio.AbstractNioChannel$AbstractNioUnsafe.finishConnect(AbstractNioChannel.java:340)
	at org.apache.ratis.thirdparty.io.netty.channel.nio.NioEventLoop.processSelectedKey(NioEventLoop.java:632)
	at org.apache.ratis.thirdparty.io.netty.channel.nio.NioEventLoop.processSelectedKeysOptimized(NioEventLoop.java:579)
	at org.apache.ratis.thirdparty.io.netty.channel.nio.NioEventLoop.processSelectedKeys(NioEventLoop.java:496)
	at org.apache.ratis.thirdparty.io.netty.channel.nio.NioEventLoop.run(NioEventLoop.java:458)
	at org.apache.ratis.thirdparty.io.netty.util.concurrent.SingleThreadEventExecutor$5.run(SingleThreadEventExecutor.java:897)
	at org.apache.ratis.thirdparty.io.netty.util.concurrent.FastThreadLocalRunnable.run(FastThreadLocalRunnable.java:30)
	... 1 more
Caused by: java.net.ConnectException: Connection refused
	... 11 more
2019-10-22 00:09:03,321 [grpc-default-executor-8] INFO  impl.RaftServerImpl (RaftServerImpl.java:setRole(184)) - e64b81a2-7e97-4a9c-9a90-0d1e8edce3a8@group-A8B097DE35CC: changes role from  FOLLOWER to FOLLOWER at term 175 for recognizeCandidate:1be30185-a2c0-4461-afc0-2cb02fcff473
2019-10-22 00:09:03,321 [grpc-default-executor-8] INFO  impl.RoleInfo (RoleInfo.java:shutdownFollowerState(121)) - e64b81a2-7e97-4a9c-9a90-0d1e8edce3a8: shutdown FollowerState
2019-10-22 00:09:03,322 [grpc-default-executor-8] INFO  impl.RoleInfo (RoleInfo.java:updateAndGet(143)) - e64b81a2-7e97-4a9c-9a90-0d1e8edce3a8: start FollowerState
2019-10-22 00:09:03,322 [Thread-5237] INFO  impl.FollowerState (FollowerState.java:run(117)) - e64b81a2-7e97-4a9c-9a90-0d1e8edce3a8@group-A8B097DE35CC-FollowerState was interrupted: java.lang.InterruptedException: sleep interrupted
2019-10-22 00:09:03,330 [1be30185-a2c0-4461-afc0-2cb02fcff473@group-A8B097DE35CC-LeaderElection623] INFO  impl.LeaderElection (LeaderElection.java:logAndReturn(56)) - 1be30185-a2c0-4461-afc0-2cb02fcff473@group-A8B097DE35CC-LeaderElection623: Election TIMEOUT; received 0 response(s) [] and 1 exception(s); 1be30185-a2c0-4461-afc0-2cb02fcff473@group-A8B097DE35CC:t175, leader=null, voted=1be30185-a2c0-4461-afc0-2cb02fcff473, raftlog=1be30185-a2c0-4461-afc0-2cb02fcff473@group-A8B097DE35CC-SegmentedRaftLog:OPENED:c-1,f-1,i0, conf=-1: [e64b81a2-7e97-4a9c-9a90-0d1e8edce3a8:192.168.157.254:40074, d9951c0b-6d6e-4464-b06b-4ef93c20892c:192.168.157.254:43622, 1be30185-a2c0-4461-afc0-2cb02fcff473:192.168.157.254:38008], old=null
2019-10-22 00:09:03,330 [1be30185-a2c0-4461-afc0-2cb02fcff473@group-A8B097DE35CC-LeaderElection623] INFO  impl.LeaderElection (LogUtils.java:infoOrTrace(149)) -   Exception 0: {}
java.util.concurrent.ExecutionException: org.apache.ratis.thirdparty.io.grpc.StatusRuntimeException: UNAVAILABLE: io exception
	at java.util.concurrent.FutureTask.report(FutureTask.java:122)
	at java.util.concurrent.FutureTask.get(FutureTask.java:192)
	at org.apache.ratis.server.impl.LeaderElection.waitForResults(LeaderElection.java:259)
	at org.apache.ratis.server.impl.LeaderElection.askForVotes(LeaderElection.java:197)
	at org.apache.ratis.server.impl.LeaderElection.run(LeaderElection.java:133)
	at java.lang.Thread.run(Thread.java:748)
Caused by: org.apache.ratis.thirdparty.io.grpc.StatusRuntimeException: UNAVAILABLE: io exception
	at org.apache.ratis.thirdparty.io.grpc.stub.ClientCalls.toStatusRuntimeException(ClientCalls.java:233)
	at org.apache.ratis.thirdparty.io.grpc.stub.ClientCalls.getUnchecked(ClientCalls.java:214)
	at org.apache.ratis.thirdparty.io.grpc.stub.ClientCalls.blockingUnaryCall(ClientCalls.java:139)
	at org.apache.ratis.proto.grpc.RaftServerProtocolServiceGrpc$RaftServerProtocolServiceBlockingStub.requestVote(RaftServerProtocolServiceGrpc.java:265)
	at org.apache.ratis.grpc.server.GrpcServerProtocolClient.requestVote(GrpcServerProtocolClient.java:99)
	at org.apache.ratis.grpc.server.GrpcService.requestVote(GrpcService.java:204)
	at org.apache.ratis.server.impl.LeaderElection.lambda$submitRequests$1(LeaderElection.java:234)
	at java.util.concurrent.FutureTask.run(FutureTask.java:266)
	at java.util.concurrent.Executors$RunnableAdapter.call(Executors.java:511)
	at java.util.concurrent.FutureTask.run(FutureTask.java:266)
	at java.util.concurrent.ThreadPoolExecutor.runWorker(ThreadPoolExecutor.java:1149)
	at java.util.concurrent.ThreadPoolExecutor$Worker.run(ThreadPoolExecutor.java:624)
	... 1 more
Caused by: org.apache.ratis.thirdparty.io.netty.channel.AbstractChannel$AnnotatedConnectException: Connection refused: /192.168.157.254:43622
	at sun.nio.ch.SocketChannelImpl.checkConnect(Native Method)
	at sun.nio.ch.SocketChannelImpl.finishConnect(SocketChannelImpl.java:717)
	at org.apache.ratis.thirdparty.io.netty.channel.socket.nio.NioSocketChannel.doFinishConnect(NioSocketChannel.java:327)
	at org.apache.ratis.thirdparty.io.netty.channel.nio.AbstractNioChannel$AbstractNioUnsafe.finishConnect(AbstractNioChannel.java:340)
	at org.apache.ratis.thirdparty.io.netty.channel.nio.NioEventLoop.processSelectedKey(NioEventLoop.java:632)
	at org.apache.ratis.thirdparty.io.netty.channel.nio.NioEventLoop.processSelectedKeysOptimized(NioEventLoop.java:579)
	at org.apache.ratis.thirdparty.io.netty.channel.nio.NioEventLoop.processSelectedKeys(NioEventLoop.java:496)
	at org.apache.ratis.thirdparty.io.netty.channel.nio.NioEventLoop.run(NioEventLoop.java:458)
	at org.apache.ratis.thirdparty.io.netty.util.concurrent.SingleThreadEventExecutor$5.run(SingleThreadEventExecutor.java:897)
	at org.apache.ratis.thirdparty.io.netty.util.concurrent.FastThreadLocalRunnable.run(FastThreadLocalRunnable.java:30)
	... 1 more
Caused by: java.net.ConnectException: Connection refused
	... 11 more
2019-10-22 00:09:03,366 [1be30185-a2c0-4461-afc0-2cb02fcff473@group-A8B097DE35CC-LeaderElection623] INFO  impl.LeaderElection (LeaderElection.java:askForVotes(178)) - 1be30185-a2c0-4461-afc0-2cb02fcff473@group-A8B097DE35CC-LeaderElection623: begin an election at term 176 for -1: [e64b81a2-7e97-4a9c-9a90-0d1e8edce3a8:192.168.157.254:40074, d9951c0b-6d6e-4464-b06b-4ef93c20892c:192.168.157.254:43622, 1be30185-a2c0-4461-afc0-2cb02fcff473:192.168.157.254:38008], old=null
2019-10-22 00:09:03,367 [1be30185-a2c0-4461-afc0-2cb02fcff473@group-A8B097DE35CC-LeaderElection623] INFO  impl.LeaderElection (LogUtils.java:infoOrTrace(149)) - 1be30185-a2c0-4461-afc0-2cb02fcff473@group-A8B097DE35CC-LeaderElection623 got exception when requesting votes: {}
java.util.concurrent.ExecutionException: org.apache.ratis.thirdparty.io.grpc.StatusRuntimeException: UNAVAILABLE: io exception
	at java.util.concurrent.FutureTask.report(FutureTask.java:122)
	at java.util.concurrent.FutureTask.get(FutureTask.java:192)
	at org.apache.ratis.server.impl.LeaderElection.waitForResults(LeaderElection.java:259)
	at org.apache.ratis.server.impl.LeaderElection.askForVotes(LeaderElection.java:197)
	at org.apache.ratis.server.impl.LeaderElection.run(LeaderElection.java:133)
	at java.lang.Thread.run(Thread.java:748)
Caused by: org.apache.ratis.thirdparty.io.grpc.StatusRuntimeException: UNAVAILABLE: io exception
	at org.apache.ratis.thirdparty.io.grpc.stub.ClientCalls.toStatusRuntimeException(ClientCalls.java:233)
	at org.apache.ratis.thirdparty.io.grpc.stub.ClientCalls.getUnchecked(ClientCalls.java:214)
	at org.apache.ratis.thirdparty.io.grpc.stub.ClientCalls.blockingUnaryCall(ClientCalls.java:139)
	at org.apache.ratis.proto.grpc.RaftServerProtocolServiceGrpc$RaftServerProtocolServiceBlockingStub.requestVote(RaftServerProtocolServiceGrpc.java:265)
	at org.apache.ratis.grpc.server.GrpcServerProtocolClient.requestVote(GrpcServerProtocolClient.java:99)
	at org.apache.ratis.grpc.server.GrpcService.requestVote(GrpcService.java:204)
	at org.apache.ratis.server.impl.LeaderElection.lambda$submitRequests$1(LeaderElection.java:234)
	at java.util.concurrent.FutureTask.run(FutureTask.java:266)
	at java.util.concurrent.Executors$RunnableAdapter.call(Executors.java:511)
	at java.util.concurrent.FutureTask.run(FutureTask.java:266)
	at java.util.concurrent.ThreadPoolExecutor.runWorker(ThreadPoolExecutor.java:1149)
	at java.util.concurrent.ThreadPoolExecutor$Worker.run(ThreadPoolExecutor.java:624)
	... 1 more
Caused by: org.apache.ratis.thirdparty.io.netty.channel.AbstractChannel$AnnotatedConnectException: Connection refused: /192.168.157.254:43622
	at sun.nio.ch.SocketChannelImpl.checkConnect(Native Method)
	at sun.nio.ch.SocketChannelImpl.finishConnect(SocketChannelImpl.java:717)
	at org.apache.ratis.thirdparty.io.netty.channel.socket.nio.NioSocketChannel.doFinishConnect(NioSocketChannel.java:327)
	at org.apache.ratis.thirdparty.io.netty.channel.nio.AbstractNioChannel$AbstractNioUnsafe.finishConnect(AbstractNioChannel.java:340)
	at org.apache.ratis.thirdparty.io.netty.channel.nio.NioEventLoop.processSelectedKey(NioEventLoop.java:632)
	at org.apache.ratis.thirdparty.io.netty.channel.nio.NioEventLoop.processSelectedKeysOptimized(NioEventLoop.java:579)
	at org.apache.ratis.thirdparty.io.netty.channel.nio.NioEventLoop.processSelectedKeys(NioEventLoop.java:496)
	at org.apache.ratis.thirdparty.io.netty.channel.nio.NioEventLoop.run(NioEventLoop.java:458)
	at org.apache.ratis.thirdparty.io.netty.util.concurrent.SingleThreadEventExecutor$5.run(SingleThreadEventExecutor.java:897)
	at org.apache.ratis.thirdparty.io.netty.util.concurrent.FastThreadLocalRunnable.run(FastThreadLocalRunnable.java:30)
	... 1 more
Caused by: java.net.ConnectException: Connection refused
	... 11 more
2019-10-22 00:09:03,370 [grpc-default-executor-8] INFO  impl.RaftServerImpl (RaftServerImpl.java:setRole(184)) - e64b81a2-7e97-4a9c-9a90-0d1e8edce3a8@group-A8B097DE35CC: changes role from  FOLLOWER to FOLLOWER at term 176 for recognizeCandidate:1be30185-a2c0-4461-afc0-2cb02fcff473
2019-10-22 00:09:03,370 [grpc-default-executor-8] INFO  impl.RoleInfo (RoleInfo.java:shutdownFollowerState(121)) - e64b81a2-7e97-4a9c-9a90-0d1e8edce3a8: shutdown FollowerState
2019-10-22 00:09:03,370 [grpc-default-executor-8] INFO  impl.RoleInfo (RoleInfo.java:updateAndGet(143)) - e64b81a2-7e97-4a9c-9a90-0d1e8edce3a8: start FollowerState
2019-10-22 00:09:03,370 [Thread-5242] INFO  impl.FollowerState (FollowerState.java:run(117)) - e64b81a2-7e97-4a9c-9a90-0d1e8edce3a8@group-A8B097DE35CC-FollowerState was interrupted: java.lang.InterruptedException: sleep interrupted
2019-10-22 00:09:03,380 [1be30185-a2c0-4461-afc0-2cb02fcff473@group-A8B097DE35CC-LeaderElection623] INFO  impl.LeaderElection (LeaderElection.java:logAndReturn(56)) - 1be30185-a2c0-4461-afc0-2cb02fcff473@group-A8B097DE35CC-LeaderElection623: Election REJECTED; received 1 response(s) [1be30185-a2c0-4461-afc0-2cb02fcff473<-e64b81a2-7e97-4a9c-9a90-0d1e8edce3a8#0:FAIL-t176] and 1 exception(s); 1be30185-a2c0-4461-afc0-2cb02fcff473@group-A8B097DE35CC:t176, leader=null, voted=1be30185-a2c0-4461-afc0-2cb02fcff473, raftlog=1be30185-a2c0-4461-afc0-2cb02fcff473@group-A8B097DE35CC-SegmentedRaftLog:OPENED:c-1,f-1,i0, conf=-1: [e64b81a2-7e97-4a9c-9a90-0d1e8edce3a8:192.168.157.254:40074, d9951c0b-6d6e-4464-b06b-4ef93c20892c:192.168.157.254:43622, 1be30185-a2c0-4461-afc0-2cb02fcff473:192.168.157.254:38008], old=null
2019-10-22 00:09:03,380 [1be30185-a2c0-4461-afc0-2cb02fcff473@group-A8B097DE35CC-LeaderElection623] INFO  impl.LeaderElection (LogUtils.java:infoOrTrace(149)) -   Exception 0: {}
java.util.concurrent.ExecutionException: org.apache.ratis.thirdparty.io.grpc.StatusRuntimeException: UNAVAILABLE: io exception
	at java.util.concurrent.FutureTask.report(FutureTask.java:122)
	at java.util.concurrent.FutureTask.get(FutureTask.java:192)
	at org.apache.ratis.server.impl.LeaderElection.waitForResults(LeaderElection.java:259)
	at org.apache.ratis.server.impl.LeaderElection.askForVotes(LeaderElection.java:197)
	at org.apache.ratis.server.impl.LeaderElection.run(LeaderElection.java:133)
	at java.lang.Thread.run(Thread.java:748)
Caused by: org.apache.ratis.thirdparty.io.grpc.StatusRuntimeException: UNAVAILABLE: io exception
	at org.apache.ratis.thirdparty.io.grpc.stub.ClientCalls.toStatusRuntimeException(ClientCalls.java:233)
	at org.apache.ratis.thirdparty.io.grpc.stub.ClientCalls.getUnchecked(ClientCalls.java:214)
	at org.apache.ratis.thirdparty.io.grpc.stub.ClientCalls.blockingUnaryCall(ClientCalls.java:139)
	at org.apache.ratis.proto.grpc.RaftServerProtocolServiceGrpc$RaftServerProtocolServiceBlockingStub.requestVote(RaftServerProtocolServiceGrpc.java:265)
	at org.apache.ratis.grpc.server.GrpcServerProtocolClient.requestVote(GrpcServerProtocolClient.java:99)
	at org.apache.ratis.grpc.server.GrpcService.requestVote(GrpcService.java:204)
	at org.apache.ratis.server.impl.LeaderElection.lambda$submitRequests$1(LeaderElection.java:234)
	at java.util.concurrent.FutureTask.run(FutureTask.java:266)
	at java.util.concurrent.Executors$RunnableAdapter.call(Executors.java:511)
	at java.util.concurrent.FutureTask.run(FutureTask.java:266)
	at java.util.concurrent.ThreadPoolExecutor.runWorker(ThreadPoolExecutor.java:1149)
	at java.util.concurrent.ThreadPoolExecutor$Worker.run(ThreadPoolExecutor.java:624)
	... 1 more
Caused by: org.apache.ratis.thirdparty.io.netty.channel.AbstractChannel$AnnotatedConnectException: Connection refused: /192.168.157.254:43622
	at sun.nio.ch.SocketChannelImpl.checkConnect(Native Method)
	at sun.nio.ch.SocketChannelImpl.finishConnect(SocketChannelImpl.java:717)
	at org.apache.ratis.thirdparty.io.netty.channel.socket.nio.NioSocketChannel.doFinishConnect(NioSocketChannel.java:327)
	at org.apache.ratis.thirdparty.io.netty.channel.nio.AbstractNioChannel$AbstractNioUnsafe.finishConnect(AbstractNioChannel.java:340)
	at org.apache.ratis.thirdparty.io.netty.channel.nio.NioEventLoop.processSelectedKey(NioEventLoop.java:632)
	at org.apache.ratis.thirdparty.io.netty.channel.nio.NioEventLoop.processSelectedKeysOptimized(NioEventLoop.java:579)
	at org.apache.ratis.thirdparty.io.netty.channel.nio.NioEventLoop.processSelectedKeys(NioEventLoop.java:496)
	at org.apache.ratis.thirdparty.io.netty.channel.nio.NioEventLoop.run(NioEventLoop.java:458)
	at org.apache.ratis.thirdparty.io.netty.util.concurrent.SingleThreadEventExecutor$5.run(SingleThreadEventExecutor.java:897)
	at org.apache.ratis.thirdparty.io.netty.util.concurrent.FastThreadLocalRunnable.run(FastThreadLocalRunnable.java:30)
	... 1 more
Caused by: java.net.ConnectException: Connection refused
	... 11 more
2019-10-22 00:09:03,380 [1be30185-a2c0-4461-afc0-2cb02fcff473@group-A8B097DE35CC-LeaderElection623] INFO  impl.RaftServerImpl (RaftServerImpl.java:setRole(184)) - 1be30185-a2c0-4461-afc0-2cb02fcff473@group-A8B097DE35CC: changes role from CANDIDATE to FOLLOWER at term 176 for DISCOVERED_A_NEW_TERM
2019-10-22 00:09:03,380 [1be30185-a2c0-4461-afc0-2cb02fcff473@group-A8B097DE35CC-LeaderElection623] INFO  impl.RoleInfo (RoleInfo.java:shutdownLeaderElection(134)) - 1be30185-a2c0-4461-afc0-2cb02fcff473: shutdown LeaderElection
2019-10-22 00:09:03,380 [1be30185-a2c0-4461-afc0-2cb02fcff473@group-A8B097DE35CC-LeaderElection623] INFO  impl.RoleInfo (RoleInfo.java:updateAndGet(143)) - 1be30185-a2c0-4461-afc0-2cb02fcff473: start FollowerState
2019-10-22 00:09:03,465 [Thread-5248] INFO  impl.FollowerState (FollowerState.java:run(108)) - 1be30185-a2c0-4461-afc0-2cb02fcff473@group-A8B097DE35CC-FollowerState: change to CANDIDATE, lastRpcTime:85ms, electionTimeout:85ms
2019-10-22 00:09:03,466 [Thread-5248] INFO  impl.RoleInfo (RoleInfo.java:shutdownFollowerState(121)) - 1be30185-a2c0-4461-afc0-2cb02fcff473: shutdown FollowerState
2019-10-22 00:09:03,466 [Thread-5248] INFO  impl.RaftServerImpl (RaftServerImpl.java:setRole(184)) - 1be30185-a2c0-4461-afc0-2cb02fcff473@group-A8B097DE35CC: changes role from  FOLLOWER to CANDIDATE at term 176 for changeToCandidate
2019-10-22 00:09:03,466 [Thread-5248] INFO  impl.RoleInfo (RoleInfo.java:updateAndGet(143)) - 1be30185-a2c0-4461-afc0-2cb02fcff473: start LeaderElection
2019-10-22 00:09:03,488 [1be30185-a2c0-4461-afc0-2cb02fcff473@group-A8B097DE35CC-LeaderElection624] INFO  impl.LeaderElection (LeaderElection.java:askForVotes(178)) - 1be30185-a2c0-4461-afc0-2cb02fcff473@group-A8B097DE35CC-LeaderElection624: begin an election at term 177 for -1: [e64b81a2-7e97-4a9c-9a90-0d1e8edce3a8:192.168.157.254:40074, d9951c0b-6d6e-4464-b06b-4ef93c20892c:192.168.157.254:43622, 1be30185-a2c0-4461-afc0-2cb02fcff473:192.168.157.254:38008], old=null
2019-10-22 00:09:03,489 [1be30185-a2c0-4461-afc0-2cb02fcff473@group-A8B097DE35CC-LeaderElection624] INFO  impl.LeaderElection (LogUtils.java:infoOrTrace(149)) - 1be30185-a2c0-4461-afc0-2cb02fcff473@group-A8B097DE35CC-LeaderElection624 got exception when requesting votes: {}
java.util.concurrent.ExecutionException: org.apache.ratis.thirdparty.io.grpc.StatusRuntimeException: UNAVAILABLE: io exception
	at java.util.concurrent.FutureTask.report(FutureTask.java:122)
	at java.util.concurrent.FutureTask.get(FutureTask.java:192)
	at org.apache.ratis.server.impl.LeaderElection.waitForResults(LeaderElection.java:259)
	at org.apache.ratis.server.impl.LeaderElection.askForVotes(LeaderElection.java:197)
	at org.apache.ratis.server.impl.LeaderElection.run(LeaderElection.java:133)
	at java.lang.Thread.run(Thread.java:748)
Caused by: org.apache.ratis.thirdparty.io.grpc.StatusRuntimeException: UNAVAILABLE: io exception
	at org.apache.ratis.thirdparty.io.grpc.stub.ClientCalls.toStatusRuntimeException(ClientCalls.java:233)
	at org.apache.ratis.thirdparty.io.grpc.stub.ClientCalls.getUnchecked(ClientCalls.java:214)
	at org.apache.ratis.thirdparty.io.grpc.stub.ClientCalls.blockingUnaryCall(ClientCalls.java:139)
	at org.apache.ratis.proto.grpc.RaftServerProtocolServiceGrpc$RaftServerProtocolServiceBlockingStub.requestVote(RaftServerProtocolServiceGrpc.java:265)
	at org.apache.ratis.grpc.server.GrpcServerProtocolClient.requestVote(GrpcServerProtocolClient.java:99)
	at org.apache.ratis.grpc.server.GrpcService.requestVote(GrpcService.java:204)
	at org.apache.ratis.server.impl.LeaderElection.lambda$submitRequests$1(LeaderElection.java:234)
	at java.util.concurrent.FutureTask.run(FutureTask.java:266)
	at java.util.concurrent.Executors$RunnableAdapter.call(Executors.java:511)
	at java.util.concurrent.FutureTask.run(FutureTask.java:266)
	at java.util.concurrent.ThreadPoolExecutor.runWorker(ThreadPoolExecutor.java:1149)
	at java.util.concurrent.ThreadPoolExecutor$Worker.run(ThreadPoolExecutor.java:624)
	... 1 more
Caused by: org.apache.ratis.thirdparty.io.netty.channel.AbstractChannel$AnnotatedConnectException: Connection refused: /192.168.157.254:43622
	at sun.nio.ch.SocketChannelImpl.checkConnect(Native Method)
	at sun.nio.ch.SocketChannelImpl.finishConnect(SocketChannelImpl.java:717)
	at org.apache.ratis.thirdparty.io.netty.channel.socket.nio.NioSocketChannel.doFinishConnect(NioSocketChannel.java:327)
	at org.apache.ratis.thirdparty.io.netty.channel.nio.AbstractNioChannel$AbstractNioUnsafe.finishConnect(AbstractNioChannel.java:340)
	at org.apache.ratis.thirdparty.io.netty.channel.nio.NioEventLoop.processSelectedKey(NioEventLoop.java:632)
	at org.apache.ratis.thirdparty.io.netty.channel.nio.NioEventLoop.processSelectedKeysOptimized(NioEventLoop.java:579)
	at org.apache.ratis.thirdparty.io.netty.channel.nio.NioEventLoop.processSelectedKeys(NioEventLoop.java:496)
	at org.apache.ratis.thirdparty.io.netty.channel.nio.NioEventLoop.run(NioEventLoop.java:458)
	at org.apache.ratis.thirdparty.io.netty.util.concurrent.SingleThreadEventExecutor$5.run(SingleThreadEventExecutor.java:897)
	at org.apache.ratis.thirdparty.io.netty.util.concurrent.FastThreadLocalRunnable.run(FastThreadLocalRunnable.java:30)
	... 1 more
Caused by: java.net.ConnectException: Connection refused
	... 11 more
2019-10-22 00:09:03,492 [grpc-default-executor-8] INFO  impl.RaftServerImpl (RaftServerImpl.java:setRole(184)) - e64b81a2-7e97-4a9c-9a90-0d1e8edce3a8@group-A8B097DE35CC: changes role from  FOLLOWER to FOLLOWER at term 177 for recognizeCandidate:1be30185-a2c0-4461-afc0-2cb02fcff473
2019-10-22 00:09:03,493 [grpc-default-executor-8] INFO  impl.RoleInfo (RoleInfo.java:shutdownFollowerState(121)) - e64b81a2-7e97-4a9c-9a90-0d1e8edce3a8: shutdown FollowerState
2019-10-22 00:09:03,493 [grpc-default-executor-8] INFO  impl.RoleInfo (RoleInfo.java:updateAndGet(143)) - e64b81a2-7e97-4a9c-9a90-0d1e8edce3a8: start FollowerState
2019-10-22 00:09:03,493 [Thread-5247] INFO  impl.FollowerState (FollowerState.java:run(117)) - e64b81a2-7e97-4a9c-9a90-0d1e8edce3a8@group-A8B097DE35CC-FollowerState was interrupted: java.lang.InterruptedException: sleep interrupted
2019-10-22 00:09:03,497 [main] INFO  ozoneimpl.OzoneContainer (OzoneContainer.java:stop(227)) - Attempting to stop container services.
2019-10-22 00:09:03,498 [main] INFO  impl.RaftServerProxy (RaftServerProxy.java:lambda$close$4(314)) - 1be30185-a2c0-4461-afc0-2cb02fcff473: close
2019-10-22 00:09:03,498 [main] INFO  impl.RaftServerImpl (RaftServerImpl.java:lambda$shutdown$3(261)) - 1be30185-a2c0-4461-afc0-2cb02fcff473@group-A8B097DE35CC: shutdown
2019-10-22 00:09:03,498 [main] INFO  util.JmxRegister (JmxRegister.java:unregister(73)) - Successfully un-registered JMX Bean with object name Ratis:service=RaftServer,group=group-A8B097DE35CC,id=1be30185-a2c0-4461-afc0-2cb02fcff473
2019-10-22 00:09:03,499 [main] INFO  impl.RoleInfo (RoleInfo.java:shutdownLeaderElection(134)) - 1be30185-a2c0-4461-afc0-2cb02fcff473: shutdown LeaderElection
2019-10-22 00:09:03,499 [main] INFO  impl.StateMachineUpdater (StateMachineUpdater.java:stopAndJoin(136)) - 1be30185-a2c0-4461-afc0-2cb02fcff473@group-A8B097DE35CC-StateMachineUpdater: set stopIndex = -1
2019-10-22 00:09:03,499 [main] INFO  impl.RaftServerImpl (ServerState.java:close(388)) - 1be30185-a2c0-4461-afc0-2cb02fcff473@group-A8B097DE35CC: closes. applyIndex: -1
2019-10-22 00:09:03,500 [1be30185-a2c0-4461-afc0-2cb02fcff473@group-A8B097DE35CC-SegmentedRaftLogWorker] INFO  segmented.SegmentedRaftLogWorker (SegmentedRaftLogWorker.java:run(316)) - 1be30185-a2c0-4461-afc0-2cb02fcff473@group-A8B097DE35CC-SegmentedRaftLogWorker was interrupted, exiting. There are 0 tasks remaining in the queue.
2019-10-22 00:09:03,500 [main] INFO  segmented.SegmentedRaftLogWorker (SegmentedRaftLogWorker.java:close(224)) - 1be30185-a2c0-4461-afc0-2cb02fcff473@group-A8B097DE35CC-SegmentedRaftLogWorker close()
2019-10-22 00:09:03,502 [main] INFO  impl.RaftServerImpl (RaftServerImpl.java:lambda$shutdown$3(261)) - 1be30185-a2c0-4461-afc0-2cb02fcff473@group-91BAD40B32AB: shutdown
2019-10-22 00:09:03,503 [main] INFO  util.JmxRegister (JmxRegister.java:unregister(73)) - Successfully un-registered JMX Bean with object name Ratis:service=RaftServer,group=group-91BAD40B32AB,id=1be30185-a2c0-4461-afc0-2cb02fcff473
2019-10-22 00:09:03,503 [main] INFO  impl.RoleInfo (RoleInfo.java:shutdownLeaderState(104)) - 1be30185-a2c0-4461-afc0-2cb02fcff473: shutdown LeaderState
2019-10-22 00:09:03,503 [main] INFO  impl.PendingRequests (PendingRequests.java:sendNotLeaderResponses(202)) - 1be30185-a2c0-4461-afc0-2cb02fcff473@group-91BAD40B32AB-PendingRequests: sendNotLeaderResponses
2019-10-22 00:09:03,504 [main] INFO  impl.StateMachineUpdater (StateMachineUpdater.java:stopAndJoin(136)) - 1be30185-a2c0-4461-afc0-2cb02fcff473@group-91BAD40B32AB-StateMachineUpdater: set stopIndex = 0
2019-10-22 00:09:03,504 [main] INFO  impl.RaftServerImpl (ServerState.java:close(388)) - 1be30185-a2c0-4461-afc0-2cb02fcff473@group-91BAD40B32AB: closes. applyIndex: 0
2019-10-22 00:09:03,505 [1be30185-a2c0-4461-afc0-2cb02fcff473@group-91BAD40B32AB-SegmentedRaftLogWorker] INFO  segmented.SegmentedRaftLogWorker (SegmentedRaftLogWorker.java:run(316)) - 1be30185-a2c0-4461-afc0-2cb02fcff473@group-91BAD40B32AB-SegmentedRaftLogWorker was interrupted, exiting. There are 0 tasks remaining in the queue.
2019-10-22 00:09:03,507 [main] INFO  segmented.SegmentedRaftLogWorker (SegmentedRaftLogWorker.java:close(224)) - 1be30185-a2c0-4461-afc0-2cb02fcff473@group-91BAD40B32AB-SegmentedRaftLogWorker close()
2019-10-22 00:09:03,509 [main] INFO  server.GrpcService (GrpcService.java:closeImpl(164)) - 1be30185-a2c0-4461-afc0-2cb02fcff473: shutdown server with port 38008 now
2019-10-22 00:09:03,509 [1be30185-a2c0-4461-afc0-2cb02fcff473@group-A8B097DE35CC-LeaderElection624] INFO  impl.LeaderElection (LeaderElection.java:logAndReturn(56)) - 1be30185-a2c0-4461-afc0-2cb02fcff473@group-A8B097DE35CC-LeaderElection624: Election REJECTED; received 1 response(s) [1be30185-a2c0-4461-afc0-2cb02fcff473<-e64b81a2-7e97-4a9c-9a90-0d1e8edce3a8#0:FAIL-t177] and 1 exception(s); 1be30185-a2c0-4461-afc0-2cb02fcff473@group-A8B097DE35CC:t177, leader=null, voted=1be30185-a2c0-4461-afc0-2cb02fcff473, raftlog=1be30185-a2c0-4461-afc0-2cb02fcff473@group-A8B097DE35CC-SegmentedRaftLog:CLOSED:c-1, conf=-1: [e64b81a2-7e97-4a9c-9a90-0d1e8edce3a8:192.168.157.254:40074, d9951c0b-6d6e-4464-b06b-4ef93c20892c:192.168.157.254:43622, 1be30185-a2c0-4461-afc0-2cb02fcff473:192.168.157.254:38008], old=null
2019-10-22 00:09:03,511 [1be30185-a2c0-4461-afc0-2cb02fcff473@group-A8B097DE35CC-LeaderElection624] INFO  impl.LeaderElection (LogUtils.java:infoOrTrace(149)) -   Exception 0: {}
java.util.concurrent.ExecutionException: org.apache.ratis.thirdparty.io.grpc.StatusRuntimeException: UNAVAILABLE: io exception
	at java.util.concurrent.FutureTask.report(FutureTask.java:122)
	at java.util.concurrent.FutureTask.get(FutureTask.java:192)
	at org.apache.ratis.server.impl.LeaderElection.waitForResults(LeaderElection.java:259)
	at org.apache.ratis.server.impl.LeaderElection.askForVotes(LeaderElection.java:197)
	at org.apache.ratis.server.impl.LeaderElection.run(LeaderElection.java:133)
	at java.lang.Thread.run(Thread.java:748)
Caused by: org.apache.ratis.thirdparty.io.grpc.StatusRuntimeException: UNAVAILABLE: io exception
	at org.apache.ratis.thirdparty.io.grpc.stub.ClientCalls.toStatusRuntimeException(ClientCalls.java:233)
	at org.apache.ratis.thirdparty.io.grpc.stub.ClientCalls.getUnchecked(ClientCalls.java:214)
	at org.apache.ratis.thirdparty.io.grpc.stub.ClientCalls.blockingUnaryCall(ClientCalls.java:139)
	at org.apache.ratis.proto.grpc.RaftServerProtocolServiceGrpc$RaftServerProtocolServiceBlockingStub.requestVote(RaftServerProtocolServiceGrpc.java:265)
	at org.apache.ratis.grpc.server.GrpcServerProtocolClient.requestVote(GrpcServerProtocolClient.java:99)
	at org.apache.ratis.grpc.server.GrpcService.requestVote(GrpcService.java:204)
	at org.apache.ratis.server.impl.LeaderElection.lambda$submitRequests$1(LeaderElection.java:234)
	at java.util.concurrent.FutureTask.run(FutureTask.java:266)
	at java.util.concurrent.Executors$RunnableAdapter.call(Executors.java:511)
	at java.util.concurrent.FutureTask.run(FutureTask.java:266)
	at java.util.concurrent.ThreadPoolExecutor.runWorker(ThreadPoolExecutor.java:1149)
	at java.util.concurrent.ThreadPoolExecutor$Worker.run(ThreadPoolExecutor.java:624)
	... 1 more
Caused by: org.apache.ratis.thirdparty.io.netty.channel.AbstractChannel$AnnotatedConnectException: Connection refused: /192.168.157.254:43622
	at sun.nio.ch.SocketChannelImpl.checkConnect(Native Method)
	at sun.nio.ch.SocketChannelImpl.finishConnect(SocketChannelImpl.java:717)
	at org.apache.ratis.thirdparty.io.netty.channel.socket.nio.NioSocketChannel.doFinishConnect(NioSocketChannel.java:327)
	at org.apache.ratis.thirdparty.io.netty.channel.nio.AbstractNioChannel$AbstractNioUnsafe.finishConnect(AbstractNioChannel.java:340)
	at org.apache.ratis.thirdparty.io.netty.channel.nio.NioEventLoop.processSelectedKey(NioEventLoop.java:632)
	at org.apache.ratis.thirdparty.io.netty.channel.nio.NioEventLoop.processSelectedKeysOptimized(NioEventLoop.java:579)
	at org.apache.ratis.thirdparty.io.netty.channel.nio.NioEventLoop.processSelectedKeys(NioEventLoop.java:496)
	at org.apache.ratis.thirdparty.io.netty.channel.nio.NioEventLoop.run(NioEventLoop.java:458)
	at org.apache.ratis.thirdparty.io.netty.util.concurrent.SingleThreadEventExecutor$5.run(SingleThreadEventExecutor.java:897)
	at org.apache.ratis.thirdparty.io.netty.util.concurrent.FastThreadLocalRunnable.run(FastThreadLocalRunnable.java:30)
	... 1 more
Caused by: java.net.ConnectException: Connection refused
	... 11 more
2019-10-22 00:09:03,513 [main] INFO  server.GrpcService (GrpcService.java:closeImpl(172)) - 1be30185-a2c0-4461-afc0-2cb02fcff473: shutdown server with port 38008 successfully
2019-10-22 00:09:03,515 [refreshUsed-/workdir/hadoop-ozone/integration-test/target/test-dir/MiniOzoneClusterImpl-7b60a606-535f-40c2-b446-60b0e48a57dd/datanode-6/data/containers] WARN  fs.CachingGetSpaceUsed (CachingGetSpaceUsed.java:run(183)) - Thread Interrupted waiting to refresh disk information: sleep interrupted
2019-10-22 00:09:03,531 [ForkJoinPool.commonPool-worker-0] INFO  ozoneimpl.OzoneContainer (OzoneContainer.java:stop(227)) - Attempting to stop container services.
2019-10-22 00:09:03,532 [ForkJoinPool.commonPool-worker-0] INFO  impl.RaftServerProxy (RaftServerProxy.java:lambda$close$4(314)) - 4677d932-8483-41dd-a758-9c3c53d9b9d5: close
2019-10-22 00:09:03,532 [ForkJoinPool.commonPool-worker-0] INFO  impl.RaftServerImpl (RaftServerImpl.java:lambda$shutdown$3(261)) - 4677d932-8483-41dd-a758-9c3c53d9b9d5@group-4F5A283FD033: shutdown
2019-10-22 00:09:03,532 [ForkJoinPool.commonPool-worker-0] INFO  util.JmxRegister (JmxRegister.java:unregister(73)) - Successfully un-registered JMX Bean with object name Ratis:service=RaftServer,group=group-4F5A283FD033,id=4677d932-8483-41dd-a758-9c3c53d9b9d5
2019-10-22 00:09:03,532 [ForkJoinPool.commonPool-worker-0] INFO  impl.RoleInfo (RoleInfo.java:shutdownLeaderState(104)) - 4677d932-8483-41dd-a758-9c3c53d9b9d5: shutdown LeaderState
2019-10-22 00:09:03,533 [ForkJoinPool.commonPool-worker-0] INFO  impl.PendingRequests (PendingRequests.java:sendNotLeaderResponses(202)) - 4677d932-8483-41dd-a758-9c3c53d9b9d5@group-4F5A283FD033-PendingRequests: sendNotLeaderResponses
2019-10-22 00:09:03,533 [ForkJoinPool.commonPool-worker-0] INFO  impl.StateMachineUpdater (StateMachineUpdater.java:stopAndJoin(136)) - 4677d932-8483-41dd-a758-9c3c53d9b9d5@group-4F5A283FD033-StateMachineUpdater: set stopIndex = 0
2019-10-22 00:09:03,533 [ForkJoinPool.commonPool-worker-0] INFO  impl.RaftServerImpl (ServerState.java:close(388)) - 4677d932-8483-41dd-a758-9c3c53d9b9d5@group-4F5A283FD033: closes. applyIndex: 0
2019-10-22 00:09:03,534 [4677d932-8483-41dd-a758-9c3c53d9b9d5@group-4F5A283FD033-SegmentedRaftLogWorker] INFO  segmented.SegmentedRaftLogWorker (SegmentedRaftLogWorker.java:run(316)) - 4677d932-8483-41dd-a758-9c3c53d9b9d5@group-4F5A283FD033-SegmentedRaftLogWorker was interrupted, exiting. There are 0 tasks remaining in the queue.
2019-10-22 00:09:03,536 [ForkJoinPool.commonPool-worker-0] INFO  segmented.SegmentedRaftLogWorker (SegmentedRaftLogWorker.java:close(224)) - 4677d932-8483-41dd-a758-9c3c53d9b9d5@group-4F5A283FD033-SegmentedRaftLogWorker close()
2019-10-22 00:09:03,538 [ForkJoinPool.commonPool-worker-0] INFO  impl.RaftServerImpl (RaftServerImpl.java:lambda$shutdown$3(261)) - 4677d932-8483-41dd-a758-9c3c53d9b9d5@group-32D95636BACC: shutdown
2019-10-22 00:09:03,538 [ForkJoinPool.commonPool-worker-0] INFO  util.JmxRegister (JmxRegister.java:unregister(73)) - Successfully un-registered JMX Bean with object name Ratis:service=RaftServer,group=group-32D95636BACC,id=4677d932-8483-41dd-a758-9c3c53d9b9d5
2019-10-22 00:09:03,539 [ForkJoinPool.commonPool-worker-0] INFO  impl.RoleInfo (RoleInfo.java:shutdownLeaderState(104)) - 4677d932-8483-41dd-a758-9c3c53d9b9d5: shutdown LeaderState
2019-10-22 00:09:03,542 [org.apache.ratis.server.impl.LogAppender$AppenderDaemon$$Lambda$459/939830557@7237c365] WARN  server.GrpcLogAppender (GrpcLogAppender.java:mayWait(149)) - 4677d932-8483-41dd-a758-9c3c53d9b9d5@group-32D95636BACC->8fd446cf-6878-4c52-9c53-15bd189bc282-GrpcLogAppender: Wait interrupted by java.lang.InterruptedException
2019-10-22 00:09:03,542 [org.apache.ratis.server.impl.LogAppender$AppenderDaemon$$Lambda$459/939830557@23c0c905] WARN  server.GrpcLogAppender (GrpcLogAppender.java:mayWait(149)) - 4677d932-8483-41dd-a758-9c3c53d9b9d5@group-32D95636BACC->ab370eba-e055-4cd2-9c3d-f3aaf7732468-GrpcLogAppender: Wait interrupted by java.lang.InterruptedException
2019-10-22 00:09:03,542 [ForkJoinPool.commonPool-worker-0] INFO  impl.PendingRequests (PendingRequests.java:sendNotLeaderResponses(202)) - 4677d932-8483-41dd-a758-9c3c53d9b9d5@group-32D95636BACC-PendingRequests: sendNotLeaderResponses
2019-10-22 00:09:03,542 [grpc-default-executor-5] INFO  server.GrpcServerProtocolService (GrpcServerProtocolService.java:onCompleted(113)) - ab370eba-e055-4cd2-9c3d-f3aaf7732468: Completed APPEND_ENTRIES, lastRequest: 4677d932-8483-41dd-a758-9c3c53d9b9d5->ab370eba-e055-4cd2-9c3d-f3aaf7732468#48-t2, previous=(t:2, i:4), leaderCommit=4, initializing? false, entries: <empty>
2019-10-22 00:09:03,542 [grpc-default-executor-8] INFO  server.GrpcServerProtocolService (GrpcServerProtocolService.java:onCompleted(113)) - 8fd446cf-6878-4c52-9c53-15bd189bc282: Completed APPEND_ENTRIES, lastRequest: 4677d932-8483-41dd-a758-9c3c53d9b9d5->8fd446cf-6878-4c52-9c53-15bd189bc282#48-t2, previous=(t:2, i:4), leaderCommit=4, initializing? false, entries: <empty>
2019-10-22 00:09:03,550 [ForkJoinPool.commonPool-worker-0] INFO  impl.StateMachineUpdater (StateMachineUpdater.java:stopAndJoin(136)) - 4677d932-8483-41dd-a758-9c3c53d9b9d5@group-32D95636BACC-StateMachineUpdater: set stopIndex = 4
2019-10-22 00:09:03,550 [grpc-default-executor-3] INFO  server.GrpcLogAppender (GrpcLogAppender.java:onCompleted(308)) - 4677d932-8483-41dd-a758-9c3c53d9b9d5@group-32D95636BACC->ab370eba-e055-4cd2-9c3d-f3aaf7732468-AppendLogResponseHandler: follower responses appendEntries COMPLETED
2019-10-22 00:09:03,550 [4677d932-8483-41dd-a758-9c3c53d9b9d5@group-32D95636BACC-StateMachineUpdater] INFO  ratis.ContainerStateMachine (ContainerStateMachine.java:takeSnapshot(294)) - group-32D95636BACC: Taking a snapshot at:(t:2, i:4) file /workdir/hadoop-ozone/integration-test/target/test-dir/MiniOzoneClusterImpl-7b60a606-535f-40c2-b446-60b0e48a57dd/datanode-3/data/ratis/9165f23d-ccf6-41cb-a2ea-32d95636bacc/sm/snapshot.2_4
2019-10-22 00:09:03,550 [grpc-default-executor-5] INFO  server.GrpcLogAppender (GrpcLogAppender.java:onCompleted(308)) - 4677d932-8483-41dd-a758-9c3c53d9b9d5@group-32D95636BACC->8fd446cf-6878-4c52-9c53-15bd189bc282-AppendLogResponseHandler: follower responses appendEntries COMPLETED
2019-10-22 00:09:03,553 [grpc-default-executor-3] INFO  impl.FollowerInfo (FollowerInfo.java:lambda$new$0(51)) - 4677d932-8483-41dd-a758-9c3c53d9b9d5@group-32D95636BACC->ab370eba-e055-4cd2-9c3d-f3aaf7732468: nextIndex: updateUnconditionally 5 -> 4
2019-10-22 00:09:03,555 [grpc-default-executor-5] INFO  impl.FollowerInfo (FollowerInfo.java:lambda$new$0(51)) - 4677d932-8483-41dd-a758-9c3c53d9b9d5@group-32D95636BACC->8fd446cf-6878-4c52-9c53-15bd189bc282: nextIndex: updateUnconditionally 5 -> 4
2019-10-22 00:09:03,560 [main] INFO  utils.BackgroundService (BackgroundService.java:shutdown(151)) - Shutting down service BlockDeletingService
2019-10-22 00:09:03,566 [main] INFO  statemachine.DatanodeStateMachine (DatanodeStateMachine.java:stopDaemon(395)) - Ozone container server stopped.
2019-10-22 00:09:03,566 [4677d932-8483-41dd-a758-9c3c53d9b9d5@group-32D95636BACC-StateMachineUpdater] INFO  ratis.ContainerStateMachine (ContainerStateMachine.java:takeSnapshot(305)) - group-32D95636BACC: Finished taking a snapshot at:(t:2, i:4) file:/workdir/hadoop-ozone/integration-test/target/test-dir/MiniOzoneClusterImpl-7b60a606-535f-40c2-b446-60b0e48a57dd/datanode-3/data/ratis/9165f23d-ccf6-41cb-a2ea-32d95636bacc/sm/snapshot.2_4 time:17
2019-10-22 00:09:03,566 [4677d932-8483-41dd-a758-9c3c53d9b9d5@group-32D95636BACC-StateMachineUpdater] INFO  impl.StateMachineUpdater (StateMachineUpdater.java:takeSnapshot(269)) - 4677d932-8483-41dd-a758-9c3c53d9b9d5@group-32D95636BACC-StateMachineUpdater: Took a snapshot at index 4
2019-10-22 00:09:03,567 [4677d932-8483-41dd-a758-9c3c53d9b9d5@group-32D95636BACC-StateMachineUpdater] INFO  impl.StateMachineUpdater (StateMachineUpdater.java:lambda$new$0(84)) - 4677d932-8483-41dd-a758-9c3c53d9b9d5@group-32D95636BACC-StateMachineUpdater: snapshotIndex: updateIncreasingly -1 -> 4
2019-10-22 00:09:03,567 [ForkJoinPool.commonPool-worker-0] INFO  impl.RaftServerImpl (ServerState.java:close(388)) - 4677d932-8483-41dd-a758-9c3c53d9b9d5@group-32D95636BACC: closes. applyIndex: 4
2019-10-22 00:09:03,567 [4677d932-8483-41dd-a758-9c3c53d9b9d5@group-32D95636BACC-SegmentedRaftLogWorker] INFO  segmented.SegmentedRaftLogWorker (SegmentedRaftLogWorker.java:run(316)) - 4677d932-8483-41dd-a758-9c3c53d9b9d5@group-32D95636BACC-SegmentedRaftLogWorker was interrupted, exiting. There are 0 tasks remaining in the queue.
2019-10-22 00:09:03,568 [main] INFO  handler.ContextHandler (ContextHandler.java:doStop(910)) - Stopped o.e.j.w.WebAppContext@3878be7b{/,null,UNAVAILABLE}{/hddsDatanode}
2019-10-22 00:09:03,569 [ForkJoinPool.commonPool-worker-0] INFO  segmented.SegmentedRaftLogWorker (SegmentedRaftLogWorker.java:close(224)) - 4677d932-8483-41dd-a758-9c3c53d9b9d5@group-32D95636BACC-SegmentedRaftLogWorker close()
2019-10-22 00:09:03,571 [ForkJoinPool.commonPool-worker-0] INFO  server.GrpcService (GrpcService.java:closeImpl(164)) - 4677d932-8483-41dd-a758-9c3c53d9b9d5: shutdown server with port 35453 now
2019-10-22 00:09:03,571 [main] INFO  server.AbstractConnector (AbstractConnector.java:doStop(318)) - Stopped ServerConnector@7df28f1{HTTP/1.1,[http/1.1]}{0.0.0.0:0}
2019-10-22 00:09:03,571 [ForkJoinPool.commonPool-worker-0] INFO  server.GrpcService (GrpcService.java:closeImpl(172)) - 4677d932-8483-41dd-a758-9c3c53d9b9d5: shutdown server with port 35453 successfully
2019-10-22 00:09:03,571 [main] INFO  handler.ContextHandler (ContextHandler.java:doStop(910)) - Stopped o.e.j.s.ServletContextHandler@4b432e53{/static,jar:file:/home/user/.m2/repository/org/apache/hadoop/hadoop-hdds-container-service/0.5.0-SNAPSHOT/hadoop-hdds-container-service-0.5.0-SNAPSHOT.jar!/webapps/static,UNAVAILABLE}
2019-10-22 00:09:03,572 [main] INFO  handler.ContextHandler (ContextHandler.java:doStop(910)) - Stopped o.e.j.s.ServletContextHandler@21bd128b{/logs,file:///workdir/hadoop-ozone/integration-test/target/log,UNAVAILABLE}
2019-10-22 00:09:03,578 [refreshUsed-/workdir/hadoop-ozone/integration-test/target/test-dir/MiniOzoneClusterImpl-7b60a606-535f-40c2-b446-60b0e48a57dd/datanode-3/data/containers] WARN  fs.CachingGetSpaceUsed (CachingGetSpaceUsed.java:run(183)) - Thread Interrupted waiting to refresh disk information: sleep interrupted
2019-10-22 00:09:03,588 [ForkJoinPool.commonPool-worker-0] INFO  utils.BackgroundService (BackgroundService.java:shutdown(151)) - Shutting down service BlockDeletingService
2019-10-22 00:09:03,592 [ForkJoinPool.commonPool-worker-0] INFO  statemachine.DatanodeStateMachine (DatanodeStateMachine.java:stopDaemon(395)) - Ozone container server stopped.
2019-10-22 00:09:03,596 [ForkJoinPool.commonPool-worker-0] INFO  handler.ContextHandler (ContextHandler.java:doStop(910)) - Stopped o.e.j.w.WebAppContext@7c20cdd0{/,null,UNAVAILABLE}{/hddsDatanode}
2019-10-22 00:09:03,597 [ForkJoinPool.commonPool-worker-0] INFO  server.AbstractConnector (AbstractConnector.java:doStop(318)) - Stopped ServerConnector@74606204{HTTP/1.1,[http/1.1]}{0.0.0.0:0}
2019-10-22 00:09:03,598 [ForkJoinPool.commonPool-worker-0] INFO  handler.ContextHandler (ContextHandler.java:doStop(910)) - Stopped o.e.j.s.ServletContextHandler@1860f3be{/static,jar:file:/home/user/.m2/repository/org/apache/hadoop/hadoop-hdds-container-service/0.5.0-SNAPSHOT/hadoop-hdds-container-service-0.5.0-SNAPSHOT.jar!/webapps/static,UNAVAILABLE}
2019-10-22 00:09:03,599 [ForkJoinPool.commonPool-worker-0] INFO  handler.ContextHandler (ContextHandler.java:doStop(910)) - Stopped o.e.j.s.ServletContextHandler@3965bdf9{/logs,file:///workdir/hadoop-ozone/integration-test/target/log,UNAVAILABLE}
2019-10-22 00:09:03,824 [Datanode State Machine Thread - 0] INFO  statemachine.DatanodeStateMachine (DatanodeStateMachine.java:lambda$startDaemon$0(350)) - Ozone container server started.
2019-10-22 00:09:04,264 [Datanode State Machine Thread - 0] INFO  statemachine.DatanodeStateMachine (DatanodeStateMachine.java:lambda$startDaemon$0(350)) - Ozone container server started.
2019-10-22 00:09:04,497 [Thread-4025] INFO  impl.FollowerState (FollowerState.java:run(108)) - ab370eba-e055-4cd2-9c3d-f3aaf7732468@group-32D95636BACC-FollowerState: change to CANDIDATE, lastRpcTime:1139ms, electionTimeout:1061ms
2019-10-22 00:09:04,497 [Thread-4025] INFO  impl.RoleInfo (RoleInfo.java:shutdownFollowerState(121)) - ab370eba-e055-4cd2-9c3d-f3aaf7732468: shutdown FollowerState
2019-10-22 00:09:04,497 [Thread-4025] INFO  impl.RaftServerImpl (RaftServerImpl.java:setRole(184)) - ab370eba-e055-4cd2-9c3d-f3aaf7732468@group-32D95636BACC: changes role from  FOLLOWER to CANDIDATE at term 2 for changeToCandidate
2019-10-22 00:09:04,497 [Thread-4025] INFO  impl.RoleInfo (RoleInfo.java:updateAndGet(143)) - ab370eba-e055-4cd2-9c3d-f3aaf7732468: start LeaderElection
2019-10-22 00:09:04,498 [ab370eba-e055-4cd2-9c3d-f3aaf7732468@group-32D95636BACC-LeaderElection625] INFO  impl.RaftServerImpl (ServerState.java:setLeader(256)) - ab370eba-e055-4cd2-9c3d-f3aaf7732468@group-32D95636BACC: change Leader from 4677d932-8483-41dd-a758-9c3c53d9b9d5 to null at term 2 for initElection
2019-10-22 00:09:04,501 [ab370eba-e055-4cd2-9c3d-f3aaf7732468@group-32D95636BACC-LeaderElection625] INFO  impl.LeaderElection (LeaderElection.java:askForVotes(178)) - ab370eba-e055-4cd2-9c3d-f3aaf7732468@group-32D95636BACC-LeaderElection625: begin an election at term 3 for 0: [ab370eba-e055-4cd2-9c3d-f3aaf7732468:192.168.157.254:46527, 4677d932-8483-41dd-a758-9c3c53d9b9d5:192.168.157.254:35453, 8fd446cf-6878-4c52-9c53-15bd189bc282:192.168.157.254:37977], old=null
2019-10-22 00:09:04,507 [ab370eba-e055-4cd2-9c3d-f3aaf7732468@group-32D95636BACC-LeaderElection625] INFO  impl.LeaderElection (LogUtils.java:infoOrTrace(149)) - ab370eba-e055-4cd2-9c3d-f3aaf7732468@group-32D95636BACC-LeaderElection625 got exception when requesting votes: {}
java.util.concurrent.ExecutionException: org.apache.ratis.thirdparty.io.grpc.StatusRuntimeException: UNAVAILABLE: io exception
	at java.util.concurrent.FutureTask.report(FutureTask.java:122)
	at java.util.concurrent.FutureTask.get(FutureTask.java:192)
	at org.apache.ratis.server.impl.LeaderElection.waitForResults(LeaderElection.java:259)
	at org.apache.ratis.server.impl.LeaderElection.askForVotes(LeaderElection.java:197)
	at org.apache.ratis.server.impl.LeaderElection.run(LeaderElection.java:133)
	at java.lang.Thread.run(Thread.java:748)
Caused by: org.apache.ratis.thirdparty.io.grpc.StatusRuntimeException: UNAVAILABLE: io exception
	at org.apache.ratis.thirdparty.io.grpc.stub.ClientCalls.toStatusRuntimeException(ClientCalls.java:233)
	at org.apache.ratis.thirdparty.io.grpc.stub.ClientCalls.getUnchecked(ClientCalls.java:214)
	at org.apache.ratis.thirdparty.io.grpc.stub.ClientCalls.blockingUnaryCall(ClientCalls.java:139)
	at org.apache.ratis.proto.grpc.RaftServerProtocolServiceGrpc$RaftServerProtocolServiceBlockingStub.requestVote(RaftServerProtocolServiceGrpc.java:265)
	at org.apache.ratis.grpc.server.GrpcServerProtocolClient.requestVote(GrpcServerProtocolClient.java:99)
	at org.apache.ratis.grpc.server.GrpcService.requestVote(GrpcService.java:204)
	at org.apache.ratis.server.impl.LeaderElection.lambda$submitRequests$1(LeaderElection.java:234)
	at java.util.concurrent.FutureTask.run(FutureTask.java:266)
	at java.util.concurrent.Executors$RunnableAdapter.call(Executors.java:511)
	at java.util.concurrent.FutureTask.run(FutureTask.java:266)
	at java.util.concurrent.ThreadPoolExecutor.runWorker(ThreadPoolExecutor.java:1149)
	at java.util.concurrent.ThreadPoolExecutor$Worker.run(ThreadPoolExecutor.java:624)
	... 1 more
Caused by: org.apache.ratis.thirdparty.io.netty.channel.AbstractChannel$AnnotatedConnectException: Connection refused: /192.168.157.254:35453
	at sun.nio.ch.SocketChannelImpl.checkConnect(Native Method)
	at sun.nio.ch.SocketChannelImpl.finishConnect(SocketChannelImpl.java:717)
	at org.apache.ratis.thirdparty.io.netty.channel.socket.nio.NioSocketChannel.doFinishConnect(NioSocketChannel.java:327)
	at org.apache.ratis.thirdparty.io.netty.channel.nio.AbstractNioChannel$AbstractNioUnsafe.finishConnect(AbstractNioChannel.java:340)
	at org.apache.ratis.thirdparty.io.netty.channel.nio.NioEventLoop.processSelectedKey(NioEventLoop.java:632)
	at org.apache.ratis.thirdparty.io.netty.channel.nio.NioEventLoop.processSelectedKeysOptimized(NioEventLoop.java:579)
	at org.apache.ratis.thirdparty.io.netty.channel.nio.NioEventLoop.processSelectedKeys(NioEventLoop.java:496)
	at org.apache.ratis.thirdparty.io.netty.channel.nio.NioEventLoop.run(NioEventLoop.java:458)
	at org.apache.ratis.thirdparty.io.netty.util.concurrent.SingleThreadEventExecutor$5.run(SingleThreadEventExecutor.java:897)
	at org.apache.ratis.thirdparty.io.netty.util.concurrent.FastThreadLocalRunnable.run(FastThreadLocalRunnable.java:30)
	... 1 more
Caused by: java.net.ConnectException: Connection refused
	... 11 more
2019-10-22 00:09:04,510 [grpc-default-executor-5] INFO  impl.RaftServerImpl (ServerState.java:setLeader(256)) - 8fd446cf-6878-4c52-9c53-15bd189bc282@group-32D95636BACC: change Leader from 4677d932-8483-41dd-a758-9c3c53d9b9d5 to null at term 3 for updateCurrentTerm
2019-10-22 00:09:04,510 [grpc-default-executor-5] INFO  impl.RaftServerImpl (RaftServerImpl.java:setRole(184)) - 8fd446cf-6878-4c52-9c53-15bd189bc282@group-32D95636BACC: changes role from  FOLLOWER to FOLLOWER at term 3 for recognizeCandidate:ab370eba-e055-4cd2-9c3d-f3aaf7732468
2019-10-22 00:09:04,510 [grpc-default-executor-5] INFO  impl.RoleInfo (RoleInfo.java:shutdownFollowerState(121)) - 8fd446cf-6878-4c52-9c53-15bd189bc282: shutdown FollowerState
2019-10-22 00:09:04,511 [grpc-default-executor-5] INFO  impl.RoleInfo (RoleInfo.java:updateAndGet(143)) - 8fd446cf-6878-4c52-9c53-15bd189bc282: start FollowerState
2019-10-22 00:09:04,511 [Thread-4024] INFO  impl.FollowerState (FollowerState.java:run(117)) - 8fd446cf-6878-4c52-9c53-15bd189bc282@group-32D95636BACC-FollowerState was interrupted: java.lang.InterruptedException: sleep interrupted
2019-10-22 00:09:04,515 [ab370eba-e055-4cd2-9c3d-f3aaf7732468@group-32D95636BACC-LeaderElection625] INFO  impl.LeaderElection (LeaderElection.java:logAndReturn(56)) - ab370eba-e055-4cd2-9c3d-f3aaf7732468@group-32D95636BACC-LeaderElection625: Election PASSED; received 1 response(s) [ab370eba-e055-4cd2-9c3d-f3aaf7732468<-8fd446cf-6878-4c52-9c53-15bd189bc282#0:OK-t3] and 1 exception(s); ab370eba-e055-4cd2-9c3d-f3aaf7732468@group-32D95636BACC:t3, leader=null, voted=ab370eba-e055-4cd2-9c3d-f3aaf7732468, raftlog=ab370eba-e055-4cd2-9c3d-f3aaf7732468@group-32D95636BACC-SegmentedRaftLog:OPENED:c4,f4,i4, conf=0: [ab370eba-e055-4cd2-9c3d-f3aaf7732468:192.168.157.254:46527, 4677d932-8483-41dd-a758-9c3c53d9b9d5:192.168.157.254:35453, 8fd446cf-6878-4c52-9c53-15bd189bc282:192.168.157.254:37977], old=null
2019-10-22 00:09:04,516 [ab370eba-e055-4cd2-9c3d-f3aaf7732468@group-32D95636BACC-LeaderElection625] INFO  impl.LeaderElection (LogUtils.java:infoOrTrace(149)) -   Exception 0: {}
java.util.concurrent.ExecutionException: org.apache.ratis.thirdparty.io.grpc.StatusRuntimeException: UNAVAILABLE: io exception
	at java.util.concurrent.FutureTask.report(FutureTask.java:122)
	at java.util.concurrent.FutureTask.get(FutureTask.java:192)
	at org.apache.ratis.server.impl.LeaderElection.waitForResults(LeaderElection.java:259)
	at org.apache.ratis.server.impl.LeaderElection.askForVotes(LeaderElection.java:197)
	at org.apache.ratis.server.impl.LeaderElection.run(LeaderElection.java:133)
	at java.lang.Thread.run(Thread.java:748)
Caused by: org.apache.ratis.thirdparty.io.grpc.StatusRuntimeException: UNAVAILABLE: io exception
	at org.apache.ratis.thirdparty.io.grpc.stub.ClientCalls.toStatusRuntimeException(ClientCalls.java:233)
	at org.apache.ratis.thirdparty.io.grpc.stub.ClientCalls.getUnchecked(ClientCalls.java:214)
	at org.apache.ratis.thirdparty.io.grpc.stub.ClientCalls.blockingUnaryCall(ClientCalls.java:139)
	at org.apache.ratis.proto.grpc.RaftServerProtocolServiceGrpc$RaftServerProtocolServiceBlockingStub.requestVote(RaftServerProtocolServiceGrpc.java:265)
	at org.apache.ratis.grpc.server.GrpcServerProtocolClient.requestVote(GrpcServerProtocolClient.java:99)
	at org.apache.ratis.grpc.server.GrpcService.requestVote(GrpcService.java:204)
	at org.apache.ratis.server.impl.LeaderElection.lambda$submitRequests$1(LeaderElection.java:234)
	at java.util.concurrent.FutureTask.run(FutureTask.java:266)
	at java.util.concurrent.Executors$RunnableAdapter.call(Executors.java:511)
	at java.util.concurrent.FutureTask.run(FutureTask.java:266)
	at java.util.concurrent.ThreadPoolExecutor.runWorker(ThreadPoolExecutor.java:1149)
	at java.util.concurrent.ThreadPoolExecutor$Worker.run(ThreadPoolExecutor.java:624)
	... 1 more
Caused by: org.apache.ratis.thirdparty.io.netty.channel.AbstractChannel$AnnotatedConnectException: Connection refused: /192.168.157.254:35453
	at sun.nio.ch.SocketChannelImpl.checkConnect(Native Method)
	at sun.nio.ch.SocketChannelImpl.finishConnect(SocketChannelImpl.java:717)
	at org.apache.ratis.thirdparty.io.netty.channel.socket.nio.NioSocketChannel.doFinishConnect(NioSocketChannel.java:327)
	at org.apache.ratis.thirdparty.io.netty.channel.nio.AbstractNioChannel$AbstractNioUnsafe.finishConnect(AbstractNioChannel.java:340)
	at org.apache.ratis.thirdparty.io.netty.channel.nio.NioEventLoop.processSelectedKey(NioEventLoop.java:632)
	at org.apache.ratis.thirdparty.io.netty.channel.nio.NioEventLoop.processSelectedKeysOptimized(NioEventLoop.java:579)
	at org.apache.ratis.thirdparty.io.netty.channel.nio.NioEventLoop.processSelectedKeys(NioEventLoop.java:496)
	at org.apache.ratis.thirdparty.io.netty.channel.nio.NioEventLoop.run(NioEventLoop.java:458)
	at org.apache.ratis.thirdparty.io.netty.util.concurrent.SingleThreadEventExecutor$5.run(SingleThreadEventExecutor.java:897)
	at org.apache.ratis.thirdparty.io.netty.util.concurrent.FastThreadLocalRunnable.run(FastThreadLocalRunnable.java:30)
	... 1 more
Caused by: java.net.ConnectException: Connection refused
	... 11 more
2019-10-22 00:09:04,516 [ab370eba-e055-4cd2-9c3d-f3aaf7732468@group-32D95636BACC-LeaderElection625] INFO  impl.RoleInfo (RoleInfo.java:shutdownLeaderElection(134)) - ab370eba-e055-4cd2-9c3d-f3aaf7732468: shutdown LeaderElection
2019-10-22 00:09:04,516 [ab370eba-e055-4cd2-9c3d-f3aaf7732468@group-32D95636BACC-LeaderElection625] INFO  impl.RaftServerImpl (RaftServerImpl.java:setRole(184)) - ab370eba-e055-4cd2-9c3d-f3aaf7732468@group-32D95636BACC: changes role from CANDIDATE to LEADER at term 3 for changeToLeader
2019-10-22 00:09:04,516 [ab370eba-e055-4cd2-9c3d-f3aaf7732468@group-32D95636BACC-LeaderElection625] INFO  impl.RaftServerImpl (ServerState.java:setLeader(256)) - ab370eba-e055-4cd2-9c3d-f3aaf7732468@group-32D95636BACC: change Leader from null to ab370eba-e055-4cd2-9c3d-f3aaf7732468 at term 3 for becomeLeader, leader elected after 18ms
2019-10-22 00:09:04,516 [ab370eba-e055-4cd2-9c3d-f3aaf7732468@group-32D95636BACC-LeaderElection625] INFO  server.RaftServerConfigKeys (ConfUtils.java:logGet(43)) - raft.server.staging.catchup.gap = 1000 (default)
2019-10-22 00:09:04,517 [ab370eba-e055-4cd2-9c3d-f3aaf7732468@group-32D95636BACC-LeaderElection625] INFO  server.RaftServerConfigKeys (ConfUtils.java:logGet(43)) - raft.server.rpc.sleep.time = 25ms (default)
2019-10-22 00:09:04,517 [ab370eba-e055-4cd2-9c3d-f3aaf7732468@group-32D95636BACC-LeaderElection625] INFO  server.RaftServerConfigKeys (ConfUtils.java:logGet(43)) - raft.server.write.element-limit = 4096 (default)
2019-10-22 00:09:04,517 [ab370eba-e055-4cd2-9c3d-f3aaf7732468@group-32D95636BACC-LeaderElection625] INFO  server.RaftServerConfigKeys (ConfUtils.java:logGet(43)) - raft.server.watch.timeout = 10s (default)
2019-10-22 00:09:04,517 [ab370eba-e055-4cd2-9c3d-f3aaf7732468@group-32D95636BACC-LeaderElection625] INFO  server.RaftServerConfigKeys (ConfUtils.java:logGet(43)) - raft.server.watch.timeout.denomination = 1s (default)
2019-10-22 00:09:04,517 [ab370eba-e055-4cd2-9c3d-f3aaf7732468@group-32D95636BACC-LeaderElection625] INFO  server.RaftServerConfigKeys (ConfUtils.java:logGet(43)) - raft.server.watch.element-limit = 65536 (default)
2019-10-22 00:09:04,520 [ab370eba-e055-4cd2-9c3d-f3aaf7732468@group-32D95636BACC-LeaderElection625] INFO  server.RaftServerConfigKeys (ConfUtils.java:logGet(43)) - raft.server.log.appender.snapshot.chunk.size.max = 16MB (=16777216) (default)
2019-10-22 00:09:04,520 [ab370eba-e055-4cd2-9c3d-f3aaf7732468@group-32D95636BACC-LeaderElection625] INFO  server.RaftServerConfigKeys (ConfUtils.java:logGet(43)) - raft.server.log.appender.buffer.byte-limit = 33554432 (custom)
2019-10-22 00:09:04,520 [ab370eba-e055-4cd2-9c3d-f3aaf7732468@group-32D95636BACC-LeaderElection625] INFO  server.RaftServerConfigKeys (ConfUtils.java:logGet(43)) - raft.server.log.appender.buffer.element-limit = 1 (custom)
2019-10-22 00:09:04,520 [ab370eba-e055-4cd2-9c3d-f3aaf7732468@group-32D95636BACC-LeaderElection625] INFO  grpc.GrpcConfigKeys$Server (ConfUtils.java:logGet(43)) - raft.grpc.server.leader.outstanding.appends.max = 128 (default)
2019-10-22 00:09:04,520 [ab370eba-e055-4cd2-9c3d-f3aaf7732468@group-32D95636BACC-LeaderElection625] INFO  server.RaftServerConfigKeys (ConfUtils.java:logGet(43)) - raft.server.rpc.request.timeout = 3000ms (default)
2019-10-22 00:09:04,520 [ab370eba-e055-4cd2-9c3d-f3aaf7732468@group-32D95636BACC-LeaderElection625] INFO  server.RaftServerConfigKeys (ConfUtils.java:logGet(43)) - raft.server.log.appender.install.snapshot.enabled = false (custom)
2019-10-22 00:09:04,522 [ab370eba-e055-4cd2-9c3d-f3aaf7732468@group-32D95636BACC-LeaderElection625] INFO  server.RaftServerConfigKeys (ConfUtils.java:logGet(43)) - raft.server.log.appender.snapshot.chunk.size.max = 16MB (=16777216) (default)
2019-10-22 00:09:04,522 [ab370eba-e055-4cd2-9c3d-f3aaf7732468@group-32D95636BACC-LeaderElection625] INFO  server.RaftServerConfigKeys (ConfUtils.java:logGet(43)) - raft.server.log.appender.buffer.byte-limit = 33554432 (custom)
2019-10-22 00:09:04,522 [ab370eba-e055-4cd2-9c3d-f3aaf7732468@group-32D95636BACC-LeaderElection625] INFO  server.RaftServerConfigKeys (ConfUtils.java:logGet(43)) - raft.server.log.appender.buffer.element-limit = 1 (custom)
2019-10-22 00:09:04,523 [ab370eba-e055-4cd2-9c3d-f3aaf7732468@group-32D95636BACC-LeaderElection625] INFO  grpc.GrpcConfigKeys$Server (ConfUtils.java:logGet(43)) - raft.grpc.server.leader.outstanding.appends.max = 128 (default)
2019-10-22 00:09:04,523 [ab370eba-e055-4cd2-9c3d-f3aaf7732468@group-32D95636BACC-LeaderElection625] INFO  server.RaftServerConfigKeys (ConfUtils.java:logGet(43)) - raft.server.rpc.request.timeout = 3000ms (default)
2019-10-22 00:09:04,523 [ab370eba-e055-4cd2-9c3d-f3aaf7732468@group-32D95636BACC-LeaderElection625] INFO  server.RaftServerConfigKeys (ConfUtils.java:logGet(43)) - raft.server.log.appender.install.snapshot.enabled = false (custom)
2019-10-22 00:09:04,525 [ab370eba-e055-4cd2-9c3d-f3aaf7732468@group-32D95636BACC-LeaderElection625] INFO  impl.RoleInfo (RoleInfo.java:updateAndGet(143)) - ab370eba-e055-4cd2-9c3d-f3aaf7732468: start LeaderState
2019-10-22 00:09:04,525 [ab370eba-e055-4cd2-9c3d-f3aaf7732468@group-32D95636BACC-LeaderElection625] INFO  segmented.SegmentedRaftLogWorker (SegmentedRaftLogWorker.java:rollLogSegment(390)) - ab370eba-e055-4cd2-9c3d-f3aaf7732468@group-32D95636BACC-SegmentedRaftLogWorker: Rolling segment log-0_4 to index:4
2019-10-22 00:09:04,526 [ab370eba-e055-4cd2-9c3d-f3aaf7732468@group-32D95636BACC-SegmentedRaftLogWorker] INFO  segmented.SegmentedRaftLogWorker (SegmentedRaftLogWorker.java:execute(533)) - ab370eba-e055-4cd2-9c3d-f3aaf7732468@group-32D95636BACC-SegmentedRaftLogWorker: Rolled log segment from /workdir/hadoop-ozone/integration-test/target/test-dir/MiniOzoneClusterImpl-7b60a606-535f-40c2-b446-60b0e48a57dd/datanode-9/data/ratis/9165f23d-ccf6-41cb-a2ea-32d95636bacc/current/log_inprogress_0 to /workdir/hadoop-ozone/integration-test/target/test-dir/MiniOzoneClusterImpl-7b60a606-535f-40c2-b446-60b0e48a57dd/datanode-9/data/ratis/9165f23d-ccf6-41cb-a2ea-32d95636bacc/current/log_0-4
2019-10-22 00:09:04,526 [ab370eba-e055-4cd2-9c3d-f3aaf7732468@group-32D95636BACC-LeaderElection625] INFO  impl.RaftServerImpl (ServerState.java:setRaftConf(357)) - ab370eba-e055-4cd2-9c3d-f3aaf7732468@group-32D95636BACC: set configuration 5: [ab370eba-e055-4cd2-9c3d-f3aaf7732468:192.168.157.254:46527, 4677d932-8483-41dd-a758-9c3c53d9b9d5:192.168.157.254:35453, 8fd446cf-6878-4c52-9c53-15bd189bc282:192.168.157.254:37977], old=null at 5
2019-10-22 00:09:04,527 [grpc-default-executor-5] WARN  server.GrpcLogAppender (LogUtils.java:warn(134)) - ab370eba-e055-4cd2-9c3d-f3aaf7732468@group-32D95636BACC->4677d932-8483-41dd-a758-9c3c53d9b9d5-AppendLogResponseHandler: Failed appendEntries: org.apache.ratis.thirdparty.io.grpc.StatusRuntimeException: UNAVAILABLE: io exception
2019-10-22 00:09:04,528 [grpc-default-executor-3] INFO  impl.RaftServerImpl (ServerState.java:setLeader(256)) - 8fd446cf-6878-4c52-9c53-15bd189bc282@group-32D95636BACC: change Leader from null to ab370eba-e055-4cd2-9c3d-f3aaf7732468 at term 3 for appendEntries, leader elected after 17ms
2019-10-22 00:09:04,531 [grpc-default-executor-5] INFO  impl.RaftServerImpl (ServerState.java:setRaftConf(357)) - 8fd446cf-6878-4c52-9c53-15bd189bc282@group-32D95636BACC: set configuration 5: [ab370eba-e055-4cd2-9c3d-f3aaf7732468:192.168.157.254:46527, 4677d932-8483-41dd-a758-9c3c53d9b9d5:192.168.157.254:35453, 8fd446cf-6878-4c52-9c53-15bd189bc282:192.168.157.254:37977], old=null at 5
2019-10-22 00:09:04,531 [grpc-default-executor-5] INFO  segmented.SegmentedRaftLogWorker (SegmentedRaftLogWorker.java:rollLogSegment(390)) - 8fd446cf-6878-4c52-9c53-15bd189bc282@group-32D95636BACC-SegmentedRaftLogWorker: Rolling segment log-0_4 to index:4
2019-10-22 00:09:04,532 [8fd446cf-6878-4c52-9c53-15bd189bc282@group-32D95636BACC-SegmentedRaftLogWorker] INFO  segmented.SegmentedRaftLogWorker (SegmentedRaftLogWorker.java:execute(533)) - 8fd446cf-6878-4c52-9c53-15bd189bc282@group-32D95636BACC-SegmentedRaftLogWorker: Rolled log segment from /workdir/hadoop-ozone/integration-test/target/test-dir/MiniOzoneClusterImpl-7b60a606-535f-40c2-b446-60b0e48a57dd/datanode-4/data/ratis/9165f23d-ccf6-41cb-a2ea-32d95636bacc/current/log_inprogress_0 to /workdir/hadoop-ozone/integration-test/target/test-dir/MiniOzoneClusterImpl-7b60a606-535f-40c2-b446-60b0e48a57dd/datanode-4/data/ratis/9165f23d-ccf6-41cb-a2ea-32d95636bacc/current/log_0-4
2019-10-22 00:09:04,558 [Thread-5252] INFO  impl.FollowerState (FollowerState.java:run(108)) - e64b81a2-7e97-4a9c-9a90-0d1e8edce3a8@group-A8B097DE35CC-FollowerState: change to CANDIDATE, lastRpcTime:1065ms, electionTimeout:1065ms
2019-10-22 00:09:04,558 [Thread-5252] INFO  impl.RoleInfo (RoleInfo.java:shutdownFollowerState(121)) - e64b81a2-7e97-4a9c-9a90-0d1e8edce3a8: shutdown FollowerState
2019-10-22 00:09:04,558 [Thread-5252] INFO  impl.RaftServerImpl (RaftServerImpl.java:setRole(184)) - e64b81a2-7e97-4a9c-9a90-0d1e8edce3a8@group-A8B097DE35CC: changes role from  FOLLOWER to CANDIDATE at term 177 for changeToCandidate
2019-10-22 00:09:04,558 [Thread-5252] INFO  impl.RoleInfo (RoleInfo.java:updateAndGet(143)) - e64b81a2-7e97-4a9c-9a90-0d1e8edce3a8: start LeaderElection
2019-10-22 00:09:04,580 [ab370eba-e055-4cd2-9c3d-f3aaf7732468@group-32D95636BACC-SegmentedRaftLogWorker] INFO  segmented.SegmentedRaftLogWorker (SegmentedRaftLogWorker.java:execute(576)) - ab370eba-e055-4cd2-9c3d-f3aaf7732468@group-32D95636BACC-SegmentedRaftLogWorker: created new log segment /workdir/hadoop-ozone/integration-test/target/test-dir/MiniOzoneClusterImpl-7b60a606-535f-40c2-b446-60b0e48a57dd/datanode-9/data/ratis/9165f23d-ccf6-41cb-a2ea-32d95636bacc/current/log_inprogress_5
2019-10-22 00:09:04,580 [8fd446cf-6878-4c52-9c53-15bd189bc282@group-32D95636BACC-SegmentedRaftLogWorker] INFO  segmented.SegmentedRaftLogWorker (SegmentedRaftLogWorker.java:execute(576)) - 8fd446cf-6878-4c52-9c53-15bd189bc282@group-32D95636BACC-SegmentedRaftLogWorker: created new log segment /workdir/hadoop-ozone/integration-test/target/test-dir/MiniOzoneClusterImpl-7b60a606-535f-40c2-b446-60b0e48a57dd/datanode-4/data/ratis/9165f23d-ccf6-41cb-a2ea-32d95636bacc/current/log_inprogress_5
2019-10-22 00:09:04,581 [e64b81a2-7e97-4a9c-9a90-0d1e8edce3a8@group-A8B097DE35CC-LeaderElection626] INFO  impl.LeaderElection (LeaderElection.java:askForVotes(178)) - e64b81a2-7e97-4a9c-9a90-0d1e8edce3a8@group-A8B097DE35CC-LeaderElection626: begin an election at term 178 for 0: [e64b81a2-7e97-4a9c-9a90-0d1e8edce3a8:192.168.157.254:40074, d9951c0b-6d6e-4464-b06b-4ef93c20892c:192.168.157.254:43622, 1be30185-a2c0-4461-afc0-2cb02fcff473:192.168.157.254:38008], old=null
2019-10-22 00:09:04,584 [e64b81a2-7e97-4a9c-9a90-0d1e8edce3a8@group-A8B097DE35CC-LeaderElection626] INFO  impl.LeaderElection (LogUtils.java:infoOrTrace(149)) - e64b81a2-7e97-4a9c-9a90-0d1e8edce3a8@group-A8B097DE35CC-LeaderElection626 got exception when requesting votes: {}
java.util.concurrent.ExecutionException: org.apache.ratis.thirdparty.io.grpc.StatusRuntimeException: UNAVAILABLE: io exception
	at java.util.concurrent.FutureTask.report(FutureTask.java:122)
	at java.util.concurrent.FutureTask.get(FutureTask.java:192)
	at org.apache.ratis.server.impl.LeaderElection.waitForResults(LeaderElection.java:259)
	at org.apache.ratis.server.impl.LeaderElection.askForVotes(LeaderElection.java:197)
	at org.apache.ratis.server.impl.LeaderElection.run(LeaderElection.java:133)
	at java.lang.Thread.run(Thread.java:748)
Caused by: org.apache.ratis.thirdparty.io.grpc.StatusRuntimeException: UNAVAILABLE: io exception
	at org.apache.ratis.thirdparty.io.grpc.stub.ClientCalls.toStatusRuntimeException(ClientCalls.java:233)
	at org.apache.ratis.thirdparty.io.grpc.stub.ClientCalls.getUnchecked(ClientCalls.java:214)
	at org.apache.ratis.thirdparty.io.grpc.stub.ClientCalls.blockingUnaryCall(ClientCalls.java:139)
	at org.apache.ratis.proto.grpc.RaftServerProtocolServiceGrpc$RaftServerProtocolServiceBlockingStub.requestVote(RaftServerProtocolServiceGrpc.java:265)
	at org.apache.ratis.grpc.server.GrpcServerProtocolClient.requestVote(GrpcServerProtocolClient.java:99)
	at org.apache.ratis.grpc.server.GrpcService.requestVote(GrpcService.java:204)
	at org.apache.ratis.server.impl.LeaderElection.lambda$submitRequests$1(LeaderElection.java:234)
	at java.util.concurrent.FutureTask.run(FutureTask.java:266)
	at java.util.concurrent.Executors$RunnableAdapter.call(Executors.java:511)
	at java.util.concurrent.FutureTask.run(FutureTask.java:266)
	at java.util.concurrent.ThreadPoolExecutor.runWorker(ThreadPoolExecutor.java:1149)
	at java.util.concurrent.ThreadPoolExecutor$Worker.run(ThreadPoolExecutor.java:624)
	... 1 more
Caused by: org.apache.ratis.thirdparty.io.netty.channel.AbstractChannel$AnnotatedConnectException: Connection refused: /192.168.157.254:38008
	at sun.nio.ch.SocketChannelImpl.checkConnect(Native Method)
	at sun.nio.ch.SocketChannelImpl.finishConnect(SocketChannelImpl.java:717)
	at org.apache.ratis.thirdparty.io.netty.channel.socket.nio.NioSocketChannel.doFinishConnect(NioSocketChannel.java:327)
	at org.apache.ratis.thirdparty.io.netty.channel.nio.AbstractNioChannel$AbstractNioUnsafe.finishConnect(AbstractNioChannel.java:340)
	at org.apache.ratis.thirdparty.io.netty.channel.nio.NioEventLoop.processSelectedKey(NioEventLoop.java:632)
	at org.apache.ratis.thirdparty.io.netty.channel.nio.NioEventLoop.processSelectedKeysOptimized(NioEventLoop.java:579)
	at org.apache.ratis.thirdparty.io.netty.channel.nio.NioEventLoop.processSelectedKeys(NioEventLoop.java:496)
	at org.apache.ratis.thirdparty.io.netty.channel.nio.NioEventLoop.run(NioEventLoop.java:458)
	at org.apache.ratis.thirdparty.io.netty.util.concurrent.SingleThreadEventExecutor$5.run(SingleThreadEventExecutor.java:897)
	at org.apache.ratis.thirdparty.io.netty.util.concurrent.FastThreadLocalRunnable.run(FastThreadLocalRunnable.java:30)
	... 1 more
Caused by: java.net.ConnectException: Connection refused
	... 11 more
2019-10-22 00:09:04,589 [e64b81a2-7e97-4a9c-9a90-0d1e8edce3a8@group-A8B097DE35CC-LeaderElection626] INFO  impl.LeaderElection (LogUtils.java:infoOrTrace(149)) - e64b81a2-7e97-4a9c-9a90-0d1e8edce3a8@group-A8B097DE35CC-LeaderElection626 got exception when requesting votes: {}
java.util.concurrent.ExecutionException: org.apache.ratis.thirdparty.io.grpc.StatusRuntimeException: UNAVAILABLE: io exception
	at java.util.concurrent.FutureTask.report(FutureTask.java:122)
	at java.util.concurrent.FutureTask.get(FutureTask.java:192)
	at org.apache.ratis.server.impl.LeaderElection.waitForResults(LeaderElection.java:259)
	at org.apache.ratis.server.impl.LeaderElection.askForVotes(LeaderElection.java:197)
	at org.apache.ratis.server.impl.LeaderElection.run(LeaderElection.java:133)
	at java.lang.Thread.run(Thread.java:748)
Caused by: org.apache.ratis.thirdparty.io.grpc.StatusRuntimeException: UNAVAILABLE: io exception
	at org.apache.ratis.thirdparty.io.grpc.stub.ClientCalls.toStatusRuntimeException(ClientCalls.java:233)
	at org.apache.ratis.thirdparty.io.grpc.stub.ClientCalls.getUnchecked(ClientCalls.java:214)
	at org.apache.ratis.thirdparty.io.grpc.stub.ClientCalls.blockingUnaryCall(ClientCalls.java:139)
	at org.apache.ratis.proto.grpc.RaftServerProtocolServiceGrpc$RaftServerProtocolServiceBlockingStub.requestVote(RaftServerProtocolServiceGrpc.java:265)
	at org.apache.ratis.grpc.server.GrpcServerProtocolClient.requestVote(GrpcServerProtocolClient.java:99)
	at org.apache.ratis.grpc.server.GrpcService.requestVote(GrpcService.java:204)
	at org.apache.ratis.server.impl.LeaderElection.lambda$submitRequests$1(LeaderElection.java:234)
	at java.util.concurrent.FutureTask.run(FutureTask.java:266)
	at java.util.concurrent.Executors$RunnableAdapter.call(Executors.java:511)
	at java.util.concurrent.FutureTask.run(FutureTask.java:266)
	at java.util.concurrent.ThreadPoolExecutor.runWorker(ThreadPoolExecutor.java:1149)
	at java.util.concurrent.ThreadPoolExecutor$Worker.run(ThreadPoolExecutor.java:624)
	... 1 more
Caused by: org.apache.ratis.thirdparty.io.netty.channel.AbstractChannel$AnnotatedConnectException: Connection refused: /192.168.157.254:43622
	at sun.nio.ch.SocketChannelImpl.checkConnect(Native Method)
	at sun.nio.ch.SocketChannelImpl.finishConnect(SocketChannelImpl.java:717)
	at org.apache.ratis.thirdparty.io.netty.channel.socket.nio.NioSocketChannel.doFinishConnect(NioSocketChannel.java:327)
	at org.apache.ratis.thirdparty.io.netty.channel.nio.AbstractNioChannel$AbstractNioUnsafe.finishConnect(AbstractNioChannel.java:340)
	at org.apache.ratis.thirdparty.io.netty.channel.nio.NioEventLoop.processSelectedKey(NioEventLoop.java:632)
	at org.apache.ratis.thirdparty.io.netty.channel.nio.NioEventLoop.processSelectedKeysOptimized(NioEventLoop.java:579)
	at org.apache.ratis.thirdparty.io.netty.channel.nio.NioEventLoop.processSelectedKeys(NioEventLoop.java:496)
	at org.apache.ratis.thirdparty.io.netty.channel.nio.NioEventLoop.run(NioEventLoop.java:458)
	at org.apache.ratis.thirdparty.io.netty.util.concurrent.SingleThreadEventExecutor$5.run(SingleThreadEventExecutor.java:897)
	at org.apache.ratis.thirdparty.io.netty.util.concurrent.FastThreadLocalRunnable.run(FastThreadLocalRunnable.java:30)
	... 1 more
Caused by: java.net.ConnectException: Connection refused
	... 11 more
2019-10-22 00:09:04,601 [e64b81a2-7e97-4a9c-9a90-0d1e8edce3a8@group-A8B097DE35CC-LeaderElection626] INFO  impl.LeaderElection (LeaderElection.java:logAndReturn(56)) - e64b81a2-7e97-4a9c-9a90-0d1e8edce3a8@group-A8B097DE35CC-LeaderElection626: Election REJECTED; received 0 response(s) [] and 2 exception(s); e64b81a2-7e97-4a9c-9a90-0d1e8edce3a8@group-A8B097DE35CC:t178, leader=null, voted=e64b81a2-7e97-4a9c-9a90-0d1e8edce3a8, raftlog=e64b81a2-7e97-4a9c-9a90-0d1e8edce3a8@group-A8B097DE35CC-SegmentedRaftLog:OPENED:c-1,f0,i0, conf=0: [e64b81a2-7e97-4a9c-9a90-0d1e8edce3a8:192.168.157.254:40074, d9951c0b-6d6e-4464-b06b-4ef93c20892c:192.168.157.254:43622, 1be30185-a2c0-4461-afc0-2cb02fcff473:192.168.157.254:38008], old=null
2019-10-22 00:09:04,602 [e64b81a2-7e97-4a9c-9a90-0d1e8edce3a8@group-A8B097DE35CC-LeaderElection626] INFO  impl.LeaderElection (LogUtils.java:infoOrTrace(149)) -   Exception 0: {}
java.util.concurrent.ExecutionException: org.apache.ratis.thirdparty.io.grpc.StatusRuntimeException: UNAVAILABLE: io exception
	at java.util.concurrent.FutureTask.report(FutureTask.java:122)
	at java.util.concurrent.FutureTask.get(FutureTask.java:192)
	at org.apache.ratis.server.impl.LeaderElection.waitForResults(LeaderElection.java:259)
	at org.apache.ratis.server.impl.LeaderElection.askForVotes(LeaderElection.java:197)
	at org.apache.ratis.server.impl.LeaderElection.run(LeaderElection.java:133)
	at java.lang.Thread.run(Thread.java:748)
Caused by: org.apache.ratis.thirdparty.io.grpc.StatusRuntimeException: UNAVAILABLE: io exception
	at org.apache.ratis.thirdparty.io.grpc.stub.ClientCalls.toStatusRuntimeException(ClientCalls.java:233)
	at org.apache.ratis.thirdparty.io.grpc.stub.ClientCalls.getUnchecked(ClientCalls.java:214)
	at org.apache.ratis.thirdparty.io.grpc.stub.ClientCalls.blockingUnaryCall(ClientCalls.java:139)
	at org.apache.ratis.proto.grpc.RaftServerProtocolServiceGrpc$RaftServerProtocolServiceBlockingStub.requestVote(RaftServerProtocolServiceGrpc.java:265)
	at org.apache.ratis.grpc.server.GrpcServerProtocolClient.requestVote(GrpcServerProtocolClient.java:99)
	at org.apache.ratis.grpc.server.GrpcService.requestVote(GrpcService.java:204)
	at org.apache.ratis.server.impl.LeaderElection.lambda$submitRequests$1(LeaderElection.java:234)
	at java.util.concurrent.FutureTask.run(FutureTask.java:266)
	at java.util.concurrent.Executors$RunnableAdapter.call(Executors.java:511)
	at java.util.concurrent.FutureTask.run(FutureTask.java:266)
	at java.util.concurrent.ThreadPoolExecutor.runWorker(ThreadPoolExecutor.java:1149)
	at java.util.concurrent.ThreadPoolExecutor$Worker.run(ThreadPoolExecutor.java:624)
	... 1 more
Caused by: org.apache.ratis.thirdparty.io.netty.channel.AbstractChannel$AnnotatedConnectException: Connection refused: /192.168.157.254:38008
	at sun.nio.ch.SocketChannelImpl.checkConnect(Native Method)
	at sun.nio.ch.SocketChannelImpl.finishConnect(SocketChannelImpl.java:717)
	at org.apache.ratis.thirdparty.io.netty.channel.socket.nio.NioSocketChannel.doFinishConnect(NioSocketChannel.java:327)
	at org.apache.ratis.thirdparty.io.netty.channel.nio.AbstractNioChannel$AbstractNioUnsafe.finishConnect(AbstractNioChannel.java:340)
	at org.apache.ratis.thirdparty.io.netty.channel.nio.NioEventLoop.processSelectedKey(NioEventLoop.java:632)
	at org.apache.ratis.thirdparty.io.netty.channel.nio.NioEventLoop.processSelectedKeysOptimized(NioEventLoop.java:579)
	at org.apache.ratis.thirdparty.io.netty.channel.nio.NioEventLoop.processSelectedKeys(NioEventLoop.java:496)
	at org.apache.ratis.thirdparty.io.netty.channel.nio.NioEventLoop.run(NioEventLoop.java:458)
	at org.apache.ratis.thirdparty.io.netty.util.concurrent.SingleThreadEventExecutor$5.run(SingleThreadEventExecutor.java:897)
	at org.apache.ratis.thirdparty.io.netty.util.concurrent.FastThreadLocalRunnable.run(FastThreadLocalRunnable.java:30)
	... 1 more
Caused by: java.net.ConnectException: Connection refused
	... 11 more
2019-10-22 00:09:04,602 [e64b81a2-7e97-4a9c-9a90-0d1e8edce3a8@group-A8B097DE35CC-LeaderElection626] INFO  impl.LeaderElection (LogUtils.java:infoOrTrace(149)) -   Exception 1: {}
java.util.concurrent.ExecutionException: org.apache.ratis.thirdparty.io.grpc.StatusRuntimeException: UNAVAILABLE: io exception
	at java.util.concurrent.FutureTask.report(FutureTask.java:122)
	at java.util.concurrent.FutureTask.get(FutureTask.java:192)
	at org.apache.ratis.server.impl.LeaderElection.waitForResults(LeaderElection.java:259)
	at org.apache.ratis.server.impl.LeaderElection.askForVotes(LeaderElection.java:197)
	at org.apache.ratis.server.impl.LeaderElection.run(LeaderElection.java:133)
	at java.lang.Thread.run(Thread.java:748)
Caused by: org.apache.ratis.thirdparty.io.grpc.StatusRuntimeException: UNAVAILABLE: io exception
	at org.apache.ratis.thirdparty.io.grpc.stub.ClientCalls.toStatusRuntimeException(ClientCalls.java:233)
	at org.apache.ratis.thirdparty.io.grpc.stub.ClientCalls.getUnchecked(ClientCalls.java:214)
	at org.apache.ratis.thirdparty.io.grpc.stub.ClientCalls.blockingUnaryCall(ClientCalls.java:139)
	at org.apache.ratis.proto.grpc.RaftServerProtocolServiceGrpc$RaftServerProtocolServiceBlockingStub.requestVote(RaftServerProtocolServiceGrpc.java:265)
	at org.apache.ratis.grpc.server.GrpcServerProtocolClient.requestVote(GrpcServerProtocolClient.java:99)
	at org.apache.ratis.grpc.server.GrpcService.requestVote(GrpcService.java:204)
	at org.apache.ratis.server.impl.LeaderElection.lambda$submitRequests$1(LeaderElection.java:234)
	at java.util.concurrent.FutureTask.run(FutureTask.java:266)
	at java.util.concurrent.Executors$RunnableAdapter.call(Executors.java:511)
	at java.util.concurrent.FutureTask.run(FutureTask.java:266)
	at java.util.concurrent.ThreadPoolExecutor.runWorker(ThreadPoolExecutor.java:1149)
	at java.util.concurrent.ThreadPoolExecutor$Worker.run(ThreadPoolExecutor.java:624)
	... 1 more
Caused by: org.apache.ratis.thirdparty.io.netty.channel.AbstractChannel$AnnotatedConnectException: Connection refused: /192.168.157.254:43622
	at sun.nio.ch.SocketChannelImpl.checkConnect(Native Method)
	at sun.nio.ch.SocketChannelImpl.finishConnect(SocketChannelImpl.java:717)
	at org.apache.ratis.thirdparty.io.netty.channel.socket.nio.NioSocketChannel.doFinishConnect(NioSocketChannel.java:327)
	at org.apache.ratis.thirdparty.io.netty.channel.nio.AbstractNioChannel$AbstractNioUnsafe.finishConnect(AbstractNioChannel.java:340)
	at org.apache.ratis.thirdparty.io.netty.channel.nio.NioEventLoop.processSelectedKey(NioEventLoop.java:632)
	at org.apache.ratis.thirdparty.io.netty.channel.nio.NioEventLoop.processSelectedKeysOptimized(NioEventLoop.java:579)
	at org.apache.ratis.thirdparty.io.netty.channel.nio.NioEventLoop.processSelectedKeys(NioEventLoop.java:496)
	at org.apache.ratis.thirdparty.io.netty.channel.nio.NioEventLoop.run(NioEventLoop.java:458)
	at org.apache.ratis.thirdparty.io.netty.util.concurrent.SingleThreadEventExecutor$5.run(SingleThreadEventExecutor.java:897)
	at org.apache.ratis.thirdparty.io.netty.util.concurrent.FastThreadLocalRunnable.run(FastThreadLocalRunnable.java:30)
	... 1 more
Caused by: java.net.ConnectException: Connection refused
	... 11 more
2019-10-22 00:09:04,603 [e64b81a2-7e97-4a9c-9a90-0d1e8edce3a8@group-A8B097DE35CC-LeaderElection626] INFO  impl.RaftServerImpl (RaftServerImpl.java:setRole(184)) - e64b81a2-7e97-4a9c-9a90-0d1e8edce3a8@group-A8B097DE35CC: changes role from CANDIDATE to FOLLOWER at term 178 for DISCOVERED_A_NEW_TERM
2019-10-22 00:09:04,603 [e64b81a2-7e97-4a9c-9a90-0d1e8edce3a8@group-A8B097DE35CC-LeaderElection626] INFO  impl.RoleInfo (RoleInfo.java:shutdownLeaderElection(134)) - e64b81a2-7e97-4a9c-9a90-0d1e8edce3a8: shutdown LeaderElection
2019-10-22 00:09:04,603 [e64b81a2-7e97-4a9c-9a90-0d1e8edce3a8@group-A8B097DE35CC-LeaderElection626] INFO  impl.RoleInfo (RoleInfo.java:updateAndGet(143)) - e64b81a2-7e97-4a9c-9a90-0d1e8edce3a8: start FollowerState
2019-10-22 00:09:05,691 [java.util.concurrent.ThreadPoolExecutor$Worker@5c64f706[State = -1, empty queue]] WARN  server.GrpcLogAppender (GrpcLogAppender.java:timeoutAppendRequest(209)) - f9169fae-8e57-49b1-968c-b0c13a9c79ea@group-B019D31AF6BA->05003219-6676-4e45-bd72-11bc04fa30d3-GrpcLogAppender: appendEntries Timeout, request=f9169fae-8e57-49b1-968c-b0c13a9c79ea->05003219-6676-4e45-bd72-11bc04fa30d3#1-t3, previous=(t:2, i:6), leaderCommit=8, initializing? false, entries: <empty>
2019-10-22 00:09:05,787 [Thread-5269] INFO  impl.FollowerState (FollowerState.java:run(108)) - e64b81a2-7e97-4a9c-9a90-0d1e8edce3a8@group-A8B097DE35CC-FollowerState: change to CANDIDATE, lastRpcTime:1183ms, electionTimeout:1183ms
2019-10-22 00:09:05,787 [Thread-5269] INFO  impl.RoleInfo (RoleInfo.java:shutdownFollowerState(121)) - e64b81a2-7e97-4a9c-9a90-0d1e8edce3a8: shutdown FollowerState
2019-10-22 00:09:05,787 [Thread-5269] INFO  impl.RaftServerImpl (RaftServerImpl.java:setRole(184)) - e64b81a2-7e97-4a9c-9a90-0d1e8edce3a8@group-A8B097DE35CC: changes role from  FOLLOWER to CANDIDATE at term 178 for changeToCandidate
2019-10-22 00:09:05,787 [Thread-5269] INFO  impl.RoleInfo (RoleInfo.java:updateAndGet(143)) - e64b81a2-7e97-4a9c-9a90-0d1e8edce3a8: start LeaderElection
2019-10-22 00:09:05,804 [e64b81a2-7e97-4a9c-9a90-0d1e8edce3a8@group-A8B097DE35CC-LeaderElection627] INFO  impl.LeaderElection (LeaderElection.java:askForVotes(178)) - e64b81a2-7e97-4a9c-9a90-0d1e8edce3a8@group-A8B097DE35CC-LeaderElection627: begin an election at term 179 for 0: [e64b81a2-7e97-4a9c-9a90-0d1e8edce3a8:192.168.157.254:40074, d9951c0b-6d6e-4464-b06b-4ef93c20892c:192.168.157.254:43622, 1be30185-a2c0-4461-afc0-2cb02fcff473:192.168.157.254:38008], old=null
2019-10-22 00:09:05,805 [e64b81a2-7e97-4a9c-9a90-0d1e8edce3a8@group-A8B097DE35CC-LeaderElection627] INFO  impl.LeaderElection (LogUtils.java:infoOrTrace(149)) - e64b81a2-7e97-4a9c-9a90-0d1e8edce3a8@group-A8B097DE35CC-LeaderElection627 got exception when requesting votes: {}
java.util.concurrent.ExecutionException: org.apache.ratis.thirdparty.io.grpc.StatusRuntimeException: UNAVAILABLE: io exception
	at java.util.concurrent.FutureTask.report(FutureTask.java:122)
	at java.util.concurrent.FutureTask.get(FutureTask.java:192)
	at org.apache.ratis.server.impl.LeaderElection.waitForResults(LeaderElection.java:259)
	at org.apache.ratis.server.impl.LeaderElection.askForVotes(LeaderElection.java:197)
	at org.apache.ratis.server.impl.LeaderElection.run(LeaderElection.java:133)
	at java.lang.Thread.run(Thread.java:748)
Caused by: org.apache.ratis.thirdparty.io.grpc.StatusRuntimeException: UNAVAILABLE: io exception
	at org.apache.ratis.thirdparty.io.grpc.stub.ClientCalls.toStatusRuntimeException(ClientCalls.java:233)
	at org.apache.ratis.thirdparty.io.grpc.stub.ClientCalls.getUnchecked(ClientCalls.java:214)
	at org.apache.ratis.thirdparty.io.grpc.stub.ClientCalls.blockingUnaryCall(ClientCalls.java:139)
	at org.apache.ratis.proto.grpc.RaftServerProtocolServiceGrpc$RaftServerProtocolServiceBlockingStub.requestVote(RaftServerProtocolServiceGrpc.java:265)
	at org.apache.ratis.grpc.server.GrpcServerProtocolClient.requestVote(GrpcServerProtocolClient.java:99)
	at org.apache.ratis.grpc.server.GrpcService.requestVote(GrpcService.java:204)
	at org.apache.ratis.server.impl.LeaderElection.lambda$submitRequests$1(LeaderElection.java:234)
	at java.util.concurrent.FutureTask.run(FutureTask.java:266)
	at java.util.concurrent.Executors$RunnableAdapter.call(Executors.java:511)
	at java.util.concurrent.FutureTask.run(FutureTask.java:266)
	at java.util.concurrent.ThreadPoolExecutor.runWorker(ThreadPoolExecutor.java:1149)
	at java.util.concurrent.ThreadPoolExecutor$Worker.run(ThreadPoolExecutor.java:624)
	... 1 more
Caused by: org.apache.ratis.thirdparty.io.netty.channel.AbstractChannel$AnnotatedConnectException: Connection refused: /192.168.157.254:43622
	at sun.nio.ch.SocketChannelImpl.checkConnect(Native Method)
	at sun.nio.ch.SocketChannelImpl.finishConnect(SocketChannelImpl.java:717)
	at org.apache.ratis.thirdparty.io.netty.channel.socket.nio.NioSocketChannel.doFinishConnect(NioSocketChannel.java:327)
	at org.apache.ratis.thirdparty.io.netty.channel.nio.AbstractNioChannel$AbstractNioUnsafe.finishConnect(AbstractNioChannel.java:340)
	at org.apache.ratis.thirdparty.io.netty.channel.nio.NioEventLoop.processSelectedKey(NioEventLoop.java:632)
	at org.apache.ratis.thirdparty.io.netty.channel.nio.NioEventLoop.processSelectedKeysOptimized(NioEventLoop.java:579)
	at org.apache.ratis.thirdparty.io.netty.channel.nio.NioEventLoop.processSelectedKeys(NioEventLoop.java:496)
	at org.apache.ratis.thirdparty.io.netty.channel.nio.NioEventLoop.run(NioEventLoop.java:458)
	at org.apache.ratis.thirdparty.io.netty.util.concurrent.SingleThreadEventExecutor$5.run(SingleThreadEventExecutor.java:897)
	at org.apache.ratis.thirdparty.io.netty.util.concurrent.FastThreadLocalRunnable.run(FastThreadLocalRunnable.java:30)
	... 1 more
Caused by: java.net.ConnectException: Connection refused
	... 11 more
2019-10-22 00:09:05,805 [e64b81a2-7e97-4a9c-9a90-0d1e8edce3a8@group-A8B097DE35CC-LeaderElection627] INFO  impl.LeaderElection (LogUtils.java:infoOrTrace(149)) - e64b81a2-7e97-4a9c-9a90-0d1e8edce3a8@group-A8B097DE35CC-LeaderElection627 got exception when requesting votes: {}
java.util.concurrent.ExecutionException: org.apache.ratis.thirdparty.io.grpc.StatusRuntimeException: UNAVAILABLE: io exception
	at java.util.concurrent.FutureTask.report(FutureTask.java:122)
	at java.util.concurrent.FutureTask.get(FutureTask.java:192)
	at org.apache.ratis.server.impl.LeaderElection.waitForResults(LeaderElection.java:259)
	at org.apache.ratis.server.impl.LeaderElection.askForVotes(LeaderElection.java:197)
	at org.apache.ratis.server.impl.LeaderElection.run(LeaderElection.java:133)
	at java.lang.Thread.run(Thread.java:748)
Caused by: org.apache.ratis.thirdparty.io.grpc.StatusRuntimeException: UNAVAILABLE: io exception
	at org.apache.ratis.thirdparty.io.grpc.stub.ClientCalls.toStatusRuntimeException(ClientCalls.java:233)
	at org.apache.ratis.thirdparty.io.grpc.stub.ClientCalls.getUnchecked(ClientCalls.java:214)
	at org.apache.ratis.thirdparty.io.grpc.stub.ClientCalls.blockingUnaryCall(ClientCalls.java:139)
	at org.apache.ratis.proto.grpc.RaftServerProtocolServiceGrpc$RaftServerProtocolServiceBlockingStub.requestVote(RaftServerProtocolServiceGrpc.java:265)
	at org.apache.ratis.grpc.server.GrpcServerProtocolClient.requestVote(GrpcServerProtocolClient.java:99)
	at org.apache.ratis.grpc.server.GrpcService.requestVote(GrpcService.java:204)
	at org.apache.ratis.server.impl.LeaderElection.lambda$submitRequests$1(LeaderElection.java:234)
	at java.util.concurrent.FutureTask.run(FutureTask.java:266)
	at java.util.concurrent.Executors$RunnableAdapter.call(Executors.java:511)
	at java.util.concurrent.FutureTask.run(FutureTask.java:266)
	at java.util.concurrent.ThreadPoolExecutor.runWorker(ThreadPoolExecutor.java:1149)
	at java.util.concurrent.ThreadPoolExecutor$Worker.run(ThreadPoolExecutor.java:624)
	... 1 more
Caused by: org.apache.ratis.thirdparty.io.netty.channel.AbstractChannel$AnnotatedConnectException: Connection refused: /192.168.157.254:38008
	at sun.nio.ch.SocketChannelImpl.checkConnect(Native Method)
	at sun.nio.ch.SocketChannelImpl.finishConnect(SocketChannelImpl.java:717)
	at org.apache.ratis.thirdparty.io.netty.channel.socket.nio.NioSocketChannel.doFinishConnect(NioSocketChannel.java:327)
	at org.apache.ratis.thirdparty.io.netty.channel.nio.AbstractNioChannel$AbstractNioUnsafe.finishConnect(AbstractNioChannel.java:340)
	at org.apache.ratis.thirdparty.io.netty.channel.nio.NioEventLoop.processSelectedKey(NioEventLoop.java:632)
	at org.apache.ratis.thirdparty.io.netty.channel.nio.NioEventLoop.processSelectedKeysOptimized(NioEventLoop.java:579)
	at org.apache.ratis.thirdparty.io.netty.channel.nio.NioEventLoop.processSelectedKeys(NioEventLoop.java:496)
	at org.apache.ratis.thirdparty.io.netty.channel.nio.NioEventLoop.run(NioEventLoop.java:458)
	at org.apache.ratis.thirdparty.io.netty.util.concurrent.SingleThreadEventExecutor$5.run(SingleThreadEventExecutor.java:897)
	at org.apache.ratis.thirdparty.io.netty.util.concurrent.FastThreadLocalRunnable.run(FastThreadLocalRunnable.java:30)
	... 1 more
Caused by: java.net.ConnectException: Connection refused
	... 11 more
2019-10-22 00:09:05,806 [e64b81a2-7e97-4a9c-9a90-0d1e8edce3a8@group-A8B097DE35CC-LeaderElection627] INFO  impl.LeaderElection (LeaderElection.java:logAndReturn(56)) - e64b81a2-7e97-4a9c-9a90-0d1e8edce3a8@group-A8B097DE35CC-LeaderElection627: Election REJECTED; received 0 response(s) [] and 2 exception(s); e64b81a2-7e97-4a9c-9a90-0d1e8edce3a8@group-A8B097DE35CC:t179, leader=null, voted=e64b81a2-7e97-4a9c-9a90-0d1e8edce3a8, raftlog=e64b81a2-7e97-4a9c-9a90-0d1e8edce3a8@group-A8B097DE35CC-SegmentedRaftLog:OPENED:c-1,f0,i0, conf=0: [e64b81a2-7e97-4a9c-9a90-0d1e8edce3a8:192.168.157.254:40074, d9951c0b-6d6e-4464-b06b-4ef93c20892c:192.168.157.254:43622, 1be30185-a2c0-4461-afc0-2cb02fcff473:192.168.157.254:38008], old=null
2019-10-22 00:09:05,806 [e64b81a2-7e97-4a9c-9a90-0d1e8edce3a8@group-A8B097DE35CC-LeaderElection627] INFO  impl.LeaderElection (LogUtils.java:infoOrTrace(149)) -   Exception 0: {}
java.util.concurrent.ExecutionException: org.apache.ratis.thirdparty.io.grpc.StatusRuntimeException: UNAVAILABLE: io exception
	at java.util.concurrent.FutureTask.report(FutureTask.java:122)
	at java.util.concurrent.FutureTask.get(FutureTask.java:192)
	at org.apache.ratis.server.impl.LeaderElection.waitForResults(LeaderElection.java:259)
	at org.apache.ratis.server.impl.LeaderElection.askForVotes(LeaderElection.java:197)
	at org.apache.ratis.server.impl.LeaderElection.run(LeaderElection.java:133)
	at java.lang.Thread.run(Thread.java:748)
Caused by: org.apache.ratis.thirdparty.io.grpc.StatusRuntimeException: UNAVAILABLE: io exception
	at org.apache.ratis.thirdparty.io.grpc.stub.ClientCalls.toStatusRuntimeException(ClientCalls.java:233)
	at org.apache.ratis.thirdparty.io.grpc.stub.ClientCalls.getUnchecked(ClientCalls.java:214)
	at org.apache.ratis.thirdparty.io.grpc.stub.ClientCalls.blockingUnaryCall(ClientCalls.java:139)
	at org.apache.ratis.proto.grpc.RaftServerProtocolServiceGrpc$RaftServerProtocolServiceBlockingStub.requestVote(RaftServerProtocolServiceGrpc.java:265)
	at org.apache.ratis.grpc.server.GrpcServerProtocolClient.requestVote(GrpcServerProtocolClient.java:99)
	at org.apache.ratis.grpc.server.GrpcService.requestVote(GrpcService.java:204)
	at org.apache.ratis.server.impl.LeaderElection.lambda$submitRequests$1(LeaderElection.java:234)
	at java.util.concurrent.FutureTask.run(FutureTask.java:266)
	at java.util.concurrent.Executors$RunnableAdapter.call(Executors.java:511)
	at java.util.concurrent.FutureTask.run(FutureTask.java:266)
	at java.util.concurrent.ThreadPoolExecutor.runWorker(ThreadPoolExecutor.java:1149)
	at java.util.concurrent.ThreadPoolExecutor$Worker.run(ThreadPoolExecutor.java:624)
	... 1 more
Caused by: org.apache.ratis.thirdparty.io.netty.channel.AbstractChannel$AnnotatedConnectException: Connection refused: /192.168.157.254:43622
	at sun.nio.ch.SocketChannelImpl.checkConnect(Native Method)
	at sun.nio.ch.SocketChannelImpl.finishConnect(SocketChannelImpl.java:717)
	at org.apache.ratis.thirdparty.io.netty.channel.socket.nio.NioSocketChannel.doFinishConnect(NioSocketChannel.java:327)
	at org.apache.ratis.thirdparty.io.netty.channel.nio.AbstractNioChannel$AbstractNioUnsafe.finishConnect(AbstractNioChannel.java:340)
	at org.apache.ratis.thirdparty.io.netty.channel.nio.NioEventLoop.processSelectedKey(NioEventLoop.java:632)
	at org.apache.ratis.thirdparty.io.netty.channel.nio.NioEventLoop.processSelectedKeysOptimized(NioEventLoop.java:579)
	at org.apache.ratis.thirdparty.io.netty.channel.nio.NioEventLoop.processSelectedKeys(NioEventLoop.java:496)
	at org.apache.ratis.thirdparty.io.netty.channel.nio.NioEventLoop.run(NioEventLoop.java:458)
	at org.apache.ratis.thirdparty.io.netty.util.concurrent.SingleThreadEventExecutor$5.run(SingleThreadEventExecutor.java:897)
	at org.apache.ratis.thirdparty.io.netty.util.concurrent.FastThreadLocalRunnable.run(FastThreadLocalRunnable.java:30)
	... 1 more
Caused by: java.net.ConnectException: Connection refused
	... 11 more
2019-10-22 00:09:05,806 [e64b81a2-7e97-4a9c-9a90-0d1e8edce3a8@group-A8B097DE35CC-LeaderElection627] INFO  impl.LeaderElection (LogUtils.java:infoOrTrace(149)) -   Exception 1: {}
java.util.concurrent.ExecutionException: org.apache.ratis.thirdparty.io.grpc.StatusRuntimeException: UNAVAILABLE: io exception
	at java.util.concurrent.FutureTask.report(FutureTask.java:122)
	at java.util.concurrent.FutureTask.get(FutureTask.java:192)
	at org.apache.ratis.server.impl.LeaderElection.waitForResults(LeaderElection.java:259)
	at org.apache.ratis.server.impl.LeaderElection.askForVotes(LeaderElection.java:197)
	at org.apache.ratis.server.impl.LeaderElection.run(LeaderElection.java:133)
	at java.lang.Thread.run(Thread.java:748)
Caused by: org.apache.ratis.thirdparty.io.grpc.StatusRuntimeException: UNAVAILABLE: io exception
	at org.apache.ratis.thirdparty.io.grpc.stub.ClientCalls.toStatusRuntimeException(ClientCalls.java:233)
	at org.apache.ratis.thirdparty.io.grpc.stub.ClientCalls.getUnchecked(ClientCalls.java:214)
	at org.apache.ratis.thirdparty.io.grpc.stub.ClientCalls.blockingUnaryCall(ClientCalls.java:139)
	at org.apache.ratis.proto.grpc.RaftServerProtocolServiceGrpc$RaftServerProtocolServiceBlockingStub.requestVote(RaftServerProtocolServiceGrpc.java:265)
	at org.apache.ratis.grpc.server.GrpcServerProtocolClient.requestVote(GrpcServerProtocolClient.java:99)
	at org.apache.ratis.grpc.server.GrpcService.requestVote(GrpcService.java:204)
	at org.apache.ratis.server.impl.LeaderElection.lambda$submitRequests$1(LeaderElection.java:234)
	at java.util.concurrent.FutureTask.run(FutureTask.java:266)
	at java.util.concurrent.Executors$RunnableAdapter.call(Executors.java:511)
	at java.util.concurrent.FutureTask.run(FutureTask.java:266)
	at java.util.concurrent.ThreadPoolExecutor.runWorker(ThreadPoolExecutor.java:1149)
	at java.util.concurrent.ThreadPoolExecutor$Worker.run(ThreadPoolExecutor.java:624)
	... 1 more
Caused by: org.apache.ratis.thirdparty.io.netty.channel.AbstractChannel$AnnotatedConnectException: Connection refused: /192.168.157.254:38008
	at sun.nio.ch.SocketChannelImpl.checkConnect(Native Method)
	at sun.nio.ch.SocketChannelImpl.finishConnect(SocketChannelImpl.java:717)
	at org.apache.ratis.thirdparty.io.netty.channel.socket.nio.NioSocketChannel.doFinishConnect(NioSocketChannel.java:327)
	at org.apache.ratis.thirdparty.io.netty.channel.nio.AbstractNioChannel$AbstractNioUnsafe.finishConnect(AbstractNioChannel.java:340)
	at org.apache.ratis.thirdparty.io.netty.channel.nio.NioEventLoop.processSelectedKey(NioEventLoop.java:632)
	at org.apache.ratis.thirdparty.io.netty.channel.nio.NioEventLoop.processSelectedKeysOptimized(NioEventLoop.java:579)
	at org.apache.ratis.thirdparty.io.netty.channel.nio.NioEventLoop.processSelectedKeys(NioEventLoop.java:496)
	at org.apache.ratis.thirdparty.io.netty.channel.nio.NioEventLoop.run(NioEventLoop.java:458)
	at org.apache.ratis.thirdparty.io.netty.util.concurrent.SingleThreadEventExecutor$5.run(SingleThreadEventExecutor.java:897)
	at org.apache.ratis.thirdparty.io.netty.util.concurrent.FastThreadLocalRunnable.run(FastThreadLocalRunnable.java:30)
	... 1 more
Caused by: java.net.ConnectException: Connection refused
	... 11 more
2019-10-22 00:09:05,806 [e64b81a2-7e97-4a9c-9a90-0d1e8edce3a8@group-A8B097DE35CC-LeaderElection627] INFO  impl.RaftServerImpl (RaftServerImpl.java:setRole(184)) - e64b81a2-7e97-4a9c-9a90-0d1e8edce3a8@group-A8B097DE35CC: changes role from CANDIDATE to FOLLOWER at term 179 for DISCOVERED_A_NEW_TERM
2019-10-22 00:09:05,806 [e64b81a2-7e97-4a9c-9a90-0d1e8edce3a8@group-A8B097DE35CC-LeaderElection627] INFO  impl.RoleInfo (RoleInfo.java:shutdownLeaderElection(134)) - e64b81a2-7e97-4a9c-9a90-0d1e8edce3a8: shutdown LeaderElection
2019-10-22 00:09:05,807 [e64b81a2-7e97-4a9c-9a90-0d1e8edce3a8@group-A8B097DE35CC-LeaderElection627] INFO  impl.RoleInfo (RoleInfo.java:updateAndGet(143)) - e64b81a2-7e97-4a9c-9a90-0d1e8edce3a8: start FollowerState
2019-10-22 00:09:06,926 [Thread-5279] INFO  impl.FollowerState (FollowerState.java:run(108)) - e64b81a2-7e97-4a9c-9a90-0d1e8edce3a8@group-A8B097DE35CC-FollowerState: change to CANDIDATE, lastRpcTime:1119ms, electionTimeout:1119ms
2019-10-22 00:09:06,926 [Thread-5279] INFO  impl.RoleInfo (RoleInfo.java:shutdownFollowerState(121)) - e64b81a2-7e97-4a9c-9a90-0d1e8edce3a8: shutdown FollowerState
2019-10-22 00:09:06,926 [Thread-5279] INFO  impl.RaftServerImpl (RaftServerImpl.java:setRole(184)) - e64b81a2-7e97-4a9c-9a90-0d1e8edce3a8@group-A8B097DE35CC: changes role from  FOLLOWER to CANDIDATE at term 179 for changeToCandidate
2019-10-22 00:09:06,926 [Thread-5279] INFO  impl.RoleInfo (RoleInfo.java:updateAndGet(143)) - e64b81a2-7e97-4a9c-9a90-0d1e8edce3a8: start LeaderElection
2019-10-22 00:09:06,942 [e64b81a2-7e97-4a9c-9a90-0d1e8edce3a8@group-A8B097DE35CC-LeaderElection628] INFO  impl.LeaderElection (LeaderElection.java:askForVotes(178)) - e64b81a2-7e97-4a9c-9a90-0d1e8edce3a8@group-A8B097DE35CC-LeaderElection628: begin an election at term 180 for 0: [e64b81a2-7e97-4a9c-9a90-0d1e8edce3a8:192.168.157.254:40074, d9951c0b-6d6e-4464-b06b-4ef93c20892c:192.168.157.254:43622, 1be30185-a2c0-4461-afc0-2cb02fcff473:192.168.157.254:38008], old=null
2019-10-22 00:09:06,943 [e64b81a2-7e97-4a9c-9a90-0d1e8edce3a8@group-A8B097DE35CC-LeaderElection628] INFO  impl.LeaderElection (LogUtils.java:infoOrTrace(149)) - e64b81a2-7e97-4a9c-9a90-0d1e8edce3a8@group-A8B097DE35CC-LeaderElection628 got exception when requesting votes: {}
java.util.concurrent.ExecutionException: org.apache.ratis.thirdparty.io.grpc.StatusRuntimeException: UNAVAILABLE: io exception
	at java.util.concurrent.FutureTask.report(FutureTask.java:122)
	at java.util.concurrent.FutureTask.get(FutureTask.java:192)
	at org.apache.ratis.server.impl.LeaderElection.waitForResults(LeaderElection.java:259)
	at org.apache.ratis.server.impl.LeaderElection.askForVotes(LeaderElection.java:197)
	at org.apache.ratis.server.impl.LeaderElection.run(LeaderElection.java:133)
	at java.lang.Thread.run(Thread.java:748)
Caused by: org.apache.ratis.thirdparty.io.grpc.StatusRuntimeException: UNAVAILABLE: io exception
	at org.apache.ratis.thirdparty.io.grpc.stub.ClientCalls.toStatusRuntimeException(ClientCalls.java:233)
	at org.apache.ratis.thirdparty.io.grpc.stub.ClientCalls.getUnchecked(ClientCalls.java:214)
	at org.apache.ratis.thirdparty.io.grpc.stub.ClientCalls.blockingUnaryCall(ClientCalls.java:139)
	at org.apache.ratis.proto.grpc.RaftServerProtocolServiceGrpc$RaftServerProtocolServiceBlockingStub.requestVote(RaftServerProtocolServiceGrpc.java:265)
	at org.apache.ratis.grpc.server.GrpcServerProtocolClient.requestVote(GrpcServerProtocolClient.java:99)
	at org.apache.ratis.grpc.server.GrpcService.requestVote(GrpcService.java:204)
	at org.apache.ratis.server.impl.LeaderElection.lambda$submitRequests$1(LeaderElection.java:234)
	at java.util.concurrent.FutureTask.run(FutureTask.java:266)
	at java.util.concurrent.Executors$RunnableAdapter.call(Executors.java:511)
	at java.util.concurrent.FutureTask.run(FutureTask.java:266)
	at java.util.concurrent.ThreadPoolExecutor.runWorker(ThreadPoolExecutor.java:1149)
	at java.util.concurrent.ThreadPoolExecutor$Worker.run(ThreadPoolExecutor.java:624)
	... 1 more
Caused by: org.apache.ratis.thirdparty.io.netty.channel.AbstractChannel$AnnotatedConnectException: Connection refused: /192.168.157.254:43622
	at sun.nio.ch.SocketChannelImpl.checkConnect(Native Method)
	at sun.nio.ch.SocketChannelImpl.finishConnect(SocketChannelImpl.java:717)
	at org.apache.ratis.thirdparty.io.netty.channel.socket.nio.NioSocketChannel.doFinishConnect(NioSocketChannel.java:327)
	at org.apache.ratis.thirdparty.io.netty.channel.nio.AbstractNioChannel$AbstractNioUnsafe.finishConnect(AbstractNioChannel.java:340)
	at org.apache.ratis.thirdparty.io.netty.channel.nio.NioEventLoop.processSelectedKey(NioEventLoop.java:632)
	at org.apache.ratis.thirdparty.io.netty.channel.nio.NioEventLoop.processSelectedKeysOptimized(NioEventLoop.java:579)
	at org.apache.ratis.thirdparty.io.netty.channel.nio.NioEventLoop.processSelectedKeys(NioEventLoop.java:496)
	at org.apache.ratis.thirdparty.io.netty.channel.nio.NioEventLoop.run(NioEventLoop.java:458)
	at org.apache.ratis.thirdparty.io.netty.util.concurrent.SingleThreadEventExecutor$5.run(SingleThreadEventExecutor.java:897)
	at org.apache.ratis.thirdparty.io.netty.util.concurrent.FastThreadLocalRunnable.run(FastThreadLocalRunnable.java:30)
	... 1 more
Caused by: java.net.ConnectException: Connection refused
	... 11 more
2019-10-22 00:09:06,944 [e64b81a2-7e97-4a9c-9a90-0d1e8edce3a8@group-A8B097DE35CC-LeaderElection628] INFO  impl.LeaderElection (LogUtils.java:infoOrTrace(149)) - e64b81a2-7e97-4a9c-9a90-0d1e8edce3a8@group-A8B097DE35CC-LeaderElection628 got exception when requesting votes: {}
java.util.concurrent.ExecutionException: org.apache.ratis.thirdparty.io.grpc.StatusRuntimeException: UNAVAILABLE: io exception
	at java.util.concurrent.FutureTask.report(FutureTask.java:122)
	at java.util.concurrent.FutureTask.get(FutureTask.java:192)
	at org.apache.ratis.server.impl.LeaderElection.waitForResults(LeaderElection.java:259)
	at org.apache.ratis.server.impl.LeaderElection.askForVotes(LeaderElection.java:197)
	at org.apache.ratis.server.impl.LeaderElection.run(LeaderElection.java:133)
	at java.lang.Thread.run(Thread.java:748)
Caused by: org.apache.ratis.thirdparty.io.grpc.StatusRuntimeException: UNAVAILABLE: io exception
	at org.apache.ratis.thirdparty.io.grpc.stub.ClientCalls.toStatusRuntimeException(ClientCalls.java:233)
	at org.apache.ratis.thirdparty.io.grpc.stub.ClientCalls.getUnchecked(ClientCalls.java:214)
	at org.apache.ratis.thirdparty.io.grpc.stub.ClientCalls.blockingUnaryCall(ClientCalls.java:139)
	at org.apache.ratis.proto.grpc.RaftServerProtocolServiceGrpc$RaftServerProtocolServiceBlockingStub.requestVote(RaftServerProtocolServiceGrpc.java:265)
	at org.apache.ratis.grpc.server.GrpcServerProtocolClient.requestVote(GrpcServerProtocolClient.java:99)
	at org.apache.ratis.grpc.server.GrpcService.requestVote(GrpcService.java:204)
	at org.apache.ratis.server.impl.LeaderElection.lambda$submitRequests$1(LeaderElection.java:234)
	at java.util.concurrent.FutureTask.run(FutureTask.java:266)
	at java.util.concurrent.Executors$RunnableAdapter.call(Executors.java:511)
	at java.util.concurrent.FutureTask.run(FutureTask.java:266)
	at java.util.concurrent.ThreadPoolExecutor.runWorker(ThreadPoolExecutor.java:1149)
	at java.util.concurrent.ThreadPoolExecutor$Worker.run(ThreadPoolExecutor.java:624)
	... 1 more
Caused by: org.apache.ratis.thirdparty.io.netty.channel.AbstractChannel$AnnotatedConnectException: Connection refused: /192.168.157.254:38008
	at sun.nio.ch.SocketChannelImpl.checkConnect(Native Method)
	at sun.nio.ch.SocketChannelImpl.finishConnect(SocketChannelImpl.java:717)
	at org.apache.ratis.thirdparty.io.netty.channel.socket.nio.NioSocketChannel.doFinishConnect(NioSocketChannel.java:327)
	at org.apache.ratis.thirdparty.io.netty.channel.nio.AbstractNioChannel$AbstractNioUnsafe.finishConnect(AbstractNioChannel.java:340)
	at org.apache.ratis.thirdparty.io.netty.channel.nio.NioEventLoop.processSelectedKey(NioEventLoop.java:632)
	at org.apache.ratis.thirdparty.io.netty.channel.nio.NioEventLoop.processSelectedKeysOptimized(NioEventLoop.java:579)
	at org.apache.ratis.thirdparty.io.netty.channel.nio.NioEventLoop.processSelectedKeys(NioEventLoop.java:496)
	at org.apache.ratis.thirdparty.io.netty.channel.nio.NioEventLoop.run(NioEventLoop.java:458)
	at org.apache.ratis.thirdparty.io.netty.util.concurrent.SingleThreadEventExecutor$5.run(SingleThreadEventExecutor.java:897)
	at org.apache.ratis.thirdparty.io.netty.util.concurrent.FastThreadLocalRunnable.run(FastThreadLocalRunnable.java:30)
	... 1 more
Caused by: java.net.ConnectException: Connection refused
	... 11 more
2019-10-22 00:09:06,945 [e64b81a2-7e97-4a9c-9a90-0d1e8edce3a8@group-A8B097DE35CC-LeaderElection628] INFO  impl.LeaderElection (LeaderElection.java:logAndReturn(56)) - e64b81a2-7e97-4a9c-9a90-0d1e8edce3a8@group-A8B097DE35CC-LeaderElection628: Election REJECTED; received 0 response(s) [] and 2 exception(s); e64b81a2-7e97-4a9c-9a90-0d1e8edce3a8@group-A8B097DE35CC:t180, leader=null, voted=e64b81a2-7e97-4a9c-9a90-0d1e8edce3a8, raftlog=e64b81a2-7e97-4a9c-9a90-0d1e8edce3a8@group-A8B097DE35CC-SegmentedRaftLog:OPENED:c-1,f0,i0, conf=0: [e64b81a2-7e97-4a9c-9a90-0d1e8edce3a8:192.168.157.254:40074, d9951c0b-6d6e-4464-b06b-4ef93c20892c:192.168.157.254:43622, 1be30185-a2c0-4461-afc0-2cb02fcff473:192.168.157.254:38008], old=null
2019-10-22 00:09:06,945 [e64b81a2-7e97-4a9c-9a90-0d1e8edce3a8@group-A8B097DE35CC-LeaderElection628] INFO  impl.LeaderElection (LogUtils.java:infoOrTrace(149)) -   Exception 0: {}
java.util.concurrent.ExecutionException: org.apache.ratis.thirdparty.io.grpc.StatusRuntimeException: UNAVAILABLE: io exception
	at java.util.concurrent.FutureTask.report(FutureTask.java:122)
	at java.util.concurrent.FutureTask.get(FutureTask.java:192)
	at org.apache.ratis.server.impl.LeaderElection.waitForResults(LeaderElection.java:259)
	at org.apache.ratis.server.impl.LeaderElection.askForVotes(LeaderElection.java:197)
	at org.apache.ratis.server.impl.LeaderElection.run(LeaderElection.java:133)
	at java.lang.Thread.run(Thread.java:748)
Caused by: org.apache.ratis.thirdparty.io.grpc.StatusRuntimeException: UNAVAILABLE: io exception
	at org.apache.ratis.thirdparty.io.grpc.stub.ClientCalls.toStatusRuntimeException(ClientCalls.java:233)
	at org.apache.ratis.thirdparty.io.grpc.stub.ClientCalls.getUnchecked(ClientCalls.java:214)
	at org.apache.ratis.thirdparty.io.grpc.stub.ClientCalls.blockingUnaryCall(ClientCalls.java:139)
	at org.apache.ratis.proto.grpc.RaftServerProtocolServiceGrpc$RaftServerProtocolServiceBlockingStub.requestVote(RaftServerProtocolServiceGrpc.java:265)
	at org.apache.ratis.grpc.server.GrpcServerProtocolClient.requestVote(GrpcServerProtocolClient.java:99)
	at org.apache.ratis.grpc.server.GrpcService.requestVote(GrpcService.java:204)
	at org.apache.ratis.server.impl.LeaderElection.lambda$submitRequests$1(LeaderElection.java:234)
	at java.util.concurrent.FutureTask.run(FutureTask.java:266)
	at java.util.concurrent.Executors$RunnableAdapter.call(Executors.java:511)
	at java.util.concurrent.FutureTask.run(FutureTask.java:266)
	at java.util.concurrent.ThreadPoolExecutor.runWorker(ThreadPoolExecutor.java:1149)
	at java.util.concurrent.ThreadPoolExecutor$Worker.run(ThreadPoolExecutor.java:624)
	... 1 more
Caused by: org.apache.ratis.thirdparty.io.netty.channel.AbstractChannel$AnnotatedConnectException: Connection refused: /192.168.157.254:43622
	at sun.nio.ch.SocketChannelImpl.checkConnect(Native Method)
	at sun.nio.ch.SocketChannelImpl.finishConnect(SocketChannelImpl.java:717)
	at org.apache.ratis.thirdparty.io.netty.channel.socket.nio.NioSocketChannel.doFinishConnect(NioSocketChannel.java:327)
	at org.apache.ratis.thirdparty.io.netty.channel.nio.AbstractNioChannel$AbstractNioUnsafe.finishConnect(AbstractNioChannel.java:340)
	at org.apache.ratis.thirdparty.io.netty.channel.nio.NioEventLoop.processSelectedKey(NioEventLoop.java:632)
	at org.apache.ratis.thirdparty.io.netty.channel.nio.NioEventLoop.processSelectedKeysOptimized(NioEventLoop.java:579)
	at org.apache.ratis.thirdparty.io.netty.channel.nio.NioEventLoop.processSelectedKeys(NioEventLoop.java:496)
	at org.apache.ratis.thirdparty.io.netty.channel.nio.NioEventLoop.run(NioEventLoop.java:458)
	at org.apache.ratis.thirdparty.io.netty.util.concurrent.SingleThreadEventExecutor$5.run(SingleThreadEventExecutor.java:897)
	at org.apache.ratis.thirdparty.io.netty.util.concurrent.FastThreadLocalRunnable.run(FastThreadLocalRunnable.java:30)
	... 1 more
Caused by: java.net.ConnectException: Connection refused
	... 11 more
2019-10-22 00:09:06,945 [e64b81a2-7e97-4a9c-9a90-0d1e8edce3a8@group-A8B097DE35CC-LeaderElection628] INFO  impl.LeaderElection (LogUtils.java:infoOrTrace(149)) -   Exception 1: {}
java.util.concurrent.ExecutionException: org.apache.ratis.thirdparty.io.grpc.StatusRuntimeException: UNAVAILABLE: io exception
	at java.util.concurrent.FutureTask.report(FutureTask.java:122)
	at java.util.concurrent.FutureTask.get(FutureTask.java:192)
	at org.apache.ratis.server.impl.LeaderElection.waitForResults(LeaderElection.java:259)
	at org.apache.ratis.server.impl.LeaderElection.askForVotes(LeaderElection.java:197)
	at org.apache.ratis.server.impl.LeaderElection.run(LeaderElection.java:133)
	at java.lang.Thread.run(Thread.java:748)
Caused by: org.apache.ratis.thirdparty.io.grpc.StatusRuntimeException: UNAVAILABLE: io exception
	at org.apache.ratis.thirdparty.io.grpc.stub.ClientCalls.toStatusRuntimeException(ClientCalls.java:233)
	at org.apache.ratis.thirdparty.io.grpc.stub.ClientCalls.getUnchecked(ClientCalls.java:214)
	at org.apache.ratis.thirdparty.io.grpc.stub.ClientCalls.blockingUnaryCall(ClientCalls.java:139)
	at org.apache.ratis.proto.grpc.RaftServerProtocolServiceGrpc$RaftServerProtocolServiceBlockingStub.requestVote(RaftServerProtocolServiceGrpc.java:265)
	at org.apache.ratis.grpc.server.GrpcServerProtocolClient.requestVote(GrpcServerProtocolClient.java:99)
	at org.apache.ratis.grpc.server.GrpcService.requestVote(GrpcService.java:204)
	at org.apache.ratis.server.impl.LeaderElection.lambda$submitRequests$1(LeaderElection.java:234)
	at java.util.concurrent.FutureTask.run(FutureTask.java:266)
	at java.util.concurrent.Executors$RunnableAdapter.call(Executors.java:511)
	at java.util.concurrent.FutureTask.run(FutureTask.java:266)
	at java.util.concurrent.ThreadPoolExecutor.runWorker(ThreadPoolExecutor.java:1149)
	at java.util.concurrent.ThreadPoolExecutor$Worker.run(ThreadPoolExecutor.java:624)
	... 1 more
Caused by: org.apache.ratis.thirdparty.io.netty.channel.AbstractChannel$AnnotatedConnectException: Connection refused: /192.168.157.254:38008
	at sun.nio.ch.SocketChannelImpl.checkConnect(Native Method)
	at sun.nio.ch.SocketChannelImpl.finishConnect(SocketChannelImpl.java:717)
	at org.apache.ratis.thirdparty.io.netty.channel.socket.nio.NioSocketChannel.doFinishConnect(NioSocketChannel.java:327)
	at org.apache.ratis.thirdparty.io.netty.channel.nio.AbstractNioChannel$AbstractNioUnsafe.finishConnect(AbstractNioChannel.java:340)
	at org.apache.ratis.thirdparty.io.netty.channel.nio.NioEventLoop.processSelectedKey(NioEventLoop.java:632)
	at org.apache.ratis.thirdparty.io.netty.channel.nio.NioEventLoop.processSelectedKeysOptimized(NioEventLoop.java:579)
	at org.apache.ratis.thirdparty.io.netty.channel.nio.NioEventLoop.processSelectedKeys(NioEventLoop.java:496)
	at org.apache.ratis.thirdparty.io.netty.channel.nio.NioEventLoop.run(NioEventLoop.java:458)
	at org.apache.ratis.thirdparty.io.netty.util.concurrent.SingleThreadEventExecutor$5.run(SingleThreadEventExecutor.java:897)
	at org.apache.ratis.thirdparty.io.netty.util.concurrent.FastThreadLocalRunnable.run(FastThreadLocalRunnable.java:30)
	... 1 more
Caused by: java.net.ConnectException: Connection refused
	... 11 more
2019-10-22 00:09:06,946 [e64b81a2-7e97-4a9c-9a90-0d1e8edce3a8@group-A8B097DE35CC-LeaderElection628] INFO  impl.RaftServerImpl (RaftServerImpl.java:setRole(184)) - e64b81a2-7e97-4a9c-9a90-0d1e8edce3a8@group-A8B097DE35CC: changes role from CANDIDATE to FOLLOWER at term 180 for DISCOVERED_A_NEW_TERM
2019-10-22 00:09:06,946 [e64b81a2-7e97-4a9c-9a90-0d1e8edce3a8@group-A8B097DE35CC-LeaderElection628] INFO  impl.RoleInfo (RoleInfo.java:shutdownLeaderElection(134)) - e64b81a2-7e97-4a9c-9a90-0d1e8edce3a8: shutdown LeaderElection
2019-10-22 00:09:06,946 [e64b81a2-7e97-4a9c-9a90-0d1e8edce3a8@group-A8B097DE35CC-LeaderElection628] INFO  impl.RoleInfo (RoleInfo.java:updateAndGet(143)) - e64b81a2-7e97-4a9c-9a90-0d1e8edce3a8: start FollowerState
2019-10-22 00:09:07,527 [java.util.concurrent.ThreadPoolExecutor$Worker@b2d08[State = -1, empty queue]] WARN  server.GrpcLogAppender (GrpcLogAppender.java:timeoutAppendRequest(209)) - ab370eba-e055-4cd2-9c3d-f3aaf7732468@group-32D95636BACC->4677d932-8483-41dd-a758-9c3c53d9b9d5-GrpcLogAppender: appendEntries Timeout, request=ab370eba-e055-4cd2-9c3d-f3aaf7732468->4677d932-8483-41dd-a758-9c3c53d9b9d5#0-t3, previous=(t:2, i:4), leaderCommit=4, initializing? false, entries: <empty>
2019-10-22 00:09:08,024 [Thread-5287] INFO  impl.FollowerState (FollowerState.java:run(108)) - e64b81a2-7e97-4a9c-9a90-0d1e8edce3a8@group-A8B097DE35CC-FollowerState: change to CANDIDATE, lastRpcTime:1078ms, electionTimeout:1078ms
2019-10-22 00:09:08,024 [Thread-5287] INFO  impl.RoleInfo (RoleInfo.java:shutdownFollowerState(121)) - e64b81a2-7e97-4a9c-9a90-0d1e8edce3a8: shutdown FollowerState
2019-10-22 00:09:08,025 [Thread-5287] INFO  impl.RaftServerImpl (RaftServerImpl.java:setRole(184)) - e64b81a2-7e97-4a9c-9a90-0d1e8edce3a8@group-A8B097DE35CC: changes role from  FOLLOWER to CANDIDATE at term 180 for changeToCandidate
2019-10-22 00:09:08,025 [Thread-5287] INFO  impl.RoleInfo (RoleInfo.java:updateAndGet(143)) - e64b81a2-7e97-4a9c-9a90-0d1e8edce3a8: start LeaderElection
2019-10-22 00:09:08,038 [e64b81a2-7e97-4a9c-9a90-0d1e8edce3a8@group-A8B097DE35CC-LeaderElection629] INFO  impl.LeaderElection (LeaderElection.java:askForVotes(178)) - e64b81a2-7e97-4a9c-9a90-0d1e8edce3a8@group-A8B097DE35CC-LeaderElection629: begin an election at term 181 for 0: [e64b81a2-7e97-4a9c-9a90-0d1e8edce3a8:192.168.157.254:40074, d9951c0b-6d6e-4464-b06b-4ef93c20892c:192.168.157.254:43622, 1be30185-a2c0-4461-afc0-2cb02fcff473:192.168.157.254:38008], old=null
2019-10-22 00:09:08,038 [e64b81a2-7e97-4a9c-9a90-0d1e8edce3a8@group-A8B097DE35CC-LeaderElection629] INFO  impl.LeaderElection (LogUtils.java:infoOrTrace(149)) - e64b81a2-7e97-4a9c-9a90-0d1e8edce3a8@group-A8B097DE35CC-LeaderElection629 got exception when requesting votes: {}
java.util.concurrent.ExecutionException: org.apache.ratis.thirdparty.io.grpc.StatusRuntimeException: UNAVAILABLE: io exception
	at java.util.concurrent.FutureTask.report(FutureTask.java:122)
	at java.util.concurrent.FutureTask.get(FutureTask.java:192)
	at org.apache.ratis.server.impl.LeaderElection.waitForResults(LeaderElection.java:259)
	at org.apache.ratis.server.impl.LeaderElection.askForVotes(LeaderElection.java:197)
	at org.apache.ratis.server.impl.LeaderElection.run(LeaderElection.java:133)
	at java.lang.Thread.run(Thread.java:748)
Caused by: org.apache.ratis.thirdparty.io.grpc.StatusRuntimeException: UNAVAILABLE: io exception
	at org.apache.ratis.thirdparty.io.grpc.stub.ClientCalls.toStatusRuntimeException(ClientCalls.java:233)
	at org.apache.ratis.thirdparty.io.grpc.stub.ClientCalls.getUnchecked(ClientCalls.java:214)
	at org.apache.ratis.thirdparty.io.grpc.stub.ClientCalls.blockingUnaryCall(ClientCalls.java:139)
	at org.apache.ratis.proto.grpc.RaftServerProtocolServiceGrpc$RaftServerProtocolServiceBlockingStub.requestVote(RaftServerProtocolServiceGrpc.java:265)
	at org.apache.ratis.grpc.server.GrpcServerProtocolClient.requestVote(GrpcServerProtocolClient.java:99)
	at org.apache.ratis.grpc.server.GrpcService.requestVote(GrpcService.java:204)
	at org.apache.ratis.server.impl.LeaderElection.lambda$submitRequests$1(LeaderElection.java:234)
	at java.util.concurrent.FutureTask.run(FutureTask.java:266)
	at java.util.concurrent.Executors$RunnableAdapter.call(Executors.java:511)
	at java.util.concurrent.FutureTask.run(FutureTask.java:266)
	at java.util.concurrent.ThreadPoolExecutor.runWorker(ThreadPoolExecutor.java:1149)
	at java.util.concurrent.ThreadPoolExecutor$Worker.run(ThreadPoolExecutor.java:624)
	... 1 more
Caused by: org.apache.ratis.thirdparty.io.netty.channel.AbstractChannel$AnnotatedConnectException: Connection refused: /192.168.157.254:38008
	at sun.nio.ch.SocketChannelImpl.checkConnect(Native Method)
	at sun.nio.ch.SocketChannelImpl.finishConnect(SocketChannelImpl.java:717)
	at org.apache.ratis.thirdparty.io.netty.channel.socket.nio.NioSocketChannel.doFinishConnect(NioSocketChannel.java:327)
	at org.apache.ratis.thirdparty.io.netty.channel.nio.AbstractNioChannel$AbstractNioUnsafe.finishConnect(AbstractNioChannel.java:340)
	at org.apache.ratis.thirdparty.io.netty.channel.nio.NioEventLoop.processSelectedKey(NioEventLoop.java:632)
	at org.apache.ratis.thirdparty.io.netty.channel.nio.NioEventLoop.processSelectedKeysOptimized(NioEventLoop.java:579)
	at org.apache.ratis.thirdparty.io.netty.channel.nio.NioEventLoop.processSelectedKeys(NioEventLoop.java:496)
	at org.apache.ratis.thirdparty.io.netty.channel.nio.NioEventLoop.run(NioEventLoop.java:458)
	at org.apache.ratis.thirdparty.io.netty.util.concurrent.SingleThreadEventExecutor$5.run(SingleThreadEventExecutor.java:897)
	at org.apache.ratis.thirdparty.io.netty.util.concurrent.FastThreadLocalRunnable.run(FastThreadLocalRunnable.java:30)
	... 1 more
Caused by: java.net.ConnectException: Connection refused
	... 11 more
2019-10-22 00:09:08,039 [e64b81a2-7e97-4a9c-9a90-0d1e8edce3a8@group-A8B097DE35CC-LeaderElection629] INFO  impl.LeaderElection (LogUtils.java:infoOrTrace(149)) - e64b81a2-7e97-4a9c-9a90-0d1e8edce3a8@group-A8B097DE35CC-LeaderElection629 got exception when requesting votes: {}
java.util.concurrent.ExecutionException: org.apache.ratis.thirdparty.io.grpc.StatusRuntimeException: UNAVAILABLE: io exception
	at java.util.concurrent.FutureTask.report(FutureTask.java:122)
	at java.util.concurrent.FutureTask.get(FutureTask.java:192)
	at org.apache.ratis.server.impl.LeaderElection.waitForResults(LeaderElection.java:259)
	at org.apache.ratis.server.impl.LeaderElection.askForVotes(LeaderElection.java:197)
	at org.apache.ratis.server.impl.LeaderElection.run(LeaderElection.java:133)
	at java.lang.Thread.run(Thread.java:748)
Caused by: org.apache.ratis.thirdparty.io.grpc.StatusRuntimeException: UNAVAILABLE: io exception
	at org.apache.ratis.thirdparty.io.grpc.stub.ClientCalls.toStatusRuntimeException(ClientCalls.java:233)
	at org.apache.ratis.thirdparty.io.grpc.stub.ClientCalls.getUnchecked(ClientCalls.java:214)
	at org.apache.ratis.thirdparty.io.grpc.stub.ClientCalls.blockingUnaryCall(ClientCalls.java:139)
	at org.apache.ratis.proto.grpc.RaftServerProtocolServiceGrpc$RaftServerProtocolServiceBlockingStub.requestVote(RaftServerProtocolServiceGrpc.java:265)
	at org.apache.ratis.grpc.server.GrpcServerProtocolClient.requestVote(GrpcServerProtocolClient.java:99)
	at org.apache.ratis.grpc.server.GrpcService.requestVote(GrpcService.java:204)
	at org.apache.ratis.server.impl.LeaderElection.lambda$submitRequests$1(LeaderElection.java:234)
	at java.util.concurrent.FutureTask.run(FutureTask.java:266)
	at java.util.concurrent.Executors$RunnableAdapter.call(Executors.java:511)
	at java.util.concurrent.FutureTask.run(FutureTask.java:266)
	at java.util.concurrent.ThreadPoolExecutor.runWorker(ThreadPoolExecutor.java:1149)
	at java.util.concurrent.ThreadPoolExecutor$Worker.run(ThreadPoolExecutor.java:624)
	... 1 more
Caused by: org.apache.ratis.thirdparty.io.netty.channel.AbstractChannel$AnnotatedConnectException: Connection refused: /192.168.157.254:43622
	at sun.nio.ch.SocketChannelImpl.checkConnect(Native Method)
	at sun.nio.ch.SocketChannelImpl.finishConnect(SocketChannelImpl.java:717)
	at org.apache.ratis.thirdparty.io.netty.channel.socket.nio.NioSocketChannel.doFinishConnect(NioSocketChannel.java:327)
	at org.apache.ratis.thirdparty.io.netty.channel.nio.AbstractNioChannel$AbstractNioUnsafe.finishConnect(AbstractNioChannel.java:340)
	at org.apache.ratis.thirdparty.io.netty.channel.nio.NioEventLoop.processSelectedKey(NioEventLoop.java:632)
	at org.apache.ratis.thirdparty.io.netty.channel.nio.NioEventLoop.processSelectedKeysOptimized(NioEventLoop.java:579)
	at org.apache.ratis.thirdparty.io.netty.channel.nio.NioEventLoop.processSelectedKeys(NioEventLoop.java:496)
	at org.apache.ratis.thirdparty.io.netty.channel.nio.NioEventLoop.run(NioEventLoop.java:458)
	at org.apache.ratis.thirdparty.io.netty.util.concurrent.SingleThreadEventExecutor$5.run(SingleThreadEventExecutor.java:897)
	at org.apache.ratis.thirdparty.io.netty.util.concurrent.FastThreadLocalRunnable.run(FastThreadLocalRunnable.java:30)
	... 1 more
Caused by: java.net.ConnectException: Connection refused
	... 11 more
2019-10-22 00:09:08,039 [e64b81a2-7e97-4a9c-9a90-0d1e8edce3a8@group-A8B097DE35CC-LeaderElection629] INFO  impl.LeaderElection (LeaderElection.java:logAndReturn(56)) - e64b81a2-7e97-4a9c-9a90-0d1e8edce3a8@group-A8B097DE35CC-LeaderElection629: Election REJECTED; received 0 response(s) [] and 2 exception(s); e64b81a2-7e97-4a9c-9a90-0d1e8edce3a8@group-A8B097DE35CC:t181, leader=null, voted=e64b81a2-7e97-4a9c-9a90-0d1e8edce3a8, raftlog=e64b81a2-7e97-4a9c-9a90-0d1e8edce3a8@group-A8B097DE35CC-SegmentedRaftLog:OPENED:c-1,f0,i0, conf=0: [e64b81a2-7e97-4a9c-9a90-0d1e8edce3a8:192.168.157.254:40074, d9951c0b-6d6e-4464-b06b-4ef93c20892c:192.168.157.254:43622, 1be30185-a2c0-4461-afc0-2cb02fcff473:192.168.157.254:38008], old=null
2019-10-22 00:09:08,039 [e64b81a2-7e97-4a9c-9a90-0d1e8edce3a8@group-A8B097DE35CC-LeaderElection629] INFO  impl.LeaderElection (LogUtils.java:infoOrTrace(149)) -   Exception 0: {}
java.util.concurrent.ExecutionException: org.apache.ratis.thirdparty.io.grpc.StatusRuntimeException: UNAVAILABLE: io exception
	at java.util.concurrent.FutureTask.report(FutureTask.java:122)
	at java.util.concurrent.FutureTask.get(FutureTask.java:192)
	at org.apache.ratis.server.impl.LeaderElection.waitForResults(LeaderElection.java:259)
	at org.apache.ratis.server.impl.LeaderElection.askForVotes(LeaderElection.java:197)
	at org.apache.ratis.server.impl.LeaderElection.run(LeaderElection.java:133)
	at java.lang.Thread.run(Thread.java:748)
Caused by: org.apache.ratis.thirdparty.io.grpc.StatusRuntimeException: UNAVAILABLE: io exception
	at org.apache.ratis.thirdparty.io.grpc.stub.ClientCalls.toStatusRuntimeException(ClientCalls.java:233)
	at org.apache.ratis.thirdparty.io.grpc.stub.ClientCalls.getUnchecked(ClientCalls.java:214)
	at org.apache.ratis.thirdparty.io.grpc.stub.ClientCalls.blockingUnaryCall(ClientCalls.java:139)
	at org.apache.ratis.proto.grpc.RaftServerProtocolServiceGrpc$RaftServerProtocolServiceBlockingStub.requestVote(RaftServerProtocolServiceGrpc.java:265)
	at org.apache.ratis.grpc.server.GrpcServerProtocolClient.requestVote(GrpcServerProtocolClient.java:99)
	at org.apache.ratis.grpc.server.GrpcService.requestVote(GrpcService.java:204)
	at org.apache.ratis.server.impl.LeaderElection.lambda$submitRequests$1(LeaderElection.java:234)
	at java.util.concurrent.FutureTask.run(FutureTask.java:266)
	at java.util.concurrent.Executors$RunnableAdapter.call(Executors.java:511)
	at java.util.concurrent.FutureTask.run(FutureTask.java:266)
	at java.util.concurrent.ThreadPoolExecutor.runWorker(ThreadPoolExecutor.java:1149)
	at java.util.concurrent.ThreadPoolExecutor$Worker.run(ThreadPoolExecutor.java:624)
	... 1 more
Caused by: org.apache.ratis.thirdparty.io.netty.channel.AbstractChannel$AnnotatedConnectException: Connection refused: /192.168.157.254:38008
	at sun.nio.ch.SocketChannelImpl.checkConnect(Native Method)
	at sun.nio.ch.SocketChannelImpl.finishConnect(SocketChannelImpl.java:717)
	at org.apache.ratis.thirdparty.io.netty.channel.socket.nio.NioSocketChannel.doFinishConnect(NioSocketChannel.java:327)
	at org.apache.ratis.thirdparty.io.netty.channel.nio.AbstractNioChannel$AbstractNioUnsafe.finishConnect(AbstractNioChannel.java:340)
	at org.apache.ratis.thirdparty.io.netty.channel.nio.NioEventLoop.processSelectedKey(NioEventLoop.java:632)
	at org.apache.ratis.thirdparty.io.netty.channel.nio.NioEventLoop.processSelectedKeysOptimized(NioEventLoop.java:579)
	at org.apache.ratis.thirdparty.io.netty.channel.nio.NioEventLoop.processSelectedKeys(NioEventLoop.java:496)
	at org.apache.ratis.thirdparty.io.netty.channel.nio.NioEventLoop.run(NioEventLoop.java:458)
	at org.apache.ratis.thirdparty.io.netty.util.concurrent.SingleThreadEventExecutor$5.run(SingleThreadEventExecutor.java:897)
	at org.apache.ratis.thirdparty.io.netty.util.concurrent.FastThreadLocalRunnable.run(FastThreadLocalRunnable.java:30)
	... 1 more
Caused by: java.net.ConnectException: Connection refused
	... 11 more
2019-10-22 00:09:08,039 [e64b81a2-7e97-4a9c-9a90-0d1e8edce3a8@group-A8B097DE35CC-LeaderElection629] INFO  impl.LeaderElection (LogUtils.java:infoOrTrace(149)) -   Exception 1: {}
java.util.concurrent.ExecutionException: org.apache.ratis.thirdparty.io.grpc.StatusRuntimeException: UNAVAILABLE: io exception
	at java.util.concurrent.FutureTask.report(FutureTask.java:122)
	at java.util.concurrent.FutureTask.get(FutureTask.java:192)
	at org.apache.ratis.server.impl.LeaderElection.waitForResults(LeaderElection.java:259)
	at org.apache.ratis.server.impl.LeaderElection.askForVotes(LeaderElection.java:197)
	at org.apache.ratis.server.impl.LeaderElection.run(LeaderElection.java:133)
	at java.lang.Thread.run(Thread.java:748)
Caused by: org.apache.ratis.thirdparty.io.grpc.StatusRuntimeException: UNAVAILABLE: io exception
	at org.apache.ratis.thirdparty.io.grpc.stub.ClientCalls.toStatusRuntimeException(ClientCalls.java:233)
	at org.apache.ratis.thirdparty.io.grpc.stub.ClientCalls.getUnchecked(ClientCalls.java:214)
	at org.apache.ratis.thirdparty.io.grpc.stub.ClientCalls.blockingUnaryCall(ClientCalls.java:139)
	at org.apache.ratis.proto.grpc.RaftServerProtocolServiceGrpc$RaftServerProtocolServiceBlockingStub.requestVote(RaftServerProtocolServiceGrpc.java:265)
	at org.apache.ratis.grpc.server.GrpcServerProtocolClient.requestVote(GrpcServerProtocolClient.java:99)
	at org.apache.ratis.grpc.server.GrpcService.requestVote(GrpcService.java:204)
	at org.apache.ratis.server.impl.LeaderElection.lambda$submitRequests$1(LeaderElection.java:234)
	at java.util.concurrent.FutureTask.run(FutureTask.java:266)
	at java.util.concurrent.Executors$RunnableAdapter.call(Executors.java:511)
	at java.util.concurrent.FutureTask.run(FutureTask.java:266)
	at java.util.concurrent.ThreadPoolExecutor.runWorker(ThreadPoolExecutor.java:1149)
	at java.util.concurrent.ThreadPoolExecutor$Worker.run(ThreadPoolExecutor.java:624)
	... 1 more
Caused by: org.apache.ratis.thirdparty.io.netty.channel.AbstractChannel$AnnotatedConnectException: Connection refused: /192.168.157.254:43622
	at sun.nio.ch.SocketChannelImpl.checkConnect(Native Method)
	at sun.nio.ch.SocketChannelImpl.finishConnect(SocketChannelImpl.java:717)
	at org.apache.ratis.thirdparty.io.netty.channel.socket.nio.NioSocketChannel.doFinishConnect(NioSocketChannel.java:327)
	at org.apache.ratis.thirdparty.io.netty.channel.nio.AbstractNioChannel$AbstractNioUnsafe.finishConnect(AbstractNioChannel.java:340)
	at org.apache.ratis.thirdparty.io.netty.channel.nio.NioEventLoop.processSelectedKey(NioEventLoop.java:632)
	at org.apache.ratis.thirdparty.io.netty.channel.nio.NioEventLoop.processSelectedKeysOptimized(NioEventLoop.java:579)
	at org.apache.ratis.thirdparty.io.netty.channel.nio.NioEventLoop.processSelectedKeys(NioEventLoop.java:496)
	at org.apache.ratis.thirdparty.io.netty.channel.nio.NioEventLoop.run(NioEventLoop.java:458)
	at org.apache.ratis.thirdparty.io.netty.util.concurrent.SingleThreadEventExecutor$5.run(SingleThreadEventExecutor.java:897)
	at org.apache.ratis.thirdparty.io.netty.util.concurrent.FastThreadLocalRunnable.run(FastThreadLocalRunnable.java:30)
	... 1 more
Caused by: java.net.ConnectException: Connection refused
	... 11 more
2019-10-22 00:09:08,039 [e64b81a2-7e97-4a9c-9a90-0d1e8edce3a8@group-A8B097DE35CC-LeaderElection629] INFO  impl.RaftServerImpl (RaftServerImpl.java:setRole(184)) - e64b81a2-7e97-4a9c-9a90-0d1e8edce3a8@group-A8B097DE35CC: changes role from CANDIDATE to FOLLOWER at term 181 for DISCOVERED_A_NEW_TERM
2019-10-22 00:09:08,039 [e64b81a2-7e97-4a9c-9a90-0d1e8edce3a8@group-A8B097DE35CC-LeaderElection629] INFO  impl.RoleInfo (RoleInfo.java:shutdownLeaderElection(134)) - e64b81a2-7e97-4a9c-9a90-0d1e8edce3a8: shutdown LeaderElection
2019-10-22 00:09:08,039 [e64b81a2-7e97-4a9c-9a90-0d1e8edce3a8@group-A8B097DE35CC-LeaderElection629] INFO  impl.RoleInfo (RoleInfo.java:updateAndGet(143)) - e64b81a2-7e97-4a9c-9a90-0d1e8edce3a8: start FollowerState
2019-10-22 00:09:08,575 [main] INFO  ozoneimpl.OzoneContainer (OzoneContainer.java:stop(227)) - Attempting to stop container services.
2019-10-22 00:09:08,576 [main] INFO  impl.RaftServerProxy (RaftServerProxy.java:lambda$close$4(314)) - e64b81a2-7e97-4a9c-9a90-0d1e8edce3a8: close
2019-10-22 00:09:08,576 [main] INFO  impl.RaftServerImpl (RaftServerImpl.java:lambda$shutdown$3(261)) - e64b81a2-7e97-4a9c-9a90-0d1e8edce3a8@group-A8B097DE35CC: shutdown
2019-10-22 00:09:08,577 [main] INFO  util.JmxRegister (JmxRegister.java:unregister(73)) - Successfully un-registered JMX Bean with object name Ratis:service=RaftServer,group=group-A8B097DE35CC,id=e64b81a2-7e97-4a9c-9a90-0d1e8edce3a8
2019-10-22 00:09:08,577 [main] INFO  impl.RoleInfo (RoleInfo.java:shutdownFollowerState(121)) - e64b81a2-7e97-4a9c-9a90-0d1e8edce3a8: shutdown FollowerState
2019-10-22 00:09:08,577 [main] INFO  impl.StateMachineUpdater (StateMachineUpdater.java:stopAndJoin(136)) - e64b81a2-7e97-4a9c-9a90-0d1e8edce3a8@group-A8B097DE35CC-StateMachineUpdater: set stopIndex = -1
2019-10-22 00:09:08,577 [Thread-5295] INFO  impl.FollowerState (FollowerState.java:run(117)) - e64b81a2-7e97-4a9c-9a90-0d1e8edce3a8@group-A8B097DE35CC-FollowerState was interrupted: java.lang.InterruptedException: sleep interrupted
2019-10-22 00:09:08,578 [main] INFO  impl.RaftServerImpl (ServerState.java:close(388)) - e64b81a2-7e97-4a9c-9a90-0d1e8edce3a8@group-A8B097DE35CC: closes. applyIndex: -1
2019-10-22 00:09:08,578 [e64b81a2-7e97-4a9c-9a90-0d1e8edce3a8@group-A8B097DE35CC-SegmentedRaftLogWorker] INFO  segmented.SegmentedRaftLogWorker (SegmentedRaftLogWorker.java:run(316)) - e64b81a2-7e97-4a9c-9a90-0d1e8edce3a8@group-A8B097DE35CC-SegmentedRaftLogWorker was interrupted, exiting. There are 0 tasks remaining in the queue.
2019-10-22 00:09:08,580 [main] INFO  segmented.SegmentedRaftLogWorker (SegmentedRaftLogWorker.java:close(224)) - e64b81a2-7e97-4a9c-9a90-0d1e8edce3a8@group-A8B097DE35CC-SegmentedRaftLogWorker close()
2019-10-22 00:09:08,581 [main] INFO  impl.RaftServerImpl (RaftServerImpl.java:lambda$shutdown$3(261)) - e64b81a2-7e97-4a9c-9a90-0d1e8edce3a8@group-149B82CD846D: shutdown
2019-10-22 00:09:08,582 [main] INFO  util.JmxRegister (JmxRegister.java:unregister(73)) - Successfully un-registered JMX Bean with object name Ratis:service=RaftServer,group=group-149B82CD846D,id=e64b81a2-7e97-4a9c-9a90-0d1e8edce3a8
2019-10-22 00:09:08,582 [main] INFO  impl.RoleInfo (RoleInfo.java:shutdownLeaderState(104)) - e64b81a2-7e97-4a9c-9a90-0d1e8edce3a8: shutdown LeaderState
2019-10-22 00:09:08,583 [main] INFO  impl.PendingRequests (PendingRequests.java:sendNotLeaderResponses(202)) - e64b81a2-7e97-4a9c-9a90-0d1e8edce3a8@group-149B82CD846D-PendingRequests: sendNotLeaderResponses
2019-10-22 00:09:08,583 [main] INFO  impl.StateMachineUpdater (StateMachineUpdater.java:stopAndJoin(136)) - e64b81a2-7e97-4a9c-9a90-0d1e8edce3a8@group-149B82CD846D-StateMachineUpdater: set stopIndex = 0
2019-10-22 00:09:08,584 [main] INFO  impl.RaftServerImpl (ServerState.java:close(388)) - e64b81a2-7e97-4a9c-9a90-0d1e8edce3a8@group-149B82CD846D: closes. applyIndex: 0
2019-10-22 00:09:08,584 [e64b81a2-7e97-4a9c-9a90-0d1e8edce3a8@group-149B82CD846D-SegmentedRaftLogWorker] INFO  segmented.SegmentedRaftLogWorker (SegmentedRaftLogWorker.java:run(316)) - e64b81a2-7e97-4a9c-9a90-0d1e8edce3a8@group-149B82CD846D-SegmentedRaftLogWorker was interrupted, exiting. There are 0 tasks remaining in the queue.
2019-10-22 00:09:08,586 [main] INFO  segmented.SegmentedRaftLogWorker (SegmentedRaftLogWorker.java:close(224)) - e64b81a2-7e97-4a9c-9a90-0d1e8edce3a8@group-149B82CD846D-SegmentedRaftLogWorker close()
2019-10-22 00:09:08,587 [main] INFO  server.GrpcService (GrpcService.java:closeImpl(164)) - e64b81a2-7e97-4a9c-9a90-0d1e8edce3a8: shutdown server with port 40074 now
2019-10-22 00:09:08,590 [main] INFO  server.GrpcService (GrpcService.java:closeImpl(172)) - e64b81a2-7e97-4a9c-9a90-0d1e8edce3a8: shutdown server with port 40074 successfully
2019-10-22 00:09:08,594 [refreshUsed-/workdir/hadoop-ozone/integration-test/target/test-dir/MiniOzoneClusterImpl-7b60a606-535f-40c2-b446-60b0e48a57dd/datanode-8/data/containers] WARN  fs.CachingGetSpaceUsed (CachingGetSpaceUsed.java:run(183)) - Thread Interrupted waiting to refresh disk information: sleep interrupted
2019-10-22 00:09:08,600 [ForkJoinPool.commonPool-worker-0] INFO  ozoneimpl.OzoneContainer (OzoneContainer.java:stop(227)) - Attempting to stop container services.
2019-10-22 00:09:08,601 [ForkJoinPool.commonPool-worker-0] INFO  impl.RaftServerProxy (RaftServerProxy.java:lambda$close$4(314)) - 8fd446cf-6878-4c52-9c53-15bd189bc282: close
2019-10-22 00:09:08,601 [ForkJoinPool.commonPool-worker-0] INFO  impl.RaftServerImpl (RaftServerImpl.java:lambda$shutdown$3(261)) - 8fd446cf-6878-4c52-9c53-15bd189bc282@group-450B512A4587: shutdown
2019-10-22 00:09:08,601 [ForkJoinPool.commonPool-worker-0] INFO  util.JmxRegister (JmxRegister.java:unregister(73)) - Successfully un-registered JMX Bean with object name Ratis:service=RaftServer,group=group-450B512A4587,id=8fd446cf-6878-4c52-9c53-15bd189bc282
2019-10-22 00:09:08,601 [ForkJoinPool.commonPool-worker-0] INFO  impl.RoleInfo (RoleInfo.java:shutdownLeaderState(104)) - 8fd446cf-6878-4c52-9c53-15bd189bc282: shutdown LeaderState
2019-10-22 00:09:08,602 [ForkJoinPool.commonPool-worker-0] INFO  impl.PendingRequests (PendingRequests.java:sendNotLeaderResponses(202)) - 8fd446cf-6878-4c52-9c53-15bd189bc282@group-450B512A4587-PendingRequests: sendNotLeaderResponses
2019-10-22 00:09:08,602 [ForkJoinPool.commonPool-worker-0] INFO  impl.StateMachineUpdater (StateMachineUpdater.java:stopAndJoin(136)) - 8fd446cf-6878-4c52-9c53-15bd189bc282@group-450B512A4587-StateMachineUpdater: set stopIndex = 0
2019-10-22 00:09:08,602 [ForkJoinPool.commonPool-worker-0] INFO  impl.RaftServerImpl (ServerState.java:close(388)) - 8fd446cf-6878-4c52-9c53-15bd189bc282@group-450B512A4587: closes. applyIndex: 0
2019-10-22 00:09:08,603 [8fd446cf-6878-4c52-9c53-15bd189bc282@group-450B512A4587-SegmentedRaftLogWorker] INFO  segmented.SegmentedRaftLogWorker (SegmentedRaftLogWorker.java:run(316)) - 8fd446cf-6878-4c52-9c53-15bd189bc282@group-450B512A4587-SegmentedRaftLogWorker was interrupted, exiting. There are 0 tasks remaining in the queue.
2019-10-22 00:09:08,615 [ForkJoinPool.commonPool-worker-0] INFO  segmented.SegmentedRaftLogWorker (SegmentedRaftLogWorker.java:close(224)) - 8fd446cf-6878-4c52-9c53-15bd189bc282@group-450B512A4587-SegmentedRaftLogWorker close()
2019-10-22 00:09:08,615 [ForkJoinPool.commonPool-worker-0] INFO  impl.RaftServerImpl (RaftServerImpl.java:lambda$shutdown$3(261)) - 8fd446cf-6878-4c52-9c53-15bd189bc282@group-32D95636BACC: shutdown
2019-10-22 00:09:08,615 [ForkJoinPool.commonPool-worker-0] INFO  util.JmxRegister (JmxRegister.java:unregister(73)) - Successfully un-registered JMX Bean with object name Ratis:service=RaftServer,group=group-32D95636BACC,id=8fd446cf-6878-4c52-9c53-15bd189bc282
2019-10-22 00:09:08,615 [ForkJoinPool.commonPool-worker-0] INFO  impl.RoleInfo (RoleInfo.java:shutdownFollowerState(121)) - 8fd446cf-6878-4c52-9c53-15bd189bc282: shutdown FollowerState
2019-10-22 00:09:08,615 [ForkJoinPool.commonPool-worker-0] INFO  impl.StateMachineUpdater (StateMachineUpdater.java:stopAndJoin(136)) - 8fd446cf-6878-4c52-9c53-15bd189bc282@group-32D95636BACC-StateMachineUpdater: set stopIndex = 6
2019-10-22 00:09:08,615 [8fd446cf-6878-4c52-9c53-15bd189bc282@group-32D95636BACC-StateMachineUpdater] INFO  ratis.ContainerStateMachine (ContainerStateMachine.java:takeSnapshot(294)) - group-32D95636BACC: Taking a snapshot at:(t:2, i:3) file /workdir/hadoop-ozone/integration-test/target/test-dir/MiniOzoneClusterImpl-7b60a606-535f-40c2-b446-60b0e48a57dd/datanode-4/data/ratis/9165f23d-ccf6-41cb-a2ea-32d95636bacc/sm/snapshot.2_3
2019-10-22 00:09:08,615 [Thread-5258] INFO  impl.FollowerState (FollowerState.java:run(117)) - 8fd446cf-6878-4c52-9c53-15bd189bc282@group-32D95636BACC-FollowerState was interrupted: java.lang.InterruptedException: sleep interrupted
2019-10-22 00:09:08,618 [main] INFO  utils.BackgroundService (BackgroundService.java:shutdown(151)) - Shutting down service BlockDeletingService
2019-10-22 00:09:08,623 [main] INFO  statemachine.DatanodeStateMachine (DatanodeStateMachine.java:stopDaemon(395)) - Ozone container server stopped.
2019-10-22 00:09:08,624 [main] INFO  handler.ContextHandler (ContextHandler.java:doStop(910)) - Stopped o.e.j.w.WebAppContext@77c3c037{/,null,UNAVAILABLE}{/hddsDatanode}
2019-10-22 00:09:08,625 [main] INFO  server.AbstractConnector (AbstractConnector.java:doStop(318)) - Stopped ServerConnector@252744a1{HTTP/1.1,[http/1.1]}{0.0.0.0:0}
2019-10-22 00:09:08,625 [main] INFO  handler.ContextHandler (ContextHandler.java:doStop(910)) - Stopped o.e.j.s.ServletContextHandler@5f34907b{/static,jar:file:/home/user/.m2/repository/org/apache/hadoop/hadoop-hdds-container-service/0.5.0-SNAPSHOT/hadoop-hdds-container-service-0.5.0-SNAPSHOT.jar!/webapps/static,UNAVAILABLE}
2019-10-22 00:09:08,625 [main] INFO  handler.ContextHandler (ContextHandler.java:doStop(910)) - Stopped o.e.j.s.ServletContextHandler@4b1ec694{/logs,file:///workdir/hadoop-ozone/integration-test/target/log,UNAVAILABLE}
2019-10-22 00:09:08,641 [8fd446cf-6878-4c52-9c53-15bd189bc282@group-32D95636BACC-StateMachineUpdater] INFO  ratis.ContainerStateMachine (ContainerStateMachine.java:takeSnapshot(305)) - group-32D95636BACC: Finished taking a snapshot at:(t:2, i:3) file:/workdir/hadoop-ozone/integration-test/target/test-dir/MiniOzoneClusterImpl-7b60a606-535f-40c2-b446-60b0e48a57dd/datanode-4/data/ratis/9165f23d-ccf6-41cb-a2ea-32d95636bacc/sm/snapshot.2_3 time:26
2019-10-22 00:09:08,641 [8fd446cf-6878-4c52-9c53-15bd189bc282@group-32D95636BACC-StateMachineUpdater] INFO  impl.StateMachineUpdater (StateMachineUpdater.java:takeSnapshot(269)) - 8fd446cf-6878-4c52-9c53-15bd189bc282@group-32D95636BACC-StateMachineUpdater: Took a snapshot at index 3
2019-10-22 00:09:08,642 [8fd446cf-6878-4c52-9c53-15bd189bc282@group-32D95636BACC-StateMachineUpdater] INFO  impl.StateMachineUpdater (StateMachineUpdater.java:lambda$new$0(84)) - 8fd446cf-6878-4c52-9c53-15bd189bc282@group-32D95636BACC-StateMachineUpdater: snapshotIndex: updateIncreasingly -1 -> 3
2019-10-22 00:09:08,642 [8fd446cf-6878-4c52-9c53-15bd189bc282@group-32D95636BACC-StateMachineUpdater] INFO  ratis.ContainerStateMachine (ContainerStateMachine.java:takeSnapshot(294)) - group-32D95636BACC: Taking a snapshot at:(t:2, i:3) file /workdir/hadoop-ozone/integration-test/target/test-dir/MiniOzoneClusterImpl-7b60a606-535f-40c2-b446-60b0e48a57dd/datanode-4/data/ratis/9165f23d-ccf6-41cb-a2ea-32d95636bacc/sm/snapshot.2_3
2019-10-22 00:09:08,654 [8fd446cf-6878-4c52-9c53-15bd189bc282@group-32D95636BACC-StateMachineUpdater] INFO  ratis.ContainerStateMachine (ContainerStateMachine.java:takeSnapshot(305)) - group-32D95636BACC: Finished taking a snapshot at:(t:2, i:3) file:/workdir/hadoop-ozone/integration-test/target/test-dir/MiniOzoneClusterImpl-7b60a606-535f-40c2-b446-60b0e48a57dd/datanode-4/data/ratis/9165f23d-ccf6-41cb-a2ea-32d95636bacc/sm/snapshot.2_3 time:13
2019-10-22 00:09:08,654 [8fd446cf-6878-4c52-9c53-15bd189bc282@group-32D95636BACC-StateMachineUpdater] INFO  impl.StateMachineUpdater (StateMachineUpdater.java:takeSnapshot(269)) - 8fd446cf-6878-4c52-9c53-15bd189bc282@group-32D95636BACC-StateMachineUpdater: Took a snapshot at index 3
2019-10-22 00:09:08,654 [8fd446cf-6878-4c52-9c53-15bd189bc282@group-32D95636BACC-StateMachineUpdater] INFO  impl.StateMachineUpdater (StateMachineUpdater.java:lambda$new$0(84)) - 8fd446cf-6878-4c52-9c53-15bd189bc282@group-32D95636BACC-StateMachineUpdater: snapshotIndex: updateIncreasingly 3 -> 3
2019-10-22 00:09:08,654 [ForkJoinPool.commonPool-worker-0] INFO  impl.RaftServerImpl (ServerState.java:close(388)) - 8fd446cf-6878-4c52-9c53-15bd189bc282@group-32D95636BACC: closes. applyIndex: 6
2019-10-22 00:09:08,655 [8fd446cf-6878-4c52-9c53-15bd189bc282@group-32D95636BACC-SegmentedRaftLogWorker] INFO  segmented.SegmentedRaftLogWorker (SegmentedRaftLogWorker.java:run(316)) - 8fd446cf-6878-4c52-9c53-15bd189bc282@group-32D95636BACC-SegmentedRaftLogWorker was interrupted, exiting. There are 0 tasks remaining in the queue.
2019-10-22 00:09:08,655 [ForkJoinPool.commonPool-worker-0] INFO  segmented.SegmentedRaftLogWorker (SegmentedRaftLogWorker.java:close(224)) - 8fd446cf-6878-4c52-9c53-15bd189bc282@group-32D95636BACC-SegmentedRaftLogWorker close()
2019-10-22 00:09:08,655 [ForkJoinPool.commonPool-worker-0] INFO  server.GrpcService (GrpcService.java:closeImpl(164)) - 8fd446cf-6878-4c52-9c53-15bd189bc282: shutdown server with port 37977 now
2019-10-22 00:09:08,656 [grpc-default-executor-3] WARN  server.GrpcServerProtocolService (LogUtils.java:warn(134)) - 8fd446cf-6878-4c52-9c53-15bd189bc282: installSnapshot onError, lastRequest: ab370eba-e055-4cd2-9c3d-f3aaf7732468->8fd446cf-6878-4c52-9c53-15bd189bc282#10-t3, previous=(t:3, i:6), leaderCommit=6, initializing? false, entries: <empty>: org.apache.ratis.thirdparty.io.grpc.StatusRuntimeException: CANCELLED: cancelled before receiving half close
2019-10-22 00:09:08,656 [ForkJoinPool.commonPool-worker-0] INFO  server.GrpcService (GrpcService.java:closeImpl(172)) - 8fd446cf-6878-4c52-9c53-15bd189bc282: shutdown server with port 37977 successfully
2019-10-22 00:09:08,656 [grpc-default-executor-8] WARN  server.GrpcLogAppender (LogUtils.java:warn(134)) - ab370eba-e055-4cd2-9c3d-f3aaf7732468@group-32D95636BACC->8fd446cf-6878-4c52-9c53-15bd189bc282-AppendLogResponseHandler: Failed appendEntries: org.apache.ratis.thirdparty.io.grpc.StatusRuntimeException: CANCELLED: HTTP/2 error code: CANCEL
Received Rst Stream
2019-10-22 00:09:08,659 [refreshUsed-/workdir/hadoop-ozone/integration-test/target/test-dir/MiniOzoneClusterImpl-7b60a606-535f-40c2-b446-60b0e48a57dd/datanode-4/data/containers] WARN  fs.CachingGetSpaceUsed (CachingGetSpaceUsed.java:run(183)) - Thread Interrupted waiting to refresh disk information: sleep interrupted
2019-10-22 00:09:08,679 [ForkJoinPool.commonPool-worker-0] INFO  utils.BackgroundService (BackgroundService.java:shutdown(151)) - Shutting down service BlockDeletingService
2019-10-22 00:09:08,684 [ForkJoinPool.commonPool-worker-0] INFO  statemachine.DatanodeStateMachine (DatanodeStateMachine.java:stopDaemon(395)) - Ozone container server stopped.
2019-10-22 00:09:08,689 [ForkJoinPool.commonPool-worker-0] INFO  handler.ContextHandler (ContextHandler.java:doStop(910)) - Stopped o.e.j.w.WebAppContext@7e62cfa3{/,null,UNAVAILABLE}{/hddsDatanode}
2019-10-22 00:09:08,689 [ForkJoinPool.commonPool-worker-0] INFO  server.AbstractConnector (AbstractConnector.java:doStop(318)) - Stopped ServerConnector@46e190ed{HTTP/1.1,[http/1.1]}{0.0.0.0:0}
2019-10-22 00:09:08,695 [java.util.concurrent.ThreadPoolExecutor$Worker@5c64f706[State = -1, empty queue]] WARN  server.GrpcLogAppender (GrpcLogAppender.java:timeoutAppendRequest(209)) - f9169fae-8e57-49b1-968c-b0c13a9c79ea@group-B019D31AF6BA->05003219-6676-4e45-bd72-11bc04fa30d3-GrpcLogAppender: appendEntries Timeout, request=f9169fae-8e57-49b1-968c-b0c13a9c79ea->05003219-6676-4e45-bd72-11bc04fa30d3#2-t3, previous=(t:2, i:6), leaderCommit=8, initializing? false, entries: <empty>
2019-10-22 00:09:08,695 [ForkJoinPool.commonPool-worker-0] INFO  handler.ContextHandler (ContextHandler.java:doStop(910)) - Stopped o.e.j.s.ServletContextHandler@889a8a8{/static,jar:file:/home/user/.m2/repository/org/apache/hadoop/hadoop-hdds-container-service/0.5.0-SNAPSHOT/hadoop-hdds-container-service-0.5.0-SNAPSHOT.jar!/webapps/static,UNAVAILABLE}
2019-10-22 00:09:08,696 [ForkJoinPool.commonPool-worker-0] INFO  handler.ContextHandler (ContextHandler.java:doStop(910)) - Stopped o.e.j.s.ServletContextHandler@34d713a2{/logs,file:///workdir/hadoop-ozone/integration-test/target/log,UNAVAILABLE}
2019-10-22 00:09:09,264 [Datanode State Machine Thread - 0] INFO  statemachine.DatanodeStateMachine (DatanodeStateMachine.java:lambda$startDaemon$0(350)) - Ozone container server started.
2019-10-22 00:09:09,434 [Datanode State Machine Thread - 0] INFO  statemachine.DatanodeStateMachine (DatanodeStateMachine.java:lambda$startDaemon$0(350)) - Ozone container server started.
2019-10-22 00:09:10,614 [java.util.concurrent.ThreadPoolExecutor$Worker@b2d08[State = -1, empty queue]] WARN  server.GrpcLogAppender (GrpcLogAppender.java:timeoutAppendRequest(209)) - ab370eba-e055-4cd2-9c3d-f3aaf7732468@group-32D95636BACC->4677d932-8483-41dd-a758-9c3c53d9b9d5-GrpcLogAppender: appendEntries Timeout, request=ab370eba-e055-4cd2-9c3d-f3aaf7732468->4677d932-8483-41dd-a758-9c3c53d9b9d5#1-t3, previous=(t:2, i:4), leaderCommit=6, initializing? false, entries: <empty>
2019-10-22 00:09:11,628 [java.util.concurrent.ThreadPoolExecutor$Worker@18320ae8[State = -1, empty queue]] WARN  server.GrpcLogAppender (GrpcLogAppender.java:timeoutAppendRequest(209)) - ab370eba-e055-4cd2-9c3d-f3aaf7732468@group-32D95636BACC->8fd446cf-6878-4c52-9c53-15bd189bc282-GrpcLogAppender: appendEntries Timeout, request=ab370eba-e055-4cd2-9c3d-f3aaf7732468->8fd446cf-6878-4c52-9c53-15bd189bc282#10-t3, previous=(t:3, i:6), leaderCommit=6, initializing? false, entries: <empty>
2019-10-22 00:09:12,127 [java.util.concurrent.ThreadPoolExecutor$Worker@18320ae8[State = -1, empty queue]] WARN  server.GrpcLogAppender (GrpcLogAppender.java:timeoutAppendRequest(209)) - ab370eba-e055-4cd2-9c3d-f3aaf7732468@group-32D95636BACC->8fd446cf-6878-4c52-9c53-15bd189bc282-GrpcLogAppender: appendEntries Timeout, request=ab370eba-e055-4cd2-9c3d-f3aaf7732468->8fd446cf-6878-4c52-9c53-15bd189bc282#11-t3, previous=(t:3, i:6), leaderCommit=6, initializing? false, entries: <empty>
2019-10-22 00:09:12,196 [java.util.concurrent.ThreadPoolExecutor$Worker@5c64f706[State = -1, empty queue]] WARN  server.GrpcLogAppender (GrpcLogAppender.java:timeoutAppendRequest(209)) - f9169fae-8e57-49b1-968c-b0c13a9c79ea@group-B019D31AF6BA->05003219-6676-4e45-bd72-11bc04fa30d3-GrpcLogAppender: appendEntries Timeout, request=f9169fae-8e57-49b1-968c-b0c13a9c79ea->05003219-6676-4e45-bd72-11bc04fa30d3#3-t3, previous=(t:2, i:6), leaderCommit=8, initializing? false, entries: <empty>
2019-10-22 00:09:12,628 [java.util.concurrent.ThreadPoolExecutor$Worker@18320ae8[State = -1, empty queue]] WARN  server.GrpcLogAppender (GrpcLogAppender.java:timeoutAppendRequest(209)) - ab370eba-e055-4cd2-9c3d-f3aaf7732468@group-32D95636BACC->8fd446cf-6878-4c52-9c53-15bd189bc282-GrpcLogAppender: appendEntries Timeout, request=ab370eba-e055-4cd2-9c3d-f3aaf7732468->8fd446cf-6878-4c52-9c53-15bd189bc282#12-t3, previous=(t:3, i:6), leaderCommit=6, initializing? false, entries: <empty>
2019-10-22 00:09:13,128 [java.util.concurrent.ThreadPoolExecutor$Worker@18320ae8[State = -1, empty queue]] WARN  server.GrpcLogAppender (GrpcLogAppender.java:timeoutAppendRequest(209)) - ab370eba-e055-4cd2-9c3d-f3aaf7732468@group-32D95636BACC->8fd446cf-6878-4c52-9c53-15bd189bc282-GrpcLogAppender: appendEntries Timeout, request=ab370eba-e055-4cd2-9c3d-f3aaf7732468->8fd446cf-6878-4c52-9c53-15bd189bc282#13-t3, previous=(t:3, i:6), leaderCommit=6, initializing? false, entries: <empty>
2019-10-22 00:09:13,615 [java.util.concurrent.ThreadPoolExecutor$Worker@b2d08[State = -1, empty queue]] WARN  server.GrpcLogAppender (GrpcLogAppender.java:timeoutAppendRequest(209)) - ab370eba-e055-4cd2-9c3d-f3aaf7732468@group-32D95636BACC->4677d932-8483-41dd-a758-9c3c53d9b9d5-GrpcLogAppender: appendEntries Timeout, request=ab370eba-e055-4cd2-9c3d-f3aaf7732468->4677d932-8483-41dd-a758-9c3c53d9b9d5#2-t3, previous=(t:2, i:4), leaderCommit=6, initializing? false, entries: <empty>
2019-10-22 00:09:13,627 [main] INFO  ozoneimpl.OzoneContainer (OzoneContainer.java:stop(227)) - Attempting to stop container services.
2019-10-22 00:09:13,628 [java.util.concurrent.ThreadPoolExecutor$Worker@18320ae8[State = -1, empty queue]] WARN  server.GrpcLogAppender (GrpcLogAppender.java:timeoutAppendRequest(209)) - ab370eba-e055-4cd2-9c3d-f3aaf7732468@group-32D95636BACC->8fd446cf-6878-4c52-9c53-15bd189bc282-GrpcLogAppender: appendEntries Timeout, request=ab370eba-e055-4cd2-9c3d-f3aaf7732468->8fd446cf-6878-4c52-9c53-15bd189bc282#14-t3, previous=(t:3, i:6), leaderCommit=6, initializing? false, entries: <empty>
2019-10-22 00:09:13,631 [main] INFO  impl.RaftServerProxy (RaftServerProxy.java:lambda$close$4(314)) - ab370eba-e055-4cd2-9c3d-f3aaf7732468: close
2019-10-22 00:09:13,631 [main] INFO  impl.RaftServerImpl (RaftServerImpl.java:lambda$shutdown$3(261)) - ab370eba-e055-4cd2-9c3d-f3aaf7732468@group-625606FAF34C: shutdown
2019-10-22 00:09:13,631 [main] INFO  util.JmxRegister (JmxRegister.java:unregister(73)) - Successfully un-registered JMX Bean with object name Ratis:service=RaftServer,group=group-625606FAF34C,id=ab370eba-e055-4cd2-9c3d-f3aaf7732468
2019-10-22 00:09:13,632 [main] INFO  impl.RoleInfo (RoleInfo.java:shutdownLeaderState(104)) - ab370eba-e055-4cd2-9c3d-f3aaf7732468: shutdown LeaderState
2019-10-22 00:09:13,632 [main] INFO  impl.PendingRequests (PendingRequests.java:sendNotLeaderResponses(202)) - ab370eba-e055-4cd2-9c3d-f3aaf7732468@group-625606FAF34C-PendingRequests: sendNotLeaderResponses
2019-10-22 00:09:13,633 [main] INFO  impl.StateMachineUpdater (StateMachineUpdater.java:stopAndJoin(136)) - ab370eba-e055-4cd2-9c3d-f3aaf7732468@group-625606FAF34C-StateMachineUpdater: set stopIndex = 0
2019-10-22 00:09:13,633 [main] INFO  impl.RaftServerImpl (ServerState.java:close(388)) - ab370eba-e055-4cd2-9c3d-f3aaf7732468@group-625606FAF34C: closes. applyIndex: 0
2019-10-22 00:09:13,634 [ab370eba-e055-4cd2-9c3d-f3aaf7732468@group-625606FAF34C-SegmentedRaftLogWorker] INFO  segmented.SegmentedRaftLogWorker (SegmentedRaftLogWorker.java:run(316)) - ab370eba-e055-4cd2-9c3d-f3aaf7732468@group-625606FAF34C-SegmentedRaftLogWorker was interrupted, exiting. There are 0 tasks remaining in the queue.
2019-10-22 00:09:13,634 [main] INFO  segmented.SegmentedRaftLogWorker (SegmentedRaftLogWorker.java:close(224)) - ab370eba-e055-4cd2-9c3d-f3aaf7732468@group-625606FAF34C-SegmentedRaftLogWorker close()
2019-10-22 00:09:13,634 [main] INFO  impl.RaftServerImpl (RaftServerImpl.java:lambda$shutdown$3(261)) - ab370eba-e055-4cd2-9c3d-f3aaf7732468@group-32D95636BACC: shutdown
2019-10-22 00:09:13,635 [main] INFO  util.JmxRegister (JmxRegister.java:unregister(73)) - Successfully un-registered JMX Bean with object name Ratis:service=RaftServer,group=group-32D95636BACC,id=ab370eba-e055-4cd2-9c3d-f3aaf7732468
2019-10-22 00:09:13,635 [main] INFO  impl.RoleInfo (RoleInfo.java:shutdownLeaderState(104)) - ab370eba-e055-4cd2-9c3d-f3aaf7732468: shutdown LeaderState
2019-10-22 00:09:13,653 [main] INFO  impl.PendingRequests (PendingRequests.java:sendNotLeaderResponses(202)) - ab370eba-e055-4cd2-9c3d-f3aaf7732468@group-32D95636BACC-PendingRequests: sendNotLeaderResponses
2019-10-22 00:09:13,653 [org.apache.ratis.server.impl.LogAppender$AppenderDaemon$$Lambda$459/939830557@120126b3] WARN  server.GrpcLogAppender (GrpcLogAppender.java:mayWait(149)) - ab370eba-e055-4cd2-9c3d-f3aaf7732468@group-32D95636BACC->4677d932-8483-41dd-a758-9c3c53d9b9d5-GrpcLogAppender: Wait interrupted by java.lang.InterruptedException
2019-10-22 00:09:13,653 [org.apache.ratis.server.impl.LogAppender$AppenderDaemon$$Lambda$459/939830557@43c7fd0b] WARN  server.GrpcLogAppender (GrpcLogAppender.java:mayWait(149)) - ab370eba-e055-4cd2-9c3d-f3aaf7732468@group-32D95636BACC->8fd446cf-6878-4c52-9c53-15bd189bc282-GrpcLogAppender: Wait interrupted by java.lang.InterruptedException
2019-10-22 00:09:13,655 [main] INFO  impl.StateMachineUpdater (StateMachineUpdater.java:stopAndJoin(136)) - ab370eba-e055-4cd2-9c3d-f3aaf7732468@group-32D95636BACC-StateMachineUpdater: set stopIndex = 6
2019-10-22 00:09:13,655 [ab370eba-e055-4cd2-9c3d-f3aaf7732468@group-32D95636BACC-StateMachineUpdater] INFO  ratis.ContainerStateMachine (ContainerStateMachine.java:takeSnapshot(294)) - group-32D95636BACC: Taking a snapshot at:(t:2, i:3) file /workdir/hadoop-ozone/integration-test/target/test-dir/MiniOzoneClusterImpl-7b60a606-535f-40c2-b446-60b0e48a57dd/datanode-9/data/ratis/9165f23d-ccf6-41cb-a2ea-32d95636bacc/sm/snapshot.2_3
2019-10-22 00:09:13,674 [ab370eba-e055-4cd2-9c3d-f3aaf7732468@group-32D95636BACC-StateMachineUpdater] INFO  ratis.ContainerStateMachine (ContainerStateMachine.java:takeSnapshot(305)) - group-32D95636BACC: Finished taking a snapshot at:(t:2, i:3) file:/workdir/hadoop-ozone/integration-test/target/test-dir/MiniOzoneClusterImpl-7b60a606-535f-40c2-b446-60b0e48a57dd/datanode-9/data/ratis/9165f23d-ccf6-41cb-a2ea-32d95636bacc/sm/snapshot.2_3 time:19
2019-10-22 00:09:13,675 [ab370eba-e055-4cd2-9c3d-f3aaf7732468@group-32D95636BACC-StateMachineUpdater] INFO  impl.StateMachineUpdater (StateMachineUpdater.java:takeSnapshot(269)) - ab370eba-e055-4cd2-9c3d-f3aaf7732468@group-32D95636BACC-StateMachineUpdater: Took a snapshot at index 3
2019-10-22 00:09:13,675 [ab370eba-e055-4cd2-9c3d-f3aaf7732468@group-32D95636BACC-StateMachineUpdater] INFO  impl.StateMachineUpdater (StateMachineUpdater.java:lambda$new$0(84)) - ab370eba-e055-4cd2-9c3d-f3aaf7732468@group-32D95636BACC-StateMachineUpdater: snapshotIndex: updateIncreasingly -1 -> 3
2019-10-22 00:09:13,675 [ab370eba-e055-4cd2-9c3d-f3aaf7732468@group-32D95636BACC-StateMachineUpdater] INFO  ratis.ContainerStateMachine (ContainerStateMachine.java:takeSnapshot(294)) - group-32D95636BACC: Taking a snapshot at:(t:2, i:3) file /workdir/hadoop-ozone/integration-test/target/test-dir/MiniOzoneClusterImpl-7b60a606-535f-40c2-b446-60b0e48a57dd/datanode-9/data/ratis/9165f23d-ccf6-41cb-a2ea-32d95636bacc/sm/snapshot.2_3
2019-10-22 00:09:13,681 [ab370eba-e055-4cd2-9c3d-f3aaf7732468@group-32D95636BACC-StateMachineUpdater] INFO  ratis.ContainerStateMachine (ContainerStateMachine.java:takeSnapshot(305)) - group-32D95636BACC: Finished taking a snapshot at:(t:2, i:3) file:/workdir/hadoop-ozone/integration-test/target/test-dir/MiniOzoneClusterImpl-7b60a606-535f-40c2-b446-60b0e48a57dd/datanode-9/data/ratis/9165f23d-ccf6-41cb-a2ea-32d95636bacc/sm/snapshot.2_3 time:5
2019-10-22 00:09:13,681 [ab370eba-e055-4cd2-9c3d-f3aaf7732468@group-32D95636BACC-StateMachineUpdater] INFO  impl.StateMachineUpdater (StateMachineUpdater.java:takeSnapshot(269)) - ab370eba-e055-4cd2-9c3d-f3aaf7732468@group-32D95636BACC-StateMachineUpdater: Took a snapshot at index 3
2019-10-22 00:09:13,681 [ab370eba-e055-4cd2-9c3d-f3aaf7732468@group-32D95636BACC-StateMachineUpdater] INFO  impl.StateMachineUpdater (StateMachineUpdater.java:lambda$new$0(84)) - ab370eba-e055-4cd2-9c3d-f3aaf7732468@group-32D95636BACC-StateMachineUpdater: snapshotIndex: updateIncreasingly 3 -> 3
2019-10-22 00:09:13,681 [main] INFO  impl.RaftServerImpl (ServerState.java:close(388)) - ab370eba-e055-4cd2-9c3d-f3aaf7732468@group-32D95636BACC: closes. applyIndex: 6
2019-10-22 00:09:13,682 [ab370eba-e055-4cd2-9c3d-f3aaf7732468@group-32D95636BACC-SegmentedRaftLogWorker] INFO  segmented.SegmentedRaftLogWorker (SegmentedRaftLogWorker.java:run(316)) - ab370eba-e055-4cd2-9c3d-f3aaf7732468@group-32D95636BACC-SegmentedRaftLogWorker was interrupted, exiting. There are 0 tasks remaining in the queue.
2019-10-22 00:09:13,682 [main] INFO  segmented.SegmentedRaftLogWorker (SegmentedRaftLogWorker.java:close(224)) - ab370eba-e055-4cd2-9c3d-f3aaf7732468@group-32D95636BACC-SegmentedRaftLogWorker close()
2019-10-22 00:09:13,682 [main] INFO  server.GrpcService (GrpcService.java:closeImpl(164)) - ab370eba-e055-4cd2-9c3d-f3aaf7732468: shutdown server with port 46527 now
2019-10-22 00:09:13,686 [main] INFO  server.GrpcService (GrpcService.java:closeImpl(172)) - ab370eba-e055-4cd2-9c3d-f3aaf7732468: shutdown server with port 46527 successfully
2019-10-22 00:09:13,693 [refreshUsed-/workdir/hadoop-ozone/integration-test/target/test-dir/MiniOzoneClusterImpl-7b60a606-535f-40c2-b446-60b0e48a57dd/datanode-9/data/containers] WARN  fs.CachingGetSpaceUsed (CachingGetSpaceUsed.java:run(183)) - Thread Interrupted waiting to refresh disk information: sleep interrupted
2019-10-22 00:09:13,697 [ForkJoinPool.commonPool-worker-0] INFO  ozoneimpl.OzoneContainer (OzoneContainer.java:stop(227)) - Attempting to stop container services.
2019-10-22 00:09:13,698 [ForkJoinPool.commonPool-worker-0] INFO  impl.RaftServerProxy (RaftServerProxy.java:lambda$close$4(314)) - 48d226fd-ec16-45bb-ba6a-f5c68988a3f7: close
2019-10-22 00:09:13,698 [ForkJoinPool.commonPool-worker-0] INFO  impl.RaftServerImpl (RaftServerImpl.java:lambda$shutdown$3(261)) - 48d226fd-ec16-45bb-ba6a-f5c68988a3f7@group-B019D31AF6BA: shutdown
2019-10-22 00:09:13,699 [ForkJoinPool.commonPool-worker-0] INFO  util.JmxRegister (JmxRegister.java:unregister(73)) - Successfully un-registered JMX Bean with object name Ratis:service=RaftServer,group=group-B019D31AF6BA,id=48d226fd-ec16-45bb-ba6a-f5c68988a3f7
2019-10-22 00:09:13,699 [ForkJoinPool.commonPool-worker-0] INFO  impl.RoleInfo (RoleInfo.java:shutdownFollowerState(121)) - 48d226fd-ec16-45bb-ba6a-f5c68988a3f7: shutdown FollowerState
2019-10-22 00:09:13,699 [ForkJoinPool.commonPool-worker-0] INFO  impl.StateMachineUpdater (StateMachineUpdater.java:stopAndJoin(136)) - 48d226fd-ec16-45bb-ba6a-f5c68988a3f7@group-B019D31AF6BA-StateMachineUpdater: set stopIndex = 8
2019-10-22 00:09:13,699 [48d226fd-ec16-45bb-ba6a-f5c68988a3f7@group-B019D31AF6BA-StateMachineUpdater] INFO  ratis.ContainerStateMachine (ContainerStateMachine.java:takeSnapshot(294)) - group-B019D31AF6BA: Taking a snapshot at:(t:2, i:5) file /workdir/hadoop-ozone/integration-test/target/test-dir/MiniOzoneClusterImpl-7b60a606-535f-40c2-b446-60b0e48a57dd/datanode-0/data/ratis/db4ec4d6-40c6-4670-ae00-b019d31af6ba/sm/snapshot.2_5
2019-10-22 00:09:13,699 [Thread-5088] INFO  impl.FollowerState (FollowerState.java:run(117)) - 48d226fd-ec16-45bb-ba6a-f5c68988a3f7@group-B019D31AF6BA-FollowerState was interrupted: java.lang.InterruptedException: sleep interrupted
2019-10-22 00:09:13,705 [48d226fd-ec16-45bb-ba6a-f5c68988a3f7@group-B019D31AF6BA-StateMachineUpdater] INFO  ratis.ContainerStateMachine (ContainerStateMachine.java:takeSnapshot(305)) - group-B019D31AF6BA: Finished taking a snapshot at:(t:2, i:5) file:/workdir/hadoop-ozone/integration-test/target/test-dir/MiniOzoneClusterImpl-7b60a606-535f-40c2-b446-60b0e48a57dd/datanode-0/data/ratis/db4ec4d6-40c6-4670-ae00-b019d31af6ba/sm/snapshot.2_5 time:5
2019-10-22 00:09:13,705 [48d226fd-ec16-45bb-ba6a-f5c68988a3f7@group-B019D31AF6BA-StateMachineUpdater] INFO  impl.StateMachineUpdater (StateMachineUpdater.java:takeSnapshot(269)) - 48d226fd-ec16-45bb-ba6a-f5c68988a3f7@group-B019D31AF6BA-StateMachineUpdater: Took a snapshot at index 5
2019-10-22 00:09:13,705 [48d226fd-ec16-45bb-ba6a-f5c68988a3f7@group-B019D31AF6BA-StateMachineUpdater] INFO  impl.StateMachineUpdater (StateMachineUpdater.java:lambda$new$0(84)) - 48d226fd-ec16-45bb-ba6a-f5c68988a3f7@group-B019D31AF6BA-StateMachineUpdater: snapshotIndex: updateIncreasingly -1 -> 5
2019-10-22 00:09:13,706 [48d226fd-ec16-45bb-ba6a-f5c68988a3f7@group-B019D31AF6BA-StateMachineUpdater] INFO  ratis.ContainerStateMachine (ContainerStateMachine.java:takeSnapshot(294)) - group-B019D31AF6BA: Taking a snapshot at:(t:2, i:5) file /workdir/hadoop-ozone/integration-test/target/test-dir/MiniOzoneClusterImpl-7b60a606-535f-40c2-b446-60b0e48a57dd/datanode-0/data/ratis/db4ec4d6-40c6-4670-ae00-b019d31af6ba/sm/snapshot.2_5
2019-10-22 00:09:13,709 [48d226fd-ec16-45bb-ba6a-f5c68988a3f7@group-B019D31AF6BA-StateMachineUpdater] INFO  ratis.ContainerStateMachine (ContainerStateMachine.java:takeSnapshot(305)) - group-B019D31AF6BA: Finished taking a snapshot at:(t:2, i:5) file:/workdir/hadoop-ozone/integration-test/target/test-dir/MiniOzoneClusterImpl-7b60a606-535f-40c2-b446-60b0e48a57dd/datanode-0/data/ratis/db4ec4d6-40c6-4670-ae00-b019d31af6ba/sm/snapshot.2_5 time:3
2019-10-22 00:09:13,709 [48d226fd-ec16-45bb-ba6a-f5c68988a3f7@group-B019D31AF6BA-StateMachineUpdater] INFO  impl.StateMachineUpdater (StateMachineUpdater.java:takeSnapshot(269)) - 48d226fd-ec16-45bb-ba6a-f5c68988a3f7@group-B019D31AF6BA-StateMachineUpdater: Took a snapshot at index 5
2019-10-22 00:09:13,709 [48d226fd-ec16-45bb-ba6a-f5c68988a3f7@group-B019D31AF6BA-StateMachineUpdater] INFO  impl.StateMachineUpdater (StateMachineUpdater.java:lambda$new$0(84)) - 48d226fd-ec16-45bb-ba6a-f5c68988a3f7@group-B019D31AF6BA-StateMachineUpdater: snapshotIndex: updateIncreasingly 5 -> 5
2019-10-22 00:09:13,709 [ForkJoinPool.commonPool-worker-0] INFO  impl.RaftServerImpl (ServerState.java:close(388)) - 48d226fd-ec16-45bb-ba6a-f5c68988a3f7@group-B019D31AF6BA: closes. applyIndex: 8
2019-10-22 00:09:13,710 [48d226fd-ec16-45bb-ba6a-f5c68988a3f7@group-B019D31AF6BA-SegmentedRaftLogWorker] INFO  segmented.SegmentedRaftLogWorker (SegmentedRaftLogWorker.java:run(316)) - 48d226fd-ec16-45bb-ba6a-f5c68988a3f7@group-B019D31AF6BA-SegmentedRaftLogWorker was interrupted, exiting. There are 0 tasks remaining in the queue.
2019-10-22 00:09:13,710 [ForkJoinPool.commonPool-worker-0] INFO  segmented.SegmentedRaftLogWorker (SegmentedRaftLogWorker.java:close(224)) - 48d226fd-ec16-45bb-ba6a-f5c68988a3f7@group-B019D31AF6BA-SegmentedRaftLogWorker close()
2019-10-22 00:09:13,710 [ForkJoinPool.commonPool-worker-0] INFO  impl.RaftServerImpl (RaftServerImpl.java:lambda$shutdown$3(261)) - 48d226fd-ec16-45bb-ba6a-f5c68988a3f7@group-89693D849A66: shutdown
2019-10-22 00:09:13,710 [ForkJoinPool.commonPool-worker-0] INFO  util.JmxRegister (JmxRegister.java:unregister(73)) - Successfully un-registered JMX Bean with object name Ratis:service=RaftServer,group=group-89693D849A66,id=48d226fd-ec16-45bb-ba6a-f5c68988a3f7
2019-10-22 00:09:13,710 [main] INFO  utils.BackgroundService (BackgroundService.java:shutdown(151)) - Shutting down service BlockDeletingService
2019-10-22 00:09:13,711 [ForkJoinPool.commonPool-worker-0] INFO  impl.RoleInfo (RoleInfo.java:shutdownLeaderState(104)) - 48d226fd-ec16-45bb-ba6a-f5c68988a3f7: shutdown LeaderState
2019-10-22 00:09:13,711 [ForkJoinPool.commonPool-worker-0] INFO  impl.PendingRequests (PendingRequests.java:sendNotLeaderResponses(202)) - 48d226fd-ec16-45bb-ba6a-f5c68988a3f7@group-89693D849A66-PendingRequests: sendNotLeaderResponses
2019-10-22 00:09:13,714 [ForkJoinPool.commonPool-worker-0] INFO  impl.StateMachineUpdater (StateMachineUpdater.java:stopAndJoin(136)) - 48d226fd-ec16-45bb-ba6a-f5c68988a3f7@group-89693D849A66-StateMachineUpdater: set stopIndex = 0
2019-10-22 00:09:13,716 [ForkJoinPool.commonPool-worker-0] INFO  impl.RaftServerImpl (ServerState.java:close(388)) - 48d226fd-ec16-45bb-ba6a-f5c68988a3f7@group-89693D849A66: closes. applyIndex: 0
2019-10-22 00:09:13,715 [main] INFO  statemachine.DatanodeStateMachine (DatanodeStateMachine.java:stopDaemon(395)) - Ozone container server stopped.
2019-10-22 00:09:13,716 [48d226fd-ec16-45bb-ba6a-f5c68988a3f7@group-89693D849A66-SegmentedRaftLogWorker] INFO  segmented.SegmentedRaftLogWorker (SegmentedRaftLogWorker.java:run(316)) - 48d226fd-ec16-45bb-ba6a-f5c68988a3f7@group-89693D849A66-SegmentedRaftLogWorker was interrupted, exiting. There are 0 tasks remaining in the queue.
2019-10-22 00:09:13,716 [ForkJoinPool.commonPool-worker-0] INFO  segmented.SegmentedRaftLogWorker (SegmentedRaftLogWorker.java:close(224)) - 48d226fd-ec16-45bb-ba6a-f5c68988a3f7@group-89693D849A66-SegmentedRaftLogWorker close()
2019-10-22 00:09:13,717 [ForkJoinPool.commonPool-worker-0] INFO  server.GrpcService (GrpcService.java:closeImpl(164)) - 48d226fd-ec16-45bb-ba6a-f5c68988a3f7: shutdown server with port 40584 now
2019-10-22 00:09:13,719 [main] INFO  handler.ContextHandler (ContextHandler.java:doStop(910)) - Stopped o.e.j.w.WebAppContext@104dc1a2{/,null,UNAVAILABLE}{/hddsDatanode}
2019-10-22 00:09:13,724 [grpc-default-executor-3] WARN  server.GrpcServerProtocolService (LogUtils.java:warn(134)) - 48d226fd-ec16-45bb-ba6a-f5c68988a3f7: installSnapshot onError, lastRequest: f9169fae-8e57-49b1-968c-b0c13a9c79ea->48d226fd-ec16-45bb-ba6a-f5c68988a3f7#29-t3, previous=(t:3, i:8), leaderCommit=8, initializing? false, entries: <empty>: org.apache.ratis.thirdparty.io.grpc.StatusRuntimeException: CANCELLED: cancelled before receiving half close
2019-10-22 00:09:13,724 [ForkJoinPool.commonPool-worker-0] INFO  server.GrpcService (GrpcService.java:closeImpl(172)) - 48d226fd-ec16-45bb-ba6a-f5c68988a3f7: shutdown server with port 40584 successfully
2019-10-22 00:09:13,725 [grpc-default-executor-5] WARN  server.GrpcLogAppender (LogUtils.java:warn(134)) - f9169fae-8e57-49b1-968c-b0c13a9c79ea@group-B019D31AF6BA->48d226fd-ec16-45bb-ba6a-f5c68988a3f7-AppendLogResponseHandler: Failed appendEntries: org.apache.ratis.thirdparty.io.grpc.StatusRuntimeException: CANCELLED: HTTP/2 error code: CANCEL
Received Rst Stream
2019-10-22 00:09:13,725 [main] INFO  server.AbstractConnector (AbstractConnector.java:doStop(318)) - Stopped ServerConnector@67d32a54{HTTP/1.1,[http/1.1]}{0.0.0.0:0}
2019-10-22 00:09:13,726 [main] INFO  handler.ContextHandler (ContextHandler.java:doStop(910)) - Stopped o.e.j.s.ServletContextHandler@4816ee24{/static,jar:file:/home/user/.m2/repository/org/apache/hadoop/hadoop-hdds-container-service/0.5.0-SNAPSHOT/hadoop-hdds-container-service-0.5.0-SNAPSHOT.jar!/webapps/static,UNAVAILABLE}
2019-10-22 00:09:13,727 [main] INFO  handler.ContextHandler (ContextHandler.java:doStop(910)) - Stopped o.e.j.s.ServletContextHandler@2bbb44da{/logs,file:///workdir/hadoop-ozone/integration-test/target/log,UNAVAILABLE}
2019-10-22 00:09:13,728 [refreshUsed-/workdir/hadoop-ozone/integration-test/target/test-dir/MiniOzoneClusterImpl-7b60a606-535f-40c2-b446-60b0e48a57dd/datanode-0/data/containers] WARN  fs.CachingGetSpaceUsed (CachingGetSpaceUsed.java:run(183)) - Thread Interrupted waiting to refresh disk information: sleep interrupted
2019-10-22 00:09:13,741 [Datanode State Machine Thread - 0] INFO  statemachine.DatanodeStateMachine (DatanodeStateMachine.java:lambda$startDaemon$0(350)) - Ozone container server started.
2019-10-22 00:09:13,742 [ForkJoinPool.commonPool-worker-0] INFO  utils.BackgroundService (BackgroundService.java:shutdown(151)) - Shutting down service BlockDeletingService
2019-10-22 00:09:13,745 [ForkJoinPool.commonPool-worker-0] INFO  statemachine.DatanodeStateMachine (DatanodeStateMachine.java:stopDaemon(395)) - Ozone container server stopped.
2019-10-22 00:09:13,748 [ForkJoinPool.commonPool-worker-0] INFO  handler.ContextHandler (ContextHandler.java:doStop(910)) - Stopped o.e.j.w.WebAppContext@60990e5c{/,null,UNAVAILABLE}{/hddsDatanode}
2019-10-22 00:09:13,748 [ForkJoinPool.commonPool-worker-0] INFO  server.AbstractConnector (AbstractConnector.java:doStop(318)) - Stopped ServerConnector@4d84049a{HTTP/1.1,[http/1.1]}{0.0.0.0:0}
2019-10-22 00:09:13,748 [ForkJoinPool.commonPool-worker-0] INFO  handler.ContextHandler (ContextHandler.java:doStop(910)) - Stopped o.e.j.s.ServletContextHandler@163042ea{/static,jar:file:/home/user/.m2/repository/org/apache/hadoop/hadoop-hdds-container-service/0.5.0-SNAPSHOT/hadoop-hdds-container-service-0.5.0-SNAPSHOT.jar!/webapps/static,UNAVAILABLE}
2019-10-22 00:09:13,749 [ForkJoinPool.commonPool-worker-0] INFO  handler.ContextHandler (ContextHandler.java:doStop(910)) - Stopped o.e.j.s.ServletContextHandler@2954f6ab{/logs,file:///workdir/hadoop-ozone/integration-test/target/log,UNAVAILABLE}
2019-10-22 00:09:14,129 [java.util.concurrent.ThreadPoolExecutor$Worker@18320ae8[State = -1, empty queue]] WARN  server.GrpcLogAppender (GrpcLogAppender.java:timeoutAppendRequest(209)) - ab370eba-e055-4cd2-9c3d-f3aaf7732468@group-32D95636BACC->8fd446cf-6878-4c52-9c53-15bd189bc282-GrpcLogAppender: appendEntries Timeout, request=ab370eba-e055-4cd2-9c3d-f3aaf7732468->8fd446cf-6878-4c52-9c53-15bd189bc282#15-t3, previous=(t:3, i:6), leaderCommit=6, initializing? false, entries: <empty>
2019-10-22 00:09:14,435 [Datanode State Machine Thread - 0] INFO  statemachine.DatanodeStateMachine (DatanodeStateMachine.java:lambda$startDaemon$0(350)) - Ozone container server started.
2019-10-22 00:09:14,630 [java.util.concurrent.ThreadPoolExecutor$Worker@18320ae8[State = -1, empty queue]] WARN  server.GrpcLogAppender (GrpcLogAppender.java:timeoutAppendRequest(209)) - ab370eba-e055-4cd2-9c3d-f3aaf7732468@group-32D95636BACC->8fd446cf-6878-4c52-9c53-15bd189bc282-GrpcLogAppender: appendEntries Timeout, request=ab370eba-e055-4cd2-9c3d-f3aaf7732468->8fd446cf-6878-4c52-9c53-15bd189bc282#16-t3, previous=(t:3, i:6), leaderCommit=6, initializing? false, entries: <empty>
2019-10-22 00:09:15,131 [java.util.concurrent.ThreadPoolExecutor$Worker@18320ae8[State = -1, empty queue]] WARN  server.GrpcLogAppender (GrpcLogAppender.java:timeoutAppendRequest(209)) - ab370eba-e055-4cd2-9c3d-f3aaf7732468@group-32D95636BACC->8fd446cf-6878-4c52-9c53-15bd189bc282-GrpcLogAppender: appendEntries Timeout, request=ab370eba-e055-4cd2-9c3d-f3aaf7732468->8fd446cf-6878-4c52-9c53-15bd189bc282#17-t3, previous=(t:3, i:6), leaderCommit=6, initializing? false, entries: <empty>
2019-10-22 00:09:15,198 [java.util.concurrent.ThreadPoolExecutor$Worker@5c64f706[State = -1, empty queue]] WARN  server.GrpcLogAppender (GrpcLogAppender.java:timeoutAppendRequest(209)) - f9169fae-8e57-49b1-968c-b0c13a9c79ea@group-B019D31AF6BA->05003219-6676-4e45-bd72-11bc04fa30d3-GrpcLogAppender: appendEntries Timeout, request=f9169fae-8e57-49b1-968c-b0c13a9c79ea->05003219-6676-4e45-bd72-11bc04fa30d3#4-t3, previous=(t:2, i:6), leaderCommit=8, initializing? false, entries: <empty>
2019-10-22 00:09:15,631 [java.util.concurrent.ThreadPoolExecutor$Worker@18320ae8[State = -1, empty queue]] WARN  server.GrpcLogAppender (GrpcLogAppender.java:timeoutAppendRequest(209)) - ab370eba-e055-4cd2-9c3d-f3aaf7732468@group-32D95636BACC->8fd446cf-6878-4c52-9c53-15bd189bc282-GrpcLogAppender: appendEntries Timeout, request=ab370eba-e055-4cd2-9c3d-f3aaf7732468->8fd446cf-6878-4c52-9c53-15bd189bc282#18-t3, previous=(t:3, i:6), leaderCommit=6, initializing? false, entries: <empty>
2019-10-22 00:09:16,132 [java.util.concurrent.ThreadPoolExecutor$Worker@18320ae8[State = -1, empty queue]] WARN  server.GrpcLogAppender (GrpcLogAppender.java:timeoutAppendRequest(209)) - ab370eba-e055-4cd2-9c3d-f3aaf7732468@group-32D95636BACC->8fd446cf-6878-4c52-9c53-15bd189bc282-GrpcLogAppender: appendEntries Timeout, request=ab370eba-e055-4cd2-9c3d-f3aaf7732468->8fd446cf-6878-4c52-9c53-15bd189bc282#19-t3, previous=(t:3, i:6), leaderCommit=6, initializing? false, entries: <empty>
2019-10-22 00:09:16,617 [java.util.concurrent.ThreadPoolExecutor$Worker@b2d08[State = -1, empty queue]] WARN  server.GrpcLogAppender (GrpcLogAppender.java:timeoutAppendRequest(209)) - ab370eba-e055-4cd2-9c3d-f3aaf7732468@group-32D95636BACC->4677d932-8483-41dd-a758-9c3c53d9b9d5-GrpcLogAppender: appendEntries Timeout, request=ab370eba-e055-4cd2-9c3d-f3aaf7732468->4677d932-8483-41dd-a758-9c3c53d9b9d5#3-t3, previous=(t:2, i:4), leaderCommit=6, initializing? false, entries: <empty>
2019-10-22 00:09:16,632 [java.util.concurrent.ThreadPoolExecutor$Worker@18320ae8[State = -1, empty queue]] WARN  server.GrpcLogAppender (GrpcLogAppender.java:timeoutAppendRequest(209)) - ab370eba-e055-4cd2-9c3d-f3aaf7732468@group-32D95636BACC->8fd446cf-6878-4c52-9c53-15bd189bc282-GrpcLogAppender: appendEntries Timeout, request=ab370eba-e055-4cd2-9c3d-f3aaf7732468->8fd446cf-6878-4c52-9c53-15bd189bc282#20-t3, previous=(t:3, i:6), leaderCommit=6, initializing? false, entries: <empty>
2019-10-22 00:09:16,760 [java.util.concurrent.ThreadPoolExecutor$Worker@63f6ba70[State = -1, empty queue]] WARN  server.GrpcLogAppender (GrpcLogAppender.java:timeoutAppendRequest(209)) - f9169fae-8e57-49b1-968c-b0c13a9c79ea@group-B019D31AF6BA->48d226fd-ec16-45bb-ba6a-f5c68988a3f7-GrpcLogAppender: appendEntries Timeout, request=f9169fae-8e57-49b1-968c-b0c13a9c79ea->48d226fd-ec16-45bb-ba6a-f5c68988a3f7#30-t3, previous=(t:3, i:8), leaderCommit=8, initializing? false, entries: <empty>
2019-10-22 00:09:17,260 [java.util.concurrent.ThreadPoolExecutor$Worker@63f6ba70[State = -1, empty queue]] WARN  server.GrpcLogAppender (GrpcLogAppender.java:timeoutAppendRequest(209)) - f9169fae-8e57-49b1-968c-b0c13a9c79ea@group-B019D31AF6BA->48d226fd-ec16-45bb-ba6a-f5c68988a3f7-GrpcLogAppender: appendEntries Timeout, request=f9169fae-8e57-49b1-968c-b0c13a9c79ea->48d226fd-ec16-45bb-ba6a-f5c68988a3f7#31-t3, previous=(t:3, i:8), leaderCommit=8, initializing? false, entries: <empty>
2019-10-22 00:09:17,760 [java.util.concurrent.ThreadPoolExecutor$Worker@63f6ba70[State = -1, empty queue]] WARN  server.GrpcLogAppender (GrpcLogAppender.java:timeoutAppendRequest(209)) - f9169fae-8e57-49b1-968c-b0c13a9c79ea@group-B019D31AF6BA->48d226fd-ec16-45bb-ba6a-f5c68988a3f7-GrpcLogAppender: appendEntries Timeout, request=f9169fae-8e57-49b1-968c-b0c13a9c79ea->48d226fd-ec16-45bb-ba6a-f5c68988a3f7#32-t3, previous=(t:3, i:8), leaderCommit=8, initializing? false, entries: <empty>
2019-10-22 00:09:18,199 [java.util.concurrent.ThreadPoolExecutor$Worker@5c64f706[State = -1, empty queue]] WARN  server.GrpcLogAppender (GrpcLogAppender.java:timeoutAppendRequest(209)) - f9169fae-8e57-49b1-968c-b0c13a9c79ea@group-B019D31AF6BA->05003219-6676-4e45-bd72-11bc04fa30d3-GrpcLogAppender: appendEntries Timeout, request=f9169fae-8e57-49b1-968c-b0c13a9c79ea->05003219-6676-4e45-bd72-11bc04fa30d3#5-t3, previous=(t:2, i:6), leaderCommit=8, initializing? false, entries: <empty>
2019-10-22 00:09:18,261 [java.util.concurrent.ThreadPoolExecutor$Worker@63f6ba70[State = -1, empty queue]] WARN  server.GrpcLogAppender (GrpcLogAppender.java:timeoutAppendRequest(209)) - f9169fae-8e57-49b1-968c-b0c13a9c79ea@group-B019D31AF6BA->48d226fd-ec16-45bb-ba6a-f5c68988a3f7-GrpcLogAppender: appendEntries Timeout, request=f9169fae-8e57-49b1-968c-b0c13a9c79ea->48d226fd-ec16-45bb-ba6a-f5c68988a3f7#33-t3, previous=(t:3, i:8), leaderCommit=8, initializing? false, entries: <empty>
2019-10-22 00:09:18,731 [main] INFO  ozoneimpl.OzoneContainer (OzoneContainer.java:stop(227)) - Attempting to stop container services.
2019-10-22 00:09:18,732 [main] INFO  impl.RaftServerProxy (RaftServerProxy.java:lambda$close$4(314)) - 46e27ab3-6e20-4549-bfdf-4319f5fb1b0e: close
2019-10-22 00:09:18,734 [main] INFO  impl.RaftServerImpl (RaftServerImpl.java:lambda$shutdown$3(261)) - 46e27ab3-6e20-4549-bfdf-4319f5fb1b0e@group-75731898C76A: shutdown
2019-10-22 00:09:18,734 [main] INFO  util.JmxRegister (JmxRegister.java:unregister(73)) - Successfully un-registered JMX Bean with object name Ratis:service=RaftServer,group=group-75731898C76A,id=46e27ab3-6e20-4549-bfdf-4319f5fb1b0e
2019-10-22 00:09:18,735 [main] INFO  impl.RoleInfo (RoleInfo.java:shutdownLeaderState(104)) - 46e27ab3-6e20-4549-bfdf-4319f5fb1b0e: shutdown LeaderState
2019-10-22 00:09:18,735 [main] INFO  impl.PendingRequests (PendingRequests.java:sendNotLeaderResponses(202)) - 46e27ab3-6e20-4549-bfdf-4319f5fb1b0e@group-75731898C76A-PendingRequests: sendNotLeaderResponses
2019-10-22 00:09:18,736 [main] INFO  impl.StateMachineUpdater (StateMachineUpdater.java:stopAndJoin(136)) - 46e27ab3-6e20-4549-bfdf-4319f5fb1b0e@group-75731898C76A-StateMachineUpdater: set stopIndex = 0
2019-10-22 00:09:18,737 [main] INFO  impl.RaftServerImpl (ServerState.java:close(388)) - 46e27ab3-6e20-4549-bfdf-4319f5fb1b0e@group-75731898C76A: closes. applyIndex: 0
2019-10-22 00:09:18,737 [46e27ab3-6e20-4549-bfdf-4319f5fb1b0e@group-75731898C76A-SegmentedRaftLogWorker] INFO  segmented.SegmentedRaftLogWorker (SegmentedRaftLogWorker.java:run(316)) - 46e27ab3-6e20-4549-bfdf-4319f5fb1b0e@group-75731898C76A-SegmentedRaftLogWorker was interrupted, exiting. There are 0 tasks remaining in the queue.
2019-10-22 00:09:18,738 [main] INFO  segmented.SegmentedRaftLogWorker (SegmentedRaftLogWorker.java:close(224)) - 46e27ab3-6e20-4549-bfdf-4319f5fb1b0e@group-75731898C76A-SegmentedRaftLogWorker close()
2019-10-22 00:09:18,738 [main] INFO  server.GrpcService (GrpcService.java:closeImpl(164)) - 46e27ab3-6e20-4549-bfdf-4319f5fb1b0e: shutdown server with port 37432 now
2019-10-22 00:09:18,739 [main] INFO  server.GrpcService (GrpcService.java:closeImpl(172)) - 46e27ab3-6e20-4549-bfdf-4319f5fb1b0e: shutdown server with port 37432 successfully
2019-10-22 00:09:18,743 [refreshUsed-/workdir/hadoop-ozone/integration-test/target/test-dir/MiniOzoneClusterImpl-7b60a606-535f-40c2-b446-60b0e48a57dd/datanode-7/data/containers] WARN  fs.CachingGetSpaceUsed (CachingGetSpaceUsed.java:run(183)) - Thread Interrupted waiting to refresh disk information: sleep interrupted
2019-10-22 00:09:18,750 [ForkJoinPool.commonPool-worker-0] INFO  ozoneimpl.OzoneContainer (OzoneContainer.java:stop(227)) - Attempting to stop container services.
2019-10-22 00:09:18,750 [ForkJoinPool.commonPool-worker-0] INFO  impl.RaftServerProxy (RaftServerProxy.java:lambda$close$4(314)) - f9169fae-8e57-49b1-968c-b0c13a9c79ea: close
2019-10-22 00:09:18,751 [ForkJoinPool.commonPool-worker-0] INFO  impl.RaftServerImpl (RaftServerImpl.java:lambda$shutdown$3(261)) - f9169fae-8e57-49b1-968c-b0c13a9c79ea@group-B019D31AF6BA: shutdown
2019-10-22 00:09:18,751 [ForkJoinPool.commonPool-worker-0] INFO  util.JmxRegister (JmxRegister.java:unregister(73)) - Successfully un-registered JMX Bean with object name Ratis:service=RaftServer,group=group-B019D31AF6BA,id=f9169fae-8e57-49b1-968c-b0c13a9c79ea
2019-10-22 00:09:18,751 [ForkJoinPool.commonPool-worker-0] INFO  impl.RoleInfo (RoleInfo.java:shutdownLeaderState(104)) - f9169fae-8e57-49b1-968c-b0c13a9c79ea: shutdown LeaderState
2019-10-22 00:09:18,751 [org.apache.ratis.server.impl.LogAppender$AppenderDaemon$$Lambda$459/939830557@7c7036ea] WARN  server.GrpcLogAppender (GrpcLogAppender.java:mayWait(149)) - f9169fae-8e57-49b1-968c-b0c13a9c79ea@group-B019D31AF6BA->48d226fd-ec16-45bb-ba6a-f5c68988a3f7-GrpcLogAppender: Wait interrupted by java.lang.InterruptedException
2019-10-22 00:09:18,751 [org.apache.ratis.server.impl.LogAppender$AppenderDaemon$$Lambda$459/939830557@2d5884b1] WARN  server.GrpcLogAppender (GrpcLogAppender.java:mayWait(149)) - f9169fae-8e57-49b1-968c-b0c13a9c79ea@group-B019D31AF6BA->05003219-6676-4e45-bd72-11bc04fa30d3-GrpcLogAppender: Wait interrupted by java.lang.InterruptedException
2019-10-22 00:09:18,751 [ForkJoinPool.commonPool-worker-0] INFO  impl.PendingRequests (PendingRequests.java:sendNotLeaderResponses(202)) - f9169fae-8e57-49b1-968c-b0c13a9c79ea@group-B019D31AF6BA-PendingRequests: sendNotLeaderResponses
2019-10-22 00:09:18,752 [ForkJoinPool.commonPool-worker-0] INFO  impl.StateMachineUpdater (StateMachineUpdater.java:stopAndJoin(136)) - f9169fae-8e57-49b1-968c-b0c13a9c79ea@group-B019D31AF6BA-StateMachineUpdater: set stopIndex = 8
2019-10-22 00:09:18,752 [f9169fae-8e57-49b1-968c-b0c13a9c79ea@group-B019D31AF6BA-StateMachineUpdater] INFO  ratis.ContainerStateMachine (ContainerStateMachine.java:takeSnapshot(294)) - group-B019D31AF6BA: Taking a snapshot at:(t:2, i:5) file /workdir/hadoop-ozone/integration-test/target/test-dir/MiniOzoneClusterImpl-7b60a606-535f-40c2-b446-60b0e48a57dd/datanode-1/data/ratis/db4ec4d6-40c6-4670-ae00-b019d31af6ba/sm/snapshot.2_5
2019-10-22 00:09:18,761 [java.util.concurrent.ThreadPoolExecutor$Worker@63f6ba70[State = -1, empty queue]] WARN  server.GrpcLogAppender (GrpcLogAppender.java:timeoutAppendRequest(209)) - f9169fae-8e57-49b1-968c-b0c13a9c79ea@group-B019D31AF6BA->48d226fd-ec16-45bb-ba6a-f5c68988a3f7-GrpcLogAppender: appendEntries Timeout, request=f9169fae-8e57-49b1-968c-b0c13a9c79ea->48d226fd-ec16-45bb-ba6a-f5c68988a3f7#34-t3, previous=(t:3, i:8), leaderCommit=8, initializing? false, entries: <empty>
2019-10-22 00:09:18,762 [main] INFO  utils.BackgroundService (BackgroundService.java:shutdown(151)) - Shutting down service BlockDeletingService
2019-10-22 00:09:18,769 [f9169fae-8e57-49b1-968c-b0c13a9c79ea@group-B019D31AF6BA-StateMachineUpdater] INFO  ratis.ContainerStateMachine (ContainerStateMachine.java:takeSnapshot(305)) - group-B019D31AF6BA: Finished taking a snapshot at:(t:2, i:5) file:/workdir/hadoop-ozone/integration-test/target/test-dir/MiniOzoneClusterImpl-7b60a606-535f-40c2-b446-60b0e48a57dd/datanode-1/data/ratis/db4ec4d6-40c6-4670-ae00-b019d31af6ba/sm/snapshot.2_5 time:17
2019-10-22 00:09:18,770 [main] INFO  statemachine.DatanodeStateMachine (DatanodeStateMachine.java:stopDaemon(395)) - Ozone container server stopped.
2019-10-22 00:09:18,771 [f9169fae-8e57-49b1-968c-b0c13a9c79ea@group-B019D31AF6BA-StateMachineUpdater] INFO  impl.StateMachineUpdater (StateMachineUpdater.java:takeSnapshot(269)) - f9169fae-8e57-49b1-968c-b0c13a9c79ea@group-B019D31AF6BA-StateMachineUpdater: Took a snapshot at index 5
2019-10-22 00:09:18,771 [f9169fae-8e57-49b1-968c-b0c13a9c79ea@group-B019D31AF6BA-StateMachineUpdater] INFO  impl.StateMachineUpdater (StateMachineUpdater.java:lambda$new$0(84)) - f9169fae-8e57-49b1-968c-b0c13a9c79ea@group-B019D31AF6BA-StateMachineUpdater: snapshotIndex: updateIncreasingly -1 -> 5
2019-10-22 00:09:18,771 [f9169fae-8e57-49b1-968c-b0c13a9c79ea@group-B019D31AF6BA-StateMachineUpdater] INFO  ratis.ContainerStateMachine (ContainerStateMachine.java:takeSnapshot(294)) - group-B019D31AF6BA: Taking a snapshot at:(t:2, i:5) file /workdir/hadoop-ozone/integration-test/target/test-dir/MiniOzoneClusterImpl-7b60a606-535f-40c2-b446-60b0e48a57dd/datanode-1/data/ratis/db4ec4d6-40c6-4670-ae00-b019d31af6ba/sm/snapshot.2_5
2019-10-22 00:09:18,772 [main] INFO  handler.ContextHandler (ContextHandler.java:doStop(910)) - Stopped o.e.j.w.WebAppContext@54a2d96e{/,null,UNAVAILABLE}{/hddsDatanode}
2019-10-22 00:09:18,774 [main] INFO  server.AbstractConnector (AbstractConnector.java:doStop(318)) - Stopped ServerConnector@66a53104{HTTP/1.1,[http/1.1]}{0.0.0.0:0}
2019-10-22 00:09:18,774 [main] INFO  handler.ContextHandler (ContextHandler.java:doStop(910)) - Stopped o.e.j.s.ServletContextHandler@5d5a51b1{/static,jar:file:/home/user/.m2/repository/org/apache/hadoop/hadoop-hdds-container-service/0.5.0-SNAPSHOT/hadoop-hdds-container-service-0.5.0-SNAPSHOT.jar!/webapps/static,UNAVAILABLE}
2019-10-22 00:09:18,775 [main] INFO  handler.ContextHandler (ContextHandler.java:doStop(910)) - Stopped o.e.j.s.ServletContextHandler@7b2ccba5{/logs,file:///workdir/hadoop-ozone/integration-test/target/log,UNAVAILABLE}
2019-10-22 00:09:18,784 [f9169fae-8e57-49b1-968c-b0c13a9c79ea@group-B019D31AF6BA-StateMachineUpdater] INFO  ratis.ContainerStateMachine (ContainerStateMachine.java:takeSnapshot(305)) - group-B019D31AF6BA: Finished taking a snapshot at:(t:2, i:5) file:/workdir/hadoop-ozone/integration-test/target/test-dir/MiniOzoneClusterImpl-7b60a606-535f-40c2-b446-60b0e48a57dd/datanode-1/data/ratis/db4ec4d6-40c6-4670-ae00-b019d31af6ba/sm/snapshot.2_5 time:12
2019-10-22 00:09:18,784 [f9169fae-8e57-49b1-968c-b0c13a9c79ea@group-B019D31AF6BA-StateMachineUpdater] INFO  impl.StateMachineUpdater (StateMachineUpdater.java:takeSnapshot(269)) - f9169fae-8e57-49b1-968c-b0c13a9c79ea@group-B019D31AF6BA-StateMachineUpdater: Took a snapshot at index 5
2019-10-22 00:09:18,784 [f9169fae-8e57-49b1-968c-b0c13a9c79ea@group-B019D31AF6BA-StateMachineUpdater] INFO  impl.StateMachineUpdater (StateMachineUpdater.java:lambda$new$0(84)) - f9169fae-8e57-49b1-968c-b0c13a9c79ea@group-B019D31AF6BA-StateMachineUpdater: snapshotIndex: updateIncreasingly 5 -> 5
2019-10-22 00:09:18,784 [ForkJoinPool.commonPool-worker-0] INFO  impl.RaftServerImpl (ServerState.java:close(388)) - f9169fae-8e57-49b1-968c-b0c13a9c79ea@group-B019D31AF6BA: closes. applyIndex: 8
2019-10-22 00:09:18,785 [f9169fae-8e57-49b1-968c-b0c13a9c79ea@group-B019D31AF6BA-SegmentedRaftLogWorker] INFO  segmented.SegmentedRaftLogWorker (SegmentedRaftLogWorker.java:run(316)) - f9169fae-8e57-49b1-968c-b0c13a9c79ea@group-B019D31AF6BA-SegmentedRaftLogWorker was interrupted, exiting. There are 0 tasks remaining in the queue.
2019-10-22 00:09:18,785 [ForkJoinPool.commonPool-worker-0] INFO  segmented.SegmentedRaftLogWorker (SegmentedRaftLogWorker.java:close(224)) - f9169fae-8e57-49b1-968c-b0c13a9c79ea@group-B019D31AF6BA-SegmentedRaftLogWorker close()
2019-10-22 00:09:18,785 [ForkJoinPool.commonPool-worker-0] INFO  impl.RaftServerImpl (RaftServerImpl.java:lambda$shutdown$3(261)) - f9169fae-8e57-49b1-968c-b0c13a9c79ea@group-39187EBAA629: shutdown
2019-10-22 00:09:18,785 [ForkJoinPool.commonPool-worker-0] INFO  util.JmxRegister (JmxRegister.java:unregister(73)) - Successfully un-registered JMX Bean with object name Ratis:service=RaftServer,group=group-39187EBAA629,id=f9169fae-8e57-49b1-968c-b0c13a9c79ea
2019-10-22 00:09:18,786 [ForkJoinPool.commonPool-worker-0] INFO  impl.RoleInfo (RoleInfo.java:shutdownLeaderState(104)) - f9169fae-8e57-49b1-968c-b0c13a9c79ea: shutdown LeaderState
2019-10-22 00:09:18,786 [ForkJoinPool.commonPool-worker-0] INFO  impl.PendingRequests (PendingRequests.java:sendNotLeaderResponses(202)) - f9169fae-8e57-49b1-968c-b0c13a9c79ea@group-39187EBAA629-PendingRequests: sendNotLeaderResponses
2019-10-22 00:09:18,786 [ForkJoinPool.commonPool-worker-0] INFO  impl.StateMachineUpdater (StateMachineUpdater.java:stopAndJoin(136)) - f9169fae-8e57-49b1-968c-b0c13a9c79ea@group-39187EBAA629-StateMachineUpdater: set stopIndex = 0
2019-10-22 00:09:18,787 [ForkJoinPool.commonPool-worker-0] INFO  impl.RaftServerImpl (ServerState.java:close(388)) - f9169fae-8e57-49b1-968c-b0c13a9c79ea@group-39187EBAA629: closes. applyIndex: 0
2019-10-22 00:09:18,787 [f9169fae-8e57-49b1-968c-b0c13a9c79ea@group-39187EBAA629-SegmentedRaftLogWorker] INFO  segmented.SegmentedRaftLogWorker (SegmentedRaftLogWorker.java:run(316)) - f9169fae-8e57-49b1-968c-b0c13a9c79ea@group-39187EBAA629-SegmentedRaftLogWorker was interrupted, exiting. There are 0 tasks remaining in the queue.
2019-10-22 00:09:18,787 [ForkJoinPool.commonPool-worker-0] INFO  segmented.SegmentedRaftLogWorker (SegmentedRaftLogWorker.java:close(224)) - f9169fae-8e57-49b1-968c-b0c13a9c79ea@group-39187EBAA629-SegmentedRaftLogWorker close()
2019-10-22 00:09:18,787 [ForkJoinPool.commonPool-worker-0] INFO  server.GrpcService (GrpcService.java:closeImpl(164)) - f9169fae-8e57-49b1-968c-b0c13a9c79ea: shutdown server with port 46423 now
2019-10-22 00:09:18,788 [ForkJoinPool.commonPool-worker-0] INFO  server.GrpcService (GrpcService.java:closeImpl(172)) - f9169fae-8e57-49b1-968c-b0c13a9c79ea: shutdown server with port 46423 successfully
2019-10-22 00:09:18,790 [refreshUsed-/workdir/hadoop-ozone/integration-test/target/test-dir/MiniOzoneClusterImpl-7b60a606-535f-40c2-b446-60b0e48a57dd/datanode-1/data/containers] WARN  fs.CachingGetSpaceUsed (CachingGetSpaceUsed.java:run(183)) - Thread Interrupted waiting to refresh disk information: sleep interrupted
2019-10-22 00:09:18,802 [ForkJoinPool.commonPool-worker-0] INFO  utils.BackgroundService (BackgroundService.java:shutdown(151)) - Shutting down service BlockDeletingService
2019-10-22 00:09:18,808 [ForkJoinPool.commonPool-worker-0] INFO  statemachine.DatanodeStateMachine (DatanodeStateMachine.java:stopDaemon(395)) - Ozone container server stopped.
2019-10-22 00:09:18,810 [ForkJoinPool.commonPool-worker-0] INFO  handler.ContextHandler (ContextHandler.java:doStop(910)) - Stopped o.e.j.w.WebAppContext@798dad3d{/,null,UNAVAILABLE}{/hddsDatanode}
2019-10-22 00:09:18,810 [ForkJoinPool.commonPool-worker-0] INFO  server.AbstractConnector (AbstractConnector.java:doStop(318)) - Stopped ServerConnector@27abb6ca{HTTP/1.1,[http/1.1]}{0.0.0.0:0}
2019-10-22 00:09:18,811 [ForkJoinPool.commonPool-worker-0] INFO  handler.ContextHandler (ContextHandler.java:doStop(910)) - Stopped o.e.j.s.ServletContextHandler@1665fa54{/static,jar:file:/home/user/.m2/repository/org/apache/hadoop/hadoop-hdds-container-service/0.5.0-SNAPSHOT/hadoop-hdds-container-service-0.5.0-SNAPSHOT.jar!/webapps/static,UNAVAILABLE}
2019-10-22 00:09:18,811 [ForkJoinPool.commonPool-worker-0] INFO  handler.ContextHandler (ContextHandler.java:doStop(910)) - Stopped o.e.j.s.ServletContextHandler@29c17c3d{/logs,file:///workdir/hadoop-ozone/integration-test/target/log,UNAVAILABLE}
2019-10-22 00:09:18,812 [main] INFO  ozone.MiniOzoneClusterImpl (MiniOzoneClusterImpl.java:stopSCM(392)) - Stopping the StorageContainerManager
2019-10-22 00:09:18,812 [main] INFO  server.StorageContainerManager (StorageContainerManager.java:stop(810)) - Stopping Replication Manager Service.
2019-10-22 00:09:18,812 [main] INFO  container.ReplicationManager (ReplicationManager.java:stop(203)) - Stopping Replication Monitor Thread.
2019-10-22 00:09:18,812 [main] INFO  server.StorageContainerManager (StorageContainerManager.java:stop(817)) - Stopping Lease Manager of the command watchers
2019-10-22 00:09:18,812 [main] INFO  server.StorageContainerManager (StorageContainerManager.java:stop(824)) - Stopping datanode service RPC server
2019-10-22 00:09:18,812 [main] INFO  server.SCMDatanodeProtocolServer (SCMDatanodeProtocolServer.java:stop(346)) - Stopping the RPC server for DataNodes
2019-10-22 00:09:18,813 [main] INFO  ipc.Server (Server.java:stop(3082)) - Stopping server on 34822
2019-10-22 00:09:18,814 [IPC Server listener on 34822] INFO  ipc.Server (Server.java:run(1185)) - Stopping IPC Server listener on 34822
2019-10-22 00:09:18,815 [IPC Server Responder] INFO  ipc.Server (Server.java:run(1319)) - Stopping IPC Server Responder
2019-10-22 00:09:18,871 [SCM Heartbeat Processing Thread - 0] WARN  node.NodeStateManager (NodeStateManager.java:scheduleNextHealthCheck(646)) - Current Thread is interrupted, shutting down HB processing thread for Node Manager.
2019-10-22 00:09:18,871 [main] INFO  server.StorageContainerManager (StorageContainerManager.java:stop(832)) - Stopping block service RPC server
2019-10-22 00:09:18,872 [main] INFO  server.SCMBlockProtocolServer (SCMBlockProtocolServer.java:stop(155)) - Stopping the RPC server for Block Protocol
2019-10-22 00:09:18,872 [main] INFO  ipc.Server (Server.java:stop(3082)) - Stopping server on 38419
2019-10-22 00:09:18,874 [IPC Server listener on 38419] INFO  ipc.Server (Server.java:run(1185)) - Stopping IPC Server listener on 38419
2019-10-22 00:09:18,875 [main] INFO  server.StorageContainerManager (StorageContainerManager.java:stop(839)) - Stopping the StorageContainerLocationProtocol RPC server
2019-10-22 00:09:18,876 [IPC Server Responder] INFO  ipc.Server (Server.java:run(1319)) - Stopping IPC Server Responder
2019-10-22 00:09:18,876 [main] INFO  server.SCMClientProtocolServer (SCMClientProtocolServer.java:stop(168)) - Stopping the RPC server for Client Protocol
2019-10-22 00:09:18,876 [main] INFO  ipc.Server (Server.java:stop(3082)) - Stopping server on 39679
2019-10-22 00:09:18,878 [main] INFO  server.StorageContainerManager (StorageContainerManager.java:stop(846)) - Stopping Storage Container Manager HTTP server.
2019-10-22 00:09:18,878 [IPC Server listener on 39679] INFO  ipc.Server (Server.java:run(1185)) - Stopping IPC Server listener on 39679
2019-10-22 00:09:18,878 [IPC Server Responder] INFO  ipc.Server (Server.java:run(1319)) - Stopping IPC Server Responder
2019-10-22 00:09:18,880 [main] INFO  handler.ContextHandler (ContextHandler.java:doStop(910)) - Stopped o.e.j.w.WebAppContext@1acb74ad{/,null,UNAVAILABLE}{/scm}
2019-10-22 00:09:18,880 [main] INFO  server.AbstractConnector (AbstractConnector.java:doStop(318)) - Stopped ServerConnector@7bf01cb{HTTP/1.1,[http/1.1]}{0.0.0.0:0}
2019-10-22 00:09:18,881 [main] INFO  handler.ContextHandler (ContextHandler.java:doStop(910)) - Stopped o.e.j.s.ServletContextHandler@d535a3d{/static,file:///workdir/hadoop-ozone/integration-test/target/test-classes/webapps/static,UNAVAILABLE}
2019-10-22 00:09:18,881 [main] INFO  handler.ContextHandler (ContextHandler.java:doStop(910)) - Stopped o.e.j.s.ServletContextHandler@705a8dbc{/logs,file:///workdir/hadoop-ozone/integration-test/target/log,UNAVAILABLE}
2019-10-22 00:09:18,882 [main] INFO  server.StorageContainerManager (StorageContainerManager.java:stop(857)) - Stopping Block Manager Service.
2019-10-22 00:09:18,882 [main] INFO  utils.BackgroundService (BackgroundService.java:shutdown(151)) - Shutting down service SCMBlockDeletingService
2019-10-22 00:09:18,882 [main] INFO  utils.BackgroundService (BackgroundService.java:shutdown(151)) - Shutting down service SCMBlockDeletingService
2019-10-22 00:09:18,883 [main] INFO  server.StorageContainerManager (StorageContainerManager.java:stop(879)) - Stopping SCM Event Queue.
2019-10-22 00:09:18,887 [main] INFO  impl.MetricsSystemImpl (MetricsSystemImpl.java:stop(210)) - Stopping HddsDatanode metrics system...
2019-10-22 00:09:18,906 [main] INFO  impl.MetricsSystemImpl (MetricsSystemImpl.java:stop(216)) - HddsDatanode metrics system stopped.
]]></system-out>
    <system-err><![CDATA[Oct 22, 2019 12:08:59 AM org.apache.ratis.thirdparty.io.grpc.internal.SerializingExecutor run
SEVERE: Exception while executing runnable org.apache.ratis.thirdparty.io.grpc.internal.ClientCallImpl$ClientStreamListenerImpl$1StreamClosed@bfbc483
java.lang.NullPointerException
	at org.apache.ratis.grpc.server.GrpcLogAppender$AppendLogResponseHandler.onError(GrpcLogAppender.java:303)
	at org.apache.ratis.thirdparty.io.grpc.stub.ClientCalls$StreamObserverToCallListenerAdapter.onClose(ClientCalls.java:434)
	at org.apache.ratis.thirdparty.io.grpc.PartialForwardingClientCallListener.onClose(PartialForwardingClientCallListener.java:39)
	at org.apache.ratis.thirdparty.io.grpc.ForwardingClientCallListener.onClose(ForwardingClientCallListener.java:23)
	at org.apache.ratis.thirdparty.io.grpc.ForwardingClientCallListener$SimpleForwardingClientCallListener.onClose(ForwardingClientCallListener.java:40)
	at org.apache.ratis.thirdparty.io.grpc.internal.CensusStatsModule$StatsClientInterceptor$1$1.onClose(CensusStatsModule.java:678)
	at org.apache.ratis.thirdparty.io.grpc.PartialForwardingClientCallListener.onClose(PartialForwardingClientCallListener.java:39)
	at org.apache.ratis.thirdparty.io.grpc.ForwardingClientCallListener.onClose(ForwardingClientCallListener.java:23)
	at org.apache.ratis.thirdparty.io.grpc.ForwardingClientCallListener$SimpleForwardingClientCallListener.onClose(ForwardingClientCallListener.java:40)
	at org.apache.ratis.thirdparty.io.grpc.internal.CensusTracingModule$TracingClientInterceptor$1$1.onClose(CensusTracingModule.java:397)
	at org.apache.ratis.thirdparty.io.grpc.internal.ClientCallImpl.closeObserver(ClientCallImpl.java:459)
	at org.apache.ratis.thirdparty.io.grpc.internal.ClientCallImpl.access$300(ClientCallImpl.java:63)
	at org.apache.ratis.thirdparty.io.grpc.internal.ClientCallImpl$ClientStreamListenerImpl.close(ClientCallImpl.java:546)
	at org.apache.ratis.thirdparty.io.grpc.internal.ClientCallImpl$ClientStreamListenerImpl.access$600(ClientCallImpl.java:467)
	at org.apache.ratis.thirdparty.io.grpc.internal.ClientCallImpl$ClientStreamListenerImpl$1StreamClosed.runInContext(ClientCallImpl.java:584)
	at org.apache.ratis.thirdparty.io.grpc.internal.ContextRunnable.run(ContextRunnable.java:37)
	at org.apache.ratis.thirdparty.io.grpc.internal.SerializingExecutor.run(SerializingExecutor.java:123)
	at java.util.concurrent.ThreadPoolExecutor.runWorker(ThreadPoolExecutor.java:1149)
	at java.util.concurrent.ThreadPoolExecutor$Worker.run(ThreadPoolExecutor.java:624)
	at java.lang.Thread.run(Thread.java:748)

Oct 22, 2019 12:09:04 AM org.apache.ratis.thirdparty.io.grpc.internal.SerializingExecutor run
SEVERE: Exception while executing runnable org.apache.ratis.thirdparty.io.grpc.internal.ClientCallImpl$ClientStreamListenerImpl$1StreamClosed@dbc5d00
java.lang.NullPointerException
	at org.apache.ratis.grpc.server.GrpcLogAppender$AppendLogResponseHandler.onError(GrpcLogAppender.java:303)
	at org.apache.ratis.thirdparty.io.grpc.stub.ClientCalls$StreamObserverToCallListenerAdapter.onClose(ClientCalls.java:434)
	at org.apache.ratis.thirdparty.io.grpc.PartialForwardingClientCallListener.onClose(PartialForwardingClientCallListener.java:39)
	at org.apache.ratis.thirdparty.io.grpc.ForwardingClientCallListener.onClose(ForwardingClientCallListener.java:23)
	at org.apache.ratis.thirdparty.io.grpc.ForwardingClientCallListener$SimpleForwardingClientCallListener.onClose(ForwardingClientCallListener.java:40)
	at org.apache.ratis.thirdparty.io.grpc.internal.CensusStatsModule$StatsClientInterceptor$1$1.onClose(CensusStatsModule.java:678)
	at org.apache.ratis.thirdparty.io.grpc.PartialForwardingClientCallListener.onClose(PartialForwardingClientCallListener.java:39)
	at org.apache.ratis.thirdparty.io.grpc.ForwardingClientCallListener.onClose(ForwardingClientCallListener.java:23)
	at org.apache.ratis.thirdparty.io.grpc.ForwardingClientCallListener$SimpleForwardingClientCallListener.onClose(ForwardingClientCallListener.java:40)
	at org.apache.ratis.thirdparty.io.grpc.internal.CensusTracingModule$TracingClientInterceptor$1$1.onClose(CensusTracingModule.java:397)
	at org.apache.ratis.thirdparty.io.grpc.internal.ClientCallImpl.closeObserver(ClientCallImpl.java:459)
	at org.apache.ratis.thirdparty.io.grpc.internal.ClientCallImpl.access$300(ClientCallImpl.java:63)
	at org.apache.ratis.thirdparty.io.grpc.internal.ClientCallImpl$ClientStreamListenerImpl.close(ClientCallImpl.java:546)
	at org.apache.ratis.thirdparty.io.grpc.internal.ClientCallImpl$ClientStreamListenerImpl.access$600(ClientCallImpl.java:467)
	at org.apache.ratis.thirdparty.io.grpc.internal.ClientCallImpl$ClientStreamListenerImpl$1StreamClosed.runInContext(ClientCallImpl.java:584)
	at org.apache.ratis.thirdparty.io.grpc.internal.ContextRunnable.run(ContextRunnable.java:37)
	at org.apache.ratis.thirdparty.io.grpc.internal.SerializingExecutor.run(SerializingExecutor.java:123)
	at java.util.concurrent.ThreadPoolExecutor.runWorker(ThreadPoolExecutor.java:1149)
	at java.util.concurrent.ThreadPoolExecutor$Worker.run(ThreadPoolExecutor.java:624)
	at java.lang.Thread.run(Thread.java:748)

Oct 22, 2019 12:09:08 AM org.apache.ratis.thirdparty.io.grpc.internal.SerializingExecutor run
SEVERE: Exception while executing runnable org.apache.ratis.thirdparty.io.grpc.internal.ServerImpl$JumpToApplicationThreadServerStreamListener$1Closed@48d28cc1
org.apache.ratis.thirdparty.io.grpc.StatusRuntimeException: CANCELLED: call already cancelled
	at org.apache.ratis.thirdparty.io.grpc.Status.asRuntimeException(Status.java:517)
	at org.apache.ratis.thirdparty.io.grpc.stub.ServerCalls$ServerCallStreamObserverImpl.onCompleted(ServerCalls.java:356)
	at org.apache.ratis.grpc.server.GrpcServerProtocolService$ServerRequestStreamObserver.onError(GrpcServerProtocolService.java:121)
	at org.apache.ratis.thirdparty.io.grpc.stub.ServerCalls$StreamingServerCallHandler$StreamingServerCallListener.onCancel(ServerCalls.java:269)
	at org.apache.ratis.thirdparty.io.grpc.internal.ServerCallImpl$ServerStreamListenerImpl.closed(ServerCallImpl.java:293)
	at org.apache.ratis.thirdparty.io.grpc.internal.ServerImpl$JumpToApplicationThreadServerStreamListener$1Closed.runInContext(ServerImpl.java:741)
	at org.apache.ratis.thirdparty.io.grpc.internal.ContextRunnable.run(ContextRunnable.java:37)
	at org.apache.ratis.thirdparty.io.grpc.internal.SerializingExecutor.run(SerializingExecutor.java:123)
	at java.util.concurrent.ThreadPoolExecutor.runWorker(ThreadPoolExecutor.java:1149)
	at java.util.concurrent.ThreadPoolExecutor$Worker.run(ThreadPoolExecutor.java:624)
	at java.lang.Thread.run(Thread.java:748)

Oct 22, 2019 12:09:08 AM org.apache.ratis.thirdparty.io.grpc.internal.SerializingExecutor run
SEVERE: Exception while executing runnable org.apache.ratis.thirdparty.io.grpc.internal.ClientCallImpl$ClientStreamListenerImpl$1StreamClosed@3a744f06
java.lang.NullPointerException
	at org.apache.ratis.grpc.server.GrpcLogAppender$AppendLogResponseHandler.onError(GrpcLogAppender.java:303)
	at org.apache.ratis.thirdparty.io.grpc.stub.ClientCalls$StreamObserverToCallListenerAdapter.onClose(ClientCalls.java:434)
	at org.apache.ratis.thirdparty.io.grpc.PartialForwardingClientCallListener.onClose(PartialForwardingClientCallListener.java:39)
	at org.apache.ratis.thirdparty.io.grpc.ForwardingClientCallListener.onClose(ForwardingClientCallListener.java:23)
	at org.apache.ratis.thirdparty.io.grpc.ForwardingClientCallListener$SimpleForwardingClientCallListener.onClose(ForwardingClientCallListener.java:40)
	at org.apache.ratis.thirdparty.io.grpc.internal.CensusStatsModule$StatsClientInterceptor$1$1.onClose(CensusStatsModule.java:678)
	at org.apache.ratis.thirdparty.io.grpc.PartialForwardingClientCallListener.onClose(PartialForwardingClientCallListener.java:39)
	at org.apache.ratis.thirdparty.io.grpc.ForwardingClientCallListener.onClose(ForwardingClientCallListener.java:23)
	at org.apache.ratis.thirdparty.io.grpc.ForwardingClientCallListener$SimpleForwardingClientCallListener.onClose(ForwardingClientCallListener.java:40)
	at org.apache.ratis.thirdparty.io.grpc.internal.CensusTracingModule$TracingClientInterceptor$1$1.onClose(CensusTracingModule.java:397)
	at org.apache.ratis.thirdparty.io.grpc.internal.ClientCallImpl.closeObserver(ClientCallImpl.java:459)
	at org.apache.ratis.thirdparty.io.grpc.internal.ClientCallImpl.access$300(ClientCallImpl.java:63)
	at org.apache.ratis.thirdparty.io.grpc.internal.ClientCallImpl$ClientStreamListenerImpl.close(ClientCallImpl.java:546)
	at org.apache.ratis.thirdparty.io.grpc.internal.ClientCallImpl$ClientStreamListenerImpl.access$600(ClientCallImpl.java:467)
	at org.apache.ratis.thirdparty.io.grpc.internal.ClientCallImpl$ClientStreamListenerImpl$1StreamClosed.runInContext(ClientCallImpl.java:584)
	at org.apache.ratis.thirdparty.io.grpc.internal.ContextRunnable.run(ContextRunnable.java:37)
	at org.apache.ratis.thirdparty.io.grpc.internal.SerializingExecutor.run(SerializingExecutor.java:123)
	at java.util.concurrent.ThreadPoolExecutor.runWorker(ThreadPoolExecutor.java:1149)
	at java.util.concurrent.ThreadPoolExecutor$Worker.run(ThreadPoolExecutor.java:624)
	at java.lang.Thread.run(Thread.java:748)

Oct 22, 2019 12:09:13 AM org.apache.ratis.thirdparty.io.grpc.internal.SerializingExecutor run
SEVERE: Exception while executing runnable org.apache.ratis.thirdparty.io.grpc.internal.ServerImpl$JumpToApplicationThreadServerStreamListener$1Closed@76cdb03d
org.apache.ratis.thirdparty.io.grpc.StatusRuntimeException: CANCELLED: call already cancelled
	at org.apache.ratis.thirdparty.io.grpc.Status.asRuntimeException(Status.java:517)
	at org.apache.ratis.thirdparty.io.grpc.stub.ServerCalls$ServerCallStreamObserverImpl.onCompleted(ServerCalls.java:356)
	at org.apache.ratis.grpc.server.GrpcServerProtocolService$ServerRequestStreamObserver.onError(GrpcServerProtocolService.java:121)
	at org.apache.ratis.thirdparty.io.grpc.stub.ServerCalls$StreamingServerCallHandler$StreamingServerCallListener.onCancel(ServerCalls.java:269)
	at org.apache.ratis.thirdparty.io.grpc.internal.ServerCallImpl$ServerStreamListenerImpl.closed(ServerCallImpl.java:293)
	at org.apache.ratis.thirdparty.io.grpc.internal.ServerImpl$JumpToApplicationThreadServerStreamListener$1Closed.runInContext(ServerImpl.java:741)
	at org.apache.ratis.thirdparty.io.grpc.internal.ContextRunnable.run(ContextRunnable.java:37)
	at org.apache.ratis.thirdparty.io.grpc.internal.SerializingExecutor.run(SerializingExecutor.java:123)
	at java.util.concurrent.ThreadPoolExecutor.runWorker(ThreadPoolExecutor.java:1149)
	at java.util.concurrent.ThreadPoolExecutor$Worker.run(ThreadPoolExecutor.java:624)
	at java.lang.Thread.run(Thread.java:748)

Oct 22, 2019 12:09:13 AM org.apache.ratis.thirdparty.io.grpc.internal.SerializingExecutor run
SEVERE: Exception while executing runnable org.apache.ratis.thirdparty.io.grpc.internal.ClientCallImpl$ClientStreamListenerImpl$1StreamClosed@c913387
java.lang.NullPointerException
	at org.apache.ratis.grpc.server.GrpcLogAppender$AppendLogResponseHandler.onError(GrpcLogAppender.java:303)
	at org.apache.ratis.thirdparty.io.grpc.stub.ClientCalls$StreamObserverToCallListenerAdapter.onClose(ClientCalls.java:434)
	at org.apache.ratis.thirdparty.io.grpc.PartialForwardingClientCallListener.onClose(PartialForwardingClientCallListener.java:39)
	at org.apache.ratis.thirdparty.io.grpc.ForwardingClientCallListener.onClose(ForwardingClientCallListener.java:23)
	at org.apache.ratis.thirdparty.io.grpc.ForwardingClientCallListener$SimpleForwardingClientCallListener.onClose(ForwardingClientCallListener.java:40)
	at org.apache.ratis.thirdparty.io.grpc.internal.CensusStatsModule$StatsClientInterceptor$1$1.onClose(CensusStatsModule.java:678)
	at org.apache.ratis.thirdparty.io.grpc.PartialForwardingClientCallListener.onClose(PartialForwardingClientCallListener.java:39)
	at org.apache.ratis.thirdparty.io.grpc.ForwardingClientCallListener.onClose(ForwardingClientCallListener.java:23)
	at org.apache.ratis.thirdparty.io.grpc.ForwardingClientCallListener$SimpleForwardingClientCallListener.onClose(ForwardingClientCallListener.java:40)
	at org.apache.ratis.thirdparty.io.grpc.internal.CensusTracingModule$TracingClientInterceptor$1$1.onClose(CensusTracingModule.java:397)
	at org.apache.ratis.thirdparty.io.grpc.internal.ClientCallImpl.closeObserver(ClientCallImpl.java:459)
	at org.apache.ratis.thirdparty.io.grpc.internal.ClientCallImpl.access$300(ClientCallImpl.java:63)
	at org.apache.ratis.thirdparty.io.grpc.internal.ClientCallImpl$ClientStreamListenerImpl.close(ClientCallImpl.java:546)
	at org.apache.ratis.thirdparty.io.grpc.internal.ClientCallImpl$ClientStreamListenerImpl.access$600(ClientCallImpl.java:467)
	at org.apache.ratis.thirdparty.io.grpc.internal.ClientCallImpl$ClientStreamListenerImpl$1StreamClosed.runInContext(ClientCallImpl.java:584)
	at org.apache.ratis.thirdparty.io.grpc.internal.ContextRunnable.run(ContextRunnable.java:37)
	at org.apache.ratis.thirdparty.io.grpc.internal.SerializingExecutor.run(SerializingExecutor.java:123)
	at java.util.concurrent.ThreadPoolExecutor.runWorker(ThreadPoolExecutor.java:1149)
	at java.util.concurrent.ThreadPoolExecutor$Worker.run(ThreadPoolExecutor.java:624)
	at java.lang.Thread.run(Thread.java:748)

]]></system-err>
  </testcase>
  <testcase name="testWriteSmallFile" classname="org.apache.hadoop.ozone.client.rpc.TestFailureHandlingByClient" time="93.698"/>
  <testcase name="testBlockWritesWithDnFailures" classname="org.apache.hadoop.ozone.client.rpc.TestFailureHandlingByClient" time="47.673"/>
  <testcase name="testDatanodeExclusionWithMajorityCommit" classname="org.apache.hadoop.ozone.client.rpc.TestFailureHandlingByClient" time="59.986"/>
</testsuite>