<?xml version="1.0" encoding="UTF-8"?>
<testsuite xmlns:xsi="http://www.w3.org/2001/XMLSchema-instance" xsi:noNamespaceSchemaLocation="https://maven.apache.org/surefire/maven-surefire-plugin/xsd/surefire-test-report.xsd" name="org.apache.hadoop.ozone.client.rpc.TestWatchForCommit" time="239.919" tests="5" errors="1" skipped="0" failures="1">
  <properties>
    <property name="awt.toolkit" value="sun.awt.X11.XToolkit"/>
    <property name="file.encoding.pkg" value="sun.io"/>
    <property name="java.specification.version" value="1.8"/>
    <property name="sun.cpu.isalist" value=""/>
    <property name="sun.jnu.encoding" value="UTF-8"/>
    <property name="java.class.path" value="/workdir/hadoop-ozone/integration-test/target/test-classes:/workdir/hadoop-ozone/integration-test/target/classes:/home/user/.m2/repository/org/apache/hadoop/hadoop-ozone-common/0.5.0-SNAPSHOT/hadoop-ozone-common-0.5.0-SNAPSHOT.jar:/home/user/.m2/repository/org/apache/commons/commons-compress/1.4.1/commons-compress-1.4.1.jar:/home/user/.m2/repository/org/tukaani/xz/1.0/xz-1.0.jar:/home/user/.m2/repository/org/apache/hadoop/hadoop-common/3.2.0/hadoop-common-3.2.0.jar:/home/user/.m2/repository/org/apache/hadoop/hadoop-hdfs/3.2.0/hadoop-hdfs-3.2.0.jar:/home/user/.m2/repository/org/apache/hadoop/hadoop-hdfs-client/3.2.0/hadoop-hdfs-client-3.2.0.jar:/home/user/.m2/repository/com/fasterxml/jackson/core/jackson-annotations/2.9.9/jackson-annotations-2.9.9.jar:/home/user/.m2/repository/org/apache/hadoop/hadoop-hdds-common/0.5.0-SNAPSHOT/hadoop-hdds-common-0.5.0-SNAPSHOT.jar:/home/user/.m2/repository/javax/annotation/javax.annotation-api/1.2/javax.annotation-api-1.2.jar:/home/user/.m2/repository/org/apache/ratis/ratis-server/0.5.0-201fc85-SNAPSHOT/ratis-server-0.5.0-201fc85-SNAPSHOT.jar:/home/user/.m2/repository/org/apache/ratis/ratis-thirdparty-misc/0.2.0/ratis-thirdparty-misc-0.2.0.jar:/home/user/.m2/repository/org/apache/ratis/ratis-proto/0.5.0-201fc85-SNAPSHOT/ratis-proto-0.5.0-201fc85-SNAPSHOT.jar:/home/user/.m2/repository/org/apache/ratis/ratis-common/0.5.0-201fc85-SNAPSHOT/ratis-common-0.5.0-201fc85-SNAPSHOT.jar:/home/user/.m2/repository/org/apache/ratis/ratis-client/0.5.0-201fc85-SNAPSHOT/ratis-client-0.5.0-201fc85-SNAPSHOT.jar:/home/user/.m2/repository/org/apache/ratis/ratis-metrics/0.5.0-201fc85-SNAPSHOT/ratis-metrics-0.5.0-201fc85-SNAPSHOT.jar:/home/user/.m2/repository/com/github/joshelser/dropwizard-metrics-hadoop-metrics2-reporter/0.1.2/dropwizard-metrics-hadoop-metrics2-reporter-0.1.2.jar:/home/user/.m2/repository/io/dropwizard/metrics/metrics-jvm/3.2.5/metrics-jvm-3.2.5.jar:/home/user/.m2/repository/io/dropwizard/metrics/metrics-ganglia/3.2.5/metrics-ganglia-3.2.5.jar:/home/user/.m2/repository/info/ganglia/gmetric4j/gmetric4j/1.0.7/gmetric4j-1.0.7.jar:/home/user/.m2/repository/org/apache/ratis/ratis-netty/0.5.0-201fc85-SNAPSHOT/ratis-netty-0.5.0-201fc85-SNAPSHOT.jar:/home/user/.m2/repository/org/apache/ratis/ratis-grpc/0.5.0-201fc85-SNAPSHOT/ratis-grpc-0.5.0-201fc85-SNAPSHOT.jar:/home/user/.m2/repository/org/rocksdb/rocksdbjni/6.0.1/rocksdbjni-6.0.1.jar:/home/user/.m2/repository/org/apache/logging/log4j/log4j-api/2.11.0/log4j-api-2.11.0.jar:/home/user/.m2/repository/org/apache/logging/log4j/log4j-core/2.11.0/log4j-core-2.11.0.jar:/home/user/.m2/repository/com/lmax/disruptor/3.4.2/disruptor-3.4.2.jar:/home/user/.m2/repository/org/apache/commons/commons-pool2/2.6.0/commons-pool2-2.6.0.jar:/home/user/.m2/repository/org/bouncycastle/bcpkix-jdk15on/1.60/bcpkix-jdk15on-1.60.jar:/home/user/.m2/repository/commons-validator/commons-validator/1.6/commons-validator-1.6.jar:/home/user/.m2/repository/commons-digester/commons-digester/1.8.1/commons-digester-1.8.1.jar:/home/user/.m2/repository/io/jaegertracing/jaeger-client/0.34.0/jaeger-client-0.34.0.jar:/home/user/.m2/repository/io/jaegertracing/jaeger-thrift/0.34.0/jaeger-thrift-0.34.0.jar:/home/user/.m2/repository/org/apache/thrift/libthrift/0.12.0/libthrift-0.12.0.jar:/home/user/.m2/repository/com/squareup/okhttp3/okhttp/3.9.0/okhttp-3.9.0.jar:/home/user/.m2/repository/com/squareup/okio/okio/1.13.0/okio-1.13.0.jar:/home/user/.m2/repository/io/jaegertracing/jaeger-core/0.34.0/jaeger-core-0.34.0.jar:/home/user/.m2/repository/io/jaegertracing/jaeger-tracerresolver/0.34.0/jaeger-tracerresolver-0.34.0.jar:/home/user/.m2/repository/io/opentracing/contrib/opentracing-tracerresolver/0.1.5/opentracing-tracerresolver-0.1.5.jar:/home/user/.m2/repository/io/opentracing/opentracing-util/0.31.0/opentracing-util-0.31.0.jar:/home/user/.m2/repository/io/opentracing/opentracing-api/0.31.0/opentracing-api-0.31.0.jar:/home/user/.m2/repository/io/opentracing/opentracing-noop/0.31.0/opentracing-noop-0.31.0.jar:/home/user/.m2/repository/org/apache/hadoop/hadoop-hdds-server-framework/0.5.0-SNAPSHOT/hadoop-hdds-server-framework-0.5.0-SNAPSHOT.jar:/home/user/.m2/repository/org/apache/hadoop/hadoop-hdds-container-service/0.5.0-SNAPSHOT/hadoop-hdds-container-service-0.5.0-SNAPSHOT.jar:/home/user/.m2/repository/org/apache/hadoop/hadoop-hdds-client/0.5.0-SNAPSHOT/hadoop-hdds-client-0.5.0-SNAPSHOT.jar:/home/user/.m2/repository/org/apache/hadoop/hadoop-hdds-tools/0.5.0-SNAPSHOT/hadoop-hdds-tools-0.5.0-SNAPSHOT.jar:/home/user/.m2/repository/org/apache/hadoop/hadoop-hdds-server-scm/0.5.0-SNAPSHOT/hadoop-hdds-server-scm-0.5.0-SNAPSHOT.jar:/home/user/.m2/repository/org/apache/hadoop/hadoop-hdds-docs/0.5.0-SNAPSHOT/hadoop-hdds-docs-0.5.0-SNAPSHOT.jar:/home/user/.m2/repository/io/dropwizard/metrics/metrics-core/3.2.4/metrics-core-3.2.4.jar:/home/user/.m2/repository/org/hamcrest/hamcrest-all/1.3/hamcrest-all-1.3.jar:/home/user/.m2/repository/org/bouncycastle/bcprov-jdk15on/1.60/bcprov-jdk15on-1.60.jar:/home/user/.m2/repository/info/picocli/picocli/3.9.6/picocli-3.9.6.jar:/home/user/.m2/repository/com/google/protobuf/protobuf-java/2.5.0/protobuf-java-2.5.0.jar:/home/user/.m2/repository/com/google/guava/guava/11.0.2/guava-11.0.2.jar:/home/user/.m2/repository/org/apache/hadoop/hadoop-ozone-ozone-manager/0.5.0-SNAPSHOT/hadoop-ozone-ozone-manager-0.5.0-SNAPSHOT.jar:/home/user/.m2/repository/org/apache/hadoop/hadoop-minikdc/3.2.0/hadoop-minikdc-3.2.0.jar:/home/user/.m2/repository/commons-io/commons-io/2.5/commons-io-2.5.jar:/home/user/.m2/repository/org/apache/kerby/kerb-simplekdc/1.0.1/kerb-simplekdc-1.0.1.jar:/home/user/.m2/repository/org/apache/kerby/kerb-client/1.0.1/kerb-client-1.0.1.jar:/home/user/.m2/repository/org/apache/kerby/kerby-config/1.0.1/kerby-config-1.0.1.jar:/home/user/.m2/repository/org/apache/kerby/kerb-core/1.0.1/kerb-core-1.0.1.jar:/home/user/.m2/repository/org/apache/kerby/kerby-pkix/1.0.1/kerby-pkix-1.0.1.jar:/home/user/.m2/repository/org/apache/kerby/kerby-asn1/1.0.1/kerby-asn1-1.0.1.jar:/home/user/.m2/repository/org/apache/kerby/kerby-util/1.0.1/kerby-util-1.0.1.jar:/home/user/.m2/repository/org/apache/kerby/kerb-common/1.0.1/kerb-common-1.0.1.jar:/home/user/.m2/repository/org/apache/kerby/kerb-crypto/1.0.1/kerb-crypto-1.0.1.jar:/home/user/.m2/repository/org/apache/kerby/kerb-util/1.0.1/kerb-util-1.0.1.jar:/home/user/.m2/repository/org/apache/kerby/token-provider/1.0.1/token-provider-1.0.1.jar:/home/user/.m2/repository/org/apache/kerby/kerb-admin/1.0.1/kerb-admin-1.0.1.jar:/home/user/.m2/repository/org/apache/kerby/kerb-server/1.0.1/kerb-server-1.0.1.jar:/home/user/.m2/repository/org/apache/kerby/kerb-identity/1.0.1/kerb-identity-1.0.1.jar:/home/user/.m2/repository/org/apache/kerby/kerby-xdr/1.0.1/kerby-xdr-1.0.1.jar:/home/user/.m2/repository/org/slf4j/slf4j-log4j12/1.7.25/slf4j-log4j12-1.7.25.jar:/home/user/.m2/repository/org/apache/hadoop/hadoop-ozone-s3gateway/0.5.0-SNAPSHOT/hadoop-ozone-s3gateway-0.5.0-SNAPSHOT.jar:/home/user/.m2/repository/org/jboss/weld/servlet/weld-servlet/2.4.7.Final/weld-servlet-2.4.7.Final.jar:/home/user/.m2/repository/org/glassfish/jersey/containers/jersey-container-servlet-core/2.27/jersey-container-servlet-core-2.27.jar:/home/user/.m2/repository/org/glassfish/hk2/external/javax.inject/2.5.0-b42/javax.inject-2.5.0-b42.jar:/home/user/.m2/repository/org/glassfish/jersey/core/jersey-common/2.27/jersey-common-2.27.jar:/home/user/.m2/repository/org/glassfish/hk2/osgi-resource-locator/1.0.1/osgi-resource-locator-1.0.1.jar:/home/user/.m2/repository/javax/ws/rs/javax.ws.rs-api/2.1/javax.ws.rs-api-2.1.jar:/home/user/.m2/repository/org/glassfish/jersey/ext/cdi/jersey-cdi1x/2.27/jersey-cdi1x-2.27.jar:/home/user/.m2/repository/org/glassfish/jersey/inject/jersey-hk2/2.27/jersey-hk2-2.27.jar:/home/user/.m2/repository/org/glassfish/hk2/hk2-locator/2.5.0-b42/hk2-locator-2.5.0-b42.jar:/home/user/.m2/repository/org/javassist/javassist/3.22.0-CR2/javassist-3.22.0-CR2.jar:/home/user/.m2/repository/org/glassfish/hk2/hk2-api/2.5.0/hk2-api-2.5.0.jar:/home/user/.m2/repository/org/glassfish/hk2/external/jakarta.inject/2.5.0/jakarta.inject-2.5.0.jar:/home/user/.m2/repository/org/glassfish/hk2/hk2-utils/2.5.0/hk2-utils-2.5.0.jar:/home/user/.m2/repository/jakarta/annotation/jakarta.annotation-api/1.3.4/jakarta.annotation-api-1.3.4.jar:/home/user/.m2/repository/org/glassfish/hk2/external/aopalliance-repackaged/2.5.0/aopalliance-repackaged-2.5.0.jar:/home/user/.m2/repository/com/fasterxml/jackson/dataformat/jackson-dataformat-xml/2.9.0/jackson-dataformat-xml-2.9.0.jar:/home/user/.m2/repository/com/fasterxml/jackson/core/jackson-core/2.9.9/jackson-core-2.9.9.jar:/home/user/.m2/repository/com/fasterxml/jackson/module/jackson-module-jaxb-annotations/2.9.9/jackson-module-jaxb-annotations-2.9.9.jar:/home/user/.m2/repository/javax/enterprise/cdi-api/1.2/cdi-api-1.2.jar:/home/user/.m2/repository/javax/el/javax.el-api/3.0.0/javax.el-api-3.0.0.jar:/home/user/.m2/repository/javax/interceptor/javax.interceptor-api/1.2/javax.interceptor-api-1.2.jar:/home/user/.m2/repository/javax/inject/javax.inject/1/javax.inject-1.jar:/home/user/.m2/repository/com/sun/xml/bind/jaxb-impl/2.3.0.1/jaxb-impl-2.3.0.1.jar:/home/user/.m2/repository/com/sun/xml/bind/jaxb-core/2.3.0.1/jaxb-core-2.3.0.1.jar:/home/user/.m2/repository/javax/xml/bind/jaxb-api/2.3.0/jaxb-api-2.3.0.jar:/home/user/.m2/repository/javax/activation/activation/1.1.1/activation-1.1.1.jar:/home/user/.m2/repository/org/apache/hadoop/hadoop-ozone-csi/0.5.0-SNAPSHOT/hadoop-ozone-csi-0.5.0-SNAPSHOT.jar:/home/user/.m2/repository/com/google/protobuf/protobuf-java-util/3.5.1/protobuf-java-util-3.5.1.jar:/home/user/.m2/repository/org/apache/hadoop/hadoop-hdds-config/0.5.0-SNAPSHOT/hadoop-hdds-config-0.5.0-SNAPSHOT.jar:/home/user/.m2/repository/io/grpc/grpc-netty/1.17.1/grpc-netty-1.17.1.jar:/home/user/.m2/repository/io/grpc/grpc-core/1.17.1/grpc-core-1.17.1.jar:/home/user/.m2/repository/io/grpc/grpc-context/1.17.1/grpc-context-1.17.1.jar:/home/user/.m2/repository/com/google/errorprone/error_prone_annotations/2.2.0/error_prone_annotations-2.2.0.jar:/home/user/.m2/repository/org/codehaus/mojo/animal-sniffer-annotations/1.17/animal-sniffer-annotations-1.17.jar:/home/user/.m2/repository/io/opencensus/opencensus-api/0.17.0/opencensus-api-0.17.0.jar:/home/user/.m2/repository/io/opencensus/opencensus-contrib-grpc-metrics/0.17.0/opencensus-contrib-grpc-metrics-0.17.0.jar:/home/user/.m2/repository/io/netty/netty-codec-http2/4.1.30.Final/netty-codec-http2-4.1.30.Final.jar:/home/user/.m2/repository/io/netty/netty-codec-http/4.1.30.Final/netty-codec-http-4.1.30.Final.jar:/home/user/.m2/repository/io/netty/netty-codec/4.1.30.Final/netty-codec-4.1.30.Final.jar:/home/user/.m2/repository/io/netty/netty-handler/4.1.30.Final/netty-handler-4.1.30.Final.jar:/home/user/.m2/repository/io/netty/netty-handler-proxy/4.1.30.Final/netty-handler-proxy-4.1.30.Final.jar:/home/user/.m2/repository/io/netty/netty-codec-socks/4.1.30.Final/netty-codec-socks-4.1.30.Final.jar:/home/user/.m2/repository/io/netty/netty-transport-native-epoll/4.1.30.Final/netty-transport-native-epoll-4.1.30.Final.jar:/home/user/.m2/repository/io/netty/netty-common/4.1.30.Final/netty-common-4.1.30.Final.jar:/home/user/.m2/repository/io/netty/netty-buffer/4.1.30.Final/netty-buffer-4.1.30.Final.jar:/home/user/.m2/repository/io/netty/netty-transport/4.1.30.Final/netty-transport-4.1.30.Final.jar:/home/user/.m2/repository/io/netty/netty-resolver/4.1.30.Final/netty-resolver-4.1.30.Final.jar:/home/user/.m2/repository/io/netty/netty-transport-native-unix-common/4.1.30.Final/netty-transport-native-unix-common-4.1.30.Final.jar:/home/user/.m2/repository/io/grpc/grpc-protobuf/1.17.1/grpc-protobuf-1.17.1.jar:/home/user/.m2/repository/com/google/api/grpc/proto-google-common-protos/1.0.0/proto-google-common-protos-1.0.0.jar:/home/user/.m2/repository/io/grpc/grpc-protobuf-lite/1.17.1/grpc-protobuf-lite-1.17.1.jar:/home/user/.m2/repository/io/grpc/grpc-stub/1.17.1/grpc-stub-1.17.1.jar:/home/user/.m2/repository/org/apache/hadoop/hadoop-ozone-recon/0.5.0-SNAPSHOT/hadoop-ozone-recon-0.5.0-SNAPSHOT.jar:/home/user/.m2/repository/org/apache/hadoop/hadoop-ozone-reconcodegen/0.5.0-SNAPSHOT/hadoop-ozone-reconcodegen-0.5.0-SNAPSHOT.jar:/home/user/.m2/repository/com/google/inject/extensions/guice-multibindings/4.0/guice-multibindings-4.0.jar:/home/user/.m2/repository/com/google/inject/guice/4.0/guice-4.0.jar:/home/user/.m2/repository/aopalliance/aopalliance/1.0/aopalliance-1.0.jar:/home/user/.m2/repository/com/google/inject/extensions/guice-servlet/4.0/guice-servlet-4.0.jar:/home/user/.m2/repository/org/glassfish/jersey/containers/jersey-container-servlet/2.27/jersey-container-servlet-2.27.jar:/home/user/.m2/repository/org/glassfish/hk2/guice-bridge/2.5.0/guice-bridge-2.5.0.jar:/home/user/.m2/repository/org/glassfish/jersey/core/jersey-server/2.27/jersey-server-2.27.jar:/home/user/.m2/repository/org/glassfish/jersey/core/jersey-client/2.27/jersey-client-2.27.jar:/home/user/.m2/repository/org/glassfish/jersey/media/jersey-media-jaxb/2.27/jersey-media-jaxb-2.27.jar:/home/user/.m2/repository/javax/validation/validation-api/1.1.0.Final/validation-api-1.1.0.Final.jar:/home/user/.m2/repository/org/glassfish/jersey/media/jersey-media-json-jackson/2.27/jersey-media-json-jackson-2.27.jar:/home/user/.m2/repository/org/glassfish/jersey/ext/jersey-entity-filtering/2.27/jersey-entity-filtering-2.27.jar:/home/user/.m2/repository/com/google/inject/extensions/guice-assistedinject/4.0/guice-assistedinject-4.0.jar:/home/user/.m2/repository/org/jooq/jooq/3.11.10/jooq-3.11.10.jar:/home/user/.m2/repository/org/jooq/jooq-meta/3.11.10/jooq-meta-3.11.10.jar:/home/user/.m2/repository/org/jooq/jooq-codegen/3.11.10/jooq-codegen-3.11.10.jar:/home/user/.m2/repository/com/jolbox/bonecp/0.8.0.RELEASE/bonecp-0.8.0.RELEASE.jar:/home/user/.m2/repository/org/xerial/sqlite-jdbc/3.25.2/sqlite-jdbc-3.25.2.jar:/home/user/.m2/repository/org/springframework/spring-jdbc/5.1.3.RELEASE/spring-jdbc-5.1.3.RELEASE.jar:/home/user/.m2/repository/org/springframework/spring-beans/5.1.3.RELEASE/spring-beans-5.1.3.RELEASE.jar:/home/user/.m2/repository/org/springframework/spring-core/5.1.3.RELEASE/spring-core-5.1.3.RELEASE.jar:/home/user/.m2/repository/org/springframework/spring-jcl/5.1.3.RELEASE/spring-jcl-5.1.3.RELEASE.jar:/home/user/.m2/repository/org/springframework/spring-tx/5.1.3.RELEASE/spring-tx-5.1.3.RELEASE.jar:/home/user/.m2/repository/org/apache/hadoop/hadoop-ozone-client/0.5.0-SNAPSHOT/hadoop-ozone-client-0.5.0-SNAPSHOT.jar:/home/user/.m2/repository/commons-lang/commons-lang/2.6/commons-lang-2.6.jar:/home/user/.m2/repository/org/apache/hadoop/hadoop-ozone-ozone-manager/0.5.0-SNAPSHOT/hadoop-ozone-ozone-manager-0.5.0-SNAPSHOT-tests.jar:/home/user/.m2/repository/junit/junit/4.11/junit-4.11.jar:/home/user/.m2/repository/org/hamcrest/hamcrest-core/1.3/hamcrest-core-1.3.jar:/home/user/.m2/repository/org/openjdk/jmh/jmh-core/1.19/jmh-core-1.19.jar:/home/user/.m2/repository/net/sf/jopt-simple/jopt-simple/4.6/jopt-simple-4.6.jar:/home/user/.m2/repository/org/apache/commons/commons-math3/3.1.1/commons-math3-3.1.1.jar:/home/user/.m2/repository/org/openjdk/jmh/jmh-generator-annprocess/1.19/jmh-generator-annprocess-1.19.jar:/home/user/.m2/repository/org/mockito/mockito-all/1.8.5/mockito-all-1.8.5.jar:/home/user/.m2/repository/org/apache/hadoop/hadoop-kms/3.2.0/hadoop-kms-3.2.0.jar:/home/user/.m2/repository/org/apache/hadoop/hadoop-auth/3.2.0/hadoop-auth-3.2.0.jar:/home/user/.m2/repository/com/nimbusds/nimbus-jose-jwt/4.41.1/nimbus-jose-jwt-4.41.1.jar:/home/user/.m2/repository/com/github/stephenc/jcip/jcip-annotations/1.0-1/jcip-annotations-1.0-1.jar:/home/user/.m2/repository/net/minidev/json-smart/2.3/json-smart-2.3.jar:/home/user/.m2/repository/net/minidev/accessors-smart/1.2/accessors-smart-1.2.jar:/home/user/.m2/repository/org/ow2/asm/asm/5.0.4/asm-5.0.4.jar:/home/user/.m2/repository/org/apache/curator/curator-framework/2.12.0/curator-framework-2.12.0.jar:/home/user/.m2/repository/com/sun/jersey/jersey-core/1.19/jersey-core-1.19.jar:/home/user/.m2/repository/javax/ws/rs/jsr311-api/1.1.1/jsr311-api-1.1.1.jar:/home/user/.m2/repository/com/sun/jersey/jersey-server/1.19/jersey-server-1.19.jar:/home/user/.m2/repository/javax/servlet/javax.servlet-api/3.1.0/javax.servlet-api-3.1.0.jar:/home/user/.m2/repository/org/eclipse/jetty/jetty-server/9.3.25.v20180904/jetty-server-9.3.25.v20180904.jar:/home/user/.m2/repository/org/eclipse/jetty/jetty-http/9.3.25.v20180904/jetty-http-9.3.25.v20180904.jar:/home/user/.m2/repository/org/eclipse/jetty/jetty-io/9.3.25.v20180904/jetty-io-9.3.25.v20180904.jar:/home/user/.m2/repository/org/eclipse/jetty/jetty-webapp/9.3.25.v20180904/jetty-webapp-9.3.25.v20180904.jar:/home/user/.m2/repository/org/eclipse/jetty/jetty-xml/9.3.25.v20180904/jetty-xml-9.3.25.v20180904.jar:/home/user/.m2/repository/log4j/log4j/1.2.17/log4j-1.2.17.jar:/home/user/.m2/repository/org/slf4j/slf4j-api/1.7.25/slf4j-api-1.7.25.jar:/home/user/.m2/repository/org/slf4j/jul-to-slf4j/1.7.25/jul-to-slf4j-1.7.25.jar:/home/user/.m2/repository/org/eclipse/jetty/jetty-util/9.3.25.v20180904/jetty-util-9.3.25.v20180904.jar:/home/user/.m2/repository/com/fasterxml/jackson/core/jackson-databind/2.9.9/jackson-databind-2.9.9.jar:/home/user/.m2/repository/org/apache/hadoop/hadoop-kms/3.2.0/hadoop-kms-3.2.0-tests.jar:/home/user/.m2/repository/org/apache/hadoop/hadoop-hdds-server-scm/0.5.0-SNAPSHOT/hadoop-hdds-server-scm-0.5.0-SNAPSHOT-tests.jar:/home/user/.m2/repository/org/apache/hadoop/hadoop-hdds-container-service/0.5.0-SNAPSHOT/hadoop-hdds-container-service-0.5.0-SNAPSHOT-tests.jar:/home/user/.m2/repository/org/yaml/snakeyaml/1.16/snakeyaml-1.16.jar:/home/user/.m2/repository/org/apache/hadoop/hadoop-common/3.2.0/hadoop-common-3.2.0-tests.jar:/home/user/.m2/repository/org/apache/hadoop/hadoop-annotations/3.2.0/hadoop-annotations-3.2.0.jar:/usr/lib/jvm/java-1.8-openjdk/jre/../lib/tools.jar:/home/user/.m2/repository/commons-cli/commons-cli/1.2/commons-cli-1.2.jar:/home/user/.m2/repository/org/apache/httpcomponents/httpclient/4.5.2/httpclient-4.5.2.jar:/home/user/.m2/repository/org/apache/httpcomponents/httpcore/4.4.4/httpcore-4.4.4.jar:/home/user/.m2/repository/commons-codec/commons-codec/1.11/commons-codec-1.11.jar:/home/user/.m2/repository/commons-net/commons-net/3.6/commons-net-3.6.jar:/home/user/.m2/repository/commons-collections/commons-collections/3.2.2/commons-collections-3.2.2.jar:/home/user/.m2/repository/org/eclipse/jetty/jetty-servlet/9.3.25.v20180904/jetty-servlet-9.3.25.v20180904.jar:/home/user/.m2/repository/org/eclipse/jetty/jetty-security/9.3.25.v20180904/jetty-security-9.3.25.v20180904.jar:/home/user/.m2/repository/javax/servlet/jsp/jsp-api/2.1/jsp-api-2.1.jar:/home/user/.m2/repository/com/sun/jersey/jersey-servlet/1.19/jersey-servlet-1.19.jar:/home/user/.m2/repository/com/sun/jersey/jersey-json/1.19/jersey-json-1.19.jar:/home/user/.m2/repository/org/codehaus/jettison/jettison/1.1/jettison-1.1.jar:/home/user/.m2/repository/org/codehaus/jackson/jackson-core-asl/1.9.13/jackson-core-asl-1.9.13.jar:/home/user/.m2/repository/org/codehaus/jackson/jackson-mapper-asl/1.9.13/jackson-mapper-asl-1.9.13.jar:/home/user/.m2/repository/org/codehaus/jackson/jackson-jaxrs/1.9.13/jackson-jaxrs-1.9.13.jar:/home/user/.m2/repository/org/codehaus/jackson/jackson-xc/1.9.13/jackson-xc-1.9.13.jar:/home/user/.m2/repository/commons-logging/commons-logging/1.1.3/commons-logging-1.1.3.jar:/home/user/.m2/repository/commons-beanutils/commons-beanutils/1.9.4/commons-beanutils-1.9.4.jar:/home/user/.m2/repository/org/apache/commons/commons-configuration2/2.1.1/commons-configuration2-2.1.1.jar:/home/user/.m2/repository/org/apache/commons/commons-lang3/3.7/commons-lang3-3.7.jar:/home/user/.m2/repository/org/apache/commons/commons-text/1.4/commons-text-1.4.jar:/home/user/.m2/repository/org/apache/avro/avro/1.7.7/avro-1.7.7.jar:/home/user/.m2/repository/com/thoughtworks/paranamer/paranamer/2.3/paranamer-2.3.jar:/home/user/.m2/repository/org/xerial/snappy/snappy-java/1.0.5/snappy-java-1.0.5.jar:/home/user/.m2/repository/com/google/re2j/re2j/1.1/re2j-1.1.jar:/home/user/.m2/repository/com/google/code/gson/gson/2.2.4/gson-2.2.4.jar:/home/user/.m2/repository/com/jcraft/jsch/0.1.54/jsch-0.1.54.jar:/home/user/.m2/repository/org/apache/curator/curator-client/2.12.0/curator-client-2.12.0.jar:/home/user/.m2/repository/org/apache/curator/curator-recipes/2.12.0/curator-recipes-2.12.0.jar:/home/user/.m2/repository/com/google/code/findbugs/jsr305/3.0.0/jsr305-3.0.0.jar:/home/user/.m2/repository/org/apache/htrace/htrace-core4/4.1.0-incubating/htrace-core4-4.1.0-incubating.jar:/home/user/.m2/repository/org/apache/zookeeper/zookeeper/3.4.13/zookeeper-3.4.13.jar:/home/user/.m2/repository/jline/jline/0.9.94/jline-0.9.94.jar:/home/user/.m2/repository/org/apache/yetus/audience-annotations/0.5.0/audience-annotations-0.5.0.jar:/home/user/.m2/repository/org/codehaus/woodstox/stax2-api/3.1.4/stax2-api-3.1.4.jar:/home/user/.m2/repository/com/fasterxml/woodstox/woodstox-core/5.0.3/woodstox-core-5.0.3.jar:/home/user/.m2/repository/dnsjava/dnsjava/2.1.7/dnsjava-2.1.7.jar:/home/user/.m2/repository/org/apache/hadoop/hadoop-hdfs/3.2.0/hadoop-hdfs-3.2.0-tests.jar:/home/user/.m2/repository/org/eclipse/jetty/jetty-util-ajax/9.3.25.v20180904/jetty-util-ajax-9.3.25.v20180904.jar:/home/user/.m2/repository/commons-daemon/commons-daemon/1.0.13/commons-daemon-1.0.13.jar:/home/user/.m2/repository/io/netty/netty/3.10.5.Final/netty-3.10.5.Final.jar:/home/user/.m2/repository/io/netty/netty-all/4.0.52.Final/netty-all-4.0.52.Final.jar:/home/user/.m2/repository/org/fusesource/leveldbjni/leveldbjni-all/1.8/leveldbjni-all-1.8.jar:"/>
    <property name="java.vm.vendor" value="IcedTea"/>
    <property name="sun.arch.data.model" value="64"/>
    <property name="test.build.dir" value="/workdir/hadoop-ozone/integration-test/target/test-dir"/>
    <property name="test.cache.data" value=""/>
    <property name="java.vendor.url" value="https://icedtea.classpath.org"/>
    <property name="user.timezone" value=""/>
    <property name="java.vm.specification.version" value="1.8"/>
    <property name="os.name" value="Linux"/>
    <property name="test.build.data" value="/workdir/hadoop-ozone/integration-test/target/test-dir"/>
    <property name="user.country" value="US"/>
    <property name="sun.java.launcher" value="SUN_STANDARD"/>
    <property name="sun.boot.library.path" value="/usr/lib/jvm/java-1.8-openjdk/jre/lib/amd64"/>
    <property name="sun.java.command" value="/workdir/hadoop-ozone/integration-test/target/surefire/surefirebooter2829079368863157395.jar /workdir/hadoop-ozone/integration-test/target/surefire 2019-10-02T06-53-42_515-jvmRun1 surefire7758338883421154696tmp surefire_548637726670227709386tmp"/>
    <property name="test" value="!TestMiniChaosOzoneCluster"/>
    <property name="surefire.test.class.path" value="/workdir/hadoop-ozone/integration-test/target/test-classes:/workdir/hadoop-ozone/integration-test/target/classes:/home/user/.m2/repository/org/apache/hadoop/hadoop-ozone-common/0.5.0-SNAPSHOT/hadoop-ozone-common-0.5.0-SNAPSHOT.jar:/home/user/.m2/repository/org/apache/commons/commons-compress/1.4.1/commons-compress-1.4.1.jar:/home/user/.m2/repository/org/tukaani/xz/1.0/xz-1.0.jar:/home/user/.m2/repository/org/apache/hadoop/hadoop-common/3.2.0/hadoop-common-3.2.0.jar:/home/user/.m2/repository/org/apache/hadoop/hadoop-hdfs/3.2.0/hadoop-hdfs-3.2.0.jar:/home/user/.m2/repository/org/apache/hadoop/hadoop-hdfs-client/3.2.0/hadoop-hdfs-client-3.2.0.jar:/home/user/.m2/repository/com/fasterxml/jackson/core/jackson-annotations/2.9.9/jackson-annotations-2.9.9.jar:/home/user/.m2/repository/org/apache/hadoop/hadoop-hdds-common/0.5.0-SNAPSHOT/hadoop-hdds-common-0.5.0-SNAPSHOT.jar:/home/user/.m2/repository/javax/annotation/javax.annotation-api/1.2/javax.annotation-api-1.2.jar:/home/user/.m2/repository/org/apache/ratis/ratis-server/0.5.0-201fc85-SNAPSHOT/ratis-server-0.5.0-201fc85-SNAPSHOT.jar:/home/user/.m2/repository/org/apache/ratis/ratis-thirdparty-misc/0.2.0/ratis-thirdparty-misc-0.2.0.jar:/home/user/.m2/repository/org/apache/ratis/ratis-proto/0.5.0-201fc85-SNAPSHOT/ratis-proto-0.5.0-201fc85-SNAPSHOT.jar:/home/user/.m2/repository/org/apache/ratis/ratis-common/0.5.0-201fc85-SNAPSHOT/ratis-common-0.5.0-201fc85-SNAPSHOT.jar:/home/user/.m2/repository/org/apache/ratis/ratis-client/0.5.0-201fc85-SNAPSHOT/ratis-client-0.5.0-201fc85-SNAPSHOT.jar:/home/user/.m2/repository/org/apache/ratis/ratis-metrics/0.5.0-201fc85-SNAPSHOT/ratis-metrics-0.5.0-201fc85-SNAPSHOT.jar:/home/user/.m2/repository/com/github/joshelser/dropwizard-metrics-hadoop-metrics2-reporter/0.1.2/dropwizard-metrics-hadoop-metrics2-reporter-0.1.2.jar:/home/user/.m2/repository/io/dropwizard/metrics/metrics-jvm/3.2.5/metrics-jvm-3.2.5.jar:/home/user/.m2/repository/io/dropwizard/metrics/metrics-ganglia/3.2.5/metrics-ganglia-3.2.5.jar:/home/user/.m2/repository/info/ganglia/gmetric4j/gmetric4j/1.0.7/gmetric4j-1.0.7.jar:/home/user/.m2/repository/org/apache/ratis/ratis-netty/0.5.0-201fc85-SNAPSHOT/ratis-netty-0.5.0-201fc85-SNAPSHOT.jar:/home/user/.m2/repository/org/apache/ratis/ratis-grpc/0.5.0-201fc85-SNAPSHOT/ratis-grpc-0.5.0-201fc85-SNAPSHOT.jar:/home/user/.m2/repository/org/rocksdb/rocksdbjni/6.0.1/rocksdbjni-6.0.1.jar:/home/user/.m2/repository/org/apache/logging/log4j/log4j-api/2.11.0/log4j-api-2.11.0.jar:/home/user/.m2/repository/org/apache/logging/log4j/log4j-core/2.11.0/log4j-core-2.11.0.jar:/home/user/.m2/repository/com/lmax/disruptor/3.4.2/disruptor-3.4.2.jar:/home/user/.m2/repository/org/apache/commons/commons-pool2/2.6.0/commons-pool2-2.6.0.jar:/home/user/.m2/repository/org/bouncycastle/bcpkix-jdk15on/1.60/bcpkix-jdk15on-1.60.jar:/home/user/.m2/repository/commons-validator/commons-validator/1.6/commons-validator-1.6.jar:/home/user/.m2/repository/commons-digester/commons-digester/1.8.1/commons-digester-1.8.1.jar:/home/user/.m2/repository/io/jaegertracing/jaeger-client/0.34.0/jaeger-client-0.34.0.jar:/home/user/.m2/repository/io/jaegertracing/jaeger-thrift/0.34.0/jaeger-thrift-0.34.0.jar:/home/user/.m2/repository/org/apache/thrift/libthrift/0.12.0/libthrift-0.12.0.jar:/home/user/.m2/repository/com/squareup/okhttp3/okhttp/3.9.0/okhttp-3.9.0.jar:/home/user/.m2/repository/com/squareup/okio/okio/1.13.0/okio-1.13.0.jar:/home/user/.m2/repository/io/jaegertracing/jaeger-core/0.34.0/jaeger-core-0.34.0.jar:/home/user/.m2/repository/io/jaegertracing/jaeger-tracerresolver/0.34.0/jaeger-tracerresolver-0.34.0.jar:/home/user/.m2/repository/io/opentracing/contrib/opentracing-tracerresolver/0.1.5/opentracing-tracerresolver-0.1.5.jar:/home/user/.m2/repository/io/opentracing/opentracing-util/0.31.0/opentracing-util-0.31.0.jar:/home/user/.m2/repository/io/opentracing/opentracing-api/0.31.0/opentracing-api-0.31.0.jar:/home/user/.m2/repository/io/opentracing/opentracing-noop/0.31.0/opentracing-noop-0.31.0.jar:/home/user/.m2/repository/org/apache/hadoop/hadoop-hdds-server-framework/0.5.0-SNAPSHOT/hadoop-hdds-server-framework-0.5.0-SNAPSHOT.jar:/home/user/.m2/repository/org/apache/hadoop/hadoop-hdds-container-service/0.5.0-SNAPSHOT/hadoop-hdds-container-service-0.5.0-SNAPSHOT.jar:/home/user/.m2/repository/org/apache/hadoop/hadoop-hdds-client/0.5.0-SNAPSHOT/hadoop-hdds-client-0.5.0-SNAPSHOT.jar:/home/user/.m2/repository/org/apache/hadoop/hadoop-hdds-tools/0.5.0-SNAPSHOT/hadoop-hdds-tools-0.5.0-SNAPSHOT.jar:/home/user/.m2/repository/org/apache/hadoop/hadoop-hdds-server-scm/0.5.0-SNAPSHOT/hadoop-hdds-server-scm-0.5.0-SNAPSHOT.jar:/home/user/.m2/repository/org/apache/hadoop/hadoop-hdds-docs/0.5.0-SNAPSHOT/hadoop-hdds-docs-0.5.0-SNAPSHOT.jar:/home/user/.m2/repository/io/dropwizard/metrics/metrics-core/3.2.4/metrics-core-3.2.4.jar:/home/user/.m2/repository/org/hamcrest/hamcrest-all/1.3/hamcrest-all-1.3.jar:/home/user/.m2/repository/org/bouncycastle/bcprov-jdk15on/1.60/bcprov-jdk15on-1.60.jar:/home/user/.m2/repository/info/picocli/picocli/3.9.6/picocli-3.9.6.jar:/home/user/.m2/repository/com/google/protobuf/protobuf-java/2.5.0/protobuf-java-2.5.0.jar:/home/user/.m2/repository/com/google/guava/guava/11.0.2/guava-11.0.2.jar:/home/user/.m2/repository/org/apache/hadoop/hadoop-ozone-ozone-manager/0.5.0-SNAPSHOT/hadoop-ozone-ozone-manager-0.5.0-SNAPSHOT.jar:/home/user/.m2/repository/org/apache/hadoop/hadoop-minikdc/3.2.0/hadoop-minikdc-3.2.0.jar:/home/user/.m2/repository/commons-io/commons-io/2.5/commons-io-2.5.jar:/home/user/.m2/repository/org/apache/kerby/kerb-simplekdc/1.0.1/kerb-simplekdc-1.0.1.jar:/home/user/.m2/repository/org/apache/kerby/kerb-client/1.0.1/kerb-client-1.0.1.jar:/home/user/.m2/repository/org/apache/kerby/kerby-config/1.0.1/kerby-config-1.0.1.jar:/home/user/.m2/repository/org/apache/kerby/kerb-core/1.0.1/kerb-core-1.0.1.jar:/home/user/.m2/repository/org/apache/kerby/kerby-pkix/1.0.1/kerby-pkix-1.0.1.jar:/home/user/.m2/repository/org/apache/kerby/kerby-asn1/1.0.1/kerby-asn1-1.0.1.jar:/home/user/.m2/repository/org/apache/kerby/kerby-util/1.0.1/kerby-util-1.0.1.jar:/home/user/.m2/repository/org/apache/kerby/kerb-common/1.0.1/kerb-common-1.0.1.jar:/home/user/.m2/repository/org/apache/kerby/kerb-crypto/1.0.1/kerb-crypto-1.0.1.jar:/home/user/.m2/repository/org/apache/kerby/kerb-util/1.0.1/kerb-util-1.0.1.jar:/home/user/.m2/repository/org/apache/kerby/token-provider/1.0.1/token-provider-1.0.1.jar:/home/user/.m2/repository/org/apache/kerby/kerb-admin/1.0.1/kerb-admin-1.0.1.jar:/home/user/.m2/repository/org/apache/kerby/kerb-server/1.0.1/kerb-server-1.0.1.jar:/home/user/.m2/repository/org/apache/kerby/kerb-identity/1.0.1/kerb-identity-1.0.1.jar:/home/user/.m2/repository/org/apache/kerby/kerby-xdr/1.0.1/kerby-xdr-1.0.1.jar:/home/user/.m2/repository/org/slf4j/slf4j-log4j12/1.7.25/slf4j-log4j12-1.7.25.jar:/home/user/.m2/repository/org/apache/hadoop/hadoop-ozone-s3gateway/0.5.0-SNAPSHOT/hadoop-ozone-s3gateway-0.5.0-SNAPSHOT.jar:/home/user/.m2/repository/org/jboss/weld/servlet/weld-servlet/2.4.7.Final/weld-servlet-2.4.7.Final.jar:/home/user/.m2/repository/org/glassfish/jersey/containers/jersey-container-servlet-core/2.27/jersey-container-servlet-core-2.27.jar:/home/user/.m2/repository/org/glassfish/hk2/external/javax.inject/2.5.0-b42/javax.inject-2.5.0-b42.jar:/home/user/.m2/repository/org/glassfish/jersey/core/jersey-common/2.27/jersey-common-2.27.jar:/home/user/.m2/repository/org/glassfish/hk2/osgi-resource-locator/1.0.1/osgi-resource-locator-1.0.1.jar:/home/user/.m2/repository/javax/ws/rs/javax.ws.rs-api/2.1/javax.ws.rs-api-2.1.jar:/home/user/.m2/repository/org/glassfish/jersey/ext/cdi/jersey-cdi1x/2.27/jersey-cdi1x-2.27.jar:/home/user/.m2/repository/org/glassfish/jersey/inject/jersey-hk2/2.27/jersey-hk2-2.27.jar:/home/user/.m2/repository/org/glassfish/hk2/hk2-locator/2.5.0-b42/hk2-locator-2.5.0-b42.jar:/home/user/.m2/repository/org/javassist/javassist/3.22.0-CR2/javassist-3.22.0-CR2.jar:/home/user/.m2/repository/org/glassfish/hk2/hk2-api/2.5.0/hk2-api-2.5.0.jar:/home/user/.m2/repository/org/glassfish/hk2/external/jakarta.inject/2.5.0/jakarta.inject-2.5.0.jar:/home/user/.m2/repository/org/glassfish/hk2/hk2-utils/2.5.0/hk2-utils-2.5.0.jar:/home/user/.m2/repository/jakarta/annotation/jakarta.annotation-api/1.3.4/jakarta.annotation-api-1.3.4.jar:/home/user/.m2/repository/org/glassfish/hk2/external/aopalliance-repackaged/2.5.0/aopalliance-repackaged-2.5.0.jar:/home/user/.m2/repository/com/fasterxml/jackson/dataformat/jackson-dataformat-xml/2.9.0/jackson-dataformat-xml-2.9.0.jar:/home/user/.m2/repository/com/fasterxml/jackson/core/jackson-core/2.9.9/jackson-core-2.9.9.jar:/home/user/.m2/repository/com/fasterxml/jackson/module/jackson-module-jaxb-annotations/2.9.9/jackson-module-jaxb-annotations-2.9.9.jar:/home/user/.m2/repository/javax/enterprise/cdi-api/1.2/cdi-api-1.2.jar:/home/user/.m2/repository/javax/el/javax.el-api/3.0.0/javax.el-api-3.0.0.jar:/home/user/.m2/repository/javax/interceptor/javax.interceptor-api/1.2/javax.interceptor-api-1.2.jar:/home/user/.m2/repository/javax/inject/javax.inject/1/javax.inject-1.jar:/home/user/.m2/repository/com/sun/xml/bind/jaxb-impl/2.3.0.1/jaxb-impl-2.3.0.1.jar:/home/user/.m2/repository/com/sun/xml/bind/jaxb-core/2.3.0.1/jaxb-core-2.3.0.1.jar:/home/user/.m2/repository/javax/xml/bind/jaxb-api/2.3.0/jaxb-api-2.3.0.jar:/home/user/.m2/repository/javax/activation/activation/1.1.1/activation-1.1.1.jar:/home/user/.m2/repository/org/apache/hadoop/hadoop-ozone-csi/0.5.0-SNAPSHOT/hadoop-ozone-csi-0.5.0-SNAPSHOT.jar:/home/user/.m2/repository/com/google/protobuf/protobuf-java-util/3.5.1/protobuf-java-util-3.5.1.jar:/home/user/.m2/repository/org/apache/hadoop/hadoop-hdds-config/0.5.0-SNAPSHOT/hadoop-hdds-config-0.5.0-SNAPSHOT.jar:/home/user/.m2/repository/io/grpc/grpc-netty/1.17.1/grpc-netty-1.17.1.jar:/home/user/.m2/repository/io/grpc/grpc-core/1.17.1/grpc-core-1.17.1.jar:/home/user/.m2/repository/io/grpc/grpc-context/1.17.1/grpc-context-1.17.1.jar:/home/user/.m2/repository/com/google/errorprone/error_prone_annotations/2.2.0/error_prone_annotations-2.2.0.jar:/home/user/.m2/repository/org/codehaus/mojo/animal-sniffer-annotations/1.17/animal-sniffer-annotations-1.17.jar:/home/user/.m2/repository/io/opencensus/opencensus-api/0.17.0/opencensus-api-0.17.0.jar:/home/user/.m2/repository/io/opencensus/opencensus-contrib-grpc-metrics/0.17.0/opencensus-contrib-grpc-metrics-0.17.0.jar:/home/user/.m2/repository/io/netty/netty-codec-http2/4.1.30.Final/netty-codec-http2-4.1.30.Final.jar:/home/user/.m2/repository/io/netty/netty-codec-http/4.1.30.Final/netty-codec-http-4.1.30.Final.jar:/home/user/.m2/repository/io/netty/netty-codec/4.1.30.Final/netty-codec-4.1.30.Final.jar:/home/user/.m2/repository/io/netty/netty-handler/4.1.30.Final/netty-handler-4.1.30.Final.jar:/home/user/.m2/repository/io/netty/netty-handler-proxy/4.1.30.Final/netty-handler-proxy-4.1.30.Final.jar:/home/user/.m2/repository/io/netty/netty-codec-socks/4.1.30.Final/netty-codec-socks-4.1.30.Final.jar:/home/user/.m2/repository/io/netty/netty-transport-native-epoll/4.1.30.Final/netty-transport-native-epoll-4.1.30.Final.jar:/home/user/.m2/repository/io/netty/netty-common/4.1.30.Final/netty-common-4.1.30.Final.jar:/home/user/.m2/repository/io/netty/netty-buffer/4.1.30.Final/netty-buffer-4.1.30.Final.jar:/home/user/.m2/repository/io/netty/netty-transport/4.1.30.Final/netty-transport-4.1.30.Final.jar:/home/user/.m2/repository/io/netty/netty-resolver/4.1.30.Final/netty-resolver-4.1.30.Final.jar:/home/user/.m2/repository/io/netty/netty-transport-native-unix-common/4.1.30.Final/netty-transport-native-unix-common-4.1.30.Final.jar:/home/user/.m2/repository/io/grpc/grpc-protobuf/1.17.1/grpc-protobuf-1.17.1.jar:/home/user/.m2/repository/com/google/api/grpc/proto-google-common-protos/1.0.0/proto-google-common-protos-1.0.0.jar:/home/user/.m2/repository/io/grpc/grpc-protobuf-lite/1.17.1/grpc-protobuf-lite-1.17.1.jar:/home/user/.m2/repository/io/grpc/grpc-stub/1.17.1/grpc-stub-1.17.1.jar:/home/user/.m2/repository/org/apache/hadoop/hadoop-ozone-recon/0.5.0-SNAPSHOT/hadoop-ozone-recon-0.5.0-SNAPSHOT.jar:/home/user/.m2/repository/org/apache/hadoop/hadoop-ozone-reconcodegen/0.5.0-SNAPSHOT/hadoop-ozone-reconcodegen-0.5.0-SNAPSHOT.jar:/home/user/.m2/repository/com/google/inject/extensions/guice-multibindings/4.0/guice-multibindings-4.0.jar:/home/user/.m2/repository/com/google/inject/guice/4.0/guice-4.0.jar:/home/user/.m2/repository/aopalliance/aopalliance/1.0/aopalliance-1.0.jar:/home/user/.m2/repository/com/google/inject/extensions/guice-servlet/4.0/guice-servlet-4.0.jar:/home/user/.m2/repository/org/glassfish/jersey/containers/jersey-container-servlet/2.27/jersey-container-servlet-2.27.jar:/home/user/.m2/repository/org/glassfish/hk2/guice-bridge/2.5.0/guice-bridge-2.5.0.jar:/home/user/.m2/repository/org/glassfish/jersey/core/jersey-server/2.27/jersey-server-2.27.jar:/home/user/.m2/repository/org/glassfish/jersey/core/jersey-client/2.27/jersey-client-2.27.jar:/home/user/.m2/repository/org/glassfish/jersey/media/jersey-media-jaxb/2.27/jersey-media-jaxb-2.27.jar:/home/user/.m2/repository/javax/validation/validation-api/1.1.0.Final/validation-api-1.1.0.Final.jar:/home/user/.m2/repository/org/glassfish/jersey/media/jersey-media-json-jackson/2.27/jersey-media-json-jackson-2.27.jar:/home/user/.m2/repository/org/glassfish/jersey/ext/jersey-entity-filtering/2.27/jersey-entity-filtering-2.27.jar:/home/user/.m2/repository/com/google/inject/extensions/guice-assistedinject/4.0/guice-assistedinject-4.0.jar:/home/user/.m2/repository/org/jooq/jooq/3.11.10/jooq-3.11.10.jar:/home/user/.m2/repository/org/jooq/jooq-meta/3.11.10/jooq-meta-3.11.10.jar:/home/user/.m2/repository/org/jooq/jooq-codegen/3.11.10/jooq-codegen-3.11.10.jar:/home/user/.m2/repository/com/jolbox/bonecp/0.8.0.RELEASE/bonecp-0.8.0.RELEASE.jar:/home/user/.m2/repository/org/xerial/sqlite-jdbc/3.25.2/sqlite-jdbc-3.25.2.jar:/home/user/.m2/repository/org/springframework/spring-jdbc/5.1.3.RELEASE/spring-jdbc-5.1.3.RELEASE.jar:/home/user/.m2/repository/org/springframework/spring-beans/5.1.3.RELEASE/spring-beans-5.1.3.RELEASE.jar:/home/user/.m2/repository/org/springframework/spring-core/5.1.3.RELEASE/spring-core-5.1.3.RELEASE.jar:/home/user/.m2/repository/org/springframework/spring-jcl/5.1.3.RELEASE/spring-jcl-5.1.3.RELEASE.jar:/home/user/.m2/repository/org/springframework/spring-tx/5.1.3.RELEASE/spring-tx-5.1.3.RELEASE.jar:/home/user/.m2/repository/org/apache/hadoop/hadoop-ozone-client/0.5.0-SNAPSHOT/hadoop-ozone-client-0.5.0-SNAPSHOT.jar:/home/user/.m2/repository/commons-lang/commons-lang/2.6/commons-lang-2.6.jar:/home/user/.m2/repository/org/apache/hadoop/hadoop-ozone-ozone-manager/0.5.0-SNAPSHOT/hadoop-ozone-ozone-manager-0.5.0-SNAPSHOT-tests.jar:/home/user/.m2/repository/junit/junit/4.11/junit-4.11.jar:/home/user/.m2/repository/org/hamcrest/hamcrest-core/1.3/hamcrest-core-1.3.jar:/home/user/.m2/repository/org/openjdk/jmh/jmh-core/1.19/jmh-core-1.19.jar:/home/user/.m2/repository/net/sf/jopt-simple/jopt-simple/4.6/jopt-simple-4.6.jar:/home/user/.m2/repository/org/apache/commons/commons-math3/3.1.1/commons-math3-3.1.1.jar:/home/user/.m2/repository/org/openjdk/jmh/jmh-generator-annprocess/1.19/jmh-generator-annprocess-1.19.jar:/home/user/.m2/repository/org/mockito/mockito-all/1.8.5/mockito-all-1.8.5.jar:/home/user/.m2/repository/org/apache/hadoop/hadoop-kms/3.2.0/hadoop-kms-3.2.0.jar:/home/user/.m2/repository/org/apache/hadoop/hadoop-auth/3.2.0/hadoop-auth-3.2.0.jar:/home/user/.m2/repository/com/nimbusds/nimbus-jose-jwt/4.41.1/nimbus-jose-jwt-4.41.1.jar:/home/user/.m2/repository/com/github/stephenc/jcip/jcip-annotations/1.0-1/jcip-annotations-1.0-1.jar:/home/user/.m2/repository/net/minidev/json-smart/2.3/json-smart-2.3.jar:/home/user/.m2/repository/net/minidev/accessors-smart/1.2/accessors-smart-1.2.jar:/home/user/.m2/repository/org/ow2/asm/asm/5.0.4/asm-5.0.4.jar:/home/user/.m2/repository/org/apache/curator/curator-framework/2.12.0/curator-framework-2.12.0.jar:/home/user/.m2/repository/com/sun/jersey/jersey-core/1.19/jersey-core-1.19.jar:/home/user/.m2/repository/javax/ws/rs/jsr311-api/1.1.1/jsr311-api-1.1.1.jar:/home/user/.m2/repository/com/sun/jersey/jersey-server/1.19/jersey-server-1.19.jar:/home/user/.m2/repository/javax/servlet/javax.servlet-api/3.1.0/javax.servlet-api-3.1.0.jar:/home/user/.m2/repository/org/eclipse/jetty/jetty-server/9.3.25.v20180904/jetty-server-9.3.25.v20180904.jar:/home/user/.m2/repository/org/eclipse/jetty/jetty-http/9.3.25.v20180904/jetty-http-9.3.25.v20180904.jar:/home/user/.m2/repository/org/eclipse/jetty/jetty-io/9.3.25.v20180904/jetty-io-9.3.25.v20180904.jar:/home/user/.m2/repository/org/eclipse/jetty/jetty-webapp/9.3.25.v20180904/jetty-webapp-9.3.25.v20180904.jar:/home/user/.m2/repository/org/eclipse/jetty/jetty-xml/9.3.25.v20180904/jetty-xml-9.3.25.v20180904.jar:/home/user/.m2/repository/log4j/log4j/1.2.17/log4j-1.2.17.jar:/home/user/.m2/repository/org/slf4j/slf4j-api/1.7.25/slf4j-api-1.7.25.jar:/home/user/.m2/repository/org/slf4j/jul-to-slf4j/1.7.25/jul-to-slf4j-1.7.25.jar:/home/user/.m2/repository/org/eclipse/jetty/jetty-util/9.3.25.v20180904/jetty-util-9.3.25.v20180904.jar:/home/user/.m2/repository/com/fasterxml/jackson/core/jackson-databind/2.9.9/jackson-databind-2.9.9.jar:/home/user/.m2/repository/org/apache/hadoop/hadoop-kms/3.2.0/hadoop-kms-3.2.0-tests.jar:/home/user/.m2/repository/org/apache/hadoop/hadoop-hdds-server-scm/0.5.0-SNAPSHOT/hadoop-hdds-server-scm-0.5.0-SNAPSHOT-tests.jar:/home/user/.m2/repository/org/apache/hadoop/hadoop-hdds-container-service/0.5.0-SNAPSHOT/hadoop-hdds-container-service-0.5.0-SNAPSHOT-tests.jar:/home/user/.m2/repository/org/yaml/snakeyaml/1.16/snakeyaml-1.16.jar:/home/user/.m2/repository/org/apache/hadoop/hadoop-common/3.2.0/hadoop-common-3.2.0-tests.jar:/home/user/.m2/repository/org/apache/hadoop/hadoop-annotations/3.2.0/hadoop-annotations-3.2.0.jar:/usr/lib/jvm/java-1.8-openjdk/jre/../lib/tools.jar:/home/user/.m2/repository/commons-cli/commons-cli/1.2/commons-cli-1.2.jar:/home/user/.m2/repository/org/apache/httpcomponents/httpclient/4.5.2/httpclient-4.5.2.jar:/home/user/.m2/repository/org/apache/httpcomponents/httpcore/4.4.4/httpcore-4.4.4.jar:/home/user/.m2/repository/commons-codec/commons-codec/1.11/commons-codec-1.11.jar:/home/user/.m2/repository/commons-net/commons-net/3.6/commons-net-3.6.jar:/home/user/.m2/repository/commons-collections/commons-collections/3.2.2/commons-collections-3.2.2.jar:/home/user/.m2/repository/org/eclipse/jetty/jetty-servlet/9.3.25.v20180904/jetty-servlet-9.3.25.v20180904.jar:/home/user/.m2/repository/org/eclipse/jetty/jetty-security/9.3.25.v20180904/jetty-security-9.3.25.v20180904.jar:/home/user/.m2/repository/javax/servlet/jsp/jsp-api/2.1/jsp-api-2.1.jar:/home/user/.m2/repository/com/sun/jersey/jersey-servlet/1.19/jersey-servlet-1.19.jar:/home/user/.m2/repository/com/sun/jersey/jersey-json/1.19/jersey-json-1.19.jar:/home/user/.m2/repository/org/codehaus/jettison/jettison/1.1/jettison-1.1.jar:/home/user/.m2/repository/org/codehaus/jackson/jackson-core-asl/1.9.13/jackson-core-asl-1.9.13.jar:/home/user/.m2/repository/org/codehaus/jackson/jackson-mapper-asl/1.9.13/jackson-mapper-asl-1.9.13.jar:/home/user/.m2/repository/org/codehaus/jackson/jackson-jaxrs/1.9.13/jackson-jaxrs-1.9.13.jar:/home/user/.m2/repository/org/codehaus/jackson/jackson-xc/1.9.13/jackson-xc-1.9.13.jar:/home/user/.m2/repository/commons-logging/commons-logging/1.1.3/commons-logging-1.1.3.jar:/home/user/.m2/repository/commons-beanutils/commons-beanutils/1.9.4/commons-beanutils-1.9.4.jar:/home/user/.m2/repository/org/apache/commons/commons-configuration2/2.1.1/commons-configuration2-2.1.1.jar:/home/user/.m2/repository/org/apache/commons/commons-lang3/3.7/commons-lang3-3.7.jar:/home/user/.m2/repository/org/apache/commons/commons-text/1.4/commons-text-1.4.jar:/home/user/.m2/repository/org/apache/avro/avro/1.7.7/avro-1.7.7.jar:/home/user/.m2/repository/com/thoughtworks/paranamer/paranamer/2.3/paranamer-2.3.jar:/home/user/.m2/repository/org/xerial/snappy/snappy-java/1.0.5/snappy-java-1.0.5.jar:/home/user/.m2/repository/com/google/re2j/re2j/1.1/re2j-1.1.jar:/home/user/.m2/repository/com/google/code/gson/gson/2.2.4/gson-2.2.4.jar:/home/user/.m2/repository/com/jcraft/jsch/0.1.54/jsch-0.1.54.jar:/home/user/.m2/repository/org/apache/curator/curator-client/2.12.0/curator-client-2.12.0.jar:/home/user/.m2/repository/org/apache/curator/curator-recipes/2.12.0/curator-recipes-2.12.0.jar:/home/user/.m2/repository/com/google/code/findbugs/jsr305/3.0.0/jsr305-3.0.0.jar:/home/user/.m2/repository/org/apache/htrace/htrace-core4/4.1.0-incubating/htrace-core4-4.1.0-incubating.jar:/home/user/.m2/repository/org/apache/zookeeper/zookeeper/3.4.13/zookeeper-3.4.13.jar:/home/user/.m2/repository/jline/jline/0.9.94/jline-0.9.94.jar:/home/user/.m2/repository/org/apache/yetus/audience-annotations/0.5.0/audience-annotations-0.5.0.jar:/home/user/.m2/repository/org/codehaus/woodstox/stax2-api/3.1.4/stax2-api-3.1.4.jar:/home/user/.m2/repository/com/fasterxml/woodstox/woodstox-core/5.0.3/woodstox-core-5.0.3.jar:/home/user/.m2/repository/dnsjava/dnsjava/2.1.7/dnsjava-2.1.7.jar:/home/user/.m2/repository/org/apache/hadoop/hadoop-hdfs/3.2.0/hadoop-hdfs-3.2.0-tests.jar:/home/user/.m2/repository/org/eclipse/jetty/jetty-util-ajax/9.3.25.v20180904/jetty-util-ajax-9.3.25.v20180904.jar:/home/user/.m2/repository/commons-daemon/commons-daemon/1.0.13/commons-daemon-1.0.13.jar:/home/user/.m2/repository/io/netty/netty/3.10.5.Final/netty-3.10.5.Final.jar:/home/user/.m2/repository/io/netty/netty-all/4.0.52.Final/netty-all-4.0.52.Final.jar:/home/user/.m2/repository/org/fusesource/leveldbjni/leveldbjni-all/1.8/leveldbjni-all-1.8.jar:"/>
    <property name="sun.cpu.endian" value="little"/>
    <property name="user.home" value="/home/user"/>
    <property name="user.language" value="en"/>
    <property name="java.specification.vendor" value="Oracle Corporation"/>
    <property name="java.home" value="/usr/lib/jvm/java-1.8-openjdk/jre"/>
    <property name="java.security.krb5.conf" value="/workdir/hadoop-ozone/integration-test/target/test-classes/krb5.conf"/>
    <property name="basedir" value="/workdir/hadoop-ozone/integration-test"/>
    <property name="file.separator" value="/"/>
    <property name="line.separator" value="&#10;"/>
    <property name="java.vm.specification.vendor" value="Oracle Corporation"/>
    <property name="java.specification.name" value="Java Platform API Specification"/>
    <property name="java.awt.graphicsenv" value="sun.awt.X11GraphicsEnvironment"/>
    <property name="surefire.real.class.path" value="/workdir/hadoop-ozone/integration-test/target/surefire/surefirebooter2829079368863157395.jar"/>
    <property name="hadoop.log.dir" value="/workdir/hadoop-ozone/integration-test/target/log"/>
    <property name="sun.boot.class.path" value="/usr/lib/jvm/java-1.8-openjdk/jre/lib/resources.jar:/usr/lib/jvm/java-1.8-openjdk/jre/lib/rt.jar:/usr/lib/jvm/java-1.8-openjdk/jre/lib/sunrsasign.jar:/usr/lib/jvm/java-1.8-openjdk/jre/lib/jsse.jar:/usr/lib/jvm/java-1.8-openjdk/jre/lib/jce.jar:/usr/lib/jvm/java-1.8-openjdk/jre/lib/charsets.jar:/usr/lib/jvm/java-1.8-openjdk/jre/lib/jfr.jar:/usr/lib/jvm/java-1.8-openjdk/jre/classes"/>
    <property name="sun.management.compiler" value="HotSpot 64-Bit Tiered Compilers"/>
    <property name="java.runtime.version" value="1.8.0_212-b04"/>
    <property name="java.net.preferIPv4Stack" value="true"/>
    <property name="user.name" value="jenkins1000"/>
    <property name="path.separator" value=":"/>
    <property name="java.security.egd" value="file:///dev/urandom"/>
    <property name="os.version" value="3.10.0-957.12.2.el7.x86_64"/>
    <property name="java.endorsed.dirs" value="/usr/lib/jvm/java-1.8-openjdk/jre/lib/endorsed"/>
    <property name="java.runtime.name" value="OpenJDK Runtime Environment"/>
    <property name="file.encoding" value="UTF-8"/>
    <property name="java.vm.name" value="OpenJDK 64-Bit Server VM"/>
    <property name="test.build.webapps" value=""/>
    <property name="localRepository" value="/home/user/.m2/repository"/>
    <property name="java.vendor.url.bug" value="https://icedtea.classpath.org/bugzilla"/>
    <property name="java.io.tmpdir" value="/tmp"/>
    <property name="require.test.libhadoop" value=""/>
    <property name="java.version" value="1.8.0_212"/>
    <property name="user.dir" value="/workdir/hadoop-ozone/integration-test"/>
    <property name="os.arch" value="amd64"/>
    <property name="java.vm.specification.name" value="Java Virtual Machine Specification"/>
    <property name="test.build.classes" value="/workdir/hadoop-ozone/integration-test/target/test-classes"/>
    <property name="java.awt.printerjob" value="sun.print.PSPrinterJob"/>
    <property name="sun.os.patch.level" value="unknown"/>
    <property name="hadoop.tmp.dir" value="/workdir/hadoop-ozone/integration-test/target/tmp"/>
    <property name="java.library.path" value="/usr/lib/jvm/java-1.8-openjdk/jre/lib/amd64/server:/usr/lib/jvm/java-1.8-openjdk/jre/lib/amd64:/usr/lib/jvm/java-1.8-openjdk/jre/../lib/amd64:/workdir/hadoop-ozone/integration-test/target/native/target/usr/local/lib:/workdir/hadoop-ozone/integration-test/../../hadoop-common-project/hadoop-common/target/native/target/usr/local/lib:/usr/java/packages/lib/amd64:/usr/lib64:/lib64:/lib:/usr/lib"/>
    <property name="java.vm.info" value="mixed mode"/>
    <property name="java.vendor" value="IcedTea"/>
    <property name="java.vm.version" value="25.212-b04"/>
    <property name="java.ext.dirs" value="/usr/lib/jvm/java-1.8-openjdk/jre/lib/ext:/usr/java/packages/lib/ext"/>
    <property name="sun.io.unicode.encoding" value="UnicodeLittle"/>
    <property name="java.class.version" value="52.0"/>
  </properties>
  <testcase name="testWatchForCommitWithKeyWrite" classname="org.apache.hadoop.ozone.client.rpc.TestWatchForCommit" time="74.372"/>
  <testcase name="testWatchForCommitWithSmallerTimeoutValue" classname="org.apache.hadoop.ozone.client.rpc.TestWatchForCommit" time="43.108"/>
  <testcase name="testWatchForCommitForRetryfailure" classname="org.apache.hadoop.ozone.client.rpc.TestWatchForCommit" time="61.57">
    <failure type="java.lang.AssertionError">java.lang.AssertionError
	at org.junit.Assert.fail(Assert.java:86)
	at org.junit.Assert.assertTrue(Assert.java:41)
	at org.junit.Assert.assertTrue(Assert.java:52)
	at org.apache.hadoop.ozone.client.rpc.TestWatchForCommit.testWatchForCommitForRetryfailure(TestWatchForCommit.java:348)
	at sun.reflect.NativeMethodAccessorImpl.invoke0(Native Method)
	at sun.reflect.NativeMethodAccessorImpl.invoke(NativeMethodAccessorImpl.java:62)
	at sun.reflect.DelegatingMethodAccessorImpl.invoke(DelegatingMethodAccessorImpl.java:43)
	at java.lang.reflect.Method.invoke(Method.java:498)
	at org.junit.runners.model.FrameworkMethod$1.runReflectiveCall(FrameworkMethod.java:47)
	at org.junit.internal.runners.model.ReflectiveCallable.run(ReflectiveCallable.java:12)
	at org.junit.runners.model.FrameworkMethod.invokeExplosively(FrameworkMethod.java:44)
	at org.junit.internal.runners.statements.InvokeMethod.evaluate(InvokeMethod.java:17)
	at org.junit.runners.ParentRunner.runLeaf(ParentRunner.java:271)
	at org.junit.runners.BlockJUnit4ClassRunner.runChild(BlockJUnit4ClassRunner.java:70)
	at org.junit.runners.BlockJUnit4ClassRunner.runChild(BlockJUnit4ClassRunner.java:50)
	at org.junit.runners.ParentRunner$3.run(ParentRunner.java:238)
	at org.junit.runners.ParentRunner$1.schedule(ParentRunner.java:63)
	at org.junit.runners.ParentRunner.runChildren(ParentRunner.java:236)
	at org.junit.runners.ParentRunner.access$000(ParentRunner.java:53)
	at org.junit.runners.ParentRunner$2.evaluate(ParentRunner.java:229)
	at org.junit.runners.ParentRunner.run(ParentRunner.java:309)
	at org.apache.maven.surefire.junit4.JUnit4Provider.execute(JUnit4Provider.java:365)
	at org.apache.maven.surefire.junit4.JUnit4Provider.executeWithRerun(JUnit4Provider.java:273)
	at org.apache.maven.surefire.junit4.JUnit4Provider.executeTestSet(JUnit4Provider.java:238)
	at org.apache.maven.surefire.junit4.JUnit4Provider.invoke(JUnit4Provider.java:159)
	at org.apache.maven.surefire.booter.ForkedBooter.invokeProviderInSameClassLoader(ForkedBooter.java:384)
	at org.apache.maven.surefire.booter.ForkedBooter.runSuitesInProcess(ForkedBooter.java:345)
	at org.apache.maven.surefire.booter.ForkedBooter.execute(ForkedBooter.java:126)
	at org.apache.maven.surefire.booter.ForkedBooter.main(ForkedBooter.java:418)
</failure>
    <system-out><![CDATA[2019-10-02 07:36:54,869 [main] WARN  server.ServerUtils (ServerUtils.java:getScmDbDir(145)) - ozone.scm.db.dirs is not configured. We recommend adding this setting. Falling back to ozone.metadata.dirs instead.
2019-10-02 07:36:54,905 [main] WARN  server.ServerUtils (ServerUtils.java:getScmDbDir(145)) - ozone.scm.db.dirs is not configured. We recommend adding this setting. Falling back to ozone.metadata.dirs instead.
2019-10-02 07:36:54,905 [main] WARN  server.ServerUtils (ServerUtils.java:getScmDbDir(145)) - ozone.scm.db.dirs is not configured. We recommend adding this setting. Falling back to ozone.metadata.dirs instead.
2019-10-02 07:36:54,906 [main] INFO  db.DBStoreBuilder (DBStoreBuilder.java:addTable(110)) - using custom profile for table: deletedBlocks
2019-10-02 07:36:54,906 [main] INFO  db.DBStoreBuilder (DBStoreBuilder.java:processTables(161)) - Using default column profile:DBProfile.DISK for Table:deletedBlocks
2019-10-02 07:36:54,906 [main] INFO  db.DBStoreBuilder (DBStoreBuilder.java:addTable(110)) - using custom profile for table: validCerts
2019-10-02 07:36:54,906 [main] INFO  db.DBStoreBuilder (DBStoreBuilder.java:processTables(161)) - Using default column profile:DBProfile.DISK for Table:validCerts
2019-10-02 07:36:54,907 [main] INFO  db.DBStoreBuilder (DBStoreBuilder.java:addTable(110)) - using custom profile for table: revokedCerts
2019-10-02 07:36:54,907 [main] INFO  db.DBStoreBuilder (DBStoreBuilder.java:processTables(161)) - Using default column profile:DBProfile.DISK for Table:revokedCerts
2019-10-02 07:36:54,907 [main] INFO  db.DBStoreBuilder (DBStoreBuilder.java:addTable(110)) - using custom profile for table: default
2019-10-02 07:36:54,907 [main] INFO  db.DBStoreBuilder (DBStoreBuilder.java:processTables(167)) - Using default column profile:DBProfile.DISK for Table:default
2019-10-02 07:36:54,907 [main] INFO  db.DBStoreBuilder (DBStoreBuilder.java:getDbProfile(198)) - Using default options. DBProfile.DISK
2019-10-02 07:36:55,130 [main] INFO  net.NodeSchemaLoader (NodeSchemaLoader.java:loadSchemaFromFile(125)) - Loading file from sun.misc.CompoundEnumeration@71370fec
2019-10-02 07:36:55,130 [main] INFO  net.NodeSchemaLoader (NodeSchemaLoader.java:loadSchema(171)) - Loading network topology layer schema file
2019-10-02 07:36:55,137 [main] WARN  server.ServerUtils (ServerUtils.java:sanitizeUserArgs(70)) - ozone.scm.stale.node.interval value = 300000 is larger than max = 100000 based on the key value of ozone.scm.heartbeat.thread.interval, reset to the max value 100000.
2019-10-02 07:36:55,137 [main] WARN  server.ServerUtils (ServerUtils.java:sanitizeUserArgs(70)) - ozone.scm.stale.node.interval value = 300000 is larger than max = 100000 based on the key value of ozone.scm.heartbeat.thread.interval, reset to the max value 100000.
2019-10-02 07:36:55,138 [main] INFO  node.SCMNodeManager (SCMNodeManager.java:<init>(114)) - Entering startup safe mode.
2019-10-02 07:36:55,139 [main] INFO  algorithms.ContainerPlacementPolicyFactory (ContainerPlacementPolicyFactory.java:getPolicy(57)) - Create container placement policy of type org.apache.hadoop.hdds.scm.container.placement.algorithms.SCMContainerPlacementRandom
2019-10-02 07:36:55,139 [main] WARN  server.ServerUtils (ServerUtils.java:getScmDbDir(145)) - ozone.scm.db.dirs is not configured. We recommend adding this setting. Falling back to ozone.metadata.dirs instead.
2019-10-02 07:36:55,214 [main] INFO  pipeline.SCMPipelineManager (SCMPipelineManager.java:initializePipelineState(132)) - No pipeline exists in current db
2019-10-02 07:36:55,214 [main] WARN  server.ServerUtils (ServerUtils.java:getScmDbDir(145)) - ozone.scm.db.dirs is not configured. We recommend adding this setting. Falling back to ozone.metadata.dirs instead.
2019-10-02 07:36:55,293 [main] WARN  events.EventQueue (EventQueue.java:fireEvent(183)) - No event handler registered for event TypedEvent{payloadType=SafeModeStatus, name='SafeModeStatus'}
2019-10-02 07:36:55,294 [main] INFO  ipc.CallQueueManager (CallQueueManager.java:<init>(84)) - Using callQueue: class java.util.concurrent.LinkedBlockingQueue, queueCapacity: 2000, scheduler: class org.apache.hadoop.ipc.DefaultRpcScheduler, ipcBackoff: false.
2019-10-02 07:36:55,295 [Socket Reader #1 for port 46077] INFO  ipc.Server (Server.java:run(1074)) - Starting Socket Reader #1 for port 46077
2019-10-02 07:36:55,297 [main] INFO  ipc.CallQueueManager (CallQueueManager.java:<init>(84)) - Using callQueue: class java.util.concurrent.LinkedBlockingQueue, queueCapacity: 2000, scheduler: class org.apache.hadoop.ipc.DefaultRpcScheduler, ipcBackoff: false.
2019-10-02 07:36:55,298 [Socket Reader #1 for port 45623] INFO  ipc.Server (Server.java:run(1074)) - Starting Socket Reader #1 for port 45623
2019-10-02 07:36:55,299 [main] INFO  ipc.CallQueueManager (CallQueueManager.java:<init>(84)) - Using callQueue: class java.util.concurrent.LinkedBlockingQueue, queueCapacity: 2000, scheduler: class org.apache.hadoop.ipc.DefaultRpcScheduler, ipcBackoff: false.
2019-10-02 07:36:55,300 [Socket Reader #1 for port 40173] INFO  ipc.Server (Server.java:run(1074)) - Starting Socket Reader #1 for port 40173
2019-10-02 07:36:55,302 [main] INFO  hdfs.DFSUtil (DFSUtil.java:httpServerTemplateForNNAndJN(1641)) - Starting Web-server for scm at: http://0.0.0.0:0
2019-10-02 07:36:55,304 [main] INFO  server.AuthenticationFilter (AuthenticationFilter.java:constructSecretProvider(240)) - Unable to initialize FileSignerSecretProvider, falling back to use random secrets.
2019-10-02 07:36:55,304 [main] WARN  http.HttpRequestLog (HttpRequestLog.java:getRequestLog(97)) - Jetty request log can only be enabled using Log4j
2019-10-02 07:36:55,306 [main] INFO  http.HttpServer2 (HttpServer2.java:addGlobalFilter(975)) - Added global filter 'safety' (class=org.apache.hadoop.http.HttpServer2$QuotingInputFilter)
2019-10-02 07:36:55,307 [main] INFO  http.HttpServer2 (HttpServer2.java:addFilter(948)) - Added filter static_user_filter (class=org.apache.hadoop.http.lib.StaticUserWebFilter$StaticUserFilter) to context scm
2019-10-02 07:36:55,307 [main] INFO  http.HttpServer2 (HttpServer2.java:addFilter(958)) - Added filter static_user_filter (class=org.apache.hadoop.http.lib.StaticUserWebFilter$StaticUserFilter) to context static
2019-10-02 07:36:55,307 [main] INFO  http.HttpServer2 (HttpServer2.java:addFilter(958)) - Added filter static_user_filter (class=org.apache.hadoop.http.lib.StaticUserWebFilter$StaticUserFilter) to context logs
2019-10-02 07:36:55,310 [main] INFO  server.StorageContainerManager (StorageContainerManager.java:start(770)) - StorageContainerLocationProtocol RPC server is listening at /0.0.0.0:40173
2019-10-02 07:36:55,312 [main] WARN  impl.MetricsConfig (MetricsConfig.java:loadFirst(134)) - Cannot locate configuration: tried hadoop-metrics2-storagecontainermanager.properties,hadoop-metrics2.properties
2019-10-02 07:36:55,313 [main] INFO  impl.MetricsSystemImpl (MetricsSystemImpl.java:startTimer(374)) - Scheduled Metric snapshot period at 10 second(s).
2019-10-02 07:36:55,313 [main] INFO  impl.MetricsSystemImpl (MetricsSystemImpl.java:start(191)) - StorageContainerManager metrics system started
2019-10-02 07:36:55,339 [main] INFO  lib.Interns (Interns.java:removeEldestEntry(50)) - Metrics intern cache overflow at 2011 for MetricsSystem={MetricsSystem=MetricsInfoImpl{name=MetricsSystem, description=MetricsSystem}, MetricsSystem record=MetricsInfoImpl{name=MetricsSystem, description=MetricsSystem record}}
2019-10-02 07:36:55,364 [main] WARN  impl.MetricsSystemImpl (MetricsSystemImpl.java:register(276)) - Sink prometheus already exists!
2019-10-02 07:36:55,404 [main] INFO  server.SCMClientProtocolServer (SCMClientProtocolServer.java:start(150)) - RPC server for Client  is listening at /0.0.0.0:40173
2019-10-02 07:36:55,405 [IPC Server Responder] INFO  ipc.Server (Server.java:run(1314)) - IPC Server Responder: starting
2019-10-02 07:36:55,405 [IPC Server listener on 40173] INFO  ipc.Server (Server.java:run(1153)) - IPC Server listener on 40173: starting
2019-10-02 07:36:55,408 [main] INFO  server.StorageContainerManager (StorageContainerManager.java:start(780)) - ScmBlockLocationProtocol RPC server is listening at /0.0.0.0:45623
2019-10-02 07:36:55,409 [main] INFO  server.SCMBlockProtocolServer (SCMBlockProtocolServer.java:start(146)) - RPC server for Block Protocol is listening at /0.0.0.0:45623
2019-10-02 07:36:55,409 [IPC Server Responder] INFO  ipc.Server (Server.java:run(1314)) - IPC Server Responder: starting
2019-10-02 07:36:55,409 [IPC Server listener on 45623] INFO  ipc.Server (Server.java:run(1153)) - IPC Server listener on 45623: starting
2019-10-02 07:36:55,412 [main] INFO  server.StorageContainerManager (StorageContainerManager.java:start(784)) - ScmDatanodeProtocl RPC server is listening at /0.0.0.0:46077
2019-10-02 07:36:55,413 [main] INFO  server.SCMDatanodeProtocolServer (SCMDatanodeProtocolServer.java:start(191)) - RPC server for DataNodes is listening at /0.0.0.0:46077
2019-10-02 07:36:55,413 [IPC Server Responder] INFO  ipc.Server (Server.java:run(1314)) - IPC Server Responder: starting
2019-10-02 07:36:55,413 [IPC Server listener on 46077] INFO  ipc.Server (Server.java:run(1153)) - IPC Server listener on 46077: starting
2019-10-02 07:36:55,417 [main] INFO  http.HttpServer2 (HttpServer2.java:bindListener(1191)) - Jetty bound to port 35721
2019-10-02 07:36:55,417 [main] INFO  server.Server (Server.java:doStart(351)) - jetty-9.3.25.v20180904, build timestamp: 2018-09-04T21:11:46Z, git hash: 3ce520221d0240229c862b122d2b06c12a625732
2019-10-02 07:36:55,419 [main] INFO  handler.ContextHandler (ContextHandler.java:doStart(781)) - Started o.e.j.s.ServletContextHandler@79d3473e{/logs,file:///workdir/hadoop-ozone/integration-test/target/log,AVAILABLE}
2019-10-02 07:36:55,419 [main] INFO  handler.ContextHandler (ContextHandler.java:doStart(781)) - Started o.e.j.s.ServletContextHandler@7fad214a{/static,file:///workdir/hadoop-ozone/integration-test/target/test-classes/webapps/static,AVAILABLE}
2019-10-02 07:36:55,424 [main] INFO  handler.ContextHandler (ContextHandler.java:doStart(781)) - Started o.e.j.w.WebAppContext@17043b04{/,file:///workdir/hadoop-ozone/integration-test/target/test-classes/webapps/scm/,AVAILABLE}{/scm}
2019-10-02 07:36:55,425 [main] INFO  server.AbstractConnector (AbstractConnector.java:doStart(278)) - Started ServerConnector@511f5b1d{HTTP/1.1,[http/1.1]}{0.0.0.0:35721}
2019-10-02 07:36:55,426 [main] INFO  server.Server (Server.java:doStart(419)) - Started @118435ms
2019-10-02 07:36:55,426 [main] WARN  impl.MetricsSystemImpl (MetricsSystemImpl.java:register(276)) - Sink prometheus already exists!
2019-10-02 07:36:55,427 [main] INFO  server.BaseHttpServer (BaseHttpServer.java:updateConnectorAddress(215)) - HTTP server of SCM is listening at http://0.0.0.0:35721
2019-10-02 07:36:55,428 [main] WARN  server.ServerUtils (ServerUtils.java:getDBPath(222)) - ozone.om.db.dirs is not configured. We recommend adding this setting. Falling back to ozone.metadata.dirs instead.
2019-10-02 07:36:55,429 [org.apache.hadoop.util.JvmPauseMonitor$Monitor@7a687d8d] INFO  util.JvmPauseMonitor (JvmPauseMonitor.java:run(188)) - Starting JVM pause monitor
2019-10-02 07:36:55,434 [main] WARN  server.ServerUtils (ServerUtils.java:getDBPath(222)) - ozone.om.db.dirs is not configured. We recommend adding this setting. Falling back to ozone.metadata.dirs instead.
2019-10-02 07:36:55,435 [main] WARN  server.ServerUtils (ServerUtils.java:getDBPath(222)) - ozone.om.db.dirs is not configured. We recommend adding this setting. Falling back to ozone.metadata.dirs instead.
2019-10-02 07:36:55,435 [main] INFO  om.OzoneManager (OzoneManager.java:setOMNodeDetails(652)) - OM Service ID is not set. Setting it to the default ID: omServiceIdDefault
2019-10-02 07:36:55,435 [main] INFO  om.OzoneManager (OzoneManager.java:setOMNodeDetails(658)) - OM Node ID is not set. Setting it to the OmStorage's OmID: ccf5794d-59ff-4c30-b016-f9d4c81f7946
2019-10-02 07:36:55,436 [main] INFO  om.OzoneManager (OzoneManager.java:loadOMHAConfigs(609)) - Found matching OM address with OMServiceId: null, OMNodeId: null, RPC Address: localhost:0 and Ratis port: 9872
2019-10-02 07:36:55,447 [main] WARN  server.ServerUtils (ServerUtils.java:getDBPath(222)) - ozone.om.db.dirs is not configured. We recommend adding this setting. Falling back to ozone.metadata.dirs instead.
2019-10-02 07:36:55,447 [main] INFO  db.DBStoreBuilder (DBStoreBuilder.java:addTable(110)) - using custom profile for table: userTable
2019-10-02 07:36:55,447 [main] INFO  db.DBStoreBuilder (DBStoreBuilder.java:processTables(161)) - Using default column profile:DBProfile.DISK for Table:userTable
2019-10-02 07:36:55,448 [main] INFO  db.DBStoreBuilder (DBStoreBuilder.java:addTable(110)) - using custom profile for table: volumeTable
2019-10-02 07:36:55,448 [main] INFO  db.DBStoreBuilder (DBStoreBuilder.java:processTables(161)) - Using default column profile:DBProfile.DISK for Table:volumeTable
2019-10-02 07:36:55,448 [main] INFO  db.DBStoreBuilder (DBStoreBuilder.java:addTable(110)) - using custom profile for table: bucketTable
2019-10-02 07:36:55,448 [main] INFO  db.DBStoreBuilder (DBStoreBuilder.java:processTables(161)) - Using default column profile:DBProfile.DISK for Table:bucketTable
2019-10-02 07:36:55,448 [main] INFO  db.DBStoreBuilder (DBStoreBuilder.java:addTable(110)) - using custom profile for table: keyTable
2019-10-02 07:36:55,449 [main] INFO  db.DBStoreBuilder (DBStoreBuilder.java:processTables(161)) - Using default column profile:DBProfile.DISK for Table:keyTable
2019-10-02 07:36:55,449 [main] INFO  db.DBStoreBuilder (DBStoreBuilder.java:addTable(110)) - using custom profile for table: deletedTable
2019-10-02 07:36:55,449 [main] INFO  db.DBStoreBuilder (DBStoreBuilder.java:processTables(161)) - Using default column profile:DBProfile.DISK for Table:deletedTable
2019-10-02 07:36:55,449 [main] INFO  db.DBStoreBuilder (DBStoreBuilder.java:addTable(110)) - using custom profile for table: openKeyTable
2019-10-02 07:36:55,449 [main] INFO  db.DBStoreBuilder (DBStoreBuilder.java:processTables(161)) - Using default column profile:DBProfile.DISK for Table:openKeyTable
2019-10-02 07:36:55,450 [main] INFO  db.DBStoreBuilder (DBStoreBuilder.java:addTable(110)) - using custom profile for table: s3Table
2019-10-02 07:36:55,450 [main] INFO  db.DBStoreBuilder (DBStoreBuilder.java:processTables(161)) - Using default column profile:DBProfile.DISK for Table:s3Table
2019-10-02 07:36:55,450 [main] INFO  db.DBStoreBuilder (DBStoreBuilder.java:addTable(110)) - using custom profile for table: multipartInfoTable
2019-10-02 07:36:55,450 [main] INFO  db.DBStoreBuilder (DBStoreBuilder.java:processTables(161)) - Using default column profile:DBProfile.DISK for Table:multipartInfoTable
2019-10-02 07:36:55,450 [main] INFO  db.DBStoreBuilder (DBStoreBuilder.java:addTable(110)) - using custom profile for table: dTokenTable
2019-10-02 07:36:55,451 [main] INFO  db.DBStoreBuilder (DBStoreBuilder.java:processTables(161)) - Using default column profile:DBProfile.DISK for Table:dTokenTable
2019-10-02 07:36:55,451 [main] INFO  db.DBStoreBuilder (DBStoreBuilder.java:addTable(110)) - using custom profile for table: s3SecretTable
2019-10-02 07:36:55,451 [main] INFO  db.DBStoreBuilder (DBStoreBuilder.java:processTables(161)) - Using default column profile:DBProfile.DISK for Table:s3SecretTable
2019-10-02 07:36:55,451 [main] INFO  db.DBStoreBuilder (DBStoreBuilder.java:addTable(110)) - using custom profile for table: prefixTable
2019-10-02 07:36:55,451 [main] INFO  db.DBStoreBuilder (DBStoreBuilder.java:processTables(161)) - Using default column profile:DBProfile.DISK for Table:prefixTable
2019-10-02 07:36:55,452 [main] INFO  db.DBStoreBuilder (DBStoreBuilder.java:addTable(110)) - using custom profile for table: default
2019-10-02 07:36:55,452 [main] INFO  db.DBStoreBuilder (DBStoreBuilder.java:processTables(167)) - Using default column profile:DBProfile.DISK for Table:default
2019-10-02 07:36:55,452 [main] INFO  db.DBStoreBuilder (DBStoreBuilder.java:getDbProfile(198)) - Using default options. DBProfile.DISK
2019-10-02 07:36:56,100 [main] INFO  ipc.CallQueueManager (CallQueueManager.java:<init>(84)) - Using callQueue: class java.util.concurrent.LinkedBlockingQueue, queueCapacity: 2000, scheduler: class org.apache.hadoop.ipc.DefaultRpcScheduler, ipcBackoff: false.
2019-10-02 07:36:56,101 [Socket Reader #1 for port 44171] INFO  ipc.Server (Server.java:run(1074)) - Starting Socket Reader #1 for port 44171
2019-10-02 07:36:56,121 [main] INFO  om.OzoneManager (OzoneManager.java:start(1243)) - OzoneManager RPC server is listening at localhost/127.0.0.1:44171
2019-10-02 07:36:56,122 [main] INFO  impl.MetricsSystemImpl (MetricsSystemImpl.java:init(158)) - OzoneManager metrics system started (again)
2019-10-02 07:36:56,122 [IPC Server Responder] INFO  ipc.Server (Server.java:run(1314)) - IPC Server Responder: starting
2019-10-02 07:36:56,123 [IPC Server listener on 44171] INFO  ipc.Server (Server.java:run(1153)) - IPC Server listener on 44171: starting
2019-10-02 07:36:56,128 [main] INFO  hdfs.DFSUtil (DFSUtil.java:httpServerTemplateForNNAndJN(1641)) - Starting Web-server for ozoneManager at: http://0.0.0.0:0
2019-10-02 07:36:56,130 [main] INFO  server.AuthenticationFilter (AuthenticationFilter.java:constructSecretProvider(240)) - Unable to initialize FileSignerSecretProvider, falling back to use random secrets.
2019-10-02 07:36:56,130 [main] WARN  http.HttpRequestLog (HttpRequestLog.java:getRequestLog(97)) - Jetty request log can only be enabled using Log4j
2019-10-02 07:36:56,133 [main] INFO  http.HttpServer2 (HttpServer2.java:addGlobalFilter(975)) - Added global filter 'safety' (class=org.apache.hadoop.http.HttpServer2$QuotingInputFilter)
2019-10-02 07:36:56,133 [main] INFO  http.HttpServer2 (HttpServer2.java:addFilter(948)) - Added filter static_user_filter (class=org.apache.hadoop.http.lib.StaticUserWebFilter$StaticUserFilter) to context ozoneManager
2019-10-02 07:36:56,134 [main] INFO  http.HttpServer2 (HttpServer2.java:addFilter(958)) - Added filter static_user_filter (class=org.apache.hadoop.http.lib.StaticUserWebFilter$StaticUserFilter) to context static
2019-10-02 07:36:56,134 [main] INFO  http.HttpServer2 (HttpServer2.java:addFilter(958)) - Added filter static_user_filter (class=org.apache.hadoop.http.lib.StaticUserWebFilter$StaticUserFilter) to context logs
2019-10-02 07:36:56,135 [main] INFO  http.HttpServer2 (HttpServer2.java:bindListener(1191)) - Jetty bound to port 43124
2019-10-02 07:36:56,135 [main] INFO  server.Server (Server.java:doStart(351)) - jetty-9.3.25.v20180904, build timestamp: 2018-09-04T21:11:46Z, git hash: 3ce520221d0240229c862b122d2b06c12a625732
2019-10-02 07:36:56,137 [main] INFO  handler.ContextHandler (ContextHandler.java:doStart(781)) - Started o.e.j.s.ServletContextHandler@38291795{/logs,file:///workdir/hadoop-ozone/integration-test/target/log,AVAILABLE}
2019-10-02 07:36:56,138 [main] INFO  handler.ContextHandler (ContextHandler.java:doStart(781)) - Started o.e.j.s.ServletContextHandler@40ef0af8{/static,file:///workdir/hadoop-ozone/integration-test/target/test-classes/webapps/static,AVAILABLE}
2019-10-02 07:36:56,143 [main] INFO  handler.ContextHandler (ContextHandler.java:doStart(781)) - Started o.e.j.w.WebAppContext@4c51077d{/,file:///workdir/hadoop-ozone/integration-test/target/test-classes/webapps/ozoneManager/,AVAILABLE}{/ozoneManager}
2019-10-02 07:36:56,144 [main] INFO  server.AbstractConnector (AbstractConnector.java:doStart(278)) - Started ServerConnector@5974b7e8{HTTP/1.1,[http/1.1]}{0.0.0.0:43124}
2019-10-02 07:36:56,145 [main] INFO  server.Server (Server.java:doStart(419)) - Started @119154ms
2019-10-02 07:36:56,145 [main] WARN  impl.MetricsSystemImpl (MetricsSystemImpl.java:register(276)) - Sink prometheus already exists!
2019-10-02 07:36:56,146 [main] INFO  server.BaseHttpServer (BaseHttpServer.java:updateConnectorAddress(215)) - HTTP server of OZONEMANAGER is listening at http://0.0.0.0:43124
2019-10-02 07:36:56,168 [main] INFO  impl.MetricsSystemImpl (MetricsSystemImpl.java:init(158)) - HddsDatanode metrics system started (again)
2019-10-02 07:36:56,171 [main] INFO  ozone.HddsDatanodeService (HddsDatanodeService.java:start(184)) - HddsDatanodeService host:pr-hdds-2227-gdpr-vz6hn-2718222164 ip:192.168.164.211
2019-10-02 07:36:56,178 [main] INFO  volume.HddsVolume (HddsVolume.java:<init>(176)) - Creating Volume: /workdir/hadoop-ozone/integration-test/target/test-dir/MiniOzoneClusterImpl-3f41681f-8054-4211-a8ce-d518c1f2066d/datanode-0/data/containers/hdds of  storage type : DISK and capacity : 1482555576320
2019-10-02 07:36:56,178 [main] INFO  volume.VolumeSet (VolumeSet.java:initializeVolumeSet(170)) - Added Volume : /workdir/hadoop-ozone/integration-test/target/test-dir/MiniOzoneClusterImpl-3f41681f-8054-4211-a8ce-d518c1f2066d/datanode-0/data/containers/hdds to VolumeSet
2019-10-02 07:36:56,179 [main] INFO  volume.ThrottledAsyncChecker (ThrottledAsyncChecker.java:schedule(139)) - Scheduling a check for org.apache.hadoop.ozone.container.common.volume.HddsVolume@4da1f38a
2019-10-02 07:36:56,180 [main] INFO  volume.HddsVolumeChecker (HddsVolumeChecker.java:checkAllVolumes(202)) - Scheduled health check for volume org.apache.hadoop.ozone.container.common.volume.HddsVolume@4da1f38a
2019-10-02 07:36:56,196 [main] INFO  impl.RaftServerProxy (ConfUtils.java:logGet(43)) - raft.rpc.type = GRPC (default)
2019-10-02 07:36:56,196 [main] INFO  grpc.GrpcFactory (GrpcFactory.java:checkPooledByteBufAllocatorUseCacheForAllThreads(45)) - PERFORMANCE WARNING: useCacheForAllThreads is true that may cause Netty to create a lot garbage objects and, as a result, trigger GC.
	It is recommended to disable useCacheForAllThreads by setting -Dorg.apache.ratis.thirdparty.io.netty.allocator.useCacheForAllThreads=false in command line.
2019-10-02 07:36:56,197 [main] INFO  grpc.GrpcConfigKeys$Server (ConfUtils.java:logGet(43)) - raft.grpc.server.port = 0 (default)
2019-10-02 07:36:56,197 [main] INFO  server.GrpcService (ConfUtils.java:logGet(43)) - raft.grpc.message.size.max = 33570816 (custom)
2019-10-02 07:36:56,197 [main] INFO  server.RaftServerConfigKeys (ConfUtils.java:logGet(43)) - raft.server.log.appender.buffer.byte-limit = 33554432 (custom)
2019-10-02 07:36:56,198 [main] INFO  server.GrpcService (ConfUtils.java:logGet(43)) - raft.grpc.flow.control.window = 1MB (=1048576) (default)
2019-10-02 07:36:56,198 [main] INFO  server.RaftServerConfigKeys (ConfUtils.java:logGet(43)) - raft.server.rpc.request.timeout = 3000ms (default)
2019-10-02 07:36:56,199 [main] INFO  server.RaftServerConfigKeys (ConfUtils.java:logGet(43)) - raft.server.storage.dir = [/workdir/hadoop-ozone/integration-test/target/test-dir/MiniOzoneClusterImpl-3f41681f-8054-4211-a8ce-d518c1f2066d/datanode-0/data/ratis] (custom)
2019-10-02 07:36:56,200 [main] INFO  hdfs.DFSUtil (DFSUtil.java:httpServerTemplateForNNAndJN(1641)) - Starting Web-server for hddsDatanode at: http://0.0.0.0:0
2019-10-02 07:36:56,204 [main] INFO  server.AuthenticationFilter (AuthenticationFilter.java:constructSecretProvider(240)) - Unable to initialize FileSignerSecretProvider, falling back to use random secrets.
2019-10-02 07:36:56,204 [main] WARN  http.HttpRequestLog (HttpRequestLog.java:getRequestLog(97)) - Jetty request log can only be enabled using Log4j
2019-10-02 07:36:56,206 [main] INFO  http.HttpServer2 (HttpServer2.java:addGlobalFilter(975)) - Added global filter 'safety' (class=org.apache.hadoop.http.HttpServer2$QuotingInputFilter)
2019-10-02 07:36:56,206 [main] INFO  http.HttpServer2 (HttpServer2.java:addFilter(948)) - Added filter static_user_filter (class=org.apache.hadoop.http.lib.StaticUserWebFilter$StaticUserFilter) to context hddsDatanode
2019-10-02 07:36:56,207 [main] INFO  http.HttpServer2 (HttpServer2.java:addFilter(958)) - Added filter static_user_filter (class=org.apache.hadoop.http.lib.StaticUserWebFilter$StaticUserFilter) to context logs
2019-10-02 07:36:56,207 [main] INFO  http.HttpServer2 (HttpServer2.java:addFilter(958)) - Added filter static_user_filter (class=org.apache.hadoop.http.lib.StaticUserWebFilter$StaticUserFilter) to context static
2019-10-02 07:36:56,207 [main] INFO  http.HttpServer2 (HttpServer2.java:bindListener(1191)) - Jetty bound to port 41242
2019-10-02 07:36:56,208 [main] INFO  server.Server (Server.java:doStart(351)) - jetty-9.3.25.v20180904, build timestamp: 2018-09-04T21:11:46Z, git hash: 3ce520221d0240229c862b122d2b06c12a625732
2019-10-02 07:36:56,210 [main] INFO  handler.ContextHandler (ContextHandler.java:doStart(781)) - Started o.e.j.s.ServletContextHandler@1c57f6b2{/logs,file:///workdir/hadoop-ozone/integration-test/target/log,AVAILABLE}
2019-10-02 07:36:56,210 [main] INFO  handler.ContextHandler (ContextHandler.java:doStart(781)) - Started o.e.j.s.ServletContextHandler@66c9b52f{/static,jar:file:/home/user/.m2/repository/org/apache/hadoop/hadoop-hdds-container-service/0.5.0-SNAPSHOT/hadoop-hdds-container-service-0.5.0-SNAPSHOT.jar!/webapps/static,AVAILABLE}
2019-10-02 07:36:56,243 [main] INFO  handler.ContextHandler (ContextHandler.java:doStart(781)) - Started o.e.j.w.WebAppContext@3635099{/,file:///tmp/jetty-0.0.0.0-41242-hddsDatanode-_-any-4696725021296673051.dir/webapp/,AVAILABLE}{/hddsDatanode}
2019-10-02 07:36:56,243 [main] INFO  server.AbstractConnector (AbstractConnector.java:doStart(278)) - Started ServerConnector@1da1380b{HTTP/1.1,[http/1.1]}{0.0.0.0:41242}
2019-10-02 07:36:56,246 [main] INFO  server.Server (Server.java:doStart(419)) - Started @119255ms
2019-10-02 07:36:56,246 [main] WARN  impl.MetricsSystemImpl (MetricsSystemImpl.java:register(276)) - Sink prometheus already exists!
2019-10-02 07:36:56,247 [main] INFO  server.BaseHttpServer (BaseHttpServer.java:updateConnectorAddress(215)) - HTTP server of HDDSDATANODE is listening at http://0.0.0.0:41242
2019-10-02 07:36:56,247 [main] INFO  impl.MetricsSystemImpl (MetricsSystemImpl.java:init(158)) - HddsDatanode metrics system started (again)
2019-10-02 07:36:56,249 [org.apache.hadoop.util.JvmPauseMonitor$Monitor@7995293d] INFO  util.JvmPauseMonitor (JvmPauseMonitor.java:run(188)) - Starting JVM pause monitor
2019-10-02 07:36:56,250 [main] INFO  ozone.HddsDatanodeService (HddsDatanodeService.java:start(184)) - HddsDatanodeService host:pr-hdds-2227-gdpr-vz6hn-2718222164 ip:192.168.164.211
2019-10-02 07:36:56,252 [Datanode State Machine Thread - 0] INFO  datanode.InitDatanodeState (InitDatanodeState.java:persistContainerDatanodeDetails(140)) - DatanodeDetails is persisted to /workdir/hadoop-ozone/integration-test/target/test-dir/MiniOzoneClusterImpl-3f41681f-8054-4211-a8ce-d518c1f2066d/datanode-0/meta/datanode.id
2019-10-02 07:36:56,256 [main] INFO  volume.HddsVolume (HddsVolume.java:<init>(176)) - Creating Volume: /workdir/hadoop-ozone/integration-test/target/test-dir/MiniOzoneClusterImpl-3f41681f-8054-4211-a8ce-d518c1f2066d/datanode-1/data/containers/hdds of  storage type : DISK and capacity : 1482555576320
2019-10-02 07:36:56,256 [main] INFO  volume.VolumeSet (VolumeSet.java:initializeVolumeSet(170)) - Added Volume : /workdir/hadoop-ozone/integration-test/target/test-dir/MiniOzoneClusterImpl-3f41681f-8054-4211-a8ce-d518c1f2066d/datanode-1/data/containers/hdds to VolumeSet
2019-10-02 07:36:56,256 [main] INFO  volume.ThrottledAsyncChecker (ThrottledAsyncChecker.java:schedule(139)) - Scheduling a check for org.apache.hadoop.ozone.container.common.volume.HddsVolume@4d09cade
2019-10-02 07:36:56,257 [main] INFO  volume.HddsVolumeChecker (HddsVolumeChecker.java:checkAllVolumes(202)) - Scheduled health check for volume org.apache.hadoop.ozone.container.common.volume.HddsVolume@4d09cade
2019-10-02 07:36:56,273 [main] INFO  impl.RaftServerProxy (ConfUtils.java:logGet(43)) - raft.rpc.type = GRPC (default)
2019-10-02 07:36:56,273 [main] INFO  grpc.GrpcFactory (GrpcFactory.java:checkPooledByteBufAllocatorUseCacheForAllThreads(45)) - PERFORMANCE WARNING: useCacheForAllThreads is true that may cause Netty to create a lot garbage objects and, as a result, trigger GC.
	It is recommended to disable useCacheForAllThreads by setting -Dorg.apache.ratis.thirdparty.io.netty.allocator.useCacheForAllThreads=false in command line.
2019-10-02 07:36:56,273 [main] INFO  grpc.GrpcConfigKeys$Server (ConfUtils.java:logGet(43)) - raft.grpc.server.port = 0 (default)
2019-10-02 07:36:56,273 [main] INFO  server.GrpcService (ConfUtils.java:logGet(43)) - raft.grpc.message.size.max = 33570816 (custom)
2019-10-02 07:36:56,274 [main] INFO  server.RaftServerConfigKeys (ConfUtils.java:logGet(43)) - raft.server.log.appender.buffer.byte-limit = 33554432 (custom)
2019-10-02 07:36:56,274 [main] INFO  server.GrpcService (ConfUtils.java:logGet(43)) - raft.grpc.flow.control.window = 1MB (=1048576) (default)
2019-10-02 07:36:56,274 [main] INFO  server.RaftServerConfigKeys (ConfUtils.java:logGet(43)) - raft.server.rpc.request.timeout = 3000ms (default)
2019-10-02 07:36:56,274 [main] INFO  server.RaftServerConfigKeys (ConfUtils.java:logGet(43)) - raft.server.storage.dir = [/workdir/hadoop-ozone/integration-test/target/test-dir/MiniOzoneClusterImpl-3f41681f-8054-4211-a8ce-d518c1f2066d/datanode-1/data/ratis] (custom)
2019-10-02 07:36:56,276 [main] INFO  hdfs.DFSUtil (DFSUtil.java:httpServerTemplateForNNAndJN(1641)) - Starting Web-server for hddsDatanode at: http://0.0.0.0:0
2019-10-02 07:36:56,278 [main] INFO  server.AuthenticationFilter (AuthenticationFilter.java:constructSecretProvider(240)) - Unable to initialize FileSignerSecretProvider, falling back to use random secrets.
2019-10-02 07:36:56,278 [main] WARN  http.HttpRequestLog (HttpRequestLog.java:getRequestLog(97)) - Jetty request log can only be enabled using Log4j
2019-10-02 07:36:56,279 [main] INFO  http.HttpServer2 (HttpServer2.java:addGlobalFilter(975)) - Added global filter 'safety' (class=org.apache.hadoop.http.HttpServer2$QuotingInputFilter)
2019-10-02 07:36:56,280 [main] INFO  http.HttpServer2 (HttpServer2.java:addFilter(948)) - Added filter static_user_filter (class=org.apache.hadoop.http.lib.StaticUserWebFilter$StaticUserFilter) to context hddsDatanode
2019-10-02 07:36:56,280 [main] INFO  http.HttpServer2 (HttpServer2.java:addFilter(958)) - Added filter static_user_filter (class=org.apache.hadoop.http.lib.StaticUserWebFilter$StaticUserFilter) to context logs
2019-10-02 07:36:56,280 [main] INFO  http.HttpServer2 (HttpServer2.java:addFilter(958)) - Added filter static_user_filter (class=org.apache.hadoop.http.lib.StaticUserWebFilter$StaticUserFilter) to context static
2019-10-02 07:36:56,280 [main] INFO  http.HttpServer2 (HttpServer2.java:bindListener(1191)) - Jetty bound to port 43138
2019-10-02 07:36:56,281 [main] INFO  server.Server (Server.java:doStart(351)) - jetty-9.3.25.v20180904, build timestamp: 2018-09-04T21:11:46Z, git hash: 3ce520221d0240229c862b122d2b06c12a625732
2019-10-02 07:36:56,282 [main] INFO  handler.ContextHandler (ContextHandler.java:doStart(781)) - Started o.e.j.s.ServletContextHandler@14168e1{/logs,file:///workdir/hadoop-ozone/integration-test/target/log,AVAILABLE}
2019-10-02 07:36:56,283 [main] INFO  handler.ContextHandler (ContextHandler.java:doStart(781)) - Started o.e.j.s.ServletContextHandler@1e225820{/static,jar:file:/home/user/.m2/repository/org/apache/hadoop/hadoop-hdds-container-service/0.5.0-SNAPSHOT/hadoop-hdds-container-service-0.5.0-SNAPSHOT.jar!/webapps/static,AVAILABLE}
2019-10-02 07:36:56,317 [main] INFO  handler.ContextHandler (ContextHandler.java:doStart(781)) - Started o.e.j.w.WebAppContext@134f8ef6{/,file:///tmp/jetty-0.0.0.0-43138-hddsDatanode-_-any-6791355956070999651.dir/webapp/,AVAILABLE}{/hddsDatanode}
2019-10-02 07:36:56,317 [main] INFO  server.AbstractConnector (AbstractConnector.java:doStart(278)) - Started ServerConnector@5a90265a{HTTP/1.1,[http/1.1]}{0.0.0.0:43138}
2019-10-02 07:36:56,319 [main] INFO  server.Server (Server.java:doStart(419)) - Started @119328ms
2019-10-02 07:36:56,319 [main] WARN  impl.MetricsSystemImpl (MetricsSystemImpl.java:register(276)) - Sink prometheus already exists!
2019-10-02 07:36:56,320 [main] INFO  server.BaseHttpServer (BaseHttpServer.java:updateConnectorAddress(215)) - HTTP server of HDDSDATANODE is listening at http://0.0.0.0:43138
2019-10-02 07:36:56,320 [main] INFO  impl.MetricsSystemImpl (MetricsSystemImpl.java:init(158)) - HddsDatanode metrics system started (again)
2019-10-02 07:36:56,323 [org.apache.hadoop.util.JvmPauseMonitor$Monitor@32df0281] INFO  util.JvmPauseMonitor (JvmPauseMonitor.java:run(188)) - Starting JVM pause monitor
2019-10-02 07:36:56,324 [main] INFO  ozone.HddsDatanodeService (HddsDatanodeService.java:start(184)) - HddsDatanodeService host:pr-hdds-2227-gdpr-vz6hn-2718222164 ip:192.168.164.211
2019-10-02 07:36:56,326 [Datanode State Machine Thread - 0] INFO  datanode.InitDatanodeState (InitDatanodeState.java:persistContainerDatanodeDetails(140)) - DatanodeDetails is persisted to /workdir/hadoop-ozone/integration-test/target/test-dir/MiniOzoneClusterImpl-3f41681f-8054-4211-a8ce-d518c1f2066d/datanode-1/meta/datanode.id
2019-10-02 07:36:56,329 [main] INFO  volume.HddsVolume (HddsVolume.java:<init>(176)) - Creating Volume: /workdir/hadoop-ozone/integration-test/target/test-dir/MiniOzoneClusterImpl-3f41681f-8054-4211-a8ce-d518c1f2066d/datanode-2/data/containers/hdds of  storage type : DISK and capacity : 1482555576320
2019-10-02 07:36:56,329 [main] INFO  volume.VolumeSet (VolumeSet.java:initializeVolumeSet(170)) - Added Volume : /workdir/hadoop-ozone/integration-test/target/test-dir/MiniOzoneClusterImpl-3f41681f-8054-4211-a8ce-d518c1f2066d/datanode-2/data/containers/hdds to VolumeSet
2019-10-02 07:36:56,329 [main] INFO  volume.ThrottledAsyncChecker (ThrottledAsyncChecker.java:schedule(139)) - Scheduling a check for org.apache.hadoop.ozone.container.common.volume.HddsVolume@36068727
2019-10-02 07:36:56,330 [main] INFO  volume.HddsVolumeChecker (HddsVolumeChecker.java:checkAllVolumes(202)) - Scheduled health check for volume org.apache.hadoop.ozone.container.common.volume.HddsVolume@36068727
2019-10-02 07:36:56,345 [main] INFO  impl.RaftServerProxy (ConfUtils.java:logGet(43)) - raft.rpc.type = GRPC (default)
2019-10-02 07:36:56,345 [main] INFO  grpc.GrpcFactory (GrpcFactory.java:checkPooledByteBufAllocatorUseCacheForAllThreads(45)) - PERFORMANCE WARNING: useCacheForAllThreads is true that may cause Netty to create a lot garbage objects and, as a result, trigger GC.
	It is recommended to disable useCacheForAllThreads by setting -Dorg.apache.ratis.thirdparty.io.netty.allocator.useCacheForAllThreads=false in command line.
2019-10-02 07:36:56,345 [main] INFO  grpc.GrpcConfigKeys$Server (ConfUtils.java:logGet(43)) - raft.grpc.server.port = 0 (default)
2019-10-02 07:36:56,345 [main] INFO  server.GrpcService (ConfUtils.java:logGet(43)) - raft.grpc.message.size.max = 33570816 (custom)
2019-10-02 07:36:56,346 [main] INFO  server.RaftServerConfigKeys (ConfUtils.java:logGet(43)) - raft.server.log.appender.buffer.byte-limit = 33554432 (custom)
2019-10-02 07:36:56,346 [main] INFO  server.GrpcService (ConfUtils.java:logGet(43)) - raft.grpc.flow.control.window = 1MB (=1048576) (default)
2019-10-02 07:36:56,346 [main] INFO  server.RaftServerConfigKeys (ConfUtils.java:logGet(43)) - raft.server.rpc.request.timeout = 3000ms (default)
2019-10-02 07:36:56,347 [main] INFO  server.RaftServerConfigKeys (ConfUtils.java:logGet(43)) - raft.server.storage.dir = [/workdir/hadoop-ozone/integration-test/target/test-dir/MiniOzoneClusterImpl-3f41681f-8054-4211-a8ce-d518c1f2066d/datanode-2/data/ratis] (custom)
2019-10-02 07:36:56,348 [main] INFO  hdfs.DFSUtil (DFSUtil.java:httpServerTemplateForNNAndJN(1641)) - Starting Web-server for hddsDatanode at: http://0.0.0.0:0
2019-10-02 07:36:56,349 [main] INFO  server.AuthenticationFilter (AuthenticationFilter.java:constructSecretProvider(240)) - Unable to initialize FileSignerSecretProvider, falling back to use random secrets.
2019-10-02 07:36:56,349 [main] WARN  http.HttpRequestLog (HttpRequestLog.java:getRequestLog(97)) - Jetty request log can only be enabled using Log4j
2019-10-02 07:36:56,351 [main] INFO  http.HttpServer2 (HttpServer2.java:addGlobalFilter(975)) - Added global filter 'safety' (class=org.apache.hadoop.http.HttpServer2$QuotingInputFilter)
2019-10-02 07:36:56,351 [main] INFO  http.HttpServer2 (HttpServer2.java:addFilter(948)) - Added filter static_user_filter (class=org.apache.hadoop.http.lib.StaticUserWebFilter$StaticUserFilter) to context hddsDatanode
2019-10-02 07:36:56,351 [main] INFO  http.HttpServer2 (HttpServer2.java:addFilter(958)) - Added filter static_user_filter (class=org.apache.hadoop.http.lib.StaticUserWebFilter$StaticUserFilter) to context logs
2019-10-02 07:36:56,352 [main] INFO  http.HttpServer2 (HttpServer2.java:addFilter(958)) - Added filter static_user_filter (class=org.apache.hadoop.http.lib.StaticUserWebFilter$StaticUserFilter) to context static
2019-10-02 07:36:56,352 [main] INFO  http.HttpServer2 (HttpServer2.java:bindListener(1191)) - Jetty bound to port 46865
2019-10-02 07:36:56,352 [main] INFO  server.Server (Server.java:doStart(351)) - jetty-9.3.25.v20180904, build timestamp: 2018-09-04T21:11:46Z, git hash: 3ce520221d0240229c862b122d2b06c12a625732
2019-10-02 07:36:56,354 [main] INFO  handler.ContextHandler (ContextHandler.java:doStart(781)) - Started o.e.j.s.ServletContextHandler@29896529{/logs,file:///workdir/hadoop-ozone/integration-test/target/log,AVAILABLE}
2019-10-02 07:36:56,354 [main] INFO  handler.ContextHandler (ContextHandler.java:doStart(781)) - Started o.e.j.s.ServletContextHandler@41b64020{/static,jar:file:/home/user/.m2/repository/org/apache/hadoop/hadoop-hdds-container-service/0.5.0-SNAPSHOT/hadoop-hdds-container-service-0.5.0-SNAPSHOT.jar!/webapps/static,AVAILABLE}
2019-10-02 07:36:56,384 [main] INFO  handler.ContextHandler (ContextHandler.java:doStart(781)) - Started o.e.j.w.WebAppContext@603cabc4{/,file:///tmp/jetty-0.0.0.0-46865-hddsDatanode-_-any-3872676894243565747.dir/webapp/,AVAILABLE}{/hddsDatanode}
2019-10-02 07:36:56,385 [main] INFO  server.AbstractConnector (AbstractConnector.java:doStart(278)) - Started ServerConnector@67fa5045{HTTP/1.1,[http/1.1]}{0.0.0.0:46865}
2019-10-02 07:36:56,386 [main] INFO  server.Server (Server.java:doStart(419)) - Started @119395ms
2019-10-02 07:36:56,386 [main] WARN  impl.MetricsSystemImpl (MetricsSystemImpl.java:register(276)) - Sink prometheus already exists!
2019-10-02 07:36:56,386 [main] INFO  server.BaseHttpServer (BaseHttpServer.java:updateConnectorAddress(215)) - HTTP server of HDDSDATANODE is listening at http://0.0.0.0:46865
2019-10-02 07:36:56,387 [main] INFO  impl.MetricsSystemImpl (MetricsSystemImpl.java:init(158)) - HddsDatanode metrics system started (again)
2019-10-02 07:36:56,390 [org.apache.hadoop.util.JvmPauseMonitor$Monitor@308f38e5] INFO  util.JvmPauseMonitor (JvmPauseMonitor.java:run(188)) - Starting JVM pause monitor
2019-10-02 07:36:56,390 [main] INFO  ozone.HddsDatanodeService (HddsDatanodeService.java:start(184)) - HddsDatanodeService host:pr-hdds-2227-gdpr-vz6hn-2718222164 ip:192.168.164.211
2019-10-02 07:36:56,391 [Datanode State Machine Thread - 0] INFO  datanode.InitDatanodeState (InitDatanodeState.java:persistContainerDatanodeDetails(140)) - DatanodeDetails is persisted to /workdir/hadoop-ozone/integration-test/target/test-dir/MiniOzoneClusterImpl-3f41681f-8054-4211-a8ce-d518c1f2066d/datanode-2/meta/datanode.id
2019-10-02 07:36:56,396 [main] INFO  volume.HddsVolume (HddsVolume.java:<init>(176)) - Creating Volume: /workdir/hadoop-ozone/integration-test/target/test-dir/MiniOzoneClusterImpl-3f41681f-8054-4211-a8ce-d518c1f2066d/datanode-3/data/containers/hdds of  storage type : DISK and capacity : 1482555576320
2019-10-02 07:36:56,396 [main] INFO  volume.VolumeSet (VolumeSet.java:initializeVolumeSet(170)) - Added Volume : /workdir/hadoop-ozone/integration-test/target/test-dir/MiniOzoneClusterImpl-3f41681f-8054-4211-a8ce-d518c1f2066d/datanode-3/data/containers/hdds to VolumeSet
2019-10-02 07:36:56,396 [main] INFO  volume.ThrottledAsyncChecker (ThrottledAsyncChecker.java:schedule(139)) - Scheduling a check for org.apache.hadoop.ozone.container.common.volume.HddsVolume@45117dd
2019-10-02 07:36:56,397 [main] INFO  volume.HddsVolumeChecker (HddsVolumeChecker.java:checkAllVolumes(202)) - Scheduled health check for volume org.apache.hadoop.ozone.container.common.volume.HddsVolume@45117dd
2019-10-02 07:36:56,409 [main] INFO  impl.RaftServerProxy (ConfUtils.java:logGet(43)) - raft.rpc.type = GRPC (default)
2019-10-02 07:36:56,410 [main] INFO  grpc.GrpcFactory (GrpcFactory.java:checkPooledByteBufAllocatorUseCacheForAllThreads(45)) - PERFORMANCE WARNING: useCacheForAllThreads is true that may cause Netty to create a lot garbage objects and, as a result, trigger GC.
	It is recommended to disable useCacheForAllThreads by setting -Dorg.apache.ratis.thirdparty.io.netty.allocator.useCacheForAllThreads=false in command line.
2019-10-02 07:36:56,410 [main] INFO  grpc.GrpcConfigKeys$Server (ConfUtils.java:logGet(43)) - raft.grpc.server.port = 0 (default)
2019-10-02 07:36:56,410 [main] INFO  server.GrpcService (ConfUtils.java:logGet(43)) - raft.grpc.message.size.max = 33570816 (custom)
2019-10-02 07:36:56,410 [main] INFO  server.RaftServerConfigKeys (ConfUtils.java:logGet(43)) - raft.server.log.appender.buffer.byte-limit = 33554432 (custom)
2019-10-02 07:36:56,410 [main] INFO  server.GrpcService (ConfUtils.java:logGet(43)) - raft.grpc.flow.control.window = 1MB (=1048576) (default)
2019-10-02 07:36:56,411 [main] INFO  server.RaftServerConfigKeys (ConfUtils.java:logGet(43)) - raft.server.rpc.request.timeout = 3000ms (default)
2019-10-02 07:36:56,411 [main] INFO  server.RaftServerConfigKeys (ConfUtils.java:logGet(43)) - raft.server.storage.dir = [/workdir/hadoop-ozone/integration-test/target/test-dir/MiniOzoneClusterImpl-3f41681f-8054-4211-a8ce-d518c1f2066d/datanode-3/data/ratis] (custom)
2019-10-02 07:36:56,412 [main] INFO  hdfs.DFSUtil (DFSUtil.java:httpServerTemplateForNNAndJN(1641)) - Starting Web-server for hddsDatanode at: http://0.0.0.0:0
2019-10-02 07:36:56,414 [main] INFO  server.AuthenticationFilter (AuthenticationFilter.java:constructSecretProvider(240)) - Unable to initialize FileSignerSecretProvider, falling back to use random secrets.
2019-10-02 07:36:56,414 [main] WARN  http.HttpRequestLog (HttpRequestLog.java:getRequestLog(97)) - Jetty request log can only be enabled using Log4j
2019-10-02 07:36:56,416 [main] INFO  http.HttpServer2 (HttpServer2.java:addGlobalFilter(975)) - Added global filter 'safety' (class=org.apache.hadoop.http.HttpServer2$QuotingInputFilter)
2019-10-02 07:36:56,416 [main] INFO  http.HttpServer2 (HttpServer2.java:addFilter(948)) - Added filter static_user_filter (class=org.apache.hadoop.http.lib.StaticUserWebFilter$StaticUserFilter) to context hddsDatanode
2019-10-02 07:36:56,417 [main] INFO  http.HttpServer2 (HttpServer2.java:addFilter(958)) - Added filter static_user_filter (class=org.apache.hadoop.http.lib.StaticUserWebFilter$StaticUserFilter) to context logs
2019-10-02 07:36:56,417 [main] INFO  http.HttpServer2 (HttpServer2.java:addFilter(958)) - Added filter static_user_filter (class=org.apache.hadoop.http.lib.StaticUserWebFilter$StaticUserFilter) to context static
2019-10-02 07:36:56,418 [main] INFO  http.HttpServer2 (HttpServer2.java:bindListener(1191)) - Jetty bound to port 34913
2019-10-02 07:36:56,418 [main] INFO  server.Server (Server.java:doStart(351)) - jetty-9.3.25.v20180904, build timestamp: 2018-09-04T21:11:46Z, git hash: 3ce520221d0240229c862b122d2b06c12a625732
2019-10-02 07:36:56,419 [main] INFO  handler.ContextHandler (ContextHandler.java:doStart(781)) - Started o.e.j.s.ServletContextHandler@42507640{/logs,file:///workdir/hadoop-ozone/integration-test/target/log,AVAILABLE}
2019-10-02 07:36:56,420 [main] INFO  handler.ContextHandler (ContextHandler.java:doStart(781)) - Started o.e.j.s.ServletContextHandler@11dcd42c{/static,jar:file:/home/user/.m2/repository/org/apache/hadoop/hadoop-hdds-container-service/0.5.0-SNAPSHOT/hadoop-hdds-container-service-0.5.0-SNAPSHOT.jar!/webapps/static,AVAILABLE}
2019-10-02 07:36:56,455 [main] INFO  handler.ContextHandler (ContextHandler.java:doStart(781)) - Started o.e.j.w.WebAppContext@6042d663{/,file:///tmp/jetty-0.0.0.0-34913-hddsDatanode-_-any-5020142693803531289.dir/webapp/,AVAILABLE}{/hddsDatanode}
2019-10-02 07:36:56,455 [main] INFO  server.AbstractConnector (AbstractConnector.java:doStart(278)) - Started ServerConnector@24043ec5{HTTP/1.1,[http/1.1]}{0.0.0.0:34913}
2019-10-02 07:36:56,457 [main] INFO  server.Server (Server.java:doStart(419)) - Started @119466ms
2019-10-02 07:36:56,457 [main] WARN  impl.MetricsSystemImpl (MetricsSystemImpl.java:register(276)) - Sink prometheus already exists!
2019-10-02 07:36:56,458 [main] INFO  server.BaseHttpServer (BaseHttpServer.java:updateConnectorAddress(215)) - HTTP server of HDDSDATANODE is listening at http://0.0.0.0:34913
2019-10-02 07:36:56,458 [main] INFO  impl.MetricsSystemImpl (MetricsSystemImpl.java:init(158)) - HddsDatanode metrics system started (again)
2019-10-02 07:36:56,461 [org.apache.hadoop.util.JvmPauseMonitor$Monitor@28b6b93f] INFO  util.JvmPauseMonitor (JvmPauseMonitor.java:run(188)) - Starting JVM pause monitor
2019-10-02 07:36:56,462 [main] INFO  ozone.HddsDatanodeService (HddsDatanodeService.java:start(184)) - HddsDatanodeService host:pr-hdds-2227-gdpr-vz6hn-2718222164 ip:192.168.164.211
2019-10-02 07:36:56,463 [Datanode State Machine Thread - 0] INFO  datanode.InitDatanodeState (InitDatanodeState.java:persistContainerDatanodeDetails(140)) - DatanodeDetails is persisted to /workdir/hadoop-ozone/integration-test/target/test-dir/MiniOzoneClusterImpl-3f41681f-8054-4211-a8ce-d518c1f2066d/datanode-3/meta/datanode.id
2019-10-02 07:36:56,473 [main] INFO  volume.HddsVolume (HddsVolume.java:<init>(176)) - Creating Volume: /workdir/hadoop-ozone/integration-test/target/test-dir/MiniOzoneClusterImpl-3f41681f-8054-4211-a8ce-d518c1f2066d/datanode-4/data/containers/hdds of  storage type : DISK and capacity : 1482555576320
2019-10-02 07:36:56,473 [main] INFO  volume.VolumeSet (VolumeSet.java:initializeVolumeSet(170)) - Added Volume : /workdir/hadoop-ozone/integration-test/target/test-dir/MiniOzoneClusterImpl-3f41681f-8054-4211-a8ce-d518c1f2066d/datanode-4/data/containers/hdds to VolumeSet
2019-10-02 07:36:56,474 [main] INFO  volume.ThrottledAsyncChecker (ThrottledAsyncChecker.java:schedule(139)) - Scheduling a check for org.apache.hadoop.ozone.container.common.volume.HddsVolume@16134476
2019-10-02 07:36:56,474 [main] INFO  volume.HddsVolumeChecker (HddsVolumeChecker.java:checkAllVolumes(202)) - Scheduled health check for volume org.apache.hadoop.ozone.container.common.volume.HddsVolume@16134476
2019-10-02 07:36:56,487 [main] INFO  impl.RaftServerProxy (ConfUtils.java:logGet(43)) - raft.rpc.type = GRPC (default)
2019-10-02 07:36:56,487 [main] INFO  grpc.GrpcFactory (GrpcFactory.java:checkPooledByteBufAllocatorUseCacheForAllThreads(45)) - PERFORMANCE WARNING: useCacheForAllThreads is true that may cause Netty to create a lot garbage objects and, as a result, trigger GC.
	It is recommended to disable useCacheForAllThreads by setting -Dorg.apache.ratis.thirdparty.io.netty.allocator.useCacheForAllThreads=false in command line.
2019-10-02 07:36:56,487 [main] INFO  grpc.GrpcConfigKeys$Server (ConfUtils.java:logGet(43)) - raft.grpc.server.port = 0 (default)
2019-10-02 07:36:56,487 [main] INFO  server.GrpcService (ConfUtils.java:logGet(43)) - raft.grpc.message.size.max = 33570816 (custom)
2019-10-02 07:36:56,487 [main] INFO  server.RaftServerConfigKeys (ConfUtils.java:logGet(43)) - raft.server.log.appender.buffer.byte-limit = 33554432 (custom)
2019-10-02 07:36:56,487 [main] INFO  server.GrpcService (ConfUtils.java:logGet(43)) - raft.grpc.flow.control.window = 1MB (=1048576) (default)
2019-10-02 07:36:56,488 [main] INFO  server.RaftServerConfigKeys (ConfUtils.java:logGet(43)) - raft.server.rpc.request.timeout = 3000ms (default)
2019-10-02 07:36:56,488 [main] INFO  server.RaftServerConfigKeys (ConfUtils.java:logGet(43)) - raft.server.storage.dir = [/workdir/hadoop-ozone/integration-test/target/test-dir/MiniOzoneClusterImpl-3f41681f-8054-4211-a8ce-d518c1f2066d/datanode-4/data/ratis] (custom)
2019-10-02 07:36:56,489 [main] INFO  hdfs.DFSUtil (DFSUtil.java:httpServerTemplateForNNAndJN(1641)) - Starting Web-server for hddsDatanode at: http://0.0.0.0:0
2019-10-02 07:36:56,490 [main] INFO  server.AuthenticationFilter (AuthenticationFilter.java:constructSecretProvider(240)) - Unable to initialize FileSignerSecretProvider, falling back to use random secrets.
2019-10-02 07:36:56,490 [main] WARN  http.HttpRequestLog (HttpRequestLog.java:getRequestLog(97)) - Jetty request log can only be enabled using Log4j
2019-10-02 07:36:56,492 [main] INFO  http.HttpServer2 (HttpServer2.java:addGlobalFilter(975)) - Added global filter 'safety' (class=org.apache.hadoop.http.HttpServer2$QuotingInputFilter)
2019-10-02 07:36:56,492 [main] INFO  http.HttpServer2 (HttpServer2.java:addFilter(948)) - Added filter static_user_filter (class=org.apache.hadoop.http.lib.StaticUserWebFilter$StaticUserFilter) to context hddsDatanode
2019-10-02 07:36:56,492 [main] INFO  http.HttpServer2 (HttpServer2.java:addFilter(958)) - Added filter static_user_filter (class=org.apache.hadoop.http.lib.StaticUserWebFilter$StaticUserFilter) to context static
2019-10-02 07:36:56,492 [main] INFO  http.HttpServer2 (HttpServer2.java:addFilter(958)) - Added filter static_user_filter (class=org.apache.hadoop.http.lib.StaticUserWebFilter$StaticUserFilter) to context logs
2019-10-02 07:36:56,493 [main] INFO  http.HttpServer2 (HttpServer2.java:bindListener(1191)) - Jetty bound to port 40509
2019-10-02 07:36:56,493 [main] INFO  server.Server (Server.java:doStart(351)) - jetty-9.3.25.v20180904, build timestamp: 2018-09-04T21:11:46Z, git hash: 3ce520221d0240229c862b122d2b06c12a625732
2019-10-02 07:36:56,494 [main] INFO  handler.ContextHandler (ContextHandler.java:doStart(781)) - Started o.e.j.s.ServletContextHandler@3d8d17a3{/logs,file:///workdir/hadoop-ozone/integration-test/target/log,AVAILABLE}
2019-10-02 07:36:56,495 [main] INFO  handler.ContextHandler (ContextHandler.java:doStart(781)) - Started o.e.j.s.ServletContextHandler@7f79edee{/static,jar:file:/home/user/.m2/repository/org/apache/hadoop/hadoop-hdds-container-service/0.5.0-SNAPSHOT/hadoop-hdds-container-service-0.5.0-SNAPSHOT.jar!/webapps/static,AVAILABLE}
2019-10-02 07:36:56,522 [main] INFO  handler.ContextHandler (ContextHandler.java:doStart(781)) - Started o.e.j.w.WebAppContext@1e1232cf{/,file:///tmp/jetty-0.0.0.0-40509-hddsDatanode-_-any-7256902285891113168.dir/webapp/,AVAILABLE}{/hddsDatanode}
2019-10-02 07:36:56,522 [main] INFO  server.AbstractConnector (AbstractConnector.java:doStart(278)) - Started ServerConnector@6f6efa4f{HTTP/1.1,[http/1.1]}{0.0.0.0:40509}
2019-10-02 07:36:56,523 [main] INFO  server.Server (Server.java:doStart(419)) - Started @119533ms
2019-10-02 07:36:56,523 [main] WARN  impl.MetricsSystemImpl (MetricsSystemImpl.java:register(276)) - Sink prometheus already exists!
2019-10-02 07:36:56,524 [main] INFO  server.BaseHttpServer (BaseHttpServer.java:updateConnectorAddress(215)) - HTTP server of HDDSDATANODE is listening at http://0.0.0.0:40509
2019-10-02 07:36:56,525 [main] INFO  impl.MetricsSystemImpl (MetricsSystemImpl.java:init(158)) - HddsDatanode metrics system started (again)
2019-10-02 07:36:56,528 [org.apache.hadoop.util.JvmPauseMonitor$Monitor@5fef0bfe] INFO  util.JvmPauseMonitor (JvmPauseMonitor.java:run(188)) - Starting JVM pause monitor
2019-10-02 07:36:56,529 [main] INFO  ozone.HddsDatanodeService (HddsDatanodeService.java:start(184)) - HddsDatanodeService host:pr-hdds-2227-gdpr-vz6hn-2718222164 ip:192.168.164.211
2019-10-02 07:36:56,530 [Datanode State Machine Thread - 0] INFO  datanode.InitDatanodeState (InitDatanodeState.java:persistContainerDatanodeDetails(140)) - DatanodeDetails is persisted to /workdir/hadoop-ozone/integration-test/target/test-dir/MiniOzoneClusterImpl-3f41681f-8054-4211-a8ce-d518c1f2066d/datanode-4/meta/datanode.id
2019-10-02 07:36:56,535 [main] INFO  volume.HddsVolume (HddsVolume.java:<init>(176)) - Creating Volume: /workdir/hadoop-ozone/integration-test/target/test-dir/MiniOzoneClusterImpl-3f41681f-8054-4211-a8ce-d518c1f2066d/datanode-5/data/containers/hdds of  storage type : DISK and capacity : 1482555576320
2019-10-02 07:36:56,535 [main] INFO  volume.VolumeSet (VolumeSet.java:initializeVolumeSet(170)) - Added Volume : /workdir/hadoop-ozone/integration-test/target/test-dir/MiniOzoneClusterImpl-3f41681f-8054-4211-a8ce-d518c1f2066d/datanode-5/data/containers/hdds to VolumeSet
2019-10-02 07:36:56,536 [main] INFO  volume.ThrottledAsyncChecker (ThrottledAsyncChecker.java:schedule(139)) - Scheduling a check for org.apache.hadoop.ozone.container.common.volume.HddsVolume@52c9d3d0
2019-10-02 07:36:56,536 [main] INFO  volume.HddsVolumeChecker (HddsVolumeChecker.java:checkAllVolumes(202)) - Scheduled health check for volume org.apache.hadoop.ozone.container.common.volume.HddsVolume@52c9d3d0
2019-10-02 07:36:56,548 [main] INFO  impl.RaftServerProxy (ConfUtils.java:logGet(43)) - raft.rpc.type = GRPC (default)
2019-10-02 07:36:56,548 [main] INFO  grpc.GrpcFactory (GrpcFactory.java:checkPooledByteBufAllocatorUseCacheForAllThreads(45)) - PERFORMANCE WARNING: useCacheForAllThreads is true that may cause Netty to create a lot garbage objects and, as a result, trigger GC.
	It is recommended to disable useCacheForAllThreads by setting -Dorg.apache.ratis.thirdparty.io.netty.allocator.useCacheForAllThreads=false in command line.
2019-10-02 07:36:56,548 [main] INFO  grpc.GrpcConfigKeys$Server (ConfUtils.java:logGet(43)) - raft.grpc.server.port = 0 (default)
2019-10-02 07:36:56,548 [main] INFO  server.GrpcService (ConfUtils.java:logGet(43)) - raft.grpc.message.size.max = 33570816 (custom)
2019-10-02 07:36:56,549 [main] INFO  server.RaftServerConfigKeys (ConfUtils.java:logGet(43)) - raft.server.log.appender.buffer.byte-limit = 33554432 (custom)
2019-10-02 07:36:56,549 [main] INFO  server.GrpcService (ConfUtils.java:logGet(43)) - raft.grpc.flow.control.window = 1MB (=1048576) (default)
2019-10-02 07:36:56,549 [main] INFO  server.RaftServerConfigKeys (ConfUtils.java:logGet(43)) - raft.server.rpc.request.timeout = 3000ms (default)
2019-10-02 07:36:56,549 [main] INFO  server.RaftServerConfigKeys (ConfUtils.java:logGet(43)) - raft.server.storage.dir = [/workdir/hadoop-ozone/integration-test/target/test-dir/MiniOzoneClusterImpl-3f41681f-8054-4211-a8ce-d518c1f2066d/datanode-5/data/ratis] (custom)
2019-10-02 07:36:56,550 [main] INFO  hdfs.DFSUtil (DFSUtil.java:httpServerTemplateForNNAndJN(1641)) - Starting Web-server for hddsDatanode at: http://0.0.0.0:0
2019-10-02 07:36:56,552 [main] INFO  server.AuthenticationFilter (AuthenticationFilter.java:constructSecretProvider(240)) - Unable to initialize FileSignerSecretProvider, falling back to use random secrets.
2019-10-02 07:36:56,552 [main] WARN  http.HttpRequestLog (HttpRequestLog.java:getRequestLog(97)) - Jetty request log can only be enabled using Log4j
2019-10-02 07:36:56,554 [main] INFO  http.HttpServer2 (HttpServer2.java:addGlobalFilter(975)) - Added global filter 'safety' (class=org.apache.hadoop.http.HttpServer2$QuotingInputFilter)
2019-10-02 07:36:56,555 [main] INFO  http.HttpServer2 (HttpServer2.java:addFilter(948)) - Added filter static_user_filter (class=org.apache.hadoop.http.lib.StaticUserWebFilter$StaticUserFilter) to context hddsDatanode
2019-10-02 07:36:56,555 [main] INFO  http.HttpServer2 (HttpServer2.java:addFilter(958)) - Added filter static_user_filter (class=org.apache.hadoop.http.lib.StaticUserWebFilter$StaticUserFilter) to context logs
2019-10-02 07:36:56,555 [main] INFO  http.HttpServer2 (HttpServer2.java:addFilter(958)) - Added filter static_user_filter (class=org.apache.hadoop.http.lib.StaticUserWebFilter$StaticUserFilter) to context static
2019-10-02 07:36:56,556 [main] INFO  http.HttpServer2 (HttpServer2.java:bindListener(1191)) - Jetty bound to port 36867
2019-10-02 07:36:56,556 [main] INFO  server.Server (Server.java:doStart(351)) - jetty-9.3.25.v20180904, build timestamp: 2018-09-04T21:11:46Z, git hash: 3ce520221d0240229c862b122d2b06c12a625732
2019-10-02 07:36:56,558 [main] INFO  handler.ContextHandler (ContextHandler.java:doStart(781)) - Started o.e.j.s.ServletContextHandler@3a7b2e2{/logs,file:///workdir/hadoop-ozone/integration-test/target/log,AVAILABLE}
2019-10-02 07:36:56,558 [main] INFO  handler.ContextHandler (ContextHandler.java:doStart(781)) - Started o.e.j.s.ServletContextHandler@2921a36a{/static,jar:file:/home/user/.m2/repository/org/apache/hadoop/hadoop-hdds-container-service/0.5.0-SNAPSHOT/hadoop-hdds-container-service-0.5.0-SNAPSHOT.jar!/webapps/static,AVAILABLE}
2019-10-02 07:36:56,595 [main] INFO  handler.ContextHandler (ContextHandler.java:doStart(781)) - Started o.e.j.w.WebAppContext@159424e2{/,file:///tmp/jetty-0.0.0.0-36867-hddsDatanode-_-any-5569595509602561160.dir/webapp/,AVAILABLE}{/hddsDatanode}
2019-10-02 07:36:56,595 [main] INFO  server.AbstractConnector (AbstractConnector.java:doStart(278)) - Started ServerConnector@29bcf51d{HTTP/1.1,[http/1.1]}{0.0.0.0:36867}
2019-10-02 07:36:56,597 [main] INFO  server.Server (Server.java:doStart(419)) - Started @119606ms
2019-10-02 07:36:56,597 [main] WARN  impl.MetricsSystemImpl (MetricsSystemImpl.java:register(276)) - Sink prometheus already exists!
2019-10-02 07:36:56,597 [main] INFO  server.BaseHttpServer (BaseHttpServer.java:updateConnectorAddress(215)) - HTTP server of HDDSDATANODE is listening at http://0.0.0.0:36867
2019-10-02 07:36:56,598 [main] INFO  impl.MetricsSystemImpl (MetricsSystemImpl.java:init(158)) - HddsDatanode metrics system started (again)
2019-10-02 07:36:56,602 [org.apache.hadoop.util.JvmPauseMonitor$Monitor@37880b80] INFO  util.JvmPauseMonitor (JvmPauseMonitor.java:run(188)) - Starting JVM pause monitor
2019-10-02 07:36:56,602 [main] INFO  ozone.HddsDatanodeService (HddsDatanodeService.java:start(184)) - HddsDatanodeService host:pr-hdds-2227-gdpr-vz6hn-2718222164 ip:192.168.164.211
2019-10-02 07:36:56,603 [Datanode State Machine Thread - 0] INFO  datanode.InitDatanodeState (InitDatanodeState.java:persistContainerDatanodeDetails(140)) - DatanodeDetails is persisted to /workdir/hadoop-ozone/integration-test/target/test-dir/MiniOzoneClusterImpl-3f41681f-8054-4211-a8ce-d518c1f2066d/datanode-5/meta/datanode.id
2019-10-02 07:36:56,609 [main] INFO  volume.HddsVolume (HddsVolume.java:<init>(176)) - Creating Volume: /workdir/hadoop-ozone/integration-test/target/test-dir/MiniOzoneClusterImpl-3f41681f-8054-4211-a8ce-d518c1f2066d/datanode-6/data/containers/hdds of  storage type : DISK and capacity : 1482555576320
2019-10-02 07:36:56,609 [main] INFO  volume.VolumeSet (VolumeSet.java:initializeVolumeSet(170)) - Added Volume : /workdir/hadoop-ozone/integration-test/target/test-dir/MiniOzoneClusterImpl-3f41681f-8054-4211-a8ce-d518c1f2066d/datanode-6/data/containers/hdds to VolumeSet
2019-10-02 07:36:56,609 [main] INFO  volume.ThrottledAsyncChecker (ThrottledAsyncChecker.java:schedule(139)) - Scheduling a check for org.apache.hadoop.ozone.container.common.volume.HddsVolume@3b0c3951
2019-10-02 07:36:56,610 [main] INFO  volume.HddsVolumeChecker (HddsVolumeChecker.java:checkAllVolumes(202)) - Scheduled health check for volume org.apache.hadoop.ozone.container.common.volume.HddsVolume@3b0c3951
2019-10-02 07:36:56,624 [main] INFO  impl.RaftServerProxy (ConfUtils.java:logGet(43)) - raft.rpc.type = GRPC (default)
2019-10-02 07:36:56,624 [main] INFO  grpc.GrpcFactory (GrpcFactory.java:checkPooledByteBufAllocatorUseCacheForAllThreads(45)) - PERFORMANCE WARNING: useCacheForAllThreads is true that may cause Netty to create a lot garbage objects and, as a result, trigger GC.
	It is recommended to disable useCacheForAllThreads by setting -Dorg.apache.ratis.thirdparty.io.netty.allocator.useCacheForAllThreads=false in command line.
2019-10-02 07:36:56,624 [main] INFO  grpc.GrpcConfigKeys$Server (ConfUtils.java:logGet(43)) - raft.grpc.server.port = 0 (default)
2019-10-02 07:36:56,625 [main] INFO  server.GrpcService (ConfUtils.java:logGet(43)) - raft.grpc.message.size.max = 33570816 (custom)
2019-10-02 07:36:56,625 [main] INFO  server.RaftServerConfigKeys (ConfUtils.java:logGet(43)) - raft.server.log.appender.buffer.byte-limit = 33554432 (custom)
2019-10-02 07:36:56,625 [main] INFO  server.GrpcService (ConfUtils.java:logGet(43)) - raft.grpc.flow.control.window = 1MB (=1048576) (default)
2019-10-02 07:36:56,625 [main] INFO  server.RaftServerConfigKeys (ConfUtils.java:logGet(43)) - raft.server.rpc.request.timeout = 3000ms (default)
2019-10-02 07:36:56,626 [main] INFO  server.RaftServerConfigKeys (ConfUtils.java:logGet(43)) - raft.server.storage.dir = [/workdir/hadoop-ozone/integration-test/target/test-dir/MiniOzoneClusterImpl-3f41681f-8054-4211-a8ce-d518c1f2066d/datanode-6/data/ratis] (custom)
2019-10-02 07:36:56,627 [main] INFO  hdfs.DFSUtil (DFSUtil.java:httpServerTemplateForNNAndJN(1641)) - Starting Web-server for hddsDatanode at: http://0.0.0.0:0
2019-10-02 07:36:56,628 [main] INFO  server.AuthenticationFilter (AuthenticationFilter.java:constructSecretProvider(240)) - Unable to initialize FileSignerSecretProvider, falling back to use random secrets.
2019-10-02 07:36:56,629 [main] WARN  http.HttpRequestLog (HttpRequestLog.java:getRequestLog(97)) - Jetty request log can only be enabled using Log4j
2019-10-02 07:36:56,630 [main] INFO  http.HttpServer2 (HttpServer2.java:addGlobalFilter(975)) - Added global filter 'safety' (class=org.apache.hadoop.http.HttpServer2$QuotingInputFilter)
2019-10-02 07:36:56,630 [main] INFO  http.HttpServer2 (HttpServer2.java:addFilter(948)) - Added filter static_user_filter (class=org.apache.hadoop.http.lib.StaticUserWebFilter$StaticUserFilter) to context hddsDatanode
2019-10-02 07:36:56,631 [main] INFO  http.HttpServer2 (HttpServer2.java:addFilter(958)) - Added filter static_user_filter (class=org.apache.hadoop.http.lib.StaticUserWebFilter$StaticUserFilter) to context logs
2019-10-02 07:36:56,631 [main] INFO  http.HttpServer2 (HttpServer2.java:addFilter(958)) - Added filter static_user_filter (class=org.apache.hadoop.http.lib.StaticUserWebFilter$StaticUserFilter) to context static
2019-10-02 07:36:56,631 [main] INFO  http.HttpServer2 (HttpServer2.java:bindListener(1191)) - Jetty bound to port 35854
2019-10-02 07:36:56,631 [main] INFO  server.Server (Server.java:doStart(351)) - jetty-9.3.25.v20180904, build timestamp: 2018-09-04T21:11:46Z, git hash: 3ce520221d0240229c862b122d2b06c12a625732
2019-10-02 07:36:56,633 [main] INFO  handler.ContextHandler (ContextHandler.java:doStart(781)) - Started o.e.j.s.ServletContextHandler@5e593b08{/logs,file:///workdir/hadoop-ozone/integration-test/target/log,AVAILABLE}
2019-10-02 07:36:56,634 [main] INFO  handler.ContextHandler (ContextHandler.java:doStart(781)) - Started o.e.j.s.ServletContextHandler@122635ef{/static,jar:file:/home/user/.m2/repository/org/apache/hadoop/hadoop-hdds-container-service/0.5.0-SNAPSHOT/hadoop-hdds-container-service-0.5.0-SNAPSHOT.jar!/webapps/static,AVAILABLE}
2019-10-02 07:36:56,662 [main] INFO  handler.ContextHandler (ContextHandler.java:doStart(781)) - Started o.e.j.w.WebAppContext@4aeb0e2b{/,file:///tmp/jetty-0.0.0.0-35854-hddsDatanode-_-any-8715963925181622827.dir/webapp/,AVAILABLE}{/hddsDatanode}
2019-10-02 07:36:56,662 [main] INFO  server.AbstractConnector (AbstractConnector.java:doStart(278)) - Started ServerConnector@648c5fb3{HTTP/1.1,[http/1.1]}{0.0.0.0:35854}
2019-10-02 07:36:56,664 [main] INFO  server.Server (Server.java:doStart(419)) - Started @119673ms
2019-10-02 07:36:56,664 [main] WARN  impl.MetricsSystemImpl (MetricsSystemImpl.java:register(276)) - Sink prometheus already exists!
2019-10-02 07:36:56,664 [main] INFO  server.BaseHttpServer (BaseHttpServer.java:updateConnectorAddress(215)) - HTTP server of HDDSDATANODE is listening at http://0.0.0.0:35854
2019-10-02 07:36:56,665 [main] INFO  ozone.MiniOzoneClusterImpl (MiniOzoneClusterImpl.java:lambda$waitForClusterToBeReady$0(147)) - Waiting for cluster to be ready. Got 0 of 7 DN Heartbeats.
2019-10-02 07:36:56,666 [org.apache.hadoop.util.JvmPauseMonitor$Monitor@60cc5061] INFO  util.JvmPauseMonitor (JvmPauseMonitor.java:run(188)) - Starting JVM pause monitor
2019-10-02 07:36:56,667 [Datanode State Machine Thread - 0] INFO  datanode.InitDatanodeState (InitDatanodeState.java:persistContainerDatanodeDetails(140)) - DatanodeDetails is persisted to /workdir/hadoop-ozone/integration-test/target/test-dir/MiniOzoneClusterImpl-3f41681f-8054-4211-a8ce-d518c1f2066d/datanode-6/meta/datanode.id
2019-10-02 07:36:57,665 [main] INFO  ozone.MiniOzoneClusterImpl (MiniOzoneClusterImpl.java:lambda$waitForClusterToBeReady$0(147)) - Waiting for cluster to be ready. Got 0 of 7 DN Heartbeats.
2019-10-02 07:36:58,286 [Datanode State Machine Thread - 0] INFO  ozoneimpl.OzoneContainer (OzoneContainer.java:start(217)) - Attempting to start container services.
2019-10-02 07:36:58,286 [Datanode State Machine Thread - 0] INFO  ozoneimpl.OzoneContainer (OzoneContainer.java:startContainerScrub(179)) - Background container scanner has been disabled.
2019-10-02 07:36:58,287 [Datanode State Machine Thread - 0] INFO  ratis.XceiverServerRatis (XceiverServerRatis.java:start(417)) - Starting XceiverServerRatis 4e72db7b-e674-4275-a804-832ad1c78127 at port 0
2019-10-02 07:36:58,294 [Datanode State Machine Thread - 0] INFO  impl.RaftServerProxy (RaftServerProxy.java:lambda$start$3(299)) - 4e72db7b-e674-4275-a804-832ad1c78127: start RPC server
2019-10-02 07:36:58,296 [Datanode State Machine Thread - 0] INFO  server.GrpcService (GrpcService.java:startImpl(158)) - 4e72db7b-e674-4275-a804-832ad1c78127: GrpcService started, listening on 0.0.0.0/0.0.0.0:36046
2019-10-02 07:36:58,296 [Datanode State Machine Thread - 0] INFO  ratis.XceiverServerRatis (XceiverServerRatis.java:start(427)) - XceiverServerRatis 4e72db7b-e674-4275-a804-832ad1c78127 is started using port 36046
2019-10-02 07:36:58,297 [Datanode State Machine Thread - 0] INFO  server.XceiverServerGrpc (XceiverServerGrpc.java:start(149)) - XceiverServerGrpc 4e72db7b-e674-4275-a804-832ad1c78127 is started using port 45070
2019-10-02 07:36:58,338 [Datanode State Machine Thread - 0] INFO  ozoneimpl.OzoneContainer (OzoneContainer.java:start(217)) - Attempting to start container services.
2019-10-02 07:36:58,340 [Datanode State Machine Thread - 0] INFO  ozoneimpl.OzoneContainer (OzoneContainer.java:startContainerScrub(179)) - Background container scanner has been disabled.
2019-10-02 07:36:58,340 [Datanode State Machine Thread - 0] INFO  ratis.XceiverServerRatis (XceiverServerRatis.java:start(417)) - Starting XceiverServerRatis a30d8e4d-bc7e-4402-a494-020e3abfc499 at port 0
2019-10-02 07:36:58,344 [Datanode State Machine Thread - 0] INFO  impl.RaftServerProxy (RaftServerProxy.java:lambda$start$3(299)) - a30d8e4d-bc7e-4402-a494-020e3abfc499: start RPC server
2019-10-02 07:36:58,346 [Datanode State Machine Thread - 0] INFO  server.GrpcService (GrpcService.java:startImpl(158)) - a30d8e4d-bc7e-4402-a494-020e3abfc499: GrpcService started, listening on 0.0.0.0/0.0.0.0:39446
2019-10-02 07:36:58,346 [Datanode State Machine Thread - 0] INFO  ratis.XceiverServerRatis (XceiverServerRatis.java:start(427)) - XceiverServerRatis a30d8e4d-bc7e-4402-a494-020e3abfc499 is started using port 39446
2019-10-02 07:36:58,347 [Datanode State Machine Thread - 0] INFO  server.XceiverServerGrpc (XceiverServerGrpc.java:start(149)) - XceiverServerGrpc a30d8e4d-bc7e-4402-a494-020e3abfc499 is started using port 45029
2019-10-02 07:36:58,404 [Datanode State Machine Thread - 0] INFO  ozoneimpl.OzoneContainer (OzoneContainer.java:start(217)) - Attempting to start container services.
2019-10-02 07:36:58,404 [Datanode State Machine Thread - 0] INFO  ozoneimpl.OzoneContainer (OzoneContainer.java:startContainerScrub(179)) - Background container scanner has been disabled.
2019-10-02 07:36:58,405 [Datanode State Machine Thread - 0] INFO  ratis.XceiverServerRatis (XceiverServerRatis.java:start(417)) - Starting XceiverServerRatis 0106732b-0d80-4fea-ad09-dcf61067161b at port 0
2019-10-02 07:36:58,410 [Datanode State Machine Thread - 0] INFO  impl.RaftServerProxy (RaftServerProxy.java:lambda$start$3(299)) - 0106732b-0d80-4fea-ad09-dcf61067161b: start RPC server
2019-10-02 07:36:58,411 [Datanode State Machine Thread - 0] INFO  server.GrpcService (GrpcService.java:startImpl(158)) - 0106732b-0d80-4fea-ad09-dcf61067161b: GrpcService started, listening on 0.0.0.0/0.0.0.0:46720
2019-10-02 07:36:58,411 [Datanode State Machine Thread - 0] INFO  ratis.XceiverServerRatis (XceiverServerRatis.java:start(427)) - XceiverServerRatis 0106732b-0d80-4fea-ad09-dcf61067161b is started using port 46720
2019-10-02 07:36:58,415 [Datanode State Machine Thread - 0] INFO  server.XceiverServerGrpc (XceiverServerGrpc.java:start(149)) - XceiverServerGrpc 0106732b-0d80-4fea-ad09-dcf61067161b is started using port 40365
2019-10-02 07:36:58,475 [Datanode State Machine Thread - 0] INFO  ozoneimpl.OzoneContainer (OzoneContainer.java:start(217)) - Attempting to start container services.
2019-10-02 07:36:58,475 [Datanode State Machine Thread - 0] INFO  ozoneimpl.OzoneContainer (OzoneContainer.java:startContainerScrub(179)) - Background container scanner has been disabled.
2019-10-02 07:36:58,475 [Datanode State Machine Thread - 0] INFO  ratis.XceiverServerRatis (XceiverServerRatis.java:start(417)) - Starting XceiverServerRatis d54e5ec9-dbdf-4cc4-af70-70ef71242697 at port 0
2019-10-02 07:36:58,479 [Datanode State Machine Thread - 0] INFO  impl.RaftServerProxy (RaftServerProxy.java:lambda$start$3(299)) - d54e5ec9-dbdf-4cc4-af70-70ef71242697: start RPC server
2019-10-02 07:36:58,480 [Datanode State Machine Thread - 0] INFO  server.GrpcService (GrpcService.java:startImpl(158)) - d54e5ec9-dbdf-4cc4-af70-70ef71242697: GrpcService started, listening on 0.0.0.0/0.0.0.0:37211
2019-10-02 07:36:58,480 [Datanode State Machine Thread - 0] INFO  ratis.XceiverServerRatis (XceiverServerRatis.java:start(427)) - XceiverServerRatis d54e5ec9-dbdf-4cc4-af70-70ef71242697 is started using port 37211
2019-10-02 07:36:58,480 [Datanode State Machine Thread - 0] INFO  server.XceiverServerGrpc (XceiverServerGrpc.java:start(149)) - XceiverServerGrpc d54e5ec9-dbdf-4cc4-af70-70ef71242697 is started using port 40519
2019-10-02 07:36:58,542 [Datanode State Machine Thread - 0] INFO  ozoneimpl.OzoneContainer (OzoneContainer.java:start(217)) - Attempting to start container services.
2019-10-02 07:36:58,542 [Datanode State Machine Thread - 0] INFO  ozoneimpl.OzoneContainer (OzoneContainer.java:startContainerScrub(179)) - Background container scanner has been disabled.
2019-10-02 07:36:58,542 [Datanode State Machine Thread - 0] INFO  ratis.XceiverServerRatis (XceiverServerRatis.java:start(417)) - Starting XceiverServerRatis 877c1e29-213f-4e3e-ace5-02a222c8c7a5 at port 0
2019-10-02 07:36:58,547 [Datanode State Machine Thread - 0] INFO  impl.RaftServerProxy (RaftServerProxy.java:lambda$start$3(299)) - 877c1e29-213f-4e3e-ace5-02a222c8c7a5: start RPC server
2019-10-02 07:36:58,548 [Datanode State Machine Thread - 0] INFO  server.GrpcService (GrpcService.java:startImpl(158)) - 877c1e29-213f-4e3e-ace5-02a222c8c7a5: GrpcService started, listening on 0.0.0.0/0.0.0.0:33703
2019-10-02 07:36:58,548 [Datanode State Machine Thread - 0] INFO  ratis.XceiverServerRatis (XceiverServerRatis.java:start(427)) - XceiverServerRatis 877c1e29-213f-4e3e-ace5-02a222c8c7a5 is started using port 33703
2019-10-02 07:36:58,548 [Datanode State Machine Thread - 0] INFO  server.XceiverServerGrpc (XceiverServerGrpc.java:start(149)) - XceiverServerGrpc 877c1e29-213f-4e3e-ace5-02a222c8c7a5 is started using port 42740
2019-10-02 07:36:58,616 [Datanode State Machine Thread - 0] INFO  ozoneimpl.OzoneContainer (OzoneContainer.java:start(217)) - Attempting to start container services.
2019-10-02 07:36:58,617 [Datanode State Machine Thread - 0] INFO  ozoneimpl.OzoneContainer (OzoneContainer.java:startContainerScrub(179)) - Background container scanner has been disabled.
2019-10-02 07:36:58,617 [Datanode State Machine Thread - 0] INFO  ratis.XceiverServerRatis (XceiverServerRatis.java:start(417)) - Starting XceiverServerRatis 36b8fa0f-cccd-4cea-ae0d-28616d15ce66 at port 0
2019-10-02 07:36:58,622 [Datanode State Machine Thread - 0] INFO  impl.RaftServerProxy (RaftServerProxy.java:lambda$start$3(299)) - 36b8fa0f-cccd-4cea-ae0d-28616d15ce66: start RPC server
2019-10-02 07:36:58,624 [Datanode State Machine Thread - 0] INFO  server.GrpcService (GrpcService.java:startImpl(158)) - 36b8fa0f-cccd-4cea-ae0d-28616d15ce66: GrpcService started, listening on 0.0.0.0/0.0.0.0:45402
2019-10-02 07:36:58,624 [Datanode State Machine Thread - 0] INFO  ratis.XceiverServerRatis (XceiverServerRatis.java:start(427)) - XceiverServerRatis 36b8fa0f-cccd-4cea-ae0d-28616d15ce66 is started using port 45402
2019-10-02 07:36:58,624 [Datanode State Machine Thread - 0] INFO  server.XceiverServerGrpc (XceiverServerGrpc.java:start(149)) - XceiverServerGrpc 36b8fa0f-cccd-4cea-ae0d-28616d15ce66 is started using port 35814
2019-10-02 07:36:58,666 [main] INFO  ozone.MiniOzoneClusterImpl (MiniOzoneClusterImpl.java:lambda$waitForClusterToBeReady$0(147)) - Waiting for cluster to be ready. Got 0 of 7 DN Heartbeats.
2019-10-02 07:36:58,683 [Datanode State Machine Thread - 0] INFO  ozoneimpl.OzoneContainer (OzoneContainer.java:start(217)) - Attempting to start container services.
2019-10-02 07:36:58,683 [Datanode State Machine Thread - 0] INFO  ozoneimpl.OzoneContainer (OzoneContainer.java:startContainerScrub(179)) - Background container scanner has been disabled.
2019-10-02 07:36:58,683 [Datanode State Machine Thread - 0] INFO  ratis.XceiverServerRatis (XceiverServerRatis.java:start(417)) - Starting XceiverServerRatis 6fd6eee1-0931-460a-9d60-5fc0679329ea at port 0
2019-10-02 07:36:58,690 [Datanode State Machine Thread - 0] INFO  impl.RaftServerProxy (RaftServerProxy.java:lambda$start$3(299)) - 6fd6eee1-0931-460a-9d60-5fc0679329ea: start RPC server
2019-10-02 07:36:58,694 [Datanode State Machine Thread - 0] INFO  server.GrpcService (GrpcService.java:startImpl(158)) - 6fd6eee1-0931-460a-9d60-5fc0679329ea: GrpcService started, listening on 0.0.0.0/0.0.0.0:39538
2019-10-02 07:36:58,694 [Datanode State Machine Thread - 0] INFO  ratis.XceiverServerRatis (XceiverServerRatis.java:start(427)) - XceiverServerRatis 6fd6eee1-0931-460a-9d60-5fc0679329ea is started using port 39538
2019-10-02 07:36:58,697 [Datanode State Machine Thread - 0] INFO  server.XceiverServerGrpc (XceiverServerGrpc.java:start(149)) - XceiverServerGrpc 6fd6eee1-0931-460a-9d60-5fc0679329ea is started using port 38601
2019-10-02 07:36:59,667 [main] INFO  ozone.MiniOzoneClusterImpl (MiniOzoneClusterImpl.java:lambda$waitForClusterToBeReady$0(147)) - Waiting for cluster to be ready. Got 0 of 7 DN Heartbeats.
2019-10-02 07:37:00,256 [IPC Server handler 0 on 46077] INFO  net.NetworkTopology (NetworkTopologyImpl.java:add(111)) - Added a new node: /default-rack/4e72db7b-e674-4275-a804-832ad1c78127
2019-10-02 07:37:00,258 [IPC Server handler 0 on 46077] INFO  node.SCMNodeManager (SCMNodeManager.java:register(266)) - Registered Data node : 4e72db7b-e674-4275-a804-832ad1c78127{ip: 192.168.164.211, host: pr-hdds-2227-gdpr-vz6hn-2718222164, networkLocation: /default-rack, certSerialId: null}
2019-10-02 07:37:00,259 [EventQueue-NodeRegistrationContainerReportForDataNodeSafeModeRule] INFO  safemode.SCMSafeModeManager (DataNodeSafeModeRule.java:process(71)) - SCM in safe mode. 1 DataNodes registered, 1 required.
2019-10-02 07:37:00,262 [EventQueue-NodeRegistrationContainerReportForDataNodeSafeModeRule] INFO  safemode.SCMSafeModeManager (SCMSafeModeManager.java:validateSafeModeExitRules(177)) - ScmSafeModeManager, all rules are successfully validated
2019-10-02 07:37:00,262 [EventQueue-NodeRegistrationContainerReportForDataNodeSafeModeRule] INFO  safemode.SCMSafeModeManager (SCMSafeModeManager.java:exitSafeMode(193)) - SCM exiting safe mode.
2019-10-02 07:37:00,275 [grpc-default-executor-4] INFO  impl.RaftServerProxy (RaftServerProxy.java:addNew(89)) - 4e72db7b-e674-4275-a804-832ad1c78127: addNew group-DB7270342BC1:[4e72db7b-e674-4275-a804-832ad1c78127:192.168.164.211:36046] returns group-DB7270342BC1:java.util.concurrent.CompletableFuture@20e79e8b[Not completed]
2019-10-02 07:37:00,279 [pool-207-thread-1] INFO  impl.RaftServerImpl (RaftServerImpl.java:<init>(95)) - 4e72db7b-e674-4275-a804-832ad1c78127: new RaftServerImpl for group-DB7270342BC1:[4e72db7b-e674-4275-a804-832ad1c78127:192.168.164.211:36046] with ContainerStateMachine:uninitialized
2019-10-02 07:37:00,279 [pool-207-thread-1] INFO  server.RaftServerConfigKeys (ConfUtils.java:logGet(43)) - raft.server.rpc.timeout.min = 5s (custom)
2019-10-02 07:37:00,279 [pool-207-thread-1] INFO  server.RaftServerConfigKeys (ConfUtils.java:logGet(43)) - raft.server.rpc.timeout.max = 5200ms (custom)
2019-10-02 07:37:00,279 [pool-207-thread-1] INFO  server.RaftServerConfigKeys (ConfUtils.java:logGet(43)) - raft.server.rpcslowness.timeout = 120s (custom)
2019-10-02 07:37:00,279 [pool-207-thread-1] INFO  server.RaftServerConfigKeys (ConfUtils.java:logGet(43)) - raft.server.sleep.deviation.threshold = 300 (default)
2019-10-02 07:37:00,279 [pool-207-thread-1] INFO  server.RaftServerConfigKeys (ConfUtils.java:logGet(43)) - raft.server.log.appender.install.snapshot.enabled = false (custom)
2019-10-02 07:37:00,280 [pool-207-thread-1] INFO  impl.RaftServerImpl (ServerState.java:<init>(103)) - 4e72db7b-e674-4275-a804-832ad1c78127@group-DB7270342BC1: ConfigurationManager, init=-1: [4e72db7b-e674-4275-a804-832ad1c78127:192.168.164.211:36046], old=null, confs=<EMPTY_MAP>
2019-10-02 07:37:00,280 [pool-207-thread-1] INFO  server.RaftServerConfigKeys (ConfUtils.java:logGet(43)) - raft.server.storage.dir = [/workdir/hadoop-ozone/integration-test/target/test-dir/MiniOzoneClusterImpl-3f41681f-8054-4211-a8ce-d518c1f2066d/datanode-0/data/ratis] (custom)
2019-10-02 07:37:00,280 [pool-207-thread-1] INFO  server.RaftServerConfigKeys (ConfUtils.java:logGet(43)) - raft.server.log.corruption.policy = EXCEPTION (default)
2019-10-02 07:37:00,280 [pool-207-thread-1] INFO  storage.RaftStorageDirectory (RaftStorageDirectory.java:analyzeStorage(246)) - The storage directory /workdir/hadoop-ozone/integration-test/target/test-dir/MiniOzoneClusterImpl-3f41681f-8054-4211-a8ce-d518c1f2066d/datanode-0/data/ratis/9f1b0ce3-2210-447b-91a3-db7270342bc1 does not exist. Creating ...
2019-10-02 07:37:00,302 [pool-207-thread-1] INFO  storage.RaftStorageDirectory (RaftStorageDirectory.java:tryLock(328)) - Lock on /workdir/hadoop-ozone/integration-test/target/test-dir/MiniOzoneClusterImpl-3f41681f-8054-4211-a8ce-d518c1f2066d/datanode-0/data/ratis/9f1b0ce3-2210-447b-91a3-db7270342bc1/in_use.lock acquired by nodename 7242@pr-hdds-2227-gdpr-vz6hn-2718222164
2019-10-02 07:37:00,315 [pool-207-thread-1] INFO  storage.RaftStorage (RaftStorage.java:format(84)) - Storage directory /workdir/hadoop-ozone/integration-test/target/test-dir/MiniOzoneClusterImpl-3f41681f-8054-4211-a8ce-d518c1f2066d/datanode-0/data/ratis/9f1b0ce3-2210-447b-91a3-db7270342bc1 has been successfully formatted.
2019-10-02 07:37:00,315 [pool-207-thread-1] INFO  ratis.ContainerStateMachine (ContainerStateMachine.java:loadSnapshot(230)) - group-DB7270342BC1: The snapshot info is null. Setting the last applied indexto:(t:0, i:~)
2019-10-02 07:37:00,315 [pool-207-thread-1] INFO  server.RaftServerConfigKeys (ConfUtils.java:logGet(43)) - raft.server.notification.no-leader.timeout = 120s (custom)
2019-10-02 07:37:00,315 [pool-207-thread-1] INFO  server.RaftServerConfigKeys (ConfUtils.java:logGet(43)) - raft.server.log.use.memory = false (default)
2019-10-02 07:37:00,316 [pool-207-thread-1] INFO  server.RaftServerConfigKeys (ConfUtils.java:logGet(43)) - raft.server.log.purge.gap = 1000000 (custom)
2019-10-02 07:37:00,316 [pool-207-thread-1] INFO  server.RaftServerConfigKeys (ConfUtils.java:logGet(43)) - raft.server.log.appender.buffer.byte-limit = 33554432 (custom)
2019-10-02 07:37:00,316 [pool-207-thread-1] INFO  server.RaftServerConfigKeys (ConfUtils.java:logGet(43)) - raft.server.log.segment.size.max = 1048576 (custom)
2019-10-02 07:37:00,319 [pool-207-thread-1] INFO  server.RaftServerConfigKeys (ConfUtils.java:logGet(43)) - raft.server.log.segment.cache.num.max = 2 (custom)
2019-10-02 07:37:00,320 [pool-207-thread-1] INFO  segmented.SegmentedRaftLogWorker (SegmentedRaftLogWorker.java:<init>(173)) - new 4e72db7b-e674-4275-a804-832ad1c78127@group-DB7270342BC1-SegmentedRaftLogWorker for RaftStorage:Storage Directory /workdir/hadoop-ozone/integration-test/target/test-dir/MiniOzoneClusterImpl-3f41681f-8054-4211-a8ce-d518c1f2066d/datanode-0/data/ratis/9f1b0ce3-2210-447b-91a3-db7270342bc1
2019-10-02 07:37:00,320 [pool-207-thread-1] INFO  server.RaftServerConfigKeys (ConfUtils.java:logGet(43)) - raft.server.log.queue.byte-limit = 2147483647 (custom)
2019-10-02 07:37:00,320 [pool-207-thread-1] INFO  server.RaftServerConfigKeys (ConfUtils.java:logGet(43)) - raft.server.log.queue.element-limit = 1024 (custom)
2019-10-02 07:37:00,320 [pool-207-thread-1] INFO  server.RaftServerConfigKeys (ConfUtils.java:logGet(43)) - raft.server.log.segment.size.max = 1048576 (custom)
2019-10-02 07:37:00,320 [pool-207-thread-1] INFO  server.RaftServerConfigKeys (ConfUtils.java:logGet(43)) - raft.server.log.preallocated.size = 16384 (custom)
2019-10-02 07:37:00,320 [pool-207-thread-1] INFO  server.RaftServerConfigKeys (ConfUtils.java:logGet(43)) - raft.server.log.write.buffer.size = 33554432 (custom)
2019-10-02 07:37:00,321 [pool-207-thread-1] INFO  server.RaftServerConfigKeys (ConfUtils.java:logGet(43)) - raft.server.log.force.sync.num = 128 (default)
2019-10-02 07:37:00,321 [pool-207-thread-1] INFO  server.RaftServerConfigKeys (ConfUtils.java:logGet(43)) - raft.server.log.statemachine.data.sync = true (default)
2019-10-02 07:37:00,321 [pool-207-thread-1] INFO  server.RaftServerConfigKeys (ConfUtils.java:logGet(43)) - raft.server.log.statemachine.data.sync.timeout = 10s (default)
2019-10-02 07:37:00,321 [pool-207-thread-1] INFO  server.RaftServerConfigKeys (ConfUtils.java:logGet(43)) - raft.server.log.statemachine.data.sync.timeout.retry = -1 (default)
2019-10-02 07:37:00,322 [pool-207-thread-1] INFO  server.RaftServerConfigKeys (ConfUtils.java:logGet(43)) - raft.server.log.statemachine.data.caching.enabled = true (custom)
2019-10-02 07:37:00,322 [pool-207-thread-1] INFO  segmented.SegmentedRaftLogWorker (SegmentedRaftLogWorker.java:lambda$new$0(128)) - 4e72db7b-e674-4275-a804-832ad1c78127@group-DB7270342BC1-SegmentedRaftLogWorker: flushIndex: setUnconditionally 0 -> -1
2019-10-02 07:37:00,322 [pool-207-thread-1] INFO  server.RaftServerConfigKeys (ConfUtils.java:logGet(43)) - raft.server.snapshot.auto.trigger.enabled = true (custom)
2019-10-02 07:37:00,323 [pool-207-thread-1] INFO  server.RaftServerConfigKeys (ConfUtils.java:logGet(43)) - raft.server.snapshot.auto.trigger.threshold = 10000 (custom)
2019-10-02 07:37:00,323 [pool-207-thread-1] INFO  server.RaftServerConfigKeys (ConfUtils.java:logGet(43)) - raft.server.snapshot.retention.file.num = 5 (custom)
2019-10-02 07:37:00,323 [pool-207-thread-1] INFO  server.RaftServerConfigKeys (ConfUtils.java:logGet(43)) - raft.server.retrycache.expirytime = 600000ms (custom)
2019-10-02 07:37:00,324 [IPC Server handler 5 on 46077] INFO  net.NetworkTopology (NetworkTopologyImpl.java:add(111)) - Added a new node: /default-rack/a30d8e4d-bc7e-4402-a494-020e3abfc499
2019-10-02 07:37:00,325 [IPC Server handler 5 on 46077] INFO  node.SCMNodeManager (SCMNodeManager.java:register(266)) - Registered Data node : a30d8e4d-bc7e-4402-a494-020e3abfc499{ip: 192.168.164.211, host: pr-hdds-2227-gdpr-vz6hn-2718222164, networkLocation: /default-rack, certSerialId: null}
2019-10-02 07:37:00,325 [pool-207-thread-1] INFO  impl.RaftServerImpl (RaftServerImpl.java:start(181)) - 4e72db7b-e674-4275-a804-832ad1c78127@group-DB7270342BC1: start as a follower, conf=-1: [4e72db7b-e674-4275-a804-832ad1c78127:192.168.164.211:36046], old=null
2019-10-02 07:37:00,325 [pool-207-thread-1] INFO  impl.RaftServerImpl (RaftServerImpl.java:setRole(170)) - 4e72db7b-e674-4275-a804-832ad1c78127@group-DB7270342BC1: changes role from      null to FOLLOWER at term 0 for startAsFollower
2019-10-02 07:37:00,325 [pool-207-thread-1] INFO  impl.RoleInfo (RoleInfo.java:updateAndGet(143)) - 4e72db7b-e674-4275-a804-832ad1c78127: start FollowerState
2019-10-02 07:37:00,326 [pool-207-thread-1] INFO  util.JmxRegister (JmxRegister.java:tryRegister(44)) - Successfully registered JMX Bean with object name Ratis:service=RaftServer,group=group-DB7270342BC1,id=4e72db7b-e674-4275-a804-832ad1c78127
2019-10-02 07:37:00,342 [RatisPipelineUtilsThread] INFO  pipeline.PipelineStateManager (PipelineStateManager.java:addPipeline(56)) - Created pipeline Pipeline[ Id: 9f1b0ce3-2210-447b-91a3-db7270342bc1, Nodes: 4e72db7b-e674-4275-a804-832ad1c78127{ip: 192.168.164.211, host: pr-hdds-2227-gdpr-vz6hn-2718222164, networkLocation: /default-rack, certSerialId: null}, Type:RATIS, Factor:ONE, State:OPEN]
2019-10-02 07:37:00,359 [grpc-default-executor-4] INFO  impl.RaftServerProxy (RaftServerProxy.java:addNew(89)) - a30d8e4d-bc7e-4402-a494-020e3abfc499: addNew group-D2C92BD17354:[a30d8e4d-bc7e-4402-a494-020e3abfc499:192.168.164.211:39446] returns group-D2C92BD17354:java.util.concurrent.CompletableFuture@650d482[Not completed]
2019-10-02 07:37:00,360 [pool-217-thread-1] INFO  impl.RaftServerImpl (RaftServerImpl.java:<init>(95)) - a30d8e4d-bc7e-4402-a494-020e3abfc499: new RaftServerImpl for group-D2C92BD17354:[a30d8e4d-bc7e-4402-a494-020e3abfc499:192.168.164.211:39446] with ContainerStateMachine:uninitialized
2019-10-02 07:37:00,360 [pool-217-thread-1] INFO  server.RaftServerConfigKeys (ConfUtils.java:logGet(43)) - raft.server.rpc.timeout.min = 5s (custom)
2019-10-02 07:37:00,361 [pool-217-thread-1] INFO  server.RaftServerConfigKeys (ConfUtils.java:logGet(43)) - raft.server.rpc.timeout.max = 5200ms (custom)
2019-10-02 07:37:00,361 [pool-217-thread-1] INFO  server.RaftServerConfigKeys (ConfUtils.java:logGet(43)) - raft.server.rpcslowness.timeout = 120s (custom)
2019-10-02 07:37:00,361 [pool-217-thread-1] INFO  server.RaftServerConfigKeys (ConfUtils.java:logGet(43)) - raft.server.sleep.deviation.threshold = 300 (default)
2019-10-02 07:37:00,361 [pool-217-thread-1] INFO  server.RaftServerConfigKeys (ConfUtils.java:logGet(43)) - raft.server.log.appender.install.snapshot.enabled = false (custom)
2019-10-02 07:37:00,361 [pool-217-thread-1] INFO  impl.RaftServerImpl (ServerState.java:<init>(103)) - a30d8e4d-bc7e-4402-a494-020e3abfc499@group-D2C92BD17354: ConfigurationManager, init=-1: [a30d8e4d-bc7e-4402-a494-020e3abfc499:192.168.164.211:39446], old=null, confs=<EMPTY_MAP>
2019-10-02 07:37:00,361 [pool-217-thread-1] INFO  server.RaftServerConfigKeys (ConfUtils.java:logGet(43)) - raft.server.storage.dir = [/workdir/hadoop-ozone/integration-test/target/test-dir/MiniOzoneClusterImpl-3f41681f-8054-4211-a8ce-d518c1f2066d/datanode-1/data/ratis] (custom)
2019-10-02 07:37:00,362 [pool-217-thread-1] INFO  server.RaftServerConfigKeys (ConfUtils.java:logGet(43)) - raft.server.log.corruption.policy = EXCEPTION (default)
2019-10-02 07:37:00,362 [pool-217-thread-1] INFO  storage.RaftStorageDirectory (RaftStorageDirectory.java:analyzeStorage(246)) - The storage directory /workdir/hadoop-ozone/integration-test/target/test-dir/MiniOzoneClusterImpl-3f41681f-8054-4211-a8ce-d518c1f2066d/datanode-1/data/ratis/cf1775bc-c489-4196-becb-d2c92bd17354 does not exist. Creating ...
2019-10-02 07:37:00,387 [pool-217-thread-1] INFO  storage.RaftStorageDirectory (RaftStorageDirectory.java:tryLock(328)) - Lock on /workdir/hadoop-ozone/integration-test/target/test-dir/MiniOzoneClusterImpl-3f41681f-8054-4211-a8ce-d518c1f2066d/datanode-1/data/ratis/cf1775bc-c489-4196-becb-d2c92bd17354/in_use.lock acquired by nodename 7242@pr-hdds-2227-gdpr-vz6hn-2718222164
2019-10-02 07:37:00,391 [IPC Server handler 11 on 46077] INFO  net.NetworkTopology (NetworkTopologyImpl.java:add(111)) - Added a new node: /default-rack/0106732b-0d80-4fea-ad09-dcf61067161b
2019-10-02 07:37:00,392 [IPC Server handler 11 on 46077] INFO  node.SCMNodeManager (SCMNodeManager.java:register(266)) - Registered Data node : 0106732b-0d80-4fea-ad09-dcf61067161b{ip: 192.168.164.211, host: pr-hdds-2227-gdpr-vz6hn-2718222164, networkLocation: /default-rack, certSerialId: null}
2019-10-02 07:37:00,400 [pool-217-thread-1] INFO  storage.RaftStorage (RaftStorage.java:format(84)) - Storage directory /workdir/hadoop-ozone/integration-test/target/test-dir/MiniOzoneClusterImpl-3f41681f-8054-4211-a8ce-d518c1f2066d/datanode-1/data/ratis/cf1775bc-c489-4196-becb-d2c92bd17354 has been successfully formatted.
2019-10-02 07:37:00,400 [pool-217-thread-1] INFO  ratis.ContainerStateMachine (ContainerStateMachine.java:loadSnapshot(230)) - group-D2C92BD17354: The snapshot info is null. Setting the last applied indexto:(t:0, i:~)
2019-10-02 07:37:00,400 [pool-217-thread-1] INFO  server.RaftServerConfigKeys (ConfUtils.java:logGet(43)) - raft.server.notification.no-leader.timeout = 120s (custom)
2019-10-02 07:37:00,400 [pool-217-thread-1] INFO  server.RaftServerConfigKeys (ConfUtils.java:logGet(43)) - raft.server.log.use.memory = false (default)
2019-10-02 07:37:00,401 [pool-217-thread-1] INFO  server.RaftServerConfigKeys (ConfUtils.java:logGet(43)) - raft.server.log.purge.gap = 1000000 (custom)
2019-10-02 07:37:00,401 [pool-217-thread-1] INFO  server.RaftServerConfigKeys (ConfUtils.java:logGet(43)) - raft.server.log.appender.buffer.byte-limit = 33554432 (custom)
2019-10-02 07:37:00,401 [pool-217-thread-1] INFO  server.RaftServerConfigKeys (ConfUtils.java:logGet(43)) - raft.server.log.segment.size.max = 1048576 (custom)
2019-10-02 07:37:00,403 [pool-217-thread-1] INFO  server.RaftServerConfigKeys (ConfUtils.java:logGet(43)) - raft.server.log.segment.cache.num.max = 2 (custom)
2019-10-02 07:37:00,403 [pool-217-thread-1] INFO  segmented.SegmentedRaftLogWorker (SegmentedRaftLogWorker.java:<init>(173)) - new a30d8e4d-bc7e-4402-a494-020e3abfc499@group-D2C92BD17354-SegmentedRaftLogWorker for RaftStorage:Storage Directory /workdir/hadoop-ozone/integration-test/target/test-dir/MiniOzoneClusterImpl-3f41681f-8054-4211-a8ce-d518c1f2066d/datanode-1/data/ratis/cf1775bc-c489-4196-becb-d2c92bd17354
2019-10-02 07:37:00,403 [pool-217-thread-1] INFO  server.RaftServerConfigKeys (ConfUtils.java:logGet(43)) - raft.server.log.queue.byte-limit = 2147483647 (custom)
2019-10-02 07:37:00,403 [pool-217-thread-1] INFO  server.RaftServerConfigKeys (ConfUtils.java:logGet(43)) - raft.server.log.queue.element-limit = 1024 (custom)
2019-10-02 07:37:00,403 [pool-217-thread-1] INFO  server.RaftServerConfigKeys (ConfUtils.java:logGet(43)) - raft.server.log.segment.size.max = 1048576 (custom)
2019-10-02 07:37:00,403 [pool-217-thread-1] INFO  server.RaftServerConfigKeys (ConfUtils.java:logGet(43)) - raft.server.log.preallocated.size = 16384 (custom)
2019-10-02 07:37:00,404 [pool-217-thread-1] INFO  server.RaftServerConfigKeys (ConfUtils.java:logGet(43)) - raft.server.log.write.buffer.size = 33554432 (custom)
2019-10-02 07:37:00,404 [pool-217-thread-1] INFO  server.RaftServerConfigKeys (ConfUtils.java:logGet(43)) - raft.server.log.force.sync.num = 128 (default)
2019-10-02 07:37:00,404 [pool-217-thread-1] INFO  server.RaftServerConfigKeys (ConfUtils.java:logGet(43)) - raft.server.log.statemachine.data.sync = true (default)
2019-10-02 07:37:00,404 [pool-217-thread-1] INFO  server.RaftServerConfigKeys (ConfUtils.java:logGet(43)) - raft.server.log.statemachine.data.sync.timeout = 10s (default)
2019-10-02 07:37:00,404 [pool-217-thread-1] INFO  server.RaftServerConfigKeys (ConfUtils.java:logGet(43)) - raft.server.log.statemachine.data.sync.timeout.retry = -1 (default)
2019-10-02 07:37:00,404 [pool-217-thread-1] INFO  server.RaftServerConfigKeys (ConfUtils.java:logGet(43)) - raft.server.log.statemachine.data.caching.enabled = true (custom)
2019-10-02 07:37:00,405 [pool-217-thread-1] INFO  segmented.SegmentedRaftLogWorker (SegmentedRaftLogWorker.java:lambda$new$0(128)) - a30d8e4d-bc7e-4402-a494-020e3abfc499@group-D2C92BD17354-SegmentedRaftLogWorker: flushIndex: setUnconditionally 0 -> -1
2019-10-02 07:37:00,405 [pool-217-thread-1] INFO  server.RaftServerConfigKeys (ConfUtils.java:logGet(43)) - raft.server.snapshot.auto.trigger.enabled = true (custom)
2019-10-02 07:37:00,405 [pool-217-thread-1] INFO  server.RaftServerConfigKeys (ConfUtils.java:logGet(43)) - raft.server.snapshot.auto.trigger.threshold = 10000 (custom)
2019-10-02 07:37:00,405 [pool-217-thread-1] INFO  server.RaftServerConfigKeys (ConfUtils.java:logGet(43)) - raft.server.snapshot.retention.file.num = 5 (custom)
2019-10-02 07:37:00,405 [pool-217-thread-1] INFO  server.RaftServerConfigKeys (ConfUtils.java:logGet(43)) - raft.server.retrycache.expirytime = 600000ms (custom)
2019-10-02 07:37:00,407 [pool-217-thread-1] INFO  impl.RaftServerImpl (RaftServerImpl.java:start(181)) - a30d8e4d-bc7e-4402-a494-020e3abfc499@group-D2C92BD17354: start as a follower, conf=-1: [a30d8e4d-bc7e-4402-a494-020e3abfc499:192.168.164.211:39446], old=null
2019-10-02 07:37:00,407 [pool-217-thread-1] INFO  impl.RaftServerImpl (RaftServerImpl.java:setRole(170)) - a30d8e4d-bc7e-4402-a494-020e3abfc499@group-D2C92BD17354: changes role from      null to FOLLOWER at term 0 for startAsFollower
2019-10-02 07:37:00,407 [pool-217-thread-1] INFO  impl.RoleInfo (RoleInfo.java:updateAndGet(143)) - a30d8e4d-bc7e-4402-a494-020e3abfc499: start FollowerState
2019-10-02 07:37:00,408 [pool-217-thread-1] INFO  util.JmxRegister (JmxRegister.java:tryRegister(44)) - Successfully registered JMX Bean with object name Ratis:service=RaftServer,group=group-D2C92BD17354,id=a30d8e4d-bc7e-4402-a494-020e3abfc499
2019-10-02 07:37:00,414 [RatisPipelineUtilsThread] INFO  pipeline.PipelineStateManager (PipelineStateManager.java:addPipeline(56)) - Created pipeline Pipeline[ Id: cf1775bc-c489-4196-becb-d2c92bd17354, Nodes: a30d8e4d-bc7e-4402-a494-020e3abfc499{ip: 192.168.164.211, host: pr-hdds-2227-gdpr-vz6hn-2718222164, networkLocation: /default-rack, certSerialId: null}, Type:RATIS, Factor:ONE, State:OPEN]
2019-10-02 07:37:00,421 [grpc-default-executor-4] INFO  impl.RaftServerProxy (RaftServerProxy.java:addNew(89)) - 0106732b-0d80-4fea-ad09-dcf61067161b: addNew group-C0CB2463938C:[0106732b-0d80-4fea-ad09-dcf61067161b:192.168.164.211:46720] returns group-C0CB2463938C:java.util.concurrent.CompletableFuture@2a4c3b3e[Not completed]
2019-10-02 07:37:00,422 [pool-227-thread-1] INFO  impl.RaftServerImpl (RaftServerImpl.java:<init>(95)) - 0106732b-0d80-4fea-ad09-dcf61067161b: new RaftServerImpl for group-C0CB2463938C:[0106732b-0d80-4fea-ad09-dcf61067161b:192.168.164.211:46720] with ContainerStateMachine:uninitialized
2019-10-02 07:37:00,422 [pool-227-thread-1] INFO  server.RaftServerConfigKeys (ConfUtils.java:logGet(43)) - raft.server.rpc.timeout.min = 5s (custom)
2019-10-02 07:37:00,422 [pool-227-thread-1] INFO  server.RaftServerConfigKeys (ConfUtils.java:logGet(43)) - raft.server.rpc.timeout.max = 5200ms (custom)
2019-10-02 07:37:00,422 [pool-227-thread-1] INFO  server.RaftServerConfigKeys (ConfUtils.java:logGet(43)) - raft.server.rpcslowness.timeout = 120s (custom)
2019-10-02 07:37:00,423 [pool-227-thread-1] INFO  server.RaftServerConfigKeys (ConfUtils.java:logGet(43)) - raft.server.sleep.deviation.threshold = 300 (default)
2019-10-02 07:37:00,423 [pool-227-thread-1] INFO  server.RaftServerConfigKeys (ConfUtils.java:logGet(43)) - raft.server.log.appender.install.snapshot.enabled = false (custom)
2019-10-02 07:37:00,423 [pool-227-thread-1] INFO  impl.RaftServerImpl (ServerState.java:<init>(103)) - 0106732b-0d80-4fea-ad09-dcf61067161b@group-C0CB2463938C: ConfigurationManager, init=-1: [0106732b-0d80-4fea-ad09-dcf61067161b:192.168.164.211:46720], old=null, confs=<EMPTY_MAP>
2019-10-02 07:37:00,423 [pool-227-thread-1] INFO  server.RaftServerConfigKeys (ConfUtils.java:logGet(43)) - raft.server.storage.dir = [/workdir/hadoop-ozone/integration-test/target/test-dir/MiniOzoneClusterImpl-3f41681f-8054-4211-a8ce-d518c1f2066d/datanode-2/data/ratis] (custom)
2019-10-02 07:37:00,423 [pool-227-thread-1] INFO  server.RaftServerConfigKeys (ConfUtils.java:logGet(43)) - raft.server.log.corruption.policy = EXCEPTION (default)
2019-10-02 07:37:00,423 [pool-227-thread-1] INFO  storage.RaftStorageDirectory (RaftStorageDirectory.java:analyzeStorage(246)) - The storage directory /workdir/hadoop-ozone/integration-test/target/test-dir/MiniOzoneClusterImpl-3f41681f-8054-4211-a8ce-d518c1f2066d/datanode-2/data/ratis/08b80d54-1125-4c8d-ae1a-c0cb2463938c does not exist. Creating ...
2019-10-02 07:37:00,430 [pool-227-thread-1] INFO  storage.RaftStorageDirectory (RaftStorageDirectory.java:tryLock(328)) - Lock on /workdir/hadoop-ozone/integration-test/target/test-dir/MiniOzoneClusterImpl-3f41681f-8054-4211-a8ce-d518c1f2066d/datanode-2/data/ratis/08b80d54-1125-4c8d-ae1a-c0cb2463938c/in_use.lock acquired by nodename 7242@pr-hdds-2227-gdpr-vz6hn-2718222164
2019-10-02 07:37:00,443 [pool-227-thread-1] INFO  storage.RaftStorage (RaftStorage.java:format(84)) - Storage directory /workdir/hadoop-ozone/integration-test/target/test-dir/MiniOzoneClusterImpl-3f41681f-8054-4211-a8ce-d518c1f2066d/datanode-2/data/ratis/08b80d54-1125-4c8d-ae1a-c0cb2463938c has been successfully formatted.
2019-10-02 07:37:00,444 [pool-227-thread-1] INFO  ratis.ContainerStateMachine (ContainerStateMachine.java:loadSnapshot(230)) - group-C0CB2463938C: The snapshot info is null. Setting the last applied indexto:(t:0, i:~)
2019-10-02 07:37:00,444 [pool-227-thread-1] INFO  server.RaftServerConfigKeys (ConfUtils.java:logGet(43)) - raft.server.notification.no-leader.timeout = 120s (custom)
2019-10-02 07:37:00,444 [pool-227-thread-1] INFO  server.RaftServerConfigKeys (ConfUtils.java:logGet(43)) - raft.server.log.use.memory = false (default)
2019-10-02 07:37:00,444 [pool-227-thread-1] INFO  server.RaftServerConfigKeys (ConfUtils.java:logGet(43)) - raft.server.log.purge.gap = 1000000 (custom)
2019-10-02 07:37:00,444 [pool-227-thread-1] INFO  server.RaftServerConfigKeys (ConfUtils.java:logGet(43)) - raft.server.log.appender.buffer.byte-limit = 33554432 (custom)
2019-10-02 07:37:00,444 [pool-227-thread-1] INFO  server.RaftServerConfigKeys (ConfUtils.java:logGet(43)) - raft.server.log.segment.size.max = 1048576 (custom)
2019-10-02 07:37:00,446 [pool-227-thread-1] INFO  server.RaftServerConfigKeys (ConfUtils.java:logGet(43)) - raft.server.log.segment.cache.num.max = 2 (custom)
2019-10-02 07:37:00,446 [pool-227-thread-1] INFO  segmented.SegmentedRaftLogWorker (SegmentedRaftLogWorker.java:<init>(173)) - new 0106732b-0d80-4fea-ad09-dcf61067161b@group-C0CB2463938C-SegmentedRaftLogWorker for RaftStorage:Storage Directory /workdir/hadoop-ozone/integration-test/target/test-dir/MiniOzoneClusterImpl-3f41681f-8054-4211-a8ce-d518c1f2066d/datanode-2/data/ratis/08b80d54-1125-4c8d-ae1a-c0cb2463938c
2019-10-02 07:37:00,446 [pool-227-thread-1] INFO  server.RaftServerConfigKeys (ConfUtils.java:logGet(43)) - raft.server.log.queue.byte-limit = 2147483647 (custom)
2019-10-02 07:37:00,446 [pool-227-thread-1] INFO  server.RaftServerConfigKeys (ConfUtils.java:logGet(43)) - raft.server.log.queue.element-limit = 1024 (custom)
2019-10-02 07:37:00,446 [pool-227-thread-1] INFO  server.RaftServerConfigKeys (ConfUtils.java:logGet(43)) - raft.server.log.segment.size.max = 1048576 (custom)
2019-10-02 07:37:00,446 [pool-227-thread-1] INFO  server.RaftServerConfigKeys (ConfUtils.java:logGet(43)) - raft.server.log.preallocated.size = 16384 (custom)
2019-10-02 07:37:00,446 [pool-227-thread-1] INFO  server.RaftServerConfigKeys (ConfUtils.java:logGet(43)) - raft.server.log.write.buffer.size = 33554432 (custom)
2019-10-02 07:37:00,447 [pool-227-thread-1] INFO  server.RaftServerConfigKeys (ConfUtils.java:logGet(43)) - raft.server.log.force.sync.num = 128 (default)
2019-10-02 07:37:00,447 [pool-227-thread-1] INFO  server.RaftServerConfigKeys (ConfUtils.java:logGet(43)) - raft.server.log.statemachine.data.sync = true (default)
2019-10-02 07:37:00,447 [pool-227-thread-1] INFO  server.RaftServerConfigKeys (ConfUtils.java:logGet(43)) - raft.server.log.statemachine.data.sync.timeout = 10s (default)
2019-10-02 07:37:00,447 [pool-227-thread-1] INFO  server.RaftServerConfigKeys (ConfUtils.java:logGet(43)) - raft.server.log.statemachine.data.sync.timeout.retry = -1 (default)
2019-10-02 07:37:00,447 [pool-227-thread-1] INFO  server.RaftServerConfigKeys (ConfUtils.java:logGet(43)) - raft.server.log.statemachine.data.caching.enabled = true (custom)
2019-10-02 07:37:00,447 [pool-227-thread-1] INFO  segmented.SegmentedRaftLogWorker (SegmentedRaftLogWorker.java:lambda$new$0(128)) - 0106732b-0d80-4fea-ad09-dcf61067161b@group-C0CB2463938C-SegmentedRaftLogWorker: flushIndex: setUnconditionally 0 -> -1
2019-10-02 07:37:00,448 [pool-227-thread-1] INFO  server.RaftServerConfigKeys (ConfUtils.java:logGet(43)) - raft.server.snapshot.auto.trigger.enabled = true (custom)
2019-10-02 07:37:00,448 [pool-227-thread-1] INFO  server.RaftServerConfigKeys (ConfUtils.java:logGet(43)) - raft.server.snapshot.auto.trigger.threshold = 10000 (custom)
2019-10-02 07:37:00,448 [pool-227-thread-1] INFO  server.RaftServerConfigKeys (ConfUtils.java:logGet(43)) - raft.server.snapshot.retention.file.num = 5 (custom)
2019-10-02 07:37:00,448 [pool-227-thread-1] INFO  server.RaftServerConfigKeys (ConfUtils.java:logGet(43)) - raft.server.retrycache.expirytime = 600000ms (custom)
2019-10-02 07:37:00,449 [pool-227-thread-1] INFO  impl.RaftServerImpl (RaftServerImpl.java:start(181)) - 0106732b-0d80-4fea-ad09-dcf61067161b@group-C0CB2463938C: start as a follower, conf=-1: [0106732b-0d80-4fea-ad09-dcf61067161b:192.168.164.211:46720], old=null
2019-10-02 07:37:00,449 [pool-227-thread-1] INFO  impl.RaftServerImpl (RaftServerImpl.java:setRole(170)) - 0106732b-0d80-4fea-ad09-dcf61067161b@group-C0CB2463938C: changes role from      null to FOLLOWER at term 0 for startAsFollower
2019-10-02 07:37:00,450 [pool-227-thread-1] INFO  impl.RoleInfo (RoleInfo.java:updateAndGet(143)) - 0106732b-0d80-4fea-ad09-dcf61067161b: start FollowerState
2019-10-02 07:37:00,450 [pool-227-thread-1] INFO  util.JmxRegister (JmxRegister.java:tryRegister(44)) - Successfully registered JMX Bean with object name Ratis:service=RaftServer,group=group-C0CB2463938C,id=0106732b-0d80-4fea-ad09-dcf61067161b
2019-10-02 07:37:00,456 [RatisPipelineUtilsThread] INFO  pipeline.PipelineStateManager (PipelineStateManager.java:addPipeline(56)) - Created pipeline Pipeline[ Id: 08b80d54-1125-4c8d-ae1a-c0cb2463938c, Nodes: 0106732b-0d80-4fea-ad09-dcf61067161b{ip: 192.168.164.211, host: pr-hdds-2227-gdpr-vz6hn-2718222164, networkLocation: /default-rack, certSerialId: null}, Type:RATIS, Factor:ONE, State:OPEN]
2019-10-02 07:37:00,462 [IPC Server handler 2 on 46077] INFO  net.NetworkTopology (NetworkTopologyImpl.java:add(111)) - Added a new node: /default-rack/d54e5ec9-dbdf-4cc4-af70-70ef71242697
2019-10-02 07:37:00,464 [IPC Server handler 2 on 46077] INFO  node.SCMNodeManager (SCMNodeManager.java:register(266)) - Registered Data node : d54e5ec9-dbdf-4cc4-af70-70ef71242697{ip: 192.168.164.211, host: pr-hdds-2227-gdpr-vz6hn-2718222164, networkLocation: /default-rack, certSerialId: null}
2019-10-02 07:37:00,471 [grpc-default-executor-4] INFO  impl.RaftServerProxy (RaftServerProxy.java:addNew(89)) - 4e72db7b-e674-4275-a804-832ad1c78127: addNew group-3CC9FD8846D2:[4e72db7b-e674-4275-a804-832ad1c78127:192.168.164.211:36046, 0106732b-0d80-4fea-ad09-dcf61067161b:192.168.164.211:46720, a30d8e4d-bc7e-4402-a494-020e3abfc499:192.168.164.211:39446] returns group-3CC9FD8846D2:java.util.concurrent.CompletableFuture@480de55a[Not completed]
2019-10-02 07:37:00,471 [grpc-default-executor-5] INFO  impl.RaftServerProxy (RaftServerProxy.java:addNew(89)) - 0106732b-0d80-4fea-ad09-dcf61067161b: addNew group-3CC9FD8846D2:[4e72db7b-e674-4275-a804-832ad1c78127:192.168.164.211:36046, 0106732b-0d80-4fea-ad09-dcf61067161b:192.168.164.211:46720, a30d8e4d-bc7e-4402-a494-020e3abfc499:192.168.164.211:39446] returns group-3CC9FD8846D2:java.util.concurrent.CompletableFuture@67ef0355[Not completed]
2019-10-02 07:37:00,471 [grpc-default-executor-1] INFO  impl.RaftServerProxy (RaftServerProxy.java:addNew(89)) - a30d8e4d-bc7e-4402-a494-020e3abfc499: addNew group-3CC9FD8846D2:[4e72db7b-e674-4275-a804-832ad1c78127:192.168.164.211:36046, 0106732b-0d80-4fea-ad09-dcf61067161b:192.168.164.211:46720, a30d8e4d-bc7e-4402-a494-020e3abfc499:192.168.164.211:39446] returns group-3CC9FD8846D2:java.util.concurrent.CompletableFuture@7ecfa275[Not completed]
2019-10-02 07:37:00,472 [pool-217-thread-1] INFO  impl.RaftServerImpl (RaftServerImpl.java:<init>(95)) - a30d8e4d-bc7e-4402-a494-020e3abfc499: new RaftServerImpl for group-3CC9FD8846D2:[4e72db7b-e674-4275-a804-832ad1c78127:192.168.164.211:36046, 0106732b-0d80-4fea-ad09-dcf61067161b:192.168.164.211:46720, a30d8e4d-bc7e-4402-a494-020e3abfc499:192.168.164.211:39446] with ContainerStateMachine:uninitialized
2019-10-02 07:37:00,472 [pool-217-thread-1] INFO  server.RaftServerConfigKeys (ConfUtils.java:logGet(43)) - raft.server.rpc.timeout.min = 5s (custom)
2019-10-02 07:37:00,472 [pool-217-thread-1] INFO  server.RaftServerConfigKeys (ConfUtils.java:logGet(43)) - raft.server.rpc.timeout.max = 5200ms (custom)
2019-10-02 07:37:00,472 [pool-217-thread-1] INFO  server.RaftServerConfigKeys (ConfUtils.java:logGet(43)) - raft.server.rpcslowness.timeout = 120s (custom)
2019-10-02 07:37:00,472 [pool-227-thread-1] INFO  impl.RaftServerImpl (RaftServerImpl.java:<init>(95)) - 0106732b-0d80-4fea-ad09-dcf61067161b: new RaftServerImpl for group-3CC9FD8846D2:[4e72db7b-e674-4275-a804-832ad1c78127:192.168.164.211:36046, 0106732b-0d80-4fea-ad09-dcf61067161b:192.168.164.211:46720, a30d8e4d-bc7e-4402-a494-020e3abfc499:192.168.164.211:39446] with ContainerStateMachine:uninitialized
2019-10-02 07:37:00,472 [pool-217-thread-1] INFO  server.RaftServerConfigKeys (ConfUtils.java:logGet(43)) - raft.server.sleep.deviation.threshold = 300 (default)
2019-10-02 07:37:00,472 [pool-227-thread-1] INFO  server.RaftServerConfigKeys (ConfUtils.java:logGet(43)) - raft.server.rpc.timeout.min = 5s (custom)
2019-10-02 07:37:00,472 [pool-217-thread-1] INFO  server.RaftServerConfigKeys (ConfUtils.java:logGet(43)) - raft.server.log.appender.install.snapshot.enabled = false (custom)
2019-10-02 07:37:00,473 [pool-227-thread-1] INFO  server.RaftServerConfigKeys (ConfUtils.java:logGet(43)) - raft.server.rpc.timeout.max = 5200ms (custom)
2019-10-02 07:37:00,473 [pool-217-thread-1] INFO  impl.RaftServerImpl (ServerState.java:<init>(103)) - a30d8e4d-bc7e-4402-a494-020e3abfc499@group-3CC9FD8846D2: ConfigurationManager, init=-1: [4e72db7b-e674-4275-a804-832ad1c78127:192.168.164.211:36046, 0106732b-0d80-4fea-ad09-dcf61067161b:192.168.164.211:46720, a30d8e4d-bc7e-4402-a494-020e3abfc499:192.168.164.211:39446], old=null, confs=<EMPTY_MAP>
2019-10-02 07:37:00,473 [pool-207-thread-1] INFO  impl.RaftServerImpl (RaftServerImpl.java:<init>(95)) - 4e72db7b-e674-4275-a804-832ad1c78127: new RaftServerImpl for group-3CC9FD8846D2:[4e72db7b-e674-4275-a804-832ad1c78127:192.168.164.211:36046, 0106732b-0d80-4fea-ad09-dcf61067161b:192.168.164.211:46720, a30d8e4d-bc7e-4402-a494-020e3abfc499:192.168.164.211:39446] with ContainerStateMachine:uninitialized
2019-10-02 07:37:00,473 [pool-227-thread-1] INFO  server.RaftServerConfigKeys (ConfUtils.java:logGet(43)) - raft.server.rpcslowness.timeout = 120s (custom)
2019-10-02 07:37:00,473 [pool-207-thread-1] INFO  server.RaftServerConfigKeys (ConfUtils.java:logGet(43)) - raft.server.rpc.timeout.min = 5s (custom)
2019-10-02 07:37:00,473 [pool-217-thread-1] INFO  server.RaftServerConfigKeys (ConfUtils.java:logGet(43)) - raft.server.storage.dir = [/workdir/hadoop-ozone/integration-test/target/test-dir/MiniOzoneClusterImpl-3f41681f-8054-4211-a8ce-d518c1f2066d/datanode-1/data/ratis] (custom)
2019-10-02 07:37:00,473 [pool-207-thread-1] INFO  server.RaftServerConfigKeys (ConfUtils.java:logGet(43)) - raft.server.rpc.timeout.max = 5200ms (custom)
2019-10-02 07:37:00,473 [pool-227-thread-1] INFO  server.RaftServerConfigKeys (ConfUtils.java:logGet(43)) - raft.server.sleep.deviation.threshold = 300 (default)
2019-10-02 07:37:00,473 [pool-217-thread-1] INFO  server.RaftServerConfigKeys (ConfUtils.java:logGet(43)) - raft.server.log.corruption.policy = EXCEPTION (default)
2019-10-02 07:37:00,473 [pool-207-thread-1] INFO  server.RaftServerConfigKeys (ConfUtils.java:logGet(43)) - raft.server.rpcslowness.timeout = 120s (custom)
2019-10-02 07:37:00,474 [pool-217-thread-1] INFO  storage.RaftStorageDirectory (RaftStorageDirectory.java:analyzeStorage(246)) - The storage directory /workdir/hadoop-ozone/integration-test/target/test-dir/MiniOzoneClusterImpl-3f41681f-8054-4211-a8ce-d518c1f2066d/datanode-1/data/ratis/cb99af9d-dc46-4a2b-a74b-3cc9fd8846d2 does not exist. Creating ...
2019-10-02 07:37:00,473 [pool-227-thread-1] INFO  server.RaftServerConfigKeys (ConfUtils.java:logGet(43)) - raft.server.log.appender.install.snapshot.enabled = false (custom)
2019-10-02 07:37:00,474 [pool-207-thread-1] INFO  server.RaftServerConfigKeys (ConfUtils.java:logGet(43)) - raft.server.sleep.deviation.threshold = 300 (default)
2019-10-02 07:37:00,474 [pool-227-thread-1] INFO  impl.RaftServerImpl (ServerState.java:<init>(103)) - 0106732b-0d80-4fea-ad09-dcf61067161b@group-3CC9FD8846D2: ConfigurationManager, init=-1: [4e72db7b-e674-4275-a804-832ad1c78127:192.168.164.211:36046, 0106732b-0d80-4fea-ad09-dcf61067161b:192.168.164.211:46720, a30d8e4d-bc7e-4402-a494-020e3abfc499:192.168.164.211:39446], old=null, confs=<EMPTY_MAP>
2019-10-02 07:37:00,474 [pool-207-thread-1] INFO  server.RaftServerConfigKeys (ConfUtils.java:logGet(43)) - raft.server.log.appender.install.snapshot.enabled = false (custom)
2019-10-02 07:37:00,474 [pool-227-thread-1] INFO  server.RaftServerConfigKeys (ConfUtils.java:logGet(43)) - raft.server.storage.dir = [/workdir/hadoop-ozone/integration-test/target/test-dir/MiniOzoneClusterImpl-3f41681f-8054-4211-a8ce-d518c1f2066d/datanode-2/data/ratis] (custom)
2019-10-02 07:37:00,474 [pool-207-thread-1] INFO  impl.RaftServerImpl (ServerState.java:<init>(103)) - 4e72db7b-e674-4275-a804-832ad1c78127@group-3CC9FD8846D2: ConfigurationManager, init=-1: [4e72db7b-e674-4275-a804-832ad1c78127:192.168.164.211:36046, 0106732b-0d80-4fea-ad09-dcf61067161b:192.168.164.211:46720, a30d8e4d-bc7e-4402-a494-020e3abfc499:192.168.164.211:39446], old=null, confs=<EMPTY_MAP>
2019-10-02 07:37:00,474 [pool-227-thread-1] INFO  server.RaftServerConfigKeys (ConfUtils.java:logGet(43)) - raft.server.log.corruption.policy = EXCEPTION (default)
2019-10-02 07:37:00,474 [pool-207-thread-1] INFO  server.RaftServerConfigKeys (ConfUtils.java:logGet(43)) - raft.server.storage.dir = [/workdir/hadoop-ozone/integration-test/target/test-dir/MiniOzoneClusterImpl-3f41681f-8054-4211-a8ce-d518c1f2066d/datanode-0/data/ratis] (custom)
2019-10-02 07:37:00,474 [pool-227-thread-1] INFO  storage.RaftStorageDirectory (RaftStorageDirectory.java:analyzeStorage(246)) - The storage directory /workdir/hadoop-ozone/integration-test/target/test-dir/MiniOzoneClusterImpl-3f41681f-8054-4211-a8ce-d518c1f2066d/datanode-2/data/ratis/cb99af9d-dc46-4a2b-a74b-3cc9fd8846d2 does not exist. Creating ...
2019-10-02 07:37:00,474 [pool-207-thread-1] INFO  server.RaftServerConfigKeys (ConfUtils.java:logGet(43)) - raft.server.log.corruption.policy = EXCEPTION (default)
2019-10-02 07:37:00,475 [pool-207-thread-1] INFO  storage.RaftStorageDirectory (RaftStorageDirectory.java:analyzeStorage(246)) - The storage directory /workdir/hadoop-ozone/integration-test/target/test-dir/MiniOzoneClusterImpl-3f41681f-8054-4211-a8ce-d518c1f2066d/datanode-0/data/ratis/cb99af9d-dc46-4a2b-a74b-3cc9fd8846d2 does not exist. Creating ...
2019-10-02 07:37:00,501 [pool-217-thread-1] INFO  storage.RaftStorageDirectory (RaftStorageDirectory.java:tryLock(328)) - Lock on /workdir/hadoop-ozone/integration-test/target/test-dir/MiniOzoneClusterImpl-3f41681f-8054-4211-a8ce-d518c1f2066d/datanode-1/data/ratis/cb99af9d-dc46-4a2b-a74b-3cc9fd8846d2/in_use.lock acquired by nodename 7242@pr-hdds-2227-gdpr-vz6hn-2718222164
2019-10-02 07:37:00,501 [pool-227-thread-1] INFO  storage.RaftStorageDirectory (RaftStorageDirectory.java:tryLock(328)) - Lock on /workdir/hadoop-ozone/integration-test/target/test-dir/MiniOzoneClusterImpl-3f41681f-8054-4211-a8ce-d518c1f2066d/datanode-2/data/ratis/cb99af9d-dc46-4a2b-a74b-3cc9fd8846d2/in_use.lock acquired by nodename 7242@pr-hdds-2227-gdpr-vz6hn-2718222164
2019-10-02 07:37:00,501 [pool-207-thread-1] INFO  storage.RaftStorageDirectory (RaftStorageDirectory.java:tryLock(328)) - Lock on /workdir/hadoop-ozone/integration-test/target/test-dir/MiniOzoneClusterImpl-3f41681f-8054-4211-a8ce-d518c1f2066d/datanode-0/data/ratis/cb99af9d-dc46-4a2b-a74b-3cc9fd8846d2/in_use.lock acquired by nodename 7242@pr-hdds-2227-gdpr-vz6hn-2718222164
2019-10-02 07:37:00,528 [pool-217-thread-1] INFO  storage.RaftStorage (RaftStorage.java:format(84)) - Storage directory /workdir/hadoop-ozone/integration-test/target/test-dir/MiniOzoneClusterImpl-3f41681f-8054-4211-a8ce-d518c1f2066d/datanode-1/data/ratis/cb99af9d-dc46-4a2b-a74b-3cc9fd8846d2 has been successfully formatted.
2019-10-02 07:37:00,528 [pool-207-thread-1] INFO  storage.RaftStorage (RaftStorage.java:format(84)) - Storage directory /workdir/hadoop-ozone/integration-test/target/test-dir/MiniOzoneClusterImpl-3f41681f-8054-4211-a8ce-d518c1f2066d/datanode-0/data/ratis/cb99af9d-dc46-4a2b-a74b-3cc9fd8846d2 has been successfully formatted.
2019-10-02 07:37:00,528 [pool-217-thread-1] INFO  ratis.ContainerStateMachine (ContainerStateMachine.java:loadSnapshot(230)) - group-3CC9FD8846D2: The snapshot info is null. Setting the last applied indexto:(t:0, i:~)
2019-10-02 07:37:00,528 [pool-227-thread-1] INFO  storage.RaftStorage (RaftStorage.java:format(84)) - Storage directory /workdir/hadoop-ozone/integration-test/target/test-dir/MiniOzoneClusterImpl-3f41681f-8054-4211-a8ce-d518c1f2066d/datanode-2/data/ratis/cb99af9d-dc46-4a2b-a74b-3cc9fd8846d2 has been successfully formatted.
2019-10-02 07:37:00,528 [pool-217-thread-1] INFO  server.RaftServerConfigKeys (ConfUtils.java:logGet(43)) - raft.server.notification.no-leader.timeout = 120s (custom)
2019-10-02 07:37:00,528 [pool-207-thread-1] INFO  ratis.ContainerStateMachine (ContainerStateMachine.java:loadSnapshot(230)) - group-3CC9FD8846D2: The snapshot info is null. Setting the last applied indexto:(t:0, i:~)
2019-10-02 07:37:00,528 [pool-217-thread-1] INFO  server.RaftServerConfigKeys (ConfUtils.java:logGet(43)) - raft.server.log.use.memory = false (default)
2019-10-02 07:37:00,528 [pool-227-thread-1] INFO  ratis.ContainerStateMachine (ContainerStateMachine.java:loadSnapshot(230)) - group-3CC9FD8846D2: The snapshot info is null. Setting the last applied indexto:(t:0, i:~)
2019-10-02 07:37:00,529 [pool-217-thread-1] INFO  server.RaftServerConfigKeys (ConfUtils.java:logGet(43)) - raft.server.log.purge.gap = 1000000 (custom)
2019-10-02 07:37:00,529 [pool-207-thread-1] INFO  server.RaftServerConfigKeys (ConfUtils.java:logGet(43)) - raft.server.notification.no-leader.timeout = 120s (custom)
2019-10-02 07:37:00,529 [pool-217-thread-1] INFO  server.RaftServerConfigKeys (ConfUtils.java:logGet(43)) - raft.server.log.appender.buffer.byte-limit = 33554432 (custom)
2019-10-02 07:37:00,529 [pool-227-thread-1] INFO  server.RaftServerConfigKeys (ConfUtils.java:logGet(43)) - raft.server.notification.no-leader.timeout = 120s (custom)
2019-10-02 07:37:00,529 [pool-217-thread-1] INFO  server.RaftServerConfigKeys (ConfUtils.java:logGet(43)) - raft.server.log.segment.size.max = 1048576 (custom)
2019-10-02 07:37:00,529 [pool-207-thread-1] INFO  server.RaftServerConfigKeys (ConfUtils.java:logGet(43)) - raft.server.log.use.memory = false (default)
2019-10-02 07:37:00,529 [pool-217-thread-1] INFO  server.RaftServerConfigKeys (ConfUtils.java:logGet(43)) - raft.server.log.segment.cache.num.max = 2 (custom)
2019-10-02 07:37:00,529 [pool-227-thread-1] INFO  server.RaftServerConfigKeys (ConfUtils.java:logGet(43)) - raft.server.log.use.memory = false (default)
2019-10-02 07:37:00,529 [pool-217-thread-1] INFO  segmented.SegmentedRaftLogWorker (SegmentedRaftLogWorker.java:<init>(173)) - new a30d8e4d-bc7e-4402-a494-020e3abfc499@group-3CC9FD8846D2-SegmentedRaftLogWorker for RaftStorage:Storage Directory /workdir/hadoop-ozone/integration-test/target/test-dir/MiniOzoneClusterImpl-3f41681f-8054-4211-a8ce-d518c1f2066d/datanode-1/data/ratis/cb99af9d-dc46-4a2b-a74b-3cc9fd8846d2
2019-10-02 07:37:00,529 [IPC Server handler 3 on 46077] INFO  net.NetworkTopology (NetworkTopologyImpl.java:add(111)) - Added a new node: /default-rack/877c1e29-213f-4e3e-ace5-02a222c8c7a5
2019-10-02 07:37:00,529 [pool-207-thread-1] INFO  server.RaftServerConfigKeys (ConfUtils.java:logGet(43)) - raft.server.log.purge.gap = 1000000 (custom)
2019-10-02 07:37:00,530 [IPC Server handler 3 on 46077] INFO  node.SCMNodeManager (SCMNodeManager.java:register(266)) - Registered Data node : 877c1e29-213f-4e3e-ace5-02a222c8c7a5{ip: 192.168.164.211, host: pr-hdds-2227-gdpr-vz6hn-2718222164, networkLocation: /default-rack, certSerialId: null}
2019-10-02 07:37:00,530 [pool-217-thread-1] INFO  server.RaftServerConfigKeys (ConfUtils.java:logGet(43)) - raft.server.log.queue.byte-limit = 2147483647 (custom)
2019-10-02 07:37:00,530 [pool-217-thread-1] INFO  server.RaftServerConfigKeys (ConfUtils.java:logGet(43)) - raft.server.log.queue.element-limit = 1024 (custom)
2019-10-02 07:37:00,530 [pool-227-thread-1] INFO  server.RaftServerConfigKeys (ConfUtils.java:logGet(43)) - raft.server.log.purge.gap = 1000000 (custom)
2019-10-02 07:37:00,530 [pool-217-thread-1] INFO  server.RaftServerConfigKeys (ConfUtils.java:logGet(43)) - raft.server.log.segment.size.max = 1048576 (custom)
2019-10-02 07:37:00,530 [pool-207-thread-1] INFO  server.RaftServerConfigKeys (ConfUtils.java:logGet(43)) - raft.server.log.appender.buffer.byte-limit = 33554432 (custom)
2019-10-02 07:37:00,530 [pool-217-thread-1] INFO  server.RaftServerConfigKeys (ConfUtils.java:logGet(43)) - raft.server.log.preallocated.size = 16384 (custom)
2019-10-02 07:37:00,530 [pool-227-thread-1] INFO  server.RaftServerConfigKeys (ConfUtils.java:logGet(43)) - raft.server.log.appender.buffer.byte-limit = 33554432 (custom)
2019-10-02 07:37:00,531 [pool-217-thread-1] INFO  server.RaftServerConfigKeys (ConfUtils.java:logGet(43)) - raft.server.log.write.buffer.size = 33554432 (custom)
2019-10-02 07:37:00,531 [pool-207-thread-1] INFO  server.RaftServerConfigKeys (ConfUtils.java:logGet(43)) - raft.server.log.segment.size.max = 1048576 (custom)
2019-10-02 07:37:00,531 [pool-217-thread-1] INFO  server.RaftServerConfigKeys (ConfUtils.java:logGet(43)) - raft.server.log.force.sync.num = 128 (default)
2019-10-02 07:37:00,531 [pool-227-thread-1] INFO  server.RaftServerConfigKeys (ConfUtils.java:logGet(43)) - raft.server.log.segment.size.max = 1048576 (custom)
2019-10-02 07:37:00,531 [pool-217-thread-1] INFO  server.RaftServerConfigKeys (ConfUtils.java:logGet(43)) - raft.server.log.statemachine.data.sync = true (default)
2019-10-02 07:37:00,531 [pool-207-thread-1] INFO  server.RaftServerConfigKeys (ConfUtils.java:logGet(43)) - raft.server.log.segment.cache.num.max = 2 (custom)
2019-10-02 07:37:00,531 [pool-217-thread-1] INFO  server.RaftServerConfigKeys (ConfUtils.java:logGet(43)) - raft.server.log.statemachine.data.sync.timeout = 10s (default)
2019-10-02 07:37:00,531 [pool-227-thread-1] INFO  server.RaftServerConfigKeys (ConfUtils.java:logGet(43)) - raft.server.log.segment.cache.num.max = 2 (custom)
2019-10-02 07:37:00,531 [pool-217-thread-1] INFO  server.RaftServerConfigKeys (ConfUtils.java:logGet(43)) - raft.server.log.statemachine.data.sync.timeout.retry = -1 (default)
2019-10-02 07:37:00,531 [pool-207-thread-1] INFO  segmented.SegmentedRaftLogWorker (SegmentedRaftLogWorker.java:<init>(173)) - new 4e72db7b-e674-4275-a804-832ad1c78127@group-3CC9FD8846D2-SegmentedRaftLogWorker for RaftStorage:Storage Directory /workdir/hadoop-ozone/integration-test/target/test-dir/MiniOzoneClusterImpl-3f41681f-8054-4211-a8ce-d518c1f2066d/datanode-0/data/ratis/cb99af9d-dc46-4a2b-a74b-3cc9fd8846d2
2019-10-02 07:37:00,532 [pool-217-thread-1] INFO  server.RaftServerConfigKeys (ConfUtils.java:logGet(43)) - raft.server.log.statemachine.data.caching.enabled = true (custom)
2019-10-02 07:37:00,531 [pool-227-thread-1] INFO  segmented.SegmentedRaftLogWorker (SegmentedRaftLogWorker.java:<init>(173)) - new 0106732b-0d80-4fea-ad09-dcf61067161b@group-3CC9FD8846D2-SegmentedRaftLogWorker for RaftStorage:Storage Directory /workdir/hadoop-ozone/integration-test/target/test-dir/MiniOzoneClusterImpl-3f41681f-8054-4211-a8ce-d518c1f2066d/datanode-2/data/ratis/cb99af9d-dc46-4a2b-a74b-3cc9fd8846d2
2019-10-02 07:37:00,532 [pool-207-thread-1] INFO  server.RaftServerConfigKeys (ConfUtils.java:logGet(43)) - raft.server.log.queue.byte-limit = 2147483647 (custom)
2019-10-02 07:37:00,532 [pool-217-thread-1] INFO  segmented.SegmentedRaftLogWorker (SegmentedRaftLogWorker.java:lambda$new$0(128)) - a30d8e4d-bc7e-4402-a494-020e3abfc499@group-3CC9FD8846D2-SegmentedRaftLogWorker: flushIndex: setUnconditionally 0 -> -1
2019-10-02 07:37:00,532 [pool-227-thread-1] INFO  server.RaftServerConfigKeys (ConfUtils.java:logGet(43)) - raft.server.log.queue.byte-limit = 2147483647 (custom)
2019-10-02 07:37:00,532 [pool-207-thread-1] INFO  server.RaftServerConfigKeys (ConfUtils.java:logGet(43)) - raft.server.log.queue.element-limit = 1024 (custom)
2019-10-02 07:37:00,532 [pool-217-thread-1] INFO  server.RaftServerConfigKeys (ConfUtils.java:logGet(43)) - raft.server.snapshot.auto.trigger.enabled = true (custom)
2019-10-02 07:37:00,532 [pool-227-thread-1] INFO  server.RaftServerConfigKeys (ConfUtils.java:logGet(43)) - raft.server.log.queue.element-limit = 1024 (custom)
2019-10-02 07:37:00,532 [pool-217-thread-1] INFO  server.RaftServerConfigKeys (ConfUtils.java:logGet(43)) - raft.server.snapshot.auto.trigger.threshold = 10000 (custom)
2019-10-02 07:37:00,532 [pool-207-thread-1] INFO  server.RaftServerConfigKeys (ConfUtils.java:logGet(43)) - raft.server.log.segment.size.max = 1048576 (custom)
2019-10-02 07:37:00,532 [pool-217-thread-1] INFO  server.RaftServerConfigKeys (ConfUtils.java:logGet(43)) - raft.server.snapshot.retention.file.num = 5 (custom)
2019-10-02 07:37:00,532 [pool-227-thread-1] INFO  server.RaftServerConfigKeys (ConfUtils.java:logGet(43)) - raft.server.log.segment.size.max = 1048576 (custom)
2019-10-02 07:37:00,533 [pool-217-thread-1] INFO  server.RaftServerConfigKeys (ConfUtils.java:logGet(43)) - raft.server.retrycache.expirytime = 600000ms (custom)
2019-10-02 07:37:00,532 [pool-207-thread-1] INFO  server.RaftServerConfigKeys (ConfUtils.java:logGet(43)) - raft.server.log.preallocated.size = 16384 (custom)
2019-10-02 07:37:00,533 [pool-227-thread-1] INFO  server.RaftServerConfigKeys (ConfUtils.java:logGet(43)) - raft.server.log.preallocated.size = 16384 (custom)
2019-10-02 07:37:00,533 [pool-207-thread-1] INFO  server.RaftServerConfigKeys (ConfUtils.java:logGet(43)) - raft.server.log.write.buffer.size = 33554432 (custom)
2019-10-02 07:37:00,533 [pool-227-thread-1] INFO  server.RaftServerConfigKeys (ConfUtils.java:logGet(43)) - raft.server.log.write.buffer.size = 33554432 (custom)
2019-10-02 07:37:00,533 [pool-207-thread-1] INFO  server.RaftServerConfigKeys (ConfUtils.java:logGet(43)) - raft.server.log.force.sync.num = 128 (default)
2019-10-02 07:37:00,533 [pool-227-thread-1] INFO  server.RaftServerConfigKeys (ConfUtils.java:logGet(43)) - raft.server.log.force.sync.num = 128 (default)
2019-10-02 07:37:00,533 [pool-207-thread-1] INFO  server.RaftServerConfigKeys (ConfUtils.java:logGet(43)) - raft.server.log.statemachine.data.sync = true (default)
2019-10-02 07:37:00,533 [pool-227-thread-1] INFO  server.RaftServerConfigKeys (ConfUtils.java:logGet(43)) - raft.server.log.statemachine.data.sync = true (default)
2019-10-02 07:37:00,533 [pool-207-thread-1] INFO  server.RaftServerConfigKeys (ConfUtils.java:logGet(43)) - raft.server.log.statemachine.data.sync.timeout = 10s (default)
2019-10-02 07:37:00,533 [pool-227-thread-1] INFO  server.RaftServerConfigKeys (ConfUtils.java:logGet(43)) - raft.server.log.statemachine.data.sync.timeout = 10s (default)
2019-10-02 07:37:00,534 [pool-207-thread-1] INFO  server.RaftServerConfigKeys (ConfUtils.java:logGet(43)) - raft.server.log.statemachine.data.sync.timeout.retry = -1 (default)
2019-10-02 07:37:00,534 [pool-227-thread-1] INFO  server.RaftServerConfigKeys (ConfUtils.java:logGet(43)) - raft.server.log.statemachine.data.sync.timeout.retry = -1 (default)
2019-10-02 07:37:00,534 [pool-207-thread-1] INFO  server.RaftServerConfigKeys (ConfUtils.java:logGet(43)) - raft.server.log.statemachine.data.caching.enabled = true (custom)
2019-10-02 07:37:00,534 [pool-227-thread-1] INFO  server.RaftServerConfigKeys (ConfUtils.java:logGet(43)) - raft.server.log.statemachine.data.caching.enabled = true (custom)
2019-10-02 07:37:00,534 [pool-207-thread-1] INFO  segmented.SegmentedRaftLogWorker (SegmentedRaftLogWorker.java:lambda$new$0(128)) - 4e72db7b-e674-4275-a804-832ad1c78127@group-3CC9FD8846D2-SegmentedRaftLogWorker: flushIndex: setUnconditionally 0 -> -1
2019-10-02 07:37:00,534 [pool-227-thread-1] INFO  segmented.SegmentedRaftLogWorker (SegmentedRaftLogWorker.java:lambda$new$0(128)) - 0106732b-0d80-4fea-ad09-dcf61067161b@group-3CC9FD8846D2-SegmentedRaftLogWorker: flushIndex: setUnconditionally 0 -> -1
2019-10-02 07:37:00,534 [pool-217-thread-1] INFO  impl.RaftServerImpl (RaftServerImpl.java:start(181)) - a30d8e4d-bc7e-4402-a494-020e3abfc499@group-3CC9FD8846D2: start as a follower, conf=-1: [4e72db7b-e674-4275-a804-832ad1c78127:192.168.164.211:36046, 0106732b-0d80-4fea-ad09-dcf61067161b:192.168.164.211:46720, a30d8e4d-bc7e-4402-a494-020e3abfc499:192.168.164.211:39446], old=null
2019-10-02 07:37:00,534 [pool-207-thread-1] INFO  server.RaftServerConfigKeys (ConfUtils.java:logGet(43)) - raft.server.snapshot.auto.trigger.enabled = true (custom)
2019-10-02 07:37:00,534 [pool-227-thread-1] INFO  server.RaftServerConfigKeys (ConfUtils.java:logGet(43)) - raft.server.snapshot.auto.trigger.enabled = true (custom)
2019-10-02 07:37:00,534 [pool-217-thread-1] INFO  impl.RaftServerImpl (RaftServerImpl.java:setRole(170)) - a30d8e4d-bc7e-4402-a494-020e3abfc499@group-3CC9FD8846D2: changes role from      null to FOLLOWER at term 0 for startAsFollower
2019-10-02 07:37:00,535 [pool-227-thread-1] INFO  server.RaftServerConfigKeys (ConfUtils.java:logGet(43)) - raft.server.snapshot.auto.trigger.threshold = 10000 (custom)
2019-10-02 07:37:00,534 [pool-207-thread-1] INFO  server.RaftServerConfigKeys (ConfUtils.java:logGet(43)) - raft.server.snapshot.auto.trigger.threshold = 10000 (custom)
2019-10-02 07:37:00,535 [pool-227-thread-1] INFO  server.RaftServerConfigKeys (ConfUtils.java:logGet(43)) - raft.server.snapshot.retention.file.num = 5 (custom)
2019-10-02 07:37:00,535 [pool-217-thread-1] INFO  impl.RoleInfo (RoleInfo.java:updateAndGet(143)) - a30d8e4d-bc7e-4402-a494-020e3abfc499: start FollowerState
2019-10-02 07:37:00,535 [pool-227-thread-1] INFO  server.RaftServerConfigKeys (ConfUtils.java:logGet(43)) - raft.server.retrycache.expirytime = 600000ms (custom)
2019-10-02 07:37:00,535 [pool-207-thread-1] INFO  server.RaftServerConfigKeys (ConfUtils.java:logGet(43)) - raft.server.snapshot.retention.file.num = 5 (custom)
2019-10-02 07:37:00,535 [pool-217-thread-1] INFO  util.JmxRegister (JmxRegister.java:tryRegister(44)) - Successfully registered JMX Bean with object name Ratis:service=RaftServer,group=group-3CC9FD8846D2,id=a30d8e4d-bc7e-4402-a494-020e3abfc499
2019-10-02 07:37:00,535 [pool-207-thread-1] INFO  server.RaftServerConfigKeys (ConfUtils.java:logGet(43)) - raft.server.retrycache.expirytime = 600000ms (custom)
2019-10-02 07:37:00,537 [pool-227-thread-1] INFO  impl.RaftServerImpl (RaftServerImpl.java:start(181)) - 0106732b-0d80-4fea-ad09-dcf61067161b@group-3CC9FD8846D2: start as a follower, conf=-1: [4e72db7b-e674-4275-a804-832ad1c78127:192.168.164.211:36046, 0106732b-0d80-4fea-ad09-dcf61067161b:192.168.164.211:46720, a30d8e4d-bc7e-4402-a494-020e3abfc499:192.168.164.211:39446], old=null
2019-10-02 07:37:00,537 [pool-227-thread-1] INFO  impl.RaftServerImpl (RaftServerImpl.java:setRole(170)) - 0106732b-0d80-4fea-ad09-dcf61067161b@group-3CC9FD8846D2: changes role from      null to FOLLOWER at term 0 for startAsFollower
2019-10-02 07:37:00,537 [pool-227-thread-1] INFO  impl.RoleInfo (RoleInfo.java:updateAndGet(143)) - 0106732b-0d80-4fea-ad09-dcf61067161b: start FollowerState
2019-10-02 07:37:00,538 [pool-227-thread-1] INFO  util.JmxRegister (JmxRegister.java:tryRegister(44)) - Successfully registered JMX Bean with object name Ratis:service=RaftServer,group=group-3CC9FD8846D2,id=0106732b-0d80-4fea-ad09-dcf61067161b
2019-10-02 07:37:00,538 [pool-207-thread-1] INFO  impl.RaftServerImpl (RaftServerImpl.java:start(181)) - 4e72db7b-e674-4275-a804-832ad1c78127@group-3CC9FD8846D2: start as a follower, conf=-1: [4e72db7b-e674-4275-a804-832ad1c78127:192.168.164.211:36046, 0106732b-0d80-4fea-ad09-dcf61067161b:192.168.164.211:46720, a30d8e4d-bc7e-4402-a494-020e3abfc499:192.168.164.211:39446], old=null
2019-10-02 07:37:00,538 [pool-207-thread-1] INFO  impl.RaftServerImpl (RaftServerImpl.java:setRole(170)) - 4e72db7b-e674-4275-a804-832ad1c78127@group-3CC9FD8846D2: changes role from      null to FOLLOWER at term 0 for startAsFollower
2019-10-02 07:37:00,538 [pool-207-thread-1] INFO  impl.RoleInfo (RoleInfo.java:updateAndGet(143)) - 4e72db7b-e674-4275-a804-832ad1c78127: start FollowerState
2019-10-02 07:37:00,539 [pool-207-thread-1] INFO  util.JmxRegister (JmxRegister.java:tryRegister(44)) - Successfully registered JMX Bean with object name Ratis:service=RaftServer,group=group-3CC9FD8846D2,id=4e72db7b-e674-4275-a804-832ad1c78127
2019-10-02 07:37:00,549 [RatisPipelineUtilsThread] INFO  pipeline.PipelineStateManager (PipelineStateManager.java:addPipeline(56)) - Created pipeline Pipeline[ Id: cb99af9d-dc46-4a2b-a74b-3cc9fd8846d2, Nodes: a30d8e4d-bc7e-4402-a494-020e3abfc499{ip: 192.168.164.211, host: pr-hdds-2227-gdpr-vz6hn-2718222164, networkLocation: /default-rack, certSerialId: null}0106732b-0d80-4fea-ad09-dcf61067161b{ip: 192.168.164.211, host: pr-hdds-2227-gdpr-vz6hn-2718222164, networkLocation: /default-rack, certSerialId: null}4e72db7b-e674-4275-a804-832ad1c78127{ip: 192.168.164.211, host: pr-hdds-2227-gdpr-vz6hn-2718222164, networkLocation: /default-rack, certSerialId: null}, Type:RATIS, Factor:THREE, State:OPEN]
2019-10-02 07:37:00,559 [grpc-default-executor-1] INFO  impl.RaftServerProxy (RaftServerProxy.java:addNew(89)) - d54e5ec9-dbdf-4cc4-af70-70ef71242697: addNew group-9AC22D5AC248:[d54e5ec9-dbdf-4cc4-af70-70ef71242697:192.168.164.211:37211] returns group-9AC22D5AC248:java.util.concurrent.CompletableFuture@22d2167f[Not completed]
2019-10-02 07:37:00,560 [pool-237-thread-1] INFO  impl.RaftServerImpl (RaftServerImpl.java:<init>(95)) - d54e5ec9-dbdf-4cc4-af70-70ef71242697: new RaftServerImpl for group-9AC22D5AC248:[d54e5ec9-dbdf-4cc4-af70-70ef71242697:192.168.164.211:37211] with ContainerStateMachine:uninitialized
2019-10-02 07:37:00,562 [pool-237-thread-1] INFO  server.RaftServerConfigKeys (ConfUtils.java:logGet(43)) - raft.server.rpc.timeout.min = 5s (custom)
2019-10-02 07:37:00,562 [pool-237-thread-1] INFO  server.RaftServerConfigKeys (ConfUtils.java:logGet(43)) - raft.server.rpc.timeout.max = 5200ms (custom)
2019-10-02 07:37:00,562 [pool-237-thread-1] INFO  server.RaftServerConfigKeys (ConfUtils.java:logGet(43)) - raft.server.rpcslowness.timeout = 120s (custom)
2019-10-02 07:37:00,563 [pool-237-thread-1] INFO  server.RaftServerConfigKeys (ConfUtils.java:logGet(43)) - raft.server.sleep.deviation.threshold = 300 (default)
2019-10-02 07:37:00,563 [pool-237-thread-1] INFO  server.RaftServerConfigKeys (ConfUtils.java:logGet(43)) - raft.server.log.appender.install.snapshot.enabled = false (custom)
2019-10-02 07:37:00,563 [pool-237-thread-1] INFO  impl.RaftServerImpl (ServerState.java:<init>(103)) - d54e5ec9-dbdf-4cc4-af70-70ef71242697@group-9AC22D5AC248: ConfigurationManager, init=-1: [d54e5ec9-dbdf-4cc4-af70-70ef71242697:192.168.164.211:37211], old=null, confs=<EMPTY_MAP>
2019-10-02 07:37:00,563 [pool-237-thread-1] INFO  server.RaftServerConfigKeys (ConfUtils.java:logGet(43)) - raft.server.storage.dir = [/workdir/hadoop-ozone/integration-test/target/test-dir/MiniOzoneClusterImpl-3f41681f-8054-4211-a8ce-d518c1f2066d/datanode-3/data/ratis] (custom)
2019-10-02 07:37:00,563 [pool-237-thread-1] INFO  server.RaftServerConfigKeys (ConfUtils.java:logGet(43)) - raft.server.log.corruption.policy = EXCEPTION (default)
2019-10-02 07:37:00,563 [pool-237-thread-1] INFO  storage.RaftStorageDirectory (RaftStorageDirectory.java:analyzeStorage(246)) - The storage directory /workdir/hadoop-ozone/integration-test/target/test-dir/MiniOzoneClusterImpl-3f41681f-8054-4211-a8ce-d518c1f2066d/datanode-3/data/ratis/3ea5359d-af3d-4a58-8c0f-9ac22d5ac248 does not exist. Creating ...
2019-10-02 07:37:00,577 [pool-237-thread-1] INFO  storage.RaftStorageDirectory (RaftStorageDirectory.java:tryLock(328)) - Lock on /workdir/hadoop-ozone/integration-test/target/test-dir/MiniOzoneClusterImpl-3f41681f-8054-4211-a8ce-d518c1f2066d/datanode-3/data/ratis/3ea5359d-af3d-4a58-8c0f-9ac22d5ac248/in_use.lock acquired by nodename 7242@pr-hdds-2227-gdpr-vz6hn-2718222164
2019-10-02 07:37:00,590 [pool-237-thread-1] INFO  storage.RaftStorage (RaftStorage.java:format(84)) - Storage directory /workdir/hadoop-ozone/integration-test/target/test-dir/MiniOzoneClusterImpl-3f41681f-8054-4211-a8ce-d518c1f2066d/datanode-3/data/ratis/3ea5359d-af3d-4a58-8c0f-9ac22d5ac248 has been successfully formatted.
2019-10-02 07:37:00,590 [pool-237-thread-1] INFO  ratis.ContainerStateMachine (ContainerStateMachine.java:loadSnapshot(230)) - group-9AC22D5AC248: The snapshot info is null. Setting the last applied indexto:(t:0, i:~)
2019-10-02 07:37:00,590 [pool-237-thread-1] INFO  server.RaftServerConfigKeys (ConfUtils.java:logGet(43)) - raft.server.notification.no-leader.timeout = 120s (custom)
2019-10-02 07:37:00,590 [pool-237-thread-1] INFO  server.RaftServerConfigKeys (ConfUtils.java:logGet(43)) - raft.server.log.use.memory = false (default)
2019-10-02 07:37:00,590 [pool-237-thread-1] INFO  server.RaftServerConfigKeys (ConfUtils.java:logGet(43)) - raft.server.log.purge.gap = 1000000 (custom)
2019-10-02 07:37:00,590 [pool-237-thread-1] INFO  server.RaftServerConfigKeys (ConfUtils.java:logGet(43)) - raft.server.log.appender.buffer.byte-limit = 33554432 (custom)
2019-10-02 07:37:00,590 [pool-237-thread-1] INFO  server.RaftServerConfigKeys (ConfUtils.java:logGet(43)) - raft.server.log.segment.size.max = 1048576 (custom)
2019-10-02 07:37:00,592 [pool-237-thread-1] INFO  server.RaftServerConfigKeys (ConfUtils.java:logGet(43)) - raft.server.log.segment.cache.num.max = 2 (custom)
2019-10-02 07:37:00,592 [pool-237-thread-1] INFO  segmented.SegmentedRaftLogWorker (SegmentedRaftLogWorker.java:<init>(173)) - new d54e5ec9-dbdf-4cc4-af70-70ef71242697@group-9AC22D5AC248-SegmentedRaftLogWorker for RaftStorage:Storage Directory /workdir/hadoop-ozone/integration-test/target/test-dir/MiniOzoneClusterImpl-3f41681f-8054-4211-a8ce-d518c1f2066d/datanode-3/data/ratis/3ea5359d-af3d-4a58-8c0f-9ac22d5ac248
2019-10-02 07:37:00,592 [pool-237-thread-1] INFO  server.RaftServerConfigKeys (ConfUtils.java:logGet(43)) - raft.server.log.queue.byte-limit = 2147483647 (custom)
2019-10-02 07:37:00,592 [pool-237-thread-1] INFO  server.RaftServerConfigKeys (ConfUtils.java:logGet(43)) - raft.server.log.queue.element-limit = 1024 (custom)
2019-10-02 07:37:00,592 [pool-237-thread-1] INFO  server.RaftServerConfigKeys (ConfUtils.java:logGet(43)) - raft.server.log.segment.size.max = 1048576 (custom)
2019-10-02 07:37:00,592 [pool-237-thread-1] INFO  server.RaftServerConfigKeys (ConfUtils.java:logGet(43)) - raft.server.log.preallocated.size = 16384 (custom)
2019-10-02 07:37:00,592 [pool-237-thread-1] INFO  server.RaftServerConfigKeys (ConfUtils.java:logGet(43)) - raft.server.log.write.buffer.size = 33554432 (custom)
2019-10-02 07:37:00,592 [pool-237-thread-1] INFO  server.RaftServerConfigKeys (ConfUtils.java:logGet(43)) - raft.server.log.force.sync.num = 128 (default)
2019-10-02 07:37:00,592 [pool-237-thread-1] INFO  server.RaftServerConfigKeys (ConfUtils.java:logGet(43)) - raft.server.log.statemachine.data.sync = true (default)
2019-10-02 07:37:00,593 [pool-237-thread-1] INFO  server.RaftServerConfigKeys (ConfUtils.java:logGet(43)) - raft.server.log.statemachine.data.sync.timeout = 10s (default)
2019-10-02 07:37:00,593 [pool-237-thread-1] INFO  server.RaftServerConfigKeys (ConfUtils.java:logGet(43)) - raft.server.log.statemachine.data.sync.timeout.retry = -1 (default)
2019-10-02 07:37:00,593 [pool-237-thread-1] INFO  server.RaftServerConfigKeys (ConfUtils.java:logGet(43)) - raft.server.log.statemachine.data.caching.enabled = true (custom)
2019-10-02 07:37:00,593 [pool-237-thread-1] INFO  segmented.SegmentedRaftLogWorker (SegmentedRaftLogWorker.java:lambda$new$0(128)) - d54e5ec9-dbdf-4cc4-af70-70ef71242697@group-9AC22D5AC248-SegmentedRaftLogWorker: flushIndex: setUnconditionally 0 -> -1
2019-10-02 07:37:00,593 [pool-237-thread-1] INFO  server.RaftServerConfigKeys (ConfUtils.java:logGet(43)) - raft.server.snapshot.auto.trigger.enabled = true (custom)
2019-10-02 07:37:00,593 [pool-237-thread-1] INFO  server.RaftServerConfigKeys (ConfUtils.java:logGet(43)) - raft.server.snapshot.auto.trigger.threshold = 10000 (custom)
2019-10-02 07:37:00,594 [pool-237-thread-1] INFO  server.RaftServerConfigKeys (ConfUtils.java:logGet(43)) - raft.server.snapshot.retention.file.num = 5 (custom)
2019-10-02 07:37:00,594 [pool-237-thread-1] INFO  server.RaftServerConfigKeys (ConfUtils.java:logGet(43)) - raft.server.retrycache.expirytime = 600000ms (custom)
2019-10-02 07:37:00,595 [pool-237-thread-1] INFO  impl.RaftServerImpl (RaftServerImpl.java:start(181)) - d54e5ec9-dbdf-4cc4-af70-70ef71242697@group-9AC22D5AC248: start as a follower, conf=-1: [d54e5ec9-dbdf-4cc4-af70-70ef71242697:192.168.164.211:37211], old=null
2019-10-02 07:37:00,595 [pool-237-thread-1] INFO  impl.RaftServerImpl (RaftServerImpl.java:setRole(170)) - d54e5ec9-dbdf-4cc4-af70-70ef71242697@group-9AC22D5AC248: changes role from      null to FOLLOWER at term 0 for startAsFollower
2019-10-02 07:37:00,595 [pool-237-thread-1] INFO  impl.RoleInfo (RoleInfo.java:updateAndGet(143)) - d54e5ec9-dbdf-4cc4-af70-70ef71242697: start FollowerState
2019-10-02 07:37:00,595 [pool-237-thread-1] INFO  util.JmxRegister (JmxRegister.java:tryRegister(44)) - Successfully registered JMX Bean with object name Ratis:service=RaftServer,group=group-9AC22D5AC248,id=d54e5ec9-dbdf-4cc4-af70-70ef71242697
2019-10-02 07:37:00,601 [RatisPipelineUtilsThread] INFO  pipeline.PipelineStateManager (PipelineStateManager.java:addPipeline(56)) - Created pipeline Pipeline[ Id: 3ea5359d-af3d-4a58-8c0f-9ac22d5ac248, Nodes: d54e5ec9-dbdf-4cc4-af70-70ef71242697{ip: 192.168.164.211, host: pr-hdds-2227-gdpr-vz6hn-2718222164, networkLocation: /default-rack, certSerialId: null}, Type:RATIS, Factor:ONE, State:OPEN]
2019-10-02 07:37:00,604 [IPC Server handler 6 on 46077] INFO  net.NetworkTopology (NetworkTopologyImpl.java:add(111)) - Added a new node: /default-rack/36b8fa0f-cccd-4cea-ae0d-28616d15ce66
2019-10-02 07:37:00,604 [IPC Server handler 6 on 46077] INFO  node.SCMNodeManager (SCMNodeManager.java:register(266)) - Registered Data node : 36b8fa0f-cccd-4cea-ae0d-28616d15ce66{ip: 192.168.164.211, host: pr-hdds-2227-gdpr-vz6hn-2718222164, networkLocation: /default-rack, certSerialId: null}
2019-10-02 07:37:00,611 [grpc-default-executor-1] INFO  impl.RaftServerProxy (RaftServerProxy.java:addNew(89)) - 877c1e29-213f-4e3e-ace5-02a222c8c7a5: addNew group-FBF3A30E57C3:[877c1e29-213f-4e3e-ace5-02a222c8c7a5:192.168.164.211:33703] returns group-FBF3A30E57C3:java.util.concurrent.CompletableFuture@77ebb541[Not completed]
2019-10-02 07:37:00,612 [pool-247-thread-1] INFO  impl.RaftServerImpl (RaftServerImpl.java:<init>(95)) - 877c1e29-213f-4e3e-ace5-02a222c8c7a5: new RaftServerImpl for group-FBF3A30E57C3:[877c1e29-213f-4e3e-ace5-02a222c8c7a5:192.168.164.211:33703] with ContainerStateMachine:uninitialized
2019-10-02 07:37:00,612 [pool-247-thread-1] INFO  server.RaftServerConfigKeys (ConfUtils.java:logGet(43)) - raft.server.rpc.timeout.min = 5s (custom)
2019-10-02 07:37:00,612 [pool-247-thread-1] INFO  server.RaftServerConfigKeys (ConfUtils.java:logGet(43)) - raft.server.rpc.timeout.max = 5200ms (custom)
2019-10-02 07:37:00,612 [pool-247-thread-1] INFO  server.RaftServerConfigKeys (ConfUtils.java:logGet(43)) - raft.server.rpcslowness.timeout = 120s (custom)
2019-10-02 07:37:00,612 [pool-247-thread-1] INFO  server.RaftServerConfigKeys (ConfUtils.java:logGet(43)) - raft.server.sleep.deviation.threshold = 300 (default)
2019-10-02 07:37:00,613 [pool-247-thread-1] INFO  server.RaftServerConfigKeys (ConfUtils.java:logGet(43)) - raft.server.log.appender.install.snapshot.enabled = false (custom)
2019-10-02 07:37:00,613 [pool-247-thread-1] INFO  impl.RaftServerImpl (ServerState.java:<init>(103)) - 877c1e29-213f-4e3e-ace5-02a222c8c7a5@group-FBF3A30E57C3: ConfigurationManager, init=-1: [877c1e29-213f-4e3e-ace5-02a222c8c7a5:192.168.164.211:33703], old=null, confs=<EMPTY_MAP>
2019-10-02 07:37:00,613 [pool-247-thread-1] INFO  server.RaftServerConfigKeys (ConfUtils.java:logGet(43)) - raft.server.storage.dir = [/workdir/hadoop-ozone/integration-test/target/test-dir/MiniOzoneClusterImpl-3f41681f-8054-4211-a8ce-d518c1f2066d/datanode-4/data/ratis] (custom)
2019-10-02 07:37:00,613 [pool-247-thread-1] INFO  server.RaftServerConfigKeys (ConfUtils.java:logGet(43)) - raft.server.log.corruption.policy = EXCEPTION (default)
2019-10-02 07:37:00,613 [pool-247-thread-1] INFO  storage.RaftStorageDirectory (RaftStorageDirectory.java:analyzeStorage(246)) - The storage directory /workdir/hadoop-ozone/integration-test/target/test-dir/MiniOzoneClusterImpl-3f41681f-8054-4211-a8ce-d518c1f2066d/datanode-4/data/ratis/028cd8c0-c1c6-4593-a642-fbf3a30e57c3 does not exist. Creating ...
2019-10-02 07:37:00,625 [pool-247-thread-1] INFO  storage.RaftStorageDirectory (RaftStorageDirectory.java:tryLock(328)) - Lock on /workdir/hadoop-ozone/integration-test/target/test-dir/MiniOzoneClusterImpl-3f41681f-8054-4211-a8ce-d518c1f2066d/datanode-4/data/ratis/028cd8c0-c1c6-4593-a642-fbf3a30e57c3/in_use.lock acquired by nodename 7242@pr-hdds-2227-gdpr-vz6hn-2718222164
2019-10-02 07:37:00,638 [pool-247-thread-1] INFO  storage.RaftStorage (RaftStorage.java:format(84)) - Storage directory /workdir/hadoop-ozone/integration-test/target/test-dir/MiniOzoneClusterImpl-3f41681f-8054-4211-a8ce-d518c1f2066d/datanode-4/data/ratis/028cd8c0-c1c6-4593-a642-fbf3a30e57c3 has been successfully formatted.
2019-10-02 07:37:00,638 [pool-247-thread-1] INFO  ratis.ContainerStateMachine (ContainerStateMachine.java:loadSnapshot(230)) - group-FBF3A30E57C3: The snapshot info is null. Setting the last applied indexto:(t:0, i:~)
2019-10-02 07:37:00,638 [pool-247-thread-1] INFO  server.RaftServerConfigKeys (ConfUtils.java:logGet(43)) - raft.server.notification.no-leader.timeout = 120s (custom)
2019-10-02 07:37:00,638 [pool-247-thread-1] INFO  server.RaftServerConfigKeys (ConfUtils.java:logGet(43)) - raft.server.log.use.memory = false (default)
2019-10-02 07:37:00,638 [pool-247-thread-1] INFO  server.RaftServerConfigKeys (ConfUtils.java:logGet(43)) - raft.server.log.purge.gap = 1000000 (custom)
2019-10-02 07:37:00,638 [pool-247-thread-1] INFO  server.RaftServerConfigKeys (ConfUtils.java:logGet(43)) - raft.server.log.appender.buffer.byte-limit = 33554432 (custom)
2019-10-02 07:37:00,639 [pool-247-thread-1] INFO  server.RaftServerConfigKeys (ConfUtils.java:logGet(43)) - raft.server.log.segment.size.max = 1048576 (custom)
2019-10-02 07:37:00,640 [pool-247-thread-1] INFO  server.RaftServerConfigKeys (ConfUtils.java:logGet(43)) - raft.server.log.segment.cache.num.max = 2 (custom)
2019-10-02 07:37:00,640 [pool-247-thread-1] INFO  segmented.SegmentedRaftLogWorker (SegmentedRaftLogWorker.java:<init>(173)) - new 877c1e29-213f-4e3e-ace5-02a222c8c7a5@group-FBF3A30E57C3-SegmentedRaftLogWorker for RaftStorage:Storage Directory /workdir/hadoop-ozone/integration-test/target/test-dir/MiniOzoneClusterImpl-3f41681f-8054-4211-a8ce-d518c1f2066d/datanode-4/data/ratis/028cd8c0-c1c6-4593-a642-fbf3a30e57c3
2019-10-02 07:37:00,640 [pool-247-thread-1] INFO  server.RaftServerConfigKeys (ConfUtils.java:logGet(43)) - raft.server.log.queue.byte-limit = 2147483647 (custom)
2019-10-02 07:37:00,640 [pool-247-thread-1] INFO  server.RaftServerConfigKeys (ConfUtils.java:logGet(43)) - raft.server.log.queue.element-limit = 1024 (custom)
2019-10-02 07:37:00,640 [pool-247-thread-1] INFO  server.RaftServerConfigKeys (ConfUtils.java:logGet(43)) - raft.server.log.segment.size.max = 1048576 (custom)
2019-10-02 07:37:00,640 [pool-247-thread-1] INFO  server.RaftServerConfigKeys (ConfUtils.java:logGet(43)) - raft.server.log.preallocated.size = 16384 (custom)
2019-10-02 07:37:00,640 [pool-247-thread-1] INFO  server.RaftServerConfigKeys (ConfUtils.java:logGet(43)) - raft.server.log.write.buffer.size = 33554432 (custom)
2019-10-02 07:37:00,640 [pool-247-thread-1] INFO  server.RaftServerConfigKeys (ConfUtils.java:logGet(43)) - raft.server.log.force.sync.num = 128 (default)
2019-10-02 07:37:00,640 [pool-247-thread-1] INFO  server.RaftServerConfigKeys (ConfUtils.java:logGet(43)) - raft.server.log.statemachine.data.sync = true (default)
2019-10-02 07:37:00,641 [pool-247-thread-1] INFO  server.RaftServerConfigKeys (ConfUtils.java:logGet(43)) - raft.server.log.statemachine.data.sync.timeout = 10s (default)
2019-10-02 07:37:00,641 [pool-247-thread-1] INFO  server.RaftServerConfigKeys (ConfUtils.java:logGet(43)) - raft.server.log.statemachine.data.sync.timeout.retry = -1 (default)
2019-10-02 07:37:00,641 [pool-247-thread-1] INFO  server.RaftServerConfigKeys (ConfUtils.java:logGet(43)) - raft.server.log.statemachine.data.caching.enabled = true (custom)
2019-10-02 07:37:00,642 [pool-247-thread-1] INFO  segmented.SegmentedRaftLogWorker (SegmentedRaftLogWorker.java:lambda$new$0(128)) - 877c1e29-213f-4e3e-ace5-02a222c8c7a5@group-FBF3A30E57C3-SegmentedRaftLogWorker: flushIndex: setUnconditionally 0 -> -1
2019-10-02 07:37:00,642 [pool-247-thread-1] INFO  server.RaftServerConfigKeys (ConfUtils.java:logGet(43)) - raft.server.snapshot.auto.trigger.enabled = true (custom)
2019-10-02 07:37:00,642 [pool-247-thread-1] INFO  server.RaftServerConfigKeys (ConfUtils.java:logGet(43)) - raft.server.snapshot.auto.trigger.threshold = 10000 (custom)
2019-10-02 07:37:00,642 [pool-247-thread-1] INFO  server.RaftServerConfigKeys (ConfUtils.java:logGet(43)) - raft.server.snapshot.retention.file.num = 5 (custom)
2019-10-02 07:37:00,642 [pool-247-thread-1] INFO  server.RaftServerConfigKeys (ConfUtils.java:logGet(43)) - raft.server.retrycache.expirytime = 600000ms (custom)
2019-10-02 07:37:00,643 [pool-247-thread-1] INFO  impl.RaftServerImpl (RaftServerImpl.java:start(181)) - 877c1e29-213f-4e3e-ace5-02a222c8c7a5@group-FBF3A30E57C3: start as a follower, conf=-1: [877c1e29-213f-4e3e-ace5-02a222c8c7a5:192.168.164.211:33703], old=null
2019-10-02 07:37:00,643 [pool-247-thread-1] INFO  impl.RaftServerImpl (RaftServerImpl.java:setRole(170)) - 877c1e29-213f-4e3e-ace5-02a222c8c7a5@group-FBF3A30E57C3: changes role from      null to FOLLOWER at term 0 for startAsFollower
2019-10-02 07:37:00,644 [pool-247-thread-1] INFO  impl.RoleInfo (RoleInfo.java:updateAndGet(143)) - 877c1e29-213f-4e3e-ace5-02a222c8c7a5: start FollowerState
2019-10-02 07:37:00,644 [pool-247-thread-1] INFO  util.JmxRegister (JmxRegister.java:tryRegister(44)) - Successfully registered JMX Bean with object name Ratis:service=RaftServer,group=group-FBF3A30E57C3,id=877c1e29-213f-4e3e-ace5-02a222c8c7a5
2019-10-02 07:37:00,649 [RatisPipelineUtilsThread] INFO  pipeline.PipelineStateManager (PipelineStateManager.java:addPipeline(56)) - Created pipeline Pipeline[ Id: 028cd8c0-c1c6-4593-a642-fbf3a30e57c3, Nodes: 877c1e29-213f-4e3e-ace5-02a222c8c7a5{ip: 192.168.164.211, host: pr-hdds-2227-gdpr-vz6hn-2718222164, networkLocation: /default-rack, certSerialId: null}, Type:RATIS, Factor:ONE, State:OPEN]
2019-10-02 07:37:00,663 [grpc-default-executor-1] INFO  impl.RaftServerProxy (RaftServerProxy.java:addNew(89)) - 36b8fa0f-cccd-4cea-ae0d-28616d15ce66: addNew group-BA937D2181F0:[36b8fa0f-cccd-4cea-ae0d-28616d15ce66:192.168.164.211:45402] returns group-BA937D2181F0:java.util.concurrent.CompletableFuture@9272d7a[Not completed]
2019-10-02 07:37:00,664 [pool-257-thread-1] INFO  impl.RaftServerImpl (RaftServerImpl.java:<init>(95)) - 36b8fa0f-cccd-4cea-ae0d-28616d15ce66: new RaftServerImpl for group-BA937D2181F0:[36b8fa0f-cccd-4cea-ae0d-28616d15ce66:192.168.164.211:45402] with ContainerStateMachine:uninitialized
2019-10-02 07:37:00,664 [pool-257-thread-1] INFO  server.RaftServerConfigKeys (ConfUtils.java:logGet(43)) - raft.server.rpc.timeout.min = 5s (custom)
2019-10-02 07:37:00,664 [pool-257-thread-1] INFO  server.RaftServerConfigKeys (ConfUtils.java:logGet(43)) - raft.server.rpc.timeout.max = 5200ms (custom)
2019-10-02 07:37:00,664 [pool-257-thread-1] INFO  server.RaftServerConfigKeys (ConfUtils.java:logGet(43)) - raft.server.rpcslowness.timeout = 120s (custom)
2019-10-02 07:37:00,665 [pool-257-thread-1] INFO  server.RaftServerConfigKeys (ConfUtils.java:logGet(43)) - raft.server.sleep.deviation.threshold = 300 (default)
2019-10-02 07:37:00,665 [pool-257-thread-1] INFO  server.RaftServerConfigKeys (ConfUtils.java:logGet(43)) - raft.server.log.appender.install.snapshot.enabled = false (custom)
2019-10-02 07:37:00,665 [pool-257-thread-1] INFO  impl.RaftServerImpl (ServerState.java:<init>(103)) - 36b8fa0f-cccd-4cea-ae0d-28616d15ce66@group-BA937D2181F0: ConfigurationManager, init=-1: [36b8fa0f-cccd-4cea-ae0d-28616d15ce66:192.168.164.211:45402], old=null, confs=<EMPTY_MAP>
2019-10-02 07:37:00,665 [pool-257-thread-1] INFO  server.RaftServerConfigKeys (ConfUtils.java:logGet(43)) - raft.server.storage.dir = [/workdir/hadoop-ozone/integration-test/target/test-dir/MiniOzoneClusterImpl-3f41681f-8054-4211-a8ce-d518c1f2066d/datanode-5/data/ratis] (custom)
2019-10-02 07:37:00,665 [pool-257-thread-1] INFO  server.RaftServerConfigKeys (ConfUtils.java:logGet(43)) - raft.server.log.corruption.policy = EXCEPTION (default)
2019-10-02 07:37:00,665 [pool-257-thread-1] INFO  storage.RaftStorageDirectory (RaftStorageDirectory.java:analyzeStorage(246)) - The storage directory /workdir/hadoop-ozone/integration-test/target/test-dir/MiniOzoneClusterImpl-3f41681f-8054-4211-a8ce-d518c1f2066d/datanode-5/data/ratis/bc0f0268-f510-4010-932c-ba937d2181f0 does not exist. Creating ...
2019-10-02 07:37:00,667 [IPC Server handler 0 on 46077] INFO  net.NetworkTopology (NetworkTopologyImpl.java:add(111)) - Added a new node: /default-rack/6fd6eee1-0931-460a-9d60-5fc0679329ea
2019-10-02 07:37:00,667 [main] INFO  ozone.MiniOzoneClusterImpl (MiniOzoneClusterImpl.java:lambda$waitForClusterToBeReady$0(147)) - Cluster is ready. Got 7 of 7 DN Heartbeats.
2019-10-02 07:37:00,667 [IPC Server handler 0 on 46077] INFO  node.SCMNodeManager (SCMNodeManager.java:register(266)) - Registered Data node : 6fd6eee1-0931-460a-9d60-5fc0679329ea{ip: 192.168.164.211, host: pr-hdds-2227-gdpr-vz6hn-2718222164, networkLocation: /default-rack, certSerialId: null}
2019-10-02 07:37:00,679 [pool-257-thread-1] INFO  storage.RaftStorageDirectory (RaftStorageDirectory.java:tryLock(328)) - Lock on /workdir/hadoop-ozone/integration-test/target/test-dir/MiniOzoneClusterImpl-3f41681f-8054-4211-a8ce-d518c1f2066d/datanode-5/data/ratis/bc0f0268-f510-4010-932c-ba937d2181f0/in_use.lock acquired by nodename 7242@pr-hdds-2227-gdpr-vz6hn-2718222164
2019-10-02 07:37:00,704 [main] INFO  rpc.RpcClient (RpcClient.java:createVolume(277)) - Creating Volume: watchforcommithandlingtest, with jenkins1000 as owner.
2019-10-02 07:37:00,708 [IPC Server handler 2 on 44171] INFO  volume.OMVolumeCreateRequest (OMVolumeCreateRequest.java:validateAndUpdateCache(194)) - created volume:watchforcommithandlingtest for user:jenkins1000
2019-10-02 07:37:00,711 [pool-257-thread-1] INFO  storage.RaftStorage (RaftStorage.java:format(84)) - Storage directory /workdir/hadoop-ozone/integration-test/target/test-dir/MiniOzoneClusterImpl-3f41681f-8054-4211-a8ce-d518c1f2066d/datanode-5/data/ratis/bc0f0268-f510-4010-932c-ba937d2181f0 has been successfully formatted.
2019-10-02 07:37:00,711 [pool-257-thread-1] INFO  ratis.ContainerStateMachine (ContainerStateMachine.java:loadSnapshot(230)) - group-BA937D2181F0: The snapshot info is null. Setting the last applied indexto:(t:0, i:~)
2019-10-02 07:37:00,711 [pool-257-thread-1] INFO  server.RaftServerConfigKeys (ConfUtils.java:logGet(43)) - raft.server.notification.no-leader.timeout = 120s (custom)
2019-10-02 07:37:00,711 [pool-257-thread-1] INFO  server.RaftServerConfigKeys (ConfUtils.java:logGet(43)) - raft.server.log.use.memory = false (default)
2019-10-02 07:37:00,712 [pool-257-thread-1] INFO  server.RaftServerConfigKeys (ConfUtils.java:logGet(43)) - raft.server.log.purge.gap = 1000000 (custom)
2019-10-02 07:37:00,714 [pool-257-thread-1] INFO  server.RaftServerConfigKeys (ConfUtils.java:logGet(43)) - raft.server.log.appender.buffer.byte-limit = 33554432 (custom)
2019-10-02 07:37:00,714 [pool-257-thread-1] INFO  server.RaftServerConfigKeys (ConfUtils.java:logGet(43)) - raft.server.log.segment.size.max = 1048576 (custom)
2019-10-02 07:37:00,722 [pool-257-thread-1] INFO  server.RaftServerConfigKeys (ConfUtils.java:logGet(43)) - raft.server.log.segment.cache.num.max = 2 (custom)
2019-10-02 07:37:00,722 [pool-257-thread-1] INFO  segmented.SegmentedRaftLogWorker (SegmentedRaftLogWorker.java:<init>(173)) - new 36b8fa0f-cccd-4cea-ae0d-28616d15ce66@group-BA937D2181F0-SegmentedRaftLogWorker for RaftStorage:Storage Directory /workdir/hadoop-ozone/integration-test/target/test-dir/MiniOzoneClusterImpl-3f41681f-8054-4211-a8ce-d518c1f2066d/datanode-5/data/ratis/bc0f0268-f510-4010-932c-ba937d2181f0
2019-10-02 07:37:00,722 [pool-257-thread-1] INFO  server.RaftServerConfigKeys (ConfUtils.java:logGet(43)) - raft.server.log.queue.byte-limit = 2147483647 (custom)
2019-10-02 07:37:00,722 [main] INFO  rpc.RpcClient (RpcClient.java:createBucket(416)) - Creating Bucket: watchforcommithandlingtest/watchforcommithandlingtest, with Versioning false and Storage Type set to DISK and Encryption set to false 
2019-10-02 07:37:00,722 [pool-257-thread-1] INFO  server.RaftServerConfigKeys (ConfUtils.java:logGet(43)) - raft.server.log.queue.element-limit = 1024 (custom)
2019-10-02 07:37:00,723 [pool-257-thread-1] INFO  server.RaftServerConfigKeys (ConfUtils.java:logGet(43)) - raft.server.log.segment.size.max = 1048576 (custom)
2019-10-02 07:37:00,723 [pool-257-thread-1] INFO  server.RaftServerConfigKeys (ConfUtils.java:logGet(43)) - raft.server.log.preallocated.size = 16384 (custom)
2019-10-02 07:37:00,723 [pool-257-thread-1] INFO  server.RaftServerConfigKeys (ConfUtils.java:logGet(43)) - raft.server.log.write.buffer.size = 33554432 (custom)
2019-10-02 07:37:00,723 [pool-257-thread-1] INFO  server.RaftServerConfigKeys (ConfUtils.java:logGet(43)) - raft.server.log.force.sync.num = 128 (default)
2019-10-02 07:37:00,723 [pool-257-thread-1] INFO  server.RaftServerConfigKeys (ConfUtils.java:logGet(43)) - raft.server.log.statemachine.data.sync = true (default)
2019-10-02 07:37:00,723 [pool-257-thread-1] INFO  server.RaftServerConfigKeys (ConfUtils.java:logGet(43)) - raft.server.log.statemachine.data.sync.timeout = 10s (default)
2019-10-02 07:37:00,724 [pool-257-thread-1] INFO  server.RaftServerConfigKeys (ConfUtils.java:logGet(43)) - raft.server.log.statemachine.data.sync.timeout.retry = -1 (default)
2019-10-02 07:37:00,724 [pool-257-thread-1] INFO  server.RaftServerConfigKeys (ConfUtils.java:logGet(43)) - raft.server.log.statemachine.data.caching.enabled = true (custom)
2019-10-02 07:37:00,724 [pool-257-thread-1] INFO  segmented.SegmentedRaftLogWorker (SegmentedRaftLogWorker.java:lambda$new$0(128)) - 36b8fa0f-cccd-4cea-ae0d-28616d15ce66@group-BA937D2181F0-SegmentedRaftLogWorker: flushIndex: setUnconditionally 0 -> -1
2019-10-02 07:37:00,724 [pool-257-thread-1] INFO  server.RaftServerConfigKeys (ConfUtils.java:logGet(43)) - raft.server.snapshot.auto.trigger.enabled = true (custom)
2019-10-02 07:37:00,725 [pool-257-thread-1] INFO  server.RaftServerConfigKeys (ConfUtils.java:logGet(43)) - raft.server.snapshot.auto.trigger.threshold = 10000 (custom)
2019-10-02 07:37:00,726 [pool-257-thread-1] INFO  server.RaftServerConfigKeys (ConfUtils.java:logGet(43)) - raft.server.snapshot.retention.file.num = 5 (custom)
2019-10-02 07:37:00,726 [pool-257-thread-1] INFO  server.RaftServerConfigKeys (ConfUtils.java:logGet(43)) - raft.server.retrycache.expirytime = 600000ms (custom)
2019-10-02 07:37:00,727 [main] INFO  ozone.MiniOzoneClusterImpl (MiniOzoneClusterImpl.java:getStorageContainerLocationClient(234)) - Creating StorageContainerLocationProtocol RPC client with address /0.0.0.0:40173
2019-10-02 07:37:00,728 [pool-257-thread-1] INFO  impl.RaftServerImpl (RaftServerImpl.java:start(181)) - 36b8fa0f-cccd-4cea-ae0d-28616d15ce66@group-BA937D2181F0: start as a follower, conf=-1: [36b8fa0f-cccd-4cea-ae0d-28616d15ce66:192.168.164.211:45402], old=null
2019-10-02 07:37:00,728 [pool-257-thread-1] INFO  impl.RaftServerImpl (RaftServerImpl.java:setRole(170)) - 36b8fa0f-cccd-4cea-ae0d-28616d15ce66@group-BA937D2181F0: changes role from      null to FOLLOWER at term 0 for startAsFollower
2019-10-02 07:37:00,728 [pool-257-thread-1] INFO  impl.RoleInfo (RoleInfo.java:updateAndGet(143)) - 36b8fa0f-cccd-4cea-ae0d-28616d15ce66: start FollowerState
2019-10-02 07:37:00,729 [pool-257-thread-1] INFO  util.JmxRegister (JmxRegister.java:tryRegister(44)) - Successfully registered JMX Bean with object name Ratis:service=RaftServer,group=group-BA937D2181F0,id=36b8fa0f-cccd-4cea-ae0d-28616d15ce66
2019-10-02 07:37:00,735 [RatisPipelineUtilsThread] INFO  pipeline.PipelineStateManager (PipelineStateManager.java:addPipeline(56)) - Created pipeline Pipeline[ Id: bc0f0268-f510-4010-932c-ba937d2181f0, Nodes: 36b8fa0f-cccd-4cea-ae0d-28616d15ce66{ip: 192.168.164.211, host: pr-hdds-2227-gdpr-vz6hn-2718222164, networkLocation: /default-rack, certSerialId: null}, Type:RATIS, Factor:ONE, State:OPEN]
2019-10-02 07:37:00,744 [grpc-default-executor-1] INFO  impl.RaftServerProxy (RaftServerProxy.java:addNew(89)) - 6fd6eee1-0931-460a-9d60-5fc0679329ea: addNew group-8A7205DE81A5:[6fd6eee1-0931-460a-9d60-5fc0679329ea:192.168.164.211:39538] returns group-8A7205DE81A5:java.util.concurrent.CompletableFuture@6d7d54a3[Not completed]
2019-10-02 07:37:00,745 [pool-267-thread-1] INFO  impl.RaftServerImpl (RaftServerImpl.java:<init>(95)) - 6fd6eee1-0931-460a-9d60-5fc0679329ea: new RaftServerImpl for group-8A7205DE81A5:[6fd6eee1-0931-460a-9d60-5fc0679329ea:192.168.164.211:39538] with ContainerStateMachine:uninitialized
2019-10-02 07:37:00,745 [pool-267-thread-1] INFO  server.RaftServerConfigKeys (ConfUtils.java:logGet(43)) - raft.server.rpc.timeout.min = 5s (custom)
2019-10-02 07:37:00,745 [pool-267-thread-1] INFO  server.RaftServerConfigKeys (ConfUtils.java:logGet(43)) - raft.server.rpc.timeout.max = 5200ms (custom)
2019-10-02 07:37:00,745 [pool-267-thread-1] INFO  server.RaftServerConfigKeys (ConfUtils.java:logGet(43)) - raft.server.rpcslowness.timeout = 120s (custom)
2019-10-02 07:37:00,745 [pool-267-thread-1] INFO  server.RaftServerConfigKeys (ConfUtils.java:logGet(43)) - raft.server.sleep.deviation.threshold = 300 (default)
2019-10-02 07:37:00,746 [pool-267-thread-1] INFO  server.RaftServerConfigKeys (ConfUtils.java:logGet(43)) - raft.server.log.appender.install.snapshot.enabled = false (custom)
2019-10-02 07:37:00,746 [pool-267-thread-1] INFO  impl.RaftServerImpl (ServerState.java:<init>(103)) - 6fd6eee1-0931-460a-9d60-5fc0679329ea@group-8A7205DE81A5: ConfigurationManager, init=-1: [6fd6eee1-0931-460a-9d60-5fc0679329ea:192.168.164.211:39538], old=null, confs=<EMPTY_MAP>
2019-10-02 07:37:00,746 [pool-267-thread-1] INFO  server.RaftServerConfigKeys (ConfUtils.java:logGet(43)) - raft.server.storage.dir = [/workdir/hadoop-ozone/integration-test/target/test-dir/MiniOzoneClusterImpl-3f41681f-8054-4211-a8ce-d518c1f2066d/datanode-6/data/ratis] (custom)
2019-10-02 07:37:00,746 [pool-267-thread-1] INFO  server.RaftServerConfigKeys (ConfUtils.java:logGet(43)) - raft.server.log.corruption.policy = EXCEPTION (default)
2019-10-02 07:37:00,746 [pool-267-thread-1] INFO  storage.RaftStorageDirectory (RaftStorageDirectory.java:analyzeStorage(246)) - The storage directory /workdir/hadoop-ozone/integration-test/target/test-dir/MiniOzoneClusterImpl-3f41681f-8054-4211-a8ce-d518c1f2066d/datanode-6/data/ratis/0b49d085-c751-40f5-ae4b-8a7205de81a5 does not exist. Creating ...
2019-10-02 07:37:00,759 [pool-267-thread-1] INFO  storage.RaftStorageDirectory (RaftStorageDirectory.java:tryLock(328)) - Lock on /workdir/hadoop-ozone/integration-test/target/test-dir/MiniOzoneClusterImpl-3f41681f-8054-4211-a8ce-d518c1f2066d/datanode-6/data/ratis/0b49d085-c751-40f5-ae4b-8a7205de81a5/in_use.lock acquired by nodename 7242@pr-hdds-2227-gdpr-vz6hn-2718222164
2019-10-02 07:37:00,773 [pool-267-thread-1] INFO  storage.RaftStorage (RaftStorage.java:format(84)) - Storage directory /workdir/hadoop-ozone/integration-test/target/test-dir/MiniOzoneClusterImpl-3f41681f-8054-4211-a8ce-d518c1f2066d/datanode-6/data/ratis/0b49d085-c751-40f5-ae4b-8a7205de81a5 has been successfully formatted.
2019-10-02 07:37:00,773 [pool-267-thread-1] INFO  ratis.ContainerStateMachine (ContainerStateMachine.java:loadSnapshot(230)) - group-8A7205DE81A5: The snapshot info is null. Setting the last applied indexto:(t:0, i:~)
2019-10-02 07:37:00,774 [pool-267-thread-1] INFO  server.RaftServerConfigKeys (ConfUtils.java:logGet(43)) - raft.server.notification.no-leader.timeout = 120s (custom)
2019-10-02 07:37:00,774 [pool-267-thread-1] INFO  server.RaftServerConfigKeys (ConfUtils.java:logGet(43)) - raft.server.log.use.memory = false (default)
2019-10-02 07:37:00,774 [pool-267-thread-1] INFO  server.RaftServerConfigKeys (ConfUtils.java:logGet(43)) - raft.server.log.purge.gap = 1000000 (custom)
2019-10-02 07:37:00,774 [pool-267-thread-1] INFO  server.RaftServerConfigKeys (ConfUtils.java:logGet(43)) - raft.server.log.appender.buffer.byte-limit = 33554432 (custom)
2019-10-02 07:37:00,774 [pool-267-thread-1] INFO  server.RaftServerConfigKeys (ConfUtils.java:logGet(43)) - raft.server.log.segment.size.max = 1048576 (custom)
2019-10-02 07:37:00,775 [pool-267-thread-1] INFO  server.RaftServerConfigKeys (ConfUtils.java:logGet(43)) - raft.server.log.segment.cache.num.max = 2 (custom)
2019-10-02 07:37:00,776 [pool-267-thread-1] INFO  segmented.SegmentedRaftLogWorker (SegmentedRaftLogWorker.java:<init>(173)) - new 6fd6eee1-0931-460a-9d60-5fc0679329ea@group-8A7205DE81A5-SegmentedRaftLogWorker for RaftStorage:Storage Directory /workdir/hadoop-ozone/integration-test/target/test-dir/MiniOzoneClusterImpl-3f41681f-8054-4211-a8ce-d518c1f2066d/datanode-6/data/ratis/0b49d085-c751-40f5-ae4b-8a7205de81a5
2019-10-02 07:37:00,776 [pool-267-thread-1] INFO  server.RaftServerConfigKeys (ConfUtils.java:logGet(43)) - raft.server.log.queue.byte-limit = 2147483647 (custom)
2019-10-02 07:37:00,776 [pool-267-thread-1] INFO  server.RaftServerConfigKeys (ConfUtils.java:logGet(43)) - raft.server.log.queue.element-limit = 1024 (custom)
2019-10-02 07:37:00,776 [pool-267-thread-1] INFO  server.RaftServerConfigKeys (ConfUtils.java:logGet(43)) - raft.server.log.segment.size.max = 1048576 (custom)
2019-10-02 07:37:00,776 [pool-267-thread-1] INFO  server.RaftServerConfigKeys (ConfUtils.java:logGet(43)) - raft.server.log.preallocated.size = 16384 (custom)
2019-10-02 07:37:00,776 [pool-267-thread-1] INFO  server.RaftServerConfigKeys (ConfUtils.java:logGet(43)) - raft.server.log.write.buffer.size = 33554432 (custom)
2019-10-02 07:37:00,776 [pool-267-thread-1] INFO  server.RaftServerConfigKeys (ConfUtils.java:logGet(43)) - raft.server.log.force.sync.num = 128 (default)
2019-10-02 07:37:00,776 [pool-267-thread-1] INFO  server.RaftServerConfigKeys (ConfUtils.java:logGet(43)) - raft.server.log.statemachine.data.sync = true (default)
2019-10-02 07:37:00,777 [pool-267-thread-1] INFO  server.RaftServerConfigKeys (ConfUtils.java:logGet(43)) - raft.server.log.statemachine.data.sync.timeout = 10s (default)
2019-10-02 07:37:00,777 [pool-267-thread-1] INFO  server.RaftServerConfigKeys (ConfUtils.java:logGet(43)) - raft.server.log.statemachine.data.sync.timeout.retry = -1 (default)
2019-10-02 07:37:00,777 [pool-267-thread-1] INFO  server.RaftServerConfigKeys (ConfUtils.java:logGet(43)) - raft.server.log.statemachine.data.caching.enabled = true (custom)
2019-10-02 07:37:00,777 [pool-267-thread-1] INFO  segmented.SegmentedRaftLogWorker (SegmentedRaftLogWorker.java:lambda$new$0(128)) - 6fd6eee1-0931-460a-9d60-5fc0679329ea@group-8A7205DE81A5-SegmentedRaftLogWorker: flushIndex: setUnconditionally 0 -> -1
2019-10-02 07:37:00,778 [pool-267-thread-1] INFO  server.RaftServerConfigKeys (ConfUtils.java:logGet(43)) - raft.server.snapshot.auto.trigger.enabled = true (custom)
2019-10-02 07:37:00,778 [pool-267-thread-1] INFO  server.RaftServerConfigKeys (ConfUtils.java:logGet(43)) - raft.server.snapshot.auto.trigger.threshold = 10000 (custom)
2019-10-02 07:37:00,778 [pool-267-thread-1] INFO  server.RaftServerConfigKeys (ConfUtils.java:logGet(43)) - raft.server.snapshot.retention.file.num = 5 (custom)
2019-10-02 07:37:00,778 [pool-267-thread-1] INFO  server.RaftServerConfigKeys (ConfUtils.java:logGet(43)) - raft.server.retrycache.expirytime = 600000ms (custom)
2019-10-02 07:37:00,780 [pool-267-thread-1] INFO  impl.RaftServerImpl (RaftServerImpl.java:start(181)) - 6fd6eee1-0931-460a-9d60-5fc0679329ea@group-8A7205DE81A5: start as a follower, conf=-1: [6fd6eee1-0931-460a-9d60-5fc0679329ea:192.168.164.211:39538], old=null
2019-10-02 07:37:00,780 [pool-267-thread-1] INFO  impl.RaftServerImpl (RaftServerImpl.java:setRole(170)) - 6fd6eee1-0931-460a-9d60-5fc0679329ea@group-8A7205DE81A5: changes role from      null to FOLLOWER at term 0 for startAsFollower
2019-10-02 07:37:00,780 [pool-267-thread-1] INFO  impl.RoleInfo (RoleInfo.java:updateAndGet(143)) - 6fd6eee1-0931-460a-9d60-5fc0679329ea: start FollowerState
2019-10-02 07:37:00,780 [pool-267-thread-1] INFO  util.JmxRegister (JmxRegister.java:tryRegister(44)) - Successfully registered JMX Bean with object name Ratis:service=RaftServer,group=group-8A7205DE81A5,id=6fd6eee1-0931-460a-9d60-5fc0679329ea
2019-10-02 07:37:00,786 [RatisPipelineUtilsThread] INFO  pipeline.PipelineStateManager (PipelineStateManager.java:addPipeline(56)) - Created pipeline Pipeline[ Id: 0b49d085-c751-40f5-ae4b-8a7205de81a5, Nodes: 6fd6eee1-0931-460a-9d60-5fc0679329ea{ip: 192.168.164.211, host: pr-hdds-2227-gdpr-vz6hn-2718222164, networkLocation: /default-rack, certSerialId: null}, Type:RATIS, Factor:ONE, State:OPEN]
2019-10-02 07:37:00,801 [grpc-default-executor-5] INFO  impl.RaftServerProxy (RaftServerProxy.java:addNew(89)) - d54e5ec9-dbdf-4cc4-af70-70ef71242697: addNew group-8B9B2962CD1F:[877c1e29-213f-4e3e-ace5-02a222c8c7a5:192.168.164.211:33703, 6fd6eee1-0931-460a-9d60-5fc0679329ea:192.168.164.211:39538, d54e5ec9-dbdf-4cc4-af70-70ef71242697:192.168.164.211:37211] returns group-8B9B2962CD1F:java.util.concurrent.CompletableFuture@52867606[Not completed]
2019-10-02 07:37:00,801 [grpc-default-executor-1] INFO  impl.RaftServerProxy (RaftServerProxy.java:addNew(89)) - 877c1e29-213f-4e3e-ace5-02a222c8c7a5: addNew group-8B9B2962CD1F:[877c1e29-213f-4e3e-ace5-02a222c8c7a5:192.168.164.211:33703, 6fd6eee1-0931-460a-9d60-5fc0679329ea:192.168.164.211:39538, d54e5ec9-dbdf-4cc4-af70-70ef71242697:192.168.164.211:37211] returns group-8B9B2962CD1F:java.util.concurrent.CompletableFuture@180dea49[Not completed]
2019-10-02 07:37:00,801 [grpc-default-executor-4] INFO  impl.RaftServerProxy (RaftServerProxy.java:addNew(89)) - 6fd6eee1-0931-460a-9d60-5fc0679329ea: addNew group-8B9B2962CD1F:[877c1e29-213f-4e3e-ace5-02a222c8c7a5:192.168.164.211:33703, 6fd6eee1-0931-460a-9d60-5fc0679329ea:192.168.164.211:39538, d54e5ec9-dbdf-4cc4-af70-70ef71242697:192.168.164.211:37211] returns group-8B9B2962CD1F:java.util.concurrent.CompletableFuture@7a085f8b[Not completed]
2019-10-02 07:37:00,802 [pool-267-thread-1] INFO  impl.RaftServerImpl (RaftServerImpl.java:<init>(95)) - 6fd6eee1-0931-460a-9d60-5fc0679329ea: new RaftServerImpl for group-8B9B2962CD1F:[877c1e29-213f-4e3e-ace5-02a222c8c7a5:192.168.164.211:33703, 6fd6eee1-0931-460a-9d60-5fc0679329ea:192.168.164.211:39538, d54e5ec9-dbdf-4cc4-af70-70ef71242697:192.168.164.211:37211] with ContainerStateMachine:uninitialized
2019-10-02 07:37:00,802 [pool-267-thread-1] INFO  server.RaftServerConfigKeys (ConfUtils.java:logGet(43)) - raft.server.rpc.timeout.min = 5s (custom)
2019-10-02 07:37:00,802 [pool-267-thread-1] INFO  server.RaftServerConfigKeys (ConfUtils.java:logGet(43)) - raft.server.rpc.timeout.max = 5200ms (custom)
2019-10-02 07:37:00,802 [pool-267-thread-1] INFO  server.RaftServerConfigKeys (ConfUtils.java:logGet(43)) - raft.server.rpcslowness.timeout = 120s (custom)
2019-10-02 07:37:00,802 [pool-267-thread-1] INFO  server.RaftServerConfigKeys (ConfUtils.java:logGet(43)) - raft.server.sleep.deviation.threshold = 300 (default)
2019-10-02 07:37:00,802 [pool-267-thread-1] INFO  server.RaftServerConfigKeys (ConfUtils.java:logGet(43)) - raft.server.log.appender.install.snapshot.enabled = false (custom)
2019-10-02 07:37:00,802 [pool-267-thread-1] INFO  impl.RaftServerImpl (ServerState.java:<init>(103)) - 6fd6eee1-0931-460a-9d60-5fc0679329ea@group-8B9B2962CD1F: ConfigurationManager, init=-1: [877c1e29-213f-4e3e-ace5-02a222c8c7a5:192.168.164.211:33703, 6fd6eee1-0931-460a-9d60-5fc0679329ea:192.168.164.211:39538, d54e5ec9-dbdf-4cc4-af70-70ef71242697:192.168.164.211:37211], old=null, confs=<EMPTY_MAP>
2019-10-02 07:37:00,803 [pool-267-thread-1] INFO  server.RaftServerConfigKeys (ConfUtils.java:logGet(43)) - raft.server.storage.dir = [/workdir/hadoop-ozone/integration-test/target/test-dir/MiniOzoneClusterImpl-3f41681f-8054-4211-a8ce-d518c1f2066d/datanode-6/data/ratis] (custom)
2019-10-02 07:37:00,803 [pool-247-thread-1] INFO  impl.RaftServerImpl (RaftServerImpl.java:<init>(95)) - 877c1e29-213f-4e3e-ace5-02a222c8c7a5: new RaftServerImpl for group-8B9B2962CD1F:[877c1e29-213f-4e3e-ace5-02a222c8c7a5:192.168.164.211:33703, 6fd6eee1-0931-460a-9d60-5fc0679329ea:192.168.164.211:39538, d54e5ec9-dbdf-4cc4-af70-70ef71242697:192.168.164.211:37211] with ContainerStateMachine:uninitialized
2019-10-02 07:37:00,803 [pool-267-thread-1] INFO  server.RaftServerConfigKeys (ConfUtils.java:logGet(43)) - raft.server.log.corruption.policy = EXCEPTION (default)
2019-10-02 07:37:00,803 [pool-247-thread-1] INFO  server.RaftServerConfigKeys (ConfUtils.java:logGet(43)) - raft.server.rpc.timeout.min = 5s (custom)
2019-10-02 07:37:00,803 [pool-237-thread-1] INFO  impl.RaftServerImpl (RaftServerImpl.java:<init>(95)) - d54e5ec9-dbdf-4cc4-af70-70ef71242697: new RaftServerImpl for group-8B9B2962CD1F:[877c1e29-213f-4e3e-ace5-02a222c8c7a5:192.168.164.211:33703, 6fd6eee1-0931-460a-9d60-5fc0679329ea:192.168.164.211:39538, d54e5ec9-dbdf-4cc4-af70-70ef71242697:192.168.164.211:37211] with ContainerStateMachine:uninitialized
2019-10-02 07:37:00,803 [pool-267-thread-1] INFO  storage.RaftStorageDirectory (RaftStorageDirectory.java:analyzeStorage(246)) - The storage directory /workdir/hadoop-ozone/integration-test/target/test-dir/MiniOzoneClusterImpl-3f41681f-8054-4211-a8ce-d518c1f2066d/datanode-6/data/ratis/ebcc0b12-c698-41d5-82eb-8b9b2962cd1f does not exist. Creating ...
2019-10-02 07:37:00,803 [pool-237-thread-1] INFO  server.RaftServerConfigKeys (ConfUtils.java:logGet(43)) - raft.server.rpc.timeout.min = 5s (custom)
2019-10-02 07:37:00,803 [pool-247-thread-1] INFO  server.RaftServerConfigKeys (ConfUtils.java:logGet(43)) - raft.server.rpc.timeout.max = 5200ms (custom)
2019-10-02 07:37:00,804 [pool-237-thread-1] INFO  server.RaftServerConfigKeys (ConfUtils.java:logGet(43)) - raft.server.rpc.timeout.max = 5200ms (custom)
2019-10-02 07:37:00,804 [pool-247-thread-1] INFO  server.RaftServerConfigKeys (ConfUtils.java:logGet(43)) - raft.server.rpcslowness.timeout = 120s (custom)
2019-10-02 07:37:00,804 [pool-237-thread-1] INFO  server.RaftServerConfigKeys (ConfUtils.java:logGet(43)) - raft.server.rpcslowness.timeout = 120s (custom)
2019-10-02 07:37:00,804 [pool-247-thread-1] INFO  server.RaftServerConfigKeys (ConfUtils.java:logGet(43)) - raft.server.sleep.deviation.threshold = 300 (default)
2019-10-02 07:37:00,804 [pool-237-thread-1] INFO  server.RaftServerConfigKeys (ConfUtils.java:logGet(43)) - raft.server.sleep.deviation.threshold = 300 (default)
2019-10-02 07:37:00,805 [pool-247-thread-1] INFO  server.RaftServerConfigKeys (ConfUtils.java:logGet(43)) - raft.server.log.appender.install.snapshot.enabled = false (custom)
2019-10-02 07:37:00,805 [pool-237-thread-1] INFO  server.RaftServerConfigKeys (ConfUtils.java:logGet(43)) - raft.server.log.appender.install.snapshot.enabled = false (custom)
2019-10-02 07:37:00,805 [pool-247-thread-1] INFO  impl.RaftServerImpl (ServerState.java:<init>(103)) - 877c1e29-213f-4e3e-ace5-02a222c8c7a5@group-8B9B2962CD1F: ConfigurationManager, init=-1: [877c1e29-213f-4e3e-ace5-02a222c8c7a5:192.168.164.211:33703, 6fd6eee1-0931-460a-9d60-5fc0679329ea:192.168.164.211:39538, d54e5ec9-dbdf-4cc4-af70-70ef71242697:192.168.164.211:37211], old=null, confs=<EMPTY_MAP>
2019-10-02 07:37:00,805 [pool-237-thread-1] INFO  impl.RaftServerImpl (ServerState.java:<init>(103)) - d54e5ec9-dbdf-4cc4-af70-70ef71242697@group-8B9B2962CD1F: ConfigurationManager, init=-1: [877c1e29-213f-4e3e-ace5-02a222c8c7a5:192.168.164.211:33703, 6fd6eee1-0931-460a-9d60-5fc0679329ea:192.168.164.211:39538, d54e5ec9-dbdf-4cc4-af70-70ef71242697:192.168.164.211:37211], old=null, confs=<EMPTY_MAP>
2019-10-02 07:37:00,805 [pool-247-thread-1] INFO  server.RaftServerConfigKeys (ConfUtils.java:logGet(43)) - raft.server.storage.dir = [/workdir/hadoop-ozone/integration-test/target/test-dir/MiniOzoneClusterImpl-3f41681f-8054-4211-a8ce-d518c1f2066d/datanode-4/data/ratis] (custom)
2019-10-02 07:37:00,805 [pool-237-thread-1] INFO  server.RaftServerConfigKeys (ConfUtils.java:logGet(43)) - raft.server.storage.dir = [/workdir/hadoop-ozone/integration-test/target/test-dir/MiniOzoneClusterImpl-3f41681f-8054-4211-a8ce-d518c1f2066d/datanode-3/data/ratis] (custom)
2019-10-02 07:37:00,806 [pool-237-thread-1] INFO  server.RaftServerConfigKeys (ConfUtils.java:logGet(43)) - raft.server.log.corruption.policy = EXCEPTION (default)
2019-10-02 07:37:00,806 [pool-247-thread-1] INFO  server.RaftServerConfigKeys (ConfUtils.java:logGet(43)) - raft.server.log.corruption.policy = EXCEPTION (default)
2019-10-02 07:37:00,806 [pool-237-thread-1] INFO  storage.RaftStorageDirectory (RaftStorageDirectory.java:analyzeStorage(246)) - The storage directory /workdir/hadoop-ozone/integration-test/target/test-dir/MiniOzoneClusterImpl-3f41681f-8054-4211-a8ce-d518c1f2066d/datanode-3/data/ratis/ebcc0b12-c698-41d5-82eb-8b9b2962cd1f does not exist. Creating ...
2019-10-02 07:37:00,806 [pool-247-thread-1] INFO  storage.RaftStorageDirectory (RaftStorageDirectory.java:analyzeStorage(246)) - The storage directory /workdir/hadoop-ozone/integration-test/target/test-dir/MiniOzoneClusterImpl-3f41681f-8054-4211-a8ce-d518c1f2066d/datanode-4/data/ratis/ebcc0b12-c698-41d5-82eb-8b9b2962cd1f does not exist. Creating ...
2019-10-02 07:37:00,817 [pool-237-thread-1] INFO  storage.RaftStorageDirectory (RaftStorageDirectory.java:tryLock(328)) - Lock on /workdir/hadoop-ozone/integration-test/target/test-dir/MiniOzoneClusterImpl-3f41681f-8054-4211-a8ce-d518c1f2066d/datanode-3/data/ratis/ebcc0b12-c698-41d5-82eb-8b9b2962cd1f/in_use.lock acquired by nodename 7242@pr-hdds-2227-gdpr-vz6hn-2718222164
2019-10-02 07:37:00,817 [pool-247-thread-1] INFO  storage.RaftStorageDirectory (RaftStorageDirectory.java:tryLock(328)) - Lock on /workdir/hadoop-ozone/integration-test/target/test-dir/MiniOzoneClusterImpl-3f41681f-8054-4211-a8ce-d518c1f2066d/datanode-4/data/ratis/ebcc0b12-c698-41d5-82eb-8b9b2962cd1f/in_use.lock acquired by nodename 7242@pr-hdds-2227-gdpr-vz6hn-2718222164
2019-10-02 07:37:00,817 [pool-267-thread-1] INFO  storage.RaftStorageDirectory (RaftStorageDirectory.java:tryLock(328)) - Lock on /workdir/hadoop-ozone/integration-test/target/test-dir/MiniOzoneClusterImpl-3f41681f-8054-4211-a8ce-d518c1f2066d/datanode-6/data/ratis/ebcc0b12-c698-41d5-82eb-8b9b2962cd1f/in_use.lock acquired by nodename 7242@pr-hdds-2227-gdpr-vz6hn-2718222164
2019-10-02 07:37:00,842 [pool-237-thread-1] INFO  storage.RaftStorage (RaftStorage.java:format(84)) - Storage directory /workdir/hadoop-ozone/integration-test/target/test-dir/MiniOzoneClusterImpl-3f41681f-8054-4211-a8ce-d518c1f2066d/datanode-3/data/ratis/ebcc0b12-c698-41d5-82eb-8b9b2962cd1f has been successfully formatted.
2019-10-02 07:37:00,842 [pool-267-thread-1] INFO  storage.RaftStorage (RaftStorage.java:format(84)) - Storage directory /workdir/hadoop-ozone/integration-test/target/test-dir/MiniOzoneClusterImpl-3f41681f-8054-4211-a8ce-d518c1f2066d/datanode-6/data/ratis/ebcc0b12-c698-41d5-82eb-8b9b2962cd1f has been successfully formatted.
2019-10-02 07:37:00,842 [pool-247-thread-1] INFO  storage.RaftStorage (RaftStorage.java:format(84)) - Storage directory /workdir/hadoop-ozone/integration-test/target/test-dir/MiniOzoneClusterImpl-3f41681f-8054-4211-a8ce-d518c1f2066d/datanode-4/data/ratis/ebcc0b12-c698-41d5-82eb-8b9b2962cd1f has been successfully formatted.
2019-10-02 07:37:00,842 [pool-237-thread-1] INFO  ratis.ContainerStateMachine (ContainerStateMachine.java:loadSnapshot(230)) - group-8B9B2962CD1F: The snapshot info is null. Setting the last applied indexto:(t:0, i:~)
2019-10-02 07:37:00,843 [pool-247-thread-1] INFO  ratis.ContainerStateMachine (ContainerStateMachine.java:loadSnapshot(230)) - group-8B9B2962CD1F: The snapshot info is null. Setting the last applied indexto:(t:0, i:~)
2019-10-02 07:37:00,843 [pool-267-thread-1] INFO  ratis.ContainerStateMachine (ContainerStateMachine.java:loadSnapshot(230)) - group-8B9B2962CD1F: The snapshot info is null. Setting the last applied indexto:(t:0, i:~)
2019-10-02 07:37:00,843 [pool-247-thread-1] INFO  server.RaftServerConfigKeys (ConfUtils.java:logGet(43)) - raft.server.notification.no-leader.timeout = 120s (custom)
2019-10-02 07:37:00,843 [pool-237-thread-1] INFO  server.RaftServerConfigKeys (ConfUtils.java:logGet(43)) - raft.server.notification.no-leader.timeout = 120s (custom)
2019-10-02 07:37:00,843 [pool-247-thread-1] INFO  server.RaftServerConfigKeys (ConfUtils.java:logGet(43)) - raft.server.log.use.memory = false (default)
2019-10-02 07:37:00,843 [pool-267-thread-1] INFO  server.RaftServerConfigKeys (ConfUtils.java:logGet(43)) - raft.server.notification.no-leader.timeout = 120s (custom)
2019-10-02 07:37:00,843 [pool-247-thread-1] INFO  server.RaftServerConfigKeys (ConfUtils.java:logGet(43)) - raft.server.log.purge.gap = 1000000 (custom)
2019-10-02 07:37:00,843 [pool-237-thread-1] INFO  server.RaftServerConfigKeys (ConfUtils.java:logGet(43)) - raft.server.log.use.memory = false (default)
2019-10-02 07:37:00,843 [pool-247-thread-1] INFO  server.RaftServerConfigKeys (ConfUtils.java:logGet(43)) - raft.server.log.appender.buffer.byte-limit = 33554432 (custom)
2019-10-02 07:37:00,843 [pool-267-thread-1] INFO  server.RaftServerConfigKeys (ConfUtils.java:logGet(43)) - raft.server.log.use.memory = false (default)
2019-10-02 07:37:00,844 [pool-247-thread-1] INFO  server.RaftServerConfigKeys (ConfUtils.java:logGet(43)) - raft.server.log.segment.size.max = 1048576 (custom)
2019-10-02 07:37:00,844 [pool-237-thread-1] INFO  server.RaftServerConfigKeys (ConfUtils.java:logGet(43)) - raft.server.log.purge.gap = 1000000 (custom)
2019-10-02 07:37:00,844 [pool-247-thread-1] INFO  server.RaftServerConfigKeys (ConfUtils.java:logGet(43)) - raft.server.log.segment.cache.num.max = 2 (custom)
2019-10-02 07:37:00,844 [pool-267-thread-1] INFO  server.RaftServerConfigKeys (ConfUtils.java:logGet(43)) - raft.server.log.purge.gap = 1000000 (custom)
2019-10-02 07:37:00,844 [pool-247-thread-1] INFO  segmented.SegmentedRaftLogWorker (SegmentedRaftLogWorker.java:<init>(173)) - new 877c1e29-213f-4e3e-ace5-02a222c8c7a5@group-8B9B2962CD1F-SegmentedRaftLogWorker for RaftStorage:Storage Directory /workdir/hadoop-ozone/integration-test/target/test-dir/MiniOzoneClusterImpl-3f41681f-8054-4211-a8ce-d518c1f2066d/datanode-4/data/ratis/ebcc0b12-c698-41d5-82eb-8b9b2962cd1f
2019-10-02 07:37:00,844 [pool-237-thread-1] INFO  server.RaftServerConfigKeys (ConfUtils.java:logGet(43)) - raft.server.log.appender.buffer.byte-limit = 33554432 (custom)
2019-10-02 07:37:00,844 [pool-247-thread-1] INFO  server.RaftServerConfigKeys (ConfUtils.java:logGet(43)) - raft.server.log.queue.byte-limit = 2147483647 (custom)
2019-10-02 07:37:00,844 [pool-267-thread-1] INFO  server.RaftServerConfigKeys (ConfUtils.java:logGet(43)) - raft.server.log.appender.buffer.byte-limit = 33554432 (custom)
2019-10-02 07:37:00,844 [pool-247-thread-1] INFO  server.RaftServerConfigKeys (ConfUtils.java:logGet(43)) - raft.server.log.queue.element-limit = 1024 (custom)
2019-10-02 07:37:00,844 [pool-237-thread-1] INFO  server.RaftServerConfigKeys (ConfUtils.java:logGet(43)) - raft.server.log.segment.size.max = 1048576 (custom)
2019-10-02 07:37:00,845 [pool-247-thread-1] INFO  server.RaftServerConfigKeys (ConfUtils.java:logGet(43)) - raft.server.log.segment.size.max = 1048576 (custom)
2019-10-02 07:37:00,845 [pool-267-thread-1] INFO  server.RaftServerConfigKeys (ConfUtils.java:logGet(43)) - raft.server.log.segment.size.max = 1048576 (custom)
2019-10-02 07:37:00,845 [pool-247-thread-1] INFO  server.RaftServerConfigKeys (ConfUtils.java:logGet(43)) - raft.server.log.preallocated.size = 16384 (custom)
2019-10-02 07:37:00,845 [pool-237-thread-1] INFO  server.RaftServerConfigKeys (ConfUtils.java:logGet(43)) - raft.server.log.segment.cache.num.max = 2 (custom)
2019-10-02 07:37:00,845 [pool-247-thread-1] INFO  server.RaftServerConfigKeys (ConfUtils.java:logGet(43)) - raft.server.log.write.buffer.size = 33554432 (custom)
2019-10-02 07:37:00,845 [pool-267-thread-1] INFO  server.RaftServerConfigKeys (ConfUtils.java:logGet(43)) - raft.server.log.segment.cache.num.max = 2 (custom)
2019-10-02 07:37:00,845 [pool-247-thread-1] INFO  server.RaftServerConfigKeys (ConfUtils.java:logGet(43)) - raft.server.log.force.sync.num = 128 (default)
2019-10-02 07:37:00,845 [pool-237-thread-1] INFO  segmented.SegmentedRaftLogWorker (SegmentedRaftLogWorker.java:<init>(173)) - new d54e5ec9-dbdf-4cc4-af70-70ef71242697@group-8B9B2962CD1F-SegmentedRaftLogWorker for RaftStorage:Storage Directory /workdir/hadoop-ozone/integration-test/target/test-dir/MiniOzoneClusterImpl-3f41681f-8054-4211-a8ce-d518c1f2066d/datanode-3/data/ratis/ebcc0b12-c698-41d5-82eb-8b9b2962cd1f
2019-10-02 07:37:00,845 [pool-247-thread-1] INFO  server.RaftServerConfigKeys (ConfUtils.java:logGet(43)) - raft.server.log.statemachine.data.sync = true (default)
2019-10-02 07:37:00,845 [pool-267-thread-1] INFO  segmented.SegmentedRaftLogWorker (SegmentedRaftLogWorker.java:<init>(173)) - new 6fd6eee1-0931-460a-9d60-5fc0679329ea@group-8B9B2962CD1F-SegmentedRaftLogWorker for RaftStorage:Storage Directory /workdir/hadoop-ozone/integration-test/target/test-dir/MiniOzoneClusterImpl-3f41681f-8054-4211-a8ce-d518c1f2066d/datanode-6/data/ratis/ebcc0b12-c698-41d5-82eb-8b9b2962cd1f
2019-10-02 07:37:00,846 [pool-247-thread-1] INFO  server.RaftServerConfigKeys (ConfUtils.java:logGet(43)) - raft.server.log.statemachine.data.sync.timeout = 10s (default)
2019-10-02 07:37:00,846 [pool-237-thread-1] INFO  server.RaftServerConfigKeys (ConfUtils.java:logGet(43)) - raft.server.log.queue.byte-limit = 2147483647 (custom)
2019-10-02 07:37:00,846 [pool-247-thread-1] INFO  server.RaftServerConfigKeys (ConfUtils.java:logGet(43)) - raft.server.log.statemachine.data.sync.timeout.retry = -1 (default)
2019-10-02 07:37:00,846 [pool-267-thread-1] INFO  server.RaftServerConfigKeys (ConfUtils.java:logGet(43)) - raft.server.log.queue.byte-limit = 2147483647 (custom)
2019-10-02 07:37:00,846 [pool-247-thread-1] INFO  server.RaftServerConfigKeys (ConfUtils.java:logGet(43)) - raft.server.log.statemachine.data.caching.enabled = true (custom)
2019-10-02 07:37:00,846 [pool-237-thread-1] INFO  server.RaftServerConfigKeys (ConfUtils.java:logGet(43)) - raft.server.log.queue.element-limit = 1024 (custom)
2019-10-02 07:37:00,846 [pool-267-thread-1] INFO  server.RaftServerConfigKeys (ConfUtils.java:logGet(43)) - raft.server.log.queue.element-limit = 1024 (custom)
2019-10-02 07:37:00,846 [pool-247-thread-1] INFO  segmented.SegmentedRaftLogWorker (SegmentedRaftLogWorker.java:lambda$new$0(128)) - 877c1e29-213f-4e3e-ace5-02a222c8c7a5@group-8B9B2962CD1F-SegmentedRaftLogWorker: flushIndex: setUnconditionally 0 -> -1
2019-10-02 07:37:00,846 [pool-237-thread-1] INFO  server.RaftServerConfigKeys (ConfUtils.java:logGet(43)) - raft.server.log.segment.size.max = 1048576 (custom)
2019-10-02 07:37:00,847 [pool-267-thread-1] INFO  server.RaftServerConfigKeys (ConfUtils.java:logGet(43)) - raft.server.log.segment.size.max = 1048576 (custom)
2019-10-02 07:37:00,847 [pool-247-thread-1] INFO  server.RaftServerConfigKeys (ConfUtils.java:logGet(43)) - raft.server.snapshot.auto.trigger.enabled = true (custom)
2019-10-02 07:37:00,847 [pool-237-thread-1] INFO  server.RaftServerConfigKeys (ConfUtils.java:logGet(43)) - raft.server.log.preallocated.size = 16384 (custom)
2019-10-02 07:37:00,847 [pool-247-thread-1] INFO  server.RaftServerConfigKeys (ConfUtils.java:logGet(43)) - raft.server.snapshot.auto.trigger.threshold = 10000 (custom)
2019-10-02 07:37:00,847 [pool-267-thread-1] INFO  server.RaftServerConfigKeys (ConfUtils.java:logGet(43)) - raft.server.log.preallocated.size = 16384 (custom)
2019-10-02 07:37:00,847 [pool-247-thread-1] INFO  server.RaftServerConfigKeys (ConfUtils.java:logGet(43)) - raft.server.snapshot.retention.file.num = 5 (custom)
2019-10-02 07:37:00,847 [pool-237-thread-1] INFO  server.RaftServerConfigKeys (ConfUtils.java:logGet(43)) - raft.server.log.write.buffer.size = 33554432 (custom)
2019-10-02 07:37:00,847 [pool-247-thread-1] INFO  server.RaftServerConfigKeys (ConfUtils.java:logGet(43)) - raft.server.retrycache.expirytime = 600000ms (custom)
2019-10-02 07:37:00,847 [pool-267-thread-1] INFO  server.RaftServerConfigKeys (ConfUtils.java:logGet(43)) - raft.server.log.write.buffer.size = 33554432 (custom)
2019-10-02 07:37:00,847 [pool-237-thread-1] INFO  server.RaftServerConfigKeys (ConfUtils.java:logGet(43)) - raft.server.log.force.sync.num = 128 (default)
2019-10-02 07:37:00,848 [pool-267-thread-1] INFO  server.RaftServerConfigKeys (ConfUtils.java:logGet(43)) - raft.server.log.force.sync.num = 128 (default)
2019-10-02 07:37:00,848 [pool-237-thread-1] INFO  server.RaftServerConfigKeys (ConfUtils.java:logGet(43)) - raft.server.log.statemachine.data.sync = true (default)
2019-10-02 07:37:00,848 [pool-267-thread-1] INFO  server.RaftServerConfigKeys (ConfUtils.java:logGet(43)) - raft.server.log.statemachine.data.sync = true (default)
2019-10-02 07:37:00,848 [pool-237-thread-1] INFO  server.RaftServerConfigKeys (ConfUtils.java:logGet(43)) - raft.server.log.statemachine.data.sync.timeout = 10s (default)
2019-10-02 07:37:00,848 [pool-267-thread-1] INFO  server.RaftServerConfigKeys (ConfUtils.java:logGet(43)) - raft.server.log.statemachine.data.sync.timeout = 10s (default)
2019-10-02 07:37:00,848 [pool-237-thread-1] INFO  server.RaftServerConfigKeys (ConfUtils.java:logGet(43)) - raft.server.log.statemachine.data.sync.timeout.retry = -1 (default)
2019-10-02 07:37:00,848 [pool-267-thread-1] INFO  server.RaftServerConfigKeys (ConfUtils.java:logGet(43)) - raft.server.log.statemachine.data.sync.timeout.retry = -1 (default)
2019-10-02 07:37:00,848 [pool-237-thread-1] INFO  server.RaftServerConfigKeys (ConfUtils.java:logGet(43)) - raft.server.log.statemachine.data.caching.enabled = true (custom)
2019-10-02 07:37:00,849 [pool-267-thread-1] INFO  server.RaftServerConfigKeys (ConfUtils.java:logGet(43)) - raft.server.log.statemachine.data.caching.enabled = true (custom)
2019-10-02 07:37:00,849 [pool-237-thread-1] INFO  segmented.SegmentedRaftLogWorker (SegmentedRaftLogWorker.java:lambda$new$0(128)) - d54e5ec9-dbdf-4cc4-af70-70ef71242697@group-8B9B2962CD1F-SegmentedRaftLogWorker: flushIndex: setUnconditionally 0 -> -1
2019-10-02 07:37:00,849 [pool-247-thread-1] INFO  impl.RaftServerImpl (RaftServerImpl.java:start(181)) - 877c1e29-213f-4e3e-ace5-02a222c8c7a5@group-8B9B2962CD1F: start as a follower, conf=-1: [877c1e29-213f-4e3e-ace5-02a222c8c7a5:192.168.164.211:33703, 6fd6eee1-0931-460a-9d60-5fc0679329ea:192.168.164.211:39538, d54e5ec9-dbdf-4cc4-af70-70ef71242697:192.168.164.211:37211], old=null
2019-10-02 07:37:00,849 [pool-267-thread-1] INFO  segmented.SegmentedRaftLogWorker (SegmentedRaftLogWorker.java:lambda$new$0(128)) - 6fd6eee1-0931-460a-9d60-5fc0679329ea@group-8B9B2962CD1F-SegmentedRaftLogWorker: flushIndex: setUnconditionally 0 -> -1
2019-10-02 07:37:00,849 [pool-247-thread-1] INFO  impl.RaftServerImpl (RaftServerImpl.java:setRole(170)) - 877c1e29-213f-4e3e-ace5-02a222c8c7a5@group-8B9B2962CD1F: changes role from      null to FOLLOWER at term 0 for startAsFollower
2019-10-02 07:37:00,849 [pool-237-thread-1] INFO  server.RaftServerConfigKeys (ConfUtils.java:logGet(43)) - raft.server.snapshot.auto.trigger.enabled = true (custom)
2019-10-02 07:37:00,849 [pool-267-thread-1] INFO  server.RaftServerConfigKeys (ConfUtils.java:logGet(43)) - raft.server.snapshot.auto.trigger.enabled = true (custom)
2019-10-02 07:37:00,849 [pool-247-thread-1] INFO  impl.RoleInfo (RoleInfo.java:updateAndGet(143)) - 877c1e29-213f-4e3e-ace5-02a222c8c7a5: start FollowerState
2019-10-02 07:37:00,850 [pool-267-thread-1] INFO  server.RaftServerConfigKeys (ConfUtils.java:logGet(43)) - raft.server.snapshot.auto.trigger.threshold = 10000 (custom)
2019-10-02 07:37:00,850 [pool-267-thread-1] INFO  server.RaftServerConfigKeys (ConfUtils.java:logGet(43)) - raft.server.snapshot.retention.file.num = 5 (custom)
2019-10-02 07:37:00,850 [pool-237-thread-1] INFO  server.RaftServerConfigKeys (ConfUtils.java:logGet(43)) - raft.server.snapshot.auto.trigger.threshold = 10000 (custom)
2019-10-02 07:37:00,850 [pool-267-thread-1] INFO  server.RaftServerConfigKeys (ConfUtils.java:logGet(43)) - raft.server.retrycache.expirytime = 600000ms (custom)
2019-10-02 07:37:00,850 [pool-247-thread-1] INFO  util.JmxRegister (JmxRegister.java:tryRegister(44)) - Successfully registered JMX Bean with object name Ratis:service=RaftServer,group=group-8B9B2962CD1F,id=877c1e29-213f-4e3e-ace5-02a222c8c7a5
2019-10-02 07:37:00,850 [pool-237-thread-1] INFO  server.RaftServerConfigKeys (ConfUtils.java:logGet(43)) - raft.server.snapshot.retention.file.num = 5 (custom)
2019-10-02 07:37:00,851 [pool-237-thread-1] INFO  server.RaftServerConfigKeys (ConfUtils.java:logGet(43)) - raft.server.retrycache.expirytime = 600000ms (custom)
2019-10-02 07:37:00,852 [pool-267-thread-1] INFO  impl.RaftServerImpl (RaftServerImpl.java:start(181)) - 6fd6eee1-0931-460a-9d60-5fc0679329ea@group-8B9B2962CD1F: start as a follower, conf=-1: [877c1e29-213f-4e3e-ace5-02a222c8c7a5:192.168.164.211:33703, 6fd6eee1-0931-460a-9d60-5fc0679329ea:192.168.164.211:39538, d54e5ec9-dbdf-4cc4-af70-70ef71242697:192.168.164.211:37211], old=null
2019-10-02 07:37:00,852 [pool-267-thread-1] INFO  impl.RaftServerImpl (RaftServerImpl.java:setRole(170)) - 6fd6eee1-0931-460a-9d60-5fc0679329ea@group-8B9B2962CD1F: changes role from      null to FOLLOWER at term 0 for startAsFollower
2019-10-02 07:37:00,852 [pool-267-thread-1] INFO  impl.RoleInfo (RoleInfo.java:updateAndGet(143)) - 6fd6eee1-0931-460a-9d60-5fc0679329ea: start FollowerState
2019-10-02 07:37:00,853 [pool-267-thread-1] INFO  util.JmxRegister (JmxRegister.java:tryRegister(44)) - Successfully registered JMX Bean with object name Ratis:service=RaftServer,group=group-8B9B2962CD1F,id=6fd6eee1-0931-460a-9d60-5fc0679329ea
2019-10-02 07:37:00,854 [pool-237-thread-1] INFO  impl.RaftServerImpl (RaftServerImpl.java:start(181)) - d54e5ec9-dbdf-4cc4-af70-70ef71242697@group-8B9B2962CD1F: start as a follower, conf=-1: [877c1e29-213f-4e3e-ace5-02a222c8c7a5:192.168.164.211:33703, 6fd6eee1-0931-460a-9d60-5fc0679329ea:192.168.164.211:39538, d54e5ec9-dbdf-4cc4-af70-70ef71242697:192.168.164.211:37211], old=null
2019-10-02 07:37:00,854 [pool-237-thread-1] INFO  impl.RaftServerImpl (RaftServerImpl.java:setRole(170)) - d54e5ec9-dbdf-4cc4-af70-70ef71242697@group-8B9B2962CD1F: changes role from      null to FOLLOWER at term 0 for startAsFollower
2019-10-02 07:37:00,854 [pool-237-thread-1] INFO  impl.RoleInfo (RoleInfo.java:updateAndGet(143)) - d54e5ec9-dbdf-4cc4-af70-70ef71242697: start FollowerState
2019-10-02 07:37:00,854 [pool-237-thread-1] INFO  util.JmxRegister (JmxRegister.java:tryRegister(44)) - Successfully registered JMX Bean with object name Ratis:service=RaftServer,group=group-8B9B2962CD1F,id=d54e5ec9-dbdf-4cc4-af70-70ef71242697
2019-10-02 07:37:00,866 [IPC Server handler 5 on 40173] INFO  pipeline.PipelineStateManager (PipelineStateManager.java:addPipeline(56)) - Created pipeline Pipeline[ Id: ebcc0b12-c698-41d5-82eb-8b9b2962cd1f, Nodes: d54e5ec9-dbdf-4cc4-af70-70ef71242697{ip: 192.168.164.211, host: pr-hdds-2227-gdpr-vz6hn-2718222164, networkLocation: /default-rack, certSerialId: null}6fd6eee1-0931-460a-9d60-5fc0679329ea{ip: 192.168.164.211, host: pr-hdds-2227-gdpr-vz6hn-2718222164, networkLocation: /default-rack, certSerialId: null}877c1e29-213f-4e3e-ace5-02a222c8c7a5{ip: 192.168.164.211, host: pr-hdds-2227-gdpr-vz6hn-2718222164, networkLocation: /default-rack, certSerialId: null}, Type:RATIS, Factor:THREE, State:OPEN]
2019-10-02 07:37:03,264 [Thread-1415] INFO  container.ReplicationManager (ReplicationManager.java:start(162)) - Starting Replication Monitor Thread.
2019-10-02 07:37:03,270 [ReplicationMonitor] INFO  container.ReplicationManager (ReplicationManager.java:run(225)) - Replication Monitor Thread took 1 milliseconds for processing 1 containers.
2019-10-02 07:37:05,452 [Thread-1417] INFO  impl.FollowerState (FollowerState.java:run(108)) - 4e72db7b-e674-4275-a804-832ad1c78127@group-DB7270342BC1-FollowerState: change to CANDIDATE, lastRpcTime:5126ms, electionTimeout:5126ms
2019-10-02 07:37:05,452 [Thread-1417] INFO  impl.RoleInfo (RoleInfo.java:shutdownFollowerState(121)) - 4e72db7b-e674-4275-a804-832ad1c78127: shutdown FollowerState
2019-10-02 07:37:05,452 [Thread-1417] INFO  impl.RaftServerImpl (RaftServerImpl.java:setRole(170)) - 4e72db7b-e674-4275-a804-832ad1c78127@group-DB7270342BC1: changes role from  FOLLOWER to CANDIDATE at term 0 for changeToCandidate
2019-10-02 07:37:05,453 [Thread-1417] INFO  impl.RoleInfo (RoleInfo.java:updateAndGet(143)) - 4e72db7b-e674-4275-a804-832ad1c78127: start LeaderElection
2019-10-02 07:37:05,475 [4e72db7b-e674-4275-a804-832ad1c78127@group-DB7270342BC1-LeaderElection31] INFO  impl.LeaderElection (LeaderElection.java:askForVotes(178)) - 4e72db7b-e674-4275-a804-832ad1c78127@group-DB7270342BC1-LeaderElection31: begin an election at term 1 for -1: [4e72db7b-e674-4275-a804-832ad1c78127:192.168.164.211:36046], old=null
2019-10-02 07:37:05,476 [4e72db7b-e674-4275-a804-832ad1c78127@group-DB7270342BC1-LeaderElection31] INFO  impl.RoleInfo (RoleInfo.java:shutdownLeaderElection(134)) - 4e72db7b-e674-4275-a804-832ad1c78127: shutdown LeaderElection
2019-10-02 07:37:05,476 [4e72db7b-e674-4275-a804-832ad1c78127@group-DB7270342BC1-LeaderElection31] INFO  impl.RaftServerImpl (RaftServerImpl.java:setRole(170)) - 4e72db7b-e674-4275-a804-832ad1c78127@group-DB7270342BC1: changes role from CANDIDATE to LEADER at term 1 for changeToLeader
2019-10-02 07:37:05,476 [4e72db7b-e674-4275-a804-832ad1c78127@group-DB7270342BC1-LeaderElection31] INFO  impl.RaftServerImpl (ServerState.java:setLeader(255)) - 4e72db7b-e674-4275-a804-832ad1c78127@group-DB7270342BC1: change Leader from null to 4e72db7b-e674-4275-a804-832ad1c78127 at term 1 for becomeLeader, leader elected after 5161ms
2019-10-02 07:37:05,477 [4e72db7b-e674-4275-a804-832ad1c78127@group-DB7270342BC1-LeaderElection31] INFO  server.RaftServerConfigKeys (ConfUtils.java:logGet(43)) - raft.server.staging.catchup.gap = 1000 (default)
2019-10-02 07:37:05,477 [4e72db7b-e674-4275-a804-832ad1c78127@group-DB7270342BC1-LeaderElection31] INFO  server.RaftServerConfigKeys (ConfUtils.java:logGet(43)) - raft.server.rpc.sleep.time = 25ms (default)
2019-10-02 07:37:05,477 [4e72db7b-e674-4275-a804-832ad1c78127@group-DB7270342BC1-LeaderElection31] INFO  server.RaftServerConfigKeys (ConfUtils.java:logGet(43)) - raft.server.write.element-limit = 4096 (default)
2019-10-02 07:37:05,478 [4e72db7b-e674-4275-a804-832ad1c78127@group-DB7270342BC1-LeaderElection31] INFO  server.RaftServerConfigKeys (ConfUtils.java:logGet(43)) - raft.server.watch.timeout = 10s (default)
2019-10-02 07:37:05,478 [4e72db7b-e674-4275-a804-832ad1c78127@group-DB7270342BC1-LeaderElection31] INFO  server.RaftServerConfigKeys (ConfUtils.java:logGet(43)) - raft.server.watch.timeout.denomination = 1s (default)
2019-10-02 07:37:05,478 [4e72db7b-e674-4275-a804-832ad1c78127@group-DB7270342BC1-LeaderElection31] INFO  server.RaftServerConfigKeys (ConfUtils.java:logGet(43)) - raft.server.watch.element-limit = 65536 (default)
2019-10-02 07:37:05,482 [4e72db7b-e674-4275-a804-832ad1c78127@group-DB7270342BC1-LeaderElection31] INFO  impl.RoleInfo (RoleInfo.java:updateAndGet(143)) - 4e72db7b-e674-4275-a804-832ad1c78127: start LeaderState
2019-10-02 07:37:05,483 [4e72db7b-e674-4275-a804-832ad1c78127@group-DB7270342BC1-LeaderElection31] INFO  segmented.SegmentedRaftLogWorker (SegmentedRaftLogWorker.java:startLogSegment(385)) - 4e72db7b-e674-4275-a804-832ad1c78127@group-DB7270342BC1-SegmentedRaftLogWorker: Starting segment from index:0
2019-10-02 07:37:05,484 [4e72db7b-e674-4275-a804-832ad1c78127@group-DB7270342BC1-LeaderElection31] INFO  impl.RaftServerImpl (ServerState.java:setRaftConf(356)) - 4e72db7b-e674-4275-a804-832ad1c78127@group-DB7270342BC1: set configuration 0: [4e72db7b-e674-4275-a804-832ad1c78127:192.168.164.211:36046], old=null at 0
2019-10-02 07:37:05,527 [4e72db7b-e674-4275-a804-832ad1c78127@group-DB7270342BC1-SegmentedRaftLogWorker] INFO  segmented.SegmentedRaftLogWorker (SegmentedRaftLogWorker.java:execute(574)) - 4e72db7b-e674-4275-a804-832ad1c78127@group-DB7270342BC1-SegmentedRaftLogWorker: created new log segment /workdir/hadoop-ozone/integration-test/target/test-dir/MiniOzoneClusterImpl-3f41681f-8054-4211-a8ce-d518c1f2066d/datanode-0/data/ratis/9f1b0ce3-2210-447b-91a3-db7270342bc1/current/log_inprogress_0
2019-10-02 07:37:05,593 [Thread-1429] INFO  impl.FollowerState (FollowerState.java:run(108)) - 0106732b-0d80-4fea-ad09-dcf61067161b@group-3CC9FD8846D2-FollowerState: change to CANDIDATE, lastRpcTime:5055ms, electionTimeout:5055ms
2019-10-02 07:37:05,593 [Thread-1429] INFO  impl.RoleInfo (RoleInfo.java:shutdownFollowerState(121)) - 0106732b-0d80-4fea-ad09-dcf61067161b: shutdown FollowerState
2019-10-02 07:37:05,593 [Thread-1429] INFO  impl.RaftServerImpl (RaftServerImpl.java:setRole(170)) - 0106732b-0d80-4fea-ad09-dcf61067161b@group-3CC9FD8846D2: changes role from  FOLLOWER to CANDIDATE at term 0 for changeToCandidate
2019-10-02 07:37:05,593 [Thread-1429] INFO  impl.RoleInfo (RoleInfo.java:updateAndGet(143)) - 0106732b-0d80-4fea-ad09-dcf61067161b: start LeaderElection
2019-10-02 07:37:05,596 [Thread-1420] INFO  impl.FollowerState (FollowerState.java:run(108)) - a30d8e4d-bc7e-4402-a494-020e3abfc499@group-D2C92BD17354-FollowerState: change to CANDIDATE, lastRpcTime:5188ms, electionTimeout:5188ms
2019-10-02 07:37:05,601 [Thread-1420] INFO  impl.RoleInfo (RoleInfo.java:shutdownFollowerState(121)) - a30d8e4d-bc7e-4402-a494-020e3abfc499: shutdown FollowerState
2019-10-02 07:37:05,601 [Thread-1420] INFO  impl.RaftServerImpl (RaftServerImpl.java:setRole(170)) - a30d8e4d-bc7e-4402-a494-020e3abfc499@group-D2C92BD17354: changes role from  FOLLOWER to CANDIDATE at term 0 for changeToCandidate
2019-10-02 07:37:05,601 [Thread-1420] INFO  impl.RoleInfo (RoleInfo.java:updateAndGet(143)) - a30d8e4d-bc7e-4402-a494-020e3abfc499: start LeaderElection
2019-10-02 07:37:05,612 [Thread-1431] INFO  impl.FollowerState (FollowerState.java:run(108)) - 4e72db7b-e674-4275-a804-832ad1c78127@group-3CC9FD8846D2-FollowerState: change to CANDIDATE, lastRpcTime:5073ms, electionTimeout:5073ms
2019-10-02 07:37:05,612 [Thread-1431] INFO  impl.RoleInfo (RoleInfo.java:shutdownFollowerState(121)) - 4e72db7b-e674-4275-a804-832ad1c78127: shutdown FollowerState
2019-10-02 07:37:05,612 [Thread-1431] INFO  impl.RaftServerImpl (RaftServerImpl.java:setRole(170)) - 4e72db7b-e674-4275-a804-832ad1c78127@group-3CC9FD8846D2: changes role from  FOLLOWER to CANDIDATE at term 0 for changeToCandidate
2019-10-02 07:37:05,612 [Thread-1431] INFO  impl.RoleInfo (RoleInfo.java:updateAndGet(143)) - 4e72db7b-e674-4275-a804-832ad1c78127: start LeaderElection
2019-10-02 07:37:05,626 [a30d8e4d-bc7e-4402-a494-020e3abfc499@group-D2C92BD17354-LeaderElection33] INFO  impl.LeaderElection (LeaderElection.java:askForVotes(178)) - a30d8e4d-bc7e-4402-a494-020e3abfc499@group-D2C92BD17354-LeaderElection33: begin an election at term 1 for -1: [a30d8e4d-bc7e-4402-a494-020e3abfc499:192.168.164.211:39446], old=null
2019-10-02 07:37:05,626 [0106732b-0d80-4fea-ad09-dcf61067161b@group-3CC9FD8846D2-LeaderElection32] INFO  impl.LeaderElection (LeaderElection.java:askForVotes(178)) - 0106732b-0d80-4fea-ad09-dcf61067161b@group-3CC9FD8846D2-LeaderElection32: begin an election at term 1 for -1: [4e72db7b-e674-4275-a804-832ad1c78127:192.168.164.211:36046, 0106732b-0d80-4fea-ad09-dcf61067161b:192.168.164.211:46720, a30d8e4d-bc7e-4402-a494-020e3abfc499:192.168.164.211:39446], old=null
2019-10-02 07:37:05,627 [a30d8e4d-bc7e-4402-a494-020e3abfc499@group-D2C92BD17354-LeaderElection33] INFO  impl.RoleInfo (RoleInfo.java:shutdownLeaderElection(134)) - a30d8e4d-bc7e-4402-a494-020e3abfc499: shutdown LeaderElection
2019-10-02 07:37:05,627 [a30d8e4d-bc7e-4402-a494-020e3abfc499@group-D2C92BD17354-LeaderElection33] INFO  impl.RaftServerImpl (RaftServerImpl.java:setRole(170)) - a30d8e4d-bc7e-4402-a494-020e3abfc499@group-D2C92BD17354: changes role from CANDIDATE to LEADER at term 1 for changeToLeader
2019-10-02 07:37:05,627 [a30d8e4d-bc7e-4402-a494-020e3abfc499@group-D2C92BD17354-LeaderElection33] INFO  impl.RaftServerImpl (ServerState.java:setLeader(255)) - a30d8e4d-bc7e-4402-a494-020e3abfc499@group-D2C92BD17354: change Leader from null to a30d8e4d-bc7e-4402-a494-020e3abfc499 at term 1 for becomeLeader, leader elected after 5226ms
2019-10-02 07:37:05,627 [a30d8e4d-bc7e-4402-a494-020e3abfc499@group-D2C92BD17354-LeaderElection33] INFO  server.RaftServerConfigKeys (ConfUtils.java:logGet(43)) - raft.server.staging.catchup.gap = 1000 (default)
2019-10-02 07:37:05,628 [a30d8e4d-bc7e-4402-a494-020e3abfc499@group-D2C92BD17354-LeaderElection33] INFO  server.RaftServerConfigKeys (ConfUtils.java:logGet(43)) - raft.server.rpc.sleep.time = 25ms (default)
2019-10-02 07:37:05,628 [a30d8e4d-bc7e-4402-a494-020e3abfc499@group-D2C92BD17354-LeaderElection33] INFO  server.RaftServerConfigKeys (ConfUtils.java:logGet(43)) - raft.server.write.element-limit = 4096 (default)
2019-10-02 07:37:05,628 [a30d8e4d-bc7e-4402-a494-020e3abfc499@group-D2C92BD17354-LeaderElection33] INFO  server.RaftServerConfigKeys (ConfUtils.java:logGet(43)) - raft.server.watch.timeout = 10s (default)
2019-10-02 07:37:05,628 [a30d8e4d-bc7e-4402-a494-020e3abfc499@group-D2C92BD17354-LeaderElection33] INFO  server.RaftServerConfigKeys (ConfUtils.java:logGet(43)) - raft.server.watch.timeout.denomination = 1s (default)
2019-10-02 07:37:05,628 [a30d8e4d-bc7e-4402-a494-020e3abfc499@group-D2C92BD17354-LeaderElection33] INFO  server.RaftServerConfigKeys (ConfUtils.java:logGet(43)) - raft.server.watch.element-limit = 65536 (default)
2019-10-02 07:37:05,630 [4e72db7b-e674-4275-a804-832ad1c78127@group-3CC9FD8846D2-LeaderElection34] INFO  impl.LeaderElection (LeaderElection.java:askForVotes(178)) - 4e72db7b-e674-4275-a804-832ad1c78127@group-3CC9FD8846D2-LeaderElection34: begin an election at term 1 for -1: [4e72db7b-e674-4275-a804-832ad1c78127:192.168.164.211:36046, 0106732b-0d80-4fea-ad09-dcf61067161b:192.168.164.211:46720, a30d8e4d-bc7e-4402-a494-020e3abfc499:192.168.164.211:39446], old=null
2019-10-02 07:37:05,630 [a30d8e4d-bc7e-4402-a494-020e3abfc499@group-D2C92BD17354-LeaderElection33] INFO  impl.RoleInfo (RoleInfo.java:updateAndGet(143)) - a30d8e4d-bc7e-4402-a494-020e3abfc499: start LeaderState
2019-10-02 07:37:05,631 [a30d8e4d-bc7e-4402-a494-020e3abfc499@group-D2C92BD17354-LeaderElection33] INFO  segmented.SegmentedRaftLogWorker (SegmentedRaftLogWorker.java:startLogSegment(385)) - a30d8e4d-bc7e-4402-a494-020e3abfc499@group-D2C92BD17354-SegmentedRaftLogWorker: Starting segment from index:0
2019-10-02 07:37:05,631 [a30d8e4d-bc7e-4402-a494-020e3abfc499@group-D2C92BD17354-LeaderElection33] INFO  impl.RaftServerImpl (ServerState.java:setRaftConf(356)) - a30d8e4d-bc7e-4402-a494-020e3abfc499@group-D2C92BD17354: set configuration 0: [a30d8e4d-bc7e-4402-a494-020e3abfc499:192.168.164.211:39446], old=null at 0
2019-10-02 07:37:05,658 [Thread-1423] INFO  impl.FollowerState (FollowerState.java:run(108)) - 0106732b-0d80-4fea-ad09-dcf61067161b@group-C0CB2463938C-FollowerState: change to CANDIDATE, lastRpcTime:5208ms, electionTimeout:5195ms
2019-10-02 07:37:05,659 [Thread-1423] INFO  impl.RoleInfo (RoleInfo.java:shutdownFollowerState(121)) - 0106732b-0d80-4fea-ad09-dcf61067161b: shutdown FollowerState
2019-10-02 07:37:05,661 [Thread-1423] INFO  impl.RaftServerImpl (RaftServerImpl.java:setRole(170)) - 0106732b-0d80-4fea-ad09-dcf61067161b@group-C0CB2463938C: changes role from  FOLLOWER to CANDIDATE at term 0 for changeToCandidate
2019-10-02 07:37:05,662 [Thread-1423] INFO  impl.RoleInfo (RoleInfo.java:updateAndGet(143)) - 0106732b-0d80-4fea-ad09-dcf61067161b: start LeaderElection
2019-10-02 07:37:05,664 [grpc-default-executor-1] INFO  impl.RaftServerImpl (RaftServerImpl.java:setRole(170)) - a30d8e4d-bc7e-4402-a494-020e3abfc499@group-3CC9FD8846D2: changes role from  FOLLOWER to FOLLOWER at term 1 for recognizeCandidate:0106732b-0d80-4fea-ad09-dcf61067161b
2019-10-02 07:37:05,670 [grpc-default-executor-1] INFO  impl.RoleInfo (RoleInfo.java:shutdownFollowerState(121)) - a30d8e4d-bc7e-4402-a494-020e3abfc499: shutdown FollowerState
2019-10-02 07:37:05,673 [grpc-default-executor-1] INFO  impl.RoleInfo (RoleInfo.java:updateAndGet(143)) - a30d8e4d-bc7e-4402-a494-020e3abfc499: start FollowerState
2019-10-02 07:37:05,673 [a30d8e4d-bc7e-4402-a494-020e3abfc499@group-D2C92BD17354-SegmentedRaftLogWorker] INFO  segmented.SegmentedRaftLogWorker (SegmentedRaftLogWorker.java:execute(574)) - a30d8e4d-bc7e-4402-a494-020e3abfc499@group-D2C92BD17354-SegmentedRaftLogWorker: created new log segment /workdir/hadoop-ozone/integration-test/target/test-dir/MiniOzoneClusterImpl-3f41681f-8054-4211-a8ce-d518c1f2066d/datanode-1/data/ratis/cf1775bc-c489-4196-becb-d2c92bd17354/current/log_inprogress_0
2019-10-02 07:37:05,673 [Thread-1426] INFO  impl.FollowerState (FollowerState.java:run(117)) - a30d8e4d-bc7e-4402-a494-020e3abfc499@group-3CC9FD8846D2-FollowerState was interrupted: java.lang.InterruptedException: sleep interrupted
2019-10-02 07:37:05,683 [0106732b-0d80-4fea-ad09-dcf61067161b@group-C0CB2463938C-LeaderElection35] INFO  impl.LeaderElection (LeaderElection.java:askForVotes(178)) - 0106732b-0d80-4fea-ad09-dcf61067161b@group-C0CB2463938C-LeaderElection35: begin an election at term 1 for -1: [0106732b-0d80-4fea-ad09-dcf61067161b:192.168.164.211:46720], old=null
2019-10-02 07:37:05,684 [0106732b-0d80-4fea-ad09-dcf61067161b@group-C0CB2463938C-LeaderElection35] INFO  impl.RoleInfo (RoleInfo.java:shutdownLeaderElection(134)) - 0106732b-0d80-4fea-ad09-dcf61067161b: shutdown LeaderElection
2019-10-02 07:37:05,684 [0106732b-0d80-4fea-ad09-dcf61067161b@group-C0CB2463938C-LeaderElection35] INFO  impl.RaftServerImpl (RaftServerImpl.java:setRole(170)) - 0106732b-0d80-4fea-ad09-dcf61067161b@group-C0CB2463938C: changes role from CANDIDATE to LEADER at term 1 for changeToLeader
2019-10-02 07:37:05,684 [0106732b-0d80-4fea-ad09-dcf61067161b@group-C0CB2463938C-LeaderElection35] INFO  impl.RaftServerImpl (ServerState.java:setLeader(255)) - 0106732b-0d80-4fea-ad09-dcf61067161b@group-C0CB2463938C: change Leader from null to 0106732b-0d80-4fea-ad09-dcf61067161b at term 1 for becomeLeader, leader elected after 5239ms
2019-10-02 07:37:05,684 [0106732b-0d80-4fea-ad09-dcf61067161b@group-C0CB2463938C-LeaderElection35] INFO  server.RaftServerConfigKeys (ConfUtils.java:logGet(43)) - raft.server.staging.catchup.gap = 1000 (default)
2019-10-02 07:37:05,684 [0106732b-0d80-4fea-ad09-dcf61067161b@group-C0CB2463938C-LeaderElection35] INFO  server.RaftServerConfigKeys (ConfUtils.java:logGet(43)) - raft.server.rpc.sleep.time = 25ms (default)
2019-10-02 07:37:05,684 [0106732b-0d80-4fea-ad09-dcf61067161b@group-C0CB2463938C-LeaderElection35] INFO  server.RaftServerConfigKeys (ConfUtils.java:logGet(43)) - raft.server.write.element-limit = 4096 (default)
2019-10-02 07:37:05,684 [0106732b-0d80-4fea-ad09-dcf61067161b@group-C0CB2463938C-LeaderElection35] INFO  server.RaftServerConfigKeys (ConfUtils.java:logGet(43)) - raft.server.watch.timeout = 10s (default)
2019-10-02 07:37:05,684 [0106732b-0d80-4fea-ad09-dcf61067161b@group-C0CB2463938C-LeaderElection35] INFO  server.RaftServerConfigKeys (ConfUtils.java:logGet(43)) - raft.server.watch.timeout.denomination = 1s (default)
2019-10-02 07:37:05,685 [0106732b-0d80-4fea-ad09-dcf61067161b@group-C0CB2463938C-LeaderElection35] INFO  server.RaftServerConfigKeys (ConfUtils.java:logGet(43)) - raft.server.watch.element-limit = 65536 (default)
2019-10-02 07:37:05,686 [0106732b-0d80-4fea-ad09-dcf61067161b@group-C0CB2463938C-LeaderElection35] INFO  impl.RoleInfo (RoleInfo.java:updateAndGet(143)) - 0106732b-0d80-4fea-ad09-dcf61067161b: start LeaderState
2019-10-02 07:37:05,686 [0106732b-0d80-4fea-ad09-dcf61067161b@group-C0CB2463938C-LeaderElection35] INFO  segmented.SegmentedRaftLogWorker (SegmentedRaftLogWorker.java:startLogSegment(385)) - 0106732b-0d80-4fea-ad09-dcf61067161b@group-C0CB2463938C-SegmentedRaftLogWorker: Starting segment from index:0
2019-10-02 07:37:05,695 [4e72db7b-e674-4275-a804-832ad1c78127@group-3CC9FD8846D2-LeaderElection34] INFO  impl.LeaderElection (LeaderElection.java:logAndReturn(56)) - 4e72db7b-e674-4275-a804-832ad1c78127@group-3CC9FD8846D2-LeaderElection34: Election REJECTED; received 2 response(s) [4e72db7b-e674-4275-a804-832ad1c78127<-0106732b-0d80-4fea-ad09-dcf61067161b#0:FAIL-t1, 4e72db7b-e674-4275-a804-832ad1c78127<-a30d8e4d-bc7e-4402-a494-020e3abfc499#0:FAIL-t1] and 0 exception(s); 4e72db7b-e674-4275-a804-832ad1c78127@group-3CC9FD8846D2:t1, leader=null, voted=4e72db7b-e674-4275-a804-832ad1c78127, raftlog=4e72db7b-e674-4275-a804-832ad1c78127@group-3CC9FD8846D2-SegmentedRaftLog:OPENED:c-1,f-1,i0, conf=-1: [4e72db7b-e674-4275-a804-832ad1c78127:192.168.164.211:36046, 0106732b-0d80-4fea-ad09-dcf61067161b:192.168.164.211:46720, a30d8e4d-bc7e-4402-a494-020e3abfc499:192.168.164.211:39446], old=null
2019-10-02 07:37:05,695 [0106732b-0d80-4fea-ad09-dcf61067161b@group-C0CB2463938C-LeaderElection35] INFO  impl.RaftServerImpl (ServerState.java:setRaftConf(356)) - 0106732b-0d80-4fea-ad09-dcf61067161b@group-C0CB2463938C: set configuration 0: [0106732b-0d80-4fea-ad09-dcf61067161b:192.168.164.211:46720], old=null at 0
2019-10-02 07:37:05,695 [4e72db7b-e674-4275-a804-832ad1c78127@group-3CC9FD8846D2-LeaderElection34] INFO  impl.RaftServerImpl (RaftServerImpl.java:setRole(170)) - 4e72db7b-e674-4275-a804-832ad1c78127@group-3CC9FD8846D2: changes role from CANDIDATE to FOLLOWER at term 1 for DISCOVERED_A_NEW_TERM
2019-10-02 07:37:05,725 [4e72db7b-e674-4275-a804-832ad1c78127@group-3CC9FD8846D2-LeaderElection34] INFO  impl.RoleInfo (RoleInfo.java:shutdownLeaderElection(134)) - 4e72db7b-e674-4275-a804-832ad1c78127: shutdown LeaderElection
2019-10-02 07:37:05,695 [0106732b-0d80-4fea-ad09-dcf61067161b@group-3CC9FD8846D2-LeaderElection32] INFO  impl.LeaderElection (LeaderElection.java:logAndReturn(56)) - 0106732b-0d80-4fea-ad09-dcf61067161b@group-3CC9FD8846D2-LeaderElection32: Election PASSED; received 2 response(s) [0106732b-0d80-4fea-ad09-dcf61067161b<-4e72db7b-e674-4275-a804-832ad1c78127#0:FAIL-t1, 0106732b-0d80-4fea-ad09-dcf61067161b<-a30d8e4d-bc7e-4402-a494-020e3abfc499#0:OK-t1] and 0 exception(s); 0106732b-0d80-4fea-ad09-dcf61067161b@group-3CC9FD8846D2:t1, leader=null, voted=0106732b-0d80-4fea-ad09-dcf61067161b, raftlog=0106732b-0d80-4fea-ad09-dcf61067161b@group-3CC9FD8846D2-SegmentedRaftLog:OPENED:c-1,f-1,i0, conf=-1: [4e72db7b-e674-4275-a804-832ad1c78127:192.168.164.211:36046, 0106732b-0d80-4fea-ad09-dcf61067161b:192.168.164.211:46720, a30d8e4d-bc7e-4402-a494-020e3abfc499:192.168.164.211:39446], old=null
2019-10-02 07:37:05,725 [4e72db7b-e674-4275-a804-832ad1c78127@group-3CC9FD8846D2-LeaderElection34] INFO  impl.RoleInfo (RoleInfo.java:updateAndGet(143)) - 4e72db7b-e674-4275-a804-832ad1c78127: start FollowerState
2019-10-02 07:37:05,725 [Thread-1438] INFO  impl.FollowerState (FollowerState.java:run(108)) - 877c1e29-213f-4e3e-ace5-02a222c8c7a5@group-FBF3A30E57C3-FollowerState: change to CANDIDATE, lastRpcTime:5081ms, electionTimeout:5078ms
2019-10-02 07:37:05,725 [0106732b-0d80-4fea-ad09-dcf61067161b@group-3CC9FD8846D2-LeaderElection32] INFO  impl.RoleInfo (RoleInfo.java:shutdownLeaderElection(134)) - 0106732b-0d80-4fea-ad09-dcf61067161b: shutdown LeaderElection
2019-10-02 07:37:05,728 [Thread-1438] INFO  impl.RoleInfo (RoleInfo.java:shutdownFollowerState(121)) - 877c1e29-213f-4e3e-ace5-02a222c8c7a5: shutdown FollowerState
2019-10-02 07:37:05,729 [0106732b-0d80-4fea-ad09-dcf61067161b@group-3CC9FD8846D2-LeaderElection32] INFO  impl.RaftServerImpl (RaftServerImpl.java:setRole(170)) - 0106732b-0d80-4fea-ad09-dcf61067161b@group-3CC9FD8846D2: changes role from CANDIDATE to LEADER at term 1 for changeToLeader
2019-10-02 07:37:05,729 [Thread-1438] INFO  impl.RaftServerImpl (RaftServerImpl.java:setRole(170)) - 877c1e29-213f-4e3e-ace5-02a222c8c7a5@group-FBF3A30E57C3: changes role from  FOLLOWER to CANDIDATE at term 0 for changeToCandidate
2019-10-02 07:37:05,729 [0106732b-0d80-4fea-ad09-dcf61067161b@group-3CC9FD8846D2-LeaderElection32] INFO  impl.RaftServerImpl (ServerState.java:setLeader(255)) - 0106732b-0d80-4fea-ad09-dcf61067161b@group-3CC9FD8846D2: change Leader from null to 0106732b-0d80-4fea-ad09-dcf61067161b at term 1 for becomeLeader, leader elected after 5200ms
2019-10-02 07:37:05,729 [Thread-1438] INFO  impl.RoleInfo (RoleInfo.java:updateAndGet(143)) - 877c1e29-213f-4e3e-ace5-02a222c8c7a5: start LeaderElection
2019-10-02 07:37:05,729 [0106732b-0d80-4fea-ad09-dcf61067161b@group-3CC9FD8846D2-LeaderElection32] INFO  server.RaftServerConfigKeys (ConfUtils.java:logGet(43)) - raft.server.staging.catchup.gap = 1000 (default)
2019-10-02 07:37:05,729 [0106732b-0d80-4fea-ad09-dcf61067161b@group-3CC9FD8846D2-LeaderElection32] INFO  server.RaftServerConfigKeys (ConfUtils.java:logGet(43)) - raft.server.rpc.sleep.time = 25ms (default)
2019-10-02 07:37:05,732 [0106732b-0d80-4fea-ad09-dcf61067161b@group-3CC9FD8846D2-LeaderElection32] INFO  server.RaftServerConfigKeys (ConfUtils.java:logGet(43)) - raft.server.write.element-limit = 4096 (default)
2019-10-02 07:37:05,737 [0106732b-0d80-4fea-ad09-dcf61067161b@group-C0CB2463938C-SegmentedRaftLogWorker] INFO  segmented.SegmentedRaftLogWorker (SegmentedRaftLogWorker.java:execute(574)) - 0106732b-0d80-4fea-ad09-dcf61067161b@group-C0CB2463938C-SegmentedRaftLogWorker: created new log segment /workdir/hadoop-ozone/integration-test/target/test-dir/MiniOzoneClusterImpl-3f41681f-8054-4211-a8ce-d518c1f2066d/datanode-2/data/ratis/08b80d54-1125-4c8d-ae1a-c0cb2463938c/current/log_inprogress_0
2019-10-02 07:37:05,737 [0106732b-0d80-4fea-ad09-dcf61067161b@group-3CC9FD8846D2-LeaderElection32] INFO  server.RaftServerConfigKeys (ConfUtils.java:logGet(43)) - raft.server.watch.timeout = 10s (default)
2019-10-02 07:37:05,737 [0106732b-0d80-4fea-ad09-dcf61067161b@group-3CC9FD8846D2-LeaderElection32] INFO  server.RaftServerConfigKeys (ConfUtils.java:logGet(43)) - raft.server.watch.timeout.denomination = 1s (default)
2019-10-02 07:37:05,737 [0106732b-0d80-4fea-ad09-dcf61067161b@group-3CC9FD8846D2-LeaderElection32] INFO  server.RaftServerConfigKeys (ConfUtils.java:logGet(43)) - raft.server.watch.element-limit = 65536 (default)
2019-10-02 07:37:05,739 [0106732b-0d80-4fea-ad09-dcf61067161b@group-3CC9FD8846D2-LeaderElection32] INFO  server.RaftServerConfigKeys (ConfUtils.java:logGet(43)) - raft.server.log.appender.snapshot.chunk.size.max = 16MB (=16777216) (default)
2019-10-02 07:37:05,739 [0106732b-0d80-4fea-ad09-dcf61067161b@group-3CC9FD8846D2-LeaderElection32] INFO  server.RaftServerConfigKeys (ConfUtils.java:logGet(43)) - raft.server.log.appender.buffer.byte-limit = 33554432 (custom)
2019-10-02 07:37:05,739 [0106732b-0d80-4fea-ad09-dcf61067161b@group-3CC9FD8846D2-LeaderElection32] INFO  server.RaftServerConfigKeys (ConfUtils.java:logGet(43)) - raft.server.log.appender.buffer.element-limit = 1 (custom)
2019-10-02 07:37:05,739 [0106732b-0d80-4fea-ad09-dcf61067161b@group-3CC9FD8846D2-LeaderElection32] INFO  grpc.GrpcConfigKeys$Server (ConfUtils.java:logGet(43)) - raft.grpc.server.leader.outstanding.appends.max = 128 (default)
2019-10-02 07:37:05,740 [0106732b-0d80-4fea-ad09-dcf61067161b@group-3CC9FD8846D2-LeaderElection32] INFO  server.RaftServerConfigKeys (ConfUtils.java:logGet(43)) - raft.server.rpc.request.timeout = 3000ms (default)
2019-10-02 07:37:05,740 [0106732b-0d80-4fea-ad09-dcf61067161b@group-3CC9FD8846D2-LeaderElection32] INFO  server.RaftServerConfigKeys (ConfUtils.java:logGet(43)) - raft.server.log.appender.install.snapshot.enabled = false (custom)
2019-10-02 07:37:05,740 [0106732b-0d80-4fea-ad09-dcf61067161b@group-3CC9FD8846D2-LeaderElection32] INFO  server.RaftServerConfigKeys (ConfUtils.java:logGet(43)) - raft.server.log.appender.snapshot.chunk.size.max = 16MB (=16777216) (default)
2019-10-02 07:37:05,740 [0106732b-0d80-4fea-ad09-dcf61067161b@group-3CC9FD8846D2-LeaderElection32] INFO  server.RaftServerConfigKeys (ConfUtils.java:logGet(43)) - raft.server.log.appender.buffer.byte-limit = 33554432 (custom)
2019-10-02 07:37:05,740 [0106732b-0d80-4fea-ad09-dcf61067161b@group-3CC9FD8846D2-LeaderElection32] INFO  server.RaftServerConfigKeys (ConfUtils.java:logGet(43)) - raft.server.log.appender.buffer.element-limit = 1 (custom)
2019-10-02 07:37:05,740 [0106732b-0d80-4fea-ad09-dcf61067161b@group-3CC9FD8846D2-LeaderElection32] INFO  grpc.GrpcConfigKeys$Server (ConfUtils.java:logGet(43)) - raft.grpc.server.leader.outstanding.appends.max = 128 (default)
2019-10-02 07:37:05,740 [0106732b-0d80-4fea-ad09-dcf61067161b@group-3CC9FD8846D2-LeaderElection32] INFO  server.RaftServerConfigKeys (ConfUtils.java:logGet(43)) - raft.server.rpc.request.timeout = 3000ms (default)
2019-10-02 07:37:05,741 [0106732b-0d80-4fea-ad09-dcf61067161b@group-3CC9FD8846D2-LeaderElection32] INFO  server.RaftServerConfigKeys (ConfUtils.java:logGet(43)) - raft.server.log.appender.install.snapshot.enabled = false (custom)
2019-10-02 07:37:05,741 [0106732b-0d80-4fea-ad09-dcf61067161b@group-3CC9FD8846D2-LeaderElection32] INFO  impl.RoleInfo (RoleInfo.java:updateAndGet(143)) - 0106732b-0d80-4fea-ad09-dcf61067161b: start LeaderState
2019-10-02 07:37:05,741 [0106732b-0d80-4fea-ad09-dcf61067161b@group-3CC9FD8846D2-LeaderElection32] INFO  segmented.SegmentedRaftLogWorker (SegmentedRaftLogWorker.java:startLogSegment(385)) - 0106732b-0d80-4fea-ad09-dcf61067161b@group-3CC9FD8846D2-SegmentedRaftLogWorker: Starting segment from index:0
2019-10-02 07:37:05,742 [0106732b-0d80-4fea-ad09-dcf61067161b@group-3CC9FD8846D2-LeaderElection32] INFO  impl.RaftServerImpl (ServerState.java:setRaftConf(356)) - 0106732b-0d80-4fea-ad09-dcf61067161b@group-3CC9FD8846D2: set configuration 0: [4e72db7b-e674-4275-a804-832ad1c78127:192.168.164.211:36046, 0106732b-0d80-4fea-ad09-dcf61067161b:192.168.164.211:46720, a30d8e4d-bc7e-4402-a494-020e3abfc499:192.168.164.211:39446], old=null at 0
2019-10-02 07:37:05,743 [grpc-default-executor-4] INFO  impl.RaftServerImpl (ServerState.java:setLeader(255)) - a30d8e4d-bc7e-4402-a494-020e3abfc499@group-3CC9FD8846D2: change Leader from null to 0106732b-0d80-4fea-ad09-dcf61067161b at term 1 for appendEntries, leader elected after 5215ms
2019-10-02 07:37:05,743 [grpc-default-executor-1] INFO  impl.RaftServerImpl (ServerState.java:setLeader(255)) - 4e72db7b-e674-4275-a804-832ad1c78127@group-3CC9FD8846D2: change Leader from null to 0106732b-0d80-4fea-ad09-dcf61067161b at term 1 for appendEntries, leader elected after 5214ms
2019-10-02 07:37:05,746 [grpc-default-executor-4] INFO  impl.RaftServerImpl (ServerState.java:setRaftConf(356)) - 4e72db7b-e674-4275-a804-832ad1c78127@group-3CC9FD8846D2: set configuration 0: [4e72db7b-e674-4275-a804-832ad1c78127:192.168.164.211:36046, 0106732b-0d80-4fea-ad09-dcf61067161b:192.168.164.211:46720, a30d8e4d-bc7e-4402-a494-020e3abfc499:192.168.164.211:39446], old=null at 0
2019-10-02 07:37:05,746 [grpc-default-executor-4] INFO  segmented.SegmentedRaftLogWorker (SegmentedRaftLogWorker.java:startLogSegment(385)) - 4e72db7b-e674-4275-a804-832ad1c78127@group-3CC9FD8846D2-SegmentedRaftLogWorker: Starting segment from index:0
2019-10-02 07:37:05,747 [grpc-default-executor-1] INFO  impl.RaftServerImpl (ServerState.java:setRaftConf(356)) - a30d8e4d-bc7e-4402-a494-020e3abfc499@group-3CC9FD8846D2: set configuration 0: [4e72db7b-e674-4275-a804-832ad1c78127:192.168.164.211:36046, 0106732b-0d80-4fea-ad09-dcf61067161b:192.168.164.211:46720, a30d8e4d-bc7e-4402-a494-020e3abfc499:192.168.164.211:39446], old=null at 0
2019-10-02 07:37:05,747 [grpc-default-executor-1] INFO  segmented.SegmentedRaftLogWorker (SegmentedRaftLogWorker.java:startLogSegment(385)) - a30d8e4d-bc7e-4402-a494-020e3abfc499@group-3CC9FD8846D2-SegmentedRaftLogWorker: Starting segment from index:0
2019-10-02 07:37:05,758 [Thread-1435] INFO  impl.FollowerState (FollowerState.java:run(108)) - d54e5ec9-dbdf-4cc4-af70-70ef71242697@group-9AC22D5AC248-FollowerState: change to CANDIDATE, lastRpcTime:5163ms, electionTimeout:5163ms
2019-10-02 07:37:05,759 [Thread-1435] INFO  impl.RoleInfo (RoleInfo.java:shutdownFollowerState(121)) - d54e5ec9-dbdf-4cc4-af70-70ef71242697: shutdown FollowerState
2019-10-02 07:37:05,759 [Thread-1435] INFO  impl.RaftServerImpl (RaftServerImpl.java:setRole(170)) - d54e5ec9-dbdf-4cc4-af70-70ef71242697@group-9AC22D5AC248: changes role from  FOLLOWER to CANDIDATE at term 0 for changeToCandidate
2019-10-02 07:37:05,759 [Thread-1435] INFO  impl.RoleInfo (RoleInfo.java:updateAndGet(143)) - d54e5ec9-dbdf-4cc4-af70-70ef71242697: start LeaderElection
2019-10-02 07:37:05,788 [877c1e29-213f-4e3e-ace5-02a222c8c7a5@group-FBF3A30E57C3-LeaderElection36] INFO  impl.LeaderElection (LeaderElection.java:askForVotes(178)) - 877c1e29-213f-4e3e-ace5-02a222c8c7a5@group-FBF3A30E57C3-LeaderElection36: begin an election at term 1 for -1: [877c1e29-213f-4e3e-ace5-02a222c8c7a5:192.168.164.211:33703], old=null
2019-10-02 07:37:05,788 [877c1e29-213f-4e3e-ace5-02a222c8c7a5@group-FBF3A30E57C3-LeaderElection36] INFO  impl.RoleInfo (RoleInfo.java:shutdownLeaderElection(134)) - 877c1e29-213f-4e3e-ace5-02a222c8c7a5: shutdown LeaderElection
2019-10-02 07:37:05,788 [877c1e29-213f-4e3e-ace5-02a222c8c7a5@group-FBF3A30E57C3-LeaderElection36] INFO  impl.RaftServerImpl (RaftServerImpl.java:setRole(170)) - 877c1e29-213f-4e3e-ace5-02a222c8c7a5@group-FBF3A30E57C3: changes role from CANDIDATE to LEADER at term 1 for changeToLeader
2019-10-02 07:37:05,789 [877c1e29-213f-4e3e-ace5-02a222c8c7a5@group-FBF3A30E57C3-LeaderElection36] INFO  impl.RaftServerImpl (ServerState.java:setLeader(255)) - 877c1e29-213f-4e3e-ace5-02a222c8c7a5@group-FBF3A30E57C3: change Leader from null to 877c1e29-213f-4e3e-ace5-02a222c8c7a5 at term 1 for becomeLeader, leader elected after 5150ms
2019-10-02 07:37:05,789 [877c1e29-213f-4e3e-ace5-02a222c8c7a5@group-FBF3A30E57C3-LeaderElection36] INFO  server.RaftServerConfigKeys (ConfUtils.java:logGet(43)) - raft.server.staging.catchup.gap = 1000 (default)
2019-10-02 07:37:05,789 [877c1e29-213f-4e3e-ace5-02a222c8c7a5@group-FBF3A30E57C3-LeaderElection36] INFO  server.RaftServerConfigKeys (ConfUtils.java:logGet(43)) - raft.server.rpc.sleep.time = 25ms (default)
2019-10-02 07:37:05,789 [877c1e29-213f-4e3e-ace5-02a222c8c7a5@group-FBF3A30E57C3-LeaderElection36] INFO  server.RaftServerConfigKeys (ConfUtils.java:logGet(43)) - raft.server.write.element-limit = 4096 (default)
2019-10-02 07:37:05,789 [877c1e29-213f-4e3e-ace5-02a222c8c7a5@group-FBF3A30E57C3-LeaderElection36] INFO  server.RaftServerConfigKeys (ConfUtils.java:logGet(43)) - raft.server.watch.timeout = 10s (default)
2019-10-02 07:37:05,789 [877c1e29-213f-4e3e-ace5-02a222c8c7a5@group-FBF3A30E57C3-LeaderElection36] INFO  server.RaftServerConfigKeys (ConfUtils.java:logGet(43)) - raft.server.watch.timeout.denomination = 1s (default)
2019-10-02 07:37:05,789 [877c1e29-213f-4e3e-ace5-02a222c8c7a5@group-FBF3A30E57C3-LeaderElection36] INFO  server.RaftServerConfigKeys (ConfUtils.java:logGet(43)) - raft.server.watch.element-limit = 65536 (default)
2019-10-02 07:37:05,791 [877c1e29-213f-4e3e-ace5-02a222c8c7a5@group-FBF3A30E57C3-LeaderElection36] INFO  impl.RoleInfo (RoleInfo.java:updateAndGet(143)) - 877c1e29-213f-4e3e-ace5-02a222c8c7a5: start LeaderState
2019-10-02 07:37:05,792 [877c1e29-213f-4e3e-ace5-02a222c8c7a5@group-FBF3A30E57C3-LeaderElection36] INFO  segmented.SegmentedRaftLogWorker (SegmentedRaftLogWorker.java:startLogSegment(385)) - 877c1e29-213f-4e3e-ace5-02a222c8c7a5@group-FBF3A30E57C3-SegmentedRaftLogWorker: Starting segment from index:0
2019-10-02 07:37:05,792 [877c1e29-213f-4e3e-ace5-02a222c8c7a5@group-FBF3A30E57C3-LeaderElection36] INFO  impl.RaftServerImpl (ServerState.java:setRaftConf(356)) - 877c1e29-213f-4e3e-ace5-02a222c8c7a5@group-FBF3A30E57C3: set configuration 0: [877c1e29-213f-4e3e-ace5-02a222c8c7a5:192.168.164.211:33703], old=null at 0
2019-10-02 07:37:05,810 [0106732b-0d80-4fea-ad09-dcf61067161b@group-3CC9FD8846D2-SegmentedRaftLogWorker] INFO  segmented.SegmentedRaftLogWorker (SegmentedRaftLogWorker.java:execute(574)) - 0106732b-0d80-4fea-ad09-dcf61067161b@group-3CC9FD8846D2-SegmentedRaftLogWorker: created new log segment /workdir/hadoop-ozone/integration-test/target/test-dir/MiniOzoneClusterImpl-3f41681f-8054-4211-a8ce-d518c1f2066d/datanode-2/data/ratis/cb99af9d-dc46-4a2b-a74b-3cc9fd8846d2/current/log_inprogress_0
2019-10-02 07:37:05,810 [d54e5ec9-dbdf-4cc4-af70-70ef71242697@group-9AC22D5AC248-LeaderElection37] INFO  impl.LeaderElection (LeaderElection.java:askForVotes(178)) - d54e5ec9-dbdf-4cc4-af70-70ef71242697@group-9AC22D5AC248-LeaderElection37: begin an election at term 1 for -1: [d54e5ec9-dbdf-4cc4-af70-70ef71242697:192.168.164.211:37211], old=null
2019-10-02 07:37:05,810 [a30d8e4d-bc7e-4402-a494-020e3abfc499@group-3CC9FD8846D2-SegmentedRaftLogWorker] INFO  segmented.SegmentedRaftLogWorker (SegmentedRaftLogWorker.java:execute(574)) - a30d8e4d-bc7e-4402-a494-020e3abfc499@group-3CC9FD8846D2-SegmentedRaftLogWorker: created new log segment /workdir/hadoop-ozone/integration-test/target/test-dir/MiniOzoneClusterImpl-3f41681f-8054-4211-a8ce-d518c1f2066d/datanode-1/data/ratis/cb99af9d-dc46-4a2b-a74b-3cc9fd8846d2/current/log_inprogress_0
2019-10-02 07:37:05,810 [4e72db7b-e674-4275-a804-832ad1c78127@group-3CC9FD8846D2-SegmentedRaftLogWorker] INFO  segmented.SegmentedRaftLogWorker (SegmentedRaftLogWorker.java:execute(574)) - 4e72db7b-e674-4275-a804-832ad1c78127@group-3CC9FD8846D2-SegmentedRaftLogWorker: created new log segment /workdir/hadoop-ozone/integration-test/target/test-dir/MiniOzoneClusterImpl-3f41681f-8054-4211-a8ce-d518c1f2066d/datanode-0/data/ratis/cb99af9d-dc46-4a2b-a74b-3cc9fd8846d2/current/log_inprogress_0
2019-10-02 07:37:05,810 [d54e5ec9-dbdf-4cc4-af70-70ef71242697@group-9AC22D5AC248-LeaderElection37] INFO  impl.RoleInfo (RoleInfo.java:shutdownLeaderElection(134)) - d54e5ec9-dbdf-4cc4-af70-70ef71242697: shutdown LeaderElection
2019-10-02 07:37:05,810 [d54e5ec9-dbdf-4cc4-af70-70ef71242697@group-9AC22D5AC248-LeaderElection37] INFO  impl.RaftServerImpl (RaftServerImpl.java:setRole(170)) - d54e5ec9-dbdf-4cc4-af70-70ef71242697@group-9AC22D5AC248: changes role from CANDIDATE to LEADER at term 1 for changeToLeader
2019-10-02 07:37:05,810 [d54e5ec9-dbdf-4cc4-af70-70ef71242697@group-9AC22D5AC248-LeaderElection37] INFO  impl.RaftServerImpl (ServerState.java:setLeader(255)) - d54e5ec9-dbdf-4cc4-af70-70ef71242697@group-9AC22D5AC248: change Leader from null to d54e5ec9-dbdf-4cc4-af70-70ef71242697 at term 1 for becomeLeader, leader elected after 5220ms
2019-10-02 07:37:05,810 [d54e5ec9-dbdf-4cc4-af70-70ef71242697@group-9AC22D5AC248-LeaderElection37] INFO  server.RaftServerConfigKeys (ConfUtils.java:logGet(43)) - raft.server.staging.catchup.gap = 1000 (default)
2019-10-02 07:37:05,810 [d54e5ec9-dbdf-4cc4-af70-70ef71242697@group-9AC22D5AC248-LeaderElection37] INFO  server.RaftServerConfigKeys (ConfUtils.java:logGet(43)) - raft.server.rpc.sleep.time = 25ms (default)
2019-10-02 07:37:05,811 [d54e5ec9-dbdf-4cc4-af70-70ef71242697@group-9AC22D5AC248-LeaderElection37] INFO  server.RaftServerConfigKeys (ConfUtils.java:logGet(43)) - raft.server.write.element-limit = 4096 (default)
2019-10-02 07:37:05,811 [d54e5ec9-dbdf-4cc4-af70-70ef71242697@group-9AC22D5AC248-LeaderElection37] INFO  server.RaftServerConfigKeys (ConfUtils.java:logGet(43)) - raft.server.watch.timeout = 10s (default)
2019-10-02 07:37:05,811 [d54e5ec9-dbdf-4cc4-af70-70ef71242697@group-9AC22D5AC248-LeaderElection37] INFO  server.RaftServerConfigKeys (ConfUtils.java:logGet(43)) - raft.server.watch.timeout.denomination = 1s (default)
2019-10-02 07:37:05,811 [d54e5ec9-dbdf-4cc4-af70-70ef71242697@group-9AC22D5AC248-LeaderElection37] INFO  server.RaftServerConfigKeys (ConfUtils.java:logGet(43)) - raft.server.watch.element-limit = 65536 (default)
2019-10-02 07:37:05,812 [d54e5ec9-dbdf-4cc4-af70-70ef71242697@group-9AC22D5AC248-LeaderElection37] INFO  impl.RoleInfo (RoleInfo.java:updateAndGet(143)) - d54e5ec9-dbdf-4cc4-af70-70ef71242697: start LeaderState
2019-10-02 07:37:05,813 [d54e5ec9-dbdf-4cc4-af70-70ef71242697@group-9AC22D5AC248-LeaderElection37] INFO  segmented.SegmentedRaftLogWorker (SegmentedRaftLogWorker.java:startLogSegment(385)) - d54e5ec9-dbdf-4cc4-af70-70ef71242697@group-9AC22D5AC248-SegmentedRaftLogWorker: Starting segment from index:0
2019-10-02 07:37:05,813 [d54e5ec9-dbdf-4cc4-af70-70ef71242697@group-9AC22D5AC248-LeaderElection37] INFO  impl.RaftServerImpl (ServerState.java:setRaftConf(356)) - d54e5ec9-dbdf-4cc4-af70-70ef71242697@group-9AC22D5AC248: set configuration 0: [d54e5ec9-dbdf-4cc4-af70-70ef71242697:192.168.164.211:37211], old=null at 0
2019-10-02 07:37:05,835 [877c1e29-213f-4e3e-ace5-02a222c8c7a5@group-FBF3A30E57C3-SegmentedRaftLogWorker] INFO  segmented.SegmentedRaftLogWorker (SegmentedRaftLogWorker.java:execute(574)) - 877c1e29-213f-4e3e-ace5-02a222c8c7a5@group-FBF3A30E57C3-SegmentedRaftLogWorker: created new log segment /workdir/hadoop-ozone/integration-test/target/test-dir/MiniOzoneClusterImpl-3f41681f-8054-4211-a8ce-d518c1f2066d/datanode-4/data/ratis/028cd8c0-c1c6-4593-a642-fbf3a30e57c3/current/log_inprogress_0
2019-10-02 07:37:05,848 [d54e5ec9-dbdf-4cc4-af70-70ef71242697@group-9AC22D5AC248-SegmentedRaftLogWorker] INFO  segmented.SegmentedRaftLogWorker (SegmentedRaftLogWorker.java:execute(574)) - d54e5ec9-dbdf-4cc4-af70-70ef71242697@group-9AC22D5AC248-SegmentedRaftLogWorker: created new log segment /workdir/hadoop-ozone/integration-test/target/test-dir/MiniOzoneClusterImpl-3f41681f-8054-4211-a8ce-d518c1f2066d/datanode-3/data/ratis/3ea5359d-af3d-4a58-8c0f-9ac22d5ac248/current/log_inprogress_0
2019-10-02 07:37:05,860 [Thread-1443] INFO  impl.FollowerState (FollowerState.java:run(108)) - 36b8fa0f-cccd-4cea-ae0d-28616d15ce66@group-BA937D2181F0-FollowerState: change to CANDIDATE, lastRpcTime:5131ms, electionTimeout:5131ms
2019-10-02 07:37:05,860 [Thread-1443] INFO  impl.RoleInfo (RoleInfo.java:shutdownFollowerState(121)) - 36b8fa0f-cccd-4cea-ae0d-28616d15ce66: shutdown FollowerState
2019-10-02 07:37:05,860 [Thread-1443] INFO  impl.RaftServerImpl (RaftServerImpl.java:setRole(170)) - 36b8fa0f-cccd-4cea-ae0d-28616d15ce66@group-BA937D2181F0: changes role from  FOLLOWER to CANDIDATE at term 0 for changeToCandidate
2019-10-02 07:37:05,860 [Thread-1443] INFO  impl.RoleInfo (RoleInfo.java:updateAndGet(143)) - 36b8fa0f-cccd-4cea-ae0d-28616d15ce66: start LeaderElection
2019-10-02 07:37:05,881 [36b8fa0f-cccd-4cea-ae0d-28616d15ce66@group-BA937D2181F0-LeaderElection38] INFO  impl.LeaderElection (LeaderElection.java:askForVotes(178)) - 36b8fa0f-cccd-4cea-ae0d-28616d15ce66@group-BA937D2181F0-LeaderElection38: begin an election at term 1 for -1: [36b8fa0f-cccd-4cea-ae0d-28616d15ce66:192.168.164.211:45402], old=null
2019-10-02 07:37:05,881 [36b8fa0f-cccd-4cea-ae0d-28616d15ce66@group-BA937D2181F0-LeaderElection38] INFO  impl.RoleInfo (RoleInfo.java:shutdownLeaderElection(134)) - 36b8fa0f-cccd-4cea-ae0d-28616d15ce66: shutdown LeaderElection
2019-10-02 07:37:05,881 [36b8fa0f-cccd-4cea-ae0d-28616d15ce66@group-BA937D2181F0-LeaderElection38] INFO  impl.RaftServerImpl (RaftServerImpl.java:setRole(170)) - 36b8fa0f-cccd-4cea-ae0d-28616d15ce66@group-BA937D2181F0: changes role from CANDIDATE to LEADER at term 1 for changeToLeader
2019-10-02 07:37:05,881 [36b8fa0f-cccd-4cea-ae0d-28616d15ce66@group-BA937D2181F0-LeaderElection38] INFO  impl.RaftServerImpl (ServerState.java:setLeader(255)) - 36b8fa0f-cccd-4cea-ae0d-28616d15ce66@group-BA937D2181F0: change Leader from null to 36b8fa0f-cccd-4cea-ae0d-28616d15ce66 at term 1 for becomeLeader, leader elected after 5169ms
2019-10-02 07:37:05,881 [36b8fa0f-cccd-4cea-ae0d-28616d15ce66@group-BA937D2181F0-LeaderElection38] INFO  server.RaftServerConfigKeys (ConfUtils.java:logGet(43)) - raft.server.staging.catchup.gap = 1000 (default)
2019-10-02 07:37:05,881 [36b8fa0f-cccd-4cea-ae0d-28616d15ce66@group-BA937D2181F0-LeaderElection38] INFO  server.RaftServerConfigKeys (ConfUtils.java:logGet(43)) - raft.server.rpc.sleep.time = 25ms (default)
2019-10-02 07:37:05,882 [36b8fa0f-cccd-4cea-ae0d-28616d15ce66@group-BA937D2181F0-LeaderElection38] INFO  server.RaftServerConfigKeys (ConfUtils.java:logGet(43)) - raft.server.write.element-limit = 4096 (default)
2019-10-02 07:37:05,882 [36b8fa0f-cccd-4cea-ae0d-28616d15ce66@group-BA937D2181F0-LeaderElection38] INFO  server.RaftServerConfigKeys (ConfUtils.java:logGet(43)) - raft.server.watch.timeout = 10s (default)
2019-10-02 07:37:05,882 [36b8fa0f-cccd-4cea-ae0d-28616d15ce66@group-BA937D2181F0-LeaderElection38] INFO  server.RaftServerConfigKeys (ConfUtils.java:logGet(43)) - raft.server.watch.timeout.denomination = 1s (default)
2019-10-02 07:37:05,882 [36b8fa0f-cccd-4cea-ae0d-28616d15ce66@group-BA937D2181F0-LeaderElection38] INFO  server.RaftServerConfigKeys (ConfUtils.java:logGet(43)) - raft.server.watch.element-limit = 65536 (default)
2019-10-02 07:37:05,883 [36b8fa0f-cccd-4cea-ae0d-28616d15ce66@group-BA937D2181F0-LeaderElection38] INFO  impl.RoleInfo (RoleInfo.java:updateAndGet(143)) - 36b8fa0f-cccd-4cea-ae0d-28616d15ce66: start LeaderState
2019-10-02 07:37:05,884 [36b8fa0f-cccd-4cea-ae0d-28616d15ce66@group-BA937D2181F0-LeaderElection38] INFO  segmented.SegmentedRaftLogWorker (SegmentedRaftLogWorker.java:startLogSegment(385)) - 36b8fa0f-cccd-4cea-ae0d-28616d15ce66@group-BA937D2181F0-SegmentedRaftLogWorker: Starting segment from index:0
2019-10-02 07:37:05,884 [36b8fa0f-cccd-4cea-ae0d-28616d15ce66@group-BA937D2181F0-LeaderElection38] INFO  impl.RaftServerImpl (ServerState.java:setRaftConf(356)) - 36b8fa0f-cccd-4cea-ae0d-28616d15ce66@group-BA937D2181F0: set configuration 0: [36b8fa0f-cccd-4cea-ae0d-28616d15ce66:192.168.164.211:45402], old=null at 0
2019-10-02 07:37:05,924 [36b8fa0f-cccd-4cea-ae0d-28616d15ce66@group-BA937D2181F0-SegmentedRaftLogWorker] INFO  segmented.SegmentedRaftLogWorker (SegmentedRaftLogWorker.java:execute(574)) - 36b8fa0f-cccd-4cea-ae0d-28616d15ce66@group-BA937D2181F0-SegmentedRaftLogWorker: created new log segment /workdir/hadoop-ozone/integration-test/target/test-dir/MiniOzoneClusterImpl-3f41681f-8054-4211-a8ce-d518c1f2066d/datanode-5/data/ratis/bc0f0268-f510-4010-932c-ba937d2181f0/current/log_inprogress_0
2019-10-02 07:37:05,926 [Thread-1449] INFO  impl.FollowerState (FollowerState.java:run(108)) - 877c1e29-213f-4e3e-ace5-02a222c8c7a5@group-8B9B2962CD1F-FollowerState: change to CANDIDATE, lastRpcTime:5076ms, electionTimeout:5076ms
2019-10-02 07:37:05,926 [Thread-1449] INFO  impl.RoleInfo (RoleInfo.java:shutdownFollowerState(121)) - 877c1e29-213f-4e3e-ace5-02a222c8c7a5: shutdown FollowerState
2019-10-02 07:37:05,926 [Thread-1449] INFO  impl.RaftServerImpl (RaftServerImpl.java:setRole(170)) - 877c1e29-213f-4e3e-ace5-02a222c8c7a5@group-8B9B2962CD1F: changes role from  FOLLOWER to CANDIDATE at term 0 for changeToCandidate
2019-10-02 07:37:05,927 [Thread-1449] INFO  impl.RoleInfo (RoleInfo.java:updateAndGet(143)) - 877c1e29-213f-4e3e-ace5-02a222c8c7a5: start LeaderElection
2019-10-02 07:37:05,933 [Thread-1446] INFO  impl.FollowerState (FollowerState.java:run(108)) - 6fd6eee1-0931-460a-9d60-5fc0679329ea@group-8A7205DE81A5-FollowerState: change to CANDIDATE, lastRpcTime:5152ms, electionTimeout:5152ms
2019-10-02 07:37:05,933 [Thread-1446] INFO  impl.RoleInfo (RoleInfo.java:shutdownFollowerState(121)) - 6fd6eee1-0931-460a-9d60-5fc0679329ea: shutdown FollowerState
2019-10-02 07:37:05,933 [Thread-1446] INFO  impl.RaftServerImpl (RaftServerImpl.java:setRole(170)) - 6fd6eee1-0931-460a-9d60-5fc0679329ea@group-8A7205DE81A5: changes role from  FOLLOWER to CANDIDATE at term 0 for changeToCandidate
2019-10-02 07:37:05,933 [Thread-1446] INFO  impl.RoleInfo (RoleInfo.java:updateAndGet(143)) - 6fd6eee1-0931-460a-9d60-5fc0679329ea: start LeaderElection
2019-10-02 07:37:05,939 [877c1e29-213f-4e3e-ace5-02a222c8c7a5@group-8B9B2962CD1F-LeaderElection39] INFO  impl.LeaderElection (LeaderElection.java:askForVotes(178)) - 877c1e29-213f-4e3e-ace5-02a222c8c7a5@group-8B9B2962CD1F-LeaderElection39: begin an election at term 1 for -1: [877c1e29-213f-4e3e-ace5-02a222c8c7a5:192.168.164.211:33703, 6fd6eee1-0931-460a-9d60-5fc0679329ea:192.168.164.211:39538, d54e5ec9-dbdf-4cc4-af70-70ef71242697:192.168.164.211:37211], old=null
2019-10-02 07:37:05,951 [grpc-default-executor-1] INFO  impl.RaftServerImpl (RaftServerImpl.java:setRole(170)) - 6fd6eee1-0931-460a-9d60-5fc0679329ea@group-8B9B2962CD1F: changes role from  FOLLOWER to FOLLOWER at term 1 for recognizeCandidate:877c1e29-213f-4e3e-ace5-02a222c8c7a5
2019-10-02 07:37:05,951 [grpc-default-executor-1] INFO  impl.RoleInfo (RoleInfo.java:shutdownFollowerState(121)) - 6fd6eee1-0931-460a-9d60-5fc0679329ea: shutdown FollowerState
2019-10-02 07:37:05,951 [grpc-default-executor-1] INFO  impl.RoleInfo (RoleInfo.java:updateAndGet(143)) - 6fd6eee1-0931-460a-9d60-5fc0679329ea: start FollowerState
2019-10-02 07:37:05,952 [Thread-1452] INFO  impl.FollowerState (FollowerState.java:run(117)) - 6fd6eee1-0931-460a-9d60-5fc0679329ea@group-8B9B2962CD1F-FollowerState was interrupted: java.lang.InterruptedException: sleep interrupted
2019-10-02 07:37:05,956 [grpc-default-executor-4] INFO  impl.RaftServerImpl (RaftServerImpl.java:setRole(170)) - d54e5ec9-dbdf-4cc4-af70-70ef71242697@group-8B9B2962CD1F: changes role from  FOLLOWER to FOLLOWER at term 1 for recognizeCandidate:877c1e29-213f-4e3e-ace5-02a222c8c7a5
2019-10-02 07:37:05,956 [grpc-default-executor-4] INFO  impl.RoleInfo (RoleInfo.java:shutdownFollowerState(121)) - d54e5ec9-dbdf-4cc4-af70-70ef71242697: shutdown FollowerState
2019-10-02 07:37:05,957 [grpc-default-executor-4] INFO  impl.RoleInfo (RoleInfo.java:updateAndGet(143)) - d54e5ec9-dbdf-4cc4-af70-70ef71242697: start FollowerState
2019-10-02 07:37:05,957 [Thread-1453] INFO  impl.FollowerState (FollowerState.java:run(117)) - d54e5ec9-dbdf-4cc4-af70-70ef71242697@group-8B9B2962CD1F-FollowerState was interrupted: java.lang.InterruptedException: sleep interrupted
2019-10-02 07:37:05,972 [6fd6eee1-0931-460a-9d60-5fc0679329ea@group-8A7205DE81A5-LeaderElection40] INFO  impl.LeaderElection (LeaderElection.java:askForVotes(178)) - 6fd6eee1-0931-460a-9d60-5fc0679329ea@group-8A7205DE81A5-LeaderElection40: begin an election at term 1 for -1: [6fd6eee1-0931-460a-9d60-5fc0679329ea:192.168.164.211:39538], old=null
2019-10-02 07:37:05,972 [6fd6eee1-0931-460a-9d60-5fc0679329ea@group-8A7205DE81A5-LeaderElection40] INFO  impl.RoleInfo (RoleInfo.java:shutdownLeaderElection(134)) - 6fd6eee1-0931-460a-9d60-5fc0679329ea: shutdown LeaderElection
2019-10-02 07:37:05,972 [6fd6eee1-0931-460a-9d60-5fc0679329ea@group-8A7205DE81A5-LeaderElection40] INFO  impl.RaftServerImpl (RaftServerImpl.java:setRole(170)) - 6fd6eee1-0931-460a-9d60-5fc0679329ea@group-8A7205DE81A5: changes role from CANDIDATE to LEADER at term 1 for changeToLeader
2019-10-02 07:37:05,972 [6fd6eee1-0931-460a-9d60-5fc0679329ea@group-8A7205DE81A5-LeaderElection40] INFO  impl.RaftServerImpl (ServerState.java:setLeader(255)) - 6fd6eee1-0931-460a-9d60-5fc0679329ea@group-8A7205DE81A5: change Leader from null to 6fd6eee1-0931-460a-9d60-5fc0679329ea at term 1 for becomeLeader, leader elected after 5198ms
2019-10-02 07:37:05,973 [6fd6eee1-0931-460a-9d60-5fc0679329ea@group-8A7205DE81A5-LeaderElection40] INFO  server.RaftServerConfigKeys (ConfUtils.java:logGet(43)) - raft.server.staging.catchup.gap = 1000 (default)
2019-10-02 07:37:05,973 [6fd6eee1-0931-460a-9d60-5fc0679329ea@group-8A7205DE81A5-LeaderElection40] INFO  server.RaftServerConfigKeys (ConfUtils.java:logGet(43)) - raft.server.rpc.sleep.time = 25ms (default)
2019-10-02 07:37:05,973 [6fd6eee1-0931-460a-9d60-5fc0679329ea@group-8A7205DE81A5-LeaderElection40] INFO  server.RaftServerConfigKeys (ConfUtils.java:logGet(43)) - raft.server.write.element-limit = 4096 (default)
2019-10-02 07:37:05,973 [6fd6eee1-0931-460a-9d60-5fc0679329ea@group-8A7205DE81A5-LeaderElection40] INFO  server.RaftServerConfigKeys (ConfUtils.java:logGet(43)) - raft.server.watch.timeout = 10s (default)
2019-10-02 07:37:05,973 [6fd6eee1-0931-460a-9d60-5fc0679329ea@group-8A7205DE81A5-LeaderElection40] INFO  server.RaftServerConfigKeys (ConfUtils.java:logGet(43)) - raft.server.watch.timeout.denomination = 1s (default)
2019-10-02 07:37:05,973 [877c1e29-213f-4e3e-ace5-02a222c8c7a5@group-8B9B2962CD1F-LeaderElection39] INFO  impl.LeaderElection (LeaderElection.java:logAndReturn(56)) - 877c1e29-213f-4e3e-ace5-02a222c8c7a5@group-8B9B2962CD1F-LeaderElection39: Election PASSED; received 1 response(s) [877c1e29-213f-4e3e-ace5-02a222c8c7a5<-6fd6eee1-0931-460a-9d60-5fc0679329ea#0:OK-t1] and 0 exception(s); 877c1e29-213f-4e3e-ace5-02a222c8c7a5@group-8B9B2962CD1F:t1, leader=null, voted=877c1e29-213f-4e3e-ace5-02a222c8c7a5, raftlog=877c1e29-213f-4e3e-ace5-02a222c8c7a5@group-8B9B2962CD1F-SegmentedRaftLog:OPENED:c-1,f-1,i0, conf=-1: [877c1e29-213f-4e3e-ace5-02a222c8c7a5:192.168.164.211:33703, 6fd6eee1-0931-460a-9d60-5fc0679329ea:192.168.164.211:39538, d54e5ec9-dbdf-4cc4-af70-70ef71242697:192.168.164.211:37211], old=null
2019-10-02 07:37:05,973 [6fd6eee1-0931-460a-9d60-5fc0679329ea@group-8A7205DE81A5-LeaderElection40] INFO  server.RaftServerConfigKeys (ConfUtils.java:logGet(43)) - raft.server.watch.element-limit = 65536 (default)
2019-10-02 07:37:05,973 [877c1e29-213f-4e3e-ace5-02a222c8c7a5@group-8B9B2962CD1F-LeaderElection39] INFO  impl.RoleInfo (RoleInfo.java:shutdownLeaderElection(134)) - 877c1e29-213f-4e3e-ace5-02a222c8c7a5: shutdown LeaderElection
2019-10-02 07:37:05,975 [877c1e29-213f-4e3e-ace5-02a222c8c7a5@group-8B9B2962CD1F-LeaderElection39] INFO  impl.RaftServerImpl (RaftServerImpl.java:setRole(170)) - 877c1e29-213f-4e3e-ace5-02a222c8c7a5@group-8B9B2962CD1F: changes role from CANDIDATE to LEADER at term 1 for changeToLeader
2019-10-02 07:37:05,976 [877c1e29-213f-4e3e-ace5-02a222c8c7a5@group-8B9B2962CD1F-LeaderElection39] INFO  impl.RaftServerImpl (ServerState.java:setLeader(255)) - 877c1e29-213f-4e3e-ace5-02a222c8c7a5@group-8B9B2962CD1F: change Leader from null to 877c1e29-213f-4e3e-ace5-02a222c8c7a5 at term 1 for becomeLeader, leader elected after 5132ms
2019-10-02 07:37:05,976 [877c1e29-213f-4e3e-ace5-02a222c8c7a5@group-8B9B2962CD1F-LeaderElection39] INFO  server.RaftServerConfigKeys (ConfUtils.java:logGet(43)) - raft.server.staging.catchup.gap = 1000 (default)
2019-10-02 07:37:05,976 [877c1e29-213f-4e3e-ace5-02a222c8c7a5@group-8B9B2962CD1F-LeaderElection39] INFO  server.RaftServerConfigKeys (ConfUtils.java:logGet(43)) - raft.server.rpc.sleep.time = 25ms (default)
2019-10-02 07:37:05,976 [877c1e29-213f-4e3e-ace5-02a222c8c7a5@group-8B9B2962CD1F-LeaderElection39] INFO  server.RaftServerConfigKeys (ConfUtils.java:logGet(43)) - raft.server.write.element-limit = 4096 (default)
2019-10-02 07:37:05,976 [877c1e29-213f-4e3e-ace5-02a222c8c7a5@group-8B9B2962CD1F-LeaderElection39] INFO  server.RaftServerConfigKeys (ConfUtils.java:logGet(43)) - raft.server.watch.timeout = 10s (default)
2019-10-02 07:37:05,976 [877c1e29-213f-4e3e-ace5-02a222c8c7a5@group-8B9B2962CD1F-LeaderElection39] INFO  server.RaftServerConfigKeys (ConfUtils.java:logGet(43)) - raft.server.watch.timeout.denomination = 1s (default)
2019-10-02 07:37:05,976 [877c1e29-213f-4e3e-ace5-02a222c8c7a5@group-8B9B2962CD1F-LeaderElection39] INFO  server.RaftServerConfigKeys (ConfUtils.java:logGet(43)) - raft.server.watch.element-limit = 65536 (default)
2019-10-02 07:37:05,977 [6fd6eee1-0931-460a-9d60-5fc0679329ea@group-8A7205DE81A5-LeaderElection40] INFO  impl.RoleInfo (RoleInfo.java:updateAndGet(143)) - 6fd6eee1-0931-460a-9d60-5fc0679329ea: start LeaderState
2019-10-02 07:37:05,977 [6fd6eee1-0931-460a-9d60-5fc0679329ea@group-8A7205DE81A5-LeaderElection40] INFO  segmented.SegmentedRaftLogWorker (SegmentedRaftLogWorker.java:startLogSegment(385)) - 6fd6eee1-0931-460a-9d60-5fc0679329ea@group-8A7205DE81A5-SegmentedRaftLogWorker: Starting segment from index:0
2019-10-02 07:37:05,978 [6fd6eee1-0931-460a-9d60-5fc0679329ea@group-8A7205DE81A5-LeaderElection40] INFO  impl.RaftServerImpl (ServerState.java:setRaftConf(356)) - 6fd6eee1-0931-460a-9d60-5fc0679329ea@group-8A7205DE81A5: set configuration 0: [6fd6eee1-0931-460a-9d60-5fc0679329ea:192.168.164.211:39538], old=null at 0
2019-10-02 07:37:05,978 [877c1e29-213f-4e3e-ace5-02a222c8c7a5@group-8B9B2962CD1F-LeaderElection39] INFO  server.RaftServerConfigKeys (ConfUtils.java:logGet(43)) - raft.server.log.appender.snapshot.chunk.size.max = 16MB (=16777216) (default)
2019-10-02 07:37:05,978 [877c1e29-213f-4e3e-ace5-02a222c8c7a5@group-8B9B2962CD1F-LeaderElection39] INFO  server.RaftServerConfigKeys (ConfUtils.java:logGet(43)) - raft.server.log.appender.buffer.byte-limit = 33554432 (custom)
2019-10-02 07:37:05,979 [877c1e29-213f-4e3e-ace5-02a222c8c7a5@group-8B9B2962CD1F-LeaderElection39] INFO  server.RaftServerConfigKeys (ConfUtils.java:logGet(43)) - raft.server.log.appender.buffer.element-limit = 1 (custom)
2019-10-02 07:37:05,979 [877c1e29-213f-4e3e-ace5-02a222c8c7a5@group-8B9B2962CD1F-LeaderElection39] INFO  grpc.GrpcConfigKeys$Server (ConfUtils.java:logGet(43)) - raft.grpc.server.leader.outstanding.appends.max = 128 (default)
2019-10-02 07:37:05,979 [877c1e29-213f-4e3e-ace5-02a222c8c7a5@group-8B9B2962CD1F-LeaderElection39] INFO  server.RaftServerConfigKeys (ConfUtils.java:logGet(43)) - raft.server.rpc.request.timeout = 3000ms (default)
2019-10-02 07:37:05,979 [877c1e29-213f-4e3e-ace5-02a222c8c7a5@group-8B9B2962CD1F-LeaderElection39] INFO  server.RaftServerConfigKeys (ConfUtils.java:logGet(43)) - raft.server.log.appender.install.snapshot.enabled = false (custom)
2019-10-02 07:37:05,979 [877c1e29-213f-4e3e-ace5-02a222c8c7a5@group-8B9B2962CD1F-LeaderElection39] INFO  server.RaftServerConfigKeys (ConfUtils.java:logGet(43)) - raft.server.log.appender.snapshot.chunk.size.max = 16MB (=16777216) (default)
2019-10-02 07:37:05,979 [877c1e29-213f-4e3e-ace5-02a222c8c7a5@group-8B9B2962CD1F-LeaderElection39] INFO  server.RaftServerConfigKeys (ConfUtils.java:logGet(43)) - raft.server.log.appender.buffer.byte-limit = 33554432 (custom)
2019-10-02 07:37:05,980 [877c1e29-213f-4e3e-ace5-02a222c8c7a5@group-8B9B2962CD1F-LeaderElection39] INFO  server.RaftServerConfigKeys (ConfUtils.java:logGet(43)) - raft.server.log.appender.buffer.element-limit = 1 (custom)
2019-10-02 07:37:05,980 [877c1e29-213f-4e3e-ace5-02a222c8c7a5@group-8B9B2962CD1F-LeaderElection39] INFO  grpc.GrpcConfigKeys$Server (ConfUtils.java:logGet(43)) - raft.grpc.server.leader.outstanding.appends.max = 128 (default)
2019-10-02 07:37:05,980 [877c1e29-213f-4e3e-ace5-02a222c8c7a5@group-8B9B2962CD1F-LeaderElection39] INFO  server.RaftServerConfigKeys (ConfUtils.java:logGet(43)) - raft.server.rpc.request.timeout = 3000ms (default)
2019-10-02 07:37:05,980 [877c1e29-213f-4e3e-ace5-02a222c8c7a5@group-8B9B2962CD1F-LeaderElection39] INFO  server.RaftServerConfigKeys (ConfUtils.java:logGet(43)) - raft.server.log.appender.install.snapshot.enabled = false (custom)
2019-10-02 07:37:05,980 [877c1e29-213f-4e3e-ace5-02a222c8c7a5@group-8B9B2962CD1F-LeaderElection39] INFO  impl.RoleInfo (RoleInfo.java:updateAndGet(143)) - 877c1e29-213f-4e3e-ace5-02a222c8c7a5: start LeaderState
2019-10-02 07:37:05,980 [877c1e29-213f-4e3e-ace5-02a222c8c7a5@group-8B9B2962CD1F-LeaderElection39] INFO  segmented.SegmentedRaftLogWorker (SegmentedRaftLogWorker.java:startLogSegment(385)) - 877c1e29-213f-4e3e-ace5-02a222c8c7a5@group-8B9B2962CD1F-SegmentedRaftLogWorker: Starting segment from index:0
2019-10-02 07:37:05,981 [877c1e29-213f-4e3e-ace5-02a222c8c7a5@group-8B9B2962CD1F-LeaderElection39] INFO  impl.RaftServerImpl (ServerState.java:setRaftConf(356)) - 877c1e29-213f-4e3e-ace5-02a222c8c7a5@group-8B9B2962CD1F: set configuration 0: [877c1e29-213f-4e3e-ace5-02a222c8c7a5:192.168.164.211:33703, 6fd6eee1-0931-460a-9d60-5fc0679329ea:192.168.164.211:39538, d54e5ec9-dbdf-4cc4-af70-70ef71242697:192.168.164.211:37211], old=null at 0
2019-10-02 07:37:05,983 [grpc-default-executor-4] INFO  impl.RaftServerImpl (ServerState.java:setLeader(255)) - d54e5ec9-dbdf-4cc4-af70-70ef71242697@group-8B9B2962CD1F: change Leader from null to 877c1e29-213f-4e3e-ace5-02a222c8c7a5 at term 1 for appendEntries, leader elected after 5139ms
2019-10-02 07:37:05,983 [grpc-default-executor-1] INFO  impl.RaftServerImpl (ServerState.java:setLeader(255)) - 6fd6eee1-0931-460a-9d60-5fc0679329ea@group-8B9B2962CD1F: change Leader from null to 877c1e29-213f-4e3e-ace5-02a222c8c7a5 at term 1 for appendEntries, leader elected after 5140ms
2019-10-02 07:37:06,020 [grpc-default-executor-4] INFO  impl.RaftServerImpl (ServerState.java:setRaftConf(356)) - d54e5ec9-dbdf-4cc4-af70-70ef71242697@group-8B9B2962CD1F: set configuration 0: [877c1e29-213f-4e3e-ace5-02a222c8c7a5:192.168.164.211:33703, 6fd6eee1-0931-460a-9d60-5fc0679329ea:192.168.164.211:39538, d54e5ec9-dbdf-4cc4-af70-70ef71242697:192.168.164.211:37211], old=null at 0
2019-10-02 07:37:06,021 [grpc-default-executor-4] INFO  segmented.SegmentedRaftLogWorker (SegmentedRaftLogWorker.java:startLogSegment(385)) - d54e5ec9-dbdf-4cc4-af70-70ef71242697@group-8B9B2962CD1F-SegmentedRaftLogWorker: Starting segment from index:0
2019-10-02 07:37:06,021 [grpc-default-executor-1] INFO  impl.RaftServerImpl (ServerState.java:setRaftConf(356)) - 6fd6eee1-0931-460a-9d60-5fc0679329ea@group-8B9B2962CD1F: set configuration 0: [877c1e29-213f-4e3e-ace5-02a222c8c7a5:192.168.164.211:33703, 6fd6eee1-0931-460a-9d60-5fc0679329ea:192.168.164.211:39538, d54e5ec9-dbdf-4cc4-af70-70ef71242697:192.168.164.211:37211], old=null at 0
2019-10-02 07:37:06,021 [grpc-default-executor-1] INFO  segmented.SegmentedRaftLogWorker (SegmentedRaftLogWorker.java:startLogSegment(385)) - 6fd6eee1-0931-460a-9d60-5fc0679329ea@group-8B9B2962CD1F-SegmentedRaftLogWorker: Starting segment from index:0
2019-10-02 07:37:06,028 [6fd6eee1-0931-460a-9d60-5fc0679329ea@group-8A7205DE81A5-SegmentedRaftLogWorker] INFO  segmented.SegmentedRaftLogWorker (SegmentedRaftLogWorker.java:execute(574)) - 6fd6eee1-0931-460a-9d60-5fc0679329ea@group-8A7205DE81A5-SegmentedRaftLogWorker: created new log segment /workdir/hadoop-ozone/integration-test/target/test-dir/MiniOzoneClusterImpl-3f41681f-8054-4211-a8ce-d518c1f2066d/datanode-6/data/ratis/0b49d085-c751-40f5-ae4b-8a7205de81a5/current/log_inprogress_0
2019-10-02 07:37:06,028 [877c1e29-213f-4e3e-ace5-02a222c8c7a5@group-8B9B2962CD1F-SegmentedRaftLogWorker] INFO  segmented.SegmentedRaftLogWorker (SegmentedRaftLogWorker.java:execute(574)) - 877c1e29-213f-4e3e-ace5-02a222c8c7a5@group-8B9B2962CD1F-SegmentedRaftLogWorker: created new log segment /workdir/hadoop-ozone/integration-test/target/test-dir/MiniOzoneClusterImpl-3f41681f-8054-4211-a8ce-d518c1f2066d/datanode-4/data/ratis/ebcc0b12-c698-41d5-82eb-8b9b2962cd1f/current/log_inprogress_0
2019-10-02 07:37:06,065 [6fd6eee1-0931-460a-9d60-5fc0679329ea@group-8B9B2962CD1F-SegmentedRaftLogWorker] INFO  segmented.SegmentedRaftLogWorker (SegmentedRaftLogWorker.java:execute(574)) - 6fd6eee1-0931-460a-9d60-5fc0679329ea@group-8B9B2962CD1F-SegmentedRaftLogWorker: created new log segment /workdir/hadoop-ozone/integration-test/target/test-dir/MiniOzoneClusterImpl-3f41681f-8054-4211-a8ce-d518c1f2066d/datanode-6/data/ratis/ebcc0b12-c698-41d5-82eb-8b9b2962cd1f/current/log_inprogress_0
2019-10-02 07:37:06,065 [d54e5ec9-dbdf-4cc4-af70-70ef71242697@group-8B9B2962CD1F-SegmentedRaftLogWorker] INFO  segmented.SegmentedRaftLogWorker (SegmentedRaftLogWorker.java:execute(574)) - d54e5ec9-dbdf-4cc4-af70-70ef71242697@group-8B9B2962CD1F-SegmentedRaftLogWorker: created new log segment /workdir/hadoop-ozone/integration-test/target/test-dir/MiniOzoneClusterImpl-3f41681f-8054-4211-a8ce-d518c1f2066d/datanode-3/data/ratis/ebcc0b12-c698-41d5-82eb-8b9b2962cd1f/current/log_inprogress_0
2019-10-02 07:37:06,244 [Datanode State Machine Thread - 0] INFO  statemachine.DatanodeStateMachine (DatanodeStateMachine.java:lambda$startDaemon$0(350)) - Ozone container server started.
2019-10-02 07:37:11,236 [main] INFO  ozoneimpl.OzoneContainer (OzoneContainer.java:stop(231)) - Attempting to stop container services.
2019-10-02 07:37:11,237 [main] INFO  impl.RaftServerProxy (RaftServerProxy.java:lambda$close$4(314)) - d54e5ec9-dbdf-4cc4-af70-70ef71242697: close
2019-10-02 07:37:11,238 [main] INFO  impl.RaftServerImpl (RaftServerImpl.java:lambda$shutdown$3(247)) - d54e5ec9-dbdf-4cc4-af70-70ef71242697@group-9AC22D5AC248: shutdown
2019-10-02 07:37:11,238 [ForkJoinPool.commonPool-worker-0] INFO  impl.RaftServerImpl (RaftServerImpl.java:lambda$shutdown$3(247)) - d54e5ec9-dbdf-4cc4-af70-70ef71242697@group-8B9B2962CD1F: shutdown
2019-10-02 07:37:11,239 [main] INFO  util.JmxRegister (JmxRegister.java:unregister(73)) - Successfully un-registered JMX Bean with object name Ratis:service=RaftServer,group=group-9AC22D5AC248,id=d54e5ec9-dbdf-4cc4-af70-70ef71242697
2019-10-02 07:37:11,239 [ForkJoinPool.commonPool-worker-0] INFO  util.JmxRegister (JmxRegister.java:unregister(73)) - Successfully un-registered JMX Bean with object name Ratis:service=RaftServer,group=group-8B9B2962CD1F,id=d54e5ec9-dbdf-4cc4-af70-70ef71242697
2019-10-02 07:37:11,239 [main] INFO  impl.RoleInfo (RoleInfo.java:shutdownLeaderState(104)) - d54e5ec9-dbdf-4cc4-af70-70ef71242697: shutdown LeaderState
2019-10-02 07:37:11,239 [ForkJoinPool.commonPool-worker-0] INFO  impl.RoleInfo (RoleInfo.java:shutdownFollowerState(121)) - d54e5ec9-dbdf-4cc4-af70-70ef71242697: shutdown FollowerState
2019-10-02 07:37:11,240 [main] INFO  impl.PendingRequests (PendingRequests.java:sendNotLeaderResponses(202)) - d54e5ec9-dbdf-4cc4-af70-70ef71242697@group-9AC22D5AC248-PendingRequests: sendNotLeaderResponses
2019-10-02 07:37:11,240 [Thread-1503] INFO  impl.FollowerState (FollowerState.java:run(117)) - d54e5ec9-dbdf-4cc4-af70-70ef71242697@group-8B9B2962CD1F-FollowerState was interrupted: java.lang.InterruptedException: sleep interrupted
2019-10-02 07:37:11,240 [ForkJoinPool.commonPool-worker-0] INFO  impl.StateMachineUpdater (StateMachineUpdater.java:stopAndJoin(136)) - d54e5ec9-dbdf-4cc4-af70-70ef71242697@group-8B9B2962CD1F-StateMachineUpdater: set stopIndex = 2
2019-10-02 07:37:11,240 [d54e5ec9-dbdf-4cc4-af70-70ef71242697@group-8B9B2962CD1F-StateMachineUpdater] INFO  ratis.ContainerStateMachine (ContainerStateMachine.java:takeSnapshot(293)) - group-8B9B2962CD1F: Taking a snapshot at:(t:1, i:1) file /workdir/hadoop-ozone/integration-test/target/test-dir/MiniOzoneClusterImpl-3f41681f-8054-4211-a8ce-d518c1f2066d/datanode-3/data/ratis/ebcc0b12-c698-41d5-82eb-8b9b2962cd1f/sm/snapshot.1_1
2019-10-02 07:37:11,243 [main] INFO  impl.StateMachineUpdater (StateMachineUpdater.java:stopAndJoin(136)) - d54e5ec9-dbdf-4cc4-af70-70ef71242697@group-9AC22D5AC248-StateMachineUpdater: set stopIndex = 0
2019-10-02 07:37:11,244 [main] INFO  impl.RaftServerImpl (ServerState.java:close(387)) - d54e5ec9-dbdf-4cc4-af70-70ef71242697@group-9AC22D5AC248: closes. applyIndex: 0
2019-10-02 07:37:11,245 [d54e5ec9-dbdf-4cc4-af70-70ef71242697@group-9AC22D5AC248-SegmentedRaftLogWorker] INFO  segmented.SegmentedRaftLogWorker (SegmentedRaftLogWorker.java:run(316)) - d54e5ec9-dbdf-4cc4-af70-70ef71242697@group-9AC22D5AC248-SegmentedRaftLogWorker was interrupted, exiting. There are 0 tasks remaining in the queue.
2019-10-02 07:37:11,256 [main] INFO  segmented.SegmentedRaftLogWorker (SegmentedRaftLogWorker.java:close(224)) - d54e5ec9-dbdf-4cc4-af70-70ef71242697@group-9AC22D5AC248-SegmentedRaftLogWorker close()
2019-10-02 07:37:11,270 [d54e5ec9-dbdf-4cc4-af70-70ef71242697@group-8B9B2962CD1F-StateMachineUpdater] INFO  ratis.ContainerStateMachine (ContainerStateMachine.java:takeSnapshot(304)) - group-8B9B2962CD1F: Finished taking a snapshot at:(t:1, i:1) file:/workdir/hadoop-ozone/integration-test/target/test-dir/MiniOzoneClusterImpl-3f41681f-8054-4211-a8ce-d518c1f2066d/datanode-3/data/ratis/ebcc0b12-c698-41d5-82eb-8b9b2962cd1f/sm/snapshot.1_1 time:30
2019-10-02 07:37:11,270 [d54e5ec9-dbdf-4cc4-af70-70ef71242697@group-8B9B2962CD1F-StateMachineUpdater] INFO  impl.StateMachineUpdater (StateMachineUpdater.java:takeSnapshot(269)) - d54e5ec9-dbdf-4cc4-af70-70ef71242697@group-8B9B2962CD1F-StateMachineUpdater: Took a snapshot at index 1
2019-10-02 07:37:11,270 [d54e5ec9-dbdf-4cc4-af70-70ef71242697@group-8B9B2962CD1F-StateMachineUpdater] INFO  impl.StateMachineUpdater (StateMachineUpdater.java:lambda$new$0(84)) - d54e5ec9-dbdf-4cc4-af70-70ef71242697@group-8B9B2962CD1F-StateMachineUpdater: snapshotIndex: updateIncreasingly -1 -> 1
2019-10-02 07:37:11,270 [d54e5ec9-dbdf-4cc4-af70-70ef71242697@group-8B9B2962CD1F-StateMachineUpdater] INFO  ratis.ContainerStateMachine (ContainerStateMachine.java:takeSnapshot(293)) - group-8B9B2962CD1F: Taking a snapshot at:(t:1, i:1) file /workdir/hadoop-ozone/integration-test/target/test-dir/MiniOzoneClusterImpl-3f41681f-8054-4211-a8ce-d518c1f2066d/datanode-3/data/ratis/ebcc0b12-c698-41d5-82eb-8b9b2962cd1f/sm/snapshot.1_1
2019-10-02 07:37:11,283 [d54e5ec9-dbdf-4cc4-af70-70ef71242697@group-8B9B2962CD1F-StateMachineUpdater] INFO  ratis.ContainerStateMachine (ContainerStateMachine.java:takeSnapshot(304)) - group-8B9B2962CD1F: Finished taking a snapshot at:(t:1, i:1) file:/workdir/hadoop-ozone/integration-test/target/test-dir/MiniOzoneClusterImpl-3f41681f-8054-4211-a8ce-d518c1f2066d/datanode-3/data/ratis/ebcc0b12-c698-41d5-82eb-8b9b2962cd1f/sm/snapshot.1_1 time:12
2019-10-02 07:37:11,283 [d54e5ec9-dbdf-4cc4-af70-70ef71242697@group-8B9B2962CD1F-StateMachineUpdater] INFO  impl.StateMachineUpdater (StateMachineUpdater.java:takeSnapshot(269)) - d54e5ec9-dbdf-4cc4-af70-70ef71242697@group-8B9B2962CD1F-StateMachineUpdater: Took a snapshot at index 1
2019-10-02 07:37:11,283 [d54e5ec9-dbdf-4cc4-af70-70ef71242697@group-8B9B2962CD1F-StateMachineUpdater] INFO  impl.StateMachineUpdater (StateMachineUpdater.java:lambda$new$0(84)) - d54e5ec9-dbdf-4cc4-af70-70ef71242697@group-8B9B2962CD1F-StateMachineUpdater: snapshotIndex: updateIncreasingly 1 -> 1
2019-10-02 07:37:11,283 [ForkJoinPool.commonPool-worker-0] INFO  impl.RaftServerImpl (ServerState.java:close(387)) - d54e5ec9-dbdf-4cc4-af70-70ef71242697@group-8B9B2962CD1F: closes. applyIndex: 2
2019-10-02 07:37:11,283 [d54e5ec9-dbdf-4cc4-af70-70ef71242697@group-8B9B2962CD1F-SegmentedRaftLogWorker] INFO  segmented.SegmentedRaftLogWorker (SegmentedRaftLogWorker.java:run(316)) - d54e5ec9-dbdf-4cc4-af70-70ef71242697@group-8B9B2962CD1F-SegmentedRaftLogWorker was interrupted, exiting. There are 0 tasks remaining in the queue.
2019-10-02 07:37:11,285 [ForkJoinPool.commonPool-worker-0] INFO  segmented.SegmentedRaftLogWorker (SegmentedRaftLogWorker.java:close(224)) - d54e5ec9-dbdf-4cc4-af70-70ef71242697@group-8B9B2962CD1F-SegmentedRaftLogWorker close()
2019-10-02 07:37:11,288 [main] INFO  server.GrpcService (GrpcService.java:closeImpl(164)) - d54e5ec9-dbdf-4cc4-af70-70ef71242697: shutdown server with port 37211 now
2019-10-02 07:37:11,289 [grpc-default-executor-1] WARN  server.GrpcServerProtocolService (LogUtils.java:warn(134)) - d54e5ec9-dbdf-4cc4-af70-70ef71242697: installSnapshot onError, lastRequest: 877c1e29-213f-4e3e-ace5-02a222c8c7a5->d54e5ec9-dbdf-4cc4-af70-70ef71242697#5-t1, previous=(t:1, i:2), leaderCommit=2, initializing? false, entries: <empty>: org.apache.ratis.thirdparty.io.grpc.StatusRuntimeException: CANCELLED: cancelled before receiving half close
2019-10-02 07:37:11,289 [main] INFO  server.GrpcService (GrpcService.java:closeImpl(172)) - d54e5ec9-dbdf-4cc4-af70-70ef71242697: shutdown server with port 37211 successfully
2019-10-02 07:37:11,291 [grpc-default-executor-4] WARN  server.GrpcLogAppender (LogUtils.java:warn(134)) - 877c1e29-213f-4e3e-ace5-02a222c8c7a5@group-8B9B2962CD1F->d54e5ec9-dbdf-4cc4-af70-70ef71242697-AppendLogResponseHandler: Failed appendEntries: org.apache.ratis.thirdparty.io.grpc.StatusRuntimeException: CANCELLED: HTTP/2 error code: CANCEL
Received Rst Stream
2019-10-02 07:37:11,293 [grpc-default-executor-4] INFO  impl.FollowerInfo (FollowerInfo.java:lambda$new$0(51)) - 877c1e29-213f-4e3e-ace5-02a222c8c7a5@group-8B9B2962CD1F->d54e5ec9-dbdf-4cc4-af70-70ef71242697: nextIndex: updateUnconditionally 3 -> 2
2019-10-02 07:37:11,294 [refreshUsed-/workdir/hadoop-ozone/integration-test/target/test-dir/MiniOzoneClusterImpl-3f41681f-8054-4211-a8ce-d518c1f2066d/datanode-3/data/containers] WARN  fs.CachingGetSpaceUsed (CachingGetSpaceUsed.java:run(183)) - Thread Interrupted waiting to refresh disk information: sleep interrupted
2019-10-02 07:37:11,315 [main] INFO  utils.BackgroundService (BackgroundService.java:shutdown(148)) - Shutting down service BlockDeletingService
2019-10-02 07:37:11,321 [main] INFO  statemachine.DatanodeStateMachine (DatanodeStateMachine.java:stopDaemon(395)) - Ozone container server stopped.
2019-10-02 07:37:11,322 [main] INFO  handler.ContextHandler (ContextHandler.java:doStop(910)) - Stopped o.e.j.w.WebAppContext@6042d663{/,null,UNAVAILABLE}{/hddsDatanode}
2019-10-02 07:37:11,323 [main] INFO  server.AbstractConnector (AbstractConnector.java:doStop(318)) - Stopped ServerConnector@24043ec5{HTTP/1.1,[http/1.1]}{0.0.0.0:0}
2019-10-02 07:37:11,324 [main] INFO  handler.ContextHandler (ContextHandler.java:doStop(910)) - Stopped o.e.j.s.ServletContextHandler@11dcd42c{/static,jar:file:/home/user/.m2/repository/org/apache/hadoop/hadoop-hdds-container-service/0.5.0-SNAPSHOT/hadoop-hdds-container-service-0.5.0-SNAPSHOT.jar!/webapps/static,UNAVAILABLE}
2019-10-02 07:37:11,324 [main] INFO  handler.ContextHandler (ContextHandler.java:doStop(910)) - Stopped o.e.j.s.ServletContextHandler@42507640{/logs,file:///workdir/hadoop-ozone/integration-test/target/log,UNAVAILABLE}
2019-10-02 07:37:12,244 [Datanode State Machine Thread - 0] INFO  statemachine.DatanodeStateMachine (DatanodeStateMachine.java:lambda$startDaemon$0(350)) - Ozone container server started.
2019-10-02 07:37:13,612 [grpc-default-executor-5] WARN  server.GrpcLogAppender (LogUtils.java:warn(134)) - 877c1e29-213f-4e3e-ace5-02a222c8c7a5@group-8B9B2962CD1F->d54e5ec9-dbdf-4cc4-af70-70ef71242697-AppendLogResponseHandler: Failed appendEntries: org.apache.ratis.thirdparty.io.grpc.StatusRuntimeException: UNAVAILABLE: io exception
2019-10-02 07:37:13,613 [grpc-default-executor-5] INFO  impl.FollowerInfo (FollowerInfo.java:lambda$new$0(51)) - 877c1e29-213f-4e3e-ace5-02a222c8c7a5@group-8B9B2962CD1F->d54e5ec9-dbdf-4cc4-af70-70ef71242697: nextIndex: updateUnconditionally 2 -> 1
2019-10-02 07:37:16,113 [grpc-default-executor-4] WARN  server.GrpcLogAppender (LogUtils.java:warn(134)) - 877c1e29-213f-4e3e-ace5-02a222c8c7a5@group-8B9B2962CD1F->d54e5ec9-dbdf-4cc4-af70-70ef71242697-AppendLogResponseHandler: Failed appendEntries: org.apache.ratis.thirdparty.io.grpc.StatusRuntimeException: UNAVAILABLE: io exception
2019-10-02 07:37:16,114 [grpc-default-executor-4] INFO  impl.FollowerInfo (FollowerInfo.java:lambda$new$0(51)) - 877c1e29-213f-4e3e-ace5-02a222c8c7a5@group-8B9B2962CD1F->d54e5ec9-dbdf-4cc4-af70-70ef71242697: nextIndex: updateUnconditionally 1 -> 0
2019-10-02 07:37:16,326 [main] INFO  ozoneimpl.OzoneContainer (OzoneContainer.java:stop(231)) - Attempting to stop container services.
2019-10-02 07:37:16,327 [main] INFO  impl.RaftServerProxy (RaftServerProxy.java:lambda$close$4(314)) - 6fd6eee1-0931-460a-9d60-5fc0679329ea: close
2019-10-02 07:37:16,328 [main] INFO  impl.RaftServerImpl (RaftServerImpl.java:lambda$shutdown$3(247)) - 6fd6eee1-0931-460a-9d60-5fc0679329ea@group-8A7205DE81A5: shutdown
2019-10-02 07:37:16,328 [main] INFO  util.JmxRegister (JmxRegister.java:unregister(73)) - Successfully un-registered JMX Bean with object name Ratis:service=RaftServer,group=group-8A7205DE81A5,id=6fd6eee1-0931-460a-9d60-5fc0679329ea
2019-10-02 07:37:16,328 [main] INFO  impl.RoleInfo (RoleInfo.java:shutdownLeaderState(104)) - 6fd6eee1-0931-460a-9d60-5fc0679329ea: shutdown LeaderState
2019-10-02 07:37:16,329 [main] INFO  impl.PendingRequests (PendingRequests.java:sendNotLeaderResponses(202)) - 6fd6eee1-0931-460a-9d60-5fc0679329ea@group-8A7205DE81A5-PendingRequests: sendNotLeaderResponses
2019-10-02 07:37:16,330 [main] INFO  impl.StateMachineUpdater (StateMachineUpdater.java:stopAndJoin(136)) - 6fd6eee1-0931-460a-9d60-5fc0679329ea@group-8A7205DE81A5-StateMachineUpdater: set stopIndex = 0
2019-10-02 07:37:16,330 [main] INFO  impl.RaftServerImpl (ServerState.java:close(387)) - 6fd6eee1-0931-460a-9d60-5fc0679329ea@group-8A7205DE81A5: closes. applyIndex: 0
2019-10-02 07:37:16,331 [6fd6eee1-0931-460a-9d60-5fc0679329ea@group-8A7205DE81A5-SegmentedRaftLogWorker] INFO  segmented.SegmentedRaftLogWorker (SegmentedRaftLogWorker.java:run(316)) - 6fd6eee1-0931-460a-9d60-5fc0679329ea@group-8A7205DE81A5-SegmentedRaftLogWorker was interrupted, exiting. There are 0 tasks remaining in the queue.
2019-10-02 07:37:16,334 [main] INFO  segmented.SegmentedRaftLogWorker (SegmentedRaftLogWorker.java:close(224)) - 6fd6eee1-0931-460a-9d60-5fc0679329ea@group-8A7205DE81A5-SegmentedRaftLogWorker close()
2019-10-02 07:37:16,338 [main] INFO  impl.RaftServerImpl (RaftServerImpl.java:lambda$shutdown$3(247)) - 6fd6eee1-0931-460a-9d60-5fc0679329ea@group-8B9B2962CD1F: shutdown
2019-10-02 07:37:16,339 [main] INFO  util.JmxRegister (JmxRegister.java:unregister(73)) - Successfully un-registered JMX Bean with object name Ratis:service=RaftServer,group=group-8B9B2962CD1F,id=6fd6eee1-0931-460a-9d60-5fc0679329ea
2019-10-02 07:37:16,339 [main] INFO  impl.RoleInfo (RoleInfo.java:shutdownFollowerState(121)) - 6fd6eee1-0931-460a-9d60-5fc0679329ea: shutdown FollowerState
2019-10-02 07:37:16,339 [main] INFO  impl.StateMachineUpdater (StateMachineUpdater.java:stopAndJoin(136)) - 6fd6eee1-0931-460a-9d60-5fc0679329ea@group-8B9B2962CD1F-StateMachineUpdater: set stopIndex = 2
2019-10-02 07:37:16,340 [Thread-1502] INFO  impl.FollowerState (FollowerState.java:run(117)) - 6fd6eee1-0931-460a-9d60-5fc0679329ea@group-8B9B2962CD1F-FollowerState was interrupted: java.lang.InterruptedException: sleep interrupted
2019-10-02 07:37:16,340 [6fd6eee1-0931-460a-9d60-5fc0679329ea@group-8B9B2962CD1F-StateMachineUpdater] INFO  ratis.ContainerStateMachine (ContainerStateMachine.java:takeSnapshot(293)) - group-8B9B2962CD1F: Taking a snapshot at:(t:1, i:1) file /workdir/hadoop-ozone/integration-test/target/test-dir/MiniOzoneClusterImpl-3f41681f-8054-4211-a8ce-d518c1f2066d/datanode-6/data/ratis/ebcc0b12-c698-41d5-82eb-8b9b2962cd1f/sm/snapshot.1_1
2019-10-02 07:37:16,345 [6fd6eee1-0931-460a-9d60-5fc0679329ea@group-8B9B2962CD1F-StateMachineUpdater] INFO  ratis.ContainerStateMachine (ContainerStateMachine.java:takeSnapshot(304)) - group-8B9B2962CD1F: Finished taking a snapshot at:(t:1, i:1) file:/workdir/hadoop-ozone/integration-test/target/test-dir/MiniOzoneClusterImpl-3f41681f-8054-4211-a8ce-d518c1f2066d/datanode-6/data/ratis/ebcc0b12-c698-41d5-82eb-8b9b2962cd1f/sm/snapshot.1_1 time:6
2019-10-02 07:37:16,346 [6fd6eee1-0931-460a-9d60-5fc0679329ea@group-8B9B2962CD1F-StateMachineUpdater] INFO  impl.StateMachineUpdater (StateMachineUpdater.java:takeSnapshot(269)) - 6fd6eee1-0931-460a-9d60-5fc0679329ea@group-8B9B2962CD1F-StateMachineUpdater: Took a snapshot at index 1
2019-10-02 07:37:16,346 [6fd6eee1-0931-460a-9d60-5fc0679329ea@group-8B9B2962CD1F-StateMachineUpdater] INFO  impl.StateMachineUpdater (StateMachineUpdater.java:lambda$new$0(84)) - 6fd6eee1-0931-460a-9d60-5fc0679329ea@group-8B9B2962CD1F-StateMachineUpdater: snapshotIndex: updateIncreasingly -1 -> 1
2019-10-02 07:37:16,346 [6fd6eee1-0931-460a-9d60-5fc0679329ea@group-8B9B2962CD1F-StateMachineUpdater] INFO  ratis.ContainerStateMachine (ContainerStateMachine.java:takeSnapshot(293)) - group-8B9B2962CD1F: Taking a snapshot at:(t:1, i:1) file /workdir/hadoop-ozone/integration-test/target/test-dir/MiniOzoneClusterImpl-3f41681f-8054-4211-a8ce-d518c1f2066d/datanode-6/data/ratis/ebcc0b12-c698-41d5-82eb-8b9b2962cd1f/sm/snapshot.1_1
2019-10-02 07:37:16,348 [6fd6eee1-0931-460a-9d60-5fc0679329ea@group-8B9B2962CD1F-StateMachineUpdater] INFO  ratis.ContainerStateMachine (ContainerStateMachine.java:takeSnapshot(304)) - group-8B9B2962CD1F: Finished taking a snapshot at:(t:1, i:1) file:/workdir/hadoop-ozone/integration-test/target/test-dir/MiniOzoneClusterImpl-3f41681f-8054-4211-a8ce-d518c1f2066d/datanode-6/data/ratis/ebcc0b12-c698-41d5-82eb-8b9b2962cd1f/sm/snapshot.1_1 time:2
2019-10-02 07:37:16,348 [6fd6eee1-0931-460a-9d60-5fc0679329ea@group-8B9B2962CD1F-StateMachineUpdater] INFO  impl.StateMachineUpdater (StateMachineUpdater.java:takeSnapshot(269)) - 6fd6eee1-0931-460a-9d60-5fc0679329ea@group-8B9B2962CD1F-StateMachineUpdater: Took a snapshot at index 1
2019-10-02 07:37:16,348 [6fd6eee1-0931-460a-9d60-5fc0679329ea@group-8B9B2962CD1F-StateMachineUpdater] INFO  impl.StateMachineUpdater (StateMachineUpdater.java:lambda$new$0(84)) - 6fd6eee1-0931-460a-9d60-5fc0679329ea@group-8B9B2962CD1F-StateMachineUpdater: snapshotIndex: updateIncreasingly 1 -> 1
2019-10-02 07:37:16,348 [main] INFO  impl.RaftServerImpl (ServerState.java:close(387)) - 6fd6eee1-0931-460a-9d60-5fc0679329ea@group-8B9B2962CD1F: closes. applyIndex: 2
2019-10-02 07:37:16,349 [6fd6eee1-0931-460a-9d60-5fc0679329ea@group-8B9B2962CD1F-SegmentedRaftLogWorker] INFO  segmented.SegmentedRaftLogWorker (SegmentedRaftLogWorker.java:run(316)) - 6fd6eee1-0931-460a-9d60-5fc0679329ea@group-8B9B2962CD1F-SegmentedRaftLogWorker was interrupted, exiting. There are 0 tasks remaining in the queue.
2019-10-02 07:37:16,352 [main] INFO  segmented.SegmentedRaftLogWorker (SegmentedRaftLogWorker.java:close(224)) - 6fd6eee1-0931-460a-9d60-5fc0679329ea@group-8B9B2962CD1F-SegmentedRaftLogWorker close()
2019-10-02 07:37:16,356 [main] INFO  server.GrpcService (GrpcService.java:closeImpl(164)) - 6fd6eee1-0931-460a-9d60-5fc0679329ea: shutdown server with port 39538 now
2019-10-02 07:37:16,359 [grpc-default-executor-5] WARN  server.GrpcServerProtocolService (LogUtils.java:warn(134)) - 6fd6eee1-0931-460a-9d60-5fc0679329ea: installSnapshot onError, lastRequest: 877c1e29-213f-4e3e-ace5-02a222c8c7a5->6fd6eee1-0931-460a-9d60-5fc0679329ea#7-t1, previous=(t:1, i:2), leaderCommit=2, initializing? false, entries: <empty>: org.apache.ratis.thirdparty.io.grpc.StatusRuntimeException: CANCELLED: cancelled before receiving half close
2019-10-02 07:37:16,359 [main] INFO  server.GrpcService (GrpcService.java:closeImpl(172)) - 6fd6eee1-0931-460a-9d60-5fc0679329ea: shutdown server with port 39538 successfully
2019-10-02 07:37:16,359 [grpc-default-executor-1] WARN  server.GrpcLogAppender (LogUtils.java:warn(134)) - 877c1e29-213f-4e3e-ace5-02a222c8c7a5@group-8B9B2962CD1F->6fd6eee1-0931-460a-9d60-5fc0679329ea-AppendLogResponseHandler: Failed appendEntries: org.apache.ratis.thirdparty.io.grpc.StatusRuntimeException: CANCELLED: HTTP/2 error code: CANCEL
Received Rst Stream
2019-10-02 07:37:16,359 [grpc-default-executor-1] INFO  impl.FollowerInfo (FollowerInfo.java:lambda$new$0(51)) - 877c1e29-213f-4e3e-ace5-02a222c8c7a5@group-8B9B2962CD1F->6fd6eee1-0931-460a-9d60-5fc0679329ea: nextIndex: updateUnconditionally 3 -> 2
2019-10-02 07:37:16,362 [refreshUsed-/workdir/hadoop-ozone/integration-test/target/test-dir/MiniOzoneClusterImpl-3f41681f-8054-4211-a8ce-d518c1f2066d/datanode-6/data/containers] WARN  fs.CachingGetSpaceUsed (CachingGetSpaceUsed.java:run(183)) - Thread Interrupted waiting to refresh disk information: sleep interrupted
2019-10-02 07:37:16,383 [main] INFO  utils.BackgroundService (BackgroundService.java:shutdown(148)) - Shutting down service BlockDeletingService
2019-10-02 07:37:16,388 [main] INFO  statemachine.DatanodeStateMachine (DatanodeStateMachine.java:stopDaemon(395)) - Ozone container server stopped.
2019-10-02 07:37:16,389 [main] INFO  handler.ContextHandler (ContextHandler.java:doStop(910)) - Stopped o.e.j.w.WebAppContext@4aeb0e2b{/,null,UNAVAILABLE}{/hddsDatanode}
2019-10-02 07:37:16,390 [main] INFO  server.AbstractConnector (AbstractConnector.java:doStop(318)) - Stopped ServerConnector@648c5fb3{HTTP/1.1,[http/1.1]}{0.0.0.0:0}
2019-10-02 07:37:16,390 [main] INFO  handler.ContextHandler (ContextHandler.java:doStop(910)) - Stopped o.e.j.s.ServletContextHandler@122635ef{/static,jar:file:/home/user/.m2/repository/org/apache/hadoop/hadoop-hdds-container-service/0.5.0-SNAPSHOT/hadoop-hdds-container-service-0.5.0-SNAPSHOT.jar!/webapps/static,UNAVAILABLE}
2019-10-02 07:37:16,391 [main] INFO  handler.ContextHandler (ContextHandler.java:doStop(910)) - Stopped o.e.j.s.ServletContextHandler@5e593b08{/logs,file:///workdir/hadoop-ozone/integration-test/target/log,UNAVAILABLE}
2019-10-02 07:37:18,615 [grpc-default-executor-5] WARN  server.GrpcLogAppender (LogUtils.java:warn(134)) - 877c1e29-213f-4e3e-ace5-02a222c8c7a5@group-8B9B2962CD1F->d54e5ec9-dbdf-4cc4-af70-70ef71242697-AppendLogResponseHandler: Failed appendEntries: org.apache.ratis.thirdparty.io.grpc.StatusRuntimeException: UNAVAILABLE: io exception
2019-10-02 07:37:18,615 [grpc-default-executor-3] WARN  server.GrpcLogAppender (LogUtils.java:warn(134)) - 877c1e29-213f-4e3e-ace5-02a222c8c7a5@group-8B9B2962CD1F->6fd6eee1-0931-460a-9d60-5fc0679329ea-AppendLogResponseHandler: Failed appendEntries: org.apache.ratis.thirdparty.io.grpc.StatusRuntimeException: UNAVAILABLE: io exception
2019-10-02 07:37:18,616 [grpc-default-executor-5] INFO  impl.FollowerInfo (FollowerInfo.java:lambda$new$0(51)) - 877c1e29-213f-4e3e-ace5-02a222c8c7a5@group-8B9B2962CD1F->d54e5ec9-dbdf-4cc4-af70-70ef71242697: nextIndex: updateUnconditionally 0 -> 0
2019-10-02 07:37:18,616 [grpc-default-executor-3] INFO  impl.FollowerInfo (FollowerInfo.java:lambda$new$0(51)) - 877c1e29-213f-4e3e-ace5-02a222c8c7a5@group-8B9B2962CD1F->6fd6eee1-0931-460a-9d60-5fc0679329ea: nextIndex: updateUnconditionally 2 -> 1
2019-10-02 07:37:21,116 [grpc-default-executor-5] WARN  server.GrpcLogAppender (LogUtils.java:warn(134)) - 877c1e29-213f-4e3e-ace5-02a222c8c7a5@group-8B9B2962CD1F->6fd6eee1-0931-460a-9d60-5fc0679329ea-AppendLogResponseHandler: Failed appendEntries: org.apache.ratis.thirdparty.io.grpc.StatusRuntimeException: UNAVAILABLE: io exception
2019-10-02 07:37:21,116 [grpc-default-executor-1] WARN  server.GrpcLogAppender (LogUtils.java:warn(134)) - 877c1e29-213f-4e3e-ace5-02a222c8c7a5@group-8B9B2962CD1F->d54e5ec9-dbdf-4cc4-af70-70ef71242697-AppendLogResponseHandler: Failed appendEntries: org.apache.ratis.thirdparty.io.grpc.StatusRuntimeException: UNAVAILABLE: io exception
2019-10-02 07:37:21,117 [grpc-default-executor-5] INFO  impl.FollowerInfo (FollowerInfo.java:lambda$new$0(51)) - 877c1e29-213f-4e3e-ace5-02a222c8c7a5@group-8B9B2962CD1F->6fd6eee1-0931-460a-9d60-5fc0679329ea: nextIndex: updateUnconditionally 1 -> 0
2019-10-02 07:37:21,117 [grpc-default-executor-1] INFO  impl.FollowerInfo (FollowerInfo.java:lambda$new$0(51)) - 877c1e29-213f-4e3e-ace5-02a222c8c7a5@group-8B9B2962CD1F->d54e5ec9-dbdf-4cc4-af70-70ef71242697: nextIndex: updateUnconditionally 0 -> 0
2019-10-02 07:37:23,617 [grpc-default-executor-1] WARN  server.GrpcLogAppender (LogUtils.java:warn(134)) - 877c1e29-213f-4e3e-ace5-02a222c8c7a5@group-8B9B2962CD1F->6fd6eee1-0931-460a-9d60-5fc0679329ea-AppendLogResponseHandler: Failed appendEntries: org.apache.ratis.thirdparty.io.grpc.StatusRuntimeException: UNAVAILABLE: io exception
2019-10-02 07:37:23,617 [grpc-default-executor-5] WARN  server.GrpcLogAppender (LogUtils.java:warn(134)) - 877c1e29-213f-4e3e-ace5-02a222c8c7a5@group-8B9B2962CD1F->d54e5ec9-dbdf-4cc4-af70-70ef71242697-AppendLogResponseHandler: Failed appendEntries: org.apache.ratis.thirdparty.io.grpc.StatusRuntimeException: UNAVAILABLE: io exception
2019-10-02 07:37:23,618 [grpc-default-executor-1] INFO  impl.FollowerInfo (FollowerInfo.java:lambda$new$0(51)) - 877c1e29-213f-4e3e-ace5-02a222c8c7a5@group-8B9B2962CD1F->6fd6eee1-0931-460a-9d60-5fc0679329ea: nextIndex: updateUnconditionally 0 -> 0
2019-10-02 07:37:23,618 [grpc-default-executor-5] INFO  impl.FollowerInfo (FollowerInfo.java:lambda$new$0(51)) - 877c1e29-213f-4e3e-ace5-02a222c8c7a5@group-8B9B2962CD1F->d54e5ec9-dbdf-4cc4-af70-70ef71242697: nextIndex: updateUnconditionally 0 -> 0
2019-10-02 07:37:26,118 [grpc-default-executor-5] WARN  server.GrpcLogAppender (LogUtils.java:warn(134)) - 877c1e29-213f-4e3e-ace5-02a222c8c7a5@group-8B9B2962CD1F->d54e5ec9-dbdf-4cc4-af70-70ef71242697-AppendLogResponseHandler: Failed appendEntries: org.apache.ratis.thirdparty.io.grpc.StatusRuntimeException: UNAVAILABLE: io exception
2019-10-02 07:37:26,118 [grpc-default-executor-1] WARN  server.GrpcLogAppender (LogUtils.java:warn(134)) - 877c1e29-213f-4e3e-ace5-02a222c8c7a5@group-8B9B2962CD1F->6fd6eee1-0931-460a-9d60-5fc0679329ea-AppendLogResponseHandler: Failed appendEntries: org.apache.ratis.thirdparty.io.grpc.StatusRuntimeException: UNAVAILABLE: io exception
2019-10-02 07:37:26,118 [grpc-default-executor-5] INFO  impl.FollowerInfo (FollowerInfo.java:lambda$new$0(51)) - 877c1e29-213f-4e3e-ace5-02a222c8c7a5@group-8B9B2962CD1F->d54e5ec9-dbdf-4cc4-af70-70ef71242697: nextIndex: updateUnconditionally 0 -> 0
2019-10-02 07:37:26,118 [grpc-default-executor-1] INFO  impl.FollowerInfo (FollowerInfo.java:lambda$new$0(51)) - 877c1e29-213f-4e3e-ace5-02a222c8c7a5@group-8B9B2962CD1F->6fd6eee1-0931-460a-9d60-5fc0679329ea: nextIndex: updateUnconditionally 0 -> 0
2019-10-02 07:37:26,686 [Thread-1554] INFO  client.GrpcClientProtocolService (GrpcClientProtocolService.java:lambda$processClientRequest$0(278)) - Failed RaftClientRequest:client-7A63E2030228->877c1e29-213f-4e3e-ace5-02a222c8c7a5@group-8B9B2962CD1F, cid=67, seq=0, Watch-ALL_COMMITTED(21), Message:<EMPTY>, reply=RaftClientReply:client-7A63E2030228->877c1e29-213f-4e3e-ace5-02a222c8c7a5@group-8B9B2962CD1F, cid=67, FAILED org.apache.ratis.protocol.NotReplicatedException: Request with call Id 67 and log index 21 is not yet replicated to ALL_COMMITTED, logIndex=21, commits[877c1e29-213f-4e3e-ace5-02a222c8c7a5:c2, 6fd6eee1-0931-460a-9d60-5fc0679329ea:c2, d54e5ec9-dbdf-4cc4-af70-70ef71242697:c2]
2019-10-02 07:37:28,619 [grpc-default-executor-5] WARN  server.GrpcLogAppender (LogUtils.java:warn(134)) - 877c1e29-213f-4e3e-ace5-02a222c8c7a5@group-8B9B2962CD1F->d54e5ec9-dbdf-4cc4-af70-70ef71242697-AppendLogResponseHandler: Failed appendEntries: org.apache.ratis.thirdparty.io.grpc.StatusRuntimeException: UNAVAILABLE: io exception
2019-10-02 07:37:28,619 [grpc-default-executor-4] WARN  server.GrpcLogAppender (LogUtils.java:warn(134)) - 877c1e29-213f-4e3e-ace5-02a222c8c7a5@group-8B9B2962CD1F->6fd6eee1-0931-460a-9d60-5fc0679329ea-AppendLogResponseHandler: Failed appendEntries: org.apache.ratis.thirdparty.io.grpc.StatusRuntimeException: UNAVAILABLE: io exception
2019-10-02 07:37:28,623 [grpc-default-executor-5] INFO  impl.FollowerInfo (FollowerInfo.java:lambda$new$0(51)) - 877c1e29-213f-4e3e-ace5-02a222c8c7a5@group-8B9B2962CD1F->d54e5ec9-dbdf-4cc4-af70-70ef71242697: nextIndex: updateUnconditionally 0 -> 0
2019-10-02 07:37:28,623 [grpc-default-executor-4] INFO  impl.FollowerInfo (FollowerInfo.java:lambda$new$0(51)) - 877c1e29-213f-4e3e-ace5-02a222c8c7a5@group-8B9B2962CD1F->6fd6eee1-0931-460a-9d60-5fc0679329ea: nextIndex: updateUnconditionally 0 -> 0
2019-10-02 07:37:31,121 [grpc-default-executor-5] WARN  server.GrpcLogAppender (LogUtils.java:warn(134)) - 877c1e29-213f-4e3e-ace5-02a222c8c7a5@group-8B9B2962CD1F->6fd6eee1-0931-460a-9d60-5fc0679329ea-AppendLogResponseHandler: Failed appendEntries: org.apache.ratis.thirdparty.io.grpc.StatusRuntimeException: UNAVAILABLE: io exception
2019-10-02 07:37:31,122 [grpc-default-executor-6] WARN  server.GrpcLogAppender (LogUtils.java:warn(134)) - 877c1e29-213f-4e3e-ace5-02a222c8c7a5@group-8B9B2962CD1F->d54e5ec9-dbdf-4cc4-af70-70ef71242697-AppendLogResponseHandler: Failed appendEntries: org.apache.ratis.thirdparty.io.grpc.StatusRuntimeException: UNAVAILABLE: io exception
2019-10-02 07:37:31,122 [grpc-default-executor-5] INFO  impl.FollowerInfo (FollowerInfo.java:lambda$new$0(51)) - 877c1e29-213f-4e3e-ace5-02a222c8c7a5@group-8B9B2962CD1F->6fd6eee1-0931-460a-9d60-5fc0679329ea: nextIndex: updateUnconditionally 0 -> 0
2019-10-02 07:37:31,123 [grpc-default-executor-6] INFO  impl.FollowerInfo (FollowerInfo.java:lambda$new$0(51)) - 877c1e29-213f-4e3e-ace5-02a222c8c7a5@group-8B9B2962CD1F->d54e5ec9-dbdf-4cc4-af70-70ef71242697: nextIndex: updateUnconditionally 0 -> 0
2019-10-02 07:37:33,620 [grpc-default-executor-3] WARN  server.GrpcLogAppender (LogUtils.java:warn(134)) - 877c1e29-213f-4e3e-ace5-02a222c8c7a5@group-8B9B2962CD1F->6fd6eee1-0931-460a-9d60-5fc0679329ea-AppendLogResponseHandler: Failed appendEntries: org.apache.ratis.thirdparty.io.grpc.StatusRuntimeException: UNAVAILABLE: io exception
2019-10-02 07:37:33,620 [grpc-default-executor-5] WARN  server.GrpcLogAppender (LogUtils.java:warn(134)) - 877c1e29-213f-4e3e-ace5-02a222c8c7a5@group-8B9B2962CD1F->d54e5ec9-dbdf-4cc4-af70-70ef71242697-AppendLogResponseHandler: Failed appendEntries: org.apache.ratis.thirdparty.io.grpc.StatusRuntimeException: UNAVAILABLE: io exception
2019-10-02 07:37:33,621 [grpc-default-executor-3] INFO  impl.FollowerInfo (FollowerInfo.java:lambda$new$0(51)) - 877c1e29-213f-4e3e-ace5-02a222c8c7a5@group-8B9B2962CD1F->6fd6eee1-0931-460a-9d60-5fc0679329ea: nextIndex: updateUnconditionally 0 -> 0
2019-10-02 07:37:33,621 [grpc-default-executor-5] INFO  impl.FollowerInfo (FollowerInfo.java:lambda$new$0(51)) - 877c1e29-213f-4e3e-ace5-02a222c8c7a5@group-8B9B2962CD1F->d54e5ec9-dbdf-4cc4-af70-70ef71242697: nextIndex: updateUnconditionally 0 -> 0
2019-10-02 07:37:36,122 [grpc-default-executor-3] WARN  server.GrpcLogAppender (LogUtils.java:warn(134)) - 877c1e29-213f-4e3e-ace5-02a222c8c7a5@group-8B9B2962CD1F->6fd6eee1-0931-460a-9d60-5fc0679329ea-AppendLogResponseHandler: Failed appendEntries: org.apache.ratis.thirdparty.io.grpc.StatusRuntimeException: UNAVAILABLE: io exception
2019-10-02 07:37:36,122 [grpc-default-executor-5] WARN  server.GrpcLogAppender (LogUtils.java:warn(134)) - 877c1e29-213f-4e3e-ace5-02a222c8c7a5@group-8B9B2962CD1F->d54e5ec9-dbdf-4cc4-af70-70ef71242697-AppendLogResponseHandler: Failed appendEntries: org.apache.ratis.thirdparty.io.grpc.StatusRuntimeException: UNAVAILABLE: io exception
2019-10-02 07:37:36,122 [grpc-default-executor-3] INFO  impl.FollowerInfo (FollowerInfo.java:lambda$new$0(51)) - 877c1e29-213f-4e3e-ace5-02a222c8c7a5@group-8B9B2962CD1F->6fd6eee1-0931-460a-9d60-5fc0679329ea: nextIndex: updateUnconditionally 0 -> 0
2019-10-02 07:37:36,122 [grpc-default-executor-5] INFO  impl.FollowerInfo (FollowerInfo.java:lambda$new$0(51)) - 877c1e29-213f-4e3e-ace5-02a222c8c7a5@group-8B9B2962CD1F->d54e5ec9-dbdf-4cc4-af70-70ef71242697: nextIndex: updateUnconditionally 0 -> 0
2019-10-02 07:37:36,395 [main] WARN  scm.XceiverClientRatis (XceiverClientRatis.java:watchForCommit(292)) - 3 way commit failed on pipeline Pipeline[ Id: ebcc0b12-c698-41d5-82eb-8b9b2962cd1f, Nodes: d54e5ec9-dbdf-4cc4-af70-70ef71242697{ip: 192.168.164.211, host: pr-hdds-2227-gdpr-vz6hn-2718222164, networkLocation: /default-rack, certSerialId: null}6fd6eee1-0931-460a-9d60-5fc0679329ea{ip: 192.168.164.211, host: pr-hdds-2227-gdpr-vz6hn-2718222164, networkLocation: /default-rack, certSerialId: null}877c1e29-213f-4e3e-ace5-02a222c8c7a5{ip: 192.168.164.211, host: pr-hdds-2227-gdpr-vz6hn-2718222164, networkLocation: /default-rack, certSerialId: null}, Type:RATIS, Factor:THREE, State:OPEN]
java.util.concurrent.TimeoutException
	at java.util.concurrent.CompletableFuture.timedGet(CompletableFuture.java:1771)
	at java.util.concurrent.CompletableFuture.get(CompletableFuture.java:1915)
	at org.apache.hadoop.hdds.scm.XceiverClientRatis.watchForCommit(XceiverClientRatis.java:289)
	at org.apache.hadoop.ozone.client.rpc.TestWatchForCommit.testWatchForCommitForRetryfailure(TestWatchForCommit.java:345)
	at sun.reflect.NativeMethodAccessorImpl.invoke0(Native Method)
	at sun.reflect.NativeMethodAccessorImpl.invoke(NativeMethodAccessorImpl.java:62)
	at sun.reflect.DelegatingMethodAccessorImpl.invoke(DelegatingMethodAccessorImpl.java:43)
	at java.lang.reflect.Method.invoke(Method.java:498)
	at org.junit.runners.model.FrameworkMethod$1.runReflectiveCall(FrameworkMethod.java:47)
	at org.junit.internal.runners.model.ReflectiveCallable.run(ReflectiveCallable.java:12)
	at org.junit.runners.model.FrameworkMethod.invokeExplosively(FrameworkMethod.java:44)
	at org.junit.internal.runners.statements.InvokeMethod.evaluate(InvokeMethod.java:17)
	at org.junit.runners.ParentRunner.runLeaf(ParentRunner.java:271)
	at org.junit.runners.BlockJUnit4ClassRunner.runChild(BlockJUnit4ClassRunner.java:70)
	at org.junit.runners.BlockJUnit4ClassRunner.runChild(BlockJUnit4ClassRunner.java:50)
	at org.junit.runners.ParentRunner$3.run(ParentRunner.java:238)
	at org.junit.runners.ParentRunner$1.schedule(ParentRunner.java:63)
	at org.junit.runners.ParentRunner.runChildren(ParentRunner.java:236)
	at org.junit.runners.ParentRunner.access$000(ParentRunner.java:53)
	at org.junit.runners.ParentRunner$2.evaluate(ParentRunner.java:229)
	at org.junit.runners.ParentRunner.run(ParentRunner.java:309)
	at org.apache.maven.surefire.junit4.JUnit4Provider.execute(JUnit4Provider.java:365)
	at org.apache.maven.surefire.junit4.JUnit4Provider.executeWithRerun(JUnit4Provider.java:273)
	at org.apache.maven.surefire.junit4.JUnit4Provider.executeTestSet(JUnit4Provider.java:238)
	at org.apache.maven.surefire.junit4.JUnit4Provider.invoke(JUnit4Provider.java:159)
	at org.apache.maven.surefire.booter.ForkedBooter.invokeProviderInSameClassLoader(ForkedBooter.java:384)
	at org.apache.maven.surefire.booter.ForkedBooter.runSuitesInProcess(ForkedBooter.java:345)
	at org.apache.maven.surefire.booter.ForkedBooter.execute(ForkedBooter.java:126)
	at org.apache.maven.surefire.booter.ForkedBooter.main(ForkedBooter.java:418)
2019-10-02 07:37:37,682 [Thread-1568] INFO  client.GrpcClientProtocolService (GrpcClientProtocolService.java:lambda$processClientRequest$0(278)) - Failed RaftClientRequest:client-7A63E2030228->877c1e29-213f-4e3e-ace5-02a222c8c7a5@group-8B9B2962CD1F, cid=67, seq=0, Watch-ALL_COMMITTED(21), Message:<EMPTY>, reply=RaftClientReply:client-7A63E2030228->877c1e29-213f-4e3e-ace5-02a222c8c7a5@group-8B9B2962CD1F, cid=67, FAILED org.apache.ratis.protocol.NotReplicatedException: Request with call Id 67 and log index 21 is not yet replicated to ALL_COMMITTED, logIndex=21, commits[877c1e29-213f-4e3e-ace5-02a222c8c7a5:c2, 6fd6eee1-0931-460a-9d60-5fc0679329ea:c2, d54e5ec9-dbdf-4cc4-af70-70ef71242697:c2]
2019-10-02 07:37:38,621 [grpc-default-executor-1] WARN  server.GrpcLogAppender (LogUtils.java:warn(134)) - 877c1e29-213f-4e3e-ace5-02a222c8c7a5@group-8B9B2962CD1F->6fd6eee1-0931-460a-9d60-5fc0679329ea-AppendLogResponseHandler: Failed appendEntries: org.apache.ratis.thirdparty.io.grpc.StatusRuntimeException: UNAVAILABLE: io exception
2019-10-02 07:37:38,624 [grpc-default-executor-3] WARN  server.GrpcLogAppender (LogUtils.java:warn(134)) - 877c1e29-213f-4e3e-ace5-02a222c8c7a5@group-8B9B2962CD1F->d54e5ec9-dbdf-4cc4-af70-70ef71242697-AppendLogResponseHandler: Failed appendEntries: org.apache.ratis.thirdparty.io.grpc.StatusRuntimeException: UNAVAILABLE: io exception
2019-10-02 07:37:38,627 [grpc-default-executor-1] INFO  impl.FollowerInfo (FollowerInfo.java:lambda$new$0(51)) - 877c1e29-213f-4e3e-ace5-02a222c8c7a5@group-8B9B2962CD1F->6fd6eee1-0931-460a-9d60-5fc0679329ea: nextIndex: updateUnconditionally 0 -> 0
2019-10-02 07:37:38,627 [grpc-default-executor-3] INFO  impl.FollowerInfo (FollowerInfo.java:lambda$new$0(51)) - 877c1e29-213f-4e3e-ace5-02a222c8c7a5@group-8B9B2962CD1F->d54e5ec9-dbdf-4cc4-af70-70ef71242697: nextIndex: updateUnconditionally 0 -> 0
2019-10-02 07:37:41,123 [grpc-default-executor-1] WARN  server.GrpcLogAppender (LogUtils.java:warn(134)) - 877c1e29-213f-4e3e-ace5-02a222c8c7a5@group-8B9B2962CD1F->6fd6eee1-0931-460a-9d60-5fc0679329ea-AppendLogResponseHandler: Failed appendEntries: org.apache.ratis.thirdparty.io.grpc.StatusRuntimeException: UNAVAILABLE: io exception
2019-10-02 07:37:41,123 [grpc-default-executor-5] WARN  server.GrpcLogAppender (LogUtils.java:warn(134)) - 877c1e29-213f-4e3e-ace5-02a222c8c7a5@group-8B9B2962CD1F->d54e5ec9-dbdf-4cc4-af70-70ef71242697-AppendLogResponseHandler: Failed appendEntries: org.apache.ratis.thirdparty.io.grpc.StatusRuntimeException: UNAVAILABLE: io exception
2019-10-02 07:37:41,124 [grpc-default-executor-1] INFO  impl.FollowerInfo (FollowerInfo.java:lambda$new$0(51)) - 877c1e29-213f-4e3e-ace5-02a222c8c7a5@group-8B9B2962CD1F->6fd6eee1-0931-460a-9d60-5fc0679329ea: nextIndex: updateUnconditionally 0 -> 0
2019-10-02 07:37:41,124 [grpc-default-executor-5] INFO  impl.FollowerInfo (FollowerInfo.java:lambda$new$0(51)) - 877c1e29-213f-4e3e-ace5-02a222c8c7a5@group-8B9B2962CD1F->d54e5ec9-dbdf-4cc4-af70-70ef71242697: nextIndex: updateUnconditionally 0 -> 0
2019-10-02 07:37:43,624 [grpc-default-executor-1] WARN  server.GrpcLogAppender (LogUtils.java:warn(134)) - 877c1e29-213f-4e3e-ace5-02a222c8c7a5@group-8B9B2962CD1F->6fd6eee1-0931-460a-9d60-5fc0679329ea-AppendLogResponseHandler: Failed appendEntries: org.apache.ratis.thirdparty.io.grpc.StatusRuntimeException: UNAVAILABLE: io exception
2019-10-02 07:37:43,624 [grpc-default-executor-6] WARN  server.GrpcLogAppender (LogUtils.java:warn(134)) - 877c1e29-213f-4e3e-ace5-02a222c8c7a5@group-8B9B2962CD1F->d54e5ec9-dbdf-4cc4-af70-70ef71242697-AppendLogResponseHandler: Failed appendEntries: org.apache.ratis.thirdparty.io.grpc.StatusRuntimeException: UNAVAILABLE: io exception
2019-10-02 07:37:43,625 [grpc-default-executor-1] INFO  impl.FollowerInfo (FollowerInfo.java:lambda$new$0(51)) - 877c1e29-213f-4e3e-ace5-02a222c8c7a5@group-8B9B2962CD1F->6fd6eee1-0931-460a-9d60-5fc0679329ea: nextIndex: updateUnconditionally 0 -> 0
2019-10-02 07:37:43,625 [grpc-default-executor-6] INFO  impl.FollowerInfo (FollowerInfo.java:lambda$new$0(51)) - 877c1e29-213f-4e3e-ace5-02a222c8c7a5@group-8B9B2962CD1F->d54e5ec9-dbdf-4cc4-af70-70ef71242697: nextIndex: updateUnconditionally 0 -> 0
2019-10-02 07:37:46,124 [grpc-default-executor-3] WARN  server.GrpcLogAppender (LogUtils.java:warn(134)) - 877c1e29-213f-4e3e-ace5-02a222c8c7a5@group-8B9B2962CD1F->d54e5ec9-dbdf-4cc4-af70-70ef71242697-AppendLogResponseHandler: Failed appendEntries: org.apache.ratis.thirdparty.io.grpc.StatusRuntimeException: UNAVAILABLE: io exception
2019-10-02 07:37:46,124 [grpc-default-executor-5] WARN  server.GrpcLogAppender (LogUtils.java:warn(134)) - 877c1e29-213f-4e3e-ace5-02a222c8c7a5@group-8B9B2962CD1F->6fd6eee1-0931-460a-9d60-5fc0679329ea-AppendLogResponseHandler: Failed appendEntries: org.apache.ratis.thirdparty.io.grpc.StatusRuntimeException: UNAVAILABLE: io exception
2019-10-02 07:37:46,125 [grpc-default-executor-3] INFO  impl.FollowerInfo (FollowerInfo.java:lambda$new$0(51)) - 877c1e29-213f-4e3e-ace5-02a222c8c7a5@group-8B9B2962CD1F->d54e5ec9-dbdf-4cc4-af70-70ef71242697: nextIndex: updateUnconditionally 0 -> 0
2019-10-02 07:37:46,125 [grpc-default-executor-5] INFO  impl.FollowerInfo (FollowerInfo.java:lambda$new$0(51)) - 877c1e29-213f-4e3e-ace5-02a222c8c7a5@group-8B9B2962CD1F->6fd6eee1-0931-460a-9d60-5fc0679329ea: nextIndex: updateUnconditionally 0 -> 0
2019-10-02 07:37:46,683 [Thread-1583] INFO  client.GrpcClientProtocolService (GrpcClientProtocolService.java:lambda$processClientRequest$0(278)) - Failed RaftClientRequest:client-7A63E2030228->877c1e29-213f-4e3e-ace5-02a222c8c7a5@group-8B9B2962CD1F, cid=67, seq=0, Watch-ALL_COMMITTED(21), Message:<EMPTY>, reply=RaftClientReply:client-7A63E2030228->877c1e29-213f-4e3e-ace5-02a222c8c7a5@group-8B9B2962CD1F, cid=67, FAILED org.apache.ratis.protocol.NotReplicatedException: Request with call Id 67 and log index 21 is not yet replicated to ALL_COMMITTED, logIndex=21, commits[877c1e29-213f-4e3e-ace5-02a222c8c7a5:c2, 6fd6eee1-0931-460a-9d60-5fc0679329ea:c2, d54e5ec9-dbdf-4cc4-af70-70ef71242697:c2]
2019-10-02 07:37:47,685 [Thread-1584] INFO  client.GrpcClientProtocolService (GrpcClientProtocolService.java:lambda$processClientRequest$0(278)) - Failed RaftClientRequest:client-7A63E2030228->877c1e29-213f-4e3e-ace5-02a222c8c7a5@group-8B9B2962CD1F, cid=68, seq=0, Watch-MAJORITY_COMMITTED(21), Message:<EMPTY>, reply=RaftClientReply:client-7A63E2030228->877c1e29-213f-4e3e-ace5-02a222c8c7a5@group-8B9B2962CD1F, cid=68, FAILED org.apache.ratis.protocol.NotReplicatedException: Request with call Id 68 and log index 21 is not yet replicated to MAJORITY_COMMITTED, logIndex=21, commits[877c1e29-213f-4e3e-ace5-02a222c8c7a5:c2, 6fd6eee1-0931-460a-9d60-5fc0679329ea:c2, d54e5ec9-dbdf-4cc4-af70-70ef71242697:c2]
2019-10-02 07:37:48,626 [grpc-default-executor-4] WARN  server.GrpcLogAppender (LogUtils.java:warn(134)) - 877c1e29-213f-4e3e-ace5-02a222c8c7a5@group-8B9B2962CD1F->d54e5ec9-dbdf-4cc4-af70-70ef71242697-AppendLogResponseHandler: Failed appendEntries: org.apache.ratis.thirdparty.io.grpc.StatusRuntimeException: UNAVAILABLE: io exception
2019-10-02 07:37:48,628 [grpc-default-executor-5] WARN  server.GrpcLogAppender (LogUtils.java:warn(134)) - 877c1e29-213f-4e3e-ace5-02a222c8c7a5@group-8B9B2962CD1F->6fd6eee1-0931-460a-9d60-5fc0679329ea-AppendLogResponseHandler: Failed appendEntries: org.apache.ratis.thirdparty.io.grpc.StatusRuntimeException: UNAVAILABLE: io exception
2019-10-02 07:37:48,631 [grpc-default-executor-4] INFO  impl.FollowerInfo (FollowerInfo.java:lambda$new$0(51)) - 877c1e29-213f-4e3e-ace5-02a222c8c7a5@group-8B9B2962CD1F->d54e5ec9-dbdf-4cc4-af70-70ef71242697: nextIndex: updateUnconditionally 0 -> 0
2019-10-02 07:37:48,632 [grpc-default-executor-5] INFO  impl.FollowerInfo (FollowerInfo.java:lambda$new$0(51)) - 877c1e29-213f-4e3e-ace5-02a222c8c7a5@group-8B9B2962CD1F->6fd6eee1-0931-460a-9d60-5fc0679329ea: nextIndex: updateUnconditionally 0 -> 0
2019-10-02 07:37:51,127 [grpc-default-executor-1] WARN  server.GrpcLogAppender (LogUtils.java:warn(134)) - 877c1e29-213f-4e3e-ace5-02a222c8c7a5@group-8B9B2962CD1F->6fd6eee1-0931-460a-9d60-5fc0679329ea-AppendLogResponseHandler: Failed appendEntries: org.apache.ratis.thirdparty.io.grpc.StatusRuntimeException: UNAVAILABLE: io exception
2019-10-02 07:37:51,127 [grpc-default-executor-5] WARN  server.GrpcLogAppender (LogUtils.java:warn(134)) - 877c1e29-213f-4e3e-ace5-02a222c8c7a5@group-8B9B2962CD1F->d54e5ec9-dbdf-4cc4-af70-70ef71242697-AppendLogResponseHandler: Failed appendEntries: org.apache.ratis.thirdparty.io.grpc.StatusRuntimeException: UNAVAILABLE: io exception
2019-10-02 07:37:51,127 [grpc-default-executor-1] INFO  impl.FollowerInfo (FollowerInfo.java:lambda$new$0(51)) - 877c1e29-213f-4e3e-ace5-02a222c8c7a5@group-8B9B2962CD1F->6fd6eee1-0931-460a-9d60-5fc0679329ea: nextIndex: updateUnconditionally 0 -> 0
2019-10-02 07:37:51,127 [grpc-default-executor-5] INFO  impl.FollowerInfo (FollowerInfo.java:lambda$new$0(51)) - 877c1e29-213f-4e3e-ace5-02a222c8c7a5@group-8B9B2962CD1F->d54e5ec9-dbdf-4cc4-af70-70ef71242697: nextIndex: updateUnconditionally 0 -> 0
2019-10-02 07:37:53,627 [grpc-default-executor-3] WARN  server.GrpcLogAppender (LogUtils.java:warn(134)) - 877c1e29-213f-4e3e-ace5-02a222c8c7a5@group-8B9B2962CD1F->d54e5ec9-dbdf-4cc4-af70-70ef71242697-AppendLogResponseHandler: Failed appendEntries: org.apache.ratis.thirdparty.io.grpc.StatusRuntimeException: UNAVAILABLE: io exception
2019-10-02 07:37:53,627 [grpc-default-executor-5] WARN  server.GrpcLogAppender (LogUtils.java:warn(134)) - 877c1e29-213f-4e3e-ace5-02a222c8c7a5@group-8B9B2962CD1F->6fd6eee1-0931-460a-9d60-5fc0679329ea-AppendLogResponseHandler: Failed appendEntries: org.apache.ratis.thirdparty.io.grpc.StatusRuntimeException: UNAVAILABLE: io exception
2019-10-02 07:37:53,628 [grpc-default-executor-3] INFO  impl.FollowerInfo (FollowerInfo.java:lambda$new$0(51)) - 877c1e29-213f-4e3e-ace5-02a222c8c7a5@group-8B9B2962CD1F->d54e5ec9-dbdf-4cc4-af70-70ef71242697: nextIndex: updateUnconditionally 0 -> 0
2019-10-02 07:37:53,628 [grpc-default-executor-5] INFO  impl.FollowerInfo (FollowerInfo.java:lambda$new$0(51)) - 877c1e29-213f-4e3e-ace5-02a222c8c7a5@group-8B9B2962CD1F->6fd6eee1-0931-460a-9d60-5fc0679329ea: nextIndex: updateUnconditionally 0 -> 0
2019-10-02 07:37:56,129 [grpc-default-executor-4] WARN  server.GrpcLogAppender (LogUtils.java:warn(134)) - 877c1e29-213f-4e3e-ace5-02a222c8c7a5@group-8B9B2962CD1F->6fd6eee1-0931-460a-9d60-5fc0679329ea-AppendLogResponseHandler: Failed appendEntries: org.apache.ratis.thirdparty.io.grpc.StatusRuntimeException: UNAVAILABLE: io exception
2019-10-02 07:37:56,129 [grpc-default-executor-6] WARN  server.GrpcLogAppender (LogUtils.java:warn(134)) - 877c1e29-213f-4e3e-ace5-02a222c8c7a5@group-8B9B2962CD1F->d54e5ec9-dbdf-4cc4-af70-70ef71242697-AppendLogResponseHandler: Failed appendEntries: org.apache.ratis.thirdparty.io.grpc.StatusRuntimeException: UNAVAILABLE: io exception
2019-10-02 07:37:56,130 [grpc-default-executor-4] INFO  impl.FollowerInfo (FollowerInfo.java:lambda$new$0(51)) - 877c1e29-213f-4e3e-ace5-02a222c8c7a5@group-8B9B2962CD1F->6fd6eee1-0931-460a-9d60-5fc0679329ea: nextIndex: updateUnconditionally 0 -> 0
2019-10-02 07:37:56,130 [grpc-default-executor-6] INFO  impl.FollowerInfo (FollowerInfo.java:lambda$new$0(51)) - 877c1e29-213f-4e3e-ace5-02a222c8c7a5@group-8B9B2962CD1F->d54e5ec9-dbdf-4cc4-af70-70ef71242697: nextIndex: updateUnconditionally 0 -> 0
]]></system-out>
    <system-err><![CDATA[Oct 02, 2019 7:37:11 AM org.apache.ratis.thirdparty.io.grpc.internal.SerializingExecutor run
SEVERE: Exception while executing runnable org.apache.ratis.thirdparty.io.grpc.internal.ServerImpl$JumpToApplicationThreadServerStreamListener$1Closed@3af318e2
org.apache.ratis.thirdparty.io.grpc.StatusRuntimeException: CANCELLED: call already cancelled
	at org.apache.ratis.thirdparty.io.grpc.Status.asRuntimeException(Status.java:517)
	at org.apache.ratis.thirdparty.io.grpc.stub.ServerCalls$ServerCallStreamObserverImpl.onCompleted(ServerCalls.java:356)
	at org.apache.ratis.grpc.server.GrpcServerProtocolService$ServerRequestStreamObserver.onError(GrpcServerProtocolService.java:121)
	at org.apache.ratis.thirdparty.io.grpc.stub.ServerCalls$StreamingServerCallHandler$StreamingServerCallListener.onCancel(ServerCalls.java:269)
	at org.apache.ratis.thirdparty.io.grpc.internal.ServerCallImpl$ServerStreamListenerImpl.closed(ServerCallImpl.java:293)
	at org.apache.ratis.thirdparty.io.grpc.internal.ServerImpl$JumpToApplicationThreadServerStreamListener$1Closed.runInContext(ServerImpl.java:741)
	at org.apache.ratis.thirdparty.io.grpc.internal.ContextRunnable.run(ContextRunnable.java:37)
	at org.apache.ratis.thirdparty.io.grpc.internal.SerializingExecutor.run(SerializingExecutor.java:123)
	at java.util.concurrent.ThreadPoolExecutor.runWorker(ThreadPoolExecutor.java:1149)
	at java.util.concurrent.ThreadPoolExecutor$Worker.run(ThreadPoolExecutor.java:624)
	at java.lang.Thread.run(Thread.java:748)

Oct 02, 2019 7:37:16 AM org.apache.ratis.thirdparty.io.grpc.internal.SerializingExecutor run
SEVERE: Exception while executing runnable org.apache.ratis.thirdparty.io.grpc.internal.ServerImpl$JumpToApplicationThreadServerStreamListener$1Closed@49bce732
org.apache.ratis.thirdparty.io.grpc.StatusRuntimeException: CANCELLED: call already cancelled
	at org.apache.ratis.thirdparty.io.grpc.Status.asRuntimeException(Status.java:517)
	at org.apache.ratis.thirdparty.io.grpc.stub.ServerCalls$ServerCallStreamObserverImpl.onCompleted(ServerCalls.java:356)
	at org.apache.ratis.grpc.server.GrpcServerProtocolService$ServerRequestStreamObserver.onError(GrpcServerProtocolService.java:121)
	at org.apache.ratis.thirdparty.io.grpc.stub.ServerCalls$StreamingServerCallHandler$StreamingServerCallListener.onCancel(ServerCalls.java:269)
	at org.apache.ratis.thirdparty.io.grpc.internal.ServerCallImpl$ServerStreamListenerImpl.closed(ServerCallImpl.java:293)
	at org.apache.ratis.thirdparty.io.grpc.internal.ServerImpl$JumpToApplicationThreadServerStreamListener$1Closed.runInContext(ServerImpl.java:741)
	at org.apache.ratis.thirdparty.io.grpc.internal.ContextRunnable.run(ContextRunnable.java:37)
	at org.apache.ratis.thirdparty.io.grpc.internal.SerializingExecutor.run(SerializingExecutor.java:123)
	at java.util.concurrent.ThreadPoolExecutor.runWorker(ThreadPoolExecutor.java:1149)
	at java.util.concurrent.ThreadPoolExecutor$Worker.run(ThreadPoolExecutor.java:624)
	at java.lang.Thread.run(Thread.java:748)

]]></system-err>
  </testcase>
  <testcase name="testWatchForCommitForGroupMismatchException" classname="org.apache.hadoop.ozone.client.rpc.TestWatchForCommit" time="32.669"/>
  <testcase name="test2WayCommitForTimeoutException" classname="org.apache.hadoop.ozone.client.rpc.TestWatchForCommit" time="28.14">
    <error type="java.util.concurrent.TimeoutException">java.util.concurrent.TimeoutException
	at java.util.concurrent.CompletableFuture.timedGet(CompletableFuture.java:1771)
	at java.util.concurrent.CompletableFuture.get(CompletableFuture.java:1915)
	at org.apache.hadoop.hdds.scm.XceiverClientRatis.watchForCommit(XceiverClientRatis.java:298)
	at org.apache.hadoop.ozone.client.rpc.TestWatchForCommit.test2WayCommitForTimeoutException(TestWatchForCommit.java:391)
	at sun.reflect.NativeMethodAccessorImpl.invoke0(Native Method)
	at sun.reflect.NativeMethodAccessorImpl.invoke(NativeMethodAccessorImpl.java:62)
	at sun.reflect.DelegatingMethodAccessorImpl.invoke(DelegatingMethodAccessorImpl.java:43)
	at java.lang.reflect.Method.invoke(Method.java:498)
	at org.junit.runners.model.FrameworkMethod$1.runReflectiveCall(FrameworkMethod.java:47)
	at org.junit.internal.runners.model.ReflectiveCallable.run(ReflectiveCallable.java:12)
	at org.junit.runners.model.FrameworkMethod.invokeExplosively(FrameworkMethod.java:44)
	at org.junit.internal.runners.statements.InvokeMethod.evaluate(InvokeMethod.java:17)
	at org.junit.runners.ParentRunner.runLeaf(ParentRunner.java:271)
	at org.junit.runners.BlockJUnit4ClassRunner.runChild(BlockJUnit4ClassRunner.java:70)
	at org.junit.runners.BlockJUnit4ClassRunner.runChild(BlockJUnit4ClassRunner.java:50)
	at org.junit.runners.ParentRunner$3.run(ParentRunner.java:238)
	at org.junit.runners.ParentRunner$1.schedule(ParentRunner.java:63)
	at org.junit.runners.ParentRunner.runChildren(ParentRunner.java:236)
	at org.junit.runners.ParentRunner.access$000(ParentRunner.java:53)
	at org.junit.runners.ParentRunner$2.evaluate(ParentRunner.java:229)
	at org.junit.runners.ParentRunner.run(ParentRunner.java:309)
	at org.apache.maven.surefire.junit4.JUnit4Provider.execute(JUnit4Provider.java:365)
	at org.apache.maven.surefire.junit4.JUnit4Provider.executeWithRerun(JUnit4Provider.java:273)
	at org.apache.maven.surefire.junit4.JUnit4Provider.executeTestSet(JUnit4Provider.java:238)
	at org.apache.maven.surefire.junit4.JUnit4Provider.invoke(JUnit4Provider.java:159)
	at org.apache.maven.surefire.booter.ForkedBooter.invokeProviderInSameClassLoader(ForkedBooter.java:384)
	at org.apache.maven.surefire.booter.ForkedBooter.runSuitesInProcess(ForkedBooter.java:345)
	at org.apache.maven.surefire.booter.ForkedBooter.execute(ForkedBooter.java:126)
	at org.apache.maven.surefire.booter.ForkedBooter.main(ForkedBooter.java:418)
</error>
    <system-out><![CDATA[2019-10-02 07:38:29,109 [main] WARN  server.ServerUtils (ServerUtils.java:getScmDbDir(145)) - ozone.scm.db.dirs is not configured. We recommend adding this setting. Falling back to ozone.metadata.dirs instead.
2019-10-02 07:38:29,124 [main] WARN  server.ServerUtils (ServerUtils.java:getScmDbDir(145)) - ozone.scm.db.dirs is not configured. We recommend adding this setting. Falling back to ozone.metadata.dirs instead.
2019-10-02 07:38:29,124 [main] WARN  server.ServerUtils (ServerUtils.java:getScmDbDir(145)) - ozone.scm.db.dirs is not configured. We recommend adding this setting. Falling back to ozone.metadata.dirs instead.
2019-10-02 07:38:29,125 [main] INFO  db.DBStoreBuilder (DBStoreBuilder.java:addTable(110)) - using custom profile for table: deletedBlocks
2019-10-02 07:38:29,125 [main] INFO  db.DBStoreBuilder (DBStoreBuilder.java:processTables(161)) - Using default column profile:DBProfile.DISK for Table:deletedBlocks
2019-10-02 07:38:29,125 [main] INFO  db.DBStoreBuilder (DBStoreBuilder.java:addTable(110)) - using custom profile for table: validCerts
2019-10-02 07:38:29,125 [main] INFO  db.DBStoreBuilder (DBStoreBuilder.java:processTables(161)) - Using default column profile:DBProfile.DISK for Table:validCerts
2019-10-02 07:38:29,126 [main] INFO  db.DBStoreBuilder (DBStoreBuilder.java:addTable(110)) - using custom profile for table: revokedCerts
2019-10-02 07:38:29,126 [main] INFO  db.DBStoreBuilder (DBStoreBuilder.java:processTables(161)) - Using default column profile:DBProfile.DISK for Table:revokedCerts
2019-10-02 07:38:29,126 [main] INFO  db.DBStoreBuilder (DBStoreBuilder.java:addTable(110)) - using custom profile for table: default
2019-10-02 07:38:29,126 [main] INFO  db.DBStoreBuilder (DBStoreBuilder.java:processTables(167)) - Using default column profile:DBProfile.DISK for Table:default
2019-10-02 07:38:29,126 [main] INFO  db.DBStoreBuilder (DBStoreBuilder.java:getDbProfile(198)) - Using default options. DBProfile.DISK
2019-10-02 07:38:29,291 [main] INFO  net.NodeSchemaLoader (NodeSchemaLoader.java:loadSchemaFromFile(125)) - Loading file from sun.misc.CompoundEnumeration@8fcc534
2019-10-02 07:38:29,291 [main] INFO  net.NodeSchemaLoader (NodeSchemaLoader.java:loadSchema(171)) - Loading network topology layer schema file
2019-10-02 07:38:29,295 [main] WARN  server.ServerUtils (ServerUtils.java:sanitizeUserArgs(70)) - ozone.scm.stale.node.interval value = 300000 is larger than max = 100000 based on the key value of ozone.scm.heartbeat.thread.interval, reset to the max value 100000.
2019-10-02 07:38:29,295 [main] WARN  server.ServerUtils (ServerUtils.java:sanitizeUserArgs(70)) - ozone.scm.stale.node.interval value = 300000 is larger than max = 100000 based on the key value of ozone.scm.heartbeat.thread.interval, reset to the max value 100000.
2019-10-02 07:38:29,296 [main] INFO  node.SCMNodeManager (SCMNodeManager.java:<init>(114)) - Entering startup safe mode.
2019-10-02 07:38:29,296 [main] INFO  algorithms.ContainerPlacementPolicyFactory (ContainerPlacementPolicyFactory.java:getPolicy(57)) - Create container placement policy of type org.apache.hadoop.hdds.scm.container.placement.algorithms.SCMContainerPlacementRandom
2019-10-02 07:38:29,296 [main] WARN  server.ServerUtils (ServerUtils.java:getScmDbDir(145)) - ozone.scm.db.dirs is not configured. We recommend adding this setting. Falling back to ozone.metadata.dirs instead.
2019-10-02 07:38:29,324 [main] INFO  pipeline.SCMPipelineManager (SCMPipelineManager.java:initializePipelineState(132)) - No pipeline exists in current db
2019-10-02 07:38:29,324 [main] WARN  server.ServerUtils (ServerUtils.java:getScmDbDir(145)) - ozone.scm.db.dirs is not configured. We recommend adding this setting. Falling back to ozone.metadata.dirs instead.
2019-10-02 07:38:29,353 [main] WARN  events.EventQueue (EventQueue.java:fireEvent(183)) - No event handler registered for event TypedEvent{payloadType=SafeModeStatus, name='SafeModeStatus'}
2019-10-02 07:38:29,354 [main] INFO  ipc.CallQueueManager (CallQueueManager.java:<init>(84)) - Using callQueue: class java.util.concurrent.LinkedBlockingQueue, queueCapacity: 2000, scheduler: class org.apache.hadoop.ipc.DefaultRpcScheduler, ipcBackoff: false.
2019-10-02 07:38:29,355 [Socket Reader #1 for port 42331] INFO  ipc.Server (Server.java:run(1074)) - Starting Socket Reader #1 for port 42331
2019-10-02 07:38:29,359 [main] INFO  ipc.CallQueueManager (CallQueueManager.java:<init>(84)) - Using callQueue: class java.util.concurrent.LinkedBlockingQueue, queueCapacity: 2000, scheduler: class org.apache.hadoop.ipc.DefaultRpcScheduler, ipcBackoff: false.
2019-10-02 07:38:29,360 [Socket Reader #1 for port 37804] INFO  ipc.Server (Server.java:run(1074)) - Starting Socket Reader #1 for port 37804
2019-10-02 07:38:29,363 [main] INFO  ipc.CallQueueManager (CallQueueManager.java:<init>(84)) - Using callQueue: class java.util.concurrent.LinkedBlockingQueue, queueCapacity: 2000, scheduler: class org.apache.hadoop.ipc.DefaultRpcScheduler, ipcBackoff: false.
2019-10-02 07:38:29,364 [Socket Reader #1 for port 36033] INFO  ipc.Server (Server.java:run(1074)) - Starting Socket Reader #1 for port 36033
2019-10-02 07:38:29,368 [main] INFO  hdfs.DFSUtil (DFSUtil.java:httpServerTemplateForNNAndJN(1641)) - Starting Web-server for scm at: http://0.0.0.0:0
2019-10-02 07:38:29,371 [main] INFO  server.AuthenticationFilter (AuthenticationFilter.java:constructSecretProvider(240)) - Unable to initialize FileSignerSecretProvider, falling back to use random secrets.
2019-10-02 07:38:29,372 [main] WARN  http.HttpRequestLog (HttpRequestLog.java:getRequestLog(97)) - Jetty request log can only be enabled using Log4j
2019-10-02 07:38:29,375 [main] INFO  http.HttpServer2 (HttpServer2.java:addGlobalFilter(975)) - Added global filter 'safety' (class=org.apache.hadoop.http.HttpServer2$QuotingInputFilter)
2019-10-02 07:38:29,376 [main] INFO  http.HttpServer2 (HttpServer2.java:addFilter(948)) - Added filter static_user_filter (class=org.apache.hadoop.http.lib.StaticUserWebFilter$StaticUserFilter) to context scm
2019-10-02 07:38:29,376 [main] INFO  http.HttpServer2 (HttpServer2.java:addFilter(958)) - Added filter static_user_filter (class=org.apache.hadoop.http.lib.StaticUserWebFilter$StaticUserFilter) to context logs
2019-10-02 07:38:29,376 [main] INFO  http.HttpServer2 (HttpServer2.java:addFilter(958)) - Added filter static_user_filter (class=org.apache.hadoop.http.lib.StaticUserWebFilter$StaticUserFilter) to context static
2019-10-02 07:38:29,379 [main] INFO  server.StorageContainerManager (StorageContainerManager.java:start(770)) - StorageContainerLocationProtocol RPC server is listening at /0.0.0.0:36033
2019-10-02 07:38:29,382 [main] WARN  impl.MetricsConfig (MetricsConfig.java:loadFirst(134)) - Cannot locate configuration: tried hadoop-metrics2-storagecontainermanager.properties,hadoop-metrics2.properties
2019-10-02 07:38:29,383 [main] INFO  impl.MetricsSystemImpl (MetricsSystemImpl.java:startTimer(374)) - Scheduled Metric snapshot period at 10 second(s).
2019-10-02 07:38:29,383 [main] INFO  impl.MetricsSystemImpl (MetricsSystemImpl.java:start(191)) - StorageContainerManager metrics system started
2019-10-02 07:38:29,694 [main] WARN  impl.MetricsSystemImpl (MetricsSystemImpl.java:register(276)) - Sink prometheus already exists!
2019-10-02 07:38:29,957 [main] INFO  server.SCMClientProtocolServer (SCMClientProtocolServer.java:start(150)) - RPC server for Client  is listening at /0.0.0.0:36033
2019-10-02 07:38:29,957 [IPC Server Responder] INFO  ipc.Server (Server.java:run(1314)) - IPC Server Responder: starting
2019-10-02 07:38:29,961 [IPC Server listener on 36033] INFO  ipc.Server (Server.java:run(1153)) - IPC Server listener on 36033: starting
2019-10-02 07:38:29,965 [main] INFO  server.StorageContainerManager (StorageContainerManager.java:start(780)) - ScmBlockLocationProtocol RPC server is listening at /0.0.0.0:37804
2019-10-02 07:38:29,965 [main] INFO  server.SCMBlockProtocolServer (SCMBlockProtocolServer.java:start(146)) - RPC server for Block Protocol is listening at /0.0.0.0:37804
2019-10-02 07:38:29,966 [IPC Server Responder] INFO  ipc.Server (Server.java:run(1314)) - IPC Server Responder: starting
2019-10-02 07:38:29,966 [IPC Server listener on 37804] INFO  ipc.Server (Server.java:run(1153)) - IPC Server listener on 37804: starting
2019-10-02 07:38:29,977 [main] INFO  server.StorageContainerManager (StorageContainerManager.java:start(784)) - ScmDatanodeProtocl RPC server is listening at /0.0.0.0:42331
2019-10-02 07:38:29,977 [main] INFO  server.SCMDatanodeProtocolServer (SCMDatanodeProtocolServer.java:start(191)) - RPC server for DataNodes is listening at /0.0.0.0:42331
2019-10-02 07:38:29,978 [IPC Server Responder] INFO  ipc.Server (Server.java:run(1314)) - IPC Server Responder: starting
2019-10-02 07:38:29,978 [IPC Server listener on 42331] INFO  ipc.Server (Server.java:run(1153)) - IPC Server listener on 42331: starting
2019-10-02 07:38:29,983 [main] INFO  http.HttpServer2 (HttpServer2.java:bindListener(1191)) - Jetty bound to port 41748
2019-10-02 07:38:29,983 [main] INFO  server.Server (Server.java:doStart(351)) - jetty-9.3.25.v20180904, build timestamp: 2018-09-04T21:11:46Z, git hash: 3ce520221d0240229c862b122d2b06c12a625732
2019-10-02 07:38:29,984 [main] INFO  handler.ContextHandler (ContextHandler.java:doStart(781)) - Started o.e.j.s.ServletContextHandler@46a123e4{/logs,file:///workdir/hadoop-ozone/integration-test/target/log,AVAILABLE}
2019-10-02 07:38:29,985 [main] INFO  handler.ContextHandler (ContextHandler.java:doStart(781)) - Started o.e.j.s.ServletContextHandler@3c28e5b6{/static,file:///workdir/hadoop-ozone/integration-test/target/test-classes/webapps/static,AVAILABLE}
2019-10-02 07:38:29,988 [main] INFO  handler.ContextHandler (ContextHandler.java:doStart(781)) - Started o.e.j.w.WebAppContext@32ea16b7{/,file:///workdir/hadoop-ozone/integration-test/target/test-classes/webapps/scm/,AVAILABLE}{/scm}
2019-10-02 07:38:29,989 [main] INFO  server.AbstractConnector (AbstractConnector.java:doStart(278)) - Started ServerConnector@62b6c045{HTTP/1.1,[http/1.1]}{0.0.0.0:41748}
2019-10-02 07:38:29,991 [main] INFO  server.Server (Server.java:doStart(419)) - Started @213000ms
2019-10-02 07:38:29,991 [main] WARN  impl.MetricsSystemImpl (MetricsSystemImpl.java:register(276)) - Sink prometheus already exists!
2019-10-02 07:38:29,992 [main] INFO  server.BaseHttpServer (BaseHttpServer.java:updateConnectorAddress(215)) - HTTP server of SCM is listening at http://0.0.0.0:41748
2019-10-02 07:38:29,994 [main] WARN  server.ServerUtils (ServerUtils.java:getDBPath(222)) - ozone.om.db.dirs is not configured. We recommend adding this setting. Falling back to ozone.metadata.dirs instead.
2019-10-02 07:38:29,994 [org.apache.hadoop.util.JvmPauseMonitor$Monitor@46b2dcc5] INFO  util.JvmPauseMonitor (JvmPauseMonitor.java:run(188)) - Starting JVM pause monitor
2019-10-02 07:38:30,020 [main] WARN  server.ServerUtils (ServerUtils.java:getDBPath(222)) - ozone.om.db.dirs is not configured. We recommend adding this setting. Falling back to ozone.metadata.dirs instead.
2019-10-02 07:38:30,021 [main] WARN  server.ServerUtils (ServerUtils.java:getDBPath(222)) - ozone.om.db.dirs is not configured. We recommend adding this setting. Falling back to ozone.metadata.dirs instead.
2019-10-02 07:38:30,021 [main] INFO  om.OzoneManager (OzoneManager.java:setOMNodeDetails(652)) - OM Service ID is not set. Setting it to the default ID: omServiceIdDefault
2019-10-02 07:38:30,022 [main] INFO  om.OzoneManager (OzoneManager.java:setOMNodeDetails(658)) - OM Node ID is not set. Setting it to the OmStorage's OmID: 41c65661-e28d-4fdb-ab43-226e06970ee3
2019-10-02 07:38:30,022 [main] INFO  om.OzoneManager (OzoneManager.java:loadOMHAConfigs(609)) - Found matching OM address with OMServiceId: null, OMNodeId: null, RPC Address: localhost:0 and Ratis port: 9872
2019-10-02 07:38:30,036 [main] WARN  server.ServerUtils (ServerUtils.java:getDBPath(222)) - ozone.om.db.dirs is not configured. We recommend adding this setting. Falling back to ozone.metadata.dirs instead.
2019-10-02 07:38:30,036 [main] INFO  db.DBStoreBuilder (DBStoreBuilder.java:addTable(110)) - using custom profile for table: userTable
2019-10-02 07:38:30,036 [main] INFO  db.DBStoreBuilder (DBStoreBuilder.java:processTables(161)) - Using default column profile:DBProfile.DISK for Table:userTable
2019-10-02 07:38:30,037 [main] INFO  db.DBStoreBuilder (DBStoreBuilder.java:addTable(110)) - using custom profile for table: volumeTable
2019-10-02 07:38:30,037 [main] INFO  db.DBStoreBuilder (DBStoreBuilder.java:processTables(161)) - Using default column profile:DBProfile.DISK for Table:volumeTable
2019-10-02 07:38:30,037 [main] INFO  db.DBStoreBuilder (DBStoreBuilder.java:addTable(110)) - using custom profile for table: bucketTable
2019-10-02 07:38:30,037 [main] INFO  db.DBStoreBuilder (DBStoreBuilder.java:processTables(161)) - Using default column profile:DBProfile.DISK for Table:bucketTable
2019-10-02 07:38:30,038 [main] INFO  db.DBStoreBuilder (DBStoreBuilder.java:addTable(110)) - using custom profile for table: keyTable
2019-10-02 07:38:30,038 [main] INFO  db.DBStoreBuilder (DBStoreBuilder.java:processTables(161)) - Using default column profile:DBProfile.DISK for Table:keyTable
2019-10-02 07:38:30,038 [main] INFO  db.DBStoreBuilder (DBStoreBuilder.java:addTable(110)) - using custom profile for table: deletedTable
2019-10-02 07:38:30,038 [main] INFO  db.DBStoreBuilder (DBStoreBuilder.java:processTables(161)) - Using default column profile:DBProfile.DISK for Table:deletedTable
2019-10-02 07:38:30,039 [main] INFO  db.DBStoreBuilder (DBStoreBuilder.java:addTable(110)) - using custom profile for table: openKeyTable
2019-10-02 07:38:30,039 [main] INFO  db.DBStoreBuilder (DBStoreBuilder.java:processTables(161)) - Using default column profile:DBProfile.DISK for Table:openKeyTable
2019-10-02 07:38:30,039 [main] INFO  db.DBStoreBuilder (DBStoreBuilder.java:addTable(110)) - using custom profile for table: s3Table
2019-10-02 07:38:30,039 [main] INFO  db.DBStoreBuilder (DBStoreBuilder.java:processTables(161)) - Using default column profile:DBProfile.DISK for Table:s3Table
2019-10-02 07:38:30,039 [main] INFO  db.DBStoreBuilder (DBStoreBuilder.java:addTable(110)) - using custom profile for table: multipartInfoTable
2019-10-02 07:38:30,040 [main] INFO  db.DBStoreBuilder (DBStoreBuilder.java:processTables(161)) - Using default column profile:DBProfile.DISK for Table:multipartInfoTable
2019-10-02 07:38:30,040 [main] INFO  db.DBStoreBuilder (DBStoreBuilder.java:addTable(110)) - using custom profile for table: dTokenTable
2019-10-02 07:38:30,040 [main] INFO  db.DBStoreBuilder (DBStoreBuilder.java:processTables(161)) - Using default column profile:DBProfile.DISK for Table:dTokenTable
2019-10-02 07:38:30,040 [main] INFO  db.DBStoreBuilder (DBStoreBuilder.java:addTable(110)) - using custom profile for table: s3SecretTable
2019-10-02 07:38:30,040 [main] INFO  db.DBStoreBuilder (DBStoreBuilder.java:processTables(161)) - Using default column profile:DBProfile.DISK for Table:s3SecretTable
2019-10-02 07:38:30,041 [main] INFO  db.DBStoreBuilder (DBStoreBuilder.java:addTable(110)) - using custom profile for table: prefixTable
2019-10-02 07:38:30,041 [main] INFO  db.DBStoreBuilder (DBStoreBuilder.java:processTables(161)) - Using default column profile:DBProfile.DISK for Table:prefixTable
2019-10-02 07:38:30,041 [main] INFO  db.DBStoreBuilder (DBStoreBuilder.java:addTable(110)) - using custom profile for table: default
2019-10-02 07:38:30,041 [main] INFO  db.DBStoreBuilder (DBStoreBuilder.java:processTables(167)) - Using default column profile:DBProfile.DISK for Table:default
2019-10-02 07:38:30,041 [main] INFO  db.DBStoreBuilder (DBStoreBuilder.java:getDbProfile(198)) - Using default options. DBProfile.DISK
2019-10-02 07:38:30,677 [main] INFO  ipc.CallQueueManager (CallQueueManager.java:<init>(84)) - Using callQueue: class java.util.concurrent.LinkedBlockingQueue, queueCapacity: 2000, scheduler: class org.apache.hadoop.ipc.DefaultRpcScheduler, ipcBackoff: false.
2019-10-02 07:38:30,678 [Socket Reader #1 for port 34772] INFO  ipc.Server (Server.java:run(1074)) - Starting Socket Reader #1 for port 34772
2019-10-02 07:38:30,691 [main] INFO  om.OzoneManager (OzoneManager.java:start(1243)) - OzoneManager RPC server is listening at localhost/127.0.0.1:34772
2019-10-02 07:38:30,691 [main] INFO  impl.MetricsSystemImpl (MetricsSystemImpl.java:init(158)) - OzoneManager metrics system started (again)
2019-10-02 07:38:30,691 [IPC Server Responder] INFO  ipc.Server (Server.java:run(1314)) - IPC Server Responder: starting
2019-10-02 07:38:30,695 [IPC Server listener on 34772] INFO  ipc.Server (Server.java:run(1153)) - IPC Server listener on 34772: starting
2019-10-02 07:38:30,702 [main] INFO  hdfs.DFSUtil (DFSUtil.java:httpServerTemplateForNNAndJN(1641)) - Starting Web-server for ozoneManager at: http://0.0.0.0:0
2019-10-02 07:38:30,704 [main] INFO  server.AuthenticationFilter (AuthenticationFilter.java:constructSecretProvider(240)) - Unable to initialize FileSignerSecretProvider, falling back to use random secrets.
2019-10-02 07:38:30,704 [main] WARN  http.HttpRequestLog (HttpRequestLog.java:getRequestLog(97)) - Jetty request log can only be enabled using Log4j
2019-10-02 07:38:30,706 [main] INFO  http.HttpServer2 (HttpServer2.java:addGlobalFilter(975)) - Added global filter 'safety' (class=org.apache.hadoop.http.HttpServer2$QuotingInputFilter)
2019-10-02 07:38:30,707 [main] INFO  http.HttpServer2 (HttpServer2.java:addFilter(948)) - Added filter static_user_filter (class=org.apache.hadoop.http.lib.StaticUserWebFilter$StaticUserFilter) to context ozoneManager
2019-10-02 07:38:30,707 [main] INFO  http.HttpServer2 (HttpServer2.java:addFilter(958)) - Added filter static_user_filter (class=org.apache.hadoop.http.lib.StaticUserWebFilter$StaticUserFilter) to context logs
2019-10-02 07:38:30,708 [main] INFO  http.HttpServer2 (HttpServer2.java:addFilter(958)) - Added filter static_user_filter (class=org.apache.hadoop.http.lib.StaticUserWebFilter$StaticUserFilter) to context static
2019-10-02 07:38:30,708 [main] INFO  http.HttpServer2 (HttpServer2.java:bindListener(1191)) - Jetty bound to port 38186
2019-10-02 07:38:30,709 [main] INFO  server.Server (Server.java:doStart(351)) - jetty-9.3.25.v20180904, build timestamp: 2018-09-04T21:11:46Z, git hash: 3ce520221d0240229c862b122d2b06c12a625732
2019-10-02 07:38:30,711 [main] INFO  handler.ContextHandler (ContextHandler.java:doStart(781)) - Started o.e.j.s.ServletContextHandler@3a11c0eb{/logs,file:///workdir/hadoop-ozone/integration-test/target/log,AVAILABLE}
2019-10-02 07:38:30,712 [main] INFO  handler.ContextHandler (ContextHandler.java:doStart(781)) - Started o.e.j.s.ServletContextHandler@2c2c3947{/static,file:///workdir/hadoop-ozone/integration-test/target/test-classes/webapps/static,AVAILABLE}
2019-10-02 07:38:30,717 [main] INFO  handler.ContextHandler (ContextHandler.java:doStart(781)) - Started o.e.j.w.WebAppContext@1e6060f1{/,file:///workdir/hadoop-ozone/integration-test/target/test-classes/webapps/ozoneManager/,AVAILABLE}{/ozoneManager}
2019-10-02 07:38:30,717 [main] INFO  server.AbstractConnector (AbstractConnector.java:doStart(278)) - Started ServerConnector@7e49ded{HTTP/1.1,[http/1.1]}{0.0.0.0:38186}
2019-10-02 07:38:30,720 [main] INFO  server.Server (Server.java:doStart(419)) - Started @213729ms
2019-10-02 07:38:30,720 [main] WARN  impl.MetricsSystemImpl (MetricsSystemImpl.java:register(276)) - Sink prometheus already exists!
2019-10-02 07:38:30,720 [main] INFO  server.BaseHttpServer (BaseHttpServer.java:updateConnectorAddress(215)) - HTTP server of OZONEMANAGER is listening at http://0.0.0.0:38186
2019-10-02 07:38:30,732 [main] INFO  impl.MetricsSystemImpl (MetricsSystemImpl.java:init(158)) - HddsDatanode metrics system started (again)
2019-10-02 07:38:30,749 [main] INFO  ozone.HddsDatanodeService (HddsDatanodeService.java:start(184)) - HddsDatanodeService host:pr-hdds-2227-gdpr-vz6hn-2718222164 ip:192.168.164.211
2019-10-02 07:38:30,758 [main] INFO  volume.HddsVolume (HddsVolume.java:<init>(176)) - Creating Volume: /workdir/hadoop-ozone/integration-test/target/test-dir/MiniOzoneClusterImpl-1724fcea-7144-4bb6-9f5f-f66b377195f9/datanode-0/data/containers/hdds of  storage type : DISK and capacity : 1482555576320
2019-10-02 07:38:30,759 [main] INFO  volume.VolumeSet (VolumeSet.java:initializeVolumeSet(170)) - Added Volume : /workdir/hadoop-ozone/integration-test/target/test-dir/MiniOzoneClusterImpl-1724fcea-7144-4bb6-9f5f-f66b377195f9/datanode-0/data/containers/hdds to VolumeSet
2019-10-02 07:38:30,759 [main] INFO  volume.ThrottledAsyncChecker (ThrottledAsyncChecker.java:schedule(139)) - Scheduling a check for org.apache.hadoop.ozone.container.common.volume.HddsVolume@391d1e33
2019-10-02 07:38:30,759 [main] INFO  volume.HddsVolumeChecker (HddsVolumeChecker.java:checkAllVolumes(202)) - Scheduled health check for volume org.apache.hadoop.ozone.container.common.volume.HddsVolume@391d1e33
2019-10-02 07:38:30,773 [main] INFO  impl.RaftServerProxy (ConfUtils.java:logGet(43)) - raft.rpc.type = GRPC (default)
2019-10-02 07:38:30,774 [main] INFO  grpc.GrpcFactory (GrpcFactory.java:checkPooledByteBufAllocatorUseCacheForAllThreads(45)) - PERFORMANCE WARNING: useCacheForAllThreads is true that may cause Netty to create a lot garbage objects and, as a result, trigger GC.
	It is recommended to disable useCacheForAllThreads by setting -Dorg.apache.ratis.thirdparty.io.netty.allocator.useCacheForAllThreads=false in command line.
2019-10-02 07:38:30,774 [main] INFO  grpc.GrpcConfigKeys$Server (ConfUtils.java:logGet(43)) - raft.grpc.server.port = 0 (default)
2019-10-02 07:38:30,774 [main] INFO  server.GrpcService (ConfUtils.java:logGet(43)) - raft.grpc.message.size.max = 33570816 (custom)
2019-10-02 07:38:30,774 [main] INFO  server.RaftServerConfigKeys (ConfUtils.java:logGet(43)) - raft.server.log.appender.buffer.byte-limit = 33554432 (custom)
2019-10-02 07:38:30,774 [main] INFO  server.GrpcService (ConfUtils.java:logGet(43)) - raft.grpc.flow.control.window = 1MB (=1048576) (default)
2019-10-02 07:38:30,775 [main] INFO  server.RaftServerConfigKeys (ConfUtils.java:logGet(43)) - raft.server.rpc.request.timeout = 3000ms (default)
2019-10-02 07:38:30,775 [main] INFO  server.RaftServerConfigKeys (ConfUtils.java:logGet(43)) - raft.server.storage.dir = [/workdir/hadoop-ozone/integration-test/target/test-dir/MiniOzoneClusterImpl-1724fcea-7144-4bb6-9f5f-f66b377195f9/datanode-0/data/ratis] (custom)
2019-10-02 07:38:30,776 [main] INFO  hdfs.DFSUtil (DFSUtil.java:httpServerTemplateForNNAndJN(1641)) - Starting Web-server for hddsDatanode at: http://0.0.0.0:0
2019-10-02 07:38:30,777 [main] INFO  server.AuthenticationFilter (AuthenticationFilter.java:constructSecretProvider(240)) - Unable to initialize FileSignerSecretProvider, falling back to use random secrets.
2019-10-02 07:38:30,778 [main] WARN  http.HttpRequestLog (HttpRequestLog.java:getRequestLog(97)) - Jetty request log can only be enabled using Log4j
2019-10-02 07:38:30,779 [main] INFO  http.HttpServer2 (HttpServer2.java:addGlobalFilter(975)) - Added global filter 'safety' (class=org.apache.hadoop.http.HttpServer2$QuotingInputFilter)
2019-10-02 07:38:30,779 [main] INFO  http.HttpServer2 (HttpServer2.java:addFilter(948)) - Added filter static_user_filter (class=org.apache.hadoop.http.lib.StaticUserWebFilter$StaticUserFilter) to context hddsDatanode
2019-10-02 07:38:30,779 [main] INFO  http.HttpServer2 (HttpServer2.java:addFilter(958)) - Added filter static_user_filter (class=org.apache.hadoop.http.lib.StaticUserWebFilter$StaticUserFilter) to context logs
2019-10-02 07:38:30,780 [main] INFO  http.HttpServer2 (HttpServer2.java:addFilter(958)) - Added filter static_user_filter (class=org.apache.hadoop.http.lib.StaticUserWebFilter$StaticUserFilter) to context static
2019-10-02 07:38:30,780 [main] INFO  http.HttpServer2 (HttpServer2.java:bindListener(1191)) - Jetty bound to port 40685
2019-10-02 07:38:30,780 [main] INFO  server.Server (Server.java:doStart(351)) - jetty-9.3.25.v20180904, build timestamp: 2018-09-04T21:11:46Z, git hash: 3ce520221d0240229c862b122d2b06c12a625732
2019-10-02 07:38:30,782 [main] INFO  handler.ContextHandler (ContextHandler.java:doStart(781)) - Started o.e.j.s.ServletContextHandler@48cd319d{/logs,file:///workdir/hadoop-ozone/integration-test/target/log,AVAILABLE}
2019-10-02 07:38:30,782 [main] INFO  handler.ContextHandler (ContextHandler.java:doStart(781)) - Started o.e.j.s.ServletContextHandler@4ef18604{/static,jar:file:/home/user/.m2/repository/org/apache/hadoop/hadoop-hdds-container-service/0.5.0-SNAPSHOT/hadoop-hdds-container-service-0.5.0-SNAPSHOT.jar!/webapps/static,AVAILABLE}
2019-10-02 07:38:30,809 [main] INFO  handler.ContextHandler (ContextHandler.java:doStart(781)) - Started o.e.j.w.WebAppContext@6b2fdffc{/,file:///tmp/jetty-0.0.0.0-40685-hddsDatanode-_-any-6674685245827360718.dir/webapp/,AVAILABLE}{/hddsDatanode}
2019-10-02 07:38:30,809 [main] INFO  server.AbstractConnector (AbstractConnector.java:doStart(278)) - Started ServerConnector@2ca3d826{HTTP/1.1,[http/1.1]}{0.0.0.0:40685}
2019-10-02 07:38:30,813 [main] INFO  server.Server (Server.java:doStart(419)) - Started @213822ms
2019-10-02 07:38:30,813 [main] WARN  impl.MetricsSystemImpl (MetricsSystemImpl.java:register(276)) - Sink prometheus already exists!
2019-10-02 07:38:30,814 [main] INFO  server.BaseHttpServer (BaseHttpServer.java:updateConnectorAddress(215)) - HTTP server of HDDSDATANODE is listening at http://0.0.0.0:40685
2019-10-02 07:38:30,814 [main] INFO  impl.MetricsSystemImpl (MetricsSystemImpl.java:init(158)) - HddsDatanode metrics system started (again)
2019-10-02 07:38:30,816 [org.apache.hadoop.util.JvmPauseMonitor$Monitor@1fad604a] INFO  util.JvmPauseMonitor (JvmPauseMonitor.java:run(188)) - Starting JVM pause monitor
2019-10-02 07:38:30,843 [Datanode State Machine Thread - 0] INFO  datanode.InitDatanodeState (InitDatanodeState.java:persistContainerDatanodeDetails(140)) - DatanodeDetails is persisted to /workdir/hadoop-ozone/integration-test/target/test-dir/MiniOzoneClusterImpl-1724fcea-7144-4bb6-9f5f-f66b377195f9/datanode-0/meta/datanode.id
2019-10-02 07:38:30,845 [main] INFO  ozone.HddsDatanodeService (HddsDatanodeService.java:start(184)) - HddsDatanodeService host:pr-hdds-2227-gdpr-vz6hn-2718222164 ip:192.168.164.211
2019-10-02 07:38:30,856 [main] INFO  volume.HddsVolume (HddsVolume.java:<init>(176)) - Creating Volume: /workdir/hadoop-ozone/integration-test/target/test-dir/MiniOzoneClusterImpl-1724fcea-7144-4bb6-9f5f-f66b377195f9/datanode-1/data/containers/hdds of  storage type : DISK and capacity : 1482555576320
2019-10-02 07:38:30,856 [main] INFO  volume.VolumeSet (VolumeSet.java:initializeVolumeSet(170)) - Added Volume : /workdir/hadoop-ozone/integration-test/target/test-dir/MiniOzoneClusterImpl-1724fcea-7144-4bb6-9f5f-f66b377195f9/datanode-1/data/containers/hdds to VolumeSet
2019-10-02 07:38:30,857 [main] INFO  volume.ThrottledAsyncChecker (ThrottledAsyncChecker.java:schedule(139)) - Scheduling a check for org.apache.hadoop.ozone.container.common.volume.HddsVolume@515ab3f2
2019-10-02 07:38:30,857 [main] INFO  volume.HddsVolumeChecker (HddsVolumeChecker.java:checkAllVolumes(202)) - Scheduled health check for volume org.apache.hadoop.ozone.container.common.volume.HddsVolume@515ab3f2
2019-10-02 07:38:30,873 [main] INFO  impl.RaftServerProxy (ConfUtils.java:logGet(43)) - raft.rpc.type = GRPC (default)
2019-10-02 07:38:30,874 [main] INFO  grpc.GrpcFactory (GrpcFactory.java:checkPooledByteBufAllocatorUseCacheForAllThreads(45)) - PERFORMANCE WARNING: useCacheForAllThreads is true that may cause Netty to create a lot garbage objects and, as a result, trigger GC.
	It is recommended to disable useCacheForAllThreads by setting -Dorg.apache.ratis.thirdparty.io.netty.allocator.useCacheForAllThreads=false in command line.
2019-10-02 07:38:30,874 [main] INFO  grpc.GrpcConfigKeys$Server (ConfUtils.java:logGet(43)) - raft.grpc.server.port = 0 (default)
2019-10-02 07:38:30,874 [main] INFO  server.GrpcService (ConfUtils.java:logGet(43)) - raft.grpc.message.size.max = 33570816 (custom)
2019-10-02 07:38:30,874 [main] INFO  server.RaftServerConfigKeys (ConfUtils.java:logGet(43)) - raft.server.log.appender.buffer.byte-limit = 33554432 (custom)
2019-10-02 07:38:30,874 [main] INFO  server.GrpcService (ConfUtils.java:logGet(43)) - raft.grpc.flow.control.window = 1MB (=1048576) (default)
2019-10-02 07:38:30,875 [main] INFO  server.RaftServerConfigKeys (ConfUtils.java:logGet(43)) - raft.server.rpc.request.timeout = 3000ms (default)
2019-10-02 07:38:30,875 [main] INFO  server.RaftServerConfigKeys (ConfUtils.java:logGet(43)) - raft.server.storage.dir = [/workdir/hadoop-ozone/integration-test/target/test-dir/MiniOzoneClusterImpl-1724fcea-7144-4bb6-9f5f-f66b377195f9/datanode-1/data/ratis] (custom)
2019-10-02 07:38:30,877 [main] INFO  hdfs.DFSUtil (DFSUtil.java:httpServerTemplateForNNAndJN(1641)) - Starting Web-server for hddsDatanode at: http://0.0.0.0:0
2019-10-02 07:38:30,878 [main] INFO  server.AuthenticationFilter (AuthenticationFilter.java:constructSecretProvider(240)) - Unable to initialize FileSignerSecretProvider, falling back to use random secrets.
2019-10-02 07:38:30,879 [main] WARN  http.HttpRequestLog (HttpRequestLog.java:getRequestLog(97)) - Jetty request log can only be enabled using Log4j
2019-10-02 07:38:30,881 [main] INFO  http.HttpServer2 (HttpServer2.java:addGlobalFilter(975)) - Added global filter 'safety' (class=org.apache.hadoop.http.HttpServer2$QuotingInputFilter)
2019-10-02 07:38:30,882 [main] INFO  http.HttpServer2 (HttpServer2.java:addFilter(948)) - Added filter static_user_filter (class=org.apache.hadoop.http.lib.StaticUserWebFilter$StaticUserFilter) to context hddsDatanode
2019-10-02 07:38:30,882 [main] INFO  http.HttpServer2 (HttpServer2.java:addFilter(958)) - Added filter static_user_filter (class=org.apache.hadoop.http.lib.StaticUserWebFilter$StaticUserFilter) to context static
2019-10-02 07:38:30,882 [main] INFO  http.HttpServer2 (HttpServer2.java:addFilter(958)) - Added filter static_user_filter (class=org.apache.hadoop.http.lib.StaticUserWebFilter$StaticUserFilter) to context logs
2019-10-02 07:38:30,883 [main] INFO  http.HttpServer2 (HttpServer2.java:bindListener(1191)) - Jetty bound to port 32972
2019-10-02 07:38:30,883 [main] INFO  server.Server (Server.java:doStart(351)) - jetty-9.3.25.v20180904, build timestamp: 2018-09-04T21:11:46Z, git hash: 3ce520221d0240229c862b122d2b06c12a625732
2019-10-02 07:38:30,885 [main] INFO  handler.ContextHandler (ContextHandler.java:doStart(781)) - Started o.e.j.s.ServletContextHandler@6c951ada{/logs,file:///workdir/hadoop-ozone/integration-test/target/log,AVAILABLE}
2019-10-02 07:38:30,886 [main] INFO  handler.ContextHandler (ContextHandler.java:doStart(781)) - Started o.e.j.s.ServletContextHandler@3b0d3a63{/static,jar:file:/home/user/.m2/repository/org/apache/hadoop/hadoop-hdds-container-service/0.5.0-SNAPSHOT/hadoop-hdds-container-service-0.5.0-SNAPSHOT.jar!/webapps/static,AVAILABLE}
2019-10-02 07:38:30,927 [main] INFO  handler.ContextHandler (ContextHandler.java:doStart(781)) - Started o.e.j.w.WebAppContext@578a5ce8{/,file:///tmp/jetty-0.0.0.0-32972-hddsDatanode-_-any-6688880472348580528.dir/webapp/,AVAILABLE}{/hddsDatanode}
2019-10-02 07:38:30,928 [main] INFO  server.AbstractConnector (AbstractConnector.java:doStart(278)) - Started ServerConnector@7c453c34{HTTP/1.1,[http/1.1]}{0.0.0.0:32972}
2019-10-02 07:38:30,931 [main] INFO  server.Server (Server.java:doStart(419)) - Started @213941ms
2019-10-02 07:38:30,931 [main] WARN  impl.MetricsSystemImpl (MetricsSystemImpl.java:register(276)) - Sink prometheus already exists!
2019-10-02 07:38:30,932 [main] INFO  server.BaseHttpServer (BaseHttpServer.java:updateConnectorAddress(215)) - HTTP server of HDDSDATANODE is listening at http://0.0.0.0:32972
2019-10-02 07:38:30,933 [main] INFO  impl.MetricsSystemImpl (MetricsSystemImpl.java:init(158)) - HddsDatanode metrics system started (again)
2019-10-02 07:38:30,960 [org.apache.hadoop.util.JvmPauseMonitor$Monitor@86b9b98] INFO  util.JvmPauseMonitor (JvmPauseMonitor.java:run(188)) - Starting JVM pause monitor
2019-10-02 07:38:30,962 [Datanode State Machine Thread - 0] INFO  datanode.InitDatanodeState (InitDatanodeState.java:persistContainerDatanodeDetails(140)) - DatanodeDetails is persisted to /workdir/hadoop-ozone/integration-test/target/test-dir/MiniOzoneClusterImpl-1724fcea-7144-4bb6-9f5f-f66b377195f9/datanode-1/meta/datanode.id
2019-10-02 07:38:30,963 [main] INFO  ozone.HddsDatanodeService (HddsDatanodeService.java:start(184)) - HddsDatanodeService host:pr-hdds-2227-gdpr-vz6hn-2718222164 ip:192.168.164.211
2019-10-02 07:38:30,972 [main] INFO  volume.HddsVolume (HddsVolume.java:<init>(176)) - Creating Volume: /workdir/hadoop-ozone/integration-test/target/test-dir/MiniOzoneClusterImpl-1724fcea-7144-4bb6-9f5f-f66b377195f9/datanode-2/data/containers/hdds of  storage type : DISK and capacity : 1482555576320
2019-10-02 07:38:30,972 [main] INFO  volume.VolumeSet (VolumeSet.java:initializeVolumeSet(170)) - Added Volume : /workdir/hadoop-ozone/integration-test/target/test-dir/MiniOzoneClusterImpl-1724fcea-7144-4bb6-9f5f-f66b377195f9/datanode-2/data/containers/hdds to VolumeSet
2019-10-02 07:38:30,973 [main] INFO  volume.ThrottledAsyncChecker (ThrottledAsyncChecker.java:schedule(139)) - Scheduling a check for org.apache.hadoop.ozone.container.common.volume.HddsVolume@216372b7
2019-10-02 07:38:30,973 [main] INFO  volume.HddsVolumeChecker (HddsVolumeChecker.java:checkAllVolumes(202)) - Scheduled health check for volume org.apache.hadoop.ozone.container.common.volume.HddsVolume@216372b7
2019-10-02 07:38:30,990 [main] INFO  impl.RaftServerProxy (ConfUtils.java:logGet(43)) - raft.rpc.type = GRPC (default)
2019-10-02 07:38:30,990 [main] INFO  grpc.GrpcFactory (GrpcFactory.java:checkPooledByteBufAllocatorUseCacheForAllThreads(45)) - PERFORMANCE WARNING: useCacheForAllThreads is true that may cause Netty to create a lot garbage objects and, as a result, trigger GC.
	It is recommended to disable useCacheForAllThreads by setting -Dorg.apache.ratis.thirdparty.io.netty.allocator.useCacheForAllThreads=false in command line.
2019-10-02 07:38:30,990 [main] INFO  grpc.GrpcConfigKeys$Server (ConfUtils.java:logGet(43)) - raft.grpc.server.port = 0 (default)
2019-10-02 07:38:30,990 [main] INFO  server.GrpcService (ConfUtils.java:logGet(43)) - raft.grpc.message.size.max = 33570816 (custom)
2019-10-02 07:38:30,991 [main] INFO  server.RaftServerConfigKeys (ConfUtils.java:logGet(43)) - raft.server.log.appender.buffer.byte-limit = 33554432 (custom)
2019-10-02 07:38:30,991 [main] INFO  server.GrpcService (ConfUtils.java:logGet(43)) - raft.grpc.flow.control.window = 1MB (=1048576) (default)
2019-10-02 07:38:30,991 [main] INFO  server.RaftServerConfigKeys (ConfUtils.java:logGet(43)) - raft.server.rpc.request.timeout = 3000ms (default)
2019-10-02 07:38:30,992 [main] INFO  server.RaftServerConfigKeys (ConfUtils.java:logGet(43)) - raft.server.storage.dir = [/workdir/hadoop-ozone/integration-test/target/test-dir/MiniOzoneClusterImpl-1724fcea-7144-4bb6-9f5f-f66b377195f9/datanode-2/data/ratis] (custom)
2019-10-02 07:38:30,993 [main] INFO  hdfs.DFSUtil (DFSUtil.java:httpServerTemplateForNNAndJN(1641)) - Starting Web-server for hddsDatanode at: http://0.0.0.0:0
2019-10-02 07:38:30,995 [main] INFO  server.AuthenticationFilter (AuthenticationFilter.java:constructSecretProvider(240)) - Unable to initialize FileSignerSecretProvider, falling back to use random secrets.
2019-10-02 07:38:30,995 [main] WARN  http.HttpRequestLog (HttpRequestLog.java:getRequestLog(97)) - Jetty request log can only be enabled using Log4j
2019-10-02 07:38:30,997 [main] INFO  http.HttpServer2 (HttpServer2.java:addGlobalFilter(975)) - Added global filter 'safety' (class=org.apache.hadoop.http.HttpServer2$QuotingInputFilter)
2019-10-02 07:38:30,997 [main] INFO  http.HttpServer2 (HttpServer2.java:addFilter(948)) - Added filter static_user_filter (class=org.apache.hadoop.http.lib.StaticUserWebFilter$StaticUserFilter) to context hddsDatanode
2019-10-02 07:38:30,998 [main] INFO  http.HttpServer2 (HttpServer2.java:addFilter(958)) - Added filter static_user_filter (class=org.apache.hadoop.http.lib.StaticUserWebFilter$StaticUserFilter) to context static
2019-10-02 07:38:30,998 [main] INFO  http.HttpServer2 (HttpServer2.java:addFilter(958)) - Added filter static_user_filter (class=org.apache.hadoop.http.lib.StaticUserWebFilter$StaticUserFilter) to context logs
2019-10-02 07:38:30,999 [main] INFO  http.HttpServer2 (HttpServer2.java:bindListener(1191)) - Jetty bound to port 39686
2019-10-02 07:38:30,999 [main] INFO  server.Server (Server.java:doStart(351)) - jetty-9.3.25.v20180904, build timestamp: 2018-09-04T21:11:46Z, git hash: 3ce520221d0240229c862b122d2b06c12a625732
2019-10-02 07:38:31,001 [main] INFO  handler.ContextHandler (ContextHandler.java:doStart(781)) - Started o.e.j.s.ServletContextHandler@11e9ac24{/logs,file:///workdir/hadoop-ozone/integration-test/target/log,AVAILABLE}
2019-10-02 07:38:31,001 [main] INFO  handler.ContextHandler (ContextHandler.java:doStart(781)) - Started o.e.j.s.ServletContextHandler@675b18ff{/static,jar:file:/home/user/.m2/repository/org/apache/hadoop/hadoop-hdds-container-service/0.5.0-SNAPSHOT/hadoop-hdds-container-service-0.5.0-SNAPSHOT.jar!/webapps/static,AVAILABLE}
2019-10-02 07:38:31,039 [main] INFO  handler.ContextHandler (ContextHandler.java:doStart(781)) - Started o.e.j.w.WebAppContext@4270b142{/,file:///tmp/jetty-0.0.0.0-39686-hddsDatanode-_-any-1416478692469008958.dir/webapp/,AVAILABLE}{/hddsDatanode}
2019-10-02 07:38:31,040 [main] INFO  server.AbstractConnector (AbstractConnector.java:doStart(278)) - Started ServerConnector@2dfa02c1{HTTP/1.1,[http/1.1]}{0.0.0.0:39686}
2019-10-02 07:38:31,043 [main] INFO  server.Server (Server.java:doStart(419)) - Started @214052ms
2019-10-02 07:38:31,043 [main] WARN  impl.MetricsSystemImpl (MetricsSystemImpl.java:register(276)) - Sink prometheus already exists!
2019-10-02 07:38:31,043 [main] INFO  server.BaseHttpServer (BaseHttpServer.java:updateConnectorAddress(215)) - HTTP server of HDDSDATANODE is listening at http://0.0.0.0:39686
2019-10-02 07:38:31,044 [main] INFO  impl.MetricsSystemImpl (MetricsSystemImpl.java:init(158)) - HddsDatanode metrics system started (again)
2019-10-02 07:38:31,066 [org.apache.hadoop.util.JvmPauseMonitor$Monitor@28271851] INFO  util.JvmPauseMonitor (JvmPauseMonitor.java:run(188)) - Starting JVM pause monitor
2019-10-02 07:38:31,068 [Datanode State Machine Thread - 0] INFO  datanode.InitDatanodeState (InitDatanodeState.java:persistContainerDatanodeDetails(140)) - DatanodeDetails is persisted to /workdir/hadoop-ozone/integration-test/target/test-dir/MiniOzoneClusterImpl-1724fcea-7144-4bb6-9f5f-f66b377195f9/datanode-2/meta/datanode.id
2019-10-02 07:38:31,069 [main] INFO  ozone.HddsDatanodeService (HddsDatanodeService.java:start(184)) - HddsDatanodeService host:pr-hdds-2227-gdpr-vz6hn-2718222164 ip:192.168.164.211
2019-10-02 07:38:31,078 [main] INFO  volume.HddsVolume (HddsVolume.java:<init>(176)) - Creating Volume: /workdir/hadoop-ozone/integration-test/target/test-dir/MiniOzoneClusterImpl-1724fcea-7144-4bb6-9f5f-f66b377195f9/datanode-3/data/containers/hdds of  storage type : DISK and capacity : 1482555576320
2019-10-02 07:38:31,078 [main] INFO  volume.VolumeSet (VolumeSet.java:initializeVolumeSet(170)) - Added Volume : /workdir/hadoop-ozone/integration-test/target/test-dir/MiniOzoneClusterImpl-1724fcea-7144-4bb6-9f5f-f66b377195f9/datanode-3/data/containers/hdds to VolumeSet
2019-10-02 07:38:31,078 [main] INFO  volume.ThrottledAsyncChecker (ThrottledAsyncChecker.java:schedule(139)) - Scheduling a check for org.apache.hadoop.ozone.container.common.volume.HddsVolume@62a6674f
2019-10-02 07:38:31,079 [main] INFO  volume.HddsVolumeChecker (HddsVolumeChecker.java:checkAllVolumes(202)) - Scheduled health check for volume org.apache.hadoop.ozone.container.common.volume.HddsVolume@62a6674f
2019-10-02 07:38:31,097 [main] INFO  impl.RaftServerProxy (ConfUtils.java:logGet(43)) - raft.rpc.type = GRPC (default)
2019-10-02 07:38:31,097 [main] INFO  grpc.GrpcFactory (GrpcFactory.java:checkPooledByteBufAllocatorUseCacheForAllThreads(45)) - PERFORMANCE WARNING: useCacheForAllThreads is true that may cause Netty to create a lot garbage objects and, as a result, trigger GC.
	It is recommended to disable useCacheForAllThreads by setting -Dorg.apache.ratis.thirdparty.io.netty.allocator.useCacheForAllThreads=false in command line.
2019-10-02 07:38:31,097 [main] INFO  grpc.GrpcConfigKeys$Server (ConfUtils.java:logGet(43)) - raft.grpc.server.port = 0 (default)
2019-10-02 07:38:31,097 [main] INFO  server.GrpcService (ConfUtils.java:logGet(43)) - raft.grpc.message.size.max = 33570816 (custom)
2019-10-02 07:38:31,097 [main] INFO  server.RaftServerConfigKeys (ConfUtils.java:logGet(43)) - raft.server.log.appender.buffer.byte-limit = 33554432 (custom)
2019-10-02 07:38:31,098 [main] INFO  server.GrpcService (ConfUtils.java:logGet(43)) - raft.grpc.flow.control.window = 1MB (=1048576) (default)
2019-10-02 07:38:31,098 [main] INFO  server.RaftServerConfigKeys (ConfUtils.java:logGet(43)) - raft.server.rpc.request.timeout = 3000ms (default)
2019-10-02 07:38:31,098 [main] INFO  server.RaftServerConfigKeys (ConfUtils.java:logGet(43)) - raft.server.storage.dir = [/workdir/hadoop-ozone/integration-test/target/test-dir/MiniOzoneClusterImpl-1724fcea-7144-4bb6-9f5f-f66b377195f9/datanode-3/data/ratis] (custom)
2019-10-02 07:38:31,099 [main] INFO  hdfs.DFSUtil (DFSUtil.java:httpServerTemplateForNNAndJN(1641)) - Starting Web-server for hddsDatanode at: http://0.0.0.0:0
2019-10-02 07:38:31,101 [main] INFO  server.AuthenticationFilter (AuthenticationFilter.java:constructSecretProvider(240)) - Unable to initialize FileSignerSecretProvider, falling back to use random secrets.
2019-10-02 07:38:31,101 [main] WARN  http.HttpRequestLog (HttpRequestLog.java:getRequestLog(97)) - Jetty request log can only be enabled using Log4j
2019-10-02 07:38:31,102 [main] INFO  http.HttpServer2 (HttpServer2.java:addGlobalFilter(975)) - Added global filter 'safety' (class=org.apache.hadoop.http.HttpServer2$QuotingInputFilter)
2019-10-02 07:38:31,103 [main] INFO  http.HttpServer2 (HttpServer2.java:addFilter(948)) - Added filter static_user_filter (class=org.apache.hadoop.http.lib.StaticUserWebFilter$StaticUserFilter) to context hddsDatanode
2019-10-02 07:38:31,103 [main] INFO  http.HttpServer2 (HttpServer2.java:addFilter(958)) - Added filter static_user_filter (class=org.apache.hadoop.http.lib.StaticUserWebFilter$StaticUserFilter) to context logs
2019-10-02 07:38:31,103 [main] INFO  http.HttpServer2 (HttpServer2.java:addFilter(958)) - Added filter static_user_filter (class=org.apache.hadoop.http.lib.StaticUserWebFilter$StaticUserFilter) to context static
2019-10-02 07:38:31,104 [main] INFO  http.HttpServer2 (HttpServer2.java:bindListener(1191)) - Jetty bound to port 35496
2019-10-02 07:38:31,104 [main] INFO  server.Server (Server.java:doStart(351)) - jetty-9.3.25.v20180904, build timestamp: 2018-09-04T21:11:46Z, git hash: 3ce520221d0240229c862b122d2b06c12a625732
2019-10-02 07:38:31,106 [main] INFO  handler.ContextHandler (ContextHandler.java:doStart(781)) - Started o.e.j.s.ServletContextHandler@52354202{/logs,file:///workdir/hadoop-ozone/integration-test/target/log,AVAILABLE}
2019-10-02 07:38:31,106 [main] INFO  handler.ContextHandler (ContextHandler.java:doStart(781)) - Started o.e.j.s.ServletContextHandler@342ee097{/static,jar:file:/home/user/.m2/repository/org/apache/hadoop/hadoop-hdds-container-service/0.5.0-SNAPSHOT/hadoop-hdds-container-service-0.5.0-SNAPSHOT.jar!/webapps/static,AVAILABLE}
2019-10-02 07:38:31,133 [main] INFO  handler.ContextHandler (ContextHandler.java:doStart(781)) - Started o.e.j.w.WebAppContext@28d739f1{/,file:///tmp/jetty-0.0.0.0-35496-hddsDatanode-_-any-3433768124884397379.dir/webapp/,AVAILABLE}{/hddsDatanode}
2019-10-02 07:38:31,133 [main] INFO  server.AbstractConnector (AbstractConnector.java:doStart(278)) - Started ServerConnector@1c5d3a37{HTTP/1.1,[http/1.1]}{0.0.0.0:35496}
2019-10-02 07:38:31,136 [main] INFO  server.Server (Server.java:doStart(419)) - Started @214146ms
2019-10-02 07:38:31,136 [main] WARN  impl.MetricsSystemImpl (MetricsSystemImpl.java:register(276)) - Sink prometheus already exists!
2019-10-02 07:38:31,137 [main] INFO  server.BaseHttpServer (BaseHttpServer.java:updateConnectorAddress(215)) - HTTP server of HDDSDATANODE is listening at http://0.0.0.0:35496
2019-10-02 07:38:31,137 [main] INFO  impl.MetricsSystemImpl (MetricsSystemImpl.java:init(158)) - HddsDatanode metrics system started (again)
2019-10-02 07:38:31,144 [grpc-default-executor-1] WARN  server.GrpcLogAppender (LogUtils.java:warn(134)) - 877c1e29-213f-4e3e-ace5-02a222c8c7a5@group-8B9B2962CD1F->d54e5ec9-dbdf-4cc4-af70-70ef71242697-AppendLogResponseHandler: Failed appendEntries: org.apache.ratis.thirdparty.io.grpc.StatusRuntimeException: UNAVAILABLE: io exception
2019-10-02 07:38:31,144 [grpc-default-executor-1] INFO  impl.FollowerInfo (FollowerInfo.java:lambda$new$0(51)) - 877c1e29-213f-4e3e-ace5-02a222c8c7a5@group-8B9B2962CD1F->d54e5ec9-dbdf-4cc4-af70-70ef71242697: nextIndex: updateUnconditionally 0 -> 0
2019-10-02 07:38:31,157 [org.apache.hadoop.util.JvmPauseMonitor$Monitor@1a871015] INFO  util.JvmPauseMonitor (JvmPauseMonitor.java:run(188)) - Starting JVM pause monitor
2019-10-02 07:38:31,158 [Datanode State Machine Thread - 0] INFO  datanode.InitDatanodeState (InitDatanodeState.java:persistContainerDatanodeDetails(140)) - DatanodeDetails is persisted to /workdir/hadoop-ozone/integration-test/target/test-dir/MiniOzoneClusterImpl-1724fcea-7144-4bb6-9f5f-f66b377195f9/datanode-3/meta/datanode.id
2019-10-02 07:38:31,159 [main] INFO  ozone.HddsDatanodeService (HddsDatanodeService.java:start(184)) - HddsDatanodeService host:pr-hdds-2227-gdpr-vz6hn-2718222164 ip:192.168.164.211
2019-10-02 07:38:31,160 [grpc-default-executor-1] WARN  server.GrpcLogAppender (LogUtils.java:warn(134)) - 877c1e29-213f-4e3e-ace5-02a222c8c7a5@group-8B9B2962CD1F->6fd6eee1-0931-460a-9d60-5fc0679329ea-AppendLogResponseHandler: Failed appendEntries: org.apache.ratis.thirdparty.io.grpc.StatusRuntimeException: UNAVAILABLE: io exception
2019-10-02 07:38:31,160 [grpc-default-executor-1] INFO  impl.FollowerInfo (FollowerInfo.java:lambda$new$0(51)) - 877c1e29-213f-4e3e-ace5-02a222c8c7a5@group-8B9B2962CD1F->6fd6eee1-0931-460a-9d60-5fc0679329ea: nextIndex: updateUnconditionally 0 -> 0
2019-10-02 07:38:31,169 [main] INFO  volume.HddsVolume (HddsVolume.java:<init>(176)) - Creating Volume: /workdir/hadoop-ozone/integration-test/target/test-dir/MiniOzoneClusterImpl-1724fcea-7144-4bb6-9f5f-f66b377195f9/datanode-4/data/containers/hdds of  storage type : DISK and capacity : 1482555576320
2019-10-02 07:38:31,169 [main] INFO  volume.VolumeSet (VolumeSet.java:initializeVolumeSet(170)) - Added Volume : /workdir/hadoop-ozone/integration-test/target/test-dir/MiniOzoneClusterImpl-1724fcea-7144-4bb6-9f5f-f66b377195f9/datanode-4/data/containers/hdds to VolumeSet
2019-10-02 07:38:31,170 [main] INFO  volume.ThrottledAsyncChecker (ThrottledAsyncChecker.java:schedule(139)) - Scheduling a check for org.apache.hadoop.ozone.container.common.volume.HddsVolume@6889f56f
2019-10-02 07:38:31,170 [main] INFO  volume.HddsVolumeChecker (HddsVolumeChecker.java:checkAllVolumes(202)) - Scheduled health check for volume org.apache.hadoop.ozone.container.common.volume.HddsVolume@6889f56f
2019-10-02 07:38:31,192 [main] INFO  impl.RaftServerProxy (ConfUtils.java:logGet(43)) - raft.rpc.type = GRPC (default)
2019-10-02 07:38:31,192 [main] INFO  grpc.GrpcFactory (GrpcFactory.java:checkPooledByteBufAllocatorUseCacheForAllThreads(45)) - PERFORMANCE WARNING: useCacheForAllThreads is true that may cause Netty to create a lot garbage objects and, as a result, trigger GC.
	It is recommended to disable useCacheForAllThreads by setting -Dorg.apache.ratis.thirdparty.io.netty.allocator.useCacheForAllThreads=false in command line.
2019-10-02 07:38:31,192 [main] INFO  grpc.GrpcConfigKeys$Server (ConfUtils.java:logGet(43)) - raft.grpc.server.port = 0 (default)
2019-10-02 07:38:31,193 [main] INFO  server.GrpcService (ConfUtils.java:logGet(43)) - raft.grpc.message.size.max = 33570816 (custom)
2019-10-02 07:38:31,193 [main] INFO  server.RaftServerConfigKeys (ConfUtils.java:logGet(43)) - raft.server.log.appender.buffer.byte-limit = 33554432 (custom)
2019-10-02 07:38:31,193 [main] INFO  server.GrpcService (ConfUtils.java:logGet(43)) - raft.grpc.flow.control.window = 1MB (=1048576) (default)
2019-10-02 07:38:31,193 [main] INFO  server.RaftServerConfigKeys (ConfUtils.java:logGet(43)) - raft.server.rpc.request.timeout = 3000ms (default)
2019-10-02 07:38:31,194 [main] INFO  server.RaftServerConfigKeys (ConfUtils.java:logGet(43)) - raft.server.storage.dir = [/workdir/hadoop-ozone/integration-test/target/test-dir/MiniOzoneClusterImpl-1724fcea-7144-4bb6-9f5f-f66b377195f9/datanode-4/data/ratis] (custom)
2019-10-02 07:38:31,195 [main] INFO  hdfs.DFSUtil (DFSUtil.java:httpServerTemplateForNNAndJN(1641)) - Starting Web-server for hddsDatanode at: http://0.0.0.0:0
2019-10-02 07:38:31,197 [main] INFO  server.AuthenticationFilter (AuthenticationFilter.java:constructSecretProvider(240)) - Unable to initialize FileSignerSecretProvider, falling back to use random secrets.
2019-10-02 07:38:31,197 [main] WARN  http.HttpRequestLog (HttpRequestLog.java:getRequestLog(97)) - Jetty request log can only be enabled using Log4j
2019-10-02 07:38:31,198 [main] INFO  http.HttpServer2 (HttpServer2.java:addGlobalFilter(975)) - Added global filter 'safety' (class=org.apache.hadoop.http.HttpServer2$QuotingInputFilter)
2019-10-02 07:38:31,199 [main] INFO  http.HttpServer2 (HttpServer2.java:addFilter(948)) - Added filter static_user_filter (class=org.apache.hadoop.http.lib.StaticUserWebFilter$StaticUserFilter) to context hddsDatanode
2019-10-02 07:38:31,199 [main] INFO  http.HttpServer2 (HttpServer2.java:addFilter(958)) - Added filter static_user_filter (class=org.apache.hadoop.http.lib.StaticUserWebFilter$StaticUserFilter) to context logs
2019-10-02 07:38:31,199 [main] INFO  http.HttpServer2 (HttpServer2.java:addFilter(958)) - Added filter static_user_filter (class=org.apache.hadoop.http.lib.StaticUserWebFilter$StaticUserFilter) to context static
2019-10-02 07:38:31,200 [main] INFO  http.HttpServer2 (HttpServer2.java:bindListener(1191)) - Jetty bound to port 39765
2019-10-02 07:38:31,200 [main] INFO  server.Server (Server.java:doStart(351)) - jetty-9.3.25.v20180904, build timestamp: 2018-09-04T21:11:46Z, git hash: 3ce520221d0240229c862b122d2b06c12a625732
2019-10-02 07:38:31,202 [main] INFO  handler.ContextHandler (ContextHandler.java:doStart(781)) - Started o.e.j.s.ServletContextHandler@5d850a25{/logs,file:///workdir/hadoop-ozone/integration-test/target/log,AVAILABLE}
2019-10-02 07:38:31,202 [main] INFO  handler.ContextHandler (ContextHandler.java:doStart(781)) - Started o.e.j.s.ServletContextHandler@3e14d390{/static,jar:file:/home/user/.m2/repository/org/apache/hadoop/hadoop-hdds-container-service/0.5.0-SNAPSHOT/hadoop-hdds-container-service-0.5.0-SNAPSHOT.jar!/webapps/static,AVAILABLE}
2019-10-02 07:38:31,229 [main] INFO  handler.ContextHandler (ContextHandler.java:doStart(781)) - Started o.e.j.w.WebAppContext@4137aab0{/,file:///tmp/jetty-0.0.0.0-39765-hddsDatanode-_-any-437406791427599304.dir/webapp/,AVAILABLE}{/hddsDatanode}
2019-10-02 07:38:31,229 [main] INFO  server.AbstractConnector (AbstractConnector.java:doStart(278)) - Started ServerConnector@1df9186f{HTTP/1.1,[http/1.1]}{0.0.0.0:39765}
2019-10-02 07:38:31,231 [main] INFO  server.Server (Server.java:doStart(419)) - Started @214240ms
2019-10-02 07:38:31,231 [main] WARN  impl.MetricsSystemImpl (MetricsSystemImpl.java:register(276)) - Sink prometheus already exists!
2019-10-02 07:38:31,232 [main] INFO  server.BaseHttpServer (BaseHttpServer.java:updateConnectorAddress(215)) - HTTP server of HDDSDATANODE is listening at http://0.0.0.0:39765
2019-10-02 07:38:31,232 [main] INFO  impl.MetricsSystemImpl (MetricsSystemImpl.java:init(158)) - HddsDatanode metrics system started (again)
2019-10-02 07:38:31,253 [org.apache.hadoop.util.JvmPauseMonitor$Monitor@50ed1cc2] INFO  util.JvmPauseMonitor (JvmPauseMonitor.java:run(188)) - Starting JVM pause monitor
2019-10-02 07:38:31,254 [Datanode State Machine Thread - 0] INFO  datanode.InitDatanodeState (InitDatanodeState.java:persistContainerDatanodeDetails(140)) - DatanodeDetails is persisted to /workdir/hadoop-ozone/integration-test/target/test-dir/MiniOzoneClusterImpl-1724fcea-7144-4bb6-9f5f-f66b377195f9/datanode-4/meta/datanode.id
2019-10-02 07:38:31,254 [main] INFO  ozone.HddsDatanodeService (HddsDatanodeService.java:start(184)) - HddsDatanodeService host:pr-hdds-2227-gdpr-vz6hn-2718222164 ip:192.168.164.211
2019-10-02 07:38:31,262 [main] INFO  volume.HddsVolume (HddsVolume.java:<init>(176)) - Creating Volume: /workdir/hadoop-ozone/integration-test/target/test-dir/MiniOzoneClusterImpl-1724fcea-7144-4bb6-9f5f-f66b377195f9/datanode-5/data/containers/hdds of  storage type : DISK and capacity : 1482555576320
2019-10-02 07:38:31,262 [main] INFO  volume.VolumeSet (VolumeSet.java:initializeVolumeSet(170)) - Added Volume : /workdir/hadoop-ozone/integration-test/target/test-dir/MiniOzoneClusterImpl-1724fcea-7144-4bb6-9f5f-f66b377195f9/datanode-5/data/containers/hdds to VolumeSet
2019-10-02 07:38:31,262 [main] INFO  volume.ThrottledAsyncChecker (ThrottledAsyncChecker.java:schedule(139)) - Scheduling a check for org.apache.hadoop.ozone.container.common.volume.HddsVolume@21e5f0b6
2019-10-02 07:38:31,262 [main] INFO  volume.HddsVolumeChecker (HddsVolumeChecker.java:checkAllVolumes(202)) - Scheduled health check for volume org.apache.hadoop.ozone.container.common.volume.HddsVolume@21e5f0b6
2019-10-02 07:38:31,278 [main] INFO  impl.RaftServerProxy (ConfUtils.java:logGet(43)) - raft.rpc.type = GRPC (default)
2019-10-02 07:38:31,278 [main] INFO  grpc.GrpcFactory (GrpcFactory.java:checkPooledByteBufAllocatorUseCacheForAllThreads(45)) - PERFORMANCE WARNING: useCacheForAllThreads is true that may cause Netty to create a lot garbage objects and, as a result, trigger GC.
	It is recommended to disable useCacheForAllThreads by setting -Dorg.apache.ratis.thirdparty.io.netty.allocator.useCacheForAllThreads=false in command line.
2019-10-02 07:38:31,278 [main] INFO  grpc.GrpcConfigKeys$Server (ConfUtils.java:logGet(43)) - raft.grpc.server.port = 0 (default)
2019-10-02 07:38:31,278 [main] INFO  server.GrpcService (ConfUtils.java:logGet(43)) - raft.grpc.message.size.max = 33570816 (custom)
2019-10-02 07:38:31,279 [main] INFO  server.RaftServerConfigKeys (ConfUtils.java:logGet(43)) - raft.server.log.appender.buffer.byte-limit = 33554432 (custom)
2019-10-02 07:38:31,279 [main] INFO  server.GrpcService (ConfUtils.java:logGet(43)) - raft.grpc.flow.control.window = 1MB (=1048576) (default)
2019-10-02 07:38:31,279 [main] INFO  server.RaftServerConfigKeys (ConfUtils.java:logGet(43)) - raft.server.rpc.request.timeout = 3000ms (default)
2019-10-02 07:38:31,279 [main] INFO  server.RaftServerConfigKeys (ConfUtils.java:logGet(43)) - raft.server.storage.dir = [/workdir/hadoop-ozone/integration-test/target/test-dir/MiniOzoneClusterImpl-1724fcea-7144-4bb6-9f5f-f66b377195f9/datanode-5/data/ratis] (custom)
2019-10-02 07:38:31,281 [main] INFO  hdfs.DFSUtil (DFSUtil.java:httpServerTemplateForNNAndJN(1641)) - Starting Web-server for hddsDatanode at: http://0.0.0.0:0
2019-10-02 07:38:31,282 [main] INFO  server.AuthenticationFilter (AuthenticationFilter.java:constructSecretProvider(240)) - Unable to initialize FileSignerSecretProvider, falling back to use random secrets.
2019-10-02 07:38:31,282 [main] WARN  http.HttpRequestLog (HttpRequestLog.java:getRequestLog(97)) - Jetty request log can only be enabled using Log4j
2019-10-02 07:38:31,283 [main] INFO  http.HttpServer2 (HttpServer2.java:addGlobalFilter(975)) - Added global filter 'safety' (class=org.apache.hadoop.http.HttpServer2$QuotingInputFilter)
2019-10-02 07:38:31,283 [main] INFO  http.HttpServer2 (HttpServer2.java:addFilter(948)) - Added filter static_user_filter (class=org.apache.hadoop.http.lib.StaticUserWebFilter$StaticUserFilter) to context hddsDatanode
2019-10-02 07:38:31,284 [main] INFO  http.HttpServer2 (HttpServer2.java:addFilter(958)) - Added filter static_user_filter (class=org.apache.hadoop.http.lib.StaticUserWebFilter$StaticUserFilter) to context logs
2019-10-02 07:38:31,284 [main] INFO  http.HttpServer2 (HttpServer2.java:addFilter(958)) - Added filter static_user_filter (class=org.apache.hadoop.http.lib.StaticUserWebFilter$StaticUserFilter) to context static
2019-10-02 07:38:31,284 [main] INFO  http.HttpServer2 (HttpServer2.java:bindListener(1191)) - Jetty bound to port 34848
2019-10-02 07:38:31,285 [main] INFO  server.Server (Server.java:doStart(351)) - jetty-9.3.25.v20180904, build timestamp: 2018-09-04T21:11:46Z, git hash: 3ce520221d0240229c862b122d2b06c12a625732
2019-10-02 07:38:31,286 [main] INFO  handler.ContextHandler (ContextHandler.java:doStart(781)) - Started o.e.j.s.ServletContextHandler@52f8a6f4{/logs,file:///workdir/hadoop-ozone/integration-test/target/log,AVAILABLE}
2019-10-02 07:38:31,287 [main] INFO  handler.ContextHandler (ContextHandler.java:doStart(781)) - Started o.e.j.s.ServletContextHandler@6486fe7b{/static,jar:file:/home/user/.m2/repository/org/apache/hadoop/hadoop-hdds-container-service/0.5.0-SNAPSHOT/hadoop-hdds-container-service-0.5.0-SNAPSHOT.jar!/webapps/static,AVAILABLE}
2019-10-02 07:38:31,318 [main] INFO  handler.ContextHandler (ContextHandler.java:doStart(781)) - Started o.e.j.w.WebAppContext@7a64cb0c{/,file:///tmp/jetty-0.0.0.0-34848-hddsDatanode-_-any-5220737694324641000.dir/webapp/,AVAILABLE}{/hddsDatanode}
2019-10-02 07:38:31,318 [main] INFO  server.AbstractConnector (AbstractConnector.java:doStart(278)) - Started ServerConnector@785ed99c{HTTP/1.1,[http/1.1]}{0.0.0.0:34848}
2019-10-02 07:38:31,323 [main] INFO  server.Server (Server.java:doStart(419)) - Started @214332ms
2019-10-02 07:38:31,323 [main] WARN  impl.MetricsSystemImpl (MetricsSystemImpl.java:register(276)) - Sink prometheus already exists!
2019-10-02 07:38:31,323 [main] INFO  server.BaseHttpServer (BaseHttpServer.java:updateConnectorAddress(215)) - HTTP server of HDDSDATANODE is listening at http://0.0.0.0:34848
2019-10-02 07:38:31,324 [main] INFO  impl.MetricsSystemImpl (MetricsSystemImpl.java:init(158)) - HddsDatanode metrics system started (again)
2019-10-02 07:38:31,346 [org.apache.hadoop.util.JvmPauseMonitor$Monitor@2a5183c5] INFO  util.JvmPauseMonitor (JvmPauseMonitor.java:run(188)) - Starting JVM pause monitor
2019-10-02 07:38:31,347 [main] INFO  ozone.HddsDatanodeService (HddsDatanodeService.java:start(184)) - HddsDatanodeService host:pr-hdds-2227-gdpr-vz6hn-2718222164 ip:192.168.164.211
2019-10-02 07:38:31,348 [Datanode State Machine Thread - 0] INFO  datanode.InitDatanodeState (InitDatanodeState.java:persistContainerDatanodeDetails(140)) - DatanodeDetails is persisted to /workdir/hadoop-ozone/integration-test/target/test-dir/MiniOzoneClusterImpl-1724fcea-7144-4bb6-9f5f-f66b377195f9/datanode-5/meta/datanode.id
2019-10-02 07:38:31,359 [main] INFO  volume.HddsVolume (HddsVolume.java:<init>(176)) - Creating Volume: /workdir/hadoop-ozone/integration-test/target/test-dir/MiniOzoneClusterImpl-1724fcea-7144-4bb6-9f5f-f66b377195f9/datanode-6/data/containers/hdds of  storage type : DISK and capacity : 1482555576320
2019-10-02 07:38:31,360 [main] INFO  volume.VolumeSet (VolumeSet.java:initializeVolumeSet(170)) - Added Volume : /workdir/hadoop-ozone/integration-test/target/test-dir/MiniOzoneClusterImpl-1724fcea-7144-4bb6-9f5f-f66b377195f9/datanode-6/data/containers/hdds to VolumeSet
2019-10-02 07:38:31,360 [main] INFO  volume.ThrottledAsyncChecker (ThrottledAsyncChecker.java:schedule(139)) - Scheduling a check for org.apache.hadoop.ozone.container.common.volume.HddsVolume@32ab408e
2019-10-02 07:38:31,360 [main] INFO  volume.HddsVolumeChecker (HddsVolumeChecker.java:checkAllVolumes(202)) - Scheduled health check for volume org.apache.hadoop.ozone.container.common.volume.HddsVolume@32ab408e
2019-10-02 07:38:31,374 [main] INFO  impl.RaftServerProxy (ConfUtils.java:logGet(43)) - raft.rpc.type = GRPC (default)
2019-10-02 07:38:31,375 [main] INFO  grpc.GrpcFactory (GrpcFactory.java:checkPooledByteBufAllocatorUseCacheForAllThreads(45)) - PERFORMANCE WARNING: useCacheForAllThreads is true that may cause Netty to create a lot garbage objects and, as a result, trigger GC.
	It is recommended to disable useCacheForAllThreads by setting -Dorg.apache.ratis.thirdparty.io.netty.allocator.useCacheForAllThreads=false in command line.
2019-10-02 07:38:31,375 [main] INFO  grpc.GrpcConfigKeys$Server (ConfUtils.java:logGet(43)) - raft.grpc.server.port = 0 (default)
2019-10-02 07:38:31,375 [main] INFO  server.GrpcService (ConfUtils.java:logGet(43)) - raft.grpc.message.size.max = 33570816 (custom)
2019-10-02 07:38:31,375 [main] INFO  server.RaftServerConfigKeys (ConfUtils.java:logGet(43)) - raft.server.log.appender.buffer.byte-limit = 33554432 (custom)
2019-10-02 07:38:31,375 [main] INFO  server.GrpcService (ConfUtils.java:logGet(43)) - raft.grpc.flow.control.window = 1MB (=1048576) (default)
2019-10-02 07:38:31,376 [main] INFO  server.RaftServerConfigKeys (ConfUtils.java:logGet(43)) - raft.server.rpc.request.timeout = 3000ms (default)
2019-10-02 07:38:31,376 [main] INFO  server.RaftServerConfigKeys (ConfUtils.java:logGet(43)) - raft.server.storage.dir = [/workdir/hadoop-ozone/integration-test/target/test-dir/MiniOzoneClusterImpl-1724fcea-7144-4bb6-9f5f-f66b377195f9/datanode-6/data/ratis] (custom)
2019-10-02 07:38:31,377 [main] INFO  hdfs.DFSUtil (DFSUtil.java:httpServerTemplateForNNAndJN(1641)) - Starting Web-server for hddsDatanode at: http://0.0.0.0:0
2019-10-02 07:38:31,378 [main] INFO  server.AuthenticationFilter (AuthenticationFilter.java:constructSecretProvider(240)) - Unable to initialize FileSignerSecretProvider, falling back to use random secrets.
2019-10-02 07:38:31,379 [main] WARN  http.HttpRequestLog (HttpRequestLog.java:getRequestLog(97)) - Jetty request log can only be enabled using Log4j
2019-10-02 07:38:31,380 [main] INFO  http.HttpServer2 (HttpServer2.java:addGlobalFilter(975)) - Added global filter 'safety' (class=org.apache.hadoop.http.HttpServer2$QuotingInputFilter)
2019-10-02 07:38:31,380 [main] INFO  http.HttpServer2 (HttpServer2.java:addFilter(948)) - Added filter static_user_filter (class=org.apache.hadoop.http.lib.StaticUserWebFilter$StaticUserFilter) to context hddsDatanode
2019-10-02 07:38:31,380 [main] INFO  http.HttpServer2 (HttpServer2.java:addFilter(958)) - Added filter static_user_filter (class=org.apache.hadoop.http.lib.StaticUserWebFilter$StaticUserFilter) to context static
2019-10-02 07:38:31,380 [main] INFO  http.HttpServer2 (HttpServer2.java:addFilter(958)) - Added filter static_user_filter (class=org.apache.hadoop.http.lib.StaticUserWebFilter$StaticUserFilter) to context logs
2019-10-02 07:38:31,381 [main] INFO  http.HttpServer2 (HttpServer2.java:bindListener(1191)) - Jetty bound to port 34722
2019-10-02 07:38:31,381 [main] INFO  server.Server (Server.java:doStart(351)) - jetty-9.3.25.v20180904, build timestamp: 2018-09-04T21:11:46Z, git hash: 3ce520221d0240229c862b122d2b06c12a625732
2019-10-02 07:38:31,382 [main] INFO  handler.ContextHandler (ContextHandler.java:doStart(781)) - Started o.e.j.s.ServletContextHandler@2d130ac4{/logs,file:///workdir/hadoop-ozone/integration-test/target/log,AVAILABLE}
2019-10-02 07:38:31,383 [main] INFO  handler.ContextHandler (ContextHandler.java:doStart(781)) - Started o.e.j.s.ServletContextHandler@194012a2{/static,jar:file:/home/user/.m2/repository/org/apache/hadoop/hadoop-hdds-container-service/0.5.0-SNAPSHOT/hadoop-hdds-container-service-0.5.0-SNAPSHOT.jar!/webapps/static,AVAILABLE}
2019-10-02 07:38:31,410 [main] INFO  handler.ContextHandler (ContextHandler.java:doStart(781)) - Started o.e.j.w.WebAppContext@6fbf5db2{/,file:///tmp/jetty-0.0.0.0-34722-hddsDatanode-_-any-1160267812452382284.dir/webapp/,AVAILABLE}{/hddsDatanode}
2019-10-02 07:38:31,410 [main] INFO  server.AbstractConnector (AbstractConnector.java:doStart(278)) - Started ServerConnector@509a6095{HTTP/1.1,[http/1.1]}{0.0.0.0:34722}
2019-10-02 07:38:31,413 [main] INFO  server.Server (Server.java:doStart(419)) - Started @214422ms
2019-10-02 07:38:31,413 [main] WARN  impl.MetricsSystemImpl (MetricsSystemImpl.java:register(276)) - Sink prometheus already exists!
2019-10-02 07:38:31,414 [main] INFO  server.BaseHttpServer (BaseHttpServer.java:updateConnectorAddress(215)) - HTTP server of HDDSDATANODE is listening at http://0.0.0.0:34722
2019-10-02 07:38:31,414 [main] INFO  ozone.MiniOzoneClusterImpl (MiniOzoneClusterImpl.java:lambda$waitForClusterToBeReady$0(147)) - Waiting for cluster to be ready. Got 0 of 7 DN Heartbeats.
2019-10-02 07:38:31,415 [org.apache.hadoop.util.JvmPauseMonitor$Monitor@66dc3001] INFO  util.JvmPauseMonitor (JvmPauseMonitor.java:run(188)) - Starting JVM pause monitor
2019-10-02 07:38:31,416 [Datanode State Machine Thread - 0] INFO  datanode.InitDatanodeState (InitDatanodeState.java:persistContainerDatanodeDetails(140)) - DatanodeDetails is persisted to /workdir/hadoop-ozone/integration-test/target/test-dir/MiniOzoneClusterImpl-1724fcea-7144-4bb6-9f5f-f66b377195f9/datanode-6/meta/datanode.id
2019-10-02 07:38:32,414 [main] INFO  ozone.MiniOzoneClusterImpl (MiniOzoneClusterImpl.java:lambda$waitForClusterToBeReady$0(147)) - Waiting for cluster to be ready. Got 0 of 7 DN Heartbeats.
2019-10-02 07:38:32,892 [Datanode State Machine Thread - 0] INFO  ozoneimpl.OzoneContainer (OzoneContainer.java:start(217)) - Attempting to start container services.
2019-10-02 07:38:32,893 [Datanode State Machine Thread - 0] INFO  ozoneimpl.OzoneContainer (OzoneContainer.java:startContainerScrub(179)) - Background container scanner has been disabled.
2019-10-02 07:38:32,893 [Datanode State Machine Thread - 0] INFO  ratis.XceiverServerRatis (XceiverServerRatis.java:start(417)) - Starting XceiverServerRatis adfcda44-2223-4cc2-9e47-7cf42dcf5791 at port 0
2019-10-02 07:38:32,898 [Datanode State Machine Thread - 0] INFO  impl.RaftServerProxy (RaftServerProxy.java:lambda$start$3(299)) - adfcda44-2223-4cc2-9e47-7cf42dcf5791: start RPC server
2019-10-02 07:38:32,908 [Datanode State Machine Thread - 0] INFO  server.GrpcService (GrpcService.java:startImpl(158)) - adfcda44-2223-4cc2-9e47-7cf42dcf5791: GrpcService started, listening on 0.0.0.0/0.0.0.0:40818
2019-10-02 07:38:32,908 [Datanode State Machine Thread - 0] INFO  ratis.XceiverServerRatis (XceiverServerRatis.java:start(427)) - XceiverServerRatis adfcda44-2223-4cc2-9e47-7cf42dcf5791 is started using port 40818
2019-10-02 07:38:32,909 [Datanode State Machine Thread - 0] INFO  server.XceiverServerGrpc (XceiverServerGrpc.java:start(149)) - XceiverServerGrpc adfcda44-2223-4cc2-9e47-7cf42dcf5791 is started using port 46141
2019-10-02 07:38:32,980 [Datanode State Machine Thread - 0] INFO  ozoneimpl.OzoneContainer (OzoneContainer.java:start(217)) - Attempting to start container services.
2019-10-02 07:38:32,980 [Datanode State Machine Thread - 0] INFO  ozoneimpl.OzoneContainer (OzoneContainer.java:startContainerScrub(179)) - Background container scanner has been disabled.
2019-10-02 07:38:32,980 [Datanode State Machine Thread - 0] INFO  ratis.XceiverServerRatis (XceiverServerRatis.java:start(417)) - Starting XceiverServerRatis 9154b18f-9664-4d7a-babb-ddc23dc25f76 at port 0
2019-10-02 07:38:32,987 [Datanode State Machine Thread - 0] INFO  impl.RaftServerProxy (RaftServerProxy.java:lambda$start$3(299)) - 9154b18f-9664-4d7a-babb-ddc23dc25f76: start RPC server
2019-10-02 07:38:32,990 [Datanode State Machine Thread - 0] INFO  server.GrpcService (GrpcService.java:startImpl(158)) - 9154b18f-9664-4d7a-babb-ddc23dc25f76: GrpcService started, listening on 0.0.0.0/0.0.0.0:37310
2019-10-02 07:38:32,990 [Datanode State Machine Thread - 0] INFO  ratis.XceiverServerRatis (XceiverServerRatis.java:start(427)) - XceiverServerRatis 9154b18f-9664-4d7a-babb-ddc23dc25f76 is started using port 37310
2019-10-02 07:38:32,993 [Datanode State Machine Thread - 0] INFO  server.XceiverServerGrpc (XceiverServerGrpc.java:start(149)) - XceiverServerGrpc 9154b18f-9664-4d7a-babb-ddc23dc25f76 is started using port 39621
2019-10-02 07:38:33,079 [Datanode State Machine Thread - 0] INFO  ozoneimpl.OzoneContainer (OzoneContainer.java:start(217)) - Attempting to start container services.
2019-10-02 07:38:33,080 [Datanode State Machine Thread - 0] INFO  ozoneimpl.OzoneContainer (OzoneContainer.java:startContainerScrub(179)) - Background container scanner has been disabled.
2019-10-02 07:38:33,080 [Datanode State Machine Thread - 0] INFO  ratis.XceiverServerRatis (XceiverServerRatis.java:start(417)) - Starting XceiverServerRatis 914ea15e-b21f-483c-8731-fcf6123bfdb8 at port 0
2019-10-02 07:38:33,086 [Datanode State Machine Thread - 0] INFO  impl.RaftServerProxy (RaftServerProxy.java:lambda$start$3(299)) - 914ea15e-b21f-483c-8731-fcf6123bfdb8: start RPC server
2019-10-02 07:38:33,089 [Datanode State Machine Thread - 0] INFO  server.GrpcService (GrpcService.java:startImpl(158)) - 914ea15e-b21f-483c-8731-fcf6123bfdb8: GrpcService started, listening on 0.0.0.0/0.0.0.0:34203
2019-10-02 07:38:33,089 [Datanode State Machine Thread - 0] INFO  ratis.XceiverServerRatis (XceiverServerRatis.java:start(427)) - XceiverServerRatis 914ea15e-b21f-483c-8731-fcf6123bfdb8 is started using port 34203
2019-10-02 07:38:33,091 [Datanode State Machine Thread - 0] INFO  server.XceiverServerGrpc (XceiverServerGrpc.java:start(149)) - XceiverServerGrpc 914ea15e-b21f-483c-8731-fcf6123bfdb8 is started using port 34082
2019-10-02 07:38:33,171 [Datanode State Machine Thread - 0] INFO  ozoneimpl.OzoneContainer (OzoneContainer.java:start(217)) - Attempting to start container services.
2019-10-02 07:38:33,171 [Datanode State Machine Thread - 0] INFO  ozoneimpl.OzoneContainer (OzoneContainer.java:startContainerScrub(179)) - Background container scanner has been disabled.
2019-10-02 07:38:33,171 [Datanode State Machine Thread - 0] INFO  ratis.XceiverServerRatis (XceiverServerRatis.java:start(417)) - Starting XceiverServerRatis 28d6f51f-fad1-4f89-914b-dd0a91870612 at port 0
2019-10-02 07:38:33,177 [Datanode State Machine Thread - 0] INFO  impl.RaftServerProxy (RaftServerProxy.java:lambda$start$3(299)) - 28d6f51f-fad1-4f89-914b-dd0a91870612: start RPC server
2019-10-02 07:38:33,178 [Datanode State Machine Thread - 0] INFO  server.GrpcService (GrpcService.java:startImpl(158)) - 28d6f51f-fad1-4f89-914b-dd0a91870612: GrpcService started, listening on 0.0.0.0/0.0.0.0:39252
2019-10-02 07:38:33,178 [Datanode State Machine Thread - 0] INFO  ratis.XceiverServerRatis (XceiverServerRatis.java:start(427)) - XceiverServerRatis 28d6f51f-fad1-4f89-914b-dd0a91870612 is started using port 39252
2019-10-02 07:38:33,181 [Datanode State Machine Thread - 0] INFO  server.XceiverServerGrpc (XceiverServerGrpc.java:start(149)) - XceiverServerGrpc 28d6f51f-fad1-4f89-914b-dd0a91870612 is started using port 45607
2019-10-02 07:38:33,267 [Datanode State Machine Thread - 0] INFO  ozoneimpl.OzoneContainer (OzoneContainer.java:start(217)) - Attempting to start container services.
2019-10-02 07:38:33,267 [Datanode State Machine Thread - 0] INFO  ozoneimpl.OzoneContainer (OzoneContainer.java:startContainerScrub(179)) - Background container scanner has been disabled.
2019-10-02 07:38:33,267 [Datanode State Machine Thread - 0] INFO  ratis.XceiverServerRatis (XceiverServerRatis.java:start(417)) - Starting XceiverServerRatis b2d669d9-7125-4fe0-a26b-3e87ec6b20dd at port 0
2019-10-02 07:38:33,272 [Datanode State Machine Thread - 0] INFO  impl.RaftServerProxy (RaftServerProxy.java:lambda$start$3(299)) - b2d669d9-7125-4fe0-a26b-3e87ec6b20dd: start RPC server
2019-10-02 07:38:33,277 [Datanode State Machine Thread - 0] INFO  server.GrpcService (GrpcService.java:startImpl(158)) - b2d669d9-7125-4fe0-a26b-3e87ec6b20dd: GrpcService started, listening on 0.0.0.0/0.0.0.0:44797
2019-10-02 07:38:33,277 [Datanode State Machine Thread - 0] INFO  ratis.XceiverServerRatis (XceiverServerRatis.java:start(427)) - XceiverServerRatis b2d669d9-7125-4fe0-a26b-3e87ec6b20dd is started using port 44797
2019-10-02 07:38:33,281 [Datanode State Machine Thread - 0] INFO  server.XceiverServerGrpc (XceiverServerGrpc.java:start(149)) - XceiverServerGrpc b2d669d9-7125-4fe0-a26b-3e87ec6b20dd is started using port 42134
2019-10-02 07:38:33,359 [Datanode State Machine Thread - 0] INFO  ozoneimpl.OzoneContainer (OzoneContainer.java:start(217)) - Attempting to start container services.
2019-10-02 07:38:33,360 [Datanode State Machine Thread - 0] INFO  ozoneimpl.OzoneContainer (OzoneContainer.java:startContainerScrub(179)) - Background container scanner has been disabled.
2019-10-02 07:38:33,360 [Datanode State Machine Thread - 0] INFO  ratis.XceiverServerRatis (XceiverServerRatis.java:start(417)) - Starting XceiverServerRatis 2c9d0bdd-0fab-4de9-87b6-8e159cf3a1e3 at port 0
2019-10-02 07:38:33,365 [Datanode State Machine Thread - 0] INFO  impl.RaftServerProxy (RaftServerProxy.java:lambda$start$3(299)) - 2c9d0bdd-0fab-4de9-87b6-8e159cf3a1e3: start RPC server
2019-10-02 07:38:33,366 [Datanode State Machine Thread - 0] INFO  server.GrpcService (GrpcService.java:startImpl(158)) - 2c9d0bdd-0fab-4de9-87b6-8e159cf3a1e3: GrpcService started, listening on 0.0.0.0/0.0.0.0:42326
2019-10-02 07:38:33,366 [Datanode State Machine Thread - 0] INFO  ratis.XceiverServerRatis (XceiverServerRatis.java:start(427)) - XceiverServerRatis 2c9d0bdd-0fab-4de9-87b6-8e159cf3a1e3 is started using port 42326
2019-10-02 07:38:33,370 [Datanode State Machine Thread - 0] INFO  server.XceiverServerGrpc (XceiverServerGrpc.java:start(149)) - XceiverServerGrpc 2c9d0bdd-0fab-4de9-87b6-8e159cf3a1e3 is started using port 39892
2019-10-02 07:38:33,415 [main] INFO  ozone.MiniOzoneClusterImpl (MiniOzoneClusterImpl.java:lambda$waitForClusterToBeReady$0(147)) - Waiting for cluster to be ready. Got 0 of 7 DN Heartbeats.
2019-10-02 07:38:33,428 [Datanode State Machine Thread - 0] INFO  ozoneimpl.OzoneContainer (OzoneContainer.java:start(217)) - Attempting to start container services.
2019-10-02 07:38:33,428 [Datanode State Machine Thread - 0] INFO  ozoneimpl.OzoneContainer (OzoneContainer.java:startContainerScrub(179)) - Background container scanner has been disabled.
2019-10-02 07:38:33,428 [Datanode State Machine Thread - 0] INFO  ratis.XceiverServerRatis (XceiverServerRatis.java:start(417)) - Starting XceiverServerRatis a1250119-fc4a-4706-b7f2-18d810bc2fd1 at port 0
2019-10-02 07:38:33,433 [Datanode State Machine Thread - 0] INFO  impl.RaftServerProxy (RaftServerProxy.java:lambda$start$3(299)) - a1250119-fc4a-4706-b7f2-18d810bc2fd1: start RPC server
2019-10-02 07:38:33,448 [Datanode State Machine Thread - 0] INFO  server.GrpcService (GrpcService.java:startImpl(158)) - a1250119-fc4a-4706-b7f2-18d810bc2fd1: GrpcService started, listening on 0.0.0.0/0.0.0.0:40109
2019-10-02 07:38:33,449 [Datanode State Machine Thread - 0] INFO  ratis.XceiverServerRatis (XceiverServerRatis.java:start(427)) - XceiverServerRatis a1250119-fc4a-4706-b7f2-18d810bc2fd1 is started using port 40109
2019-10-02 07:38:33,449 [Datanode State Machine Thread - 0] INFO  server.XceiverServerGrpc (XceiverServerGrpc.java:start(149)) - XceiverServerGrpc a1250119-fc4a-4706-b7f2-18d810bc2fd1 is started using port 46239
2019-10-02 07:38:33,645 [grpc-default-executor-4] WARN  server.GrpcLogAppender (LogUtils.java:warn(134)) - 877c1e29-213f-4e3e-ace5-02a222c8c7a5@group-8B9B2962CD1F->d54e5ec9-dbdf-4cc4-af70-70ef71242697-AppendLogResponseHandler: Failed appendEntries: org.apache.ratis.thirdparty.io.grpc.StatusRuntimeException: UNAVAILABLE: io exception
2019-10-02 07:38:33,645 [grpc-default-executor-4] INFO  impl.FollowerInfo (FollowerInfo.java:lambda$new$0(51)) - 877c1e29-213f-4e3e-ace5-02a222c8c7a5@group-8B9B2962CD1F->d54e5ec9-dbdf-4cc4-af70-70ef71242697: nextIndex: updateUnconditionally 0 -> 0
2019-10-02 07:38:33,661 [grpc-default-executor-4] WARN  server.GrpcLogAppender (LogUtils.java:warn(134)) - 877c1e29-213f-4e3e-ace5-02a222c8c7a5@group-8B9B2962CD1F->6fd6eee1-0931-460a-9d60-5fc0679329ea-AppendLogResponseHandler: Failed appendEntries: org.apache.ratis.thirdparty.io.grpc.StatusRuntimeException: UNAVAILABLE: io exception
2019-10-02 07:38:33,661 [grpc-default-executor-4] INFO  impl.FollowerInfo (FollowerInfo.java:lambda$new$0(51)) - 877c1e29-213f-4e3e-ace5-02a222c8c7a5@group-8B9B2962CD1F->6fd6eee1-0931-460a-9d60-5fc0679329ea: nextIndex: updateUnconditionally 0 -> 0
2019-10-02 07:38:34,415 [main] INFO  ozone.MiniOzoneClusterImpl (MiniOzoneClusterImpl.java:lambda$waitForClusterToBeReady$0(147)) - Waiting for cluster to be ready. Got 0 of 7 DN Heartbeats.
2019-10-02 07:38:34,824 [IPC Server handler 1 on 42331] INFO  net.NetworkTopology (NetworkTopologyImpl.java:add(111)) - Added a new node: /default-rack/adfcda44-2223-4cc2-9e47-7cf42dcf5791
2019-10-02 07:38:34,829 [IPC Server handler 1 on 42331] INFO  node.SCMNodeManager (SCMNodeManager.java:register(266)) - Registered Data node : adfcda44-2223-4cc2-9e47-7cf42dcf5791{ip: 192.168.164.211, host: pr-hdds-2227-gdpr-vz6hn-2718222164, networkLocation: /default-rack, certSerialId: null}
2019-10-02 07:38:34,830 [EventQueue-NodeRegistrationContainerReportForDataNodeSafeModeRule] INFO  safemode.SCMSafeModeManager (DataNodeSafeModeRule.java:process(71)) - SCM in safe mode. 1 DataNodes registered, 1 required.
2019-10-02 07:38:34,834 [EventQueue-NodeRegistrationContainerReportForDataNodeSafeModeRule] INFO  safemode.SCMSafeModeManager (SCMSafeModeManager.java:validateSafeModeExitRules(177)) - ScmSafeModeManager, all rules are successfully validated
2019-10-02 07:38:34,834 [EventQueue-NodeRegistrationContainerReportForDataNodeSafeModeRule] INFO  safemode.SCMSafeModeManager (SCMSafeModeManager.java:exitSafeMode(193)) - SCM exiting safe mode.
2019-10-02 07:38:34,844 [grpc-default-executor-4] INFO  impl.RaftServerProxy (RaftServerProxy.java:addNew(89)) - adfcda44-2223-4cc2-9e47-7cf42dcf5791: addNew group-FA8BAA6CA393:[adfcda44-2223-4cc2-9e47-7cf42dcf5791:192.168.164.211:40818] returns group-FA8BAA6CA393:java.util.concurrent.CompletableFuture@2cf05d95[Not completed]
2019-10-02 07:38:34,846 [pool-383-thread-1] INFO  impl.RaftServerImpl (RaftServerImpl.java:<init>(95)) - adfcda44-2223-4cc2-9e47-7cf42dcf5791: new RaftServerImpl for group-FA8BAA6CA393:[adfcda44-2223-4cc2-9e47-7cf42dcf5791:192.168.164.211:40818] with ContainerStateMachine:uninitialized
2019-10-02 07:38:34,846 [pool-383-thread-1] INFO  server.RaftServerConfigKeys (ConfUtils.java:logGet(43)) - raft.server.rpc.timeout.min = 5s (custom)
2019-10-02 07:38:34,846 [pool-383-thread-1] INFO  server.RaftServerConfigKeys (ConfUtils.java:logGet(43)) - raft.server.rpc.timeout.max = 5200ms (custom)
2019-10-02 07:38:34,847 [pool-383-thread-1] INFO  server.RaftServerConfigKeys (ConfUtils.java:logGet(43)) - raft.server.rpcslowness.timeout = 120s (custom)
2019-10-02 07:38:34,847 [pool-383-thread-1] INFO  server.RaftServerConfigKeys (ConfUtils.java:logGet(43)) - raft.server.sleep.deviation.threshold = 300 (default)
2019-10-02 07:38:34,847 [pool-383-thread-1] INFO  server.RaftServerConfigKeys (ConfUtils.java:logGet(43)) - raft.server.log.appender.install.snapshot.enabled = false (custom)
2019-10-02 07:38:34,847 [pool-383-thread-1] INFO  impl.RaftServerImpl (ServerState.java:<init>(103)) - adfcda44-2223-4cc2-9e47-7cf42dcf5791@group-FA8BAA6CA393: ConfigurationManager, init=-1: [adfcda44-2223-4cc2-9e47-7cf42dcf5791:192.168.164.211:40818], old=null, confs=<EMPTY_MAP>
2019-10-02 07:38:34,848 [pool-383-thread-1] INFO  server.RaftServerConfigKeys (ConfUtils.java:logGet(43)) - raft.server.storage.dir = [/workdir/hadoop-ozone/integration-test/target/test-dir/MiniOzoneClusterImpl-1724fcea-7144-4bb6-9f5f-f66b377195f9/datanode-0/data/ratis] (custom)
2019-10-02 07:38:34,848 [pool-383-thread-1] INFO  server.RaftServerConfigKeys (ConfUtils.java:logGet(43)) - raft.server.log.corruption.policy = EXCEPTION (default)
2019-10-02 07:38:34,848 [pool-383-thread-1] INFO  storage.RaftStorageDirectory (RaftStorageDirectory.java:analyzeStorage(246)) - The storage directory /workdir/hadoop-ozone/integration-test/target/test-dir/MiniOzoneClusterImpl-1724fcea-7144-4bb6-9f5f-f66b377195f9/datanode-0/data/ratis/80ce2f51-5435-43e6-b323-fa8baa6ca393 does not exist. Creating ...
2019-10-02 07:38:34,862 [pool-383-thread-1] INFO  storage.RaftStorageDirectory (RaftStorageDirectory.java:tryLock(328)) - Lock on /workdir/hadoop-ozone/integration-test/target/test-dir/MiniOzoneClusterImpl-1724fcea-7144-4bb6-9f5f-f66b377195f9/datanode-0/data/ratis/80ce2f51-5435-43e6-b323-fa8baa6ca393/in_use.lock acquired by nodename 7242@pr-hdds-2227-gdpr-vz6hn-2718222164
2019-10-02 07:38:34,875 [pool-383-thread-1] INFO  storage.RaftStorage (RaftStorage.java:format(84)) - Storage directory /workdir/hadoop-ozone/integration-test/target/test-dir/MiniOzoneClusterImpl-1724fcea-7144-4bb6-9f5f-f66b377195f9/datanode-0/data/ratis/80ce2f51-5435-43e6-b323-fa8baa6ca393 has been successfully formatted.
2019-10-02 07:38:34,875 [pool-383-thread-1] INFO  ratis.ContainerStateMachine (ContainerStateMachine.java:loadSnapshot(230)) - group-FA8BAA6CA393: The snapshot info is null. Setting the last applied indexto:(t:0, i:~)
2019-10-02 07:38:34,875 [pool-383-thread-1] INFO  server.RaftServerConfigKeys (ConfUtils.java:logGet(43)) - raft.server.notification.no-leader.timeout = 120s (custom)
2019-10-02 07:38:34,875 [pool-383-thread-1] INFO  server.RaftServerConfigKeys (ConfUtils.java:logGet(43)) - raft.server.log.use.memory = false (default)
2019-10-02 07:38:34,875 [pool-383-thread-1] INFO  server.RaftServerConfigKeys (ConfUtils.java:logGet(43)) - raft.server.log.purge.gap = 1000000 (custom)
2019-10-02 07:38:34,876 [pool-383-thread-1] INFO  server.RaftServerConfigKeys (ConfUtils.java:logGet(43)) - raft.server.log.appender.buffer.byte-limit = 33554432 (custom)
2019-10-02 07:38:34,876 [pool-383-thread-1] INFO  server.RaftServerConfigKeys (ConfUtils.java:logGet(43)) - raft.server.log.segment.size.max = 1048576 (custom)
2019-10-02 07:38:34,878 [pool-383-thread-1] INFO  server.RaftServerConfigKeys (ConfUtils.java:logGet(43)) - raft.server.log.segment.cache.num.max = 2 (custom)
2019-10-02 07:38:34,878 [pool-383-thread-1] INFO  segmented.SegmentedRaftLogWorker (SegmentedRaftLogWorker.java:<init>(173)) - new adfcda44-2223-4cc2-9e47-7cf42dcf5791@group-FA8BAA6CA393-SegmentedRaftLogWorker for RaftStorage:Storage Directory /workdir/hadoop-ozone/integration-test/target/test-dir/MiniOzoneClusterImpl-1724fcea-7144-4bb6-9f5f-f66b377195f9/datanode-0/data/ratis/80ce2f51-5435-43e6-b323-fa8baa6ca393
2019-10-02 07:38:34,878 [pool-383-thread-1] INFO  server.RaftServerConfigKeys (ConfUtils.java:logGet(43)) - raft.server.log.queue.byte-limit = 2147483647 (custom)
2019-10-02 07:38:34,878 [pool-383-thread-1] INFO  server.RaftServerConfigKeys (ConfUtils.java:logGet(43)) - raft.server.log.queue.element-limit = 1024 (custom)
2019-10-02 07:38:34,878 [pool-383-thread-1] INFO  server.RaftServerConfigKeys (ConfUtils.java:logGet(43)) - raft.server.log.segment.size.max = 1048576 (custom)
2019-10-02 07:38:34,878 [pool-383-thread-1] INFO  server.RaftServerConfigKeys (ConfUtils.java:logGet(43)) - raft.server.log.preallocated.size = 16384 (custom)
2019-10-02 07:38:34,878 [pool-383-thread-1] INFO  server.RaftServerConfigKeys (ConfUtils.java:logGet(43)) - raft.server.log.write.buffer.size = 33554432 (custom)
2019-10-02 07:38:34,879 [pool-383-thread-1] INFO  server.RaftServerConfigKeys (ConfUtils.java:logGet(43)) - raft.server.log.force.sync.num = 128 (default)
2019-10-02 07:38:34,879 [pool-383-thread-1] INFO  server.RaftServerConfigKeys (ConfUtils.java:logGet(43)) - raft.server.log.statemachine.data.sync = true (default)
2019-10-02 07:38:34,879 [pool-383-thread-1] INFO  server.RaftServerConfigKeys (ConfUtils.java:logGet(43)) - raft.server.log.statemachine.data.sync.timeout = 10s (default)
2019-10-02 07:38:34,879 [pool-383-thread-1] INFO  server.RaftServerConfigKeys (ConfUtils.java:logGet(43)) - raft.server.log.statemachine.data.sync.timeout.retry = -1 (default)
2019-10-02 07:38:34,879 [pool-383-thread-1] INFO  server.RaftServerConfigKeys (ConfUtils.java:logGet(43)) - raft.server.log.statemachine.data.caching.enabled = true (custom)
2019-10-02 07:38:34,880 [pool-383-thread-1] INFO  segmented.SegmentedRaftLogWorker (SegmentedRaftLogWorker.java:lambda$new$0(128)) - adfcda44-2223-4cc2-9e47-7cf42dcf5791@group-FA8BAA6CA393-SegmentedRaftLogWorker: flushIndex: setUnconditionally 0 -> -1
2019-10-02 07:38:34,880 [pool-383-thread-1] INFO  server.RaftServerConfigKeys (ConfUtils.java:logGet(43)) - raft.server.snapshot.auto.trigger.enabled = true (custom)
2019-10-02 07:38:34,880 [pool-383-thread-1] INFO  server.RaftServerConfigKeys (ConfUtils.java:logGet(43)) - raft.server.snapshot.auto.trigger.threshold = 10000 (custom)
2019-10-02 07:38:34,880 [pool-383-thread-1] INFO  server.RaftServerConfigKeys (ConfUtils.java:logGet(43)) - raft.server.snapshot.retention.file.num = 5 (custom)
2019-10-02 07:38:34,880 [pool-383-thread-1] INFO  server.RaftServerConfigKeys (ConfUtils.java:logGet(43)) - raft.server.retrycache.expirytime = 600000ms (custom)
2019-10-02 07:38:34,882 [pool-383-thread-1] INFO  impl.RaftServerImpl (RaftServerImpl.java:start(181)) - adfcda44-2223-4cc2-9e47-7cf42dcf5791@group-FA8BAA6CA393: start as a follower, conf=-1: [adfcda44-2223-4cc2-9e47-7cf42dcf5791:192.168.164.211:40818], old=null
2019-10-02 07:38:34,882 [pool-383-thread-1] INFO  impl.RaftServerImpl (RaftServerImpl.java:setRole(170)) - adfcda44-2223-4cc2-9e47-7cf42dcf5791@group-FA8BAA6CA393: changes role from      null to FOLLOWER at term 0 for startAsFollower
2019-10-02 07:38:34,882 [pool-383-thread-1] INFO  impl.RoleInfo (RoleInfo.java:updateAndGet(143)) - adfcda44-2223-4cc2-9e47-7cf42dcf5791: start FollowerState
2019-10-02 07:38:34,882 [pool-383-thread-1] INFO  util.JmxRegister (JmxRegister.java:tryRegister(44)) - Successfully registered JMX Bean with object name Ratis:service=RaftServer,group=group-FA8BAA6CA393,id=adfcda44-2223-4cc2-9e47-7cf42dcf5791
2019-10-02 07:38:34,886 [RatisPipelineUtilsThread] INFO  pipeline.PipelineStateManager (PipelineStateManager.java:addPipeline(56)) - Created pipeline Pipeline[ Id: 80ce2f51-5435-43e6-b323-fa8baa6ca393, Nodes: adfcda44-2223-4cc2-9e47-7cf42dcf5791{ip: 192.168.164.211, host: pr-hdds-2227-gdpr-vz6hn-2718222164, networkLocation: /default-rack, certSerialId: null}, Type:RATIS, Factor:ONE, State:OPEN]
2019-10-02 07:38:34,961 [IPC Server handler 6 on 42331] INFO  net.NetworkTopology (NetworkTopologyImpl.java:add(111)) - Added a new node: /default-rack/9154b18f-9664-4d7a-babb-ddc23dc25f76
2019-10-02 07:38:34,961 [IPC Server handler 6 on 42331] INFO  node.SCMNodeManager (SCMNodeManager.java:register(266)) - Registered Data node : 9154b18f-9664-4d7a-babb-ddc23dc25f76{ip: 192.168.164.211, host: pr-hdds-2227-gdpr-vz6hn-2718222164, networkLocation: /default-rack, certSerialId: null}
2019-10-02 07:38:34,970 [grpc-default-executor-4] INFO  impl.RaftServerProxy (RaftServerProxy.java:addNew(89)) - 9154b18f-9664-4d7a-babb-ddc23dc25f76: addNew group-966516687BD9:[9154b18f-9664-4d7a-babb-ddc23dc25f76:192.168.164.211:37310] returns group-966516687BD9:java.util.concurrent.CompletableFuture@5d8afec0[Not completed]
2019-10-02 07:38:34,971 [pool-393-thread-1] INFO  impl.RaftServerImpl (RaftServerImpl.java:<init>(95)) - 9154b18f-9664-4d7a-babb-ddc23dc25f76: new RaftServerImpl for group-966516687BD9:[9154b18f-9664-4d7a-babb-ddc23dc25f76:192.168.164.211:37310] with ContainerStateMachine:uninitialized
2019-10-02 07:38:34,971 [pool-393-thread-1] INFO  server.RaftServerConfigKeys (ConfUtils.java:logGet(43)) - raft.server.rpc.timeout.min = 5s (custom)
2019-10-02 07:38:34,971 [pool-393-thread-1] INFO  server.RaftServerConfigKeys (ConfUtils.java:logGet(43)) - raft.server.rpc.timeout.max = 5200ms (custom)
2019-10-02 07:38:34,972 [pool-393-thread-1] INFO  server.RaftServerConfigKeys (ConfUtils.java:logGet(43)) - raft.server.rpcslowness.timeout = 120s (custom)
2019-10-02 07:38:34,972 [pool-393-thread-1] INFO  server.RaftServerConfigKeys (ConfUtils.java:logGet(43)) - raft.server.sleep.deviation.threshold = 300 (default)
2019-10-02 07:38:34,972 [pool-393-thread-1] INFO  server.RaftServerConfigKeys (ConfUtils.java:logGet(43)) - raft.server.log.appender.install.snapshot.enabled = false (custom)
2019-10-02 07:38:34,972 [pool-393-thread-1] INFO  impl.RaftServerImpl (ServerState.java:<init>(103)) - 9154b18f-9664-4d7a-babb-ddc23dc25f76@group-966516687BD9: ConfigurationManager, init=-1: [9154b18f-9664-4d7a-babb-ddc23dc25f76:192.168.164.211:37310], old=null, confs=<EMPTY_MAP>
2019-10-02 07:38:34,972 [pool-393-thread-1] INFO  server.RaftServerConfigKeys (ConfUtils.java:logGet(43)) - raft.server.storage.dir = [/workdir/hadoop-ozone/integration-test/target/test-dir/MiniOzoneClusterImpl-1724fcea-7144-4bb6-9f5f-f66b377195f9/datanode-1/data/ratis] (custom)
2019-10-02 07:38:34,972 [pool-393-thread-1] INFO  server.RaftServerConfigKeys (ConfUtils.java:logGet(43)) - raft.server.log.corruption.policy = EXCEPTION (default)
2019-10-02 07:38:34,973 [pool-393-thread-1] INFO  storage.RaftStorageDirectory (RaftStorageDirectory.java:analyzeStorage(246)) - The storage directory /workdir/hadoop-ozone/integration-test/target/test-dir/MiniOzoneClusterImpl-1724fcea-7144-4bb6-9f5f-f66b377195f9/datanode-1/data/ratis/55cf9310-564d-43da-a04c-966516687bd9 does not exist. Creating ...
2019-10-02 07:38:34,987 [pool-393-thread-1] INFO  storage.RaftStorageDirectory (RaftStorageDirectory.java:tryLock(328)) - Lock on /workdir/hadoop-ozone/integration-test/target/test-dir/MiniOzoneClusterImpl-1724fcea-7144-4bb6-9f5f-f66b377195f9/datanode-1/data/ratis/55cf9310-564d-43da-a04c-966516687bd9/in_use.lock acquired by nodename 7242@pr-hdds-2227-gdpr-vz6hn-2718222164
2019-10-02 07:38:35,026 [pool-393-thread-1] INFO  storage.RaftStorage (RaftStorage.java:format(84)) - Storage directory /workdir/hadoop-ozone/integration-test/target/test-dir/MiniOzoneClusterImpl-1724fcea-7144-4bb6-9f5f-f66b377195f9/datanode-1/data/ratis/55cf9310-564d-43da-a04c-966516687bd9 has been successfully formatted.
2019-10-02 07:38:35,027 [pool-393-thread-1] INFO  ratis.ContainerStateMachine (ContainerStateMachine.java:loadSnapshot(230)) - group-966516687BD9: The snapshot info is null. Setting the last applied indexto:(t:0, i:~)
2019-10-02 07:38:35,027 [pool-393-thread-1] INFO  server.RaftServerConfigKeys (ConfUtils.java:logGet(43)) - raft.server.notification.no-leader.timeout = 120s (custom)
2019-10-02 07:38:35,027 [pool-393-thread-1] INFO  server.RaftServerConfigKeys (ConfUtils.java:logGet(43)) - raft.server.log.use.memory = false (default)
2019-10-02 07:38:35,027 [pool-393-thread-1] INFO  server.RaftServerConfigKeys (ConfUtils.java:logGet(43)) - raft.server.log.purge.gap = 1000000 (custom)
2019-10-02 07:38:35,027 [pool-393-thread-1] INFO  server.RaftServerConfigKeys (ConfUtils.java:logGet(43)) - raft.server.log.appender.buffer.byte-limit = 33554432 (custom)
2019-10-02 07:38:35,027 [pool-393-thread-1] INFO  server.RaftServerConfigKeys (ConfUtils.java:logGet(43)) - raft.server.log.segment.size.max = 1048576 (custom)
2019-10-02 07:38:35,029 [pool-393-thread-1] INFO  server.RaftServerConfigKeys (ConfUtils.java:logGet(43)) - raft.server.log.segment.cache.num.max = 2 (custom)
2019-10-02 07:38:35,029 [pool-393-thread-1] INFO  segmented.SegmentedRaftLogWorker (SegmentedRaftLogWorker.java:<init>(173)) - new 9154b18f-9664-4d7a-babb-ddc23dc25f76@group-966516687BD9-SegmentedRaftLogWorker for RaftStorage:Storage Directory /workdir/hadoop-ozone/integration-test/target/test-dir/MiniOzoneClusterImpl-1724fcea-7144-4bb6-9f5f-f66b377195f9/datanode-1/data/ratis/55cf9310-564d-43da-a04c-966516687bd9
2019-10-02 07:38:35,029 [pool-393-thread-1] INFO  server.RaftServerConfigKeys (ConfUtils.java:logGet(43)) - raft.server.log.queue.byte-limit = 2147483647 (custom)
2019-10-02 07:38:35,029 [pool-393-thread-1] INFO  server.RaftServerConfigKeys (ConfUtils.java:logGet(43)) - raft.server.log.queue.element-limit = 1024 (custom)
2019-10-02 07:38:35,029 [pool-393-thread-1] INFO  server.RaftServerConfigKeys (ConfUtils.java:logGet(43)) - raft.server.log.segment.size.max = 1048576 (custom)
2019-10-02 07:38:35,030 [pool-393-thread-1] INFO  server.RaftServerConfigKeys (ConfUtils.java:logGet(43)) - raft.server.log.preallocated.size = 16384 (custom)
2019-10-02 07:38:35,030 [pool-393-thread-1] INFO  server.RaftServerConfigKeys (ConfUtils.java:logGet(43)) - raft.server.log.write.buffer.size = 33554432 (custom)
2019-10-02 07:38:35,030 [pool-393-thread-1] INFO  server.RaftServerConfigKeys (ConfUtils.java:logGet(43)) - raft.server.log.force.sync.num = 128 (default)
2019-10-02 07:38:35,030 [pool-393-thread-1] INFO  server.RaftServerConfigKeys (ConfUtils.java:logGet(43)) - raft.server.log.statemachine.data.sync = true (default)
2019-10-02 07:38:35,030 [pool-393-thread-1] INFO  server.RaftServerConfigKeys (ConfUtils.java:logGet(43)) - raft.server.log.statemachine.data.sync.timeout = 10s (default)
2019-10-02 07:38:35,030 [pool-393-thread-1] INFO  server.RaftServerConfigKeys (ConfUtils.java:logGet(43)) - raft.server.log.statemachine.data.sync.timeout.retry = -1 (default)
2019-10-02 07:38:35,030 [pool-393-thread-1] INFO  server.RaftServerConfigKeys (ConfUtils.java:logGet(43)) - raft.server.log.statemachine.data.caching.enabled = true (custom)
2019-10-02 07:38:35,031 [pool-393-thread-1] INFO  segmented.SegmentedRaftLogWorker (SegmentedRaftLogWorker.java:lambda$new$0(128)) - 9154b18f-9664-4d7a-babb-ddc23dc25f76@group-966516687BD9-SegmentedRaftLogWorker: flushIndex: setUnconditionally 0 -> -1
2019-10-02 07:38:35,031 [pool-393-thread-1] INFO  server.RaftServerConfigKeys (ConfUtils.java:logGet(43)) - raft.server.snapshot.auto.trigger.enabled = true (custom)
2019-10-02 07:38:35,031 [pool-393-thread-1] INFO  server.RaftServerConfigKeys (ConfUtils.java:logGet(43)) - raft.server.snapshot.auto.trigger.threshold = 10000 (custom)
2019-10-02 07:38:35,031 [pool-393-thread-1] INFO  server.RaftServerConfigKeys (ConfUtils.java:logGet(43)) - raft.server.snapshot.retention.file.num = 5 (custom)
2019-10-02 07:38:35,031 [pool-393-thread-1] INFO  server.RaftServerConfigKeys (ConfUtils.java:logGet(43)) - raft.server.retrycache.expirytime = 600000ms (custom)
2019-10-02 07:38:35,033 [pool-393-thread-1] INFO  impl.RaftServerImpl (RaftServerImpl.java:start(181)) - 9154b18f-9664-4d7a-babb-ddc23dc25f76@group-966516687BD9: start as a follower, conf=-1: [9154b18f-9664-4d7a-babb-ddc23dc25f76:192.168.164.211:37310], old=null
2019-10-02 07:38:35,033 [pool-393-thread-1] INFO  impl.RaftServerImpl (RaftServerImpl.java:setRole(170)) - 9154b18f-9664-4d7a-babb-ddc23dc25f76@group-966516687BD9: changes role from      null to FOLLOWER at term 0 for startAsFollower
2019-10-02 07:38:35,033 [pool-393-thread-1] INFO  impl.RoleInfo (RoleInfo.java:updateAndGet(143)) - 9154b18f-9664-4d7a-babb-ddc23dc25f76: start FollowerState
2019-10-02 07:38:35,033 [pool-393-thread-1] INFO  util.JmxRegister (JmxRegister.java:tryRegister(44)) - Successfully registered JMX Bean with object name Ratis:service=RaftServer,group=group-966516687BD9,id=9154b18f-9664-4d7a-babb-ddc23dc25f76
2019-10-02 07:38:35,038 [RatisPipelineUtilsThread] INFO  pipeline.PipelineStateManager (PipelineStateManager.java:addPipeline(56)) - Created pipeline Pipeline[ Id: 55cf9310-564d-43da-a04c-966516687bd9, Nodes: 9154b18f-9664-4d7a-babb-ddc23dc25f76{ip: 192.168.164.211, host: pr-hdds-2227-gdpr-vz6hn-2718222164, networkLocation: /default-rack, certSerialId: null}, Type:RATIS, Factor:ONE, State:OPEN]
2019-10-02 07:38:35,067 [IPC Server handler 2 on 42331] INFO  net.NetworkTopology (NetworkTopologyImpl.java:add(111)) - Added a new node: /default-rack/914ea15e-b21f-483c-8731-fcf6123bfdb8
2019-10-02 07:38:35,067 [IPC Server handler 2 on 42331] INFO  node.SCMNodeManager (SCMNodeManager.java:register(266)) - Registered Data node : 914ea15e-b21f-483c-8731-fcf6123bfdb8{ip: 192.168.164.211, host: pr-hdds-2227-gdpr-vz6hn-2718222164, networkLocation: /default-rack, certSerialId: null}
2019-10-02 07:38:35,076 [grpc-default-executor-4] INFO  impl.RaftServerProxy (RaftServerProxy.java:addNew(89)) - 914ea15e-b21f-483c-8731-fcf6123bfdb8: addNew group-B207C861E859:[914ea15e-b21f-483c-8731-fcf6123bfdb8:192.168.164.211:34203] returns group-B207C861E859:java.util.concurrent.CompletableFuture@3ad2e48b[Not completed]
2019-10-02 07:38:35,078 [pool-403-thread-1] INFO  impl.RaftServerImpl (RaftServerImpl.java:<init>(95)) - 914ea15e-b21f-483c-8731-fcf6123bfdb8: new RaftServerImpl for group-B207C861E859:[914ea15e-b21f-483c-8731-fcf6123bfdb8:192.168.164.211:34203] with ContainerStateMachine:uninitialized
2019-10-02 07:38:35,078 [pool-403-thread-1] INFO  server.RaftServerConfigKeys (ConfUtils.java:logGet(43)) - raft.server.rpc.timeout.min = 5s (custom)
2019-10-02 07:38:35,078 [pool-403-thread-1] INFO  server.RaftServerConfigKeys (ConfUtils.java:logGet(43)) - raft.server.rpc.timeout.max = 5200ms (custom)
2019-10-02 07:38:35,078 [pool-403-thread-1] INFO  server.RaftServerConfigKeys (ConfUtils.java:logGet(43)) - raft.server.rpcslowness.timeout = 120s (custom)
2019-10-02 07:38:35,078 [pool-403-thread-1] INFO  server.RaftServerConfigKeys (ConfUtils.java:logGet(43)) - raft.server.sleep.deviation.threshold = 300 (default)
2019-10-02 07:38:35,079 [pool-403-thread-1] INFO  server.RaftServerConfigKeys (ConfUtils.java:logGet(43)) - raft.server.log.appender.install.snapshot.enabled = false (custom)
2019-10-02 07:38:35,079 [pool-403-thread-1] INFO  impl.RaftServerImpl (ServerState.java:<init>(103)) - 914ea15e-b21f-483c-8731-fcf6123bfdb8@group-B207C861E859: ConfigurationManager, init=-1: [914ea15e-b21f-483c-8731-fcf6123bfdb8:192.168.164.211:34203], old=null, confs=<EMPTY_MAP>
2019-10-02 07:38:35,079 [pool-403-thread-1] INFO  server.RaftServerConfigKeys (ConfUtils.java:logGet(43)) - raft.server.storage.dir = [/workdir/hadoop-ozone/integration-test/target/test-dir/MiniOzoneClusterImpl-1724fcea-7144-4bb6-9f5f-f66b377195f9/datanode-2/data/ratis] (custom)
2019-10-02 07:38:35,079 [pool-403-thread-1] INFO  server.RaftServerConfigKeys (ConfUtils.java:logGet(43)) - raft.server.log.corruption.policy = EXCEPTION (default)
2019-10-02 07:38:35,080 [pool-403-thread-1] INFO  storage.RaftStorageDirectory (RaftStorageDirectory.java:analyzeStorage(246)) - The storage directory /workdir/hadoop-ozone/integration-test/target/test-dir/MiniOzoneClusterImpl-1724fcea-7144-4bb6-9f5f-f66b377195f9/datanode-2/data/ratis/faa4eb14-7c65-492f-991e-b207c861e859 does not exist. Creating ...
2019-10-02 07:38:35,092 [pool-403-thread-1] INFO  storage.RaftStorageDirectory (RaftStorageDirectory.java:tryLock(328)) - Lock on /workdir/hadoop-ozone/integration-test/target/test-dir/MiniOzoneClusterImpl-1724fcea-7144-4bb6-9f5f-f66b377195f9/datanode-2/data/ratis/faa4eb14-7c65-492f-991e-b207c861e859/in_use.lock acquired by nodename 7242@pr-hdds-2227-gdpr-vz6hn-2718222164
2019-10-02 07:38:35,103 [pool-403-thread-1] INFO  storage.RaftStorage (RaftStorage.java:format(84)) - Storage directory /workdir/hadoop-ozone/integration-test/target/test-dir/MiniOzoneClusterImpl-1724fcea-7144-4bb6-9f5f-f66b377195f9/datanode-2/data/ratis/faa4eb14-7c65-492f-991e-b207c861e859 has been successfully formatted.
2019-10-02 07:38:35,103 [pool-403-thread-1] INFO  ratis.ContainerStateMachine (ContainerStateMachine.java:loadSnapshot(230)) - group-B207C861E859: The snapshot info is null. Setting the last applied indexto:(t:0, i:~)
2019-10-02 07:38:35,104 [pool-403-thread-1] INFO  server.RaftServerConfigKeys (ConfUtils.java:logGet(43)) - raft.server.notification.no-leader.timeout = 120s (custom)
2019-10-02 07:38:35,104 [pool-403-thread-1] INFO  server.RaftServerConfigKeys (ConfUtils.java:logGet(43)) - raft.server.log.use.memory = false (default)
2019-10-02 07:38:35,104 [pool-403-thread-1] INFO  server.RaftServerConfigKeys (ConfUtils.java:logGet(43)) - raft.server.log.purge.gap = 1000000 (custom)
2019-10-02 07:38:35,104 [pool-403-thread-1] INFO  server.RaftServerConfigKeys (ConfUtils.java:logGet(43)) - raft.server.log.appender.buffer.byte-limit = 33554432 (custom)
2019-10-02 07:38:35,104 [pool-403-thread-1] INFO  server.RaftServerConfigKeys (ConfUtils.java:logGet(43)) - raft.server.log.segment.size.max = 1048576 (custom)
2019-10-02 07:38:35,107 [pool-403-thread-1] INFO  server.RaftServerConfigKeys (ConfUtils.java:logGet(43)) - raft.server.log.segment.cache.num.max = 2 (custom)
2019-10-02 07:38:35,107 [pool-403-thread-1] INFO  segmented.SegmentedRaftLogWorker (SegmentedRaftLogWorker.java:<init>(173)) - new 914ea15e-b21f-483c-8731-fcf6123bfdb8@group-B207C861E859-SegmentedRaftLogWorker for RaftStorage:Storage Directory /workdir/hadoop-ozone/integration-test/target/test-dir/MiniOzoneClusterImpl-1724fcea-7144-4bb6-9f5f-f66b377195f9/datanode-2/data/ratis/faa4eb14-7c65-492f-991e-b207c861e859
2019-10-02 07:38:35,107 [pool-403-thread-1] INFO  server.RaftServerConfigKeys (ConfUtils.java:logGet(43)) - raft.server.log.queue.byte-limit = 2147483647 (custom)
2019-10-02 07:38:35,107 [pool-403-thread-1] INFO  server.RaftServerConfigKeys (ConfUtils.java:logGet(43)) - raft.server.log.queue.element-limit = 1024 (custom)
2019-10-02 07:38:35,107 [pool-403-thread-1] INFO  server.RaftServerConfigKeys (ConfUtils.java:logGet(43)) - raft.server.log.segment.size.max = 1048576 (custom)
2019-10-02 07:38:35,107 [pool-403-thread-1] INFO  server.RaftServerConfigKeys (ConfUtils.java:logGet(43)) - raft.server.log.preallocated.size = 16384 (custom)
2019-10-02 07:38:35,108 [pool-403-thread-1] INFO  server.RaftServerConfigKeys (ConfUtils.java:logGet(43)) - raft.server.log.write.buffer.size = 33554432 (custom)
2019-10-02 07:38:35,108 [pool-403-thread-1] INFO  server.RaftServerConfigKeys (ConfUtils.java:logGet(43)) - raft.server.log.force.sync.num = 128 (default)
2019-10-02 07:38:35,108 [pool-403-thread-1] INFO  server.RaftServerConfigKeys (ConfUtils.java:logGet(43)) - raft.server.log.statemachine.data.sync = true (default)
2019-10-02 07:38:35,108 [pool-403-thread-1] INFO  server.RaftServerConfigKeys (ConfUtils.java:logGet(43)) - raft.server.log.statemachine.data.sync.timeout = 10s (default)
2019-10-02 07:38:35,108 [pool-403-thread-1] INFO  server.RaftServerConfigKeys (ConfUtils.java:logGet(43)) - raft.server.log.statemachine.data.sync.timeout.retry = -1 (default)
2019-10-02 07:38:35,109 [pool-403-thread-1] INFO  server.RaftServerConfigKeys (ConfUtils.java:logGet(43)) - raft.server.log.statemachine.data.caching.enabled = true (custom)
2019-10-02 07:38:35,109 [pool-403-thread-1] INFO  segmented.SegmentedRaftLogWorker (SegmentedRaftLogWorker.java:lambda$new$0(128)) - 914ea15e-b21f-483c-8731-fcf6123bfdb8@group-B207C861E859-SegmentedRaftLogWorker: flushIndex: setUnconditionally 0 -> -1
2019-10-02 07:38:35,110 [pool-403-thread-1] INFO  server.RaftServerConfigKeys (ConfUtils.java:logGet(43)) - raft.server.snapshot.auto.trigger.enabled = true (custom)
2019-10-02 07:38:35,110 [pool-403-thread-1] INFO  server.RaftServerConfigKeys (ConfUtils.java:logGet(43)) - raft.server.snapshot.auto.trigger.threshold = 10000 (custom)
2019-10-02 07:38:35,110 [pool-403-thread-1] INFO  server.RaftServerConfigKeys (ConfUtils.java:logGet(43)) - raft.server.snapshot.retention.file.num = 5 (custom)
2019-10-02 07:38:35,110 [pool-403-thread-1] INFO  server.RaftServerConfigKeys (ConfUtils.java:logGet(43)) - raft.server.retrycache.expirytime = 600000ms (custom)
2019-10-02 07:38:35,112 [pool-403-thread-1] INFO  impl.RaftServerImpl (RaftServerImpl.java:start(181)) - 914ea15e-b21f-483c-8731-fcf6123bfdb8@group-B207C861E859: start as a follower, conf=-1: [914ea15e-b21f-483c-8731-fcf6123bfdb8:192.168.164.211:34203], old=null
2019-10-02 07:38:35,112 [pool-403-thread-1] INFO  impl.RaftServerImpl (RaftServerImpl.java:setRole(170)) - 914ea15e-b21f-483c-8731-fcf6123bfdb8@group-B207C861E859: changes role from      null to FOLLOWER at term 0 for startAsFollower
2019-10-02 07:38:35,112 [pool-403-thread-1] INFO  impl.RoleInfo (RoleInfo.java:updateAndGet(143)) - 914ea15e-b21f-483c-8731-fcf6123bfdb8: start FollowerState
2019-10-02 07:38:35,113 [pool-403-thread-1] INFO  util.JmxRegister (JmxRegister.java:tryRegister(44)) - Successfully registered JMX Bean with object name Ratis:service=RaftServer,group=group-B207C861E859,id=914ea15e-b21f-483c-8731-fcf6123bfdb8
2019-10-02 07:38:35,117 [RatisPipelineUtilsThread] INFO  pipeline.PipelineStateManager (PipelineStateManager.java:addPipeline(56)) - Created pipeline Pipeline[ Id: faa4eb14-7c65-492f-991e-b207c861e859, Nodes: 914ea15e-b21f-483c-8731-fcf6123bfdb8{ip: 192.168.164.211, host: pr-hdds-2227-gdpr-vz6hn-2718222164, networkLocation: /default-rack, certSerialId: null}, Type:RATIS, Factor:ONE, State:OPEN]
2019-10-02 07:38:35,134 [grpc-default-executor-6] INFO  impl.RaftServerProxy (RaftServerProxy.java:addNew(89)) - 914ea15e-b21f-483c-8731-fcf6123bfdb8: addNew group-6D4952BC3E96:[9154b18f-9664-4d7a-babb-ddc23dc25f76:192.168.164.211:37310, adfcda44-2223-4cc2-9e47-7cf42dcf5791:192.168.164.211:40818, 914ea15e-b21f-483c-8731-fcf6123bfdb8:192.168.164.211:34203] returns group-6D4952BC3E96:java.util.concurrent.CompletableFuture@68869ade[Not completed]
2019-10-02 07:38:35,134 [grpc-default-executor-1] INFO  impl.RaftServerProxy (RaftServerProxy.java:addNew(89)) - adfcda44-2223-4cc2-9e47-7cf42dcf5791: addNew group-6D4952BC3E96:[9154b18f-9664-4d7a-babb-ddc23dc25f76:192.168.164.211:37310, adfcda44-2223-4cc2-9e47-7cf42dcf5791:192.168.164.211:40818, 914ea15e-b21f-483c-8731-fcf6123bfdb8:192.168.164.211:34203] returns group-6D4952BC3E96:java.util.concurrent.CompletableFuture@68f339c8[Not completed]
2019-10-02 07:38:35,135 [grpc-default-executor-4] INFO  impl.RaftServerProxy (RaftServerProxy.java:addNew(89)) - 9154b18f-9664-4d7a-babb-ddc23dc25f76: addNew group-6D4952BC3E96:[9154b18f-9664-4d7a-babb-ddc23dc25f76:192.168.164.211:37310, adfcda44-2223-4cc2-9e47-7cf42dcf5791:192.168.164.211:40818, 914ea15e-b21f-483c-8731-fcf6123bfdb8:192.168.164.211:34203] returns group-6D4952BC3E96:java.util.concurrent.CompletableFuture@34f2b7e[Not completed]
2019-10-02 07:38:35,136 [pool-383-thread-1] INFO  impl.RaftServerImpl (RaftServerImpl.java:<init>(95)) - adfcda44-2223-4cc2-9e47-7cf42dcf5791: new RaftServerImpl for group-6D4952BC3E96:[9154b18f-9664-4d7a-babb-ddc23dc25f76:192.168.164.211:37310, adfcda44-2223-4cc2-9e47-7cf42dcf5791:192.168.164.211:40818, 914ea15e-b21f-483c-8731-fcf6123bfdb8:192.168.164.211:34203] with ContainerStateMachine:uninitialized
2019-10-02 07:38:35,136 [pool-383-thread-1] INFO  server.RaftServerConfigKeys (ConfUtils.java:logGet(43)) - raft.server.rpc.timeout.min = 5s (custom)
2019-10-02 07:38:35,136 [pool-383-thread-1] INFO  server.RaftServerConfigKeys (ConfUtils.java:logGet(43)) - raft.server.rpc.timeout.max = 5200ms (custom)
2019-10-02 07:38:35,136 [pool-383-thread-1] INFO  server.RaftServerConfigKeys (ConfUtils.java:logGet(43)) - raft.server.rpcslowness.timeout = 120s (custom)
2019-10-02 07:38:35,136 [pool-383-thread-1] INFO  server.RaftServerConfigKeys (ConfUtils.java:logGet(43)) - raft.server.sleep.deviation.threshold = 300 (default)
2019-10-02 07:38:35,136 [pool-383-thread-1] INFO  server.RaftServerConfigKeys (ConfUtils.java:logGet(43)) - raft.server.log.appender.install.snapshot.enabled = false (custom)
2019-10-02 07:38:35,136 [pool-383-thread-1] INFO  impl.RaftServerImpl (ServerState.java:<init>(103)) - adfcda44-2223-4cc2-9e47-7cf42dcf5791@group-6D4952BC3E96: ConfigurationManager, init=-1: [9154b18f-9664-4d7a-babb-ddc23dc25f76:192.168.164.211:37310, adfcda44-2223-4cc2-9e47-7cf42dcf5791:192.168.164.211:40818, 914ea15e-b21f-483c-8731-fcf6123bfdb8:192.168.164.211:34203], old=null, confs=<EMPTY_MAP>
2019-10-02 07:38:35,136 [pool-383-thread-1] INFO  server.RaftServerConfigKeys (ConfUtils.java:logGet(43)) - raft.server.storage.dir = [/workdir/hadoop-ozone/integration-test/target/test-dir/MiniOzoneClusterImpl-1724fcea-7144-4bb6-9f5f-f66b377195f9/datanode-0/data/ratis] (custom)
2019-10-02 07:38:35,136 [pool-383-thread-1] INFO  server.RaftServerConfigKeys (ConfUtils.java:logGet(43)) - raft.server.log.corruption.policy = EXCEPTION (default)
2019-10-02 07:38:35,136 [pool-393-thread-1] INFO  impl.RaftServerImpl (RaftServerImpl.java:<init>(95)) - 9154b18f-9664-4d7a-babb-ddc23dc25f76: new RaftServerImpl for group-6D4952BC3E96:[9154b18f-9664-4d7a-babb-ddc23dc25f76:192.168.164.211:37310, adfcda44-2223-4cc2-9e47-7cf42dcf5791:192.168.164.211:40818, 914ea15e-b21f-483c-8731-fcf6123bfdb8:192.168.164.211:34203] with ContainerStateMachine:uninitialized
2019-10-02 07:38:35,137 [pool-383-thread-1] INFO  storage.RaftStorageDirectory (RaftStorageDirectory.java:analyzeStorage(246)) - The storage directory /workdir/hadoop-ozone/integration-test/target/test-dir/MiniOzoneClusterImpl-1724fcea-7144-4bb6-9f5f-f66b377195f9/datanode-0/data/ratis/794b076b-f068-4147-852e-6d4952bc3e96 does not exist. Creating ...
2019-10-02 07:38:35,137 [pool-393-thread-1] INFO  server.RaftServerConfigKeys (ConfUtils.java:logGet(43)) - raft.server.rpc.timeout.min = 5s (custom)
2019-10-02 07:38:35,137 [pool-393-thread-1] INFO  server.RaftServerConfigKeys (ConfUtils.java:logGet(43)) - raft.server.rpc.timeout.max = 5200ms (custom)
2019-10-02 07:38:35,137 [pool-393-thread-1] INFO  server.RaftServerConfigKeys (ConfUtils.java:logGet(43)) - raft.server.rpcslowness.timeout = 120s (custom)
2019-10-02 07:38:35,137 [pool-393-thread-1] INFO  server.RaftServerConfigKeys (ConfUtils.java:logGet(43)) - raft.server.sleep.deviation.threshold = 300 (default)
2019-10-02 07:38:35,137 [pool-403-thread-1] INFO  impl.RaftServerImpl (RaftServerImpl.java:<init>(95)) - 914ea15e-b21f-483c-8731-fcf6123bfdb8: new RaftServerImpl for group-6D4952BC3E96:[9154b18f-9664-4d7a-babb-ddc23dc25f76:192.168.164.211:37310, adfcda44-2223-4cc2-9e47-7cf42dcf5791:192.168.164.211:40818, 914ea15e-b21f-483c-8731-fcf6123bfdb8:192.168.164.211:34203] with ContainerStateMachine:uninitialized
2019-10-02 07:38:35,137 [pool-393-thread-1] INFO  server.RaftServerConfigKeys (ConfUtils.java:logGet(43)) - raft.server.log.appender.install.snapshot.enabled = false (custom)
2019-10-02 07:38:35,138 [pool-403-thread-1] INFO  server.RaftServerConfigKeys (ConfUtils.java:logGet(43)) - raft.server.rpc.timeout.min = 5s (custom)
2019-10-02 07:38:35,138 [pool-393-thread-1] INFO  impl.RaftServerImpl (ServerState.java:<init>(103)) - 9154b18f-9664-4d7a-babb-ddc23dc25f76@group-6D4952BC3E96: ConfigurationManager, init=-1: [9154b18f-9664-4d7a-babb-ddc23dc25f76:192.168.164.211:37310, adfcda44-2223-4cc2-9e47-7cf42dcf5791:192.168.164.211:40818, 914ea15e-b21f-483c-8731-fcf6123bfdb8:192.168.164.211:34203], old=null, confs=<EMPTY_MAP>
2019-10-02 07:38:35,138 [pool-403-thread-1] INFO  server.RaftServerConfigKeys (ConfUtils.java:logGet(43)) - raft.server.rpc.timeout.max = 5200ms (custom)
2019-10-02 07:38:35,138 [pool-393-thread-1] INFO  server.RaftServerConfigKeys (ConfUtils.java:logGet(43)) - raft.server.storage.dir = [/workdir/hadoop-ozone/integration-test/target/test-dir/MiniOzoneClusterImpl-1724fcea-7144-4bb6-9f5f-f66b377195f9/datanode-1/data/ratis] (custom)
2019-10-02 07:38:35,138 [pool-403-thread-1] INFO  server.RaftServerConfigKeys (ConfUtils.java:logGet(43)) - raft.server.rpcslowness.timeout = 120s (custom)
2019-10-02 07:38:35,138 [pool-403-thread-1] INFO  server.RaftServerConfigKeys (ConfUtils.java:logGet(43)) - raft.server.sleep.deviation.threshold = 300 (default)
2019-10-02 07:38:35,138 [pool-393-thread-1] INFO  server.RaftServerConfigKeys (ConfUtils.java:logGet(43)) - raft.server.log.corruption.policy = EXCEPTION (default)
2019-10-02 07:38:35,138 [pool-403-thread-1] INFO  server.RaftServerConfigKeys (ConfUtils.java:logGet(43)) - raft.server.log.appender.install.snapshot.enabled = false (custom)
2019-10-02 07:38:35,139 [pool-393-thread-1] INFO  storage.RaftStorageDirectory (RaftStorageDirectory.java:analyzeStorage(246)) - The storage directory /workdir/hadoop-ozone/integration-test/target/test-dir/MiniOzoneClusterImpl-1724fcea-7144-4bb6-9f5f-f66b377195f9/datanode-1/data/ratis/794b076b-f068-4147-852e-6d4952bc3e96 does not exist. Creating ...
2019-10-02 07:38:35,139 [pool-403-thread-1] INFO  impl.RaftServerImpl (ServerState.java:<init>(103)) - 914ea15e-b21f-483c-8731-fcf6123bfdb8@group-6D4952BC3E96: ConfigurationManager, init=-1: [9154b18f-9664-4d7a-babb-ddc23dc25f76:192.168.164.211:37310, adfcda44-2223-4cc2-9e47-7cf42dcf5791:192.168.164.211:40818, 914ea15e-b21f-483c-8731-fcf6123bfdb8:192.168.164.211:34203], old=null, confs=<EMPTY_MAP>
2019-10-02 07:38:35,139 [pool-403-thread-1] INFO  server.RaftServerConfigKeys (ConfUtils.java:logGet(43)) - raft.server.storage.dir = [/workdir/hadoop-ozone/integration-test/target/test-dir/MiniOzoneClusterImpl-1724fcea-7144-4bb6-9f5f-f66b377195f9/datanode-2/data/ratis] (custom)
2019-10-02 07:38:35,139 [pool-403-thread-1] INFO  server.RaftServerConfigKeys (ConfUtils.java:logGet(43)) - raft.server.log.corruption.policy = EXCEPTION (default)
2019-10-02 07:38:35,139 [pool-403-thread-1] INFO  storage.RaftStorageDirectory (RaftStorageDirectory.java:analyzeStorage(246)) - The storage directory /workdir/hadoop-ozone/integration-test/target/test-dir/MiniOzoneClusterImpl-1724fcea-7144-4bb6-9f5f-f66b377195f9/datanode-2/data/ratis/794b076b-f068-4147-852e-6d4952bc3e96 does not exist. Creating ...
2019-10-02 07:38:35,148 [pool-383-thread-1] INFO  storage.RaftStorageDirectory (RaftStorageDirectory.java:tryLock(328)) - Lock on /workdir/hadoop-ozone/integration-test/target/test-dir/MiniOzoneClusterImpl-1724fcea-7144-4bb6-9f5f-f66b377195f9/datanode-0/data/ratis/794b076b-f068-4147-852e-6d4952bc3e96/in_use.lock acquired by nodename 7242@pr-hdds-2227-gdpr-vz6hn-2718222164
2019-10-02 07:38:35,148 [pool-393-thread-1] INFO  storage.RaftStorageDirectory (RaftStorageDirectory.java:tryLock(328)) - Lock on /workdir/hadoop-ozone/integration-test/target/test-dir/MiniOzoneClusterImpl-1724fcea-7144-4bb6-9f5f-f66b377195f9/datanode-1/data/ratis/794b076b-f068-4147-852e-6d4952bc3e96/in_use.lock acquired by nodename 7242@pr-hdds-2227-gdpr-vz6hn-2718222164
2019-10-02 07:38:35,148 [pool-403-thread-1] INFO  storage.RaftStorageDirectory (RaftStorageDirectory.java:tryLock(328)) - Lock on /workdir/hadoop-ozone/integration-test/target/test-dir/MiniOzoneClusterImpl-1724fcea-7144-4bb6-9f5f-f66b377195f9/datanode-2/data/ratis/794b076b-f068-4147-852e-6d4952bc3e96/in_use.lock acquired by nodename 7242@pr-hdds-2227-gdpr-vz6hn-2718222164
2019-10-02 07:38:35,158 [IPC Server handler 3 on 42331] INFO  net.NetworkTopology (NetworkTopologyImpl.java:add(111)) - Added a new node: /default-rack/28d6f51f-fad1-4f89-914b-dd0a91870612
2019-10-02 07:38:35,158 [IPC Server handler 3 on 42331] INFO  node.SCMNodeManager (SCMNodeManager.java:register(266)) - Registered Data node : 28d6f51f-fad1-4f89-914b-dd0a91870612{ip: 192.168.164.211, host: pr-hdds-2227-gdpr-vz6hn-2718222164, networkLocation: /default-rack, certSerialId: null}
2019-10-02 07:38:35,182 [pool-393-thread-1] INFO  storage.RaftStorage (RaftStorage.java:format(84)) - Storage directory /workdir/hadoop-ozone/integration-test/target/test-dir/MiniOzoneClusterImpl-1724fcea-7144-4bb6-9f5f-f66b377195f9/datanode-1/data/ratis/794b076b-f068-4147-852e-6d4952bc3e96 has been successfully formatted.
2019-10-02 07:38:35,182 [pool-383-thread-1] INFO  storage.RaftStorage (RaftStorage.java:format(84)) - Storage directory /workdir/hadoop-ozone/integration-test/target/test-dir/MiniOzoneClusterImpl-1724fcea-7144-4bb6-9f5f-f66b377195f9/datanode-0/data/ratis/794b076b-f068-4147-852e-6d4952bc3e96 has been successfully formatted.
2019-10-02 07:38:35,182 [pool-403-thread-1] INFO  storage.RaftStorage (RaftStorage.java:format(84)) - Storage directory /workdir/hadoop-ozone/integration-test/target/test-dir/MiniOzoneClusterImpl-1724fcea-7144-4bb6-9f5f-f66b377195f9/datanode-2/data/ratis/794b076b-f068-4147-852e-6d4952bc3e96 has been successfully formatted.
2019-10-02 07:38:35,182 [pool-383-thread-1] INFO  ratis.ContainerStateMachine (ContainerStateMachine.java:loadSnapshot(230)) - group-6D4952BC3E96: The snapshot info is null. Setting the last applied indexto:(t:0, i:~)
2019-10-02 07:38:35,182 [pool-403-thread-1] INFO  ratis.ContainerStateMachine (ContainerStateMachine.java:loadSnapshot(230)) - group-6D4952BC3E96: The snapshot info is null. Setting the last applied indexto:(t:0, i:~)
2019-10-02 07:38:35,182 [pool-393-thread-1] INFO  ratis.ContainerStateMachine (ContainerStateMachine.java:loadSnapshot(230)) - group-6D4952BC3E96: The snapshot info is null. Setting the last applied indexto:(t:0, i:~)
2019-10-02 07:38:35,182 [pool-403-thread-1] INFO  server.RaftServerConfigKeys (ConfUtils.java:logGet(43)) - raft.server.notification.no-leader.timeout = 120s (custom)
2019-10-02 07:38:35,182 [pool-383-thread-1] INFO  server.RaftServerConfigKeys (ConfUtils.java:logGet(43)) - raft.server.notification.no-leader.timeout = 120s (custom)
2019-10-02 07:38:35,182 [pool-403-thread-1] INFO  server.RaftServerConfigKeys (ConfUtils.java:logGet(43)) - raft.server.log.use.memory = false (default)
2019-10-02 07:38:35,182 [pool-393-thread-1] INFO  server.RaftServerConfigKeys (ConfUtils.java:logGet(43)) - raft.server.notification.no-leader.timeout = 120s (custom)
2019-10-02 07:38:35,183 [pool-403-thread-1] INFO  server.RaftServerConfigKeys (ConfUtils.java:logGet(43)) - raft.server.log.purge.gap = 1000000 (custom)
2019-10-02 07:38:35,183 [pool-383-thread-1] INFO  server.RaftServerConfigKeys (ConfUtils.java:logGet(43)) - raft.server.log.use.memory = false (default)
2019-10-02 07:38:35,183 [pool-403-thread-1] INFO  server.RaftServerConfigKeys (ConfUtils.java:logGet(43)) - raft.server.log.appender.buffer.byte-limit = 33554432 (custom)
2019-10-02 07:38:35,183 [pool-393-thread-1] INFO  server.RaftServerConfigKeys (ConfUtils.java:logGet(43)) - raft.server.log.use.memory = false (default)
2019-10-02 07:38:35,183 [pool-403-thread-1] INFO  server.RaftServerConfigKeys (ConfUtils.java:logGet(43)) - raft.server.log.segment.size.max = 1048576 (custom)
2019-10-02 07:38:35,183 [pool-383-thread-1] INFO  server.RaftServerConfigKeys (ConfUtils.java:logGet(43)) - raft.server.log.purge.gap = 1000000 (custom)
2019-10-02 07:38:35,183 [pool-403-thread-1] INFO  server.RaftServerConfigKeys (ConfUtils.java:logGet(43)) - raft.server.log.segment.cache.num.max = 2 (custom)
2019-10-02 07:38:35,183 [pool-393-thread-1] INFO  server.RaftServerConfigKeys (ConfUtils.java:logGet(43)) - raft.server.log.purge.gap = 1000000 (custom)
2019-10-02 07:38:35,184 [pool-403-thread-1] INFO  segmented.SegmentedRaftLogWorker (SegmentedRaftLogWorker.java:<init>(173)) - new 914ea15e-b21f-483c-8731-fcf6123bfdb8@group-6D4952BC3E96-SegmentedRaftLogWorker for RaftStorage:Storage Directory /workdir/hadoop-ozone/integration-test/target/test-dir/MiniOzoneClusterImpl-1724fcea-7144-4bb6-9f5f-f66b377195f9/datanode-2/data/ratis/794b076b-f068-4147-852e-6d4952bc3e96
2019-10-02 07:38:35,184 [pool-383-thread-1] INFO  server.RaftServerConfigKeys (ConfUtils.java:logGet(43)) - raft.server.log.appender.buffer.byte-limit = 33554432 (custom)
2019-10-02 07:38:35,184 [pool-403-thread-1] INFO  server.RaftServerConfigKeys (ConfUtils.java:logGet(43)) - raft.server.log.queue.byte-limit = 2147483647 (custom)
2019-10-02 07:38:35,184 [pool-393-thread-1] INFO  server.RaftServerConfigKeys (ConfUtils.java:logGet(43)) - raft.server.log.appender.buffer.byte-limit = 33554432 (custom)
2019-10-02 07:38:35,184 [pool-403-thread-1] INFO  server.RaftServerConfigKeys (ConfUtils.java:logGet(43)) - raft.server.log.queue.element-limit = 1024 (custom)
2019-10-02 07:38:35,184 [pool-383-thread-1] INFO  server.RaftServerConfigKeys (ConfUtils.java:logGet(43)) - raft.server.log.segment.size.max = 1048576 (custom)
2019-10-02 07:38:35,184 [pool-403-thread-1] INFO  server.RaftServerConfigKeys (ConfUtils.java:logGet(43)) - raft.server.log.segment.size.max = 1048576 (custom)
2019-10-02 07:38:35,184 [pool-393-thread-1] INFO  server.RaftServerConfigKeys (ConfUtils.java:logGet(43)) - raft.server.log.segment.size.max = 1048576 (custom)
2019-10-02 07:38:35,184 [pool-403-thread-1] INFO  server.RaftServerConfigKeys (ConfUtils.java:logGet(43)) - raft.server.log.preallocated.size = 16384 (custom)
2019-10-02 07:38:35,184 [pool-383-thread-1] INFO  server.RaftServerConfigKeys (ConfUtils.java:logGet(43)) - raft.server.log.segment.cache.num.max = 2 (custom)
2019-10-02 07:38:35,185 [pool-403-thread-1] INFO  server.RaftServerConfigKeys (ConfUtils.java:logGet(43)) - raft.server.log.write.buffer.size = 33554432 (custom)
2019-10-02 07:38:35,184 [pool-393-thread-1] INFO  server.RaftServerConfigKeys (ConfUtils.java:logGet(43)) - raft.server.log.segment.cache.num.max = 2 (custom)
2019-10-02 07:38:35,185 [pool-403-thread-1] INFO  server.RaftServerConfigKeys (ConfUtils.java:logGet(43)) - raft.server.log.force.sync.num = 128 (default)
2019-10-02 07:38:35,185 [pool-383-thread-1] INFO  segmented.SegmentedRaftLogWorker (SegmentedRaftLogWorker.java:<init>(173)) - new adfcda44-2223-4cc2-9e47-7cf42dcf5791@group-6D4952BC3E96-SegmentedRaftLogWorker for RaftStorage:Storage Directory /workdir/hadoop-ozone/integration-test/target/test-dir/MiniOzoneClusterImpl-1724fcea-7144-4bb6-9f5f-f66b377195f9/datanode-0/data/ratis/794b076b-f068-4147-852e-6d4952bc3e96
2019-10-02 07:38:35,185 [pool-403-thread-1] INFO  server.RaftServerConfigKeys (ConfUtils.java:logGet(43)) - raft.server.log.statemachine.data.sync = true (default)
2019-10-02 07:38:35,185 [pool-393-thread-1] INFO  segmented.SegmentedRaftLogWorker (SegmentedRaftLogWorker.java:<init>(173)) - new 9154b18f-9664-4d7a-babb-ddc23dc25f76@group-6D4952BC3E96-SegmentedRaftLogWorker for RaftStorage:Storage Directory /workdir/hadoop-ozone/integration-test/target/test-dir/MiniOzoneClusterImpl-1724fcea-7144-4bb6-9f5f-f66b377195f9/datanode-1/data/ratis/794b076b-f068-4147-852e-6d4952bc3e96
2019-10-02 07:38:35,185 [pool-403-thread-1] INFO  server.RaftServerConfigKeys (ConfUtils.java:logGet(43)) - raft.server.log.statemachine.data.sync.timeout = 10s (default)
2019-10-02 07:38:35,185 [pool-383-thread-1] INFO  server.RaftServerConfigKeys (ConfUtils.java:logGet(43)) - raft.server.log.queue.byte-limit = 2147483647 (custom)
2019-10-02 07:38:35,185 [pool-403-thread-1] INFO  server.RaftServerConfigKeys (ConfUtils.java:logGet(43)) - raft.server.log.statemachine.data.sync.timeout.retry = -1 (default)
2019-10-02 07:38:35,185 [pool-393-thread-1] INFO  server.RaftServerConfigKeys (ConfUtils.java:logGet(43)) - raft.server.log.queue.byte-limit = 2147483647 (custom)
2019-10-02 07:38:35,186 [pool-403-thread-1] INFO  server.RaftServerConfigKeys (ConfUtils.java:logGet(43)) - raft.server.log.statemachine.data.caching.enabled = true (custom)
2019-10-02 07:38:35,185 [pool-383-thread-1] INFO  server.RaftServerConfigKeys (ConfUtils.java:logGet(43)) - raft.server.log.queue.element-limit = 1024 (custom)
2019-10-02 07:38:35,186 [pool-393-thread-1] INFO  server.RaftServerConfigKeys (ConfUtils.java:logGet(43)) - raft.server.log.queue.element-limit = 1024 (custom)
2019-10-02 07:38:35,186 [pool-403-thread-1] INFO  segmented.SegmentedRaftLogWorker (SegmentedRaftLogWorker.java:lambda$new$0(128)) - 914ea15e-b21f-483c-8731-fcf6123bfdb8@group-6D4952BC3E96-SegmentedRaftLogWorker: flushIndex: setUnconditionally 0 -> -1
2019-10-02 07:38:35,186 [pool-383-thread-1] INFO  server.RaftServerConfigKeys (ConfUtils.java:logGet(43)) - raft.server.log.segment.size.max = 1048576 (custom)
2019-10-02 07:38:35,186 [pool-393-thread-1] INFO  server.RaftServerConfigKeys (ConfUtils.java:logGet(43)) - raft.server.log.segment.size.max = 1048576 (custom)
2019-10-02 07:38:35,186 [pool-403-thread-1] INFO  server.RaftServerConfigKeys (ConfUtils.java:logGet(43)) - raft.server.snapshot.auto.trigger.enabled = true (custom)
2019-10-02 07:38:35,186 [pool-383-thread-1] INFO  server.RaftServerConfigKeys (ConfUtils.java:logGet(43)) - raft.server.log.preallocated.size = 16384 (custom)
2019-10-02 07:38:35,186 [pool-403-thread-1] INFO  server.RaftServerConfigKeys (ConfUtils.java:logGet(43)) - raft.server.snapshot.auto.trigger.threshold = 10000 (custom)
2019-10-02 07:38:35,186 [pool-393-thread-1] INFO  server.RaftServerConfigKeys (ConfUtils.java:logGet(43)) - raft.server.log.preallocated.size = 16384 (custom)
2019-10-02 07:38:35,187 [pool-403-thread-1] INFO  server.RaftServerConfigKeys (ConfUtils.java:logGet(43)) - raft.server.snapshot.retention.file.num = 5 (custom)
2019-10-02 07:38:35,187 [pool-383-thread-1] INFO  server.RaftServerConfigKeys (ConfUtils.java:logGet(43)) - raft.server.log.write.buffer.size = 33554432 (custom)
2019-10-02 07:38:35,187 [pool-403-thread-1] INFO  server.RaftServerConfigKeys (ConfUtils.java:logGet(43)) - raft.server.retrycache.expirytime = 600000ms (custom)
2019-10-02 07:38:35,187 [pool-393-thread-1] INFO  server.RaftServerConfigKeys (ConfUtils.java:logGet(43)) - raft.server.log.write.buffer.size = 33554432 (custom)
2019-10-02 07:38:35,187 [pool-383-thread-1] INFO  server.RaftServerConfigKeys (ConfUtils.java:logGet(43)) - raft.server.log.force.sync.num = 128 (default)
2019-10-02 07:38:35,187 [pool-393-thread-1] INFO  server.RaftServerConfigKeys (ConfUtils.java:logGet(43)) - raft.server.log.force.sync.num = 128 (default)
2019-10-02 07:38:35,187 [pool-383-thread-1] INFO  server.RaftServerConfigKeys (ConfUtils.java:logGet(43)) - raft.server.log.statemachine.data.sync = true (default)
2019-10-02 07:38:35,187 [pool-393-thread-1] INFO  server.RaftServerConfigKeys (ConfUtils.java:logGet(43)) - raft.server.log.statemachine.data.sync = true (default)
2019-10-02 07:38:35,188 [pool-383-thread-1] INFO  server.RaftServerConfigKeys (ConfUtils.java:logGet(43)) - raft.server.log.statemachine.data.sync.timeout = 10s (default)
2019-10-02 07:38:35,188 [pool-393-thread-1] INFO  server.RaftServerConfigKeys (ConfUtils.java:logGet(43)) - raft.server.log.statemachine.data.sync.timeout = 10s (default)
2019-10-02 07:38:35,188 [pool-383-thread-1] INFO  server.RaftServerConfigKeys (ConfUtils.java:logGet(43)) - raft.server.log.statemachine.data.sync.timeout.retry = -1 (default)
2019-10-02 07:38:35,188 [pool-393-thread-1] INFO  server.RaftServerConfigKeys (ConfUtils.java:logGet(43)) - raft.server.log.statemachine.data.sync.timeout.retry = -1 (default)
2019-10-02 07:38:35,188 [pool-383-thread-1] INFO  server.RaftServerConfigKeys (ConfUtils.java:logGet(43)) - raft.server.log.statemachine.data.caching.enabled = true (custom)
2019-10-02 07:38:35,188 [pool-393-thread-1] INFO  server.RaftServerConfigKeys (ConfUtils.java:logGet(43)) - raft.server.log.statemachine.data.caching.enabled = true (custom)
2019-10-02 07:38:35,188 [pool-403-thread-1] INFO  impl.RaftServerImpl (RaftServerImpl.java:start(181)) - 914ea15e-b21f-483c-8731-fcf6123bfdb8@group-6D4952BC3E96: start as a follower, conf=-1: [9154b18f-9664-4d7a-babb-ddc23dc25f76:192.168.164.211:37310, adfcda44-2223-4cc2-9e47-7cf42dcf5791:192.168.164.211:40818, 914ea15e-b21f-483c-8731-fcf6123bfdb8:192.168.164.211:34203], old=null
2019-10-02 07:38:35,188 [pool-383-thread-1] INFO  segmented.SegmentedRaftLogWorker (SegmentedRaftLogWorker.java:lambda$new$0(128)) - adfcda44-2223-4cc2-9e47-7cf42dcf5791@group-6D4952BC3E96-SegmentedRaftLogWorker: flushIndex: setUnconditionally 0 -> -1
2019-10-02 07:38:35,188 [pool-403-thread-1] INFO  impl.RaftServerImpl (RaftServerImpl.java:setRole(170)) - 914ea15e-b21f-483c-8731-fcf6123bfdb8@group-6D4952BC3E96: changes role from      null to FOLLOWER at term 0 for startAsFollower
2019-10-02 07:38:35,189 [pool-383-thread-1] INFO  server.RaftServerConfigKeys (ConfUtils.java:logGet(43)) - raft.server.snapshot.auto.trigger.enabled = true (custom)
2019-10-02 07:38:35,189 [pool-393-thread-1] INFO  segmented.SegmentedRaftLogWorker (SegmentedRaftLogWorker.java:lambda$new$0(128)) - 9154b18f-9664-4d7a-babb-ddc23dc25f76@group-6D4952BC3E96-SegmentedRaftLogWorker: flushIndex: setUnconditionally 0 -> -1
2019-10-02 07:38:35,189 [pool-403-thread-1] INFO  impl.RoleInfo (RoleInfo.java:updateAndGet(143)) - 914ea15e-b21f-483c-8731-fcf6123bfdb8: start FollowerState
2019-10-02 07:38:35,189 [pool-383-thread-1] INFO  server.RaftServerConfigKeys (ConfUtils.java:logGet(43)) - raft.server.snapshot.auto.trigger.threshold = 10000 (custom)
2019-10-02 07:38:35,189 [pool-393-thread-1] INFO  server.RaftServerConfigKeys (ConfUtils.java:logGet(43)) - raft.server.snapshot.auto.trigger.enabled = true (custom)
2019-10-02 07:38:35,189 [pool-383-thread-1] INFO  server.RaftServerConfigKeys (ConfUtils.java:logGet(43)) - raft.server.snapshot.retention.file.num = 5 (custom)
2019-10-02 07:38:35,189 [pool-403-thread-1] INFO  util.JmxRegister (JmxRegister.java:tryRegister(44)) - Successfully registered JMX Bean with object name Ratis:service=RaftServer,group=group-6D4952BC3E96,id=914ea15e-b21f-483c-8731-fcf6123bfdb8
2019-10-02 07:38:35,189 [pool-393-thread-1] INFO  server.RaftServerConfigKeys (ConfUtils.java:logGet(43)) - raft.server.snapshot.auto.trigger.threshold = 10000 (custom)
2019-10-02 07:38:35,189 [pool-383-thread-1] INFO  server.RaftServerConfigKeys (ConfUtils.java:logGet(43)) - raft.server.retrycache.expirytime = 600000ms (custom)
2019-10-02 07:38:35,189 [pool-393-thread-1] INFO  server.RaftServerConfigKeys (ConfUtils.java:logGet(43)) - raft.server.snapshot.retention.file.num = 5 (custom)
2019-10-02 07:38:35,190 [pool-393-thread-1] INFO  server.RaftServerConfigKeys (ConfUtils.java:logGet(43)) - raft.server.retrycache.expirytime = 600000ms (custom)
2019-10-02 07:38:35,192 [pool-383-thread-1] INFO  impl.RaftServerImpl (RaftServerImpl.java:start(181)) - adfcda44-2223-4cc2-9e47-7cf42dcf5791@group-6D4952BC3E96: start as a follower, conf=-1: [9154b18f-9664-4d7a-babb-ddc23dc25f76:192.168.164.211:37310, adfcda44-2223-4cc2-9e47-7cf42dcf5791:192.168.164.211:40818, 914ea15e-b21f-483c-8731-fcf6123bfdb8:192.168.164.211:34203], old=null
2019-10-02 07:38:35,192 [pool-393-thread-1] INFO  impl.RaftServerImpl (RaftServerImpl.java:start(181)) - 9154b18f-9664-4d7a-babb-ddc23dc25f76@group-6D4952BC3E96: start as a follower, conf=-1: [9154b18f-9664-4d7a-babb-ddc23dc25f76:192.168.164.211:37310, adfcda44-2223-4cc2-9e47-7cf42dcf5791:192.168.164.211:40818, 914ea15e-b21f-483c-8731-fcf6123bfdb8:192.168.164.211:34203], old=null
2019-10-02 07:38:35,192 [pool-383-thread-1] INFO  impl.RaftServerImpl (RaftServerImpl.java:setRole(170)) - adfcda44-2223-4cc2-9e47-7cf42dcf5791@group-6D4952BC3E96: changes role from      null to FOLLOWER at term 0 for startAsFollower
2019-10-02 07:38:35,192 [pool-393-thread-1] INFO  impl.RaftServerImpl (RaftServerImpl.java:setRole(170)) - 9154b18f-9664-4d7a-babb-ddc23dc25f76@group-6D4952BC3E96: changes role from      null to FOLLOWER at term 0 for startAsFollower
2019-10-02 07:38:35,193 [pool-383-thread-1] INFO  impl.RoleInfo (RoleInfo.java:updateAndGet(143)) - adfcda44-2223-4cc2-9e47-7cf42dcf5791: start FollowerState
2019-10-02 07:38:35,193 [pool-393-thread-1] INFO  impl.RoleInfo (RoleInfo.java:updateAndGet(143)) - 9154b18f-9664-4d7a-babb-ddc23dc25f76: start FollowerState
2019-10-02 07:38:35,193 [pool-383-thread-1] INFO  util.JmxRegister (JmxRegister.java:tryRegister(44)) - Successfully registered JMX Bean with object name Ratis:service=RaftServer,group=group-6D4952BC3E96,id=adfcda44-2223-4cc2-9e47-7cf42dcf5791
2019-10-02 07:38:35,193 [pool-393-thread-1] INFO  util.JmxRegister (JmxRegister.java:tryRegister(44)) - Successfully registered JMX Bean with object name Ratis:service=RaftServer,group=group-6D4952BC3E96,id=9154b18f-9664-4d7a-babb-ddc23dc25f76
2019-10-02 07:38:35,197 [RatisPipelineUtilsThread] INFO  pipeline.PipelineStateManager (PipelineStateManager.java:addPipeline(56)) - Created pipeline Pipeline[ Id: 794b076b-f068-4147-852e-6d4952bc3e96, Nodes: adfcda44-2223-4cc2-9e47-7cf42dcf5791{ip: 192.168.164.211, host: pr-hdds-2227-gdpr-vz6hn-2718222164, networkLocation: /default-rack, certSerialId: null}914ea15e-b21f-483c-8731-fcf6123bfdb8{ip: 192.168.164.211, host: pr-hdds-2227-gdpr-vz6hn-2718222164, networkLocation: /default-rack, certSerialId: null}9154b18f-9664-4d7a-babb-ddc23dc25f76{ip: 192.168.164.211, host: pr-hdds-2227-gdpr-vz6hn-2718222164, networkLocation: /default-rack, certSerialId: null}, Type:RATIS, Factor:THREE, State:OPEN]
2019-10-02 07:38:35,254 [IPC Server handler 4 on 42331] INFO  net.NetworkTopology (NetworkTopologyImpl.java:add(111)) - Added a new node: /default-rack/b2d669d9-7125-4fe0-a26b-3e87ec6b20dd
2019-10-02 07:38:35,254 [IPC Server handler 4 on 42331] INFO  node.SCMNodeManager (SCMNodeManager.java:register(266)) - Registered Data node : b2d669d9-7125-4fe0-a26b-3e87ec6b20dd{ip: 192.168.164.211, host: pr-hdds-2227-gdpr-vz6hn-2718222164, networkLocation: /default-rack, certSerialId: null}
2019-10-02 07:38:35,265 [grpc-default-executor-4] INFO  impl.RaftServerProxy (RaftServerProxy.java:addNew(89)) - b2d669d9-7125-4fe0-a26b-3e87ec6b20dd: addNew group-350A281EE96D:[b2d669d9-7125-4fe0-a26b-3e87ec6b20dd:192.168.164.211:44797] returns group-350A281EE96D:java.util.concurrent.CompletableFuture@56ccb687[Not completed]
2019-10-02 07:38:35,266 [pool-423-thread-1] INFO  impl.RaftServerImpl (RaftServerImpl.java:<init>(95)) - b2d669d9-7125-4fe0-a26b-3e87ec6b20dd: new RaftServerImpl for group-350A281EE96D:[b2d669d9-7125-4fe0-a26b-3e87ec6b20dd:192.168.164.211:44797] with ContainerStateMachine:uninitialized
2019-10-02 07:38:35,266 [pool-423-thread-1] INFO  server.RaftServerConfigKeys (ConfUtils.java:logGet(43)) - raft.server.rpc.timeout.min = 5s (custom)
2019-10-02 07:38:35,266 [pool-423-thread-1] INFO  server.RaftServerConfigKeys (ConfUtils.java:logGet(43)) - raft.server.rpc.timeout.max = 5200ms (custom)
2019-10-02 07:38:35,267 [pool-423-thread-1] INFO  server.RaftServerConfigKeys (ConfUtils.java:logGet(43)) - raft.server.rpcslowness.timeout = 120s (custom)
2019-10-02 07:38:35,267 [pool-423-thread-1] INFO  server.RaftServerConfigKeys (ConfUtils.java:logGet(43)) - raft.server.sleep.deviation.threshold = 300 (default)
2019-10-02 07:38:35,267 [pool-423-thread-1] INFO  server.RaftServerConfigKeys (ConfUtils.java:logGet(43)) - raft.server.log.appender.install.snapshot.enabled = false (custom)
2019-10-02 07:38:35,267 [pool-423-thread-1] INFO  impl.RaftServerImpl (ServerState.java:<init>(103)) - b2d669d9-7125-4fe0-a26b-3e87ec6b20dd@group-350A281EE96D: ConfigurationManager, init=-1: [b2d669d9-7125-4fe0-a26b-3e87ec6b20dd:192.168.164.211:44797], old=null, confs=<EMPTY_MAP>
2019-10-02 07:38:35,267 [pool-423-thread-1] INFO  server.RaftServerConfigKeys (ConfUtils.java:logGet(43)) - raft.server.storage.dir = [/workdir/hadoop-ozone/integration-test/target/test-dir/MiniOzoneClusterImpl-1724fcea-7144-4bb6-9f5f-f66b377195f9/datanode-4/data/ratis] (custom)
2019-10-02 07:38:35,267 [pool-423-thread-1] INFO  server.RaftServerConfigKeys (ConfUtils.java:logGet(43)) - raft.server.log.corruption.policy = EXCEPTION (default)
2019-10-02 07:38:35,267 [pool-423-thread-1] INFO  storage.RaftStorageDirectory (RaftStorageDirectory.java:analyzeStorage(246)) - The storage directory /workdir/hadoop-ozone/integration-test/target/test-dir/MiniOzoneClusterImpl-1724fcea-7144-4bb6-9f5f-f66b377195f9/datanode-4/data/ratis/f0747bac-f78a-468c-bf17-350a281ee96d does not exist. Creating ...
2019-10-02 07:38:35,280 [pool-423-thread-1] INFO  storage.RaftStorageDirectory (RaftStorageDirectory.java:tryLock(328)) - Lock on /workdir/hadoop-ozone/integration-test/target/test-dir/MiniOzoneClusterImpl-1724fcea-7144-4bb6-9f5f-f66b377195f9/datanode-4/data/ratis/f0747bac-f78a-468c-bf17-350a281ee96d/in_use.lock acquired by nodename 7242@pr-hdds-2227-gdpr-vz6hn-2718222164
2019-10-02 07:38:35,293 [pool-423-thread-1] INFO  storage.RaftStorage (RaftStorage.java:format(84)) - Storage directory /workdir/hadoop-ozone/integration-test/target/test-dir/MiniOzoneClusterImpl-1724fcea-7144-4bb6-9f5f-f66b377195f9/datanode-4/data/ratis/f0747bac-f78a-468c-bf17-350a281ee96d has been successfully formatted.
2019-10-02 07:38:35,294 [pool-423-thread-1] INFO  ratis.ContainerStateMachine (ContainerStateMachine.java:loadSnapshot(230)) - group-350A281EE96D: The snapshot info is null. Setting the last applied indexto:(t:0, i:~)
2019-10-02 07:38:35,294 [pool-423-thread-1] INFO  server.RaftServerConfigKeys (ConfUtils.java:logGet(43)) - raft.server.notification.no-leader.timeout = 120s (custom)
2019-10-02 07:38:35,294 [pool-423-thread-1] INFO  server.RaftServerConfigKeys (ConfUtils.java:logGet(43)) - raft.server.log.use.memory = false (default)
2019-10-02 07:38:35,294 [pool-423-thread-1] INFO  server.RaftServerConfigKeys (ConfUtils.java:logGet(43)) - raft.server.log.purge.gap = 1000000 (custom)
2019-10-02 07:38:35,294 [pool-423-thread-1] INFO  server.RaftServerConfigKeys (ConfUtils.java:logGet(43)) - raft.server.log.appender.buffer.byte-limit = 33554432 (custom)
2019-10-02 07:38:35,295 [pool-423-thread-1] INFO  server.RaftServerConfigKeys (ConfUtils.java:logGet(43)) - raft.server.log.segment.size.max = 1048576 (custom)
2019-10-02 07:38:35,297 [pool-423-thread-1] INFO  server.RaftServerConfigKeys (ConfUtils.java:logGet(43)) - raft.server.log.segment.cache.num.max = 2 (custom)
2019-10-02 07:38:35,297 [pool-423-thread-1] INFO  segmented.SegmentedRaftLogWorker (SegmentedRaftLogWorker.java:<init>(173)) - new b2d669d9-7125-4fe0-a26b-3e87ec6b20dd@group-350A281EE96D-SegmentedRaftLogWorker for RaftStorage:Storage Directory /workdir/hadoop-ozone/integration-test/target/test-dir/MiniOzoneClusterImpl-1724fcea-7144-4bb6-9f5f-f66b377195f9/datanode-4/data/ratis/f0747bac-f78a-468c-bf17-350a281ee96d
2019-10-02 07:38:35,297 [pool-423-thread-1] INFO  server.RaftServerConfigKeys (ConfUtils.java:logGet(43)) - raft.server.log.queue.byte-limit = 2147483647 (custom)
2019-10-02 07:38:35,298 [pool-423-thread-1] INFO  server.RaftServerConfigKeys (ConfUtils.java:logGet(43)) - raft.server.log.queue.element-limit = 1024 (custom)
2019-10-02 07:38:35,298 [pool-423-thread-1] INFO  server.RaftServerConfigKeys (ConfUtils.java:logGet(43)) - raft.server.log.segment.size.max = 1048576 (custom)
2019-10-02 07:38:35,298 [pool-423-thread-1] INFO  server.RaftServerConfigKeys (ConfUtils.java:logGet(43)) - raft.server.log.preallocated.size = 16384 (custom)
2019-10-02 07:38:35,298 [pool-423-thread-1] INFO  server.RaftServerConfigKeys (ConfUtils.java:logGet(43)) - raft.server.log.write.buffer.size = 33554432 (custom)
2019-10-02 07:38:35,298 [pool-423-thread-1] INFO  server.RaftServerConfigKeys (ConfUtils.java:logGet(43)) - raft.server.log.force.sync.num = 128 (default)
2019-10-02 07:38:35,298 [pool-423-thread-1] INFO  server.RaftServerConfigKeys (ConfUtils.java:logGet(43)) - raft.server.log.statemachine.data.sync = true (default)
2019-10-02 07:38:35,298 [pool-423-thread-1] INFO  server.RaftServerConfigKeys (ConfUtils.java:logGet(43)) - raft.server.log.statemachine.data.sync.timeout = 10s (default)
2019-10-02 07:38:35,299 [pool-423-thread-1] INFO  server.RaftServerConfigKeys (ConfUtils.java:logGet(43)) - raft.server.log.statemachine.data.sync.timeout.retry = -1 (default)
2019-10-02 07:38:35,299 [pool-423-thread-1] INFO  server.RaftServerConfigKeys (ConfUtils.java:logGet(43)) - raft.server.log.statemachine.data.caching.enabled = true (custom)
2019-10-02 07:38:35,299 [pool-423-thread-1] INFO  segmented.SegmentedRaftLogWorker (SegmentedRaftLogWorker.java:lambda$new$0(128)) - b2d669d9-7125-4fe0-a26b-3e87ec6b20dd@group-350A281EE96D-SegmentedRaftLogWorker: flushIndex: setUnconditionally 0 -> -1
2019-10-02 07:38:35,300 [pool-423-thread-1] INFO  server.RaftServerConfigKeys (ConfUtils.java:logGet(43)) - raft.server.snapshot.auto.trigger.enabled = true (custom)
2019-10-02 07:38:35,300 [pool-423-thread-1] INFO  server.RaftServerConfigKeys (ConfUtils.java:logGet(43)) - raft.server.snapshot.auto.trigger.threshold = 10000 (custom)
2019-10-02 07:38:35,300 [pool-423-thread-1] INFO  server.RaftServerConfigKeys (ConfUtils.java:logGet(43)) - raft.server.snapshot.retention.file.num = 5 (custom)
2019-10-02 07:38:35,300 [pool-423-thread-1] INFO  server.RaftServerConfigKeys (ConfUtils.java:logGet(43)) - raft.server.retrycache.expirytime = 600000ms (custom)
2019-10-02 07:38:35,302 [pool-423-thread-1] INFO  impl.RaftServerImpl (RaftServerImpl.java:start(181)) - b2d669d9-7125-4fe0-a26b-3e87ec6b20dd@group-350A281EE96D: start as a follower, conf=-1: [b2d669d9-7125-4fe0-a26b-3e87ec6b20dd:192.168.164.211:44797], old=null
2019-10-02 07:38:35,302 [pool-423-thread-1] INFO  impl.RaftServerImpl (RaftServerImpl.java:setRole(170)) - b2d669d9-7125-4fe0-a26b-3e87ec6b20dd@group-350A281EE96D: changes role from      null to FOLLOWER at term 0 for startAsFollower
2019-10-02 07:38:35,302 [pool-423-thread-1] INFO  impl.RoleInfo (RoleInfo.java:updateAndGet(143)) - b2d669d9-7125-4fe0-a26b-3e87ec6b20dd: start FollowerState
2019-10-02 07:38:35,303 [pool-423-thread-1] INFO  util.JmxRegister (JmxRegister.java:tryRegister(44)) - Successfully registered JMX Bean with object name Ratis:service=RaftServer,group=group-350A281EE96D,id=b2d669d9-7125-4fe0-a26b-3e87ec6b20dd
2019-10-02 07:38:35,308 [RatisPipelineUtilsThread] INFO  pipeline.PipelineStateManager (PipelineStateManager.java:addPipeline(56)) - Created pipeline Pipeline[ Id: f0747bac-f78a-468c-bf17-350a281ee96d, Nodes: b2d669d9-7125-4fe0-a26b-3e87ec6b20dd{ip: 192.168.164.211, host: pr-hdds-2227-gdpr-vz6hn-2718222164, networkLocation: /default-rack, certSerialId: null}, Type:RATIS, Factor:ONE, State:OPEN]
2019-10-02 07:38:35,318 [grpc-default-executor-4] INFO  impl.RaftServerProxy (RaftServerProxy.java:addNew(89)) - 28d6f51f-fad1-4f89-914b-dd0a91870612: addNew group-B2FC84E509CE:[28d6f51f-fad1-4f89-914b-dd0a91870612:192.168.164.211:39252] returns group-B2FC84E509CE:java.util.concurrent.CompletableFuture@5bb74442[Not completed]
2019-10-02 07:38:35,319 [pool-413-thread-1] INFO  impl.RaftServerImpl (RaftServerImpl.java:<init>(95)) - 28d6f51f-fad1-4f89-914b-dd0a91870612: new RaftServerImpl for group-B2FC84E509CE:[28d6f51f-fad1-4f89-914b-dd0a91870612:192.168.164.211:39252] with ContainerStateMachine:uninitialized
2019-10-02 07:38:35,319 [pool-413-thread-1] INFO  server.RaftServerConfigKeys (ConfUtils.java:logGet(43)) - raft.server.rpc.timeout.min = 5s (custom)
2019-10-02 07:38:35,320 [pool-413-thread-1] INFO  server.RaftServerConfigKeys (ConfUtils.java:logGet(43)) - raft.server.rpc.timeout.max = 5200ms (custom)
2019-10-02 07:38:35,320 [pool-413-thread-1] INFO  server.RaftServerConfigKeys (ConfUtils.java:logGet(43)) - raft.server.rpcslowness.timeout = 120s (custom)
2019-10-02 07:38:35,320 [pool-413-thread-1] INFO  server.RaftServerConfigKeys (ConfUtils.java:logGet(43)) - raft.server.sleep.deviation.threshold = 300 (default)
2019-10-02 07:38:35,320 [pool-413-thread-1] INFO  server.RaftServerConfigKeys (ConfUtils.java:logGet(43)) - raft.server.log.appender.install.snapshot.enabled = false (custom)
2019-10-02 07:38:35,320 [pool-413-thread-1] INFO  impl.RaftServerImpl (ServerState.java:<init>(103)) - 28d6f51f-fad1-4f89-914b-dd0a91870612@group-B2FC84E509CE: ConfigurationManager, init=-1: [28d6f51f-fad1-4f89-914b-dd0a91870612:192.168.164.211:39252], old=null, confs=<EMPTY_MAP>
2019-10-02 07:38:35,320 [pool-413-thread-1] INFO  server.RaftServerConfigKeys (ConfUtils.java:logGet(43)) - raft.server.storage.dir = [/workdir/hadoop-ozone/integration-test/target/test-dir/MiniOzoneClusterImpl-1724fcea-7144-4bb6-9f5f-f66b377195f9/datanode-3/data/ratis] (custom)
2019-10-02 07:38:35,320 [pool-413-thread-1] INFO  server.RaftServerConfigKeys (ConfUtils.java:logGet(43)) - raft.server.log.corruption.policy = EXCEPTION (default)
2019-10-02 07:38:35,321 [pool-413-thread-1] INFO  storage.RaftStorageDirectory (RaftStorageDirectory.java:analyzeStorage(246)) - The storage directory /workdir/hadoop-ozone/integration-test/target/test-dir/MiniOzoneClusterImpl-1724fcea-7144-4bb6-9f5f-f66b377195f9/datanode-3/data/ratis/43ef962e-4731-4b96-bb4b-b2fc84e509ce does not exist. Creating ...
2019-10-02 07:38:35,333 [pool-413-thread-1] INFO  storage.RaftStorageDirectory (RaftStorageDirectory.java:tryLock(328)) - Lock on /workdir/hadoop-ozone/integration-test/target/test-dir/MiniOzoneClusterImpl-1724fcea-7144-4bb6-9f5f-f66b377195f9/datanode-3/data/ratis/43ef962e-4731-4b96-bb4b-b2fc84e509ce/in_use.lock acquired by nodename 7242@pr-hdds-2227-gdpr-vz6hn-2718222164
2019-10-02 07:38:35,346 [pool-413-thread-1] INFO  storage.RaftStorage (RaftStorage.java:format(84)) - Storage directory /workdir/hadoop-ozone/integration-test/target/test-dir/MiniOzoneClusterImpl-1724fcea-7144-4bb6-9f5f-f66b377195f9/datanode-3/data/ratis/43ef962e-4731-4b96-bb4b-b2fc84e509ce has been successfully formatted.
2019-10-02 07:38:35,346 [pool-413-thread-1] INFO  ratis.ContainerStateMachine (ContainerStateMachine.java:loadSnapshot(230)) - group-B2FC84E509CE: The snapshot info is null. Setting the last applied indexto:(t:0, i:~)
2019-10-02 07:38:35,346 [pool-413-thread-1] INFO  server.RaftServerConfigKeys (ConfUtils.java:logGet(43)) - raft.server.notification.no-leader.timeout = 120s (custom)
2019-10-02 07:38:35,346 [pool-413-thread-1] INFO  server.RaftServerConfigKeys (ConfUtils.java:logGet(43)) - raft.server.log.use.memory = false (default)
2019-10-02 07:38:35,346 [pool-413-thread-1] INFO  server.RaftServerConfigKeys (ConfUtils.java:logGet(43)) - raft.server.log.purge.gap = 1000000 (custom)
2019-10-02 07:38:35,346 [pool-413-thread-1] INFO  server.RaftServerConfigKeys (ConfUtils.java:logGet(43)) - raft.server.log.appender.buffer.byte-limit = 33554432 (custom)
2019-10-02 07:38:35,346 [pool-413-thread-1] INFO  server.RaftServerConfigKeys (ConfUtils.java:logGet(43)) - raft.server.log.segment.size.max = 1048576 (custom)
2019-10-02 07:38:35,347 [IPC Server handler 5 on 42331] INFO  net.NetworkTopology (NetworkTopologyImpl.java:add(111)) - Added a new node: /default-rack/2c9d0bdd-0fab-4de9-87b6-8e159cf3a1e3
2019-10-02 07:38:35,347 [IPC Server handler 5 on 42331] INFO  node.SCMNodeManager (SCMNodeManager.java:register(266)) - Registered Data node : 2c9d0bdd-0fab-4de9-87b6-8e159cf3a1e3{ip: 192.168.164.211, host: pr-hdds-2227-gdpr-vz6hn-2718222164, networkLocation: /default-rack, certSerialId: null}
2019-10-02 07:38:35,348 [pool-413-thread-1] INFO  server.RaftServerConfigKeys (ConfUtils.java:logGet(43)) - raft.server.log.segment.cache.num.max = 2 (custom)
2019-10-02 07:38:35,348 [pool-413-thread-1] INFO  segmented.SegmentedRaftLogWorker (SegmentedRaftLogWorker.java:<init>(173)) - new 28d6f51f-fad1-4f89-914b-dd0a91870612@group-B2FC84E509CE-SegmentedRaftLogWorker for RaftStorage:Storage Directory /workdir/hadoop-ozone/integration-test/target/test-dir/MiniOzoneClusterImpl-1724fcea-7144-4bb6-9f5f-f66b377195f9/datanode-3/data/ratis/43ef962e-4731-4b96-bb4b-b2fc84e509ce
2019-10-02 07:38:35,348 [pool-413-thread-1] INFO  server.RaftServerConfigKeys (ConfUtils.java:logGet(43)) - raft.server.log.queue.byte-limit = 2147483647 (custom)
2019-10-02 07:38:35,348 [pool-413-thread-1] INFO  server.RaftServerConfigKeys (ConfUtils.java:logGet(43)) - raft.server.log.queue.element-limit = 1024 (custom)
2019-10-02 07:38:35,348 [pool-413-thread-1] INFO  server.RaftServerConfigKeys (ConfUtils.java:logGet(43)) - raft.server.log.segment.size.max = 1048576 (custom)
2019-10-02 07:38:35,348 [pool-413-thread-1] INFO  server.RaftServerConfigKeys (ConfUtils.java:logGet(43)) - raft.server.log.preallocated.size = 16384 (custom)
2019-10-02 07:38:35,349 [pool-413-thread-1] INFO  server.RaftServerConfigKeys (ConfUtils.java:logGet(43)) - raft.server.log.write.buffer.size = 33554432 (custom)
2019-10-02 07:38:35,349 [pool-413-thread-1] INFO  server.RaftServerConfigKeys (ConfUtils.java:logGet(43)) - raft.server.log.force.sync.num = 128 (default)
2019-10-02 07:38:35,349 [pool-413-thread-1] INFO  server.RaftServerConfigKeys (ConfUtils.java:logGet(43)) - raft.server.log.statemachine.data.sync = true (default)
2019-10-02 07:38:35,349 [pool-413-thread-1] INFO  server.RaftServerConfigKeys (ConfUtils.java:logGet(43)) - raft.server.log.statemachine.data.sync.timeout = 10s (default)
2019-10-02 07:38:35,349 [pool-413-thread-1] INFO  server.RaftServerConfigKeys (ConfUtils.java:logGet(43)) - raft.server.log.statemachine.data.sync.timeout.retry = -1 (default)
2019-10-02 07:38:35,349 [pool-413-thread-1] INFO  server.RaftServerConfigKeys (ConfUtils.java:logGet(43)) - raft.server.log.statemachine.data.caching.enabled = true (custom)
2019-10-02 07:38:35,349 [pool-413-thread-1] INFO  segmented.SegmentedRaftLogWorker (SegmentedRaftLogWorker.java:lambda$new$0(128)) - 28d6f51f-fad1-4f89-914b-dd0a91870612@group-B2FC84E509CE-SegmentedRaftLogWorker: flushIndex: setUnconditionally 0 -> -1
2019-10-02 07:38:35,350 [pool-413-thread-1] INFO  server.RaftServerConfigKeys (ConfUtils.java:logGet(43)) - raft.server.snapshot.auto.trigger.enabled = true (custom)
2019-10-02 07:38:35,350 [pool-413-thread-1] INFO  server.RaftServerConfigKeys (ConfUtils.java:logGet(43)) - raft.server.snapshot.auto.trigger.threshold = 10000 (custom)
2019-10-02 07:38:35,350 [pool-413-thread-1] INFO  server.RaftServerConfigKeys (ConfUtils.java:logGet(43)) - raft.server.snapshot.retention.file.num = 5 (custom)
2019-10-02 07:38:35,350 [pool-413-thread-1] INFO  server.RaftServerConfigKeys (ConfUtils.java:logGet(43)) - raft.server.retrycache.expirytime = 600000ms (custom)
2019-10-02 07:38:35,351 [pool-413-thread-1] INFO  impl.RaftServerImpl (RaftServerImpl.java:start(181)) - 28d6f51f-fad1-4f89-914b-dd0a91870612@group-B2FC84E509CE: start as a follower, conf=-1: [28d6f51f-fad1-4f89-914b-dd0a91870612:192.168.164.211:39252], old=null
2019-10-02 07:38:35,351 [pool-413-thread-1] INFO  impl.RaftServerImpl (RaftServerImpl.java:setRole(170)) - 28d6f51f-fad1-4f89-914b-dd0a91870612@group-B2FC84E509CE: changes role from      null to FOLLOWER at term 0 for startAsFollower
2019-10-02 07:38:35,351 [pool-413-thread-1] INFO  impl.RoleInfo (RoleInfo.java:updateAndGet(143)) - 28d6f51f-fad1-4f89-914b-dd0a91870612: start FollowerState
2019-10-02 07:38:35,352 [pool-413-thread-1] INFO  util.JmxRegister (JmxRegister.java:tryRegister(44)) - Successfully registered JMX Bean with object name Ratis:service=RaftServer,group=group-B2FC84E509CE,id=28d6f51f-fad1-4f89-914b-dd0a91870612
2019-10-02 07:38:35,355 [RatisPipelineUtilsThread] INFO  pipeline.PipelineStateManager (PipelineStateManager.java:addPipeline(56)) - Created pipeline Pipeline[ Id: 43ef962e-4731-4b96-bb4b-b2fc84e509ce, Nodes: 28d6f51f-fad1-4f89-914b-dd0a91870612{ip: 192.168.164.211, host: pr-hdds-2227-gdpr-vz6hn-2718222164, networkLocation: /default-rack, certSerialId: null}, Type:RATIS, Factor:ONE, State:OPEN]
2019-10-02 07:38:35,365 [grpc-default-executor-4] INFO  impl.RaftServerProxy (RaftServerProxy.java:addNew(89)) - 2c9d0bdd-0fab-4de9-87b6-8e159cf3a1e3: addNew group-66FED3C194F9:[2c9d0bdd-0fab-4de9-87b6-8e159cf3a1e3:192.168.164.211:42326] returns group-66FED3C194F9:java.util.concurrent.CompletableFuture@480cf801[Not completed]
2019-10-02 07:38:35,366 [pool-433-thread-1] INFO  impl.RaftServerImpl (RaftServerImpl.java:<init>(95)) - 2c9d0bdd-0fab-4de9-87b6-8e159cf3a1e3: new RaftServerImpl for group-66FED3C194F9:[2c9d0bdd-0fab-4de9-87b6-8e159cf3a1e3:192.168.164.211:42326] with ContainerStateMachine:uninitialized
2019-10-02 07:38:35,366 [pool-433-thread-1] INFO  server.RaftServerConfigKeys (ConfUtils.java:logGet(43)) - raft.server.rpc.timeout.min = 5s (custom)
2019-10-02 07:38:35,366 [pool-433-thread-1] INFO  server.RaftServerConfigKeys (ConfUtils.java:logGet(43)) - raft.server.rpc.timeout.max = 5200ms (custom)
2019-10-02 07:38:35,366 [pool-433-thread-1] INFO  server.RaftServerConfigKeys (ConfUtils.java:logGet(43)) - raft.server.rpcslowness.timeout = 120s (custom)
2019-10-02 07:38:35,366 [pool-433-thread-1] INFO  server.RaftServerConfigKeys (ConfUtils.java:logGet(43)) - raft.server.sleep.deviation.threshold = 300 (default)
2019-10-02 07:38:35,366 [pool-433-thread-1] INFO  server.RaftServerConfigKeys (ConfUtils.java:logGet(43)) - raft.server.log.appender.install.snapshot.enabled = false (custom)
2019-10-02 07:38:35,367 [pool-433-thread-1] INFO  impl.RaftServerImpl (ServerState.java:<init>(103)) - 2c9d0bdd-0fab-4de9-87b6-8e159cf3a1e3@group-66FED3C194F9: ConfigurationManager, init=-1: [2c9d0bdd-0fab-4de9-87b6-8e159cf3a1e3:192.168.164.211:42326], old=null, confs=<EMPTY_MAP>
2019-10-02 07:38:35,367 [pool-433-thread-1] INFO  server.RaftServerConfigKeys (ConfUtils.java:logGet(43)) - raft.server.storage.dir = [/workdir/hadoop-ozone/integration-test/target/test-dir/MiniOzoneClusterImpl-1724fcea-7144-4bb6-9f5f-f66b377195f9/datanode-5/data/ratis] (custom)
2019-10-02 07:38:35,367 [pool-433-thread-1] INFO  server.RaftServerConfigKeys (ConfUtils.java:logGet(43)) - raft.server.log.corruption.policy = EXCEPTION (default)
2019-10-02 07:38:35,367 [pool-433-thread-1] INFO  storage.RaftStorageDirectory (RaftStorageDirectory.java:analyzeStorage(246)) - The storage directory /workdir/hadoop-ozone/integration-test/target/test-dir/MiniOzoneClusterImpl-1724fcea-7144-4bb6-9f5f-f66b377195f9/datanode-5/data/ratis/bb5a90a6-fbe8-45fb-bdac-66fed3c194f9 does not exist. Creating ...
2019-10-02 07:38:35,380 [pool-433-thread-1] INFO  storage.RaftStorageDirectory (RaftStorageDirectory.java:tryLock(328)) - Lock on /workdir/hadoop-ozone/integration-test/target/test-dir/MiniOzoneClusterImpl-1724fcea-7144-4bb6-9f5f-f66b377195f9/datanode-5/data/ratis/bb5a90a6-fbe8-45fb-bdac-66fed3c194f9/in_use.lock acquired by nodename 7242@pr-hdds-2227-gdpr-vz6hn-2718222164
2019-10-02 07:38:35,393 [pool-433-thread-1] INFO  storage.RaftStorage (RaftStorage.java:format(84)) - Storage directory /workdir/hadoop-ozone/integration-test/target/test-dir/MiniOzoneClusterImpl-1724fcea-7144-4bb6-9f5f-f66b377195f9/datanode-5/data/ratis/bb5a90a6-fbe8-45fb-bdac-66fed3c194f9 has been successfully formatted.
2019-10-02 07:38:35,393 [pool-433-thread-1] INFO  ratis.ContainerStateMachine (ContainerStateMachine.java:loadSnapshot(230)) - group-66FED3C194F9: The snapshot info is null. Setting the last applied indexto:(t:0, i:~)
2019-10-02 07:38:35,393 [pool-433-thread-1] INFO  server.RaftServerConfigKeys (ConfUtils.java:logGet(43)) - raft.server.notification.no-leader.timeout = 120s (custom)
2019-10-02 07:38:35,393 [pool-433-thread-1] INFO  server.RaftServerConfigKeys (ConfUtils.java:logGet(43)) - raft.server.log.use.memory = false (default)
2019-10-02 07:38:35,393 [pool-433-thread-1] INFO  server.RaftServerConfigKeys (ConfUtils.java:logGet(43)) - raft.server.log.purge.gap = 1000000 (custom)
2019-10-02 07:38:35,393 [pool-433-thread-1] INFO  server.RaftServerConfigKeys (ConfUtils.java:logGet(43)) - raft.server.log.appender.buffer.byte-limit = 33554432 (custom)
2019-10-02 07:38:35,393 [pool-433-thread-1] INFO  server.RaftServerConfigKeys (ConfUtils.java:logGet(43)) - raft.server.log.segment.size.max = 1048576 (custom)
2019-10-02 07:38:35,395 [pool-433-thread-1] INFO  server.RaftServerConfigKeys (ConfUtils.java:logGet(43)) - raft.server.log.segment.cache.num.max = 2 (custom)
2019-10-02 07:38:35,395 [pool-433-thread-1] INFO  segmented.SegmentedRaftLogWorker (SegmentedRaftLogWorker.java:<init>(173)) - new 2c9d0bdd-0fab-4de9-87b6-8e159cf3a1e3@group-66FED3C194F9-SegmentedRaftLogWorker for RaftStorage:Storage Directory /workdir/hadoop-ozone/integration-test/target/test-dir/MiniOzoneClusterImpl-1724fcea-7144-4bb6-9f5f-f66b377195f9/datanode-5/data/ratis/bb5a90a6-fbe8-45fb-bdac-66fed3c194f9
2019-10-02 07:38:35,395 [pool-433-thread-1] INFO  server.RaftServerConfigKeys (ConfUtils.java:logGet(43)) - raft.server.log.queue.byte-limit = 2147483647 (custom)
2019-10-02 07:38:35,395 [pool-433-thread-1] INFO  server.RaftServerConfigKeys (ConfUtils.java:logGet(43)) - raft.server.log.queue.element-limit = 1024 (custom)
2019-10-02 07:38:35,395 [pool-433-thread-1] INFO  server.RaftServerConfigKeys (ConfUtils.java:logGet(43)) - raft.server.log.segment.size.max = 1048576 (custom)
2019-10-02 07:38:35,396 [pool-433-thread-1] INFO  server.RaftServerConfigKeys (ConfUtils.java:logGet(43)) - raft.server.log.preallocated.size = 16384 (custom)
2019-10-02 07:38:35,396 [pool-433-thread-1] INFO  server.RaftServerConfigKeys (ConfUtils.java:logGet(43)) - raft.server.log.write.buffer.size = 33554432 (custom)
2019-10-02 07:38:35,396 [pool-433-thread-1] INFO  server.RaftServerConfigKeys (ConfUtils.java:logGet(43)) - raft.server.log.force.sync.num = 128 (default)
2019-10-02 07:38:35,396 [pool-433-thread-1] INFO  server.RaftServerConfigKeys (ConfUtils.java:logGet(43)) - raft.server.log.statemachine.data.sync = true (default)
2019-10-02 07:38:35,396 [pool-433-thread-1] INFO  server.RaftServerConfigKeys (ConfUtils.java:logGet(43)) - raft.server.log.statemachine.data.sync.timeout = 10s (default)
2019-10-02 07:38:35,396 [pool-433-thread-1] INFO  server.RaftServerConfigKeys (ConfUtils.java:logGet(43)) - raft.server.log.statemachine.data.sync.timeout.retry = -1 (default)
2019-10-02 07:38:35,396 [pool-433-thread-1] INFO  server.RaftServerConfigKeys (ConfUtils.java:logGet(43)) - raft.server.log.statemachine.data.caching.enabled = true (custom)
2019-10-02 07:38:35,397 [pool-433-thread-1] INFO  segmented.SegmentedRaftLogWorker (SegmentedRaftLogWorker.java:lambda$new$0(128)) - 2c9d0bdd-0fab-4de9-87b6-8e159cf3a1e3@group-66FED3C194F9-SegmentedRaftLogWorker: flushIndex: setUnconditionally 0 -> -1
2019-10-02 07:38:35,397 [pool-433-thread-1] INFO  server.RaftServerConfigKeys (ConfUtils.java:logGet(43)) - raft.server.snapshot.auto.trigger.enabled = true (custom)
2019-10-02 07:38:35,397 [pool-433-thread-1] INFO  server.RaftServerConfigKeys (ConfUtils.java:logGet(43)) - raft.server.snapshot.auto.trigger.threshold = 10000 (custom)
2019-10-02 07:38:35,397 [pool-433-thread-1] INFO  server.RaftServerConfigKeys (ConfUtils.java:logGet(43)) - raft.server.snapshot.retention.file.num = 5 (custom)
2019-10-02 07:38:35,397 [pool-433-thread-1] INFO  server.RaftServerConfigKeys (ConfUtils.java:logGet(43)) - raft.server.retrycache.expirytime = 600000ms (custom)
2019-10-02 07:38:35,399 [pool-433-thread-1] INFO  impl.RaftServerImpl (RaftServerImpl.java:start(181)) - 2c9d0bdd-0fab-4de9-87b6-8e159cf3a1e3@group-66FED3C194F9: start as a follower, conf=-1: [2c9d0bdd-0fab-4de9-87b6-8e159cf3a1e3:192.168.164.211:42326], old=null
2019-10-02 07:38:35,399 [pool-433-thread-1] INFO  impl.RaftServerImpl (RaftServerImpl.java:setRole(170)) - 2c9d0bdd-0fab-4de9-87b6-8e159cf3a1e3@group-66FED3C194F9: changes role from      null to FOLLOWER at term 0 for startAsFollower
2019-10-02 07:38:35,399 [pool-433-thread-1] INFO  impl.RoleInfo (RoleInfo.java:updateAndGet(143)) - 2c9d0bdd-0fab-4de9-87b6-8e159cf3a1e3: start FollowerState
2019-10-02 07:38:35,400 [pool-433-thread-1] INFO  util.JmxRegister (JmxRegister.java:tryRegister(44)) - Successfully registered JMX Bean with object name Ratis:service=RaftServer,group=group-66FED3C194F9,id=2c9d0bdd-0fab-4de9-87b6-8e159cf3a1e3
2019-10-02 07:38:35,404 [RatisPipelineUtilsThread] INFO  pipeline.PipelineStateManager (PipelineStateManager.java:addPipeline(56)) - Created pipeline Pipeline[ Id: bb5a90a6-fbe8-45fb-bdac-66fed3c194f9, Nodes: 2c9d0bdd-0fab-4de9-87b6-8e159cf3a1e3{ip: 192.168.164.211, host: pr-hdds-2227-gdpr-vz6hn-2718222164, networkLocation: /default-rack, certSerialId: null}, Type:RATIS, Factor:ONE, State:OPEN]
2019-10-02 07:38:35,416 [main] INFO  ozone.MiniOzoneClusterImpl (MiniOzoneClusterImpl.java:lambda$waitForClusterToBeReady$0(147)) - Waiting for cluster to be ready. Got 6 of 7 DN Heartbeats.
2019-10-02 07:38:35,423 [IPC Server handler 1 on 42331] INFO  net.NetworkTopology (NetworkTopologyImpl.java:add(111)) - Added a new node: /default-rack/a1250119-fc4a-4706-b7f2-18d810bc2fd1
2019-10-02 07:38:35,427 [IPC Server handler 1 on 42331] INFO  node.SCMNodeManager (SCMNodeManager.java:register(266)) - Registered Data node : a1250119-fc4a-4706-b7f2-18d810bc2fd1{ip: 192.168.164.211, host: pr-hdds-2227-gdpr-vz6hn-2718222164, networkLocation: /default-rack, certSerialId: null}
2019-10-02 07:38:35,428 [grpc-default-executor-1] INFO  impl.RaftServerProxy (RaftServerProxy.java:addNew(89)) - 2c9d0bdd-0fab-4de9-87b6-8e159cf3a1e3: addNew group-331204508984:[28d6f51f-fad1-4f89-914b-dd0a91870612:192.168.164.211:39252, b2d669d9-7125-4fe0-a26b-3e87ec6b20dd:192.168.164.211:44797, 2c9d0bdd-0fab-4de9-87b6-8e159cf3a1e3:192.168.164.211:42326] returns group-331204508984:java.util.concurrent.CompletableFuture@5c775879[Not completed]
2019-10-02 07:38:35,428 [grpc-default-executor-4] INFO  impl.RaftServerProxy (RaftServerProxy.java:addNew(89)) - 28d6f51f-fad1-4f89-914b-dd0a91870612: addNew group-331204508984:[28d6f51f-fad1-4f89-914b-dd0a91870612:192.168.164.211:39252, b2d669d9-7125-4fe0-a26b-3e87ec6b20dd:192.168.164.211:44797, 2c9d0bdd-0fab-4de9-87b6-8e159cf3a1e3:192.168.164.211:42326] returns group-331204508984:java.util.concurrent.CompletableFuture@24c04155[Not completed]
2019-10-02 07:38:35,428 [grpc-default-executor-1] INFO  impl.RaftServerProxy (RaftServerProxy.java:addNew(89)) - b2d669d9-7125-4fe0-a26b-3e87ec6b20dd: addNew group-331204508984:[28d6f51f-fad1-4f89-914b-dd0a91870612:192.168.164.211:39252, b2d669d9-7125-4fe0-a26b-3e87ec6b20dd:192.168.164.211:44797, 2c9d0bdd-0fab-4de9-87b6-8e159cf3a1e3:192.168.164.211:42326] returns group-331204508984:java.util.concurrent.CompletableFuture@7eaf8d81[Not completed]
2019-10-02 07:38:35,429 [pool-413-thread-1] INFO  impl.RaftServerImpl (RaftServerImpl.java:<init>(95)) - 28d6f51f-fad1-4f89-914b-dd0a91870612: new RaftServerImpl for group-331204508984:[28d6f51f-fad1-4f89-914b-dd0a91870612:192.168.164.211:39252, b2d669d9-7125-4fe0-a26b-3e87ec6b20dd:192.168.164.211:44797, 2c9d0bdd-0fab-4de9-87b6-8e159cf3a1e3:192.168.164.211:42326] with ContainerStateMachine:uninitialized
2019-10-02 07:38:35,429 [pool-413-thread-1] INFO  server.RaftServerConfigKeys (ConfUtils.java:logGet(43)) - raft.server.rpc.timeout.min = 5s (custom)
2019-10-02 07:38:35,429 [pool-413-thread-1] INFO  server.RaftServerConfigKeys (ConfUtils.java:logGet(43)) - raft.server.rpc.timeout.max = 5200ms (custom)
2019-10-02 07:38:35,429 [pool-413-thread-1] INFO  server.RaftServerConfigKeys (ConfUtils.java:logGet(43)) - raft.server.rpcslowness.timeout = 120s (custom)
2019-10-02 07:38:35,429 [pool-423-thread-1] INFO  impl.RaftServerImpl (RaftServerImpl.java:<init>(95)) - b2d669d9-7125-4fe0-a26b-3e87ec6b20dd: new RaftServerImpl for group-331204508984:[28d6f51f-fad1-4f89-914b-dd0a91870612:192.168.164.211:39252, b2d669d9-7125-4fe0-a26b-3e87ec6b20dd:192.168.164.211:44797, 2c9d0bdd-0fab-4de9-87b6-8e159cf3a1e3:192.168.164.211:42326] with ContainerStateMachine:uninitialized
2019-10-02 07:38:35,429 [pool-413-thread-1] INFO  server.RaftServerConfigKeys (ConfUtils.java:logGet(43)) - raft.server.sleep.deviation.threshold = 300 (default)
2019-10-02 07:38:35,429 [pool-423-thread-1] INFO  server.RaftServerConfigKeys (ConfUtils.java:logGet(43)) - raft.server.rpc.timeout.min = 5s (custom)
2019-10-02 07:38:35,429 [pool-413-thread-1] INFO  server.RaftServerConfigKeys (ConfUtils.java:logGet(43)) - raft.server.log.appender.install.snapshot.enabled = false (custom)
2019-10-02 07:38:35,429 [pool-423-thread-1] INFO  server.RaftServerConfigKeys (ConfUtils.java:logGet(43)) - raft.server.rpc.timeout.max = 5200ms (custom)
2019-10-02 07:38:35,429 [pool-413-thread-1] INFO  impl.RaftServerImpl (ServerState.java:<init>(103)) - 28d6f51f-fad1-4f89-914b-dd0a91870612@group-331204508984: ConfigurationManager, init=-1: [28d6f51f-fad1-4f89-914b-dd0a91870612:192.168.164.211:39252, b2d669d9-7125-4fe0-a26b-3e87ec6b20dd:192.168.164.211:44797, 2c9d0bdd-0fab-4de9-87b6-8e159cf3a1e3:192.168.164.211:42326], old=null, confs=<EMPTY_MAP>
2019-10-02 07:38:35,429 [pool-423-thread-1] INFO  server.RaftServerConfigKeys (ConfUtils.java:logGet(43)) - raft.server.rpcslowness.timeout = 120s (custom)
2019-10-02 07:38:35,430 [pool-413-thread-1] INFO  server.RaftServerConfigKeys (ConfUtils.java:logGet(43)) - raft.server.storage.dir = [/workdir/hadoop-ozone/integration-test/target/test-dir/MiniOzoneClusterImpl-1724fcea-7144-4bb6-9f5f-f66b377195f9/datanode-3/data/ratis] (custom)
2019-10-02 07:38:35,430 [pool-433-thread-1] INFO  impl.RaftServerImpl (RaftServerImpl.java:<init>(95)) - 2c9d0bdd-0fab-4de9-87b6-8e159cf3a1e3: new RaftServerImpl for group-331204508984:[28d6f51f-fad1-4f89-914b-dd0a91870612:192.168.164.211:39252, b2d669d9-7125-4fe0-a26b-3e87ec6b20dd:192.168.164.211:44797, 2c9d0bdd-0fab-4de9-87b6-8e159cf3a1e3:192.168.164.211:42326] with ContainerStateMachine:uninitialized
2019-10-02 07:38:35,430 [pool-423-thread-1] INFO  server.RaftServerConfigKeys (ConfUtils.java:logGet(43)) - raft.server.sleep.deviation.threshold = 300 (default)
2019-10-02 07:38:35,430 [pool-433-thread-1] INFO  server.RaftServerConfigKeys (ConfUtils.java:logGet(43)) - raft.server.rpc.timeout.min = 5s (custom)
2019-10-02 07:38:35,430 [pool-413-thread-1] INFO  server.RaftServerConfigKeys (ConfUtils.java:logGet(43)) - raft.server.log.corruption.policy = EXCEPTION (default)
2019-10-02 07:38:35,430 [pool-423-thread-1] INFO  server.RaftServerConfigKeys (ConfUtils.java:logGet(43)) - raft.server.log.appender.install.snapshot.enabled = false (custom)
2019-10-02 07:38:35,430 [pool-413-thread-1] INFO  storage.RaftStorageDirectory (RaftStorageDirectory.java:analyzeStorage(246)) - The storage directory /workdir/hadoop-ozone/integration-test/target/test-dir/MiniOzoneClusterImpl-1724fcea-7144-4bb6-9f5f-f66b377195f9/datanode-3/data/ratis/4b912812-c475-42f6-8d73-331204508984 does not exist. Creating ...
2019-10-02 07:38:35,430 [pool-433-thread-1] INFO  server.RaftServerConfigKeys (ConfUtils.java:logGet(43)) - raft.server.rpc.timeout.max = 5200ms (custom)
2019-10-02 07:38:35,430 [pool-423-thread-1] INFO  impl.RaftServerImpl (ServerState.java:<init>(103)) - b2d669d9-7125-4fe0-a26b-3e87ec6b20dd@group-331204508984: ConfigurationManager, init=-1: [28d6f51f-fad1-4f89-914b-dd0a91870612:192.168.164.211:39252, b2d669d9-7125-4fe0-a26b-3e87ec6b20dd:192.168.164.211:44797, 2c9d0bdd-0fab-4de9-87b6-8e159cf3a1e3:192.168.164.211:42326], old=null, confs=<EMPTY_MAP>
2019-10-02 07:38:35,430 [pool-433-thread-1] INFO  server.RaftServerConfigKeys (ConfUtils.java:logGet(43)) - raft.server.rpcslowness.timeout = 120s (custom)
2019-10-02 07:38:35,430 [pool-423-thread-1] INFO  server.RaftServerConfigKeys (ConfUtils.java:logGet(43)) - raft.server.storage.dir = [/workdir/hadoop-ozone/integration-test/target/test-dir/MiniOzoneClusterImpl-1724fcea-7144-4bb6-9f5f-f66b377195f9/datanode-4/data/ratis] (custom)
2019-10-02 07:38:35,430 [pool-433-thread-1] INFO  server.RaftServerConfigKeys (ConfUtils.java:logGet(43)) - raft.server.sleep.deviation.threshold = 300 (default)
2019-10-02 07:38:35,431 [pool-423-thread-1] INFO  server.RaftServerConfigKeys (ConfUtils.java:logGet(43)) - raft.server.log.corruption.policy = EXCEPTION (default)
2019-10-02 07:38:35,431 [pool-433-thread-1] INFO  server.RaftServerConfigKeys (ConfUtils.java:logGet(43)) - raft.server.log.appender.install.snapshot.enabled = false (custom)
2019-10-02 07:38:35,431 [pool-423-thread-1] INFO  storage.RaftStorageDirectory (RaftStorageDirectory.java:analyzeStorage(246)) - The storage directory /workdir/hadoop-ozone/integration-test/target/test-dir/MiniOzoneClusterImpl-1724fcea-7144-4bb6-9f5f-f66b377195f9/datanode-4/data/ratis/4b912812-c475-42f6-8d73-331204508984 does not exist. Creating ...
2019-10-02 07:38:35,431 [pool-433-thread-1] INFO  impl.RaftServerImpl (ServerState.java:<init>(103)) - 2c9d0bdd-0fab-4de9-87b6-8e159cf3a1e3@group-331204508984: ConfigurationManager, init=-1: [28d6f51f-fad1-4f89-914b-dd0a91870612:192.168.164.211:39252, b2d669d9-7125-4fe0-a26b-3e87ec6b20dd:192.168.164.211:44797, 2c9d0bdd-0fab-4de9-87b6-8e159cf3a1e3:192.168.164.211:42326], old=null, confs=<EMPTY_MAP>
2019-10-02 07:38:35,431 [pool-433-thread-1] INFO  server.RaftServerConfigKeys (ConfUtils.java:logGet(43)) - raft.server.storage.dir = [/workdir/hadoop-ozone/integration-test/target/test-dir/MiniOzoneClusterImpl-1724fcea-7144-4bb6-9f5f-f66b377195f9/datanode-5/data/ratis] (custom)
2019-10-02 07:38:35,431 [pool-433-thread-1] INFO  server.RaftServerConfigKeys (ConfUtils.java:logGet(43)) - raft.server.log.corruption.policy = EXCEPTION (default)
2019-10-02 07:38:35,431 [pool-433-thread-1] INFO  storage.RaftStorageDirectory (RaftStorageDirectory.java:analyzeStorage(246)) - The storage directory /workdir/hadoop-ozone/integration-test/target/test-dir/MiniOzoneClusterImpl-1724fcea-7144-4bb6-9f5f-f66b377195f9/datanode-5/data/ratis/4b912812-c475-42f6-8d73-331204508984 does not exist. Creating ...
2019-10-02 07:38:35,443 [pool-433-thread-1] INFO  storage.RaftStorageDirectory (RaftStorageDirectory.java:tryLock(328)) - Lock on /workdir/hadoop-ozone/integration-test/target/test-dir/MiniOzoneClusterImpl-1724fcea-7144-4bb6-9f5f-f66b377195f9/datanode-5/data/ratis/4b912812-c475-42f6-8d73-331204508984/in_use.lock acquired by nodename 7242@pr-hdds-2227-gdpr-vz6hn-2718222164
2019-10-02 07:38:35,443 [pool-423-thread-1] INFO  storage.RaftStorageDirectory (RaftStorageDirectory.java:tryLock(328)) - Lock on /workdir/hadoop-ozone/integration-test/target/test-dir/MiniOzoneClusterImpl-1724fcea-7144-4bb6-9f5f-f66b377195f9/datanode-4/data/ratis/4b912812-c475-42f6-8d73-331204508984/in_use.lock acquired by nodename 7242@pr-hdds-2227-gdpr-vz6hn-2718222164
2019-10-02 07:38:35,443 [pool-413-thread-1] INFO  storage.RaftStorageDirectory (RaftStorageDirectory.java:tryLock(328)) - Lock on /workdir/hadoop-ozone/integration-test/target/test-dir/MiniOzoneClusterImpl-1724fcea-7144-4bb6-9f5f-f66b377195f9/datanode-3/data/ratis/4b912812-c475-42f6-8d73-331204508984/in_use.lock acquired by nodename 7242@pr-hdds-2227-gdpr-vz6hn-2718222164
2019-10-02 07:38:35,457 [pool-413-thread-1] INFO  storage.RaftStorage (RaftStorage.java:format(84)) - Storage directory /workdir/hadoop-ozone/integration-test/target/test-dir/MiniOzoneClusterImpl-1724fcea-7144-4bb6-9f5f-f66b377195f9/datanode-3/data/ratis/4b912812-c475-42f6-8d73-331204508984 has been successfully formatted.
2019-10-02 07:38:35,457 [pool-433-thread-1] INFO  storage.RaftStorage (RaftStorage.java:format(84)) - Storage directory /workdir/hadoop-ozone/integration-test/target/test-dir/MiniOzoneClusterImpl-1724fcea-7144-4bb6-9f5f-f66b377195f9/datanode-5/data/ratis/4b912812-c475-42f6-8d73-331204508984 has been successfully formatted.
2019-10-02 07:38:35,457 [pool-423-thread-1] INFO  storage.RaftStorage (RaftStorage.java:format(84)) - Storage directory /workdir/hadoop-ozone/integration-test/target/test-dir/MiniOzoneClusterImpl-1724fcea-7144-4bb6-9f5f-f66b377195f9/datanode-4/data/ratis/4b912812-c475-42f6-8d73-331204508984 has been successfully formatted.
2019-10-02 07:38:35,457 [pool-433-thread-1] INFO  ratis.ContainerStateMachine (ContainerStateMachine.java:loadSnapshot(230)) - group-331204508984: The snapshot info is null. Setting the last applied indexto:(t:0, i:~)
2019-10-02 07:38:35,457 [pool-423-thread-1] INFO  ratis.ContainerStateMachine (ContainerStateMachine.java:loadSnapshot(230)) - group-331204508984: The snapshot info is null. Setting the last applied indexto:(t:0, i:~)
2019-10-02 07:38:35,457 [pool-413-thread-1] INFO  ratis.ContainerStateMachine (ContainerStateMachine.java:loadSnapshot(230)) - group-331204508984: The snapshot info is null. Setting the last applied indexto:(t:0, i:~)
2019-10-02 07:38:35,458 [pool-423-thread-1] INFO  server.RaftServerConfigKeys (ConfUtils.java:logGet(43)) - raft.server.notification.no-leader.timeout = 120s (custom)
2019-10-02 07:38:35,457 [pool-433-thread-1] INFO  server.RaftServerConfigKeys (ConfUtils.java:logGet(43)) - raft.server.notification.no-leader.timeout = 120s (custom)
2019-10-02 07:38:35,458 [pool-423-thread-1] INFO  server.RaftServerConfigKeys (ConfUtils.java:logGet(43)) - raft.server.log.use.memory = false (default)
2019-10-02 07:38:35,458 [pool-413-thread-1] INFO  server.RaftServerConfigKeys (ConfUtils.java:logGet(43)) - raft.server.notification.no-leader.timeout = 120s (custom)
2019-10-02 07:38:35,458 [pool-423-thread-1] INFO  server.RaftServerConfigKeys (ConfUtils.java:logGet(43)) - raft.server.log.purge.gap = 1000000 (custom)
2019-10-02 07:38:35,458 [pool-433-thread-1] INFO  server.RaftServerConfigKeys (ConfUtils.java:logGet(43)) - raft.server.log.use.memory = false (default)
2019-10-02 07:38:35,458 [pool-423-thread-1] INFO  server.RaftServerConfigKeys (ConfUtils.java:logGet(43)) - raft.server.log.appender.buffer.byte-limit = 33554432 (custom)
2019-10-02 07:38:35,458 [pool-413-thread-1] INFO  server.RaftServerConfigKeys (ConfUtils.java:logGet(43)) - raft.server.log.use.memory = false (default)
2019-10-02 07:38:35,458 [pool-423-thread-1] INFO  server.RaftServerConfigKeys (ConfUtils.java:logGet(43)) - raft.server.log.segment.size.max = 1048576 (custom)
2019-10-02 07:38:35,458 [pool-433-thread-1] INFO  server.RaftServerConfigKeys (ConfUtils.java:logGet(43)) - raft.server.log.purge.gap = 1000000 (custom)
2019-10-02 07:38:35,459 [pool-423-thread-1] INFO  server.RaftServerConfigKeys (ConfUtils.java:logGet(43)) - raft.server.log.segment.cache.num.max = 2 (custom)
2019-10-02 07:38:35,458 [pool-413-thread-1] INFO  server.RaftServerConfigKeys (ConfUtils.java:logGet(43)) - raft.server.log.purge.gap = 1000000 (custom)
2019-10-02 07:38:35,459 [pool-423-thread-1] INFO  segmented.SegmentedRaftLogWorker (SegmentedRaftLogWorker.java:<init>(173)) - new b2d669d9-7125-4fe0-a26b-3e87ec6b20dd@group-331204508984-SegmentedRaftLogWorker for RaftStorage:Storage Directory /workdir/hadoop-ozone/integration-test/target/test-dir/MiniOzoneClusterImpl-1724fcea-7144-4bb6-9f5f-f66b377195f9/datanode-4/data/ratis/4b912812-c475-42f6-8d73-331204508984
2019-10-02 07:38:35,459 [pool-433-thread-1] INFO  server.RaftServerConfigKeys (ConfUtils.java:logGet(43)) - raft.server.log.appender.buffer.byte-limit = 33554432 (custom)
2019-10-02 07:38:35,459 [pool-423-thread-1] INFO  server.RaftServerConfigKeys (ConfUtils.java:logGet(43)) - raft.server.log.queue.byte-limit = 2147483647 (custom)
2019-10-02 07:38:35,459 [pool-413-thread-1] INFO  server.RaftServerConfigKeys (ConfUtils.java:logGet(43)) - raft.server.log.appender.buffer.byte-limit = 33554432 (custom)
2019-10-02 07:38:35,459 [pool-423-thread-1] INFO  server.RaftServerConfigKeys (ConfUtils.java:logGet(43)) - raft.server.log.queue.element-limit = 1024 (custom)
2019-10-02 07:38:35,459 [pool-433-thread-1] INFO  server.RaftServerConfigKeys (ConfUtils.java:logGet(43)) - raft.server.log.segment.size.max = 1048576 (custom)
2019-10-02 07:38:35,459 [pool-423-thread-1] INFO  server.RaftServerConfigKeys (ConfUtils.java:logGet(43)) - raft.server.log.segment.size.max = 1048576 (custom)
2019-10-02 07:38:35,459 [pool-413-thread-1] INFO  server.RaftServerConfigKeys (ConfUtils.java:logGet(43)) - raft.server.log.segment.size.max = 1048576 (custom)
2019-10-02 07:38:35,459 [pool-423-thread-1] INFO  server.RaftServerConfigKeys (ConfUtils.java:logGet(43)) - raft.server.log.preallocated.size = 16384 (custom)
2019-10-02 07:38:35,459 [pool-433-thread-1] INFO  server.RaftServerConfigKeys (ConfUtils.java:logGet(43)) - raft.server.log.segment.cache.num.max = 2 (custom)
2019-10-02 07:38:35,460 [pool-423-thread-1] INFO  server.RaftServerConfigKeys (ConfUtils.java:logGet(43)) - raft.server.log.write.buffer.size = 33554432 (custom)
2019-10-02 07:38:35,459 [pool-413-thread-1] INFO  server.RaftServerConfigKeys (ConfUtils.java:logGet(43)) - raft.server.log.segment.cache.num.max = 2 (custom)
2019-10-02 07:38:35,460 [pool-423-thread-1] INFO  server.RaftServerConfigKeys (ConfUtils.java:logGet(43)) - raft.server.log.force.sync.num = 128 (default)
2019-10-02 07:38:35,460 [pool-433-thread-1] INFO  segmented.SegmentedRaftLogWorker (SegmentedRaftLogWorker.java:<init>(173)) - new 2c9d0bdd-0fab-4de9-87b6-8e159cf3a1e3@group-331204508984-SegmentedRaftLogWorker for RaftStorage:Storage Directory /workdir/hadoop-ozone/integration-test/target/test-dir/MiniOzoneClusterImpl-1724fcea-7144-4bb6-9f5f-f66b377195f9/datanode-5/data/ratis/4b912812-c475-42f6-8d73-331204508984
2019-10-02 07:38:35,460 [pool-423-thread-1] INFO  server.RaftServerConfigKeys (ConfUtils.java:logGet(43)) - raft.server.log.statemachine.data.sync = true (default)
2019-10-02 07:38:35,460 [pool-413-thread-1] INFO  segmented.SegmentedRaftLogWorker (SegmentedRaftLogWorker.java:<init>(173)) - new 28d6f51f-fad1-4f89-914b-dd0a91870612@group-331204508984-SegmentedRaftLogWorker for RaftStorage:Storage Directory /workdir/hadoop-ozone/integration-test/target/test-dir/MiniOzoneClusterImpl-1724fcea-7144-4bb6-9f5f-f66b377195f9/datanode-3/data/ratis/4b912812-c475-42f6-8d73-331204508984
2019-10-02 07:38:35,460 [pool-423-thread-1] INFO  server.RaftServerConfigKeys (ConfUtils.java:logGet(43)) - raft.server.log.statemachine.data.sync.timeout = 10s (default)
2019-10-02 07:38:35,460 [pool-433-thread-1] INFO  server.RaftServerConfigKeys (ConfUtils.java:logGet(43)) - raft.server.log.queue.byte-limit = 2147483647 (custom)
2019-10-02 07:38:35,460 [pool-423-thread-1] INFO  server.RaftServerConfigKeys (ConfUtils.java:logGet(43)) - raft.server.log.statemachine.data.sync.timeout.retry = -1 (default)
2019-10-02 07:38:35,460 [pool-413-thread-1] INFO  server.RaftServerConfigKeys (ConfUtils.java:logGet(43)) - raft.server.log.queue.byte-limit = 2147483647 (custom)
2019-10-02 07:38:35,461 [pool-423-thread-1] INFO  server.RaftServerConfigKeys (ConfUtils.java:logGet(43)) - raft.server.log.statemachine.data.caching.enabled = true (custom)
2019-10-02 07:38:35,461 [pool-433-thread-1] INFO  server.RaftServerConfigKeys (ConfUtils.java:logGet(43)) - raft.server.log.queue.element-limit = 1024 (custom)
2019-10-02 07:38:35,461 [pool-413-thread-1] INFO  server.RaftServerConfigKeys (ConfUtils.java:logGet(43)) - raft.server.log.queue.element-limit = 1024 (custom)
2019-10-02 07:38:35,461 [pool-423-thread-1] INFO  segmented.SegmentedRaftLogWorker (SegmentedRaftLogWorker.java:lambda$new$0(128)) - b2d669d9-7125-4fe0-a26b-3e87ec6b20dd@group-331204508984-SegmentedRaftLogWorker: flushIndex: setUnconditionally 0 -> -1
2019-10-02 07:38:35,461 [pool-433-thread-1] INFO  server.RaftServerConfigKeys (ConfUtils.java:logGet(43)) - raft.server.log.segment.size.max = 1048576 (custom)
2019-10-02 07:38:35,461 [pool-413-thread-1] INFO  server.RaftServerConfigKeys (ConfUtils.java:logGet(43)) - raft.server.log.segment.size.max = 1048576 (custom)
2019-10-02 07:38:35,461 [pool-423-thread-1] INFO  server.RaftServerConfigKeys (ConfUtils.java:logGet(43)) - raft.server.snapshot.auto.trigger.enabled = true (custom)
2019-10-02 07:38:35,461 [pool-433-thread-1] INFO  server.RaftServerConfigKeys (ConfUtils.java:logGet(43)) - raft.server.log.preallocated.size = 16384 (custom)
2019-10-02 07:38:35,461 [pool-423-thread-1] INFO  server.RaftServerConfigKeys (ConfUtils.java:logGet(43)) - raft.server.snapshot.auto.trigger.threshold = 10000 (custom)
2019-10-02 07:38:35,461 [pool-413-thread-1] INFO  server.RaftServerConfigKeys (ConfUtils.java:logGet(43)) - raft.server.log.preallocated.size = 16384 (custom)
2019-10-02 07:38:35,462 [pool-423-thread-1] INFO  server.RaftServerConfigKeys (ConfUtils.java:logGet(43)) - raft.server.snapshot.retention.file.num = 5 (custom)
2019-10-02 07:38:35,461 [pool-433-thread-1] INFO  server.RaftServerConfigKeys (ConfUtils.java:logGet(43)) - raft.server.log.write.buffer.size = 33554432 (custom)
2019-10-02 07:38:35,462 [pool-423-thread-1] INFO  server.RaftServerConfigKeys (ConfUtils.java:logGet(43)) - raft.server.retrycache.expirytime = 600000ms (custom)
2019-10-02 07:38:35,462 [pool-413-thread-1] INFO  server.RaftServerConfigKeys (ConfUtils.java:logGet(43)) - raft.server.log.write.buffer.size = 33554432 (custom)
2019-10-02 07:38:35,462 [pool-433-thread-1] INFO  server.RaftServerConfigKeys (ConfUtils.java:logGet(43)) - raft.server.log.force.sync.num = 128 (default)
2019-10-02 07:38:35,462 [pool-413-thread-1] INFO  server.RaftServerConfigKeys (ConfUtils.java:logGet(43)) - raft.server.log.force.sync.num = 128 (default)
2019-10-02 07:38:35,462 [pool-433-thread-1] INFO  server.RaftServerConfigKeys (ConfUtils.java:logGet(43)) - raft.server.log.statemachine.data.sync = true (default)
2019-10-02 07:38:35,462 [pool-413-thread-1] INFO  server.RaftServerConfigKeys (ConfUtils.java:logGet(43)) - raft.server.log.statemachine.data.sync = true (default)
2019-10-02 07:38:35,462 [pool-433-thread-1] INFO  server.RaftServerConfigKeys (ConfUtils.java:logGet(43)) - raft.server.log.statemachine.data.sync.timeout = 10s (default)
2019-10-02 07:38:35,462 [pool-413-thread-1] INFO  server.RaftServerConfigKeys (ConfUtils.java:logGet(43)) - raft.server.log.statemachine.data.sync.timeout = 10s (default)
2019-10-02 07:38:35,462 [pool-433-thread-1] INFO  server.RaftServerConfigKeys (ConfUtils.java:logGet(43)) - raft.server.log.statemachine.data.sync.timeout.retry = -1 (default)
2019-10-02 07:38:35,463 [pool-413-thread-1] INFO  server.RaftServerConfigKeys (ConfUtils.java:logGet(43)) - raft.server.log.statemachine.data.sync.timeout.retry = -1 (default)
2019-10-02 07:38:35,463 [pool-433-thread-1] INFO  server.RaftServerConfigKeys (ConfUtils.java:logGet(43)) - raft.server.log.statemachine.data.caching.enabled = true (custom)
2019-10-02 07:38:35,463 [pool-413-thread-1] INFO  server.RaftServerConfigKeys (ConfUtils.java:logGet(43)) - raft.server.log.statemachine.data.caching.enabled = true (custom)
2019-10-02 07:38:35,463 [pool-433-thread-1] INFO  segmented.SegmentedRaftLogWorker (SegmentedRaftLogWorker.java:lambda$new$0(128)) - 2c9d0bdd-0fab-4de9-87b6-8e159cf3a1e3@group-331204508984-SegmentedRaftLogWorker: flushIndex: setUnconditionally 0 -> -1
2019-10-02 07:38:35,463 [pool-413-thread-1] INFO  segmented.SegmentedRaftLogWorker (SegmentedRaftLogWorker.java:lambda$new$0(128)) - 28d6f51f-fad1-4f89-914b-dd0a91870612@group-331204508984-SegmentedRaftLogWorker: flushIndex: setUnconditionally 0 -> -1
2019-10-02 07:38:35,463 [pool-423-thread-1] INFO  impl.RaftServerImpl (RaftServerImpl.java:start(181)) - b2d669d9-7125-4fe0-a26b-3e87ec6b20dd@group-331204508984: start as a follower, conf=-1: [28d6f51f-fad1-4f89-914b-dd0a91870612:192.168.164.211:39252, b2d669d9-7125-4fe0-a26b-3e87ec6b20dd:192.168.164.211:44797, 2c9d0bdd-0fab-4de9-87b6-8e159cf3a1e3:192.168.164.211:42326], old=null
2019-10-02 07:38:35,463 [pool-413-thread-1] INFO  server.RaftServerConfigKeys (ConfUtils.java:logGet(43)) - raft.server.snapshot.auto.trigger.enabled = true (custom)
2019-10-02 07:38:35,463 [pool-433-thread-1] INFO  server.RaftServerConfigKeys (ConfUtils.java:logGet(43)) - raft.server.snapshot.auto.trigger.enabled = true (custom)
2019-10-02 07:38:35,463 [pool-413-thread-1] INFO  server.RaftServerConfigKeys (ConfUtils.java:logGet(43)) - raft.server.snapshot.auto.trigger.threshold = 10000 (custom)
2019-10-02 07:38:35,463 [pool-423-thread-1] INFO  impl.RaftServerImpl (RaftServerImpl.java:setRole(170)) - b2d669d9-7125-4fe0-a26b-3e87ec6b20dd@group-331204508984: changes role from      null to FOLLOWER at term 0 for startAsFollower
2019-10-02 07:38:35,464 [pool-413-thread-1] INFO  server.RaftServerConfigKeys (ConfUtils.java:logGet(43)) - raft.server.snapshot.retention.file.num = 5 (custom)
2019-10-02 07:38:35,463 [pool-433-thread-1] INFO  server.RaftServerConfigKeys (ConfUtils.java:logGet(43)) - raft.server.snapshot.auto.trigger.threshold = 10000 (custom)
2019-10-02 07:38:35,464 [pool-413-thread-1] INFO  server.RaftServerConfigKeys (ConfUtils.java:logGet(43)) - raft.server.retrycache.expirytime = 600000ms (custom)
2019-10-02 07:38:35,464 [pool-423-thread-1] INFO  impl.RoleInfo (RoleInfo.java:updateAndGet(143)) - b2d669d9-7125-4fe0-a26b-3e87ec6b20dd: start FollowerState
2019-10-02 07:38:35,464 [pool-433-thread-1] INFO  server.RaftServerConfigKeys (ConfUtils.java:logGet(43)) - raft.server.snapshot.retention.file.num = 5 (custom)
2019-10-02 07:38:35,464 [pool-423-thread-1] INFO  util.JmxRegister (JmxRegister.java:tryRegister(44)) - Successfully registered JMX Bean with object name Ratis:service=RaftServer,group=group-331204508984,id=b2d669d9-7125-4fe0-a26b-3e87ec6b20dd
2019-10-02 07:38:35,464 [pool-433-thread-1] INFO  server.RaftServerConfigKeys (ConfUtils.java:logGet(43)) - raft.server.retrycache.expirytime = 600000ms (custom)
2019-10-02 07:38:35,467 [pool-413-thread-1] INFO  impl.RaftServerImpl (RaftServerImpl.java:start(181)) - 28d6f51f-fad1-4f89-914b-dd0a91870612@group-331204508984: start as a follower, conf=-1: [28d6f51f-fad1-4f89-914b-dd0a91870612:192.168.164.211:39252, b2d669d9-7125-4fe0-a26b-3e87ec6b20dd:192.168.164.211:44797, 2c9d0bdd-0fab-4de9-87b6-8e159cf3a1e3:192.168.164.211:42326], old=null
2019-10-02 07:38:35,467 [pool-413-thread-1] INFO  impl.RaftServerImpl (RaftServerImpl.java:setRole(170)) - 28d6f51f-fad1-4f89-914b-dd0a91870612@group-331204508984: changes role from      null to FOLLOWER at term 0 for startAsFollower
2019-10-02 07:38:35,467 [pool-413-thread-1] INFO  impl.RoleInfo (RoleInfo.java:updateAndGet(143)) - 28d6f51f-fad1-4f89-914b-dd0a91870612: start FollowerState
2019-10-02 07:38:35,467 [pool-433-thread-1] INFO  impl.RaftServerImpl (RaftServerImpl.java:start(181)) - 2c9d0bdd-0fab-4de9-87b6-8e159cf3a1e3@group-331204508984: start as a follower, conf=-1: [28d6f51f-fad1-4f89-914b-dd0a91870612:192.168.164.211:39252, b2d669d9-7125-4fe0-a26b-3e87ec6b20dd:192.168.164.211:44797, 2c9d0bdd-0fab-4de9-87b6-8e159cf3a1e3:192.168.164.211:42326], old=null
2019-10-02 07:38:35,468 [pool-413-thread-1] INFO  util.JmxRegister (JmxRegister.java:tryRegister(44)) - Successfully registered JMX Bean with object name Ratis:service=RaftServer,group=group-331204508984,id=28d6f51f-fad1-4f89-914b-dd0a91870612
2019-10-02 07:38:35,468 [pool-433-thread-1] INFO  impl.RaftServerImpl (RaftServerImpl.java:setRole(170)) - 2c9d0bdd-0fab-4de9-87b6-8e159cf3a1e3@group-331204508984: changes role from      null to FOLLOWER at term 0 for startAsFollower
2019-10-02 07:38:35,468 [pool-433-thread-1] INFO  impl.RoleInfo (RoleInfo.java:updateAndGet(143)) - 2c9d0bdd-0fab-4de9-87b6-8e159cf3a1e3: start FollowerState
2019-10-02 07:38:35,469 [pool-433-thread-1] INFO  util.JmxRegister (JmxRegister.java:tryRegister(44)) - Successfully registered JMX Bean with object name Ratis:service=RaftServer,group=group-331204508984,id=2c9d0bdd-0fab-4de9-87b6-8e159cf3a1e3
2019-10-02 07:38:35,472 [RatisPipelineUtilsThread] INFO  pipeline.PipelineStateManager (PipelineStateManager.java:addPipeline(56)) - Created pipeline Pipeline[ Id: 4b912812-c475-42f6-8d73-331204508984, Nodes: b2d669d9-7125-4fe0-a26b-3e87ec6b20dd{ip: 192.168.164.211, host: pr-hdds-2227-gdpr-vz6hn-2718222164, networkLocation: /default-rack, certSerialId: null}2c9d0bdd-0fab-4de9-87b6-8e159cf3a1e3{ip: 192.168.164.211, host: pr-hdds-2227-gdpr-vz6hn-2718222164, networkLocation: /default-rack, certSerialId: null}28d6f51f-fad1-4f89-914b-dd0a91870612{ip: 192.168.164.211, host: pr-hdds-2227-gdpr-vz6hn-2718222164, networkLocation: /default-rack, certSerialId: null}, Type:RATIS, Factor:THREE, State:OPEN]
2019-10-02 07:38:36,145 [grpc-default-executor-4] WARN  server.GrpcLogAppender (LogUtils.java:warn(134)) - 877c1e29-213f-4e3e-ace5-02a222c8c7a5@group-8B9B2962CD1F->d54e5ec9-dbdf-4cc4-af70-70ef71242697-AppendLogResponseHandler: Failed appendEntries: org.apache.ratis.thirdparty.io.grpc.StatusRuntimeException: UNAVAILABLE: io exception
2019-10-02 07:38:36,146 [grpc-default-executor-4] INFO  impl.FollowerInfo (FollowerInfo.java:lambda$new$0(51)) - 877c1e29-213f-4e3e-ace5-02a222c8c7a5@group-8B9B2962CD1F->d54e5ec9-dbdf-4cc4-af70-70ef71242697: nextIndex: updateUnconditionally 0 -> 0
2019-10-02 07:38:36,160 [grpc-default-executor-4] WARN  server.GrpcLogAppender (LogUtils.java:warn(134)) - 877c1e29-213f-4e3e-ace5-02a222c8c7a5@group-8B9B2962CD1F->6fd6eee1-0931-460a-9d60-5fc0679329ea-AppendLogResponseHandler: Failed appendEntries: org.apache.ratis.thirdparty.io.grpc.StatusRuntimeException: UNAVAILABLE: io exception
2019-10-02 07:38:36,161 [grpc-default-executor-4] INFO  impl.FollowerInfo (FollowerInfo.java:lambda$new$0(51)) - 877c1e29-213f-4e3e-ace5-02a222c8c7a5@group-8B9B2962CD1F->6fd6eee1-0931-460a-9d60-5fc0679329ea: nextIndex: updateUnconditionally 0 -> 0
2019-10-02 07:38:36,419 [main] INFO  ozone.MiniOzoneClusterImpl (MiniOzoneClusterImpl.java:lambda$waitForClusterToBeReady$0(147)) - Cluster is ready. Got 7 of 7 DN Heartbeats.
2019-10-02 07:38:36,485 [main] INFO  rpc.RpcClient (RpcClient.java:createVolume(277)) - Creating Volume: watchforcommithandlingtest, with jenkins1000 as owner.
2019-10-02 07:38:36,489 [IPC Server handler 4 on 34772] INFO  volume.OMVolumeCreateRequest (OMVolumeCreateRequest.java:validateAndUpdateCache(194)) - created volume:watchforcommithandlingtest for user:jenkins1000
2019-10-02 07:38:36,511 [main] INFO  rpc.RpcClient (RpcClient.java:createBucket(416)) - Creating Bucket: watchforcommithandlingtest/watchforcommithandlingtest, with Versioning false and Storage Type set to DISK and Encryption set to false 
2019-10-02 07:38:36,517 [main] INFO  ozone.MiniOzoneClusterImpl (MiniOzoneClusterImpl.java:getStorageContainerLocationClient(234)) - Creating StorageContainerLocationProtocol RPC client with address /0.0.0.0:36033
2019-10-02 07:38:37,836 [Thread-2292] INFO  container.ReplicationManager (ReplicationManager.java:start(162)) - Starting Replication Monitor Thread.
2019-10-02 07:38:37,841 [ReplicationMonitor] INFO  container.ReplicationManager (ReplicationManager.java:run(225)) - Replication Monitor Thread took 1 milliseconds for processing 1 containers.
2019-10-02 07:38:38,646 [grpc-default-executor-4] WARN  server.GrpcLogAppender (LogUtils.java:warn(134)) - 877c1e29-213f-4e3e-ace5-02a222c8c7a5@group-8B9B2962CD1F->d54e5ec9-dbdf-4cc4-af70-70ef71242697-AppendLogResponseHandler: Failed appendEntries: org.apache.ratis.thirdparty.io.grpc.StatusRuntimeException: UNAVAILABLE: io exception
2019-10-02 07:38:38,647 [grpc-default-executor-4] INFO  impl.FollowerInfo (FollowerInfo.java:lambda$new$0(51)) - 877c1e29-213f-4e3e-ace5-02a222c8c7a5@group-8B9B2962CD1F->d54e5ec9-dbdf-4cc4-af70-70ef71242697: nextIndex: updateUnconditionally 0 -> 0
2019-10-02 07:38:38,661 [grpc-default-executor-6] WARN  server.GrpcLogAppender (LogUtils.java:warn(134)) - 877c1e29-213f-4e3e-ace5-02a222c8c7a5@group-8B9B2962CD1F->6fd6eee1-0931-460a-9d60-5fc0679329ea-AppendLogResponseHandler: Failed appendEntries: org.apache.ratis.thirdparty.io.grpc.StatusRuntimeException: UNAVAILABLE: io exception
2019-10-02 07:38:38,661 [grpc-default-executor-6] INFO  impl.FollowerInfo (FollowerInfo.java:lambda$new$0(51)) - 877c1e29-213f-4e3e-ace5-02a222c8c7a5@group-8B9B2962CD1F->6fd6eee1-0931-460a-9d60-5fc0679329ea: nextIndex: updateUnconditionally 0 -> 0
2019-10-02 07:38:38,682 [Thread-2344] INFO  client.GrpcClientProtocolService (GrpcClientProtocolService.java:lambda$processClientRequest$0(278)) - Failed RaftClientRequest:client-7A63E2030228->877c1e29-213f-4e3e-ace5-02a222c8c7a5@group-8B9B2962CD1F, cid=67, seq=0, Watch-ALL_COMMITTED(21), Message:<EMPTY>, reply=RaftClientReply:client-7A63E2030228->877c1e29-213f-4e3e-ace5-02a222c8c7a5@group-8B9B2962CD1F, cid=67, FAILED org.apache.ratis.protocol.NotReplicatedException: Request with call Id 67 and log index 21 is not yet replicated to ALL_COMMITTED, logIndex=21, commits[877c1e29-213f-4e3e-ace5-02a222c8c7a5:c2, 6fd6eee1-0931-460a-9d60-5fc0679329ea:c2, d54e5ec9-dbdf-4cc4-af70-70ef71242697:c2]
2019-10-02 07:38:38,688 [Thread-2345] INFO  client.GrpcClientProtocolService (GrpcClientProtocolService.java:lambda$processClientRequest$0(278)) - Failed RaftClientRequest:client-7A63E2030228->877c1e29-213f-4e3e-ace5-02a222c8c7a5@group-8B9B2962CD1F, cid=68, seq=0, Watch-MAJORITY_COMMITTED(21), Message:<EMPTY>, reply=RaftClientReply:client-7A63E2030228->877c1e29-213f-4e3e-ace5-02a222c8c7a5@group-8B9B2962CD1F, cid=68, FAILED org.apache.ratis.protocol.NotReplicatedException: Request with call Id 68 and log index 21 is not yet replicated to MAJORITY_COMMITTED, logIndex=21, commits[877c1e29-213f-4e3e-ace5-02a222c8c7a5:c2, 6fd6eee1-0931-460a-9d60-5fc0679329ea:c2, d54e5ec9-dbdf-4cc4-af70-70ef71242697:c2]
2019-10-02 07:38:40,024 [Thread-2294] INFO  impl.FollowerState (FollowerState.java:run(108)) - adfcda44-2223-4cc2-9e47-7cf42dcf5791@group-FA8BAA6CA393-FollowerState: change to CANDIDATE, lastRpcTime:5141ms, electionTimeout:5141ms
2019-10-02 07:38:40,024 [Thread-2294] INFO  impl.RoleInfo (RoleInfo.java:shutdownFollowerState(121)) - adfcda44-2223-4cc2-9e47-7cf42dcf5791: shutdown FollowerState
2019-10-02 07:38:40,024 [Thread-2294] INFO  impl.RaftServerImpl (RaftServerImpl.java:setRole(170)) - adfcda44-2223-4cc2-9e47-7cf42dcf5791@group-FA8BAA6CA393: changes role from  FOLLOWER to CANDIDATE at term 0 for changeToCandidate
2019-10-02 07:38:40,024 [Thread-2294] INFO  impl.RoleInfo (RoleInfo.java:updateAndGet(143)) - adfcda44-2223-4cc2-9e47-7cf42dcf5791: start LeaderElection
2019-10-02 07:38:40,054 [adfcda44-2223-4cc2-9e47-7cf42dcf5791@group-FA8BAA6CA393-LeaderElection57] INFO  impl.LeaderElection (LeaderElection.java:askForVotes(178)) - adfcda44-2223-4cc2-9e47-7cf42dcf5791@group-FA8BAA6CA393-LeaderElection57: begin an election at term 1 for -1: [adfcda44-2223-4cc2-9e47-7cf42dcf5791:192.168.164.211:40818], old=null
2019-10-02 07:38:40,054 [adfcda44-2223-4cc2-9e47-7cf42dcf5791@group-FA8BAA6CA393-LeaderElection57] INFO  impl.RoleInfo (RoleInfo.java:shutdownLeaderElection(134)) - adfcda44-2223-4cc2-9e47-7cf42dcf5791: shutdown LeaderElection
2019-10-02 07:38:40,054 [adfcda44-2223-4cc2-9e47-7cf42dcf5791@group-FA8BAA6CA393-LeaderElection57] INFO  impl.RaftServerImpl (RaftServerImpl.java:setRole(170)) - adfcda44-2223-4cc2-9e47-7cf42dcf5791@group-FA8BAA6CA393: changes role from CANDIDATE to LEADER at term 1 for changeToLeader
2019-10-02 07:38:40,054 [adfcda44-2223-4cc2-9e47-7cf42dcf5791@group-FA8BAA6CA393-LeaderElection57] INFO  impl.RaftServerImpl (ServerState.java:setLeader(255)) - adfcda44-2223-4cc2-9e47-7cf42dcf5791@group-FA8BAA6CA393: change Leader from null to adfcda44-2223-4cc2-9e47-7cf42dcf5791 at term 1 for becomeLeader, leader elected after 5178ms
2019-10-02 07:38:40,054 [adfcda44-2223-4cc2-9e47-7cf42dcf5791@group-FA8BAA6CA393-LeaderElection57] INFO  server.RaftServerConfigKeys (ConfUtils.java:logGet(43)) - raft.server.staging.catchup.gap = 1000 (default)
2019-10-02 07:38:40,055 [adfcda44-2223-4cc2-9e47-7cf42dcf5791@group-FA8BAA6CA393-LeaderElection57] INFO  server.RaftServerConfigKeys (ConfUtils.java:logGet(43)) - raft.server.rpc.sleep.time = 25ms (default)
2019-10-02 07:38:40,055 [adfcda44-2223-4cc2-9e47-7cf42dcf5791@group-FA8BAA6CA393-LeaderElection57] INFO  server.RaftServerConfigKeys (ConfUtils.java:logGet(43)) - raft.server.write.element-limit = 4096 (default)
2019-10-02 07:38:40,055 [adfcda44-2223-4cc2-9e47-7cf42dcf5791@group-FA8BAA6CA393-LeaderElection57] INFO  server.RaftServerConfigKeys (ConfUtils.java:logGet(43)) - raft.server.watch.timeout = 10s (default)
2019-10-02 07:38:40,055 [adfcda44-2223-4cc2-9e47-7cf42dcf5791@group-FA8BAA6CA393-LeaderElection57] INFO  server.RaftServerConfigKeys (ConfUtils.java:logGet(43)) - raft.server.watch.timeout.denomination = 1s (default)
2019-10-02 07:38:40,056 [adfcda44-2223-4cc2-9e47-7cf42dcf5791@group-FA8BAA6CA393-LeaderElection57] INFO  server.RaftServerConfigKeys (ConfUtils.java:logGet(43)) - raft.server.watch.element-limit = 65536 (default)
2019-10-02 07:38:40,058 [adfcda44-2223-4cc2-9e47-7cf42dcf5791@group-FA8BAA6CA393-LeaderElection57] INFO  impl.RoleInfo (RoleInfo.java:updateAndGet(143)) - adfcda44-2223-4cc2-9e47-7cf42dcf5791: start LeaderState
2019-10-02 07:38:40,058 [adfcda44-2223-4cc2-9e47-7cf42dcf5791@group-FA8BAA6CA393-LeaderElection57] INFO  segmented.SegmentedRaftLogWorker (SegmentedRaftLogWorker.java:startLogSegment(385)) - adfcda44-2223-4cc2-9e47-7cf42dcf5791@group-FA8BAA6CA393-SegmentedRaftLogWorker: Starting segment from index:0
2019-10-02 07:38:40,059 [adfcda44-2223-4cc2-9e47-7cf42dcf5791@group-FA8BAA6CA393-LeaderElection57] INFO  impl.RaftServerImpl (ServerState.java:setRaftConf(356)) - adfcda44-2223-4cc2-9e47-7cf42dcf5791@group-FA8BAA6CA393: set configuration 0: [adfcda44-2223-4cc2-9e47-7cf42dcf5791:192.168.164.211:40818], old=null at 0
2019-10-02 07:38:40,096 [adfcda44-2223-4cc2-9e47-7cf42dcf5791@group-FA8BAA6CA393-SegmentedRaftLogWorker] INFO  segmented.SegmentedRaftLogWorker (SegmentedRaftLogWorker.java:execute(574)) - adfcda44-2223-4cc2-9e47-7cf42dcf5791@group-FA8BAA6CA393-SegmentedRaftLogWorker: created new log segment /workdir/hadoop-ozone/integration-test/target/test-dir/MiniOzoneClusterImpl-1724fcea-7144-4bb6-9f5f-f66b377195f9/datanode-0/data/ratis/80ce2f51-5435-43e6-b323-fa8baa6ca393/current/log_inprogress_0
2019-10-02 07:38:40,219 [Thread-2297] INFO  impl.FollowerState (FollowerState.java:run(108)) - 9154b18f-9664-4d7a-babb-ddc23dc25f76@group-966516687BD9-FollowerState: change to CANDIDATE, lastRpcTime:5185ms, electionTimeout:5185ms
2019-10-02 07:38:40,219 [Thread-2297] INFO  impl.RoleInfo (RoleInfo.java:shutdownFollowerState(121)) - 9154b18f-9664-4d7a-babb-ddc23dc25f76: shutdown FollowerState
2019-10-02 07:38:40,219 [Thread-2297] INFO  impl.RaftServerImpl (RaftServerImpl.java:setRole(170)) - 9154b18f-9664-4d7a-babb-ddc23dc25f76@group-966516687BD9: changes role from  FOLLOWER to CANDIDATE at term 0 for changeToCandidate
2019-10-02 07:38:40,219 [Thread-2297] INFO  impl.RoleInfo (RoleInfo.java:updateAndGet(143)) - 9154b18f-9664-4d7a-babb-ddc23dc25f76: start LeaderElection
2019-10-02 07:38:40,234 [Thread-2307] INFO  impl.FollowerState (FollowerState.java:run(108)) - adfcda44-2223-4cc2-9e47-7cf42dcf5791@group-6D4952BC3E96-FollowerState: change to CANDIDATE, lastRpcTime:5037ms, electionTimeout:5036ms
2019-10-02 07:38:40,234 [Thread-2307] INFO  impl.RoleInfo (RoleInfo.java:shutdownFollowerState(121)) - adfcda44-2223-4cc2-9e47-7cf42dcf5791: shutdown FollowerState
2019-10-02 07:38:40,234 [Thread-2307] INFO  impl.RaftServerImpl (RaftServerImpl.java:setRole(170)) - adfcda44-2223-4cc2-9e47-7cf42dcf5791@group-6D4952BC3E96: changes role from  FOLLOWER to CANDIDATE at term 0 for changeToCandidate
2019-10-02 07:38:40,234 [Thread-2307] INFO  impl.RoleInfo (RoleInfo.java:updateAndGet(143)) - adfcda44-2223-4cc2-9e47-7cf42dcf5791: start LeaderElection
2019-10-02 07:38:40,239 [Thread-2300] INFO  impl.FollowerState (FollowerState.java:run(108)) - 914ea15e-b21f-483c-8731-fcf6123bfdb8@group-B207C861E859-FollowerState: change to CANDIDATE, lastRpcTime:5126ms, electionTimeout:5124ms
2019-10-02 07:38:40,242 [Thread-2300] INFO  impl.RoleInfo (RoleInfo.java:shutdownFollowerState(121)) - 914ea15e-b21f-483c-8731-fcf6123bfdb8: shutdown FollowerState
2019-10-02 07:38:40,243 [Thread-2300] INFO  impl.RaftServerImpl (RaftServerImpl.java:setRole(170)) - 914ea15e-b21f-483c-8731-fcf6123bfdb8@group-B207C861E859: changes role from  FOLLOWER to CANDIDATE at term 0 for changeToCandidate
2019-10-02 07:38:40,243 [Thread-2300] INFO  impl.RoleInfo (RoleInfo.java:updateAndGet(143)) - 914ea15e-b21f-483c-8731-fcf6123bfdb8: start LeaderElection
2019-10-02 07:38:40,251 [9154b18f-9664-4d7a-babb-ddc23dc25f76@group-966516687BD9-LeaderElection58] INFO  impl.LeaderElection (LeaderElection.java:askForVotes(178)) - 9154b18f-9664-4d7a-babb-ddc23dc25f76@group-966516687BD9-LeaderElection58: begin an election at term 1 for -1: [9154b18f-9664-4d7a-babb-ddc23dc25f76:192.168.164.211:37310], old=null
2019-10-02 07:38:40,251 [9154b18f-9664-4d7a-babb-ddc23dc25f76@group-966516687BD9-LeaderElection58] INFO  impl.RoleInfo (RoleInfo.java:shutdownLeaderElection(134)) - 9154b18f-9664-4d7a-babb-ddc23dc25f76: shutdown LeaderElection
2019-10-02 07:38:40,251 [9154b18f-9664-4d7a-babb-ddc23dc25f76@group-966516687BD9-LeaderElection58] INFO  impl.RaftServerImpl (RaftServerImpl.java:setRole(170)) - 9154b18f-9664-4d7a-babb-ddc23dc25f76@group-966516687BD9: changes role from CANDIDATE to LEADER at term 1 for changeToLeader
2019-10-02 07:38:40,251 [9154b18f-9664-4d7a-babb-ddc23dc25f76@group-966516687BD9-LeaderElection58] INFO  impl.RaftServerImpl (ServerState.java:setLeader(255)) - 9154b18f-9664-4d7a-babb-ddc23dc25f76@group-966516687BD9: change Leader from null to 9154b18f-9664-4d7a-babb-ddc23dc25f76 at term 1 for becomeLeader, leader elected after 5224ms
2019-10-02 07:38:40,252 [9154b18f-9664-4d7a-babb-ddc23dc25f76@group-966516687BD9-LeaderElection58] INFO  server.RaftServerConfigKeys (ConfUtils.java:logGet(43)) - raft.server.staging.catchup.gap = 1000 (default)
2019-10-02 07:38:40,252 [9154b18f-9664-4d7a-babb-ddc23dc25f76@group-966516687BD9-LeaderElection58] INFO  server.RaftServerConfigKeys (ConfUtils.java:logGet(43)) - raft.server.rpc.sleep.time = 25ms (default)
2019-10-02 07:38:40,252 [9154b18f-9664-4d7a-babb-ddc23dc25f76@group-966516687BD9-LeaderElection58] INFO  server.RaftServerConfigKeys (ConfUtils.java:logGet(43)) - raft.server.write.element-limit = 4096 (default)
2019-10-02 07:38:40,252 [9154b18f-9664-4d7a-babb-ddc23dc25f76@group-966516687BD9-LeaderElection58] INFO  server.RaftServerConfigKeys (ConfUtils.java:logGet(43)) - raft.server.watch.timeout = 10s (default)
2019-10-02 07:38:40,252 [9154b18f-9664-4d7a-babb-ddc23dc25f76@group-966516687BD9-LeaderElection58] INFO  server.RaftServerConfigKeys (ConfUtils.java:logGet(43)) - raft.server.watch.timeout.denomination = 1s (default)
2019-10-02 07:38:40,252 [9154b18f-9664-4d7a-babb-ddc23dc25f76@group-966516687BD9-LeaderElection58] INFO  server.RaftServerConfigKeys (ConfUtils.java:logGet(43)) - raft.server.watch.element-limit = 65536 (default)
2019-10-02 07:38:40,254 [9154b18f-9664-4d7a-babb-ddc23dc25f76@group-966516687BD9-LeaderElection58] INFO  impl.RoleInfo (RoleInfo.java:updateAndGet(143)) - 9154b18f-9664-4d7a-babb-ddc23dc25f76: start LeaderState
2019-10-02 07:38:40,254 [9154b18f-9664-4d7a-babb-ddc23dc25f76@group-966516687BD9-LeaderElection58] INFO  segmented.SegmentedRaftLogWorker (SegmentedRaftLogWorker.java:startLogSegment(385)) - 9154b18f-9664-4d7a-babb-ddc23dc25f76@group-966516687BD9-SegmentedRaftLogWorker: Starting segment from index:0
2019-10-02 07:38:40,254 [9154b18f-9664-4d7a-babb-ddc23dc25f76@group-966516687BD9-LeaderElection58] INFO  impl.RaftServerImpl (ServerState.java:setRaftConf(356)) - 9154b18f-9664-4d7a-babb-ddc23dc25f76@group-966516687BD9: set configuration 0: [9154b18f-9664-4d7a-babb-ddc23dc25f76:192.168.164.211:37310], old=null at 0
2019-10-02 07:38:40,264 [914ea15e-b21f-483c-8731-fcf6123bfdb8@group-B207C861E859-LeaderElection60] INFO  impl.LeaderElection (LeaderElection.java:askForVotes(178)) - 914ea15e-b21f-483c-8731-fcf6123bfdb8@group-B207C861E859-LeaderElection60: begin an election at term 1 for -1: [914ea15e-b21f-483c-8731-fcf6123bfdb8:192.168.164.211:34203], old=null
2019-10-02 07:38:40,264 [adfcda44-2223-4cc2-9e47-7cf42dcf5791@group-6D4952BC3E96-LeaderElection59] INFO  impl.LeaderElection (LeaderElection.java:askForVotes(178)) - adfcda44-2223-4cc2-9e47-7cf42dcf5791@group-6D4952BC3E96-LeaderElection59: begin an election at term 1 for -1: [9154b18f-9664-4d7a-babb-ddc23dc25f76:192.168.164.211:37310, adfcda44-2223-4cc2-9e47-7cf42dcf5791:192.168.164.211:40818, 914ea15e-b21f-483c-8731-fcf6123bfdb8:192.168.164.211:34203], old=null
2019-10-02 07:38:40,265 [914ea15e-b21f-483c-8731-fcf6123bfdb8@group-B207C861E859-LeaderElection60] INFO  impl.RoleInfo (RoleInfo.java:shutdownLeaderElection(134)) - 914ea15e-b21f-483c-8731-fcf6123bfdb8: shutdown LeaderElection
2019-10-02 07:38:40,265 [914ea15e-b21f-483c-8731-fcf6123bfdb8@group-B207C861E859-LeaderElection60] INFO  impl.RaftServerImpl (RaftServerImpl.java:setRole(170)) - 914ea15e-b21f-483c-8731-fcf6123bfdb8@group-B207C861E859: changes role from CANDIDATE to LEADER at term 1 for changeToLeader
2019-10-02 07:38:40,265 [914ea15e-b21f-483c-8731-fcf6123bfdb8@group-B207C861E859-LeaderElection60] INFO  impl.RaftServerImpl (ServerState.java:setLeader(255)) - 914ea15e-b21f-483c-8731-fcf6123bfdb8@group-B207C861E859: change Leader from null to 914ea15e-b21f-483c-8731-fcf6123bfdb8 at term 1 for becomeLeader, leader elected after 5161ms
2019-10-02 07:38:40,265 [914ea15e-b21f-483c-8731-fcf6123bfdb8@group-B207C861E859-LeaderElection60] INFO  server.RaftServerConfigKeys (ConfUtils.java:logGet(43)) - raft.server.staging.catchup.gap = 1000 (default)
2019-10-02 07:38:40,265 [914ea15e-b21f-483c-8731-fcf6123bfdb8@group-B207C861E859-LeaderElection60] INFO  server.RaftServerConfigKeys (ConfUtils.java:logGet(43)) - raft.server.rpc.sleep.time = 25ms (default)
2019-10-02 07:38:40,266 [914ea15e-b21f-483c-8731-fcf6123bfdb8@group-B207C861E859-LeaderElection60] INFO  server.RaftServerConfigKeys (ConfUtils.java:logGet(43)) - raft.server.write.element-limit = 4096 (default)
2019-10-02 07:38:40,266 [914ea15e-b21f-483c-8731-fcf6123bfdb8@group-B207C861E859-LeaderElection60] INFO  server.RaftServerConfigKeys (ConfUtils.java:logGet(43)) - raft.server.watch.timeout = 10s (default)
2019-10-02 07:38:40,266 [914ea15e-b21f-483c-8731-fcf6123bfdb8@group-B207C861E859-LeaderElection60] INFO  server.RaftServerConfigKeys (ConfUtils.java:logGet(43)) - raft.server.watch.timeout.denomination = 1s (default)
2019-10-02 07:38:40,266 [914ea15e-b21f-483c-8731-fcf6123bfdb8@group-B207C861E859-LeaderElection60] INFO  server.RaftServerConfigKeys (ConfUtils.java:logGet(43)) - raft.server.watch.element-limit = 65536 (default)
2019-10-02 07:38:40,268 [914ea15e-b21f-483c-8731-fcf6123bfdb8@group-B207C861E859-LeaderElection60] INFO  impl.RoleInfo (RoleInfo.java:updateAndGet(143)) - 914ea15e-b21f-483c-8731-fcf6123bfdb8: start LeaderState
2019-10-02 07:38:40,268 [914ea15e-b21f-483c-8731-fcf6123bfdb8@group-B207C861E859-LeaderElection60] INFO  segmented.SegmentedRaftLogWorker (SegmentedRaftLogWorker.java:startLogSegment(385)) - 914ea15e-b21f-483c-8731-fcf6123bfdb8@group-B207C861E859-SegmentedRaftLogWorker: Starting segment from index:0
2019-10-02 07:38:40,268 [Thread-2308] INFO  impl.FollowerState (FollowerState.java:run(108)) - 9154b18f-9664-4d7a-babb-ddc23dc25f76@group-6D4952BC3E96-FollowerState: change to CANDIDATE, lastRpcTime:5075ms, electionTimeout:5075ms
2019-10-02 07:38:40,285 [grpc-default-executor-4] INFO  impl.RaftServerImpl (RaftServerImpl.java:setRole(170)) - 914ea15e-b21f-483c-8731-fcf6123bfdb8@group-6D4952BC3E96: changes role from  FOLLOWER to FOLLOWER at term 1 for recognizeCandidate:adfcda44-2223-4cc2-9e47-7cf42dcf5791
2019-10-02 07:38:40,285 [914ea15e-b21f-483c-8731-fcf6123bfdb8@group-B207C861E859-LeaderElection60] INFO  impl.RaftServerImpl (ServerState.java:setRaftConf(356)) - 914ea15e-b21f-483c-8731-fcf6123bfdb8@group-B207C861E859: set configuration 0: [914ea15e-b21f-483c-8731-fcf6123bfdb8:192.168.164.211:34203], old=null at 0
2019-10-02 07:38:40,285 [Thread-2308] INFO  impl.RoleInfo (RoleInfo.java:shutdownFollowerState(121)) - 9154b18f-9664-4d7a-babb-ddc23dc25f76: shutdown FollowerState
2019-10-02 07:38:40,285 [grpc-default-executor-4] INFO  impl.RoleInfo (RoleInfo.java:shutdownFollowerState(121)) - 914ea15e-b21f-483c-8731-fcf6123bfdb8: shutdown FollowerState
2019-10-02 07:38:40,285 [Thread-2308] INFO  impl.RaftServerImpl (RaftServerImpl.java:setRole(170)) - 9154b18f-9664-4d7a-babb-ddc23dc25f76@group-6D4952BC3E96: changes role from  FOLLOWER to CANDIDATE at term 0 for changeToCandidate
2019-10-02 07:38:40,286 [grpc-default-executor-4] INFO  impl.RoleInfo (RoleInfo.java:updateAndGet(143)) - 914ea15e-b21f-483c-8731-fcf6123bfdb8: start FollowerState
2019-10-02 07:38:40,286 [Thread-2303] INFO  impl.FollowerState (FollowerState.java:run(117)) - 914ea15e-b21f-483c-8731-fcf6123bfdb8@group-6D4952BC3E96-FollowerState was interrupted: java.lang.InterruptedException: sleep interrupted
2019-10-02 07:38:40,286 [Thread-2308] INFO  impl.RoleInfo (RoleInfo.java:updateAndGet(143)) - 9154b18f-9664-4d7a-babb-ddc23dc25f76: start LeaderElection
2019-10-02 07:38:40,320 [9154b18f-9664-4d7a-babb-ddc23dc25f76@group-966516687BD9-SegmentedRaftLogWorker] INFO  segmented.SegmentedRaftLogWorker (SegmentedRaftLogWorker.java:execute(574)) - 9154b18f-9664-4d7a-babb-ddc23dc25f76@group-966516687BD9-SegmentedRaftLogWorker: created new log segment /workdir/hadoop-ozone/integration-test/target/test-dir/MiniOzoneClusterImpl-1724fcea-7144-4bb6-9f5f-f66b377195f9/datanode-1/data/ratis/55cf9310-564d-43da-a04c-966516687bd9/current/log_inprogress_0
2019-10-02 07:38:40,324 [grpc-default-executor-6] INFO  impl.RaftServerImpl (RaftServerImpl.java:setRole(170)) - 9154b18f-9664-4d7a-babb-ddc23dc25f76@group-6D4952BC3E96: changes role from CANDIDATE to FOLLOWER at term 1 for recognizeCandidate:adfcda44-2223-4cc2-9e47-7cf42dcf5791
2019-10-02 07:38:40,324 [grpc-default-executor-6] INFO  impl.RoleInfo (RoleInfo.java:shutdownLeaderElection(134)) - 9154b18f-9664-4d7a-babb-ddc23dc25f76: shutdown LeaderElection
2019-10-02 07:38:40,324 [grpc-default-executor-6] INFO  impl.RoleInfo (RoleInfo.java:updateAndGet(143)) - 9154b18f-9664-4d7a-babb-ddc23dc25f76: start FollowerState
2019-10-02 07:38:40,332 [914ea15e-b21f-483c-8731-fcf6123bfdb8@group-B207C861E859-SegmentedRaftLogWorker] INFO  segmented.SegmentedRaftLogWorker (SegmentedRaftLogWorker.java:execute(574)) - 914ea15e-b21f-483c-8731-fcf6123bfdb8@group-B207C861E859-SegmentedRaftLogWorker: created new log segment /workdir/hadoop-ozone/integration-test/target/test-dir/MiniOzoneClusterImpl-1724fcea-7144-4bb6-9f5f-f66b377195f9/datanode-2/data/ratis/faa4eb14-7c65-492f-991e-b207c861e859/current/log_inprogress_0
2019-10-02 07:38:40,333 [adfcda44-2223-4cc2-9e47-7cf42dcf5791@group-6D4952BC3E96-LeaderElection59] INFO  impl.LeaderElection (LeaderElection.java:logAndReturn(56)) - adfcda44-2223-4cc2-9e47-7cf42dcf5791@group-6D4952BC3E96-LeaderElection59: Election PASSED; received 2 response(s) [adfcda44-2223-4cc2-9e47-7cf42dcf5791<-9154b18f-9664-4d7a-babb-ddc23dc25f76#0:FAIL-t1, adfcda44-2223-4cc2-9e47-7cf42dcf5791<-914ea15e-b21f-483c-8731-fcf6123bfdb8#0:OK-t1] and 0 exception(s); adfcda44-2223-4cc2-9e47-7cf42dcf5791@group-6D4952BC3E96:t1, leader=null, voted=adfcda44-2223-4cc2-9e47-7cf42dcf5791, raftlog=adfcda44-2223-4cc2-9e47-7cf42dcf5791@group-6D4952BC3E96-SegmentedRaftLog:OPENED:c-1,f-1,i0, conf=-1: [9154b18f-9664-4d7a-babb-ddc23dc25f76:192.168.164.211:37310, adfcda44-2223-4cc2-9e47-7cf42dcf5791:192.168.164.211:40818, 914ea15e-b21f-483c-8731-fcf6123bfdb8:192.168.164.211:34203], old=null
2019-10-02 07:38:40,333 [adfcda44-2223-4cc2-9e47-7cf42dcf5791@group-6D4952BC3E96-LeaderElection59] INFO  impl.RoleInfo (RoleInfo.java:shutdownLeaderElection(134)) - adfcda44-2223-4cc2-9e47-7cf42dcf5791: shutdown LeaderElection
2019-10-02 07:38:40,334 [adfcda44-2223-4cc2-9e47-7cf42dcf5791@group-6D4952BC3E96-LeaderElection59] INFO  impl.RaftServerImpl (RaftServerImpl.java:setRole(170)) - adfcda44-2223-4cc2-9e47-7cf42dcf5791@group-6D4952BC3E96: changes role from CANDIDATE to LEADER at term 1 for changeToLeader
2019-10-02 07:38:40,334 [adfcda44-2223-4cc2-9e47-7cf42dcf5791@group-6D4952BC3E96-LeaderElection59] INFO  impl.RaftServerImpl (ServerState.java:setLeader(255)) - adfcda44-2223-4cc2-9e47-7cf42dcf5791@group-6D4952BC3E96: change Leader from null to adfcda44-2223-4cc2-9e47-7cf42dcf5791 at term 1 for becomeLeader, leader elected after 5151ms
2019-10-02 07:38:40,334 [adfcda44-2223-4cc2-9e47-7cf42dcf5791@group-6D4952BC3E96-LeaderElection59] INFO  server.RaftServerConfigKeys (ConfUtils.java:logGet(43)) - raft.server.staging.catchup.gap = 1000 (default)
2019-10-02 07:38:40,334 [adfcda44-2223-4cc2-9e47-7cf42dcf5791@group-6D4952BC3E96-LeaderElection59] INFO  server.RaftServerConfigKeys (ConfUtils.java:logGet(43)) - raft.server.rpc.sleep.time = 25ms (default)
2019-10-02 07:38:40,334 [adfcda44-2223-4cc2-9e47-7cf42dcf5791@group-6D4952BC3E96-LeaderElection59] INFO  server.RaftServerConfigKeys (ConfUtils.java:logGet(43)) - raft.server.write.element-limit = 4096 (default)
2019-10-02 07:38:40,334 [adfcda44-2223-4cc2-9e47-7cf42dcf5791@group-6D4952BC3E96-LeaderElection59] INFO  server.RaftServerConfigKeys (ConfUtils.java:logGet(43)) - raft.server.watch.timeout = 10s (default)
2019-10-02 07:38:40,334 [adfcda44-2223-4cc2-9e47-7cf42dcf5791@group-6D4952BC3E96-LeaderElection59] INFO  server.RaftServerConfigKeys (ConfUtils.java:logGet(43)) - raft.server.watch.timeout.denomination = 1s (default)
2019-10-02 07:38:40,334 [adfcda44-2223-4cc2-9e47-7cf42dcf5791@group-6D4952BC3E96-LeaderElection59] INFO  server.RaftServerConfigKeys (ConfUtils.java:logGet(43)) - raft.server.watch.element-limit = 65536 (default)
2019-10-02 07:38:40,335 [9154b18f-9664-4d7a-babb-ddc23dc25f76@group-6D4952BC3E96-LeaderElection61] INFO  impl.LeaderElection (LeaderElection.java:askForVotes(178)) - 9154b18f-9664-4d7a-babb-ddc23dc25f76@group-6D4952BC3E96-LeaderElection61: begin an election at term 2 for -1: [9154b18f-9664-4d7a-babb-ddc23dc25f76:192.168.164.211:37310, adfcda44-2223-4cc2-9e47-7cf42dcf5791:192.168.164.211:40818, 914ea15e-b21f-483c-8731-fcf6123bfdb8:192.168.164.211:34203], old=null
2019-10-02 07:38:40,336 [adfcda44-2223-4cc2-9e47-7cf42dcf5791@group-6D4952BC3E96-LeaderElection59] INFO  server.RaftServerConfigKeys (ConfUtils.java:logGet(43)) - raft.server.log.appender.snapshot.chunk.size.max = 16MB (=16777216) (default)
2019-10-02 07:38:40,336 [9154b18f-9664-4d7a-babb-ddc23dc25f76@group-6D4952BC3E96-LeaderElection61] INFO  impl.LeaderElection (LeaderElection.java:logAndReturn(56)) - 9154b18f-9664-4d7a-babb-ddc23dc25f76@group-6D4952BC3E96-LeaderElection61: Election REJECTED; received 0 response(s) [] and 0 exception(s); 9154b18f-9664-4d7a-babb-ddc23dc25f76@group-6D4952BC3E96:t2, leader=null, voted=9154b18f-9664-4d7a-babb-ddc23dc25f76, raftlog=9154b18f-9664-4d7a-babb-ddc23dc25f76@group-6D4952BC3E96-SegmentedRaftLog:OPENED:c-1,f-1,i0, conf=-1: [9154b18f-9664-4d7a-babb-ddc23dc25f76:192.168.164.211:37310, adfcda44-2223-4cc2-9e47-7cf42dcf5791:192.168.164.211:40818, 914ea15e-b21f-483c-8731-fcf6123bfdb8:192.168.164.211:34203], old=null
2019-10-02 07:38:40,336 [adfcda44-2223-4cc2-9e47-7cf42dcf5791@group-6D4952BC3E96-LeaderElection59] INFO  server.RaftServerConfigKeys (ConfUtils.java:logGet(43)) - raft.server.log.appender.buffer.byte-limit = 33554432 (custom)
2019-10-02 07:38:40,337 [adfcda44-2223-4cc2-9e47-7cf42dcf5791@group-6D4952BC3E96-LeaderElection59] INFO  server.RaftServerConfigKeys (ConfUtils.java:logGet(43)) - raft.server.log.appender.buffer.element-limit = 1 (custom)
2019-10-02 07:38:40,337 [adfcda44-2223-4cc2-9e47-7cf42dcf5791@group-6D4952BC3E96-LeaderElection59] INFO  grpc.GrpcConfigKeys$Server (ConfUtils.java:logGet(43)) - raft.grpc.server.leader.outstanding.appends.max = 128 (default)
2019-10-02 07:38:40,337 [adfcda44-2223-4cc2-9e47-7cf42dcf5791@group-6D4952BC3E96-LeaderElection59] INFO  server.RaftServerConfigKeys (ConfUtils.java:logGet(43)) - raft.server.rpc.request.timeout = 3000ms (default)
2019-10-02 07:38:40,337 [adfcda44-2223-4cc2-9e47-7cf42dcf5791@group-6D4952BC3E96-LeaderElection59] INFO  server.RaftServerConfigKeys (ConfUtils.java:logGet(43)) - raft.server.log.appender.install.snapshot.enabled = false (custom)
2019-10-02 07:38:40,338 [adfcda44-2223-4cc2-9e47-7cf42dcf5791@group-6D4952BC3E96-LeaderElection59] INFO  server.RaftServerConfigKeys (ConfUtils.java:logGet(43)) - raft.server.log.appender.snapshot.chunk.size.max = 16MB (=16777216) (default)
2019-10-02 07:38:40,338 [adfcda44-2223-4cc2-9e47-7cf42dcf5791@group-6D4952BC3E96-LeaderElection59] INFO  server.RaftServerConfigKeys (ConfUtils.java:logGet(43)) - raft.server.log.appender.buffer.byte-limit = 33554432 (custom)
2019-10-02 07:38:40,338 [adfcda44-2223-4cc2-9e47-7cf42dcf5791@group-6D4952BC3E96-LeaderElection59] INFO  server.RaftServerConfigKeys (ConfUtils.java:logGet(43)) - raft.server.log.appender.buffer.element-limit = 1 (custom)
2019-10-02 07:38:40,338 [adfcda44-2223-4cc2-9e47-7cf42dcf5791@group-6D4952BC3E96-LeaderElection59] INFO  grpc.GrpcConfigKeys$Server (ConfUtils.java:logGet(43)) - raft.grpc.server.leader.outstanding.appends.max = 128 (default)
2019-10-02 07:38:40,338 [adfcda44-2223-4cc2-9e47-7cf42dcf5791@group-6D4952BC3E96-LeaderElection59] INFO  server.RaftServerConfigKeys (ConfUtils.java:logGet(43)) - raft.server.rpc.request.timeout = 3000ms (default)
2019-10-02 07:38:40,338 [grpc-default-executor-4] INFO  impl.RaftServerImpl (RaftServerImpl.java:setRole(170)) - 914ea15e-b21f-483c-8731-fcf6123bfdb8@group-6D4952BC3E96: changes role from  FOLLOWER to FOLLOWER at term 2 for recognizeCandidate:9154b18f-9664-4d7a-babb-ddc23dc25f76
2019-10-02 07:38:40,338 [adfcda44-2223-4cc2-9e47-7cf42dcf5791@group-6D4952BC3E96-LeaderElection59] INFO  server.RaftServerConfigKeys (ConfUtils.java:logGet(43)) - raft.server.log.appender.install.snapshot.enabled = false (custom)
2019-10-02 07:38:40,338 [grpc-default-executor-4] INFO  impl.RoleInfo (RoleInfo.java:shutdownFollowerState(121)) - 914ea15e-b21f-483c-8731-fcf6123bfdb8: shutdown FollowerState
2019-10-02 07:38:40,339 [adfcda44-2223-4cc2-9e47-7cf42dcf5791@group-6D4952BC3E96-LeaderElection59] INFO  impl.RoleInfo (RoleInfo.java:updateAndGet(143)) - adfcda44-2223-4cc2-9e47-7cf42dcf5791: start LeaderState
2019-10-02 07:38:40,339 [grpc-default-executor-4] INFO  impl.RoleInfo (RoleInfo.java:updateAndGet(143)) - 914ea15e-b21f-483c-8731-fcf6123bfdb8: start FollowerState
2019-10-02 07:38:40,339 [adfcda44-2223-4cc2-9e47-7cf42dcf5791@group-6D4952BC3E96-LeaderElection59] INFO  segmented.SegmentedRaftLogWorker (SegmentedRaftLogWorker.java:startLogSegment(385)) - adfcda44-2223-4cc2-9e47-7cf42dcf5791@group-6D4952BC3E96-SegmentedRaftLogWorker: Starting segment from index:0
2019-10-02 07:38:40,339 [Thread-2357] INFO  impl.FollowerState (FollowerState.java:run(117)) - 914ea15e-b21f-483c-8731-fcf6123bfdb8@group-6D4952BC3E96-FollowerState was interrupted: java.lang.InterruptedException: sleep interrupted
2019-10-02 07:38:40,368 [adfcda44-2223-4cc2-9e47-7cf42dcf5791@group-6D4952BC3E96-LeaderElection59] INFO  impl.RaftServerImpl (ServerState.java:setRaftConf(356)) - adfcda44-2223-4cc2-9e47-7cf42dcf5791@group-6D4952BC3E96: set configuration 0: [9154b18f-9664-4d7a-babb-ddc23dc25f76:192.168.164.211:37310, adfcda44-2223-4cc2-9e47-7cf42dcf5791:192.168.164.211:40818, 914ea15e-b21f-483c-8731-fcf6123bfdb8:192.168.164.211:34203], old=null at 0
2019-10-02 07:38:40,368 [grpc-default-executor-6] INFO  impl.RaftServerImpl (ServerState.java:setLeader(255)) - adfcda44-2223-4cc2-9e47-7cf42dcf5791@group-6D4952BC3E96: change Leader from adfcda44-2223-4cc2-9e47-7cf42dcf5791 to null at term 2 for updateCurrentTerm
2019-10-02 07:38:40,368 [grpc-default-executor-6] INFO  impl.RaftServerImpl (RaftServerImpl.java:setRole(170)) - adfcda44-2223-4cc2-9e47-7cf42dcf5791@group-6D4952BC3E96: changes role from    LEADER to FOLLOWER at term 2 for recognizeCandidate:9154b18f-9664-4d7a-babb-ddc23dc25f76
2019-10-02 07:38:40,368 [grpc-default-executor-6] INFO  impl.RoleInfo (RoleInfo.java:shutdownLeaderState(104)) - adfcda44-2223-4cc2-9e47-7cf42dcf5791: shutdown LeaderState
2019-10-02 07:38:40,398 [grpc-default-executor-6] INFO  impl.PendingRequests (PendingRequests.java:sendNotLeaderResponses(202)) - adfcda44-2223-4cc2-9e47-7cf42dcf5791@group-6D4952BC3E96-PendingRequests: sendNotLeaderResponses
2019-10-02 07:38:40,399 [org.apache.ratis.server.impl.LogAppender$AppenderDaemon$$Lambda$543/1857226536@38f4b934] WARN  server.GrpcLogAppender (GrpcLogAppender.java:mayWait(143)) - adfcda44-2223-4cc2-9e47-7cf42dcf5791@group-6D4952BC3E96->9154b18f-9664-4d7a-babb-ddc23dc25f76-GrpcLogAppender: Wait interrupted by java.lang.InterruptedException
2019-10-02 07:38:40,399 [Thread-2312] INFO  impl.FollowerState (FollowerState.java:run(108)) - b2d669d9-7125-4fe0-a26b-3e87ec6b20dd@group-350A281EE96D-FollowerState: change to CANDIDATE, lastRpcTime:5096ms, electionTimeout:5080ms
2019-10-02 07:38:40,399 [org.apache.ratis.server.impl.LogAppender$AppenderDaemon$$Lambda$543/1857226536@3de38f17] WARN  server.GrpcLogAppender (GrpcLogAppender.java:mayWait(143)) - adfcda44-2223-4cc2-9e47-7cf42dcf5791@group-6D4952BC3E96->914ea15e-b21f-483c-8731-fcf6123bfdb8-GrpcLogAppender: Wait interrupted by java.lang.InterruptedException
2019-10-02 07:38:40,399 [adfcda44-2223-4cc2-9e47-7cf42dcf5791@group-6D4952BC3E96-SegmentedRaftLogWorker] INFO  segmented.SegmentedRaftLogWorker (SegmentedRaftLogWorker.java:execute(574)) - adfcda44-2223-4cc2-9e47-7cf42dcf5791@group-6D4952BC3E96-SegmentedRaftLogWorker: created new log segment /workdir/hadoop-ozone/integration-test/target/test-dir/MiniOzoneClusterImpl-1724fcea-7144-4bb6-9f5f-f66b377195f9/datanode-0/data/ratis/794b076b-f068-4147-852e-6d4952bc3e96/current/log_inprogress_0
2019-10-02 07:38:40,399 [grpc-default-executor-6] INFO  impl.RoleInfo (RoleInfo.java:updateAndGet(143)) - adfcda44-2223-4cc2-9e47-7cf42dcf5791: start FollowerState
2019-10-02 07:38:40,399 [Thread-2312] INFO  impl.RoleInfo (RoleInfo.java:shutdownFollowerState(121)) - b2d669d9-7125-4fe0-a26b-3e87ec6b20dd: shutdown FollowerState
2019-10-02 07:38:40,400 [Thread-2312] INFO  impl.RaftServerImpl (RaftServerImpl.java:setRole(170)) - b2d669d9-7125-4fe0-a26b-3e87ec6b20dd@group-350A281EE96D: changes role from  FOLLOWER to CANDIDATE at term 0 for changeToCandidate
2019-10-02 07:38:40,400 [grpc-default-executor-1] INFO  server.GrpcServerProtocolService (GrpcServerProtocolService.java:onCompleted(113)) - 9154b18f-9664-4d7a-babb-ddc23dc25f76: Completed APPEND_ENTRIES, lastRequest: adfcda44-2223-4cc2-9e47-7cf42dcf5791->9154b18f-9664-4d7a-babb-ddc23dc25f76#0-t1, previous=(t:0, i:0), leaderCommit=-1, initializing? false, entries: <empty>
2019-10-02 07:38:40,400 [grpc-default-executor-4] INFO  server.GrpcServerProtocolService (GrpcServerProtocolService.java:onCompleted(113)) - 914ea15e-b21f-483c-8731-fcf6123bfdb8: Completed APPEND_ENTRIES, lastRequest: adfcda44-2223-4cc2-9e47-7cf42dcf5791->914ea15e-b21f-483c-8731-fcf6123bfdb8#0-t1, previous=(t:0, i:0), leaderCommit=-1, initializing? false, entries: <empty>
2019-10-02 07:38:40,400 [Thread-2312] INFO  impl.RoleInfo (RoleInfo.java:updateAndGet(143)) - b2d669d9-7125-4fe0-a26b-3e87ec6b20dd: start LeaderElection
2019-10-02 07:38:40,414 [b2d669d9-7125-4fe0-a26b-3e87ec6b20dd@group-350A281EE96D-LeaderElection62] INFO  impl.LeaderElection (LeaderElection.java:askForVotes(178)) - b2d669d9-7125-4fe0-a26b-3e87ec6b20dd@group-350A281EE96D-LeaderElection62: begin an election at term 1 for -1: [b2d669d9-7125-4fe0-a26b-3e87ec6b20dd:192.168.164.211:44797], old=null
2019-10-02 07:38:40,414 [grpc-default-executor-5] INFO  server.GrpcLogAppender (GrpcLogAppender.java:onCompleted(293)) - adfcda44-2223-4cc2-9e47-7cf42dcf5791@group-6D4952BC3E96->9154b18f-9664-4d7a-babb-ddc23dc25f76-AppendLogResponseHandler: follower responses appendEntries COMPLETED
2019-10-02 07:38:40,414 [b2d669d9-7125-4fe0-a26b-3e87ec6b20dd@group-350A281EE96D-LeaderElection62] INFO  impl.RoleInfo (RoleInfo.java:shutdownLeaderElection(134)) - b2d669d9-7125-4fe0-a26b-3e87ec6b20dd: shutdown LeaderElection
2019-10-02 07:38:40,414 [grpc-default-executor-3] INFO  server.GrpcLogAppender (GrpcLogAppender.java:onCompleted(293)) - adfcda44-2223-4cc2-9e47-7cf42dcf5791@group-6D4952BC3E96->914ea15e-b21f-483c-8731-fcf6123bfdb8-AppendLogResponseHandler: follower responses appendEntries COMPLETED
2019-10-02 07:38:40,414 [b2d669d9-7125-4fe0-a26b-3e87ec6b20dd@group-350A281EE96D-LeaderElection62] INFO  impl.RaftServerImpl (RaftServerImpl.java:setRole(170)) - b2d669d9-7125-4fe0-a26b-3e87ec6b20dd@group-350A281EE96D: changes role from CANDIDATE to LEADER at term 1 for changeToLeader
2019-10-02 07:38:40,414 [b2d669d9-7125-4fe0-a26b-3e87ec6b20dd@group-350A281EE96D-LeaderElection62] INFO  impl.RaftServerImpl (ServerState.java:setLeader(255)) - b2d669d9-7125-4fe0-a26b-3e87ec6b20dd@group-350A281EE96D: change Leader from null to b2d669d9-7125-4fe0-a26b-3e87ec6b20dd at term 1 for becomeLeader, leader elected after 5120ms
2019-10-02 07:38:40,414 [grpc-default-executor-5] INFO  impl.FollowerInfo (FollowerInfo.java:lambda$new$0(51)) - adfcda44-2223-4cc2-9e47-7cf42dcf5791@group-6D4952BC3E96->9154b18f-9664-4d7a-babb-ddc23dc25f76: nextIndex: updateUnconditionally 0 -> 0
2019-10-02 07:38:40,415 [b2d669d9-7125-4fe0-a26b-3e87ec6b20dd@group-350A281EE96D-LeaderElection62] INFO  server.RaftServerConfigKeys (ConfUtils.java:logGet(43)) - raft.server.staging.catchup.gap = 1000 (default)
2019-10-02 07:38:40,415 [grpc-default-executor-3] INFO  impl.FollowerInfo (FollowerInfo.java:lambda$new$0(51)) - adfcda44-2223-4cc2-9e47-7cf42dcf5791@group-6D4952BC3E96->914ea15e-b21f-483c-8731-fcf6123bfdb8: nextIndex: updateUnconditionally 0 -> 0
2019-10-02 07:38:40,415 [b2d669d9-7125-4fe0-a26b-3e87ec6b20dd@group-350A281EE96D-LeaderElection62] INFO  server.RaftServerConfigKeys (ConfUtils.java:logGet(43)) - raft.server.rpc.sleep.time = 25ms (default)
2019-10-02 07:38:40,415 [b2d669d9-7125-4fe0-a26b-3e87ec6b20dd@group-350A281EE96D-LeaderElection62] INFO  server.RaftServerConfigKeys (ConfUtils.java:logGet(43)) - raft.server.write.element-limit = 4096 (default)
2019-10-02 07:38:40,416 [b2d669d9-7125-4fe0-a26b-3e87ec6b20dd@group-350A281EE96D-LeaderElection62] INFO  server.RaftServerConfigKeys (ConfUtils.java:logGet(43)) - raft.server.watch.timeout = 10s (default)
2019-10-02 07:38:40,416 [b2d669d9-7125-4fe0-a26b-3e87ec6b20dd@group-350A281EE96D-LeaderElection62] INFO  server.RaftServerConfigKeys (ConfUtils.java:logGet(43)) - raft.server.watch.timeout.denomination = 1s (default)
2019-10-02 07:38:40,416 [b2d669d9-7125-4fe0-a26b-3e87ec6b20dd@group-350A281EE96D-LeaderElection62] INFO  server.RaftServerConfigKeys (ConfUtils.java:logGet(43)) - raft.server.watch.element-limit = 65536 (default)
2019-10-02 07:38:40,418 [b2d669d9-7125-4fe0-a26b-3e87ec6b20dd@group-350A281EE96D-LeaderElection62] INFO  impl.RoleInfo (RoleInfo.java:updateAndGet(143)) - b2d669d9-7125-4fe0-a26b-3e87ec6b20dd: start LeaderState
2019-10-02 07:38:40,418 [b2d669d9-7125-4fe0-a26b-3e87ec6b20dd@group-350A281EE96D-LeaderElection62] INFO  segmented.SegmentedRaftLogWorker (SegmentedRaftLogWorker.java:startLogSegment(385)) - b2d669d9-7125-4fe0-a26b-3e87ec6b20dd@group-350A281EE96D-SegmentedRaftLogWorker: Starting segment from index:0
2019-10-02 07:38:40,419 [b2d669d9-7125-4fe0-a26b-3e87ec6b20dd@group-350A281EE96D-LeaderElection62] INFO  impl.RaftServerImpl (ServerState.java:setRaftConf(356)) - b2d669d9-7125-4fe0-a26b-3e87ec6b20dd@group-350A281EE96D: set configuration 0: [b2d669d9-7125-4fe0-a26b-3e87ec6b20dd:192.168.164.211:44797], old=null at 0
2019-10-02 07:38:40,453 [b2d669d9-7125-4fe0-a26b-3e87ec6b20dd@group-350A281EE96D-SegmentedRaftLogWorker] INFO  segmented.SegmentedRaftLogWorker (SegmentedRaftLogWorker.java:execute(574)) - b2d669d9-7125-4fe0-a26b-3e87ec6b20dd@group-350A281EE96D-SegmentedRaftLogWorker: created new log segment /workdir/hadoop-ozone/integration-test/target/test-dir/MiniOzoneClusterImpl-1724fcea-7144-4bb6-9f5f-f66b377195f9/datanode-4/data/ratis/f0747bac-f78a-468c-bf17-350a281ee96d/current/log_inprogress_0
2019-10-02 07:38:40,534 [Thread-2321] INFO  impl.FollowerState (FollowerState.java:run(108)) - b2d669d9-7125-4fe0-a26b-3e87ec6b20dd@group-331204508984-FollowerState: change to CANDIDATE, lastRpcTime:5070ms, electionTimeout:5070ms
2019-10-02 07:38:40,535 [Thread-2321] INFO  impl.RoleInfo (RoleInfo.java:shutdownFollowerState(121)) - b2d669d9-7125-4fe0-a26b-3e87ec6b20dd: shutdown FollowerState
2019-10-02 07:38:40,535 [Thread-2321] INFO  impl.RaftServerImpl (RaftServerImpl.java:setRole(170)) - b2d669d9-7125-4fe0-a26b-3e87ec6b20dd@group-331204508984: changes role from  FOLLOWER to CANDIDATE at term 0 for changeToCandidate
2019-10-02 07:38:40,535 [Thread-2321] INFO  impl.RoleInfo (RoleInfo.java:updateAndGet(143)) - b2d669d9-7125-4fe0-a26b-3e87ec6b20dd: start LeaderElection
2019-10-02 07:38:40,549 [Thread-2315] INFO  impl.FollowerState (FollowerState.java:run(108)) - 28d6f51f-fad1-4f89-914b-dd0a91870612@group-B2FC84E509CE-FollowerState: change to CANDIDATE, lastRpcTime:5197ms, electionTimeout:5191ms
2019-10-02 07:38:40,549 [Thread-2315] INFO  impl.RoleInfo (RoleInfo.java:shutdownFollowerState(121)) - 28d6f51f-fad1-4f89-914b-dd0a91870612: shutdown FollowerState
2019-10-02 07:38:40,549 [Thread-2315] INFO  impl.RaftServerImpl (RaftServerImpl.java:setRole(170)) - 28d6f51f-fad1-4f89-914b-dd0a91870612@group-B2FC84E509CE: changes role from  FOLLOWER to CANDIDATE at term 0 for changeToCandidate
2019-10-02 07:38:40,549 [Thread-2315] INFO  impl.RoleInfo (RoleInfo.java:updateAndGet(143)) - 28d6f51f-fad1-4f89-914b-dd0a91870612: start LeaderElection
2019-10-02 07:38:40,561 [Thread-2318] INFO  impl.FollowerState (FollowerState.java:run(108)) - 2c9d0bdd-0fab-4de9-87b6-8e159cf3a1e3@group-66FED3C194F9-FollowerState: change to CANDIDATE, lastRpcTime:5161ms, electionTimeout:5161ms
2019-10-02 07:38:40,561 [Thread-2318] INFO  impl.RoleInfo (RoleInfo.java:shutdownFollowerState(121)) - 2c9d0bdd-0fab-4de9-87b6-8e159cf3a1e3: shutdown FollowerState
2019-10-02 07:38:40,561 [Thread-2318] INFO  impl.RaftServerImpl (RaftServerImpl.java:setRole(170)) - 2c9d0bdd-0fab-4de9-87b6-8e159cf3a1e3@group-66FED3C194F9: changes role from  FOLLOWER to CANDIDATE at term 0 for changeToCandidate
2019-10-02 07:38:40,561 [Thread-2318] INFO  impl.RoleInfo (RoleInfo.java:updateAndGet(143)) - 2c9d0bdd-0fab-4de9-87b6-8e159cf3a1e3: start LeaderElection
2019-10-02 07:38:40,574 [28d6f51f-fad1-4f89-914b-dd0a91870612@group-B2FC84E509CE-LeaderElection64] INFO  impl.LeaderElection (LeaderElection.java:askForVotes(178)) - 28d6f51f-fad1-4f89-914b-dd0a91870612@group-B2FC84E509CE-LeaderElection64: begin an election at term 1 for -1: [28d6f51f-fad1-4f89-914b-dd0a91870612:192.168.164.211:39252], old=null
2019-10-02 07:38:40,574 [b2d669d9-7125-4fe0-a26b-3e87ec6b20dd@group-331204508984-LeaderElection63] INFO  impl.LeaderElection (LeaderElection.java:askForVotes(178)) - b2d669d9-7125-4fe0-a26b-3e87ec6b20dd@group-331204508984-LeaderElection63: begin an election at term 1 for -1: [28d6f51f-fad1-4f89-914b-dd0a91870612:192.168.164.211:39252, b2d669d9-7125-4fe0-a26b-3e87ec6b20dd:192.168.164.211:44797, 2c9d0bdd-0fab-4de9-87b6-8e159cf3a1e3:192.168.164.211:42326], old=null
2019-10-02 07:38:40,574 [28d6f51f-fad1-4f89-914b-dd0a91870612@group-B2FC84E509CE-LeaderElection64] INFO  impl.RoleInfo (RoleInfo.java:shutdownLeaderElection(134)) - 28d6f51f-fad1-4f89-914b-dd0a91870612: shutdown LeaderElection
2019-10-02 07:38:40,574 [28d6f51f-fad1-4f89-914b-dd0a91870612@group-B2FC84E509CE-LeaderElection64] INFO  impl.RaftServerImpl (RaftServerImpl.java:setRole(170)) - 28d6f51f-fad1-4f89-914b-dd0a91870612@group-B2FC84E509CE: changes role from CANDIDATE to LEADER at term 1 for changeToLeader
2019-10-02 07:38:40,574 [28d6f51f-fad1-4f89-914b-dd0a91870612@group-B2FC84E509CE-LeaderElection64] INFO  impl.RaftServerImpl (ServerState.java:setLeader(255)) - 28d6f51f-fad1-4f89-914b-dd0a91870612@group-B2FC84E509CE: change Leader from null to 28d6f51f-fad1-4f89-914b-dd0a91870612 at term 1 for becomeLeader, leader elected after 5228ms
2019-10-02 07:38:40,574 [28d6f51f-fad1-4f89-914b-dd0a91870612@group-B2FC84E509CE-LeaderElection64] INFO  server.RaftServerConfigKeys (ConfUtils.java:logGet(43)) - raft.server.staging.catchup.gap = 1000 (default)
2019-10-02 07:38:40,574 [28d6f51f-fad1-4f89-914b-dd0a91870612@group-B2FC84E509CE-LeaderElection64] INFO  server.RaftServerConfigKeys (ConfUtils.java:logGet(43)) - raft.server.rpc.sleep.time = 25ms (default)
2019-10-02 07:38:40,574 [28d6f51f-fad1-4f89-914b-dd0a91870612@group-B2FC84E509CE-LeaderElection64] INFO  server.RaftServerConfigKeys (ConfUtils.java:logGet(43)) - raft.server.write.element-limit = 4096 (default)
2019-10-02 07:38:40,574 [28d6f51f-fad1-4f89-914b-dd0a91870612@group-B2FC84E509CE-LeaderElection64] INFO  server.RaftServerConfigKeys (ConfUtils.java:logGet(43)) - raft.server.watch.timeout = 10s (default)
2019-10-02 07:38:40,575 [28d6f51f-fad1-4f89-914b-dd0a91870612@group-B2FC84E509CE-LeaderElection64] INFO  server.RaftServerConfigKeys (ConfUtils.java:logGet(43)) - raft.server.watch.timeout.denomination = 1s (default)
2019-10-02 07:38:40,575 [28d6f51f-fad1-4f89-914b-dd0a91870612@group-B2FC84E509CE-LeaderElection64] INFO  server.RaftServerConfigKeys (ConfUtils.java:logGet(43)) - raft.server.watch.element-limit = 65536 (default)
2019-10-02 07:38:40,576 [28d6f51f-fad1-4f89-914b-dd0a91870612@group-B2FC84E509CE-LeaderElection64] INFO  impl.RoleInfo (RoleInfo.java:updateAndGet(143)) - 28d6f51f-fad1-4f89-914b-dd0a91870612: start LeaderState
2019-10-02 07:38:40,576 [28d6f51f-fad1-4f89-914b-dd0a91870612@group-B2FC84E509CE-LeaderElection64] INFO  segmented.SegmentedRaftLogWorker (SegmentedRaftLogWorker.java:startLogSegment(385)) - 28d6f51f-fad1-4f89-914b-dd0a91870612@group-B2FC84E509CE-SegmentedRaftLogWorker: Starting segment from index:0
2019-10-02 07:38:40,576 [28d6f51f-fad1-4f89-914b-dd0a91870612@group-B2FC84E509CE-LeaderElection64] INFO  impl.RaftServerImpl (ServerState.java:setRaftConf(356)) - 28d6f51f-fad1-4f89-914b-dd0a91870612@group-B2FC84E509CE: set configuration 0: [28d6f51f-fad1-4f89-914b-dd0a91870612:192.168.164.211:39252], old=null at 0
2019-10-02 07:38:40,600 [grpc-default-executor-3] INFO  impl.RaftServerImpl (RaftServerImpl.java:setRole(170)) - 28d6f51f-fad1-4f89-914b-dd0a91870612@group-331204508984: changes role from  FOLLOWER to FOLLOWER at term 1 for recognizeCandidate:b2d669d9-7125-4fe0-a26b-3e87ec6b20dd
2019-10-02 07:38:40,601 [grpc-default-executor-3] INFO  impl.RoleInfo (RoleInfo.java:shutdownFollowerState(121)) - 28d6f51f-fad1-4f89-914b-dd0a91870612: shutdown FollowerState
2019-10-02 07:38:40,604 [2c9d0bdd-0fab-4de9-87b6-8e159cf3a1e3@group-66FED3C194F9-LeaderElection65] INFO  impl.LeaderElection (LeaderElection.java:askForVotes(178)) - 2c9d0bdd-0fab-4de9-87b6-8e159cf3a1e3@group-66FED3C194F9-LeaderElection65: begin an election at term 1 for -1: [2c9d0bdd-0fab-4de9-87b6-8e159cf3a1e3:192.168.164.211:42326], old=null
2019-10-02 07:38:40,604 [grpc-default-executor-3] INFO  impl.RoleInfo (RoleInfo.java:updateAndGet(143)) - 28d6f51f-fad1-4f89-914b-dd0a91870612: start FollowerState
2019-10-02 07:38:40,604 [2c9d0bdd-0fab-4de9-87b6-8e159cf3a1e3@group-66FED3C194F9-LeaderElection65] INFO  impl.RoleInfo (RoleInfo.java:shutdownLeaderElection(134)) - 2c9d0bdd-0fab-4de9-87b6-8e159cf3a1e3: shutdown LeaderElection
2019-10-02 07:38:40,604 [2c9d0bdd-0fab-4de9-87b6-8e159cf3a1e3@group-66FED3C194F9-LeaderElection65] INFO  impl.RaftServerImpl (RaftServerImpl.java:setRole(170)) - 2c9d0bdd-0fab-4de9-87b6-8e159cf3a1e3@group-66FED3C194F9: changes role from CANDIDATE to LEADER at term 1 for changeToLeader
2019-10-02 07:38:40,607 [28d6f51f-fad1-4f89-914b-dd0a91870612@group-B2FC84E509CE-SegmentedRaftLogWorker] INFO  segmented.SegmentedRaftLogWorker (SegmentedRaftLogWorker.java:execute(574)) - 28d6f51f-fad1-4f89-914b-dd0a91870612@group-B2FC84E509CE-SegmentedRaftLogWorker: created new log segment /workdir/hadoop-ozone/integration-test/target/test-dir/MiniOzoneClusterImpl-1724fcea-7144-4bb6-9f5f-f66b377195f9/datanode-3/data/ratis/43ef962e-4731-4b96-bb4b-b2fc84e509ce/current/log_inprogress_0
2019-10-02 07:38:40,607 [grpc-default-executor-5] INFO  impl.RaftServerImpl (RaftServerImpl.java:setRole(170)) - 2c9d0bdd-0fab-4de9-87b6-8e159cf3a1e3@group-331204508984: changes role from  FOLLOWER to FOLLOWER at term 1 for recognizeCandidate:b2d669d9-7125-4fe0-a26b-3e87ec6b20dd
2019-10-02 07:38:40,607 [2c9d0bdd-0fab-4de9-87b6-8e159cf3a1e3@group-66FED3C194F9-LeaderElection65] INFO  impl.RaftServerImpl (ServerState.java:setLeader(255)) - 2c9d0bdd-0fab-4de9-87b6-8e159cf3a1e3@group-66FED3C194F9: change Leader from null to 2c9d0bdd-0fab-4de9-87b6-8e159cf3a1e3 at term 1 for becomeLeader, leader elected after 5213ms
2019-10-02 07:38:40,607 [grpc-default-executor-5] INFO  impl.RoleInfo (RoleInfo.java:shutdownFollowerState(121)) - 2c9d0bdd-0fab-4de9-87b6-8e159cf3a1e3: shutdown FollowerState
2019-10-02 07:38:40,611 [2c9d0bdd-0fab-4de9-87b6-8e159cf3a1e3@group-66FED3C194F9-LeaderElection65] INFO  server.RaftServerConfigKeys (ConfUtils.java:logGet(43)) - raft.server.staging.catchup.gap = 1000 (default)
2019-10-02 07:38:40,611 [grpc-default-executor-5] INFO  impl.RoleInfo (RoleInfo.java:updateAndGet(143)) - 2c9d0bdd-0fab-4de9-87b6-8e159cf3a1e3: start FollowerState
2019-10-02 07:38:40,612 [2c9d0bdd-0fab-4de9-87b6-8e159cf3a1e3@group-66FED3C194F9-LeaderElection65] INFO  server.RaftServerConfigKeys (ConfUtils.java:logGet(43)) - raft.server.rpc.sleep.time = 25ms (default)
2019-10-02 07:38:40,612 [Thread-2326] INFO  impl.FollowerState (FollowerState.java:run(117)) - 2c9d0bdd-0fab-4de9-87b6-8e159cf3a1e3@group-331204508984-FollowerState was interrupted: java.lang.InterruptedException: sleep interrupted
2019-10-02 07:38:40,614 [2c9d0bdd-0fab-4de9-87b6-8e159cf3a1e3@group-66FED3C194F9-LeaderElection65] INFO  server.RaftServerConfigKeys (ConfUtils.java:logGet(43)) - raft.server.write.element-limit = 4096 (default)
2019-10-02 07:38:40,620 [2c9d0bdd-0fab-4de9-87b6-8e159cf3a1e3@group-66FED3C194F9-LeaderElection65] INFO  server.RaftServerConfigKeys (ConfUtils.java:logGet(43)) - raft.server.watch.timeout = 10s (default)
2019-10-02 07:38:40,620 [2c9d0bdd-0fab-4de9-87b6-8e159cf3a1e3@group-66FED3C194F9-LeaderElection65] INFO  server.RaftServerConfigKeys (ConfUtils.java:logGet(43)) - raft.server.watch.timeout.denomination = 1s (default)
2019-10-02 07:38:40,621 [2c9d0bdd-0fab-4de9-87b6-8e159cf3a1e3@group-66FED3C194F9-LeaderElection65] INFO  server.RaftServerConfigKeys (ConfUtils.java:logGet(43)) - raft.server.watch.element-limit = 65536 (default)
2019-10-02 07:38:40,621 [b2d669d9-7125-4fe0-a26b-3e87ec6b20dd@group-331204508984-LeaderElection63] INFO  impl.LeaderElection (LeaderElection.java:logAndReturn(56)) - b2d669d9-7125-4fe0-a26b-3e87ec6b20dd@group-331204508984-LeaderElection63: Election PASSED; received 1 response(s) [b2d669d9-7125-4fe0-a26b-3e87ec6b20dd<-28d6f51f-fad1-4f89-914b-dd0a91870612#0:OK-t1] and 0 exception(s); b2d669d9-7125-4fe0-a26b-3e87ec6b20dd@group-331204508984:t1, leader=null, voted=b2d669d9-7125-4fe0-a26b-3e87ec6b20dd, raftlog=b2d669d9-7125-4fe0-a26b-3e87ec6b20dd@group-331204508984-SegmentedRaftLog:OPENED:c-1,f-1,i0, conf=-1: [28d6f51f-fad1-4f89-914b-dd0a91870612:192.168.164.211:39252, b2d669d9-7125-4fe0-a26b-3e87ec6b20dd:192.168.164.211:44797, 2c9d0bdd-0fab-4de9-87b6-8e159cf3a1e3:192.168.164.211:42326], old=null
2019-10-02 07:38:40,621 [b2d669d9-7125-4fe0-a26b-3e87ec6b20dd@group-331204508984-LeaderElection63] INFO  impl.RoleInfo (RoleInfo.java:shutdownLeaderElection(134)) - b2d669d9-7125-4fe0-a26b-3e87ec6b20dd: shutdown LeaderElection
2019-10-02 07:38:40,621 [b2d669d9-7125-4fe0-a26b-3e87ec6b20dd@group-331204508984-LeaderElection63] INFO  impl.RaftServerImpl (RaftServerImpl.java:setRole(170)) - b2d669d9-7125-4fe0-a26b-3e87ec6b20dd@group-331204508984: changes role from CANDIDATE to LEADER at term 1 for changeToLeader
2019-10-02 07:38:40,621 [b2d669d9-7125-4fe0-a26b-3e87ec6b20dd@group-331204508984-LeaderElection63] INFO  impl.RaftServerImpl (ServerState.java:setLeader(255)) - b2d669d9-7125-4fe0-a26b-3e87ec6b20dd@group-331204508984: change Leader from null to b2d669d9-7125-4fe0-a26b-3e87ec6b20dd at term 1 for becomeLeader, leader elected after 5163ms
2019-10-02 07:38:40,622 [b2d669d9-7125-4fe0-a26b-3e87ec6b20dd@group-331204508984-LeaderElection63] INFO  server.RaftServerConfigKeys (ConfUtils.java:logGet(43)) - raft.server.staging.catchup.gap = 1000 (default)
2019-10-02 07:38:40,622 [b2d669d9-7125-4fe0-a26b-3e87ec6b20dd@group-331204508984-LeaderElection63] INFO  server.RaftServerConfigKeys (ConfUtils.java:logGet(43)) - raft.server.rpc.sleep.time = 25ms (default)
2019-10-02 07:38:40,622 [b2d669d9-7125-4fe0-a26b-3e87ec6b20dd@group-331204508984-LeaderElection63] INFO  server.RaftServerConfigKeys (ConfUtils.java:logGet(43)) - raft.server.write.element-limit = 4096 (default)
2019-10-02 07:38:40,622 [b2d669d9-7125-4fe0-a26b-3e87ec6b20dd@group-331204508984-LeaderElection63] INFO  server.RaftServerConfigKeys (ConfUtils.java:logGet(43)) - raft.server.watch.timeout = 10s (default)
2019-10-02 07:38:40,623 [2c9d0bdd-0fab-4de9-87b6-8e159cf3a1e3@group-66FED3C194F9-LeaderElection65] INFO  impl.RoleInfo (RoleInfo.java:updateAndGet(143)) - 2c9d0bdd-0fab-4de9-87b6-8e159cf3a1e3: start LeaderState
2019-10-02 07:38:40,623 [b2d669d9-7125-4fe0-a26b-3e87ec6b20dd@group-331204508984-LeaderElection63] INFO  server.RaftServerConfigKeys (ConfUtils.java:logGet(43)) - raft.server.watch.timeout.denomination = 1s (default)
2019-10-02 07:38:40,623 [2c9d0bdd-0fab-4de9-87b6-8e159cf3a1e3@group-66FED3C194F9-LeaderElection65] INFO  segmented.SegmentedRaftLogWorker (SegmentedRaftLogWorker.java:startLogSegment(385)) - 2c9d0bdd-0fab-4de9-87b6-8e159cf3a1e3@group-66FED3C194F9-SegmentedRaftLogWorker: Starting segment from index:0
2019-10-02 07:38:40,623 [b2d669d9-7125-4fe0-a26b-3e87ec6b20dd@group-331204508984-LeaderElection63] INFO  server.RaftServerConfigKeys (ConfUtils.java:logGet(43)) - raft.server.watch.element-limit = 65536 (default)
2019-10-02 07:38:40,623 [2c9d0bdd-0fab-4de9-87b6-8e159cf3a1e3@group-66FED3C194F9-LeaderElection65] INFO  impl.RaftServerImpl (ServerState.java:setRaftConf(356)) - 2c9d0bdd-0fab-4de9-87b6-8e159cf3a1e3@group-66FED3C194F9: set configuration 0: [2c9d0bdd-0fab-4de9-87b6-8e159cf3a1e3:192.168.164.211:42326], old=null at 0
2019-10-02 07:38:40,669 [b2d669d9-7125-4fe0-a26b-3e87ec6b20dd@group-331204508984-LeaderElection63] INFO  server.RaftServerConfigKeys (ConfUtils.java:logGet(43)) - raft.server.log.appender.snapshot.chunk.size.max = 16MB (=16777216) (default)
2019-10-02 07:38:40,669 [b2d669d9-7125-4fe0-a26b-3e87ec6b20dd@group-331204508984-LeaderElection63] INFO  server.RaftServerConfigKeys (ConfUtils.java:logGet(43)) - raft.server.log.appender.buffer.byte-limit = 33554432 (custom)
2019-10-02 07:38:40,670 [b2d669d9-7125-4fe0-a26b-3e87ec6b20dd@group-331204508984-LeaderElection63] INFO  server.RaftServerConfigKeys (ConfUtils.java:logGet(43)) - raft.server.log.appender.buffer.element-limit = 1 (custom)
2019-10-02 07:38:40,670 [b2d669d9-7125-4fe0-a26b-3e87ec6b20dd@group-331204508984-LeaderElection63] INFO  grpc.GrpcConfigKeys$Server (ConfUtils.java:logGet(43)) - raft.grpc.server.leader.outstanding.appends.max = 128 (default)
2019-10-02 07:38:40,670 [b2d669d9-7125-4fe0-a26b-3e87ec6b20dd@group-331204508984-LeaderElection63] INFO  server.RaftServerConfigKeys (ConfUtils.java:logGet(43)) - raft.server.rpc.request.timeout = 3000ms (default)
2019-10-02 07:38:40,670 [b2d669d9-7125-4fe0-a26b-3e87ec6b20dd@group-331204508984-LeaderElection63] INFO  server.RaftServerConfigKeys (ConfUtils.java:logGet(43)) - raft.server.log.appender.install.snapshot.enabled = false (custom)
2019-10-02 07:38:40,670 [b2d669d9-7125-4fe0-a26b-3e87ec6b20dd@group-331204508984-LeaderElection63] INFO  server.RaftServerConfigKeys (ConfUtils.java:logGet(43)) - raft.server.log.appender.snapshot.chunk.size.max = 16MB (=16777216) (default)
2019-10-02 07:38:40,671 [b2d669d9-7125-4fe0-a26b-3e87ec6b20dd@group-331204508984-LeaderElection63] INFO  server.RaftServerConfigKeys (ConfUtils.java:logGet(43)) - raft.server.log.appender.buffer.byte-limit = 33554432 (custom)
2019-10-02 07:38:40,671 [b2d669d9-7125-4fe0-a26b-3e87ec6b20dd@group-331204508984-LeaderElection63] INFO  server.RaftServerConfigKeys (ConfUtils.java:logGet(43)) - raft.server.log.appender.buffer.element-limit = 1 (custom)
2019-10-02 07:38:40,671 [b2d669d9-7125-4fe0-a26b-3e87ec6b20dd@group-331204508984-LeaderElection63] INFO  grpc.GrpcConfigKeys$Server (ConfUtils.java:logGet(43)) - raft.grpc.server.leader.outstanding.appends.max = 128 (default)
2019-10-02 07:38:40,671 [b2d669d9-7125-4fe0-a26b-3e87ec6b20dd@group-331204508984-LeaderElection63] INFO  server.RaftServerConfigKeys (ConfUtils.java:logGet(43)) - raft.server.rpc.request.timeout = 3000ms (default)
2019-10-02 07:38:40,671 [b2d669d9-7125-4fe0-a26b-3e87ec6b20dd@group-331204508984-LeaderElection63] INFO  server.RaftServerConfigKeys (ConfUtils.java:logGet(43)) - raft.server.log.appender.install.snapshot.enabled = false (custom)
2019-10-02 07:38:40,671 [b2d669d9-7125-4fe0-a26b-3e87ec6b20dd@group-331204508984-LeaderElection63] INFO  impl.RoleInfo (RoleInfo.java:updateAndGet(143)) - b2d669d9-7125-4fe0-a26b-3e87ec6b20dd: start LeaderState
2019-10-02 07:38:40,671 [b2d669d9-7125-4fe0-a26b-3e87ec6b20dd@group-331204508984-LeaderElection63] INFO  segmented.SegmentedRaftLogWorker (SegmentedRaftLogWorker.java:startLogSegment(385)) - b2d669d9-7125-4fe0-a26b-3e87ec6b20dd@group-331204508984-SegmentedRaftLogWorker: Starting segment from index:0
2019-10-02 07:38:40,671 [2c9d0bdd-0fab-4de9-87b6-8e159cf3a1e3@group-66FED3C194F9-SegmentedRaftLogWorker] INFO  segmented.SegmentedRaftLogWorker (SegmentedRaftLogWorker.java:execute(574)) - 2c9d0bdd-0fab-4de9-87b6-8e159cf3a1e3@group-66FED3C194F9-SegmentedRaftLogWorker: created new log segment /workdir/hadoop-ozone/integration-test/target/test-dir/MiniOzoneClusterImpl-1724fcea-7144-4bb6-9f5f-f66b377195f9/datanode-5/data/ratis/bb5a90a6-fbe8-45fb-bdac-66fed3c194f9/current/log_inprogress_0
2019-10-02 07:38:40,672 [b2d669d9-7125-4fe0-a26b-3e87ec6b20dd@group-331204508984-LeaderElection63] INFO  impl.RaftServerImpl (ServerState.java:setRaftConf(356)) - b2d669d9-7125-4fe0-a26b-3e87ec6b20dd@group-331204508984: set configuration 0: [28d6f51f-fad1-4f89-914b-dd0a91870612:192.168.164.211:39252, b2d669d9-7125-4fe0-a26b-3e87ec6b20dd:192.168.164.211:44797, 2c9d0bdd-0fab-4de9-87b6-8e159cf3a1e3:192.168.164.211:42326], old=null at 0
2019-10-02 07:38:40,673 [grpc-default-executor-5] INFO  impl.RaftServerImpl (ServerState.java:setLeader(255)) - 28d6f51f-fad1-4f89-914b-dd0a91870612@group-331204508984: change Leader from null to b2d669d9-7125-4fe0-a26b-3e87ec6b20dd at term 1 for appendEntries, leader elected after 5215ms
2019-10-02 07:38:40,696 [grpc-default-executor-3] INFO  impl.RaftServerImpl (ServerState.java:setLeader(255)) - 2c9d0bdd-0fab-4de9-87b6-8e159cf3a1e3@group-331204508984: change Leader from null to b2d669d9-7125-4fe0-a26b-3e87ec6b20dd at term 1 for appendEntries, leader elected after 5239ms
2019-10-02 07:38:40,699 [grpc-default-executor-5] INFO  impl.RaftServerImpl (ServerState.java:setRaftConf(356)) - 2c9d0bdd-0fab-4de9-87b6-8e159cf3a1e3@group-331204508984: set configuration 0: [28d6f51f-fad1-4f89-914b-dd0a91870612:192.168.164.211:39252, b2d669d9-7125-4fe0-a26b-3e87ec6b20dd:192.168.164.211:44797, 2c9d0bdd-0fab-4de9-87b6-8e159cf3a1e3:192.168.164.211:42326], old=null at 0
2019-10-02 07:38:40,699 [grpc-default-executor-3] INFO  impl.RaftServerImpl (ServerState.java:setRaftConf(356)) - 28d6f51f-fad1-4f89-914b-dd0a91870612@group-331204508984: set configuration 0: [28d6f51f-fad1-4f89-914b-dd0a91870612:192.168.164.211:39252, b2d669d9-7125-4fe0-a26b-3e87ec6b20dd:192.168.164.211:44797, 2c9d0bdd-0fab-4de9-87b6-8e159cf3a1e3:192.168.164.211:42326], old=null at 0
2019-10-02 07:38:40,699 [grpc-default-executor-5] INFO  segmented.SegmentedRaftLogWorker (SegmentedRaftLogWorker.java:startLogSegment(385)) - 2c9d0bdd-0fab-4de9-87b6-8e159cf3a1e3@group-331204508984-SegmentedRaftLogWorker: Starting segment from index:0
2019-10-02 07:38:40,700 [grpc-default-executor-3] INFO  segmented.SegmentedRaftLogWorker (SegmentedRaftLogWorker.java:startLogSegment(385)) - 28d6f51f-fad1-4f89-914b-dd0a91870612@group-331204508984-SegmentedRaftLogWorker: Starting segment from index:0
2019-10-02 07:38:40,709 [b2d669d9-7125-4fe0-a26b-3e87ec6b20dd@group-331204508984-SegmentedRaftLogWorker] INFO  segmented.SegmentedRaftLogWorker (SegmentedRaftLogWorker.java:execute(574)) - b2d669d9-7125-4fe0-a26b-3e87ec6b20dd@group-331204508984-SegmentedRaftLogWorker: created new log segment /workdir/hadoop-ozone/integration-test/target/test-dir/MiniOzoneClusterImpl-1724fcea-7144-4bb6-9f5f-f66b377195f9/datanode-4/data/ratis/4b912812-c475-42f6-8d73-331204508984/current/log_inprogress_0
2019-10-02 07:38:40,735 [2c9d0bdd-0fab-4de9-87b6-8e159cf3a1e3@group-331204508984-SegmentedRaftLogWorker] INFO  segmented.SegmentedRaftLogWorker (SegmentedRaftLogWorker.java:execute(574)) - 2c9d0bdd-0fab-4de9-87b6-8e159cf3a1e3@group-331204508984-SegmentedRaftLogWorker: created new log segment /workdir/hadoop-ozone/integration-test/target/test-dir/MiniOzoneClusterImpl-1724fcea-7144-4bb6-9f5f-f66b377195f9/datanode-5/data/ratis/4b912812-c475-42f6-8d73-331204508984/current/log_inprogress_0
2019-10-02 07:38:40,735 [28d6f51f-fad1-4f89-914b-dd0a91870612@group-331204508984-SegmentedRaftLogWorker] INFO  segmented.SegmentedRaftLogWorker (SegmentedRaftLogWorker.java:execute(574)) - 28d6f51f-fad1-4f89-914b-dd0a91870612@group-331204508984-SegmentedRaftLogWorker: created new log segment /workdir/hadoop-ozone/integration-test/target/test-dir/MiniOzoneClusterImpl-1724fcea-7144-4bb6-9f5f-f66b377195f9/datanode-3/data/ratis/4b912812-c475-42f6-8d73-331204508984/current/log_inprogress_0
2019-10-02 07:38:41,147 [grpc-default-executor-5] WARN  server.GrpcLogAppender (LogUtils.java:warn(134)) - 877c1e29-213f-4e3e-ace5-02a222c8c7a5@group-8B9B2962CD1F->d54e5ec9-dbdf-4cc4-af70-70ef71242697-AppendLogResponseHandler: Failed appendEntries: org.apache.ratis.thirdparty.io.grpc.StatusRuntimeException: UNAVAILABLE: io exception
2019-10-02 07:38:41,147 [grpc-default-executor-5] INFO  impl.FollowerInfo (FollowerInfo.java:lambda$new$0(51)) - 877c1e29-213f-4e3e-ace5-02a222c8c7a5@group-8B9B2962CD1F->d54e5ec9-dbdf-4cc4-af70-70ef71242697: nextIndex: updateUnconditionally 0 -> 0
2019-10-02 07:38:41,161 [grpc-default-executor-5] WARN  server.GrpcLogAppender (LogUtils.java:warn(134)) - 877c1e29-213f-4e3e-ace5-02a222c8c7a5@group-8B9B2962CD1F->6fd6eee1-0931-460a-9d60-5fc0679329ea-AppendLogResponseHandler: Failed appendEntries: org.apache.ratis.thirdparty.io.grpc.StatusRuntimeException: UNAVAILABLE: io exception
2019-10-02 07:38:41,162 [grpc-default-executor-5] INFO  impl.FollowerInfo (FollowerInfo.java:lambda$new$0(51)) - 877c1e29-213f-4e3e-ace5-02a222c8c7a5@group-8B9B2962CD1F->6fd6eee1-0931-460a-9d60-5fc0679329ea: nextIndex: updateUnconditionally 0 -> 0
2019-10-02 07:38:43,648 [grpc-default-executor-6] WARN  server.GrpcLogAppender (LogUtils.java:warn(134)) - 877c1e29-213f-4e3e-ace5-02a222c8c7a5@group-8B9B2962CD1F->d54e5ec9-dbdf-4cc4-af70-70ef71242697-AppendLogResponseHandler: Failed appendEntries: org.apache.ratis.thirdparty.io.grpc.StatusRuntimeException: UNAVAILABLE: io exception
2019-10-02 07:38:43,648 [grpc-default-executor-6] INFO  impl.FollowerInfo (FollowerInfo.java:lambda$new$0(51)) - 877c1e29-213f-4e3e-ace5-02a222c8c7a5@group-8B9B2962CD1F->d54e5ec9-dbdf-4cc4-af70-70ef71242697: nextIndex: updateUnconditionally 0 -> 0
2019-10-02 07:38:43,662 [grpc-default-executor-3] WARN  server.GrpcLogAppender (LogUtils.java:warn(134)) - 877c1e29-213f-4e3e-ace5-02a222c8c7a5@group-8B9B2962CD1F->6fd6eee1-0931-460a-9d60-5fc0679329ea-AppendLogResponseHandler: Failed appendEntries: org.apache.ratis.thirdparty.io.grpc.StatusRuntimeException: UNAVAILABLE: io exception
2019-10-02 07:38:43,662 [grpc-default-executor-3] INFO  impl.FollowerInfo (FollowerInfo.java:lambda$new$0(51)) - 877c1e29-213f-4e3e-ace5-02a222c8c7a5@group-8B9B2962CD1F->6fd6eee1-0931-460a-9d60-5fc0679329ea: nextIndex: updateUnconditionally 0 -> 0
2019-10-02 07:38:45,386 [Thread-2359] INFO  impl.FollowerState (FollowerState.java:run(108)) - 9154b18f-9664-4d7a-babb-ddc23dc25f76@group-6D4952BC3E96-FollowerState: change to CANDIDATE, lastRpcTime:5061ms, electionTimeout:5061ms
2019-10-02 07:38:45,386 [Thread-2359] INFO  impl.RoleInfo (RoleInfo.java:shutdownFollowerState(121)) - 9154b18f-9664-4d7a-babb-ddc23dc25f76: shutdown FollowerState
2019-10-02 07:38:45,386 [Thread-2359] INFO  impl.RaftServerImpl (RaftServerImpl.java:setRole(170)) - 9154b18f-9664-4d7a-babb-ddc23dc25f76@group-6D4952BC3E96: changes role from  FOLLOWER to CANDIDATE at term 2 for changeToCandidate
2019-10-02 07:38:45,387 [Thread-2359] INFO  impl.RoleInfo (RoleInfo.java:updateAndGet(143)) - 9154b18f-9664-4d7a-babb-ddc23dc25f76: start LeaderElection
2019-10-02 07:38:45,406 [9154b18f-9664-4d7a-babb-ddc23dc25f76@group-6D4952BC3E96-LeaderElection66] INFO  impl.LeaderElection (LeaderElection.java:askForVotes(178)) - 9154b18f-9664-4d7a-babb-ddc23dc25f76@group-6D4952BC3E96-LeaderElection66: begin an election at term 3 for -1: [9154b18f-9664-4d7a-babb-ddc23dc25f76:192.168.164.211:37310, adfcda44-2223-4cc2-9e47-7cf42dcf5791:192.168.164.211:40818, 914ea15e-b21f-483c-8731-fcf6123bfdb8:192.168.164.211:34203], old=null
2019-10-02 07:38:45,413 [grpc-default-executor-6] INFO  impl.RaftServerImpl (RaftServerImpl.java:setRole(170)) - 914ea15e-b21f-483c-8731-fcf6123bfdb8@group-6D4952BC3E96: changes role from  FOLLOWER to FOLLOWER at term 3 for recognizeCandidate:9154b18f-9664-4d7a-babb-ddc23dc25f76
2019-10-02 07:38:45,413 [grpc-default-executor-3] INFO  impl.RaftServerImpl (RaftServerImpl.java:setRole(170)) - adfcda44-2223-4cc2-9e47-7cf42dcf5791@group-6D4952BC3E96: changes role from  FOLLOWER to FOLLOWER at term 3 for recognizeCandidate:9154b18f-9664-4d7a-babb-ddc23dc25f76
2019-10-02 07:38:45,413 [grpc-default-executor-6] INFO  impl.RoleInfo (RoleInfo.java:shutdownFollowerState(121)) - 914ea15e-b21f-483c-8731-fcf6123bfdb8: shutdown FollowerState
2019-10-02 07:38:45,413 [grpc-default-executor-3] INFO  impl.RoleInfo (RoleInfo.java:shutdownFollowerState(121)) - adfcda44-2223-4cc2-9e47-7cf42dcf5791: shutdown FollowerState
2019-10-02 07:38:45,413 [Thread-2365] INFO  impl.FollowerState (FollowerState.java:run(117)) - 914ea15e-b21f-483c-8731-fcf6123bfdb8@group-6D4952BC3E96-FollowerState was interrupted: java.lang.InterruptedException: sleep interrupted
2019-10-02 07:38:45,413 [grpc-default-executor-6] INFO  impl.RoleInfo (RoleInfo.java:updateAndGet(143)) - 914ea15e-b21f-483c-8731-fcf6123bfdb8: start FollowerState
2019-10-02 07:38:45,416 [Thread-2368] INFO  impl.FollowerState (FollowerState.java:run(117)) - adfcda44-2223-4cc2-9e47-7cf42dcf5791@group-6D4952BC3E96-FollowerState was interrupted: java.lang.InterruptedException: sleep interrupted
2019-10-02 07:38:45,413 [grpc-default-executor-3] INFO  impl.RoleInfo (RoleInfo.java:updateAndGet(143)) - adfcda44-2223-4cc2-9e47-7cf42dcf5791: start FollowerState
2019-10-02 07:38:45,433 [9154b18f-9664-4d7a-babb-ddc23dc25f76@group-6D4952BC3E96-LeaderElection66] INFO  impl.LeaderElection (LeaderElection.java:logAndReturn(56)) - 9154b18f-9664-4d7a-babb-ddc23dc25f76@group-6D4952BC3E96-LeaderElection66: Election PASSED; received 2 response(s) [9154b18f-9664-4d7a-babb-ddc23dc25f76<-adfcda44-2223-4cc2-9e47-7cf42dcf5791#0:FAIL-t3, 9154b18f-9664-4d7a-babb-ddc23dc25f76<-914ea15e-b21f-483c-8731-fcf6123bfdb8#0:OK-t3] and 0 exception(s); 9154b18f-9664-4d7a-babb-ddc23dc25f76@group-6D4952BC3E96:t3, leader=null, voted=9154b18f-9664-4d7a-babb-ddc23dc25f76, raftlog=9154b18f-9664-4d7a-babb-ddc23dc25f76@group-6D4952BC3E96-SegmentedRaftLog:OPENED:c-1,f-1,i0, conf=-1: [9154b18f-9664-4d7a-babb-ddc23dc25f76:192.168.164.211:37310, adfcda44-2223-4cc2-9e47-7cf42dcf5791:192.168.164.211:40818, 914ea15e-b21f-483c-8731-fcf6123bfdb8:192.168.164.211:34203], old=null
2019-10-02 07:38:45,433 [9154b18f-9664-4d7a-babb-ddc23dc25f76@group-6D4952BC3E96-LeaderElection66] INFO  impl.RoleInfo (RoleInfo.java:shutdownLeaderElection(134)) - 9154b18f-9664-4d7a-babb-ddc23dc25f76: shutdown LeaderElection
2019-10-02 07:38:45,433 [9154b18f-9664-4d7a-babb-ddc23dc25f76@group-6D4952BC3E96-LeaderElection66] INFO  impl.RaftServerImpl (RaftServerImpl.java:setRole(170)) - 9154b18f-9664-4d7a-babb-ddc23dc25f76@group-6D4952BC3E96: changes role from CANDIDATE to LEADER at term 3 for changeToLeader
2019-10-02 07:38:45,433 [9154b18f-9664-4d7a-babb-ddc23dc25f76@group-6D4952BC3E96-LeaderElection66] INFO  impl.RaftServerImpl (ServerState.java:setLeader(255)) - 9154b18f-9664-4d7a-babb-ddc23dc25f76@group-6D4952BC3E96: change Leader from null to 9154b18f-9664-4d7a-babb-ddc23dc25f76 at term 3 for becomeLeader, leader elected after 10250ms
2019-10-02 07:38:45,433 [9154b18f-9664-4d7a-babb-ddc23dc25f76@group-6D4952BC3E96-LeaderElection66] INFO  server.RaftServerConfigKeys (ConfUtils.java:logGet(43)) - raft.server.staging.catchup.gap = 1000 (default)
2019-10-02 07:38:45,433 [9154b18f-9664-4d7a-babb-ddc23dc25f76@group-6D4952BC3E96-LeaderElection66] INFO  server.RaftServerConfigKeys (ConfUtils.java:logGet(43)) - raft.server.rpc.sleep.time = 25ms (default)
2019-10-02 07:38:45,434 [9154b18f-9664-4d7a-babb-ddc23dc25f76@group-6D4952BC3E96-LeaderElection66] INFO  server.RaftServerConfigKeys (ConfUtils.java:logGet(43)) - raft.server.write.element-limit = 4096 (default)
2019-10-02 07:38:45,434 [9154b18f-9664-4d7a-babb-ddc23dc25f76@group-6D4952BC3E96-LeaderElection66] INFO  server.RaftServerConfigKeys (ConfUtils.java:logGet(43)) - raft.server.watch.timeout = 10s (default)
2019-10-02 07:38:45,434 [9154b18f-9664-4d7a-babb-ddc23dc25f76@group-6D4952BC3E96-LeaderElection66] INFO  server.RaftServerConfigKeys (ConfUtils.java:logGet(43)) - raft.server.watch.timeout.denomination = 1s (default)
2019-10-02 07:38:45,434 [9154b18f-9664-4d7a-babb-ddc23dc25f76@group-6D4952BC3E96-LeaderElection66] INFO  server.RaftServerConfigKeys (ConfUtils.java:logGet(43)) - raft.server.watch.element-limit = 65536 (default)
2019-10-02 07:38:45,437 [9154b18f-9664-4d7a-babb-ddc23dc25f76@group-6D4952BC3E96-LeaderElection66] INFO  server.RaftServerConfigKeys (ConfUtils.java:logGet(43)) - raft.server.log.appender.snapshot.chunk.size.max = 16MB (=16777216) (default)
2019-10-02 07:38:45,437 [9154b18f-9664-4d7a-babb-ddc23dc25f76@group-6D4952BC3E96-LeaderElection66] INFO  server.RaftServerConfigKeys (ConfUtils.java:logGet(43)) - raft.server.log.appender.buffer.byte-limit = 33554432 (custom)
2019-10-02 07:38:45,437 [9154b18f-9664-4d7a-babb-ddc23dc25f76@group-6D4952BC3E96-LeaderElection66] INFO  server.RaftServerConfigKeys (ConfUtils.java:logGet(43)) - raft.server.log.appender.buffer.element-limit = 1 (custom)
2019-10-02 07:38:45,437 [9154b18f-9664-4d7a-babb-ddc23dc25f76@group-6D4952BC3E96-LeaderElection66] INFO  grpc.GrpcConfigKeys$Server (ConfUtils.java:logGet(43)) - raft.grpc.server.leader.outstanding.appends.max = 128 (default)
2019-10-02 07:38:45,437 [9154b18f-9664-4d7a-babb-ddc23dc25f76@group-6D4952BC3E96-LeaderElection66] INFO  server.RaftServerConfigKeys (ConfUtils.java:logGet(43)) - raft.server.rpc.request.timeout = 3000ms (default)
2019-10-02 07:38:45,437 [9154b18f-9664-4d7a-babb-ddc23dc25f76@group-6D4952BC3E96-LeaderElection66] INFO  server.RaftServerConfigKeys (ConfUtils.java:logGet(43)) - raft.server.log.appender.install.snapshot.enabled = false (custom)
2019-10-02 07:38:45,437 [9154b18f-9664-4d7a-babb-ddc23dc25f76@group-6D4952BC3E96-LeaderElection66] INFO  server.RaftServerConfigKeys (ConfUtils.java:logGet(43)) - raft.server.log.appender.snapshot.chunk.size.max = 16MB (=16777216) (default)
2019-10-02 07:38:45,438 [9154b18f-9664-4d7a-babb-ddc23dc25f76@group-6D4952BC3E96-LeaderElection66] INFO  server.RaftServerConfigKeys (ConfUtils.java:logGet(43)) - raft.server.log.appender.buffer.byte-limit = 33554432 (custom)
2019-10-02 07:38:45,438 [9154b18f-9664-4d7a-babb-ddc23dc25f76@group-6D4952BC3E96-LeaderElection66] INFO  server.RaftServerConfigKeys (ConfUtils.java:logGet(43)) - raft.server.log.appender.buffer.element-limit = 1 (custom)
2019-10-02 07:38:45,438 [9154b18f-9664-4d7a-babb-ddc23dc25f76@group-6D4952BC3E96-LeaderElection66] INFO  grpc.GrpcConfigKeys$Server (ConfUtils.java:logGet(43)) - raft.grpc.server.leader.outstanding.appends.max = 128 (default)
2019-10-02 07:38:45,438 [9154b18f-9664-4d7a-babb-ddc23dc25f76@group-6D4952BC3E96-LeaderElection66] INFO  server.RaftServerConfigKeys (ConfUtils.java:logGet(43)) - raft.server.rpc.request.timeout = 3000ms (default)
2019-10-02 07:38:45,438 [9154b18f-9664-4d7a-babb-ddc23dc25f76@group-6D4952BC3E96-LeaderElection66] INFO  server.RaftServerConfigKeys (ConfUtils.java:logGet(43)) - raft.server.log.appender.install.snapshot.enabled = false (custom)
2019-10-02 07:38:45,438 [9154b18f-9664-4d7a-babb-ddc23dc25f76@group-6D4952BC3E96-LeaderElection66] INFO  impl.RoleInfo (RoleInfo.java:updateAndGet(143)) - 9154b18f-9664-4d7a-babb-ddc23dc25f76: start LeaderState
2019-10-02 07:38:45,439 [9154b18f-9664-4d7a-babb-ddc23dc25f76@group-6D4952BC3E96-LeaderElection66] INFO  segmented.SegmentedRaftLogWorker (SegmentedRaftLogWorker.java:startLogSegment(385)) - 9154b18f-9664-4d7a-babb-ddc23dc25f76@group-6D4952BC3E96-SegmentedRaftLogWorker: Starting segment from index:0
2019-10-02 07:38:45,439 [9154b18f-9664-4d7a-babb-ddc23dc25f76@group-6D4952BC3E96-LeaderElection66] INFO  impl.RaftServerImpl (ServerState.java:setRaftConf(356)) - 9154b18f-9664-4d7a-babb-ddc23dc25f76@group-6D4952BC3E96: set configuration 0: [9154b18f-9664-4d7a-babb-ddc23dc25f76:192.168.164.211:37310, adfcda44-2223-4cc2-9e47-7cf42dcf5791:192.168.164.211:40818, 914ea15e-b21f-483c-8731-fcf6123bfdb8:192.168.164.211:34203], old=null at 0
2019-10-02 07:38:45,465 [grpc-default-executor-3] INFO  impl.RaftServerImpl (ServerState.java:setLeader(255)) - 914ea15e-b21f-483c-8731-fcf6123bfdb8@group-6D4952BC3E96: change Leader from null to 9154b18f-9664-4d7a-babb-ddc23dc25f76 at term 3 for appendEntries, leader elected after 10283ms
2019-10-02 07:38:45,466 [grpc-default-executor-6] INFO  impl.RaftServerImpl (ServerState.java:setLeader(255)) - adfcda44-2223-4cc2-9e47-7cf42dcf5791@group-6D4952BC3E96: change Leader from null to 9154b18f-9664-4d7a-babb-ddc23dc25f76 at term 3 for appendEntries, leader elected after 5098ms
2019-10-02 07:38:45,468 [grpc-default-executor-3] INFO  impl.RaftServerImpl (ServerState.java:setRaftConf(356)) - adfcda44-2223-4cc2-9e47-7cf42dcf5791@group-6D4952BC3E96: set configuration 0: [9154b18f-9664-4d7a-babb-ddc23dc25f76:192.168.164.211:37310, adfcda44-2223-4cc2-9e47-7cf42dcf5791:192.168.164.211:40818, 914ea15e-b21f-483c-8731-fcf6123bfdb8:192.168.164.211:34203], old=null at 0
2019-10-02 07:38:45,468 [grpc-default-executor-6] INFO  impl.RaftServerImpl (ServerState.java:setRaftConf(356)) - 914ea15e-b21f-483c-8731-fcf6123bfdb8@group-6D4952BC3E96: set configuration 0: [9154b18f-9664-4d7a-babb-ddc23dc25f76:192.168.164.211:37310, adfcda44-2223-4cc2-9e47-7cf42dcf5791:192.168.164.211:40818, 914ea15e-b21f-483c-8731-fcf6123bfdb8:192.168.164.211:34203], old=null at 0
2019-10-02 07:38:45,469 [grpc-default-executor-6] INFO  segmented.SegmentedRaftLogWorker (SegmentedRaftLogWorker.java:startLogSegment(385)) - 914ea15e-b21f-483c-8731-fcf6123bfdb8@group-6D4952BC3E96-SegmentedRaftLogWorker: Starting segment from index:0
2019-10-02 07:38:45,473 [grpc-default-executor-3] INFO  segmented.SegmentedRaftLogWorker (SegmentedRaftLogWorker.java:truncate(401)) - adfcda44-2223-4cc2-9e47-7cf42dcf5791@group-6D4952BC3E96-SegmentedRaftLogWorker: Truncating segments toTruncate: null
  toDelete: [(0, 0) isOpen? true, length=0, newEndIndex=-1], start index 0
2019-10-02 07:38:45,474 [grpc-default-executor-3] INFO  segmented.SegmentedRaftLogWorker (SegmentedRaftLogWorker.java:startLogSegment(385)) - adfcda44-2223-4cc2-9e47-7cf42dcf5791@group-6D4952BC3E96-SegmentedRaftLogWorker: Starting segment from index:0
2019-10-02 07:38:45,475 [adfcda44-2223-4cc2-9e47-7cf42dcf5791@group-6D4952BC3E96-SegmentedRaftLogWorker] INFO  segmented.SegmentedRaftLogWorker (SegmentedRaftLogWorker.java:execute(638)) - adfcda44-2223-4cc2-9e47-7cf42dcf5791@group-6D4952BC3E96-SegmentedRaftLogWorker: Deleted log file /workdir/hadoop-ozone/integration-test/target/test-dir/MiniOzoneClusterImpl-1724fcea-7144-4bb6-9f5f-f66b377195f9/datanode-0/data/ratis/794b076b-f068-4147-852e-6d4952bc3e96/current/log_inprogress_0
2019-10-02 07:38:45,475 [adfcda44-2223-4cc2-9e47-7cf42dcf5791@group-6D4952BC3E96-SegmentedRaftLogWorker] INFO  segmented.SegmentedRaftLogWorker (SegmentedRaftLogWorker.java:lambda$new$0(128)) - adfcda44-2223-4cc2-9e47-7cf42dcf5791@group-6D4952BC3E96-SegmentedRaftLogWorker: flushIndex: setUnconditionally 0 -> -1
2019-10-02 07:38:45,476 [9154b18f-9664-4d7a-babb-ddc23dc25f76@group-6D4952BC3E96-SegmentedRaftLogWorker] INFO  segmented.SegmentedRaftLogWorker (SegmentedRaftLogWorker.java:execute(574)) - 9154b18f-9664-4d7a-babb-ddc23dc25f76@group-6D4952BC3E96-SegmentedRaftLogWorker: created new log segment /workdir/hadoop-ozone/integration-test/target/test-dir/MiniOzoneClusterImpl-1724fcea-7144-4bb6-9f5f-f66b377195f9/datanode-1/data/ratis/794b076b-f068-4147-852e-6d4952bc3e96/current/log_inprogress_0
2019-10-02 07:38:45,503 [EventQueue-StaleNodeForStaleNodeHandler] INFO  node.StaleNodeHandler (StaleNodeHandler.java:onMessage(58)) - Datanode d54e5ec9-dbdf-4cc4-af70-70ef71242697{ip: 192.168.164.211, host: pr-hdds-2227-gdpr-vz6hn-2718222164, networkLocation: /default-rack, certSerialId: null} moved to stale state. Finalizing its pipelines [PipelineID=3ea5359d-af3d-4a58-8c0f-9ac22d5ac248, PipelineID=ebcc0b12-c698-41d5-82eb-8b9b2962cd1f]
2019-10-02 07:38:45,503 [EventQueue-StaleNodeForStaleNodeHandler] INFO  pipeline.SCMPipelineManager (SCMPipelineManager.java:finalizeAndDestroyPipeline(315)) - destroying pipeline:Pipeline[ Id: 3ea5359d-af3d-4a58-8c0f-9ac22d5ac248, Nodes: d54e5ec9-dbdf-4cc4-af70-70ef71242697{ip: 192.168.164.211, host: pr-hdds-2227-gdpr-vz6hn-2718222164, networkLocation: /default-rack, certSerialId: null}, Type:RATIS, Factor:ONE, State:OPEN]
2019-10-02 07:38:45,504 [EventQueue-StaleNodeForStaleNodeHandler] INFO  pipeline.PipelineStateManager (PipelineStateManager.java:finalizePipeline(123)) - Pipeline Pipeline[ Id: 3ea5359d-af3d-4a58-8c0f-9ac22d5ac248, Nodes: d54e5ec9-dbdf-4cc4-af70-70ef71242697{ip: 192.168.164.211, host: pr-hdds-2227-gdpr-vz6hn-2718222164, networkLocation: /default-rack, certSerialId: null}, Type:RATIS, Factor:ONE, State:CLOSED] moved to CLOSED state
2019-10-02 07:38:45,504 [EventQueue-StaleNodeForStaleNodeHandler] INFO  pipeline.SCMPipelineManager (SCMPipelineManager.java:finalizeAndDestroyPipeline(315)) - destroying pipeline:Pipeline[ Id: ebcc0b12-c698-41d5-82eb-8b9b2962cd1f, Nodes: d54e5ec9-dbdf-4cc4-af70-70ef71242697{ip: 192.168.164.211, host: pr-hdds-2227-gdpr-vz6hn-2718222164, networkLocation: /default-rack, certSerialId: null}6fd6eee1-0931-460a-9d60-5fc0679329ea{ip: 192.168.164.211, host: pr-hdds-2227-gdpr-vz6hn-2718222164, networkLocation: /default-rack, certSerialId: null}877c1e29-213f-4e3e-ace5-02a222c8c7a5{ip: 192.168.164.211, host: pr-hdds-2227-gdpr-vz6hn-2718222164, networkLocation: /default-rack, certSerialId: null}, Type:RATIS, Factor:THREE, State:OPEN]
2019-10-02 07:38:45,504 [EventQueue-StaleNodeForStaleNodeHandler] INFO  pipeline.PipelineStateManager (PipelineStateManager.java:finalizePipeline(123)) - Pipeline Pipeline[ Id: ebcc0b12-c698-41d5-82eb-8b9b2962cd1f, Nodes: d54e5ec9-dbdf-4cc4-af70-70ef71242697{ip: 192.168.164.211, host: pr-hdds-2227-gdpr-vz6hn-2718222164, networkLocation: /default-rack, certSerialId: null}6fd6eee1-0931-460a-9d60-5fc0679329ea{ip: 192.168.164.211, host: pr-hdds-2227-gdpr-vz6hn-2718222164, networkLocation: /default-rack, certSerialId: null}877c1e29-213f-4e3e-ace5-02a222c8c7a5{ip: 192.168.164.211, host: pr-hdds-2227-gdpr-vz6hn-2718222164, networkLocation: /default-rack, certSerialId: null}, Type:RATIS, Factor:THREE, State:CLOSED] moved to CLOSED state
2019-10-02 07:38:45,505 [EventQueue-CloseContainerForCloseContainerEventHandler] INFO  container.CloseContainerEventHandler (CloseContainerEventHandler.java:onMessage(61)) - Close container Event triggered for container : #1
2019-10-02 07:38:45,512 [914ea15e-b21f-483c-8731-fcf6123bfdb8@group-6D4952BC3E96-SegmentedRaftLogWorker] INFO  segmented.SegmentedRaftLogWorker (SegmentedRaftLogWorker.java:execute(574)) - 914ea15e-b21f-483c-8731-fcf6123bfdb8@group-6D4952BC3E96-SegmentedRaftLogWorker: created new log segment /workdir/hadoop-ozone/integration-test/target/test-dir/MiniOzoneClusterImpl-1724fcea-7144-4bb6-9f5f-f66b377195f9/datanode-2/data/ratis/794b076b-f068-4147-852e-6d4952bc3e96/current/log_inprogress_0
2019-10-02 07:38:45,512 [adfcda44-2223-4cc2-9e47-7cf42dcf5791@group-6D4952BC3E96-SegmentedRaftLogWorker] INFO  segmented.SegmentedRaftLogWorker (SegmentedRaftLogWorker.java:execute(574)) - adfcda44-2223-4cc2-9e47-7cf42dcf5791@group-6D4952BC3E96-SegmentedRaftLogWorker: created new log segment /workdir/hadoop-ozone/integration-test/target/test-dir/MiniOzoneClusterImpl-1724fcea-7144-4bb6-9f5f-f66b377195f9/datanode-0/data/ratis/794b076b-f068-4147-852e-6d4952bc3e96/current/log_inprogress_0
2019-10-02 07:38:46,148 [grpc-default-executor-3] WARN  server.GrpcLogAppender (LogUtils.java:warn(134)) - 877c1e29-213f-4e3e-ace5-02a222c8c7a5@group-8B9B2962CD1F->d54e5ec9-dbdf-4cc4-af70-70ef71242697-AppendLogResponseHandler: Failed appendEntries: org.apache.ratis.thirdparty.io.grpc.StatusRuntimeException: UNAVAILABLE: io exception
2019-10-02 07:38:46,148 [grpc-default-executor-3] INFO  impl.FollowerInfo (FollowerInfo.java:lambda$new$0(51)) - 877c1e29-213f-4e3e-ace5-02a222c8c7a5@group-8B9B2962CD1F->d54e5ec9-dbdf-4cc4-af70-70ef71242697: nextIndex: updateUnconditionally 0 -> 0
2019-10-02 07:38:46,162 [grpc-default-executor-6] WARN  server.GrpcLogAppender (LogUtils.java:warn(134)) - 877c1e29-213f-4e3e-ace5-02a222c8c7a5@group-8B9B2962CD1F->6fd6eee1-0931-460a-9d60-5fc0679329ea-AppendLogResponseHandler: Failed appendEntries: org.apache.ratis.thirdparty.io.grpc.StatusRuntimeException: UNAVAILABLE: io exception
2019-10-02 07:38:46,163 [grpc-default-executor-6] INFO  impl.FollowerInfo (FollowerInfo.java:lambda$new$0(51)) - 877c1e29-213f-4e3e-ace5-02a222c8c7a5@group-8B9B2962CD1F->6fd6eee1-0931-460a-9d60-5fc0679329ea: nextIndex: updateUnconditionally 0 -> 0
2019-10-02 07:38:46,943 [Datanode State Machine Thread - 0] INFO  statemachine.DatanodeStateMachine (DatanodeStateMachine.java:lambda$startDaemon$0(350)) - Ozone container server started.
2019-10-02 07:38:47,346 [grpc-default-executor-5] WARN  server.GrpcLogAppender (LogUtils.java:warn(134)) - 877c1e29-213f-4e3e-ace5-02a222c8c7a5@group-8B9B2962CD1F->d54e5ec9-dbdf-4cc4-af70-70ef71242697-AppendLogResponseHandler: Failed appendEntries: org.apache.ratis.thirdparty.io.grpc.StatusRuntimeException: UNAVAILABLE: io exception
2019-10-02 07:38:47,346 [grpc-default-executor-3] WARN  server.GrpcLogAppender (LogUtils.java:warn(134)) - 877c1e29-213f-4e3e-ace5-02a222c8c7a5@group-8B9B2962CD1F->6fd6eee1-0931-460a-9d60-5fc0679329ea-AppendLogResponseHandler: Failed appendEntries: org.apache.ratis.thirdparty.io.grpc.StatusRuntimeException: UNAVAILABLE: io exception
2019-10-02 07:38:47,346 [grpc-default-executor-5] INFO  impl.FollowerInfo (FollowerInfo.java:lambda$new$0(51)) - 877c1e29-213f-4e3e-ace5-02a222c8c7a5@group-8B9B2962CD1F->d54e5ec9-dbdf-4cc4-af70-70ef71242697: nextIndex: updateUnconditionally 1 -> 0
2019-10-02 07:38:47,347 [grpc-default-executor-3] INFO  impl.FollowerInfo (FollowerInfo.java:lambda$new$0(51)) - 877c1e29-213f-4e3e-ace5-02a222c8c7a5@group-8B9B2962CD1F->6fd6eee1-0931-460a-9d60-5fc0679329ea: nextIndex: updateUnconditionally 1 -> 0
2019-10-02 07:38:47,682 [Thread-2445] INFO  client.GrpcClientProtocolService (GrpcClientProtocolService.java:lambda$processClientRequest$0(278)) - Failed RaftClientRequest:client-7A63E2030228->877c1e29-213f-4e3e-ace5-02a222c8c7a5@group-8B9B2962CD1F, cid=67, seq=0, Watch-ALL_COMMITTED(21), Message:<EMPTY>, reply=RaftClientReply:client-7A63E2030228->877c1e29-213f-4e3e-ace5-02a222c8c7a5@group-8B9B2962CD1F, cid=67, FAILED org.apache.ratis.protocol.NotReplicatedException: Request with call Id 67 and log index 21 is not yet replicated to ALL_COMMITTED, logIndex=21, commits[877c1e29-213f-4e3e-ace5-02a222c8c7a5:c2, 6fd6eee1-0931-460a-9d60-5fc0679329ea:c2, d54e5ec9-dbdf-4cc4-af70-70ef71242697:c2]
2019-10-02 07:38:47,682 [Thread-2446] INFO  client.GrpcClientProtocolService (GrpcClientProtocolService.java:lambda$processClientRequest$0(278)) - Failed RaftClientRequest:client-7A63E2030228->877c1e29-213f-4e3e-ace5-02a222c8c7a5@group-8B9B2962CD1F, cid=68, seq=0, Watch-MAJORITY_COMMITTED(21), Message:<EMPTY>, reply=RaftClientReply:client-7A63E2030228->877c1e29-213f-4e3e-ace5-02a222c8c7a5@group-8B9B2962CD1F, cid=68, FAILED org.apache.ratis.protocol.NotReplicatedException: Request with call Id 68 and log index 21 is not yet replicated to MAJORITY_COMMITTED, logIndex=21, commits[877c1e29-213f-4e3e-ace5-02a222c8c7a5:c2, 6fd6eee1-0931-460a-9d60-5fc0679329ea:c2, d54e5ec9-dbdf-4cc4-af70-70ef71242697:c2]
2019-10-02 07:38:49,847 [grpc-default-executor-3] WARN  server.GrpcLogAppender (LogUtils.java:warn(134)) - 877c1e29-213f-4e3e-ace5-02a222c8c7a5@group-8B9B2962CD1F->d54e5ec9-dbdf-4cc4-af70-70ef71242697-AppendLogResponseHandler: Failed appendEntries: org.apache.ratis.thirdparty.io.grpc.StatusRuntimeException: UNAVAILABLE: io exception
2019-10-02 07:38:49,847 [grpc-default-executor-6] WARN  server.GrpcLogAppender (LogUtils.java:warn(134)) - 877c1e29-213f-4e3e-ace5-02a222c8c7a5@group-8B9B2962CD1F->6fd6eee1-0931-460a-9d60-5fc0679329ea-AppendLogResponseHandler: Failed appendEntries: org.apache.ratis.thirdparty.io.grpc.StatusRuntimeException: UNAVAILABLE: io exception
2019-10-02 07:38:49,847 [grpc-default-executor-3] INFO  impl.FollowerInfo (FollowerInfo.java:lambda$new$0(51)) - 877c1e29-213f-4e3e-ace5-02a222c8c7a5@group-8B9B2962CD1F->d54e5ec9-dbdf-4cc4-af70-70ef71242697: nextIndex: updateUnconditionally 0 -> 0
2019-10-02 07:38:49,847 [grpc-default-executor-6] INFO  impl.FollowerInfo (FollowerInfo.java:lambda$new$0(51)) - 877c1e29-213f-4e3e-ace5-02a222c8c7a5@group-8B9B2962CD1F->6fd6eee1-0931-460a-9d60-5fc0679329ea: nextIndex: updateUnconditionally 0 -> 0
2019-10-02 07:38:50,962 [main] INFO  ozoneimpl.OzoneContainer (OzoneContainer.java:stop(231)) - Attempting to stop container services.
2019-10-02 07:38:50,963 [main] INFO  impl.RaftServerProxy (RaftServerProxy.java:lambda$close$4(314)) - adfcda44-2223-4cc2-9e47-7cf42dcf5791: close
2019-10-02 07:38:50,963 [main] INFO  impl.RaftServerImpl (RaftServerImpl.java:lambda$shutdown$3(247)) - adfcda44-2223-4cc2-9e47-7cf42dcf5791@group-6D4952BC3E96: shutdown
2019-10-02 07:38:50,964 [ForkJoinPool.commonPool-worker-0] INFO  impl.RaftServerImpl (RaftServerImpl.java:lambda$shutdown$3(247)) - adfcda44-2223-4cc2-9e47-7cf42dcf5791@group-FA8BAA6CA393: shutdown
2019-10-02 07:38:50,964 [main] INFO  util.JmxRegister (JmxRegister.java:unregister(73)) - Successfully un-registered JMX Bean with object name Ratis:service=RaftServer,group=group-6D4952BC3E96,id=adfcda44-2223-4cc2-9e47-7cf42dcf5791
2019-10-02 07:38:50,964 [ForkJoinPool.commonPool-worker-0] INFO  util.JmxRegister (JmxRegister.java:unregister(73)) - Successfully un-registered JMX Bean with object name Ratis:service=RaftServer,group=group-FA8BAA6CA393,id=adfcda44-2223-4cc2-9e47-7cf42dcf5791
2019-10-02 07:38:50,964 [main] INFO  impl.RoleInfo (RoleInfo.java:shutdownFollowerState(121)) - adfcda44-2223-4cc2-9e47-7cf42dcf5791: shutdown FollowerState
2019-10-02 07:38:50,964 [ForkJoinPool.commonPool-worker-0] INFO  impl.RoleInfo (RoleInfo.java:shutdownLeaderState(104)) - adfcda44-2223-4cc2-9e47-7cf42dcf5791: shutdown LeaderState
2019-10-02 07:38:50,965 [Thread-2411] INFO  impl.FollowerState (FollowerState.java:run(117)) - adfcda44-2223-4cc2-9e47-7cf42dcf5791@group-6D4952BC3E96-FollowerState was interrupted: java.lang.InterruptedException: sleep interrupted
2019-10-02 07:38:50,965 [main] INFO  impl.StateMachineUpdater (StateMachineUpdater.java:stopAndJoin(136)) - adfcda44-2223-4cc2-9e47-7cf42dcf5791@group-6D4952BC3E96-StateMachineUpdater: set stopIndex = 2
2019-10-02 07:38:50,969 [ForkJoinPool.commonPool-worker-0] INFO  impl.PendingRequests (PendingRequests.java:sendNotLeaderResponses(202)) - adfcda44-2223-4cc2-9e47-7cf42dcf5791@group-FA8BAA6CA393-PendingRequests: sendNotLeaderResponses
2019-10-02 07:38:50,965 [adfcda44-2223-4cc2-9e47-7cf42dcf5791@group-6D4952BC3E96-StateMachineUpdater] INFO  ratis.ContainerStateMachine (ContainerStateMachine.java:takeSnapshot(293)) - group-6D4952BC3E96: Taking a snapshot at:(t:3, i:1) file /workdir/hadoop-ozone/integration-test/target/test-dir/MiniOzoneClusterImpl-1724fcea-7144-4bb6-9f5f-f66b377195f9/datanode-0/data/ratis/794b076b-f068-4147-852e-6d4952bc3e96/sm/snapshot.3_1
2019-10-02 07:38:50,970 [ForkJoinPool.commonPool-worker-0] INFO  impl.StateMachineUpdater (StateMachineUpdater.java:stopAndJoin(136)) - adfcda44-2223-4cc2-9e47-7cf42dcf5791@group-FA8BAA6CA393-StateMachineUpdater: set stopIndex = 0
2019-10-02 07:38:50,971 [ForkJoinPool.commonPool-worker-0] INFO  impl.RaftServerImpl (ServerState.java:close(387)) - adfcda44-2223-4cc2-9e47-7cf42dcf5791@group-FA8BAA6CA393: closes. applyIndex: 0
2019-10-02 07:38:50,971 [adfcda44-2223-4cc2-9e47-7cf42dcf5791@group-FA8BAA6CA393-SegmentedRaftLogWorker] INFO  segmented.SegmentedRaftLogWorker (SegmentedRaftLogWorker.java:run(316)) - adfcda44-2223-4cc2-9e47-7cf42dcf5791@group-FA8BAA6CA393-SegmentedRaftLogWorker was interrupted, exiting. There are 0 tasks remaining in the queue.
2019-10-02 07:38:50,974 [ForkJoinPool.commonPool-worker-0] INFO  segmented.SegmentedRaftLogWorker (SegmentedRaftLogWorker.java:close(224)) - adfcda44-2223-4cc2-9e47-7cf42dcf5791@group-FA8BAA6CA393-SegmentedRaftLogWorker close()
2019-10-02 07:38:50,984 [adfcda44-2223-4cc2-9e47-7cf42dcf5791@group-6D4952BC3E96-StateMachineUpdater] INFO  ratis.ContainerStateMachine (ContainerStateMachine.java:takeSnapshot(304)) - group-6D4952BC3E96: Finished taking a snapshot at:(t:3, i:1) file:/workdir/hadoop-ozone/integration-test/target/test-dir/MiniOzoneClusterImpl-1724fcea-7144-4bb6-9f5f-f66b377195f9/datanode-0/data/ratis/794b076b-f068-4147-852e-6d4952bc3e96/sm/snapshot.3_1 time:19
2019-10-02 07:38:50,984 [adfcda44-2223-4cc2-9e47-7cf42dcf5791@group-6D4952BC3E96-StateMachineUpdater] INFO  impl.StateMachineUpdater (StateMachineUpdater.java:takeSnapshot(269)) - adfcda44-2223-4cc2-9e47-7cf42dcf5791@group-6D4952BC3E96-StateMachineUpdater: Took a snapshot at index 1
2019-10-02 07:38:50,984 [adfcda44-2223-4cc2-9e47-7cf42dcf5791@group-6D4952BC3E96-StateMachineUpdater] INFO  impl.StateMachineUpdater (StateMachineUpdater.java:lambda$new$0(84)) - adfcda44-2223-4cc2-9e47-7cf42dcf5791@group-6D4952BC3E96-StateMachineUpdater: snapshotIndex: updateIncreasingly -1 -> 1
2019-10-02 07:38:50,985 [adfcda44-2223-4cc2-9e47-7cf42dcf5791@group-6D4952BC3E96-StateMachineUpdater] INFO  ratis.ContainerStateMachine (ContainerStateMachine.java:takeSnapshot(293)) - group-6D4952BC3E96: Taking a snapshot at:(t:3, i:1) file /workdir/hadoop-ozone/integration-test/target/test-dir/MiniOzoneClusterImpl-1724fcea-7144-4bb6-9f5f-f66b377195f9/datanode-0/data/ratis/794b076b-f068-4147-852e-6d4952bc3e96/sm/snapshot.3_1
2019-10-02 07:38:50,997 [adfcda44-2223-4cc2-9e47-7cf42dcf5791@group-6D4952BC3E96-StateMachineUpdater] INFO  ratis.ContainerStateMachine (ContainerStateMachine.java:takeSnapshot(304)) - group-6D4952BC3E96: Finished taking a snapshot at:(t:3, i:1) file:/workdir/hadoop-ozone/integration-test/target/test-dir/MiniOzoneClusterImpl-1724fcea-7144-4bb6-9f5f-f66b377195f9/datanode-0/data/ratis/794b076b-f068-4147-852e-6d4952bc3e96/sm/snapshot.3_1 time:12
2019-10-02 07:38:50,997 [adfcda44-2223-4cc2-9e47-7cf42dcf5791@group-6D4952BC3E96-StateMachineUpdater] INFO  impl.StateMachineUpdater (StateMachineUpdater.java:takeSnapshot(269)) - adfcda44-2223-4cc2-9e47-7cf42dcf5791@group-6D4952BC3E96-StateMachineUpdater: Took a snapshot at index 1
2019-10-02 07:38:50,997 [adfcda44-2223-4cc2-9e47-7cf42dcf5791@group-6D4952BC3E96-StateMachineUpdater] INFO  impl.StateMachineUpdater (StateMachineUpdater.java:lambda$new$0(84)) - adfcda44-2223-4cc2-9e47-7cf42dcf5791@group-6D4952BC3E96-StateMachineUpdater: snapshotIndex: updateIncreasingly 1 -> 1
2019-10-02 07:38:50,997 [main] INFO  impl.RaftServerImpl (ServerState.java:close(387)) - adfcda44-2223-4cc2-9e47-7cf42dcf5791@group-6D4952BC3E96: closes. applyIndex: 2
2019-10-02 07:38:50,998 [adfcda44-2223-4cc2-9e47-7cf42dcf5791@group-6D4952BC3E96-SegmentedRaftLogWorker] INFO  segmented.SegmentedRaftLogWorker (SegmentedRaftLogWorker.java:run(316)) - adfcda44-2223-4cc2-9e47-7cf42dcf5791@group-6D4952BC3E96-SegmentedRaftLogWorker was interrupted, exiting. There are 0 tasks remaining in the queue.
2019-10-02 07:38:51,000 [main] INFO  segmented.SegmentedRaftLogWorker (SegmentedRaftLogWorker.java:close(224)) - adfcda44-2223-4cc2-9e47-7cf42dcf5791@group-6D4952BC3E96-SegmentedRaftLogWorker close()
2019-10-02 07:38:51,006 [main] INFO  server.GrpcService (GrpcService.java:closeImpl(164)) - adfcda44-2223-4cc2-9e47-7cf42dcf5791: shutdown server with port 40818 now
2019-10-02 07:38:51,007 [grpc-default-executor-3] WARN  server.GrpcServerProtocolService (LogUtils.java:warn(134)) - adfcda44-2223-4cc2-9e47-7cf42dcf5791: installSnapshot onError, lastRequest: 9154b18f-9664-4d7a-babb-ddc23dc25f76->adfcda44-2223-4cc2-9e47-7cf42dcf5791#5-t3, previous=(t:3, i:2), leaderCommit=2, initializing? false, entries: <empty>: org.apache.ratis.thirdparty.io.grpc.StatusRuntimeException: CANCELLED: cancelled before receiving half close
2019-10-02 07:38:51,007 [main] INFO  server.GrpcService (GrpcService.java:closeImpl(172)) - adfcda44-2223-4cc2-9e47-7cf42dcf5791: shutdown server with port 40818 successfully
2019-10-02 07:38:51,007 [grpc-default-executor-5] WARN  server.GrpcLogAppender (LogUtils.java:warn(134)) - 9154b18f-9664-4d7a-babb-ddc23dc25f76@group-6D4952BC3E96->adfcda44-2223-4cc2-9e47-7cf42dcf5791-AppendLogResponseHandler: Failed appendEntries: org.apache.ratis.thirdparty.io.grpc.StatusRuntimeException: CANCELLED: HTTP/2 error code: CANCEL
Received Rst Stream
2019-10-02 07:38:51,008 [grpc-default-executor-5] INFO  impl.FollowerInfo (FollowerInfo.java:lambda$new$0(51)) - 9154b18f-9664-4d7a-babb-ddc23dc25f76@group-6D4952BC3E96->adfcda44-2223-4cc2-9e47-7cf42dcf5791: nextIndex: updateUnconditionally 3 -> 2
2019-10-02 07:38:51,011 [refreshUsed-/workdir/hadoop-ozone/integration-test/target/test-dir/MiniOzoneClusterImpl-1724fcea-7144-4bb6-9f5f-f66b377195f9/datanode-0/data/containers] WARN  fs.CachingGetSpaceUsed (CachingGetSpaceUsed.java:run(183)) - Thread Interrupted waiting to refresh disk information: sleep interrupted
2019-10-02 07:38:51,029 [main] INFO  utils.BackgroundService (BackgroundService.java:shutdown(148)) - Shutting down service BlockDeletingService
2019-10-02 07:38:51,041 [main] INFO  statemachine.DatanodeStateMachine (DatanodeStateMachine.java:stopDaemon(395)) - Ozone container server stopped.
2019-10-02 07:38:51,042 [main] INFO  handler.ContextHandler (ContextHandler.java:doStop(910)) - Stopped o.e.j.w.WebAppContext@6b2fdffc{/,null,UNAVAILABLE}{/hddsDatanode}
2019-10-02 07:38:51,043 [main] INFO  server.AbstractConnector (AbstractConnector.java:doStop(318)) - Stopped ServerConnector@2ca3d826{HTTP/1.1,[http/1.1]}{0.0.0.0:0}
2019-10-02 07:38:51,043 [main] INFO  handler.ContextHandler (ContextHandler.java:doStop(910)) - Stopped o.e.j.s.ServletContextHandler@4ef18604{/static,jar:file:/home/user/.m2/repository/org/apache/hadoop/hadoop-hdds-container-service/0.5.0-SNAPSHOT/hadoop-hdds-container-service-0.5.0-SNAPSHOT.jar!/webapps/static,UNAVAILABLE}
2019-10-02 07:38:51,044 [main] INFO  handler.ContextHandler (ContextHandler.java:doStop(910)) - Stopped o.e.j.s.ServletContextHandler@48cd319d{/logs,file:///workdir/hadoop-ozone/integration-test/target/log,UNAVAILABLE}
2019-10-02 07:38:51,057 [grpc-default-executor-3] WARN  server.GrpcLogAppender (LogUtils.java:warn(134)) - 9154b18f-9664-4d7a-babb-ddc23dc25f76@group-6D4952BC3E96->adfcda44-2223-4cc2-9e47-7cf42dcf5791-AppendLogResponseHandler: Failed appendEntries: org.apache.ratis.thirdparty.io.grpc.StatusRuntimeException: UNAVAILABLE: io exception
2019-10-02 07:38:51,057 [grpc-default-executor-3] INFO  impl.FollowerInfo (FollowerInfo.java:lambda$new$0(51)) - 9154b18f-9664-4d7a-babb-ddc23dc25f76@group-6D4952BC3E96->adfcda44-2223-4cc2-9e47-7cf42dcf5791: nextIndex: updateUnconditionally 3 -> 2
2019-10-02 07:38:51,069 [grpc-default-executor-6] WARN  server.GrpcLogAppender (LogUtils.java:warn(134)) - 9154b18f-9664-4d7a-babb-ddc23dc25f76@group-6D4952BC3E96->adfcda44-2223-4cc2-9e47-7cf42dcf5791-AppendLogResponseHandler: Failed appendEntries: org.apache.ratis.thirdparty.io.grpc.StatusRuntimeException: UNAVAILABLE: io exception
2019-10-02 07:38:51,069 [grpc-default-executor-6] INFO  impl.FollowerInfo (FollowerInfo.java:lambda$new$0(51)) - 9154b18f-9664-4d7a-babb-ddc23dc25f76@group-6D4952BC3E96->adfcda44-2223-4cc2-9e47-7cf42dcf5791: nextIndex: updateUnconditionally 3 -> 2
2019-10-02 07:38:51,084 [grpc-default-executor-6] WARN  server.GrpcLogAppender (LogUtils.java:warn(134)) - 9154b18f-9664-4d7a-babb-ddc23dc25f76@group-6D4952BC3E96->adfcda44-2223-4cc2-9e47-7cf42dcf5791-AppendLogResponseHandler: Failed appendEntries: org.apache.ratis.thirdparty.io.grpc.StatusRuntimeException: UNAVAILABLE: io exception
2019-10-02 07:38:51,085 [grpc-default-executor-6] INFO  impl.FollowerInfo (FollowerInfo.java:lambda$new$0(51)) - 9154b18f-9664-4d7a-babb-ddc23dc25f76@group-6D4952BC3E96->adfcda44-2223-4cc2-9e47-7cf42dcf5791: nextIndex: updateUnconditionally 3 -> 2
2019-10-02 07:38:51,085 [EventQueue-IncrementalContainerReportForIncrementalContainerReportHandler] WARN  container.IncrementalContainerReportHandler (AbstractContainerReportHandler.java:updateContainerState(143)) - Container #1 is in OPEN state, but the datanode 9154b18f-9664-4d7a-babb-ddc23dc25f76{ip: 192.168.164.211, host: pr-hdds-2227-gdpr-vz6hn-2718222164, networkLocation: /default-rack, certSerialId: null} reports an CLOSING replica.
2019-10-02 07:38:51,110 [EventQueue-IncrementalContainerReportForIncrementalContainerReportHandler] WARN  container.IncrementalContainerReportHandler (AbstractContainerReportHandler.java:updateContainerState(143)) - Container #1 is in OPEN state, but the datanode 914ea15e-b21f-483c-8731-fcf6123bfdb8{ip: 192.168.164.211, host: pr-hdds-2227-gdpr-vz6hn-2718222164, networkLocation: /default-rack, certSerialId: null} reports an CLOSING replica.
2019-10-02 07:38:51,142 [RatisApplyTransactionExecutor 1] INFO  interfaces.Container (KeyValueContainer.java:flushAndSyncDB(386)) - Container 1 is synced with bcsId 0.
2019-10-02 07:38:51,167 [RatisApplyTransactionExecutor 1] INFO  interfaces.Container (KeyValueContainer.java:flushAndSyncDB(386)) - Container 1 is synced with bcsId 0.
2019-10-02 07:38:51,176 [RatisApplyTransactionExecutor 1] INFO  interfaces.Container (KeyValueContainer.java:flushAndSyncDB(386)) - Container 1 is synced with bcsId 0.
2019-10-02 07:38:51,177 [RatisApplyTransactionExecutor 1] INFO  interfaces.Container (KeyValueContainer.java:flushAndSyncDB(386)) - Container 1 is synced with bcsId 0.
2019-10-02 07:38:51,180 [RatisApplyTransactionExecutor 1] INFO  interfaces.Container (KeyValueContainer.java:close(335)) - Container 1 is closed with bcsId 0.
2019-10-02 07:38:51,180 [RatisApplyTransactionExecutor 1] INFO  interfaces.Container (KeyValueContainer.java:close(335)) - Container 1 is closed with bcsId 0.
2019-10-02 07:38:51,187 [EventQueue-IncrementalContainerReportForIncrementalContainerReportHandler] WARN  container.IncrementalContainerReportHandler (AbstractContainerReportHandler.java:updateContainerState(143)) - Container #1 is in OPEN state, but the datanode 9154b18f-9664-4d7a-babb-ddc23dc25f76{ip: 192.168.164.211, host: pr-hdds-2227-gdpr-vz6hn-2718222164, networkLocation: /default-rack, certSerialId: null} reports an CLOSED replica.
2019-10-02 07:38:51,187 [EventQueue-IncrementalContainerReportForIncrementalContainerReportHandler] WARN  container.IncrementalContainerReportHandler (AbstractContainerReportHandler.java:updateContainerState(143)) - Container #1 is in OPEN state, but the datanode 914ea15e-b21f-483c-8731-fcf6123bfdb8{ip: 192.168.164.211, host: pr-hdds-2227-gdpr-vz6hn-2718222164, networkLocation: /default-rack, certSerialId: null} reports an CLOSED replica.
2019-10-02 07:38:51,315 [EventQueue-StaleNodeForStaleNodeHandler] INFO  node.StaleNodeHandler (StaleNodeHandler.java:onMessage(58)) - Datanode 6fd6eee1-0931-460a-9d60-5fc0679329ea{ip: 192.168.164.211, host: pr-hdds-2227-gdpr-vz6hn-2718222164, networkLocation: /default-rack, certSerialId: null} moved to stale state. Finalizing its pipelines [PipelineID=0b49d085-c751-40f5-ae4b-8a7205de81a5, PipelineID=ebcc0b12-c698-41d5-82eb-8b9b2962cd1f]
2019-10-02 07:38:51,315 [EventQueue-StaleNodeForStaleNodeHandler] INFO  pipeline.SCMPipelineManager (SCMPipelineManager.java:finalizeAndDestroyPipeline(315)) - destroying pipeline:Pipeline[ Id: 0b49d085-c751-40f5-ae4b-8a7205de81a5, Nodes: 6fd6eee1-0931-460a-9d60-5fc0679329ea{ip: 192.168.164.211, host: pr-hdds-2227-gdpr-vz6hn-2718222164, networkLocation: /default-rack, certSerialId: null}, Type:RATIS, Factor:ONE, State:OPEN]
2019-10-02 07:38:51,315 [EventQueue-StaleNodeForStaleNodeHandler] INFO  pipeline.PipelineStateManager (PipelineStateManager.java:finalizePipeline(123)) - Pipeline Pipeline[ Id: 0b49d085-c751-40f5-ae4b-8a7205de81a5, Nodes: 6fd6eee1-0931-460a-9d60-5fc0679329ea{ip: 192.168.164.211, host: pr-hdds-2227-gdpr-vz6hn-2718222164, networkLocation: /default-rack, certSerialId: null}, Type:RATIS, Factor:ONE, State:CLOSED] moved to CLOSED state
2019-10-02 07:38:51,316 [EventQueue-StaleNodeForStaleNodeHandler] INFO  pipeline.SCMPipelineManager (SCMPipelineManager.java:finalizeAndDestroyPipeline(315)) - destroying pipeline:Pipeline[ Id: ebcc0b12-c698-41d5-82eb-8b9b2962cd1f, Nodes: d54e5ec9-dbdf-4cc4-af70-70ef71242697{ip: 192.168.164.211, host: pr-hdds-2227-gdpr-vz6hn-2718222164, networkLocation: /default-rack, certSerialId: null}6fd6eee1-0931-460a-9d60-5fc0679329ea{ip: 192.168.164.211, host: pr-hdds-2227-gdpr-vz6hn-2718222164, networkLocation: /default-rack, certSerialId: null}877c1e29-213f-4e3e-ace5-02a222c8c7a5{ip: 192.168.164.211, host: pr-hdds-2227-gdpr-vz6hn-2718222164, networkLocation: /default-rack, certSerialId: null}, Type:RATIS, Factor:THREE, State:CLOSED]
2019-10-02 07:38:52,347 [grpc-default-executor-3] WARN  server.GrpcLogAppender (LogUtils.java:warn(134)) - 877c1e29-213f-4e3e-ace5-02a222c8c7a5@group-8B9B2962CD1F->d54e5ec9-dbdf-4cc4-af70-70ef71242697-AppendLogResponseHandler: Failed appendEntries: org.apache.ratis.thirdparty.io.grpc.StatusRuntimeException: UNAVAILABLE: io exception
2019-10-02 07:38:52,347 [grpc-default-executor-4] WARN  server.GrpcLogAppender (LogUtils.java:warn(134)) - 877c1e29-213f-4e3e-ace5-02a222c8c7a5@group-8B9B2962CD1F->6fd6eee1-0931-460a-9d60-5fc0679329ea-AppendLogResponseHandler: Failed appendEntries: org.apache.ratis.thirdparty.io.grpc.StatusRuntimeException: UNAVAILABLE: io exception
2019-10-02 07:38:52,348 [grpc-default-executor-3] INFO  impl.FollowerInfo (FollowerInfo.java:lambda$new$0(51)) - 877c1e29-213f-4e3e-ace5-02a222c8c7a5@group-8B9B2962CD1F->d54e5ec9-dbdf-4cc4-af70-70ef71242697: nextIndex: updateUnconditionally 0 -> 0
2019-10-02 07:38:52,348 [grpc-default-executor-4] INFO  impl.FollowerInfo (FollowerInfo.java:lambda$new$0(51)) - 877c1e29-213f-4e3e-ace5-02a222c8c7a5@group-8B9B2962CD1F->6fd6eee1-0931-460a-9d60-5fc0679329ea: nextIndex: updateUnconditionally 0 -> 0
2019-10-02 07:38:53,585 [grpc-default-executor-3] WARN  server.GrpcLogAppender (LogUtils.java:warn(134)) - 9154b18f-9664-4d7a-babb-ddc23dc25f76@group-6D4952BC3E96->adfcda44-2223-4cc2-9e47-7cf42dcf5791-AppendLogResponseHandler: Failed appendEntries: org.apache.ratis.thirdparty.io.grpc.StatusRuntimeException: UNAVAILABLE: io exception
2019-10-02 07:38:53,586 [grpc-default-executor-3] INFO  impl.FollowerInfo (FollowerInfo.java:lambda$new$0(51)) - 9154b18f-9664-4d7a-babb-ddc23dc25f76@group-6D4952BC3E96->adfcda44-2223-4cc2-9e47-7cf42dcf5791: nextIndex: updateUnconditionally 2 -> 1
2019-10-02 07:38:54,215 [main] WARN  scm.XceiverClientRatis (XceiverClientRatis.java:watchForCommit(292)) - 3 way commit failed on pipeline Pipeline[ Id: 794b076b-f068-4147-852e-6d4952bc3e96, Nodes: adfcda44-2223-4cc2-9e47-7cf42dcf5791{ip: 192.168.164.211, host: pr-hdds-2227-gdpr-vz6hn-2718222164, networkLocation: /default-rack, certSerialId: null}914ea15e-b21f-483c-8731-fcf6123bfdb8{ip: 192.168.164.211, host: pr-hdds-2227-gdpr-vz6hn-2718222164, networkLocation: /default-rack, certSerialId: null}9154b18f-9664-4d7a-babb-ddc23dc25f76{ip: 192.168.164.211, host: pr-hdds-2227-gdpr-vz6hn-2718222164, networkLocation: /default-rack, certSerialId: null}, Type:RATIS, Factor:THREE, State:OPEN]
java.util.concurrent.TimeoutException
	at java.util.concurrent.CompletableFuture.timedGet(CompletableFuture.java:1771)
	at java.util.concurrent.CompletableFuture.get(CompletableFuture.java:1915)
	at org.apache.hadoop.hdds.scm.XceiverClientRatis.watchForCommit(XceiverClientRatis.java:289)
	at org.apache.hadoop.ozone.client.rpc.TestWatchForCommit.test2WayCommitForTimeoutException(TestWatchForCommit.java:391)
	at sun.reflect.NativeMethodAccessorImpl.invoke0(Native Method)
	at sun.reflect.NativeMethodAccessorImpl.invoke(NativeMethodAccessorImpl.java:62)
	at sun.reflect.DelegatingMethodAccessorImpl.invoke(DelegatingMethodAccessorImpl.java:43)
	at java.lang.reflect.Method.invoke(Method.java:498)
	at org.junit.runners.model.FrameworkMethod$1.runReflectiveCall(FrameworkMethod.java:47)
	at org.junit.internal.runners.model.ReflectiveCallable.run(ReflectiveCallable.java:12)
	at org.junit.runners.model.FrameworkMethod.invokeExplosively(FrameworkMethod.java:44)
	at org.junit.internal.runners.statements.InvokeMethod.evaluate(InvokeMethod.java:17)
	at org.junit.runners.ParentRunner.runLeaf(ParentRunner.java:271)
	at org.junit.runners.BlockJUnit4ClassRunner.runChild(BlockJUnit4ClassRunner.java:70)
	at org.junit.runners.BlockJUnit4ClassRunner.runChild(BlockJUnit4ClassRunner.java:50)
	at org.junit.runners.ParentRunner$3.run(ParentRunner.java:238)
	at org.junit.runners.ParentRunner$1.schedule(ParentRunner.java:63)
	at org.junit.runners.ParentRunner.runChildren(ParentRunner.java:236)
	at org.junit.runners.ParentRunner.access$000(ParentRunner.java:53)
	at org.junit.runners.ParentRunner$2.evaluate(ParentRunner.java:229)
	at org.junit.runners.ParentRunner.run(ParentRunner.java:309)
	at org.apache.maven.surefire.junit4.JUnit4Provider.execute(JUnit4Provider.java:365)
	at org.apache.maven.surefire.junit4.JUnit4Provider.executeWithRerun(JUnit4Provider.java:273)
	at org.apache.maven.surefire.junit4.JUnit4Provider.executeTestSet(JUnit4Provider.java:238)
	at org.apache.maven.surefire.junit4.JUnit4Provider.invoke(JUnit4Provider.java:159)
	at org.apache.maven.surefire.booter.ForkedBooter.invokeProviderInSameClassLoader(ForkedBooter.java:384)
	at org.apache.maven.surefire.booter.ForkedBooter.runSuitesInProcess(ForkedBooter.java:345)
	at org.apache.maven.surefire.booter.ForkedBooter.execute(ForkedBooter.java:126)
	at org.apache.maven.surefire.booter.ForkedBooter.main(ForkedBooter.java:418)
2019-10-02 07:38:54,848 [grpc-default-executor-3] WARN  server.GrpcLogAppender (LogUtils.java:warn(134)) - 877c1e29-213f-4e3e-ace5-02a222c8c7a5@group-8B9B2962CD1F->d54e5ec9-dbdf-4cc4-af70-70ef71242697-AppendLogResponseHandler: Failed appendEntries: org.apache.ratis.thirdparty.io.grpc.StatusRuntimeException: UNAVAILABLE: io exception
2019-10-02 07:38:54,848 [grpc-default-executor-6] WARN  server.GrpcLogAppender (LogUtils.java:warn(134)) - 877c1e29-213f-4e3e-ace5-02a222c8c7a5@group-8B9B2962CD1F->6fd6eee1-0931-460a-9d60-5fc0679329ea-AppendLogResponseHandler: Failed appendEntries: org.apache.ratis.thirdparty.io.grpc.StatusRuntimeException: UNAVAILABLE: io exception
2019-10-02 07:38:54,848 [grpc-default-executor-3] INFO  impl.FollowerInfo (FollowerInfo.java:lambda$new$0(51)) - 877c1e29-213f-4e3e-ace5-02a222c8c7a5@group-8B9B2962CD1F->d54e5ec9-dbdf-4cc4-af70-70ef71242697: nextIndex: updateUnconditionally 0 -> 0
2019-10-02 07:38:54,848 [grpc-default-executor-6] INFO  impl.FollowerInfo (FollowerInfo.java:lambda$new$0(51)) - 877c1e29-213f-4e3e-ace5-02a222c8c7a5@group-8B9B2962CD1F->6fd6eee1-0931-460a-9d60-5fc0679329ea: nextIndex: updateUnconditionally 0 -> 0
2019-10-02 07:38:56,086 [grpc-default-executor-5] WARN  server.GrpcLogAppender (LogUtils.java:warn(134)) - 9154b18f-9664-4d7a-babb-ddc23dc25f76@group-6D4952BC3E96->adfcda44-2223-4cc2-9e47-7cf42dcf5791-AppendLogResponseHandler: Failed appendEntries: org.apache.ratis.thirdparty.io.grpc.StatusRuntimeException: UNAVAILABLE: io exception
2019-10-02 07:38:56,087 [grpc-default-executor-5] INFO  impl.FollowerInfo (FollowerInfo.java:lambda$new$0(51)) - 9154b18f-9664-4d7a-babb-ddc23dc25f76@group-6D4952BC3E96->adfcda44-2223-4cc2-9e47-7cf42dcf5791: nextIndex: updateUnconditionally 1 -> 0
]]></system-out>
    <system-err><![CDATA[Oct 02, 2019 7:38:51 AM org.apache.ratis.thirdparty.io.grpc.internal.SerializingExecutor run
SEVERE: Exception while executing runnable org.apache.ratis.thirdparty.io.grpc.internal.ServerImpl$JumpToApplicationThreadServerStreamListener$1Closed@5c7f1f72
org.apache.ratis.thirdparty.io.grpc.StatusRuntimeException: CANCELLED: call already cancelled
	at org.apache.ratis.thirdparty.io.grpc.Status.asRuntimeException(Status.java:517)
	at org.apache.ratis.thirdparty.io.grpc.stub.ServerCalls$ServerCallStreamObserverImpl.onCompleted(ServerCalls.java:356)
	at org.apache.ratis.grpc.server.GrpcServerProtocolService$ServerRequestStreamObserver.onError(GrpcServerProtocolService.java:121)
	at org.apache.ratis.thirdparty.io.grpc.stub.ServerCalls$StreamingServerCallHandler$StreamingServerCallListener.onCancel(ServerCalls.java:269)
	at org.apache.ratis.thirdparty.io.grpc.internal.ServerCallImpl$ServerStreamListenerImpl.closed(ServerCallImpl.java:293)
	at org.apache.ratis.thirdparty.io.grpc.internal.ServerImpl$JumpToApplicationThreadServerStreamListener$1Closed.runInContext(ServerImpl.java:741)
	at org.apache.ratis.thirdparty.io.grpc.internal.ContextRunnable.run(ContextRunnable.java:37)
	at org.apache.ratis.thirdparty.io.grpc.internal.SerializingExecutor.run(SerializingExecutor.java:123)
	at java.util.concurrent.ThreadPoolExecutor.runWorker(ThreadPoolExecutor.java:1149)
	at java.util.concurrent.ThreadPoolExecutor$Worker.run(ThreadPoolExecutor.java:624)
	at java.lang.Thread.run(Thread.java:748)

]]></system-err>
  </testcase>
</testsuite>