<?xml version="1.0" encoding="UTF-8"?>
<testsuite xmlns:xsi="http://www.w3.org/2001/XMLSchema-instance" xsi:noNamespaceSchemaLocation="https://maven.apache.org/surefire/maven-surefire-plugin/xsd/surefire-test-report.xsd" name="org.apache.hadoop.ozone.client.rpc.TestBlockOutputStreamWithFailures" time="667.514" tests="8" errors="0" skipped="0" failures="2">
  <properties>
    <property name="awt.toolkit" value="sun.awt.X11.XToolkit"/>
    <property name="file.encoding.pkg" value="sun.io"/>
    <property name="java.specification.version" value="1.8"/>
    <property name="sun.cpu.isalist" value=""/>
    <property name="sun.jnu.encoding" value="UTF-8"/>
    <property name="java.class.path" value="/workdir/hadoop-ozone/integration-test/target/test-classes:/workdir/hadoop-ozone/integration-test/target/classes:/home/user/.m2/repository/org/apache/hadoop/hadoop-ozone-common/0.5.0-SNAPSHOT/hadoop-ozone-common-0.5.0-SNAPSHOT.jar:/home/user/.m2/repository/org/apache/commons/commons-compress/1.4.1/commons-compress-1.4.1.jar:/home/user/.m2/repository/org/tukaani/xz/1.0/xz-1.0.jar:/home/user/.m2/repository/org/apache/hadoop/hadoop-common/3.2.0/hadoop-common-3.2.0.jar:/home/user/.m2/repository/org/apache/hadoop/hadoop-hdfs/3.2.0/hadoop-hdfs-3.2.0.jar:/home/user/.m2/repository/org/apache/hadoop/hadoop-hdfs-client/3.2.0/hadoop-hdfs-client-3.2.0.jar:/home/user/.m2/repository/com/fasterxml/jackson/core/jackson-annotations/2.9.9/jackson-annotations-2.9.9.jar:/home/user/.m2/repository/org/apache/hadoop/hadoop-hdds-common/0.5.0-SNAPSHOT/hadoop-hdds-common-0.5.0-SNAPSHOT.jar:/home/user/.m2/repository/javax/annotation/javax.annotation-api/1.2/javax.annotation-api-1.2.jar:/home/user/.m2/repository/org/apache/ratis/ratis-server/0.5.0-201fc85-SNAPSHOT/ratis-server-0.5.0-201fc85-SNAPSHOT.jar:/home/user/.m2/repository/org/apache/ratis/ratis-thirdparty-misc/0.2.0/ratis-thirdparty-misc-0.2.0.jar:/home/user/.m2/repository/org/apache/ratis/ratis-proto/0.5.0-201fc85-SNAPSHOT/ratis-proto-0.5.0-201fc85-SNAPSHOT.jar:/home/user/.m2/repository/org/apache/ratis/ratis-common/0.5.0-201fc85-SNAPSHOT/ratis-common-0.5.0-201fc85-SNAPSHOT.jar:/home/user/.m2/repository/org/apache/ratis/ratis-client/0.5.0-201fc85-SNAPSHOT/ratis-client-0.5.0-201fc85-SNAPSHOT.jar:/home/user/.m2/repository/org/apache/ratis/ratis-metrics/0.5.0-201fc85-SNAPSHOT/ratis-metrics-0.5.0-201fc85-SNAPSHOT.jar:/home/user/.m2/repository/com/github/joshelser/dropwizard-metrics-hadoop-metrics2-reporter/0.1.2/dropwizard-metrics-hadoop-metrics2-reporter-0.1.2.jar:/home/user/.m2/repository/io/dropwizard/metrics/metrics-jvm/3.2.5/metrics-jvm-3.2.5.jar:/home/user/.m2/repository/io/dropwizard/metrics/metrics-ganglia/3.2.5/metrics-ganglia-3.2.5.jar:/home/user/.m2/repository/info/ganglia/gmetric4j/gmetric4j/1.0.7/gmetric4j-1.0.7.jar:/home/user/.m2/repository/org/apache/ratis/ratis-netty/0.5.0-201fc85-SNAPSHOT/ratis-netty-0.5.0-201fc85-SNAPSHOT.jar:/home/user/.m2/repository/org/apache/ratis/ratis-grpc/0.5.0-201fc85-SNAPSHOT/ratis-grpc-0.5.0-201fc85-SNAPSHOT.jar:/home/user/.m2/repository/org/rocksdb/rocksdbjni/6.0.1/rocksdbjni-6.0.1.jar:/home/user/.m2/repository/org/apache/logging/log4j/log4j-api/2.11.0/log4j-api-2.11.0.jar:/home/user/.m2/repository/org/apache/logging/log4j/log4j-core/2.11.0/log4j-core-2.11.0.jar:/home/user/.m2/repository/com/lmax/disruptor/3.4.2/disruptor-3.4.2.jar:/home/user/.m2/repository/org/apache/commons/commons-pool2/2.6.0/commons-pool2-2.6.0.jar:/home/user/.m2/repository/org/bouncycastle/bcpkix-jdk15on/1.60/bcpkix-jdk15on-1.60.jar:/home/user/.m2/repository/commons-validator/commons-validator/1.6/commons-validator-1.6.jar:/home/user/.m2/repository/commons-digester/commons-digester/1.8.1/commons-digester-1.8.1.jar:/home/user/.m2/repository/io/jaegertracing/jaeger-client/0.34.0/jaeger-client-0.34.0.jar:/home/user/.m2/repository/io/jaegertracing/jaeger-thrift/0.34.0/jaeger-thrift-0.34.0.jar:/home/user/.m2/repository/org/apache/thrift/libthrift/0.12.0/libthrift-0.12.0.jar:/home/user/.m2/repository/com/squareup/okhttp3/okhttp/3.9.0/okhttp-3.9.0.jar:/home/user/.m2/repository/com/squareup/okio/okio/1.13.0/okio-1.13.0.jar:/home/user/.m2/repository/io/jaegertracing/jaeger-core/0.34.0/jaeger-core-0.34.0.jar:/home/user/.m2/repository/io/jaegertracing/jaeger-tracerresolver/0.34.0/jaeger-tracerresolver-0.34.0.jar:/home/user/.m2/repository/io/opentracing/contrib/opentracing-tracerresolver/0.1.5/opentracing-tracerresolver-0.1.5.jar:/home/user/.m2/repository/io/opentracing/opentracing-util/0.31.0/opentracing-util-0.31.0.jar:/home/user/.m2/repository/io/opentracing/opentracing-api/0.31.0/opentracing-api-0.31.0.jar:/home/user/.m2/repository/io/opentracing/opentracing-noop/0.31.0/opentracing-noop-0.31.0.jar:/home/user/.m2/repository/org/apache/hadoop/hadoop-hdds-server-framework/0.5.0-SNAPSHOT/hadoop-hdds-server-framework-0.5.0-SNAPSHOT.jar:/home/user/.m2/repository/org/apache/hadoop/hadoop-hdds-container-service/0.5.0-SNAPSHOT/hadoop-hdds-container-service-0.5.0-SNAPSHOT.jar:/home/user/.m2/repository/org/apache/hadoop/hadoop-hdds-client/0.5.0-SNAPSHOT/hadoop-hdds-client-0.5.0-SNAPSHOT.jar:/home/user/.m2/repository/org/apache/hadoop/hadoop-hdds-tools/0.5.0-SNAPSHOT/hadoop-hdds-tools-0.5.0-SNAPSHOT.jar:/home/user/.m2/repository/org/apache/hadoop/hadoop-hdds-server-scm/0.5.0-SNAPSHOT/hadoop-hdds-server-scm-0.5.0-SNAPSHOT.jar:/home/user/.m2/repository/org/apache/hadoop/hadoop-hdds-docs/0.5.0-SNAPSHOT/hadoop-hdds-docs-0.5.0-SNAPSHOT.jar:/home/user/.m2/repository/io/dropwizard/metrics/metrics-core/3.2.4/metrics-core-3.2.4.jar:/home/user/.m2/repository/org/hamcrest/hamcrest-all/1.3/hamcrest-all-1.3.jar:/home/user/.m2/repository/org/bouncycastle/bcprov-jdk15on/1.60/bcprov-jdk15on-1.60.jar:/home/user/.m2/repository/info/picocli/picocli/3.9.6/picocli-3.9.6.jar:/home/user/.m2/repository/com/google/protobuf/protobuf-java/2.5.0/protobuf-java-2.5.0.jar:/home/user/.m2/repository/com/google/guava/guava/11.0.2/guava-11.0.2.jar:/home/user/.m2/repository/org/apache/hadoop/hadoop-ozone-ozone-manager/0.5.0-SNAPSHOT/hadoop-ozone-ozone-manager-0.5.0-SNAPSHOT.jar:/home/user/.m2/repository/org/apache/hadoop/hadoop-minikdc/3.2.0/hadoop-minikdc-3.2.0.jar:/home/user/.m2/repository/commons-io/commons-io/2.5/commons-io-2.5.jar:/home/user/.m2/repository/org/apache/kerby/kerb-simplekdc/1.0.1/kerb-simplekdc-1.0.1.jar:/home/user/.m2/repository/org/apache/kerby/kerb-client/1.0.1/kerb-client-1.0.1.jar:/home/user/.m2/repository/org/apache/kerby/kerby-config/1.0.1/kerby-config-1.0.1.jar:/home/user/.m2/repository/org/apache/kerby/kerb-core/1.0.1/kerb-core-1.0.1.jar:/home/user/.m2/repository/org/apache/kerby/kerby-pkix/1.0.1/kerby-pkix-1.0.1.jar:/home/user/.m2/repository/org/apache/kerby/kerby-asn1/1.0.1/kerby-asn1-1.0.1.jar:/home/user/.m2/repository/org/apache/kerby/kerby-util/1.0.1/kerby-util-1.0.1.jar:/home/user/.m2/repository/org/apache/kerby/kerb-common/1.0.1/kerb-common-1.0.1.jar:/home/user/.m2/repository/org/apache/kerby/kerb-crypto/1.0.1/kerb-crypto-1.0.1.jar:/home/user/.m2/repository/org/apache/kerby/kerb-util/1.0.1/kerb-util-1.0.1.jar:/home/user/.m2/repository/org/apache/kerby/token-provider/1.0.1/token-provider-1.0.1.jar:/home/user/.m2/repository/org/apache/kerby/kerb-admin/1.0.1/kerb-admin-1.0.1.jar:/home/user/.m2/repository/org/apache/kerby/kerb-server/1.0.1/kerb-server-1.0.1.jar:/home/user/.m2/repository/org/apache/kerby/kerb-identity/1.0.1/kerb-identity-1.0.1.jar:/home/user/.m2/repository/org/apache/kerby/kerby-xdr/1.0.1/kerby-xdr-1.0.1.jar:/home/user/.m2/repository/org/slf4j/slf4j-log4j12/1.7.25/slf4j-log4j12-1.7.25.jar:/home/user/.m2/repository/org/apache/hadoop/hadoop-ozone-s3gateway/0.5.0-SNAPSHOT/hadoop-ozone-s3gateway-0.5.0-SNAPSHOT.jar:/home/user/.m2/repository/org/jboss/weld/servlet/weld-servlet/2.4.7.Final/weld-servlet-2.4.7.Final.jar:/home/user/.m2/repository/org/glassfish/jersey/containers/jersey-container-servlet-core/2.27/jersey-container-servlet-core-2.27.jar:/home/user/.m2/repository/org/glassfish/hk2/external/javax.inject/2.5.0-b42/javax.inject-2.5.0-b42.jar:/home/user/.m2/repository/org/glassfish/jersey/core/jersey-common/2.27/jersey-common-2.27.jar:/home/user/.m2/repository/org/glassfish/hk2/osgi-resource-locator/1.0.1/osgi-resource-locator-1.0.1.jar:/home/user/.m2/repository/javax/ws/rs/javax.ws.rs-api/2.1/javax.ws.rs-api-2.1.jar:/home/user/.m2/repository/org/glassfish/jersey/ext/cdi/jersey-cdi1x/2.27/jersey-cdi1x-2.27.jar:/home/user/.m2/repository/org/glassfish/jersey/inject/jersey-hk2/2.27/jersey-hk2-2.27.jar:/home/user/.m2/repository/org/glassfish/hk2/hk2-locator/2.5.0-b42/hk2-locator-2.5.0-b42.jar:/home/user/.m2/repository/org/javassist/javassist/3.22.0-CR2/javassist-3.22.0-CR2.jar:/home/user/.m2/repository/org/glassfish/hk2/hk2-api/2.5.0/hk2-api-2.5.0.jar:/home/user/.m2/repository/org/glassfish/hk2/external/jakarta.inject/2.5.0/jakarta.inject-2.5.0.jar:/home/user/.m2/repository/org/glassfish/hk2/hk2-utils/2.5.0/hk2-utils-2.5.0.jar:/home/user/.m2/repository/jakarta/annotation/jakarta.annotation-api/1.3.4/jakarta.annotation-api-1.3.4.jar:/home/user/.m2/repository/org/glassfish/hk2/external/aopalliance-repackaged/2.5.0/aopalliance-repackaged-2.5.0.jar:/home/user/.m2/repository/com/fasterxml/jackson/dataformat/jackson-dataformat-xml/2.9.0/jackson-dataformat-xml-2.9.0.jar:/home/user/.m2/repository/com/fasterxml/jackson/core/jackson-core/2.9.9/jackson-core-2.9.9.jar:/home/user/.m2/repository/com/fasterxml/jackson/module/jackson-module-jaxb-annotations/2.9.9/jackson-module-jaxb-annotations-2.9.9.jar:/home/user/.m2/repository/javax/enterprise/cdi-api/1.2/cdi-api-1.2.jar:/home/user/.m2/repository/javax/el/javax.el-api/3.0.0/javax.el-api-3.0.0.jar:/home/user/.m2/repository/javax/interceptor/javax.interceptor-api/1.2/javax.interceptor-api-1.2.jar:/home/user/.m2/repository/javax/inject/javax.inject/1/javax.inject-1.jar:/home/user/.m2/repository/com/sun/xml/bind/jaxb-impl/2.3.0.1/jaxb-impl-2.3.0.1.jar:/home/user/.m2/repository/com/sun/xml/bind/jaxb-core/2.3.0.1/jaxb-core-2.3.0.1.jar:/home/user/.m2/repository/javax/xml/bind/jaxb-api/2.3.0/jaxb-api-2.3.0.jar:/home/user/.m2/repository/javax/activation/activation/1.1.1/activation-1.1.1.jar:/home/user/.m2/repository/org/apache/hadoop/hadoop-ozone-csi/0.5.0-SNAPSHOT/hadoop-ozone-csi-0.5.0-SNAPSHOT.jar:/home/user/.m2/repository/com/google/protobuf/protobuf-java-util/3.5.1/protobuf-java-util-3.5.1.jar:/home/user/.m2/repository/org/apache/hadoop/hadoop-hdds-config/0.5.0-SNAPSHOT/hadoop-hdds-config-0.5.0-SNAPSHOT.jar:/home/user/.m2/repository/io/grpc/grpc-netty/1.17.1/grpc-netty-1.17.1.jar:/home/user/.m2/repository/io/grpc/grpc-core/1.17.1/grpc-core-1.17.1.jar:/home/user/.m2/repository/io/grpc/grpc-context/1.17.1/grpc-context-1.17.1.jar:/home/user/.m2/repository/com/google/errorprone/error_prone_annotations/2.2.0/error_prone_annotations-2.2.0.jar:/home/user/.m2/repository/org/codehaus/mojo/animal-sniffer-annotations/1.17/animal-sniffer-annotations-1.17.jar:/home/user/.m2/repository/io/opencensus/opencensus-api/0.17.0/opencensus-api-0.17.0.jar:/home/user/.m2/repository/io/opencensus/opencensus-contrib-grpc-metrics/0.17.0/opencensus-contrib-grpc-metrics-0.17.0.jar:/home/user/.m2/repository/io/netty/netty-codec-http2/4.1.30.Final/netty-codec-http2-4.1.30.Final.jar:/home/user/.m2/repository/io/netty/netty-codec-http/4.1.30.Final/netty-codec-http-4.1.30.Final.jar:/home/user/.m2/repository/io/netty/netty-codec/4.1.30.Final/netty-codec-4.1.30.Final.jar:/home/user/.m2/repository/io/netty/netty-handler/4.1.30.Final/netty-handler-4.1.30.Final.jar:/home/user/.m2/repository/io/netty/netty-handler-proxy/4.1.30.Final/netty-handler-proxy-4.1.30.Final.jar:/home/user/.m2/repository/io/netty/netty-codec-socks/4.1.30.Final/netty-codec-socks-4.1.30.Final.jar:/home/user/.m2/repository/io/netty/netty-transport-native-epoll/4.1.30.Final/netty-transport-native-epoll-4.1.30.Final.jar:/home/user/.m2/repository/io/netty/netty-common/4.1.30.Final/netty-common-4.1.30.Final.jar:/home/user/.m2/repository/io/netty/netty-buffer/4.1.30.Final/netty-buffer-4.1.30.Final.jar:/home/user/.m2/repository/io/netty/netty-transport/4.1.30.Final/netty-transport-4.1.30.Final.jar:/home/user/.m2/repository/io/netty/netty-resolver/4.1.30.Final/netty-resolver-4.1.30.Final.jar:/home/user/.m2/repository/io/netty/netty-transport-native-unix-common/4.1.30.Final/netty-transport-native-unix-common-4.1.30.Final.jar:/home/user/.m2/repository/io/grpc/grpc-protobuf/1.17.1/grpc-protobuf-1.17.1.jar:/home/user/.m2/repository/com/google/api/grpc/proto-google-common-protos/1.0.0/proto-google-common-protos-1.0.0.jar:/home/user/.m2/repository/io/grpc/grpc-protobuf-lite/1.17.1/grpc-protobuf-lite-1.17.1.jar:/home/user/.m2/repository/io/grpc/grpc-stub/1.17.1/grpc-stub-1.17.1.jar:/home/user/.m2/repository/org/apache/hadoop/hadoop-ozone-recon/0.5.0-SNAPSHOT/hadoop-ozone-recon-0.5.0-SNAPSHOT.jar:/home/user/.m2/repository/org/apache/hadoop/hadoop-ozone-reconcodegen/0.5.0-SNAPSHOT/hadoop-ozone-reconcodegen-0.5.0-SNAPSHOT.jar:/home/user/.m2/repository/com/google/inject/extensions/guice-multibindings/4.0/guice-multibindings-4.0.jar:/home/user/.m2/repository/com/google/inject/guice/4.0/guice-4.0.jar:/home/user/.m2/repository/aopalliance/aopalliance/1.0/aopalliance-1.0.jar:/home/user/.m2/repository/com/google/inject/extensions/guice-servlet/4.0/guice-servlet-4.0.jar:/home/user/.m2/repository/org/glassfish/jersey/containers/jersey-container-servlet/2.27/jersey-container-servlet-2.27.jar:/home/user/.m2/repository/org/glassfish/hk2/guice-bridge/2.5.0/guice-bridge-2.5.0.jar:/home/user/.m2/repository/org/glassfish/jersey/core/jersey-server/2.27/jersey-server-2.27.jar:/home/user/.m2/repository/org/glassfish/jersey/core/jersey-client/2.27/jersey-client-2.27.jar:/home/user/.m2/repository/org/glassfish/jersey/media/jersey-media-jaxb/2.27/jersey-media-jaxb-2.27.jar:/home/user/.m2/repository/javax/validation/validation-api/1.1.0.Final/validation-api-1.1.0.Final.jar:/home/user/.m2/repository/org/glassfish/jersey/media/jersey-media-json-jackson/2.27/jersey-media-json-jackson-2.27.jar:/home/user/.m2/repository/org/glassfish/jersey/ext/jersey-entity-filtering/2.27/jersey-entity-filtering-2.27.jar:/home/user/.m2/repository/com/google/inject/extensions/guice-assistedinject/4.0/guice-assistedinject-4.0.jar:/home/user/.m2/repository/org/jooq/jooq/3.11.10/jooq-3.11.10.jar:/home/user/.m2/repository/org/jooq/jooq-meta/3.11.10/jooq-meta-3.11.10.jar:/home/user/.m2/repository/org/jooq/jooq-codegen/3.11.10/jooq-codegen-3.11.10.jar:/home/user/.m2/repository/com/jolbox/bonecp/0.8.0.RELEASE/bonecp-0.8.0.RELEASE.jar:/home/user/.m2/repository/org/xerial/sqlite-jdbc/3.25.2/sqlite-jdbc-3.25.2.jar:/home/user/.m2/repository/org/springframework/spring-jdbc/5.1.3.RELEASE/spring-jdbc-5.1.3.RELEASE.jar:/home/user/.m2/repository/org/springframework/spring-beans/5.1.3.RELEASE/spring-beans-5.1.3.RELEASE.jar:/home/user/.m2/repository/org/springframework/spring-core/5.1.3.RELEASE/spring-core-5.1.3.RELEASE.jar:/home/user/.m2/repository/org/springframework/spring-jcl/5.1.3.RELEASE/spring-jcl-5.1.3.RELEASE.jar:/home/user/.m2/repository/org/springframework/spring-tx/5.1.3.RELEASE/spring-tx-5.1.3.RELEASE.jar:/home/user/.m2/repository/org/apache/hadoop/hadoop-ozone-client/0.5.0-SNAPSHOT/hadoop-ozone-client-0.5.0-SNAPSHOT.jar:/home/user/.m2/repository/commons-lang/commons-lang/2.6/commons-lang-2.6.jar:/home/user/.m2/repository/org/apache/hadoop/hadoop-ozone-ozone-manager/0.5.0-SNAPSHOT/hadoop-ozone-ozone-manager-0.5.0-SNAPSHOT-tests.jar:/home/user/.m2/repository/junit/junit/4.11/junit-4.11.jar:/home/user/.m2/repository/org/hamcrest/hamcrest-core/1.3/hamcrest-core-1.3.jar:/home/user/.m2/repository/org/openjdk/jmh/jmh-core/1.19/jmh-core-1.19.jar:/home/user/.m2/repository/net/sf/jopt-simple/jopt-simple/4.6/jopt-simple-4.6.jar:/home/user/.m2/repository/org/apache/commons/commons-math3/3.1.1/commons-math3-3.1.1.jar:/home/user/.m2/repository/org/openjdk/jmh/jmh-generator-annprocess/1.19/jmh-generator-annprocess-1.19.jar:/home/user/.m2/repository/org/mockito/mockito-all/1.8.5/mockito-all-1.8.5.jar:/home/user/.m2/repository/org/apache/hadoop/hadoop-kms/3.2.0/hadoop-kms-3.2.0.jar:/home/user/.m2/repository/org/apache/hadoop/hadoop-auth/3.2.0/hadoop-auth-3.2.0.jar:/home/user/.m2/repository/com/nimbusds/nimbus-jose-jwt/4.41.1/nimbus-jose-jwt-4.41.1.jar:/home/user/.m2/repository/com/github/stephenc/jcip/jcip-annotations/1.0-1/jcip-annotations-1.0-1.jar:/home/user/.m2/repository/net/minidev/json-smart/2.3/json-smart-2.3.jar:/home/user/.m2/repository/net/minidev/accessors-smart/1.2/accessors-smart-1.2.jar:/home/user/.m2/repository/org/ow2/asm/asm/5.0.4/asm-5.0.4.jar:/home/user/.m2/repository/org/apache/curator/curator-framework/2.12.0/curator-framework-2.12.0.jar:/home/user/.m2/repository/com/sun/jersey/jersey-core/1.19/jersey-core-1.19.jar:/home/user/.m2/repository/javax/ws/rs/jsr311-api/1.1.1/jsr311-api-1.1.1.jar:/home/user/.m2/repository/com/sun/jersey/jersey-server/1.19/jersey-server-1.19.jar:/home/user/.m2/repository/javax/servlet/javax.servlet-api/3.1.0/javax.servlet-api-3.1.0.jar:/home/user/.m2/repository/org/eclipse/jetty/jetty-server/9.3.25.v20180904/jetty-server-9.3.25.v20180904.jar:/home/user/.m2/repository/org/eclipse/jetty/jetty-http/9.3.25.v20180904/jetty-http-9.3.25.v20180904.jar:/home/user/.m2/repository/org/eclipse/jetty/jetty-io/9.3.25.v20180904/jetty-io-9.3.25.v20180904.jar:/home/user/.m2/repository/org/eclipse/jetty/jetty-webapp/9.3.25.v20180904/jetty-webapp-9.3.25.v20180904.jar:/home/user/.m2/repository/org/eclipse/jetty/jetty-xml/9.3.25.v20180904/jetty-xml-9.3.25.v20180904.jar:/home/user/.m2/repository/log4j/log4j/1.2.17/log4j-1.2.17.jar:/home/user/.m2/repository/org/slf4j/slf4j-api/1.7.25/slf4j-api-1.7.25.jar:/home/user/.m2/repository/org/slf4j/jul-to-slf4j/1.7.25/jul-to-slf4j-1.7.25.jar:/home/user/.m2/repository/org/eclipse/jetty/jetty-util/9.3.25.v20180904/jetty-util-9.3.25.v20180904.jar:/home/user/.m2/repository/com/fasterxml/jackson/core/jackson-databind/2.9.9/jackson-databind-2.9.9.jar:/home/user/.m2/repository/org/apache/hadoop/hadoop-kms/3.2.0/hadoop-kms-3.2.0-tests.jar:/home/user/.m2/repository/org/apache/hadoop/hadoop-hdds-server-scm/0.5.0-SNAPSHOT/hadoop-hdds-server-scm-0.5.0-SNAPSHOT-tests.jar:/home/user/.m2/repository/org/apache/hadoop/hadoop-hdds-container-service/0.5.0-SNAPSHOT/hadoop-hdds-container-service-0.5.0-SNAPSHOT-tests.jar:/home/user/.m2/repository/org/yaml/snakeyaml/1.16/snakeyaml-1.16.jar:/home/user/.m2/repository/org/apache/hadoop/hadoop-common/3.2.0/hadoop-common-3.2.0-tests.jar:/home/user/.m2/repository/org/apache/hadoop/hadoop-annotations/3.2.0/hadoop-annotations-3.2.0.jar:/usr/lib/jvm/java-1.8-openjdk/jre/../lib/tools.jar:/home/user/.m2/repository/commons-cli/commons-cli/1.2/commons-cli-1.2.jar:/home/user/.m2/repository/org/apache/httpcomponents/httpclient/4.5.2/httpclient-4.5.2.jar:/home/user/.m2/repository/org/apache/httpcomponents/httpcore/4.4.4/httpcore-4.4.4.jar:/home/user/.m2/repository/commons-codec/commons-codec/1.11/commons-codec-1.11.jar:/home/user/.m2/repository/commons-net/commons-net/3.6/commons-net-3.6.jar:/home/user/.m2/repository/commons-collections/commons-collections/3.2.2/commons-collections-3.2.2.jar:/home/user/.m2/repository/org/eclipse/jetty/jetty-servlet/9.3.25.v20180904/jetty-servlet-9.3.25.v20180904.jar:/home/user/.m2/repository/org/eclipse/jetty/jetty-security/9.3.25.v20180904/jetty-security-9.3.25.v20180904.jar:/home/user/.m2/repository/javax/servlet/jsp/jsp-api/2.1/jsp-api-2.1.jar:/home/user/.m2/repository/com/sun/jersey/jersey-servlet/1.19/jersey-servlet-1.19.jar:/home/user/.m2/repository/com/sun/jersey/jersey-json/1.19/jersey-json-1.19.jar:/home/user/.m2/repository/org/codehaus/jettison/jettison/1.1/jettison-1.1.jar:/home/user/.m2/repository/org/codehaus/jackson/jackson-core-asl/1.9.13/jackson-core-asl-1.9.13.jar:/home/user/.m2/repository/org/codehaus/jackson/jackson-mapper-asl/1.9.13/jackson-mapper-asl-1.9.13.jar:/home/user/.m2/repository/org/codehaus/jackson/jackson-jaxrs/1.9.13/jackson-jaxrs-1.9.13.jar:/home/user/.m2/repository/org/codehaus/jackson/jackson-xc/1.9.13/jackson-xc-1.9.13.jar:/home/user/.m2/repository/commons-logging/commons-logging/1.1.3/commons-logging-1.1.3.jar:/home/user/.m2/repository/commons-beanutils/commons-beanutils/1.9.4/commons-beanutils-1.9.4.jar:/home/user/.m2/repository/org/apache/commons/commons-configuration2/2.1.1/commons-configuration2-2.1.1.jar:/home/user/.m2/repository/org/apache/commons/commons-lang3/3.7/commons-lang3-3.7.jar:/home/user/.m2/repository/org/apache/commons/commons-text/1.4/commons-text-1.4.jar:/home/user/.m2/repository/org/apache/avro/avro/1.7.7/avro-1.7.7.jar:/home/user/.m2/repository/com/thoughtworks/paranamer/paranamer/2.3/paranamer-2.3.jar:/home/user/.m2/repository/org/xerial/snappy/snappy-java/1.0.5/snappy-java-1.0.5.jar:/home/user/.m2/repository/com/google/re2j/re2j/1.1/re2j-1.1.jar:/home/user/.m2/repository/com/google/code/gson/gson/2.2.4/gson-2.2.4.jar:/home/user/.m2/repository/com/jcraft/jsch/0.1.54/jsch-0.1.54.jar:/home/user/.m2/repository/org/apache/curator/curator-client/2.12.0/curator-client-2.12.0.jar:/home/user/.m2/repository/org/apache/curator/curator-recipes/2.12.0/curator-recipes-2.12.0.jar:/home/user/.m2/repository/com/google/code/findbugs/jsr305/3.0.0/jsr305-3.0.0.jar:/home/user/.m2/repository/org/apache/htrace/htrace-core4/4.1.0-incubating/htrace-core4-4.1.0-incubating.jar:/home/user/.m2/repository/org/apache/zookeeper/zookeeper/3.4.13/zookeeper-3.4.13.jar:/home/user/.m2/repository/jline/jline/0.9.94/jline-0.9.94.jar:/home/user/.m2/repository/org/apache/yetus/audience-annotations/0.5.0/audience-annotations-0.5.0.jar:/home/user/.m2/repository/org/codehaus/woodstox/stax2-api/3.1.4/stax2-api-3.1.4.jar:/home/user/.m2/repository/com/fasterxml/woodstox/woodstox-core/5.0.3/woodstox-core-5.0.3.jar:/home/user/.m2/repository/dnsjava/dnsjava/2.1.7/dnsjava-2.1.7.jar:/home/user/.m2/repository/org/apache/hadoop/hadoop-hdfs/3.2.0/hadoop-hdfs-3.2.0-tests.jar:/home/user/.m2/repository/org/eclipse/jetty/jetty-util-ajax/9.3.25.v20180904/jetty-util-ajax-9.3.25.v20180904.jar:/home/user/.m2/repository/commons-daemon/commons-daemon/1.0.13/commons-daemon-1.0.13.jar:/home/user/.m2/repository/io/netty/netty/3.10.5.Final/netty-3.10.5.Final.jar:/home/user/.m2/repository/io/netty/netty-all/4.0.52.Final/netty-all-4.0.52.Final.jar:/home/user/.m2/repository/org/fusesource/leveldbjni/leveldbjni-all/1.8/leveldbjni-all-1.8.jar:"/>
    <property name="java.vm.vendor" value="IcedTea"/>
    <property name="sun.arch.data.model" value="64"/>
    <property name="test.build.dir" value="/workdir/hadoop-ozone/integration-test/target/test-dir"/>
    <property name="test.cache.data" value=""/>
    <property name="java.vendor.url" value="https://icedtea.classpath.org"/>
    <property name="user.timezone" value=""/>
    <property name="java.vm.specification.version" value="1.8"/>
    <property name="os.name" value="Linux"/>
    <property name="test.build.data" value="/workdir/hadoop-ozone/integration-test/target/test-dir"/>
    <property name="user.country" value="US"/>
    <property name="sun.java.launcher" value="SUN_STANDARD"/>
    <property name="sun.boot.library.path" value="/usr/lib/jvm/java-1.8-openjdk/jre/lib/amd64"/>
    <property name="sun.java.command" value="/workdir/hadoop-ozone/integration-test/target/surefire/surefirebooter6346400674554860328.jar /workdir/hadoop-ozone/integration-test/target/surefire 2019-10-02T06-53-42_515-jvmRun1 surefire5654122599435905916tmp surefire_654256894085578204773tmp"/>
    <property name="test" value="!TestMiniChaosOzoneCluster"/>
    <property name="surefire.test.class.path" value="/workdir/hadoop-ozone/integration-test/target/test-classes:/workdir/hadoop-ozone/integration-test/target/classes:/home/user/.m2/repository/org/apache/hadoop/hadoop-ozone-common/0.5.0-SNAPSHOT/hadoop-ozone-common-0.5.0-SNAPSHOT.jar:/home/user/.m2/repository/org/apache/commons/commons-compress/1.4.1/commons-compress-1.4.1.jar:/home/user/.m2/repository/org/tukaani/xz/1.0/xz-1.0.jar:/home/user/.m2/repository/org/apache/hadoop/hadoop-common/3.2.0/hadoop-common-3.2.0.jar:/home/user/.m2/repository/org/apache/hadoop/hadoop-hdfs/3.2.0/hadoop-hdfs-3.2.0.jar:/home/user/.m2/repository/org/apache/hadoop/hadoop-hdfs-client/3.2.0/hadoop-hdfs-client-3.2.0.jar:/home/user/.m2/repository/com/fasterxml/jackson/core/jackson-annotations/2.9.9/jackson-annotations-2.9.9.jar:/home/user/.m2/repository/org/apache/hadoop/hadoop-hdds-common/0.5.0-SNAPSHOT/hadoop-hdds-common-0.5.0-SNAPSHOT.jar:/home/user/.m2/repository/javax/annotation/javax.annotation-api/1.2/javax.annotation-api-1.2.jar:/home/user/.m2/repository/org/apache/ratis/ratis-server/0.5.0-201fc85-SNAPSHOT/ratis-server-0.5.0-201fc85-SNAPSHOT.jar:/home/user/.m2/repository/org/apache/ratis/ratis-thirdparty-misc/0.2.0/ratis-thirdparty-misc-0.2.0.jar:/home/user/.m2/repository/org/apache/ratis/ratis-proto/0.5.0-201fc85-SNAPSHOT/ratis-proto-0.5.0-201fc85-SNAPSHOT.jar:/home/user/.m2/repository/org/apache/ratis/ratis-common/0.5.0-201fc85-SNAPSHOT/ratis-common-0.5.0-201fc85-SNAPSHOT.jar:/home/user/.m2/repository/org/apache/ratis/ratis-client/0.5.0-201fc85-SNAPSHOT/ratis-client-0.5.0-201fc85-SNAPSHOT.jar:/home/user/.m2/repository/org/apache/ratis/ratis-metrics/0.5.0-201fc85-SNAPSHOT/ratis-metrics-0.5.0-201fc85-SNAPSHOT.jar:/home/user/.m2/repository/com/github/joshelser/dropwizard-metrics-hadoop-metrics2-reporter/0.1.2/dropwizard-metrics-hadoop-metrics2-reporter-0.1.2.jar:/home/user/.m2/repository/io/dropwizard/metrics/metrics-jvm/3.2.5/metrics-jvm-3.2.5.jar:/home/user/.m2/repository/io/dropwizard/metrics/metrics-ganglia/3.2.5/metrics-ganglia-3.2.5.jar:/home/user/.m2/repository/info/ganglia/gmetric4j/gmetric4j/1.0.7/gmetric4j-1.0.7.jar:/home/user/.m2/repository/org/apache/ratis/ratis-netty/0.5.0-201fc85-SNAPSHOT/ratis-netty-0.5.0-201fc85-SNAPSHOT.jar:/home/user/.m2/repository/org/apache/ratis/ratis-grpc/0.5.0-201fc85-SNAPSHOT/ratis-grpc-0.5.0-201fc85-SNAPSHOT.jar:/home/user/.m2/repository/org/rocksdb/rocksdbjni/6.0.1/rocksdbjni-6.0.1.jar:/home/user/.m2/repository/org/apache/logging/log4j/log4j-api/2.11.0/log4j-api-2.11.0.jar:/home/user/.m2/repository/org/apache/logging/log4j/log4j-core/2.11.0/log4j-core-2.11.0.jar:/home/user/.m2/repository/com/lmax/disruptor/3.4.2/disruptor-3.4.2.jar:/home/user/.m2/repository/org/apache/commons/commons-pool2/2.6.0/commons-pool2-2.6.0.jar:/home/user/.m2/repository/org/bouncycastle/bcpkix-jdk15on/1.60/bcpkix-jdk15on-1.60.jar:/home/user/.m2/repository/commons-validator/commons-validator/1.6/commons-validator-1.6.jar:/home/user/.m2/repository/commons-digester/commons-digester/1.8.1/commons-digester-1.8.1.jar:/home/user/.m2/repository/io/jaegertracing/jaeger-client/0.34.0/jaeger-client-0.34.0.jar:/home/user/.m2/repository/io/jaegertracing/jaeger-thrift/0.34.0/jaeger-thrift-0.34.0.jar:/home/user/.m2/repository/org/apache/thrift/libthrift/0.12.0/libthrift-0.12.0.jar:/home/user/.m2/repository/com/squareup/okhttp3/okhttp/3.9.0/okhttp-3.9.0.jar:/home/user/.m2/repository/com/squareup/okio/okio/1.13.0/okio-1.13.0.jar:/home/user/.m2/repository/io/jaegertracing/jaeger-core/0.34.0/jaeger-core-0.34.0.jar:/home/user/.m2/repository/io/jaegertracing/jaeger-tracerresolver/0.34.0/jaeger-tracerresolver-0.34.0.jar:/home/user/.m2/repository/io/opentracing/contrib/opentracing-tracerresolver/0.1.5/opentracing-tracerresolver-0.1.5.jar:/home/user/.m2/repository/io/opentracing/opentracing-util/0.31.0/opentracing-util-0.31.0.jar:/home/user/.m2/repository/io/opentracing/opentracing-api/0.31.0/opentracing-api-0.31.0.jar:/home/user/.m2/repository/io/opentracing/opentracing-noop/0.31.0/opentracing-noop-0.31.0.jar:/home/user/.m2/repository/org/apache/hadoop/hadoop-hdds-server-framework/0.5.0-SNAPSHOT/hadoop-hdds-server-framework-0.5.0-SNAPSHOT.jar:/home/user/.m2/repository/org/apache/hadoop/hadoop-hdds-container-service/0.5.0-SNAPSHOT/hadoop-hdds-container-service-0.5.0-SNAPSHOT.jar:/home/user/.m2/repository/org/apache/hadoop/hadoop-hdds-client/0.5.0-SNAPSHOT/hadoop-hdds-client-0.5.0-SNAPSHOT.jar:/home/user/.m2/repository/org/apache/hadoop/hadoop-hdds-tools/0.5.0-SNAPSHOT/hadoop-hdds-tools-0.5.0-SNAPSHOT.jar:/home/user/.m2/repository/org/apache/hadoop/hadoop-hdds-server-scm/0.5.0-SNAPSHOT/hadoop-hdds-server-scm-0.5.0-SNAPSHOT.jar:/home/user/.m2/repository/org/apache/hadoop/hadoop-hdds-docs/0.5.0-SNAPSHOT/hadoop-hdds-docs-0.5.0-SNAPSHOT.jar:/home/user/.m2/repository/io/dropwizard/metrics/metrics-core/3.2.4/metrics-core-3.2.4.jar:/home/user/.m2/repository/org/hamcrest/hamcrest-all/1.3/hamcrest-all-1.3.jar:/home/user/.m2/repository/org/bouncycastle/bcprov-jdk15on/1.60/bcprov-jdk15on-1.60.jar:/home/user/.m2/repository/info/picocli/picocli/3.9.6/picocli-3.9.6.jar:/home/user/.m2/repository/com/google/protobuf/protobuf-java/2.5.0/protobuf-java-2.5.0.jar:/home/user/.m2/repository/com/google/guava/guava/11.0.2/guava-11.0.2.jar:/home/user/.m2/repository/org/apache/hadoop/hadoop-ozone-ozone-manager/0.5.0-SNAPSHOT/hadoop-ozone-ozone-manager-0.5.0-SNAPSHOT.jar:/home/user/.m2/repository/org/apache/hadoop/hadoop-minikdc/3.2.0/hadoop-minikdc-3.2.0.jar:/home/user/.m2/repository/commons-io/commons-io/2.5/commons-io-2.5.jar:/home/user/.m2/repository/org/apache/kerby/kerb-simplekdc/1.0.1/kerb-simplekdc-1.0.1.jar:/home/user/.m2/repository/org/apache/kerby/kerb-client/1.0.1/kerb-client-1.0.1.jar:/home/user/.m2/repository/org/apache/kerby/kerby-config/1.0.1/kerby-config-1.0.1.jar:/home/user/.m2/repository/org/apache/kerby/kerb-core/1.0.1/kerb-core-1.0.1.jar:/home/user/.m2/repository/org/apache/kerby/kerby-pkix/1.0.1/kerby-pkix-1.0.1.jar:/home/user/.m2/repository/org/apache/kerby/kerby-asn1/1.0.1/kerby-asn1-1.0.1.jar:/home/user/.m2/repository/org/apache/kerby/kerby-util/1.0.1/kerby-util-1.0.1.jar:/home/user/.m2/repository/org/apache/kerby/kerb-common/1.0.1/kerb-common-1.0.1.jar:/home/user/.m2/repository/org/apache/kerby/kerb-crypto/1.0.1/kerb-crypto-1.0.1.jar:/home/user/.m2/repository/org/apache/kerby/kerb-util/1.0.1/kerb-util-1.0.1.jar:/home/user/.m2/repository/org/apache/kerby/token-provider/1.0.1/token-provider-1.0.1.jar:/home/user/.m2/repository/org/apache/kerby/kerb-admin/1.0.1/kerb-admin-1.0.1.jar:/home/user/.m2/repository/org/apache/kerby/kerb-server/1.0.1/kerb-server-1.0.1.jar:/home/user/.m2/repository/org/apache/kerby/kerb-identity/1.0.1/kerb-identity-1.0.1.jar:/home/user/.m2/repository/org/apache/kerby/kerby-xdr/1.0.1/kerby-xdr-1.0.1.jar:/home/user/.m2/repository/org/slf4j/slf4j-log4j12/1.7.25/slf4j-log4j12-1.7.25.jar:/home/user/.m2/repository/org/apache/hadoop/hadoop-ozone-s3gateway/0.5.0-SNAPSHOT/hadoop-ozone-s3gateway-0.5.0-SNAPSHOT.jar:/home/user/.m2/repository/org/jboss/weld/servlet/weld-servlet/2.4.7.Final/weld-servlet-2.4.7.Final.jar:/home/user/.m2/repository/org/glassfish/jersey/containers/jersey-container-servlet-core/2.27/jersey-container-servlet-core-2.27.jar:/home/user/.m2/repository/org/glassfish/hk2/external/javax.inject/2.5.0-b42/javax.inject-2.5.0-b42.jar:/home/user/.m2/repository/org/glassfish/jersey/core/jersey-common/2.27/jersey-common-2.27.jar:/home/user/.m2/repository/org/glassfish/hk2/osgi-resource-locator/1.0.1/osgi-resource-locator-1.0.1.jar:/home/user/.m2/repository/javax/ws/rs/javax.ws.rs-api/2.1/javax.ws.rs-api-2.1.jar:/home/user/.m2/repository/org/glassfish/jersey/ext/cdi/jersey-cdi1x/2.27/jersey-cdi1x-2.27.jar:/home/user/.m2/repository/org/glassfish/jersey/inject/jersey-hk2/2.27/jersey-hk2-2.27.jar:/home/user/.m2/repository/org/glassfish/hk2/hk2-locator/2.5.0-b42/hk2-locator-2.5.0-b42.jar:/home/user/.m2/repository/org/javassist/javassist/3.22.0-CR2/javassist-3.22.0-CR2.jar:/home/user/.m2/repository/org/glassfish/hk2/hk2-api/2.5.0/hk2-api-2.5.0.jar:/home/user/.m2/repository/org/glassfish/hk2/external/jakarta.inject/2.5.0/jakarta.inject-2.5.0.jar:/home/user/.m2/repository/org/glassfish/hk2/hk2-utils/2.5.0/hk2-utils-2.5.0.jar:/home/user/.m2/repository/jakarta/annotation/jakarta.annotation-api/1.3.4/jakarta.annotation-api-1.3.4.jar:/home/user/.m2/repository/org/glassfish/hk2/external/aopalliance-repackaged/2.5.0/aopalliance-repackaged-2.5.0.jar:/home/user/.m2/repository/com/fasterxml/jackson/dataformat/jackson-dataformat-xml/2.9.0/jackson-dataformat-xml-2.9.0.jar:/home/user/.m2/repository/com/fasterxml/jackson/core/jackson-core/2.9.9/jackson-core-2.9.9.jar:/home/user/.m2/repository/com/fasterxml/jackson/module/jackson-module-jaxb-annotations/2.9.9/jackson-module-jaxb-annotations-2.9.9.jar:/home/user/.m2/repository/javax/enterprise/cdi-api/1.2/cdi-api-1.2.jar:/home/user/.m2/repository/javax/el/javax.el-api/3.0.0/javax.el-api-3.0.0.jar:/home/user/.m2/repository/javax/interceptor/javax.interceptor-api/1.2/javax.interceptor-api-1.2.jar:/home/user/.m2/repository/javax/inject/javax.inject/1/javax.inject-1.jar:/home/user/.m2/repository/com/sun/xml/bind/jaxb-impl/2.3.0.1/jaxb-impl-2.3.0.1.jar:/home/user/.m2/repository/com/sun/xml/bind/jaxb-core/2.3.0.1/jaxb-core-2.3.0.1.jar:/home/user/.m2/repository/javax/xml/bind/jaxb-api/2.3.0/jaxb-api-2.3.0.jar:/home/user/.m2/repository/javax/activation/activation/1.1.1/activation-1.1.1.jar:/home/user/.m2/repository/org/apache/hadoop/hadoop-ozone-csi/0.5.0-SNAPSHOT/hadoop-ozone-csi-0.5.0-SNAPSHOT.jar:/home/user/.m2/repository/com/google/protobuf/protobuf-java-util/3.5.1/protobuf-java-util-3.5.1.jar:/home/user/.m2/repository/org/apache/hadoop/hadoop-hdds-config/0.5.0-SNAPSHOT/hadoop-hdds-config-0.5.0-SNAPSHOT.jar:/home/user/.m2/repository/io/grpc/grpc-netty/1.17.1/grpc-netty-1.17.1.jar:/home/user/.m2/repository/io/grpc/grpc-core/1.17.1/grpc-core-1.17.1.jar:/home/user/.m2/repository/io/grpc/grpc-context/1.17.1/grpc-context-1.17.1.jar:/home/user/.m2/repository/com/google/errorprone/error_prone_annotations/2.2.0/error_prone_annotations-2.2.0.jar:/home/user/.m2/repository/org/codehaus/mojo/animal-sniffer-annotations/1.17/animal-sniffer-annotations-1.17.jar:/home/user/.m2/repository/io/opencensus/opencensus-api/0.17.0/opencensus-api-0.17.0.jar:/home/user/.m2/repository/io/opencensus/opencensus-contrib-grpc-metrics/0.17.0/opencensus-contrib-grpc-metrics-0.17.0.jar:/home/user/.m2/repository/io/netty/netty-codec-http2/4.1.30.Final/netty-codec-http2-4.1.30.Final.jar:/home/user/.m2/repository/io/netty/netty-codec-http/4.1.30.Final/netty-codec-http-4.1.30.Final.jar:/home/user/.m2/repository/io/netty/netty-codec/4.1.30.Final/netty-codec-4.1.30.Final.jar:/home/user/.m2/repository/io/netty/netty-handler/4.1.30.Final/netty-handler-4.1.30.Final.jar:/home/user/.m2/repository/io/netty/netty-handler-proxy/4.1.30.Final/netty-handler-proxy-4.1.30.Final.jar:/home/user/.m2/repository/io/netty/netty-codec-socks/4.1.30.Final/netty-codec-socks-4.1.30.Final.jar:/home/user/.m2/repository/io/netty/netty-transport-native-epoll/4.1.30.Final/netty-transport-native-epoll-4.1.30.Final.jar:/home/user/.m2/repository/io/netty/netty-common/4.1.30.Final/netty-common-4.1.30.Final.jar:/home/user/.m2/repository/io/netty/netty-buffer/4.1.30.Final/netty-buffer-4.1.30.Final.jar:/home/user/.m2/repository/io/netty/netty-transport/4.1.30.Final/netty-transport-4.1.30.Final.jar:/home/user/.m2/repository/io/netty/netty-resolver/4.1.30.Final/netty-resolver-4.1.30.Final.jar:/home/user/.m2/repository/io/netty/netty-transport-native-unix-common/4.1.30.Final/netty-transport-native-unix-common-4.1.30.Final.jar:/home/user/.m2/repository/io/grpc/grpc-protobuf/1.17.1/grpc-protobuf-1.17.1.jar:/home/user/.m2/repository/com/google/api/grpc/proto-google-common-protos/1.0.0/proto-google-common-protos-1.0.0.jar:/home/user/.m2/repository/io/grpc/grpc-protobuf-lite/1.17.1/grpc-protobuf-lite-1.17.1.jar:/home/user/.m2/repository/io/grpc/grpc-stub/1.17.1/grpc-stub-1.17.1.jar:/home/user/.m2/repository/org/apache/hadoop/hadoop-ozone-recon/0.5.0-SNAPSHOT/hadoop-ozone-recon-0.5.0-SNAPSHOT.jar:/home/user/.m2/repository/org/apache/hadoop/hadoop-ozone-reconcodegen/0.5.0-SNAPSHOT/hadoop-ozone-reconcodegen-0.5.0-SNAPSHOT.jar:/home/user/.m2/repository/com/google/inject/extensions/guice-multibindings/4.0/guice-multibindings-4.0.jar:/home/user/.m2/repository/com/google/inject/guice/4.0/guice-4.0.jar:/home/user/.m2/repository/aopalliance/aopalliance/1.0/aopalliance-1.0.jar:/home/user/.m2/repository/com/google/inject/extensions/guice-servlet/4.0/guice-servlet-4.0.jar:/home/user/.m2/repository/org/glassfish/jersey/containers/jersey-container-servlet/2.27/jersey-container-servlet-2.27.jar:/home/user/.m2/repository/org/glassfish/hk2/guice-bridge/2.5.0/guice-bridge-2.5.0.jar:/home/user/.m2/repository/org/glassfish/jersey/core/jersey-server/2.27/jersey-server-2.27.jar:/home/user/.m2/repository/org/glassfish/jersey/core/jersey-client/2.27/jersey-client-2.27.jar:/home/user/.m2/repository/org/glassfish/jersey/media/jersey-media-jaxb/2.27/jersey-media-jaxb-2.27.jar:/home/user/.m2/repository/javax/validation/validation-api/1.1.0.Final/validation-api-1.1.0.Final.jar:/home/user/.m2/repository/org/glassfish/jersey/media/jersey-media-json-jackson/2.27/jersey-media-json-jackson-2.27.jar:/home/user/.m2/repository/org/glassfish/jersey/ext/jersey-entity-filtering/2.27/jersey-entity-filtering-2.27.jar:/home/user/.m2/repository/com/google/inject/extensions/guice-assistedinject/4.0/guice-assistedinject-4.0.jar:/home/user/.m2/repository/org/jooq/jooq/3.11.10/jooq-3.11.10.jar:/home/user/.m2/repository/org/jooq/jooq-meta/3.11.10/jooq-meta-3.11.10.jar:/home/user/.m2/repository/org/jooq/jooq-codegen/3.11.10/jooq-codegen-3.11.10.jar:/home/user/.m2/repository/com/jolbox/bonecp/0.8.0.RELEASE/bonecp-0.8.0.RELEASE.jar:/home/user/.m2/repository/org/xerial/sqlite-jdbc/3.25.2/sqlite-jdbc-3.25.2.jar:/home/user/.m2/repository/org/springframework/spring-jdbc/5.1.3.RELEASE/spring-jdbc-5.1.3.RELEASE.jar:/home/user/.m2/repository/org/springframework/spring-beans/5.1.3.RELEASE/spring-beans-5.1.3.RELEASE.jar:/home/user/.m2/repository/org/springframework/spring-core/5.1.3.RELEASE/spring-core-5.1.3.RELEASE.jar:/home/user/.m2/repository/org/springframework/spring-jcl/5.1.3.RELEASE/spring-jcl-5.1.3.RELEASE.jar:/home/user/.m2/repository/org/springframework/spring-tx/5.1.3.RELEASE/spring-tx-5.1.3.RELEASE.jar:/home/user/.m2/repository/org/apache/hadoop/hadoop-ozone-client/0.5.0-SNAPSHOT/hadoop-ozone-client-0.5.0-SNAPSHOT.jar:/home/user/.m2/repository/commons-lang/commons-lang/2.6/commons-lang-2.6.jar:/home/user/.m2/repository/org/apache/hadoop/hadoop-ozone-ozone-manager/0.5.0-SNAPSHOT/hadoop-ozone-ozone-manager-0.5.0-SNAPSHOT-tests.jar:/home/user/.m2/repository/junit/junit/4.11/junit-4.11.jar:/home/user/.m2/repository/org/hamcrest/hamcrest-core/1.3/hamcrest-core-1.3.jar:/home/user/.m2/repository/org/openjdk/jmh/jmh-core/1.19/jmh-core-1.19.jar:/home/user/.m2/repository/net/sf/jopt-simple/jopt-simple/4.6/jopt-simple-4.6.jar:/home/user/.m2/repository/org/apache/commons/commons-math3/3.1.1/commons-math3-3.1.1.jar:/home/user/.m2/repository/org/openjdk/jmh/jmh-generator-annprocess/1.19/jmh-generator-annprocess-1.19.jar:/home/user/.m2/repository/org/mockito/mockito-all/1.8.5/mockito-all-1.8.5.jar:/home/user/.m2/repository/org/apache/hadoop/hadoop-kms/3.2.0/hadoop-kms-3.2.0.jar:/home/user/.m2/repository/org/apache/hadoop/hadoop-auth/3.2.0/hadoop-auth-3.2.0.jar:/home/user/.m2/repository/com/nimbusds/nimbus-jose-jwt/4.41.1/nimbus-jose-jwt-4.41.1.jar:/home/user/.m2/repository/com/github/stephenc/jcip/jcip-annotations/1.0-1/jcip-annotations-1.0-1.jar:/home/user/.m2/repository/net/minidev/json-smart/2.3/json-smart-2.3.jar:/home/user/.m2/repository/net/minidev/accessors-smart/1.2/accessors-smart-1.2.jar:/home/user/.m2/repository/org/ow2/asm/asm/5.0.4/asm-5.0.4.jar:/home/user/.m2/repository/org/apache/curator/curator-framework/2.12.0/curator-framework-2.12.0.jar:/home/user/.m2/repository/com/sun/jersey/jersey-core/1.19/jersey-core-1.19.jar:/home/user/.m2/repository/javax/ws/rs/jsr311-api/1.1.1/jsr311-api-1.1.1.jar:/home/user/.m2/repository/com/sun/jersey/jersey-server/1.19/jersey-server-1.19.jar:/home/user/.m2/repository/javax/servlet/javax.servlet-api/3.1.0/javax.servlet-api-3.1.0.jar:/home/user/.m2/repository/org/eclipse/jetty/jetty-server/9.3.25.v20180904/jetty-server-9.3.25.v20180904.jar:/home/user/.m2/repository/org/eclipse/jetty/jetty-http/9.3.25.v20180904/jetty-http-9.3.25.v20180904.jar:/home/user/.m2/repository/org/eclipse/jetty/jetty-io/9.3.25.v20180904/jetty-io-9.3.25.v20180904.jar:/home/user/.m2/repository/org/eclipse/jetty/jetty-webapp/9.3.25.v20180904/jetty-webapp-9.3.25.v20180904.jar:/home/user/.m2/repository/org/eclipse/jetty/jetty-xml/9.3.25.v20180904/jetty-xml-9.3.25.v20180904.jar:/home/user/.m2/repository/log4j/log4j/1.2.17/log4j-1.2.17.jar:/home/user/.m2/repository/org/slf4j/slf4j-api/1.7.25/slf4j-api-1.7.25.jar:/home/user/.m2/repository/org/slf4j/jul-to-slf4j/1.7.25/jul-to-slf4j-1.7.25.jar:/home/user/.m2/repository/org/eclipse/jetty/jetty-util/9.3.25.v20180904/jetty-util-9.3.25.v20180904.jar:/home/user/.m2/repository/com/fasterxml/jackson/core/jackson-databind/2.9.9/jackson-databind-2.9.9.jar:/home/user/.m2/repository/org/apache/hadoop/hadoop-kms/3.2.0/hadoop-kms-3.2.0-tests.jar:/home/user/.m2/repository/org/apache/hadoop/hadoop-hdds-server-scm/0.5.0-SNAPSHOT/hadoop-hdds-server-scm-0.5.0-SNAPSHOT-tests.jar:/home/user/.m2/repository/org/apache/hadoop/hadoop-hdds-container-service/0.5.0-SNAPSHOT/hadoop-hdds-container-service-0.5.0-SNAPSHOT-tests.jar:/home/user/.m2/repository/org/yaml/snakeyaml/1.16/snakeyaml-1.16.jar:/home/user/.m2/repository/org/apache/hadoop/hadoop-common/3.2.0/hadoop-common-3.2.0-tests.jar:/home/user/.m2/repository/org/apache/hadoop/hadoop-annotations/3.2.0/hadoop-annotations-3.2.0.jar:/usr/lib/jvm/java-1.8-openjdk/jre/../lib/tools.jar:/home/user/.m2/repository/commons-cli/commons-cli/1.2/commons-cli-1.2.jar:/home/user/.m2/repository/org/apache/httpcomponents/httpclient/4.5.2/httpclient-4.5.2.jar:/home/user/.m2/repository/org/apache/httpcomponents/httpcore/4.4.4/httpcore-4.4.4.jar:/home/user/.m2/repository/commons-codec/commons-codec/1.11/commons-codec-1.11.jar:/home/user/.m2/repository/commons-net/commons-net/3.6/commons-net-3.6.jar:/home/user/.m2/repository/commons-collections/commons-collections/3.2.2/commons-collections-3.2.2.jar:/home/user/.m2/repository/org/eclipse/jetty/jetty-servlet/9.3.25.v20180904/jetty-servlet-9.3.25.v20180904.jar:/home/user/.m2/repository/org/eclipse/jetty/jetty-security/9.3.25.v20180904/jetty-security-9.3.25.v20180904.jar:/home/user/.m2/repository/javax/servlet/jsp/jsp-api/2.1/jsp-api-2.1.jar:/home/user/.m2/repository/com/sun/jersey/jersey-servlet/1.19/jersey-servlet-1.19.jar:/home/user/.m2/repository/com/sun/jersey/jersey-json/1.19/jersey-json-1.19.jar:/home/user/.m2/repository/org/codehaus/jettison/jettison/1.1/jettison-1.1.jar:/home/user/.m2/repository/org/codehaus/jackson/jackson-core-asl/1.9.13/jackson-core-asl-1.9.13.jar:/home/user/.m2/repository/org/codehaus/jackson/jackson-mapper-asl/1.9.13/jackson-mapper-asl-1.9.13.jar:/home/user/.m2/repository/org/codehaus/jackson/jackson-jaxrs/1.9.13/jackson-jaxrs-1.9.13.jar:/home/user/.m2/repository/org/codehaus/jackson/jackson-xc/1.9.13/jackson-xc-1.9.13.jar:/home/user/.m2/repository/commons-logging/commons-logging/1.1.3/commons-logging-1.1.3.jar:/home/user/.m2/repository/commons-beanutils/commons-beanutils/1.9.4/commons-beanutils-1.9.4.jar:/home/user/.m2/repository/org/apache/commons/commons-configuration2/2.1.1/commons-configuration2-2.1.1.jar:/home/user/.m2/repository/org/apache/commons/commons-lang3/3.7/commons-lang3-3.7.jar:/home/user/.m2/repository/org/apache/commons/commons-text/1.4/commons-text-1.4.jar:/home/user/.m2/repository/org/apache/avro/avro/1.7.7/avro-1.7.7.jar:/home/user/.m2/repository/com/thoughtworks/paranamer/paranamer/2.3/paranamer-2.3.jar:/home/user/.m2/repository/org/xerial/snappy/snappy-java/1.0.5/snappy-java-1.0.5.jar:/home/user/.m2/repository/com/google/re2j/re2j/1.1/re2j-1.1.jar:/home/user/.m2/repository/com/google/code/gson/gson/2.2.4/gson-2.2.4.jar:/home/user/.m2/repository/com/jcraft/jsch/0.1.54/jsch-0.1.54.jar:/home/user/.m2/repository/org/apache/curator/curator-client/2.12.0/curator-client-2.12.0.jar:/home/user/.m2/repository/org/apache/curator/curator-recipes/2.12.0/curator-recipes-2.12.0.jar:/home/user/.m2/repository/com/google/code/findbugs/jsr305/3.0.0/jsr305-3.0.0.jar:/home/user/.m2/repository/org/apache/htrace/htrace-core4/4.1.0-incubating/htrace-core4-4.1.0-incubating.jar:/home/user/.m2/repository/org/apache/zookeeper/zookeeper/3.4.13/zookeeper-3.4.13.jar:/home/user/.m2/repository/jline/jline/0.9.94/jline-0.9.94.jar:/home/user/.m2/repository/org/apache/yetus/audience-annotations/0.5.0/audience-annotations-0.5.0.jar:/home/user/.m2/repository/org/codehaus/woodstox/stax2-api/3.1.4/stax2-api-3.1.4.jar:/home/user/.m2/repository/com/fasterxml/woodstox/woodstox-core/5.0.3/woodstox-core-5.0.3.jar:/home/user/.m2/repository/dnsjava/dnsjava/2.1.7/dnsjava-2.1.7.jar:/home/user/.m2/repository/org/apache/hadoop/hadoop-hdfs/3.2.0/hadoop-hdfs-3.2.0-tests.jar:/home/user/.m2/repository/org/eclipse/jetty/jetty-util-ajax/9.3.25.v20180904/jetty-util-ajax-9.3.25.v20180904.jar:/home/user/.m2/repository/commons-daemon/commons-daemon/1.0.13/commons-daemon-1.0.13.jar:/home/user/.m2/repository/io/netty/netty/3.10.5.Final/netty-3.10.5.Final.jar:/home/user/.m2/repository/io/netty/netty-all/4.0.52.Final/netty-all-4.0.52.Final.jar:/home/user/.m2/repository/org/fusesource/leveldbjni/leveldbjni-all/1.8/leveldbjni-all-1.8.jar:"/>
    <property name="sun.cpu.endian" value="little"/>
    <property name="user.home" value="/home/user"/>
    <property name="user.language" value="en"/>
    <property name="java.specification.vendor" value="Oracle Corporation"/>
    <property name="java.home" value="/usr/lib/jvm/java-1.8-openjdk/jre"/>
    <property name="java.security.krb5.conf" value="/workdir/hadoop-ozone/integration-test/target/test-classes/krb5.conf"/>
    <property name="basedir" value="/workdir/hadoop-ozone/integration-test"/>
    <property name="file.separator" value="/"/>
    <property name="line.separator" value="&#10;"/>
    <property name="java.vm.specification.vendor" value="Oracle Corporation"/>
    <property name="java.specification.name" value="Java Platform API Specification"/>
    <property name="java.awt.graphicsenv" value="sun.awt.X11GraphicsEnvironment"/>
    <property name="surefire.real.class.path" value="/workdir/hadoop-ozone/integration-test/target/surefire/surefirebooter6346400674554860328.jar"/>
    <property name="hadoop.log.dir" value="/workdir/hadoop-ozone/integration-test/target/log"/>
    <property name="sun.boot.class.path" value="/usr/lib/jvm/java-1.8-openjdk/jre/lib/resources.jar:/usr/lib/jvm/java-1.8-openjdk/jre/lib/rt.jar:/usr/lib/jvm/java-1.8-openjdk/jre/lib/sunrsasign.jar:/usr/lib/jvm/java-1.8-openjdk/jre/lib/jsse.jar:/usr/lib/jvm/java-1.8-openjdk/jre/lib/jce.jar:/usr/lib/jvm/java-1.8-openjdk/jre/lib/charsets.jar:/usr/lib/jvm/java-1.8-openjdk/jre/lib/jfr.jar:/usr/lib/jvm/java-1.8-openjdk/jre/classes"/>
    <property name="sun.management.compiler" value="HotSpot 64-Bit Tiered Compilers"/>
    <property name="java.runtime.version" value="1.8.0_212-b04"/>
    <property name="java.net.preferIPv4Stack" value="true"/>
    <property name="user.name" value="jenkins1000"/>
    <property name="path.separator" value=":"/>
    <property name="java.security.egd" value="file:///dev/urandom"/>
    <property name="os.version" value="3.10.0-957.12.2.el7.x86_64"/>
    <property name="java.endorsed.dirs" value="/usr/lib/jvm/java-1.8-openjdk/jre/lib/endorsed"/>
    <property name="java.runtime.name" value="OpenJDK Runtime Environment"/>
    <property name="file.encoding" value="UTF-8"/>
    <property name="java.vm.name" value="OpenJDK 64-Bit Server VM"/>
    <property name="test.build.webapps" value=""/>
    <property name="localRepository" value="/home/user/.m2/repository"/>
    <property name="java.vendor.url.bug" value="https://icedtea.classpath.org/bugzilla"/>
    <property name="java.io.tmpdir" value="/tmp"/>
    <property name="require.test.libhadoop" value=""/>
    <property name="java.version" value="1.8.0_212"/>
    <property name="user.dir" value="/workdir/hadoop-ozone/integration-test"/>
    <property name="os.arch" value="amd64"/>
    <property name="java.vm.specification.name" value="Java Virtual Machine Specification"/>
    <property name="test.build.classes" value="/workdir/hadoop-ozone/integration-test/target/test-classes"/>
    <property name="java.awt.printerjob" value="sun.print.PSPrinterJob"/>
    <property name="sun.os.patch.level" value="unknown"/>
    <property name="hadoop.tmp.dir" value="/workdir/hadoop-ozone/integration-test/target/tmp"/>
    <property name="java.library.path" value="/usr/lib/jvm/java-1.8-openjdk/jre/lib/amd64/server:/usr/lib/jvm/java-1.8-openjdk/jre/lib/amd64:/usr/lib/jvm/java-1.8-openjdk/jre/../lib/amd64:/workdir/hadoop-ozone/integration-test/target/native/target/usr/local/lib:/workdir/hadoop-ozone/integration-test/../../hadoop-common-project/hadoop-common/target/native/target/usr/local/lib:/usr/java/packages/lib/amd64:/usr/lib64:/lib64:/lib:/usr/lib"/>
    <property name="java.vm.info" value="mixed mode"/>
    <property name="java.vendor" value="IcedTea"/>
    <property name="java.vm.version" value="25.212-b04"/>
    <property name="java.ext.dirs" value="/usr/lib/jvm/java-1.8-openjdk/jre/lib/ext:/usr/java/packages/lib/ext"/>
    <property name="sun.io.unicode.encoding" value="UnicodeLittle"/>
    <property name="java.class.version" value="52.0"/>
  </properties>
  <testcase name="test2DatanodesFailure" classname="org.apache.hadoop.ozone.client.rpc.TestBlockOutputStreamWithFailures" time="39.019">
    <failure message="expected:&lt;5&gt; but was:&lt;6&gt;" type="java.lang.AssertionError"><![CDATA[java.lang.AssertionError: expected:<5> but was:<6>
	at org.junit.Assert.fail(Assert.java:88)
	at org.junit.Assert.failNotEquals(Assert.java:743)
	at org.junit.Assert.assertEquals(Assert.java:118)
	at org.junit.Assert.assertEquals(Assert.java:555)
	at org.junit.Assert.assertEquals(Assert.java:542)
	at org.apache.hadoop.ozone.client.rpc.TestBlockOutputStreamWithFailures.test2DatanodesFailure(TestBlockOutputStreamWithFailures.java:467)
	at sun.reflect.NativeMethodAccessorImpl.invoke0(Native Method)
	at sun.reflect.NativeMethodAccessorImpl.invoke(NativeMethodAccessorImpl.java:62)
	at sun.reflect.DelegatingMethodAccessorImpl.invoke(DelegatingMethodAccessorImpl.java:43)
	at java.lang.reflect.Method.invoke(Method.java:498)
	at org.junit.runners.model.FrameworkMethod$1.runReflectiveCall(FrameworkMethod.java:47)
	at org.junit.internal.runners.model.ReflectiveCallable.run(ReflectiveCallable.java:12)
	at org.junit.runners.model.FrameworkMethod.invokeExplosively(FrameworkMethod.java:44)
	at org.junit.internal.runners.statements.InvokeMethod.evaluate(InvokeMethod.java:17)
	at org.junit.internal.runners.statements.RunBefores.evaluate(RunBefores.java:26)
	at org.junit.internal.runners.statements.RunAfters.evaluate(RunAfters.java:27)
	at org.junit.runners.ParentRunner.runLeaf(ParentRunner.java:271)
	at org.junit.runners.BlockJUnit4ClassRunner.runChild(BlockJUnit4ClassRunner.java:70)
	at org.junit.runners.BlockJUnit4ClassRunner.runChild(BlockJUnit4ClassRunner.java:50)
	at org.junit.runners.ParentRunner$3.run(ParentRunner.java:238)
	at org.junit.runners.ParentRunner$1.schedule(ParentRunner.java:63)
	at org.junit.runners.ParentRunner.runChildren(ParentRunner.java:236)
	at org.junit.runners.ParentRunner.access$000(ParentRunner.java:53)
	at org.junit.runners.ParentRunner$2.evaluate(ParentRunner.java:229)
	at org.junit.runners.ParentRunner.run(ParentRunner.java:309)
	at org.apache.maven.surefire.junit4.JUnit4Provider.execute(JUnit4Provider.java:365)
	at org.apache.maven.surefire.junit4.JUnit4Provider.executeWithRerun(JUnit4Provider.java:273)
	at org.apache.maven.surefire.junit4.JUnit4Provider.executeTestSet(JUnit4Provider.java:238)
	at org.apache.maven.surefire.junit4.JUnit4Provider.invoke(JUnit4Provider.java:159)
	at org.apache.maven.surefire.booter.ForkedBooter.invokeProviderInSameClassLoader(ForkedBooter.java:384)
	at org.apache.maven.surefire.booter.ForkedBooter.runSuitesInProcess(ForkedBooter.java:345)
	at org.apache.maven.surefire.booter.ForkedBooter.execute(ForkedBooter.java:126)
	at org.apache.maven.surefire.booter.ForkedBooter.main(ForkedBooter.java:418)
]]></failure>
    <system-out><![CDATA[2019-10-02 07:48:19,506 [main] WARN  server.ServerUtils (ServerUtils.java:getScmDbDir(145)) - ozone.scm.db.dirs is not configured. We recommend adding this setting. Falling back to ozone.metadata.dirs instead.
2019-10-02 07:48:19,606 [main] WARN  server.ServerUtils (ServerUtils.java:getScmDbDir(145)) - ozone.scm.db.dirs is not configured. We recommend adding this setting. Falling back to ozone.metadata.dirs instead.
2019-10-02 07:48:19,608 [main] WARN  server.ServerUtils (ServerUtils.java:getScmDbDir(145)) - ozone.scm.db.dirs is not configured. We recommend adding this setting. Falling back to ozone.metadata.dirs instead.
2019-10-02 07:48:19,623 [main] INFO  util.log (Log.java:initialized(192)) - Logging initialized @850ms
2019-10-02 07:48:19,708 [main] INFO  db.DBStoreBuilder (DBStoreBuilder.java:addTable(110)) - using custom profile for table: deletedBlocks
2019-10-02 07:48:19,708 [main] INFO  db.DBStoreBuilder (DBStoreBuilder.java:processTables(161)) - Using default column profile:DBProfile.DISK for Table:deletedBlocks
2019-10-02 07:48:19,708 [main] INFO  db.DBStoreBuilder (DBStoreBuilder.java:addTable(110)) - using custom profile for table: validCerts
2019-10-02 07:48:19,708 [main] INFO  db.DBStoreBuilder (DBStoreBuilder.java:processTables(161)) - Using default column profile:DBProfile.DISK for Table:validCerts
2019-10-02 07:48:19,709 [main] INFO  db.DBStoreBuilder (DBStoreBuilder.java:addTable(110)) - using custom profile for table: revokedCerts
2019-10-02 07:48:19,709 [main] INFO  db.DBStoreBuilder (DBStoreBuilder.java:processTables(161)) - Using default column profile:DBProfile.DISK for Table:revokedCerts
2019-10-02 07:48:19,719 [main] INFO  db.DBStoreBuilder (DBStoreBuilder.java:addTable(110)) - using custom profile for table: default
2019-10-02 07:48:19,719 [main] INFO  db.DBStoreBuilder (DBStoreBuilder.java:processTables(167)) - Using default column profile:DBProfile.DISK for Table:default
2019-10-02 07:48:19,720 [main] INFO  db.DBStoreBuilder (DBStoreBuilder.java:getDbProfile(198)) - Using default options. DBProfile.DISK
2019-10-02 07:48:20,029 [main] INFO  net.NodeSchemaLoader (NodeSchemaLoader.java:loadSchemaFromFile(125)) - Loading file from sun.misc.CompoundEnumeration@71d44a3
2019-10-02 07:48:20,030 [main] INFO  net.NodeSchemaLoader (NodeSchemaLoader.java:loadSchema(171)) - Loading network topology layer schema file
2019-10-02 07:48:20,090 [main] INFO  node.SCMNodeManager (SCMNodeManager.java:<init>(114)) - Entering startup safe mode.
2019-10-02 07:48:20,152 [main] INFO  algorithms.ContainerPlacementPolicyFactory (ContainerPlacementPolicyFactory.java:getPolicy(57)) - Create container placement policy of type org.apache.hadoop.hdds.scm.container.placement.algorithms.SCMContainerPlacementRandom
2019-10-02 07:48:20,165 [main] WARN  server.ServerUtils (ServerUtils.java:getScmDbDir(145)) - ozone.scm.db.dirs is not configured. We recommend adding this setting. Falling back to ozone.metadata.dirs instead.
2019-10-02 07:48:20,255 [main] INFO  pipeline.SCMPipelineManager (SCMPipelineManager.java:initializePipelineState(132)) - No pipeline exists in current db
2019-10-02 07:48:20,258 [main] WARN  server.ServerUtils (ServerUtils.java:getScmDbDir(145)) - ozone.scm.db.dirs is not configured. We recommend adding this setting. Falling back to ozone.metadata.dirs instead.
2019-10-02 07:48:20,394 [main] WARN  events.EventQueue (EventQueue.java:fireEvent(183)) - No event handler registered for event TypedEvent{payloadType=SafeModeStatus, name='SafeModeStatus'}
2019-10-02 07:48:20,738 [main] INFO  ipc.CallQueueManager (CallQueueManager.java:<init>(84)) - Using callQueue: class java.util.concurrent.LinkedBlockingQueue, queueCapacity: 2000, scheduler: class org.apache.hadoop.ipc.DefaultRpcScheduler, ipcBackoff: false.
2019-10-02 07:48:20,768 [Socket Reader #1 for port 45197] INFO  ipc.Server (Server.java:run(1074)) - Starting Socket Reader #1 for port 45197
2019-10-02 07:48:20,906 [main] INFO  ipc.CallQueueManager (CallQueueManager.java:<init>(84)) - Using callQueue: class java.util.concurrent.LinkedBlockingQueue, queueCapacity: 2000, scheduler: class org.apache.hadoop.ipc.DefaultRpcScheduler, ipcBackoff: false.
2019-10-02 07:48:20,908 [Socket Reader #1 for port 37692] INFO  ipc.Server (Server.java:run(1074)) - Starting Socket Reader #1 for port 37692
2019-10-02 07:48:20,919 [main] INFO  ipc.CallQueueManager (CallQueueManager.java:<init>(84)) - Using callQueue: class java.util.concurrent.LinkedBlockingQueue, queueCapacity: 2000, scheduler: class org.apache.hadoop.ipc.DefaultRpcScheduler, ipcBackoff: false.
2019-10-02 07:48:20,920 [Socket Reader #1 for port 44927] INFO  ipc.Server (Server.java:run(1074)) - Starting Socket Reader #1 for port 44927
2019-10-02 07:48:20,946 [main] INFO  hdfs.DFSUtil (DFSUtil.java:httpServerTemplateForNNAndJN(1641)) - Starting Web-server for scm at: http://0.0.0.0:0
2019-10-02 07:48:21,125 [main] INFO  server.AuthenticationFilter (AuthenticationFilter.java:constructSecretProvider(240)) - Unable to initialize FileSignerSecretProvider, falling back to use random secrets.
2019-10-02 07:48:21,134 [main] WARN  http.HttpRequestLog (HttpRequestLog.java:getRequestLog(97)) - Jetty request log can only be enabled using Log4j
2019-10-02 07:48:21,142 [main] INFO  http.HttpServer2 (HttpServer2.java:addGlobalFilter(975)) - Added global filter 'safety' (class=org.apache.hadoop.http.HttpServer2$QuotingInputFilter)
2019-10-02 07:48:21,144 [main] INFO  http.HttpServer2 (HttpServer2.java:addFilter(948)) - Added filter static_user_filter (class=org.apache.hadoop.http.lib.StaticUserWebFilter$StaticUserFilter) to context scm
2019-10-02 07:48:21,145 [main] INFO  http.HttpServer2 (HttpServer2.java:addFilter(958)) - Added filter static_user_filter (class=org.apache.hadoop.http.lib.StaticUserWebFilter$StaticUserFilter) to context static
2019-10-02 07:48:21,145 [main] INFO  http.HttpServer2 (HttpServer2.java:addFilter(958)) - Added filter static_user_filter (class=org.apache.hadoop.http.lib.StaticUserWebFilter$StaticUserFilter) to context logs
2019-10-02 07:48:21,176 [main] INFO  server.StorageContainerManager (StorageContainerManager.java:start(770)) - StorageContainerLocationProtocol RPC server is listening at /0.0.0.0:44927
2019-10-02 07:48:21,240 [main] WARN  impl.MetricsConfig (MetricsConfig.java:loadFirst(134)) - Cannot locate configuration: tried hadoop-metrics2-storagecontainermanager.properties,hadoop-metrics2.properties
2019-10-02 07:48:21,253 [main] INFO  impl.MetricsSystemImpl (MetricsSystemImpl.java:startTimer(374)) - Scheduled Metric snapshot period at 10 second(s).
2019-10-02 07:48:21,253 [main] INFO  impl.MetricsSystemImpl (MetricsSystemImpl.java:start(191)) - StorageContainerManager metrics system started
2019-10-02 07:48:21,476 [main] INFO  server.SCMClientProtocolServer (SCMClientProtocolServer.java:start(150)) - RPC server for Client  is listening at /0.0.0.0:44927
2019-10-02 07:48:21,476 [IPC Server Responder] INFO  ipc.Server (Server.java:run(1314)) - IPC Server Responder: starting
2019-10-02 07:48:21,476 [IPC Server listener on 44927] INFO  ipc.Server (Server.java:run(1153)) - IPC Server listener on 44927: starting
2019-10-02 07:48:21,479 [main] INFO  server.StorageContainerManager (StorageContainerManager.java:start(780)) - ScmBlockLocationProtocol RPC server is listening at /0.0.0.0:37692
2019-10-02 07:48:21,480 [main] INFO  server.SCMBlockProtocolServer (SCMBlockProtocolServer.java:start(146)) - RPC server for Block Protocol is listening at /0.0.0.0:37692
2019-10-02 07:48:21,481 [IPC Server Responder] INFO  ipc.Server (Server.java:run(1314)) - IPC Server Responder: starting
2019-10-02 07:48:21,481 [IPC Server listener on 37692] INFO  ipc.Server (Server.java:run(1153)) - IPC Server listener on 37692: starting
2019-10-02 07:48:21,482 [main] INFO  server.StorageContainerManager (StorageContainerManager.java:start(784)) - ScmDatanodeProtocl RPC server is listening at /0.0.0.0:45197
2019-10-02 07:48:21,483 [main] INFO  server.SCMDatanodeProtocolServer (SCMDatanodeProtocolServer.java:start(191)) - RPC server for DataNodes is listening at /0.0.0.0:45197
2019-10-02 07:48:21,483 [IPC Server Responder] INFO  ipc.Server (Server.java:run(1314)) - IPC Server Responder: starting
2019-10-02 07:48:21,483 [IPC Server listener on 45197] INFO  ipc.Server (Server.java:run(1153)) - IPC Server listener on 45197: starting
2019-10-02 07:48:21,486 [main] INFO  http.HttpServer2 (HttpServer2.java:bindListener(1191)) - Jetty bound to port 45660
2019-10-02 07:48:21,488 [main] INFO  server.Server (Server.java:doStart(351)) - jetty-9.3.25.v20180904, build timestamp: 2018-09-04T21:11:46Z, git hash: 3ce520221d0240229c862b122d2b06c12a625732
2019-10-02 07:48:21,524 [main] INFO  handler.ContextHandler (ContextHandler.java:doStart(781)) - Started o.e.j.s.ServletContextHandler@260e86a1{/logs,file:///workdir/hadoop-ozone/integration-test/target/log,AVAILABLE}
2019-10-02 07:48:21,524 [main] INFO  handler.ContextHandler (ContextHandler.java:doStart(781)) - Started o.e.j.s.ServletContextHandler@12bd8a64{/static,file:///workdir/hadoop-ozone/integration-test/target/test-classes/webapps/static,AVAILABLE}
2019-10-02 07:48:21,556 [main] INFO  handler.ContextHandler (ContextHandler.java:doStart(781)) - Started o.e.j.w.WebAppContext@3f093abe{/,file:///workdir/hadoop-ozone/integration-test/target/test-classes/webapps/scm/,AVAILABLE}{/scm}
2019-10-02 07:48:21,561 [main] INFO  server.AbstractConnector (AbstractConnector.java:doStart(278)) - Started ServerConnector@724bade8{HTTP/1.1,[http/1.1]}{0.0.0.0:45660}
2019-10-02 07:48:21,561 [main] INFO  server.Server (Server.java:doStart(419)) - Started @2788ms
2019-10-02 07:48:21,563 [main] INFO  impl.MetricsSinkAdapter (MetricsSinkAdapter.java:start(204)) - Sink prometheus started
2019-10-02 07:48:21,564 [main] INFO  impl.MetricsSystemImpl (MetricsSystemImpl.java:registerSink(301)) - Registered sink prometheus
2019-10-02 07:48:21,565 [main] INFO  server.BaseHttpServer (BaseHttpServer.java:updateConnectorAddress(215)) - HTTP server of SCM is listening at http://0.0.0.0:45660
2019-10-02 07:48:21,572 [org.apache.hadoop.util.JvmPauseMonitor$Monitor@6970140a] INFO  util.JvmPauseMonitor (JvmPauseMonitor.java:run(188)) - Starting JVM pause monitor
2019-10-02 07:48:21,577 [main] WARN  server.ServerUtils (ServerUtils.java:getDBPath(222)) - ozone.om.db.dirs is not configured. We recommend adding this setting. Falling back to ozone.metadata.dirs instead.
2019-10-02 07:48:21,692 [main] WARN  server.ServerUtils (ServerUtils.java:getDBPath(222)) - ozone.om.db.dirs is not configured. We recommend adding this setting. Falling back to ozone.metadata.dirs instead.
2019-10-02 07:48:21,693 [main] WARN  server.ServerUtils (ServerUtils.java:getDBPath(222)) - ozone.om.db.dirs is not configured. We recommend adding this setting. Falling back to ozone.metadata.dirs instead.
2019-10-02 07:48:21,694 [main] INFO  om.OzoneManager (OzoneManager.java:setOMNodeDetails(652)) - OM Service ID is not set. Setting it to the default ID: omServiceIdDefault
2019-10-02 07:48:21,694 [main] INFO  om.OzoneManager (OzoneManager.java:setOMNodeDetails(658)) - OM Node ID is not set. Setting it to the OmStorage's OmID: 5e31d16f-7b20-46c1-8ccb-df7f3b651771
2019-10-02 07:48:21,695 [main] INFO  om.OzoneManager (OzoneManager.java:loadOMHAConfigs(609)) - Found matching OM address with OMServiceId: null, OMNodeId: null, RPC Address: localhost:0 and Ratis port: 9872
2019-10-02 07:48:22,372 [main] WARN  server.ServerUtils (ServerUtils.java:getDBPath(222)) - ozone.om.db.dirs is not configured. We recommend adding this setting. Falling back to ozone.metadata.dirs instead.
2019-10-02 07:48:22,380 [main] INFO  db.DBStoreBuilder (DBStoreBuilder.java:addTable(110)) - using custom profile for table: userTable
2019-10-02 07:48:22,380 [main] INFO  db.DBStoreBuilder (DBStoreBuilder.java:processTables(161)) - Using default column profile:DBProfile.DISK for Table:userTable
2019-10-02 07:48:22,381 [main] INFO  db.DBStoreBuilder (DBStoreBuilder.java:addTable(110)) - using custom profile for table: volumeTable
2019-10-02 07:48:22,381 [main] INFO  db.DBStoreBuilder (DBStoreBuilder.java:processTables(161)) - Using default column profile:DBProfile.DISK for Table:volumeTable
2019-10-02 07:48:22,381 [main] INFO  db.DBStoreBuilder (DBStoreBuilder.java:addTable(110)) - using custom profile for table: bucketTable
2019-10-02 07:48:22,381 [main] INFO  db.DBStoreBuilder (DBStoreBuilder.java:processTables(161)) - Using default column profile:DBProfile.DISK for Table:bucketTable
2019-10-02 07:48:22,382 [main] INFO  db.DBStoreBuilder (DBStoreBuilder.java:addTable(110)) - using custom profile for table: keyTable
2019-10-02 07:48:22,382 [main] INFO  db.DBStoreBuilder (DBStoreBuilder.java:processTables(161)) - Using default column profile:DBProfile.DISK for Table:keyTable
2019-10-02 07:48:22,382 [main] INFO  db.DBStoreBuilder (DBStoreBuilder.java:addTable(110)) - using custom profile for table: deletedTable
2019-10-02 07:48:22,382 [main] INFO  db.DBStoreBuilder (DBStoreBuilder.java:processTables(161)) - Using default column profile:DBProfile.DISK for Table:deletedTable
2019-10-02 07:48:22,383 [main] INFO  db.DBStoreBuilder (DBStoreBuilder.java:addTable(110)) - using custom profile for table: openKeyTable
2019-10-02 07:48:22,383 [main] INFO  db.DBStoreBuilder (DBStoreBuilder.java:processTables(161)) - Using default column profile:DBProfile.DISK for Table:openKeyTable
2019-10-02 07:48:22,383 [main] INFO  db.DBStoreBuilder (DBStoreBuilder.java:addTable(110)) - using custom profile for table: s3Table
2019-10-02 07:48:22,383 [main] INFO  db.DBStoreBuilder (DBStoreBuilder.java:processTables(161)) - Using default column profile:DBProfile.DISK for Table:s3Table
2019-10-02 07:48:22,384 [main] INFO  db.DBStoreBuilder (DBStoreBuilder.java:addTable(110)) - using custom profile for table: multipartInfoTable
2019-10-02 07:48:22,384 [main] INFO  db.DBStoreBuilder (DBStoreBuilder.java:processTables(161)) - Using default column profile:DBProfile.DISK for Table:multipartInfoTable
2019-10-02 07:48:22,384 [main] INFO  db.DBStoreBuilder (DBStoreBuilder.java:addTable(110)) - using custom profile for table: dTokenTable
2019-10-02 07:48:22,384 [main] INFO  db.DBStoreBuilder (DBStoreBuilder.java:processTables(161)) - Using default column profile:DBProfile.DISK for Table:dTokenTable
2019-10-02 07:48:22,385 [main] INFO  db.DBStoreBuilder (DBStoreBuilder.java:addTable(110)) - using custom profile for table: s3SecretTable
2019-10-02 07:48:22,385 [main] INFO  db.DBStoreBuilder (DBStoreBuilder.java:processTables(161)) - Using default column profile:DBProfile.DISK for Table:s3SecretTable
2019-10-02 07:48:22,385 [main] INFO  db.DBStoreBuilder (DBStoreBuilder.java:addTable(110)) - using custom profile for table: prefixTable
2019-10-02 07:48:22,385 [main] INFO  db.DBStoreBuilder (DBStoreBuilder.java:processTables(161)) - Using default column profile:DBProfile.DISK for Table:prefixTable
2019-10-02 07:48:22,386 [main] INFO  db.DBStoreBuilder (DBStoreBuilder.java:addTable(110)) - using custom profile for table: default
2019-10-02 07:48:22,386 [main] INFO  db.DBStoreBuilder (DBStoreBuilder.java:processTables(167)) - Using default column profile:DBProfile.DISK for Table:default
2019-10-02 07:48:22,386 [main] INFO  db.DBStoreBuilder (DBStoreBuilder.java:getDbProfile(198)) - Using default options. DBProfile.DISK
2019-10-02 07:48:23,053 [main] INFO  ipc.CallQueueManager (CallQueueManager.java:<init>(84)) - Using callQueue: class java.util.concurrent.LinkedBlockingQueue, queueCapacity: 2000, scheduler: class org.apache.hadoop.ipc.DefaultRpcScheduler, ipcBackoff: false.
2019-10-02 07:48:23,054 [Socket Reader #1 for port 44992] INFO  ipc.Server (Server.java:run(1074)) - Starting Socket Reader #1 for port 44992
2019-10-02 07:48:23,075 [main] INFO  om.OzoneManager (OzoneManager.java:start(1243)) - OzoneManager RPC server is listening at localhost/127.0.0.1:44992
2019-10-02 07:48:23,076 [main] INFO  impl.MetricsSystemImpl (MetricsSystemImpl.java:init(158)) - OzoneManager metrics system started (again)
2019-10-02 07:48:23,076 [IPC Server Responder] INFO  ipc.Server (Server.java:run(1314)) - IPC Server Responder: starting
2019-10-02 07:48:23,077 [IPC Server listener on 44992] INFO  ipc.Server (Server.java:run(1153)) - IPC Server listener on 44992: starting
2019-10-02 07:48:23,083 [main] INFO  hdfs.DFSUtil (DFSUtil.java:httpServerTemplateForNNAndJN(1641)) - Starting Web-server for ozoneManager at: http://0.0.0.0:0
2019-10-02 07:48:23,085 [main] INFO  server.AuthenticationFilter (AuthenticationFilter.java:constructSecretProvider(240)) - Unable to initialize FileSignerSecretProvider, falling back to use random secrets.
2019-10-02 07:48:23,085 [main] WARN  http.HttpRequestLog (HttpRequestLog.java:getRequestLog(97)) - Jetty request log can only be enabled using Log4j
2019-10-02 07:48:23,087 [main] INFO  http.HttpServer2 (HttpServer2.java:addGlobalFilter(975)) - Added global filter 'safety' (class=org.apache.hadoop.http.HttpServer2$QuotingInputFilter)
2019-10-02 07:48:23,088 [main] INFO  http.HttpServer2 (HttpServer2.java:addFilter(948)) - Added filter static_user_filter (class=org.apache.hadoop.http.lib.StaticUserWebFilter$StaticUserFilter) to context ozoneManager
2019-10-02 07:48:23,088 [main] INFO  http.HttpServer2 (HttpServer2.java:addFilter(958)) - Added filter static_user_filter (class=org.apache.hadoop.http.lib.StaticUserWebFilter$StaticUserFilter) to context logs
2019-10-02 07:48:23,089 [main] INFO  http.HttpServer2 (HttpServer2.java:addFilter(958)) - Added filter static_user_filter (class=org.apache.hadoop.http.lib.StaticUserWebFilter$StaticUserFilter) to context static
2019-10-02 07:48:23,091 [main] INFO  http.HttpServer2 (HttpServer2.java:bindListener(1191)) - Jetty bound to port 40877
2019-10-02 07:48:23,091 [main] INFO  server.Server (Server.java:doStart(351)) - jetty-9.3.25.v20180904, build timestamp: 2018-09-04T21:11:46Z, git hash: 3ce520221d0240229c862b122d2b06c12a625732
2019-10-02 07:48:23,093 [main] INFO  handler.ContextHandler (ContextHandler.java:doStart(781)) - Started o.e.j.s.ServletContextHandler@562c877a{/logs,file:///workdir/hadoop-ozone/integration-test/target/log,AVAILABLE}
2019-10-02 07:48:23,093 [main] INFO  handler.ContextHandler (ContextHandler.java:doStart(781)) - Started o.e.j.s.ServletContextHandler@989da1{/static,file:///workdir/hadoop-ozone/integration-test/target/test-classes/webapps/static,AVAILABLE}
2019-10-02 07:48:23,098 [main] INFO  handler.ContextHandler (ContextHandler.java:doStart(781)) - Started o.e.j.w.WebAppContext@1965539b{/,file:///workdir/hadoop-ozone/integration-test/target/test-classes/webapps/ozoneManager/,AVAILABLE}{/ozoneManager}
2019-10-02 07:48:23,099 [main] INFO  server.AbstractConnector (AbstractConnector.java:doStart(278)) - Started ServerConnector@2fc07784{HTTP/1.1,[http/1.1]}{0.0.0.0:40877}
2019-10-02 07:48:23,100 [main] INFO  server.Server (Server.java:doStart(419)) - Started @4327ms
2019-10-02 07:48:23,100 [main] WARN  impl.MetricsSystemImpl (MetricsSystemImpl.java:register(276)) - Sink prometheus already exists!
2019-10-02 07:48:23,101 [main] INFO  server.BaseHttpServer (BaseHttpServer.java:updateConnectorAddress(215)) - HTTP server of OZONEMANAGER is listening at http://0.0.0.0:40877
2019-10-02 07:48:23,417 [main] INFO  impl.MetricsSystemImpl (MetricsSystemImpl.java:init(158)) - HddsDatanode metrics system started (again)
2019-10-02 07:48:23,460 [main] INFO  ozone.HddsDatanodeService (HddsDatanodeService.java:start(184)) - HddsDatanodeService host:pr-hdds-2227-gdpr-vz6hn-2718222164 ip:192.168.164.211
2019-10-02 07:48:23,488 [main] INFO  volume.HddsVolume (HddsVolume.java:<init>(176)) - Creating Volume: /workdir/hadoop-ozone/integration-test/target/test-dir/MiniOzoneClusterImpl-eaaaa650-7a59-4694-95b4-85e6182e2b1b/datanode-0/data/containers/hdds of  storage type : DISK and capacity : 1482555576320
2019-10-02 07:48:23,490 [main] INFO  volume.VolumeSet (VolumeSet.java:initializeVolumeSet(170)) - Added Volume : /workdir/hadoop-ozone/integration-test/target/test-dir/MiniOzoneClusterImpl-eaaaa650-7a59-4694-95b4-85e6182e2b1b/datanode-0/data/containers/hdds to VolumeSet
2019-10-02 07:48:23,493 [main] INFO  volume.ThrottledAsyncChecker (ThrottledAsyncChecker.java:schedule(139)) - Scheduling a check for org.apache.hadoop.ozone.container.common.volume.HddsVolume@a52ca2e
2019-10-02 07:48:23,509 [main] INFO  volume.HddsVolumeChecker (HddsVolumeChecker.java:checkAllVolumes(202)) - Scheduled health check for volume org.apache.hadoop.ozone.container.common.volume.HddsVolume@a52ca2e
2019-10-02 07:48:23,609 [main] INFO  impl.RaftServerProxy (ConfUtils.java:logGet(43)) - raft.rpc.type = GRPC (default)
2019-10-02 07:48:23,678 [main] INFO  grpc.GrpcFactory (GrpcFactory.java:checkPooledByteBufAllocatorUseCacheForAllThreads(45)) - PERFORMANCE WARNING: useCacheForAllThreads is true that may cause Netty to create a lot garbage objects and, as a result, trigger GC.
	It is recommended to disable useCacheForAllThreads by setting -Dorg.apache.ratis.thirdparty.io.netty.allocator.useCacheForAllThreads=false in command line.
2019-10-02 07:48:23,683 [main] INFO  grpc.GrpcConfigKeys$Server (ConfUtils.java:logGet(43)) - raft.grpc.server.port = 0 (default)
2019-10-02 07:48:23,684 [main] INFO  server.GrpcService (ConfUtils.java:logGet(43)) - raft.grpc.message.size.max = 33570816 (custom)
2019-10-02 07:48:23,685 [main] INFO  server.RaftServerConfigKeys (ConfUtils.java:logGet(43)) - raft.server.log.appender.buffer.byte-limit = 33554432 (custom)
2019-10-02 07:48:23,686 [main] INFO  server.GrpcService (ConfUtils.java:logGet(43)) - raft.grpc.flow.control.window = 1MB (=1048576) (default)
2019-10-02 07:48:23,687 [main] INFO  server.RaftServerConfigKeys (ConfUtils.java:logGet(43)) - raft.server.rpc.request.timeout = 3000ms (default)
2019-10-02 07:48:23,848 [main] INFO  server.RaftServerConfigKeys (ConfUtils.java:logGet(43)) - raft.server.storage.dir = [/workdir/hadoop-ozone/integration-test/target/test-dir/MiniOzoneClusterImpl-eaaaa650-7a59-4694-95b4-85e6182e2b1b/datanode-0/data/ratis] (custom)
2019-10-02 07:48:23,895 [main] INFO  hdfs.DFSUtil (DFSUtil.java:httpServerTemplateForNNAndJN(1641)) - Starting Web-server for hddsDatanode at: http://0.0.0.0:0
2019-10-02 07:48:23,899 [main] INFO  server.AuthenticationFilter (AuthenticationFilter.java:constructSecretProvider(240)) - Unable to initialize FileSignerSecretProvider, falling back to use random secrets.
2019-10-02 07:48:23,900 [main] WARN  http.HttpRequestLog (HttpRequestLog.java:getRequestLog(97)) - Jetty request log can only be enabled using Log4j
2019-10-02 07:48:23,903 [main] INFO  http.HttpServer2 (HttpServer2.java:addGlobalFilter(975)) - Added global filter 'safety' (class=org.apache.hadoop.http.HttpServer2$QuotingInputFilter)
2019-10-02 07:48:23,904 [main] INFO  http.HttpServer2 (HttpServer2.java:addFilter(948)) - Added filter static_user_filter (class=org.apache.hadoop.http.lib.StaticUserWebFilter$StaticUserFilter) to context hddsDatanode
2019-10-02 07:48:23,904 [main] INFO  http.HttpServer2 (HttpServer2.java:addFilter(958)) - Added filter static_user_filter (class=org.apache.hadoop.http.lib.StaticUserWebFilter$StaticUserFilter) to context logs
2019-10-02 07:48:23,904 [main] INFO  http.HttpServer2 (HttpServer2.java:addFilter(958)) - Added filter static_user_filter (class=org.apache.hadoop.http.lib.StaticUserWebFilter$StaticUserFilter) to context static
2019-10-02 07:48:23,907 [main] INFO  http.HttpServer2 (HttpServer2.java:bindListener(1191)) - Jetty bound to port 33247
2019-10-02 07:48:23,907 [main] INFO  server.Server (Server.java:doStart(351)) - jetty-9.3.25.v20180904, build timestamp: 2018-09-04T21:11:46Z, git hash: 3ce520221d0240229c862b122d2b06c12a625732
2019-10-02 07:48:23,910 [main] INFO  handler.ContextHandler (ContextHandler.java:doStart(781)) - Started o.e.j.s.ServletContextHandler@70228253{/logs,file:///workdir/hadoop-ozone/integration-test/target/log,AVAILABLE}
2019-10-02 07:48:23,911 [main] INFO  handler.ContextHandler (ContextHandler.java:doStart(781)) - Started o.e.j.s.ServletContextHandler@21bd20ee{/static,jar:file:/home/user/.m2/repository/org/apache/hadoop/hadoop-hdds-container-service/0.5.0-SNAPSHOT/hadoop-hdds-container-service-0.5.0-SNAPSHOT.jar!/webapps/static,AVAILABLE}
2019-10-02 07:48:23,956 [main] INFO  handler.ContextHandler (ContextHandler.java:doStart(781)) - Started o.e.j.w.WebAppContext@646c0a67{/,file:///tmp/jetty-0.0.0.0-33247-hddsDatanode-_-any-3133607745991366750.dir/webapp/,AVAILABLE}{/hddsDatanode}
2019-10-02 07:48:23,957 [main] INFO  server.AbstractConnector (AbstractConnector.java:doStart(278)) - Started ServerConnector@3804a9a8{HTTP/1.1,[http/1.1]}{0.0.0.0:33247}
2019-10-02 07:48:23,959 [main] INFO  server.Server (Server.java:doStart(419)) - Started @5185ms
2019-10-02 07:48:23,959 [main] WARN  impl.MetricsSystemImpl (MetricsSystemImpl.java:register(276)) - Sink prometheus already exists!
2019-10-02 07:48:23,960 [main] INFO  server.BaseHttpServer (BaseHttpServer.java:updateConnectorAddress(215)) - HTTP server of HDDSDATANODE is listening at http://0.0.0.0:33247
2019-10-02 07:48:23,961 [main] INFO  impl.MetricsSystemImpl (MetricsSystemImpl.java:init(158)) - HddsDatanode metrics system started (again)
2019-10-02 07:48:23,966 [main] INFO  ozone.HddsDatanodeService (HddsDatanodeService.java:start(184)) - HddsDatanodeService host:pr-hdds-2227-gdpr-vz6hn-2718222164 ip:192.168.164.211
2019-10-02 07:48:23,968 [org.apache.hadoop.util.JvmPauseMonitor$Monitor@347dc20f] INFO  util.JvmPauseMonitor (JvmPauseMonitor.java:run(188)) - Starting JVM pause monitor
2019-10-02 07:48:23,976 [main] INFO  volume.HddsVolume (HddsVolume.java:<init>(176)) - Creating Volume: /workdir/hadoop-ozone/integration-test/target/test-dir/MiniOzoneClusterImpl-eaaaa650-7a59-4694-95b4-85e6182e2b1b/datanode-1/data/containers/hdds of  storage type : DISK and capacity : 1482555576320
2019-10-02 07:48:23,977 [main] INFO  volume.VolumeSet (VolumeSet.java:initializeVolumeSet(170)) - Added Volume : /workdir/hadoop-ozone/integration-test/target/test-dir/MiniOzoneClusterImpl-eaaaa650-7a59-4694-95b4-85e6182e2b1b/datanode-1/data/containers/hdds to VolumeSet
2019-10-02 07:48:23,978 [main] INFO  volume.ThrottledAsyncChecker (ThrottledAsyncChecker.java:schedule(139)) - Scheduling a check for org.apache.hadoop.ozone.container.common.volume.HddsVolume@1e7ab390
2019-10-02 07:48:23,978 [main] INFO  volume.HddsVolumeChecker (HddsVolumeChecker.java:checkAllVolumes(202)) - Scheduled health check for volume org.apache.hadoop.ozone.container.common.volume.HddsVolume@1e7ab390
2019-10-02 07:48:23,993 [main] INFO  impl.RaftServerProxy (ConfUtils.java:logGet(43)) - raft.rpc.type = GRPC (default)
2019-10-02 07:48:23,993 [main] INFO  grpc.GrpcFactory (GrpcFactory.java:checkPooledByteBufAllocatorUseCacheForAllThreads(45)) - PERFORMANCE WARNING: useCacheForAllThreads is true that may cause Netty to create a lot garbage objects and, as a result, trigger GC.
	It is recommended to disable useCacheForAllThreads by setting -Dorg.apache.ratis.thirdparty.io.netty.allocator.useCacheForAllThreads=false in command line.
2019-10-02 07:48:23,994 [main] INFO  grpc.GrpcConfigKeys$Server (ConfUtils.java:logGet(43)) - raft.grpc.server.port = 0 (default)
2019-10-02 07:48:23,994 [main] INFO  server.GrpcService (ConfUtils.java:logGet(43)) - raft.grpc.message.size.max = 33570816 (custom)
2019-10-02 07:48:23,994 [main] INFO  server.RaftServerConfigKeys (ConfUtils.java:logGet(43)) - raft.server.log.appender.buffer.byte-limit = 33554432 (custom)
2019-10-02 07:48:23,994 [main] INFO  server.GrpcService (ConfUtils.java:logGet(43)) - raft.grpc.flow.control.window = 1MB (=1048576) (default)
2019-10-02 07:48:23,995 [main] INFO  server.RaftServerConfigKeys (ConfUtils.java:logGet(43)) - raft.server.rpc.request.timeout = 3000ms (default)
2019-10-02 07:48:23,995 [main] INFO  server.RaftServerConfigKeys (ConfUtils.java:logGet(43)) - raft.server.storage.dir = [/workdir/hadoop-ozone/integration-test/target/test-dir/MiniOzoneClusterImpl-eaaaa650-7a59-4694-95b4-85e6182e2b1b/datanode-1/data/ratis] (custom)
2019-10-02 07:48:23,997 [main] INFO  hdfs.DFSUtil (DFSUtil.java:httpServerTemplateForNNAndJN(1641)) - Starting Web-server for hddsDatanode at: http://0.0.0.0:0
2019-10-02 07:48:23,998 [main] INFO  server.AuthenticationFilter (AuthenticationFilter.java:constructSecretProvider(240)) - Unable to initialize FileSignerSecretProvider, falling back to use random secrets.
2019-10-02 07:48:23,999 [main] WARN  http.HttpRequestLog (HttpRequestLog.java:getRequestLog(97)) - Jetty request log can only be enabled using Log4j
2019-10-02 07:48:24,001 [main] INFO  http.HttpServer2 (HttpServer2.java:addGlobalFilter(975)) - Added global filter 'safety' (class=org.apache.hadoop.http.HttpServer2$QuotingInputFilter)
2019-10-02 07:48:24,001 [main] INFO  http.HttpServer2 (HttpServer2.java:addFilter(948)) - Added filter static_user_filter (class=org.apache.hadoop.http.lib.StaticUserWebFilter$StaticUserFilter) to context hddsDatanode
2019-10-02 07:48:24,001 [main] INFO  http.HttpServer2 (HttpServer2.java:addFilter(958)) - Added filter static_user_filter (class=org.apache.hadoop.http.lib.StaticUserWebFilter$StaticUserFilter) to context static
2019-10-02 07:48:24,001 [main] INFO  http.HttpServer2 (HttpServer2.java:addFilter(958)) - Added filter static_user_filter (class=org.apache.hadoop.http.lib.StaticUserWebFilter$StaticUserFilter) to context logs
2019-10-02 07:48:24,002 [main] INFO  http.HttpServer2 (HttpServer2.java:bindListener(1191)) - Jetty bound to port 33826
2019-10-02 07:48:24,002 [main] INFO  server.Server (Server.java:doStart(351)) - jetty-9.3.25.v20180904, build timestamp: 2018-09-04T21:11:46Z, git hash: 3ce520221d0240229c862b122d2b06c12a625732
2019-10-02 07:48:24,006 [main] INFO  handler.ContextHandler (ContextHandler.java:doStart(781)) - Started o.e.j.s.ServletContextHandler@79b84841{/logs,file:///workdir/hadoop-ozone/integration-test/target/log,AVAILABLE}
2019-10-02 07:48:24,006 [main] INFO  handler.ContextHandler (ContextHandler.java:doStart(781)) - Started o.e.j.s.ServletContextHandler@3c87e6b7{/static,jar:file:/home/user/.m2/repository/org/apache/hadoop/hadoop-hdds-container-service/0.5.0-SNAPSHOT/hadoop-hdds-container-service-0.5.0-SNAPSHOT.jar!/webapps/static,AVAILABLE}
2019-10-02 07:48:24,041 [main] INFO  handler.ContextHandler (ContextHandler.java:doStart(781)) - Started o.e.j.w.WebAppContext@6cc86152{/,file:///tmp/jetty-0.0.0.0-33826-hddsDatanode-_-any-1488331771468010689.dir/webapp/,AVAILABLE}{/hddsDatanode}
2019-10-02 07:48:24,042 [main] INFO  server.AbstractConnector (AbstractConnector.java:doStart(278)) - Started ServerConnector@611a990b{HTTP/1.1,[http/1.1]}{0.0.0.0:33826}
2019-10-02 07:48:24,043 [main] INFO  server.Server (Server.java:doStart(419)) - Started @5270ms
2019-10-02 07:48:24,044 [main] WARN  impl.MetricsSystemImpl (MetricsSystemImpl.java:register(276)) - Sink prometheus already exists!
2019-10-02 07:48:24,045 [main] INFO  server.BaseHttpServer (BaseHttpServer.java:updateConnectorAddress(215)) - HTTP server of HDDSDATANODE is listening at http://0.0.0.0:33826
2019-10-02 07:48:24,045 [main] INFO  impl.MetricsSystemImpl (MetricsSystemImpl.java:init(158)) - HddsDatanode metrics system started (again)
2019-10-02 07:48:24,048 [main] INFO  ozone.HddsDatanodeService (HddsDatanodeService.java:start(184)) - HddsDatanodeService host:pr-hdds-2227-gdpr-vz6hn-2718222164 ip:192.168.164.211
2019-10-02 07:48:24,048 [org.apache.hadoop.util.JvmPauseMonitor$Monitor@86a954] INFO  util.JvmPauseMonitor (JvmPauseMonitor.java:run(188)) - Starting JVM pause monitor
2019-10-02 07:48:24,055 [main] INFO  volume.HddsVolume (HddsVolume.java:<init>(176)) - Creating Volume: /workdir/hadoop-ozone/integration-test/target/test-dir/MiniOzoneClusterImpl-eaaaa650-7a59-4694-95b4-85e6182e2b1b/datanode-2/data/containers/hdds of  storage type : DISK and capacity : 1482555576320
2019-10-02 07:48:24,056 [main] INFO  volume.VolumeSet (VolumeSet.java:initializeVolumeSet(170)) - Added Volume : /workdir/hadoop-ozone/integration-test/target/test-dir/MiniOzoneClusterImpl-eaaaa650-7a59-4694-95b4-85e6182e2b1b/datanode-2/data/containers/hdds to VolumeSet
2019-10-02 07:48:24,056 [main] INFO  volume.ThrottledAsyncChecker (ThrottledAsyncChecker.java:schedule(139)) - Scheduling a check for org.apache.hadoop.ozone.container.common.volume.HddsVolume@4b65d9f4
2019-10-02 07:48:24,056 [main] INFO  volume.HddsVolumeChecker (HddsVolumeChecker.java:checkAllVolumes(202)) - Scheduled health check for volume org.apache.hadoop.ozone.container.common.volume.HddsVolume@4b65d9f4
2019-10-02 07:48:24,070 [main] INFO  impl.RaftServerProxy (ConfUtils.java:logGet(43)) - raft.rpc.type = GRPC (default)
2019-10-02 07:48:24,070 [main] INFO  grpc.GrpcFactory (GrpcFactory.java:checkPooledByteBufAllocatorUseCacheForAllThreads(45)) - PERFORMANCE WARNING: useCacheForAllThreads is true that may cause Netty to create a lot garbage objects and, as a result, trigger GC.
	It is recommended to disable useCacheForAllThreads by setting -Dorg.apache.ratis.thirdparty.io.netty.allocator.useCacheForAllThreads=false in command line.
2019-10-02 07:48:24,070 [main] INFO  grpc.GrpcConfigKeys$Server (ConfUtils.java:logGet(43)) - raft.grpc.server.port = 0 (default)
2019-10-02 07:48:24,070 [main] INFO  server.GrpcService (ConfUtils.java:logGet(43)) - raft.grpc.message.size.max = 33570816 (custom)
2019-10-02 07:48:24,071 [main] INFO  server.RaftServerConfigKeys (ConfUtils.java:logGet(43)) - raft.server.log.appender.buffer.byte-limit = 33554432 (custom)
2019-10-02 07:48:24,071 [main] INFO  server.GrpcService (ConfUtils.java:logGet(43)) - raft.grpc.flow.control.window = 1MB (=1048576) (default)
2019-10-02 07:48:24,071 [main] INFO  server.RaftServerConfigKeys (ConfUtils.java:logGet(43)) - raft.server.rpc.request.timeout = 3000ms (default)
2019-10-02 07:48:24,072 [main] INFO  server.RaftServerConfigKeys (ConfUtils.java:logGet(43)) - raft.server.storage.dir = [/workdir/hadoop-ozone/integration-test/target/test-dir/MiniOzoneClusterImpl-eaaaa650-7a59-4694-95b4-85e6182e2b1b/datanode-2/data/ratis] (custom)
2019-10-02 07:48:24,074 [main] INFO  hdfs.DFSUtil (DFSUtil.java:httpServerTemplateForNNAndJN(1641)) - Starting Web-server for hddsDatanode at: http://0.0.0.0:0
2019-10-02 07:48:24,075 [main] INFO  server.AuthenticationFilter (AuthenticationFilter.java:constructSecretProvider(240)) - Unable to initialize FileSignerSecretProvider, falling back to use random secrets.
2019-10-02 07:48:24,075 [main] WARN  http.HttpRequestLog (HttpRequestLog.java:getRequestLog(97)) - Jetty request log can only be enabled using Log4j
2019-10-02 07:48:24,077 [main] INFO  http.HttpServer2 (HttpServer2.java:addGlobalFilter(975)) - Added global filter 'safety' (class=org.apache.hadoop.http.HttpServer2$QuotingInputFilter)
2019-10-02 07:48:24,078 [main] INFO  http.HttpServer2 (HttpServer2.java:addFilter(948)) - Added filter static_user_filter (class=org.apache.hadoop.http.lib.StaticUserWebFilter$StaticUserFilter) to context hddsDatanode
2019-10-02 07:48:24,079 [main] INFO  http.HttpServer2 (HttpServer2.java:addFilter(958)) - Added filter static_user_filter (class=org.apache.hadoop.http.lib.StaticUserWebFilter$StaticUserFilter) to context logs
2019-10-02 07:48:24,079 [main] INFO  http.HttpServer2 (HttpServer2.java:addFilter(958)) - Added filter static_user_filter (class=org.apache.hadoop.http.lib.StaticUserWebFilter$StaticUserFilter) to context static
2019-10-02 07:48:24,081 [main] INFO  http.HttpServer2 (HttpServer2.java:bindListener(1191)) - Jetty bound to port 44583
2019-10-02 07:48:24,081 [main] INFO  server.Server (Server.java:doStart(351)) - jetty-9.3.25.v20180904, build timestamp: 2018-09-04T21:11:46Z, git hash: 3ce520221d0240229c862b122d2b06c12a625732
2019-10-02 07:48:24,083 [Datanode State Machine Thread - 0] INFO  datanode.InitDatanodeState (InitDatanodeState.java:persistContainerDatanodeDetails(140)) - DatanodeDetails is persisted to /workdir/hadoop-ozone/integration-test/target/test-dir/MiniOzoneClusterImpl-eaaaa650-7a59-4694-95b4-85e6182e2b1b/datanode-0/meta/datanode.id
2019-10-02 07:48:24,084 [main] INFO  handler.ContextHandler (ContextHandler.java:doStart(781)) - Started o.e.j.s.ServletContextHandler@40e37b06{/logs,file:///workdir/hadoop-ozone/integration-test/target/log,AVAILABLE}
2019-10-02 07:48:24,086 [main] INFO  handler.ContextHandler (ContextHandler.java:doStart(781)) - Started o.e.j.s.ServletContextHandler@6dcc40f5{/static,jar:file:/home/user/.m2/repository/org/apache/hadoop/hadoop-hdds-container-service/0.5.0-SNAPSHOT/hadoop-hdds-container-service-0.5.0-SNAPSHOT.jar!/webapps/static,AVAILABLE}
2019-10-02 07:48:24,087 [Datanode State Machine Thread - 0] INFO  datanode.InitDatanodeState (InitDatanodeState.java:persistContainerDatanodeDetails(140)) - DatanodeDetails is persisted to /workdir/hadoop-ozone/integration-test/target/test-dir/MiniOzoneClusterImpl-eaaaa650-7a59-4694-95b4-85e6182e2b1b/datanode-1/meta/datanode.id
2019-10-02 07:48:24,128 [main] INFO  handler.ContextHandler (ContextHandler.java:doStart(781)) - Started o.e.j.w.WebAppContext@6b1dc20f{/,file:///tmp/jetty-0.0.0.0-44583-hddsDatanode-_-any-4133640167216269261.dir/webapp/,AVAILABLE}{/hddsDatanode}
2019-10-02 07:48:24,129 [main] INFO  server.AbstractConnector (AbstractConnector.java:doStart(278)) - Started ServerConnector@4613311f{HTTP/1.1,[http/1.1]}{0.0.0.0:44583}
2019-10-02 07:48:24,129 [main] INFO  server.Server (Server.java:doStart(419)) - Started @5356ms
2019-10-02 07:48:24,131 [main] WARN  impl.MetricsSystemImpl (MetricsSystemImpl.java:register(276)) - Sink prometheus already exists!
2019-10-02 07:48:24,131 [main] INFO  server.BaseHttpServer (BaseHttpServer.java:updateConnectorAddress(215)) - HTTP server of HDDSDATANODE is listening at http://0.0.0.0:44583
2019-10-02 07:48:24,132 [main] INFO  impl.MetricsSystemImpl (MetricsSystemImpl.java:init(158)) - HddsDatanode metrics system started (again)
2019-10-02 07:48:24,135 [main] INFO  ozone.HddsDatanodeService (HddsDatanodeService.java:start(184)) - HddsDatanodeService host:pr-hdds-2227-gdpr-vz6hn-2718222164 ip:192.168.164.211
2019-10-02 07:48:24,135 [org.apache.hadoop.util.JvmPauseMonitor$Monitor@32e83abb] INFO  util.JvmPauseMonitor (JvmPauseMonitor.java:run(188)) - Starting JVM pause monitor
2019-10-02 07:48:24,139 [Datanode State Machine Thread - 0] INFO  datanode.InitDatanodeState (InitDatanodeState.java:persistContainerDatanodeDetails(140)) - DatanodeDetails is persisted to /workdir/hadoop-ozone/integration-test/target/test-dir/MiniOzoneClusterImpl-eaaaa650-7a59-4694-95b4-85e6182e2b1b/datanode-2/meta/datanode.id
2019-10-02 07:48:24,142 [main] INFO  volume.HddsVolume (HddsVolume.java:<init>(176)) - Creating Volume: /workdir/hadoop-ozone/integration-test/target/test-dir/MiniOzoneClusterImpl-eaaaa650-7a59-4694-95b4-85e6182e2b1b/datanode-3/data/containers/hdds of  storage type : DISK and capacity : 1482555576320
2019-10-02 07:48:24,143 [main] INFO  volume.VolumeSet (VolumeSet.java:initializeVolumeSet(170)) - Added Volume : /workdir/hadoop-ozone/integration-test/target/test-dir/MiniOzoneClusterImpl-eaaaa650-7a59-4694-95b4-85e6182e2b1b/datanode-3/data/containers/hdds to VolumeSet
2019-10-02 07:48:24,143 [main] INFO  volume.ThrottledAsyncChecker (ThrottledAsyncChecker.java:schedule(139)) - Scheduling a check for org.apache.hadoop.ozone.container.common.volume.HddsVolume@36480b2d
2019-10-02 07:48:24,145 [main] INFO  volume.HddsVolumeChecker (HddsVolumeChecker.java:checkAllVolumes(202)) - Scheduled health check for volume org.apache.hadoop.ozone.container.common.volume.HddsVolume@36480b2d
2019-10-02 07:48:24,165 [main] INFO  impl.RaftServerProxy (ConfUtils.java:logGet(43)) - raft.rpc.type = GRPC (default)
2019-10-02 07:48:24,166 [main] INFO  grpc.GrpcFactory (GrpcFactory.java:checkPooledByteBufAllocatorUseCacheForAllThreads(45)) - PERFORMANCE WARNING: useCacheForAllThreads is true that may cause Netty to create a lot garbage objects and, as a result, trigger GC.
	It is recommended to disable useCacheForAllThreads by setting -Dorg.apache.ratis.thirdparty.io.netty.allocator.useCacheForAllThreads=false in command line.
2019-10-02 07:48:24,166 [main] INFO  grpc.GrpcConfigKeys$Server (ConfUtils.java:logGet(43)) - raft.grpc.server.port = 0 (default)
2019-10-02 07:48:24,167 [main] INFO  server.GrpcService (ConfUtils.java:logGet(43)) - raft.grpc.message.size.max = 33570816 (custom)
2019-10-02 07:48:24,167 [main] INFO  server.RaftServerConfigKeys (ConfUtils.java:logGet(43)) - raft.server.log.appender.buffer.byte-limit = 33554432 (custom)
2019-10-02 07:48:24,167 [main] INFO  server.GrpcService (ConfUtils.java:logGet(43)) - raft.grpc.flow.control.window = 1MB (=1048576) (default)
2019-10-02 07:48:24,168 [main] INFO  server.RaftServerConfigKeys (ConfUtils.java:logGet(43)) - raft.server.rpc.request.timeout = 3000ms (default)
2019-10-02 07:48:24,168 [main] INFO  server.RaftServerConfigKeys (ConfUtils.java:logGet(43)) - raft.server.storage.dir = [/workdir/hadoop-ozone/integration-test/target/test-dir/MiniOzoneClusterImpl-eaaaa650-7a59-4694-95b4-85e6182e2b1b/datanode-3/data/ratis] (custom)
2019-10-02 07:48:24,170 [main] INFO  hdfs.DFSUtil (DFSUtil.java:httpServerTemplateForNNAndJN(1641)) - Starting Web-server for hddsDatanode at: http://0.0.0.0:0
2019-10-02 07:48:24,172 [main] INFO  server.AuthenticationFilter (AuthenticationFilter.java:constructSecretProvider(240)) - Unable to initialize FileSignerSecretProvider, falling back to use random secrets.
2019-10-02 07:48:24,172 [main] WARN  http.HttpRequestLog (HttpRequestLog.java:getRequestLog(97)) - Jetty request log can only be enabled using Log4j
2019-10-02 07:48:24,174 [main] INFO  http.HttpServer2 (HttpServer2.java:addGlobalFilter(975)) - Added global filter 'safety' (class=org.apache.hadoop.http.HttpServer2$QuotingInputFilter)
2019-10-02 07:48:24,175 [main] INFO  http.HttpServer2 (HttpServer2.java:addFilter(948)) - Added filter static_user_filter (class=org.apache.hadoop.http.lib.StaticUserWebFilter$StaticUserFilter) to context hddsDatanode
2019-10-02 07:48:24,175 [main] INFO  http.HttpServer2 (HttpServer2.java:addFilter(958)) - Added filter static_user_filter (class=org.apache.hadoop.http.lib.StaticUserWebFilter$StaticUserFilter) to context static
2019-10-02 07:48:24,175 [main] INFO  http.HttpServer2 (HttpServer2.java:addFilter(958)) - Added filter static_user_filter (class=org.apache.hadoop.http.lib.StaticUserWebFilter$StaticUserFilter) to context logs
2019-10-02 07:48:24,176 [main] INFO  http.HttpServer2 (HttpServer2.java:bindListener(1191)) - Jetty bound to port 40641
2019-10-02 07:48:24,176 [main] INFO  server.Server (Server.java:doStart(351)) - jetty-9.3.25.v20180904, build timestamp: 2018-09-04T21:11:46Z, git hash: 3ce520221d0240229c862b122d2b06c12a625732
2019-10-02 07:48:24,181 [main] INFO  handler.ContextHandler (ContextHandler.java:doStart(781)) - Started o.e.j.s.ServletContextHandler@70972170{/logs,file:///workdir/hadoop-ozone/integration-test/target/log,AVAILABLE}
2019-10-02 07:48:24,181 [main] INFO  handler.ContextHandler (ContextHandler.java:doStart(781)) - Started o.e.j.s.ServletContextHandler@4e1a46fb{/static,jar:file:/home/user/.m2/repository/org/apache/hadoop/hadoop-hdds-container-service/0.5.0-SNAPSHOT/hadoop-hdds-container-service-0.5.0-SNAPSHOT.jar!/webapps/static,AVAILABLE}
2019-10-02 07:48:24,211 [main] INFO  handler.ContextHandler (ContextHandler.java:doStart(781)) - Started o.e.j.w.WebAppContext@1687eb01{/,file:///tmp/jetty-0.0.0.0-40641-hddsDatanode-_-any-5648417959182669117.dir/webapp/,AVAILABLE}{/hddsDatanode}
2019-10-02 07:48:24,212 [main] INFO  server.AbstractConnector (AbstractConnector.java:doStart(278)) - Started ServerConnector@748d2277{HTTP/1.1,[http/1.1]}{0.0.0.0:40641}
2019-10-02 07:48:24,213 [main] INFO  server.Server (Server.java:doStart(419)) - Started @5440ms
2019-10-02 07:48:24,213 [main] WARN  impl.MetricsSystemImpl (MetricsSystemImpl.java:register(276)) - Sink prometheus already exists!
2019-10-02 07:48:24,214 [main] INFO  server.BaseHttpServer (BaseHttpServer.java:updateConnectorAddress(215)) - HTTP server of HDDSDATANODE is listening at http://0.0.0.0:40641
2019-10-02 07:48:24,215 [main] INFO  impl.MetricsSystemImpl (MetricsSystemImpl.java:init(158)) - HddsDatanode metrics system started (again)
2019-10-02 07:48:24,217 [org.apache.hadoop.util.JvmPauseMonitor$Monitor@19626873] INFO  util.JvmPauseMonitor (JvmPauseMonitor.java:run(188)) - Starting JVM pause monitor
2019-10-02 07:48:24,217 [main] INFO  ozone.HddsDatanodeService (HddsDatanodeService.java:start(184)) - HddsDatanodeService host:pr-hdds-2227-gdpr-vz6hn-2718222164 ip:192.168.164.211
2019-10-02 07:48:24,220 [Datanode State Machine Thread - 0] INFO  datanode.InitDatanodeState (InitDatanodeState.java:persistContainerDatanodeDetails(140)) - DatanodeDetails is persisted to /workdir/hadoop-ozone/integration-test/target/test-dir/MiniOzoneClusterImpl-eaaaa650-7a59-4694-95b4-85e6182e2b1b/datanode-3/meta/datanode.id
2019-10-02 07:48:24,224 [main] INFO  volume.HddsVolume (HddsVolume.java:<init>(176)) - Creating Volume: /workdir/hadoop-ozone/integration-test/target/test-dir/MiniOzoneClusterImpl-eaaaa650-7a59-4694-95b4-85e6182e2b1b/datanode-4/data/containers/hdds of  storage type : DISK and capacity : 1482555576320
2019-10-02 07:48:24,225 [main] INFO  volume.VolumeSet (VolumeSet.java:initializeVolumeSet(170)) - Added Volume : /workdir/hadoop-ozone/integration-test/target/test-dir/MiniOzoneClusterImpl-eaaaa650-7a59-4694-95b4-85e6182e2b1b/datanode-4/data/containers/hdds to VolumeSet
2019-10-02 07:48:24,225 [main] INFO  volume.ThrottledAsyncChecker (ThrottledAsyncChecker.java:schedule(139)) - Scheduling a check for org.apache.hadoop.ozone.container.common.volume.HddsVolume@561b7d53
2019-10-02 07:48:24,226 [main] INFO  volume.HddsVolumeChecker (HddsVolumeChecker.java:checkAllVolumes(202)) - Scheduled health check for volume org.apache.hadoop.ozone.container.common.volume.HddsVolume@561b7d53
2019-10-02 07:48:24,239 [main] INFO  impl.RaftServerProxy (ConfUtils.java:logGet(43)) - raft.rpc.type = GRPC (default)
2019-10-02 07:48:24,239 [main] INFO  grpc.GrpcFactory (GrpcFactory.java:checkPooledByteBufAllocatorUseCacheForAllThreads(45)) - PERFORMANCE WARNING: useCacheForAllThreads is true that may cause Netty to create a lot garbage objects and, as a result, trigger GC.
	It is recommended to disable useCacheForAllThreads by setting -Dorg.apache.ratis.thirdparty.io.netty.allocator.useCacheForAllThreads=false in command line.
2019-10-02 07:48:24,239 [main] INFO  grpc.GrpcConfigKeys$Server (ConfUtils.java:logGet(43)) - raft.grpc.server.port = 0 (default)
2019-10-02 07:48:24,239 [main] INFO  server.GrpcService (ConfUtils.java:logGet(43)) - raft.grpc.message.size.max = 33570816 (custom)
2019-10-02 07:48:24,240 [main] INFO  server.RaftServerConfigKeys (ConfUtils.java:logGet(43)) - raft.server.log.appender.buffer.byte-limit = 33554432 (custom)
2019-10-02 07:48:24,240 [main] INFO  server.GrpcService (ConfUtils.java:logGet(43)) - raft.grpc.flow.control.window = 1MB (=1048576) (default)
2019-10-02 07:48:24,240 [main] INFO  server.RaftServerConfigKeys (ConfUtils.java:logGet(43)) - raft.server.rpc.request.timeout = 3000ms (default)
2019-10-02 07:48:24,241 [main] INFO  server.RaftServerConfigKeys (ConfUtils.java:logGet(43)) - raft.server.storage.dir = [/workdir/hadoop-ozone/integration-test/target/test-dir/MiniOzoneClusterImpl-eaaaa650-7a59-4694-95b4-85e6182e2b1b/datanode-4/data/ratis] (custom)
2019-10-02 07:48:24,242 [main] INFO  hdfs.DFSUtil (DFSUtil.java:httpServerTemplateForNNAndJN(1641)) - Starting Web-server for hddsDatanode at: http://0.0.0.0:0
2019-10-02 07:48:24,244 [main] INFO  server.AuthenticationFilter (AuthenticationFilter.java:constructSecretProvider(240)) - Unable to initialize FileSignerSecretProvider, falling back to use random secrets.
2019-10-02 07:48:24,244 [main] WARN  http.HttpRequestLog (HttpRequestLog.java:getRequestLog(97)) - Jetty request log can only be enabled using Log4j
2019-10-02 07:48:24,246 [main] INFO  http.HttpServer2 (HttpServer2.java:addGlobalFilter(975)) - Added global filter 'safety' (class=org.apache.hadoop.http.HttpServer2$QuotingInputFilter)
2019-10-02 07:48:24,246 [main] INFO  http.HttpServer2 (HttpServer2.java:addFilter(948)) - Added filter static_user_filter (class=org.apache.hadoop.http.lib.StaticUserWebFilter$StaticUserFilter) to context hddsDatanode
2019-10-02 07:48:24,246 [main] INFO  http.HttpServer2 (HttpServer2.java:addFilter(958)) - Added filter static_user_filter (class=org.apache.hadoop.http.lib.StaticUserWebFilter$StaticUserFilter) to context logs
2019-10-02 07:48:24,247 [main] INFO  http.HttpServer2 (HttpServer2.java:addFilter(958)) - Added filter static_user_filter (class=org.apache.hadoop.http.lib.StaticUserWebFilter$StaticUserFilter) to context static
2019-10-02 07:48:24,247 [main] INFO  http.HttpServer2 (HttpServer2.java:bindListener(1191)) - Jetty bound to port 45804
2019-10-02 07:48:24,248 [main] INFO  server.Server (Server.java:doStart(351)) - jetty-9.3.25.v20180904, build timestamp: 2018-09-04T21:11:46Z, git hash: 3ce520221d0240229c862b122d2b06c12a625732
2019-10-02 07:48:24,250 [main] INFO  handler.ContextHandler (ContextHandler.java:doStart(781)) - Started o.e.j.s.ServletContextHandler@250a500b{/logs,file:///workdir/hadoop-ozone/integration-test/target/log,AVAILABLE}
2019-10-02 07:48:24,251 [main] INFO  handler.ContextHandler (ContextHandler.java:doStart(781)) - Started o.e.j.s.ServletContextHandler@4f89331f{/static,jar:file:/home/user/.m2/repository/org/apache/hadoop/hadoop-hdds-container-service/0.5.0-SNAPSHOT/hadoop-hdds-container-service-0.5.0-SNAPSHOT.jar!/webapps/static,AVAILABLE}
2019-10-02 07:48:24,282 [main] INFO  handler.ContextHandler (ContextHandler.java:doStart(781)) - Started o.e.j.w.WebAppContext@6f911326{/,file:///tmp/jetty-0.0.0.0-45804-hddsDatanode-_-any-8446346197812860823.dir/webapp/,AVAILABLE}{/hddsDatanode}
2019-10-02 07:48:24,284 [main] INFO  server.AbstractConnector (AbstractConnector.java:doStart(278)) - Started ServerConnector@f1d0004{HTTP/1.1,[http/1.1]}{0.0.0.0:45804}
2019-10-02 07:48:24,285 [main] INFO  server.Server (Server.java:doStart(419)) - Started @5511ms
2019-10-02 07:48:24,285 [main] WARN  impl.MetricsSystemImpl (MetricsSystemImpl.java:register(276)) - Sink prometheus already exists!
2019-10-02 07:48:24,286 [main] INFO  server.BaseHttpServer (BaseHttpServer.java:updateConnectorAddress(215)) - HTTP server of HDDSDATANODE is listening at http://0.0.0.0:45804
2019-10-02 07:48:24,286 [main] INFO  impl.MetricsSystemImpl (MetricsSystemImpl.java:init(158)) - HddsDatanode metrics system started (again)
2019-10-02 07:48:24,289 [org.apache.hadoop.util.JvmPauseMonitor$Monitor@5ab2435a] INFO  util.JvmPauseMonitor (JvmPauseMonitor.java:run(188)) - Starting JVM pause monitor
2019-10-02 07:48:24,290 [main] INFO  ozone.HddsDatanodeService (HddsDatanodeService.java:start(184)) - HddsDatanodeService host:pr-hdds-2227-gdpr-vz6hn-2718222164 ip:192.168.164.211
2019-10-02 07:48:24,291 [Datanode State Machine Thread - 0] INFO  datanode.InitDatanodeState (InitDatanodeState.java:persistContainerDatanodeDetails(140)) - DatanodeDetails is persisted to /workdir/hadoop-ozone/integration-test/target/test-dir/MiniOzoneClusterImpl-eaaaa650-7a59-4694-95b4-85e6182e2b1b/datanode-4/meta/datanode.id
2019-10-02 07:48:24,299 [main] INFO  volume.HddsVolume (HddsVolume.java:<init>(176)) - Creating Volume: /workdir/hadoop-ozone/integration-test/target/test-dir/MiniOzoneClusterImpl-eaaaa650-7a59-4694-95b4-85e6182e2b1b/datanode-5/data/containers/hdds of  storage type : DISK and capacity : 1482555576320
2019-10-02 07:48:24,300 [main] INFO  volume.VolumeSet (VolumeSet.java:initializeVolumeSet(170)) - Added Volume : /workdir/hadoop-ozone/integration-test/target/test-dir/MiniOzoneClusterImpl-eaaaa650-7a59-4694-95b4-85e6182e2b1b/datanode-5/data/containers/hdds to VolumeSet
2019-10-02 07:48:24,300 [main] INFO  volume.ThrottledAsyncChecker (ThrottledAsyncChecker.java:schedule(139)) - Scheduling a check for org.apache.hadoop.ozone.container.common.volume.HddsVolume@51d387d3
2019-10-02 07:48:24,301 [main] INFO  volume.HddsVolumeChecker (HddsVolumeChecker.java:checkAllVolumes(202)) - Scheduled health check for volume org.apache.hadoop.ozone.container.common.volume.HddsVolume@51d387d3
2019-10-02 07:48:24,317 [main] INFO  impl.RaftServerProxy (ConfUtils.java:logGet(43)) - raft.rpc.type = GRPC (default)
2019-10-02 07:48:24,317 [main] INFO  grpc.GrpcFactory (GrpcFactory.java:checkPooledByteBufAllocatorUseCacheForAllThreads(45)) - PERFORMANCE WARNING: useCacheForAllThreads is true that may cause Netty to create a lot garbage objects and, as a result, trigger GC.
	It is recommended to disable useCacheForAllThreads by setting -Dorg.apache.ratis.thirdparty.io.netty.allocator.useCacheForAllThreads=false in command line.
2019-10-02 07:48:24,317 [main] INFO  grpc.GrpcConfigKeys$Server (ConfUtils.java:logGet(43)) - raft.grpc.server.port = 0 (default)
2019-10-02 07:48:24,318 [main] INFO  server.GrpcService (ConfUtils.java:logGet(43)) - raft.grpc.message.size.max = 33570816 (custom)
2019-10-02 07:48:24,318 [main] INFO  server.RaftServerConfigKeys (ConfUtils.java:logGet(43)) - raft.server.log.appender.buffer.byte-limit = 33554432 (custom)
2019-10-02 07:48:24,318 [main] INFO  server.GrpcService (ConfUtils.java:logGet(43)) - raft.grpc.flow.control.window = 1MB (=1048576) (default)
2019-10-02 07:48:24,318 [main] INFO  server.RaftServerConfigKeys (ConfUtils.java:logGet(43)) - raft.server.rpc.request.timeout = 3000ms (default)
2019-10-02 07:48:24,319 [main] INFO  server.RaftServerConfigKeys (ConfUtils.java:logGet(43)) - raft.server.storage.dir = [/workdir/hadoop-ozone/integration-test/target/test-dir/MiniOzoneClusterImpl-eaaaa650-7a59-4694-95b4-85e6182e2b1b/datanode-5/data/ratis] (custom)
2019-10-02 07:48:24,321 [main] INFO  hdfs.DFSUtil (DFSUtil.java:httpServerTemplateForNNAndJN(1641)) - Starting Web-server for hddsDatanode at: http://0.0.0.0:0
2019-10-02 07:48:24,322 [main] INFO  server.AuthenticationFilter (AuthenticationFilter.java:constructSecretProvider(240)) - Unable to initialize FileSignerSecretProvider, falling back to use random secrets.
2019-10-02 07:48:24,323 [main] WARN  http.HttpRequestLog (HttpRequestLog.java:getRequestLog(97)) - Jetty request log can only be enabled using Log4j
2019-10-02 07:48:24,324 [main] INFO  http.HttpServer2 (HttpServer2.java:addGlobalFilter(975)) - Added global filter 'safety' (class=org.apache.hadoop.http.HttpServer2$QuotingInputFilter)
2019-10-02 07:48:24,325 [main] INFO  http.HttpServer2 (HttpServer2.java:addFilter(948)) - Added filter static_user_filter (class=org.apache.hadoop.http.lib.StaticUserWebFilter$StaticUserFilter) to context hddsDatanode
2019-10-02 07:48:24,325 [main] INFO  http.HttpServer2 (HttpServer2.java:addFilter(958)) - Added filter static_user_filter (class=org.apache.hadoop.http.lib.StaticUserWebFilter$StaticUserFilter) to context logs
2019-10-02 07:48:24,325 [main] INFO  http.HttpServer2 (HttpServer2.java:addFilter(958)) - Added filter static_user_filter (class=org.apache.hadoop.http.lib.StaticUserWebFilter$StaticUserFilter) to context static
2019-10-02 07:48:24,326 [main] INFO  http.HttpServer2 (HttpServer2.java:bindListener(1191)) - Jetty bound to port 34276
2019-10-02 07:48:24,326 [main] INFO  server.Server (Server.java:doStart(351)) - jetty-9.3.25.v20180904, build timestamp: 2018-09-04T21:11:46Z, git hash: 3ce520221d0240229c862b122d2b06c12a625732
2019-10-02 07:48:24,328 [main] INFO  handler.ContextHandler (ContextHandler.java:doStart(781)) - Started o.e.j.s.ServletContextHandler@12d5c30e{/logs,file:///workdir/hadoop-ozone/integration-test/target/log,AVAILABLE}
2019-10-02 07:48:24,329 [main] INFO  handler.ContextHandler (ContextHandler.java:doStart(781)) - Started o.e.j.s.ServletContextHandler@26586b74{/static,jar:file:/home/user/.m2/repository/org/apache/hadoop/hadoop-hdds-container-service/0.5.0-SNAPSHOT/hadoop-hdds-container-service-0.5.0-SNAPSHOT.jar!/webapps/static,AVAILABLE}
2019-10-02 07:48:24,365 [main] INFO  handler.ContextHandler (ContextHandler.java:doStart(781)) - Started o.e.j.w.WebAppContext@ae2db25{/,file:///tmp/jetty-0.0.0.0-34276-hddsDatanode-_-any-3473739626393433613.dir/webapp/,AVAILABLE}{/hddsDatanode}
2019-10-02 07:48:24,366 [main] INFO  server.AbstractConnector (AbstractConnector.java:doStart(278)) - Started ServerConnector@363c4251{HTTP/1.1,[http/1.1]}{0.0.0.0:34276}
2019-10-02 07:48:24,367 [main] INFO  server.Server (Server.java:doStart(419)) - Started @5593ms
2019-10-02 07:48:24,367 [main] WARN  impl.MetricsSystemImpl (MetricsSystemImpl.java:register(276)) - Sink prometheus already exists!
2019-10-02 07:48:24,368 [main] INFO  server.BaseHttpServer (BaseHttpServer.java:updateConnectorAddress(215)) - HTTP server of HDDSDATANODE is listening at http://0.0.0.0:34276
2019-10-02 07:48:24,368 [main] INFO  impl.MetricsSystemImpl (MetricsSystemImpl.java:init(158)) - HddsDatanode metrics system started (again)
2019-10-02 07:48:24,370 [org.apache.hadoop.util.JvmPauseMonitor$Monitor@130d41a0] INFO  util.JvmPauseMonitor (JvmPauseMonitor.java:run(188)) - Starting JVM pause monitor
2019-10-02 07:48:24,373 [Datanode State Machine Thread - 0] INFO  datanode.InitDatanodeState (InitDatanodeState.java:persistContainerDatanodeDetails(140)) - DatanodeDetails is persisted to /workdir/hadoop-ozone/integration-test/target/test-dir/MiniOzoneClusterImpl-eaaaa650-7a59-4694-95b4-85e6182e2b1b/datanode-5/meta/datanode.id
2019-10-02 07:48:24,373 [main] INFO  ozone.HddsDatanodeService (HddsDatanodeService.java:start(184)) - HddsDatanodeService host:pr-hdds-2227-gdpr-vz6hn-2718222164 ip:192.168.164.211
2019-10-02 07:48:24,381 [main] INFO  volume.HddsVolume (HddsVolume.java:<init>(176)) - Creating Volume: /workdir/hadoop-ozone/integration-test/target/test-dir/MiniOzoneClusterImpl-eaaaa650-7a59-4694-95b4-85e6182e2b1b/datanode-6/data/containers/hdds of  storage type : DISK and capacity : 1482555576320
2019-10-02 07:48:24,382 [main] INFO  volume.VolumeSet (VolumeSet.java:initializeVolumeSet(170)) - Added Volume : /workdir/hadoop-ozone/integration-test/target/test-dir/MiniOzoneClusterImpl-eaaaa650-7a59-4694-95b4-85e6182e2b1b/datanode-6/data/containers/hdds to VolumeSet
2019-10-02 07:48:24,382 [main] INFO  volume.ThrottledAsyncChecker (ThrottledAsyncChecker.java:schedule(139)) - Scheduling a check for org.apache.hadoop.ozone.container.common.volume.HddsVolume@1f9f381d
2019-10-02 07:48:24,383 [main] INFO  volume.HddsVolumeChecker (HddsVolumeChecker.java:checkAllVolumes(202)) - Scheduled health check for volume org.apache.hadoop.ozone.container.common.volume.HddsVolume@1f9f381d
2019-10-02 07:48:24,407 [main] INFO  impl.RaftServerProxy (ConfUtils.java:logGet(43)) - raft.rpc.type = GRPC (default)
2019-10-02 07:48:24,408 [main] INFO  grpc.GrpcFactory (GrpcFactory.java:checkPooledByteBufAllocatorUseCacheForAllThreads(45)) - PERFORMANCE WARNING: useCacheForAllThreads is true that may cause Netty to create a lot garbage objects and, as a result, trigger GC.
	It is recommended to disable useCacheForAllThreads by setting -Dorg.apache.ratis.thirdparty.io.netty.allocator.useCacheForAllThreads=false in command line.
2019-10-02 07:48:24,408 [main] INFO  grpc.GrpcConfigKeys$Server (ConfUtils.java:logGet(43)) - raft.grpc.server.port = 0 (default)
2019-10-02 07:48:24,408 [main] INFO  server.GrpcService (ConfUtils.java:logGet(43)) - raft.grpc.message.size.max = 33570816 (custom)
2019-10-02 07:48:24,409 [main] INFO  server.RaftServerConfigKeys (ConfUtils.java:logGet(43)) - raft.server.log.appender.buffer.byte-limit = 33554432 (custom)
2019-10-02 07:48:24,409 [main] INFO  server.GrpcService (ConfUtils.java:logGet(43)) - raft.grpc.flow.control.window = 1MB (=1048576) (default)
2019-10-02 07:48:24,409 [main] INFO  server.RaftServerConfigKeys (ConfUtils.java:logGet(43)) - raft.server.rpc.request.timeout = 3000ms (default)
2019-10-02 07:48:24,410 [main] INFO  server.RaftServerConfigKeys (ConfUtils.java:logGet(43)) - raft.server.storage.dir = [/workdir/hadoop-ozone/integration-test/target/test-dir/MiniOzoneClusterImpl-eaaaa650-7a59-4694-95b4-85e6182e2b1b/datanode-6/data/ratis] (custom)
2019-10-02 07:48:24,412 [main] INFO  hdfs.DFSUtil (DFSUtil.java:httpServerTemplateForNNAndJN(1641)) - Starting Web-server for hddsDatanode at: http://0.0.0.0:0
2019-10-02 07:48:24,413 [main] INFO  server.AuthenticationFilter (AuthenticationFilter.java:constructSecretProvider(240)) - Unable to initialize FileSignerSecretProvider, falling back to use random secrets.
2019-10-02 07:48:24,414 [main] WARN  http.HttpRequestLog (HttpRequestLog.java:getRequestLog(97)) - Jetty request log can only be enabled using Log4j
2019-10-02 07:48:24,416 [main] INFO  http.HttpServer2 (HttpServer2.java:addGlobalFilter(975)) - Added global filter 'safety' (class=org.apache.hadoop.http.HttpServer2$QuotingInputFilter)
2019-10-02 07:48:24,416 [main] INFO  http.HttpServer2 (HttpServer2.java:addFilter(948)) - Added filter static_user_filter (class=org.apache.hadoop.http.lib.StaticUserWebFilter$StaticUserFilter) to context hddsDatanode
2019-10-02 07:48:24,417 [main] INFO  http.HttpServer2 (HttpServer2.java:addFilter(958)) - Added filter static_user_filter (class=org.apache.hadoop.http.lib.StaticUserWebFilter$StaticUserFilter) to context logs
2019-10-02 07:48:24,417 [main] INFO  http.HttpServer2 (HttpServer2.java:addFilter(958)) - Added filter static_user_filter (class=org.apache.hadoop.http.lib.StaticUserWebFilter$StaticUserFilter) to context static
2019-10-02 07:48:24,418 [main] INFO  http.HttpServer2 (HttpServer2.java:bindListener(1191)) - Jetty bound to port 35053
2019-10-02 07:48:24,418 [main] INFO  server.Server (Server.java:doStart(351)) - jetty-9.3.25.v20180904, build timestamp: 2018-09-04T21:11:46Z, git hash: 3ce520221d0240229c862b122d2b06c12a625732
2019-10-02 07:48:24,420 [main] INFO  handler.ContextHandler (ContextHandler.java:doStart(781)) - Started o.e.j.s.ServletContextHandler@7dbe2ebf{/logs,file:///workdir/hadoop-ozone/integration-test/target/log,AVAILABLE}
2019-10-02 07:48:24,420 [main] INFO  handler.ContextHandler (ContextHandler.java:doStart(781)) - Started o.e.j.s.ServletContextHandler@885e7ff{/static,jar:file:/home/user/.m2/repository/org/apache/hadoop/hadoop-hdds-container-service/0.5.0-SNAPSHOT/hadoop-hdds-container-service-0.5.0-SNAPSHOT.jar!/webapps/static,AVAILABLE}
2019-10-02 07:48:24,451 [main] INFO  handler.ContextHandler (ContextHandler.java:doStart(781)) - Started o.e.j.w.WebAppContext@6a818392{/,file:///tmp/jetty-0.0.0.0-35053-hddsDatanode-_-any-208420985185338050.dir/webapp/,AVAILABLE}{/hddsDatanode}
2019-10-02 07:48:24,453 [main] INFO  server.AbstractConnector (AbstractConnector.java:doStart(278)) - Started ServerConnector@489091bd{HTTP/1.1,[http/1.1]}{0.0.0.0:35053}
2019-10-02 07:48:24,453 [main] INFO  server.Server (Server.java:doStart(419)) - Started @5680ms
2019-10-02 07:48:24,454 [main] WARN  impl.MetricsSystemImpl (MetricsSystemImpl.java:register(276)) - Sink prometheus already exists!
2019-10-02 07:48:24,454 [main] INFO  server.BaseHttpServer (BaseHttpServer.java:updateConnectorAddress(215)) - HTTP server of HDDSDATANODE is listening at http://0.0.0.0:35053
2019-10-02 07:48:24,457 [main] INFO  ozone.MiniOzoneClusterImpl (MiniOzoneClusterImpl.java:lambda$waitForClusterToBeReady$0(147)) - Waiting for cluster to be ready. Got 0 of 7 DN Heartbeats.
2019-10-02 07:48:24,458 [org.apache.hadoop.util.JvmPauseMonitor$Monitor@5e6dbdaf] INFO  util.JvmPauseMonitor (JvmPauseMonitor.java:run(188)) - Starting JVM pause monitor
2019-10-02 07:48:24,462 [Datanode State Machine Thread - 0] INFO  datanode.InitDatanodeState (InitDatanodeState.java:persistContainerDatanodeDetails(140)) - DatanodeDetails is persisted to /workdir/hadoop-ozone/integration-test/target/test-dir/MiniOzoneClusterImpl-eaaaa650-7a59-4694-95b4-85e6182e2b1b/datanode-6/meta/datanode.id
2019-10-02 07:48:25,459 [main] INFO  ozone.MiniOzoneClusterImpl (MiniOzoneClusterImpl.java:lambda$waitForClusterToBeReady$0(147)) - Waiting for cluster to be ready. Got 0 of 7 DN Heartbeats.
2019-10-02 07:48:26,042 [Datanode State Machine Thread - 0] INFO  ozoneimpl.OzoneContainer (OzoneContainer.java:start(217)) - Attempting to start container services.
2019-10-02 07:48:26,046 [Datanode State Machine Thread - 0] INFO  ozoneimpl.OzoneContainer (OzoneContainer.java:startContainerScrub(179)) - Background container scanner has been disabled.
2019-10-02 07:48:26,046 [Datanode State Machine Thread - 0] INFO  ratis.XceiverServerRatis (XceiverServerRatis.java:start(417)) - Starting XceiverServerRatis b57445c0-33a9-4c70-9e00-cba4e4b039b5 at port 0
2019-10-02 07:48:26,065 [Datanode State Machine Thread - 0] INFO  ozoneimpl.OzoneContainer (OzoneContainer.java:start(217)) - Attempting to start container services.
2019-10-02 07:48:26,073 [Datanode State Machine Thread - 0] INFO  ozoneimpl.OzoneContainer (OzoneContainer.java:startContainerScrub(179)) - Background container scanner has been disabled.
2019-10-02 07:48:26,073 [Datanode State Machine Thread - 0] INFO  ratis.XceiverServerRatis (XceiverServerRatis.java:start(417)) - Starting XceiverServerRatis 5769829b-5c7b-4b33-8720-74c1f11a345b at port 0
2019-10-02 07:48:26,080 [Datanode State Machine Thread - 0] INFO  impl.RaftServerProxy (RaftServerProxy.java:lambda$start$3(299)) - b57445c0-33a9-4c70-9e00-cba4e4b039b5: start RPC server
2019-10-02 07:48:26,082 [Datanode State Machine Thread - 0] INFO  impl.RaftServerProxy (RaftServerProxy.java:lambda$start$3(299)) - 5769829b-5c7b-4b33-8720-74c1f11a345b: start RPC server
2019-10-02 07:48:26,150 [Datanode State Machine Thread - 0] INFO  ozoneimpl.OzoneContainer (OzoneContainer.java:start(217)) - Attempting to start container services.
2019-10-02 07:48:26,154 [Datanode State Machine Thread - 0] INFO  ozoneimpl.OzoneContainer (OzoneContainer.java:startContainerScrub(179)) - Background container scanner has been disabled.
2019-10-02 07:48:26,154 [Datanode State Machine Thread - 0] INFO  ratis.XceiverServerRatis (XceiverServerRatis.java:start(417)) - Starting XceiverServerRatis 56ea0766-1349-402d-9530-37c87c5c16c1 at port 0
2019-10-02 07:48:26,161 [Datanode State Machine Thread - 0] INFO  impl.RaftServerProxy (RaftServerProxy.java:lambda$start$3(299)) - 56ea0766-1349-402d-9530-37c87c5c16c1: start RPC server
2019-10-02 07:48:26,215 [Datanode State Machine Thread - 0] INFO  server.GrpcService (GrpcService.java:startImpl(158)) - 56ea0766-1349-402d-9530-37c87c5c16c1: GrpcService started, listening on 0.0.0.0/0.0.0.0:44517
2019-10-02 07:48:26,215 [Datanode State Machine Thread - 0] INFO  server.GrpcService (GrpcService.java:startImpl(158)) - b57445c0-33a9-4c70-9e00-cba4e4b039b5: GrpcService started, listening on 0.0.0.0/0.0.0.0:41677
2019-10-02 07:48:26,215 [Datanode State Machine Thread - 0] INFO  server.GrpcService (GrpcService.java:startImpl(158)) - 5769829b-5c7b-4b33-8720-74c1f11a345b: GrpcService started, listening on 0.0.0.0/0.0.0.0:43201
2019-10-02 07:48:26,216 [Datanode State Machine Thread - 0] INFO  ratis.XceiverServerRatis (XceiverServerRatis.java:start(427)) - XceiverServerRatis b57445c0-33a9-4c70-9e00-cba4e4b039b5 is started using port 41677
2019-10-02 07:48:26,216 [Datanode State Machine Thread - 0] INFO  ratis.XceiverServerRatis (XceiverServerRatis.java:start(427)) - XceiverServerRatis 56ea0766-1349-402d-9530-37c87c5c16c1 is started using port 44517
2019-10-02 07:48:26,216 [Datanode State Machine Thread - 0] INFO  ratis.XceiverServerRatis (XceiverServerRatis.java:start(427)) - XceiverServerRatis 5769829b-5c7b-4b33-8720-74c1f11a345b is started using port 43201
2019-10-02 07:48:26,223 [Datanode State Machine Thread - 0] INFO  server.XceiverServerGrpc (XceiverServerGrpc.java:start(149)) - XceiverServerGrpc b57445c0-33a9-4c70-9e00-cba4e4b039b5 is started using port 42539
2019-10-02 07:48:26,223 [Datanode State Machine Thread - 0] INFO  server.XceiverServerGrpc (XceiverServerGrpc.java:start(149)) - XceiverServerGrpc 5769829b-5c7b-4b33-8720-74c1f11a345b is started using port 40563
2019-10-02 07:48:26,223 [Datanode State Machine Thread - 0] INFO  server.XceiverServerGrpc (XceiverServerGrpc.java:start(149)) - XceiverServerGrpc 56ea0766-1349-402d-9530-37c87c5c16c1 is started using port 33939
2019-10-02 07:48:26,236 [Datanode State Machine Thread - 0] INFO  ozoneimpl.OzoneContainer (OzoneContainer.java:start(217)) - Attempting to start container services.
2019-10-02 07:48:26,236 [Datanode State Machine Thread - 0] INFO  ozoneimpl.OzoneContainer (OzoneContainer.java:startContainerScrub(179)) - Background container scanner has been disabled.
2019-10-02 07:48:26,236 [Datanode State Machine Thread - 0] INFO  ratis.XceiverServerRatis (XceiverServerRatis.java:start(417)) - Starting XceiverServerRatis 59af106e-d8c8-4b7a-839e-06f3cb270bf5 at port 0
2019-10-02 07:48:26,242 [Datanode State Machine Thread - 0] INFO  impl.RaftServerProxy (RaftServerProxy.java:lambda$start$3(299)) - 59af106e-d8c8-4b7a-839e-06f3cb270bf5: start RPC server
2019-10-02 07:48:26,244 [Datanode State Machine Thread - 0] INFO  server.GrpcService (GrpcService.java:startImpl(158)) - 59af106e-d8c8-4b7a-839e-06f3cb270bf5: GrpcService started, listening on 0.0.0.0/0.0.0.0:45332
2019-10-02 07:48:26,244 [Datanode State Machine Thread - 0] INFO  ratis.XceiverServerRatis (XceiverServerRatis.java:start(427)) - XceiverServerRatis 59af106e-d8c8-4b7a-839e-06f3cb270bf5 is started using port 45332
2019-10-02 07:48:26,246 [Datanode State Machine Thread - 0] INFO  server.XceiverServerGrpc (XceiverServerGrpc.java:start(149)) - XceiverServerGrpc 59af106e-d8c8-4b7a-839e-06f3cb270bf5 is started using port 35960
2019-10-02 07:48:26,304 [Datanode State Machine Thread - 0] INFO  ozoneimpl.OzoneContainer (OzoneContainer.java:start(217)) - Attempting to start container services.
2019-10-02 07:48:26,304 [Datanode State Machine Thread - 0] INFO  ozoneimpl.OzoneContainer (OzoneContainer.java:startContainerScrub(179)) - Background container scanner has been disabled.
2019-10-02 07:48:26,304 [Datanode State Machine Thread - 0] INFO  ratis.XceiverServerRatis (XceiverServerRatis.java:start(417)) - Starting XceiverServerRatis 20b15c73-7e36-4f3d-af5d-dcac1c223d80 at port 0
2019-10-02 07:48:26,311 [Datanode State Machine Thread - 0] INFO  impl.RaftServerProxy (RaftServerProxy.java:lambda$start$3(299)) - 20b15c73-7e36-4f3d-af5d-dcac1c223d80: start RPC server
2019-10-02 07:48:26,315 [Datanode State Machine Thread - 0] INFO  server.GrpcService (GrpcService.java:startImpl(158)) - 20b15c73-7e36-4f3d-af5d-dcac1c223d80: GrpcService started, listening on 0.0.0.0/0.0.0.0:41323
2019-10-02 07:48:26,315 [Datanode State Machine Thread - 0] INFO  ratis.XceiverServerRatis (XceiverServerRatis.java:start(427)) - XceiverServerRatis 20b15c73-7e36-4f3d-af5d-dcac1c223d80 is started using port 41323
2019-10-02 07:48:26,317 [Datanode State Machine Thread - 0] INFO  server.XceiverServerGrpc (XceiverServerGrpc.java:start(149)) - XceiverServerGrpc 20b15c73-7e36-4f3d-af5d-dcac1c223d80 is started using port 42921
2019-10-02 07:48:26,398 [Datanode State Machine Thread - 0] INFO  ozoneimpl.OzoneContainer (OzoneContainer.java:start(217)) - Attempting to start container services.
2019-10-02 07:48:26,399 [Datanode State Machine Thread - 0] INFO  ozoneimpl.OzoneContainer (OzoneContainer.java:startContainerScrub(179)) - Background container scanner has been disabled.
2019-10-02 07:48:26,399 [Datanode State Machine Thread - 0] INFO  ratis.XceiverServerRatis (XceiverServerRatis.java:start(417)) - Starting XceiverServerRatis e7d406ca-211a-4487-9af6-12e67609d01e at port 0
2019-10-02 07:48:26,404 [Datanode State Machine Thread - 0] INFO  impl.RaftServerProxy (RaftServerProxy.java:lambda$start$3(299)) - e7d406ca-211a-4487-9af6-12e67609d01e: start RPC server
2019-10-02 07:48:26,407 [Datanode State Machine Thread - 0] INFO  server.GrpcService (GrpcService.java:startImpl(158)) - e7d406ca-211a-4487-9af6-12e67609d01e: GrpcService started, listening on 0.0.0.0/0.0.0.0:44510
2019-10-02 07:48:26,407 [Datanode State Machine Thread - 0] INFO  ratis.XceiverServerRatis (XceiverServerRatis.java:start(427)) - XceiverServerRatis e7d406ca-211a-4487-9af6-12e67609d01e is started using port 44510
2019-10-02 07:48:26,409 [Datanode State Machine Thread - 0] INFO  server.XceiverServerGrpc (XceiverServerGrpc.java:start(149)) - XceiverServerGrpc e7d406ca-211a-4487-9af6-12e67609d01e is started using port 44348
2019-10-02 07:48:26,459 [main] INFO  ozone.MiniOzoneClusterImpl (MiniOzoneClusterImpl.java:lambda$waitForClusterToBeReady$0(147)) - Waiting for cluster to be ready. Got 0 of 7 DN Heartbeats.
2019-10-02 07:48:26,474 [Datanode State Machine Thread - 0] INFO  ozoneimpl.OzoneContainer (OzoneContainer.java:start(217)) - Attempting to start container services.
2019-10-02 07:48:26,474 [Datanode State Machine Thread - 0] INFO  ozoneimpl.OzoneContainer (OzoneContainer.java:startContainerScrub(179)) - Background container scanner has been disabled.
2019-10-02 07:48:26,474 [Datanode State Machine Thread - 0] INFO  ratis.XceiverServerRatis (XceiverServerRatis.java:start(417)) - Starting XceiverServerRatis 40678547-ebf5-4c5e-be30-9f61598efabe at port 0
2019-10-02 07:48:26,483 [Datanode State Machine Thread - 0] INFO  impl.RaftServerProxy (RaftServerProxy.java:lambda$start$3(299)) - 40678547-ebf5-4c5e-be30-9f61598efabe: start RPC server
2019-10-02 07:48:26,486 [Datanode State Machine Thread - 0] INFO  server.GrpcService (GrpcService.java:startImpl(158)) - 40678547-ebf5-4c5e-be30-9f61598efabe: GrpcService started, listening on 0.0.0.0/0.0.0.0:33949
2019-10-02 07:48:26,487 [Datanode State Machine Thread - 0] INFO  ratis.XceiverServerRatis (XceiverServerRatis.java:start(427)) - XceiverServerRatis 40678547-ebf5-4c5e-be30-9f61598efabe is started using port 33949
2019-10-02 07:48:26,490 [Datanode State Machine Thread - 0] INFO  server.XceiverServerGrpc (XceiverServerGrpc.java:start(149)) - XceiverServerGrpc 40678547-ebf5-4c5e-be30-9f61598efabe is started using port 43650
2019-10-02 07:48:27,460 [main] INFO  ozone.MiniOzoneClusterImpl (MiniOzoneClusterImpl.java:lambda$waitForClusterToBeReady$0(147)) - Waiting for cluster to be ready. Got 0 of 7 DN Heartbeats.
2019-10-02 07:48:27,997 [IPC Server handler 0 on 45197] INFO  net.NetworkTopology (NetworkTopologyImpl.java:add(111)) - Added a new node: /default-rack/b57445c0-33a9-4c70-9e00-cba4e4b039b5
2019-10-02 07:48:27,997 [IPC Server handler 0 on 45197] INFO  node.SCMNodeManager (SCMNodeManager.java:register(266)) - Registered Data node : b57445c0-33a9-4c70-9e00-cba4e4b039b5{ip: 192.168.164.211, host: pr-hdds-2227-gdpr-vz6hn-2718222164, networkLocation: /default-rack, certSerialId: null}
2019-10-02 07:48:28,001 [EventQueue-NodeRegistrationContainerReportForDataNodeSafeModeRule] INFO  safemode.SCMSafeModeManager (DataNodeSafeModeRule.java:process(71)) - SCM in safe mode. 1 DataNodes registered, 1 required.
2019-10-02 07:48:28,001 [EventQueue-NodeRegistrationContainerReportForDataNodeSafeModeRule] INFO  safemode.SCMSafeModeManager (SCMSafeModeManager.java:validateSafeModeExitRules(177)) - ScmSafeModeManager, all rules are successfully validated
2019-10-02 07:48:28,001 [EventQueue-NodeRegistrationContainerReportForDataNodeSafeModeRule] INFO  safemode.SCMSafeModeManager (SCMSafeModeManager.java:exitSafeMode(193)) - SCM exiting safe mode.
2019-10-02 07:48:28,052 [IPC Server handler 2 on 45197] INFO  net.NetworkTopology (NetworkTopologyImpl.java:add(111)) - Added a new node: /default-rack/5769829b-5c7b-4b33-8720-74c1f11a345b
2019-10-02 07:48:28,052 [IPC Server handler 2 on 45197] INFO  node.SCMNodeManager (SCMNodeManager.java:register(266)) - Registered Data node : 5769829b-5c7b-4b33-8720-74c1f11a345b{ip: 192.168.164.211, host: pr-hdds-2227-gdpr-vz6hn-2718222164, networkLocation: /default-rack, certSerialId: null}
2019-10-02 07:48:28,139 [IPC Server handler 3 on 45197] INFO  net.NetworkTopology (NetworkTopologyImpl.java:add(111)) - Added a new node: /default-rack/56ea0766-1349-402d-9530-37c87c5c16c1
2019-10-02 07:48:28,139 [IPC Server handler 3 on 45197] INFO  node.SCMNodeManager (SCMNodeManager.java:register(266)) - Registered Data node : 56ea0766-1349-402d-9530-37c87c5c16c1{ip: 192.168.164.211, host: pr-hdds-2227-gdpr-vz6hn-2718222164, networkLocation: /default-rack, certSerialId: null}
2019-10-02 07:48:28,220 [IPC Server handler 4 on 45197] INFO  net.NetworkTopology (NetworkTopologyImpl.java:add(111)) - Added a new node: /default-rack/59af106e-d8c8-4b7a-839e-06f3cb270bf5
2019-10-02 07:48:28,220 [IPC Server handler 4 on 45197] INFO  node.SCMNodeManager (SCMNodeManager.java:register(266)) - Registered Data node : 59af106e-d8c8-4b7a-839e-06f3cb270bf5{ip: 192.168.164.211, host: pr-hdds-2227-gdpr-vz6hn-2718222164, networkLocation: /default-rack, certSerialId: null}
2019-10-02 07:48:28,292 [IPC Server handler 5 on 45197] INFO  net.NetworkTopology (NetworkTopologyImpl.java:add(111)) - Added a new node: /default-rack/20b15c73-7e36-4f3d-af5d-dcac1c223d80
2019-10-02 07:48:28,293 [IPC Server handler 5 on 45197] INFO  node.SCMNodeManager (SCMNodeManager.java:register(266)) - Registered Data node : 20b15c73-7e36-4f3d-af5d-dcac1c223d80{ip: 192.168.164.211, host: pr-hdds-2227-gdpr-vz6hn-2718222164, networkLocation: /default-rack, certSerialId: null}
2019-10-02 07:48:28,373 [IPC Server handler 6 on 45197] INFO  net.NetworkTopology (NetworkTopologyImpl.java:add(111)) - Added a new node: /default-rack/e7d406ca-211a-4487-9af6-12e67609d01e
2019-10-02 07:48:28,373 [IPC Server handler 6 on 45197] INFO  node.SCMNodeManager (SCMNodeManager.java:register(266)) - Registered Data node : e7d406ca-211a-4487-9af6-12e67609d01e{ip: 192.168.164.211, host: pr-hdds-2227-gdpr-vz6hn-2718222164, networkLocation: /default-rack, certSerialId: null}
2019-10-02 07:48:28,460 [main] INFO  ozone.MiniOzoneClusterImpl (MiniOzoneClusterImpl.java:lambda$waitForClusterToBeReady$0(147)) - Waiting for cluster to be ready. Got 6 of 7 DN Heartbeats.
2019-10-02 07:48:28,461 [IPC Server handler 11 on 45197] INFO  net.NetworkTopology (NetworkTopologyImpl.java:add(111)) - Added a new node: /default-rack/40678547-ebf5-4c5e-be30-9f61598efabe
2019-10-02 07:48:28,461 [IPC Server handler 11 on 45197] INFO  node.SCMNodeManager (SCMNodeManager.java:register(266)) - Registered Data node : 40678547-ebf5-4c5e-be30-9f61598efabe{ip: 192.168.164.211, host: pr-hdds-2227-gdpr-vz6hn-2718222164, networkLocation: /default-rack, certSerialId: null}
2019-10-02 07:48:28,471 [grpc-default-executor-0] INFO  impl.RaftServerProxy (RaftServerProxy.java:addNew(89)) - b57445c0-33a9-4c70-9e00-cba4e4b039b5: addNew group-BD5C5984F7B5:[b57445c0-33a9-4c70-9e00-cba4e4b039b5:192.168.164.211:41677] returns group-BD5C5984F7B5:java.util.concurrent.CompletableFuture@13ed096a[Not completed]
2019-10-02 07:48:28,486 [pool-27-thread-1] INFO  impl.RaftServerImpl (RaftServerImpl.java:<init>(95)) - b57445c0-33a9-4c70-9e00-cba4e4b039b5: new RaftServerImpl for group-BD5C5984F7B5:[b57445c0-33a9-4c70-9e00-cba4e4b039b5:192.168.164.211:41677] with ContainerStateMachine:uninitialized
2019-10-02 07:48:28,488 [pool-27-thread-1] INFO  server.RaftServerConfigKeys (ConfUtils.java:logGet(43)) - raft.server.rpc.timeout.min = 5s (custom)
2019-10-02 07:48:28,489 [pool-27-thread-1] INFO  server.RaftServerConfigKeys (ConfUtils.java:logGet(43)) - raft.server.rpc.timeout.max = 5200ms (custom)
2019-10-02 07:48:28,489 [pool-27-thread-1] INFO  server.RaftServerConfigKeys (ConfUtils.java:logGet(43)) - raft.server.rpcslowness.timeout = 120s (custom)
2019-10-02 07:48:28,490 [pool-27-thread-1] INFO  server.RaftServerConfigKeys (ConfUtils.java:logGet(43)) - raft.server.sleep.deviation.threshold = 300 (default)
2019-10-02 07:48:28,490 [pool-27-thread-1] INFO  server.RaftServerConfigKeys (ConfUtils.java:logGet(43)) - raft.server.log.appender.install.snapshot.enabled = false (custom)
2019-10-02 07:48:28,497 [pool-27-thread-1] INFO  impl.RaftServerImpl (ServerState.java:<init>(103)) - b57445c0-33a9-4c70-9e00-cba4e4b039b5@group-BD5C5984F7B5: ConfigurationManager, init=-1: [b57445c0-33a9-4c70-9e00-cba4e4b039b5:192.168.164.211:41677], old=null, confs=<EMPTY_MAP>
2019-10-02 07:48:28,497 [pool-27-thread-1] INFO  server.RaftServerConfigKeys (ConfUtils.java:logGet(43)) - raft.server.storage.dir = [/workdir/hadoop-ozone/integration-test/target/test-dir/MiniOzoneClusterImpl-eaaaa650-7a59-4694-95b4-85e6182e2b1b/datanode-0/data/ratis] (custom)
2019-10-02 07:48:28,502 [pool-27-thread-1] INFO  server.RaftServerConfigKeys (ConfUtils.java:logGet(43)) - raft.server.log.corruption.policy = EXCEPTION (default)
2019-10-02 07:48:28,503 [pool-27-thread-1] INFO  storage.RaftStorageDirectory (RaftStorageDirectory.java:analyzeStorage(246)) - The storage directory /workdir/hadoop-ozone/integration-test/target/test-dir/MiniOzoneClusterImpl-eaaaa650-7a59-4694-95b4-85e6182e2b1b/datanode-0/data/ratis/50b960c1-8235-4501-8bc5-bd5c5984f7b5 does not exist. Creating ...
2019-10-02 07:48:28,528 [pool-27-thread-1] INFO  storage.RaftStorageDirectory (RaftStorageDirectory.java:tryLock(328)) - Lock on /workdir/hadoop-ozone/integration-test/target/test-dir/MiniOzoneClusterImpl-eaaaa650-7a59-4694-95b4-85e6182e2b1b/datanode-0/data/ratis/50b960c1-8235-4501-8bc5-bd5c5984f7b5/in_use.lock acquired by nodename 2838@pr-hdds-2227-gdpr-vz6hn-2718222164
2019-10-02 07:48:28,542 [pool-27-thread-1] INFO  storage.RaftStorage (RaftStorage.java:format(84)) - Storage directory /workdir/hadoop-ozone/integration-test/target/test-dir/MiniOzoneClusterImpl-eaaaa650-7a59-4694-95b4-85e6182e2b1b/datanode-0/data/ratis/50b960c1-8235-4501-8bc5-bd5c5984f7b5 has been successfully formatted.
2019-10-02 07:48:28,544 [pool-27-thread-1] INFO  ratis.ContainerStateMachine (ContainerStateMachine.java:loadSnapshot(230)) - group-BD5C5984F7B5: The snapshot info is null. Setting the last applied indexto:(t:0, i:~)
2019-10-02 07:48:28,544 [pool-27-thread-1] INFO  server.RaftServerConfigKeys (ConfUtils.java:logGet(43)) - raft.server.notification.no-leader.timeout = 120s (custom)
2019-10-02 07:48:28,545 [pool-27-thread-1] INFO  server.RaftServerConfigKeys (ConfUtils.java:logGet(43)) - raft.server.log.use.memory = false (default)
2019-10-02 07:48:28,550 [pool-27-thread-1] INFO  server.RaftServerConfigKeys (ConfUtils.java:logGet(43)) - raft.server.log.purge.gap = 1000000 (custom)
2019-10-02 07:48:28,550 [pool-27-thread-1] INFO  server.RaftServerConfigKeys (ConfUtils.java:logGet(43)) - raft.server.log.appender.buffer.byte-limit = 33554432 (custom)
2019-10-02 07:48:28,552 [pool-27-thread-1] INFO  server.RaftServerConfigKeys (ConfUtils.java:logGet(43)) - raft.server.log.segment.size.max = 1048576 (custom)
2019-10-02 07:48:28,553 [pool-27-thread-1] INFO  impl.MetricsSystemImpl (MetricsSystemImpl.java:init(158)) - ratis metrics system started (again)
2019-10-02 07:48:28,557 [pool-27-thread-1] INFO  metrics.MetricRegistries (MetricRegistriesLoader.java:load(64)) - Loaded MetricRegistries class org.apache.ratis.metrics.impl.MetricRegistriesImpl
2019-10-02 07:48:28,587 [pool-27-thread-1] INFO  server.RaftServerConfigKeys (ConfUtils.java:logGet(43)) - raft.server.log.segment.cache.num.max = 2 (custom)
2019-10-02 07:48:28,591 [pool-27-thread-1] INFO  segmented.SegmentedRaftLogWorker (SegmentedRaftLogWorker.java:<init>(173)) - new b57445c0-33a9-4c70-9e00-cba4e4b039b5@group-BD5C5984F7B5-SegmentedRaftLogWorker for RaftStorage:Storage Directory /workdir/hadoop-ozone/integration-test/target/test-dir/MiniOzoneClusterImpl-eaaaa650-7a59-4694-95b4-85e6182e2b1b/datanode-0/data/ratis/50b960c1-8235-4501-8bc5-bd5c5984f7b5
2019-10-02 07:48:28,591 [pool-27-thread-1] INFO  server.RaftServerConfigKeys (ConfUtils.java:logGet(43)) - raft.server.log.queue.byte-limit = 2147483647 (custom)
2019-10-02 07:48:28,592 [pool-27-thread-1] INFO  server.RaftServerConfigKeys (ConfUtils.java:logGet(43)) - raft.server.log.queue.element-limit = 1024 (custom)
2019-10-02 07:48:28,593 [pool-27-thread-1] INFO  server.RaftServerConfigKeys (ConfUtils.java:logGet(43)) - raft.server.log.segment.size.max = 1048576 (custom)
2019-10-02 07:48:28,593 [pool-27-thread-1] INFO  server.RaftServerConfigKeys (ConfUtils.java:logGet(43)) - raft.server.log.preallocated.size = 16384 (custom)
2019-10-02 07:48:28,593 [pool-27-thread-1] INFO  server.RaftServerConfigKeys (ConfUtils.java:logGet(43)) - raft.server.log.write.buffer.size = 33554432 (custom)
2019-10-02 07:48:28,594 [pool-27-thread-1] INFO  server.RaftServerConfigKeys (ConfUtils.java:logGet(43)) - raft.server.log.force.sync.num = 128 (default)
2019-10-02 07:48:28,595 [pool-27-thread-1] INFO  server.RaftServerConfigKeys (ConfUtils.java:logGet(43)) - raft.server.log.statemachine.data.sync = true (default)
2019-10-02 07:48:28,595 [pool-27-thread-1] INFO  server.RaftServerConfigKeys (ConfUtils.java:logGet(43)) - raft.server.log.statemachine.data.sync.timeout = 10s (default)
2019-10-02 07:48:28,595 [pool-27-thread-1] INFO  server.RaftServerConfigKeys (ConfUtils.java:logGet(43)) - raft.server.log.statemachine.data.sync.timeout.retry = -1 (default)
2019-10-02 07:48:28,605 [pool-27-thread-1] INFO  server.RaftServerConfigKeys (ConfUtils.java:logGet(43)) - raft.server.log.statemachine.data.caching.enabled = true (custom)
2019-10-02 07:48:28,609 [pool-27-thread-1] INFO  segmented.SegmentedRaftLogWorker (SegmentedRaftLogWorker.java:lambda$new$0(128)) - b57445c0-33a9-4c70-9e00-cba4e4b039b5@group-BD5C5984F7B5-SegmentedRaftLogWorker: flushIndex: setUnconditionally 0 -> -1
2019-10-02 07:48:28,612 [pool-27-thread-1] INFO  server.RaftServerConfigKeys (ConfUtils.java:logGet(43)) - raft.server.snapshot.auto.trigger.enabled = true (custom)
2019-10-02 07:48:28,614 [pool-27-thread-1] INFO  server.RaftServerConfigKeys (ConfUtils.java:logGet(43)) - raft.server.snapshot.auto.trigger.threshold = 10000 (custom)
2019-10-02 07:48:28,615 [pool-27-thread-1] INFO  server.RaftServerConfigKeys (ConfUtils.java:logGet(43)) - raft.server.snapshot.retention.file.num = 5 (custom)
2019-10-02 07:48:28,616 [pool-27-thread-1] INFO  server.RaftServerConfigKeys (ConfUtils.java:logGet(43)) - raft.server.retrycache.expirytime = 600000ms (custom)
2019-10-02 07:48:28,653 [pool-27-thread-1] INFO  impl.RaftServerImpl (RaftServerImpl.java:start(181)) - b57445c0-33a9-4c70-9e00-cba4e4b039b5@group-BD5C5984F7B5: start as a follower, conf=-1: [b57445c0-33a9-4c70-9e00-cba4e4b039b5:192.168.164.211:41677], old=null
2019-10-02 07:48:28,654 [pool-27-thread-1] INFO  impl.RaftServerImpl (RaftServerImpl.java:setRole(170)) - b57445c0-33a9-4c70-9e00-cba4e4b039b5@group-BD5C5984F7B5: changes role from      null to FOLLOWER at term 0 for startAsFollower
2019-10-02 07:48:28,656 [pool-27-thread-1] INFO  impl.RoleInfo (RoleInfo.java:updateAndGet(143)) - b57445c0-33a9-4c70-9e00-cba4e4b039b5: start FollowerState
2019-10-02 07:48:28,658 [pool-27-thread-1] INFO  util.JmxRegister (JmxRegister.java:tryRegister(44)) - Successfully registered JMX Bean with object name Ratis:service=RaftServer,group=group-BD5C5984F7B5,id=b57445c0-33a9-4c70-9e00-cba4e4b039b5
2019-10-02 07:48:28,732 [RatisPipelineUtilsThread] INFO  pipeline.PipelineStateManager (PipelineStateManager.java:addPipeline(56)) - Created pipeline Pipeline[ Id: 50b960c1-8235-4501-8bc5-bd5c5984f7b5, Nodes: b57445c0-33a9-4c70-9e00-cba4e4b039b5{ip: 192.168.164.211, host: pr-hdds-2227-gdpr-vz6hn-2718222164, networkLocation: /default-rack, certSerialId: null}, Type:RATIS, Factor:ONE, State:OPEN]
2019-10-02 07:48:28,759 [grpc-default-executor-0] INFO  impl.RaftServerProxy (RaftServerProxy.java:addNew(89)) - e7d406ca-211a-4487-9af6-12e67609d01e: addNew group-6109F33D8AA5:[e7d406ca-211a-4487-9af6-12e67609d01e:192.168.164.211:44510] returns group-6109F33D8AA5:java.util.concurrent.CompletableFuture@12374433[Not completed]
2019-10-02 07:48:28,803 [pool-77-thread-1] INFO  impl.RaftServerImpl (RaftServerImpl.java:<init>(95)) - e7d406ca-211a-4487-9af6-12e67609d01e: new RaftServerImpl for group-6109F33D8AA5:[e7d406ca-211a-4487-9af6-12e67609d01e:192.168.164.211:44510] with ContainerStateMachine:uninitialized
2019-10-02 07:48:28,804 [pool-77-thread-1] INFO  server.RaftServerConfigKeys (ConfUtils.java:logGet(43)) - raft.server.rpc.timeout.min = 5s (custom)
2019-10-02 07:48:28,804 [pool-77-thread-1] INFO  server.RaftServerConfigKeys (ConfUtils.java:logGet(43)) - raft.server.rpc.timeout.max = 5200ms (custom)
2019-10-02 07:48:28,804 [pool-77-thread-1] INFO  server.RaftServerConfigKeys (ConfUtils.java:logGet(43)) - raft.server.rpcslowness.timeout = 120s (custom)
2019-10-02 07:48:28,804 [pool-77-thread-1] INFO  server.RaftServerConfigKeys (ConfUtils.java:logGet(43)) - raft.server.sleep.deviation.threshold = 300 (default)
2019-10-02 07:48:28,804 [pool-77-thread-1] INFO  server.RaftServerConfigKeys (ConfUtils.java:logGet(43)) - raft.server.log.appender.install.snapshot.enabled = false (custom)
2019-10-02 07:48:28,805 [pool-77-thread-1] INFO  impl.RaftServerImpl (ServerState.java:<init>(103)) - e7d406ca-211a-4487-9af6-12e67609d01e@group-6109F33D8AA5: ConfigurationManager, init=-1: [e7d406ca-211a-4487-9af6-12e67609d01e:192.168.164.211:44510], old=null, confs=<EMPTY_MAP>
2019-10-02 07:48:28,805 [pool-77-thread-1] INFO  server.RaftServerConfigKeys (ConfUtils.java:logGet(43)) - raft.server.storage.dir = [/workdir/hadoop-ozone/integration-test/target/test-dir/MiniOzoneClusterImpl-eaaaa650-7a59-4694-95b4-85e6182e2b1b/datanode-5/data/ratis] (custom)
2019-10-02 07:48:28,805 [pool-77-thread-1] INFO  server.RaftServerConfigKeys (ConfUtils.java:logGet(43)) - raft.server.log.corruption.policy = EXCEPTION (default)
2019-10-02 07:48:28,805 [pool-77-thread-1] INFO  storage.RaftStorageDirectory (RaftStorageDirectory.java:analyzeStorage(246)) - The storage directory /workdir/hadoop-ozone/integration-test/target/test-dir/MiniOzoneClusterImpl-eaaaa650-7a59-4694-95b4-85e6182e2b1b/datanode-5/data/ratis/f3df2ac6-7fc8-4256-8625-6109f33d8aa5 does not exist. Creating ...
2019-10-02 07:48:28,831 [pool-77-thread-1] INFO  storage.RaftStorageDirectory (RaftStorageDirectory.java:tryLock(328)) - Lock on /workdir/hadoop-ozone/integration-test/target/test-dir/MiniOzoneClusterImpl-eaaaa650-7a59-4694-95b4-85e6182e2b1b/datanode-5/data/ratis/f3df2ac6-7fc8-4256-8625-6109f33d8aa5/in_use.lock acquired by nodename 2838@pr-hdds-2227-gdpr-vz6hn-2718222164
2019-10-02 07:48:28,844 [pool-77-thread-1] INFO  storage.RaftStorage (RaftStorage.java:format(84)) - Storage directory /workdir/hadoop-ozone/integration-test/target/test-dir/MiniOzoneClusterImpl-eaaaa650-7a59-4694-95b4-85e6182e2b1b/datanode-5/data/ratis/f3df2ac6-7fc8-4256-8625-6109f33d8aa5 has been successfully formatted.
2019-10-02 07:48:28,846 [pool-77-thread-1] INFO  ratis.ContainerStateMachine (ContainerStateMachine.java:loadSnapshot(230)) - group-6109F33D8AA5: The snapshot info is null. Setting the last applied indexto:(t:0, i:~)
2019-10-02 07:48:28,847 [pool-77-thread-1] INFO  server.RaftServerConfigKeys (ConfUtils.java:logGet(43)) - raft.server.notification.no-leader.timeout = 120s (custom)
2019-10-02 07:48:28,847 [pool-77-thread-1] INFO  server.RaftServerConfigKeys (ConfUtils.java:logGet(43)) - raft.server.log.use.memory = false (default)
2019-10-02 07:48:28,847 [pool-77-thread-1] INFO  server.RaftServerConfigKeys (ConfUtils.java:logGet(43)) - raft.server.log.purge.gap = 1000000 (custom)
2019-10-02 07:48:28,847 [pool-77-thread-1] INFO  server.RaftServerConfigKeys (ConfUtils.java:logGet(43)) - raft.server.log.appender.buffer.byte-limit = 33554432 (custom)
2019-10-02 07:48:28,848 [pool-77-thread-1] INFO  server.RaftServerConfigKeys (ConfUtils.java:logGet(43)) - raft.server.log.segment.size.max = 1048576 (custom)
2019-10-02 07:48:28,853 [pool-77-thread-1] INFO  server.RaftServerConfigKeys (ConfUtils.java:logGet(43)) - raft.server.log.segment.cache.num.max = 2 (custom)
2019-10-02 07:48:28,854 [pool-77-thread-1] INFO  segmented.SegmentedRaftLogWorker (SegmentedRaftLogWorker.java:<init>(173)) - new e7d406ca-211a-4487-9af6-12e67609d01e@group-6109F33D8AA5-SegmentedRaftLogWorker for RaftStorage:Storage Directory /workdir/hadoop-ozone/integration-test/target/test-dir/MiniOzoneClusterImpl-eaaaa650-7a59-4694-95b4-85e6182e2b1b/datanode-5/data/ratis/f3df2ac6-7fc8-4256-8625-6109f33d8aa5
2019-10-02 07:48:28,855 [pool-77-thread-1] INFO  server.RaftServerConfigKeys (ConfUtils.java:logGet(43)) - raft.server.log.queue.byte-limit = 2147483647 (custom)
2019-10-02 07:48:28,855 [pool-77-thread-1] INFO  server.RaftServerConfigKeys (ConfUtils.java:logGet(43)) - raft.server.log.queue.element-limit = 1024 (custom)
2019-10-02 07:48:28,855 [pool-77-thread-1] INFO  server.RaftServerConfigKeys (ConfUtils.java:logGet(43)) - raft.server.log.segment.size.max = 1048576 (custom)
2019-10-02 07:48:28,855 [pool-77-thread-1] INFO  server.RaftServerConfigKeys (ConfUtils.java:logGet(43)) - raft.server.log.preallocated.size = 16384 (custom)
2019-10-02 07:48:28,855 [pool-77-thread-1] INFO  server.RaftServerConfigKeys (ConfUtils.java:logGet(43)) - raft.server.log.write.buffer.size = 33554432 (custom)
2019-10-02 07:48:28,856 [pool-77-thread-1] INFO  server.RaftServerConfigKeys (ConfUtils.java:logGet(43)) - raft.server.log.force.sync.num = 128 (default)
2019-10-02 07:48:28,856 [pool-77-thread-1] INFO  server.RaftServerConfigKeys (ConfUtils.java:logGet(43)) - raft.server.log.statemachine.data.sync = true (default)
2019-10-02 07:48:28,856 [pool-77-thread-1] INFO  server.RaftServerConfigKeys (ConfUtils.java:logGet(43)) - raft.server.log.statemachine.data.sync.timeout = 10s (default)
2019-10-02 07:48:28,856 [pool-77-thread-1] INFO  server.RaftServerConfigKeys (ConfUtils.java:logGet(43)) - raft.server.log.statemachine.data.sync.timeout.retry = -1 (default)
2019-10-02 07:48:28,857 [pool-77-thread-1] INFO  server.RaftServerConfigKeys (ConfUtils.java:logGet(43)) - raft.server.log.statemachine.data.caching.enabled = true (custom)
2019-10-02 07:48:28,857 [pool-77-thread-1] INFO  segmented.SegmentedRaftLogWorker (SegmentedRaftLogWorker.java:lambda$new$0(128)) - e7d406ca-211a-4487-9af6-12e67609d01e@group-6109F33D8AA5-SegmentedRaftLogWorker: flushIndex: setUnconditionally 0 -> -1
2019-10-02 07:48:28,858 [pool-77-thread-1] INFO  server.RaftServerConfigKeys (ConfUtils.java:logGet(43)) - raft.server.snapshot.auto.trigger.enabled = true (custom)
2019-10-02 07:48:28,858 [pool-77-thread-1] INFO  server.RaftServerConfigKeys (ConfUtils.java:logGet(43)) - raft.server.snapshot.auto.trigger.threshold = 10000 (custom)
2019-10-02 07:48:28,858 [pool-77-thread-1] INFO  server.RaftServerConfigKeys (ConfUtils.java:logGet(43)) - raft.server.snapshot.retention.file.num = 5 (custom)
2019-10-02 07:48:28,858 [pool-77-thread-1] INFO  server.RaftServerConfigKeys (ConfUtils.java:logGet(43)) - raft.server.retrycache.expirytime = 600000ms (custom)
2019-10-02 07:48:28,864 [pool-77-thread-1] INFO  impl.RaftServerImpl (RaftServerImpl.java:start(181)) - e7d406ca-211a-4487-9af6-12e67609d01e@group-6109F33D8AA5: start as a follower, conf=-1: [e7d406ca-211a-4487-9af6-12e67609d01e:192.168.164.211:44510], old=null
2019-10-02 07:48:28,864 [pool-77-thread-1] INFO  impl.RaftServerImpl (RaftServerImpl.java:setRole(170)) - e7d406ca-211a-4487-9af6-12e67609d01e@group-6109F33D8AA5: changes role from      null to FOLLOWER at term 0 for startAsFollower
2019-10-02 07:48:28,864 [pool-77-thread-1] INFO  impl.RoleInfo (RoleInfo.java:updateAndGet(143)) - e7d406ca-211a-4487-9af6-12e67609d01e: start FollowerState
2019-10-02 07:48:28,866 [pool-77-thread-1] INFO  util.JmxRegister (JmxRegister.java:tryRegister(44)) - Successfully registered JMX Bean with object name Ratis:service=RaftServer,group=group-6109F33D8AA5,id=e7d406ca-211a-4487-9af6-12e67609d01e
2019-10-02 07:48:28,885 [RatisPipelineUtilsThread] INFO  pipeline.PipelineStateManager (PipelineStateManager.java:addPipeline(56)) - Created pipeline Pipeline[ Id: f3df2ac6-7fc8-4256-8625-6109f33d8aa5, Nodes: e7d406ca-211a-4487-9af6-12e67609d01e{ip: 192.168.164.211, host: pr-hdds-2227-gdpr-vz6hn-2718222164, networkLocation: /default-rack, certSerialId: null}, Type:RATIS, Factor:ONE, State:OPEN]
2019-10-02 07:48:28,911 [grpc-default-executor-0] INFO  impl.RaftServerProxy (RaftServerProxy.java:addNew(89)) - 5769829b-5c7b-4b33-8720-74c1f11a345b: addNew group-5F2BB7534DF0:[5769829b-5c7b-4b33-8720-74c1f11a345b:192.168.164.211:43201] returns group-5F2BB7534DF0:java.util.concurrent.CompletableFuture@1b5de192[Not completed]
2019-10-02 07:48:28,936 [pool-37-thread-1] INFO  impl.RaftServerImpl (RaftServerImpl.java:<init>(95)) - 5769829b-5c7b-4b33-8720-74c1f11a345b: new RaftServerImpl for group-5F2BB7534DF0:[5769829b-5c7b-4b33-8720-74c1f11a345b:192.168.164.211:43201] with ContainerStateMachine:uninitialized
2019-10-02 07:48:28,936 [pool-37-thread-1] INFO  server.RaftServerConfigKeys (ConfUtils.java:logGet(43)) - raft.server.rpc.timeout.min = 5s (custom)
2019-10-02 07:48:28,937 [pool-37-thread-1] INFO  server.RaftServerConfigKeys (ConfUtils.java:logGet(43)) - raft.server.rpc.timeout.max = 5200ms (custom)
2019-10-02 07:48:28,937 [pool-37-thread-1] INFO  server.RaftServerConfigKeys (ConfUtils.java:logGet(43)) - raft.server.rpcslowness.timeout = 120s (custom)
2019-10-02 07:48:28,937 [pool-37-thread-1] INFO  server.RaftServerConfigKeys (ConfUtils.java:logGet(43)) - raft.server.sleep.deviation.threshold = 300 (default)
2019-10-02 07:48:28,937 [pool-37-thread-1] INFO  server.RaftServerConfigKeys (ConfUtils.java:logGet(43)) - raft.server.log.appender.install.snapshot.enabled = false (custom)
2019-10-02 07:48:28,937 [pool-37-thread-1] INFO  impl.RaftServerImpl (ServerState.java:<init>(103)) - 5769829b-5c7b-4b33-8720-74c1f11a345b@group-5F2BB7534DF0: ConfigurationManager, init=-1: [5769829b-5c7b-4b33-8720-74c1f11a345b:192.168.164.211:43201], old=null, confs=<EMPTY_MAP>
2019-10-02 07:48:28,938 [pool-37-thread-1] INFO  server.RaftServerConfigKeys (ConfUtils.java:logGet(43)) - raft.server.storage.dir = [/workdir/hadoop-ozone/integration-test/target/test-dir/MiniOzoneClusterImpl-eaaaa650-7a59-4694-95b4-85e6182e2b1b/datanode-1/data/ratis] (custom)
2019-10-02 07:48:28,938 [pool-37-thread-1] INFO  server.RaftServerConfigKeys (ConfUtils.java:logGet(43)) - raft.server.log.corruption.policy = EXCEPTION (default)
2019-10-02 07:48:28,939 [pool-37-thread-1] INFO  storage.RaftStorageDirectory (RaftStorageDirectory.java:analyzeStorage(246)) - The storage directory /workdir/hadoop-ozone/integration-test/target/test-dir/MiniOzoneClusterImpl-eaaaa650-7a59-4694-95b4-85e6182e2b1b/datanode-1/data/ratis/576706b6-0e62-433f-abc6-5f2bb7534df0 does not exist. Creating ...
2019-10-02 07:48:28,952 [pool-37-thread-1] INFO  storage.RaftStorageDirectory (RaftStorageDirectory.java:tryLock(328)) - Lock on /workdir/hadoop-ozone/integration-test/target/test-dir/MiniOzoneClusterImpl-eaaaa650-7a59-4694-95b4-85e6182e2b1b/datanode-1/data/ratis/576706b6-0e62-433f-abc6-5f2bb7534df0/in_use.lock acquired by nodename 2838@pr-hdds-2227-gdpr-vz6hn-2718222164
2019-10-02 07:48:28,967 [pool-37-thread-1] INFO  storage.RaftStorage (RaftStorage.java:format(84)) - Storage directory /workdir/hadoop-ozone/integration-test/target/test-dir/MiniOzoneClusterImpl-eaaaa650-7a59-4694-95b4-85e6182e2b1b/datanode-1/data/ratis/576706b6-0e62-433f-abc6-5f2bb7534df0 has been successfully formatted.
2019-10-02 07:48:28,967 [pool-37-thread-1] INFO  ratis.ContainerStateMachine (ContainerStateMachine.java:loadSnapshot(230)) - group-5F2BB7534DF0: The snapshot info is null. Setting the last applied indexto:(t:0, i:~)
2019-10-02 07:48:28,967 [pool-37-thread-1] INFO  server.RaftServerConfigKeys (ConfUtils.java:logGet(43)) - raft.server.notification.no-leader.timeout = 120s (custom)
2019-10-02 07:48:28,968 [pool-37-thread-1] INFO  server.RaftServerConfigKeys (ConfUtils.java:logGet(43)) - raft.server.log.use.memory = false (default)
2019-10-02 07:48:28,968 [pool-37-thread-1] INFO  server.RaftServerConfigKeys (ConfUtils.java:logGet(43)) - raft.server.log.purge.gap = 1000000 (custom)
2019-10-02 07:48:28,968 [pool-37-thread-1] INFO  server.RaftServerConfigKeys (ConfUtils.java:logGet(43)) - raft.server.log.appender.buffer.byte-limit = 33554432 (custom)
2019-10-02 07:48:28,968 [pool-37-thread-1] INFO  server.RaftServerConfigKeys (ConfUtils.java:logGet(43)) - raft.server.log.segment.size.max = 1048576 (custom)
2019-10-02 07:48:29,007 [pool-37-thread-1] INFO  server.RaftServerConfigKeys (ConfUtils.java:logGet(43)) - raft.server.log.segment.cache.num.max = 2 (custom)
2019-10-02 07:48:29,007 [pool-37-thread-1] INFO  segmented.SegmentedRaftLogWorker (SegmentedRaftLogWorker.java:<init>(173)) - new 5769829b-5c7b-4b33-8720-74c1f11a345b@group-5F2BB7534DF0-SegmentedRaftLogWorker for RaftStorage:Storage Directory /workdir/hadoop-ozone/integration-test/target/test-dir/MiniOzoneClusterImpl-eaaaa650-7a59-4694-95b4-85e6182e2b1b/datanode-1/data/ratis/576706b6-0e62-433f-abc6-5f2bb7534df0
2019-10-02 07:48:29,007 [pool-37-thread-1] INFO  server.RaftServerConfigKeys (ConfUtils.java:logGet(43)) - raft.server.log.queue.byte-limit = 2147483647 (custom)
2019-10-02 07:48:29,007 [pool-37-thread-1] INFO  server.RaftServerConfigKeys (ConfUtils.java:logGet(43)) - raft.server.log.queue.element-limit = 1024 (custom)
2019-10-02 07:48:29,008 [pool-37-thread-1] INFO  server.RaftServerConfigKeys (ConfUtils.java:logGet(43)) - raft.server.log.segment.size.max = 1048576 (custom)
2019-10-02 07:48:29,008 [pool-37-thread-1] INFO  server.RaftServerConfigKeys (ConfUtils.java:logGet(43)) - raft.server.log.preallocated.size = 16384 (custom)
2019-10-02 07:48:29,008 [pool-37-thread-1] INFO  server.RaftServerConfigKeys (ConfUtils.java:logGet(43)) - raft.server.log.write.buffer.size = 33554432 (custom)
2019-10-02 07:48:29,008 [pool-37-thread-1] INFO  server.RaftServerConfigKeys (ConfUtils.java:logGet(43)) - raft.server.log.force.sync.num = 128 (default)
2019-10-02 07:48:29,008 [pool-37-thread-1] INFO  server.RaftServerConfigKeys (ConfUtils.java:logGet(43)) - raft.server.log.statemachine.data.sync = true (default)
2019-10-02 07:48:29,009 [pool-37-thread-1] INFO  server.RaftServerConfigKeys (ConfUtils.java:logGet(43)) - raft.server.log.statemachine.data.sync.timeout = 10s (default)
2019-10-02 07:48:29,009 [pool-37-thread-1] INFO  server.RaftServerConfigKeys (ConfUtils.java:logGet(43)) - raft.server.log.statemachine.data.sync.timeout.retry = -1 (default)
2019-10-02 07:48:29,010 [pool-37-thread-1] INFO  server.RaftServerConfigKeys (ConfUtils.java:logGet(43)) - raft.server.log.statemachine.data.caching.enabled = true (custom)
2019-10-02 07:48:29,010 [pool-37-thread-1] INFO  segmented.SegmentedRaftLogWorker (SegmentedRaftLogWorker.java:lambda$new$0(128)) - 5769829b-5c7b-4b33-8720-74c1f11a345b@group-5F2BB7534DF0-SegmentedRaftLogWorker: flushIndex: setUnconditionally 0 -> -1
2019-10-02 07:48:29,011 [pool-37-thread-1] INFO  server.RaftServerConfigKeys (ConfUtils.java:logGet(43)) - raft.server.snapshot.auto.trigger.enabled = true (custom)
2019-10-02 07:48:29,011 [pool-37-thread-1] INFO  server.RaftServerConfigKeys (ConfUtils.java:logGet(43)) - raft.server.snapshot.auto.trigger.threshold = 10000 (custom)
2019-10-02 07:48:29,011 [pool-37-thread-1] INFO  server.RaftServerConfigKeys (ConfUtils.java:logGet(43)) - raft.server.snapshot.retention.file.num = 5 (custom)
2019-10-02 07:48:29,011 [pool-37-thread-1] INFO  server.RaftServerConfigKeys (ConfUtils.java:logGet(43)) - raft.server.retrycache.expirytime = 600000ms (custom)
2019-10-02 07:48:29,017 [pool-37-thread-1] INFO  impl.RaftServerImpl (RaftServerImpl.java:start(181)) - 5769829b-5c7b-4b33-8720-74c1f11a345b@group-5F2BB7534DF0: start as a follower, conf=-1: [5769829b-5c7b-4b33-8720-74c1f11a345b:192.168.164.211:43201], old=null
2019-10-02 07:48:29,017 [pool-37-thread-1] INFO  impl.RaftServerImpl (RaftServerImpl.java:setRole(170)) - 5769829b-5c7b-4b33-8720-74c1f11a345b@group-5F2BB7534DF0: changes role from      null to FOLLOWER at term 0 for startAsFollower
2019-10-02 07:48:29,017 [pool-37-thread-1] INFO  impl.RoleInfo (RoleInfo.java:updateAndGet(143)) - 5769829b-5c7b-4b33-8720-74c1f11a345b: start FollowerState
2019-10-02 07:48:29,018 [pool-37-thread-1] INFO  util.JmxRegister (JmxRegister.java:tryRegister(44)) - Successfully registered JMX Bean with object name Ratis:service=RaftServer,group=group-5F2BB7534DF0,id=5769829b-5c7b-4b33-8720-74c1f11a345b
2019-10-02 07:48:29,035 [RatisPipelineUtilsThread] INFO  pipeline.PipelineStateManager (PipelineStateManager.java:addPipeline(56)) - Created pipeline Pipeline[ Id: 576706b6-0e62-433f-abc6-5f2bb7534df0, Nodes: 5769829b-5c7b-4b33-8720-74c1f11a345b{ip: 192.168.164.211, host: pr-hdds-2227-gdpr-vz6hn-2718222164, networkLocation: /default-rack, certSerialId: null}, Type:RATIS, Factor:ONE, State:OPEN]
2019-10-02 07:48:29,051 [grpc-default-executor-0] INFO  impl.RaftServerProxy (RaftServerProxy.java:addNew(89)) - 20b15c73-7e36-4f3d-af5d-dcac1c223d80: addNew group-9F6C5FB83FC3:[20b15c73-7e36-4f3d-af5d-dcac1c223d80:192.168.164.211:41323] returns group-9F6C5FB83FC3:java.util.concurrent.CompletableFuture@407012eb[Not completed]
2019-10-02 07:48:29,055 [pool-67-thread-1] INFO  impl.RaftServerImpl (RaftServerImpl.java:<init>(95)) - 20b15c73-7e36-4f3d-af5d-dcac1c223d80: new RaftServerImpl for group-9F6C5FB83FC3:[20b15c73-7e36-4f3d-af5d-dcac1c223d80:192.168.164.211:41323] with ContainerStateMachine:uninitialized
2019-10-02 07:48:29,056 [pool-67-thread-1] INFO  server.RaftServerConfigKeys (ConfUtils.java:logGet(43)) - raft.server.rpc.timeout.min = 5s (custom)
2019-10-02 07:48:29,056 [pool-67-thread-1] INFO  server.RaftServerConfigKeys (ConfUtils.java:logGet(43)) - raft.server.rpc.timeout.max = 5200ms (custom)
2019-10-02 07:48:29,056 [pool-67-thread-1] INFO  server.RaftServerConfigKeys (ConfUtils.java:logGet(43)) - raft.server.rpcslowness.timeout = 120s (custom)
2019-10-02 07:48:29,056 [pool-67-thread-1] INFO  server.RaftServerConfigKeys (ConfUtils.java:logGet(43)) - raft.server.sleep.deviation.threshold = 300 (default)
2019-10-02 07:48:29,056 [pool-67-thread-1] INFO  server.RaftServerConfigKeys (ConfUtils.java:logGet(43)) - raft.server.log.appender.install.snapshot.enabled = false (custom)
2019-10-02 07:48:29,056 [pool-67-thread-1] INFO  impl.RaftServerImpl (ServerState.java:<init>(103)) - 20b15c73-7e36-4f3d-af5d-dcac1c223d80@group-9F6C5FB83FC3: ConfigurationManager, init=-1: [20b15c73-7e36-4f3d-af5d-dcac1c223d80:192.168.164.211:41323], old=null, confs=<EMPTY_MAP>
2019-10-02 07:48:29,057 [pool-67-thread-1] INFO  server.RaftServerConfigKeys (ConfUtils.java:logGet(43)) - raft.server.storage.dir = [/workdir/hadoop-ozone/integration-test/target/test-dir/MiniOzoneClusterImpl-eaaaa650-7a59-4694-95b4-85e6182e2b1b/datanode-4/data/ratis] (custom)
2019-10-02 07:48:29,057 [pool-67-thread-1] INFO  server.RaftServerConfigKeys (ConfUtils.java:logGet(43)) - raft.server.log.corruption.policy = EXCEPTION (default)
2019-10-02 07:48:29,057 [pool-67-thread-1] INFO  storage.RaftStorageDirectory (RaftStorageDirectory.java:analyzeStorage(246)) - The storage directory /workdir/hadoop-ozone/integration-test/target/test-dir/MiniOzoneClusterImpl-eaaaa650-7a59-4694-95b4-85e6182e2b1b/datanode-4/data/ratis/af12865f-8c98-4b85-a796-9f6c5fb83fc3 does not exist. Creating ...
2019-10-02 07:48:29,070 [pool-67-thread-1] INFO  storage.RaftStorageDirectory (RaftStorageDirectory.java:tryLock(328)) - Lock on /workdir/hadoop-ozone/integration-test/target/test-dir/MiniOzoneClusterImpl-eaaaa650-7a59-4694-95b4-85e6182e2b1b/datanode-4/data/ratis/af12865f-8c98-4b85-a796-9f6c5fb83fc3/in_use.lock acquired by nodename 2838@pr-hdds-2227-gdpr-vz6hn-2718222164
2019-10-02 07:48:29,083 [pool-67-thread-1] INFO  storage.RaftStorage (RaftStorage.java:format(84)) - Storage directory /workdir/hadoop-ozone/integration-test/target/test-dir/MiniOzoneClusterImpl-eaaaa650-7a59-4694-95b4-85e6182e2b1b/datanode-4/data/ratis/af12865f-8c98-4b85-a796-9f6c5fb83fc3 has been successfully formatted.
2019-10-02 07:48:29,083 [pool-67-thread-1] INFO  ratis.ContainerStateMachine (ContainerStateMachine.java:loadSnapshot(230)) - group-9F6C5FB83FC3: The snapshot info is null. Setting the last applied indexto:(t:0, i:~)
2019-10-02 07:48:29,083 [pool-67-thread-1] INFO  server.RaftServerConfigKeys (ConfUtils.java:logGet(43)) - raft.server.notification.no-leader.timeout = 120s (custom)
2019-10-02 07:48:29,083 [pool-67-thread-1] INFO  server.RaftServerConfigKeys (ConfUtils.java:logGet(43)) - raft.server.log.use.memory = false (default)
2019-10-02 07:48:29,083 [pool-67-thread-1] INFO  server.RaftServerConfigKeys (ConfUtils.java:logGet(43)) - raft.server.log.purge.gap = 1000000 (custom)
2019-10-02 07:48:29,084 [pool-67-thread-1] INFO  server.RaftServerConfigKeys (ConfUtils.java:logGet(43)) - raft.server.log.appender.buffer.byte-limit = 33554432 (custom)
2019-10-02 07:48:29,084 [pool-67-thread-1] INFO  server.RaftServerConfigKeys (ConfUtils.java:logGet(43)) - raft.server.log.segment.size.max = 1048576 (custom)
2019-10-02 07:48:29,087 [pool-67-thread-1] INFO  server.RaftServerConfigKeys (ConfUtils.java:logGet(43)) - raft.server.log.segment.cache.num.max = 2 (custom)
2019-10-02 07:48:29,088 [pool-67-thread-1] INFO  segmented.SegmentedRaftLogWorker (SegmentedRaftLogWorker.java:<init>(173)) - new 20b15c73-7e36-4f3d-af5d-dcac1c223d80@group-9F6C5FB83FC3-SegmentedRaftLogWorker for RaftStorage:Storage Directory /workdir/hadoop-ozone/integration-test/target/test-dir/MiniOzoneClusterImpl-eaaaa650-7a59-4694-95b4-85e6182e2b1b/datanode-4/data/ratis/af12865f-8c98-4b85-a796-9f6c5fb83fc3
2019-10-02 07:48:29,088 [pool-67-thread-1] INFO  server.RaftServerConfigKeys (ConfUtils.java:logGet(43)) - raft.server.log.queue.byte-limit = 2147483647 (custom)
2019-10-02 07:48:29,088 [pool-67-thread-1] INFO  server.RaftServerConfigKeys (ConfUtils.java:logGet(43)) - raft.server.log.queue.element-limit = 1024 (custom)
2019-10-02 07:48:29,088 [pool-67-thread-1] INFO  server.RaftServerConfigKeys (ConfUtils.java:logGet(43)) - raft.server.log.segment.size.max = 1048576 (custom)
2019-10-02 07:48:29,088 [pool-67-thread-1] INFO  server.RaftServerConfigKeys (ConfUtils.java:logGet(43)) - raft.server.log.preallocated.size = 16384 (custom)
2019-10-02 07:48:29,088 [pool-67-thread-1] INFO  server.RaftServerConfigKeys (ConfUtils.java:logGet(43)) - raft.server.log.write.buffer.size = 33554432 (custom)
2019-10-02 07:48:29,088 [pool-67-thread-1] INFO  server.RaftServerConfigKeys (ConfUtils.java:logGet(43)) - raft.server.log.force.sync.num = 128 (default)
2019-10-02 07:48:29,088 [pool-67-thread-1] INFO  server.RaftServerConfigKeys (ConfUtils.java:logGet(43)) - raft.server.log.statemachine.data.sync = true (default)
2019-10-02 07:48:29,088 [pool-67-thread-1] INFO  server.RaftServerConfigKeys (ConfUtils.java:logGet(43)) - raft.server.log.statemachine.data.sync.timeout = 10s (default)
2019-10-02 07:48:29,089 [pool-67-thread-1] INFO  server.RaftServerConfigKeys (ConfUtils.java:logGet(43)) - raft.server.log.statemachine.data.sync.timeout.retry = -1 (default)
2019-10-02 07:48:29,089 [pool-67-thread-1] INFO  server.RaftServerConfigKeys (ConfUtils.java:logGet(43)) - raft.server.log.statemachine.data.caching.enabled = true (custom)
2019-10-02 07:48:29,089 [pool-67-thread-1] INFO  segmented.SegmentedRaftLogWorker (SegmentedRaftLogWorker.java:lambda$new$0(128)) - 20b15c73-7e36-4f3d-af5d-dcac1c223d80@group-9F6C5FB83FC3-SegmentedRaftLogWorker: flushIndex: setUnconditionally 0 -> -1
2019-10-02 07:48:29,090 [pool-67-thread-1] INFO  server.RaftServerConfigKeys (ConfUtils.java:logGet(43)) - raft.server.snapshot.auto.trigger.enabled = true (custom)
2019-10-02 07:48:29,090 [pool-67-thread-1] INFO  server.RaftServerConfigKeys (ConfUtils.java:logGet(43)) - raft.server.snapshot.auto.trigger.threshold = 10000 (custom)
2019-10-02 07:48:29,090 [pool-67-thread-1] INFO  server.RaftServerConfigKeys (ConfUtils.java:logGet(43)) - raft.server.snapshot.retention.file.num = 5 (custom)
2019-10-02 07:48:29,090 [pool-67-thread-1] INFO  server.RaftServerConfigKeys (ConfUtils.java:logGet(43)) - raft.server.retrycache.expirytime = 600000ms (custom)
2019-10-02 07:48:29,093 [pool-67-thread-1] INFO  impl.RaftServerImpl (RaftServerImpl.java:start(181)) - 20b15c73-7e36-4f3d-af5d-dcac1c223d80@group-9F6C5FB83FC3: start as a follower, conf=-1: [20b15c73-7e36-4f3d-af5d-dcac1c223d80:192.168.164.211:41323], old=null
2019-10-02 07:48:29,094 [pool-67-thread-1] INFO  impl.RaftServerImpl (RaftServerImpl.java:setRole(170)) - 20b15c73-7e36-4f3d-af5d-dcac1c223d80@group-9F6C5FB83FC3: changes role from      null to FOLLOWER at term 0 for startAsFollower
2019-10-02 07:48:29,094 [pool-67-thread-1] INFO  impl.RoleInfo (RoleInfo.java:updateAndGet(143)) - 20b15c73-7e36-4f3d-af5d-dcac1c223d80: start FollowerState
2019-10-02 07:48:29,094 [pool-67-thread-1] INFO  util.JmxRegister (JmxRegister.java:tryRegister(44)) - Successfully registered JMX Bean with object name Ratis:service=RaftServer,group=group-9F6C5FB83FC3,id=20b15c73-7e36-4f3d-af5d-dcac1c223d80
2019-10-02 07:48:29,109 [RatisPipelineUtilsThread] INFO  pipeline.PipelineStateManager (PipelineStateManager.java:addPipeline(56)) - Created pipeline Pipeline[ Id: af12865f-8c98-4b85-a796-9f6c5fb83fc3, Nodes: 20b15c73-7e36-4f3d-af5d-dcac1c223d80{ip: 192.168.164.211, host: pr-hdds-2227-gdpr-vz6hn-2718222164, networkLocation: /default-rack, certSerialId: null}, Type:RATIS, Factor:ONE, State:OPEN]
2019-10-02 07:48:29,129 [grpc-default-executor-0] INFO  impl.RaftServerProxy (RaftServerProxy.java:addNew(89)) - 40678547-ebf5-4c5e-be30-9f61598efabe: addNew group-3F63DB19FCDA:[40678547-ebf5-4c5e-be30-9f61598efabe:192.168.164.211:33949] returns group-3F63DB19FCDA:java.util.concurrent.CompletableFuture@5979f455[Not completed]
2019-10-02 07:48:29,134 [pool-87-thread-1] INFO  impl.RaftServerImpl (RaftServerImpl.java:<init>(95)) - 40678547-ebf5-4c5e-be30-9f61598efabe: new RaftServerImpl for group-3F63DB19FCDA:[40678547-ebf5-4c5e-be30-9f61598efabe:192.168.164.211:33949] with ContainerStateMachine:uninitialized
2019-10-02 07:48:29,134 [pool-87-thread-1] INFO  server.RaftServerConfigKeys (ConfUtils.java:logGet(43)) - raft.server.rpc.timeout.min = 5s (custom)
2019-10-02 07:48:29,134 [pool-87-thread-1] INFO  server.RaftServerConfigKeys (ConfUtils.java:logGet(43)) - raft.server.rpc.timeout.max = 5200ms (custom)
2019-10-02 07:48:29,135 [pool-87-thread-1] INFO  server.RaftServerConfigKeys (ConfUtils.java:logGet(43)) - raft.server.rpcslowness.timeout = 120s (custom)
2019-10-02 07:48:29,135 [pool-87-thread-1] INFO  server.RaftServerConfigKeys (ConfUtils.java:logGet(43)) - raft.server.sleep.deviation.threshold = 300 (default)
2019-10-02 07:48:29,135 [pool-87-thread-1] INFO  server.RaftServerConfigKeys (ConfUtils.java:logGet(43)) - raft.server.log.appender.install.snapshot.enabled = false (custom)
2019-10-02 07:48:29,135 [pool-87-thread-1] INFO  impl.RaftServerImpl (ServerState.java:<init>(103)) - 40678547-ebf5-4c5e-be30-9f61598efabe@group-3F63DB19FCDA: ConfigurationManager, init=-1: [40678547-ebf5-4c5e-be30-9f61598efabe:192.168.164.211:33949], old=null, confs=<EMPTY_MAP>
2019-10-02 07:48:29,135 [pool-87-thread-1] INFO  server.RaftServerConfigKeys (ConfUtils.java:logGet(43)) - raft.server.storage.dir = [/workdir/hadoop-ozone/integration-test/target/test-dir/MiniOzoneClusterImpl-eaaaa650-7a59-4694-95b4-85e6182e2b1b/datanode-6/data/ratis] (custom)
2019-10-02 07:48:29,136 [pool-87-thread-1] INFO  server.RaftServerConfigKeys (ConfUtils.java:logGet(43)) - raft.server.log.corruption.policy = EXCEPTION (default)
2019-10-02 07:48:29,136 [pool-87-thread-1] INFO  storage.RaftStorageDirectory (RaftStorageDirectory.java:analyzeStorage(246)) - The storage directory /workdir/hadoop-ozone/integration-test/target/test-dir/MiniOzoneClusterImpl-eaaaa650-7a59-4694-95b4-85e6182e2b1b/datanode-6/data/ratis/718d934e-e7f1-48f0-be13-3f63db19fcda does not exist. Creating ...
2019-10-02 07:48:29,149 [pool-87-thread-1] INFO  storage.RaftStorageDirectory (RaftStorageDirectory.java:tryLock(328)) - Lock on /workdir/hadoop-ozone/integration-test/target/test-dir/MiniOzoneClusterImpl-eaaaa650-7a59-4694-95b4-85e6182e2b1b/datanode-6/data/ratis/718d934e-e7f1-48f0-be13-3f63db19fcda/in_use.lock acquired by nodename 2838@pr-hdds-2227-gdpr-vz6hn-2718222164
2019-10-02 07:48:29,162 [pool-87-thread-1] INFO  storage.RaftStorage (RaftStorage.java:format(84)) - Storage directory /workdir/hadoop-ozone/integration-test/target/test-dir/MiniOzoneClusterImpl-eaaaa650-7a59-4694-95b4-85e6182e2b1b/datanode-6/data/ratis/718d934e-e7f1-48f0-be13-3f63db19fcda has been successfully formatted.
2019-10-02 07:48:29,163 [pool-87-thread-1] INFO  ratis.ContainerStateMachine (ContainerStateMachine.java:loadSnapshot(230)) - group-3F63DB19FCDA: The snapshot info is null. Setting the last applied indexto:(t:0, i:~)
2019-10-02 07:48:29,163 [pool-87-thread-1] INFO  server.RaftServerConfigKeys (ConfUtils.java:logGet(43)) - raft.server.notification.no-leader.timeout = 120s (custom)
2019-10-02 07:48:29,163 [pool-87-thread-1] INFO  server.RaftServerConfigKeys (ConfUtils.java:logGet(43)) - raft.server.log.use.memory = false (default)
2019-10-02 07:48:29,163 [pool-87-thread-1] INFO  server.RaftServerConfigKeys (ConfUtils.java:logGet(43)) - raft.server.log.purge.gap = 1000000 (custom)
2019-10-02 07:48:29,163 [pool-87-thread-1] INFO  server.RaftServerConfigKeys (ConfUtils.java:logGet(43)) - raft.server.log.appender.buffer.byte-limit = 33554432 (custom)
2019-10-02 07:48:29,164 [pool-87-thread-1] INFO  server.RaftServerConfigKeys (ConfUtils.java:logGet(43)) - raft.server.log.segment.size.max = 1048576 (custom)
2019-10-02 07:48:29,167 [pool-87-thread-1] INFO  server.RaftServerConfigKeys (ConfUtils.java:logGet(43)) - raft.server.log.segment.cache.num.max = 2 (custom)
2019-10-02 07:48:29,167 [pool-87-thread-1] INFO  segmented.SegmentedRaftLogWorker (SegmentedRaftLogWorker.java:<init>(173)) - new 40678547-ebf5-4c5e-be30-9f61598efabe@group-3F63DB19FCDA-SegmentedRaftLogWorker for RaftStorage:Storage Directory /workdir/hadoop-ozone/integration-test/target/test-dir/MiniOzoneClusterImpl-eaaaa650-7a59-4694-95b4-85e6182e2b1b/datanode-6/data/ratis/718d934e-e7f1-48f0-be13-3f63db19fcda
2019-10-02 07:48:29,167 [pool-87-thread-1] INFO  server.RaftServerConfigKeys (ConfUtils.java:logGet(43)) - raft.server.log.queue.byte-limit = 2147483647 (custom)
2019-10-02 07:48:29,167 [pool-87-thread-1] INFO  server.RaftServerConfigKeys (ConfUtils.java:logGet(43)) - raft.server.log.queue.element-limit = 1024 (custom)
2019-10-02 07:48:29,168 [pool-87-thread-1] INFO  server.RaftServerConfigKeys (ConfUtils.java:logGet(43)) - raft.server.log.segment.size.max = 1048576 (custom)
2019-10-02 07:48:29,168 [pool-87-thread-1] INFO  server.RaftServerConfigKeys (ConfUtils.java:logGet(43)) - raft.server.log.preallocated.size = 16384 (custom)
2019-10-02 07:48:29,168 [pool-87-thread-1] INFO  server.RaftServerConfigKeys (ConfUtils.java:logGet(43)) - raft.server.log.write.buffer.size = 33554432 (custom)
2019-10-02 07:48:29,168 [pool-87-thread-1] INFO  server.RaftServerConfigKeys (ConfUtils.java:logGet(43)) - raft.server.log.force.sync.num = 128 (default)
2019-10-02 07:48:29,168 [pool-87-thread-1] INFO  server.RaftServerConfigKeys (ConfUtils.java:logGet(43)) - raft.server.log.statemachine.data.sync = true (default)
2019-10-02 07:48:29,168 [pool-87-thread-1] INFO  server.RaftServerConfigKeys (ConfUtils.java:logGet(43)) - raft.server.log.statemachine.data.sync.timeout = 10s (default)
2019-10-02 07:48:29,168 [pool-87-thread-1] INFO  server.RaftServerConfigKeys (ConfUtils.java:logGet(43)) - raft.server.log.statemachine.data.sync.timeout.retry = -1 (default)
2019-10-02 07:48:29,169 [pool-87-thread-1] INFO  server.RaftServerConfigKeys (ConfUtils.java:logGet(43)) - raft.server.log.statemachine.data.caching.enabled = true (custom)
2019-10-02 07:48:29,169 [pool-87-thread-1] INFO  segmented.SegmentedRaftLogWorker (SegmentedRaftLogWorker.java:lambda$new$0(128)) - 40678547-ebf5-4c5e-be30-9f61598efabe@group-3F63DB19FCDA-SegmentedRaftLogWorker: flushIndex: setUnconditionally 0 -> -1
2019-10-02 07:48:29,170 [pool-87-thread-1] INFO  server.RaftServerConfigKeys (ConfUtils.java:logGet(43)) - raft.server.snapshot.auto.trigger.enabled = true (custom)
2019-10-02 07:48:29,170 [pool-87-thread-1] INFO  server.RaftServerConfigKeys (ConfUtils.java:logGet(43)) - raft.server.snapshot.auto.trigger.threshold = 10000 (custom)
2019-10-02 07:48:29,170 [pool-87-thread-1] INFO  server.RaftServerConfigKeys (ConfUtils.java:logGet(43)) - raft.server.snapshot.retention.file.num = 5 (custom)
2019-10-02 07:48:29,170 [pool-87-thread-1] INFO  server.RaftServerConfigKeys (ConfUtils.java:logGet(43)) - raft.server.retrycache.expirytime = 600000ms (custom)
2019-10-02 07:48:29,173 [pool-87-thread-1] INFO  impl.RaftServerImpl (RaftServerImpl.java:start(181)) - 40678547-ebf5-4c5e-be30-9f61598efabe@group-3F63DB19FCDA: start as a follower, conf=-1: [40678547-ebf5-4c5e-be30-9f61598efabe:192.168.164.211:33949], old=null
2019-10-02 07:48:29,173 [pool-87-thread-1] INFO  impl.RaftServerImpl (RaftServerImpl.java:setRole(170)) - 40678547-ebf5-4c5e-be30-9f61598efabe@group-3F63DB19FCDA: changes role from      null to FOLLOWER at term 0 for startAsFollower
2019-10-02 07:48:29,173 [pool-87-thread-1] INFO  impl.RoleInfo (RoleInfo.java:updateAndGet(143)) - 40678547-ebf5-4c5e-be30-9f61598efabe: start FollowerState
2019-10-02 07:48:29,174 [pool-87-thread-1] INFO  util.JmxRegister (JmxRegister.java:tryRegister(44)) - Successfully registered JMX Bean with object name Ratis:service=RaftServer,group=group-3F63DB19FCDA,id=40678547-ebf5-4c5e-be30-9f61598efabe
2019-10-02 07:48:29,189 [RatisPipelineUtilsThread] INFO  pipeline.PipelineStateManager (PipelineStateManager.java:addPipeline(56)) - Created pipeline Pipeline[ Id: 718d934e-e7f1-48f0-be13-3f63db19fcda, Nodes: 40678547-ebf5-4c5e-be30-9f61598efabe{ip: 192.168.164.211, host: pr-hdds-2227-gdpr-vz6hn-2718222164, networkLocation: /default-rack, certSerialId: null}, Type:RATIS, Factor:ONE, State:OPEN]
2019-10-02 07:48:29,209 [grpc-default-executor-0] INFO  impl.RaftServerProxy (RaftServerProxy.java:addNew(89)) - 59af106e-d8c8-4b7a-839e-06f3cb270bf5: addNew group-DC30DC26DABD:[59af106e-d8c8-4b7a-839e-06f3cb270bf5:192.168.164.211:45332] returns group-DC30DC26DABD:java.util.concurrent.CompletableFuture@7adc3df1[Not completed]
2019-10-02 07:48:29,213 [pool-57-thread-1] INFO  impl.RaftServerImpl (RaftServerImpl.java:<init>(95)) - 59af106e-d8c8-4b7a-839e-06f3cb270bf5: new RaftServerImpl for group-DC30DC26DABD:[59af106e-d8c8-4b7a-839e-06f3cb270bf5:192.168.164.211:45332] with ContainerStateMachine:uninitialized
2019-10-02 07:48:29,213 [pool-57-thread-1] INFO  server.RaftServerConfigKeys (ConfUtils.java:logGet(43)) - raft.server.rpc.timeout.min = 5s (custom)
2019-10-02 07:48:29,214 [pool-57-thread-1] INFO  server.RaftServerConfigKeys (ConfUtils.java:logGet(43)) - raft.server.rpc.timeout.max = 5200ms (custom)
2019-10-02 07:48:29,214 [pool-57-thread-1] INFO  server.RaftServerConfigKeys (ConfUtils.java:logGet(43)) - raft.server.rpcslowness.timeout = 120s (custom)
2019-10-02 07:48:29,214 [pool-57-thread-1] INFO  server.RaftServerConfigKeys (ConfUtils.java:logGet(43)) - raft.server.sleep.deviation.threshold = 300 (default)
2019-10-02 07:48:29,214 [pool-57-thread-1] INFO  server.RaftServerConfigKeys (ConfUtils.java:logGet(43)) - raft.server.log.appender.install.snapshot.enabled = false (custom)
2019-10-02 07:48:29,214 [pool-57-thread-1] INFO  impl.RaftServerImpl (ServerState.java:<init>(103)) - 59af106e-d8c8-4b7a-839e-06f3cb270bf5@group-DC30DC26DABD: ConfigurationManager, init=-1: [59af106e-d8c8-4b7a-839e-06f3cb270bf5:192.168.164.211:45332], old=null, confs=<EMPTY_MAP>
2019-10-02 07:48:29,215 [pool-57-thread-1] INFO  server.RaftServerConfigKeys (ConfUtils.java:logGet(43)) - raft.server.storage.dir = [/workdir/hadoop-ozone/integration-test/target/test-dir/MiniOzoneClusterImpl-eaaaa650-7a59-4694-95b4-85e6182e2b1b/datanode-3/data/ratis] (custom)
2019-10-02 07:48:29,215 [pool-57-thread-1] INFO  server.RaftServerConfigKeys (ConfUtils.java:logGet(43)) - raft.server.log.corruption.policy = EXCEPTION (default)
2019-10-02 07:48:29,215 [pool-57-thread-1] INFO  storage.RaftStorageDirectory (RaftStorageDirectory.java:analyzeStorage(246)) - The storage directory /workdir/hadoop-ozone/integration-test/target/test-dir/MiniOzoneClusterImpl-eaaaa650-7a59-4694-95b4-85e6182e2b1b/datanode-3/data/ratis/a5ca4d66-c1ad-406a-9317-dc30dc26dabd does not exist. Creating ...
2019-10-02 07:48:29,228 [pool-57-thread-1] INFO  storage.RaftStorageDirectory (RaftStorageDirectory.java:tryLock(328)) - Lock on /workdir/hadoop-ozone/integration-test/target/test-dir/MiniOzoneClusterImpl-eaaaa650-7a59-4694-95b4-85e6182e2b1b/datanode-3/data/ratis/a5ca4d66-c1ad-406a-9317-dc30dc26dabd/in_use.lock acquired by nodename 2838@pr-hdds-2227-gdpr-vz6hn-2718222164
2019-10-02 07:48:29,241 [pool-57-thread-1] INFO  storage.RaftStorage (RaftStorage.java:format(84)) - Storage directory /workdir/hadoop-ozone/integration-test/target/test-dir/MiniOzoneClusterImpl-eaaaa650-7a59-4694-95b4-85e6182e2b1b/datanode-3/data/ratis/a5ca4d66-c1ad-406a-9317-dc30dc26dabd has been successfully formatted.
2019-10-02 07:48:29,241 [pool-57-thread-1] INFO  ratis.ContainerStateMachine (ContainerStateMachine.java:loadSnapshot(230)) - group-DC30DC26DABD: The snapshot info is null. Setting the last applied indexto:(t:0, i:~)
2019-10-02 07:48:29,241 [pool-57-thread-1] INFO  server.RaftServerConfigKeys (ConfUtils.java:logGet(43)) - raft.server.notification.no-leader.timeout = 120s (custom)
2019-10-02 07:48:29,241 [pool-57-thread-1] INFO  server.RaftServerConfigKeys (ConfUtils.java:logGet(43)) - raft.server.log.use.memory = false (default)
2019-10-02 07:48:29,241 [pool-57-thread-1] INFO  server.RaftServerConfigKeys (ConfUtils.java:logGet(43)) - raft.server.log.purge.gap = 1000000 (custom)
2019-10-02 07:48:29,242 [pool-57-thread-1] INFO  server.RaftServerConfigKeys (ConfUtils.java:logGet(43)) - raft.server.log.appender.buffer.byte-limit = 33554432 (custom)
2019-10-02 07:48:29,242 [pool-57-thread-1] INFO  server.RaftServerConfigKeys (ConfUtils.java:logGet(43)) - raft.server.log.segment.size.max = 1048576 (custom)
2019-10-02 07:48:29,245 [pool-57-thread-1] INFO  server.RaftServerConfigKeys (ConfUtils.java:logGet(43)) - raft.server.log.segment.cache.num.max = 2 (custom)
2019-10-02 07:48:29,245 [pool-57-thread-1] INFO  segmented.SegmentedRaftLogWorker (SegmentedRaftLogWorker.java:<init>(173)) - new 59af106e-d8c8-4b7a-839e-06f3cb270bf5@group-DC30DC26DABD-SegmentedRaftLogWorker for RaftStorage:Storage Directory /workdir/hadoop-ozone/integration-test/target/test-dir/MiniOzoneClusterImpl-eaaaa650-7a59-4694-95b4-85e6182e2b1b/datanode-3/data/ratis/a5ca4d66-c1ad-406a-9317-dc30dc26dabd
2019-10-02 07:48:29,245 [pool-57-thread-1] INFO  server.RaftServerConfigKeys (ConfUtils.java:logGet(43)) - raft.server.log.queue.byte-limit = 2147483647 (custom)
2019-10-02 07:48:29,245 [pool-57-thread-1] INFO  server.RaftServerConfigKeys (ConfUtils.java:logGet(43)) - raft.server.log.queue.element-limit = 1024 (custom)
2019-10-02 07:48:29,246 [pool-57-thread-1] INFO  server.RaftServerConfigKeys (ConfUtils.java:logGet(43)) - raft.server.log.segment.size.max = 1048576 (custom)
2019-10-02 07:48:29,246 [pool-57-thread-1] INFO  server.RaftServerConfigKeys (ConfUtils.java:logGet(43)) - raft.server.log.preallocated.size = 16384 (custom)
2019-10-02 07:48:29,246 [pool-57-thread-1] INFO  server.RaftServerConfigKeys (ConfUtils.java:logGet(43)) - raft.server.log.write.buffer.size = 33554432 (custom)
2019-10-02 07:48:29,246 [pool-57-thread-1] INFO  server.RaftServerConfigKeys (ConfUtils.java:logGet(43)) - raft.server.log.force.sync.num = 128 (default)
2019-10-02 07:48:29,246 [pool-57-thread-1] INFO  server.RaftServerConfigKeys (ConfUtils.java:logGet(43)) - raft.server.log.statemachine.data.sync = true (default)
2019-10-02 07:48:29,246 [pool-57-thread-1] INFO  server.RaftServerConfigKeys (ConfUtils.java:logGet(43)) - raft.server.log.statemachine.data.sync.timeout = 10s (default)
2019-10-02 07:48:29,246 [pool-57-thread-1] INFO  server.RaftServerConfigKeys (ConfUtils.java:logGet(43)) - raft.server.log.statemachine.data.sync.timeout.retry = -1 (default)
2019-10-02 07:48:29,247 [pool-57-thread-1] INFO  server.RaftServerConfigKeys (ConfUtils.java:logGet(43)) - raft.server.log.statemachine.data.caching.enabled = true (custom)
2019-10-02 07:48:29,247 [pool-57-thread-1] INFO  segmented.SegmentedRaftLogWorker (SegmentedRaftLogWorker.java:lambda$new$0(128)) - 59af106e-d8c8-4b7a-839e-06f3cb270bf5@group-DC30DC26DABD-SegmentedRaftLogWorker: flushIndex: setUnconditionally 0 -> -1
2019-10-02 07:48:29,248 [pool-57-thread-1] INFO  server.RaftServerConfigKeys (ConfUtils.java:logGet(43)) - raft.server.snapshot.auto.trigger.enabled = true (custom)
2019-10-02 07:48:29,248 [pool-57-thread-1] INFO  server.RaftServerConfigKeys (ConfUtils.java:logGet(43)) - raft.server.snapshot.auto.trigger.threshold = 10000 (custom)
2019-10-02 07:48:29,248 [pool-57-thread-1] INFO  server.RaftServerConfigKeys (ConfUtils.java:logGet(43)) - raft.server.snapshot.retention.file.num = 5 (custom)
2019-10-02 07:48:29,248 [pool-57-thread-1] INFO  server.RaftServerConfigKeys (ConfUtils.java:logGet(43)) - raft.server.retrycache.expirytime = 600000ms (custom)
2019-10-02 07:48:29,251 [pool-57-thread-1] INFO  impl.RaftServerImpl (RaftServerImpl.java:start(181)) - 59af106e-d8c8-4b7a-839e-06f3cb270bf5@group-DC30DC26DABD: start as a follower, conf=-1: [59af106e-d8c8-4b7a-839e-06f3cb270bf5:192.168.164.211:45332], old=null
2019-10-02 07:48:29,251 [pool-57-thread-1] INFO  impl.RaftServerImpl (RaftServerImpl.java:setRole(170)) - 59af106e-d8c8-4b7a-839e-06f3cb270bf5@group-DC30DC26DABD: changes role from      null to FOLLOWER at term 0 for startAsFollower
2019-10-02 07:48:29,251 [pool-57-thread-1] INFO  impl.RoleInfo (RoleInfo.java:updateAndGet(143)) - 59af106e-d8c8-4b7a-839e-06f3cb270bf5: start FollowerState
2019-10-02 07:48:29,252 [pool-57-thread-1] INFO  util.JmxRegister (JmxRegister.java:tryRegister(44)) - Successfully registered JMX Bean with object name Ratis:service=RaftServer,group=group-DC30DC26DABD,id=59af106e-d8c8-4b7a-839e-06f3cb270bf5
2019-10-02 07:48:29,264 [RatisPipelineUtilsThread] INFO  pipeline.PipelineStateManager (PipelineStateManager.java:addPipeline(56)) - Created pipeline Pipeline[ Id: a5ca4d66-c1ad-406a-9317-dc30dc26dabd, Nodes: 59af106e-d8c8-4b7a-839e-06f3cb270bf5{ip: 192.168.164.211, host: pr-hdds-2227-gdpr-vz6hn-2718222164, networkLocation: /default-rack, certSerialId: null}, Type:RATIS, Factor:ONE, State:OPEN]
2019-10-02 07:48:29,277 [grpc-default-executor-0] INFO  impl.RaftServerProxy (RaftServerProxy.java:addNew(89)) - 56ea0766-1349-402d-9530-37c87c5c16c1: addNew group-7C05CF146794:[56ea0766-1349-402d-9530-37c87c5c16c1:192.168.164.211:44517] returns group-7C05CF146794:java.util.concurrent.CompletableFuture@3531e554[Not completed]
2019-10-02 07:48:29,280 [pool-47-thread-1] INFO  impl.RaftServerImpl (RaftServerImpl.java:<init>(95)) - 56ea0766-1349-402d-9530-37c87c5c16c1: new RaftServerImpl for group-7C05CF146794:[56ea0766-1349-402d-9530-37c87c5c16c1:192.168.164.211:44517] with ContainerStateMachine:uninitialized
2019-10-02 07:48:29,280 [pool-47-thread-1] INFO  server.RaftServerConfigKeys (ConfUtils.java:logGet(43)) - raft.server.rpc.timeout.min = 5s (custom)
2019-10-02 07:48:29,280 [pool-47-thread-1] INFO  server.RaftServerConfigKeys (ConfUtils.java:logGet(43)) - raft.server.rpc.timeout.max = 5200ms (custom)
2019-10-02 07:48:29,280 [pool-47-thread-1] INFO  server.RaftServerConfigKeys (ConfUtils.java:logGet(43)) - raft.server.rpcslowness.timeout = 120s (custom)
2019-10-02 07:48:29,280 [pool-47-thread-1] INFO  server.RaftServerConfigKeys (ConfUtils.java:logGet(43)) - raft.server.sleep.deviation.threshold = 300 (default)
2019-10-02 07:48:29,281 [pool-47-thread-1] INFO  server.RaftServerConfigKeys (ConfUtils.java:logGet(43)) - raft.server.log.appender.install.snapshot.enabled = false (custom)
2019-10-02 07:48:29,281 [pool-47-thread-1] INFO  impl.RaftServerImpl (ServerState.java:<init>(103)) - 56ea0766-1349-402d-9530-37c87c5c16c1@group-7C05CF146794: ConfigurationManager, init=-1: [56ea0766-1349-402d-9530-37c87c5c16c1:192.168.164.211:44517], old=null, confs=<EMPTY_MAP>
2019-10-02 07:48:29,281 [pool-47-thread-1] INFO  server.RaftServerConfigKeys (ConfUtils.java:logGet(43)) - raft.server.storage.dir = [/workdir/hadoop-ozone/integration-test/target/test-dir/MiniOzoneClusterImpl-eaaaa650-7a59-4694-95b4-85e6182e2b1b/datanode-2/data/ratis] (custom)
2019-10-02 07:48:29,281 [pool-47-thread-1] INFO  server.RaftServerConfigKeys (ConfUtils.java:logGet(43)) - raft.server.log.corruption.policy = EXCEPTION (default)
2019-10-02 07:48:29,281 [pool-47-thread-1] INFO  storage.RaftStorageDirectory (RaftStorageDirectory.java:analyzeStorage(246)) - The storage directory /workdir/hadoop-ozone/integration-test/target/test-dir/MiniOzoneClusterImpl-eaaaa650-7a59-4694-95b4-85e6182e2b1b/datanode-2/data/ratis/d143d2bc-8faa-437c-b879-7c05cf146794 does not exist. Creating ...
2019-10-02 07:48:29,296 [pool-47-thread-1] INFO  storage.RaftStorageDirectory (RaftStorageDirectory.java:tryLock(328)) - Lock on /workdir/hadoop-ozone/integration-test/target/test-dir/MiniOzoneClusterImpl-eaaaa650-7a59-4694-95b4-85e6182e2b1b/datanode-2/data/ratis/d143d2bc-8faa-437c-b879-7c05cf146794/in_use.lock acquired by nodename 2838@pr-hdds-2227-gdpr-vz6hn-2718222164
2019-10-02 07:48:29,308 [pool-47-thread-1] INFO  storage.RaftStorage (RaftStorage.java:format(84)) - Storage directory /workdir/hadoop-ozone/integration-test/target/test-dir/MiniOzoneClusterImpl-eaaaa650-7a59-4694-95b4-85e6182e2b1b/datanode-2/data/ratis/d143d2bc-8faa-437c-b879-7c05cf146794 has been successfully formatted.
2019-10-02 07:48:29,308 [pool-47-thread-1] INFO  ratis.ContainerStateMachine (ContainerStateMachine.java:loadSnapshot(230)) - group-7C05CF146794: The snapshot info is null. Setting the last applied indexto:(t:0, i:~)
2019-10-02 07:48:29,308 [pool-47-thread-1] INFO  server.RaftServerConfigKeys (ConfUtils.java:logGet(43)) - raft.server.notification.no-leader.timeout = 120s (custom)
2019-10-02 07:48:29,309 [pool-47-thread-1] INFO  server.RaftServerConfigKeys (ConfUtils.java:logGet(43)) - raft.server.log.use.memory = false (default)
2019-10-02 07:48:29,309 [pool-47-thread-1] INFO  server.RaftServerConfigKeys (ConfUtils.java:logGet(43)) - raft.server.log.purge.gap = 1000000 (custom)
2019-10-02 07:48:29,309 [pool-47-thread-1] INFO  server.RaftServerConfigKeys (ConfUtils.java:logGet(43)) - raft.server.log.appender.buffer.byte-limit = 33554432 (custom)
2019-10-02 07:48:29,309 [pool-47-thread-1] INFO  server.RaftServerConfigKeys (ConfUtils.java:logGet(43)) - raft.server.log.segment.size.max = 1048576 (custom)
2019-10-02 07:48:29,311 [pool-47-thread-1] INFO  server.RaftServerConfigKeys (ConfUtils.java:logGet(43)) - raft.server.log.segment.cache.num.max = 2 (custom)
2019-10-02 07:48:29,311 [pool-47-thread-1] INFO  segmented.SegmentedRaftLogWorker (SegmentedRaftLogWorker.java:<init>(173)) - new 56ea0766-1349-402d-9530-37c87c5c16c1@group-7C05CF146794-SegmentedRaftLogWorker for RaftStorage:Storage Directory /workdir/hadoop-ozone/integration-test/target/test-dir/MiniOzoneClusterImpl-eaaaa650-7a59-4694-95b4-85e6182e2b1b/datanode-2/data/ratis/d143d2bc-8faa-437c-b879-7c05cf146794
2019-10-02 07:48:29,312 [pool-47-thread-1] INFO  server.RaftServerConfigKeys (ConfUtils.java:logGet(43)) - raft.server.log.queue.byte-limit = 2147483647 (custom)
2019-10-02 07:48:29,312 [pool-47-thread-1] INFO  server.RaftServerConfigKeys (ConfUtils.java:logGet(43)) - raft.server.log.queue.element-limit = 1024 (custom)
2019-10-02 07:48:29,312 [pool-47-thread-1] INFO  server.RaftServerConfigKeys (ConfUtils.java:logGet(43)) - raft.server.log.segment.size.max = 1048576 (custom)
2019-10-02 07:48:29,312 [pool-47-thread-1] INFO  server.RaftServerConfigKeys (ConfUtils.java:logGet(43)) - raft.server.log.preallocated.size = 16384 (custom)
2019-10-02 07:48:29,312 [pool-47-thread-1] INFO  server.RaftServerConfigKeys (ConfUtils.java:logGet(43)) - raft.server.log.write.buffer.size = 33554432 (custom)
2019-10-02 07:48:29,312 [pool-47-thread-1] INFO  server.RaftServerConfigKeys (ConfUtils.java:logGet(43)) - raft.server.log.force.sync.num = 128 (default)
2019-10-02 07:48:29,312 [pool-47-thread-1] INFO  server.RaftServerConfigKeys (ConfUtils.java:logGet(43)) - raft.server.log.statemachine.data.sync = true (default)
2019-10-02 07:48:29,312 [pool-47-thread-1] INFO  server.RaftServerConfigKeys (ConfUtils.java:logGet(43)) - raft.server.log.statemachine.data.sync.timeout = 10s (default)
2019-10-02 07:48:29,312 [pool-47-thread-1] INFO  server.RaftServerConfigKeys (ConfUtils.java:logGet(43)) - raft.server.log.statemachine.data.sync.timeout.retry = -1 (default)
2019-10-02 07:48:29,313 [pool-47-thread-1] INFO  server.RaftServerConfigKeys (ConfUtils.java:logGet(43)) - raft.server.log.statemachine.data.caching.enabled = true (custom)
2019-10-02 07:48:29,313 [pool-47-thread-1] INFO  segmented.SegmentedRaftLogWorker (SegmentedRaftLogWorker.java:lambda$new$0(128)) - 56ea0766-1349-402d-9530-37c87c5c16c1@group-7C05CF146794-SegmentedRaftLogWorker: flushIndex: setUnconditionally 0 -> -1
2019-10-02 07:48:29,313 [pool-47-thread-1] INFO  server.RaftServerConfigKeys (ConfUtils.java:logGet(43)) - raft.server.snapshot.auto.trigger.enabled = true (custom)
2019-10-02 07:48:29,314 [pool-47-thread-1] INFO  server.RaftServerConfigKeys (ConfUtils.java:logGet(43)) - raft.server.snapshot.auto.trigger.threshold = 10000 (custom)
2019-10-02 07:48:29,314 [pool-47-thread-1] INFO  server.RaftServerConfigKeys (ConfUtils.java:logGet(43)) - raft.server.snapshot.retention.file.num = 5 (custom)
2019-10-02 07:48:29,314 [pool-47-thread-1] INFO  server.RaftServerConfigKeys (ConfUtils.java:logGet(43)) - raft.server.retrycache.expirytime = 600000ms (custom)
2019-10-02 07:48:29,316 [pool-47-thread-1] INFO  impl.RaftServerImpl (RaftServerImpl.java:start(181)) - 56ea0766-1349-402d-9530-37c87c5c16c1@group-7C05CF146794: start as a follower, conf=-1: [56ea0766-1349-402d-9530-37c87c5c16c1:192.168.164.211:44517], old=null
2019-10-02 07:48:29,316 [pool-47-thread-1] INFO  impl.RaftServerImpl (RaftServerImpl.java:setRole(170)) - 56ea0766-1349-402d-9530-37c87c5c16c1@group-7C05CF146794: changes role from      null to FOLLOWER at term 0 for startAsFollower
2019-10-02 07:48:29,316 [pool-47-thread-1] INFO  impl.RoleInfo (RoleInfo.java:updateAndGet(143)) - 56ea0766-1349-402d-9530-37c87c5c16c1: start FollowerState
2019-10-02 07:48:29,316 [pool-47-thread-1] INFO  util.JmxRegister (JmxRegister.java:tryRegister(44)) - Successfully registered JMX Bean with object name Ratis:service=RaftServer,group=group-7C05CF146794,id=56ea0766-1349-402d-9530-37c87c5c16c1
2019-10-02 07:48:29,331 [RatisPipelineUtilsThread] INFO  pipeline.PipelineStateManager (PipelineStateManager.java:addPipeline(56)) - Created pipeline Pipeline[ Id: d143d2bc-8faa-437c-b879-7c05cf146794, Nodes: 56ea0766-1349-402d-9530-37c87c5c16c1{ip: 192.168.164.211, host: pr-hdds-2227-gdpr-vz6hn-2718222164, networkLocation: /default-rack, certSerialId: null}, Type:RATIS, Factor:ONE, State:OPEN]
2019-10-02 07:48:29,361 [grpc-default-executor-1] INFO  impl.RaftServerProxy (RaftServerProxy.java:addNew(89)) - e7d406ca-211a-4487-9af6-12e67609d01e: addNew group-2650E1CC81E5:[20b15c73-7e36-4f3d-af5d-dcac1c223d80:192.168.164.211:41323, e7d406ca-211a-4487-9af6-12e67609d01e:192.168.164.211:44510, 5769829b-5c7b-4b33-8720-74c1f11a345b:192.168.164.211:43201] returns group-2650E1CC81E5:java.util.concurrent.CompletableFuture@4a1e4899[Not completed]
2019-10-02 07:48:29,361 [grpc-default-executor-2] INFO  impl.RaftServerProxy (RaftServerProxy.java:addNew(89)) - 5769829b-5c7b-4b33-8720-74c1f11a345b: addNew group-2650E1CC81E5:[20b15c73-7e36-4f3d-af5d-dcac1c223d80:192.168.164.211:41323, e7d406ca-211a-4487-9af6-12e67609d01e:192.168.164.211:44510, 5769829b-5c7b-4b33-8720-74c1f11a345b:192.168.164.211:43201] returns group-2650E1CC81E5:java.util.concurrent.CompletableFuture@7a7c61da[Not completed]
2019-10-02 07:48:29,362 [grpc-default-executor-3] INFO  impl.RaftServerProxy (RaftServerProxy.java:addNew(89)) - 20b15c73-7e36-4f3d-af5d-dcac1c223d80: addNew group-2650E1CC81E5:[20b15c73-7e36-4f3d-af5d-dcac1c223d80:192.168.164.211:41323, e7d406ca-211a-4487-9af6-12e67609d01e:192.168.164.211:44510, 5769829b-5c7b-4b33-8720-74c1f11a345b:192.168.164.211:43201] returns group-2650E1CC81E5:java.util.concurrent.CompletableFuture@a6db178[Not completed]
2019-10-02 07:48:29,363 [pool-77-thread-1] INFO  impl.RaftServerImpl (RaftServerImpl.java:<init>(95)) - e7d406ca-211a-4487-9af6-12e67609d01e: new RaftServerImpl for group-2650E1CC81E5:[20b15c73-7e36-4f3d-af5d-dcac1c223d80:192.168.164.211:41323, e7d406ca-211a-4487-9af6-12e67609d01e:192.168.164.211:44510, 5769829b-5c7b-4b33-8720-74c1f11a345b:192.168.164.211:43201] with ContainerStateMachine:uninitialized
2019-10-02 07:48:29,363 [pool-77-thread-1] INFO  server.RaftServerConfigKeys (ConfUtils.java:logGet(43)) - raft.server.rpc.timeout.min = 5s (custom)
2019-10-02 07:48:29,363 [pool-77-thread-1] INFO  server.RaftServerConfigKeys (ConfUtils.java:logGet(43)) - raft.server.rpc.timeout.max = 5200ms (custom)
2019-10-02 07:48:29,363 [pool-77-thread-1] INFO  server.RaftServerConfigKeys (ConfUtils.java:logGet(43)) - raft.server.rpcslowness.timeout = 120s (custom)
2019-10-02 07:48:29,363 [pool-77-thread-1] INFO  server.RaftServerConfigKeys (ConfUtils.java:logGet(43)) - raft.server.sleep.deviation.threshold = 300 (default)
2019-10-02 07:48:29,363 [pool-77-thread-1] INFO  server.RaftServerConfigKeys (ConfUtils.java:logGet(43)) - raft.server.log.appender.install.snapshot.enabled = false (custom)
2019-10-02 07:48:29,363 [pool-67-thread-1] INFO  impl.RaftServerImpl (RaftServerImpl.java:<init>(95)) - 20b15c73-7e36-4f3d-af5d-dcac1c223d80: new RaftServerImpl for group-2650E1CC81E5:[20b15c73-7e36-4f3d-af5d-dcac1c223d80:192.168.164.211:41323, e7d406ca-211a-4487-9af6-12e67609d01e:192.168.164.211:44510, 5769829b-5c7b-4b33-8720-74c1f11a345b:192.168.164.211:43201] with ContainerStateMachine:uninitialized
2019-10-02 07:48:29,364 [pool-77-thread-1] INFO  impl.RaftServerImpl (ServerState.java:<init>(103)) - e7d406ca-211a-4487-9af6-12e67609d01e@group-2650E1CC81E5: ConfigurationManager, init=-1: [20b15c73-7e36-4f3d-af5d-dcac1c223d80:192.168.164.211:41323, e7d406ca-211a-4487-9af6-12e67609d01e:192.168.164.211:44510, 5769829b-5c7b-4b33-8720-74c1f11a345b:192.168.164.211:43201], old=null, confs=<EMPTY_MAP>
2019-10-02 07:48:29,364 [pool-67-thread-1] INFO  server.RaftServerConfigKeys (ConfUtils.java:logGet(43)) - raft.server.rpc.timeout.min = 5s (custom)
2019-10-02 07:48:29,368 [pool-67-thread-1] INFO  server.RaftServerConfigKeys (ConfUtils.java:logGet(43)) - raft.server.rpc.timeout.max = 5200ms (custom)
2019-10-02 07:48:29,369 [pool-77-thread-1] INFO  server.RaftServerConfigKeys (ConfUtils.java:logGet(43)) - raft.server.storage.dir = [/workdir/hadoop-ozone/integration-test/target/test-dir/MiniOzoneClusterImpl-eaaaa650-7a59-4694-95b4-85e6182e2b1b/datanode-5/data/ratis] (custom)
2019-10-02 07:48:29,369 [pool-67-thread-1] INFO  server.RaftServerConfigKeys (ConfUtils.java:logGet(43)) - raft.server.rpcslowness.timeout = 120s (custom)
2019-10-02 07:48:29,369 [pool-67-thread-1] INFO  server.RaftServerConfigKeys (ConfUtils.java:logGet(43)) - raft.server.sleep.deviation.threshold = 300 (default)
2019-10-02 07:48:29,369 [pool-67-thread-1] INFO  server.RaftServerConfigKeys (ConfUtils.java:logGet(43)) - raft.server.log.appender.install.snapshot.enabled = false (custom)
2019-10-02 07:48:29,369 [pool-77-thread-1] INFO  server.RaftServerConfigKeys (ConfUtils.java:logGet(43)) - raft.server.log.corruption.policy = EXCEPTION (default)
2019-10-02 07:48:29,369 [pool-37-thread-1] INFO  impl.RaftServerImpl (RaftServerImpl.java:<init>(95)) - 5769829b-5c7b-4b33-8720-74c1f11a345b: new RaftServerImpl for group-2650E1CC81E5:[20b15c73-7e36-4f3d-af5d-dcac1c223d80:192.168.164.211:41323, e7d406ca-211a-4487-9af6-12e67609d01e:192.168.164.211:44510, 5769829b-5c7b-4b33-8720-74c1f11a345b:192.168.164.211:43201] with ContainerStateMachine:uninitialized
2019-10-02 07:48:29,369 [pool-67-thread-1] INFO  impl.RaftServerImpl (ServerState.java:<init>(103)) - 20b15c73-7e36-4f3d-af5d-dcac1c223d80@group-2650E1CC81E5: ConfigurationManager, init=-1: [20b15c73-7e36-4f3d-af5d-dcac1c223d80:192.168.164.211:41323, e7d406ca-211a-4487-9af6-12e67609d01e:192.168.164.211:44510, 5769829b-5c7b-4b33-8720-74c1f11a345b:192.168.164.211:43201], old=null, confs=<EMPTY_MAP>
2019-10-02 07:48:29,370 [pool-37-thread-1] INFO  server.RaftServerConfigKeys (ConfUtils.java:logGet(43)) - raft.server.rpc.timeout.min = 5s (custom)
2019-10-02 07:48:29,369 [pool-77-thread-1] INFO  storage.RaftStorageDirectory (RaftStorageDirectory.java:analyzeStorage(246)) - The storage directory /workdir/hadoop-ozone/integration-test/target/test-dir/MiniOzoneClusterImpl-eaaaa650-7a59-4694-95b4-85e6182e2b1b/datanode-5/data/ratis/c468c0b3-f98a-4cbe-a67d-2650e1cc81e5 does not exist. Creating ...
2019-10-02 07:48:29,370 [pool-37-thread-1] INFO  server.RaftServerConfigKeys (ConfUtils.java:logGet(43)) - raft.server.rpc.timeout.max = 5200ms (custom)
2019-10-02 07:48:29,370 [pool-67-thread-1] INFO  server.RaftServerConfigKeys (ConfUtils.java:logGet(43)) - raft.server.storage.dir = [/workdir/hadoop-ozone/integration-test/target/test-dir/MiniOzoneClusterImpl-eaaaa650-7a59-4694-95b4-85e6182e2b1b/datanode-4/data/ratis] (custom)
2019-10-02 07:48:29,370 [pool-37-thread-1] INFO  server.RaftServerConfigKeys (ConfUtils.java:logGet(43)) - raft.server.rpcslowness.timeout = 120s (custom)
2019-10-02 07:48:29,370 [pool-37-thread-1] INFO  server.RaftServerConfigKeys (ConfUtils.java:logGet(43)) - raft.server.sleep.deviation.threshold = 300 (default)
2019-10-02 07:48:29,370 [pool-67-thread-1] INFO  server.RaftServerConfigKeys (ConfUtils.java:logGet(43)) - raft.server.log.corruption.policy = EXCEPTION (default)
2019-10-02 07:48:29,370 [pool-37-thread-1] INFO  server.RaftServerConfigKeys (ConfUtils.java:logGet(43)) - raft.server.log.appender.install.snapshot.enabled = false (custom)
2019-10-02 07:48:29,370 [pool-67-thread-1] INFO  storage.RaftStorageDirectory (RaftStorageDirectory.java:analyzeStorage(246)) - The storage directory /workdir/hadoop-ozone/integration-test/target/test-dir/MiniOzoneClusterImpl-eaaaa650-7a59-4694-95b4-85e6182e2b1b/datanode-4/data/ratis/c468c0b3-f98a-4cbe-a67d-2650e1cc81e5 does not exist. Creating ...
2019-10-02 07:48:29,370 [pool-37-thread-1] INFO  impl.RaftServerImpl (ServerState.java:<init>(103)) - 5769829b-5c7b-4b33-8720-74c1f11a345b@group-2650E1CC81E5: ConfigurationManager, init=-1: [20b15c73-7e36-4f3d-af5d-dcac1c223d80:192.168.164.211:41323, e7d406ca-211a-4487-9af6-12e67609d01e:192.168.164.211:44510, 5769829b-5c7b-4b33-8720-74c1f11a345b:192.168.164.211:43201], old=null, confs=<EMPTY_MAP>
2019-10-02 07:48:29,370 [pool-37-thread-1] INFO  server.RaftServerConfigKeys (ConfUtils.java:logGet(43)) - raft.server.storage.dir = [/workdir/hadoop-ozone/integration-test/target/test-dir/MiniOzoneClusterImpl-eaaaa650-7a59-4694-95b4-85e6182e2b1b/datanode-1/data/ratis] (custom)
2019-10-02 07:48:29,371 [pool-37-thread-1] INFO  server.RaftServerConfigKeys (ConfUtils.java:logGet(43)) - raft.server.log.corruption.policy = EXCEPTION (default)
2019-10-02 07:48:29,371 [pool-37-thread-1] INFO  storage.RaftStorageDirectory (RaftStorageDirectory.java:analyzeStorage(246)) - The storage directory /workdir/hadoop-ozone/integration-test/target/test-dir/MiniOzoneClusterImpl-eaaaa650-7a59-4694-95b4-85e6182e2b1b/datanode-1/data/ratis/c468c0b3-f98a-4cbe-a67d-2650e1cc81e5 does not exist. Creating ...
2019-10-02 07:48:29,394 [pool-67-thread-1] INFO  storage.RaftStorageDirectory (RaftStorageDirectory.java:tryLock(328)) - Lock on /workdir/hadoop-ozone/integration-test/target/test-dir/MiniOzoneClusterImpl-eaaaa650-7a59-4694-95b4-85e6182e2b1b/datanode-4/data/ratis/c468c0b3-f98a-4cbe-a67d-2650e1cc81e5/in_use.lock acquired by nodename 2838@pr-hdds-2227-gdpr-vz6hn-2718222164
2019-10-02 07:48:29,394 [pool-77-thread-1] INFO  storage.RaftStorageDirectory (RaftStorageDirectory.java:tryLock(328)) - Lock on /workdir/hadoop-ozone/integration-test/target/test-dir/MiniOzoneClusterImpl-eaaaa650-7a59-4694-95b4-85e6182e2b1b/datanode-5/data/ratis/c468c0b3-f98a-4cbe-a67d-2650e1cc81e5/in_use.lock acquired by nodename 2838@pr-hdds-2227-gdpr-vz6hn-2718222164
2019-10-02 07:48:29,394 [pool-37-thread-1] INFO  storage.RaftStorageDirectory (RaftStorageDirectory.java:tryLock(328)) - Lock on /workdir/hadoop-ozone/integration-test/target/test-dir/MiniOzoneClusterImpl-eaaaa650-7a59-4694-95b4-85e6182e2b1b/datanode-1/data/ratis/c468c0b3-f98a-4cbe-a67d-2650e1cc81e5/in_use.lock acquired by nodename 2838@pr-hdds-2227-gdpr-vz6hn-2718222164
2019-10-02 07:48:29,419 [pool-77-thread-1] INFO  storage.RaftStorage (RaftStorage.java:format(84)) - Storage directory /workdir/hadoop-ozone/integration-test/target/test-dir/MiniOzoneClusterImpl-eaaaa650-7a59-4694-95b4-85e6182e2b1b/datanode-5/data/ratis/c468c0b3-f98a-4cbe-a67d-2650e1cc81e5 has been successfully formatted.
2019-10-02 07:48:29,419 [pool-67-thread-1] INFO  storage.RaftStorage (RaftStorage.java:format(84)) - Storage directory /workdir/hadoop-ozone/integration-test/target/test-dir/MiniOzoneClusterImpl-eaaaa650-7a59-4694-95b4-85e6182e2b1b/datanode-4/data/ratis/c468c0b3-f98a-4cbe-a67d-2650e1cc81e5 has been successfully formatted.
2019-10-02 07:48:29,419 [pool-37-thread-1] INFO  storage.RaftStorage (RaftStorage.java:format(84)) - Storage directory /workdir/hadoop-ozone/integration-test/target/test-dir/MiniOzoneClusterImpl-eaaaa650-7a59-4694-95b4-85e6182e2b1b/datanode-1/data/ratis/c468c0b3-f98a-4cbe-a67d-2650e1cc81e5 has been successfully formatted.
2019-10-02 07:48:29,419 [pool-77-thread-1] INFO  ratis.ContainerStateMachine (ContainerStateMachine.java:loadSnapshot(230)) - group-2650E1CC81E5: The snapshot info is null. Setting the last applied indexto:(t:0, i:~)
2019-10-02 07:48:29,420 [pool-67-thread-1] INFO  ratis.ContainerStateMachine (ContainerStateMachine.java:loadSnapshot(230)) - group-2650E1CC81E5: The snapshot info is null. Setting the last applied indexto:(t:0, i:~)
2019-10-02 07:48:29,420 [pool-77-thread-1] INFO  server.RaftServerConfigKeys (ConfUtils.java:logGet(43)) - raft.server.notification.no-leader.timeout = 120s (custom)
2019-10-02 07:48:29,420 [pool-37-thread-1] INFO  ratis.ContainerStateMachine (ContainerStateMachine.java:loadSnapshot(230)) - group-2650E1CC81E5: The snapshot info is null. Setting the last applied indexto:(t:0, i:~)
2019-10-02 07:48:29,420 [pool-77-thread-1] INFO  server.RaftServerConfigKeys (ConfUtils.java:logGet(43)) - raft.server.log.use.memory = false (default)
2019-10-02 07:48:29,420 [pool-67-thread-1] INFO  server.RaftServerConfigKeys (ConfUtils.java:logGet(43)) - raft.server.notification.no-leader.timeout = 120s (custom)
2019-10-02 07:48:29,420 [pool-77-thread-1] INFO  server.RaftServerConfigKeys (ConfUtils.java:logGet(43)) - raft.server.log.purge.gap = 1000000 (custom)
2019-10-02 07:48:29,420 [pool-37-thread-1] INFO  server.RaftServerConfigKeys (ConfUtils.java:logGet(43)) - raft.server.notification.no-leader.timeout = 120s (custom)
2019-10-02 07:48:29,420 [pool-77-thread-1] INFO  server.RaftServerConfigKeys (ConfUtils.java:logGet(43)) - raft.server.log.appender.buffer.byte-limit = 33554432 (custom)
2019-10-02 07:48:29,420 [pool-67-thread-1] INFO  server.RaftServerConfigKeys (ConfUtils.java:logGet(43)) - raft.server.log.use.memory = false (default)
2019-10-02 07:48:29,421 [pool-77-thread-1] INFO  server.RaftServerConfigKeys (ConfUtils.java:logGet(43)) - raft.server.log.segment.size.max = 1048576 (custom)
2019-10-02 07:48:29,420 [pool-37-thread-1] INFO  server.RaftServerConfigKeys (ConfUtils.java:logGet(43)) - raft.server.log.use.memory = false (default)
2019-10-02 07:48:29,421 [pool-77-thread-1] INFO  server.RaftServerConfigKeys (ConfUtils.java:logGet(43)) - raft.server.log.segment.cache.num.max = 2 (custom)
2019-10-02 07:48:29,421 [pool-67-thread-1] INFO  server.RaftServerConfigKeys (ConfUtils.java:logGet(43)) - raft.server.log.purge.gap = 1000000 (custom)
2019-10-02 07:48:29,421 [pool-77-thread-1] INFO  segmented.SegmentedRaftLogWorker (SegmentedRaftLogWorker.java:<init>(173)) - new e7d406ca-211a-4487-9af6-12e67609d01e@group-2650E1CC81E5-SegmentedRaftLogWorker for RaftStorage:Storage Directory /workdir/hadoop-ozone/integration-test/target/test-dir/MiniOzoneClusterImpl-eaaaa650-7a59-4694-95b4-85e6182e2b1b/datanode-5/data/ratis/c468c0b3-f98a-4cbe-a67d-2650e1cc81e5
2019-10-02 07:48:29,421 [pool-37-thread-1] INFO  server.RaftServerConfigKeys (ConfUtils.java:logGet(43)) - raft.server.log.purge.gap = 1000000 (custom)
2019-10-02 07:48:29,421 [pool-77-thread-1] INFO  server.RaftServerConfigKeys (ConfUtils.java:logGet(43)) - raft.server.log.queue.byte-limit = 2147483647 (custom)
2019-10-02 07:48:29,421 [pool-67-thread-1] INFO  server.RaftServerConfigKeys (ConfUtils.java:logGet(43)) - raft.server.log.appender.buffer.byte-limit = 33554432 (custom)
2019-10-02 07:48:29,422 [pool-77-thread-1] INFO  server.RaftServerConfigKeys (ConfUtils.java:logGet(43)) - raft.server.log.queue.element-limit = 1024 (custom)
2019-10-02 07:48:29,421 [pool-37-thread-1] INFO  server.RaftServerConfigKeys (ConfUtils.java:logGet(43)) - raft.server.log.appender.buffer.byte-limit = 33554432 (custom)
2019-10-02 07:48:29,422 [pool-77-thread-1] INFO  server.RaftServerConfigKeys (ConfUtils.java:logGet(43)) - raft.server.log.segment.size.max = 1048576 (custom)
2019-10-02 07:48:29,422 [pool-67-thread-1] INFO  server.RaftServerConfigKeys (ConfUtils.java:logGet(43)) - raft.server.log.segment.size.max = 1048576 (custom)
2019-10-02 07:48:29,422 [pool-77-thread-1] INFO  server.RaftServerConfigKeys (ConfUtils.java:logGet(43)) - raft.server.log.preallocated.size = 16384 (custom)
2019-10-02 07:48:29,422 [pool-37-thread-1] INFO  server.RaftServerConfigKeys (ConfUtils.java:logGet(43)) - raft.server.log.segment.size.max = 1048576 (custom)
2019-10-02 07:48:29,422 [pool-77-thread-1] INFO  server.RaftServerConfigKeys (ConfUtils.java:logGet(43)) - raft.server.log.write.buffer.size = 33554432 (custom)
2019-10-02 07:48:29,422 [pool-67-thread-1] INFO  server.RaftServerConfigKeys (ConfUtils.java:logGet(43)) - raft.server.log.segment.cache.num.max = 2 (custom)
2019-10-02 07:48:29,422 [pool-77-thread-1] INFO  server.RaftServerConfigKeys (ConfUtils.java:logGet(43)) - raft.server.log.force.sync.num = 128 (default)
2019-10-02 07:48:29,422 [pool-37-thread-1] INFO  server.RaftServerConfigKeys (ConfUtils.java:logGet(43)) - raft.server.log.segment.cache.num.max = 2 (custom)
2019-10-02 07:48:29,423 [pool-77-thread-1] INFO  server.RaftServerConfigKeys (ConfUtils.java:logGet(43)) - raft.server.log.statemachine.data.sync = true (default)
2019-10-02 07:48:29,423 [pool-67-thread-1] INFO  segmented.SegmentedRaftLogWorker (SegmentedRaftLogWorker.java:<init>(173)) - new 20b15c73-7e36-4f3d-af5d-dcac1c223d80@group-2650E1CC81E5-SegmentedRaftLogWorker for RaftStorage:Storage Directory /workdir/hadoop-ozone/integration-test/target/test-dir/MiniOzoneClusterImpl-eaaaa650-7a59-4694-95b4-85e6182e2b1b/datanode-4/data/ratis/c468c0b3-f98a-4cbe-a67d-2650e1cc81e5
2019-10-02 07:48:29,423 [pool-77-thread-1] INFO  server.RaftServerConfigKeys (ConfUtils.java:logGet(43)) - raft.server.log.statemachine.data.sync.timeout = 10s (default)
2019-10-02 07:48:29,423 [pool-37-thread-1] INFO  segmented.SegmentedRaftLogWorker (SegmentedRaftLogWorker.java:<init>(173)) - new 5769829b-5c7b-4b33-8720-74c1f11a345b@group-2650E1CC81E5-SegmentedRaftLogWorker for RaftStorage:Storage Directory /workdir/hadoop-ozone/integration-test/target/test-dir/MiniOzoneClusterImpl-eaaaa650-7a59-4694-95b4-85e6182e2b1b/datanode-1/data/ratis/c468c0b3-f98a-4cbe-a67d-2650e1cc81e5
2019-10-02 07:48:29,423 [pool-77-thread-1] INFO  server.RaftServerConfigKeys (ConfUtils.java:logGet(43)) - raft.server.log.statemachine.data.sync.timeout.retry = -1 (default)
2019-10-02 07:48:29,423 [pool-67-thread-1] INFO  server.RaftServerConfigKeys (ConfUtils.java:logGet(43)) - raft.server.log.queue.byte-limit = 2147483647 (custom)
2019-10-02 07:48:29,423 [pool-37-thread-1] INFO  server.RaftServerConfigKeys (ConfUtils.java:logGet(43)) - raft.server.log.queue.byte-limit = 2147483647 (custom)
2019-10-02 07:48:29,424 [pool-77-thread-1] INFO  server.RaftServerConfigKeys (ConfUtils.java:logGet(43)) - raft.server.log.statemachine.data.caching.enabled = true (custom)
2019-10-02 07:48:29,424 [pool-67-thread-1] INFO  server.RaftServerConfigKeys (ConfUtils.java:logGet(43)) - raft.server.log.queue.element-limit = 1024 (custom)
2019-10-02 07:48:29,424 [pool-37-thread-1] INFO  server.RaftServerConfigKeys (ConfUtils.java:logGet(43)) - raft.server.log.queue.element-limit = 1024 (custom)
2019-10-02 07:48:29,424 [pool-67-thread-1] INFO  server.RaftServerConfigKeys (ConfUtils.java:logGet(43)) - raft.server.log.segment.size.max = 1048576 (custom)
2019-10-02 07:48:29,424 [pool-77-thread-1] INFO  segmented.SegmentedRaftLogWorker (SegmentedRaftLogWorker.java:lambda$new$0(128)) - e7d406ca-211a-4487-9af6-12e67609d01e@group-2650E1CC81E5-SegmentedRaftLogWorker: flushIndex: setUnconditionally 0 -> -1
2019-10-02 07:48:29,424 [pool-37-thread-1] INFO  server.RaftServerConfigKeys (ConfUtils.java:logGet(43)) - raft.server.log.segment.size.max = 1048576 (custom)
2019-10-02 07:48:29,424 [pool-67-thread-1] INFO  server.RaftServerConfigKeys (ConfUtils.java:logGet(43)) - raft.server.log.preallocated.size = 16384 (custom)
2019-10-02 07:48:29,424 [pool-77-thread-1] INFO  server.RaftServerConfigKeys (ConfUtils.java:logGet(43)) - raft.server.snapshot.auto.trigger.enabled = true (custom)
2019-10-02 07:48:29,424 [pool-37-thread-1] INFO  server.RaftServerConfigKeys (ConfUtils.java:logGet(43)) - raft.server.log.preallocated.size = 16384 (custom)
2019-10-02 07:48:29,425 [pool-77-thread-1] INFO  server.RaftServerConfigKeys (ConfUtils.java:logGet(43)) - raft.server.snapshot.auto.trigger.threshold = 10000 (custom)
2019-10-02 07:48:29,424 [pool-67-thread-1] INFO  server.RaftServerConfigKeys (ConfUtils.java:logGet(43)) - raft.server.log.write.buffer.size = 33554432 (custom)
2019-10-02 07:48:29,425 [pool-77-thread-1] INFO  server.RaftServerConfigKeys (ConfUtils.java:logGet(43)) - raft.server.snapshot.retention.file.num = 5 (custom)
2019-10-02 07:48:29,425 [pool-37-thread-1] INFO  server.RaftServerConfigKeys (ConfUtils.java:logGet(43)) - raft.server.log.write.buffer.size = 33554432 (custom)
2019-10-02 07:48:29,425 [pool-77-thread-1] INFO  server.RaftServerConfigKeys (ConfUtils.java:logGet(43)) - raft.server.retrycache.expirytime = 600000ms (custom)
2019-10-02 07:48:29,425 [pool-67-thread-1] INFO  server.RaftServerConfigKeys (ConfUtils.java:logGet(43)) - raft.server.log.force.sync.num = 128 (default)
2019-10-02 07:48:29,425 [pool-37-thread-1] INFO  server.RaftServerConfigKeys (ConfUtils.java:logGet(43)) - raft.server.log.force.sync.num = 128 (default)
2019-10-02 07:48:29,425 [pool-67-thread-1] INFO  server.RaftServerConfigKeys (ConfUtils.java:logGet(43)) - raft.server.log.statemachine.data.sync = true (default)
2019-10-02 07:48:29,425 [pool-37-thread-1] INFO  server.RaftServerConfigKeys (ConfUtils.java:logGet(43)) - raft.server.log.statemachine.data.sync = true (default)
2019-10-02 07:48:29,426 [pool-67-thread-1] INFO  server.RaftServerConfigKeys (ConfUtils.java:logGet(43)) - raft.server.log.statemachine.data.sync.timeout = 10s (default)
2019-10-02 07:48:29,426 [pool-37-thread-1] INFO  server.RaftServerConfigKeys (ConfUtils.java:logGet(43)) - raft.server.log.statemachine.data.sync.timeout = 10s (default)
2019-10-02 07:48:29,426 [pool-67-thread-1] INFO  server.RaftServerConfigKeys (ConfUtils.java:logGet(43)) - raft.server.log.statemachine.data.sync.timeout.retry = -1 (default)
2019-10-02 07:48:29,426 [pool-37-thread-1] INFO  server.RaftServerConfigKeys (ConfUtils.java:logGet(43)) - raft.server.log.statemachine.data.sync.timeout.retry = -1 (default)
2019-10-02 07:48:29,426 [pool-67-thread-1] INFO  server.RaftServerConfigKeys (ConfUtils.java:logGet(43)) - raft.server.log.statemachine.data.caching.enabled = true (custom)
2019-10-02 07:48:29,426 [pool-37-thread-1] INFO  server.RaftServerConfigKeys (ConfUtils.java:logGet(43)) - raft.server.log.statemachine.data.caching.enabled = true (custom)
2019-10-02 07:48:29,426 [pool-67-thread-1] INFO  segmented.SegmentedRaftLogWorker (SegmentedRaftLogWorker.java:lambda$new$0(128)) - 20b15c73-7e36-4f3d-af5d-dcac1c223d80@group-2650E1CC81E5-SegmentedRaftLogWorker: flushIndex: setUnconditionally 0 -> -1
2019-10-02 07:48:29,427 [pool-37-thread-1] INFO  segmented.SegmentedRaftLogWorker (SegmentedRaftLogWorker.java:lambda$new$0(128)) - 5769829b-5c7b-4b33-8720-74c1f11a345b@group-2650E1CC81E5-SegmentedRaftLogWorker: flushIndex: setUnconditionally 0 -> -1
2019-10-02 07:48:29,427 [pool-67-thread-1] INFO  server.RaftServerConfigKeys (ConfUtils.java:logGet(43)) - raft.server.snapshot.auto.trigger.enabled = true (custom)
2019-10-02 07:48:29,427 [pool-67-thread-1] INFO  server.RaftServerConfigKeys (ConfUtils.java:logGet(43)) - raft.server.snapshot.auto.trigger.threshold = 10000 (custom)
2019-10-02 07:48:29,427 [pool-37-thread-1] INFO  server.RaftServerConfigKeys (ConfUtils.java:logGet(43)) - raft.server.snapshot.auto.trigger.enabled = true (custom)
2019-10-02 07:48:29,427 [pool-67-thread-1] INFO  server.RaftServerConfigKeys (ConfUtils.java:logGet(43)) - raft.server.snapshot.retention.file.num = 5 (custom)
2019-10-02 07:48:29,427 [pool-37-thread-1] INFO  server.RaftServerConfigKeys (ConfUtils.java:logGet(43)) - raft.server.snapshot.auto.trigger.threshold = 10000 (custom)
2019-10-02 07:48:29,427 [pool-67-thread-1] INFO  server.RaftServerConfigKeys (ConfUtils.java:logGet(43)) - raft.server.retrycache.expirytime = 600000ms (custom)
2019-10-02 07:48:29,427 [pool-37-thread-1] INFO  server.RaftServerConfigKeys (ConfUtils.java:logGet(43)) - raft.server.snapshot.retention.file.num = 5 (custom)
2019-10-02 07:48:29,427 [pool-37-thread-1] INFO  server.RaftServerConfigKeys (ConfUtils.java:logGet(43)) - raft.server.retrycache.expirytime = 600000ms (custom)
2019-10-02 07:48:29,430 [pool-77-thread-1] INFO  impl.RaftServerImpl (RaftServerImpl.java:start(181)) - e7d406ca-211a-4487-9af6-12e67609d01e@group-2650E1CC81E5: start as a follower, conf=-1: [20b15c73-7e36-4f3d-af5d-dcac1c223d80:192.168.164.211:41323, e7d406ca-211a-4487-9af6-12e67609d01e:192.168.164.211:44510, 5769829b-5c7b-4b33-8720-74c1f11a345b:192.168.164.211:43201], old=null
2019-10-02 07:48:29,430 [pool-77-thread-1] INFO  impl.RaftServerImpl (RaftServerImpl.java:setRole(170)) - e7d406ca-211a-4487-9af6-12e67609d01e@group-2650E1CC81E5: changes role from      null to FOLLOWER at term 0 for startAsFollower
2019-10-02 07:48:29,431 [pool-77-thread-1] INFO  impl.RoleInfo (RoleInfo.java:updateAndGet(143)) - e7d406ca-211a-4487-9af6-12e67609d01e: start FollowerState
2019-10-02 07:48:29,431 [pool-67-thread-1] INFO  impl.RaftServerImpl (RaftServerImpl.java:start(181)) - 20b15c73-7e36-4f3d-af5d-dcac1c223d80@group-2650E1CC81E5: start as a follower, conf=-1: [20b15c73-7e36-4f3d-af5d-dcac1c223d80:192.168.164.211:41323, e7d406ca-211a-4487-9af6-12e67609d01e:192.168.164.211:44510, 5769829b-5c7b-4b33-8720-74c1f11a345b:192.168.164.211:43201], old=null
2019-10-02 07:48:29,431 [pool-67-thread-1] INFO  impl.RaftServerImpl (RaftServerImpl.java:setRole(170)) - 20b15c73-7e36-4f3d-af5d-dcac1c223d80@group-2650E1CC81E5: changes role from      null to FOLLOWER at term 0 for startAsFollower
2019-10-02 07:48:29,431 [pool-67-thread-1] INFO  impl.RoleInfo (RoleInfo.java:updateAndGet(143)) - 20b15c73-7e36-4f3d-af5d-dcac1c223d80: start FollowerState
2019-10-02 07:48:29,431 [pool-37-thread-1] INFO  impl.RaftServerImpl (RaftServerImpl.java:start(181)) - 5769829b-5c7b-4b33-8720-74c1f11a345b@group-2650E1CC81E5: start as a follower, conf=-1: [20b15c73-7e36-4f3d-af5d-dcac1c223d80:192.168.164.211:41323, e7d406ca-211a-4487-9af6-12e67609d01e:192.168.164.211:44510, 5769829b-5c7b-4b33-8720-74c1f11a345b:192.168.164.211:43201], old=null
2019-10-02 07:48:29,431 [pool-37-thread-1] INFO  impl.RaftServerImpl (RaftServerImpl.java:setRole(170)) - 5769829b-5c7b-4b33-8720-74c1f11a345b@group-2650E1CC81E5: changes role from      null to FOLLOWER at term 0 for startAsFollower
2019-10-02 07:48:29,431 [pool-77-thread-1] INFO  util.JmxRegister (JmxRegister.java:tryRegister(44)) - Successfully registered JMX Bean with object name Ratis:service=RaftServer,group=group-2650E1CC81E5,id=e7d406ca-211a-4487-9af6-12e67609d01e
2019-10-02 07:48:29,431 [pool-37-thread-1] INFO  impl.RoleInfo (RoleInfo.java:updateAndGet(143)) - 5769829b-5c7b-4b33-8720-74c1f11a345b: start FollowerState
2019-10-02 07:48:29,431 [pool-67-thread-1] INFO  util.JmxRegister (JmxRegister.java:tryRegister(44)) - Successfully registered JMX Bean with object name Ratis:service=RaftServer,group=group-2650E1CC81E5,id=20b15c73-7e36-4f3d-af5d-dcac1c223d80
2019-10-02 07:48:29,432 [pool-37-thread-1] INFO  util.JmxRegister (JmxRegister.java:tryRegister(44)) - Successfully registered JMX Bean with object name Ratis:service=RaftServer,group=group-2650E1CC81E5,id=5769829b-5c7b-4b33-8720-74c1f11a345b
2019-10-02 07:48:29,450 [RatisPipelineUtilsThread] INFO  pipeline.PipelineStateManager (PipelineStateManager.java:addPipeline(56)) - Created pipeline Pipeline[ Id: c468c0b3-f98a-4cbe-a67d-2650e1cc81e5, Nodes: e7d406ca-211a-4487-9af6-12e67609d01e{ip: 192.168.164.211, host: pr-hdds-2227-gdpr-vz6hn-2718222164, networkLocation: /default-rack, certSerialId: null}5769829b-5c7b-4b33-8720-74c1f11a345b{ip: 192.168.164.211, host: pr-hdds-2227-gdpr-vz6hn-2718222164, networkLocation: /default-rack, certSerialId: null}20b15c73-7e36-4f3d-af5d-dcac1c223d80{ip: 192.168.164.211, host: pr-hdds-2227-gdpr-vz6hn-2718222164, networkLocation: /default-rack, certSerialId: null}, Type:RATIS, Factor:THREE, State:OPEN]
2019-10-02 07:48:29,461 [main] INFO  ozone.MiniOzoneClusterImpl (MiniOzoneClusterImpl.java:lambda$waitForClusterToBeReady$0(147)) - Cluster is ready. Got 7 of 7 DN Heartbeats.
2019-10-02 07:48:29,485 [grpc-default-executor-3] INFO  impl.RaftServerProxy (RaftServerProxy.java:addNew(89)) - 40678547-ebf5-4c5e-be30-9f61598efabe: addNew group-5D63B776816D:[40678547-ebf5-4c5e-be30-9f61598efabe:192.168.164.211:33949, 59af106e-d8c8-4b7a-839e-06f3cb270bf5:192.168.164.211:45332, b57445c0-33a9-4c70-9e00-cba4e4b039b5:192.168.164.211:41677] returns group-5D63B776816D:java.util.concurrent.CompletableFuture@4b50bb43[Not completed]
2019-10-02 07:48:29,490 [grpc-default-executor-3] INFO  impl.RaftServerProxy (RaftServerProxy.java:addNew(89)) - 59af106e-d8c8-4b7a-839e-06f3cb270bf5: addNew group-5D63B776816D:[40678547-ebf5-4c5e-be30-9f61598efabe:192.168.164.211:33949, 59af106e-d8c8-4b7a-839e-06f3cb270bf5:192.168.164.211:45332, b57445c0-33a9-4c70-9e00-cba4e4b039b5:192.168.164.211:41677] returns group-5D63B776816D:java.util.concurrent.CompletableFuture@1dd05303[Not completed]
2019-10-02 07:48:29,492 [pool-87-thread-1] INFO  impl.RaftServerImpl (RaftServerImpl.java:<init>(95)) - 40678547-ebf5-4c5e-be30-9f61598efabe: new RaftServerImpl for group-5D63B776816D:[40678547-ebf5-4c5e-be30-9f61598efabe:192.168.164.211:33949, 59af106e-d8c8-4b7a-839e-06f3cb270bf5:192.168.164.211:45332, b57445c0-33a9-4c70-9e00-cba4e4b039b5:192.168.164.211:41677] with ContainerStateMachine:uninitialized
2019-10-02 07:48:29,492 [pool-87-thread-1] INFO  server.RaftServerConfigKeys (ConfUtils.java:logGet(43)) - raft.server.rpc.timeout.min = 5s (custom)
2019-10-02 07:48:29,492 [pool-87-thread-1] INFO  server.RaftServerConfigKeys (ConfUtils.java:logGet(43)) - raft.server.rpc.timeout.max = 5200ms (custom)
2019-10-02 07:48:29,492 [grpc-default-executor-3] INFO  impl.RaftServerProxy (RaftServerProxy.java:addNew(89)) - b57445c0-33a9-4c70-9e00-cba4e4b039b5: addNew group-5D63B776816D:[40678547-ebf5-4c5e-be30-9f61598efabe:192.168.164.211:33949, 59af106e-d8c8-4b7a-839e-06f3cb270bf5:192.168.164.211:45332, b57445c0-33a9-4c70-9e00-cba4e4b039b5:192.168.164.211:41677] returns group-5D63B776816D:java.util.concurrent.CompletableFuture@7a51d7b0[Not completed]
2019-10-02 07:48:29,493 [pool-87-thread-1] INFO  server.RaftServerConfigKeys (ConfUtils.java:logGet(43)) - raft.server.rpcslowness.timeout = 120s (custom)
2019-10-02 07:48:29,493 [pool-57-thread-1] INFO  impl.RaftServerImpl (RaftServerImpl.java:<init>(95)) - 59af106e-d8c8-4b7a-839e-06f3cb270bf5: new RaftServerImpl for group-5D63B776816D:[40678547-ebf5-4c5e-be30-9f61598efabe:192.168.164.211:33949, 59af106e-d8c8-4b7a-839e-06f3cb270bf5:192.168.164.211:45332, b57445c0-33a9-4c70-9e00-cba4e4b039b5:192.168.164.211:41677] with ContainerStateMachine:uninitialized
2019-10-02 07:48:29,493 [pool-87-thread-1] INFO  server.RaftServerConfigKeys (ConfUtils.java:logGet(43)) - raft.server.sleep.deviation.threshold = 300 (default)
2019-10-02 07:48:29,493 [pool-57-thread-1] INFO  server.RaftServerConfigKeys (ConfUtils.java:logGet(43)) - raft.server.rpc.timeout.min = 5s (custom)
2019-10-02 07:48:29,493 [pool-87-thread-1] INFO  server.RaftServerConfigKeys (ConfUtils.java:logGet(43)) - raft.server.log.appender.install.snapshot.enabled = false (custom)
2019-10-02 07:48:29,493 [pool-57-thread-1] INFO  server.RaftServerConfigKeys (ConfUtils.java:logGet(43)) - raft.server.rpc.timeout.max = 5200ms (custom)
2019-10-02 07:48:29,493 [pool-87-thread-1] INFO  impl.RaftServerImpl (ServerState.java:<init>(103)) - 40678547-ebf5-4c5e-be30-9f61598efabe@group-5D63B776816D: ConfigurationManager, init=-1: [40678547-ebf5-4c5e-be30-9f61598efabe:192.168.164.211:33949, 59af106e-d8c8-4b7a-839e-06f3cb270bf5:192.168.164.211:45332, b57445c0-33a9-4c70-9e00-cba4e4b039b5:192.168.164.211:41677], old=null, confs=<EMPTY_MAP>
2019-10-02 07:48:29,494 [pool-27-thread-1] INFO  impl.RaftServerImpl (RaftServerImpl.java:<init>(95)) - b57445c0-33a9-4c70-9e00-cba4e4b039b5: new RaftServerImpl for group-5D63B776816D:[40678547-ebf5-4c5e-be30-9f61598efabe:192.168.164.211:33949, 59af106e-d8c8-4b7a-839e-06f3cb270bf5:192.168.164.211:45332, b57445c0-33a9-4c70-9e00-cba4e4b039b5:192.168.164.211:41677] with ContainerStateMachine:uninitialized
2019-10-02 07:48:29,493 [pool-57-thread-1] INFO  server.RaftServerConfigKeys (ConfUtils.java:logGet(43)) - raft.server.rpcslowness.timeout = 120s (custom)
2019-10-02 07:48:29,494 [pool-87-thread-1] INFO  server.RaftServerConfigKeys (ConfUtils.java:logGet(43)) - raft.server.storage.dir = [/workdir/hadoop-ozone/integration-test/target/test-dir/MiniOzoneClusterImpl-eaaaa650-7a59-4694-95b4-85e6182e2b1b/datanode-6/data/ratis] (custom)
2019-10-02 07:48:29,494 [pool-27-thread-1] INFO  server.RaftServerConfigKeys (ConfUtils.java:logGet(43)) - raft.server.rpc.timeout.min = 5s (custom)
2019-10-02 07:48:29,494 [pool-57-thread-1] INFO  server.RaftServerConfigKeys (ConfUtils.java:logGet(43)) - raft.server.sleep.deviation.threshold = 300 (default)
2019-10-02 07:48:29,494 [pool-27-thread-1] INFO  server.RaftServerConfigKeys (ConfUtils.java:logGet(43)) - raft.server.rpc.timeout.max = 5200ms (custom)
2019-10-02 07:48:29,494 [pool-87-thread-1] INFO  server.RaftServerConfigKeys (ConfUtils.java:logGet(43)) - raft.server.log.corruption.policy = EXCEPTION (default)
2019-10-02 07:48:29,494 [pool-57-thread-1] INFO  server.RaftServerConfigKeys (ConfUtils.java:logGet(43)) - raft.server.log.appender.install.snapshot.enabled = false (custom)
2019-10-02 07:48:29,494 [pool-27-thread-1] INFO  server.RaftServerConfigKeys (ConfUtils.java:logGet(43)) - raft.server.rpcslowness.timeout = 120s (custom)
2019-10-02 07:48:29,494 [pool-57-thread-1] INFO  impl.RaftServerImpl (ServerState.java:<init>(103)) - 59af106e-d8c8-4b7a-839e-06f3cb270bf5@group-5D63B776816D: ConfigurationManager, init=-1: [40678547-ebf5-4c5e-be30-9f61598efabe:192.168.164.211:33949, 59af106e-d8c8-4b7a-839e-06f3cb270bf5:192.168.164.211:45332, b57445c0-33a9-4c70-9e00-cba4e4b039b5:192.168.164.211:41677], old=null, confs=<EMPTY_MAP>
2019-10-02 07:48:29,494 [pool-87-thread-1] INFO  storage.RaftStorageDirectory (RaftStorageDirectory.java:analyzeStorage(246)) - The storage directory /workdir/hadoop-ozone/integration-test/target/test-dir/MiniOzoneClusterImpl-eaaaa650-7a59-4694-95b4-85e6182e2b1b/datanode-6/data/ratis/eeff5108-90e5-421b-89d7-5d63b776816d does not exist. Creating ...
2019-10-02 07:48:29,495 [pool-57-thread-1] INFO  server.RaftServerConfigKeys (ConfUtils.java:logGet(43)) - raft.server.storage.dir = [/workdir/hadoop-ozone/integration-test/target/test-dir/MiniOzoneClusterImpl-eaaaa650-7a59-4694-95b4-85e6182e2b1b/datanode-3/data/ratis] (custom)
2019-10-02 07:48:29,494 [pool-27-thread-1] INFO  server.RaftServerConfigKeys (ConfUtils.java:logGet(43)) - raft.server.sleep.deviation.threshold = 300 (default)
2019-10-02 07:48:29,495 [pool-27-thread-1] INFO  server.RaftServerConfigKeys (ConfUtils.java:logGet(43)) - raft.server.log.appender.install.snapshot.enabled = false (custom)
2019-10-02 07:48:29,495 [pool-57-thread-1] INFO  server.RaftServerConfigKeys (ConfUtils.java:logGet(43)) - raft.server.log.corruption.policy = EXCEPTION (default)
2019-10-02 07:48:29,495 [pool-27-thread-1] INFO  impl.RaftServerImpl (ServerState.java:<init>(103)) - b57445c0-33a9-4c70-9e00-cba4e4b039b5@group-5D63B776816D: ConfigurationManager, init=-1: [40678547-ebf5-4c5e-be30-9f61598efabe:192.168.164.211:33949, 59af106e-d8c8-4b7a-839e-06f3cb270bf5:192.168.164.211:45332, b57445c0-33a9-4c70-9e00-cba4e4b039b5:192.168.164.211:41677], old=null, confs=<EMPTY_MAP>
2019-10-02 07:48:29,495 [pool-57-thread-1] INFO  storage.RaftStorageDirectory (RaftStorageDirectory.java:analyzeStorage(246)) - The storage directory /workdir/hadoop-ozone/integration-test/target/test-dir/MiniOzoneClusterImpl-eaaaa650-7a59-4694-95b4-85e6182e2b1b/datanode-3/data/ratis/eeff5108-90e5-421b-89d7-5d63b776816d does not exist. Creating ...
2019-10-02 07:48:29,495 [pool-27-thread-1] INFO  server.RaftServerConfigKeys (ConfUtils.java:logGet(43)) - raft.server.storage.dir = [/workdir/hadoop-ozone/integration-test/target/test-dir/MiniOzoneClusterImpl-eaaaa650-7a59-4694-95b4-85e6182e2b1b/datanode-0/data/ratis] (custom)
2019-10-02 07:48:29,495 [pool-27-thread-1] INFO  server.RaftServerConfigKeys (ConfUtils.java:logGet(43)) - raft.server.log.corruption.policy = EXCEPTION (default)
2019-10-02 07:48:29,495 [pool-27-thread-1] INFO  storage.RaftStorageDirectory (RaftStorageDirectory.java:analyzeStorage(246)) - The storage directory /workdir/hadoop-ozone/integration-test/target/test-dir/MiniOzoneClusterImpl-eaaaa650-7a59-4694-95b4-85e6182e2b1b/datanode-0/data/ratis/eeff5108-90e5-421b-89d7-5d63b776816d does not exist. Creating ...
2019-10-02 07:48:29,529 [pool-27-thread-1] INFO  storage.RaftStorageDirectory (RaftStorageDirectory.java:tryLock(328)) - Lock on /workdir/hadoop-ozone/integration-test/target/test-dir/MiniOzoneClusterImpl-eaaaa650-7a59-4694-95b4-85e6182e2b1b/datanode-0/data/ratis/eeff5108-90e5-421b-89d7-5d63b776816d/in_use.lock acquired by nodename 2838@pr-hdds-2227-gdpr-vz6hn-2718222164
2019-10-02 07:48:29,529 [pool-87-thread-1] INFO  storage.RaftStorageDirectory (RaftStorageDirectory.java:tryLock(328)) - Lock on /workdir/hadoop-ozone/integration-test/target/test-dir/MiniOzoneClusterImpl-eaaaa650-7a59-4694-95b4-85e6182e2b1b/datanode-6/data/ratis/eeff5108-90e5-421b-89d7-5d63b776816d/in_use.lock acquired by nodename 2838@pr-hdds-2227-gdpr-vz6hn-2718222164
2019-10-02 07:48:29,529 [pool-57-thread-1] INFO  storage.RaftStorageDirectory (RaftStorageDirectory.java:tryLock(328)) - Lock on /workdir/hadoop-ozone/integration-test/target/test-dir/MiniOzoneClusterImpl-eaaaa650-7a59-4694-95b4-85e6182e2b1b/datanode-3/data/ratis/eeff5108-90e5-421b-89d7-5d63b776816d/in_use.lock acquired by nodename 2838@pr-hdds-2227-gdpr-vz6hn-2718222164
2019-10-02 07:48:29,554 [pool-57-thread-1] INFO  storage.RaftStorage (RaftStorage.java:format(84)) - Storage directory /workdir/hadoop-ozone/integration-test/target/test-dir/MiniOzoneClusterImpl-eaaaa650-7a59-4694-95b4-85e6182e2b1b/datanode-3/data/ratis/eeff5108-90e5-421b-89d7-5d63b776816d has been successfully formatted.
2019-10-02 07:48:29,554 [pool-87-thread-1] INFO  storage.RaftStorage (RaftStorage.java:format(84)) - Storage directory /workdir/hadoop-ozone/integration-test/target/test-dir/MiniOzoneClusterImpl-eaaaa650-7a59-4694-95b4-85e6182e2b1b/datanode-6/data/ratis/eeff5108-90e5-421b-89d7-5d63b776816d has been successfully formatted.
2019-10-02 07:48:29,555 [pool-57-thread-1] INFO  ratis.ContainerStateMachine (ContainerStateMachine.java:loadSnapshot(230)) - group-5D63B776816D: The snapshot info is null. Setting the last applied indexto:(t:0, i:~)
2019-10-02 07:48:29,554 [pool-27-thread-1] INFO  storage.RaftStorage (RaftStorage.java:format(84)) - Storage directory /workdir/hadoop-ozone/integration-test/target/test-dir/MiniOzoneClusterImpl-eaaaa650-7a59-4694-95b4-85e6182e2b1b/datanode-0/data/ratis/eeff5108-90e5-421b-89d7-5d63b776816d has been successfully formatted.
2019-10-02 07:48:29,555 [pool-57-thread-1] INFO  server.RaftServerConfigKeys (ConfUtils.java:logGet(43)) - raft.server.notification.no-leader.timeout = 120s (custom)
2019-10-02 07:48:29,555 [pool-87-thread-1] INFO  ratis.ContainerStateMachine (ContainerStateMachine.java:loadSnapshot(230)) - group-5D63B776816D: The snapshot info is null. Setting the last applied indexto:(t:0, i:~)
2019-10-02 07:48:29,555 [pool-27-thread-1] INFO  ratis.ContainerStateMachine (ContainerStateMachine.java:loadSnapshot(230)) - group-5D63B776816D: The snapshot info is null. Setting the last applied indexto:(t:0, i:~)
2019-10-02 07:48:29,555 [pool-57-thread-1] INFO  server.RaftServerConfigKeys (ConfUtils.java:logGet(43)) - raft.server.log.use.memory = false (default)
2019-10-02 07:48:29,555 [pool-27-thread-1] INFO  server.RaftServerConfigKeys (ConfUtils.java:logGet(43)) - raft.server.notification.no-leader.timeout = 120s (custom)
2019-10-02 07:48:29,555 [pool-87-thread-1] INFO  server.RaftServerConfigKeys (ConfUtils.java:logGet(43)) - raft.server.notification.no-leader.timeout = 120s (custom)
2019-10-02 07:48:29,555 [pool-27-thread-1] INFO  server.RaftServerConfigKeys (ConfUtils.java:logGet(43)) - raft.server.log.use.memory = false (default)
2019-10-02 07:48:29,555 [pool-57-thread-1] INFO  server.RaftServerConfigKeys (ConfUtils.java:logGet(43)) - raft.server.log.purge.gap = 1000000 (custom)
2019-10-02 07:48:29,556 [pool-27-thread-1] INFO  server.RaftServerConfigKeys (ConfUtils.java:logGet(43)) - raft.server.log.purge.gap = 1000000 (custom)
2019-10-02 07:48:29,555 [pool-87-thread-1] INFO  server.RaftServerConfigKeys (ConfUtils.java:logGet(43)) - raft.server.log.use.memory = false (default)
2019-10-02 07:48:29,556 [pool-27-thread-1] INFO  server.RaftServerConfigKeys (ConfUtils.java:logGet(43)) - raft.server.log.appender.buffer.byte-limit = 33554432 (custom)
2019-10-02 07:48:29,556 [pool-57-thread-1] INFO  server.RaftServerConfigKeys (ConfUtils.java:logGet(43)) - raft.server.log.appender.buffer.byte-limit = 33554432 (custom)
2019-10-02 07:48:29,556 [pool-27-thread-1] INFO  server.RaftServerConfigKeys (ConfUtils.java:logGet(43)) - raft.server.log.segment.size.max = 1048576 (custom)
2019-10-02 07:48:29,556 [pool-87-thread-1] INFO  server.RaftServerConfigKeys (ConfUtils.java:logGet(43)) - raft.server.log.purge.gap = 1000000 (custom)
2019-10-02 07:48:29,556 [pool-27-thread-1] INFO  server.RaftServerConfigKeys (ConfUtils.java:logGet(43)) - raft.server.log.segment.cache.num.max = 2 (custom)
2019-10-02 07:48:29,556 [pool-57-thread-1] INFO  server.RaftServerConfigKeys (ConfUtils.java:logGet(43)) - raft.server.log.segment.size.max = 1048576 (custom)
2019-10-02 07:48:29,556 [pool-27-thread-1] INFO  segmented.SegmentedRaftLogWorker (SegmentedRaftLogWorker.java:<init>(173)) - new b57445c0-33a9-4c70-9e00-cba4e4b039b5@group-5D63B776816D-SegmentedRaftLogWorker for RaftStorage:Storage Directory /workdir/hadoop-ozone/integration-test/target/test-dir/MiniOzoneClusterImpl-eaaaa650-7a59-4694-95b4-85e6182e2b1b/datanode-0/data/ratis/eeff5108-90e5-421b-89d7-5d63b776816d
2019-10-02 07:48:29,556 [pool-87-thread-1] INFO  server.RaftServerConfigKeys (ConfUtils.java:logGet(43)) - raft.server.log.appender.buffer.byte-limit = 33554432 (custom)
2019-10-02 07:48:29,557 [pool-27-thread-1] INFO  server.RaftServerConfigKeys (ConfUtils.java:logGet(43)) - raft.server.log.queue.byte-limit = 2147483647 (custom)
2019-10-02 07:48:29,556 [pool-57-thread-1] INFO  server.RaftServerConfigKeys (ConfUtils.java:logGet(43)) - raft.server.log.segment.cache.num.max = 2 (custom)
2019-10-02 07:48:29,557 [pool-27-thread-1] INFO  server.RaftServerConfigKeys (ConfUtils.java:logGet(43)) - raft.server.log.queue.element-limit = 1024 (custom)
2019-10-02 07:48:29,557 [pool-87-thread-1] INFO  server.RaftServerConfigKeys (ConfUtils.java:logGet(43)) - raft.server.log.segment.size.max = 1048576 (custom)
2019-10-02 07:48:29,557 [pool-27-thread-1] INFO  server.RaftServerConfigKeys (ConfUtils.java:logGet(43)) - raft.server.log.segment.size.max = 1048576 (custom)
2019-10-02 07:48:29,557 [pool-57-thread-1] INFO  segmented.SegmentedRaftLogWorker (SegmentedRaftLogWorker.java:<init>(173)) - new 59af106e-d8c8-4b7a-839e-06f3cb270bf5@group-5D63B776816D-SegmentedRaftLogWorker for RaftStorage:Storage Directory /workdir/hadoop-ozone/integration-test/target/test-dir/MiniOzoneClusterImpl-eaaaa650-7a59-4694-95b4-85e6182e2b1b/datanode-3/data/ratis/eeff5108-90e5-421b-89d7-5d63b776816d
2019-10-02 07:48:29,557 [pool-27-thread-1] INFO  server.RaftServerConfigKeys (ConfUtils.java:logGet(43)) - raft.server.log.preallocated.size = 16384 (custom)
2019-10-02 07:48:29,557 [pool-87-thread-1] INFO  server.RaftServerConfigKeys (ConfUtils.java:logGet(43)) - raft.server.log.segment.cache.num.max = 2 (custom)
2019-10-02 07:48:29,557 [pool-27-thread-1] INFO  server.RaftServerConfigKeys (ConfUtils.java:logGet(43)) - raft.server.log.write.buffer.size = 33554432 (custom)
2019-10-02 07:48:29,557 [pool-57-thread-1] INFO  server.RaftServerConfigKeys (ConfUtils.java:logGet(43)) - raft.server.log.queue.byte-limit = 2147483647 (custom)
2019-10-02 07:48:29,558 [pool-27-thread-1] INFO  server.RaftServerConfigKeys (ConfUtils.java:logGet(43)) - raft.server.log.force.sync.num = 128 (default)
2019-10-02 07:48:29,558 [pool-57-thread-1] INFO  server.RaftServerConfigKeys (ConfUtils.java:logGet(43)) - raft.server.log.queue.element-limit = 1024 (custom)
2019-10-02 07:48:29,557 [pool-87-thread-1] INFO  segmented.SegmentedRaftLogWorker (SegmentedRaftLogWorker.java:<init>(173)) - new 40678547-ebf5-4c5e-be30-9f61598efabe@group-5D63B776816D-SegmentedRaftLogWorker for RaftStorage:Storage Directory /workdir/hadoop-ozone/integration-test/target/test-dir/MiniOzoneClusterImpl-eaaaa650-7a59-4694-95b4-85e6182e2b1b/datanode-6/data/ratis/eeff5108-90e5-421b-89d7-5d63b776816d
2019-10-02 07:48:29,558 [pool-57-thread-1] INFO  server.RaftServerConfigKeys (ConfUtils.java:logGet(43)) - raft.server.log.segment.size.max = 1048576 (custom)
2019-10-02 07:48:29,558 [pool-27-thread-1] INFO  server.RaftServerConfigKeys (ConfUtils.java:logGet(43)) - raft.server.log.statemachine.data.sync = true (default)
2019-10-02 07:48:29,558 [pool-57-thread-1] INFO  server.RaftServerConfigKeys (ConfUtils.java:logGet(43)) - raft.server.log.preallocated.size = 16384 (custom)
2019-10-02 07:48:29,558 [pool-87-thread-1] INFO  server.RaftServerConfigKeys (ConfUtils.java:logGet(43)) - raft.server.log.queue.byte-limit = 2147483647 (custom)
2019-10-02 07:48:29,558 [pool-57-thread-1] INFO  server.RaftServerConfigKeys (ConfUtils.java:logGet(43)) - raft.server.log.write.buffer.size = 33554432 (custom)
2019-10-02 07:48:29,558 [pool-27-thread-1] INFO  server.RaftServerConfigKeys (ConfUtils.java:logGet(43)) - raft.server.log.statemachine.data.sync.timeout = 10s (default)
2019-10-02 07:48:29,558 [pool-57-thread-1] INFO  server.RaftServerConfigKeys (ConfUtils.java:logGet(43)) - raft.server.log.force.sync.num = 128 (default)
2019-10-02 07:48:29,558 [pool-87-thread-1] INFO  server.RaftServerConfigKeys (ConfUtils.java:logGet(43)) - raft.server.log.queue.element-limit = 1024 (custom)
2019-10-02 07:48:29,559 [pool-57-thread-1] INFO  server.RaftServerConfigKeys (ConfUtils.java:logGet(43)) - raft.server.log.statemachine.data.sync = true (default)
2019-10-02 07:48:29,559 [pool-27-thread-1] INFO  server.RaftServerConfigKeys (ConfUtils.java:logGet(43)) - raft.server.log.statemachine.data.sync.timeout.retry = -1 (default)
2019-10-02 07:48:29,559 [pool-57-thread-1] INFO  server.RaftServerConfigKeys (ConfUtils.java:logGet(43)) - raft.server.log.statemachine.data.sync.timeout = 10s (default)
2019-10-02 07:48:29,559 [pool-57-thread-1] INFO  server.RaftServerConfigKeys (ConfUtils.java:logGet(43)) - raft.server.log.statemachine.data.sync.timeout.retry = -1 (default)
2019-10-02 07:48:29,559 [pool-87-thread-1] INFO  server.RaftServerConfigKeys (ConfUtils.java:logGet(43)) - raft.server.log.segment.size.max = 1048576 (custom)
2019-10-02 07:48:29,559 [pool-57-thread-1] INFO  server.RaftServerConfigKeys (ConfUtils.java:logGet(43)) - raft.server.log.statemachine.data.caching.enabled = true (custom)
2019-10-02 07:48:29,559 [pool-27-thread-1] INFO  server.RaftServerConfigKeys (ConfUtils.java:logGet(43)) - raft.server.log.statemachine.data.caching.enabled = true (custom)
2019-10-02 07:48:29,559 [pool-87-thread-1] INFO  server.RaftServerConfigKeys (ConfUtils.java:logGet(43)) - raft.server.log.preallocated.size = 16384 (custom)
2019-10-02 07:48:29,560 [pool-27-thread-1] INFO  segmented.SegmentedRaftLogWorker (SegmentedRaftLogWorker.java:lambda$new$0(128)) - b57445c0-33a9-4c70-9e00-cba4e4b039b5@group-5D63B776816D-SegmentedRaftLogWorker: flushIndex: setUnconditionally 0 -> -1
2019-10-02 07:48:29,560 [pool-57-thread-1] INFO  segmented.SegmentedRaftLogWorker (SegmentedRaftLogWorker.java:lambda$new$0(128)) - 59af106e-d8c8-4b7a-839e-06f3cb270bf5@group-5D63B776816D-SegmentedRaftLogWorker: flushIndex: setUnconditionally 0 -> -1
2019-10-02 07:48:29,560 [pool-87-thread-1] INFO  server.RaftServerConfigKeys (ConfUtils.java:logGet(43)) - raft.server.log.write.buffer.size = 33554432 (custom)
2019-10-02 07:48:29,560 [pool-27-thread-1] INFO  server.RaftServerConfigKeys (ConfUtils.java:logGet(43)) - raft.server.snapshot.auto.trigger.enabled = true (custom)
2019-10-02 07:48:29,560 [pool-57-thread-1] INFO  server.RaftServerConfigKeys (ConfUtils.java:logGet(43)) - raft.server.snapshot.auto.trigger.enabled = true (custom)
2019-10-02 07:48:29,560 [pool-87-thread-1] INFO  server.RaftServerConfigKeys (ConfUtils.java:logGet(43)) - raft.server.log.force.sync.num = 128 (default)
2019-10-02 07:48:29,560 [pool-57-thread-1] INFO  server.RaftServerConfigKeys (ConfUtils.java:logGet(43)) - raft.server.snapshot.auto.trigger.threshold = 10000 (custom)
2019-10-02 07:48:29,560 [pool-27-thread-1] INFO  server.RaftServerConfigKeys (ConfUtils.java:logGet(43)) - raft.server.snapshot.auto.trigger.threshold = 10000 (custom)
2019-10-02 07:48:29,560 [pool-57-thread-1] INFO  server.RaftServerConfigKeys (ConfUtils.java:logGet(43)) - raft.server.snapshot.retention.file.num = 5 (custom)
2019-10-02 07:48:29,560 [pool-87-thread-1] INFO  server.RaftServerConfigKeys (ConfUtils.java:logGet(43)) - raft.server.log.statemachine.data.sync = true (default)
2019-10-02 07:48:29,561 [pool-57-thread-1] INFO  server.RaftServerConfigKeys (ConfUtils.java:logGet(43)) - raft.server.retrycache.expirytime = 600000ms (custom)
2019-10-02 07:48:29,561 [pool-27-thread-1] INFO  server.RaftServerConfigKeys (ConfUtils.java:logGet(43)) - raft.server.snapshot.retention.file.num = 5 (custom)
2019-10-02 07:48:29,561 [pool-87-thread-1] INFO  server.RaftServerConfigKeys (ConfUtils.java:logGet(43)) - raft.server.log.statemachine.data.sync.timeout = 10s (default)
2019-10-02 07:48:29,561 [pool-27-thread-1] INFO  server.RaftServerConfigKeys (ConfUtils.java:logGet(43)) - raft.server.retrycache.expirytime = 600000ms (custom)
2019-10-02 07:48:29,561 [pool-87-thread-1] INFO  server.RaftServerConfigKeys (ConfUtils.java:logGet(43)) - raft.server.log.statemachine.data.sync.timeout.retry = -1 (default)
2019-10-02 07:48:29,561 [pool-87-thread-1] INFO  server.RaftServerConfigKeys (ConfUtils.java:logGet(43)) - raft.server.log.statemachine.data.caching.enabled = true (custom)
2019-10-02 07:48:29,562 [pool-87-thread-1] INFO  segmented.SegmentedRaftLogWorker (SegmentedRaftLogWorker.java:lambda$new$0(128)) - 40678547-ebf5-4c5e-be30-9f61598efabe@group-5D63B776816D-SegmentedRaftLogWorker: flushIndex: setUnconditionally 0 -> -1
2019-10-02 07:48:29,562 [pool-87-thread-1] INFO  server.RaftServerConfigKeys (ConfUtils.java:logGet(43)) - raft.server.snapshot.auto.trigger.enabled = true (custom)
2019-10-02 07:48:29,562 [pool-87-thread-1] INFO  server.RaftServerConfigKeys (ConfUtils.java:logGet(43)) - raft.server.snapshot.auto.trigger.threshold = 10000 (custom)
2019-10-02 07:48:29,562 [pool-87-thread-1] INFO  server.RaftServerConfigKeys (ConfUtils.java:logGet(43)) - raft.server.snapshot.retention.file.num = 5 (custom)
2019-10-02 07:48:29,563 [pool-87-thread-1] INFO  server.RaftServerConfigKeys (ConfUtils.java:logGet(43)) - raft.server.retrycache.expirytime = 600000ms (custom)
2019-10-02 07:48:29,565 [pool-27-thread-1] INFO  impl.RaftServerImpl (RaftServerImpl.java:start(181)) - b57445c0-33a9-4c70-9e00-cba4e4b039b5@group-5D63B776816D: start as a follower, conf=-1: [40678547-ebf5-4c5e-be30-9f61598efabe:192.168.164.211:33949, 59af106e-d8c8-4b7a-839e-06f3cb270bf5:192.168.164.211:45332, b57445c0-33a9-4c70-9e00-cba4e4b039b5:192.168.164.211:41677], old=null
2019-10-02 07:48:29,565 [pool-57-thread-1] INFO  impl.RaftServerImpl (RaftServerImpl.java:start(181)) - 59af106e-d8c8-4b7a-839e-06f3cb270bf5@group-5D63B776816D: start as a follower, conf=-1: [40678547-ebf5-4c5e-be30-9f61598efabe:192.168.164.211:33949, 59af106e-d8c8-4b7a-839e-06f3cb270bf5:192.168.164.211:45332, b57445c0-33a9-4c70-9e00-cba4e4b039b5:192.168.164.211:41677], old=null
2019-10-02 07:48:29,565 [pool-27-thread-1] INFO  impl.RaftServerImpl (RaftServerImpl.java:setRole(170)) - b57445c0-33a9-4c70-9e00-cba4e4b039b5@group-5D63B776816D: changes role from      null to FOLLOWER at term 0 for startAsFollower
2019-10-02 07:48:29,565 [pool-57-thread-1] INFO  impl.RaftServerImpl (RaftServerImpl.java:setRole(170)) - 59af106e-d8c8-4b7a-839e-06f3cb270bf5@group-5D63B776816D: changes role from      null to FOLLOWER at term 0 for startAsFollower
2019-10-02 07:48:29,565 [pool-27-thread-1] INFO  impl.RoleInfo (RoleInfo.java:updateAndGet(143)) - b57445c0-33a9-4c70-9e00-cba4e4b039b5: start FollowerState
2019-10-02 07:48:29,565 [pool-57-thread-1] INFO  impl.RoleInfo (RoleInfo.java:updateAndGet(143)) - 59af106e-d8c8-4b7a-839e-06f3cb270bf5: start FollowerState
2019-10-02 07:48:29,565 [pool-27-thread-1] INFO  util.JmxRegister (JmxRegister.java:tryRegister(44)) - Successfully registered JMX Bean with object name Ratis:service=RaftServer,group=group-5D63B776816D,id=b57445c0-33a9-4c70-9e00-cba4e4b039b5
2019-10-02 07:48:29,565 [pool-87-thread-1] INFO  impl.RaftServerImpl (RaftServerImpl.java:start(181)) - 40678547-ebf5-4c5e-be30-9f61598efabe@group-5D63B776816D: start as a follower, conf=-1: [40678547-ebf5-4c5e-be30-9f61598efabe:192.168.164.211:33949, 59af106e-d8c8-4b7a-839e-06f3cb270bf5:192.168.164.211:45332, b57445c0-33a9-4c70-9e00-cba4e4b039b5:192.168.164.211:41677], old=null
2019-10-02 07:48:29,566 [pool-57-thread-1] INFO  util.JmxRegister (JmxRegister.java:tryRegister(44)) - Successfully registered JMX Bean with object name Ratis:service=RaftServer,group=group-5D63B776816D,id=59af106e-d8c8-4b7a-839e-06f3cb270bf5
2019-10-02 07:48:29,566 [pool-87-thread-1] INFO  impl.RaftServerImpl (RaftServerImpl.java:setRole(170)) - 40678547-ebf5-4c5e-be30-9f61598efabe@group-5D63B776816D: changes role from      null to FOLLOWER at term 0 for startAsFollower
2019-10-02 07:48:29,566 [pool-87-thread-1] INFO  impl.RoleInfo (RoleInfo.java:updateAndGet(143)) - 40678547-ebf5-4c5e-be30-9f61598efabe: start FollowerState
2019-10-02 07:48:29,566 [pool-87-thread-1] INFO  util.JmxRegister (JmxRegister.java:tryRegister(44)) - Successfully registered JMX Bean with object name Ratis:service=RaftServer,group=group-5D63B776816D,id=40678547-ebf5-4c5e-be30-9f61598efabe
2019-10-02 07:48:29,589 [RatisPipelineUtilsThread] INFO  pipeline.PipelineStateManager (PipelineStateManager.java:addPipeline(56)) - Created pipeline Pipeline[ Id: eeff5108-90e5-421b-89d7-5d63b776816d, Nodes: 40678547-ebf5-4c5e-be30-9f61598efabe{ip: 192.168.164.211, host: pr-hdds-2227-gdpr-vz6hn-2718222164, networkLocation: /default-rack, certSerialId: null}b57445c0-33a9-4c70-9e00-cba4e4b039b5{ip: 192.168.164.211, host: pr-hdds-2227-gdpr-vz6hn-2718222164, networkLocation: /default-rack, certSerialId: null}59af106e-d8c8-4b7a-839e-06f3cb270bf5{ip: 192.168.164.211, host: pr-hdds-2227-gdpr-vz6hn-2718222164, networkLocation: /default-rack, certSerialId: null}, Type:RATIS, Factor:THREE, State:OPEN]
2019-10-02 07:48:29,992 [main] INFO  rpc.RpcClient (RpcClient.java:createVolume(277)) - Creating Volume: testblockoutputstream, with jenkins1000 as owner.
2019-10-02 07:48:30,096 [IPC Server handler 1 on 44992] INFO  volume.OMVolumeCreateRequest (OMVolumeCreateRequest.java:validateAndUpdateCache(194)) - created volume:testblockoutputstream for user:jenkins1000
2019-10-02 07:48:30,126 [main] INFO  rpc.RpcClient (RpcClient.java:createBucket(416)) - Creating Bucket: testblockoutputstream/testblockoutputstream, with Versioning false and Storage Type set to DISK and Encryption set to false 
2019-10-02 07:48:30,150 [main] INFO  impl.MetricsSystemImpl (MetricsSystemImpl.java:init(158)) - XceiverClientMetrics metrics system started (again)
2019-10-02 07:48:31,006 [Thread-238] INFO  container.ReplicationManager (ReplicationManager.java:start(162)) - Starting Replication Monitor Thread.
2019-10-02 07:48:31,011 [ReplicationMonitor] INFO  container.ReplicationManager (ReplicationManager.java:run(225)) - Replication Monitor Thread took 4 milliseconds for processing 1 containers.
2019-10-02 07:48:33,835 [Thread-240] INFO  impl.FollowerState (FollowerState.java:run(108)) - b57445c0-33a9-4c70-9e00-cba4e4b039b5@group-BD5C5984F7B5-FollowerState: change to CANDIDATE, lastRpcTime:5179ms, electionTimeout:5178ms
2019-10-02 07:48:33,843 [Thread-240] INFO  impl.RoleInfo (RoleInfo.java:shutdownFollowerState(121)) - b57445c0-33a9-4c70-9e00-cba4e4b039b5: shutdown FollowerState
2019-10-02 07:48:33,843 [Thread-240] INFO  impl.RaftServerImpl (RaftServerImpl.java:setRole(170)) - b57445c0-33a9-4c70-9e00-cba4e4b039b5@group-BD5C5984F7B5: changes role from  FOLLOWER to CANDIDATE at term 0 for changeToCandidate
2019-10-02 07:48:33,852 [Thread-240] INFO  impl.RoleInfo (RoleInfo.java:updateAndGet(143)) - b57445c0-33a9-4c70-9e00-cba4e4b039b5: start LeaderElection
2019-10-02 07:48:33,892 [b57445c0-33a9-4c70-9e00-cba4e4b039b5@group-BD5C5984F7B5-LeaderElection1] INFO  impl.LeaderElection (LeaderElection.java:askForVotes(178)) - b57445c0-33a9-4c70-9e00-cba4e4b039b5@group-BD5C5984F7B5-LeaderElection1: begin an election at term 1 for -1: [b57445c0-33a9-4c70-9e00-cba4e4b039b5:192.168.164.211:41677], old=null
2019-10-02 07:48:33,894 [b57445c0-33a9-4c70-9e00-cba4e4b039b5@group-BD5C5984F7B5-LeaderElection1] INFO  impl.RoleInfo (RoleInfo.java:shutdownLeaderElection(134)) - b57445c0-33a9-4c70-9e00-cba4e4b039b5: shutdown LeaderElection
2019-10-02 07:48:33,894 [b57445c0-33a9-4c70-9e00-cba4e4b039b5@group-BD5C5984F7B5-LeaderElection1] INFO  impl.RaftServerImpl (RaftServerImpl.java:setRole(170)) - b57445c0-33a9-4c70-9e00-cba4e4b039b5@group-BD5C5984F7B5: changes role from CANDIDATE to LEADER at term 1 for changeToLeader
2019-10-02 07:48:33,894 [b57445c0-33a9-4c70-9e00-cba4e4b039b5@group-BD5C5984F7B5-LeaderElection1] INFO  impl.RaftServerImpl (ServerState.java:setLeader(255)) - b57445c0-33a9-4c70-9e00-cba4e4b039b5@group-BD5C5984F7B5: change Leader from null to b57445c0-33a9-4c70-9e00-cba4e4b039b5 at term 1 for becomeLeader, leader elected after 5350ms
2019-10-02 07:48:33,902 [b57445c0-33a9-4c70-9e00-cba4e4b039b5@group-BD5C5984F7B5-LeaderElection1] INFO  server.RaftServerConfigKeys (ConfUtils.java:logGet(43)) - raft.server.staging.catchup.gap = 1000 (default)
2019-10-02 07:48:33,902 [b57445c0-33a9-4c70-9e00-cba4e4b039b5@group-BD5C5984F7B5-LeaderElection1] INFO  server.RaftServerConfigKeys (ConfUtils.java:logGet(43)) - raft.server.rpc.sleep.time = 25ms (default)
2019-10-02 07:48:33,907 [b57445c0-33a9-4c70-9e00-cba4e4b039b5@group-BD5C5984F7B5-LeaderElection1] INFO  server.RaftServerConfigKeys (ConfUtils.java:logGet(43)) - raft.server.write.element-limit = 4096 (default)
2019-10-02 07:48:33,909 [b57445c0-33a9-4c70-9e00-cba4e4b039b5@group-BD5C5984F7B5-LeaderElection1] INFO  server.RaftServerConfigKeys (ConfUtils.java:logGet(43)) - raft.server.watch.timeout = 10s (default)
2019-10-02 07:48:33,909 [b57445c0-33a9-4c70-9e00-cba4e4b039b5@group-BD5C5984F7B5-LeaderElection1] INFO  server.RaftServerConfigKeys (ConfUtils.java:logGet(43)) - raft.server.watch.timeout.denomination = 1s (default)
2019-10-02 07:48:33,910 [b57445c0-33a9-4c70-9e00-cba4e4b039b5@group-BD5C5984F7B5-LeaderElection1] INFO  server.RaftServerConfigKeys (ConfUtils.java:logGet(43)) - raft.server.watch.element-limit = 65536 (default)
2019-10-02 07:48:33,921 [b57445c0-33a9-4c70-9e00-cba4e4b039b5@group-BD5C5984F7B5-LeaderElection1] INFO  impl.RoleInfo (RoleInfo.java:updateAndGet(143)) - b57445c0-33a9-4c70-9e00-cba4e4b039b5: start LeaderState
2019-10-02 07:48:33,946 [b57445c0-33a9-4c70-9e00-cba4e4b039b5@group-BD5C5984F7B5-LeaderElection1] INFO  segmented.SegmentedRaftLogWorker (SegmentedRaftLogWorker.java:startLogSegment(385)) - b57445c0-33a9-4c70-9e00-cba4e4b039b5@group-BD5C5984F7B5-SegmentedRaftLogWorker: Starting segment from index:0
2019-10-02 07:48:33,956 [b57445c0-33a9-4c70-9e00-cba4e4b039b5@group-BD5C5984F7B5-LeaderElection1] INFO  impl.RaftServerImpl (ServerState.java:setRaftConf(356)) - b57445c0-33a9-4c70-9e00-cba4e4b039b5@group-BD5C5984F7B5: set configuration 0: [b57445c0-33a9-4c70-9e00-cba4e4b039b5:192.168.164.211:41677], old=null at 0
2019-10-02 07:48:33,979 [Thread-243] INFO  impl.FollowerState (FollowerState.java:run(108)) - e7d406ca-211a-4487-9af6-12e67609d01e@group-6109F33D8AA5-FollowerState: change to CANDIDATE, lastRpcTime:5114ms, electionTimeout:5113ms
2019-10-02 07:48:33,981 [Thread-243] INFO  impl.RoleInfo (RoleInfo.java:shutdownFollowerState(121)) - e7d406ca-211a-4487-9af6-12e67609d01e: shutdown FollowerState
2019-10-02 07:48:33,981 [Thread-243] INFO  impl.RaftServerImpl (RaftServerImpl.java:setRole(170)) - e7d406ca-211a-4487-9af6-12e67609d01e@group-6109F33D8AA5: changes role from  FOLLOWER to CANDIDATE at term 0 for changeToCandidate
2019-10-02 07:48:33,981 [Thread-243] INFO  impl.RoleInfo (RoleInfo.java:updateAndGet(143)) - e7d406ca-211a-4487-9af6-12e67609d01e: start LeaderElection
2019-10-02 07:48:33,997 [e7d406ca-211a-4487-9af6-12e67609d01e@group-6109F33D8AA5-LeaderElection2] INFO  impl.LeaderElection (LeaderElection.java:askForVotes(178)) - e7d406ca-211a-4487-9af6-12e67609d01e@group-6109F33D8AA5-LeaderElection2: begin an election at term 1 for -1: [e7d406ca-211a-4487-9af6-12e67609d01e:192.168.164.211:44510], old=null
2019-10-02 07:48:33,997 [e7d406ca-211a-4487-9af6-12e67609d01e@group-6109F33D8AA5-LeaderElection2] INFO  impl.RoleInfo (RoleInfo.java:shutdownLeaderElection(134)) - e7d406ca-211a-4487-9af6-12e67609d01e: shutdown LeaderElection
2019-10-02 07:48:33,997 [e7d406ca-211a-4487-9af6-12e67609d01e@group-6109F33D8AA5-LeaderElection2] INFO  impl.RaftServerImpl (RaftServerImpl.java:setRole(170)) - e7d406ca-211a-4487-9af6-12e67609d01e@group-6109F33D8AA5: changes role from CANDIDATE to LEADER at term 1 for changeToLeader
2019-10-02 07:48:33,997 [e7d406ca-211a-4487-9af6-12e67609d01e@group-6109F33D8AA5-LeaderElection2] INFO  impl.RaftServerImpl (ServerState.java:setLeader(255)) - e7d406ca-211a-4487-9af6-12e67609d01e@group-6109F33D8AA5: change Leader from null to e7d406ca-211a-4487-9af6-12e67609d01e at term 1 for becomeLeader, leader elected after 5150ms
2019-10-02 07:48:33,998 [e7d406ca-211a-4487-9af6-12e67609d01e@group-6109F33D8AA5-LeaderElection2] INFO  server.RaftServerConfigKeys (ConfUtils.java:logGet(43)) - raft.server.staging.catchup.gap = 1000 (default)
2019-10-02 07:48:33,998 [e7d406ca-211a-4487-9af6-12e67609d01e@group-6109F33D8AA5-LeaderElection2] INFO  server.RaftServerConfigKeys (ConfUtils.java:logGet(43)) - raft.server.rpc.sleep.time = 25ms (default)
2019-10-02 07:48:33,999 [e7d406ca-211a-4487-9af6-12e67609d01e@group-6109F33D8AA5-LeaderElection2] INFO  server.RaftServerConfigKeys (ConfUtils.java:logGet(43)) - raft.server.write.element-limit = 4096 (default)
2019-10-02 07:48:33,999 [e7d406ca-211a-4487-9af6-12e67609d01e@group-6109F33D8AA5-LeaderElection2] INFO  server.RaftServerConfigKeys (ConfUtils.java:logGet(43)) - raft.server.watch.timeout = 10s (default)
2019-10-02 07:48:33,999 [e7d406ca-211a-4487-9af6-12e67609d01e@group-6109F33D8AA5-LeaderElection2] INFO  server.RaftServerConfigKeys (ConfUtils.java:logGet(43)) - raft.server.watch.timeout.denomination = 1s (default)
2019-10-02 07:48:33,999 [e7d406ca-211a-4487-9af6-12e67609d01e@group-6109F33D8AA5-LeaderElection2] INFO  server.RaftServerConfigKeys (ConfUtils.java:logGet(43)) - raft.server.watch.element-limit = 65536 (default)
2019-10-02 07:48:34,001 [e7d406ca-211a-4487-9af6-12e67609d01e@group-6109F33D8AA5-LeaderElection2] INFO  impl.RoleInfo (RoleInfo.java:updateAndGet(143)) - e7d406ca-211a-4487-9af6-12e67609d01e: start LeaderState
2019-10-02 07:48:34,002 [e7d406ca-211a-4487-9af6-12e67609d01e@group-6109F33D8AA5-LeaderElection2] INFO  segmented.SegmentedRaftLogWorker (SegmentedRaftLogWorker.java:startLogSegment(385)) - e7d406ca-211a-4487-9af6-12e67609d01e@group-6109F33D8AA5-SegmentedRaftLogWorker: Starting segment from index:0
2019-10-02 07:48:34,002 [e7d406ca-211a-4487-9af6-12e67609d01e@group-6109F33D8AA5-LeaderElection2] INFO  impl.RaftServerImpl (ServerState.java:setRaftConf(356)) - e7d406ca-211a-4487-9af6-12e67609d01e@group-6109F33D8AA5: set configuration 0: [e7d406ca-211a-4487-9af6-12e67609d01e:192.168.164.211:44510], old=null at 0
2019-10-02 07:48:34,135 [b57445c0-33a9-4c70-9e00-cba4e4b039b5@group-BD5C5984F7B5-SegmentedRaftLogWorker] INFO  segmented.SegmentedRaftLogWorker (SegmentedRaftLogWorker.java:execute(574)) - b57445c0-33a9-4c70-9e00-cba4e4b039b5@group-BD5C5984F7B5-SegmentedRaftLogWorker: created new log segment /workdir/hadoop-ozone/integration-test/target/test-dir/MiniOzoneClusterImpl-eaaaa650-7a59-4694-95b4-85e6182e2b1b/datanode-0/data/ratis/50b960c1-8235-4501-8bc5-bd5c5984f7b5/current/log_inprogress_0
2019-10-02 07:48:34,135 [e7d406ca-211a-4487-9af6-12e67609d01e@group-6109F33D8AA5-SegmentedRaftLogWorker] INFO  segmented.SegmentedRaftLogWorker (SegmentedRaftLogWorker.java:execute(574)) - e7d406ca-211a-4487-9af6-12e67609d01e@group-6109F33D8AA5-SegmentedRaftLogWorker: created new log segment /workdir/hadoop-ozone/integration-test/target/test-dir/MiniOzoneClusterImpl-eaaaa650-7a59-4694-95b4-85e6182e2b1b/datanode-5/data/ratis/f3df2ac6-7fc8-4256-8625-6109f33d8aa5/current/log_inprogress_0
2019-10-02 07:48:34,148 [Thread-246] INFO  impl.FollowerState (FollowerState.java:run(108)) - 5769829b-5c7b-4b33-8720-74c1f11a345b@group-5F2BB7534DF0-FollowerState: change to CANDIDATE, lastRpcTime:5130ms, electionTimeout:5130ms
2019-10-02 07:48:34,148 [Thread-246] INFO  impl.RoleInfo (RoleInfo.java:shutdownFollowerState(121)) - 5769829b-5c7b-4b33-8720-74c1f11a345b: shutdown FollowerState
2019-10-02 07:48:34,148 [Thread-246] INFO  impl.RaftServerImpl (RaftServerImpl.java:setRole(170)) - 5769829b-5c7b-4b33-8720-74c1f11a345b@group-5F2BB7534DF0: changes role from  FOLLOWER to CANDIDATE at term 0 for changeToCandidate
2019-10-02 07:48:34,148 [Thread-246] INFO  impl.RoleInfo (RoleInfo.java:updateAndGet(143)) - 5769829b-5c7b-4b33-8720-74c1f11a345b: start LeaderElection
2019-10-02 07:48:34,164 [5769829b-5c7b-4b33-8720-74c1f11a345b@group-5F2BB7534DF0-LeaderElection3] INFO  impl.LeaderElection (LeaderElection.java:askForVotes(178)) - 5769829b-5c7b-4b33-8720-74c1f11a345b@group-5F2BB7534DF0-LeaderElection3: begin an election at term 1 for -1: [5769829b-5c7b-4b33-8720-74c1f11a345b:192.168.164.211:43201], old=null
2019-10-02 07:48:34,166 [5769829b-5c7b-4b33-8720-74c1f11a345b@group-5F2BB7534DF0-LeaderElection3] INFO  impl.RoleInfo (RoleInfo.java:shutdownLeaderElection(134)) - 5769829b-5c7b-4b33-8720-74c1f11a345b: shutdown LeaderElection
2019-10-02 07:48:34,166 [5769829b-5c7b-4b33-8720-74c1f11a345b@group-5F2BB7534DF0-LeaderElection3] INFO  impl.RaftServerImpl (RaftServerImpl.java:setRole(170)) - 5769829b-5c7b-4b33-8720-74c1f11a345b@group-5F2BB7534DF0: changes role from CANDIDATE to LEADER at term 1 for changeToLeader
2019-10-02 07:48:34,166 [5769829b-5c7b-4b33-8720-74c1f11a345b@group-5F2BB7534DF0-LeaderElection3] INFO  impl.RaftServerImpl (ServerState.java:setLeader(255)) - 5769829b-5c7b-4b33-8720-74c1f11a345b@group-5F2BB7534DF0: change Leader from null to 5769829b-5c7b-4b33-8720-74c1f11a345b at term 1 for becomeLeader, leader elected after 5199ms
2019-10-02 07:48:34,168 [5769829b-5c7b-4b33-8720-74c1f11a345b@group-5F2BB7534DF0-LeaderElection3] INFO  server.RaftServerConfigKeys (ConfUtils.java:logGet(43)) - raft.server.staging.catchup.gap = 1000 (default)
2019-10-02 07:48:34,168 [5769829b-5c7b-4b33-8720-74c1f11a345b@group-5F2BB7534DF0-LeaderElection3] INFO  server.RaftServerConfigKeys (ConfUtils.java:logGet(43)) - raft.server.rpc.sleep.time = 25ms (default)
2019-10-02 07:48:34,168 [5769829b-5c7b-4b33-8720-74c1f11a345b@group-5F2BB7534DF0-LeaderElection3] INFO  server.RaftServerConfigKeys (ConfUtils.java:logGet(43)) - raft.server.write.element-limit = 4096 (default)
2019-10-02 07:48:34,168 [5769829b-5c7b-4b33-8720-74c1f11a345b@group-5F2BB7534DF0-LeaderElection3] INFO  server.RaftServerConfigKeys (ConfUtils.java:logGet(43)) - raft.server.watch.timeout = 10s (default)
2019-10-02 07:48:34,169 [5769829b-5c7b-4b33-8720-74c1f11a345b@group-5F2BB7534DF0-LeaderElection3] INFO  server.RaftServerConfigKeys (ConfUtils.java:logGet(43)) - raft.server.watch.timeout.denomination = 1s (default)
2019-10-02 07:48:34,169 [5769829b-5c7b-4b33-8720-74c1f11a345b@group-5F2BB7534DF0-LeaderElection3] INFO  server.RaftServerConfigKeys (ConfUtils.java:logGet(43)) - raft.server.watch.element-limit = 65536 (default)
2019-10-02 07:48:34,171 [5769829b-5c7b-4b33-8720-74c1f11a345b@group-5F2BB7534DF0-LeaderElection3] INFO  impl.RoleInfo (RoleInfo.java:updateAndGet(143)) - 5769829b-5c7b-4b33-8720-74c1f11a345b: start LeaderState
2019-10-02 07:48:34,172 [5769829b-5c7b-4b33-8720-74c1f11a345b@group-5F2BB7534DF0-LeaderElection3] INFO  segmented.SegmentedRaftLogWorker (SegmentedRaftLogWorker.java:startLogSegment(385)) - 5769829b-5c7b-4b33-8720-74c1f11a345b@group-5F2BB7534DF0-SegmentedRaftLogWorker: Starting segment from index:0
2019-10-02 07:48:34,172 [5769829b-5c7b-4b33-8720-74c1f11a345b@group-5F2BB7534DF0-LeaderElection3] INFO  impl.RaftServerImpl (ServerState.java:setRaftConf(356)) - 5769829b-5c7b-4b33-8720-74c1f11a345b@group-5F2BB7534DF0: set configuration 0: [5769829b-5c7b-4b33-8720-74c1f11a345b:192.168.164.211:43201], old=null at 0
2019-10-02 07:48:34,227 [5769829b-5c7b-4b33-8720-74c1f11a345b@group-5F2BB7534DF0-SegmentedRaftLogWorker] INFO  segmented.SegmentedRaftLogWorker (SegmentedRaftLogWorker.java:execute(574)) - 5769829b-5c7b-4b33-8720-74c1f11a345b@group-5F2BB7534DF0-SegmentedRaftLogWorker: created new log segment /workdir/hadoop-ozone/integration-test/target/test-dir/MiniOzoneClusterImpl-eaaaa650-7a59-4694-95b4-85e6182e2b1b/datanode-1/data/ratis/576706b6-0e62-433f-abc6-5f2bb7534df0/current/log_inprogress_0
2019-10-02 07:48:34,273 [Thread-249] INFO  impl.FollowerState (FollowerState.java:run(108)) - 20b15c73-7e36-4f3d-af5d-dcac1c223d80@group-9F6C5FB83FC3-FollowerState: change to CANDIDATE, lastRpcTime:5179ms, electionTimeout:5179ms
2019-10-02 07:48:34,273 [Thread-249] INFO  impl.RoleInfo (RoleInfo.java:shutdownFollowerState(121)) - 20b15c73-7e36-4f3d-af5d-dcac1c223d80: shutdown FollowerState
2019-10-02 07:48:34,274 [Thread-249] INFO  impl.RaftServerImpl (RaftServerImpl.java:setRole(170)) - 20b15c73-7e36-4f3d-af5d-dcac1c223d80@group-9F6C5FB83FC3: changes role from  FOLLOWER to CANDIDATE at term 0 for changeToCandidate
2019-10-02 07:48:34,274 [Thread-249] INFO  impl.RoleInfo (RoleInfo.java:updateAndGet(143)) - 20b15c73-7e36-4f3d-af5d-dcac1c223d80: start LeaderElection
2019-10-02 07:48:34,276 [Thread-255] INFO  impl.FollowerState (FollowerState.java:run(108)) - 59af106e-d8c8-4b7a-839e-06f3cb270bf5@group-DC30DC26DABD-FollowerState: change to CANDIDATE, lastRpcTime:5025ms, electionTimeout:5024ms
2019-10-02 07:48:34,278 [Thread-255] INFO  impl.RoleInfo (RoleInfo.java:shutdownFollowerState(121)) - 59af106e-d8c8-4b7a-839e-06f3cb270bf5: shutdown FollowerState
2019-10-02 07:48:34,278 [Thread-255] INFO  impl.RaftServerImpl (RaftServerImpl.java:setRole(170)) - 59af106e-d8c8-4b7a-839e-06f3cb270bf5@group-DC30DC26DABD: changes role from  FOLLOWER to CANDIDATE at term 0 for changeToCandidate
2019-10-02 07:48:34,278 [Thread-255] INFO  impl.RoleInfo (RoleInfo.java:updateAndGet(143)) - 59af106e-d8c8-4b7a-839e-06f3cb270bf5: start LeaderElection
2019-10-02 07:48:34,306 [59af106e-d8c8-4b7a-839e-06f3cb270bf5@group-DC30DC26DABD-LeaderElection5] INFO  impl.LeaderElection (LeaderElection.java:askForVotes(178)) - 59af106e-d8c8-4b7a-839e-06f3cb270bf5@group-DC30DC26DABD-LeaderElection5: begin an election at term 1 for -1: [59af106e-d8c8-4b7a-839e-06f3cb270bf5:192.168.164.211:45332], old=null
2019-10-02 07:48:34,306 [20b15c73-7e36-4f3d-af5d-dcac1c223d80@group-9F6C5FB83FC3-LeaderElection4] INFO  impl.LeaderElection (LeaderElection.java:askForVotes(178)) - 20b15c73-7e36-4f3d-af5d-dcac1c223d80@group-9F6C5FB83FC3-LeaderElection4: begin an election at term 1 for -1: [20b15c73-7e36-4f3d-af5d-dcac1c223d80:192.168.164.211:41323], old=null
2019-10-02 07:48:34,306 [59af106e-d8c8-4b7a-839e-06f3cb270bf5@group-DC30DC26DABD-LeaderElection5] INFO  impl.RoleInfo (RoleInfo.java:shutdownLeaderElection(134)) - 59af106e-d8c8-4b7a-839e-06f3cb270bf5: shutdown LeaderElection
2019-10-02 07:48:34,306 [20b15c73-7e36-4f3d-af5d-dcac1c223d80@group-9F6C5FB83FC3-LeaderElection4] INFO  impl.RoleInfo (RoleInfo.java:shutdownLeaderElection(134)) - 20b15c73-7e36-4f3d-af5d-dcac1c223d80: shutdown LeaderElection
2019-10-02 07:48:34,307 [59af106e-d8c8-4b7a-839e-06f3cb270bf5@group-DC30DC26DABD-LeaderElection5] INFO  impl.RaftServerImpl (RaftServerImpl.java:setRole(170)) - 59af106e-d8c8-4b7a-839e-06f3cb270bf5@group-DC30DC26DABD: changes role from CANDIDATE to LEADER at term 1 for changeToLeader
2019-10-02 07:48:34,307 [20b15c73-7e36-4f3d-af5d-dcac1c223d80@group-9F6C5FB83FC3-LeaderElection4] INFO  impl.RaftServerImpl (RaftServerImpl.java:setRole(170)) - 20b15c73-7e36-4f3d-af5d-dcac1c223d80@group-9F6C5FB83FC3: changes role from CANDIDATE to LEADER at term 1 for changeToLeader
2019-10-02 07:48:34,307 [59af106e-d8c8-4b7a-839e-06f3cb270bf5@group-DC30DC26DABD-LeaderElection5] INFO  impl.RaftServerImpl (ServerState.java:setLeader(255)) - 59af106e-d8c8-4b7a-839e-06f3cb270bf5@group-DC30DC26DABD: change Leader from null to 59af106e-d8c8-4b7a-839e-06f3cb270bf5 at term 1 for becomeLeader, leader elected after 5065ms
2019-10-02 07:48:34,307 [20b15c73-7e36-4f3d-af5d-dcac1c223d80@group-9F6C5FB83FC3-LeaderElection4] INFO  impl.RaftServerImpl (ServerState.java:setLeader(255)) - 20b15c73-7e36-4f3d-af5d-dcac1c223d80@group-9F6C5FB83FC3: change Leader from null to 20b15c73-7e36-4f3d-af5d-dcac1c223d80 at term 1 for becomeLeader, leader elected after 5223ms
2019-10-02 07:48:34,308 [59af106e-d8c8-4b7a-839e-06f3cb270bf5@group-DC30DC26DABD-LeaderElection5] INFO  server.RaftServerConfigKeys (ConfUtils.java:logGet(43)) - raft.server.staging.catchup.gap = 1000 (default)
2019-10-02 07:48:34,309 [20b15c73-7e36-4f3d-af5d-dcac1c223d80@group-9F6C5FB83FC3-LeaderElection4] INFO  server.RaftServerConfigKeys (ConfUtils.java:logGet(43)) - raft.server.staging.catchup.gap = 1000 (default)
2019-10-02 07:48:34,310 [59af106e-d8c8-4b7a-839e-06f3cb270bf5@group-DC30DC26DABD-LeaderElection5] INFO  server.RaftServerConfigKeys (ConfUtils.java:logGet(43)) - raft.server.rpc.sleep.time = 25ms (default)
2019-10-02 07:48:34,310 [20b15c73-7e36-4f3d-af5d-dcac1c223d80@group-9F6C5FB83FC3-LeaderElection4] INFO  server.RaftServerConfigKeys (ConfUtils.java:logGet(43)) - raft.server.rpc.sleep.time = 25ms (default)
2019-10-02 07:48:34,310 [59af106e-d8c8-4b7a-839e-06f3cb270bf5@group-DC30DC26DABD-LeaderElection5] INFO  server.RaftServerConfigKeys (ConfUtils.java:logGet(43)) - raft.server.write.element-limit = 4096 (default)
2019-10-02 07:48:34,310 [20b15c73-7e36-4f3d-af5d-dcac1c223d80@group-9F6C5FB83FC3-LeaderElection4] INFO  server.RaftServerConfigKeys (ConfUtils.java:logGet(43)) - raft.server.write.element-limit = 4096 (default)
2019-10-02 07:48:34,310 [59af106e-d8c8-4b7a-839e-06f3cb270bf5@group-DC30DC26DABD-LeaderElection5] INFO  server.RaftServerConfigKeys (ConfUtils.java:logGet(43)) - raft.server.watch.timeout = 10s (default)
2019-10-02 07:48:34,311 [20b15c73-7e36-4f3d-af5d-dcac1c223d80@group-9F6C5FB83FC3-LeaderElection4] INFO  server.RaftServerConfigKeys (ConfUtils.java:logGet(43)) - raft.server.watch.timeout = 10s (default)
2019-10-02 07:48:34,311 [59af106e-d8c8-4b7a-839e-06f3cb270bf5@group-DC30DC26DABD-LeaderElection5] INFO  server.RaftServerConfigKeys (ConfUtils.java:logGet(43)) - raft.server.watch.timeout.denomination = 1s (default)
2019-10-02 07:48:34,311 [20b15c73-7e36-4f3d-af5d-dcac1c223d80@group-9F6C5FB83FC3-LeaderElection4] INFO  server.RaftServerConfigKeys (ConfUtils.java:logGet(43)) - raft.server.watch.timeout.denomination = 1s (default)
2019-10-02 07:48:34,311 [59af106e-d8c8-4b7a-839e-06f3cb270bf5@group-DC30DC26DABD-LeaderElection5] INFO  server.RaftServerConfigKeys (ConfUtils.java:logGet(43)) - raft.server.watch.element-limit = 65536 (default)
2019-10-02 07:48:34,311 [20b15c73-7e36-4f3d-af5d-dcac1c223d80@group-9F6C5FB83FC3-LeaderElection4] INFO  server.RaftServerConfigKeys (ConfUtils.java:logGet(43)) - raft.server.watch.element-limit = 65536 (default)
2019-10-02 07:48:34,317 [59af106e-d8c8-4b7a-839e-06f3cb270bf5@group-DC30DC26DABD-LeaderElection5] INFO  impl.RoleInfo (RoleInfo.java:updateAndGet(143)) - 59af106e-d8c8-4b7a-839e-06f3cb270bf5: start LeaderState
2019-10-02 07:48:34,317 [20b15c73-7e36-4f3d-af5d-dcac1c223d80@group-9F6C5FB83FC3-LeaderElection4] INFO  impl.RoleInfo (RoleInfo.java:updateAndGet(143)) - 20b15c73-7e36-4f3d-af5d-dcac1c223d80: start LeaderState
2019-10-02 07:48:34,317 [59af106e-d8c8-4b7a-839e-06f3cb270bf5@group-DC30DC26DABD-LeaderElection5] INFO  segmented.SegmentedRaftLogWorker (SegmentedRaftLogWorker.java:startLogSegment(385)) - 59af106e-d8c8-4b7a-839e-06f3cb270bf5@group-DC30DC26DABD-SegmentedRaftLogWorker: Starting segment from index:0
2019-10-02 07:48:34,318 [20b15c73-7e36-4f3d-af5d-dcac1c223d80@group-9F6C5FB83FC3-LeaderElection4] INFO  segmented.SegmentedRaftLogWorker (SegmentedRaftLogWorker.java:startLogSegment(385)) - 20b15c73-7e36-4f3d-af5d-dcac1c223d80@group-9F6C5FB83FC3-SegmentedRaftLogWorker: Starting segment from index:0
2019-10-02 07:48:34,318 [59af106e-d8c8-4b7a-839e-06f3cb270bf5@group-DC30DC26DABD-LeaderElection5] INFO  impl.RaftServerImpl (ServerState.java:setRaftConf(356)) - 59af106e-d8c8-4b7a-839e-06f3cb270bf5@group-DC30DC26DABD: set configuration 0: [59af106e-d8c8-4b7a-839e-06f3cb270bf5:192.168.164.211:45332], old=null at 0
2019-10-02 07:48:34,319 [20b15c73-7e36-4f3d-af5d-dcac1c223d80@group-9F6C5FB83FC3-LeaderElection4] INFO  impl.RaftServerImpl (ServerState.java:setRaftConf(356)) - 20b15c73-7e36-4f3d-af5d-dcac1c223d80@group-9F6C5FB83FC3: set configuration 0: [20b15c73-7e36-4f3d-af5d-dcac1c223d80:192.168.164.211:41323], old=null at 0
2019-10-02 07:48:34,347 [Thread-252] INFO  impl.FollowerState (FollowerState.java:run(108)) - 40678547-ebf5-4c5e-be30-9f61598efabe@group-3F63DB19FCDA-FollowerState: change to CANDIDATE, lastRpcTime:5174ms, electionTimeout:5172ms
2019-10-02 07:48:34,376 [59af106e-d8c8-4b7a-839e-06f3cb270bf5@group-DC30DC26DABD-SegmentedRaftLogWorker] INFO  segmented.SegmentedRaftLogWorker (SegmentedRaftLogWorker.java:execute(574)) - 59af106e-d8c8-4b7a-839e-06f3cb270bf5@group-DC30DC26DABD-SegmentedRaftLogWorker: created new log segment /workdir/hadoop-ozone/integration-test/target/test-dir/MiniOzoneClusterImpl-eaaaa650-7a59-4694-95b4-85e6182e2b1b/datanode-3/data/ratis/a5ca4d66-c1ad-406a-9317-dc30dc26dabd/current/log_inprogress_0
2019-10-02 07:48:34,376 [Thread-252] INFO  impl.RoleInfo (RoleInfo.java:shutdownFollowerState(121)) - 40678547-ebf5-4c5e-be30-9f61598efabe: shutdown FollowerState
2019-10-02 07:48:34,376 [Thread-252] INFO  impl.RaftServerImpl (RaftServerImpl.java:setRole(170)) - 40678547-ebf5-4c5e-be30-9f61598efabe@group-3F63DB19FCDA: changes role from  FOLLOWER to CANDIDATE at term 0 for changeToCandidate
2019-10-02 07:48:34,377 [Thread-252] INFO  impl.RoleInfo (RoleInfo.java:updateAndGet(143)) - 40678547-ebf5-4c5e-be30-9f61598efabe: start LeaderElection
2019-10-02 07:48:34,388 [20b15c73-7e36-4f3d-af5d-dcac1c223d80@group-9F6C5FB83FC3-SegmentedRaftLogWorker] INFO  segmented.SegmentedRaftLogWorker (SegmentedRaftLogWorker.java:execute(574)) - 20b15c73-7e36-4f3d-af5d-dcac1c223d80@group-9F6C5FB83FC3-SegmentedRaftLogWorker: created new log segment /workdir/hadoop-ozone/integration-test/target/test-dir/MiniOzoneClusterImpl-eaaaa650-7a59-4694-95b4-85e6182e2b1b/datanode-4/data/ratis/af12865f-8c98-4b85-a796-9f6c5fb83fc3/current/log_inprogress_0
2019-10-02 07:48:34,389 [40678547-ebf5-4c5e-be30-9f61598efabe@group-3F63DB19FCDA-LeaderElection6] INFO  impl.LeaderElection (LeaderElection.java:askForVotes(178)) - 40678547-ebf5-4c5e-be30-9f61598efabe@group-3F63DB19FCDA-LeaderElection6: begin an election at term 1 for -1: [40678547-ebf5-4c5e-be30-9f61598efabe:192.168.164.211:33949], old=null
2019-10-02 07:48:34,389 [40678547-ebf5-4c5e-be30-9f61598efabe@group-3F63DB19FCDA-LeaderElection6] INFO  impl.RoleInfo (RoleInfo.java:shutdownLeaderElection(134)) - 40678547-ebf5-4c5e-be30-9f61598efabe: shutdown LeaderElection
2019-10-02 07:48:34,389 [40678547-ebf5-4c5e-be30-9f61598efabe@group-3F63DB19FCDA-LeaderElection6] INFO  impl.RaftServerImpl (RaftServerImpl.java:setRole(170)) - 40678547-ebf5-4c5e-be30-9f61598efabe@group-3F63DB19FCDA: changes role from CANDIDATE to LEADER at term 1 for changeToLeader
2019-10-02 07:48:34,389 [40678547-ebf5-4c5e-be30-9f61598efabe@group-3F63DB19FCDA-LeaderElection6] INFO  impl.RaftServerImpl (ServerState.java:setLeader(255)) - 40678547-ebf5-4c5e-be30-9f61598efabe@group-3F63DB19FCDA: change Leader from null to 40678547-ebf5-4c5e-be30-9f61598efabe at term 1 for becomeLeader, leader elected after 5226ms
2019-10-02 07:48:34,390 [40678547-ebf5-4c5e-be30-9f61598efabe@group-3F63DB19FCDA-LeaderElection6] INFO  server.RaftServerConfigKeys (ConfUtils.java:logGet(43)) - raft.server.staging.catchup.gap = 1000 (default)
2019-10-02 07:48:34,390 [40678547-ebf5-4c5e-be30-9f61598efabe@group-3F63DB19FCDA-LeaderElection6] INFO  server.RaftServerConfigKeys (ConfUtils.java:logGet(43)) - raft.server.rpc.sleep.time = 25ms (default)
2019-10-02 07:48:34,390 [40678547-ebf5-4c5e-be30-9f61598efabe@group-3F63DB19FCDA-LeaderElection6] INFO  server.RaftServerConfigKeys (ConfUtils.java:logGet(43)) - raft.server.write.element-limit = 4096 (default)
2019-10-02 07:48:34,391 [40678547-ebf5-4c5e-be30-9f61598efabe@group-3F63DB19FCDA-LeaderElection6] INFO  server.RaftServerConfigKeys (ConfUtils.java:logGet(43)) - raft.server.watch.timeout = 10s (default)
2019-10-02 07:48:34,391 [40678547-ebf5-4c5e-be30-9f61598efabe@group-3F63DB19FCDA-LeaderElection6] INFO  server.RaftServerConfigKeys (ConfUtils.java:logGet(43)) - raft.server.watch.timeout.denomination = 1s (default)
2019-10-02 07:48:34,391 [40678547-ebf5-4c5e-be30-9f61598efabe@group-3F63DB19FCDA-LeaderElection6] INFO  server.RaftServerConfigKeys (ConfUtils.java:logGet(43)) - raft.server.watch.element-limit = 65536 (default)
2019-10-02 07:48:34,393 [40678547-ebf5-4c5e-be30-9f61598efabe@group-3F63DB19FCDA-LeaderElection6] INFO  impl.RoleInfo (RoleInfo.java:updateAndGet(143)) - 40678547-ebf5-4c5e-be30-9f61598efabe: start LeaderState
2019-10-02 07:48:34,393 [40678547-ebf5-4c5e-be30-9f61598efabe@group-3F63DB19FCDA-LeaderElection6] INFO  segmented.SegmentedRaftLogWorker (SegmentedRaftLogWorker.java:startLogSegment(385)) - 40678547-ebf5-4c5e-be30-9f61598efabe@group-3F63DB19FCDA-SegmentedRaftLogWorker: Starting segment from index:0
2019-10-02 07:48:34,394 [40678547-ebf5-4c5e-be30-9f61598efabe@group-3F63DB19FCDA-LeaderElection6] INFO  impl.RaftServerImpl (ServerState.java:setRaftConf(356)) - 40678547-ebf5-4c5e-be30-9f61598efabe@group-3F63DB19FCDA: set configuration 0: [40678547-ebf5-4c5e-be30-9f61598efabe:192.168.164.211:33949], old=null at 0
2019-10-02 07:48:34,437 [40678547-ebf5-4c5e-be30-9f61598efabe@group-3F63DB19FCDA-SegmentedRaftLogWorker] INFO  segmented.SegmentedRaftLogWorker (SegmentedRaftLogWorker.java:execute(574)) - 40678547-ebf5-4c5e-be30-9f61598efabe@group-3F63DB19FCDA-SegmentedRaftLogWorker: created new log segment /workdir/hadoop-ozone/integration-test/target/test-dir/MiniOzoneClusterImpl-eaaaa650-7a59-4694-95b4-85e6182e2b1b/datanode-6/data/ratis/718d934e-e7f1-48f0-be13-3f63db19fcda/current/log_inprogress_0
2019-10-02 07:48:34,450 [Thread-264] INFO  impl.FollowerState (FollowerState.java:run(108)) - 20b15c73-7e36-4f3d-af5d-dcac1c223d80@group-2650E1CC81E5-FollowerState: change to CANDIDATE, lastRpcTime:5018ms, electionTimeout:5018ms
2019-10-02 07:48:34,450 [Thread-264] INFO  impl.RoleInfo (RoleInfo.java:shutdownFollowerState(121)) - 20b15c73-7e36-4f3d-af5d-dcac1c223d80: shutdown FollowerState
2019-10-02 07:48:34,450 [Thread-264] INFO  impl.RaftServerImpl (RaftServerImpl.java:setRole(170)) - 20b15c73-7e36-4f3d-af5d-dcac1c223d80@group-2650E1CC81E5: changes role from  FOLLOWER to CANDIDATE at term 0 for changeToCandidate
2019-10-02 07:48:34,450 [Thread-264] INFO  impl.RoleInfo (RoleInfo.java:updateAndGet(143)) - 20b15c73-7e36-4f3d-af5d-dcac1c223d80: start LeaderElection
2019-10-02 07:48:34,466 [20b15c73-7e36-4f3d-af5d-dcac1c223d80@group-2650E1CC81E5-LeaderElection7] INFO  impl.LeaderElection (LeaderElection.java:askForVotes(178)) - 20b15c73-7e36-4f3d-af5d-dcac1c223d80@group-2650E1CC81E5-LeaderElection7: begin an election at term 1 for -1: [20b15c73-7e36-4f3d-af5d-dcac1c223d80:192.168.164.211:41323, e7d406ca-211a-4487-9af6-12e67609d01e:192.168.164.211:44510, 5769829b-5c7b-4b33-8720-74c1f11a345b:192.168.164.211:43201], old=null
2019-10-02 07:48:34,478 [Thread-258] INFO  impl.FollowerState (FollowerState.java:run(108)) - 56ea0766-1349-402d-9530-37c87c5c16c1@group-7C05CF146794-FollowerState: change to CANDIDATE, lastRpcTime:5161ms, electionTimeout:5160ms
2019-10-02 07:48:34,478 [Thread-258] INFO  impl.RoleInfo (RoleInfo.java:shutdownFollowerState(121)) - 56ea0766-1349-402d-9530-37c87c5c16c1: shutdown FollowerState
2019-10-02 07:48:34,478 [Thread-258] INFO  impl.RaftServerImpl (RaftServerImpl.java:setRole(170)) - 56ea0766-1349-402d-9530-37c87c5c16c1@group-7C05CF146794: changes role from  FOLLOWER to CANDIDATE at term 0 for changeToCandidate
2019-10-02 07:48:34,478 [Thread-258] INFO  impl.RoleInfo (RoleInfo.java:updateAndGet(143)) - 56ea0766-1349-402d-9530-37c87c5c16c1: start LeaderElection
2019-10-02 07:48:34,485 [56ea0766-1349-402d-9530-37c87c5c16c1@group-7C05CF146794-LeaderElection8] INFO  impl.LeaderElection (LeaderElection.java:askForVotes(178)) - 56ea0766-1349-402d-9530-37c87c5c16c1@group-7C05CF146794-LeaderElection8: begin an election at term 1 for -1: [56ea0766-1349-402d-9530-37c87c5c16c1:192.168.164.211:44517], old=null
2019-10-02 07:48:34,485 [56ea0766-1349-402d-9530-37c87c5c16c1@group-7C05CF146794-LeaderElection8] INFO  impl.RoleInfo (RoleInfo.java:shutdownLeaderElection(134)) - 56ea0766-1349-402d-9530-37c87c5c16c1: shutdown LeaderElection
2019-10-02 07:48:34,486 [56ea0766-1349-402d-9530-37c87c5c16c1@group-7C05CF146794-LeaderElection8] INFO  impl.RaftServerImpl (RaftServerImpl.java:setRole(170)) - 56ea0766-1349-402d-9530-37c87c5c16c1@group-7C05CF146794: changes role from CANDIDATE to LEADER at term 1 for changeToLeader
2019-10-02 07:48:34,487 [56ea0766-1349-402d-9530-37c87c5c16c1@group-7C05CF146794-LeaderElection8] INFO  impl.RaftServerImpl (ServerState.java:setLeader(255)) - 56ea0766-1349-402d-9530-37c87c5c16c1@group-7C05CF146794: change Leader from null to 56ea0766-1349-402d-9530-37c87c5c16c1 at term 1 for becomeLeader, leader elected after 5177ms
2019-10-02 07:48:34,488 [56ea0766-1349-402d-9530-37c87c5c16c1@group-7C05CF146794-LeaderElection8] INFO  server.RaftServerConfigKeys (ConfUtils.java:logGet(43)) - raft.server.staging.catchup.gap = 1000 (default)
2019-10-02 07:48:34,488 [56ea0766-1349-402d-9530-37c87c5c16c1@group-7C05CF146794-LeaderElection8] INFO  server.RaftServerConfigKeys (ConfUtils.java:logGet(43)) - raft.server.rpc.sleep.time = 25ms (default)
2019-10-02 07:48:34,489 [56ea0766-1349-402d-9530-37c87c5c16c1@group-7C05CF146794-LeaderElection8] INFO  server.RaftServerConfigKeys (ConfUtils.java:logGet(43)) - raft.server.write.element-limit = 4096 (default)
2019-10-02 07:48:34,489 [56ea0766-1349-402d-9530-37c87c5c16c1@group-7C05CF146794-LeaderElection8] INFO  server.RaftServerConfigKeys (ConfUtils.java:logGet(43)) - raft.server.watch.timeout = 10s (default)
2019-10-02 07:48:34,489 [56ea0766-1349-402d-9530-37c87c5c16c1@group-7C05CF146794-LeaderElection8] INFO  server.RaftServerConfigKeys (ConfUtils.java:logGet(43)) - raft.server.watch.timeout.denomination = 1s (default)
2019-10-02 07:48:34,489 [56ea0766-1349-402d-9530-37c87c5c16c1@group-7C05CF146794-LeaderElection8] INFO  server.RaftServerConfigKeys (ConfUtils.java:logGet(43)) - raft.server.watch.element-limit = 65536 (default)
2019-10-02 07:48:34,491 [grpc-default-executor-2] INFO  impl.RaftServerImpl (RaftServerImpl.java:setRole(170)) - e7d406ca-211a-4487-9af6-12e67609d01e@group-2650E1CC81E5: changes role from  FOLLOWER to FOLLOWER at term 1 for recognizeCandidate:20b15c73-7e36-4f3d-af5d-dcac1c223d80
2019-10-02 07:48:34,491 [grpc-default-executor-0] INFO  impl.RaftServerImpl (RaftServerImpl.java:setRole(170)) - 5769829b-5c7b-4b33-8720-74c1f11a345b@group-2650E1CC81E5: changes role from  FOLLOWER to FOLLOWER at term 1 for recognizeCandidate:20b15c73-7e36-4f3d-af5d-dcac1c223d80
2019-10-02 07:48:34,492 [grpc-default-executor-2] INFO  impl.RoleInfo (RoleInfo.java:shutdownFollowerState(121)) - e7d406ca-211a-4487-9af6-12e67609d01e: shutdown FollowerState
2019-10-02 07:48:34,492 [grpc-default-executor-0] INFO  impl.RoleInfo (RoleInfo.java:shutdownFollowerState(121)) - 5769829b-5c7b-4b33-8720-74c1f11a345b: shutdown FollowerState
2019-10-02 07:48:34,492 [grpc-default-executor-2] INFO  impl.RoleInfo (RoleInfo.java:updateAndGet(143)) - e7d406ca-211a-4487-9af6-12e67609d01e: start FollowerState
2019-10-02 07:48:34,492 [Thread-265] INFO  impl.FollowerState (FollowerState.java:run(117)) - 5769829b-5c7b-4b33-8720-74c1f11a345b@group-2650E1CC81E5-FollowerState was interrupted: java.lang.InterruptedException: sleep interrupted
2019-10-02 07:48:34,492 [grpc-default-executor-0] INFO  impl.RoleInfo (RoleInfo.java:updateAndGet(143)) - 5769829b-5c7b-4b33-8720-74c1f11a345b: start FollowerState
2019-10-02 07:48:34,492 [Thread-263] INFO  impl.FollowerState (FollowerState.java:run(117)) - e7d406ca-211a-4487-9af6-12e67609d01e@group-2650E1CC81E5-FollowerState was interrupted: java.lang.InterruptedException: sleep interrupted
2019-10-02 07:48:34,496 [56ea0766-1349-402d-9530-37c87c5c16c1@group-7C05CF146794-LeaderElection8] INFO  impl.RoleInfo (RoleInfo.java:updateAndGet(143)) - 56ea0766-1349-402d-9530-37c87c5c16c1: start LeaderState
2019-10-02 07:48:34,496 [56ea0766-1349-402d-9530-37c87c5c16c1@group-7C05CF146794-LeaderElection8] INFO  segmented.SegmentedRaftLogWorker (SegmentedRaftLogWorker.java:startLogSegment(385)) - 56ea0766-1349-402d-9530-37c87c5c16c1@group-7C05CF146794-SegmentedRaftLogWorker: Starting segment from index:0
2019-10-02 07:48:34,497 [56ea0766-1349-402d-9530-37c87c5c16c1@group-7C05CF146794-LeaderElection8] INFO  impl.RaftServerImpl (ServerState.java:setRaftConf(356)) - 56ea0766-1349-402d-9530-37c87c5c16c1@group-7C05CF146794: set configuration 0: [56ea0766-1349-402d-9530-37c87c5c16c1:192.168.164.211:44517], old=null at 0
2019-10-02 07:48:34,531 [20b15c73-7e36-4f3d-af5d-dcac1c223d80@group-2650E1CC81E5-LeaderElection7] INFO  impl.LeaderElection (LeaderElection.java:logAndReturn(56)) - 20b15c73-7e36-4f3d-af5d-dcac1c223d80@group-2650E1CC81E5-LeaderElection7: Election PASSED; received 1 response(s) [20b15c73-7e36-4f3d-af5d-dcac1c223d80<-e7d406ca-211a-4487-9af6-12e67609d01e#0:OK-t1] and 0 exception(s); 20b15c73-7e36-4f3d-af5d-dcac1c223d80@group-2650E1CC81E5:t1, leader=null, voted=20b15c73-7e36-4f3d-af5d-dcac1c223d80, raftlog=20b15c73-7e36-4f3d-af5d-dcac1c223d80@group-2650E1CC81E5-SegmentedRaftLog:OPENED:c-1,f-1,i0, conf=-1: [20b15c73-7e36-4f3d-af5d-dcac1c223d80:192.168.164.211:41323, e7d406ca-211a-4487-9af6-12e67609d01e:192.168.164.211:44510, 5769829b-5c7b-4b33-8720-74c1f11a345b:192.168.164.211:43201], old=null
2019-10-02 07:48:34,531 [20b15c73-7e36-4f3d-af5d-dcac1c223d80@group-2650E1CC81E5-LeaderElection7] INFO  impl.RoleInfo (RoleInfo.java:shutdownLeaderElection(134)) - 20b15c73-7e36-4f3d-af5d-dcac1c223d80: shutdown LeaderElection
2019-10-02 07:48:34,533 [20b15c73-7e36-4f3d-af5d-dcac1c223d80@group-2650E1CC81E5-LeaderElection7] INFO  impl.RaftServerImpl (RaftServerImpl.java:setRole(170)) - 20b15c73-7e36-4f3d-af5d-dcac1c223d80@group-2650E1CC81E5: changes role from CANDIDATE to LEADER at term 1 for changeToLeader
2019-10-02 07:48:34,534 [56ea0766-1349-402d-9530-37c87c5c16c1@group-7C05CF146794-SegmentedRaftLogWorker] INFO  segmented.SegmentedRaftLogWorker (SegmentedRaftLogWorker.java:execute(574)) - 56ea0766-1349-402d-9530-37c87c5c16c1@group-7C05CF146794-SegmentedRaftLogWorker: created new log segment /workdir/hadoop-ozone/integration-test/target/test-dir/MiniOzoneClusterImpl-eaaaa650-7a59-4694-95b4-85e6182e2b1b/datanode-2/data/ratis/d143d2bc-8faa-437c-b879-7c05cf146794/current/log_inprogress_0
2019-10-02 07:48:34,534 [20b15c73-7e36-4f3d-af5d-dcac1c223d80@group-2650E1CC81E5-LeaderElection7] INFO  impl.RaftServerImpl (ServerState.java:setLeader(255)) - 20b15c73-7e36-4f3d-af5d-dcac1c223d80@group-2650E1CC81E5: change Leader from null to 20b15c73-7e36-4f3d-af5d-dcac1c223d80 at term 1 for becomeLeader, leader elected after 5113ms
2019-10-02 07:48:34,536 [20b15c73-7e36-4f3d-af5d-dcac1c223d80@group-2650E1CC81E5-LeaderElection7] INFO  server.RaftServerConfigKeys (ConfUtils.java:logGet(43)) - raft.server.staging.catchup.gap = 1000 (default)
2019-10-02 07:48:34,536 [20b15c73-7e36-4f3d-af5d-dcac1c223d80@group-2650E1CC81E5-LeaderElection7] INFO  server.RaftServerConfigKeys (ConfUtils.java:logGet(43)) - raft.server.rpc.sleep.time = 25ms (default)
2019-10-02 07:48:34,536 [20b15c73-7e36-4f3d-af5d-dcac1c223d80@group-2650E1CC81E5-LeaderElection7] INFO  server.RaftServerConfigKeys (ConfUtils.java:logGet(43)) - raft.server.write.element-limit = 4096 (default)
2019-10-02 07:48:34,536 [20b15c73-7e36-4f3d-af5d-dcac1c223d80@group-2650E1CC81E5-LeaderElection7] INFO  server.RaftServerConfigKeys (ConfUtils.java:logGet(43)) - raft.server.watch.timeout = 10s (default)
2019-10-02 07:48:34,536 [20b15c73-7e36-4f3d-af5d-dcac1c223d80@group-2650E1CC81E5-LeaderElection7] INFO  server.RaftServerConfigKeys (ConfUtils.java:logGet(43)) - raft.server.watch.timeout.denomination = 1s (default)
2019-10-02 07:48:34,536 [20b15c73-7e36-4f3d-af5d-dcac1c223d80@group-2650E1CC81E5-LeaderElection7] INFO  server.RaftServerConfigKeys (ConfUtils.java:logGet(43)) - raft.server.watch.element-limit = 65536 (default)
2019-10-02 07:48:34,543 [20b15c73-7e36-4f3d-af5d-dcac1c223d80@group-2650E1CC81E5-LeaderElection7] INFO  server.RaftServerConfigKeys (ConfUtils.java:logGet(43)) - raft.server.log.appender.snapshot.chunk.size.max = 16MB (=16777216) (default)
2019-10-02 07:48:34,544 [20b15c73-7e36-4f3d-af5d-dcac1c223d80@group-2650E1CC81E5-LeaderElection7] INFO  server.RaftServerConfigKeys (ConfUtils.java:logGet(43)) - raft.server.log.appender.buffer.byte-limit = 33554432 (custom)
2019-10-02 07:48:34,544 [20b15c73-7e36-4f3d-af5d-dcac1c223d80@group-2650E1CC81E5-LeaderElection7] INFO  server.RaftServerConfigKeys (ConfUtils.java:logGet(43)) - raft.server.log.appender.buffer.element-limit = 1 (custom)
2019-10-02 07:48:34,559 [20b15c73-7e36-4f3d-af5d-dcac1c223d80@group-2650E1CC81E5-LeaderElection7] INFO  grpc.GrpcConfigKeys$Server (ConfUtils.java:logGet(43)) - raft.grpc.server.leader.outstanding.appends.max = 128 (default)
2019-10-02 07:48:34,565 [20b15c73-7e36-4f3d-af5d-dcac1c223d80@group-2650E1CC81E5-LeaderElection7] INFO  server.RaftServerConfigKeys (ConfUtils.java:logGet(43)) - raft.server.rpc.request.timeout = 3000ms (default)
2019-10-02 07:48:34,565 [20b15c73-7e36-4f3d-af5d-dcac1c223d80@group-2650E1CC81E5-LeaderElection7] INFO  server.RaftServerConfigKeys (ConfUtils.java:logGet(43)) - raft.server.log.appender.install.snapshot.enabled = false (custom)
2019-10-02 07:48:34,566 [20b15c73-7e36-4f3d-af5d-dcac1c223d80@group-2650E1CC81E5-LeaderElection7] INFO  server.RaftServerConfigKeys (ConfUtils.java:logGet(43)) - raft.server.log.appender.snapshot.chunk.size.max = 16MB (=16777216) (default)
2019-10-02 07:48:34,566 [20b15c73-7e36-4f3d-af5d-dcac1c223d80@group-2650E1CC81E5-LeaderElection7] INFO  server.RaftServerConfigKeys (ConfUtils.java:logGet(43)) - raft.server.log.appender.buffer.byte-limit = 33554432 (custom)
2019-10-02 07:48:34,566 [20b15c73-7e36-4f3d-af5d-dcac1c223d80@group-2650E1CC81E5-LeaderElection7] INFO  server.RaftServerConfigKeys (ConfUtils.java:logGet(43)) - raft.server.log.appender.buffer.element-limit = 1 (custom)
2019-10-02 07:48:34,567 [20b15c73-7e36-4f3d-af5d-dcac1c223d80@group-2650E1CC81E5-LeaderElection7] INFO  grpc.GrpcConfigKeys$Server (ConfUtils.java:logGet(43)) - raft.grpc.server.leader.outstanding.appends.max = 128 (default)
2019-10-02 07:48:34,567 [20b15c73-7e36-4f3d-af5d-dcac1c223d80@group-2650E1CC81E5-LeaderElection7] INFO  server.RaftServerConfigKeys (ConfUtils.java:logGet(43)) - raft.server.rpc.request.timeout = 3000ms (default)
2019-10-02 07:48:34,567 [20b15c73-7e36-4f3d-af5d-dcac1c223d80@group-2650E1CC81E5-LeaderElection7] INFO  server.RaftServerConfigKeys (ConfUtils.java:logGet(43)) - raft.server.log.appender.install.snapshot.enabled = false (custom)
2019-10-02 07:48:34,568 [20b15c73-7e36-4f3d-af5d-dcac1c223d80@group-2650E1CC81E5-LeaderElection7] INFO  impl.RoleInfo (RoleInfo.java:updateAndGet(143)) - 20b15c73-7e36-4f3d-af5d-dcac1c223d80: start LeaderState
2019-10-02 07:48:34,569 [20b15c73-7e36-4f3d-af5d-dcac1c223d80@group-2650E1CC81E5-LeaderElection7] INFO  segmented.SegmentedRaftLogWorker (SegmentedRaftLogWorker.java:startLogSegment(385)) - 20b15c73-7e36-4f3d-af5d-dcac1c223d80@group-2650E1CC81E5-SegmentedRaftLogWorker: Starting segment from index:0
2019-10-02 07:48:34,569 [20b15c73-7e36-4f3d-af5d-dcac1c223d80@group-2650E1CC81E5-LeaderElection7] INFO  impl.RaftServerImpl (ServerState.java:setRaftConf(356)) - 20b15c73-7e36-4f3d-af5d-dcac1c223d80@group-2650E1CC81E5: set configuration 0: [20b15c73-7e36-4f3d-af5d-dcac1c223d80:192.168.164.211:41323, e7d406ca-211a-4487-9af6-12e67609d01e:192.168.164.211:44510, 5769829b-5c7b-4b33-8720-74c1f11a345b:192.168.164.211:43201], old=null at 0
2019-10-02 07:48:34,606 [20b15c73-7e36-4f3d-af5d-dcac1c223d80@group-2650E1CC81E5-SegmentedRaftLogWorker] INFO  segmented.SegmentedRaftLogWorker (SegmentedRaftLogWorker.java:execute(574)) - 20b15c73-7e36-4f3d-af5d-dcac1c223d80@group-2650E1CC81E5-SegmentedRaftLogWorker: created new log segment /workdir/hadoop-ozone/integration-test/target/test-dir/MiniOzoneClusterImpl-eaaaa650-7a59-4694-95b4-85e6182e2b1b/datanode-4/data/ratis/c468c0b3-f98a-4cbe-a67d-2650e1cc81e5/current/log_inprogress_0
2019-10-02 07:48:34,615 [grpc-default-executor-0] INFO  impl.RaftServerImpl (ServerState.java:setLeader(255)) - 5769829b-5c7b-4b33-8720-74c1f11a345b@group-2650E1CC81E5: change Leader from null to 20b15c73-7e36-4f3d-af5d-dcac1c223d80 at term 1 for appendEntries, leader elected after 5195ms
2019-10-02 07:48:34,616 [grpc-default-executor-2] INFO  impl.RaftServerImpl (ServerState.java:setLeader(255)) - e7d406ca-211a-4487-9af6-12e67609d01e@group-2650E1CC81E5: change Leader from null to 20b15c73-7e36-4f3d-af5d-dcac1c223d80 at term 1 for appendEntries, leader elected after 5196ms
2019-10-02 07:48:34,642 [Thread-272] INFO  impl.FollowerState (FollowerState.java:run(108)) - b57445c0-33a9-4c70-9e00-cba4e4b039b5@group-5D63B776816D-FollowerState: change to CANDIDATE, lastRpcTime:5077ms, electionTimeout:5076ms
2019-10-02 07:48:34,642 [Thread-272] INFO  impl.RoleInfo (RoleInfo.java:shutdownFollowerState(121)) - b57445c0-33a9-4c70-9e00-cba4e4b039b5: shutdown FollowerState
2019-10-02 07:48:34,642 [Thread-272] INFO  impl.RaftServerImpl (RaftServerImpl.java:setRole(170)) - b57445c0-33a9-4c70-9e00-cba4e4b039b5@group-5D63B776816D: changes role from  FOLLOWER to CANDIDATE at term 0 for changeToCandidate
2019-10-02 07:48:34,643 [Thread-272] INFO  impl.RoleInfo (RoleInfo.java:updateAndGet(143)) - b57445c0-33a9-4c70-9e00-cba4e4b039b5: start LeaderElection
2019-10-02 07:48:34,646 [grpc-default-executor-2] INFO  impl.RaftServerImpl (ServerState.java:setRaftConf(356)) - 5769829b-5c7b-4b33-8720-74c1f11a345b@group-2650E1CC81E5: set configuration 0: [20b15c73-7e36-4f3d-af5d-dcac1c223d80:192.168.164.211:41323, e7d406ca-211a-4487-9af6-12e67609d01e:192.168.164.211:44510, 5769829b-5c7b-4b33-8720-74c1f11a345b:192.168.164.211:43201], old=null at 0
2019-10-02 07:48:34,646 [grpc-default-executor-0] INFO  impl.RaftServerImpl (ServerState.java:setRaftConf(356)) - e7d406ca-211a-4487-9af6-12e67609d01e@group-2650E1CC81E5: set configuration 0: [20b15c73-7e36-4f3d-af5d-dcac1c223d80:192.168.164.211:41323, e7d406ca-211a-4487-9af6-12e67609d01e:192.168.164.211:44510, 5769829b-5c7b-4b33-8720-74c1f11a345b:192.168.164.211:43201], old=null at 0
2019-10-02 07:48:34,646 [grpc-default-executor-2] INFO  segmented.SegmentedRaftLogWorker (SegmentedRaftLogWorker.java:startLogSegment(385)) - 5769829b-5c7b-4b33-8720-74c1f11a345b@group-2650E1CC81E5-SegmentedRaftLogWorker: Starting segment from index:0
2019-10-02 07:48:34,646 [grpc-default-executor-0] INFO  segmented.SegmentedRaftLogWorker (SegmentedRaftLogWorker.java:startLogSegment(385)) - e7d406ca-211a-4487-9af6-12e67609d01e@group-2650E1CC81E5-SegmentedRaftLogWorker: Starting segment from index:0
2019-10-02 07:48:34,655 [b57445c0-33a9-4c70-9e00-cba4e4b039b5@group-5D63B776816D-LeaderElection9] INFO  impl.LeaderElection (LeaderElection.java:askForVotes(178)) - b57445c0-33a9-4c70-9e00-cba4e4b039b5@group-5D63B776816D-LeaderElection9: begin an election at term 1 for -1: [40678547-ebf5-4c5e-be30-9f61598efabe:192.168.164.211:33949, 59af106e-d8c8-4b7a-839e-06f3cb270bf5:192.168.164.211:45332, b57445c0-33a9-4c70-9e00-cba4e4b039b5:192.168.164.211:41677], old=null
2019-10-02 07:48:34,688 [grpc-default-executor-2] INFO  impl.RaftServerImpl (RaftServerImpl.java:setRole(170)) - 59af106e-d8c8-4b7a-839e-06f3cb270bf5@group-5D63B776816D: changes role from  FOLLOWER to FOLLOWER at term 1 for recognizeCandidate:b57445c0-33a9-4c70-9e00-cba4e4b039b5
2019-10-02 07:48:34,688 [grpc-default-executor-0] INFO  impl.RaftServerImpl (RaftServerImpl.java:setRole(170)) - 40678547-ebf5-4c5e-be30-9f61598efabe@group-5D63B776816D: changes role from  FOLLOWER to FOLLOWER at term 1 for recognizeCandidate:b57445c0-33a9-4c70-9e00-cba4e4b039b5
2019-10-02 07:48:34,688 [grpc-default-executor-2] INFO  impl.RoleInfo (RoleInfo.java:shutdownFollowerState(121)) - 59af106e-d8c8-4b7a-839e-06f3cb270bf5: shutdown FollowerState
2019-10-02 07:48:34,688 [grpc-default-executor-0] INFO  impl.RoleInfo (RoleInfo.java:shutdownFollowerState(121)) - 40678547-ebf5-4c5e-be30-9f61598efabe: shutdown FollowerState
2019-10-02 07:48:34,689 [grpc-default-executor-2] INFO  impl.RoleInfo (RoleInfo.java:updateAndGet(143)) - 59af106e-d8c8-4b7a-839e-06f3cb270bf5: start FollowerState
2019-10-02 07:48:34,689 [grpc-default-executor-0] INFO  impl.RoleInfo (RoleInfo.java:updateAndGet(143)) - 40678547-ebf5-4c5e-be30-9f61598efabe: start FollowerState
2019-10-02 07:48:34,689 [Thread-274] INFO  impl.FollowerState (FollowerState.java:run(117)) - 40678547-ebf5-4c5e-be30-9f61598efabe@group-5D63B776816D-FollowerState was interrupted: java.lang.InterruptedException: sleep interrupted
2019-10-02 07:48:34,689 [Thread-273] INFO  impl.FollowerState (FollowerState.java:run(117)) - 59af106e-d8c8-4b7a-839e-06f3cb270bf5@group-5D63B776816D-FollowerState was interrupted: java.lang.InterruptedException: sleep interrupted
2019-10-02 07:48:34,696 [e7d406ca-211a-4487-9af6-12e67609d01e@group-2650E1CC81E5-SegmentedRaftLogWorker] INFO  segmented.SegmentedRaftLogWorker (SegmentedRaftLogWorker.java:execute(574)) - e7d406ca-211a-4487-9af6-12e67609d01e@group-2650E1CC81E5-SegmentedRaftLogWorker: created new log segment /workdir/hadoop-ozone/integration-test/target/test-dir/MiniOzoneClusterImpl-eaaaa650-7a59-4694-95b4-85e6182e2b1b/datanode-5/data/ratis/c468c0b3-f98a-4cbe-a67d-2650e1cc81e5/current/log_inprogress_0
2019-10-02 07:48:34,696 [5769829b-5c7b-4b33-8720-74c1f11a345b@group-2650E1CC81E5-SegmentedRaftLogWorker] INFO  segmented.SegmentedRaftLogWorker (SegmentedRaftLogWorker.java:execute(574)) - 5769829b-5c7b-4b33-8720-74c1f11a345b@group-2650E1CC81E5-SegmentedRaftLogWorker: created new log segment /workdir/hadoop-ozone/integration-test/target/test-dir/MiniOzoneClusterImpl-eaaaa650-7a59-4694-95b4-85e6182e2b1b/datanode-1/data/ratis/c468c0b3-f98a-4cbe-a67d-2650e1cc81e5/current/log_inprogress_0
2019-10-02 07:48:34,706 [b57445c0-33a9-4c70-9e00-cba4e4b039b5@group-5D63B776816D-LeaderElection9] INFO  impl.LeaderElection (LeaderElection.java:logAndReturn(56)) - b57445c0-33a9-4c70-9e00-cba4e4b039b5@group-5D63B776816D-LeaderElection9: Election PASSED; received 1 response(s) [b57445c0-33a9-4c70-9e00-cba4e4b039b5<-59af106e-d8c8-4b7a-839e-06f3cb270bf5#0:OK-t1] and 0 exception(s); b57445c0-33a9-4c70-9e00-cba4e4b039b5@group-5D63B776816D:t1, leader=null, voted=b57445c0-33a9-4c70-9e00-cba4e4b039b5, raftlog=b57445c0-33a9-4c70-9e00-cba4e4b039b5@group-5D63B776816D-SegmentedRaftLog:OPENED:c-1,f-1,i0, conf=-1: [40678547-ebf5-4c5e-be30-9f61598efabe:192.168.164.211:33949, 59af106e-d8c8-4b7a-839e-06f3cb270bf5:192.168.164.211:45332, b57445c0-33a9-4c70-9e00-cba4e4b039b5:192.168.164.211:41677], old=null
2019-10-02 07:48:34,706 [b57445c0-33a9-4c70-9e00-cba4e4b039b5@group-5D63B776816D-LeaderElection9] INFO  impl.RoleInfo (RoleInfo.java:shutdownLeaderElection(134)) - b57445c0-33a9-4c70-9e00-cba4e4b039b5: shutdown LeaderElection
2019-10-02 07:48:34,707 [b57445c0-33a9-4c70-9e00-cba4e4b039b5@group-5D63B776816D-LeaderElection9] INFO  impl.RaftServerImpl (RaftServerImpl.java:setRole(170)) - b57445c0-33a9-4c70-9e00-cba4e4b039b5@group-5D63B776816D: changes role from CANDIDATE to LEADER at term 1 for changeToLeader
2019-10-02 07:48:34,707 [b57445c0-33a9-4c70-9e00-cba4e4b039b5@group-5D63B776816D-LeaderElection9] INFO  impl.RaftServerImpl (ServerState.java:setLeader(255)) - b57445c0-33a9-4c70-9e00-cba4e4b039b5@group-5D63B776816D: change Leader from null to b57445c0-33a9-4c70-9e00-cba4e4b039b5 at term 1 for becomeLeader, leader elected after 5152ms
2019-10-02 07:48:34,707 [b57445c0-33a9-4c70-9e00-cba4e4b039b5@group-5D63B776816D-LeaderElection9] INFO  server.RaftServerConfigKeys (ConfUtils.java:logGet(43)) - raft.server.staging.catchup.gap = 1000 (default)
2019-10-02 07:48:34,707 [b57445c0-33a9-4c70-9e00-cba4e4b039b5@group-5D63B776816D-LeaderElection9] INFO  server.RaftServerConfigKeys (ConfUtils.java:logGet(43)) - raft.server.rpc.sleep.time = 25ms (default)
2019-10-02 07:48:34,708 [b57445c0-33a9-4c70-9e00-cba4e4b039b5@group-5D63B776816D-LeaderElection9] INFO  server.RaftServerConfigKeys (ConfUtils.java:logGet(43)) - raft.server.write.element-limit = 4096 (default)
2019-10-02 07:48:34,708 [b57445c0-33a9-4c70-9e00-cba4e4b039b5@group-5D63B776816D-LeaderElection9] INFO  server.RaftServerConfigKeys (ConfUtils.java:logGet(43)) - raft.server.watch.timeout = 10s (default)
2019-10-02 07:48:34,708 [b57445c0-33a9-4c70-9e00-cba4e4b039b5@group-5D63B776816D-LeaderElection9] INFO  server.RaftServerConfigKeys (ConfUtils.java:logGet(43)) - raft.server.watch.timeout.denomination = 1s (default)
2019-10-02 07:48:34,708 [b57445c0-33a9-4c70-9e00-cba4e4b039b5@group-5D63B776816D-LeaderElection9] INFO  server.RaftServerConfigKeys (ConfUtils.java:logGet(43)) - raft.server.watch.element-limit = 65536 (default)
2019-10-02 07:48:34,710 [b57445c0-33a9-4c70-9e00-cba4e4b039b5@group-5D63B776816D-LeaderElection9] INFO  server.RaftServerConfigKeys (ConfUtils.java:logGet(43)) - raft.server.log.appender.snapshot.chunk.size.max = 16MB (=16777216) (default)
2019-10-02 07:48:34,710 [b57445c0-33a9-4c70-9e00-cba4e4b039b5@group-5D63B776816D-LeaderElection9] INFO  server.RaftServerConfigKeys (ConfUtils.java:logGet(43)) - raft.server.log.appender.buffer.byte-limit = 33554432 (custom)
2019-10-02 07:48:34,710 [b57445c0-33a9-4c70-9e00-cba4e4b039b5@group-5D63B776816D-LeaderElection9] INFO  server.RaftServerConfigKeys (ConfUtils.java:logGet(43)) - raft.server.log.appender.buffer.element-limit = 1 (custom)
2019-10-02 07:48:34,710 [b57445c0-33a9-4c70-9e00-cba4e4b039b5@group-5D63B776816D-LeaderElection9] INFO  grpc.GrpcConfigKeys$Server (ConfUtils.java:logGet(43)) - raft.grpc.server.leader.outstanding.appends.max = 128 (default)
2019-10-02 07:48:34,712 [b57445c0-33a9-4c70-9e00-cba4e4b039b5@group-5D63B776816D-LeaderElection9] INFO  server.RaftServerConfigKeys (ConfUtils.java:logGet(43)) - raft.server.rpc.request.timeout = 3000ms (default)
2019-10-02 07:48:34,712 [b57445c0-33a9-4c70-9e00-cba4e4b039b5@group-5D63B776816D-LeaderElection9] INFO  server.RaftServerConfigKeys (ConfUtils.java:logGet(43)) - raft.server.log.appender.install.snapshot.enabled = false (custom)
2019-10-02 07:48:34,712 [b57445c0-33a9-4c70-9e00-cba4e4b039b5@group-5D63B776816D-LeaderElection9] INFO  server.RaftServerConfigKeys (ConfUtils.java:logGet(43)) - raft.server.log.appender.snapshot.chunk.size.max = 16MB (=16777216) (default)
2019-10-02 07:48:34,712 [b57445c0-33a9-4c70-9e00-cba4e4b039b5@group-5D63B776816D-LeaderElection9] INFO  server.RaftServerConfigKeys (ConfUtils.java:logGet(43)) - raft.server.log.appender.buffer.byte-limit = 33554432 (custom)
2019-10-02 07:48:34,712 [b57445c0-33a9-4c70-9e00-cba4e4b039b5@group-5D63B776816D-LeaderElection9] INFO  server.RaftServerConfigKeys (ConfUtils.java:logGet(43)) - raft.server.log.appender.buffer.element-limit = 1 (custom)
2019-10-02 07:48:34,713 [b57445c0-33a9-4c70-9e00-cba4e4b039b5@group-5D63B776816D-LeaderElection9] INFO  grpc.GrpcConfigKeys$Server (ConfUtils.java:logGet(43)) - raft.grpc.server.leader.outstanding.appends.max = 128 (default)
2019-10-02 07:48:34,713 [b57445c0-33a9-4c70-9e00-cba4e4b039b5@group-5D63B776816D-LeaderElection9] INFO  server.RaftServerConfigKeys (ConfUtils.java:logGet(43)) - raft.server.rpc.request.timeout = 3000ms (default)
2019-10-02 07:48:34,713 [b57445c0-33a9-4c70-9e00-cba4e4b039b5@group-5D63B776816D-LeaderElection9] INFO  server.RaftServerConfigKeys (ConfUtils.java:logGet(43)) - raft.server.log.appender.install.snapshot.enabled = false (custom)
2019-10-02 07:48:34,713 [b57445c0-33a9-4c70-9e00-cba4e4b039b5@group-5D63B776816D-LeaderElection9] INFO  impl.RoleInfo (RoleInfo.java:updateAndGet(143)) - b57445c0-33a9-4c70-9e00-cba4e4b039b5: start LeaderState
2019-10-02 07:48:34,713 [b57445c0-33a9-4c70-9e00-cba4e4b039b5@group-5D63B776816D-LeaderElection9] INFO  segmented.SegmentedRaftLogWorker (SegmentedRaftLogWorker.java:startLogSegment(385)) - b57445c0-33a9-4c70-9e00-cba4e4b039b5@group-5D63B776816D-SegmentedRaftLogWorker: Starting segment from index:0
2019-10-02 07:48:34,714 [b57445c0-33a9-4c70-9e00-cba4e4b039b5@group-5D63B776816D-LeaderElection9] INFO  impl.RaftServerImpl (ServerState.java:setRaftConf(356)) - b57445c0-33a9-4c70-9e00-cba4e4b039b5@group-5D63B776816D: set configuration 0: [40678547-ebf5-4c5e-be30-9f61598efabe:192.168.164.211:33949, 59af106e-d8c8-4b7a-839e-06f3cb270bf5:192.168.164.211:45332, b57445c0-33a9-4c70-9e00-cba4e4b039b5:192.168.164.211:41677], old=null at 0
2019-10-02 07:48:34,745 [grpc-default-executor-0] INFO  impl.RaftServerImpl (ServerState.java:setLeader(255)) - 40678547-ebf5-4c5e-be30-9f61598efabe@group-5D63B776816D: change Leader from null to b57445c0-33a9-4c70-9e00-cba4e4b039b5 at term 1 for appendEntries, leader elected after 5189ms
2019-10-02 07:48:34,750 [grpc-default-executor-0] INFO  impl.RaftServerImpl (ServerState.java:setLeader(255)) - 59af106e-d8c8-4b7a-839e-06f3cb270bf5@group-5D63B776816D: change Leader from null to b57445c0-33a9-4c70-9e00-cba4e4b039b5 at term 1 for appendEntries, leader elected after 5195ms
2019-10-02 07:48:34,752 [grpc-default-executor-1] INFO  impl.RaftServerImpl (ServerState.java:setRaftConf(356)) - 40678547-ebf5-4c5e-be30-9f61598efabe@group-5D63B776816D: set configuration 0: [40678547-ebf5-4c5e-be30-9f61598efabe:192.168.164.211:33949, 59af106e-d8c8-4b7a-839e-06f3cb270bf5:192.168.164.211:45332, b57445c0-33a9-4c70-9e00-cba4e4b039b5:192.168.164.211:41677], old=null at 0
2019-10-02 07:48:34,752 [grpc-default-executor-1] INFO  segmented.SegmentedRaftLogWorker (SegmentedRaftLogWorker.java:startLogSegment(385)) - 40678547-ebf5-4c5e-be30-9f61598efabe@group-5D63B776816D-SegmentedRaftLogWorker: Starting segment from index:0
2019-10-02 07:48:34,753 [grpc-default-executor-1] INFO  impl.RaftServerImpl (ServerState.java:setRaftConf(356)) - 59af106e-d8c8-4b7a-839e-06f3cb270bf5@group-5D63B776816D: set configuration 0: [40678547-ebf5-4c5e-be30-9f61598efabe:192.168.164.211:33949, 59af106e-d8c8-4b7a-839e-06f3cb270bf5:192.168.164.211:45332, b57445c0-33a9-4c70-9e00-cba4e4b039b5:192.168.164.211:41677], old=null at 0
2019-10-02 07:48:34,754 [grpc-default-executor-1] INFO  segmented.SegmentedRaftLogWorker (SegmentedRaftLogWorker.java:startLogSegment(385)) - 59af106e-d8c8-4b7a-839e-06f3cb270bf5@group-5D63B776816D-SegmentedRaftLogWorker: Starting segment from index:0
2019-10-02 07:48:34,755 [b57445c0-33a9-4c70-9e00-cba4e4b039b5@group-5D63B776816D-SegmentedRaftLogWorker] INFO  segmented.SegmentedRaftLogWorker (SegmentedRaftLogWorker.java:execute(574)) - b57445c0-33a9-4c70-9e00-cba4e4b039b5@group-5D63B776816D-SegmentedRaftLogWorker: created new log segment /workdir/hadoop-ozone/integration-test/target/test-dir/MiniOzoneClusterImpl-eaaaa650-7a59-4694-95b4-85e6182e2b1b/datanode-0/data/ratis/eeff5108-90e5-421b-89d7-5d63b776816d/current/log_inprogress_0
2019-10-02 07:48:34,793 [59af106e-d8c8-4b7a-839e-06f3cb270bf5@group-5D63B776816D-SegmentedRaftLogWorker] INFO  segmented.SegmentedRaftLogWorker (SegmentedRaftLogWorker.java:execute(574)) - 59af106e-d8c8-4b7a-839e-06f3cb270bf5@group-5D63B776816D-SegmentedRaftLogWorker: created new log segment /workdir/hadoop-ozone/integration-test/target/test-dir/MiniOzoneClusterImpl-eaaaa650-7a59-4694-95b4-85e6182e2b1b/datanode-3/data/ratis/eeff5108-90e5-421b-89d7-5d63b776816d/current/log_inprogress_0
2019-10-02 07:48:34,793 [40678547-ebf5-4c5e-be30-9f61598efabe@group-5D63B776816D-SegmentedRaftLogWorker] INFO  segmented.SegmentedRaftLogWorker (SegmentedRaftLogWorker.java:execute(574)) - 40678547-ebf5-4c5e-be30-9f61598efabe@group-5D63B776816D-SegmentedRaftLogWorker: created new log segment /workdir/hadoop-ozone/integration-test/target/test-dir/MiniOzoneClusterImpl-eaaaa650-7a59-4694-95b4-85e6182e2b1b/datanode-6/data/ratis/eeff5108-90e5-421b-89d7-5d63b776816d/current/log_inprogress_0
2019-10-02 07:48:36,413 [main] WARN  scm.XceiverClientRatis (XceiverClientRatis.java:watchForCommit(292)) - 3 way commit failed on pipeline Pipeline[ Id: eeff5108-90e5-421b-89d7-5d63b776816d, Nodes: 40678547-ebf5-4c5e-be30-9f61598efabe{ip: 192.168.164.211, host: pr-hdds-2227-gdpr-vz6hn-2718222164, networkLocation: /default-rack, certSerialId: null}b57445c0-33a9-4c70-9e00-cba4e4b039b5{ip: 192.168.164.211, host: pr-hdds-2227-gdpr-vz6hn-2718222164, networkLocation: /default-rack, certSerialId: null}59af106e-d8c8-4b7a-839e-06f3cb270bf5{ip: 192.168.164.211, host: pr-hdds-2227-gdpr-vz6hn-2718222164, networkLocation: /default-rack, certSerialId: null}, Type:RATIS, Factor:THREE, State:OPEN]
java.util.concurrent.TimeoutException
	at java.util.concurrent.CompletableFuture.timedGet(CompletableFuture.java:1771)
	at java.util.concurrent.CompletableFuture.get(CompletableFuture.java:1915)
	at org.apache.hadoop.hdds.scm.XceiverClientRatis.watchForCommit(XceiverClientRatis.java:289)
	at org.apache.hadoop.hdds.scm.storage.CommitWatcher.watchForCommit(CommitWatcher.java:194)
	at org.apache.hadoop.hdds.scm.storage.CommitWatcher.watchOnLastIndex(CommitWatcher.java:157)
	at org.apache.hadoop.hdds.scm.storage.BlockOutputStream.watchForCommit(BlockOutputStream.java:347)
	at org.apache.hadoop.hdds.scm.storage.BlockOutputStream.handleFlush(BlockOutputStream.java:479)
	at org.apache.hadoop.hdds.scm.storage.BlockOutputStream.flush(BlockOutputStream.java:428)
	at org.apache.hadoop.ozone.client.io.BlockOutputStreamEntry.flush(BlockOutputStreamEntry.java:136)
	at org.apache.hadoop.ozone.client.io.KeyOutputStream.handleFlushOrClose(KeyOutputStream.java:443)
	at org.apache.hadoop.ozone.client.io.KeyOutputStream.flush(KeyOutputStream.java:397)
	at org.apache.hadoop.ozone.client.io.OzoneOutputStream.flush(OzoneOutputStream.java:54)
	at org.apache.hadoop.ozone.client.rpc.TestBlockOutputStreamWithFailures.test2DatanodesFailure(TestBlockOutputStreamWithFailures.java:461)
	at sun.reflect.NativeMethodAccessorImpl.invoke0(Native Method)
	at sun.reflect.NativeMethodAccessorImpl.invoke(NativeMethodAccessorImpl.java:62)
	at sun.reflect.DelegatingMethodAccessorImpl.invoke(DelegatingMethodAccessorImpl.java:43)
	at java.lang.reflect.Method.invoke(Method.java:498)
	at org.junit.runners.model.FrameworkMethod$1.runReflectiveCall(FrameworkMethod.java:47)
	at org.junit.internal.runners.model.ReflectiveCallable.run(ReflectiveCallable.java:12)
	at org.junit.runners.model.FrameworkMethod.invokeExplosively(FrameworkMethod.java:44)
	at org.junit.internal.runners.statements.InvokeMethod.evaluate(InvokeMethod.java:17)
	at org.junit.internal.runners.statements.RunBefores.evaluate(RunBefores.java:26)
	at org.junit.internal.runners.statements.RunAfters.evaluate(RunAfters.java:27)
	at org.junit.runners.ParentRunner.runLeaf(ParentRunner.java:271)
	at org.junit.runners.BlockJUnit4ClassRunner.runChild(BlockJUnit4ClassRunner.java:70)
	at org.junit.runners.BlockJUnit4ClassRunner.runChild(BlockJUnit4ClassRunner.java:50)
	at org.junit.runners.ParentRunner$3.run(ParentRunner.java:238)
	at org.junit.runners.ParentRunner$1.schedule(ParentRunner.java:63)
	at org.junit.runners.ParentRunner.runChildren(ParentRunner.java:236)
	at org.junit.runners.ParentRunner.access$000(ParentRunner.java:53)
	at org.junit.runners.ParentRunner$2.evaluate(ParentRunner.java:229)
	at org.junit.runners.ParentRunner.run(ParentRunner.java:309)
	at org.apache.maven.surefire.junit4.JUnit4Provider.execute(JUnit4Provider.java:365)
	at org.apache.maven.surefire.junit4.JUnit4Provider.executeWithRerun(JUnit4Provider.java:273)
	at org.apache.maven.surefire.junit4.JUnit4Provider.executeTestSet(JUnit4Provider.java:238)
	at org.apache.maven.surefire.junit4.JUnit4Provider.invoke(JUnit4Provider.java:159)
	at org.apache.maven.surefire.booter.ForkedBooter.invokeProviderInSameClassLoader(ForkedBooter.java:384)
	at org.apache.maven.surefire.booter.ForkedBooter.runSuitesInProcess(ForkedBooter.java:345)
	at org.apache.maven.surefire.booter.ForkedBooter.execute(ForkedBooter.java:126)
	at org.apache.maven.surefire.booter.ForkedBooter.main(ForkedBooter.java:418)
2019-10-02 07:48:37,417 [main] WARN  storage.CommitWatcher (CommitWatcher.java:watchForCommit(203)) - watchForCommit failed for index 14
java.util.concurrent.TimeoutException
	at java.util.concurrent.CompletableFuture.timedGet(CompletableFuture.java:1771)
	at java.util.concurrent.CompletableFuture.get(CompletableFuture.java:1915)
	at org.apache.hadoop.hdds.scm.XceiverClientRatis.watchForCommit(XceiverClientRatis.java:298)
	at org.apache.hadoop.hdds.scm.storage.CommitWatcher.watchForCommit(CommitWatcher.java:194)
	at org.apache.hadoop.hdds.scm.storage.CommitWatcher.watchOnLastIndex(CommitWatcher.java:157)
	at org.apache.hadoop.hdds.scm.storage.BlockOutputStream.watchForCommit(BlockOutputStream.java:347)
	at org.apache.hadoop.hdds.scm.storage.BlockOutputStream.handleFlush(BlockOutputStream.java:479)
	at org.apache.hadoop.hdds.scm.storage.BlockOutputStream.flush(BlockOutputStream.java:428)
	at org.apache.hadoop.ozone.client.io.BlockOutputStreamEntry.flush(BlockOutputStreamEntry.java:136)
	at org.apache.hadoop.ozone.client.io.KeyOutputStream.handleFlushOrClose(KeyOutputStream.java:443)
	at org.apache.hadoop.ozone.client.io.KeyOutputStream.flush(KeyOutputStream.java:397)
	at org.apache.hadoop.ozone.client.io.OzoneOutputStream.flush(OzoneOutputStream.java:54)
	at org.apache.hadoop.ozone.client.rpc.TestBlockOutputStreamWithFailures.test2DatanodesFailure(TestBlockOutputStreamWithFailures.java:461)
	at sun.reflect.NativeMethodAccessorImpl.invoke0(Native Method)
	at sun.reflect.NativeMethodAccessorImpl.invoke(NativeMethodAccessorImpl.java:62)
	at sun.reflect.DelegatingMethodAccessorImpl.invoke(DelegatingMethodAccessorImpl.java:43)
	at java.lang.reflect.Method.invoke(Method.java:498)
	at org.junit.runners.model.FrameworkMethod$1.runReflectiveCall(FrameworkMethod.java:47)
	at org.junit.internal.runners.model.ReflectiveCallable.run(ReflectiveCallable.java:12)
	at org.junit.runners.model.FrameworkMethod.invokeExplosively(FrameworkMethod.java:44)
	at org.junit.internal.runners.statements.InvokeMethod.evaluate(InvokeMethod.java:17)
	at org.junit.internal.runners.statements.RunBefores.evaluate(RunBefores.java:26)
	at org.junit.internal.runners.statements.RunAfters.evaluate(RunAfters.java:27)
	at org.junit.runners.ParentRunner.runLeaf(ParentRunner.java:271)
	at org.junit.runners.BlockJUnit4ClassRunner.runChild(BlockJUnit4ClassRunner.java:70)
	at org.junit.runners.BlockJUnit4ClassRunner.runChild(BlockJUnit4ClassRunner.java:50)
	at org.junit.runners.ParentRunner$3.run(ParentRunner.java:238)
	at org.junit.runners.ParentRunner$1.schedule(ParentRunner.java:63)
	at org.junit.runners.ParentRunner.runChildren(ParentRunner.java:236)
	at org.junit.runners.ParentRunner.access$000(ParentRunner.java:53)
	at org.junit.runners.ParentRunner$2.evaluate(ParentRunner.java:229)
	at org.junit.runners.ParentRunner.run(ParentRunner.java:309)
	at org.apache.maven.surefire.junit4.JUnit4Provider.execute(JUnit4Provider.java:365)
	at org.apache.maven.surefire.junit4.JUnit4Provider.executeWithRerun(JUnit4Provider.java:273)
	at org.apache.maven.surefire.junit4.JUnit4Provider.executeTestSet(JUnit4Provider.java:238)
	at org.apache.maven.surefire.junit4.JUnit4Provider.invoke(JUnit4Provider.java:159)
	at org.apache.maven.surefire.booter.ForkedBooter.invokeProviderInSameClassLoader(ForkedBooter.java:384)
	at org.apache.maven.surefire.booter.ForkedBooter.runSuitesInProcess(ForkedBooter.java:345)
	at org.apache.maven.surefire.booter.ForkedBooter.execute(ForkedBooter.java:126)
	at org.apache.maven.surefire.booter.ForkedBooter.main(ForkedBooter.java:418)
2019-10-02 07:48:37,420 [main] WARN  io.KeyOutputStream (KeyOutputStream.java:handleException(274)) - Encountered exception java.io.IOException: Unexpected Storage Container Exception: java.io.IOException: Unexpected Storage Container Exception: java.util.concurrent.TimeoutException on the pipeline Pipeline[ Id: eeff5108-90e5-421b-89d7-5d63b776816d, Nodes: 40678547-ebf5-4c5e-be30-9f61598efabe{ip: 192.168.164.211, host: pr-hdds-2227-gdpr-vz6hn-2718222164, networkLocation: /default-rack, certSerialId: null}b57445c0-33a9-4c70-9e00-cba4e4b039b5{ip: 192.168.164.211, host: pr-hdds-2227-gdpr-vz6hn-2718222164, networkLocation: /default-rack, certSerialId: null}59af106e-d8c8-4b7a-839e-06f3cb270bf5{ip: 192.168.164.211, host: pr-hdds-2227-gdpr-vz6hn-2718222164, networkLocation: /default-rack, certSerialId: null}, Type:RATIS, Factor:THREE, State:OPEN]. The last committed block length is 400, uncommitted data length is 50 retry count 0
2019-10-02 07:48:37,792 [main] INFO  ozone.MiniOzoneClusterImpl (MiniOzoneClusterImpl.java:shutdown(314)) - Shutting down the Mini Ozone Cluster
2019-10-02 07:48:37,793 [main] INFO  ozone.MiniOzoneClusterImpl (MiniOzoneClusterImpl.java:stop(330)) - Stopping the Mini Ozone Cluster
2019-10-02 07:48:37,793 [main] INFO  ozone.MiniOzoneClusterImpl (MiniOzoneClusterImpl.java:stopOM(400)) - Stopping the OzoneManager
2019-10-02 07:48:37,793 [main] INFO  ipc.Server (Server.java:stop(3082)) - Stopping server on 44992
2019-10-02 07:48:37,807 [IPC Server listener on 44992] INFO  ipc.Server (Server.java:run(1185)) - Stopping IPC Server listener on 44992
2019-10-02 07:48:37,807 [main] INFO  ratis.OzoneManagerDoubleBuffer (OzoneManagerDoubleBuffer.java:stop(248)) - Stopping OMDoubleBuffer flush thread
2019-10-02 07:48:37,819 [IPC Server Responder] INFO  ipc.Server (Server.java:run(1319)) - Stopping IPC Server Responder
2019-10-02 07:48:37,822 [OMDoubleBufferFlushThread] INFO  ratis.OzoneManagerDoubleBuffer (OzoneManagerDoubleBuffer.java:flushTransactions(191)) - OMDoubleBuffer flush thread OMDoubleBufferFlushThread is interrupted and will exit. OMDoubleBufferFlushThread
2019-10-02 07:48:37,825 [main] INFO  utils.BackgroundService (BackgroundService.java:shutdown(148)) - Shutting down service KeyDeletingService
2019-10-02 07:48:37,829 [main] INFO  handler.ContextHandler (ContextHandler.java:doStop(910)) - Stopped o.e.j.w.WebAppContext@1965539b{/,null,UNAVAILABLE}{/ozoneManager}
2019-10-02 07:48:37,835 [main] INFO  server.AbstractConnector (AbstractConnector.java:doStop(318)) - Stopped ServerConnector@2fc07784{HTTP/1.1,[http/1.1]}{0.0.0.0:0}
2019-10-02 07:48:37,835 [main] INFO  handler.ContextHandler (ContextHandler.java:doStop(910)) - Stopped o.e.j.s.ServletContextHandler@989da1{/static,file:///workdir/hadoop-ozone/integration-test/target/test-classes/webapps/static,UNAVAILABLE}
2019-10-02 07:48:37,835 [main] INFO  handler.ContextHandler (ContextHandler.java:doStop(910)) - Stopped o.e.j.s.ServletContextHandler@562c877a{/logs,file:///workdir/hadoop-ozone/integration-test/target/log,UNAVAILABLE}
2019-10-02 07:48:37,839 [main] INFO  ozone.MiniOzoneClusterImpl (MiniOzoneClusterImpl.java:stopDatanodes(377)) - Stopping the HddsDatanodes
2019-10-02 07:48:38,690 [Datanode State Machine Thread - 0] INFO  statemachine.DatanodeStateMachine (DatanodeStateMachine.java:lambda$startDaemon$0(350)) - Ozone container server started.
2019-10-02 07:48:38,690 [Datanode State Machine Thread - 0] INFO  statemachine.DatanodeStateMachine (DatanodeStateMachine.java:lambda$startDaemon$0(350)) - Ozone container server started.
2019-10-02 07:48:42,758 [EventQueue-StaleNodeForStaleNodeHandler] INFO  node.StaleNodeHandler (StaleNodeHandler.java:onMessage(58)) - Datanode 5769829b-5c7b-4b33-8720-74c1f11a345b{ip: 192.168.164.211, host: pr-hdds-2227-gdpr-vz6hn-2718222164, networkLocation: /default-rack, certSerialId: null} moved to stale state. Finalizing its pipelines [PipelineID=576706b6-0e62-433f-abc6-5f2bb7534df0, PipelineID=c468c0b3-f98a-4cbe-a67d-2650e1cc81e5]
2019-10-02 07:48:42,759 [EventQueue-StaleNodeForStaleNodeHandler] INFO  pipeline.SCMPipelineManager (SCMPipelineManager.java:finalizeAndDestroyPipeline(315)) - destroying pipeline:Pipeline[ Id: 576706b6-0e62-433f-abc6-5f2bb7534df0, Nodes: 5769829b-5c7b-4b33-8720-74c1f11a345b{ip: 192.168.164.211, host: pr-hdds-2227-gdpr-vz6hn-2718222164, networkLocation: /default-rack, certSerialId: null}, Type:RATIS, Factor:ONE, State:OPEN]
2019-10-02 07:48:42,760 [EventQueue-StaleNodeForStaleNodeHandler] INFO  pipeline.PipelineStateManager (PipelineStateManager.java:finalizePipeline(123)) - Pipeline Pipeline[ Id: 576706b6-0e62-433f-abc6-5f2bb7534df0, Nodes: 5769829b-5c7b-4b33-8720-74c1f11a345b{ip: 192.168.164.211, host: pr-hdds-2227-gdpr-vz6hn-2718222164, networkLocation: /default-rack, certSerialId: null}, Type:RATIS, Factor:ONE, State:CLOSED] moved to CLOSED state
2019-10-02 07:48:42,762 [EventQueue-StaleNodeForStaleNodeHandler] INFO  pipeline.SCMPipelineManager (SCMPipelineManager.java:finalizeAndDestroyPipeline(315)) - destroying pipeline:Pipeline[ Id: c468c0b3-f98a-4cbe-a67d-2650e1cc81e5, Nodes: e7d406ca-211a-4487-9af6-12e67609d01e{ip: 192.168.164.211, host: pr-hdds-2227-gdpr-vz6hn-2718222164, networkLocation: /default-rack, certSerialId: null}5769829b-5c7b-4b33-8720-74c1f11a345b{ip: 192.168.164.211, host: pr-hdds-2227-gdpr-vz6hn-2718222164, networkLocation: /default-rack, certSerialId: null}20b15c73-7e36-4f3d-af5d-dcac1c223d80{ip: 192.168.164.211, host: pr-hdds-2227-gdpr-vz6hn-2718222164, networkLocation: /default-rack, certSerialId: null}, Type:RATIS, Factor:THREE, State:OPEN]
2019-10-02 07:48:42,762 [EventQueue-StaleNodeForStaleNodeHandler] INFO  pipeline.PipelineStateManager (PipelineStateManager.java:finalizePipeline(123)) - Pipeline Pipeline[ Id: c468c0b3-f98a-4cbe-a67d-2650e1cc81e5, Nodes: e7d406ca-211a-4487-9af6-12e67609d01e{ip: 192.168.164.211, host: pr-hdds-2227-gdpr-vz6hn-2718222164, networkLocation: /default-rack, certSerialId: null}5769829b-5c7b-4b33-8720-74c1f11a345b{ip: 192.168.164.211, host: pr-hdds-2227-gdpr-vz6hn-2718222164, networkLocation: /default-rack, certSerialId: null}20b15c73-7e36-4f3d-af5d-dcac1c223d80{ip: 192.168.164.211, host: pr-hdds-2227-gdpr-vz6hn-2718222164, networkLocation: /default-rack, certSerialId: null}, Type:RATIS, Factor:THREE, State:CLOSED] moved to CLOSED state
2019-10-02 07:48:42,763 [EventQueue-StaleNodeForStaleNodeHandler] INFO  node.StaleNodeHandler (StaleNodeHandler.java:onMessage(58)) - Datanode 20b15c73-7e36-4f3d-af5d-dcac1c223d80{ip: 192.168.164.211, host: pr-hdds-2227-gdpr-vz6hn-2718222164, networkLocation: /default-rack, certSerialId: null} moved to stale state. Finalizing its pipelines [PipelineID=af12865f-8c98-4b85-a796-9f6c5fb83fc3, PipelineID=c468c0b3-f98a-4cbe-a67d-2650e1cc81e5]
2019-10-02 07:48:42,763 [EventQueue-StaleNodeForStaleNodeHandler] INFO  pipeline.SCMPipelineManager (SCMPipelineManager.java:finalizeAndDestroyPipeline(315)) - destroying pipeline:Pipeline[ Id: af12865f-8c98-4b85-a796-9f6c5fb83fc3, Nodes: 20b15c73-7e36-4f3d-af5d-dcac1c223d80{ip: 192.168.164.211, host: pr-hdds-2227-gdpr-vz6hn-2718222164, networkLocation: /default-rack, certSerialId: null}, Type:RATIS, Factor:ONE, State:OPEN]
2019-10-02 07:48:42,763 [EventQueue-StaleNodeForStaleNodeHandler] INFO  pipeline.PipelineStateManager (PipelineStateManager.java:finalizePipeline(123)) - Pipeline Pipeline[ Id: af12865f-8c98-4b85-a796-9f6c5fb83fc3, Nodes: 20b15c73-7e36-4f3d-af5d-dcac1c223d80{ip: 192.168.164.211, host: pr-hdds-2227-gdpr-vz6hn-2718222164, networkLocation: /default-rack, certSerialId: null}, Type:RATIS, Factor:ONE, State:CLOSED] moved to CLOSED state
2019-10-02 07:48:42,763 [EventQueue-StaleNodeForStaleNodeHandler] INFO  pipeline.SCMPipelineManager (SCMPipelineManager.java:finalizeAndDestroyPipeline(315)) - destroying pipeline:Pipeline[ Id: c468c0b3-f98a-4cbe-a67d-2650e1cc81e5, Nodes: e7d406ca-211a-4487-9af6-12e67609d01e{ip: 192.168.164.211, host: pr-hdds-2227-gdpr-vz6hn-2718222164, networkLocation: /default-rack, certSerialId: null}5769829b-5c7b-4b33-8720-74c1f11a345b{ip: 192.168.164.211, host: pr-hdds-2227-gdpr-vz6hn-2718222164, networkLocation: /default-rack, certSerialId: null}20b15c73-7e36-4f3d-af5d-dcac1c223d80{ip: 192.168.164.211, host: pr-hdds-2227-gdpr-vz6hn-2718222164, networkLocation: /default-rack, certSerialId: null}, Type:RATIS, Factor:THREE, State:CLOSED]
2019-10-02 07:48:42,764 [EventQueue-CloseContainerForCloseContainerEventHandler] INFO  container.CloseContainerEventHandler (CloseContainerEventHandler.java:onMessage(61)) - Close container Event triggered for container : #2
2019-10-02 07:48:42,772 [EventQueue-CloseContainerForCloseContainerEventHandler] INFO  container.CloseContainerEventHandler (CloseContainerEventHandler.java:onMessage(61)) - Close container Event triggered for container : #2
2019-10-02 07:48:42,842 [main] INFO  ozoneimpl.OzoneContainer (OzoneContainer.java:stop(231)) - Attempting to stop container services.
2019-10-02 07:48:42,842 [ForkJoinPool.commonPool-worker-1] INFO  ozoneimpl.OzoneContainer (OzoneContainer.java:stop(231)) - Attempting to stop container services.
2019-10-02 07:48:42,846 [main] INFO  impl.RaftServerProxy (RaftServerProxy.java:lambda$close$4(314)) - 20b15c73-7e36-4f3d-af5d-dcac1c223d80: close
2019-10-02 07:48:42,846 [ForkJoinPool.commonPool-worker-1] INFO  impl.RaftServerProxy (RaftServerProxy.java:lambda$close$4(314)) - 5769829b-5c7b-4b33-8720-74c1f11a345b: close
2019-10-02 07:48:42,847 [main] INFO  impl.RaftServerImpl (RaftServerImpl.java:lambda$shutdown$3(247)) - 20b15c73-7e36-4f3d-af5d-dcac1c223d80@group-9F6C5FB83FC3: shutdown
2019-10-02 07:48:42,847 [ForkJoinPool.commonPool-worker-1] INFO  impl.RaftServerImpl (RaftServerImpl.java:lambda$shutdown$3(247)) - 5769829b-5c7b-4b33-8720-74c1f11a345b@group-5F2BB7534DF0: shutdown
2019-10-02 07:48:42,848 [main] INFO  util.JmxRegister (JmxRegister.java:unregister(73)) - Successfully un-registered JMX Bean with object name Ratis:service=RaftServer,group=group-9F6C5FB83FC3,id=20b15c73-7e36-4f3d-af5d-dcac1c223d80
2019-10-02 07:48:42,848 [ForkJoinPool.commonPool-worker-1] INFO  util.JmxRegister (JmxRegister.java:unregister(73)) - Successfully un-registered JMX Bean with object name Ratis:service=RaftServer,group=group-5F2BB7534DF0,id=5769829b-5c7b-4b33-8720-74c1f11a345b
2019-10-02 07:48:42,848 [main] INFO  impl.RoleInfo (RoleInfo.java:shutdownLeaderState(104)) - 20b15c73-7e36-4f3d-af5d-dcac1c223d80: shutdown LeaderState
2019-10-02 07:48:42,848 [ForkJoinPool.commonPool-worker-1] INFO  impl.RoleInfo (RoleInfo.java:shutdownLeaderState(104)) - 5769829b-5c7b-4b33-8720-74c1f11a345b: shutdown LeaderState
2019-10-02 07:48:42,849 [main] INFO  impl.PendingRequests (PendingRequests.java:sendNotLeaderResponses(202)) - 20b15c73-7e36-4f3d-af5d-dcac1c223d80@group-9F6C5FB83FC3-PendingRequests: sendNotLeaderResponses
2019-10-02 07:48:42,849 [ForkJoinPool.commonPool-worker-1] INFO  impl.PendingRequests (PendingRequests.java:sendNotLeaderResponses(202)) - 5769829b-5c7b-4b33-8720-74c1f11a345b@group-5F2BB7534DF0-PendingRequests: sendNotLeaderResponses
2019-10-02 07:48:42,853 [main] INFO  impl.StateMachineUpdater (StateMachineUpdater.java:stopAndJoin(136)) - 20b15c73-7e36-4f3d-af5d-dcac1c223d80@group-9F6C5FB83FC3-StateMachineUpdater: set stopIndex = 0
2019-10-02 07:48:42,855 [ForkJoinPool.commonPool-worker-1] INFO  impl.StateMachineUpdater (StateMachineUpdater.java:stopAndJoin(136)) - 5769829b-5c7b-4b33-8720-74c1f11a345b@group-5F2BB7534DF0-StateMachineUpdater: set stopIndex = 0
2019-10-02 07:48:42,865 [ForkJoinPool.commonPool-worker-1] INFO  impl.RaftServerImpl (ServerState.java:close(387)) - 5769829b-5c7b-4b33-8720-74c1f11a345b@group-5F2BB7534DF0: closes. applyIndex: 0
2019-10-02 07:48:42,865 [main] INFO  impl.RaftServerImpl (ServerState.java:close(387)) - 20b15c73-7e36-4f3d-af5d-dcac1c223d80@group-9F6C5FB83FC3: closes. applyIndex: 0
2019-10-02 07:48:42,867 [20b15c73-7e36-4f3d-af5d-dcac1c223d80@group-9F6C5FB83FC3-SegmentedRaftLogWorker] INFO  segmented.SegmentedRaftLogWorker (SegmentedRaftLogWorker.java:run(316)) - 20b15c73-7e36-4f3d-af5d-dcac1c223d80@group-9F6C5FB83FC3-SegmentedRaftLogWorker was interrupted, exiting. There are 0 tasks remaining in the queue.
2019-10-02 07:48:42,867 [5769829b-5c7b-4b33-8720-74c1f11a345b@group-5F2BB7534DF0-SegmentedRaftLogWorker] INFO  segmented.SegmentedRaftLogWorker (SegmentedRaftLogWorker.java:run(316)) - 5769829b-5c7b-4b33-8720-74c1f11a345b@group-5F2BB7534DF0-SegmentedRaftLogWorker was interrupted, exiting. There are 0 tasks remaining in the queue.
2019-10-02 07:48:42,871 [main] INFO  segmented.SegmentedRaftLogWorker (SegmentedRaftLogWorker.java:close(224)) - 20b15c73-7e36-4f3d-af5d-dcac1c223d80@group-9F6C5FB83FC3-SegmentedRaftLogWorker close()
2019-10-02 07:48:42,871 [ForkJoinPool.commonPool-worker-1] INFO  segmented.SegmentedRaftLogWorker (SegmentedRaftLogWorker.java:close(224)) - 5769829b-5c7b-4b33-8720-74c1f11a345b@group-5F2BB7534DF0-SegmentedRaftLogWorker close()
2019-10-02 07:48:42,878 [main] INFO  impl.RaftServerImpl (RaftServerImpl.java:lambda$shutdown$3(247)) - 20b15c73-7e36-4f3d-af5d-dcac1c223d80@group-2650E1CC81E5: shutdown
2019-10-02 07:48:42,878 [ForkJoinPool.commonPool-worker-1] INFO  impl.RaftServerImpl (RaftServerImpl.java:lambda$shutdown$3(247)) - 5769829b-5c7b-4b33-8720-74c1f11a345b@group-2650E1CC81E5: shutdown
2019-10-02 07:48:42,879 [main] INFO  util.JmxRegister (JmxRegister.java:unregister(73)) - Successfully un-registered JMX Bean with object name Ratis:service=RaftServer,group=group-2650E1CC81E5,id=20b15c73-7e36-4f3d-af5d-dcac1c223d80
2019-10-02 07:48:42,879 [ForkJoinPool.commonPool-worker-1] INFO  util.JmxRegister (JmxRegister.java:unregister(73)) - Successfully un-registered JMX Bean with object name Ratis:service=RaftServer,group=group-2650E1CC81E5,id=5769829b-5c7b-4b33-8720-74c1f11a345b
2019-10-02 07:48:42,879 [main] INFO  impl.RoleInfo (RoleInfo.java:shutdownLeaderState(104)) - 20b15c73-7e36-4f3d-af5d-dcac1c223d80: shutdown LeaderState
2019-10-02 07:48:42,879 [ForkJoinPool.commonPool-worker-1] INFO  impl.RoleInfo (RoleInfo.java:shutdownFollowerState(121)) - 5769829b-5c7b-4b33-8720-74c1f11a345b: shutdown FollowerState
2019-10-02 07:48:42,882 [main] INFO  impl.PendingRequests (PendingRequests.java:sendNotLeaderResponses(202)) - 20b15c73-7e36-4f3d-af5d-dcac1c223d80@group-2650E1CC81E5-PendingRequests: sendNotLeaderResponses
2019-10-02 07:48:42,884 [5769829b-5c7b-4b33-8720-74c1f11a345b@group-2650E1CC81E5-StateMachineUpdater] INFO  ratis.ContainerStateMachine (ContainerStateMachine.java:takeSnapshot(293)) - group-2650E1CC81E5: Taking a snapshot at:(t:1, i:3) file /workdir/hadoop-ozone/integration-test/target/test-dir/MiniOzoneClusterImpl-eaaaa650-7a59-4694-95b4-85e6182e2b1b/datanode-1/data/ratis/c468c0b3-f98a-4cbe-a67d-2650e1cc81e5/sm/snapshot.1_3
2019-10-02 07:48:42,884 [Thread-309] INFO  impl.FollowerState (FollowerState.java:run(117)) - 5769829b-5c7b-4b33-8720-74c1f11a345b@group-2650E1CC81E5-FollowerState was interrupted: java.lang.InterruptedException: sleep interrupted
2019-10-02 07:48:42,882 [org.apache.ratis.server.impl.LogAppender$AppenderDaemon$$Lambda$516/812517202@78da5f5c] WARN  server.GrpcLogAppender (GrpcLogAppender.java:mayWait(143)) - 20b15c73-7e36-4f3d-af5d-dcac1c223d80@group-2650E1CC81E5->5769829b-5c7b-4b33-8720-74c1f11a345b-GrpcLogAppender: Wait interrupted by java.lang.InterruptedException
2019-10-02 07:48:42,882 [ForkJoinPool.commonPool-worker-1] INFO  impl.StateMachineUpdater (StateMachineUpdater.java:stopAndJoin(136)) - 5769829b-5c7b-4b33-8720-74c1f11a345b@group-2650E1CC81E5-StateMachineUpdater: set stopIndex = 4
2019-10-02 07:48:42,882 [org.apache.ratis.server.impl.LogAppender$AppenderDaemon$$Lambda$516/812517202@398d074e] WARN  server.GrpcLogAppender (GrpcLogAppender.java:mayWait(143)) - 20b15c73-7e36-4f3d-af5d-dcac1c223d80@group-2650E1CC81E5->e7d406ca-211a-4487-9af6-12e67609d01e-GrpcLogAppender: Wait interrupted by java.lang.InterruptedException
2019-10-02 07:48:42,889 [grpc-default-executor-1] INFO  server.GrpcServerProtocolService (GrpcServerProtocolService.java:onCompleted(113)) - e7d406ca-211a-4487-9af6-12e67609d01e: Completed APPEND_ENTRIES, lastRequest: 20b15c73-7e36-4f3d-af5d-dcac1c223d80->e7d406ca-211a-4487-9af6-12e67609d01e#8-t1, previous=(t:1, i:4), leaderCommit=4, initializing? false, entries: <empty>
2019-10-02 07:48:42,889 [grpc-default-executor-2] INFO  server.GrpcServerProtocolService (GrpcServerProtocolService.java:onCompleted(113)) - 5769829b-5c7b-4b33-8720-74c1f11a345b: Completed APPEND_ENTRIES, lastRequest: 20b15c73-7e36-4f3d-af5d-dcac1c223d80->5769829b-5c7b-4b33-8720-74c1f11a345b#8-t1, previous=(t:1, i:4), leaderCommit=4, initializing? false, entries: <empty>
2019-10-02 07:48:42,894 [main] INFO  impl.StateMachineUpdater (StateMachineUpdater.java:stopAndJoin(136)) - 20b15c73-7e36-4f3d-af5d-dcac1c223d80@group-2650E1CC81E5-StateMachineUpdater: set stopIndex = 4
2019-10-02 07:48:42,894 [20b15c73-7e36-4f3d-af5d-dcac1c223d80@group-2650E1CC81E5-StateMachineUpdater] INFO  ratis.ContainerStateMachine (ContainerStateMachine.java:takeSnapshot(293)) - group-2650E1CC81E5: Taking a snapshot at:(t:1, i:4) file /workdir/hadoop-ozone/integration-test/target/test-dir/MiniOzoneClusterImpl-eaaaa650-7a59-4694-95b4-85e6182e2b1b/datanode-4/data/ratis/c468c0b3-f98a-4cbe-a67d-2650e1cc81e5/sm/snapshot.1_4
2019-10-02 07:48:42,896 [grpc-default-executor-2] INFO  server.GrpcLogAppender (GrpcLogAppender.java:onCompleted(293)) - 20b15c73-7e36-4f3d-af5d-dcac1c223d80@group-2650E1CC81E5->e7d406ca-211a-4487-9af6-12e67609d01e-AppendLogResponseHandler: follower responses appendEntries COMPLETED
2019-10-02 07:48:42,897 [grpc-default-executor-1] INFO  server.GrpcLogAppender (GrpcLogAppender.java:onCompleted(293)) - 20b15c73-7e36-4f3d-af5d-dcac1c223d80@group-2650E1CC81E5->5769829b-5c7b-4b33-8720-74c1f11a345b-AppendLogResponseHandler: follower responses appendEntries COMPLETED
2019-10-02 07:48:42,901 [grpc-default-executor-1] INFO  impl.FollowerInfo (FollowerInfo.java:lambda$new$0(51)) - 20b15c73-7e36-4f3d-af5d-dcac1c223d80@group-2650E1CC81E5->5769829b-5c7b-4b33-8720-74c1f11a345b: nextIndex: updateUnconditionally 5 -> 4
2019-10-02 07:48:42,901 [grpc-default-executor-2] INFO  impl.FollowerInfo (FollowerInfo.java:lambda$new$0(51)) - 20b15c73-7e36-4f3d-af5d-dcac1c223d80@group-2650E1CC81E5->e7d406ca-211a-4487-9af6-12e67609d01e: nextIndex: updateUnconditionally 5 -> 4
2019-10-02 07:48:42,927 [20b15c73-7e36-4f3d-af5d-dcac1c223d80@group-2650E1CC81E5-StateMachineUpdater] INFO  ratis.ContainerStateMachine (ContainerStateMachine.java:takeSnapshot(304)) - group-2650E1CC81E5: Finished taking a snapshot at:(t:1, i:4) file:/workdir/hadoop-ozone/integration-test/target/test-dir/MiniOzoneClusterImpl-eaaaa650-7a59-4694-95b4-85e6182e2b1b/datanode-4/data/ratis/c468c0b3-f98a-4cbe-a67d-2650e1cc81e5/sm/snapshot.1_4 time:33
2019-10-02 07:48:42,927 [5769829b-5c7b-4b33-8720-74c1f11a345b@group-2650E1CC81E5-StateMachineUpdater] INFO  ratis.ContainerStateMachine (ContainerStateMachine.java:takeSnapshot(304)) - group-2650E1CC81E5: Finished taking a snapshot at:(t:1, i:3) file:/workdir/hadoop-ozone/integration-test/target/test-dir/MiniOzoneClusterImpl-eaaaa650-7a59-4694-95b4-85e6182e2b1b/datanode-1/data/ratis/c468c0b3-f98a-4cbe-a67d-2650e1cc81e5/sm/snapshot.1_3 time:44
2019-10-02 07:48:42,928 [20b15c73-7e36-4f3d-af5d-dcac1c223d80@group-2650E1CC81E5-StateMachineUpdater] INFO  impl.StateMachineUpdater (StateMachineUpdater.java:takeSnapshot(269)) - 20b15c73-7e36-4f3d-af5d-dcac1c223d80@group-2650E1CC81E5-StateMachineUpdater: Took a snapshot at index 4
2019-10-02 07:48:42,928 [5769829b-5c7b-4b33-8720-74c1f11a345b@group-2650E1CC81E5-StateMachineUpdater] INFO  impl.StateMachineUpdater (StateMachineUpdater.java:takeSnapshot(269)) - 5769829b-5c7b-4b33-8720-74c1f11a345b@group-2650E1CC81E5-StateMachineUpdater: Took a snapshot at index 3
2019-10-02 07:48:42,928 [20b15c73-7e36-4f3d-af5d-dcac1c223d80@group-2650E1CC81E5-StateMachineUpdater] INFO  impl.StateMachineUpdater (StateMachineUpdater.java:lambda$new$0(84)) - 20b15c73-7e36-4f3d-af5d-dcac1c223d80@group-2650E1CC81E5-StateMachineUpdater: snapshotIndex: updateIncreasingly -1 -> 4
2019-10-02 07:48:42,929 [5769829b-5c7b-4b33-8720-74c1f11a345b@group-2650E1CC81E5-StateMachineUpdater] INFO  impl.StateMachineUpdater (StateMachineUpdater.java:lambda$new$0(84)) - 5769829b-5c7b-4b33-8720-74c1f11a345b@group-2650E1CC81E5-StateMachineUpdater: snapshotIndex: updateIncreasingly -1 -> 3
2019-10-02 07:48:42,938 [5769829b-5c7b-4b33-8720-74c1f11a345b@group-2650E1CC81E5-StateMachineUpdater] INFO  ratis.ContainerStateMachine (ContainerStateMachine.java:takeSnapshot(293)) - group-2650E1CC81E5: Taking a snapshot at:(t:1, i:3) file /workdir/hadoop-ozone/integration-test/target/test-dir/MiniOzoneClusterImpl-eaaaa650-7a59-4694-95b4-85e6182e2b1b/datanode-1/data/ratis/c468c0b3-f98a-4cbe-a67d-2650e1cc81e5/sm/snapshot.1_3
2019-10-02 07:48:42,938 [main] INFO  impl.RaftServerImpl (ServerState.java:close(387)) - 20b15c73-7e36-4f3d-af5d-dcac1c223d80@group-2650E1CC81E5: closes. applyIndex: 4
2019-10-02 07:48:42,938 [20b15c73-7e36-4f3d-af5d-dcac1c223d80@group-2650E1CC81E5-SegmentedRaftLogWorker] INFO  segmented.SegmentedRaftLogWorker (SegmentedRaftLogWorker.java:run(316)) - 20b15c73-7e36-4f3d-af5d-dcac1c223d80@group-2650E1CC81E5-SegmentedRaftLogWorker was interrupted, exiting. There are 0 tasks remaining in the queue.
2019-10-02 07:48:42,940 [main] INFO  segmented.SegmentedRaftLogWorker (SegmentedRaftLogWorker.java:close(224)) - 20b15c73-7e36-4f3d-af5d-dcac1c223d80@group-2650E1CC81E5-SegmentedRaftLogWorker close()
2019-10-02 07:48:42,943 [main] INFO  server.GrpcService (GrpcService.java:closeImpl(164)) - 20b15c73-7e36-4f3d-af5d-dcac1c223d80: shutdown server with port 41323 now
2019-10-02 07:48:42,945 [main] INFO  server.GrpcService (GrpcService.java:closeImpl(172)) - 20b15c73-7e36-4f3d-af5d-dcac1c223d80: shutdown server with port 41323 successfully
2019-10-02 07:48:42,952 [5769829b-5c7b-4b33-8720-74c1f11a345b@group-2650E1CC81E5-StateMachineUpdater] INFO  ratis.ContainerStateMachine (ContainerStateMachine.java:takeSnapshot(304)) - group-2650E1CC81E5: Finished taking a snapshot at:(t:1, i:3) file:/workdir/hadoop-ozone/integration-test/target/test-dir/MiniOzoneClusterImpl-eaaaa650-7a59-4694-95b4-85e6182e2b1b/datanode-1/data/ratis/c468c0b3-f98a-4cbe-a67d-2650e1cc81e5/sm/snapshot.1_3 time:12
2019-10-02 07:48:42,952 [5769829b-5c7b-4b33-8720-74c1f11a345b@group-2650E1CC81E5-StateMachineUpdater] INFO  impl.StateMachineUpdater (StateMachineUpdater.java:takeSnapshot(269)) - 5769829b-5c7b-4b33-8720-74c1f11a345b@group-2650E1CC81E5-StateMachineUpdater: Took a snapshot at index 3
2019-10-02 07:48:42,952 [5769829b-5c7b-4b33-8720-74c1f11a345b@group-2650E1CC81E5-StateMachineUpdater] INFO  impl.StateMachineUpdater (StateMachineUpdater.java:lambda$new$0(84)) - 5769829b-5c7b-4b33-8720-74c1f11a345b@group-2650E1CC81E5-StateMachineUpdater: snapshotIndex: updateIncreasingly 3 -> 3
2019-10-02 07:48:42,953 [ForkJoinPool.commonPool-worker-1] INFO  impl.RaftServerImpl (ServerState.java:close(387)) - 5769829b-5c7b-4b33-8720-74c1f11a345b@group-2650E1CC81E5: closes. applyIndex: 4
2019-10-02 07:48:42,953 [refreshUsed-/workdir/hadoop-ozone/integration-test/target/test-dir/MiniOzoneClusterImpl-eaaaa650-7a59-4694-95b4-85e6182e2b1b/datanode-4/data/containers] WARN  fs.CachingGetSpaceUsed (CachingGetSpaceUsed.java:run(183)) - Thread Interrupted waiting to refresh disk information: sleep interrupted
2019-10-02 07:48:42,953 [5769829b-5c7b-4b33-8720-74c1f11a345b@group-2650E1CC81E5-SegmentedRaftLogWorker] INFO  segmented.SegmentedRaftLogWorker (SegmentedRaftLogWorker.java:run(316)) - 5769829b-5c7b-4b33-8720-74c1f11a345b@group-2650E1CC81E5-SegmentedRaftLogWorker was interrupted, exiting. There are 0 tasks remaining in the queue.
2019-10-02 07:48:42,955 [ForkJoinPool.commonPool-worker-1] INFO  segmented.SegmentedRaftLogWorker (SegmentedRaftLogWorker.java:close(224)) - 5769829b-5c7b-4b33-8720-74c1f11a345b@group-2650E1CC81E5-SegmentedRaftLogWorker close()
2019-10-02 07:48:42,957 [ForkJoinPool.commonPool-worker-1] INFO  server.GrpcService (GrpcService.java:closeImpl(164)) - 5769829b-5c7b-4b33-8720-74c1f11a345b: shutdown server with port 43201 now
2019-10-02 07:48:42,958 [ForkJoinPool.commonPool-worker-1] INFO  server.GrpcService (GrpcService.java:closeImpl(172)) - 5769829b-5c7b-4b33-8720-74c1f11a345b: shutdown server with port 43201 successfully
2019-10-02 07:48:42,960 [refreshUsed-/workdir/hadoop-ozone/integration-test/target/test-dir/MiniOzoneClusterImpl-eaaaa650-7a59-4694-95b4-85e6182e2b1b/datanode-1/data/containers] WARN  fs.CachingGetSpaceUsed (CachingGetSpaceUsed.java:run(183)) - Thread Interrupted waiting to refresh disk information: sleep interrupted
2019-10-02 07:48:42,979 [ForkJoinPool.commonPool-worker-1] INFO  utils.BackgroundService (BackgroundService.java:shutdown(148)) - Shutting down service BlockDeletingService
2019-10-02 07:48:42,985 [ForkJoinPool.commonPool-worker-1] INFO  statemachine.DatanodeStateMachine (DatanodeStateMachine.java:stopDaemon(395)) - Ozone container server stopped.
2019-10-02 07:48:42,989 [ForkJoinPool.commonPool-worker-1] INFO  handler.ContextHandler (ContextHandler.java:doStop(910)) - Stopped o.e.j.w.WebAppContext@6cc86152{/,null,UNAVAILABLE}{/hddsDatanode}
2019-10-02 07:48:42,990 [main] INFO  utils.BackgroundService (BackgroundService.java:shutdown(148)) - Shutting down service BlockDeletingService
2019-10-02 07:48:42,990 [ForkJoinPool.commonPool-worker-1] INFO  server.AbstractConnector (AbstractConnector.java:doStop(318)) - Stopped ServerConnector@611a990b{HTTP/1.1,[http/1.1]}{0.0.0.0:0}
2019-10-02 07:48:42,995 [main] INFO  statemachine.DatanodeStateMachine (DatanodeStateMachine.java:stopDaemon(395)) - Ozone container server stopped.
2019-10-02 07:48:42,995 [ForkJoinPool.commonPool-worker-1] INFO  handler.ContextHandler (ContextHandler.java:doStop(910)) - Stopped o.e.j.s.ServletContextHandler@3c87e6b7{/static,jar:file:/home/user/.m2/repository/org/apache/hadoop/hadoop-hdds-container-service/0.5.0-SNAPSHOT/hadoop-hdds-container-service-0.5.0-SNAPSHOT.jar!/webapps/static,UNAVAILABLE}
2019-10-02 07:48:42,997 [ForkJoinPool.commonPool-worker-1] INFO  handler.ContextHandler (ContextHandler.java:doStop(910)) - Stopped o.e.j.s.ServletContextHandler@79b84841{/logs,file:///workdir/hadoop-ozone/integration-test/target/log,UNAVAILABLE}
2019-10-02 07:48:42,998 [main] INFO  handler.ContextHandler (ContextHandler.java:doStop(910)) - Stopped o.e.j.w.WebAppContext@6f911326{/,null,UNAVAILABLE}{/hddsDatanode}
2019-10-02 07:48:42,999 [main] INFO  server.AbstractConnector (AbstractConnector.java:doStop(318)) - Stopped ServerConnector@f1d0004{HTTP/1.1,[http/1.1]}{0.0.0.0:0}
2019-10-02 07:48:42,999 [main] INFO  handler.ContextHandler (ContextHandler.java:doStop(910)) - Stopped o.e.j.s.ServletContextHandler@4f89331f{/static,jar:file:/home/user/.m2/repository/org/apache/hadoop/hadoop-hdds-container-service/0.5.0-SNAPSHOT/hadoop-hdds-container-service-0.5.0-SNAPSHOT.jar!/webapps/static,UNAVAILABLE}
2019-10-02 07:48:43,000 [main] INFO  handler.ContextHandler (ContextHandler.java:doStop(910)) - Stopped o.e.j.s.ServletContextHandler@250a500b{/logs,file:///workdir/hadoop-ozone/integration-test/target/log,UNAVAILABLE}
2019-10-02 07:48:43,135 [Datanode State Machine Thread - 0] INFO  statemachine.DatanodeStateMachine (DatanodeStateMachine.java:lambda$startDaemon$0(350)) - Ozone container server started.
2019-10-02 07:48:43,138 [Datanode State Machine Thread - 0] INFO  statemachine.DatanodeStateMachine (DatanodeStateMachine.java:lambda$startDaemon$0(350)) - Ozone container server started.
2019-10-02 07:48:47,174 [EventQueue-StaleNodeForStaleNodeHandler] INFO  node.StaleNodeHandler (StaleNodeHandler.java:onMessage(58)) - Datanode 59af106e-d8c8-4b7a-839e-06f3cb270bf5{ip: 192.168.164.211, host: pr-hdds-2227-gdpr-vz6hn-2718222164, networkLocation: /default-rack, certSerialId: null} moved to stale state. Finalizing its pipelines [PipelineID=eeff5108-90e5-421b-89d7-5d63b776816d, PipelineID=a5ca4d66-c1ad-406a-9317-dc30dc26dabd]
2019-10-02 07:48:47,174 [EventQueue-StaleNodeForStaleNodeHandler] INFO  pipeline.SCMPipelineManager (SCMPipelineManager.java:finalizeAndDestroyPipeline(315)) - destroying pipeline:Pipeline[ Id: eeff5108-90e5-421b-89d7-5d63b776816d, Nodes: 40678547-ebf5-4c5e-be30-9f61598efabe{ip: 192.168.164.211, host: pr-hdds-2227-gdpr-vz6hn-2718222164, networkLocation: /default-rack, certSerialId: null}b57445c0-33a9-4c70-9e00-cba4e4b039b5{ip: 192.168.164.211, host: pr-hdds-2227-gdpr-vz6hn-2718222164, networkLocation: /default-rack, certSerialId: null}59af106e-d8c8-4b7a-839e-06f3cb270bf5{ip: 192.168.164.211, host: pr-hdds-2227-gdpr-vz6hn-2718222164, networkLocation: /default-rack, certSerialId: null}, Type:RATIS, Factor:THREE, State:OPEN]
2019-10-02 07:48:47,175 [EventQueue-StaleNodeForStaleNodeHandler] INFO  pipeline.PipelineStateManager (PipelineStateManager.java:finalizePipeline(123)) - Pipeline Pipeline[ Id: eeff5108-90e5-421b-89d7-5d63b776816d, Nodes: 40678547-ebf5-4c5e-be30-9f61598efabe{ip: 192.168.164.211, host: pr-hdds-2227-gdpr-vz6hn-2718222164, networkLocation: /default-rack, certSerialId: null}b57445c0-33a9-4c70-9e00-cba4e4b039b5{ip: 192.168.164.211, host: pr-hdds-2227-gdpr-vz6hn-2718222164, networkLocation: /default-rack, certSerialId: null}59af106e-d8c8-4b7a-839e-06f3cb270bf5{ip: 192.168.164.211, host: pr-hdds-2227-gdpr-vz6hn-2718222164, networkLocation: /default-rack, certSerialId: null}, Type:RATIS, Factor:THREE, State:CLOSED] moved to CLOSED state
2019-10-02 07:48:47,175 [EventQueue-CloseContainerForCloseContainerEventHandler] INFO  container.CloseContainerEventHandler (CloseContainerEventHandler.java:onMessage(61)) - Close container Event triggered for container : #1
2019-10-02 07:48:47,178 [EventQueue-StaleNodeForStaleNodeHandler] INFO  pipeline.SCMPipelineManager (SCMPipelineManager.java:finalizeAndDestroyPipeline(315)) - destroying pipeline:Pipeline[ Id: a5ca4d66-c1ad-406a-9317-dc30dc26dabd, Nodes: 59af106e-d8c8-4b7a-839e-06f3cb270bf5{ip: 192.168.164.211, host: pr-hdds-2227-gdpr-vz6hn-2718222164, networkLocation: /default-rack, certSerialId: null}, Type:RATIS, Factor:ONE, State:OPEN]
2019-10-02 07:48:47,180 [EventQueue-StaleNodeForStaleNodeHandler] INFO  pipeline.PipelineStateManager (PipelineStateManager.java:finalizePipeline(123)) - Pipeline Pipeline[ Id: a5ca4d66-c1ad-406a-9317-dc30dc26dabd, Nodes: 59af106e-d8c8-4b7a-839e-06f3cb270bf5{ip: 192.168.164.211, host: pr-hdds-2227-gdpr-vz6hn-2718222164, networkLocation: /default-rack, certSerialId: null}, Type:RATIS, Factor:ONE, State:CLOSED] moved to CLOSED state
2019-10-02 07:48:47,181 [EventQueue-StaleNodeForStaleNodeHandler] INFO  node.StaleNodeHandler (StaleNodeHandler.java:onMessage(58)) - Datanode 56ea0766-1349-402d-9530-37c87c5c16c1{ip: 192.168.164.211, host: pr-hdds-2227-gdpr-vz6hn-2718222164, networkLocation: /default-rack, certSerialId: null} moved to stale state. Finalizing its pipelines [PipelineID=d143d2bc-8faa-437c-b879-7c05cf146794]
2019-10-02 07:48:47,181 [EventQueue-StaleNodeForStaleNodeHandler] INFO  pipeline.SCMPipelineManager (SCMPipelineManager.java:finalizeAndDestroyPipeline(315)) - destroying pipeline:Pipeline[ Id: d143d2bc-8faa-437c-b879-7c05cf146794, Nodes: 56ea0766-1349-402d-9530-37c87c5c16c1{ip: 192.168.164.211, host: pr-hdds-2227-gdpr-vz6hn-2718222164, networkLocation: /default-rack, certSerialId: null}, Type:RATIS, Factor:ONE, State:OPEN]
2019-10-02 07:48:47,181 [EventQueue-StaleNodeForStaleNodeHandler] INFO  pipeline.PipelineStateManager (PipelineStateManager.java:finalizePipeline(123)) - Pipeline Pipeline[ Id: d143d2bc-8faa-437c-b879-7c05cf146794, Nodes: 56ea0766-1349-402d-9530-37c87c5c16c1{ip: 192.168.164.211, host: pr-hdds-2227-gdpr-vz6hn-2718222164, networkLocation: /default-rack, certSerialId: null}, Type:RATIS, Factor:ONE, State:CLOSED] moved to CLOSED state
2019-10-02 07:48:48,000 [ForkJoinPool.commonPool-worker-1] INFO  ozoneimpl.OzoneContainer (OzoneContainer.java:stop(231)) - Attempting to stop container services.
2019-10-02 07:48:48,001 [ForkJoinPool.commonPool-worker-1] INFO  impl.RaftServerProxy (RaftServerProxy.java:lambda$close$4(314)) - 56ea0766-1349-402d-9530-37c87c5c16c1: close
2019-10-02 07:48:48,001 [ForkJoinPool.commonPool-worker-1] INFO  impl.RaftServerImpl (RaftServerImpl.java:lambda$shutdown$3(247)) - 56ea0766-1349-402d-9530-37c87c5c16c1@group-7C05CF146794: shutdown
2019-10-02 07:48:48,001 [main] INFO  ozoneimpl.OzoneContainer (OzoneContainer.java:stop(231)) - Attempting to stop container services.
2019-10-02 07:48:48,002 [ForkJoinPool.commonPool-worker-1] INFO  util.JmxRegister (JmxRegister.java:unregister(73)) - Successfully un-registered JMX Bean with object name Ratis:service=RaftServer,group=group-7C05CF146794,id=56ea0766-1349-402d-9530-37c87c5c16c1
2019-10-02 07:48:48,002 [ForkJoinPool.commonPool-worker-1] INFO  impl.RoleInfo (RoleInfo.java:shutdownLeaderState(104)) - 56ea0766-1349-402d-9530-37c87c5c16c1: shutdown LeaderState
2019-10-02 07:48:48,002 [main] INFO  impl.RaftServerProxy (RaftServerProxy.java:lambda$close$4(314)) - 59af106e-d8c8-4b7a-839e-06f3cb270bf5: close
2019-10-02 07:48:48,002 [ForkJoinPool.commonPool-worker-1] INFO  impl.PendingRequests (PendingRequests.java:sendNotLeaderResponses(202)) - 56ea0766-1349-402d-9530-37c87c5c16c1@group-7C05CF146794-PendingRequests: sendNotLeaderResponses
2019-10-02 07:48:48,003 [main] INFO  impl.RaftServerImpl (RaftServerImpl.java:lambda$shutdown$3(247)) - 59af106e-d8c8-4b7a-839e-06f3cb270bf5@group-5D63B776816D: shutdown
2019-10-02 07:48:48,003 [main] INFO  util.JmxRegister (JmxRegister.java:unregister(73)) - Successfully un-registered JMX Bean with object name Ratis:service=RaftServer,group=group-5D63B776816D,id=59af106e-d8c8-4b7a-839e-06f3cb270bf5
2019-10-02 07:48:48,003 [ForkJoinPool.commonPool-worker-1] INFO  impl.StateMachineUpdater (StateMachineUpdater.java:stopAndJoin(136)) - 56ea0766-1349-402d-9530-37c87c5c16c1@group-7C05CF146794-StateMachineUpdater: set stopIndex = 0
2019-10-02 07:48:48,003 [main] INFO  impl.RoleInfo (RoleInfo.java:shutdownFollowerState(121)) - 59af106e-d8c8-4b7a-839e-06f3cb270bf5: shutdown FollowerState
2019-10-02 07:48:48,005 [ForkJoinPool.commonPool-worker-1] INFO  impl.RaftServerImpl (ServerState.java:close(387)) - 56ea0766-1349-402d-9530-37c87c5c16c1@group-7C05CF146794: closes. applyIndex: 0
2019-10-02 07:48:48,006 [Thread-320] INFO  impl.FollowerState (FollowerState.java:run(117)) - 59af106e-d8c8-4b7a-839e-06f3cb270bf5@group-5D63B776816D-FollowerState was interrupted: java.lang.InterruptedException: sleep interrupted
2019-10-02 07:48:48,006 [main] INFO  impl.StateMachineUpdater (StateMachineUpdater.java:stopAndJoin(136)) - 59af106e-d8c8-4b7a-839e-06f3cb270bf5@group-5D63B776816D-StateMachineUpdater: set stopIndex = 16
2019-10-02 07:48:48,007 [56ea0766-1349-402d-9530-37c87c5c16c1@group-7C05CF146794-SegmentedRaftLogWorker] INFO  segmented.SegmentedRaftLogWorker (SegmentedRaftLogWorker.java:run(316)) - 56ea0766-1349-402d-9530-37c87c5c16c1@group-7C05CF146794-SegmentedRaftLogWorker was interrupted, exiting. There are 0 tasks remaining in the queue.
2019-10-02 07:48:48,006 [59af106e-d8c8-4b7a-839e-06f3cb270bf5@group-5D63B776816D-StateMachineUpdater] INFO  ratis.ContainerStateMachine (ContainerStateMachine.java:takeSnapshot(293)) - group-5D63B776816D: Taking a snapshot at:(t:1, i:16) file /workdir/hadoop-ozone/integration-test/target/test-dir/MiniOzoneClusterImpl-eaaaa650-7a59-4694-95b4-85e6182e2b1b/datanode-3/data/ratis/eeff5108-90e5-421b-89d7-5d63b776816d/sm/snapshot.1_16
2019-10-02 07:48:48,008 [ForkJoinPool.commonPool-worker-1] INFO  segmented.SegmentedRaftLogWorker (SegmentedRaftLogWorker.java:close(224)) - 56ea0766-1349-402d-9530-37c87c5c16c1@group-7C05CF146794-SegmentedRaftLogWorker close()
2019-10-02 07:48:48,011 [ForkJoinPool.commonPool-worker-1] INFO  server.GrpcService (GrpcService.java:closeImpl(164)) - 56ea0766-1349-402d-9530-37c87c5c16c1: shutdown server with port 44517 now
2019-10-02 07:48:48,012 [ForkJoinPool.commonPool-worker-1] INFO  server.GrpcService (GrpcService.java:closeImpl(172)) - 56ea0766-1349-402d-9530-37c87c5c16c1: shutdown server with port 44517 successfully
2019-10-02 07:48:48,028 [refreshUsed-/workdir/hadoop-ozone/integration-test/target/test-dir/MiniOzoneClusterImpl-eaaaa650-7a59-4694-95b4-85e6182e2b1b/datanode-2/data/containers] WARN  fs.CachingGetSpaceUsed (CachingGetSpaceUsed.java:run(183)) - Thread Interrupted waiting to refresh disk information: sleep interrupted
2019-10-02 07:48:48,028 [59af106e-d8c8-4b7a-839e-06f3cb270bf5@group-5D63B776816D-StateMachineUpdater] INFO  ratis.ContainerStateMachine (ContainerStateMachine.java:takeSnapshot(304)) - group-5D63B776816D: Finished taking a snapshot at:(t:1, i:16) file:/workdir/hadoop-ozone/integration-test/target/test-dir/MiniOzoneClusterImpl-eaaaa650-7a59-4694-95b4-85e6182e2b1b/datanode-3/data/ratis/eeff5108-90e5-421b-89d7-5d63b776816d/sm/snapshot.1_16 time:22
2019-10-02 07:48:48,029 [59af106e-d8c8-4b7a-839e-06f3cb270bf5@group-5D63B776816D-StateMachineUpdater] INFO  impl.StateMachineUpdater (StateMachineUpdater.java:takeSnapshot(269)) - 59af106e-d8c8-4b7a-839e-06f3cb270bf5@group-5D63B776816D-StateMachineUpdater: Took a snapshot at index 16
2019-10-02 07:48:48,029 [59af106e-d8c8-4b7a-839e-06f3cb270bf5@group-5D63B776816D-StateMachineUpdater] INFO  impl.StateMachineUpdater (StateMachineUpdater.java:lambda$new$0(84)) - 59af106e-d8c8-4b7a-839e-06f3cb270bf5@group-5D63B776816D-StateMachineUpdater: snapshotIndex: updateIncreasingly -1 -> 16
2019-10-02 07:48:48,029 [main] INFO  impl.RaftServerImpl (ServerState.java:close(387)) - 59af106e-d8c8-4b7a-839e-06f3cb270bf5@group-5D63B776816D: closes. applyIndex: 16
2019-10-02 07:48:48,030 [59af106e-d8c8-4b7a-839e-06f3cb270bf5@group-5D63B776816D-SegmentedRaftLogWorker] INFO  segmented.SegmentedRaftLogWorker (SegmentedRaftLogWorker.java:run(316)) - 59af106e-d8c8-4b7a-839e-06f3cb270bf5@group-5D63B776816D-SegmentedRaftLogWorker was interrupted, exiting. There are 0 tasks remaining in the queue.
2019-10-02 07:48:48,032 [main] INFO  segmented.SegmentedRaftLogWorker (SegmentedRaftLogWorker.java:close(224)) - 59af106e-d8c8-4b7a-839e-06f3cb270bf5@group-5D63B776816D-SegmentedRaftLogWorker close()
2019-10-02 07:48:48,034 [main] INFO  impl.RaftServerImpl (RaftServerImpl.java:lambda$shutdown$3(247)) - 59af106e-d8c8-4b7a-839e-06f3cb270bf5@group-DC30DC26DABD: shutdown
2019-10-02 07:48:48,034 [main] INFO  util.JmxRegister (JmxRegister.java:unregister(73)) - Successfully un-registered JMX Bean with object name Ratis:service=RaftServer,group=group-DC30DC26DABD,id=59af106e-d8c8-4b7a-839e-06f3cb270bf5
2019-10-02 07:48:48,034 [main] INFO  impl.RoleInfo (RoleInfo.java:shutdownLeaderState(104)) - 59af106e-d8c8-4b7a-839e-06f3cb270bf5: shutdown LeaderState
2019-10-02 07:48:48,035 [main] INFO  impl.PendingRequests (PendingRequests.java:sendNotLeaderResponses(202)) - 59af106e-d8c8-4b7a-839e-06f3cb270bf5@group-DC30DC26DABD-PendingRequests: sendNotLeaderResponses
2019-10-02 07:48:48,035 [main] INFO  impl.StateMachineUpdater (StateMachineUpdater.java:stopAndJoin(136)) - 59af106e-d8c8-4b7a-839e-06f3cb270bf5@group-DC30DC26DABD-StateMachineUpdater: set stopIndex = 0
2019-10-02 07:48:48,035 [main] INFO  impl.RaftServerImpl (ServerState.java:close(387)) - 59af106e-d8c8-4b7a-839e-06f3cb270bf5@group-DC30DC26DABD: closes. applyIndex: 0
2019-10-02 07:48:48,036 [59af106e-d8c8-4b7a-839e-06f3cb270bf5@group-DC30DC26DABD-SegmentedRaftLogWorker] INFO  segmented.SegmentedRaftLogWorker (SegmentedRaftLogWorker.java:run(316)) - 59af106e-d8c8-4b7a-839e-06f3cb270bf5@group-DC30DC26DABD-SegmentedRaftLogWorker was interrupted, exiting. There are 0 tasks remaining in the queue.
2019-10-02 07:48:48,037 [main] INFO  segmented.SegmentedRaftLogWorker (SegmentedRaftLogWorker.java:close(224)) - 59af106e-d8c8-4b7a-839e-06f3cb270bf5@group-DC30DC26DABD-SegmentedRaftLogWorker close()
2019-10-02 07:48:48,039 [main] INFO  server.GrpcService (GrpcService.java:closeImpl(164)) - 59af106e-d8c8-4b7a-839e-06f3cb270bf5: shutdown server with port 45332 now
2019-10-02 07:48:48,044 [main] INFO  server.GrpcService (GrpcService.java:closeImpl(172)) - 59af106e-d8c8-4b7a-839e-06f3cb270bf5: shutdown server with port 45332 successfully
2019-10-02 07:48:48,044 [grpc-default-executor-1] WARN  server.GrpcServerProtocolService (LogUtils.java:warn(134)) - 59af106e-d8c8-4b7a-839e-06f3cb270bf5: installSnapshot onError, lastRequest: b57445c0-33a9-4c70-9e00-cba4e4b039b5->59af106e-d8c8-4b7a-839e-06f3cb270bf5#22-t1, previous=(t:1, i:16), leaderCommit=16, initializing? false, entries: <empty>: org.apache.ratis.thirdparty.io.grpc.StatusRuntimeException: CANCELLED: cancelled before receiving half close
2019-10-02 07:48:48,045 [grpc-default-executor-2] WARN  server.GrpcLogAppender (LogUtils.java:warn(134)) - b57445c0-33a9-4c70-9e00-cba4e4b039b5@group-5D63B776816D->59af106e-d8c8-4b7a-839e-06f3cb270bf5-AppendLogResponseHandler: Failed appendEntries: org.apache.ratis.thirdparty.io.grpc.StatusRuntimeException: CANCELLED: HTTP/2 error code: CANCEL
Received Rst Stream
2019-10-02 07:48:48,048 [grpc-default-executor-2] INFO  impl.FollowerInfo (FollowerInfo.java:lambda$new$0(51)) - b57445c0-33a9-4c70-9e00-cba4e4b039b5@group-5D63B776816D->59af106e-d8c8-4b7a-839e-06f3cb270bf5: nextIndex: updateUnconditionally 17 -> 16
2019-10-02 07:48:48,056 [refreshUsed-/workdir/hadoop-ozone/integration-test/target/test-dir/MiniOzoneClusterImpl-eaaaa650-7a59-4694-95b4-85e6182e2b1b/datanode-3/data/containers] WARN  fs.CachingGetSpaceUsed (CachingGetSpaceUsed.java:run(183)) - Thread Interrupted waiting to refresh disk information: sleep interrupted
2019-10-02 07:48:48,058 [ForkJoinPool.commonPool-worker-1] INFO  utils.BackgroundService (BackgroundService.java:shutdown(148)) - Shutting down service BlockDeletingService
2019-10-02 07:48:48,064 [ForkJoinPool.commonPool-worker-1] INFO  statemachine.DatanodeStateMachine (DatanodeStateMachine.java:stopDaemon(395)) - Ozone container server stopped.
2019-10-02 07:48:48,070 [ForkJoinPool.commonPool-worker-1] INFO  handler.ContextHandler (ContextHandler.java:doStop(910)) - Stopped o.e.j.w.WebAppContext@6b1dc20f{/,null,UNAVAILABLE}{/hddsDatanode}
2019-10-02 07:48:48,071 [ForkJoinPool.commonPool-worker-1] INFO  server.AbstractConnector (AbstractConnector.java:doStop(318)) - Stopped ServerConnector@4613311f{HTTP/1.1,[http/1.1]}{0.0.0.0:0}
2019-10-02 07:48:48,072 [ForkJoinPool.commonPool-worker-1] INFO  handler.ContextHandler (ContextHandler.java:doStop(910)) - Stopped o.e.j.s.ServletContextHandler@6dcc40f5{/static,jar:file:/home/user/.m2/repository/org/apache/hadoop/hadoop-hdds-container-service/0.5.0-SNAPSHOT/hadoop-hdds-container-service-0.5.0-SNAPSHOT.jar!/webapps/static,UNAVAILABLE}
2019-10-02 07:48:48,074 [ForkJoinPool.commonPool-worker-1] INFO  handler.ContextHandler (ContextHandler.java:doStop(910)) - Stopped o.e.j.s.ServletContextHandler@40e37b06{/logs,file:///workdir/hadoop-ozone/integration-test/target/log,UNAVAILABLE}
2019-10-02 07:48:48,080 [main] INFO  utils.BackgroundService (BackgroundService.java:shutdown(148)) - Shutting down service BlockDeletingService
2019-10-02 07:48:48,083 [main] INFO  statemachine.DatanodeStateMachine (DatanodeStateMachine.java:stopDaemon(395)) - Ozone container server stopped.
2019-10-02 07:48:48,084 [main] INFO  handler.ContextHandler (ContextHandler.java:doStop(910)) - Stopped o.e.j.w.WebAppContext@1687eb01{/,null,UNAVAILABLE}{/hddsDatanode}
2019-10-02 07:48:48,085 [main] INFO  server.AbstractConnector (AbstractConnector.java:doStop(318)) - Stopped ServerConnector@748d2277{HTTP/1.1,[http/1.1]}{0.0.0.0:0}
2019-10-02 07:48:48,085 [main] INFO  handler.ContextHandler (ContextHandler.java:doStop(910)) - Stopped o.e.j.s.ServletContextHandler@4e1a46fb{/static,jar:file:/home/user/.m2/repository/org/apache/hadoop/hadoop-hdds-container-service/0.5.0-SNAPSHOT/hadoop-hdds-container-service-0.5.0-SNAPSHOT.jar!/webapps/static,UNAVAILABLE}
2019-10-02 07:48:48,085 [main] INFO  handler.ContextHandler (ContextHandler.java:doStop(910)) - Stopped o.e.j.s.ServletContextHandler@70972170{/logs,file:///workdir/hadoop-ozone/integration-test/target/log,UNAVAILABLE}
2019-10-02 07:48:48,095 [Datanode State Machine Thread - 0] INFO  statemachine.DatanodeStateMachine (DatanodeStateMachine.java:lambda$startDaemon$0(350)) - Ozone container server started.
2019-10-02 07:48:48,135 [Datanode State Machine Thread - 0] INFO  statemachine.DatanodeStateMachine (DatanodeStateMachine.java:lambda$startDaemon$0(350)) - Ozone container server started.
2019-10-02 07:48:49,723 [Thread-308] INFO  impl.FollowerState (FollowerState.java:run(108)) - e7d406ca-211a-4487-9af6-12e67609d01e@group-2650E1CC81E5-FollowerState: change to CANDIDATE, lastRpcTime:6955ms, electionTimeout:5127ms
2019-10-02 07:48:49,723 [Thread-308] INFO  impl.RoleInfo (RoleInfo.java:shutdownFollowerState(121)) - e7d406ca-211a-4487-9af6-12e67609d01e: shutdown FollowerState
2019-10-02 07:48:49,723 [Thread-308] INFO  impl.RaftServerImpl (RaftServerImpl.java:setRole(170)) - e7d406ca-211a-4487-9af6-12e67609d01e@group-2650E1CC81E5: changes role from  FOLLOWER to CANDIDATE at term 1 for changeToCandidate
2019-10-02 07:48:49,723 [Thread-308] INFO  impl.RoleInfo (RoleInfo.java:updateAndGet(143)) - e7d406ca-211a-4487-9af6-12e67609d01e: start LeaderElection
2019-10-02 07:48:49,725 [e7d406ca-211a-4487-9af6-12e67609d01e@group-2650E1CC81E5-LeaderElection10] INFO  impl.RaftServerImpl (ServerState.java:setLeader(255)) - e7d406ca-211a-4487-9af6-12e67609d01e@group-2650E1CC81E5: change Leader from 20b15c73-7e36-4f3d-af5d-dcac1c223d80 to null at term 1 for initElection
2019-10-02 07:48:49,740 [e7d406ca-211a-4487-9af6-12e67609d01e@group-2650E1CC81E5-LeaderElection10] INFO  impl.LeaderElection (LeaderElection.java:askForVotes(178)) - e7d406ca-211a-4487-9af6-12e67609d01e@group-2650E1CC81E5-LeaderElection10: begin an election at term 2 for 0: [20b15c73-7e36-4f3d-af5d-dcac1c223d80:192.168.164.211:41323, e7d406ca-211a-4487-9af6-12e67609d01e:192.168.164.211:44510, 5769829b-5c7b-4b33-8720-74c1f11a345b:192.168.164.211:43201], old=null
2019-10-02 07:48:49,757 [e7d406ca-211a-4487-9af6-12e67609d01e@group-2650E1CC81E5-LeaderElection10] INFO  impl.LeaderElection (LogUtils.java:infoOrTrace(149)) - e7d406ca-211a-4487-9af6-12e67609d01e@group-2650E1CC81E5-LeaderElection10 got exception when requesting votes: {}
java.util.concurrent.ExecutionException: org.apache.ratis.thirdparty.io.grpc.StatusRuntimeException: UNAVAILABLE: io exception
	at java.util.concurrent.FutureTask.report(FutureTask.java:122)
	at java.util.concurrent.FutureTask.get(FutureTask.java:192)
	at org.apache.ratis.server.impl.LeaderElection.waitForResults(LeaderElection.java:259)
	at org.apache.ratis.server.impl.LeaderElection.askForVotes(LeaderElection.java:197)
	at org.apache.ratis.server.impl.LeaderElection.run(LeaderElection.java:133)
	at java.lang.Thread.run(Thread.java:748)
Caused by: org.apache.ratis.thirdparty.io.grpc.StatusRuntimeException: UNAVAILABLE: io exception
	at org.apache.ratis.thirdparty.io.grpc.stub.ClientCalls.toStatusRuntimeException(ClientCalls.java:233)
	at org.apache.ratis.thirdparty.io.grpc.stub.ClientCalls.getUnchecked(ClientCalls.java:214)
	at org.apache.ratis.thirdparty.io.grpc.stub.ClientCalls.blockingUnaryCall(ClientCalls.java:139)
	at org.apache.ratis.proto.grpc.RaftServerProtocolServiceGrpc$RaftServerProtocolServiceBlockingStub.requestVote(RaftServerProtocolServiceGrpc.java:265)
	at org.apache.ratis.grpc.server.GrpcServerProtocolClient.requestVote(GrpcServerProtocolClient.java:99)
	at org.apache.ratis.grpc.server.GrpcService.requestVote(GrpcService.java:204)
	at org.apache.ratis.server.impl.LeaderElection.lambda$submitRequests$1(LeaderElection.java:234)
	at java.util.concurrent.FutureTask.run(FutureTask.java:266)
	at java.util.concurrent.Executors$RunnableAdapter.call(Executors.java:511)
	at java.util.concurrent.FutureTask.run(FutureTask.java:266)
	at java.util.concurrent.ThreadPoolExecutor.runWorker(ThreadPoolExecutor.java:1149)
	at java.util.concurrent.ThreadPoolExecutor$Worker.run(ThreadPoolExecutor.java:624)
	... 1 more
Caused by: org.apache.ratis.thirdparty.io.netty.channel.AbstractChannel$AnnotatedConnectException: Connection refused: /192.168.164.211:41323
	at sun.nio.ch.SocketChannelImpl.checkConnect(Native Method)
	at sun.nio.ch.SocketChannelImpl.finishConnect(SocketChannelImpl.java:717)
	at org.apache.ratis.thirdparty.io.netty.channel.socket.nio.NioSocketChannel.doFinishConnect(NioSocketChannel.java:327)
	at org.apache.ratis.thirdparty.io.netty.channel.nio.AbstractNioChannel$AbstractNioUnsafe.finishConnect(AbstractNioChannel.java:340)
	at org.apache.ratis.thirdparty.io.netty.channel.nio.NioEventLoop.processSelectedKey(NioEventLoop.java:632)
	at org.apache.ratis.thirdparty.io.netty.channel.nio.NioEventLoop.processSelectedKeysOptimized(NioEventLoop.java:579)
	at org.apache.ratis.thirdparty.io.netty.channel.nio.NioEventLoop.processSelectedKeys(NioEventLoop.java:496)
	at org.apache.ratis.thirdparty.io.netty.channel.nio.NioEventLoop.run(NioEventLoop.java:458)
	at org.apache.ratis.thirdparty.io.netty.util.concurrent.SingleThreadEventExecutor$5.run(SingleThreadEventExecutor.java:897)
	at org.apache.ratis.thirdparty.io.netty.util.concurrent.FastThreadLocalRunnable.run(FastThreadLocalRunnable.java:30)
	... 1 more
Caused by: java.net.ConnectException: Connection refused
	... 11 more
2019-10-02 07:48:49,758 [e7d406ca-211a-4487-9af6-12e67609d01e@group-2650E1CC81E5-LeaderElection10] INFO  impl.LeaderElection (LogUtils.java:infoOrTrace(149)) - e7d406ca-211a-4487-9af6-12e67609d01e@group-2650E1CC81E5-LeaderElection10 got exception when requesting votes: {}
java.util.concurrent.ExecutionException: org.apache.ratis.thirdparty.io.grpc.StatusRuntimeException: UNAVAILABLE: io exception
	at java.util.concurrent.FutureTask.report(FutureTask.java:122)
	at java.util.concurrent.FutureTask.get(FutureTask.java:192)
	at org.apache.ratis.server.impl.LeaderElection.waitForResults(LeaderElection.java:259)
	at org.apache.ratis.server.impl.LeaderElection.askForVotes(LeaderElection.java:197)
	at org.apache.ratis.server.impl.LeaderElection.run(LeaderElection.java:133)
	at java.lang.Thread.run(Thread.java:748)
Caused by: org.apache.ratis.thirdparty.io.grpc.StatusRuntimeException: UNAVAILABLE: io exception
	at org.apache.ratis.thirdparty.io.grpc.stub.ClientCalls.toStatusRuntimeException(ClientCalls.java:233)
	at org.apache.ratis.thirdparty.io.grpc.stub.ClientCalls.getUnchecked(ClientCalls.java:214)
	at org.apache.ratis.thirdparty.io.grpc.stub.ClientCalls.blockingUnaryCall(ClientCalls.java:139)
	at org.apache.ratis.proto.grpc.RaftServerProtocolServiceGrpc$RaftServerProtocolServiceBlockingStub.requestVote(RaftServerProtocolServiceGrpc.java:265)
	at org.apache.ratis.grpc.server.GrpcServerProtocolClient.requestVote(GrpcServerProtocolClient.java:99)
	at org.apache.ratis.grpc.server.GrpcService.requestVote(GrpcService.java:204)
	at org.apache.ratis.server.impl.LeaderElection.lambda$submitRequests$1(LeaderElection.java:234)
	at java.util.concurrent.FutureTask.run(FutureTask.java:266)
	at java.util.concurrent.Executors$RunnableAdapter.call(Executors.java:511)
	at java.util.concurrent.FutureTask.run(FutureTask.java:266)
	at java.util.concurrent.ThreadPoolExecutor.runWorker(ThreadPoolExecutor.java:1149)
	at java.util.concurrent.ThreadPoolExecutor$Worker.run(ThreadPoolExecutor.java:624)
	... 1 more
Caused by: org.apache.ratis.thirdparty.io.netty.channel.AbstractChannel$AnnotatedConnectException: Connection refused: /192.168.164.211:43201
	at sun.nio.ch.SocketChannelImpl.checkConnect(Native Method)
	at sun.nio.ch.SocketChannelImpl.finishConnect(SocketChannelImpl.java:717)
	at org.apache.ratis.thirdparty.io.netty.channel.socket.nio.NioSocketChannel.doFinishConnect(NioSocketChannel.java:327)
	at org.apache.ratis.thirdparty.io.netty.channel.nio.AbstractNioChannel$AbstractNioUnsafe.finishConnect(AbstractNioChannel.java:340)
	at org.apache.ratis.thirdparty.io.netty.channel.nio.NioEventLoop.processSelectedKey(NioEventLoop.java:632)
	at org.apache.ratis.thirdparty.io.netty.channel.nio.NioEventLoop.processSelectedKeysOptimized(NioEventLoop.java:579)
	at org.apache.ratis.thirdparty.io.netty.channel.nio.NioEventLoop.processSelectedKeys(NioEventLoop.java:496)
	at org.apache.ratis.thirdparty.io.netty.channel.nio.NioEventLoop.run(NioEventLoop.java:458)
	at org.apache.ratis.thirdparty.io.netty.util.concurrent.SingleThreadEventExecutor$5.run(SingleThreadEventExecutor.java:897)
	at org.apache.ratis.thirdparty.io.netty.util.concurrent.FastThreadLocalRunnable.run(FastThreadLocalRunnable.java:30)
	... 1 more
Caused by: java.net.ConnectException: Connection refused
	... 11 more
2019-10-02 07:48:49,760 [e7d406ca-211a-4487-9af6-12e67609d01e@group-2650E1CC81E5-LeaderElection10] INFO  impl.LeaderElection (LeaderElection.java:logAndReturn(56)) - e7d406ca-211a-4487-9af6-12e67609d01e@group-2650E1CC81E5-LeaderElection10: Election REJECTED; received 0 response(s) [] and 2 exception(s); e7d406ca-211a-4487-9af6-12e67609d01e@group-2650E1CC81E5:t2, leader=null, voted=e7d406ca-211a-4487-9af6-12e67609d01e, raftlog=e7d406ca-211a-4487-9af6-12e67609d01e@group-2650E1CC81E5-SegmentedRaftLog:OPENED:c4,f4,i4, conf=0: [20b15c73-7e36-4f3d-af5d-dcac1c223d80:192.168.164.211:41323, e7d406ca-211a-4487-9af6-12e67609d01e:192.168.164.211:44510, 5769829b-5c7b-4b33-8720-74c1f11a345b:192.168.164.211:43201], old=null
2019-10-02 07:48:49,761 [e7d406ca-211a-4487-9af6-12e67609d01e@group-2650E1CC81E5-LeaderElection10] INFO  impl.LeaderElection (LogUtils.java:infoOrTrace(149)) -   Exception 0: {}
java.util.concurrent.ExecutionException: org.apache.ratis.thirdparty.io.grpc.StatusRuntimeException: UNAVAILABLE: io exception
	at java.util.concurrent.FutureTask.report(FutureTask.java:122)
	at java.util.concurrent.FutureTask.get(FutureTask.java:192)
	at org.apache.ratis.server.impl.LeaderElection.waitForResults(LeaderElection.java:259)
	at org.apache.ratis.server.impl.LeaderElection.askForVotes(LeaderElection.java:197)
	at org.apache.ratis.server.impl.LeaderElection.run(LeaderElection.java:133)
	at java.lang.Thread.run(Thread.java:748)
Caused by: org.apache.ratis.thirdparty.io.grpc.StatusRuntimeException: UNAVAILABLE: io exception
	at org.apache.ratis.thirdparty.io.grpc.stub.ClientCalls.toStatusRuntimeException(ClientCalls.java:233)
	at org.apache.ratis.thirdparty.io.grpc.stub.ClientCalls.getUnchecked(ClientCalls.java:214)
	at org.apache.ratis.thirdparty.io.grpc.stub.ClientCalls.blockingUnaryCall(ClientCalls.java:139)
	at org.apache.ratis.proto.grpc.RaftServerProtocolServiceGrpc$RaftServerProtocolServiceBlockingStub.requestVote(RaftServerProtocolServiceGrpc.java:265)
	at org.apache.ratis.grpc.server.GrpcServerProtocolClient.requestVote(GrpcServerProtocolClient.java:99)
	at org.apache.ratis.grpc.server.GrpcService.requestVote(GrpcService.java:204)
	at org.apache.ratis.server.impl.LeaderElection.lambda$submitRequests$1(LeaderElection.java:234)
	at java.util.concurrent.FutureTask.run(FutureTask.java:266)
	at java.util.concurrent.Executors$RunnableAdapter.call(Executors.java:511)
	at java.util.concurrent.FutureTask.run(FutureTask.java:266)
	at java.util.concurrent.ThreadPoolExecutor.runWorker(ThreadPoolExecutor.java:1149)
	at java.util.concurrent.ThreadPoolExecutor$Worker.run(ThreadPoolExecutor.java:624)
	... 1 more
Caused by: org.apache.ratis.thirdparty.io.netty.channel.AbstractChannel$AnnotatedConnectException: Connection refused: /192.168.164.211:41323
	at sun.nio.ch.SocketChannelImpl.checkConnect(Native Method)
	at sun.nio.ch.SocketChannelImpl.finishConnect(SocketChannelImpl.java:717)
	at org.apache.ratis.thirdparty.io.netty.channel.socket.nio.NioSocketChannel.doFinishConnect(NioSocketChannel.java:327)
	at org.apache.ratis.thirdparty.io.netty.channel.nio.AbstractNioChannel$AbstractNioUnsafe.finishConnect(AbstractNioChannel.java:340)
	at org.apache.ratis.thirdparty.io.netty.channel.nio.NioEventLoop.processSelectedKey(NioEventLoop.java:632)
	at org.apache.ratis.thirdparty.io.netty.channel.nio.NioEventLoop.processSelectedKeysOptimized(NioEventLoop.java:579)
	at org.apache.ratis.thirdparty.io.netty.channel.nio.NioEventLoop.processSelectedKeys(NioEventLoop.java:496)
	at org.apache.ratis.thirdparty.io.netty.channel.nio.NioEventLoop.run(NioEventLoop.java:458)
	at org.apache.ratis.thirdparty.io.netty.util.concurrent.SingleThreadEventExecutor$5.run(SingleThreadEventExecutor.java:897)
	at org.apache.ratis.thirdparty.io.netty.util.concurrent.FastThreadLocalRunnable.run(FastThreadLocalRunnable.java:30)
	... 1 more
Caused by: java.net.ConnectException: Connection refused
	... 11 more
2019-10-02 07:48:49,762 [e7d406ca-211a-4487-9af6-12e67609d01e@group-2650E1CC81E5-LeaderElection10] INFO  impl.LeaderElection (LogUtils.java:infoOrTrace(149)) -   Exception 1: {}
java.util.concurrent.ExecutionException: org.apache.ratis.thirdparty.io.grpc.StatusRuntimeException: UNAVAILABLE: io exception
	at java.util.concurrent.FutureTask.report(FutureTask.java:122)
	at java.util.concurrent.FutureTask.get(FutureTask.java:192)
	at org.apache.ratis.server.impl.LeaderElection.waitForResults(LeaderElection.java:259)
	at org.apache.ratis.server.impl.LeaderElection.askForVotes(LeaderElection.java:197)
	at org.apache.ratis.server.impl.LeaderElection.run(LeaderElection.java:133)
	at java.lang.Thread.run(Thread.java:748)
Caused by: org.apache.ratis.thirdparty.io.grpc.StatusRuntimeException: UNAVAILABLE: io exception
	at org.apache.ratis.thirdparty.io.grpc.stub.ClientCalls.toStatusRuntimeException(ClientCalls.java:233)
	at org.apache.ratis.thirdparty.io.grpc.stub.ClientCalls.getUnchecked(ClientCalls.java:214)
	at org.apache.ratis.thirdparty.io.grpc.stub.ClientCalls.blockingUnaryCall(ClientCalls.java:139)
	at org.apache.ratis.proto.grpc.RaftServerProtocolServiceGrpc$RaftServerProtocolServiceBlockingStub.requestVote(RaftServerProtocolServiceGrpc.java:265)
	at org.apache.ratis.grpc.server.GrpcServerProtocolClient.requestVote(GrpcServerProtocolClient.java:99)
	at org.apache.ratis.grpc.server.GrpcService.requestVote(GrpcService.java:204)
	at org.apache.ratis.server.impl.LeaderElection.lambda$submitRequests$1(LeaderElection.java:234)
	at java.util.concurrent.FutureTask.run(FutureTask.java:266)
	at java.util.concurrent.Executors$RunnableAdapter.call(Executors.java:511)
	at java.util.concurrent.FutureTask.run(FutureTask.java:266)
	at java.util.concurrent.ThreadPoolExecutor.runWorker(ThreadPoolExecutor.java:1149)
	at java.util.concurrent.ThreadPoolExecutor$Worker.run(ThreadPoolExecutor.java:624)
	... 1 more
Caused by: org.apache.ratis.thirdparty.io.netty.channel.AbstractChannel$AnnotatedConnectException: Connection refused: /192.168.164.211:43201
	at sun.nio.ch.SocketChannelImpl.checkConnect(Native Method)
	at sun.nio.ch.SocketChannelImpl.finishConnect(SocketChannelImpl.java:717)
	at org.apache.ratis.thirdparty.io.netty.channel.socket.nio.NioSocketChannel.doFinishConnect(NioSocketChannel.java:327)
	at org.apache.ratis.thirdparty.io.netty.channel.nio.AbstractNioChannel$AbstractNioUnsafe.finishConnect(AbstractNioChannel.java:340)
	at org.apache.ratis.thirdparty.io.netty.channel.nio.NioEventLoop.processSelectedKey(NioEventLoop.java:632)
	at org.apache.ratis.thirdparty.io.netty.channel.nio.NioEventLoop.processSelectedKeysOptimized(NioEventLoop.java:579)
	at org.apache.ratis.thirdparty.io.netty.channel.nio.NioEventLoop.processSelectedKeys(NioEventLoop.java:496)
	at org.apache.ratis.thirdparty.io.netty.channel.nio.NioEventLoop.run(NioEventLoop.java:458)
	at org.apache.ratis.thirdparty.io.netty.util.concurrent.SingleThreadEventExecutor$5.run(SingleThreadEventExecutor.java:897)
	at org.apache.ratis.thirdparty.io.netty.util.concurrent.FastThreadLocalRunnable.run(FastThreadLocalRunnable.java:30)
	... 1 more
Caused by: java.net.ConnectException: Connection refused
	... 11 more
2019-10-02 07:48:49,762 [e7d406ca-211a-4487-9af6-12e67609d01e@group-2650E1CC81E5-LeaderElection10] INFO  impl.RaftServerImpl (RaftServerImpl.java:setRole(170)) - e7d406ca-211a-4487-9af6-12e67609d01e@group-2650E1CC81E5: changes role from CANDIDATE to FOLLOWER at term 2 for DISCOVERED_A_NEW_TERM
2019-10-02 07:48:49,763 [e7d406ca-211a-4487-9af6-12e67609d01e@group-2650E1CC81E5-LeaderElection10] INFO  impl.RoleInfo (RoleInfo.java:shutdownLeaderElection(134)) - e7d406ca-211a-4487-9af6-12e67609d01e: shutdown LeaderElection
2019-10-02 07:48:49,764 [e7d406ca-211a-4487-9af6-12e67609d01e@group-2650E1CC81E5-LeaderElection10] INFO  impl.RoleInfo (RoleInfo.java:updateAndGet(143)) - e7d406ca-211a-4487-9af6-12e67609d01e: start FollowerState
2019-10-02 07:48:50,439 [grpc-default-executor-4] WARN  server.GrpcLogAppender (LogUtils.java:warn(134)) - b57445c0-33a9-4c70-9e00-cba4e4b039b5@group-5D63B776816D->59af106e-d8c8-4b7a-839e-06f3cb270bf5-AppendLogResponseHandler: Failed appendEntries: org.apache.ratis.thirdparty.io.grpc.StatusRuntimeException: UNAVAILABLE: io exception
2019-10-02 07:48:50,441 [grpc-default-executor-4] INFO  impl.FollowerInfo (FollowerInfo.java:lambda$new$0(51)) - b57445c0-33a9-4c70-9e00-cba4e4b039b5@group-5D63B776816D->59af106e-d8c8-4b7a-839e-06f3cb270bf5: nextIndex: updateUnconditionally 16 -> 15
2019-10-02 07:48:52,183 [EventQueue-StaleNodeForStaleNodeHandler] INFO  node.StaleNodeHandler (StaleNodeHandler.java:onMessage(58)) - Datanode 40678547-ebf5-4c5e-be30-9f61598efabe{ip: 192.168.164.211, host: pr-hdds-2227-gdpr-vz6hn-2718222164, networkLocation: /default-rack, certSerialId: null} moved to stale state. Finalizing its pipelines [PipelineID=718d934e-e7f1-48f0-be13-3f63db19fcda, PipelineID=eeff5108-90e5-421b-89d7-5d63b776816d]
2019-10-02 07:48:52,183 [EventQueue-StaleNodeForStaleNodeHandler] INFO  pipeline.SCMPipelineManager (SCMPipelineManager.java:finalizeAndDestroyPipeline(315)) - destroying pipeline:Pipeline[ Id: 718d934e-e7f1-48f0-be13-3f63db19fcda, Nodes: 40678547-ebf5-4c5e-be30-9f61598efabe{ip: 192.168.164.211, host: pr-hdds-2227-gdpr-vz6hn-2718222164, networkLocation: /default-rack, certSerialId: null}, Type:RATIS, Factor:ONE, State:OPEN]
2019-10-02 07:48:52,183 [EventQueue-StaleNodeForStaleNodeHandler] INFO  pipeline.PipelineStateManager (PipelineStateManager.java:finalizePipeline(123)) - Pipeline Pipeline[ Id: 718d934e-e7f1-48f0-be13-3f63db19fcda, Nodes: 40678547-ebf5-4c5e-be30-9f61598efabe{ip: 192.168.164.211, host: pr-hdds-2227-gdpr-vz6hn-2718222164, networkLocation: /default-rack, certSerialId: null}, Type:RATIS, Factor:ONE, State:CLOSED] moved to CLOSED state
2019-10-02 07:48:52,184 [EventQueue-StaleNodeForStaleNodeHandler] INFO  pipeline.SCMPipelineManager (SCMPipelineManager.java:finalizeAndDestroyPipeline(315)) - destroying pipeline:Pipeline[ Id: eeff5108-90e5-421b-89d7-5d63b776816d, Nodes: 40678547-ebf5-4c5e-be30-9f61598efabe{ip: 192.168.164.211, host: pr-hdds-2227-gdpr-vz6hn-2718222164, networkLocation: /default-rack, certSerialId: null}b57445c0-33a9-4c70-9e00-cba4e4b039b5{ip: 192.168.164.211, host: pr-hdds-2227-gdpr-vz6hn-2718222164, networkLocation: /default-rack, certSerialId: null}59af106e-d8c8-4b7a-839e-06f3cb270bf5{ip: 192.168.164.211, host: pr-hdds-2227-gdpr-vz6hn-2718222164, networkLocation: /default-rack, certSerialId: null}, Type:RATIS, Factor:THREE, State:CLOSED]
2019-10-02 07:48:52,184 [EventQueue-StaleNodeForStaleNodeHandler] INFO  node.StaleNodeHandler (StaleNodeHandler.java:onMessage(58)) - Datanode b57445c0-33a9-4c70-9e00-cba4e4b039b5{ip: 192.168.164.211, host: pr-hdds-2227-gdpr-vz6hn-2718222164, networkLocation: /default-rack, certSerialId: null} moved to stale state. Finalizing its pipelines [PipelineID=50b960c1-8235-4501-8bc5-bd5c5984f7b5, PipelineID=eeff5108-90e5-421b-89d7-5d63b776816d]
2019-10-02 07:48:52,184 [EventQueue-StaleNodeForStaleNodeHandler] INFO  pipeline.SCMPipelineManager (SCMPipelineManager.java:finalizeAndDestroyPipeline(315)) - destroying pipeline:Pipeline[ Id: 50b960c1-8235-4501-8bc5-bd5c5984f7b5, Nodes: b57445c0-33a9-4c70-9e00-cba4e4b039b5{ip: 192.168.164.211, host: pr-hdds-2227-gdpr-vz6hn-2718222164, networkLocation: /default-rack, certSerialId: null}, Type:RATIS, Factor:ONE, State:OPEN]
2019-10-02 07:48:52,184 [EventQueue-StaleNodeForStaleNodeHandler] INFO  pipeline.PipelineStateManager (PipelineStateManager.java:finalizePipeline(123)) - Pipeline Pipeline[ Id: 50b960c1-8235-4501-8bc5-bd5c5984f7b5, Nodes: b57445c0-33a9-4c70-9e00-cba4e4b039b5{ip: 192.168.164.211, host: pr-hdds-2227-gdpr-vz6hn-2718222164, networkLocation: /default-rack, certSerialId: null}, Type:RATIS, Factor:ONE, State:CLOSED] moved to CLOSED state
2019-10-02 07:48:52,185 [EventQueue-StaleNodeForStaleNodeHandler] INFO  pipeline.SCMPipelineManager (SCMPipelineManager.java:finalizeAndDestroyPipeline(315)) - destroying pipeline:Pipeline[ Id: eeff5108-90e5-421b-89d7-5d63b776816d, Nodes: 40678547-ebf5-4c5e-be30-9f61598efabe{ip: 192.168.164.211, host: pr-hdds-2227-gdpr-vz6hn-2718222164, networkLocation: /default-rack, certSerialId: null}b57445c0-33a9-4c70-9e00-cba4e4b039b5{ip: 192.168.164.211, host: pr-hdds-2227-gdpr-vz6hn-2718222164, networkLocation: /default-rack, certSerialId: null}59af106e-d8c8-4b7a-839e-06f3cb270bf5{ip: 192.168.164.211, host: pr-hdds-2227-gdpr-vz6hn-2718222164, networkLocation: /default-rack, certSerialId: null}, Type:RATIS, Factor:THREE, State:CLOSED]
2019-10-02 07:48:52,944 [grpc-default-executor-0] WARN  server.GrpcLogAppender (LogUtils.java:warn(134)) - b57445c0-33a9-4c70-9e00-cba4e4b039b5@group-5D63B776816D->59af106e-d8c8-4b7a-839e-06f3cb270bf5-AppendLogResponseHandler: Failed appendEntries: org.apache.ratis.thirdparty.io.grpc.StatusRuntimeException: UNAVAILABLE: io exception
2019-10-02 07:48:52,948 [grpc-default-executor-0] INFO  impl.FollowerInfo (FollowerInfo.java:lambda$new$0(51)) - b57445c0-33a9-4c70-9e00-cba4e4b039b5@group-5D63B776816D->59af106e-d8c8-4b7a-839e-06f3cb270bf5: nextIndex: updateUnconditionally 15 -> 14
2019-10-02 07:48:53,076 [ForkJoinPool.commonPool-worker-1] INFO  ozoneimpl.OzoneContainer (OzoneContainer.java:stop(231)) - Attempting to stop container services.
2019-10-02 07:48:53,078 [ForkJoinPool.commonPool-worker-1] INFO  impl.RaftServerProxy (RaftServerProxy.java:lambda$close$4(314)) - b57445c0-33a9-4c70-9e00-cba4e4b039b5: close
2019-10-02 07:48:53,079 [ForkJoinPool.commonPool-worker-1] INFO  impl.RaftServerImpl (RaftServerImpl.java:lambda$shutdown$3(247)) - b57445c0-33a9-4c70-9e00-cba4e4b039b5@group-BD5C5984F7B5: shutdown
2019-10-02 07:48:53,079 [ForkJoinPool.commonPool-worker-1] INFO  util.JmxRegister (JmxRegister.java:unregister(73)) - Successfully un-registered JMX Bean with object name Ratis:service=RaftServer,group=group-BD5C5984F7B5,id=b57445c0-33a9-4c70-9e00-cba4e4b039b5
2019-10-02 07:48:53,079 [ForkJoinPool.commonPool-worker-1] INFO  impl.RoleInfo (RoleInfo.java:shutdownLeaderState(104)) - b57445c0-33a9-4c70-9e00-cba4e4b039b5: shutdown LeaderState
2019-10-02 07:48:53,079 [ForkJoinPool.commonPool-worker-1] INFO  impl.PendingRequests (PendingRequests.java:sendNotLeaderResponses(202)) - b57445c0-33a9-4c70-9e00-cba4e4b039b5@group-BD5C5984F7B5-PendingRequests: sendNotLeaderResponses
2019-10-02 07:48:53,080 [ForkJoinPool.commonPool-worker-1] INFO  impl.StateMachineUpdater (StateMachineUpdater.java:stopAndJoin(136)) - b57445c0-33a9-4c70-9e00-cba4e4b039b5@group-BD5C5984F7B5-StateMachineUpdater: set stopIndex = 0
2019-10-02 07:48:53,080 [ForkJoinPool.commonPool-worker-1] INFO  impl.RaftServerImpl (ServerState.java:close(387)) - b57445c0-33a9-4c70-9e00-cba4e4b039b5@group-BD5C5984F7B5: closes. applyIndex: 0
2019-10-02 07:48:53,081 [b57445c0-33a9-4c70-9e00-cba4e4b039b5@group-BD5C5984F7B5-SegmentedRaftLogWorker] INFO  segmented.SegmentedRaftLogWorker (SegmentedRaftLogWorker.java:run(316)) - b57445c0-33a9-4c70-9e00-cba4e4b039b5@group-BD5C5984F7B5-SegmentedRaftLogWorker was interrupted, exiting. There are 0 tasks remaining in the queue.
2019-10-02 07:48:53,082 [ForkJoinPool.commonPool-worker-1] INFO  segmented.SegmentedRaftLogWorker (SegmentedRaftLogWorker.java:close(224)) - b57445c0-33a9-4c70-9e00-cba4e4b039b5@group-BD5C5984F7B5-SegmentedRaftLogWorker close()
2019-10-02 07:48:53,085 [ForkJoinPool.commonPool-worker-1] INFO  impl.RaftServerImpl (RaftServerImpl.java:lambda$shutdown$3(247)) - b57445c0-33a9-4c70-9e00-cba4e4b039b5@group-5D63B776816D: shutdown
2019-10-02 07:48:53,086 [ForkJoinPool.commonPool-worker-1] INFO  util.JmxRegister (JmxRegister.java:unregister(73)) - Successfully un-registered JMX Bean with object name Ratis:service=RaftServer,group=group-5D63B776816D,id=b57445c0-33a9-4c70-9e00-cba4e4b039b5
2019-10-02 07:48:53,086 [ForkJoinPool.commonPool-worker-1] INFO  impl.RoleInfo (RoleInfo.java:shutdownLeaderState(104)) - b57445c0-33a9-4c70-9e00-cba4e4b039b5: shutdown LeaderState
2019-10-02 07:48:53,088 [ForkJoinPool.commonPool-worker-1] INFO  impl.PendingRequests (PendingRequests.java:sendNotLeaderResponses(202)) - b57445c0-33a9-4c70-9e00-cba4e4b039b5@group-5D63B776816D-PendingRequests: sendNotLeaderResponses
2019-10-02 07:48:53,089 [org.apache.ratis.server.impl.LogAppender$AppenderDaemon$$Lambda$516/812517202@3fc2ed99] WARN  server.GrpcLogAppender (GrpcLogAppender.java:mayWait(143)) - b57445c0-33a9-4c70-9e00-cba4e4b039b5@group-5D63B776816D->40678547-ebf5-4c5e-be30-9f61598efabe-GrpcLogAppender: Wait interrupted by java.lang.InterruptedException
2019-10-02 07:48:53,088 [org.apache.ratis.server.impl.LogAppender$AppenderDaemon$$Lambda$516/812517202@ff4c30b] WARN  server.GrpcLogAppender (GrpcLogAppender.java:mayWait(143)) - b57445c0-33a9-4c70-9e00-cba4e4b039b5@group-5D63B776816D->59af106e-d8c8-4b7a-839e-06f3cb270bf5-GrpcLogAppender: Wait interrupted by java.lang.InterruptedException
2019-10-02 07:48:53,089 [main] INFO  ozoneimpl.OzoneContainer (OzoneContainer.java:stop(231)) - Attempting to stop container services.
2019-10-02 07:48:53,090 [ForkJoinPool.commonPool-worker-1] INFO  impl.StateMachineUpdater (StateMachineUpdater.java:stopAndJoin(136)) - b57445c0-33a9-4c70-9e00-cba4e4b039b5@group-5D63B776816D-StateMachineUpdater: set stopIndex = 16
2019-10-02 07:48:53,091 [b57445c0-33a9-4c70-9e00-cba4e4b039b5@group-5D63B776816D-StateMachineUpdater] INFO  ratis.ContainerStateMachine (ContainerStateMachine.java:takeSnapshot(293)) - group-5D63B776816D: Taking a snapshot at:(t:1, i:14) file /workdir/hadoop-ozone/integration-test/target/test-dir/MiniOzoneClusterImpl-eaaaa650-7a59-4694-95b4-85e6182e2b1b/datanode-0/data/ratis/eeff5108-90e5-421b-89d7-5d63b776816d/sm/snapshot.1_14
2019-10-02 07:48:53,093 [main] INFO  impl.RaftServerProxy (RaftServerProxy.java:lambda$close$4(314)) - 40678547-ebf5-4c5e-be30-9f61598efabe: close
2019-10-02 07:48:53,091 [grpc-default-executor-0] INFO  server.GrpcServerProtocolService (GrpcServerProtocolService.java:onCompleted(113)) - 40678547-ebf5-4c5e-be30-9f61598efabe: Completed APPEND_ENTRIES, lastRequest: b57445c0-33a9-4c70-9e00-cba4e4b039b5->40678547-ebf5-4c5e-be30-9f61598efabe#24-t1, previous=(t:1, i:16), leaderCommit=16, initializing? false, entries: <empty>
2019-10-02 07:48:53,094 [main] INFO  impl.RaftServerImpl (RaftServerImpl.java:lambda$shutdown$3(247)) - 40678547-ebf5-4c5e-be30-9f61598efabe@group-3F63DB19FCDA: shutdown
2019-10-02 07:48:53,094 [grpc-default-executor-0] INFO  server.GrpcLogAppender (GrpcLogAppender.java:onCompleted(293)) - b57445c0-33a9-4c70-9e00-cba4e4b039b5@group-5D63B776816D->40678547-ebf5-4c5e-be30-9f61598efabe-AppendLogResponseHandler: follower responses appendEntries COMPLETED
2019-10-02 07:48:53,094 [main] INFO  util.JmxRegister (JmxRegister.java:unregister(73)) - Successfully un-registered JMX Bean with object name Ratis:service=RaftServer,group=group-3F63DB19FCDA,id=40678547-ebf5-4c5e-be30-9f61598efabe
2019-10-02 07:48:53,096 [grpc-default-executor-0] INFO  impl.FollowerInfo (FollowerInfo.java:lambda$new$0(51)) - b57445c0-33a9-4c70-9e00-cba4e4b039b5@group-5D63B776816D->40678547-ebf5-4c5e-be30-9f61598efabe: nextIndex: updateUnconditionally 17 -> 16
2019-10-02 07:48:53,097 [main] INFO  impl.RoleInfo (RoleInfo.java:shutdownLeaderState(104)) - 40678547-ebf5-4c5e-be30-9f61598efabe: shutdown LeaderState
2019-10-02 07:48:53,098 [main] INFO  impl.PendingRequests (PendingRequests.java:sendNotLeaderResponses(202)) - 40678547-ebf5-4c5e-be30-9f61598efabe@group-3F63DB19FCDA-PendingRequests: sendNotLeaderResponses
2019-10-02 07:48:53,098 [main] INFO  impl.StateMachineUpdater (StateMachineUpdater.java:stopAndJoin(136)) - 40678547-ebf5-4c5e-be30-9f61598efabe@group-3F63DB19FCDA-StateMachineUpdater: set stopIndex = 0
2019-10-02 07:48:53,099 [main] INFO  impl.RaftServerImpl (ServerState.java:close(387)) - 40678547-ebf5-4c5e-be30-9f61598efabe@group-3F63DB19FCDA: closes. applyIndex: 0
2019-10-02 07:48:53,100 [40678547-ebf5-4c5e-be30-9f61598efabe@group-3F63DB19FCDA-SegmentedRaftLogWorker] INFO  segmented.SegmentedRaftLogWorker (SegmentedRaftLogWorker.java:run(316)) - 40678547-ebf5-4c5e-be30-9f61598efabe@group-3F63DB19FCDA-SegmentedRaftLogWorker was interrupted, exiting. There are 0 tasks remaining in the queue.
2019-10-02 07:48:53,101 [main] INFO  segmented.SegmentedRaftLogWorker (SegmentedRaftLogWorker.java:close(224)) - 40678547-ebf5-4c5e-be30-9f61598efabe@group-3F63DB19FCDA-SegmentedRaftLogWorker close()
2019-10-02 07:48:53,104 [main] INFO  impl.RaftServerImpl (RaftServerImpl.java:lambda$shutdown$3(247)) - 40678547-ebf5-4c5e-be30-9f61598efabe@group-5D63B776816D: shutdown
2019-10-02 07:48:53,105 [main] INFO  util.JmxRegister (JmxRegister.java:unregister(73)) - Successfully un-registered JMX Bean with object name Ratis:service=RaftServer,group=group-5D63B776816D,id=40678547-ebf5-4c5e-be30-9f61598efabe
2019-10-02 07:48:53,106 [main] INFO  impl.RoleInfo (RoleInfo.java:shutdownFollowerState(121)) - 40678547-ebf5-4c5e-be30-9f61598efabe: shutdown FollowerState
2019-10-02 07:48:53,106 [main] INFO  impl.StateMachineUpdater (StateMachineUpdater.java:stopAndJoin(136)) - 40678547-ebf5-4c5e-be30-9f61598efabe@group-5D63B776816D-StateMachineUpdater: set stopIndex = 16
2019-10-02 07:48:53,107 [b57445c0-33a9-4c70-9e00-cba4e4b039b5@group-5D63B776816D-StateMachineUpdater] INFO  ratis.ContainerStateMachine (ContainerStateMachine.java:takeSnapshot(304)) - group-5D63B776816D: Finished taking a snapshot at:(t:1, i:14) file:/workdir/hadoop-ozone/integration-test/target/test-dir/MiniOzoneClusterImpl-eaaaa650-7a59-4694-95b4-85e6182e2b1b/datanode-0/data/ratis/eeff5108-90e5-421b-89d7-5d63b776816d/sm/snapshot.1_14 time:16
2019-10-02 07:48:53,106 [40678547-ebf5-4c5e-be30-9f61598efabe@group-5D63B776816D-StateMachineUpdater] INFO  ratis.ContainerStateMachine (ContainerStateMachine.java:takeSnapshot(293)) - group-5D63B776816D: Taking a snapshot at:(t:1, i:16) file /workdir/hadoop-ozone/integration-test/target/test-dir/MiniOzoneClusterImpl-eaaaa650-7a59-4694-95b4-85e6182e2b1b/datanode-6/data/ratis/eeff5108-90e5-421b-89d7-5d63b776816d/sm/snapshot.1_16
2019-10-02 07:48:53,106 [Thread-321] INFO  impl.FollowerState (FollowerState.java:run(117)) - 40678547-ebf5-4c5e-be30-9f61598efabe@group-5D63B776816D-FollowerState was interrupted: java.lang.InterruptedException: sleep interrupted
2019-10-02 07:48:53,107 [b57445c0-33a9-4c70-9e00-cba4e4b039b5@group-5D63B776816D-StateMachineUpdater] INFO  impl.StateMachineUpdater (StateMachineUpdater.java:takeSnapshot(269)) - b57445c0-33a9-4c70-9e00-cba4e4b039b5@group-5D63B776816D-StateMachineUpdater: Took a snapshot at index 14
2019-10-02 07:48:53,109 [b57445c0-33a9-4c70-9e00-cba4e4b039b5@group-5D63B776816D-StateMachineUpdater] INFO  impl.StateMachineUpdater (StateMachineUpdater.java:lambda$new$0(84)) - b57445c0-33a9-4c70-9e00-cba4e4b039b5@group-5D63B776816D-StateMachineUpdater: snapshotIndex: updateIncreasingly -1 -> 14
2019-10-02 07:48:53,109 [b57445c0-33a9-4c70-9e00-cba4e4b039b5@group-5D63B776816D-StateMachineUpdater] INFO  ratis.ContainerStateMachine (ContainerStateMachine.java:takeSnapshot(293)) - group-5D63B776816D: Taking a snapshot at:(t:1, i:14) file /workdir/hadoop-ozone/integration-test/target/test-dir/MiniOzoneClusterImpl-eaaaa650-7a59-4694-95b4-85e6182e2b1b/datanode-0/data/ratis/eeff5108-90e5-421b-89d7-5d63b776816d/sm/snapshot.1_14
2019-10-02 07:48:53,121 [b57445c0-33a9-4c70-9e00-cba4e4b039b5@group-5D63B776816D-StateMachineUpdater] INFO  ratis.ContainerStateMachine (ContainerStateMachine.java:takeSnapshot(304)) - group-5D63B776816D: Finished taking a snapshot at:(t:1, i:14) file:/workdir/hadoop-ozone/integration-test/target/test-dir/MiniOzoneClusterImpl-eaaaa650-7a59-4694-95b4-85e6182e2b1b/datanode-0/data/ratis/eeff5108-90e5-421b-89d7-5d63b776816d/sm/snapshot.1_14 time:12
2019-10-02 07:48:53,121 [40678547-ebf5-4c5e-be30-9f61598efabe@group-5D63B776816D-StateMachineUpdater] INFO  ratis.ContainerStateMachine (ContainerStateMachine.java:takeSnapshot(304)) - group-5D63B776816D: Finished taking a snapshot at:(t:1, i:16) file:/workdir/hadoop-ozone/integration-test/target/test-dir/MiniOzoneClusterImpl-eaaaa650-7a59-4694-95b4-85e6182e2b1b/datanode-6/data/ratis/eeff5108-90e5-421b-89d7-5d63b776816d/sm/snapshot.1_16 time:14
2019-10-02 07:48:53,121 [b57445c0-33a9-4c70-9e00-cba4e4b039b5@group-5D63B776816D-StateMachineUpdater] INFO  impl.StateMachineUpdater (StateMachineUpdater.java:takeSnapshot(269)) - b57445c0-33a9-4c70-9e00-cba4e4b039b5@group-5D63B776816D-StateMachineUpdater: Took a snapshot at index 14
2019-10-02 07:48:53,121 [b57445c0-33a9-4c70-9e00-cba4e4b039b5@group-5D63B776816D-StateMachineUpdater] INFO  impl.StateMachineUpdater (StateMachineUpdater.java:lambda$new$0(84)) - b57445c0-33a9-4c70-9e00-cba4e4b039b5@group-5D63B776816D-StateMachineUpdater: snapshotIndex: updateIncreasingly 14 -> 14
2019-10-02 07:48:53,121 [40678547-ebf5-4c5e-be30-9f61598efabe@group-5D63B776816D-StateMachineUpdater] INFO  impl.StateMachineUpdater (StateMachineUpdater.java:takeSnapshot(269)) - 40678547-ebf5-4c5e-be30-9f61598efabe@group-5D63B776816D-StateMachineUpdater: Took a snapshot at index 16
2019-10-02 07:48:53,122 [40678547-ebf5-4c5e-be30-9f61598efabe@group-5D63B776816D-StateMachineUpdater] INFO  impl.StateMachineUpdater (StateMachineUpdater.java:lambda$new$0(84)) - 40678547-ebf5-4c5e-be30-9f61598efabe@group-5D63B776816D-StateMachineUpdater: snapshotIndex: updateIncreasingly -1 -> 16
2019-10-02 07:48:53,122 [ForkJoinPool.commonPool-worker-1] INFO  impl.RaftServerImpl (ServerState.java:close(387)) - b57445c0-33a9-4c70-9e00-cba4e4b039b5@group-5D63B776816D: closes. applyIndex: 16
2019-10-02 07:48:53,122 [main] INFO  impl.RaftServerImpl (ServerState.java:close(387)) - 40678547-ebf5-4c5e-be30-9f61598efabe@group-5D63B776816D: closes. applyIndex: 16
2019-10-02 07:48:53,122 [b57445c0-33a9-4c70-9e00-cba4e4b039b5@group-5D63B776816D-SegmentedRaftLogWorker] INFO  segmented.SegmentedRaftLogWorker (SegmentedRaftLogWorker.java:run(316)) - b57445c0-33a9-4c70-9e00-cba4e4b039b5@group-5D63B776816D-SegmentedRaftLogWorker was interrupted, exiting. There are 0 tasks remaining in the queue.
2019-10-02 07:48:53,123 [40678547-ebf5-4c5e-be30-9f61598efabe@group-5D63B776816D-SegmentedRaftLogWorker] INFO  segmented.SegmentedRaftLogWorker (SegmentedRaftLogWorker.java:run(316)) - 40678547-ebf5-4c5e-be30-9f61598efabe@group-5D63B776816D-SegmentedRaftLogWorker was interrupted, exiting. There are 0 tasks remaining in the queue.
2019-10-02 07:48:53,124 [ForkJoinPool.commonPool-worker-1] INFO  segmented.SegmentedRaftLogWorker (SegmentedRaftLogWorker.java:close(224)) - b57445c0-33a9-4c70-9e00-cba4e4b039b5@group-5D63B776816D-SegmentedRaftLogWorker close()
2019-10-02 07:48:53,129 [main] INFO  segmented.SegmentedRaftLogWorker (SegmentedRaftLogWorker.java:close(224)) - 40678547-ebf5-4c5e-be30-9f61598efabe@group-5D63B776816D-SegmentedRaftLogWorker close()
2019-10-02 07:48:53,130 [ForkJoinPool.commonPool-worker-1] INFO  server.GrpcService (GrpcService.java:closeImpl(164)) - b57445c0-33a9-4c70-9e00-cba4e4b039b5: shutdown server with port 41677 now
2019-10-02 07:48:53,130 [main] INFO  server.GrpcService (GrpcService.java:closeImpl(164)) - 40678547-ebf5-4c5e-be30-9f61598efabe: shutdown server with port 33949 now
2019-10-02 07:48:53,131 [main] INFO  server.GrpcService (GrpcService.java:closeImpl(172)) - 40678547-ebf5-4c5e-be30-9f61598efabe: shutdown server with port 33949 successfully
2019-10-02 07:48:53,131 [ForkJoinPool.commonPool-worker-1] INFO  server.GrpcService (GrpcService.java:closeImpl(172)) - b57445c0-33a9-4c70-9e00-cba4e4b039b5: shutdown server with port 41677 successfully
2019-10-02 07:48:53,135 [grpc-default-executor-4] WARN  client.GrpcClientProtocolService (LogUtils.java:warn(134)) - 2-UnorderedRequestStreamObserver2: onError: org.apache.ratis.thirdparty.io.grpc.StatusRuntimeException: CANCELLED: cancelled before receiving half close
2019-10-02 07:48:53,136 [refreshUsed-/workdir/hadoop-ozone/integration-test/target/test-dir/MiniOzoneClusterImpl-eaaaa650-7a59-4694-95b4-85e6182e2b1b/datanode-0/data/containers] WARN  fs.CachingGetSpaceUsed (CachingGetSpaceUsed.java:run(183)) - Thread Interrupted waiting to refresh disk information: sleep interrupted
2019-10-02 07:48:53,139 [refreshUsed-/workdir/hadoop-ozone/integration-test/target/test-dir/MiniOzoneClusterImpl-eaaaa650-7a59-4694-95b4-85e6182e2b1b/datanode-6/data/containers] WARN  fs.CachingGetSpaceUsed (CachingGetSpaceUsed.java:run(183)) - Thread Interrupted waiting to refresh disk information: sleep interrupted
2019-10-02 07:48:53,158 [main] INFO  utils.BackgroundService (BackgroundService.java:shutdown(148)) - Shutting down service BlockDeletingService
2019-10-02 07:48:53,158 [ForkJoinPool.commonPool-worker-1] INFO  utils.BackgroundService (BackgroundService.java:shutdown(148)) - Shutting down service BlockDeletingService
2019-10-02 07:48:53,162 [ForkJoinPool.commonPool-worker-1] INFO  statemachine.DatanodeStateMachine (DatanodeStateMachine.java:stopDaemon(395)) - Ozone container server stopped.
2019-10-02 07:48:53,163 [main] INFO  statemachine.DatanodeStateMachine (DatanodeStateMachine.java:stopDaemon(395)) - Ozone container server stopped.
2019-10-02 07:48:53,166 [ForkJoinPool.commonPool-worker-1] INFO  handler.ContextHandler (ContextHandler.java:doStop(910)) - Stopped o.e.j.w.WebAppContext@646c0a67{/,null,UNAVAILABLE}{/hddsDatanode}
2019-10-02 07:48:53,166 [main] INFO  handler.ContextHandler (ContextHandler.java:doStop(910)) - Stopped o.e.j.w.WebAppContext@6a818392{/,null,UNAVAILABLE}{/hddsDatanode}
2019-10-02 07:48:53,167 [ForkJoinPool.commonPool-worker-1] INFO  server.AbstractConnector (AbstractConnector.java:doStop(318)) - Stopped ServerConnector@3804a9a8{HTTP/1.1,[http/1.1]}{0.0.0.0:0}
2019-10-02 07:48:53,167 [main] INFO  server.AbstractConnector (AbstractConnector.java:doStop(318)) - Stopped ServerConnector@489091bd{HTTP/1.1,[http/1.1]}{0.0.0.0:0}
2019-10-02 07:48:53,168 [ForkJoinPool.commonPool-worker-1] INFO  handler.ContextHandler (ContextHandler.java:doStop(910)) - Stopped o.e.j.s.ServletContextHandler@21bd20ee{/static,jar:file:/home/user/.m2/repository/org/apache/hadoop/hadoop-hdds-container-service/0.5.0-SNAPSHOT/hadoop-hdds-container-service-0.5.0-SNAPSHOT.jar!/webapps/static,UNAVAILABLE}
2019-10-02 07:48:53,168 [main] INFO  handler.ContextHandler (ContextHandler.java:doStop(910)) - Stopped o.e.j.s.ServletContextHandler@885e7ff{/static,jar:file:/home/user/.m2/repository/org/apache/hadoop/hadoop-hdds-container-service/0.5.0-SNAPSHOT/hadoop-hdds-container-service-0.5.0-SNAPSHOT.jar!/webapps/static,UNAVAILABLE}
2019-10-02 07:48:53,169 [ForkJoinPool.commonPool-worker-1] INFO  handler.ContextHandler (ContextHandler.java:doStop(910)) - Stopped o.e.j.s.ServletContextHandler@70228253{/logs,file:///workdir/hadoop-ozone/integration-test/target/log,UNAVAILABLE}
2019-10-02 07:48:53,170 [main] INFO  handler.ContextHandler (ContextHandler.java:doStop(910)) - Stopped o.e.j.s.ServletContextHandler@7dbe2ebf{/logs,file:///workdir/hadoop-ozone/integration-test/target/log,UNAVAILABLE}
2019-10-02 07:48:53,715 [Datanode State Machine Thread - 0] INFO  statemachine.DatanodeStateMachine (DatanodeStateMachine.java:lambda$startDaemon$0(350)) - Ozone container server started.
2019-10-02 07:48:54,922 [Thread-422] INFO  impl.FollowerState (FollowerState.java:run(108)) - e7d406ca-211a-4487-9af6-12e67609d01e@group-2650E1CC81E5-FollowerState: change to CANDIDATE, lastRpcTime:5158ms, electionTimeout:5157ms
2019-10-02 07:48:54,922 [Thread-422] INFO  impl.RoleInfo (RoleInfo.java:shutdownFollowerState(121)) - e7d406ca-211a-4487-9af6-12e67609d01e: shutdown FollowerState
2019-10-02 07:48:54,922 [Thread-422] INFO  impl.RaftServerImpl (RaftServerImpl.java:setRole(170)) - e7d406ca-211a-4487-9af6-12e67609d01e@group-2650E1CC81E5: changes role from  FOLLOWER to CANDIDATE at term 2 for changeToCandidate
2019-10-02 07:48:54,923 [Thread-422] INFO  impl.RoleInfo (RoleInfo.java:updateAndGet(143)) - e7d406ca-211a-4487-9af6-12e67609d01e: start LeaderElection
2019-10-02 07:48:54,941 [e7d406ca-211a-4487-9af6-12e67609d01e@group-2650E1CC81E5-LeaderElection11] INFO  impl.LeaderElection (LeaderElection.java:askForVotes(178)) - e7d406ca-211a-4487-9af6-12e67609d01e@group-2650E1CC81E5-LeaderElection11: begin an election at term 3 for 0: [20b15c73-7e36-4f3d-af5d-dcac1c223d80:192.168.164.211:41323, e7d406ca-211a-4487-9af6-12e67609d01e:192.168.164.211:44510, 5769829b-5c7b-4b33-8720-74c1f11a345b:192.168.164.211:43201], old=null
2019-10-02 07:48:54,942 [e7d406ca-211a-4487-9af6-12e67609d01e@group-2650E1CC81E5-LeaderElection11] INFO  impl.LeaderElection (LogUtils.java:infoOrTrace(149)) - e7d406ca-211a-4487-9af6-12e67609d01e@group-2650E1CC81E5-LeaderElection11 got exception when requesting votes: {}
java.util.concurrent.ExecutionException: org.apache.ratis.thirdparty.io.grpc.StatusRuntimeException: UNAVAILABLE: io exception
	at java.util.concurrent.FutureTask.report(FutureTask.java:122)
	at java.util.concurrent.FutureTask.get(FutureTask.java:192)
	at org.apache.ratis.server.impl.LeaderElection.waitForResults(LeaderElection.java:259)
	at org.apache.ratis.server.impl.LeaderElection.askForVotes(LeaderElection.java:197)
	at org.apache.ratis.server.impl.LeaderElection.run(LeaderElection.java:133)
	at java.lang.Thread.run(Thread.java:748)
Caused by: org.apache.ratis.thirdparty.io.grpc.StatusRuntimeException: UNAVAILABLE: io exception
	at org.apache.ratis.thirdparty.io.grpc.stub.ClientCalls.toStatusRuntimeException(ClientCalls.java:233)
	at org.apache.ratis.thirdparty.io.grpc.stub.ClientCalls.getUnchecked(ClientCalls.java:214)
	at org.apache.ratis.thirdparty.io.grpc.stub.ClientCalls.blockingUnaryCall(ClientCalls.java:139)
	at org.apache.ratis.proto.grpc.RaftServerProtocolServiceGrpc$RaftServerProtocolServiceBlockingStub.requestVote(RaftServerProtocolServiceGrpc.java:265)
	at org.apache.ratis.grpc.server.GrpcServerProtocolClient.requestVote(GrpcServerProtocolClient.java:99)
	at org.apache.ratis.grpc.server.GrpcService.requestVote(GrpcService.java:204)
	at org.apache.ratis.server.impl.LeaderElection.lambda$submitRequests$1(LeaderElection.java:234)
	at java.util.concurrent.FutureTask.run(FutureTask.java:266)
	at java.util.concurrent.Executors$RunnableAdapter.call(Executors.java:511)
	at java.util.concurrent.FutureTask.run(FutureTask.java:266)
	at java.util.concurrent.ThreadPoolExecutor.runWorker(ThreadPoolExecutor.java:1149)
	at java.util.concurrent.ThreadPoolExecutor$Worker.run(ThreadPoolExecutor.java:624)
	... 1 more
Caused by: org.apache.ratis.thirdparty.io.netty.channel.AbstractChannel$AnnotatedConnectException: Connection refused: /192.168.164.211:41323
	at sun.nio.ch.SocketChannelImpl.checkConnect(Native Method)
	at sun.nio.ch.SocketChannelImpl.finishConnect(SocketChannelImpl.java:717)
	at org.apache.ratis.thirdparty.io.netty.channel.socket.nio.NioSocketChannel.doFinishConnect(NioSocketChannel.java:327)
	at org.apache.ratis.thirdparty.io.netty.channel.nio.AbstractNioChannel$AbstractNioUnsafe.finishConnect(AbstractNioChannel.java:340)
	at org.apache.ratis.thirdparty.io.netty.channel.nio.NioEventLoop.processSelectedKey(NioEventLoop.java:632)
	at org.apache.ratis.thirdparty.io.netty.channel.nio.NioEventLoop.processSelectedKeysOptimized(NioEventLoop.java:579)
	at org.apache.ratis.thirdparty.io.netty.channel.nio.NioEventLoop.processSelectedKeys(NioEventLoop.java:496)
	at org.apache.ratis.thirdparty.io.netty.channel.nio.NioEventLoop.run(NioEventLoop.java:458)
	at org.apache.ratis.thirdparty.io.netty.util.concurrent.SingleThreadEventExecutor$5.run(SingleThreadEventExecutor.java:897)
	at org.apache.ratis.thirdparty.io.netty.util.concurrent.FastThreadLocalRunnable.run(FastThreadLocalRunnable.java:30)
	... 1 more
Caused by: java.net.ConnectException: Connection refused
	... 11 more
2019-10-02 07:48:54,944 [e7d406ca-211a-4487-9af6-12e67609d01e@group-2650E1CC81E5-LeaderElection11] INFO  impl.LeaderElection (LogUtils.java:infoOrTrace(149)) - e7d406ca-211a-4487-9af6-12e67609d01e@group-2650E1CC81E5-LeaderElection11 got exception when requesting votes: {}
java.util.concurrent.ExecutionException: org.apache.ratis.thirdparty.io.grpc.StatusRuntimeException: UNAVAILABLE: io exception
	at java.util.concurrent.FutureTask.report(FutureTask.java:122)
	at java.util.concurrent.FutureTask.get(FutureTask.java:192)
	at org.apache.ratis.server.impl.LeaderElection.waitForResults(LeaderElection.java:259)
	at org.apache.ratis.server.impl.LeaderElection.askForVotes(LeaderElection.java:197)
	at org.apache.ratis.server.impl.LeaderElection.run(LeaderElection.java:133)
	at java.lang.Thread.run(Thread.java:748)
Caused by: org.apache.ratis.thirdparty.io.grpc.StatusRuntimeException: UNAVAILABLE: io exception
	at org.apache.ratis.thirdparty.io.grpc.stub.ClientCalls.toStatusRuntimeException(ClientCalls.java:233)
	at org.apache.ratis.thirdparty.io.grpc.stub.ClientCalls.getUnchecked(ClientCalls.java:214)
	at org.apache.ratis.thirdparty.io.grpc.stub.ClientCalls.blockingUnaryCall(ClientCalls.java:139)
	at org.apache.ratis.proto.grpc.RaftServerProtocolServiceGrpc$RaftServerProtocolServiceBlockingStub.requestVote(RaftServerProtocolServiceGrpc.java:265)
	at org.apache.ratis.grpc.server.GrpcServerProtocolClient.requestVote(GrpcServerProtocolClient.java:99)
	at org.apache.ratis.grpc.server.GrpcService.requestVote(GrpcService.java:204)
	at org.apache.ratis.server.impl.LeaderElection.lambda$submitRequests$1(LeaderElection.java:234)
	at java.util.concurrent.FutureTask.run(FutureTask.java:266)
	at java.util.concurrent.Executors$RunnableAdapter.call(Executors.java:511)
	at java.util.concurrent.FutureTask.run(FutureTask.java:266)
	at java.util.concurrent.ThreadPoolExecutor.runWorker(ThreadPoolExecutor.java:1149)
	at java.util.concurrent.ThreadPoolExecutor$Worker.run(ThreadPoolExecutor.java:624)
	... 1 more
Caused by: org.apache.ratis.thirdparty.io.netty.channel.AbstractChannel$AnnotatedConnectException: Connection refused: /192.168.164.211:43201
	at sun.nio.ch.SocketChannelImpl.checkConnect(Native Method)
	at sun.nio.ch.SocketChannelImpl.finishConnect(SocketChannelImpl.java:717)
	at org.apache.ratis.thirdparty.io.netty.channel.socket.nio.NioSocketChannel.doFinishConnect(NioSocketChannel.java:327)
	at org.apache.ratis.thirdparty.io.netty.channel.nio.AbstractNioChannel$AbstractNioUnsafe.finishConnect(AbstractNioChannel.java:340)
	at org.apache.ratis.thirdparty.io.netty.channel.nio.NioEventLoop.processSelectedKey(NioEventLoop.java:632)
	at org.apache.ratis.thirdparty.io.netty.channel.nio.NioEventLoop.processSelectedKeysOptimized(NioEventLoop.java:579)
	at org.apache.ratis.thirdparty.io.netty.channel.nio.NioEventLoop.processSelectedKeys(NioEventLoop.java:496)
	at org.apache.ratis.thirdparty.io.netty.channel.nio.NioEventLoop.run(NioEventLoop.java:458)
	at org.apache.ratis.thirdparty.io.netty.util.concurrent.SingleThreadEventExecutor$5.run(SingleThreadEventExecutor.java:897)
	at org.apache.ratis.thirdparty.io.netty.util.concurrent.FastThreadLocalRunnable.run(FastThreadLocalRunnable.java:30)
	... 1 more
Caused by: java.net.ConnectException: Connection refused
	... 11 more
2019-10-02 07:48:54,946 [e7d406ca-211a-4487-9af6-12e67609d01e@group-2650E1CC81E5-LeaderElection11] INFO  impl.LeaderElection (LeaderElection.java:logAndReturn(56)) - e7d406ca-211a-4487-9af6-12e67609d01e@group-2650E1CC81E5-LeaderElection11: Election REJECTED; received 0 response(s) [] and 2 exception(s); e7d406ca-211a-4487-9af6-12e67609d01e@group-2650E1CC81E5:t3, leader=null, voted=e7d406ca-211a-4487-9af6-12e67609d01e, raftlog=e7d406ca-211a-4487-9af6-12e67609d01e@group-2650E1CC81E5-SegmentedRaftLog:OPENED:c4,f4,i4, conf=0: [20b15c73-7e36-4f3d-af5d-dcac1c223d80:192.168.164.211:41323, e7d406ca-211a-4487-9af6-12e67609d01e:192.168.164.211:44510, 5769829b-5c7b-4b33-8720-74c1f11a345b:192.168.164.211:43201], old=null
2019-10-02 07:48:54,947 [e7d406ca-211a-4487-9af6-12e67609d01e@group-2650E1CC81E5-LeaderElection11] INFO  impl.LeaderElection (LogUtils.java:infoOrTrace(149)) -   Exception 0: {}
java.util.concurrent.ExecutionException: org.apache.ratis.thirdparty.io.grpc.StatusRuntimeException: UNAVAILABLE: io exception
	at java.util.concurrent.FutureTask.report(FutureTask.java:122)
	at java.util.concurrent.FutureTask.get(FutureTask.java:192)
	at org.apache.ratis.server.impl.LeaderElection.waitForResults(LeaderElection.java:259)
	at org.apache.ratis.server.impl.LeaderElection.askForVotes(LeaderElection.java:197)
	at org.apache.ratis.server.impl.LeaderElection.run(LeaderElection.java:133)
	at java.lang.Thread.run(Thread.java:748)
Caused by: org.apache.ratis.thirdparty.io.grpc.StatusRuntimeException: UNAVAILABLE: io exception
	at org.apache.ratis.thirdparty.io.grpc.stub.ClientCalls.toStatusRuntimeException(ClientCalls.java:233)
	at org.apache.ratis.thirdparty.io.grpc.stub.ClientCalls.getUnchecked(ClientCalls.java:214)
	at org.apache.ratis.thirdparty.io.grpc.stub.ClientCalls.blockingUnaryCall(ClientCalls.java:139)
	at org.apache.ratis.proto.grpc.RaftServerProtocolServiceGrpc$RaftServerProtocolServiceBlockingStub.requestVote(RaftServerProtocolServiceGrpc.java:265)
	at org.apache.ratis.grpc.server.GrpcServerProtocolClient.requestVote(GrpcServerProtocolClient.java:99)
	at org.apache.ratis.grpc.server.GrpcService.requestVote(GrpcService.java:204)
	at org.apache.ratis.server.impl.LeaderElection.lambda$submitRequests$1(LeaderElection.java:234)
	at java.util.concurrent.FutureTask.run(FutureTask.java:266)
	at java.util.concurrent.Executors$RunnableAdapter.call(Executors.java:511)
	at java.util.concurrent.FutureTask.run(FutureTask.java:266)
	at java.util.concurrent.ThreadPoolExecutor.runWorker(ThreadPoolExecutor.java:1149)
	at java.util.concurrent.ThreadPoolExecutor$Worker.run(ThreadPoolExecutor.java:624)
	... 1 more
Caused by: org.apache.ratis.thirdparty.io.netty.channel.AbstractChannel$AnnotatedConnectException: Connection refused: /192.168.164.211:41323
	at sun.nio.ch.SocketChannelImpl.checkConnect(Native Method)
	at sun.nio.ch.SocketChannelImpl.finishConnect(SocketChannelImpl.java:717)
	at org.apache.ratis.thirdparty.io.netty.channel.socket.nio.NioSocketChannel.doFinishConnect(NioSocketChannel.java:327)
	at org.apache.ratis.thirdparty.io.netty.channel.nio.AbstractNioChannel$AbstractNioUnsafe.finishConnect(AbstractNioChannel.java:340)
	at org.apache.ratis.thirdparty.io.netty.channel.nio.NioEventLoop.processSelectedKey(NioEventLoop.java:632)
	at org.apache.ratis.thirdparty.io.netty.channel.nio.NioEventLoop.processSelectedKeysOptimized(NioEventLoop.java:579)
	at org.apache.ratis.thirdparty.io.netty.channel.nio.NioEventLoop.processSelectedKeys(NioEventLoop.java:496)
	at org.apache.ratis.thirdparty.io.netty.channel.nio.NioEventLoop.run(NioEventLoop.java:458)
	at org.apache.ratis.thirdparty.io.netty.util.concurrent.SingleThreadEventExecutor$5.run(SingleThreadEventExecutor.java:897)
	at org.apache.ratis.thirdparty.io.netty.util.concurrent.FastThreadLocalRunnable.run(FastThreadLocalRunnable.java:30)
	... 1 more
Caused by: java.net.ConnectException: Connection refused
	... 11 more
2019-10-02 07:48:54,947 [e7d406ca-211a-4487-9af6-12e67609d01e@group-2650E1CC81E5-LeaderElection11] INFO  impl.LeaderElection (LogUtils.java:infoOrTrace(149)) -   Exception 1: {}
java.util.concurrent.ExecutionException: org.apache.ratis.thirdparty.io.grpc.StatusRuntimeException: UNAVAILABLE: io exception
	at java.util.concurrent.FutureTask.report(FutureTask.java:122)
	at java.util.concurrent.FutureTask.get(FutureTask.java:192)
	at org.apache.ratis.server.impl.LeaderElection.waitForResults(LeaderElection.java:259)
	at org.apache.ratis.server.impl.LeaderElection.askForVotes(LeaderElection.java:197)
	at org.apache.ratis.server.impl.LeaderElection.run(LeaderElection.java:133)
	at java.lang.Thread.run(Thread.java:748)
Caused by: org.apache.ratis.thirdparty.io.grpc.StatusRuntimeException: UNAVAILABLE: io exception
	at org.apache.ratis.thirdparty.io.grpc.stub.ClientCalls.toStatusRuntimeException(ClientCalls.java:233)
	at org.apache.ratis.thirdparty.io.grpc.stub.ClientCalls.getUnchecked(ClientCalls.java:214)
	at org.apache.ratis.thirdparty.io.grpc.stub.ClientCalls.blockingUnaryCall(ClientCalls.java:139)
	at org.apache.ratis.proto.grpc.RaftServerProtocolServiceGrpc$RaftServerProtocolServiceBlockingStub.requestVote(RaftServerProtocolServiceGrpc.java:265)
	at org.apache.ratis.grpc.server.GrpcServerProtocolClient.requestVote(GrpcServerProtocolClient.java:99)
	at org.apache.ratis.grpc.server.GrpcService.requestVote(GrpcService.java:204)
	at org.apache.ratis.server.impl.LeaderElection.lambda$submitRequests$1(LeaderElection.java:234)
	at java.util.concurrent.FutureTask.run(FutureTask.java:266)
	at java.util.concurrent.Executors$RunnableAdapter.call(Executors.java:511)
	at java.util.concurrent.FutureTask.run(FutureTask.java:266)
	at java.util.concurrent.ThreadPoolExecutor.runWorker(ThreadPoolExecutor.java:1149)
	at java.util.concurrent.ThreadPoolExecutor$Worker.run(ThreadPoolExecutor.java:624)
	... 1 more
Caused by: org.apache.ratis.thirdparty.io.netty.channel.AbstractChannel$AnnotatedConnectException: Connection refused: /192.168.164.211:43201
	at sun.nio.ch.SocketChannelImpl.checkConnect(Native Method)
	at sun.nio.ch.SocketChannelImpl.finishConnect(SocketChannelImpl.java:717)
	at org.apache.ratis.thirdparty.io.netty.channel.socket.nio.NioSocketChannel.doFinishConnect(NioSocketChannel.java:327)
	at org.apache.ratis.thirdparty.io.netty.channel.nio.AbstractNioChannel$AbstractNioUnsafe.finishConnect(AbstractNioChannel.java:340)
	at org.apache.ratis.thirdparty.io.netty.channel.nio.NioEventLoop.processSelectedKey(NioEventLoop.java:632)
	at org.apache.ratis.thirdparty.io.netty.channel.nio.NioEventLoop.processSelectedKeysOptimized(NioEventLoop.java:579)
	at org.apache.ratis.thirdparty.io.netty.channel.nio.NioEventLoop.processSelectedKeys(NioEventLoop.java:496)
	at org.apache.ratis.thirdparty.io.netty.channel.nio.NioEventLoop.run(NioEventLoop.java:458)
	at org.apache.ratis.thirdparty.io.netty.util.concurrent.SingleThreadEventExecutor$5.run(SingleThreadEventExecutor.java:897)
	at org.apache.ratis.thirdparty.io.netty.util.concurrent.FastThreadLocalRunnable.run(FastThreadLocalRunnable.java:30)
	... 1 more
Caused by: java.net.ConnectException: Connection refused
	... 11 more
2019-10-02 07:48:54,949 [e7d406ca-211a-4487-9af6-12e67609d01e@group-2650E1CC81E5-LeaderElection11] INFO  impl.RaftServerImpl (RaftServerImpl.java:setRole(170)) - e7d406ca-211a-4487-9af6-12e67609d01e@group-2650E1CC81E5: changes role from CANDIDATE to FOLLOWER at term 3 for DISCOVERED_A_NEW_TERM
2019-10-02 07:48:54,952 [e7d406ca-211a-4487-9af6-12e67609d01e@group-2650E1CC81E5-LeaderElection11] INFO  impl.RoleInfo (RoleInfo.java:shutdownLeaderElection(134)) - e7d406ca-211a-4487-9af6-12e67609d01e: shutdown LeaderElection
2019-10-02 07:48:54,952 [e7d406ca-211a-4487-9af6-12e67609d01e@group-2650E1CC81E5-LeaderElection11] INFO  impl.RoleInfo (RoleInfo.java:updateAndGet(143)) - e7d406ca-211a-4487-9af6-12e67609d01e: start FollowerState
2019-10-02 07:48:57,791 [EventQueue-StaleNodeForStaleNodeHandler] INFO  node.StaleNodeHandler (StaleNodeHandler.java:onMessage(58)) - Datanode e7d406ca-211a-4487-9af6-12e67609d01e{ip: 192.168.164.211, host: pr-hdds-2227-gdpr-vz6hn-2718222164, networkLocation: /default-rack, certSerialId: null} moved to stale state. Finalizing its pipelines [PipelineID=f3df2ac6-7fc8-4256-8625-6109f33d8aa5, PipelineID=c468c0b3-f98a-4cbe-a67d-2650e1cc81e5]
2019-10-02 07:48:57,794 [EventQueue-StaleNodeForStaleNodeHandler] INFO  pipeline.SCMPipelineManager (SCMPipelineManager.java:finalizeAndDestroyPipeline(315)) - destroying pipeline:Pipeline[ Id: f3df2ac6-7fc8-4256-8625-6109f33d8aa5, Nodes: e7d406ca-211a-4487-9af6-12e67609d01e{ip: 192.168.164.211, host: pr-hdds-2227-gdpr-vz6hn-2718222164, networkLocation: /default-rack, certSerialId: null}, Type:RATIS, Factor:ONE, State:OPEN]
2019-10-02 07:48:57,794 [EventQueue-StaleNodeForStaleNodeHandler] INFO  pipeline.PipelineStateManager (PipelineStateManager.java:finalizePipeline(123)) - Pipeline Pipeline[ Id: f3df2ac6-7fc8-4256-8625-6109f33d8aa5, Nodes: e7d406ca-211a-4487-9af6-12e67609d01e{ip: 192.168.164.211, host: pr-hdds-2227-gdpr-vz6hn-2718222164, networkLocation: /default-rack, certSerialId: null}, Type:RATIS, Factor:ONE, State:CLOSED] moved to CLOSED state
2019-10-02 07:48:57,795 [EventQueue-StaleNodeForStaleNodeHandler] INFO  pipeline.SCMPipelineManager (SCMPipelineManager.java:finalizeAndDestroyPipeline(315)) - destroying pipeline:Pipeline[ Id: c468c0b3-f98a-4cbe-a67d-2650e1cc81e5, Nodes: e7d406ca-211a-4487-9af6-12e67609d01e{ip: 192.168.164.211, host: pr-hdds-2227-gdpr-vz6hn-2718222164, networkLocation: /default-rack, certSerialId: null}5769829b-5c7b-4b33-8720-74c1f11a345b{ip: 192.168.164.211, host: pr-hdds-2227-gdpr-vz6hn-2718222164, networkLocation: /default-rack, certSerialId: null}20b15c73-7e36-4f3d-af5d-dcac1c223d80{ip: 192.168.164.211, host: pr-hdds-2227-gdpr-vz6hn-2718222164, networkLocation: /default-rack, certSerialId: null}, Type:RATIS, Factor:THREE, State:CLOSED]
2019-10-02 07:48:58,173 [ForkJoinPool.commonPool-worker-1] INFO  ozoneimpl.OzoneContainer (OzoneContainer.java:stop(231)) - Attempting to stop container services.
2019-10-02 07:48:58,174 [ForkJoinPool.commonPool-worker-1] INFO  impl.RaftServerProxy (RaftServerProxy.java:lambda$close$4(314)) - e7d406ca-211a-4487-9af6-12e67609d01e: close
2019-10-02 07:48:58,174 [ForkJoinPool.commonPool-worker-1] INFO  impl.RaftServerImpl (RaftServerImpl.java:lambda$shutdown$3(247)) - e7d406ca-211a-4487-9af6-12e67609d01e@group-6109F33D8AA5: shutdown
2019-10-02 07:48:58,174 [ForkJoinPool.commonPool-worker-1] INFO  util.JmxRegister (JmxRegister.java:unregister(73)) - Successfully un-registered JMX Bean with object name Ratis:service=RaftServer,group=group-6109F33D8AA5,id=e7d406ca-211a-4487-9af6-12e67609d01e
2019-10-02 07:48:58,174 [ForkJoinPool.commonPool-worker-1] INFO  impl.RoleInfo (RoleInfo.java:shutdownLeaderState(104)) - e7d406ca-211a-4487-9af6-12e67609d01e: shutdown LeaderState
2019-10-02 07:48:58,175 [ForkJoinPool.commonPool-worker-1] INFO  impl.PendingRequests (PendingRequests.java:sendNotLeaderResponses(202)) - e7d406ca-211a-4487-9af6-12e67609d01e@group-6109F33D8AA5-PendingRequests: sendNotLeaderResponses
2019-10-02 07:48:58,175 [ForkJoinPool.commonPool-worker-1] INFO  impl.StateMachineUpdater (StateMachineUpdater.java:stopAndJoin(136)) - e7d406ca-211a-4487-9af6-12e67609d01e@group-6109F33D8AA5-StateMachineUpdater: set stopIndex = 0
2019-10-02 07:48:58,175 [ForkJoinPool.commonPool-worker-1] INFO  impl.RaftServerImpl (ServerState.java:close(387)) - e7d406ca-211a-4487-9af6-12e67609d01e@group-6109F33D8AA5: closes. applyIndex: 0
2019-10-02 07:48:58,176 [e7d406ca-211a-4487-9af6-12e67609d01e@group-6109F33D8AA5-SegmentedRaftLogWorker] INFO  segmented.SegmentedRaftLogWorker (SegmentedRaftLogWorker.java:run(316)) - e7d406ca-211a-4487-9af6-12e67609d01e@group-6109F33D8AA5-SegmentedRaftLogWorker was interrupted, exiting. There are 0 tasks remaining in the queue.
2019-10-02 07:48:58,177 [ForkJoinPool.commonPool-worker-1] INFO  segmented.SegmentedRaftLogWorker (SegmentedRaftLogWorker.java:close(224)) - e7d406ca-211a-4487-9af6-12e67609d01e@group-6109F33D8AA5-SegmentedRaftLogWorker close()
2019-10-02 07:48:58,178 [ForkJoinPool.commonPool-worker-1] INFO  impl.RaftServerImpl (RaftServerImpl.java:lambda$shutdown$3(247)) - e7d406ca-211a-4487-9af6-12e67609d01e@group-2650E1CC81E5: shutdown
2019-10-02 07:48:58,178 [ForkJoinPool.commonPool-worker-1] INFO  util.JmxRegister (JmxRegister.java:unregister(73)) - Successfully un-registered JMX Bean with object name Ratis:service=RaftServer,group=group-2650E1CC81E5,id=e7d406ca-211a-4487-9af6-12e67609d01e
2019-10-02 07:48:58,178 [ForkJoinPool.commonPool-worker-1] INFO  impl.RoleInfo (RoleInfo.java:shutdownFollowerState(121)) - e7d406ca-211a-4487-9af6-12e67609d01e: shutdown FollowerState
2019-10-02 07:48:58,178 [ForkJoinPool.commonPool-worker-1] INFO  impl.StateMachineUpdater (StateMachineUpdater.java:stopAndJoin(136)) - e7d406ca-211a-4487-9af6-12e67609d01e@group-2650E1CC81E5-StateMachineUpdater: set stopIndex = 4
2019-10-02 07:48:58,179 [Thread-428] INFO  impl.FollowerState (FollowerState.java:run(117)) - e7d406ca-211a-4487-9af6-12e67609d01e@group-2650E1CC81E5-FollowerState was interrupted: java.lang.InterruptedException: sleep interrupted
2019-10-02 07:48:58,179 [e7d406ca-211a-4487-9af6-12e67609d01e@group-2650E1CC81E5-StateMachineUpdater] INFO  ratis.ContainerStateMachine (ContainerStateMachine.java:takeSnapshot(293)) - group-2650E1CC81E5: Taking a snapshot at:(t:1, i:3) file /workdir/hadoop-ozone/integration-test/target/test-dir/MiniOzoneClusterImpl-eaaaa650-7a59-4694-95b4-85e6182e2b1b/datanode-5/data/ratis/c468c0b3-f98a-4cbe-a67d-2650e1cc81e5/sm/snapshot.1_3
2019-10-02 07:48:58,193 [e7d406ca-211a-4487-9af6-12e67609d01e@group-2650E1CC81E5-StateMachineUpdater] INFO  ratis.ContainerStateMachine (ContainerStateMachine.java:takeSnapshot(304)) - group-2650E1CC81E5: Finished taking a snapshot at:(t:1, i:3) file:/workdir/hadoop-ozone/integration-test/target/test-dir/MiniOzoneClusterImpl-eaaaa650-7a59-4694-95b4-85e6182e2b1b/datanode-5/data/ratis/c468c0b3-f98a-4cbe-a67d-2650e1cc81e5/sm/snapshot.1_3 time:14
2019-10-02 07:48:58,193 [e7d406ca-211a-4487-9af6-12e67609d01e@group-2650E1CC81E5-StateMachineUpdater] INFO  impl.StateMachineUpdater (StateMachineUpdater.java:takeSnapshot(269)) - e7d406ca-211a-4487-9af6-12e67609d01e@group-2650E1CC81E5-StateMachineUpdater: Took a snapshot at index 3
2019-10-02 07:48:58,193 [e7d406ca-211a-4487-9af6-12e67609d01e@group-2650E1CC81E5-StateMachineUpdater] INFO  impl.StateMachineUpdater (StateMachineUpdater.java:lambda$new$0(84)) - e7d406ca-211a-4487-9af6-12e67609d01e@group-2650E1CC81E5-StateMachineUpdater: snapshotIndex: updateIncreasingly -1 -> 3
2019-10-02 07:48:58,194 [e7d406ca-211a-4487-9af6-12e67609d01e@group-2650E1CC81E5-StateMachineUpdater] INFO  ratis.ContainerStateMachine (ContainerStateMachine.java:takeSnapshot(293)) - group-2650E1CC81E5: Taking a snapshot at:(t:1, i:3) file /workdir/hadoop-ozone/integration-test/target/test-dir/MiniOzoneClusterImpl-eaaaa650-7a59-4694-95b4-85e6182e2b1b/datanode-5/data/ratis/c468c0b3-f98a-4cbe-a67d-2650e1cc81e5/sm/snapshot.1_3
2019-10-02 07:48:58,205 [e7d406ca-211a-4487-9af6-12e67609d01e@group-2650E1CC81E5-StateMachineUpdater] INFO  ratis.ContainerStateMachine (ContainerStateMachine.java:takeSnapshot(304)) - group-2650E1CC81E5: Finished taking a snapshot at:(t:1, i:3) file:/workdir/hadoop-ozone/integration-test/target/test-dir/MiniOzoneClusterImpl-eaaaa650-7a59-4694-95b4-85e6182e2b1b/datanode-5/data/ratis/c468c0b3-f98a-4cbe-a67d-2650e1cc81e5/sm/snapshot.1_3 time:12
2019-10-02 07:48:58,206 [e7d406ca-211a-4487-9af6-12e67609d01e@group-2650E1CC81E5-StateMachineUpdater] INFO  impl.StateMachineUpdater (StateMachineUpdater.java:takeSnapshot(269)) - e7d406ca-211a-4487-9af6-12e67609d01e@group-2650E1CC81E5-StateMachineUpdater: Took a snapshot at index 3
2019-10-02 07:48:58,206 [e7d406ca-211a-4487-9af6-12e67609d01e@group-2650E1CC81E5-StateMachineUpdater] INFO  impl.StateMachineUpdater (StateMachineUpdater.java:lambda$new$0(84)) - e7d406ca-211a-4487-9af6-12e67609d01e@group-2650E1CC81E5-StateMachineUpdater: snapshotIndex: updateIncreasingly 3 -> 3
2019-10-02 07:48:58,206 [ForkJoinPool.commonPool-worker-1] INFO  impl.RaftServerImpl (ServerState.java:close(387)) - e7d406ca-211a-4487-9af6-12e67609d01e@group-2650E1CC81E5: closes. applyIndex: 4
2019-10-02 07:48:58,207 [e7d406ca-211a-4487-9af6-12e67609d01e@group-2650E1CC81E5-SegmentedRaftLogWorker] INFO  segmented.SegmentedRaftLogWorker (SegmentedRaftLogWorker.java:run(316)) - e7d406ca-211a-4487-9af6-12e67609d01e@group-2650E1CC81E5-SegmentedRaftLogWorker was interrupted, exiting. There are 0 tasks remaining in the queue.
2019-10-02 07:48:58,207 [ForkJoinPool.commonPool-worker-1] INFO  segmented.SegmentedRaftLogWorker (SegmentedRaftLogWorker.java:close(224)) - e7d406ca-211a-4487-9af6-12e67609d01e@group-2650E1CC81E5-SegmentedRaftLogWorker close()
2019-10-02 07:48:58,208 [ForkJoinPool.commonPool-worker-1] INFO  server.GrpcService (GrpcService.java:closeImpl(164)) - e7d406ca-211a-4487-9af6-12e67609d01e: shutdown server with port 44510 now
2019-10-02 07:48:58,209 [ForkJoinPool.commonPool-worker-1] INFO  server.GrpcService (GrpcService.java:closeImpl(172)) - e7d406ca-211a-4487-9af6-12e67609d01e: shutdown server with port 44510 successfully
2019-10-02 07:48:58,211 [refreshUsed-/workdir/hadoop-ozone/integration-test/target/test-dir/MiniOzoneClusterImpl-eaaaa650-7a59-4694-95b4-85e6182e2b1b/datanode-5/data/containers] WARN  fs.CachingGetSpaceUsed (CachingGetSpaceUsed.java:run(183)) - Thread Interrupted waiting to refresh disk information: sleep interrupted
2019-10-02 07:48:58,230 [ForkJoinPool.commonPool-worker-1] INFO  utils.BackgroundService (BackgroundService.java:shutdown(148)) - Shutting down service BlockDeletingService
2019-10-02 07:48:58,233 [ForkJoinPool.commonPool-worker-1] INFO  statemachine.DatanodeStateMachine (DatanodeStateMachine.java:stopDaemon(395)) - Ozone container server stopped.
2019-10-02 07:48:58,236 [ForkJoinPool.commonPool-worker-1] INFO  handler.ContextHandler (ContextHandler.java:doStop(910)) - Stopped o.e.j.w.WebAppContext@ae2db25{/,null,UNAVAILABLE}{/hddsDatanode}
2019-10-02 07:48:58,237 [ForkJoinPool.commonPool-worker-1] INFO  server.AbstractConnector (AbstractConnector.java:doStop(318)) - Stopped ServerConnector@363c4251{HTTP/1.1,[http/1.1]}{0.0.0.0:0}
2019-10-02 07:48:58,238 [ForkJoinPool.commonPool-worker-1] INFO  handler.ContextHandler (ContextHandler.java:doStop(910)) - Stopped o.e.j.s.ServletContextHandler@26586b74{/static,jar:file:/home/user/.m2/repository/org/apache/hadoop/hadoop-hdds-container-service/0.5.0-SNAPSHOT/hadoop-hdds-container-service-0.5.0-SNAPSHOT.jar!/webapps/static,UNAVAILABLE}
2019-10-02 07:48:58,239 [ForkJoinPool.commonPool-worker-1] INFO  handler.ContextHandler (ContextHandler.java:doStop(910)) - Stopped o.e.j.s.ServletContextHandler@12d5c30e{/logs,file:///workdir/hadoop-ozone/integration-test/target/log,UNAVAILABLE}
2019-10-02 07:48:58,239 [main] INFO  ozone.MiniOzoneClusterImpl (MiniOzoneClusterImpl.java:stopSCM(392)) - Stopping the StorageContainerManager
2019-10-02 07:48:58,240 [main] INFO  server.StorageContainerManager (StorageContainerManager.java:stop(808)) - Stopping Replication Manager Service.
2019-10-02 07:48:58,240 [main] INFO  container.ReplicationManager (ReplicationManager.java:stop(203)) - Stopping Replication Monitor Thread.
2019-10-02 07:48:58,240 [main] INFO  server.StorageContainerManager (StorageContainerManager.java:stop(815)) - Stopping Lease Manager of the command watchers
2019-10-02 07:48:58,240 [main] INFO  server.StorageContainerManager (StorageContainerManager.java:stop(822)) - Stopping datanode service RPC server
2019-10-02 07:48:58,241 [main] INFO  server.SCMDatanodeProtocolServer (SCMDatanodeProtocolServer.java:stop(367)) - Stopping the RPC server for DataNodes
2019-10-02 07:48:58,241 [main] INFO  ipc.Server (Server.java:stop(3082)) - Stopping server on 45197
2019-10-02 07:48:58,243 [IPC Server listener on 45197] INFO  ipc.Server (Server.java:run(1185)) - Stopping IPC Server listener on 45197
2019-10-02 07:48:58,243 [IPC Server Responder] INFO  ipc.Server (Server.java:run(1319)) - Stopping IPC Server Responder
2019-10-02 07:48:58,292 [SCM Heartbeat Processing Thread - 0] WARN  node.NodeStateManager (NodeStateManager.java:scheduleNextHealthCheck(646)) - Current Thread is interrupted, shutting down HB processing thread for Node Manager.
2019-10-02 07:48:58,292 [main] INFO  server.StorageContainerManager (StorageContainerManager.java:stop(830)) - Stopping block service RPC server
2019-10-02 07:48:58,292 [main] INFO  server.SCMBlockProtocolServer (SCMBlockProtocolServer.java:stop(155)) - Stopping the RPC server for Block Protocol
2019-10-02 07:48:58,293 [main] INFO  ipc.Server (Server.java:stop(3082)) - Stopping server on 37692
2019-10-02 07:48:58,293 [IPC Server listener on 37692] INFO  ipc.Server (Server.java:run(1185)) - Stopping IPC Server listener on 37692
2019-10-02 07:48:58,293 [main] INFO  server.StorageContainerManager (StorageContainerManager.java:stop(837)) - Stopping the StorageContainerLocationProtocol RPC server
2019-10-02 07:48:58,294 [IPC Server Responder] INFO  ipc.Server (Server.java:run(1319)) - Stopping IPC Server Responder
2019-10-02 07:48:58,294 [main] INFO  server.SCMClientProtocolServer (SCMClientProtocolServer.java:stop(158)) - Stopping the RPC server for Client Protocol
2019-10-02 07:48:58,294 [main] INFO  ipc.Server (Server.java:stop(3082)) - Stopping server on 44927
2019-10-02 07:48:58,295 [IPC Server listener on 44927] INFO  ipc.Server (Server.java:run(1185)) - Stopping IPC Server listener on 44927
2019-10-02 07:48:58,295 [main] INFO  server.StorageContainerManager (StorageContainerManager.java:stop(844)) - Stopping Storage Container Manager HTTP server.
2019-10-02 07:48:58,296 [IPC Server Responder] INFO  ipc.Server (Server.java:run(1319)) - Stopping IPC Server Responder
2019-10-02 07:48:58,297 [main] INFO  handler.ContextHandler (ContextHandler.java:doStop(910)) - Stopped o.e.j.w.WebAppContext@3f093abe{/,null,UNAVAILABLE}{/scm}
2019-10-02 07:48:58,297 [main] INFO  server.AbstractConnector (AbstractConnector.java:doStop(318)) - Stopped ServerConnector@724bade8{HTTP/1.1,[http/1.1]}{0.0.0.0:0}
2019-10-02 07:48:58,298 [main] INFO  handler.ContextHandler (ContextHandler.java:doStop(910)) - Stopped o.e.j.s.ServletContextHandler@12bd8a64{/static,file:///workdir/hadoop-ozone/integration-test/target/test-classes/webapps/static,UNAVAILABLE}
2019-10-02 07:48:58,298 [main] INFO  handler.ContextHandler (ContextHandler.java:doStop(910)) - Stopped o.e.j.s.ServletContextHandler@260e86a1{/logs,file:///workdir/hadoop-ozone/integration-test/target/log,UNAVAILABLE}
2019-10-02 07:48:58,299 [main] INFO  server.StorageContainerManager (StorageContainerManager.java:stop(855)) - Stopping Block Manager Service.
2019-10-02 07:48:58,299 [main] INFO  utils.BackgroundService (BackgroundService.java:shutdown(148)) - Shutting down service SCMBlockDeletingService
2019-10-02 07:48:58,300 [main] INFO  utils.BackgroundService (BackgroundService.java:shutdown(148)) - Shutting down service SCMBlockDeletingService
2019-10-02 07:48:58,300 [main] INFO  server.StorageContainerManager (StorageContainerManager.java:stop(877)) - Stopping SCM Event Queue.
2019-10-02 07:48:58,306 [main] INFO  impl.MetricsSystemImpl (MetricsSystemImpl.java:stop(210)) - Stopping XceiverClientMetrics metrics system...
2019-10-02 07:48:58,316 [prometheus] INFO  impl.MetricsSinkAdapter (MetricsSinkAdapter.java:publishMetricsFromQueue(141)) - prometheus thread interrupted.
2019-10-02 07:48:58,316 [main] INFO  impl.MetricsSystemImpl (MetricsSystemImpl.java:stop(216)) - XceiverClientMetrics metrics system stopped.
]]></system-out>
    <system-err><![CDATA[ERROR StatusLogger No Log4j 2 configuration file found. Using default configuration (logging only errors to the console), or user programmatically provided configurations. Set system property 'log4j2.debug' to show Log4j 2 internal initialization logging. See https://logging.apache.org/log4j/2.x/manual/configuration.html for instructions on how to configure Log4j 2
Oct 02, 2019 7:48:48 AM org.apache.ratis.thirdparty.io.grpc.internal.SerializingExecutor run
SEVERE: Exception while executing runnable org.apache.ratis.thirdparty.io.grpc.internal.ServerImpl$JumpToApplicationThreadServerStreamListener$1Closed@9226f11
org.apache.ratis.thirdparty.io.grpc.StatusRuntimeException: CANCELLED: call already cancelled
	at org.apache.ratis.thirdparty.io.grpc.Status.asRuntimeException(Status.java:517)
	at org.apache.ratis.thirdparty.io.grpc.stub.ServerCalls$ServerCallStreamObserverImpl.onCompleted(ServerCalls.java:356)
	at org.apache.ratis.grpc.server.GrpcServerProtocolService$ServerRequestStreamObserver.onError(GrpcServerProtocolService.java:121)
	at org.apache.ratis.thirdparty.io.grpc.stub.ServerCalls$StreamingServerCallHandler$StreamingServerCallListener.onCancel(ServerCalls.java:269)
	at org.apache.ratis.thirdparty.io.grpc.internal.ServerCallImpl$ServerStreamListenerImpl.closed(ServerCallImpl.java:293)
	at org.apache.ratis.thirdparty.io.grpc.internal.ServerImpl$JumpToApplicationThreadServerStreamListener$1Closed.runInContext(ServerImpl.java:741)
	at org.apache.ratis.thirdparty.io.grpc.internal.ContextRunnable.run(ContextRunnable.java:37)
	at org.apache.ratis.thirdparty.io.grpc.internal.SerializingExecutor.run(SerializingExecutor.java:123)
	at java.util.concurrent.ThreadPoolExecutor.runWorker(ThreadPoolExecutor.java:1149)
	at java.util.concurrent.ThreadPoolExecutor$Worker.run(ThreadPoolExecutor.java:624)
	at java.lang.Thread.run(Thread.java:748)

]]></system-err>
  </testcase>
  <testcase name="testDatanodeFailureWithPreAllocation" classname="org.apache.hadoop.ozone.client.rpc.TestBlockOutputStreamWithFailures" time="223.203"/>
  <testcase name="testDatanodeFailureWithSingleNodeRatis" classname="org.apache.hadoop.ozone.client.rpc.TestBlockOutputStreamWithFailures" time="223.066"/>
  <testcase name="testWatchForCommitWithSingleNodeRatis" classname="org.apache.hadoop.ozone.client.rpc.TestBlockOutputStreamWithFailures" time="35.019"/>
  <testcase name="testWatchForCommitDatanodeFailure" classname="org.apache.hadoop.ozone.client.rpc.TestBlockOutputStreamWithFailures" time="42.477">
    <failure message="expected:&lt;2&gt; but was:&lt;3&gt;" type="java.lang.AssertionError"><![CDATA[java.lang.AssertionError: expected:<2> but was:<3>
	at org.junit.Assert.fail(Assert.java:88)
	at org.junit.Assert.failNotEquals(Assert.java:743)
	at org.junit.Assert.assertEquals(Assert.java:118)
	at org.junit.Assert.assertEquals(Assert.java:555)
	at org.junit.Assert.assertEquals(Assert.java:542)
	at org.apache.hadoop.ozone.client.rpc.TestBlockOutputStreamWithFailures.testWatchForCommitDatanodeFailure(TestBlockOutputStreamWithFailures.java:366)
	at sun.reflect.NativeMethodAccessorImpl.invoke0(Native Method)
	at sun.reflect.NativeMethodAccessorImpl.invoke(NativeMethodAccessorImpl.java:62)
	at sun.reflect.DelegatingMethodAccessorImpl.invoke(DelegatingMethodAccessorImpl.java:43)
	at java.lang.reflect.Method.invoke(Method.java:498)
	at org.junit.runners.model.FrameworkMethod$1.runReflectiveCall(FrameworkMethod.java:47)
	at org.junit.internal.runners.model.ReflectiveCallable.run(ReflectiveCallable.java:12)
	at org.junit.runners.model.FrameworkMethod.invokeExplosively(FrameworkMethod.java:44)
	at org.junit.internal.runners.statements.InvokeMethod.evaluate(InvokeMethod.java:17)
	at org.junit.internal.runners.statements.RunBefores.evaluate(RunBefores.java:26)
	at org.junit.internal.runners.statements.RunAfters.evaluate(RunAfters.java:27)
	at org.junit.runners.ParentRunner.runLeaf(ParentRunner.java:271)
	at org.junit.runners.BlockJUnit4ClassRunner.runChild(BlockJUnit4ClassRunner.java:70)
	at org.junit.runners.BlockJUnit4ClassRunner.runChild(BlockJUnit4ClassRunner.java:50)
	at org.junit.runners.ParentRunner$3.run(ParentRunner.java:238)
	at org.junit.runners.ParentRunner$1.schedule(ParentRunner.java:63)
	at org.junit.runners.ParentRunner.runChildren(ParentRunner.java:236)
	at org.junit.runners.ParentRunner.access$000(ParentRunner.java:53)
	at org.junit.runners.ParentRunner$2.evaluate(ParentRunner.java:229)
	at org.junit.runners.ParentRunner.run(ParentRunner.java:309)
	at org.apache.maven.surefire.junit4.JUnit4Provider.execute(JUnit4Provider.java:365)
	at org.apache.maven.surefire.junit4.JUnit4Provider.executeWithRerun(JUnit4Provider.java:273)
	at org.apache.maven.surefire.junit4.JUnit4Provider.executeTestSet(JUnit4Provider.java:238)
	at org.apache.maven.surefire.junit4.JUnit4Provider.invoke(JUnit4Provider.java:159)
	at org.apache.maven.surefire.booter.ForkedBooter.invokeProviderInSameClassLoader(ForkedBooter.java:384)
	at org.apache.maven.surefire.booter.ForkedBooter.runSuitesInProcess(ForkedBooter.java:345)
	at org.apache.maven.surefire.booter.ForkedBooter.execute(ForkedBooter.java:126)
	at org.apache.maven.surefire.booter.ForkedBooter.main(ForkedBooter.java:418)
]]></failure>
    <system-out><![CDATA[2019-10-02 07:56:59,669 [main] WARN  server.ServerUtils (ServerUtils.java:getScmDbDir(145)) - ozone.scm.db.dirs is not configured. We recommend adding this setting. Falling back to ozone.metadata.dirs instead.
2019-10-02 07:56:59,686 [main] WARN  server.ServerUtils (ServerUtils.java:getScmDbDir(145)) - ozone.scm.db.dirs is not configured. We recommend adding this setting. Falling back to ozone.metadata.dirs instead.
2019-10-02 07:56:59,687 [main] WARN  server.ServerUtils (ServerUtils.java:getScmDbDir(145)) - ozone.scm.db.dirs is not configured. We recommend adding this setting. Falling back to ozone.metadata.dirs instead.
2019-10-02 07:56:59,687 [main] INFO  db.DBStoreBuilder (DBStoreBuilder.java:addTable(110)) - using custom profile for table: deletedBlocks
2019-10-02 07:56:59,687 [main] INFO  db.DBStoreBuilder (DBStoreBuilder.java:processTables(161)) - Using default column profile:DBProfile.DISK for Table:deletedBlocks
2019-10-02 07:56:59,688 [main] INFO  db.DBStoreBuilder (DBStoreBuilder.java:addTable(110)) - using custom profile for table: validCerts
2019-10-02 07:56:59,688 [main] INFO  db.DBStoreBuilder (DBStoreBuilder.java:processTables(161)) - Using default column profile:DBProfile.DISK for Table:validCerts
2019-10-02 07:56:59,688 [main] INFO  db.DBStoreBuilder (DBStoreBuilder.java:addTable(110)) - using custom profile for table: revokedCerts
2019-10-02 07:56:59,688 [main] INFO  db.DBStoreBuilder (DBStoreBuilder.java:processTables(161)) - Using default column profile:DBProfile.DISK for Table:revokedCerts
2019-10-02 07:56:59,688 [main] INFO  db.DBStoreBuilder (DBStoreBuilder.java:addTable(110)) - using custom profile for table: default
2019-10-02 07:56:59,689 [main] INFO  db.DBStoreBuilder (DBStoreBuilder.java:processTables(167)) - Using default column profile:DBProfile.DISK for Table:default
2019-10-02 07:56:59,689 [main] INFO  db.DBStoreBuilder (DBStoreBuilder.java:getDbProfile(198)) - Using default options. DBProfile.DISK
2019-10-02 07:56:59,873 [main] INFO  net.NodeSchemaLoader (NodeSchemaLoader.java:loadSchemaFromFile(125)) - Loading file from sun.misc.CompoundEnumeration@50ec4bfc
2019-10-02 07:56:59,873 [main] INFO  net.NodeSchemaLoader (NodeSchemaLoader.java:loadSchema(171)) - Loading network topology layer schema file
2019-10-02 07:56:59,878 [main] INFO  node.SCMNodeManager (SCMNodeManager.java:<init>(114)) - Entering startup safe mode.
2019-10-02 07:56:59,879 [main] INFO  algorithms.ContainerPlacementPolicyFactory (ContainerPlacementPolicyFactory.java:getPolicy(57)) - Create container placement policy of type org.apache.hadoop.hdds.scm.container.placement.algorithms.SCMContainerPlacementRandom
2019-10-02 07:56:59,879 [main] WARN  server.ServerUtils (ServerUtils.java:getScmDbDir(145)) - ozone.scm.db.dirs is not configured. We recommend adding this setting. Falling back to ozone.metadata.dirs instead.
2019-10-02 07:56:59,920 [main] INFO  pipeline.SCMPipelineManager (SCMPipelineManager.java:initializePipelineState(132)) - No pipeline exists in current db
2019-10-02 07:56:59,920 [main] WARN  server.ServerUtils (ServerUtils.java:getScmDbDir(145)) - ozone.scm.db.dirs is not configured. We recommend adding this setting. Falling back to ozone.metadata.dirs instead.
2019-10-02 07:56:59,990 [main] WARN  events.EventQueue (EventQueue.java:fireEvent(183)) - No event handler registered for event TypedEvent{payloadType=SafeModeStatus, name='SafeModeStatus'}
2019-10-02 07:56:59,991 [main] INFO  ipc.CallQueueManager (CallQueueManager.java:<init>(84)) - Using callQueue: class java.util.concurrent.LinkedBlockingQueue, queueCapacity: 2000, scheduler: class org.apache.hadoop.ipc.DefaultRpcScheduler, ipcBackoff: false.
2019-10-02 07:56:59,992 [Socket Reader #1 for port 33862] INFO  ipc.Server (Server.java:run(1074)) - Starting Socket Reader #1 for port 33862
2019-10-02 07:56:59,994 [main] INFO  ipc.CallQueueManager (CallQueueManager.java:<init>(84)) - Using callQueue: class java.util.concurrent.LinkedBlockingQueue, queueCapacity: 2000, scheduler: class org.apache.hadoop.ipc.DefaultRpcScheduler, ipcBackoff: false.
2019-10-02 07:56:59,995 [Socket Reader #1 for port 35865] INFO  ipc.Server (Server.java:run(1074)) - Starting Socket Reader #1 for port 35865
2019-10-02 07:56:59,997 [main] INFO  ipc.CallQueueManager (CallQueueManager.java:<init>(84)) - Using callQueue: class java.util.concurrent.LinkedBlockingQueue, queueCapacity: 2000, scheduler: class org.apache.hadoop.ipc.DefaultRpcScheduler, ipcBackoff: false.
2019-10-02 07:56:59,997 [Socket Reader #1 for port 35511] INFO  ipc.Server (Server.java:run(1074)) - Starting Socket Reader #1 for port 35511
2019-10-02 07:57:00,001 [main] INFO  hdfs.DFSUtil (DFSUtil.java:httpServerTemplateForNNAndJN(1641)) - Starting Web-server for scm at: http://0.0.0.0:0
2019-10-02 07:57:00,004 [main] INFO  server.AuthenticationFilter (AuthenticationFilter.java:constructSecretProvider(240)) - Unable to initialize FileSignerSecretProvider, falling back to use random secrets.
2019-10-02 07:57:00,004 [main] WARN  http.HttpRequestLog (HttpRequestLog.java:getRequestLog(97)) - Jetty request log can only be enabled using Log4j
2019-10-02 07:57:00,007 [main] INFO  http.HttpServer2 (HttpServer2.java:addGlobalFilter(975)) - Added global filter 'safety' (class=org.apache.hadoop.http.HttpServer2$QuotingInputFilter)
2019-10-02 07:57:00,007 [main] INFO  http.HttpServer2 (HttpServer2.java:addFilter(948)) - Added filter static_user_filter (class=org.apache.hadoop.http.lib.StaticUserWebFilter$StaticUserFilter) to context scm
2019-10-02 07:57:00,007 [main] INFO  http.HttpServer2 (HttpServer2.java:addFilter(958)) - Added filter static_user_filter (class=org.apache.hadoop.http.lib.StaticUserWebFilter$StaticUserFilter) to context logs
2019-10-02 07:57:00,008 [main] INFO  http.HttpServer2 (HttpServer2.java:addFilter(958)) - Added filter static_user_filter (class=org.apache.hadoop.http.lib.StaticUserWebFilter$StaticUserFilter) to context static
2019-10-02 07:57:00,009 [main] INFO  server.StorageContainerManager (StorageContainerManager.java:start(770)) - StorageContainerLocationProtocol RPC server is listening at /0.0.0.0:35511
2019-10-02 07:57:00,012 [main] WARN  impl.MetricsConfig (MetricsConfig.java:loadFirst(134)) - Cannot locate configuration: tried hadoop-metrics2-storagecontainermanager.properties,hadoop-metrics2.properties
2019-10-02 07:57:00,013 [main] INFO  impl.MetricsSystemImpl (MetricsSystemImpl.java:startTimer(374)) - Scheduled Metric snapshot period at 10 second(s).
2019-10-02 07:57:00,013 [main] INFO  impl.MetricsSystemImpl (MetricsSystemImpl.java:start(191)) - StorageContainerManager metrics system started
2019-10-02 07:57:00,128 [main] WARN  impl.MetricsSystemImpl (MetricsSystemImpl.java:register(276)) - Sink prometheus already exists!
2019-10-02 07:57:00,235 [main] INFO  server.SCMClientProtocolServer (SCMClientProtocolServer.java:start(150)) - RPC server for Client  is listening at /0.0.0.0:35511
2019-10-02 07:57:00,236 [IPC Server Responder] INFO  ipc.Server (Server.java:run(1314)) - IPC Server Responder: starting
2019-10-02 07:57:00,237 [IPC Server listener on 35511] INFO  ipc.Server (Server.java:run(1153)) - IPC Server listener on 35511: starting
2019-10-02 07:57:00,241 [main] INFO  server.StorageContainerManager (StorageContainerManager.java:start(780)) - ScmBlockLocationProtocol RPC server is listening at /0.0.0.0:35865
2019-10-02 07:57:00,241 [main] INFO  server.SCMBlockProtocolServer (SCMBlockProtocolServer.java:start(146)) - RPC server for Block Protocol is listening at /0.0.0.0:35865
2019-10-02 07:57:00,242 [IPC Server Responder] INFO  ipc.Server (Server.java:run(1314)) - IPC Server Responder: starting
2019-10-02 07:57:00,242 [IPC Server listener on 35865] INFO  ipc.Server (Server.java:run(1153)) - IPC Server listener on 35865: starting
2019-10-02 07:57:00,247 [main] INFO  server.StorageContainerManager (StorageContainerManager.java:start(784)) - ScmDatanodeProtocl RPC server is listening at /0.0.0.0:33862
2019-10-02 07:57:00,247 [main] INFO  server.SCMDatanodeProtocolServer (SCMDatanodeProtocolServer.java:start(191)) - RPC server for DataNodes is listening at /0.0.0.0:33862
2019-10-02 07:57:00,247 [IPC Server Responder] INFO  ipc.Server (Server.java:run(1314)) - IPC Server Responder: starting
2019-10-02 07:57:00,247 [IPC Server listener on 33862] INFO  ipc.Server (Server.java:run(1153)) - IPC Server listener on 33862: starting
2019-10-02 07:57:00,252 [main] INFO  http.HttpServer2 (HttpServer2.java:bindListener(1191)) - Jetty bound to port 43485
2019-10-02 07:57:00,252 [main] INFO  server.Server (Server.java:doStart(351)) - jetty-9.3.25.v20180904, build timestamp: 2018-09-04T21:11:46Z, git hash: 3ce520221d0240229c862b122d2b06c12a625732
2019-10-02 07:57:00,254 [main] INFO  handler.ContextHandler (ContextHandler.java:doStart(781)) - Started o.e.j.s.ServletContextHandler@45037e16{/logs,file:///workdir/hadoop-ozone/integration-test/target/log,AVAILABLE}
2019-10-02 07:57:00,254 [main] INFO  handler.ContextHandler (ContextHandler.java:doStart(781)) - Started o.e.j.s.ServletContextHandler@6222391a{/static,file:///workdir/hadoop-ozone/integration-test/target/test-classes/webapps/static,AVAILABLE}
2019-10-02 07:57:00,258 [main] INFO  handler.ContextHandler (ContextHandler.java:doStart(781)) - Started o.e.j.w.WebAppContext@7a0ab480{/,file:///workdir/hadoop-ozone/integration-test/target/test-classes/webapps/scm/,AVAILABLE}{/scm}
2019-10-02 07:57:00,258 [main] INFO  server.AbstractConnector (AbstractConnector.java:doStart(278)) - Started ServerConnector@79df80a4{HTTP/1.1,[http/1.1]}{0.0.0.0:43485}
2019-10-02 07:57:00,259 [main] INFO  server.Server (Server.java:doStart(419)) - Started @521486ms
2019-10-02 07:57:00,260 [main] WARN  impl.MetricsSystemImpl (MetricsSystemImpl.java:register(276)) - Sink prometheus already exists!
2019-10-02 07:57:00,261 [main] INFO  server.BaseHttpServer (BaseHttpServer.java:updateConnectorAddress(215)) - HTTP server of SCM is listening at http://0.0.0.0:43485
2019-10-02 07:57:00,262 [main] WARN  server.ServerUtils (ServerUtils.java:getDBPath(222)) - ozone.om.db.dirs is not configured. We recommend adding this setting. Falling back to ozone.metadata.dirs instead.
2019-10-02 07:57:00,262 [org.apache.hadoop.util.JvmPauseMonitor$Monitor@4eeab3e] INFO  util.JvmPauseMonitor (JvmPauseMonitor.java:run(188)) - Starting JVM pause monitor
2019-10-02 07:57:00,277 [main] WARN  server.ServerUtils (ServerUtils.java:getDBPath(222)) - ozone.om.db.dirs is not configured. We recommend adding this setting. Falling back to ozone.metadata.dirs instead.
2019-10-02 07:57:00,277 [main] WARN  server.ServerUtils (ServerUtils.java:getDBPath(222)) - ozone.om.db.dirs is not configured. We recommend adding this setting. Falling back to ozone.metadata.dirs instead.
2019-10-02 07:57:00,278 [main] INFO  om.OzoneManager (OzoneManager.java:setOMNodeDetails(652)) - OM Service ID is not set. Setting it to the default ID: omServiceIdDefault
2019-10-02 07:57:00,278 [main] INFO  om.OzoneManager (OzoneManager.java:setOMNodeDetails(658)) - OM Node ID is not set. Setting it to the OmStorage's OmID: fe399ae5-bd48-478f-a0a5-6167c1a2e6a8
2019-10-02 07:57:00,278 [main] INFO  om.OzoneManager (OzoneManager.java:loadOMHAConfigs(609)) - Found matching OM address with OMServiceId: null, OMNodeId: null, RPC Address: localhost:0 and Ratis port: 9872
2019-10-02 07:57:00,285 [main] WARN  server.ServerUtils (ServerUtils.java:getDBPath(222)) - ozone.om.db.dirs is not configured. We recommend adding this setting. Falling back to ozone.metadata.dirs instead.
2019-10-02 07:57:00,286 [main] INFO  db.DBStoreBuilder (DBStoreBuilder.java:addTable(110)) - using custom profile for table: userTable
2019-10-02 07:57:00,286 [main] INFO  db.DBStoreBuilder (DBStoreBuilder.java:processTables(161)) - Using default column profile:DBProfile.DISK for Table:userTable
2019-10-02 07:57:00,286 [main] INFO  db.DBStoreBuilder (DBStoreBuilder.java:addTable(110)) - using custom profile for table: volumeTable
2019-10-02 07:57:00,286 [main] INFO  db.DBStoreBuilder (DBStoreBuilder.java:processTables(161)) - Using default column profile:DBProfile.DISK for Table:volumeTable
2019-10-02 07:57:00,287 [main] INFO  db.DBStoreBuilder (DBStoreBuilder.java:addTable(110)) - using custom profile for table: bucketTable
2019-10-02 07:57:00,287 [main] INFO  db.DBStoreBuilder (DBStoreBuilder.java:processTables(161)) - Using default column profile:DBProfile.DISK for Table:bucketTable
2019-10-02 07:57:00,287 [main] INFO  db.DBStoreBuilder (DBStoreBuilder.java:addTable(110)) - using custom profile for table: keyTable
2019-10-02 07:57:00,287 [main] INFO  db.DBStoreBuilder (DBStoreBuilder.java:processTables(161)) - Using default column profile:DBProfile.DISK for Table:keyTable
2019-10-02 07:57:00,287 [main] INFO  db.DBStoreBuilder (DBStoreBuilder.java:addTable(110)) - using custom profile for table: deletedTable
2019-10-02 07:57:00,288 [main] INFO  db.DBStoreBuilder (DBStoreBuilder.java:processTables(161)) - Using default column profile:DBProfile.DISK for Table:deletedTable
2019-10-02 07:57:00,288 [main] INFO  db.DBStoreBuilder (DBStoreBuilder.java:addTable(110)) - using custom profile for table: openKeyTable
2019-10-02 07:57:00,288 [main] INFO  db.DBStoreBuilder (DBStoreBuilder.java:processTables(161)) - Using default column profile:DBProfile.DISK for Table:openKeyTable
2019-10-02 07:57:00,288 [main] INFO  db.DBStoreBuilder (DBStoreBuilder.java:addTable(110)) - using custom profile for table: s3Table
2019-10-02 07:57:00,289 [main] INFO  db.DBStoreBuilder (DBStoreBuilder.java:processTables(161)) - Using default column profile:DBProfile.DISK for Table:s3Table
2019-10-02 07:57:00,289 [main] INFO  db.DBStoreBuilder (DBStoreBuilder.java:addTable(110)) - using custom profile for table: multipartInfoTable
2019-10-02 07:57:00,289 [main] INFO  db.DBStoreBuilder (DBStoreBuilder.java:processTables(161)) - Using default column profile:DBProfile.DISK for Table:multipartInfoTable
2019-10-02 07:57:00,289 [main] INFO  db.DBStoreBuilder (DBStoreBuilder.java:addTable(110)) - using custom profile for table: dTokenTable
2019-10-02 07:57:00,289 [main] INFO  db.DBStoreBuilder (DBStoreBuilder.java:processTables(161)) - Using default column profile:DBProfile.DISK for Table:dTokenTable
2019-10-02 07:57:00,290 [main] INFO  db.DBStoreBuilder (DBStoreBuilder.java:addTable(110)) - using custom profile for table: s3SecretTable
2019-10-02 07:57:00,290 [main] INFO  db.DBStoreBuilder (DBStoreBuilder.java:processTables(161)) - Using default column profile:DBProfile.DISK for Table:s3SecretTable
2019-10-02 07:57:00,290 [main] INFO  db.DBStoreBuilder (DBStoreBuilder.java:addTable(110)) - using custom profile for table: prefixTable
2019-10-02 07:57:00,290 [main] INFO  db.DBStoreBuilder (DBStoreBuilder.java:processTables(161)) - Using default column profile:DBProfile.DISK for Table:prefixTable
2019-10-02 07:57:00,290 [main] INFO  db.DBStoreBuilder (DBStoreBuilder.java:addTable(110)) - using custom profile for table: default
2019-10-02 07:57:00,291 [main] INFO  db.DBStoreBuilder (DBStoreBuilder.java:processTables(167)) - Using default column profile:DBProfile.DISK for Table:default
2019-10-02 07:57:00,291 [main] INFO  db.DBStoreBuilder (DBStoreBuilder.java:getDbProfile(198)) - Using default options. DBProfile.DISK
2019-10-02 07:57:00,907 [main] INFO  ipc.CallQueueManager (CallQueueManager.java:<init>(84)) - Using callQueue: class java.util.concurrent.LinkedBlockingQueue, queueCapacity: 2000, scheduler: class org.apache.hadoop.ipc.DefaultRpcScheduler, ipcBackoff: false.
2019-10-02 07:57:00,908 [Socket Reader #1 for port 45917] INFO  ipc.Server (Server.java:run(1074)) - Starting Socket Reader #1 for port 45917
2019-10-02 07:57:00,929 [main] INFO  om.OzoneManager (OzoneManager.java:start(1243)) - OzoneManager RPC server is listening at localhost/127.0.0.1:45917
2019-10-02 07:57:00,929 [main] INFO  impl.MetricsSystemImpl (MetricsSystemImpl.java:init(158)) - OzoneManager metrics system started (again)
2019-10-02 07:57:00,930 [IPC Server Responder] INFO  ipc.Server (Server.java:run(1314)) - IPC Server Responder: starting
2019-10-02 07:57:00,931 [IPC Server listener on 45917] INFO  ipc.Server (Server.java:run(1153)) - IPC Server listener on 45917: starting
2019-10-02 07:57:00,936 [main] INFO  hdfs.DFSUtil (DFSUtil.java:httpServerTemplateForNNAndJN(1641)) - Starting Web-server for ozoneManager at: http://0.0.0.0:0
2019-10-02 07:57:00,937 [main] INFO  server.AuthenticationFilter (AuthenticationFilter.java:constructSecretProvider(240)) - Unable to initialize FileSignerSecretProvider, falling back to use random secrets.
2019-10-02 07:57:00,937 [main] WARN  http.HttpRequestLog (HttpRequestLog.java:getRequestLog(97)) - Jetty request log can only be enabled using Log4j
2019-10-02 07:57:00,939 [main] INFO  http.HttpServer2 (HttpServer2.java:addGlobalFilter(975)) - Added global filter 'safety' (class=org.apache.hadoop.http.HttpServer2$QuotingInputFilter)
2019-10-02 07:57:00,939 [main] INFO  http.HttpServer2 (HttpServer2.java:addFilter(948)) - Added filter static_user_filter (class=org.apache.hadoop.http.lib.StaticUserWebFilter$StaticUserFilter) to context ozoneManager
2019-10-02 07:57:00,939 [main] INFO  http.HttpServer2 (HttpServer2.java:addFilter(958)) - Added filter static_user_filter (class=org.apache.hadoop.http.lib.StaticUserWebFilter$StaticUserFilter) to context logs
2019-10-02 07:57:00,939 [main] INFO  http.HttpServer2 (HttpServer2.java:addFilter(958)) - Added filter static_user_filter (class=org.apache.hadoop.http.lib.StaticUserWebFilter$StaticUserFilter) to context static
2019-10-02 07:57:00,940 [main] INFO  http.HttpServer2 (HttpServer2.java:bindListener(1191)) - Jetty bound to port 38250
2019-10-02 07:57:00,940 [main] INFO  server.Server (Server.java:doStart(351)) - jetty-9.3.25.v20180904, build timestamp: 2018-09-04T21:11:46Z, git hash: 3ce520221d0240229c862b122d2b06c12a625732
2019-10-02 07:57:00,942 [main] INFO  handler.ContextHandler (ContextHandler.java:doStart(781)) - Started o.e.j.s.ServletContextHandler@1785d194{/logs,file:///workdir/hadoop-ozone/integration-test/target/log,AVAILABLE}
2019-10-02 07:57:00,942 [main] INFO  handler.ContextHandler (ContextHandler.java:doStart(781)) - Started o.e.j.s.ServletContextHandler@46a8c2b4{/static,file:///workdir/hadoop-ozone/integration-test/target/test-classes/webapps/static,AVAILABLE}
2019-10-02 07:57:00,945 [main] INFO  handler.ContextHandler (ContextHandler.java:doStart(781)) - Started o.e.j.w.WebAppContext@62f9c790{/,file:///workdir/hadoop-ozone/integration-test/target/test-classes/webapps/ozoneManager/,AVAILABLE}{/ozoneManager}
2019-10-02 07:57:00,945 [main] INFO  server.AbstractConnector (AbstractConnector.java:doStart(278)) - Started ServerConnector@21e5f0b6{HTTP/1.1,[http/1.1]}{0.0.0.0:38250}
2019-10-02 07:57:00,947 [main] INFO  server.Server (Server.java:doStart(419)) - Started @522173ms
2019-10-02 07:57:00,947 [main] WARN  impl.MetricsSystemImpl (MetricsSystemImpl.java:register(276)) - Sink prometheus already exists!
2019-10-02 07:57:00,947 [main] INFO  server.BaseHttpServer (BaseHttpServer.java:updateConnectorAddress(215)) - HTTP server of OZONEMANAGER is listening at http://0.0.0.0:38250
2019-10-02 07:57:00,961 [main] INFO  impl.MetricsSystemImpl (MetricsSystemImpl.java:init(158)) - HddsDatanode metrics system started (again)
2019-10-02 07:57:00,965 [main] INFO  ozone.HddsDatanodeService (HddsDatanodeService.java:start(184)) - HddsDatanodeService host:pr-hdds-2227-gdpr-vz6hn-2718222164 ip:192.168.164.211
2019-10-02 07:57:00,970 [main] INFO  volume.HddsVolume (HddsVolume.java:<init>(176)) - Creating Volume: /workdir/hadoop-ozone/integration-test/target/test-dir/MiniOzoneClusterImpl-1b284452-a46a-4ca0-a40f-7c87425d7399/datanode-0/data/containers/hdds of  storage type : DISK and capacity : 1482555576320
2019-10-02 07:57:00,971 [main] INFO  volume.VolumeSet (VolumeSet.java:initializeVolumeSet(170)) - Added Volume : /workdir/hadoop-ozone/integration-test/target/test-dir/MiniOzoneClusterImpl-1b284452-a46a-4ca0-a40f-7c87425d7399/datanode-0/data/containers/hdds to VolumeSet
2019-10-02 07:57:00,971 [main] INFO  volume.ThrottledAsyncChecker (ThrottledAsyncChecker.java:schedule(139)) - Scheduling a check for org.apache.hadoop.ozone.container.common.volume.HddsVolume@28ee882c
2019-10-02 07:57:00,972 [main] INFO  volume.HddsVolumeChecker (HddsVolumeChecker.java:checkAllVolumes(202)) - Scheduled health check for volume org.apache.hadoop.ozone.container.common.volume.HddsVolume@28ee882c
2019-10-02 07:57:00,989 [main] INFO  impl.RaftServerProxy (ConfUtils.java:logGet(43)) - raft.rpc.type = GRPC (default)
2019-10-02 07:57:00,990 [main] INFO  grpc.GrpcFactory (GrpcFactory.java:checkPooledByteBufAllocatorUseCacheForAllThreads(45)) - PERFORMANCE WARNING: useCacheForAllThreads is true that may cause Netty to create a lot garbage objects and, as a result, trigger GC.
	It is recommended to disable useCacheForAllThreads by setting -Dorg.apache.ratis.thirdparty.io.netty.allocator.useCacheForAllThreads=false in command line.
2019-10-02 07:57:00,990 [main] INFO  grpc.GrpcConfigKeys$Server (ConfUtils.java:logGet(43)) - raft.grpc.server.port = 0 (default)
2019-10-02 07:57:00,990 [main] INFO  server.GrpcService (ConfUtils.java:logGet(43)) - raft.grpc.message.size.max = 33570816 (custom)
2019-10-02 07:57:00,990 [main] INFO  server.RaftServerConfigKeys (ConfUtils.java:logGet(43)) - raft.server.log.appender.buffer.byte-limit = 33554432 (custom)
2019-10-02 07:57:00,991 [main] INFO  server.GrpcService (ConfUtils.java:logGet(43)) - raft.grpc.flow.control.window = 1MB (=1048576) (default)
2019-10-02 07:57:00,991 [main] INFO  server.RaftServerConfigKeys (ConfUtils.java:logGet(43)) - raft.server.rpc.request.timeout = 3000ms (default)
2019-10-02 07:57:00,992 [main] INFO  server.RaftServerConfigKeys (ConfUtils.java:logGet(43)) - raft.server.storage.dir = [/workdir/hadoop-ozone/integration-test/target/test-dir/MiniOzoneClusterImpl-1b284452-a46a-4ca0-a40f-7c87425d7399/datanode-0/data/ratis] (custom)
2019-10-02 07:57:00,993 [main] INFO  hdfs.DFSUtil (DFSUtil.java:httpServerTemplateForNNAndJN(1641)) - Starting Web-server for hddsDatanode at: http://0.0.0.0:0
2019-10-02 07:57:00,994 [main] INFO  server.AuthenticationFilter (AuthenticationFilter.java:constructSecretProvider(240)) - Unable to initialize FileSignerSecretProvider, falling back to use random secrets.
2019-10-02 07:57:00,995 [main] WARN  http.HttpRequestLog (HttpRequestLog.java:getRequestLog(97)) - Jetty request log can only be enabled using Log4j
2019-10-02 07:57:00,996 [main] INFO  http.HttpServer2 (HttpServer2.java:addGlobalFilter(975)) - Added global filter 'safety' (class=org.apache.hadoop.http.HttpServer2$QuotingInputFilter)
2019-10-02 07:57:00,996 [main] INFO  http.HttpServer2 (HttpServer2.java:addFilter(948)) - Added filter static_user_filter (class=org.apache.hadoop.http.lib.StaticUserWebFilter$StaticUserFilter) to context hddsDatanode
2019-10-02 07:57:00,996 [main] INFO  http.HttpServer2 (HttpServer2.java:addFilter(958)) - Added filter static_user_filter (class=org.apache.hadoop.http.lib.StaticUserWebFilter$StaticUserFilter) to context logs
2019-10-02 07:57:00,997 [main] INFO  http.HttpServer2 (HttpServer2.java:addFilter(958)) - Added filter static_user_filter (class=org.apache.hadoop.http.lib.StaticUserWebFilter$StaticUserFilter) to context static
2019-10-02 07:57:00,997 [main] INFO  http.HttpServer2 (HttpServer2.java:bindListener(1191)) - Jetty bound to port 36228
2019-10-02 07:57:00,997 [main] INFO  server.Server (Server.java:doStart(351)) - jetty-9.3.25.v20180904, build timestamp: 2018-09-04T21:11:46Z, git hash: 3ce520221d0240229c862b122d2b06c12a625732
2019-10-02 07:57:00,999 [main] INFO  handler.ContextHandler (ContextHandler.java:doStart(781)) - Started o.e.j.s.ServletContextHandler@785ed99c{/logs,file:///workdir/hadoop-ozone/integration-test/target/log,AVAILABLE}
2019-10-02 07:57:00,999 [main] INFO  handler.ContextHandler (ContextHandler.java:doStart(781)) - Started o.e.j.s.ServletContextHandler@755b5f30{/static,jar:file:/home/user/.m2/repository/org/apache/hadoop/hadoop-hdds-container-service/0.5.0-SNAPSHOT/hadoop-hdds-container-service-0.5.0-SNAPSHOT.jar!/webapps/static,AVAILABLE}
2019-10-02 07:57:01,027 [main] INFO  handler.ContextHandler (ContextHandler.java:doStart(781)) - Started o.e.j.w.WebAppContext@7b8ea1db{/,file:///tmp/jetty-0.0.0.0-36228-hddsDatanode-_-any-1717833275457997601.dir/webapp/,AVAILABLE}{/hddsDatanode}
2019-10-02 07:57:01,028 [main] INFO  server.AbstractConnector (AbstractConnector.java:doStart(278)) - Started ServerConnector@a91119b{HTTP/1.1,[http/1.1]}{0.0.0.0:36228}
2019-10-02 07:57:01,029 [main] INFO  server.Server (Server.java:doStart(419)) - Started @522256ms
2019-10-02 07:57:01,029 [main] WARN  impl.MetricsSystemImpl (MetricsSystemImpl.java:register(276)) - Sink prometheus already exists!
2019-10-02 07:57:01,030 [main] INFO  server.BaseHttpServer (BaseHttpServer.java:updateConnectorAddress(215)) - HTTP server of HDDSDATANODE is listening at http://0.0.0.0:36228
2019-10-02 07:57:01,030 [main] INFO  impl.MetricsSystemImpl (MetricsSystemImpl.java:init(158)) - HddsDatanode metrics system started (again)
2019-10-02 07:57:01,035 [org.apache.hadoop.util.JvmPauseMonitor$Monitor@c868dd2] INFO  util.JvmPauseMonitor (JvmPauseMonitor.java:run(188)) - Starting JVM pause monitor
2019-10-02 07:57:01,036 [main] INFO  ozone.HddsDatanodeService (HddsDatanodeService.java:start(184)) - HddsDatanodeService host:pr-hdds-2227-gdpr-vz6hn-2718222164 ip:192.168.164.211
2019-10-02 07:57:01,037 [Datanode State Machine Thread - 0] INFO  datanode.InitDatanodeState (InitDatanodeState.java:persistContainerDatanodeDetails(140)) - DatanodeDetails is persisted to /workdir/hadoop-ozone/integration-test/target/test-dir/MiniOzoneClusterImpl-1b284452-a46a-4ca0-a40f-7c87425d7399/datanode-0/meta/datanode.id
2019-10-02 07:57:01,043 [main] INFO  volume.HddsVolume (HddsVolume.java:<init>(176)) - Creating Volume: /workdir/hadoop-ozone/integration-test/target/test-dir/MiniOzoneClusterImpl-1b284452-a46a-4ca0-a40f-7c87425d7399/datanode-1/data/containers/hdds of  storage type : DISK and capacity : 1482555576320
2019-10-02 07:57:01,043 [main] INFO  volume.VolumeSet (VolumeSet.java:initializeVolumeSet(170)) - Added Volume : /workdir/hadoop-ozone/integration-test/target/test-dir/MiniOzoneClusterImpl-1b284452-a46a-4ca0-a40f-7c87425d7399/datanode-1/data/containers/hdds to VolumeSet
2019-10-02 07:57:01,043 [main] INFO  volume.ThrottledAsyncChecker (ThrottledAsyncChecker.java:schedule(139)) - Scheduling a check for org.apache.hadoop.ozone.container.common.volume.HddsVolume@5a30722c
2019-10-02 07:57:01,043 [main] INFO  volume.HddsVolumeChecker (HddsVolumeChecker.java:checkAllVolumes(202)) - Scheduled health check for volume org.apache.hadoop.ozone.container.common.volume.HddsVolume@5a30722c
2019-10-02 07:57:01,055 [main] INFO  impl.RaftServerProxy (ConfUtils.java:logGet(43)) - raft.rpc.type = GRPC (default)
2019-10-02 07:57:01,055 [main] INFO  grpc.GrpcFactory (GrpcFactory.java:checkPooledByteBufAllocatorUseCacheForAllThreads(45)) - PERFORMANCE WARNING: useCacheForAllThreads is true that may cause Netty to create a lot garbage objects and, as a result, trigger GC.
	It is recommended to disable useCacheForAllThreads by setting -Dorg.apache.ratis.thirdparty.io.netty.allocator.useCacheForAllThreads=false in command line.
2019-10-02 07:57:01,055 [main] INFO  grpc.GrpcConfigKeys$Server (ConfUtils.java:logGet(43)) - raft.grpc.server.port = 0 (default)
2019-10-02 07:57:01,055 [main] INFO  server.GrpcService (ConfUtils.java:logGet(43)) - raft.grpc.message.size.max = 33570816 (custom)
2019-10-02 07:57:01,055 [main] INFO  server.RaftServerConfigKeys (ConfUtils.java:logGet(43)) - raft.server.log.appender.buffer.byte-limit = 33554432 (custom)
2019-10-02 07:57:01,055 [main] INFO  server.GrpcService (ConfUtils.java:logGet(43)) - raft.grpc.flow.control.window = 1MB (=1048576) (default)
2019-10-02 07:57:01,056 [main] INFO  server.RaftServerConfigKeys (ConfUtils.java:logGet(43)) - raft.server.rpc.request.timeout = 3000ms (default)
2019-10-02 07:57:01,056 [main] INFO  server.RaftServerConfigKeys (ConfUtils.java:logGet(43)) - raft.server.storage.dir = [/workdir/hadoop-ozone/integration-test/target/test-dir/MiniOzoneClusterImpl-1b284452-a46a-4ca0-a40f-7c87425d7399/datanode-1/data/ratis] (custom)
2019-10-02 07:57:01,057 [main] INFO  hdfs.DFSUtil (DFSUtil.java:httpServerTemplateForNNAndJN(1641)) - Starting Web-server for hddsDatanode at: http://0.0.0.0:0
2019-10-02 07:57:01,058 [main] INFO  server.AuthenticationFilter (AuthenticationFilter.java:constructSecretProvider(240)) - Unable to initialize FileSignerSecretProvider, falling back to use random secrets.
2019-10-02 07:57:01,058 [main] WARN  http.HttpRequestLog (HttpRequestLog.java:getRequestLog(97)) - Jetty request log can only be enabled using Log4j
2019-10-02 07:57:01,059 [main] INFO  http.HttpServer2 (HttpServer2.java:addGlobalFilter(975)) - Added global filter 'safety' (class=org.apache.hadoop.http.HttpServer2$QuotingInputFilter)
2019-10-02 07:57:01,060 [main] INFO  http.HttpServer2 (HttpServer2.java:addFilter(948)) - Added filter static_user_filter (class=org.apache.hadoop.http.lib.StaticUserWebFilter$StaticUserFilter) to context hddsDatanode
2019-10-02 07:57:01,060 [main] INFO  http.HttpServer2 (HttpServer2.java:addFilter(958)) - Added filter static_user_filter (class=org.apache.hadoop.http.lib.StaticUserWebFilter$StaticUserFilter) to context static
2019-10-02 07:57:01,060 [main] INFO  http.HttpServer2 (HttpServer2.java:addFilter(958)) - Added filter static_user_filter (class=org.apache.hadoop.http.lib.StaticUserWebFilter$StaticUserFilter) to context logs
2019-10-02 07:57:01,061 [main] INFO  http.HttpServer2 (HttpServer2.java:bindListener(1191)) - Jetty bound to port 40361
2019-10-02 07:57:01,061 [main] INFO  server.Server (Server.java:doStart(351)) - jetty-9.3.25.v20180904, build timestamp: 2018-09-04T21:11:46Z, git hash: 3ce520221d0240229c862b122d2b06c12a625732
2019-10-02 07:57:01,062 [main] INFO  handler.ContextHandler (ContextHandler.java:doStart(781)) - Started o.e.j.s.ServletContextHandler@6fbf5db2{/logs,file:///workdir/hadoop-ozone/integration-test/target/log,AVAILABLE}
2019-10-02 07:57:01,063 [main] INFO  handler.ContextHandler (ContextHandler.java:doStart(781)) - Started o.e.j.s.ServletContextHandler@57cabdc3{/static,jar:file:/home/user/.m2/repository/org/apache/hadoop/hadoop-hdds-container-service/0.5.0-SNAPSHOT/hadoop-hdds-container-service-0.5.0-SNAPSHOT.jar!/webapps/static,AVAILABLE}
2019-10-02 07:57:01,087 [main] INFO  handler.ContextHandler (ContextHandler.java:doStart(781)) - Started o.e.j.w.WebAppContext@7eb27768{/,file:///tmp/jetty-0.0.0.0-40361-hddsDatanode-_-any-6059501051824082399.dir/webapp/,AVAILABLE}{/hddsDatanode}
2019-10-02 07:57:01,087 [main] INFO  server.AbstractConnector (AbstractConnector.java:doStart(278)) - Started ServerConnector@6169be09{HTTP/1.1,[http/1.1]}{0.0.0.0:40361}
2019-10-02 07:57:01,088 [main] INFO  server.Server (Server.java:doStart(419)) - Started @522315ms
2019-10-02 07:57:01,089 [main] WARN  impl.MetricsSystemImpl (MetricsSystemImpl.java:register(276)) - Sink prometheus already exists!
2019-10-02 07:57:01,089 [main] INFO  server.BaseHttpServer (BaseHttpServer.java:updateConnectorAddress(215)) - HTTP server of HDDSDATANODE is listening at http://0.0.0.0:40361
2019-10-02 07:57:01,089 [main] INFO  impl.MetricsSystemImpl (MetricsSystemImpl.java:init(158)) - HddsDatanode metrics system started (again)
2019-10-02 07:57:01,093 [org.apache.hadoop.util.JvmPauseMonitor$Monitor@28f87b2c] INFO  util.JvmPauseMonitor (JvmPauseMonitor.java:run(188)) - Starting JVM pause monitor
2019-10-02 07:57:01,093 [main] INFO  ozone.HddsDatanodeService (HddsDatanodeService.java:start(184)) - HddsDatanodeService host:pr-hdds-2227-gdpr-vz6hn-2718222164 ip:192.168.164.211
2019-10-02 07:57:01,094 [Datanode State Machine Thread - 0] INFO  datanode.InitDatanodeState (InitDatanodeState.java:persistContainerDatanodeDetails(140)) - DatanodeDetails is persisted to /workdir/hadoop-ozone/integration-test/target/test-dir/MiniOzoneClusterImpl-1b284452-a46a-4ca0-a40f-7c87425d7399/datanode-1/meta/datanode.id
2019-10-02 07:57:01,099 [main] INFO  volume.HddsVolume (HddsVolume.java:<init>(176)) - Creating Volume: /workdir/hadoop-ozone/integration-test/target/test-dir/MiniOzoneClusterImpl-1b284452-a46a-4ca0-a40f-7c87425d7399/datanode-2/data/containers/hdds of  storage type : DISK and capacity : 1482555576320
2019-10-02 07:57:01,099 [main] INFO  volume.VolumeSet (VolumeSet.java:initializeVolumeSet(170)) - Added Volume : /workdir/hadoop-ozone/integration-test/target/test-dir/MiniOzoneClusterImpl-1b284452-a46a-4ca0-a40f-7c87425d7399/datanode-2/data/containers/hdds to VolumeSet
2019-10-02 07:57:01,100 [main] INFO  volume.ThrottledAsyncChecker (ThrottledAsyncChecker.java:schedule(139)) - Scheduling a check for org.apache.hadoop.ozone.container.common.volume.HddsVolume@d8835af
2019-10-02 07:57:01,100 [main] INFO  volume.HddsVolumeChecker (HddsVolumeChecker.java:checkAllVolumes(202)) - Scheduled health check for volume org.apache.hadoop.ozone.container.common.volume.HddsVolume@d8835af
2019-10-02 07:57:01,111 [main] INFO  impl.RaftServerProxy (ConfUtils.java:logGet(43)) - raft.rpc.type = GRPC (default)
2019-10-02 07:57:01,112 [main] INFO  grpc.GrpcFactory (GrpcFactory.java:checkPooledByteBufAllocatorUseCacheForAllThreads(45)) - PERFORMANCE WARNING: useCacheForAllThreads is true that may cause Netty to create a lot garbage objects and, as a result, trigger GC.
	It is recommended to disable useCacheForAllThreads by setting -Dorg.apache.ratis.thirdparty.io.netty.allocator.useCacheForAllThreads=false in command line.
2019-10-02 07:57:01,112 [main] INFO  grpc.GrpcConfigKeys$Server (ConfUtils.java:logGet(43)) - raft.grpc.server.port = 0 (default)
2019-10-02 07:57:01,112 [main] INFO  server.GrpcService (ConfUtils.java:logGet(43)) - raft.grpc.message.size.max = 33570816 (custom)
2019-10-02 07:57:01,112 [main] INFO  server.RaftServerConfigKeys (ConfUtils.java:logGet(43)) - raft.server.log.appender.buffer.byte-limit = 33554432 (custom)
2019-10-02 07:57:01,112 [main] INFO  server.GrpcService (ConfUtils.java:logGet(43)) - raft.grpc.flow.control.window = 1MB (=1048576) (default)
2019-10-02 07:57:01,112 [main] INFO  server.RaftServerConfigKeys (ConfUtils.java:logGet(43)) - raft.server.rpc.request.timeout = 3000ms (default)
2019-10-02 07:57:01,113 [main] INFO  server.RaftServerConfigKeys (ConfUtils.java:logGet(43)) - raft.server.storage.dir = [/workdir/hadoop-ozone/integration-test/target/test-dir/MiniOzoneClusterImpl-1b284452-a46a-4ca0-a40f-7c87425d7399/datanode-2/data/ratis] (custom)
2019-10-02 07:57:01,114 [main] INFO  hdfs.DFSUtil (DFSUtil.java:httpServerTemplateForNNAndJN(1641)) - Starting Web-server for hddsDatanode at: http://0.0.0.0:0
2019-10-02 07:57:01,115 [main] INFO  server.AuthenticationFilter (AuthenticationFilter.java:constructSecretProvider(240)) - Unable to initialize FileSignerSecretProvider, falling back to use random secrets.
2019-10-02 07:57:01,115 [main] WARN  http.HttpRequestLog (HttpRequestLog.java:getRequestLog(97)) - Jetty request log can only be enabled using Log4j
2019-10-02 07:57:01,117 [main] INFO  http.HttpServer2 (HttpServer2.java:addGlobalFilter(975)) - Added global filter 'safety' (class=org.apache.hadoop.http.HttpServer2$QuotingInputFilter)
2019-10-02 07:57:01,117 [main] INFO  http.HttpServer2 (HttpServer2.java:addFilter(948)) - Added filter static_user_filter (class=org.apache.hadoop.http.lib.StaticUserWebFilter$StaticUserFilter) to context hddsDatanode
2019-10-02 07:57:01,117 [main] INFO  http.HttpServer2 (HttpServer2.java:addFilter(958)) - Added filter static_user_filter (class=org.apache.hadoop.http.lib.StaticUserWebFilter$StaticUserFilter) to context static
2019-10-02 07:57:01,118 [main] INFO  http.HttpServer2 (HttpServer2.java:addFilter(958)) - Added filter static_user_filter (class=org.apache.hadoop.http.lib.StaticUserWebFilter$StaticUserFilter) to context logs
2019-10-02 07:57:01,118 [main] INFO  http.HttpServer2 (HttpServer2.java:bindListener(1191)) - Jetty bound to port 41567
2019-10-02 07:57:01,118 [main] INFO  server.Server (Server.java:doStart(351)) - jetty-9.3.25.v20180904, build timestamp: 2018-09-04T21:11:46Z, git hash: 3ce520221d0240229c862b122d2b06c12a625732
2019-10-02 07:57:01,119 [main] INFO  handler.ContextHandler (ContextHandler.java:doStart(781)) - Started o.e.j.s.ServletContextHandler@477523ba{/logs,file:///workdir/hadoop-ozone/integration-test/target/log,AVAILABLE}
2019-10-02 07:57:01,120 [main] INFO  handler.ContextHandler (ContextHandler.java:doStart(781)) - Started o.e.j.s.ServletContextHandler@78c74647{/static,jar:file:/home/user/.m2/repository/org/apache/hadoop/hadoop-hdds-container-service/0.5.0-SNAPSHOT/hadoop-hdds-container-service-0.5.0-SNAPSHOT.jar!/webapps/static,AVAILABLE}
2019-10-02 07:57:01,145 [main] INFO  handler.ContextHandler (ContextHandler.java:doStart(781)) - Started o.e.j.w.WebAppContext@5e193ef5{/,file:///tmp/jetty-0.0.0.0-41567-hddsDatanode-_-any-8211196512574605830.dir/webapp/,AVAILABLE}{/hddsDatanode}
2019-10-02 07:57:01,145 [main] INFO  server.AbstractConnector (AbstractConnector.java:doStart(278)) - Started ServerConnector@106c988{HTTP/1.1,[http/1.1]}{0.0.0.0:41567}
2019-10-02 07:57:01,147 [main] INFO  server.Server (Server.java:doStart(419)) - Started @522373ms
2019-10-02 07:57:01,147 [main] WARN  impl.MetricsSystemImpl (MetricsSystemImpl.java:register(276)) - Sink prometheus already exists!
2019-10-02 07:57:01,147 [main] INFO  server.BaseHttpServer (BaseHttpServer.java:updateConnectorAddress(215)) - HTTP server of HDDSDATANODE is listening at http://0.0.0.0:41567
2019-10-02 07:57:01,148 [main] INFO  impl.MetricsSystemImpl (MetricsSystemImpl.java:init(158)) - HddsDatanode metrics system started (again)
2019-10-02 07:57:01,152 [org.apache.hadoop.util.JvmPauseMonitor$Monitor@53902426] INFO  util.JvmPauseMonitor (JvmPauseMonitor.java:run(188)) - Starting JVM pause monitor
2019-10-02 07:57:01,152 [main] INFO  ozone.HddsDatanodeService (HddsDatanodeService.java:start(184)) - HddsDatanodeService host:pr-hdds-2227-gdpr-vz6hn-2718222164 ip:192.168.164.211
2019-10-02 07:57:01,153 [Datanode State Machine Thread - 0] INFO  datanode.InitDatanodeState (InitDatanodeState.java:persistContainerDatanodeDetails(140)) - DatanodeDetails is persisted to /workdir/hadoop-ozone/integration-test/target/test-dir/MiniOzoneClusterImpl-1b284452-a46a-4ca0-a40f-7c87425d7399/datanode-2/meta/datanode.id
2019-10-02 07:57:01,157 [main] INFO  volume.HddsVolume (HddsVolume.java:<init>(176)) - Creating Volume: /workdir/hadoop-ozone/integration-test/target/test-dir/MiniOzoneClusterImpl-1b284452-a46a-4ca0-a40f-7c87425d7399/datanode-3/data/containers/hdds of  storage type : DISK and capacity : 1482555576320
2019-10-02 07:57:01,157 [main] INFO  volume.VolumeSet (VolumeSet.java:initializeVolumeSet(170)) - Added Volume : /workdir/hadoop-ozone/integration-test/target/test-dir/MiniOzoneClusterImpl-1b284452-a46a-4ca0-a40f-7c87425d7399/datanode-3/data/containers/hdds to VolumeSet
2019-10-02 07:57:01,157 [main] INFO  volume.ThrottledAsyncChecker (ThrottledAsyncChecker.java:schedule(139)) - Scheduling a check for org.apache.hadoop.ozone.container.common.volume.HddsVolume@23e61112
2019-10-02 07:57:01,158 [main] INFO  volume.HddsVolumeChecker (HddsVolumeChecker.java:checkAllVolumes(202)) - Scheduled health check for volume org.apache.hadoop.ozone.container.common.volume.HddsVolume@23e61112
2019-10-02 07:57:01,170 [main] INFO  impl.RaftServerProxy (ConfUtils.java:logGet(43)) - raft.rpc.type = GRPC (default)
2019-10-02 07:57:01,170 [main] INFO  grpc.GrpcFactory (GrpcFactory.java:checkPooledByteBufAllocatorUseCacheForAllThreads(45)) - PERFORMANCE WARNING: useCacheForAllThreads is true that may cause Netty to create a lot garbage objects and, as a result, trigger GC.
	It is recommended to disable useCacheForAllThreads by setting -Dorg.apache.ratis.thirdparty.io.netty.allocator.useCacheForAllThreads=false in command line.
2019-10-02 07:57:01,170 [main] INFO  grpc.GrpcConfigKeys$Server (ConfUtils.java:logGet(43)) - raft.grpc.server.port = 0 (default)
2019-10-02 07:57:01,171 [main] INFO  server.GrpcService (ConfUtils.java:logGet(43)) - raft.grpc.message.size.max = 33570816 (custom)
2019-10-02 07:57:01,171 [main] INFO  server.RaftServerConfigKeys (ConfUtils.java:logGet(43)) - raft.server.log.appender.buffer.byte-limit = 33554432 (custom)
2019-10-02 07:57:01,171 [main] INFO  server.GrpcService (ConfUtils.java:logGet(43)) - raft.grpc.flow.control.window = 1MB (=1048576) (default)
2019-10-02 07:57:01,171 [main] INFO  server.RaftServerConfigKeys (ConfUtils.java:logGet(43)) - raft.server.rpc.request.timeout = 3000ms (default)
2019-10-02 07:57:01,171 [main] INFO  server.RaftServerConfigKeys (ConfUtils.java:logGet(43)) - raft.server.storage.dir = [/workdir/hadoop-ozone/integration-test/target/test-dir/MiniOzoneClusterImpl-1b284452-a46a-4ca0-a40f-7c87425d7399/datanode-3/data/ratis] (custom)
2019-10-02 07:57:01,172 [main] INFO  hdfs.DFSUtil (DFSUtil.java:httpServerTemplateForNNAndJN(1641)) - Starting Web-server for hddsDatanode at: http://0.0.0.0:0
2019-10-02 07:57:01,173 [main] INFO  server.AuthenticationFilter (AuthenticationFilter.java:constructSecretProvider(240)) - Unable to initialize FileSignerSecretProvider, falling back to use random secrets.
2019-10-02 07:57:01,174 [main] WARN  http.HttpRequestLog (HttpRequestLog.java:getRequestLog(97)) - Jetty request log can only be enabled using Log4j
2019-10-02 07:57:01,175 [main] INFO  http.HttpServer2 (HttpServer2.java:addGlobalFilter(975)) - Added global filter 'safety' (class=org.apache.hadoop.http.HttpServer2$QuotingInputFilter)
2019-10-02 07:57:01,175 [main] INFO  http.HttpServer2 (HttpServer2.java:addFilter(948)) - Added filter static_user_filter (class=org.apache.hadoop.http.lib.StaticUserWebFilter$StaticUserFilter) to context hddsDatanode
2019-10-02 07:57:01,175 [main] INFO  http.HttpServer2 (HttpServer2.java:addFilter(958)) - Added filter static_user_filter (class=org.apache.hadoop.http.lib.StaticUserWebFilter$StaticUserFilter) to context static
2019-10-02 07:57:01,176 [main] INFO  http.HttpServer2 (HttpServer2.java:addFilter(958)) - Added filter static_user_filter (class=org.apache.hadoop.http.lib.StaticUserWebFilter$StaticUserFilter) to context logs
2019-10-02 07:57:01,176 [main] INFO  http.HttpServer2 (HttpServer2.java:bindListener(1191)) - Jetty bound to port 33781
2019-10-02 07:57:01,176 [main] INFO  server.Server (Server.java:doStart(351)) - jetty-9.3.25.v20180904, build timestamp: 2018-09-04T21:11:46Z, git hash: 3ce520221d0240229c862b122d2b06c12a625732
2019-10-02 07:57:01,177 [main] INFO  handler.ContextHandler (ContextHandler.java:doStart(781)) - Started o.e.j.s.ServletContextHandler@2ce524d2{/logs,file:///workdir/hadoop-ozone/integration-test/target/log,AVAILABLE}
2019-10-02 07:57:01,178 [main] INFO  handler.ContextHandler (ContextHandler.java:doStart(781)) - Started o.e.j.s.ServletContextHandler@e3899fd{/static,jar:file:/home/user/.m2/repository/org/apache/hadoop/hadoop-hdds-container-service/0.5.0-SNAPSHOT/hadoop-hdds-container-service-0.5.0-SNAPSHOT.jar!/webapps/static,AVAILABLE}
2019-10-02 07:57:01,203 [main] INFO  handler.ContextHandler (ContextHandler.java:doStart(781)) - Started o.e.j.w.WebAppContext@ca7e37f{/,file:///tmp/jetty-0.0.0.0-33781-hddsDatanode-_-any-8226750519154501292.dir/webapp/,AVAILABLE}{/hddsDatanode}
2019-10-02 07:57:01,203 [main] INFO  server.AbstractConnector (AbstractConnector.java:doStart(278)) - Started ServerConnector@99a8de3{HTTP/1.1,[http/1.1]}{0.0.0.0:33781}
2019-10-02 07:57:01,204 [main] INFO  server.Server (Server.java:doStart(419)) - Started @522431ms
2019-10-02 07:57:01,205 [main] WARN  impl.MetricsSystemImpl (MetricsSystemImpl.java:register(276)) - Sink prometheus already exists!
2019-10-02 07:57:01,205 [main] INFO  server.BaseHttpServer (BaseHttpServer.java:updateConnectorAddress(215)) - HTTP server of HDDSDATANODE is listening at http://0.0.0.0:33781
2019-10-02 07:57:01,206 [main] INFO  impl.MetricsSystemImpl (MetricsSystemImpl.java:init(158)) - HddsDatanode metrics system started (again)
2019-10-02 07:57:01,210 [org.apache.hadoop.util.JvmPauseMonitor$Monitor@100ae6c8] INFO  util.JvmPauseMonitor (JvmPauseMonitor.java:run(188)) - Starting JVM pause monitor
2019-10-02 07:57:01,210 [main] INFO  ozone.HddsDatanodeService (HddsDatanodeService.java:start(184)) - HddsDatanodeService host:pr-hdds-2227-gdpr-vz6hn-2718222164 ip:192.168.164.211
2019-10-02 07:57:01,211 [Datanode State Machine Thread - 0] INFO  datanode.InitDatanodeState (InitDatanodeState.java:persistContainerDatanodeDetails(140)) - DatanodeDetails is persisted to /workdir/hadoop-ozone/integration-test/target/test-dir/MiniOzoneClusterImpl-1b284452-a46a-4ca0-a40f-7c87425d7399/datanode-3/meta/datanode.id
2019-10-02 07:57:01,215 [main] INFO  volume.HddsVolume (HddsVolume.java:<init>(176)) - Creating Volume: /workdir/hadoop-ozone/integration-test/target/test-dir/MiniOzoneClusterImpl-1b284452-a46a-4ca0-a40f-7c87425d7399/datanode-4/data/containers/hdds of  storage type : DISK and capacity : 1482555576320
2019-10-02 07:57:01,215 [main] INFO  volume.VolumeSet (VolumeSet.java:initializeVolumeSet(170)) - Added Volume : /workdir/hadoop-ozone/integration-test/target/test-dir/MiniOzoneClusterImpl-1b284452-a46a-4ca0-a40f-7c87425d7399/datanode-4/data/containers/hdds to VolumeSet
2019-10-02 07:57:01,215 [main] INFO  volume.ThrottledAsyncChecker (ThrottledAsyncChecker.java:schedule(139)) - Scheduling a check for org.apache.hadoop.ozone.container.common.volume.HddsVolume@447521e
2019-10-02 07:57:01,216 [main] INFO  volume.HddsVolumeChecker (HddsVolumeChecker.java:checkAllVolumes(202)) - Scheduled health check for volume org.apache.hadoop.ozone.container.common.volume.HddsVolume@447521e
2019-10-02 07:57:01,227 [main] INFO  impl.RaftServerProxy (ConfUtils.java:logGet(43)) - raft.rpc.type = GRPC (default)
2019-10-02 07:57:01,227 [main] INFO  grpc.GrpcFactory (GrpcFactory.java:checkPooledByteBufAllocatorUseCacheForAllThreads(45)) - PERFORMANCE WARNING: useCacheForAllThreads is true that may cause Netty to create a lot garbage objects and, as a result, trigger GC.
	It is recommended to disable useCacheForAllThreads by setting -Dorg.apache.ratis.thirdparty.io.netty.allocator.useCacheForAllThreads=false in command line.
2019-10-02 07:57:01,227 [main] INFO  grpc.GrpcConfigKeys$Server (ConfUtils.java:logGet(43)) - raft.grpc.server.port = 0 (default)
2019-10-02 07:57:01,228 [main] INFO  server.GrpcService (ConfUtils.java:logGet(43)) - raft.grpc.message.size.max = 33570816 (custom)
2019-10-02 07:57:01,228 [main] INFO  server.RaftServerConfigKeys (ConfUtils.java:logGet(43)) - raft.server.log.appender.buffer.byte-limit = 33554432 (custom)
2019-10-02 07:57:01,228 [main] INFO  server.GrpcService (ConfUtils.java:logGet(43)) - raft.grpc.flow.control.window = 1MB (=1048576) (default)
2019-10-02 07:57:01,228 [main] INFO  server.RaftServerConfigKeys (ConfUtils.java:logGet(43)) - raft.server.rpc.request.timeout = 3000ms (default)
2019-10-02 07:57:01,228 [main] INFO  server.RaftServerConfigKeys (ConfUtils.java:logGet(43)) - raft.server.storage.dir = [/workdir/hadoop-ozone/integration-test/target/test-dir/MiniOzoneClusterImpl-1b284452-a46a-4ca0-a40f-7c87425d7399/datanode-4/data/ratis] (custom)
2019-10-02 07:57:01,229 [main] INFO  hdfs.DFSUtil (DFSUtil.java:httpServerTemplateForNNAndJN(1641)) - Starting Web-server for hddsDatanode at: http://0.0.0.0:0
2019-10-02 07:57:01,230 [main] INFO  server.AuthenticationFilter (AuthenticationFilter.java:constructSecretProvider(240)) - Unable to initialize FileSignerSecretProvider, falling back to use random secrets.
2019-10-02 07:57:01,230 [main] WARN  http.HttpRequestLog (HttpRequestLog.java:getRequestLog(97)) - Jetty request log can only be enabled using Log4j
2019-10-02 07:57:01,231 [main] INFO  http.HttpServer2 (HttpServer2.java:addGlobalFilter(975)) - Added global filter 'safety' (class=org.apache.hadoop.http.HttpServer2$QuotingInputFilter)
2019-10-02 07:57:01,232 [main] INFO  http.HttpServer2 (HttpServer2.java:addFilter(948)) - Added filter static_user_filter (class=org.apache.hadoop.http.lib.StaticUserWebFilter$StaticUserFilter) to context hddsDatanode
2019-10-02 07:57:01,232 [main] INFO  http.HttpServer2 (HttpServer2.java:addFilter(958)) - Added filter static_user_filter (class=org.apache.hadoop.http.lib.StaticUserWebFilter$StaticUserFilter) to context logs
2019-10-02 07:57:01,232 [main] INFO  http.HttpServer2 (HttpServer2.java:addFilter(958)) - Added filter static_user_filter (class=org.apache.hadoop.http.lib.StaticUserWebFilter$StaticUserFilter) to context static
2019-10-02 07:57:01,233 [main] INFO  http.HttpServer2 (HttpServer2.java:bindListener(1191)) - Jetty bound to port 45611
2019-10-02 07:57:01,233 [main] INFO  server.Server (Server.java:doStart(351)) - jetty-9.3.25.v20180904, build timestamp: 2018-09-04T21:11:46Z, git hash: 3ce520221d0240229c862b122d2b06c12a625732
2019-10-02 07:57:01,234 [main] INFO  handler.ContextHandler (ContextHandler.java:doStart(781)) - Started o.e.j.s.ServletContextHandler@9408857{/logs,file:///workdir/hadoop-ozone/integration-test/target/log,AVAILABLE}
2019-10-02 07:57:01,234 [main] INFO  handler.ContextHandler (ContextHandler.java:doStart(781)) - Started o.e.j.s.ServletContextHandler@2f09e6b2{/static,jar:file:/home/user/.m2/repository/org/apache/hadoop/hadoop-hdds-container-service/0.5.0-SNAPSHOT/hadoop-hdds-container-service-0.5.0-SNAPSHOT.jar!/webapps/static,AVAILABLE}
2019-10-02 07:57:01,259 [main] INFO  handler.ContextHandler (ContextHandler.java:doStart(781)) - Started o.e.j.w.WebAppContext@1c7f9861{/,file:///tmp/jetty-0.0.0.0-45611-hddsDatanode-_-any-5397269387821873739.dir/webapp/,AVAILABLE}{/hddsDatanode}
2019-10-02 07:57:01,260 [main] INFO  server.AbstractConnector (AbstractConnector.java:doStart(278)) - Started ServerConnector@7a36c83a{HTTP/1.1,[http/1.1]}{0.0.0.0:45611}
2019-10-02 07:57:01,261 [main] INFO  server.Server (Server.java:doStart(419)) - Started @522488ms
2019-10-02 07:57:01,261 [main] WARN  impl.MetricsSystemImpl (MetricsSystemImpl.java:register(276)) - Sink prometheus already exists!
2019-10-02 07:57:01,262 [main] INFO  server.BaseHttpServer (BaseHttpServer.java:updateConnectorAddress(215)) - HTTP server of HDDSDATANODE is listening at http://0.0.0.0:45611
2019-10-02 07:57:01,262 [main] INFO  impl.MetricsSystemImpl (MetricsSystemImpl.java:init(158)) - HddsDatanode metrics system started (again)
2019-10-02 07:57:01,267 [org.apache.hadoop.util.JvmPauseMonitor$Monitor@13537e78] INFO  util.JvmPauseMonitor (JvmPauseMonitor.java:run(188)) - Starting JVM pause monitor
2019-10-02 07:57:01,267 [main] INFO  ozone.HddsDatanodeService (HddsDatanodeService.java:start(184)) - HddsDatanodeService host:pr-hdds-2227-gdpr-vz6hn-2718222164 ip:192.168.164.211
2019-10-02 07:57:01,268 [Datanode State Machine Thread - 0] INFO  datanode.InitDatanodeState (InitDatanodeState.java:persistContainerDatanodeDetails(140)) - DatanodeDetails is persisted to /workdir/hadoop-ozone/integration-test/target/test-dir/MiniOzoneClusterImpl-1b284452-a46a-4ca0-a40f-7c87425d7399/datanode-4/meta/datanode.id
2019-10-02 07:57:01,272 [main] INFO  volume.HddsVolume (HddsVolume.java:<init>(176)) - Creating Volume: /workdir/hadoop-ozone/integration-test/target/test-dir/MiniOzoneClusterImpl-1b284452-a46a-4ca0-a40f-7c87425d7399/datanode-5/data/containers/hdds of  storage type : DISK and capacity : 1482555576320
2019-10-02 07:57:01,272 [main] INFO  volume.VolumeSet (VolumeSet.java:initializeVolumeSet(170)) - Added Volume : /workdir/hadoop-ozone/integration-test/target/test-dir/MiniOzoneClusterImpl-1b284452-a46a-4ca0-a40f-7c87425d7399/datanode-5/data/containers/hdds to VolumeSet
2019-10-02 07:57:01,272 [main] INFO  volume.ThrottledAsyncChecker (ThrottledAsyncChecker.java:schedule(139)) - Scheduling a check for org.apache.hadoop.ozone.container.common.volume.HddsVolume@35563e4c
2019-10-02 07:57:01,273 [main] INFO  volume.HddsVolumeChecker (HddsVolumeChecker.java:checkAllVolumes(202)) - Scheduled health check for volume org.apache.hadoop.ozone.container.common.volume.HddsVolume@35563e4c
2019-10-02 07:57:01,284 [main] INFO  impl.RaftServerProxy (ConfUtils.java:logGet(43)) - raft.rpc.type = GRPC (default)
2019-10-02 07:57:01,284 [main] INFO  grpc.GrpcFactory (GrpcFactory.java:checkPooledByteBufAllocatorUseCacheForAllThreads(45)) - PERFORMANCE WARNING: useCacheForAllThreads is true that may cause Netty to create a lot garbage objects and, as a result, trigger GC.
	It is recommended to disable useCacheForAllThreads by setting -Dorg.apache.ratis.thirdparty.io.netty.allocator.useCacheForAllThreads=false in command line.
2019-10-02 07:57:01,284 [main] INFO  grpc.GrpcConfigKeys$Server (ConfUtils.java:logGet(43)) - raft.grpc.server.port = 0 (default)
2019-10-02 07:57:01,284 [main] INFO  server.GrpcService (ConfUtils.java:logGet(43)) - raft.grpc.message.size.max = 33570816 (custom)
2019-10-02 07:57:01,285 [main] INFO  server.RaftServerConfigKeys (ConfUtils.java:logGet(43)) - raft.server.log.appender.buffer.byte-limit = 33554432 (custom)
2019-10-02 07:57:01,285 [main] INFO  server.GrpcService (ConfUtils.java:logGet(43)) - raft.grpc.flow.control.window = 1MB (=1048576) (default)
2019-10-02 07:57:01,285 [main] INFO  server.RaftServerConfigKeys (ConfUtils.java:logGet(43)) - raft.server.rpc.request.timeout = 3000ms (default)
2019-10-02 07:57:01,285 [main] INFO  server.RaftServerConfigKeys (ConfUtils.java:logGet(43)) - raft.server.storage.dir = [/workdir/hadoop-ozone/integration-test/target/test-dir/MiniOzoneClusterImpl-1b284452-a46a-4ca0-a40f-7c87425d7399/datanode-5/data/ratis] (custom)
2019-10-02 07:57:01,286 [main] INFO  hdfs.DFSUtil (DFSUtil.java:httpServerTemplateForNNAndJN(1641)) - Starting Web-server for hddsDatanode at: http://0.0.0.0:0
2019-10-02 07:57:01,287 [main] INFO  server.AuthenticationFilter (AuthenticationFilter.java:constructSecretProvider(240)) - Unable to initialize FileSignerSecretProvider, falling back to use random secrets.
2019-10-02 07:57:01,287 [main] WARN  http.HttpRequestLog (HttpRequestLog.java:getRequestLog(97)) - Jetty request log can only be enabled using Log4j
2019-10-02 07:57:01,288 [main] INFO  http.HttpServer2 (HttpServer2.java:addGlobalFilter(975)) - Added global filter 'safety' (class=org.apache.hadoop.http.HttpServer2$QuotingInputFilter)
2019-10-02 07:57:01,289 [main] INFO  http.HttpServer2 (HttpServer2.java:addFilter(948)) - Added filter static_user_filter (class=org.apache.hadoop.http.lib.StaticUserWebFilter$StaticUserFilter) to context hddsDatanode
2019-10-02 07:57:01,289 [main] INFO  http.HttpServer2 (HttpServer2.java:addFilter(958)) - Added filter static_user_filter (class=org.apache.hadoop.http.lib.StaticUserWebFilter$StaticUserFilter) to context logs
2019-10-02 07:57:01,289 [main] INFO  http.HttpServer2 (HttpServer2.java:addFilter(958)) - Added filter static_user_filter (class=org.apache.hadoop.http.lib.StaticUserWebFilter$StaticUserFilter) to context static
2019-10-02 07:57:01,289 [main] INFO  http.HttpServer2 (HttpServer2.java:bindListener(1191)) - Jetty bound to port 37759
2019-10-02 07:57:01,290 [main] INFO  server.Server (Server.java:doStart(351)) - jetty-9.3.25.v20180904, build timestamp: 2018-09-04T21:11:46Z, git hash: 3ce520221d0240229c862b122d2b06c12a625732
2019-10-02 07:57:01,291 [main] INFO  handler.ContextHandler (ContextHandler.java:doStart(781)) - Started o.e.j.s.ServletContextHandler@6ce26986{/logs,file:///workdir/hadoop-ozone/integration-test/target/log,AVAILABLE}
2019-10-02 07:57:01,291 [main] INFO  handler.ContextHandler (ContextHandler.java:doStart(781)) - Started o.e.j.s.ServletContextHandler@6d6cd1e0{/static,jar:file:/home/user/.m2/repository/org/apache/hadoop/hadoop-hdds-container-service/0.5.0-SNAPSHOT/hadoop-hdds-container-service-0.5.0-SNAPSHOT.jar!/webapps/static,AVAILABLE}
2019-10-02 07:57:01,316 [main] INFO  handler.ContextHandler (ContextHandler.java:doStart(781)) - Started o.e.j.w.WebAppContext@7cd5fcf4{/,file:///tmp/jetty-0.0.0.0-37759-hddsDatanode-_-any-1075878389773392145.dir/webapp/,AVAILABLE}{/hddsDatanode}
2019-10-02 07:57:01,316 [main] INFO  server.AbstractConnector (AbstractConnector.java:doStart(278)) - Started ServerConnector@19cdc217{HTTP/1.1,[http/1.1]}{0.0.0.0:37759}
2019-10-02 07:57:01,318 [main] INFO  server.Server (Server.java:doStart(419)) - Started @522545ms
2019-10-02 07:57:01,318 [main] WARN  impl.MetricsSystemImpl (MetricsSystemImpl.java:register(276)) - Sink prometheus already exists!
2019-10-02 07:57:01,318 [main] INFO  server.BaseHttpServer (BaseHttpServer.java:updateConnectorAddress(215)) - HTTP server of HDDSDATANODE is listening at http://0.0.0.0:37759
2019-10-02 07:57:01,319 [main] INFO  impl.MetricsSystemImpl (MetricsSystemImpl.java:init(158)) - HddsDatanode metrics system started (again)
2019-10-02 07:57:01,323 [org.apache.hadoop.util.JvmPauseMonitor$Monitor@5eb104e0] INFO  util.JvmPauseMonitor (JvmPauseMonitor.java:run(188)) - Starting JVM pause monitor
2019-10-02 07:57:01,324 [main] INFO  ozone.HddsDatanodeService (HddsDatanodeService.java:start(184)) - HddsDatanodeService host:pr-hdds-2227-gdpr-vz6hn-2718222164 ip:192.168.164.211
2019-10-02 07:57:01,324 [Datanode State Machine Thread - 0] INFO  datanode.InitDatanodeState (InitDatanodeState.java:persistContainerDatanodeDetails(140)) - DatanodeDetails is persisted to /workdir/hadoop-ozone/integration-test/target/test-dir/MiniOzoneClusterImpl-1b284452-a46a-4ca0-a40f-7c87425d7399/datanode-5/meta/datanode.id
2019-10-02 07:57:01,329 [main] INFO  volume.HddsVolume (HddsVolume.java:<init>(176)) - Creating Volume: /workdir/hadoop-ozone/integration-test/target/test-dir/MiniOzoneClusterImpl-1b284452-a46a-4ca0-a40f-7c87425d7399/datanode-6/data/containers/hdds of  storage type : DISK and capacity : 1482555576320
2019-10-02 07:57:01,329 [main] INFO  volume.VolumeSet (VolumeSet.java:initializeVolumeSet(170)) - Added Volume : /workdir/hadoop-ozone/integration-test/target/test-dir/MiniOzoneClusterImpl-1b284452-a46a-4ca0-a40f-7c87425d7399/datanode-6/data/containers/hdds to VolumeSet
2019-10-02 07:57:01,330 [main] INFO  volume.ThrottledAsyncChecker (ThrottledAsyncChecker.java:schedule(139)) - Scheduling a check for org.apache.hadoop.ozone.container.common.volume.HddsVolume@79add732
2019-10-02 07:57:01,330 [main] INFO  volume.HddsVolumeChecker (HddsVolumeChecker.java:checkAllVolumes(202)) - Scheduled health check for volume org.apache.hadoop.ozone.container.common.volume.HddsVolume@79add732
2019-10-02 07:57:01,344 [main] INFO  impl.RaftServerProxy (ConfUtils.java:logGet(43)) - raft.rpc.type = GRPC (default)
2019-10-02 07:57:01,344 [main] INFO  grpc.GrpcFactory (GrpcFactory.java:checkPooledByteBufAllocatorUseCacheForAllThreads(45)) - PERFORMANCE WARNING: useCacheForAllThreads is true that may cause Netty to create a lot garbage objects and, as a result, trigger GC.
	It is recommended to disable useCacheForAllThreads by setting -Dorg.apache.ratis.thirdparty.io.netty.allocator.useCacheForAllThreads=false in command line.
2019-10-02 07:57:01,344 [main] INFO  grpc.GrpcConfigKeys$Server (ConfUtils.java:logGet(43)) - raft.grpc.server.port = 0 (default)
2019-10-02 07:57:01,344 [main] INFO  server.GrpcService (ConfUtils.java:logGet(43)) - raft.grpc.message.size.max = 33570816 (custom)
2019-10-02 07:57:01,345 [main] INFO  server.RaftServerConfigKeys (ConfUtils.java:logGet(43)) - raft.server.log.appender.buffer.byte-limit = 33554432 (custom)
2019-10-02 07:57:01,345 [main] INFO  server.GrpcService (ConfUtils.java:logGet(43)) - raft.grpc.flow.control.window = 1MB (=1048576) (default)
2019-10-02 07:57:01,345 [main] INFO  server.RaftServerConfigKeys (ConfUtils.java:logGet(43)) - raft.server.rpc.request.timeout = 3000ms (default)
2019-10-02 07:57:01,345 [main] INFO  server.RaftServerConfigKeys (ConfUtils.java:logGet(43)) - raft.server.storage.dir = [/workdir/hadoop-ozone/integration-test/target/test-dir/MiniOzoneClusterImpl-1b284452-a46a-4ca0-a40f-7c87425d7399/datanode-6/data/ratis] (custom)
2019-10-02 07:57:01,347 [main] INFO  hdfs.DFSUtil (DFSUtil.java:httpServerTemplateForNNAndJN(1641)) - Starting Web-server for hddsDatanode at: http://0.0.0.0:0
2019-10-02 07:57:01,348 [main] INFO  server.AuthenticationFilter (AuthenticationFilter.java:constructSecretProvider(240)) - Unable to initialize FileSignerSecretProvider, falling back to use random secrets.
2019-10-02 07:57:01,348 [main] WARN  http.HttpRequestLog (HttpRequestLog.java:getRequestLog(97)) - Jetty request log can only be enabled using Log4j
2019-10-02 07:57:01,349 [main] INFO  http.HttpServer2 (HttpServer2.java:addGlobalFilter(975)) - Added global filter 'safety' (class=org.apache.hadoop.http.HttpServer2$QuotingInputFilter)
2019-10-02 07:57:01,350 [main] INFO  http.HttpServer2 (HttpServer2.java:addFilter(948)) - Added filter static_user_filter (class=org.apache.hadoop.http.lib.StaticUserWebFilter$StaticUserFilter) to context hddsDatanode
2019-10-02 07:57:01,350 [main] INFO  http.HttpServer2 (HttpServer2.java:addFilter(958)) - Added filter static_user_filter (class=org.apache.hadoop.http.lib.StaticUserWebFilter$StaticUserFilter) to context static
2019-10-02 07:57:01,350 [main] INFO  http.HttpServer2 (HttpServer2.java:addFilter(958)) - Added filter static_user_filter (class=org.apache.hadoop.http.lib.StaticUserWebFilter$StaticUserFilter) to context logs
2019-10-02 07:57:01,351 [main] INFO  http.HttpServer2 (HttpServer2.java:bindListener(1191)) - Jetty bound to port 40975
2019-10-02 07:57:01,351 [main] INFO  server.Server (Server.java:doStart(351)) - jetty-9.3.25.v20180904, build timestamp: 2018-09-04T21:11:46Z, git hash: 3ce520221d0240229c862b122d2b06c12a625732
2019-10-02 07:57:01,352 [main] INFO  handler.ContextHandler (ContextHandler.java:doStart(781)) - Started o.e.j.s.ServletContextHandler@798cf6d2{/logs,file:///workdir/hadoop-ozone/integration-test/target/log,AVAILABLE}
2019-10-02 07:57:01,352 [main] INFO  handler.ContextHandler (ContextHandler.java:doStart(781)) - Started o.e.j.s.ServletContextHandler@77c66a4f{/static,jar:file:/home/user/.m2/repository/org/apache/hadoop/hadoop-hdds-container-service/0.5.0-SNAPSHOT/hadoop-hdds-container-service-0.5.0-SNAPSHOT.jar!/webapps/static,AVAILABLE}
2019-10-02 07:57:01,389 [main] INFO  handler.ContextHandler (ContextHandler.java:doStart(781)) - Started o.e.j.w.WebAppContext@2b0454d2{/,file:///tmp/jetty-0.0.0.0-40975-hddsDatanode-_-any-3500056147443230120.dir/webapp/,AVAILABLE}{/hddsDatanode}
2019-10-02 07:57:01,389 [main] INFO  server.AbstractConnector (AbstractConnector.java:doStart(278)) - Started ServerConnector@2616b618{HTTP/1.1,[http/1.1]}{0.0.0.0:40975}
2019-10-02 07:57:01,393 [main] INFO  server.Server (Server.java:doStart(419)) - Started @522620ms
2019-10-02 07:57:01,393 [main] WARN  impl.MetricsSystemImpl (MetricsSystemImpl.java:register(276)) - Sink prometheus already exists!
2019-10-02 07:57:01,394 [main] INFO  server.BaseHttpServer (BaseHttpServer.java:updateConnectorAddress(215)) - HTTP server of HDDSDATANODE is listening at http://0.0.0.0:40975
2019-10-02 07:57:01,394 [main] INFO  ozone.MiniOzoneClusterImpl (MiniOzoneClusterImpl.java:lambda$waitForClusterToBeReady$0(147)) - Waiting for cluster to be ready. Got 0 of 7 DN Heartbeats.
2019-10-02 07:57:01,395 [org.apache.hadoop.util.JvmPauseMonitor$Monitor@39f93749] INFO  util.JvmPauseMonitor (JvmPauseMonitor.java:run(188)) - Starting JVM pause monitor
2019-10-02 07:57:01,396 [Datanode State Machine Thread - 0] INFO  datanode.InitDatanodeState (InitDatanodeState.java:persistContainerDatanodeDetails(140)) - DatanodeDetails is persisted to /workdir/hadoop-ozone/integration-test/target/test-dir/MiniOzoneClusterImpl-1b284452-a46a-4ca0-a40f-7c87425d7399/datanode-6/meta/datanode.id
2019-10-02 07:57:02,395 [main] INFO  ozone.MiniOzoneClusterImpl (MiniOzoneClusterImpl.java:lambda$waitForClusterToBeReady$0(147)) - Waiting for cluster to be ready. Got 0 of 7 DN Heartbeats.
2019-10-02 07:57:03,054 [Datanode State Machine Thread - 0] INFO  ozoneimpl.OzoneContainer (OzoneContainer.java:start(217)) - Attempting to start container services.
2019-10-02 07:57:03,055 [Datanode State Machine Thread - 0] INFO  ozoneimpl.OzoneContainer (OzoneContainer.java:startContainerScrub(179)) - Background container scanner has been disabled.
2019-10-02 07:57:03,055 [Datanode State Machine Thread - 0] INFO  ratis.XceiverServerRatis (XceiverServerRatis.java:start(417)) - Starting XceiverServerRatis 40a59037-f13e-442f-b21d-bc75ef3f3ac7 at port 0
2019-10-02 07:57:03,060 [Datanode State Machine Thread - 0] INFO  impl.RaftServerProxy (RaftServerProxy.java:lambda$start$3(299)) - 40a59037-f13e-442f-b21d-bc75ef3f3ac7: start RPC server
2019-10-02 07:57:03,061 [Datanode State Machine Thread - 0] INFO  server.GrpcService (GrpcService.java:startImpl(158)) - 40a59037-f13e-442f-b21d-bc75ef3f3ac7: GrpcService started, listening on 0.0.0.0/0.0.0.0:34005
2019-10-02 07:57:03,062 [Datanode State Machine Thread - 0] INFO  ratis.XceiverServerRatis (XceiverServerRatis.java:start(427)) - XceiverServerRatis 40a59037-f13e-442f-b21d-bc75ef3f3ac7 is started using port 34005
2019-10-02 07:57:03,062 [Datanode State Machine Thread - 0] INFO  server.XceiverServerGrpc (XceiverServerGrpc.java:start(149)) - XceiverServerGrpc 40a59037-f13e-442f-b21d-bc75ef3f3ac7 is started using port 40592
2019-10-02 07:57:03,108 [Datanode State Machine Thread - 0] INFO  ozoneimpl.OzoneContainer (OzoneContainer.java:start(217)) - Attempting to start container services.
2019-10-02 07:57:03,108 [Datanode State Machine Thread - 0] INFO  ozoneimpl.OzoneContainer (OzoneContainer.java:startContainerScrub(179)) - Background container scanner has been disabled.
2019-10-02 07:57:03,108 [Datanode State Machine Thread - 0] INFO  ratis.XceiverServerRatis (XceiverServerRatis.java:start(417)) - Starting XceiverServerRatis 63987b2c-fa7c-4d81-b174-6922948a5118 at port 0
2019-10-02 07:57:03,113 [Datanode State Machine Thread - 0] INFO  impl.RaftServerProxy (RaftServerProxy.java:lambda$start$3(299)) - 63987b2c-fa7c-4d81-b174-6922948a5118: start RPC server
2019-10-02 07:57:03,114 [Datanode State Machine Thread - 0] INFO  server.GrpcService (GrpcService.java:startImpl(158)) - 63987b2c-fa7c-4d81-b174-6922948a5118: GrpcService started, listening on 0.0.0.0/0.0.0.0:36859
2019-10-02 07:57:03,114 [Datanode State Machine Thread - 0] INFO  ratis.XceiverServerRatis (XceiverServerRatis.java:start(427)) - XceiverServerRatis 63987b2c-fa7c-4d81-b174-6922948a5118 is started using port 36859
2019-10-02 07:57:03,115 [Datanode State Machine Thread - 0] INFO  server.XceiverServerGrpc (XceiverServerGrpc.java:start(149)) - XceiverServerGrpc 63987b2c-fa7c-4d81-b174-6922948a5118 is started using port 39498
2019-10-02 07:57:03,165 [Datanode State Machine Thread - 0] INFO  ozoneimpl.OzoneContainer (OzoneContainer.java:start(217)) - Attempting to start container services.
2019-10-02 07:57:03,165 [Datanode State Machine Thread - 0] INFO  ozoneimpl.OzoneContainer (OzoneContainer.java:startContainerScrub(179)) - Background container scanner has been disabled.
2019-10-02 07:57:03,165 [Datanode State Machine Thread - 0] INFO  ratis.XceiverServerRatis (XceiverServerRatis.java:start(417)) - Starting XceiverServerRatis ce132960-38ca-4eb2-a2a4-e2a76adf71a1 at port 0
2019-10-02 07:57:03,171 [Datanode State Machine Thread - 0] INFO  impl.RaftServerProxy (RaftServerProxy.java:lambda$start$3(299)) - ce132960-38ca-4eb2-a2a4-e2a76adf71a1: start RPC server
2019-10-02 07:57:03,173 [Datanode State Machine Thread - 0] INFO  server.GrpcService (GrpcService.java:startImpl(158)) - ce132960-38ca-4eb2-a2a4-e2a76adf71a1: GrpcService started, listening on 0.0.0.0/0.0.0.0:37079
2019-10-02 07:57:03,173 [Datanode State Machine Thread - 0] INFO  ratis.XceiverServerRatis (XceiverServerRatis.java:start(427)) - XceiverServerRatis ce132960-38ca-4eb2-a2a4-e2a76adf71a1 is started using port 37079
2019-10-02 07:57:03,174 [Datanode State Machine Thread - 0] INFO  server.XceiverServerGrpc (XceiverServerGrpc.java:start(149)) - XceiverServerGrpc ce132960-38ca-4eb2-a2a4-e2a76adf71a1 is started using port 45270
2019-10-02 07:57:03,223 [Datanode State Machine Thread - 0] INFO  ozoneimpl.OzoneContainer (OzoneContainer.java:start(217)) - Attempting to start container services.
2019-10-02 07:57:03,224 [Datanode State Machine Thread - 0] INFO  ozoneimpl.OzoneContainer (OzoneContainer.java:startContainerScrub(179)) - Background container scanner has been disabled.
2019-10-02 07:57:03,224 [Datanode State Machine Thread - 0] INFO  ratis.XceiverServerRatis (XceiverServerRatis.java:start(417)) - Starting XceiverServerRatis cc91f4db-3be8-4cd0-9ec5-474e4fe6b7d6 at port 0
2019-10-02 07:57:03,231 [Datanode State Machine Thread - 0] INFO  impl.RaftServerProxy (RaftServerProxy.java:lambda$start$3(299)) - cc91f4db-3be8-4cd0-9ec5-474e4fe6b7d6: start RPC server
2019-10-02 07:57:03,231 [Datanode State Machine Thread - 0] INFO  server.GrpcService (GrpcService.java:startImpl(158)) - cc91f4db-3be8-4cd0-9ec5-474e4fe6b7d6: GrpcService started, listening on 0.0.0.0/0.0.0.0:41477
2019-10-02 07:57:03,231 [Datanode State Machine Thread - 0] INFO  ratis.XceiverServerRatis (XceiverServerRatis.java:start(427)) - XceiverServerRatis cc91f4db-3be8-4cd0-9ec5-474e4fe6b7d6 is started using port 41477
2019-10-02 07:57:03,232 [Datanode State Machine Thread - 0] INFO  server.XceiverServerGrpc (XceiverServerGrpc.java:start(149)) - XceiverServerGrpc cc91f4db-3be8-4cd0-9ec5-474e4fe6b7d6 is started using port 43684
2019-10-02 07:57:03,281 [Datanode State Machine Thread - 0] INFO  ozoneimpl.OzoneContainer (OzoneContainer.java:start(217)) - Attempting to start container services.
2019-10-02 07:57:03,281 [Datanode State Machine Thread - 0] INFO  ozoneimpl.OzoneContainer (OzoneContainer.java:startContainerScrub(179)) - Background container scanner has been disabled.
2019-10-02 07:57:03,281 [Datanode State Machine Thread - 0] INFO  ratis.XceiverServerRatis (XceiverServerRatis.java:start(417)) - Starting XceiverServerRatis 53443156-7e0a-453a-97cc-f5ce78912da9 at port 0
2019-10-02 07:57:03,286 [Datanode State Machine Thread - 0] INFO  impl.RaftServerProxy (RaftServerProxy.java:lambda$start$3(299)) - 53443156-7e0a-453a-97cc-f5ce78912da9: start RPC server
2019-10-02 07:57:03,288 [Datanode State Machine Thread - 0] INFO  server.GrpcService (GrpcService.java:startImpl(158)) - 53443156-7e0a-453a-97cc-f5ce78912da9: GrpcService started, listening on 0.0.0.0/0.0.0.0:40009
2019-10-02 07:57:03,289 [Datanode State Machine Thread - 0] INFO  ratis.XceiverServerRatis (XceiverServerRatis.java:start(427)) - XceiverServerRatis 53443156-7e0a-453a-97cc-f5ce78912da9 is started using port 40009
2019-10-02 07:57:03,289 [Datanode State Machine Thread - 0] INFO  server.XceiverServerGrpc (XceiverServerGrpc.java:start(149)) - XceiverServerGrpc 53443156-7e0a-453a-97cc-f5ce78912da9 is started using port 40467
2019-10-02 07:57:03,339 [Datanode State Machine Thread - 0] INFO  ozoneimpl.OzoneContainer (OzoneContainer.java:start(217)) - Attempting to start container services.
2019-10-02 07:57:03,339 [Datanode State Machine Thread - 0] INFO  ozoneimpl.OzoneContainer (OzoneContainer.java:startContainerScrub(179)) - Background container scanner has been disabled.
2019-10-02 07:57:03,339 [Datanode State Machine Thread - 0] INFO  ratis.XceiverServerRatis (XceiverServerRatis.java:start(417)) - Starting XceiverServerRatis a8a9f66e-aed9-421a-8732-07051f70b119 at port 0
2019-10-02 07:57:03,344 [Datanode State Machine Thread - 0] INFO  impl.RaftServerProxy (RaftServerProxy.java:lambda$start$3(299)) - a8a9f66e-aed9-421a-8732-07051f70b119: start RPC server
2019-10-02 07:57:03,345 [Datanode State Machine Thread - 0] INFO  server.GrpcService (GrpcService.java:startImpl(158)) - a8a9f66e-aed9-421a-8732-07051f70b119: GrpcService started, listening on 0.0.0.0/0.0.0.0:39667
2019-10-02 07:57:03,345 [Datanode State Machine Thread - 0] INFO  ratis.XceiverServerRatis (XceiverServerRatis.java:start(427)) - XceiverServerRatis a8a9f66e-aed9-421a-8732-07051f70b119 is started using port 39667
2019-10-02 07:57:03,358 [Datanode State Machine Thread - 0] INFO  server.XceiverServerGrpc (XceiverServerGrpc.java:start(149)) - XceiverServerGrpc a8a9f66e-aed9-421a-8732-07051f70b119 is started using port 41458
2019-10-02 07:57:03,395 [main] INFO  ozone.MiniOzoneClusterImpl (MiniOzoneClusterImpl.java:lambda$waitForClusterToBeReady$0(147)) - Waiting for cluster to be ready. Got 0 of 7 DN Heartbeats.
2019-10-02 07:57:03,410 [Datanode State Machine Thread - 0] INFO  ozoneimpl.OzoneContainer (OzoneContainer.java:start(217)) - Attempting to start container services.
2019-10-02 07:57:03,410 [Datanode State Machine Thread - 0] INFO  ozoneimpl.OzoneContainer (OzoneContainer.java:startContainerScrub(179)) - Background container scanner has been disabled.
2019-10-02 07:57:03,410 [Datanode State Machine Thread - 0] INFO  ratis.XceiverServerRatis (XceiverServerRatis.java:start(417)) - Starting XceiverServerRatis e6be78b6-b565-477b-bb8f-df1e8b94e3c2 at port 0
2019-10-02 07:57:03,417 [Datanode State Machine Thread - 0] INFO  impl.RaftServerProxy (RaftServerProxy.java:lambda$start$3(299)) - e6be78b6-b565-477b-bb8f-df1e8b94e3c2: start RPC server
2019-10-02 07:57:03,417 [Datanode State Machine Thread - 0] INFO  server.GrpcService (GrpcService.java:startImpl(158)) - e6be78b6-b565-477b-bb8f-df1e8b94e3c2: GrpcService started, listening on 0.0.0.0/0.0.0.0:33442
2019-10-02 07:57:03,417 [Datanode State Machine Thread - 0] INFO  ratis.XceiverServerRatis (XceiverServerRatis.java:start(427)) - XceiverServerRatis e6be78b6-b565-477b-bb8f-df1e8b94e3c2 is started using port 33442
2019-10-02 07:57:03,420 [Datanode State Machine Thread - 0] INFO  server.XceiverServerGrpc (XceiverServerGrpc.java:start(149)) - XceiverServerGrpc e6be78b6-b565-477b-bb8f-df1e8b94e3c2 is started using port 42550
2019-10-02 07:57:04,396 [main] INFO  ozone.MiniOzoneClusterImpl (MiniOzoneClusterImpl.java:lambda$waitForClusterToBeReady$0(147)) - Waiting for cluster to be ready. Got 0 of 7 DN Heartbeats.
2019-10-02 07:57:05,042 [IPC Server handler 2 on 33862] INFO  net.NetworkTopology (NetworkTopologyImpl.java:add(111)) - Added a new node: /default-rack/40a59037-f13e-442f-b21d-bc75ef3f3ac7
2019-10-02 07:57:05,044 [IPC Server handler 2 on 33862] INFO  node.SCMNodeManager (SCMNodeManager.java:register(266)) - Registered Data node : 40a59037-f13e-442f-b21d-bc75ef3f3ac7{ip: 192.168.164.211, host: pr-hdds-2227-gdpr-vz6hn-2718222164, networkLocation: /default-rack, certSerialId: null}
2019-10-02 07:57:05,045 [EventQueue-NodeRegistrationContainerReportForDataNodeSafeModeRule] INFO  safemode.SCMSafeModeManager (DataNodeSafeModeRule.java:process(71)) - SCM in safe mode. 1 DataNodes registered, 1 required.
2019-10-02 07:57:05,047 [EventQueue-NodeRegistrationContainerReportForDataNodeSafeModeRule] INFO  safemode.SCMSafeModeManager (SCMSafeModeManager.java:validateSafeModeExitRules(177)) - ScmSafeModeManager, all rules are successfully validated
2019-10-02 07:57:05,047 [EventQueue-NodeRegistrationContainerReportForDataNodeSafeModeRule] INFO  safemode.SCMSafeModeManager (SCMSafeModeManager.java:exitSafeMode(193)) - SCM exiting safe mode.
2019-10-02 07:57:05,068 [grpc-default-executor-8] INFO  impl.RaftServerProxy (RaftServerProxy.java:addNew(89)) - 40a59037-f13e-442f-b21d-bc75ef3f3ac7: addNew group-682F2627757E:[40a59037-f13e-442f-b21d-bc75ef3f3ac7:192.168.164.211:34005] returns group-682F2627757E:java.util.concurrent.CompletableFuture@4382897f[Not completed]
2019-10-02 07:57:05,070 [pool-409-thread-1] INFO  impl.RaftServerImpl (RaftServerImpl.java:<init>(95)) - 40a59037-f13e-442f-b21d-bc75ef3f3ac7: new RaftServerImpl for group-682F2627757E:[40a59037-f13e-442f-b21d-bc75ef3f3ac7:192.168.164.211:34005] with ContainerStateMachine:uninitialized
2019-10-02 07:57:05,070 [pool-409-thread-1] INFO  server.RaftServerConfigKeys (ConfUtils.java:logGet(43)) - raft.server.rpc.timeout.min = 5s (custom)
2019-10-02 07:57:05,070 [pool-409-thread-1] INFO  server.RaftServerConfigKeys (ConfUtils.java:logGet(43)) - raft.server.rpc.timeout.max = 5200ms (custom)
2019-10-02 07:57:05,070 [pool-409-thread-1] INFO  server.RaftServerConfigKeys (ConfUtils.java:logGet(43)) - raft.server.rpcslowness.timeout = 120s (custom)
2019-10-02 07:57:05,070 [pool-409-thread-1] INFO  server.RaftServerConfigKeys (ConfUtils.java:logGet(43)) - raft.server.sleep.deviation.threshold = 300 (default)
2019-10-02 07:57:05,071 [pool-409-thread-1] INFO  server.RaftServerConfigKeys (ConfUtils.java:logGet(43)) - raft.server.log.appender.install.snapshot.enabled = false (custom)
2019-10-02 07:57:05,071 [pool-409-thread-1] INFO  impl.RaftServerImpl (ServerState.java:<init>(103)) - 40a59037-f13e-442f-b21d-bc75ef3f3ac7@group-682F2627757E: ConfigurationManager, init=-1: [40a59037-f13e-442f-b21d-bc75ef3f3ac7:192.168.164.211:34005], old=null, confs=<EMPTY_MAP>
2019-10-02 07:57:05,071 [pool-409-thread-1] INFO  server.RaftServerConfigKeys (ConfUtils.java:logGet(43)) - raft.server.storage.dir = [/workdir/hadoop-ozone/integration-test/target/test-dir/MiniOzoneClusterImpl-1b284452-a46a-4ca0-a40f-7c87425d7399/datanode-0/data/ratis] (custom)
2019-10-02 07:57:05,071 [pool-409-thread-1] INFO  server.RaftServerConfigKeys (ConfUtils.java:logGet(43)) - raft.server.log.corruption.policy = EXCEPTION (default)
2019-10-02 07:57:05,071 [pool-409-thread-1] INFO  storage.RaftStorageDirectory (RaftStorageDirectory.java:analyzeStorage(246)) - The storage directory /workdir/hadoop-ozone/integration-test/target/test-dir/MiniOzoneClusterImpl-1b284452-a46a-4ca0-a40f-7c87425d7399/datanode-0/data/ratis/443e1528-21f2-4719-8ab1-682f2627757e does not exist. Creating ...
2019-10-02 07:57:05,084 [pool-409-thread-1] INFO  storage.RaftStorageDirectory (RaftStorageDirectory.java:tryLock(328)) - Lock on /workdir/hadoop-ozone/integration-test/target/test-dir/MiniOzoneClusterImpl-1b284452-a46a-4ca0-a40f-7c87425d7399/datanode-0/data/ratis/443e1528-21f2-4719-8ab1-682f2627757e/in_use.lock acquired by nodename 2838@pr-hdds-2227-gdpr-vz6hn-2718222164
2019-10-02 07:57:05,094 [IPC Server handler 4 on 33862] INFO  net.NetworkTopology (NetworkTopologyImpl.java:add(111)) - Added a new node: /default-rack/63987b2c-fa7c-4d81-b174-6922948a5118
2019-10-02 07:57:05,094 [IPC Server handler 4 on 33862] INFO  node.SCMNodeManager (SCMNodeManager.java:register(266)) - Registered Data node : 63987b2c-fa7c-4d81-b174-6922948a5118{ip: 192.168.164.211, host: pr-hdds-2227-gdpr-vz6hn-2718222164, networkLocation: /default-rack, certSerialId: null}
2019-10-02 07:57:05,096 [pool-409-thread-1] INFO  storage.RaftStorage (RaftStorage.java:format(84)) - Storage directory /workdir/hadoop-ozone/integration-test/target/test-dir/MiniOzoneClusterImpl-1b284452-a46a-4ca0-a40f-7c87425d7399/datanode-0/data/ratis/443e1528-21f2-4719-8ab1-682f2627757e has been successfully formatted.
2019-10-02 07:57:05,097 [pool-409-thread-1] INFO  ratis.ContainerStateMachine (ContainerStateMachine.java:loadSnapshot(230)) - group-682F2627757E: The snapshot info is null. Setting the last applied indexto:(t:0, i:~)
2019-10-02 07:57:05,097 [pool-409-thread-1] INFO  server.RaftServerConfigKeys (ConfUtils.java:logGet(43)) - raft.server.notification.no-leader.timeout = 120s (custom)
2019-10-02 07:57:05,097 [pool-409-thread-1] INFO  server.RaftServerConfigKeys (ConfUtils.java:logGet(43)) - raft.server.log.use.memory = false (default)
2019-10-02 07:57:05,097 [pool-409-thread-1] INFO  server.RaftServerConfigKeys (ConfUtils.java:logGet(43)) - raft.server.log.purge.gap = 1000000 (custom)
2019-10-02 07:57:05,098 [pool-409-thread-1] INFO  server.RaftServerConfigKeys (ConfUtils.java:logGet(43)) - raft.server.log.appender.buffer.byte-limit = 33554432 (custom)
2019-10-02 07:57:05,098 [pool-409-thread-1] INFO  server.RaftServerConfigKeys (ConfUtils.java:logGet(43)) - raft.server.log.segment.size.max = 1048576 (custom)
2019-10-02 07:57:05,100 [pool-409-thread-1] INFO  server.RaftServerConfigKeys (ConfUtils.java:logGet(43)) - raft.server.log.segment.cache.num.max = 2 (custom)
2019-10-02 07:57:05,100 [pool-409-thread-1] INFO  segmented.SegmentedRaftLogWorker (SegmentedRaftLogWorker.java:<init>(173)) - new 40a59037-f13e-442f-b21d-bc75ef3f3ac7@group-682F2627757E-SegmentedRaftLogWorker for RaftStorage:Storage Directory /workdir/hadoop-ozone/integration-test/target/test-dir/MiniOzoneClusterImpl-1b284452-a46a-4ca0-a40f-7c87425d7399/datanode-0/data/ratis/443e1528-21f2-4719-8ab1-682f2627757e
2019-10-02 07:57:05,100 [pool-409-thread-1] INFO  server.RaftServerConfigKeys (ConfUtils.java:logGet(43)) - raft.server.log.queue.byte-limit = 2147483647 (custom)
2019-10-02 07:57:05,100 [pool-409-thread-1] INFO  server.RaftServerConfigKeys (ConfUtils.java:logGet(43)) - raft.server.log.queue.element-limit = 1024 (custom)
2019-10-02 07:57:05,100 [pool-409-thread-1] INFO  server.RaftServerConfigKeys (ConfUtils.java:logGet(43)) - raft.server.log.segment.size.max = 1048576 (custom)
2019-10-02 07:57:05,100 [pool-409-thread-1] INFO  server.RaftServerConfigKeys (ConfUtils.java:logGet(43)) - raft.server.log.preallocated.size = 16384 (custom)
2019-10-02 07:57:05,100 [pool-409-thread-1] INFO  server.RaftServerConfigKeys (ConfUtils.java:logGet(43)) - raft.server.log.write.buffer.size = 33554432 (custom)
2019-10-02 07:57:05,100 [pool-409-thread-1] INFO  server.RaftServerConfigKeys (ConfUtils.java:logGet(43)) - raft.server.log.force.sync.num = 128 (default)
2019-10-02 07:57:05,100 [pool-409-thread-1] INFO  server.RaftServerConfigKeys (ConfUtils.java:logGet(43)) - raft.server.log.statemachine.data.sync = true (default)
2019-10-02 07:57:05,100 [pool-409-thread-1] INFO  server.RaftServerConfigKeys (ConfUtils.java:logGet(43)) - raft.server.log.statemachine.data.sync.timeout = 10s (default)
2019-10-02 07:57:05,101 [pool-409-thread-1] INFO  server.RaftServerConfigKeys (ConfUtils.java:logGet(43)) - raft.server.log.statemachine.data.sync.timeout.retry = -1 (default)
2019-10-02 07:57:05,101 [pool-409-thread-1] INFO  server.RaftServerConfigKeys (ConfUtils.java:logGet(43)) - raft.server.log.statemachine.data.caching.enabled = true (custom)
2019-10-02 07:57:05,101 [pool-409-thread-1] INFO  segmented.SegmentedRaftLogWorker (SegmentedRaftLogWorker.java:lambda$new$0(128)) - 40a59037-f13e-442f-b21d-bc75ef3f3ac7@group-682F2627757E-SegmentedRaftLogWorker: flushIndex: setUnconditionally 0 -> -1
2019-10-02 07:57:05,101 [pool-409-thread-1] INFO  server.RaftServerConfigKeys (ConfUtils.java:logGet(43)) - raft.server.snapshot.auto.trigger.enabled = true (custom)
2019-10-02 07:57:05,102 [pool-409-thread-1] INFO  server.RaftServerConfigKeys (ConfUtils.java:logGet(43)) - raft.server.snapshot.auto.trigger.threshold = 10000 (custom)
2019-10-02 07:57:05,102 [pool-409-thread-1] INFO  server.RaftServerConfigKeys (ConfUtils.java:logGet(43)) - raft.server.snapshot.retention.file.num = 5 (custom)
2019-10-02 07:57:05,102 [pool-409-thread-1] INFO  server.RaftServerConfigKeys (ConfUtils.java:logGet(43)) - raft.server.retrycache.expirytime = 600000ms (custom)
2019-10-02 07:57:05,103 [pool-409-thread-1] INFO  impl.RaftServerImpl (RaftServerImpl.java:start(181)) - 40a59037-f13e-442f-b21d-bc75ef3f3ac7@group-682F2627757E: start as a follower, conf=-1: [40a59037-f13e-442f-b21d-bc75ef3f3ac7:192.168.164.211:34005], old=null
2019-10-02 07:57:05,103 [pool-409-thread-1] INFO  impl.RaftServerImpl (RaftServerImpl.java:setRole(170)) - 40a59037-f13e-442f-b21d-bc75ef3f3ac7@group-682F2627757E: changes role from      null to FOLLOWER at term 0 for startAsFollower
2019-10-02 07:57:05,103 [pool-409-thread-1] INFO  impl.RoleInfo (RoleInfo.java:updateAndGet(143)) - 40a59037-f13e-442f-b21d-bc75ef3f3ac7: start FollowerState
2019-10-02 07:57:05,104 [pool-409-thread-1] INFO  util.JmxRegister (JmxRegister.java:tryRegister(44)) - Successfully registered JMX Bean with object name Ratis:service=RaftServer,group=group-682F2627757E,id=40a59037-f13e-442f-b21d-bc75ef3f3ac7
2019-10-02 07:57:05,108 [RatisPipelineUtilsThread] INFO  pipeline.PipelineStateManager (PipelineStateManager.java:addPipeline(56)) - Created pipeline Pipeline[ Id: 443e1528-21f2-4719-8ab1-682f2627757e, Nodes: 40a59037-f13e-442f-b21d-bc75ef3f3ac7{ip: 192.168.164.211, host: pr-hdds-2227-gdpr-vz6hn-2718222164, networkLocation: /default-rack, certSerialId: null}, Type:RATIS, Factor:ONE, State:OPEN]
2019-10-02 07:57:05,117 [grpc-default-executor-8] INFO  impl.RaftServerProxy (RaftServerProxy.java:addNew(89)) - 63987b2c-fa7c-4d81-b174-6922948a5118: addNew group-ED2DD6E4A53C:[63987b2c-fa7c-4d81-b174-6922948a5118:192.168.164.211:36859] returns group-ED2DD6E4A53C:java.util.concurrent.CompletableFuture@32d09741[Not completed]
2019-10-02 07:57:05,118 [pool-419-thread-1] INFO  impl.RaftServerImpl (RaftServerImpl.java:<init>(95)) - 63987b2c-fa7c-4d81-b174-6922948a5118: new RaftServerImpl for group-ED2DD6E4A53C:[63987b2c-fa7c-4d81-b174-6922948a5118:192.168.164.211:36859] with ContainerStateMachine:uninitialized
2019-10-02 07:57:05,118 [pool-419-thread-1] INFO  server.RaftServerConfigKeys (ConfUtils.java:logGet(43)) - raft.server.rpc.timeout.min = 5s (custom)
2019-10-02 07:57:05,118 [pool-419-thread-1] INFO  server.RaftServerConfigKeys (ConfUtils.java:logGet(43)) - raft.server.rpc.timeout.max = 5200ms (custom)
2019-10-02 07:57:05,118 [pool-419-thread-1] INFO  server.RaftServerConfigKeys (ConfUtils.java:logGet(43)) - raft.server.rpcslowness.timeout = 120s (custom)
2019-10-02 07:57:05,118 [pool-419-thread-1] INFO  server.RaftServerConfigKeys (ConfUtils.java:logGet(43)) - raft.server.sleep.deviation.threshold = 300 (default)
2019-10-02 07:57:05,118 [pool-419-thread-1] INFO  server.RaftServerConfigKeys (ConfUtils.java:logGet(43)) - raft.server.log.appender.install.snapshot.enabled = false (custom)
2019-10-02 07:57:05,118 [pool-419-thread-1] INFO  impl.RaftServerImpl (ServerState.java:<init>(103)) - 63987b2c-fa7c-4d81-b174-6922948a5118@group-ED2DD6E4A53C: ConfigurationManager, init=-1: [63987b2c-fa7c-4d81-b174-6922948a5118:192.168.164.211:36859], old=null, confs=<EMPTY_MAP>
2019-10-02 07:57:05,119 [pool-419-thread-1] INFO  server.RaftServerConfigKeys (ConfUtils.java:logGet(43)) - raft.server.storage.dir = [/workdir/hadoop-ozone/integration-test/target/test-dir/MiniOzoneClusterImpl-1b284452-a46a-4ca0-a40f-7c87425d7399/datanode-1/data/ratis] (custom)
2019-10-02 07:57:05,119 [pool-419-thread-1] INFO  server.RaftServerConfigKeys (ConfUtils.java:logGet(43)) - raft.server.log.corruption.policy = EXCEPTION (default)
2019-10-02 07:57:05,119 [pool-419-thread-1] INFO  storage.RaftStorageDirectory (RaftStorageDirectory.java:analyzeStorage(246)) - The storage directory /workdir/hadoop-ozone/integration-test/target/test-dir/MiniOzoneClusterImpl-1b284452-a46a-4ca0-a40f-7c87425d7399/datanode-1/data/ratis/f437e9b7-cb2b-4984-9d14-ed2dd6e4a53c does not exist. Creating ...
2019-10-02 07:57:05,131 [pool-419-thread-1] INFO  storage.RaftStorageDirectory (RaftStorageDirectory.java:tryLock(328)) - Lock on /workdir/hadoop-ozone/integration-test/target/test-dir/MiniOzoneClusterImpl-1b284452-a46a-4ca0-a40f-7c87425d7399/datanode-1/data/ratis/f437e9b7-cb2b-4984-9d14-ed2dd6e4a53c/in_use.lock acquired by nodename 2838@pr-hdds-2227-gdpr-vz6hn-2718222164
2019-10-02 07:57:05,144 [pool-419-thread-1] INFO  storage.RaftStorage (RaftStorage.java:format(84)) - Storage directory /workdir/hadoop-ozone/integration-test/target/test-dir/MiniOzoneClusterImpl-1b284452-a46a-4ca0-a40f-7c87425d7399/datanode-1/data/ratis/f437e9b7-cb2b-4984-9d14-ed2dd6e4a53c has been successfully formatted.
2019-10-02 07:57:05,144 [pool-419-thread-1] INFO  ratis.ContainerStateMachine (ContainerStateMachine.java:loadSnapshot(230)) - group-ED2DD6E4A53C: The snapshot info is null. Setting the last applied indexto:(t:0, i:~)
2019-10-02 07:57:05,144 [pool-419-thread-1] INFO  server.RaftServerConfigKeys (ConfUtils.java:logGet(43)) - raft.server.notification.no-leader.timeout = 120s (custom)
2019-10-02 07:57:05,144 [pool-419-thread-1] INFO  server.RaftServerConfigKeys (ConfUtils.java:logGet(43)) - raft.server.log.use.memory = false (default)
2019-10-02 07:57:05,144 [pool-419-thread-1] INFO  server.RaftServerConfigKeys (ConfUtils.java:logGet(43)) - raft.server.log.purge.gap = 1000000 (custom)
2019-10-02 07:57:05,144 [pool-419-thread-1] INFO  server.RaftServerConfigKeys (ConfUtils.java:logGet(43)) - raft.server.log.appender.buffer.byte-limit = 33554432 (custom)
2019-10-02 07:57:05,144 [pool-419-thread-1] INFO  server.RaftServerConfigKeys (ConfUtils.java:logGet(43)) - raft.server.log.segment.size.max = 1048576 (custom)
2019-10-02 07:57:05,145 [pool-419-thread-1] INFO  server.RaftServerConfigKeys (ConfUtils.java:logGet(43)) - raft.server.log.segment.cache.num.max = 2 (custom)
2019-10-02 07:57:05,145 [pool-419-thread-1] INFO  segmented.SegmentedRaftLogWorker (SegmentedRaftLogWorker.java:<init>(173)) - new 63987b2c-fa7c-4d81-b174-6922948a5118@group-ED2DD6E4A53C-SegmentedRaftLogWorker for RaftStorage:Storage Directory /workdir/hadoop-ozone/integration-test/target/test-dir/MiniOzoneClusterImpl-1b284452-a46a-4ca0-a40f-7c87425d7399/datanode-1/data/ratis/f437e9b7-cb2b-4984-9d14-ed2dd6e4a53c
2019-10-02 07:57:05,145 [pool-419-thread-1] INFO  server.RaftServerConfigKeys (ConfUtils.java:logGet(43)) - raft.server.log.queue.byte-limit = 2147483647 (custom)
2019-10-02 07:57:05,146 [pool-419-thread-1] INFO  server.RaftServerConfigKeys (ConfUtils.java:logGet(43)) - raft.server.log.queue.element-limit = 1024 (custom)
2019-10-02 07:57:05,146 [pool-419-thread-1] INFO  server.RaftServerConfigKeys (ConfUtils.java:logGet(43)) - raft.server.log.segment.size.max = 1048576 (custom)
2019-10-02 07:57:05,146 [pool-419-thread-1] INFO  server.RaftServerConfigKeys (ConfUtils.java:logGet(43)) - raft.server.log.preallocated.size = 16384 (custom)
2019-10-02 07:57:05,146 [pool-419-thread-1] INFO  server.RaftServerConfigKeys (ConfUtils.java:logGet(43)) - raft.server.log.write.buffer.size = 33554432 (custom)
2019-10-02 07:57:05,146 [pool-419-thread-1] INFO  server.RaftServerConfigKeys (ConfUtils.java:logGet(43)) - raft.server.log.force.sync.num = 128 (default)
2019-10-02 07:57:05,146 [pool-419-thread-1] INFO  server.RaftServerConfigKeys (ConfUtils.java:logGet(43)) - raft.server.log.statemachine.data.sync = true (default)
2019-10-02 07:57:05,146 [pool-419-thread-1] INFO  server.RaftServerConfigKeys (ConfUtils.java:logGet(43)) - raft.server.log.statemachine.data.sync.timeout = 10s (default)
2019-10-02 07:57:05,146 [pool-419-thread-1] INFO  server.RaftServerConfigKeys (ConfUtils.java:logGet(43)) - raft.server.log.statemachine.data.sync.timeout.retry = -1 (default)
2019-10-02 07:57:05,146 [pool-419-thread-1] INFO  server.RaftServerConfigKeys (ConfUtils.java:logGet(43)) - raft.server.log.statemachine.data.caching.enabled = true (custom)
2019-10-02 07:57:05,147 [pool-419-thread-1] INFO  segmented.SegmentedRaftLogWorker (SegmentedRaftLogWorker.java:lambda$new$0(128)) - 63987b2c-fa7c-4d81-b174-6922948a5118@group-ED2DD6E4A53C-SegmentedRaftLogWorker: flushIndex: setUnconditionally 0 -> -1
2019-10-02 07:57:05,147 [pool-419-thread-1] INFO  server.RaftServerConfigKeys (ConfUtils.java:logGet(43)) - raft.server.snapshot.auto.trigger.enabled = true (custom)
2019-10-02 07:57:05,147 [pool-419-thread-1] INFO  server.RaftServerConfigKeys (ConfUtils.java:logGet(43)) - raft.server.snapshot.auto.trigger.threshold = 10000 (custom)
2019-10-02 07:57:05,147 [pool-419-thread-1] INFO  server.RaftServerConfigKeys (ConfUtils.java:logGet(43)) - raft.server.snapshot.retention.file.num = 5 (custom)
2019-10-02 07:57:05,147 [pool-419-thread-1] INFO  server.RaftServerConfigKeys (ConfUtils.java:logGet(43)) - raft.server.retrycache.expirytime = 600000ms (custom)
2019-10-02 07:57:05,148 [pool-419-thread-1] INFO  impl.RaftServerImpl (RaftServerImpl.java:start(181)) - 63987b2c-fa7c-4d81-b174-6922948a5118@group-ED2DD6E4A53C: start as a follower, conf=-1: [63987b2c-fa7c-4d81-b174-6922948a5118:192.168.164.211:36859], old=null
2019-10-02 07:57:05,148 [pool-419-thread-1] INFO  impl.RaftServerImpl (RaftServerImpl.java:setRole(170)) - 63987b2c-fa7c-4d81-b174-6922948a5118@group-ED2DD6E4A53C: changes role from      null to FOLLOWER at term 0 for startAsFollower
2019-10-02 07:57:05,148 [pool-419-thread-1] INFO  impl.RoleInfo (RoleInfo.java:updateAndGet(143)) - 63987b2c-fa7c-4d81-b174-6922948a5118: start FollowerState
2019-10-02 07:57:05,148 [pool-419-thread-1] INFO  util.JmxRegister (JmxRegister.java:tryRegister(44)) - Successfully registered JMX Bean with object name Ratis:service=RaftServer,group=group-ED2DD6E4A53C,id=63987b2c-fa7c-4d81-b174-6922948a5118
2019-10-02 07:57:05,151 [RatisPipelineUtilsThread] INFO  pipeline.PipelineStateManager (PipelineStateManager.java:addPipeline(56)) - Created pipeline Pipeline[ Id: f437e9b7-cb2b-4984-9d14-ed2dd6e4a53c, Nodes: 63987b2c-fa7c-4d81-b174-6922948a5118{ip: 192.168.164.211, host: pr-hdds-2227-gdpr-vz6hn-2718222164, networkLocation: /default-rack, certSerialId: null}, Type:RATIS, Factor:ONE, State:OPEN]
2019-10-02 07:57:05,157 [IPC Server handler 5 on 33862] INFO  net.NetworkTopology (NetworkTopologyImpl.java:add(111)) - Added a new node: /default-rack/ce132960-38ca-4eb2-a2a4-e2a76adf71a1
2019-10-02 07:57:05,157 [IPC Server handler 5 on 33862] INFO  node.SCMNodeManager (SCMNodeManager.java:register(266)) - Registered Data node : ce132960-38ca-4eb2-a2a4-e2a76adf71a1{ip: 192.168.164.211, host: pr-hdds-2227-gdpr-vz6hn-2718222164, networkLocation: /default-rack, certSerialId: null}
2019-10-02 07:57:05,162 [grpc-default-executor-8] INFO  impl.RaftServerProxy (RaftServerProxy.java:addNew(89)) - ce132960-38ca-4eb2-a2a4-e2a76adf71a1: addNew group-70962D47B60B:[ce132960-38ca-4eb2-a2a4-e2a76adf71a1:192.168.164.211:37079] returns group-70962D47B60B:java.util.concurrent.CompletableFuture@165bbf87[Not completed]
2019-10-02 07:57:05,164 [pool-429-thread-1] INFO  impl.RaftServerImpl (RaftServerImpl.java:<init>(95)) - ce132960-38ca-4eb2-a2a4-e2a76adf71a1: new RaftServerImpl for group-70962D47B60B:[ce132960-38ca-4eb2-a2a4-e2a76adf71a1:192.168.164.211:37079] with ContainerStateMachine:uninitialized
2019-10-02 07:57:05,164 [pool-429-thread-1] INFO  server.RaftServerConfigKeys (ConfUtils.java:logGet(43)) - raft.server.rpc.timeout.min = 5s (custom)
2019-10-02 07:57:05,164 [pool-429-thread-1] INFO  server.RaftServerConfigKeys (ConfUtils.java:logGet(43)) - raft.server.rpc.timeout.max = 5200ms (custom)
2019-10-02 07:57:05,164 [pool-429-thread-1] INFO  server.RaftServerConfigKeys (ConfUtils.java:logGet(43)) - raft.server.rpcslowness.timeout = 120s (custom)
2019-10-02 07:57:05,164 [pool-429-thread-1] INFO  server.RaftServerConfigKeys (ConfUtils.java:logGet(43)) - raft.server.sleep.deviation.threshold = 300 (default)
2019-10-02 07:57:05,164 [pool-429-thread-1] INFO  server.RaftServerConfigKeys (ConfUtils.java:logGet(43)) - raft.server.log.appender.install.snapshot.enabled = false (custom)
2019-10-02 07:57:05,165 [pool-429-thread-1] INFO  impl.RaftServerImpl (ServerState.java:<init>(103)) - ce132960-38ca-4eb2-a2a4-e2a76adf71a1@group-70962D47B60B: ConfigurationManager, init=-1: [ce132960-38ca-4eb2-a2a4-e2a76adf71a1:192.168.164.211:37079], old=null, confs=<EMPTY_MAP>
2019-10-02 07:57:05,165 [pool-429-thread-1] INFO  server.RaftServerConfigKeys (ConfUtils.java:logGet(43)) - raft.server.storage.dir = [/workdir/hadoop-ozone/integration-test/target/test-dir/MiniOzoneClusterImpl-1b284452-a46a-4ca0-a40f-7c87425d7399/datanode-2/data/ratis] (custom)
2019-10-02 07:57:05,165 [pool-429-thread-1] INFO  server.RaftServerConfigKeys (ConfUtils.java:logGet(43)) - raft.server.log.corruption.policy = EXCEPTION (default)
2019-10-02 07:57:05,165 [pool-429-thread-1] INFO  storage.RaftStorageDirectory (RaftStorageDirectory.java:analyzeStorage(246)) - The storage directory /workdir/hadoop-ozone/integration-test/target/test-dir/MiniOzoneClusterImpl-1b284452-a46a-4ca0-a40f-7c87425d7399/datanode-2/data/ratis/ec73676f-d506-488f-8e33-70962d47b60b does not exist. Creating ...
2019-10-02 07:57:05,178 [pool-429-thread-1] INFO  storage.RaftStorageDirectory (RaftStorageDirectory.java:tryLock(328)) - Lock on /workdir/hadoop-ozone/integration-test/target/test-dir/MiniOzoneClusterImpl-1b284452-a46a-4ca0-a40f-7c87425d7399/datanode-2/data/ratis/ec73676f-d506-488f-8e33-70962d47b60b/in_use.lock acquired by nodename 2838@pr-hdds-2227-gdpr-vz6hn-2718222164
2019-10-02 07:57:05,191 [pool-429-thread-1] INFO  storage.RaftStorage (RaftStorage.java:format(84)) - Storage directory /workdir/hadoop-ozone/integration-test/target/test-dir/MiniOzoneClusterImpl-1b284452-a46a-4ca0-a40f-7c87425d7399/datanode-2/data/ratis/ec73676f-d506-488f-8e33-70962d47b60b has been successfully formatted.
2019-10-02 07:57:05,191 [pool-429-thread-1] INFO  ratis.ContainerStateMachine (ContainerStateMachine.java:loadSnapshot(230)) - group-70962D47B60B: The snapshot info is null. Setting the last applied indexto:(t:0, i:~)
2019-10-02 07:57:05,191 [pool-429-thread-1] INFO  server.RaftServerConfigKeys (ConfUtils.java:logGet(43)) - raft.server.notification.no-leader.timeout = 120s (custom)
2019-10-02 07:57:05,191 [pool-429-thread-1] INFO  server.RaftServerConfigKeys (ConfUtils.java:logGet(43)) - raft.server.log.use.memory = false (default)
2019-10-02 07:57:05,192 [pool-429-thread-1] INFO  server.RaftServerConfigKeys (ConfUtils.java:logGet(43)) - raft.server.log.purge.gap = 1000000 (custom)
2019-10-02 07:57:05,192 [pool-429-thread-1] INFO  server.RaftServerConfigKeys (ConfUtils.java:logGet(43)) - raft.server.log.appender.buffer.byte-limit = 33554432 (custom)
2019-10-02 07:57:05,192 [pool-429-thread-1] INFO  server.RaftServerConfigKeys (ConfUtils.java:logGet(43)) - raft.server.log.segment.size.max = 1048576 (custom)
2019-10-02 07:57:05,194 [pool-429-thread-1] INFO  server.RaftServerConfigKeys (ConfUtils.java:logGet(43)) - raft.server.log.segment.cache.num.max = 2 (custom)
2019-10-02 07:57:05,194 [pool-429-thread-1] INFO  segmented.SegmentedRaftLogWorker (SegmentedRaftLogWorker.java:<init>(173)) - new ce132960-38ca-4eb2-a2a4-e2a76adf71a1@group-70962D47B60B-SegmentedRaftLogWorker for RaftStorage:Storage Directory /workdir/hadoop-ozone/integration-test/target/test-dir/MiniOzoneClusterImpl-1b284452-a46a-4ca0-a40f-7c87425d7399/datanode-2/data/ratis/ec73676f-d506-488f-8e33-70962d47b60b
2019-10-02 07:57:05,194 [pool-429-thread-1] INFO  server.RaftServerConfigKeys (ConfUtils.java:logGet(43)) - raft.server.log.queue.byte-limit = 2147483647 (custom)
2019-10-02 07:57:05,194 [pool-429-thread-1] INFO  server.RaftServerConfigKeys (ConfUtils.java:logGet(43)) - raft.server.log.queue.element-limit = 1024 (custom)
2019-10-02 07:57:05,194 [pool-429-thread-1] INFO  server.RaftServerConfigKeys (ConfUtils.java:logGet(43)) - raft.server.log.segment.size.max = 1048576 (custom)
2019-10-02 07:57:05,194 [pool-429-thread-1] INFO  server.RaftServerConfigKeys (ConfUtils.java:logGet(43)) - raft.server.log.preallocated.size = 16384 (custom)
2019-10-02 07:57:05,195 [pool-429-thread-1] INFO  server.RaftServerConfigKeys (ConfUtils.java:logGet(43)) - raft.server.log.write.buffer.size = 33554432 (custom)
2019-10-02 07:57:05,195 [pool-429-thread-1] INFO  server.RaftServerConfigKeys (ConfUtils.java:logGet(43)) - raft.server.log.force.sync.num = 128 (default)
2019-10-02 07:57:05,195 [pool-429-thread-1] INFO  server.RaftServerConfigKeys (ConfUtils.java:logGet(43)) - raft.server.log.statemachine.data.sync = true (default)
2019-10-02 07:57:05,195 [pool-429-thread-1] INFO  server.RaftServerConfigKeys (ConfUtils.java:logGet(43)) - raft.server.log.statemachine.data.sync.timeout = 10s (default)
2019-10-02 07:57:05,195 [pool-429-thread-1] INFO  server.RaftServerConfigKeys (ConfUtils.java:logGet(43)) - raft.server.log.statemachine.data.sync.timeout.retry = -1 (default)
2019-10-02 07:57:05,196 [pool-429-thread-1] INFO  server.RaftServerConfigKeys (ConfUtils.java:logGet(43)) - raft.server.log.statemachine.data.caching.enabled = true (custom)
2019-10-02 07:57:05,196 [pool-429-thread-1] INFO  segmented.SegmentedRaftLogWorker (SegmentedRaftLogWorker.java:lambda$new$0(128)) - ce132960-38ca-4eb2-a2a4-e2a76adf71a1@group-70962D47B60B-SegmentedRaftLogWorker: flushIndex: setUnconditionally 0 -> -1
2019-10-02 07:57:05,196 [pool-429-thread-1] INFO  server.RaftServerConfigKeys (ConfUtils.java:logGet(43)) - raft.server.snapshot.auto.trigger.enabled = true (custom)
2019-10-02 07:57:05,197 [pool-429-thread-1] INFO  server.RaftServerConfigKeys (ConfUtils.java:logGet(43)) - raft.server.snapshot.auto.trigger.threshold = 10000 (custom)
2019-10-02 07:57:05,197 [pool-429-thread-1] INFO  server.RaftServerConfigKeys (ConfUtils.java:logGet(43)) - raft.server.snapshot.retention.file.num = 5 (custom)
2019-10-02 07:57:05,197 [pool-429-thread-1] INFO  server.RaftServerConfigKeys (ConfUtils.java:logGet(43)) - raft.server.retrycache.expirytime = 600000ms (custom)
2019-10-02 07:57:05,199 [pool-429-thread-1] INFO  impl.RaftServerImpl (RaftServerImpl.java:start(181)) - ce132960-38ca-4eb2-a2a4-e2a76adf71a1@group-70962D47B60B: start as a follower, conf=-1: [ce132960-38ca-4eb2-a2a4-e2a76adf71a1:192.168.164.211:37079], old=null
2019-10-02 07:57:05,199 [pool-429-thread-1] INFO  impl.RaftServerImpl (RaftServerImpl.java:setRole(170)) - ce132960-38ca-4eb2-a2a4-e2a76adf71a1@group-70962D47B60B: changes role from      null to FOLLOWER at term 0 for startAsFollower
2019-10-02 07:57:05,199 [pool-429-thread-1] INFO  impl.RoleInfo (RoleInfo.java:updateAndGet(143)) - ce132960-38ca-4eb2-a2a4-e2a76adf71a1: start FollowerState
2019-10-02 07:57:05,199 [pool-429-thread-1] INFO  util.JmxRegister (JmxRegister.java:tryRegister(44)) - Successfully registered JMX Bean with object name Ratis:service=RaftServer,group=group-70962D47B60B,id=ce132960-38ca-4eb2-a2a4-e2a76adf71a1
2019-10-02 07:57:05,202 [RatisPipelineUtilsThread] INFO  pipeline.PipelineStateManager (PipelineStateManager.java:addPipeline(56)) - Created pipeline Pipeline[ Id: ec73676f-d506-488f-8e33-70962d47b60b, Nodes: ce132960-38ca-4eb2-a2a4-e2a76adf71a1{ip: 192.168.164.211, host: pr-hdds-2227-gdpr-vz6hn-2718222164, networkLocation: /default-rack, certSerialId: null}, Type:RATIS, Factor:ONE, State:OPEN]
2019-10-02 07:57:05,211 [IPC Server handler 6 on 33862] INFO  net.NetworkTopology (NetworkTopologyImpl.java:add(111)) - Added a new node: /default-rack/cc91f4db-3be8-4cd0-9ec5-474e4fe6b7d6
2019-10-02 07:57:05,212 [IPC Server handler 6 on 33862] INFO  node.SCMNodeManager (SCMNodeManager.java:register(266)) - Registered Data node : cc91f4db-3be8-4cd0-9ec5-474e4fe6b7d6{ip: 192.168.164.211, host: pr-hdds-2227-gdpr-vz6hn-2718222164, networkLocation: /default-rack, certSerialId: null}
2019-10-02 07:57:05,212 [grpc-default-executor-6] INFO  impl.RaftServerProxy (RaftServerProxy.java:addNew(89)) - ce132960-38ca-4eb2-a2a4-e2a76adf71a1: addNew group-93B5B54A08F6:[ce132960-38ca-4eb2-a2a4-e2a76adf71a1:192.168.164.211:37079, 40a59037-f13e-442f-b21d-bc75ef3f3ac7:192.168.164.211:34005, 63987b2c-fa7c-4d81-b174-6922948a5118:192.168.164.211:36859] returns group-93B5B54A08F6:java.util.concurrent.CompletableFuture@164cc948[Not completed]
2019-10-02 07:57:05,212 [grpc-default-executor-8] INFO  impl.RaftServerProxy (RaftServerProxy.java:addNew(89)) - 40a59037-f13e-442f-b21d-bc75ef3f3ac7: addNew group-93B5B54A08F6:[ce132960-38ca-4eb2-a2a4-e2a76adf71a1:192.168.164.211:37079, 40a59037-f13e-442f-b21d-bc75ef3f3ac7:192.168.164.211:34005, 63987b2c-fa7c-4d81-b174-6922948a5118:192.168.164.211:36859] returns group-93B5B54A08F6:java.util.concurrent.CompletableFuture@41e63449[Not completed]
2019-10-02 07:57:05,212 [grpc-default-executor-6] INFO  impl.RaftServerProxy (RaftServerProxy.java:addNew(89)) - 63987b2c-fa7c-4d81-b174-6922948a5118: addNew group-93B5B54A08F6:[ce132960-38ca-4eb2-a2a4-e2a76adf71a1:192.168.164.211:37079, 40a59037-f13e-442f-b21d-bc75ef3f3ac7:192.168.164.211:34005, 63987b2c-fa7c-4d81-b174-6922948a5118:192.168.164.211:36859] returns group-93B5B54A08F6:java.util.concurrent.CompletableFuture@26d6b325[Not completed]
2019-10-02 07:57:05,213 [pool-409-thread-1] INFO  impl.RaftServerImpl (RaftServerImpl.java:<init>(95)) - 40a59037-f13e-442f-b21d-bc75ef3f3ac7: new RaftServerImpl for group-93B5B54A08F6:[ce132960-38ca-4eb2-a2a4-e2a76adf71a1:192.168.164.211:37079, 40a59037-f13e-442f-b21d-bc75ef3f3ac7:192.168.164.211:34005, 63987b2c-fa7c-4d81-b174-6922948a5118:192.168.164.211:36859] with ContainerStateMachine:uninitialized
2019-10-02 07:57:05,213 [pool-409-thread-1] INFO  server.RaftServerConfigKeys (ConfUtils.java:logGet(43)) - raft.server.rpc.timeout.min = 5s (custom)
2019-10-02 07:57:05,213 [pool-409-thread-1] INFO  server.RaftServerConfigKeys (ConfUtils.java:logGet(43)) - raft.server.rpc.timeout.max = 5200ms (custom)
2019-10-02 07:57:05,213 [pool-409-thread-1] INFO  server.RaftServerConfigKeys (ConfUtils.java:logGet(43)) - raft.server.rpcslowness.timeout = 120s (custom)
2019-10-02 07:57:05,214 [pool-409-thread-1] INFO  server.RaftServerConfigKeys (ConfUtils.java:logGet(43)) - raft.server.sleep.deviation.threshold = 300 (default)
2019-10-02 07:57:05,214 [pool-429-thread-1] INFO  impl.RaftServerImpl (RaftServerImpl.java:<init>(95)) - ce132960-38ca-4eb2-a2a4-e2a76adf71a1: new RaftServerImpl for group-93B5B54A08F6:[ce132960-38ca-4eb2-a2a4-e2a76adf71a1:192.168.164.211:37079, 40a59037-f13e-442f-b21d-bc75ef3f3ac7:192.168.164.211:34005, 63987b2c-fa7c-4d81-b174-6922948a5118:192.168.164.211:36859] with ContainerStateMachine:uninitialized
2019-10-02 07:57:05,214 [pool-409-thread-1] INFO  server.RaftServerConfigKeys (ConfUtils.java:logGet(43)) - raft.server.log.appender.install.snapshot.enabled = false (custom)
2019-10-02 07:57:05,214 [pool-429-thread-1] INFO  server.RaftServerConfigKeys (ConfUtils.java:logGet(43)) - raft.server.rpc.timeout.min = 5s (custom)
2019-10-02 07:57:05,214 [pool-419-thread-1] INFO  impl.RaftServerImpl (RaftServerImpl.java:<init>(95)) - 63987b2c-fa7c-4d81-b174-6922948a5118: new RaftServerImpl for group-93B5B54A08F6:[ce132960-38ca-4eb2-a2a4-e2a76adf71a1:192.168.164.211:37079, 40a59037-f13e-442f-b21d-bc75ef3f3ac7:192.168.164.211:34005, 63987b2c-fa7c-4d81-b174-6922948a5118:192.168.164.211:36859] with ContainerStateMachine:uninitialized
2019-10-02 07:57:05,214 [pool-409-thread-1] INFO  impl.RaftServerImpl (ServerState.java:<init>(103)) - 40a59037-f13e-442f-b21d-bc75ef3f3ac7@group-93B5B54A08F6: ConfigurationManager, init=-1: [ce132960-38ca-4eb2-a2a4-e2a76adf71a1:192.168.164.211:37079, 40a59037-f13e-442f-b21d-bc75ef3f3ac7:192.168.164.211:34005, 63987b2c-fa7c-4d81-b174-6922948a5118:192.168.164.211:36859], old=null, confs=<EMPTY_MAP>
2019-10-02 07:57:05,214 [pool-419-thread-1] INFO  server.RaftServerConfigKeys (ConfUtils.java:logGet(43)) - raft.server.rpc.timeout.min = 5s (custom)
2019-10-02 07:57:05,214 [pool-409-thread-1] INFO  server.RaftServerConfigKeys (ConfUtils.java:logGet(43)) - raft.server.storage.dir = [/workdir/hadoop-ozone/integration-test/target/test-dir/MiniOzoneClusterImpl-1b284452-a46a-4ca0-a40f-7c87425d7399/datanode-0/data/ratis] (custom)
2019-10-02 07:57:05,214 [pool-429-thread-1] INFO  server.RaftServerConfigKeys (ConfUtils.java:logGet(43)) - raft.server.rpc.timeout.max = 5200ms (custom)
2019-10-02 07:57:05,214 [pool-419-thread-1] INFO  server.RaftServerConfigKeys (ConfUtils.java:logGet(43)) - raft.server.rpc.timeout.max = 5200ms (custom)
2019-10-02 07:57:05,215 [pool-409-thread-1] INFO  server.RaftServerConfigKeys (ConfUtils.java:logGet(43)) - raft.server.log.corruption.policy = EXCEPTION (default)
2019-10-02 07:57:05,215 [pool-429-thread-1] INFO  server.RaftServerConfigKeys (ConfUtils.java:logGet(43)) - raft.server.rpcslowness.timeout = 120s (custom)
2019-10-02 07:57:05,215 [pool-409-thread-1] INFO  storage.RaftStorageDirectory (RaftStorageDirectory.java:analyzeStorage(246)) - The storage directory /workdir/hadoop-ozone/integration-test/target/test-dir/MiniOzoneClusterImpl-1b284452-a46a-4ca0-a40f-7c87425d7399/datanode-0/data/ratis/a3896473-9433-42a5-ae19-93b5b54a08f6 does not exist. Creating ...
2019-10-02 07:57:05,215 [pool-419-thread-1] INFO  server.RaftServerConfigKeys (ConfUtils.java:logGet(43)) - raft.server.rpcslowness.timeout = 120s (custom)
2019-10-02 07:57:05,215 [pool-429-thread-1] INFO  server.RaftServerConfigKeys (ConfUtils.java:logGet(43)) - raft.server.sleep.deviation.threshold = 300 (default)
2019-10-02 07:57:05,215 [pool-419-thread-1] INFO  server.RaftServerConfigKeys (ConfUtils.java:logGet(43)) - raft.server.sleep.deviation.threshold = 300 (default)
2019-10-02 07:57:05,215 [pool-429-thread-1] INFO  server.RaftServerConfigKeys (ConfUtils.java:logGet(43)) - raft.server.log.appender.install.snapshot.enabled = false (custom)
2019-10-02 07:57:05,215 [pool-419-thread-1] INFO  server.RaftServerConfigKeys (ConfUtils.java:logGet(43)) - raft.server.log.appender.install.snapshot.enabled = false (custom)
2019-10-02 07:57:05,215 [pool-429-thread-1] INFO  impl.RaftServerImpl (ServerState.java:<init>(103)) - ce132960-38ca-4eb2-a2a4-e2a76adf71a1@group-93B5B54A08F6: ConfigurationManager, init=-1: [ce132960-38ca-4eb2-a2a4-e2a76adf71a1:192.168.164.211:37079, 40a59037-f13e-442f-b21d-bc75ef3f3ac7:192.168.164.211:34005, 63987b2c-fa7c-4d81-b174-6922948a5118:192.168.164.211:36859], old=null, confs=<EMPTY_MAP>
2019-10-02 07:57:05,215 [pool-419-thread-1] INFO  impl.RaftServerImpl (ServerState.java:<init>(103)) - 63987b2c-fa7c-4d81-b174-6922948a5118@group-93B5B54A08F6: ConfigurationManager, init=-1: [ce132960-38ca-4eb2-a2a4-e2a76adf71a1:192.168.164.211:37079, 40a59037-f13e-442f-b21d-bc75ef3f3ac7:192.168.164.211:34005, 63987b2c-fa7c-4d81-b174-6922948a5118:192.168.164.211:36859], old=null, confs=<EMPTY_MAP>
2019-10-02 07:57:05,215 [pool-429-thread-1] INFO  server.RaftServerConfigKeys (ConfUtils.java:logGet(43)) - raft.server.storage.dir = [/workdir/hadoop-ozone/integration-test/target/test-dir/MiniOzoneClusterImpl-1b284452-a46a-4ca0-a40f-7c87425d7399/datanode-2/data/ratis] (custom)
2019-10-02 07:57:05,215 [pool-419-thread-1] INFO  server.RaftServerConfigKeys (ConfUtils.java:logGet(43)) - raft.server.storage.dir = [/workdir/hadoop-ozone/integration-test/target/test-dir/MiniOzoneClusterImpl-1b284452-a46a-4ca0-a40f-7c87425d7399/datanode-1/data/ratis] (custom)
2019-10-02 07:57:05,216 [pool-429-thread-1] INFO  server.RaftServerConfigKeys (ConfUtils.java:logGet(43)) - raft.server.log.corruption.policy = EXCEPTION (default)
2019-10-02 07:57:05,216 [pool-419-thread-1] INFO  server.RaftServerConfigKeys (ConfUtils.java:logGet(43)) - raft.server.log.corruption.policy = EXCEPTION (default)
2019-10-02 07:57:05,216 [pool-429-thread-1] INFO  storage.RaftStorageDirectory (RaftStorageDirectory.java:analyzeStorage(246)) - The storage directory /workdir/hadoop-ozone/integration-test/target/test-dir/MiniOzoneClusterImpl-1b284452-a46a-4ca0-a40f-7c87425d7399/datanode-2/data/ratis/a3896473-9433-42a5-ae19-93b5b54a08f6 does not exist. Creating ...
2019-10-02 07:57:05,216 [pool-419-thread-1] INFO  storage.RaftStorageDirectory (RaftStorageDirectory.java:analyzeStorage(246)) - The storage directory /workdir/hadoop-ozone/integration-test/target/test-dir/MiniOzoneClusterImpl-1b284452-a46a-4ca0-a40f-7c87425d7399/datanode-1/data/ratis/a3896473-9433-42a5-ae19-93b5b54a08f6 does not exist. Creating ...
2019-10-02 07:57:05,240 [pool-429-thread-1] INFO  storage.RaftStorageDirectory (RaftStorageDirectory.java:tryLock(328)) - Lock on /workdir/hadoop-ozone/integration-test/target/test-dir/MiniOzoneClusterImpl-1b284452-a46a-4ca0-a40f-7c87425d7399/datanode-2/data/ratis/a3896473-9433-42a5-ae19-93b5b54a08f6/in_use.lock acquired by nodename 2838@pr-hdds-2227-gdpr-vz6hn-2718222164
2019-10-02 07:57:05,240 [pool-409-thread-1] INFO  storage.RaftStorageDirectory (RaftStorageDirectory.java:tryLock(328)) - Lock on /workdir/hadoop-ozone/integration-test/target/test-dir/MiniOzoneClusterImpl-1b284452-a46a-4ca0-a40f-7c87425d7399/datanode-0/data/ratis/a3896473-9433-42a5-ae19-93b5b54a08f6/in_use.lock acquired by nodename 2838@pr-hdds-2227-gdpr-vz6hn-2718222164
2019-10-02 07:57:05,240 [pool-419-thread-1] INFO  storage.RaftStorageDirectory (RaftStorageDirectory.java:tryLock(328)) - Lock on /workdir/hadoop-ozone/integration-test/target/test-dir/MiniOzoneClusterImpl-1b284452-a46a-4ca0-a40f-7c87425d7399/datanode-1/data/ratis/a3896473-9433-42a5-ae19-93b5b54a08f6/in_use.lock acquired by nodename 2838@pr-hdds-2227-gdpr-vz6hn-2718222164
2019-10-02 07:57:05,253 [pool-419-thread-1] INFO  storage.RaftStorage (RaftStorage.java:format(84)) - Storage directory /workdir/hadoop-ozone/integration-test/target/test-dir/MiniOzoneClusterImpl-1b284452-a46a-4ca0-a40f-7c87425d7399/datanode-1/data/ratis/a3896473-9433-42a5-ae19-93b5b54a08f6 has been successfully formatted.
2019-10-02 07:57:05,254 [pool-429-thread-1] INFO  storage.RaftStorage (RaftStorage.java:format(84)) - Storage directory /workdir/hadoop-ozone/integration-test/target/test-dir/MiniOzoneClusterImpl-1b284452-a46a-4ca0-a40f-7c87425d7399/datanode-2/data/ratis/a3896473-9433-42a5-ae19-93b5b54a08f6 has been successfully formatted.
2019-10-02 07:57:05,253 [pool-409-thread-1] INFO  storage.RaftStorage (RaftStorage.java:format(84)) - Storage directory /workdir/hadoop-ozone/integration-test/target/test-dir/MiniOzoneClusterImpl-1b284452-a46a-4ca0-a40f-7c87425d7399/datanode-0/data/ratis/a3896473-9433-42a5-ae19-93b5b54a08f6 has been successfully formatted.
2019-10-02 07:57:05,254 [pool-419-thread-1] INFO  ratis.ContainerStateMachine (ContainerStateMachine.java:loadSnapshot(230)) - group-93B5B54A08F6: The snapshot info is null. Setting the last applied indexto:(t:0, i:~)
2019-10-02 07:57:05,254 [pool-429-thread-1] INFO  ratis.ContainerStateMachine (ContainerStateMachine.java:loadSnapshot(230)) - group-93B5B54A08F6: The snapshot info is null. Setting the last applied indexto:(t:0, i:~)
2019-10-02 07:57:05,254 [pool-419-thread-1] INFO  server.RaftServerConfigKeys (ConfUtils.java:logGet(43)) - raft.server.notification.no-leader.timeout = 120s (custom)
2019-10-02 07:57:05,254 [pool-409-thread-1] INFO  ratis.ContainerStateMachine (ContainerStateMachine.java:loadSnapshot(230)) - group-93B5B54A08F6: The snapshot info is null. Setting the last applied indexto:(t:0, i:~)
2019-10-02 07:57:05,254 [pool-419-thread-1] INFO  server.RaftServerConfigKeys (ConfUtils.java:logGet(43)) - raft.server.log.use.memory = false (default)
2019-10-02 07:57:05,254 [pool-429-thread-1] INFO  server.RaftServerConfigKeys (ConfUtils.java:logGet(43)) - raft.server.notification.no-leader.timeout = 120s (custom)
2019-10-02 07:57:05,254 [pool-419-thread-1] INFO  server.RaftServerConfigKeys (ConfUtils.java:logGet(43)) - raft.server.log.purge.gap = 1000000 (custom)
2019-10-02 07:57:05,254 [pool-409-thread-1] INFO  server.RaftServerConfigKeys (ConfUtils.java:logGet(43)) - raft.server.notification.no-leader.timeout = 120s (custom)
2019-10-02 07:57:05,255 [pool-419-thread-1] INFO  server.RaftServerConfigKeys (ConfUtils.java:logGet(43)) - raft.server.log.appender.buffer.byte-limit = 33554432 (custom)
2019-10-02 07:57:05,254 [pool-429-thread-1] INFO  server.RaftServerConfigKeys (ConfUtils.java:logGet(43)) - raft.server.log.use.memory = false (default)
2019-10-02 07:57:05,255 [pool-419-thread-1] INFO  server.RaftServerConfigKeys (ConfUtils.java:logGet(43)) - raft.server.log.segment.size.max = 1048576 (custom)
2019-10-02 07:57:05,255 [pool-409-thread-1] INFO  server.RaftServerConfigKeys (ConfUtils.java:logGet(43)) - raft.server.log.use.memory = false (default)
2019-10-02 07:57:05,255 [pool-419-thread-1] INFO  server.RaftServerConfigKeys (ConfUtils.java:logGet(43)) - raft.server.log.segment.cache.num.max = 2 (custom)
2019-10-02 07:57:05,255 [pool-429-thread-1] INFO  server.RaftServerConfigKeys (ConfUtils.java:logGet(43)) - raft.server.log.purge.gap = 1000000 (custom)
2019-10-02 07:57:05,255 [pool-419-thread-1] INFO  segmented.SegmentedRaftLogWorker (SegmentedRaftLogWorker.java:<init>(173)) - new 63987b2c-fa7c-4d81-b174-6922948a5118@group-93B5B54A08F6-SegmentedRaftLogWorker for RaftStorage:Storage Directory /workdir/hadoop-ozone/integration-test/target/test-dir/MiniOzoneClusterImpl-1b284452-a46a-4ca0-a40f-7c87425d7399/datanode-1/data/ratis/a3896473-9433-42a5-ae19-93b5b54a08f6
2019-10-02 07:57:05,255 [pool-409-thread-1] INFO  server.RaftServerConfigKeys (ConfUtils.java:logGet(43)) - raft.server.log.purge.gap = 1000000 (custom)
2019-10-02 07:57:05,255 [pool-419-thread-1] INFO  server.RaftServerConfigKeys (ConfUtils.java:logGet(43)) - raft.server.log.queue.byte-limit = 2147483647 (custom)
2019-10-02 07:57:05,255 [pool-429-thread-1] INFO  server.RaftServerConfigKeys (ConfUtils.java:logGet(43)) - raft.server.log.appender.buffer.byte-limit = 33554432 (custom)
2019-10-02 07:57:05,255 [pool-419-thread-1] INFO  server.RaftServerConfigKeys (ConfUtils.java:logGet(43)) - raft.server.log.queue.element-limit = 1024 (custom)
2019-10-02 07:57:05,255 [pool-409-thread-1] INFO  server.RaftServerConfigKeys (ConfUtils.java:logGet(43)) - raft.server.log.appender.buffer.byte-limit = 33554432 (custom)
2019-10-02 07:57:05,256 [pool-419-thread-1] INFO  server.RaftServerConfigKeys (ConfUtils.java:logGet(43)) - raft.server.log.segment.size.max = 1048576 (custom)
2019-10-02 07:57:05,256 [pool-429-thread-1] INFO  server.RaftServerConfigKeys (ConfUtils.java:logGet(43)) - raft.server.log.segment.size.max = 1048576 (custom)
2019-10-02 07:57:05,256 [pool-419-thread-1] INFO  server.RaftServerConfigKeys (ConfUtils.java:logGet(43)) - raft.server.log.preallocated.size = 16384 (custom)
2019-10-02 07:57:05,256 [pool-409-thread-1] INFO  server.RaftServerConfigKeys (ConfUtils.java:logGet(43)) - raft.server.log.segment.size.max = 1048576 (custom)
2019-10-02 07:57:05,256 [pool-419-thread-1] INFO  server.RaftServerConfigKeys (ConfUtils.java:logGet(43)) - raft.server.log.write.buffer.size = 33554432 (custom)
2019-10-02 07:57:05,256 [pool-429-thread-1] INFO  server.RaftServerConfigKeys (ConfUtils.java:logGet(43)) - raft.server.log.segment.cache.num.max = 2 (custom)
2019-10-02 07:57:05,256 [pool-419-thread-1] INFO  server.RaftServerConfigKeys (ConfUtils.java:logGet(43)) - raft.server.log.force.sync.num = 128 (default)
2019-10-02 07:57:05,256 [pool-409-thread-1] INFO  server.RaftServerConfigKeys (ConfUtils.java:logGet(43)) - raft.server.log.segment.cache.num.max = 2 (custom)
2019-10-02 07:57:05,256 [pool-419-thread-1] INFO  server.RaftServerConfigKeys (ConfUtils.java:logGet(43)) - raft.server.log.statemachine.data.sync = true (default)
2019-10-02 07:57:05,256 [pool-429-thread-1] INFO  segmented.SegmentedRaftLogWorker (SegmentedRaftLogWorker.java:<init>(173)) - new ce132960-38ca-4eb2-a2a4-e2a76adf71a1@group-93B5B54A08F6-SegmentedRaftLogWorker for RaftStorage:Storage Directory /workdir/hadoop-ozone/integration-test/target/test-dir/MiniOzoneClusterImpl-1b284452-a46a-4ca0-a40f-7c87425d7399/datanode-2/data/ratis/a3896473-9433-42a5-ae19-93b5b54a08f6
2019-10-02 07:57:05,257 [pool-419-thread-1] INFO  server.RaftServerConfigKeys (ConfUtils.java:logGet(43)) - raft.server.log.statemachine.data.sync.timeout = 10s (default)
2019-10-02 07:57:05,256 [pool-409-thread-1] INFO  segmented.SegmentedRaftLogWorker (SegmentedRaftLogWorker.java:<init>(173)) - new 40a59037-f13e-442f-b21d-bc75ef3f3ac7@group-93B5B54A08F6-SegmentedRaftLogWorker for RaftStorage:Storage Directory /workdir/hadoop-ozone/integration-test/target/test-dir/MiniOzoneClusterImpl-1b284452-a46a-4ca0-a40f-7c87425d7399/datanode-0/data/ratis/a3896473-9433-42a5-ae19-93b5b54a08f6
2019-10-02 07:57:05,257 [pool-419-thread-1] INFO  server.RaftServerConfigKeys (ConfUtils.java:logGet(43)) - raft.server.log.statemachine.data.sync.timeout.retry = -1 (default)
2019-10-02 07:57:05,257 [pool-429-thread-1] INFO  server.RaftServerConfigKeys (ConfUtils.java:logGet(43)) - raft.server.log.queue.byte-limit = 2147483647 (custom)
2019-10-02 07:57:05,257 [pool-419-thread-1] INFO  server.RaftServerConfigKeys (ConfUtils.java:logGet(43)) - raft.server.log.statemachine.data.caching.enabled = true (custom)
2019-10-02 07:57:05,257 [pool-409-thread-1] INFO  server.RaftServerConfigKeys (ConfUtils.java:logGet(43)) - raft.server.log.queue.byte-limit = 2147483647 (custom)
2019-10-02 07:57:05,257 [pool-429-thread-1] INFO  server.RaftServerConfigKeys (ConfUtils.java:logGet(43)) - raft.server.log.queue.element-limit = 1024 (custom)
2019-10-02 07:57:05,257 [pool-419-thread-1] INFO  segmented.SegmentedRaftLogWorker (SegmentedRaftLogWorker.java:lambda$new$0(128)) - 63987b2c-fa7c-4d81-b174-6922948a5118@group-93B5B54A08F6-SegmentedRaftLogWorker: flushIndex: setUnconditionally 0 -> -1
2019-10-02 07:57:05,257 [pool-409-thread-1] INFO  server.RaftServerConfigKeys (ConfUtils.java:logGet(43)) - raft.server.log.queue.element-limit = 1024 (custom)
2019-10-02 07:57:05,257 [pool-429-thread-1] INFO  server.RaftServerConfigKeys (ConfUtils.java:logGet(43)) - raft.server.log.segment.size.max = 1048576 (custom)
2019-10-02 07:57:05,258 [pool-419-thread-1] INFO  server.RaftServerConfigKeys (ConfUtils.java:logGet(43)) - raft.server.snapshot.auto.trigger.enabled = true (custom)
2019-10-02 07:57:05,258 [pool-409-thread-1] INFO  server.RaftServerConfigKeys (ConfUtils.java:logGet(43)) - raft.server.log.segment.size.max = 1048576 (custom)
2019-10-02 07:57:05,258 [pool-419-thread-1] INFO  server.RaftServerConfigKeys (ConfUtils.java:logGet(43)) - raft.server.snapshot.auto.trigger.threshold = 10000 (custom)
2019-10-02 07:57:05,258 [pool-429-thread-1] INFO  server.RaftServerConfigKeys (ConfUtils.java:logGet(43)) - raft.server.log.preallocated.size = 16384 (custom)
2019-10-02 07:57:05,258 [pool-419-thread-1] INFO  server.RaftServerConfigKeys (ConfUtils.java:logGet(43)) - raft.server.snapshot.retention.file.num = 5 (custom)
2019-10-02 07:57:05,258 [pool-409-thread-1] INFO  server.RaftServerConfigKeys (ConfUtils.java:logGet(43)) - raft.server.log.preallocated.size = 16384 (custom)
2019-10-02 07:57:05,258 [pool-419-thread-1] INFO  server.RaftServerConfigKeys (ConfUtils.java:logGet(43)) - raft.server.retrycache.expirytime = 600000ms (custom)
2019-10-02 07:57:05,258 [pool-429-thread-1] INFO  server.RaftServerConfigKeys (ConfUtils.java:logGet(43)) - raft.server.log.write.buffer.size = 33554432 (custom)
2019-10-02 07:57:05,258 [pool-409-thread-1] INFO  server.RaftServerConfigKeys (ConfUtils.java:logGet(43)) - raft.server.log.write.buffer.size = 33554432 (custom)
2019-10-02 07:57:05,258 [pool-429-thread-1] INFO  server.RaftServerConfigKeys (ConfUtils.java:logGet(43)) - raft.server.log.force.sync.num = 128 (default)
2019-10-02 07:57:05,258 [pool-409-thread-1] INFO  server.RaftServerConfigKeys (ConfUtils.java:logGet(43)) - raft.server.log.force.sync.num = 128 (default)
2019-10-02 07:57:05,258 [pool-429-thread-1] INFO  server.RaftServerConfigKeys (ConfUtils.java:logGet(43)) - raft.server.log.statemachine.data.sync = true (default)
2019-10-02 07:57:05,259 [pool-409-thread-1] INFO  server.RaftServerConfigKeys (ConfUtils.java:logGet(43)) - raft.server.log.statemachine.data.sync = true (default)
2019-10-02 07:57:05,259 [pool-429-thread-1] INFO  server.RaftServerConfigKeys (ConfUtils.java:logGet(43)) - raft.server.log.statemachine.data.sync.timeout = 10s (default)
2019-10-02 07:57:05,259 [pool-409-thread-1] INFO  server.RaftServerConfigKeys (ConfUtils.java:logGet(43)) - raft.server.log.statemachine.data.sync.timeout = 10s (default)
2019-10-02 07:57:05,259 [pool-429-thread-1] INFO  server.RaftServerConfigKeys (ConfUtils.java:logGet(43)) - raft.server.log.statemachine.data.sync.timeout.retry = -1 (default)
2019-10-02 07:57:05,259 [pool-409-thread-1] INFO  server.RaftServerConfigKeys (ConfUtils.java:logGet(43)) - raft.server.log.statemachine.data.sync.timeout.retry = -1 (default)
2019-10-02 07:57:05,259 [pool-429-thread-1] INFO  server.RaftServerConfigKeys (ConfUtils.java:logGet(43)) - raft.server.log.statemachine.data.caching.enabled = true (custom)
2019-10-02 07:57:05,259 [pool-409-thread-1] INFO  server.RaftServerConfigKeys (ConfUtils.java:logGet(43)) - raft.server.log.statemachine.data.caching.enabled = true (custom)
2019-10-02 07:57:05,259 [pool-429-thread-1] INFO  segmented.SegmentedRaftLogWorker (SegmentedRaftLogWorker.java:lambda$new$0(128)) - ce132960-38ca-4eb2-a2a4-e2a76adf71a1@group-93B5B54A08F6-SegmentedRaftLogWorker: flushIndex: setUnconditionally 0 -> -1
2019-10-02 07:57:05,259 [pool-409-thread-1] INFO  segmented.SegmentedRaftLogWorker (SegmentedRaftLogWorker.java:lambda$new$0(128)) - 40a59037-f13e-442f-b21d-bc75ef3f3ac7@group-93B5B54A08F6-SegmentedRaftLogWorker: flushIndex: setUnconditionally 0 -> -1
2019-10-02 07:57:05,260 [pool-429-thread-1] INFO  server.RaftServerConfigKeys (ConfUtils.java:logGet(43)) - raft.server.snapshot.auto.trigger.enabled = true (custom)
2019-10-02 07:57:05,260 [pool-409-thread-1] INFO  server.RaftServerConfigKeys (ConfUtils.java:logGet(43)) - raft.server.snapshot.auto.trigger.enabled = true (custom)
2019-10-02 07:57:05,260 [pool-429-thread-1] INFO  server.RaftServerConfigKeys (ConfUtils.java:logGet(43)) - raft.server.snapshot.auto.trigger.threshold = 10000 (custom)
2019-10-02 07:57:05,260 [pool-419-thread-1] INFO  impl.RaftServerImpl (RaftServerImpl.java:start(181)) - 63987b2c-fa7c-4d81-b174-6922948a5118@group-93B5B54A08F6: start as a follower, conf=-1: [ce132960-38ca-4eb2-a2a4-e2a76adf71a1:192.168.164.211:37079, 40a59037-f13e-442f-b21d-bc75ef3f3ac7:192.168.164.211:34005, 63987b2c-fa7c-4d81-b174-6922948a5118:192.168.164.211:36859], old=null
2019-10-02 07:57:05,260 [pool-409-thread-1] INFO  server.RaftServerConfigKeys (ConfUtils.java:logGet(43)) - raft.server.snapshot.auto.trigger.threshold = 10000 (custom)
2019-10-02 07:57:05,260 [pool-419-thread-1] INFO  impl.RaftServerImpl (RaftServerImpl.java:setRole(170)) - 63987b2c-fa7c-4d81-b174-6922948a5118@group-93B5B54A08F6: changes role from      null to FOLLOWER at term 0 for startAsFollower
2019-10-02 07:57:05,260 [pool-429-thread-1] INFO  server.RaftServerConfigKeys (ConfUtils.java:logGet(43)) - raft.server.snapshot.retention.file.num = 5 (custom)
2019-10-02 07:57:05,260 [pool-419-thread-1] INFO  impl.RoleInfo (RoleInfo.java:updateAndGet(143)) - 63987b2c-fa7c-4d81-b174-6922948a5118: start FollowerState
2019-10-02 07:57:05,260 [pool-409-thread-1] INFO  server.RaftServerConfigKeys (ConfUtils.java:logGet(43)) - raft.server.snapshot.retention.file.num = 5 (custom)
2019-10-02 07:57:05,260 [pool-429-thread-1] INFO  server.RaftServerConfigKeys (ConfUtils.java:logGet(43)) - raft.server.retrycache.expirytime = 600000ms (custom)
2019-10-02 07:57:05,261 [pool-409-thread-1] INFO  server.RaftServerConfigKeys (ConfUtils.java:logGet(43)) - raft.server.retrycache.expirytime = 600000ms (custom)
2019-10-02 07:57:05,261 [pool-419-thread-1] INFO  util.JmxRegister (JmxRegister.java:tryRegister(44)) - Successfully registered JMX Bean with object name Ratis:service=RaftServer,group=group-93B5B54A08F6,id=63987b2c-fa7c-4d81-b174-6922948a5118
2019-10-02 07:57:05,263 [pool-429-thread-1] INFO  impl.RaftServerImpl (RaftServerImpl.java:start(181)) - ce132960-38ca-4eb2-a2a4-e2a76adf71a1@group-93B5B54A08F6: start as a follower, conf=-1: [ce132960-38ca-4eb2-a2a4-e2a76adf71a1:192.168.164.211:37079, 40a59037-f13e-442f-b21d-bc75ef3f3ac7:192.168.164.211:34005, 63987b2c-fa7c-4d81-b174-6922948a5118:192.168.164.211:36859], old=null
2019-10-02 07:57:05,263 [pool-429-thread-1] INFO  impl.RaftServerImpl (RaftServerImpl.java:setRole(170)) - ce132960-38ca-4eb2-a2a4-e2a76adf71a1@group-93B5B54A08F6: changes role from      null to FOLLOWER at term 0 for startAsFollower
2019-10-02 07:57:05,263 [pool-429-thread-1] INFO  impl.RoleInfo (RoleInfo.java:updateAndGet(143)) - ce132960-38ca-4eb2-a2a4-e2a76adf71a1: start FollowerState
2019-10-02 07:57:05,273 [pool-429-thread-1] INFO  util.JmxRegister (JmxRegister.java:tryRegister(44)) - Successfully registered JMX Bean with object name Ratis:service=RaftServer,group=group-93B5B54A08F6,id=ce132960-38ca-4eb2-a2a4-e2a76adf71a1
2019-10-02 07:57:05,274 [pool-409-thread-1] INFO  impl.RaftServerImpl (RaftServerImpl.java:start(181)) - 40a59037-f13e-442f-b21d-bc75ef3f3ac7@group-93B5B54A08F6: start as a follower, conf=-1: [ce132960-38ca-4eb2-a2a4-e2a76adf71a1:192.168.164.211:37079, 40a59037-f13e-442f-b21d-bc75ef3f3ac7:192.168.164.211:34005, 63987b2c-fa7c-4d81-b174-6922948a5118:192.168.164.211:36859], old=null
2019-10-02 07:57:05,274 [pool-409-thread-1] INFO  impl.RaftServerImpl (RaftServerImpl.java:setRole(170)) - 40a59037-f13e-442f-b21d-bc75ef3f3ac7@group-93B5B54A08F6: changes role from      null to FOLLOWER at term 0 for startAsFollower
2019-10-02 07:57:05,274 [pool-409-thread-1] INFO  impl.RoleInfo (RoleInfo.java:updateAndGet(143)) - 40a59037-f13e-442f-b21d-bc75ef3f3ac7: start FollowerState
2019-10-02 07:57:05,274 [pool-409-thread-1] INFO  util.JmxRegister (JmxRegister.java:tryRegister(44)) - Successfully registered JMX Bean with object name Ratis:service=RaftServer,group=group-93B5B54A08F6,id=40a59037-f13e-442f-b21d-bc75ef3f3ac7
2019-10-02 07:57:05,274 [IPC Server handler 1 on 33862] INFO  net.NetworkTopology (NetworkTopologyImpl.java:add(111)) - Added a new node: /default-rack/53443156-7e0a-453a-97cc-f5ce78912da9
2019-10-02 07:57:05,274 [IPC Server handler 1 on 33862] INFO  node.SCMNodeManager (SCMNodeManager.java:register(266)) - Registered Data node : 53443156-7e0a-453a-97cc-f5ce78912da9{ip: 192.168.164.211, host: pr-hdds-2227-gdpr-vz6hn-2718222164, networkLocation: /default-rack, certSerialId: null}
2019-10-02 07:57:05,284 [RatisPipelineUtilsThread] INFO  pipeline.PipelineStateManager (PipelineStateManager.java:addPipeline(56)) - Created pipeline Pipeline[ Id: a3896473-9433-42a5-ae19-93b5b54a08f6, Nodes: 40a59037-f13e-442f-b21d-bc75ef3f3ac7{ip: 192.168.164.211, host: pr-hdds-2227-gdpr-vz6hn-2718222164, networkLocation: /default-rack, certSerialId: null}ce132960-38ca-4eb2-a2a4-e2a76adf71a1{ip: 192.168.164.211, host: pr-hdds-2227-gdpr-vz6hn-2718222164, networkLocation: /default-rack, certSerialId: null}63987b2c-fa7c-4d81-b174-6922948a5118{ip: 192.168.164.211, host: pr-hdds-2227-gdpr-vz6hn-2718222164, networkLocation: /default-rack, certSerialId: null}, Type:RATIS, Factor:THREE, State:OPEN]
2019-10-02 07:57:05,324 [IPC Server handler 3 on 33862] INFO  net.NetworkTopology (NetworkTopologyImpl.java:add(111)) - Added a new node: /default-rack/a8a9f66e-aed9-421a-8732-07051f70b119
2019-10-02 07:57:05,325 [IPC Server handler 3 on 33862] INFO  node.SCMNodeManager (SCMNodeManager.java:register(266)) - Registered Data node : a8a9f66e-aed9-421a-8732-07051f70b119{ip: 192.168.164.211, host: pr-hdds-2227-gdpr-vz6hn-2718222164, networkLocation: /default-rack, certSerialId: null}
2019-10-02 07:57:05,332 [grpc-default-executor-6] INFO  impl.RaftServerProxy (RaftServerProxy.java:addNew(89)) - 53443156-7e0a-453a-97cc-f5ce78912da9: addNew group-5C154708E508:[53443156-7e0a-453a-97cc-f5ce78912da9:192.168.164.211:40009] returns group-5C154708E508:java.util.concurrent.CompletableFuture@665c679d[Not completed]
2019-10-02 07:57:05,334 [pool-449-thread-1] INFO  impl.RaftServerImpl (RaftServerImpl.java:<init>(95)) - 53443156-7e0a-453a-97cc-f5ce78912da9: new RaftServerImpl for group-5C154708E508:[53443156-7e0a-453a-97cc-f5ce78912da9:192.168.164.211:40009] with ContainerStateMachine:uninitialized
2019-10-02 07:57:05,334 [pool-449-thread-1] INFO  server.RaftServerConfigKeys (ConfUtils.java:logGet(43)) - raft.server.rpc.timeout.min = 5s (custom)
2019-10-02 07:57:05,334 [pool-449-thread-1] INFO  server.RaftServerConfigKeys (ConfUtils.java:logGet(43)) - raft.server.rpc.timeout.max = 5200ms (custom)
2019-10-02 07:57:05,335 [pool-449-thread-1] INFO  server.RaftServerConfigKeys (ConfUtils.java:logGet(43)) - raft.server.rpcslowness.timeout = 120s (custom)
2019-10-02 07:57:05,335 [pool-449-thread-1] INFO  server.RaftServerConfigKeys (ConfUtils.java:logGet(43)) - raft.server.sleep.deviation.threshold = 300 (default)
2019-10-02 07:57:05,335 [pool-449-thread-1] INFO  server.RaftServerConfigKeys (ConfUtils.java:logGet(43)) - raft.server.log.appender.install.snapshot.enabled = false (custom)
2019-10-02 07:57:05,335 [pool-449-thread-1] INFO  impl.RaftServerImpl (ServerState.java:<init>(103)) - 53443156-7e0a-453a-97cc-f5ce78912da9@group-5C154708E508: ConfigurationManager, init=-1: [53443156-7e0a-453a-97cc-f5ce78912da9:192.168.164.211:40009], old=null, confs=<EMPTY_MAP>
2019-10-02 07:57:05,335 [pool-449-thread-1] INFO  server.RaftServerConfigKeys (ConfUtils.java:logGet(43)) - raft.server.storage.dir = [/workdir/hadoop-ozone/integration-test/target/test-dir/MiniOzoneClusterImpl-1b284452-a46a-4ca0-a40f-7c87425d7399/datanode-4/data/ratis] (custom)
2019-10-02 07:57:05,335 [pool-449-thread-1] INFO  server.RaftServerConfigKeys (ConfUtils.java:logGet(43)) - raft.server.log.corruption.policy = EXCEPTION (default)
2019-10-02 07:57:05,335 [pool-449-thread-1] INFO  storage.RaftStorageDirectory (RaftStorageDirectory.java:analyzeStorage(246)) - The storage directory /workdir/hadoop-ozone/integration-test/target/test-dir/MiniOzoneClusterImpl-1b284452-a46a-4ca0-a40f-7c87425d7399/datanode-4/data/ratis/86f7b007-1ec2-4d5e-ba2e-5c154708e508 does not exist. Creating ...
2019-10-02 07:57:05,348 [pool-449-thread-1] INFO  storage.RaftStorageDirectory (RaftStorageDirectory.java:tryLock(328)) - Lock on /workdir/hadoop-ozone/integration-test/target/test-dir/MiniOzoneClusterImpl-1b284452-a46a-4ca0-a40f-7c87425d7399/datanode-4/data/ratis/86f7b007-1ec2-4d5e-ba2e-5c154708e508/in_use.lock acquired by nodename 2838@pr-hdds-2227-gdpr-vz6hn-2718222164
2019-10-02 07:57:05,350 [pool-449-thread-1] INFO  storage.RaftStorage (RaftStorage.java:format(84)) - Storage directory /workdir/hadoop-ozone/integration-test/target/test-dir/MiniOzoneClusterImpl-1b284452-a46a-4ca0-a40f-7c87425d7399/datanode-4/data/ratis/86f7b007-1ec2-4d5e-ba2e-5c154708e508 has been successfully formatted.
2019-10-02 07:57:05,350 [pool-449-thread-1] INFO  ratis.ContainerStateMachine (ContainerStateMachine.java:loadSnapshot(230)) - group-5C154708E508: The snapshot info is null. Setting the last applied indexto:(t:0, i:~)
2019-10-02 07:57:05,351 [pool-449-thread-1] INFO  server.RaftServerConfigKeys (ConfUtils.java:logGet(43)) - raft.server.notification.no-leader.timeout = 120s (custom)
2019-10-02 07:57:05,351 [pool-449-thread-1] INFO  server.RaftServerConfigKeys (ConfUtils.java:logGet(43)) - raft.server.log.use.memory = false (default)
2019-10-02 07:57:05,351 [pool-449-thread-1] INFO  server.RaftServerConfigKeys (ConfUtils.java:logGet(43)) - raft.server.log.purge.gap = 1000000 (custom)
2019-10-02 07:57:05,351 [pool-449-thread-1] INFO  server.RaftServerConfigKeys (ConfUtils.java:logGet(43)) - raft.server.log.appender.buffer.byte-limit = 33554432 (custom)
2019-10-02 07:57:05,351 [pool-449-thread-1] INFO  server.RaftServerConfigKeys (ConfUtils.java:logGet(43)) - raft.server.log.segment.size.max = 1048576 (custom)
2019-10-02 07:57:05,352 [pool-449-thread-1] INFO  server.RaftServerConfigKeys (ConfUtils.java:logGet(43)) - raft.server.log.segment.cache.num.max = 2 (custom)
2019-10-02 07:57:05,352 [pool-449-thread-1] INFO  segmented.SegmentedRaftLogWorker (SegmentedRaftLogWorker.java:<init>(173)) - new 53443156-7e0a-453a-97cc-f5ce78912da9@group-5C154708E508-SegmentedRaftLogWorker for RaftStorage:Storage Directory /workdir/hadoop-ozone/integration-test/target/test-dir/MiniOzoneClusterImpl-1b284452-a46a-4ca0-a40f-7c87425d7399/datanode-4/data/ratis/86f7b007-1ec2-4d5e-ba2e-5c154708e508
2019-10-02 07:57:05,353 [pool-449-thread-1] INFO  server.RaftServerConfigKeys (ConfUtils.java:logGet(43)) - raft.server.log.queue.byte-limit = 2147483647 (custom)
2019-10-02 07:57:05,353 [pool-449-thread-1] INFO  server.RaftServerConfigKeys (ConfUtils.java:logGet(43)) - raft.server.log.queue.element-limit = 1024 (custom)
2019-10-02 07:57:05,353 [pool-449-thread-1] INFO  server.RaftServerConfigKeys (ConfUtils.java:logGet(43)) - raft.server.log.segment.size.max = 1048576 (custom)
2019-10-02 07:57:05,353 [pool-449-thread-1] INFO  server.RaftServerConfigKeys (ConfUtils.java:logGet(43)) - raft.server.log.preallocated.size = 16384 (custom)
2019-10-02 07:57:05,353 [pool-449-thread-1] INFO  server.RaftServerConfigKeys (ConfUtils.java:logGet(43)) - raft.server.log.write.buffer.size = 33554432 (custom)
2019-10-02 07:57:05,353 [pool-449-thread-1] INFO  server.RaftServerConfigKeys (ConfUtils.java:logGet(43)) - raft.server.log.force.sync.num = 128 (default)
2019-10-02 07:57:05,353 [pool-449-thread-1] INFO  server.RaftServerConfigKeys (ConfUtils.java:logGet(43)) - raft.server.log.statemachine.data.sync = true (default)
2019-10-02 07:57:05,353 [pool-449-thread-1] INFO  server.RaftServerConfigKeys (ConfUtils.java:logGet(43)) - raft.server.log.statemachine.data.sync.timeout = 10s (default)
2019-10-02 07:57:05,353 [pool-449-thread-1] INFO  server.RaftServerConfigKeys (ConfUtils.java:logGet(43)) - raft.server.log.statemachine.data.sync.timeout.retry = -1 (default)
2019-10-02 07:57:05,354 [pool-449-thread-1] INFO  server.RaftServerConfigKeys (ConfUtils.java:logGet(43)) - raft.server.log.statemachine.data.caching.enabled = true (custom)
2019-10-02 07:57:05,354 [pool-449-thread-1] INFO  segmented.SegmentedRaftLogWorker (SegmentedRaftLogWorker.java:lambda$new$0(128)) - 53443156-7e0a-453a-97cc-f5ce78912da9@group-5C154708E508-SegmentedRaftLogWorker: flushIndex: setUnconditionally 0 -> -1
2019-10-02 07:57:05,354 [pool-449-thread-1] INFO  server.RaftServerConfigKeys (ConfUtils.java:logGet(43)) - raft.server.snapshot.auto.trigger.enabled = true (custom)
2019-10-02 07:57:05,354 [pool-449-thread-1] INFO  server.RaftServerConfigKeys (ConfUtils.java:logGet(43)) - raft.server.snapshot.auto.trigger.threshold = 10000 (custom)
2019-10-02 07:57:05,354 [pool-449-thread-1] INFO  server.RaftServerConfigKeys (ConfUtils.java:logGet(43)) - raft.server.snapshot.retention.file.num = 5 (custom)
2019-10-02 07:57:05,354 [pool-449-thread-1] INFO  server.RaftServerConfigKeys (ConfUtils.java:logGet(43)) - raft.server.retrycache.expirytime = 600000ms (custom)
2019-10-02 07:57:05,355 [pool-449-thread-1] INFO  impl.RaftServerImpl (RaftServerImpl.java:start(181)) - 53443156-7e0a-453a-97cc-f5ce78912da9@group-5C154708E508: start as a follower, conf=-1: [53443156-7e0a-453a-97cc-f5ce78912da9:192.168.164.211:40009], old=null
2019-10-02 07:57:05,356 [pool-449-thread-1] INFO  impl.RaftServerImpl (RaftServerImpl.java:setRole(170)) - 53443156-7e0a-453a-97cc-f5ce78912da9@group-5C154708E508: changes role from      null to FOLLOWER at term 0 for startAsFollower
2019-10-02 07:57:05,356 [pool-449-thread-1] INFO  impl.RoleInfo (RoleInfo.java:updateAndGet(143)) - 53443156-7e0a-453a-97cc-f5ce78912da9: start FollowerState
2019-10-02 07:57:05,356 [pool-449-thread-1] INFO  util.JmxRegister (JmxRegister.java:tryRegister(44)) - Successfully registered JMX Bean with object name Ratis:service=RaftServer,group=group-5C154708E508,id=53443156-7e0a-453a-97cc-f5ce78912da9
2019-10-02 07:57:05,359 [RatisPipelineUtilsThread] INFO  pipeline.PipelineStateManager (PipelineStateManager.java:addPipeline(56)) - Created pipeline Pipeline[ Id: 86f7b007-1ec2-4d5e-ba2e-5c154708e508, Nodes: 53443156-7e0a-453a-97cc-f5ce78912da9{ip: 192.168.164.211, host: pr-hdds-2227-gdpr-vz6hn-2718222164, networkLocation: /default-rack, certSerialId: null}, Type:RATIS, Factor:ONE, State:OPEN]
2019-10-02 07:57:05,364 [grpc-default-executor-6] INFO  impl.RaftServerProxy (RaftServerProxy.java:addNew(89)) - cc91f4db-3be8-4cd0-9ec5-474e4fe6b7d6: addNew group-411FD514B15F:[cc91f4db-3be8-4cd0-9ec5-474e4fe6b7d6:192.168.164.211:41477] returns group-411FD514B15F:java.util.concurrent.CompletableFuture@777d5c30[Not completed]
2019-10-02 07:57:05,365 [pool-439-thread-1] INFO  impl.RaftServerImpl (RaftServerImpl.java:<init>(95)) - cc91f4db-3be8-4cd0-9ec5-474e4fe6b7d6: new RaftServerImpl for group-411FD514B15F:[cc91f4db-3be8-4cd0-9ec5-474e4fe6b7d6:192.168.164.211:41477] with ContainerStateMachine:uninitialized
2019-10-02 07:57:05,366 [pool-439-thread-1] INFO  server.RaftServerConfigKeys (ConfUtils.java:logGet(43)) - raft.server.rpc.timeout.min = 5s (custom)
2019-10-02 07:57:05,366 [pool-439-thread-1] INFO  server.RaftServerConfigKeys (ConfUtils.java:logGet(43)) - raft.server.rpc.timeout.max = 5200ms (custom)
2019-10-02 07:57:05,366 [pool-439-thread-1] INFO  server.RaftServerConfigKeys (ConfUtils.java:logGet(43)) - raft.server.rpcslowness.timeout = 120s (custom)
2019-10-02 07:57:05,366 [pool-439-thread-1] INFO  server.RaftServerConfigKeys (ConfUtils.java:logGet(43)) - raft.server.sleep.deviation.threshold = 300 (default)
2019-10-02 07:57:05,366 [pool-439-thread-1] INFO  server.RaftServerConfigKeys (ConfUtils.java:logGet(43)) - raft.server.log.appender.install.snapshot.enabled = false (custom)
2019-10-02 07:57:05,366 [pool-439-thread-1] INFO  impl.RaftServerImpl (ServerState.java:<init>(103)) - cc91f4db-3be8-4cd0-9ec5-474e4fe6b7d6@group-411FD514B15F: ConfigurationManager, init=-1: [cc91f4db-3be8-4cd0-9ec5-474e4fe6b7d6:192.168.164.211:41477], old=null, confs=<EMPTY_MAP>
2019-10-02 07:57:05,366 [pool-439-thread-1] INFO  server.RaftServerConfigKeys (ConfUtils.java:logGet(43)) - raft.server.storage.dir = [/workdir/hadoop-ozone/integration-test/target/test-dir/MiniOzoneClusterImpl-1b284452-a46a-4ca0-a40f-7c87425d7399/datanode-3/data/ratis] (custom)
2019-10-02 07:57:05,367 [pool-439-thread-1] INFO  server.RaftServerConfigKeys (ConfUtils.java:logGet(43)) - raft.server.log.corruption.policy = EXCEPTION (default)
2019-10-02 07:57:05,367 [pool-439-thread-1] INFO  storage.RaftStorageDirectory (RaftStorageDirectory.java:analyzeStorage(246)) - The storage directory /workdir/hadoop-ozone/integration-test/target/test-dir/MiniOzoneClusterImpl-1b284452-a46a-4ca0-a40f-7c87425d7399/datanode-3/data/ratis/aec84eb4-e622-4d3b-9490-411fd514b15f does not exist. Creating ...
2019-10-02 07:57:05,369 [pool-439-thread-1] INFO  storage.RaftStorageDirectory (RaftStorageDirectory.java:tryLock(328)) - Lock on /workdir/hadoop-ozone/integration-test/target/test-dir/MiniOzoneClusterImpl-1b284452-a46a-4ca0-a40f-7c87425d7399/datanode-3/data/ratis/aec84eb4-e622-4d3b-9490-411fd514b15f/in_use.lock acquired by nodename 2838@pr-hdds-2227-gdpr-vz6hn-2718222164
2019-10-02 07:57:05,372 [pool-439-thread-1] INFO  storage.RaftStorage (RaftStorage.java:format(84)) - Storage directory /workdir/hadoop-ozone/integration-test/target/test-dir/MiniOzoneClusterImpl-1b284452-a46a-4ca0-a40f-7c87425d7399/datanode-3/data/ratis/aec84eb4-e622-4d3b-9490-411fd514b15f has been successfully formatted.
2019-10-02 07:57:05,373 [pool-439-thread-1] INFO  ratis.ContainerStateMachine (ContainerStateMachine.java:loadSnapshot(230)) - group-411FD514B15F: The snapshot info is null. Setting the last applied indexto:(t:0, i:~)
2019-10-02 07:57:05,373 [pool-439-thread-1] INFO  server.RaftServerConfigKeys (ConfUtils.java:logGet(43)) - raft.server.notification.no-leader.timeout = 120s (custom)
2019-10-02 07:57:05,373 [pool-439-thread-1] INFO  server.RaftServerConfigKeys (ConfUtils.java:logGet(43)) - raft.server.log.use.memory = false (default)
2019-10-02 07:57:05,373 [pool-439-thread-1] INFO  server.RaftServerConfigKeys (ConfUtils.java:logGet(43)) - raft.server.log.purge.gap = 1000000 (custom)
2019-10-02 07:57:05,373 [pool-439-thread-1] INFO  server.RaftServerConfigKeys (ConfUtils.java:logGet(43)) - raft.server.log.appender.buffer.byte-limit = 33554432 (custom)
2019-10-02 07:57:05,373 [pool-439-thread-1] INFO  server.RaftServerConfigKeys (ConfUtils.java:logGet(43)) - raft.server.log.segment.size.max = 1048576 (custom)
2019-10-02 07:57:05,375 [pool-439-thread-1] INFO  server.RaftServerConfigKeys (ConfUtils.java:logGet(43)) - raft.server.log.segment.cache.num.max = 2 (custom)
2019-10-02 07:57:05,375 [pool-439-thread-1] INFO  segmented.SegmentedRaftLogWorker (SegmentedRaftLogWorker.java:<init>(173)) - new cc91f4db-3be8-4cd0-9ec5-474e4fe6b7d6@group-411FD514B15F-SegmentedRaftLogWorker for RaftStorage:Storage Directory /workdir/hadoop-ozone/integration-test/target/test-dir/MiniOzoneClusterImpl-1b284452-a46a-4ca0-a40f-7c87425d7399/datanode-3/data/ratis/aec84eb4-e622-4d3b-9490-411fd514b15f
2019-10-02 07:57:05,375 [pool-439-thread-1] INFO  server.RaftServerConfigKeys (ConfUtils.java:logGet(43)) - raft.server.log.queue.byte-limit = 2147483647 (custom)
2019-10-02 07:57:05,375 [pool-439-thread-1] INFO  server.RaftServerConfigKeys (ConfUtils.java:logGet(43)) - raft.server.log.queue.element-limit = 1024 (custom)
2019-10-02 07:57:05,375 [pool-439-thread-1] INFO  server.RaftServerConfigKeys (ConfUtils.java:logGet(43)) - raft.server.log.segment.size.max = 1048576 (custom)
2019-10-02 07:57:05,375 [pool-439-thread-1] INFO  server.RaftServerConfigKeys (ConfUtils.java:logGet(43)) - raft.server.log.preallocated.size = 16384 (custom)
2019-10-02 07:57:05,376 [pool-439-thread-1] INFO  server.RaftServerConfigKeys (ConfUtils.java:logGet(43)) - raft.server.log.write.buffer.size = 33554432 (custom)
2019-10-02 07:57:05,376 [pool-439-thread-1] INFO  server.RaftServerConfigKeys (ConfUtils.java:logGet(43)) - raft.server.log.force.sync.num = 128 (default)
2019-10-02 07:57:05,376 [pool-439-thread-1] INFO  server.RaftServerConfigKeys (ConfUtils.java:logGet(43)) - raft.server.log.statemachine.data.sync = true (default)
2019-10-02 07:57:05,376 [pool-439-thread-1] INFO  server.RaftServerConfigKeys (ConfUtils.java:logGet(43)) - raft.server.log.statemachine.data.sync.timeout = 10s (default)
2019-10-02 07:57:05,376 [pool-439-thread-1] INFO  server.RaftServerConfigKeys (ConfUtils.java:logGet(43)) - raft.server.log.statemachine.data.sync.timeout.retry = -1 (default)
2019-10-02 07:57:05,376 [pool-439-thread-1] INFO  server.RaftServerConfigKeys (ConfUtils.java:logGet(43)) - raft.server.log.statemachine.data.caching.enabled = true (custom)
2019-10-02 07:57:05,377 [pool-439-thread-1] INFO  segmented.SegmentedRaftLogWorker (SegmentedRaftLogWorker.java:lambda$new$0(128)) - cc91f4db-3be8-4cd0-9ec5-474e4fe6b7d6@group-411FD514B15F-SegmentedRaftLogWorker: flushIndex: setUnconditionally 0 -> -1
2019-10-02 07:57:05,377 [pool-439-thread-1] INFO  server.RaftServerConfigKeys (ConfUtils.java:logGet(43)) - raft.server.snapshot.auto.trigger.enabled = true (custom)
2019-10-02 07:57:05,377 [pool-439-thread-1] INFO  server.RaftServerConfigKeys (ConfUtils.java:logGet(43)) - raft.server.snapshot.auto.trigger.threshold = 10000 (custom)
2019-10-02 07:57:05,377 [pool-439-thread-1] INFO  server.RaftServerConfigKeys (ConfUtils.java:logGet(43)) - raft.server.snapshot.retention.file.num = 5 (custom)
2019-10-02 07:57:05,377 [pool-439-thread-1] INFO  server.RaftServerConfigKeys (ConfUtils.java:logGet(43)) - raft.server.retrycache.expirytime = 600000ms (custom)
2019-10-02 07:57:05,379 [pool-439-thread-1] INFO  impl.RaftServerImpl (RaftServerImpl.java:start(181)) - cc91f4db-3be8-4cd0-9ec5-474e4fe6b7d6@group-411FD514B15F: start as a follower, conf=-1: [cc91f4db-3be8-4cd0-9ec5-474e4fe6b7d6:192.168.164.211:41477], old=null
2019-10-02 07:57:05,379 [pool-439-thread-1] INFO  impl.RaftServerImpl (RaftServerImpl.java:setRole(170)) - cc91f4db-3be8-4cd0-9ec5-474e4fe6b7d6@group-411FD514B15F: changes role from      null to FOLLOWER at term 0 for startAsFollower
2019-10-02 07:57:05,379 [pool-439-thread-1] INFO  impl.RoleInfo (RoleInfo.java:updateAndGet(143)) - cc91f4db-3be8-4cd0-9ec5-474e4fe6b7d6: start FollowerState
2019-10-02 07:57:05,379 [pool-439-thread-1] INFO  util.JmxRegister (JmxRegister.java:tryRegister(44)) - Successfully registered JMX Bean with object name Ratis:service=RaftServer,group=group-411FD514B15F,id=cc91f4db-3be8-4cd0-9ec5-474e4fe6b7d6
2019-10-02 07:57:05,383 [RatisPipelineUtilsThread] INFO  pipeline.PipelineStateManager (PipelineStateManager.java:addPipeline(56)) - Created pipeline Pipeline[ Id: aec84eb4-e622-4d3b-9490-411fd514b15f, Nodes: cc91f4db-3be8-4cd0-9ec5-474e4fe6b7d6{ip: 192.168.164.211, host: pr-hdds-2227-gdpr-vz6hn-2718222164, networkLocation: /default-rack, certSerialId: null}, Type:RATIS, Factor:ONE, State:OPEN]
2019-10-02 07:57:05,389 [grpc-default-executor-6] INFO  impl.RaftServerProxy (RaftServerProxy.java:addNew(89)) - a8a9f66e-aed9-421a-8732-07051f70b119: addNew group-5A60BE45C388:[a8a9f66e-aed9-421a-8732-07051f70b119:192.168.164.211:39667] returns group-5A60BE45C388:java.util.concurrent.CompletableFuture@20454d86[Not completed]
2019-10-02 07:57:05,389 [pool-459-thread-1] INFO  impl.RaftServerImpl (RaftServerImpl.java:<init>(95)) - a8a9f66e-aed9-421a-8732-07051f70b119: new RaftServerImpl for group-5A60BE45C388:[a8a9f66e-aed9-421a-8732-07051f70b119:192.168.164.211:39667] with ContainerStateMachine:uninitialized
2019-10-02 07:57:05,389 [pool-459-thread-1] INFO  server.RaftServerConfigKeys (ConfUtils.java:logGet(43)) - raft.server.rpc.timeout.min = 5s (custom)
2019-10-02 07:57:05,390 [pool-459-thread-1] INFO  server.RaftServerConfigKeys (ConfUtils.java:logGet(43)) - raft.server.rpc.timeout.max = 5200ms (custom)
2019-10-02 07:57:05,390 [pool-459-thread-1] INFO  server.RaftServerConfigKeys (ConfUtils.java:logGet(43)) - raft.server.rpcslowness.timeout = 120s (custom)
2019-10-02 07:57:05,390 [pool-459-thread-1] INFO  server.RaftServerConfigKeys (ConfUtils.java:logGet(43)) - raft.server.sleep.deviation.threshold = 300 (default)
2019-10-02 07:57:05,390 [pool-459-thread-1] INFO  server.RaftServerConfigKeys (ConfUtils.java:logGet(43)) - raft.server.log.appender.install.snapshot.enabled = false (custom)
2019-10-02 07:57:05,390 [pool-459-thread-1] INFO  impl.RaftServerImpl (ServerState.java:<init>(103)) - a8a9f66e-aed9-421a-8732-07051f70b119@group-5A60BE45C388: ConfigurationManager, init=-1: [a8a9f66e-aed9-421a-8732-07051f70b119:192.168.164.211:39667], old=null, confs=<EMPTY_MAP>
2019-10-02 07:57:05,390 [pool-459-thread-1] INFO  server.RaftServerConfigKeys (ConfUtils.java:logGet(43)) - raft.server.storage.dir = [/workdir/hadoop-ozone/integration-test/target/test-dir/MiniOzoneClusterImpl-1b284452-a46a-4ca0-a40f-7c87425d7399/datanode-5/data/ratis] (custom)
2019-10-02 07:57:05,390 [pool-459-thread-1] INFO  server.RaftServerConfigKeys (ConfUtils.java:logGet(43)) - raft.server.log.corruption.policy = EXCEPTION (default)
2019-10-02 07:57:05,390 [pool-459-thread-1] INFO  storage.RaftStorageDirectory (RaftStorageDirectory.java:analyzeStorage(246)) - The storage directory /workdir/hadoop-ozone/integration-test/target/test-dir/MiniOzoneClusterImpl-1b284452-a46a-4ca0-a40f-7c87425d7399/datanode-5/data/ratis/4ee7e812-5815-4e41-b521-5a60be45c388 does not exist. Creating ...
2019-10-02 07:57:05,393 [pool-459-thread-1] INFO  storage.RaftStorageDirectory (RaftStorageDirectory.java:tryLock(328)) - Lock on /workdir/hadoop-ozone/integration-test/target/test-dir/MiniOzoneClusterImpl-1b284452-a46a-4ca0-a40f-7c87425d7399/datanode-5/data/ratis/4ee7e812-5815-4e41-b521-5a60be45c388/in_use.lock acquired by nodename 2838@pr-hdds-2227-gdpr-vz6hn-2718222164
2019-10-02 07:57:05,395 [IPC Server handler 2 on 33862] INFO  net.NetworkTopology (NetworkTopologyImpl.java:add(111)) - Added a new node: /default-rack/e6be78b6-b565-477b-bb8f-df1e8b94e3c2
2019-10-02 07:57:05,396 [IPC Server handler 2 on 33862] INFO  node.SCMNodeManager (SCMNodeManager.java:register(266)) - Registered Data node : e6be78b6-b565-477b-bb8f-df1e8b94e3c2{ip: 192.168.164.211, host: pr-hdds-2227-gdpr-vz6hn-2718222164, networkLocation: /default-rack, certSerialId: null}
2019-10-02 07:57:05,396 [main] INFO  ozone.MiniOzoneClusterImpl (MiniOzoneClusterImpl.java:lambda$waitForClusterToBeReady$0(147)) - Cluster is ready. Got 7 of 7 DN Heartbeats.
2019-10-02 07:57:05,397 [pool-459-thread-1] INFO  storage.RaftStorage (RaftStorage.java:format(84)) - Storage directory /workdir/hadoop-ozone/integration-test/target/test-dir/MiniOzoneClusterImpl-1b284452-a46a-4ca0-a40f-7c87425d7399/datanode-5/data/ratis/4ee7e812-5815-4e41-b521-5a60be45c388 has been successfully formatted.
2019-10-02 07:57:05,397 [pool-459-thread-1] INFO  ratis.ContainerStateMachine (ContainerStateMachine.java:loadSnapshot(230)) - group-5A60BE45C388: The snapshot info is null. Setting the last applied indexto:(t:0, i:~)
2019-10-02 07:57:05,397 [pool-459-thread-1] INFO  server.RaftServerConfigKeys (ConfUtils.java:logGet(43)) - raft.server.notification.no-leader.timeout = 120s (custom)
2019-10-02 07:57:05,397 [pool-459-thread-1] INFO  server.RaftServerConfigKeys (ConfUtils.java:logGet(43)) - raft.server.log.use.memory = false (default)
2019-10-02 07:57:05,397 [pool-459-thread-1] INFO  server.RaftServerConfigKeys (ConfUtils.java:logGet(43)) - raft.server.log.purge.gap = 1000000 (custom)
2019-10-02 07:57:05,397 [pool-459-thread-1] INFO  server.RaftServerConfigKeys (ConfUtils.java:logGet(43)) - raft.server.log.appender.buffer.byte-limit = 33554432 (custom)
2019-10-02 07:57:05,398 [pool-459-thread-1] INFO  server.RaftServerConfigKeys (ConfUtils.java:logGet(43)) - raft.server.log.segment.size.max = 1048576 (custom)
2019-10-02 07:57:05,404 [pool-459-thread-1] INFO  server.RaftServerConfigKeys (ConfUtils.java:logGet(43)) - raft.server.log.segment.cache.num.max = 2 (custom)
2019-10-02 07:57:05,405 [pool-459-thread-1] INFO  segmented.SegmentedRaftLogWorker (SegmentedRaftLogWorker.java:<init>(173)) - new a8a9f66e-aed9-421a-8732-07051f70b119@group-5A60BE45C388-SegmentedRaftLogWorker for RaftStorage:Storage Directory /workdir/hadoop-ozone/integration-test/target/test-dir/MiniOzoneClusterImpl-1b284452-a46a-4ca0-a40f-7c87425d7399/datanode-5/data/ratis/4ee7e812-5815-4e41-b521-5a60be45c388
2019-10-02 07:57:05,405 [pool-459-thread-1] INFO  server.RaftServerConfigKeys (ConfUtils.java:logGet(43)) - raft.server.log.queue.byte-limit = 2147483647 (custom)
2019-10-02 07:57:05,405 [pool-459-thread-1] INFO  server.RaftServerConfigKeys (ConfUtils.java:logGet(43)) - raft.server.log.queue.element-limit = 1024 (custom)
2019-10-02 07:57:05,405 [pool-459-thread-1] INFO  server.RaftServerConfigKeys (ConfUtils.java:logGet(43)) - raft.server.log.segment.size.max = 1048576 (custom)
2019-10-02 07:57:05,405 [pool-459-thread-1] INFO  server.RaftServerConfigKeys (ConfUtils.java:logGet(43)) - raft.server.log.preallocated.size = 16384 (custom)
2019-10-02 07:57:05,405 [pool-459-thread-1] INFO  server.RaftServerConfigKeys (ConfUtils.java:logGet(43)) - raft.server.log.write.buffer.size = 33554432 (custom)
2019-10-02 07:57:05,405 [pool-459-thread-1] INFO  server.RaftServerConfigKeys (ConfUtils.java:logGet(43)) - raft.server.log.force.sync.num = 128 (default)
2019-10-02 07:57:05,405 [pool-459-thread-1] INFO  server.RaftServerConfigKeys (ConfUtils.java:logGet(43)) - raft.server.log.statemachine.data.sync = true (default)
2019-10-02 07:57:05,405 [pool-459-thread-1] INFO  server.RaftServerConfigKeys (ConfUtils.java:logGet(43)) - raft.server.log.statemachine.data.sync.timeout = 10s (default)
2019-10-02 07:57:05,405 [pool-459-thread-1] INFO  server.RaftServerConfigKeys (ConfUtils.java:logGet(43)) - raft.server.log.statemachine.data.sync.timeout.retry = -1 (default)
2019-10-02 07:57:05,406 [pool-459-thread-1] INFO  server.RaftServerConfigKeys (ConfUtils.java:logGet(43)) - raft.server.log.statemachine.data.caching.enabled = true (custom)
2019-10-02 07:57:05,406 [pool-459-thread-1] INFO  segmented.SegmentedRaftLogWorker (SegmentedRaftLogWorker.java:lambda$new$0(128)) - a8a9f66e-aed9-421a-8732-07051f70b119@group-5A60BE45C388-SegmentedRaftLogWorker: flushIndex: setUnconditionally 0 -> -1
2019-10-02 07:57:05,409 [pool-459-thread-1] INFO  server.RaftServerConfigKeys (ConfUtils.java:logGet(43)) - raft.server.snapshot.auto.trigger.enabled = true (custom)
2019-10-02 07:57:05,409 [pool-459-thread-1] INFO  server.RaftServerConfigKeys (ConfUtils.java:logGet(43)) - raft.server.snapshot.auto.trigger.threshold = 10000 (custom)
2019-10-02 07:57:05,409 [pool-459-thread-1] INFO  server.RaftServerConfigKeys (ConfUtils.java:logGet(43)) - raft.server.snapshot.retention.file.num = 5 (custom)
2019-10-02 07:57:05,409 [pool-459-thread-1] INFO  server.RaftServerConfigKeys (ConfUtils.java:logGet(43)) - raft.server.retrycache.expirytime = 600000ms (custom)
2019-10-02 07:57:05,431 [pool-459-thread-1] INFO  impl.RaftServerImpl (RaftServerImpl.java:start(181)) - a8a9f66e-aed9-421a-8732-07051f70b119@group-5A60BE45C388: start as a follower, conf=-1: [a8a9f66e-aed9-421a-8732-07051f70b119:192.168.164.211:39667], old=null
2019-10-02 07:57:05,432 [pool-459-thread-1] INFO  impl.RaftServerImpl (RaftServerImpl.java:setRole(170)) - a8a9f66e-aed9-421a-8732-07051f70b119@group-5A60BE45C388: changes role from      null to FOLLOWER at term 0 for startAsFollower
2019-10-02 07:57:05,432 [pool-459-thread-1] INFO  impl.RoleInfo (RoleInfo.java:updateAndGet(143)) - a8a9f66e-aed9-421a-8732-07051f70b119: start FollowerState
2019-10-02 07:57:05,432 [pool-459-thread-1] INFO  util.JmxRegister (JmxRegister.java:tryRegister(44)) - Successfully registered JMX Bean with object name Ratis:service=RaftServer,group=group-5A60BE45C388,id=a8a9f66e-aed9-421a-8732-07051f70b119
2019-10-02 07:57:05,438 [main] INFO  rpc.RpcClient (RpcClient.java:createVolume(277)) - Creating Volume: testblockoutputstream, with jenkins1000 as owner.
2019-10-02 07:57:05,440 [RatisPipelineUtilsThread] INFO  pipeline.PipelineStateManager (PipelineStateManager.java:addPipeline(56)) - Created pipeline Pipeline[ Id: 4ee7e812-5815-4e41-b521-5a60be45c388, Nodes: a8a9f66e-aed9-421a-8732-07051f70b119{ip: 192.168.164.211, host: pr-hdds-2227-gdpr-vz6hn-2718222164, networkLocation: /default-rack, certSerialId: null}, Type:RATIS, Factor:ONE, State:OPEN]
2019-10-02 07:57:05,445 [IPC Server handler 2 on 45917] INFO  volume.OMVolumeCreateRequest (OMVolumeCreateRequest.java:validateAndUpdateCache(194)) - created volume:testblockoutputstream for user:jenkins1000
2019-10-02 07:57:05,449 [grpc-default-executor-6] INFO  impl.RaftServerProxy (RaftServerProxy.java:addNew(89)) - e6be78b6-b565-477b-bb8f-df1e8b94e3c2: addNew group-E1D5F6661BC0:[e6be78b6-b565-477b-bb8f-df1e8b94e3c2:192.168.164.211:33442] returns group-E1D5F6661BC0:java.util.concurrent.CompletableFuture@3531cce0[Not completed]
2019-10-02 07:57:05,452 [pool-469-thread-1] INFO  impl.RaftServerImpl (RaftServerImpl.java:<init>(95)) - e6be78b6-b565-477b-bb8f-df1e8b94e3c2: new RaftServerImpl for group-E1D5F6661BC0:[e6be78b6-b565-477b-bb8f-df1e8b94e3c2:192.168.164.211:33442] with ContainerStateMachine:uninitialized
2019-10-02 07:57:05,452 [pool-469-thread-1] INFO  server.RaftServerConfigKeys (ConfUtils.java:logGet(43)) - raft.server.rpc.timeout.min = 5s (custom)
2019-10-02 07:57:05,452 [pool-469-thread-1] INFO  server.RaftServerConfigKeys (ConfUtils.java:logGet(43)) - raft.server.rpc.timeout.max = 5200ms (custom)
2019-10-02 07:57:05,452 [pool-469-thread-1] INFO  server.RaftServerConfigKeys (ConfUtils.java:logGet(43)) - raft.server.rpcslowness.timeout = 120s (custom)
2019-10-02 07:57:05,452 [pool-469-thread-1] INFO  server.RaftServerConfigKeys (ConfUtils.java:logGet(43)) - raft.server.sleep.deviation.threshold = 300 (default)
2019-10-02 07:57:05,458 [pool-469-thread-1] INFO  server.RaftServerConfigKeys (ConfUtils.java:logGet(43)) - raft.server.log.appender.install.snapshot.enabled = false (custom)
2019-10-02 07:57:05,458 [pool-469-thread-1] INFO  impl.RaftServerImpl (ServerState.java:<init>(103)) - e6be78b6-b565-477b-bb8f-df1e8b94e3c2@group-E1D5F6661BC0: ConfigurationManager, init=-1: [e6be78b6-b565-477b-bb8f-df1e8b94e3c2:192.168.164.211:33442], old=null, confs=<EMPTY_MAP>
2019-10-02 07:57:05,459 [pool-469-thread-1] INFO  server.RaftServerConfigKeys (ConfUtils.java:logGet(43)) - raft.server.storage.dir = [/workdir/hadoop-ozone/integration-test/target/test-dir/MiniOzoneClusterImpl-1b284452-a46a-4ca0-a40f-7c87425d7399/datanode-6/data/ratis] (custom)
2019-10-02 07:57:05,459 [main] INFO  rpc.RpcClient (RpcClient.java:createBucket(416)) - Creating Bucket: testblockoutputstream/testblockoutputstream, with Versioning false and Storage Type set to DISK and Encryption set to false 
2019-10-02 07:57:05,459 [pool-469-thread-1] INFO  server.RaftServerConfigKeys (ConfUtils.java:logGet(43)) - raft.server.log.corruption.policy = EXCEPTION (default)
2019-10-02 07:57:05,459 [pool-469-thread-1] INFO  storage.RaftStorageDirectory (RaftStorageDirectory.java:analyzeStorage(246)) - The storage directory /workdir/hadoop-ozone/integration-test/target/test-dir/MiniOzoneClusterImpl-1b284452-a46a-4ca0-a40f-7c87425d7399/datanode-6/data/ratis/90676608-625d-4300-a1a1-e1d5f6661bc0 does not exist. Creating ...
2019-10-02 07:57:05,472 [pool-469-thread-1] INFO  storage.RaftStorageDirectory (RaftStorageDirectory.java:tryLock(328)) - Lock on /workdir/hadoop-ozone/integration-test/target/test-dir/MiniOzoneClusterImpl-1b284452-a46a-4ca0-a40f-7c87425d7399/datanode-6/data/ratis/90676608-625d-4300-a1a1-e1d5f6661bc0/in_use.lock acquired by nodename 2838@pr-hdds-2227-gdpr-vz6hn-2718222164
2019-10-02 07:57:05,485 [pool-469-thread-1] INFO  storage.RaftStorage (RaftStorage.java:format(84)) - Storage directory /workdir/hadoop-ozone/integration-test/target/test-dir/MiniOzoneClusterImpl-1b284452-a46a-4ca0-a40f-7c87425d7399/datanode-6/data/ratis/90676608-625d-4300-a1a1-e1d5f6661bc0 has been successfully formatted.
2019-10-02 07:57:05,485 [pool-469-thread-1] INFO  ratis.ContainerStateMachine (ContainerStateMachine.java:loadSnapshot(230)) - group-E1D5F6661BC0: The snapshot info is null. Setting the last applied indexto:(t:0, i:~)
2019-10-02 07:57:05,485 [pool-469-thread-1] INFO  server.RaftServerConfigKeys (ConfUtils.java:logGet(43)) - raft.server.notification.no-leader.timeout = 120s (custom)
2019-10-02 07:57:05,486 [pool-469-thread-1] INFO  server.RaftServerConfigKeys (ConfUtils.java:logGet(43)) - raft.server.log.use.memory = false (default)
2019-10-02 07:57:05,486 [pool-469-thread-1] INFO  server.RaftServerConfigKeys (ConfUtils.java:logGet(43)) - raft.server.log.purge.gap = 1000000 (custom)
2019-10-02 07:57:05,486 [pool-469-thread-1] INFO  server.RaftServerConfigKeys (ConfUtils.java:logGet(43)) - raft.server.log.appender.buffer.byte-limit = 33554432 (custom)
2019-10-02 07:57:05,486 [pool-469-thread-1] INFO  server.RaftServerConfigKeys (ConfUtils.java:logGet(43)) - raft.server.log.segment.size.max = 1048576 (custom)
2019-10-02 07:57:05,487 [pool-469-thread-1] INFO  server.RaftServerConfigKeys (ConfUtils.java:logGet(43)) - raft.server.log.segment.cache.num.max = 2 (custom)
2019-10-02 07:57:05,487 [pool-469-thread-1] INFO  segmented.SegmentedRaftLogWorker (SegmentedRaftLogWorker.java:<init>(173)) - new e6be78b6-b565-477b-bb8f-df1e8b94e3c2@group-E1D5F6661BC0-SegmentedRaftLogWorker for RaftStorage:Storage Directory /workdir/hadoop-ozone/integration-test/target/test-dir/MiniOzoneClusterImpl-1b284452-a46a-4ca0-a40f-7c87425d7399/datanode-6/data/ratis/90676608-625d-4300-a1a1-e1d5f6661bc0
2019-10-02 07:57:05,487 [pool-469-thread-1] INFO  server.RaftServerConfigKeys (ConfUtils.java:logGet(43)) - raft.server.log.queue.byte-limit = 2147483647 (custom)
2019-10-02 07:57:05,487 [pool-469-thread-1] INFO  server.RaftServerConfigKeys (ConfUtils.java:logGet(43)) - raft.server.log.queue.element-limit = 1024 (custom)
2019-10-02 07:57:05,488 [pool-469-thread-1] INFO  server.RaftServerConfigKeys (ConfUtils.java:logGet(43)) - raft.server.log.segment.size.max = 1048576 (custom)
2019-10-02 07:57:05,488 [pool-469-thread-1] INFO  server.RaftServerConfigKeys (ConfUtils.java:logGet(43)) - raft.server.log.preallocated.size = 16384 (custom)
2019-10-02 07:57:05,488 [pool-469-thread-1] INFO  server.RaftServerConfigKeys (ConfUtils.java:logGet(43)) - raft.server.log.write.buffer.size = 33554432 (custom)
2019-10-02 07:57:05,488 [pool-469-thread-1] INFO  server.RaftServerConfigKeys (ConfUtils.java:logGet(43)) - raft.server.log.force.sync.num = 128 (default)
2019-10-02 07:57:05,488 [pool-469-thread-1] INFO  server.RaftServerConfigKeys (ConfUtils.java:logGet(43)) - raft.server.log.statemachine.data.sync = true (default)
2019-10-02 07:57:05,488 [pool-469-thread-1] INFO  server.RaftServerConfigKeys (ConfUtils.java:logGet(43)) - raft.server.log.statemachine.data.sync.timeout = 10s (default)
2019-10-02 07:57:05,488 [pool-469-thread-1] INFO  server.RaftServerConfigKeys (ConfUtils.java:logGet(43)) - raft.server.log.statemachine.data.sync.timeout.retry = -1 (default)
2019-10-02 07:57:05,488 [pool-469-thread-1] INFO  server.RaftServerConfigKeys (ConfUtils.java:logGet(43)) - raft.server.log.statemachine.data.caching.enabled = true (custom)
2019-10-02 07:57:05,488 [pool-469-thread-1] INFO  segmented.SegmentedRaftLogWorker (SegmentedRaftLogWorker.java:lambda$new$0(128)) - e6be78b6-b565-477b-bb8f-df1e8b94e3c2@group-E1D5F6661BC0-SegmentedRaftLogWorker: flushIndex: setUnconditionally 0 -> -1
2019-10-02 07:57:05,489 [pool-469-thread-1] INFO  server.RaftServerConfigKeys (ConfUtils.java:logGet(43)) - raft.server.snapshot.auto.trigger.enabled = true (custom)
2019-10-02 07:57:05,489 [pool-469-thread-1] INFO  server.RaftServerConfigKeys (ConfUtils.java:logGet(43)) - raft.server.snapshot.auto.trigger.threshold = 10000 (custom)
2019-10-02 07:57:05,489 [pool-469-thread-1] INFO  server.RaftServerConfigKeys (ConfUtils.java:logGet(43)) - raft.server.snapshot.retention.file.num = 5 (custom)
2019-10-02 07:57:05,489 [pool-469-thread-1] INFO  server.RaftServerConfigKeys (ConfUtils.java:logGet(43)) - raft.server.retrycache.expirytime = 600000ms (custom)
2019-10-02 07:57:05,490 [pool-469-thread-1] INFO  impl.RaftServerImpl (RaftServerImpl.java:start(181)) - e6be78b6-b565-477b-bb8f-df1e8b94e3c2@group-E1D5F6661BC0: start as a follower, conf=-1: [e6be78b6-b565-477b-bb8f-df1e8b94e3c2:192.168.164.211:33442], old=null
2019-10-02 07:57:05,490 [pool-469-thread-1] INFO  impl.RaftServerImpl (RaftServerImpl.java:setRole(170)) - e6be78b6-b565-477b-bb8f-df1e8b94e3c2@group-E1D5F6661BC0: changes role from      null to FOLLOWER at term 0 for startAsFollower
2019-10-02 07:57:05,490 [pool-469-thread-1] INFO  impl.RoleInfo (RoleInfo.java:updateAndGet(143)) - e6be78b6-b565-477b-bb8f-df1e8b94e3c2: start FollowerState
2019-10-02 07:57:05,490 [pool-469-thread-1] INFO  util.JmxRegister (JmxRegister.java:tryRegister(44)) - Successfully registered JMX Bean with object name Ratis:service=RaftServer,group=group-E1D5F6661BC0,id=e6be78b6-b565-477b-bb8f-df1e8b94e3c2
2019-10-02 07:57:05,493 [RatisPipelineUtilsThread] INFO  pipeline.PipelineStateManager (PipelineStateManager.java:addPipeline(56)) - Created pipeline Pipeline[ Id: 90676608-625d-4300-a1a1-e1d5f6661bc0, Nodes: e6be78b6-b565-477b-bb8f-df1e8b94e3c2{ip: 192.168.164.211, host: pr-hdds-2227-gdpr-vz6hn-2718222164, networkLocation: /default-rack, certSerialId: null}, Type:RATIS, Factor:ONE, State:OPEN]
2019-10-02 07:57:05,506 [grpc-default-executor-6] INFO  impl.RaftServerProxy (RaftServerProxy.java:addNew(89)) - 53443156-7e0a-453a-97cc-f5ce78912da9: addNew group-C7944A13F649:[cc91f4db-3be8-4cd0-9ec5-474e4fe6b7d6:192.168.164.211:41477, 53443156-7e0a-453a-97cc-f5ce78912da9:192.168.164.211:40009, e6be78b6-b565-477b-bb8f-df1e8b94e3c2:192.168.164.211:33442] returns group-C7944A13F649:java.util.concurrent.CompletableFuture@22008f24[Not completed]
2019-10-02 07:57:05,506 [grpc-default-executor-7] INFO  impl.RaftServerProxy (RaftServerProxy.java:addNew(89)) - e6be78b6-b565-477b-bb8f-df1e8b94e3c2: addNew group-C7944A13F649:[cc91f4db-3be8-4cd0-9ec5-474e4fe6b7d6:192.168.164.211:41477, 53443156-7e0a-453a-97cc-f5ce78912da9:192.168.164.211:40009, e6be78b6-b565-477b-bb8f-df1e8b94e3c2:192.168.164.211:33442] returns group-C7944A13F649:java.util.concurrent.CompletableFuture@a86d1e3[Not completed]
2019-10-02 07:57:05,506 [grpc-default-executor-8] INFO  impl.RaftServerProxy (RaftServerProxy.java:addNew(89)) - cc91f4db-3be8-4cd0-9ec5-474e4fe6b7d6: addNew group-C7944A13F649:[cc91f4db-3be8-4cd0-9ec5-474e4fe6b7d6:192.168.164.211:41477, 53443156-7e0a-453a-97cc-f5ce78912da9:192.168.164.211:40009, e6be78b6-b565-477b-bb8f-df1e8b94e3c2:192.168.164.211:33442] returns group-C7944A13F649:java.util.concurrent.CompletableFuture@1053166e[Not completed]
2019-10-02 07:57:05,507 [pool-449-thread-1] INFO  impl.RaftServerImpl (RaftServerImpl.java:<init>(95)) - 53443156-7e0a-453a-97cc-f5ce78912da9: new RaftServerImpl for group-C7944A13F649:[cc91f4db-3be8-4cd0-9ec5-474e4fe6b7d6:192.168.164.211:41477, 53443156-7e0a-453a-97cc-f5ce78912da9:192.168.164.211:40009, e6be78b6-b565-477b-bb8f-df1e8b94e3c2:192.168.164.211:33442] with ContainerStateMachine:uninitialized
2019-10-02 07:57:05,507 [pool-449-thread-1] INFO  server.RaftServerConfigKeys (ConfUtils.java:logGet(43)) - raft.server.rpc.timeout.min = 5s (custom)
2019-10-02 07:57:05,507 [pool-449-thread-1] INFO  server.RaftServerConfigKeys (ConfUtils.java:logGet(43)) - raft.server.rpc.timeout.max = 5200ms (custom)
2019-10-02 07:57:05,508 [pool-449-thread-1] INFO  server.RaftServerConfigKeys (ConfUtils.java:logGet(43)) - raft.server.rpcslowness.timeout = 120s (custom)
2019-10-02 07:57:05,508 [pool-449-thread-1] INFO  server.RaftServerConfigKeys (ConfUtils.java:logGet(43)) - raft.server.sleep.deviation.threshold = 300 (default)
2019-10-02 07:57:05,508 [pool-469-thread-1] INFO  impl.RaftServerImpl (RaftServerImpl.java:<init>(95)) - e6be78b6-b565-477b-bb8f-df1e8b94e3c2: new RaftServerImpl for group-C7944A13F649:[cc91f4db-3be8-4cd0-9ec5-474e4fe6b7d6:192.168.164.211:41477, 53443156-7e0a-453a-97cc-f5ce78912da9:192.168.164.211:40009, e6be78b6-b565-477b-bb8f-df1e8b94e3c2:192.168.164.211:33442] with ContainerStateMachine:uninitialized
2019-10-02 07:57:05,508 [pool-449-thread-1] INFO  server.RaftServerConfigKeys (ConfUtils.java:logGet(43)) - raft.server.log.appender.install.snapshot.enabled = false (custom)
2019-10-02 07:57:05,508 [pool-469-thread-1] INFO  server.RaftServerConfigKeys (ConfUtils.java:logGet(43)) - raft.server.rpc.timeout.min = 5s (custom)
2019-10-02 07:57:05,508 [pool-449-thread-1] INFO  impl.RaftServerImpl (ServerState.java:<init>(103)) - 53443156-7e0a-453a-97cc-f5ce78912da9@group-C7944A13F649: ConfigurationManager, init=-1: [cc91f4db-3be8-4cd0-9ec5-474e4fe6b7d6:192.168.164.211:41477, 53443156-7e0a-453a-97cc-f5ce78912da9:192.168.164.211:40009, e6be78b6-b565-477b-bb8f-df1e8b94e3c2:192.168.164.211:33442], old=null, confs=<EMPTY_MAP>
2019-10-02 07:57:05,508 [pool-439-thread-1] INFO  impl.RaftServerImpl (RaftServerImpl.java:<init>(95)) - cc91f4db-3be8-4cd0-9ec5-474e4fe6b7d6: new RaftServerImpl for group-C7944A13F649:[cc91f4db-3be8-4cd0-9ec5-474e4fe6b7d6:192.168.164.211:41477, 53443156-7e0a-453a-97cc-f5ce78912da9:192.168.164.211:40009, e6be78b6-b565-477b-bb8f-df1e8b94e3c2:192.168.164.211:33442] with ContainerStateMachine:uninitialized
2019-10-02 07:57:05,508 [pool-469-thread-1] INFO  server.RaftServerConfigKeys (ConfUtils.java:logGet(43)) - raft.server.rpc.timeout.max = 5200ms (custom)
2019-10-02 07:57:05,508 [pool-439-thread-1] INFO  server.RaftServerConfigKeys (ConfUtils.java:logGet(43)) - raft.server.rpc.timeout.min = 5s (custom)
2019-10-02 07:57:05,508 [pool-449-thread-1] INFO  server.RaftServerConfigKeys (ConfUtils.java:logGet(43)) - raft.server.storage.dir = [/workdir/hadoop-ozone/integration-test/target/test-dir/MiniOzoneClusterImpl-1b284452-a46a-4ca0-a40f-7c87425d7399/datanode-4/data/ratis] (custom)
2019-10-02 07:57:05,508 [pool-439-thread-1] INFO  server.RaftServerConfigKeys (ConfUtils.java:logGet(43)) - raft.server.rpc.timeout.max = 5200ms (custom)
2019-10-02 07:57:05,508 [pool-469-thread-1] INFO  server.RaftServerConfigKeys (ConfUtils.java:logGet(43)) - raft.server.rpcslowness.timeout = 120s (custom)
2019-10-02 07:57:05,509 [pool-449-thread-1] INFO  server.RaftServerConfigKeys (ConfUtils.java:logGet(43)) - raft.server.log.corruption.policy = EXCEPTION (default)
2019-10-02 07:57:05,509 [pool-439-thread-1] INFO  server.RaftServerConfigKeys (ConfUtils.java:logGet(43)) - raft.server.rpcslowness.timeout = 120s (custom)
2019-10-02 07:57:05,509 [pool-449-thread-1] INFO  storage.RaftStorageDirectory (RaftStorageDirectory.java:analyzeStorage(246)) - The storage directory /workdir/hadoop-ozone/integration-test/target/test-dir/MiniOzoneClusterImpl-1b284452-a46a-4ca0-a40f-7c87425d7399/datanode-4/data/ratis/b3544fa9-f301-4f50-8a8d-c7944a13f649 does not exist. Creating ...
2019-10-02 07:57:05,509 [pool-469-thread-1] INFO  server.RaftServerConfigKeys (ConfUtils.java:logGet(43)) - raft.server.sleep.deviation.threshold = 300 (default)
2019-10-02 07:57:05,509 [pool-439-thread-1] INFO  server.RaftServerConfigKeys (ConfUtils.java:logGet(43)) - raft.server.sleep.deviation.threshold = 300 (default)
2019-10-02 07:57:05,509 [pool-469-thread-1] INFO  server.RaftServerConfigKeys (ConfUtils.java:logGet(43)) - raft.server.log.appender.install.snapshot.enabled = false (custom)
2019-10-02 07:57:05,509 [pool-439-thread-1] INFO  server.RaftServerConfigKeys (ConfUtils.java:logGet(43)) - raft.server.log.appender.install.snapshot.enabled = false (custom)
2019-10-02 07:57:05,509 [pool-469-thread-1] INFO  impl.RaftServerImpl (ServerState.java:<init>(103)) - e6be78b6-b565-477b-bb8f-df1e8b94e3c2@group-C7944A13F649: ConfigurationManager, init=-1: [cc91f4db-3be8-4cd0-9ec5-474e4fe6b7d6:192.168.164.211:41477, 53443156-7e0a-453a-97cc-f5ce78912da9:192.168.164.211:40009, e6be78b6-b565-477b-bb8f-df1e8b94e3c2:192.168.164.211:33442], old=null, confs=<EMPTY_MAP>
2019-10-02 07:57:05,509 [pool-439-thread-1] INFO  impl.RaftServerImpl (ServerState.java:<init>(103)) - cc91f4db-3be8-4cd0-9ec5-474e4fe6b7d6@group-C7944A13F649: ConfigurationManager, init=-1: [cc91f4db-3be8-4cd0-9ec5-474e4fe6b7d6:192.168.164.211:41477, 53443156-7e0a-453a-97cc-f5ce78912da9:192.168.164.211:40009, e6be78b6-b565-477b-bb8f-df1e8b94e3c2:192.168.164.211:33442], old=null, confs=<EMPTY_MAP>
2019-10-02 07:57:05,509 [pool-469-thread-1] INFO  server.RaftServerConfigKeys (ConfUtils.java:logGet(43)) - raft.server.storage.dir = [/workdir/hadoop-ozone/integration-test/target/test-dir/MiniOzoneClusterImpl-1b284452-a46a-4ca0-a40f-7c87425d7399/datanode-6/data/ratis] (custom)
2019-10-02 07:57:05,509 [pool-439-thread-1] INFO  server.RaftServerConfigKeys (ConfUtils.java:logGet(43)) - raft.server.storage.dir = [/workdir/hadoop-ozone/integration-test/target/test-dir/MiniOzoneClusterImpl-1b284452-a46a-4ca0-a40f-7c87425d7399/datanode-3/data/ratis] (custom)
2019-10-02 07:57:05,510 [pool-469-thread-1] INFO  server.RaftServerConfigKeys (ConfUtils.java:logGet(43)) - raft.server.log.corruption.policy = EXCEPTION (default)
2019-10-02 07:57:05,510 [pool-439-thread-1] INFO  server.RaftServerConfigKeys (ConfUtils.java:logGet(43)) - raft.server.log.corruption.policy = EXCEPTION (default)
2019-10-02 07:57:05,510 [pool-469-thread-1] INFO  storage.RaftStorageDirectory (RaftStorageDirectory.java:analyzeStorage(246)) - The storage directory /workdir/hadoop-ozone/integration-test/target/test-dir/MiniOzoneClusterImpl-1b284452-a46a-4ca0-a40f-7c87425d7399/datanode-6/data/ratis/b3544fa9-f301-4f50-8a8d-c7944a13f649 does not exist. Creating ...
2019-10-02 07:57:05,510 [pool-439-thread-1] INFO  storage.RaftStorageDirectory (RaftStorageDirectory.java:analyzeStorage(246)) - The storage directory /workdir/hadoop-ozone/integration-test/target/test-dir/MiniOzoneClusterImpl-1b284452-a46a-4ca0-a40f-7c87425d7399/datanode-3/data/ratis/b3544fa9-f301-4f50-8a8d-c7944a13f649 does not exist. Creating ...
2019-10-02 07:57:05,533 [pool-469-thread-1] INFO  storage.RaftStorageDirectory (RaftStorageDirectory.java:tryLock(328)) - Lock on /workdir/hadoop-ozone/integration-test/target/test-dir/MiniOzoneClusterImpl-1b284452-a46a-4ca0-a40f-7c87425d7399/datanode-6/data/ratis/b3544fa9-f301-4f50-8a8d-c7944a13f649/in_use.lock acquired by nodename 2838@pr-hdds-2227-gdpr-vz6hn-2718222164
2019-10-02 07:57:05,533 [pool-449-thread-1] INFO  storage.RaftStorageDirectory (RaftStorageDirectory.java:tryLock(328)) - Lock on /workdir/hadoop-ozone/integration-test/target/test-dir/MiniOzoneClusterImpl-1b284452-a46a-4ca0-a40f-7c87425d7399/datanode-4/data/ratis/b3544fa9-f301-4f50-8a8d-c7944a13f649/in_use.lock acquired by nodename 2838@pr-hdds-2227-gdpr-vz6hn-2718222164
2019-10-02 07:57:05,533 [pool-439-thread-1] INFO  storage.RaftStorageDirectory (RaftStorageDirectory.java:tryLock(328)) - Lock on /workdir/hadoop-ozone/integration-test/target/test-dir/MiniOzoneClusterImpl-1b284452-a46a-4ca0-a40f-7c87425d7399/datanode-3/data/ratis/b3544fa9-f301-4f50-8a8d-c7944a13f649/in_use.lock acquired by nodename 2838@pr-hdds-2227-gdpr-vz6hn-2718222164
2019-10-02 07:57:05,548 [pool-449-thread-1] INFO  storage.RaftStorage (RaftStorage.java:format(84)) - Storage directory /workdir/hadoop-ozone/integration-test/target/test-dir/MiniOzoneClusterImpl-1b284452-a46a-4ca0-a40f-7c87425d7399/datanode-4/data/ratis/b3544fa9-f301-4f50-8a8d-c7944a13f649 has been successfully formatted.
2019-10-02 07:57:05,548 [pool-469-thread-1] INFO  storage.RaftStorage (RaftStorage.java:format(84)) - Storage directory /workdir/hadoop-ozone/integration-test/target/test-dir/MiniOzoneClusterImpl-1b284452-a46a-4ca0-a40f-7c87425d7399/datanode-6/data/ratis/b3544fa9-f301-4f50-8a8d-c7944a13f649 has been successfully formatted.
2019-10-02 07:57:05,548 [pool-439-thread-1] INFO  storage.RaftStorage (RaftStorage.java:format(84)) - Storage directory /workdir/hadoop-ozone/integration-test/target/test-dir/MiniOzoneClusterImpl-1b284452-a46a-4ca0-a40f-7c87425d7399/datanode-3/data/ratis/b3544fa9-f301-4f50-8a8d-c7944a13f649 has been successfully formatted.
2019-10-02 07:57:05,548 [pool-449-thread-1] INFO  ratis.ContainerStateMachine (ContainerStateMachine.java:loadSnapshot(230)) - group-C7944A13F649: The snapshot info is null. Setting the last applied indexto:(t:0, i:~)
2019-10-02 07:57:05,549 [pool-439-thread-1] INFO  ratis.ContainerStateMachine (ContainerStateMachine.java:loadSnapshot(230)) - group-C7944A13F649: The snapshot info is null. Setting the last applied indexto:(t:0, i:~)
2019-10-02 07:57:05,549 [pool-469-thread-1] INFO  ratis.ContainerStateMachine (ContainerStateMachine.java:loadSnapshot(230)) - group-C7944A13F649: The snapshot info is null. Setting the last applied indexto:(t:0, i:~)
2019-10-02 07:57:05,549 [pool-439-thread-1] INFO  server.RaftServerConfigKeys (ConfUtils.java:logGet(43)) - raft.server.notification.no-leader.timeout = 120s (custom)
2019-10-02 07:57:05,549 [pool-449-thread-1] INFO  server.RaftServerConfigKeys (ConfUtils.java:logGet(43)) - raft.server.notification.no-leader.timeout = 120s (custom)
2019-10-02 07:57:05,549 [pool-439-thread-1] INFO  server.RaftServerConfigKeys (ConfUtils.java:logGet(43)) - raft.server.log.use.memory = false (default)
2019-10-02 07:57:05,549 [pool-469-thread-1] INFO  server.RaftServerConfigKeys (ConfUtils.java:logGet(43)) - raft.server.notification.no-leader.timeout = 120s (custom)
2019-10-02 07:57:05,549 [pool-439-thread-1] INFO  server.RaftServerConfigKeys (ConfUtils.java:logGet(43)) - raft.server.log.purge.gap = 1000000 (custom)
2019-10-02 07:57:05,549 [pool-449-thread-1] INFO  server.RaftServerConfigKeys (ConfUtils.java:logGet(43)) - raft.server.log.use.memory = false (default)
2019-10-02 07:57:05,549 [pool-439-thread-1] INFO  server.RaftServerConfigKeys (ConfUtils.java:logGet(43)) - raft.server.log.appender.buffer.byte-limit = 33554432 (custom)
2019-10-02 07:57:05,549 [pool-469-thread-1] INFO  server.RaftServerConfigKeys (ConfUtils.java:logGet(43)) - raft.server.log.use.memory = false (default)
2019-10-02 07:57:05,550 [pool-439-thread-1] INFO  server.RaftServerConfigKeys (ConfUtils.java:logGet(43)) - raft.server.log.segment.size.max = 1048576 (custom)
2019-10-02 07:57:05,549 [pool-449-thread-1] INFO  server.RaftServerConfigKeys (ConfUtils.java:logGet(43)) - raft.server.log.purge.gap = 1000000 (custom)
2019-10-02 07:57:05,550 [pool-439-thread-1] INFO  server.RaftServerConfigKeys (ConfUtils.java:logGet(43)) - raft.server.log.segment.cache.num.max = 2 (custom)
2019-10-02 07:57:05,550 [pool-469-thread-1] INFO  server.RaftServerConfigKeys (ConfUtils.java:logGet(43)) - raft.server.log.purge.gap = 1000000 (custom)
2019-10-02 07:57:05,550 [pool-439-thread-1] INFO  segmented.SegmentedRaftLogWorker (SegmentedRaftLogWorker.java:<init>(173)) - new cc91f4db-3be8-4cd0-9ec5-474e4fe6b7d6@group-C7944A13F649-SegmentedRaftLogWorker for RaftStorage:Storage Directory /workdir/hadoop-ozone/integration-test/target/test-dir/MiniOzoneClusterImpl-1b284452-a46a-4ca0-a40f-7c87425d7399/datanode-3/data/ratis/b3544fa9-f301-4f50-8a8d-c7944a13f649
2019-10-02 07:57:05,550 [pool-439-thread-1] INFO  server.RaftServerConfigKeys (ConfUtils.java:logGet(43)) - raft.server.log.queue.byte-limit = 2147483647 (custom)
2019-10-02 07:57:05,550 [pool-449-thread-1] INFO  server.RaftServerConfigKeys (ConfUtils.java:logGet(43)) - raft.server.log.appender.buffer.byte-limit = 33554432 (custom)
2019-10-02 07:57:05,550 [pool-439-thread-1] INFO  server.RaftServerConfigKeys (ConfUtils.java:logGet(43)) - raft.server.log.queue.element-limit = 1024 (custom)
2019-10-02 07:57:05,550 [pool-469-thread-1] INFO  server.RaftServerConfigKeys (ConfUtils.java:logGet(43)) - raft.server.log.appender.buffer.byte-limit = 33554432 (custom)
2019-10-02 07:57:05,550 [pool-439-thread-1] INFO  server.RaftServerConfigKeys (ConfUtils.java:logGet(43)) - raft.server.log.segment.size.max = 1048576 (custom)
2019-10-02 07:57:05,550 [pool-449-thread-1] INFO  server.RaftServerConfigKeys (ConfUtils.java:logGet(43)) - raft.server.log.segment.size.max = 1048576 (custom)
2019-10-02 07:57:05,551 [pool-439-thread-1] INFO  server.RaftServerConfigKeys (ConfUtils.java:logGet(43)) - raft.server.log.preallocated.size = 16384 (custom)
2019-10-02 07:57:05,551 [pool-469-thread-1] INFO  server.RaftServerConfigKeys (ConfUtils.java:logGet(43)) - raft.server.log.segment.size.max = 1048576 (custom)
2019-10-02 07:57:05,551 [pool-439-thread-1] INFO  server.RaftServerConfigKeys (ConfUtils.java:logGet(43)) - raft.server.log.write.buffer.size = 33554432 (custom)
2019-10-02 07:57:05,551 [pool-449-thread-1] INFO  server.RaftServerConfigKeys (ConfUtils.java:logGet(43)) - raft.server.log.segment.cache.num.max = 2 (custom)
2019-10-02 07:57:05,551 [pool-439-thread-1] INFO  server.RaftServerConfigKeys (ConfUtils.java:logGet(43)) - raft.server.log.force.sync.num = 128 (default)
2019-10-02 07:57:05,551 [pool-469-thread-1] INFO  server.RaftServerConfigKeys (ConfUtils.java:logGet(43)) - raft.server.log.segment.cache.num.max = 2 (custom)
2019-10-02 07:57:05,551 [pool-439-thread-1] INFO  server.RaftServerConfigKeys (ConfUtils.java:logGet(43)) - raft.server.log.statemachine.data.sync = true (default)
2019-10-02 07:57:05,551 [pool-449-thread-1] INFO  segmented.SegmentedRaftLogWorker (SegmentedRaftLogWorker.java:<init>(173)) - new 53443156-7e0a-453a-97cc-f5ce78912da9@group-C7944A13F649-SegmentedRaftLogWorker for RaftStorage:Storage Directory /workdir/hadoop-ozone/integration-test/target/test-dir/MiniOzoneClusterImpl-1b284452-a46a-4ca0-a40f-7c87425d7399/datanode-4/data/ratis/b3544fa9-f301-4f50-8a8d-c7944a13f649
2019-10-02 07:57:05,551 [pool-439-thread-1] INFO  server.RaftServerConfigKeys (ConfUtils.java:logGet(43)) - raft.server.log.statemachine.data.sync.timeout = 10s (default)
2019-10-02 07:57:05,551 [pool-469-thread-1] INFO  segmented.SegmentedRaftLogWorker (SegmentedRaftLogWorker.java:<init>(173)) - new e6be78b6-b565-477b-bb8f-df1e8b94e3c2@group-C7944A13F649-SegmentedRaftLogWorker for RaftStorage:Storage Directory /workdir/hadoop-ozone/integration-test/target/test-dir/MiniOzoneClusterImpl-1b284452-a46a-4ca0-a40f-7c87425d7399/datanode-6/data/ratis/b3544fa9-f301-4f50-8a8d-c7944a13f649
2019-10-02 07:57:05,551 [pool-439-thread-1] INFO  server.RaftServerConfigKeys (ConfUtils.java:logGet(43)) - raft.server.log.statemachine.data.sync.timeout.retry = -1 (default)
2019-10-02 07:57:05,551 [pool-449-thread-1] INFO  server.RaftServerConfigKeys (ConfUtils.java:logGet(43)) - raft.server.log.queue.byte-limit = 2147483647 (custom)
2019-10-02 07:57:05,552 [pool-439-thread-1] INFO  server.RaftServerConfigKeys (ConfUtils.java:logGet(43)) - raft.server.log.statemachine.data.caching.enabled = true (custom)
2019-10-02 07:57:05,552 [pool-469-thread-1] INFO  server.RaftServerConfigKeys (ConfUtils.java:logGet(43)) - raft.server.log.queue.byte-limit = 2147483647 (custom)
2019-10-02 07:57:05,552 [pool-449-thread-1] INFO  server.RaftServerConfigKeys (ConfUtils.java:logGet(43)) - raft.server.log.queue.element-limit = 1024 (custom)
2019-10-02 07:57:05,552 [pool-469-thread-1] INFO  server.RaftServerConfigKeys (ConfUtils.java:logGet(43)) - raft.server.log.queue.element-limit = 1024 (custom)
2019-10-02 07:57:05,552 [pool-439-thread-1] INFO  segmented.SegmentedRaftLogWorker (SegmentedRaftLogWorker.java:lambda$new$0(128)) - cc91f4db-3be8-4cd0-9ec5-474e4fe6b7d6@group-C7944A13F649-SegmentedRaftLogWorker: flushIndex: setUnconditionally 0 -> -1
2019-10-02 07:57:05,552 [pool-469-thread-1] INFO  server.RaftServerConfigKeys (ConfUtils.java:logGet(43)) - raft.server.log.segment.size.max = 1048576 (custom)
2019-10-02 07:57:05,552 [pool-449-thread-1] INFO  server.RaftServerConfigKeys (ConfUtils.java:logGet(43)) - raft.server.log.segment.size.max = 1048576 (custom)
2019-10-02 07:57:05,552 [pool-439-thread-1] INFO  server.RaftServerConfigKeys (ConfUtils.java:logGet(43)) - raft.server.snapshot.auto.trigger.enabled = true (custom)
2019-10-02 07:57:05,552 [pool-469-thread-1] INFO  server.RaftServerConfigKeys (ConfUtils.java:logGet(43)) - raft.server.log.preallocated.size = 16384 (custom)
2019-10-02 07:57:05,552 [pool-439-thread-1] INFO  server.RaftServerConfigKeys (ConfUtils.java:logGet(43)) - raft.server.snapshot.auto.trigger.threshold = 10000 (custom)
2019-10-02 07:57:05,552 [pool-449-thread-1] INFO  server.RaftServerConfigKeys (ConfUtils.java:logGet(43)) - raft.server.log.preallocated.size = 16384 (custom)
2019-10-02 07:57:05,553 [pool-439-thread-1] INFO  server.RaftServerConfigKeys (ConfUtils.java:logGet(43)) - raft.server.snapshot.retention.file.num = 5 (custom)
2019-10-02 07:57:05,553 [pool-469-thread-1] INFO  server.RaftServerConfigKeys (ConfUtils.java:logGet(43)) - raft.server.log.write.buffer.size = 33554432 (custom)
2019-10-02 07:57:05,553 [pool-439-thread-1] INFO  server.RaftServerConfigKeys (ConfUtils.java:logGet(43)) - raft.server.retrycache.expirytime = 600000ms (custom)
2019-10-02 07:57:05,553 [pool-449-thread-1] INFO  server.RaftServerConfigKeys (ConfUtils.java:logGet(43)) - raft.server.log.write.buffer.size = 33554432 (custom)
2019-10-02 07:57:05,553 [pool-469-thread-1] INFO  server.RaftServerConfigKeys (ConfUtils.java:logGet(43)) - raft.server.log.force.sync.num = 128 (default)
2019-10-02 07:57:05,553 [pool-449-thread-1] INFO  server.RaftServerConfigKeys (ConfUtils.java:logGet(43)) - raft.server.log.force.sync.num = 128 (default)
2019-10-02 07:57:05,553 [pool-469-thread-1] INFO  server.RaftServerConfigKeys (ConfUtils.java:logGet(43)) - raft.server.log.statemachine.data.sync = true (default)
2019-10-02 07:57:05,553 [pool-449-thread-1] INFO  server.RaftServerConfigKeys (ConfUtils.java:logGet(43)) - raft.server.log.statemachine.data.sync = true (default)
2019-10-02 07:57:05,553 [pool-449-thread-1] INFO  server.RaftServerConfigKeys (ConfUtils.java:logGet(43)) - raft.server.log.statemachine.data.sync.timeout = 10s (default)
2019-10-02 07:57:05,553 [pool-469-thread-1] INFO  server.RaftServerConfigKeys (ConfUtils.java:logGet(43)) - raft.server.log.statemachine.data.sync.timeout = 10s (default)
2019-10-02 07:57:05,554 [pool-449-thread-1] INFO  server.RaftServerConfigKeys (ConfUtils.java:logGet(43)) - raft.server.log.statemachine.data.sync.timeout.retry = -1 (default)
2019-10-02 07:57:05,554 [pool-469-thread-1] INFO  server.RaftServerConfigKeys (ConfUtils.java:logGet(43)) - raft.server.log.statemachine.data.sync.timeout.retry = -1 (default)
2019-10-02 07:57:05,554 [pool-449-thread-1] INFO  server.RaftServerConfigKeys (ConfUtils.java:logGet(43)) - raft.server.log.statemachine.data.caching.enabled = true (custom)
2019-10-02 07:57:05,554 [pool-469-thread-1] INFO  server.RaftServerConfigKeys (ConfUtils.java:logGet(43)) - raft.server.log.statemachine.data.caching.enabled = true (custom)
2019-10-02 07:57:05,554 [pool-449-thread-1] INFO  segmented.SegmentedRaftLogWorker (SegmentedRaftLogWorker.java:lambda$new$0(128)) - 53443156-7e0a-453a-97cc-f5ce78912da9@group-C7944A13F649-SegmentedRaftLogWorker: flushIndex: setUnconditionally 0 -> -1
2019-10-02 07:57:05,554 [pool-439-thread-1] INFO  impl.RaftServerImpl (RaftServerImpl.java:start(181)) - cc91f4db-3be8-4cd0-9ec5-474e4fe6b7d6@group-C7944A13F649: start as a follower, conf=-1: [cc91f4db-3be8-4cd0-9ec5-474e4fe6b7d6:192.168.164.211:41477, 53443156-7e0a-453a-97cc-f5ce78912da9:192.168.164.211:40009, e6be78b6-b565-477b-bb8f-df1e8b94e3c2:192.168.164.211:33442], old=null
2019-10-02 07:57:05,554 [pool-469-thread-1] INFO  segmented.SegmentedRaftLogWorker (SegmentedRaftLogWorker.java:lambda$new$0(128)) - e6be78b6-b565-477b-bb8f-df1e8b94e3c2@group-C7944A13F649-SegmentedRaftLogWorker: flushIndex: setUnconditionally 0 -> -1
2019-10-02 07:57:05,554 [pool-449-thread-1] INFO  server.RaftServerConfigKeys (ConfUtils.java:logGet(43)) - raft.server.snapshot.auto.trigger.enabled = true (custom)
2019-10-02 07:57:05,554 [pool-439-thread-1] INFO  impl.RaftServerImpl (RaftServerImpl.java:setRole(170)) - cc91f4db-3be8-4cd0-9ec5-474e4fe6b7d6@group-C7944A13F649: changes role from      null to FOLLOWER at term 0 for startAsFollower
2019-10-02 07:57:05,555 [pool-469-thread-1] INFO  server.RaftServerConfigKeys (ConfUtils.java:logGet(43)) - raft.server.snapshot.auto.trigger.enabled = true (custom)
2019-10-02 07:57:05,554 [pool-449-thread-1] INFO  server.RaftServerConfigKeys (ConfUtils.java:logGet(43)) - raft.server.snapshot.auto.trigger.threshold = 10000 (custom)
2019-10-02 07:57:05,555 [pool-469-thread-1] INFO  server.RaftServerConfigKeys (ConfUtils.java:logGet(43)) - raft.server.snapshot.auto.trigger.threshold = 10000 (custom)
2019-10-02 07:57:05,555 [pool-439-thread-1] INFO  impl.RoleInfo (RoleInfo.java:updateAndGet(143)) - cc91f4db-3be8-4cd0-9ec5-474e4fe6b7d6: start FollowerState
2019-10-02 07:57:05,555 [pool-469-thread-1] INFO  server.RaftServerConfigKeys (ConfUtils.java:logGet(43)) - raft.server.snapshot.retention.file.num = 5 (custom)
2019-10-02 07:57:05,555 [pool-449-thread-1] INFO  server.RaftServerConfigKeys (ConfUtils.java:logGet(43)) - raft.server.snapshot.retention.file.num = 5 (custom)
2019-10-02 07:57:05,555 [pool-439-thread-1] INFO  util.JmxRegister (JmxRegister.java:tryRegister(44)) - Successfully registered JMX Bean with object name Ratis:service=RaftServer,group=group-C7944A13F649,id=cc91f4db-3be8-4cd0-9ec5-474e4fe6b7d6
2019-10-02 07:57:05,555 [pool-469-thread-1] INFO  server.RaftServerConfigKeys (ConfUtils.java:logGet(43)) - raft.server.retrycache.expirytime = 600000ms (custom)
2019-10-02 07:57:05,555 [pool-449-thread-1] INFO  server.RaftServerConfigKeys (ConfUtils.java:logGet(43)) - raft.server.retrycache.expirytime = 600000ms (custom)
2019-10-02 07:57:05,558 [pool-469-thread-1] INFO  impl.RaftServerImpl (RaftServerImpl.java:start(181)) - e6be78b6-b565-477b-bb8f-df1e8b94e3c2@group-C7944A13F649: start as a follower, conf=-1: [cc91f4db-3be8-4cd0-9ec5-474e4fe6b7d6:192.168.164.211:41477, 53443156-7e0a-453a-97cc-f5ce78912da9:192.168.164.211:40009, e6be78b6-b565-477b-bb8f-df1e8b94e3c2:192.168.164.211:33442], old=null
2019-10-02 07:57:05,558 [pool-469-thread-1] INFO  impl.RaftServerImpl (RaftServerImpl.java:setRole(170)) - e6be78b6-b565-477b-bb8f-df1e8b94e3c2@group-C7944A13F649: changes role from      null to FOLLOWER at term 0 for startAsFollower
2019-10-02 07:57:05,558 [pool-449-thread-1] INFO  impl.RaftServerImpl (RaftServerImpl.java:start(181)) - 53443156-7e0a-453a-97cc-f5ce78912da9@group-C7944A13F649: start as a follower, conf=-1: [cc91f4db-3be8-4cd0-9ec5-474e4fe6b7d6:192.168.164.211:41477, 53443156-7e0a-453a-97cc-f5ce78912da9:192.168.164.211:40009, e6be78b6-b565-477b-bb8f-df1e8b94e3c2:192.168.164.211:33442], old=null
2019-10-02 07:57:05,558 [pool-469-thread-1] INFO  impl.RoleInfo (RoleInfo.java:updateAndGet(143)) - e6be78b6-b565-477b-bb8f-df1e8b94e3c2: start FollowerState
2019-10-02 07:57:05,558 [pool-449-thread-1] INFO  impl.RaftServerImpl (RaftServerImpl.java:setRole(170)) - 53443156-7e0a-453a-97cc-f5ce78912da9@group-C7944A13F649: changes role from      null to FOLLOWER at term 0 for startAsFollower
2019-10-02 07:57:05,559 [pool-469-thread-1] INFO  util.JmxRegister (JmxRegister.java:tryRegister(44)) - Successfully registered JMX Bean with object name Ratis:service=RaftServer,group=group-C7944A13F649,id=e6be78b6-b565-477b-bb8f-df1e8b94e3c2
2019-10-02 07:57:05,559 [pool-449-thread-1] INFO  impl.RoleInfo (RoleInfo.java:updateAndGet(143)) - 53443156-7e0a-453a-97cc-f5ce78912da9: start FollowerState
2019-10-02 07:57:05,559 [pool-449-thread-1] INFO  util.JmxRegister (JmxRegister.java:tryRegister(44)) - Successfully registered JMX Bean with object name Ratis:service=RaftServer,group=group-C7944A13F649,id=53443156-7e0a-453a-97cc-f5ce78912da9
2019-10-02 07:57:05,563 [RatisPipelineUtilsThread] INFO  pipeline.PipelineStateManager (PipelineStateManager.java:addPipeline(56)) - Created pipeline Pipeline[ Id: b3544fa9-f301-4f50-8a8d-c7944a13f649, Nodes: e6be78b6-b565-477b-bb8f-df1e8b94e3c2{ip: 192.168.164.211, host: pr-hdds-2227-gdpr-vz6hn-2718222164, networkLocation: /default-rack, certSerialId: null}53443156-7e0a-453a-97cc-f5ce78912da9{ip: 192.168.164.211, host: pr-hdds-2227-gdpr-vz6hn-2718222164, networkLocation: /default-rack, certSerialId: null}cc91f4db-3be8-4cd0-9ec5-474e4fe6b7d6{ip: 192.168.164.211, host: pr-hdds-2227-gdpr-vz6hn-2718222164, networkLocation: /default-rack, certSerialId: null}, Type:RATIS, Factor:THREE, State:OPEN]
2019-10-02 07:57:08,060 [Thread-2835] INFO  container.ReplicationManager (ReplicationManager.java:start(162)) - Starting Replication Monitor Thread.
2019-10-02 07:57:08,064 [ReplicationMonitor] INFO  container.ReplicationManager (ReplicationManager.java:run(225)) - Replication Monitor Thread took 0 milliseconds for processing 1 containers.
2019-10-02 07:57:10,104 [Thread-2837] INFO  impl.FollowerState (FollowerState.java:run(108)) - 40a59037-f13e-442f-b21d-bc75ef3f3ac7@group-682F2627757E-FollowerState: change to CANDIDATE, lastRpcTime:5000ms, electionTimeout:5000ms
2019-10-02 07:57:10,104 [Thread-2837] INFO  impl.RoleInfo (RoleInfo.java:shutdownFollowerState(121)) - 40a59037-f13e-442f-b21d-bc75ef3f3ac7: shutdown FollowerState
2019-10-02 07:57:10,104 [Thread-2837] INFO  impl.RaftServerImpl (RaftServerImpl.java:setRole(170)) - 40a59037-f13e-442f-b21d-bc75ef3f3ac7@group-682F2627757E: changes role from  FOLLOWER to CANDIDATE at term 0 for changeToCandidate
2019-10-02 07:57:10,104 [Thread-2837] INFO  impl.RoleInfo (RoleInfo.java:updateAndGet(143)) - 40a59037-f13e-442f-b21d-bc75ef3f3ac7: start LeaderElection
2019-10-02 07:57:10,129 [40a59037-f13e-442f-b21d-bc75ef3f3ac7@group-682F2627757E-LeaderElection53] INFO  impl.LeaderElection (LeaderElection.java:askForVotes(178)) - 40a59037-f13e-442f-b21d-bc75ef3f3ac7@group-682F2627757E-LeaderElection53: begin an election at term 1 for -1: [40a59037-f13e-442f-b21d-bc75ef3f3ac7:192.168.164.211:34005], old=null
2019-10-02 07:57:10,129 [40a59037-f13e-442f-b21d-bc75ef3f3ac7@group-682F2627757E-LeaderElection53] INFO  impl.RoleInfo (RoleInfo.java:shutdownLeaderElection(134)) - 40a59037-f13e-442f-b21d-bc75ef3f3ac7: shutdown LeaderElection
2019-10-02 07:57:10,129 [40a59037-f13e-442f-b21d-bc75ef3f3ac7@group-682F2627757E-LeaderElection53] INFO  impl.RaftServerImpl (RaftServerImpl.java:setRole(170)) - 40a59037-f13e-442f-b21d-bc75ef3f3ac7@group-682F2627757E: changes role from CANDIDATE to LEADER at term 1 for changeToLeader
2019-10-02 07:57:10,129 [40a59037-f13e-442f-b21d-bc75ef3f3ac7@group-682F2627757E-LeaderElection53] INFO  impl.RaftServerImpl (ServerState.java:setLeader(255)) - 40a59037-f13e-442f-b21d-bc75ef3f3ac7@group-682F2627757E: change Leader from null to 40a59037-f13e-442f-b21d-bc75ef3f3ac7 at term 1 for becomeLeader, leader elected after 5031ms
2019-10-02 07:57:10,129 [40a59037-f13e-442f-b21d-bc75ef3f3ac7@group-682F2627757E-LeaderElection53] INFO  server.RaftServerConfigKeys (ConfUtils.java:logGet(43)) - raft.server.staging.catchup.gap = 1000 (default)
2019-10-02 07:57:10,129 [40a59037-f13e-442f-b21d-bc75ef3f3ac7@group-682F2627757E-LeaderElection53] INFO  server.RaftServerConfigKeys (ConfUtils.java:logGet(43)) - raft.server.rpc.sleep.time = 25ms (default)
2019-10-02 07:57:10,130 [40a59037-f13e-442f-b21d-bc75ef3f3ac7@group-682F2627757E-LeaderElection53] INFO  server.RaftServerConfigKeys (ConfUtils.java:logGet(43)) - raft.server.write.element-limit = 4096 (default)
2019-10-02 07:57:10,130 [40a59037-f13e-442f-b21d-bc75ef3f3ac7@group-682F2627757E-LeaderElection53] INFO  server.RaftServerConfigKeys (ConfUtils.java:logGet(43)) - raft.server.watch.timeout = 10s (default)
2019-10-02 07:57:10,130 [40a59037-f13e-442f-b21d-bc75ef3f3ac7@group-682F2627757E-LeaderElection53] INFO  server.RaftServerConfigKeys (ConfUtils.java:logGet(43)) - raft.server.watch.timeout.denomination = 1s (default)
2019-10-02 07:57:10,130 [40a59037-f13e-442f-b21d-bc75ef3f3ac7@group-682F2627757E-LeaderElection53] INFO  server.RaftServerConfigKeys (ConfUtils.java:logGet(43)) - raft.server.watch.element-limit = 65536 (default)
2019-10-02 07:57:10,132 [40a59037-f13e-442f-b21d-bc75ef3f3ac7@group-682F2627757E-LeaderElection53] INFO  impl.RoleInfo (RoleInfo.java:updateAndGet(143)) - 40a59037-f13e-442f-b21d-bc75ef3f3ac7: start LeaderState
2019-10-02 07:57:10,132 [40a59037-f13e-442f-b21d-bc75ef3f3ac7@group-682F2627757E-LeaderElection53] INFO  segmented.SegmentedRaftLogWorker (SegmentedRaftLogWorker.java:startLogSegment(385)) - 40a59037-f13e-442f-b21d-bc75ef3f3ac7@group-682F2627757E-SegmentedRaftLogWorker: Starting segment from index:0
2019-10-02 07:57:10,132 [40a59037-f13e-442f-b21d-bc75ef3f3ac7@group-682F2627757E-LeaderElection53] INFO  impl.RaftServerImpl (ServerState.java:setRaftConf(356)) - 40a59037-f13e-442f-b21d-bc75ef3f3ac7@group-682F2627757E: set configuration 0: [40a59037-f13e-442f-b21d-bc75ef3f3ac7:192.168.164.211:34005], old=null at 0
2019-10-02 07:57:10,182 [40a59037-f13e-442f-b21d-bc75ef3f3ac7@group-682F2627757E-SegmentedRaftLogWorker] INFO  segmented.SegmentedRaftLogWorker (SegmentedRaftLogWorker.java:execute(574)) - 40a59037-f13e-442f-b21d-bc75ef3f3ac7@group-682F2627757E-SegmentedRaftLogWorker: created new log segment /workdir/hadoop-ozone/integration-test/target/test-dir/MiniOzoneClusterImpl-1b284452-a46a-4ca0-a40f-7c87425d7399/datanode-0/data/ratis/443e1528-21f2-4719-8ab1-682f2627757e/current/log_inprogress_0
2019-10-02 07:57:10,242 [Thread-2840] INFO  impl.FollowerState (FollowerState.java:run(108)) - 63987b2c-fa7c-4d81-b174-6922948a5118@group-ED2DD6E4A53C-FollowerState: change to CANDIDATE, lastRpcTime:5093ms, electionTimeout:5093ms
2019-10-02 07:57:10,242 [Thread-2840] INFO  impl.RoleInfo (RoleInfo.java:shutdownFollowerState(121)) - 63987b2c-fa7c-4d81-b174-6922948a5118: shutdown FollowerState
2019-10-02 07:57:10,242 [Thread-2840] INFO  impl.RaftServerImpl (RaftServerImpl.java:setRole(170)) - 63987b2c-fa7c-4d81-b174-6922948a5118@group-ED2DD6E4A53C: changes role from  FOLLOWER to CANDIDATE at term 0 for changeToCandidate
2019-10-02 07:57:10,242 [Thread-2840] INFO  impl.RoleInfo (RoleInfo.java:updateAndGet(143)) - 63987b2c-fa7c-4d81-b174-6922948a5118: start LeaderElection
2019-10-02 07:57:10,246 [Thread-2843] INFO  impl.FollowerState (FollowerState.java:run(108)) - ce132960-38ca-4eb2-a2a4-e2a76adf71a1@group-70962D47B60B-FollowerState: change to CANDIDATE, lastRpcTime:5046ms, electionTimeout:5044ms
2019-10-02 07:57:10,251 [Thread-2843] INFO  impl.RoleInfo (RoleInfo.java:shutdownFollowerState(121)) - ce132960-38ca-4eb2-a2a4-e2a76adf71a1: shutdown FollowerState
2019-10-02 07:57:10,251 [Thread-2843] INFO  impl.RaftServerImpl (RaftServerImpl.java:setRole(170)) - ce132960-38ca-4eb2-a2a4-e2a76adf71a1@group-70962D47B60B: changes role from  FOLLOWER to CANDIDATE at term 0 for changeToCandidate
2019-10-02 07:57:10,251 [Thread-2843] INFO  impl.RoleInfo (RoleInfo.java:updateAndGet(143)) - ce132960-38ca-4eb2-a2a4-e2a76adf71a1: start LeaderElection
2019-10-02 07:57:10,266 [63987b2c-fa7c-4d81-b174-6922948a5118@group-ED2DD6E4A53C-LeaderElection54] INFO  impl.LeaderElection (LeaderElection.java:askForVotes(178)) - 63987b2c-fa7c-4d81-b174-6922948a5118@group-ED2DD6E4A53C-LeaderElection54: begin an election at term 1 for -1: [63987b2c-fa7c-4d81-b174-6922948a5118:192.168.164.211:36859], old=null
2019-10-02 07:57:10,267 [63987b2c-fa7c-4d81-b174-6922948a5118@group-ED2DD6E4A53C-LeaderElection54] INFO  impl.RoleInfo (RoleInfo.java:shutdownLeaderElection(134)) - 63987b2c-fa7c-4d81-b174-6922948a5118: shutdown LeaderElection
2019-10-02 07:57:10,267 [63987b2c-fa7c-4d81-b174-6922948a5118@group-ED2DD6E4A53C-LeaderElection54] INFO  impl.RaftServerImpl (RaftServerImpl.java:setRole(170)) - 63987b2c-fa7c-4d81-b174-6922948a5118@group-ED2DD6E4A53C: changes role from CANDIDATE to LEADER at term 1 for changeToLeader
2019-10-02 07:57:10,267 [63987b2c-fa7c-4d81-b174-6922948a5118@group-ED2DD6E4A53C-LeaderElection54] INFO  impl.RaftServerImpl (ServerState.java:setLeader(255)) - 63987b2c-fa7c-4d81-b174-6922948a5118@group-ED2DD6E4A53C: change Leader from null to 63987b2c-fa7c-4d81-b174-6922948a5118 at term 1 for becomeLeader, leader elected after 5122ms
2019-10-02 07:57:10,267 [63987b2c-fa7c-4d81-b174-6922948a5118@group-ED2DD6E4A53C-LeaderElection54] INFO  server.RaftServerConfigKeys (ConfUtils.java:logGet(43)) - raft.server.staging.catchup.gap = 1000 (default)
2019-10-02 07:57:10,267 [63987b2c-fa7c-4d81-b174-6922948a5118@group-ED2DD6E4A53C-LeaderElection54] INFO  server.RaftServerConfigKeys (ConfUtils.java:logGet(43)) - raft.server.rpc.sleep.time = 25ms (default)
2019-10-02 07:57:10,267 [63987b2c-fa7c-4d81-b174-6922948a5118@group-ED2DD6E4A53C-LeaderElection54] INFO  server.RaftServerConfigKeys (ConfUtils.java:logGet(43)) - raft.server.write.element-limit = 4096 (default)
2019-10-02 07:57:10,267 [63987b2c-fa7c-4d81-b174-6922948a5118@group-ED2DD6E4A53C-LeaderElection54] INFO  server.RaftServerConfigKeys (ConfUtils.java:logGet(43)) - raft.server.watch.timeout = 10s (default)
2019-10-02 07:57:10,268 [63987b2c-fa7c-4d81-b174-6922948a5118@group-ED2DD6E4A53C-LeaderElection54] INFO  server.RaftServerConfigKeys (ConfUtils.java:logGet(43)) - raft.server.watch.timeout.denomination = 1s (default)
2019-10-02 07:57:10,268 [63987b2c-fa7c-4d81-b174-6922948a5118@group-ED2DD6E4A53C-LeaderElection54] INFO  server.RaftServerConfigKeys (ConfUtils.java:logGet(43)) - raft.server.watch.element-limit = 65536 (default)
2019-10-02 07:57:10,270 [63987b2c-fa7c-4d81-b174-6922948a5118@group-ED2DD6E4A53C-LeaderElection54] INFO  impl.RoleInfo (RoleInfo.java:updateAndGet(143)) - 63987b2c-fa7c-4d81-b174-6922948a5118: start LeaderState
2019-10-02 07:57:10,270 [63987b2c-fa7c-4d81-b174-6922948a5118@group-ED2DD6E4A53C-LeaderElection54] INFO  segmented.SegmentedRaftLogWorker (SegmentedRaftLogWorker.java:startLogSegment(385)) - 63987b2c-fa7c-4d81-b174-6922948a5118@group-ED2DD6E4A53C-SegmentedRaftLogWorker: Starting segment from index:0
2019-10-02 07:57:10,271 [63987b2c-fa7c-4d81-b174-6922948a5118@group-ED2DD6E4A53C-LeaderElection54] INFO  impl.RaftServerImpl (ServerState.java:setRaftConf(356)) - 63987b2c-fa7c-4d81-b174-6922948a5118@group-ED2DD6E4A53C: set configuration 0: [63987b2c-fa7c-4d81-b174-6922948a5118:192.168.164.211:36859], old=null at 0
2019-10-02 07:57:10,276 [ce132960-38ca-4eb2-a2a4-e2a76adf71a1@group-70962D47B60B-LeaderElection55] INFO  impl.LeaderElection (LeaderElection.java:askForVotes(178)) - ce132960-38ca-4eb2-a2a4-e2a76adf71a1@group-70962D47B60B-LeaderElection55: begin an election at term 1 for -1: [ce132960-38ca-4eb2-a2a4-e2a76adf71a1:192.168.164.211:37079], old=null
2019-10-02 07:57:10,276 [ce132960-38ca-4eb2-a2a4-e2a76adf71a1@group-70962D47B60B-LeaderElection55] INFO  impl.RoleInfo (RoleInfo.java:shutdownLeaderElection(134)) - ce132960-38ca-4eb2-a2a4-e2a76adf71a1: shutdown LeaderElection
2019-10-02 07:57:10,276 [ce132960-38ca-4eb2-a2a4-e2a76adf71a1@group-70962D47B60B-LeaderElection55] INFO  impl.RaftServerImpl (RaftServerImpl.java:setRole(170)) - ce132960-38ca-4eb2-a2a4-e2a76adf71a1@group-70962D47B60B: changes role from CANDIDATE to LEADER at term 1 for changeToLeader
2019-10-02 07:57:10,277 [ce132960-38ca-4eb2-a2a4-e2a76adf71a1@group-70962D47B60B-LeaderElection55] INFO  impl.RaftServerImpl (ServerState.java:setLeader(255)) - ce132960-38ca-4eb2-a2a4-e2a76adf71a1@group-70962D47B60B: change Leader from null to ce132960-38ca-4eb2-a2a4-e2a76adf71a1 at term 1 for becomeLeader, leader elected after 5085ms
2019-10-02 07:57:10,277 [ce132960-38ca-4eb2-a2a4-e2a76adf71a1@group-70962D47B60B-LeaderElection55] INFO  server.RaftServerConfigKeys (ConfUtils.java:logGet(43)) - raft.server.staging.catchup.gap = 1000 (default)
2019-10-02 07:57:10,277 [ce132960-38ca-4eb2-a2a4-e2a76adf71a1@group-70962D47B60B-LeaderElection55] INFO  server.RaftServerConfigKeys (ConfUtils.java:logGet(43)) - raft.server.rpc.sleep.time = 25ms (default)
2019-10-02 07:57:10,277 [ce132960-38ca-4eb2-a2a4-e2a76adf71a1@group-70962D47B60B-LeaderElection55] INFO  server.RaftServerConfigKeys (ConfUtils.java:logGet(43)) - raft.server.write.element-limit = 4096 (default)
2019-10-02 07:57:10,277 [ce132960-38ca-4eb2-a2a4-e2a76adf71a1@group-70962D47B60B-LeaderElection55] INFO  server.RaftServerConfigKeys (ConfUtils.java:logGet(43)) - raft.server.watch.timeout = 10s (default)
2019-10-02 07:57:10,277 [ce132960-38ca-4eb2-a2a4-e2a76adf71a1@group-70962D47B60B-LeaderElection55] INFO  server.RaftServerConfigKeys (ConfUtils.java:logGet(43)) - raft.server.watch.timeout.denomination = 1s (default)
2019-10-02 07:57:10,277 [ce132960-38ca-4eb2-a2a4-e2a76adf71a1@group-70962D47B60B-LeaderElection55] INFO  server.RaftServerConfigKeys (ConfUtils.java:logGet(43)) - raft.server.watch.element-limit = 65536 (default)
2019-10-02 07:57:10,280 [ce132960-38ca-4eb2-a2a4-e2a76adf71a1@group-70962D47B60B-LeaderElection55] INFO  impl.RoleInfo (RoleInfo.java:updateAndGet(143)) - ce132960-38ca-4eb2-a2a4-e2a76adf71a1: start LeaderState
2019-10-02 07:57:10,280 [ce132960-38ca-4eb2-a2a4-e2a76adf71a1@group-70962D47B60B-LeaderElection55] INFO  segmented.SegmentedRaftLogWorker (SegmentedRaftLogWorker.java:startLogSegment(385)) - ce132960-38ca-4eb2-a2a4-e2a76adf71a1@group-70962D47B60B-SegmentedRaftLogWorker: Starting segment from index:0
2019-10-02 07:57:10,280 [ce132960-38ca-4eb2-a2a4-e2a76adf71a1@group-70962D47B60B-LeaderElection55] INFO  impl.RaftServerImpl (ServerState.java:setRaftConf(356)) - ce132960-38ca-4eb2-a2a4-e2a76adf71a1@group-70962D47B60B: set configuration 0: [ce132960-38ca-4eb2-a2a4-e2a76adf71a1:192.168.164.211:37079], old=null at 0
2019-10-02 07:57:10,300 [Thread-2851] INFO  impl.FollowerState (FollowerState.java:run(108)) - 40a59037-f13e-442f-b21d-bc75ef3f3ac7@group-93B5B54A08F6-FollowerState: change to CANDIDATE, lastRpcTime:5026ms, electionTimeout:5022ms
2019-10-02 07:57:10,301 [Thread-2851] INFO  impl.RoleInfo (RoleInfo.java:shutdownFollowerState(121)) - 40a59037-f13e-442f-b21d-bc75ef3f3ac7: shutdown FollowerState
2019-10-02 07:57:10,301 [Thread-2851] INFO  impl.RaftServerImpl (RaftServerImpl.java:setRole(170)) - 40a59037-f13e-442f-b21d-bc75ef3f3ac7@group-93B5B54A08F6: changes role from  FOLLOWER to CANDIDATE at term 0 for changeToCandidate
2019-10-02 07:57:10,301 [Thread-2851] INFO  impl.RoleInfo (RoleInfo.java:updateAndGet(143)) - 40a59037-f13e-442f-b21d-bc75ef3f3ac7: start LeaderElection
2019-10-02 07:57:10,328 [63987b2c-fa7c-4d81-b174-6922948a5118@group-ED2DD6E4A53C-SegmentedRaftLogWorker] INFO  segmented.SegmentedRaftLogWorker (SegmentedRaftLogWorker.java:execute(574)) - 63987b2c-fa7c-4d81-b174-6922948a5118@group-ED2DD6E4A53C-SegmentedRaftLogWorker: created new log segment /workdir/hadoop-ozone/integration-test/target/test-dir/MiniOzoneClusterImpl-1b284452-a46a-4ca0-a40f-7c87425d7399/datanode-1/data/ratis/f437e9b7-cb2b-4984-9d14-ed2dd6e4a53c/current/log_inprogress_0
2019-10-02 07:57:10,340 [ce132960-38ca-4eb2-a2a4-e2a76adf71a1@group-70962D47B60B-SegmentedRaftLogWorker] INFO  segmented.SegmentedRaftLogWorker (SegmentedRaftLogWorker.java:execute(574)) - ce132960-38ca-4eb2-a2a4-e2a76adf71a1@group-70962D47B60B-SegmentedRaftLogWorker: created new log segment /workdir/hadoop-ozone/integration-test/target/test-dir/MiniOzoneClusterImpl-1b284452-a46a-4ca0-a40f-7c87425d7399/datanode-2/data/ratis/ec73676f-d506-488f-8e33-70962d47b60b/current/log_inprogress_0
2019-10-02 07:57:10,340 [40a59037-f13e-442f-b21d-bc75ef3f3ac7@group-93B5B54A08F6-LeaderElection56] INFO  impl.LeaderElection (LeaderElection.java:askForVotes(178)) - 40a59037-f13e-442f-b21d-bc75ef3f3ac7@group-93B5B54A08F6-LeaderElection56: begin an election at term 1 for -1: [ce132960-38ca-4eb2-a2a4-e2a76adf71a1:192.168.164.211:37079, 40a59037-f13e-442f-b21d-bc75ef3f3ac7:192.168.164.211:34005, 63987b2c-fa7c-4d81-b174-6922948a5118:192.168.164.211:36859], old=null
2019-10-02 07:57:10,344 [grpc-default-executor-7] INFO  impl.RaftServerImpl (RaftServerImpl.java:setRole(170)) - 63987b2c-fa7c-4d81-b174-6922948a5118@group-93B5B54A08F6: changes role from  FOLLOWER to FOLLOWER at term 1 for recognizeCandidate:40a59037-f13e-442f-b21d-bc75ef3f3ac7
2019-10-02 07:57:10,344 [grpc-default-executor-6] INFO  impl.RaftServerImpl (RaftServerImpl.java:setRole(170)) - ce132960-38ca-4eb2-a2a4-e2a76adf71a1@group-93B5B54A08F6: changes role from  FOLLOWER to FOLLOWER at term 1 for recognizeCandidate:40a59037-f13e-442f-b21d-bc75ef3f3ac7
2019-10-02 07:57:10,344 [grpc-default-executor-7] INFO  impl.RoleInfo (RoleInfo.java:shutdownFollowerState(121)) - 63987b2c-fa7c-4d81-b174-6922948a5118: shutdown FollowerState
2019-10-02 07:57:10,344 [grpc-default-executor-6] INFO  impl.RoleInfo (RoleInfo.java:shutdownFollowerState(121)) - ce132960-38ca-4eb2-a2a4-e2a76adf71a1: shutdown FollowerState
2019-10-02 07:57:10,345 [Thread-2846] INFO  impl.FollowerState (FollowerState.java:run(117)) - 63987b2c-fa7c-4d81-b174-6922948a5118@group-93B5B54A08F6-FollowerState was interrupted: java.lang.InterruptedException: sleep interrupted
2019-10-02 07:57:10,345 [grpc-default-executor-7] INFO  impl.RoleInfo (RoleInfo.java:updateAndGet(143)) - 63987b2c-fa7c-4d81-b174-6922948a5118: start FollowerState
2019-10-02 07:57:10,345 [Thread-2849] INFO  impl.FollowerState (FollowerState.java:run(117)) - ce132960-38ca-4eb2-a2a4-e2a76adf71a1@group-93B5B54A08F6-FollowerState was interrupted: java.lang.InterruptedException: sleep interrupted
2019-10-02 07:57:10,345 [grpc-default-executor-6] INFO  impl.RoleInfo (RoleInfo.java:updateAndGet(143)) - ce132960-38ca-4eb2-a2a4-e2a76adf71a1: start FollowerState
2019-10-02 07:57:10,365 [40a59037-f13e-442f-b21d-bc75ef3f3ac7@group-93B5B54A08F6-LeaderElection56] INFO  impl.LeaderElection (LeaderElection.java:logAndReturn(56)) - 40a59037-f13e-442f-b21d-bc75ef3f3ac7@group-93B5B54A08F6-LeaderElection56: Election PASSED; received 1 response(s) [40a59037-f13e-442f-b21d-bc75ef3f3ac7<-ce132960-38ca-4eb2-a2a4-e2a76adf71a1#0:OK-t1] and 0 exception(s); 40a59037-f13e-442f-b21d-bc75ef3f3ac7@group-93B5B54A08F6:t1, leader=null, voted=40a59037-f13e-442f-b21d-bc75ef3f3ac7, raftlog=40a59037-f13e-442f-b21d-bc75ef3f3ac7@group-93B5B54A08F6-SegmentedRaftLog:OPENED:c-1,f-1,i0, conf=-1: [ce132960-38ca-4eb2-a2a4-e2a76adf71a1:192.168.164.211:37079, 40a59037-f13e-442f-b21d-bc75ef3f3ac7:192.168.164.211:34005, 63987b2c-fa7c-4d81-b174-6922948a5118:192.168.164.211:36859], old=null
2019-10-02 07:57:10,365 [40a59037-f13e-442f-b21d-bc75ef3f3ac7@group-93B5B54A08F6-LeaderElection56] INFO  impl.RoleInfo (RoleInfo.java:shutdownLeaderElection(134)) - 40a59037-f13e-442f-b21d-bc75ef3f3ac7: shutdown LeaderElection
2019-10-02 07:57:10,365 [40a59037-f13e-442f-b21d-bc75ef3f3ac7@group-93B5B54A08F6-LeaderElection56] INFO  impl.RaftServerImpl (RaftServerImpl.java:setRole(170)) - 40a59037-f13e-442f-b21d-bc75ef3f3ac7@group-93B5B54A08F6: changes role from CANDIDATE to LEADER at term 1 for changeToLeader
2019-10-02 07:57:10,365 [40a59037-f13e-442f-b21d-bc75ef3f3ac7@group-93B5B54A08F6-LeaderElection56] INFO  impl.RaftServerImpl (ServerState.java:setLeader(255)) - 40a59037-f13e-442f-b21d-bc75ef3f3ac7@group-93B5B54A08F6: change Leader from null to 40a59037-f13e-442f-b21d-bc75ef3f3ac7 at term 1 for becomeLeader, leader elected after 5111ms
2019-10-02 07:57:10,366 [40a59037-f13e-442f-b21d-bc75ef3f3ac7@group-93B5B54A08F6-LeaderElection56] INFO  server.RaftServerConfigKeys (ConfUtils.java:logGet(43)) - raft.server.staging.catchup.gap = 1000 (default)
2019-10-02 07:57:10,366 [40a59037-f13e-442f-b21d-bc75ef3f3ac7@group-93B5B54A08F6-LeaderElection56] INFO  server.RaftServerConfigKeys (ConfUtils.java:logGet(43)) - raft.server.rpc.sleep.time = 25ms (default)
2019-10-02 07:57:10,366 [40a59037-f13e-442f-b21d-bc75ef3f3ac7@group-93B5B54A08F6-LeaderElection56] INFO  server.RaftServerConfigKeys (ConfUtils.java:logGet(43)) - raft.server.write.element-limit = 4096 (default)
2019-10-02 07:57:10,366 [40a59037-f13e-442f-b21d-bc75ef3f3ac7@group-93B5B54A08F6-LeaderElection56] INFO  server.RaftServerConfigKeys (ConfUtils.java:logGet(43)) - raft.server.watch.timeout = 10s (default)
2019-10-02 07:57:10,366 [40a59037-f13e-442f-b21d-bc75ef3f3ac7@group-93B5B54A08F6-LeaderElection56] INFO  server.RaftServerConfigKeys (ConfUtils.java:logGet(43)) - raft.server.watch.timeout.denomination = 1s (default)
2019-10-02 07:57:10,366 [40a59037-f13e-442f-b21d-bc75ef3f3ac7@group-93B5B54A08F6-LeaderElection56] INFO  server.RaftServerConfigKeys (ConfUtils.java:logGet(43)) - raft.server.watch.element-limit = 65536 (default)
2019-10-02 07:57:10,367 [40a59037-f13e-442f-b21d-bc75ef3f3ac7@group-93B5B54A08F6-LeaderElection56] INFO  server.RaftServerConfigKeys (ConfUtils.java:logGet(43)) - raft.server.log.appender.snapshot.chunk.size.max = 16MB (=16777216) (default)
2019-10-02 07:57:10,367 [40a59037-f13e-442f-b21d-bc75ef3f3ac7@group-93B5B54A08F6-LeaderElection56] INFO  server.RaftServerConfigKeys (ConfUtils.java:logGet(43)) - raft.server.log.appender.buffer.byte-limit = 33554432 (custom)
2019-10-02 07:57:10,368 [40a59037-f13e-442f-b21d-bc75ef3f3ac7@group-93B5B54A08F6-LeaderElection56] INFO  server.RaftServerConfigKeys (ConfUtils.java:logGet(43)) - raft.server.log.appender.buffer.element-limit = 1 (custom)
2019-10-02 07:57:10,368 [40a59037-f13e-442f-b21d-bc75ef3f3ac7@group-93B5B54A08F6-LeaderElection56] INFO  grpc.GrpcConfigKeys$Server (ConfUtils.java:logGet(43)) - raft.grpc.server.leader.outstanding.appends.max = 128 (default)
2019-10-02 07:57:10,368 [40a59037-f13e-442f-b21d-bc75ef3f3ac7@group-93B5B54A08F6-LeaderElection56] INFO  server.RaftServerConfigKeys (ConfUtils.java:logGet(43)) - raft.server.rpc.request.timeout = 3000ms (default)
2019-10-02 07:57:10,368 [40a59037-f13e-442f-b21d-bc75ef3f3ac7@group-93B5B54A08F6-LeaderElection56] INFO  server.RaftServerConfigKeys (ConfUtils.java:logGet(43)) - raft.server.log.appender.install.snapshot.enabled = false (custom)
2019-10-02 07:57:10,368 [40a59037-f13e-442f-b21d-bc75ef3f3ac7@group-93B5B54A08F6-LeaderElection56] INFO  server.RaftServerConfigKeys (ConfUtils.java:logGet(43)) - raft.server.log.appender.snapshot.chunk.size.max = 16MB (=16777216) (default)
2019-10-02 07:57:10,368 [40a59037-f13e-442f-b21d-bc75ef3f3ac7@group-93B5B54A08F6-LeaderElection56] INFO  server.RaftServerConfigKeys (ConfUtils.java:logGet(43)) - raft.server.log.appender.buffer.byte-limit = 33554432 (custom)
2019-10-02 07:57:10,369 [40a59037-f13e-442f-b21d-bc75ef3f3ac7@group-93B5B54A08F6-LeaderElection56] INFO  server.RaftServerConfigKeys (ConfUtils.java:logGet(43)) - raft.server.log.appender.buffer.element-limit = 1 (custom)
2019-10-02 07:57:10,369 [40a59037-f13e-442f-b21d-bc75ef3f3ac7@group-93B5B54A08F6-LeaderElection56] INFO  grpc.GrpcConfigKeys$Server (ConfUtils.java:logGet(43)) - raft.grpc.server.leader.outstanding.appends.max = 128 (default)
2019-10-02 07:57:10,369 [40a59037-f13e-442f-b21d-bc75ef3f3ac7@group-93B5B54A08F6-LeaderElection56] INFO  server.RaftServerConfigKeys (ConfUtils.java:logGet(43)) - raft.server.rpc.request.timeout = 3000ms (default)
2019-10-02 07:57:10,369 [40a59037-f13e-442f-b21d-bc75ef3f3ac7@group-93B5B54A08F6-LeaderElection56] INFO  server.RaftServerConfigKeys (ConfUtils.java:logGet(43)) - raft.server.log.appender.install.snapshot.enabled = false (custom)
2019-10-02 07:57:10,369 [40a59037-f13e-442f-b21d-bc75ef3f3ac7@group-93B5B54A08F6-LeaderElection56] INFO  impl.RoleInfo (RoleInfo.java:updateAndGet(143)) - 40a59037-f13e-442f-b21d-bc75ef3f3ac7: start LeaderState
2019-10-02 07:57:10,369 [40a59037-f13e-442f-b21d-bc75ef3f3ac7@group-93B5B54A08F6-LeaderElection56] INFO  segmented.SegmentedRaftLogWorker (SegmentedRaftLogWorker.java:startLogSegment(385)) - 40a59037-f13e-442f-b21d-bc75ef3f3ac7@group-93B5B54A08F6-SegmentedRaftLogWorker: Starting segment from index:0
2019-10-02 07:57:10,370 [40a59037-f13e-442f-b21d-bc75ef3f3ac7@group-93B5B54A08F6-LeaderElection56] INFO  impl.RaftServerImpl (ServerState.java:setRaftConf(356)) - 40a59037-f13e-442f-b21d-bc75ef3f3ac7@group-93B5B54A08F6: set configuration 0: [ce132960-38ca-4eb2-a2a4-e2a76adf71a1:192.168.164.211:37079, 40a59037-f13e-442f-b21d-bc75ef3f3ac7:192.168.164.211:34005, 63987b2c-fa7c-4d81-b174-6922948a5118:192.168.164.211:36859], old=null at 0
2019-10-02 07:57:10,401 [grpc-default-executor-7] INFO  impl.RaftServerImpl (ServerState.java:setLeader(255)) - ce132960-38ca-4eb2-a2a4-e2a76adf71a1@group-93B5B54A08F6: change Leader from null to 40a59037-f13e-442f-b21d-bc75ef3f3ac7 at term 1 for appendEntries, leader elected after 5144ms
2019-10-02 07:57:10,405 [grpc-default-executor-6] INFO  impl.RaftServerImpl (ServerState.java:setLeader(255)) - 63987b2c-fa7c-4d81-b174-6922948a5118@group-93B5B54A08F6: change Leader from null to 40a59037-f13e-442f-b21d-bc75ef3f3ac7 at term 1 for appendEntries, leader elected after 5151ms
2019-10-02 07:57:10,407 [grpc-default-executor-6] INFO  impl.RaftServerImpl (ServerState.java:setRaftConf(356)) - 63987b2c-fa7c-4d81-b174-6922948a5118@group-93B5B54A08F6: set configuration 0: [ce132960-38ca-4eb2-a2a4-e2a76adf71a1:192.168.164.211:37079, 40a59037-f13e-442f-b21d-bc75ef3f3ac7:192.168.164.211:34005, 63987b2c-fa7c-4d81-b174-6922948a5118:192.168.164.211:36859], old=null at 0
2019-10-02 07:57:10,407 [grpc-default-executor-7] INFO  impl.RaftServerImpl (ServerState.java:setRaftConf(356)) - ce132960-38ca-4eb2-a2a4-e2a76adf71a1@group-93B5B54A08F6: set configuration 0: [ce132960-38ca-4eb2-a2a4-e2a76adf71a1:192.168.164.211:37079, 40a59037-f13e-442f-b21d-bc75ef3f3ac7:192.168.164.211:34005, 63987b2c-fa7c-4d81-b174-6922948a5118:192.168.164.211:36859], old=null at 0
2019-10-02 07:57:10,407 [grpc-default-executor-6] INFO  segmented.SegmentedRaftLogWorker (SegmentedRaftLogWorker.java:startLogSegment(385)) - 63987b2c-fa7c-4d81-b174-6922948a5118@group-93B5B54A08F6-SegmentedRaftLogWorker: Starting segment from index:0
2019-10-02 07:57:10,407 [grpc-default-executor-7] INFO  segmented.SegmentedRaftLogWorker (SegmentedRaftLogWorker.java:startLogSegment(385)) - ce132960-38ca-4eb2-a2a4-e2a76adf71a1@group-93B5B54A08F6-SegmentedRaftLogWorker: Starting segment from index:0
2019-10-02 07:57:10,408 [Thread-2855] INFO  impl.FollowerState (FollowerState.java:run(108)) - 53443156-7e0a-453a-97cc-f5ce78912da9@group-5C154708E508-FollowerState: change to CANDIDATE, lastRpcTime:5052ms, electionTimeout:5052ms
2019-10-02 07:57:10,408 [Thread-2855] INFO  impl.RoleInfo (RoleInfo.java:shutdownFollowerState(121)) - 53443156-7e0a-453a-97cc-f5ce78912da9: shutdown FollowerState
2019-10-02 07:57:10,408 [Thread-2855] INFO  impl.RaftServerImpl (RaftServerImpl.java:setRole(170)) - 53443156-7e0a-453a-97cc-f5ce78912da9@group-5C154708E508: changes role from  FOLLOWER to CANDIDATE at term 0 for changeToCandidate
2019-10-02 07:57:10,408 [40a59037-f13e-442f-b21d-bc75ef3f3ac7@group-93B5B54A08F6-SegmentedRaftLogWorker] INFO  segmented.SegmentedRaftLogWorker (SegmentedRaftLogWorker.java:execute(574)) - 40a59037-f13e-442f-b21d-bc75ef3f3ac7@group-93B5B54A08F6-SegmentedRaftLogWorker: created new log segment /workdir/hadoop-ozone/integration-test/target/test-dir/MiniOzoneClusterImpl-1b284452-a46a-4ca0-a40f-7c87425d7399/datanode-0/data/ratis/a3896473-9433-42a5-ae19-93b5b54a08f6/current/log_inprogress_0
2019-10-02 07:57:10,408 [Thread-2855] INFO  impl.RoleInfo (RoleInfo.java:updateAndGet(143)) - 53443156-7e0a-453a-97cc-f5ce78912da9: start LeaderElection
2019-10-02 07:57:10,464 [ce132960-38ca-4eb2-a2a4-e2a76adf71a1@group-93B5B54A08F6-SegmentedRaftLogWorker] INFO  segmented.SegmentedRaftLogWorker (SegmentedRaftLogWorker.java:execute(574)) - ce132960-38ca-4eb2-a2a4-e2a76adf71a1@group-93B5B54A08F6-SegmentedRaftLogWorker: created new log segment /workdir/hadoop-ozone/integration-test/target/test-dir/MiniOzoneClusterImpl-1b284452-a46a-4ca0-a40f-7c87425d7399/datanode-2/data/ratis/a3896473-9433-42a5-ae19-93b5b54a08f6/current/log_inprogress_0
2019-10-02 07:57:10,464 [53443156-7e0a-453a-97cc-f5ce78912da9@group-5C154708E508-LeaderElection57] INFO  impl.LeaderElection (LeaderElection.java:askForVotes(178)) - 53443156-7e0a-453a-97cc-f5ce78912da9@group-5C154708E508-LeaderElection57: begin an election at term 1 for -1: [53443156-7e0a-453a-97cc-f5ce78912da9:192.168.164.211:40009], old=null
2019-10-02 07:57:10,464 [63987b2c-fa7c-4d81-b174-6922948a5118@group-93B5B54A08F6-SegmentedRaftLogWorker] INFO  segmented.SegmentedRaftLogWorker (SegmentedRaftLogWorker.java:execute(574)) - 63987b2c-fa7c-4d81-b174-6922948a5118@group-93B5B54A08F6-SegmentedRaftLogWorker: created new log segment /workdir/hadoop-ozone/integration-test/target/test-dir/MiniOzoneClusterImpl-1b284452-a46a-4ca0-a40f-7c87425d7399/datanode-1/data/ratis/a3896473-9433-42a5-ae19-93b5b54a08f6/current/log_inprogress_0
2019-10-02 07:57:10,464 [53443156-7e0a-453a-97cc-f5ce78912da9@group-5C154708E508-LeaderElection57] INFO  impl.RoleInfo (RoleInfo.java:shutdownLeaderElection(134)) - 53443156-7e0a-453a-97cc-f5ce78912da9: shutdown LeaderElection
2019-10-02 07:57:10,464 [53443156-7e0a-453a-97cc-f5ce78912da9@group-5C154708E508-LeaderElection57] INFO  impl.RaftServerImpl (RaftServerImpl.java:setRole(170)) - 53443156-7e0a-453a-97cc-f5ce78912da9@group-5C154708E508: changes role from CANDIDATE to LEADER at term 1 for changeToLeader
2019-10-02 07:57:10,464 [53443156-7e0a-453a-97cc-f5ce78912da9@group-5C154708E508-LeaderElection57] INFO  impl.RaftServerImpl (ServerState.java:setLeader(255)) - 53443156-7e0a-453a-97cc-f5ce78912da9@group-5C154708E508: change Leader from null to 53443156-7e0a-453a-97cc-f5ce78912da9 at term 1 for becomeLeader, leader elected after 5113ms
2019-10-02 07:57:10,464 [53443156-7e0a-453a-97cc-f5ce78912da9@group-5C154708E508-LeaderElection57] INFO  server.RaftServerConfigKeys (ConfUtils.java:logGet(43)) - raft.server.staging.catchup.gap = 1000 (default)
2019-10-02 07:57:10,465 [53443156-7e0a-453a-97cc-f5ce78912da9@group-5C154708E508-LeaderElection57] INFO  server.RaftServerConfigKeys (ConfUtils.java:logGet(43)) - raft.server.rpc.sleep.time = 25ms (default)
2019-10-02 07:57:10,465 [53443156-7e0a-453a-97cc-f5ce78912da9@group-5C154708E508-LeaderElection57] INFO  server.RaftServerConfigKeys (ConfUtils.java:logGet(43)) - raft.server.write.element-limit = 4096 (default)
2019-10-02 07:57:10,465 [53443156-7e0a-453a-97cc-f5ce78912da9@group-5C154708E508-LeaderElection57] INFO  server.RaftServerConfigKeys (ConfUtils.java:logGet(43)) - raft.server.watch.timeout = 10s (default)
2019-10-02 07:57:10,465 [53443156-7e0a-453a-97cc-f5ce78912da9@group-5C154708E508-LeaderElection57] INFO  server.RaftServerConfigKeys (ConfUtils.java:logGet(43)) - raft.server.watch.timeout.denomination = 1s (default)
2019-10-02 07:57:10,465 [53443156-7e0a-453a-97cc-f5ce78912da9@group-5C154708E508-LeaderElection57] INFO  server.RaftServerConfigKeys (ConfUtils.java:logGet(43)) - raft.server.watch.element-limit = 65536 (default)
2019-10-02 07:57:10,466 [53443156-7e0a-453a-97cc-f5ce78912da9@group-5C154708E508-LeaderElection57] INFO  impl.RoleInfo (RoleInfo.java:updateAndGet(143)) - 53443156-7e0a-453a-97cc-f5ce78912da9: start LeaderState
2019-10-02 07:57:10,466 [53443156-7e0a-453a-97cc-f5ce78912da9@group-5C154708E508-LeaderElection57] INFO  segmented.SegmentedRaftLogWorker (SegmentedRaftLogWorker.java:startLogSegment(385)) - 53443156-7e0a-453a-97cc-f5ce78912da9@group-5C154708E508-SegmentedRaftLogWorker: Starting segment from index:0
2019-10-02 07:57:10,467 [53443156-7e0a-453a-97cc-f5ce78912da9@group-5C154708E508-LeaderElection57] INFO  impl.RaftServerImpl (ServerState.java:setRaftConf(356)) - 53443156-7e0a-453a-97cc-f5ce78912da9@group-5C154708E508: set configuration 0: [53443156-7e0a-453a-97cc-f5ce78912da9:192.168.164.211:40009], old=null at 0
2019-10-02 07:57:10,504 [53443156-7e0a-453a-97cc-f5ce78912da9@group-5C154708E508-SegmentedRaftLogWorker] INFO  segmented.SegmentedRaftLogWorker (SegmentedRaftLogWorker.java:execute(574)) - 53443156-7e0a-453a-97cc-f5ce78912da9@group-5C154708E508-SegmentedRaftLogWorker: created new log segment /workdir/hadoop-ozone/integration-test/target/test-dir/MiniOzoneClusterImpl-1b284452-a46a-4ca0-a40f-7c87425d7399/datanode-4/data/ratis/86f7b007-1ec2-4d5e-ba2e-5c154708e508/current/log_inprogress_0
2019-10-02 07:57:10,507 [Thread-2863] INFO  impl.FollowerState (FollowerState.java:run(108)) - a8a9f66e-aed9-421a-8732-07051f70b119@group-5A60BE45C388-FollowerState: change to CANDIDATE, lastRpcTime:5075ms, electionTimeout:5075ms
2019-10-02 07:57:10,507 [Thread-2863] INFO  impl.RoleInfo (RoleInfo.java:shutdownFollowerState(121)) - a8a9f66e-aed9-421a-8732-07051f70b119: shutdown FollowerState
2019-10-02 07:57:10,507 [Thread-2863] INFO  impl.RaftServerImpl (RaftServerImpl.java:setRole(170)) - a8a9f66e-aed9-421a-8732-07051f70b119@group-5A60BE45C388: changes role from  FOLLOWER to CANDIDATE at term 0 for changeToCandidate
2019-10-02 07:57:10,508 [Thread-2863] INFO  impl.RoleInfo (RoleInfo.java:updateAndGet(143)) - a8a9f66e-aed9-421a-8732-07051f70b119: start LeaderElection
2019-10-02 07:57:10,525 [a8a9f66e-aed9-421a-8732-07051f70b119@group-5A60BE45C388-LeaderElection58] INFO  impl.LeaderElection (LeaderElection.java:askForVotes(178)) - a8a9f66e-aed9-421a-8732-07051f70b119@group-5A60BE45C388-LeaderElection58: begin an election at term 1 for -1: [a8a9f66e-aed9-421a-8732-07051f70b119:192.168.164.211:39667], old=null
2019-10-02 07:57:10,525 [a8a9f66e-aed9-421a-8732-07051f70b119@group-5A60BE45C388-LeaderElection58] INFO  impl.RoleInfo (RoleInfo.java:shutdownLeaderElection(134)) - a8a9f66e-aed9-421a-8732-07051f70b119: shutdown LeaderElection
2019-10-02 07:57:10,525 [a8a9f66e-aed9-421a-8732-07051f70b119@group-5A60BE45C388-LeaderElection58] INFO  impl.RaftServerImpl (RaftServerImpl.java:setRole(170)) - a8a9f66e-aed9-421a-8732-07051f70b119@group-5A60BE45C388: changes role from CANDIDATE to LEADER at term 1 for changeToLeader
2019-10-02 07:57:10,525 [a8a9f66e-aed9-421a-8732-07051f70b119@group-5A60BE45C388-LeaderElection58] INFO  impl.RaftServerImpl (ServerState.java:setLeader(255)) - a8a9f66e-aed9-421a-8732-07051f70b119@group-5A60BE45C388: change Leader from null to a8a9f66e-aed9-421a-8732-07051f70b119 at term 1 for becomeLeader, leader elected after 5127ms
2019-10-02 07:57:10,525 [a8a9f66e-aed9-421a-8732-07051f70b119@group-5A60BE45C388-LeaderElection58] INFO  server.RaftServerConfigKeys (ConfUtils.java:logGet(43)) - raft.server.staging.catchup.gap = 1000 (default)
2019-10-02 07:57:10,525 [a8a9f66e-aed9-421a-8732-07051f70b119@group-5A60BE45C388-LeaderElection58] INFO  server.RaftServerConfigKeys (ConfUtils.java:logGet(43)) - raft.server.rpc.sleep.time = 25ms (default)
2019-10-02 07:57:10,525 [a8a9f66e-aed9-421a-8732-07051f70b119@group-5A60BE45C388-LeaderElection58] INFO  server.RaftServerConfigKeys (ConfUtils.java:logGet(43)) - raft.server.write.element-limit = 4096 (default)
2019-10-02 07:57:10,525 [a8a9f66e-aed9-421a-8732-07051f70b119@group-5A60BE45C388-LeaderElection58] INFO  server.RaftServerConfigKeys (ConfUtils.java:logGet(43)) - raft.server.watch.timeout = 10s (default)
2019-10-02 07:57:10,526 [a8a9f66e-aed9-421a-8732-07051f70b119@group-5A60BE45C388-LeaderElection58] INFO  server.RaftServerConfigKeys (ConfUtils.java:logGet(43)) - raft.server.watch.timeout.denomination = 1s (default)
2019-10-02 07:57:10,526 [a8a9f66e-aed9-421a-8732-07051f70b119@group-5A60BE45C388-LeaderElection58] INFO  server.RaftServerConfigKeys (ConfUtils.java:logGet(43)) - raft.server.watch.element-limit = 65536 (default)
2019-10-02 07:57:10,527 [a8a9f66e-aed9-421a-8732-07051f70b119@group-5A60BE45C388-LeaderElection58] INFO  impl.RoleInfo (RoleInfo.java:updateAndGet(143)) - a8a9f66e-aed9-421a-8732-07051f70b119: start LeaderState
2019-10-02 07:57:10,527 [a8a9f66e-aed9-421a-8732-07051f70b119@group-5A60BE45C388-LeaderElection58] INFO  segmented.SegmentedRaftLogWorker (SegmentedRaftLogWorker.java:startLogSegment(385)) - a8a9f66e-aed9-421a-8732-07051f70b119@group-5A60BE45C388-SegmentedRaftLogWorker: Starting segment from index:0
2019-10-02 07:57:10,527 [a8a9f66e-aed9-421a-8732-07051f70b119@group-5A60BE45C388-LeaderElection58] INFO  impl.RaftServerImpl (ServerState.java:setRaftConf(356)) - a8a9f66e-aed9-421a-8732-07051f70b119@group-5A60BE45C388: set configuration 0: [a8a9f66e-aed9-421a-8732-07051f70b119:192.168.164.211:39667], old=null at 0
2019-10-02 07:57:10,553 [Thread-2858] INFO  impl.FollowerState (FollowerState.java:run(108)) - cc91f4db-3be8-4cd0-9ec5-474e4fe6b7d6@group-411FD514B15F-FollowerState: change to CANDIDATE, lastRpcTime:5174ms, electionTimeout:5174ms
2019-10-02 07:57:10,554 [Thread-2858] INFO  impl.RoleInfo (RoleInfo.java:shutdownFollowerState(121)) - cc91f4db-3be8-4cd0-9ec5-474e4fe6b7d6: shutdown FollowerState
2019-10-02 07:57:10,554 [Thread-2858] INFO  impl.RaftServerImpl (RaftServerImpl.java:setRole(170)) - cc91f4db-3be8-4cd0-9ec5-474e4fe6b7d6@group-411FD514B15F: changes role from  FOLLOWER to CANDIDATE at term 0 for changeToCandidate
2019-10-02 07:57:10,554 [Thread-2858] INFO  impl.RoleInfo (RoleInfo.java:updateAndGet(143)) - cc91f4db-3be8-4cd0-9ec5-474e4fe6b7d6: start LeaderElection
2019-10-02 07:57:10,567 [a8a9f66e-aed9-421a-8732-07051f70b119@group-5A60BE45C388-SegmentedRaftLogWorker] INFO  segmented.SegmentedRaftLogWorker (SegmentedRaftLogWorker.java:execute(574)) - a8a9f66e-aed9-421a-8732-07051f70b119@group-5A60BE45C388-SegmentedRaftLogWorker: created new log segment /workdir/hadoop-ozone/integration-test/target/test-dir/MiniOzoneClusterImpl-1b284452-a46a-4ca0-a40f-7c87425d7399/datanode-5/data/ratis/4ee7e812-5815-4e41-b521-5a60be45c388/current/log_inprogress_0
2019-10-02 07:57:10,567 [cc91f4db-3be8-4cd0-9ec5-474e4fe6b7d6@group-411FD514B15F-LeaderElection59] INFO  impl.LeaderElection (LeaderElection.java:askForVotes(178)) - cc91f4db-3be8-4cd0-9ec5-474e4fe6b7d6@group-411FD514B15F-LeaderElection59: begin an election at term 1 for -1: [cc91f4db-3be8-4cd0-9ec5-474e4fe6b7d6:192.168.164.211:41477], old=null
2019-10-02 07:57:10,567 [cc91f4db-3be8-4cd0-9ec5-474e4fe6b7d6@group-411FD514B15F-LeaderElection59] INFO  impl.RoleInfo (RoleInfo.java:shutdownLeaderElection(134)) - cc91f4db-3be8-4cd0-9ec5-474e4fe6b7d6: shutdown LeaderElection
2019-10-02 07:57:10,567 [cc91f4db-3be8-4cd0-9ec5-474e4fe6b7d6@group-411FD514B15F-LeaderElection59] INFO  impl.RaftServerImpl (RaftServerImpl.java:setRole(170)) - cc91f4db-3be8-4cd0-9ec5-474e4fe6b7d6@group-411FD514B15F: changes role from CANDIDATE to LEADER at term 1 for changeToLeader
2019-10-02 07:57:10,567 [cc91f4db-3be8-4cd0-9ec5-474e4fe6b7d6@group-411FD514B15F-LeaderElection59] INFO  impl.RaftServerImpl (ServerState.java:setLeader(255)) - cc91f4db-3be8-4cd0-9ec5-474e4fe6b7d6@group-411FD514B15F: change Leader from null to cc91f4db-3be8-4cd0-9ec5-474e4fe6b7d6 at term 1 for becomeLeader, leader elected after 5194ms
2019-10-02 07:57:10,567 [cc91f4db-3be8-4cd0-9ec5-474e4fe6b7d6@group-411FD514B15F-LeaderElection59] INFO  server.RaftServerConfigKeys (ConfUtils.java:logGet(43)) - raft.server.staging.catchup.gap = 1000 (default)
2019-10-02 07:57:10,568 [cc91f4db-3be8-4cd0-9ec5-474e4fe6b7d6@group-411FD514B15F-LeaderElection59] INFO  server.RaftServerConfigKeys (ConfUtils.java:logGet(43)) - raft.server.rpc.sleep.time = 25ms (default)
2019-10-02 07:57:10,568 [cc91f4db-3be8-4cd0-9ec5-474e4fe6b7d6@group-411FD514B15F-LeaderElection59] INFO  server.RaftServerConfigKeys (ConfUtils.java:logGet(43)) - raft.server.write.element-limit = 4096 (default)
2019-10-02 07:57:10,568 [cc91f4db-3be8-4cd0-9ec5-474e4fe6b7d6@group-411FD514B15F-LeaderElection59] INFO  server.RaftServerConfigKeys (ConfUtils.java:logGet(43)) - raft.server.watch.timeout = 10s (default)
2019-10-02 07:57:10,568 [cc91f4db-3be8-4cd0-9ec5-474e4fe6b7d6@group-411FD514B15F-LeaderElection59] INFO  server.RaftServerConfigKeys (ConfUtils.java:logGet(43)) - raft.server.watch.timeout.denomination = 1s (default)
2019-10-02 07:57:10,568 [cc91f4db-3be8-4cd0-9ec5-474e4fe6b7d6@group-411FD514B15F-LeaderElection59] INFO  server.RaftServerConfigKeys (ConfUtils.java:logGet(43)) - raft.server.watch.element-limit = 65536 (default)
2019-10-02 07:57:10,571 [cc91f4db-3be8-4cd0-9ec5-474e4fe6b7d6@group-411FD514B15F-LeaderElection59] INFO  impl.RoleInfo (RoleInfo.java:updateAndGet(143)) - cc91f4db-3be8-4cd0-9ec5-474e4fe6b7d6: start LeaderState
2019-10-02 07:57:10,571 [cc91f4db-3be8-4cd0-9ec5-474e4fe6b7d6@group-411FD514B15F-LeaderElection59] INFO  segmented.SegmentedRaftLogWorker (SegmentedRaftLogWorker.java:startLogSegment(385)) - cc91f4db-3be8-4cd0-9ec5-474e4fe6b7d6@group-411FD514B15F-SegmentedRaftLogWorker: Starting segment from index:0
2019-10-02 07:57:10,572 [cc91f4db-3be8-4cd0-9ec5-474e4fe6b7d6@group-411FD514B15F-LeaderElection59] INFO  impl.RaftServerImpl (ServerState.java:setRaftConf(356)) - cc91f4db-3be8-4cd0-9ec5-474e4fe6b7d6@group-411FD514B15F: set configuration 0: [cc91f4db-3be8-4cd0-9ec5-474e4fe6b7d6:192.168.164.211:41477], old=null at 0
2019-10-02 07:57:10,604 [Thread-2873] INFO  impl.FollowerState (FollowerState.java:run(108)) - e6be78b6-b565-477b-bb8f-df1e8b94e3c2@group-C7944A13F649-FollowerState: change to CANDIDATE, lastRpcTime:5045ms, electionTimeout:5016ms
2019-10-02 07:57:10,604 [Thread-2873] INFO  impl.RoleInfo (RoleInfo.java:shutdownFollowerState(121)) - e6be78b6-b565-477b-bb8f-df1e8b94e3c2: shutdown FollowerState
2019-10-02 07:57:10,604 [Thread-2873] INFO  impl.RaftServerImpl (RaftServerImpl.java:setRole(170)) - e6be78b6-b565-477b-bb8f-df1e8b94e3c2@group-C7944A13F649: changes role from  FOLLOWER to CANDIDATE at term 0 for changeToCandidate
2019-10-02 07:57:10,604 [Thread-2873] INFO  impl.RoleInfo (RoleInfo.java:updateAndGet(143)) - e6be78b6-b565-477b-bb8f-df1e8b94e3c2: start LeaderElection
2019-10-02 07:57:10,606 [Thread-2874] INFO  impl.FollowerState (FollowerState.java:run(108)) - 53443156-7e0a-453a-97cc-f5ce78912da9@group-C7944A13F649-FollowerState: change to CANDIDATE, lastRpcTime:5047ms, electionTimeout:5046ms
2019-10-02 07:57:10,608 [Thread-2874] INFO  impl.RoleInfo (RoleInfo.java:shutdownFollowerState(121)) - 53443156-7e0a-453a-97cc-f5ce78912da9: shutdown FollowerState
2019-10-02 07:57:10,608 [Thread-2874] INFO  impl.RaftServerImpl (RaftServerImpl.java:setRole(170)) - 53443156-7e0a-453a-97cc-f5ce78912da9@group-C7944A13F649: changes role from  FOLLOWER to CANDIDATE at term 0 for changeToCandidate
2019-10-02 07:57:10,608 [Thread-2874] INFO  impl.RoleInfo (RoleInfo.java:updateAndGet(143)) - 53443156-7e0a-453a-97cc-f5ce78912da9: start LeaderElection
2019-10-02 07:57:10,615 [cc91f4db-3be8-4cd0-9ec5-474e4fe6b7d6@group-411FD514B15F-SegmentedRaftLogWorker] INFO  segmented.SegmentedRaftLogWorker (SegmentedRaftLogWorker.java:execute(574)) - cc91f4db-3be8-4cd0-9ec5-474e4fe6b7d6@group-411FD514B15F-SegmentedRaftLogWorker: created new log segment /workdir/hadoop-ozone/integration-test/target/test-dir/MiniOzoneClusterImpl-1b284452-a46a-4ca0-a40f-7c87425d7399/datanode-3/data/ratis/aec84eb4-e622-4d3b-9490-411fd514b15f/current/log_inprogress_0
2019-10-02 07:57:10,615 [53443156-7e0a-453a-97cc-f5ce78912da9@group-C7944A13F649-LeaderElection61] INFO  impl.LeaderElection (LeaderElection.java:askForVotes(178)) - 53443156-7e0a-453a-97cc-f5ce78912da9@group-C7944A13F649-LeaderElection61: begin an election at term 1 for -1: [cc91f4db-3be8-4cd0-9ec5-474e4fe6b7d6:192.168.164.211:41477, 53443156-7e0a-453a-97cc-f5ce78912da9:192.168.164.211:40009, e6be78b6-b565-477b-bb8f-df1e8b94e3c2:192.168.164.211:33442], old=null
2019-10-02 07:57:10,615 [e6be78b6-b565-477b-bb8f-df1e8b94e3c2@group-C7944A13F649-LeaderElection60] INFO  impl.LeaderElection (LeaderElection.java:askForVotes(178)) - e6be78b6-b565-477b-bb8f-df1e8b94e3c2@group-C7944A13F649-LeaderElection60: begin an election at term 1 for -1: [cc91f4db-3be8-4cd0-9ec5-474e4fe6b7d6:192.168.164.211:41477, 53443156-7e0a-453a-97cc-f5ce78912da9:192.168.164.211:40009, e6be78b6-b565-477b-bb8f-df1e8b94e3c2:192.168.164.211:33442], old=null
2019-10-02 07:57:10,622 [grpc-default-executor-7] INFO  impl.RaftServerImpl (RaftServerImpl.java:setRole(170)) - cc91f4db-3be8-4cd0-9ec5-474e4fe6b7d6@group-C7944A13F649: changes role from  FOLLOWER to FOLLOWER at term 1 for recognizeCandidate:e6be78b6-b565-477b-bb8f-df1e8b94e3c2
2019-10-02 07:57:10,624 [grpc-default-executor-7] INFO  impl.RoleInfo (RoleInfo.java:shutdownFollowerState(121)) - cc91f4db-3be8-4cd0-9ec5-474e4fe6b7d6: shutdown FollowerState
2019-10-02 07:57:10,626 [grpc-default-executor-7] INFO  impl.RoleInfo (RoleInfo.java:updateAndGet(143)) - cc91f4db-3be8-4cd0-9ec5-474e4fe6b7d6: start FollowerState
2019-10-02 07:57:10,626 [Thread-2869] INFO  impl.FollowerState (FollowerState.java:run(117)) - cc91f4db-3be8-4cd0-9ec5-474e4fe6b7d6@group-C7944A13F649-FollowerState was interrupted: java.lang.InterruptedException: sleep interrupted
2019-10-02 07:57:10,635 [53443156-7e0a-453a-97cc-f5ce78912da9@group-C7944A13F649-LeaderElection61] INFO  impl.LeaderElection (LeaderElection.java:logAndReturn(56)) - 53443156-7e0a-453a-97cc-f5ce78912da9@group-C7944A13F649-LeaderElection61: Election REJECTED; received 2 response(s) [53443156-7e0a-453a-97cc-f5ce78912da9<-cc91f4db-3be8-4cd0-9ec5-474e4fe6b7d6#0:FAIL-t1, 53443156-7e0a-453a-97cc-f5ce78912da9<-e6be78b6-b565-477b-bb8f-df1e8b94e3c2#0:FAIL-t1] and 0 exception(s); 53443156-7e0a-453a-97cc-f5ce78912da9@group-C7944A13F649:t1, leader=null, voted=53443156-7e0a-453a-97cc-f5ce78912da9, raftlog=53443156-7e0a-453a-97cc-f5ce78912da9@group-C7944A13F649-SegmentedRaftLog:OPENED:c-1,f-1,i0, conf=-1: [cc91f4db-3be8-4cd0-9ec5-474e4fe6b7d6:192.168.164.211:41477, 53443156-7e0a-453a-97cc-f5ce78912da9:192.168.164.211:40009, e6be78b6-b565-477b-bb8f-df1e8b94e3c2:192.168.164.211:33442], old=null
2019-10-02 07:57:10,635 [e6be78b6-b565-477b-bb8f-df1e8b94e3c2@group-C7944A13F649-LeaderElection60] INFO  impl.LeaderElection (LeaderElection.java:logAndReturn(56)) - e6be78b6-b565-477b-bb8f-df1e8b94e3c2@group-C7944A13F649-LeaderElection60: Election PASSED; received 2 response(s) [e6be78b6-b565-477b-bb8f-df1e8b94e3c2<-cc91f4db-3be8-4cd0-9ec5-474e4fe6b7d6#0:OK-t1, e6be78b6-b565-477b-bb8f-df1e8b94e3c2<-53443156-7e0a-453a-97cc-f5ce78912da9#0:FAIL-t1] and 0 exception(s); e6be78b6-b565-477b-bb8f-df1e8b94e3c2@group-C7944A13F649:t1, leader=null, voted=e6be78b6-b565-477b-bb8f-df1e8b94e3c2, raftlog=e6be78b6-b565-477b-bb8f-df1e8b94e3c2@group-C7944A13F649-SegmentedRaftLog:OPENED:c-1,f-1,i0, conf=-1: [cc91f4db-3be8-4cd0-9ec5-474e4fe6b7d6:192.168.164.211:41477, 53443156-7e0a-453a-97cc-f5ce78912da9:192.168.164.211:40009, e6be78b6-b565-477b-bb8f-df1e8b94e3c2:192.168.164.211:33442], old=null
2019-10-02 07:57:10,635 [53443156-7e0a-453a-97cc-f5ce78912da9@group-C7944A13F649-LeaderElection61] INFO  impl.RaftServerImpl (RaftServerImpl.java:setRole(170)) - 53443156-7e0a-453a-97cc-f5ce78912da9@group-C7944A13F649: changes role from CANDIDATE to FOLLOWER at term 1 for DISCOVERED_A_NEW_TERM
2019-10-02 07:57:10,637 [53443156-7e0a-453a-97cc-f5ce78912da9@group-C7944A13F649-LeaderElection61] INFO  impl.RoleInfo (RoleInfo.java:shutdownLeaderElection(134)) - 53443156-7e0a-453a-97cc-f5ce78912da9: shutdown LeaderElection
2019-10-02 07:57:10,637 [53443156-7e0a-453a-97cc-f5ce78912da9@group-C7944A13F649-LeaderElection61] INFO  impl.RoleInfo (RoleInfo.java:updateAndGet(143)) - 53443156-7e0a-453a-97cc-f5ce78912da9: start FollowerState
2019-10-02 07:57:10,637 [e6be78b6-b565-477b-bb8f-df1e8b94e3c2@group-C7944A13F649-LeaderElection60] INFO  impl.RoleInfo (RoleInfo.java:shutdownLeaderElection(134)) - e6be78b6-b565-477b-bb8f-df1e8b94e3c2: shutdown LeaderElection
2019-10-02 07:57:10,639 [e6be78b6-b565-477b-bb8f-df1e8b94e3c2@group-C7944A13F649-LeaderElection60] INFO  impl.RaftServerImpl (RaftServerImpl.java:setRole(170)) - e6be78b6-b565-477b-bb8f-df1e8b94e3c2@group-C7944A13F649: changes role from CANDIDATE to LEADER at term 1 for changeToLeader
2019-10-02 07:57:10,639 [e6be78b6-b565-477b-bb8f-df1e8b94e3c2@group-C7944A13F649-LeaderElection60] INFO  impl.RaftServerImpl (ServerState.java:setLeader(255)) - e6be78b6-b565-477b-bb8f-df1e8b94e3c2@group-C7944A13F649: change Leader from null to e6be78b6-b565-477b-bb8f-df1e8b94e3c2 at term 1 for becomeLeader, leader elected after 5089ms
2019-10-02 07:57:10,639 [e6be78b6-b565-477b-bb8f-df1e8b94e3c2@group-C7944A13F649-LeaderElection60] INFO  server.RaftServerConfigKeys (ConfUtils.java:logGet(43)) - raft.server.staging.catchup.gap = 1000 (default)
2019-10-02 07:57:10,639 [e6be78b6-b565-477b-bb8f-df1e8b94e3c2@group-C7944A13F649-LeaderElection60] INFO  server.RaftServerConfigKeys (ConfUtils.java:logGet(43)) - raft.server.rpc.sleep.time = 25ms (default)
2019-10-02 07:57:10,639 [e6be78b6-b565-477b-bb8f-df1e8b94e3c2@group-C7944A13F649-LeaderElection60] INFO  server.RaftServerConfigKeys (ConfUtils.java:logGet(43)) - raft.server.write.element-limit = 4096 (default)
2019-10-02 07:57:10,639 [e6be78b6-b565-477b-bb8f-df1e8b94e3c2@group-C7944A13F649-LeaderElection60] INFO  server.RaftServerConfigKeys (ConfUtils.java:logGet(43)) - raft.server.watch.timeout = 10s (default)
2019-10-02 07:57:10,639 [e6be78b6-b565-477b-bb8f-df1e8b94e3c2@group-C7944A13F649-LeaderElection60] INFO  server.RaftServerConfigKeys (ConfUtils.java:logGet(43)) - raft.server.watch.timeout.denomination = 1s (default)
2019-10-02 07:57:10,640 [e6be78b6-b565-477b-bb8f-df1e8b94e3c2@group-C7944A13F649-LeaderElection60] INFO  server.RaftServerConfigKeys (ConfUtils.java:logGet(43)) - raft.server.watch.element-limit = 65536 (default)
2019-10-02 07:57:10,644 [e6be78b6-b565-477b-bb8f-df1e8b94e3c2@group-C7944A13F649-LeaderElection60] INFO  server.RaftServerConfigKeys (ConfUtils.java:logGet(43)) - raft.server.log.appender.snapshot.chunk.size.max = 16MB (=16777216) (default)
2019-10-02 07:57:10,645 [e6be78b6-b565-477b-bb8f-df1e8b94e3c2@group-C7944A13F649-LeaderElection60] INFO  server.RaftServerConfigKeys (ConfUtils.java:logGet(43)) - raft.server.log.appender.buffer.byte-limit = 33554432 (custom)
2019-10-02 07:57:10,645 [e6be78b6-b565-477b-bb8f-df1e8b94e3c2@group-C7944A13F649-LeaderElection60] INFO  server.RaftServerConfigKeys (ConfUtils.java:logGet(43)) - raft.server.log.appender.buffer.element-limit = 1 (custom)
2019-10-02 07:57:10,645 [e6be78b6-b565-477b-bb8f-df1e8b94e3c2@group-C7944A13F649-LeaderElection60] INFO  grpc.GrpcConfigKeys$Server (ConfUtils.java:logGet(43)) - raft.grpc.server.leader.outstanding.appends.max = 128 (default)
2019-10-02 07:57:10,645 [e6be78b6-b565-477b-bb8f-df1e8b94e3c2@group-C7944A13F649-LeaderElection60] INFO  server.RaftServerConfigKeys (ConfUtils.java:logGet(43)) - raft.server.rpc.request.timeout = 3000ms (default)
2019-10-02 07:57:10,645 [e6be78b6-b565-477b-bb8f-df1e8b94e3c2@group-C7944A13F649-LeaderElection60] INFO  server.RaftServerConfigKeys (ConfUtils.java:logGet(43)) - raft.server.log.appender.install.snapshot.enabled = false (custom)
2019-10-02 07:57:10,645 [Thread-2866] INFO  impl.FollowerState (FollowerState.java:run(108)) - e6be78b6-b565-477b-bb8f-df1e8b94e3c2@group-E1D5F6661BC0-FollowerState: change to CANDIDATE, lastRpcTime:5155ms, electionTimeout:5155ms
2019-10-02 07:57:10,645 [e6be78b6-b565-477b-bb8f-df1e8b94e3c2@group-C7944A13F649-LeaderElection60] INFO  server.RaftServerConfigKeys (ConfUtils.java:logGet(43)) - raft.server.log.appender.snapshot.chunk.size.max = 16MB (=16777216) (default)
2019-10-02 07:57:10,646 [Thread-2866] INFO  impl.RoleInfo (RoleInfo.java:shutdownFollowerState(121)) - e6be78b6-b565-477b-bb8f-df1e8b94e3c2: shutdown FollowerState
2019-10-02 07:57:10,646 [e6be78b6-b565-477b-bb8f-df1e8b94e3c2@group-C7944A13F649-LeaderElection60] INFO  server.RaftServerConfigKeys (ConfUtils.java:logGet(43)) - raft.server.log.appender.buffer.byte-limit = 33554432 (custom)
2019-10-02 07:57:10,646 [Thread-2866] INFO  impl.RaftServerImpl (RaftServerImpl.java:setRole(170)) - e6be78b6-b565-477b-bb8f-df1e8b94e3c2@group-E1D5F6661BC0: changes role from  FOLLOWER to CANDIDATE at term 0 for changeToCandidate
2019-10-02 07:57:10,646 [e6be78b6-b565-477b-bb8f-df1e8b94e3c2@group-C7944A13F649-LeaderElection60] INFO  server.RaftServerConfigKeys (ConfUtils.java:logGet(43)) - raft.server.log.appender.buffer.element-limit = 1 (custom)
2019-10-02 07:57:10,646 [Thread-2866] INFO  impl.RoleInfo (RoleInfo.java:updateAndGet(143)) - e6be78b6-b565-477b-bb8f-df1e8b94e3c2: start LeaderElection
2019-10-02 07:57:10,646 [e6be78b6-b565-477b-bb8f-df1e8b94e3c2@group-C7944A13F649-LeaderElection60] INFO  grpc.GrpcConfigKeys$Server (ConfUtils.java:logGet(43)) - raft.grpc.server.leader.outstanding.appends.max = 128 (default)
2019-10-02 07:57:10,646 [e6be78b6-b565-477b-bb8f-df1e8b94e3c2@group-C7944A13F649-LeaderElection60] INFO  server.RaftServerConfigKeys (ConfUtils.java:logGet(43)) - raft.server.rpc.request.timeout = 3000ms (default)
2019-10-02 07:57:10,648 [e6be78b6-b565-477b-bb8f-df1e8b94e3c2@group-C7944A13F649-LeaderElection60] INFO  server.RaftServerConfigKeys (ConfUtils.java:logGet(43)) - raft.server.log.appender.install.snapshot.enabled = false (custom)
2019-10-02 07:57:10,650 [e6be78b6-b565-477b-bb8f-df1e8b94e3c2@group-C7944A13F649-LeaderElection60] INFO  impl.RoleInfo (RoleInfo.java:updateAndGet(143)) - e6be78b6-b565-477b-bb8f-df1e8b94e3c2: start LeaderState
2019-10-02 07:57:10,650 [e6be78b6-b565-477b-bb8f-df1e8b94e3c2@group-C7944A13F649-LeaderElection60] INFO  segmented.SegmentedRaftLogWorker (SegmentedRaftLogWorker.java:startLogSegment(385)) - e6be78b6-b565-477b-bb8f-df1e8b94e3c2@group-C7944A13F649-SegmentedRaftLogWorker: Starting segment from index:0
2019-10-02 07:57:10,651 [e6be78b6-b565-477b-bb8f-df1e8b94e3c2@group-C7944A13F649-LeaderElection60] INFO  impl.RaftServerImpl (ServerState.java:setRaftConf(356)) - e6be78b6-b565-477b-bb8f-df1e8b94e3c2@group-C7944A13F649: set configuration 0: [cc91f4db-3be8-4cd0-9ec5-474e4fe6b7d6:192.168.164.211:41477, 53443156-7e0a-453a-97cc-f5ce78912da9:192.168.164.211:40009, e6be78b6-b565-477b-bb8f-df1e8b94e3c2:192.168.164.211:33442], old=null at 0
2019-10-02 07:57:10,653 [grpc-default-executor-6] INFO  impl.RaftServerImpl (ServerState.java:setLeader(255)) - cc91f4db-3be8-4cd0-9ec5-474e4fe6b7d6@group-C7944A13F649: change Leader from null to e6be78b6-b565-477b-bb8f-df1e8b94e3c2 at term 1 for appendEntries, leader elected after 5104ms
2019-10-02 07:57:10,653 [grpc-default-executor-7] INFO  impl.RaftServerImpl (ServerState.java:setLeader(255)) - 53443156-7e0a-453a-97cc-f5ce78912da9@group-C7944A13F649: change Leader from null to e6be78b6-b565-477b-bb8f-df1e8b94e3c2 at term 1 for appendEntries, leader elected after 5104ms
2019-10-02 07:57:10,655 [grpc-default-executor-7] INFO  impl.RaftServerImpl (ServerState.java:setRaftConf(356)) - cc91f4db-3be8-4cd0-9ec5-474e4fe6b7d6@group-C7944A13F649: set configuration 0: [cc91f4db-3be8-4cd0-9ec5-474e4fe6b7d6:192.168.164.211:41477, 53443156-7e0a-453a-97cc-f5ce78912da9:192.168.164.211:40009, e6be78b6-b565-477b-bb8f-df1e8b94e3c2:192.168.164.211:33442], old=null at 0
2019-10-02 07:57:10,655 [grpc-default-executor-6] INFO  impl.RaftServerImpl (ServerState.java:setRaftConf(356)) - 53443156-7e0a-453a-97cc-f5ce78912da9@group-C7944A13F649: set configuration 0: [cc91f4db-3be8-4cd0-9ec5-474e4fe6b7d6:192.168.164.211:41477, 53443156-7e0a-453a-97cc-f5ce78912da9:192.168.164.211:40009, e6be78b6-b565-477b-bb8f-df1e8b94e3c2:192.168.164.211:33442], old=null at 0
2019-10-02 07:57:10,655 [grpc-default-executor-7] INFO  segmented.SegmentedRaftLogWorker (SegmentedRaftLogWorker.java:startLogSegment(385)) - cc91f4db-3be8-4cd0-9ec5-474e4fe6b7d6@group-C7944A13F649-SegmentedRaftLogWorker: Starting segment from index:0
2019-10-02 07:57:10,655 [grpc-default-executor-6] INFO  segmented.SegmentedRaftLogWorker (SegmentedRaftLogWorker.java:startLogSegment(385)) - 53443156-7e0a-453a-97cc-f5ce78912da9@group-C7944A13F649-SegmentedRaftLogWorker: Starting segment from index:0
2019-10-02 07:57:10,666 [e6be78b6-b565-477b-bb8f-df1e8b94e3c2@group-E1D5F6661BC0-LeaderElection62] INFO  impl.LeaderElection (LeaderElection.java:askForVotes(178)) - e6be78b6-b565-477b-bb8f-df1e8b94e3c2@group-E1D5F6661BC0-LeaderElection62: begin an election at term 1 for -1: [e6be78b6-b565-477b-bb8f-df1e8b94e3c2:192.168.164.211:33442], old=null
2019-10-02 07:57:10,666 [e6be78b6-b565-477b-bb8f-df1e8b94e3c2@group-E1D5F6661BC0-LeaderElection62] INFO  impl.RoleInfo (RoleInfo.java:shutdownLeaderElection(134)) - e6be78b6-b565-477b-bb8f-df1e8b94e3c2: shutdown LeaderElection
2019-10-02 07:57:10,666 [e6be78b6-b565-477b-bb8f-df1e8b94e3c2@group-E1D5F6661BC0-LeaderElection62] INFO  impl.RaftServerImpl (RaftServerImpl.java:setRole(170)) - e6be78b6-b565-477b-bb8f-df1e8b94e3c2@group-E1D5F6661BC0: changes role from CANDIDATE to LEADER at term 1 for changeToLeader
2019-10-02 07:57:10,667 [e6be78b6-b565-477b-bb8f-df1e8b94e3c2@group-E1D5F6661BC0-LeaderElection62] INFO  impl.RaftServerImpl (ServerState.java:setLeader(255)) - e6be78b6-b565-477b-bb8f-df1e8b94e3c2@group-E1D5F6661BC0: change Leader from null to e6be78b6-b565-477b-bb8f-df1e8b94e3c2 at term 1 for becomeLeader, leader elected after 5181ms
2019-10-02 07:57:10,667 [e6be78b6-b565-477b-bb8f-df1e8b94e3c2@group-E1D5F6661BC0-LeaderElection62] INFO  server.RaftServerConfigKeys (ConfUtils.java:logGet(43)) - raft.server.staging.catchup.gap = 1000 (default)
2019-10-02 07:57:10,667 [e6be78b6-b565-477b-bb8f-df1e8b94e3c2@group-E1D5F6661BC0-LeaderElection62] INFO  server.RaftServerConfigKeys (ConfUtils.java:logGet(43)) - raft.server.rpc.sleep.time = 25ms (default)
2019-10-02 07:57:10,667 [e6be78b6-b565-477b-bb8f-df1e8b94e3c2@group-E1D5F6661BC0-LeaderElection62] INFO  server.RaftServerConfigKeys (ConfUtils.java:logGet(43)) - raft.server.write.element-limit = 4096 (default)
2019-10-02 07:57:10,667 [e6be78b6-b565-477b-bb8f-df1e8b94e3c2@group-E1D5F6661BC0-LeaderElection62] INFO  server.RaftServerConfigKeys (ConfUtils.java:logGet(43)) - raft.server.watch.timeout = 10s (default)
2019-10-02 07:57:10,667 [e6be78b6-b565-477b-bb8f-df1e8b94e3c2@group-E1D5F6661BC0-LeaderElection62] INFO  server.RaftServerConfigKeys (ConfUtils.java:logGet(43)) - raft.server.watch.timeout.denomination = 1s (default)
2019-10-02 07:57:10,667 [e6be78b6-b565-477b-bb8f-df1e8b94e3c2@group-E1D5F6661BC0-LeaderElection62] INFO  server.RaftServerConfigKeys (ConfUtils.java:logGet(43)) - raft.server.watch.element-limit = 65536 (default)
2019-10-02 07:57:10,669 [e6be78b6-b565-477b-bb8f-df1e8b94e3c2@group-E1D5F6661BC0-LeaderElection62] INFO  impl.RoleInfo (RoleInfo.java:updateAndGet(143)) - e6be78b6-b565-477b-bb8f-df1e8b94e3c2: start LeaderState
2019-10-02 07:57:10,670 [e6be78b6-b565-477b-bb8f-df1e8b94e3c2@group-E1D5F6661BC0-LeaderElection62] INFO  segmented.SegmentedRaftLogWorker (SegmentedRaftLogWorker.java:startLogSegment(385)) - e6be78b6-b565-477b-bb8f-df1e8b94e3c2@group-E1D5F6661BC0-SegmentedRaftLogWorker: Starting segment from index:0
2019-10-02 07:57:10,670 [e6be78b6-b565-477b-bb8f-df1e8b94e3c2@group-E1D5F6661BC0-LeaderElection62] INFO  impl.RaftServerImpl (ServerState.java:setRaftConf(356)) - e6be78b6-b565-477b-bb8f-df1e8b94e3c2@group-E1D5F6661BC0: set configuration 0: [e6be78b6-b565-477b-bb8f-df1e8b94e3c2:192.168.164.211:33442], old=null at 0
2019-10-02 07:57:10,706 [e6be78b6-b565-477b-bb8f-df1e8b94e3c2@group-E1D5F6661BC0-SegmentedRaftLogWorker] INFO  segmented.SegmentedRaftLogWorker (SegmentedRaftLogWorker.java:execute(574)) - e6be78b6-b565-477b-bb8f-df1e8b94e3c2@group-E1D5F6661BC0-SegmentedRaftLogWorker: created new log segment /workdir/hadoop-ozone/integration-test/target/test-dir/MiniOzoneClusterImpl-1b284452-a46a-4ca0-a40f-7c87425d7399/datanode-6/data/ratis/90676608-625d-4300-a1a1-e1d5f6661bc0/current/log_inprogress_0
2019-10-02 07:57:10,706 [53443156-7e0a-453a-97cc-f5ce78912da9@group-C7944A13F649-SegmentedRaftLogWorker] INFO  segmented.SegmentedRaftLogWorker (SegmentedRaftLogWorker.java:execute(574)) - 53443156-7e0a-453a-97cc-f5ce78912da9@group-C7944A13F649-SegmentedRaftLogWorker: created new log segment /workdir/hadoop-ozone/integration-test/target/test-dir/MiniOzoneClusterImpl-1b284452-a46a-4ca0-a40f-7c87425d7399/datanode-4/data/ratis/b3544fa9-f301-4f50-8a8d-c7944a13f649/current/log_inprogress_0
2019-10-02 07:57:10,706 [e6be78b6-b565-477b-bb8f-df1e8b94e3c2@group-C7944A13F649-SegmentedRaftLogWorker] INFO  segmented.SegmentedRaftLogWorker (SegmentedRaftLogWorker.java:execute(574)) - e6be78b6-b565-477b-bb8f-df1e8b94e3c2@group-C7944A13F649-SegmentedRaftLogWorker: created new log segment /workdir/hadoop-ozone/integration-test/target/test-dir/MiniOzoneClusterImpl-1b284452-a46a-4ca0-a40f-7c87425d7399/datanode-6/data/ratis/b3544fa9-f301-4f50-8a8d-c7944a13f649/current/log_inprogress_0
2019-10-02 07:57:10,706 [cc91f4db-3be8-4cd0-9ec5-474e4fe6b7d6@group-C7944A13F649-SegmentedRaftLogWorker] INFO  segmented.SegmentedRaftLogWorker (SegmentedRaftLogWorker.java:execute(574)) - cc91f4db-3be8-4cd0-9ec5-474e4fe6b7d6@group-C7944A13F649-SegmentedRaftLogWorker: created new log segment /workdir/hadoop-ozone/integration-test/target/test-dir/MiniOzoneClusterImpl-1b284452-a46a-4ca0-a40f-7c87425d7399/datanode-3/data/ratis/b3544fa9-f301-4f50-8a8d-c7944a13f649/current/log_inprogress_0
2019-10-02 07:57:11,742 [Datanode State Machine Thread - 0] INFO  statemachine.DatanodeStateMachine (DatanodeStateMachine.java:lambda$startDaemon$0(350)) - Ozone container server started.
2019-10-02 07:57:15,810 [EventQueue-StaleNodeForStaleNodeHandler] INFO  node.StaleNodeHandler (StaleNodeHandler.java:onMessage(58)) - Datanode 40a59037-f13e-442f-b21d-bc75ef3f3ac7{ip: 192.168.164.211, host: pr-hdds-2227-gdpr-vz6hn-2718222164, networkLocation: /default-rack, certSerialId: null} moved to stale state. Finalizing its pipelines [PipelineID=443e1528-21f2-4719-8ab1-682f2627757e, PipelineID=a3896473-9433-42a5-ae19-93b5b54a08f6]
2019-10-02 07:57:15,810 [EventQueue-StaleNodeForStaleNodeHandler] INFO  pipeline.SCMPipelineManager (SCMPipelineManager.java:finalizeAndDestroyPipeline(315)) - destroying pipeline:Pipeline[ Id: 443e1528-21f2-4719-8ab1-682f2627757e, Nodes: 40a59037-f13e-442f-b21d-bc75ef3f3ac7{ip: 192.168.164.211, host: pr-hdds-2227-gdpr-vz6hn-2718222164, networkLocation: /default-rack, certSerialId: null}, Type:RATIS, Factor:ONE, State:OPEN]
2019-10-02 07:57:15,810 [EventQueue-StaleNodeForStaleNodeHandler] INFO  pipeline.PipelineStateManager (PipelineStateManager.java:finalizePipeline(123)) - Pipeline Pipeline[ Id: 443e1528-21f2-4719-8ab1-682f2627757e, Nodes: 40a59037-f13e-442f-b21d-bc75ef3f3ac7{ip: 192.168.164.211, host: pr-hdds-2227-gdpr-vz6hn-2718222164, networkLocation: /default-rack, certSerialId: null}, Type:RATIS, Factor:ONE, State:CLOSED] moved to CLOSED state
2019-10-02 07:57:15,811 [EventQueue-StaleNodeForStaleNodeHandler] INFO  pipeline.SCMPipelineManager (SCMPipelineManager.java:finalizeAndDestroyPipeline(315)) - destroying pipeline:Pipeline[ Id: a3896473-9433-42a5-ae19-93b5b54a08f6, Nodes: 40a59037-f13e-442f-b21d-bc75ef3f3ac7{ip: 192.168.164.211, host: pr-hdds-2227-gdpr-vz6hn-2718222164, networkLocation: /default-rack, certSerialId: null}ce132960-38ca-4eb2-a2a4-e2a76adf71a1{ip: 192.168.164.211, host: pr-hdds-2227-gdpr-vz6hn-2718222164, networkLocation: /default-rack, certSerialId: null}63987b2c-fa7c-4d81-b174-6922948a5118{ip: 192.168.164.211, host: pr-hdds-2227-gdpr-vz6hn-2718222164, networkLocation: /default-rack, certSerialId: null}, Type:RATIS, Factor:THREE, State:OPEN]
2019-10-02 07:57:15,811 [EventQueue-StaleNodeForStaleNodeHandler] INFO  pipeline.PipelineStateManager (PipelineStateManager.java:finalizePipeline(123)) - Pipeline Pipeline[ Id: a3896473-9433-42a5-ae19-93b5b54a08f6, Nodes: 40a59037-f13e-442f-b21d-bc75ef3f3ac7{ip: 192.168.164.211, host: pr-hdds-2227-gdpr-vz6hn-2718222164, networkLocation: /default-rack, certSerialId: null}ce132960-38ca-4eb2-a2a4-e2a76adf71a1{ip: 192.168.164.211, host: pr-hdds-2227-gdpr-vz6hn-2718222164, networkLocation: /default-rack, certSerialId: null}63987b2c-fa7c-4d81-b174-6922948a5118{ip: 192.168.164.211, host: pr-hdds-2227-gdpr-vz6hn-2718222164, networkLocation: /default-rack, certSerialId: null}, Type:RATIS, Factor:THREE, State:CLOSED] moved to CLOSED state
2019-10-02 07:57:15,811 [EventQueue-CloseContainerForCloseContainerEventHandler] INFO  container.CloseContainerEventHandler (CloseContainerEventHandler.java:onMessage(61)) - Close container Event triggered for container : #1
2019-10-02 07:57:15,977 [main] INFO  ozoneimpl.OzoneContainer (OzoneContainer.java:stop(231)) - Attempting to stop container services.
2019-10-02 07:57:15,981 [main] INFO  impl.RaftServerProxy (RaftServerProxy.java:lambda$close$4(314)) - 40a59037-f13e-442f-b21d-bc75ef3f3ac7: close
2019-10-02 07:57:15,982 [main] INFO  impl.RaftServerImpl (RaftServerImpl.java:lambda$shutdown$3(247)) - 40a59037-f13e-442f-b21d-bc75ef3f3ac7@group-682F2627757E: shutdown
2019-10-02 07:57:15,982 [main] INFO  util.JmxRegister (JmxRegister.java:unregister(73)) - Successfully un-registered JMX Bean with object name Ratis:service=RaftServer,group=group-682F2627757E,id=40a59037-f13e-442f-b21d-bc75ef3f3ac7
2019-10-02 07:57:15,983 [main] INFO  impl.RoleInfo (RoleInfo.java:shutdownLeaderState(104)) - 40a59037-f13e-442f-b21d-bc75ef3f3ac7: shutdown LeaderState
2019-10-02 07:57:15,983 [main] INFO  impl.PendingRequests (PendingRequests.java:sendNotLeaderResponses(202)) - 40a59037-f13e-442f-b21d-bc75ef3f3ac7@group-682F2627757E-PendingRequests: sendNotLeaderResponses
2019-10-02 07:57:15,983 [main] INFO  impl.StateMachineUpdater (StateMachineUpdater.java:stopAndJoin(136)) - 40a59037-f13e-442f-b21d-bc75ef3f3ac7@group-682F2627757E-StateMachineUpdater: set stopIndex = 0
2019-10-02 07:57:15,984 [main] INFO  impl.RaftServerImpl (ServerState.java:close(387)) - 40a59037-f13e-442f-b21d-bc75ef3f3ac7@group-682F2627757E: closes. applyIndex: 0
2019-10-02 07:57:15,984 [40a59037-f13e-442f-b21d-bc75ef3f3ac7@group-682F2627757E-SegmentedRaftLogWorker] INFO  segmented.SegmentedRaftLogWorker (SegmentedRaftLogWorker.java:run(316)) - 40a59037-f13e-442f-b21d-bc75ef3f3ac7@group-682F2627757E-SegmentedRaftLogWorker was interrupted, exiting. There are 0 tasks remaining in the queue.
2019-10-02 07:57:15,986 [main] INFO  segmented.SegmentedRaftLogWorker (SegmentedRaftLogWorker.java:close(224)) - 40a59037-f13e-442f-b21d-bc75ef3f3ac7@group-682F2627757E-SegmentedRaftLogWorker close()
2019-10-02 07:57:15,990 [main] INFO  impl.RaftServerImpl (RaftServerImpl.java:lambda$shutdown$3(247)) - 40a59037-f13e-442f-b21d-bc75ef3f3ac7@group-93B5B54A08F6: shutdown
2019-10-02 07:57:15,990 [main] INFO  util.JmxRegister (JmxRegister.java:unregister(73)) - Successfully un-registered JMX Bean with object name Ratis:service=RaftServer,group=group-93B5B54A08F6,id=40a59037-f13e-442f-b21d-bc75ef3f3ac7
2019-10-02 07:57:15,991 [main] INFO  impl.RoleInfo (RoleInfo.java:shutdownLeaderState(104)) - 40a59037-f13e-442f-b21d-bc75ef3f3ac7: shutdown LeaderState
2019-10-02 07:57:15,994 [main] INFO  impl.PendingRequests (PendingRequests.java:sendNotLeaderResponses(202)) - 40a59037-f13e-442f-b21d-bc75ef3f3ac7@group-93B5B54A08F6-PendingRequests: sendNotLeaderResponses
2019-10-02 07:57:15,994 [org.apache.ratis.server.impl.LogAppender$AppenderDaemon$$Lambda$516/812517202@6faf375f] WARN  server.GrpcLogAppender (GrpcLogAppender.java:mayWait(143)) - 40a59037-f13e-442f-b21d-bc75ef3f3ac7@group-93B5B54A08F6->ce132960-38ca-4eb2-a2a4-e2a76adf71a1-GrpcLogAppender: Wait interrupted by java.lang.InterruptedException
2019-10-02 07:57:15,994 [org.apache.ratis.server.impl.LogAppender$AppenderDaemon$$Lambda$516/812517202@614cf093] WARN  server.GrpcLogAppender (GrpcLogAppender.java:mayWait(143)) - 40a59037-f13e-442f-b21d-bc75ef3f3ac7@group-93B5B54A08F6->63987b2c-fa7c-4d81-b174-6922948a5118-GrpcLogAppender: Wait interrupted by java.lang.InterruptedException
2019-10-02 07:57:15,998 [main] INFO  impl.StateMachineUpdater (StateMachineUpdater.java:stopAndJoin(136)) - 40a59037-f13e-442f-b21d-bc75ef3f3ac7@group-93B5B54A08F6-StateMachineUpdater: set stopIndex = 16
2019-10-02 07:57:15,998 [40a59037-f13e-442f-b21d-bc75ef3f3ac7@group-93B5B54A08F6-StateMachineUpdater] INFO  ratis.ContainerStateMachine (ContainerStateMachine.java:takeSnapshot(293)) - group-93B5B54A08F6: Taking a snapshot at:(t:1, i:14) file /workdir/hadoop-ozone/integration-test/target/test-dir/MiniOzoneClusterImpl-1b284452-a46a-4ca0-a40f-7c87425d7399/datanode-0/data/ratis/a3896473-9433-42a5-ae19-93b5b54a08f6/sm/snapshot.1_14
2019-10-02 07:57:15,998 [grpc-default-executor-0] INFO  server.GrpcServerProtocolService (GrpcServerProtocolService.java:onCompleted(113)) - 63987b2c-fa7c-4d81-b174-6922948a5118: Completed APPEND_ENTRIES, lastRequest: 40a59037-f13e-442f-b21d-bc75ef3f3ac7->63987b2c-fa7c-4d81-b174-6922948a5118#19-t1, previous=(t:1, i:16), leaderCommit=16, initializing? false, entries: <empty>
2019-10-02 07:57:15,998 [grpc-default-executor-6] INFO  server.GrpcServerProtocolService (GrpcServerProtocolService.java:onCompleted(113)) - ce132960-38ca-4eb2-a2a4-e2a76adf71a1: Completed APPEND_ENTRIES, lastRequest: 40a59037-f13e-442f-b21d-bc75ef3f3ac7->ce132960-38ca-4eb2-a2a4-e2a76adf71a1#19-t1, previous=(t:1, i:16), leaderCommit=16, initializing? false, entries: <empty>
2019-10-02 07:57:15,998 [grpc-default-executor-0] INFO  server.GrpcLogAppender (GrpcLogAppender.java:onCompleted(293)) - 40a59037-f13e-442f-b21d-bc75ef3f3ac7@group-93B5B54A08F6->63987b2c-fa7c-4d81-b174-6922948a5118-AppendLogResponseHandler: follower responses appendEntries COMPLETED
2019-10-02 07:57:15,998 [grpc-default-executor-6] INFO  server.GrpcLogAppender (GrpcLogAppender.java:onCompleted(293)) - 40a59037-f13e-442f-b21d-bc75ef3f3ac7@group-93B5B54A08F6->ce132960-38ca-4eb2-a2a4-e2a76adf71a1-AppendLogResponseHandler: follower responses appendEntries COMPLETED
2019-10-02 07:57:15,999 [grpc-default-executor-0] INFO  impl.FollowerInfo (FollowerInfo.java:lambda$new$0(51)) - 40a59037-f13e-442f-b21d-bc75ef3f3ac7@group-93B5B54A08F6->63987b2c-fa7c-4d81-b174-6922948a5118: nextIndex: updateUnconditionally 17 -> 16
2019-10-02 07:57:15,999 [grpc-default-executor-6] INFO  impl.FollowerInfo (FollowerInfo.java:lambda$new$0(51)) - 40a59037-f13e-442f-b21d-bc75ef3f3ac7@group-93B5B54A08F6->ce132960-38ca-4eb2-a2a4-e2a76adf71a1: nextIndex: updateUnconditionally 17 -> 16
2019-10-02 07:57:16,011 [40a59037-f13e-442f-b21d-bc75ef3f3ac7@group-93B5B54A08F6-StateMachineUpdater] INFO  ratis.ContainerStateMachine (ContainerStateMachine.java:takeSnapshot(304)) - group-93B5B54A08F6: Finished taking a snapshot at:(t:1, i:14) file:/workdir/hadoop-ozone/integration-test/target/test-dir/MiniOzoneClusterImpl-1b284452-a46a-4ca0-a40f-7c87425d7399/datanode-0/data/ratis/a3896473-9433-42a5-ae19-93b5b54a08f6/sm/snapshot.1_14 time:13
2019-10-02 07:57:16,011 [40a59037-f13e-442f-b21d-bc75ef3f3ac7@group-93B5B54A08F6-StateMachineUpdater] INFO  impl.StateMachineUpdater (StateMachineUpdater.java:takeSnapshot(269)) - 40a59037-f13e-442f-b21d-bc75ef3f3ac7@group-93B5B54A08F6-StateMachineUpdater: Took a snapshot at index 14
2019-10-02 07:57:16,011 [40a59037-f13e-442f-b21d-bc75ef3f3ac7@group-93B5B54A08F6-StateMachineUpdater] INFO  impl.StateMachineUpdater (StateMachineUpdater.java:lambda$new$0(84)) - 40a59037-f13e-442f-b21d-bc75ef3f3ac7@group-93B5B54A08F6-StateMachineUpdater: snapshotIndex: updateIncreasingly -1 -> 14
2019-10-02 07:57:16,012 [40a59037-f13e-442f-b21d-bc75ef3f3ac7@group-93B5B54A08F6-StateMachineUpdater] INFO  ratis.ContainerStateMachine (ContainerStateMachine.java:takeSnapshot(293)) - group-93B5B54A08F6: Taking a snapshot at:(t:1, i:14) file /workdir/hadoop-ozone/integration-test/target/test-dir/MiniOzoneClusterImpl-1b284452-a46a-4ca0-a40f-7c87425d7399/datanode-0/data/ratis/a3896473-9433-42a5-ae19-93b5b54a08f6/sm/snapshot.1_14
2019-10-02 07:57:16,024 [40a59037-f13e-442f-b21d-bc75ef3f3ac7@group-93B5B54A08F6-StateMachineUpdater] INFO  ratis.ContainerStateMachine (ContainerStateMachine.java:takeSnapshot(304)) - group-93B5B54A08F6: Finished taking a snapshot at:(t:1, i:14) file:/workdir/hadoop-ozone/integration-test/target/test-dir/MiniOzoneClusterImpl-1b284452-a46a-4ca0-a40f-7c87425d7399/datanode-0/data/ratis/a3896473-9433-42a5-ae19-93b5b54a08f6/sm/snapshot.1_14 time:12
2019-10-02 07:57:16,024 [40a59037-f13e-442f-b21d-bc75ef3f3ac7@group-93B5B54A08F6-StateMachineUpdater] INFO  impl.StateMachineUpdater (StateMachineUpdater.java:takeSnapshot(269)) - 40a59037-f13e-442f-b21d-bc75ef3f3ac7@group-93B5B54A08F6-StateMachineUpdater: Took a snapshot at index 14
2019-10-02 07:57:16,024 [40a59037-f13e-442f-b21d-bc75ef3f3ac7@group-93B5B54A08F6-StateMachineUpdater] INFO  impl.StateMachineUpdater (StateMachineUpdater.java:lambda$new$0(84)) - 40a59037-f13e-442f-b21d-bc75ef3f3ac7@group-93B5B54A08F6-StateMachineUpdater: snapshotIndex: updateIncreasingly 14 -> 14
2019-10-02 07:57:16,024 [main] INFO  impl.RaftServerImpl (ServerState.java:close(387)) - 40a59037-f13e-442f-b21d-bc75ef3f3ac7@group-93B5B54A08F6: closes. applyIndex: 16
2019-10-02 07:57:16,025 [40a59037-f13e-442f-b21d-bc75ef3f3ac7@group-93B5B54A08F6-SegmentedRaftLogWorker] INFO  segmented.SegmentedRaftLogWorker (SegmentedRaftLogWorker.java:run(316)) - 40a59037-f13e-442f-b21d-bc75ef3f3ac7@group-93B5B54A08F6-SegmentedRaftLogWorker was interrupted, exiting. There are 0 tasks remaining in the queue.
2019-10-02 07:57:16,027 [main] INFO  segmented.SegmentedRaftLogWorker (SegmentedRaftLogWorker.java:close(224)) - 40a59037-f13e-442f-b21d-bc75ef3f3ac7@group-93B5B54A08F6-SegmentedRaftLogWorker close()
2019-10-02 07:57:16,032 [main] INFO  server.GrpcService (GrpcService.java:closeImpl(164)) - 40a59037-f13e-442f-b21d-bc75ef3f3ac7: shutdown server with port 34005 now
2019-10-02 07:57:16,033 [grpc-default-executor-0] WARN  client.GrpcClientProtocolService (LogUtils.java:warn(134)) - 4-UnorderedRequestStreamObserver4: onError: org.apache.ratis.thirdparty.io.grpc.StatusRuntimeException: CANCELLED: cancelled before receiving half close
2019-10-02 07:57:16,035 [main] INFO  server.GrpcService (GrpcService.java:closeImpl(172)) - 40a59037-f13e-442f-b21d-bc75ef3f3ac7: shutdown server with port 34005 successfully
2019-10-02 07:57:16,036 [refreshUsed-/workdir/hadoop-ozone/integration-test/target/test-dir/MiniOzoneClusterImpl-1b284452-a46a-4ca0-a40f-7c87425d7399/datanode-0/data/containers] WARN  fs.CachingGetSpaceUsed (CachingGetSpaceUsed.java:run(183)) - Thread Interrupted waiting to refresh disk information: sleep interrupted
2019-10-02 07:57:16,048 [main] INFO  utils.BackgroundService (BackgroundService.java:shutdown(148)) - Shutting down service BlockDeletingService
2019-10-02 07:57:16,063 [main] INFO  statemachine.DatanodeStateMachine (DatanodeStateMachine.java:stopDaemon(395)) - Ozone container server stopped.
2019-10-02 07:57:16,064 [main] INFO  handler.ContextHandler (ContextHandler.java:doStop(910)) - Stopped o.e.j.w.WebAppContext@7b8ea1db{/,null,UNAVAILABLE}{/hddsDatanode}
2019-10-02 07:57:16,065 [main] INFO  server.AbstractConnector (AbstractConnector.java:doStop(318)) - Stopped ServerConnector@a91119b{HTTP/1.1,[http/1.1]}{0.0.0.0:0}
2019-10-02 07:57:16,065 [main] INFO  handler.ContextHandler (ContextHandler.java:doStop(910)) - Stopped o.e.j.s.ServletContextHandler@755b5f30{/static,jar:file:/home/user/.m2/repository/org/apache/hadoop/hadoop-hdds-container-service/0.5.0-SNAPSHOT/hadoop-hdds-container-service-0.5.0-SNAPSHOT.jar!/webapps/static,UNAVAILABLE}
2019-10-02 07:57:16,066 [main] INFO  handler.ContextHandler (ContextHandler.java:doStop(910)) - Stopped o.e.j.s.ServletContextHandler@785ed99c{/logs,file:///workdir/hadoop-ozone/integration-test/target/log,UNAVAILABLE}
2019-10-02 07:57:25,760 [Thread-2899] INFO  impl.FollowerState (FollowerState.java:run(108)) - ce132960-38ca-4eb2-a2a4-e2a76adf71a1@group-93B5B54A08F6-FollowerState: change to CANDIDATE, lastRpcTime:9782ms, electionTimeout:5057ms
2019-10-02 07:57:25,760 [Thread-2899] INFO  impl.RoleInfo (RoleInfo.java:shutdownFollowerState(121)) - ce132960-38ca-4eb2-a2a4-e2a76adf71a1: shutdown FollowerState
2019-10-02 07:57:25,761 [Thread-2899] INFO  impl.RaftServerImpl (RaftServerImpl.java:setRole(170)) - ce132960-38ca-4eb2-a2a4-e2a76adf71a1@group-93B5B54A08F6: changes role from  FOLLOWER to CANDIDATE at term 1 for changeToCandidate
2019-10-02 07:57:25,761 [Thread-2899] INFO  impl.RoleInfo (RoleInfo.java:updateAndGet(143)) - ce132960-38ca-4eb2-a2a4-e2a76adf71a1: start LeaderElection
2019-10-02 07:57:25,764 [ce132960-38ca-4eb2-a2a4-e2a76adf71a1@group-93B5B54A08F6-LeaderElection63] INFO  impl.RaftServerImpl (ServerState.java:setLeader(255)) - ce132960-38ca-4eb2-a2a4-e2a76adf71a1@group-93B5B54A08F6: change Leader from 40a59037-f13e-442f-b21d-bc75ef3f3ac7 to null at term 1 for initElection
2019-10-02 07:57:25,777 [ce132960-38ca-4eb2-a2a4-e2a76adf71a1@group-93B5B54A08F6-LeaderElection63] INFO  impl.LeaderElection (LeaderElection.java:askForVotes(178)) - ce132960-38ca-4eb2-a2a4-e2a76adf71a1@group-93B5B54A08F6-LeaderElection63: begin an election at term 2 for 0: [ce132960-38ca-4eb2-a2a4-e2a76adf71a1:192.168.164.211:37079, 40a59037-f13e-442f-b21d-bc75ef3f3ac7:192.168.164.211:34005, 63987b2c-fa7c-4d81-b174-6922948a5118:192.168.164.211:36859], old=null
2019-10-02 07:57:25,779 [ce132960-38ca-4eb2-a2a4-e2a76adf71a1@group-93B5B54A08F6-LeaderElection63] INFO  impl.LeaderElection (LogUtils.java:infoOrTrace(149)) - ce132960-38ca-4eb2-a2a4-e2a76adf71a1@group-93B5B54A08F6-LeaderElection63 got exception when requesting votes: {}
java.util.concurrent.ExecutionException: org.apache.ratis.thirdparty.io.grpc.StatusRuntimeException: UNAVAILABLE: io exception
	at java.util.concurrent.FutureTask.report(FutureTask.java:122)
	at java.util.concurrent.FutureTask.get(FutureTask.java:192)
	at org.apache.ratis.server.impl.LeaderElection.waitForResults(LeaderElection.java:259)
	at org.apache.ratis.server.impl.LeaderElection.askForVotes(LeaderElection.java:197)
	at org.apache.ratis.server.impl.LeaderElection.run(LeaderElection.java:133)
	at java.lang.Thread.run(Thread.java:748)
Caused by: org.apache.ratis.thirdparty.io.grpc.StatusRuntimeException: UNAVAILABLE: io exception
	at org.apache.ratis.thirdparty.io.grpc.stub.ClientCalls.toStatusRuntimeException(ClientCalls.java:233)
	at org.apache.ratis.thirdparty.io.grpc.stub.ClientCalls.getUnchecked(ClientCalls.java:214)
	at org.apache.ratis.thirdparty.io.grpc.stub.ClientCalls.blockingUnaryCall(ClientCalls.java:139)
	at org.apache.ratis.proto.grpc.RaftServerProtocolServiceGrpc$RaftServerProtocolServiceBlockingStub.requestVote(RaftServerProtocolServiceGrpc.java:265)
	at org.apache.ratis.grpc.server.GrpcServerProtocolClient.requestVote(GrpcServerProtocolClient.java:99)
	at org.apache.ratis.grpc.server.GrpcService.requestVote(GrpcService.java:204)
	at org.apache.ratis.server.impl.LeaderElection.lambda$submitRequests$1(LeaderElection.java:234)
	at java.util.concurrent.FutureTask.run(FutureTask.java:266)
	at java.util.concurrent.Executors$RunnableAdapter.call(Executors.java:511)
	at java.util.concurrent.FutureTask.run(FutureTask.java:266)
	at java.util.concurrent.ThreadPoolExecutor.runWorker(ThreadPoolExecutor.java:1149)
	at java.util.concurrent.ThreadPoolExecutor$Worker.run(ThreadPoolExecutor.java:624)
	... 1 more
Caused by: org.apache.ratis.thirdparty.io.netty.channel.AbstractChannel$AnnotatedConnectException: Connection refused: /192.168.164.211:34005
	at sun.nio.ch.SocketChannelImpl.checkConnect(Native Method)
	at sun.nio.ch.SocketChannelImpl.finishConnect(SocketChannelImpl.java:717)
	at org.apache.ratis.thirdparty.io.netty.channel.socket.nio.NioSocketChannel.doFinishConnect(NioSocketChannel.java:327)
	at org.apache.ratis.thirdparty.io.netty.channel.nio.AbstractNioChannel$AbstractNioUnsafe.finishConnect(AbstractNioChannel.java:340)
	at org.apache.ratis.thirdparty.io.netty.channel.nio.NioEventLoop.processSelectedKey(NioEventLoop.java:632)
	at org.apache.ratis.thirdparty.io.netty.channel.nio.NioEventLoop.processSelectedKeysOptimized(NioEventLoop.java:579)
	at org.apache.ratis.thirdparty.io.netty.channel.nio.NioEventLoop.processSelectedKeys(NioEventLoop.java:496)
	at org.apache.ratis.thirdparty.io.netty.channel.nio.NioEventLoop.run(NioEventLoop.java:458)
	at org.apache.ratis.thirdparty.io.netty.util.concurrent.SingleThreadEventExecutor$5.run(SingleThreadEventExecutor.java:897)
	at org.apache.ratis.thirdparty.io.netty.util.concurrent.FastThreadLocalRunnable.run(FastThreadLocalRunnable.java:30)
	... 1 more
Caused by: java.net.ConnectException: Connection refused
	... 11 more
2019-10-02 07:57:25,783 [grpc-default-executor-6] INFO  impl.RaftServerImpl (ServerState.java:setLeader(255)) - 63987b2c-fa7c-4d81-b174-6922948a5118@group-93B5B54A08F6: change Leader from 40a59037-f13e-442f-b21d-bc75ef3f3ac7 to null at term 2 for updateCurrentTerm
2019-10-02 07:57:25,783 [grpc-default-executor-6] INFO  impl.RaftServerImpl (RaftServerImpl.java:setRole(170)) - 63987b2c-fa7c-4d81-b174-6922948a5118@group-93B5B54A08F6: changes role from  FOLLOWER to FOLLOWER at term 2 for recognizeCandidate:ce132960-38ca-4eb2-a2a4-e2a76adf71a1
2019-10-02 07:57:25,783 [grpc-default-executor-6] INFO  impl.RoleInfo (RoleInfo.java:shutdownFollowerState(121)) - 63987b2c-fa7c-4d81-b174-6922948a5118: shutdown FollowerState
2019-10-02 07:57:25,783 [grpc-default-executor-6] INFO  impl.RoleInfo (RoleInfo.java:updateAndGet(143)) - 63987b2c-fa7c-4d81-b174-6922948a5118: start FollowerState
2019-10-02 07:57:25,783 [Thread-2898] INFO  impl.FollowerState (FollowerState.java:run(117)) - 63987b2c-fa7c-4d81-b174-6922948a5118@group-93B5B54A08F6-FollowerState was interrupted: java.lang.InterruptedException: sleep interrupted
2019-10-02 07:57:25,799 [ce132960-38ca-4eb2-a2a4-e2a76adf71a1@group-93B5B54A08F6-LeaderElection63] INFO  impl.LeaderElection (LeaderElection.java:logAndReturn(56)) - ce132960-38ca-4eb2-a2a4-e2a76adf71a1@group-93B5B54A08F6-LeaderElection63: Election PASSED; received 1 response(s) [ce132960-38ca-4eb2-a2a4-e2a76adf71a1<-63987b2c-fa7c-4d81-b174-6922948a5118#0:OK-t2] and 1 exception(s); ce132960-38ca-4eb2-a2a4-e2a76adf71a1@group-93B5B54A08F6:t2, leader=null, voted=ce132960-38ca-4eb2-a2a4-e2a76adf71a1, raftlog=ce132960-38ca-4eb2-a2a4-e2a76adf71a1@group-93B5B54A08F6-SegmentedRaftLog:OPENED:c16,f16,i16, conf=0: [ce132960-38ca-4eb2-a2a4-e2a76adf71a1:192.168.164.211:37079, 40a59037-f13e-442f-b21d-bc75ef3f3ac7:192.168.164.211:34005, 63987b2c-fa7c-4d81-b174-6922948a5118:192.168.164.211:36859], old=null
2019-10-02 07:57:25,799 [ce132960-38ca-4eb2-a2a4-e2a76adf71a1@group-93B5B54A08F6-LeaderElection63] INFO  impl.LeaderElection (LogUtils.java:infoOrTrace(149)) -   Exception 0: {}
java.util.concurrent.ExecutionException: org.apache.ratis.thirdparty.io.grpc.StatusRuntimeException: UNAVAILABLE: io exception
	at java.util.concurrent.FutureTask.report(FutureTask.java:122)
	at java.util.concurrent.FutureTask.get(FutureTask.java:192)
	at org.apache.ratis.server.impl.LeaderElection.waitForResults(LeaderElection.java:259)
	at org.apache.ratis.server.impl.LeaderElection.askForVotes(LeaderElection.java:197)
	at org.apache.ratis.server.impl.LeaderElection.run(LeaderElection.java:133)
	at java.lang.Thread.run(Thread.java:748)
Caused by: org.apache.ratis.thirdparty.io.grpc.StatusRuntimeException: UNAVAILABLE: io exception
	at org.apache.ratis.thirdparty.io.grpc.stub.ClientCalls.toStatusRuntimeException(ClientCalls.java:233)
	at org.apache.ratis.thirdparty.io.grpc.stub.ClientCalls.getUnchecked(ClientCalls.java:214)
	at org.apache.ratis.thirdparty.io.grpc.stub.ClientCalls.blockingUnaryCall(ClientCalls.java:139)
	at org.apache.ratis.proto.grpc.RaftServerProtocolServiceGrpc$RaftServerProtocolServiceBlockingStub.requestVote(RaftServerProtocolServiceGrpc.java:265)
	at org.apache.ratis.grpc.server.GrpcServerProtocolClient.requestVote(GrpcServerProtocolClient.java:99)
	at org.apache.ratis.grpc.server.GrpcService.requestVote(GrpcService.java:204)
	at org.apache.ratis.server.impl.LeaderElection.lambda$submitRequests$1(LeaderElection.java:234)
	at java.util.concurrent.FutureTask.run(FutureTask.java:266)
	at java.util.concurrent.Executors$RunnableAdapter.call(Executors.java:511)
	at java.util.concurrent.FutureTask.run(FutureTask.java:266)
	at java.util.concurrent.ThreadPoolExecutor.runWorker(ThreadPoolExecutor.java:1149)
	at java.util.concurrent.ThreadPoolExecutor$Worker.run(ThreadPoolExecutor.java:624)
	... 1 more
Caused by: org.apache.ratis.thirdparty.io.netty.channel.AbstractChannel$AnnotatedConnectException: Connection refused: /192.168.164.211:34005
	at sun.nio.ch.SocketChannelImpl.checkConnect(Native Method)
	at sun.nio.ch.SocketChannelImpl.finishConnect(SocketChannelImpl.java:717)
	at org.apache.ratis.thirdparty.io.netty.channel.socket.nio.NioSocketChannel.doFinishConnect(NioSocketChannel.java:327)
	at org.apache.ratis.thirdparty.io.netty.channel.nio.AbstractNioChannel$AbstractNioUnsafe.finishConnect(AbstractNioChannel.java:340)
	at org.apache.ratis.thirdparty.io.netty.channel.nio.NioEventLoop.processSelectedKey(NioEventLoop.java:632)
	at org.apache.ratis.thirdparty.io.netty.channel.nio.NioEventLoop.processSelectedKeysOptimized(NioEventLoop.java:579)
	at org.apache.ratis.thirdparty.io.netty.channel.nio.NioEventLoop.processSelectedKeys(NioEventLoop.java:496)
	at org.apache.ratis.thirdparty.io.netty.channel.nio.NioEventLoop.run(NioEventLoop.java:458)
	at org.apache.ratis.thirdparty.io.netty.util.concurrent.SingleThreadEventExecutor$5.run(SingleThreadEventExecutor.java:897)
	at org.apache.ratis.thirdparty.io.netty.util.concurrent.FastThreadLocalRunnable.run(FastThreadLocalRunnable.java:30)
	... 1 more
Caused by: java.net.ConnectException: Connection refused
	... 11 more
2019-10-02 07:57:25,799 [ce132960-38ca-4eb2-a2a4-e2a76adf71a1@group-93B5B54A08F6-LeaderElection63] INFO  impl.RoleInfo (RoleInfo.java:shutdownLeaderElection(134)) - ce132960-38ca-4eb2-a2a4-e2a76adf71a1: shutdown LeaderElection
2019-10-02 07:57:25,799 [ce132960-38ca-4eb2-a2a4-e2a76adf71a1@group-93B5B54A08F6-LeaderElection63] INFO  impl.RaftServerImpl (RaftServerImpl.java:setRole(170)) - ce132960-38ca-4eb2-a2a4-e2a76adf71a1@group-93B5B54A08F6: changes role from CANDIDATE to LEADER at term 2 for changeToLeader
2019-10-02 07:57:25,799 [ce132960-38ca-4eb2-a2a4-e2a76adf71a1@group-93B5B54A08F6-LeaderElection63] INFO  impl.RaftServerImpl (ServerState.java:setLeader(255)) - ce132960-38ca-4eb2-a2a4-e2a76adf71a1@group-93B5B54A08F6: change Leader from null to ce132960-38ca-4eb2-a2a4-e2a76adf71a1 at term 2 for becomeLeader, leader elected after 35ms
2019-10-02 07:57:25,800 [ce132960-38ca-4eb2-a2a4-e2a76adf71a1@group-93B5B54A08F6-LeaderElection63] INFO  server.RaftServerConfigKeys (ConfUtils.java:logGet(43)) - raft.server.staging.catchup.gap = 1000 (default)
2019-10-02 07:57:25,800 [ce132960-38ca-4eb2-a2a4-e2a76adf71a1@group-93B5B54A08F6-LeaderElection63] INFO  server.RaftServerConfigKeys (ConfUtils.java:logGet(43)) - raft.server.rpc.sleep.time = 25ms (default)
2019-10-02 07:57:25,800 [ce132960-38ca-4eb2-a2a4-e2a76adf71a1@group-93B5B54A08F6-LeaderElection63] INFO  server.RaftServerConfigKeys (ConfUtils.java:logGet(43)) - raft.server.write.element-limit = 4096 (default)
2019-10-02 07:57:25,800 [ce132960-38ca-4eb2-a2a4-e2a76adf71a1@group-93B5B54A08F6-LeaderElection63] INFO  server.RaftServerConfigKeys (ConfUtils.java:logGet(43)) - raft.server.watch.timeout = 10s (default)
2019-10-02 07:57:25,800 [ce132960-38ca-4eb2-a2a4-e2a76adf71a1@group-93B5B54A08F6-LeaderElection63] INFO  server.RaftServerConfigKeys (ConfUtils.java:logGet(43)) - raft.server.watch.timeout.denomination = 1s (default)
2019-10-02 07:57:25,800 [ce132960-38ca-4eb2-a2a4-e2a76adf71a1@group-93B5B54A08F6-LeaderElection63] INFO  server.RaftServerConfigKeys (ConfUtils.java:logGet(43)) - raft.server.watch.element-limit = 65536 (default)
2019-10-02 07:57:25,803 [ce132960-38ca-4eb2-a2a4-e2a76adf71a1@group-93B5B54A08F6-LeaderElection63] INFO  server.RaftServerConfigKeys (ConfUtils.java:logGet(43)) - raft.server.log.appender.snapshot.chunk.size.max = 16MB (=16777216) (default)
2019-10-02 07:57:25,803 [ce132960-38ca-4eb2-a2a4-e2a76adf71a1@group-93B5B54A08F6-LeaderElection63] INFO  server.RaftServerConfigKeys (ConfUtils.java:logGet(43)) - raft.server.log.appender.buffer.byte-limit = 33554432 (custom)
2019-10-02 07:57:25,803 [ce132960-38ca-4eb2-a2a4-e2a76adf71a1@group-93B5B54A08F6-LeaderElection63] INFO  server.RaftServerConfigKeys (ConfUtils.java:logGet(43)) - raft.server.log.appender.buffer.element-limit = 1 (custom)
2019-10-02 07:57:25,803 [ce132960-38ca-4eb2-a2a4-e2a76adf71a1@group-93B5B54A08F6-LeaderElection63] INFO  grpc.GrpcConfigKeys$Server (ConfUtils.java:logGet(43)) - raft.grpc.server.leader.outstanding.appends.max = 128 (default)
2019-10-02 07:57:25,803 [ce132960-38ca-4eb2-a2a4-e2a76adf71a1@group-93B5B54A08F6-LeaderElection63] INFO  server.RaftServerConfigKeys (ConfUtils.java:logGet(43)) - raft.server.rpc.request.timeout = 3000ms (default)
2019-10-02 07:57:25,803 [ce132960-38ca-4eb2-a2a4-e2a76adf71a1@group-93B5B54A08F6-LeaderElection63] INFO  server.RaftServerConfigKeys (ConfUtils.java:logGet(43)) - raft.server.log.appender.install.snapshot.enabled = false (custom)
2019-10-02 07:57:25,803 [ce132960-38ca-4eb2-a2a4-e2a76adf71a1@group-93B5B54A08F6-LeaderElection63] INFO  server.RaftServerConfigKeys (ConfUtils.java:logGet(43)) - raft.server.log.appender.snapshot.chunk.size.max = 16MB (=16777216) (default)
2019-10-02 07:57:25,804 [ce132960-38ca-4eb2-a2a4-e2a76adf71a1@group-93B5B54A08F6-LeaderElection63] INFO  server.RaftServerConfigKeys (ConfUtils.java:logGet(43)) - raft.server.log.appender.buffer.byte-limit = 33554432 (custom)
2019-10-02 07:57:25,804 [ce132960-38ca-4eb2-a2a4-e2a76adf71a1@group-93B5B54A08F6-LeaderElection63] INFO  server.RaftServerConfigKeys (ConfUtils.java:logGet(43)) - raft.server.log.appender.buffer.element-limit = 1 (custom)
2019-10-02 07:57:25,804 [ce132960-38ca-4eb2-a2a4-e2a76adf71a1@group-93B5B54A08F6-LeaderElection63] INFO  grpc.GrpcConfigKeys$Server (ConfUtils.java:logGet(43)) - raft.grpc.server.leader.outstanding.appends.max = 128 (default)
2019-10-02 07:57:25,804 [ce132960-38ca-4eb2-a2a4-e2a76adf71a1@group-93B5B54A08F6-LeaderElection63] INFO  server.RaftServerConfigKeys (ConfUtils.java:logGet(43)) - raft.server.rpc.request.timeout = 3000ms (default)
2019-10-02 07:57:25,804 [ce132960-38ca-4eb2-a2a4-e2a76adf71a1@group-93B5B54A08F6-LeaderElection63] INFO  server.RaftServerConfigKeys (ConfUtils.java:logGet(43)) - raft.server.log.appender.install.snapshot.enabled = false (custom)
2019-10-02 07:57:25,804 [ce132960-38ca-4eb2-a2a4-e2a76adf71a1@group-93B5B54A08F6-LeaderElection63] INFO  impl.RoleInfo (RoleInfo.java:updateAndGet(143)) - ce132960-38ca-4eb2-a2a4-e2a76adf71a1: start LeaderState
2019-10-02 07:57:25,805 [ce132960-38ca-4eb2-a2a4-e2a76adf71a1@group-93B5B54A08F6-LeaderElection63] INFO  segmented.SegmentedRaftLogWorker (SegmentedRaftLogWorker.java:rollLogSegment(390)) - ce132960-38ca-4eb2-a2a4-e2a76adf71a1@group-93B5B54A08F6-SegmentedRaftLogWorker: Rolling segment log-0_16 to index:16
2019-10-02 07:57:25,807 [ce132960-38ca-4eb2-a2a4-e2a76adf71a1@group-93B5B54A08F6-LeaderElection63] INFO  impl.RaftServerImpl (ServerState.java:setRaftConf(356)) - ce132960-38ca-4eb2-a2a4-e2a76adf71a1@group-93B5B54A08F6: set configuration 17: [ce132960-38ca-4eb2-a2a4-e2a76adf71a1:192.168.164.211:37079, 40a59037-f13e-442f-b21d-bc75ef3f3ac7:192.168.164.211:34005, 63987b2c-fa7c-4d81-b174-6922948a5118:192.168.164.211:36859], old=null at 17
2019-10-02 07:57:25,807 [grpc-default-executor-6] WARN  server.GrpcLogAppender (LogUtils.java:warn(134)) - ce132960-38ca-4eb2-a2a4-e2a76adf71a1@group-93B5B54A08F6->40a59037-f13e-442f-b21d-bc75ef3f3ac7-AppendLogResponseHandler: Failed appendEntries: org.apache.ratis.thirdparty.io.grpc.StatusRuntimeException: UNAVAILABLE: io exception
2019-10-02 07:57:25,810 [ce132960-38ca-4eb2-a2a4-e2a76adf71a1@group-93B5B54A08F6-SegmentedRaftLogWorker] INFO  segmented.SegmentedRaftLogWorker (SegmentedRaftLogWorker.java:execute(531)) - ce132960-38ca-4eb2-a2a4-e2a76adf71a1@group-93B5B54A08F6-SegmentedRaftLogWorker: Rolled log segment from /workdir/hadoop-ozone/integration-test/target/test-dir/MiniOzoneClusterImpl-1b284452-a46a-4ca0-a40f-7c87425d7399/datanode-2/data/ratis/a3896473-9433-42a5-ae19-93b5b54a08f6/current/log_inprogress_0 to /workdir/hadoop-ozone/integration-test/target/test-dir/MiniOzoneClusterImpl-1b284452-a46a-4ca0-a40f-7c87425d7399/datanode-2/data/ratis/a3896473-9433-42a5-ae19-93b5b54a08f6/current/log_0-16
2019-10-02 07:57:25,810 [grpc-default-executor-6] INFO  impl.FollowerInfo (FollowerInfo.java:lambda$new$0(51)) - ce132960-38ca-4eb2-a2a4-e2a76adf71a1@group-93B5B54A08F6->40a59037-f13e-442f-b21d-bc75ef3f3ac7: nextIndex: updateUnconditionally 17 -> 1
2019-10-02 07:57:25,811 [grpc-default-executor-7] INFO  impl.RaftServerImpl (ServerState.java:setLeader(255)) - 63987b2c-fa7c-4d81-b174-6922948a5118@group-93B5B54A08F6: change Leader from null to ce132960-38ca-4eb2-a2a4-e2a76adf71a1 at term 2 for appendEntries, leader elected after 28ms
2019-10-02 07:57:25,840 [grpc-default-executor-7] INFO  impl.RaftServerImpl (ServerState.java:setRaftConf(356)) - 63987b2c-fa7c-4d81-b174-6922948a5118@group-93B5B54A08F6: set configuration 17: [ce132960-38ca-4eb2-a2a4-e2a76adf71a1:192.168.164.211:37079, 40a59037-f13e-442f-b21d-bc75ef3f3ac7:192.168.164.211:34005, 63987b2c-fa7c-4d81-b174-6922948a5118:192.168.164.211:36859], old=null at 17
2019-10-02 07:57:25,840 [grpc-default-executor-7] INFO  segmented.SegmentedRaftLogWorker (SegmentedRaftLogWorker.java:rollLogSegment(390)) - 63987b2c-fa7c-4d81-b174-6922948a5118@group-93B5B54A08F6-SegmentedRaftLogWorker: Rolling segment log-0_16 to index:16
2019-10-02 07:57:25,841 [63987b2c-fa7c-4d81-b174-6922948a5118@group-93B5B54A08F6-SegmentedRaftLogWorker] INFO  segmented.SegmentedRaftLogWorker (SegmentedRaftLogWorker.java:execute(531)) - 63987b2c-fa7c-4d81-b174-6922948a5118@group-93B5B54A08F6-SegmentedRaftLogWorker: Rolled log segment from /workdir/hadoop-ozone/integration-test/target/test-dir/MiniOzoneClusterImpl-1b284452-a46a-4ca0-a40f-7c87425d7399/datanode-1/data/ratis/a3896473-9433-42a5-ae19-93b5b54a08f6/current/log_inprogress_0 to /workdir/hadoop-ozone/integration-test/target/test-dir/MiniOzoneClusterImpl-1b284452-a46a-4ca0-a40f-7c87425d7399/datanode-1/data/ratis/a3896473-9433-42a5-ae19-93b5b54a08f6/current/log_0-16
2019-10-02 07:57:25,862 [ce132960-38ca-4eb2-a2a4-e2a76adf71a1@group-93B5B54A08F6-SegmentedRaftLogWorker] INFO  segmented.SegmentedRaftLogWorker (SegmentedRaftLogWorker.java:execute(574)) - ce132960-38ca-4eb2-a2a4-e2a76adf71a1@group-93B5B54A08F6-SegmentedRaftLogWorker: created new log segment /workdir/hadoop-ozone/integration-test/target/test-dir/MiniOzoneClusterImpl-1b284452-a46a-4ca0-a40f-7c87425d7399/datanode-2/data/ratis/a3896473-9433-42a5-ae19-93b5b54a08f6/current/log_inprogress_17
2019-10-02 07:57:25,875 [63987b2c-fa7c-4d81-b174-6922948a5118@group-93B5B54A08F6-SegmentedRaftLogWorker] INFO  segmented.SegmentedRaftLogWorker (SegmentedRaftLogWorker.java:execute(574)) - 63987b2c-fa7c-4d81-b174-6922948a5118@group-93B5B54A08F6-SegmentedRaftLogWorker: created new log segment /workdir/hadoop-ozone/integration-test/target/test-dir/MiniOzoneClusterImpl-1b284452-a46a-4ca0-a40f-7c87425d7399/datanode-1/data/ratis/a3896473-9433-42a5-ae19-93b5b54a08f6/current/log_inprogress_17
2019-10-02 07:57:25,896 [grpc-default-executor-7] WARN  server.GrpcLogAppender (LogUtils.java:warn(134)) - ce132960-38ca-4eb2-a2a4-e2a76adf71a1@group-93B5B54A08F6->40a59037-f13e-442f-b21d-bc75ef3f3ac7-AppendLogResponseHandler: Failed appendEntries: org.apache.ratis.thirdparty.io.grpc.StatusRuntimeException: UNAVAILABLE: io exception
2019-10-02 07:57:25,896 [grpc-default-executor-7] INFO  impl.FollowerInfo (FollowerInfo.java:lambda$new$0(51)) - ce132960-38ca-4eb2-a2a4-e2a76adf71a1@group-93B5B54A08F6->40a59037-f13e-442f-b21d-bc75ef3f3ac7: nextIndex: updateUnconditionally 2 -> 1
2019-10-02 07:57:25,907 [grpc-default-executor-0] WARN  server.GrpcLogAppender (LogUtils.java:warn(134)) - ce132960-38ca-4eb2-a2a4-e2a76adf71a1@group-93B5B54A08F6->40a59037-f13e-442f-b21d-bc75ef3f3ac7-AppendLogResponseHandler: Failed appendEntries: org.apache.ratis.thirdparty.io.grpc.StatusRuntimeException: UNAVAILABLE: io exception
2019-10-02 07:57:25,907 [grpc-default-executor-0] INFO  impl.FollowerInfo (FollowerInfo.java:lambda$new$0(51)) - ce132960-38ca-4eb2-a2a4-e2a76adf71a1@group-93B5B54A08F6->40a59037-f13e-442f-b21d-bc75ef3f3ac7: nextIndex: updateUnconditionally 2 -> 1
07:57:26.213 [grpc-default-executor-0] ERROR DNAudit - user=null | ip=null | op=WRITE_CHUNK {blockData=conID: 1 locID: 102891718283558925 bcsId: 14} | ret=FAILURE
org.apache.hadoop.hdds.scm.container.common.helpers.ContainerNotOpenException: Container 1 in CLOSING state
	at org.apache.hadoop.ozone.container.common.impl.HddsDispatcher.validateContainerCommand(HddsDispatcher.java:434) ~[hadoop-hdds-container-service-0.5.0-SNAPSHOT.jar:?]
	at org.apache.hadoop.ozone.container.common.transport.server.ratis.ContainerStateMachine.startTransaction(ContainerStateMachine.java:319) ~[hadoop-hdds-container-service-0.5.0-SNAPSHOT.jar:?]
	at org.apache.ratis.server.impl.RaftServerImpl.submitClientRequestAsync(RaftServerImpl.java:569) ~[ratis-server-0.5.0-201fc85-SNAPSHOT.jar:0.5.0-201fc85-SNAPSHOT]
	at org.apache.ratis.server.impl.RaftServerProxy.lambda$submitClientRequestAsync$7(RaftServerProxy.java:333) ~[ratis-server-0.5.0-201fc85-SNAPSHOT.jar:0.5.0-201fc85-SNAPSHOT]
	at org.apache.ratis.server.impl.RaftServerProxy.lambda$null$5(RaftServerProxy.java:328) ~[ratis-server-0.5.0-201fc85-SNAPSHOT.jar:0.5.0-201fc85-SNAPSHOT]
	at org.apache.ratis.util.JavaUtils.callAsUnchecked(JavaUtils.java:109) ~[ratis-common-0.5.0-201fc85-SNAPSHOT.jar:0.5.0-201fc85-SNAPSHOT]
	at org.apache.ratis.server.impl.RaftServerProxy.lambda$submitRequest$6(RaftServerProxy.java:328) ~[ratis-server-0.5.0-201fc85-SNAPSHOT.jar:0.5.0-201fc85-SNAPSHOT]
	at java.util.concurrent.CompletableFuture.uniComposeStage(CompletableFuture.java:981) ~[?:1.8.0_212]
	at java.util.concurrent.CompletableFuture.thenCompose(CompletableFuture.java:2124) ~[?:1.8.0_212]
	at org.apache.ratis.server.impl.RaftServerProxy.submitRequest(RaftServerProxy.java:327) ~[ratis-server-0.5.0-201fc85-SNAPSHOT.jar:0.5.0-201fc85-SNAPSHOT]
	at org.apache.ratis.server.impl.RaftServerProxy.submitClientRequestAsync(RaftServerProxy.java:333) ~[ratis-server-0.5.0-201fc85-SNAPSHOT.jar:0.5.0-201fc85-SNAPSHOT]
	at org.apache.ratis.grpc.client.GrpcClientProtocolService$RequestStreamObserver.processClientRequest(GrpcClientProtocolService.java:220) ~[ratis-grpc-0.5.0-201fc85-SNAPSHOT.jar:0.5.0-201fc85-SNAPSHOT]
	at org.apache.ratis.grpc.client.GrpcClientProtocolService$OrderedRequestStreamObserver.processClientRequest(GrpcClientProtocolService.java:326) ~[ratis-grpc-0.5.0-201fc85-SNAPSHOT.jar:0.5.0-201fc85-SNAPSHOT]
	at org.apache.ratis.util.SlidingWindow$Server.processRequestsFromHead(SlidingWindow.java:429) [ratis-common-0.5.0-201fc85-SNAPSHOT.jar:0.5.0-201fc85-SNAPSHOT]
	at org.apache.ratis.util.SlidingWindow$Server.receivedRequest(SlidingWindow.java:421) [ratis-common-0.5.0-201fc85-SNAPSHOT.jar:0.5.0-201fc85-SNAPSHOT]
	at org.apache.ratis.grpc.client.GrpcClientProtocolService$OrderedRequestStreamObserver.processClientRequest(GrpcClientProtocolService.java:345) [ratis-grpc-0.5.0-201fc85-SNAPSHOT.jar:0.5.0-201fc85-SNAPSHOT]
	at org.apache.ratis.grpc.client.GrpcClientProtocolService$RequestStreamObserver.onNext(GrpcClientProtocolService.java:240) [ratis-grpc-0.5.0-201fc85-SNAPSHOT.jar:0.5.0-201fc85-SNAPSHOT]
	at org.apache.ratis.grpc.client.GrpcClientProtocolService$RequestStreamObserver.onNext(GrpcClientProtocolService.java:168) [ratis-grpc-0.5.0-201fc85-SNAPSHOT.jar:0.5.0-201fc85-SNAPSHOT]
	at org.apache.ratis.thirdparty.io.grpc.stub.ServerCalls$StreamingServerCallHandler$StreamingServerCallListener.onMessage(ServerCalls.java:248) [ratis-thirdparty-misc-0.2.0.jar:0.2.0]
	at org.apache.ratis.thirdparty.io.grpc.internal.ServerCallImpl$ServerStreamListenerImpl.messagesAvailable(ServerCallImpl.java:263) [ratis-thirdparty-misc-0.2.0.jar:0.2.0]
	at org.apache.ratis.thirdparty.io.grpc.internal.ServerImpl$JumpToApplicationThreadServerStreamListener$1MessagesAvailable.runInContext(ServerImpl.java:686) [ratis-thirdparty-misc-0.2.0.jar:0.2.0]
	at org.apache.ratis.thirdparty.io.grpc.internal.ContextRunnable.run(ContextRunnable.java:37) [ratis-thirdparty-misc-0.2.0.jar:0.2.0]
	at org.apache.ratis.thirdparty.io.grpc.internal.SerializingExecutor.run(SerializingExecutor.java:123) [ratis-thirdparty-misc-0.2.0.jar:0.2.0]
	at java.util.concurrent.ThreadPoolExecutor.runWorker(ThreadPoolExecutor.java:1149) [?:1.8.0_212]
	at java.util.concurrent.ThreadPoolExecutor$Worker.run(ThreadPoolExecutor.java:624) [?:1.8.0_212]
	at java.lang.Thread.run(Thread.java:748) [?:1.8.0_212]
07:57:26.225 [grpc-default-executor-7] ERROR DNAudit - user=null | ip=null | op=WRITE_CHUNK {blockData=conID: 1 locID: 102891718283558925 bcsId: 14} | ret=FAILURE
org.apache.hadoop.hdds.scm.container.common.helpers.ContainerNotOpenException: Container 1 in CLOSING state
	at org.apache.hadoop.ozone.container.common.impl.HddsDispatcher.validateContainerCommand(HddsDispatcher.java:434) ~[hadoop-hdds-container-service-0.5.0-SNAPSHOT.jar:?]
	at org.apache.hadoop.ozone.container.common.transport.server.ratis.ContainerStateMachine.startTransaction(ContainerStateMachine.java:319) ~[hadoop-hdds-container-service-0.5.0-SNAPSHOT.jar:?]
	at org.apache.ratis.server.impl.RaftServerImpl.submitClientRequestAsync(RaftServerImpl.java:569) ~[ratis-server-0.5.0-201fc85-SNAPSHOT.jar:0.5.0-201fc85-SNAPSHOT]
	at org.apache.ratis.server.impl.RaftServerProxy.lambda$submitClientRequestAsync$7(RaftServerProxy.java:333) ~[ratis-server-0.5.0-201fc85-SNAPSHOT.jar:0.5.0-201fc85-SNAPSHOT]
	at org.apache.ratis.server.impl.RaftServerProxy.lambda$null$5(RaftServerProxy.java:328) ~[ratis-server-0.5.0-201fc85-SNAPSHOT.jar:0.5.0-201fc85-SNAPSHOT]
	at org.apache.ratis.util.JavaUtils.callAsUnchecked(JavaUtils.java:109) ~[ratis-common-0.5.0-201fc85-SNAPSHOT.jar:0.5.0-201fc85-SNAPSHOT]
	at org.apache.ratis.server.impl.RaftServerProxy.lambda$submitRequest$6(RaftServerProxy.java:328) ~[ratis-server-0.5.0-201fc85-SNAPSHOT.jar:0.5.0-201fc85-SNAPSHOT]
	at java.util.concurrent.CompletableFuture.uniComposeStage(CompletableFuture.java:981) ~[?:1.8.0_212]
	at java.util.concurrent.CompletableFuture.thenCompose(CompletableFuture.java:2124) ~[?:1.8.0_212]
	at org.apache.ratis.server.impl.RaftServerProxy.submitRequest(RaftServerProxy.java:327) ~[ratis-server-0.5.0-201fc85-SNAPSHOT.jar:0.5.0-201fc85-SNAPSHOT]
	at org.apache.ratis.server.impl.RaftServerProxy.submitClientRequestAsync(RaftServerProxy.java:333) ~[ratis-server-0.5.0-201fc85-SNAPSHOT.jar:0.5.0-201fc85-SNAPSHOT]
	at org.apache.ratis.grpc.client.GrpcClientProtocolService$RequestStreamObserver.processClientRequest(GrpcClientProtocolService.java:220) ~[ratis-grpc-0.5.0-201fc85-SNAPSHOT.jar:0.5.0-201fc85-SNAPSHOT]
	at org.apache.ratis.grpc.client.GrpcClientProtocolService$OrderedRequestStreamObserver.processClientRequest(GrpcClientProtocolService.java:326) ~[ratis-grpc-0.5.0-201fc85-SNAPSHOT.jar:0.5.0-201fc85-SNAPSHOT]
	at org.apache.ratis.util.SlidingWindow$Server.processRequestsFromHead(SlidingWindow.java:429) [ratis-common-0.5.0-201fc85-SNAPSHOT.jar:0.5.0-201fc85-SNAPSHOT]
	at org.apache.ratis.util.SlidingWindow$Server.receivedRequest(SlidingWindow.java:421) [ratis-common-0.5.0-201fc85-SNAPSHOT.jar:0.5.0-201fc85-SNAPSHOT]
	at org.apache.ratis.grpc.client.GrpcClientProtocolService$OrderedRequestStreamObserver.processClientRequest(GrpcClientProtocolService.java:345) [ratis-grpc-0.5.0-201fc85-SNAPSHOT.jar:0.5.0-201fc85-SNAPSHOT]
	at org.apache.ratis.grpc.client.GrpcClientProtocolService$RequestStreamObserver.onNext(GrpcClientProtocolService.java:240) [ratis-grpc-0.5.0-201fc85-SNAPSHOT.jar:0.5.0-201fc85-SNAPSHOT]
	at org.apache.ratis.grpc.client.GrpcClientProtocolService$RequestStreamObserver.onNext(GrpcClientProtocolService.java:168) [ratis-grpc-0.5.0-201fc85-SNAPSHOT.jar:0.5.0-201fc85-SNAPSHOT]
	at org.apache.ratis.thirdparty.io.grpc.stub.ServerCalls$StreamingServerCallHandler$StreamingServerCallListener.onMessage(ServerCalls.java:248) [ratis-thirdparty-misc-0.2.0.jar:0.2.0]
	at org.apache.ratis.thirdparty.io.grpc.internal.ServerCallImpl$ServerStreamListenerImpl.messagesAvailable(ServerCallImpl.java:263) [ratis-thirdparty-misc-0.2.0.jar:0.2.0]
	at org.apache.ratis.thirdparty.io.grpc.internal.ServerImpl$JumpToApplicationThreadServerStreamListener$1MessagesAvailable.runInContext(ServerImpl.java:686) [ratis-thirdparty-misc-0.2.0.jar:0.2.0]
	at org.apache.ratis.thirdparty.io.grpc.internal.ContextRunnable.run(ContextRunnable.java:37) [ratis-thirdparty-misc-0.2.0.jar:0.2.0]
	at org.apache.ratis.thirdparty.io.grpc.internal.SerializingExecutor.run(SerializingExecutor.java:123) [ratis-thirdparty-misc-0.2.0.jar:0.2.0]
	at java.util.concurrent.ThreadPoolExecutor.runWorker(ThreadPoolExecutor.java:1149) [?:1.8.0_212]
	at java.util.concurrent.ThreadPoolExecutor$Worker.run(ThreadPoolExecutor.java:624) [?:1.8.0_212]
	at java.lang.Thread.run(Thread.java:748) [?:1.8.0_212]
07:57:26.226 [grpc-default-executor-7] ERROR DNAudit - user=null | ip=null | op=PUT_BLOCK {blockData=[blockId=conID: 1 locID: 102891718283558925 bcsId: 0,size=650]} | ret=FAILURE
org.apache.hadoop.hdds.scm.container.common.helpers.ContainerNotOpenException: Container 1 in CLOSING state
	at org.apache.hadoop.ozone.container.common.impl.HddsDispatcher.validateContainerCommand(HddsDispatcher.java:434) ~[hadoop-hdds-container-service-0.5.0-SNAPSHOT.jar:?]
	at org.apache.hadoop.ozone.container.common.transport.server.ratis.ContainerStateMachine.startTransaction(ContainerStateMachine.java:319) ~[hadoop-hdds-container-service-0.5.0-SNAPSHOT.jar:?]
	at org.apache.ratis.server.impl.RaftServerImpl.submitClientRequestAsync(RaftServerImpl.java:569) ~[ratis-server-0.5.0-201fc85-SNAPSHOT.jar:0.5.0-201fc85-SNAPSHOT]
	at org.apache.ratis.server.impl.RaftServerProxy.lambda$submitClientRequestAsync$7(RaftServerProxy.java:333) ~[ratis-server-0.5.0-201fc85-SNAPSHOT.jar:0.5.0-201fc85-SNAPSHOT]
	at org.apache.ratis.server.impl.RaftServerProxy.lambda$null$5(RaftServerProxy.java:328) ~[ratis-server-0.5.0-201fc85-SNAPSHOT.jar:0.5.0-201fc85-SNAPSHOT]
	at org.apache.ratis.util.JavaUtils.callAsUnchecked(JavaUtils.java:109) ~[ratis-common-0.5.0-201fc85-SNAPSHOT.jar:0.5.0-201fc85-SNAPSHOT]
	at org.apache.ratis.server.impl.RaftServerProxy.lambda$submitRequest$6(RaftServerProxy.java:328) ~[ratis-server-0.5.0-201fc85-SNAPSHOT.jar:0.5.0-201fc85-SNAPSHOT]
	at java.util.concurrent.CompletableFuture.uniComposeStage(CompletableFuture.java:981) ~[?:1.8.0_212]
	at java.util.concurrent.CompletableFuture.thenCompose(CompletableFuture.java:2124) ~[?:1.8.0_212]
	at org.apache.ratis.server.impl.RaftServerProxy.submitRequest(RaftServerProxy.java:327) ~[ratis-server-0.5.0-201fc85-SNAPSHOT.jar:0.5.0-201fc85-SNAPSHOT]
	at org.apache.ratis.server.impl.RaftServerProxy.submitClientRequestAsync(RaftServerProxy.java:333) ~[ratis-server-0.5.0-201fc85-SNAPSHOT.jar:0.5.0-201fc85-SNAPSHOT]
	at org.apache.ratis.grpc.client.GrpcClientProtocolService$RequestStreamObserver.processClientRequest(GrpcClientProtocolService.java:220) ~[ratis-grpc-0.5.0-201fc85-SNAPSHOT.jar:0.5.0-201fc85-SNAPSHOT]
	at org.apache.ratis.grpc.client.GrpcClientProtocolService$OrderedRequestStreamObserver.processClientRequest(GrpcClientProtocolService.java:326) ~[ratis-grpc-0.5.0-201fc85-SNAPSHOT.jar:0.5.0-201fc85-SNAPSHOT]
	at org.apache.ratis.util.SlidingWindow$Server.processRequestsFromHead(SlidingWindow.java:429) [ratis-common-0.5.0-201fc85-SNAPSHOT.jar:0.5.0-201fc85-SNAPSHOT]
	at org.apache.ratis.util.SlidingWindow$Server.receivedRequest(SlidingWindow.java:421) [ratis-common-0.5.0-201fc85-SNAPSHOT.jar:0.5.0-201fc85-SNAPSHOT]
	at org.apache.ratis.grpc.client.GrpcClientProtocolService$OrderedRequestStreamObserver.processClientRequest(GrpcClientProtocolService.java:345) [ratis-grpc-0.5.0-201fc85-SNAPSHOT.jar:0.5.0-201fc85-SNAPSHOT]
	at org.apache.ratis.grpc.client.GrpcClientProtocolService$RequestStreamObserver.onNext(GrpcClientProtocolService.java:240) [ratis-grpc-0.5.0-201fc85-SNAPSHOT.jar:0.5.0-201fc85-SNAPSHOT]
	at org.apache.ratis.grpc.client.GrpcClientProtocolService$RequestStreamObserver.onNext(GrpcClientProtocolService.java:168) [ratis-grpc-0.5.0-201fc85-SNAPSHOT.jar:0.5.0-201fc85-SNAPSHOT]
	at org.apache.ratis.thirdparty.io.grpc.stub.ServerCalls$StreamingServerCallHandler$StreamingServerCallListener.onMessage(ServerCalls.java:248) [ratis-thirdparty-misc-0.2.0.jar:0.2.0]
	at org.apache.ratis.thirdparty.io.grpc.internal.ServerCallImpl$ServerStreamListenerImpl.messagesAvailable(ServerCallImpl.java:263) [ratis-thirdparty-misc-0.2.0.jar:0.2.0]
	at org.apache.ratis.thirdparty.io.grpc.internal.ServerImpl$JumpToApplicationThreadServerStreamListener$1MessagesAvailable.runInContext(ServerImpl.java:686) [ratis-thirdparty-misc-0.2.0.jar:0.2.0]
	at org.apache.ratis.thirdparty.io.grpc.internal.ContextRunnable.run(ContextRunnable.java:37) [ratis-thirdparty-misc-0.2.0.jar:0.2.0]
	at org.apache.ratis.thirdparty.io.grpc.internal.SerializingExecutor.run(SerializingExecutor.java:123) [ratis-thirdparty-misc-0.2.0.jar:0.2.0]
	at java.util.concurrent.ThreadPoolExecutor.runWorker(ThreadPoolExecutor.java:1149) [?:1.8.0_212]
	at java.util.concurrent.ThreadPoolExecutor$Worker.run(ThreadPoolExecutor.java:624) [?:1.8.0_212]
	at java.lang.Thread.run(Thread.java:748) [?:1.8.0_212]
07:57:26.238 [grpc-default-executor-7] ERROR DNAudit - user=null | ip=null | op=WRITE_CHUNK {blockData=conID: 1 locID: 102891718283558925 bcsId: 14} | ret=FAILURE
org.apache.hadoop.hdds.scm.container.common.helpers.ContainerNotOpenException: Container 1 in CLOSING state
	at org.apache.hadoop.ozone.container.common.impl.HddsDispatcher.validateContainerCommand(HddsDispatcher.java:434) ~[hadoop-hdds-container-service-0.5.0-SNAPSHOT.jar:?]
	at org.apache.hadoop.ozone.container.common.transport.server.ratis.ContainerStateMachine.startTransaction(ContainerStateMachine.java:319) ~[hadoop-hdds-container-service-0.5.0-SNAPSHOT.jar:?]
	at org.apache.ratis.server.impl.RaftServerImpl.submitClientRequestAsync(RaftServerImpl.java:569) ~[ratis-server-0.5.0-201fc85-SNAPSHOT.jar:0.5.0-201fc85-SNAPSHOT]
	at org.apache.ratis.server.impl.RaftServerProxy.lambda$submitClientRequestAsync$7(RaftServerProxy.java:333) ~[ratis-server-0.5.0-201fc85-SNAPSHOT.jar:0.5.0-201fc85-SNAPSHOT]
	at org.apache.ratis.server.impl.RaftServerProxy.lambda$null$5(RaftServerProxy.java:328) ~[ratis-server-0.5.0-201fc85-SNAPSHOT.jar:0.5.0-201fc85-SNAPSHOT]
	at org.apache.ratis.util.JavaUtils.callAsUnchecked(JavaUtils.java:109) ~[ratis-common-0.5.0-201fc85-SNAPSHOT.jar:0.5.0-201fc85-SNAPSHOT]
	at org.apache.ratis.server.impl.RaftServerProxy.lambda$submitRequest$6(RaftServerProxy.java:328) ~[ratis-server-0.5.0-201fc85-SNAPSHOT.jar:0.5.0-201fc85-SNAPSHOT]
	at java.util.concurrent.CompletableFuture.uniComposeStage(CompletableFuture.java:981) ~[?:1.8.0_212]
	at java.util.concurrent.CompletableFuture.thenCompose(CompletableFuture.java:2124) ~[?:1.8.0_212]
	at org.apache.ratis.server.impl.RaftServerProxy.submitRequest(RaftServerProxy.java:327) ~[ratis-server-0.5.0-201fc85-SNAPSHOT.jar:0.5.0-201fc85-SNAPSHOT]
	at org.apache.ratis.server.impl.RaftServerProxy.submitClientRequestAsync(RaftServerProxy.java:333) ~[ratis-server-0.5.0-201fc85-SNAPSHOT.jar:0.5.0-201fc85-SNAPSHOT]
	at org.apache.ratis.grpc.client.GrpcClientProtocolService$RequestStreamObserver.processClientRequest(GrpcClientProtocolService.java:220) ~[ratis-grpc-0.5.0-201fc85-SNAPSHOT.jar:0.5.0-201fc85-SNAPSHOT]
	at org.apache.ratis.grpc.client.GrpcClientProtocolService$OrderedRequestStreamObserver.processClientRequest(GrpcClientProtocolService.java:326) ~[ratis-grpc-0.5.0-201fc85-SNAPSHOT.jar:0.5.0-201fc85-SNAPSHOT]
	at org.apache.ratis.util.SlidingWindow$Server.processRequestsFromHead(SlidingWindow.java:429) [ratis-common-0.5.0-201fc85-SNAPSHOT.jar:0.5.0-201fc85-SNAPSHOT]
	at org.apache.ratis.util.SlidingWindow$Server.receivedRequest(SlidingWindow.java:421) [ratis-common-0.5.0-201fc85-SNAPSHOT.jar:0.5.0-201fc85-SNAPSHOT]
	at org.apache.ratis.grpc.client.GrpcClientProtocolService$OrderedRequestStreamObserver.processClientRequest(GrpcClientProtocolService.java:345) [ratis-grpc-0.5.0-201fc85-SNAPSHOT.jar:0.5.0-201fc85-SNAPSHOT]
	at org.apache.ratis.grpc.client.GrpcClientProtocolService$RequestStreamObserver.onNext(GrpcClientProtocolService.java:240) [ratis-grpc-0.5.0-201fc85-SNAPSHOT.jar:0.5.0-201fc85-SNAPSHOT]
	at org.apache.ratis.grpc.client.GrpcClientProtocolService$RequestStreamObserver.onNext(GrpcClientProtocolService.java:168) [ratis-grpc-0.5.0-201fc85-SNAPSHOT.jar:0.5.0-201fc85-SNAPSHOT]
	at org.apache.ratis.thirdparty.io.grpc.stub.ServerCalls$StreamingServerCallHandler$StreamingServerCallListener.onMessage(ServerCalls.java:248) [ratis-thirdparty-misc-0.2.0.jar:0.2.0]
	at org.apache.ratis.thirdparty.io.grpc.internal.ServerCallImpl$ServerStreamListenerImpl.messagesAvailable(ServerCallImpl.java:263) [ratis-thirdparty-misc-0.2.0.jar:0.2.0]
	at org.apache.ratis.thirdparty.io.grpc.internal.ServerImpl$JumpToApplicationThreadServerStreamListener$1MessagesAvailable.runInContext(ServerImpl.java:686) [ratis-thirdparty-misc-0.2.0.jar:0.2.0]
	at org.apache.ratis.thirdparty.io.grpc.internal.ContextRunnable.run(ContextRunnable.java:37) [ratis-thirdparty-misc-0.2.0.jar:0.2.0]
	at org.apache.ratis.thirdparty.io.grpc.internal.SerializingExecutor.run(SerializingExecutor.java:123) [ratis-thirdparty-misc-0.2.0.jar:0.2.0]
	at java.util.concurrent.ThreadPoolExecutor.runWorker(ThreadPoolExecutor.java:1149) [?:1.8.0_212]
	at java.util.concurrent.ThreadPoolExecutor$Worker.run(ThreadPoolExecutor.java:624) [?:1.8.0_212]
	at java.lang.Thread.run(Thread.java:748) [?:1.8.0_212]
07:57:26.239 [grpc-default-executor-7] ERROR DNAudit - user=null | ip=null | op=WRITE_CHUNK {blockData=conID: 1 locID: 102891718283558925 bcsId: 14} | ret=FAILURE
org.apache.hadoop.hdds.scm.container.common.helpers.ContainerNotOpenException: Container 1 in CLOSING state
	at org.apache.hadoop.ozone.container.common.impl.HddsDispatcher.validateContainerCommand(HddsDispatcher.java:434) ~[hadoop-hdds-container-service-0.5.0-SNAPSHOT.jar:?]
	at org.apache.hadoop.ozone.container.common.transport.server.ratis.ContainerStateMachine.startTransaction(ContainerStateMachine.java:319) ~[hadoop-hdds-container-service-0.5.0-SNAPSHOT.jar:?]
	at org.apache.ratis.server.impl.RaftServerImpl.submitClientRequestAsync(RaftServerImpl.java:569) ~[ratis-server-0.5.0-201fc85-SNAPSHOT.jar:0.5.0-201fc85-SNAPSHOT]
	at org.apache.ratis.server.impl.RaftServerProxy.lambda$submitClientRequestAsync$7(RaftServerProxy.java:333) ~[ratis-server-0.5.0-201fc85-SNAPSHOT.jar:0.5.0-201fc85-SNAPSHOT]
	at org.apache.ratis.server.impl.RaftServerProxy.lambda$null$5(RaftServerProxy.java:328) ~[ratis-server-0.5.0-201fc85-SNAPSHOT.jar:0.5.0-201fc85-SNAPSHOT]
	at org.apache.ratis.util.JavaUtils.callAsUnchecked(JavaUtils.java:109) ~[ratis-common-0.5.0-201fc85-SNAPSHOT.jar:0.5.0-201fc85-SNAPSHOT]
	at org.apache.ratis.server.impl.RaftServerProxy.lambda$submitRequest$6(RaftServerProxy.java:328) ~[ratis-server-0.5.0-201fc85-SNAPSHOT.jar:0.5.0-201fc85-SNAPSHOT]
	at java.util.concurrent.CompletableFuture.uniComposeStage(CompletableFuture.java:981) ~[?:1.8.0_212]
	at java.util.concurrent.CompletableFuture.thenCompose(CompletableFuture.java:2124) ~[?:1.8.0_212]
	at org.apache.ratis.server.impl.RaftServerProxy.submitRequest(RaftServerProxy.java:327) ~[ratis-server-0.5.0-201fc85-SNAPSHOT.jar:0.5.0-201fc85-SNAPSHOT]
	at org.apache.ratis.server.impl.RaftServerProxy.submitClientRequestAsync(RaftServerProxy.java:333) ~[ratis-server-0.5.0-201fc85-SNAPSHOT.jar:0.5.0-201fc85-SNAPSHOT]
	at org.apache.ratis.grpc.client.GrpcClientProtocolService$RequestStreamObserver.processClientRequest(GrpcClientProtocolService.java:220) ~[ratis-grpc-0.5.0-201fc85-SNAPSHOT.jar:0.5.0-201fc85-SNAPSHOT]
	at org.apache.ratis.grpc.client.GrpcClientProtocolService$OrderedRequestStreamObserver.processClientRequest(GrpcClientProtocolService.java:326) ~[ratis-grpc-0.5.0-201fc85-SNAPSHOT.jar:0.5.0-201fc85-SNAPSHOT]
	at org.apache.ratis.util.SlidingWindow$Server.processRequestsFromHead(SlidingWindow.java:429) [ratis-common-0.5.0-201fc85-SNAPSHOT.jar:0.5.0-201fc85-SNAPSHOT]
	at org.apache.ratis.util.SlidingWindow$Server.receivedRequest(SlidingWindow.java:421) [ratis-common-0.5.0-201fc85-SNAPSHOT.jar:0.5.0-201fc85-SNAPSHOT]
	at org.apache.ratis.grpc.client.GrpcClientProtocolService$OrderedRequestStreamObserver.processClientRequest(GrpcClientProtocolService.java:345) [ratis-grpc-0.5.0-201fc85-SNAPSHOT.jar:0.5.0-201fc85-SNAPSHOT]
	at org.apache.ratis.grpc.client.GrpcClientProtocolService$RequestStreamObserver.onNext(GrpcClientProtocolService.java:240) [ratis-grpc-0.5.0-201fc85-SNAPSHOT.jar:0.5.0-201fc85-SNAPSHOT]
	at org.apache.ratis.grpc.client.GrpcClientProtocolService$RequestStreamObserver.onNext(GrpcClientProtocolService.java:168) [ratis-grpc-0.5.0-201fc85-SNAPSHOT.jar:0.5.0-201fc85-SNAPSHOT]
	at org.apache.ratis.thirdparty.io.grpc.stub.ServerCalls$StreamingServerCallHandler$StreamingServerCallListener.onMessage(ServerCalls.java:248) [ratis-thirdparty-misc-0.2.0.jar:0.2.0]
	at org.apache.ratis.thirdparty.io.grpc.internal.ServerCallImpl$ServerStreamListenerImpl.messagesAvailable(ServerCallImpl.java:263) [ratis-thirdparty-misc-0.2.0.jar:0.2.0]
	at org.apache.ratis.thirdparty.io.grpc.internal.ServerImpl$JumpToApplicationThreadServerStreamListener$1MessagesAvailable.runInContext(ServerImpl.java:686) [ratis-thirdparty-misc-0.2.0.jar:0.2.0]
	at org.apache.ratis.thirdparty.io.grpc.internal.ContextRunnable.run(ContextRunnable.java:37) [ratis-thirdparty-misc-0.2.0.jar:0.2.0]
	at org.apache.ratis.thirdparty.io.grpc.internal.SerializingExecutor.run(SerializingExecutor.java:123) [ratis-thirdparty-misc-0.2.0.jar:0.2.0]
	at java.util.concurrent.ThreadPoolExecutor.runWorker(ThreadPoolExecutor.java:1149) [?:1.8.0_212]
	at java.util.concurrent.ThreadPoolExecutor$Worker.run(ThreadPoolExecutor.java:624) [?:1.8.0_212]
	at java.lang.Thread.run(Thread.java:748) [?:1.8.0_212]
07:57:26.248 [grpc-default-executor-7] ERROR DNAudit - user=null | ip=null | op=PUT_BLOCK {blockData=[blockId=conID: 1 locID: 102891718283558925 bcsId: 0,size=800]} | ret=FAILURE
org.apache.hadoop.hdds.scm.container.common.helpers.ContainerNotOpenException: Container 1 in CLOSING state
	at org.apache.hadoop.ozone.container.common.impl.HddsDispatcher.validateContainerCommand(HddsDispatcher.java:434) ~[hadoop-hdds-container-service-0.5.0-SNAPSHOT.jar:?]
	at org.apache.hadoop.ozone.container.common.transport.server.ratis.ContainerStateMachine.startTransaction(ContainerStateMachine.java:319) ~[hadoop-hdds-container-service-0.5.0-SNAPSHOT.jar:?]
	at org.apache.ratis.server.impl.RaftServerImpl.submitClientRequestAsync(RaftServerImpl.java:569) ~[ratis-server-0.5.0-201fc85-SNAPSHOT.jar:0.5.0-201fc85-SNAPSHOT]
	at org.apache.ratis.server.impl.RaftServerProxy.lambda$submitClientRequestAsync$7(RaftServerProxy.java:333) ~[ratis-server-0.5.0-201fc85-SNAPSHOT.jar:0.5.0-201fc85-SNAPSHOT]
	at org.apache.ratis.server.impl.RaftServerProxy.lambda$null$5(RaftServerProxy.java:328) ~[ratis-server-0.5.0-201fc85-SNAPSHOT.jar:0.5.0-201fc85-SNAPSHOT]
	at org.apache.ratis.util.JavaUtils.callAsUnchecked(JavaUtils.java:109) ~[ratis-common-0.5.0-201fc85-SNAPSHOT.jar:0.5.0-201fc85-SNAPSHOT]
	at org.apache.ratis.server.impl.RaftServerProxy.lambda$submitRequest$6(RaftServerProxy.java:328) ~[ratis-server-0.5.0-201fc85-SNAPSHOT.jar:0.5.0-201fc85-SNAPSHOT]
	at java.util.concurrent.CompletableFuture.uniComposeStage(CompletableFuture.java:981) ~[?:1.8.0_212]
	at java.util.concurrent.CompletableFuture.thenCompose(CompletableFuture.java:2124) ~[?:1.8.0_212]
	at org.apache.ratis.server.impl.RaftServerProxy.submitRequest(RaftServerProxy.java:327) ~[ratis-server-0.5.0-201fc85-SNAPSHOT.jar:0.5.0-201fc85-SNAPSHOT]
	at org.apache.ratis.server.impl.RaftServerProxy.submitClientRequestAsync(RaftServerProxy.java:333) ~[ratis-server-0.5.0-201fc85-SNAPSHOT.jar:0.5.0-201fc85-SNAPSHOT]
	at org.apache.ratis.grpc.client.GrpcClientProtocolService$RequestStreamObserver.processClientRequest(GrpcClientProtocolService.java:220) ~[ratis-grpc-0.5.0-201fc85-SNAPSHOT.jar:0.5.0-201fc85-SNAPSHOT]
	at org.apache.ratis.grpc.client.GrpcClientProtocolService$OrderedRequestStreamObserver.processClientRequest(GrpcClientProtocolService.java:326) ~[ratis-grpc-0.5.0-201fc85-SNAPSHOT.jar:0.5.0-201fc85-SNAPSHOT]
	at org.apache.ratis.util.SlidingWindow$Server.processRequestsFromHead(SlidingWindow.java:429) [ratis-common-0.5.0-201fc85-SNAPSHOT.jar:0.5.0-201fc85-SNAPSHOT]
	at org.apache.ratis.util.SlidingWindow$Server.receivedRequest(SlidingWindow.java:421) [ratis-common-0.5.0-201fc85-SNAPSHOT.jar:0.5.0-201fc85-SNAPSHOT]
	at org.apache.ratis.grpc.client.GrpcClientProtocolService$OrderedRequestStreamObserver.processClientRequest(GrpcClientProtocolService.java:345) [ratis-grpc-0.5.0-201fc85-SNAPSHOT.jar:0.5.0-201fc85-SNAPSHOT]
	at org.apache.ratis.grpc.client.GrpcClientProtocolService$RequestStreamObserver.onNext(GrpcClientProtocolService.java:240) [ratis-grpc-0.5.0-201fc85-SNAPSHOT.jar:0.5.0-201fc85-SNAPSHOT]
	at org.apache.ratis.grpc.client.GrpcClientProtocolService$RequestStreamObserver.onNext(GrpcClientProtocolService.java:168) [ratis-grpc-0.5.0-201fc85-SNAPSHOT.jar:0.5.0-201fc85-SNAPSHOT]
	at org.apache.ratis.thirdparty.io.grpc.stub.ServerCalls$StreamingServerCallHandler$StreamingServerCallListener.onMessage(ServerCalls.java:248) [ratis-thirdparty-misc-0.2.0.jar:0.2.0]
	at org.apache.ratis.thirdparty.io.grpc.internal.ServerCallImpl$ServerStreamListenerImpl.messagesAvailable(ServerCallImpl.java:263) [ratis-thirdparty-misc-0.2.0.jar:0.2.0]
	at org.apache.ratis.thirdparty.io.grpc.internal.ServerImpl$JumpToApplicationThreadServerStreamListener$1MessagesAvailable.runInContext(ServerImpl.java:686) [ratis-thirdparty-misc-0.2.0.jar:0.2.0]
	at org.apache.ratis.thirdparty.io.grpc.internal.ContextRunnable.run(ContextRunnable.java:37) [ratis-thirdparty-misc-0.2.0.jar:0.2.0]
	at org.apache.ratis.thirdparty.io.grpc.internal.SerializingExecutor.run(SerializingExecutor.java:123) [ratis-thirdparty-misc-0.2.0.jar:0.2.0]
	at java.util.concurrent.ThreadPoolExecutor.runWorker(ThreadPoolExecutor.java:1149) [?:1.8.0_212]
	at java.util.concurrent.ThreadPoolExecutor$Worker.run(ThreadPoolExecutor.java:624) [?:1.8.0_212]
	at java.lang.Thread.run(Thread.java:748) [?:1.8.0_212]
2019-10-02 07:57:26,660 [main] INFO  ozone.MiniOzoneClusterImpl (MiniOzoneClusterImpl.java:shutdown(314)) - Shutting down the Mini Ozone Cluster
2019-10-02 07:57:26,660 [main] INFO  ozone.MiniOzoneClusterImpl (MiniOzoneClusterImpl.java:stop(330)) - Stopping the Mini Ozone Cluster
2019-10-02 07:57:26,660 [main] INFO  ozone.MiniOzoneClusterImpl (MiniOzoneClusterImpl.java:stopOM(400)) - Stopping the OzoneManager
2019-10-02 07:57:26,660 [main] INFO  ipc.Server (Server.java:stop(3082)) - Stopping server on 45917
2019-10-02 07:57:26,669 [IPC Server listener on 45917] INFO  ipc.Server (Server.java:run(1185)) - Stopping IPC Server listener on 45917
2019-10-02 07:57:26,669 [main] INFO  ratis.OzoneManagerDoubleBuffer (OzoneManagerDoubleBuffer.java:stop(248)) - Stopping OMDoubleBuffer flush thread
2019-10-02 07:57:26,674 [IPC Server Responder] INFO  ipc.Server (Server.java:run(1319)) - Stopping IPC Server Responder
2019-10-02 07:57:26,678 [OMDoubleBufferFlushThread] INFO  ratis.OzoneManagerDoubleBuffer (OzoneManagerDoubleBuffer.java:flushTransactions(191)) - OMDoubleBuffer flush thread OMDoubleBufferFlushThread is interrupted and will exit. OMDoubleBufferFlushThread
2019-10-02 07:57:26,682 [main] INFO  utils.BackgroundService (BackgroundService.java:shutdown(148)) - Shutting down service KeyDeletingService
2019-10-02 07:57:26,693 [main] INFO  handler.ContextHandler (ContextHandler.java:doStop(910)) - Stopped o.e.j.w.WebAppContext@62f9c790{/,null,UNAVAILABLE}{/ozoneManager}
2019-10-02 07:57:26,694 [main] INFO  server.AbstractConnector (AbstractConnector.java:doStop(318)) - Stopped ServerConnector@21e5f0b6{HTTP/1.1,[http/1.1]}{0.0.0.0:0}
2019-10-02 07:57:26,694 [main] INFO  handler.ContextHandler (ContextHandler.java:doStop(910)) - Stopped o.e.j.s.ServletContextHandler@46a8c2b4{/static,file:///workdir/hadoop-ozone/integration-test/target/test-classes/webapps/static,UNAVAILABLE}
2019-10-02 07:57:26,694 [main] INFO  handler.ContextHandler (ContextHandler.java:doStop(910)) - Stopped o.e.j.s.ServletContextHandler@1785d194{/logs,file:///workdir/hadoop-ozone/integration-test/target/log,UNAVAILABLE}
2019-10-02 07:57:26,698 [main] INFO  ozone.MiniOzoneClusterImpl (MiniOzoneClusterImpl.java:stopDatanodes(377)) - Stopping the HddsDatanodes
2019-10-02 07:57:26,759 [Datanode State Machine Thread - 0] INFO  statemachine.DatanodeStateMachine (DatanodeStateMachine.java:lambda$startDaemon$0(350)) - Ozone container server started.
2019-10-02 07:57:27,427 [Datanode State Machine Thread - 0] INFO  statemachine.DatanodeStateMachine (DatanodeStateMachine.java:lambda$startDaemon$0(350)) - Ozone container server started.
2019-10-02 07:57:28,408 [grpc-default-executor-6] WARN  server.GrpcLogAppender (LogUtils.java:warn(134)) - ce132960-38ca-4eb2-a2a4-e2a76adf71a1@group-93B5B54A08F6->40a59037-f13e-442f-b21d-bc75ef3f3ac7-AppendLogResponseHandler: Failed appendEntries: org.apache.ratis.thirdparty.io.grpc.StatusRuntimeException: UNAVAILABLE: io exception
2019-10-02 07:57:28,408 [grpc-default-executor-6] INFO  impl.FollowerInfo (FollowerInfo.java:lambda$new$0(51)) - ce132960-38ca-4eb2-a2a4-e2a76adf71a1@group-93B5B54A08F6->40a59037-f13e-442f-b21d-bc75ef3f3ac7: nextIndex: updateUnconditionally 1 -> 0
2019-10-02 07:57:30,844 [EventQueue-StaleNodeForStaleNodeHandler] INFO  node.StaleNodeHandler (StaleNodeHandler.java:onMessage(58)) - Datanode 63987b2c-fa7c-4d81-b174-6922948a5118{ip: 192.168.164.211, host: pr-hdds-2227-gdpr-vz6hn-2718222164, networkLocation: /default-rack, certSerialId: null} moved to stale state. Finalizing its pipelines [PipelineID=a3896473-9433-42a5-ae19-93b5b54a08f6, PipelineID=f437e9b7-cb2b-4984-9d14-ed2dd6e4a53c]
2019-10-02 07:57:30,845 [EventQueue-StaleNodeForStaleNodeHandler] INFO  pipeline.SCMPipelineManager (SCMPipelineManager.java:finalizeAndDestroyPipeline(315)) - destroying pipeline:Pipeline[ Id: a3896473-9433-42a5-ae19-93b5b54a08f6, Nodes: 40a59037-f13e-442f-b21d-bc75ef3f3ac7{ip: 192.168.164.211, host: pr-hdds-2227-gdpr-vz6hn-2718222164, networkLocation: /default-rack, certSerialId: null}ce132960-38ca-4eb2-a2a4-e2a76adf71a1{ip: 192.168.164.211, host: pr-hdds-2227-gdpr-vz6hn-2718222164, networkLocation: /default-rack, certSerialId: null}63987b2c-fa7c-4d81-b174-6922948a5118{ip: 192.168.164.211, host: pr-hdds-2227-gdpr-vz6hn-2718222164, networkLocation: /default-rack, certSerialId: null}, Type:RATIS, Factor:THREE, State:CLOSED]
2019-10-02 07:57:30,846 [EventQueue-StaleNodeForStaleNodeHandler] INFO  pipeline.SCMPipelineManager (SCMPipelineManager.java:finalizeAndDestroyPipeline(315)) - destroying pipeline:Pipeline[ Id: f437e9b7-cb2b-4984-9d14-ed2dd6e4a53c, Nodes: 63987b2c-fa7c-4d81-b174-6922948a5118{ip: 192.168.164.211, host: pr-hdds-2227-gdpr-vz6hn-2718222164, networkLocation: /default-rack, certSerialId: null}, Type:RATIS, Factor:ONE, State:OPEN]
2019-10-02 07:57:30,846 [EventQueue-StaleNodeForStaleNodeHandler] INFO  pipeline.PipelineStateManager (PipelineStateManager.java:finalizePipeline(123)) - Pipeline Pipeline[ Id: f437e9b7-cb2b-4984-9d14-ed2dd6e4a53c, Nodes: 63987b2c-fa7c-4d81-b174-6922948a5118{ip: 192.168.164.211, host: pr-hdds-2227-gdpr-vz6hn-2718222164, networkLocation: /default-rack, certSerialId: null}, Type:RATIS, Factor:ONE, State:CLOSED] moved to CLOSED state
2019-10-02 07:57:30,912 [grpc-default-executor-6] WARN  server.GrpcLogAppender (LogUtils.java:warn(134)) - ce132960-38ca-4eb2-a2a4-e2a76adf71a1@group-93B5B54A08F6->40a59037-f13e-442f-b21d-bc75ef3f3ac7-AppendLogResponseHandler: Failed appendEntries: org.apache.ratis.thirdparty.io.grpc.StatusRuntimeException: UNAVAILABLE: io exception
2019-10-02 07:57:30,917 [grpc-default-executor-6] INFO  impl.FollowerInfo (FollowerInfo.java:lambda$new$0(51)) - ce132960-38ca-4eb2-a2a4-e2a76adf71a1@group-93B5B54A08F6->40a59037-f13e-442f-b21d-bc75ef3f3ac7: nextIndex: updateUnconditionally 0 -> 0
2019-10-02 07:57:31,444 [EventQueue-StaleNodeForStaleNodeHandler] INFO  node.StaleNodeHandler (StaleNodeHandler.java:onMessage(58)) - Datanode 53443156-7e0a-453a-97cc-f5ce78912da9{ip: 192.168.164.211, host: pr-hdds-2227-gdpr-vz6hn-2718222164, networkLocation: /default-rack, certSerialId: null} moved to stale state. Finalizing its pipelines [PipelineID=86f7b007-1ec2-4d5e-ba2e-5c154708e508, PipelineID=b3544fa9-f301-4f50-8a8d-c7944a13f649]
2019-10-02 07:57:31,444 [EventQueue-StaleNodeForStaleNodeHandler] INFO  pipeline.SCMPipelineManager (SCMPipelineManager.java:finalizeAndDestroyPipeline(315)) - destroying pipeline:Pipeline[ Id: 86f7b007-1ec2-4d5e-ba2e-5c154708e508, Nodes: 53443156-7e0a-453a-97cc-f5ce78912da9{ip: 192.168.164.211, host: pr-hdds-2227-gdpr-vz6hn-2718222164, networkLocation: /default-rack, certSerialId: null}, Type:RATIS, Factor:ONE, State:OPEN]
2019-10-02 07:57:31,445 [EventQueue-StaleNodeForStaleNodeHandler] INFO  pipeline.PipelineStateManager (PipelineStateManager.java:finalizePipeline(123)) - Pipeline Pipeline[ Id: 86f7b007-1ec2-4d5e-ba2e-5c154708e508, Nodes: 53443156-7e0a-453a-97cc-f5ce78912da9{ip: 192.168.164.211, host: pr-hdds-2227-gdpr-vz6hn-2718222164, networkLocation: /default-rack, certSerialId: null}, Type:RATIS, Factor:ONE, State:CLOSED] moved to CLOSED state
2019-10-02 07:57:31,445 [EventQueue-StaleNodeForStaleNodeHandler] INFO  pipeline.SCMPipelineManager (SCMPipelineManager.java:finalizeAndDestroyPipeline(315)) - destroying pipeline:Pipeline[ Id: b3544fa9-f301-4f50-8a8d-c7944a13f649, Nodes: e6be78b6-b565-477b-bb8f-df1e8b94e3c2{ip: 192.168.164.211, host: pr-hdds-2227-gdpr-vz6hn-2718222164, networkLocation: /default-rack, certSerialId: null}53443156-7e0a-453a-97cc-f5ce78912da9{ip: 192.168.164.211, host: pr-hdds-2227-gdpr-vz6hn-2718222164, networkLocation: /default-rack, certSerialId: null}cc91f4db-3be8-4cd0-9ec5-474e4fe6b7d6{ip: 192.168.164.211, host: pr-hdds-2227-gdpr-vz6hn-2718222164, networkLocation: /default-rack, certSerialId: null}, Type:RATIS, Factor:THREE, State:OPEN]
2019-10-02 07:57:31,445 [EventQueue-StaleNodeForStaleNodeHandler] INFO  pipeline.PipelineStateManager (PipelineStateManager.java:finalizePipeline(123)) - Pipeline Pipeline[ Id: b3544fa9-f301-4f50-8a8d-c7944a13f649, Nodes: e6be78b6-b565-477b-bb8f-df1e8b94e3c2{ip: 192.168.164.211, host: pr-hdds-2227-gdpr-vz6hn-2718222164, networkLocation: /default-rack, certSerialId: null}53443156-7e0a-453a-97cc-f5ce78912da9{ip: 192.168.164.211, host: pr-hdds-2227-gdpr-vz6hn-2718222164, networkLocation: /default-rack, certSerialId: null}cc91f4db-3be8-4cd0-9ec5-474e4fe6b7d6{ip: 192.168.164.211, host: pr-hdds-2227-gdpr-vz6hn-2718222164, networkLocation: /default-rack, certSerialId: null}, Type:RATIS, Factor:THREE, State:CLOSED] moved to CLOSED state
2019-10-02 07:57:31,445 [EventQueue-CloseContainerForCloseContainerEventHandler] INFO  container.CloseContainerEventHandler (CloseContainerEventHandler.java:onMessage(61)) - Close container Event triggered for container : #2
2019-10-02 07:57:31,699 [main] INFO  ozoneimpl.OzoneContainer (OzoneContainer.java:stop(231)) - Attempting to stop container services.
2019-10-02 07:57:31,699 [ForkJoinPool.commonPool-worker-1] INFO  ozoneimpl.OzoneContainer (OzoneContainer.java:stop(231)) - Attempting to stop container services.
2019-10-02 07:57:31,703 [main] INFO  impl.RaftServerProxy (RaftServerProxy.java:lambda$close$4(314)) - 53443156-7e0a-453a-97cc-f5ce78912da9: close
2019-10-02 07:57:31,703 [ForkJoinPool.commonPool-worker-1] INFO  impl.RaftServerProxy (RaftServerProxy.java:lambda$close$4(314)) - 63987b2c-fa7c-4d81-b174-6922948a5118: close
2019-10-02 07:57:31,704 [main] INFO  impl.RaftServerImpl (RaftServerImpl.java:lambda$shutdown$3(247)) - 53443156-7e0a-453a-97cc-f5ce78912da9@group-5C154708E508: shutdown
2019-10-02 07:57:31,704 [ForkJoinPool.commonPool-worker-1] INFO  impl.RaftServerImpl (RaftServerImpl.java:lambda$shutdown$3(247)) - 63987b2c-fa7c-4d81-b174-6922948a5118@group-93B5B54A08F6: shutdown
2019-10-02 07:57:31,704 [main] INFO  util.JmxRegister (JmxRegister.java:unregister(73)) - Successfully un-registered JMX Bean with object name Ratis:service=RaftServer,group=group-5C154708E508,id=53443156-7e0a-453a-97cc-f5ce78912da9
2019-10-02 07:57:31,705 [ForkJoinPool.commonPool-worker-1] INFO  util.JmxRegister (JmxRegister.java:unregister(73)) - Successfully un-registered JMX Bean with object name Ratis:service=RaftServer,group=group-93B5B54A08F6,id=63987b2c-fa7c-4d81-b174-6922948a5118
2019-10-02 07:57:31,705 [main] INFO  impl.RoleInfo (RoleInfo.java:shutdownLeaderState(104)) - 53443156-7e0a-453a-97cc-f5ce78912da9: shutdown LeaderState
2019-10-02 07:57:31,705 [ForkJoinPool.commonPool-worker-1] INFO  impl.RoleInfo (RoleInfo.java:shutdownFollowerState(121)) - 63987b2c-fa7c-4d81-b174-6922948a5118: shutdown FollowerState
2019-10-02 07:57:31,706 [main] INFO  impl.PendingRequests (PendingRequests.java:sendNotLeaderResponses(202)) - 53443156-7e0a-453a-97cc-f5ce78912da9@group-5C154708E508-PendingRequests: sendNotLeaderResponses
2019-10-02 07:57:31,706 [63987b2c-fa7c-4d81-b174-6922948a5118@group-93B5B54A08F6-StateMachineUpdater] INFO  ratis.ContainerStateMachine (ContainerStateMachine.java:takeSnapshot(293)) - group-93B5B54A08F6: Taking a snapshot at:(t:1, i:14) file /workdir/hadoop-ozone/integration-test/target/test-dir/MiniOzoneClusterImpl-1b284452-a46a-4ca0-a40f-7c87425d7399/datanode-1/data/ratis/a3896473-9433-42a5-ae19-93b5b54a08f6/sm/snapshot.1_14
2019-10-02 07:57:31,706 [Thread-3033] INFO  impl.FollowerState (FollowerState.java:run(117)) - 63987b2c-fa7c-4d81-b174-6922948a5118@group-93B5B54A08F6-FollowerState was interrupted: java.lang.InterruptedException: sleep interrupted
2019-10-02 07:57:31,706 [ForkJoinPool.commonPool-worker-1] INFO  impl.StateMachineUpdater (StateMachineUpdater.java:stopAndJoin(136)) - 63987b2c-fa7c-4d81-b174-6922948a5118@group-93B5B54A08F6-StateMachineUpdater: set stopIndex = 18
2019-10-02 07:57:31,706 [main] INFO  impl.StateMachineUpdater (StateMachineUpdater.java:stopAndJoin(136)) - 53443156-7e0a-453a-97cc-f5ce78912da9@group-5C154708E508-StateMachineUpdater: set stopIndex = 0
2019-10-02 07:57:31,710 [main] INFO  impl.RaftServerImpl (ServerState.java:close(387)) - 53443156-7e0a-453a-97cc-f5ce78912da9@group-5C154708E508: closes. applyIndex: 0
2019-10-02 07:57:31,711 [53443156-7e0a-453a-97cc-f5ce78912da9@group-5C154708E508-SegmentedRaftLogWorker] INFO  segmented.SegmentedRaftLogWorker (SegmentedRaftLogWorker.java:run(316)) - 53443156-7e0a-453a-97cc-f5ce78912da9@group-5C154708E508-SegmentedRaftLogWorker was interrupted, exiting. There are 0 tasks remaining in the queue.
2019-10-02 07:57:31,718 [main] INFO  segmented.SegmentedRaftLogWorker (SegmentedRaftLogWorker.java:close(224)) - 53443156-7e0a-453a-97cc-f5ce78912da9@group-5C154708E508-SegmentedRaftLogWorker close()
2019-10-02 07:57:31,722 [main] INFO  impl.RaftServerImpl (RaftServerImpl.java:lambda$shutdown$3(247)) - 53443156-7e0a-453a-97cc-f5ce78912da9@group-C7944A13F649: shutdown
2019-10-02 07:57:31,723 [main] INFO  util.JmxRegister (JmxRegister.java:unregister(73)) - Successfully un-registered JMX Bean with object name Ratis:service=RaftServer,group=group-C7944A13F649,id=53443156-7e0a-453a-97cc-f5ce78912da9
2019-10-02 07:57:31,723 [main] INFO  impl.RoleInfo (RoleInfo.java:shutdownFollowerState(121)) - 53443156-7e0a-453a-97cc-f5ce78912da9: shutdown FollowerState
2019-10-02 07:57:31,723 [main] INFO  impl.StateMachineUpdater (StateMachineUpdater.java:stopAndJoin(136)) - 53443156-7e0a-453a-97cc-f5ce78912da9@group-C7944A13F649-StateMachineUpdater: set stopIndex = 15
2019-10-02 07:57:31,723 [53443156-7e0a-453a-97cc-f5ce78912da9@group-C7944A13F649-StateMachineUpdater] INFO  ratis.ContainerStateMachine (ContainerStateMachine.java:takeSnapshot(293)) - group-C7944A13F649: Taking a snapshot at:(t:1, i:13) file /workdir/hadoop-ozone/integration-test/target/test-dir/MiniOzoneClusterImpl-1b284452-a46a-4ca0-a40f-7c87425d7399/datanode-4/data/ratis/b3544fa9-f301-4f50-8a8d-c7944a13f649/sm/snapshot.1_13
2019-10-02 07:57:31,723 [Thread-2923] INFO  impl.FollowerState (FollowerState.java:run(117)) - 53443156-7e0a-453a-97cc-f5ce78912da9@group-C7944A13F649-FollowerState was interrupted: java.lang.InterruptedException: sleep interrupted
2019-10-02 07:57:31,732 [63987b2c-fa7c-4d81-b174-6922948a5118@group-93B5B54A08F6-StateMachineUpdater] INFO  ratis.ContainerStateMachine (ContainerStateMachine.java:takeSnapshot(304)) - group-93B5B54A08F6: Finished taking a snapshot at:(t:1, i:14) file:/workdir/hadoop-ozone/integration-test/target/test-dir/MiniOzoneClusterImpl-1b284452-a46a-4ca0-a40f-7c87425d7399/datanode-1/data/ratis/a3896473-9433-42a5-ae19-93b5b54a08f6/sm/snapshot.1_14 time:26
2019-10-02 07:57:31,732 [63987b2c-fa7c-4d81-b174-6922948a5118@group-93B5B54A08F6-StateMachineUpdater] INFO  impl.StateMachineUpdater (StateMachineUpdater.java:takeSnapshot(269)) - 63987b2c-fa7c-4d81-b174-6922948a5118@group-93B5B54A08F6-StateMachineUpdater: Took a snapshot at index 14
2019-10-02 07:57:31,733 [63987b2c-fa7c-4d81-b174-6922948a5118@group-93B5B54A08F6-StateMachineUpdater] INFO  impl.StateMachineUpdater (StateMachineUpdater.java:lambda$new$0(84)) - 63987b2c-fa7c-4d81-b174-6922948a5118@group-93B5B54A08F6-StateMachineUpdater: snapshotIndex: updateIncreasingly -1 -> 14
2019-10-02 07:57:31,733 [63987b2c-fa7c-4d81-b174-6922948a5118@group-93B5B54A08F6-StateMachineUpdater] INFO  ratis.ContainerStateMachine (ContainerStateMachine.java:takeSnapshot(293)) - group-93B5B54A08F6: Taking a snapshot at:(t:1, i:14) file /workdir/hadoop-ozone/integration-test/target/test-dir/MiniOzoneClusterImpl-1b284452-a46a-4ca0-a40f-7c87425d7399/datanode-1/data/ratis/a3896473-9433-42a5-ae19-93b5b54a08f6/sm/snapshot.1_14
2019-10-02 07:57:31,747 [63987b2c-fa7c-4d81-b174-6922948a5118@group-93B5B54A08F6-StateMachineUpdater] INFO  ratis.ContainerStateMachine (ContainerStateMachine.java:takeSnapshot(304)) - group-93B5B54A08F6: Finished taking a snapshot at:(t:1, i:14) file:/workdir/hadoop-ozone/integration-test/target/test-dir/MiniOzoneClusterImpl-1b284452-a46a-4ca0-a40f-7c87425d7399/datanode-1/data/ratis/a3896473-9433-42a5-ae19-93b5b54a08f6/sm/snapshot.1_14 time:14
2019-10-02 07:57:31,747 [53443156-7e0a-453a-97cc-f5ce78912da9@group-C7944A13F649-StateMachineUpdater] INFO  ratis.ContainerStateMachine (ContainerStateMachine.java:takeSnapshot(304)) - group-C7944A13F649: Finished taking a snapshot at:(t:1, i:13) file:/workdir/hadoop-ozone/integration-test/target/test-dir/MiniOzoneClusterImpl-1b284452-a46a-4ca0-a40f-7c87425d7399/datanode-4/data/ratis/b3544fa9-f301-4f50-8a8d-c7944a13f649/sm/snapshot.1_13 time:24
2019-10-02 07:57:31,747 [63987b2c-fa7c-4d81-b174-6922948a5118@group-93B5B54A08F6-StateMachineUpdater] INFO  impl.StateMachineUpdater (StateMachineUpdater.java:takeSnapshot(269)) - 63987b2c-fa7c-4d81-b174-6922948a5118@group-93B5B54A08F6-StateMachineUpdater: Took a snapshot at index 14
2019-10-02 07:57:31,747 [63987b2c-fa7c-4d81-b174-6922948a5118@group-93B5B54A08F6-StateMachineUpdater] INFO  impl.StateMachineUpdater (StateMachineUpdater.java:lambda$new$0(84)) - 63987b2c-fa7c-4d81-b174-6922948a5118@group-93B5B54A08F6-StateMachineUpdater: snapshotIndex: updateIncreasingly 14 -> 14
2019-10-02 07:57:31,747 [53443156-7e0a-453a-97cc-f5ce78912da9@group-C7944A13F649-StateMachineUpdater] INFO  impl.StateMachineUpdater (StateMachineUpdater.java:takeSnapshot(269)) - 53443156-7e0a-453a-97cc-f5ce78912da9@group-C7944A13F649-StateMachineUpdater: Took a snapshot at index 13
2019-10-02 07:57:31,748 [53443156-7e0a-453a-97cc-f5ce78912da9@group-C7944A13F649-StateMachineUpdater] INFO  impl.StateMachineUpdater (StateMachineUpdater.java:lambda$new$0(84)) - 53443156-7e0a-453a-97cc-f5ce78912da9@group-C7944A13F649-StateMachineUpdater: snapshotIndex: updateIncreasingly -1 -> 13
2019-10-02 07:57:31,748 [ForkJoinPool.commonPool-worker-1] INFO  impl.RaftServerImpl (ServerState.java:close(387)) - 63987b2c-fa7c-4d81-b174-6922948a5118@group-93B5B54A08F6: closes. applyIndex: 18
2019-10-02 07:57:31,748 [53443156-7e0a-453a-97cc-f5ce78912da9@group-C7944A13F649-StateMachineUpdater] INFO  ratis.ContainerStateMachine (ContainerStateMachine.java:takeSnapshot(293)) - group-C7944A13F649: Taking a snapshot at:(t:1, i:13) file /workdir/hadoop-ozone/integration-test/target/test-dir/MiniOzoneClusterImpl-1b284452-a46a-4ca0-a40f-7c87425d7399/datanode-4/data/ratis/b3544fa9-f301-4f50-8a8d-c7944a13f649/sm/snapshot.1_13
2019-10-02 07:57:31,748 [63987b2c-fa7c-4d81-b174-6922948a5118@group-93B5B54A08F6-SegmentedRaftLogWorker] INFO  segmented.SegmentedRaftLogWorker (SegmentedRaftLogWorker.java:run(316)) - 63987b2c-fa7c-4d81-b174-6922948a5118@group-93B5B54A08F6-SegmentedRaftLogWorker was interrupted, exiting. There are 0 tasks remaining in the queue.
2019-10-02 07:57:31,750 [ForkJoinPool.commonPool-worker-1] INFO  segmented.SegmentedRaftLogWorker (SegmentedRaftLogWorker.java:close(224)) - 63987b2c-fa7c-4d81-b174-6922948a5118@group-93B5B54A08F6-SegmentedRaftLogWorker close()
2019-10-02 07:57:31,754 [ForkJoinPool.commonPool-worker-1] INFO  impl.RaftServerImpl (RaftServerImpl.java:lambda$shutdown$3(247)) - 63987b2c-fa7c-4d81-b174-6922948a5118@group-ED2DD6E4A53C: shutdown
2019-10-02 07:57:31,755 [ForkJoinPool.commonPool-worker-1] INFO  util.JmxRegister (JmxRegister.java:unregister(73)) - Successfully un-registered JMX Bean with object name Ratis:service=RaftServer,group=group-ED2DD6E4A53C,id=63987b2c-fa7c-4d81-b174-6922948a5118
2019-10-02 07:57:31,755 [ForkJoinPool.commonPool-worker-1] INFO  impl.RoleInfo (RoleInfo.java:shutdownLeaderState(104)) - 63987b2c-fa7c-4d81-b174-6922948a5118: shutdown LeaderState
2019-10-02 07:57:31,755 [ForkJoinPool.commonPool-worker-1] INFO  impl.PendingRequests (PendingRequests.java:sendNotLeaderResponses(202)) - 63987b2c-fa7c-4d81-b174-6922948a5118@group-ED2DD6E4A53C-PendingRequests: sendNotLeaderResponses
2019-10-02 07:57:31,756 [ForkJoinPool.commonPool-worker-1] INFO  impl.StateMachineUpdater (StateMachineUpdater.java:stopAndJoin(136)) - 63987b2c-fa7c-4d81-b174-6922948a5118@group-ED2DD6E4A53C-StateMachineUpdater: set stopIndex = 0
2019-10-02 07:57:31,756 [ForkJoinPool.commonPool-worker-1] INFO  impl.RaftServerImpl (ServerState.java:close(387)) - 63987b2c-fa7c-4d81-b174-6922948a5118@group-ED2DD6E4A53C: closes. applyIndex: 0
2019-10-02 07:57:31,756 [63987b2c-fa7c-4d81-b174-6922948a5118@group-ED2DD6E4A53C-SegmentedRaftLogWorker] INFO  segmented.SegmentedRaftLogWorker (SegmentedRaftLogWorker.java:run(316)) - 63987b2c-fa7c-4d81-b174-6922948a5118@group-ED2DD6E4A53C-SegmentedRaftLogWorker was interrupted, exiting. There are 0 tasks remaining in the queue.
2019-10-02 07:57:31,758 [ForkJoinPool.commonPool-worker-1] INFO  segmented.SegmentedRaftLogWorker (SegmentedRaftLogWorker.java:close(224)) - 63987b2c-fa7c-4d81-b174-6922948a5118@group-ED2DD6E4A53C-SegmentedRaftLogWorker close()
2019-10-02 07:57:31,763 [ForkJoinPool.commonPool-worker-1] INFO  server.GrpcService (GrpcService.java:closeImpl(164)) - 63987b2c-fa7c-4d81-b174-6922948a5118: shutdown server with port 36859 now
2019-10-02 07:57:31,763 [53443156-7e0a-453a-97cc-f5ce78912da9@group-C7944A13F649-StateMachineUpdater] INFO  ratis.ContainerStateMachine (ContainerStateMachine.java:takeSnapshot(304)) - group-C7944A13F649: Finished taking a snapshot at:(t:1, i:13) file:/workdir/hadoop-ozone/integration-test/target/test-dir/MiniOzoneClusterImpl-1b284452-a46a-4ca0-a40f-7c87425d7399/datanode-4/data/ratis/b3544fa9-f301-4f50-8a8d-c7944a13f649/sm/snapshot.1_13 time:15
2019-10-02 07:57:31,763 [53443156-7e0a-453a-97cc-f5ce78912da9@group-C7944A13F649-StateMachineUpdater] INFO  impl.StateMachineUpdater (StateMachineUpdater.java:takeSnapshot(269)) - 53443156-7e0a-453a-97cc-f5ce78912da9@group-C7944A13F649-StateMachineUpdater: Took a snapshot at index 13
2019-10-02 07:57:31,763 [53443156-7e0a-453a-97cc-f5ce78912da9@group-C7944A13F649-StateMachineUpdater] INFO  impl.StateMachineUpdater (StateMachineUpdater.java:lambda$new$0(84)) - 53443156-7e0a-453a-97cc-f5ce78912da9@group-C7944A13F649-StateMachineUpdater: snapshotIndex: updateIncreasingly 13 -> 13
2019-10-02 07:57:31,763 [main] INFO  impl.RaftServerImpl (ServerState.java:close(387)) - 53443156-7e0a-453a-97cc-f5ce78912da9@group-C7944A13F649: closes. applyIndex: 15
2019-10-02 07:57:31,764 [grpc-default-executor-6] WARN  server.GrpcServerProtocolService (LogUtils.java:warn(134)) - 63987b2c-fa7c-4d81-b174-6922948a5118: installSnapshot onError, lastRequest: ce132960-38ca-4eb2-a2a4-e2a76adf71a1->63987b2c-fa7c-4d81-b174-6922948a5118#4-t2, previous=(t:2, i:18), leaderCommit=18, initializing? false, entries: <empty>: org.apache.ratis.thirdparty.io.grpc.StatusRuntimeException: CANCELLED: cancelled before receiving half close
2019-10-02 07:57:31,764 [53443156-7e0a-453a-97cc-f5ce78912da9@group-C7944A13F649-SegmentedRaftLogWorker] INFO  segmented.SegmentedRaftLogWorker (SegmentedRaftLogWorker.java:run(316)) - 53443156-7e0a-453a-97cc-f5ce78912da9@group-C7944A13F649-SegmentedRaftLogWorker was interrupted, exiting. There are 0 tasks remaining in the queue.
2019-10-02 07:57:31,764 [grpc-default-executor-0] WARN  server.GrpcLogAppender (LogUtils.java:warn(134)) - ce132960-38ca-4eb2-a2a4-e2a76adf71a1@group-93B5B54A08F6->63987b2c-fa7c-4d81-b174-6922948a5118-AppendLogResponseHandler: Failed appendEntries: org.apache.ratis.thirdparty.io.grpc.StatusRuntimeException: CANCELLED: HTTP/2 error code: CANCEL
Received Rst Stream
2019-10-02 07:57:31,764 [ForkJoinPool.commonPool-worker-1] INFO  server.GrpcService (GrpcService.java:closeImpl(172)) - 63987b2c-fa7c-4d81-b174-6922948a5118: shutdown server with port 36859 successfully
2019-10-02 07:57:31,766 [grpc-default-executor-0] INFO  impl.FollowerInfo (FollowerInfo.java:lambda$new$0(51)) - ce132960-38ca-4eb2-a2a4-e2a76adf71a1@group-93B5B54A08F6->63987b2c-fa7c-4d81-b174-6922948a5118: nextIndex: updateUnconditionally 19 -> 18
2019-10-02 07:57:31,766 [main] INFO  segmented.SegmentedRaftLogWorker (SegmentedRaftLogWorker.java:close(224)) - 53443156-7e0a-453a-97cc-f5ce78912da9@group-C7944A13F649-SegmentedRaftLogWorker close()
2019-10-02 07:57:31,770 [main] INFO  server.GrpcService (GrpcService.java:closeImpl(164)) - 53443156-7e0a-453a-97cc-f5ce78912da9: shutdown server with port 40009 now
2019-10-02 07:57:31,771 [grpc-default-executor-0] WARN  server.GrpcServerProtocolService (LogUtils.java:warn(134)) - 53443156-7e0a-453a-97cc-f5ce78912da9: installSnapshot onError, lastRequest: e6be78b6-b565-477b-bb8f-df1e8b94e3c2->53443156-7e0a-453a-97cc-f5ce78912da9#24-t1, previous=(t:1, i:15), leaderCommit=15, initializing? false, entries: <empty>: org.apache.ratis.thirdparty.io.grpc.StatusRuntimeException: CANCELLED: cancelled before receiving half close
2019-10-02 07:57:31,771 [grpc-default-executor-6] WARN  server.GrpcLogAppender (LogUtils.java:warn(134)) - e6be78b6-b565-477b-bb8f-df1e8b94e3c2@group-C7944A13F649->53443156-7e0a-453a-97cc-f5ce78912da9-AppendLogResponseHandler: Failed appendEntries: org.apache.ratis.thirdparty.io.grpc.StatusRuntimeException: CANCELLED: HTTP/2 error code: CANCEL
Received Rst Stream
2019-10-02 07:57:31,772 [grpc-default-executor-6] INFO  impl.FollowerInfo (FollowerInfo.java:lambda$new$0(51)) - e6be78b6-b565-477b-bb8f-df1e8b94e3c2@group-C7944A13F649->53443156-7e0a-453a-97cc-f5ce78912da9: nextIndex: updateUnconditionally 16 -> 15
2019-10-02 07:57:31,772 [refreshUsed-/workdir/hadoop-ozone/integration-test/target/test-dir/MiniOzoneClusterImpl-1b284452-a46a-4ca0-a40f-7c87425d7399/datanode-1/data/containers] WARN  fs.CachingGetSpaceUsed (CachingGetSpaceUsed.java:run(183)) - Thread Interrupted waiting to refresh disk information: sleep interrupted
2019-10-02 07:57:31,773 [main] INFO  server.GrpcService (GrpcService.java:closeImpl(172)) - 53443156-7e0a-453a-97cc-f5ce78912da9: shutdown server with port 40009 successfully
2019-10-02 07:57:31,776 [refreshUsed-/workdir/hadoop-ozone/integration-test/target/test-dir/MiniOzoneClusterImpl-1b284452-a46a-4ca0-a40f-7c87425d7399/datanode-4/data/containers] WARN  fs.CachingGetSpaceUsed (CachingGetSpaceUsed.java:run(183)) - Thread Interrupted waiting to refresh disk information: sleep interrupted
2019-10-02 07:57:31,788 [ForkJoinPool.commonPool-worker-1] INFO  utils.BackgroundService (BackgroundService.java:shutdown(148)) - Shutting down service BlockDeletingService
2019-10-02 07:57:31,788 [main] INFO  utils.BackgroundService (BackgroundService.java:shutdown(148)) - Shutting down service BlockDeletingService
2019-10-02 07:57:31,791 [ForkJoinPool.commonPool-worker-1] INFO  statemachine.DatanodeStateMachine (DatanodeStateMachine.java:stopDaemon(395)) - Ozone container server stopped.
2019-10-02 07:57:31,794 [main] INFO  statemachine.DatanodeStateMachine (DatanodeStateMachine.java:stopDaemon(395)) - Ozone container server stopped.
2019-10-02 07:57:31,798 [ForkJoinPool.commonPool-worker-1] INFO  handler.ContextHandler (ContextHandler.java:doStop(910)) - Stopped o.e.j.w.WebAppContext@7eb27768{/,null,UNAVAILABLE}{/hddsDatanode}
2019-10-02 07:57:31,798 [main] INFO  handler.ContextHandler (ContextHandler.java:doStop(910)) - Stopped o.e.j.w.WebAppContext@1c7f9861{/,null,UNAVAILABLE}{/hddsDatanode}
2019-10-02 07:57:31,799 [ForkJoinPool.commonPool-worker-1] INFO  server.AbstractConnector (AbstractConnector.java:doStop(318)) - Stopped ServerConnector@6169be09{HTTP/1.1,[http/1.1]}{0.0.0.0:0}
2019-10-02 07:57:31,799 [main] INFO  server.AbstractConnector (AbstractConnector.java:doStop(318)) - Stopped ServerConnector@7a36c83a{HTTP/1.1,[http/1.1]}{0.0.0.0:0}
2019-10-02 07:57:31,800 [ForkJoinPool.commonPool-worker-1] INFO  handler.ContextHandler (ContextHandler.java:doStop(910)) - Stopped o.e.j.s.ServletContextHandler@57cabdc3{/static,jar:file:/home/user/.m2/repository/org/apache/hadoop/hadoop-hdds-container-service/0.5.0-SNAPSHOT/hadoop-hdds-container-service-0.5.0-SNAPSHOT.jar!/webapps/static,UNAVAILABLE}
2019-10-02 07:57:31,801 [main] INFO  handler.ContextHandler (ContextHandler.java:doStop(910)) - Stopped o.e.j.s.ServletContextHandler@2f09e6b2{/static,jar:file:/home/user/.m2/repository/org/apache/hadoop/hadoop-hdds-container-service/0.5.0-SNAPSHOT/hadoop-hdds-container-service-0.5.0-SNAPSHOT.jar!/webapps/static,UNAVAILABLE}
2019-10-02 07:57:31,802 [ForkJoinPool.commonPool-worker-1] INFO  handler.ContextHandler (ContextHandler.java:doStop(910)) - Stopped o.e.j.s.ServletContextHandler@6fbf5db2{/logs,file:///workdir/hadoop-ozone/integration-test/target/log,UNAVAILABLE}
2019-10-02 07:57:31,802 [main] INFO  handler.ContextHandler (ContextHandler.java:doStop(910)) - Stopped o.e.j.s.ServletContextHandler@9408857{/logs,file:///workdir/hadoop-ozone/integration-test/target/log,UNAVAILABLE}
2019-10-02 07:57:32,428 [Datanode State Machine Thread - 0] INFO  statemachine.DatanodeStateMachine (DatanodeStateMachine.java:lambda$startDaemon$0(350)) - Ozone container server started.
2019-10-02 07:57:32,760 [Datanode State Machine Thread - 0] INFO  statemachine.DatanodeStateMachine (DatanodeStateMachine.java:lambda$startDaemon$0(350)) - Ozone container server started.
2019-10-02 07:57:33,411 [grpc-default-executor-8] WARN  server.GrpcLogAppender (LogUtils.java:warn(134)) - ce132960-38ca-4eb2-a2a4-e2a76adf71a1@group-93B5B54A08F6->40a59037-f13e-442f-b21d-bc75ef3f3ac7-AppendLogResponseHandler: Failed appendEntries: org.apache.ratis.thirdparty.io.grpc.StatusRuntimeException: UNAVAILABLE: io exception
2019-10-02 07:57:33,411 [grpc-default-executor-8] INFO  impl.FollowerInfo (FollowerInfo.java:lambda$new$0(51)) - ce132960-38ca-4eb2-a2a4-e2a76adf71a1@group-93B5B54A08F6->40a59037-f13e-442f-b21d-bc75ef3f3ac7: nextIndex: updateUnconditionally 0 -> 0
2019-10-02 07:57:33,418 [grpc-default-executor-0] WARN  server.GrpcLogAppender (LogUtils.java:warn(134)) - ce132960-38ca-4eb2-a2a4-e2a76adf71a1@group-93B5B54A08F6->63987b2c-fa7c-4d81-b174-6922948a5118-AppendLogResponseHandler: Failed appendEntries: org.apache.ratis.thirdparty.io.grpc.StatusRuntimeException: UNAVAILABLE: io exception
2019-10-02 07:57:33,418 [grpc-default-executor-0] INFO  impl.FollowerInfo (FollowerInfo.java:lambda$new$0(51)) - ce132960-38ca-4eb2-a2a4-e2a76adf71a1@group-93B5B54A08F6->63987b2c-fa7c-4d81-b174-6922948a5118: nextIndex: updateUnconditionally 18 -> 17
2019-10-02 07:57:33,448 [grpc-default-executor-0] WARN  server.GrpcLogAppender (LogUtils.java:warn(134)) - e6be78b6-b565-477b-bb8f-df1e8b94e3c2@group-C7944A13F649->53443156-7e0a-453a-97cc-f5ce78912da9-AppendLogResponseHandler: Failed appendEntries: org.apache.ratis.thirdparty.io.grpc.StatusRuntimeException: UNAVAILABLE: io exception
2019-10-02 07:57:33,449 [grpc-default-executor-0] INFO  impl.FollowerInfo (FollowerInfo.java:lambda$new$0(51)) - e6be78b6-b565-477b-bb8f-df1e8b94e3c2@group-C7944A13F649->53443156-7e0a-453a-97cc-f5ce78912da9: nextIndex: updateUnconditionally 16 -> 15
2019-10-02 07:57:33,460 [grpc-default-executor-6] WARN  server.GrpcLogAppender (LogUtils.java:warn(134)) - e6be78b6-b565-477b-bb8f-df1e8b94e3c2@group-C7944A13F649->53443156-7e0a-453a-97cc-f5ce78912da9-AppendLogResponseHandler: Failed appendEntries: org.apache.ratis.thirdparty.io.grpc.StatusRuntimeException: UNAVAILABLE: io exception
2019-10-02 07:57:33,460 [grpc-default-executor-6] INFO  impl.FollowerInfo (FollowerInfo.java:lambda$new$0(51)) - e6be78b6-b565-477b-bb8f-df1e8b94e3c2@group-C7944A13F649->53443156-7e0a-453a-97cc-f5ce78912da9: nextIndex: updateUnconditionally 16 -> 15
2019-10-02 07:57:33,479 [RatisApplyTransactionExecutor 2] INFO  interfaces.Container (KeyValueContainer.java:flushAndSyncDB(386)) - Container 2 is synced with bcsId 13.
2019-10-02 07:57:33,479 [RatisApplyTransactionExecutor 2] INFO  interfaces.Container (KeyValueContainer.java:flushAndSyncDB(386)) - Container 2 is synced with bcsId 13.
2019-10-02 07:57:33,481 [grpc-default-executor-8] WARN  server.GrpcLogAppender (LogUtils.java:warn(134)) - e6be78b6-b565-477b-bb8f-df1e8b94e3c2@group-C7944A13F649->53443156-7e0a-453a-97cc-f5ce78912da9-AppendLogResponseHandler: Failed appendEntries: org.apache.ratis.thirdparty.io.grpc.StatusRuntimeException: UNAVAILABLE: io exception
2019-10-02 07:57:33,481 [grpc-default-executor-8] INFO  impl.FollowerInfo (FollowerInfo.java:lambda$new$0(51)) - e6be78b6-b565-477b-bb8f-df1e8b94e3c2@group-C7944A13F649->53443156-7e0a-453a-97cc-f5ce78912da9: nextIndex: updateUnconditionally 16 -> 15
2019-10-02 07:57:33,495 [RatisApplyTransactionExecutor 2] INFO  interfaces.Container (KeyValueContainer.java:close(335)) - Container 2 is closed with bcsId 13.
2019-10-02 07:57:33,496 [EventQueue-IncrementalContainerReportForIncrementalContainerReportHandler] INFO  container.IncrementalContainerReportHandler (AbstractContainerReportHandler.java:updateContainerState(176)) - Moving container #2 to CLOSED state, datanode e6be78b6-b565-477b-bb8f-df1e8b94e3c2{ip: 192.168.164.211, host: pr-hdds-2227-gdpr-vz6hn-2718222164, networkLocation: /default-rack, certSerialId: null} reported CLOSED replica.
2019-10-02 07:57:33,519 [RatisApplyTransactionExecutor 2] INFO  interfaces.Container (KeyValueContainer.java:flushAndSyncDB(386)) - Container 2 is synced with bcsId 13.
2019-10-02 07:57:33,519 [RatisApplyTransactionExecutor 2] INFO  interfaces.Container (KeyValueContainer.java:flushAndSyncDB(386)) - Container 2 is synced with bcsId 13.
2019-10-02 07:57:33,532 [RatisApplyTransactionExecutor 2] INFO  interfaces.Container (KeyValueContainer.java:close(335)) - Container 2 is closed with bcsId 13.
2019-10-02 07:57:35,915 [grpc-default-executor-8] WARN  server.GrpcLogAppender (LogUtils.java:warn(134)) - ce132960-38ca-4eb2-a2a4-e2a76adf71a1@group-93B5B54A08F6->40a59037-f13e-442f-b21d-bc75ef3f3ac7-AppendLogResponseHandler: Failed appendEntries: org.apache.ratis.thirdparty.io.grpc.StatusRuntimeException: UNAVAILABLE: io exception
2019-10-02 07:57:35,916 [grpc-default-executor-8] INFO  impl.FollowerInfo (FollowerInfo.java:lambda$new$0(51)) - ce132960-38ca-4eb2-a2a4-e2a76adf71a1@group-93B5B54A08F6->40a59037-f13e-442f-b21d-bc75ef3f3ac7: nextIndex: updateUnconditionally 0 -> 0
2019-10-02 07:57:35,918 [grpc-default-executor-0] WARN  server.GrpcLogAppender (LogUtils.java:warn(134)) - ce132960-38ca-4eb2-a2a4-e2a76adf71a1@group-93B5B54A08F6->63987b2c-fa7c-4d81-b174-6922948a5118-AppendLogResponseHandler: Failed appendEntries: org.apache.ratis.thirdparty.io.grpc.StatusRuntimeException: UNAVAILABLE: io exception
2019-10-02 07:57:35,918 [grpc-default-executor-0] INFO  impl.FollowerInfo (FollowerInfo.java:lambda$new$0(51)) - ce132960-38ca-4eb2-a2a4-e2a76adf71a1@group-93B5B54A08F6->63987b2c-fa7c-4d81-b174-6922948a5118: nextIndex: updateUnconditionally 17 -> 16
2019-10-02 07:57:35,983 [grpc-default-executor-7] WARN  server.GrpcLogAppender (LogUtils.java:warn(134)) - e6be78b6-b565-477b-bb8f-df1e8b94e3c2@group-C7944A13F649->53443156-7e0a-453a-97cc-f5ce78912da9-AppendLogResponseHandler: Failed appendEntries: org.apache.ratis.thirdparty.io.grpc.StatusRuntimeException: UNAVAILABLE: io exception
2019-10-02 07:57:35,983 [grpc-default-executor-7] INFO  impl.FollowerInfo (FollowerInfo.java:lambda$new$0(51)) - e6be78b6-b565-477b-bb8f-df1e8b94e3c2@group-C7944A13F649->53443156-7e0a-453a-97cc-f5ce78912da9: nextIndex: updateUnconditionally 15 -> 14
2019-10-02 07:57:36,450 [EventQueue-StaleNodeForStaleNodeHandler] INFO  node.StaleNodeHandler (StaleNodeHandler.java:onMessage(58)) - Datanode cc91f4db-3be8-4cd0-9ec5-474e4fe6b7d6{ip: 192.168.164.211, host: pr-hdds-2227-gdpr-vz6hn-2718222164, networkLocation: /default-rack, certSerialId: null} moved to stale state. Finalizing its pipelines [PipelineID=aec84eb4-e622-4d3b-9490-411fd514b15f, PipelineID=b3544fa9-f301-4f50-8a8d-c7944a13f649]
2019-10-02 07:57:36,450 [EventQueue-StaleNodeForStaleNodeHandler] INFO  pipeline.SCMPipelineManager (SCMPipelineManager.java:finalizeAndDestroyPipeline(315)) - destroying pipeline:Pipeline[ Id: aec84eb4-e622-4d3b-9490-411fd514b15f, Nodes: cc91f4db-3be8-4cd0-9ec5-474e4fe6b7d6{ip: 192.168.164.211, host: pr-hdds-2227-gdpr-vz6hn-2718222164, networkLocation: /default-rack, certSerialId: null}, Type:RATIS, Factor:ONE, State:OPEN]
2019-10-02 07:57:36,451 [EventQueue-StaleNodeForStaleNodeHandler] INFO  pipeline.PipelineStateManager (PipelineStateManager.java:finalizePipeline(123)) - Pipeline Pipeline[ Id: aec84eb4-e622-4d3b-9490-411fd514b15f, Nodes: cc91f4db-3be8-4cd0-9ec5-474e4fe6b7d6{ip: 192.168.164.211, host: pr-hdds-2227-gdpr-vz6hn-2718222164, networkLocation: /default-rack, certSerialId: null}, Type:RATIS, Factor:ONE, State:CLOSED] moved to CLOSED state
2019-10-02 07:57:36,451 [EventQueue-StaleNodeForStaleNodeHandler] INFO  pipeline.SCMPipelineManager (SCMPipelineManager.java:finalizeAndDestroyPipeline(315)) - destroying pipeline:Pipeline[ Id: b3544fa9-f301-4f50-8a8d-c7944a13f649, Nodes: e6be78b6-b565-477b-bb8f-df1e8b94e3c2{ip: 192.168.164.211, host: pr-hdds-2227-gdpr-vz6hn-2718222164, networkLocation: /default-rack, certSerialId: null}53443156-7e0a-453a-97cc-f5ce78912da9{ip: 192.168.164.211, host: pr-hdds-2227-gdpr-vz6hn-2718222164, networkLocation: /default-rack, certSerialId: null}cc91f4db-3be8-4cd0-9ec5-474e4fe6b7d6{ip: 192.168.164.211, host: pr-hdds-2227-gdpr-vz6hn-2718222164, networkLocation: /default-rack, certSerialId: null}, Type:RATIS, Factor:THREE, State:CLOSED]
2019-10-02 07:57:36,805 [ForkJoinPool.commonPool-worker-1] INFO  ozoneimpl.OzoneContainer (OzoneContainer.java:stop(231)) - Attempting to stop container services.
2019-10-02 07:57:36,805 [main] INFO  ozoneimpl.OzoneContainer (OzoneContainer.java:stop(231)) - Attempting to stop container services.
2019-10-02 07:57:36,812 [ForkJoinPool.commonPool-worker-1] INFO  impl.RaftServerProxy (RaftServerProxy.java:lambda$close$4(314)) - ce132960-38ca-4eb2-a2a4-e2a76adf71a1: close
2019-10-02 07:57:36,813 [main] INFO  impl.RaftServerProxy (RaftServerProxy.java:lambda$close$4(314)) - cc91f4db-3be8-4cd0-9ec5-474e4fe6b7d6: close
2019-10-02 07:57:36,813 [main] INFO  impl.RaftServerImpl (RaftServerImpl.java:lambda$shutdown$3(247)) - cc91f4db-3be8-4cd0-9ec5-474e4fe6b7d6@group-411FD514B15F: shutdown
2019-10-02 07:57:36,813 [ForkJoinPool.commonPool-worker-1] INFO  impl.RaftServerImpl (RaftServerImpl.java:lambda$shutdown$3(247)) - ce132960-38ca-4eb2-a2a4-e2a76adf71a1@group-70962D47B60B: shutdown
2019-10-02 07:57:36,814 [main] INFO  util.JmxRegister (JmxRegister.java:unregister(73)) - Successfully un-registered JMX Bean with object name Ratis:service=RaftServer,group=group-411FD514B15F,id=cc91f4db-3be8-4cd0-9ec5-474e4fe6b7d6
2019-10-02 07:57:36,814 [ForkJoinPool.commonPool-worker-1] INFO  util.JmxRegister (JmxRegister.java:unregister(73)) - Successfully un-registered JMX Bean with object name Ratis:service=RaftServer,group=group-70962D47B60B,id=ce132960-38ca-4eb2-a2a4-e2a76adf71a1
2019-10-02 07:57:36,814 [main] INFO  impl.RoleInfo (RoleInfo.java:shutdownLeaderState(104)) - cc91f4db-3be8-4cd0-9ec5-474e4fe6b7d6: shutdown LeaderState
2019-10-02 07:57:36,815 [ForkJoinPool.commonPool-worker-1] INFO  impl.RoleInfo (RoleInfo.java:shutdownLeaderState(104)) - ce132960-38ca-4eb2-a2a4-e2a76adf71a1: shutdown LeaderState
2019-10-02 07:57:36,815 [main] INFO  impl.PendingRequests (PendingRequests.java:sendNotLeaderResponses(202)) - cc91f4db-3be8-4cd0-9ec5-474e4fe6b7d6@group-411FD514B15F-PendingRequests: sendNotLeaderResponses
2019-10-02 07:57:36,815 [ForkJoinPool.commonPool-worker-1] INFO  impl.PendingRequests (PendingRequests.java:sendNotLeaderResponses(202)) - ce132960-38ca-4eb2-a2a4-e2a76adf71a1@group-70962D47B60B-PendingRequests: sendNotLeaderResponses
2019-10-02 07:57:36,816 [main] INFO  impl.StateMachineUpdater (StateMachineUpdater.java:stopAndJoin(136)) - cc91f4db-3be8-4cd0-9ec5-474e4fe6b7d6@group-411FD514B15F-StateMachineUpdater: set stopIndex = 0
2019-10-02 07:57:36,816 [ForkJoinPool.commonPool-worker-1] INFO  impl.StateMachineUpdater (StateMachineUpdater.java:stopAndJoin(136)) - ce132960-38ca-4eb2-a2a4-e2a76adf71a1@group-70962D47B60B-StateMachineUpdater: set stopIndex = 0
2019-10-02 07:57:36,817 [main] INFO  impl.RaftServerImpl (ServerState.java:close(387)) - cc91f4db-3be8-4cd0-9ec5-474e4fe6b7d6@group-411FD514B15F: closes. applyIndex: 0
2019-10-02 07:57:36,817 [ForkJoinPool.commonPool-worker-1] INFO  impl.RaftServerImpl (ServerState.java:close(387)) - ce132960-38ca-4eb2-a2a4-e2a76adf71a1@group-70962D47B60B: closes. applyIndex: 0
2019-10-02 07:57:36,818 [cc91f4db-3be8-4cd0-9ec5-474e4fe6b7d6@group-411FD514B15F-SegmentedRaftLogWorker] INFO  segmented.SegmentedRaftLogWorker (SegmentedRaftLogWorker.java:run(316)) - cc91f4db-3be8-4cd0-9ec5-474e4fe6b7d6@group-411FD514B15F-SegmentedRaftLogWorker was interrupted, exiting. There are 0 tasks remaining in the queue.
2019-10-02 07:57:36,818 [ce132960-38ca-4eb2-a2a4-e2a76adf71a1@group-70962D47B60B-SegmentedRaftLogWorker] INFO  segmented.SegmentedRaftLogWorker (SegmentedRaftLogWorker.java:run(316)) - ce132960-38ca-4eb2-a2a4-e2a76adf71a1@group-70962D47B60B-SegmentedRaftLogWorker was interrupted, exiting. There are 0 tasks remaining in the queue.
2019-10-02 07:57:36,821 [main] INFO  segmented.SegmentedRaftLogWorker (SegmentedRaftLogWorker.java:close(224)) - cc91f4db-3be8-4cd0-9ec5-474e4fe6b7d6@group-411FD514B15F-SegmentedRaftLogWorker close()
2019-10-02 07:57:36,823 [ForkJoinPool.commonPool-worker-1] INFO  segmented.SegmentedRaftLogWorker (SegmentedRaftLogWorker.java:close(224)) - ce132960-38ca-4eb2-a2a4-e2a76adf71a1@group-70962D47B60B-SegmentedRaftLogWorker close()
2019-10-02 07:57:36,827 [main] INFO  impl.RaftServerImpl (RaftServerImpl.java:lambda$shutdown$3(247)) - cc91f4db-3be8-4cd0-9ec5-474e4fe6b7d6@group-C7944A13F649: shutdown
2019-10-02 07:57:36,831 [ForkJoinPool.commonPool-worker-1] INFO  impl.RaftServerImpl (RaftServerImpl.java:lambda$shutdown$3(247)) - ce132960-38ca-4eb2-a2a4-e2a76adf71a1@group-93B5B54A08F6: shutdown
2019-10-02 07:57:36,832 [main] INFO  util.JmxRegister (JmxRegister.java:unregister(73)) - Successfully un-registered JMX Bean with object name Ratis:service=RaftServer,group=group-C7944A13F649,id=cc91f4db-3be8-4cd0-9ec5-474e4fe6b7d6
2019-10-02 07:57:36,832 [main] INFO  impl.RoleInfo (RoleInfo.java:shutdownFollowerState(121)) - cc91f4db-3be8-4cd0-9ec5-474e4fe6b7d6: shutdown FollowerState
2019-10-02 07:57:36,832 [ForkJoinPool.commonPool-worker-1] INFO  util.JmxRegister (JmxRegister.java:unregister(73)) - Successfully un-registered JMX Bean with object name Ratis:service=RaftServer,group=group-93B5B54A08F6,id=ce132960-38ca-4eb2-a2a4-e2a76adf71a1
2019-10-02 07:57:36,833 [cc91f4db-3be8-4cd0-9ec5-474e4fe6b7d6@group-C7944A13F649-StateMachineUpdater] INFO  ratis.ContainerStateMachine (ContainerStateMachine.java:takeSnapshot(293)) - group-C7944A13F649: Taking a snapshot at:(t:1, i:16) file /workdir/hadoop-ozone/integration-test/target/test-dir/MiniOzoneClusterImpl-1b284452-a46a-4ca0-a40f-7c87425d7399/datanode-3/data/ratis/b3544fa9-f301-4f50-8a8d-c7944a13f649/sm/snapshot.1_16
2019-10-02 07:57:36,833 [Thread-2921] INFO  impl.FollowerState (FollowerState.java:run(117)) - cc91f4db-3be8-4cd0-9ec5-474e4fe6b7d6@group-C7944A13F649-FollowerState was interrupted: java.lang.InterruptedException: sleep interrupted
2019-10-02 07:57:36,833 [main] INFO  impl.StateMachineUpdater (StateMachineUpdater.java:stopAndJoin(136)) - cc91f4db-3be8-4cd0-9ec5-474e4fe6b7d6@group-C7944A13F649-StateMachineUpdater: set stopIndex = 17
2019-10-02 07:57:36,833 [ForkJoinPool.commonPool-worker-1] INFO  impl.RoleInfo (RoleInfo.java:shutdownLeaderState(104)) - ce132960-38ca-4eb2-a2a4-e2a76adf71a1: shutdown LeaderState
2019-10-02 07:57:36,840 [ForkJoinPool.commonPool-worker-1] INFO  impl.PendingRequests (PendingRequests.java:sendNotLeaderResponses(202)) - ce132960-38ca-4eb2-a2a4-e2a76adf71a1@group-93B5B54A08F6-PendingRequests: sendNotLeaderResponses
2019-10-02 07:57:36,840 [org.apache.ratis.server.impl.LogAppender$AppenderDaemon$$Lambda$516/812517202@2a7d6a60] WARN  server.GrpcLogAppender (GrpcLogAppender.java:mayWait(143)) - ce132960-38ca-4eb2-a2a4-e2a76adf71a1@group-93B5B54A08F6->40a59037-f13e-442f-b21d-bc75ef3f3ac7-GrpcLogAppender: Wait interrupted by java.lang.InterruptedException
2019-10-02 07:57:36,840 [org.apache.ratis.server.impl.LogAppender$AppenderDaemon$$Lambda$516/812517202@142f475] WARN  server.GrpcLogAppender (GrpcLogAppender.java:mayWait(143)) - ce132960-38ca-4eb2-a2a4-e2a76adf71a1@group-93B5B54A08F6->63987b2c-fa7c-4d81-b174-6922948a5118-GrpcLogAppender: Wait interrupted by java.lang.InterruptedException
2019-10-02 07:57:36,842 [ForkJoinPool.commonPool-worker-1] INFO  impl.StateMachineUpdater (StateMachineUpdater.java:stopAndJoin(136)) - ce132960-38ca-4eb2-a2a4-e2a76adf71a1@group-93B5B54A08F6-StateMachineUpdater: set stopIndex = 18
2019-10-02 07:57:36,842 [ce132960-38ca-4eb2-a2a4-e2a76adf71a1@group-93B5B54A08F6-StateMachineUpdater] INFO  ratis.ContainerStateMachine (ContainerStateMachine.java:takeSnapshot(293)) - group-93B5B54A08F6: Taking a snapshot at:(t:1, i:14) file /workdir/hadoop-ozone/integration-test/target/test-dir/MiniOzoneClusterImpl-1b284452-a46a-4ca0-a40f-7c87425d7399/datanode-2/data/ratis/a3896473-9433-42a5-ae19-93b5b54a08f6/sm/snapshot.1_14
2019-10-02 07:57:36,850 [EventQueue-StaleNodeForStaleNodeHandler] INFO  node.StaleNodeHandler (StaleNodeHandler.java:onMessage(58)) - Datanode ce132960-38ca-4eb2-a2a4-e2a76adf71a1{ip: 192.168.164.211, host: pr-hdds-2227-gdpr-vz6hn-2718222164, networkLocation: /default-rack, certSerialId: null} moved to stale state. Finalizing its pipelines [PipelineID=ec73676f-d506-488f-8e33-70962d47b60b, PipelineID=a3896473-9433-42a5-ae19-93b5b54a08f6]
2019-10-02 07:57:36,850 [EventQueue-StaleNodeForStaleNodeHandler] INFO  pipeline.SCMPipelineManager (SCMPipelineManager.java:finalizeAndDestroyPipeline(315)) - destroying pipeline:Pipeline[ Id: ec73676f-d506-488f-8e33-70962d47b60b, Nodes: ce132960-38ca-4eb2-a2a4-e2a76adf71a1{ip: 192.168.164.211, host: pr-hdds-2227-gdpr-vz6hn-2718222164, networkLocation: /default-rack, certSerialId: null}, Type:RATIS, Factor:ONE, State:OPEN]
2019-10-02 07:57:36,851 [EventQueue-StaleNodeForStaleNodeHandler] INFO  pipeline.PipelineStateManager (PipelineStateManager.java:finalizePipeline(123)) - Pipeline Pipeline[ Id: ec73676f-d506-488f-8e33-70962d47b60b, Nodes: ce132960-38ca-4eb2-a2a4-e2a76adf71a1{ip: 192.168.164.211, host: pr-hdds-2227-gdpr-vz6hn-2718222164, networkLocation: /default-rack, certSerialId: null}, Type:RATIS, Factor:ONE, State:CLOSED] moved to CLOSED state
2019-10-02 07:57:36,851 [EventQueue-StaleNodeForStaleNodeHandler] INFO  pipeline.SCMPipelineManager (SCMPipelineManager.java:finalizeAndDestroyPipeline(315)) - destroying pipeline:Pipeline[ Id: a3896473-9433-42a5-ae19-93b5b54a08f6, Nodes: 40a59037-f13e-442f-b21d-bc75ef3f3ac7{ip: 192.168.164.211, host: pr-hdds-2227-gdpr-vz6hn-2718222164, networkLocation: /default-rack, certSerialId: null}ce132960-38ca-4eb2-a2a4-e2a76adf71a1{ip: 192.168.164.211, host: pr-hdds-2227-gdpr-vz6hn-2718222164, networkLocation: /default-rack, certSerialId: null}63987b2c-fa7c-4d81-b174-6922948a5118{ip: 192.168.164.211, host: pr-hdds-2227-gdpr-vz6hn-2718222164, networkLocation: /default-rack, certSerialId: null}, Type:RATIS, Factor:THREE, State:CLOSED]
2019-10-02 07:57:36,860 [cc91f4db-3be8-4cd0-9ec5-474e4fe6b7d6@group-C7944A13F649-StateMachineUpdater] INFO  ratis.ContainerStateMachine (ContainerStateMachine.java:takeSnapshot(304)) - group-C7944A13F649: Finished taking a snapshot at:(t:1, i:16) file:/workdir/hadoop-ozone/integration-test/target/test-dir/MiniOzoneClusterImpl-1b284452-a46a-4ca0-a40f-7c87425d7399/datanode-3/data/ratis/b3544fa9-f301-4f50-8a8d-c7944a13f649/sm/snapshot.1_16 time:28
2019-10-02 07:57:36,860 [ce132960-38ca-4eb2-a2a4-e2a76adf71a1@group-93B5B54A08F6-StateMachineUpdater] INFO  ratis.ContainerStateMachine (ContainerStateMachine.java:takeSnapshot(304)) - group-93B5B54A08F6: Finished taking a snapshot at:(t:1, i:14) file:/workdir/hadoop-ozone/integration-test/target/test-dir/MiniOzoneClusterImpl-1b284452-a46a-4ca0-a40f-7c87425d7399/datanode-2/data/ratis/a3896473-9433-42a5-ae19-93b5b54a08f6/sm/snapshot.1_14 time:18
2019-10-02 07:57:36,863 [ce132960-38ca-4eb2-a2a4-e2a76adf71a1@group-93B5B54A08F6-StateMachineUpdater] INFO  impl.StateMachineUpdater (StateMachineUpdater.java:takeSnapshot(269)) - ce132960-38ca-4eb2-a2a4-e2a76adf71a1@group-93B5B54A08F6-StateMachineUpdater: Took a snapshot at index 14
2019-10-02 07:57:36,863 [cc91f4db-3be8-4cd0-9ec5-474e4fe6b7d6@group-C7944A13F649-StateMachineUpdater] INFO  impl.StateMachineUpdater (StateMachineUpdater.java:takeSnapshot(269)) - cc91f4db-3be8-4cd0-9ec5-474e4fe6b7d6@group-C7944A13F649-StateMachineUpdater: Took a snapshot at index 16
2019-10-02 07:57:36,863 [ce132960-38ca-4eb2-a2a4-e2a76adf71a1@group-93B5B54A08F6-StateMachineUpdater] INFO  impl.StateMachineUpdater (StateMachineUpdater.java:lambda$new$0(84)) - ce132960-38ca-4eb2-a2a4-e2a76adf71a1@group-93B5B54A08F6-StateMachineUpdater: snapshotIndex: updateIncreasingly -1 -> 14
2019-10-02 07:57:36,863 [cc91f4db-3be8-4cd0-9ec5-474e4fe6b7d6@group-C7944A13F649-StateMachineUpdater] INFO  impl.StateMachineUpdater (StateMachineUpdater.java:lambda$new$0(84)) - cc91f4db-3be8-4cd0-9ec5-474e4fe6b7d6@group-C7944A13F649-StateMachineUpdater: snapshotIndex: updateIncreasingly -1 -> 16
2019-10-02 07:57:36,863 [cc91f4db-3be8-4cd0-9ec5-474e4fe6b7d6@group-C7944A13F649-StateMachineUpdater] INFO  ratis.ContainerStateMachine (ContainerStateMachine.java:takeSnapshot(293)) - group-C7944A13F649: Taking a snapshot at:(t:1, i:16) file /workdir/hadoop-ozone/integration-test/target/test-dir/MiniOzoneClusterImpl-1b284452-a46a-4ca0-a40f-7c87425d7399/datanode-3/data/ratis/b3544fa9-f301-4f50-8a8d-c7944a13f649/sm/snapshot.1_16
2019-10-02 07:57:36,863 [ce132960-38ca-4eb2-a2a4-e2a76adf71a1@group-93B5B54A08F6-StateMachineUpdater] INFO  ratis.ContainerStateMachine (ContainerStateMachine.java:takeSnapshot(293)) - group-93B5B54A08F6: Taking a snapshot at:(t:1, i:14) file /workdir/hadoop-ozone/integration-test/target/test-dir/MiniOzoneClusterImpl-1b284452-a46a-4ca0-a40f-7c87425d7399/datanode-2/data/ratis/a3896473-9433-42a5-ae19-93b5b54a08f6/sm/snapshot.1_14
2019-10-02 07:57:36,877 [cc91f4db-3be8-4cd0-9ec5-474e4fe6b7d6@group-C7944A13F649-StateMachineUpdater] INFO  ratis.ContainerStateMachine (ContainerStateMachine.java:takeSnapshot(304)) - group-C7944A13F649: Finished taking a snapshot at:(t:1, i:16) file:/workdir/hadoop-ozone/integration-test/target/test-dir/MiniOzoneClusterImpl-1b284452-a46a-4ca0-a40f-7c87425d7399/datanode-3/data/ratis/b3544fa9-f301-4f50-8a8d-c7944a13f649/sm/snapshot.1_16 time:13
2019-10-02 07:57:36,877 [ce132960-38ca-4eb2-a2a4-e2a76adf71a1@group-93B5B54A08F6-StateMachineUpdater] INFO  ratis.ContainerStateMachine (ContainerStateMachine.java:takeSnapshot(304)) - group-93B5B54A08F6: Finished taking a snapshot at:(t:1, i:14) file:/workdir/hadoop-ozone/integration-test/target/test-dir/MiniOzoneClusterImpl-1b284452-a46a-4ca0-a40f-7c87425d7399/datanode-2/data/ratis/a3896473-9433-42a5-ae19-93b5b54a08f6/sm/snapshot.1_14 time:13
2019-10-02 07:57:36,877 [cc91f4db-3be8-4cd0-9ec5-474e4fe6b7d6@group-C7944A13F649-StateMachineUpdater] INFO  impl.StateMachineUpdater (StateMachineUpdater.java:takeSnapshot(269)) - cc91f4db-3be8-4cd0-9ec5-474e4fe6b7d6@group-C7944A13F649-StateMachineUpdater: Took a snapshot at index 16
2019-10-02 07:57:36,877 [cc91f4db-3be8-4cd0-9ec5-474e4fe6b7d6@group-C7944A13F649-StateMachineUpdater] INFO  impl.StateMachineUpdater (StateMachineUpdater.java:lambda$new$0(84)) - cc91f4db-3be8-4cd0-9ec5-474e4fe6b7d6@group-C7944A13F649-StateMachineUpdater: snapshotIndex: updateIncreasingly 16 -> 16
2019-10-02 07:57:36,877 [ce132960-38ca-4eb2-a2a4-e2a76adf71a1@group-93B5B54A08F6-StateMachineUpdater] INFO  impl.StateMachineUpdater (StateMachineUpdater.java:takeSnapshot(269)) - ce132960-38ca-4eb2-a2a4-e2a76adf71a1@group-93B5B54A08F6-StateMachineUpdater: Took a snapshot at index 14
2019-10-02 07:57:36,877 [ce132960-38ca-4eb2-a2a4-e2a76adf71a1@group-93B5B54A08F6-StateMachineUpdater] INFO  impl.StateMachineUpdater (StateMachineUpdater.java:lambda$new$0(84)) - ce132960-38ca-4eb2-a2a4-e2a76adf71a1@group-93B5B54A08F6-StateMachineUpdater: snapshotIndex: updateIncreasingly 14 -> 14
2019-10-02 07:57:36,877 [main] INFO  impl.RaftServerImpl (ServerState.java:close(387)) - cc91f4db-3be8-4cd0-9ec5-474e4fe6b7d6@group-C7944A13F649: closes. applyIndex: 17
2019-10-02 07:57:36,877 [ForkJoinPool.commonPool-worker-1] INFO  impl.RaftServerImpl (ServerState.java:close(387)) - ce132960-38ca-4eb2-a2a4-e2a76adf71a1@group-93B5B54A08F6: closes. applyIndex: 18
2019-10-02 07:57:36,878 [cc91f4db-3be8-4cd0-9ec5-474e4fe6b7d6@group-C7944A13F649-SegmentedRaftLogWorker] INFO  segmented.SegmentedRaftLogWorker (SegmentedRaftLogWorker.java:run(316)) - cc91f4db-3be8-4cd0-9ec5-474e4fe6b7d6@group-C7944A13F649-SegmentedRaftLogWorker was interrupted, exiting. There are 0 tasks remaining in the queue.
2019-10-02 07:57:36,878 [ce132960-38ca-4eb2-a2a4-e2a76adf71a1@group-93B5B54A08F6-SegmentedRaftLogWorker] INFO  segmented.SegmentedRaftLogWorker (SegmentedRaftLogWorker.java:run(316)) - ce132960-38ca-4eb2-a2a4-e2a76adf71a1@group-93B5B54A08F6-SegmentedRaftLogWorker was interrupted, exiting. There are 0 tasks remaining in the queue.
2019-10-02 07:57:36,881 [main] INFO  segmented.SegmentedRaftLogWorker (SegmentedRaftLogWorker.java:close(224)) - cc91f4db-3be8-4cd0-9ec5-474e4fe6b7d6@group-C7944A13F649-SegmentedRaftLogWorker close()
2019-10-02 07:57:36,883 [ForkJoinPool.commonPool-worker-1] INFO  segmented.SegmentedRaftLogWorker (SegmentedRaftLogWorker.java:close(224)) - ce132960-38ca-4eb2-a2a4-e2a76adf71a1@group-93B5B54A08F6-SegmentedRaftLogWorker close()
2019-10-02 07:57:36,888 [main] INFO  server.GrpcService (GrpcService.java:closeImpl(164)) - cc91f4db-3be8-4cd0-9ec5-474e4fe6b7d6: shutdown server with port 41477 now
2019-10-02 07:57:36,892 [ForkJoinPool.commonPool-worker-1] INFO  server.GrpcService (GrpcService.java:closeImpl(164)) - ce132960-38ca-4eb2-a2a4-e2a76adf71a1: shutdown server with port 37079 now
2019-10-02 07:57:36,893 [ForkJoinPool.commonPool-worker-1] INFO  server.GrpcService (GrpcService.java:closeImpl(172)) - ce132960-38ca-4eb2-a2a4-e2a76adf71a1: shutdown server with port 37079 successfully
2019-10-02 07:57:36,894 [main] INFO  server.GrpcService (GrpcService.java:closeImpl(172)) - cc91f4db-3be8-4cd0-9ec5-474e4fe6b7d6: shutdown server with port 41477 successfully
2019-10-02 07:57:36,894 [grpc-default-executor-8] WARN  server.GrpcServerProtocolService (LogUtils.java:warn(134)) - cc91f4db-3be8-4cd0-9ec5-474e4fe6b7d6: installSnapshot onError, lastRequest: e6be78b6-b565-477b-bb8f-df1e8b94e3c2->cc91f4db-3be8-4cd0-9ec5-474e4fe6b7d6#27-t1, previous=(t:1, i:17), leaderCommit=17, initializing? false, entries: <empty>: org.apache.ratis.thirdparty.io.grpc.StatusRuntimeException: CANCELLED: cancelled before receiving half close
2019-10-02 07:57:36,895 [grpc-default-executor-6] WARN  server.GrpcLogAppender (LogUtils.java:warn(134)) - e6be78b6-b565-477b-bb8f-df1e8b94e3c2@group-C7944A13F649->cc91f4db-3be8-4cd0-9ec5-474e4fe6b7d6-AppendLogResponseHandler: Failed appendEntries: org.apache.ratis.thirdparty.io.grpc.StatusRuntimeException: CANCELLED: HTTP/2 error code: CANCEL
Received Rst Stream
2019-10-02 07:57:36,896 [refreshUsed-/workdir/hadoop-ozone/integration-test/target/test-dir/MiniOzoneClusterImpl-1b284452-a46a-4ca0-a40f-7c87425d7399/datanode-2/data/containers] WARN  fs.CachingGetSpaceUsed (CachingGetSpaceUsed.java:run(183)) - Thread Interrupted waiting to refresh disk information: sleep interrupted
2019-10-02 07:57:36,896 [grpc-default-executor-6] INFO  impl.FollowerInfo (FollowerInfo.java:lambda$new$0(51)) - e6be78b6-b565-477b-bb8f-df1e8b94e3c2@group-C7944A13F649->cc91f4db-3be8-4cd0-9ec5-474e4fe6b7d6: nextIndex: updateUnconditionally 18 -> 17
2019-10-02 07:57:36,900 [refreshUsed-/workdir/hadoop-ozone/integration-test/target/test-dir/MiniOzoneClusterImpl-1b284452-a46a-4ca0-a40f-7c87425d7399/datanode-3/data/containers] WARN  fs.CachingGetSpaceUsed (CachingGetSpaceUsed.java:run(183)) - Thread Interrupted waiting to refresh disk information: sleep interrupted
2019-10-02 07:57:36,915 [main] INFO  utils.BackgroundService (BackgroundService.java:shutdown(148)) - Shutting down service BlockDeletingService
2019-10-02 07:57:36,919 [main] INFO  statemachine.DatanodeStateMachine (DatanodeStateMachine.java:stopDaemon(395)) - Ozone container server stopped.
2019-10-02 07:57:36,920 [ForkJoinPool.commonPool-worker-1] INFO  utils.BackgroundService (BackgroundService.java:shutdown(148)) - Shutting down service BlockDeletingService
2019-10-02 07:57:36,920 [main] INFO  handler.ContextHandler (ContextHandler.java:doStop(910)) - Stopped o.e.j.w.WebAppContext@ca7e37f{/,null,UNAVAILABLE}{/hddsDatanode}
2019-10-02 07:57:36,924 [ForkJoinPool.commonPool-worker-1] INFO  statemachine.DatanodeStateMachine (DatanodeStateMachine.java:stopDaemon(395)) - Ozone container server stopped.
2019-10-02 07:57:36,927 [main] INFO  server.AbstractConnector (AbstractConnector.java:doStop(318)) - Stopped ServerConnector@99a8de3{HTTP/1.1,[http/1.1]}{0.0.0.0:0}
2019-10-02 07:57:36,928 [main] INFO  handler.ContextHandler (ContextHandler.java:doStop(910)) - Stopped o.e.j.s.ServletContextHandler@e3899fd{/static,jar:file:/home/user/.m2/repository/org/apache/hadoop/hadoop-hdds-container-service/0.5.0-SNAPSHOT/hadoop-hdds-container-service-0.5.0-SNAPSHOT.jar!/webapps/static,UNAVAILABLE}
2019-10-02 07:57:36,930 [ForkJoinPool.commonPool-worker-1] INFO  handler.ContextHandler (ContextHandler.java:doStop(910)) - Stopped o.e.j.w.WebAppContext@5e193ef5{/,null,UNAVAILABLE}{/hddsDatanode}
2019-10-02 07:57:36,930 [main] INFO  handler.ContextHandler (ContextHandler.java:doStop(910)) - Stopped o.e.j.s.ServletContextHandler@2ce524d2{/logs,file:///workdir/hadoop-ozone/integration-test/target/log,UNAVAILABLE}
2019-10-02 07:57:36,930 [ForkJoinPool.commonPool-worker-1] INFO  server.AbstractConnector (AbstractConnector.java:doStop(318)) - Stopped ServerConnector@106c988{HTTP/1.1,[http/1.1]}{0.0.0.0:0}
2019-10-02 07:57:36,933 [ForkJoinPool.commonPool-worker-1] INFO  handler.ContextHandler (ContextHandler.java:doStop(910)) - Stopped o.e.j.s.ServletContextHandler@78c74647{/static,jar:file:/home/user/.m2/repository/org/apache/hadoop/hadoop-hdds-container-service/0.5.0-SNAPSHOT/hadoop-hdds-container-service-0.5.0-SNAPSHOT.jar!/webapps/static,UNAVAILABLE}
2019-10-02 07:57:36,934 [ForkJoinPool.commonPool-worker-1] INFO  handler.ContextHandler (ContextHandler.java:doStop(910)) - Stopped o.e.j.s.ServletContextHandler@477523ba{/logs,file:///workdir/hadoop-ozone/integration-test/target/log,UNAVAILABLE}
2019-10-02 07:57:37,330 [Datanode State Machine Thread - 0] INFO  statemachine.DatanodeStateMachine (DatanodeStateMachine.java:lambda$startDaemon$0(350)) - Ozone container server started.
2019-10-02 07:57:37,497 [Datanode State Machine Thread - 0] INFO  statemachine.DatanodeStateMachine (DatanodeStateMachine.java:lambda$startDaemon$0(350)) - Ozone container server started.
2019-10-02 07:57:38,484 [grpc-default-executor-8] WARN  server.GrpcLogAppender (LogUtils.java:warn(134)) - e6be78b6-b565-477b-bb8f-df1e8b94e3c2@group-C7944A13F649->53443156-7e0a-453a-97cc-f5ce78912da9-AppendLogResponseHandler: Failed appendEntries: org.apache.ratis.thirdparty.io.grpc.StatusRuntimeException: UNAVAILABLE: io exception
2019-10-02 07:57:38,484 [grpc-default-executor-8] INFO  impl.FollowerInfo (FollowerInfo.java:lambda$new$0(51)) - e6be78b6-b565-477b-bb8f-df1e8b94e3c2@group-C7944A13F649->53443156-7e0a-453a-97cc-f5ce78912da9: nextIndex: updateUnconditionally 14 -> 13
2019-10-02 07:57:38,485 [grpc-default-executor-8] WARN  server.GrpcLogAppender (LogUtils.java:warn(134)) - e6be78b6-b565-477b-bb8f-df1e8b94e3c2@group-C7944A13F649->cc91f4db-3be8-4cd0-9ec5-474e4fe6b7d6-AppendLogResponseHandler: Failed appendEntries: org.apache.ratis.thirdparty.io.grpc.StatusRuntimeException: UNAVAILABLE: io exception
2019-10-02 07:57:38,486 [grpc-default-executor-8] INFO  impl.FollowerInfo (FollowerInfo.java:lambda$new$0(51)) - e6be78b6-b565-477b-bb8f-df1e8b94e3c2@group-C7944A13F649->cc91f4db-3be8-4cd0-9ec5-474e4fe6b7d6: nextIndex: updateUnconditionally 17 -> 16
2019-10-02 07:57:40,985 [grpc-default-executor-7] WARN  server.GrpcLogAppender (LogUtils.java:warn(134)) - e6be78b6-b565-477b-bb8f-df1e8b94e3c2@group-C7944A13F649->53443156-7e0a-453a-97cc-f5ce78912da9-AppendLogResponseHandler: Failed appendEntries: org.apache.ratis.thirdparty.io.grpc.StatusRuntimeException: UNAVAILABLE: io exception
2019-10-02 07:57:40,986 [grpc-default-executor-8] WARN  server.GrpcLogAppender (LogUtils.java:warn(134)) - e6be78b6-b565-477b-bb8f-df1e8b94e3c2@group-C7944A13F649->cc91f4db-3be8-4cd0-9ec5-474e4fe6b7d6-AppendLogResponseHandler: Failed appendEntries: org.apache.ratis.thirdparty.io.grpc.StatusRuntimeException: UNAVAILABLE: io exception
2019-10-02 07:57:40,986 [grpc-default-executor-7] INFO  impl.FollowerInfo (FollowerInfo.java:lambda$new$0(51)) - e6be78b6-b565-477b-bb8f-df1e8b94e3c2@group-C7944A13F649->53443156-7e0a-453a-97cc-f5ce78912da9: nextIndex: updateUnconditionally 13 -> 12
2019-10-02 07:57:40,986 [grpc-default-executor-8] INFO  impl.FollowerInfo (FollowerInfo.java:lambda$new$0(51)) - e6be78b6-b565-477b-bb8f-df1e8b94e3c2@group-C7944A13F649->cc91f4db-3be8-4cd0-9ec5-474e4fe6b7d6: nextIndex: updateUnconditionally 16 -> 15
2019-10-02 07:57:41,355 [EventQueue-StaleNodeForStaleNodeHandler] INFO  node.StaleNodeHandler (StaleNodeHandler.java:onMessage(58)) - Datanode a8a9f66e-aed9-421a-8732-07051f70b119{ip: 192.168.164.211, host: pr-hdds-2227-gdpr-vz6hn-2718222164, networkLocation: /default-rack, certSerialId: null} moved to stale state. Finalizing its pipelines [PipelineID=4ee7e812-5815-4e41-b521-5a60be45c388]
2019-10-02 07:57:41,356 [EventQueue-StaleNodeForStaleNodeHandler] INFO  pipeline.SCMPipelineManager (SCMPipelineManager.java:finalizeAndDestroyPipeline(315)) - destroying pipeline:Pipeline[ Id: 4ee7e812-5815-4e41-b521-5a60be45c388, Nodes: a8a9f66e-aed9-421a-8732-07051f70b119{ip: 192.168.164.211, host: pr-hdds-2227-gdpr-vz6hn-2718222164, networkLocation: /default-rack, certSerialId: null}, Type:RATIS, Factor:ONE, State:OPEN]
2019-10-02 07:57:41,356 [EventQueue-StaleNodeForStaleNodeHandler] INFO  pipeline.PipelineStateManager (PipelineStateManager.java:finalizePipeline(123)) - Pipeline Pipeline[ Id: 4ee7e812-5815-4e41-b521-5a60be45c388, Nodes: a8a9f66e-aed9-421a-8732-07051f70b119{ip: 192.168.164.211, host: pr-hdds-2227-gdpr-vz6hn-2718222164, networkLocation: /default-rack, certSerialId: null}, Type:RATIS, Factor:ONE, State:CLOSED] moved to CLOSED state
2019-10-02 07:57:41,555 [EventQueue-StaleNodeForStaleNodeHandler] INFO  node.StaleNodeHandler (StaleNodeHandler.java:onMessage(58)) - Datanode e6be78b6-b565-477b-bb8f-df1e8b94e3c2{ip: 192.168.164.211, host: pr-hdds-2227-gdpr-vz6hn-2718222164, networkLocation: /default-rack, certSerialId: null} moved to stale state. Finalizing its pipelines [PipelineID=90676608-625d-4300-a1a1-e1d5f6661bc0, PipelineID=b3544fa9-f301-4f50-8a8d-c7944a13f649]
2019-10-02 07:57:41,556 [EventQueue-StaleNodeForStaleNodeHandler] INFO  pipeline.SCMPipelineManager (SCMPipelineManager.java:finalizeAndDestroyPipeline(315)) - destroying pipeline:Pipeline[ Id: 90676608-625d-4300-a1a1-e1d5f6661bc0, Nodes: e6be78b6-b565-477b-bb8f-df1e8b94e3c2{ip: 192.168.164.211, host: pr-hdds-2227-gdpr-vz6hn-2718222164, networkLocation: /default-rack, certSerialId: null}, Type:RATIS, Factor:ONE, State:OPEN]
2019-10-02 07:57:41,556 [EventQueue-StaleNodeForStaleNodeHandler] INFO  pipeline.PipelineStateManager (PipelineStateManager.java:finalizePipeline(123)) - Pipeline Pipeline[ Id: 90676608-625d-4300-a1a1-e1d5f6661bc0, Nodes: e6be78b6-b565-477b-bb8f-df1e8b94e3c2{ip: 192.168.164.211, host: pr-hdds-2227-gdpr-vz6hn-2718222164, networkLocation: /default-rack, certSerialId: null}, Type:RATIS, Factor:ONE, State:CLOSED] moved to CLOSED state
2019-10-02 07:57:41,556 [EventQueue-StaleNodeForStaleNodeHandler] INFO  pipeline.SCMPipelineManager (SCMPipelineManager.java:finalizeAndDestroyPipeline(315)) - destroying pipeline:Pipeline[ Id: b3544fa9-f301-4f50-8a8d-c7944a13f649, Nodes: e6be78b6-b565-477b-bb8f-df1e8b94e3c2{ip: 192.168.164.211, host: pr-hdds-2227-gdpr-vz6hn-2718222164, networkLocation: /default-rack, certSerialId: null}53443156-7e0a-453a-97cc-f5ce78912da9{ip: 192.168.164.211, host: pr-hdds-2227-gdpr-vz6hn-2718222164, networkLocation: /default-rack, certSerialId: null}cc91f4db-3be8-4cd0-9ec5-474e4fe6b7d6{ip: 192.168.164.211, host: pr-hdds-2227-gdpr-vz6hn-2718222164, networkLocation: /default-rack, certSerialId: null}, Type:RATIS, Factor:THREE, State:CLOSED]
2019-10-02 07:57:41,934 [main] INFO  ozoneimpl.OzoneContainer (OzoneContainer.java:stop(231)) - Attempting to stop container services.
2019-10-02 07:57:41,935 [main] INFO  impl.RaftServerProxy (RaftServerProxy.java:lambda$close$4(314)) - e6be78b6-b565-477b-bb8f-df1e8b94e3c2: close
2019-10-02 07:57:41,935 [main] INFO  impl.RaftServerImpl (RaftServerImpl.java:lambda$shutdown$3(247)) - e6be78b6-b565-477b-bb8f-df1e8b94e3c2@group-E1D5F6661BC0: shutdown
2019-10-02 07:57:41,936 [main] INFO  util.JmxRegister (JmxRegister.java:unregister(73)) - Successfully un-registered JMX Bean with object name Ratis:service=RaftServer,group=group-E1D5F6661BC0,id=e6be78b6-b565-477b-bb8f-df1e8b94e3c2
2019-10-02 07:57:41,936 [ForkJoinPool.commonPool-worker-1] INFO  ozoneimpl.OzoneContainer (OzoneContainer.java:stop(231)) - Attempting to stop container services.
2019-10-02 07:57:41,936 [main] INFO  impl.RoleInfo (RoleInfo.java:shutdownLeaderState(104)) - e6be78b6-b565-477b-bb8f-df1e8b94e3c2: shutdown LeaderState
2019-10-02 07:57:41,939 [ForkJoinPool.commonPool-worker-1] INFO  impl.RaftServerProxy (RaftServerProxy.java:lambda$close$4(314)) - a8a9f66e-aed9-421a-8732-07051f70b119: close
2019-10-02 07:57:41,939 [main] INFO  impl.PendingRequests (PendingRequests.java:sendNotLeaderResponses(202)) - e6be78b6-b565-477b-bb8f-df1e8b94e3c2@group-E1D5F6661BC0-PendingRequests: sendNotLeaderResponses
2019-10-02 07:57:41,939 [ForkJoinPool.commonPool-worker-1] INFO  impl.RaftServerImpl (RaftServerImpl.java:lambda$shutdown$3(247)) - a8a9f66e-aed9-421a-8732-07051f70b119@group-5A60BE45C388: shutdown
2019-10-02 07:57:41,940 [main] INFO  impl.StateMachineUpdater (StateMachineUpdater.java:stopAndJoin(136)) - e6be78b6-b565-477b-bb8f-df1e8b94e3c2@group-E1D5F6661BC0-StateMachineUpdater: set stopIndex = 0
2019-10-02 07:57:41,941 [ForkJoinPool.commonPool-worker-1] INFO  util.JmxRegister (JmxRegister.java:unregister(73)) - Successfully un-registered JMX Bean with object name Ratis:service=RaftServer,group=group-5A60BE45C388,id=a8a9f66e-aed9-421a-8732-07051f70b119
2019-10-02 07:57:41,941 [main] INFO  impl.RaftServerImpl (ServerState.java:close(387)) - e6be78b6-b565-477b-bb8f-df1e8b94e3c2@group-E1D5F6661BC0: closes. applyIndex: 0
2019-10-02 07:57:41,941 [ForkJoinPool.commonPool-worker-1] INFO  impl.RoleInfo (RoleInfo.java:shutdownLeaderState(104)) - a8a9f66e-aed9-421a-8732-07051f70b119: shutdown LeaderState
2019-10-02 07:57:41,942 [e6be78b6-b565-477b-bb8f-df1e8b94e3c2@group-E1D5F6661BC0-SegmentedRaftLogWorker] INFO  segmented.SegmentedRaftLogWorker (SegmentedRaftLogWorker.java:run(316)) - e6be78b6-b565-477b-bb8f-df1e8b94e3c2@group-E1D5F6661BC0-SegmentedRaftLogWorker was interrupted, exiting. There are 0 tasks remaining in the queue.
2019-10-02 07:57:41,942 [ForkJoinPool.commonPool-worker-1] INFO  impl.PendingRequests (PendingRequests.java:sendNotLeaderResponses(202)) - a8a9f66e-aed9-421a-8732-07051f70b119@group-5A60BE45C388-PendingRequests: sendNotLeaderResponses
2019-10-02 07:57:41,943 [main] INFO  segmented.SegmentedRaftLogWorker (SegmentedRaftLogWorker.java:close(224)) - e6be78b6-b565-477b-bb8f-df1e8b94e3c2@group-E1D5F6661BC0-SegmentedRaftLogWorker close()
2019-10-02 07:57:41,943 [ForkJoinPool.commonPool-worker-1] INFO  impl.StateMachineUpdater (StateMachineUpdater.java:stopAndJoin(136)) - a8a9f66e-aed9-421a-8732-07051f70b119@group-5A60BE45C388-StateMachineUpdater: set stopIndex = 0
2019-10-02 07:57:41,947 [main] INFO  impl.RaftServerImpl (RaftServerImpl.java:lambda$shutdown$3(247)) - e6be78b6-b565-477b-bb8f-df1e8b94e3c2@group-C7944A13F649: shutdown
2019-10-02 07:57:41,947 [ForkJoinPool.commonPool-worker-1] INFO  impl.RaftServerImpl (ServerState.java:close(387)) - a8a9f66e-aed9-421a-8732-07051f70b119@group-5A60BE45C388: closes. applyIndex: 0
2019-10-02 07:57:41,947 [main] INFO  util.JmxRegister (JmxRegister.java:unregister(73)) - Successfully un-registered JMX Bean with object name Ratis:service=RaftServer,group=group-C7944A13F649,id=e6be78b6-b565-477b-bb8f-df1e8b94e3c2
2019-10-02 07:57:41,948 [a8a9f66e-aed9-421a-8732-07051f70b119@group-5A60BE45C388-SegmentedRaftLogWorker] INFO  segmented.SegmentedRaftLogWorker (SegmentedRaftLogWorker.java:run(316)) - a8a9f66e-aed9-421a-8732-07051f70b119@group-5A60BE45C388-SegmentedRaftLogWorker was interrupted, exiting. There are 0 tasks remaining in the queue.
2019-10-02 07:57:41,948 [main] INFO  impl.RoleInfo (RoleInfo.java:shutdownLeaderState(104)) - e6be78b6-b565-477b-bb8f-df1e8b94e3c2: shutdown LeaderState
2019-10-02 07:57:41,949 [ForkJoinPool.commonPool-worker-1] INFO  segmented.SegmentedRaftLogWorker (SegmentedRaftLogWorker.java:close(224)) - a8a9f66e-aed9-421a-8732-07051f70b119@group-5A60BE45C388-SegmentedRaftLogWorker close()
2019-10-02 07:57:41,952 [org.apache.ratis.server.impl.LogAppender$AppenderDaemon$$Lambda$516/812517202@5e00a04c] WARN  server.GrpcLogAppender (GrpcLogAppender.java:mayWait(143)) - e6be78b6-b565-477b-bb8f-df1e8b94e3c2@group-C7944A13F649->cc91f4db-3be8-4cd0-9ec5-474e4fe6b7d6-GrpcLogAppender: Wait interrupted by java.lang.InterruptedException
2019-10-02 07:57:41,952 [org.apache.ratis.server.impl.LogAppender$AppenderDaemon$$Lambda$516/812517202@1d88e632] WARN  server.GrpcLogAppender (GrpcLogAppender.java:mayWait(143)) - e6be78b6-b565-477b-bb8f-df1e8b94e3c2@group-C7944A13F649->53443156-7e0a-453a-97cc-f5ce78912da9-GrpcLogAppender: Wait interrupted by java.lang.InterruptedException
2019-10-02 07:57:41,952 [main] INFO  impl.PendingRequests (PendingRequests.java:sendNotLeaderResponses(202)) - e6be78b6-b565-477b-bb8f-df1e8b94e3c2@group-C7944A13F649-PendingRequests: sendNotLeaderResponses
2019-10-02 07:57:41,962 [ForkJoinPool.commonPool-worker-1] INFO  server.GrpcService (GrpcService.java:closeImpl(164)) - a8a9f66e-aed9-421a-8732-07051f70b119: shutdown server with port 39667 now
2019-10-02 07:57:41,969 [ForkJoinPool.commonPool-worker-1] INFO  server.GrpcService (GrpcService.java:closeImpl(172)) - a8a9f66e-aed9-421a-8732-07051f70b119: shutdown server with port 39667 successfully
2019-10-02 07:57:41,969 [main] INFO  impl.StateMachineUpdater (StateMachineUpdater.java:stopAndJoin(136)) - e6be78b6-b565-477b-bb8f-df1e8b94e3c2@group-C7944A13F649-StateMachineUpdater: set stopIndex = 17
2019-10-02 07:57:41,969 [e6be78b6-b565-477b-bb8f-df1e8b94e3c2@group-C7944A13F649-StateMachineUpdater] INFO  ratis.ContainerStateMachine (ContainerStateMachine.java:takeSnapshot(293)) - group-C7944A13F649: Taking a snapshot at:(t:1, i:17) file /workdir/hadoop-ozone/integration-test/target/test-dir/MiniOzoneClusterImpl-1b284452-a46a-4ca0-a40f-7c87425d7399/datanode-6/data/ratis/b3544fa9-f301-4f50-8a8d-c7944a13f649/sm/snapshot.1_17
2019-10-02 07:57:41,974 [refreshUsed-/workdir/hadoop-ozone/integration-test/target/test-dir/MiniOzoneClusterImpl-1b284452-a46a-4ca0-a40f-7c87425d7399/datanode-5/data/containers] WARN  fs.CachingGetSpaceUsed (CachingGetSpaceUsed.java:run(183)) - Thread Interrupted waiting to refresh disk information: sleep interrupted
2019-10-02 07:57:41,986 [e6be78b6-b565-477b-bb8f-df1e8b94e3c2@group-C7944A13F649-StateMachineUpdater] INFO  ratis.ContainerStateMachine (ContainerStateMachine.java:takeSnapshot(304)) - group-C7944A13F649: Finished taking a snapshot at:(t:1, i:17) file:/workdir/hadoop-ozone/integration-test/target/test-dir/MiniOzoneClusterImpl-1b284452-a46a-4ca0-a40f-7c87425d7399/datanode-6/data/ratis/b3544fa9-f301-4f50-8a8d-c7944a13f649/sm/snapshot.1_17 time:17
2019-10-02 07:57:41,986 [e6be78b6-b565-477b-bb8f-df1e8b94e3c2@group-C7944A13F649-StateMachineUpdater] INFO  impl.StateMachineUpdater (StateMachineUpdater.java:takeSnapshot(269)) - e6be78b6-b565-477b-bb8f-df1e8b94e3c2@group-C7944A13F649-StateMachineUpdater: Took a snapshot at index 17
2019-10-02 07:57:41,987 [e6be78b6-b565-477b-bb8f-df1e8b94e3c2@group-C7944A13F649-StateMachineUpdater] INFO  impl.StateMachineUpdater (StateMachineUpdater.java:lambda$new$0(84)) - e6be78b6-b565-477b-bb8f-df1e8b94e3c2@group-C7944A13F649-StateMachineUpdater: snapshotIndex: updateIncreasingly -1 -> 17
2019-10-02 07:57:41,987 [main] INFO  impl.RaftServerImpl (ServerState.java:close(387)) - e6be78b6-b565-477b-bb8f-df1e8b94e3c2@group-C7944A13F649: closes. applyIndex: 17
2019-10-02 07:57:41,987 [ForkJoinPool.commonPool-worker-1] INFO  utils.BackgroundService (BackgroundService.java:shutdown(148)) - Shutting down service BlockDeletingService
2019-10-02 07:57:41,988 [e6be78b6-b565-477b-bb8f-df1e8b94e3c2@group-C7944A13F649-SegmentedRaftLogWorker] INFO  segmented.SegmentedRaftLogWorker (SegmentedRaftLogWorker.java:run(316)) - e6be78b6-b565-477b-bb8f-df1e8b94e3c2@group-C7944A13F649-SegmentedRaftLogWorker was interrupted, exiting. There are 0 tasks remaining in the queue.
2019-10-02 07:57:41,990 [main] INFO  segmented.SegmentedRaftLogWorker (SegmentedRaftLogWorker.java:close(224)) - e6be78b6-b565-477b-bb8f-df1e8b94e3c2@group-C7944A13F649-SegmentedRaftLogWorker close()
2019-10-02 07:57:41,991 [ForkJoinPool.commonPool-worker-1] INFO  statemachine.DatanodeStateMachine (DatanodeStateMachine.java:stopDaemon(395)) - Ozone container server stopped.
2019-10-02 07:57:41,992 [main] INFO  server.GrpcService (GrpcService.java:closeImpl(164)) - e6be78b6-b565-477b-bb8f-df1e8b94e3c2: shutdown server with port 33442 now
2019-10-02 07:57:41,996 [grpc-default-executor-7] WARN  client.GrpcClientProtocolService (LogUtils.java:warn(134)) - 1-UnorderedRequestStreamObserver1: onError: org.apache.ratis.thirdparty.io.grpc.StatusRuntimeException: CANCELLED: cancelled before receiving half close
2019-10-02 07:57:41,996 [main] INFO  server.GrpcService (GrpcService.java:closeImpl(172)) - e6be78b6-b565-477b-bb8f-df1e8b94e3c2: shutdown server with port 33442 successfully
2019-10-02 07:57:41,997 [ForkJoinPool.commonPool-worker-1] INFO  handler.ContextHandler (ContextHandler.java:doStop(910)) - Stopped o.e.j.w.WebAppContext@7cd5fcf4{/,null,UNAVAILABLE}{/hddsDatanode}
2019-10-02 07:57:41,998 [ForkJoinPool.commonPool-worker-1] INFO  server.AbstractConnector (AbstractConnector.java:doStop(318)) - Stopped ServerConnector@19cdc217{HTTP/1.1,[http/1.1]}{0.0.0.0:0}
2019-10-02 07:57:42,000 [ForkJoinPool.commonPool-worker-1] INFO  handler.ContextHandler (ContextHandler.java:doStop(910)) - Stopped o.e.j.s.ServletContextHandler@6d6cd1e0{/static,jar:file:/home/user/.m2/repository/org/apache/hadoop/hadoop-hdds-container-service/0.5.0-SNAPSHOT/hadoop-hdds-container-service-0.5.0-SNAPSHOT.jar!/webapps/static,UNAVAILABLE}
2019-10-02 07:57:42,001 [refreshUsed-/workdir/hadoop-ozone/integration-test/target/test-dir/MiniOzoneClusterImpl-1b284452-a46a-4ca0-a40f-7c87425d7399/datanode-6/data/containers] WARN  fs.CachingGetSpaceUsed (CachingGetSpaceUsed.java:run(183)) - Thread Interrupted waiting to refresh disk information: sleep interrupted
2019-10-02 07:57:42,004 [ForkJoinPool.commonPool-worker-1] INFO  handler.ContextHandler (ContextHandler.java:doStop(910)) - Stopped o.e.j.s.ServletContextHandler@6ce26986{/logs,file:///workdir/hadoop-ozone/integration-test/target/log,UNAVAILABLE}
2019-10-02 07:57:42,013 [main] INFO  utils.BackgroundService (BackgroundService.java:shutdown(148)) - Shutting down service BlockDeletingService
2019-10-02 07:57:42,016 [main] INFO  statemachine.DatanodeStateMachine (DatanodeStateMachine.java:stopDaemon(395)) - Ozone container server stopped.
2019-10-02 07:57:42,017 [main] INFO  handler.ContextHandler (ContextHandler.java:doStop(910)) - Stopped o.e.j.w.WebAppContext@2b0454d2{/,null,UNAVAILABLE}{/hddsDatanode}
2019-10-02 07:57:42,018 [main] INFO  server.AbstractConnector (AbstractConnector.java:doStop(318)) - Stopped ServerConnector@2616b618{HTTP/1.1,[http/1.1]}{0.0.0.0:0}
2019-10-02 07:57:42,019 [main] INFO  handler.ContextHandler (ContextHandler.java:doStop(910)) - Stopped o.e.j.s.ServletContextHandler@77c66a4f{/static,jar:file:/home/user/.m2/repository/org/apache/hadoop/hadoop-hdds-container-service/0.5.0-SNAPSHOT/hadoop-hdds-container-service-0.5.0-SNAPSHOT.jar!/webapps/static,UNAVAILABLE}
2019-10-02 07:57:42,019 [main] INFO  handler.ContextHandler (ContextHandler.java:doStop(910)) - Stopped o.e.j.s.ServletContextHandler@798cf6d2{/logs,file:///workdir/hadoop-ozone/integration-test/target/log,UNAVAILABLE}
2019-10-02 07:57:42,019 [main] INFO  ozone.MiniOzoneClusterImpl (MiniOzoneClusterImpl.java:stopSCM(392)) - Stopping the StorageContainerManager
2019-10-02 07:57:42,020 [main] INFO  server.StorageContainerManager (StorageContainerManager.java:stop(808)) - Stopping Replication Manager Service.
2019-10-02 07:57:42,020 [main] INFO  container.ReplicationManager (ReplicationManager.java:stop(203)) - Stopping Replication Monitor Thread.
2019-10-02 07:57:42,020 [main] INFO  server.StorageContainerManager (StorageContainerManager.java:stop(815)) - Stopping Lease Manager of the command watchers
2019-10-02 07:57:42,020 [main] INFO  server.StorageContainerManager (StorageContainerManager.java:stop(822)) - Stopping datanode service RPC server
2019-10-02 07:57:42,020 [main] INFO  server.SCMDatanodeProtocolServer (SCMDatanodeProtocolServer.java:stop(367)) - Stopping the RPC server for DataNodes
2019-10-02 07:57:42,020 [main] INFO  ipc.Server (Server.java:stop(3082)) - Stopping server on 33862
2019-10-02 07:57:42,022 [IPC Server listener on 33862] INFO  ipc.Server (Server.java:run(1185)) - Stopping IPC Server listener on 33862
2019-10-02 07:57:42,022 [IPC Server Responder] INFO  ipc.Server (Server.java:run(1319)) - Stopping IPC Server Responder
2019-10-02 07:57:42,062 [SCM Heartbeat Processing Thread - 0] WARN  node.NodeStateManager (NodeStateManager.java:scheduleNextHealthCheck(646)) - Current Thread is interrupted, shutting down HB processing thread for Node Manager.
2019-10-02 07:57:42,062 [main] INFO  server.StorageContainerManager (StorageContainerManager.java:stop(830)) - Stopping block service RPC server
2019-10-02 07:57:42,063 [main] INFO  server.SCMBlockProtocolServer (SCMBlockProtocolServer.java:stop(155)) - Stopping the RPC server for Block Protocol
2019-10-02 07:57:42,063 [main] INFO  ipc.Server (Server.java:stop(3082)) - Stopping server on 35865
2019-10-02 07:57:42,065 [IPC Server listener on 35865] INFO  ipc.Server (Server.java:run(1185)) - Stopping IPC Server listener on 35865
2019-10-02 07:57:42,065 [main] INFO  server.StorageContainerManager (StorageContainerManager.java:stop(837)) - Stopping the StorageContainerLocationProtocol RPC server
2019-10-02 07:57:42,065 [IPC Server Responder] INFO  ipc.Server (Server.java:run(1319)) - Stopping IPC Server Responder
2019-10-02 07:57:42,067 [main] INFO  server.SCMClientProtocolServer (SCMClientProtocolServer.java:stop(158)) - Stopping the RPC server for Client Protocol
2019-10-02 07:57:42,067 [main] INFO  ipc.Server (Server.java:stop(3082)) - Stopping server on 35511
2019-10-02 07:57:42,069 [IPC Server listener on 35511] INFO  ipc.Server (Server.java:run(1185)) - Stopping IPC Server listener on 35511
2019-10-02 07:57:42,069 [main] INFO  server.StorageContainerManager (StorageContainerManager.java:stop(844)) - Stopping Storage Container Manager HTTP server.
2019-10-02 07:57:42,071 [IPC Server Responder] INFO  ipc.Server (Server.java:run(1319)) - Stopping IPC Server Responder
2019-10-02 07:57:42,072 [main] INFO  handler.ContextHandler (ContextHandler.java:doStop(910)) - Stopped o.e.j.w.WebAppContext@7a0ab480{/,null,UNAVAILABLE}{/scm}
2019-10-02 07:57:42,072 [main] INFO  server.AbstractConnector (AbstractConnector.java:doStop(318)) - Stopped ServerConnector@79df80a4{HTTP/1.1,[http/1.1]}{0.0.0.0:0}
2019-10-02 07:57:42,072 [main] INFO  handler.ContextHandler (ContextHandler.java:doStop(910)) - Stopped o.e.j.s.ServletContextHandler@6222391a{/static,file:///workdir/hadoop-ozone/integration-test/target/test-classes/webapps/static,UNAVAILABLE}
2019-10-02 07:57:42,073 [main] INFO  handler.ContextHandler (ContextHandler.java:doStop(910)) - Stopped o.e.j.s.ServletContextHandler@45037e16{/logs,file:///workdir/hadoop-ozone/integration-test/target/log,UNAVAILABLE}
2019-10-02 07:57:42,073 [main] INFO  server.StorageContainerManager (StorageContainerManager.java:stop(855)) - Stopping Block Manager Service.
2019-10-02 07:57:42,073 [main] INFO  utils.BackgroundService (BackgroundService.java:shutdown(148)) - Shutting down service SCMBlockDeletingService
2019-10-02 07:57:42,074 [main] INFO  utils.BackgroundService (BackgroundService.java:shutdown(148)) - Shutting down service SCMBlockDeletingService
2019-10-02 07:57:42,074 [main] INFO  server.StorageContainerManager (StorageContainerManager.java:stop(877)) - Stopping SCM Event Queue.
2019-10-02 07:57:42,077 [main] INFO  impl.MetricsSystemImpl (MetricsSystemImpl.java:stop(210)) - Stopping HddsDatanode metrics system...
2019-10-02 07:57:42,107 [main] INFO  impl.MetricsSystemImpl (MetricsSystemImpl.java:stop(216)) - HddsDatanode metrics system stopped.
]]></system-out>
    <system-err><![CDATA[Oct 02, 2019 7:57:31 AM org.apache.ratis.thirdparty.io.grpc.internal.SerializingExecutor run
SEVERE: Exception while executing runnable org.apache.ratis.thirdparty.io.grpc.internal.ServerImpl$JumpToApplicationThreadServerStreamListener$1Closed@1fc2a2ab
org.apache.ratis.thirdparty.io.grpc.StatusRuntimeException: CANCELLED: call already cancelled
	at org.apache.ratis.thirdparty.io.grpc.Status.asRuntimeException(Status.java:517)
	at org.apache.ratis.thirdparty.io.grpc.stub.ServerCalls$ServerCallStreamObserverImpl.onCompleted(ServerCalls.java:356)
	at org.apache.ratis.grpc.server.GrpcServerProtocolService$ServerRequestStreamObserver.onError(GrpcServerProtocolService.java:121)
	at org.apache.ratis.thirdparty.io.grpc.stub.ServerCalls$StreamingServerCallHandler$StreamingServerCallListener.onCancel(ServerCalls.java:269)
	at org.apache.ratis.thirdparty.io.grpc.internal.ServerCallImpl$ServerStreamListenerImpl.closed(ServerCallImpl.java:293)
	at org.apache.ratis.thirdparty.io.grpc.internal.ServerImpl$JumpToApplicationThreadServerStreamListener$1Closed.runInContext(ServerImpl.java:741)
	at org.apache.ratis.thirdparty.io.grpc.internal.ContextRunnable.run(ContextRunnable.java:37)
	at org.apache.ratis.thirdparty.io.grpc.internal.SerializingExecutor.run(SerializingExecutor.java:123)
	at java.util.concurrent.ThreadPoolExecutor.runWorker(ThreadPoolExecutor.java:1149)
	at java.util.concurrent.ThreadPoolExecutor$Worker.run(ThreadPoolExecutor.java:624)
	at java.lang.Thread.run(Thread.java:748)

Oct 02, 2019 7:57:31 AM org.apache.ratis.thirdparty.io.grpc.internal.SerializingExecutor run
SEVERE: Exception while executing runnable org.apache.ratis.thirdparty.io.grpc.internal.ServerImpl$JumpToApplicationThreadServerStreamListener$1Closed@2e7f2850
org.apache.ratis.thirdparty.io.grpc.StatusRuntimeException: CANCELLED: call already cancelled
	at org.apache.ratis.thirdparty.io.grpc.Status.asRuntimeException(Status.java:517)
	at org.apache.ratis.thirdparty.io.grpc.stub.ServerCalls$ServerCallStreamObserverImpl.onCompleted(ServerCalls.java:356)
	at org.apache.ratis.grpc.server.GrpcServerProtocolService$ServerRequestStreamObserver.onError(GrpcServerProtocolService.java:121)
	at org.apache.ratis.thirdparty.io.grpc.stub.ServerCalls$StreamingServerCallHandler$StreamingServerCallListener.onCancel(ServerCalls.java:269)
	at org.apache.ratis.thirdparty.io.grpc.internal.ServerCallImpl$ServerStreamListenerImpl.closed(ServerCallImpl.java:293)
	at org.apache.ratis.thirdparty.io.grpc.internal.ServerImpl$JumpToApplicationThreadServerStreamListener$1Closed.runInContext(ServerImpl.java:741)
	at org.apache.ratis.thirdparty.io.grpc.internal.ContextRunnable.run(ContextRunnable.java:37)
	at org.apache.ratis.thirdparty.io.grpc.internal.SerializingExecutor.run(SerializingExecutor.java:123)
	at java.util.concurrent.ThreadPoolExecutor.runWorker(ThreadPoolExecutor.java:1149)
	at java.util.concurrent.ThreadPoolExecutor$Worker.run(ThreadPoolExecutor.java:624)
	at java.lang.Thread.run(Thread.java:748)

Oct 02, 2019 7:57:36 AM org.apache.ratis.thirdparty.io.grpc.internal.SerializingExecutor run
SEVERE: Exception while executing runnable org.apache.ratis.thirdparty.io.grpc.internal.ServerImpl$JumpToApplicationThreadServerStreamListener$1Closed@2e89b29
org.apache.ratis.thirdparty.io.grpc.StatusRuntimeException: CANCELLED: call already cancelled
	at org.apache.ratis.thirdparty.io.grpc.Status.asRuntimeException(Status.java:517)
	at org.apache.ratis.thirdparty.io.grpc.stub.ServerCalls$ServerCallStreamObserverImpl.onCompleted(ServerCalls.java:356)
	at org.apache.ratis.grpc.server.GrpcServerProtocolService$ServerRequestStreamObserver.onError(GrpcServerProtocolService.java:121)
	at org.apache.ratis.thirdparty.io.grpc.stub.ServerCalls$StreamingServerCallHandler$StreamingServerCallListener.onCancel(ServerCalls.java:269)
	at org.apache.ratis.thirdparty.io.grpc.internal.ServerCallImpl$ServerStreamListenerImpl.closed(ServerCallImpl.java:293)
	at org.apache.ratis.thirdparty.io.grpc.internal.ServerImpl$JumpToApplicationThreadServerStreamListener$1Closed.runInContext(ServerImpl.java:741)
	at org.apache.ratis.thirdparty.io.grpc.internal.ContextRunnable.run(ContextRunnable.java:37)
	at org.apache.ratis.thirdparty.io.grpc.internal.SerializingExecutor.run(SerializingExecutor.java:123)
	at java.util.concurrent.ThreadPoolExecutor.runWorker(ThreadPoolExecutor.java:1149)
	at java.util.concurrent.ThreadPoolExecutor$Worker.run(ThreadPoolExecutor.java:624)
	at java.lang.Thread.run(Thread.java:748)

]]></system-err>
  </testcase>
  <testcase name="testFailureWithPrimeSizedData" classname="org.apache.hadoop.ozone.client.rpc.TestBlockOutputStreamWithFailures" time="35.092"/>
  <testcase name="testWatchForCommitWithCloseContainerException" classname="org.apache.hadoop.ozone.client.rpc.TestBlockOutputStreamWithFailures" time="35.342"/>
  <testcase name="testExceptionDuringClose" classname="org.apache.hadoop.ozone.client.rpc.TestBlockOutputStreamWithFailures" time="34.037"/>
</testsuite>