<?xml version="1.0" encoding="UTF-8"?>
<testsuite xmlns:xsi="http://www.w3.org/2001/XMLSchema-instance" xsi:noNamespaceSchemaLocation="https://maven.apache.org/surefire/maven-surefire-plugin/xsd/surefire-test-report.xsd" name="org.apache.hadoop.ozone.client.rpc.TestCloseContainerHandlingByClient" time="60.937" tests="8" errors="0" skipped="1" failures="1">
  <properties>
    <property name="awt.toolkit" value="sun.awt.X11.XToolkit"/>
    <property name="file.encoding.pkg" value="sun.io"/>
    <property name="java.specification.version" value="1.8"/>
    <property name="sun.cpu.isalist" value=""/>
    <property name="sun.jnu.encoding" value="UTF-8"/>
    <property name="java.class.path" value="/workdir/hadoop-ozone/integration-test/target/test-classes:/workdir/hadoop-ozone/integration-test/target/classes:/home/user/.m2/repository/org/apache/hadoop/hadoop-ozone-common/0.5.0-SNAPSHOT/hadoop-ozone-common-0.5.0-SNAPSHOT.jar:/home/user/.m2/repository/org/apache/commons/commons-compress/1.4.1/commons-compress-1.4.1.jar:/home/user/.m2/repository/org/tukaani/xz/1.0/xz-1.0.jar:/home/user/.m2/repository/org/apache/hadoop/hadoop-common/3.2.0/hadoop-common-3.2.0.jar:/home/user/.m2/repository/org/apache/hadoop/hadoop-hdfs/3.2.0/hadoop-hdfs-3.2.0.jar:/home/user/.m2/repository/org/apache/hadoop/hadoop-hdfs-client/3.2.0/hadoop-hdfs-client-3.2.0.jar:/home/user/.m2/repository/com/fasterxml/jackson/core/jackson-annotations/2.9.9/jackson-annotations-2.9.9.jar:/home/user/.m2/repository/org/apache/hadoop/hadoop-hdds-common/0.5.0-SNAPSHOT/hadoop-hdds-common-0.5.0-SNAPSHOT.jar:/home/user/.m2/repository/javax/annotation/javax.annotation-api/1.2/javax.annotation-api-1.2.jar:/home/user/.m2/repository/org/apache/ratis/ratis-server/0.5.0-201fc85-SNAPSHOT/ratis-server-0.5.0-201fc85-SNAPSHOT.jar:/home/user/.m2/repository/org/apache/ratis/ratis-thirdparty-misc/0.2.0/ratis-thirdparty-misc-0.2.0.jar:/home/user/.m2/repository/org/apache/ratis/ratis-proto/0.5.0-201fc85-SNAPSHOT/ratis-proto-0.5.0-201fc85-SNAPSHOT.jar:/home/user/.m2/repository/org/apache/ratis/ratis-common/0.5.0-201fc85-SNAPSHOT/ratis-common-0.5.0-201fc85-SNAPSHOT.jar:/home/user/.m2/repository/org/apache/ratis/ratis-client/0.5.0-201fc85-SNAPSHOT/ratis-client-0.5.0-201fc85-SNAPSHOT.jar:/home/user/.m2/repository/org/apache/ratis/ratis-metrics/0.5.0-201fc85-SNAPSHOT/ratis-metrics-0.5.0-201fc85-SNAPSHOT.jar:/home/user/.m2/repository/com/github/joshelser/dropwizard-metrics-hadoop-metrics2-reporter/0.1.2/dropwizard-metrics-hadoop-metrics2-reporter-0.1.2.jar:/home/user/.m2/repository/io/dropwizard/metrics/metrics-jvm/3.2.5/metrics-jvm-3.2.5.jar:/home/user/.m2/repository/io/dropwizard/metrics/metrics-ganglia/3.2.5/metrics-ganglia-3.2.5.jar:/home/user/.m2/repository/info/ganglia/gmetric4j/gmetric4j/1.0.7/gmetric4j-1.0.7.jar:/home/user/.m2/repository/org/apache/ratis/ratis-netty/0.5.0-201fc85-SNAPSHOT/ratis-netty-0.5.0-201fc85-SNAPSHOT.jar:/home/user/.m2/repository/org/apache/ratis/ratis-grpc/0.5.0-201fc85-SNAPSHOT/ratis-grpc-0.5.0-201fc85-SNAPSHOT.jar:/home/user/.m2/repository/org/rocksdb/rocksdbjni/6.0.1/rocksdbjni-6.0.1.jar:/home/user/.m2/repository/org/apache/logging/log4j/log4j-api/2.11.0/log4j-api-2.11.0.jar:/home/user/.m2/repository/org/apache/logging/log4j/log4j-core/2.11.0/log4j-core-2.11.0.jar:/home/user/.m2/repository/com/lmax/disruptor/3.4.2/disruptor-3.4.2.jar:/home/user/.m2/repository/org/apache/commons/commons-pool2/2.6.0/commons-pool2-2.6.0.jar:/home/user/.m2/repository/org/bouncycastle/bcpkix-jdk15on/1.60/bcpkix-jdk15on-1.60.jar:/home/user/.m2/repository/commons-validator/commons-validator/1.6/commons-validator-1.6.jar:/home/user/.m2/repository/commons-digester/commons-digester/1.8.1/commons-digester-1.8.1.jar:/home/user/.m2/repository/io/jaegertracing/jaeger-client/0.34.0/jaeger-client-0.34.0.jar:/home/user/.m2/repository/io/jaegertracing/jaeger-thrift/0.34.0/jaeger-thrift-0.34.0.jar:/home/user/.m2/repository/org/apache/thrift/libthrift/0.12.0/libthrift-0.12.0.jar:/home/user/.m2/repository/com/squareup/okhttp3/okhttp/3.9.0/okhttp-3.9.0.jar:/home/user/.m2/repository/com/squareup/okio/okio/1.13.0/okio-1.13.0.jar:/home/user/.m2/repository/io/jaegertracing/jaeger-core/0.34.0/jaeger-core-0.34.0.jar:/home/user/.m2/repository/io/jaegertracing/jaeger-tracerresolver/0.34.0/jaeger-tracerresolver-0.34.0.jar:/home/user/.m2/repository/io/opentracing/contrib/opentracing-tracerresolver/0.1.5/opentracing-tracerresolver-0.1.5.jar:/home/user/.m2/repository/io/opentracing/opentracing-util/0.31.0/opentracing-util-0.31.0.jar:/home/user/.m2/repository/io/opentracing/opentracing-api/0.31.0/opentracing-api-0.31.0.jar:/home/user/.m2/repository/io/opentracing/opentracing-noop/0.31.0/opentracing-noop-0.31.0.jar:/home/user/.m2/repository/org/apache/hadoop/hadoop-hdds-server-framework/0.5.0-SNAPSHOT/hadoop-hdds-server-framework-0.5.0-SNAPSHOT.jar:/home/user/.m2/repository/org/apache/hadoop/hadoop-hdds-container-service/0.5.0-SNAPSHOT/hadoop-hdds-container-service-0.5.0-SNAPSHOT.jar:/home/user/.m2/repository/org/apache/hadoop/hadoop-hdds-client/0.5.0-SNAPSHOT/hadoop-hdds-client-0.5.0-SNAPSHOT.jar:/home/user/.m2/repository/org/apache/hadoop/hadoop-hdds-tools/0.5.0-SNAPSHOT/hadoop-hdds-tools-0.5.0-SNAPSHOT.jar:/home/user/.m2/repository/org/apache/hadoop/hadoop-hdds-server-scm/0.5.0-SNAPSHOT/hadoop-hdds-server-scm-0.5.0-SNAPSHOT.jar:/home/user/.m2/repository/org/apache/hadoop/hadoop-hdds-docs/0.5.0-SNAPSHOT/hadoop-hdds-docs-0.5.0-SNAPSHOT.jar:/home/user/.m2/repository/io/dropwizard/metrics/metrics-core/3.2.4/metrics-core-3.2.4.jar:/home/user/.m2/repository/org/hamcrest/hamcrest-all/1.3/hamcrest-all-1.3.jar:/home/user/.m2/repository/org/bouncycastle/bcprov-jdk15on/1.60/bcprov-jdk15on-1.60.jar:/home/user/.m2/repository/info/picocli/picocli/3.9.6/picocli-3.9.6.jar:/home/user/.m2/repository/com/google/protobuf/protobuf-java/2.5.0/protobuf-java-2.5.0.jar:/home/user/.m2/repository/com/google/guava/guava/11.0.2/guava-11.0.2.jar:/home/user/.m2/repository/org/apache/hadoop/hadoop-ozone-ozone-manager/0.5.0-SNAPSHOT/hadoop-ozone-ozone-manager-0.5.0-SNAPSHOT.jar:/home/user/.m2/repository/org/apache/hadoop/hadoop-minikdc/3.2.0/hadoop-minikdc-3.2.0.jar:/home/user/.m2/repository/commons-io/commons-io/2.5/commons-io-2.5.jar:/home/user/.m2/repository/org/apache/kerby/kerb-simplekdc/1.0.1/kerb-simplekdc-1.0.1.jar:/home/user/.m2/repository/org/apache/kerby/kerb-client/1.0.1/kerb-client-1.0.1.jar:/home/user/.m2/repository/org/apache/kerby/kerby-config/1.0.1/kerby-config-1.0.1.jar:/home/user/.m2/repository/org/apache/kerby/kerb-core/1.0.1/kerb-core-1.0.1.jar:/home/user/.m2/repository/org/apache/kerby/kerby-pkix/1.0.1/kerby-pkix-1.0.1.jar:/home/user/.m2/repository/org/apache/kerby/kerby-asn1/1.0.1/kerby-asn1-1.0.1.jar:/home/user/.m2/repository/org/apache/kerby/kerby-util/1.0.1/kerby-util-1.0.1.jar:/home/user/.m2/repository/org/apache/kerby/kerb-common/1.0.1/kerb-common-1.0.1.jar:/home/user/.m2/repository/org/apache/kerby/kerb-crypto/1.0.1/kerb-crypto-1.0.1.jar:/home/user/.m2/repository/org/apache/kerby/kerb-util/1.0.1/kerb-util-1.0.1.jar:/home/user/.m2/repository/org/apache/kerby/token-provider/1.0.1/token-provider-1.0.1.jar:/home/user/.m2/repository/org/apache/kerby/kerb-admin/1.0.1/kerb-admin-1.0.1.jar:/home/user/.m2/repository/org/apache/kerby/kerb-server/1.0.1/kerb-server-1.0.1.jar:/home/user/.m2/repository/org/apache/kerby/kerb-identity/1.0.1/kerb-identity-1.0.1.jar:/home/user/.m2/repository/org/apache/kerby/kerby-xdr/1.0.1/kerby-xdr-1.0.1.jar:/home/user/.m2/repository/org/slf4j/slf4j-log4j12/1.7.25/slf4j-log4j12-1.7.25.jar:/home/user/.m2/repository/org/apache/hadoop/hadoop-ozone-s3gateway/0.5.0-SNAPSHOT/hadoop-ozone-s3gateway-0.5.0-SNAPSHOT.jar:/home/user/.m2/repository/org/jboss/weld/servlet/weld-servlet/2.4.7.Final/weld-servlet-2.4.7.Final.jar:/home/user/.m2/repository/org/glassfish/jersey/containers/jersey-container-servlet-core/2.27/jersey-container-servlet-core-2.27.jar:/home/user/.m2/repository/org/glassfish/hk2/external/javax.inject/2.5.0-b42/javax.inject-2.5.0-b42.jar:/home/user/.m2/repository/org/glassfish/jersey/core/jersey-common/2.27/jersey-common-2.27.jar:/home/user/.m2/repository/org/glassfish/hk2/osgi-resource-locator/1.0.1/osgi-resource-locator-1.0.1.jar:/home/user/.m2/repository/javax/ws/rs/javax.ws.rs-api/2.1/javax.ws.rs-api-2.1.jar:/home/user/.m2/repository/org/glassfish/jersey/ext/cdi/jersey-cdi1x/2.27/jersey-cdi1x-2.27.jar:/home/user/.m2/repository/org/glassfish/jersey/inject/jersey-hk2/2.27/jersey-hk2-2.27.jar:/home/user/.m2/repository/org/glassfish/hk2/hk2-locator/2.5.0-b42/hk2-locator-2.5.0-b42.jar:/home/user/.m2/repository/org/javassist/javassist/3.22.0-CR2/javassist-3.22.0-CR2.jar:/home/user/.m2/repository/org/glassfish/hk2/hk2-api/2.5.0/hk2-api-2.5.0.jar:/home/user/.m2/repository/org/glassfish/hk2/external/jakarta.inject/2.5.0/jakarta.inject-2.5.0.jar:/home/user/.m2/repository/org/glassfish/hk2/hk2-utils/2.5.0/hk2-utils-2.5.0.jar:/home/user/.m2/repository/jakarta/annotation/jakarta.annotation-api/1.3.4/jakarta.annotation-api-1.3.4.jar:/home/user/.m2/repository/org/glassfish/hk2/external/aopalliance-repackaged/2.5.0/aopalliance-repackaged-2.5.0.jar:/home/user/.m2/repository/com/fasterxml/jackson/dataformat/jackson-dataformat-xml/2.9.0/jackson-dataformat-xml-2.9.0.jar:/home/user/.m2/repository/com/fasterxml/jackson/core/jackson-core/2.9.9/jackson-core-2.9.9.jar:/home/user/.m2/repository/com/fasterxml/jackson/module/jackson-module-jaxb-annotations/2.9.9/jackson-module-jaxb-annotations-2.9.9.jar:/home/user/.m2/repository/javax/enterprise/cdi-api/1.2/cdi-api-1.2.jar:/home/user/.m2/repository/javax/el/javax.el-api/3.0.0/javax.el-api-3.0.0.jar:/home/user/.m2/repository/javax/interceptor/javax.interceptor-api/1.2/javax.interceptor-api-1.2.jar:/home/user/.m2/repository/javax/inject/javax.inject/1/javax.inject-1.jar:/home/user/.m2/repository/com/sun/xml/bind/jaxb-impl/2.3.0.1/jaxb-impl-2.3.0.1.jar:/home/user/.m2/repository/com/sun/xml/bind/jaxb-core/2.3.0.1/jaxb-core-2.3.0.1.jar:/home/user/.m2/repository/javax/xml/bind/jaxb-api/2.3.0/jaxb-api-2.3.0.jar:/home/user/.m2/repository/javax/activation/activation/1.1.1/activation-1.1.1.jar:/home/user/.m2/repository/org/apache/hadoop/hadoop-ozone-csi/0.5.0-SNAPSHOT/hadoop-ozone-csi-0.5.0-SNAPSHOT.jar:/home/user/.m2/repository/com/google/protobuf/protobuf-java-util/3.5.1/protobuf-java-util-3.5.1.jar:/home/user/.m2/repository/org/apache/hadoop/hadoop-hdds-config/0.5.0-SNAPSHOT/hadoop-hdds-config-0.5.0-SNAPSHOT.jar:/home/user/.m2/repository/io/grpc/grpc-netty/1.17.1/grpc-netty-1.17.1.jar:/home/user/.m2/repository/io/grpc/grpc-core/1.17.1/grpc-core-1.17.1.jar:/home/user/.m2/repository/io/grpc/grpc-context/1.17.1/grpc-context-1.17.1.jar:/home/user/.m2/repository/com/google/errorprone/error_prone_annotations/2.2.0/error_prone_annotations-2.2.0.jar:/home/user/.m2/repository/org/codehaus/mojo/animal-sniffer-annotations/1.17/animal-sniffer-annotations-1.17.jar:/home/user/.m2/repository/io/opencensus/opencensus-api/0.17.0/opencensus-api-0.17.0.jar:/home/user/.m2/repository/io/opencensus/opencensus-contrib-grpc-metrics/0.17.0/opencensus-contrib-grpc-metrics-0.17.0.jar:/home/user/.m2/repository/io/netty/netty-codec-http2/4.1.30.Final/netty-codec-http2-4.1.30.Final.jar:/home/user/.m2/repository/io/netty/netty-codec-http/4.1.30.Final/netty-codec-http-4.1.30.Final.jar:/home/user/.m2/repository/io/netty/netty-codec/4.1.30.Final/netty-codec-4.1.30.Final.jar:/home/user/.m2/repository/io/netty/netty-handler/4.1.30.Final/netty-handler-4.1.30.Final.jar:/home/user/.m2/repository/io/netty/netty-handler-proxy/4.1.30.Final/netty-handler-proxy-4.1.30.Final.jar:/home/user/.m2/repository/io/netty/netty-codec-socks/4.1.30.Final/netty-codec-socks-4.1.30.Final.jar:/home/user/.m2/repository/io/netty/netty-transport-native-epoll/4.1.30.Final/netty-transport-native-epoll-4.1.30.Final.jar:/home/user/.m2/repository/io/netty/netty-common/4.1.30.Final/netty-common-4.1.30.Final.jar:/home/user/.m2/repository/io/netty/netty-buffer/4.1.30.Final/netty-buffer-4.1.30.Final.jar:/home/user/.m2/repository/io/netty/netty-transport/4.1.30.Final/netty-transport-4.1.30.Final.jar:/home/user/.m2/repository/io/netty/netty-resolver/4.1.30.Final/netty-resolver-4.1.30.Final.jar:/home/user/.m2/repository/io/netty/netty-transport-native-unix-common/4.1.30.Final/netty-transport-native-unix-common-4.1.30.Final.jar:/home/user/.m2/repository/io/grpc/grpc-protobuf/1.17.1/grpc-protobuf-1.17.1.jar:/home/user/.m2/repository/com/google/api/grpc/proto-google-common-protos/1.0.0/proto-google-common-protos-1.0.0.jar:/home/user/.m2/repository/io/grpc/grpc-protobuf-lite/1.17.1/grpc-protobuf-lite-1.17.1.jar:/home/user/.m2/repository/io/grpc/grpc-stub/1.17.1/grpc-stub-1.17.1.jar:/home/user/.m2/repository/org/apache/hadoop/hadoop-ozone-recon/0.5.0-SNAPSHOT/hadoop-ozone-recon-0.5.0-SNAPSHOT.jar:/home/user/.m2/repository/org/apache/hadoop/hadoop-ozone-reconcodegen/0.5.0-SNAPSHOT/hadoop-ozone-reconcodegen-0.5.0-SNAPSHOT.jar:/home/user/.m2/repository/com/google/inject/extensions/guice-multibindings/4.0/guice-multibindings-4.0.jar:/home/user/.m2/repository/com/google/inject/guice/4.0/guice-4.0.jar:/home/user/.m2/repository/aopalliance/aopalliance/1.0/aopalliance-1.0.jar:/home/user/.m2/repository/com/google/inject/extensions/guice-servlet/4.0/guice-servlet-4.0.jar:/home/user/.m2/repository/org/glassfish/jersey/containers/jersey-container-servlet/2.27/jersey-container-servlet-2.27.jar:/home/user/.m2/repository/org/glassfish/hk2/guice-bridge/2.5.0/guice-bridge-2.5.0.jar:/home/user/.m2/repository/org/glassfish/jersey/core/jersey-server/2.27/jersey-server-2.27.jar:/home/user/.m2/repository/org/glassfish/jersey/core/jersey-client/2.27/jersey-client-2.27.jar:/home/user/.m2/repository/org/glassfish/jersey/media/jersey-media-jaxb/2.27/jersey-media-jaxb-2.27.jar:/home/user/.m2/repository/javax/validation/validation-api/1.1.0.Final/validation-api-1.1.0.Final.jar:/home/user/.m2/repository/org/glassfish/jersey/media/jersey-media-json-jackson/2.27/jersey-media-json-jackson-2.27.jar:/home/user/.m2/repository/org/glassfish/jersey/ext/jersey-entity-filtering/2.27/jersey-entity-filtering-2.27.jar:/home/user/.m2/repository/com/google/inject/extensions/guice-assistedinject/4.0/guice-assistedinject-4.0.jar:/home/user/.m2/repository/org/jooq/jooq/3.11.10/jooq-3.11.10.jar:/home/user/.m2/repository/org/jooq/jooq-meta/3.11.10/jooq-meta-3.11.10.jar:/home/user/.m2/repository/org/jooq/jooq-codegen/3.11.10/jooq-codegen-3.11.10.jar:/home/user/.m2/repository/com/jolbox/bonecp/0.8.0.RELEASE/bonecp-0.8.0.RELEASE.jar:/home/user/.m2/repository/org/xerial/sqlite-jdbc/3.25.2/sqlite-jdbc-3.25.2.jar:/home/user/.m2/repository/org/springframework/spring-jdbc/5.1.3.RELEASE/spring-jdbc-5.1.3.RELEASE.jar:/home/user/.m2/repository/org/springframework/spring-beans/5.1.3.RELEASE/spring-beans-5.1.3.RELEASE.jar:/home/user/.m2/repository/org/springframework/spring-core/5.1.3.RELEASE/spring-core-5.1.3.RELEASE.jar:/home/user/.m2/repository/org/springframework/spring-jcl/5.1.3.RELEASE/spring-jcl-5.1.3.RELEASE.jar:/home/user/.m2/repository/org/springframework/spring-tx/5.1.3.RELEASE/spring-tx-5.1.3.RELEASE.jar:/home/user/.m2/repository/org/apache/hadoop/hadoop-ozone-client/0.5.0-SNAPSHOT/hadoop-ozone-client-0.5.0-SNAPSHOT.jar:/home/user/.m2/repository/commons-lang/commons-lang/2.6/commons-lang-2.6.jar:/home/user/.m2/repository/org/apache/hadoop/hadoop-ozone-ozone-manager/0.5.0-SNAPSHOT/hadoop-ozone-ozone-manager-0.5.0-SNAPSHOT-tests.jar:/home/user/.m2/repository/junit/junit/4.11/junit-4.11.jar:/home/user/.m2/repository/org/hamcrest/hamcrest-core/1.3/hamcrest-core-1.3.jar:/home/user/.m2/repository/org/openjdk/jmh/jmh-core/1.19/jmh-core-1.19.jar:/home/user/.m2/repository/net/sf/jopt-simple/jopt-simple/4.6/jopt-simple-4.6.jar:/home/user/.m2/repository/org/apache/commons/commons-math3/3.1.1/commons-math3-3.1.1.jar:/home/user/.m2/repository/org/openjdk/jmh/jmh-generator-annprocess/1.19/jmh-generator-annprocess-1.19.jar:/home/user/.m2/repository/org/mockito/mockito-all/1.8.5/mockito-all-1.8.5.jar:/home/user/.m2/repository/org/apache/hadoop/hadoop-kms/3.2.0/hadoop-kms-3.2.0.jar:/home/user/.m2/repository/org/apache/hadoop/hadoop-auth/3.2.0/hadoop-auth-3.2.0.jar:/home/user/.m2/repository/com/nimbusds/nimbus-jose-jwt/4.41.1/nimbus-jose-jwt-4.41.1.jar:/home/user/.m2/repository/com/github/stephenc/jcip/jcip-annotations/1.0-1/jcip-annotations-1.0-1.jar:/home/user/.m2/repository/net/minidev/json-smart/2.3/json-smart-2.3.jar:/home/user/.m2/repository/net/minidev/accessors-smart/1.2/accessors-smart-1.2.jar:/home/user/.m2/repository/org/ow2/asm/asm/5.0.4/asm-5.0.4.jar:/home/user/.m2/repository/org/apache/curator/curator-framework/2.12.0/curator-framework-2.12.0.jar:/home/user/.m2/repository/com/sun/jersey/jersey-core/1.19/jersey-core-1.19.jar:/home/user/.m2/repository/javax/ws/rs/jsr311-api/1.1.1/jsr311-api-1.1.1.jar:/home/user/.m2/repository/com/sun/jersey/jersey-server/1.19/jersey-server-1.19.jar:/home/user/.m2/repository/javax/servlet/javax.servlet-api/3.1.0/javax.servlet-api-3.1.0.jar:/home/user/.m2/repository/org/eclipse/jetty/jetty-server/9.3.25.v20180904/jetty-server-9.3.25.v20180904.jar:/home/user/.m2/repository/org/eclipse/jetty/jetty-http/9.3.25.v20180904/jetty-http-9.3.25.v20180904.jar:/home/user/.m2/repository/org/eclipse/jetty/jetty-io/9.3.25.v20180904/jetty-io-9.3.25.v20180904.jar:/home/user/.m2/repository/org/eclipse/jetty/jetty-webapp/9.3.25.v20180904/jetty-webapp-9.3.25.v20180904.jar:/home/user/.m2/repository/org/eclipse/jetty/jetty-xml/9.3.25.v20180904/jetty-xml-9.3.25.v20180904.jar:/home/user/.m2/repository/log4j/log4j/1.2.17/log4j-1.2.17.jar:/home/user/.m2/repository/org/slf4j/slf4j-api/1.7.25/slf4j-api-1.7.25.jar:/home/user/.m2/repository/org/slf4j/jul-to-slf4j/1.7.25/jul-to-slf4j-1.7.25.jar:/home/user/.m2/repository/org/eclipse/jetty/jetty-util/9.3.25.v20180904/jetty-util-9.3.25.v20180904.jar:/home/user/.m2/repository/com/fasterxml/jackson/core/jackson-databind/2.9.9/jackson-databind-2.9.9.jar:/home/user/.m2/repository/org/apache/hadoop/hadoop-kms/3.2.0/hadoop-kms-3.2.0-tests.jar:/home/user/.m2/repository/org/apache/hadoop/hadoop-hdds-server-scm/0.5.0-SNAPSHOT/hadoop-hdds-server-scm-0.5.0-SNAPSHOT-tests.jar:/home/user/.m2/repository/org/apache/hadoop/hadoop-hdds-container-service/0.5.0-SNAPSHOT/hadoop-hdds-container-service-0.5.0-SNAPSHOT-tests.jar:/home/user/.m2/repository/org/yaml/snakeyaml/1.16/snakeyaml-1.16.jar:/home/user/.m2/repository/org/apache/hadoop/hadoop-common/3.2.0/hadoop-common-3.2.0-tests.jar:/home/user/.m2/repository/org/apache/hadoop/hadoop-annotations/3.2.0/hadoop-annotations-3.2.0.jar:/usr/lib/jvm/java-1.8-openjdk/jre/../lib/tools.jar:/home/user/.m2/repository/commons-cli/commons-cli/1.2/commons-cli-1.2.jar:/home/user/.m2/repository/org/apache/httpcomponents/httpclient/4.5.2/httpclient-4.5.2.jar:/home/user/.m2/repository/org/apache/httpcomponents/httpcore/4.4.4/httpcore-4.4.4.jar:/home/user/.m2/repository/commons-codec/commons-codec/1.11/commons-codec-1.11.jar:/home/user/.m2/repository/commons-net/commons-net/3.6/commons-net-3.6.jar:/home/user/.m2/repository/commons-collections/commons-collections/3.2.2/commons-collections-3.2.2.jar:/home/user/.m2/repository/org/eclipse/jetty/jetty-servlet/9.3.25.v20180904/jetty-servlet-9.3.25.v20180904.jar:/home/user/.m2/repository/org/eclipse/jetty/jetty-security/9.3.25.v20180904/jetty-security-9.3.25.v20180904.jar:/home/user/.m2/repository/javax/servlet/jsp/jsp-api/2.1/jsp-api-2.1.jar:/home/user/.m2/repository/com/sun/jersey/jersey-servlet/1.19/jersey-servlet-1.19.jar:/home/user/.m2/repository/com/sun/jersey/jersey-json/1.19/jersey-json-1.19.jar:/home/user/.m2/repository/org/codehaus/jettison/jettison/1.1/jettison-1.1.jar:/home/user/.m2/repository/org/codehaus/jackson/jackson-core-asl/1.9.13/jackson-core-asl-1.9.13.jar:/home/user/.m2/repository/org/codehaus/jackson/jackson-mapper-asl/1.9.13/jackson-mapper-asl-1.9.13.jar:/home/user/.m2/repository/org/codehaus/jackson/jackson-jaxrs/1.9.13/jackson-jaxrs-1.9.13.jar:/home/user/.m2/repository/org/codehaus/jackson/jackson-xc/1.9.13/jackson-xc-1.9.13.jar:/home/user/.m2/repository/commons-logging/commons-logging/1.1.3/commons-logging-1.1.3.jar:/home/user/.m2/repository/commons-beanutils/commons-beanutils/1.9.4/commons-beanutils-1.9.4.jar:/home/user/.m2/repository/org/apache/commons/commons-configuration2/2.1.1/commons-configuration2-2.1.1.jar:/home/user/.m2/repository/org/apache/commons/commons-lang3/3.7/commons-lang3-3.7.jar:/home/user/.m2/repository/org/apache/commons/commons-text/1.4/commons-text-1.4.jar:/home/user/.m2/repository/org/apache/avro/avro/1.7.7/avro-1.7.7.jar:/home/user/.m2/repository/com/thoughtworks/paranamer/paranamer/2.3/paranamer-2.3.jar:/home/user/.m2/repository/org/xerial/snappy/snappy-java/1.0.5/snappy-java-1.0.5.jar:/home/user/.m2/repository/com/google/re2j/re2j/1.1/re2j-1.1.jar:/home/user/.m2/repository/com/google/code/gson/gson/2.2.4/gson-2.2.4.jar:/home/user/.m2/repository/com/jcraft/jsch/0.1.54/jsch-0.1.54.jar:/home/user/.m2/repository/org/apache/curator/curator-client/2.12.0/curator-client-2.12.0.jar:/home/user/.m2/repository/org/apache/curator/curator-recipes/2.12.0/curator-recipes-2.12.0.jar:/home/user/.m2/repository/com/google/code/findbugs/jsr305/3.0.0/jsr305-3.0.0.jar:/home/user/.m2/repository/org/apache/htrace/htrace-core4/4.1.0-incubating/htrace-core4-4.1.0-incubating.jar:/home/user/.m2/repository/org/apache/zookeeper/zookeeper/3.4.13/zookeeper-3.4.13.jar:/home/user/.m2/repository/jline/jline/0.9.94/jline-0.9.94.jar:/home/user/.m2/repository/org/apache/yetus/audience-annotations/0.5.0/audience-annotations-0.5.0.jar:/home/user/.m2/repository/org/codehaus/woodstox/stax2-api/3.1.4/stax2-api-3.1.4.jar:/home/user/.m2/repository/com/fasterxml/woodstox/woodstox-core/5.0.3/woodstox-core-5.0.3.jar:/home/user/.m2/repository/dnsjava/dnsjava/2.1.7/dnsjava-2.1.7.jar:/home/user/.m2/repository/org/apache/hadoop/hadoop-hdfs/3.2.0/hadoop-hdfs-3.2.0-tests.jar:/home/user/.m2/repository/org/eclipse/jetty/jetty-util-ajax/9.3.25.v20180904/jetty-util-ajax-9.3.25.v20180904.jar:/home/user/.m2/repository/commons-daemon/commons-daemon/1.0.13/commons-daemon-1.0.13.jar:/home/user/.m2/repository/io/netty/netty/3.10.5.Final/netty-3.10.5.Final.jar:/home/user/.m2/repository/io/netty/netty-all/4.0.52.Final/netty-all-4.0.52.Final.jar:/home/user/.m2/repository/org/fusesource/leveldbjni/leveldbjni-all/1.8/leveldbjni-all-1.8.jar:"/>
    <property name="java.vm.vendor" value="IcedTea"/>
    <property name="sun.arch.data.model" value="64"/>
    <property name="test.build.dir" value="/workdir/hadoop-ozone/integration-test/target/test-dir"/>
    <property name="test.cache.data" value=""/>
    <property name="java.vendor.url" value="https://icedtea.classpath.org"/>
    <property name="user.timezone" value=""/>
    <property name="java.vm.specification.version" value="1.8"/>
    <property name="os.name" value="Linux"/>
    <property name="test.build.data" value="/workdir/hadoop-ozone/integration-test/target/test-dir"/>
    <property name="user.country" value="US"/>
    <property name="sun.java.launcher" value="SUN_STANDARD"/>
    <property name="sun.boot.library.path" value="/usr/lib/jvm/java-1.8-openjdk/jre/lib/amd64"/>
    <property name="sun.java.command" value="/workdir/hadoop-ozone/integration-test/target/surefire/surefirebooter4645277972075600151.jar /workdir/hadoop-ozone/integration-test/target/surefire 2019-10-02T06-53-42_515-jvmRun1 surefire1080837833627156453tmp surefire_62596456546850920537tmp"/>
    <property name="test" value="!TestMiniChaosOzoneCluster"/>
    <property name="surefire.test.class.path" value="/workdir/hadoop-ozone/integration-test/target/test-classes:/workdir/hadoop-ozone/integration-test/target/classes:/home/user/.m2/repository/org/apache/hadoop/hadoop-ozone-common/0.5.0-SNAPSHOT/hadoop-ozone-common-0.5.0-SNAPSHOT.jar:/home/user/.m2/repository/org/apache/commons/commons-compress/1.4.1/commons-compress-1.4.1.jar:/home/user/.m2/repository/org/tukaani/xz/1.0/xz-1.0.jar:/home/user/.m2/repository/org/apache/hadoop/hadoop-common/3.2.0/hadoop-common-3.2.0.jar:/home/user/.m2/repository/org/apache/hadoop/hadoop-hdfs/3.2.0/hadoop-hdfs-3.2.0.jar:/home/user/.m2/repository/org/apache/hadoop/hadoop-hdfs-client/3.2.0/hadoop-hdfs-client-3.2.0.jar:/home/user/.m2/repository/com/fasterxml/jackson/core/jackson-annotations/2.9.9/jackson-annotations-2.9.9.jar:/home/user/.m2/repository/org/apache/hadoop/hadoop-hdds-common/0.5.0-SNAPSHOT/hadoop-hdds-common-0.5.0-SNAPSHOT.jar:/home/user/.m2/repository/javax/annotation/javax.annotation-api/1.2/javax.annotation-api-1.2.jar:/home/user/.m2/repository/org/apache/ratis/ratis-server/0.5.0-201fc85-SNAPSHOT/ratis-server-0.5.0-201fc85-SNAPSHOT.jar:/home/user/.m2/repository/org/apache/ratis/ratis-thirdparty-misc/0.2.0/ratis-thirdparty-misc-0.2.0.jar:/home/user/.m2/repository/org/apache/ratis/ratis-proto/0.5.0-201fc85-SNAPSHOT/ratis-proto-0.5.0-201fc85-SNAPSHOT.jar:/home/user/.m2/repository/org/apache/ratis/ratis-common/0.5.0-201fc85-SNAPSHOT/ratis-common-0.5.0-201fc85-SNAPSHOT.jar:/home/user/.m2/repository/org/apache/ratis/ratis-client/0.5.0-201fc85-SNAPSHOT/ratis-client-0.5.0-201fc85-SNAPSHOT.jar:/home/user/.m2/repository/org/apache/ratis/ratis-metrics/0.5.0-201fc85-SNAPSHOT/ratis-metrics-0.5.0-201fc85-SNAPSHOT.jar:/home/user/.m2/repository/com/github/joshelser/dropwizard-metrics-hadoop-metrics2-reporter/0.1.2/dropwizard-metrics-hadoop-metrics2-reporter-0.1.2.jar:/home/user/.m2/repository/io/dropwizard/metrics/metrics-jvm/3.2.5/metrics-jvm-3.2.5.jar:/home/user/.m2/repository/io/dropwizard/metrics/metrics-ganglia/3.2.5/metrics-ganglia-3.2.5.jar:/home/user/.m2/repository/info/ganglia/gmetric4j/gmetric4j/1.0.7/gmetric4j-1.0.7.jar:/home/user/.m2/repository/org/apache/ratis/ratis-netty/0.5.0-201fc85-SNAPSHOT/ratis-netty-0.5.0-201fc85-SNAPSHOT.jar:/home/user/.m2/repository/org/apache/ratis/ratis-grpc/0.5.0-201fc85-SNAPSHOT/ratis-grpc-0.5.0-201fc85-SNAPSHOT.jar:/home/user/.m2/repository/org/rocksdb/rocksdbjni/6.0.1/rocksdbjni-6.0.1.jar:/home/user/.m2/repository/org/apache/logging/log4j/log4j-api/2.11.0/log4j-api-2.11.0.jar:/home/user/.m2/repository/org/apache/logging/log4j/log4j-core/2.11.0/log4j-core-2.11.0.jar:/home/user/.m2/repository/com/lmax/disruptor/3.4.2/disruptor-3.4.2.jar:/home/user/.m2/repository/org/apache/commons/commons-pool2/2.6.0/commons-pool2-2.6.0.jar:/home/user/.m2/repository/org/bouncycastle/bcpkix-jdk15on/1.60/bcpkix-jdk15on-1.60.jar:/home/user/.m2/repository/commons-validator/commons-validator/1.6/commons-validator-1.6.jar:/home/user/.m2/repository/commons-digester/commons-digester/1.8.1/commons-digester-1.8.1.jar:/home/user/.m2/repository/io/jaegertracing/jaeger-client/0.34.0/jaeger-client-0.34.0.jar:/home/user/.m2/repository/io/jaegertracing/jaeger-thrift/0.34.0/jaeger-thrift-0.34.0.jar:/home/user/.m2/repository/org/apache/thrift/libthrift/0.12.0/libthrift-0.12.0.jar:/home/user/.m2/repository/com/squareup/okhttp3/okhttp/3.9.0/okhttp-3.9.0.jar:/home/user/.m2/repository/com/squareup/okio/okio/1.13.0/okio-1.13.0.jar:/home/user/.m2/repository/io/jaegertracing/jaeger-core/0.34.0/jaeger-core-0.34.0.jar:/home/user/.m2/repository/io/jaegertracing/jaeger-tracerresolver/0.34.0/jaeger-tracerresolver-0.34.0.jar:/home/user/.m2/repository/io/opentracing/contrib/opentracing-tracerresolver/0.1.5/opentracing-tracerresolver-0.1.5.jar:/home/user/.m2/repository/io/opentracing/opentracing-util/0.31.0/opentracing-util-0.31.0.jar:/home/user/.m2/repository/io/opentracing/opentracing-api/0.31.0/opentracing-api-0.31.0.jar:/home/user/.m2/repository/io/opentracing/opentracing-noop/0.31.0/opentracing-noop-0.31.0.jar:/home/user/.m2/repository/org/apache/hadoop/hadoop-hdds-server-framework/0.5.0-SNAPSHOT/hadoop-hdds-server-framework-0.5.0-SNAPSHOT.jar:/home/user/.m2/repository/org/apache/hadoop/hadoop-hdds-container-service/0.5.0-SNAPSHOT/hadoop-hdds-container-service-0.5.0-SNAPSHOT.jar:/home/user/.m2/repository/org/apache/hadoop/hadoop-hdds-client/0.5.0-SNAPSHOT/hadoop-hdds-client-0.5.0-SNAPSHOT.jar:/home/user/.m2/repository/org/apache/hadoop/hadoop-hdds-tools/0.5.0-SNAPSHOT/hadoop-hdds-tools-0.5.0-SNAPSHOT.jar:/home/user/.m2/repository/org/apache/hadoop/hadoop-hdds-server-scm/0.5.0-SNAPSHOT/hadoop-hdds-server-scm-0.5.0-SNAPSHOT.jar:/home/user/.m2/repository/org/apache/hadoop/hadoop-hdds-docs/0.5.0-SNAPSHOT/hadoop-hdds-docs-0.5.0-SNAPSHOT.jar:/home/user/.m2/repository/io/dropwizard/metrics/metrics-core/3.2.4/metrics-core-3.2.4.jar:/home/user/.m2/repository/org/hamcrest/hamcrest-all/1.3/hamcrest-all-1.3.jar:/home/user/.m2/repository/org/bouncycastle/bcprov-jdk15on/1.60/bcprov-jdk15on-1.60.jar:/home/user/.m2/repository/info/picocli/picocli/3.9.6/picocli-3.9.6.jar:/home/user/.m2/repository/com/google/protobuf/protobuf-java/2.5.0/protobuf-java-2.5.0.jar:/home/user/.m2/repository/com/google/guava/guava/11.0.2/guava-11.0.2.jar:/home/user/.m2/repository/org/apache/hadoop/hadoop-ozone-ozone-manager/0.5.0-SNAPSHOT/hadoop-ozone-ozone-manager-0.5.0-SNAPSHOT.jar:/home/user/.m2/repository/org/apache/hadoop/hadoop-minikdc/3.2.0/hadoop-minikdc-3.2.0.jar:/home/user/.m2/repository/commons-io/commons-io/2.5/commons-io-2.5.jar:/home/user/.m2/repository/org/apache/kerby/kerb-simplekdc/1.0.1/kerb-simplekdc-1.0.1.jar:/home/user/.m2/repository/org/apache/kerby/kerb-client/1.0.1/kerb-client-1.0.1.jar:/home/user/.m2/repository/org/apache/kerby/kerby-config/1.0.1/kerby-config-1.0.1.jar:/home/user/.m2/repository/org/apache/kerby/kerb-core/1.0.1/kerb-core-1.0.1.jar:/home/user/.m2/repository/org/apache/kerby/kerby-pkix/1.0.1/kerby-pkix-1.0.1.jar:/home/user/.m2/repository/org/apache/kerby/kerby-asn1/1.0.1/kerby-asn1-1.0.1.jar:/home/user/.m2/repository/org/apache/kerby/kerby-util/1.0.1/kerby-util-1.0.1.jar:/home/user/.m2/repository/org/apache/kerby/kerb-common/1.0.1/kerb-common-1.0.1.jar:/home/user/.m2/repository/org/apache/kerby/kerb-crypto/1.0.1/kerb-crypto-1.0.1.jar:/home/user/.m2/repository/org/apache/kerby/kerb-util/1.0.1/kerb-util-1.0.1.jar:/home/user/.m2/repository/org/apache/kerby/token-provider/1.0.1/token-provider-1.0.1.jar:/home/user/.m2/repository/org/apache/kerby/kerb-admin/1.0.1/kerb-admin-1.0.1.jar:/home/user/.m2/repository/org/apache/kerby/kerb-server/1.0.1/kerb-server-1.0.1.jar:/home/user/.m2/repository/org/apache/kerby/kerb-identity/1.0.1/kerb-identity-1.0.1.jar:/home/user/.m2/repository/org/apache/kerby/kerby-xdr/1.0.1/kerby-xdr-1.0.1.jar:/home/user/.m2/repository/org/slf4j/slf4j-log4j12/1.7.25/slf4j-log4j12-1.7.25.jar:/home/user/.m2/repository/org/apache/hadoop/hadoop-ozone-s3gateway/0.5.0-SNAPSHOT/hadoop-ozone-s3gateway-0.5.0-SNAPSHOT.jar:/home/user/.m2/repository/org/jboss/weld/servlet/weld-servlet/2.4.7.Final/weld-servlet-2.4.7.Final.jar:/home/user/.m2/repository/org/glassfish/jersey/containers/jersey-container-servlet-core/2.27/jersey-container-servlet-core-2.27.jar:/home/user/.m2/repository/org/glassfish/hk2/external/javax.inject/2.5.0-b42/javax.inject-2.5.0-b42.jar:/home/user/.m2/repository/org/glassfish/jersey/core/jersey-common/2.27/jersey-common-2.27.jar:/home/user/.m2/repository/org/glassfish/hk2/osgi-resource-locator/1.0.1/osgi-resource-locator-1.0.1.jar:/home/user/.m2/repository/javax/ws/rs/javax.ws.rs-api/2.1/javax.ws.rs-api-2.1.jar:/home/user/.m2/repository/org/glassfish/jersey/ext/cdi/jersey-cdi1x/2.27/jersey-cdi1x-2.27.jar:/home/user/.m2/repository/org/glassfish/jersey/inject/jersey-hk2/2.27/jersey-hk2-2.27.jar:/home/user/.m2/repository/org/glassfish/hk2/hk2-locator/2.5.0-b42/hk2-locator-2.5.0-b42.jar:/home/user/.m2/repository/org/javassist/javassist/3.22.0-CR2/javassist-3.22.0-CR2.jar:/home/user/.m2/repository/org/glassfish/hk2/hk2-api/2.5.0/hk2-api-2.5.0.jar:/home/user/.m2/repository/org/glassfish/hk2/external/jakarta.inject/2.5.0/jakarta.inject-2.5.0.jar:/home/user/.m2/repository/org/glassfish/hk2/hk2-utils/2.5.0/hk2-utils-2.5.0.jar:/home/user/.m2/repository/jakarta/annotation/jakarta.annotation-api/1.3.4/jakarta.annotation-api-1.3.4.jar:/home/user/.m2/repository/org/glassfish/hk2/external/aopalliance-repackaged/2.5.0/aopalliance-repackaged-2.5.0.jar:/home/user/.m2/repository/com/fasterxml/jackson/dataformat/jackson-dataformat-xml/2.9.0/jackson-dataformat-xml-2.9.0.jar:/home/user/.m2/repository/com/fasterxml/jackson/core/jackson-core/2.9.9/jackson-core-2.9.9.jar:/home/user/.m2/repository/com/fasterxml/jackson/module/jackson-module-jaxb-annotations/2.9.9/jackson-module-jaxb-annotations-2.9.9.jar:/home/user/.m2/repository/javax/enterprise/cdi-api/1.2/cdi-api-1.2.jar:/home/user/.m2/repository/javax/el/javax.el-api/3.0.0/javax.el-api-3.0.0.jar:/home/user/.m2/repository/javax/interceptor/javax.interceptor-api/1.2/javax.interceptor-api-1.2.jar:/home/user/.m2/repository/javax/inject/javax.inject/1/javax.inject-1.jar:/home/user/.m2/repository/com/sun/xml/bind/jaxb-impl/2.3.0.1/jaxb-impl-2.3.0.1.jar:/home/user/.m2/repository/com/sun/xml/bind/jaxb-core/2.3.0.1/jaxb-core-2.3.0.1.jar:/home/user/.m2/repository/javax/xml/bind/jaxb-api/2.3.0/jaxb-api-2.3.0.jar:/home/user/.m2/repository/javax/activation/activation/1.1.1/activation-1.1.1.jar:/home/user/.m2/repository/org/apache/hadoop/hadoop-ozone-csi/0.5.0-SNAPSHOT/hadoop-ozone-csi-0.5.0-SNAPSHOT.jar:/home/user/.m2/repository/com/google/protobuf/protobuf-java-util/3.5.1/protobuf-java-util-3.5.1.jar:/home/user/.m2/repository/org/apache/hadoop/hadoop-hdds-config/0.5.0-SNAPSHOT/hadoop-hdds-config-0.5.0-SNAPSHOT.jar:/home/user/.m2/repository/io/grpc/grpc-netty/1.17.1/grpc-netty-1.17.1.jar:/home/user/.m2/repository/io/grpc/grpc-core/1.17.1/grpc-core-1.17.1.jar:/home/user/.m2/repository/io/grpc/grpc-context/1.17.1/grpc-context-1.17.1.jar:/home/user/.m2/repository/com/google/errorprone/error_prone_annotations/2.2.0/error_prone_annotations-2.2.0.jar:/home/user/.m2/repository/org/codehaus/mojo/animal-sniffer-annotations/1.17/animal-sniffer-annotations-1.17.jar:/home/user/.m2/repository/io/opencensus/opencensus-api/0.17.0/opencensus-api-0.17.0.jar:/home/user/.m2/repository/io/opencensus/opencensus-contrib-grpc-metrics/0.17.0/opencensus-contrib-grpc-metrics-0.17.0.jar:/home/user/.m2/repository/io/netty/netty-codec-http2/4.1.30.Final/netty-codec-http2-4.1.30.Final.jar:/home/user/.m2/repository/io/netty/netty-codec-http/4.1.30.Final/netty-codec-http-4.1.30.Final.jar:/home/user/.m2/repository/io/netty/netty-codec/4.1.30.Final/netty-codec-4.1.30.Final.jar:/home/user/.m2/repository/io/netty/netty-handler/4.1.30.Final/netty-handler-4.1.30.Final.jar:/home/user/.m2/repository/io/netty/netty-handler-proxy/4.1.30.Final/netty-handler-proxy-4.1.30.Final.jar:/home/user/.m2/repository/io/netty/netty-codec-socks/4.1.30.Final/netty-codec-socks-4.1.30.Final.jar:/home/user/.m2/repository/io/netty/netty-transport-native-epoll/4.1.30.Final/netty-transport-native-epoll-4.1.30.Final.jar:/home/user/.m2/repository/io/netty/netty-common/4.1.30.Final/netty-common-4.1.30.Final.jar:/home/user/.m2/repository/io/netty/netty-buffer/4.1.30.Final/netty-buffer-4.1.30.Final.jar:/home/user/.m2/repository/io/netty/netty-transport/4.1.30.Final/netty-transport-4.1.30.Final.jar:/home/user/.m2/repository/io/netty/netty-resolver/4.1.30.Final/netty-resolver-4.1.30.Final.jar:/home/user/.m2/repository/io/netty/netty-transport-native-unix-common/4.1.30.Final/netty-transport-native-unix-common-4.1.30.Final.jar:/home/user/.m2/repository/io/grpc/grpc-protobuf/1.17.1/grpc-protobuf-1.17.1.jar:/home/user/.m2/repository/com/google/api/grpc/proto-google-common-protos/1.0.0/proto-google-common-protos-1.0.0.jar:/home/user/.m2/repository/io/grpc/grpc-protobuf-lite/1.17.1/grpc-protobuf-lite-1.17.1.jar:/home/user/.m2/repository/io/grpc/grpc-stub/1.17.1/grpc-stub-1.17.1.jar:/home/user/.m2/repository/org/apache/hadoop/hadoop-ozone-recon/0.5.0-SNAPSHOT/hadoop-ozone-recon-0.5.0-SNAPSHOT.jar:/home/user/.m2/repository/org/apache/hadoop/hadoop-ozone-reconcodegen/0.5.0-SNAPSHOT/hadoop-ozone-reconcodegen-0.5.0-SNAPSHOT.jar:/home/user/.m2/repository/com/google/inject/extensions/guice-multibindings/4.0/guice-multibindings-4.0.jar:/home/user/.m2/repository/com/google/inject/guice/4.0/guice-4.0.jar:/home/user/.m2/repository/aopalliance/aopalliance/1.0/aopalliance-1.0.jar:/home/user/.m2/repository/com/google/inject/extensions/guice-servlet/4.0/guice-servlet-4.0.jar:/home/user/.m2/repository/org/glassfish/jersey/containers/jersey-container-servlet/2.27/jersey-container-servlet-2.27.jar:/home/user/.m2/repository/org/glassfish/hk2/guice-bridge/2.5.0/guice-bridge-2.5.0.jar:/home/user/.m2/repository/org/glassfish/jersey/core/jersey-server/2.27/jersey-server-2.27.jar:/home/user/.m2/repository/org/glassfish/jersey/core/jersey-client/2.27/jersey-client-2.27.jar:/home/user/.m2/repository/org/glassfish/jersey/media/jersey-media-jaxb/2.27/jersey-media-jaxb-2.27.jar:/home/user/.m2/repository/javax/validation/validation-api/1.1.0.Final/validation-api-1.1.0.Final.jar:/home/user/.m2/repository/org/glassfish/jersey/media/jersey-media-json-jackson/2.27/jersey-media-json-jackson-2.27.jar:/home/user/.m2/repository/org/glassfish/jersey/ext/jersey-entity-filtering/2.27/jersey-entity-filtering-2.27.jar:/home/user/.m2/repository/com/google/inject/extensions/guice-assistedinject/4.0/guice-assistedinject-4.0.jar:/home/user/.m2/repository/org/jooq/jooq/3.11.10/jooq-3.11.10.jar:/home/user/.m2/repository/org/jooq/jooq-meta/3.11.10/jooq-meta-3.11.10.jar:/home/user/.m2/repository/org/jooq/jooq-codegen/3.11.10/jooq-codegen-3.11.10.jar:/home/user/.m2/repository/com/jolbox/bonecp/0.8.0.RELEASE/bonecp-0.8.0.RELEASE.jar:/home/user/.m2/repository/org/xerial/sqlite-jdbc/3.25.2/sqlite-jdbc-3.25.2.jar:/home/user/.m2/repository/org/springframework/spring-jdbc/5.1.3.RELEASE/spring-jdbc-5.1.3.RELEASE.jar:/home/user/.m2/repository/org/springframework/spring-beans/5.1.3.RELEASE/spring-beans-5.1.3.RELEASE.jar:/home/user/.m2/repository/org/springframework/spring-core/5.1.3.RELEASE/spring-core-5.1.3.RELEASE.jar:/home/user/.m2/repository/org/springframework/spring-jcl/5.1.3.RELEASE/spring-jcl-5.1.3.RELEASE.jar:/home/user/.m2/repository/org/springframework/spring-tx/5.1.3.RELEASE/spring-tx-5.1.3.RELEASE.jar:/home/user/.m2/repository/org/apache/hadoop/hadoop-ozone-client/0.5.0-SNAPSHOT/hadoop-ozone-client-0.5.0-SNAPSHOT.jar:/home/user/.m2/repository/commons-lang/commons-lang/2.6/commons-lang-2.6.jar:/home/user/.m2/repository/org/apache/hadoop/hadoop-ozone-ozone-manager/0.5.0-SNAPSHOT/hadoop-ozone-ozone-manager-0.5.0-SNAPSHOT-tests.jar:/home/user/.m2/repository/junit/junit/4.11/junit-4.11.jar:/home/user/.m2/repository/org/hamcrest/hamcrest-core/1.3/hamcrest-core-1.3.jar:/home/user/.m2/repository/org/openjdk/jmh/jmh-core/1.19/jmh-core-1.19.jar:/home/user/.m2/repository/net/sf/jopt-simple/jopt-simple/4.6/jopt-simple-4.6.jar:/home/user/.m2/repository/org/apache/commons/commons-math3/3.1.1/commons-math3-3.1.1.jar:/home/user/.m2/repository/org/openjdk/jmh/jmh-generator-annprocess/1.19/jmh-generator-annprocess-1.19.jar:/home/user/.m2/repository/org/mockito/mockito-all/1.8.5/mockito-all-1.8.5.jar:/home/user/.m2/repository/org/apache/hadoop/hadoop-kms/3.2.0/hadoop-kms-3.2.0.jar:/home/user/.m2/repository/org/apache/hadoop/hadoop-auth/3.2.0/hadoop-auth-3.2.0.jar:/home/user/.m2/repository/com/nimbusds/nimbus-jose-jwt/4.41.1/nimbus-jose-jwt-4.41.1.jar:/home/user/.m2/repository/com/github/stephenc/jcip/jcip-annotations/1.0-1/jcip-annotations-1.0-1.jar:/home/user/.m2/repository/net/minidev/json-smart/2.3/json-smart-2.3.jar:/home/user/.m2/repository/net/minidev/accessors-smart/1.2/accessors-smart-1.2.jar:/home/user/.m2/repository/org/ow2/asm/asm/5.0.4/asm-5.0.4.jar:/home/user/.m2/repository/org/apache/curator/curator-framework/2.12.0/curator-framework-2.12.0.jar:/home/user/.m2/repository/com/sun/jersey/jersey-core/1.19/jersey-core-1.19.jar:/home/user/.m2/repository/javax/ws/rs/jsr311-api/1.1.1/jsr311-api-1.1.1.jar:/home/user/.m2/repository/com/sun/jersey/jersey-server/1.19/jersey-server-1.19.jar:/home/user/.m2/repository/javax/servlet/javax.servlet-api/3.1.0/javax.servlet-api-3.1.0.jar:/home/user/.m2/repository/org/eclipse/jetty/jetty-server/9.3.25.v20180904/jetty-server-9.3.25.v20180904.jar:/home/user/.m2/repository/org/eclipse/jetty/jetty-http/9.3.25.v20180904/jetty-http-9.3.25.v20180904.jar:/home/user/.m2/repository/org/eclipse/jetty/jetty-io/9.3.25.v20180904/jetty-io-9.3.25.v20180904.jar:/home/user/.m2/repository/org/eclipse/jetty/jetty-webapp/9.3.25.v20180904/jetty-webapp-9.3.25.v20180904.jar:/home/user/.m2/repository/org/eclipse/jetty/jetty-xml/9.3.25.v20180904/jetty-xml-9.3.25.v20180904.jar:/home/user/.m2/repository/log4j/log4j/1.2.17/log4j-1.2.17.jar:/home/user/.m2/repository/org/slf4j/slf4j-api/1.7.25/slf4j-api-1.7.25.jar:/home/user/.m2/repository/org/slf4j/jul-to-slf4j/1.7.25/jul-to-slf4j-1.7.25.jar:/home/user/.m2/repository/org/eclipse/jetty/jetty-util/9.3.25.v20180904/jetty-util-9.3.25.v20180904.jar:/home/user/.m2/repository/com/fasterxml/jackson/core/jackson-databind/2.9.9/jackson-databind-2.9.9.jar:/home/user/.m2/repository/org/apache/hadoop/hadoop-kms/3.2.0/hadoop-kms-3.2.0-tests.jar:/home/user/.m2/repository/org/apache/hadoop/hadoop-hdds-server-scm/0.5.0-SNAPSHOT/hadoop-hdds-server-scm-0.5.0-SNAPSHOT-tests.jar:/home/user/.m2/repository/org/apache/hadoop/hadoop-hdds-container-service/0.5.0-SNAPSHOT/hadoop-hdds-container-service-0.5.0-SNAPSHOT-tests.jar:/home/user/.m2/repository/org/yaml/snakeyaml/1.16/snakeyaml-1.16.jar:/home/user/.m2/repository/org/apache/hadoop/hadoop-common/3.2.0/hadoop-common-3.2.0-tests.jar:/home/user/.m2/repository/org/apache/hadoop/hadoop-annotations/3.2.0/hadoop-annotations-3.2.0.jar:/usr/lib/jvm/java-1.8-openjdk/jre/../lib/tools.jar:/home/user/.m2/repository/commons-cli/commons-cli/1.2/commons-cli-1.2.jar:/home/user/.m2/repository/org/apache/httpcomponents/httpclient/4.5.2/httpclient-4.5.2.jar:/home/user/.m2/repository/org/apache/httpcomponents/httpcore/4.4.4/httpcore-4.4.4.jar:/home/user/.m2/repository/commons-codec/commons-codec/1.11/commons-codec-1.11.jar:/home/user/.m2/repository/commons-net/commons-net/3.6/commons-net-3.6.jar:/home/user/.m2/repository/commons-collections/commons-collections/3.2.2/commons-collections-3.2.2.jar:/home/user/.m2/repository/org/eclipse/jetty/jetty-servlet/9.3.25.v20180904/jetty-servlet-9.3.25.v20180904.jar:/home/user/.m2/repository/org/eclipse/jetty/jetty-security/9.3.25.v20180904/jetty-security-9.3.25.v20180904.jar:/home/user/.m2/repository/javax/servlet/jsp/jsp-api/2.1/jsp-api-2.1.jar:/home/user/.m2/repository/com/sun/jersey/jersey-servlet/1.19/jersey-servlet-1.19.jar:/home/user/.m2/repository/com/sun/jersey/jersey-json/1.19/jersey-json-1.19.jar:/home/user/.m2/repository/org/codehaus/jettison/jettison/1.1/jettison-1.1.jar:/home/user/.m2/repository/org/codehaus/jackson/jackson-core-asl/1.9.13/jackson-core-asl-1.9.13.jar:/home/user/.m2/repository/org/codehaus/jackson/jackson-mapper-asl/1.9.13/jackson-mapper-asl-1.9.13.jar:/home/user/.m2/repository/org/codehaus/jackson/jackson-jaxrs/1.9.13/jackson-jaxrs-1.9.13.jar:/home/user/.m2/repository/org/codehaus/jackson/jackson-xc/1.9.13/jackson-xc-1.9.13.jar:/home/user/.m2/repository/commons-logging/commons-logging/1.1.3/commons-logging-1.1.3.jar:/home/user/.m2/repository/commons-beanutils/commons-beanutils/1.9.4/commons-beanutils-1.9.4.jar:/home/user/.m2/repository/org/apache/commons/commons-configuration2/2.1.1/commons-configuration2-2.1.1.jar:/home/user/.m2/repository/org/apache/commons/commons-lang3/3.7/commons-lang3-3.7.jar:/home/user/.m2/repository/org/apache/commons/commons-text/1.4/commons-text-1.4.jar:/home/user/.m2/repository/org/apache/avro/avro/1.7.7/avro-1.7.7.jar:/home/user/.m2/repository/com/thoughtworks/paranamer/paranamer/2.3/paranamer-2.3.jar:/home/user/.m2/repository/org/xerial/snappy/snappy-java/1.0.5/snappy-java-1.0.5.jar:/home/user/.m2/repository/com/google/re2j/re2j/1.1/re2j-1.1.jar:/home/user/.m2/repository/com/google/code/gson/gson/2.2.4/gson-2.2.4.jar:/home/user/.m2/repository/com/jcraft/jsch/0.1.54/jsch-0.1.54.jar:/home/user/.m2/repository/org/apache/curator/curator-client/2.12.0/curator-client-2.12.0.jar:/home/user/.m2/repository/org/apache/curator/curator-recipes/2.12.0/curator-recipes-2.12.0.jar:/home/user/.m2/repository/com/google/code/findbugs/jsr305/3.0.0/jsr305-3.0.0.jar:/home/user/.m2/repository/org/apache/htrace/htrace-core4/4.1.0-incubating/htrace-core4-4.1.0-incubating.jar:/home/user/.m2/repository/org/apache/zookeeper/zookeeper/3.4.13/zookeeper-3.4.13.jar:/home/user/.m2/repository/jline/jline/0.9.94/jline-0.9.94.jar:/home/user/.m2/repository/org/apache/yetus/audience-annotations/0.5.0/audience-annotations-0.5.0.jar:/home/user/.m2/repository/org/codehaus/woodstox/stax2-api/3.1.4/stax2-api-3.1.4.jar:/home/user/.m2/repository/com/fasterxml/woodstox/woodstox-core/5.0.3/woodstox-core-5.0.3.jar:/home/user/.m2/repository/dnsjava/dnsjava/2.1.7/dnsjava-2.1.7.jar:/home/user/.m2/repository/org/apache/hadoop/hadoop-hdfs/3.2.0/hadoop-hdfs-3.2.0-tests.jar:/home/user/.m2/repository/org/eclipse/jetty/jetty-util-ajax/9.3.25.v20180904/jetty-util-ajax-9.3.25.v20180904.jar:/home/user/.m2/repository/commons-daemon/commons-daemon/1.0.13/commons-daemon-1.0.13.jar:/home/user/.m2/repository/io/netty/netty/3.10.5.Final/netty-3.10.5.Final.jar:/home/user/.m2/repository/io/netty/netty-all/4.0.52.Final/netty-all-4.0.52.Final.jar:/home/user/.m2/repository/org/fusesource/leveldbjni/leveldbjni-all/1.8/leveldbjni-all-1.8.jar:"/>
    <property name="sun.cpu.endian" value="little"/>
    <property name="user.home" value="/home/user"/>
    <property name="user.language" value="en"/>
    <property name="java.specification.vendor" value="Oracle Corporation"/>
    <property name="java.home" value="/usr/lib/jvm/java-1.8-openjdk/jre"/>
    <property name="java.security.krb5.conf" value="/workdir/hadoop-ozone/integration-test/target/test-classes/krb5.conf"/>
    <property name="basedir" value="/workdir/hadoop-ozone/integration-test"/>
    <property name="file.separator" value="/"/>
    <property name="line.separator" value="&#10;"/>
    <property name="java.vm.specification.vendor" value="Oracle Corporation"/>
    <property name="java.specification.name" value="Java Platform API Specification"/>
    <property name="java.awt.graphicsenv" value="sun.awt.X11GraphicsEnvironment"/>
    <property name="surefire.real.class.path" value="/workdir/hadoop-ozone/integration-test/target/surefire/surefirebooter4645277972075600151.jar"/>
    <property name="hadoop.log.dir" value="/workdir/hadoop-ozone/integration-test/target/log"/>
    <property name="sun.boot.class.path" value="/usr/lib/jvm/java-1.8-openjdk/jre/lib/resources.jar:/usr/lib/jvm/java-1.8-openjdk/jre/lib/rt.jar:/usr/lib/jvm/java-1.8-openjdk/jre/lib/sunrsasign.jar:/usr/lib/jvm/java-1.8-openjdk/jre/lib/jsse.jar:/usr/lib/jvm/java-1.8-openjdk/jre/lib/jce.jar:/usr/lib/jvm/java-1.8-openjdk/jre/lib/charsets.jar:/usr/lib/jvm/java-1.8-openjdk/jre/lib/jfr.jar:/usr/lib/jvm/java-1.8-openjdk/jre/classes"/>
    <property name="sun.management.compiler" value="HotSpot 64-Bit Tiered Compilers"/>
    <property name="java.runtime.version" value="1.8.0_212-b04"/>
    <property name="java.net.preferIPv4Stack" value="true"/>
    <property name="user.name" value="jenkins1000"/>
    <property name="path.separator" value=":"/>
    <property name="java.security.egd" value="file:///dev/urandom"/>
    <property name="os.version" value="3.10.0-957.12.2.el7.x86_64"/>
    <property name="java.endorsed.dirs" value="/usr/lib/jvm/java-1.8-openjdk/jre/lib/endorsed"/>
    <property name="java.runtime.name" value="OpenJDK Runtime Environment"/>
    <property name="file.encoding" value="UTF-8"/>
    <property name="java.vm.name" value="OpenJDK 64-Bit Server VM"/>
    <property name="test.build.webapps" value=""/>
    <property name="localRepository" value="/home/user/.m2/repository"/>
    <property name="java.vendor.url.bug" value="https://icedtea.classpath.org/bugzilla"/>
    <property name="java.io.tmpdir" value="/tmp"/>
    <property name="require.test.libhadoop" value=""/>
    <property name="java.version" value="1.8.0_212"/>
    <property name="user.dir" value="/workdir/hadoop-ozone/integration-test"/>
    <property name="os.arch" value="amd64"/>
    <property name="java.vm.specification.name" value="Java Virtual Machine Specification"/>
    <property name="test.build.classes" value="/workdir/hadoop-ozone/integration-test/target/test-classes"/>
    <property name="java.awt.printerjob" value="sun.print.PSPrinterJob"/>
    <property name="sun.os.patch.level" value="unknown"/>
    <property name="hadoop.tmp.dir" value="/workdir/hadoop-ozone/integration-test/target/tmp"/>
    <property name="java.library.path" value="/usr/lib/jvm/java-1.8-openjdk/jre/lib/amd64/server:/usr/lib/jvm/java-1.8-openjdk/jre/lib/amd64:/usr/lib/jvm/java-1.8-openjdk/jre/../lib/amd64:/workdir/hadoop-ozone/integration-test/target/native/target/usr/local/lib:/workdir/hadoop-ozone/integration-test/../../hadoop-common-project/hadoop-common/target/native/target/usr/local/lib:/usr/java/packages/lib/amd64:/usr/lib64:/lib64:/lib:/usr/lib"/>
    <property name="java.vm.info" value="mixed mode"/>
    <property name="java.vendor" value="IcedTea"/>
    <property name="java.vm.version" value="25.212-b04"/>
    <property name="java.ext.dirs" value="/usr/lib/jvm/java-1.8-openjdk/jre/lib/ext:/usr/java/packages/lib/ext"/>
    <property name="sun.io.unicode.encoding" value="UnicodeLittle"/>
    <property name="java.class.version" value="52.0"/>
  </properties>
  <testcase name="testBlockWriteViaRatis" classname="org.apache.hadoop.ozone.client.rpc.TestCloseContainerHandlingByClient" time="6.953">
    <failure type="java.lang.AssertionError">java.lang.AssertionError
	at org.junit.Assert.fail(Assert.java:86)
	at org.junit.Assert.assertTrue(Assert.java:41)
	at org.junit.Assert.assertFalse(Assert.java:64)
	at org.junit.Assert.assertFalse(Assert.java:74)
	at org.apache.hadoop.ozone.container.ContainerTestHelper.waitForContainerClose(ContainerTestHelper.java:847)
	at org.apache.hadoop.ozone.container.ContainerTestHelper.waitForContainerClose(ContainerTestHelper.java:741)
	at org.apache.hadoop.ozone.client.rpc.TestCloseContainerHandlingByClient.waitForContainerClose(TestCloseContainerHandlingByClient.java:342)
	at org.apache.hadoop.ozone.client.rpc.TestCloseContainerHandlingByClient.testBlockWriteViaRatis(TestCloseContainerHandlingByClient.java:421)
	at sun.reflect.NativeMethodAccessorImpl.invoke0(Native Method)
	at sun.reflect.NativeMethodAccessorImpl.invoke(NativeMethodAccessorImpl.java:62)
	at sun.reflect.DelegatingMethodAccessorImpl.invoke(DelegatingMethodAccessorImpl.java:43)
	at java.lang.reflect.Method.invoke(Method.java:498)
	at org.junit.runners.model.FrameworkMethod$1.runReflectiveCall(FrameworkMethod.java:47)
	at org.junit.internal.runners.model.ReflectiveCallable.run(ReflectiveCallable.java:12)
	at org.junit.runners.model.FrameworkMethod.invokeExplosively(FrameworkMethod.java:44)
	at org.junit.internal.runners.statements.InvokeMethod.evaluate(InvokeMethod.java:17)
	at org.junit.runners.ParentRunner.runLeaf(ParentRunner.java:271)
	at org.junit.runners.BlockJUnit4ClassRunner.runChild(BlockJUnit4ClassRunner.java:70)
	at org.junit.runners.BlockJUnit4ClassRunner.runChild(BlockJUnit4ClassRunner.java:50)
	at org.junit.runners.ParentRunner$3.run(ParentRunner.java:238)
	at org.junit.runners.ParentRunner$1.schedule(ParentRunner.java:63)
	at org.junit.runners.ParentRunner.runChildren(ParentRunner.java:236)
	at org.junit.runners.ParentRunner.access$000(ParentRunner.java:53)
	at org.junit.runners.ParentRunner$2.evaluate(ParentRunner.java:229)
	at org.junit.internal.runners.statements.RunBefores.evaluate(RunBefores.java:26)
	at org.junit.internal.runners.statements.RunAfters.evaluate(RunAfters.java:27)
	at org.junit.runners.ParentRunner.run(ParentRunner.java:309)
	at org.apache.maven.surefire.junit4.JUnit4Provider.execute(JUnit4Provider.java:365)
	at org.apache.maven.surefire.junit4.JUnit4Provider.executeWithRerun(JUnit4Provider.java:273)
	at org.apache.maven.surefire.junit4.JUnit4Provider.executeTestSet(JUnit4Provider.java:238)
	at org.apache.maven.surefire.junit4.JUnit4Provider.invoke(JUnit4Provider.java:159)
	at org.apache.maven.surefire.booter.ForkedBooter.invokeProviderInSameClassLoader(ForkedBooter.java:384)
	at org.apache.maven.surefire.booter.ForkedBooter.runSuitesInProcess(ForkedBooter.java:345)
	at org.apache.maven.surefire.booter.ForkedBooter.execute(ForkedBooter.java:126)
	at org.apache.maven.surefire.booter.ForkedBooter.main(ForkedBooter.java:418)
</failure>
    <system-out><![CDATA[2019-10-02 07:46:37,239 [main] WARN  server.ServerUtils (ServerUtils.java:getScmDbDir(145)) - ozone.scm.db.dirs is not configured. We recommend adding this setting. Falling back to ozone.metadata.dirs instead.
2019-10-02 07:46:37,342 [main] WARN  server.ServerUtils (ServerUtils.java:getScmDbDir(145)) - ozone.scm.db.dirs is not configured. We recommend adding this setting. Falling back to ozone.metadata.dirs instead.
2019-10-02 07:46:37,345 [main] WARN  server.ServerUtils (ServerUtils.java:getScmDbDir(145)) - ozone.scm.db.dirs is not configured. We recommend adding this setting. Falling back to ozone.metadata.dirs instead.
2019-10-02 07:46:37,363 [main] INFO  util.log (Log.java:initialized(192)) - Logging initialized @874ms
2019-10-02 07:46:37,464 [main] INFO  db.DBStoreBuilder (DBStoreBuilder.java:addTable(110)) - using custom profile for table: deletedBlocks
2019-10-02 07:46:37,464 [main] INFO  db.DBStoreBuilder (DBStoreBuilder.java:processTables(161)) - Using default column profile:DBProfile.DISK for Table:deletedBlocks
2019-10-02 07:46:37,465 [main] INFO  db.DBStoreBuilder (DBStoreBuilder.java:addTable(110)) - using custom profile for table: validCerts
2019-10-02 07:46:37,465 [main] INFO  db.DBStoreBuilder (DBStoreBuilder.java:processTables(161)) - Using default column profile:DBProfile.DISK for Table:validCerts
2019-10-02 07:46:37,465 [main] INFO  db.DBStoreBuilder (DBStoreBuilder.java:addTable(110)) - using custom profile for table: revokedCerts
2019-10-02 07:46:37,466 [main] INFO  db.DBStoreBuilder (DBStoreBuilder.java:processTables(161)) - Using default column profile:DBProfile.DISK for Table:revokedCerts
2019-10-02 07:46:37,477 [main] INFO  db.DBStoreBuilder (DBStoreBuilder.java:addTable(110)) - using custom profile for table: default
2019-10-02 07:46:37,478 [main] INFO  db.DBStoreBuilder (DBStoreBuilder.java:processTables(167)) - Using default column profile:DBProfile.DISK for Table:default
2019-10-02 07:46:37,479 [main] INFO  db.DBStoreBuilder (DBStoreBuilder.java:getDbProfile(198)) - Using default options. DBProfile.DISK
2019-10-02 07:46:37,806 [main] INFO  net.NodeSchemaLoader (NodeSchemaLoader.java:loadSchemaFromFile(125)) - Loading file from sun.misc.CompoundEnumeration@47eaca72
2019-10-02 07:46:37,808 [main] INFO  net.NodeSchemaLoader (NodeSchemaLoader.java:loadSchema(171)) - Loading network topology layer schema file
2019-10-02 07:46:37,880 [main] INFO  node.SCMNodeManager (SCMNodeManager.java:<init>(114)) - Entering startup safe mode.
2019-10-02 07:46:37,953 [main] INFO  algorithms.ContainerPlacementPolicyFactory (ContainerPlacementPolicyFactory.java:getPolicy(57)) - Create container placement policy of type org.apache.hadoop.hdds.scm.container.placement.algorithms.SCMContainerPlacementRandom
2019-10-02 07:46:37,967 [main] WARN  server.ServerUtils (ServerUtils.java:getScmDbDir(145)) - ozone.scm.db.dirs is not configured. We recommend adding this setting. Falling back to ozone.metadata.dirs instead.
2019-10-02 07:46:38,072 [main] INFO  pipeline.SCMPipelineManager (SCMPipelineManager.java:initializePipelineState(132)) - No pipeline exists in current db
2019-10-02 07:46:38,075 [main] WARN  server.ServerUtils (ServerUtils.java:getScmDbDir(145)) - ozone.scm.db.dirs is not configured. We recommend adding this setting. Falling back to ozone.metadata.dirs instead.
2019-10-02 07:46:38,216 [main] WARN  events.EventQueue (EventQueue.java:fireEvent(183)) - No event handler registered for event TypedEvent{payloadType=SafeModeStatus, name='SafeModeStatus'}
2019-10-02 07:46:38,598 [main] INFO  ipc.CallQueueManager (CallQueueManager.java:<init>(84)) - Using callQueue: class java.util.concurrent.LinkedBlockingQueue, queueCapacity: 2000, scheduler: class org.apache.hadoop.ipc.DefaultRpcScheduler, ipcBackoff: false.
2019-10-02 07:46:38,634 [Socket Reader #1 for port 39479] INFO  ipc.Server (Server.java:run(1074)) - Starting Socket Reader #1 for port 39479
2019-10-02 07:46:38,786 [main] INFO  ipc.CallQueueManager (CallQueueManager.java:<init>(84)) - Using callQueue: class java.util.concurrent.LinkedBlockingQueue, queueCapacity: 2000, scheduler: class org.apache.hadoop.ipc.DefaultRpcScheduler, ipcBackoff: false.
2019-10-02 07:46:38,787 [Socket Reader #1 for port 43885] INFO  ipc.Server (Server.java:run(1074)) - Starting Socket Reader #1 for port 43885
2019-10-02 07:46:38,801 [main] INFO  ipc.CallQueueManager (CallQueueManager.java:<init>(84)) - Using callQueue: class java.util.concurrent.LinkedBlockingQueue, queueCapacity: 2000, scheduler: class org.apache.hadoop.ipc.DefaultRpcScheduler, ipcBackoff: false.
2019-10-02 07:46:38,802 [Socket Reader #1 for port 34558] INFO  ipc.Server (Server.java:run(1074)) - Starting Socket Reader #1 for port 34558
2019-10-02 07:46:38,829 [main] INFO  hdfs.DFSUtil (DFSUtil.java:httpServerTemplateForNNAndJN(1641)) - Starting Web-server for scm at: http://0.0.0.0:0
2019-10-02 07:46:38,997 [main] INFO  server.AuthenticationFilter (AuthenticationFilter.java:constructSecretProvider(240)) - Unable to initialize FileSignerSecretProvider, falling back to use random secrets.
2019-10-02 07:46:39,005 [main] WARN  http.HttpRequestLog (HttpRequestLog.java:getRequestLog(97)) - Jetty request log can only be enabled using Log4j
2019-10-02 07:46:39,013 [main] INFO  http.HttpServer2 (HttpServer2.java:addGlobalFilter(975)) - Added global filter 'safety' (class=org.apache.hadoop.http.HttpServer2$QuotingInputFilter)
2019-10-02 07:46:39,017 [main] INFO  http.HttpServer2 (HttpServer2.java:addFilter(948)) - Added filter static_user_filter (class=org.apache.hadoop.http.lib.StaticUserWebFilter$StaticUserFilter) to context scm
2019-10-02 07:46:39,017 [main] INFO  http.HttpServer2 (HttpServer2.java:addFilter(958)) - Added filter static_user_filter (class=org.apache.hadoop.http.lib.StaticUserWebFilter$StaticUserFilter) to context static
2019-10-02 07:46:39,017 [main] INFO  http.HttpServer2 (HttpServer2.java:addFilter(958)) - Added filter static_user_filter (class=org.apache.hadoop.http.lib.StaticUserWebFilter$StaticUserFilter) to context logs
2019-10-02 07:46:39,052 [main] INFO  server.StorageContainerManager (StorageContainerManager.java:start(770)) - StorageContainerLocationProtocol RPC server is listening at /0.0.0.0:34558
2019-10-02 07:46:39,120 [main] WARN  impl.MetricsConfig (MetricsConfig.java:loadFirst(134)) - Cannot locate configuration: tried hadoop-metrics2-storagecontainermanager.properties,hadoop-metrics2.properties
2019-10-02 07:46:39,133 [main] INFO  impl.MetricsSystemImpl (MetricsSystemImpl.java:startTimer(374)) - Scheduled Metric snapshot period at 10 second(s).
2019-10-02 07:46:39,133 [main] INFO  impl.MetricsSystemImpl (MetricsSystemImpl.java:start(191)) - StorageContainerManager metrics system started
2019-10-02 07:46:39,387 [main] INFO  server.SCMClientProtocolServer (SCMClientProtocolServer.java:start(150)) - RPC server for Client  is listening at /0.0.0.0:34558
2019-10-02 07:46:39,387 [IPC Server listener on 34558] INFO  ipc.Server (Server.java:run(1153)) - IPC Server listener on 34558: starting
2019-10-02 07:46:39,387 [IPC Server Responder] INFO  ipc.Server (Server.java:run(1314)) - IPC Server Responder: starting
2019-10-02 07:46:39,390 [main] INFO  server.StorageContainerManager (StorageContainerManager.java:start(780)) - ScmBlockLocationProtocol RPC server is listening at /0.0.0.0:43885
2019-10-02 07:46:39,391 [main] INFO  server.SCMBlockProtocolServer (SCMBlockProtocolServer.java:start(146)) - RPC server for Block Protocol is listening at /0.0.0.0:43885
2019-10-02 07:46:39,392 [IPC Server Responder] INFO  ipc.Server (Server.java:run(1314)) - IPC Server Responder: starting
2019-10-02 07:46:39,392 [IPC Server listener on 43885] INFO  ipc.Server (Server.java:run(1153)) - IPC Server listener on 43885: starting
2019-10-02 07:46:39,393 [main] INFO  server.StorageContainerManager (StorageContainerManager.java:start(784)) - ScmDatanodeProtocl RPC server is listening at /0.0.0.0:39479
2019-10-02 07:46:39,394 [main] INFO  server.SCMDatanodeProtocolServer (SCMDatanodeProtocolServer.java:start(191)) - RPC server for DataNodes is listening at /0.0.0.0:39479
2019-10-02 07:46:39,394 [IPC Server Responder] INFO  ipc.Server (Server.java:run(1314)) - IPC Server Responder: starting
2019-10-02 07:46:39,394 [IPC Server listener on 39479] INFO  ipc.Server (Server.java:run(1153)) - IPC Server listener on 39479: starting
2019-10-02 07:46:39,397 [main] INFO  http.HttpServer2 (HttpServer2.java:bindListener(1191)) - Jetty bound to port 40570
2019-10-02 07:46:39,399 [main] INFO  server.Server (Server.java:doStart(351)) - jetty-9.3.25.v20180904, build timestamp: 2018-09-04T21:11:46Z, git hash: 3ce520221d0240229c862b122d2b06c12a625732
2019-10-02 07:46:39,436 [main] INFO  handler.ContextHandler (ContextHandler.java:doStart(781)) - Started o.e.j.s.ServletContextHandler@5e1fa5b1{/logs,file:///workdir/hadoop-ozone/integration-test/target/log,AVAILABLE}
2019-10-02 07:46:39,437 [main] INFO  handler.ContextHandler (ContextHandler.java:doStart(781)) - Started o.e.j.s.ServletContextHandler@2f17e30d{/static,file:///workdir/hadoop-ozone/integration-test/target/test-classes/webapps/static,AVAILABLE}
2019-10-02 07:46:39,471 [main] INFO  handler.ContextHandler (ContextHandler.java:doStart(781)) - Started o.e.j.w.WebAppContext@758f4f03{/,file:///workdir/hadoop-ozone/integration-test/target/test-classes/webapps/scm/,AVAILABLE}{/scm}
2019-10-02 07:46:39,477 [main] INFO  server.AbstractConnector (AbstractConnector.java:doStart(278)) - Started ServerConnector@e24ddd0{HTTP/1.1,[http/1.1]}{0.0.0.0:40570}
2019-10-02 07:46:39,477 [main] INFO  server.Server (Server.java:doStart(419)) - Started @2987ms
2019-10-02 07:46:39,479 [main] INFO  impl.MetricsSinkAdapter (MetricsSinkAdapter.java:start(204)) - Sink prometheus started
2019-10-02 07:46:39,479 [main] INFO  impl.MetricsSystemImpl (MetricsSystemImpl.java:registerSink(301)) - Registered sink prometheus
2019-10-02 07:46:39,481 [main] INFO  server.BaseHttpServer (BaseHttpServer.java:updateConnectorAddress(215)) - HTTP server of SCM is listening at http://0.0.0.0:40570
2019-10-02 07:46:39,487 [org.apache.hadoop.util.JvmPauseMonitor$Monitor@24a1c17f] INFO  util.JvmPauseMonitor (JvmPauseMonitor.java:run(188)) - Starting JVM pause monitor
2019-10-02 07:46:39,491 [main] WARN  server.ServerUtils (ServerUtils.java:getDBPath(222)) - ozone.om.db.dirs is not configured. We recommend adding this setting. Falling back to ozone.metadata.dirs instead.
2019-10-02 07:46:39,600 [main] WARN  server.ServerUtils (ServerUtils.java:getDBPath(222)) - ozone.om.db.dirs is not configured. We recommend adding this setting. Falling back to ozone.metadata.dirs instead.
2019-10-02 07:46:39,600 [main] WARN  server.ServerUtils (ServerUtils.java:getDBPath(222)) - ozone.om.db.dirs is not configured. We recommend adding this setting. Falling back to ozone.metadata.dirs instead.
2019-10-02 07:46:39,601 [main] INFO  om.OzoneManager (OzoneManager.java:setOMNodeDetails(652)) - OM Service ID is not set. Setting it to the default ID: omServiceIdDefault
2019-10-02 07:46:39,601 [main] INFO  om.OzoneManager (OzoneManager.java:setOMNodeDetails(658)) - OM Node ID is not set. Setting it to the OmStorage's OmID: 6f38dff8-578a-450e-9a0b-f2107dfd8b13
2019-10-02 07:46:39,603 [main] INFO  om.OzoneManager (OzoneManager.java:loadOMHAConfigs(609)) - Found matching OM address with OMServiceId: null, OMNodeId: null, RPC Address: localhost:0 and Ratis port: 9872
2019-10-02 07:46:40,301 [main] WARN  server.ServerUtils (ServerUtils.java:getDBPath(222)) - ozone.om.db.dirs is not configured. We recommend adding this setting. Falling back to ozone.metadata.dirs instead.
2019-10-02 07:46:40,309 [main] INFO  db.DBStoreBuilder (DBStoreBuilder.java:addTable(110)) - using custom profile for table: userTable
2019-10-02 07:46:40,310 [main] INFO  db.DBStoreBuilder (DBStoreBuilder.java:processTables(161)) - Using default column profile:DBProfile.DISK for Table:userTable
2019-10-02 07:46:40,310 [main] INFO  db.DBStoreBuilder (DBStoreBuilder.java:addTable(110)) - using custom profile for table: volumeTable
2019-10-02 07:46:40,310 [main] INFO  db.DBStoreBuilder (DBStoreBuilder.java:processTables(161)) - Using default column profile:DBProfile.DISK for Table:volumeTable
2019-10-02 07:46:40,310 [main] INFO  db.DBStoreBuilder (DBStoreBuilder.java:addTable(110)) - using custom profile for table: bucketTable
2019-10-02 07:46:40,310 [main] INFO  db.DBStoreBuilder (DBStoreBuilder.java:processTables(161)) - Using default column profile:DBProfile.DISK for Table:bucketTable
2019-10-02 07:46:40,311 [main] INFO  db.DBStoreBuilder (DBStoreBuilder.java:addTable(110)) - using custom profile for table: keyTable
2019-10-02 07:46:40,311 [main] INFO  db.DBStoreBuilder (DBStoreBuilder.java:processTables(161)) - Using default column profile:DBProfile.DISK for Table:keyTable
2019-10-02 07:46:40,311 [main] INFO  db.DBStoreBuilder (DBStoreBuilder.java:addTable(110)) - using custom profile for table: deletedTable
2019-10-02 07:46:40,311 [main] INFO  db.DBStoreBuilder (DBStoreBuilder.java:processTables(161)) - Using default column profile:DBProfile.DISK for Table:deletedTable
2019-10-02 07:46:40,312 [main] INFO  db.DBStoreBuilder (DBStoreBuilder.java:addTable(110)) - using custom profile for table: openKeyTable
2019-10-02 07:46:40,312 [main] INFO  db.DBStoreBuilder (DBStoreBuilder.java:processTables(161)) - Using default column profile:DBProfile.DISK for Table:openKeyTable
2019-10-02 07:46:40,312 [main] INFO  db.DBStoreBuilder (DBStoreBuilder.java:addTable(110)) - using custom profile for table: s3Table
2019-10-02 07:46:40,312 [main] INFO  db.DBStoreBuilder (DBStoreBuilder.java:processTables(161)) - Using default column profile:DBProfile.DISK for Table:s3Table
2019-10-02 07:46:40,313 [main] INFO  db.DBStoreBuilder (DBStoreBuilder.java:addTable(110)) - using custom profile for table: multipartInfoTable
2019-10-02 07:46:40,313 [main] INFO  db.DBStoreBuilder (DBStoreBuilder.java:processTables(161)) - Using default column profile:DBProfile.DISK for Table:multipartInfoTable
2019-10-02 07:46:40,313 [main] INFO  db.DBStoreBuilder (DBStoreBuilder.java:addTable(110)) - using custom profile for table: dTokenTable
2019-10-02 07:46:40,313 [main] INFO  db.DBStoreBuilder (DBStoreBuilder.java:processTables(161)) - Using default column profile:DBProfile.DISK for Table:dTokenTable
2019-10-02 07:46:40,313 [main] INFO  db.DBStoreBuilder (DBStoreBuilder.java:addTable(110)) - using custom profile for table: s3SecretTable
2019-10-02 07:46:40,314 [main] INFO  db.DBStoreBuilder (DBStoreBuilder.java:processTables(161)) - Using default column profile:DBProfile.DISK for Table:s3SecretTable
2019-10-02 07:46:40,314 [main] INFO  db.DBStoreBuilder (DBStoreBuilder.java:addTable(110)) - using custom profile for table: prefixTable
2019-10-02 07:46:40,314 [main] INFO  db.DBStoreBuilder (DBStoreBuilder.java:processTables(161)) - Using default column profile:DBProfile.DISK for Table:prefixTable
2019-10-02 07:46:40,314 [main] INFO  db.DBStoreBuilder (DBStoreBuilder.java:addTable(110)) - using custom profile for table: default
2019-10-02 07:46:40,315 [main] INFO  db.DBStoreBuilder (DBStoreBuilder.java:processTables(167)) - Using default column profile:DBProfile.DISK for Table:default
2019-10-02 07:46:40,315 [main] INFO  db.DBStoreBuilder (DBStoreBuilder.java:getDbProfile(198)) - Using default options. DBProfile.DISK
2019-10-02 07:46:40,978 [main] INFO  ipc.CallQueueManager (CallQueueManager.java:<init>(84)) - Using callQueue: class java.util.concurrent.LinkedBlockingQueue, queueCapacity: 2000, scheduler: class org.apache.hadoop.ipc.DefaultRpcScheduler, ipcBackoff: false.
2019-10-02 07:46:40,979 [Socket Reader #1 for port 43417] INFO  ipc.Server (Server.java:run(1074)) - Starting Socket Reader #1 for port 43417
2019-10-02 07:46:41,003 [main] INFO  om.OzoneManager (OzoneManager.java:start(1243)) - OzoneManager RPC server is listening at localhost/127.0.0.1:43417
2019-10-02 07:46:41,003 [main] INFO  impl.MetricsSystemImpl (MetricsSystemImpl.java:init(158)) - OzoneManager metrics system started (again)
2019-10-02 07:46:41,004 [IPC Server Responder] INFO  ipc.Server (Server.java:run(1314)) - IPC Server Responder: starting
2019-10-02 07:46:41,004 [IPC Server listener on 43417] INFO  ipc.Server (Server.java:run(1153)) - IPC Server listener on 43417: starting
2019-10-02 07:46:41,011 [main] INFO  hdfs.DFSUtil (DFSUtil.java:httpServerTemplateForNNAndJN(1641)) - Starting Web-server for ozoneManager at: http://0.0.0.0:0
2019-10-02 07:46:41,013 [main] INFO  server.AuthenticationFilter (AuthenticationFilter.java:constructSecretProvider(240)) - Unable to initialize FileSignerSecretProvider, falling back to use random secrets.
2019-10-02 07:46:41,014 [main] WARN  http.HttpRequestLog (HttpRequestLog.java:getRequestLog(97)) - Jetty request log can only be enabled using Log4j
2019-10-02 07:46:41,018 [main] INFO  http.HttpServer2 (HttpServer2.java:addGlobalFilter(975)) - Added global filter 'safety' (class=org.apache.hadoop.http.HttpServer2$QuotingInputFilter)
2019-10-02 07:46:41,019 [main] INFO  http.HttpServer2 (HttpServer2.java:addFilter(948)) - Added filter static_user_filter (class=org.apache.hadoop.http.lib.StaticUserWebFilter$StaticUserFilter) to context ozoneManager
2019-10-02 07:46:41,019 [main] INFO  http.HttpServer2 (HttpServer2.java:addFilter(958)) - Added filter static_user_filter (class=org.apache.hadoop.http.lib.StaticUserWebFilter$StaticUserFilter) to context static
2019-10-02 07:46:41,020 [main] INFO  http.HttpServer2 (HttpServer2.java:addFilter(958)) - Added filter static_user_filter (class=org.apache.hadoop.http.lib.StaticUserWebFilter$StaticUserFilter) to context logs
2019-10-02 07:46:41,023 [main] INFO  http.HttpServer2 (HttpServer2.java:bindListener(1191)) - Jetty bound to port 34266
2019-10-02 07:46:41,023 [main] INFO  server.Server (Server.java:doStart(351)) - jetty-9.3.25.v20180904, build timestamp: 2018-09-04T21:11:46Z, git hash: 3ce520221d0240229c862b122d2b06c12a625732
2019-10-02 07:46:41,026 [main] INFO  handler.ContextHandler (ContextHandler.java:doStart(781)) - Started o.e.j.s.ServletContextHandler@58cec85b{/logs,file:///workdir/hadoop-ozone/integration-test/target/log,AVAILABLE}
2019-10-02 07:46:41,027 [main] INFO  handler.ContextHandler (ContextHandler.java:doStart(781)) - Started o.e.j.s.ServletContextHandler@1542af63{/static,file:///workdir/hadoop-ozone/integration-test/target/test-classes/webapps/static,AVAILABLE}
2019-10-02 07:46:41,046 [main] INFO  handler.ContextHandler (ContextHandler.java:doStart(781)) - Started o.e.j.w.WebAppContext@529cfee5{/,file:///workdir/hadoop-ozone/integration-test/target/test-classes/webapps/ozoneManager/,AVAILABLE}{/ozoneManager}
2019-10-02 07:46:41,047 [main] INFO  server.AbstractConnector (AbstractConnector.java:doStart(278)) - Started ServerConnector@7ca0863b{HTTP/1.1,[http/1.1]}{0.0.0.0:34266}
2019-10-02 07:46:41,049 [main] INFO  server.Server (Server.java:doStart(419)) - Started @4559ms
2019-10-02 07:46:41,049 [main] WARN  impl.MetricsSystemImpl (MetricsSystemImpl.java:register(276)) - Sink prometheus already exists!
2019-10-02 07:46:41,050 [main] INFO  server.BaseHttpServer (BaseHttpServer.java:updateConnectorAddress(215)) - HTTP server of OZONEMANAGER is listening at http://0.0.0.0:34266
2019-10-02 07:46:41,357 [main] INFO  impl.MetricsSystemImpl (MetricsSystemImpl.java:init(158)) - HddsDatanode metrics system started (again)
2019-10-02 07:46:41,410 [main] INFO  ozone.HddsDatanodeService (HddsDatanodeService.java:start(184)) - HddsDatanodeService host:pr-hdds-2227-gdpr-vz6hn-2718222164 ip:192.168.164.211
2019-10-02 07:46:41,444 [main] INFO  volume.HddsVolume (HddsVolume.java:<init>(176)) - Creating Volume: /workdir/hadoop-ozone/integration-test/target/test-dir/MiniOzoneClusterImpl-5bb48fee-652f-43d0-b5cd-50152d7826d1/datanode-0/data/containers/hdds of  storage type : DISK and capacity : 1482555576320
2019-10-02 07:46:41,447 [main] INFO  volume.VolumeSet (VolumeSet.java:initializeVolumeSet(170)) - Added Volume : /workdir/hadoop-ozone/integration-test/target/test-dir/MiniOzoneClusterImpl-5bb48fee-652f-43d0-b5cd-50152d7826d1/datanode-0/data/containers/hdds to VolumeSet
2019-10-02 07:46:41,451 [main] INFO  volume.ThrottledAsyncChecker (ThrottledAsyncChecker.java:schedule(139)) - Scheduling a check for org.apache.hadoop.ozone.container.common.volume.HddsVolume@290aeb20
2019-10-02 07:46:41,475 [main] INFO  volume.HddsVolumeChecker (HddsVolumeChecker.java:checkAllVolumes(202)) - Scheduled health check for volume org.apache.hadoop.ozone.container.common.volume.HddsVolume@290aeb20
2019-10-02 07:46:41,589 [main] INFO  impl.RaftServerProxy (ConfUtils.java:logGet(43)) - raft.rpc.type = GRPC (default)
2019-10-02 07:46:41,656 [main] INFO  grpc.GrpcFactory (GrpcFactory.java:checkPooledByteBufAllocatorUseCacheForAllThreads(45)) - PERFORMANCE WARNING: useCacheForAllThreads is true that may cause Netty to create a lot garbage objects and, as a result, trigger GC.
	It is recommended to disable useCacheForAllThreads by setting -Dorg.apache.ratis.thirdparty.io.netty.allocator.useCacheForAllThreads=false in command line.
2019-10-02 07:46:41,661 [main] INFO  grpc.GrpcConfigKeys$Server (ConfUtils.java:logGet(43)) - raft.grpc.server.port = 0 (default)
2019-10-02 07:46:41,662 [main] INFO  server.GrpcService (ConfUtils.java:logGet(43)) - raft.grpc.message.size.max = 33570816 (custom)
2019-10-02 07:46:41,663 [main] INFO  server.RaftServerConfigKeys (ConfUtils.java:logGet(43)) - raft.server.log.appender.buffer.byte-limit = 33554432 (custom)
2019-10-02 07:46:41,664 [main] INFO  server.GrpcService (ConfUtils.java:logGet(43)) - raft.grpc.flow.control.window = 1MB (=1048576) (default)
2019-10-02 07:46:41,665 [main] INFO  server.RaftServerConfigKeys (ConfUtils.java:logGet(43)) - raft.server.rpc.request.timeout = 3000ms (default)
2019-10-02 07:46:41,830 [main] INFO  server.RaftServerConfigKeys (ConfUtils.java:logGet(43)) - raft.server.storage.dir = [/workdir/hadoop-ozone/integration-test/target/test-dir/MiniOzoneClusterImpl-5bb48fee-652f-43d0-b5cd-50152d7826d1/datanode-0/data/ratis] (custom)
2019-10-02 07:46:41,899 [main] INFO  hdfs.DFSUtil (DFSUtil.java:httpServerTemplateForNNAndJN(1641)) - Starting Web-server for hddsDatanode at: http://0.0.0.0:0
2019-10-02 07:46:41,901 [main] INFO  server.AuthenticationFilter (AuthenticationFilter.java:constructSecretProvider(240)) - Unable to initialize FileSignerSecretProvider, falling back to use random secrets.
2019-10-02 07:46:41,902 [main] WARN  http.HttpRequestLog (HttpRequestLog.java:getRequestLog(97)) - Jetty request log can only be enabled using Log4j
2019-10-02 07:46:41,904 [main] INFO  http.HttpServer2 (HttpServer2.java:addGlobalFilter(975)) - Added global filter 'safety' (class=org.apache.hadoop.http.HttpServer2$QuotingInputFilter)
2019-10-02 07:46:41,904 [main] INFO  http.HttpServer2 (HttpServer2.java:addFilter(948)) - Added filter static_user_filter (class=org.apache.hadoop.http.lib.StaticUserWebFilter$StaticUserFilter) to context hddsDatanode
2019-10-02 07:46:41,905 [main] INFO  http.HttpServer2 (HttpServer2.java:addFilter(958)) - Added filter static_user_filter (class=org.apache.hadoop.http.lib.StaticUserWebFilter$StaticUserFilter) to context logs
2019-10-02 07:46:41,905 [main] INFO  http.HttpServer2 (HttpServer2.java:addFilter(958)) - Added filter static_user_filter (class=org.apache.hadoop.http.lib.StaticUserWebFilter$StaticUserFilter) to context static
2019-10-02 07:46:41,906 [main] INFO  http.HttpServer2 (HttpServer2.java:bindListener(1191)) - Jetty bound to port 36178
2019-10-02 07:46:41,906 [main] INFO  server.Server (Server.java:doStart(351)) - jetty-9.3.25.v20180904, build timestamp: 2018-09-04T21:11:46Z, git hash: 3ce520221d0240229c862b122d2b06c12a625732
2019-10-02 07:46:41,909 [main] INFO  handler.ContextHandler (ContextHandler.java:doStart(781)) - Started o.e.j.s.ServletContextHandler@2f236de0{/logs,file:///workdir/hadoop-ozone/integration-test/target/log,AVAILABLE}
2019-10-02 07:46:41,909 [main] INFO  handler.ContextHandler (ContextHandler.java:doStart(781)) - Started o.e.j.s.ServletContextHandler@767a014e{/static,jar:file:/home/user/.m2/repository/org/apache/hadoop/hadoop-hdds-container-service/0.5.0-SNAPSHOT/hadoop-hdds-container-service-0.5.0-SNAPSHOT.jar!/webapps/static,AVAILABLE}
2019-10-02 07:46:41,946 [main] INFO  handler.ContextHandler (ContextHandler.java:doStart(781)) - Started o.e.j.w.WebAppContext@80bfdc6{/,file:///tmp/jetty-0.0.0.0-36178-hddsDatanode-_-any-4455823644163582298.dir/webapp/,AVAILABLE}{/hddsDatanode}
2019-10-02 07:46:41,947 [main] INFO  server.AbstractConnector (AbstractConnector.java:doStart(278)) - Started ServerConnector@6edcad64{HTTP/1.1,[http/1.1]}{0.0.0.0:36178}
2019-10-02 07:46:41,947 [main] INFO  server.Server (Server.java:doStart(419)) - Started @5458ms
2019-10-02 07:46:41,947 [main] WARN  impl.MetricsSystemImpl (MetricsSystemImpl.java:register(276)) - Sink prometheus already exists!
2019-10-02 07:46:41,948 [main] INFO  server.BaseHttpServer (BaseHttpServer.java:updateConnectorAddress(215)) - HTTP server of HDDSDATANODE is listening at http://0.0.0.0:36178
2019-10-02 07:46:41,949 [main] INFO  impl.MetricsSystemImpl (MetricsSystemImpl.java:init(158)) - HddsDatanode metrics system started (again)
2019-10-02 07:46:41,952 [main] INFO  ozone.HddsDatanodeService (HddsDatanodeService.java:start(184)) - HddsDatanodeService host:pr-hdds-2227-gdpr-vz6hn-2718222164 ip:192.168.164.211
2019-10-02 07:46:41,955 [org.apache.hadoop.util.JvmPauseMonitor$Monitor@61a9de2d] INFO  util.JvmPauseMonitor (JvmPauseMonitor.java:run(188)) - Starting JVM pause monitor
2019-10-02 07:46:41,961 [main] INFO  volume.HddsVolume (HddsVolume.java:<init>(176)) - Creating Volume: /workdir/hadoop-ozone/integration-test/target/test-dir/MiniOzoneClusterImpl-5bb48fee-652f-43d0-b5cd-50152d7826d1/datanode-1/data/containers/hdds of  storage type : DISK and capacity : 1482555576320
2019-10-02 07:46:41,962 [main] INFO  volume.VolumeSet (VolumeSet.java:initializeVolumeSet(170)) - Added Volume : /workdir/hadoop-ozone/integration-test/target/test-dir/MiniOzoneClusterImpl-5bb48fee-652f-43d0-b5cd-50152d7826d1/datanode-1/data/containers/hdds to VolumeSet
2019-10-02 07:46:41,963 [main] INFO  volume.ThrottledAsyncChecker (ThrottledAsyncChecker.java:schedule(139)) - Scheduling a check for org.apache.hadoop.ozone.container.common.volume.HddsVolume@6dfa915a
2019-10-02 07:46:41,964 [main] INFO  volume.HddsVolumeChecker (HddsVolumeChecker.java:checkAllVolumes(202)) - Scheduled health check for volume org.apache.hadoop.ozone.container.common.volume.HddsVolume@6dfa915a
2019-10-02 07:46:41,982 [main] INFO  impl.RaftServerProxy (ConfUtils.java:logGet(43)) - raft.rpc.type = GRPC (default)
2019-10-02 07:46:41,982 [main] INFO  grpc.GrpcFactory (GrpcFactory.java:checkPooledByteBufAllocatorUseCacheForAllThreads(45)) - PERFORMANCE WARNING: useCacheForAllThreads is true that may cause Netty to create a lot garbage objects and, as a result, trigger GC.
	It is recommended to disable useCacheForAllThreads by setting -Dorg.apache.ratis.thirdparty.io.netty.allocator.useCacheForAllThreads=false in command line.
2019-10-02 07:46:41,983 [main] INFO  grpc.GrpcConfigKeys$Server (ConfUtils.java:logGet(43)) - raft.grpc.server.port = 0 (default)
2019-10-02 07:46:41,983 [main] INFO  server.GrpcService (ConfUtils.java:logGet(43)) - raft.grpc.message.size.max = 33570816 (custom)
2019-10-02 07:46:41,984 [main] INFO  server.RaftServerConfigKeys (ConfUtils.java:logGet(43)) - raft.server.log.appender.buffer.byte-limit = 33554432 (custom)
2019-10-02 07:46:41,984 [main] INFO  server.GrpcService (ConfUtils.java:logGet(43)) - raft.grpc.flow.control.window = 1MB (=1048576) (default)
2019-10-02 07:46:41,984 [main] INFO  server.RaftServerConfigKeys (ConfUtils.java:logGet(43)) - raft.server.rpc.request.timeout = 3000ms (default)
2019-10-02 07:46:41,985 [main] INFO  server.RaftServerConfigKeys (ConfUtils.java:logGet(43)) - raft.server.storage.dir = [/workdir/hadoop-ozone/integration-test/target/test-dir/MiniOzoneClusterImpl-5bb48fee-652f-43d0-b5cd-50152d7826d1/datanode-1/data/ratis] (custom)
2019-10-02 07:46:41,987 [main] INFO  hdfs.DFSUtil (DFSUtil.java:httpServerTemplateForNNAndJN(1641)) - Starting Web-server for hddsDatanode at: http://0.0.0.0:0
2019-10-02 07:46:41,989 [main] INFO  server.AuthenticationFilter (AuthenticationFilter.java:constructSecretProvider(240)) - Unable to initialize FileSignerSecretProvider, falling back to use random secrets.
2019-10-02 07:46:41,991 [main] WARN  http.HttpRequestLog (HttpRequestLog.java:getRequestLog(97)) - Jetty request log can only be enabled using Log4j
2019-10-02 07:46:41,993 [main] INFO  http.HttpServer2 (HttpServer2.java:addGlobalFilter(975)) - Added global filter 'safety' (class=org.apache.hadoop.http.HttpServer2$QuotingInputFilter)
2019-10-02 07:46:41,994 [main] INFO  http.HttpServer2 (HttpServer2.java:addFilter(948)) - Added filter static_user_filter (class=org.apache.hadoop.http.lib.StaticUserWebFilter$StaticUserFilter) to context hddsDatanode
2019-10-02 07:46:41,994 [main] INFO  http.HttpServer2 (HttpServer2.java:addFilter(958)) - Added filter static_user_filter (class=org.apache.hadoop.http.lib.StaticUserWebFilter$StaticUserFilter) to context static
2019-10-02 07:46:41,994 [main] INFO  http.HttpServer2 (HttpServer2.java:addFilter(958)) - Added filter static_user_filter (class=org.apache.hadoop.http.lib.StaticUserWebFilter$StaticUserFilter) to context logs
2019-10-02 07:46:41,996 [main] INFO  http.HttpServer2 (HttpServer2.java:bindListener(1191)) - Jetty bound to port 43517
2019-10-02 07:46:41,996 [main] INFO  server.Server (Server.java:doStart(351)) - jetty-9.3.25.v20180904, build timestamp: 2018-09-04T21:11:46Z, git hash: 3ce520221d0240229c862b122d2b06c12a625732
2019-10-02 07:46:42,000 [main] INFO  handler.ContextHandler (ContextHandler.java:doStart(781)) - Started o.e.j.s.ServletContextHandler@1a2bcd56{/logs,file:///workdir/hadoop-ozone/integration-test/target/log,AVAILABLE}
2019-10-02 07:46:42,001 [main] INFO  handler.ContextHandler (ContextHandler.java:doStart(781)) - Started o.e.j.s.ServletContextHandler@59dc36d4{/static,jar:file:/home/user/.m2/repository/org/apache/hadoop/hadoop-hdds-container-service/0.5.0-SNAPSHOT/hadoop-hdds-container-service-0.5.0-SNAPSHOT.jar!/webapps/static,AVAILABLE}
2019-10-02 07:46:42,035 [main] INFO  handler.ContextHandler (ContextHandler.java:doStart(781)) - Started o.e.j.w.WebAppContext@5e5af8e1{/,file:///tmp/jetty-0.0.0.0-43517-hddsDatanode-_-any-4410969344689749942.dir/webapp/,AVAILABLE}{/hddsDatanode}
2019-10-02 07:46:42,036 [main] INFO  server.AbstractConnector (AbstractConnector.java:doStart(278)) - Started ServerConnector@30b131b2{HTTP/1.1,[http/1.1]}{0.0.0.0:43517}
2019-10-02 07:46:42,037 [main] INFO  server.Server (Server.java:doStart(419)) - Started @5547ms
2019-10-02 07:46:42,037 [main] WARN  impl.MetricsSystemImpl (MetricsSystemImpl.java:register(276)) - Sink prometheus already exists!
2019-10-02 07:46:42,039 [main] INFO  server.BaseHttpServer (BaseHttpServer.java:updateConnectorAddress(215)) - HTTP server of HDDSDATANODE is listening at http://0.0.0.0:43517
2019-10-02 07:46:42,039 [main] INFO  impl.MetricsSystemImpl (MetricsSystemImpl.java:init(158)) - HddsDatanode metrics system started (again)
2019-10-02 07:46:42,042 [org.apache.hadoop.util.JvmPauseMonitor$Monitor@4c8c8241] INFO  util.JvmPauseMonitor (JvmPauseMonitor.java:run(188)) - Starting JVM pause monitor
2019-10-02 07:46:42,044 [main] INFO  ozone.HddsDatanodeService (HddsDatanodeService.java:start(184)) - HddsDatanodeService host:pr-hdds-2227-gdpr-vz6hn-2718222164 ip:192.168.164.211
2019-10-02 07:46:42,054 [main] INFO  volume.HddsVolume (HddsVolume.java:<init>(176)) - Creating Volume: /workdir/hadoop-ozone/integration-test/target/test-dir/MiniOzoneClusterImpl-5bb48fee-652f-43d0-b5cd-50152d7826d1/datanode-2/data/containers/hdds of  storage type : DISK and capacity : 1482555576320
2019-10-02 07:46:42,054 [main] INFO  volume.VolumeSet (VolumeSet.java:initializeVolumeSet(170)) - Added Volume : /workdir/hadoop-ozone/integration-test/target/test-dir/MiniOzoneClusterImpl-5bb48fee-652f-43d0-b5cd-50152d7826d1/datanode-2/data/containers/hdds to VolumeSet
2019-10-02 07:46:42,055 [main] INFO  volume.ThrottledAsyncChecker (ThrottledAsyncChecker.java:schedule(139)) - Scheduling a check for org.apache.hadoop.ozone.container.common.volume.HddsVolume@2aff9dff
2019-10-02 07:46:42,057 [main] INFO  volume.HddsVolumeChecker (HddsVolumeChecker.java:checkAllVolumes(202)) - Scheduled health check for volume org.apache.hadoop.ozone.container.common.volume.HddsVolume@2aff9dff
2019-10-02 07:46:42,061 [Datanode State Machine Thread - 0] INFO  datanode.InitDatanodeState (InitDatanodeState.java:persistContainerDatanodeDetails(140)) - DatanodeDetails is persisted to /workdir/hadoop-ozone/integration-test/target/test-dir/MiniOzoneClusterImpl-5bb48fee-652f-43d0-b5cd-50152d7826d1/datanode-0/meta/datanode.id
2019-10-02 07:46:42,065 [Datanode State Machine Thread - 0] INFO  datanode.InitDatanodeState (InitDatanodeState.java:persistContainerDatanodeDetails(140)) - DatanodeDetails is persisted to /workdir/hadoop-ozone/integration-test/target/test-dir/MiniOzoneClusterImpl-5bb48fee-652f-43d0-b5cd-50152d7826d1/datanode-1/meta/datanode.id
2019-10-02 07:46:42,080 [main] INFO  impl.RaftServerProxy (ConfUtils.java:logGet(43)) - raft.rpc.type = GRPC (default)
2019-10-02 07:46:42,080 [main] INFO  grpc.GrpcFactory (GrpcFactory.java:checkPooledByteBufAllocatorUseCacheForAllThreads(45)) - PERFORMANCE WARNING: useCacheForAllThreads is true that may cause Netty to create a lot garbage objects and, as a result, trigger GC.
	It is recommended to disable useCacheForAllThreads by setting -Dorg.apache.ratis.thirdparty.io.netty.allocator.useCacheForAllThreads=false in command line.
2019-10-02 07:46:42,080 [main] INFO  grpc.GrpcConfigKeys$Server (ConfUtils.java:logGet(43)) - raft.grpc.server.port = 0 (default)
2019-10-02 07:46:42,081 [main] INFO  server.GrpcService (ConfUtils.java:logGet(43)) - raft.grpc.message.size.max = 33570816 (custom)
2019-10-02 07:46:42,081 [main] INFO  server.RaftServerConfigKeys (ConfUtils.java:logGet(43)) - raft.server.log.appender.buffer.byte-limit = 33554432 (custom)
2019-10-02 07:46:42,081 [main] INFO  server.GrpcService (ConfUtils.java:logGet(43)) - raft.grpc.flow.control.window = 1MB (=1048576) (default)
2019-10-02 07:46:42,082 [main] INFO  server.RaftServerConfigKeys (ConfUtils.java:logGet(43)) - raft.server.rpc.request.timeout = 3000ms (default)
2019-10-02 07:46:42,082 [main] INFO  server.RaftServerConfigKeys (ConfUtils.java:logGet(43)) - raft.server.storage.dir = [/workdir/hadoop-ozone/integration-test/target/test-dir/MiniOzoneClusterImpl-5bb48fee-652f-43d0-b5cd-50152d7826d1/datanode-2/data/ratis] (custom)
2019-10-02 07:46:42,085 [main] INFO  hdfs.DFSUtil (DFSUtil.java:httpServerTemplateForNNAndJN(1641)) - Starting Web-server for hddsDatanode at: http://0.0.0.0:0
2019-10-02 07:46:42,086 [main] INFO  server.AuthenticationFilter (AuthenticationFilter.java:constructSecretProvider(240)) - Unable to initialize FileSignerSecretProvider, falling back to use random secrets.
2019-10-02 07:46:42,087 [main] WARN  http.HttpRequestLog (HttpRequestLog.java:getRequestLog(97)) - Jetty request log can only be enabled using Log4j
2019-10-02 07:46:42,089 [main] INFO  http.HttpServer2 (HttpServer2.java:addGlobalFilter(975)) - Added global filter 'safety' (class=org.apache.hadoop.http.HttpServer2$QuotingInputFilter)
2019-10-02 07:46:42,090 [main] INFO  http.HttpServer2 (HttpServer2.java:addFilter(948)) - Added filter static_user_filter (class=org.apache.hadoop.http.lib.StaticUserWebFilter$StaticUserFilter) to context hddsDatanode
2019-10-02 07:46:42,090 [main] INFO  http.HttpServer2 (HttpServer2.java:addFilter(958)) - Added filter static_user_filter (class=org.apache.hadoop.http.lib.StaticUserWebFilter$StaticUserFilter) to context static
2019-10-02 07:46:42,090 [main] INFO  http.HttpServer2 (HttpServer2.java:addFilter(958)) - Added filter static_user_filter (class=org.apache.hadoop.http.lib.StaticUserWebFilter$StaticUserFilter) to context logs
2019-10-02 07:46:42,091 [main] INFO  http.HttpServer2 (HttpServer2.java:bindListener(1191)) - Jetty bound to port 45415
2019-10-02 07:46:42,091 [main] INFO  server.Server (Server.java:doStart(351)) - jetty-9.3.25.v20180904, build timestamp: 2018-09-04T21:11:46Z, git hash: 3ce520221d0240229c862b122d2b06c12a625732
2019-10-02 07:46:42,094 [main] INFO  handler.ContextHandler (ContextHandler.java:doStart(781)) - Started o.e.j.s.ServletContextHandler@15639440{/logs,file:///workdir/hadoop-ozone/integration-test/target/log,AVAILABLE}
2019-10-02 07:46:42,094 [main] INFO  handler.ContextHandler (ContextHandler.java:doStart(781)) - Started o.e.j.s.ServletContextHandler@4faa298{/static,jar:file:/home/user/.m2/repository/org/apache/hadoop/hadoop-hdds-container-service/0.5.0-SNAPSHOT/hadoop-hdds-container-service-0.5.0-SNAPSHOT.jar!/webapps/static,AVAILABLE}
2019-10-02 07:46:42,130 [main] INFO  handler.ContextHandler (ContextHandler.java:doStart(781)) - Started o.e.j.w.WebAppContext@118ffcfd{/,file:///tmp/jetty-0.0.0.0-45415-hddsDatanode-_-any-1291957146991221052.dir/webapp/,AVAILABLE}{/hddsDatanode}
2019-10-02 07:46:42,130 [main] INFO  server.AbstractConnector (AbstractConnector.java:doStart(278)) - Started ServerConnector@53f4c1e6{HTTP/1.1,[http/1.1]}{0.0.0.0:45415}
2019-10-02 07:46:42,131 [main] INFO  server.Server (Server.java:doStart(419)) - Started @5641ms
2019-10-02 07:46:42,132 [main] WARN  impl.MetricsSystemImpl (MetricsSystemImpl.java:register(276)) - Sink prometheus already exists!
2019-10-02 07:46:42,133 [main] INFO  server.BaseHttpServer (BaseHttpServer.java:updateConnectorAddress(215)) - HTTP server of HDDSDATANODE is listening at http://0.0.0.0:45415
2019-10-02 07:46:42,134 [main] INFO  impl.MetricsSystemImpl (MetricsSystemImpl.java:init(158)) - HddsDatanode metrics system started (again)
2019-10-02 07:46:42,137 [org.apache.hadoop.util.JvmPauseMonitor$Monitor@f9e940f] INFO  util.JvmPauseMonitor (JvmPauseMonitor.java:run(188)) - Starting JVM pause monitor
2019-10-02 07:46:42,138 [main] INFO  ozone.HddsDatanodeService (HddsDatanodeService.java:start(184)) - HddsDatanodeService host:pr-hdds-2227-gdpr-vz6hn-2718222164 ip:192.168.164.211
2019-10-02 07:46:42,140 [Datanode State Machine Thread - 0] INFO  datanode.InitDatanodeState (InitDatanodeState.java:persistContainerDatanodeDetails(140)) - DatanodeDetails is persisted to /workdir/hadoop-ozone/integration-test/target/test-dir/MiniOzoneClusterImpl-5bb48fee-652f-43d0-b5cd-50152d7826d1/datanode-2/meta/datanode.id
2019-10-02 07:46:42,147 [main] INFO  volume.HddsVolume (HddsVolume.java:<init>(176)) - Creating Volume: /workdir/hadoop-ozone/integration-test/target/test-dir/MiniOzoneClusterImpl-5bb48fee-652f-43d0-b5cd-50152d7826d1/datanode-3/data/containers/hdds of  storage type : DISK and capacity : 1482555576320
2019-10-02 07:46:42,147 [main] INFO  volume.VolumeSet (VolumeSet.java:initializeVolumeSet(170)) - Added Volume : /workdir/hadoop-ozone/integration-test/target/test-dir/MiniOzoneClusterImpl-5bb48fee-652f-43d0-b5cd-50152d7826d1/datanode-3/data/containers/hdds to VolumeSet
2019-10-02 07:46:42,147 [main] INFO  volume.ThrottledAsyncChecker (ThrottledAsyncChecker.java:schedule(139)) - Scheduling a check for org.apache.hadoop.ozone.container.common.volume.HddsVolume@4ce94d2f
2019-10-02 07:46:42,148 [main] INFO  volume.HddsVolumeChecker (HddsVolumeChecker.java:checkAllVolumes(202)) - Scheduled health check for volume org.apache.hadoop.ozone.container.common.volume.HddsVolume@4ce94d2f
2019-10-02 07:46:42,162 [main] INFO  impl.RaftServerProxy (ConfUtils.java:logGet(43)) - raft.rpc.type = GRPC (default)
2019-10-02 07:46:42,162 [main] INFO  grpc.GrpcFactory (GrpcFactory.java:checkPooledByteBufAllocatorUseCacheForAllThreads(45)) - PERFORMANCE WARNING: useCacheForAllThreads is true that may cause Netty to create a lot garbage objects and, as a result, trigger GC.
	It is recommended to disable useCacheForAllThreads by setting -Dorg.apache.ratis.thirdparty.io.netty.allocator.useCacheForAllThreads=false in command line.
2019-10-02 07:46:42,162 [main] INFO  grpc.GrpcConfigKeys$Server (ConfUtils.java:logGet(43)) - raft.grpc.server.port = 0 (default)
2019-10-02 07:46:42,163 [main] INFO  server.GrpcService (ConfUtils.java:logGet(43)) - raft.grpc.message.size.max = 33570816 (custom)
2019-10-02 07:46:42,163 [main] INFO  server.RaftServerConfigKeys (ConfUtils.java:logGet(43)) - raft.server.log.appender.buffer.byte-limit = 33554432 (custom)
2019-10-02 07:46:42,163 [main] INFO  server.GrpcService (ConfUtils.java:logGet(43)) - raft.grpc.flow.control.window = 1MB (=1048576) (default)
2019-10-02 07:46:42,163 [main] INFO  server.RaftServerConfigKeys (ConfUtils.java:logGet(43)) - raft.server.rpc.request.timeout = 3000ms (default)
2019-10-02 07:46:42,164 [main] INFO  server.RaftServerConfigKeys (ConfUtils.java:logGet(43)) - raft.server.storage.dir = [/workdir/hadoop-ozone/integration-test/target/test-dir/MiniOzoneClusterImpl-5bb48fee-652f-43d0-b5cd-50152d7826d1/datanode-3/data/ratis] (custom)
2019-10-02 07:46:42,165 [main] INFO  hdfs.DFSUtil (DFSUtil.java:httpServerTemplateForNNAndJN(1641)) - Starting Web-server for hddsDatanode at: http://0.0.0.0:0
2019-10-02 07:46:42,166 [main] INFO  server.AuthenticationFilter (AuthenticationFilter.java:constructSecretProvider(240)) - Unable to initialize FileSignerSecretProvider, falling back to use random secrets.
2019-10-02 07:46:42,167 [main] WARN  http.HttpRequestLog (HttpRequestLog.java:getRequestLog(97)) - Jetty request log can only be enabled using Log4j
2019-10-02 07:46:42,168 [main] INFO  http.HttpServer2 (HttpServer2.java:addGlobalFilter(975)) - Added global filter 'safety' (class=org.apache.hadoop.http.HttpServer2$QuotingInputFilter)
2019-10-02 07:46:42,169 [main] INFO  http.HttpServer2 (HttpServer2.java:addFilter(948)) - Added filter static_user_filter (class=org.apache.hadoop.http.lib.StaticUserWebFilter$StaticUserFilter) to context hddsDatanode
2019-10-02 07:46:42,169 [main] INFO  http.HttpServer2 (HttpServer2.java:addFilter(958)) - Added filter static_user_filter (class=org.apache.hadoop.http.lib.StaticUserWebFilter$StaticUserFilter) to context static
2019-10-02 07:46:42,169 [main] INFO  http.HttpServer2 (HttpServer2.java:addFilter(958)) - Added filter static_user_filter (class=org.apache.hadoop.http.lib.StaticUserWebFilter$StaticUserFilter) to context logs
2019-10-02 07:46:42,170 [main] INFO  http.HttpServer2 (HttpServer2.java:bindListener(1191)) - Jetty bound to port 38664
2019-10-02 07:46:42,170 [main] INFO  server.Server (Server.java:doStart(351)) - jetty-9.3.25.v20180904, build timestamp: 2018-09-04T21:11:46Z, git hash: 3ce520221d0240229c862b122d2b06c12a625732
2019-10-02 07:46:42,174 [main] INFO  handler.ContextHandler (ContextHandler.java:doStart(781)) - Started o.e.j.s.ServletContextHandler@4b97c4ad{/logs,file:///workdir/hadoop-ozone/integration-test/target/log,AVAILABLE}
2019-10-02 07:46:42,175 [main] INFO  handler.ContextHandler (ContextHandler.java:doStart(781)) - Started o.e.j.s.ServletContextHandler@642f9a77{/static,jar:file:/home/user/.m2/repository/org/apache/hadoop/hadoop-hdds-container-service/0.5.0-SNAPSHOT/hadoop-hdds-container-service-0.5.0-SNAPSHOT.jar!/webapps/static,AVAILABLE}
2019-10-02 07:46:42,204 [main] INFO  handler.ContextHandler (ContextHandler.java:doStart(781)) - Started o.e.j.w.WebAppContext@350d3f4d{/,file:///tmp/jetty-0.0.0.0-38664-hddsDatanode-_-any-2188156023492077839.dir/webapp/,AVAILABLE}{/hddsDatanode}
2019-10-02 07:46:42,204 [main] INFO  server.AbstractConnector (AbstractConnector.java:doStart(278)) - Started ServerConnector@18b8d173{HTTP/1.1,[http/1.1]}{0.0.0.0:38664}
2019-10-02 07:46:42,205 [main] INFO  server.Server (Server.java:doStart(419)) - Started @5715ms
2019-10-02 07:46:42,206 [main] WARN  impl.MetricsSystemImpl (MetricsSystemImpl.java:register(276)) - Sink prometheus already exists!
2019-10-02 07:46:42,207 [main] INFO  server.BaseHttpServer (BaseHttpServer.java:updateConnectorAddress(215)) - HTTP server of HDDSDATANODE is listening at http://0.0.0.0:38664
2019-10-02 07:46:42,207 [main] INFO  impl.MetricsSystemImpl (MetricsSystemImpl.java:init(158)) - HddsDatanode metrics system started (again)
2019-10-02 07:46:42,209 [main] INFO  ozone.HddsDatanodeService (HddsDatanodeService.java:start(184)) - HddsDatanodeService host:pr-hdds-2227-gdpr-vz6hn-2718222164 ip:192.168.164.211
2019-10-02 07:46:42,209 [org.apache.hadoop.util.JvmPauseMonitor$Monitor@2b8b64b0] INFO  util.JvmPauseMonitor (JvmPauseMonitor.java:run(188)) - Starting JVM pause monitor
2019-10-02 07:46:42,212 [Datanode State Machine Thread - 0] INFO  datanode.InitDatanodeState (InitDatanodeState.java:persistContainerDatanodeDetails(140)) - DatanodeDetails is persisted to /workdir/hadoop-ozone/integration-test/target/test-dir/MiniOzoneClusterImpl-5bb48fee-652f-43d0-b5cd-50152d7826d1/datanode-3/meta/datanode.id
2019-10-02 07:46:42,217 [main] INFO  volume.HddsVolume (HddsVolume.java:<init>(176)) - Creating Volume: /workdir/hadoop-ozone/integration-test/target/test-dir/MiniOzoneClusterImpl-5bb48fee-652f-43d0-b5cd-50152d7826d1/datanode-4/data/containers/hdds of  storage type : DISK and capacity : 1482555576320
2019-10-02 07:46:42,217 [main] INFO  volume.VolumeSet (VolumeSet.java:initializeVolumeSet(170)) - Added Volume : /workdir/hadoop-ozone/integration-test/target/test-dir/MiniOzoneClusterImpl-5bb48fee-652f-43d0-b5cd-50152d7826d1/datanode-4/data/containers/hdds to VolumeSet
2019-10-02 07:46:42,217 [main] INFO  volume.ThrottledAsyncChecker (ThrottledAsyncChecker.java:schedule(139)) - Scheduling a check for org.apache.hadoop.ozone.container.common.volume.HddsVolume@3f0d6038
2019-10-02 07:46:42,218 [main] INFO  volume.HddsVolumeChecker (HddsVolumeChecker.java:checkAllVolumes(202)) - Scheduled health check for volume org.apache.hadoop.ozone.container.common.volume.HddsVolume@3f0d6038
2019-10-02 07:46:42,231 [main] INFO  impl.RaftServerProxy (ConfUtils.java:logGet(43)) - raft.rpc.type = GRPC (default)
2019-10-02 07:46:42,232 [main] INFO  grpc.GrpcFactory (GrpcFactory.java:checkPooledByteBufAllocatorUseCacheForAllThreads(45)) - PERFORMANCE WARNING: useCacheForAllThreads is true that may cause Netty to create a lot garbage objects and, as a result, trigger GC.
	It is recommended to disable useCacheForAllThreads by setting -Dorg.apache.ratis.thirdparty.io.netty.allocator.useCacheForAllThreads=false in command line.
2019-10-02 07:46:42,232 [main] INFO  grpc.GrpcConfigKeys$Server (ConfUtils.java:logGet(43)) - raft.grpc.server.port = 0 (default)
2019-10-02 07:46:42,232 [main] INFO  server.GrpcService (ConfUtils.java:logGet(43)) - raft.grpc.message.size.max = 33570816 (custom)
2019-10-02 07:46:42,232 [main] INFO  server.RaftServerConfigKeys (ConfUtils.java:logGet(43)) - raft.server.log.appender.buffer.byte-limit = 33554432 (custom)
2019-10-02 07:46:42,232 [main] INFO  server.GrpcService (ConfUtils.java:logGet(43)) - raft.grpc.flow.control.window = 1MB (=1048576) (default)
2019-10-02 07:46:42,233 [main] INFO  server.RaftServerConfigKeys (ConfUtils.java:logGet(43)) - raft.server.rpc.request.timeout = 3000ms (default)
2019-10-02 07:46:42,233 [main] INFO  server.RaftServerConfigKeys (ConfUtils.java:logGet(43)) - raft.server.storage.dir = [/workdir/hadoop-ozone/integration-test/target/test-dir/MiniOzoneClusterImpl-5bb48fee-652f-43d0-b5cd-50152d7826d1/datanode-4/data/ratis] (custom)
2019-10-02 07:46:42,234 [main] INFO  hdfs.DFSUtil (DFSUtil.java:httpServerTemplateForNNAndJN(1641)) - Starting Web-server for hddsDatanode at: http://0.0.0.0:0
2019-10-02 07:46:42,235 [main] INFO  server.AuthenticationFilter (AuthenticationFilter.java:constructSecretProvider(240)) - Unable to initialize FileSignerSecretProvider, falling back to use random secrets.
2019-10-02 07:46:42,236 [main] WARN  http.HttpRequestLog (HttpRequestLog.java:getRequestLog(97)) - Jetty request log can only be enabled using Log4j
2019-10-02 07:46:42,237 [main] INFO  http.HttpServer2 (HttpServer2.java:addGlobalFilter(975)) - Added global filter 'safety' (class=org.apache.hadoop.http.HttpServer2$QuotingInputFilter)
2019-10-02 07:46:42,238 [main] INFO  http.HttpServer2 (HttpServer2.java:addFilter(948)) - Added filter static_user_filter (class=org.apache.hadoop.http.lib.StaticUserWebFilter$StaticUserFilter) to context hddsDatanode
2019-10-02 07:46:42,239 [main] INFO  http.HttpServer2 (HttpServer2.java:addFilter(958)) - Added filter static_user_filter (class=org.apache.hadoop.http.lib.StaticUserWebFilter$StaticUserFilter) to context logs
2019-10-02 07:46:42,239 [main] INFO  http.HttpServer2 (HttpServer2.java:addFilter(958)) - Added filter static_user_filter (class=org.apache.hadoop.http.lib.StaticUserWebFilter$StaticUserFilter) to context static
2019-10-02 07:46:42,240 [main] INFO  http.HttpServer2 (HttpServer2.java:bindListener(1191)) - Jetty bound to port 37138
2019-10-02 07:46:42,241 [main] INFO  server.Server (Server.java:doStart(351)) - jetty-9.3.25.v20180904, build timestamp: 2018-09-04T21:11:46Z, git hash: 3ce520221d0240229c862b122d2b06c12a625732
2019-10-02 07:46:42,244 [main] INFO  handler.ContextHandler (ContextHandler.java:doStart(781)) - Started o.e.j.s.ServletContextHandler@68b9834c{/logs,file:///workdir/hadoop-ozone/integration-test/target/log,AVAILABLE}
2019-10-02 07:46:42,244 [main] INFO  handler.ContextHandler (ContextHandler.java:doStart(781)) - Started o.e.j.s.ServletContextHandler@671d1157{/static,jar:file:/home/user/.m2/repository/org/apache/hadoop/hadoop-hdds-container-service/0.5.0-SNAPSHOT/hadoop-hdds-container-service-0.5.0-SNAPSHOT.jar!/webapps/static,AVAILABLE}
2019-10-02 07:46:42,290 [main] INFO  handler.ContextHandler (ContextHandler.java:doStart(781)) - Started o.e.j.w.WebAppContext@76ad6715{/,file:///tmp/jetty-0.0.0.0-37138-hddsDatanode-_-any-7910829575851360431.dir/webapp/,AVAILABLE}{/hddsDatanode}
2019-10-02 07:46:42,292 [main] INFO  server.AbstractConnector (AbstractConnector.java:doStart(278)) - Started ServerConnector@56637cff{HTTP/1.1,[http/1.1]}{0.0.0.0:37138}
2019-10-02 07:46:42,294 [main] INFO  server.Server (Server.java:doStart(419)) - Started @5804ms
2019-10-02 07:46:42,294 [main] WARN  impl.MetricsSystemImpl (MetricsSystemImpl.java:register(276)) - Sink prometheus already exists!
2019-10-02 07:46:42,295 [main] INFO  server.BaseHttpServer (BaseHttpServer.java:updateConnectorAddress(215)) - HTTP server of HDDSDATANODE is listening at http://0.0.0.0:37138
2019-10-02 07:46:42,295 [main] INFO  impl.MetricsSystemImpl (MetricsSystemImpl.java:init(158)) - HddsDatanode metrics system started (again)
2019-10-02 07:46:42,299 [main] INFO  ozone.HddsDatanodeService (HddsDatanodeService.java:start(184)) - HddsDatanodeService host:pr-hdds-2227-gdpr-vz6hn-2718222164 ip:192.168.164.211
2019-10-02 07:46:42,299 [org.apache.hadoop.util.JvmPauseMonitor$Monitor@4119a152] INFO  util.JvmPauseMonitor (JvmPauseMonitor.java:run(188)) - Starting JVM pause monitor
2019-10-02 07:46:42,302 [Datanode State Machine Thread - 0] INFO  datanode.InitDatanodeState (InitDatanodeState.java:persistContainerDatanodeDetails(140)) - DatanodeDetails is persisted to /workdir/hadoop-ozone/integration-test/target/test-dir/MiniOzoneClusterImpl-5bb48fee-652f-43d0-b5cd-50152d7826d1/datanode-4/meta/datanode.id
2019-10-02 07:46:42,307 [main] INFO  volume.HddsVolume (HddsVolume.java:<init>(176)) - Creating Volume: /workdir/hadoop-ozone/integration-test/target/test-dir/MiniOzoneClusterImpl-5bb48fee-652f-43d0-b5cd-50152d7826d1/datanode-5/data/containers/hdds of  storage type : DISK and capacity : 1482555576320
2019-10-02 07:46:42,307 [main] INFO  volume.VolumeSet (VolumeSet.java:initializeVolumeSet(170)) - Added Volume : /workdir/hadoop-ozone/integration-test/target/test-dir/MiniOzoneClusterImpl-5bb48fee-652f-43d0-b5cd-50152d7826d1/datanode-5/data/containers/hdds to VolumeSet
2019-10-02 07:46:42,308 [main] INFO  volume.ThrottledAsyncChecker (ThrottledAsyncChecker.java:schedule(139)) - Scheduling a check for org.apache.hadoop.ozone.container.common.volume.HddsVolume@41294371
2019-10-02 07:46:42,309 [main] INFO  volume.HddsVolumeChecker (HddsVolumeChecker.java:checkAllVolumes(202)) - Scheduled health check for volume org.apache.hadoop.ozone.container.common.volume.HddsVolume@41294371
2019-10-02 07:46:42,328 [main] INFO  impl.RaftServerProxy (ConfUtils.java:logGet(43)) - raft.rpc.type = GRPC (default)
2019-10-02 07:46:42,328 [main] INFO  grpc.GrpcFactory (GrpcFactory.java:checkPooledByteBufAllocatorUseCacheForAllThreads(45)) - PERFORMANCE WARNING: useCacheForAllThreads is true that may cause Netty to create a lot garbage objects and, as a result, trigger GC.
	It is recommended to disable useCacheForAllThreads by setting -Dorg.apache.ratis.thirdparty.io.netty.allocator.useCacheForAllThreads=false in command line.
2019-10-02 07:46:42,329 [main] INFO  grpc.GrpcConfigKeys$Server (ConfUtils.java:logGet(43)) - raft.grpc.server.port = 0 (default)
2019-10-02 07:46:42,329 [main] INFO  server.GrpcService (ConfUtils.java:logGet(43)) - raft.grpc.message.size.max = 33570816 (custom)
2019-10-02 07:46:42,329 [main] INFO  server.RaftServerConfigKeys (ConfUtils.java:logGet(43)) - raft.server.log.appender.buffer.byte-limit = 33554432 (custom)
2019-10-02 07:46:42,330 [main] INFO  server.GrpcService (ConfUtils.java:logGet(43)) - raft.grpc.flow.control.window = 1MB (=1048576) (default)
2019-10-02 07:46:42,330 [main] INFO  server.RaftServerConfigKeys (ConfUtils.java:logGet(43)) - raft.server.rpc.request.timeout = 3000ms (default)
2019-10-02 07:46:42,330 [main] INFO  server.RaftServerConfigKeys (ConfUtils.java:logGet(43)) - raft.server.storage.dir = [/workdir/hadoop-ozone/integration-test/target/test-dir/MiniOzoneClusterImpl-5bb48fee-652f-43d0-b5cd-50152d7826d1/datanode-5/data/ratis] (custom)
2019-10-02 07:46:42,332 [main] INFO  hdfs.DFSUtil (DFSUtil.java:httpServerTemplateForNNAndJN(1641)) - Starting Web-server for hddsDatanode at: http://0.0.0.0:0
2019-10-02 07:46:42,333 [main] INFO  server.AuthenticationFilter (AuthenticationFilter.java:constructSecretProvider(240)) - Unable to initialize FileSignerSecretProvider, falling back to use random secrets.
2019-10-02 07:46:42,334 [main] WARN  http.HttpRequestLog (HttpRequestLog.java:getRequestLog(97)) - Jetty request log can only be enabled using Log4j
2019-10-02 07:46:42,338 [main] INFO  http.HttpServer2 (HttpServer2.java:addGlobalFilter(975)) - Added global filter 'safety' (class=org.apache.hadoop.http.HttpServer2$QuotingInputFilter)
2019-10-02 07:46:42,339 [main] INFO  http.HttpServer2 (HttpServer2.java:addFilter(948)) - Added filter static_user_filter (class=org.apache.hadoop.http.lib.StaticUserWebFilter$StaticUserFilter) to context hddsDatanode
2019-10-02 07:46:42,340 [main] INFO  http.HttpServer2 (HttpServer2.java:addFilter(958)) - Added filter static_user_filter (class=org.apache.hadoop.http.lib.StaticUserWebFilter$StaticUserFilter) to context logs
2019-10-02 07:46:42,340 [main] INFO  http.HttpServer2 (HttpServer2.java:addFilter(958)) - Added filter static_user_filter (class=org.apache.hadoop.http.lib.StaticUserWebFilter$StaticUserFilter) to context static
2019-10-02 07:46:42,342 [main] INFO  http.HttpServer2 (HttpServer2.java:bindListener(1191)) - Jetty bound to port 35255
2019-10-02 07:46:42,342 [main] INFO  server.Server (Server.java:doStart(351)) - jetty-9.3.25.v20180904, build timestamp: 2018-09-04T21:11:46Z, git hash: 3ce520221d0240229c862b122d2b06c12a625732
2019-10-02 07:46:42,350 [main] INFO  handler.ContextHandler (ContextHandler.java:doStart(781)) - Started o.e.j.s.ServletContextHandler@4f9a6c2d{/logs,file:///workdir/hadoop-ozone/integration-test/target/log,AVAILABLE}
2019-10-02 07:46:42,351 [main] INFO  handler.ContextHandler (ContextHandler.java:doStart(781)) - Started o.e.j.s.ServletContextHandler@75de6341{/static,jar:file:/home/user/.m2/repository/org/apache/hadoop/hadoop-hdds-container-service/0.5.0-SNAPSHOT/hadoop-hdds-container-service-0.5.0-SNAPSHOT.jar!/webapps/static,AVAILABLE}
2019-10-02 07:46:42,392 [main] INFO  handler.ContextHandler (ContextHandler.java:doStart(781)) - Started o.e.j.w.WebAppContext@3ba46e63{/,file:///tmp/jetty-0.0.0.0-35255-hddsDatanode-_-any-99186878472025488.dir/webapp/,AVAILABLE}{/hddsDatanode}
2019-10-02 07:46:42,394 [main] INFO  server.AbstractConnector (AbstractConnector.java:doStart(278)) - Started ServerConnector@788ddc1f{HTTP/1.1,[http/1.1]}{0.0.0.0:35255}
2019-10-02 07:46:42,395 [main] INFO  server.Server (Server.java:doStart(419)) - Started @5905ms
2019-10-02 07:46:42,395 [main] WARN  impl.MetricsSystemImpl (MetricsSystemImpl.java:register(276)) - Sink prometheus already exists!
2019-10-02 07:46:42,396 [main] INFO  server.BaseHttpServer (BaseHttpServer.java:updateConnectorAddress(215)) - HTTP server of HDDSDATANODE is listening at http://0.0.0.0:35255
2019-10-02 07:46:42,396 [main] INFO  impl.MetricsSystemImpl (MetricsSystemImpl.java:init(158)) - HddsDatanode metrics system started (again)
2019-10-02 07:46:42,400 [org.apache.hadoop.util.JvmPauseMonitor$Monitor@47bfebaa] INFO  util.JvmPauseMonitor (JvmPauseMonitor.java:run(188)) - Starting JVM pause monitor
2019-10-02 07:46:42,400 [main] INFO  ozone.HddsDatanodeService (HddsDatanodeService.java:start(184)) - HddsDatanodeService host:pr-hdds-2227-gdpr-vz6hn-2718222164 ip:192.168.164.211
2019-10-02 07:46:42,403 [Datanode State Machine Thread - 0] INFO  datanode.InitDatanodeState (InitDatanodeState.java:persistContainerDatanodeDetails(140)) - DatanodeDetails is persisted to /workdir/hadoop-ozone/integration-test/target/test-dir/MiniOzoneClusterImpl-5bb48fee-652f-43d0-b5cd-50152d7826d1/datanode-5/meta/datanode.id
2019-10-02 07:46:42,408 [main] INFO  volume.HddsVolume (HddsVolume.java:<init>(176)) - Creating Volume: /workdir/hadoop-ozone/integration-test/target/test-dir/MiniOzoneClusterImpl-5bb48fee-652f-43d0-b5cd-50152d7826d1/datanode-6/data/containers/hdds of  storage type : DISK and capacity : 1482555576320
2019-10-02 07:46:42,408 [main] INFO  volume.VolumeSet (VolumeSet.java:initializeVolumeSet(170)) - Added Volume : /workdir/hadoop-ozone/integration-test/target/test-dir/MiniOzoneClusterImpl-5bb48fee-652f-43d0-b5cd-50152d7826d1/datanode-6/data/containers/hdds to VolumeSet
2019-10-02 07:46:42,409 [main] INFO  volume.ThrottledAsyncChecker (ThrottledAsyncChecker.java:schedule(139)) - Scheduling a check for org.apache.hadoop.ozone.container.common.volume.HddsVolume@6812fa3a
2019-10-02 07:46:42,409 [main] INFO  volume.HddsVolumeChecker (HddsVolumeChecker.java:checkAllVolumes(202)) - Scheduled health check for volume org.apache.hadoop.ozone.container.common.volume.HddsVolume@6812fa3a
2019-10-02 07:46:42,422 [main] INFO  impl.RaftServerProxy (ConfUtils.java:logGet(43)) - raft.rpc.type = GRPC (default)
2019-10-02 07:46:42,423 [main] INFO  grpc.GrpcFactory (GrpcFactory.java:checkPooledByteBufAllocatorUseCacheForAllThreads(45)) - PERFORMANCE WARNING: useCacheForAllThreads is true that may cause Netty to create a lot garbage objects and, as a result, trigger GC.
	It is recommended to disable useCacheForAllThreads by setting -Dorg.apache.ratis.thirdparty.io.netty.allocator.useCacheForAllThreads=false in command line.
2019-10-02 07:46:42,423 [main] INFO  grpc.GrpcConfigKeys$Server (ConfUtils.java:logGet(43)) - raft.grpc.server.port = 0 (default)
2019-10-02 07:46:42,423 [main] INFO  server.GrpcService (ConfUtils.java:logGet(43)) - raft.grpc.message.size.max = 33570816 (custom)
2019-10-02 07:46:42,423 [main] INFO  server.RaftServerConfigKeys (ConfUtils.java:logGet(43)) - raft.server.log.appender.buffer.byte-limit = 33554432 (custom)
2019-10-02 07:46:42,423 [main] INFO  server.GrpcService (ConfUtils.java:logGet(43)) - raft.grpc.flow.control.window = 1MB (=1048576) (default)
2019-10-02 07:46:42,424 [main] INFO  server.RaftServerConfigKeys (ConfUtils.java:logGet(43)) - raft.server.rpc.request.timeout = 3000ms (default)
2019-10-02 07:46:42,424 [main] INFO  server.RaftServerConfigKeys (ConfUtils.java:logGet(43)) - raft.server.storage.dir = [/workdir/hadoop-ozone/integration-test/target/test-dir/MiniOzoneClusterImpl-5bb48fee-652f-43d0-b5cd-50152d7826d1/datanode-6/data/ratis] (custom)
2019-10-02 07:46:42,426 [main] INFO  hdfs.DFSUtil (DFSUtil.java:httpServerTemplateForNNAndJN(1641)) - Starting Web-server for hddsDatanode at: http://0.0.0.0:0
2019-10-02 07:46:42,427 [main] INFO  server.AuthenticationFilter (AuthenticationFilter.java:constructSecretProvider(240)) - Unable to initialize FileSignerSecretProvider, falling back to use random secrets.
2019-10-02 07:46:42,428 [main] WARN  http.HttpRequestLog (HttpRequestLog.java:getRequestLog(97)) - Jetty request log can only be enabled using Log4j
2019-10-02 07:46:42,429 [main] INFO  http.HttpServer2 (HttpServer2.java:addGlobalFilter(975)) - Added global filter 'safety' (class=org.apache.hadoop.http.HttpServer2$QuotingInputFilter)
2019-10-02 07:46:42,430 [main] INFO  http.HttpServer2 (HttpServer2.java:addFilter(948)) - Added filter static_user_filter (class=org.apache.hadoop.http.lib.StaticUserWebFilter$StaticUserFilter) to context hddsDatanode
2019-10-02 07:46:42,430 [main] INFO  http.HttpServer2 (HttpServer2.java:addFilter(958)) - Added filter static_user_filter (class=org.apache.hadoop.http.lib.StaticUserWebFilter$StaticUserFilter) to context logs
2019-10-02 07:46:42,430 [main] INFO  http.HttpServer2 (HttpServer2.java:addFilter(958)) - Added filter static_user_filter (class=org.apache.hadoop.http.lib.StaticUserWebFilter$StaticUserFilter) to context static
2019-10-02 07:46:42,431 [main] INFO  http.HttpServer2 (HttpServer2.java:bindListener(1191)) - Jetty bound to port 38247
2019-10-02 07:46:42,431 [main] INFO  server.Server (Server.java:doStart(351)) - jetty-9.3.25.v20180904, build timestamp: 2018-09-04T21:11:46Z, git hash: 3ce520221d0240229c862b122d2b06c12a625732
2019-10-02 07:46:42,432 [main] INFO  handler.ContextHandler (ContextHandler.java:doStart(781)) - Started o.e.j.s.ServletContextHandler@3f1ed068{/logs,file:///workdir/hadoop-ozone/integration-test/target/log,AVAILABLE}
2019-10-02 07:46:42,433 [main] INFO  handler.ContextHandler (ContextHandler.java:doStart(781)) - Started o.e.j.s.ServletContextHandler@2e645fbd{/static,jar:file:/home/user/.m2/repository/org/apache/hadoop/hadoop-hdds-container-service/0.5.0-SNAPSHOT/hadoop-hdds-container-service-0.5.0-SNAPSHOT.jar!/webapps/static,AVAILABLE}
2019-10-02 07:46:42,461 [main] INFO  handler.ContextHandler (ContextHandler.java:doStart(781)) - Started o.e.j.w.WebAppContext@5f69e2b{/,file:///tmp/jetty-0.0.0.0-38247-hddsDatanode-_-any-4587563639832208860.dir/webapp/,AVAILABLE}{/hddsDatanode}
2019-10-02 07:46:42,461 [main] INFO  server.AbstractConnector (AbstractConnector.java:doStart(278)) - Started ServerConnector@984169e{HTTP/1.1,[http/1.1]}{0.0.0.0:38247}
2019-10-02 07:46:42,462 [main] INFO  server.Server (Server.java:doStart(419)) - Started @5973ms
2019-10-02 07:46:42,463 [main] WARN  impl.MetricsSystemImpl (MetricsSystemImpl.java:register(276)) - Sink prometheus already exists!
2019-10-02 07:46:42,463 [main] INFO  server.BaseHttpServer (BaseHttpServer.java:updateConnectorAddress(215)) - HTTP server of HDDSDATANODE is listening at http://0.0.0.0:38247
2019-10-02 07:46:42,466 [main] INFO  ozone.MiniOzoneClusterImpl (MiniOzoneClusterImpl.java:lambda$waitForClusterToBeReady$0(147)) - Waiting for cluster to be ready. Got 0 of 7 DN Heartbeats.
2019-10-02 07:46:42,466 [org.apache.hadoop.util.JvmPauseMonitor$Monitor@5229d70f] INFO  util.JvmPauseMonitor (JvmPauseMonitor.java:run(188)) - Starting JVM pause monitor
2019-10-02 07:46:42,469 [Datanode State Machine Thread - 0] INFO  datanode.InitDatanodeState (InitDatanodeState.java:persistContainerDatanodeDetails(140)) - DatanodeDetails is persisted to /workdir/hadoop-ozone/integration-test/target/test-dir/MiniOzoneClusterImpl-5bb48fee-652f-43d0-b5cd-50152d7826d1/datanode-6/meta/datanode.id
2019-10-02 07:46:43,466 [main] INFO  ozone.MiniOzoneClusterImpl (MiniOzoneClusterImpl.java:lambda$waitForClusterToBeReady$0(147)) - Waiting for cluster to be ready. Got 0 of 7 DN Heartbeats.
2019-10-02 07:46:44,048 [Datanode State Machine Thread - 0] INFO  ozoneimpl.OzoneContainer (OzoneContainer.java:start(217)) - Attempting to start container services.
2019-10-02 07:46:44,051 [Datanode State Machine Thread - 0] INFO  ozoneimpl.OzoneContainer (OzoneContainer.java:start(217)) - Attempting to start container services.
2019-10-02 07:46:44,056 [Datanode State Machine Thread - 0] INFO  ozoneimpl.OzoneContainer (OzoneContainer.java:startContainerScrub(179)) - Background container scanner has been disabled.
2019-10-02 07:46:44,056 [Datanode State Machine Thread - 0] INFO  ozoneimpl.OzoneContainer (OzoneContainer.java:startContainerScrub(179)) - Background container scanner has been disabled.
2019-10-02 07:46:44,056 [Datanode State Machine Thread - 0] INFO  ratis.XceiverServerRatis (XceiverServerRatis.java:start(417)) - Starting XceiverServerRatis b42c3f3b-ae32-469c-b4d9-669e1d8aa140 at port 0
2019-10-02 07:46:44,056 [Datanode State Machine Thread - 0] INFO  ratis.XceiverServerRatis (XceiverServerRatis.java:start(417)) - Starting XceiverServerRatis c23b986f-fe02-40ff-b3bb-a004d3e2a61f at port 0
2019-10-02 07:46:44,081 [Datanode State Machine Thread - 0] INFO  impl.RaftServerProxy (RaftServerProxy.java:lambda$start$3(299)) - b42c3f3b-ae32-469c-b4d9-669e1d8aa140: start RPC server
2019-10-02 07:46:44,081 [Datanode State Machine Thread - 0] INFO  impl.RaftServerProxy (RaftServerProxy.java:lambda$start$3(299)) - c23b986f-fe02-40ff-b3bb-a004d3e2a61f: start RPC server
2019-10-02 07:46:44,153 [Datanode State Machine Thread - 0] INFO  ozoneimpl.OzoneContainer (OzoneContainer.java:start(217)) - Attempting to start container services.
2019-10-02 07:46:44,157 [Datanode State Machine Thread - 0] INFO  ozoneimpl.OzoneContainer (OzoneContainer.java:startContainerScrub(179)) - Background container scanner has been disabled.
2019-10-02 07:46:44,158 [Datanode State Machine Thread - 0] INFO  ratis.XceiverServerRatis (XceiverServerRatis.java:start(417)) - Starting XceiverServerRatis f33a1b7a-1d70-4829-932c-064247c4dc59 at port 0
2019-10-02 07:46:44,165 [Datanode State Machine Thread - 0] INFO  impl.RaftServerProxy (RaftServerProxy.java:lambda$start$3(299)) - f33a1b7a-1d70-4829-932c-064247c4dc59: start RPC server
2019-10-02 07:46:44,221 [Datanode State Machine Thread - 0] INFO  server.GrpcService (GrpcService.java:startImpl(158)) - c23b986f-fe02-40ff-b3bb-a004d3e2a61f: GrpcService started, listening on 0.0.0.0/0.0.0.0:45486
2019-10-02 07:46:44,221 [Datanode State Machine Thread - 0] INFO  server.GrpcService (GrpcService.java:startImpl(158)) - b42c3f3b-ae32-469c-b4d9-669e1d8aa140: GrpcService started, listening on 0.0.0.0/0.0.0.0:38568
2019-10-02 07:46:44,221 [Datanode State Machine Thread - 0] INFO  server.GrpcService (GrpcService.java:startImpl(158)) - f33a1b7a-1d70-4829-932c-064247c4dc59: GrpcService started, listening on 0.0.0.0/0.0.0.0:45702
2019-10-02 07:46:44,223 [Datanode State Machine Thread - 0] INFO  ratis.XceiverServerRatis (XceiverServerRatis.java:start(427)) - XceiverServerRatis b42c3f3b-ae32-469c-b4d9-669e1d8aa140 is started using port 38568
2019-10-02 07:46:44,222 [Datanode State Machine Thread - 0] INFO  ratis.XceiverServerRatis (XceiverServerRatis.java:start(427)) - XceiverServerRatis c23b986f-fe02-40ff-b3bb-a004d3e2a61f is started using port 45486
2019-10-02 07:46:44,223 [Datanode State Machine Thread - 0] INFO  ratis.XceiverServerRatis (XceiverServerRatis.java:start(427)) - XceiverServerRatis f33a1b7a-1d70-4829-932c-064247c4dc59 is started using port 45702
2019-10-02 07:46:44,229 [Datanode State Machine Thread - 0] INFO  server.XceiverServerGrpc (XceiverServerGrpc.java:start(149)) - XceiverServerGrpc b42c3f3b-ae32-469c-b4d9-669e1d8aa140 is started using port 44835
2019-10-02 07:46:44,230 [Datanode State Machine Thread - 0] INFO  server.XceiverServerGrpc (XceiverServerGrpc.java:start(149)) - XceiverServerGrpc f33a1b7a-1d70-4829-932c-064247c4dc59 is started using port 36074
2019-10-02 07:46:44,230 [Datanode State Machine Thread - 0] INFO  ozoneimpl.OzoneContainer (OzoneContainer.java:start(217)) - Attempting to start container services.
2019-10-02 07:46:44,229 [Datanode State Machine Thread - 0] INFO  server.XceiverServerGrpc (XceiverServerGrpc.java:start(149)) - XceiverServerGrpc c23b986f-fe02-40ff-b3bb-a004d3e2a61f is started using port 36201
2019-10-02 07:46:44,231 [Datanode State Machine Thread - 0] INFO  ozoneimpl.OzoneContainer (OzoneContainer.java:startContainerScrub(179)) - Background container scanner has been disabled.
2019-10-02 07:46:44,231 [Datanode State Machine Thread - 0] INFO  ratis.XceiverServerRatis (XceiverServerRatis.java:start(417)) - Starting XceiverServerRatis 21936b31-eba2-4a0f-a111-822641af9352 at port 0
2019-10-02 07:46:44,241 [Datanode State Machine Thread - 0] INFO  impl.RaftServerProxy (RaftServerProxy.java:lambda$start$3(299)) - 21936b31-eba2-4a0f-a111-822641af9352: start RPC server
2019-10-02 07:46:44,243 [Datanode State Machine Thread - 0] INFO  server.GrpcService (GrpcService.java:startImpl(158)) - 21936b31-eba2-4a0f-a111-822641af9352: GrpcService started, listening on 0.0.0.0/0.0.0.0:40595
2019-10-02 07:46:44,244 [Datanode State Machine Thread - 0] INFO  ratis.XceiverServerRatis (XceiverServerRatis.java:start(427)) - XceiverServerRatis 21936b31-eba2-4a0f-a111-822641af9352 is started using port 40595
2019-10-02 07:46:44,246 [Datanode State Machine Thread - 0] INFO  server.XceiverServerGrpc (XceiverServerGrpc.java:start(149)) - XceiverServerGrpc 21936b31-eba2-4a0f-a111-822641af9352 is started using port 35164
2019-10-02 07:46:44,315 [Datanode State Machine Thread - 0] INFO  ozoneimpl.OzoneContainer (OzoneContainer.java:start(217)) - Attempting to start container services.
2019-10-02 07:46:44,315 [Datanode State Machine Thread - 0] INFO  ozoneimpl.OzoneContainer (OzoneContainer.java:startContainerScrub(179)) - Background container scanner has been disabled.
2019-10-02 07:46:44,316 [Datanode State Machine Thread - 0] INFO  ratis.XceiverServerRatis (XceiverServerRatis.java:start(417)) - Starting XceiverServerRatis c6170056-4cf1-4c03-8a1f-568341e9d339 at port 0
2019-10-02 07:46:44,323 [Datanode State Machine Thread - 0] INFO  impl.RaftServerProxy (RaftServerProxy.java:lambda$start$3(299)) - c6170056-4cf1-4c03-8a1f-568341e9d339: start RPC server
2019-10-02 07:46:44,326 [Datanode State Machine Thread - 0] INFO  server.GrpcService (GrpcService.java:startImpl(158)) - c6170056-4cf1-4c03-8a1f-568341e9d339: GrpcService started, listening on 0.0.0.0/0.0.0.0:38281
2019-10-02 07:46:44,326 [Datanode State Machine Thread - 0] INFO  ratis.XceiverServerRatis (XceiverServerRatis.java:start(427)) - XceiverServerRatis c6170056-4cf1-4c03-8a1f-568341e9d339 is started using port 38281
2019-10-02 07:46:44,330 [Datanode State Machine Thread - 0] INFO  server.XceiverServerGrpc (XceiverServerGrpc.java:start(149)) - XceiverServerGrpc c6170056-4cf1-4c03-8a1f-568341e9d339 is started using port 32839
2019-10-02 07:46:44,416 [Datanode State Machine Thread - 0] INFO  ozoneimpl.OzoneContainer (OzoneContainer.java:start(217)) - Attempting to start container services.
2019-10-02 07:46:44,417 [Datanode State Machine Thread - 0] INFO  ozoneimpl.OzoneContainer (OzoneContainer.java:startContainerScrub(179)) - Background container scanner has been disabled.
2019-10-02 07:46:44,417 [Datanode State Machine Thread - 0] INFO  ratis.XceiverServerRatis (XceiverServerRatis.java:start(417)) - Starting XceiverServerRatis 07ab5ffe-ad36-4120-bcca-92a2d7e21fcd at port 0
2019-10-02 07:46:44,422 [Datanode State Machine Thread - 0] INFO  impl.RaftServerProxy (RaftServerProxy.java:lambda$start$3(299)) - 07ab5ffe-ad36-4120-bcca-92a2d7e21fcd: start RPC server
2019-10-02 07:46:44,426 [Datanode State Machine Thread - 0] INFO  server.GrpcService (GrpcService.java:startImpl(158)) - 07ab5ffe-ad36-4120-bcca-92a2d7e21fcd: GrpcService started, listening on 0.0.0.0/0.0.0.0:35486
2019-10-02 07:46:44,426 [Datanode State Machine Thread - 0] INFO  ratis.XceiverServerRatis (XceiverServerRatis.java:start(427)) - XceiverServerRatis 07ab5ffe-ad36-4120-bcca-92a2d7e21fcd is started using port 35486
2019-10-02 07:46:44,428 [Datanode State Machine Thread - 0] INFO  server.XceiverServerGrpc (XceiverServerGrpc.java:start(149)) - XceiverServerGrpc 07ab5ffe-ad36-4120-bcca-92a2d7e21fcd is started using port 37086
2019-10-02 07:46:44,466 [main] INFO  ozone.MiniOzoneClusterImpl (MiniOzoneClusterImpl.java:lambda$waitForClusterToBeReady$0(147)) - Waiting for cluster to be ready. Got 0 of 7 DN Heartbeats.
2019-10-02 07:46:44,483 [Datanode State Machine Thread - 0] INFO  ozoneimpl.OzoneContainer (OzoneContainer.java:start(217)) - Attempting to start container services.
2019-10-02 07:46:44,483 [Datanode State Machine Thread - 0] INFO  ozoneimpl.OzoneContainer (OzoneContainer.java:startContainerScrub(179)) - Background container scanner has been disabled.
2019-10-02 07:46:44,483 [Datanode State Machine Thread - 0] INFO  ratis.XceiverServerRatis (XceiverServerRatis.java:start(417)) - Starting XceiverServerRatis d197193a-9b38-4376-abb0-d626583253f4 at port 0
2019-10-02 07:46:44,489 [Datanode State Machine Thread - 0] INFO  impl.RaftServerProxy (RaftServerProxy.java:lambda$start$3(299)) - d197193a-9b38-4376-abb0-d626583253f4: start RPC server
2019-10-02 07:46:44,492 [Datanode State Machine Thread - 0] INFO  server.GrpcService (GrpcService.java:startImpl(158)) - d197193a-9b38-4376-abb0-d626583253f4: GrpcService started, listening on 0.0.0.0/0.0.0.0:45055
2019-10-02 07:46:44,493 [Datanode State Machine Thread - 0] INFO  ratis.XceiverServerRatis (XceiverServerRatis.java:start(427)) - XceiverServerRatis d197193a-9b38-4376-abb0-d626583253f4 is started using port 45055
2019-10-02 07:46:44,495 [Datanode State Machine Thread - 0] INFO  server.XceiverServerGrpc (XceiverServerGrpc.java:start(149)) - XceiverServerGrpc d197193a-9b38-4376-abb0-d626583253f4 is started using port 42004
2019-10-02 07:46:45,469 [main] INFO  ozone.MiniOzoneClusterImpl (MiniOzoneClusterImpl.java:lambda$waitForClusterToBeReady$0(147)) - Waiting for cluster to be ready. Got 0 of 7 DN Heartbeats.
2019-10-02 07:46:46,003 [IPC Server handler 11 on 39479] INFO  net.NetworkTopology (NetworkTopologyImpl.java:add(111)) - Added a new node: /default-rack/b42c3f3b-ae32-469c-b4d9-669e1d8aa140
2019-10-02 07:46:46,003 [IPC Server handler 11 on 39479] INFO  node.SCMNodeManager (SCMNodeManager.java:register(266)) - Registered Data node : b42c3f3b-ae32-469c-b4d9-669e1d8aa140{ip: 192.168.164.211, host: pr-hdds-2227-gdpr-vz6hn-2718222164, networkLocation: /default-rack, certSerialId: null}
2019-10-02 07:46:46,008 [EventQueue-NodeRegistrationContainerReportForDataNodeSafeModeRule] INFO  safemode.SCMSafeModeManager (DataNodeSafeModeRule.java:process(71)) - SCM in safe mode. 1 DataNodes registered, 1 required.
2019-10-02 07:46:46,008 [EventQueue-NodeRegistrationContainerReportForDataNodeSafeModeRule] INFO  safemode.SCMSafeModeManager (SCMSafeModeManager.java:validateSafeModeExitRules(177)) - ScmSafeModeManager, all rules are successfully validated
2019-10-02 07:46:46,008 [EventQueue-NodeRegistrationContainerReportForDataNodeSafeModeRule] INFO  safemode.SCMSafeModeManager (SCMSafeModeManager.java:exitSafeMode(193)) - SCM exiting safe mode.
2019-10-02 07:46:46,045 [IPC Server handler 7 on 39479] INFO  net.NetworkTopology (NetworkTopologyImpl.java:add(111)) - Added a new node: /default-rack/c23b986f-fe02-40ff-b3bb-a004d3e2a61f
2019-10-02 07:46:46,045 [IPC Server handler 7 on 39479] INFO  node.SCMNodeManager (SCMNodeManager.java:register(266)) - Registered Data node : c23b986f-fe02-40ff-b3bb-a004d3e2a61f{ip: 192.168.164.211, host: pr-hdds-2227-gdpr-vz6hn-2718222164, networkLocation: /default-rack, certSerialId: null}
2019-10-02 07:46:46,142 [IPC Server handler 10 on 39479] INFO  net.NetworkTopology (NetworkTopologyImpl.java:add(111)) - Added a new node: /default-rack/f33a1b7a-1d70-4829-932c-064247c4dc59
2019-10-02 07:46:46,143 [IPC Server handler 10 on 39479] INFO  node.SCMNodeManager (SCMNodeManager.java:register(266)) - Registered Data node : f33a1b7a-1d70-4829-932c-064247c4dc59{ip: 192.168.164.211, host: pr-hdds-2227-gdpr-vz6hn-2718222164, networkLocation: /default-rack, certSerialId: null}
2019-10-02 07:46:46,215 [IPC Server handler 8 on 39479] INFO  net.NetworkTopology (NetworkTopologyImpl.java:add(111)) - Added a new node: /default-rack/21936b31-eba2-4a0f-a111-822641af9352
2019-10-02 07:46:46,215 [IPC Server handler 8 on 39479] INFO  node.SCMNodeManager (SCMNodeManager.java:register(266)) - Registered Data node : 21936b31-eba2-4a0f-a111-822641af9352{ip: 192.168.164.211, host: pr-hdds-2227-gdpr-vz6hn-2718222164, networkLocation: /default-rack, certSerialId: null}
2019-10-02 07:46:46,303 [IPC Server handler 6 on 39479] INFO  net.NetworkTopology (NetworkTopologyImpl.java:add(111)) - Added a new node: /default-rack/c6170056-4cf1-4c03-8a1f-568341e9d339
2019-10-02 07:46:46,303 [IPC Server handler 6 on 39479] INFO  node.SCMNodeManager (SCMNodeManager.java:register(266)) - Registered Data node : c6170056-4cf1-4c03-8a1f-568341e9d339{ip: 192.168.164.211, host: pr-hdds-2227-gdpr-vz6hn-2718222164, networkLocation: /default-rack, certSerialId: null}
2019-10-02 07:46:46,403 [IPC Server handler 12 on 39479] INFO  net.NetworkTopology (NetworkTopologyImpl.java:add(111)) - Added a new node: /default-rack/07ab5ffe-ad36-4120-bcca-92a2d7e21fcd
2019-10-02 07:46:46,403 [IPC Server handler 12 on 39479] INFO  node.SCMNodeManager (SCMNodeManager.java:register(266)) - Registered Data node : 07ab5ffe-ad36-4120-bcca-92a2d7e21fcd{ip: 192.168.164.211, host: pr-hdds-2227-gdpr-vz6hn-2718222164, networkLocation: /default-rack, certSerialId: null}
2019-10-02 07:46:46,469 [IPC Server handler 9 on 39479] INFO  net.NetworkTopology (NetworkTopologyImpl.java:add(111)) - Added a new node: /default-rack/d197193a-9b38-4376-abb0-d626583253f4
2019-10-02 07:46:46,470 [main] INFO  ozone.MiniOzoneClusterImpl (MiniOzoneClusterImpl.java:lambda$waitForClusterToBeReady$0(147)) - Cluster is ready. Got 7 of 7 DN Heartbeats.
2019-10-02 07:46:46,470 [IPC Server handler 9 on 39479] INFO  node.SCMNodeManager (SCMNodeManager.java:register(266)) - Registered Data node : d197193a-9b38-4376-abb0-d626583253f4{ip: 192.168.164.211, host: pr-hdds-2227-gdpr-vz6hn-2718222164, networkLocation: /default-rack, certSerialId: null}
2019-10-02 07:46:46,561 [grpc-default-executor-0] INFO  impl.RaftServerProxy (RaftServerProxy.java:addNew(89)) - b42c3f3b-ae32-469c-b4d9-669e1d8aa140: addNew group-AEBA344E6B02:[b42c3f3b-ae32-469c-b4d9-669e1d8aa140:192.168.164.211:38568] returns group-AEBA344E6B02:java.util.concurrent.CompletableFuture@34d1dd6a[Not completed]
2019-10-02 07:46:46,578 [pool-27-thread-1] INFO  impl.RaftServerImpl (RaftServerImpl.java:<init>(95)) - b42c3f3b-ae32-469c-b4d9-669e1d8aa140: new RaftServerImpl for group-AEBA344E6B02:[b42c3f3b-ae32-469c-b4d9-669e1d8aa140:192.168.164.211:38568] with ContainerStateMachine:uninitialized
2019-10-02 07:46:46,580 [pool-27-thread-1] INFO  server.RaftServerConfigKeys (ConfUtils.java:logGet(43)) - raft.server.rpc.timeout.min = 5s (custom)
2019-10-02 07:46:46,581 [pool-27-thread-1] INFO  server.RaftServerConfigKeys (ConfUtils.java:logGet(43)) - raft.server.rpc.timeout.max = 5200ms (custom)
2019-10-02 07:46:46,581 [pool-27-thread-1] INFO  server.RaftServerConfigKeys (ConfUtils.java:logGet(43)) - raft.server.rpcslowness.timeout = 120s (custom)
2019-10-02 07:46:46,582 [pool-27-thread-1] INFO  server.RaftServerConfigKeys (ConfUtils.java:logGet(43)) - raft.server.sleep.deviation.threshold = 300 (default)
2019-10-02 07:46:46,583 [pool-27-thread-1] INFO  server.RaftServerConfigKeys (ConfUtils.java:logGet(43)) - raft.server.log.appender.install.snapshot.enabled = false (custom)
2019-10-02 07:46:46,590 [pool-27-thread-1] INFO  impl.RaftServerImpl (ServerState.java:<init>(103)) - b42c3f3b-ae32-469c-b4d9-669e1d8aa140@group-AEBA344E6B02: ConfigurationManager, init=-1: [b42c3f3b-ae32-469c-b4d9-669e1d8aa140:192.168.164.211:38568], old=null, confs=<EMPTY_MAP>
2019-10-02 07:46:46,590 [pool-27-thread-1] INFO  server.RaftServerConfigKeys (ConfUtils.java:logGet(43)) - raft.server.storage.dir = [/workdir/hadoop-ozone/integration-test/target/test-dir/MiniOzoneClusterImpl-5bb48fee-652f-43d0-b5cd-50152d7826d1/datanode-0/data/ratis] (custom)
2019-10-02 07:46:46,596 [pool-27-thread-1] INFO  server.RaftServerConfigKeys (ConfUtils.java:logGet(43)) - raft.server.log.corruption.policy = EXCEPTION (default)
2019-10-02 07:46:46,597 [pool-27-thread-1] INFO  storage.RaftStorageDirectory (RaftStorageDirectory.java:analyzeStorage(246)) - The storage directory /workdir/hadoop-ozone/integration-test/target/test-dir/MiniOzoneClusterImpl-5bb48fee-652f-43d0-b5cd-50152d7826d1/datanode-0/data/ratis/cf2c7606-1f91-497b-b816-aeba344e6b02 does not exist. Creating ...
2019-10-02 07:46:46,614 [pool-27-thread-1] INFO  storage.RaftStorageDirectory (RaftStorageDirectory.java:tryLock(328)) - Lock on /workdir/hadoop-ozone/integration-test/target/test-dir/MiniOzoneClusterImpl-5bb48fee-652f-43d0-b5cd-50152d7826d1/datanode-0/data/ratis/cf2c7606-1f91-497b-b816-aeba344e6b02/in_use.lock acquired by nodename 29620@pr-hdds-2227-gdpr-vz6hn-2718222164
2019-10-02 07:46:46,629 [pool-27-thread-1] INFO  storage.RaftStorage (RaftStorage.java:format(84)) - Storage directory /workdir/hadoop-ozone/integration-test/target/test-dir/MiniOzoneClusterImpl-5bb48fee-652f-43d0-b5cd-50152d7826d1/datanode-0/data/ratis/cf2c7606-1f91-497b-b816-aeba344e6b02 has been successfully formatted.
2019-10-02 07:46:46,631 [pool-27-thread-1] INFO  ratis.ContainerStateMachine (ContainerStateMachine.java:loadSnapshot(230)) - group-AEBA344E6B02: The snapshot info is null. Setting the last applied indexto:(t:0, i:~)
2019-10-02 07:46:46,631 [pool-27-thread-1] INFO  server.RaftServerConfigKeys (ConfUtils.java:logGet(43)) - raft.server.notification.no-leader.timeout = 120s (custom)
2019-10-02 07:46:46,633 [pool-27-thread-1] INFO  server.RaftServerConfigKeys (ConfUtils.java:logGet(43)) - raft.server.log.use.memory = false (default)
2019-10-02 07:46:46,638 [pool-27-thread-1] INFO  server.RaftServerConfigKeys (ConfUtils.java:logGet(43)) - raft.server.log.purge.gap = 1000000 (custom)
2019-10-02 07:46:46,638 [pool-27-thread-1] INFO  server.RaftServerConfigKeys (ConfUtils.java:logGet(43)) - raft.server.log.appender.buffer.byte-limit = 33554432 (custom)
2019-10-02 07:46:46,640 [pool-27-thread-1] INFO  server.RaftServerConfigKeys (ConfUtils.java:logGet(43)) - raft.server.log.segment.size.max = 1048576 (custom)
2019-10-02 07:46:46,642 [pool-27-thread-1] INFO  impl.MetricsSystemImpl (MetricsSystemImpl.java:init(158)) - ratis metrics system started (again)
2019-10-02 07:46:46,646 [pool-27-thread-1] INFO  metrics.MetricRegistries (MetricRegistriesLoader.java:load(64)) - Loaded MetricRegistries class org.apache.ratis.metrics.impl.MetricRegistriesImpl
2019-10-02 07:46:46,686 [pool-27-thread-1] INFO  server.RaftServerConfigKeys (ConfUtils.java:logGet(43)) - raft.server.log.segment.cache.num.max = 2 (custom)
2019-10-02 07:46:46,692 [pool-27-thread-1] INFO  segmented.SegmentedRaftLogWorker (SegmentedRaftLogWorker.java:<init>(173)) - new b42c3f3b-ae32-469c-b4d9-669e1d8aa140@group-AEBA344E6B02-SegmentedRaftLogWorker for RaftStorage:Storage Directory /workdir/hadoop-ozone/integration-test/target/test-dir/MiniOzoneClusterImpl-5bb48fee-652f-43d0-b5cd-50152d7826d1/datanode-0/data/ratis/cf2c7606-1f91-497b-b816-aeba344e6b02
2019-10-02 07:46:46,693 [pool-27-thread-1] INFO  server.RaftServerConfigKeys (ConfUtils.java:logGet(43)) - raft.server.log.queue.byte-limit = 2147483647 (custom)
2019-10-02 07:46:46,693 [pool-27-thread-1] INFO  server.RaftServerConfigKeys (ConfUtils.java:logGet(43)) - raft.server.log.queue.element-limit = 1024 (custom)
2019-10-02 07:46:46,694 [pool-27-thread-1] INFO  server.RaftServerConfigKeys (ConfUtils.java:logGet(43)) - raft.server.log.segment.size.max = 1048576 (custom)
2019-10-02 07:46:46,695 [pool-27-thread-1] INFO  server.RaftServerConfigKeys (ConfUtils.java:logGet(43)) - raft.server.log.preallocated.size = 16384 (custom)
2019-10-02 07:46:46,695 [pool-27-thread-1] INFO  server.RaftServerConfigKeys (ConfUtils.java:logGet(43)) - raft.server.log.write.buffer.size = 33554432 (custom)
2019-10-02 07:46:46,696 [pool-27-thread-1] INFO  server.RaftServerConfigKeys (ConfUtils.java:logGet(43)) - raft.server.log.force.sync.num = 128 (default)
2019-10-02 07:46:46,697 [pool-27-thread-1] INFO  server.RaftServerConfigKeys (ConfUtils.java:logGet(43)) - raft.server.log.statemachine.data.sync = true (default)
2019-10-02 07:46:46,697 [pool-27-thread-1] INFO  server.RaftServerConfigKeys (ConfUtils.java:logGet(43)) - raft.server.log.statemachine.data.sync.timeout = 10s (default)
2019-10-02 07:46:46,697 [pool-27-thread-1] INFO  server.RaftServerConfigKeys (ConfUtils.java:logGet(43)) - raft.server.log.statemachine.data.sync.timeout.retry = -1 (default)
2019-10-02 07:46:46,716 [pool-27-thread-1] INFO  server.RaftServerConfigKeys (ConfUtils.java:logGet(43)) - raft.server.log.statemachine.data.caching.enabled = true (custom)
2019-10-02 07:46:46,722 [pool-27-thread-1] INFO  segmented.SegmentedRaftLogWorker (SegmentedRaftLogWorker.java:lambda$new$0(128)) - b42c3f3b-ae32-469c-b4d9-669e1d8aa140@group-AEBA344E6B02-SegmentedRaftLogWorker: flushIndex: setUnconditionally 0 -> -1
2019-10-02 07:46:46,727 [pool-27-thread-1] INFO  server.RaftServerConfigKeys (ConfUtils.java:logGet(43)) - raft.server.snapshot.auto.trigger.enabled = true (custom)
2019-10-02 07:46:46,728 [pool-27-thread-1] INFO  server.RaftServerConfigKeys (ConfUtils.java:logGet(43)) - raft.server.snapshot.auto.trigger.threshold = 10000 (custom)
2019-10-02 07:46:46,729 [pool-27-thread-1] INFO  server.RaftServerConfigKeys (ConfUtils.java:logGet(43)) - raft.server.snapshot.retention.file.num = 5 (custom)
2019-10-02 07:46:46,730 [pool-27-thread-1] INFO  server.RaftServerConfigKeys (ConfUtils.java:logGet(43)) - raft.server.retrycache.expirytime = 600000ms (custom)
2019-10-02 07:46:46,761 [pool-27-thread-1] INFO  impl.RaftServerImpl (RaftServerImpl.java:start(181)) - b42c3f3b-ae32-469c-b4d9-669e1d8aa140@group-AEBA344E6B02: start as a follower, conf=-1: [b42c3f3b-ae32-469c-b4d9-669e1d8aa140:192.168.164.211:38568], old=null
2019-10-02 07:46:46,762 [pool-27-thread-1] INFO  impl.RaftServerImpl (RaftServerImpl.java:setRole(170)) - b42c3f3b-ae32-469c-b4d9-669e1d8aa140@group-AEBA344E6B02: changes role from      null to FOLLOWER at term 0 for startAsFollower
2019-10-02 07:46:46,763 [pool-27-thread-1] INFO  impl.RoleInfo (RoleInfo.java:updateAndGet(143)) - b42c3f3b-ae32-469c-b4d9-669e1d8aa140: start FollowerState
2019-10-02 07:46:46,765 [pool-27-thread-1] INFO  util.JmxRegister (JmxRegister.java:tryRegister(44)) - Successfully registered JMX Bean with object name Ratis:service=RaftServer,group=group-AEBA344E6B02,id=b42c3f3b-ae32-469c-b4d9-669e1d8aa140
2019-10-02 07:46:46,835 [RatisPipelineUtilsThread] INFO  pipeline.PipelineStateManager (PipelineStateManager.java:addPipeline(56)) - Created pipeline Pipeline[ Id: cf2c7606-1f91-497b-b816-aeba344e6b02, Nodes: b42c3f3b-ae32-469c-b4d9-669e1d8aa140{ip: 192.168.164.211, host: pr-hdds-2227-gdpr-vz6hn-2718222164, networkLocation: /default-rack, certSerialId: null}, Type:RATIS, Factor:ONE, State:OPEN]
2019-10-02 07:46:46,865 [grpc-default-executor-0] INFO  impl.RaftServerProxy (RaftServerProxy.java:addNew(89)) - d197193a-9b38-4376-abb0-d626583253f4: addNew group-CB5FD0F6367B:[d197193a-9b38-4376-abb0-d626583253f4:192.168.164.211:45055] returns group-CB5FD0F6367B:java.util.concurrent.CompletableFuture@ba37391[Not completed]
2019-10-02 07:46:46,911 [pool-87-thread-1] INFO  impl.RaftServerImpl (RaftServerImpl.java:<init>(95)) - d197193a-9b38-4376-abb0-d626583253f4: new RaftServerImpl for group-CB5FD0F6367B:[d197193a-9b38-4376-abb0-d626583253f4:192.168.164.211:45055] with ContainerStateMachine:uninitialized
2019-10-02 07:46:46,912 [pool-87-thread-1] INFO  server.RaftServerConfigKeys (ConfUtils.java:logGet(43)) - raft.server.rpc.timeout.min = 5s (custom)
2019-10-02 07:46:46,913 [pool-87-thread-1] INFO  server.RaftServerConfigKeys (ConfUtils.java:logGet(43)) - raft.server.rpc.timeout.max = 5200ms (custom)
2019-10-02 07:46:46,913 [pool-87-thread-1] INFO  server.RaftServerConfigKeys (ConfUtils.java:logGet(43)) - raft.server.rpcslowness.timeout = 120s (custom)
2019-10-02 07:46:46,913 [pool-87-thread-1] INFO  server.RaftServerConfigKeys (ConfUtils.java:logGet(43)) - raft.server.sleep.deviation.threshold = 300 (default)
2019-10-02 07:46:46,913 [pool-87-thread-1] INFO  server.RaftServerConfigKeys (ConfUtils.java:logGet(43)) - raft.server.log.appender.install.snapshot.enabled = false (custom)
2019-10-02 07:46:46,913 [pool-87-thread-1] INFO  impl.RaftServerImpl (ServerState.java:<init>(103)) - d197193a-9b38-4376-abb0-d626583253f4@group-CB5FD0F6367B: ConfigurationManager, init=-1: [d197193a-9b38-4376-abb0-d626583253f4:192.168.164.211:45055], old=null, confs=<EMPTY_MAP>
2019-10-02 07:46:46,914 [pool-87-thread-1] INFO  server.RaftServerConfigKeys (ConfUtils.java:logGet(43)) - raft.server.storage.dir = [/workdir/hadoop-ozone/integration-test/target/test-dir/MiniOzoneClusterImpl-5bb48fee-652f-43d0-b5cd-50152d7826d1/datanode-6/data/ratis] (custom)
2019-10-02 07:46:46,914 [pool-87-thread-1] INFO  server.RaftServerConfigKeys (ConfUtils.java:logGet(43)) - raft.server.log.corruption.policy = EXCEPTION (default)
2019-10-02 07:46:46,914 [pool-87-thread-1] INFO  storage.RaftStorageDirectory (RaftStorageDirectory.java:analyzeStorage(246)) - The storage directory /workdir/hadoop-ozone/integration-test/target/test-dir/MiniOzoneClusterImpl-5bb48fee-652f-43d0-b5cd-50152d7826d1/datanode-6/data/ratis/3c86f159-3004-46a3-b9e9-cb5fd0f6367b does not exist. Creating ...
2019-10-02 07:46:46,924 [pool-87-thread-1] INFO  storage.RaftStorageDirectory (RaftStorageDirectory.java:tryLock(328)) - Lock on /workdir/hadoop-ozone/integration-test/target/test-dir/MiniOzoneClusterImpl-5bb48fee-652f-43d0-b5cd-50152d7826d1/datanode-6/data/ratis/3c86f159-3004-46a3-b9e9-cb5fd0f6367b/in_use.lock acquired by nodename 29620@pr-hdds-2227-gdpr-vz6hn-2718222164
2019-10-02 07:46:46,937 [pool-87-thread-1] INFO  storage.RaftStorage (RaftStorage.java:format(84)) - Storage directory /workdir/hadoop-ozone/integration-test/target/test-dir/MiniOzoneClusterImpl-5bb48fee-652f-43d0-b5cd-50152d7826d1/datanode-6/data/ratis/3c86f159-3004-46a3-b9e9-cb5fd0f6367b has been successfully formatted.
2019-10-02 07:46:46,942 [pool-87-thread-1] INFO  ratis.ContainerStateMachine (ContainerStateMachine.java:loadSnapshot(230)) - group-CB5FD0F6367B: The snapshot info is null. Setting the last applied indexto:(t:0, i:~)
2019-10-02 07:46:46,957 [pool-87-thread-1] INFO  server.RaftServerConfigKeys (ConfUtils.java:logGet(43)) - raft.server.notification.no-leader.timeout = 120s (custom)
2019-10-02 07:46:46,958 [pool-87-thread-1] INFO  server.RaftServerConfigKeys (ConfUtils.java:logGet(43)) - raft.server.log.use.memory = false (default)
2019-10-02 07:46:46,958 [pool-87-thread-1] INFO  server.RaftServerConfigKeys (ConfUtils.java:logGet(43)) - raft.server.log.purge.gap = 1000000 (custom)
2019-10-02 07:46:46,958 [pool-87-thread-1] INFO  server.RaftServerConfigKeys (ConfUtils.java:logGet(43)) - raft.server.log.appender.buffer.byte-limit = 33554432 (custom)
2019-10-02 07:46:46,958 [pool-87-thread-1] INFO  server.RaftServerConfigKeys (ConfUtils.java:logGet(43)) - raft.server.log.segment.size.max = 1048576 (custom)
2019-10-02 07:46:46,964 [pool-87-thread-1] INFO  server.RaftServerConfigKeys (ConfUtils.java:logGet(43)) - raft.server.log.segment.cache.num.max = 2 (custom)
2019-10-02 07:46:46,964 [pool-87-thread-1] INFO  segmented.SegmentedRaftLogWorker (SegmentedRaftLogWorker.java:<init>(173)) - new d197193a-9b38-4376-abb0-d626583253f4@group-CB5FD0F6367B-SegmentedRaftLogWorker for RaftStorage:Storage Directory /workdir/hadoop-ozone/integration-test/target/test-dir/MiniOzoneClusterImpl-5bb48fee-652f-43d0-b5cd-50152d7826d1/datanode-6/data/ratis/3c86f159-3004-46a3-b9e9-cb5fd0f6367b
2019-10-02 07:46:46,973 [pool-87-thread-1] INFO  server.RaftServerConfigKeys (ConfUtils.java:logGet(43)) - raft.server.log.queue.byte-limit = 2147483647 (custom)
2019-10-02 07:46:46,973 [pool-87-thread-1] INFO  server.RaftServerConfigKeys (ConfUtils.java:logGet(43)) - raft.server.log.queue.element-limit = 1024 (custom)
2019-10-02 07:46:46,973 [pool-87-thread-1] INFO  server.RaftServerConfigKeys (ConfUtils.java:logGet(43)) - raft.server.log.segment.size.max = 1048576 (custom)
2019-10-02 07:46:46,973 [pool-87-thread-1] INFO  server.RaftServerConfigKeys (ConfUtils.java:logGet(43)) - raft.server.log.preallocated.size = 16384 (custom)
2019-10-02 07:46:46,973 [pool-87-thread-1] INFO  server.RaftServerConfigKeys (ConfUtils.java:logGet(43)) - raft.server.log.write.buffer.size = 33554432 (custom)
2019-10-02 07:46:46,973 [pool-87-thread-1] INFO  server.RaftServerConfigKeys (ConfUtils.java:logGet(43)) - raft.server.log.force.sync.num = 128 (default)
2019-10-02 07:46:46,974 [pool-87-thread-1] INFO  server.RaftServerConfigKeys (ConfUtils.java:logGet(43)) - raft.server.log.statemachine.data.sync = true (default)
2019-10-02 07:46:46,974 [pool-87-thread-1] INFO  server.RaftServerConfigKeys (ConfUtils.java:logGet(43)) - raft.server.log.statemachine.data.sync.timeout = 10s (default)
2019-10-02 07:46:46,974 [pool-87-thread-1] INFO  server.RaftServerConfigKeys (ConfUtils.java:logGet(43)) - raft.server.log.statemachine.data.sync.timeout.retry = -1 (default)
2019-10-02 07:46:46,975 [pool-87-thread-1] INFO  server.RaftServerConfigKeys (ConfUtils.java:logGet(43)) - raft.server.log.statemachine.data.caching.enabled = true (custom)
2019-10-02 07:46:46,975 [pool-87-thread-1] INFO  segmented.SegmentedRaftLogWorker (SegmentedRaftLogWorker.java:lambda$new$0(128)) - d197193a-9b38-4376-abb0-d626583253f4@group-CB5FD0F6367B-SegmentedRaftLogWorker: flushIndex: setUnconditionally 0 -> -1
2019-10-02 07:46:46,976 [pool-87-thread-1] INFO  server.RaftServerConfigKeys (ConfUtils.java:logGet(43)) - raft.server.snapshot.auto.trigger.enabled = true (custom)
2019-10-02 07:46:46,976 [pool-87-thread-1] INFO  server.RaftServerConfigKeys (ConfUtils.java:logGet(43)) - raft.server.snapshot.auto.trigger.threshold = 10000 (custom)
2019-10-02 07:46:46,976 [pool-87-thread-1] INFO  server.RaftServerConfigKeys (ConfUtils.java:logGet(43)) - raft.server.snapshot.retention.file.num = 5 (custom)
2019-10-02 07:46:46,976 [pool-87-thread-1] INFO  server.RaftServerConfigKeys (ConfUtils.java:logGet(43)) - raft.server.retrycache.expirytime = 600000ms (custom)
2019-10-02 07:46:46,981 [pool-87-thread-1] INFO  impl.RaftServerImpl (RaftServerImpl.java:start(181)) - d197193a-9b38-4376-abb0-d626583253f4@group-CB5FD0F6367B: start as a follower, conf=-1: [d197193a-9b38-4376-abb0-d626583253f4:192.168.164.211:45055], old=null
2019-10-02 07:46:46,981 [pool-87-thread-1] INFO  impl.RaftServerImpl (RaftServerImpl.java:setRole(170)) - d197193a-9b38-4376-abb0-d626583253f4@group-CB5FD0F6367B: changes role from      null to FOLLOWER at term 0 for startAsFollower
2019-10-02 07:46:46,982 [pool-87-thread-1] INFO  impl.RoleInfo (RoleInfo.java:updateAndGet(143)) - d197193a-9b38-4376-abb0-d626583253f4: start FollowerState
2019-10-02 07:46:46,983 [pool-87-thread-1] INFO  util.JmxRegister (JmxRegister.java:tryRegister(44)) - Successfully registered JMX Bean with object name Ratis:service=RaftServer,group=group-CB5FD0F6367B,id=d197193a-9b38-4376-abb0-d626583253f4
2019-10-02 07:46:47,002 [RatisPipelineUtilsThread] INFO  pipeline.PipelineStateManager (PipelineStateManager.java:addPipeline(56)) - Created pipeline Pipeline[ Id: 3c86f159-3004-46a3-b9e9-cb5fd0f6367b, Nodes: d197193a-9b38-4376-abb0-d626583253f4{ip: 192.168.164.211, host: pr-hdds-2227-gdpr-vz6hn-2718222164, networkLocation: /default-rack, certSerialId: null}, Type:RATIS, Factor:ONE, State:OPEN]
2019-10-02 07:46:47,026 [grpc-default-executor-0] INFO  impl.RaftServerProxy (RaftServerProxy.java:addNew(89)) - 07ab5ffe-ad36-4120-bcca-92a2d7e21fcd: addNew group-AAA3E3B99F47:[07ab5ffe-ad36-4120-bcca-92a2d7e21fcd:192.168.164.211:35486] returns group-AAA3E3B99F47:java.util.concurrent.CompletableFuture@6adbd1ea[Not completed]
2019-10-02 07:46:47,059 [pool-77-thread-1] INFO  impl.RaftServerImpl (RaftServerImpl.java:<init>(95)) - 07ab5ffe-ad36-4120-bcca-92a2d7e21fcd: new RaftServerImpl for group-AAA3E3B99F47:[07ab5ffe-ad36-4120-bcca-92a2d7e21fcd:192.168.164.211:35486] with ContainerStateMachine:uninitialized
2019-10-02 07:46:47,060 [pool-77-thread-1] INFO  server.RaftServerConfigKeys (ConfUtils.java:logGet(43)) - raft.server.rpc.timeout.min = 5s (custom)
2019-10-02 07:46:47,060 [pool-77-thread-1] INFO  server.RaftServerConfigKeys (ConfUtils.java:logGet(43)) - raft.server.rpc.timeout.max = 5200ms (custom)
2019-10-02 07:46:47,060 [pool-77-thread-1] INFO  server.RaftServerConfigKeys (ConfUtils.java:logGet(43)) - raft.server.rpcslowness.timeout = 120s (custom)
2019-10-02 07:46:47,060 [pool-77-thread-1] INFO  server.RaftServerConfigKeys (ConfUtils.java:logGet(43)) - raft.server.sleep.deviation.threshold = 300 (default)
2019-10-02 07:46:47,061 [pool-77-thread-1] INFO  server.RaftServerConfigKeys (ConfUtils.java:logGet(43)) - raft.server.log.appender.install.snapshot.enabled = false (custom)
2019-10-02 07:46:47,061 [pool-77-thread-1] INFO  impl.RaftServerImpl (ServerState.java:<init>(103)) - 07ab5ffe-ad36-4120-bcca-92a2d7e21fcd@group-AAA3E3B99F47: ConfigurationManager, init=-1: [07ab5ffe-ad36-4120-bcca-92a2d7e21fcd:192.168.164.211:35486], old=null, confs=<EMPTY_MAP>
2019-10-02 07:46:47,061 [pool-77-thread-1] INFO  server.RaftServerConfigKeys (ConfUtils.java:logGet(43)) - raft.server.storage.dir = [/workdir/hadoop-ozone/integration-test/target/test-dir/MiniOzoneClusterImpl-5bb48fee-652f-43d0-b5cd-50152d7826d1/datanode-5/data/ratis] (custom)
2019-10-02 07:46:47,061 [pool-77-thread-1] INFO  server.RaftServerConfigKeys (ConfUtils.java:logGet(43)) - raft.server.log.corruption.policy = EXCEPTION (default)
2019-10-02 07:46:47,062 [pool-77-thread-1] INFO  storage.RaftStorageDirectory (RaftStorageDirectory.java:analyzeStorage(246)) - The storage directory /workdir/hadoop-ozone/integration-test/target/test-dir/MiniOzoneClusterImpl-5bb48fee-652f-43d0-b5cd-50152d7826d1/datanode-5/data/ratis/531f556f-705d-4e85-837a-aaa3e3b99f47 does not exist. Creating ...
2019-10-02 07:46:47,075 [pool-77-thread-1] INFO  storage.RaftStorageDirectory (RaftStorageDirectory.java:tryLock(328)) - Lock on /workdir/hadoop-ozone/integration-test/target/test-dir/MiniOzoneClusterImpl-5bb48fee-652f-43d0-b5cd-50152d7826d1/datanode-5/data/ratis/531f556f-705d-4e85-837a-aaa3e3b99f47/in_use.lock acquired by nodename 29620@pr-hdds-2227-gdpr-vz6hn-2718222164
2019-10-02 07:46:47,088 [pool-77-thread-1] INFO  storage.RaftStorage (RaftStorage.java:format(84)) - Storage directory /workdir/hadoop-ozone/integration-test/target/test-dir/MiniOzoneClusterImpl-5bb48fee-652f-43d0-b5cd-50152d7826d1/datanode-5/data/ratis/531f556f-705d-4e85-837a-aaa3e3b99f47 has been successfully formatted.
2019-10-02 07:46:47,089 [pool-77-thread-1] INFO  ratis.ContainerStateMachine (ContainerStateMachine.java:loadSnapshot(230)) - group-AAA3E3B99F47: The snapshot info is null. Setting the last applied indexto:(t:0, i:~)
2019-10-02 07:46:47,094 [pool-77-thread-1] INFO  server.RaftServerConfigKeys (ConfUtils.java:logGet(43)) - raft.server.notification.no-leader.timeout = 120s (custom)
2019-10-02 07:46:47,094 [pool-77-thread-1] INFO  server.RaftServerConfigKeys (ConfUtils.java:logGet(43)) - raft.server.log.use.memory = false (default)
2019-10-02 07:46:47,094 [pool-77-thread-1] INFO  server.RaftServerConfigKeys (ConfUtils.java:logGet(43)) - raft.server.log.purge.gap = 1000000 (custom)
2019-10-02 07:46:47,094 [pool-77-thread-1] INFO  server.RaftServerConfigKeys (ConfUtils.java:logGet(43)) - raft.server.log.appender.buffer.byte-limit = 33554432 (custom)
2019-10-02 07:46:47,095 [pool-77-thread-1] INFO  server.RaftServerConfigKeys (ConfUtils.java:logGet(43)) - raft.server.log.segment.size.max = 1048576 (custom)
2019-10-02 07:46:47,128 [pool-77-thread-1] INFO  server.RaftServerConfigKeys (ConfUtils.java:logGet(43)) - raft.server.log.segment.cache.num.max = 2 (custom)
2019-10-02 07:46:47,129 [pool-77-thread-1] INFO  segmented.SegmentedRaftLogWorker (SegmentedRaftLogWorker.java:<init>(173)) - new 07ab5ffe-ad36-4120-bcca-92a2d7e21fcd@group-AAA3E3B99F47-SegmentedRaftLogWorker for RaftStorage:Storage Directory /workdir/hadoop-ozone/integration-test/target/test-dir/MiniOzoneClusterImpl-5bb48fee-652f-43d0-b5cd-50152d7826d1/datanode-5/data/ratis/531f556f-705d-4e85-837a-aaa3e3b99f47
2019-10-02 07:46:47,129 [pool-77-thread-1] INFO  server.RaftServerConfigKeys (ConfUtils.java:logGet(43)) - raft.server.log.queue.byte-limit = 2147483647 (custom)
2019-10-02 07:46:47,129 [pool-77-thread-1] INFO  server.RaftServerConfigKeys (ConfUtils.java:logGet(43)) - raft.server.log.queue.element-limit = 1024 (custom)
2019-10-02 07:46:47,129 [pool-77-thread-1] INFO  server.RaftServerConfigKeys (ConfUtils.java:logGet(43)) - raft.server.log.segment.size.max = 1048576 (custom)
2019-10-02 07:46:47,129 [pool-77-thread-1] INFO  server.RaftServerConfigKeys (ConfUtils.java:logGet(43)) - raft.server.log.preallocated.size = 16384 (custom)
2019-10-02 07:46:47,129 [pool-77-thread-1] INFO  server.RaftServerConfigKeys (ConfUtils.java:logGet(43)) - raft.server.log.write.buffer.size = 33554432 (custom)
2019-10-02 07:46:47,130 [pool-77-thread-1] INFO  server.RaftServerConfigKeys (ConfUtils.java:logGet(43)) - raft.server.log.force.sync.num = 128 (default)
2019-10-02 07:46:47,130 [pool-77-thread-1] INFO  server.RaftServerConfigKeys (ConfUtils.java:logGet(43)) - raft.server.log.statemachine.data.sync = true (default)
2019-10-02 07:46:47,130 [pool-77-thread-1] INFO  server.RaftServerConfigKeys (ConfUtils.java:logGet(43)) - raft.server.log.statemachine.data.sync.timeout = 10s (default)
2019-10-02 07:46:47,130 [pool-77-thread-1] INFO  server.RaftServerConfigKeys (ConfUtils.java:logGet(43)) - raft.server.log.statemachine.data.sync.timeout.retry = -1 (default)
2019-10-02 07:46:47,131 [pool-77-thread-1] INFO  server.RaftServerConfigKeys (ConfUtils.java:logGet(43)) - raft.server.log.statemachine.data.caching.enabled = true (custom)
2019-10-02 07:46:47,132 [pool-77-thread-1] INFO  segmented.SegmentedRaftLogWorker (SegmentedRaftLogWorker.java:lambda$new$0(128)) - 07ab5ffe-ad36-4120-bcca-92a2d7e21fcd@group-AAA3E3B99F47-SegmentedRaftLogWorker: flushIndex: setUnconditionally 0 -> -1
2019-10-02 07:46:47,132 [pool-77-thread-1] INFO  server.RaftServerConfigKeys (ConfUtils.java:logGet(43)) - raft.server.snapshot.auto.trigger.enabled = true (custom)
2019-10-02 07:46:47,132 [pool-77-thread-1] INFO  server.RaftServerConfigKeys (ConfUtils.java:logGet(43)) - raft.server.snapshot.auto.trigger.threshold = 10000 (custom)
2019-10-02 07:46:47,132 [pool-77-thread-1] INFO  server.RaftServerConfigKeys (ConfUtils.java:logGet(43)) - raft.server.snapshot.retention.file.num = 5 (custom)
2019-10-02 07:46:47,133 [pool-77-thread-1] INFO  server.RaftServerConfigKeys (ConfUtils.java:logGet(43)) - raft.server.retrycache.expirytime = 600000ms (custom)
2019-10-02 07:46:47,138 [pool-77-thread-1] INFO  impl.RaftServerImpl (RaftServerImpl.java:start(181)) - 07ab5ffe-ad36-4120-bcca-92a2d7e21fcd@group-AAA3E3B99F47: start as a follower, conf=-1: [07ab5ffe-ad36-4120-bcca-92a2d7e21fcd:192.168.164.211:35486], old=null
2019-10-02 07:46:47,138 [pool-77-thread-1] INFO  impl.RaftServerImpl (RaftServerImpl.java:setRole(170)) - 07ab5ffe-ad36-4120-bcca-92a2d7e21fcd@group-AAA3E3B99F47: changes role from      null to FOLLOWER at term 0 for startAsFollower
2019-10-02 07:46:47,138 [pool-77-thread-1] INFO  impl.RoleInfo (RoleInfo.java:updateAndGet(143)) - 07ab5ffe-ad36-4120-bcca-92a2d7e21fcd: start FollowerState
2019-10-02 07:46:47,139 [pool-77-thread-1] INFO  util.JmxRegister (JmxRegister.java:tryRegister(44)) - Successfully registered JMX Bean with object name Ratis:service=RaftServer,group=group-AAA3E3B99F47,id=07ab5ffe-ad36-4120-bcca-92a2d7e21fcd
2019-10-02 07:46:47,155 [RatisPipelineUtilsThread] INFO  pipeline.PipelineStateManager (PipelineStateManager.java:addPipeline(56)) - Created pipeline Pipeline[ Id: 531f556f-705d-4e85-837a-aaa3e3b99f47, Nodes: 07ab5ffe-ad36-4120-bcca-92a2d7e21fcd{ip: 192.168.164.211, host: pr-hdds-2227-gdpr-vz6hn-2718222164, networkLocation: /default-rack, certSerialId: null}, Type:RATIS, Factor:ONE, State:OPEN]
2019-10-02 07:46:47,183 [grpc-default-executor-0] INFO  impl.RaftServerProxy (RaftServerProxy.java:addNew(89)) - 21936b31-eba2-4a0f-a111-822641af9352: addNew group-7A490CF27A07:[21936b31-eba2-4a0f-a111-822641af9352:192.168.164.211:40595] returns group-7A490CF27A07:java.util.concurrent.CompletableFuture@69395c1e[Not completed]
2019-10-02 07:46:47,185 [main] INFO  rpc.RpcClient (RpcClient.java:createVolume(277)) - Creating Volume: closecontainerexceptionhandlingtest, with jenkins1000 as owner.
2019-10-02 07:46:47,189 [pool-57-thread-1] INFO  impl.RaftServerImpl (RaftServerImpl.java:<init>(95)) - 21936b31-eba2-4a0f-a111-822641af9352: new RaftServerImpl for group-7A490CF27A07:[21936b31-eba2-4a0f-a111-822641af9352:192.168.164.211:40595] with ContainerStateMachine:uninitialized
2019-10-02 07:46:47,189 [pool-57-thread-1] INFO  server.RaftServerConfigKeys (ConfUtils.java:logGet(43)) - raft.server.rpc.timeout.min = 5s (custom)
2019-10-02 07:46:47,189 [pool-57-thread-1] INFO  server.RaftServerConfigKeys (ConfUtils.java:logGet(43)) - raft.server.rpc.timeout.max = 5200ms (custom)
2019-10-02 07:46:47,190 [pool-57-thread-1] INFO  server.RaftServerConfigKeys (ConfUtils.java:logGet(43)) - raft.server.rpcslowness.timeout = 120s (custom)
2019-10-02 07:46:47,190 [pool-57-thread-1] INFO  server.RaftServerConfigKeys (ConfUtils.java:logGet(43)) - raft.server.sleep.deviation.threshold = 300 (default)
2019-10-02 07:46:47,190 [pool-57-thread-1] INFO  server.RaftServerConfigKeys (ConfUtils.java:logGet(43)) - raft.server.log.appender.install.snapshot.enabled = false (custom)
2019-10-02 07:46:47,190 [pool-57-thread-1] INFO  impl.RaftServerImpl (ServerState.java:<init>(103)) - 21936b31-eba2-4a0f-a111-822641af9352@group-7A490CF27A07: ConfigurationManager, init=-1: [21936b31-eba2-4a0f-a111-822641af9352:192.168.164.211:40595], old=null, confs=<EMPTY_MAP>
2019-10-02 07:46:47,191 [pool-57-thread-1] INFO  server.RaftServerConfigKeys (ConfUtils.java:logGet(43)) - raft.server.storage.dir = [/workdir/hadoop-ozone/integration-test/target/test-dir/MiniOzoneClusterImpl-5bb48fee-652f-43d0-b5cd-50152d7826d1/datanode-3/data/ratis] (custom)
2019-10-02 07:46:47,191 [pool-57-thread-1] INFO  server.RaftServerConfigKeys (ConfUtils.java:logGet(43)) - raft.server.log.corruption.policy = EXCEPTION (default)
2019-10-02 07:46:47,192 [pool-57-thread-1] INFO  storage.RaftStorageDirectory (RaftStorageDirectory.java:analyzeStorage(246)) - The storage directory /workdir/hadoop-ozone/integration-test/target/test-dir/MiniOzoneClusterImpl-5bb48fee-652f-43d0-b5cd-50152d7826d1/datanode-3/data/ratis/aa555826-5f3c-497b-87b0-7a490cf27a07 does not exist. Creating ...
2019-10-02 07:46:47,206 [pool-57-thread-1] INFO  storage.RaftStorageDirectory (RaftStorageDirectory.java:tryLock(328)) - Lock on /workdir/hadoop-ozone/integration-test/target/test-dir/MiniOzoneClusterImpl-5bb48fee-652f-43d0-b5cd-50152d7826d1/datanode-3/data/ratis/aa555826-5f3c-497b-87b0-7a490cf27a07/in_use.lock acquired by nodename 29620@pr-hdds-2227-gdpr-vz6hn-2718222164
2019-10-02 07:46:47,225 [pool-57-thread-1] INFO  storage.RaftStorage (RaftStorage.java:format(84)) - Storage directory /workdir/hadoop-ozone/integration-test/target/test-dir/MiniOzoneClusterImpl-5bb48fee-652f-43d0-b5cd-50152d7826d1/datanode-3/data/ratis/aa555826-5f3c-497b-87b0-7a490cf27a07 has been successfully formatted.
2019-10-02 07:46:47,225 [pool-57-thread-1] INFO  ratis.ContainerStateMachine (ContainerStateMachine.java:loadSnapshot(230)) - group-7A490CF27A07: The snapshot info is null. Setting the last applied indexto:(t:0, i:~)
2019-10-02 07:46:47,226 [pool-57-thread-1] INFO  server.RaftServerConfigKeys (ConfUtils.java:logGet(43)) - raft.server.notification.no-leader.timeout = 120s (custom)
2019-10-02 07:46:47,226 [pool-57-thread-1] INFO  server.RaftServerConfigKeys (ConfUtils.java:logGet(43)) - raft.server.log.use.memory = false (default)
2019-10-02 07:46:47,226 [pool-57-thread-1] INFO  server.RaftServerConfigKeys (ConfUtils.java:logGet(43)) - raft.server.log.purge.gap = 1000000 (custom)
2019-10-02 07:46:47,226 [pool-57-thread-1] INFO  server.RaftServerConfigKeys (ConfUtils.java:logGet(43)) - raft.server.log.appender.buffer.byte-limit = 33554432 (custom)
2019-10-02 07:46:47,226 [pool-57-thread-1] INFO  server.RaftServerConfigKeys (ConfUtils.java:logGet(43)) - raft.server.log.segment.size.max = 1048576 (custom)
2019-10-02 07:46:47,231 [pool-57-thread-1] INFO  server.RaftServerConfigKeys (ConfUtils.java:logGet(43)) - raft.server.log.segment.cache.num.max = 2 (custom)
2019-10-02 07:46:47,231 [pool-57-thread-1] INFO  segmented.SegmentedRaftLogWorker (SegmentedRaftLogWorker.java:<init>(173)) - new 21936b31-eba2-4a0f-a111-822641af9352@group-7A490CF27A07-SegmentedRaftLogWorker for RaftStorage:Storage Directory /workdir/hadoop-ozone/integration-test/target/test-dir/MiniOzoneClusterImpl-5bb48fee-652f-43d0-b5cd-50152d7826d1/datanode-3/data/ratis/aa555826-5f3c-497b-87b0-7a490cf27a07
2019-10-02 07:46:47,231 [pool-57-thread-1] INFO  server.RaftServerConfigKeys (ConfUtils.java:logGet(43)) - raft.server.log.queue.byte-limit = 2147483647 (custom)
2019-10-02 07:46:47,232 [pool-57-thread-1] INFO  server.RaftServerConfigKeys (ConfUtils.java:logGet(43)) - raft.server.log.queue.element-limit = 1024 (custom)
2019-10-02 07:46:47,232 [pool-57-thread-1] INFO  server.RaftServerConfigKeys (ConfUtils.java:logGet(43)) - raft.server.log.segment.size.max = 1048576 (custom)
2019-10-02 07:46:47,232 [pool-57-thread-1] INFO  server.RaftServerConfigKeys (ConfUtils.java:logGet(43)) - raft.server.log.preallocated.size = 16384 (custom)
2019-10-02 07:46:47,232 [pool-57-thread-1] INFO  server.RaftServerConfigKeys (ConfUtils.java:logGet(43)) - raft.server.log.write.buffer.size = 33554432 (custom)
2019-10-02 07:46:47,232 [pool-57-thread-1] INFO  server.RaftServerConfigKeys (ConfUtils.java:logGet(43)) - raft.server.log.force.sync.num = 128 (default)
2019-10-02 07:46:47,232 [pool-57-thread-1] INFO  server.RaftServerConfigKeys (ConfUtils.java:logGet(43)) - raft.server.log.statemachine.data.sync = true (default)
2019-10-02 07:46:47,233 [pool-57-thread-1] INFO  server.RaftServerConfigKeys (ConfUtils.java:logGet(43)) - raft.server.log.statemachine.data.sync.timeout = 10s (default)
2019-10-02 07:46:47,233 [pool-57-thread-1] INFO  server.RaftServerConfigKeys (ConfUtils.java:logGet(43)) - raft.server.log.statemachine.data.sync.timeout.retry = -1 (default)
2019-10-02 07:46:47,234 [pool-57-thread-1] INFO  server.RaftServerConfigKeys (ConfUtils.java:logGet(43)) - raft.server.log.statemachine.data.caching.enabled = true (custom)
2019-10-02 07:46:47,234 [pool-57-thread-1] INFO  segmented.SegmentedRaftLogWorker (SegmentedRaftLogWorker.java:lambda$new$0(128)) - 21936b31-eba2-4a0f-a111-822641af9352@group-7A490CF27A07-SegmentedRaftLogWorker: flushIndex: setUnconditionally 0 -> -1
2019-10-02 07:46:47,234 [pool-57-thread-1] INFO  server.RaftServerConfigKeys (ConfUtils.java:logGet(43)) - raft.server.snapshot.auto.trigger.enabled = true (custom)
2019-10-02 07:46:47,235 [pool-57-thread-1] INFO  server.RaftServerConfigKeys (ConfUtils.java:logGet(43)) - raft.server.snapshot.auto.trigger.threshold = 10000 (custom)
2019-10-02 07:46:47,235 [pool-57-thread-1] INFO  server.RaftServerConfigKeys (ConfUtils.java:logGet(43)) - raft.server.snapshot.retention.file.num = 5 (custom)
2019-10-02 07:46:47,235 [pool-57-thread-1] INFO  server.RaftServerConfigKeys (ConfUtils.java:logGet(43)) - raft.server.retrycache.expirytime = 600000ms (custom)
2019-10-02 07:46:47,239 [pool-57-thread-1] INFO  impl.RaftServerImpl (RaftServerImpl.java:start(181)) - 21936b31-eba2-4a0f-a111-822641af9352@group-7A490CF27A07: start as a follower, conf=-1: [21936b31-eba2-4a0f-a111-822641af9352:192.168.164.211:40595], old=null
2019-10-02 07:46:47,239 [pool-57-thread-1] INFO  impl.RaftServerImpl (RaftServerImpl.java:setRole(170)) - 21936b31-eba2-4a0f-a111-822641af9352@group-7A490CF27A07: changes role from      null to FOLLOWER at term 0 for startAsFollower
2019-10-02 07:46:47,239 [pool-57-thread-1] INFO  impl.RoleInfo (RoleInfo.java:updateAndGet(143)) - 21936b31-eba2-4a0f-a111-822641af9352: start FollowerState
2019-10-02 07:46:47,240 [pool-57-thread-1] INFO  util.JmxRegister (JmxRegister.java:tryRegister(44)) - Successfully registered JMX Bean with object name Ratis:service=RaftServer,group=group-7A490CF27A07,id=21936b31-eba2-4a0f-a111-822641af9352
2019-10-02 07:46:47,257 [RatisPipelineUtilsThread] INFO  pipeline.PipelineStateManager (PipelineStateManager.java:addPipeline(56)) - Created pipeline Pipeline[ Id: aa555826-5f3c-497b-87b0-7a490cf27a07, Nodes: 21936b31-eba2-4a0f-a111-822641af9352{ip: 192.168.164.211, host: pr-hdds-2227-gdpr-vz6hn-2718222164, networkLocation: /default-rack, certSerialId: null}, Type:RATIS, Factor:ONE, State:OPEN]
2019-10-02 07:46:47,278 [grpc-default-executor-0] INFO  impl.RaftServerProxy (RaftServerProxy.java:addNew(89)) - f33a1b7a-1d70-4829-932c-064247c4dc59: addNew group-7DBF3ACFC3EB:[f33a1b7a-1d70-4829-932c-064247c4dc59:192.168.164.211:45702] returns group-7DBF3ACFC3EB:java.util.concurrent.CompletableFuture@329574b9[Not completed]
2019-10-02 07:46:47,280 [pool-47-thread-1] INFO  impl.RaftServerImpl (RaftServerImpl.java:<init>(95)) - f33a1b7a-1d70-4829-932c-064247c4dc59: new RaftServerImpl for group-7DBF3ACFC3EB:[f33a1b7a-1d70-4829-932c-064247c4dc59:192.168.164.211:45702] with ContainerStateMachine:uninitialized
2019-10-02 07:46:47,280 [pool-47-thread-1] INFO  server.RaftServerConfigKeys (ConfUtils.java:logGet(43)) - raft.server.rpc.timeout.min = 5s (custom)
2019-10-02 07:46:47,281 [pool-47-thread-1] INFO  server.RaftServerConfigKeys (ConfUtils.java:logGet(43)) - raft.server.rpc.timeout.max = 5200ms (custom)
2019-10-02 07:46:47,281 [pool-47-thread-1] INFO  server.RaftServerConfigKeys (ConfUtils.java:logGet(43)) - raft.server.rpcslowness.timeout = 120s (custom)
2019-10-02 07:46:47,281 [pool-47-thread-1] INFO  server.RaftServerConfigKeys (ConfUtils.java:logGet(43)) - raft.server.sleep.deviation.threshold = 300 (default)
2019-10-02 07:46:47,281 [pool-47-thread-1] INFO  server.RaftServerConfigKeys (ConfUtils.java:logGet(43)) - raft.server.log.appender.install.snapshot.enabled = false (custom)
2019-10-02 07:46:47,281 [pool-47-thread-1] INFO  impl.RaftServerImpl (ServerState.java:<init>(103)) - f33a1b7a-1d70-4829-932c-064247c4dc59@group-7DBF3ACFC3EB: ConfigurationManager, init=-1: [f33a1b7a-1d70-4829-932c-064247c4dc59:192.168.164.211:45702], old=null, confs=<EMPTY_MAP>
2019-10-02 07:46:47,281 [pool-47-thread-1] INFO  server.RaftServerConfigKeys (ConfUtils.java:logGet(43)) - raft.server.storage.dir = [/workdir/hadoop-ozone/integration-test/target/test-dir/MiniOzoneClusterImpl-5bb48fee-652f-43d0-b5cd-50152d7826d1/datanode-2/data/ratis] (custom)
2019-10-02 07:46:47,281 [pool-47-thread-1] INFO  server.RaftServerConfigKeys (ConfUtils.java:logGet(43)) - raft.server.log.corruption.policy = EXCEPTION (default)
2019-10-02 07:46:47,282 [pool-47-thread-1] INFO  storage.RaftStorageDirectory (RaftStorageDirectory.java:analyzeStorage(246)) - The storage directory /workdir/hadoop-ozone/integration-test/target/test-dir/MiniOzoneClusterImpl-5bb48fee-652f-43d0-b5cd-50152d7826d1/datanode-2/data/ratis/f63fa790-fcbd-44ac-8658-7dbf3acfc3eb does not exist. Creating ...
2019-10-02 07:46:47,294 [pool-47-thread-1] INFO  storage.RaftStorageDirectory (RaftStorageDirectory.java:tryLock(328)) - Lock on /workdir/hadoop-ozone/integration-test/target/test-dir/MiniOzoneClusterImpl-5bb48fee-652f-43d0-b5cd-50152d7826d1/datanode-2/data/ratis/f63fa790-fcbd-44ac-8658-7dbf3acfc3eb/in_use.lock acquired by nodename 29620@pr-hdds-2227-gdpr-vz6hn-2718222164
2019-10-02 07:46:47,301 [IPC Server handler 1 on 43417] INFO  volume.OMVolumeCreateRequest (OMVolumeCreateRequest.java:validateAndUpdateCache(194)) - created volume:closecontainerexceptionhandlingtest for user:jenkins1000
2019-10-02 07:46:47,307 [pool-47-thread-1] INFO  storage.RaftStorage (RaftStorage.java:format(84)) - Storage directory /workdir/hadoop-ozone/integration-test/target/test-dir/MiniOzoneClusterImpl-5bb48fee-652f-43d0-b5cd-50152d7826d1/datanode-2/data/ratis/f63fa790-fcbd-44ac-8658-7dbf3acfc3eb has been successfully formatted.
2019-10-02 07:46:47,308 [pool-47-thread-1] INFO  ratis.ContainerStateMachine (ContainerStateMachine.java:loadSnapshot(230)) - group-7DBF3ACFC3EB: The snapshot info is null. Setting the last applied indexto:(t:0, i:~)
2019-10-02 07:46:47,308 [pool-47-thread-1] INFO  server.RaftServerConfigKeys (ConfUtils.java:logGet(43)) - raft.server.notification.no-leader.timeout = 120s (custom)
2019-10-02 07:46:47,309 [pool-47-thread-1] INFO  server.RaftServerConfigKeys (ConfUtils.java:logGet(43)) - raft.server.log.use.memory = false (default)
2019-10-02 07:46:47,311 [pool-47-thread-1] INFO  server.RaftServerConfigKeys (ConfUtils.java:logGet(43)) - raft.server.log.purge.gap = 1000000 (custom)
2019-10-02 07:46:47,311 [pool-47-thread-1] INFO  server.RaftServerConfigKeys (ConfUtils.java:logGet(43)) - raft.server.log.appender.buffer.byte-limit = 33554432 (custom)
2019-10-02 07:46:47,311 [pool-47-thread-1] INFO  server.RaftServerConfigKeys (ConfUtils.java:logGet(43)) - raft.server.log.segment.size.max = 1048576 (custom)
2019-10-02 07:46:47,322 [pool-47-thread-1] INFO  server.RaftServerConfigKeys (ConfUtils.java:logGet(43)) - raft.server.log.segment.cache.num.max = 2 (custom)
2019-10-02 07:46:47,323 [pool-47-thread-1] INFO  segmented.SegmentedRaftLogWorker (SegmentedRaftLogWorker.java:<init>(173)) - new f33a1b7a-1d70-4829-932c-064247c4dc59@group-7DBF3ACFC3EB-SegmentedRaftLogWorker for RaftStorage:Storage Directory /workdir/hadoop-ozone/integration-test/target/test-dir/MiniOzoneClusterImpl-5bb48fee-652f-43d0-b5cd-50152d7826d1/datanode-2/data/ratis/f63fa790-fcbd-44ac-8658-7dbf3acfc3eb
2019-10-02 07:46:47,323 [pool-47-thread-1] INFO  server.RaftServerConfigKeys (ConfUtils.java:logGet(43)) - raft.server.log.queue.byte-limit = 2147483647 (custom)
2019-10-02 07:46:47,323 [pool-47-thread-1] INFO  server.RaftServerConfigKeys (ConfUtils.java:logGet(43)) - raft.server.log.queue.element-limit = 1024 (custom)
2019-10-02 07:46:47,323 [pool-47-thread-1] INFO  server.RaftServerConfigKeys (ConfUtils.java:logGet(43)) - raft.server.log.segment.size.max = 1048576 (custom)
2019-10-02 07:46:47,323 [pool-47-thread-1] INFO  server.RaftServerConfigKeys (ConfUtils.java:logGet(43)) - raft.server.log.preallocated.size = 16384 (custom)
2019-10-02 07:46:47,324 [pool-47-thread-1] INFO  server.RaftServerConfigKeys (ConfUtils.java:logGet(43)) - raft.server.log.write.buffer.size = 33554432 (custom)
2019-10-02 07:46:47,324 [pool-47-thread-1] INFO  server.RaftServerConfigKeys (ConfUtils.java:logGet(43)) - raft.server.log.force.sync.num = 128 (default)
2019-10-02 07:46:47,324 [pool-47-thread-1] INFO  server.RaftServerConfigKeys (ConfUtils.java:logGet(43)) - raft.server.log.statemachine.data.sync = true (default)
2019-10-02 07:46:47,324 [pool-47-thread-1] INFO  server.RaftServerConfigKeys (ConfUtils.java:logGet(43)) - raft.server.log.statemachine.data.sync.timeout = 10s (default)
2019-10-02 07:46:47,324 [pool-47-thread-1] INFO  server.RaftServerConfigKeys (ConfUtils.java:logGet(43)) - raft.server.log.statemachine.data.sync.timeout.retry = -1 (default)
2019-10-02 07:46:47,325 [pool-47-thread-1] INFO  server.RaftServerConfigKeys (ConfUtils.java:logGet(43)) - raft.server.log.statemachine.data.caching.enabled = true (custom)
2019-10-02 07:46:47,326 [pool-47-thread-1] INFO  segmented.SegmentedRaftLogWorker (SegmentedRaftLogWorker.java:lambda$new$0(128)) - f33a1b7a-1d70-4829-932c-064247c4dc59@group-7DBF3ACFC3EB-SegmentedRaftLogWorker: flushIndex: setUnconditionally 0 -> -1
2019-10-02 07:46:47,326 [main] INFO  rpc.RpcClient (RpcClient.java:createBucket(416)) - Creating Bucket: closecontainerexceptionhandlingtest/closecontainerexceptionhandlingtest, with Versioning false and Storage Type set to DISK and Encryption set to false 
2019-10-02 07:46:47,326 [pool-47-thread-1] INFO  server.RaftServerConfigKeys (ConfUtils.java:logGet(43)) - raft.server.snapshot.auto.trigger.enabled = true (custom)
2019-10-02 07:46:47,326 [pool-47-thread-1] INFO  server.RaftServerConfigKeys (ConfUtils.java:logGet(43)) - raft.server.snapshot.auto.trigger.threshold = 10000 (custom)
2019-10-02 07:46:47,326 [pool-47-thread-1] INFO  server.RaftServerConfigKeys (ConfUtils.java:logGet(43)) - raft.server.snapshot.retention.file.num = 5 (custom)
2019-10-02 07:46:47,327 [pool-47-thread-1] INFO  server.RaftServerConfigKeys (ConfUtils.java:logGet(43)) - raft.server.retrycache.expirytime = 600000ms (custom)
2019-10-02 07:46:47,343 [pool-47-thread-1] INFO  impl.RaftServerImpl (RaftServerImpl.java:start(181)) - f33a1b7a-1d70-4829-932c-064247c4dc59@group-7DBF3ACFC3EB: start as a follower, conf=-1: [f33a1b7a-1d70-4829-932c-064247c4dc59:192.168.164.211:45702], old=null
2019-10-02 07:46:47,343 [pool-47-thread-1] INFO  impl.RaftServerImpl (RaftServerImpl.java:setRole(170)) - f33a1b7a-1d70-4829-932c-064247c4dc59@group-7DBF3ACFC3EB: changes role from      null to FOLLOWER at term 0 for startAsFollower
2019-10-02 07:46:47,343 [pool-47-thread-1] INFO  impl.RoleInfo (RoleInfo.java:updateAndGet(143)) - f33a1b7a-1d70-4829-932c-064247c4dc59: start FollowerState
2019-10-02 07:46:47,344 [pool-47-thread-1] INFO  util.JmxRegister (JmxRegister.java:tryRegister(44)) - Successfully registered JMX Bean with object name Ratis:service=RaftServer,group=group-7DBF3ACFC3EB,id=f33a1b7a-1d70-4829-932c-064247c4dc59
2019-10-02 07:46:47,363 [RatisPipelineUtilsThread] INFO  pipeline.PipelineStateManager (PipelineStateManager.java:addPipeline(56)) - Created pipeline Pipeline[ Id: f63fa790-fcbd-44ac-8658-7dbf3acfc3eb, Nodes: f33a1b7a-1d70-4829-932c-064247c4dc59{ip: 192.168.164.211, host: pr-hdds-2227-gdpr-vz6hn-2718222164, networkLocation: /default-rack, certSerialId: null}, Type:RATIS, Factor:ONE, State:OPEN]
2019-10-02 07:46:47,387 [grpc-default-executor-0] INFO  impl.RaftServerProxy (RaftServerProxy.java:addNew(89)) - c23b986f-fe02-40ff-b3bb-a004d3e2a61f: addNew group-77D062435BE1:[c23b986f-fe02-40ff-b3bb-a004d3e2a61f:192.168.164.211:45486] returns group-77D062435BE1:java.util.concurrent.CompletableFuture@cd7592d[Not completed]
2019-10-02 07:46:47,391 [pool-37-thread-1] INFO  impl.RaftServerImpl (RaftServerImpl.java:<init>(95)) - c23b986f-fe02-40ff-b3bb-a004d3e2a61f: new RaftServerImpl for group-77D062435BE1:[c23b986f-fe02-40ff-b3bb-a004d3e2a61f:192.168.164.211:45486] with ContainerStateMachine:uninitialized
2019-10-02 07:46:47,392 [pool-37-thread-1] INFO  server.RaftServerConfigKeys (ConfUtils.java:logGet(43)) - raft.server.rpc.timeout.min = 5s (custom)
2019-10-02 07:46:47,392 [pool-37-thread-1] INFO  server.RaftServerConfigKeys (ConfUtils.java:logGet(43)) - raft.server.rpc.timeout.max = 5200ms (custom)
2019-10-02 07:46:47,392 [pool-37-thread-1] INFO  server.RaftServerConfigKeys (ConfUtils.java:logGet(43)) - raft.server.rpcslowness.timeout = 120s (custom)
2019-10-02 07:46:47,392 [pool-37-thread-1] INFO  server.RaftServerConfigKeys (ConfUtils.java:logGet(43)) - raft.server.sleep.deviation.threshold = 300 (default)
2019-10-02 07:46:47,392 [pool-37-thread-1] INFO  server.RaftServerConfigKeys (ConfUtils.java:logGet(43)) - raft.server.log.appender.install.snapshot.enabled = false (custom)
2019-10-02 07:46:47,394 [pool-37-thread-1] INFO  impl.RaftServerImpl (ServerState.java:<init>(103)) - c23b986f-fe02-40ff-b3bb-a004d3e2a61f@group-77D062435BE1: ConfigurationManager, init=-1: [c23b986f-fe02-40ff-b3bb-a004d3e2a61f:192.168.164.211:45486], old=null, confs=<EMPTY_MAP>
2019-10-02 07:46:47,395 [pool-37-thread-1] INFO  server.RaftServerConfigKeys (ConfUtils.java:logGet(43)) - raft.server.storage.dir = [/workdir/hadoop-ozone/integration-test/target/test-dir/MiniOzoneClusterImpl-5bb48fee-652f-43d0-b5cd-50152d7826d1/datanode-1/data/ratis] (custom)
2019-10-02 07:46:47,395 [pool-37-thread-1] INFO  server.RaftServerConfigKeys (ConfUtils.java:logGet(43)) - raft.server.log.corruption.policy = EXCEPTION (default)
2019-10-02 07:46:47,396 [pool-37-thread-1] INFO  storage.RaftStorageDirectory (RaftStorageDirectory.java:analyzeStorage(246)) - The storage directory /workdir/hadoop-ozone/integration-test/target/test-dir/MiniOzoneClusterImpl-5bb48fee-652f-43d0-b5cd-50152d7826d1/datanode-1/data/ratis/38ee8fd9-2fa1-4588-847f-77d062435be1 does not exist. Creating ...
2019-10-02 07:46:47,409 [pool-37-thread-1] INFO  storage.RaftStorageDirectory (RaftStorageDirectory.java:tryLock(328)) - Lock on /workdir/hadoop-ozone/integration-test/target/test-dir/MiniOzoneClusterImpl-5bb48fee-652f-43d0-b5cd-50152d7826d1/datanode-1/data/ratis/38ee8fd9-2fa1-4588-847f-77d062435be1/in_use.lock acquired by nodename 29620@pr-hdds-2227-gdpr-vz6hn-2718222164
2019-10-02 07:46:47,749 [pool-37-thread-1] INFO  storage.RaftStorage (RaftStorage.java:format(84)) - Storage directory /workdir/hadoop-ozone/integration-test/target/test-dir/MiniOzoneClusterImpl-5bb48fee-652f-43d0-b5cd-50152d7826d1/datanode-1/data/ratis/38ee8fd9-2fa1-4588-847f-77d062435be1 has been successfully formatted.
2019-10-02 07:46:47,753 [pool-37-thread-1] INFO  ratis.ContainerStateMachine (ContainerStateMachine.java:loadSnapshot(230)) - group-77D062435BE1: The snapshot info is null. Setting the last applied indexto:(t:0, i:~)
2019-10-02 07:46:47,754 [pool-37-thread-1] INFO  server.RaftServerConfigKeys (ConfUtils.java:logGet(43)) - raft.server.notification.no-leader.timeout = 120s (custom)
2019-10-02 07:46:47,754 [pool-37-thread-1] INFO  server.RaftServerConfigKeys (ConfUtils.java:logGet(43)) - raft.server.log.use.memory = false (default)
2019-10-02 07:46:47,754 [pool-37-thread-1] INFO  server.RaftServerConfigKeys (ConfUtils.java:logGet(43)) - raft.server.log.purge.gap = 1000000 (custom)
2019-10-02 07:46:47,754 [pool-37-thread-1] INFO  server.RaftServerConfigKeys (ConfUtils.java:logGet(43)) - raft.server.log.appender.buffer.byte-limit = 33554432 (custom)
2019-10-02 07:46:47,754 [pool-37-thread-1] INFO  server.RaftServerConfigKeys (ConfUtils.java:logGet(43)) - raft.server.log.segment.size.max = 1048576 (custom)
2019-10-02 07:46:47,761 [pool-37-thread-1] INFO  server.RaftServerConfigKeys (ConfUtils.java:logGet(43)) - raft.server.log.segment.cache.num.max = 2 (custom)
2019-10-02 07:46:47,761 [pool-37-thread-1] INFO  segmented.SegmentedRaftLogWorker (SegmentedRaftLogWorker.java:<init>(173)) - new c23b986f-fe02-40ff-b3bb-a004d3e2a61f@group-77D062435BE1-SegmentedRaftLogWorker for RaftStorage:Storage Directory /workdir/hadoop-ozone/integration-test/target/test-dir/MiniOzoneClusterImpl-5bb48fee-652f-43d0-b5cd-50152d7826d1/datanode-1/data/ratis/38ee8fd9-2fa1-4588-847f-77d062435be1
2019-10-02 07:46:47,761 [pool-37-thread-1] INFO  server.RaftServerConfigKeys (ConfUtils.java:logGet(43)) - raft.server.log.queue.byte-limit = 2147483647 (custom)
2019-10-02 07:46:47,761 [pool-37-thread-1] INFO  server.RaftServerConfigKeys (ConfUtils.java:logGet(43)) - raft.server.log.queue.element-limit = 1024 (custom)
2019-10-02 07:46:47,763 [pool-37-thread-1] INFO  server.RaftServerConfigKeys (ConfUtils.java:logGet(43)) - raft.server.log.segment.size.max = 1048576 (custom)
2019-10-02 07:46:47,763 [pool-37-thread-1] INFO  server.RaftServerConfigKeys (ConfUtils.java:logGet(43)) - raft.server.log.preallocated.size = 16384 (custom)
2019-10-02 07:46:47,764 [pool-37-thread-1] INFO  server.RaftServerConfigKeys (ConfUtils.java:logGet(43)) - raft.server.log.write.buffer.size = 33554432 (custom)
2019-10-02 07:46:47,765 [pool-37-thread-1] INFO  server.RaftServerConfigKeys (ConfUtils.java:logGet(43)) - raft.server.log.force.sync.num = 128 (default)
2019-10-02 07:46:47,769 [pool-37-thread-1] INFO  server.RaftServerConfigKeys (ConfUtils.java:logGet(43)) - raft.server.log.statemachine.data.sync = true (default)
2019-10-02 07:46:47,770 [pool-37-thread-1] INFO  server.RaftServerConfigKeys (ConfUtils.java:logGet(43)) - raft.server.log.statemachine.data.sync.timeout = 10s (default)
2019-10-02 07:46:47,773 [pool-37-thread-1] INFO  server.RaftServerConfigKeys (ConfUtils.java:logGet(43)) - raft.server.log.statemachine.data.sync.timeout.retry = -1 (default)
2019-10-02 07:46:47,798 [pool-37-thread-1] INFO  server.RaftServerConfigKeys (ConfUtils.java:logGet(43)) - raft.server.log.statemachine.data.caching.enabled = true (custom)
2019-10-02 07:46:47,800 [pool-37-thread-1] INFO  segmented.SegmentedRaftLogWorker (SegmentedRaftLogWorker.java:lambda$new$0(128)) - c23b986f-fe02-40ff-b3bb-a004d3e2a61f@group-77D062435BE1-SegmentedRaftLogWorker: flushIndex: setUnconditionally 0 -> -1
2019-10-02 07:46:47,800 [pool-37-thread-1] INFO  server.RaftServerConfigKeys (ConfUtils.java:logGet(43)) - raft.server.snapshot.auto.trigger.enabled = true (custom)
2019-10-02 07:46:47,801 [pool-37-thread-1] INFO  server.RaftServerConfigKeys (ConfUtils.java:logGet(43)) - raft.server.snapshot.auto.trigger.threshold = 10000 (custom)
2019-10-02 07:46:47,801 [pool-37-thread-1] INFO  server.RaftServerConfigKeys (ConfUtils.java:logGet(43)) - raft.server.snapshot.retention.file.num = 5 (custom)
2019-10-02 07:46:47,801 [pool-37-thread-1] INFO  server.RaftServerConfigKeys (ConfUtils.java:logGet(43)) - raft.server.retrycache.expirytime = 600000ms (custom)
2019-10-02 07:46:47,805 [pool-37-thread-1] INFO  impl.RaftServerImpl (RaftServerImpl.java:start(181)) - c23b986f-fe02-40ff-b3bb-a004d3e2a61f@group-77D062435BE1: start as a follower, conf=-1: [c23b986f-fe02-40ff-b3bb-a004d3e2a61f:192.168.164.211:45486], old=null
2019-10-02 07:46:47,805 [pool-37-thread-1] INFO  impl.RaftServerImpl (RaftServerImpl.java:setRole(170)) - c23b986f-fe02-40ff-b3bb-a004d3e2a61f@group-77D062435BE1: changes role from      null to FOLLOWER at term 0 for startAsFollower
2019-10-02 07:46:47,805 [pool-37-thread-1] INFO  impl.RoleInfo (RoleInfo.java:updateAndGet(143)) - c23b986f-fe02-40ff-b3bb-a004d3e2a61f: start FollowerState
2019-10-02 07:46:47,806 [pool-37-thread-1] INFO  util.JmxRegister (JmxRegister.java:tryRegister(44)) - Successfully registered JMX Bean with object name Ratis:service=RaftServer,group=group-77D062435BE1,id=c23b986f-fe02-40ff-b3bb-a004d3e2a61f
2019-10-02 07:46:47,820 [RatisPipelineUtilsThread] INFO  pipeline.PipelineStateManager (PipelineStateManager.java:addPipeline(56)) - Created pipeline Pipeline[ Id: 38ee8fd9-2fa1-4588-847f-77d062435be1, Nodes: c23b986f-fe02-40ff-b3bb-a004d3e2a61f{ip: 192.168.164.211, host: pr-hdds-2227-gdpr-vz6hn-2718222164, networkLocation: /default-rack, certSerialId: null}, Type:RATIS, Factor:ONE, State:OPEN]
2019-10-02 07:46:47,850 [grpc-default-executor-0] INFO  impl.RaftServerProxy (RaftServerProxy.java:addNew(89)) - c6170056-4cf1-4c03-8a1f-568341e9d339: addNew group-BD6E7BAFABEC:[c6170056-4cf1-4c03-8a1f-568341e9d339:192.168.164.211:38281] returns group-BD6E7BAFABEC:java.util.concurrent.CompletableFuture@57bd6d4b[Not completed]
2019-10-02 07:46:47,854 [pool-67-thread-1] INFO  impl.RaftServerImpl (RaftServerImpl.java:<init>(95)) - c6170056-4cf1-4c03-8a1f-568341e9d339: new RaftServerImpl for group-BD6E7BAFABEC:[c6170056-4cf1-4c03-8a1f-568341e9d339:192.168.164.211:38281] with ContainerStateMachine:uninitialized
2019-10-02 07:46:47,855 [pool-67-thread-1] INFO  server.RaftServerConfigKeys (ConfUtils.java:logGet(43)) - raft.server.rpc.timeout.min = 5s (custom)
2019-10-02 07:46:47,855 [pool-67-thread-1] INFO  server.RaftServerConfigKeys (ConfUtils.java:logGet(43)) - raft.server.rpc.timeout.max = 5200ms (custom)
2019-10-02 07:46:47,855 [pool-67-thread-1] INFO  server.RaftServerConfigKeys (ConfUtils.java:logGet(43)) - raft.server.rpcslowness.timeout = 120s (custom)
2019-10-02 07:46:47,855 [pool-67-thread-1] INFO  server.RaftServerConfigKeys (ConfUtils.java:logGet(43)) - raft.server.sleep.deviation.threshold = 300 (default)
2019-10-02 07:46:47,855 [pool-67-thread-1] INFO  server.RaftServerConfigKeys (ConfUtils.java:logGet(43)) - raft.server.log.appender.install.snapshot.enabled = false (custom)
2019-10-02 07:46:47,855 [pool-67-thread-1] INFO  impl.RaftServerImpl (ServerState.java:<init>(103)) - c6170056-4cf1-4c03-8a1f-568341e9d339@group-BD6E7BAFABEC: ConfigurationManager, init=-1: [c6170056-4cf1-4c03-8a1f-568341e9d339:192.168.164.211:38281], old=null, confs=<EMPTY_MAP>
2019-10-02 07:46:47,856 [pool-67-thread-1] INFO  server.RaftServerConfigKeys (ConfUtils.java:logGet(43)) - raft.server.storage.dir = [/workdir/hadoop-ozone/integration-test/target/test-dir/MiniOzoneClusterImpl-5bb48fee-652f-43d0-b5cd-50152d7826d1/datanode-4/data/ratis] (custom)
2019-10-02 07:46:47,856 [pool-67-thread-1] INFO  server.RaftServerConfigKeys (ConfUtils.java:logGet(43)) - raft.server.log.corruption.policy = EXCEPTION (default)
2019-10-02 07:46:47,856 [pool-67-thread-1] INFO  storage.RaftStorageDirectory (RaftStorageDirectory.java:analyzeStorage(246)) - The storage directory /workdir/hadoop-ozone/integration-test/target/test-dir/MiniOzoneClusterImpl-5bb48fee-652f-43d0-b5cd-50152d7826d1/datanode-4/data/ratis/97b04cc6-7826-4952-acfb-bd6e7bafabec does not exist. Creating ...
2019-10-02 07:46:47,869 [pool-67-thread-1] INFO  storage.RaftStorageDirectory (RaftStorageDirectory.java:tryLock(328)) - Lock on /workdir/hadoop-ozone/integration-test/target/test-dir/MiniOzoneClusterImpl-5bb48fee-652f-43d0-b5cd-50152d7826d1/datanode-4/data/ratis/97b04cc6-7826-4952-acfb-bd6e7bafabec/in_use.lock acquired by nodename 29620@pr-hdds-2227-gdpr-vz6hn-2718222164
2019-10-02 07:46:47,882 [pool-67-thread-1] INFO  storage.RaftStorage (RaftStorage.java:format(84)) - Storage directory /workdir/hadoop-ozone/integration-test/target/test-dir/MiniOzoneClusterImpl-5bb48fee-652f-43d0-b5cd-50152d7826d1/datanode-4/data/ratis/97b04cc6-7826-4952-acfb-bd6e7bafabec has been successfully formatted.
2019-10-02 07:46:47,882 [pool-67-thread-1] INFO  ratis.ContainerStateMachine (ContainerStateMachine.java:loadSnapshot(230)) - group-BD6E7BAFABEC: The snapshot info is null. Setting the last applied indexto:(t:0, i:~)
2019-10-02 07:46:47,883 [pool-67-thread-1] INFO  server.RaftServerConfigKeys (ConfUtils.java:logGet(43)) - raft.server.notification.no-leader.timeout = 120s (custom)
2019-10-02 07:46:47,883 [pool-67-thread-1] INFO  server.RaftServerConfigKeys (ConfUtils.java:logGet(43)) - raft.server.log.use.memory = false (default)
2019-10-02 07:46:47,883 [pool-67-thread-1] INFO  server.RaftServerConfigKeys (ConfUtils.java:logGet(43)) - raft.server.log.purge.gap = 1000000 (custom)
2019-10-02 07:46:47,883 [pool-67-thread-1] INFO  server.RaftServerConfigKeys (ConfUtils.java:logGet(43)) - raft.server.log.appender.buffer.byte-limit = 33554432 (custom)
2019-10-02 07:46:47,883 [pool-67-thread-1] INFO  server.RaftServerConfigKeys (ConfUtils.java:logGet(43)) - raft.server.log.segment.size.max = 1048576 (custom)
2019-10-02 07:46:47,885 [pool-67-thread-1] INFO  server.RaftServerConfigKeys (ConfUtils.java:logGet(43)) - raft.server.log.segment.cache.num.max = 2 (custom)
2019-10-02 07:46:47,885 [pool-67-thread-1] INFO  segmented.SegmentedRaftLogWorker (SegmentedRaftLogWorker.java:<init>(173)) - new c6170056-4cf1-4c03-8a1f-568341e9d339@group-BD6E7BAFABEC-SegmentedRaftLogWorker for RaftStorage:Storage Directory /workdir/hadoop-ozone/integration-test/target/test-dir/MiniOzoneClusterImpl-5bb48fee-652f-43d0-b5cd-50152d7826d1/datanode-4/data/ratis/97b04cc6-7826-4952-acfb-bd6e7bafabec
2019-10-02 07:46:47,886 [pool-67-thread-1] INFO  server.RaftServerConfigKeys (ConfUtils.java:logGet(43)) - raft.server.log.queue.byte-limit = 2147483647 (custom)
2019-10-02 07:46:47,886 [pool-67-thread-1] INFO  server.RaftServerConfigKeys (ConfUtils.java:logGet(43)) - raft.server.log.queue.element-limit = 1024 (custom)
2019-10-02 07:46:47,886 [pool-67-thread-1] INFO  server.RaftServerConfigKeys (ConfUtils.java:logGet(43)) - raft.server.log.segment.size.max = 1048576 (custom)
2019-10-02 07:46:47,886 [pool-67-thread-1] INFO  server.RaftServerConfigKeys (ConfUtils.java:logGet(43)) - raft.server.log.preallocated.size = 16384 (custom)
2019-10-02 07:46:47,886 [pool-67-thread-1] INFO  server.RaftServerConfigKeys (ConfUtils.java:logGet(43)) - raft.server.log.write.buffer.size = 33554432 (custom)
2019-10-02 07:46:47,886 [pool-67-thread-1] INFO  server.RaftServerConfigKeys (ConfUtils.java:logGet(43)) - raft.server.log.force.sync.num = 128 (default)
2019-10-02 07:46:47,886 [pool-67-thread-1] INFO  server.RaftServerConfigKeys (ConfUtils.java:logGet(43)) - raft.server.log.statemachine.data.sync = true (default)
2019-10-02 07:46:47,886 [pool-67-thread-1] INFO  server.RaftServerConfigKeys (ConfUtils.java:logGet(43)) - raft.server.log.statemachine.data.sync.timeout = 10s (default)
2019-10-02 07:46:47,886 [pool-67-thread-1] INFO  server.RaftServerConfigKeys (ConfUtils.java:logGet(43)) - raft.server.log.statemachine.data.sync.timeout.retry = -1 (default)
2019-10-02 07:46:47,887 [pool-67-thread-1] INFO  server.RaftServerConfigKeys (ConfUtils.java:logGet(43)) - raft.server.log.statemachine.data.caching.enabled = true (custom)
2019-10-02 07:46:47,887 [pool-67-thread-1] INFO  segmented.SegmentedRaftLogWorker (SegmentedRaftLogWorker.java:lambda$new$0(128)) - c6170056-4cf1-4c03-8a1f-568341e9d339@group-BD6E7BAFABEC-SegmentedRaftLogWorker: flushIndex: setUnconditionally 0 -> -1
2019-10-02 07:46:47,887 [pool-67-thread-1] INFO  server.RaftServerConfigKeys (ConfUtils.java:logGet(43)) - raft.server.snapshot.auto.trigger.enabled = true (custom)
2019-10-02 07:46:47,887 [pool-67-thread-1] INFO  server.RaftServerConfigKeys (ConfUtils.java:logGet(43)) - raft.server.snapshot.auto.trigger.threshold = 10000 (custom)
2019-10-02 07:46:47,888 [pool-67-thread-1] INFO  server.RaftServerConfigKeys (ConfUtils.java:logGet(43)) - raft.server.snapshot.retention.file.num = 5 (custom)
2019-10-02 07:46:47,888 [pool-67-thread-1] INFO  server.RaftServerConfigKeys (ConfUtils.java:logGet(43)) - raft.server.retrycache.expirytime = 600000ms (custom)
2019-10-02 07:46:47,890 [pool-67-thread-1] INFO  impl.RaftServerImpl (RaftServerImpl.java:start(181)) - c6170056-4cf1-4c03-8a1f-568341e9d339@group-BD6E7BAFABEC: start as a follower, conf=-1: [c6170056-4cf1-4c03-8a1f-568341e9d339:192.168.164.211:38281], old=null
2019-10-02 07:46:47,890 [pool-67-thread-1] INFO  impl.RaftServerImpl (RaftServerImpl.java:setRole(170)) - c6170056-4cf1-4c03-8a1f-568341e9d339@group-BD6E7BAFABEC: changes role from      null to FOLLOWER at term 0 for startAsFollower
2019-10-02 07:46:47,890 [pool-67-thread-1] INFO  impl.RoleInfo (RoleInfo.java:updateAndGet(143)) - c6170056-4cf1-4c03-8a1f-568341e9d339: start FollowerState
2019-10-02 07:46:47,890 [pool-67-thread-1] INFO  util.JmxRegister (JmxRegister.java:tryRegister(44)) - Successfully registered JMX Bean with object name Ratis:service=RaftServer,group=group-BD6E7BAFABEC,id=c6170056-4cf1-4c03-8a1f-568341e9d339
2019-10-02 07:46:47,910 [RatisPipelineUtilsThread] INFO  pipeline.PipelineStateManager (PipelineStateManager.java:addPipeline(56)) - Created pipeline Pipeline[ Id: 97b04cc6-7826-4952-acfb-bd6e7bafabec, Nodes: c6170056-4cf1-4c03-8a1f-568341e9d339{ip: 192.168.164.211, host: pr-hdds-2227-gdpr-vz6hn-2718222164, networkLocation: /default-rack, certSerialId: null}, Type:RATIS, Factor:ONE, State:OPEN]
2019-10-02 07:46:47,954 [grpc-default-executor-0] INFO  impl.RaftServerProxy (RaftServerProxy.java:addNew(89)) - d197193a-9b38-4376-abb0-d626583253f4: addNew group-E1C38AC24721:[d197193a-9b38-4376-abb0-d626583253f4:192.168.164.211:45055, 07ab5ffe-ad36-4120-bcca-92a2d7e21fcd:192.168.164.211:35486, b42c3f3b-ae32-469c-b4d9-669e1d8aa140:192.168.164.211:38568] returns group-E1C38AC24721:java.util.concurrent.CompletableFuture@6861f92e[Not completed]
2019-10-02 07:46:47,954 [grpc-default-executor-1] INFO  impl.RaftServerProxy (RaftServerProxy.java:addNew(89)) - 07ab5ffe-ad36-4120-bcca-92a2d7e21fcd: addNew group-E1C38AC24721:[d197193a-9b38-4376-abb0-d626583253f4:192.168.164.211:45055, 07ab5ffe-ad36-4120-bcca-92a2d7e21fcd:192.168.164.211:35486, b42c3f3b-ae32-469c-b4d9-669e1d8aa140:192.168.164.211:38568] returns group-E1C38AC24721:java.util.concurrent.CompletableFuture@55b2159e[Not completed]
2019-10-02 07:46:47,954 [grpc-default-executor-2] INFO  impl.RaftServerProxy (RaftServerProxy.java:addNew(89)) - b42c3f3b-ae32-469c-b4d9-669e1d8aa140: addNew group-E1C38AC24721:[d197193a-9b38-4376-abb0-d626583253f4:192.168.164.211:45055, 07ab5ffe-ad36-4120-bcca-92a2d7e21fcd:192.168.164.211:35486, b42c3f3b-ae32-469c-b4d9-669e1d8aa140:192.168.164.211:38568] returns group-E1C38AC24721:java.util.concurrent.CompletableFuture@1cab18e1[Not completed]
2019-10-02 07:46:47,956 [pool-87-thread-1] INFO  impl.RaftServerImpl (RaftServerImpl.java:<init>(95)) - d197193a-9b38-4376-abb0-d626583253f4: new RaftServerImpl for group-E1C38AC24721:[d197193a-9b38-4376-abb0-d626583253f4:192.168.164.211:45055, 07ab5ffe-ad36-4120-bcca-92a2d7e21fcd:192.168.164.211:35486, b42c3f3b-ae32-469c-b4d9-669e1d8aa140:192.168.164.211:38568] with ContainerStateMachine:uninitialized
2019-10-02 07:46:47,956 [pool-87-thread-1] INFO  server.RaftServerConfigKeys (ConfUtils.java:logGet(43)) - raft.server.rpc.timeout.min = 5s (custom)
2019-10-02 07:46:47,956 [pool-87-thread-1] INFO  server.RaftServerConfigKeys (ConfUtils.java:logGet(43)) - raft.server.rpc.timeout.max = 5200ms (custom)
2019-10-02 07:46:47,957 [pool-87-thread-1] INFO  server.RaftServerConfigKeys (ConfUtils.java:logGet(43)) - raft.server.rpcslowness.timeout = 120s (custom)
2019-10-02 07:46:47,957 [pool-87-thread-1] INFO  server.RaftServerConfigKeys (ConfUtils.java:logGet(43)) - raft.server.sleep.deviation.threshold = 300 (default)
2019-10-02 07:46:47,957 [pool-87-thread-1] INFO  server.RaftServerConfigKeys (ConfUtils.java:logGet(43)) - raft.server.log.appender.install.snapshot.enabled = false (custom)
2019-10-02 07:46:47,957 [pool-87-thread-1] INFO  impl.RaftServerImpl (ServerState.java:<init>(103)) - d197193a-9b38-4376-abb0-d626583253f4@group-E1C38AC24721: ConfigurationManager, init=-1: [d197193a-9b38-4376-abb0-d626583253f4:192.168.164.211:45055, 07ab5ffe-ad36-4120-bcca-92a2d7e21fcd:192.168.164.211:35486, b42c3f3b-ae32-469c-b4d9-669e1d8aa140:192.168.164.211:38568], old=null, confs=<EMPTY_MAP>
2019-10-02 07:46:47,957 [pool-87-thread-1] INFO  server.RaftServerConfigKeys (ConfUtils.java:logGet(43)) - raft.server.storage.dir = [/workdir/hadoop-ozone/integration-test/target/test-dir/MiniOzoneClusterImpl-5bb48fee-652f-43d0-b5cd-50152d7826d1/datanode-6/data/ratis] (custom)
2019-10-02 07:46:47,957 [pool-27-thread-1] INFO  impl.RaftServerImpl (RaftServerImpl.java:<init>(95)) - b42c3f3b-ae32-469c-b4d9-669e1d8aa140: new RaftServerImpl for group-E1C38AC24721:[d197193a-9b38-4376-abb0-d626583253f4:192.168.164.211:45055, 07ab5ffe-ad36-4120-bcca-92a2d7e21fcd:192.168.164.211:35486, b42c3f3b-ae32-469c-b4d9-669e1d8aa140:192.168.164.211:38568] with ContainerStateMachine:uninitialized
2019-10-02 07:46:47,958 [pool-87-thread-1] INFO  server.RaftServerConfigKeys (ConfUtils.java:logGet(43)) - raft.server.log.corruption.policy = EXCEPTION (default)
2019-10-02 07:46:47,958 [pool-27-thread-1] INFO  server.RaftServerConfigKeys (ConfUtils.java:logGet(43)) - raft.server.rpc.timeout.min = 5s (custom)
2019-10-02 07:46:47,958 [pool-87-thread-1] INFO  storage.RaftStorageDirectory (RaftStorageDirectory.java:analyzeStorage(246)) - The storage directory /workdir/hadoop-ozone/integration-test/target/test-dir/MiniOzoneClusterImpl-5bb48fee-652f-43d0-b5cd-50152d7826d1/datanode-6/data/ratis/46c249f7-4366-4494-92d9-e1c38ac24721 does not exist. Creating ...
2019-10-02 07:46:47,958 [pool-27-thread-1] INFO  server.RaftServerConfigKeys (ConfUtils.java:logGet(43)) - raft.server.rpc.timeout.max = 5200ms (custom)
2019-10-02 07:46:47,958 [pool-27-thread-1] INFO  server.RaftServerConfigKeys (ConfUtils.java:logGet(43)) - raft.server.rpcslowness.timeout = 120s (custom)
2019-10-02 07:46:47,958 [pool-27-thread-1] INFO  server.RaftServerConfigKeys (ConfUtils.java:logGet(43)) - raft.server.sleep.deviation.threshold = 300 (default)
2019-10-02 07:46:47,959 [pool-27-thread-1] INFO  server.RaftServerConfigKeys (ConfUtils.java:logGet(43)) - raft.server.log.appender.install.snapshot.enabled = false (custom)
2019-10-02 07:46:47,959 [pool-27-thread-1] INFO  impl.RaftServerImpl (ServerState.java:<init>(103)) - b42c3f3b-ae32-469c-b4d9-669e1d8aa140@group-E1C38AC24721: ConfigurationManager, init=-1: [d197193a-9b38-4376-abb0-d626583253f4:192.168.164.211:45055, 07ab5ffe-ad36-4120-bcca-92a2d7e21fcd:192.168.164.211:35486, b42c3f3b-ae32-469c-b4d9-669e1d8aa140:192.168.164.211:38568], old=null, confs=<EMPTY_MAP>
2019-10-02 07:46:47,959 [pool-27-thread-1] INFO  server.RaftServerConfigKeys (ConfUtils.java:logGet(43)) - raft.server.storage.dir = [/workdir/hadoop-ozone/integration-test/target/test-dir/MiniOzoneClusterImpl-5bb48fee-652f-43d0-b5cd-50152d7826d1/datanode-0/data/ratis] (custom)
2019-10-02 07:46:47,959 [pool-77-thread-1] INFO  impl.RaftServerImpl (RaftServerImpl.java:<init>(95)) - 07ab5ffe-ad36-4120-bcca-92a2d7e21fcd: new RaftServerImpl for group-E1C38AC24721:[d197193a-9b38-4376-abb0-d626583253f4:192.168.164.211:45055, 07ab5ffe-ad36-4120-bcca-92a2d7e21fcd:192.168.164.211:35486, b42c3f3b-ae32-469c-b4d9-669e1d8aa140:192.168.164.211:38568] with ContainerStateMachine:uninitialized
2019-10-02 07:46:47,959 [pool-27-thread-1] INFO  server.RaftServerConfigKeys (ConfUtils.java:logGet(43)) - raft.server.log.corruption.policy = EXCEPTION (default)
2019-10-02 07:46:47,959 [pool-77-thread-1] INFO  server.RaftServerConfigKeys (ConfUtils.java:logGet(43)) - raft.server.rpc.timeout.min = 5s (custom)
2019-10-02 07:46:47,960 [pool-27-thread-1] INFO  storage.RaftStorageDirectory (RaftStorageDirectory.java:analyzeStorage(246)) - The storage directory /workdir/hadoop-ozone/integration-test/target/test-dir/MiniOzoneClusterImpl-5bb48fee-652f-43d0-b5cd-50152d7826d1/datanode-0/data/ratis/46c249f7-4366-4494-92d9-e1c38ac24721 does not exist. Creating ...
2019-10-02 07:46:47,960 [pool-77-thread-1] INFO  server.RaftServerConfigKeys (ConfUtils.java:logGet(43)) - raft.server.rpc.timeout.max = 5200ms (custom)
2019-10-02 07:46:47,960 [pool-77-thread-1] INFO  server.RaftServerConfigKeys (ConfUtils.java:logGet(43)) - raft.server.rpcslowness.timeout = 120s (custom)
2019-10-02 07:46:47,960 [pool-77-thread-1] INFO  server.RaftServerConfigKeys (ConfUtils.java:logGet(43)) - raft.server.sleep.deviation.threshold = 300 (default)
2019-10-02 07:46:47,960 [pool-77-thread-1] INFO  server.RaftServerConfigKeys (ConfUtils.java:logGet(43)) - raft.server.log.appender.install.snapshot.enabled = false (custom)
2019-10-02 07:46:47,961 [pool-77-thread-1] INFO  impl.RaftServerImpl (ServerState.java:<init>(103)) - 07ab5ffe-ad36-4120-bcca-92a2d7e21fcd@group-E1C38AC24721: ConfigurationManager, init=-1: [d197193a-9b38-4376-abb0-d626583253f4:192.168.164.211:45055, 07ab5ffe-ad36-4120-bcca-92a2d7e21fcd:192.168.164.211:35486, b42c3f3b-ae32-469c-b4d9-669e1d8aa140:192.168.164.211:38568], old=null, confs=<EMPTY_MAP>
2019-10-02 07:46:47,961 [pool-77-thread-1] INFO  server.RaftServerConfigKeys (ConfUtils.java:logGet(43)) - raft.server.storage.dir = [/workdir/hadoop-ozone/integration-test/target/test-dir/MiniOzoneClusterImpl-5bb48fee-652f-43d0-b5cd-50152d7826d1/datanode-5/data/ratis] (custom)
2019-10-02 07:46:47,961 [pool-77-thread-1] INFO  server.RaftServerConfigKeys (ConfUtils.java:logGet(43)) - raft.server.log.corruption.policy = EXCEPTION (default)
2019-10-02 07:46:47,961 [pool-77-thread-1] INFO  storage.RaftStorageDirectory (RaftStorageDirectory.java:analyzeStorage(246)) - The storage directory /workdir/hadoop-ozone/integration-test/target/test-dir/MiniOzoneClusterImpl-5bb48fee-652f-43d0-b5cd-50152d7826d1/datanode-5/data/ratis/46c249f7-4366-4494-92d9-e1c38ac24721 does not exist. Creating ...
2019-10-02 07:46:47,971 [pool-87-thread-1] INFO  storage.RaftStorageDirectory (RaftStorageDirectory.java:tryLock(328)) - Lock on /workdir/hadoop-ozone/integration-test/target/test-dir/MiniOzoneClusterImpl-5bb48fee-652f-43d0-b5cd-50152d7826d1/datanode-6/data/ratis/46c249f7-4366-4494-92d9-e1c38ac24721/in_use.lock acquired by nodename 29620@pr-hdds-2227-gdpr-vz6hn-2718222164
2019-10-02 07:46:47,972 [pool-77-thread-1] INFO  storage.RaftStorageDirectory (RaftStorageDirectory.java:tryLock(328)) - Lock on /workdir/hadoop-ozone/integration-test/target/test-dir/MiniOzoneClusterImpl-5bb48fee-652f-43d0-b5cd-50152d7826d1/datanode-5/data/ratis/46c249f7-4366-4494-92d9-e1c38ac24721/in_use.lock acquired by nodename 29620@pr-hdds-2227-gdpr-vz6hn-2718222164
2019-10-02 07:46:47,971 [pool-27-thread-1] INFO  storage.RaftStorageDirectory (RaftStorageDirectory.java:tryLock(328)) - Lock on /workdir/hadoop-ozone/integration-test/target/test-dir/MiniOzoneClusterImpl-5bb48fee-652f-43d0-b5cd-50152d7826d1/datanode-0/data/ratis/46c249f7-4366-4494-92d9-e1c38ac24721/in_use.lock acquired by nodename 29620@pr-hdds-2227-gdpr-vz6hn-2718222164
2019-10-02 07:46:47,985 [pool-87-thread-1] INFO  storage.RaftStorage (RaftStorage.java:format(84)) - Storage directory /workdir/hadoop-ozone/integration-test/target/test-dir/MiniOzoneClusterImpl-5bb48fee-652f-43d0-b5cd-50152d7826d1/datanode-6/data/ratis/46c249f7-4366-4494-92d9-e1c38ac24721 has been successfully formatted.
2019-10-02 07:46:47,985 [pool-77-thread-1] INFO  storage.RaftStorage (RaftStorage.java:format(84)) - Storage directory /workdir/hadoop-ozone/integration-test/target/test-dir/MiniOzoneClusterImpl-5bb48fee-652f-43d0-b5cd-50152d7826d1/datanode-5/data/ratis/46c249f7-4366-4494-92d9-e1c38ac24721 has been successfully formatted.
2019-10-02 07:46:47,985 [pool-27-thread-1] INFO  storage.RaftStorage (RaftStorage.java:format(84)) - Storage directory /workdir/hadoop-ozone/integration-test/target/test-dir/MiniOzoneClusterImpl-5bb48fee-652f-43d0-b5cd-50152d7826d1/datanode-0/data/ratis/46c249f7-4366-4494-92d9-e1c38ac24721 has been successfully formatted.
2019-10-02 07:46:47,986 [pool-77-thread-1] INFO  ratis.ContainerStateMachine (ContainerStateMachine.java:loadSnapshot(230)) - group-E1C38AC24721: The snapshot info is null. Setting the last applied indexto:(t:0, i:~)
2019-10-02 07:46:47,985 [pool-87-thread-1] INFO  ratis.ContainerStateMachine (ContainerStateMachine.java:loadSnapshot(230)) - group-E1C38AC24721: The snapshot info is null. Setting the last applied indexto:(t:0, i:~)
2019-10-02 07:46:47,986 [pool-27-thread-1] INFO  ratis.ContainerStateMachine (ContainerStateMachine.java:loadSnapshot(230)) - group-E1C38AC24721: The snapshot info is null. Setting the last applied indexto:(t:0, i:~)
2019-10-02 07:46:47,986 [pool-77-thread-1] INFO  server.RaftServerConfigKeys (ConfUtils.java:logGet(43)) - raft.server.notification.no-leader.timeout = 120s (custom)
2019-10-02 07:46:47,986 [pool-27-thread-1] INFO  server.RaftServerConfigKeys (ConfUtils.java:logGet(43)) - raft.server.notification.no-leader.timeout = 120s (custom)
2019-10-02 07:46:47,986 [pool-87-thread-1] INFO  server.RaftServerConfigKeys (ConfUtils.java:logGet(43)) - raft.server.notification.no-leader.timeout = 120s (custom)
2019-10-02 07:46:47,986 [pool-27-thread-1] INFO  server.RaftServerConfigKeys (ConfUtils.java:logGet(43)) - raft.server.log.use.memory = false (default)
2019-10-02 07:46:47,986 [pool-77-thread-1] INFO  server.RaftServerConfigKeys (ConfUtils.java:logGet(43)) - raft.server.log.use.memory = false (default)
2019-10-02 07:46:47,987 [pool-27-thread-1] INFO  server.RaftServerConfigKeys (ConfUtils.java:logGet(43)) - raft.server.log.purge.gap = 1000000 (custom)
2019-10-02 07:46:47,987 [pool-87-thread-1] INFO  server.RaftServerConfigKeys (ConfUtils.java:logGet(43)) - raft.server.log.use.memory = false (default)
2019-10-02 07:46:47,987 [pool-27-thread-1] INFO  server.RaftServerConfigKeys (ConfUtils.java:logGet(43)) - raft.server.log.appender.buffer.byte-limit = 33554432 (custom)
2019-10-02 07:46:47,987 [pool-77-thread-1] INFO  server.RaftServerConfigKeys (ConfUtils.java:logGet(43)) - raft.server.log.purge.gap = 1000000 (custom)
2019-10-02 07:46:47,987 [pool-27-thread-1] INFO  server.RaftServerConfigKeys (ConfUtils.java:logGet(43)) - raft.server.log.segment.size.max = 1048576 (custom)
2019-10-02 07:46:47,987 [pool-87-thread-1] INFO  server.RaftServerConfigKeys (ConfUtils.java:logGet(43)) - raft.server.log.purge.gap = 1000000 (custom)
2019-10-02 07:46:47,987 [pool-77-thread-1] INFO  server.RaftServerConfigKeys (ConfUtils.java:logGet(43)) - raft.server.log.appender.buffer.byte-limit = 33554432 (custom)
2019-10-02 07:46:47,988 [pool-27-thread-1] INFO  server.RaftServerConfigKeys (ConfUtils.java:logGet(43)) - raft.server.log.segment.cache.num.max = 2 (custom)
2019-10-02 07:46:47,988 [pool-87-thread-1] INFO  server.RaftServerConfigKeys (ConfUtils.java:logGet(43)) - raft.server.log.appender.buffer.byte-limit = 33554432 (custom)
2019-10-02 07:46:47,988 [pool-27-thread-1] INFO  segmented.SegmentedRaftLogWorker (SegmentedRaftLogWorker.java:<init>(173)) - new b42c3f3b-ae32-469c-b4d9-669e1d8aa140@group-E1C38AC24721-SegmentedRaftLogWorker for RaftStorage:Storage Directory /workdir/hadoop-ozone/integration-test/target/test-dir/MiniOzoneClusterImpl-5bb48fee-652f-43d0-b5cd-50152d7826d1/datanode-0/data/ratis/46c249f7-4366-4494-92d9-e1c38ac24721
2019-10-02 07:46:47,988 [pool-77-thread-1] INFO  server.RaftServerConfigKeys (ConfUtils.java:logGet(43)) - raft.server.log.segment.size.max = 1048576 (custom)
2019-10-02 07:46:47,988 [pool-27-thread-1] INFO  server.RaftServerConfigKeys (ConfUtils.java:logGet(43)) - raft.server.log.queue.byte-limit = 2147483647 (custom)
2019-10-02 07:46:47,988 [pool-87-thread-1] INFO  server.RaftServerConfigKeys (ConfUtils.java:logGet(43)) - raft.server.log.segment.size.max = 1048576 (custom)
2019-10-02 07:46:47,989 [pool-27-thread-1] INFO  server.RaftServerConfigKeys (ConfUtils.java:logGet(43)) - raft.server.log.queue.element-limit = 1024 (custom)
2019-10-02 07:46:47,988 [pool-77-thread-1] INFO  server.RaftServerConfigKeys (ConfUtils.java:logGet(43)) - raft.server.log.segment.cache.num.max = 2 (custom)
2019-10-02 07:46:47,989 [pool-27-thread-1] INFO  server.RaftServerConfigKeys (ConfUtils.java:logGet(43)) - raft.server.log.segment.size.max = 1048576 (custom)
2019-10-02 07:46:47,989 [pool-87-thread-1] INFO  server.RaftServerConfigKeys (ConfUtils.java:logGet(43)) - raft.server.log.segment.cache.num.max = 2 (custom)
2019-10-02 07:46:47,989 [pool-27-thread-1] INFO  server.RaftServerConfigKeys (ConfUtils.java:logGet(43)) - raft.server.log.preallocated.size = 16384 (custom)
2019-10-02 07:46:47,989 [pool-77-thread-1] INFO  segmented.SegmentedRaftLogWorker (SegmentedRaftLogWorker.java:<init>(173)) - new 07ab5ffe-ad36-4120-bcca-92a2d7e21fcd@group-E1C38AC24721-SegmentedRaftLogWorker for RaftStorage:Storage Directory /workdir/hadoop-ozone/integration-test/target/test-dir/MiniOzoneClusterImpl-5bb48fee-652f-43d0-b5cd-50152d7826d1/datanode-5/data/ratis/46c249f7-4366-4494-92d9-e1c38ac24721
2019-10-02 07:46:47,989 [pool-27-thread-1] INFO  server.RaftServerConfigKeys (ConfUtils.java:logGet(43)) - raft.server.log.write.buffer.size = 33554432 (custom)
2019-10-02 07:46:47,989 [pool-87-thread-1] INFO  segmented.SegmentedRaftLogWorker (SegmentedRaftLogWorker.java:<init>(173)) - new d197193a-9b38-4376-abb0-d626583253f4@group-E1C38AC24721-SegmentedRaftLogWorker for RaftStorage:Storage Directory /workdir/hadoop-ozone/integration-test/target/test-dir/MiniOzoneClusterImpl-5bb48fee-652f-43d0-b5cd-50152d7826d1/datanode-6/data/ratis/46c249f7-4366-4494-92d9-e1c38ac24721
2019-10-02 07:46:47,990 [pool-27-thread-1] INFO  server.RaftServerConfigKeys (ConfUtils.java:logGet(43)) - raft.server.log.force.sync.num = 128 (default)
2019-10-02 07:46:47,990 [pool-77-thread-1] INFO  server.RaftServerConfigKeys (ConfUtils.java:logGet(43)) - raft.server.log.queue.byte-limit = 2147483647 (custom)
2019-10-02 07:46:47,990 [pool-27-thread-1] INFO  server.RaftServerConfigKeys (ConfUtils.java:logGet(43)) - raft.server.log.statemachine.data.sync = true (default)
2019-10-02 07:46:47,990 [pool-87-thread-1] INFO  server.RaftServerConfigKeys (ConfUtils.java:logGet(43)) - raft.server.log.queue.byte-limit = 2147483647 (custom)
2019-10-02 07:46:47,990 [pool-27-thread-1] INFO  server.RaftServerConfigKeys (ConfUtils.java:logGet(43)) - raft.server.log.statemachine.data.sync.timeout = 10s (default)
2019-10-02 07:46:47,990 [pool-77-thread-1] INFO  server.RaftServerConfigKeys (ConfUtils.java:logGet(43)) - raft.server.log.queue.element-limit = 1024 (custom)
2019-10-02 07:46:47,991 [pool-27-thread-1] INFO  server.RaftServerConfigKeys (ConfUtils.java:logGet(43)) - raft.server.log.statemachine.data.sync.timeout.retry = -1 (default)
2019-10-02 07:46:47,990 [pool-87-thread-1] INFO  server.RaftServerConfigKeys (ConfUtils.java:logGet(43)) - raft.server.log.queue.element-limit = 1024 (custom)
2019-10-02 07:46:47,991 [pool-77-thread-1] INFO  server.RaftServerConfigKeys (ConfUtils.java:logGet(43)) - raft.server.log.segment.size.max = 1048576 (custom)
2019-10-02 07:46:47,991 [pool-27-thread-1] INFO  server.RaftServerConfigKeys (ConfUtils.java:logGet(43)) - raft.server.log.statemachine.data.caching.enabled = true (custom)
2019-10-02 07:46:47,991 [pool-87-thread-1] INFO  server.RaftServerConfigKeys (ConfUtils.java:logGet(43)) - raft.server.log.segment.size.max = 1048576 (custom)
2019-10-02 07:46:47,991 [pool-77-thread-1] INFO  server.RaftServerConfigKeys (ConfUtils.java:logGet(43)) - raft.server.log.preallocated.size = 16384 (custom)
2019-10-02 07:46:47,991 [pool-87-thread-1] INFO  server.RaftServerConfigKeys (ConfUtils.java:logGet(43)) - raft.server.log.preallocated.size = 16384 (custom)
2019-10-02 07:46:47,992 [pool-27-thread-1] INFO  segmented.SegmentedRaftLogWorker (SegmentedRaftLogWorker.java:lambda$new$0(128)) - b42c3f3b-ae32-469c-b4d9-669e1d8aa140@group-E1C38AC24721-SegmentedRaftLogWorker: flushIndex: setUnconditionally 0 -> -1
2019-10-02 07:46:47,992 [pool-77-thread-1] INFO  server.RaftServerConfigKeys (ConfUtils.java:logGet(43)) - raft.server.log.write.buffer.size = 33554432 (custom)
2019-10-02 07:46:47,992 [pool-87-thread-1] INFO  server.RaftServerConfigKeys (ConfUtils.java:logGet(43)) - raft.server.log.write.buffer.size = 33554432 (custom)
2019-10-02 07:46:47,992 [pool-27-thread-1] INFO  server.RaftServerConfigKeys (ConfUtils.java:logGet(43)) - raft.server.snapshot.auto.trigger.enabled = true (custom)
2019-10-02 07:46:47,992 [pool-77-thread-1] INFO  server.RaftServerConfigKeys (ConfUtils.java:logGet(43)) - raft.server.log.force.sync.num = 128 (default)
2019-10-02 07:46:47,992 [pool-27-thread-1] INFO  server.RaftServerConfigKeys (ConfUtils.java:logGet(43)) - raft.server.snapshot.auto.trigger.threshold = 10000 (custom)
2019-10-02 07:46:47,992 [pool-87-thread-1] INFO  server.RaftServerConfigKeys (ConfUtils.java:logGet(43)) - raft.server.log.force.sync.num = 128 (default)
2019-10-02 07:46:47,993 [pool-27-thread-1] INFO  server.RaftServerConfigKeys (ConfUtils.java:logGet(43)) - raft.server.snapshot.retention.file.num = 5 (custom)
2019-10-02 07:46:47,992 [pool-77-thread-1] INFO  server.RaftServerConfigKeys (ConfUtils.java:logGet(43)) - raft.server.log.statemachine.data.sync = true (default)
2019-10-02 07:46:47,993 [pool-27-thread-1] INFO  server.RaftServerConfigKeys (ConfUtils.java:logGet(43)) - raft.server.retrycache.expirytime = 600000ms (custom)
2019-10-02 07:46:47,993 [pool-87-thread-1] INFO  server.RaftServerConfigKeys (ConfUtils.java:logGet(43)) - raft.server.log.statemachine.data.sync = true (default)
2019-10-02 07:46:47,993 [pool-77-thread-1] INFO  server.RaftServerConfigKeys (ConfUtils.java:logGet(43)) - raft.server.log.statemachine.data.sync.timeout = 10s (default)
2019-10-02 07:46:47,993 [pool-87-thread-1] INFO  server.RaftServerConfigKeys (ConfUtils.java:logGet(43)) - raft.server.log.statemachine.data.sync.timeout = 10s (default)
2019-10-02 07:46:47,994 [pool-77-thread-1] INFO  server.RaftServerConfigKeys (ConfUtils.java:logGet(43)) - raft.server.log.statemachine.data.sync.timeout.retry = -1 (default)
2019-10-02 07:46:47,994 [pool-87-thread-1] INFO  server.RaftServerConfigKeys (ConfUtils.java:logGet(43)) - raft.server.log.statemachine.data.sync.timeout.retry = -1 (default)
2019-10-02 07:46:47,994 [pool-77-thread-1] INFO  server.RaftServerConfigKeys (ConfUtils.java:logGet(43)) - raft.server.log.statemachine.data.caching.enabled = true (custom)
2019-10-02 07:46:47,994 [pool-87-thread-1] INFO  server.RaftServerConfigKeys (ConfUtils.java:logGet(43)) - raft.server.log.statemachine.data.caching.enabled = true (custom)
2019-10-02 07:46:47,994 [pool-77-thread-1] INFO  segmented.SegmentedRaftLogWorker (SegmentedRaftLogWorker.java:lambda$new$0(128)) - 07ab5ffe-ad36-4120-bcca-92a2d7e21fcd@group-E1C38AC24721-SegmentedRaftLogWorker: flushIndex: setUnconditionally 0 -> -1
2019-10-02 07:46:47,995 [pool-87-thread-1] INFO  segmented.SegmentedRaftLogWorker (SegmentedRaftLogWorker.java:lambda$new$0(128)) - d197193a-9b38-4376-abb0-d626583253f4@group-E1C38AC24721-SegmentedRaftLogWorker: flushIndex: setUnconditionally 0 -> -1
2019-10-02 07:46:47,995 [pool-77-thread-1] INFO  server.RaftServerConfigKeys (ConfUtils.java:logGet(43)) - raft.server.snapshot.auto.trigger.enabled = true (custom)
2019-10-02 07:46:47,995 [pool-77-thread-1] INFO  server.RaftServerConfigKeys (ConfUtils.java:logGet(43)) - raft.server.snapshot.auto.trigger.threshold = 10000 (custom)
2019-10-02 07:46:47,995 [pool-87-thread-1] INFO  server.RaftServerConfigKeys (ConfUtils.java:logGet(43)) - raft.server.snapshot.auto.trigger.enabled = true (custom)
2019-10-02 07:46:47,995 [pool-77-thread-1] INFO  server.RaftServerConfigKeys (ConfUtils.java:logGet(43)) - raft.server.snapshot.retention.file.num = 5 (custom)
2019-10-02 07:46:47,995 [pool-87-thread-1] INFO  server.RaftServerConfigKeys (ConfUtils.java:logGet(43)) - raft.server.snapshot.auto.trigger.threshold = 10000 (custom)
2019-10-02 07:46:47,995 [pool-77-thread-1] INFO  server.RaftServerConfigKeys (ConfUtils.java:logGet(43)) - raft.server.retrycache.expirytime = 600000ms (custom)
2019-10-02 07:46:47,996 [pool-87-thread-1] INFO  server.RaftServerConfigKeys (ConfUtils.java:logGet(43)) - raft.server.snapshot.retention.file.num = 5 (custom)
2019-10-02 07:46:47,996 [pool-87-thread-1] INFO  server.RaftServerConfigKeys (ConfUtils.java:logGet(43)) - raft.server.retrycache.expirytime = 600000ms (custom)
2019-10-02 07:46:47,997 [pool-27-thread-1] INFO  impl.RaftServerImpl (RaftServerImpl.java:start(181)) - b42c3f3b-ae32-469c-b4d9-669e1d8aa140@group-E1C38AC24721: start as a follower, conf=-1: [d197193a-9b38-4376-abb0-d626583253f4:192.168.164.211:45055, 07ab5ffe-ad36-4120-bcca-92a2d7e21fcd:192.168.164.211:35486, b42c3f3b-ae32-469c-b4d9-669e1d8aa140:192.168.164.211:38568], old=null
2019-10-02 07:46:47,997 [pool-27-thread-1] INFO  impl.RaftServerImpl (RaftServerImpl.java:setRole(170)) - b42c3f3b-ae32-469c-b4d9-669e1d8aa140@group-E1C38AC24721: changes role from      null to FOLLOWER at term 0 for startAsFollower
2019-10-02 07:46:47,997 [pool-27-thread-1] INFO  impl.RoleInfo (RoleInfo.java:updateAndGet(143)) - b42c3f3b-ae32-469c-b4d9-669e1d8aa140: start FollowerState
2019-10-02 07:46:47,998 [pool-27-thread-1] INFO  util.JmxRegister (JmxRegister.java:tryRegister(44)) - Successfully registered JMX Bean with object name Ratis:service=RaftServer,group=group-E1C38AC24721,id=b42c3f3b-ae32-469c-b4d9-669e1d8aa140
2019-10-02 07:46:48,001 [pool-77-thread-1] INFO  impl.RaftServerImpl (RaftServerImpl.java:start(181)) - 07ab5ffe-ad36-4120-bcca-92a2d7e21fcd@group-E1C38AC24721: start as a follower, conf=-1: [d197193a-9b38-4376-abb0-d626583253f4:192.168.164.211:45055, 07ab5ffe-ad36-4120-bcca-92a2d7e21fcd:192.168.164.211:35486, b42c3f3b-ae32-469c-b4d9-669e1d8aa140:192.168.164.211:38568], old=null
2019-10-02 07:46:48,001 [pool-87-thread-1] INFO  impl.RaftServerImpl (RaftServerImpl.java:start(181)) - d197193a-9b38-4376-abb0-d626583253f4@group-E1C38AC24721: start as a follower, conf=-1: [d197193a-9b38-4376-abb0-d626583253f4:192.168.164.211:45055, 07ab5ffe-ad36-4120-bcca-92a2d7e21fcd:192.168.164.211:35486, b42c3f3b-ae32-469c-b4d9-669e1d8aa140:192.168.164.211:38568], old=null
2019-10-02 07:46:48,001 [pool-77-thread-1] INFO  impl.RaftServerImpl (RaftServerImpl.java:setRole(170)) - 07ab5ffe-ad36-4120-bcca-92a2d7e21fcd@group-E1C38AC24721: changes role from      null to FOLLOWER at term 0 for startAsFollower
2019-10-02 07:46:48,001 [pool-87-thread-1] INFO  impl.RaftServerImpl (RaftServerImpl.java:setRole(170)) - d197193a-9b38-4376-abb0-d626583253f4@group-E1C38AC24721: changes role from      null to FOLLOWER at term 0 for startAsFollower
2019-10-02 07:46:48,001 [pool-77-thread-1] INFO  impl.RoleInfo (RoleInfo.java:updateAndGet(143)) - 07ab5ffe-ad36-4120-bcca-92a2d7e21fcd: start FollowerState
2019-10-02 07:46:48,001 [pool-87-thread-1] INFO  impl.RoleInfo (RoleInfo.java:updateAndGet(143)) - d197193a-9b38-4376-abb0-d626583253f4: start FollowerState
2019-10-02 07:46:48,002 [pool-77-thread-1] INFO  util.JmxRegister (JmxRegister.java:tryRegister(44)) - Successfully registered JMX Bean with object name Ratis:service=RaftServer,group=group-E1C38AC24721,id=07ab5ffe-ad36-4120-bcca-92a2d7e21fcd
2019-10-02 07:46:48,002 [pool-87-thread-1] INFO  util.JmxRegister (JmxRegister.java:tryRegister(44)) - Successfully registered JMX Bean with object name Ratis:service=RaftServer,group=group-E1C38AC24721,id=d197193a-9b38-4376-abb0-d626583253f4
2019-10-02 07:46:48,027 [RatisPipelineUtilsThread] INFO  pipeline.PipelineStateManager (PipelineStateManager.java:addPipeline(56)) - Created pipeline Pipeline[ Id: 46c249f7-4366-4494-92d9-e1c38ac24721, Nodes: d197193a-9b38-4376-abb0-d626583253f4{ip: 192.168.164.211, host: pr-hdds-2227-gdpr-vz6hn-2718222164, networkLocation: /default-rack, certSerialId: null}b42c3f3b-ae32-469c-b4d9-669e1d8aa140{ip: 192.168.164.211, host: pr-hdds-2227-gdpr-vz6hn-2718222164, networkLocation: /default-rack, certSerialId: null}07ab5ffe-ad36-4120-bcca-92a2d7e21fcd{ip: 192.168.164.211, host: pr-hdds-2227-gdpr-vz6hn-2718222164, networkLocation: /default-rack, certSerialId: null}, Type:RATIS, Factor:THREE, State:OPEN]
2019-10-02 07:46:48,054 [grpc-default-executor-2] INFO  impl.RaftServerProxy (RaftServerProxy.java:addNew(89)) - f33a1b7a-1d70-4829-932c-064247c4dc59: addNew group-8E9CB302E1C9:[c23b986f-fe02-40ff-b3bb-a004d3e2a61f:192.168.164.211:45486, 21936b31-eba2-4a0f-a111-822641af9352:192.168.164.211:40595, f33a1b7a-1d70-4829-932c-064247c4dc59:192.168.164.211:45702] returns group-8E9CB302E1C9:java.util.concurrent.CompletableFuture@28a9c7a0[Not completed]
2019-10-02 07:46:48,057 [grpc-default-executor-2] INFO  impl.RaftServerProxy (RaftServerProxy.java:addNew(89)) - c23b986f-fe02-40ff-b3bb-a004d3e2a61f: addNew group-8E9CB302E1C9:[c23b986f-fe02-40ff-b3bb-a004d3e2a61f:192.168.164.211:45486, 21936b31-eba2-4a0f-a111-822641af9352:192.168.164.211:40595, f33a1b7a-1d70-4829-932c-064247c4dc59:192.168.164.211:45702] returns group-8E9CB302E1C9:java.util.concurrent.CompletableFuture@6c81ae44[Not completed]
2019-10-02 07:46:48,057 [grpc-default-executor-0] INFO  impl.RaftServerProxy (RaftServerProxy.java:addNew(89)) - 21936b31-eba2-4a0f-a111-822641af9352: addNew group-8E9CB302E1C9:[c23b986f-fe02-40ff-b3bb-a004d3e2a61f:192.168.164.211:45486, 21936b31-eba2-4a0f-a111-822641af9352:192.168.164.211:40595, f33a1b7a-1d70-4829-932c-064247c4dc59:192.168.164.211:45702] returns group-8E9CB302E1C9:java.util.concurrent.CompletableFuture@1f111435[Not completed]
2019-10-02 07:46:48,058 [pool-47-thread-1] INFO  impl.RaftServerImpl (RaftServerImpl.java:<init>(95)) - f33a1b7a-1d70-4829-932c-064247c4dc59: new RaftServerImpl for group-8E9CB302E1C9:[c23b986f-fe02-40ff-b3bb-a004d3e2a61f:192.168.164.211:45486, 21936b31-eba2-4a0f-a111-822641af9352:192.168.164.211:40595, f33a1b7a-1d70-4829-932c-064247c4dc59:192.168.164.211:45702] with ContainerStateMachine:uninitialized
2019-10-02 07:46:48,058 [pool-47-thread-1] INFO  server.RaftServerConfigKeys (ConfUtils.java:logGet(43)) - raft.server.rpc.timeout.min = 5s (custom)
2019-10-02 07:46:48,059 [pool-47-thread-1] INFO  server.RaftServerConfigKeys (ConfUtils.java:logGet(43)) - raft.server.rpc.timeout.max = 5200ms (custom)
2019-10-02 07:46:48,059 [pool-47-thread-1] INFO  server.RaftServerConfigKeys (ConfUtils.java:logGet(43)) - raft.server.rpcslowness.timeout = 120s (custom)
2019-10-02 07:46:48,059 [pool-47-thread-1] INFO  server.RaftServerConfigKeys (ConfUtils.java:logGet(43)) - raft.server.sleep.deviation.threshold = 300 (default)
2019-10-02 07:46:48,059 [pool-47-thread-1] INFO  server.RaftServerConfigKeys (ConfUtils.java:logGet(43)) - raft.server.log.appender.install.snapshot.enabled = false (custom)
2019-10-02 07:46:48,059 [pool-47-thread-1] INFO  impl.RaftServerImpl (ServerState.java:<init>(103)) - f33a1b7a-1d70-4829-932c-064247c4dc59@group-8E9CB302E1C9: ConfigurationManager, init=-1: [c23b986f-fe02-40ff-b3bb-a004d3e2a61f:192.168.164.211:45486, 21936b31-eba2-4a0f-a111-822641af9352:192.168.164.211:40595, f33a1b7a-1d70-4829-932c-064247c4dc59:192.168.164.211:45702], old=null, confs=<EMPTY_MAP>
2019-10-02 07:46:48,059 [pool-37-thread-1] INFO  impl.RaftServerImpl (RaftServerImpl.java:<init>(95)) - c23b986f-fe02-40ff-b3bb-a004d3e2a61f: new RaftServerImpl for group-8E9CB302E1C9:[c23b986f-fe02-40ff-b3bb-a004d3e2a61f:192.168.164.211:45486, 21936b31-eba2-4a0f-a111-822641af9352:192.168.164.211:40595, f33a1b7a-1d70-4829-932c-064247c4dc59:192.168.164.211:45702] with ContainerStateMachine:uninitialized
2019-10-02 07:46:48,059 [pool-47-thread-1] INFO  server.RaftServerConfigKeys (ConfUtils.java:logGet(43)) - raft.server.storage.dir = [/workdir/hadoop-ozone/integration-test/target/test-dir/MiniOzoneClusterImpl-5bb48fee-652f-43d0-b5cd-50152d7826d1/datanode-2/data/ratis] (custom)
2019-10-02 07:46:48,059 [pool-37-thread-1] INFO  server.RaftServerConfigKeys (ConfUtils.java:logGet(43)) - raft.server.rpc.timeout.min = 5s (custom)
2019-10-02 07:46:48,059 [pool-37-thread-1] INFO  server.RaftServerConfigKeys (ConfUtils.java:logGet(43)) - raft.server.rpc.timeout.max = 5200ms (custom)
2019-10-02 07:46:48,059 [pool-47-thread-1] INFO  server.RaftServerConfigKeys (ConfUtils.java:logGet(43)) - raft.server.log.corruption.policy = EXCEPTION (default)
2019-10-02 07:46:48,059 [pool-37-thread-1] INFO  server.RaftServerConfigKeys (ConfUtils.java:logGet(43)) - raft.server.rpcslowness.timeout = 120s (custom)
2019-10-02 07:46:48,060 [pool-47-thread-1] INFO  storage.RaftStorageDirectory (RaftStorageDirectory.java:analyzeStorage(246)) - The storage directory /workdir/hadoop-ozone/integration-test/target/test-dir/MiniOzoneClusterImpl-5bb48fee-652f-43d0-b5cd-50152d7826d1/datanode-2/data/ratis/26f6d5d8-9938-4d98-92eb-8e9cb302e1c9 does not exist. Creating ...
2019-10-02 07:46:48,060 [pool-37-thread-1] INFO  server.RaftServerConfigKeys (ConfUtils.java:logGet(43)) - raft.server.sleep.deviation.threshold = 300 (default)
2019-10-02 07:46:48,060 [pool-37-thread-1] INFO  server.RaftServerConfigKeys (ConfUtils.java:logGet(43)) - raft.server.log.appender.install.snapshot.enabled = false (custom)
2019-10-02 07:46:48,060 [pool-57-thread-1] INFO  impl.RaftServerImpl (RaftServerImpl.java:<init>(95)) - 21936b31-eba2-4a0f-a111-822641af9352: new RaftServerImpl for group-8E9CB302E1C9:[c23b986f-fe02-40ff-b3bb-a004d3e2a61f:192.168.164.211:45486, 21936b31-eba2-4a0f-a111-822641af9352:192.168.164.211:40595, f33a1b7a-1d70-4829-932c-064247c4dc59:192.168.164.211:45702] with ContainerStateMachine:uninitialized
2019-10-02 07:46:48,060 [pool-37-thread-1] INFO  impl.RaftServerImpl (ServerState.java:<init>(103)) - c23b986f-fe02-40ff-b3bb-a004d3e2a61f@group-8E9CB302E1C9: ConfigurationManager, init=-1: [c23b986f-fe02-40ff-b3bb-a004d3e2a61f:192.168.164.211:45486, 21936b31-eba2-4a0f-a111-822641af9352:192.168.164.211:40595, f33a1b7a-1d70-4829-932c-064247c4dc59:192.168.164.211:45702], old=null, confs=<EMPTY_MAP>
2019-10-02 07:46:48,060 [pool-57-thread-1] INFO  server.RaftServerConfigKeys (ConfUtils.java:logGet(43)) - raft.server.rpc.timeout.min = 5s (custom)
2019-10-02 07:46:48,060 [pool-37-thread-1] INFO  server.RaftServerConfigKeys (ConfUtils.java:logGet(43)) - raft.server.storage.dir = [/workdir/hadoop-ozone/integration-test/target/test-dir/MiniOzoneClusterImpl-5bb48fee-652f-43d0-b5cd-50152d7826d1/datanode-1/data/ratis] (custom)
2019-10-02 07:46:48,060 [pool-57-thread-1] INFO  server.RaftServerConfigKeys (ConfUtils.java:logGet(43)) - raft.server.rpc.timeout.max = 5200ms (custom)
2019-10-02 07:46:48,060 [pool-57-thread-1] INFO  server.RaftServerConfigKeys (ConfUtils.java:logGet(43)) - raft.server.rpcslowness.timeout = 120s (custom)
2019-10-02 07:46:48,060 [pool-37-thread-1] INFO  server.RaftServerConfigKeys (ConfUtils.java:logGet(43)) - raft.server.log.corruption.policy = EXCEPTION (default)
2019-10-02 07:46:48,060 [pool-57-thread-1] INFO  server.RaftServerConfigKeys (ConfUtils.java:logGet(43)) - raft.server.sleep.deviation.threshold = 300 (default)
2019-10-02 07:46:48,060 [pool-37-thread-1] INFO  storage.RaftStorageDirectory (RaftStorageDirectory.java:analyzeStorage(246)) - The storage directory /workdir/hadoop-ozone/integration-test/target/test-dir/MiniOzoneClusterImpl-5bb48fee-652f-43d0-b5cd-50152d7826d1/datanode-1/data/ratis/26f6d5d8-9938-4d98-92eb-8e9cb302e1c9 does not exist. Creating ...
2019-10-02 07:46:48,061 [pool-57-thread-1] INFO  server.RaftServerConfigKeys (ConfUtils.java:logGet(43)) - raft.server.log.appender.install.snapshot.enabled = false (custom)
2019-10-02 07:46:48,061 [pool-57-thread-1] INFO  impl.RaftServerImpl (ServerState.java:<init>(103)) - 21936b31-eba2-4a0f-a111-822641af9352@group-8E9CB302E1C9: ConfigurationManager, init=-1: [c23b986f-fe02-40ff-b3bb-a004d3e2a61f:192.168.164.211:45486, 21936b31-eba2-4a0f-a111-822641af9352:192.168.164.211:40595, f33a1b7a-1d70-4829-932c-064247c4dc59:192.168.164.211:45702], old=null, confs=<EMPTY_MAP>
2019-10-02 07:46:48,061 [pool-57-thread-1] INFO  server.RaftServerConfigKeys (ConfUtils.java:logGet(43)) - raft.server.storage.dir = [/workdir/hadoop-ozone/integration-test/target/test-dir/MiniOzoneClusterImpl-5bb48fee-652f-43d0-b5cd-50152d7826d1/datanode-3/data/ratis] (custom)
2019-10-02 07:46:48,061 [pool-57-thread-1] INFO  server.RaftServerConfigKeys (ConfUtils.java:logGet(43)) - raft.server.log.corruption.policy = EXCEPTION (default)
2019-10-02 07:46:48,061 [pool-57-thread-1] INFO  storage.RaftStorageDirectory (RaftStorageDirectory.java:analyzeStorage(246)) - The storage directory /workdir/hadoop-ozone/integration-test/target/test-dir/MiniOzoneClusterImpl-5bb48fee-652f-43d0-b5cd-50152d7826d1/datanode-3/data/ratis/26f6d5d8-9938-4d98-92eb-8e9cb302e1c9 does not exist. Creating ...
2019-10-02 07:46:48,073 [pool-37-thread-1] INFO  storage.RaftStorageDirectory (RaftStorageDirectory.java:tryLock(328)) - Lock on /workdir/hadoop-ozone/integration-test/target/test-dir/MiniOzoneClusterImpl-5bb48fee-652f-43d0-b5cd-50152d7826d1/datanode-1/data/ratis/26f6d5d8-9938-4d98-92eb-8e9cb302e1c9/in_use.lock acquired by nodename 29620@pr-hdds-2227-gdpr-vz6hn-2718222164
2019-10-02 07:46:48,073 [pool-47-thread-1] INFO  storage.RaftStorageDirectory (RaftStorageDirectory.java:tryLock(328)) - Lock on /workdir/hadoop-ozone/integration-test/target/test-dir/MiniOzoneClusterImpl-5bb48fee-652f-43d0-b5cd-50152d7826d1/datanode-2/data/ratis/26f6d5d8-9938-4d98-92eb-8e9cb302e1c9/in_use.lock acquired by nodename 29620@pr-hdds-2227-gdpr-vz6hn-2718222164
2019-10-02 07:46:48,073 [pool-57-thread-1] INFO  storage.RaftStorageDirectory (RaftStorageDirectory.java:tryLock(328)) - Lock on /workdir/hadoop-ozone/integration-test/target/test-dir/MiniOzoneClusterImpl-5bb48fee-652f-43d0-b5cd-50152d7826d1/datanode-3/data/ratis/26f6d5d8-9938-4d98-92eb-8e9cb302e1c9/in_use.lock acquired by nodename 29620@pr-hdds-2227-gdpr-vz6hn-2718222164
2019-10-02 07:46:48,087 [pool-47-thread-1] INFO  storage.RaftStorage (RaftStorage.java:format(84)) - Storage directory /workdir/hadoop-ozone/integration-test/target/test-dir/MiniOzoneClusterImpl-5bb48fee-652f-43d0-b5cd-50152d7826d1/datanode-2/data/ratis/26f6d5d8-9938-4d98-92eb-8e9cb302e1c9 has been successfully formatted.
2019-10-02 07:46:48,087 [pool-37-thread-1] INFO  storage.RaftStorage (RaftStorage.java:format(84)) - Storage directory /workdir/hadoop-ozone/integration-test/target/test-dir/MiniOzoneClusterImpl-5bb48fee-652f-43d0-b5cd-50152d7826d1/datanode-1/data/ratis/26f6d5d8-9938-4d98-92eb-8e9cb302e1c9 has been successfully formatted.
2019-10-02 07:46:48,087 [pool-57-thread-1] INFO  storage.RaftStorage (RaftStorage.java:format(84)) - Storage directory /workdir/hadoop-ozone/integration-test/target/test-dir/MiniOzoneClusterImpl-5bb48fee-652f-43d0-b5cd-50152d7826d1/datanode-3/data/ratis/26f6d5d8-9938-4d98-92eb-8e9cb302e1c9 has been successfully formatted.
2019-10-02 07:46:48,087 [pool-47-thread-1] INFO  ratis.ContainerStateMachine (ContainerStateMachine.java:loadSnapshot(230)) - group-8E9CB302E1C9: The snapshot info is null. Setting the last applied indexto:(t:0, i:~)
2019-10-02 07:46:48,087 [pool-37-thread-1] INFO  ratis.ContainerStateMachine (ContainerStateMachine.java:loadSnapshot(230)) - group-8E9CB302E1C9: The snapshot info is null. Setting the last applied indexto:(t:0, i:~)
2019-10-02 07:46:48,087 [pool-47-thread-1] INFO  server.RaftServerConfigKeys (ConfUtils.java:logGet(43)) - raft.server.notification.no-leader.timeout = 120s (custom)
2019-10-02 07:46:48,087 [pool-57-thread-1] INFO  ratis.ContainerStateMachine (ContainerStateMachine.java:loadSnapshot(230)) - group-8E9CB302E1C9: The snapshot info is null. Setting the last applied indexto:(t:0, i:~)
2019-10-02 07:46:48,087 [pool-47-thread-1] INFO  server.RaftServerConfigKeys (ConfUtils.java:logGet(43)) - raft.server.log.use.memory = false (default)
2019-10-02 07:46:48,087 [pool-37-thread-1] INFO  server.RaftServerConfigKeys (ConfUtils.java:logGet(43)) - raft.server.notification.no-leader.timeout = 120s (custom)
2019-10-02 07:46:48,088 [pool-47-thread-1] INFO  server.RaftServerConfigKeys (ConfUtils.java:logGet(43)) - raft.server.log.purge.gap = 1000000 (custom)
2019-10-02 07:46:48,088 [pool-57-thread-1] INFO  server.RaftServerConfigKeys (ConfUtils.java:logGet(43)) - raft.server.notification.no-leader.timeout = 120s (custom)
2019-10-02 07:46:48,088 [pool-47-thread-1] INFO  server.RaftServerConfigKeys (ConfUtils.java:logGet(43)) - raft.server.log.appender.buffer.byte-limit = 33554432 (custom)
2019-10-02 07:46:48,088 [pool-37-thread-1] INFO  server.RaftServerConfigKeys (ConfUtils.java:logGet(43)) - raft.server.log.use.memory = false (default)
2019-10-02 07:46:48,088 [pool-47-thread-1] INFO  server.RaftServerConfigKeys (ConfUtils.java:logGet(43)) - raft.server.log.segment.size.max = 1048576 (custom)
2019-10-02 07:46:48,088 [pool-57-thread-1] INFO  server.RaftServerConfigKeys (ConfUtils.java:logGet(43)) - raft.server.log.use.memory = false (default)
2019-10-02 07:46:48,088 [pool-47-thread-1] INFO  server.RaftServerConfigKeys (ConfUtils.java:logGet(43)) - raft.server.log.segment.cache.num.max = 2 (custom)
2019-10-02 07:46:48,088 [pool-37-thread-1] INFO  server.RaftServerConfigKeys (ConfUtils.java:logGet(43)) - raft.server.log.purge.gap = 1000000 (custom)
2019-10-02 07:46:48,088 [pool-47-thread-1] INFO  segmented.SegmentedRaftLogWorker (SegmentedRaftLogWorker.java:<init>(173)) - new f33a1b7a-1d70-4829-932c-064247c4dc59@group-8E9CB302E1C9-SegmentedRaftLogWorker for RaftStorage:Storage Directory /workdir/hadoop-ozone/integration-test/target/test-dir/MiniOzoneClusterImpl-5bb48fee-652f-43d0-b5cd-50152d7826d1/datanode-2/data/ratis/26f6d5d8-9938-4d98-92eb-8e9cb302e1c9
2019-10-02 07:46:48,088 [pool-57-thread-1] INFO  server.RaftServerConfigKeys (ConfUtils.java:logGet(43)) - raft.server.log.purge.gap = 1000000 (custom)
2019-10-02 07:46:48,088 [pool-47-thread-1] INFO  server.RaftServerConfigKeys (ConfUtils.java:logGet(43)) - raft.server.log.queue.byte-limit = 2147483647 (custom)
2019-10-02 07:46:48,088 [pool-37-thread-1] INFO  server.RaftServerConfigKeys (ConfUtils.java:logGet(43)) - raft.server.log.appender.buffer.byte-limit = 33554432 (custom)
2019-10-02 07:46:48,089 [pool-47-thread-1] INFO  server.RaftServerConfigKeys (ConfUtils.java:logGet(43)) - raft.server.log.queue.element-limit = 1024 (custom)
2019-10-02 07:46:48,089 [pool-57-thread-1] INFO  server.RaftServerConfigKeys (ConfUtils.java:logGet(43)) - raft.server.log.appender.buffer.byte-limit = 33554432 (custom)
2019-10-02 07:46:48,089 [pool-47-thread-1] INFO  server.RaftServerConfigKeys (ConfUtils.java:logGet(43)) - raft.server.log.segment.size.max = 1048576 (custom)
2019-10-02 07:46:48,089 [pool-37-thread-1] INFO  server.RaftServerConfigKeys (ConfUtils.java:logGet(43)) - raft.server.log.segment.size.max = 1048576 (custom)
2019-10-02 07:46:48,089 [pool-47-thread-1] INFO  server.RaftServerConfigKeys (ConfUtils.java:logGet(43)) - raft.server.log.preallocated.size = 16384 (custom)
2019-10-02 07:46:48,089 [pool-57-thread-1] INFO  server.RaftServerConfigKeys (ConfUtils.java:logGet(43)) - raft.server.log.segment.size.max = 1048576 (custom)
2019-10-02 07:46:48,089 [pool-47-thread-1] INFO  server.RaftServerConfigKeys (ConfUtils.java:logGet(43)) - raft.server.log.write.buffer.size = 33554432 (custom)
2019-10-02 07:46:48,089 [pool-37-thread-1] INFO  server.RaftServerConfigKeys (ConfUtils.java:logGet(43)) - raft.server.log.segment.cache.num.max = 2 (custom)
2019-10-02 07:46:48,089 [pool-47-thread-1] INFO  server.RaftServerConfigKeys (ConfUtils.java:logGet(43)) - raft.server.log.force.sync.num = 128 (default)
2019-10-02 07:46:48,089 [pool-57-thread-1] INFO  server.RaftServerConfigKeys (ConfUtils.java:logGet(43)) - raft.server.log.segment.cache.num.max = 2 (custom)
2019-10-02 07:46:48,090 [pool-47-thread-1] INFO  server.RaftServerConfigKeys (ConfUtils.java:logGet(43)) - raft.server.log.statemachine.data.sync = true (default)
2019-10-02 07:46:48,090 [pool-37-thread-1] INFO  segmented.SegmentedRaftLogWorker (SegmentedRaftLogWorker.java:<init>(173)) - new c23b986f-fe02-40ff-b3bb-a004d3e2a61f@group-8E9CB302E1C9-SegmentedRaftLogWorker for RaftStorage:Storage Directory /workdir/hadoop-ozone/integration-test/target/test-dir/MiniOzoneClusterImpl-5bb48fee-652f-43d0-b5cd-50152d7826d1/datanode-1/data/ratis/26f6d5d8-9938-4d98-92eb-8e9cb302e1c9
2019-10-02 07:46:48,090 [pool-47-thread-1] INFO  server.RaftServerConfigKeys (ConfUtils.java:logGet(43)) - raft.server.log.statemachine.data.sync.timeout = 10s (default)
2019-10-02 07:46:48,090 [pool-57-thread-1] INFO  segmented.SegmentedRaftLogWorker (SegmentedRaftLogWorker.java:<init>(173)) - new 21936b31-eba2-4a0f-a111-822641af9352@group-8E9CB302E1C9-SegmentedRaftLogWorker for RaftStorage:Storage Directory /workdir/hadoop-ozone/integration-test/target/test-dir/MiniOzoneClusterImpl-5bb48fee-652f-43d0-b5cd-50152d7826d1/datanode-3/data/ratis/26f6d5d8-9938-4d98-92eb-8e9cb302e1c9
2019-10-02 07:46:48,090 [pool-47-thread-1] INFO  server.RaftServerConfigKeys (ConfUtils.java:logGet(43)) - raft.server.log.statemachine.data.sync.timeout.retry = -1 (default)
2019-10-02 07:46:48,090 [pool-37-thread-1] INFO  server.RaftServerConfigKeys (ConfUtils.java:logGet(43)) - raft.server.log.queue.byte-limit = 2147483647 (custom)
2019-10-02 07:46:48,090 [pool-57-thread-1] INFO  server.RaftServerConfigKeys (ConfUtils.java:logGet(43)) - raft.server.log.queue.byte-limit = 2147483647 (custom)
2019-10-02 07:46:48,090 [pool-47-thread-1] INFO  server.RaftServerConfigKeys (ConfUtils.java:logGet(43)) - raft.server.log.statemachine.data.caching.enabled = true (custom)
2019-10-02 07:46:48,090 [pool-37-thread-1] INFO  server.RaftServerConfigKeys (ConfUtils.java:logGet(43)) - raft.server.log.queue.element-limit = 1024 (custom)
2019-10-02 07:46:48,090 [pool-57-thread-1] INFO  server.RaftServerConfigKeys (ConfUtils.java:logGet(43)) - raft.server.log.queue.element-limit = 1024 (custom)
2019-10-02 07:46:48,091 [pool-47-thread-1] INFO  segmented.SegmentedRaftLogWorker (SegmentedRaftLogWorker.java:lambda$new$0(128)) - f33a1b7a-1d70-4829-932c-064247c4dc59@group-8E9CB302E1C9-SegmentedRaftLogWorker: flushIndex: setUnconditionally 0 -> -1
2019-10-02 07:46:48,091 [pool-37-thread-1] INFO  server.RaftServerConfigKeys (ConfUtils.java:logGet(43)) - raft.server.log.segment.size.max = 1048576 (custom)
2019-10-02 07:46:48,091 [pool-57-thread-1] INFO  server.RaftServerConfigKeys (ConfUtils.java:logGet(43)) - raft.server.log.segment.size.max = 1048576 (custom)
2019-10-02 07:46:48,091 [pool-47-thread-1] INFO  server.RaftServerConfigKeys (ConfUtils.java:logGet(43)) - raft.server.snapshot.auto.trigger.enabled = true (custom)
2019-10-02 07:46:48,091 [pool-37-thread-1] INFO  server.RaftServerConfigKeys (ConfUtils.java:logGet(43)) - raft.server.log.preallocated.size = 16384 (custom)
2019-10-02 07:46:48,091 [pool-47-thread-1] INFO  server.RaftServerConfigKeys (ConfUtils.java:logGet(43)) - raft.server.snapshot.auto.trigger.threshold = 10000 (custom)
2019-10-02 07:46:48,091 [pool-57-thread-1] INFO  server.RaftServerConfigKeys (ConfUtils.java:logGet(43)) - raft.server.log.preallocated.size = 16384 (custom)
2019-10-02 07:46:48,091 [pool-47-thread-1] INFO  server.RaftServerConfigKeys (ConfUtils.java:logGet(43)) - raft.server.snapshot.retention.file.num = 5 (custom)
2019-10-02 07:46:48,091 [pool-37-thread-1] INFO  server.RaftServerConfigKeys (ConfUtils.java:logGet(43)) - raft.server.log.write.buffer.size = 33554432 (custom)
2019-10-02 07:46:48,091 [pool-47-thread-1] INFO  server.RaftServerConfigKeys (ConfUtils.java:logGet(43)) - raft.server.retrycache.expirytime = 600000ms (custom)
2019-10-02 07:46:48,091 [pool-57-thread-1] INFO  server.RaftServerConfigKeys (ConfUtils.java:logGet(43)) - raft.server.log.write.buffer.size = 33554432 (custom)
2019-10-02 07:46:48,091 [pool-37-thread-1] INFO  server.RaftServerConfigKeys (ConfUtils.java:logGet(43)) - raft.server.log.force.sync.num = 128 (default)
2019-10-02 07:46:48,092 [pool-57-thread-1] INFO  server.RaftServerConfigKeys (ConfUtils.java:logGet(43)) - raft.server.log.force.sync.num = 128 (default)
2019-10-02 07:46:48,092 [pool-37-thread-1] INFO  server.RaftServerConfigKeys (ConfUtils.java:logGet(43)) - raft.server.log.statemachine.data.sync = true (default)
2019-10-02 07:46:48,092 [pool-57-thread-1] INFO  server.RaftServerConfigKeys (ConfUtils.java:logGet(43)) - raft.server.log.statemachine.data.sync = true (default)
2019-10-02 07:46:48,092 [pool-37-thread-1] INFO  server.RaftServerConfigKeys (ConfUtils.java:logGet(43)) - raft.server.log.statemachine.data.sync.timeout = 10s (default)
2019-10-02 07:46:48,092 [pool-57-thread-1] INFO  server.RaftServerConfigKeys (ConfUtils.java:logGet(43)) - raft.server.log.statemachine.data.sync.timeout = 10s (default)
2019-10-02 07:46:48,092 [pool-37-thread-1] INFO  server.RaftServerConfigKeys (ConfUtils.java:logGet(43)) - raft.server.log.statemachine.data.sync.timeout.retry = -1 (default)
2019-10-02 07:46:48,092 [pool-57-thread-1] INFO  server.RaftServerConfigKeys (ConfUtils.java:logGet(43)) - raft.server.log.statemachine.data.sync.timeout.retry = -1 (default)
2019-10-02 07:46:48,092 [pool-37-thread-1] INFO  server.RaftServerConfigKeys (ConfUtils.java:logGet(43)) - raft.server.log.statemachine.data.caching.enabled = true (custom)
2019-10-02 07:46:48,092 [pool-57-thread-1] INFO  server.RaftServerConfigKeys (ConfUtils.java:logGet(43)) - raft.server.log.statemachine.data.caching.enabled = true (custom)
2019-10-02 07:46:48,093 [pool-37-thread-1] INFO  segmented.SegmentedRaftLogWorker (SegmentedRaftLogWorker.java:lambda$new$0(128)) - c23b986f-fe02-40ff-b3bb-a004d3e2a61f@group-8E9CB302E1C9-SegmentedRaftLogWorker: flushIndex: setUnconditionally 0 -> -1
2019-10-02 07:46:48,093 [pool-57-thread-1] INFO  segmented.SegmentedRaftLogWorker (SegmentedRaftLogWorker.java:lambda$new$0(128)) - 21936b31-eba2-4a0f-a111-822641af9352@group-8E9CB302E1C9-SegmentedRaftLogWorker: flushIndex: setUnconditionally 0 -> -1
2019-10-02 07:46:48,093 [pool-37-thread-1] INFO  server.RaftServerConfigKeys (ConfUtils.java:logGet(43)) - raft.server.snapshot.auto.trigger.enabled = true (custom)
2019-10-02 07:46:48,093 [pool-57-thread-1] INFO  server.RaftServerConfigKeys (ConfUtils.java:logGet(43)) - raft.server.snapshot.auto.trigger.enabled = true (custom)
2019-10-02 07:46:48,093 [pool-37-thread-1] INFO  server.RaftServerConfigKeys (ConfUtils.java:logGet(43)) - raft.server.snapshot.auto.trigger.threshold = 10000 (custom)
2019-10-02 07:46:48,093 [pool-57-thread-1] INFO  server.RaftServerConfigKeys (ConfUtils.java:logGet(43)) - raft.server.snapshot.auto.trigger.threshold = 10000 (custom)
2019-10-02 07:46:48,093 [pool-37-thread-1] INFO  server.RaftServerConfigKeys (ConfUtils.java:logGet(43)) - raft.server.snapshot.retention.file.num = 5 (custom)
2019-10-02 07:46:48,093 [pool-57-thread-1] INFO  server.RaftServerConfigKeys (ConfUtils.java:logGet(43)) - raft.server.snapshot.retention.file.num = 5 (custom)
2019-10-02 07:46:48,093 [pool-37-thread-1] INFO  server.RaftServerConfigKeys (ConfUtils.java:logGet(43)) - raft.server.retrycache.expirytime = 600000ms (custom)
2019-10-02 07:46:48,093 [pool-57-thread-1] INFO  server.RaftServerConfigKeys (ConfUtils.java:logGet(43)) - raft.server.retrycache.expirytime = 600000ms (custom)
2019-10-02 07:46:48,094 [pool-47-thread-1] INFO  impl.RaftServerImpl (RaftServerImpl.java:start(181)) - f33a1b7a-1d70-4829-932c-064247c4dc59@group-8E9CB302E1C9: start as a follower, conf=-1: [c23b986f-fe02-40ff-b3bb-a004d3e2a61f:192.168.164.211:45486, 21936b31-eba2-4a0f-a111-822641af9352:192.168.164.211:40595, f33a1b7a-1d70-4829-932c-064247c4dc59:192.168.164.211:45702], old=null
2019-10-02 07:46:48,094 [pool-47-thread-1] INFO  impl.RaftServerImpl (RaftServerImpl.java:setRole(170)) - f33a1b7a-1d70-4829-932c-064247c4dc59@group-8E9CB302E1C9: changes role from      null to FOLLOWER at term 0 for startAsFollower
2019-10-02 07:46:48,094 [pool-47-thread-1] INFO  impl.RoleInfo (RoleInfo.java:updateAndGet(143)) - f33a1b7a-1d70-4829-932c-064247c4dc59: start FollowerState
2019-10-02 07:46:48,094 [pool-47-thread-1] INFO  util.JmxRegister (JmxRegister.java:tryRegister(44)) - Successfully registered JMX Bean with object name Ratis:service=RaftServer,group=group-8E9CB302E1C9,id=f33a1b7a-1d70-4829-932c-064247c4dc59
2019-10-02 07:46:48,096 [pool-37-thread-1] INFO  impl.RaftServerImpl (RaftServerImpl.java:start(181)) - c23b986f-fe02-40ff-b3bb-a004d3e2a61f@group-8E9CB302E1C9: start as a follower, conf=-1: [c23b986f-fe02-40ff-b3bb-a004d3e2a61f:192.168.164.211:45486, 21936b31-eba2-4a0f-a111-822641af9352:192.168.164.211:40595, f33a1b7a-1d70-4829-932c-064247c4dc59:192.168.164.211:45702], old=null
2019-10-02 07:46:48,096 [pool-37-thread-1] INFO  impl.RaftServerImpl (RaftServerImpl.java:setRole(170)) - c23b986f-fe02-40ff-b3bb-a004d3e2a61f@group-8E9CB302E1C9: changes role from      null to FOLLOWER at term 0 for startAsFollower
2019-10-02 07:46:48,096 [pool-37-thread-1] INFO  impl.RoleInfo (RoleInfo.java:updateAndGet(143)) - c23b986f-fe02-40ff-b3bb-a004d3e2a61f: start FollowerState
2019-10-02 07:46:48,096 [pool-57-thread-1] INFO  impl.RaftServerImpl (RaftServerImpl.java:start(181)) - 21936b31-eba2-4a0f-a111-822641af9352@group-8E9CB302E1C9: start as a follower, conf=-1: [c23b986f-fe02-40ff-b3bb-a004d3e2a61f:192.168.164.211:45486, 21936b31-eba2-4a0f-a111-822641af9352:192.168.164.211:40595, f33a1b7a-1d70-4829-932c-064247c4dc59:192.168.164.211:45702], old=null
2019-10-02 07:46:48,096 [pool-37-thread-1] INFO  util.JmxRegister (JmxRegister.java:tryRegister(44)) - Successfully registered JMX Bean with object name Ratis:service=RaftServer,group=group-8E9CB302E1C9,id=c23b986f-fe02-40ff-b3bb-a004d3e2a61f
2019-10-02 07:46:48,096 [pool-57-thread-1] INFO  impl.RaftServerImpl (RaftServerImpl.java:setRole(170)) - 21936b31-eba2-4a0f-a111-822641af9352@group-8E9CB302E1C9: changes role from      null to FOLLOWER at term 0 for startAsFollower
2019-10-02 07:46:48,097 [pool-57-thread-1] INFO  impl.RoleInfo (RoleInfo.java:updateAndGet(143)) - 21936b31-eba2-4a0f-a111-822641af9352: start FollowerState
2019-10-02 07:46:48,097 [pool-57-thread-1] INFO  util.JmxRegister (JmxRegister.java:tryRegister(44)) - Successfully registered JMX Bean with object name Ratis:service=RaftServer,group=group-8E9CB302E1C9,id=21936b31-eba2-4a0f-a111-822641af9352
2019-10-02 07:46:48,123 [RatisPipelineUtilsThread] INFO  pipeline.PipelineStateManager (PipelineStateManager.java:addPipeline(56)) - Created pipeline Pipeline[ Id: 26f6d5d8-9938-4d98-92eb-8e9cb302e1c9, Nodes: 21936b31-eba2-4a0f-a111-822641af9352{ip: 192.168.164.211, host: pr-hdds-2227-gdpr-vz6hn-2718222164, networkLocation: /default-rack, certSerialId: null}f33a1b7a-1d70-4829-932c-064247c4dc59{ip: 192.168.164.211, host: pr-hdds-2227-gdpr-vz6hn-2718222164, networkLocation: /default-rack, certSerialId: null}c23b986f-fe02-40ff-b3bb-a004d3e2a61f{ip: 192.168.164.211, host: pr-hdds-2227-gdpr-vz6hn-2718222164, networkLocation: /default-rack, certSerialId: null}, Type:RATIS, Factor:THREE, State:OPEN]
2019-10-02 07:46:48,229 [main] INFO  impl.MetricsSystemImpl (MetricsSystemImpl.java:init(158)) - XceiverClientMetrics metrics system started (again)
2019-10-02 07:46:49,013 [Thread-238] INFO  container.ReplicationManager (ReplicationManager.java:start(162)) - Starting Replication Monitor Thread.
2019-10-02 07:46:49,017 [ReplicationMonitor] INFO  container.ReplicationManager (ReplicationManager.java:run(225)) - Replication Monitor Thread took 1 milliseconds for processing 1 containers.
2019-10-02 07:46:51,874 [Thread-241] INFO  impl.FollowerState (FollowerState.java:run(108)) - b42c3f3b-ae32-469c-b4d9-669e1d8aa140@group-AEBA344E6B02-FollowerState: change to CANDIDATE, lastRpcTime:5111ms, electionTimeout:5110ms
2019-10-02 07:46:51,880 [Thread-241] INFO  impl.RoleInfo (RoleInfo.java:shutdownFollowerState(121)) - b42c3f3b-ae32-469c-b4d9-669e1d8aa140: shutdown FollowerState
2019-10-02 07:46:51,880 [Thread-241] INFO  impl.RaftServerImpl (RaftServerImpl.java:setRole(170)) - b42c3f3b-ae32-469c-b4d9-669e1d8aa140@group-AEBA344E6B02: changes role from  FOLLOWER to CANDIDATE at term 0 for changeToCandidate
2019-10-02 07:46:51,887 [Thread-241] INFO  impl.RoleInfo (RoleInfo.java:updateAndGet(143)) - b42c3f3b-ae32-469c-b4d9-669e1d8aa140: start LeaderElection
2019-10-02 07:46:51,906 [b42c3f3b-ae32-469c-b4d9-669e1d8aa140@group-AEBA344E6B02-LeaderElection1] INFO  impl.LeaderElection (LeaderElection.java:askForVotes(178)) - b42c3f3b-ae32-469c-b4d9-669e1d8aa140@group-AEBA344E6B02-LeaderElection1: begin an election at term 1 for -1: [b42c3f3b-ae32-469c-b4d9-669e1d8aa140:192.168.164.211:38568], old=null
2019-10-02 07:46:51,908 [b42c3f3b-ae32-469c-b4d9-669e1d8aa140@group-AEBA344E6B02-LeaderElection1] INFO  impl.RoleInfo (RoleInfo.java:shutdownLeaderElection(134)) - b42c3f3b-ae32-469c-b4d9-669e1d8aa140: shutdown LeaderElection
2019-10-02 07:46:51,909 [b42c3f3b-ae32-469c-b4d9-669e1d8aa140@group-AEBA344E6B02-LeaderElection1] INFO  impl.RaftServerImpl (RaftServerImpl.java:setRole(170)) - b42c3f3b-ae32-469c-b4d9-669e1d8aa140@group-AEBA344E6B02: changes role from CANDIDATE to LEADER at term 1 for changeToLeader
2019-10-02 07:46:51,909 [b42c3f3b-ae32-469c-b4d9-669e1d8aa140@group-AEBA344E6B02-LeaderElection1] INFO  impl.RaftServerImpl (ServerState.java:setLeader(255)) - b42c3f3b-ae32-469c-b4d9-669e1d8aa140@group-AEBA344E6B02: change Leader from null to b42c3f3b-ae32-469c-b4d9-669e1d8aa140 at term 1 for becomeLeader, leader elected after 5277ms
2019-10-02 07:46:51,917 [b42c3f3b-ae32-469c-b4d9-669e1d8aa140@group-AEBA344E6B02-LeaderElection1] INFO  server.RaftServerConfigKeys (ConfUtils.java:logGet(43)) - raft.server.staging.catchup.gap = 1000 (default)
2019-10-02 07:46:51,917 [b42c3f3b-ae32-469c-b4d9-669e1d8aa140@group-AEBA344E6B02-LeaderElection1] INFO  server.RaftServerConfigKeys (ConfUtils.java:logGet(43)) - raft.server.rpc.sleep.time = 25ms (default)
2019-10-02 07:46:51,922 [b42c3f3b-ae32-469c-b4d9-669e1d8aa140@group-AEBA344E6B02-LeaderElection1] INFO  server.RaftServerConfigKeys (ConfUtils.java:logGet(43)) - raft.server.write.element-limit = 4096 (default)
2019-10-02 07:46:51,925 [b42c3f3b-ae32-469c-b4d9-669e1d8aa140@group-AEBA344E6B02-LeaderElection1] INFO  server.RaftServerConfigKeys (ConfUtils.java:logGet(43)) - raft.server.watch.timeout = 10s (default)
2019-10-02 07:46:51,926 [b42c3f3b-ae32-469c-b4d9-669e1d8aa140@group-AEBA344E6B02-LeaderElection1] INFO  server.RaftServerConfigKeys (ConfUtils.java:logGet(43)) - raft.server.watch.timeout.denomination = 1s (default)
2019-10-02 07:46:51,927 [b42c3f3b-ae32-469c-b4d9-669e1d8aa140@group-AEBA344E6B02-LeaderElection1] INFO  server.RaftServerConfigKeys (ConfUtils.java:logGet(43)) - raft.server.watch.element-limit = 65536 (default)
2019-10-02 07:46:51,938 [b42c3f3b-ae32-469c-b4d9-669e1d8aa140@group-AEBA344E6B02-LeaderElection1] INFO  impl.RoleInfo (RoleInfo.java:updateAndGet(143)) - b42c3f3b-ae32-469c-b4d9-669e1d8aa140: start LeaderState
2019-10-02 07:46:51,963 [b42c3f3b-ae32-469c-b4d9-669e1d8aa140@group-AEBA344E6B02-LeaderElection1] INFO  segmented.SegmentedRaftLogWorker (SegmentedRaftLogWorker.java:startLogSegment(385)) - b42c3f3b-ae32-469c-b4d9-669e1d8aa140@group-AEBA344E6B02-SegmentedRaftLogWorker: Starting segment from index:0
2019-10-02 07:46:51,974 [b42c3f3b-ae32-469c-b4d9-669e1d8aa140@group-AEBA344E6B02-LeaderElection1] INFO  impl.RaftServerImpl (ServerState.java:setRaftConf(356)) - b42c3f3b-ae32-469c-b4d9-669e1d8aa140@group-AEBA344E6B02: set configuration 0: [b42c3f3b-ae32-469c-b4d9-669e1d8aa140:192.168.164.211:38568], old=null at 0
2019-10-02 07:46:52,047 [Thread-244] INFO  impl.FollowerState (FollowerState.java:run(108)) - d197193a-9b38-4376-abb0-d626583253f4@group-CB5FD0F6367B-FollowerState: change to CANDIDATE, lastRpcTime:5065ms, electionTimeout:5064ms
2019-10-02 07:46:52,049 [Thread-244] INFO  impl.RoleInfo (RoleInfo.java:shutdownFollowerState(121)) - d197193a-9b38-4376-abb0-d626583253f4: shutdown FollowerState
2019-10-02 07:46:52,049 [Thread-244] INFO  impl.RaftServerImpl (RaftServerImpl.java:setRole(170)) - d197193a-9b38-4376-abb0-d626583253f4@group-CB5FD0F6367B: changes role from  FOLLOWER to CANDIDATE at term 0 for changeToCandidate
2019-10-02 07:46:52,049 [Thread-244] INFO  impl.RoleInfo (RoleInfo.java:updateAndGet(143)) - d197193a-9b38-4376-abb0-d626583253f4: start LeaderElection
2019-10-02 07:46:52,066 [d197193a-9b38-4376-abb0-d626583253f4@group-CB5FD0F6367B-LeaderElection2] INFO  impl.LeaderElection (LeaderElection.java:askForVotes(178)) - d197193a-9b38-4376-abb0-d626583253f4@group-CB5FD0F6367B-LeaderElection2: begin an election at term 1 for -1: [d197193a-9b38-4376-abb0-d626583253f4:192.168.164.211:45055], old=null
2019-10-02 07:46:52,068 [d197193a-9b38-4376-abb0-d626583253f4@group-CB5FD0F6367B-LeaderElection2] INFO  impl.RoleInfo (RoleInfo.java:shutdownLeaderElection(134)) - d197193a-9b38-4376-abb0-d626583253f4: shutdown LeaderElection
2019-10-02 07:46:52,068 [d197193a-9b38-4376-abb0-d626583253f4@group-CB5FD0F6367B-LeaderElection2] INFO  impl.RaftServerImpl (RaftServerImpl.java:setRole(170)) - d197193a-9b38-4376-abb0-d626583253f4@group-CB5FD0F6367B: changes role from CANDIDATE to LEADER at term 1 for changeToLeader
2019-10-02 07:46:52,068 [d197193a-9b38-4376-abb0-d626583253f4@group-CB5FD0F6367B-LeaderElection2] INFO  impl.RaftServerImpl (ServerState.java:setLeader(255)) - d197193a-9b38-4376-abb0-d626583253f4@group-CB5FD0F6367B: change Leader from null to d197193a-9b38-4376-abb0-d626583253f4 at term 1 for becomeLeader, leader elected after 5110ms
2019-10-02 07:46:52,069 [d197193a-9b38-4376-abb0-d626583253f4@group-CB5FD0F6367B-LeaderElection2] INFO  server.RaftServerConfigKeys (ConfUtils.java:logGet(43)) - raft.server.staging.catchup.gap = 1000 (default)
2019-10-02 07:46:52,069 [d197193a-9b38-4376-abb0-d626583253f4@group-CB5FD0F6367B-LeaderElection2] INFO  server.RaftServerConfigKeys (ConfUtils.java:logGet(43)) - raft.server.rpc.sleep.time = 25ms (default)
2019-10-02 07:46:52,069 [d197193a-9b38-4376-abb0-d626583253f4@group-CB5FD0F6367B-LeaderElection2] INFO  server.RaftServerConfigKeys (ConfUtils.java:logGet(43)) - raft.server.write.element-limit = 4096 (default)
2019-10-02 07:46:52,070 [d197193a-9b38-4376-abb0-d626583253f4@group-CB5FD0F6367B-LeaderElection2] INFO  server.RaftServerConfigKeys (ConfUtils.java:logGet(43)) - raft.server.watch.timeout = 10s (default)
2019-10-02 07:46:52,070 [d197193a-9b38-4376-abb0-d626583253f4@group-CB5FD0F6367B-LeaderElection2] INFO  server.RaftServerConfigKeys (ConfUtils.java:logGet(43)) - raft.server.watch.timeout.denomination = 1s (default)
2019-10-02 07:46:52,070 [d197193a-9b38-4376-abb0-d626583253f4@group-CB5FD0F6367B-LeaderElection2] INFO  server.RaftServerConfigKeys (ConfUtils.java:logGet(43)) - raft.server.watch.element-limit = 65536 (default)
2019-10-02 07:46:52,072 [d197193a-9b38-4376-abb0-d626583253f4@group-CB5FD0F6367B-LeaderElection2] INFO  impl.RoleInfo (RoleInfo.java:updateAndGet(143)) - d197193a-9b38-4376-abb0-d626583253f4: start LeaderState
2019-10-02 07:46:52,073 [d197193a-9b38-4376-abb0-d626583253f4@group-CB5FD0F6367B-LeaderElection2] INFO  segmented.SegmentedRaftLogWorker (SegmentedRaftLogWorker.java:startLogSegment(385)) - d197193a-9b38-4376-abb0-d626583253f4@group-CB5FD0F6367B-SegmentedRaftLogWorker: Starting segment from index:0
2019-10-02 07:46:52,074 [d197193a-9b38-4376-abb0-d626583253f4@group-CB5FD0F6367B-LeaderElection2] INFO  impl.RaftServerImpl (ServerState.java:setRaftConf(356)) - d197193a-9b38-4376-abb0-d626583253f4@group-CB5FD0F6367B: set configuration 0: [d197193a-9b38-4376-abb0-d626583253f4:192.168.164.211:45055], old=null at 0
2019-10-02 07:46:52,182 [d197193a-9b38-4376-abb0-d626583253f4@group-CB5FD0F6367B-SegmentedRaftLogWorker] INFO  segmented.SegmentedRaftLogWorker (SegmentedRaftLogWorker.java:execute(574)) - d197193a-9b38-4376-abb0-d626583253f4@group-CB5FD0F6367B-SegmentedRaftLogWorker: created new log segment /workdir/hadoop-ozone/integration-test/target/test-dir/MiniOzoneClusterImpl-5bb48fee-652f-43d0-b5cd-50152d7826d1/datanode-6/data/ratis/3c86f159-3004-46a3-b9e9-cb5fd0f6367b/current/log_inprogress_0
2019-10-02 07:46:52,182 [b42c3f3b-ae32-469c-b4d9-669e1d8aa140@group-AEBA344E6B02-SegmentedRaftLogWorker] INFO  segmented.SegmentedRaftLogWorker (SegmentedRaftLogWorker.java:execute(574)) - b42c3f3b-ae32-469c-b4d9-669e1d8aa140@group-AEBA344E6B02-SegmentedRaftLogWorker: created new log segment /workdir/hadoop-ozone/integration-test/target/test-dir/MiniOzoneClusterImpl-5bb48fee-652f-43d0-b5cd-50152d7826d1/datanode-0/data/ratis/cf2c7606-1f91-497b-b816-aeba344e6b02/current/log_inprogress_0
2019-10-02 07:46:52,317 [Thread-248] INFO  impl.FollowerState (FollowerState.java:run(108)) - 07ab5ffe-ad36-4120-bcca-92a2d7e21fcd@group-AAA3E3B99F47-FollowerState: change to CANDIDATE, lastRpcTime:5178ms, electionTimeout:5178ms
2019-10-02 07:46:52,317 [Thread-248] INFO  impl.RoleInfo (RoleInfo.java:shutdownFollowerState(121)) - 07ab5ffe-ad36-4120-bcca-92a2d7e21fcd: shutdown FollowerState
2019-10-02 07:46:52,317 [Thread-248] INFO  impl.RaftServerImpl (RaftServerImpl.java:setRole(170)) - 07ab5ffe-ad36-4120-bcca-92a2d7e21fcd@group-AAA3E3B99F47: changes role from  FOLLOWER to CANDIDATE at term 0 for changeToCandidate
2019-10-02 07:46:52,318 [Thread-248] INFO  impl.RoleInfo (RoleInfo.java:updateAndGet(143)) - 07ab5ffe-ad36-4120-bcca-92a2d7e21fcd: start LeaderElection
2019-10-02 07:46:52,336 [07ab5ffe-ad36-4120-bcca-92a2d7e21fcd@group-AAA3E3B99F47-LeaderElection3] INFO  impl.LeaderElection (LeaderElection.java:askForVotes(178)) - 07ab5ffe-ad36-4120-bcca-92a2d7e21fcd@group-AAA3E3B99F47-LeaderElection3: begin an election at term 1 for -1: [07ab5ffe-ad36-4120-bcca-92a2d7e21fcd:192.168.164.211:35486], old=null
2019-10-02 07:46:52,336 [07ab5ffe-ad36-4120-bcca-92a2d7e21fcd@group-AAA3E3B99F47-LeaderElection3] INFO  impl.RoleInfo (RoleInfo.java:shutdownLeaderElection(134)) - 07ab5ffe-ad36-4120-bcca-92a2d7e21fcd: shutdown LeaderElection
2019-10-02 07:46:52,336 [07ab5ffe-ad36-4120-bcca-92a2d7e21fcd@group-AAA3E3B99F47-LeaderElection3] INFO  impl.RaftServerImpl (RaftServerImpl.java:setRole(170)) - 07ab5ffe-ad36-4120-bcca-92a2d7e21fcd@group-AAA3E3B99F47: changes role from CANDIDATE to LEADER at term 1 for changeToLeader
2019-10-02 07:46:52,336 [07ab5ffe-ad36-4120-bcca-92a2d7e21fcd@group-AAA3E3B99F47-LeaderElection3] INFO  impl.RaftServerImpl (ServerState.java:setLeader(255)) - 07ab5ffe-ad36-4120-bcca-92a2d7e21fcd@group-AAA3E3B99F47: change Leader from null to 07ab5ffe-ad36-4120-bcca-92a2d7e21fcd at term 1 for becomeLeader, leader elected after 5242ms
2019-10-02 07:46:52,337 [07ab5ffe-ad36-4120-bcca-92a2d7e21fcd@group-AAA3E3B99F47-LeaderElection3] INFO  server.RaftServerConfigKeys (ConfUtils.java:logGet(43)) - raft.server.staging.catchup.gap = 1000 (default)
2019-10-02 07:46:52,337 [Thread-252] INFO  impl.FollowerState (FollowerState.java:run(108)) - 21936b31-eba2-4a0f-a111-822641af9352@group-7A490CF27A07-FollowerState: change to CANDIDATE, lastRpcTime:5098ms, electionTimeout:5097ms
2019-10-02 07:46:52,338 [07ab5ffe-ad36-4120-bcca-92a2d7e21fcd@group-AAA3E3B99F47-LeaderElection3] INFO  server.RaftServerConfigKeys (ConfUtils.java:logGet(43)) - raft.server.rpc.sleep.time = 25ms (default)
2019-10-02 07:46:52,338 [Thread-252] INFO  impl.RoleInfo (RoleInfo.java:shutdownFollowerState(121)) - 21936b31-eba2-4a0f-a111-822641af9352: shutdown FollowerState
2019-10-02 07:46:52,338 [Thread-252] INFO  impl.RaftServerImpl (RaftServerImpl.java:setRole(170)) - 21936b31-eba2-4a0f-a111-822641af9352@group-7A490CF27A07: changes role from  FOLLOWER to CANDIDATE at term 0 for changeToCandidate
2019-10-02 07:46:52,338 [07ab5ffe-ad36-4120-bcca-92a2d7e21fcd@group-AAA3E3B99F47-LeaderElection3] INFO  server.RaftServerConfigKeys (ConfUtils.java:logGet(43)) - raft.server.write.element-limit = 4096 (default)
2019-10-02 07:46:52,338 [07ab5ffe-ad36-4120-bcca-92a2d7e21fcd@group-AAA3E3B99F47-LeaderElection3] INFO  server.RaftServerConfigKeys (ConfUtils.java:logGet(43)) - raft.server.watch.timeout = 10s (default)
2019-10-02 07:46:52,338 [Thread-252] INFO  impl.RoleInfo (RoleInfo.java:updateAndGet(143)) - 21936b31-eba2-4a0f-a111-822641af9352: start LeaderElection
2019-10-02 07:46:52,338 [07ab5ffe-ad36-4120-bcca-92a2d7e21fcd@group-AAA3E3B99F47-LeaderElection3] INFO  server.RaftServerConfigKeys (ConfUtils.java:logGet(43)) - raft.server.watch.timeout.denomination = 1s (default)
2019-10-02 07:46:52,339 [07ab5ffe-ad36-4120-bcca-92a2d7e21fcd@group-AAA3E3B99F47-LeaderElection3] INFO  server.RaftServerConfigKeys (ConfUtils.java:logGet(43)) - raft.server.watch.element-limit = 65536 (default)
2019-10-02 07:46:52,344 [07ab5ffe-ad36-4120-bcca-92a2d7e21fcd@group-AAA3E3B99F47-LeaderElection3] INFO  impl.RoleInfo (RoleInfo.java:updateAndGet(143)) - 07ab5ffe-ad36-4120-bcca-92a2d7e21fcd: start LeaderState
2019-10-02 07:46:52,344 [07ab5ffe-ad36-4120-bcca-92a2d7e21fcd@group-AAA3E3B99F47-LeaderElection3] INFO  segmented.SegmentedRaftLogWorker (SegmentedRaftLogWorker.java:startLogSegment(385)) - 07ab5ffe-ad36-4120-bcca-92a2d7e21fcd@group-AAA3E3B99F47-SegmentedRaftLogWorker: Starting segment from index:0
2019-10-02 07:46:52,345 [07ab5ffe-ad36-4120-bcca-92a2d7e21fcd@group-AAA3E3B99F47-LeaderElection3] INFO  impl.RaftServerImpl (ServerState.java:setRaftConf(356)) - 07ab5ffe-ad36-4120-bcca-92a2d7e21fcd@group-AAA3E3B99F47: set configuration 0: [07ab5ffe-ad36-4120-bcca-92a2d7e21fcd:192.168.164.211:35486], old=null at 0
2019-10-02 07:46:52,370 [21936b31-eba2-4a0f-a111-822641af9352@group-7A490CF27A07-LeaderElection4] INFO  impl.LeaderElection (LeaderElection.java:askForVotes(178)) - 21936b31-eba2-4a0f-a111-822641af9352@group-7A490CF27A07-LeaderElection4: begin an election at term 1 for -1: [21936b31-eba2-4a0f-a111-822641af9352:192.168.164.211:40595], old=null
2019-10-02 07:46:52,371 [21936b31-eba2-4a0f-a111-822641af9352@group-7A490CF27A07-LeaderElection4] INFO  impl.RoleInfo (RoleInfo.java:shutdownLeaderElection(134)) - 21936b31-eba2-4a0f-a111-822641af9352: shutdown LeaderElection
2019-10-02 07:46:52,371 [21936b31-eba2-4a0f-a111-822641af9352@group-7A490CF27A07-LeaderElection4] INFO  impl.RaftServerImpl (RaftServerImpl.java:setRole(170)) - 21936b31-eba2-4a0f-a111-822641af9352@group-7A490CF27A07: changes role from CANDIDATE to LEADER at term 1 for changeToLeader
2019-10-02 07:46:52,371 [21936b31-eba2-4a0f-a111-822641af9352@group-7A490CF27A07-LeaderElection4] INFO  impl.RaftServerImpl (ServerState.java:setLeader(255)) - 21936b31-eba2-4a0f-a111-822641af9352@group-7A490CF27A07: change Leader from null to 21936b31-eba2-4a0f-a111-822641af9352 at term 1 for becomeLeader, leader elected after 5145ms
2019-10-02 07:46:52,373 [21936b31-eba2-4a0f-a111-822641af9352@group-7A490CF27A07-LeaderElection4] INFO  server.RaftServerConfigKeys (ConfUtils.java:logGet(43)) - raft.server.staging.catchup.gap = 1000 (default)
2019-10-02 07:46:52,373 [21936b31-eba2-4a0f-a111-822641af9352@group-7A490CF27A07-LeaderElection4] INFO  server.RaftServerConfigKeys (ConfUtils.java:logGet(43)) - raft.server.rpc.sleep.time = 25ms (default)
2019-10-02 07:46:52,374 [21936b31-eba2-4a0f-a111-822641af9352@group-7A490CF27A07-LeaderElection4] INFO  server.RaftServerConfigKeys (ConfUtils.java:logGet(43)) - raft.server.write.element-limit = 4096 (default)
2019-10-02 07:46:52,374 [21936b31-eba2-4a0f-a111-822641af9352@group-7A490CF27A07-LeaderElection4] INFO  server.RaftServerConfigKeys (ConfUtils.java:logGet(43)) - raft.server.watch.timeout = 10s (default)
2019-10-02 07:46:52,374 [21936b31-eba2-4a0f-a111-822641af9352@group-7A490CF27A07-LeaderElection4] INFO  server.RaftServerConfigKeys (ConfUtils.java:logGet(43)) - raft.server.watch.timeout.denomination = 1s (default)
2019-10-02 07:46:52,374 [21936b31-eba2-4a0f-a111-822641af9352@group-7A490CF27A07-LeaderElection4] INFO  server.RaftServerConfigKeys (ConfUtils.java:logGet(43)) - raft.server.watch.element-limit = 65536 (default)
2019-10-02 07:46:52,377 [21936b31-eba2-4a0f-a111-822641af9352@group-7A490CF27A07-LeaderElection4] INFO  impl.RoleInfo (RoleInfo.java:updateAndGet(143)) - 21936b31-eba2-4a0f-a111-822641af9352: start LeaderState
2019-10-02 07:46:52,377 [21936b31-eba2-4a0f-a111-822641af9352@group-7A490CF27A07-LeaderElection4] INFO  segmented.SegmentedRaftLogWorker (SegmentedRaftLogWorker.java:startLogSegment(385)) - 21936b31-eba2-4a0f-a111-822641af9352@group-7A490CF27A07-SegmentedRaftLogWorker: Starting segment from index:0
2019-10-02 07:46:52,378 [21936b31-eba2-4a0f-a111-822641af9352@group-7A490CF27A07-LeaderElection4] INFO  impl.RaftServerImpl (ServerState.java:setRaftConf(356)) - 21936b31-eba2-4a0f-a111-822641af9352@group-7A490CF27A07: set configuration 0: [21936b31-eba2-4a0f-a111-822641af9352:192.168.164.211:40595], old=null at 0
2019-10-02 07:46:52,401 [07ab5ffe-ad36-4120-bcca-92a2d7e21fcd@group-AAA3E3B99F47-SegmentedRaftLogWorker] INFO  segmented.SegmentedRaftLogWorker (SegmentedRaftLogWorker.java:execute(574)) - 07ab5ffe-ad36-4120-bcca-92a2d7e21fcd@group-AAA3E3B99F47-SegmentedRaftLogWorker: created new log segment /workdir/hadoop-ozone/integration-test/target/test-dir/MiniOzoneClusterImpl-5bb48fee-652f-43d0-b5cd-50152d7826d1/datanode-5/data/ratis/531f556f-705d-4e85-837a-aaa3e3b99f47/current/log_inprogress_0
2019-10-02 07:46:52,414 [21936b31-eba2-4a0f-a111-822641af9352@group-7A490CF27A07-SegmentedRaftLogWorker] INFO  segmented.SegmentedRaftLogWorker (SegmentedRaftLogWorker.java:execute(574)) - 21936b31-eba2-4a0f-a111-822641af9352@group-7A490CF27A07-SegmentedRaftLogWorker: created new log segment /workdir/hadoop-ozone/integration-test/target/test-dir/MiniOzoneClusterImpl-5bb48fee-652f-43d0-b5cd-50152d7826d1/datanode-3/data/ratis/aa555826-5f3c-497b-87b0-7a490cf27a07/current/log_inprogress_0
2019-10-02 07:46:52,444 [Thread-255] INFO  impl.FollowerState (FollowerState.java:run(108)) - f33a1b7a-1d70-4829-932c-064247c4dc59@group-7DBF3ACFC3EB-FollowerState: change to CANDIDATE, lastRpcTime:5100ms, electionTimeout:5100ms
2019-10-02 07:46:52,444 [Thread-255] INFO  impl.RoleInfo (RoleInfo.java:shutdownFollowerState(121)) - f33a1b7a-1d70-4829-932c-064247c4dc59: shutdown FollowerState
2019-10-02 07:46:52,444 [Thread-255] INFO  impl.RaftServerImpl (RaftServerImpl.java:setRole(170)) - f33a1b7a-1d70-4829-932c-064247c4dc59@group-7DBF3ACFC3EB: changes role from  FOLLOWER to CANDIDATE at term 0 for changeToCandidate
2019-10-02 07:46:52,444 [Thread-255] INFO  impl.RoleInfo (RoleInfo.java:updateAndGet(143)) - f33a1b7a-1d70-4829-932c-064247c4dc59: start LeaderElection
2019-10-02 07:46:52,462 [f33a1b7a-1d70-4829-932c-064247c4dc59@group-7DBF3ACFC3EB-LeaderElection5] INFO  impl.LeaderElection (LeaderElection.java:askForVotes(178)) - f33a1b7a-1d70-4829-932c-064247c4dc59@group-7DBF3ACFC3EB-LeaderElection5: begin an election at term 1 for -1: [f33a1b7a-1d70-4829-932c-064247c4dc59:192.168.164.211:45702], old=null
2019-10-02 07:46:52,462 [f33a1b7a-1d70-4829-932c-064247c4dc59@group-7DBF3ACFC3EB-LeaderElection5] INFO  impl.RoleInfo (RoleInfo.java:shutdownLeaderElection(134)) - f33a1b7a-1d70-4829-932c-064247c4dc59: shutdown LeaderElection
2019-10-02 07:46:52,462 [f33a1b7a-1d70-4829-932c-064247c4dc59@group-7DBF3ACFC3EB-LeaderElection5] INFO  impl.RaftServerImpl (RaftServerImpl.java:setRole(170)) - f33a1b7a-1d70-4829-932c-064247c4dc59@group-7DBF3ACFC3EB: changes role from CANDIDATE to LEADER at term 1 for changeToLeader
2019-10-02 07:46:52,462 [f33a1b7a-1d70-4829-932c-064247c4dc59@group-7DBF3ACFC3EB-LeaderElection5] INFO  impl.RaftServerImpl (ServerState.java:setLeader(255)) - f33a1b7a-1d70-4829-932c-064247c4dc59@group-7DBF3ACFC3EB: change Leader from null to f33a1b7a-1d70-4829-932c-064247c4dc59 at term 1 for becomeLeader, leader elected after 5154ms
2019-10-02 07:46:52,464 [f33a1b7a-1d70-4829-932c-064247c4dc59@group-7DBF3ACFC3EB-LeaderElection5] INFO  server.RaftServerConfigKeys (ConfUtils.java:logGet(43)) - raft.server.staging.catchup.gap = 1000 (default)
2019-10-02 07:46:52,464 [f33a1b7a-1d70-4829-932c-064247c4dc59@group-7DBF3ACFC3EB-LeaderElection5] INFO  server.RaftServerConfigKeys (ConfUtils.java:logGet(43)) - raft.server.rpc.sleep.time = 25ms (default)
2019-10-02 07:46:52,464 [f33a1b7a-1d70-4829-932c-064247c4dc59@group-7DBF3ACFC3EB-LeaderElection5] INFO  server.RaftServerConfigKeys (ConfUtils.java:logGet(43)) - raft.server.write.element-limit = 4096 (default)
2019-10-02 07:46:52,464 [f33a1b7a-1d70-4829-932c-064247c4dc59@group-7DBF3ACFC3EB-LeaderElection5] INFO  server.RaftServerConfigKeys (ConfUtils.java:logGet(43)) - raft.server.watch.timeout = 10s (default)
2019-10-02 07:46:52,465 [f33a1b7a-1d70-4829-932c-064247c4dc59@group-7DBF3ACFC3EB-LeaderElection5] INFO  server.RaftServerConfigKeys (ConfUtils.java:logGet(43)) - raft.server.watch.timeout.denomination = 1s (default)
2019-10-02 07:46:52,465 [f33a1b7a-1d70-4829-932c-064247c4dc59@group-7DBF3ACFC3EB-LeaderElection5] INFO  server.RaftServerConfigKeys (ConfUtils.java:logGet(43)) - raft.server.watch.element-limit = 65536 (default)
2019-10-02 07:46:52,468 [f33a1b7a-1d70-4829-932c-064247c4dc59@group-7DBF3ACFC3EB-LeaderElection5] INFO  impl.RoleInfo (RoleInfo.java:updateAndGet(143)) - f33a1b7a-1d70-4829-932c-064247c4dc59: start LeaderState
2019-10-02 07:46:52,468 [f33a1b7a-1d70-4829-932c-064247c4dc59@group-7DBF3ACFC3EB-LeaderElection5] INFO  segmented.SegmentedRaftLogWorker (SegmentedRaftLogWorker.java:startLogSegment(385)) - f33a1b7a-1d70-4829-932c-064247c4dc59@group-7DBF3ACFC3EB-SegmentedRaftLogWorker: Starting segment from index:0
2019-10-02 07:46:52,469 [f33a1b7a-1d70-4829-932c-064247c4dc59@group-7DBF3ACFC3EB-LeaderElection5] INFO  impl.RaftServerImpl (ServerState.java:setRaftConf(356)) - f33a1b7a-1d70-4829-932c-064247c4dc59@group-7DBF3ACFC3EB: set configuration 0: [f33a1b7a-1d70-4829-932c-064247c4dc59:192.168.164.211:45702], old=null at 0
2019-10-02 07:46:52,514 [f33a1b7a-1d70-4829-932c-064247c4dc59@group-7DBF3ACFC3EB-SegmentedRaftLogWorker] INFO  segmented.SegmentedRaftLogWorker (SegmentedRaftLogWorker.java:execute(574)) - f33a1b7a-1d70-4829-932c-064247c4dc59@group-7DBF3ACFC3EB-SegmentedRaftLogWorker: created new log segment /workdir/hadoop-ozone/integration-test/target/test-dir/MiniOzoneClusterImpl-5bb48fee-652f-43d0-b5cd-50152d7826d1/datanode-2/data/ratis/f63fa790-fcbd-44ac-8658-7dbf3acfc3eb/current/log_inprogress_0
2019-10-02 07:46:52,907 [Thread-258] INFO  impl.FollowerState (FollowerState.java:run(108)) - c23b986f-fe02-40ff-b3bb-a004d3e2a61f@group-77D062435BE1-FollowerState: change to CANDIDATE, lastRpcTime:5101ms, electionTimeout:5101ms
2019-10-02 07:46:52,907 [Thread-258] INFO  impl.RoleInfo (RoleInfo.java:shutdownFollowerState(121)) - c23b986f-fe02-40ff-b3bb-a004d3e2a61f: shutdown FollowerState
2019-10-02 07:46:52,907 [Thread-258] INFO  impl.RaftServerImpl (RaftServerImpl.java:setRole(170)) - c23b986f-fe02-40ff-b3bb-a004d3e2a61f@group-77D062435BE1: changes role from  FOLLOWER to CANDIDATE at term 0 for changeToCandidate
2019-10-02 07:46:52,908 [Thread-258] INFO  impl.RoleInfo (RoleInfo.java:updateAndGet(143)) - c23b986f-fe02-40ff-b3bb-a004d3e2a61f: start LeaderElection
2019-10-02 07:46:52,926 [c23b986f-fe02-40ff-b3bb-a004d3e2a61f@group-77D062435BE1-LeaderElection6] INFO  impl.LeaderElection (LeaderElection.java:askForVotes(178)) - c23b986f-fe02-40ff-b3bb-a004d3e2a61f@group-77D062435BE1-LeaderElection6: begin an election at term 1 for -1: [c23b986f-fe02-40ff-b3bb-a004d3e2a61f:192.168.164.211:45486], old=null
2019-10-02 07:46:52,926 [c23b986f-fe02-40ff-b3bb-a004d3e2a61f@group-77D062435BE1-LeaderElection6] INFO  impl.RoleInfo (RoleInfo.java:shutdownLeaderElection(134)) - c23b986f-fe02-40ff-b3bb-a004d3e2a61f: shutdown LeaderElection
2019-10-02 07:46:52,926 [c23b986f-fe02-40ff-b3bb-a004d3e2a61f@group-77D062435BE1-LeaderElection6] INFO  impl.RaftServerImpl (RaftServerImpl.java:setRole(170)) - c23b986f-fe02-40ff-b3bb-a004d3e2a61f@group-77D062435BE1: changes role from CANDIDATE to LEADER at term 1 for changeToLeader
2019-10-02 07:46:52,926 [c23b986f-fe02-40ff-b3bb-a004d3e2a61f@group-77D062435BE1-LeaderElection6] INFO  impl.RaftServerImpl (ServerState.java:setLeader(255)) - c23b986f-fe02-40ff-b3bb-a004d3e2a61f@group-77D062435BE1: change Leader from null to c23b986f-fe02-40ff-b3bb-a004d3e2a61f at term 1 for becomeLeader, leader elected after 5172ms
2019-10-02 07:46:52,928 [c23b986f-fe02-40ff-b3bb-a004d3e2a61f@group-77D062435BE1-LeaderElection6] INFO  server.RaftServerConfigKeys (ConfUtils.java:logGet(43)) - raft.server.staging.catchup.gap = 1000 (default)
2019-10-02 07:46:52,929 [c23b986f-fe02-40ff-b3bb-a004d3e2a61f@group-77D062435BE1-LeaderElection6] INFO  server.RaftServerConfigKeys (ConfUtils.java:logGet(43)) - raft.server.rpc.sleep.time = 25ms (default)
2019-10-02 07:46:52,929 [c23b986f-fe02-40ff-b3bb-a004d3e2a61f@group-77D062435BE1-LeaderElection6] INFO  server.RaftServerConfigKeys (ConfUtils.java:logGet(43)) - raft.server.write.element-limit = 4096 (default)
2019-10-02 07:46:52,929 [c23b986f-fe02-40ff-b3bb-a004d3e2a61f@group-77D062435BE1-LeaderElection6] INFO  server.RaftServerConfigKeys (ConfUtils.java:logGet(43)) - raft.server.watch.timeout = 10s (default)
2019-10-02 07:46:52,929 [c23b986f-fe02-40ff-b3bb-a004d3e2a61f@group-77D062435BE1-LeaderElection6] INFO  server.RaftServerConfigKeys (ConfUtils.java:logGet(43)) - raft.server.watch.timeout.denomination = 1s (default)
2019-10-02 07:46:52,929 [c23b986f-fe02-40ff-b3bb-a004d3e2a61f@group-77D062435BE1-LeaderElection6] INFO  server.RaftServerConfigKeys (ConfUtils.java:logGet(43)) - raft.server.watch.element-limit = 65536 (default)
2019-10-02 07:46:52,933 [c23b986f-fe02-40ff-b3bb-a004d3e2a61f@group-77D062435BE1-LeaderElection6] INFO  impl.RoleInfo (RoleInfo.java:updateAndGet(143)) - c23b986f-fe02-40ff-b3bb-a004d3e2a61f: start LeaderState
2019-10-02 07:46:52,933 [c23b986f-fe02-40ff-b3bb-a004d3e2a61f@group-77D062435BE1-LeaderElection6] INFO  segmented.SegmentedRaftLogWorker (SegmentedRaftLogWorker.java:startLogSegment(385)) - c23b986f-fe02-40ff-b3bb-a004d3e2a61f@group-77D062435BE1-SegmentedRaftLogWorker: Starting segment from index:0
2019-10-02 07:46:52,934 [c23b986f-fe02-40ff-b3bb-a004d3e2a61f@group-77D062435BE1-LeaderElection6] INFO  impl.RaftServerImpl (ServerState.java:setRaftConf(356)) - c23b986f-fe02-40ff-b3bb-a004d3e2a61f@group-77D062435BE1: set configuration 0: [c23b986f-fe02-40ff-b3bb-a004d3e2a61f:192.168.164.211:45486], old=null at 0
2019-10-02 07:46:52,974 [Thread-261] INFO  impl.FollowerState (FollowerState.java:run(108)) - c6170056-4cf1-4c03-8a1f-568341e9d339@group-BD6E7BAFABEC-FollowerState: change to CANDIDATE, lastRpcTime:5084ms, electionTimeout:5084ms
2019-10-02 07:46:52,974 [Thread-261] INFO  impl.RoleInfo (RoleInfo.java:shutdownFollowerState(121)) - c6170056-4cf1-4c03-8a1f-568341e9d339: shutdown FollowerState
2019-10-02 07:46:52,974 [Thread-261] INFO  impl.RaftServerImpl (RaftServerImpl.java:setRole(170)) - c6170056-4cf1-4c03-8a1f-568341e9d339@group-BD6E7BAFABEC: changes role from  FOLLOWER to CANDIDATE at term 0 for changeToCandidate
2019-10-02 07:46:52,975 [Thread-261] INFO  impl.RoleInfo (RoleInfo.java:updateAndGet(143)) - c6170056-4cf1-4c03-8a1f-568341e9d339: start LeaderElection
2019-10-02 07:46:52,982 [c23b986f-fe02-40ff-b3bb-a004d3e2a61f@group-77D062435BE1-SegmentedRaftLogWorker] INFO  segmented.SegmentedRaftLogWorker (SegmentedRaftLogWorker.java:execute(574)) - c23b986f-fe02-40ff-b3bb-a004d3e2a61f@group-77D062435BE1-SegmentedRaftLogWorker: created new log segment /workdir/hadoop-ozone/integration-test/target/test-dir/MiniOzoneClusterImpl-5bb48fee-652f-43d0-b5cd-50152d7826d1/datanode-1/data/ratis/38ee8fd9-2fa1-4588-847f-77d062435be1/current/log_inprogress_0
2019-10-02 07:46:52,982 [c6170056-4cf1-4c03-8a1f-568341e9d339@group-BD6E7BAFABEC-LeaderElection7] INFO  impl.LeaderElection (LeaderElection.java:askForVotes(178)) - c6170056-4cf1-4c03-8a1f-568341e9d339@group-BD6E7BAFABEC-LeaderElection7: begin an election at term 1 for -1: [c6170056-4cf1-4c03-8a1f-568341e9d339:192.168.164.211:38281], old=null
2019-10-02 07:46:52,983 [c6170056-4cf1-4c03-8a1f-568341e9d339@group-BD6E7BAFABEC-LeaderElection7] INFO  impl.RoleInfo (RoleInfo.java:shutdownLeaderElection(134)) - c6170056-4cf1-4c03-8a1f-568341e9d339: shutdown LeaderElection
2019-10-02 07:46:52,983 [c6170056-4cf1-4c03-8a1f-568341e9d339@group-BD6E7BAFABEC-LeaderElection7] INFO  impl.RaftServerImpl (RaftServerImpl.java:setRole(170)) - c6170056-4cf1-4c03-8a1f-568341e9d339@group-BD6E7BAFABEC: changes role from CANDIDATE to LEADER at term 1 for changeToLeader
2019-10-02 07:46:52,983 [c6170056-4cf1-4c03-8a1f-568341e9d339@group-BD6E7BAFABEC-LeaderElection7] INFO  impl.RaftServerImpl (ServerState.java:setLeader(255)) - c6170056-4cf1-4c03-8a1f-568341e9d339@group-BD6E7BAFABEC: change Leader from null to c6170056-4cf1-4c03-8a1f-568341e9d339 at term 1 for becomeLeader, leader elected after 5100ms
2019-10-02 07:46:52,985 [c6170056-4cf1-4c03-8a1f-568341e9d339@group-BD6E7BAFABEC-LeaderElection7] INFO  server.RaftServerConfigKeys (ConfUtils.java:logGet(43)) - raft.server.staging.catchup.gap = 1000 (default)
2019-10-02 07:46:52,985 [c6170056-4cf1-4c03-8a1f-568341e9d339@group-BD6E7BAFABEC-LeaderElection7] INFO  server.RaftServerConfigKeys (ConfUtils.java:logGet(43)) - raft.server.rpc.sleep.time = 25ms (default)
2019-10-02 07:46:52,986 [c6170056-4cf1-4c03-8a1f-568341e9d339@group-BD6E7BAFABEC-LeaderElection7] INFO  server.RaftServerConfigKeys (ConfUtils.java:logGet(43)) - raft.server.write.element-limit = 4096 (default)
2019-10-02 07:46:52,986 [c6170056-4cf1-4c03-8a1f-568341e9d339@group-BD6E7BAFABEC-LeaderElection7] INFO  server.RaftServerConfigKeys (ConfUtils.java:logGet(43)) - raft.server.watch.timeout = 10s (default)
2019-10-02 07:46:52,986 [c6170056-4cf1-4c03-8a1f-568341e9d339@group-BD6E7BAFABEC-LeaderElection7] INFO  server.RaftServerConfigKeys (ConfUtils.java:logGet(43)) - raft.server.watch.timeout.denomination = 1s (default)
2019-10-02 07:46:52,986 [c6170056-4cf1-4c03-8a1f-568341e9d339@group-BD6E7BAFABEC-LeaderElection7] INFO  server.RaftServerConfigKeys (ConfUtils.java:logGet(43)) - raft.server.watch.element-limit = 65536 (default)
2019-10-02 07:46:52,990 [c6170056-4cf1-4c03-8a1f-568341e9d339@group-BD6E7BAFABEC-LeaderElection7] INFO  impl.RoleInfo (RoleInfo.java:updateAndGet(143)) - c6170056-4cf1-4c03-8a1f-568341e9d339: start LeaderState
2019-10-02 07:46:52,990 [c6170056-4cf1-4c03-8a1f-568341e9d339@group-BD6E7BAFABEC-LeaderElection7] INFO  segmented.SegmentedRaftLogWorker (SegmentedRaftLogWorker.java:startLogSegment(385)) - c6170056-4cf1-4c03-8a1f-568341e9d339@group-BD6E7BAFABEC-SegmentedRaftLogWorker: Starting segment from index:0
2019-10-02 07:46:52,991 [c6170056-4cf1-4c03-8a1f-568341e9d339@group-BD6E7BAFABEC-LeaderElection7] INFO  impl.RaftServerImpl (ServerState.java:setRaftConf(356)) - c6170056-4cf1-4c03-8a1f-568341e9d339@group-BD6E7BAFABEC: set configuration 0: [c6170056-4cf1-4c03-8a1f-568341e9d339:192.168.164.211:38281], old=null at 0
2019-10-02 07:46:53,037 [c6170056-4cf1-4c03-8a1f-568341e9d339@group-BD6E7BAFABEC-SegmentedRaftLogWorker] INFO  segmented.SegmentedRaftLogWorker (SegmentedRaftLogWorker.java:execute(574)) - c6170056-4cf1-4c03-8a1f-568341e9d339@group-BD6E7BAFABEC-SegmentedRaftLogWorker: created new log segment /workdir/hadoop-ozone/integration-test/target/test-dir/MiniOzoneClusterImpl-5bb48fee-652f-43d0-b5cd-50152d7826d1/datanode-4/data/ratis/97b04cc6-7826-4952-acfb-bd6e7bafabec/current/log_inprogress_0
2019-10-02 07:46:53,056 [Thread-266] INFO  impl.FollowerState (FollowerState.java:run(108)) - b42c3f3b-ae32-469c-b4d9-669e1d8aa140@group-E1C38AC24721-FollowerState: change to CANDIDATE, lastRpcTime:5058ms, electionTimeout:5058ms
2019-10-02 07:46:53,056 [Thread-266] INFO  impl.RoleInfo (RoleInfo.java:shutdownFollowerState(121)) - b42c3f3b-ae32-469c-b4d9-669e1d8aa140: shutdown FollowerState
2019-10-02 07:46:53,056 [Thread-266] INFO  impl.RaftServerImpl (RaftServerImpl.java:setRole(170)) - b42c3f3b-ae32-469c-b4d9-669e1d8aa140@group-E1C38AC24721: changes role from  FOLLOWER to CANDIDATE at term 0 for changeToCandidate
2019-10-02 07:46:53,056 [Thread-266] INFO  impl.RoleInfo (RoleInfo.java:updateAndGet(143)) - b42c3f3b-ae32-469c-b4d9-669e1d8aa140: start LeaderElection
2019-10-02 07:46:53,073 [b42c3f3b-ae32-469c-b4d9-669e1d8aa140@group-E1C38AC24721-LeaderElection8] INFO  impl.LeaderElection (LeaderElection.java:askForVotes(178)) - b42c3f3b-ae32-469c-b4d9-669e1d8aa140@group-E1C38AC24721-LeaderElection8: begin an election at term 1 for -1: [d197193a-9b38-4376-abb0-d626583253f4:192.168.164.211:45055, 07ab5ffe-ad36-4120-bcca-92a2d7e21fcd:192.168.164.211:35486, b42c3f3b-ae32-469c-b4d9-669e1d8aa140:192.168.164.211:38568], old=null
2019-10-02 07:46:53,090 [Thread-267] INFO  impl.FollowerState (FollowerState.java:run(108)) - 07ab5ffe-ad36-4120-bcca-92a2d7e21fcd@group-E1C38AC24721-FollowerState: change to CANDIDATE, lastRpcTime:5088ms, electionTimeout:5088ms
2019-10-02 07:46:53,090 [Thread-267] INFO  impl.RoleInfo (RoleInfo.java:shutdownFollowerState(121)) - 07ab5ffe-ad36-4120-bcca-92a2d7e21fcd: shutdown FollowerState
2019-10-02 07:46:53,090 [Thread-267] INFO  impl.RaftServerImpl (RaftServerImpl.java:setRole(170)) - 07ab5ffe-ad36-4120-bcca-92a2d7e21fcd@group-E1C38AC24721: changes role from  FOLLOWER to CANDIDATE at term 0 for changeToCandidate
2019-10-02 07:46:53,090 [Thread-267] INFO  impl.RoleInfo (RoleInfo.java:updateAndGet(143)) - 07ab5ffe-ad36-4120-bcca-92a2d7e21fcd: start LeaderElection
2019-10-02 07:46:53,101 [Thread-277] INFO  impl.FollowerState (FollowerState.java:run(108)) - 21936b31-eba2-4a0f-a111-822641af9352@group-8E9CB302E1C9-FollowerState: change to CANDIDATE, lastRpcTime:5004ms, electionTimeout:5000ms
2019-10-02 07:46:53,101 [Thread-277] INFO  impl.RoleInfo (RoleInfo.java:shutdownFollowerState(121)) - 21936b31-eba2-4a0f-a111-822641af9352: shutdown FollowerState
2019-10-02 07:46:53,101 [Thread-277] INFO  impl.RaftServerImpl (RaftServerImpl.java:setRole(170)) - 21936b31-eba2-4a0f-a111-822641af9352@group-8E9CB302E1C9: changes role from  FOLLOWER to CANDIDATE at term 0 for changeToCandidate
2019-10-02 07:46:53,102 [Thread-277] INFO  impl.RoleInfo (RoleInfo.java:updateAndGet(143)) - 21936b31-eba2-4a0f-a111-822641af9352: start LeaderElection
2019-10-02 07:46:53,106 [grpc-default-executor-2] INFO  impl.RaftServerImpl (RaftServerImpl.java:setRole(170)) - d197193a-9b38-4376-abb0-d626583253f4@group-E1C38AC24721: changes role from  FOLLOWER to FOLLOWER at term 1 for recognizeCandidate:b42c3f3b-ae32-469c-b4d9-669e1d8aa140
2019-10-02 07:46:53,107 [grpc-default-executor-2] INFO  impl.RoleInfo (RoleInfo.java:shutdownFollowerState(121)) - d197193a-9b38-4376-abb0-d626583253f4: shutdown FollowerState
2019-10-02 07:46:53,107 [grpc-default-executor-2] INFO  impl.RoleInfo (RoleInfo.java:updateAndGet(143)) - d197193a-9b38-4376-abb0-d626583253f4: start FollowerState
2019-10-02 07:46:53,107 [Thread-268] INFO  impl.FollowerState (FollowerState.java:run(117)) - d197193a-9b38-4376-abb0-d626583253f4@group-E1C38AC24721-FollowerState was interrupted: java.lang.InterruptedException: sleep interrupted
2019-10-02 07:46:53,115 [21936b31-eba2-4a0f-a111-822641af9352@group-8E9CB302E1C9-LeaderElection10] INFO  impl.LeaderElection (LeaderElection.java:askForVotes(178)) - 21936b31-eba2-4a0f-a111-822641af9352@group-8E9CB302E1C9-LeaderElection10: begin an election at term 1 for -1: [c23b986f-fe02-40ff-b3bb-a004d3e2a61f:192.168.164.211:45486, 21936b31-eba2-4a0f-a111-822641af9352:192.168.164.211:40595, f33a1b7a-1d70-4829-932c-064247c4dc59:192.168.164.211:45702], old=null
2019-10-02 07:46:53,115 [07ab5ffe-ad36-4120-bcca-92a2d7e21fcd@group-E1C38AC24721-LeaderElection9] INFO  impl.LeaderElection (LeaderElection.java:askForVotes(178)) - 07ab5ffe-ad36-4120-bcca-92a2d7e21fcd@group-E1C38AC24721-LeaderElection9: begin an election at term 1 for -1: [d197193a-9b38-4376-abb0-d626583253f4:192.168.164.211:45055, 07ab5ffe-ad36-4120-bcca-92a2d7e21fcd:192.168.164.211:35486, b42c3f3b-ae32-469c-b4d9-669e1d8aa140:192.168.164.211:38568], old=null
2019-10-02 07:46:53,136 [b42c3f3b-ae32-469c-b4d9-669e1d8aa140@group-E1C38AC24721-LeaderElection8] INFO  impl.LeaderElection (LeaderElection.java:logAndReturn(56)) - b42c3f3b-ae32-469c-b4d9-669e1d8aa140@group-E1C38AC24721-LeaderElection8: Election PASSED; received 2 response(s) [b42c3f3b-ae32-469c-b4d9-669e1d8aa140<-d197193a-9b38-4376-abb0-d626583253f4#0:OK-t1, b42c3f3b-ae32-469c-b4d9-669e1d8aa140<-07ab5ffe-ad36-4120-bcca-92a2d7e21fcd#0:FAIL-t1] and 0 exception(s); b42c3f3b-ae32-469c-b4d9-669e1d8aa140@group-E1C38AC24721:t1, leader=null, voted=b42c3f3b-ae32-469c-b4d9-669e1d8aa140, raftlog=b42c3f3b-ae32-469c-b4d9-669e1d8aa140@group-E1C38AC24721-SegmentedRaftLog:OPENED:c-1,f-1,i0, conf=-1: [d197193a-9b38-4376-abb0-d626583253f4:192.168.164.211:45055, 07ab5ffe-ad36-4120-bcca-92a2d7e21fcd:192.168.164.211:35486, b42c3f3b-ae32-469c-b4d9-669e1d8aa140:192.168.164.211:38568], old=null
2019-10-02 07:46:53,138 [b42c3f3b-ae32-469c-b4d9-669e1d8aa140@group-E1C38AC24721-LeaderElection8] INFO  impl.RoleInfo (RoleInfo.java:shutdownLeaderElection(134)) - b42c3f3b-ae32-469c-b4d9-669e1d8aa140: shutdown LeaderElection
2019-10-02 07:46:53,138 [grpc-default-executor-1] INFO  impl.RaftServerImpl (RaftServerImpl.java:setRole(170)) - f33a1b7a-1d70-4829-932c-064247c4dc59@group-8E9CB302E1C9: changes role from  FOLLOWER to FOLLOWER at term 1 for recognizeCandidate:21936b31-eba2-4a0f-a111-822641af9352
2019-10-02 07:46:53,140 [b42c3f3b-ae32-469c-b4d9-669e1d8aa140@group-E1C38AC24721-LeaderElection8] INFO  impl.RaftServerImpl (RaftServerImpl.java:setRole(170)) - b42c3f3b-ae32-469c-b4d9-669e1d8aa140@group-E1C38AC24721: changes role from CANDIDATE to LEADER at term 1 for changeToLeader
2019-10-02 07:46:53,140 [grpc-default-executor-1] INFO  impl.RoleInfo (RoleInfo.java:shutdownFollowerState(121)) - f33a1b7a-1d70-4829-932c-064247c4dc59: shutdown FollowerState
2019-10-02 07:46:53,140 [grpc-default-executor-3] INFO  impl.RaftServerImpl (RaftServerImpl.java:setRole(170)) - c23b986f-fe02-40ff-b3bb-a004d3e2a61f@group-8E9CB302E1C9: changes role from  FOLLOWER to FOLLOWER at term 1 for recognizeCandidate:21936b31-eba2-4a0f-a111-822641af9352
2019-10-02 07:46:53,142 [grpc-default-executor-1] INFO  impl.RoleInfo (RoleInfo.java:updateAndGet(143)) - f33a1b7a-1d70-4829-932c-064247c4dc59: start FollowerState
2019-10-02 07:46:53,142 [b42c3f3b-ae32-469c-b4d9-669e1d8aa140@group-E1C38AC24721-LeaderElection8] INFO  impl.RaftServerImpl (ServerState.java:setLeader(255)) - b42c3f3b-ae32-469c-b4d9-669e1d8aa140@group-E1C38AC24721: change Leader from null to b42c3f3b-ae32-469c-b4d9-669e1d8aa140 at term 1 for becomeLeader, leader elected after 5155ms
2019-10-02 07:46:53,142 [Thread-275] INFO  impl.FollowerState (FollowerState.java:run(117)) - f33a1b7a-1d70-4829-932c-064247c4dc59@group-8E9CB302E1C9-FollowerState was interrupted: java.lang.InterruptedException: sleep interrupted
2019-10-02 07:46:53,142 [grpc-default-executor-3] INFO  impl.RoleInfo (RoleInfo.java:shutdownFollowerState(121)) - c23b986f-fe02-40ff-b3bb-a004d3e2a61f: shutdown FollowerState
2019-10-02 07:46:53,142 [b42c3f3b-ae32-469c-b4d9-669e1d8aa140@group-E1C38AC24721-LeaderElection8] INFO  server.RaftServerConfigKeys (ConfUtils.java:logGet(43)) - raft.server.staging.catchup.gap = 1000 (default)
2019-10-02 07:46:53,145 [grpc-default-executor-3] INFO  impl.RoleInfo (RoleInfo.java:updateAndGet(143)) - c23b986f-fe02-40ff-b3bb-a004d3e2a61f: start FollowerState
2019-10-02 07:46:53,145 [Thread-276] INFO  impl.FollowerState (FollowerState.java:run(117)) - c23b986f-fe02-40ff-b3bb-a004d3e2a61f@group-8E9CB302E1C9-FollowerState was interrupted: java.lang.InterruptedException: sleep interrupted
2019-10-02 07:46:53,145 [b42c3f3b-ae32-469c-b4d9-669e1d8aa140@group-E1C38AC24721-LeaderElection8] INFO  server.RaftServerConfigKeys (ConfUtils.java:logGet(43)) - raft.server.rpc.sleep.time = 25ms (default)
2019-10-02 07:46:53,148 [b42c3f3b-ae32-469c-b4d9-669e1d8aa140@group-E1C38AC24721-LeaderElection8] INFO  server.RaftServerConfigKeys (ConfUtils.java:logGet(43)) - raft.server.write.element-limit = 4096 (default)
2019-10-02 07:46:53,148 [b42c3f3b-ae32-469c-b4d9-669e1d8aa140@group-E1C38AC24721-LeaderElection8] INFO  server.RaftServerConfigKeys (ConfUtils.java:logGet(43)) - raft.server.watch.timeout = 10s (default)
2019-10-02 07:46:53,148 [b42c3f3b-ae32-469c-b4d9-669e1d8aa140@group-E1C38AC24721-LeaderElection8] INFO  server.RaftServerConfigKeys (ConfUtils.java:logGet(43)) - raft.server.watch.timeout.denomination = 1s (default)
2019-10-02 07:46:53,148 [b42c3f3b-ae32-469c-b4d9-669e1d8aa140@group-E1C38AC24721-LeaderElection8] INFO  server.RaftServerConfigKeys (ConfUtils.java:logGet(43)) - raft.server.watch.element-limit = 65536 (default)
2019-10-02 07:46:53,157 [b42c3f3b-ae32-469c-b4d9-669e1d8aa140@group-E1C38AC24721-LeaderElection8] INFO  server.RaftServerConfigKeys (ConfUtils.java:logGet(43)) - raft.server.log.appender.snapshot.chunk.size.max = 16MB (=16777216) (default)
2019-10-02 07:46:53,157 [b42c3f3b-ae32-469c-b4d9-669e1d8aa140@group-E1C38AC24721-LeaderElection8] INFO  server.RaftServerConfigKeys (ConfUtils.java:logGet(43)) - raft.server.log.appender.buffer.byte-limit = 33554432 (custom)
2019-10-02 07:46:53,158 [b42c3f3b-ae32-469c-b4d9-669e1d8aa140@group-E1C38AC24721-LeaderElection8] INFO  server.RaftServerConfigKeys (ConfUtils.java:logGet(43)) - raft.server.log.appender.buffer.element-limit = 1 (custom)
2019-10-02 07:46:53,162 [21936b31-eba2-4a0f-a111-822641af9352@group-8E9CB302E1C9-LeaderElection10] INFO  impl.LeaderElection (LeaderElection.java:logAndReturn(56)) - 21936b31-eba2-4a0f-a111-822641af9352@group-8E9CB302E1C9-LeaderElection10: Election PASSED; received 1 response(s) [21936b31-eba2-4a0f-a111-822641af9352<-c23b986f-fe02-40ff-b3bb-a004d3e2a61f#0:OK-t1] and 0 exception(s); 21936b31-eba2-4a0f-a111-822641af9352@group-8E9CB302E1C9:t1, leader=null, voted=21936b31-eba2-4a0f-a111-822641af9352, raftlog=21936b31-eba2-4a0f-a111-822641af9352@group-8E9CB302E1C9-SegmentedRaftLog:OPENED:c-1,f-1,i0, conf=-1: [c23b986f-fe02-40ff-b3bb-a004d3e2a61f:192.168.164.211:45486, 21936b31-eba2-4a0f-a111-822641af9352:192.168.164.211:40595, f33a1b7a-1d70-4829-932c-064247c4dc59:192.168.164.211:45702], old=null
2019-10-02 07:46:53,163 [21936b31-eba2-4a0f-a111-822641af9352@group-8E9CB302E1C9-LeaderElection10] INFO  impl.RoleInfo (RoleInfo.java:shutdownLeaderElection(134)) - 21936b31-eba2-4a0f-a111-822641af9352: shutdown LeaderElection
2019-10-02 07:46:53,163 [21936b31-eba2-4a0f-a111-822641af9352@group-8E9CB302E1C9-LeaderElection10] INFO  impl.RaftServerImpl (RaftServerImpl.java:setRole(170)) - 21936b31-eba2-4a0f-a111-822641af9352@group-8E9CB302E1C9: changes role from CANDIDATE to LEADER at term 1 for changeToLeader
2019-10-02 07:46:53,165 [21936b31-eba2-4a0f-a111-822641af9352@group-8E9CB302E1C9-LeaderElection10] INFO  impl.RaftServerImpl (ServerState.java:setLeader(255)) - 21936b31-eba2-4a0f-a111-822641af9352@group-8E9CB302E1C9: change Leader from null to 21936b31-eba2-4a0f-a111-822641af9352 at term 1 for becomeLeader, leader elected after 5076ms
2019-10-02 07:46:53,165 [21936b31-eba2-4a0f-a111-822641af9352@group-8E9CB302E1C9-LeaderElection10] INFO  server.RaftServerConfigKeys (ConfUtils.java:logGet(43)) - raft.server.staging.catchup.gap = 1000 (default)
2019-10-02 07:46:53,166 [21936b31-eba2-4a0f-a111-822641af9352@group-8E9CB302E1C9-LeaderElection10] INFO  server.RaftServerConfigKeys (ConfUtils.java:logGet(43)) - raft.server.rpc.sleep.time = 25ms (default)
2019-10-02 07:46:53,166 [21936b31-eba2-4a0f-a111-822641af9352@group-8E9CB302E1C9-LeaderElection10] INFO  server.RaftServerConfigKeys (ConfUtils.java:logGet(43)) - raft.server.write.element-limit = 4096 (default)
2019-10-02 07:46:53,166 [21936b31-eba2-4a0f-a111-822641af9352@group-8E9CB302E1C9-LeaderElection10] INFO  server.RaftServerConfigKeys (ConfUtils.java:logGet(43)) - raft.server.watch.timeout = 10s (default)
2019-10-02 07:46:53,166 [21936b31-eba2-4a0f-a111-822641af9352@group-8E9CB302E1C9-LeaderElection10] INFO  server.RaftServerConfigKeys (ConfUtils.java:logGet(43)) - raft.server.watch.timeout.denomination = 1s (default)
2019-10-02 07:46:53,166 [b42c3f3b-ae32-469c-b4d9-669e1d8aa140@group-E1C38AC24721-LeaderElection8] INFO  grpc.GrpcConfigKeys$Server (ConfUtils.java:logGet(43)) - raft.grpc.server.leader.outstanding.appends.max = 128 (default)
2019-10-02 07:46:53,173 [21936b31-eba2-4a0f-a111-822641af9352@group-8E9CB302E1C9-LeaderElection10] INFO  server.RaftServerConfigKeys (ConfUtils.java:logGet(43)) - raft.server.watch.element-limit = 65536 (default)
2019-10-02 07:46:53,173 [b42c3f3b-ae32-469c-b4d9-669e1d8aa140@group-E1C38AC24721-LeaderElection8] INFO  server.RaftServerConfigKeys (ConfUtils.java:logGet(43)) - raft.server.rpc.request.timeout = 3000ms (default)
2019-10-02 07:46:53,173 [b42c3f3b-ae32-469c-b4d9-669e1d8aa140@group-E1C38AC24721-LeaderElection8] INFO  server.RaftServerConfigKeys (ConfUtils.java:logGet(43)) - raft.server.log.appender.install.snapshot.enabled = false (custom)
2019-10-02 07:46:53,174 [b42c3f3b-ae32-469c-b4d9-669e1d8aa140@group-E1C38AC24721-LeaderElection8] INFO  server.RaftServerConfigKeys (ConfUtils.java:logGet(43)) - raft.server.log.appender.snapshot.chunk.size.max = 16MB (=16777216) (default)
2019-10-02 07:46:53,175 [b42c3f3b-ae32-469c-b4d9-669e1d8aa140@group-E1C38AC24721-LeaderElection8] INFO  server.RaftServerConfigKeys (ConfUtils.java:logGet(43)) - raft.server.log.appender.buffer.byte-limit = 33554432 (custom)
2019-10-02 07:46:53,175 [b42c3f3b-ae32-469c-b4d9-669e1d8aa140@group-E1C38AC24721-LeaderElection8] INFO  server.RaftServerConfigKeys (ConfUtils.java:logGet(43)) - raft.server.log.appender.buffer.element-limit = 1 (custom)
2019-10-02 07:46:53,175 [b42c3f3b-ae32-469c-b4d9-669e1d8aa140@group-E1C38AC24721-LeaderElection8] INFO  grpc.GrpcConfigKeys$Server (ConfUtils.java:logGet(43)) - raft.grpc.server.leader.outstanding.appends.max = 128 (default)
2019-10-02 07:46:53,175 [b42c3f3b-ae32-469c-b4d9-669e1d8aa140@group-E1C38AC24721-LeaderElection8] INFO  server.RaftServerConfigKeys (ConfUtils.java:logGet(43)) - raft.server.rpc.request.timeout = 3000ms (default)
2019-10-02 07:46:53,175 [b42c3f3b-ae32-469c-b4d9-669e1d8aa140@group-E1C38AC24721-LeaderElection8] INFO  server.RaftServerConfigKeys (ConfUtils.java:logGet(43)) - raft.server.log.appender.install.snapshot.enabled = false (custom)
2019-10-02 07:46:53,175 [21936b31-eba2-4a0f-a111-822641af9352@group-8E9CB302E1C9-LeaderElection10] INFO  server.RaftServerConfigKeys (ConfUtils.java:logGet(43)) - raft.server.log.appender.snapshot.chunk.size.max = 16MB (=16777216) (default)
2019-10-02 07:46:53,176 [21936b31-eba2-4a0f-a111-822641af9352@group-8E9CB302E1C9-LeaderElection10] INFO  server.RaftServerConfigKeys (ConfUtils.java:logGet(43)) - raft.server.log.appender.buffer.byte-limit = 33554432 (custom)
2019-10-02 07:46:53,177 [21936b31-eba2-4a0f-a111-822641af9352@group-8E9CB302E1C9-LeaderElection10] INFO  server.RaftServerConfigKeys (ConfUtils.java:logGet(43)) - raft.server.log.appender.buffer.element-limit = 1 (custom)
2019-10-02 07:46:53,177 [21936b31-eba2-4a0f-a111-822641af9352@group-8E9CB302E1C9-LeaderElection10] INFO  grpc.GrpcConfigKeys$Server (ConfUtils.java:logGet(43)) - raft.grpc.server.leader.outstanding.appends.max = 128 (default)
2019-10-02 07:46:53,179 [21936b31-eba2-4a0f-a111-822641af9352@group-8E9CB302E1C9-LeaderElection10] INFO  server.RaftServerConfigKeys (ConfUtils.java:logGet(43)) - raft.server.rpc.request.timeout = 3000ms (default)
2019-10-02 07:46:53,179 [21936b31-eba2-4a0f-a111-822641af9352@group-8E9CB302E1C9-LeaderElection10] INFO  server.RaftServerConfigKeys (ConfUtils.java:logGet(43)) - raft.server.log.appender.install.snapshot.enabled = false (custom)
2019-10-02 07:46:53,179 [21936b31-eba2-4a0f-a111-822641af9352@group-8E9CB302E1C9-LeaderElection10] INFO  server.RaftServerConfigKeys (ConfUtils.java:logGet(43)) - raft.server.log.appender.snapshot.chunk.size.max = 16MB (=16777216) (default)
2019-10-02 07:46:53,179 [b42c3f3b-ae32-469c-b4d9-669e1d8aa140@group-E1C38AC24721-LeaderElection8] INFO  impl.RoleInfo (RoleInfo.java:updateAndGet(143)) - b42c3f3b-ae32-469c-b4d9-669e1d8aa140: start LeaderState
2019-10-02 07:46:53,179 [21936b31-eba2-4a0f-a111-822641af9352@group-8E9CB302E1C9-LeaderElection10] INFO  server.RaftServerConfigKeys (ConfUtils.java:logGet(43)) - raft.server.log.appender.buffer.byte-limit = 33554432 (custom)
2019-10-02 07:46:53,179 [b42c3f3b-ae32-469c-b4d9-669e1d8aa140@group-E1C38AC24721-LeaderElection8] INFO  segmented.SegmentedRaftLogWorker (SegmentedRaftLogWorker.java:startLogSegment(385)) - b42c3f3b-ae32-469c-b4d9-669e1d8aa140@group-E1C38AC24721-SegmentedRaftLogWorker: Starting segment from index:0
2019-10-02 07:46:53,179 [21936b31-eba2-4a0f-a111-822641af9352@group-8E9CB302E1C9-LeaderElection10] INFO  server.RaftServerConfigKeys (ConfUtils.java:logGet(43)) - raft.server.log.appender.buffer.element-limit = 1 (custom)
2019-10-02 07:46:53,180 [21936b31-eba2-4a0f-a111-822641af9352@group-8E9CB302E1C9-LeaderElection10] INFO  grpc.GrpcConfigKeys$Server (ConfUtils.java:logGet(43)) - raft.grpc.server.leader.outstanding.appends.max = 128 (default)
2019-10-02 07:46:53,180 [21936b31-eba2-4a0f-a111-822641af9352@group-8E9CB302E1C9-LeaderElection10] INFO  server.RaftServerConfigKeys (ConfUtils.java:logGet(43)) - raft.server.rpc.request.timeout = 3000ms (default)
2019-10-02 07:46:53,180 [21936b31-eba2-4a0f-a111-822641af9352@group-8E9CB302E1C9-LeaderElection10] INFO  server.RaftServerConfigKeys (ConfUtils.java:logGet(43)) - raft.server.log.appender.install.snapshot.enabled = false (custom)
2019-10-02 07:46:53,180 [b42c3f3b-ae32-469c-b4d9-669e1d8aa140@group-E1C38AC24721-LeaderElection8] INFO  impl.RaftServerImpl (ServerState.java:setRaftConf(356)) - b42c3f3b-ae32-469c-b4d9-669e1d8aa140@group-E1C38AC24721: set configuration 0: [d197193a-9b38-4376-abb0-d626583253f4:192.168.164.211:45055, 07ab5ffe-ad36-4120-bcca-92a2d7e21fcd:192.168.164.211:35486, b42c3f3b-ae32-469c-b4d9-669e1d8aa140:192.168.164.211:38568], old=null at 0
2019-10-02 07:46:53,180 [21936b31-eba2-4a0f-a111-822641af9352@group-8E9CB302E1C9-LeaderElection10] INFO  impl.RoleInfo (RoleInfo.java:updateAndGet(143)) - 21936b31-eba2-4a0f-a111-822641af9352: start LeaderState
2019-10-02 07:46:53,207 [grpc-default-executor-2] INFO  impl.RaftServerImpl (RaftServerImpl.java:requestVote(754)) - b42c3f3b-ae32-469c-b4d9-669e1d8aa140@group-E1C38AC24721-   LEADER: Withhold vote from candidate 07ab5ffe-ad36-4120-bcca-92a2d7e21fcd with term 1. State: leader=b42c3f3b-ae32-469c-b4d9-669e1d8aa140, term=1, lastRpcElapsed=null
2019-10-02 07:46:53,208 [21936b31-eba2-4a0f-a111-822641af9352@group-8E9CB302E1C9-LeaderElection10] INFO  segmented.SegmentedRaftLogWorker (SegmentedRaftLogWorker.java:startLogSegment(385)) - 21936b31-eba2-4a0f-a111-822641af9352@group-8E9CB302E1C9-SegmentedRaftLogWorker: Starting segment from index:0
2019-10-02 07:46:53,209 [21936b31-eba2-4a0f-a111-822641af9352@group-8E9CB302E1C9-LeaderElection10] INFO  impl.RaftServerImpl (ServerState.java:setRaftConf(356)) - 21936b31-eba2-4a0f-a111-822641af9352@group-8E9CB302E1C9: set configuration 0: [c23b986f-fe02-40ff-b3bb-a004d3e2a61f:192.168.164.211:45486, 21936b31-eba2-4a0f-a111-822641af9352:192.168.164.211:40595, f33a1b7a-1d70-4829-932c-064247c4dc59:192.168.164.211:45702], old=null at 0
2019-10-02 07:46:53,238 [b42c3f3b-ae32-469c-b4d9-669e1d8aa140@group-E1C38AC24721-SegmentedRaftLogWorker] INFO  segmented.SegmentedRaftLogWorker (SegmentedRaftLogWorker.java:execute(574)) - b42c3f3b-ae32-469c-b4d9-669e1d8aa140@group-E1C38AC24721-SegmentedRaftLogWorker: created new log segment /workdir/hadoop-ozone/integration-test/target/test-dir/MiniOzoneClusterImpl-5bb48fee-652f-43d0-b5cd-50152d7826d1/datanode-0/data/ratis/46c249f7-4366-4494-92d9-e1c38ac24721/current/log_inprogress_0
2019-10-02 07:46:53,243 [07ab5ffe-ad36-4120-bcca-92a2d7e21fcd@group-E1C38AC24721-LeaderElection9] INFO  impl.LeaderElection (LeaderElection.java:logAndReturn(56)) - 07ab5ffe-ad36-4120-bcca-92a2d7e21fcd@group-E1C38AC24721-LeaderElection9: Election REJECTED; received 2 response(s) [07ab5ffe-ad36-4120-bcca-92a2d7e21fcd<-d197193a-9b38-4376-abb0-d626583253f4#0:FAIL-t1, 07ab5ffe-ad36-4120-bcca-92a2d7e21fcd<-b42c3f3b-ae32-469c-b4d9-669e1d8aa140#0:FAIL-t1] and 0 exception(s); 07ab5ffe-ad36-4120-bcca-92a2d7e21fcd@group-E1C38AC24721:t1, leader=null, voted=07ab5ffe-ad36-4120-bcca-92a2d7e21fcd, raftlog=07ab5ffe-ad36-4120-bcca-92a2d7e21fcd@group-E1C38AC24721-SegmentedRaftLog:OPENED:c-1,f-1,i0, conf=-1: [d197193a-9b38-4376-abb0-d626583253f4:192.168.164.211:45055, 07ab5ffe-ad36-4120-bcca-92a2d7e21fcd:192.168.164.211:35486, b42c3f3b-ae32-469c-b4d9-669e1d8aa140:192.168.164.211:38568], old=null
2019-10-02 07:46:53,243 [07ab5ffe-ad36-4120-bcca-92a2d7e21fcd@group-E1C38AC24721-LeaderElection9] INFO  impl.RaftServerImpl (RaftServerImpl.java:setRole(170)) - 07ab5ffe-ad36-4120-bcca-92a2d7e21fcd@group-E1C38AC24721: changes role from CANDIDATE to FOLLOWER at term 1 for DISCOVERED_A_NEW_TERM
2019-10-02 07:46:53,249 [07ab5ffe-ad36-4120-bcca-92a2d7e21fcd@group-E1C38AC24721-LeaderElection9] INFO  impl.RoleInfo (RoleInfo.java:shutdownLeaderElection(134)) - 07ab5ffe-ad36-4120-bcca-92a2d7e21fcd: shutdown LeaderElection
2019-10-02 07:46:53,249 [07ab5ffe-ad36-4120-bcca-92a2d7e21fcd@group-E1C38AC24721-LeaderElection9] INFO  impl.RoleInfo (RoleInfo.java:updateAndGet(143)) - 07ab5ffe-ad36-4120-bcca-92a2d7e21fcd: start FollowerState
2019-10-02 07:46:53,251 [21936b31-eba2-4a0f-a111-822641af9352@group-8E9CB302E1C9-SegmentedRaftLogWorker] INFO  segmented.SegmentedRaftLogWorker (SegmentedRaftLogWorker.java:execute(574)) - 21936b31-eba2-4a0f-a111-822641af9352@group-8E9CB302E1C9-SegmentedRaftLogWorker: created new log segment /workdir/hadoop-ozone/integration-test/target/test-dir/MiniOzoneClusterImpl-5bb48fee-652f-43d0-b5cd-50152d7826d1/datanode-3/data/ratis/26f6d5d8-9938-4d98-92eb-8e9cb302e1c9/current/log_inprogress_0
2019-10-02 07:46:53,268 [grpc-default-executor-0] INFO  impl.RaftServerImpl (ServerState.java:setLeader(255)) - c23b986f-fe02-40ff-b3bb-a004d3e2a61f@group-8E9CB302E1C9: change Leader from null to 21936b31-eba2-4a0f-a111-822641af9352 at term 1 for appendEntries, leader elected after 5180ms
2019-10-02 07:46:53,268 [grpc-default-executor-2] INFO  impl.RaftServerImpl (ServerState.java:setLeader(255)) - 07ab5ffe-ad36-4120-bcca-92a2d7e21fcd@group-E1C38AC24721: change Leader from null to b42c3f3b-ae32-469c-b4d9-669e1d8aa140 at term 1 for appendEntries, leader elected after 5282ms
2019-10-02 07:46:53,268 [grpc-default-executor-3] INFO  impl.RaftServerImpl (ServerState.java:setLeader(255)) - d197193a-9b38-4376-abb0-d626583253f4@group-E1C38AC24721: change Leader from null to b42c3f3b-ae32-469c-b4d9-669e1d8aa140 at term 1 for appendEntries, leader elected after 5282ms
2019-10-02 07:46:53,268 [grpc-default-executor-1] INFO  impl.RaftServerImpl (ServerState.java:setLeader(255)) - f33a1b7a-1d70-4829-932c-064247c4dc59@group-8E9CB302E1C9: change Leader from null to 21936b31-eba2-4a0f-a111-822641af9352 at term 1 for appendEntries, leader elected after 5181ms
2019-10-02 07:46:53,296 [grpc-default-executor-2] INFO  impl.RaftServerImpl (ServerState.java:setRaftConf(356)) - f33a1b7a-1d70-4829-932c-064247c4dc59@group-8E9CB302E1C9: set configuration 0: [c23b986f-fe02-40ff-b3bb-a004d3e2a61f:192.168.164.211:45486, 21936b31-eba2-4a0f-a111-822641af9352:192.168.164.211:40595, f33a1b7a-1d70-4829-932c-064247c4dc59:192.168.164.211:45702], old=null at 0
2019-10-02 07:46:53,296 [grpc-default-executor-3] INFO  impl.RaftServerImpl (ServerState.java:setRaftConf(356)) - 07ab5ffe-ad36-4120-bcca-92a2d7e21fcd@group-E1C38AC24721: set configuration 0: [d197193a-9b38-4376-abb0-d626583253f4:192.168.164.211:45055, 07ab5ffe-ad36-4120-bcca-92a2d7e21fcd:192.168.164.211:35486, b42c3f3b-ae32-469c-b4d9-669e1d8aa140:192.168.164.211:38568], old=null at 0
2019-10-02 07:46:53,296 [grpc-default-executor-1] INFO  impl.RaftServerImpl (ServerState.java:setRaftConf(356)) - d197193a-9b38-4376-abb0-d626583253f4@group-E1C38AC24721: set configuration 0: [d197193a-9b38-4376-abb0-d626583253f4:192.168.164.211:45055, 07ab5ffe-ad36-4120-bcca-92a2d7e21fcd:192.168.164.211:35486, b42c3f3b-ae32-469c-b4d9-669e1d8aa140:192.168.164.211:38568], old=null at 0
2019-10-02 07:46:53,296 [grpc-default-executor-0] INFO  impl.RaftServerImpl (ServerState.java:setRaftConf(356)) - c23b986f-fe02-40ff-b3bb-a004d3e2a61f@group-8E9CB302E1C9: set configuration 0: [c23b986f-fe02-40ff-b3bb-a004d3e2a61f:192.168.164.211:45486, 21936b31-eba2-4a0f-a111-822641af9352:192.168.164.211:40595, f33a1b7a-1d70-4829-932c-064247c4dc59:192.168.164.211:45702], old=null at 0
2019-10-02 07:46:53,297 [grpc-default-executor-1] INFO  segmented.SegmentedRaftLogWorker (SegmentedRaftLogWorker.java:startLogSegment(385)) - d197193a-9b38-4376-abb0-d626583253f4@group-E1C38AC24721-SegmentedRaftLogWorker: Starting segment from index:0
2019-10-02 07:46:53,297 [grpc-default-executor-3] INFO  segmented.SegmentedRaftLogWorker (SegmentedRaftLogWorker.java:startLogSegment(385)) - 07ab5ffe-ad36-4120-bcca-92a2d7e21fcd@group-E1C38AC24721-SegmentedRaftLogWorker: Starting segment from index:0
2019-10-02 07:46:53,297 [grpc-default-executor-2] INFO  segmented.SegmentedRaftLogWorker (SegmentedRaftLogWorker.java:startLogSegment(385)) - f33a1b7a-1d70-4829-932c-064247c4dc59@group-8E9CB302E1C9-SegmentedRaftLogWorker: Starting segment from index:0
2019-10-02 07:46:53,297 [grpc-default-executor-0] INFO  segmented.SegmentedRaftLogWorker (SegmentedRaftLogWorker.java:startLogSegment(385)) - c23b986f-fe02-40ff-b3bb-a004d3e2a61f@group-8E9CB302E1C9-SegmentedRaftLogWorker: Starting segment from index:0
2019-10-02 07:46:53,338 [c23b986f-fe02-40ff-b3bb-a004d3e2a61f@group-8E9CB302E1C9-SegmentedRaftLogWorker] INFO  segmented.SegmentedRaftLogWorker (SegmentedRaftLogWorker.java:execute(574)) - c23b986f-fe02-40ff-b3bb-a004d3e2a61f@group-8E9CB302E1C9-SegmentedRaftLogWorker: created new log segment /workdir/hadoop-ozone/integration-test/target/test-dir/MiniOzoneClusterImpl-5bb48fee-652f-43d0-b5cd-50152d7826d1/datanode-1/data/ratis/26f6d5d8-9938-4d98-92eb-8e9cb302e1c9/current/log_inprogress_0
2019-10-02 07:46:53,338 [d197193a-9b38-4376-abb0-d626583253f4@group-E1C38AC24721-SegmentedRaftLogWorker] INFO  segmented.SegmentedRaftLogWorker (SegmentedRaftLogWorker.java:execute(574)) - d197193a-9b38-4376-abb0-d626583253f4@group-E1C38AC24721-SegmentedRaftLogWorker: created new log segment /workdir/hadoop-ozone/integration-test/target/test-dir/MiniOzoneClusterImpl-5bb48fee-652f-43d0-b5cd-50152d7826d1/datanode-6/data/ratis/46c249f7-4366-4494-92d9-e1c38ac24721/current/log_inprogress_0
2019-10-02 07:46:53,338 [07ab5ffe-ad36-4120-bcca-92a2d7e21fcd@group-E1C38AC24721-SegmentedRaftLogWorker] INFO  segmented.SegmentedRaftLogWorker (SegmentedRaftLogWorker.java:execute(574)) - 07ab5ffe-ad36-4120-bcca-92a2d7e21fcd@group-E1C38AC24721-SegmentedRaftLogWorker: created new log segment /workdir/hadoop-ozone/integration-test/target/test-dir/MiniOzoneClusterImpl-5bb48fee-652f-43d0-b5cd-50152d7826d1/datanode-5/data/ratis/46c249f7-4366-4494-92d9-e1c38ac24721/current/log_inprogress_0
2019-10-02 07:46:53,338 [f33a1b7a-1d70-4829-932c-064247c4dc59@group-8E9CB302E1C9-SegmentedRaftLogWorker] INFO  segmented.SegmentedRaftLogWorker (SegmentedRaftLogWorker.java:execute(574)) - f33a1b7a-1d70-4829-932c-064247c4dc59@group-8E9CB302E1C9-SegmentedRaftLogWorker: created new log segment /workdir/hadoop-ozone/integration-test/target/test-dir/MiniOzoneClusterImpl-5bb48fee-652f-43d0-b5cd-50152d7826d1/datanode-2/data/ratis/26f6d5d8-9938-4d98-92eb-8e9cb302e1c9/current/log_inprogress_0
2019-10-02 07:46:53,821 [EventQueue-CloseContainerForCloseContainerEventHandler] INFO  container.CloseContainerEventHandler (CloseContainerEventHandler.java:onMessage(61)) - Close container Event triggered for container : #1
2019-10-02 07:46:54,296 [RatisApplyTransactionExecutor 1] INFO  interfaces.Container (KeyValueContainer.java:flushAndSyncDB(386)) - Container 1 is synced with bcsId 3.
2019-10-02 07:46:54,296 [RatisApplyTransactionExecutor 1] INFO  interfaces.Container (KeyValueContainer.java:flushAndSyncDB(386)) - Container 1 is synced with bcsId 3.
2019-10-02 07:46:54,297 [RatisApplyTransactionExecutor 1] INFO  interfaces.Container (KeyValueContainer.java:flushAndSyncDB(386)) - Container 1 is synced with bcsId 3.
2019-10-02 07:46:54,300 [RatisApplyTransactionExecutor 1] INFO  interfaces.Container (KeyValueContainer.java:flushAndSyncDB(386)) - Container 1 is synced with bcsId 3.
2019-10-02 07:46:54,321 [EventQueue-CloseContainerForCloseContainerEventHandler] INFO  container.CloseContainerEventHandler (CloseContainerEventHandler.java:onMessage(61)) - Close container Event triggered for container : #1
]]></system-out>
    <system-err><![CDATA[ERROR StatusLogger No Log4j 2 configuration file found. Using default configuration (logging only errors to the console), or user programmatically provided configurations. Set system property 'log4j2.debug' to show Log4j 2 internal initialization logging. See https://logging.apache.org/log4j/2.x/manual/configuration.html for instructions on how to configure Log4j 2
]]></system-err>
  </testcase>
  <testcase name="testBlockWritesWithFlushAndClose" classname="org.apache.hadoop.ozone.client.rpc.TestCloseContainerHandlingByClient" time="2.735"/>
  <testcase name="testBlockWritesCloseConsistency" classname="org.apache.hadoop.ozone.client.rpc.TestCloseContainerHandlingByClient" time="2.962"/>
  <testcase name="testMultiBlockWrites" classname="org.apache.hadoop.ozone.client.rpc.TestCloseContainerHandlingByClient" time="3.775"/>
  <testcase name="testBlockWrites" classname="org.apache.hadoop.ozone.client.rpc.TestCloseContainerHandlingByClient" time="2.904"/>
  <testcase name="testMultiBlockWrites2" classname="org.apache.hadoop.ozone.client.rpc.TestCloseContainerHandlingByClient" time="3.264"/>
  <testcase name="testMultiBlockWrites3" classname="org.apache.hadoop.ozone.client.rpc.TestCloseContainerHandlingByClient" time="6.99"/>
  <testcase name="testDiscardPreallocatedBlocks" classname="org.apache.hadoop.ozone.client.rpc.TestCloseContainerHandlingByClient" time="0">
    <skipped/>
  </testcase>
</testsuite>