<?xml version="1.0" encoding="UTF-8"?>
<testsuite xmlns:xsi="http://www.w3.org/2001/XMLSchema-instance" xsi:noNamespaceSchemaLocation="https://maven.apache.org/surefire/maven-surefire-plugin/xsd/surefire-test-report.xsd" name="org.apache.hadoop.ozone.client.rpc.Test2WayCommitInRatis" time="31.972" tests="1" errors="1" skipped="0" failures="0">
  <properties>
    <property name="awt.toolkit" value="sun.awt.X11.XToolkit"/>
    <property name="file.encoding.pkg" value="sun.io"/>
    <property name="java.specification.version" value="1.8"/>
    <property name="sun.cpu.isalist" value=""/>
    <property name="sun.jnu.encoding" value="UTF-8"/>
    <property name="java.class.path" value="/workdir/hadoop-ozone/integration-test/target/test-classes:/workdir/hadoop-ozone/integration-test/target/classes:/home/user/.m2/repository/org/apache/hadoop/hadoop-ozone-common/0.5.0-SNAPSHOT/hadoop-ozone-common-0.5.0-SNAPSHOT.jar:/home/user/.m2/repository/org/apache/commons/commons-compress/1.4.1/commons-compress-1.4.1.jar:/home/user/.m2/repository/org/tukaani/xz/1.0/xz-1.0.jar:/home/user/.m2/repository/org/apache/hadoop/hadoop-common/3.2.0/hadoop-common-3.2.0.jar:/home/user/.m2/repository/org/apache/hadoop/hadoop-hdfs/3.2.0/hadoop-hdfs-3.2.0.jar:/home/user/.m2/repository/org/apache/hadoop/hadoop-hdfs-client/3.2.0/hadoop-hdfs-client-3.2.0.jar:/home/user/.m2/repository/com/fasterxml/jackson/core/jackson-annotations/2.9.9/jackson-annotations-2.9.9.jar:/home/user/.m2/repository/org/apache/hadoop/hadoop-hdds-common/0.5.0-SNAPSHOT/hadoop-hdds-common-0.5.0-SNAPSHOT.jar:/home/user/.m2/repository/javax/annotation/javax.annotation-api/1.2/javax.annotation-api-1.2.jar:/home/user/.m2/repository/org/apache/ratis/ratis-server/0.5.0-201fc85-SNAPSHOT/ratis-server-0.5.0-201fc85-SNAPSHOT.jar:/home/user/.m2/repository/org/apache/ratis/ratis-thirdparty-misc/0.2.0/ratis-thirdparty-misc-0.2.0.jar:/home/user/.m2/repository/org/apache/ratis/ratis-proto/0.5.0-201fc85-SNAPSHOT/ratis-proto-0.5.0-201fc85-SNAPSHOT.jar:/home/user/.m2/repository/org/apache/ratis/ratis-common/0.5.0-201fc85-SNAPSHOT/ratis-common-0.5.0-201fc85-SNAPSHOT.jar:/home/user/.m2/repository/org/apache/ratis/ratis-client/0.5.0-201fc85-SNAPSHOT/ratis-client-0.5.0-201fc85-SNAPSHOT.jar:/home/user/.m2/repository/org/apache/ratis/ratis-metrics/0.5.0-201fc85-SNAPSHOT/ratis-metrics-0.5.0-201fc85-SNAPSHOT.jar:/home/user/.m2/repository/com/github/joshelser/dropwizard-metrics-hadoop-metrics2-reporter/0.1.2/dropwizard-metrics-hadoop-metrics2-reporter-0.1.2.jar:/home/user/.m2/repository/io/dropwizard/metrics/metrics-jvm/3.2.5/metrics-jvm-3.2.5.jar:/home/user/.m2/repository/io/dropwizard/metrics/metrics-ganglia/3.2.5/metrics-ganglia-3.2.5.jar:/home/user/.m2/repository/info/ganglia/gmetric4j/gmetric4j/1.0.7/gmetric4j-1.0.7.jar:/home/user/.m2/repository/org/apache/ratis/ratis-netty/0.5.0-201fc85-SNAPSHOT/ratis-netty-0.5.0-201fc85-SNAPSHOT.jar:/home/user/.m2/repository/org/apache/ratis/ratis-grpc/0.5.0-201fc85-SNAPSHOT/ratis-grpc-0.5.0-201fc85-SNAPSHOT.jar:/home/user/.m2/repository/org/rocksdb/rocksdbjni/6.0.1/rocksdbjni-6.0.1.jar:/home/user/.m2/repository/org/apache/logging/log4j/log4j-api/2.11.0/log4j-api-2.11.0.jar:/home/user/.m2/repository/org/apache/logging/log4j/log4j-core/2.11.0/log4j-core-2.11.0.jar:/home/user/.m2/repository/com/lmax/disruptor/3.4.2/disruptor-3.4.2.jar:/home/user/.m2/repository/org/apache/commons/commons-pool2/2.6.0/commons-pool2-2.6.0.jar:/home/user/.m2/repository/org/bouncycastle/bcpkix-jdk15on/1.60/bcpkix-jdk15on-1.60.jar:/home/user/.m2/repository/commons-validator/commons-validator/1.6/commons-validator-1.6.jar:/home/user/.m2/repository/commons-digester/commons-digester/1.8.1/commons-digester-1.8.1.jar:/home/user/.m2/repository/io/jaegertracing/jaeger-client/0.34.0/jaeger-client-0.34.0.jar:/home/user/.m2/repository/io/jaegertracing/jaeger-thrift/0.34.0/jaeger-thrift-0.34.0.jar:/home/user/.m2/repository/org/apache/thrift/libthrift/0.12.0/libthrift-0.12.0.jar:/home/user/.m2/repository/com/squareup/okhttp3/okhttp/3.9.0/okhttp-3.9.0.jar:/home/user/.m2/repository/com/squareup/okio/okio/1.13.0/okio-1.13.0.jar:/home/user/.m2/repository/io/jaegertracing/jaeger-core/0.34.0/jaeger-core-0.34.0.jar:/home/user/.m2/repository/io/jaegertracing/jaeger-tracerresolver/0.34.0/jaeger-tracerresolver-0.34.0.jar:/home/user/.m2/repository/io/opentracing/contrib/opentracing-tracerresolver/0.1.5/opentracing-tracerresolver-0.1.5.jar:/home/user/.m2/repository/io/opentracing/opentracing-util/0.31.0/opentracing-util-0.31.0.jar:/home/user/.m2/repository/io/opentracing/opentracing-api/0.31.0/opentracing-api-0.31.0.jar:/home/user/.m2/repository/io/opentracing/opentracing-noop/0.31.0/opentracing-noop-0.31.0.jar:/home/user/.m2/repository/org/apache/hadoop/hadoop-hdds-server-framework/0.5.0-SNAPSHOT/hadoop-hdds-server-framework-0.5.0-SNAPSHOT.jar:/home/user/.m2/repository/org/apache/hadoop/hadoop-hdds-container-service/0.5.0-SNAPSHOT/hadoop-hdds-container-service-0.5.0-SNAPSHOT.jar:/home/user/.m2/repository/org/apache/hadoop/hadoop-hdds-client/0.5.0-SNAPSHOT/hadoop-hdds-client-0.5.0-SNAPSHOT.jar:/home/user/.m2/repository/org/apache/hadoop/hadoop-hdds-tools/0.5.0-SNAPSHOT/hadoop-hdds-tools-0.5.0-SNAPSHOT.jar:/home/user/.m2/repository/org/apache/hadoop/hadoop-hdds-server-scm/0.5.0-SNAPSHOT/hadoop-hdds-server-scm-0.5.0-SNAPSHOT.jar:/home/user/.m2/repository/org/apache/hadoop/hadoop-hdds-docs/0.5.0-SNAPSHOT/hadoop-hdds-docs-0.5.0-SNAPSHOT.jar:/home/user/.m2/repository/io/dropwizard/metrics/metrics-core/3.2.4/metrics-core-3.2.4.jar:/home/user/.m2/repository/org/hamcrest/hamcrest-all/1.3/hamcrest-all-1.3.jar:/home/user/.m2/repository/org/bouncycastle/bcprov-jdk15on/1.60/bcprov-jdk15on-1.60.jar:/home/user/.m2/repository/info/picocli/picocli/3.9.6/picocli-3.9.6.jar:/home/user/.m2/repository/com/google/protobuf/protobuf-java/2.5.0/protobuf-java-2.5.0.jar:/home/user/.m2/repository/com/google/guava/guava/11.0.2/guava-11.0.2.jar:/home/user/.m2/repository/org/apache/hadoop/hadoop-ozone-ozone-manager/0.5.0-SNAPSHOT/hadoop-ozone-ozone-manager-0.5.0-SNAPSHOT.jar:/home/user/.m2/repository/org/apache/hadoop/hadoop-minikdc/3.2.0/hadoop-minikdc-3.2.0.jar:/home/user/.m2/repository/commons-io/commons-io/2.5/commons-io-2.5.jar:/home/user/.m2/repository/org/apache/kerby/kerb-simplekdc/1.0.1/kerb-simplekdc-1.0.1.jar:/home/user/.m2/repository/org/apache/kerby/kerb-client/1.0.1/kerb-client-1.0.1.jar:/home/user/.m2/repository/org/apache/kerby/kerby-config/1.0.1/kerby-config-1.0.1.jar:/home/user/.m2/repository/org/apache/kerby/kerb-core/1.0.1/kerb-core-1.0.1.jar:/home/user/.m2/repository/org/apache/kerby/kerby-pkix/1.0.1/kerby-pkix-1.0.1.jar:/home/user/.m2/repository/org/apache/kerby/kerby-asn1/1.0.1/kerby-asn1-1.0.1.jar:/home/user/.m2/repository/org/apache/kerby/kerby-util/1.0.1/kerby-util-1.0.1.jar:/home/user/.m2/repository/org/apache/kerby/kerb-common/1.0.1/kerb-common-1.0.1.jar:/home/user/.m2/repository/org/apache/kerby/kerb-crypto/1.0.1/kerb-crypto-1.0.1.jar:/home/user/.m2/repository/org/apache/kerby/kerb-util/1.0.1/kerb-util-1.0.1.jar:/home/user/.m2/repository/org/apache/kerby/token-provider/1.0.1/token-provider-1.0.1.jar:/home/user/.m2/repository/org/apache/kerby/kerb-admin/1.0.1/kerb-admin-1.0.1.jar:/home/user/.m2/repository/org/apache/kerby/kerb-server/1.0.1/kerb-server-1.0.1.jar:/home/user/.m2/repository/org/apache/kerby/kerb-identity/1.0.1/kerb-identity-1.0.1.jar:/home/user/.m2/repository/org/apache/kerby/kerby-xdr/1.0.1/kerby-xdr-1.0.1.jar:/home/user/.m2/repository/org/slf4j/slf4j-log4j12/1.7.25/slf4j-log4j12-1.7.25.jar:/home/user/.m2/repository/org/apache/hadoop/hadoop-ozone-s3gateway/0.5.0-SNAPSHOT/hadoop-ozone-s3gateway-0.5.0-SNAPSHOT.jar:/home/user/.m2/repository/org/jboss/weld/servlet/weld-servlet/2.4.7.Final/weld-servlet-2.4.7.Final.jar:/home/user/.m2/repository/org/glassfish/jersey/containers/jersey-container-servlet-core/2.27/jersey-container-servlet-core-2.27.jar:/home/user/.m2/repository/org/glassfish/hk2/external/javax.inject/2.5.0-b42/javax.inject-2.5.0-b42.jar:/home/user/.m2/repository/org/glassfish/jersey/core/jersey-common/2.27/jersey-common-2.27.jar:/home/user/.m2/repository/org/glassfish/hk2/osgi-resource-locator/1.0.1/osgi-resource-locator-1.0.1.jar:/home/user/.m2/repository/javax/ws/rs/javax.ws.rs-api/2.1/javax.ws.rs-api-2.1.jar:/home/user/.m2/repository/org/glassfish/jersey/ext/cdi/jersey-cdi1x/2.27/jersey-cdi1x-2.27.jar:/home/user/.m2/repository/org/glassfish/jersey/inject/jersey-hk2/2.27/jersey-hk2-2.27.jar:/home/user/.m2/repository/org/glassfish/hk2/hk2-locator/2.5.0-b42/hk2-locator-2.5.0-b42.jar:/home/user/.m2/repository/org/javassist/javassist/3.22.0-CR2/javassist-3.22.0-CR2.jar:/home/user/.m2/repository/org/glassfish/hk2/hk2-api/2.5.0/hk2-api-2.5.0.jar:/home/user/.m2/repository/org/glassfish/hk2/external/jakarta.inject/2.5.0/jakarta.inject-2.5.0.jar:/home/user/.m2/repository/org/glassfish/hk2/hk2-utils/2.5.0/hk2-utils-2.5.0.jar:/home/user/.m2/repository/jakarta/annotation/jakarta.annotation-api/1.3.4/jakarta.annotation-api-1.3.4.jar:/home/user/.m2/repository/org/glassfish/hk2/external/aopalliance-repackaged/2.5.0/aopalliance-repackaged-2.5.0.jar:/home/user/.m2/repository/com/fasterxml/jackson/dataformat/jackson-dataformat-xml/2.9.0/jackson-dataformat-xml-2.9.0.jar:/home/user/.m2/repository/com/fasterxml/jackson/core/jackson-core/2.9.9/jackson-core-2.9.9.jar:/home/user/.m2/repository/com/fasterxml/jackson/module/jackson-module-jaxb-annotations/2.9.9/jackson-module-jaxb-annotations-2.9.9.jar:/home/user/.m2/repository/javax/enterprise/cdi-api/1.2/cdi-api-1.2.jar:/home/user/.m2/repository/javax/el/javax.el-api/3.0.0/javax.el-api-3.0.0.jar:/home/user/.m2/repository/javax/interceptor/javax.interceptor-api/1.2/javax.interceptor-api-1.2.jar:/home/user/.m2/repository/javax/inject/javax.inject/1/javax.inject-1.jar:/home/user/.m2/repository/com/sun/xml/bind/jaxb-impl/2.3.0.1/jaxb-impl-2.3.0.1.jar:/home/user/.m2/repository/com/sun/xml/bind/jaxb-core/2.3.0.1/jaxb-core-2.3.0.1.jar:/home/user/.m2/repository/javax/xml/bind/jaxb-api/2.3.0/jaxb-api-2.3.0.jar:/home/user/.m2/repository/javax/activation/activation/1.1.1/activation-1.1.1.jar:/home/user/.m2/repository/org/apache/hadoop/hadoop-ozone-csi/0.5.0-SNAPSHOT/hadoop-ozone-csi-0.5.0-SNAPSHOT.jar:/home/user/.m2/repository/com/google/protobuf/protobuf-java-util/3.5.1/protobuf-java-util-3.5.1.jar:/home/user/.m2/repository/org/apache/hadoop/hadoop-hdds-config/0.5.0-SNAPSHOT/hadoop-hdds-config-0.5.0-SNAPSHOT.jar:/home/user/.m2/repository/io/grpc/grpc-netty/1.17.1/grpc-netty-1.17.1.jar:/home/user/.m2/repository/io/grpc/grpc-core/1.17.1/grpc-core-1.17.1.jar:/home/user/.m2/repository/io/grpc/grpc-context/1.17.1/grpc-context-1.17.1.jar:/home/user/.m2/repository/com/google/errorprone/error_prone_annotations/2.2.0/error_prone_annotations-2.2.0.jar:/home/user/.m2/repository/org/codehaus/mojo/animal-sniffer-annotations/1.17/animal-sniffer-annotations-1.17.jar:/home/user/.m2/repository/io/opencensus/opencensus-api/0.17.0/opencensus-api-0.17.0.jar:/home/user/.m2/repository/io/opencensus/opencensus-contrib-grpc-metrics/0.17.0/opencensus-contrib-grpc-metrics-0.17.0.jar:/home/user/.m2/repository/io/netty/netty-codec-http2/4.1.30.Final/netty-codec-http2-4.1.30.Final.jar:/home/user/.m2/repository/io/netty/netty-codec-http/4.1.30.Final/netty-codec-http-4.1.30.Final.jar:/home/user/.m2/repository/io/netty/netty-codec/4.1.30.Final/netty-codec-4.1.30.Final.jar:/home/user/.m2/repository/io/netty/netty-handler/4.1.30.Final/netty-handler-4.1.30.Final.jar:/home/user/.m2/repository/io/netty/netty-handler-proxy/4.1.30.Final/netty-handler-proxy-4.1.30.Final.jar:/home/user/.m2/repository/io/netty/netty-codec-socks/4.1.30.Final/netty-codec-socks-4.1.30.Final.jar:/home/user/.m2/repository/io/netty/netty-transport-native-epoll/4.1.30.Final/netty-transport-native-epoll-4.1.30.Final.jar:/home/user/.m2/repository/io/netty/netty-common/4.1.30.Final/netty-common-4.1.30.Final.jar:/home/user/.m2/repository/io/netty/netty-buffer/4.1.30.Final/netty-buffer-4.1.30.Final.jar:/home/user/.m2/repository/io/netty/netty-transport/4.1.30.Final/netty-transport-4.1.30.Final.jar:/home/user/.m2/repository/io/netty/netty-resolver/4.1.30.Final/netty-resolver-4.1.30.Final.jar:/home/user/.m2/repository/io/netty/netty-transport-native-unix-common/4.1.30.Final/netty-transport-native-unix-common-4.1.30.Final.jar:/home/user/.m2/repository/io/grpc/grpc-protobuf/1.17.1/grpc-protobuf-1.17.1.jar:/home/user/.m2/repository/com/google/api/grpc/proto-google-common-protos/1.0.0/proto-google-common-protos-1.0.0.jar:/home/user/.m2/repository/io/grpc/grpc-protobuf-lite/1.17.1/grpc-protobuf-lite-1.17.1.jar:/home/user/.m2/repository/io/grpc/grpc-stub/1.17.1/grpc-stub-1.17.1.jar:/home/user/.m2/repository/org/apache/hadoop/hadoop-ozone-recon/0.5.0-SNAPSHOT/hadoop-ozone-recon-0.5.0-SNAPSHOT.jar:/home/user/.m2/repository/org/apache/hadoop/hadoop-ozone-reconcodegen/0.5.0-SNAPSHOT/hadoop-ozone-reconcodegen-0.5.0-SNAPSHOT.jar:/home/user/.m2/repository/com/google/inject/extensions/guice-multibindings/4.0/guice-multibindings-4.0.jar:/home/user/.m2/repository/com/google/inject/guice/4.0/guice-4.0.jar:/home/user/.m2/repository/aopalliance/aopalliance/1.0/aopalliance-1.0.jar:/home/user/.m2/repository/com/google/inject/extensions/guice-servlet/4.0/guice-servlet-4.0.jar:/home/user/.m2/repository/org/glassfish/jersey/containers/jersey-container-servlet/2.27/jersey-container-servlet-2.27.jar:/home/user/.m2/repository/org/glassfish/hk2/guice-bridge/2.5.0/guice-bridge-2.5.0.jar:/home/user/.m2/repository/org/glassfish/jersey/core/jersey-server/2.27/jersey-server-2.27.jar:/home/user/.m2/repository/org/glassfish/jersey/core/jersey-client/2.27/jersey-client-2.27.jar:/home/user/.m2/repository/org/glassfish/jersey/media/jersey-media-jaxb/2.27/jersey-media-jaxb-2.27.jar:/home/user/.m2/repository/javax/validation/validation-api/1.1.0.Final/validation-api-1.1.0.Final.jar:/home/user/.m2/repository/org/glassfish/jersey/media/jersey-media-json-jackson/2.27/jersey-media-json-jackson-2.27.jar:/home/user/.m2/repository/org/glassfish/jersey/ext/jersey-entity-filtering/2.27/jersey-entity-filtering-2.27.jar:/home/user/.m2/repository/com/google/inject/extensions/guice-assistedinject/4.0/guice-assistedinject-4.0.jar:/home/user/.m2/repository/org/jooq/jooq/3.11.10/jooq-3.11.10.jar:/home/user/.m2/repository/org/jooq/jooq-meta/3.11.10/jooq-meta-3.11.10.jar:/home/user/.m2/repository/org/jooq/jooq-codegen/3.11.10/jooq-codegen-3.11.10.jar:/home/user/.m2/repository/com/jolbox/bonecp/0.8.0.RELEASE/bonecp-0.8.0.RELEASE.jar:/home/user/.m2/repository/org/xerial/sqlite-jdbc/3.25.2/sqlite-jdbc-3.25.2.jar:/home/user/.m2/repository/org/springframework/spring-jdbc/5.1.3.RELEASE/spring-jdbc-5.1.3.RELEASE.jar:/home/user/.m2/repository/org/springframework/spring-beans/5.1.3.RELEASE/spring-beans-5.1.3.RELEASE.jar:/home/user/.m2/repository/org/springframework/spring-core/5.1.3.RELEASE/spring-core-5.1.3.RELEASE.jar:/home/user/.m2/repository/org/springframework/spring-jcl/5.1.3.RELEASE/spring-jcl-5.1.3.RELEASE.jar:/home/user/.m2/repository/org/springframework/spring-tx/5.1.3.RELEASE/spring-tx-5.1.3.RELEASE.jar:/home/user/.m2/repository/org/apache/hadoop/hadoop-ozone-client/0.5.0-SNAPSHOT/hadoop-ozone-client-0.5.0-SNAPSHOT.jar:/home/user/.m2/repository/commons-lang/commons-lang/2.6/commons-lang-2.6.jar:/home/user/.m2/repository/org/apache/hadoop/hadoop-ozone-ozone-manager/0.5.0-SNAPSHOT/hadoop-ozone-ozone-manager-0.5.0-SNAPSHOT-tests.jar:/home/user/.m2/repository/junit/junit/4.11/junit-4.11.jar:/home/user/.m2/repository/org/hamcrest/hamcrest-core/1.3/hamcrest-core-1.3.jar:/home/user/.m2/repository/org/openjdk/jmh/jmh-core/1.19/jmh-core-1.19.jar:/home/user/.m2/repository/net/sf/jopt-simple/jopt-simple/4.6/jopt-simple-4.6.jar:/home/user/.m2/repository/org/apache/commons/commons-math3/3.1.1/commons-math3-3.1.1.jar:/home/user/.m2/repository/org/openjdk/jmh/jmh-generator-annprocess/1.19/jmh-generator-annprocess-1.19.jar:/home/user/.m2/repository/org/mockito/mockito-all/1.8.5/mockito-all-1.8.5.jar:/home/user/.m2/repository/org/apache/hadoop/hadoop-kms/3.2.0/hadoop-kms-3.2.0.jar:/home/user/.m2/repository/org/apache/hadoop/hadoop-auth/3.2.0/hadoop-auth-3.2.0.jar:/home/user/.m2/repository/com/nimbusds/nimbus-jose-jwt/4.41.1/nimbus-jose-jwt-4.41.1.jar:/home/user/.m2/repository/com/github/stephenc/jcip/jcip-annotations/1.0-1/jcip-annotations-1.0-1.jar:/home/user/.m2/repository/net/minidev/json-smart/2.3/json-smart-2.3.jar:/home/user/.m2/repository/net/minidev/accessors-smart/1.2/accessors-smart-1.2.jar:/home/user/.m2/repository/org/ow2/asm/asm/5.0.4/asm-5.0.4.jar:/home/user/.m2/repository/org/apache/curator/curator-framework/2.12.0/curator-framework-2.12.0.jar:/home/user/.m2/repository/com/sun/jersey/jersey-core/1.19/jersey-core-1.19.jar:/home/user/.m2/repository/javax/ws/rs/jsr311-api/1.1.1/jsr311-api-1.1.1.jar:/home/user/.m2/repository/com/sun/jersey/jersey-server/1.19/jersey-server-1.19.jar:/home/user/.m2/repository/javax/servlet/javax.servlet-api/3.1.0/javax.servlet-api-3.1.0.jar:/home/user/.m2/repository/org/eclipse/jetty/jetty-server/9.3.25.v20180904/jetty-server-9.3.25.v20180904.jar:/home/user/.m2/repository/org/eclipse/jetty/jetty-http/9.3.25.v20180904/jetty-http-9.3.25.v20180904.jar:/home/user/.m2/repository/org/eclipse/jetty/jetty-io/9.3.25.v20180904/jetty-io-9.3.25.v20180904.jar:/home/user/.m2/repository/org/eclipse/jetty/jetty-webapp/9.3.25.v20180904/jetty-webapp-9.3.25.v20180904.jar:/home/user/.m2/repository/org/eclipse/jetty/jetty-xml/9.3.25.v20180904/jetty-xml-9.3.25.v20180904.jar:/home/user/.m2/repository/log4j/log4j/1.2.17/log4j-1.2.17.jar:/home/user/.m2/repository/org/slf4j/slf4j-api/1.7.25/slf4j-api-1.7.25.jar:/home/user/.m2/repository/org/slf4j/jul-to-slf4j/1.7.25/jul-to-slf4j-1.7.25.jar:/home/user/.m2/repository/org/eclipse/jetty/jetty-util/9.3.25.v20180904/jetty-util-9.3.25.v20180904.jar:/home/user/.m2/repository/com/fasterxml/jackson/core/jackson-databind/2.9.9/jackson-databind-2.9.9.jar:/home/user/.m2/repository/org/apache/hadoop/hadoop-kms/3.2.0/hadoop-kms-3.2.0-tests.jar:/home/user/.m2/repository/org/apache/hadoop/hadoop-hdds-server-scm/0.5.0-SNAPSHOT/hadoop-hdds-server-scm-0.5.0-SNAPSHOT-tests.jar:/home/user/.m2/repository/org/apache/hadoop/hadoop-hdds-container-service/0.5.0-SNAPSHOT/hadoop-hdds-container-service-0.5.0-SNAPSHOT-tests.jar:/home/user/.m2/repository/org/yaml/snakeyaml/1.16/snakeyaml-1.16.jar:/home/user/.m2/repository/org/apache/hadoop/hadoop-common/3.2.0/hadoop-common-3.2.0-tests.jar:/home/user/.m2/repository/org/apache/hadoop/hadoop-annotations/3.2.0/hadoop-annotations-3.2.0.jar:/usr/lib/jvm/java-1.8-openjdk/jre/../lib/tools.jar:/home/user/.m2/repository/commons-cli/commons-cli/1.2/commons-cli-1.2.jar:/home/user/.m2/repository/org/apache/httpcomponents/httpclient/4.5.2/httpclient-4.5.2.jar:/home/user/.m2/repository/org/apache/httpcomponents/httpcore/4.4.4/httpcore-4.4.4.jar:/home/user/.m2/repository/commons-codec/commons-codec/1.11/commons-codec-1.11.jar:/home/user/.m2/repository/commons-net/commons-net/3.6/commons-net-3.6.jar:/home/user/.m2/repository/commons-collections/commons-collections/3.2.2/commons-collections-3.2.2.jar:/home/user/.m2/repository/org/eclipse/jetty/jetty-servlet/9.3.25.v20180904/jetty-servlet-9.3.25.v20180904.jar:/home/user/.m2/repository/org/eclipse/jetty/jetty-security/9.3.25.v20180904/jetty-security-9.3.25.v20180904.jar:/home/user/.m2/repository/javax/servlet/jsp/jsp-api/2.1/jsp-api-2.1.jar:/home/user/.m2/repository/com/sun/jersey/jersey-servlet/1.19/jersey-servlet-1.19.jar:/home/user/.m2/repository/com/sun/jersey/jersey-json/1.19/jersey-json-1.19.jar:/home/user/.m2/repository/org/codehaus/jettison/jettison/1.1/jettison-1.1.jar:/home/user/.m2/repository/org/codehaus/jackson/jackson-core-asl/1.9.13/jackson-core-asl-1.9.13.jar:/home/user/.m2/repository/org/codehaus/jackson/jackson-mapper-asl/1.9.13/jackson-mapper-asl-1.9.13.jar:/home/user/.m2/repository/org/codehaus/jackson/jackson-jaxrs/1.9.13/jackson-jaxrs-1.9.13.jar:/home/user/.m2/repository/org/codehaus/jackson/jackson-xc/1.9.13/jackson-xc-1.9.13.jar:/home/user/.m2/repository/commons-logging/commons-logging/1.1.3/commons-logging-1.1.3.jar:/home/user/.m2/repository/commons-beanutils/commons-beanutils/1.9.4/commons-beanutils-1.9.4.jar:/home/user/.m2/repository/org/apache/commons/commons-configuration2/2.1.1/commons-configuration2-2.1.1.jar:/home/user/.m2/repository/org/apache/commons/commons-lang3/3.7/commons-lang3-3.7.jar:/home/user/.m2/repository/org/apache/commons/commons-text/1.4/commons-text-1.4.jar:/home/user/.m2/repository/org/apache/avro/avro/1.7.7/avro-1.7.7.jar:/home/user/.m2/repository/com/thoughtworks/paranamer/paranamer/2.3/paranamer-2.3.jar:/home/user/.m2/repository/org/xerial/snappy/snappy-java/1.0.5/snappy-java-1.0.5.jar:/home/user/.m2/repository/com/google/re2j/re2j/1.1/re2j-1.1.jar:/home/user/.m2/repository/com/google/code/gson/gson/2.2.4/gson-2.2.4.jar:/home/user/.m2/repository/com/jcraft/jsch/0.1.54/jsch-0.1.54.jar:/home/user/.m2/repository/org/apache/curator/curator-client/2.12.0/curator-client-2.12.0.jar:/home/user/.m2/repository/org/apache/curator/curator-recipes/2.12.0/curator-recipes-2.12.0.jar:/home/user/.m2/repository/com/google/code/findbugs/jsr305/3.0.0/jsr305-3.0.0.jar:/home/user/.m2/repository/org/apache/htrace/htrace-core4/4.1.0-incubating/htrace-core4-4.1.0-incubating.jar:/home/user/.m2/repository/org/apache/zookeeper/zookeeper/3.4.13/zookeeper-3.4.13.jar:/home/user/.m2/repository/jline/jline/0.9.94/jline-0.9.94.jar:/home/user/.m2/repository/org/apache/yetus/audience-annotations/0.5.0/audience-annotations-0.5.0.jar:/home/user/.m2/repository/org/codehaus/woodstox/stax2-api/3.1.4/stax2-api-3.1.4.jar:/home/user/.m2/repository/com/fasterxml/woodstox/woodstox-core/5.0.3/woodstox-core-5.0.3.jar:/home/user/.m2/repository/dnsjava/dnsjava/2.1.7/dnsjava-2.1.7.jar:/home/user/.m2/repository/org/apache/hadoop/hadoop-hdfs/3.2.0/hadoop-hdfs-3.2.0-tests.jar:/home/user/.m2/repository/org/eclipse/jetty/jetty-util-ajax/9.3.25.v20180904/jetty-util-ajax-9.3.25.v20180904.jar:/home/user/.m2/repository/commons-daemon/commons-daemon/1.0.13/commons-daemon-1.0.13.jar:/home/user/.m2/repository/io/netty/netty/3.10.5.Final/netty-3.10.5.Final.jar:/home/user/.m2/repository/io/netty/netty-all/4.0.52.Final/netty-all-4.0.52.Final.jar:/home/user/.m2/repository/org/fusesource/leveldbjni/leveldbjni-all/1.8/leveldbjni-all-1.8.jar:"/>
    <property name="java.vm.vendor" value="IcedTea"/>
    <property name="sun.arch.data.model" value="64"/>
    <property name="test.build.dir" value="/workdir/hadoop-ozone/integration-test/target/test-dir"/>
    <property name="test.cache.data" value=""/>
    <property name="java.vendor.url" value="https://icedtea.classpath.org"/>
    <property name="user.timezone" value=""/>
    <property name="java.vm.specification.version" value="1.8"/>
    <property name="os.name" value="Linux"/>
    <property name="test.build.data" value="/workdir/hadoop-ozone/integration-test/target/test-dir"/>
    <property name="user.country" value="US"/>
    <property name="sun.java.launcher" value="SUN_STANDARD"/>
    <property name="sun.boot.library.path" value="/usr/lib/jvm/java-1.8-openjdk/jre/lib/amd64"/>
    <property name="sun.java.command" value="/workdir/hadoop-ozone/integration-test/target/surefire/surefirebooter3537602496384557954.jar /workdir/hadoop-ozone/integration-test/target/surefire 2019-10-07T05-14-16_360-jvmRun1 surefire1190300397392866906tmp surefire_502334494142256964072tmp"/>
    <property name="test" value="!TestMiniChaosOzoneCluster"/>
    <property name="surefire.test.class.path" value="/workdir/hadoop-ozone/integration-test/target/test-classes:/workdir/hadoop-ozone/integration-test/target/classes:/home/user/.m2/repository/org/apache/hadoop/hadoop-ozone-common/0.5.0-SNAPSHOT/hadoop-ozone-common-0.5.0-SNAPSHOT.jar:/home/user/.m2/repository/org/apache/commons/commons-compress/1.4.1/commons-compress-1.4.1.jar:/home/user/.m2/repository/org/tukaani/xz/1.0/xz-1.0.jar:/home/user/.m2/repository/org/apache/hadoop/hadoop-common/3.2.0/hadoop-common-3.2.0.jar:/home/user/.m2/repository/org/apache/hadoop/hadoop-hdfs/3.2.0/hadoop-hdfs-3.2.0.jar:/home/user/.m2/repository/org/apache/hadoop/hadoop-hdfs-client/3.2.0/hadoop-hdfs-client-3.2.0.jar:/home/user/.m2/repository/com/fasterxml/jackson/core/jackson-annotations/2.9.9/jackson-annotations-2.9.9.jar:/home/user/.m2/repository/org/apache/hadoop/hadoop-hdds-common/0.5.0-SNAPSHOT/hadoop-hdds-common-0.5.0-SNAPSHOT.jar:/home/user/.m2/repository/javax/annotation/javax.annotation-api/1.2/javax.annotation-api-1.2.jar:/home/user/.m2/repository/org/apache/ratis/ratis-server/0.5.0-201fc85-SNAPSHOT/ratis-server-0.5.0-201fc85-SNAPSHOT.jar:/home/user/.m2/repository/org/apache/ratis/ratis-thirdparty-misc/0.2.0/ratis-thirdparty-misc-0.2.0.jar:/home/user/.m2/repository/org/apache/ratis/ratis-proto/0.5.0-201fc85-SNAPSHOT/ratis-proto-0.5.0-201fc85-SNAPSHOT.jar:/home/user/.m2/repository/org/apache/ratis/ratis-common/0.5.0-201fc85-SNAPSHOT/ratis-common-0.5.0-201fc85-SNAPSHOT.jar:/home/user/.m2/repository/org/apache/ratis/ratis-client/0.5.0-201fc85-SNAPSHOT/ratis-client-0.5.0-201fc85-SNAPSHOT.jar:/home/user/.m2/repository/org/apache/ratis/ratis-metrics/0.5.0-201fc85-SNAPSHOT/ratis-metrics-0.5.0-201fc85-SNAPSHOT.jar:/home/user/.m2/repository/com/github/joshelser/dropwizard-metrics-hadoop-metrics2-reporter/0.1.2/dropwizard-metrics-hadoop-metrics2-reporter-0.1.2.jar:/home/user/.m2/repository/io/dropwizard/metrics/metrics-jvm/3.2.5/metrics-jvm-3.2.5.jar:/home/user/.m2/repository/io/dropwizard/metrics/metrics-ganglia/3.2.5/metrics-ganglia-3.2.5.jar:/home/user/.m2/repository/info/ganglia/gmetric4j/gmetric4j/1.0.7/gmetric4j-1.0.7.jar:/home/user/.m2/repository/org/apache/ratis/ratis-netty/0.5.0-201fc85-SNAPSHOT/ratis-netty-0.5.0-201fc85-SNAPSHOT.jar:/home/user/.m2/repository/org/apache/ratis/ratis-grpc/0.5.0-201fc85-SNAPSHOT/ratis-grpc-0.5.0-201fc85-SNAPSHOT.jar:/home/user/.m2/repository/org/rocksdb/rocksdbjni/6.0.1/rocksdbjni-6.0.1.jar:/home/user/.m2/repository/org/apache/logging/log4j/log4j-api/2.11.0/log4j-api-2.11.0.jar:/home/user/.m2/repository/org/apache/logging/log4j/log4j-core/2.11.0/log4j-core-2.11.0.jar:/home/user/.m2/repository/com/lmax/disruptor/3.4.2/disruptor-3.4.2.jar:/home/user/.m2/repository/org/apache/commons/commons-pool2/2.6.0/commons-pool2-2.6.0.jar:/home/user/.m2/repository/org/bouncycastle/bcpkix-jdk15on/1.60/bcpkix-jdk15on-1.60.jar:/home/user/.m2/repository/commons-validator/commons-validator/1.6/commons-validator-1.6.jar:/home/user/.m2/repository/commons-digester/commons-digester/1.8.1/commons-digester-1.8.1.jar:/home/user/.m2/repository/io/jaegertracing/jaeger-client/0.34.0/jaeger-client-0.34.0.jar:/home/user/.m2/repository/io/jaegertracing/jaeger-thrift/0.34.0/jaeger-thrift-0.34.0.jar:/home/user/.m2/repository/org/apache/thrift/libthrift/0.12.0/libthrift-0.12.0.jar:/home/user/.m2/repository/com/squareup/okhttp3/okhttp/3.9.0/okhttp-3.9.0.jar:/home/user/.m2/repository/com/squareup/okio/okio/1.13.0/okio-1.13.0.jar:/home/user/.m2/repository/io/jaegertracing/jaeger-core/0.34.0/jaeger-core-0.34.0.jar:/home/user/.m2/repository/io/jaegertracing/jaeger-tracerresolver/0.34.0/jaeger-tracerresolver-0.34.0.jar:/home/user/.m2/repository/io/opentracing/contrib/opentracing-tracerresolver/0.1.5/opentracing-tracerresolver-0.1.5.jar:/home/user/.m2/repository/io/opentracing/opentracing-util/0.31.0/opentracing-util-0.31.0.jar:/home/user/.m2/repository/io/opentracing/opentracing-api/0.31.0/opentracing-api-0.31.0.jar:/home/user/.m2/repository/io/opentracing/opentracing-noop/0.31.0/opentracing-noop-0.31.0.jar:/home/user/.m2/repository/org/apache/hadoop/hadoop-hdds-server-framework/0.5.0-SNAPSHOT/hadoop-hdds-server-framework-0.5.0-SNAPSHOT.jar:/home/user/.m2/repository/org/apache/hadoop/hadoop-hdds-container-service/0.5.0-SNAPSHOT/hadoop-hdds-container-service-0.5.0-SNAPSHOT.jar:/home/user/.m2/repository/org/apache/hadoop/hadoop-hdds-client/0.5.0-SNAPSHOT/hadoop-hdds-client-0.5.0-SNAPSHOT.jar:/home/user/.m2/repository/org/apache/hadoop/hadoop-hdds-tools/0.5.0-SNAPSHOT/hadoop-hdds-tools-0.5.0-SNAPSHOT.jar:/home/user/.m2/repository/org/apache/hadoop/hadoop-hdds-server-scm/0.5.0-SNAPSHOT/hadoop-hdds-server-scm-0.5.0-SNAPSHOT.jar:/home/user/.m2/repository/org/apache/hadoop/hadoop-hdds-docs/0.5.0-SNAPSHOT/hadoop-hdds-docs-0.5.0-SNAPSHOT.jar:/home/user/.m2/repository/io/dropwizard/metrics/metrics-core/3.2.4/metrics-core-3.2.4.jar:/home/user/.m2/repository/org/hamcrest/hamcrest-all/1.3/hamcrest-all-1.3.jar:/home/user/.m2/repository/org/bouncycastle/bcprov-jdk15on/1.60/bcprov-jdk15on-1.60.jar:/home/user/.m2/repository/info/picocli/picocli/3.9.6/picocli-3.9.6.jar:/home/user/.m2/repository/com/google/protobuf/protobuf-java/2.5.0/protobuf-java-2.5.0.jar:/home/user/.m2/repository/com/google/guava/guava/11.0.2/guava-11.0.2.jar:/home/user/.m2/repository/org/apache/hadoop/hadoop-ozone-ozone-manager/0.5.0-SNAPSHOT/hadoop-ozone-ozone-manager-0.5.0-SNAPSHOT.jar:/home/user/.m2/repository/org/apache/hadoop/hadoop-minikdc/3.2.0/hadoop-minikdc-3.2.0.jar:/home/user/.m2/repository/commons-io/commons-io/2.5/commons-io-2.5.jar:/home/user/.m2/repository/org/apache/kerby/kerb-simplekdc/1.0.1/kerb-simplekdc-1.0.1.jar:/home/user/.m2/repository/org/apache/kerby/kerb-client/1.0.1/kerb-client-1.0.1.jar:/home/user/.m2/repository/org/apache/kerby/kerby-config/1.0.1/kerby-config-1.0.1.jar:/home/user/.m2/repository/org/apache/kerby/kerb-core/1.0.1/kerb-core-1.0.1.jar:/home/user/.m2/repository/org/apache/kerby/kerby-pkix/1.0.1/kerby-pkix-1.0.1.jar:/home/user/.m2/repository/org/apache/kerby/kerby-asn1/1.0.1/kerby-asn1-1.0.1.jar:/home/user/.m2/repository/org/apache/kerby/kerby-util/1.0.1/kerby-util-1.0.1.jar:/home/user/.m2/repository/org/apache/kerby/kerb-common/1.0.1/kerb-common-1.0.1.jar:/home/user/.m2/repository/org/apache/kerby/kerb-crypto/1.0.1/kerb-crypto-1.0.1.jar:/home/user/.m2/repository/org/apache/kerby/kerb-util/1.0.1/kerb-util-1.0.1.jar:/home/user/.m2/repository/org/apache/kerby/token-provider/1.0.1/token-provider-1.0.1.jar:/home/user/.m2/repository/org/apache/kerby/kerb-admin/1.0.1/kerb-admin-1.0.1.jar:/home/user/.m2/repository/org/apache/kerby/kerb-server/1.0.1/kerb-server-1.0.1.jar:/home/user/.m2/repository/org/apache/kerby/kerb-identity/1.0.1/kerb-identity-1.0.1.jar:/home/user/.m2/repository/org/apache/kerby/kerby-xdr/1.0.1/kerby-xdr-1.0.1.jar:/home/user/.m2/repository/org/slf4j/slf4j-log4j12/1.7.25/slf4j-log4j12-1.7.25.jar:/home/user/.m2/repository/org/apache/hadoop/hadoop-ozone-s3gateway/0.5.0-SNAPSHOT/hadoop-ozone-s3gateway-0.5.0-SNAPSHOT.jar:/home/user/.m2/repository/org/jboss/weld/servlet/weld-servlet/2.4.7.Final/weld-servlet-2.4.7.Final.jar:/home/user/.m2/repository/org/glassfish/jersey/containers/jersey-container-servlet-core/2.27/jersey-container-servlet-core-2.27.jar:/home/user/.m2/repository/org/glassfish/hk2/external/javax.inject/2.5.0-b42/javax.inject-2.5.0-b42.jar:/home/user/.m2/repository/org/glassfish/jersey/core/jersey-common/2.27/jersey-common-2.27.jar:/home/user/.m2/repository/org/glassfish/hk2/osgi-resource-locator/1.0.1/osgi-resource-locator-1.0.1.jar:/home/user/.m2/repository/javax/ws/rs/javax.ws.rs-api/2.1/javax.ws.rs-api-2.1.jar:/home/user/.m2/repository/org/glassfish/jersey/ext/cdi/jersey-cdi1x/2.27/jersey-cdi1x-2.27.jar:/home/user/.m2/repository/org/glassfish/jersey/inject/jersey-hk2/2.27/jersey-hk2-2.27.jar:/home/user/.m2/repository/org/glassfish/hk2/hk2-locator/2.5.0-b42/hk2-locator-2.5.0-b42.jar:/home/user/.m2/repository/org/javassist/javassist/3.22.0-CR2/javassist-3.22.0-CR2.jar:/home/user/.m2/repository/org/glassfish/hk2/hk2-api/2.5.0/hk2-api-2.5.0.jar:/home/user/.m2/repository/org/glassfish/hk2/external/jakarta.inject/2.5.0/jakarta.inject-2.5.0.jar:/home/user/.m2/repository/org/glassfish/hk2/hk2-utils/2.5.0/hk2-utils-2.5.0.jar:/home/user/.m2/repository/jakarta/annotation/jakarta.annotation-api/1.3.4/jakarta.annotation-api-1.3.4.jar:/home/user/.m2/repository/org/glassfish/hk2/external/aopalliance-repackaged/2.5.0/aopalliance-repackaged-2.5.0.jar:/home/user/.m2/repository/com/fasterxml/jackson/dataformat/jackson-dataformat-xml/2.9.0/jackson-dataformat-xml-2.9.0.jar:/home/user/.m2/repository/com/fasterxml/jackson/core/jackson-core/2.9.9/jackson-core-2.9.9.jar:/home/user/.m2/repository/com/fasterxml/jackson/module/jackson-module-jaxb-annotations/2.9.9/jackson-module-jaxb-annotations-2.9.9.jar:/home/user/.m2/repository/javax/enterprise/cdi-api/1.2/cdi-api-1.2.jar:/home/user/.m2/repository/javax/el/javax.el-api/3.0.0/javax.el-api-3.0.0.jar:/home/user/.m2/repository/javax/interceptor/javax.interceptor-api/1.2/javax.interceptor-api-1.2.jar:/home/user/.m2/repository/javax/inject/javax.inject/1/javax.inject-1.jar:/home/user/.m2/repository/com/sun/xml/bind/jaxb-impl/2.3.0.1/jaxb-impl-2.3.0.1.jar:/home/user/.m2/repository/com/sun/xml/bind/jaxb-core/2.3.0.1/jaxb-core-2.3.0.1.jar:/home/user/.m2/repository/javax/xml/bind/jaxb-api/2.3.0/jaxb-api-2.3.0.jar:/home/user/.m2/repository/javax/activation/activation/1.1.1/activation-1.1.1.jar:/home/user/.m2/repository/org/apache/hadoop/hadoop-ozone-csi/0.5.0-SNAPSHOT/hadoop-ozone-csi-0.5.0-SNAPSHOT.jar:/home/user/.m2/repository/com/google/protobuf/protobuf-java-util/3.5.1/protobuf-java-util-3.5.1.jar:/home/user/.m2/repository/org/apache/hadoop/hadoop-hdds-config/0.5.0-SNAPSHOT/hadoop-hdds-config-0.5.0-SNAPSHOT.jar:/home/user/.m2/repository/io/grpc/grpc-netty/1.17.1/grpc-netty-1.17.1.jar:/home/user/.m2/repository/io/grpc/grpc-core/1.17.1/grpc-core-1.17.1.jar:/home/user/.m2/repository/io/grpc/grpc-context/1.17.1/grpc-context-1.17.1.jar:/home/user/.m2/repository/com/google/errorprone/error_prone_annotations/2.2.0/error_prone_annotations-2.2.0.jar:/home/user/.m2/repository/org/codehaus/mojo/animal-sniffer-annotations/1.17/animal-sniffer-annotations-1.17.jar:/home/user/.m2/repository/io/opencensus/opencensus-api/0.17.0/opencensus-api-0.17.0.jar:/home/user/.m2/repository/io/opencensus/opencensus-contrib-grpc-metrics/0.17.0/opencensus-contrib-grpc-metrics-0.17.0.jar:/home/user/.m2/repository/io/netty/netty-codec-http2/4.1.30.Final/netty-codec-http2-4.1.30.Final.jar:/home/user/.m2/repository/io/netty/netty-codec-http/4.1.30.Final/netty-codec-http-4.1.30.Final.jar:/home/user/.m2/repository/io/netty/netty-codec/4.1.30.Final/netty-codec-4.1.30.Final.jar:/home/user/.m2/repository/io/netty/netty-handler/4.1.30.Final/netty-handler-4.1.30.Final.jar:/home/user/.m2/repository/io/netty/netty-handler-proxy/4.1.30.Final/netty-handler-proxy-4.1.30.Final.jar:/home/user/.m2/repository/io/netty/netty-codec-socks/4.1.30.Final/netty-codec-socks-4.1.30.Final.jar:/home/user/.m2/repository/io/netty/netty-transport-native-epoll/4.1.30.Final/netty-transport-native-epoll-4.1.30.Final.jar:/home/user/.m2/repository/io/netty/netty-common/4.1.30.Final/netty-common-4.1.30.Final.jar:/home/user/.m2/repository/io/netty/netty-buffer/4.1.30.Final/netty-buffer-4.1.30.Final.jar:/home/user/.m2/repository/io/netty/netty-transport/4.1.30.Final/netty-transport-4.1.30.Final.jar:/home/user/.m2/repository/io/netty/netty-resolver/4.1.30.Final/netty-resolver-4.1.30.Final.jar:/home/user/.m2/repository/io/netty/netty-transport-native-unix-common/4.1.30.Final/netty-transport-native-unix-common-4.1.30.Final.jar:/home/user/.m2/repository/io/grpc/grpc-protobuf/1.17.1/grpc-protobuf-1.17.1.jar:/home/user/.m2/repository/com/google/api/grpc/proto-google-common-protos/1.0.0/proto-google-common-protos-1.0.0.jar:/home/user/.m2/repository/io/grpc/grpc-protobuf-lite/1.17.1/grpc-protobuf-lite-1.17.1.jar:/home/user/.m2/repository/io/grpc/grpc-stub/1.17.1/grpc-stub-1.17.1.jar:/home/user/.m2/repository/org/apache/hadoop/hadoop-ozone-recon/0.5.0-SNAPSHOT/hadoop-ozone-recon-0.5.0-SNAPSHOT.jar:/home/user/.m2/repository/org/apache/hadoop/hadoop-ozone-reconcodegen/0.5.0-SNAPSHOT/hadoop-ozone-reconcodegen-0.5.0-SNAPSHOT.jar:/home/user/.m2/repository/com/google/inject/extensions/guice-multibindings/4.0/guice-multibindings-4.0.jar:/home/user/.m2/repository/com/google/inject/guice/4.0/guice-4.0.jar:/home/user/.m2/repository/aopalliance/aopalliance/1.0/aopalliance-1.0.jar:/home/user/.m2/repository/com/google/inject/extensions/guice-servlet/4.0/guice-servlet-4.0.jar:/home/user/.m2/repository/org/glassfish/jersey/containers/jersey-container-servlet/2.27/jersey-container-servlet-2.27.jar:/home/user/.m2/repository/org/glassfish/hk2/guice-bridge/2.5.0/guice-bridge-2.5.0.jar:/home/user/.m2/repository/org/glassfish/jersey/core/jersey-server/2.27/jersey-server-2.27.jar:/home/user/.m2/repository/org/glassfish/jersey/core/jersey-client/2.27/jersey-client-2.27.jar:/home/user/.m2/repository/org/glassfish/jersey/media/jersey-media-jaxb/2.27/jersey-media-jaxb-2.27.jar:/home/user/.m2/repository/javax/validation/validation-api/1.1.0.Final/validation-api-1.1.0.Final.jar:/home/user/.m2/repository/org/glassfish/jersey/media/jersey-media-json-jackson/2.27/jersey-media-json-jackson-2.27.jar:/home/user/.m2/repository/org/glassfish/jersey/ext/jersey-entity-filtering/2.27/jersey-entity-filtering-2.27.jar:/home/user/.m2/repository/com/google/inject/extensions/guice-assistedinject/4.0/guice-assistedinject-4.0.jar:/home/user/.m2/repository/org/jooq/jooq/3.11.10/jooq-3.11.10.jar:/home/user/.m2/repository/org/jooq/jooq-meta/3.11.10/jooq-meta-3.11.10.jar:/home/user/.m2/repository/org/jooq/jooq-codegen/3.11.10/jooq-codegen-3.11.10.jar:/home/user/.m2/repository/com/jolbox/bonecp/0.8.0.RELEASE/bonecp-0.8.0.RELEASE.jar:/home/user/.m2/repository/org/xerial/sqlite-jdbc/3.25.2/sqlite-jdbc-3.25.2.jar:/home/user/.m2/repository/org/springframework/spring-jdbc/5.1.3.RELEASE/spring-jdbc-5.1.3.RELEASE.jar:/home/user/.m2/repository/org/springframework/spring-beans/5.1.3.RELEASE/spring-beans-5.1.3.RELEASE.jar:/home/user/.m2/repository/org/springframework/spring-core/5.1.3.RELEASE/spring-core-5.1.3.RELEASE.jar:/home/user/.m2/repository/org/springframework/spring-jcl/5.1.3.RELEASE/spring-jcl-5.1.3.RELEASE.jar:/home/user/.m2/repository/org/springframework/spring-tx/5.1.3.RELEASE/spring-tx-5.1.3.RELEASE.jar:/home/user/.m2/repository/org/apache/hadoop/hadoop-ozone-client/0.5.0-SNAPSHOT/hadoop-ozone-client-0.5.0-SNAPSHOT.jar:/home/user/.m2/repository/commons-lang/commons-lang/2.6/commons-lang-2.6.jar:/home/user/.m2/repository/org/apache/hadoop/hadoop-ozone-ozone-manager/0.5.0-SNAPSHOT/hadoop-ozone-ozone-manager-0.5.0-SNAPSHOT-tests.jar:/home/user/.m2/repository/junit/junit/4.11/junit-4.11.jar:/home/user/.m2/repository/org/hamcrest/hamcrest-core/1.3/hamcrest-core-1.3.jar:/home/user/.m2/repository/org/openjdk/jmh/jmh-core/1.19/jmh-core-1.19.jar:/home/user/.m2/repository/net/sf/jopt-simple/jopt-simple/4.6/jopt-simple-4.6.jar:/home/user/.m2/repository/org/apache/commons/commons-math3/3.1.1/commons-math3-3.1.1.jar:/home/user/.m2/repository/org/openjdk/jmh/jmh-generator-annprocess/1.19/jmh-generator-annprocess-1.19.jar:/home/user/.m2/repository/org/mockito/mockito-all/1.8.5/mockito-all-1.8.5.jar:/home/user/.m2/repository/org/apache/hadoop/hadoop-kms/3.2.0/hadoop-kms-3.2.0.jar:/home/user/.m2/repository/org/apache/hadoop/hadoop-auth/3.2.0/hadoop-auth-3.2.0.jar:/home/user/.m2/repository/com/nimbusds/nimbus-jose-jwt/4.41.1/nimbus-jose-jwt-4.41.1.jar:/home/user/.m2/repository/com/github/stephenc/jcip/jcip-annotations/1.0-1/jcip-annotations-1.0-1.jar:/home/user/.m2/repository/net/minidev/json-smart/2.3/json-smart-2.3.jar:/home/user/.m2/repository/net/minidev/accessors-smart/1.2/accessors-smart-1.2.jar:/home/user/.m2/repository/org/ow2/asm/asm/5.0.4/asm-5.0.4.jar:/home/user/.m2/repository/org/apache/curator/curator-framework/2.12.0/curator-framework-2.12.0.jar:/home/user/.m2/repository/com/sun/jersey/jersey-core/1.19/jersey-core-1.19.jar:/home/user/.m2/repository/javax/ws/rs/jsr311-api/1.1.1/jsr311-api-1.1.1.jar:/home/user/.m2/repository/com/sun/jersey/jersey-server/1.19/jersey-server-1.19.jar:/home/user/.m2/repository/javax/servlet/javax.servlet-api/3.1.0/javax.servlet-api-3.1.0.jar:/home/user/.m2/repository/org/eclipse/jetty/jetty-server/9.3.25.v20180904/jetty-server-9.3.25.v20180904.jar:/home/user/.m2/repository/org/eclipse/jetty/jetty-http/9.3.25.v20180904/jetty-http-9.3.25.v20180904.jar:/home/user/.m2/repository/org/eclipse/jetty/jetty-io/9.3.25.v20180904/jetty-io-9.3.25.v20180904.jar:/home/user/.m2/repository/org/eclipse/jetty/jetty-webapp/9.3.25.v20180904/jetty-webapp-9.3.25.v20180904.jar:/home/user/.m2/repository/org/eclipse/jetty/jetty-xml/9.3.25.v20180904/jetty-xml-9.3.25.v20180904.jar:/home/user/.m2/repository/log4j/log4j/1.2.17/log4j-1.2.17.jar:/home/user/.m2/repository/org/slf4j/slf4j-api/1.7.25/slf4j-api-1.7.25.jar:/home/user/.m2/repository/org/slf4j/jul-to-slf4j/1.7.25/jul-to-slf4j-1.7.25.jar:/home/user/.m2/repository/org/eclipse/jetty/jetty-util/9.3.25.v20180904/jetty-util-9.3.25.v20180904.jar:/home/user/.m2/repository/com/fasterxml/jackson/core/jackson-databind/2.9.9/jackson-databind-2.9.9.jar:/home/user/.m2/repository/org/apache/hadoop/hadoop-kms/3.2.0/hadoop-kms-3.2.0-tests.jar:/home/user/.m2/repository/org/apache/hadoop/hadoop-hdds-server-scm/0.5.0-SNAPSHOT/hadoop-hdds-server-scm-0.5.0-SNAPSHOT-tests.jar:/home/user/.m2/repository/org/apache/hadoop/hadoop-hdds-container-service/0.5.0-SNAPSHOT/hadoop-hdds-container-service-0.5.0-SNAPSHOT-tests.jar:/home/user/.m2/repository/org/yaml/snakeyaml/1.16/snakeyaml-1.16.jar:/home/user/.m2/repository/org/apache/hadoop/hadoop-common/3.2.0/hadoop-common-3.2.0-tests.jar:/home/user/.m2/repository/org/apache/hadoop/hadoop-annotations/3.2.0/hadoop-annotations-3.2.0.jar:/usr/lib/jvm/java-1.8-openjdk/jre/../lib/tools.jar:/home/user/.m2/repository/commons-cli/commons-cli/1.2/commons-cli-1.2.jar:/home/user/.m2/repository/org/apache/httpcomponents/httpclient/4.5.2/httpclient-4.5.2.jar:/home/user/.m2/repository/org/apache/httpcomponents/httpcore/4.4.4/httpcore-4.4.4.jar:/home/user/.m2/repository/commons-codec/commons-codec/1.11/commons-codec-1.11.jar:/home/user/.m2/repository/commons-net/commons-net/3.6/commons-net-3.6.jar:/home/user/.m2/repository/commons-collections/commons-collections/3.2.2/commons-collections-3.2.2.jar:/home/user/.m2/repository/org/eclipse/jetty/jetty-servlet/9.3.25.v20180904/jetty-servlet-9.3.25.v20180904.jar:/home/user/.m2/repository/org/eclipse/jetty/jetty-security/9.3.25.v20180904/jetty-security-9.3.25.v20180904.jar:/home/user/.m2/repository/javax/servlet/jsp/jsp-api/2.1/jsp-api-2.1.jar:/home/user/.m2/repository/com/sun/jersey/jersey-servlet/1.19/jersey-servlet-1.19.jar:/home/user/.m2/repository/com/sun/jersey/jersey-json/1.19/jersey-json-1.19.jar:/home/user/.m2/repository/org/codehaus/jettison/jettison/1.1/jettison-1.1.jar:/home/user/.m2/repository/org/codehaus/jackson/jackson-core-asl/1.9.13/jackson-core-asl-1.9.13.jar:/home/user/.m2/repository/org/codehaus/jackson/jackson-mapper-asl/1.9.13/jackson-mapper-asl-1.9.13.jar:/home/user/.m2/repository/org/codehaus/jackson/jackson-jaxrs/1.9.13/jackson-jaxrs-1.9.13.jar:/home/user/.m2/repository/org/codehaus/jackson/jackson-xc/1.9.13/jackson-xc-1.9.13.jar:/home/user/.m2/repository/commons-logging/commons-logging/1.1.3/commons-logging-1.1.3.jar:/home/user/.m2/repository/commons-beanutils/commons-beanutils/1.9.4/commons-beanutils-1.9.4.jar:/home/user/.m2/repository/org/apache/commons/commons-configuration2/2.1.1/commons-configuration2-2.1.1.jar:/home/user/.m2/repository/org/apache/commons/commons-lang3/3.7/commons-lang3-3.7.jar:/home/user/.m2/repository/org/apache/commons/commons-text/1.4/commons-text-1.4.jar:/home/user/.m2/repository/org/apache/avro/avro/1.7.7/avro-1.7.7.jar:/home/user/.m2/repository/com/thoughtworks/paranamer/paranamer/2.3/paranamer-2.3.jar:/home/user/.m2/repository/org/xerial/snappy/snappy-java/1.0.5/snappy-java-1.0.5.jar:/home/user/.m2/repository/com/google/re2j/re2j/1.1/re2j-1.1.jar:/home/user/.m2/repository/com/google/code/gson/gson/2.2.4/gson-2.2.4.jar:/home/user/.m2/repository/com/jcraft/jsch/0.1.54/jsch-0.1.54.jar:/home/user/.m2/repository/org/apache/curator/curator-client/2.12.0/curator-client-2.12.0.jar:/home/user/.m2/repository/org/apache/curator/curator-recipes/2.12.0/curator-recipes-2.12.0.jar:/home/user/.m2/repository/com/google/code/findbugs/jsr305/3.0.0/jsr305-3.0.0.jar:/home/user/.m2/repository/org/apache/htrace/htrace-core4/4.1.0-incubating/htrace-core4-4.1.0-incubating.jar:/home/user/.m2/repository/org/apache/zookeeper/zookeeper/3.4.13/zookeeper-3.4.13.jar:/home/user/.m2/repository/jline/jline/0.9.94/jline-0.9.94.jar:/home/user/.m2/repository/org/apache/yetus/audience-annotations/0.5.0/audience-annotations-0.5.0.jar:/home/user/.m2/repository/org/codehaus/woodstox/stax2-api/3.1.4/stax2-api-3.1.4.jar:/home/user/.m2/repository/com/fasterxml/woodstox/woodstox-core/5.0.3/woodstox-core-5.0.3.jar:/home/user/.m2/repository/dnsjava/dnsjava/2.1.7/dnsjava-2.1.7.jar:/home/user/.m2/repository/org/apache/hadoop/hadoop-hdfs/3.2.0/hadoop-hdfs-3.2.0-tests.jar:/home/user/.m2/repository/org/eclipse/jetty/jetty-util-ajax/9.3.25.v20180904/jetty-util-ajax-9.3.25.v20180904.jar:/home/user/.m2/repository/commons-daemon/commons-daemon/1.0.13/commons-daemon-1.0.13.jar:/home/user/.m2/repository/io/netty/netty/3.10.5.Final/netty-3.10.5.Final.jar:/home/user/.m2/repository/io/netty/netty-all/4.0.52.Final/netty-all-4.0.52.Final.jar:/home/user/.m2/repository/org/fusesource/leveldbjni/leveldbjni-all/1.8/leveldbjni-all-1.8.jar:"/>
    <property name="sun.cpu.endian" value="little"/>
    <property name="user.home" value="/home/user"/>
    <property name="user.language" value="en"/>
    <property name="java.specification.vendor" value="Oracle Corporation"/>
    <property name="java.home" value="/usr/lib/jvm/java-1.8-openjdk/jre"/>
    <property name="java.security.krb5.conf" value="/workdir/hadoop-ozone/integration-test/target/test-classes/krb5.conf"/>
    <property name="basedir" value="/workdir/hadoop-ozone/integration-test"/>
    <property name="file.separator" value="/"/>
    <property name="line.separator" value="&#10;"/>
    <property name="java.vm.specification.vendor" value="Oracle Corporation"/>
    <property name="java.specification.name" value="Java Platform API Specification"/>
    <property name="java.awt.graphicsenv" value="sun.awt.X11GraphicsEnvironment"/>
    <property name="surefire.real.class.path" value="/workdir/hadoop-ozone/integration-test/target/surefire/surefirebooter3537602496384557954.jar"/>
    <property name="hadoop.log.dir" value="/workdir/hadoop-ozone/integration-test/target/log"/>
    <property name="sun.boot.class.path" value="/usr/lib/jvm/java-1.8-openjdk/jre/lib/resources.jar:/usr/lib/jvm/java-1.8-openjdk/jre/lib/rt.jar:/usr/lib/jvm/java-1.8-openjdk/jre/lib/sunrsasign.jar:/usr/lib/jvm/java-1.8-openjdk/jre/lib/jsse.jar:/usr/lib/jvm/java-1.8-openjdk/jre/lib/jce.jar:/usr/lib/jvm/java-1.8-openjdk/jre/lib/charsets.jar:/usr/lib/jvm/java-1.8-openjdk/jre/lib/jfr.jar:/usr/lib/jvm/java-1.8-openjdk/jre/classes"/>
    <property name="sun.management.compiler" value="HotSpot 64-Bit Tiered Compilers"/>
    <property name="java.runtime.version" value="1.8.0_212-b04"/>
    <property name="java.net.preferIPv4Stack" value="true"/>
    <property name="user.name" value="jenkins1000"/>
    <property name="path.separator" value=":"/>
    <property name="java.security.egd" value="file:///dev/urandom"/>
    <property name="os.version" value="3.10.0-957.12.2.el7.x86_64"/>
    <property name="java.endorsed.dirs" value="/usr/lib/jvm/java-1.8-openjdk/jre/lib/endorsed"/>
    <property name="java.runtime.name" value="OpenJDK Runtime Environment"/>
    <property name="file.encoding" value="UTF-8"/>
    <property name="java.vm.name" value="OpenJDK 64-Bit Server VM"/>
    <property name="test.build.webapps" value=""/>
    <property name="localRepository" value="/home/user/.m2/repository"/>
    <property name="java.vendor.url.bug" value="https://icedtea.classpath.org/bugzilla"/>
    <property name="java.io.tmpdir" value="/tmp"/>
    <property name="require.test.libhadoop" value=""/>
    <property name="java.version" value="1.8.0_212"/>
    <property name="user.dir" value="/workdir/hadoop-ozone/integration-test"/>
    <property name="os.arch" value="amd64"/>
    <property name="java.vm.specification.name" value="Java Virtual Machine Specification"/>
    <property name="test.build.classes" value="/workdir/hadoop-ozone/integration-test/target/test-classes"/>
    <property name="java.awt.printerjob" value="sun.print.PSPrinterJob"/>
    <property name="sun.os.patch.level" value="unknown"/>
    <property name="hadoop.tmp.dir" value="/workdir/hadoop-ozone/integration-test/target/tmp"/>
    <property name="java.library.path" value="/usr/lib/jvm/java-1.8-openjdk/jre/lib/amd64/server:/usr/lib/jvm/java-1.8-openjdk/jre/lib/amd64:/usr/lib/jvm/java-1.8-openjdk/jre/../lib/amd64:/workdir/hadoop-ozone/integration-test/target/native/target/usr/local/lib:/workdir/hadoop-ozone/integration-test/../../hadoop-common-project/hadoop-common/target/native/target/usr/local/lib:/usr/java/packages/lib/amd64:/usr/lib64:/lib64:/lib:/usr/lib"/>
    <property name="java.vm.info" value="mixed mode"/>
    <property name="java.vendor" value="IcedTea"/>
    <property name="java.vm.version" value="25.212-b04"/>
    <property name="java.ext.dirs" value="/usr/lib/jvm/java-1.8-openjdk/jre/lib/ext:/usr/java/packages/lib/ext"/>
    <property name="sun.io.unicode.encoding" value="UnicodeLittle"/>
    <property name="java.class.version" value="52.0"/>
  </properties>
  <testcase name="test2WayCommitForRetryfailure" classname="org.apache.hadoop.ozone.client.rpc.Test2WayCommitInRatis" time="31.913">
    <error message="org.apache.ratis.protocol.RaftRetryFailureException: Failed RaftClientRequest:client-2D869C623E1F-&gt;c585da5a-a255-4272-8069-f95bb7255ddc@group-48AAE2CB25F9, cid=14, seq=2*, RW, cmdType: CloseContainer&#10;traceID: &quot;5b71a70d3602ca13:5b71a70d3602ca13:0:0&quot;&#10;containerID: 1&#10;datanodeUuid: &quot;c21e50b3-ab2c-4758-9253-59979117ba9b&quot;&#10;closeContainer {&#10;}&#10;, data.size=0 for 20 attempts with RetryLimited(maxAttempts=20, sleepTime=1000ms)" type="java.util.concurrent.ExecutionException">java.util.concurrent.ExecutionException: 
org.apache.ratis.protocol.RaftRetryFailureException: Failed RaftClientRequest:client-2D869C623E1F->c585da5a-a255-4272-8069-f95bb7255ddc@group-48AAE2CB25F9, cid=14, seq=2*, RW, cmdType: CloseContainer
traceID: "5b71a70d3602ca13:5b71a70d3602ca13:0:0"
containerID: 1
datanodeUuid: "c21e50b3-ab2c-4758-9253-59979117ba9b"
closeContainer {
}
, data.size=0 for 20 attempts with RetryLimited(maxAttempts=20, sleepTime=1000ms)
	at java.util.concurrent.CompletableFuture.reportGet(CompletableFuture.java:357)
	at java.util.concurrent.CompletableFuture.get(CompletableFuture.java:1895)
	at org.apache.hadoop.ozone.client.rpc.Test2WayCommitInRatis.test2WayCommitForRetryfailure(Test2WayCommitInRatis.java:144)
	at sun.reflect.NativeMethodAccessorImpl.invoke0(Native Method)
	at sun.reflect.NativeMethodAccessorImpl.invoke(NativeMethodAccessorImpl.java:62)
	at sun.reflect.DelegatingMethodAccessorImpl.invoke(DelegatingMethodAccessorImpl.java:43)
	at java.lang.reflect.Method.invoke(Method.java:498)
	at org.junit.runners.model.FrameworkMethod$1.runReflectiveCall(FrameworkMethod.java:47)
	at org.junit.internal.runners.model.ReflectiveCallable.run(ReflectiveCallable.java:12)
	at org.junit.runners.model.FrameworkMethod.invokeExplosively(FrameworkMethod.java:44)
	at org.junit.internal.runners.statements.InvokeMethod.evaluate(InvokeMethod.java:17)
	at org.junit.runners.ParentRunner.runLeaf(ParentRunner.java:271)
	at org.junit.runners.BlockJUnit4ClassRunner.runChild(BlockJUnit4ClassRunner.java:70)
	at org.junit.runners.BlockJUnit4ClassRunner.runChild(BlockJUnit4ClassRunner.java:50)
	at org.junit.runners.ParentRunner$3.run(ParentRunner.java:238)
	at org.junit.runners.ParentRunner$1.schedule(ParentRunner.java:63)
	at org.junit.runners.ParentRunner.runChildren(ParentRunner.java:236)
	at org.junit.runners.ParentRunner.access$000(ParentRunner.java:53)
	at org.junit.runners.ParentRunner$2.evaluate(ParentRunner.java:229)
	at org.junit.runners.ParentRunner.run(ParentRunner.java:309)
	at org.apache.maven.surefire.junit4.JUnit4Provider.execute(JUnit4Provider.java:365)
	at org.apache.maven.surefire.junit4.JUnit4Provider.executeWithRerun(JUnit4Provider.java:273)
	at org.apache.maven.surefire.junit4.JUnit4Provider.executeTestSet(JUnit4Provider.java:238)
	at org.apache.maven.surefire.junit4.JUnit4Provider.invoke(JUnit4Provider.java:159)
	at org.apache.maven.surefire.booter.ForkedBooter.invokeProviderInSameClassLoader(ForkedBooter.java:384)
	at org.apache.maven.surefire.booter.ForkedBooter.runSuitesInProcess(ForkedBooter.java:345)
	at org.apache.maven.surefire.booter.ForkedBooter.execute(ForkedBooter.java:126)
	at org.apache.maven.surefire.booter.ForkedBooter.main(ForkedBooter.java:418)
Caused by: org.apache.ratis.protocol.RaftRetryFailureException: Failed RaftClientRequest:client-2D869C623E1F->c585da5a-a255-4272-8069-f95bb7255ddc@group-48AAE2CB25F9, cid=14, seq=2*, RW, cmdType: CloseContainer
traceID: "5b71a70d3602ca13:5b71a70d3602ca13:0:0"
containerID: 1
datanodeUuid: "c21e50b3-ab2c-4758-9253-59979117ba9b"
closeContainer {
}
, data.size=0 for 20 attempts with RetryLimited(maxAttempts=20, sleepTime=1000ms)
	at org.apache.ratis.client.impl.RaftClientImpl.noMoreRetries(RaftClientImpl.java:271)
	at org.apache.ratis.client.impl.OrderedAsync.handleAsyncRetryFailure(OrderedAsync.java:138)
	at org.apache.ratis.client.impl.OrderedAsync.lambda$sendRequest$10(OrderedAsync.java:230)
	at java.util.concurrent.CompletableFuture.uniExceptionally(CompletableFuture.java:870)
	at java.util.concurrent.CompletableFuture$UniExceptionally.tryFire(CompletableFuture.java:852)
	at java.util.concurrent.CompletableFuture.postComplete(CompletableFuture.java:474)
	at java.util.concurrent.CompletableFuture.completeExceptionally(CompletableFuture.java:1977)
	at org.apache.ratis.grpc.client.GrpcClientProtocolClient$AsyncStreamObservers.completeReplyExceptionally(GrpcClientProtocolClient.java:345)
	at org.apache.ratis.grpc.client.GrpcClientProtocolClient$AsyncStreamObservers.access$000(GrpcClientProtocolClient.java:261)
	at org.apache.ratis.grpc.client.GrpcClientProtocolClient$AsyncStreamObservers$1.onNext(GrpcClientProtocolClient.java:273)
	at org.apache.ratis.grpc.client.GrpcClientProtocolClient$AsyncStreamObservers$1.onNext(GrpcClientProtocolClient.java:264)
	at org.apache.ratis.thirdparty.io.grpc.stub.ClientCalls$StreamObserverToCallListenerAdapter.onMessage(ClientCalls.java:421)
	at org.apache.ratis.thirdparty.io.grpc.ForwardingClientCallListener.onMessage(ForwardingClientCallListener.java:33)
	at org.apache.ratis.thirdparty.io.grpc.ForwardingClientCallListener.onMessage(ForwardingClientCallListener.java:33)
	at org.apache.ratis.thirdparty.io.grpc.internal.ClientCallImpl$ClientStreamListenerImpl$1MessagesAvailable.runInContext(ClientCallImpl.java:519)
	at org.apache.ratis.thirdparty.io.grpc.internal.ContextRunnable.run(ContextRunnable.java:37)
	at org.apache.ratis.thirdparty.io.grpc.internal.SerializingExecutor.run(SerializingExecutor.java:123)
	at java.util.concurrent.ThreadPoolExecutor.runWorker(ThreadPoolExecutor.java:1149)
	at java.util.concurrent.ThreadPoolExecutor$Worker.run(ThreadPoolExecutor.java:624)
	at java.lang.Thread.run(Thread.java:748)
Caused by: org.apache.ratis.protocol.NotLeaderException: Server c585da5a-a255-4272-8069-f95bb7255ddc@group-48AAE2CB25F9 is not the leader 833795fc-6221-4b60-b1f4-2c52cdf77098:192.168.30.3:41546
	at org.apache.ratis.client.impl.ClientProtoUtils.toRaftClientReply(ClientProtoUtils.java:243)
	at org.apache.ratis.grpc.client.GrpcClientProtocolClient$AsyncStreamObservers$1.onNext(GrpcClientProtocolClient.java:269)
	... 10 more
</error>
    <system-out><![CDATA[2019-10-07 05:59:46,404 [main] WARN  server.ServerUtils (ServerUtils.java:getScmDbDir(145)) - ozone.scm.db.dirs is not configured. We recommend adding this setting. Falling back to ozone.metadata.dirs instead.
2019-10-07 05:59:46,552 [main] WARN  server.ServerUtils (ServerUtils.java:getScmDbDir(145)) - ozone.scm.db.dirs is not configured. We recommend adding this setting. Falling back to ozone.metadata.dirs instead.
2019-10-07 05:59:46,556 [main] WARN  server.ServerUtils (ServerUtils.java:getScmDbDir(145)) - ozone.scm.db.dirs is not configured. We recommend adding this setting. Falling back to ozone.metadata.dirs instead.
2019-10-07 05:59:46,582 [main] INFO  util.log (Log.java:initialized(192)) - Logging initialized @858ms
2019-10-07 05:59:46,691 [main] INFO  db.DBStoreBuilder (DBStoreBuilder.java:addTable(117)) - using custom profile for table: deletedBlocks
2019-10-07 05:59:46,691 [main] INFO  db.DBStoreBuilder (DBStoreBuilder.java:processTables(168)) - Using default column profile:DBProfile.DISK for Table:deletedBlocks
2019-10-07 05:59:46,692 [main] INFO  db.DBStoreBuilder (DBStoreBuilder.java:addTable(117)) - using custom profile for table: validCerts
2019-10-07 05:59:46,692 [main] INFO  db.DBStoreBuilder (DBStoreBuilder.java:processTables(168)) - Using default column profile:DBProfile.DISK for Table:validCerts
2019-10-07 05:59:46,693 [main] INFO  db.DBStoreBuilder (DBStoreBuilder.java:addTable(117)) - using custom profile for table: revokedCerts
2019-10-07 05:59:46,693 [main] INFO  db.DBStoreBuilder (DBStoreBuilder.java:processTables(168)) - Using default column profile:DBProfile.DISK for Table:revokedCerts
2019-10-07 05:59:46,709 [main] INFO  db.DBStoreBuilder (DBStoreBuilder.java:addTable(117)) - using custom profile for table: default
2019-10-07 05:59:46,709 [main] INFO  db.DBStoreBuilder (DBStoreBuilder.java:processTables(174)) - Using default column profile:DBProfile.DISK for Table:default
2019-10-07 05:59:46,710 [main] INFO  db.DBStoreBuilder (DBStoreBuilder.java:getDbProfile(205)) - Using default options. DBProfile.DISK
2019-10-07 05:59:46,969 [main] INFO  net.NodeSchemaLoader (NodeSchemaLoader.java:loadSchemaFromFile(125)) - Loading file from sun.misc.CompoundEnumeration@2b71e916
2019-10-07 05:59:46,971 [main] INFO  net.NodeSchemaLoader (NodeSchemaLoader.java:loadSchema(171)) - Loading network topology layer schema file
2019-10-07 05:59:47,043 [main] WARN  server.ServerUtils (ServerUtils.java:sanitizeUserArgs(70)) - ozone.scm.stale.node.interval value = 300000 is larger than max = 100000 based on the key value of ozone.scm.heartbeat.thread.interval, reset to the max value 100000.
2019-10-07 05:59:47,045 [main] WARN  server.ServerUtils (ServerUtils.java:sanitizeUserArgs(70)) - ozone.scm.stale.node.interval value = 300000 is larger than max = 100000 based on the key value of ozone.scm.heartbeat.thread.interval, reset to the max value 100000.
2019-10-07 05:59:47,048 [main] INFO  node.SCMNodeManager (SCMNodeManager.java:<init>(116)) - Entering startup safe mode.
2019-10-07 05:59:47,121 [main] INFO  algorithms.ContainerPlacementPolicyFactory (ContainerPlacementPolicyFactory.java:getPolicy(57)) - Create container placement policy of type org.apache.hadoop.hdds.scm.container.placement.algorithms.SCMContainerPlacementRandom
2019-10-07 05:59:47,136 [main] WARN  server.ServerUtils (ServerUtils.java:getScmDbDir(145)) - ozone.scm.db.dirs is not configured. We recommend adding this setting. Falling back to ozone.metadata.dirs instead.
2019-10-07 05:59:47,197 [main] INFO  pipeline.SCMPipelineManager (SCMPipelineManager.java:initializePipelineState(132)) - No pipeline exists in current db
2019-10-07 05:59:47,200 [main] WARN  server.ServerUtils (ServerUtils.java:getScmDbDir(145)) - ozone.scm.db.dirs is not configured. We recommend adding this setting. Falling back to ozone.metadata.dirs instead.
2019-10-07 05:59:47,302 [main] WARN  events.EventQueue (EventQueue.java:fireEvent(183)) - No event handler registered for event TypedEvent{payloadType=SafeModeStatus, name='SafeModeStatus'}
2019-10-07 05:59:47,687 [main] INFO  ipc.CallQueueManager (CallQueueManager.java:<init>(84)) - Using callQueue: class java.util.concurrent.LinkedBlockingQueue, queueCapacity: 2000, scheduler: class org.apache.hadoop.ipc.DefaultRpcScheduler, ipcBackoff: false.
2019-10-07 05:59:47,715 [Socket Reader #1 for port 43943] INFO  ipc.Server (Server.java:run(1074)) - Starting Socket Reader #1 for port 43943
2019-10-07 05:59:47,871 [main] INFO  ipc.CallQueueManager (CallQueueManager.java:<init>(84)) - Using callQueue: class java.util.concurrent.LinkedBlockingQueue, queueCapacity: 2000, scheduler: class org.apache.hadoop.ipc.DefaultRpcScheduler, ipcBackoff: false.
2019-10-07 05:59:47,872 [Socket Reader #1 for port 40003] INFO  ipc.Server (Server.java:run(1074)) - Starting Socket Reader #1 for port 40003
2019-10-07 05:59:47,883 [main] INFO  ipc.CallQueueManager (CallQueueManager.java:<init>(84)) - Using callQueue: class java.util.concurrent.LinkedBlockingQueue, queueCapacity: 2000, scheduler: class org.apache.hadoop.ipc.DefaultRpcScheduler, ipcBackoff: false.
2019-10-07 05:59:47,884 [Socket Reader #1 for port 35101] INFO  ipc.Server (Server.java:run(1074)) - Starting Socket Reader #1 for port 35101
2019-10-07 05:59:47,909 [main] INFO  hdfs.DFSUtil (DFSUtil.java:httpServerTemplateForNNAndJN(1641)) - Starting Web-server for scm at: http://0.0.0.0:0
2019-10-07 05:59:48,094 [main] INFO  server.AuthenticationFilter (AuthenticationFilter.java:constructSecretProvider(240)) - Unable to initialize FileSignerSecretProvider, falling back to use random secrets.
2019-10-07 05:59:48,103 [main] WARN  http.HttpRequestLog (HttpRequestLog.java:getRequestLog(97)) - Jetty request log can only be enabled using Log4j
2019-10-07 05:59:48,113 [main] INFO  http.HttpServer2 (HttpServer2.java:addGlobalFilter(975)) - Added global filter 'safety' (class=org.apache.hadoop.http.HttpServer2$QuotingInputFilter)
2019-10-07 05:59:48,116 [main] INFO  http.HttpServer2 (HttpServer2.java:addFilter(948)) - Added filter static_user_filter (class=org.apache.hadoop.http.lib.StaticUserWebFilter$StaticUserFilter) to context scm
2019-10-07 05:59:48,116 [main] INFO  http.HttpServer2 (HttpServer2.java:addFilter(958)) - Added filter static_user_filter (class=org.apache.hadoop.http.lib.StaticUserWebFilter$StaticUserFilter) to context logs
2019-10-07 05:59:48,117 [main] INFO  http.HttpServer2 (HttpServer2.java:addFilter(958)) - Added filter static_user_filter (class=org.apache.hadoop.http.lib.StaticUserWebFilter$StaticUserFilter) to context static
2019-10-07 05:59:48,149 [main] INFO  server.StorageContainerManager (StorageContainerManager.java:start(770)) - StorageContainerLocationProtocol RPC server is listening at /0.0.0.0:35101
2019-10-07 05:59:48,214 [main] WARN  impl.MetricsConfig (MetricsConfig.java:loadFirst(134)) - Cannot locate configuration: tried hadoop-metrics2-storagecontainermanager.properties,hadoop-metrics2.properties
2019-10-07 05:59:48,227 [main] INFO  impl.MetricsSystemImpl (MetricsSystemImpl.java:startTimer(374)) - Scheduled Metric snapshot period at 10 second(s).
2019-10-07 05:59:48,227 [main] INFO  impl.MetricsSystemImpl (MetricsSystemImpl.java:start(191)) - StorageContainerManager metrics system started
2019-10-07 05:59:48,455 [main] INFO  server.SCMClientProtocolServer (SCMClientProtocolServer.java:start(159)) - RPC server for Client  is listening at /0.0.0.0:35101
2019-10-07 05:59:48,456 [IPC Server Responder] INFO  ipc.Server (Server.java:run(1314)) - IPC Server Responder: starting
2019-10-07 05:59:48,456 [IPC Server listener on 35101] INFO  ipc.Server (Server.java:run(1153)) - IPC Server listener on 35101: starting
2019-10-07 05:59:48,459 [main] INFO  server.StorageContainerManager (StorageContainerManager.java:start(780)) - ScmBlockLocationProtocol RPC server is listening at /0.0.0.0:40003
2019-10-07 05:59:48,460 [main] INFO  server.SCMBlockProtocolServer (SCMBlockProtocolServer.java:start(146)) - RPC server for Block Protocol is listening at /0.0.0.0:40003
2019-10-07 05:59:48,460 [IPC Server Responder] INFO  ipc.Server (Server.java:run(1314)) - IPC Server Responder: starting
2019-10-07 05:59:48,461 [IPC Server listener on 40003] INFO  ipc.Server (Server.java:run(1153)) - IPC Server listener on 40003: starting
2019-10-07 05:59:48,463 [main] INFO  server.StorageContainerManager (StorageContainerManager.java:start(784)) - ScmDatanodeProtocl RPC server is listening at /0.0.0.0:43943
2019-10-07 05:59:48,463 [main] INFO  server.SCMDatanodeProtocolServer (SCMDatanodeProtocolServer.java:start(169)) - RPC server for DataNodes is listening at /0.0.0.0:43943
2019-10-07 05:59:48,464 [IPC Server Responder] INFO  ipc.Server (Server.java:run(1314)) - IPC Server Responder: starting
2019-10-07 05:59:48,464 [IPC Server listener on 43943] INFO  ipc.Server (Server.java:run(1153)) - IPC Server listener on 43943: starting
2019-10-07 05:59:48,468 [main] INFO  http.HttpServer2 (HttpServer2.java:bindListener(1191)) - Jetty bound to port 36720
2019-10-07 05:59:48,470 [main] INFO  server.Server (Server.java:doStart(351)) - jetty-9.3.25.v20180904, build timestamp: 2018-09-04T21:11:46Z, git hash: 3ce520221d0240229c862b122d2b06c12a625732
2019-10-07 05:59:48,509 [main] INFO  handler.ContextHandler (ContextHandler.java:doStart(781)) - Started o.e.j.s.ServletContextHandler@340da44c{/logs,file:///workdir/hadoop-ozone/integration-test/target/log,AVAILABLE}
2019-10-07 05:59:48,509 [main] INFO  handler.ContextHandler (ContextHandler.java:doStart(781)) - Started o.e.j.s.ServletContextHandler@37052337{/static,file:///workdir/hadoop-ozone/integration-test/target/test-classes/webapps/static,AVAILABLE}
2019-10-07 05:59:48,544 [main] INFO  handler.ContextHandler (ContextHandler.java:doStart(781)) - Started o.e.j.w.WebAppContext@3b366632{/,file:///workdir/hadoop-ozone/integration-test/target/test-classes/webapps/scm/,AVAILABLE}{/scm}
2019-10-07 05:59:48,550 [main] INFO  server.AbstractConnector (AbstractConnector.java:doStart(278)) - Started ServerConnector@6815c5f2{HTTP/1.1,[http/1.1]}{0.0.0.0:36720}
2019-10-07 05:59:48,550 [main] INFO  server.Server (Server.java:doStart(419)) - Started @2826ms
2019-10-07 05:59:48,552 [main] INFO  impl.MetricsSinkAdapter (MetricsSinkAdapter.java:start(204)) - Sink prometheus started
2019-10-07 05:59:48,552 [main] INFO  impl.MetricsSystemImpl (MetricsSystemImpl.java:registerSink(301)) - Registered sink prometheus
2019-10-07 05:59:48,555 [main] INFO  server.BaseHttpServer (BaseHttpServer.java:updateConnectorAddress(215)) - HTTP server of SCM is listening at http://0.0.0.0:36720
2019-10-07 05:59:48,563 [org.apache.hadoop.util.JvmPauseMonitor$Monitor@4263b080] INFO  util.JvmPauseMonitor (JvmPauseMonitor.java:run(188)) - Starting JVM pause monitor
2019-10-07 05:59:48,569 [main] WARN  server.ServerUtils (ServerUtils.java:getDBPath(222)) - ozone.om.db.dirs is not configured. We recommend adding this setting. Falling back to ozone.metadata.dirs instead.
2019-10-07 05:59:48,711 [main] INFO  ha.OMHANodeDetails (OMHANodeDetails.java:loadOMHAConfig(190)) - Configuration either no ozone.om.address set. Falling back to the default OM address /127.0.0.1:0
2019-10-07 05:59:48,711 [main] INFO  ha.OMHANodeDetails (OMHANodeDetails.java:getOMNodeDetails(220)) - OM Service ID is not set. Setting it to the default ID: omServiceIdDefault
2019-10-07 05:59:48,713 [main] WARN  server.ServerUtils (ServerUtils.java:getDBPath(222)) - ozone.om.db.dirs is not configured. We recommend adding this setting. Falling back to ozone.metadata.dirs instead.
2019-10-07 05:59:48,714 [main] WARN  server.ServerUtils (ServerUtils.java:getDBPath(222)) - ozone.om.db.dirs is not configured. We recommend adding this setting. Falling back to ozone.metadata.dirs instead.
2019-10-07 05:59:49,458 [main] WARN  server.ServerUtils (ServerUtils.java:getDBPath(222)) - ozone.om.db.dirs is not configured. We recommend adding this setting. Falling back to ozone.metadata.dirs instead.
2019-10-07 05:59:49,469 [main] INFO  db.DBStoreBuilder (DBStoreBuilder.java:addTable(117)) - using custom profile for table: userTable
2019-10-07 05:59:49,469 [main] INFO  db.DBStoreBuilder (DBStoreBuilder.java:processTables(168)) - Using default column profile:DBProfile.DISK for Table:userTable
2019-10-07 05:59:49,469 [main] INFO  db.DBStoreBuilder (DBStoreBuilder.java:addTable(117)) - using custom profile for table: volumeTable
2019-10-07 05:59:49,470 [main] INFO  db.DBStoreBuilder (DBStoreBuilder.java:processTables(168)) - Using default column profile:DBProfile.DISK for Table:volumeTable
2019-10-07 05:59:49,470 [main] INFO  db.DBStoreBuilder (DBStoreBuilder.java:addTable(117)) - using custom profile for table: bucketTable
2019-10-07 05:59:49,470 [main] INFO  db.DBStoreBuilder (DBStoreBuilder.java:processTables(168)) - Using default column profile:DBProfile.DISK for Table:bucketTable
2019-10-07 05:59:49,471 [main] INFO  db.DBStoreBuilder (DBStoreBuilder.java:addTable(117)) - using custom profile for table: keyTable
2019-10-07 05:59:49,471 [main] INFO  db.DBStoreBuilder (DBStoreBuilder.java:processTables(168)) - Using default column profile:DBProfile.DISK for Table:keyTable
2019-10-07 05:59:49,471 [main] INFO  db.DBStoreBuilder (DBStoreBuilder.java:addTable(117)) - using custom profile for table: deletedTable
2019-10-07 05:59:49,472 [main] INFO  db.DBStoreBuilder (DBStoreBuilder.java:processTables(168)) - Using default column profile:DBProfile.DISK for Table:deletedTable
2019-10-07 05:59:49,472 [main] INFO  db.DBStoreBuilder (DBStoreBuilder.java:addTable(117)) - using custom profile for table: openKeyTable
2019-10-07 05:59:49,472 [main] INFO  db.DBStoreBuilder (DBStoreBuilder.java:processTables(168)) - Using default column profile:DBProfile.DISK for Table:openKeyTable
2019-10-07 05:59:49,473 [main] INFO  db.DBStoreBuilder (DBStoreBuilder.java:addTable(117)) - using custom profile for table: s3Table
2019-10-07 05:59:49,473 [main] INFO  db.DBStoreBuilder (DBStoreBuilder.java:processTables(168)) - Using default column profile:DBProfile.DISK for Table:s3Table
2019-10-07 05:59:49,473 [main] INFO  db.DBStoreBuilder (DBStoreBuilder.java:addTable(117)) - using custom profile for table: multipartInfoTable
2019-10-07 05:59:49,473 [main] INFO  db.DBStoreBuilder (DBStoreBuilder.java:processTables(168)) - Using default column profile:DBProfile.DISK for Table:multipartInfoTable
2019-10-07 05:59:49,474 [main] INFO  db.DBStoreBuilder (DBStoreBuilder.java:addTable(117)) - using custom profile for table: dTokenTable
2019-10-07 05:59:49,474 [main] INFO  db.DBStoreBuilder (DBStoreBuilder.java:processTables(168)) - Using default column profile:DBProfile.DISK for Table:dTokenTable
2019-10-07 05:59:49,474 [main] INFO  db.DBStoreBuilder (DBStoreBuilder.java:addTable(117)) - using custom profile for table: s3SecretTable
2019-10-07 05:59:49,475 [main] INFO  db.DBStoreBuilder (DBStoreBuilder.java:processTables(168)) - Using default column profile:DBProfile.DISK for Table:s3SecretTable
2019-10-07 05:59:49,475 [main] INFO  db.DBStoreBuilder (DBStoreBuilder.java:addTable(117)) - using custom profile for table: prefixTable
2019-10-07 05:59:49,475 [main] INFO  db.DBStoreBuilder (DBStoreBuilder.java:processTables(168)) - Using default column profile:DBProfile.DISK for Table:prefixTable
2019-10-07 05:59:49,476 [main] INFO  db.DBStoreBuilder (DBStoreBuilder.java:addTable(117)) - using custom profile for table: default
2019-10-07 05:59:49,476 [main] INFO  db.DBStoreBuilder (DBStoreBuilder.java:processTables(174)) - Using default column profile:DBProfile.DISK for Table:default
2019-10-07 05:59:49,476 [main] INFO  db.DBStoreBuilder (DBStoreBuilder.java:getDbProfile(205)) - Using default options. DBProfile.DISK
2019-10-07 05:59:49,989 [main] INFO  ipc.CallQueueManager (CallQueueManager.java:<init>(84)) - Using callQueue: class java.util.concurrent.LinkedBlockingQueue, queueCapacity: 2000, scheduler: class org.apache.hadoop.ipc.DefaultRpcScheduler, ipcBackoff: false.
2019-10-07 05:59:49,990 [Socket Reader #1 for port 43787] INFO  ipc.Server (Server.java:run(1074)) - Starting Socket Reader #1 for port 43787
2019-10-07 05:59:50,016 [main] INFO  om.OzoneManager (OzoneManager.java:start(1069)) - OzoneManager RPC server is listening at localhost/127.0.0.1:43787
2019-10-07 05:59:50,017 [main] INFO  impl.MetricsSystemImpl (MetricsSystemImpl.java:init(158)) - OzoneManager metrics system started (again)
2019-10-07 05:59:50,028 [IPC Server Responder] INFO  ipc.Server (Server.java:run(1314)) - IPC Server Responder: starting
2019-10-07 05:59:50,028 [IPC Server listener on 43787] INFO  ipc.Server (Server.java:run(1153)) - IPC Server listener on 43787: starting
2019-10-07 05:59:50,036 [main] INFO  hdfs.DFSUtil (DFSUtil.java:httpServerTemplateForNNAndJN(1641)) - Starting Web-server for ozoneManager at: http://0.0.0.0:0
2019-10-07 05:59:50,038 [main] INFO  server.AuthenticationFilter (AuthenticationFilter.java:constructSecretProvider(240)) - Unable to initialize FileSignerSecretProvider, falling back to use random secrets.
2019-10-07 05:59:50,038 [main] WARN  http.HttpRequestLog (HttpRequestLog.java:getRequestLog(97)) - Jetty request log can only be enabled using Log4j
2019-10-07 05:59:50,041 [main] INFO  http.HttpServer2 (HttpServer2.java:addGlobalFilter(975)) - Added global filter 'safety' (class=org.apache.hadoop.http.HttpServer2$QuotingInputFilter)
2019-10-07 05:59:50,042 [main] INFO  http.HttpServer2 (HttpServer2.java:addFilter(948)) - Added filter static_user_filter (class=org.apache.hadoop.http.lib.StaticUserWebFilter$StaticUserFilter) to context ozoneManager
2019-10-07 05:59:50,042 [main] INFO  http.HttpServer2 (HttpServer2.java:addFilter(958)) - Added filter static_user_filter (class=org.apache.hadoop.http.lib.StaticUserWebFilter$StaticUserFilter) to context logs
2019-10-07 05:59:50,042 [main] INFO  http.HttpServer2 (HttpServer2.java:addFilter(958)) - Added filter static_user_filter (class=org.apache.hadoop.http.lib.StaticUserWebFilter$StaticUserFilter) to context static
2019-10-07 05:59:50,045 [main] INFO  http.HttpServer2 (HttpServer2.java:bindListener(1191)) - Jetty bound to port 32899
2019-10-07 05:59:50,045 [main] INFO  server.Server (Server.java:doStart(351)) - jetty-9.3.25.v20180904, build timestamp: 2018-09-04T21:11:46Z, git hash: 3ce520221d0240229c862b122d2b06c12a625732
2019-10-07 05:59:50,048 [main] INFO  handler.ContextHandler (ContextHandler.java:doStart(781)) - Started o.e.j.s.ServletContextHandler@49aa766b{/logs,file:///workdir/hadoop-ozone/integration-test/target/log,AVAILABLE}
2019-10-07 05:59:50,049 [main] INFO  handler.ContextHandler (ContextHandler.java:doStart(781)) - Started o.e.j.s.ServletContextHandler@65004ff6{/static,file:///workdir/hadoop-ozone/integration-test/target/test-classes/webapps/static,AVAILABLE}
2019-10-07 05:59:50,056 [main] INFO  handler.ContextHandler (ContextHandler.java:doStart(781)) - Started o.e.j.w.WebAppContext@4158debd{/,file:///workdir/hadoop-ozone/integration-test/target/test-classes/webapps/ozoneManager/,AVAILABLE}{/ozoneManager}
2019-10-07 05:59:50,057 [main] INFO  server.AbstractConnector (AbstractConnector.java:doStart(278)) - Started ServerConnector@af78c87{HTTP/1.1,[http/1.1]}{0.0.0.0:32899}
2019-10-07 05:59:50,058 [main] INFO  server.Server (Server.java:doStart(419)) - Started @4335ms
2019-10-07 05:59:50,059 [main] WARN  impl.MetricsSystemImpl (MetricsSystemImpl.java:register(276)) - Sink prometheus already exists!
2019-10-07 05:59:50,060 [main] INFO  server.BaseHttpServer (BaseHttpServer.java:updateConnectorAddress(215)) - HTTP server of OZONEMANAGER is listening at http://0.0.0.0:32899
2019-10-07 05:59:50,393 [main] INFO  impl.MetricsSystemImpl (MetricsSystemImpl.java:init(158)) - HddsDatanode metrics system started (again)
2019-10-07 05:59:50,446 [main] INFO  ozone.HddsDatanodeService (HddsDatanodeService.java:start(184)) - HddsDatanodeService host:trunk-nightly-20191007-kbwpl-4130163227 ip:192.168.30.3
2019-10-07 05:59:50,479 [main] INFO  volume.HddsVolume (HddsVolume.java:<init>(176)) - Creating Volume: /workdir/hadoop-ozone/integration-test/target/test-dir/MiniOzoneClusterImpl-ef13529d-ad89-4511-899b-e06c9460a472/datanode-0/data/containers/hdds of  storage type : DISK and capacity : 1482555576320
2019-10-07 05:59:50,482 [main] INFO  volume.VolumeSet (VolumeSet.java:initializeVolumeSet(170)) - Added Volume : /workdir/hadoop-ozone/integration-test/target/test-dir/MiniOzoneClusterImpl-ef13529d-ad89-4511-899b-e06c9460a472/datanode-0/data/containers/hdds to VolumeSet
2019-10-07 05:59:50,486 [main] INFO  volume.ThrottledAsyncChecker (ThrottledAsyncChecker.java:schedule(139)) - Scheduling a check for org.apache.hadoop.ozone.container.common.volume.HddsVolume@787f32b7
2019-10-07 05:59:50,507 [main] INFO  volume.HddsVolumeChecker (HddsVolumeChecker.java:checkAllVolumes(202)) - Scheduled health check for volume org.apache.hadoop.ozone.container.common.volume.HddsVolume@787f32b7
2019-10-07 05:59:50,663 [main] INFO  impl.RaftServerProxy (ConfUtils.java:logGet(43)) - raft.rpc.type = GRPC (default)
2019-10-07 05:59:50,732 [main] INFO  grpc.GrpcFactory (GrpcFactory.java:checkPooledByteBufAllocatorUseCacheForAllThreads(45)) - PERFORMANCE WARNING: useCacheForAllThreads is true that may cause Netty to create a lot garbage objects and, as a result, trigger GC.
	It is recommended to disable useCacheForAllThreads by setting -Dorg.apache.ratis.thirdparty.io.netty.allocator.useCacheForAllThreads=false in command line.
2019-10-07 05:59:50,738 [main] INFO  grpc.GrpcConfigKeys$Server (ConfUtils.java:logGet(43)) - raft.grpc.server.port = 0 (default)
2019-10-07 05:59:50,739 [main] INFO  server.GrpcService (ConfUtils.java:logGet(43)) - raft.grpc.message.size.max = 33570816 (custom)
2019-10-07 05:59:50,740 [main] INFO  server.RaftServerConfigKeys (ConfUtils.java:logGet(43)) - raft.server.log.appender.buffer.byte-limit = 33554432 (custom)
2019-10-07 05:59:50,741 [main] INFO  server.GrpcService (ConfUtils.java:logGet(43)) - raft.grpc.flow.control.window = 1MB (=1048576) (default)
2019-10-07 05:59:50,742 [main] INFO  server.RaftServerConfigKeys (ConfUtils.java:logGet(43)) - raft.server.rpc.request.timeout = 3000ms (default)
2019-10-07 05:59:50,918 [main] INFO  server.RaftServerConfigKeys (ConfUtils.java:logGet(43)) - raft.server.storage.dir = [/workdir/hadoop-ozone/integration-test/target/test-dir/MiniOzoneClusterImpl-ef13529d-ad89-4511-899b-e06c9460a472/datanode-0/data/ratis] (custom)
2019-10-07 05:59:50,977 [main] INFO  hdfs.DFSUtil (DFSUtil.java:httpServerTemplateForNNAndJN(1641)) - Starting Web-server for hddsDatanode at: http://0.0.0.0:0
2019-10-07 05:59:50,979 [main] INFO  server.AuthenticationFilter (AuthenticationFilter.java:constructSecretProvider(240)) - Unable to initialize FileSignerSecretProvider, falling back to use random secrets.
2019-10-07 05:59:50,980 [main] WARN  http.HttpRequestLog (HttpRequestLog.java:getRequestLog(97)) - Jetty request log can only be enabled using Log4j
2019-10-07 05:59:50,982 [main] INFO  http.HttpServer2 (HttpServer2.java:addGlobalFilter(975)) - Added global filter 'safety' (class=org.apache.hadoop.http.HttpServer2$QuotingInputFilter)
2019-10-07 05:59:50,983 [main] INFO  http.HttpServer2 (HttpServer2.java:addFilter(948)) - Added filter static_user_filter (class=org.apache.hadoop.http.lib.StaticUserWebFilter$StaticUserFilter) to context hddsDatanode
2019-10-07 05:59:50,983 [main] INFO  http.HttpServer2 (HttpServer2.java:addFilter(958)) - Added filter static_user_filter (class=org.apache.hadoop.http.lib.StaticUserWebFilter$StaticUserFilter) to context logs
2019-10-07 05:59:50,983 [main] INFO  http.HttpServer2 (HttpServer2.java:addFilter(958)) - Added filter static_user_filter (class=org.apache.hadoop.http.lib.StaticUserWebFilter$StaticUserFilter) to context static
2019-10-07 05:59:50,985 [main] INFO  http.HttpServer2 (HttpServer2.java:bindListener(1191)) - Jetty bound to port 42645
2019-10-07 05:59:50,985 [main] INFO  server.Server (Server.java:doStart(351)) - jetty-9.3.25.v20180904, build timestamp: 2018-09-04T21:11:46Z, git hash: 3ce520221d0240229c862b122d2b06c12a625732
2019-10-07 05:59:50,988 [main] INFO  handler.ContextHandler (ContextHandler.java:doStart(781)) - Started o.e.j.s.ServletContextHandler@70228253{/logs,file:///workdir/hadoop-ozone/integration-test/target/log,AVAILABLE}
2019-10-07 05:59:50,989 [main] INFO  handler.ContextHandler (ContextHandler.java:doStart(781)) - Started o.e.j.s.ServletContextHandler@21bd20ee{/static,jar:file:/home/user/.m2/repository/org/apache/hadoop/hadoop-hdds-container-service/0.5.0-SNAPSHOT/hadoop-hdds-container-service-0.5.0-SNAPSHOT.jar!/webapps/static,AVAILABLE}
2019-10-07 05:59:51,027 [main] INFO  handler.ContextHandler (ContextHandler.java:doStart(781)) - Started o.e.j.w.WebAppContext@3804a9a8{/,file:///tmp/jetty-0.0.0.0-42645-hddsDatanode-_-any-735878912015405219.dir/webapp/,AVAILABLE}{/hddsDatanode}
2019-10-07 05:59:51,029 [main] INFO  server.AbstractConnector (AbstractConnector.java:doStart(278)) - Started ServerConnector@117525fe{HTTP/1.1,[http/1.1]}{0.0.0.0:42645}
2019-10-07 05:59:51,031 [main] INFO  server.Server (Server.java:doStart(419)) - Started @5307ms
2019-10-07 05:59:51,031 [main] WARN  impl.MetricsSystemImpl (MetricsSystemImpl.java:register(276)) - Sink prometheus already exists!
2019-10-07 05:59:51,033 [main] INFO  server.BaseHttpServer (BaseHttpServer.java:updateConnectorAddress(215)) - HTTP server of HDDSDATANODE is listening at http://0.0.0.0:42645
2019-10-07 05:59:51,035 [main] INFO  impl.MetricsSystemImpl (MetricsSystemImpl.java:init(158)) - HddsDatanode metrics system started (again)
2019-10-07 05:59:51,040 [org.apache.hadoop.util.JvmPauseMonitor$Monitor@6915be8c] INFO  util.JvmPauseMonitor (JvmPauseMonitor.java:run(188)) - Starting JVM pause monitor
2019-10-07 05:59:51,041 [main] INFO  ozone.HddsDatanodeService (HddsDatanodeService.java:start(184)) - HddsDatanodeService host:trunk-nightly-20191007-kbwpl-4130163227 ip:192.168.30.3
2019-10-07 05:59:51,052 [main] INFO  volume.HddsVolume (HddsVolume.java:<init>(176)) - Creating Volume: /workdir/hadoop-ozone/integration-test/target/test-dir/MiniOzoneClusterImpl-ef13529d-ad89-4511-899b-e06c9460a472/datanode-1/data/containers/hdds of  storage type : DISK and capacity : 1482555576320
2019-10-07 05:59:51,053 [main] INFO  volume.VolumeSet (VolumeSet.java:initializeVolumeSet(170)) - Added Volume : /workdir/hadoop-ozone/integration-test/target/test-dir/MiniOzoneClusterImpl-ef13529d-ad89-4511-899b-e06c9460a472/datanode-1/data/containers/hdds to VolumeSet
2019-10-07 05:59:51,053 [main] INFO  volume.ThrottledAsyncChecker (ThrottledAsyncChecker.java:schedule(139)) - Scheduling a check for org.apache.hadoop.ozone.container.common.volume.HddsVolume@625d9132
2019-10-07 05:59:51,054 [main] INFO  volume.HddsVolumeChecker (HddsVolumeChecker.java:checkAllVolumes(202)) - Scheduled health check for volume org.apache.hadoop.ozone.container.common.volume.HddsVolume@625d9132
2019-10-07 05:59:51,071 [main] INFO  impl.RaftServerProxy (ConfUtils.java:logGet(43)) - raft.rpc.type = GRPC (default)
2019-10-07 05:59:51,071 [main] INFO  grpc.GrpcFactory (GrpcFactory.java:checkPooledByteBufAllocatorUseCacheForAllThreads(45)) - PERFORMANCE WARNING: useCacheForAllThreads is true that may cause Netty to create a lot garbage objects and, as a result, trigger GC.
	It is recommended to disable useCacheForAllThreads by setting -Dorg.apache.ratis.thirdparty.io.netty.allocator.useCacheForAllThreads=false in command line.
2019-10-07 05:59:51,071 [main] INFO  grpc.GrpcConfigKeys$Server (ConfUtils.java:logGet(43)) - raft.grpc.server.port = 0 (default)
2019-10-07 05:59:51,072 [main] INFO  server.GrpcService (ConfUtils.java:logGet(43)) - raft.grpc.message.size.max = 33570816 (custom)
2019-10-07 05:59:51,072 [main] INFO  server.RaftServerConfigKeys (ConfUtils.java:logGet(43)) - raft.server.log.appender.buffer.byte-limit = 33554432 (custom)
2019-10-07 05:59:51,072 [main] INFO  server.GrpcService (ConfUtils.java:logGet(43)) - raft.grpc.flow.control.window = 1MB (=1048576) (default)
2019-10-07 05:59:51,073 [main] INFO  server.RaftServerConfigKeys (ConfUtils.java:logGet(43)) - raft.server.rpc.request.timeout = 3000ms (default)
2019-10-07 05:59:51,073 [main] INFO  server.RaftServerConfigKeys (ConfUtils.java:logGet(43)) - raft.server.storage.dir = [/workdir/hadoop-ozone/integration-test/target/test-dir/MiniOzoneClusterImpl-ef13529d-ad89-4511-899b-e06c9460a472/datanode-1/data/ratis] (custom)
2019-10-07 05:59:51,075 [main] INFO  hdfs.DFSUtil (DFSUtil.java:httpServerTemplateForNNAndJN(1641)) - Starting Web-server for hddsDatanode at: http://0.0.0.0:0
2019-10-07 05:59:51,076 [main] INFO  server.AuthenticationFilter (AuthenticationFilter.java:constructSecretProvider(240)) - Unable to initialize FileSignerSecretProvider, falling back to use random secrets.
2019-10-07 05:59:51,077 [main] WARN  http.HttpRequestLog (HttpRequestLog.java:getRequestLog(97)) - Jetty request log can only be enabled using Log4j
2019-10-07 05:59:51,079 [main] INFO  http.HttpServer2 (HttpServer2.java:addGlobalFilter(975)) - Added global filter 'safety' (class=org.apache.hadoop.http.HttpServer2$QuotingInputFilter)
2019-10-07 05:59:51,080 [main] INFO  http.HttpServer2 (HttpServer2.java:addFilter(948)) - Added filter static_user_filter (class=org.apache.hadoop.http.lib.StaticUserWebFilter$StaticUserFilter) to context hddsDatanode
2019-10-07 05:59:51,080 [main] INFO  http.HttpServer2 (HttpServer2.java:addFilter(958)) - Added filter static_user_filter (class=org.apache.hadoop.http.lib.StaticUserWebFilter$StaticUserFilter) to context static
2019-10-07 05:59:51,080 [main] INFO  http.HttpServer2 (HttpServer2.java:addFilter(958)) - Added filter static_user_filter (class=org.apache.hadoop.http.lib.StaticUserWebFilter$StaticUserFilter) to context logs
2019-10-07 05:59:51,081 [main] INFO  http.HttpServer2 (HttpServer2.java:bindListener(1191)) - Jetty bound to port 43395
2019-10-07 05:59:51,081 [main] INFO  server.Server (Server.java:doStart(351)) - jetty-9.3.25.v20180904, build timestamp: 2018-09-04T21:11:46Z, git hash: 3ce520221d0240229c862b122d2b06c12a625732
2019-10-07 05:59:51,085 [main] INFO  handler.ContextHandler (ContextHandler.java:doStart(781)) - Started o.e.j.s.ServletContextHandler@79b84841{/logs,file:///workdir/hadoop-ozone/integration-test/target/log,AVAILABLE}
2019-10-07 05:59:51,085 [main] INFO  handler.ContextHandler (ContextHandler.java:doStart(781)) - Started o.e.j.s.ServletContextHandler@3c87e6b7{/static,jar:file:/home/user/.m2/repository/org/apache/hadoop/hadoop-hdds-container-service/0.5.0-SNAPSHOT/hadoop-hdds-container-service-0.5.0-SNAPSHOT.jar!/webapps/static,AVAILABLE}
2019-10-07 05:59:51,117 [main] INFO  handler.ContextHandler (ContextHandler.java:doStart(781)) - Started o.e.j.w.WebAppContext@6cc86152{/,file:///tmp/jetty-0.0.0.0-43395-hddsDatanode-_-any-5897515694305479693.dir/webapp/,AVAILABLE}{/hddsDatanode}
2019-10-07 05:59:51,119 [main] INFO  server.AbstractConnector (AbstractConnector.java:doStart(278)) - Started ServerConnector@611a990b{HTTP/1.1,[http/1.1]}{0.0.0.0:43395}
2019-10-07 05:59:51,119 [main] INFO  server.Server (Server.java:doStart(419)) - Started @5395ms
2019-10-07 05:59:51,120 [main] WARN  impl.MetricsSystemImpl (MetricsSystemImpl.java:register(276)) - Sink prometheus already exists!
2019-10-07 05:59:51,121 [main] INFO  server.BaseHttpServer (BaseHttpServer.java:updateConnectorAddress(215)) - HTTP server of HDDSDATANODE is listening at http://0.0.0.0:43395
2019-10-07 05:59:51,122 [main] INFO  impl.MetricsSystemImpl (MetricsSystemImpl.java:init(158)) - HddsDatanode metrics system started (again)
2019-10-07 05:59:51,125 [org.apache.hadoop.util.JvmPauseMonitor$Monitor@5d2b3fab] INFO  util.JvmPauseMonitor (JvmPauseMonitor.java:run(188)) - Starting JVM pause monitor
2019-10-07 05:59:51,125 [main] INFO  ozone.HddsDatanodeService (HddsDatanodeService.java:start(184)) - HddsDatanodeService host:trunk-nightly-20191007-kbwpl-4130163227 ip:192.168.30.3
2019-10-07 05:59:51,134 [main] INFO  volume.HddsVolume (HddsVolume.java:<init>(176)) - Creating Volume: /workdir/hadoop-ozone/integration-test/target/test-dir/MiniOzoneClusterImpl-ef13529d-ad89-4511-899b-e06c9460a472/datanode-2/data/containers/hdds of  storage type : DISK and capacity : 1482555576320
2019-10-07 05:59:51,134 [main] INFO  volume.VolumeSet (VolumeSet.java:initializeVolumeSet(170)) - Added Volume : /workdir/hadoop-ozone/integration-test/target/test-dir/MiniOzoneClusterImpl-ef13529d-ad89-4511-899b-e06c9460a472/datanode-2/data/containers/hdds to VolumeSet
2019-10-07 05:59:51,134 [main] INFO  volume.ThrottledAsyncChecker (ThrottledAsyncChecker.java:schedule(139)) - Scheduling a check for org.apache.hadoop.ozone.container.common.volume.HddsVolume@44536de4
2019-10-07 05:59:51,135 [main] INFO  volume.HddsVolumeChecker (HddsVolumeChecker.java:checkAllVolumes(202)) - Scheduled health check for volume org.apache.hadoop.ozone.container.common.volume.HddsVolume@44536de4
2019-10-07 05:59:51,151 [main] INFO  impl.RaftServerProxy (ConfUtils.java:logGet(43)) - raft.rpc.type = GRPC (default)
2019-10-07 05:59:51,151 [main] INFO  grpc.GrpcFactory (GrpcFactory.java:checkPooledByteBufAllocatorUseCacheForAllThreads(45)) - PERFORMANCE WARNING: useCacheForAllThreads is true that may cause Netty to create a lot garbage objects and, as a result, trigger GC.
	It is recommended to disable useCacheForAllThreads by setting -Dorg.apache.ratis.thirdparty.io.netty.allocator.useCacheForAllThreads=false in command line.
2019-10-07 05:59:51,152 [main] INFO  grpc.GrpcConfigKeys$Server (ConfUtils.java:logGet(43)) - raft.grpc.server.port = 0 (default)
2019-10-07 05:59:51,152 [main] INFO  server.GrpcService (ConfUtils.java:logGet(43)) - raft.grpc.message.size.max = 33570816 (custom)
2019-10-07 05:59:51,152 [main] INFO  server.RaftServerConfigKeys (ConfUtils.java:logGet(43)) - raft.server.log.appender.buffer.byte-limit = 33554432 (custom)
2019-10-07 05:59:51,152 [main] INFO  server.GrpcService (ConfUtils.java:logGet(43)) - raft.grpc.flow.control.window = 1MB (=1048576) (default)
2019-10-07 05:59:51,153 [main] INFO  server.RaftServerConfigKeys (ConfUtils.java:logGet(43)) - raft.server.rpc.request.timeout = 3000ms (default)
2019-10-07 05:59:51,153 [main] INFO  server.RaftServerConfigKeys (ConfUtils.java:logGet(43)) - raft.server.storage.dir = [/workdir/hadoop-ozone/integration-test/target/test-dir/MiniOzoneClusterImpl-ef13529d-ad89-4511-899b-e06c9460a472/datanode-2/data/ratis] (custom)
2019-10-07 05:59:51,156 [main] INFO  hdfs.DFSUtil (DFSUtil.java:httpServerTemplateForNNAndJN(1641)) - Starting Web-server for hddsDatanode at: http://0.0.0.0:0
2019-10-07 05:59:51,158 [main] INFO  server.AuthenticationFilter (AuthenticationFilter.java:constructSecretProvider(240)) - Unable to initialize FileSignerSecretProvider, falling back to use random secrets.
2019-10-07 05:59:51,158 [main] WARN  http.HttpRequestLog (HttpRequestLog.java:getRequestLog(97)) - Jetty request log can only be enabled using Log4j
2019-10-07 05:59:51,160 [main] INFO  http.HttpServer2 (HttpServer2.java:addGlobalFilter(975)) - Added global filter 'safety' (class=org.apache.hadoop.http.HttpServer2$QuotingInputFilter)
2019-10-07 05:59:51,161 [main] INFO  http.HttpServer2 (HttpServer2.java:addFilter(948)) - Added filter static_user_filter (class=org.apache.hadoop.http.lib.StaticUserWebFilter$StaticUserFilter) to context hddsDatanode
2019-10-07 05:59:51,161 [main] INFO  http.HttpServer2 (HttpServer2.java:addFilter(958)) - Added filter static_user_filter (class=org.apache.hadoop.http.lib.StaticUserWebFilter$StaticUserFilter) to context logs
2019-10-07 05:59:51,161 [main] INFO  http.HttpServer2 (HttpServer2.java:addFilter(958)) - Added filter static_user_filter (class=org.apache.hadoop.http.lib.StaticUserWebFilter$StaticUserFilter) to context static
2019-10-07 05:59:51,162 [main] INFO  http.HttpServer2 (HttpServer2.java:bindListener(1191)) - Jetty bound to port 36322
2019-10-07 05:59:51,162 [Datanode State Machine Thread - 0] INFO  datanode.InitDatanodeState (InitDatanodeState.java:persistContainerDatanodeDetails(140)) - DatanodeDetails is persisted to /workdir/hadoop-ozone/integration-test/target/test-dir/MiniOzoneClusterImpl-ef13529d-ad89-4511-899b-e06c9460a472/datanode-0/meta/datanode.id
2019-10-07 05:59:51,162 [main] INFO  server.Server (Server.java:doStart(351)) - jetty-9.3.25.v20180904, build timestamp: 2018-09-04T21:11:46Z, git hash: 3ce520221d0240229c862b122d2b06c12a625732
2019-10-07 05:59:51,166 [Datanode State Machine Thread - 0] INFO  datanode.InitDatanodeState (InitDatanodeState.java:persistContainerDatanodeDetails(140)) - DatanodeDetails is persisted to /workdir/hadoop-ozone/integration-test/target/test-dir/MiniOzoneClusterImpl-ef13529d-ad89-4511-899b-e06c9460a472/datanode-1/meta/datanode.id
2019-10-07 05:59:51,167 [main] INFO  handler.ContextHandler (ContextHandler.java:doStart(781)) - Started o.e.j.s.ServletContextHandler@733aa9d8{/logs,file:///workdir/hadoop-ozone/integration-test/target/log,AVAILABLE}
2019-10-07 05:59:51,168 [main] INFO  handler.ContextHandler (ContextHandler.java:doStart(781)) - Started o.e.j.s.ServletContextHandler@2b680207{/static,jar:file:/home/user/.m2/repository/org/apache/hadoop/hadoop-hdds-container-service/0.5.0-SNAPSHOT/hadoop-hdds-container-service-0.5.0-SNAPSHOT.jar!/webapps/static,AVAILABLE}
2019-10-07 05:59:51,208 [main] INFO  handler.ContextHandler (ContextHandler.java:doStart(781)) - Started o.e.j.w.WebAppContext@4613311f{/,file:///tmp/jetty-0.0.0.0-36322-hddsDatanode-_-any-694283098036357667.dir/webapp/,AVAILABLE}{/hddsDatanode}
2019-10-07 05:59:51,210 [main] INFO  server.AbstractConnector (AbstractConnector.java:doStart(278)) - Started ServerConnector@6540cf1d{HTTP/1.1,[http/1.1]}{0.0.0.0:36322}
2019-10-07 05:59:51,211 [main] INFO  server.Server (Server.java:doStart(419)) - Started @5487ms
2019-10-07 05:59:51,211 [main] WARN  impl.MetricsSystemImpl (MetricsSystemImpl.java:register(276)) - Sink prometheus already exists!
2019-10-07 05:59:51,212 [main] INFO  server.BaseHttpServer (BaseHttpServer.java:updateConnectorAddress(215)) - HTTP server of HDDSDATANODE is listening at http://0.0.0.0:36322
2019-10-07 05:59:51,213 [main] INFO  impl.MetricsSystemImpl (MetricsSystemImpl.java:init(158)) - HddsDatanode metrics system started (again)
2019-10-07 05:59:51,215 [org.apache.hadoop.util.JvmPauseMonitor$Monitor@1066496b] INFO  util.JvmPauseMonitor (JvmPauseMonitor.java:run(188)) - Starting JVM pause monitor
2019-10-07 05:59:51,216 [main] INFO  ozone.HddsDatanodeService (HddsDatanodeService.java:start(184)) - HddsDatanodeService host:trunk-nightly-20191007-kbwpl-4130163227 ip:192.168.30.3
2019-10-07 05:59:51,218 [Datanode State Machine Thread - 0] INFO  datanode.InitDatanodeState (InitDatanodeState.java:persistContainerDatanodeDetails(140)) - DatanodeDetails is persisted to /workdir/hadoop-ozone/integration-test/target/test-dir/MiniOzoneClusterImpl-ef13529d-ad89-4511-899b-e06c9460a472/datanode-2/meta/datanode.id
2019-10-07 05:59:51,223 [main] INFO  volume.HddsVolume (HddsVolume.java:<init>(176)) - Creating Volume: /workdir/hadoop-ozone/integration-test/target/test-dir/MiniOzoneClusterImpl-ef13529d-ad89-4511-899b-e06c9460a472/datanode-3/data/containers/hdds of  storage type : DISK and capacity : 1482555576320
2019-10-07 05:59:51,223 [main] INFO  volume.VolumeSet (VolumeSet.java:initializeVolumeSet(170)) - Added Volume : /workdir/hadoop-ozone/integration-test/target/test-dir/MiniOzoneClusterImpl-ef13529d-ad89-4511-899b-e06c9460a472/datanode-3/data/containers/hdds to VolumeSet
2019-10-07 05:59:51,223 [main] INFO  volume.ThrottledAsyncChecker (ThrottledAsyncChecker.java:schedule(139)) - Scheduling a check for org.apache.hadoop.ozone.container.common.volume.HddsVolume@27d33393
2019-10-07 05:59:51,224 [main] INFO  volume.HddsVolumeChecker (HddsVolumeChecker.java:checkAllVolumes(202)) - Scheduled health check for volume org.apache.hadoop.ozone.container.common.volume.HddsVolume@27d33393
2019-10-07 05:59:51,237 [main] INFO  impl.RaftServerProxy (ConfUtils.java:logGet(43)) - raft.rpc.type = GRPC (default)
2019-10-07 05:59:51,238 [main] INFO  grpc.GrpcFactory (GrpcFactory.java:checkPooledByteBufAllocatorUseCacheForAllThreads(45)) - PERFORMANCE WARNING: useCacheForAllThreads is true that may cause Netty to create a lot garbage objects and, as a result, trigger GC.
	It is recommended to disable useCacheForAllThreads by setting -Dorg.apache.ratis.thirdparty.io.netty.allocator.useCacheForAllThreads=false in command line.
2019-10-07 05:59:51,238 [main] INFO  grpc.GrpcConfigKeys$Server (ConfUtils.java:logGet(43)) - raft.grpc.server.port = 0 (default)
2019-10-07 05:59:51,238 [main] INFO  server.GrpcService (ConfUtils.java:logGet(43)) - raft.grpc.message.size.max = 33570816 (custom)
2019-10-07 05:59:51,238 [main] INFO  server.RaftServerConfigKeys (ConfUtils.java:logGet(43)) - raft.server.log.appender.buffer.byte-limit = 33554432 (custom)
2019-10-07 05:59:51,239 [main] INFO  server.GrpcService (ConfUtils.java:logGet(43)) - raft.grpc.flow.control.window = 1MB (=1048576) (default)
2019-10-07 05:59:51,239 [main] INFO  server.RaftServerConfigKeys (ConfUtils.java:logGet(43)) - raft.server.rpc.request.timeout = 3000ms (default)
2019-10-07 05:59:51,239 [main] INFO  server.RaftServerConfigKeys (ConfUtils.java:logGet(43)) - raft.server.storage.dir = [/workdir/hadoop-ozone/integration-test/target/test-dir/MiniOzoneClusterImpl-ef13529d-ad89-4511-899b-e06c9460a472/datanode-3/data/ratis] (custom)
2019-10-07 05:59:51,241 [main] INFO  hdfs.DFSUtil (DFSUtil.java:httpServerTemplateForNNAndJN(1641)) - Starting Web-server for hddsDatanode at: http://0.0.0.0:0
2019-10-07 05:59:51,243 [main] INFO  server.AuthenticationFilter (AuthenticationFilter.java:constructSecretProvider(240)) - Unable to initialize FileSignerSecretProvider, falling back to use random secrets.
2019-10-07 05:59:51,243 [main] WARN  http.HttpRequestLog (HttpRequestLog.java:getRequestLog(97)) - Jetty request log can only be enabled using Log4j
2019-10-07 05:59:51,246 [main] INFO  http.HttpServer2 (HttpServer2.java:addGlobalFilter(975)) - Added global filter 'safety' (class=org.apache.hadoop.http.HttpServer2$QuotingInputFilter)
2019-10-07 05:59:51,247 [main] INFO  http.HttpServer2 (HttpServer2.java:addFilter(948)) - Added filter static_user_filter (class=org.apache.hadoop.http.lib.StaticUserWebFilter$StaticUserFilter) to context hddsDatanode
2019-10-07 05:59:51,247 [main] INFO  http.HttpServer2 (HttpServer2.java:addFilter(958)) - Added filter static_user_filter (class=org.apache.hadoop.http.lib.StaticUserWebFilter$StaticUserFilter) to context static
2019-10-07 05:59:51,248 [main] INFO  http.HttpServer2 (HttpServer2.java:addFilter(958)) - Added filter static_user_filter (class=org.apache.hadoop.http.lib.StaticUserWebFilter$StaticUserFilter) to context logs
2019-10-07 05:59:51,249 [main] INFO  http.HttpServer2 (HttpServer2.java:bindListener(1191)) - Jetty bound to port 45638
2019-10-07 05:59:51,249 [main] INFO  server.Server (Server.java:doStart(351)) - jetty-9.3.25.v20180904, build timestamp: 2018-09-04T21:11:46Z, git hash: 3ce520221d0240229c862b122d2b06c12a625732
2019-10-07 05:59:51,254 [main] INFO  handler.ContextHandler (ContextHandler.java:doStart(781)) - Started o.e.j.s.ServletContextHandler@119aa36{/logs,file:///workdir/hadoop-ozone/integration-test/target/log,AVAILABLE}
2019-10-07 05:59:51,255 [main] INFO  handler.ContextHandler (ContextHandler.java:doStart(781)) - Started o.e.j.s.ServletContextHandler@69fe0ed4{/static,jar:file:/home/user/.m2/repository/org/apache/hadoop/hadoop-hdds-container-service/0.5.0-SNAPSHOT/hadoop-hdds-container-service-0.5.0-SNAPSHOT.jar!/webapps/static,AVAILABLE}
2019-10-07 05:59:51,291 [main] INFO  handler.ContextHandler (ContextHandler.java:doStart(781)) - Started o.e.j.w.WebAppContext@748d2277{/,file:///tmp/jetty-0.0.0.0-45638-hddsDatanode-_-any-2397742005795142886.dir/webapp/,AVAILABLE}{/hddsDatanode}
2019-10-07 05:59:51,291 [main] INFO  server.AbstractConnector (AbstractConnector.java:doStart(278)) - Started ServerConnector@2f897dab{HTTP/1.1,[http/1.1]}{0.0.0.0:45638}
2019-10-07 05:59:51,292 [main] INFO  server.Server (Server.java:doStart(419)) - Started @5568ms
2019-10-07 05:59:51,293 [main] WARN  impl.MetricsSystemImpl (MetricsSystemImpl.java:register(276)) - Sink prometheus already exists!
2019-10-07 05:59:51,294 [main] INFO  server.BaseHttpServer (BaseHttpServer.java:updateConnectorAddress(215)) - HTTP server of HDDSDATANODE is listening at http://0.0.0.0:45638
2019-10-07 05:59:51,295 [main] INFO  impl.MetricsSystemImpl (MetricsSystemImpl.java:init(158)) - HddsDatanode metrics system started (again)
2019-10-07 05:59:51,299 [org.apache.hadoop.util.JvmPauseMonitor$Monitor@73f00d8f] INFO  util.JvmPauseMonitor (JvmPauseMonitor.java:run(188)) - Starting JVM pause monitor
2019-10-07 05:59:51,299 [main] INFO  ozone.HddsDatanodeService (HddsDatanodeService.java:start(184)) - HddsDatanodeService host:trunk-nightly-20191007-kbwpl-4130163227 ip:192.168.30.3
2019-10-07 05:59:51,301 [Datanode State Machine Thread - 0] INFO  datanode.InitDatanodeState (InitDatanodeState.java:persistContainerDatanodeDetails(140)) - DatanodeDetails is persisted to /workdir/hadoop-ozone/integration-test/target/test-dir/MiniOzoneClusterImpl-ef13529d-ad89-4511-899b-e06c9460a472/datanode-3/meta/datanode.id
2019-10-07 05:59:51,307 [main] INFO  volume.HddsVolume (HddsVolume.java:<init>(176)) - Creating Volume: /workdir/hadoop-ozone/integration-test/target/test-dir/MiniOzoneClusterImpl-ef13529d-ad89-4511-899b-e06c9460a472/datanode-4/data/containers/hdds of  storage type : DISK and capacity : 1482555576320
2019-10-07 05:59:51,308 [main] INFO  volume.VolumeSet (VolumeSet.java:initializeVolumeSet(170)) - Added Volume : /workdir/hadoop-ozone/integration-test/target/test-dir/MiniOzoneClusterImpl-ef13529d-ad89-4511-899b-e06c9460a472/datanode-4/data/containers/hdds to VolumeSet
2019-10-07 05:59:51,308 [main] INFO  volume.ThrottledAsyncChecker (ThrottledAsyncChecker.java:schedule(139)) - Scheduling a check for org.apache.hadoop.ozone.container.common.volume.HddsVolume@561b7d53
2019-10-07 05:59:51,308 [main] INFO  volume.HddsVolumeChecker (HddsVolumeChecker.java:checkAllVolumes(202)) - Scheduled health check for volume org.apache.hadoop.ozone.container.common.volume.HddsVolume@561b7d53
2019-10-07 05:59:51,323 [main] INFO  impl.RaftServerProxy (ConfUtils.java:logGet(43)) - raft.rpc.type = GRPC (default)
2019-10-07 05:59:51,324 [main] INFO  grpc.GrpcFactory (GrpcFactory.java:checkPooledByteBufAllocatorUseCacheForAllThreads(45)) - PERFORMANCE WARNING: useCacheForAllThreads is true that may cause Netty to create a lot garbage objects and, as a result, trigger GC.
	It is recommended to disable useCacheForAllThreads by setting -Dorg.apache.ratis.thirdparty.io.netty.allocator.useCacheForAllThreads=false in command line.
2019-10-07 05:59:51,324 [main] INFO  grpc.GrpcConfigKeys$Server (ConfUtils.java:logGet(43)) - raft.grpc.server.port = 0 (default)
2019-10-07 05:59:51,324 [main] INFO  server.GrpcService (ConfUtils.java:logGet(43)) - raft.grpc.message.size.max = 33570816 (custom)
2019-10-07 05:59:51,324 [main] INFO  server.RaftServerConfigKeys (ConfUtils.java:logGet(43)) - raft.server.log.appender.buffer.byte-limit = 33554432 (custom)
2019-10-07 05:59:51,325 [main] INFO  server.GrpcService (ConfUtils.java:logGet(43)) - raft.grpc.flow.control.window = 1MB (=1048576) (default)
2019-10-07 05:59:51,325 [main] INFO  server.RaftServerConfigKeys (ConfUtils.java:logGet(43)) - raft.server.rpc.request.timeout = 3000ms (default)
2019-10-07 05:59:51,326 [main] INFO  server.RaftServerConfigKeys (ConfUtils.java:logGet(43)) - raft.server.storage.dir = [/workdir/hadoop-ozone/integration-test/target/test-dir/MiniOzoneClusterImpl-ef13529d-ad89-4511-899b-e06c9460a472/datanode-4/data/ratis] (custom)
2019-10-07 05:59:51,327 [main] INFO  hdfs.DFSUtil (DFSUtil.java:httpServerTemplateForNNAndJN(1641)) - Starting Web-server for hddsDatanode at: http://0.0.0.0:0
2019-10-07 05:59:51,329 [main] INFO  server.AuthenticationFilter (AuthenticationFilter.java:constructSecretProvider(240)) - Unable to initialize FileSignerSecretProvider, falling back to use random secrets.
2019-10-07 05:59:51,335 [main] WARN  http.HttpRequestLog (HttpRequestLog.java:getRequestLog(97)) - Jetty request log can only be enabled using Log4j
2019-10-07 05:59:51,336 [main] INFO  http.HttpServer2 (HttpServer2.java:addGlobalFilter(975)) - Added global filter 'safety' (class=org.apache.hadoop.http.HttpServer2$QuotingInputFilter)
2019-10-07 05:59:51,337 [main] INFO  http.HttpServer2 (HttpServer2.java:addFilter(948)) - Added filter static_user_filter (class=org.apache.hadoop.http.lib.StaticUserWebFilter$StaticUserFilter) to context hddsDatanode
2019-10-07 05:59:51,337 [main] INFO  http.HttpServer2 (HttpServer2.java:addFilter(958)) - Added filter static_user_filter (class=org.apache.hadoop.http.lib.StaticUserWebFilter$StaticUserFilter) to context logs
2019-10-07 05:59:51,338 [main] INFO  http.HttpServer2 (HttpServer2.java:addFilter(958)) - Added filter static_user_filter (class=org.apache.hadoop.http.lib.StaticUserWebFilter$StaticUserFilter) to context static
2019-10-07 05:59:51,338 [main] INFO  http.HttpServer2 (HttpServer2.java:bindListener(1191)) - Jetty bound to port 41176
2019-10-07 05:59:51,339 [main] INFO  server.Server (Server.java:doStart(351)) - jetty-9.3.25.v20180904, build timestamp: 2018-09-04T21:11:46Z, git hash: 3ce520221d0240229c862b122d2b06c12a625732
2019-10-07 05:59:51,340 [main] INFO  handler.ContextHandler (ContextHandler.java:doStart(781)) - Started o.e.j.s.ServletContextHandler@75d982d3{/logs,file:///workdir/hadoop-ozone/integration-test/target/log,AVAILABLE}
2019-10-07 05:59:51,341 [main] INFO  handler.ContextHandler (ContextHandler.java:doStart(781)) - Started o.e.j.s.ServletContextHandler@618ff5c2{/static,jar:file:/home/user/.m2/repository/org/apache/hadoop/hadoop-hdds-container-service/0.5.0-SNAPSHOT/hadoop-hdds-container-service-0.5.0-SNAPSHOT.jar!/webapps/static,AVAILABLE}
2019-10-07 05:59:51,378 [main] INFO  handler.ContextHandler (ContextHandler.java:doStart(781)) - Started o.e.j.w.WebAppContext@6f911326{/,file:///tmp/jetty-0.0.0.0-41176-hddsDatanode-_-any-4923547738450551438.dir/webapp/,AVAILABLE}{/hddsDatanode}
2019-10-07 05:59:51,383 [main] INFO  server.AbstractConnector (AbstractConnector.java:doStart(278)) - Started ServerConnector@f1d0004{HTTP/1.1,[http/1.1]}{0.0.0.0:41176}
2019-10-07 05:59:51,386 [main] INFO  server.Server (Server.java:doStart(419)) - Started @5663ms
2019-10-07 05:59:51,387 [main] WARN  impl.MetricsSystemImpl (MetricsSystemImpl.java:register(276)) - Sink prometheus already exists!
2019-10-07 05:59:51,388 [main] INFO  server.BaseHttpServer (BaseHttpServer.java:updateConnectorAddress(215)) - HTTP server of HDDSDATANODE is listening at http://0.0.0.0:41176
2019-10-07 05:59:51,389 [main] INFO  impl.MetricsSystemImpl (MetricsSystemImpl.java:init(158)) - HddsDatanode metrics system started (again)
2019-10-07 05:59:51,395 [org.apache.hadoop.util.JvmPauseMonitor$Monitor@4f41acf2] INFO  util.JvmPauseMonitor (JvmPauseMonitor.java:run(188)) - Starting JVM pause monitor
2019-10-07 05:59:51,399 [main] INFO  ozone.HddsDatanodeService (HddsDatanodeService.java:start(184)) - HddsDatanodeService host:trunk-nightly-20191007-kbwpl-4130163227 ip:192.168.30.3
2019-10-07 05:59:51,401 [Datanode State Machine Thread - 0] INFO  datanode.InitDatanodeState (InitDatanodeState.java:persistContainerDatanodeDetails(140)) - DatanodeDetails is persisted to /workdir/hadoop-ozone/integration-test/target/test-dir/MiniOzoneClusterImpl-ef13529d-ad89-4511-899b-e06c9460a472/datanode-4/meta/datanode.id
2019-10-07 05:59:51,407 [main] INFO  volume.HddsVolume (HddsVolume.java:<init>(176)) - Creating Volume: /workdir/hadoop-ozone/integration-test/target/test-dir/MiniOzoneClusterImpl-ef13529d-ad89-4511-899b-e06c9460a472/datanode-5/data/containers/hdds of  storage type : DISK and capacity : 1482555576320
2019-10-07 05:59:51,407 [main] INFO  volume.VolumeSet (VolumeSet.java:initializeVolumeSet(170)) - Added Volume : /workdir/hadoop-ozone/integration-test/target/test-dir/MiniOzoneClusterImpl-ef13529d-ad89-4511-899b-e06c9460a472/datanode-5/data/containers/hdds to VolumeSet
2019-10-07 05:59:51,407 [main] INFO  volume.ThrottledAsyncChecker (ThrottledAsyncChecker.java:schedule(139)) - Scheduling a check for org.apache.hadoop.ozone.container.common.volume.HddsVolume@2370ac7a
2019-10-07 05:59:51,408 [main] INFO  volume.HddsVolumeChecker (HddsVolumeChecker.java:checkAllVolumes(202)) - Scheduled health check for volume org.apache.hadoop.ozone.container.common.volume.HddsVolume@2370ac7a
2019-10-07 05:59:51,427 [main] INFO  impl.RaftServerProxy (ConfUtils.java:logGet(43)) - raft.rpc.type = GRPC (default)
2019-10-07 05:59:51,427 [main] INFO  grpc.GrpcFactory (GrpcFactory.java:checkPooledByteBufAllocatorUseCacheForAllThreads(45)) - PERFORMANCE WARNING: useCacheForAllThreads is true that may cause Netty to create a lot garbage objects and, as a result, trigger GC.
	It is recommended to disable useCacheForAllThreads by setting -Dorg.apache.ratis.thirdparty.io.netty.allocator.useCacheForAllThreads=false in command line.
2019-10-07 05:59:51,427 [main] INFO  grpc.GrpcConfigKeys$Server (ConfUtils.java:logGet(43)) - raft.grpc.server.port = 0 (default)
2019-10-07 05:59:51,427 [main] INFO  server.GrpcService (ConfUtils.java:logGet(43)) - raft.grpc.message.size.max = 33570816 (custom)
2019-10-07 05:59:51,428 [main] INFO  server.RaftServerConfigKeys (ConfUtils.java:logGet(43)) - raft.server.log.appender.buffer.byte-limit = 33554432 (custom)
2019-10-07 05:59:51,428 [main] INFO  server.GrpcService (ConfUtils.java:logGet(43)) - raft.grpc.flow.control.window = 1MB (=1048576) (default)
2019-10-07 05:59:51,428 [main] INFO  server.RaftServerConfigKeys (ConfUtils.java:logGet(43)) - raft.server.rpc.request.timeout = 3000ms (default)
2019-10-07 05:59:51,429 [main] INFO  server.RaftServerConfigKeys (ConfUtils.java:logGet(43)) - raft.server.storage.dir = [/workdir/hadoop-ozone/integration-test/target/test-dir/MiniOzoneClusterImpl-ef13529d-ad89-4511-899b-e06c9460a472/datanode-5/data/ratis] (custom)
2019-10-07 05:59:51,431 [main] INFO  hdfs.DFSUtil (DFSUtil.java:httpServerTemplateForNNAndJN(1641)) - Starting Web-server for hddsDatanode at: http://0.0.0.0:0
2019-10-07 05:59:51,433 [main] INFO  server.AuthenticationFilter (AuthenticationFilter.java:constructSecretProvider(240)) - Unable to initialize FileSignerSecretProvider, falling back to use random secrets.
2019-10-07 05:59:51,434 [main] WARN  http.HttpRequestLog (HttpRequestLog.java:getRequestLog(97)) - Jetty request log can only be enabled using Log4j
2019-10-07 05:59:51,436 [main] INFO  http.HttpServer2 (HttpServer2.java:addGlobalFilter(975)) - Added global filter 'safety' (class=org.apache.hadoop.http.HttpServer2$QuotingInputFilter)
2019-10-07 05:59:51,436 [main] INFO  http.HttpServer2 (HttpServer2.java:addFilter(948)) - Added filter static_user_filter (class=org.apache.hadoop.http.lib.StaticUserWebFilter$StaticUserFilter) to context hddsDatanode
2019-10-07 05:59:51,436 [main] INFO  http.HttpServer2 (HttpServer2.java:addFilter(958)) - Added filter static_user_filter (class=org.apache.hadoop.http.lib.StaticUserWebFilter$StaticUserFilter) to context static
2019-10-07 05:59:51,437 [main] INFO  http.HttpServer2 (HttpServer2.java:addFilter(958)) - Added filter static_user_filter (class=org.apache.hadoop.http.lib.StaticUserWebFilter$StaticUserFilter) to context logs
2019-10-07 05:59:51,438 [main] INFO  http.HttpServer2 (HttpServer2.java:bindListener(1191)) - Jetty bound to port 36415
2019-10-07 05:59:51,438 [main] INFO  server.Server (Server.java:doStart(351)) - jetty-9.3.25.v20180904, build timestamp: 2018-09-04T21:11:46Z, git hash: 3ce520221d0240229c862b122d2b06c12a625732
2019-10-07 05:59:51,440 [main] INFO  handler.ContextHandler (ContextHandler.java:doStart(781)) - Started o.e.j.s.ServletContextHandler@b887730{/logs,file:///workdir/hadoop-ozone/integration-test/target/log,AVAILABLE}
2019-10-07 05:59:51,440 [main] INFO  handler.ContextHandler (ContextHandler.java:doStart(781)) - Started o.e.j.s.ServletContextHandler@52f57666{/static,jar:file:/home/user/.m2/repository/org/apache/hadoop/hadoop-hdds-container-service/0.5.0-SNAPSHOT/hadoop-hdds-container-service-0.5.0-SNAPSHOT.jar!/webapps/static,AVAILABLE}
2019-10-07 05:59:51,474 [main] INFO  handler.ContextHandler (ContextHandler.java:doStart(781)) - Started o.e.j.w.WebAppContext@363c4251{/,file:///tmp/jetty-0.0.0.0-36415-hddsDatanode-_-any-1890630106987916864.dir/webapp/,AVAILABLE}{/hddsDatanode}
2019-10-07 05:59:51,475 [main] INFO  server.AbstractConnector (AbstractConnector.java:doStart(278)) - Started ServerConnector@7afc4db9{HTTP/1.1,[http/1.1]}{0.0.0.0:36415}
2019-10-07 05:59:51,476 [main] INFO  server.Server (Server.java:doStart(419)) - Started @5752ms
2019-10-07 05:59:51,476 [main] WARN  impl.MetricsSystemImpl (MetricsSystemImpl.java:register(276)) - Sink prometheus already exists!
2019-10-07 05:59:51,476 [main] INFO  server.BaseHttpServer (BaseHttpServer.java:updateConnectorAddress(215)) - HTTP server of HDDSDATANODE is listening at http://0.0.0.0:36415
2019-10-07 05:59:51,477 [main] INFO  impl.MetricsSystemImpl (MetricsSystemImpl.java:init(158)) - HddsDatanode metrics system started (again)
2019-10-07 05:59:51,480 [main] INFO  ozone.HddsDatanodeService (HddsDatanodeService.java:start(184)) - HddsDatanodeService host:trunk-nightly-20191007-kbwpl-4130163227 ip:192.168.30.3
2019-10-07 05:59:51,480 [org.apache.hadoop.util.JvmPauseMonitor$Monitor@1715e04f] INFO  util.JvmPauseMonitor (JvmPauseMonitor.java:run(188)) - Starting JVM pause monitor
2019-10-07 05:59:51,484 [Datanode State Machine Thread - 0] INFO  datanode.InitDatanodeState (InitDatanodeState.java:persistContainerDatanodeDetails(140)) - DatanodeDetails is persisted to /workdir/hadoop-ozone/integration-test/target/test-dir/MiniOzoneClusterImpl-ef13529d-ad89-4511-899b-e06c9460a472/datanode-5/meta/datanode.id
2019-10-07 05:59:51,488 [main] INFO  volume.HddsVolume (HddsVolume.java:<init>(176)) - Creating Volume: /workdir/hadoop-ozone/integration-test/target/test-dir/MiniOzoneClusterImpl-ef13529d-ad89-4511-899b-e06c9460a472/datanode-6/data/containers/hdds of  storage type : DISK and capacity : 1482555576320
2019-10-07 05:59:51,488 [main] INFO  volume.VolumeSet (VolumeSet.java:initializeVolumeSet(170)) - Added Volume : /workdir/hadoop-ozone/integration-test/target/test-dir/MiniOzoneClusterImpl-ef13529d-ad89-4511-899b-e06c9460a472/datanode-6/data/containers/hdds to VolumeSet
2019-10-07 05:59:51,489 [main] INFO  volume.ThrottledAsyncChecker (ThrottledAsyncChecker.java:schedule(139)) - Scheduling a check for org.apache.hadoop.ozone.container.common.volume.HddsVolume@1f9f381d
2019-10-07 05:59:51,489 [main] INFO  volume.HddsVolumeChecker (HddsVolumeChecker.java:checkAllVolumes(202)) - Scheduled health check for volume org.apache.hadoop.ozone.container.common.volume.HddsVolume@1f9f381d
2019-10-07 05:59:51,503 [main] INFO  impl.RaftServerProxy (ConfUtils.java:logGet(43)) - raft.rpc.type = GRPC (default)
2019-10-07 05:59:51,503 [main] INFO  grpc.GrpcFactory (GrpcFactory.java:checkPooledByteBufAllocatorUseCacheForAllThreads(45)) - PERFORMANCE WARNING: useCacheForAllThreads is true that may cause Netty to create a lot garbage objects and, as a result, trigger GC.
	It is recommended to disable useCacheForAllThreads by setting -Dorg.apache.ratis.thirdparty.io.netty.allocator.useCacheForAllThreads=false in command line.
2019-10-07 05:59:51,503 [main] INFO  grpc.GrpcConfigKeys$Server (ConfUtils.java:logGet(43)) - raft.grpc.server.port = 0 (default)
2019-10-07 05:59:51,504 [main] INFO  server.GrpcService (ConfUtils.java:logGet(43)) - raft.grpc.message.size.max = 33570816 (custom)
2019-10-07 05:59:51,504 [main] INFO  server.RaftServerConfigKeys (ConfUtils.java:logGet(43)) - raft.server.log.appender.buffer.byte-limit = 33554432 (custom)
2019-10-07 05:59:51,504 [main] INFO  server.GrpcService (ConfUtils.java:logGet(43)) - raft.grpc.flow.control.window = 1MB (=1048576) (default)
2019-10-07 05:59:51,504 [main] INFO  server.RaftServerConfigKeys (ConfUtils.java:logGet(43)) - raft.server.rpc.request.timeout = 3000ms (default)
2019-10-07 05:59:51,505 [main] INFO  server.RaftServerConfigKeys (ConfUtils.java:logGet(43)) - raft.server.storage.dir = [/workdir/hadoop-ozone/integration-test/target/test-dir/MiniOzoneClusterImpl-ef13529d-ad89-4511-899b-e06c9460a472/datanode-6/data/ratis] (custom)
2019-10-07 05:59:51,506 [main] INFO  hdfs.DFSUtil (DFSUtil.java:httpServerTemplateForNNAndJN(1641)) - Starting Web-server for hddsDatanode at: http://0.0.0.0:0
2019-10-07 05:59:51,508 [main] INFO  server.AuthenticationFilter (AuthenticationFilter.java:constructSecretProvider(240)) - Unable to initialize FileSignerSecretProvider, falling back to use random secrets.
2019-10-07 05:59:51,508 [main] WARN  http.HttpRequestLog (HttpRequestLog.java:getRequestLog(97)) - Jetty request log can only be enabled using Log4j
2019-10-07 05:59:51,509 [main] INFO  http.HttpServer2 (HttpServer2.java:addGlobalFilter(975)) - Added global filter 'safety' (class=org.apache.hadoop.http.HttpServer2$QuotingInputFilter)
2019-10-07 05:59:51,510 [main] INFO  http.HttpServer2 (HttpServer2.java:addFilter(948)) - Added filter static_user_filter (class=org.apache.hadoop.http.lib.StaticUserWebFilter$StaticUserFilter) to context hddsDatanode
2019-10-07 05:59:51,510 [main] INFO  http.HttpServer2 (HttpServer2.java:addFilter(958)) - Added filter static_user_filter (class=org.apache.hadoop.http.lib.StaticUserWebFilter$StaticUserFilter) to context logs
2019-10-07 05:59:51,510 [main] INFO  http.HttpServer2 (HttpServer2.java:addFilter(958)) - Added filter static_user_filter (class=org.apache.hadoop.http.lib.StaticUserWebFilter$StaticUserFilter) to context static
2019-10-07 05:59:51,511 [main] INFO  http.HttpServer2 (HttpServer2.java:bindListener(1191)) - Jetty bound to port 44991
2019-10-07 05:59:51,511 [main] INFO  server.Server (Server.java:doStart(351)) - jetty-9.3.25.v20180904, build timestamp: 2018-09-04T21:11:46Z, git hash: 3ce520221d0240229c862b122d2b06c12a625732
2019-10-07 05:59:51,513 [main] INFO  handler.ContextHandler (ContextHandler.java:doStart(781)) - Started o.e.j.s.ServletContextHandler@7dbe2ebf{/logs,file:///workdir/hadoop-ozone/integration-test/target/log,AVAILABLE}
2019-10-07 05:59:51,513 [main] INFO  handler.ContextHandler (ContextHandler.java:doStart(781)) - Started o.e.j.s.ServletContextHandler@885e7ff{/static,jar:file:/home/user/.m2/repository/org/apache/hadoop/hadoop-hdds-container-service/0.5.0-SNAPSHOT/hadoop-hdds-container-service-0.5.0-SNAPSHOT.jar!/webapps/static,AVAILABLE}
2019-10-07 05:59:51,543 [main] INFO  handler.ContextHandler (ContextHandler.java:doStart(781)) - Started o.e.j.w.WebAppContext@6a818392{/,file:///tmp/jetty-0.0.0.0-44991-hddsDatanode-_-any-6700405982680070179.dir/webapp/,AVAILABLE}{/hddsDatanode}
2019-10-07 05:59:51,543 [main] INFO  server.AbstractConnector (AbstractConnector.java:doStart(278)) - Started ServerConnector@489091bd{HTTP/1.1,[http/1.1]}{0.0.0.0:44991}
2019-10-07 05:59:51,544 [main] INFO  server.Server (Server.java:doStart(419)) - Started @5821ms
2019-10-07 05:59:51,544 [main] WARN  impl.MetricsSystemImpl (MetricsSystemImpl.java:register(276)) - Sink prometheus already exists!
2019-10-07 05:59:51,545 [main] INFO  server.BaseHttpServer (BaseHttpServer.java:updateConnectorAddress(215)) - HTTP server of HDDSDATANODE is listening at http://0.0.0.0:44991
2019-10-07 05:59:51,549 [main] INFO  ozone.MiniOzoneClusterImpl (MiniOzoneClusterImpl.java:lambda$waitForClusterToBeReady$0(147)) - Waiting for cluster to be ready. Got 0 of 7 DN Heartbeats.
2019-10-07 05:59:51,549 [org.apache.hadoop.util.JvmPauseMonitor$Monitor@60c460cb] INFO  util.JvmPauseMonitor (JvmPauseMonitor.java:run(188)) - Starting JVM pause monitor
2019-10-07 05:59:51,553 [Datanode State Machine Thread - 0] INFO  datanode.InitDatanodeState (InitDatanodeState.java:persistContainerDatanodeDetails(140)) - DatanodeDetails is persisted to /workdir/hadoop-ozone/integration-test/target/test-dir/MiniOzoneClusterImpl-ef13529d-ad89-4511-899b-e06c9460a472/datanode-6/meta/datanode.id
2019-10-07 05:59:52,549 [main] INFO  ozone.MiniOzoneClusterImpl (MiniOzoneClusterImpl.java:lambda$waitForClusterToBeReady$0(147)) - Waiting for cluster to be ready. Got 0 of 7 DN Heartbeats.
2019-10-07 05:59:53,149 [Datanode State Machine Thread - 0] INFO  ozoneimpl.OzoneContainer (OzoneContainer.java:start(217)) - Attempting to start container services.
2019-10-07 05:59:53,149 [Datanode State Machine Thread - 0] INFO  ozoneimpl.OzoneContainer (OzoneContainer.java:start(217)) - Attempting to start container services.
2019-10-07 05:59:53,154 [Datanode State Machine Thread - 0] INFO  ozoneimpl.OzoneContainer (OzoneContainer.java:startContainerScrub(179)) - Background container scanner has been disabled.
2019-10-07 05:59:53,154 [Datanode State Machine Thread - 0] INFO  ozoneimpl.OzoneContainer (OzoneContainer.java:startContainerScrub(179)) - Background container scanner has been disabled.
2019-10-07 05:59:53,154 [Datanode State Machine Thread - 0] INFO  ratis.XceiverServerRatis (XceiverServerRatis.java:start(418)) - Starting XceiverServerRatis 30f407cc-3a1c-475e-b481-9911daf65b99 at port 0
2019-10-07 05:59:53,155 [Datanode State Machine Thread - 0] INFO  ratis.XceiverServerRatis (XceiverServerRatis.java:start(418)) - Starting XceiverServerRatis 2c77848b-e6b5-4a1d-a3b2-ab28479a2399 at port 0
2019-10-07 05:59:53,189 [Datanode State Machine Thread - 0] INFO  impl.RaftServerProxy (RaftServerProxy.java:lambda$start$3(299)) - 30f407cc-3a1c-475e-b481-9911daf65b99: start RPC server
2019-10-07 05:59:53,189 [Datanode State Machine Thread - 0] INFO  impl.RaftServerProxy (RaftServerProxy.java:lambda$start$3(299)) - 2c77848b-e6b5-4a1d-a3b2-ab28479a2399: start RPC server
2019-10-07 05:59:53,244 [Datanode State Machine Thread - 0] INFO  ozoneimpl.OzoneContainer (OzoneContainer.java:start(217)) - Attempting to start container services.
2019-10-07 05:59:53,254 [Datanode State Machine Thread - 0] INFO  ozoneimpl.OzoneContainer (OzoneContainer.java:startContainerScrub(179)) - Background container scanner has been disabled.
2019-10-07 05:59:53,254 [Datanode State Machine Thread - 0] INFO  ratis.XceiverServerRatis (XceiverServerRatis.java:start(418)) - Starting XceiverServerRatis c585da5a-a255-4272-8069-f95bb7255ddc at port 0
2019-10-07 05:59:53,264 [Datanode State Machine Thread - 0] INFO  impl.RaftServerProxy (RaftServerProxy.java:lambda$start$3(299)) - c585da5a-a255-4272-8069-f95bb7255ddc: start RPC server
2019-10-07 05:59:53,317 [Datanode State Machine Thread - 0] INFO  ozoneimpl.OzoneContainer (OzoneContainer.java:start(217)) - Attempting to start container services.
2019-10-07 05:59:53,317 [Datanode State Machine Thread - 0] INFO  ozoneimpl.OzoneContainer (OzoneContainer.java:startContainerScrub(179)) - Background container scanner has been disabled.
2019-10-07 05:59:53,318 [Datanode State Machine Thread - 0] INFO  ratis.XceiverServerRatis (XceiverServerRatis.java:start(418)) - Starting XceiverServerRatis 86a83129-ecff-4408-81ec-54a1e4e7b386 at port 0
2019-10-07 05:59:53,331 [Datanode State Machine Thread - 0] INFO  impl.RaftServerProxy (RaftServerProxy.java:lambda$start$3(299)) - 86a83129-ecff-4408-81ec-54a1e4e7b386: start RPC server
2019-10-07 05:59:53,375 [Datanode State Machine Thread - 0] INFO  server.GrpcService (GrpcService.java:startImpl(158)) - 86a83129-ecff-4408-81ec-54a1e4e7b386: GrpcService started, listening on 0.0.0.0/0.0.0.0:34069
2019-10-07 05:59:53,375 [Datanode State Machine Thread - 0] INFO  server.GrpcService (GrpcService.java:startImpl(158)) - 30f407cc-3a1c-475e-b481-9911daf65b99: GrpcService started, listening on 0.0.0.0/0.0.0.0:44796
2019-10-07 05:59:53,375 [Datanode State Machine Thread - 0] INFO  server.GrpcService (GrpcService.java:startImpl(158)) - 2c77848b-e6b5-4a1d-a3b2-ab28479a2399: GrpcService started, listening on 0.0.0.0/0.0.0.0:38603
2019-10-07 05:59:53,375 [Datanode State Machine Thread - 0] INFO  server.GrpcService (GrpcService.java:startImpl(158)) - c585da5a-a255-4272-8069-f95bb7255ddc: GrpcService started, listening on 0.0.0.0/0.0.0.0:38193
2019-10-07 05:59:53,377 [Datanode State Machine Thread - 0] INFO  ratis.XceiverServerRatis (XceiverServerRatis.java:start(428)) - XceiverServerRatis 2c77848b-e6b5-4a1d-a3b2-ab28479a2399 is started using port 38603
2019-10-07 05:59:53,376 [Datanode State Machine Thread - 0] INFO  ratis.XceiverServerRatis (XceiverServerRatis.java:start(428)) - XceiverServerRatis 30f407cc-3a1c-475e-b481-9911daf65b99 is started using port 44796
2019-10-07 05:59:53,376 [Datanode State Machine Thread - 0] INFO  ratis.XceiverServerRatis (XceiverServerRatis.java:start(428)) - XceiverServerRatis 86a83129-ecff-4408-81ec-54a1e4e7b386 is started using port 34069
2019-10-07 05:59:53,377 [Datanode State Machine Thread - 0] INFO  ratis.XceiverServerRatis (XceiverServerRatis.java:start(428)) - XceiverServerRatis c585da5a-a255-4272-8069-f95bb7255ddc is started using port 38193
2019-10-07 05:59:53,385 [Datanode State Machine Thread - 0] INFO  server.XceiverServerGrpc (XceiverServerGrpc.java:start(149)) - XceiverServerGrpc 30f407cc-3a1c-475e-b481-9911daf65b99 is started using port 36249
2019-10-07 05:59:53,385 [Datanode State Machine Thread - 0] INFO  server.XceiverServerGrpc (XceiverServerGrpc.java:start(149)) - XceiverServerGrpc c585da5a-a255-4272-8069-f95bb7255ddc is started using port 43030
2019-10-07 05:59:53,385 [Datanode State Machine Thread - 0] INFO  server.XceiverServerGrpc (XceiverServerGrpc.java:start(149)) - XceiverServerGrpc 2c77848b-e6b5-4a1d-a3b2-ab28479a2399 is started using port 39511
2019-10-07 05:59:53,385 [Datanode State Machine Thread - 0] INFO  server.XceiverServerGrpc (XceiverServerGrpc.java:start(149)) - XceiverServerGrpc 86a83129-ecff-4408-81ec-54a1e4e7b386 is started using port 42203
2019-10-07 05:59:53,411 [Datanode State Machine Thread - 0] INFO  ozoneimpl.OzoneContainer (OzoneContainer.java:start(217)) - Attempting to start container services.
2019-10-07 05:59:53,411 [Datanode State Machine Thread - 0] INFO  ozoneimpl.OzoneContainer (OzoneContainer.java:startContainerScrub(179)) - Background container scanner has been disabled.
2019-10-07 05:59:53,411 [Datanode State Machine Thread - 0] INFO  ratis.XceiverServerRatis (XceiverServerRatis.java:start(418)) - Starting XceiverServerRatis 833795fc-6221-4b60-b1f4-2c52cdf77098 at port 0
2019-10-07 05:59:53,418 [Datanode State Machine Thread - 0] INFO  impl.RaftServerProxy (RaftServerProxy.java:lambda$start$3(299)) - 833795fc-6221-4b60-b1f4-2c52cdf77098: start RPC server
2019-10-07 05:59:53,422 [Datanode State Machine Thread - 0] INFO  server.GrpcService (GrpcService.java:startImpl(158)) - 833795fc-6221-4b60-b1f4-2c52cdf77098: GrpcService started, listening on 0.0.0.0/0.0.0.0:41546
2019-10-07 05:59:53,422 [Datanode State Machine Thread - 0] INFO  ratis.XceiverServerRatis (XceiverServerRatis.java:start(428)) - XceiverServerRatis 833795fc-6221-4b60-b1f4-2c52cdf77098 is started using port 41546
2019-10-07 05:59:53,424 [Datanode State Machine Thread - 0] INFO  server.XceiverServerGrpc (XceiverServerGrpc.java:start(149)) - XceiverServerGrpc 833795fc-6221-4b60-b1f4-2c52cdf77098 is started using port 35060
2019-10-07 05:59:53,497 [Datanode State Machine Thread - 0] INFO  ozoneimpl.OzoneContainer (OzoneContainer.java:start(217)) - Attempting to start container services.
2019-10-07 05:59:53,497 [Datanode State Machine Thread - 0] INFO  ozoneimpl.OzoneContainer (OzoneContainer.java:startContainerScrub(179)) - Background container scanner has been disabled.
2019-10-07 05:59:53,497 [Datanode State Machine Thread - 0] INFO  ratis.XceiverServerRatis (XceiverServerRatis.java:start(418)) - Starting XceiverServerRatis 0237ccc1-b862-410b-b726-981bea588f20 at port 0
2019-10-07 05:59:53,504 [Datanode State Machine Thread - 0] INFO  impl.RaftServerProxy (RaftServerProxy.java:lambda$start$3(299)) - 0237ccc1-b862-410b-b726-981bea588f20: start RPC server
2019-10-07 05:59:53,507 [Datanode State Machine Thread - 0] INFO  server.GrpcService (GrpcService.java:startImpl(158)) - 0237ccc1-b862-410b-b726-981bea588f20: GrpcService started, listening on 0.0.0.0/0.0.0.0:36571
2019-10-07 05:59:53,507 [Datanode State Machine Thread - 0] INFO  ratis.XceiverServerRatis (XceiverServerRatis.java:start(428)) - XceiverServerRatis 0237ccc1-b862-410b-b726-981bea588f20 is started using port 36571
2019-10-07 05:59:53,509 [Datanode State Machine Thread - 0] INFO  server.XceiverServerGrpc (XceiverServerGrpc.java:start(149)) - XceiverServerGrpc 0237ccc1-b862-410b-b726-981bea588f20 is started using port 41802
2019-10-07 05:59:53,550 [main] INFO  ozone.MiniOzoneClusterImpl (MiniOzoneClusterImpl.java:lambda$waitForClusterToBeReady$0(147)) - Waiting for cluster to be ready. Got 0 of 7 DN Heartbeats.
2019-10-07 05:59:53,566 [Datanode State Machine Thread - 0] INFO  ozoneimpl.OzoneContainer (OzoneContainer.java:start(217)) - Attempting to start container services.
2019-10-07 05:59:53,567 [Datanode State Machine Thread - 0] INFO  ozoneimpl.OzoneContainer (OzoneContainer.java:startContainerScrub(179)) - Background container scanner has been disabled.
2019-10-07 05:59:53,567 [Datanode State Machine Thread - 0] INFO  ratis.XceiverServerRatis (XceiverServerRatis.java:start(418)) - Starting XceiverServerRatis c21e50b3-ab2c-4758-9253-59979117ba9b at port 0
2019-10-07 05:59:53,576 [Datanode State Machine Thread - 0] INFO  impl.RaftServerProxy (RaftServerProxy.java:lambda$start$3(299)) - c21e50b3-ab2c-4758-9253-59979117ba9b: start RPC server
2019-10-07 05:59:53,580 [Datanode State Machine Thread - 0] INFO  server.GrpcService (GrpcService.java:startImpl(158)) - c21e50b3-ab2c-4758-9253-59979117ba9b: GrpcService started, listening on 0.0.0.0/0.0.0.0:36477
2019-10-07 05:59:53,580 [Datanode State Machine Thread - 0] INFO  ratis.XceiverServerRatis (XceiverServerRatis.java:start(428)) - XceiverServerRatis c21e50b3-ab2c-4758-9253-59979117ba9b is started using port 36477
2019-10-07 05:59:53,584 [Datanode State Machine Thread - 0] INFO  server.XceiverServerGrpc (XceiverServerGrpc.java:start(149)) - XceiverServerGrpc c21e50b3-ab2c-4758-9253-59979117ba9b is started using port 44919
2019-10-07 05:59:54,552 [main] INFO  ozone.MiniOzoneClusterImpl (MiniOzoneClusterImpl.java:lambda$waitForClusterToBeReady$0(147)) - Waiting for cluster to be ready. Got 0 of 7 DN Heartbeats.
2019-10-07 05:59:55,087 [IPC Server handler 2 on 43943] INFO  net.NetworkTopology (NetworkTopologyImpl.java:add(111)) - Added a new node: /default-rack/30f407cc-3a1c-475e-b481-9911daf65b99
2019-10-07 05:59:55,088 [IPC Server handler 2 on 43943] INFO  node.SCMNodeManager (SCMNodeManager.java:register(268)) - Registered Data node : 30f407cc-3a1c-475e-b481-9911daf65b99{ip: 192.168.30.3, host: trunk-nightly-20191007-kbwpl-4130163227, networkLocation: /default-rack, certSerialId: null}
2019-10-07 05:59:55,093 [EventQueue-NodeRegistrationContainerReportForDataNodeSafeModeRule] INFO  safemode.SCMSafeModeManager (DataNodeSafeModeRule.java:process(71)) - SCM in safe mode. 1 DataNodes registered, 1 required.
2019-10-07 05:59:55,093 [EventQueue-NodeRegistrationContainerReportForDataNodeSafeModeRule] INFO  safemode.SCMSafeModeManager (SCMSafeModeManager.java:validateSafeModeExitRules(177)) - ScmSafeModeManager, all rules are successfully validated
2019-10-07 05:59:55,093 [EventQueue-NodeRegistrationContainerReportForDataNodeSafeModeRule] INFO  safemode.SCMSafeModeManager (SCMSafeModeManager.java:exitSafeMode(193)) - SCM exiting safe mode.
2019-10-07 05:59:55,130 [IPC Server handler 3 on 43943] INFO  net.NetworkTopology (NetworkTopologyImpl.java:add(111)) - Added a new node: /default-rack/2c77848b-e6b5-4a1d-a3b2-ab28479a2399
2019-10-07 05:59:55,130 [IPC Server handler 3 on 43943] INFO  node.SCMNodeManager (SCMNodeManager.java:register(268)) - Registered Data node : 2c77848b-e6b5-4a1d-a3b2-ab28479a2399{ip: 192.168.30.3, host: trunk-nightly-20191007-kbwpl-4130163227, networkLocation: /default-rack, certSerialId: null}
2019-10-07 05:59:55,220 [IPC Server handler 4 on 43943] INFO  net.NetworkTopology (NetworkTopologyImpl.java:add(111)) - Added a new node: /default-rack/c585da5a-a255-4272-8069-f95bb7255ddc
2019-10-07 05:59:55,220 [IPC Server handler 4 on 43943] INFO  node.SCMNodeManager (SCMNodeManager.java:register(268)) - Registered Data node : c585da5a-a255-4272-8069-f95bb7255ddc{ip: 192.168.30.3, host: trunk-nightly-20191007-kbwpl-4130163227, networkLocation: /default-rack, certSerialId: null}
2019-10-07 05:59:55,302 [IPC Server handler 5 on 43943] INFO  net.NetworkTopology (NetworkTopologyImpl.java:add(111)) - Added a new node: /default-rack/86a83129-ecff-4408-81ec-54a1e4e7b386
2019-10-07 05:59:55,303 [IPC Server handler 5 on 43943] INFO  node.SCMNodeManager (SCMNodeManager.java:register(268)) - Registered Data node : 86a83129-ecff-4408-81ec-54a1e4e7b386{ip: 192.168.30.3, host: trunk-nightly-20191007-kbwpl-4130163227, networkLocation: /default-rack, certSerialId: null}
2019-10-07 05:59:55,399 [IPC Server handler 6 on 43943] INFO  net.NetworkTopology (NetworkTopologyImpl.java:add(111)) - Added a new node: /default-rack/833795fc-6221-4b60-b1f4-2c52cdf77098
2019-10-07 05:59:55,399 [IPC Server handler 6 on 43943] INFO  node.SCMNodeManager (SCMNodeManager.java:register(268)) - Registered Data node : 833795fc-6221-4b60-b1f4-2c52cdf77098{ip: 192.168.30.3, host: trunk-nightly-20191007-kbwpl-4130163227, networkLocation: /default-rack, certSerialId: null}
2019-10-07 05:59:55,495 [IPC Server handler 1 on 43943] INFO  net.NetworkTopology (NetworkTopologyImpl.java:add(111)) - Added a new node: /default-rack/0237ccc1-b862-410b-b726-981bea588f20
2019-10-07 05:59:55,496 [IPC Server handler 1 on 43943] INFO  node.SCMNodeManager (SCMNodeManager.java:register(268)) - Registered Data node : 0237ccc1-b862-410b-b726-981bea588f20{ip: 192.168.30.3, host: trunk-nightly-20191007-kbwpl-4130163227, networkLocation: /default-rack, certSerialId: null}
2019-10-07 05:59:55,553 [main] INFO  ozone.MiniOzoneClusterImpl (MiniOzoneClusterImpl.java:lambda$waitForClusterToBeReady$0(147)) - Waiting for cluster to be ready. Got 6 of 7 DN Heartbeats.
2019-10-07 05:59:55,554 [IPC Server handler 2 on 43943] INFO  net.NetworkTopology (NetworkTopologyImpl.java:add(111)) - Added a new node: /default-rack/c21e50b3-ab2c-4758-9253-59979117ba9b
2019-10-07 05:59:55,554 [IPC Server handler 2 on 43943] INFO  node.SCMNodeManager (SCMNodeManager.java:register(268)) - Registered Data node : c21e50b3-ab2c-4758-9253-59979117ba9b{ip: 192.168.30.3, host: trunk-nightly-20191007-kbwpl-4130163227, networkLocation: /default-rack, certSerialId: null}
2019-10-07 05:59:55,638 [grpc-default-executor-0] INFO  impl.RaftServerProxy (RaftServerProxy.java:addNew(89)) - 30f407cc-3a1c-475e-b481-9911daf65b99: addNew group-FD3C75820B61:[30f407cc-3a1c-475e-b481-9911daf65b99:192.168.30.3:44796] returns group-FD3C75820B61:java.util.concurrent.CompletableFuture@14b88046[Not completed]
2019-10-07 05:59:55,651 [pool-27-thread-1] INFO  impl.RaftServerImpl (RaftServerImpl.java:<init>(95)) - 30f407cc-3a1c-475e-b481-9911daf65b99: new RaftServerImpl for group-FD3C75820B61:[30f407cc-3a1c-475e-b481-9911daf65b99:192.168.30.3:44796] with ContainerStateMachine:uninitialized
2019-10-07 05:59:55,652 [pool-27-thread-1] INFO  server.RaftServerConfigKeys (ConfUtils.java:logGet(43)) - raft.server.rpc.timeout.min = 5s (custom)
2019-10-07 05:59:55,655 [pool-27-thread-1] INFO  server.RaftServerConfigKeys (ConfUtils.java:logGet(43)) - raft.server.rpc.timeout.max = 5200ms (custom)
2019-10-07 05:59:55,655 [pool-27-thread-1] INFO  server.RaftServerConfigKeys (ConfUtils.java:logGet(43)) - raft.server.rpcslowness.timeout = 120s (custom)
2019-10-07 05:59:55,655 [pool-27-thread-1] INFO  server.RaftServerConfigKeys (ConfUtils.java:logGet(43)) - raft.server.sleep.deviation.threshold = 300 (default)
2019-10-07 05:59:55,656 [pool-27-thread-1] INFO  server.RaftServerConfigKeys (ConfUtils.java:logGet(43)) - raft.server.log.appender.install.snapshot.enabled = false (custom)
2019-10-07 05:59:55,665 [pool-27-thread-1] INFO  impl.RaftServerImpl (ServerState.java:<init>(103)) - 30f407cc-3a1c-475e-b481-9911daf65b99@group-FD3C75820B61: ConfigurationManager, init=-1: [30f407cc-3a1c-475e-b481-9911daf65b99:192.168.30.3:44796], old=null, confs=<EMPTY_MAP>
2019-10-07 05:59:55,665 [pool-27-thread-1] INFO  server.RaftServerConfigKeys (ConfUtils.java:logGet(43)) - raft.server.storage.dir = [/workdir/hadoop-ozone/integration-test/target/test-dir/MiniOzoneClusterImpl-ef13529d-ad89-4511-899b-e06c9460a472/datanode-0/data/ratis] (custom)
2019-10-07 05:59:55,670 [pool-27-thread-1] INFO  server.RaftServerConfigKeys (ConfUtils.java:logGet(43)) - raft.server.log.corruption.policy = EXCEPTION (default)
2019-10-07 05:59:55,671 [pool-27-thread-1] INFO  storage.RaftStorageDirectory (RaftStorageDirectory.java:analyzeStorage(246)) - The storage directory /workdir/hadoop-ozone/integration-test/target/test-dir/MiniOzoneClusterImpl-ef13529d-ad89-4511-899b-e06c9460a472/datanode-0/data/ratis/ffb40a44-eaa0-47c3-bff7-fd3c75820b61 does not exist. Creating ...
2019-10-07 05:59:55,688 [pool-27-thread-1] INFO  storage.RaftStorageDirectory (RaftStorageDirectory.java:tryLock(328)) - Lock on /workdir/hadoop-ozone/integration-test/target/test-dir/MiniOzoneClusterImpl-ef13529d-ad89-4511-899b-e06c9460a472/datanode-0/data/ratis/ffb40a44-eaa0-47c3-bff7-fd3c75820b61/in_use.lock acquired by nodename 10064@trunk-nightly-20191007-kbwpl-4130163227
2019-10-07 05:59:55,695 [pool-27-thread-1] INFO  storage.RaftStorage (RaftStorage.java:format(84)) - Storage directory /workdir/hadoop-ozone/integration-test/target/test-dir/MiniOzoneClusterImpl-ef13529d-ad89-4511-899b-e06c9460a472/datanode-0/data/ratis/ffb40a44-eaa0-47c3-bff7-fd3c75820b61 has been successfully formatted.
2019-10-07 05:59:55,697 [pool-27-thread-1] INFO  ratis.ContainerStateMachine (ContainerStateMachine.java:loadSnapshot(231)) - group-FD3C75820B61: The snapshot info is null. Setting the last applied indexto:(t:0, i:~)
2019-10-07 05:59:55,697 [pool-27-thread-1] INFO  server.RaftServerConfigKeys (ConfUtils.java:logGet(43)) - raft.server.notification.no-leader.timeout = 120s (custom)
2019-10-07 05:59:55,699 [pool-27-thread-1] INFO  server.RaftServerConfigKeys (ConfUtils.java:logGet(43)) - raft.server.log.use.memory = false (default)
2019-10-07 05:59:55,704 [pool-27-thread-1] INFO  server.RaftServerConfigKeys (ConfUtils.java:logGet(43)) - raft.server.log.purge.gap = 1000000 (custom)
2019-10-07 05:59:55,705 [pool-27-thread-1] INFO  server.RaftServerConfigKeys (ConfUtils.java:logGet(43)) - raft.server.log.appender.buffer.byte-limit = 33554432 (custom)
2019-10-07 05:59:55,707 [pool-27-thread-1] INFO  server.RaftServerConfigKeys (ConfUtils.java:logGet(43)) - raft.server.log.segment.size.max = 1048576 (custom)
2019-10-07 05:59:55,709 [pool-27-thread-1] INFO  impl.MetricsSystemImpl (MetricsSystemImpl.java:init(158)) - ratis metrics system started (again)
2019-10-07 05:59:55,712 [pool-27-thread-1] INFO  metrics.MetricRegistries (MetricRegistriesLoader.java:load(64)) - Loaded MetricRegistries class org.apache.ratis.metrics.impl.MetricRegistriesImpl
2019-10-07 05:59:55,759 [pool-27-thread-1] INFO  server.RaftServerConfigKeys (ConfUtils.java:logGet(43)) - raft.server.log.segment.cache.num.max = 2 (custom)
2019-10-07 05:59:55,767 [pool-27-thread-1] INFO  segmented.SegmentedRaftLogWorker (SegmentedRaftLogWorker.java:<init>(173)) - new 30f407cc-3a1c-475e-b481-9911daf65b99@group-FD3C75820B61-SegmentedRaftLogWorker for RaftStorage:Storage Directory /workdir/hadoop-ozone/integration-test/target/test-dir/MiniOzoneClusterImpl-ef13529d-ad89-4511-899b-e06c9460a472/datanode-0/data/ratis/ffb40a44-eaa0-47c3-bff7-fd3c75820b61
2019-10-07 05:59:55,767 [pool-27-thread-1] INFO  server.RaftServerConfigKeys (ConfUtils.java:logGet(43)) - raft.server.log.queue.byte-limit = 2147483647 (custom)
2019-10-07 05:59:55,768 [pool-27-thread-1] INFO  server.RaftServerConfigKeys (ConfUtils.java:logGet(43)) - raft.server.log.queue.element-limit = 1024 (custom)
2019-10-07 05:59:55,770 [pool-27-thread-1] INFO  server.RaftServerConfigKeys (ConfUtils.java:logGet(43)) - raft.server.log.segment.size.max = 1048576 (custom)
2019-10-07 05:59:55,770 [pool-27-thread-1] INFO  server.RaftServerConfigKeys (ConfUtils.java:logGet(43)) - raft.server.log.preallocated.size = 16384 (custom)
2019-10-07 05:59:55,771 [pool-27-thread-1] INFO  server.RaftServerConfigKeys (ConfUtils.java:logGet(43)) - raft.server.log.write.buffer.size = 33554432 (custom)
2019-10-07 05:59:55,771 [pool-27-thread-1] INFO  server.RaftServerConfigKeys (ConfUtils.java:logGet(43)) - raft.server.log.force.sync.num = 128 (default)
2019-10-07 05:59:55,772 [pool-27-thread-1] INFO  server.RaftServerConfigKeys (ConfUtils.java:logGet(43)) - raft.server.log.statemachine.data.sync = true (default)
2019-10-07 05:59:55,772 [pool-27-thread-1] INFO  server.RaftServerConfigKeys (ConfUtils.java:logGet(43)) - raft.server.log.statemachine.data.sync.timeout = 10s (default)
2019-10-07 05:59:55,773 [pool-27-thread-1] INFO  server.RaftServerConfigKeys (ConfUtils.java:logGet(43)) - raft.server.log.statemachine.data.sync.timeout.retry = -1 (default)
2019-10-07 05:59:55,784 [pool-27-thread-1] INFO  server.RaftServerConfigKeys (ConfUtils.java:logGet(43)) - raft.server.log.statemachine.data.caching.enabled = true (custom)
2019-10-07 05:59:55,788 [pool-27-thread-1] INFO  segmented.SegmentedRaftLogWorker (SegmentedRaftLogWorker.java:lambda$new$0(128)) - 30f407cc-3a1c-475e-b481-9911daf65b99@group-FD3C75820B61-SegmentedRaftLogWorker: flushIndex: setUnconditionally 0 -> -1
2019-10-07 05:59:55,792 [pool-27-thread-1] INFO  server.RaftServerConfigKeys (ConfUtils.java:logGet(43)) - raft.server.snapshot.auto.trigger.enabled = true (custom)
2019-10-07 05:59:55,793 [pool-27-thread-1] INFO  server.RaftServerConfigKeys (ConfUtils.java:logGet(43)) - raft.server.snapshot.auto.trigger.threshold = 10000 (custom)
2019-10-07 05:59:55,793 [pool-27-thread-1] INFO  server.RaftServerConfigKeys (ConfUtils.java:logGet(43)) - raft.server.snapshot.retention.file.num = 5 (custom)
2019-10-07 05:59:55,793 [pool-27-thread-1] INFO  server.RaftServerConfigKeys (ConfUtils.java:logGet(43)) - raft.server.retrycache.expirytime = 600000ms (custom)
2019-10-07 05:59:55,820 [pool-27-thread-1] INFO  impl.RaftServerImpl (RaftServerImpl.java:start(181)) - 30f407cc-3a1c-475e-b481-9911daf65b99@group-FD3C75820B61: start as a follower, conf=-1: [30f407cc-3a1c-475e-b481-9911daf65b99:192.168.30.3:44796], old=null
2019-10-07 05:59:55,821 [pool-27-thread-1] INFO  impl.RaftServerImpl (RaftServerImpl.java:setRole(170)) - 30f407cc-3a1c-475e-b481-9911daf65b99@group-FD3C75820B61: changes role from      null to FOLLOWER at term 0 for startAsFollower
2019-10-07 05:59:55,822 [pool-27-thread-1] INFO  impl.RoleInfo (RoleInfo.java:updateAndGet(143)) - 30f407cc-3a1c-475e-b481-9911daf65b99: start FollowerState
2019-10-07 05:59:55,824 [pool-27-thread-1] INFO  util.JmxRegister (JmxRegister.java:tryRegister(44)) - Successfully registered JMX Bean with object name Ratis:service=RaftServer,group=group-FD3C75820B61,id=30f407cc-3a1c-475e-b481-9911daf65b99
2019-10-07 05:59:55,887 [RatisPipelineUtilsThread] INFO  pipeline.PipelineStateManager (PipelineStateManager.java:addPipeline(56)) - Created pipeline Pipeline[ Id: ffb40a44-eaa0-47c3-bff7-fd3c75820b61, Nodes: 30f407cc-3a1c-475e-b481-9911daf65b99{ip: 192.168.30.3, host: trunk-nightly-20191007-kbwpl-4130163227, networkLocation: /default-rack, certSerialId: null}, Type:RATIS, Factor:ONE, State:OPEN]
2019-10-07 05:59:55,910 [grpc-default-executor-0] INFO  impl.RaftServerProxy (RaftServerProxy.java:addNew(89)) - c21e50b3-ab2c-4758-9253-59979117ba9b: addNew group-4C2ABDC2583A:[c21e50b3-ab2c-4758-9253-59979117ba9b:192.168.30.3:36477] returns group-4C2ABDC2583A:java.util.concurrent.CompletableFuture@7b943b8c[Not completed]
2019-10-07 05:59:55,949 [pool-87-thread-1] INFO  impl.RaftServerImpl (RaftServerImpl.java:<init>(95)) - c21e50b3-ab2c-4758-9253-59979117ba9b: new RaftServerImpl for group-4C2ABDC2583A:[c21e50b3-ab2c-4758-9253-59979117ba9b:192.168.30.3:36477] with ContainerStateMachine:uninitialized
2019-10-07 05:59:55,951 [pool-87-thread-1] INFO  server.RaftServerConfigKeys (ConfUtils.java:logGet(43)) - raft.server.rpc.timeout.min = 5s (custom)
2019-10-07 05:59:55,951 [pool-87-thread-1] INFO  server.RaftServerConfigKeys (ConfUtils.java:logGet(43)) - raft.server.rpc.timeout.max = 5200ms (custom)
2019-10-07 05:59:55,951 [pool-87-thread-1] INFO  server.RaftServerConfigKeys (ConfUtils.java:logGet(43)) - raft.server.rpcslowness.timeout = 120s (custom)
2019-10-07 05:59:55,951 [pool-87-thread-1] INFO  server.RaftServerConfigKeys (ConfUtils.java:logGet(43)) - raft.server.sleep.deviation.threshold = 300 (default)
2019-10-07 05:59:55,951 [pool-87-thread-1] INFO  server.RaftServerConfigKeys (ConfUtils.java:logGet(43)) - raft.server.log.appender.install.snapshot.enabled = false (custom)
2019-10-07 05:59:55,951 [pool-87-thread-1] INFO  impl.RaftServerImpl (ServerState.java:<init>(103)) - c21e50b3-ab2c-4758-9253-59979117ba9b@group-4C2ABDC2583A: ConfigurationManager, init=-1: [c21e50b3-ab2c-4758-9253-59979117ba9b:192.168.30.3:36477], old=null, confs=<EMPTY_MAP>
2019-10-07 05:59:55,951 [pool-87-thread-1] INFO  server.RaftServerConfigKeys (ConfUtils.java:logGet(43)) - raft.server.storage.dir = [/workdir/hadoop-ozone/integration-test/target/test-dir/MiniOzoneClusterImpl-ef13529d-ad89-4511-899b-e06c9460a472/datanode-6/data/ratis] (custom)
2019-10-07 05:59:55,952 [pool-87-thread-1] INFO  server.RaftServerConfigKeys (ConfUtils.java:logGet(43)) - raft.server.log.corruption.policy = EXCEPTION (default)
2019-10-07 05:59:55,952 [pool-87-thread-1] INFO  storage.RaftStorageDirectory (RaftStorageDirectory.java:analyzeStorage(246)) - The storage directory /workdir/hadoop-ozone/integration-test/target/test-dir/MiniOzoneClusterImpl-ef13529d-ad89-4511-899b-e06c9460a472/datanode-6/data/ratis/76645c89-d889-4bd0-b6e5-4c2abdc2583a does not exist. Creating ...
2019-10-07 05:59:55,975 [pool-87-thread-1] INFO  storage.RaftStorageDirectory (RaftStorageDirectory.java:tryLock(328)) - Lock on /workdir/hadoop-ozone/integration-test/target/test-dir/MiniOzoneClusterImpl-ef13529d-ad89-4511-899b-e06c9460a472/datanode-6/data/ratis/76645c89-d889-4bd0-b6e5-4c2abdc2583a/in_use.lock acquired by nodename 10064@trunk-nightly-20191007-kbwpl-4130163227
2019-10-07 05:59:55,999 [pool-87-thread-1] INFO  storage.RaftStorage (RaftStorage.java:format(84)) - Storage directory /workdir/hadoop-ozone/integration-test/target/test-dir/MiniOzoneClusterImpl-ef13529d-ad89-4511-899b-e06c9460a472/datanode-6/data/ratis/76645c89-d889-4bd0-b6e5-4c2abdc2583a has been successfully formatted.
2019-10-07 05:59:56,002 [pool-87-thread-1] INFO  ratis.ContainerStateMachine (ContainerStateMachine.java:loadSnapshot(231)) - group-4C2ABDC2583A: The snapshot info is null. Setting the last applied indexto:(t:0, i:~)
2019-10-07 05:59:56,003 [pool-87-thread-1] INFO  server.RaftServerConfigKeys (ConfUtils.java:logGet(43)) - raft.server.notification.no-leader.timeout = 120s (custom)
2019-10-07 05:59:56,003 [pool-87-thread-1] INFO  server.RaftServerConfigKeys (ConfUtils.java:logGet(43)) - raft.server.log.use.memory = false (default)
2019-10-07 05:59:56,003 [pool-87-thread-1] INFO  server.RaftServerConfigKeys (ConfUtils.java:logGet(43)) - raft.server.log.purge.gap = 1000000 (custom)
2019-10-07 05:59:56,003 [pool-87-thread-1] INFO  server.RaftServerConfigKeys (ConfUtils.java:logGet(43)) - raft.server.log.appender.buffer.byte-limit = 33554432 (custom)
2019-10-07 05:59:56,004 [pool-87-thread-1] INFO  server.RaftServerConfigKeys (ConfUtils.java:logGet(43)) - raft.server.log.segment.size.max = 1048576 (custom)
2019-10-07 05:59:56,008 [pool-87-thread-1] INFO  server.RaftServerConfigKeys (ConfUtils.java:logGet(43)) - raft.server.log.segment.cache.num.max = 2 (custom)
2019-10-07 05:59:56,008 [pool-87-thread-1] INFO  segmented.SegmentedRaftLogWorker (SegmentedRaftLogWorker.java:<init>(173)) - new c21e50b3-ab2c-4758-9253-59979117ba9b@group-4C2ABDC2583A-SegmentedRaftLogWorker for RaftStorage:Storage Directory /workdir/hadoop-ozone/integration-test/target/test-dir/MiniOzoneClusterImpl-ef13529d-ad89-4511-899b-e06c9460a472/datanode-6/data/ratis/76645c89-d889-4bd0-b6e5-4c2abdc2583a
2019-10-07 05:59:56,009 [pool-87-thread-1] INFO  server.RaftServerConfigKeys (ConfUtils.java:logGet(43)) - raft.server.log.queue.byte-limit = 2147483647 (custom)
2019-10-07 05:59:56,009 [pool-87-thread-1] INFO  server.RaftServerConfigKeys (ConfUtils.java:logGet(43)) - raft.server.log.queue.element-limit = 1024 (custom)
2019-10-07 05:59:56,009 [pool-87-thread-1] INFO  server.RaftServerConfigKeys (ConfUtils.java:logGet(43)) - raft.server.log.segment.size.max = 1048576 (custom)
2019-10-07 05:59:56,010 [pool-87-thread-1] INFO  server.RaftServerConfigKeys (ConfUtils.java:logGet(43)) - raft.server.log.preallocated.size = 16384 (custom)
2019-10-07 05:59:56,010 [pool-87-thread-1] INFO  server.RaftServerConfigKeys (ConfUtils.java:logGet(43)) - raft.server.log.write.buffer.size = 33554432 (custom)
2019-10-07 05:59:56,010 [pool-87-thread-1] INFO  server.RaftServerConfigKeys (ConfUtils.java:logGet(43)) - raft.server.log.force.sync.num = 128 (default)
2019-10-07 05:59:56,010 [pool-87-thread-1] INFO  server.RaftServerConfigKeys (ConfUtils.java:logGet(43)) - raft.server.log.statemachine.data.sync = true (default)
2019-10-07 05:59:56,010 [pool-87-thread-1] INFO  server.RaftServerConfigKeys (ConfUtils.java:logGet(43)) - raft.server.log.statemachine.data.sync.timeout = 10s (default)
2019-10-07 05:59:56,010 [pool-87-thread-1] INFO  server.RaftServerConfigKeys (ConfUtils.java:logGet(43)) - raft.server.log.statemachine.data.sync.timeout.retry = -1 (default)
2019-10-07 05:59:56,011 [pool-87-thread-1] INFO  server.RaftServerConfigKeys (ConfUtils.java:logGet(43)) - raft.server.log.statemachine.data.caching.enabled = true (custom)
2019-10-07 05:59:56,011 [pool-87-thread-1] INFO  segmented.SegmentedRaftLogWorker (SegmentedRaftLogWorker.java:lambda$new$0(128)) - c21e50b3-ab2c-4758-9253-59979117ba9b@group-4C2ABDC2583A-SegmentedRaftLogWorker: flushIndex: setUnconditionally 0 -> -1
2019-10-07 05:59:56,012 [pool-87-thread-1] INFO  server.RaftServerConfigKeys (ConfUtils.java:logGet(43)) - raft.server.snapshot.auto.trigger.enabled = true (custom)
2019-10-07 05:59:56,012 [pool-87-thread-1] INFO  server.RaftServerConfigKeys (ConfUtils.java:logGet(43)) - raft.server.snapshot.auto.trigger.threshold = 10000 (custom)
2019-10-07 05:59:56,012 [pool-87-thread-1] INFO  server.RaftServerConfigKeys (ConfUtils.java:logGet(43)) - raft.server.snapshot.retention.file.num = 5 (custom)
2019-10-07 05:59:56,012 [pool-87-thread-1] INFO  server.RaftServerConfigKeys (ConfUtils.java:logGet(43)) - raft.server.retrycache.expirytime = 600000ms (custom)
2019-10-07 05:59:56,016 [pool-87-thread-1] INFO  impl.RaftServerImpl (RaftServerImpl.java:start(181)) - c21e50b3-ab2c-4758-9253-59979117ba9b@group-4C2ABDC2583A: start as a follower, conf=-1: [c21e50b3-ab2c-4758-9253-59979117ba9b:192.168.30.3:36477], old=null
2019-10-07 05:59:56,016 [pool-87-thread-1] INFO  impl.RaftServerImpl (RaftServerImpl.java:setRole(170)) - c21e50b3-ab2c-4758-9253-59979117ba9b@group-4C2ABDC2583A: changes role from      null to FOLLOWER at term 0 for startAsFollower
2019-10-07 05:59:56,016 [pool-87-thread-1] INFO  impl.RoleInfo (RoleInfo.java:updateAndGet(143)) - c21e50b3-ab2c-4758-9253-59979117ba9b: start FollowerState
2019-10-07 05:59:56,017 [pool-87-thread-1] INFO  util.JmxRegister (JmxRegister.java:tryRegister(44)) - Successfully registered JMX Bean with object name Ratis:service=RaftServer,group=group-4C2ABDC2583A,id=c21e50b3-ab2c-4758-9253-59979117ba9b
2019-10-07 05:59:56,037 [RatisPipelineUtilsThread] INFO  pipeline.PipelineStateManager (PipelineStateManager.java:addPipeline(56)) - Created pipeline Pipeline[ Id: 76645c89-d889-4bd0-b6e5-4c2abdc2583a, Nodes: c21e50b3-ab2c-4758-9253-59979117ba9b{ip: 192.168.30.3, host: trunk-nightly-20191007-kbwpl-4130163227, networkLocation: /default-rack, certSerialId: null}, Type:RATIS, Factor:ONE, State:OPEN]
2019-10-07 05:59:56,058 [grpc-default-executor-0] INFO  impl.RaftServerProxy (RaftServerProxy.java:addNew(89)) - c585da5a-a255-4272-8069-f95bb7255ddc: addNew group-28A144673194:[c585da5a-a255-4272-8069-f95bb7255ddc:192.168.30.3:38193] returns group-28A144673194:java.util.concurrent.CompletableFuture@350c904e[Not completed]
2019-10-07 05:59:56,079 [pool-47-thread-1] INFO  impl.RaftServerImpl (RaftServerImpl.java:<init>(95)) - c585da5a-a255-4272-8069-f95bb7255ddc: new RaftServerImpl for group-28A144673194:[c585da5a-a255-4272-8069-f95bb7255ddc:192.168.30.3:38193] with ContainerStateMachine:uninitialized
2019-10-07 05:59:56,079 [pool-47-thread-1] INFO  server.RaftServerConfigKeys (ConfUtils.java:logGet(43)) - raft.server.rpc.timeout.min = 5s (custom)
2019-10-07 05:59:56,079 [pool-47-thread-1] INFO  server.RaftServerConfigKeys (ConfUtils.java:logGet(43)) - raft.server.rpc.timeout.max = 5200ms (custom)
2019-10-07 05:59:56,079 [pool-47-thread-1] INFO  server.RaftServerConfigKeys (ConfUtils.java:logGet(43)) - raft.server.rpcslowness.timeout = 120s (custom)
2019-10-07 05:59:56,080 [pool-47-thread-1] INFO  server.RaftServerConfigKeys (ConfUtils.java:logGet(43)) - raft.server.sleep.deviation.threshold = 300 (default)
2019-10-07 05:59:56,080 [pool-47-thread-1] INFO  server.RaftServerConfigKeys (ConfUtils.java:logGet(43)) - raft.server.log.appender.install.snapshot.enabled = false (custom)
2019-10-07 05:59:56,080 [pool-47-thread-1] INFO  impl.RaftServerImpl (ServerState.java:<init>(103)) - c585da5a-a255-4272-8069-f95bb7255ddc@group-28A144673194: ConfigurationManager, init=-1: [c585da5a-a255-4272-8069-f95bb7255ddc:192.168.30.3:38193], old=null, confs=<EMPTY_MAP>
2019-10-07 05:59:56,080 [pool-47-thread-1] INFO  server.RaftServerConfigKeys (ConfUtils.java:logGet(43)) - raft.server.storage.dir = [/workdir/hadoop-ozone/integration-test/target/test-dir/MiniOzoneClusterImpl-ef13529d-ad89-4511-899b-e06c9460a472/datanode-2/data/ratis] (custom)
2019-10-07 05:59:56,080 [pool-47-thread-1] INFO  server.RaftServerConfigKeys (ConfUtils.java:logGet(43)) - raft.server.log.corruption.policy = EXCEPTION (default)
2019-10-07 05:59:56,081 [pool-47-thread-1] INFO  storage.RaftStorageDirectory (RaftStorageDirectory.java:analyzeStorage(246)) - The storage directory /workdir/hadoop-ozone/integration-test/target/test-dir/MiniOzoneClusterImpl-ef13529d-ad89-4511-899b-e06c9460a472/datanode-2/data/ratis/07efb3a3-dec7-4238-b98e-28a144673194 does not exist. Creating ...
2019-10-07 05:59:56,104 [pool-47-thread-1] INFO  storage.RaftStorageDirectory (RaftStorageDirectory.java:tryLock(328)) - Lock on /workdir/hadoop-ozone/integration-test/target/test-dir/MiniOzoneClusterImpl-ef13529d-ad89-4511-899b-e06c9460a472/datanode-2/data/ratis/07efb3a3-dec7-4238-b98e-28a144673194/in_use.lock acquired by nodename 10064@trunk-nightly-20191007-kbwpl-4130163227
2019-10-07 05:59:56,128 [pool-47-thread-1] INFO  storage.RaftStorage (RaftStorage.java:format(84)) - Storage directory /workdir/hadoop-ozone/integration-test/target/test-dir/MiniOzoneClusterImpl-ef13529d-ad89-4511-899b-e06c9460a472/datanode-2/data/ratis/07efb3a3-dec7-4238-b98e-28a144673194 has been successfully formatted.
2019-10-07 05:59:56,128 [pool-47-thread-1] INFO  ratis.ContainerStateMachine (ContainerStateMachine.java:loadSnapshot(231)) - group-28A144673194: The snapshot info is null. Setting the last applied indexto:(t:0, i:~)
2019-10-07 05:59:56,128 [pool-47-thread-1] INFO  server.RaftServerConfigKeys (ConfUtils.java:logGet(43)) - raft.server.notification.no-leader.timeout = 120s (custom)
2019-10-07 05:59:56,128 [pool-47-thread-1] INFO  server.RaftServerConfigKeys (ConfUtils.java:logGet(43)) - raft.server.log.use.memory = false (default)
2019-10-07 05:59:56,129 [pool-47-thread-1] INFO  server.RaftServerConfigKeys (ConfUtils.java:logGet(43)) - raft.server.log.purge.gap = 1000000 (custom)
2019-10-07 05:59:56,129 [pool-47-thread-1] INFO  server.RaftServerConfigKeys (ConfUtils.java:logGet(43)) - raft.server.log.appender.buffer.byte-limit = 33554432 (custom)
2019-10-07 05:59:56,129 [pool-47-thread-1] INFO  server.RaftServerConfigKeys (ConfUtils.java:logGet(43)) - raft.server.log.segment.size.max = 1048576 (custom)
2019-10-07 05:59:56,160 [pool-47-thread-1] INFO  server.RaftServerConfigKeys (ConfUtils.java:logGet(43)) - raft.server.log.segment.cache.num.max = 2 (custom)
2019-10-07 05:59:56,160 [pool-47-thread-1] INFO  segmented.SegmentedRaftLogWorker (SegmentedRaftLogWorker.java:<init>(173)) - new c585da5a-a255-4272-8069-f95bb7255ddc@group-28A144673194-SegmentedRaftLogWorker for RaftStorage:Storage Directory /workdir/hadoop-ozone/integration-test/target/test-dir/MiniOzoneClusterImpl-ef13529d-ad89-4511-899b-e06c9460a472/datanode-2/data/ratis/07efb3a3-dec7-4238-b98e-28a144673194
2019-10-07 05:59:56,160 [pool-47-thread-1] INFO  server.RaftServerConfigKeys (ConfUtils.java:logGet(43)) - raft.server.log.queue.byte-limit = 2147483647 (custom)
2019-10-07 05:59:56,160 [pool-47-thread-1] INFO  server.RaftServerConfigKeys (ConfUtils.java:logGet(43)) - raft.server.log.queue.element-limit = 1024 (custom)
2019-10-07 05:59:56,161 [pool-47-thread-1] INFO  server.RaftServerConfigKeys (ConfUtils.java:logGet(43)) - raft.server.log.segment.size.max = 1048576 (custom)
2019-10-07 05:59:56,161 [pool-47-thread-1] INFO  server.RaftServerConfigKeys (ConfUtils.java:logGet(43)) - raft.server.log.preallocated.size = 16384 (custom)
2019-10-07 05:59:56,161 [pool-47-thread-1] INFO  server.RaftServerConfigKeys (ConfUtils.java:logGet(43)) - raft.server.log.write.buffer.size = 33554432 (custom)
2019-10-07 05:59:56,161 [pool-47-thread-1] INFO  server.RaftServerConfigKeys (ConfUtils.java:logGet(43)) - raft.server.log.force.sync.num = 128 (default)
2019-10-07 05:59:56,161 [pool-47-thread-1] INFO  server.RaftServerConfigKeys (ConfUtils.java:logGet(43)) - raft.server.log.statemachine.data.sync = true (default)
2019-10-07 05:59:56,161 [pool-47-thread-1] INFO  server.RaftServerConfigKeys (ConfUtils.java:logGet(43)) - raft.server.log.statemachine.data.sync.timeout = 10s (default)
2019-10-07 05:59:56,161 [pool-47-thread-1] INFO  server.RaftServerConfigKeys (ConfUtils.java:logGet(43)) - raft.server.log.statemachine.data.sync.timeout.retry = -1 (default)
2019-10-07 05:59:56,162 [pool-47-thread-1] INFO  server.RaftServerConfigKeys (ConfUtils.java:logGet(43)) - raft.server.log.statemachine.data.caching.enabled = true (custom)
2019-10-07 05:59:56,162 [pool-47-thread-1] INFO  segmented.SegmentedRaftLogWorker (SegmentedRaftLogWorker.java:lambda$new$0(128)) - c585da5a-a255-4272-8069-f95bb7255ddc@group-28A144673194-SegmentedRaftLogWorker: flushIndex: setUnconditionally 0 -> -1
2019-10-07 05:59:56,162 [pool-47-thread-1] INFO  server.RaftServerConfigKeys (ConfUtils.java:logGet(43)) - raft.server.snapshot.auto.trigger.enabled = true (custom)
2019-10-07 05:59:56,163 [pool-47-thread-1] INFO  server.RaftServerConfigKeys (ConfUtils.java:logGet(43)) - raft.server.snapshot.auto.trigger.threshold = 10000 (custom)
2019-10-07 05:59:56,163 [pool-47-thread-1] INFO  server.RaftServerConfigKeys (ConfUtils.java:logGet(43)) - raft.server.snapshot.retention.file.num = 5 (custom)
2019-10-07 05:59:56,163 [pool-47-thread-1] INFO  server.RaftServerConfigKeys (ConfUtils.java:logGet(43)) - raft.server.retrycache.expirytime = 600000ms (custom)
2019-10-07 05:59:56,166 [pool-47-thread-1] INFO  impl.RaftServerImpl (RaftServerImpl.java:start(181)) - c585da5a-a255-4272-8069-f95bb7255ddc@group-28A144673194: start as a follower, conf=-1: [c585da5a-a255-4272-8069-f95bb7255ddc:192.168.30.3:38193], old=null
2019-10-07 05:59:56,167 [pool-47-thread-1] INFO  impl.RaftServerImpl (RaftServerImpl.java:setRole(170)) - c585da5a-a255-4272-8069-f95bb7255ddc@group-28A144673194: changes role from      null to FOLLOWER at term 0 for startAsFollower
2019-10-07 05:59:56,167 [pool-47-thread-1] INFO  impl.RoleInfo (RoleInfo.java:updateAndGet(143)) - c585da5a-a255-4272-8069-f95bb7255ddc: start FollowerState
2019-10-07 05:59:56,167 [pool-47-thread-1] INFO  util.JmxRegister (JmxRegister.java:tryRegister(44)) - Successfully registered JMX Bean with object name Ratis:service=RaftServer,group=group-28A144673194,id=c585da5a-a255-4272-8069-f95bb7255ddc
2019-10-07 05:59:56,184 [RatisPipelineUtilsThread] INFO  pipeline.PipelineStateManager (PipelineStateManager.java:addPipeline(56)) - Created pipeline Pipeline[ Id: 07efb3a3-dec7-4238-b98e-28a144673194, Nodes: c585da5a-a255-4272-8069-f95bb7255ddc{ip: 192.168.30.3, host: trunk-nightly-20191007-kbwpl-4130163227, networkLocation: /default-rack, certSerialId: null}, Type:RATIS, Factor:ONE, State:OPEN]
2019-10-07 05:59:56,202 [grpc-default-executor-0] INFO  impl.RaftServerProxy (RaftServerProxy.java:addNew(89)) - 833795fc-6221-4b60-b1f4-2c52cdf77098: addNew group-EF2B96863F64:[833795fc-6221-4b60-b1f4-2c52cdf77098:192.168.30.3:41546] returns group-EF2B96863F64:java.util.concurrent.CompletableFuture@6d03246f[Not completed]
2019-10-07 05:59:56,207 [pool-67-thread-1] INFO  impl.RaftServerImpl (RaftServerImpl.java:<init>(95)) - 833795fc-6221-4b60-b1f4-2c52cdf77098: new RaftServerImpl for group-EF2B96863F64:[833795fc-6221-4b60-b1f4-2c52cdf77098:192.168.30.3:41546] with ContainerStateMachine:uninitialized
2019-10-07 05:59:56,207 [pool-67-thread-1] INFO  server.RaftServerConfigKeys (ConfUtils.java:logGet(43)) - raft.server.rpc.timeout.min = 5s (custom)
2019-10-07 05:59:56,207 [pool-67-thread-1] INFO  server.RaftServerConfigKeys (ConfUtils.java:logGet(43)) - raft.server.rpc.timeout.max = 5200ms (custom)
2019-10-07 05:59:56,207 [pool-67-thread-1] INFO  server.RaftServerConfigKeys (ConfUtils.java:logGet(43)) - raft.server.rpcslowness.timeout = 120s (custom)
2019-10-07 05:59:56,208 [pool-67-thread-1] INFO  server.RaftServerConfigKeys (ConfUtils.java:logGet(43)) - raft.server.sleep.deviation.threshold = 300 (default)
2019-10-07 05:59:56,208 [pool-67-thread-1] INFO  server.RaftServerConfigKeys (ConfUtils.java:logGet(43)) - raft.server.log.appender.install.snapshot.enabled = false (custom)
2019-10-07 05:59:56,208 [pool-67-thread-1] INFO  impl.RaftServerImpl (ServerState.java:<init>(103)) - 833795fc-6221-4b60-b1f4-2c52cdf77098@group-EF2B96863F64: ConfigurationManager, init=-1: [833795fc-6221-4b60-b1f4-2c52cdf77098:192.168.30.3:41546], old=null, confs=<EMPTY_MAP>
2019-10-07 05:59:56,208 [pool-67-thread-1] INFO  server.RaftServerConfigKeys (ConfUtils.java:logGet(43)) - raft.server.storage.dir = [/workdir/hadoop-ozone/integration-test/target/test-dir/MiniOzoneClusterImpl-ef13529d-ad89-4511-899b-e06c9460a472/datanode-4/data/ratis] (custom)
2019-10-07 05:59:56,209 [pool-67-thread-1] INFO  server.RaftServerConfigKeys (ConfUtils.java:logGet(43)) - raft.server.log.corruption.policy = EXCEPTION (default)
2019-10-07 05:59:56,209 [pool-67-thread-1] INFO  storage.RaftStorageDirectory (RaftStorageDirectory.java:analyzeStorage(246)) - The storage directory /workdir/hadoop-ozone/integration-test/target/test-dir/MiniOzoneClusterImpl-ef13529d-ad89-4511-899b-e06c9460a472/datanode-4/data/ratis/50a6f216-98fe-415e-ae1f-ef2b96863f64 does not exist. Creating ...
2019-10-07 05:59:56,222 [pool-67-thread-1] INFO  storage.RaftStorageDirectory (RaftStorageDirectory.java:tryLock(328)) - Lock on /workdir/hadoop-ozone/integration-test/target/test-dir/MiniOzoneClusterImpl-ef13529d-ad89-4511-899b-e06c9460a472/datanode-4/data/ratis/50a6f216-98fe-415e-ae1f-ef2b96863f64/in_use.lock acquired by nodename 10064@trunk-nightly-20191007-kbwpl-4130163227
2019-10-07 05:59:56,235 [pool-67-thread-1] INFO  storage.RaftStorage (RaftStorage.java:format(84)) - Storage directory /workdir/hadoop-ozone/integration-test/target/test-dir/MiniOzoneClusterImpl-ef13529d-ad89-4511-899b-e06c9460a472/datanode-4/data/ratis/50a6f216-98fe-415e-ae1f-ef2b96863f64 has been successfully formatted.
2019-10-07 05:59:56,236 [pool-67-thread-1] INFO  ratis.ContainerStateMachine (ContainerStateMachine.java:loadSnapshot(231)) - group-EF2B96863F64: The snapshot info is null. Setting the last applied indexto:(t:0, i:~)
2019-10-07 05:59:56,236 [pool-67-thread-1] INFO  server.RaftServerConfigKeys (ConfUtils.java:logGet(43)) - raft.server.notification.no-leader.timeout = 120s (custom)
2019-10-07 05:59:56,236 [pool-67-thread-1] INFO  server.RaftServerConfigKeys (ConfUtils.java:logGet(43)) - raft.server.log.use.memory = false (default)
2019-10-07 05:59:56,236 [pool-67-thread-1] INFO  server.RaftServerConfigKeys (ConfUtils.java:logGet(43)) - raft.server.log.purge.gap = 1000000 (custom)
2019-10-07 05:59:56,237 [pool-67-thread-1] INFO  server.RaftServerConfigKeys (ConfUtils.java:logGet(43)) - raft.server.log.appender.buffer.byte-limit = 33554432 (custom)
2019-10-07 05:59:56,237 [pool-67-thread-1] INFO  server.RaftServerConfigKeys (ConfUtils.java:logGet(43)) - raft.server.log.segment.size.max = 1048576 (custom)
2019-10-07 05:59:56,241 [pool-67-thread-1] INFO  server.RaftServerConfigKeys (ConfUtils.java:logGet(43)) - raft.server.log.segment.cache.num.max = 2 (custom)
2019-10-07 05:59:56,242 [pool-67-thread-1] INFO  segmented.SegmentedRaftLogWorker (SegmentedRaftLogWorker.java:<init>(173)) - new 833795fc-6221-4b60-b1f4-2c52cdf77098@group-EF2B96863F64-SegmentedRaftLogWorker for RaftStorage:Storage Directory /workdir/hadoop-ozone/integration-test/target/test-dir/MiniOzoneClusterImpl-ef13529d-ad89-4511-899b-e06c9460a472/datanode-4/data/ratis/50a6f216-98fe-415e-ae1f-ef2b96863f64
2019-10-07 05:59:56,242 [pool-67-thread-1] INFO  server.RaftServerConfigKeys (ConfUtils.java:logGet(43)) - raft.server.log.queue.byte-limit = 2147483647 (custom)
2019-10-07 05:59:56,242 [pool-67-thread-1] INFO  server.RaftServerConfigKeys (ConfUtils.java:logGet(43)) - raft.server.log.queue.element-limit = 1024 (custom)
2019-10-07 05:59:56,242 [pool-67-thread-1] INFO  server.RaftServerConfigKeys (ConfUtils.java:logGet(43)) - raft.server.log.segment.size.max = 1048576 (custom)
2019-10-07 05:59:56,242 [pool-67-thread-1] INFO  server.RaftServerConfigKeys (ConfUtils.java:logGet(43)) - raft.server.log.preallocated.size = 16384 (custom)
2019-10-07 05:59:56,242 [pool-67-thread-1] INFO  server.RaftServerConfigKeys (ConfUtils.java:logGet(43)) - raft.server.log.write.buffer.size = 33554432 (custom)
2019-10-07 05:59:56,243 [pool-67-thread-1] INFO  server.RaftServerConfigKeys (ConfUtils.java:logGet(43)) - raft.server.log.force.sync.num = 128 (default)
2019-10-07 05:59:56,243 [pool-67-thread-1] INFO  server.RaftServerConfigKeys (ConfUtils.java:logGet(43)) - raft.server.log.statemachine.data.sync = true (default)
2019-10-07 05:59:56,243 [pool-67-thread-1] INFO  server.RaftServerConfigKeys (ConfUtils.java:logGet(43)) - raft.server.log.statemachine.data.sync.timeout = 10s (default)
2019-10-07 05:59:56,243 [pool-67-thread-1] INFO  server.RaftServerConfigKeys (ConfUtils.java:logGet(43)) - raft.server.log.statemachine.data.sync.timeout.retry = -1 (default)
2019-10-07 05:59:56,244 [pool-67-thread-1] INFO  server.RaftServerConfigKeys (ConfUtils.java:logGet(43)) - raft.server.log.statemachine.data.caching.enabled = true (custom)
2019-10-07 05:59:56,244 [pool-67-thread-1] INFO  segmented.SegmentedRaftLogWorker (SegmentedRaftLogWorker.java:lambda$new$0(128)) - 833795fc-6221-4b60-b1f4-2c52cdf77098@group-EF2B96863F64-SegmentedRaftLogWorker: flushIndex: setUnconditionally 0 -> -1
2019-10-07 05:59:56,245 [pool-67-thread-1] INFO  server.RaftServerConfigKeys (ConfUtils.java:logGet(43)) - raft.server.snapshot.auto.trigger.enabled = true (custom)
2019-10-07 05:59:56,245 [pool-67-thread-1] INFO  server.RaftServerConfigKeys (ConfUtils.java:logGet(43)) - raft.server.snapshot.auto.trigger.threshold = 10000 (custom)
2019-10-07 05:59:56,245 [pool-67-thread-1] INFO  server.RaftServerConfigKeys (ConfUtils.java:logGet(43)) - raft.server.snapshot.retention.file.num = 5 (custom)
2019-10-07 05:59:56,245 [pool-67-thread-1] INFO  server.RaftServerConfigKeys (ConfUtils.java:logGet(43)) - raft.server.retrycache.expirytime = 600000ms (custom)
2019-10-07 05:59:56,249 [pool-67-thread-1] INFO  impl.RaftServerImpl (RaftServerImpl.java:start(181)) - 833795fc-6221-4b60-b1f4-2c52cdf77098@group-EF2B96863F64: start as a follower, conf=-1: [833795fc-6221-4b60-b1f4-2c52cdf77098:192.168.30.3:41546], old=null
2019-10-07 05:59:56,249 [pool-67-thread-1] INFO  impl.RaftServerImpl (RaftServerImpl.java:setRole(170)) - 833795fc-6221-4b60-b1f4-2c52cdf77098@group-EF2B96863F64: changes role from      null to FOLLOWER at term 0 for startAsFollower
2019-10-07 05:59:56,250 [pool-67-thread-1] INFO  impl.RoleInfo (RoleInfo.java:updateAndGet(143)) - 833795fc-6221-4b60-b1f4-2c52cdf77098: start FollowerState
2019-10-07 05:59:56,250 [pool-67-thread-1] INFO  util.JmxRegister (JmxRegister.java:tryRegister(44)) - Successfully registered JMX Bean with object name Ratis:service=RaftServer,group=group-EF2B96863F64,id=833795fc-6221-4b60-b1f4-2c52cdf77098
2019-10-07 05:59:56,266 [RatisPipelineUtilsThread] INFO  pipeline.PipelineStateManager (PipelineStateManager.java:addPipeline(56)) - Created pipeline Pipeline[ Id: 50a6f216-98fe-415e-ae1f-ef2b96863f64, Nodes: 833795fc-6221-4b60-b1f4-2c52cdf77098{ip: 192.168.30.3, host: trunk-nightly-20191007-kbwpl-4130163227, networkLocation: /default-rack, certSerialId: null}, Type:RATIS, Factor:ONE, State:OPEN]
2019-10-07 05:59:56,284 [grpc-default-executor-0] INFO  impl.RaftServerProxy (RaftServerProxy.java:addNew(89)) - 86a83129-ecff-4408-81ec-54a1e4e7b386: addNew group-FEE9822411DA:[86a83129-ecff-4408-81ec-54a1e4e7b386:192.168.30.3:34069] returns group-FEE9822411DA:java.util.concurrent.CompletableFuture@111e2723[Not completed]
2019-10-07 05:59:56,288 [pool-57-thread-1] INFO  impl.RaftServerImpl (RaftServerImpl.java:<init>(95)) - 86a83129-ecff-4408-81ec-54a1e4e7b386: new RaftServerImpl for group-FEE9822411DA:[86a83129-ecff-4408-81ec-54a1e4e7b386:192.168.30.3:34069] with ContainerStateMachine:uninitialized
2019-10-07 05:59:56,289 [pool-57-thread-1] INFO  server.RaftServerConfigKeys (ConfUtils.java:logGet(43)) - raft.server.rpc.timeout.min = 5s (custom)
2019-10-07 05:59:56,289 [pool-57-thread-1] INFO  server.RaftServerConfigKeys (ConfUtils.java:logGet(43)) - raft.server.rpc.timeout.max = 5200ms (custom)
2019-10-07 05:59:56,289 [pool-57-thread-1] INFO  server.RaftServerConfigKeys (ConfUtils.java:logGet(43)) - raft.server.rpcslowness.timeout = 120s (custom)
2019-10-07 05:59:56,289 [pool-57-thread-1] INFO  server.RaftServerConfigKeys (ConfUtils.java:logGet(43)) - raft.server.sleep.deviation.threshold = 300 (default)
2019-10-07 05:59:56,289 [pool-57-thread-1] INFO  server.RaftServerConfigKeys (ConfUtils.java:logGet(43)) - raft.server.log.appender.install.snapshot.enabled = false (custom)
2019-10-07 05:59:56,289 [pool-57-thread-1] INFO  impl.RaftServerImpl (ServerState.java:<init>(103)) - 86a83129-ecff-4408-81ec-54a1e4e7b386@group-FEE9822411DA: ConfigurationManager, init=-1: [86a83129-ecff-4408-81ec-54a1e4e7b386:192.168.30.3:34069], old=null, confs=<EMPTY_MAP>
2019-10-07 05:59:56,290 [pool-57-thread-1] INFO  server.RaftServerConfigKeys (ConfUtils.java:logGet(43)) - raft.server.storage.dir = [/workdir/hadoop-ozone/integration-test/target/test-dir/MiniOzoneClusterImpl-ef13529d-ad89-4511-899b-e06c9460a472/datanode-3/data/ratis] (custom)
2019-10-07 05:59:56,290 [pool-57-thread-1] INFO  server.RaftServerConfigKeys (ConfUtils.java:logGet(43)) - raft.server.log.corruption.policy = EXCEPTION (default)
2019-10-07 05:59:56,290 [pool-57-thread-1] INFO  storage.RaftStorageDirectory (RaftStorageDirectory.java:analyzeStorage(246)) - The storage directory /workdir/hadoop-ozone/integration-test/target/test-dir/MiniOzoneClusterImpl-ef13529d-ad89-4511-899b-e06c9460a472/datanode-3/data/ratis/78ebfc09-3e62-4a5a-bbe7-fee9822411da does not exist. Creating ...
2019-10-07 05:59:56,308 [pool-57-thread-1] INFO  storage.RaftStorageDirectory (RaftStorageDirectory.java:tryLock(328)) - Lock on /workdir/hadoop-ozone/integration-test/target/test-dir/MiniOzoneClusterImpl-ef13529d-ad89-4511-899b-e06c9460a472/datanode-3/data/ratis/78ebfc09-3e62-4a5a-bbe7-fee9822411da/in_use.lock acquired by nodename 10064@trunk-nightly-20191007-kbwpl-4130163227
2019-10-07 05:59:56,323 [pool-57-thread-1] INFO  storage.RaftStorage (RaftStorage.java:format(84)) - Storage directory /workdir/hadoop-ozone/integration-test/target/test-dir/MiniOzoneClusterImpl-ef13529d-ad89-4511-899b-e06c9460a472/datanode-3/data/ratis/78ebfc09-3e62-4a5a-bbe7-fee9822411da has been successfully formatted.
2019-10-07 05:59:56,324 [pool-57-thread-1] INFO  ratis.ContainerStateMachine (ContainerStateMachine.java:loadSnapshot(231)) - group-FEE9822411DA: The snapshot info is null. Setting the last applied indexto:(t:0, i:~)
2019-10-07 05:59:56,324 [pool-57-thread-1] INFO  server.RaftServerConfigKeys (ConfUtils.java:logGet(43)) - raft.server.notification.no-leader.timeout = 120s (custom)
2019-10-07 05:59:56,324 [pool-57-thread-1] INFO  server.RaftServerConfigKeys (ConfUtils.java:logGet(43)) - raft.server.log.use.memory = false (default)
2019-10-07 05:59:56,324 [pool-57-thread-1] INFO  server.RaftServerConfigKeys (ConfUtils.java:logGet(43)) - raft.server.log.purge.gap = 1000000 (custom)
2019-10-07 05:59:56,325 [pool-57-thread-1] INFO  server.RaftServerConfigKeys (ConfUtils.java:logGet(43)) - raft.server.log.appender.buffer.byte-limit = 33554432 (custom)
2019-10-07 05:59:56,325 [pool-57-thread-1] INFO  server.RaftServerConfigKeys (ConfUtils.java:logGet(43)) - raft.server.log.segment.size.max = 1048576 (custom)
2019-10-07 05:59:56,330 [pool-57-thread-1] INFO  server.RaftServerConfigKeys (ConfUtils.java:logGet(43)) - raft.server.log.segment.cache.num.max = 2 (custom)
2019-10-07 05:59:56,330 [pool-57-thread-1] INFO  segmented.SegmentedRaftLogWorker (SegmentedRaftLogWorker.java:<init>(173)) - new 86a83129-ecff-4408-81ec-54a1e4e7b386@group-FEE9822411DA-SegmentedRaftLogWorker for RaftStorage:Storage Directory /workdir/hadoop-ozone/integration-test/target/test-dir/MiniOzoneClusterImpl-ef13529d-ad89-4511-899b-e06c9460a472/datanode-3/data/ratis/78ebfc09-3e62-4a5a-bbe7-fee9822411da
2019-10-07 05:59:56,330 [pool-57-thread-1] INFO  server.RaftServerConfigKeys (ConfUtils.java:logGet(43)) - raft.server.log.queue.byte-limit = 2147483647 (custom)
2019-10-07 05:59:56,330 [pool-57-thread-1] INFO  server.RaftServerConfigKeys (ConfUtils.java:logGet(43)) - raft.server.log.queue.element-limit = 1024 (custom)
2019-10-07 05:59:56,331 [pool-57-thread-1] INFO  server.RaftServerConfigKeys (ConfUtils.java:logGet(43)) - raft.server.log.segment.size.max = 1048576 (custom)
2019-10-07 05:59:56,331 [pool-57-thread-1] INFO  server.RaftServerConfigKeys (ConfUtils.java:logGet(43)) - raft.server.log.preallocated.size = 16384 (custom)
2019-10-07 05:59:56,331 [pool-57-thread-1] INFO  server.RaftServerConfigKeys (ConfUtils.java:logGet(43)) - raft.server.log.write.buffer.size = 33554432 (custom)
2019-10-07 05:59:56,331 [pool-57-thread-1] INFO  server.RaftServerConfigKeys (ConfUtils.java:logGet(43)) - raft.server.log.force.sync.num = 128 (default)
2019-10-07 05:59:56,331 [pool-57-thread-1] INFO  server.RaftServerConfigKeys (ConfUtils.java:logGet(43)) - raft.server.log.statemachine.data.sync = true (default)
2019-10-07 05:59:56,331 [pool-57-thread-1] INFO  server.RaftServerConfigKeys (ConfUtils.java:logGet(43)) - raft.server.log.statemachine.data.sync.timeout = 10s (default)
2019-10-07 05:59:56,331 [pool-57-thread-1] INFO  server.RaftServerConfigKeys (ConfUtils.java:logGet(43)) - raft.server.log.statemachine.data.sync.timeout.retry = -1 (default)
2019-10-07 05:59:56,332 [pool-57-thread-1] INFO  server.RaftServerConfigKeys (ConfUtils.java:logGet(43)) - raft.server.log.statemachine.data.caching.enabled = true (custom)
2019-10-07 05:59:56,332 [pool-57-thread-1] INFO  segmented.SegmentedRaftLogWorker (SegmentedRaftLogWorker.java:lambda$new$0(128)) - 86a83129-ecff-4408-81ec-54a1e4e7b386@group-FEE9822411DA-SegmentedRaftLogWorker: flushIndex: setUnconditionally 0 -> -1
2019-10-07 05:59:56,333 [pool-57-thread-1] INFO  server.RaftServerConfigKeys (ConfUtils.java:logGet(43)) - raft.server.snapshot.auto.trigger.enabled = true (custom)
2019-10-07 05:59:56,333 [pool-57-thread-1] INFO  server.RaftServerConfigKeys (ConfUtils.java:logGet(43)) - raft.server.snapshot.auto.trigger.threshold = 10000 (custom)
2019-10-07 05:59:56,333 [pool-57-thread-1] INFO  server.RaftServerConfigKeys (ConfUtils.java:logGet(43)) - raft.server.snapshot.retention.file.num = 5 (custom)
2019-10-07 05:59:56,333 [pool-57-thread-1] INFO  server.RaftServerConfigKeys (ConfUtils.java:logGet(43)) - raft.server.retrycache.expirytime = 600000ms (custom)
2019-10-07 05:59:56,336 [pool-57-thread-1] INFO  impl.RaftServerImpl (RaftServerImpl.java:start(181)) - 86a83129-ecff-4408-81ec-54a1e4e7b386@group-FEE9822411DA: start as a follower, conf=-1: [86a83129-ecff-4408-81ec-54a1e4e7b386:192.168.30.3:34069], old=null
2019-10-07 05:59:56,336 [pool-57-thread-1] INFO  impl.RaftServerImpl (RaftServerImpl.java:setRole(170)) - 86a83129-ecff-4408-81ec-54a1e4e7b386@group-FEE9822411DA: changes role from      null to FOLLOWER at term 0 for startAsFollower
2019-10-07 05:59:56,336 [pool-57-thread-1] INFO  impl.RoleInfo (RoleInfo.java:updateAndGet(143)) - 86a83129-ecff-4408-81ec-54a1e4e7b386: start FollowerState
2019-10-07 05:59:56,337 [pool-57-thread-1] INFO  util.JmxRegister (JmxRegister.java:tryRegister(44)) - Successfully registered JMX Bean with object name Ratis:service=RaftServer,group=group-FEE9822411DA,id=86a83129-ecff-4408-81ec-54a1e4e7b386
2019-10-07 05:59:56,357 [RatisPipelineUtilsThread] INFO  pipeline.PipelineStateManager (PipelineStateManager.java:addPipeline(56)) - Created pipeline Pipeline[ Id: 78ebfc09-3e62-4a5a-bbe7-fee9822411da, Nodes: 86a83129-ecff-4408-81ec-54a1e4e7b386{ip: 192.168.30.3, host: trunk-nightly-20191007-kbwpl-4130163227, networkLocation: /default-rack, certSerialId: null}, Type:RATIS, Factor:ONE, State:OPEN]
2019-10-07 05:59:56,380 [grpc-default-executor-0] INFO  impl.RaftServerProxy (RaftServerProxy.java:addNew(89)) - 0237ccc1-b862-410b-b726-981bea588f20: addNew group-75622FFA7341:[0237ccc1-b862-410b-b726-981bea588f20:192.168.30.3:36571] returns group-75622FFA7341:java.util.concurrent.CompletableFuture@1db11457[Not completed]
2019-10-07 05:59:56,386 [pool-77-thread-1] INFO  impl.RaftServerImpl (RaftServerImpl.java:<init>(95)) - 0237ccc1-b862-410b-b726-981bea588f20: new RaftServerImpl for group-75622FFA7341:[0237ccc1-b862-410b-b726-981bea588f20:192.168.30.3:36571] with ContainerStateMachine:uninitialized
2019-10-07 05:59:56,387 [pool-77-thread-1] INFO  server.RaftServerConfigKeys (ConfUtils.java:logGet(43)) - raft.server.rpc.timeout.min = 5s (custom)
2019-10-07 05:59:56,387 [pool-77-thread-1] INFO  server.RaftServerConfigKeys (ConfUtils.java:logGet(43)) - raft.server.rpc.timeout.max = 5200ms (custom)
2019-10-07 05:59:56,387 [pool-77-thread-1] INFO  server.RaftServerConfigKeys (ConfUtils.java:logGet(43)) - raft.server.rpcslowness.timeout = 120s (custom)
2019-10-07 05:59:56,387 [pool-77-thread-1] INFO  server.RaftServerConfigKeys (ConfUtils.java:logGet(43)) - raft.server.sleep.deviation.threshold = 300 (default)
2019-10-07 05:59:56,387 [pool-77-thread-1] INFO  server.RaftServerConfigKeys (ConfUtils.java:logGet(43)) - raft.server.log.appender.install.snapshot.enabled = false (custom)
2019-10-07 05:59:56,387 [pool-77-thread-1] INFO  impl.RaftServerImpl (ServerState.java:<init>(103)) - 0237ccc1-b862-410b-b726-981bea588f20@group-75622FFA7341: ConfigurationManager, init=-1: [0237ccc1-b862-410b-b726-981bea588f20:192.168.30.3:36571], old=null, confs=<EMPTY_MAP>
2019-10-07 05:59:56,388 [pool-77-thread-1] INFO  server.RaftServerConfigKeys (ConfUtils.java:logGet(43)) - raft.server.storage.dir = [/workdir/hadoop-ozone/integration-test/target/test-dir/MiniOzoneClusterImpl-ef13529d-ad89-4511-899b-e06c9460a472/datanode-5/data/ratis] (custom)
2019-10-07 05:59:56,388 [pool-77-thread-1] INFO  server.RaftServerConfigKeys (ConfUtils.java:logGet(43)) - raft.server.log.corruption.policy = EXCEPTION (default)
2019-10-07 05:59:56,388 [pool-77-thread-1] INFO  storage.RaftStorageDirectory (RaftStorageDirectory.java:analyzeStorage(246)) - The storage directory /workdir/hadoop-ozone/integration-test/target/test-dir/MiniOzoneClusterImpl-ef13529d-ad89-4511-899b-e06c9460a472/datanode-5/data/ratis/630d1c50-cd78-4970-9be0-75622ffa7341 does not exist. Creating ...
2019-10-07 05:59:56,401 [pool-77-thread-1] INFO  storage.RaftStorageDirectory (RaftStorageDirectory.java:tryLock(328)) - Lock on /workdir/hadoop-ozone/integration-test/target/test-dir/MiniOzoneClusterImpl-ef13529d-ad89-4511-899b-e06c9460a472/datanode-5/data/ratis/630d1c50-cd78-4970-9be0-75622ffa7341/in_use.lock acquired by nodename 10064@trunk-nightly-20191007-kbwpl-4130163227
2019-10-07 05:59:56,414 [pool-77-thread-1] INFO  storage.RaftStorage (RaftStorage.java:format(84)) - Storage directory /workdir/hadoop-ozone/integration-test/target/test-dir/MiniOzoneClusterImpl-ef13529d-ad89-4511-899b-e06c9460a472/datanode-5/data/ratis/630d1c50-cd78-4970-9be0-75622ffa7341 has been successfully formatted.
2019-10-07 05:59:56,414 [pool-77-thread-1] INFO  ratis.ContainerStateMachine (ContainerStateMachine.java:loadSnapshot(231)) - group-75622FFA7341: The snapshot info is null. Setting the last applied indexto:(t:0, i:~)
2019-10-07 05:59:56,415 [pool-77-thread-1] INFO  server.RaftServerConfigKeys (ConfUtils.java:logGet(43)) - raft.server.notification.no-leader.timeout = 120s (custom)
2019-10-07 05:59:56,415 [pool-77-thread-1] INFO  server.RaftServerConfigKeys (ConfUtils.java:logGet(43)) - raft.server.log.use.memory = false (default)
2019-10-07 05:59:56,415 [pool-77-thread-1] INFO  server.RaftServerConfigKeys (ConfUtils.java:logGet(43)) - raft.server.log.purge.gap = 1000000 (custom)
2019-10-07 05:59:56,415 [pool-77-thread-1] INFO  server.RaftServerConfigKeys (ConfUtils.java:logGet(43)) - raft.server.log.appender.buffer.byte-limit = 33554432 (custom)
2019-10-07 05:59:56,415 [pool-77-thread-1] INFO  server.RaftServerConfigKeys (ConfUtils.java:logGet(43)) - raft.server.log.segment.size.max = 1048576 (custom)
2019-10-07 05:59:56,418 [pool-77-thread-1] INFO  server.RaftServerConfigKeys (ConfUtils.java:logGet(43)) - raft.server.log.segment.cache.num.max = 2 (custom)
2019-10-07 05:59:56,418 [pool-77-thread-1] INFO  segmented.SegmentedRaftLogWorker (SegmentedRaftLogWorker.java:<init>(173)) - new 0237ccc1-b862-410b-b726-981bea588f20@group-75622FFA7341-SegmentedRaftLogWorker for RaftStorage:Storage Directory /workdir/hadoop-ozone/integration-test/target/test-dir/MiniOzoneClusterImpl-ef13529d-ad89-4511-899b-e06c9460a472/datanode-5/data/ratis/630d1c50-cd78-4970-9be0-75622ffa7341
2019-10-07 05:59:56,418 [pool-77-thread-1] INFO  server.RaftServerConfigKeys (ConfUtils.java:logGet(43)) - raft.server.log.queue.byte-limit = 2147483647 (custom)
2019-10-07 05:59:56,418 [pool-77-thread-1] INFO  server.RaftServerConfigKeys (ConfUtils.java:logGet(43)) - raft.server.log.queue.element-limit = 1024 (custom)
2019-10-07 05:59:56,418 [pool-77-thread-1] INFO  server.RaftServerConfigKeys (ConfUtils.java:logGet(43)) - raft.server.log.segment.size.max = 1048576 (custom)
2019-10-07 05:59:56,419 [pool-77-thread-1] INFO  server.RaftServerConfigKeys (ConfUtils.java:logGet(43)) - raft.server.log.preallocated.size = 16384 (custom)
2019-10-07 05:59:56,419 [pool-77-thread-1] INFO  server.RaftServerConfigKeys (ConfUtils.java:logGet(43)) - raft.server.log.write.buffer.size = 33554432 (custom)
2019-10-07 05:59:56,419 [pool-77-thread-1] INFO  server.RaftServerConfigKeys (ConfUtils.java:logGet(43)) - raft.server.log.force.sync.num = 128 (default)
2019-10-07 05:59:56,419 [pool-77-thread-1] INFO  server.RaftServerConfigKeys (ConfUtils.java:logGet(43)) - raft.server.log.statemachine.data.sync = true (default)
2019-10-07 05:59:56,419 [pool-77-thread-1] INFO  server.RaftServerConfigKeys (ConfUtils.java:logGet(43)) - raft.server.log.statemachine.data.sync.timeout = 10s (default)
2019-10-07 05:59:56,419 [pool-77-thread-1] INFO  server.RaftServerConfigKeys (ConfUtils.java:logGet(43)) - raft.server.log.statemachine.data.sync.timeout.retry = -1 (default)
2019-10-07 05:59:56,420 [pool-77-thread-1] INFO  server.RaftServerConfigKeys (ConfUtils.java:logGet(43)) - raft.server.log.statemachine.data.caching.enabled = true (custom)
2019-10-07 05:59:56,420 [pool-77-thread-1] INFO  segmented.SegmentedRaftLogWorker (SegmentedRaftLogWorker.java:lambda$new$0(128)) - 0237ccc1-b862-410b-b726-981bea588f20@group-75622FFA7341-SegmentedRaftLogWorker: flushIndex: setUnconditionally 0 -> -1
2019-10-07 05:59:56,420 [pool-77-thread-1] INFO  server.RaftServerConfigKeys (ConfUtils.java:logGet(43)) - raft.server.snapshot.auto.trigger.enabled = true (custom)
2019-10-07 05:59:56,420 [pool-77-thread-1] INFO  server.RaftServerConfigKeys (ConfUtils.java:logGet(43)) - raft.server.snapshot.auto.trigger.threshold = 10000 (custom)
2019-10-07 05:59:56,420 [pool-77-thread-1] INFO  server.RaftServerConfigKeys (ConfUtils.java:logGet(43)) - raft.server.snapshot.retention.file.num = 5 (custom)
2019-10-07 05:59:56,421 [pool-77-thread-1] INFO  server.RaftServerConfigKeys (ConfUtils.java:logGet(43)) - raft.server.retrycache.expirytime = 600000ms (custom)
2019-10-07 05:59:56,423 [pool-77-thread-1] INFO  impl.RaftServerImpl (RaftServerImpl.java:start(181)) - 0237ccc1-b862-410b-b726-981bea588f20@group-75622FFA7341: start as a follower, conf=-1: [0237ccc1-b862-410b-b726-981bea588f20:192.168.30.3:36571], old=null
2019-10-07 05:59:56,423 [pool-77-thread-1] INFO  impl.RaftServerImpl (RaftServerImpl.java:setRole(170)) - 0237ccc1-b862-410b-b726-981bea588f20@group-75622FFA7341: changes role from      null to FOLLOWER at term 0 for startAsFollower
2019-10-07 05:59:56,423 [pool-77-thread-1] INFO  impl.RoleInfo (RoleInfo.java:updateAndGet(143)) - 0237ccc1-b862-410b-b726-981bea588f20: start FollowerState
2019-10-07 05:59:56,423 [pool-77-thread-1] INFO  util.JmxRegister (JmxRegister.java:tryRegister(44)) - Successfully registered JMX Bean with object name Ratis:service=RaftServer,group=group-75622FFA7341,id=0237ccc1-b862-410b-b726-981bea588f20
2019-10-07 05:59:56,438 [RatisPipelineUtilsThread] INFO  pipeline.PipelineStateManager (PipelineStateManager.java:addPipeline(56)) - Created pipeline Pipeline[ Id: 630d1c50-cd78-4970-9be0-75622ffa7341, Nodes: 0237ccc1-b862-410b-b726-981bea588f20{ip: 192.168.30.3, host: trunk-nightly-20191007-kbwpl-4130163227, networkLocation: /default-rack, certSerialId: null}, Type:RATIS, Factor:ONE, State:OPEN]
2019-10-07 05:59:56,454 [grpc-default-executor-0] INFO  impl.RaftServerProxy (RaftServerProxy.java:addNew(89)) - 2c77848b-e6b5-4a1d-a3b2-ab28479a2399: addNew group-2ABE99A113F3:[2c77848b-e6b5-4a1d-a3b2-ab28479a2399:192.168.30.3:38603] returns group-2ABE99A113F3:java.util.concurrent.CompletableFuture@6afc1890[Not completed]
2019-10-07 05:59:56,455 [pool-37-thread-1] INFO  impl.RaftServerImpl (RaftServerImpl.java:<init>(95)) - 2c77848b-e6b5-4a1d-a3b2-ab28479a2399: new RaftServerImpl for group-2ABE99A113F3:[2c77848b-e6b5-4a1d-a3b2-ab28479a2399:192.168.30.3:38603] with ContainerStateMachine:uninitialized
2019-10-07 05:59:56,456 [pool-37-thread-1] INFO  server.RaftServerConfigKeys (ConfUtils.java:logGet(43)) - raft.server.rpc.timeout.min = 5s (custom)
2019-10-07 05:59:56,456 [pool-37-thread-1] INFO  server.RaftServerConfigKeys (ConfUtils.java:logGet(43)) - raft.server.rpc.timeout.max = 5200ms (custom)
2019-10-07 05:59:56,456 [pool-37-thread-1] INFO  server.RaftServerConfigKeys (ConfUtils.java:logGet(43)) - raft.server.rpcslowness.timeout = 120s (custom)
2019-10-07 05:59:56,456 [pool-37-thread-1] INFO  server.RaftServerConfigKeys (ConfUtils.java:logGet(43)) - raft.server.sleep.deviation.threshold = 300 (default)
2019-10-07 05:59:56,456 [pool-37-thread-1] INFO  server.RaftServerConfigKeys (ConfUtils.java:logGet(43)) - raft.server.log.appender.install.snapshot.enabled = false (custom)
2019-10-07 05:59:56,456 [pool-37-thread-1] INFO  impl.RaftServerImpl (ServerState.java:<init>(103)) - 2c77848b-e6b5-4a1d-a3b2-ab28479a2399@group-2ABE99A113F3: ConfigurationManager, init=-1: [2c77848b-e6b5-4a1d-a3b2-ab28479a2399:192.168.30.3:38603], old=null, confs=<EMPTY_MAP>
2019-10-07 05:59:56,456 [pool-37-thread-1] INFO  server.RaftServerConfigKeys (ConfUtils.java:logGet(43)) - raft.server.storage.dir = [/workdir/hadoop-ozone/integration-test/target/test-dir/MiniOzoneClusterImpl-ef13529d-ad89-4511-899b-e06c9460a472/datanode-1/data/ratis] (custom)
2019-10-07 05:59:56,457 [pool-37-thread-1] INFO  server.RaftServerConfigKeys (ConfUtils.java:logGet(43)) - raft.server.log.corruption.policy = EXCEPTION (default)
2019-10-07 05:59:56,457 [pool-37-thread-1] INFO  storage.RaftStorageDirectory (RaftStorageDirectory.java:analyzeStorage(246)) - The storage directory /workdir/hadoop-ozone/integration-test/target/test-dir/MiniOzoneClusterImpl-ef13529d-ad89-4511-899b-e06c9460a472/datanode-1/data/ratis/ae509a77-2d00-4b25-aeed-2abe99a113f3 does not exist. Creating ...
2019-10-07 05:59:56,470 [pool-37-thread-1] INFO  storage.RaftStorageDirectory (RaftStorageDirectory.java:tryLock(328)) - Lock on /workdir/hadoop-ozone/integration-test/target/test-dir/MiniOzoneClusterImpl-ef13529d-ad89-4511-899b-e06c9460a472/datanode-1/data/ratis/ae509a77-2d00-4b25-aeed-2abe99a113f3/in_use.lock acquired by nodename 10064@trunk-nightly-20191007-kbwpl-4130163227
2019-10-07 05:59:56,483 [pool-37-thread-1] INFO  storage.RaftStorage (RaftStorage.java:format(84)) - Storage directory /workdir/hadoop-ozone/integration-test/target/test-dir/MiniOzoneClusterImpl-ef13529d-ad89-4511-899b-e06c9460a472/datanode-1/data/ratis/ae509a77-2d00-4b25-aeed-2abe99a113f3 has been successfully formatted.
2019-10-07 05:59:56,483 [pool-37-thread-1] INFO  ratis.ContainerStateMachine (ContainerStateMachine.java:loadSnapshot(231)) - group-2ABE99A113F3: The snapshot info is null. Setting the last applied indexto:(t:0, i:~)
2019-10-07 05:59:56,484 [pool-37-thread-1] INFO  server.RaftServerConfigKeys (ConfUtils.java:logGet(43)) - raft.server.notification.no-leader.timeout = 120s (custom)
2019-10-07 05:59:56,484 [pool-37-thread-1] INFO  server.RaftServerConfigKeys (ConfUtils.java:logGet(43)) - raft.server.log.use.memory = false (default)
2019-10-07 05:59:56,484 [pool-37-thread-1] INFO  server.RaftServerConfigKeys (ConfUtils.java:logGet(43)) - raft.server.log.purge.gap = 1000000 (custom)
2019-10-07 05:59:56,484 [pool-37-thread-1] INFO  server.RaftServerConfigKeys (ConfUtils.java:logGet(43)) - raft.server.log.appender.buffer.byte-limit = 33554432 (custom)
2019-10-07 05:59:56,484 [pool-37-thread-1] INFO  server.RaftServerConfigKeys (ConfUtils.java:logGet(43)) - raft.server.log.segment.size.max = 1048576 (custom)
2019-10-07 05:59:56,486 [pool-37-thread-1] INFO  server.RaftServerConfigKeys (ConfUtils.java:logGet(43)) - raft.server.log.segment.cache.num.max = 2 (custom)
2019-10-07 05:59:56,487 [pool-37-thread-1] INFO  segmented.SegmentedRaftLogWorker (SegmentedRaftLogWorker.java:<init>(173)) - new 2c77848b-e6b5-4a1d-a3b2-ab28479a2399@group-2ABE99A113F3-SegmentedRaftLogWorker for RaftStorage:Storage Directory /workdir/hadoop-ozone/integration-test/target/test-dir/MiniOzoneClusterImpl-ef13529d-ad89-4511-899b-e06c9460a472/datanode-1/data/ratis/ae509a77-2d00-4b25-aeed-2abe99a113f3
2019-10-07 05:59:56,487 [pool-37-thread-1] INFO  server.RaftServerConfigKeys (ConfUtils.java:logGet(43)) - raft.server.log.queue.byte-limit = 2147483647 (custom)
2019-10-07 05:59:56,487 [pool-37-thread-1] INFO  server.RaftServerConfigKeys (ConfUtils.java:logGet(43)) - raft.server.log.queue.element-limit = 1024 (custom)
2019-10-07 05:59:56,487 [pool-37-thread-1] INFO  server.RaftServerConfigKeys (ConfUtils.java:logGet(43)) - raft.server.log.segment.size.max = 1048576 (custom)
2019-10-07 05:59:56,487 [pool-37-thread-1] INFO  server.RaftServerConfigKeys (ConfUtils.java:logGet(43)) - raft.server.log.preallocated.size = 16384 (custom)
2019-10-07 05:59:56,487 [pool-37-thread-1] INFO  server.RaftServerConfigKeys (ConfUtils.java:logGet(43)) - raft.server.log.write.buffer.size = 33554432 (custom)
2019-10-07 05:59:56,487 [pool-37-thread-1] INFO  server.RaftServerConfigKeys (ConfUtils.java:logGet(43)) - raft.server.log.force.sync.num = 128 (default)
2019-10-07 05:59:56,487 [pool-37-thread-1] INFO  server.RaftServerConfigKeys (ConfUtils.java:logGet(43)) - raft.server.log.statemachine.data.sync = true (default)
2019-10-07 05:59:56,488 [pool-37-thread-1] INFO  server.RaftServerConfigKeys (ConfUtils.java:logGet(43)) - raft.server.log.statemachine.data.sync.timeout = 10s (default)
2019-10-07 05:59:56,488 [pool-37-thread-1] INFO  server.RaftServerConfigKeys (ConfUtils.java:logGet(43)) - raft.server.log.statemachine.data.sync.timeout.retry = -1 (default)
2019-10-07 05:59:56,488 [pool-37-thread-1] INFO  server.RaftServerConfigKeys (ConfUtils.java:logGet(43)) - raft.server.log.statemachine.data.caching.enabled = true (custom)
2019-10-07 05:59:56,488 [pool-37-thread-1] INFO  segmented.SegmentedRaftLogWorker (SegmentedRaftLogWorker.java:lambda$new$0(128)) - 2c77848b-e6b5-4a1d-a3b2-ab28479a2399@group-2ABE99A113F3-SegmentedRaftLogWorker: flushIndex: setUnconditionally 0 -> -1
2019-10-07 05:59:56,489 [pool-37-thread-1] INFO  server.RaftServerConfigKeys (ConfUtils.java:logGet(43)) - raft.server.snapshot.auto.trigger.enabled = true (custom)
2019-10-07 05:59:56,489 [pool-37-thread-1] INFO  server.RaftServerConfigKeys (ConfUtils.java:logGet(43)) - raft.server.snapshot.auto.trigger.threshold = 10000 (custom)
2019-10-07 05:59:56,489 [pool-37-thread-1] INFO  server.RaftServerConfigKeys (ConfUtils.java:logGet(43)) - raft.server.snapshot.retention.file.num = 5 (custom)
2019-10-07 05:59:56,489 [pool-37-thread-1] INFO  server.RaftServerConfigKeys (ConfUtils.java:logGet(43)) - raft.server.retrycache.expirytime = 600000ms (custom)
2019-10-07 05:59:56,491 [pool-37-thread-1] INFO  impl.RaftServerImpl (RaftServerImpl.java:start(181)) - 2c77848b-e6b5-4a1d-a3b2-ab28479a2399@group-2ABE99A113F3: start as a follower, conf=-1: [2c77848b-e6b5-4a1d-a3b2-ab28479a2399:192.168.30.3:38603], old=null
2019-10-07 05:59:56,491 [pool-37-thread-1] INFO  impl.RaftServerImpl (RaftServerImpl.java:setRole(170)) - 2c77848b-e6b5-4a1d-a3b2-ab28479a2399@group-2ABE99A113F3: changes role from      null to FOLLOWER at term 0 for startAsFollower
2019-10-07 05:59:56,491 [pool-37-thread-1] INFO  impl.RoleInfo (RoleInfo.java:updateAndGet(143)) - 2c77848b-e6b5-4a1d-a3b2-ab28479a2399: start FollowerState
2019-10-07 05:59:56,492 [pool-37-thread-1] INFO  util.JmxRegister (JmxRegister.java:tryRegister(44)) - Successfully registered JMX Bean with object name Ratis:service=RaftServer,group=group-2ABE99A113F3,id=2c77848b-e6b5-4a1d-a3b2-ab28479a2399
2019-10-07 05:59:56,516 [RatisPipelineUtilsThread] INFO  pipeline.PipelineStateManager (PipelineStateManager.java:addPipeline(56)) - Created pipeline Pipeline[ Id: ae509a77-2d00-4b25-aeed-2abe99a113f3, Nodes: 2c77848b-e6b5-4a1d-a3b2-ab28479a2399{ip: 192.168.30.3, host: trunk-nightly-20191007-kbwpl-4130163227, networkLocation: /default-rack, certSerialId: null}, Type:RATIS, Factor:ONE, State:OPEN]
2019-10-07 05:59:56,553 [main] INFO  ozone.MiniOzoneClusterImpl (MiniOzoneClusterImpl.java:lambda$waitForClusterToBeReady$0(147)) - Cluster is ready. Got 7 of 7 DN Heartbeats.
2019-10-07 05:59:56,554 [grpc-default-executor-2] INFO  impl.RaftServerProxy (RaftServerProxy.java:addNew(89)) - c21e50b3-ab2c-4758-9253-59979117ba9b: addNew group-48AAE2CB25F9:[c21e50b3-ab2c-4758-9253-59979117ba9b:192.168.30.3:36477, c585da5a-a255-4272-8069-f95bb7255ddc:192.168.30.3:38193, 833795fc-6221-4b60-b1f4-2c52cdf77098:192.168.30.3:41546] returns group-48AAE2CB25F9:java.util.concurrent.CompletableFuture@1a514732[Not completed]
2019-10-07 05:59:56,553 [grpc-default-executor-1] INFO  impl.RaftServerProxy (RaftServerProxy.java:addNew(89)) - 833795fc-6221-4b60-b1f4-2c52cdf77098: addNew group-48AAE2CB25F9:[c21e50b3-ab2c-4758-9253-59979117ba9b:192.168.30.3:36477, c585da5a-a255-4272-8069-f95bb7255ddc:192.168.30.3:38193, 833795fc-6221-4b60-b1f4-2c52cdf77098:192.168.30.3:41546] returns group-48AAE2CB25F9:java.util.concurrent.CompletableFuture@6a4ff55c[Not completed]
2019-10-07 05:59:56,557 [pool-67-thread-1] INFO  impl.RaftServerImpl (RaftServerImpl.java:<init>(95)) - 833795fc-6221-4b60-b1f4-2c52cdf77098: new RaftServerImpl for group-48AAE2CB25F9:[c21e50b3-ab2c-4758-9253-59979117ba9b:192.168.30.3:36477, c585da5a-a255-4272-8069-f95bb7255ddc:192.168.30.3:38193, 833795fc-6221-4b60-b1f4-2c52cdf77098:192.168.30.3:41546] with ContainerStateMachine:uninitialized
2019-10-07 05:59:56,558 [pool-67-thread-1] INFO  server.RaftServerConfigKeys (ConfUtils.java:logGet(43)) - raft.server.rpc.timeout.min = 5s (custom)
2019-10-07 05:59:56,558 [grpc-default-executor-1] INFO  impl.RaftServerProxy (RaftServerProxy.java:addNew(89)) - c585da5a-a255-4272-8069-f95bb7255ddc: addNew group-48AAE2CB25F9:[c21e50b3-ab2c-4758-9253-59979117ba9b:192.168.30.3:36477, c585da5a-a255-4272-8069-f95bb7255ddc:192.168.30.3:38193, 833795fc-6221-4b60-b1f4-2c52cdf77098:192.168.30.3:41546] returns group-48AAE2CB25F9:java.util.concurrent.CompletableFuture@6e706ccd[Not completed]
2019-10-07 05:59:56,558 [pool-67-thread-1] INFO  server.RaftServerConfigKeys (ConfUtils.java:logGet(43)) - raft.server.rpc.timeout.max = 5200ms (custom)
2019-10-07 05:59:56,558 [pool-67-thread-1] INFO  server.RaftServerConfigKeys (ConfUtils.java:logGet(43)) - raft.server.rpcslowness.timeout = 120s (custom)
2019-10-07 05:59:56,558 [pool-67-thread-1] INFO  server.RaftServerConfigKeys (ConfUtils.java:logGet(43)) - raft.server.sleep.deviation.threshold = 300 (default)
2019-10-07 05:59:56,558 [pool-67-thread-1] INFO  server.RaftServerConfigKeys (ConfUtils.java:logGet(43)) - raft.server.log.appender.install.snapshot.enabled = false (custom)
2019-10-07 05:59:56,558 [pool-87-thread-1] INFO  impl.RaftServerImpl (RaftServerImpl.java:<init>(95)) - c21e50b3-ab2c-4758-9253-59979117ba9b: new RaftServerImpl for group-48AAE2CB25F9:[c21e50b3-ab2c-4758-9253-59979117ba9b:192.168.30.3:36477, c585da5a-a255-4272-8069-f95bb7255ddc:192.168.30.3:38193, 833795fc-6221-4b60-b1f4-2c52cdf77098:192.168.30.3:41546] with ContainerStateMachine:uninitialized
2019-10-07 05:59:56,558 [pool-67-thread-1] INFO  impl.RaftServerImpl (ServerState.java:<init>(103)) - 833795fc-6221-4b60-b1f4-2c52cdf77098@group-48AAE2CB25F9: ConfigurationManager, init=-1: [c21e50b3-ab2c-4758-9253-59979117ba9b:192.168.30.3:36477, c585da5a-a255-4272-8069-f95bb7255ddc:192.168.30.3:38193, 833795fc-6221-4b60-b1f4-2c52cdf77098:192.168.30.3:41546], old=null, confs=<EMPTY_MAP>
2019-10-07 05:59:56,559 [pool-87-thread-1] INFO  server.RaftServerConfigKeys (ConfUtils.java:logGet(43)) - raft.server.rpc.timeout.min = 5s (custom)
2019-10-07 05:59:56,559 [pool-67-thread-1] INFO  server.RaftServerConfigKeys (ConfUtils.java:logGet(43)) - raft.server.storage.dir = [/workdir/hadoop-ozone/integration-test/target/test-dir/MiniOzoneClusterImpl-ef13529d-ad89-4511-899b-e06c9460a472/datanode-4/data/ratis] (custom)
2019-10-07 05:59:56,559 [pool-87-thread-1] INFO  server.RaftServerConfigKeys (ConfUtils.java:logGet(43)) - raft.server.rpc.timeout.max = 5200ms (custom)
2019-10-07 05:59:56,559 [pool-87-thread-1] INFO  server.RaftServerConfigKeys (ConfUtils.java:logGet(43)) - raft.server.rpcslowness.timeout = 120s (custom)
2019-10-07 05:59:56,559 [pool-67-thread-1] INFO  server.RaftServerConfigKeys (ConfUtils.java:logGet(43)) - raft.server.log.corruption.policy = EXCEPTION (default)
2019-10-07 05:59:56,559 [pool-87-thread-1] INFO  server.RaftServerConfigKeys (ConfUtils.java:logGet(43)) - raft.server.sleep.deviation.threshold = 300 (default)
2019-10-07 05:59:56,559 [pool-87-thread-1] INFO  server.RaftServerConfigKeys (ConfUtils.java:logGet(43)) - raft.server.log.appender.install.snapshot.enabled = false (custom)
2019-10-07 05:59:56,559 [pool-67-thread-1] INFO  storage.RaftStorageDirectory (RaftStorageDirectory.java:analyzeStorage(246)) - The storage directory /workdir/hadoop-ozone/integration-test/target/test-dir/MiniOzoneClusterImpl-ef13529d-ad89-4511-899b-e06c9460a472/datanode-4/data/ratis/60af2693-d156-42fc-8173-48aae2cb25f9 does not exist. Creating ...
2019-10-07 05:59:56,559 [pool-87-thread-1] INFO  impl.RaftServerImpl (ServerState.java:<init>(103)) - c21e50b3-ab2c-4758-9253-59979117ba9b@group-48AAE2CB25F9: ConfigurationManager, init=-1: [c21e50b3-ab2c-4758-9253-59979117ba9b:192.168.30.3:36477, c585da5a-a255-4272-8069-f95bb7255ddc:192.168.30.3:38193, 833795fc-6221-4b60-b1f4-2c52cdf77098:192.168.30.3:41546], old=null, confs=<EMPTY_MAP>
2019-10-07 05:59:56,560 [pool-47-thread-1] INFO  impl.RaftServerImpl (RaftServerImpl.java:<init>(95)) - c585da5a-a255-4272-8069-f95bb7255ddc: new RaftServerImpl for group-48AAE2CB25F9:[c21e50b3-ab2c-4758-9253-59979117ba9b:192.168.30.3:36477, c585da5a-a255-4272-8069-f95bb7255ddc:192.168.30.3:38193, 833795fc-6221-4b60-b1f4-2c52cdf77098:192.168.30.3:41546] with ContainerStateMachine:uninitialized
2019-10-07 05:59:56,560 [pool-87-thread-1] INFO  server.RaftServerConfigKeys (ConfUtils.java:logGet(43)) - raft.server.storage.dir = [/workdir/hadoop-ozone/integration-test/target/test-dir/MiniOzoneClusterImpl-ef13529d-ad89-4511-899b-e06c9460a472/datanode-6/data/ratis] (custom)
2019-10-07 05:59:56,560 [pool-47-thread-1] INFO  server.RaftServerConfigKeys (ConfUtils.java:logGet(43)) - raft.server.rpc.timeout.min = 5s (custom)
2019-10-07 05:59:56,560 [pool-47-thread-1] INFO  server.RaftServerConfigKeys (ConfUtils.java:logGet(43)) - raft.server.rpc.timeout.max = 5200ms (custom)
2019-10-07 05:59:56,560 [pool-87-thread-1] INFO  server.RaftServerConfigKeys (ConfUtils.java:logGet(43)) - raft.server.log.corruption.policy = EXCEPTION (default)
2019-10-07 05:59:56,560 [pool-47-thread-1] INFO  server.RaftServerConfigKeys (ConfUtils.java:logGet(43)) - raft.server.rpcslowness.timeout = 120s (custom)
2019-10-07 05:59:56,560 [pool-87-thread-1] INFO  storage.RaftStorageDirectory (RaftStorageDirectory.java:analyzeStorage(246)) - The storage directory /workdir/hadoop-ozone/integration-test/target/test-dir/MiniOzoneClusterImpl-ef13529d-ad89-4511-899b-e06c9460a472/datanode-6/data/ratis/60af2693-d156-42fc-8173-48aae2cb25f9 does not exist. Creating ...
2019-10-07 05:59:56,560 [pool-47-thread-1] INFO  server.RaftServerConfigKeys (ConfUtils.java:logGet(43)) - raft.server.sleep.deviation.threshold = 300 (default)
2019-10-07 05:59:56,561 [pool-47-thread-1] INFO  server.RaftServerConfigKeys (ConfUtils.java:logGet(43)) - raft.server.log.appender.install.snapshot.enabled = false (custom)
2019-10-07 05:59:56,561 [pool-47-thread-1] INFO  impl.RaftServerImpl (ServerState.java:<init>(103)) - c585da5a-a255-4272-8069-f95bb7255ddc@group-48AAE2CB25F9: ConfigurationManager, init=-1: [c21e50b3-ab2c-4758-9253-59979117ba9b:192.168.30.3:36477, c585da5a-a255-4272-8069-f95bb7255ddc:192.168.30.3:38193, 833795fc-6221-4b60-b1f4-2c52cdf77098:192.168.30.3:41546], old=null, confs=<EMPTY_MAP>
2019-10-07 05:59:56,561 [pool-47-thread-1] INFO  server.RaftServerConfigKeys (ConfUtils.java:logGet(43)) - raft.server.storage.dir = [/workdir/hadoop-ozone/integration-test/target/test-dir/MiniOzoneClusterImpl-ef13529d-ad89-4511-899b-e06c9460a472/datanode-2/data/ratis] (custom)
2019-10-07 05:59:56,561 [pool-47-thread-1] INFO  server.RaftServerConfigKeys (ConfUtils.java:logGet(43)) - raft.server.log.corruption.policy = EXCEPTION (default)
2019-10-07 05:59:56,562 [pool-47-thread-1] INFO  storage.RaftStorageDirectory (RaftStorageDirectory.java:analyzeStorage(246)) - The storage directory /workdir/hadoop-ozone/integration-test/target/test-dir/MiniOzoneClusterImpl-ef13529d-ad89-4511-899b-e06c9460a472/datanode-2/data/ratis/60af2693-d156-42fc-8173-48aae2cb25f9 does not exist. Creating ...
2019-10-07 05:59:56,573 [pool-47-thread-1] INFO  storage.RaftStorageDirectory (RaftStorageDirectory.java:tryLock(328)) - Lock on /workdir/hadoop-ozone/integration-test/target/test-dir/MiniOzoneClusterImpl-ef13529d-ad89-4511-899b-e06c9460a472/datanode-2/data/ratis/60af2693-d156-42fc-8173-48aae2cb25f9/in_use.lock acquired by nodename 10064@trunk-nightly-20191007-kbwpl-4130163227
2019-10-07 05:59:56,573 [pool-87-thread-1] INFO  storage.RaftStorageDirectory (RaftStorageDirectory.java:tryLock(328)) - Lock on /workdir/hadoop-ozone/integration-test/target/test-dir/MiniOzoneClusterImpl-ef13529d-ad89-4511-899b-e06c9460a472/datanode-6/data/ratis/60af2693-d156-42fc-8173-48aae2cb25f9/in_use.lock acquired by nodename 10064@trunk-nightly-20191007-kbwpl-4130163227
2019-10-07 05:59:56,573 [pool-67-thread-1] INFO  storage.RaftStorageDirectory (RaftStorageDirectory.java:tryLock(328)) - Lock on /workdir/hadoop-ozone/integration-test/target/test-dir/MiniOzoneClusterImpl-ef13529d-ad89-4511-899b-e06c9460a472/datanode-4/data/ratis/60af2693-d156-42fc-8173-48aae2cb25f9/in_use.lock acquired by nodename 10064@trunk-nightly-20191007-kbwpl-4130163227
2019-10-07 05:59:56,589 [pool-67-thread-1] INFO  storage.RaftStorage (RaftStorage.java:format(84)) - Storage directory /workdir/hadoop-ozone/integration-test/target/test-dir/MiniOzoneClusterImpl-ef13529d-ad89-4511-899b-e06c9460a472/datanode-4/data/ratis/60af2693-d156-42fc-8173-48aae2cb25f9 has been successfully formatted.
2019-10-07 05:59:56,589 [pool-87-thread-1] INFO  storage.RaftStorage (RaftStorage.java:format(84)) - Storage directory /workdir/hadoop-ozone/integration-test/target/test-dir/MiniOzoneClusterImpl-ef13529d-ad89-4511-899b-e06c9460a472/datanode-6/data/ratis/60af2693-d156-42fc-8173-48aae2cb25f9 has been successfully formatted.
2019-10-07 05:59:56,589 [pool-47-thread-1] INFO  storage.RaftStorage (RaftStorage.java:format(84)) - Storage directory /workdir/hadoop-ozone/integration-test/target/test-dir/MiniOzoneClusterImpl-ef13529d-ad89-4511-899b-e06c9460a472/datanode-2/data/ratis/60af2693-d156-42fc-8173-48aae2cb25f9 has been successfully formatted.
2019-10-07 05:59:56,590 [pool-67-thread-1] INFO  ratis.ContainerStateMachine (ContainerStateMachine.java:loadSnapshot(231)) - group-48AAE2CB25F9: The snapshot info is null. Setting the last applied indexto:(t:0, i:~)
2019-10-07 05:59:56,590 [pool-47-thread-1] INFO  ratis.ContainerStateMachine (ContainerStateMachine.java:loadSnapshot(231)) - group-48AAE2CB25F9: The snapshot info is null. Setting the last applied indexto:(t:0, i:~)
2019-10-07 05:59:56,590 [pool-87-thread-1] INFO  ratis.ContainerStateMachine (ContainerStateMachine.java:loadSnapshot(231)) - group-48AAE2CB25F9: The snapshot info is null. Setting the last applied indexto:(t:0, i:~)
2019-10-07 05:59:56,590 [pool-47-thread-1] INFO  server.RaftServerConfigKeys (ConfUtils.java:logGet(43)) - raft.server.notification.no-leader.timeout = 120s (custom)
2019-10-07 05:59:56,590 [pool-67-thread-1] INFO  server.RaftServerConfigKeys (ConfUtils.java:logGet(43)) - raft.server.notification.no-leader.timeout = 120s (custom)
2019-10-07 05:59:56,590 [pool-47-thread-1] INFO  server.RaftServerConfigKeys (ConfUtils.java:logGet(43)) - raft.server.log.use.memory = false (default)
2019-10-07 05:59:56,590 [pool-87-thread-1] INFO  server.RaftServerConfigKeys (ConfUtils.java:logGet(43)) - raft.server.notification.no-leader.timeout = 120s (custom)
2019-10-07 05:59:56,590 [pool-47-thread-1] INFO  server.RaftServerConfigKeys (ConfUtils.java:logGet(43)) - raft.server.log.purge.gap = 1000000 (custom)
2019-10-07 05:59:56,590 [pool-67-thread-1] INFO  server.RaftServerConfigKeys (ConfUtils.java:logGet(43)) - raft.server.log.use.memory = false (default)
2019-10-07 05:59:56,590 [pool-47-thread-1] INFO  server.RaftServerConfigKeys (ConfUtils.java:logGet(43)) - raft.server.log.appender.buffer.byte-limit = 33554432 (custom)
2019-10-07 05:59:56,590 [pool-87-thread-1] INFO  server.RaftServerConfigKeys (ConfUtils.java:logGet(43)) - raft.server.log.use.memory = false (default)
2019-10-07 05:59:56,591 [pool-47-thread-1] INFO  server.RaftServerConfigKeys (ConfUtils.java:logGet(43)) - raft.server.log.segment.size.max = 1048576 (custom)
2019-10-07 05:59:56,591 [pool-67-thread-1] INFO  server.RaftServerConfigKeys (ConfUtils.java:logGet(43)) - raft.server.log.purge.gap = 1000000 (custom)
2019-10-07 05:59:56,591 [pool-47-thread-1] INFO  server.RaftServerConfigKeys (ConfUtils.java:logGet(43)) - raft.server.log.segment.cache.num.max = 2 (custom)
2019-10-07 05:59:56,591 [pool-87-thread-1] INFO  server.RaftServerConfigKeys (ConfUtils.java:logGet(43)) - raft.server.log.purge.gap = 1000000 (custom)
2019-10-07 05:59:56,591 [pool-47-thread-1] INFO  segmented.SegmentedRaftLogWorker (SegmentedRaftLogWorker.java:<init>(173)) - new c585da5a-a255-4272-8069-f95bb7255ddc@group-48AAE2CB25F9-SegmentedRaftLogWorker for RaftStorage:Storage Directory /workdir/hadoop-ozone/integration-test/target/test-dir/MiniOzoneClusterImpl-ef13529d-ad89-4511-899b-e06c9460a472/datanode-2/data/ratis/60af2693-d156-42fc-8173-48aae2cb25f9
2019-10-07 05:59:56,591 [pool-67-thread-1] INFO  server.RaftServerConfigKeys (ConfUtils.java:logGet(43)) - raft.server.log.appender.buffer.byte-limit = 33554432 (custom)
2019-10-07 05:59:56,591 [pool-47-thread-1] INFO  server.RaftServerConfigKeys (ConfUtils.java:logGet(43)) - raft.server.log.queue.byte-limit = 2147483647 (custom)
2019-10-07 05:59:56,591 [pool-87-thread-1] INFO  server.RaftServerConfigKeys (ConfUtils.java:logGet(43)) - raft.server.log.appender.buffer.byte-limit = 33554432 (custom)
2019-10-07 05:59:56,591 [pool-47-thread-1] INFO  server.RaftServerConfigKeys (ConfUtils.java:logGet(43)) - raft.server.log.queue.element-limit = 1024 (custom)
2019-10-07 05:59:56,591 [pool-67-thread-1] INFO  server.RaftServerConfigKeys (ConfUtils.java:logGet(43)) - raft.server.log.segment.size.max = 1048576 (custom)
2019-10-07 05:59:56,592 [pool-47-thread-1] INFO  server.RaftServerConfigKeys (ConfUtils.java:logGet(43)) - raft.server.log.segment.size.max = 1048576 (custom)
2019-10-07 05:59:56,592 [pool-87-thread-1] INFO  server.RaftServerConfigKeys (ConfUtils.java:logGet(43)) - raft.server.log.segment.size.max = 1048576 (custom)
2019-10-07 05:59:56,592 [pool-47-thread-1] INFO  server.RaftServerConfigKeys (ConfUtils.java:logGet(43)) - raft.server.log.preallocated.size = 16384 (custom)
2019-10-07 05:59:56,592 [pool-67-thread-1] INFO  server.RaftServerConfigKeys (ConfUtils.java:logGet(43)) - raft.server.log.segment.cache.num.max = 2 (custom)
2019-10-07 05:59:56,592 [pool-47-thread-1] INFO  server.RaftServerConfigKeys (ConfUtils.java:logGet(43)) - raft.server.log.write.buffer.size = 33554432 (custom)
2019-10-07 05:59:56,592 [pool-87-thread-1] INFO  server.RaftServerConfigKeys (ConfUtils.java:logGet(43)) - raft.server.log.segment.cache.num.max = 2 (custom)
2019-10-07 05:59:56,592 [pool-47-thread-1] INFO  server.RaftServerConfigKeys (ConfUtils.java:logGet(43)) - raft.server.log.force.sync.num = 128 (default)
2019-10-07 05:59:56,592 [pool-67-thread-1] INFO  segmented.SegmentedRaftLogWorker (SegmentedRaftLogWorker.java:<init>(173)) - new 833795fc-6221-4b60-b1f4-2c52cdf77098@group-48AAE2CB25F9-SegmentedRaftLogWorker for RaftStorage:Storage Directory /workdir/hadoop-ozone/integration-test/target/test-dir/MiniOzoneClusterImpl-ef13529d-ad89-4511-899b-e06c9460a472/datanode-4/data/ratis/60af2693-d156-42fc-8173-48aae2cb25f9
2019-10-07 05:59:56,592 [pool-47-thread-1] INFO  server.RaftServerConfigKeys (ConfUtils.java:logGet(43)) - raft.server.log.statemachine.data.sync = true (default)
2019-10-07 05:59:56,592 [pool-87-thread-1] INFO  segmented.SegmentedRaftLogWorker (SegmentedRaftLogWorker.java:<init>(173)) - new c21e50b3-ab2c-4758-9253-59979117ba9b@group-48AAE2CB25F9-SegmentedRaftLogWorker for RaftStorage:Storage Directory /workdir/hadoop-ozone/integration-test/target/test-dir/MiniOzoneClusterImpl-ef13529d-ad89-4511-899b-e06c9460a472/datanode-6/data/ratis/60af2693-d156-42fc-8173-48aae2cb25f9
2019-10-07 05:59:56,593 [pool-47-thread-1] INFO  server.RaftServerConfigKeys (ConfUtils.java:logGet(43)) - raft.server.log.statemachine.data.sync.timeout = 10s (default)
2019-10-07 05:59:56,593 [pool-67-thread-1] INFO  server.RaftServerConfigKeys (ConfUtils.java:logGet(43)) - raft.server.log.queue.byte-limit = 2147483647 (custom)
2019-10-07 05:59:56,593 [pool-47-thread-1] INFO  server.RaftServerConfigKeys (ConfUtils.java:logGet(43)) - raft.server.log.statemachine.data.sync.timeout.retry = -1 (default)
2019-10-07 05:59:56,593 [pool-87-thread-1] INFO  server.RaftServerConfigKeys (ConfUtils.java:logGet(43)) - raft.server.log.queue.byte-limit = 2147483647 (custom)
2019-10-07 05:59:56,593 [pool-67-thread-1] INFO  server.RaftServerConfigKeys (ConfUtils.java:logGet(43)) - raft.server.log.queue.element-limit = 1024 (custom)
2019-10-07 05:59:56,593 [pool-87-thread-1] INFO  server.RaftServerConfigKeys (ConfUtils.java:logGet(43)) - raft.server.log.queue.element-limit = 1024 (custom)
2019-10-07 05:59:56,593 [pool-47-thread-1] INFO  server.RaftServerConfigKeys (ConfUtils.java:logGet(43)) - raft.server.log.statemachine.data.caching.enabled = true (custom)
2019-10-07 05:59:56,593 [pool-87-thread-1] INFO  server.RaftServerConfigKeys (ConfUtils.java:logGet(43)) - raft.server.log.segment.size.max = 1048576 (custom)
2019-10-07 05:59:56,593 [pool-67-thread-1] INFO  server.RaftServerConfigKeys (ConfUtils.java:logGet(43)) - raft.server.log.segment.size.max = 1048576 (custom)
2019-10-07 05:59:56,594 [pool-87-thread-1] INFO  server.RaftServerConfigKeys (ConfUtils.java:logGet(43)) - raft.server.log.preallocated.size = 16384 (custom)
2019-10-07 05:59:56,594 [pool-67-thread-1] INFO  server.RaftServerConfigKeys (ConfUtils.java:logGet(43)) - raft.server.log.preallocated.size = 16384 (custom)
2019-10-07 05:59:56,594 [pool-47-thread-1] INFO  segmented.SegmentedRaftLogWorker (SegmentedRaftLogWorker.java:lambda$new$0(128)) - c585da5a-a255-4272-8069-f95bb7255ddc@group-48AAE2CB25F9-SegmentedRaftLogWorker: flushIndex: setUnconditionally 0 -> -1
2019-10-07 05:59:56,594 [pool-67-thread-1] INFO  server.RaftServerConfigKeys (ConfUtils.java:logGet(43)) - raft.server.log.write.buffer.size = 33554432 (custom)
2019-10-07 05:59:56,594 [pool-87-thread-1] INFO  server.RaftServerConfigKeys (ConfUtils.java:logGet(43)) - raft.server.log.write.buffer.size = 33554432 (custom)
2019-10-07 05:59:56,594 [pool-47-thread-1] INFO  server.RaftServerConfigKeys (ConfUtils.java:logGet(43)) - raft.server.snapshot.auto.trigger.enabled = true (custom)
2019-10-07 05:59:56,594 [pool-67-thread-1] INFO  server.RaftServerConfigKeys (ConfUtils.java:logGet(43)) - raft.server.log.force.sync.num = 128 (default)
2019-10-07 05:59:56,594 [pool-47-thread-1] INFO  server.RaftServerConfigKeys (ConfUtils.java:logGet(43)) - raft.server.snapshot.auto.trigger.threshold = 10000 (custom)
2019-10-07 05:59:56,594 [pool-87-thread-1] INFO  server.RaftServerConfigKeys (ConfUtils.java:logGet(43)) - raft.server.log.force.sync.num = 128 (default)
2019-10-07 05:59:56,594 [pool-47-thread-1] INFO  server.RaftServerConfigKeys (ConfUtils.java:logGet(43)) - raft.server.snapshot.retention.file.num = 5 (custom)
2019-10-07 05:59:56,594 [pool-67-thread-1] INFO  server.RaftServerConfigKeys (ConfUtils.java:logGet(43)) - raft.server.log.statemachine.data.sync = true (default)
2019-10-07 05:59:56,595 [pool-47-thread-1] INFO  server.RaftServerConfigKeys (ConfUtils.java:logGet(43)) - raft.server.retrycache.expirytime = 600000ms (custom)
2019-10-07 05:59:56,594 [pool-87-thread-1] INFO  server.RaftServerConfigKeys (ConfUtils.java:logGet(43)) - raft.server.log.statemachine.data.sync = true (default)
2019-10-07 05:59:56,595 [pool-67-thread-1] INFO  server.RaftServerConfigKeys (ConfUtils.java:logGet(43)) - raft.server.log.statemachine.data.sync.timeout = 10s (default)
2019-10-07 05:59:56,595 [pool-87-thread-1] INFO  server.RaftServerConfigKeys (ConfUtils.java:logGet(43)) - raft.server.log.statemachine.data.sync.timeout = 10s (default)
2019-10-07 05:59:56,595 [pool-67-thread-1] INFO  server.RaftServerConfigKeys (ConfUtils.java:logGet(43)) - raft.server.log.statemachine.data.sync.timeout.retry = -1 (default)
2019-10-07 05:59:56,595 [pool-87-thread-1] INFO  server.RaftServerConfigKeys (ConfUtils.java:logGet(43)) - raft.server.log.statemachine.data.sync.timeout.retry = -1 (default)
2019-10-07 05:59:56,595 [pool-67-thread-1] INFO  server.RaftServerConfigKeys (ConfUtils.java:logGet(43)) - raft.server.log.statemachine.data.caching.enabled = true (custom)
2019-10-07 05:59:56,595 [pool-87-thread-1] INFO  server.RaftServerConfigKeys (ConfUtils.java:logGet(43)) - raft.server.log.statemachine.data.caching.enabled = true (custom)
2019-10-07 05:59:56,596 [pool-67-thread-1] INFO  segmented.SegmentedRaftLogWorker (SegmentedRaftLogWorker.java:lambda$new$0(128)) - 833795fc-6221-4b60-b1f4-2c52cdf77098@group-48AAE2CB25F9-SegmentedRaftLogWorker: flushIndex: setUnconditionally 0 -> -1
2019-10-07 05:59:56,596 [pool-87-thread-1] INFO  segmented.SegmentedRaftLogWorker (SegmentedRaftLogWorker.java:lambda$new$0(128)) - c21e50b3-ab2c-4758-9253-59979117ba9b@group-48AAE2CB25F9-SegmentedRaftLogWorker: flushIndex: setUnconditionally 0 -> -1
2019-10-07 05:59:56,596 [pool-67-thread-1] INFO  server.RaftServerConfigKeys (ConfUtils.java:logGet(43)) - raft.server.snapshot.auto.trigger.enabled = true (custom)
2019-10-07 05:59:56,596 [pool-67-thread-1] INFO  server.RaftServerConfigKeys (ConfUtils.java:logGet(43)) - raft.server.snapshot.auto.trigger.threshold = 10000 (custom)
2019-10-07 05:59:56,596 [pool-87-thread-1] INFO  server.RaftServerConfigKeys (ConfUtils.java:logGet(43)) - raft.server.snapshot.auto.trigger.enabled = true (custom)
2019-10-07 05:59:56,596 [pool-67-thread-1] INFO  server.RaftServerConfigKeys (ConfUtils.java:logGet(43)) - raft.server.snapshot.retention.file.num = 5 (custom)
2019-10-07 05:59:56,596 [pool-87-thread-1] INFO  server.RaftServerConfigKeys (ConfUtils.java:logGet(43)) - raft.server.snapshot.auto.trigger.threshold = 10000 (custom)
2019-10-07 05:59:56,596 [pool-67-thread-1] INFO  server.RaftServerConfigKeys (ConfUtils.java:logGet(43)) - raft.server.retrycache.expirytime = 600000ms (custom)
2019-10-07 05:59:56,596 [pool-87-thread-1] INFO  server.RaftServerConfigKeys (ConfUtils.java:logGet(43)) - raft.server.snapshot.retention.file.num = 5 (custom)
2019-10-07 05:59:56,597 [pool-87-thread-1] INFO  server.RaftServerConfigKeys (ConfUtils.java:logGet(43)) - raft.server.retrycache.expirytime = 600000ms (custom)
2019-10-07 05:59:56,597 [pool-47-thread-1] INFO  impl.RaftServerImpl (RaftServerImpl.java:start(181)) - c585da5a-a255-4272-8069-f95bb7255ddc@group-48AAE2CB25F9: start as a follower, conf=-1: [c21e50b3-ab2c-4758-9253-59979117ba9b:192.168.30.3:36477, c585da5a-a255-4272-8069-f95bb7255ddc:192.168.30.3:38193, 833795fc-6221-4b60-b1f4-2c52cdf77098:192.168.30.3:41546], old=null
2019-10-07 05:59:56,597 [pool-47-thread-1] INFO  impl.RaftServerImpl (RaftServerImpl.java:setRole(170)) - c585da5a-a255-4272-8069-f95bb7255ddc@group-48AAE2CB25F9: changes role from      null to FOLLOWER at term 0 for startAsFollower
2019-10-07 05:59:56,598 [pool-47-thread-1] INFO  impl.RoleInfo (RoleInfo.java:updateAndGet(143)) - c585da5a-a255-4272-8069-f95bb7255ddc: start FollowerState
2019-10-07 05:59:56,598 [pool-47-thread-1] INFO  util.JmxRegister (JmxRegister.java:tryRegister(44)) - Successfully registered JMX Bean with object name Ratis:service=RaftServer,group=group-48AAE2CB25F9,id=c585da5a-a255-4272-8069-f95bb7255ddc
2019-10-07 05:59:56,599 [pool-67-thread-1] INFO  impl.RaftServerImpl (RaftServerImpl.java:start(181)) - 833795fc-6221-4b60-b1f4-2c52cdf77098@group-48AAE2CB25F9: start as a follower, conf=-1: [c21e50b3-ab2c-4758-9253-59979117ba9b:192.168.30.3:36477, c585da5a-a255-4272-8069-f95bb7255ddc:192.168.30.3:38193, 833795fc-6221-4b60-b1f4-2c52cdf77098:192.168.30.3:41546], old=null
2019-10-07 05:59:56,599 [pool-67-thread-1] INFO  impl.RaftServerImpl (RaftServerImpl.java:setRole(170)) - 833795fc-6221-4b60-b1f4-2c52cdf77098@group-48AAE2CB25F9: changes role from      null to FOLLOWER at term 0 for startAsFollower
2019-10-07 05:59:56,599 [pool-67-thread-1] INFO  impl.RoleInfo (RoleInfo.java:updateAndGet(143)) - 833795fc-6221-4b60-b1f4-2c52cdf77098: start FollowerState
2019-10-07 05:59:56,599 [pool-87-thread-1] INFO  impl.RaftServerImpl (RaftServerImpl.java:start(181)) - c21e50b3-ab2c-4758-9253-59979117ba9b@group-48AAE2CB25F9: start as a follower, conf=-1: [c21e50b3-ab2c-4758-9253-59979117ba9b:192.168.30.3:36477, c585da5a-a255-4272-8069-f95bb7255ddc:192.168.30.3:38193, 833795fc-6221-4b60-b1f4-2c52cdf77098:192.168.30.3:41546], old=null
2019-10-07 05:59:56,600 [pool-87-thread-1] INFO  impl.RaftServerImpl (RaftServerImpl.java:setRole(170)) - c21e50b3-ab2c-4758-9253-59979117ba9b@group-48AAE2CB25F9: changes role from      null to FOLLOWER at term 0 for startAsFollower
2019-10-07 05:59:56,600 [pool-67-thread-1] INFO  util.JmxRegister (JmxRegister.java:tryRegister(44)) - Successfully registered JMX Bean with object name Ratis:service=RaftServer,group=group-48AAE2CB25F9,id=833795fc-6221-4b60-b1f4-2c52cdf77098
2019-10-07 05:59:56,600 [pool-87-thread-1] INFO  impl.RoleInfo (RoleInfo.java:updateAndGet(143)) - c21e50b3-ab2c-4758-9253-59979117ba9b: start FollowerState
2019-10-07 05:59:56,600 [pool-87-thread-1] INFO  util.JmxRegister (JmxRegister.java:tryRegister(44)) - Successfully registered JMX Bean with object name Ratis:service=RaftServer,group=group-48AAE2CB25F9,id=c21e50b3-ab2c-4758-9253-59979117ba9b
2019-10-07 05:59:56,627 [RatisPipelineUtilsThread] INFO  pipeline.PipelineStateManager (PipelineStateManager.java:addPipeline(56)) - Created pipeline Pipeline[ Id: 60af2693-d156-42fc-8173-48aae2cb25f9, Nodes: c21e50b3-ab2c-4758-9253-59979117ba9b{ip: 192.168.30.3, host: trunk-nightly-20191007-kbwpl-4130163227, networkLocation: /default-rack, certSerialId: null}c585da5a-a255-4272-8069-f95bb7255ddc{ip: 192.168.30.3, host: trunk-nightly-20191007-kbwpl-4130163227, networkLocation: /default-rack, certSerialId: null}833795fc-6221-4b60-b1f4-2c52cdf77098{ip: 192.168.30.3, host: trunk-nightly-20191007-kbwpl-4130163227, networkLocation: /default-rack, certSerialId: null}, Type:RATIS, Factor:THREE, State:OPEN]
2019-10-07 05:59:56,660 [grpc-default-executor-1] INFO  impl.RaftServerProxy (RaftServerProxy.java:addNew(89)) - 30f407cc-3a1c-475e-b481-9911daf65b99: addNew group-22EF25604BA4:[30f407cc-3a1c-475e-b481-9911daf65b99:192.168.30.3:44796, 86a83129-ecff-4408-81ec-54a1e4e7b386:192.168.30.3:34069, 0237ccc1-b862-410b-b726-981bea588f20:192.168.30.3:36571] returns group-22EF25604BA4:java.util.concurrent.CompletableFuture@1a9351ee[Not completed]
2019-10-07 05:59:56,660 [grpc-default-executor-2] INFO  impl.RaftServerProxy (RaftServerProxy.java:addNew(89)) - 0237ccc1-b862-410b-b726-981bea588f20: addNew group-22EF25604BA4:[30f407cc-3a1c-475e-b481-9911daf65b99:192.168.30.3:44796, 86a83129-ecff-4408-81ec-54a1e4e7b386:192.168.30.3:34069, 0237ccc1-b862-410b-b726-981bea588f20:192.168.30.3:36571] returns group-22EF25604BA4:java.util.concurrent.CompletableFuture@6c13688[Not completed]
2019-10-07 05:59:56,662 [grpc-default-executor-1] INFO  impl.RaftServerProxy (RaftServerProxy.java:addNew(89)) - 86a83129-ecff-4408-81ec-54a1e4e7b386: addNew group-22EF25604BA4:[30f407cc-3a1c-475e-b481-9911daf65b99:192.168.30.3:44796, 86a83129-ecff-4408-81ec-54a1e4e7b386:192.168.30.3:34069, 0237ccc1-b862-410b-b726-981bea588f20:192.168.30.3:36571] returns group-22EF25604BA4:java.util.concurrent.CompletableFuture@77e84075[Not completed]
2019-10-07 05:59:56,665 [pool-27-thread-1] INFO  impl.RaftServerImpl (RaftServerImpl.java:<init>(95)) - 30f407cc-3a1c-475e-b481-9911daf65b99: new RaftServerImpl for group-22EF25604BA4:[30f407cc-3a1c-475e-b481-9911daf65b99:192.168.30.3:44796, 86a83129-ecff-4408-81ec-54a1e4e7b386:192.168.30.3:34069, 0237ccc1-b862-410b-b726-981bea588f20:192.168.30.3:36571] with ContainerStateMachine:uninitialized
2019-10-07 05:59:56,665 [pool-27-thread-1] INFO  server.RaftServerConfigKeys (ConfUtils.java:logGet(43)) - raft.server.rpc.timeout.min = 5s (custom)
2019-10-07 05:59:56,665 [pool-27-thread-1] INFO  server.RaftServerConfigKeys (ConfUtils.java:logGet(43)) - raft.server.rpc.timeout.max = 5200ms (custom)
2019-10-07 05:59:56,665 [pool-27-thread-1] INFO  server.RaftServerConfigKeys (ConfUtils.java:logGet(43)) - raft.server.rpcslowness.timeout = 120s (custom)
2019-10-07 05:59:56,666 [pool-27-thread-1] INFO  server.RaftServerConfigKeys (ConfUtils.java:logGet(43)) - raft.server.sleep.deviation.threshold = 300 (default)
2019-10-07 05:59:56,666 [pool-27-thread-1] INFO  server.RaftServerConfigKeys (ConfUtils.java:logGet(43)) - raft.server.log.appender.install.snapshot.enabled = false (custom)
2019-10-07 05:59:56,666 [pool-27-thread-1] INFO  impl.RaftServerImpl (ServerState.java:<init>(103)) - 30f407cc-3a1c-475e-b481-9911daf65b99@group-22EF25604BA4: ConfigurationManager, init=-1: [30f407cc-3a1c-475e-b481-9911daf65b99:192.168.30.3:44796, 86a83129-ecff-4408-81ec-54a1e4e7b386:192.168.30.3:34069, 0237ccc1-b862-410b-b726-981bea588f20:192.168.30.3:36571], old=null, confs=<EMPTY_MAP>
2019-10-07 05:59:56,666 [pool-57-thread-1] INFO  impl.RaftServerImpl (RaftServerImpl.java:<init>(95)) - 86a83129-ecff-4408-81ec-54a1e4e7b386: new RaftServerImpl for group-22EF25604BA4:[30f407cc-3a1c-475e-b481-9911daf65b99:192.168.30.3:44796, 86a83129-ecff-4408-81ec-54a1e4e7b386:192.168.30.3:34069, 0237ccc1-b862-410b-b726-981bea588f20:192.168.30.3:36571] with ContainerStateMachine:uninitialized
2019-10-07 05:59:56,666 [pool-27-thread-1] INFO  server.RaftServerConfigKeys (ConfUtils.java:logGet(43)) - raft.server.storage.dir = [/workdir/hadoop-ozone/integration-test/target/test-dir/MiniOzoneClusterImpl-ef13529d-ad89-4511-899b-e06c9460a472/datanode-0/data/ratis] (custom)
2019-10-07 05:59:56,666 [pool-57-thread-1] INFO  server.RaftServerConfigKeys (ConfUtils.java:logGet(43)) - raft.server.rpc.timeout.min = 5s (custom)
2019-10-07 05:59:56,666 [pool-57-thread-1] INFO  server.RaftServerConfigKeys (ConfUtils.java:logGet(43)) - raft.server.rpc.timeout.max = 5200ms (custom)
2019-10-07 05:59:56,666 [pool-27-thread-1] INFO  server.RaftServerConfigKeys (ConfUtils.java:logGet(43)) - raft.server.log.corruption.policy = EXCEPTION (default)
2019-10-07 05:59:56,666 [pool-57-thread-1] INFO  server.RaftServerConfigKeys (ConfUtils.java:logGet(43)) - raft.server.rpcslowness.timeout = 120s (custom)
2019-10-07 05:59:56,666 [pool-27-thread-1] INFO  storage.RaftStorageDirectory (RaftStorageDirectory.java:analyzeStorage(246)) - The storage directory /workdir/hadoop-ozone/integration-test/target/test-dir/MiniOzoneClusterImpl-ef13529d-ad89-4511-899b-e06c9460a472/datanode-0/data/ratis/526b1862-dda0-4716-86bd-22ef25604ba4 does not exist. Creating ...
2019-10-07 05:59:56,666 [pool-57-thread-1] INFO  server.RaftServerConfigKeys (ConfUtils.java:logGet(43)) - raft.server.sleep.deviation.threshold = 300 (default)
2019-10-07 05:59:56,667 [pool-57-thread-1] INFO  server.RaftServerConfigKeys (ConfUtils.java:logGet(43)) - raft.server.log.appender.install.snapshot.enabled = false (custom)
2019-10-07 05:59:56,667 [pool-57-thread-1] INFO  impl.RaftServerImpl (ServerState.java:<init>(103)) - 86a83129-ecff-4408-81ec-54a1e4e7b386@group-22EF25604BA4: ConfigurationManager, init=-1: [30f407cc-3a1c-475e-b481-9911daf65b99:192.168.30.3:44796, 86a83129-ecff-4408-81ec-54a1e4e7b386:192.168.30.3:34069, 0237ccc1-b862-410b-b726-981bea588f20:192.168.30.3:36571], old=null, confs=<EMPTY_MAP>
2019-10-07 05:59:56,667 [pool-77-thread-1] INFO  impl.RaftServerImpl (RaftServerImpl.java:<init>(95)) - 0237ccc1-b862-410b-b726-981bea588f20: new RaftServerImpl for group-22EF25604BA4:[30f407cc-3a1c-475e-b481-9911daf65b99:192.168.30.3:44796, 86a83129-ecff-4408-81ec-54a1e4e7b386:192.168.30.3:34069, 0237ccc1-b862-410b-b726-981bea588f20:192.168.30.3:36571] with ContainerStateMachine:uninitialized
2019-10-07 05:59:56,667 [pool-57-thread-1] INFO  server.RaftServerConfigKeys (ConfUtils.java:logGet(43)) - raft.server.storage.dir = [/workdir/hadoop-ozone/integration-test/target/test-dir/MiniOzoneClusterImpl-ef13529d-ad89-4511-899b-e06c9460a472/datanode-3/data/ratis] (custom)
2019-10-07 05:59:56,667 [pool-77-thread-1] INFO  server.RaftServerConfigKeys (ConfUtils.java:logGet(43)) - raft.server.rpc.timeout.min = 5s (custom)
2019-10-07 05:59:56,667 [pool-77-thread-1] INFO  server.RaftServerConfigKeys (ConfUtils.java:logGet(43)) - raft.server.rpc.timeout.max = 5200ms (custom)
2019-10-07 05:59:56,667 [pool-57-thread-1] INFO  server.RaftServerConfigKeys (ConfUtils.java:logGet(43)) - raft.server.log.corruption.policy = EXCEPTION (default)
2019-10-07 05:59:56,667 [pool-77-thread-1] INFO  server.RaftServerConfigKeys (ConfUtils.java:logGet(43)) - raft.server.rpcslowness.timeout = 120s (custom)
2019-10-07 05:59:56,668 [pool-57-thread-1] INFO  storage.RaftStorageDirectory (RaftStorageDirectory.java:analyzeStorage(246)) - The storage directory /workdir/hadoop-ozone/integration-test/target/test-dir/MiniOzoneClusterImpl-ef13529d-ad89-4511-899b-e06c9460a472/datanode-3/data/ratis/526b1862-dda0-4716-86bd-22ef25604ba4 does not exist. Creating ...
2019-10-07 05:59:56,668 [pool-77-thread-1] INFO  server.RaftServerConfigKeys (ConfUtils.java:logGet(43)) - raft.server.sleep.deviation.threshold = 300 (default)
2019-10-07 05:59:56,668 [pool-77-thread-1] INFO  server.RaftServerConfigKeys (ConfUtils.java:logGet(43)) - raft.server.log.appender.install.snapshot.enabled = false (custom)
2019-10-07 05:59:56,668 [pool-77-thread-1] INFO  impl.RaftServerImpl (ServerState.java:<init>(103)) - 0237ccc1-b862-410b-b726-981bea588f20@group-22EF25604BA4: ConfigurationManager, init=-1: [30f407cc-3a1c-475e-b481-9911daf65b99:192.168.30.3:44796, 86a83129-ecff-4408-81ec-54a1e4e7b386:192.168.30.3:34069, 0237ccc1-b862-410b-b726-981bea588f20:192.168.30.3:36571], old=null, confs=<EMPTY_MAP>
2019-10-07 05:59:56,668 [pool-77-thread-1] INFO  server.RaftServerConfigKeys (ConfUtils.java:logGet(43)) - raft.server.storage.dir = [/workdir/hadoop-ozone/integration-test/target/test-dir/MiniOzoneClusterImpl-ef13529d-ad89-4511-899b-e06c9460a472/datanode-5/data/ratis] (custom)
2019-10-07 05:59:56,668 [pool-77-thread-1] INFO  server.RaftServerConfigKeys (ConfUtils.java:logGet(43)) - raft.server.log.corruption.policy = EXCEPTION (default)
2019-10-07 05:59:56,669 [pool-77-thread-1] INFO  storage.RaftStorageDirectory (RaftStorageDirectory.java:analyzeStorage(246)) - The storage directory /workdir/hadoop-ozone/integration-test/target/test-dir/MiniOzoneClusterImpl-ef13529d-ad89-4511-899b-e06c9460a472/datanode-5/data/ratis/526b1862-dda0-4716-86bd-22ef25604ba4 does not exist. Creating ...
2019-10-07 05:59:56,680 [pool-27-thread-1] INFO  storage.RaftStorageDirectory (RaftStorageDirectory.java:tryLock(328)) - Lock on /workdir/hadoop-ozone/integration-test/target/test-dir/MiniOzoneClusterImpl-ef13529d-ad89-4511-899b-e06c9460a472/datanode-0/data/ratis/526b1862-dda0-4716-86bd-22ef25604ba4/in_use.lock acquired by nodename 10064@trunk-nightly-20191007-kbwpl-4130163227
2019-10-07 05:59:56,680 [pool-77-thread-1] INFO  storage.RaftStorageDirectory (RaftStorageDirectory.java:tryLock(328)) - Lock on /workdir/hadoop-ozone/integration-test/target/test-dir/MiniOzoneClusterImpl-ef13529d-ad89-4511-899b-e06c9460a472/datanode-5/data/ratis/526b1862-dda0-4716-86bd-22ef25604ba4/in_use.lock acquired by nodename 10064@trunk-nightly-20191007-kbwpl-4130163227
2019-10-07 05:59:56,680 [pool-57-thread-1] INFO  storage.RaftStorageDirectory (RaftStorageDirectory.java:tryLock(328)) - Lock on /workdir/hadoop-ozone/integration-test/target/test-dir/MiniOzoneClusterImpl-ef13529d-ad89-4511-899b-e06c9460a472/datanode-3/data/ratis/526b1862-dda0-4716-86bd-22ef25604ba4/in_use.lock acquired by nodename 10064@trunk-nightly-20191007-kbwpl-4130163227
2019-10-07 05:59:56,694 [pool-77-thread-1] INFO  storage.RaftStorage (RaftStorage.java:format(84)) - Storage directory /workdir/hadoop-ozone/integration-test/target/test-dir/MiniOzoneClusterImpl-ef13529d-ad89-4511-899b-e06c9460a472/datanode-5/data/ratis/526b1862-dda0-4716-86bd-22ef25604ba4 has been successfully formatted.
2019-10-07 05:59:56,694 [pool-57-thread-1] INFO  storage.RaftStorage (RaftStorage.java:format(84)) - Storage directory /workdir/hadoop-ozone/integration-test/target/test-dir/MiniOzoneClusterImpl-ef13529d-ad89-4511-899b-e06c9460a472/datanode-3/data/ratis/526b1862-dda0-4716-86bd-22ef25604ba4 has been successfully formatted.
2019-10-07 05:59:56,694 [pool-27-thread-1] INFO  storage.RaftStorage (RaftStorage.java:format(84)) - Storage directory /workdir/hadoop-ozone/integration-test/target/test-dir/MiniOzoneClusterImpl-ef13529d-ad89-4511-899b-e06c9460a472/datanode-0/data/ratis/526b1862-dda0-4716-86bd-22ef25604ba4 has been successfully formatted.
2019-10-07 05:59:56,694 [pool-57-thread-1] INFO  ratis.ContainerStateMachine (ContainerStateMachine.java:loadSnapshot(231)) - group-22EF25604BA4: The snapshot info is null. Setting the last applied indexto:(t:0, i:~)
2019-10-07 05:59:56,694 [pool-77-thread-1] INFO  ratis.ContainerStateMachine (ContainerStateMachine.java:loadSnapshot(231)) - group-22EF25604BA4: The snapshot info is null. Setting the last applied indexto:(t:0, i:~)
2019-10-07 05:59:56,694 [pool-27-thread-1] INFO  ratis.ContainerStateMachine (ContainerStateMachine.java:loadSnapshot(231)) - group-22EF25604BA4: The snapshot info is null. Setting the last applied indexto:(t:0, i:~)
2019-10-07 05:59:56,694 [pool-57-thread-1] INFO  server.RaftServerConfigKeys (ConfUtils.java:logGet(43)) - raft.server.notification.no-leader.timeout = 120s (custom)
2019-10-07 05:59:56,695 [pool-27-thread-1] INFO  server.RaftServerConfigKeys (ConfUtils.java:logGet(43)) - raft.server.notification.no-leader.timeout = 120s (custom)
2019-10-07 05:59:56,695 [pool-77-thread-1] INFO  server.RaftServerConfigKeys (ConfUtils.java:logGet(43)) - raft.server.notification.no-leader.timeout = 120s (custom)
2019-10-07 05:59:56,695 [pool-27-thread-1] INFO  server.RaftServerConfigKeys (ConfUtils.java:logGet(43)) - raft.server.log.use.memory = false (default)
2019-10-07 05:59:56,695 [pool-57-thread-1] INFO  server.RaftServerConfigKeys (ConfUtils.java:logGet(43)) - raft.server.log.use.memory = false (default)
2019-10-07 05:59:56,695 [pool-27-thread-1] INFO  server.RaftServerConfigKeys (ConfUtils.java:logGet(43)) - raft.server.log.purge.gap = 1000000 (custom)
2019-10-07 05:59:56,695 [pool-77-thread-1] INFO  server.RaftServerConfigKeys (ConfUtils.java:logGet(43)) - raft.server.log.use.memory = false (default)
2019-10-07 05:59:56,695 [pool-27-thread-1] INFO  server.RaftServerConfigKeys (ConfUtils.java:logGet(43)) - raft.server.log.appender.buffer.byte-limit = 33554432 (custom)
2019-10-07 05:59:56,695 [pool-57-thread-1] INFO  server.RaftServerConfigKeys (ConfUtils.java:logGet(43)) - raft.server.log.purge.gap = 1000000 (custom)
2019-10-07 05:59:56,696 [pool-27-thread-1] INFO  server.RaftServerConfigKeys (ConfUtils.java:logGet(43)) - raft.server.log.segment.size.max = 1048576 (custom)
2019-10-07 05:59:56,696 [pool-77-thread-1] INFO  server.RaftServerConfigKeys (ConfUtils.java:logGet(43)) - raft.server.log.purge.gap = 1000000 (custom)
2019-10-07 05:59:56,696 [pool-27-thread-1] INFO  server.RaftServerConfigKeys (ConfUtils.java:logGet(43)) - raft.server.log.segment.cache.num.max = 2 (custom)
2019-10-07 05:59:56,696 [pool-57-thread-1] INFO  server.RaftServerConfigKeys (ConfUtils.java:logGet(43)) - raft.server.log.appender.buffer.byte-limit = 33554432 (custom)
2019-10-07 05:59:56,696 [pool-27-thread-1] INFO  segmented.SegmentedRaftLogWorker (SegmentedRaftLogWorker.java:<init>(173)) - new 30f407cc-3a1c-475e-b481-9911daf65b99@group-22EF25604BA4-SegmentedRaftLogWorker for RaftStorage:Storage Directory /workdir/hadoop-ozone/integration-test/target/test-dir/MiniOzoneClusterImpl-ef13529d-ad89-4511-899b-e06c9460a472/datanode-0/data/ratis/526b1862-dda0-4716-86bd-22ef25604ba4
2019-10-07 05:59:56,696 [pool-77-thread-1] INFO  server.RaftServerConfigKeys (ConfUtils.java:logGet(43)) - raft.server.log.appender.buffer.byte-limit = 33554432 (custom)
2019-10-07 05:59:56,697 [pool-27-thread-1] INFO  server.RaftServerConfigKeys (ConfUtils.java:logGet(43)) - raft.server.log.queue.byte-limit = 2147483647 (custom)
2019-10-07 05:59:56,696 [pool-57-thread-1] INFO  server.RaftServerConfigKeys (ConfUtils.java:logGet(43)) - raft.server.log.segment.size.max = 1048576 (custom)
2019-10-07 05:59:56,697 [pool-27-thread-1] INFO  server.RaftServerConfigKeys (ConfUtils.java:logGet(43)) - raft.server.log.queue.element-limit = 1024 (custom)
2019-10-07 05:59:56,697 [pool-77-thread-1] INFO  server.RaftServerConfigKeys (ConfUtils.java:logGet(43)) - raft.server.log.segment.size.max = 1048576 (custom)
2019-10-07 05:59:56,697 [pool-27-thread-1] INFO  server.RaftServerConfigKeys (ConfUtils.java:logGet(43)) - raft.server.log.segment.size.max = 1048576 (custom)
2019-10-07 05:59:56,697 [pool-57-thread-1] INFO  server.RaftServerConfigKeys (ConfUtils.java:logGet(43)) - raft.server.log.segment.cache.num.max = 2 (custom)
2019-10-07 05:59:56,697 [pool-27-thread-1] INFO  server.RaftServerConfigKeys (ConfUtils.java:logGet(43)) - raft.server.log.preallocated.size = 16384 (custom)
2019-10-07 05:59:56,697 [pool-77-thread-1] INFO  server.RaftServerConfigKeys (ConfUtils.java:logGet(43)) - raft.server.log.segment.cache.num.max = 2 (custom)
2019-10-07 05:59:56,698 [pool-27-thread-1] INFO  server.RaftServerConfigKeys (ConfUtils.java:logGet(43)) - raft.server.log.write.buffer.size = 33554432 (custom)
2019-10-07 05:59:56,698 [pool-57-thread-1] INFO  segmented.SegmentedRaftLogWorker (SegmentedRaftLogWorker.java:<init>(173)) - new 86a83129-ecff-4408-81ec-54a1e4e7b386@group-22EF25604BA4-SegmentedRaftLogWorker for RaftStorage:Storage Directory /workdir/hadoop-ozone/integration-test/target/test-dir/MiniOzoneClusterImpl-ef13529d-ad89-4511-899b-e06c9460a472/datanode-3/data/ratis/526b1862-dda0-4716-86bd-22ef25604ba4
2019-10-07 05:59:56,698 [pool-27-thread-1] INFO  server.RaftServerConfigKeys (ConfUtils.java:logGet(43)) - raft.server.log.force.sync.num = 128 (default)
2019-10-07 05:59:56,698 [pool-77-thread-1] INFO  segmented.SegmentedRaftLogWorker (SegmentedRaftLogWorker.java:<init>(173)) - new 0237ccc1-b862-410b-b726-981bea588f20@group-22EF25604BA4-SegmentedRaftLogWorker for RaftStorage:Storage Directory /workdir/hadoop-ozone/integration-test/target/test-dir/MiniOzoneClusterImpl-ef13529d-ad89-4511-899b-e06c9460a472/datanode-5/data/ratis/526b1862-dda0-4716-86bd-22ef25604ba4
2019-10-07 05:59:56,698 [pool-27-thread-1] INFO  server.RaftServerConfigKeys (ConfUtils.java:logGet(43)) - raft.server.log.statemachine.data.sync = true (default)
2019-10-07 05:59:56,698 [pool-57-thread-1] INFO  server.RaftServerConfigKeys (ConfUtils.java:logGet(43)) - raft.server.log.queue.byte-limit = 2147483647 (custom)
2019-10-07 05:59:56,698 [pool-27-thread-1] INFO  server.RaftServerConfigKeys (ConfUtils.java:logGet(43)) - raft.server.log.statemachine.data.sync.timeout = 10s (default)
2019-10-07 05:59:56,698 [pool-77-thread-1] INFO  server.RaftServerConfigKeys (ConfUtils.java:logGet(43)) - raft.server.log.queue.byte-limit = 2147483647 (custom)
2019-10-07 05:59:56,699 [pool-27-thread-1] INFO  server.RaftServerConfigKeys (ConfUtils.java:logGet(43)) - raft.server.log.statemachine.data.sync.timeout.retry = -1 (default)
2019-10-07 05:59:56,699 [pool-57-thread-1] INFO  server.RaftServerConfigKeys (ConfUtils.java:logGet(43)) - raft.server.log.queue.element-limit = 1024 (custom)
2019-10-07 05:59:56,699 [pool-77-thread-1] INFO  server.RaftServerConfigKeys (ConfUtils.java:logGet(43)) - raft.server.log.queue.element-limit = 1024 (custom)
2019-10-07 05:59:56,699 [pool-57-thread-1] INFO  server.RaftServerConfigKeys (ConfUtils.java:logGet(43)) - raft.server.log.segment.size.max = 1048576 (custom)
2019-10-07 05:59:56,699 [pool-27-thread-1] INFO  server.RaftServerConfigKeys (ConfUtils.java:logGet(43)) - raft.server.log.statemachine.data.caching.enabled = true (custom)
2019-10-07 05:59:56,699 [pool-57-thread-1] INFO  server.RaftServerConfigKeys (ConfUtils.java:logGet(43)) - raft.server.log.preallocated.size = 16384 (custom)
2019-10-07 05:59:56,699 [pool-77-thread-1] INFO  server.RaftServerConfigKeys (ConfUtils.java:logGet(43)) - raft.server.log.segment.size.max = 1048576 (custom)
2019-10-07 05:59:56,700 [pool-27-thread-1] INFO  segmented.SegmentedRaftLogWorker (SegmentedRaftLogWorker.java:lambda$new$0(128)) - 30f407cc-3a1c-475e-b481-9911daf65b99@group-22EF25604BA4-SegmentedRaftLogWorker: flushIndex: setUnconditionally 0 -> -1
2019-10-07 05:59:56,700 [pool-57-thread-1] INFO  server.RaftServerConfigKeys (ConfUtils.java:logGet(43)) - raft.server.log.write.buffer.size = 33554432 (custom)
2019-10-07 05:59:56,700 [pool-77-thread-1] INFO  server.RaftServerConfigKeys (ConfUtils.java:logGet(43)) - raft.server.log.preallocated.size = 16384 (custom)
2019-10-07 05:59:56,700 [pool-27-thread-1] INFO  server.RaftServerConfigKeys (ConfUtils.java:logGet(43)) - raft.server.snapshot.auto.trigger.enabled = true (custom)
2019-10-07 05:59:56,700 [pool-57-thread-1] INFO  server.RaftServerConfigKeys (ConfUtils.java:logGet(43)) - raft.server.log.force.sync.num = 128 (default)
2019-10-07 05:59:56,700 [pool-27-thread-1] INFO  server.RaftServerConfigKeys (ConfUtils.java:logGet(43)) - raft.server.snapshot.auto.trigger.threshold = 10000 (custom)
2019-10-07 05:59:56,700 [pool-77-thread-1] INFO  server.RaftServerConfigKeys (ConfUtils.java:logGet(43)) - raft.server.log.write.buffer.size = 33554432 (custom)
2019-10-07 05:59:56,700 [pool-27-thread-1] INFO  server.RaftServerConfigKeys (ConfUtils.java:logGet(43)) - raft.server.snapshot.retention.file.num = 5 (custom)
2019-10-07 05:59:56,700 [pool-57-thread-1] INFO  server.RaftServerConfigKeys (ConfUtils.java:logGet(43)) - raft.server.log.statemachine.data.sync = true (default)
2019-10-07 05:59:56,701 [pool-27-thread-1] INFO  server.RaftServerConfigKeys (ConfUtils.java:logGet(43)) - raft.server.retrycache.expirytime = 600000ms (custom)
2019-10-07 05:59:56,701 [pool-77-thread-1] INFO  server.RaftServerConfigKeys (ConfUtils.java:logGet(43)) - raft.server.log.force.sync.num = 128 (default)
2019-10-07 05:59:56,701 [pool-57-thread-1] INFO  server.RaftServerConfigKeys (ConfUtils.java:logGet(43)) - raft.server.log.statemachine.data.sync.timeout = 10s (default)
2019-10-07 05:59:56,701 [pool-77-thread-1] INFO  server.RaftServerConfigKeys (ConfUtils.java:logGet(43)) - raft.server.log.statemachine.data.sync = true (default)
2019-10-07 05:59:56,701 [pool-57-thread-1] INFO  server.RaftServerConfigKeys (ConfUtils.java:logGet(43)) - raft.server.log.statemachine.data.sync.timeout.retry = -1 (default)
2019-10-07 05:59:56,701 [pool-77-thread-1] INFO  server.RaftServerConfigKeys (ConfUtils.java:logGet(43)) - raft.server.log.statemachine.data.sync.timeout = 10s (default)
2019-10-07 05:59:56,702 [pool-57-thread-1] INFO  server.RaftServerConfigKeys (ConfUtils.java:logGet(43)) - raft.server.log.statemachine.data.caching.enabled = true (custom)
2019-10-07 05:59:56,702 [pool-77-thread-1] INFO  server.RaftServerConfigKeys (ConfUtils.java:logGet(43)) - raft.server.log.statemachine.data.sync.timeout.retry = -1 (default)
2019-10-07 05:59:56,702 [pool-57-thread-1] INFO  segmented.SegmentedRaftLogWorker (SegmentedRaftLogWorker.java:lambda$new$0(128)) - 86a83129-ecff-4408-81ec-54a1e4e7b386@group-22EF25604BA4-SegmentedRaftLogWorker: flushIndex: setUnconditionally 0 -> -1
2019-10-07 05:59:56,702 [pool-77-thread-1] INFO  server.RaftServerConfigKeys (ConfUtils.java:logGet(43)) - raft.server.log.statemachine.data.caching.enabled = true (custom)
2019-10-07 05:59:56,702 [pool-57-thread-1] INFO  server.RaftServerConfigKeys (ConfUtils.java:logGet(43)) - raft.server.snapshot.auto.trigger.enabled = true (custom)
2019-10-07 05:59:56,702 [pool-77-thread-1] INFO  segmented.SegmentedRaftLogWorker (SegmentedRaftLogWorker.java:lambda$new$0(128)) - 0237ccc1-b862-410b-b726-981bea588f20@group-22EF25604BA4-SegmentedRaftLogWorker: flushIndex: setUnconditionally 0 -> -1
2019-10-07 05:59:56,702 [pool-57-thread-1] INFO  server.RaftServerConfigKeys (ConfUtils.java:logGet(43)) - raft.server.snapshot.auto.trigger.threshold = 10000 (custom)
2019-10-07 05:59:56,703 [pool-57-thread-1] INFO  server.RaftServerConfigKeys (ConfUtils.java:logGet(43)) - raft.server.snapshot.retention.file.num = 5 (custom)
2019-10-07 05:59:56,703 [pool-77-thread-1] INFO  server.RaftServerConfigKeys (ConfUtils.java:logGet(43)) - raft.server.snapshot.auto.trigger.enabled = true (custom)
2019-10-07 05:59:56,703 [pool-57-thread-1] INFO  server.RaftServerConfigKeys (ConfUtils.java:logGet(43)) - raft.server.retrycache.expirytime = 600000ms (custom)
2019-10-07 05:59:56,703 [pool-77-thread-1] INFO  server.RaftServerConfigKeys (ConfUtils.java:logGet(43)) - raft.server.snapshot.auto.trigger.threshold = 10000 (custom)
2019-10-07 05:59:56,703 [pool-77-thread-1] INFO  server.RaftServerConfigKeys (ConfUtils.java:logGet(43)) - raft.server.snapshot.retention.file.num = 5 (custom)
2019-10-07 05:59:56,703 [pool-77-thread-1] INFO  server.RaftServerConfigKeys (ConfUtils.java:logGet(43)) - raft.server.retrycache.expirytime = 600000ms (custom)
2019-10-07 05:59:56,704 [pool-27-thread-1] INFO  impl.RaftServerImpl (RaftServerImpl.java:start(181)) - 30f407cc-3a1c-475e-b481-9911daf65b99@group-22EF25604BA4: start as a follower, conf=-1: [30f407cc-3a1c-475e-b481-9911daf65b99:192.168.30.3:44796, 86a83129-ecff-4408-81ec-54a1e4e7b386:192.168.30.3:34069, 0237ccc1-b862-410b-b726-981bea588f20:192.168.30.3:36571], old=null
2019-10-07 05:59:56,704 [pool-27-thread-1] INFO  impl.RaftServerImpl (RaftServerImpl.java:setRole(170)) - 30f407cc-3a1c-475e-b481-9911daf65b99@group-22EF25604BA4: changes role from      null to FOLLOWER at term 0 for startAsFollower
2019-10-07 05:59:56,704 [pool-27-thread-1] INFO  impl.RoleInfo (RoleInfo.java:updateAndGet(143)) - 30f407cc-3a1c-475e-b481-9911daf65b99: start FollowerState
2019-10-07 05:59:56,704 [pool-27-thread-1] INFO  util.JmxRegister (JmxRegister.java:tryRegister(44)) - Successfully registered JMX Bean with object name Ratis:service=RaftServer,group=group-22EF25604BA4,id=30f407cc-3a1c-475e-b481-9911daf65b99
2019-10-07 05:59:56,707 [pool-57-thread-1] INFO  impl.RaftServerImpl (RaftServerImpl.java:start(181)) - 86a83129-ecff-4408-81ec-54a1e4e7b386@group-22EF25604BA4: start as a follower, conf=-1: [30f407cc-3a1c-475e-b481-9911daf65b99:192.168.30.3:44796, 86a83129-ecff-4408-81ec-54a1e4e7b386:192.168.30.3:34069, 0237ccc1-b862-410b-b726-981bea588f20:192.168.30.3:36571], old=null
2019-10-07 05:59:56,707 [pool-57-thread-1] INFO  impl.RaftServerImpl (RaftServerImpl.java:setRole(170)) - 86a83129-ecff-4408-81ec-54a1e4e7b386@group-22EF25604BA4: changes role from      null to FOLLOWER at term 0 for startAsFollower
2019-10-07 05:59:56,707 [pool-57-thread-1] INFO  impl.RoleInfo (RoleInfo.java:updateAndGet(143)) - 86a83129-ecff-4408-81ec-54a1e4e7b386: start FollowerState
2019-10-07 05:59:56,708 [pool-77-thread-1] INFO  impl.RaftServerImpl (RaftServerImpl.java:start(181)) - 0237ccc1-b862-410b-b726-981bea588f20@group-22EF25604BA4: start as a follower, conf=-1: [30f407cc-3a1c-475e-b481-9911daf65b99:192.168.30.3:44796, 86a83129-ecff-4408-81ec-54a1e4e7b386:192.168.30.3:34069, 0237ccc1-b862-410b-b726-981bea588f20:192.168.30.3:36571], old=null
2019-10-07 05:59:56,708 [pool-77-thread-1] INFO  impl.RaftServerImpl (RaftServerImpl.java:setRole(170)) - 0237ccc1-b862-410b-b726-981bea588f20@group-22EF25604BA4: changes role from      null to FOLLOWER at term 0 for startAsFollower
2019-10-07 05:59:56,708 [pool-77-thread-1] INFO  impl.RoleInfo (RoleInfo.java:updateAndGet(143)) - 0237ccc1-b862-410b-b726-981bea588f20: start FollowerState
2019-10-07 05:59:56,708 [pool-57-thread-1] INFO  util.JmxRegister (JmxRegister.java:tryRegister(44)) - Successfully registered JMX Bean with object name Ratis:service=RaftServer,group=group-22EF25604BA4,id=86a83129-ecff-4408-81ec-54a1e4e7b386
2019-10-07 05:59:56,708 [pool-77-thread-1] INFO  util.JmxRegister (JmxRegister.java:tryRegister(44)) - Successfully registered JMX Bean with object name Ratis:service=RaftServer,group=group-22EF25604BA4,id=0237ccc1-b862-410b-b726-981bea588f20
2019-10-07 05:59:56,731 [RatisPipelineUtilsThread] INFO  pipeline.PipelineStateManager (PipelineStateManager.java:addPipeline(56)) - Created pipeline Pipeline[ Id: 526b1862-dda0-4716-86bd-22ef25604ba4, Nodes: 30f407cc-3a1c-475e-b481-9911daf65b99{ip: 192.168.30.3, host: trunk-nightly-20191007-kbwpl-4130163227, networkLocation: /default-rack, certSerialId: null}86a83129-ecff-4408-81ec-54a1e4e7b386{ip: 192.168.30.3, host: trunk-nightly-20191007-kbwpl-4130163227, networkLocation: /default-rack, certSerialId: null}0237ccc1-b862-410b-b726-981bea588f20{ip: 192.168.30.3, host: trunk-nightly-20191007-kbwpl-4130163227, networkLocation: /default-rack, certSerialId: null}, Type:RATIS, Factor:THREE, State:OPEN]
2019-10-07 05:59:57,193 [main] INFO  rpc.RpcClient (RpcClient.java:createVolume(277)) - Creating Volume: watchforcommithandlingtest, with jenkins1000 as owner.
2019-10-07 05:59:57,743 [IPC Server handler 2 on 43787] INFO  volume.OMVolumeCreateRequest (OMVolumeCreateRequest.java:validateAndUpdateCache(193)) - created volume:watchforcommithandlingtest for user:jenkins1000
2019-10-07 05:59:57,771 [main] INFO  rpc.RpcClient (RpcClient.java:createBucket(416)) - Creating Bucket: watchforcommithandlingtest/watchforcommithandlingtest, with Versioning false and Storage Type set to DISK and Encryption set to false 
2019-10-07 05:59:57,801 [main] INFO  ozone.MiniOzoneClusterImpl (MiniOzoneClusterImpl.java:getStorageContainerLocationClient(234)) - Creating StorageContainerLocationProtocol RPC client with address /0.0.0.0:35101
2019-10-07 05:59:57,828 [main] INFO  impl.MetricsSystemImpl (MetricsSystemImpl.java:init(158)) - XceiverClientMetrics metrics system started (again)
2019-10-07 05:59:58,100 [Thread-238] INFO  container.ReplicationManager (ReplicationManager.java:start(162)) - Starting Replication Monitor Thread.
2019-10-07 05:59:58,104 [ReplicationMonitor] INFO  container.ReplicationManager (ReplicationManager.java:run(225)) - Replication Monitor Thread took 3 milliseconds for processing 1 containers.
2019-10-07 06:00:00,849 [Thread-240] INFO  impl.FollowerState (FollowerState.java:run(108)) - 30f407cc-3a1c-475e-b481-9911daf65b99@group-FD3C75820B61-FollowerState: change to CANDIDATE, lastRpcTime:5027ms, electionTimeout:5027ms
2019-10-07 06:00:00,854 [Thread-240] INFO  impl.RoleInfo (RoleInfo.java:shutdownFollowerState(121)) - 30f407cc-3a1c-475e-b481-9911daf65b99: shutdown FollowerState
2019-10-07 06:00:00,854 [Thread-240] INFO  impl.RaftServerImpl (RaftServerImpl.java:setRole(170)) - 30f407cc-3a1c-475e-b481-9911daf65b99@group-FD3C75820B61: changes role from  FOLLOWER to CANDIDATE at term 0 for changeToCandidate
2019-10-07 06:00:00,861 [Thread-240] INFO  impl.RoleInfo (RoleInfo.java:updateAndGet(143)) - 30f407cc-3a1c-475e-b481-9911daf65b99: start LeaderElection
2019-10-07 06:00:00,879 [30f407cc-3a1c-475e-b481-9911daf65b99@group-FD3C75820B61-LeaderElection1] INFO  impl.LeaderElection (LeaderElection.java:askForVotes(178)) - 30f407cc-3a1c-475e-b481-9911daf65b99@group-FD3C75820B61-LeaderElection1: begin an election at term 1 for -1: [30f407cc-3a1c-475e-b481-9911daf65b99:192.168.30.3:44796], old=null
2019-10-07 06:00:00,880 [30f407cc-3a1c-475e-b481-9911daf65b99@group-FD3C75820B61-LeaderElection1] INFO  impl.RoleInfo (RoleInfo.java:shutdownLeaderElection(134)) - 30f407cc-3a1c-475e-b481-9911daf65b99: shutdown LeaderElection
2019-10-07 06:00:00,881 [30f407cc-3a1c-475e-b481-9911daf65b99@group-FD3C75820B61-LeaderElection1] INFO  impl.RaftServerImpl (RaftServerImpl.java:setRole(170)) - 30f407cc-3a1c-475e-b481-9911daf65b99@group-FD3C75820B61: changes role from CANDIDATE to LEADER at term 1 for changeToLeader
2019-10-07 06:00:00,881 [30f407cc-3a1c-475e-b481-9911daf65b99@group-FD3C75820B61-LeaderElection1] INFO  impl.RaftServerImpl (ServerState.java:setLeader(255)) - 30f407cc-3a1c-475e-b481-9911daf65b99@group-FD3C75820B61: change Leader from null to 30f407cc-3a1c-475e-b481-9911daf65b99 at term 1 for becomeLeader, leader elected after 5184ms
2019-10-07 06:00:00,888 [30f407cc-3a1c-475e-b481-9911daf65b99@group-FD3C75820B61-LeaderElection1] INFO  server.RaftServerConfigKeys (ConfUtils.java:logGet(43)) - raft.server.staging.catchup.gap = 1000 (default)
2019-10-07 06:00:00,888 [30f407cc-3a1c-475e-b481-9911daf65b99@group-FD3C75820B61-LeaderElection1] INFO  server.RaftServerConfigKeys (ConfUtils.java:logGet(43)) - raft.server.rpc.sleep.time = 25ms (default)
2019-10-07 06:00:00,891 [30f407cc-3a1c-475e-b481-9911daf65b99@group-FD3C75820B61-LeaderElection1] INFO  server.RaftServerConfigKeys (ConfUtils.java:logGet(43)) - raft.server.write.element-limit = 4096 (default)
2019-10-07 06:00:00,893 [30f407cc-3a1c-475e-b481-9911daf65b99@group-FD3C75820B61-LeaderElection1] INFO  server.RaftServerConfigKeys (ConfUtils.java:logGet(43)) - raft.server.watch.timeout = 10s (default)
2019-10-07 06:00:00,894 [30f407cc-3a1c-475e-b481-9911daf65b99@group-FD3C75820B61-LeaderElection1] INFO  server.RaftServerConfigKeys (ConfUtils.java:logGet(43)) - raft.server.watch.timeout.denomination = 1s (default)
2019-10-07 06:00:00,894 [30f407cc-3a1c-475e-b481-9911daf65b99@group-FD3C75820B61-LeaderElection1] INFO  server.RaftServerConfigKeys (ConfUtils.java:logGet(43)) - raft.server.watch.element-limit = 65536 (default)
2019-10-07 06:00:00,904 [30f407cc-3a1c-475e-b481-9911daf65b99@group-FD3C75820B61-LeaderElection1] INFO  impl.RoleInfo (RoleInfo.java:updateAndGet(143)) - 30f407cc-3a1c-475e-b481-9911daf65b99: start LeaderState
2019-10-07 06:00:00,924 [30f407cc-3a1c-475e-b481-9911daf65b99@group-FD3C75820B61-LeaderElection1] INFO  segmented.SegmentedRaftLogWorker (SegmentedRaftLogWorker.java:startLogSegment(385)) - 30f407cc-3a1c-475e-b481-9911daf65b99@group-FD3C75820B61-SegmentedRaftLogWorker: Starting segment from index:0
2019-10-07 06:00:00,933 [30f407cc-3a1c-475e-b481-9911daf65b99@group-FD3C75820B61-LeaderElection1] INFO  impl.RaftServerImpl (ServerState.java:setRaftConf(356)) - 30f407cc-3a1c-475e-b481-9911daf65b99@group-FD3C75820B61: set configuration 0: [30f407cc-3a1c-475e-b481-9911daf65b99:192.168.30.3:44796], old=null at 0
2019-10-07 06:00:01,028 [Thread-243] INFO  impl.FollowerState (FollowerState.java:run(108)) - c21e50b3-ab2c-4758-9253-59979117ba9b@group-4C2ABDC2583A-FollowerState: change to CANDIDATE, lastRpcTime:5012ms, electionTimeout:5011ms
2019-10-07 06:00:01,030 [Thread-243] INFO  impl.RoleInfo (RoleInfo.java:shutdownFollowerState(121)) - c21e50b3-ab2c-4758-9253-59979117ba9b: shutdown FollowerState
2019-10-07 06:00:01,030 [Thread-243] INFO  impl.RaftServerImpl (RaftServerImpl.java:setRole(170)) - c21e50b3-ab2c-4758-9253-59979117ba9b@group-4C2ABDC2583A: changes role from  FOLLOWER to CANDIDATE at term 0 for changeToCandidate
2019-10-07 06:00:01,030 [Thread-243] INFO  impl.RoleInfo (RoleInfo.java:updateAndGet(143)) - c21e50b3-ab2c-4758-9253-59979117ba9b: start LeaderElection
2019-10-07 06:00:01,046 [c21e50b3-ab2c-4758-9253-59979117ba9b@group-4C2ABDC2583A-LeaderElection2] INFO  impl.LeaderElection (LeaderElection.java:askForVotes(178)) - c21e50b3-ab2c-4758-9253-59979117ba9b@group-4C2ABDC2583A-LeaderElection2: begin an election at term 1 for -1: [c21e50b3-ab2c-4758-9253-59979117ba9b:192.168.30.3:36477], old=null
2019-10-07 06:00:01,046 [c21e50b3-ab2c-4758-9253-59979117ba9b@group-4C2ABDC2583A-LeaderElection2] INFO  impl.RoleInfo (RoleInfo.java:shutdownLeaderElection(134)) - c21e50b3-ab2c-4758-9253-59979117ba9b: shutdown LeaderElection
2019-10-07 06:00:01,047 [c21e50b3-ab2c-4758-9253-59979117ba9b@group-4C2ABDC2583A-LeaderElection2] INFO  impl.RaftServerImpl (RaftServerImpl.java:setRole(170)) - c21e50b3-ab2c-4758-9253-59979117ba9b@group-4C2ABDC2583A: changes role from CANDIDATE to LEADER at term 1 for changeToLeader
2019-10-07 06:00:01,047 [c21e50b3-ab2c-4758-9253-59979117ba9b@group-4C2ABDC2583A-LeaderElection2] INFO  impl.RaftServerImpl (ServerState.java:setLeader(255)) - c21e50b3-ab2c-4758-9253-59979117ba9b@group-4C2ABDC2583A: change Leader from null to c21e50b3-ab2c-4758-9253-59979117ba9b at term 1 for becomeLeader, leader elected after 5043ms
2019-10-07 06:00:01,048 [c21e50b3-ab2c-4758-9253-59979117ba9b@group-4C2ABDC2583A-LeaderElection2] INFO  server.RaftServerConfigKeys (ConfUtils.java:logGet(43)) - raft.server.staging.catchup.gap = 1000 (default)
2019-10-07 06:00:01,048 [c21e50b3-ab2c-4758-9253-59979117ba9b@group-4C2ABDC2583A-LeaderElection2] INFO  server.RaftServerConfigKeys (ConfUtils.java:logGet(43)) - raft.server.rpc.sleep.time = 25ms (default)
2019-10-07 06:00:01,048 [c21e50b3-ab2c-4758-9253-59979117ba9b@group-4C2ABDC2583A-LeaderElection2] INFO  server.RaftServerConfigKeys (ConfUtils.java:logGet(43)) - raft.server.write.element-limit = 4096 (default)
2019-10-07 06:00:01,049 [c21e50b3-ab2c-4758-9253-59979117ba9b@group-4C2ABDC2583A-LeaderElection2] INFO  server.RaftServerConfigKeys (ConfUtils.java:logGet(43)) - raft.server.watch.timeout = 10s (default)
2019-10-07 06:00:01,049 [c21e50b3-ab2c-4758-9253-59979117ba9b@group-4C2ABDC2583A-LeaderElection2] INFO  server.RaftServerConfigKeys (ConfUtils.java:logGet(43)) - raft.server.watch.timeout.denomination = 1s (default)
2019-10-07 06:00:01,049 [c21e50b3-ab2c-4758-9253-59979117ba9b@group-4C2ABDC2583A-LeaderElection2] INFO  server.RaftServerConfigKeys (ConfUtils.java:logGet(43)) - raft.server.watch.element-limit = 65536 (default)
2019-10-07 06:00:01,051 [c21e50b3-ab2c-4758-9253-59979117ba9b@group-4C2ABDC2583A-LeaderElection2] INFO  impl.RoleInfo (RoleInfo.java:updateAndGet(143)) - c21e50b3-ab2c-4758-9253-59979117ba9b: start LeaderState
2019-10-07 06:00:01,051 [c21e50b3-ab2c-4758-9253-59979117ba9b@group-4C2ABDC2583A-LeaderElection2] INFO  segmented.SegmentedRaftLogWorker (SegmentedRaftLogWorker.java:startLogSegment(385)) - c21e50b3-ab2c-4758-9253-59979117ba9b@group-4C2ABDC2583A-SegmentedRaftLogWorker: Starting segment from index:0
2019-10-07 06:00:01,052 [c21e50b3-ab2c-4758-9253-59979117ba9b@group-4C2ABDC2583A-LeaderElection2] INFO  impl.RaftServerImpl (ServerState.java:setRaftConf(356)) - c21e50b3-ab2c-4758-9253-59979117ba9b@group-4C2ABDC2583A: set configuration 0: [c21e50b3-ab2c-4758-9253-59979117ba9b:192.168.30.3:36477], old=null at 0
2019-10-07 06:00:01,125 [c21e50b3-ab2c-4758-9253-59979117ba9b@group-4C2ABDC2583A-SegmentedRaftLogWorker] INFO  segmented.SegmentedRaftLogWorker (SegmentedRaftLogWorker.java:execute(574)) - c21e50b3-ab2c-4758-9253-59979117ba9b@group-4C2ABDC2583A-SegmentedRaftLogWorker: created new log segment /workdir/hadoop-ozone/integration-test/target/test-dir/MiniOzoneClusterImpl-ef13529d-ad89-4511-899b-e06c9460a472/datanode-6/data/ratis/76645c89-d889-4bd0-b6e5-4c2abdc2583a/current/log_inprogress_0
2019-10-07 06:00:01,125 [30f407cc-3a1c-475e-b481-9911daf65b99@group-FD3C75820B61-SegmentedRaftLogWorker] INFO  segmented.SegmentedRaftLogWorker (SegmentedRaftLogWorker.java:execute(574)) - 30f407cc-3a1c-475e-b481-9911daf65b99@group-FD3C75820B61-SegmentedRaftLogWorker: created new log segment /workdir/hadoop-ozone/integration-test/target/test-dir/MiniOzoneClusterImpl-ef13529d-ad89-4511-899b-e06c9460a472/datanode-0/data/ratis/ffb40a44-eaa0-47c3-bff7-fd3c75820b61/current/log_inprogress_0
2019-10-07 06:00:01,359 [Thread-246] INFO  impl.FollowerState (FollowerState.java:run(108)) - c585da5a-a255-4272-8069-f95bb7255ddc@group-28A144673194-FollowerState: change to CANDIDATE, lastRpcTime:5192ms, electionTimeout:5192ms
2019-10-07 06:00:01,360 [Thread-246] INFO  impl.RoleInfo (RoleInfo.java:shutdownFollowerState(121)) - c585da5a-a255-4272-8069-f95bb7255ddc: shutdown FollowerState
2019-10-07 06:00:01,360 [Thread-246] INFO  impl.RaftServerImpl (RaftServerImpl.java:setRole(170)) - c585da5a-a255-4272-8069-f95bb7255ddc@group-28A144673194: changes role from  FOLLOWER to CANDIDATE at term 0 for changeToCandidate
2019-10-07 06:00:01,360 [Thread-246] INFO  impl.RoleInfo (RoleInfo.java:updateAndGet(143)) - c585da5a-a255-4272-8069-f95bb7255ddc: start LeaderElection
2019-10-07 06:00:01,389 [c585da5a-a255-4272-8069-f95bb7255ddc@group-28A144673194-LeaderElection3] INFO  impl.LeaderElection (LeaderElection.java:askForVotes(178)) - c585da5a-a255-4272-8069-f95bb7255ddc@group-28A144673194-LeaderElection3: begin an election at term 1 for -1: [c585da5a-a255-4272-8069-f95bb7255ddc:192.168.30.3:38193], old=null
2019-10-07 06:00:01,391 [c585da5a-a255-4272-8069-f95bb7255ddc@group-28A144673194-LeaderElection3] INFO  impl.RoleInfo (RoleInfo.java:shutdownLeaderElection(134)) - c585da5a-a255-4272-8069-f95bb7255ddc: shutdown LeaderElection
2019-10-07 06:00:01,391 [c585da5a-a255-4272-8069-f95bb7255ddc@group-28A144673194-LeaderElection3] INFO  impl.RaftServerImpl (RaftServerImpl.java:setRole(170)) - c585da5a-a255-4272-8069-f95bb7255ddc@group-28A144673194: changes role from CANDIDATE to LEADER at term 1 for changeToLeader
2019-10-07 06:00:01,392 [c585da5a-a255-4272-8069-f95bb7255ddc@group-28A144673194-LeaderElection3] INFO  impl.RaftServerImpl (ServerState.java:setLeader(255)) - c585da5a-a255-4272-8069-f95bb7255ddc@group-28A144673194: change Leader from null to c585da5a-a255-4272-8069-f95bb7255ddc at term 1 for becomeLeader, leader elected after 5263ms
2019-10-07 06:00:01,394 [c585da5a-a255-4272-8069-f95bb7255ddc@group-28A144673194-LeaderElection3] INFO  server.RaftServerConfigKeys (ConfUtils.java:logGet(43)) - raft.server.staging.catchup.gap = 1000 (default)
2019-10-07 06:00:01,394 [c585da5a-a255-4272-8069-f95bb7255ddc@group-28A144673194-LeaderElection3] INFO  server.RaftServerConfigKeys (ConfUtils.java:logGet(43)) - raft.server.rpc.sleep.time = 25ms (default)
2019-10-07 06:00:01,394 [c585da5a-a255-4272-8069-f95bb7255ddc@group-28A144673194-LeaderElection3] INFO  server.RaftServerConfigKeys (ConfUtils.java:logGet(43)) - raft.server.write.element-limit = 4096 (default)
2019-10-07 06:00:01,394 [c585da5a-a255-4272-8069-f95bb7255ddc@group-28A144673194-LeaderElection3] INFO  server.RaftServerConfigKeys (ConfUtils.java:logGet(43)) - raft.server.watch.timeout = 10s (default)
2019-10-07 06:00:01,394 [c585da5a-a255-4272-8069-f95bb7255ddc@group-28A144673194-LeaderElection3] INFO  server.RaftServerConfigKeys (ConfUtils.java:logGet(43)) - raft.server.watch.timeout.denomination = 1s (default)
2019-10-07 06:00:01,395 [c585da5a-a255-4272-8069-f95bb7255ddc@group-28A144673194-LeaderElection3] INFO  server.RaftServerConfigKeys (ConfUtils.java:logGet(43)) - raft.server.watch.element-limit = 65536 (default)
2019-10-07 06:00:01,398 [c585da5a-a255-4272-8069-f95bb7255ddc@group-28A144673194-LeaderElection3] INFO  impl.RoleInfo (RoleInfo.java:updateAndGet(143)) - c585da5a-a255-4272-8069-f95bb7255ddc: start LeaderState
2019-10-07 06:00:01,399 [c585da5a-a255-4272-8069-f95bb7255ddc@group-28A144673194-LeaderElection3] INFO  segmented.SegmentedRaftLogWorker (SegmentedRaftLogWorker.java:startLogSegment(385)) - c585da5a-a255-4272-8069-f95bb7255ddc@group-28A144673194-SegmentedRaftLogWorker: Starting segment from index:0
2019-10-07 06:00:01,403 [c585da5a-a255-4272-8069-f95bb7255ddc@group-28A144673194-LeaderElection3] INFO  impl.RaftServerImpl (ServerState.java:setRaftConf(356)) - c585da5a-a255-4272-8069-f95bb7255ddc@group-28A144673194: set configuration 0: [c585da5a-a255-4272-8069-f95bb7255ddc:192.168.30.3:38193], old=null at 0
2019-10-07 06:00:01,437 [Thread-249] INFO  impl.FollowerState (FollowerState.java:run(108)) - 833795fc-6221-4b60-b1f4-2c52cdf77098@group-EF2B96863F64-FollowerState: change to CANDIDATE, lastRpcTime:5187ms, electionTimeout:5181ms
2019-10-07 06:00:01,437 [Thread-249] INFO  impl.RoleInfo (RoleInfo.java:shutdownFollowerState(121)) - 833795fc-6221-4b60-b1f4-2c52cdf77098: shutdown FollowerState
2019-10-07 06:00:01,437 [Thread-249] INFO  impl.RaftServerImpl (RaftServerImpl.java:setRole(170)) - 833795fc-6221-4b60-b1f4-2c52cdf77098@group-EF2B96863F64: changes role from  FOLLOWER to CANDIDATE at term 0 for changeToCandidate
2019-10-07 06:00:01,437 [Thread-249] INFO  impl.RoleInfo (RoleInfo.java:updateAndGet(143)) - 833795fc-6221-4b60-b1f4-2c52cdf77098: start LeaderElection
2019-10-07 06:00:01,445 [Thread-252] INFO  impl.FollowerState (FollowerState.java:run(108)) - 86a83129-ecff-4408-81ec-54a1e4e7b386@group-FEE9822411DA-FollowerState: change to CANDIDATE, lastRpcTime:5108ms, electionTimeout:5108ms
2019-10-07 06:00:01,445 [Thread-252] INFO  impl.RoleInfo (RoleInfo.java:shutdownFollowerState(121)) - 86a83129-ecff-4408-81ec-54a1e4e7b386: shutdown FollowerState
2019-10-07 06:00:01,445 [Thread-252] INFO  impl.RaftServerImpl (RaftServerImpl.java:setRole(170)) - 86a83129-ecff-4408-81ec-54a1e4e7b386@group-FEE9822411DA: changes role from  FOLLOWER to CANDIDATE at term 0 for changeToCandidate
2019-10-07 06:00:01,446 [Thread-252] INFO  impl.RoleInfo (RoleInfo.java:updateAndGet(143)) - 86a83129-ecff-4408-81ec-54a1e4e7b386: start LeaderElection
2019-10-07 06:00:01,450 [c585da5a-a255-4272-8069-f95bb7255ddc@group-28A144673194-SegmentedRaftLogWorker] INFO  segmented.SegmentedRaftLogWorker (SegmentedRaftLogWorker.java:execute(574)) - c585da5a-a255-4272-8069-f95bb7255ddc@group-28A144673194-SegmentedRaftLogWorker: created new log segment /workdir/hadoop-ozone/integration-test/target/test-dir/MiniOzoneClusterImpl-ef13529d-ad89-4511-899b-e06c9460a472/datanode-2/data/ratis/07efb3a3-dec7-4238-b98e-28a144673194/current/log_inprogress_0
2019-10-07 06:00:01,450 [833795fc-6221-4b60-b1f4-2c52cdf77098@group-EF2B96863F64-LeaderElection4] INFO  impl.LeaderElection (LeaderElection.java:askForVotes(178)) - 833795fc-6221-4b60-b1f4-2c52cdf77098@group-EF2B96863F64-LeaderElection4: begin an election at term 1 for -1: [833795fc-6221-4b60-b1f4-2c52cdf77098:192.168.30.3:41546], old=null
2019-10-07 06:00:01,450 [833795fc-6221-4b60-b1f4-2c52cdf77098@group-EF2B96863F64-LeaderElection4] INFO  impl.RoleInfo (RoleInfo.java:shutdownLeaderElection(134)) - 833795fc-6221-4b60-b1f4-2c52cdf77098: shutdown LeaderElection
2019-10-07 06:00:01,450 [833795fc-6221-4b60-b1f4-2c52cdf77098@group-EF2B96863F64-LeaderElection4] INFO  impl.RaftServerImpl (RaftServerImpl.java:setRole(170)) - 833795fc-6221-4b60-b1f4-2c52cdf77098@group-EF2B96863F64: changes role from CANDIDATE to LEADER at term 1 for changeToLeader
2019-10-07 06:00:01,450 [833795fc-6221-4b60-b1f4-2c52cdf77098@group-EF2B96863F64-LeaderElection4] INFO  impl.RaftServerImpl (ServerState.java:setLeader(255)) - 833795fc-6221-4b60-b1f4-2c52cdf77098@group-EF2B96863F64: change Leader from null to 833795fc-6221-4b60-b1f4-2c52cdf77098 at term 1 for becomeLeader, leader elected after 5214ms
2019-10-07 06:00:01,452 [833795fc-6221-4b60-b1f4-2c52cdf77098@group-EF2B96863F64-LeaderElection4] INFO  server.RaftServerConfigKeys (ConfUtils.java:logGet(43)) - raft.server.staging.catchup.gap = 1000 (default)
2019-10-07 06:00:01,452 [833795fc-6221-4b60-b1f4-2c52cdf77098@group-EF2B96863F64-LeaderElection4] INFO  server.RaftServerConfigKeys (ConfUtils.java:logGet(43)) - raft.server.rpc.sleep.time = 25ms (default)
2019-10-07 06:00:01,452 [833795fc-6221-4b60-b1f4-2c52cdf77098@group-EF2B96863F64-LeaderElection4] INFO  server.RaftServerConfigKeys (ConfUtils.java:logGet(43)) - raft.server.write.element-limit = 4096 (default)
2019-10-07 06:00:01,453 [833795fc-6221-4b60-b1f4-2c52cdf77098@group-EF2B96863F64-LeaderElection4] INFO  server.RaftServerConfigKeys (ConfUtils.java:logGet(43)) - raft.server.watch.timeout = 10s (default)
2019-10-07 06:00:01,453 [833795fc-6221-4b60-b1f4-2c52cdf77098@group-EF2B96863F64-LeaderElection4] INFO  server.RaftServerConfigKeys (ConfUtils.java:logGet(43)) - raft.server.watch.timeout.denomination = 1s (default)
2019-10-07 06:00:01,453 [833795fc-6221-4b60-b1f4-2c52cdf77098@group-EF2B96863F64-LeaderElection4] INFO  server.RaftServerConfigKeys (ConfUtils.java:logGet(43)) - raft.server.watch.element-limit = 65536 (default)
2019-10-07 06:00:01,454 [86a83129-ecff-4408-81ec-54a1e4e7b386@group-FEE9822411DA-LeaderElection5] INFO  impl.LeaderElection (LeaderElection.java:askForVotes(178)) - 86a83129-ecff-4408-81ec-54a1e4e7b386@group-FEE9822411DA-LeaderElection5: begin an election at term 1 for -1: [86a83129-ecff-4408-81ec-54a1e4e7b386:192.168.30.3:34069], old=null
2019-10-07 06:00:01,454 [86a83129-ecff-4408-81ec-54a1e4e7b386@group-FEE9822411DA-LeaderElection5] INFO  impl.RoleInfo (RoleInfo.java:shutdownLeaderElection(134)) - 86a83129-ecff-4408-81ec-54a1e4e7b386: shutdown LeaderElection
2019-10-07 06:00:01,454 [86a83129-ecff-4408-81ec-54a1e4e7b386@group-FEE9822411DA-LeaderElection5] INFO  impl.RaftServerImpl (RaftServerImpl.java:setRole(170)) - 86a83129-ecff-4408-81ec-54a1e4e7b386@group-FEE9822411DA: changes role from CANDIDATE to LEADER at term 1 for changeToLeader
2019-10-07 06:00:01,454 [86a83129-ecff-4408-81ec-54a1e4e7b386@group-FEE9822411DA-LeaderElection5] INFO  impl.RaftServerImpl (ServerState.java:setLeader(255)) - 86a83129-ecff-4408-81ec-54a1e4e7b386@group-FEE9822411DA: change Leader from null to 86a83129-ecff-4408-81ec-54a1e4e7b386 at term 1 for becomeLeader, leader elected after 5130ms
2019-10-07 06:00:01,456 [86a83129-ecff-4408-81ec-54a1e4e7b386@group-FEE9822411DA-LeaderElection5] INFO  server.RaftServerConfigKeys (ConfUtils.java:logGet(43)) - raft.server.staging.catchup.gap = 1000 (default)
2019-10-07 06:00:01,456 [86a83129-ecff-4408-81ec-54a1e4e7b386@group-FEE9822411DA-LeaderElection5] INFO  server.RaftServerConfigKeys (ConfUtils.java:logGet(43)) - raft.server.rpc.sleep.time = 25ms (default)
2019-10-07 06:00:01,456 [86a83129-ecff-4408-81ec-54a1e4e7b386@group-FEE9822411DA-LeaderElection5] INFO  server.RaftServerConfigKeys (ConfUtils.java:logGet(43)) - raft.server.write.element-limit = 4096 (default)
2019-10-07 06:00:01,456 [86a83129-ecff-4408-81ec-54a1e4e7b386@group-FEE9822411DA-LeaderElection5] INFO  server.RaftServerConfigKeys (ConfUtils.java:logGet(43)) - raft.server.watch.timeout = 10s (default)
2019-10-07 06:00:01,456 [86a83129-ecff-4408-81ec-54a1e4e7b386@group-FEE9822411DA-LeaderElection5] INFO  server.RaftServerConfigKeys (ConfUtils.java:logGet(43)) - raft.server.watch.timeout.denomination = 1s (default)
2019-10-07 06:00:01,457 [86a83129-ecff-4408-81ec-54a1e4e7b386@group-FEE9822411DA-LeaderElection5] INFO  server.RaftServerConfigKeys (ConfUtils.java:logGet(43)) - raft.server.watch.element-limit = 65536 (default)
2019-10-07 06:00:01,457 [833795fc-6221-4b60-b1f4-2c52cdf77098@group-EF2B96863F64-LeaderElection4] INFO  impl.RoleInfo (RoleInfo.java:updateAndGet(143)) - 833795fc-6221-4b60-b1f4-2c52cdf77098: start LeaderState
2019-10-07 06:00:01,457 [833795fc-6221-4b60-b1f4-2c52cdf77098@group-EF2B96863F64-LeaderElection4] INFO  segmented.SegmentedRaftLogWorker (SegmentedRaftLogWorker.java:startLogSegment(385)) - 833795fc-6221-4b60-b1f4-2c52cdf77098@group-EF2B96863F64-SegmentedRaftLogWorker: Starting segment from index:0
2019-10-07 06:00:01,458 [833795fc-6221-4b60-b1f4-2c52cdf77098@group-EF2B96863F64-LeaderElection4] INFO  impl.RaftServerImpl (ServerState.java:setRaftConf(356)) - 833795fc-6221-4b60-b1f4-2c52cdf77098@group-EF2B96863F64: set configuration 0: [833795fc-6221-4b60-b1f4-2c52cdf77098:192.168.30.3:41546], old=null at 0
2019-10-07 06:00:01,487 [86a83129-ecff-4408-81ec-54a1e4e7b386@group-FEE9822411DA-LeaderElection5] INFO  impl.RoleInfo (RoleInfo.java:updateAndGet(143)) - 86a83129-ecff-4408-81ec-54a1e4e7b386: start LeaderState
2019-10-07 06:00:01,488 [86a83129-ecff-4408-81ec-54a1e4e7b386@group-FEE9822411DA-LeaderElection5] INFO  segmented.SegmentedRaftLogWorker (SegmentedRaftLogWorker.java:startLogSegment(385)) - 86a83129-ecff-4408-81ec-54a1e4e7b386@group-FEE9822411DA-SegmentedRaftLogWorker: Starting segment from index:0
2019-10-07 06:00:01,488 [86a83129-ecff-4408-81ec-54a1e4e7b386@group-FEE9822411DA-LeaderElection5] INFO  impl.RaftServerImpl (ServerState.java:setRaftConf(356)) - 86a83129-ecff-4408-81ec-54a1e4e7b386@group-FEE9822411DA: set configuration 0: [86a83129-ecff-4408-81ec-54a1e4e7b386:192.168.30.3:34069], old=null at 0
2019-10-07 06:00:01,521 [833795fc-6221-4b60-b1f4-2c52cdf77098@group-EF2B96863F64-SegmentedRaftLogWorker] INFO  segmented.SegmentedRaftLogWorker (SegmentedRaftLogWorker.java:execute(574)) - 833795fc-6221-4b60-b1f4-2c52cdf77098@group-EF2B96863F64-SegmentedRaftLogWorker: created new log segment /workdir/hadoop-ozone/integration-test/target/test-dir/MiniOzoneClusterImpl-ef13529d-ad89-4511-899b-e06c9460a472/datanode-4/data/ratis/50a6f216-98fe-415e-ae1f-ef2b96863f64/current/log_inprogress_0
2019-10-07 06:00:01,533 [86a83129-ecff-4408-81ec-54a1e4e7b386@group-FEE9822411DA-SegmentedRaftLogWorker] INFO  segmented.SegmentedRaftLogWorker (SegmentedRaftLogWorker.java:execute(574)) - 86a83129-ecff-4408-81ec-54a1e4e7b386@group-FEE9822411DA-SegmentedRaftLogWorker: created new log segment /workdir/hadoop-ozone/integration-test/target/test-dir/MiniOzoneClusterImpl-ef13529d-ad89-4511-899b-e06c9460a472/datanode-3/data/ratis/78ebfc09-3e62-4a5a-bbe7-fee9822411da/current/log_inprogress_0
2019-10-07 06:00:01,599 [Thread-255] INFO  impl.FollowerState (FollowerState.java:run(108)) - 0237ccc1-b862-410b-b726-981bea588f20@group-75622FFA7341-FollowerState: change to CANDIDATE, lastRpcTime:5175ms, electionTimeout:5175ms
2019-10-07 06:00:01,599 [Thread-255] INFO  impl.RoleInfo (RoleInfo.java:shutdownFollowerState(121)) - 0237ccc1-b862-410b-b726-981bea588f20: shutdown FollowerState
2019-10-07 06:00:01,599 [Thread-255] INFO  impl.RaftServerImpl (RaftServerImpl.java:setRole(170)) - 0237ccc1-b862-410b-b726-981bea588f20@group-75622FFA7341: changes role from  FOLLOWER to CANDIDATE at term 0 for changeToCandidate
2019-10-07 06:00:01,599 [Thread-255] INFO  impl.RoleInfo (RoleInfo.java:updateAndGet(143)) - 0237ccc1-b862-410b-b726-981bea588f20: start LeaderElection
2019-10-07 06:00:01,617 [0237ccc1-b862-410b-b726-981bea588f20@group-75622FFA7341-LeaderElection6] INFO  impl.LeaderElection (LeaderElection.java:askForVotes(178)) - 0237ccc1-b862-410b-b726-981bea588f20@group-75622FFA7341-LeaderElection6: begin an election at term 1 for -1: [0237ccc1-b862-410b-b726-981bea588f20:192.168.30.3:36571], old=null
2019-10-07 06:00:01,617 [0237ccc1-b862-410b-b726-981bea588f20@group-75622FFA7341-LeaderElection6] INFO  impl.RoleInfo (RoleInfo.java:shutdownLeaderElection(134)) - 0237ccc1-b862-410b-b726-981bea588f20: shutdown LeaderElection
2019-10-07 06:00:01,617 [0237ccc1-b862-410b-b726-981bea588f20@group-75622FFA7341-LeaderElection6] INFO  impl.RaftServerImpl (RaftServerImpl.java:setRole(170)) - 0237ccc1-b862-410b-b726-981bea588f20@group-75622FFA7341: changes role from CANDIDATE to LEADER at term 1 for changeToLeader
2019-10-07 06:00:01,618 [0237ccc1-b862-410b-b726-981bea588f20@group-75622FFA7341-LeaderElection6] INFO  impl.RaftServerImpl (ServerState.java:setLeader(255)) - 0237ccc1-b862-410b-b726-981bea588f20@group-75622FFA7341: change Leader from null to 0237ccc1-b862-410b-b726-981bea588f20 at term 1 for becomeLeader, leader elected after 5203ms
2019-10-07 06:00:01,619 [0237ccc1-b862-410b-b726-981bea588f20@group-75622FFA7341-LeaderElection6] INFO  server.RaftServerConfigKeys (ConfUtils.java:logGet(43)) - raft.server.staging.catchup.gap = 1000 (default)
2019-10-07 06:00:01,619 [0237ccc1-b862-410b-b726-981bea588f20@group-75622FFA7341-LeaderElection6] INFO  server.RaftServerConfigKeys (ConfUtils.java:logGet(43)) - raft.server.rpc.sleep.time = 25ms (default)
2019-10-07 06:00:01,620 [0237ccc1-b862-410b-b726-981bea588f20@group-75622FFA7341-LeaderElection6] INFO  server.RaftServerConfigKeys (ConfUtils.java:logGet(43)) - raft.server.write.element-limit = 4096 (default)
2019-10-07 06:00:01,620 [0237ccc1-b862-410b-b726-981bea588f20@group-75622FFA7341-LeaderElection6] INFO  server.RaftServerConfigKeys (ConfUtils.java:logGet(43)) - raft.server.watch.timeout = 10s (default)
2019-10-07 06:00:01,620 [0237ccc1-b862-410b-b726-981bea588f20@group-75622FFA7341-LeaderElection6] INFO  server.RaftServerConfigKeys (ConfUtils.java:logGet(43)) - raft.server.watch.timeout.denomination = 1s (default)
2019-10-07 06:00:01,620 [0237ccc1-b862-410b-b726-981bea588f20@group-75622FFA7341-LeaderElection6] INFO  server.RaftServerConfigKeys (ConfUtils.java:logGet(43)) - raft.server.watch.element-limit = 65536 (default)
2019-10-07 06:00:01,622 [0237ccc1-b862-410b-b726-981bea588f20@group-75622FFA7341-LeaderElection6] INFO  impl.RoleInfo (RoleInfo.java:updateAndGet(143)) - 0237ccc1-b862-410b-b726-981bea588f20: start LeaderState
2019-10-07 06:00:01,622 [0237ccc1-b862-410b-b726-981bea588f20@group-75622FFA7341-LeaderElection6] INFO  segmented.SegmentedRaftLogWorker (SegmentedRaftLogWorker.java:startLogSegment(385)) - 0237ccc1-b862-410b-b726-981bea588f20@group-75622FFA7341-SegmentedRaftLogWorker: Starting segment from index:0
2019-10-07 06:00:01,623 [0237ccc1-b862-410b-b726-981bea588f20@group-75622FFA7341-LeaderElection6] INFO  impl.RaftServerImpl (ServerState.java:setRaftConf(356)) - 0237ccc1-b862-410b-b726-981bea588f20@group-75622FFA7341: set configuration 0: [0237ccc1-b862-410b-b726-981bea588f20:192.168.30.3:36571], old=null at 0
2019-10-07 06:00:01,649 [Thread-258] INFO  impl.FollowerState (FollowerState.java:run(108)) - 2c77848b-e6b5-4a1d-a3b2-ab28479a2399@group-2ABE99A113F3-FollowerState: change to CANDIDATE, lastRpcTime:5157ms, electionTimeout:5147ms
2019-10-07 06:00:01,649 [Thread-258] INFO  impl.RoleInfo (RoleInfo.java:shutdownFollowerState(121)) - 2c77848b-e6b5-4a1d-a3b2-ab28479a2399: shutdown FollowerState
2019-10-07 06:00:01,649 [Thread-258] INFO  impl.RaftServerImpl (RaftServerImpl.java:setRole(170)) - 2c77848b-e6b5-4a1d-a3b2-ab28479a2399@group-2ABE99A113F3: changes role from  FOLLOWER to CANDIDATE at term 0 for changeToCandidate
2019-10-07 06:00:01,649 [Thread-258] INFO  impl.RoleInfo (RoleInfo.java:updateAndGet(143)) - 2c77848b-e6b5-4a1d-a3b2-ab28479a2399: start LeaderElection
2019-10-07 06:00:01,661 [0237ccc1-b862-410b-b726-981bea588f20@group-75622FFA7341-SegmentedRaftLogWorker] INFO  segmented.SegmentedRaftLogWorker (SegmentedRaftLogWorker.java:execute(574)) - 0237ccc1-b862-410b-b726-981bea588f20@group-75622FFA7341-SegmentedRaftLogWorker: created new log segment /workdir/hadoop-ozone/integration-test/target/test-dir/MiniOzoneClusterImpl-ef13529d-ad89-4511-899b-e06c9460a472/datanode-5/data/ratis/630d1c50-cd78-4970-9be0-75622ffa7341/current/log_inprogress_0
2019-10-07 06:00:01,662 [2c77848b-e6b5-4a1d-a3b2-ab28479a2399@group-2ABE99A113F3-LeaderElection7] INFO  impl.LeaderElection (LeaderElection.java:askForVotes(178)) - 2c77848b-e6b5-4a1d-a3b2-ab28479a2399@group-2ABE99A113F3-LeaderElection7: begin an election at term 1 for -1: [2c77848b-e6b5-4a1d-a3b2-ab28479a2399:192.168.30.3:38603], old=null
2019-10-07 06:00:01,662 [2c77848b-e6b5-4a1d-a3b2-ab28479a2399@group-2ABE99A113F3-LeaderElection7] INFO  impl.RoleInfo (RoleInfo.java:shutdownLeaderElection(134)) - 2c77848b-e6b5-4a1d-a3b2-ab28479a2399: shutdown LeaderElection
2019-10-07 06:00:01,662 [2c77848b-e6b5-4a1d-a3b2-ab28479a2399@group-2ABE99A113F3-LeaderElection7] INFO  impl.RaftServerImpl (RaftServerImpl.java:setRole(170)) - 2c77848b-e6b5-4a1d-a3b2-ab28479a2399@group-2ABE99A113F3: changes role from CANDIDATE to LEADER at term 1 for changeToLeader
2019-10-07 06:00:01,662 [2c77848b-e6b5-4a1d-a3b2-ab28479a2399@group-2ABE99A113F3-LeaderElection7] INFO  impl.RaftServerImpl (ServerState.java:setLeader(255)) - 2c77848b-e6b5-4a1d-a3b2-ab28479a2399@group-2ABE99A113F3: change Leader from null to 2c77848b-e6b5-4a1d-a3b2-ab28479a2399 at term 1 for becomeLeader, leader elected after 5178ms
2019-10-07 06:00:01,664 [2c77848b-e6b5-4a1d-a3b2-ab28479a2399@group-2ABE99A113F3-LeaderElection7] INFO  server.RaftServerConfigKeys (ConfUtils.java:logGet(43)) - raft.server.staging.catchup.gap = 1000 (default)
2019-10-07 06:00:01,665 [2c77848b-e6b5-4a1d-a3b2-ab28479a2399@group-2ABE99A113F3-LeaderElection7] INFO  server.RaftServerConfigKeys (ConfUtils.java:logGet(43)) - raft.server.rpc.sleep.time = 25ms (default)
2019-10-07 06:00:01,665 [2c77848b-e6b5-4a1d-a3b2-ab28479a2399@group-2ABE99A113F3-LeaderElection7] INFO  server.RaftServerConfigKeys (ConfUtils.java:logGet(43)) - raft.server.write.element-limit = 4096 (default)
2019-10-07 06:00:01,665 [2c77848b-e6b5-4a1d-a3b2-ab28479a2399@group-2ABE99A113F3-LeaderElection7] INFO  server.RaftServerConfigKeys (ConfUtils.java:logGet(43)) - raft.server.watch.timeout = 10s (default)
2019-10-07 06:00:01,665 [2c77848b-e6b5-4a1d-a3b2-ab28479a2399@group-2ABE99A113F3-LeaderElection7] INFO  server.RaftServerConfigKeys (ConfUtils.java:logGet(43)) - raft.server.watch.timeout.denomination = 1s (default)
2019-10-07 06:00:01,665 [2c77848b-e6b5-4a1d-a3b2-ab28479a2399@group-2ABE99A113F3-LeaderElection7] INFO  server.RaftServerConfigKeys (ConfUtils.java:logGet(43)) - raft.server.watch.element-limit = 65536 (default)
2019-10-07 06:00:01,667 [2c77848b-e6b5-4a1d-a3b2-ab28479a2399@group-2ABE99A113F3-LeaderElection7] INFO  impl.RoleInfo (RoleInfo.java:updateAndGet(143)) - 2c77848b-e6b5-4a1d-a3b2-ab28479a2399: start LeaderState
2019-10-07 06:00:01,668 [2c77848b-e6b5-4a1d-a3b2-ab28479a2399@group-2ABE99A113F3-LeaderElection7] INFO  segmented.SegmentedRaftLogWorker (SegmentedRaftLogWorker.java:startLogSegment(385)) - 2c77848b-e6b5-4a1d-a3b2-ab28479a2399@group-2ABE99A113F3-SegmentedRaftLogWorker: Starting segment from index:0
2019-10-07 06:00:01,669 [2c77848b-e6b5-4a1d-a3b2-ab28479a2399@group-2ABE99A113F3-LeaderElection7] INFO  impl.RaftServerImpl (ServerState.java:setRaftConf(356)) - 2c77848b-e6b5-4a1d-a3b2-ab28479a2399@group-2ABE99A113F3: set configuration 0: [2c77848b-e6b5-4a1d-a3b2-ab28479a2399:192.168.30.3:38603], old=null at 0
2019-10-07 06:00:01,695 [Thread-265] INFO  impl.FollowerState (FollowerState.java:run(108)) - c21e50b3-ab2c-4758-9253-59979117ba9b@group-48AAE2CB25F9-FollowerState: change to CANDIDATE, lastRpcTime:5095ms, electionTimeout:5074ms
2019-10-07 06:00:01,696 [Thread-265] INFO  impl.RoleInfo (RoleInfo.java:shutdownFollowerState(121)) - c21e50b3-ab2c-4758-9253-59979117ba9b: shutdown FollowerState
2019-10-07 06:00:01,696 [Thread-265] INFO  impl.RaftServerImpl (RaftServerImpl.java:setRole(170)) - c21e50b3-ab2c-4758-9253-59979117ba9b@group-48AAE2CB25F9: changes role from  FOLLOWER to CANDIDATE at term 0 for changeToCandidate
2019-10-07 06:00:01,696 [Thread-265] INFO  impl.RoleInfo (RoleInfo.java:updateAndGet(143)) - c21e50b3-ab2c-4758-9253-59979117ba9b: start LeaderElection
2019-10-07 06:00:01,703 [Thread-263] INFO  impl.FollowerState (FollowerState.java:run(108)) - c585da5a-a255-4272-8069-f95bb7255ddc@group-48AAE2CB25F9-FollowerState: change to CANDIDATE, lastRpcTime:5105ms, electionTimeout:5105ms
2019-10-07 06:00:01,703 [Thread-263] INFO  impl.RoleInfo (RoleInfo.java:shutdownFollowerState(121)) - c585da5a-a255-4272-8069-f95bb7255ddc: shutdown FollowerState
2019-10-07 06:00:01,703 [Thread-263] INFO  impl.RaftServerImpl (RaftServerImpl.java:setRole(170)) - c585da5a-a255-4272-8069-f95bb7255ddc@group-48AAE2CB25F9: changes role from  FOLLOWER to CANDIDATE at term 0 for changeToCandidate
2019-10-07 06:00:01,704 [Thread-263] INFO  impl.RoleInfo (RoleInfo.java:updateAndGet(143)) - c585da5a-a255-4272-8069-f95bb7255ddc: start LeaderElection
2019-10-07 06:00:01,719 [2c77848b-e6b5-4a1d-a3b2-ab28479a2399@group-2ABE99A113F3-SegmentedRaftLogWorker] INFO  segmented.SegmentedRaftLogWorker (SegmentedRaftLogWorker.java:execute(574)) - 2c77848b-e6b5-4a1d-a3b2-ab28479a2399@group-2ABE99A113F3-SegmentedRaftLogWorker: created new log segment /workdir/hadoop-ozone/integration-test/target/test-dir/MiniOzoneClusterImpl-ef13529d-ad89-4511-899b-e06c9460a472/datanode-1/data/ratis/ae509a77-2d00-4b25-aeed-2abe99a113f3/current/log_inprogress_0
2019-10-07 06:00:01,729 [c21e50b3-ab2c-4758-9253-59979117ba9b@group-48AAE2CB25F9-LeaderElection8] INFO  impl.LeaderElection (LeaderElection.java:askForVotes(178)) - c21e50b3-ab2c-4758-9253-59979117ba9b@group-48AAE2CB25F9-LeaderElection8: begin an election at term 1 for -1: [c21e50b3-ab2c-4758-9253-59979117ba9b:192.168.30.3:36477, c585da5a-a255-4272-8069-f95bb7255ddc:192.168.30.3:38193, 833795fc-6221-4b60-b1f4-2c52cdf77098:192.168.30.3:41546], old=null
2019-10-07 06:00:01,729 [c585da5a-a255-4272-8069-f95bb7255ddc@group-48AAE2CB25F9-LeaderElection9] INFO  impl.LeaderElection (LeaderElection.java:askForVotes(178)) - c585da5a-a255-4272-8069-f95bb7255ddc@group-48AAE2CB25F9-LeaderElection9: begin an election at term 1 for -1: [c21e50b3-ab2c-4758-9253-59979117ba9b:192.168.30.3:36477, c585da5a-a255-4272-8069-f95bb7255ddc:192.168.30.3:38193, 833795fc-6221-4b60-b1f4-2c52cdf77098:192.168.30.3:41546], old=null
2019-10-07 06:00:01,762 [grpc-default-executor-3] INFO  impl.RaftServerImpl (RaftServerImpl.java:setRole(170)) - 833795fc-6221-4b60-b1f4-2c52cdf77098@group-48AAE2CB25F9: changes role from  FOLLOWER to FOLLOWER at term 1 for recognizeCandidate:c21e50b3-ab2c-4758-9253-59979117ba9b
2019-10-07 06:00:01,762 [grpc-default-executor-3] INFO  impl.RoleInfo (RoleInfo.java:shutdownFollowerState(121)) - 833795fc-6221-4b60-b1f4-2c52cdf77098: shutdown FollowerState
2019-10-07 06:00:01,762 [grpc-default-executor-3] INFO  impl.RoleInfo (RoleInfo.java:updateAndGet(143)) - 833795fc-6221-4b60-b1f4-2c52cdf77098: start FollowerState
2019-10-07 06:00:01,762 [Thread-264] INFO  impl.FollowerState (FollowerState.java:run(117)) - 833795fc-6221-4b60-b1f4-2c52cdf77098@group-48AAE2CB25F9-FollowerState was interrupted: java.lang.InterruptedException: sleep interrupted
2019-10-07 06:00:01,788 [c585da5a-a255-4272-8069-f95bb7255ddc@group-48AAE2CB25F9-LeaderElection9] INFO  impl.LeaderElection (LeaderElection.java:logAndReturn(56)) - c585da5a-a255-4272-8069-f95bb7255ddc@group-48AAE2CB25F9-LeaderElection9: Election REJECTED; received 2 response(s) [c585da5a-a255-4272-8069-f95bb7255ddc<-c21e50b3-ab2c-4758-9253-59979117ba9b#0:FAIL-t1, c585da5a-a255-4272-8069-f95bb7255ddc<-833795fc-6221-4b60-b1f4-2c52cdf77098#0:FAIL-t1] and 0 exception(s); c585da5a-a255-4272-8069-f95bb7255ddc@group-48AAE2CB25F9:t1, leader=null, voted=c585da5a-a255-4272-8069-f95bb7255ddc, raftlog=c585da5a-a255-4272-8069-f95bb7255ddc@group-48AAE2CB25F9-SegmentedRaftLog:OPENED:c-1,f-1,i0, conf=-1: [c21e50b3-ab2c-4758-9253-59979117ba9b:192.168.30.3:36477, c585da5a-a255-4272-8069-f95bb7255ddc:192.168.30.3:38193, 833795fc-6221-4b60-b1f4-2c52cdf77098:192.168.30.3:41546], old=null
2019-10-07 06:00:01,788 [c21e50b3-ab2c-4758-9253-59979117ba9b@group-48AAE2CB25F9-LeaderElection8] INFO  impl.LeaderElection (LeaderElection.java:logAndReturn(56)) - c21e50b3-ab2c-4758-9253-59979117ba9b@group-48AAE2CB25F9-LeaderElection8: Election PASSED; received 2 response(s) [c21e50b3-ab2c-4758-9253-59979117ba9b<-c585da5a-a255-4272-8069-f95bb7255ddc#0:FAIL-t1, c21e50b3-ab2c-4758-9253-59979117ba9b<-833795fc-6221-4b60-b1f4-2c52cdf77098#0:OK-t1] and 0 exception(s); c21e50b3-ab2c-4758-9253-59979117ba9b@group-48AAE2CB25F9:t1, leader=null, voted=c21e50b3-ab2c-4758-9253-59979117ba9b, raftlog=c21e50b3-ab2c-4758-9253-59979117ba9b@group-48AAE2CB25F9-SegmentedRaftLog:OPENED:c-1,f-1,i0, conf=-1: [c21e50b3-ab2c-4758-9253-59979117ba9b:192.168.30.3:36477, c585da5a-a255-4272-8069-f95bb7255ddc:192.168.30.3:38193, 833795fc-6221-4b60-b1f4-2c52cdf77098:192.168.30.3:41546], old=null
2019-10-07 06:00:01,788 [c21e50b3-ab2c-4758-9253-59979117ba9b@group-48AAE2CB25F9-LeaderElection8] INFO  impl.RoleInfo (RoleInfo.java:shutdownLeaderElection(134)) - c21e50b3-ab2c-4758-9253-59979117ba9b: shutdown LeaderElection
2019-10-07 06:00:01,788 [c585da5a-a255-4272-8069-f95bb7255ddc@group-48AAE2CB25F9-LeaderElection9] INFO  impl.RaftServerImpl (RaftServerImpl.java:setRole(170)) - c585da5a-a255-4272-8069-f95bb7255ddc@group-48AAE2CB25F9: changes role from CANDIDATE to FOLLOWER at term 1 for DISCOVERED_A_NEW_TERM
2019-10-07 06:00:01,791 [c21e50b3-ab2c-4758-9253-59979117ba9b@group-48AAE2CB25F9-LeaderElection8] INFO  impl.RaftServerImpl (RaftServerImpl.java:setRole(170)) - c21e50b3-ab2c-4758-9253-59979117ba9b@group-48AAE2CB25F9: changes role from CANDIDATE to LEADER at term 1 for changeToLeader
2019-10-07 06:00:01,791 [c585da5a-a255-4272-8069-f95bb7255ddc@group-48AAE2CB25F9-LeaderElection9] INFO  impl.RoleInfo (RoleInfo.java:shutdownLeaderElection(134)) - c585da5a-a255-4272-8069-f95bb7255ddc: shutdown LeaderElection
2019-10-07 06:00:01,795 [c21e50b3-ab2c-4758-9253-59979117ba9b@group-48AAE2CB25F9-LeaderElection8] INFO  impl.RaftServerImpl (ServerState.java:setLeader(255)) - c21e50b3-ab2c-4758-9253-59979117ba9b@group-48AAE2CB25F9: change Leader from null to c21e50b3-ab2c-4758-9253-59979117ba9b at term 1 for becomeLeader, leader elected after 5202ms
2019-10-07 06:00:01,795 [c585da5a-a255-4272-8069-f95bb7255ddc@group-48AAE2CB25F9-LeaderElection9] INFO  impl.RoleInfo (RoleInfo.java:updateAndGet(143)) - c585da5a-a255-4272-8069-f95bb7255ddc: start FollowerState
2019-10-07 06:00:01,795 [c21e50b3-ab2c-4758-9253-59979117ba9b@group-48AAE2CB25F9-LeaderElection8] INFO  server.RaftServerConfigKeys (ConfUtils.java:logGet(43)) - raft.server.staging.catchup.gap = 1000 (default)
2019-10-07 06:00:01,795 [c21e50b3-ab2c-4758-9253-59979117ba9b@group-48AAE2CB25F9-LeaderElection8] INFO  server.RaftServerConfigKeys (ConfUtils.java:logGet(43)) - raft.server.rpc.sleep.time = 25ms (default)
2019-10-07 06:00:01,797 [c21e50b3-ab2c-4758-9253-59979117ba9b@group-48AAE2CB25F9-LeaderElection8] INFO  server.RaftServerConfigKeys (ConfUtils.java:logGet(43)) - raft.server.write.element-limit = 4096 (default)
2019-10-07 06:00:01,797 [c21e50b3-ab2c-4758-9253-59979117ba9b@group-48AAE2CB25F9-LeaderElection8] INFO  server.RaftServerConfigKeys (ConfUtils.java:logGet(43)) - raft.server.watch.timeout = 10s (default)
2019-10-07 06:00:01,797 [c21e50b3-ab2c-4758-9253-59979117ba9b@group-48AAE2CB25F9-LeaderElection8] INFO  server.RaftServerConfigKeys (ConfUtils.java:logGet(43)) - raft.server.watch.timeout.denomination = 1s (default)
2019-10-07 06:00:01,797 [c21e50b3-ab2c-4758-9253-59979117ba9b@group-48AAE2CB25F9-LeaderElection8] INFO  server.RaftServerConfigKeys (ConfUtils.java:logGet(43)) - raft.server.watch.element-limit = 65536 (default)
2019-10-07 06:00:01,803 [c21e50b3-ab2c-4758-9253-59979117ba9b@group-48AAE2CB25F9-LeaderElection8] INFO  server.RaftServerConfigKeys (ConfUtils.java:logGet(43)) - raft.server.log.appender.snapshot.chunk.size.max = 16MB (=16777216) (default)
2019-10-07 06:00:01,803 [c21e50b3-ab2c-4758-9253-59979117ba9b@group-48AAE2CB25F9-LeaderElection8] INFO  server.RaftServerConfigKeys (ConfUtils.java:logGet(43)) - raft.server.log.appender.buffer.byte-limit = 33554432 (custom)
2019-10-07 06:00:01,804 [c21e50b3-ab2c-4758-9253-59979117ba9b@group-48AAE2CB25F9-LeaderElection8] INFO  server.RaftServerConfigKeys (ConfUtils.java:logGet(43)) - raft.server.log.appender.buffer.element-limit = 1 (custom)
2019-10-07 06:00:01,808 [c21e50b3-ab2c-4758-9253-59979117ba9b@group-48AAE2CB25F9-LeaderElection8] INFO  grpc.GrpcConfigKeys$Server (ConfUtils.java:logGet(43)) - raft.grpc.server.leader.outstanding.appends.max = 128 (default)
2019-10-07 06:00:01,808 [c21e50b3-ab2c-4758-9253-59979117ba9b@group-48AAE2CB25F9-LeaderElection8] INFO  server.RaftServerConfigKeys (ConfUtils.java:logGet(43)) - raft.server.rpc.request.timeout = 3000ms (default)
2019-10-07 06:00:01,808 [c21e50b3-ab2c-4758-9253-59979117ba9b@group-48AAE2CB25F9-LeaderElection8] INFO  server.RaftServerConfigKeys (ConfUtils.java:logGet(43)) - raft.server.log.appender.install.snapshot.enabled = false (custom)
2019-10-07 06:00:01,810 [c21e50b3-ab2c-4758-9253-59979117ba9b@group-48AAE2CB25F9-LeaderElection8] INFO  server.RaftServerConfigKeys (ConfUtils.java:logGet(43)) - raft.server.log.appender.snapshot.chunk.size.max = 16MB (=16777216) (default)
2019-10-07 06:00:01,810 [c21e50b3-ab2c-4758-9253-59979117ba9b@group-48AAE2CB25F9-LeaderElection8] INFO  server.RaftServerConfigKeys (ConfUtils.java:logGet(43)) - raft.server.log.appender.buffer.byte-limit = 33554432 (custom)
2019-10-07 06:00:01,810 [c21e50b3-ab2c-4758-9253-59979117ba9b@group-48AAE2CB25F9-LeaderElection8] INFO  server.RaftServerConfigKeys (ConfUtils.java:logGet(43)) - raft.server.log.appender.buffer.element-limit = 1 (custom)
2019-10-07 06:00:01,810 [c21e50b3-ab2c-4758-9253-59979117ba9b@group-48AAE2CB25F9-LeaderElection8] INFO  grpc.GrpcConfigKeys$Server (ConfUtils.java:logGet(43)) - raft.grpc.server.leader.outstanding.appends.max = 128 (default)
2019-10-07 06:00:01,810 [c21e50b3-ab2c-4758-9253-59979117ba9b@group-48AAE2CB25F9-LeaderElection8] INFO  server.RaftServerConfigKeys (ConfUtils.java:logGet(43)) - raft.server.rpc.request.timeout = 3000ms (default)
2019-10-07 06:00:01,811 [c21e50b3-ab2c-4758-9253-59979117ba9b@group-48AAE2CB25F9-LeaderElection8] INFO  server.RaftServerConfigKeys (ConfUtils.java:logGet(43)) - raft.server.log.appender.install.snapshot.enabled = false (custom)
2019-10-07 06:00:01,812 [c21e50b3-ab2c-4758-9253-59979117ba9b@group-48AAE2CB25F9-LeaderElection8] INFO  impl.RoleInfo (RoleInfo.java:updateAndGet(143)) - c21e50b3-ab2c-4758-9253-59979117ba9b: start LeaderState
2019-10-07 06:00:01,812 [c21e50b3-ab2c-4758-9253-59979117ba9b@group-48AAE2CB25F9-LeaderElection8] INFO  segmented.SegmentedRaftLogWorker (SegmentedRaftLogWorker.java:startLogSegment(385)) - c21e50b3-ab2c-4758-9253-59979117ba9b@group-48AAE2CB25F9-SegmentedRaftLogWorker: Starting segment from index:0
2019-10-07 06:00:01,813 [c21e50b3-ab2c-4758-9253-59979117ba9b@group-48AAE2CB25F9-LeaderElection8] INFO  impl.RaftServerImpl (ServerState.java:setRaftConf(356)) - c21e50b3-ab2c-4758-9253-59979117ba9b@group-48AAE2CB25F9: set configuration 0: [c21e50b3-ab2c-4758-9253-59979117ba9b:192.168.30.3:36477, c585da5a-a255-4272-8069-f95bb7255ddc:192.168.30.3:38193, 833795fc-6221-4b60-b1f4-2c52cdf77098:192.168.30.3:41546], old=null at 0
2019-10-07 06:00:01,847 [Thread-273] INFO  impl.FollowerState (FollowerState.java:run(108)) - 86a83129-ecff-4408-81ec-54a1e4e7b386@group-22EF25604BA4-FollowerState: change to CANDIDATE, lastRpcTime:5139ms, electionTimeout:5129ms
2019-10-07 06:00:01,847 [Thread-274] INFO  impl.FollowerState (FollowerState.java:run(108)) - 0237ccc1-b862-410b-b726-981bea588f20@group-22EF25604BA4-FollowerState: change to CANDIDATE, lastRpcTime:5138ms, electionTimeout:5118ms
2019-10-07 06:00:01,847 [Thread-273] INFO  impl.RoleInfo (RoleInfo.java:shutdownFollowerState(121)) - 86a83129-ecff-4408-81ec-54a1e4e7b386: shutdown FollowerState
2019-10-07 06:00:01,847 [Thread-273] INFO  impl.RaftServerImpl (RaftServerImpl.java:setRole(170)) - 86a83129-ecff-4408-81ec-54a1e4e7b386@group-22EF25604BA4: changes role from  FOLLOWER to CANDIDATE at term 0 for changeToCandidate
2019-10-07 06:00:01,847 [Thread-274] INFO  impl.RoleInfo (RoleInfo.java:shutdownFollowerState(121)) - 0237ccc1-b862-410b-b726-981bea588f20: shutdown FollowerState
2019-10-07 06:00:01,848 [Thread-273] INFO  impl.RoleInfo (RoleInfo.java:updateAndGet(143)) - 86a83129-ecff-4408-81ec-54a1e4e7b386: start LeaderElection
2019-10-07 06:00:01,848 [Thread-274] INFO  impl.RaftServerImpl (RaftServerImpl.java:setRole(170)) - 0237ccc1-b862-410b-b726-981bea588f20@group-22EF25604BA4: changes role from  FOLLOWER to CANDIDATE at term 0 for changeToCandidate
2019-10-07 06:00:01,850 [Thread-274] INFO  impl.RoleInfo (RoleInfo.java:updateAndGet(143)) - 0237ccc1-b862-410b-b726-981bea588f20: start LeaderElection
2019-10-07 06:00:01,873 [grpc-default-executor-3] INFO  impl.RaftServerImpl (ServerState.java:setLeader(255)) - c585da5a-a255-4272-8069-f95bb7255ddc@group-48AAE2CB25F9: change Leader from null to c21e50b3-ab2c-4758-9253-59979117ba9b at term 1 for appendEntries, leader elected after 5283ms
2019-10-07 06:00:01,873 [grpc-default-executor-2] INFO  impl.RaftServerImpl (ServerState.java:setLeader(255)) - 833795fc-6221-4b60-b1f4-2c52cdf77098@group-48AAE2CB25F9: change Leader from null to c21e50b3-ab2c-4758-9253-59979117ba9b at term 1 for appendEntries, leader elected after 5283ms
2019-10-07 06:00:01,879 [Thread-272] INFO  impl.FollowerState (FollowerState.java:run(108)) - 30f407cc-3a1c-475e-b481-9911daf65b99@group-22EF25604BA4-FollowerState: change to CANDIDATE, lastRpcTime:5174ms, electionTimeout:5174ms
2019-10-07 06:00:01,879 [c21e50b3-ab2c-4758-9253-59979117ba9b@group-48AAE2CB25F9-SegmentedRaftLogWorker] INFO  segmented.SegmentedRaftLogWorker (SegmentedRaftLogWorker.java:execute(574)) - c21e50b3-ab2c-4758-9253-59979117ba9b@group-48AAE2CB25F9-SegmentedRaftLogWorker: created new log segment /workdir/hadoop-ozone/integration-test/target/test-dir/MiniOzoneClusterImpl-ef13529d-ad89-4511-899b-e06c9460a472/datanode-6/data/ratis/60af2693-d156-42fc-8173-48aae2cb25f9/current/log_inprogress_0
2019-10-07 06:00:01,879 [Thread-272] INFO  impl.RoleInfo (RoleInfo.java:shutdownFollowerState(121)) - 30f407cc-3a1c-475e-b481-9911daf65b99: shutdown FollowerState
2019-10-07 06:00:01,879 [0237ccc1-b862-410b-b726-981bea588f20@group-22EF25604BA4-LeaderElection11] INFO  impl.LeaderElection (LeaderElection.java:askForVotes(178)) - 0237ccc1-b862-410b-b726-981bea588f20@group-22EF25604BA4-LeaderElection11: begin an election at term 1 for -1: [30f407cc-3a1c-475e-b481-9911daf65b99:192.168.30.3:44796, 86a83129-ecff-4408-81ec-54a1e4e7b386:192.168.30.3:34069, 0237ccc1-b862-410b-b726-981bea588f20:192.168.30.3:36571], old=null
2019-10-07 06:00:01,879 [86a83129-ecff-4408-81ec-54a1e4e7b386@group-22EF25604BA4-LeaderElection10] INFO  impl.LeaderElection (LeaderElection.java:askForVotes(178)) - 86a83129-ecff-4408-81ec-54a1e4e7b386@group-22EF25604BA4-LeaderElection10: begin an election at term 1 for -1: [30f407cc-3a1c-475e-b481-9911daf65b99:192.168.30.3:44796, 86a83129-ecff-4408-81ec-54a1e4e7b386:192.168.30.3:34069, 0237ccc1-b862-410b-b726-981bea588f20:192.168.30.3:36571], old=null
2019-10-07 06:00:01,879 [Thread-272] INFO  impl.RaftServerImpl (RaftServerImpl.java:setRole(170)) - 30f407cc-3a1c-475e-b481-9911daf65b99@group-22EF25604BA4: changes role from  FOLLOWER to CANDIDATE at term 0 for changeToCandidate
2019-10-07 06:00:01,882 [Thread-272] INFO  impl.RoleInfo (RoleInfo.java:updateAndGet(143)) - 30f407cc-3a1c-475e-b481-9911daf65b99: start LeaderElection
2019-10-07 06:00:01,895 [30f407cc-3a1c-475e-b481-9911daf65b99@group-22EF25604BA4-LeaderElection12] INFO  impl.LeaderElection (LeaderElection.java:askForVotes(178)) - 30f407cc-3a1c-475e-b481-9911daf65b99@group-22EF25604BA4-LeaderElection12: begin an election at term 1 for -1: [30f407cc-3a1c-475e-b481-9911daf65b99:192.168.30.3:44796, 86a83129-ecff-4408-81ec-54a1e4e7b386:192.168.30.3:34069, 0237ccc1-b862-410b-b726-981bea588f20:192.168.30.3:36571], old=null
2019-10-07 06:00:01,927 [86a83129-ecff-4408-81ec-54a1e4e7b386@group-22EF25604BA4-LeaderElection10] INFO  impl.LeaderElection (LeaderElection.java:logAndReturn(56)) - 86a83129-ecff-4408-81ec-54a1e4e7b386@group-22EF25604BA4-LeaderElection10: Election REJECTED; received 2 response(s) [86a83129-ecff-4408-81ec-54a1e4e7b386<-30f407cc-3a1c-475e-b481-9911daf65b99#0:FAIL-t1, 86a83129-ecff-4408-81ec-54a1e4e7b386<-0237ccc1-b862-410b-b726-981bea588f20#0:FAIL-t1] and 0 exception(s); 86a83129-ecff-4408-81ec-54a1e4e7b386@group-22EF25604BA4:t1, leader=null, voted=86a83129-ecff-4408-81ec-54a1e4e7b386, raftlog=86a83129-ecff-4408-81ec-54a1e4e7b386@group-22EF25604BA4-SegmentedRaftLog:OPENED:c-1,f-1,i0, conf=-1: [30f407cc-3a1c-475e-b481-9911daf65b99:192.168.30.3:44796, 86a83129-ecff-4408-81ec-54a1e4e7b386:192.168.30.3:34069, 0237ccc1-b862-410b-b726-981bea588f20:192.168.30.3:36571], old=null
2019-10-07 06:00:01,930 [86a83129-ecff-4408-81ec-54a1e4e7b386@group-22EF25604BA4-LeaderElection10] INFO  impl.RaftServerImpl (RaftServerImpl.java:setRole(170)) - 86a83129-ecff-4408-81ec-54a1e4e7b386@group-22EF25604BA4: changes role from CANDIDATE to FOLLOWER at term 1 for DISCOVERED_A_NEW_TERM
2019-10-07 06:00:01,932 [86a83129-ecff-4408-81ec-54a1e4e7b386@group-22EF25604BA4-LeaderElection10] INFO  impl.RoleInfo (RoleInfo.java:shutdownLeaderElection(134)) - 86a83129-ecff-4408-81ec-54a1e4e7b386: shutdown LeaderElection
2019-10-07 06:00:01,933 [86a83129-ecff-4408-81ec-54a1e4e7b386@group-22EF25604BA4-LeaderElection10] INFO  impl.RoleInfo (RoleInfo.java:updateAndGet(143)) - 86a83129-ecff-4408-81ec-54a1e4e7b386: start FollowerState
2019-10-07 06:00:01,933 [0237ccc1-b862-410b-b726-981bea588f20@group-22EF25604BA4-LeaderElection11] INFO  impl.LeaderElection (LeaderElection.java:logAndReturn(56)) - 0237ccc1-b862-410b-b726-981bea588f20@group-22EF25604BA4-LeaderElection11: Election REJECTED; received 2 response(s) [0237ccc1-b862-410b-b726-981bea588f20<-30f407cc-3a1c-475e-b481-9911daf65b99#0:FAIL-t1, 0237ccc1-b862-410b-b726-981bea588f20<-86a83129-ecff-4408-81ec-54a1e4e7b386#0:FAIL-t1] and 0 exception(s); 0237ccc1-b862-410b-b726-981bea588f20@group-22EF25604BA4:t1, leader=null, voted=0237ccc1-b862-410b-b726-981bea588f20, raftlog=0237ccc1-b862-410b-b726-981bea588f20@group-22EF25604BA4-SegmentedRaftLog:OPENED:c-1,f-1,i0, conf=-1: [30f407cc-3a1c-475e-b481-9911daf65b99:192.168.30.3:44796, 86a83129-ecff-4408-81ec-54a1e4e7b386:192.168.30.3:34069, 0237ccc1-b862-410b-b726-981bea588f20:192.168.30.3:36571], old=null
2019-10-07 06:00:01,941 [0237ccc1-b862-410b-b726-981bea588f20@group-22EF25604BA4-LeaderElection11] INFO  impl.RaftServerImpl (RaftServerImpl.java:setRole(170)) - 0237ccc1-b862-410b-b726-981bea588f20@group-22EF25604BA4: changes role from CANDIDATE to FOLLOWER at term 1 for DISCOVERED_A_NEW_TERM
2019-10-07 06:00:01,941 [0237ccc1-b862-410b-b726-981bea588f20@group-22EF25604BA4-LeaderElection11] INFO  impl.RoleInfo (RoleInfo.java:shutdownLeaderElection(134)) - 0237ccc1-b862-410b-b726-981bea588f20: shutdown LeaderElection
2019-10-07 06:00:01,941 [0237ccc1-b862-410b-b726-981bea588f20@group-22EF25604BA4-LeaderElection11] INFO  impl.RoleInfo (RoleInfo.java:updateAndGet(143)) - 0237ccc1-b862-410b-b726-981bea588f20: start FollowerState
2019-10-07 06:00:01,944 [grpc-default-executor-5] INFO  impl.RaftServerImpl (ServerState.java:setRaftConf(356)) - c585da5a-a255-4272-8069-f95bb7255ddc@group-48AAE2CB25F9: set configuration 0: [c21e50b3-ab2c-4758-9253-59979117ba9b:192.168.30.3:36477, c585da5a-a255-4272-8069-f95bb7255ddc:192.168.30.3:38193, 833795fc-6221-4b60-b1f4-2c52cdf77098:192.168.30.3:41546], old=null at 0
2019-10-07 06:00:01,944 [grpc-default-executor-1] INFO  impl.RaftServerImpl (ServerState.java:setRaftConf(356)) - 833795fc-6221-4b60-b1f4-2c52cdf77098@group-48AAE2CB25F9: set configuration 0: [c21e50b3-ab2c-4758-9253-59979117ba9b:192.168.30.3:36477, c585da5a-a255-4272-8069-f95bb7255ddc:192.168.30.3:38193, 833795fc-6221-4b60-b1f4-2c52cdf77098:192.168.30.3:41546], old=null at 0
2019-10-07 06:00:01,946 [grpc-default-executor-5] INFO  segmented.SegmentedRaftLogWorker (SegmentedRaftLogWorker.java:startLogSegment(385)) - c585da5a-a255-4272-8069-f95bb7255ddc@group-48AAE2CB25F9-SegmentedRaftLogWorker: Starting segment from index:0
2019-10-07 06:00:01,946 [grpc-default-executor-1] INFO  segmented.SegmentedRaftLogWorker (SegmentedRaftLogWorker.java:startLogSegment(385)) - 833795fc-6221-4b60-b1f4-2c52cdf77098@group-48AAE2CB25F9-SegmentedRaftLogWorker: Starting segment from index:0
2019-10-07 06:00:01,946 [30f407cc-3a1c-475e-b481-9911daf65b99@group-22EF25604BA4-LeaderElection12] INFO  impl.LeaderElection (LeaderElection.java:logAndReturn(56)) - 30f407cc-3a1c-475e-b481-9911daf65b99@group-22EF25604BA4-LeaderElection12: Election REJECTED; received 2 response(s) [30f407cc-3a1c-475e-b481-9911daf65b99<-86a83129-ecff-4408-81ec-54a1e4e7b386#0:FAIL-t1, 30f407cc-3a1c-475e-b481-9911daf65b99<-0237ccc1-b862-410b-b726-981bea588f20#0:FAIL-t1] and 0 exception(s); 30f407cc-3a1c-475e-b481-9911daf65b99@group-22EF25604BA4:t1, leader=null, voted=30f407cc-3a1c-475e-b481-9911daf65b99, raftlog=30f407cc-3a1c-475e-b481-9911daf65b99@group-22EF25604BA4-SegmentedRaftLog:OPENED:c-1,f-1,i0, conf=-1: [30f407cc-3a1c-475e-b481-9911daf65b99:192.168.30.3:44796, 86a83129-ecff-4408-81ec-54a1e4e7b386:192.168.30.3:34069, 0237ccc1-b862-410b-b726-981bea588f20:192.168.30.3:36571], old=null
2019-10-07 06:00:01,946 [30f407cc-3a1c-475e-b481-9911daf65b99@group-22EF25604BA4-LeaderElection12] INFO  impl.RaftServerImpl (RaftServerImpl.java:setRole(170)) - 30f407cc-3a1c-475e-b481-9911daf65b99@group-22EF25604BA4: changes role from CANDIDATE to FOLLOWER at term 1 for DISCOVERED_A_NEW_TERM
2019-10-07 06:00:01,947 [30f407cc-3a1c-475e-b481-9911daf65b99@group-22EF25604BA4-LeaderElection12] INFO  impl.RoleInfo (RoleInfo.java:shutdownLeaderElection(134)) - 30f407cc-3a1c-475e-b481-9911daf65b99: shutdown LeaderElection
2019-10-07 06:00:01,947 [30f407cc-3a1c-475e-b481-9911daf65b99@group-22EF25604BA4-LeaderElection12] INFO  impl.RoleInfo (RoleInfo.java:updateAndGet(143)) - 30f407cc-3a1c-475e-b481-9911daf65b99: start FollowerState
2019-10-07 06:00:02,001 [c585da5a-a255-4272-8069-f95bb7255ddc@group-48AAE2CB25F9-SegmentedRaftLogWorker] INFO  segmented.SegmentedRaftLogWorker (SegmentedRaftLogWorker.java:execute(574)) - c585da5a-a255-4272-8069-f95bb7255ddc@group-48AAE2CB25F9-SegmentedRaftLogWorker: created new log segment /workdir/hadoop-ozone/integration-test/target/test-dir/MiniOzoneClusterImpl-ef13529d-ad89-4511-899b-e06c9460a472/datanode-2/data/ratis/60af2693-d156-42fc-8173-48aae2cb25f9/current/log_inprogress_0
2019-10-07 06:00:02,001 [833795fc-6221-4b60-b1f4-2c52cdf77098@group-48AAE2CB25F9-SegmentedRaftLogWorker] INFO  segmented.SegmentedRaftLogWorker (SegmentedRaftLogWorker.java:execute(574)) - 833795fc-6221-4b60-b1f4-2c52cdf77098@group-48AAE2CB25F9-SegmentedRaftLogWorker: created new log segment /workdir/hadoop-ozone/integration-test/target/test-dir/MiniOzoneClusterImpl-ef13529d-ad89-4511-899b-e06c9460a472/datanode-4/data/ratis/60af2693-d156-42fc-8173-48aae2cb25f9/current/log_inprogress_0
2019-10-07 06:00:03,246 [Datanode State Machine Thread - 0] INFO  statemachine.DatanodeStateMachine (DatanodeStateMachine.java:lambda$startDaemon$0(350)) - Ozone container server started.
2019-10-07 06:00:06,948 [Thread-331] INFO  impl.FollowerState (FollowerState.java:run(108)) - 30f407cc-3a1c-475e-b481-9911daf65b99@group-22EF25604BA4-FollowerState: change to CANDIDATE, lastRpcTime:5001ms, electionTimeout:5001ms
2019-10-07 06:00:06,949 [Thread-331] INFO  impl.RoleInfo (RoleInfo.java:shutdownFollowerState(121)) - 30f407cc-3a1c-475e-b481-9911daf65b99: shutdown FollowerState
2019-10-07 06:00:06,949 [Thread-331] INFO  impl.RaftServerImpl (RaftServerImpl.java:setRole(170)) - 30f407cc-3a1c-475e-b481-9911daf65b99@group-22EF25604BA4: changes role from  FOLLOWER to CANDIDATE at term 1 for changeToCandidate
2019-10-07 06:00:06,949 [Thread-331] INFO  impl.RoleInfo (RoleInfo.java:updateAndGet(143)) - 30f407cc-3a1c-475e-b481-9911daf65b99: start LeaderElection
2019-10-07 06:00:06,957 [30f407cc-3a1c-475e-b481-9911daf65b99@group-22EF25604BA4-LeaderElection13] INFO  impl.LeaderElection (LeaderElection.java:askForVotes(178)) - 30f407cc-3a1c-475e-b481-9911daf65b99@group-22EF25604BA4-LeaderElection13: begin an election at term 2 for -1: [30f407cc-3a1c-475e-b481-9911daf65b99:192.168.30.3:44796, 86a83129-ecff-4408-81ec-54a1e4e7b386:192.168.30.3:34069, 0237ccc1-b862-410b-b726-981bea588f20:192.168.30.3:36571], old=null
2019-10-07 06:00:06,965 [grpc-default-executor-1] INFO  impl.RaftServerImpl (RaftServerImpl.java:setRole(170)) - 0237ccc1-b862-410b-b726-981bea588f20@group-22EF25604BA4: changes role from  FOLLOWER to FOLLOWER at term 2 for recognizeCandidate:30f407cc-3a1c-475e-b481-9911daf65b99
2019-10-07 06:00:06,965 [grpc-default-executor-5] INFO  impl.RaftServerImpl (RaftServerImpl.java:setRole(170)) - 86a83129-ecff-4408-81ec-54a1e4e7b386@group-22EF25604BA4: changes role from  FOLLOWER to FOLLOWER at term 2 for recognizeCandidate:30f407cc-3a1c-475e-b481-9911daf65b99
2019-10-07 06:00:06,966 [grpc-default-executor-1] INFO  impl.RoleInfo (RoleInfo.java:shutdownFollowerState(121)) - 0237ccc1-b862-410b-b726-981bea588f20: shutdown FollowerState
2019-10-07 06:00:06,966 [grpc-default-executor-5] INFO  impl.RoleInfo (RoleInfo.java:shutdownFollowerState(121)) - 86a83129-ecff-4408-81ec-54a1e4e7b386: shutdown FollowerState
2019-10-07 06:00:06,966 [grpc-default-executor-1] INFO  impl.RoleInfo (RoleInfo.java:updateAndGet(143)) - 0237ccc1-b862-410b-b726-981bea588f20: start FollowerState
2019-10-07 06:00:06,966 [Thread-329] INFO  impl.FollowerState (FollowerState.java:run(117)) - 86a83129-ecff-4408-81ec-54a1e4e7b386@group-22EF25604BA4-FollowerState was interrupted: java.lang.InterruptedException: sleep interrupted
2019-10-07 06:00:06,966 [grpc-default-executor-5] INFO  impl.RoleInfo (RoleInfo.java:updateAndGet(143)) - 86a83129-ecff-4408-81ec-54a1e4e7b386: start FollowerState
2019-10-07 06:00:06,966 [Thread-330] INFO  impl.FollowerState (FollowerState.java:run(117)) - 0237ccc1-b862-410b-b726-981bea588f20@group-22EF25604BA4-FollowerState was interrupted: java.lang.InterruptedException: sleep interrupted
2019-10-07 06:00:06,987 [30f407cc-3a1c-475e-b481-9911daf65b99@group-22EF25604BA4-LeaderElection13] INFO  impl.LeaderElection (LeaderElection.java:logAndReturn(56)) - 30f407cc-3a1c-475e-b481-9911daf65b99@group-22EF25604BA4-LeaderElection13: Election PASSED; received 1 response(s) [30f407cc-3a1c-475e-b481-9911daf65b99<-86a83129-ecff-4408-81ec-54a1e4e7b386#0:OK-t2] and 0 exception(s); 30f407cc-3a1c-475e-b481-9911daf65b99@group-22EF25604BA4:t2, leader=null, voted=30f407cc-3a1c-475e-b481-9911daf65b99, raftlog=30f407cc-3a1c-475e-b481-9911daf65b99@group-22EF25604BA4-SegmentedRaftLog:OPENED:c-1,f-1,i0, conf=-1: [30f407cc-3a1c-475e-b481-9911daf65b99:192.168.30.3:44796, 86a83129-ecff-4408-81ec-54a1e4e7b386:192.168.30.3:34069, 0237ccc1-b862-410b-b726-981bea588f20:192.168.30.3:36571], old=null
2019-10-07 06:00:06,988 [30f407cc-3a1c-475e-b481-9911daf65b99@group-22EF25604BA4-LeaderElection13] INFO  impl.RoleInfo (RoleInfo.java:shutdownLeaderElection(134)) - 30f407cc-3a1c-475e-b481-9911daf65b99: shutdown LeaderElection
2019-10-07 06:00:06,990 [30f407cc-3a1c-475e-b481-9911daf65b99@group-22EF25604BA4-LeaderElection13] INFO  impl.RaftServerImpl (RaftServerImpl.java:setRole(170)) - 30f407cc-3a1c-475e-b481-9911daf65b99@group-22EF25604BA4: changes role from CANDIDATE to LEADER at term 2 for changeToLeader
2019-10-07 06:00:06,991 [30f407cc-3a1c-475e-b481-9911daf65b99@group-22EF25604BA4-LeaderElection13] INFO  impl.RaftServerImpl (ServerState.java:setLeader(255)) - 30f407cc-3a1c-475e-b481-9911daf65b99@group-22EF25604BA4: change Leader from null to 30f407cc-3a1c-475e-b481-9911daf65b99 at term 2 for becomeLeader, leader elected after 10295ms
2019-10-07 06:00:06,991 [30f407cc-3a1c-475e-b481-9911daf65b99@group-22EF25604BA4-LeaderElection13] INFO  server.RaftServerConfigKeys (ConfUtils.java:logGet(43)) - raft.server.staging.catchup.gap = 1000 (default)
2019-10-07 06:00:06,991 [30f407cc-3a1c-475e-b481-9911daf65b99@group-22EF25604BA4-LeaderElection13] INFO  server.RaftServerConfigKeys (ConfUtils.java:logGet(43)) - raft.server.rpc.sleep.time = 25ms (default)
2019-10-07 06:00:06,992 [30f407cc-3a1c-475e-b481-9911daf65b99@group-22EF25604BA4-LeaderElection13] INFO  server.RaftServerConfigKeys (ConfUtils.java:logGet(43)) - raft.server.write.element-limit = 4096 (default)
2019-10-07 06:00:06,992 [30f407cc-3a1c-475e-b481-9911daf65b99@group-22EF25604BA4-LeaderElection13] INFO  server.RaftServerConfigKeys (ConfUtils.java:logGet(43)) - raft.server.watch.timeout = 10s (default)
2019-10-07 06:00:06,992 [30f407cc-3a1c-475e-b481-9911daf65b99@group-22EF25604BA4-LeaderElection13] INFO  server.RaftServerConfigKeys (ConfUtils.java:logGet(43)) - raft.server.watch.timeout.denomination = 1s (default)
2019-10-07 06:00:06,992 [30f407cc-3a1c-475e-b481-9911daf65b99@group-22EF25604BA4-LeaderElection13] INFO  server.RaftServerConfigKeys (ConfUtils.java:logGet(43)) - raft.server.watch.element-limit = 65536 (default)
2019-10-07 06:00:06,996 [30f407cc-3a1c-475e-b481-9911daf65b99@group-22EF25604BA4-LeaderElection13] INFO  server.RaftServerConfigKeys (ConfUtils.java:logGet(43)) - raft.server.log.appender.snapshot.chunk.size.max = 16MB (=16777216) (default)
2019-10-07 06:00:06,997 [30f407cc-3a1c-475e-b481-9911daf65b99@group-22EF25604BA4-LeaderElection13] INFO  server.RaftServerConfigKeys (ConfUtils.java:logGet(43)) - raft.server.log.appender.buffer.byte-limit = 33554432 (custom)
2019-10-07 06:00:06,997 [30f407cc-3a1c-475e-b481-9911daf65b99@group-22EF25604BA4-LeaderElection13] INFO  server.RaftServerConfigKeys (ConfUtils.java:logGet(43)) - raft.server.log.appender.buffer.element-limit = 1 (custom)
2019-10-07 06:00:06,997 [30f407cc-3a1c-475e-b481-9911daf65b99@group-22EF25604BA4-LeaderElection13] INFO  grpc.GrpcConfigKeys$Server (ConfUtils.java:logGet(43)) - raft.grpc.server.leader.outstanding.appends.max = 128 (default)
2019-10-07 06:00:07,000 [30f407cc-3a1c-475e-b481-9911daf65b99@group-22EF25604BA4-LeaderElection13] INFO  server.RaftServerConfigKeys (ConfUtils.java:logGet(43)) - raft.server.rpc.request.timeout = 3000ms (default)
2019-10-07 06:00:07,000 [30f407cc-3a1c-475e-b481-9911daf65b99@group-22EF25604BA4-LeaderElection13] INFO  server.RaftServerConfigKeys (ConfUtils.java:logGet(43)) - raft.server.log.appender.install.snapshot.enabled = false (custom)
2019-10-07 06:00:07,000 [30f407cc-3a1c-475e-b481-9911daf65b99@group-22EF25604BA4-LeaderElection13] INFO  server.RaftServerConfigKeys (ConfUtils.java:logGet(43)) - raft.server.log.appender.snapshot.chunk.size.max = 16MB (=16777216) (default)
2019-10-07 06:00:07,000 [30f407cc-3a1c-475e-b481-9911daf65b99@group-22EF25604BA4-LeaderElection13] INFO  server.RaftServerConfigKeys (ConfUtils.java:logGet(43)) - raft.server.log.appender.buffer.byte-limit = 33554432 (custom)
2019-10-07 06:00:07,001 [30f407cc-3a1c-475e-b481-9911daf65b99@group-22EF25604BA4-LeaderElection13] INFO  server.RaftServerConfigKeys (ConfUtils.java:logGet(43)) - raft.server.log.appender.buffer.element-limit = 1 (custom)
2019-10-07 06:00:07,001 [30f407cc-3a1c-475e-b481-9911daf65b99@group-22EF25604BA4-LeaderElection13] INFO  grpc.GrpcConfigKeys$Server (ConfUtils.java:logGet(43)) - raft.grpc.server.leader.outstanding.appends.max = 128 (default)
2019-10-07 06:00:07,001 [30f407cc-3a1c-475e-b481-9911daf65b99@group-22EF25604BA4-LeaderElection13] INFO  server.RaftServerConfigKeys (ConfUtils.java:logGet(43)) - raft.server.rpc.request.timeout = 3000ms (default)
2019-10-07 06:00:07,001 [30f407cc-3a1c-475e-b481-9911daf65b99@group-22EF25604BA4-LeaderElection13] INFO  server.RaftServerConfigKeys (ConfUtils.java:logGet(43)) - raft.server.log.appender.install.snapshot.enabled = false (custom)
2019-10-07 06:00:07,002 [30f407cc-3a1c-475e-b481-9911daf65b99@group-22EF25604BA4-LeaderElection13] INFO  impl.RoleInfo (RoleInfo.java:updateAndGet(143)) - 30f407cc-3a1c-475e-b481-9911daf65b99: start LeaderState
2019-10-07 06:00:07,002 [30f407cc-3a1c-475e-b481-9911daf65b99@group-22EF25604BA4-LeaderElection13] INFO  segmented.SegmentedRaftLogWorker (SegmentedRaftLogWorker.java:startLogSegment(385)) - 30f407cc-3a1c-475e-b481-9911daf65b99@group-22EF25604BA4-SegmentedRaftLogWorker: Starting segment from index:0
2019-10-07 06:00:07,004 [30f407cc-3a1c-475e-b481-9911daf65b99@group-22EF25604BA4-LeaderElection13] INFO  impl.RaftServerImpl (ServerState.java:setRaftConf(356)) - 30f407cc-3a1c-475e-b481-9911daf65b99@group-22EF25604BA4: set configuration 0: [30f407cc-3a1c-475e-b481-9911daf65b99:192.168.30.3:44796, 86a83129-ecff-4408-81ec-54a1e4e7b386:192.168.30.3:34069, 0237ccc1-b862-410b-b726-981bea588f20:192.168.30.3:36571], old=null at 0
2019-10-07 06:00:07,034 [grpc-default-executor-1] INFO  impl.RaftServerImpl (ServerState.java:setLeader(255)) - 0237ccc1-b862-410b-b726-981bea588f20@group-22EF25604BA4: change Leader from null to 30f407cc-3a1c-475e-b481-9911daf65b99 at term 2 for appendEntries, leader elected after 10339ms
2019-10-07 06:00:07,034 [grpc-default-executor-5] INFO  impl.RaftServerImpl (ServerState.java:setLeader(255)) - 86a83129-ecff-4408-81ec-54a1e4e7b386@group-22EF25604BA4: change Leader from null to 30f407cc-3a1c-475e-b481-9911daf65b99 at term 2 for appendEntries, leader elected after 10339ms
2019-10-07 06:00:07,040 [grpc-default-executor-5] INFO  impl.RaftServerImpl (ServerState.java:setRaftConf(356)) - 0237ccc1-b862-410b-b726-981bea588f20@group-22EF25604BA4: set configuration 0: [30f407cc-3a1c-475e-b481-9911daf65b99:192.168.30.3:44796, 86a83129-ecff-4408-81ec-54a1e4e7b386:192.168.30.3:34069, 0237ccc1-b862-410b-b726-981bea588f20:192.168.30.3:36571], old=null at 0
2019-10-07 06:00:07,040 [grpc-default-executor-1] INFO  impl.RaftServerImpl (ServerState.java:setRaftConf(356)) - 86a83129-ecff-4408-81ec-54a1e4e7b386@group-22EF25604BA4: set configuration 0: [30f407cc-3a1c-475e-b481-9911daf65b99:192.168.30.3:44796, 86a83129-ecff-4408-81ec-54a1e4e7b386:192.168.30.3:34069, 0237ccc1-b862-410b-b726-981bea588f20:192.168.30.3:36571], old=null at 0
2019-10-07 06:00:07,040 [grpc-default-executor-5] INFO  segmented.SegmentedRaftLogWorker (SegmentedRaftLogWorker.java:startLogSegment(385)) - 0237ccc1-b862-410b-b726-981bea588f20@group-22EF25604BA4-SegmentedRaftLogWorker: Starting segment from index:0
2019-10-07 06:00:07,040 [grpc-default-executor-1] INFO  segmented.SegmentedRaftLogWorker (SegmentedRaftLogWorker.java:startLogSegment(385)) - 86a83129-ecff-4408-81ec-54a1e4e7b386@group-22EF25604BA4-SegmentedRaftLogWorker: Starting segment from index:0
2019-10-07 06:00:07,041 [30f407cc-3a1c-475e-b481-9911daf65b99@group-22EF25604BA4-SegmentedRaftLogWorker] INFO  segmented.SegmentedRaftLogWorker (SegmentedRaftLogWorker.java:execute(574)) - 30f407cc-3a1c-475e-b481-9911daf65b99@group-22EF25604BA4-SegmentedRaftLogWorker: created new log segment /workdir/hadoop-ozone/integration-test/target/test-dir/MiniOzoneClusterImpl-ef13529d-ad89-4511-899b-e06c9460a472/datanode-0/data/ratis/526b1862-dda0-4716-86bd-22ef25604ba4/current/log_inprogress_0
2019-10-07 06:00:07,088 [0237ccc1-b862-410b-b726-981bea588f20@group-22EF25604BA4-SegmentedRaftLogWorker] INFO  segmented.SegmentedRaftLogWorker (SegmentedRaftLogWorker.java:execute(574)) - 0237ccc1-b862-410b-b726-981bea588f20@group-22EF25604BA4-SegmentedRaftLogWorker: created new log segment /workdir/hadoop-ozone/integration-test/target/test-dir/MiniOzoneClusterImpl-ef13529d-ad89-4511-899b-e06c9460a472/datanode-5/data/ratis/526b1862-dda0-4716-86bd-22ef25604ba4/current/log_inprogress_0
2019-10-07 06:00:07,088 [86a83129-ecff-4408-81ec-54a1e4e7b386@group-22EF25604BA4-SegmentedRaftLogWorker] INFO  segmented.SegmentedRaftLogWorker (SegmentedRaftLogWorker.java:execute(574)) - 86a83129-ecff-4408-81ec-54a1e4e7b386@group-22EF25604BA4-SegmentedRaftLogWorker: created new log segment /workdir/hadoop-ozone/integration-test/target/test-dir/MiniOzoneClusterImpl-ef13529d-ad89-4511-899b-e06c9460a472/datanode-3/data/ratis/526b1862-dda0-4716-86bd-22ef25604ba4/current/log_inprogress_0
2019-10-07 06:00:07,303 [main] INFO  ozoneimpl.OzoneContainer (OzoneContainer.java:stop(231)) - Attempting to stop container services.
2019-10-07 06:00:07,304 [main] INFO  impl.RaftServerProxy (RaftServerProxy.java:lambda$close$4(314)) - c21e50b3-ab2c-4758-9253-59979117ba9b: close
2019-10-07 06:00:07,308 [main] INFO  impl.RaftServerImpl (RaftServerImpl.java:lambda$shutdown$3(247)) - c21e50b3-ab2c-4758-9253-59979117ba9b@group-4C2ABDC2583A: shutdown
2019-10-07 06:00:07,308 [ForkJoinPool.commonPool-worker-0] INFO  impl.RaftServerImpl (RaftServerImpl.java:lambda$shutdown$3(247)) - c21e50b3-ab2c-4758-9253-59979117ba9b@group-48AAE2CB25F9: shutdown
2019-10-07 06:00:07,308 [main] INFO  util.JmxRegister (JmxRegister.java:unregister(73)) - Successfully un-registered JMX Bean with object name Ratis:service=RaftServer,group=group-4C2ABDC2583A,id=c21e50b3-ab2c-4758-9253-59979117ba9b
2019-10-07 06:00:07,308 [ForkJoinPool.commonPool-worker-0] INFO  util.JmxRegister (JmxRegister.java:unregister(73)) - Successfully un-registered JMX Bean with object name Ratis:service=RaftServer,group=group-48AAE2CB25F9,id=c21e50b3-ab2c-4758-9253-59979117ba9b
2019-10-07 06:00:07,309 [main] INFO  impl.RoleInfo (RoleInfo.java:shutdownLeaderState(104)) - c21e50b3-ab2c-4758-9253-59979117ba9b: shutdown LeaderState
2019-10-07 06:00:07,309 [ForkJoinPool.commonPool-worker-0] INFO  impl.RoleInfo (RoleInfo.java:shutdownLeaderState(104)) - c21e50b3-ab2c-4758-9253-59979117ba9b: shutdown LeaderState
2019-10-07 06:00:07,315 [ForkJoinPool.commonPool-worker-0] INFO  impl.PendingRequests (PendingRequests.java:sendNotLeaderResponses(202)) - c21e50b3-ab2c-4758-9253-59979117ba9b@group-48AAE2CB25F9-PendingRequests: sendNotLeaderResponses
2019-10-07 06:00:07,316 [org.apache.ratis.server.impl.LogAppender$AppenderDaemon$$Lambda$513/1474160529@6a691eec] WARN  server.GrpcLogAppender (GrpcLogAppender.java:mayWait(143)) - c21e50b3-ab2c-4758-9253-59979117ba9b@group-48AAE2CB25F9->c585da5a-a255-4272-8069-f95bb7255ddc-GrpcLogAppender: Wait interrupted by java.lang.InterruptedException
2019-10-07 06:00:07,316 [org.apache.ratis.server.impl.LogAppender$AppenderDaemon$$Lambda$513/1474160529@6eff7439] WARN  server.GrpcLogAppender (GrpcLogAppender.java:mayWait(143)) - c21e50b3-ab2c-4758-9253-59979117ba9b@group-48AAE2CB25F9->833795fc-6221-4b60-b1f4-2c52cdf77098-GrpcLogAppender: Wait interrupted by java.lang.InterruptedException
2019-10-07 06:00:07,315 [main] INFO  impl.PendingRequests (PendingRequests.java:sendNotLeaderResponses(202)) - c21e50b3-ab2c-4758-9253-59979117ba9b@group-4C2ABDC2583A-PendingRequests: sendNotLeaderResponses
2019-10-07 06:00:07,325 [ForkJoinPool.commonPool-worker-0] INFO  impl.StateMachineUpdater (StateMachineUpdater.java:stopAndJoin(136)) - c21e50b3-ab2c-4758-9253-59979117ba9b@group-48AAE2CB25F9-StateMachineUpdater: set stopIndex = 2
2019-10-07 06:00:07,325 [main] INFO  impl.StateMachineUpdater (StateMachineUpdater.java:stopAndJoin(136)) - c21e50b3-ab2c-4758-9253-59979117ba9b@group-4C2ABDC2583A-StateMachineUpdater: set stopIndex = 0
2019-10-07 06:00:07,326 [c21e50b3-ab2c-4758-9253-59979117ba9b@group-48AAE2CB25F9-StateMachineUpdater] INFO  ratis.ContainerStateMachine (ContainerStateMachine.java:takeSnapshot(294)) - group-48AAE2CB25F9: Taking a snapshot at:(t:1, i:2) file /workdir/hadoop-ozone/integration-test/target/test-dir/MiniOzoneClusterImpl-ef13529d-ad89-4511-899b-e06c9460a472/datanode-6/data/ratis/60af2693-d156-42fc-8173-48aae2cb25f9/sm/snapshot.1_2
2019-10-07 06:00:07,327 [main] INFO  impl.RaftServerImpl (ServerState.java:close(387)) - c21e50b3-ab2c-4758-9253-59979117ba9b@group-4C2ABDC2583A: closes. applyIndex: 0
2019-10-07 06:00:07,329 [grpc-default-executor-1] INFO  server.GrpcServerProtocolService (GrpcServerProtocolService.java:onCompleted(113)) - c585da5a-a255-4272-8069-f95bb7255ddc: Completed APPEND_ENTRIES, lastRequest: c21e50b3-ab2c-4758-9253-59979117ba9b->c585da5a-a255-4272-8069-f95bb7255ddc#5-t1, previous=(t:1, i:2), leaderCommit=2, initializing? false, entries: <empty>
2019-10-07 06:00:07,329 [grpc-default-executor-5] INFO  server.GrpcServerProtocolService (GrpcServerProtocolService.java:onCompleted(113)) - 833795fc-6221-4b60-b1f4-2c52cdf77098: Completed APPEND_ENTRIES, lastRequest: c21e50b3-ab2c-4758-9253-59979117ba9b->833795fc-6221-4b60-b1f4-2c52cdf77098#5-t1, previous=(t:1, i:2), leaderCommit=2, initializing? false, entries: <empty>
2019-10-07 06:00:07,335 [grpc-default-executor-5] INFO  server.GrpcLogAppender (GrpcLogAppender.java:onCompleted(293)) - c21e50b3-ab2c-4758-9253-59979117ba9b@group-48AAE2CB25F9->833795fc-6221-4b60-b1f4-2c52cdf77098-AppendLogResponseHandler: follower responses appendEntries COMPLETED
2019-10-07 06:00:07,335 [grpc-default-executor-1] INFO  server.GrpcLogAppender (GrpcLogAppender.java:onCompleted(293)) - c21e50b3-ab2c-4758-9253-59979117ba9b@group-48AAE2CB25F9->c585da5a-a255-4272-8069-f95bb7255ddc-AppendLogResponseHandler: follower responses appendEntries COMPLETED
2019-10-07 06:00:07,337 [c21e50b3-ab2c-4758-9253-59979117ba9b@group-4C2ABDC2583A-SegmentedRaftLogWorker] INFO  segmented.SegmentedRaftLogWorker (SegmentedRaftLogWorker.java:run(316)) - c21e50b3-ab2c-4758-9253-59979117ba9b@group-4C2ABDC2583A-SegmentedRaftLogWorker was interrupted, exiting. There are 0 tasks remaining in the queue.
2019-10-07 06:00:07,340 [main] INFO  segmented.SegmentedRaftLogWorker (SegmentedRaftLogWorker.java:close(224)) - c21e50b3-ab2c-4758-9253-59979117ba9b@group-4C2ABDC2583A-SegmentedRaftLogWorker close()
2019-10-07 06:00:07,346 [grpc-default-executor-5] INFO  impl.FollowerInfo (FollowerInfo.java:lambda$new$0(51)) - c21e50b3-ab2c-4758-9253-59979117ba9b@group-48AAE2CB25F9->833795fc-6221-4b60-b1f4-2c52cdf77098: nextIndex: updateUnconditionally 3 -> 2
2019-10-07 06:00:07,346 [grpc-default-executor-1] INFO  impl.FollowerInfo (FollowerInfo.java:lambda$new$0(51)) - c21e50b3-ab2c-4758-9253-59979117ba9b@group-48AAE2CB25F9->c585da5a-a255-4272-8069-f95bb7255ddc: nextIndex: updateUnconditionally 3 -> 2
2019-10-07 06:00:07,450 [c21e50b3-ab2c-4758-9253-59979117ba9b@group-48AAE2CB25F9-StateMachineUpdater] INFO  ratis.ContainerStateMachine (ContainerStateMachine.java:takeSnapshot(305)) - group-48AAE2CB25F9: Finished taking a snapshot at:(t:1, i:2) file:/workdir/hadoop-ozone/integration-test/target/test-dir/MiniOzoneClusterImpl-ef13529d-ad89-4511-899b-e06c9460a472/datanode-6/data/ratis/60af2693-d156-42fc-8173-48aae2cb25f9/sm/snapshot.1_2 time:124
2019-10-07 06:00:07,452 [c21e50b3-ab2c-4758-9253-59979117ba9b@group-48AAE2CB25F9-StateMachineUpdater] INFO  impl.StateMachineUpdater (StateMachineUpdater.java:takeSnapshot(269)) - c21e50b3-ab2c-4758-9253-59979117ba9b@group-48AAE2CB25F9-StateMachineUpdater: Took a snapshot at index 2
2019-10-07 06:00:07,452 [c21e50b3-ab2c-4758-9253-59979117ba9b@group-48AAE2CB25F9-StateMachineUpdater] INFO  impl.StateMachineUpdater (StateMachineUpdater.java:lambda$new$0(84)) - c21e50b3-ab2c-4758-9253-59979117ba9b@group-48AAE2CB25F9-StateMachineUpdater: snapshotIndex: updateIncreasingly -1 -> 2
2019-10-07 06:00:07,461 [ForkJoinPool.commonPool-worker-0] INFO  impl.RaftServerImpl (ServerState.java:close(387)) - c21e50b3-ab2c-4758-9253-59979117ba9b@group-48AAE2CB25F9: closes. applyIndex: 2
2019-10-07 06:00:07,462 [c21e50b3-ab2c-4758-9253-59979117ba9b@group-48AAE2CB25F9-SegmentedRaftLogWorker] INFO  segmented.SegmentedRaftLogWorker (SegmentedRaftLogWorker.java:run(316)) - c21e50b3-ab2c-4758-9253-59979117ba9b@group-48AAE2CB25F9-SegmentedRaftLogWorker was interrupted, exiting. There are 0 tasks remaining in the queue.
2019-10-07 06:00:07,467 [ForkJoinPool.commonPool-worker-0] INFO  segmented.SegmentedRaftLogWorker (SegmentedRaftLogWorker.java:close(224)) - c21e50b3-ab2c-4758-9253-59979117ba9b@group-48AAE2CB25F9-SegmentedRaftLogWorker close()
2019-10-07 06:00:07,476 [main] INFO  server.GrpcService (GrpcService.java:closeImpl(164)) - c21e50b3-ab2c-4758-9253-59979117ba9b: shutdown server with port 36477 now
2019-10-07 06:00:07,482 [main] INFO  server.GrpcService (GrpcService.java:closeImpl(172)) - c21e50b3-ab2c-4758-9253-59979117ba9b: shutdown server with port 36477 successfully
2019-10-07 06:00:07,486 [refreshUsed-/workdir/hadoop-ozone/integration-test/target/test-dir/MiniOzoneClusterImpl-ef13529d-ad89-4511-899b-e06c9460a472/datanode-6/data/containers] WARN  fs.CachingGetSpaceUsed (CachingGetSpaceUsed.java:run(183)) - Thread Interrupted waiting to refresh disk information: sleep interrupted
2019-10-07 06:00:07,501 [main] INFO  utils.BackgroundService (BackgroundService.java:shutdown(148)) - Shutting down service BlockDeletingService
2019-10-07 06:00:07,507 [main] INFO  statemachine.DatanodeStateMachine (DatanodeStateMachine.java:stopDaemon(395)) - Ozone container server stopped.
2019-10-07 06:00:07,511 [main] INFO  handler.ContextHandler (ContextHandler.java:doStop(910)) - Stopped o.e.j.w.WebAppContext@6a818392{/,null,UNAVAILABLE}{/hddsDatanode}
2019-10-07 06:00:07,515 [main] INFO  server.AbstractConnector (AbstractConnector.java:doStop(318)) - Stopped ServerConnector@489091bd{HTTP/1.1,[http/1.1]}{0.0.0.0:0}
2019-10-07 06:00:07,516 [main] INFO  handler.ContextHandler (ContextHandler.java:doStop(910)) - Stopped o.e.j.s.ServletContextHandler@885e7ff{/static,jar:file:/home/user/.m2/repository/org/apache/hadoop/hadoop-hdds-container-service/0.5.0-SNAPSHOT/hadoop-hdds-container-service-0.5.0-SNAPSHOT.jar!/webapps/static,UNAVAILABLE}
2019-10-07 06:00:07,516 [main] INFO  handler.ContextHandler (ContextHandler.java:doStop(910)) - Stopped o.e.j.s.ServletContextHandler@7dbe2ebf{/logs,file:///workdir/hadoop-ozone/integration-test/target/log,UNAVAILABLE}
2019-10-07 06:00:17,137 [Thread-311] INFO  impl.FollowerState (FollowerState.java:run(108)) - 833795fc-6221-4b60-b1f4-2c52cdf77098@group-48AAE2CB25F9-FollowerState: change to CANDIDATE, lastRpcTime:10020ms, electionTimeout:5163ms
2019-10-07 06:00:17,138 [Thread-311] INFO  impl.RoleInfo (RoleInfo.java:shutdownFollowerState(121)) - 833795fc-6221-4b60-b1f4-2c52cdf77098: shutdown FollowerState
2019-10-07 06:00:17,138 [Thread-311] INFO  impl.RaftServerImpl (RaftServerImpl.java:setRole(170)) - 833795fc-6221-4b60-b1f4-2c52cdf77098@group-48AAE2CB25F9: changes role from  FOLLOWER to CANDIDATE at term 1 for changeToCandidate
2019-10-07 06:00:17,138 [Thread-311] INFO  impl.RoleInfo (RoleInfo.java:updateAndGet(143)) - 833795fc-6221-4b60-b1f4-2c52cdf77098: start LeaderElection
2019-10-07 06:00:17,141 [833795fc-6221-4b60-b1f4-2c52cdf77098@group-48AAE2CB25F9-LeaderElection14] INFO  impl.RaftServerImpl (ServerState.java:setLeader(255)) - 833795fc-6221-4b60-b1f4-2c52cdf77098@group-48AAE2CB25F9: change Leader from c21e50b3-ab2c-4758-9253-59979117ba9b to null at term 1 for initElection
2019-10-07 06:00:17,156 [833795fc-6221-4b60-b1f4-2c52cdf77098@group-48AAE2CB25F9-LeaderElection14] INFO  impl.LeaderElection (LeaderElection.java:askForVotes(178)) - 833795fc-6221-4b60-b1f4-2c52cdf77098@group-48AAE2CB25F9-LeaderElection14: begin an election at term 2 for 0: [c21e50b3-ab2c-4758-9253-59979117ba9b:192.168.30.3:36477, c585da5a-a255-4272-8069-f95bb7255ddc:192.168.30.3:38193, 833795fc-6221-4b60-b1f4-2c52cdf77098:192.168.30.3:41546], old=null
2019-10-07 06:00:17,163 [grpc-default-executor-1] INFO  impl.RaftServerImpl (ServerState.java:setLeader(255)) - c585da5a-a255-4272-8069-f95bb7255ddc@group-48AAE2CB25F9: change Leader from c21e50b3-ab2c-4758-9253-59979117ba9b to null at term 2 for updateCurrentTerm
2019-10-07 06:00:17,163 [grpc-default-executor-1] INFO  impl.RaftServerImpl (RaftServerImpl.java:setRole(170)) - c585da5a-a255-4272-8069-f95bb7255ddc@group-48AAE2CB25F9: changes role from  FOLLOWER to FOLLOWER at term 2 for recognizeCandidate:833795fc-6221-4b60-b1f4-2c52cdf77098
2019-10-07 06:00:17,163 [grpc-default-executor-1] INFO  impl.RoleInfo (RoleInfo.java:shutdownFollowerState(121)) - c585da5a-a255-4272-8069-f95bb7255ddc: shutdown FollowerState
2019-10-07 06:00:17,164 [grpc-default-executor-1] INFO  impl.RoleInfo (RoleInfo.java:updateAndGet(143)) - c585da5a-a255-4272-8069-f95bb7255ddc: start FollowerState
2019-10-07 06:00:17,164 [Thread-312] INFO  impl.FollowerState (FollowerState.java:run(117)) - c585da5a-a255-4272-8069-f95bb7255ddc@group-48AAE2CB25F9-FollowerState was interrupted: java.lang.InterruptedException: sleep interrupted
2019-10-07 06:00:17,167 [833795fc-6221-4b60-b1f4-2c52cdf77098@group-48AAE2CB25F9-LeaderElection14] INFO  impl.LeaderElection (LogUtils.java:infoOrTrace(149)) - 833795fc-6221-4b60-b1f4-2c52cdf77098@group-48AAE2CB25F9-LeaderElection14 got exception when requesting votes: {}
java.util.concurrent.ExecutionException: org.apache.ratis.thirdparty.io.grpc.StatusRuntimeException: UNAVAILABLE: io exception
	at java.util.concurrent.FutureTask.report(FutureTask.java:122)
	at java.util.concurrent.FutureTask.get(FutureTask.java:192)
	at org.apache.ratis.server.impl.LeaderElection.waitForResults(LeaderElection.java:259)
	at org.apache.ratis.server.impl.LeaderElection.askForVotes(LeaderElection.java:197)
	at org.apache.ratis.server.impl.LeaderElection.run(LeaderElection.java:133)
	at java.lang.Thread.run(Thread.java:748)
Caused by: org.apache.ratis.thirdparty.io.grpc.StatusRuntimeException: UNAVAILABLE: io exception
	at org.apache.ratis.thirdparty.io.grpc.stub.ClientCalls.toStatusRuntimeException(ClientCalls.java:233)
	at org.apache.ratis.thirdparty.io.grpc.stub.ClientCalls.getUnchecked(ClientCalls.java:214)
	at org.apache.ratis.thirdparty.io.grpc.stub.ClientCalls.blockingUnaryCall(ClientCalls.java:139)
	at org.apache.ratis.proto.grpc.RaftServerProtocolServiceGrpc$RaftServerProtocolServiceBlockingStub.requestVote(RaftServerProtocolServiceGrpc.java:265)
	at org.apache.ratis.grpc.server.GrpcServerProtocolClient.requestVote(GrpcServerProtocolClient.java:99)
	at org.apache.ratis.grpc.server.GrpcService.requestVote(GrpcService.java:204)
	at org.apache.ratis.server.impl.LeaderElection.lambda$submitRequests$1(LeaderElection.java:234)
	at java.util.concurrent.FutureTask.run(FutureTask.java:266)
	at java.util.concurrent.Executors$RunnableAdapter.call(Executors.java:511)
	at java.util.concurrent.FutureTask.run(FutureTask.java:266)
	at java.util.concurrent.ThreadPoolExecutor.runWorker(ThreadPoolExecutor.java:1149)
	at java.util.concurrent.ThreadPoolExecutor$Worker.run(ThreadPoolExecutor.java:624)
	... 1 more
Caused by: org.apache.ratis.thirdparty.io.netty.channel.AbstractChannel$AnnotatedConnectException: Connection refused: /192.168.30.3:36477
	at sun.nio.ch.SocketChannelImpl.checkConnect(Native Method)
	at sun.nio.ch.SocketChannelImpl.finishConnect(SocketChannelImpl.java:717)
	at org.apache.ratis.thirdparty.io.netty.channel.socket.nio.NioSocketChannel.doFinishConnect(NioSocketChannel.java:327)
	at org.apache.ratis.thirdparty.io.netty.channel.nio.AbstractNioChannel$AbstractNioUnsafe.finishConnect(AbstractNioChannel.java:340)
	at org.apache.ratis.thirdparty.io.netty.channel.nio.NioEventLoop.processSelectedKey(NioEventLoop.java:632)
	at org.apache.ratis.thirdparty.io.netty.channel.nio.NioEventLoop.processSelectedKeysOptimized(NioEventLoop.java:579)
	at org.apache.ratis.thirdparty.io.netty.channel.nio.NioEventLoop.processSelectedKeys(NioEventLoop.java:496)
	at org.apache.ratis.thirdparty.io.netty.channel.nio.NioEventLoop.run(NioEventLoop.java:458)
	at org.apache.ratis.thirdparty.io.netty.util.concurrent.SingleThreadEventExecutor$5.run(SingleThreadEventExecutor.java:897)
	at org.apache.ratis.thirdparty.io.netty.util.concurrent.FastThreadLocalRunnable.run(FastThreadLocalRunnable.java:30)
	... 1 more
Caused by: java.net.ConnectException: Connection refused
	... 11 more
2019-10-07 06:00:17,184 [833795fc-6221-4b60-b1f4-2c52cdf77098@group-48AAE2CB25F9-LeaderElection14] INFO  impl.LeaderElection (LeaderElection.java:logAndReturn(56)) - 833795fc-6221-4b60-b1f4-2c52cdf77098@group-48AAE2CB25F9-LeaderElection14: Election PASSED; received 1 response(s) [833795fc-6221-4b60-b1f4-2c52cdf77098<-c585da5a-a255-4272-8069-f95bb7255ddc#0:OK-t2] and 1 exception(s); 833795fc-6221-4b60-b1f4-2c52cdf77098@group-48AAE2CB25F9:t2, leader=null, voted=833795fc-6221-4b60-b1f4-2c52cdf77098, raftlog=833795fc-6221-4b60-b1f4-2c52cdf77098@group-48AAE2CB25F9-SegmentedRaftLog:OPENED:c2,f2,i2, conf=0: [c21e50b3-ab2c-4758-9253-59979117ba9b:192.168.30.3:36477, c585da5a-a255-4272-8069-f95bb7255ddc:192.168.30.3:38193, 833795fc-6221-4b60-b1f4-2c52cdf77098:192.168.30.3:41546], old=null
2019-10-07 06:00:17,185 [833795fc-6221-4b60-b1f4-2c52cdf77098@group-48AAE2CB25F9-LeaderElection14] INFO  impl.LeaderElection (LogUtils.java:infoOrTrace(149)) -   Exception 0: {}
java.util.concurrent.ExecutionException: org.apache.ratis.thirdparty.io.grpc.StatusRuntimeException: UNAVAILABLE: io exception
	at java.util.concurrent.FutureTask.report(FutureTask.java:122)
	at java.util.concurrent.FutureTask.get(FutureTask.java:192)
	at org.apache.ratis.server.impl.LeaderElection.waitForResults(LeaderElection.java:259)
	at org.apache.ratis.server.impl.LeaderElection.askForVotes(LeaderElection.java:197)
	at org.apache.ratis.server.impl.LeaderElection.run(LeaderElection.java:133)
	at java.lang.Thread.run(Thread.java:748)
Caused by: org.apache.ratis.thirdparty.io.grpc.StatusRuntimeException: UNAVAILABLE: io exception
	at org.apache.ratis.thirdparty.io.grpc.stub.ClientCalls.toStatusRuntimeException(ClientCalls.java:233)
	at org.apache.ratis.thirdparty.io.grpc.stub.ClientCalls.getUnchecked(ClientCalls.java:214)
	at org.apache.ratis.thirdparty.io.grpc.stub.ClientCalls.blockingUnaryCall(ClientCalls.java:139)
	at org.apache.ratis.proto.grpc.RaftServerProtocolServiceGrpc$RaftServerProtocolServiceBlockingStub.requestVote(RaftServerProtocolServiceGrpc.java:265)
	at org.apache.ratis.grpc.server.GrpcServerProtocolClient.requestVote(GrpcServerProtocolClient.java:99)
	at org.apache.ratis.grpc.server.GrpcService.requestVote(GrpcService.java:204)
	at org.apache.ratis.server.impl.LeaderElection.lambda$submitRequests$1(LeaderElection.java:234)
	at java.util.concurrent.FutureTask.run(FutureTask.java:266)
	at java.util.concurrent.Executors$RunnableAdapter.call(Executors.java:511)
	at java.util.concurrent.FutureTask.run(FutureTask.java:266)
	at java.util.concurrent.ThreadPoolExecutor.runWorker(ThreadPoolExecutor.java:1149)
	at java.util.concurrent.ThreadPoolExecutor$Worker.run(ThreadPoolExecutor.java:624)
	... 1 more
Caused by: org.apache.ratis.thirdparty.io.netty.channel.AbstractChannel$AnnotatedConnectException: Connection refused: /192.168.30.3:36477
	at sun.nio.ch.SocketChannelImpl.checkConnect(Native Method)
	at sun.nio.ch.SocketChannelImpl.finishConnect(SocketChannelImpl.java:717)
	at org.apache.ratis.thirdparty.io.netty.channel.socket.nio.NioSocketChannel.doFinishConnect(NioSocketChannel.java:327)
	at org.apache.ratis.thirdparty.io.netty.channel.nio.AbstractNioChannel$AbstractNioUnsafe.finishConnect(AbstractNioChannel.java:340)
	at org.apache.ratis.thirdparty.io.netty.channel.nio.NioEventLoop.processSelectedKey(NioEventLoop.java:632)
	at org.apache.ratis.thirdparty.io.netty.channel.nio.NioEventLoop.processSelectedKeysOptimized(NioEventLoop.java:579)
	at org.apache.ratis.thirdparty.io.netty.channel.nio.NioEventLoop.processSelectedKeys(NioEventLoop.java:496)
	at org.apache.ratis.thirdparty.io.netty.channel.nio.NioEventLoop.run(NioEventLoop.java:458)
	at org.apache.ratis.thirdparty.io.netty.util.concurrent.SingleThreadEventExecutor$5.run(SingleThreadEventExecutor.java:897)
	at org.apache.ratis.thirdparty.io.netty.util.concurrent.FastThreadLocalRunnable.run(FastThreadLocalRunnable.java:30)
	... 1 more
Caused by: java.net.ConnectException: Connection refused
	... 11 more
2019-10-07 06:00:17,186 [833795fc-6221-4b60-b1f4-2c52cdf77098@group-48AAE2CB25F9-LeaderElection14] INFO  impl.RoleInfo (RoleInfo.java:shutdownLeaderElection(134)) - 833795fc-6221-4b60-b1f4-2c52cdf77098: shutdown LeaderElection
2019-10-07 06:00:17,186 [833795fc-6221-4b60-b1f4-2c52cdf77098@group-48AAE2CB25F9-LeaderElection14] INFO  impl.RaftServerImpl (RaftServerImpl.java:setRole(170)) - 833795fc-6221-4b60-b1f4-2c52cdf77098@group-48AAE2CB25F9: changes role from CANDIDATE to LEADER at term 2 for changeToLeader
2019-10-07 06:00:17,186 [833795fc-6221-4b60-b1f4-2c52cdf77098@group-48AAE2CB25F9-LeaderElection14] INFO  impl.RaftServerImpl (ServerState.java:setLeader(255)) - 833795fc-6221-4b60-b1f4-2c52cdf77098@group-48AAE2CB25F9: change Leader from null to 833795fc-6221-4b60-b1f4-2c52cdf77098 at term 2 for becomeLeader, leader elected after 44ms
2019-10-07 06:00:17,186 [833795fc-6221-4b60-b1f4-2c52cdf77098@group-48AAE2CB25F9-LeaderElection14] INFO  server.RaftServerConfigKeys (ConfUtils.java:logGet(43)) - raft.server.staging.catchup.gap = 1000 (default)
2019-10-07 06:00:17,187 [833795fc-6221-4b60-b1f4-2c52cdf77098@group-48AAE2CB25F9-LeaderElection14] INFO  server.RaftServerConfigKeys (ConfUtils.java:logGet(43)) - raft.server.rpc.sleep.time = 25ms (default)
2019-10-07 06:00:17,187 [833795fc-6221-4b60-b1f4-2c52cdf77098@group-48AAE2CB25F9-LeaderElection14] INFO  server.RaftServerConfigKeys (ConfUtils.java:logGet(43)) - raft.server.write.element-limit = 4096 (default)
2019-10-07 06:00:17,187 [833795fc-6221-4b60-b1f4-2c52cdf77098@group-48AAE2CB25F9-LeaderElection14] INFO  server.RaftServerConfigKeys (ConfUtils.java:logGet(43)) - raft.server.watch.timeout = 10s (default)
2019-10-07 06:00:17,187 [833795fc-6221-4b60-b1f4-2c52cdf77098@group-48AAE2CB25F9-LeaderElection14] INFO  server.RaftServerConfigKeys (ConfUtils.java:logGet(43)) - raft.server.watch.timeout.denomination = 1s (default)
2019-10-07 06:00:17,187 [833795fc-6221-4b60-b1f4-2c52cdf77098@group-48AAE2CB25F9-LeaderElection14] INFO  server.RaftServerConfigKeys (ConfUtils.java:logGet(43)) - raft.server.watch.element-limit = 65536 (default)
2019-10-07 06:00:17,191 [833795fc-6221-4b60-b1f4-2c52cdf77098@group-48AAE2CB25F9-LeaderElection14] INFO  server.RaftServerConfigKeys (ConfUtils.java:logGet(43)) - raft.server.log.appender.snapshot.chunk.size.max = 16MB (=16777216) (default)
2019-10-07 06:00:17,191 [833795fc-6221-4b60-b1f4-2c52cdf77098@group-48AAE2CB25F9-LeaderElection14] INFO  server.RaftServerConfigKeys (ConfUtils.java:logGet(43)) - raft.server.log.appender.buffer.byte-limit = 33554432 (custom)
2019-10-07 06:00:17,191 [833795fc-6221-4b60-b1f4-2c52cdf77098@group-48AAE2CB25F9-LeaderElection14] INFO  server.RaftServerConfigKeys (ConfUtils.java:logGet(43)) - raft.server.log.appender.buffer.element-limit = 1 (custom)
2019-10-07 06:00:17,192 [833795fc-6221-4b60-b1f4-2c52cdf77098@group-48AAE2CB25F9-LeaderElection14] INFO  grpc.GrpcConfigKeys$Server (ConfUtils.java:logGet(43)) - raft.grpc.server.leader.outstanding.appends.max = 128 (default)
2019-10-07 06:00:17,192 [833795fc-6221-4b60-b1f4-2c52cdf77098@group-48AAE2CB25F9-LeaderElection14] INFO  server.RaftServerConfigKeys (ConfUtils.java:logGet(43)) - raft.server.rpc.request.timeout = 3000ms (default)
2019-10-07 06:00:17,192 [833795fc-6221-4b60-b1f4-2c52cdf77098@group-48AAE2CB25F9-LeaderElection14] INFO  server.RaftServerConfigKeys (ConfUtils.java:logGet(43)) - raft.server.log.appender.install.snapshot.enabled = false (custom)
2019-10-07 06:00:17,193 [833795fc-6221-4b60-b1f4-2c52cdf77098@group-48AAE2CB25F9-LeaderElection14] INFO  server.RaftServerConfigKeys (ConfUtils.java:logGet(43)) - raft.server.log.appender.snapshot.chunk.size.max = 16MB (=16777216) (default)
2019-10-07 06:00:17,193 [833795fc-6221-4b60-b1f4-2c52cdf77098@group-48AAE2CB25F9-LeaderElection14] INFO  server.RaftServerConfigKeys (ConfUtils.java:logGet(43)) - raft.server.log.appender.buffer.byte-limit = 33554432 (custom)
2019-10-07 06:00:17,193 [833795fc-6221-4b60-b1f4-2c52cdf77098@group-48AAE2CB25F9-LeaderElection14] INFO  server.RaftServerConfigKeys (ConfUtils.java:logGet(43)) - raft.server.log.appender.buffer.element-limit = 1 (custom)
2019-10-07 06:00:17,193 [833795fc-6221-4b60-b1f4-2c52cdf77098@group-48AAE2CB25F9-LeaderElection14] INFO  grpc.GrpcConfigKeys$Server (ConfUtils.java:logGet(43)) - raft.grpc.server.leader.outstanding.appends.max = 128 (default)
2019-10-07 06:00:17,193 [833795fc-6221-4b60-b1f4-2c52cdf77098@group-48AAE2CB25F9-LeaderElection14] INFO  server.RaftServerConfigKeys (ConfUtils.java:logGet(43)) - raft.server.rpc.request.timeout = 3000ms (default)
2019-10-07 06:00:17,194 [833795fc-6221-4b60-b1f4-2c52cdf77098@group-48AAE2CB25F9-LeaderElection14] INFO  server.RaftServerConfigKeys (ConfUtils.java:logGet(43)) - raft.server.log.appender.install.snapshot.enabled = false (custom)
2019-10-07 06:00:17,194 [833795fc-6221-4b60-b1f4-2c52cdf77098@group-48AAE2CB25F9-LeaderElection14] INFO  impl.RoleInfo (RoleInfo.java:updateAndGet(143)) - 833795fc-6221-4b60-b1f4-2c52cdf77098: start LeaderState
2019-10-07 06:00:17,195 [833795fc-6221-4b60-b1f4-2c52cdf77098@group-48AAE2CB25F9-LeaderElection14] INFO  segmented.SegmentedRaftLogWorker (SegmentedRaftLogWorker.java:rollLogSegment(390)) - 833795fc-6221-4b60-b1f4-2c52cdf77098@group-48AAE2CB25F9-SegmentedRaftLogWorker: Rolling segment log-0_2 to index:2
2019-10-07 06:00:17,198 [833795fc-6221-4b60-b1f4-2c52cdf77098@group-48AAE2CB25F9-LeaderElection14] INFO  impl.RaftServerImpl (ServerState.java:setRaftConf(356)) - 833795fc-6221-4b60-b1f4-2c52cdf77098@group-48AAE2CB25F9: set configuration 3: [c21e50b3-ab2c-4758-9253-59979117ba9b:192.168.30.3:36477, c585da5a-a255-4272-8069-f95bb7255ddc:192.168.30.3:38193, 833795fc-6221-4b60-b1f4-2c52cdf77098:192.168.30.3:41546], old=null at 3
2019-10-07 06:00:17,198 [833795fc-6221-4b60-b1f4-2c52cdf77098@group-48AAE2CB25F9-SegmentedRaftLogWorker] INFO  segmented.SegmentedRaftLogWorker (SegmentedRaftLogWorker.java:execute(531)) - 833795fc-6221-4b60-b1f4-2c52cdf77098@group-48AAE2CB25F9-SegmentedRaftLogWorker: Rolled log segment from /workdir/hadoop-ozone/integration-test/target/test-dir/MiniOzoneClusterImpl-ef13529d-ad89-4511-899b-e06c9460a472/datanode-4/data/ratis/60af2693-d156-42fc-8173-48aae2cb25f9/current/log_inprogress_0 to /workdir/hadoop-ozone/integration-test/target/test-dir/MiniOzoneClusterImpl-ef13529d-ad89-4511-899b-e06c9460a472/datanode-4/data/ratis/60af2693-d156-42fc-8173-48aae2cb25f9/current/log_0-2
2019-10-07 06:00:17,201 [grpc-default-executor-1] WARN  server.GrpcLogAppender (LogUtils.java:warn(134)) - 833795fc-6221-4b60-b1f4-2c52cdf77098@group-48AAE2CB25F9->c21e50b3-ab2c-4758-9253-59979117ba9b-AppendLogResponseHandler: Failed appendEntries: org.apache.ratis.thirdparty.io.grpc.StatusRuntimeException: UNAVAILABLE: io exception
2019-10-07 06:00:17,227 [grpc-default-executor-1] INFO  impl.FollowerInfo (FollowerInfo.java:lambda$new$0(51)) - 833795fc-6221-4b60-b1f4-2c52cdf77098@group-48AAE2CB25F9->c21e50b3-ab2c-4758-9253-59979117ba9b: nextIndex: updateUnconditionally 3 -> 1
2019-10-07 06:00:17,227 [grpc-default-executor-5] INFO  impl.RaftServerImpl (ServerState.java:setLeader(255)) - c585da5a-a255-4272-8069-f95bb7255ddc@group-48AAE2CB25F9: change Leader from null to 833795fc-6221-4b60-b1f4-2c52cdf77098 at term 2 for appendEntries, leader elected after 64ms
2019-10-07 06:00:17,233 [grpc-default-executor-5] INFO  impl.RaftServerImpl (ServerState.java:setRaftConf(356)) - c585da5a-a255-4272-8069-f95bb7255ddc@group-48AAE2CB25F9: set configuration 3: [c21e50b3-ab2c-4758-9253-59979117ba9b:192.168.30.3:36477, c585da5a-a255-4272-8069-f95bb7255ddc:192.168.30.3:38193, 833795fc-6221-4b60-b1f4-2c52cdf77098:192.168.30.3:41546], old=null at 3
2019-10-07 06:00:17,234 [grpc-default-executor-5] INFO  segmented.SegmentedRaftLogWorker (SegmentedRaftLogWorker.java:rollLogSegment(390)) - c585da5a-a255-4272-8069-f95bb7255ddc@group-48AAE2CB25F9-SegmentedRaftLogWorker: Rolling segment log-0_2 to index:2
2019-10-07 06:00:17,235 [c585da5a-a255-4272-8069-f95bb7255ddc@group-48AAE2CB25F9-SegmentedRaftLogWorker] INFO  segmented.SegmentedRaftLogWorker (SegmentedRaftLogWorker.java:execute(531)) - c585da5a-a255-4272-8069-f95bb7255ddc@group-48AAE2CB25F9-SegmentedRaftLogWorker: Rolled log segment from /workdir/hadoop-ozone/integration-test/target/test-dir/MiniOzoneClusterImpl-ef13529d-ad89-4511-899b-e06c9460a472/datanode-2/data/ratis/60af2693-d156-42fc-8173-48aae2cb25f9/current/log_inprogress_0 to /workdir/hadoop-ozone/integration-test/target/test-dir/MiniOzoneClusterImpl-ef13529d-ad89-4511-899b-e06c9460a472/datanode-2/data/ratis/60af2693-d156-42fc-8173-48aae2cb25f9/current/log_0-2
2019-10-07 06:00:17,240 [833795fc-6221-4b60-b1f4-2c52cdf77098@group-48AAE2CB25F9-SegmentedRaftLogWorker] INFO  segmented.SegmentedRaftLogWorker (SegmentedRaftLogWorker.java:execute(574)) - 833795fc-6221-4b60-b1f4-2c52cdf77098@group-48AAE2CB25F9-SegmentedRaftLogWorker: created new log segment /workdir/hadoop-ozone/integration-test/target/test-dir/MiniOzoneClusterImpl-ef13529d-ad89-4511-899b-e06c9460a472/datanode-4/data/ratis/60af2693-d156-42fc-8173-48aae2cb25f9/current/log_inprogress_3
2019-10-07 06:00:17,286 [c585da5a-a255-4272-8069-f95bb7255ddc@group-48AAE2CB25F9-SegmentedRaftLogWorker] INFO  segmented.SegmentedRaftLogWorker (SegmentedRaftLogWorker.java:execute(574)) - c585da5a-a255-4272-8069-f95bb7255ddc@group-48AAE2CB25F9-SegmentedRaftLogWorker: created new log segment /workdir/hadoop-ozone/integration-test/target/test-dir/MiniOzoneClusterImpl-ef13529d-ad89-4511-899b-e06c9460a472/datanode-2/data/ratis/60af2693-d156-42fc-8173-48aae2cb25f9/current/log_inprogress_3
2019-10-07 06:00:17,316 [grpc-default-executor-2] WARN  server.GrpcLogAppender (LogUtils.java:warn(134)) - 833795fc-6221-4b60-b1f4-2c52cdf77098@group-48AAE2CB25F9->c21e50b3-ab2c-4758-9253-59979117ba9b-AppendLogResponseHandler: Failed appendEntries: org.apache.ratis.thirdparty.io.grpc.StatusRuntimeException: UNAVAILABLE: io exception
2019-10-07 06:00:17,319 [grpc-default-executor-2] INFO  impl.FollowerInfo (FollowerInfo.java:lambda$new$0(51)) - 833795fc-6221-4b60-b1f4-2c52cdf77098@group-48AAE2CB25F9->c21e50b3-ab2c-4758-9253-59979117ba9b: nextIndex: updateUnconditionally 2 -> 1
2019-10-07 06:00:17,329 [grpc-default-executor-1] WARN  server.GrpcLogAppender (LogUtils.java:warn(134)) - 833795fc-6221-4b60-b1f4-2c52cdf77098@group-48AAE2CB25F9->c21e50b3-ab2c-4758-9253-59979117ba9b-AppendLogResponseHandler: Failed appendEntries: org.apache.ratis.thirdparty.io.grpc.StatusRuntimeException: UNAVAILABLE: io exception
2019-10-07 06:00:17,331 [grpc-default-executor-1] INFO  impl.FollowerInfo (FollowerInfo.java:lambda$new$0(51)) - 833795fc-6221-4b60-b1f4-2c52cdf77098@group-48AAE2CB25F9->c21e50b3-ab2c-4758-9253-59979117ba9b: nextIndex: updateUnconditionally 2 -> 1
]]></system-out>
    <system-err><![CDATA[ERROR StatusLogger No Log4j 2 configuration file found. Using default configuration (logging only errors to the console), or user programmatically provided configurations. Set system property 'log4j2.debug' to show Log4j 2 internal initialization logging. See https://logging.apache.org/log4j/2.x/manual/configuration.html for instructions on how to configure Log4j 2
]]></system-err>
  </testcase>
</testsuite>