<?xml version="1.0" encoding="UTF-8"?>
<testsuite xmlns:xsi="http://www.w3.org/2001/XMLSchema-instance" xsi:noNamespaceSchemaLocation="https://maven.apache.org/surefire/maven-surefire-plugin/xsd/surefire-test-report.xsd" name="org.apache.hadoop.ozone.client.rpc.TestWatchForCommit" time="225.921" tests="5" errors="1" skipped="0" failures="0">
  <properties>
    <property name="awt.toolkit" value="sun.awt.X11.XToolkit"/>
    <property name="file.encoding.pkg" value="sun.io"/>
    <property name="java.specification.version" value="1.8"/>
    <property name="sun.cpu.isalist" value=""/>
    <property name="sun.jnu.encoding" value="UTF-8"/>
    <property name="java.class.path" value="/workdir/hadoop-ozone/integration-test/target/test-classes:/workdir/hadoop-ozone/integration-test/target/classes:/home/user/.m2/repository/org/apache/hadoop/hadoop-ozone-common/0.5.0-SNAPSHOT/hadoop-ozone-common-0.5.0-SNAPSHOT.jar:/home/user/.m2/repository/org/apache/commons/commons-compress/1.4.1/commons-compress-1.4.1.jar:/home/user/.m2/repository/org/tukaani/xz/1.0/xz-1.0.jar:/home/user/.m2/repository/org/apache/hadoop/hadoop-common/3.2.0/hadoop-common-3.2.0.jar:/home/user/.m2/repository/org/apache/hadoop/hadoop-hdfs/3.2.0/hadoop-hdfs-3.2.0.jar:/home/user/.m2/repository/org/apache/hadoop/hadoop-hdfs-client/3.2.0/hadoop-hdfs-client-3.2.0.jar:/home/user/.m2/repository/com/fasterxml/jackson/core/jackson-annotations/2.9.9/jackson-annotations-2.9.9.jar:/home/user/.m2/repository/org/apache/hadoop/hadoop-hdds-common/0.5.0-SNAPSHOT/hadoop-hdds-common-0.5.0-SNAPSHOT.jar:/home/user/.m2/repository/javax/annotation/javax.annotation-api/1.2/javax.annotation-api-1.2.jar:/home/user/.m2/repository/org/apache/ratis/ratis-server/0.5.0-201fc85-SNAPSHOT/ratis-server-0.5.0-201fc85-SNAPSHOT.jar:/home/user/.m2/repository/org/apache/ratis/ratis-thirdparty-misc/0.2.0/ratis-thirdparty-misc-0.2.0.jar:/home/user/.m2/repository/org/apache/ratis/ratis-proto/0.5.0-201fc85-SNAPSHOT/ratis-proto-0.5.0-201fc85-SNAPSHOT.jar:/home/user/.m2/repository/org/apache/ratis/ratis-common/0.5.0-201fc85-SNAPSHOT/ratis-common-0.5.0-201fc85-SNAPSHOT.jar:/home/user/.m2/repository/org/apache/ratis/ratis-client/0.5.0-201fc85-SNAPSHOT/ratis-client-0.5.0-201fc85-SNAPSHOT.jar:/home/user/.m2/repository/org/apache/ratis/ratis-metrics/0.5.0-201fc85-SNAPSHOT/ratis-metrics-0.5.0-201fc85-SNAPSHOT.jar:/home/user/.m2/repository/com/github/joshelser/dropwizard-metrics-hadoop-metrics2-reporter/0.1.2/dropwizard-metrics-hadoop-metrics2-reporter-0.1.2.jar:/home/user/.m2/repository/io/dropwizard/metrics/metrics-jvm/3.2.5/metrics-jvm-3.2.5.jar:/home/user/.m2/repository/io/dropwizard/metrics/metrics-ganglia/3.2.5/metrics-ganglia-3.2.5.jar:/home/user/.m2/repository/info/ganglia/gmetric4j/gmetric4j/1.0.7/gmetric4j-1.0.7.jar:/home/user/.m2/repository/org/apache/ratis/ratis-netty/0.5.0-201fc85-SNAPSHOT/ratis-netty-0.5.0-201fc85-SNAPSHOT.jar:/home/user/.m2/repository/org/apache/ratis/ratis-grpc/0.5.0-201fc85-SNAPSHOT/ratis-grpc-0.5.0-201fc85-SNAPSHOT.jar:/home/user/.m2/repository/org/rocksdb/rocksdbjni/6.0.1/rocksdbjni-6.0.1.jar:/home/user/.m2/repository/org/apache/logging/log4j/log4j-api/2.11.0/log4j-api-2.11.0.jar:/home/user/.m2/repository/org/apache/logging/log4j/log4j-core/2.11.0/log4j-core-2.11.0.jar:/home/user/.m2/repository/com/lmax/disruptor/3.4.2/disruptor-3.4.2.jar:/home/user/.m2/repository/org/apache/commons/commons-pool2/2.6.0/commons-pool2-2.6.0.jar:/home/user/.m2/repository/org/bouncycastle/bcpkix-jdk15on/1.60/bcpkix-jdk15on-1.60.jar:/home/user/.m2/repository/commons-validator/commons-validator/1.6/commons-validator-1.6.jar:/home/user/.m2/repository/commons-digester/commons-digester/1.8.1/commons-digester-1.8.1.jar:/home/user/.m2/repository/io/jaegertracing/jaeger-client/0.34.0/jaeger-client-0.34.0.jar:/home/user/.m2/repository/io/jaegertracing/jaeger-thrift/0.34.0/jaeger-thrift-0.34.0.jar:/home/user/.m2/repository/org/apache/thrift/libthrift/0.12.0/libthrift-0.12.0.jar:/home/user/.m2/repository/com/squareup/okhttp3/okhttp/3.9.0/okhttp-3.9.0.jar:/home/user/.m2/repository/com/squareup/okio/okio/1.13.0/okio-1.13.0.jar:/home/user/.m2/repository/io/jaegertracing/jaeger-core/0.34.0/jaeger-core-0.34.0.jar:/home/user/.m2/repository/io/jaegertracing/jaeger-tracerresolver/0.34.0/jaeger-tracerresolver-0.34.0.jar:/home/user/.m2/repository/io/opentracing/contrib/opentracing-tracerresolver/0.1.5/opentracing-tracerresolver-0.1.5.jar:/home/user/.m2/repository/io/opentracing/opentracing-util/0.31.0/opentracing-util-0.31.0.jar:/home/user/.m2/repository/io/opentracing/opentracing-api/0.31.0/opentracing-api-0.31.0.jar:/home/user/.m2/repository/io/opentracing/opentracing-noop/0.31.0/opentracing-noop-0.31.0.jar:/home/user/.m2/repository/org/apache/hadoop/hadoop-hdds-server-framework/0.5.0-SNAPSHOT/hadoop-hdds-server-framework-0.5.0-SNAPSHOT.jar:/home/user/.m2/repository/org/apache/hadoop/hadoop-hdds-container-service/0.5.0-SNAPSHOT/hadoop-hdds-container-service-0.5.0-SNAPSHOT.jar:/home/user/.m2/repository/org/apache/hadoop/hadoop-hdds-client/0.5.0-SNAPSHOT/hadoop-hdds-client-0.5.0-SNAPSHOT.jar:/home/user/.m2/repository/org/apache/hadoop/hadoop-hdds-tools/0.5.0-SNAPSHOT/hadoop-hdds-tools-0.5.0-SNAPSHOT.jar:/home/user/.m2/repository/org/apache/hadoop/hadoop-hdds-server-scm/0.5.0-SNAPSHOT/hadoop-hdds-server-scm-0.5.0-SNAPSHOT.jar:/home/user/.m2/repository/org/apache/hadoop/hadoop-hdds-docs/0.5.0-SNAPSHOT/hadoop-hdds-docs-0.5.0-SNAPSHOT.jar:/home/user/.m2/repository/io/dropwizard/metrics/metrics-core/3.2.4/metrics-core-3.2.4.jar:/home/user/.m2/repository/org/hamcrest/hamcrest-all/1.3/hamcrest-all-1.3.jar:/home/user/.m2/repository/org/bouncycastle/bcprov-jdk15on/1.60/bcprov-jdk15on-1.60.jar:/home/user/.m2/repository/info/picocli/picocli/3.9.6/picocli-3.9.6.jar:/home/user/.m2/repository/com/google/protobuf/protobuf-java/2.5.0/protobuf-java-2.5.0.jar:/home/user/.m2/repository/com/google/guava/guava/11.0.2/guava-11.0.2.jar:/home/user/.m2/repository/org/apache/hadoop/hadoop-ozone-ozone-manager/0.5.0-SNAPSHOT/hadoop-ozone-ozone-manager-0.5.0-SNAPSHOT.jar:/home/user/.m2/repository/org/apache/hadoop/hadoop-minikdc/3.2.0/hadoop-minikdc-3.2.0.jar:/home/user/.m2/repository/commons-io/commons-io/2.5/commons-io-2.5.jar:/home/user/.m2/repository/org/apache/kerby/kerb-simplekdc/1.0.1/kerb-simplekdc-1.0.1.jar:/home/user/.m2/repository/org/apache/kerby/kerb-client/1.0.1/kerb-client-1.0.1.jar:/home/user/.m2/repository/org/apache/kerby/kerby-config/1.0.1/kerby-config-1.0.1.jar:/home/user/.m2/repository/org/apache/kerby/kerb-core/1.0.1/kerb-core-1.0.1.jar:/home/user/.m2/repository/org/apache/kerby/kerby-pkix/1.0.1/kerby-pkix-1.0.1.jar:/home/user/.m2/repository/org/apache/kerby/kerby-asn1/1.0.1/kerby-asn1-1.0.1.jar:/home/user/.m2/repository/org/apache/kerby/kerby-util/1.0.1/kerby-util-1.0.1.jar:/home/user/.m2/repository/org/apache/kerby/kerb-common/1.0.1/kerb-common-1.0.1.jar:/home/user/.m2/repository/org/apache/kerby/kerb-crypto/1.0.1/kerb-crypto-1.0.1.jar:/home/user/.m2/repository/org/apache/kerby/kerb-util/1.0.1/kerb-util-1.0.1.jar:/home/user/.m2/repository/org/apache/kerby/token-provider/1.0.1/token-provider-1.0.1.jar:/home/user/.m2/repository/org/apache/kerby/kerb-admin/1.0.1/kerb-admin-1.0.1.jar:/home/user/.m2/repository/org/apache/kerby/kerb-server/1.0.1/kerb-server-1.0.1.jar:/home/user/.m2/repository/org/apache/kerby/kerb-identity/1.0.1/kerb-identity-1.0.1.jar:/home/user/.m2/repository/org/apache/kerby/kerby-xdr/1.0.1/kerby-xdr-1.0.1.jar:/home/user/.m2/repository/org/slf4j/slf4j-log4j12/1.7.25/slf4j-log4j12-1.7.25.jar:/home/user/.m2/repository/org/apache/hadoop/hadoop-ozone-s3gateway/0.5.0-SNAPSHOT/hadoop-ozone-s3gateway-0.5.0-SNAPSHOT.jar:/home/user/.m2/repository/org/jboss/weld/servlet/weld-servlet/2.4.7.Final/weld-servlet-2.4.7.Final.jar:/home/user/.m2/repository/org/glassfish/jersey/containers/jersey-container-servlet-core/2.27/jersey-container-servlet-core-2.27.jar:/home/user/.m2/repository/org/glassfish/hk2/external/javax.inject/2.5.0-b42/javax.inject-2.5.0-b42.jar:/home/user/.m2/repository/org/glassfish/jersey/core/jersey-common/2.27/jersey-common-2.27.jar:/home/user/.m2/repository/org/glassfish/hk2/osgi-resource-locator/1.0.1/osgi-resource-locator-1.0.1.jar:/home/user/.m2/repository/javax/ws/rs/javax.ws.rs-api/2.1/javax.ws.rs-api-2.1.jar:/home/user/.m2/repository/org/glassfish/jersey/ext/cdi/jersey-cdi1x/2.27/jersey-cdi1x-2.27.jar:/home/user/.m2/repository/org/glassfish/jersey/inject/jersey-hk2/2.27/jersey-hk2-2.27.jar:/home/user/.m2/repository/org/glassfish/hk2/hk2-locator/2.5.0-b42/hk2-locator-2.5.0-b42.jar:/home/user/.m2/repository/org/javassist/javassist/3.22.0-CR2/javassist-3.22.0-CR2.jar:/home/user/.m2/repository/org/glassfish/hk2/hk2-api/2.5.0/hk2-api-2.5.0.jar:/home/user/.m2/repository/org/glassfish/hk2/external/jakarta.inject/2.5.0/jakarta.inject-2.5.0.jar:/home/user/.m2/repository/org/glassfish/hk2/hk2-utils/2.5.0/hk2-utils-2.5.0.jar:/home/user/.m2/repository/jakarta/annotation/jakarta.annotation-api/1.3.4/jakarta.annotation-api-1.3.4.jar:/home/user/.m2/repository/org/glassfish/hk2/external/aopalliance-repackaged/2.5.0/aopalliance-repackaged-2.5.0.jar:/home/user/.m2/repository/com/fasterxml/jackson/dataformat/jackson-dataformat-xml/2.9.0/jackson-dataformat-xml-2.9.0.jar:/home/user/.m2/repository/com/fasterxml/jackson/core/jackson-core/2.9.9/jackson-core-2.9.9.jar:/home/user/.m2/repository/com/fasterxml/jackson/module/jackson-module-jaxb-annotations/2.9.9/jackson-module-jaxb-annotations-2.9.9.jar:/home/user/.m2/repository/javax/enterprise/cdi-api/1.2/cdi-api-1.2.jar:/home/user/.m2/repository/javax/el/javax.el-api/3.0.0/javax.el-api-3.0.0.jar:/home/user/.m2/repository/javax/interceptor/javax.interceptor-api/1.2/javax.interceptor-api-1.2.jar:/home/user/.m2/repository/javax/inject/javax.inject/1/javax.inject-1.jar:/home/user/.m2/repository/com/sun/xml/bind/jaxb-impl/2.3.0.1/jaxb-impl-2.3.0.1.jar:/home/user/.m2/repository/com/sun/xml/bind/jaxb-core/2.3.0.1/jaxb-core-2.3.0.1.jar:/home/user/.m2/repository/javax/xml/bind/jaxb-api/2.3.0/jaxb-api-2.3.0.jar:/home/user/.m2/repository/javax/activation/activation/1.1.1/activation-1.1.1.jar:/home/user/.m2/repository/org/apache/hadoop/hadoop-ozone-csi/0.5.0-SNAPSHOT/hadoop-ozone-csi-0.5.0-SNAPSHOT.jar:/home/user/.m2/repository/com/google/protobuf/protobuf-java-util/3.5.1/protobuf-java-util-3.5.1.jar:/home/user/.m2/repository/org/apache/hadoop/hadoop-hdds-config/0.5.0-SNAPSHOT/hadoop-hdds-config-0.5.0-SNAPSHOT.jar:/home/user/.m2/repository/io/grpc/grpc-netty/1.17.1/grpc-netty-1.17.1.jar:/home/user/.m2/repository/io/grpc/grpc-core/1.17.1/grpc-core-1.17.1.jar:/home/user/.m2/repository/io/grpc/grpc-context/1.17.1/grpc-context-1.17.1.jar:/home/user/.m2/repository/com/google/errorprone/error_prone_annotations/2.2.0/error_prone_annotations-2.2.0.jar:/home/user/.m2/repository/org/codehaus/mojo/animal-sniffer-annotations/1.17/animal-sniffer-annotations-1.17.jar:/home/user/.m2/repository/io/opencensus/opencensus-api/0.17.0/opencensus-api-0.17.0.jar:/home/user/.m2/repository/io/opencensus/opencensus-contrib-grpc-metrics/0.17.0/opencensus-contrib-grpc-metrics-0.17.0.jar:/home/user/.m2/repository/io/netty/netty-codec-http2/4.1.30.Final/netty-codec-http2-4.1.30.Final.jar:/home/user/.m2/repository/io/netty/netty-codec-http/4.1.30.Final/netty-codec-http-4.1.30.Final.jar:/home/user/.m2/repository/io/netty/netty-codec/4.1.30.Final/netty-codec-4.1.30.Final.jar:/home/user/.m2/repository/io/netty/netty-handler/4.1.30.Final/netty-handler-4.1.30.Final.jar:/home/user/.m2/repository/io/netty/netty-handler-proxy/4.1.30.Final/netty-handler-proxy-4.1.30.Final.jar:/home/user/.m2/repository/io/netty/netty-codec-socks/4.1.30.Final/netty-codec-socks-4.1.30.Final.jar:/home/user/.m2/repository/io/netty/netty-transport-native-epoll/4.1.30.Final/netty-transport-native-epoll-4.1.30.Final.jar:/home/user/.m2/repository/io/netty/netty-common/4.1.30.Final/netty-common-4.1.30.Final.jar:/home/user/.m2/repository/io/netty/netty-buffer/4.1.30.Final/netty-buffer-4.1.30.Final.jar:/home/user/.m2/repository/io/netty/netty-transport/4.1.30.Final/netty-transport-4.1.30.Final.jar:/home/user/.m2/repository/io/netty/netty-resolver/4.1.30.Final/netty-resolver-4.1.30.Final.jar:/home/user/.m2/repository/io/netty/netty-transport-native-unix-common/4.1.30.Final/netty-transport-native-unix-common-4.1.30.Final.jar:/home/user/.m2/repository/io/grpc/grpc-protobuf/1.17.1/grpc-protobuf-1.17.1.jar:/home/user/.m2/repository/com/google/api/grpc/proto-google-common-protos/1.0.0/proto-google-common-protos-1.0.0.jar:/home/user/.m2/repository/io/grpc/grpc-protobuf-lite/1.17.1/grpc-protobuf-lite-1.17.1.jar:/home/user/.m2/repository/io/grpc/grpc-stub/1.17.1/grpc-stub-1.17.1.jar:/home/user/.m2/repository/org/apache/hadoop/hadoop-ozone-recon/0.5.0-SNAPSHOT/hadoop-ozone-recon-0.5.0-SNAPSHOT.jar:/home/user/.m2/repository/org/apache/hadoop/hadoop-ozone-reconcodegen/0.5.0-SNAPSHOT/hadoop-ozone-reconcodegen-0.5.0-SNAPSHOT.jar:/home/user/.m2/repository/com/google/inject/extensions/guice-multibindings/4.0/guice-multibindings-4.0.jar:/home/user/.m2/repository/com/google/inject/guice/4.0/guice-4.0.jar:/home/user/.m2/repository/aopalliance/aopalliance/1.0/aopalliance-1.0.jar:/home/user/.m2/repository/com/google/inject/extensions/guice-servlet/4.0/guice-servlet-4.0.jar:/home/user/.m2/repository/org/glassfish/jersey/containers/jersey-container-servlet/2.27/jersey-container-servlet-2.27.jar:/home/user/.m2/repository/org/glassfish/hk2/guice-bridge/2.5.0/guice-bridge-2.5.0.jar:/home/user/.m2/repository/org/glassfish/jersey/core/jersey-server/2.27/jersey-server-2.27.jar:/home/user/.m2/repository/org/glassfish/jersey/core/jersey-client/2.27/jersey-client-2.27.jar:/home/user/.m2/repository/org/glassfish/jersey/media/jersey-media-jaxb/2.27/jersey-media-jaxb-2.27.jar:/home/user/.m2/repository/javax/validation/validation-api/1.1.0.Final/validation-api-1.1.0.Final.jar:/home/user/.m2/repository/org/glassfish/jersey/media/jersey-media-json-jackson/2.27/jersey-media-json-jackson-2.27.jar:/home/user/.m2/repository/org/glassfish/jersey/ext/jersey-entity-filtering/2.27/jersey-entity-filtering-2.27.jar:/home/user/.m2/repository/com/google/inject/extensions/guice-assistedinject/4.0/guice-assistedinject-4.0.jar:/home/user/.m2/repository/org/jooq/jooq/3.11.10/jooq-3.11.10.jar:/home/user/.m2/repository/org/jooq/jooq-meta/3.11.10/jooq-meta-3.11.10.jar:/home/user/.m2/repository/org/jooq/jooq-codegen/3.11.10/jooq-codegen-3.11.10.jar:/home/user/.m2/repository/com/jolbox/bonecp/0.8.0.RELEASE/bonecp-0.8.0.RELEASE.jar:/home/user/.m2/repository/org/xerial/sqlite-jdbc/3.25.2/sqlite-jdbc-3.25.2.jar:/home/user/.m2/repository/org/springframework/spring-jdbc/5.1.3.RELEASE/spring-jdbc-5.1.3.RELEASE.jar:/home/user/.m2/repository/org/springframework/spring-beans/5.1.3.RELEASE/spring-beans-5.1.3.RELEASE.jar:/home/user/.m2/repository/org/springframework/spring-core/5.1.3.RELEASE/spring-core-5.1.3.RELEASE.jar:/home/user/.m2/repository/org/springframework/spring-jcl/5.1.3.RELEASE/spring-jcl-5.1.3.RELEASE.jar:/home/user/.m2/repository/org/springframework/spring-tx/5.1.3.RELEASE/spring-tx-5.1.3.RELEASE.jar:/home/user/.m2/repository/org/apache/hadoop/hadoop-ozone-client/0.5.0-SNAPSHOT/hadoop-ozone-client-0.5.0-SNAPSHOT.jar:/home/user/.m2/repository/commons-lang/commons-lang/2.6/commons-lang-2.6.jar:/home/user/.m2/repository/org/apache/hadoop/hadoop-ozone-ozone-manager/0.5.0-SNAPSHOT/hadoop-ozone-ozone-manager-0.5.0-SNAPSHOT-tests.jar:/home/user/.m2/repository/junit/junit/4.11/junit-4.11.jar:/home/user/.m2/repository/org/hamcrest/hamcrest-core/1.3/hamcrest-core-1.3.jar:/home/user/.m2/repository/org/openjdk/jmh/jmh-core/1.19/jmh-core-1.19.jar:/home/user/.m2/repository/net/sf/jopt-simple/jopt-simple/4.6/jopt-simple-4.6.jar:/home/user/.m2/repository/org/apache/commons/commons-math3/3.1.1/commons-math3-3.1.1.jar:/home/user/.m2/repository/org/openjdk/jmh/jmh-generator-annprocess/1.19/jmh-generator-annprocess-1.19.jar:/home/user/.m2/repository/org/mockito/mockito-all/1.8.5/mockito-all-1.8.5.jar:/home/user/.m2/repository/org/apache/hadoop/hadoop-kms/3.2.0/hadoop-kms-3.2.0.jar:/home/user/.m2/repository/org/apache/hadoop/hadoop-auth/3.2.0/hadoop-auth-3.2.0.jar:/home/user/.m2/repository/com/nimbusds/nimbus-jose-jwt/4.41.1/nimbus-jose-jwt-4.41.1.jar:/home/user/.m2/repository/com/github/stephenc/jcip/jcip-annotations/1.0-1/jcip-annotations-1.0-1.jar:/home/user/.m2/repository/net/minidev/json-smart/2.3/json-smart-2.3.jar:/home/user/.m2/repository/net/minidev/accessors-smart/1.2/accessors-smart-1.2.jar:/home/user/.m2/repository/org/ow2/asm/asm/5.0.4/asm-5.0.4.jar:/home/user/.m2/repository/org/apache/curator/curator-framework/2.12.0/curator-framework-2.12.0.jar:/home/user/.m2/repository/com/sun/jersey/jersey-core/1.19/jersey-core-1.19.jar:/home/user/.m2/repository/javax/ws/rs/jsr311-api/1.1.1/jsr311-api-1.1.1.jar:/home/user/.m2/repository/com/sun/jersey/jersey-server/1.19/jersey-server-1.19.jar:/home/user/.m2/repository/javax/servlet/javax.servlet-api/3.1.0/javax.servlet-api-3.1.0.jar:/home/user/.m2/repository/org/eclipse/jetty/jetty-server/9.3.25.v20180904/jetty-server-9.3.25.v20180904.jar:/home/user/.m2/repository/org/eclipse/jetty/jetty-http/9.3.25.v20180904/jetty-http-9.3.25.v20180904.jar:/home/user/.m2/repository/org/eclipse/jetty/jetty-io/9.3.25.v20180904/jetty-io-9.3.25.v20180904.jar:/home/user/.m2/repository/org/eclipse/jetty/jetty-webapp/9.3.25.v20180904/jetty-webapp-9.3.25.v20180904.jar:/home/user/.m2/repository/org/eclipse/jetty/jetty-xml/9.3.25.v20180904/jetty-xml-9.3.25.v20180904.jar:/home/user/.m2/repository/log4j/log4j/1.2.17/log4j-1.2.17.jar:/home/user/.m2/repository/org/slf4j/slf4j-api/1.7.25/slf4j-api-1.7.25.jar:/home/user/.m2/repository/org/slf4j/jul-to-slf4j/1.7.25/jul-to-slf4j-1.7.25.jar:/home/user/.m2/repository/org/eclipse/jetty/jetty-util/9.3.25.v20180904/jetty-util-9.3.25.v20180904.jar:/home/user/.m2/repository/com/fasterxml/jackson/core/jackson-databind/2.9.9/jackson-databind-2.9.9.jar:/home/user/.m2/repository/org/apache/hadoop/hadoop-kms/3.2.0/hadoop-kms-3.2.0-tests.jar:/home/user/.m2/repository/org/apache/hadoop/hadoop-hdds-server-scm/0.5.0-SNAPSHOT/hadoop-hdds-server-scm-0.5.0-SNAPSHOT-tests.jar:/home/user/.m2/repository/org/apache/hadoop/hadoop-hdds-container-service/0.5.0-SNAPSHOT/hadoop-hdds-container-service-0.5.0-SNAPSHOT-tests.jar:/home/user/.m2/repository/org/yaml/snakeyaml/1.16/snakeyaml-1.16.jar:/home/user/.m2/repository/org/apache/hadoop/hadoop-common/3.2.0/hadoop-common-3.2.0-tests.jar:/home/user/.m2/repository/org/apache/hadoop/hadoop-annotations/3.2.0/hadoop-annotations-3.2.0.jar:/usr/lib/jvm/java-1.8-openjdk/jre/../lib/tools.jar:/home/user/.m2/repository/commons-cli/commons-cli/1.2/commons-cli-1.2.jar:/home/user/.m2/repository/org/apache/httpcomponents/httpclient/4.5.2/httpclient-4.5.2.jar:/home/user/.m2/repository/org/apache/httpcomponents/httpcore/4.4.4/httpcore-4.4.4.jar:/home/user/.m2/repository/commons-codec/commons-codec/1.11/commons-codec-1.11.jar:/home/user/.m2/repository/commons-net/commons-net/3.6/commons-net-3.6.jar:/home/user/.m2/repository/commons-collections/commons-collections/3.2.2/commons-collections-3.2.2.jar:/home/user/.m2/repository/org/eclipse/jetty/jetty-servlet/9.3.25.v20180904/jetty-servlet-9.3.25.v20180904.jar:/home/user/.m2/repository/org/eclipse/jetty/jetty-security/9.3.25.v20180904/jetty-security-9.3.25.v20180904.jar:/home/user/.m2/repository/javax/servlet/jsp/jsp-api/2.1/jsp-api-2.1.jar:/home/user/.m2/repository/com/sun/jersey/jersey-servlet/1.19/jersey-servlet-1.19.jar:/home/user/.m2/repository/com/sun/jersey/jersey-json/1.19/jersey-json-1.19.jar:/home/user/.m2/repository/org/codehaus/jettison/jettison/1.1/jettison-1.1.jar:/home/user/.m2/repository/org/codehaus/jackson/jackson-core-asl/1.9.13/jackson-core-asl-1.9.13.jar:/home/user/.m2/repository/org/codehaus/jackson/jackson-mapper-asl/1.9.13/jackson-mapper-asl-1.9.13.jar:/home/user/.m2/repository/org/codehaus/jackson/jackson-jaxrs/1.9.13/jackson-jaxrs-1.9.13.jar:/home/user/.m2/repository/org/codehaus/jackson/jackson-xc/1.9.13/jackson-xc-1.9.13.jar:/home/user/.m2/repository/commons-logging/commons-logging/1.1.3/commons-logging-1.1.3.jar:/home/user/.m2/repository/commons-beanutils/commons-beanutils/1.9.4/commons-beanutils-1.9.4.jar:/home/user/.m2/repository/org/apache/commons/commons-configuration2/2.1.1/commons-configuration2-2.1.1.jar:/home/user/.m2/repository/org/apache/commons/commons-lang3/3.7/commons-lang3-3.7.jar:/home/user/.m2/repository/org/apache/commons/commons-text/1.4/commons-text-1.4.jar:/home/user/.m2/repository/org/apache/avro/avro/1.7.7/avro-1.7.7.jar:/home/user/.m2/repository/com/thoughtworks/paranamer/paranamer/2.3/paranamer-2.3.jar:/home/user/.m2/repository/org/xerial/snappy/snappy-java/1.0.5/snappy-java-1.0.5.jar:/home/user/.m2/repository/com/google/re2j/re2j/1.1/re2j-1.1.jar:/home/user/.m2/repository/com/google/code/gson/gson/2.2.4/gson-2.2.4.jar:/home/user/.m2/repository/com/jcraft/jsch/0.1.54/jsch-0.1.54.jar:/home/user/.m2/repository/org/apache/curator/curator-client/2.12.0/curator-client-2.12.0.jar:/home/user/.m2/repository/org/apache/curator/curator-recipes/2.12.0/curator-recipes-2.12.0.jar:/home/user/.m2/repository/com/google/code/findbugs/jsr305/3.0.0/jsr305-3.0.0.jar:/home/user/.m2/repository/org/apache/htrace/htrace-core4/4.1.0-incubating/htrace-core4-4.1.0-incubating.jar:/home/user/.m2/repository/org/apache/zookeeper/zookeeper/3.4.13/zookeeper-3.4.13.jar:/home/user/.m2/repository/jline/jline/0.9.94/jline-0.9.94.jar:/home/user/.m2/repository/org/apache/yetus/audience-annotations/0.5.0/audience-annotations-0.5.0.jar:/home/user/.m2/repository/org/codehaus/woodstox/stax2-api/3.1.4/stax2-api-3.1.4.jar:/home/user/.m2/repository/com/fasterxml/woodstox/woodstox-core/5.0.3/woodstox-core-5.0.3.jar:/home/user/.m2/repository/dnsjava/dnsjava/2.1.7/dnsjava-2.1.7.jar:/home/user/.m2/repository/org/apache/hadoop/hadoop-hdfs/3.2.0/hadoop-hdfs-3.2.0-tests.jar:/home/user/.m2/repository/org/eclipse/jetty/jetty-util-ajax/9.3.25.v20180904/jetty-util-ajax-9.3.25.v20180904.jar:/home/user/.m2/repository/commons-daemon/commons-daemon/1.0.13/commons-daemon-1.0.13.jar:/home/user/.m2/repository/io/netty/netty/3.10.5.Final/netty-3.10.5.Final.jar:/home/user/.m2/repository/io/netty/netty-all/4.0.52.Final/netty-all-4.0.52.Final.jar:/home/user/.m2/repository/org/fusesource/leveldbjni/leveldbjni-all/1.8/leveldbjni-all-1.8.jar:"/>
    <property name="java.vm.vendor" value="IcedTea"/>
    <property name="sun.arch.data.model" value="64"/>
    <property name="test.build.dir" value="/workdir/hadoop-ozone/integration-test/target/test-dir"/>
    <property name="test.cache.data" value=""/>
    <property name="java.vendor.url" value="https://icedtea.classpath.org"/>
    <property name="user.timezone" value=""/>
    <property name="java.vm.specification.version" value="1.8"/>
    <property name="os.name" value="Linux"/>
    <property name="test.build.data" value="/workdir/hadoop-ozone/integration-test/target/test-dir"/>
    <property name="user.country" value="US"/>
    <property name="sun.java.launcher" value="SUN_STANDARD"/>
    <property name="sun.boot.library.path" value="/usr/lib/jvm/java-1.8-openjdk/jre/lib/amd64"/>
    <property name="sun.java.command" value="/workdir/hadoop-ozone/integration-test/target/surefire/surefirebooter5144427941275973081.jar /workdir/hadoop-ozone/integration-test/target/surefire 2019-10-07T05-14-16_360-jvmRun1 surefire502842857464692425tmp surefire_625179675309752900910tmp"/>
    <property name="test" value="!TestMiniChaosOzoneCluster"/>
    <property name="surefire.test.class.path" value="/workdir/hadoop-ozone/integration-test/target/test-classes:/workdir/hadoop-ozone/integration-test/target/classes:/home/user/.m2/repository/org/apache/hadoop/hadoop-ozone-common/0.5.0-SNAPSHOT/hadoop-ozone-common-0.5.0-SNAPSHOT.jar:/home/user/.m2/repository/org/apache/commons/commons-compress/1.4.1/commons-compress-1.4.1.jar:/home/user/.m2/repository/org/tukaani/xz/1.0/xz-1.0.jar:/home/user/.m2/repository/org/apache/hadoop/hadoop-common/3.2.0/hadoop-common-3.2.0.jar:/home/user/.m2/repository/org/apache/hadoop/hadoop-hdfs/3.2.0/hadoop-hdfs-3.2.0.jar:/home/user/.m2/repository/org/apache/hadoop/hadoop-hdfs-client/3.2.0/hadoop-hdfs-client-3.2.0.jar:/home/user/.m2/repository/com/fasterxml/jackson/core/jackson-annotations/2.9.9/jackson-annotations-2.9.9.jar:/home/user/.m2/repository/org/apache/hadoop/hadoop-hdds-common/0.5.0-SNAPSHOT/hadoop-hdds-common-0.5.0-SNAPSHOT.jar:/home/user/.m2/repository/javax/annotation/javax.annotation-api/1.2/javax.annotation-api-1.2.jar:/home/user/.m2/repository/org/apache/ratis/ratis-server/0.5.0-201fc85-SNAPSHOT/ratis-server-0.5.0-201fc85-SNAPSHOT.jar:/home/user/.m2/repository/org/apache/ratis/ratis-thirdparty-misc/0.2.0/ratis-thirdparty-misc-0.2.0.jar:/home/user/.m2/repository/org/apache/ratis/ratis-proto/0.5.0-201fc85-SNAPSHOT/ratis-proto-0.5.0-201fc85-SNAPSHOT.jar:/home/user/.m2/repository/org/apache/ratis/ratis-common/0.5.0-201fc85-SNAPSHOT/ratis-common-0.5.0-201fc85-SNAPSHOT.jar:/home/user/.m2/repository/org/apache/ratis/ratis-client/0.5.0-201fc85-SNAPSHOT/ratis-client-0.5.0-201fc85-SNAPSHOT.jar:/home/user/.m2/repository/org/apache/ratis/ratis-metrics/0.5.0-201fc85-SNAPSHOT/ratis-metrics-0.5.0-201fc85-SNAPSHOT.jar:/home/user/.m2/repository/com/github/joshelser/dropwizard-metrics-hadoop-metrics2-reporter/0.1.2/dropwizard-metrics-hadoop-metrics2-reporter-0.1.2.jar:/home/user/.m2/repository/io/dropwizard/metrics/metrics-jvm/3.2.5/metrics-jvm-3.2.5.jar:/home/user/.m2/repository/io/dropwizard/metrics/metrics-ganglia/3.2.5/metrics-ganglia-3.2.5.jar:/home/user/.m2/repository/info/ganglia/gmetric4j/gmetric4j/1.0.7/gmetric4j-1.0.7.jar:/home/user/.m2/repository/org/apache/ratis/ratis-netty/0.5.0-201fc85-SNAPSHOT/ratis-netty-0.5.0-201fc85-SNAPSHOT.jar:/home/user/.m2/repository/org/apache/ratis/ratis-grpc/0.5.0-201fc85-SNAPSHOT/ratis-grpc-0.5.0-201fc85-SNAPSHOT.jar:/home/user/.m2/repository/org/rocksdb/rocksdbjni/6.0.1/rocksdbjni-6.0.1.jar:/home/user/.m2/repository/org/apache/logging/log4j/log4j-api/2.11.0/log4j-api-2.11.0.jar:/home/user/.m2/repository/org/apache/logging/log4j/log4j-core/2.11.0/log4j-core-2.11.0.jar:/home/user/.m2/repository/com/lmax/disruptor/3.4.2/disruptor-3.4.2.jar:/home/user/.m2/repository/org/apache/commons/commons-pool2/2.6.0/commons-pool2-2.6.0.jar:/home/user/.m2/repository/org/bouncycastle/bcpkix-jdk15on/1.60/bcpkix-jdk15on-1.60.jar:/home/user/.m2/repository/commons-validator/commons-validator/1.6/commons-validator-1.6.jar:/home/user/.m2/repository/commons-digester/commons-digester/1.8.1/commons-digester-1.8.1.jar:/home/user/.m2/repository/io/jaegertracing/jaeger-client/0.34.0/jaeger-client-0.34.0.jar:/home/user/.m2/repository/io/jaegertracing/jaeger-thrift/0.34.0/jaeger-thrift-0.34.0.jar:/home/user/.m2/repository/org/apache/thrift/libthrift/0.12.0/libthrift-0.12.0.jar:/home/user/.m2/repository/com/squareup/okhttp3/okhttp/3.9.0/okhttp-3.9.0.jar:/home/user/.m2/repository/com/squareup/okio/okio/1.13.0/okio-1.13.0.jar:/home/user/.m2/repository/io/jaegertracing/jaeger-core/0.34.0/jaeger-core-0.34.0.jar:/home/user/.m2/repository/io/jaegertracing/jaeger-tracerresolver/0.34.0/jaeger-tracerresolver-0.34.0.jar:/home/user/.m2/repository/io/opentracing/contrib/opentracing-tracerresolver/0.1.5/opentracing-tracerresolver-0.1.5.jar:/home/user/.m2/repository/io/opentracing/opentracing-util/0.31.0/opentracing-util-0.31.0.jar:/home/user/.m2/repository/io/opentracing/opentracing-api/0.31.0/opentracing-api-0.31.0.jar:/home/user/.m2/repository/io/opentracing/opentracing-noop/0.31.0/opentracing-noop-0.31.0.jar:/home/user/.m2/repository/org/apache/hadoop/hadoop-hdds-server-framework/0.5.0-SNAPSHOT/hadoop-hdds-server-framework-0.5.0-SNAPSHOT.jar:/home/user/.m2/repository/org/apache/hadoop/hadoop-hdds-container-service/0.5.0-SNAPSHOT/hadoop-hdds-container-service-0.5.0-SNAPSHOT.jar:/home/user/.m2/repository/org/apache/hadoop/hadoop-hdds-client/0.5.0-SNAPSHOT/hadoop-hdds-client-0.5.0-SNAPSHOT.jar:/home/user/.m2/repository/org/apache/hadoop/hadoop-hdds-tools/0.5.0-SNAPSHOT/hadoop-hdds-tools-0.5.0-SNAPSHOT.jar:/home/user/.m2/repository/org/apache/hadoop/hadoop-hdds-server-scm/0.5.0-SNAPSHOT/hadoop-hdds-server-scm-0.5.0-SNAPSHOT.jar:/home/user/.m2/repository/org/apache/hadoop/hadoop-hdds-docs/0.5.0-SNAPSHOT/hadoop-hdds-docs-0.5.0-SNAPSHOT.jar:/home/user/.m2/repository/io/dropwizard/metrics/metrics-core/3.2.4/metrics-core-3.2.4.jar:/home/user/.m2/repository/org/hamcrest/hamcrest-all/1.3/hamcrest-all-1.3.jar:/home/user/.m2/repository/org/bouncycastle/bcprov-jdk15on/1.60/bcprov-jdk15on-1.60.jar:/home/user/.m2/repository/info/picocli/picocli/3.9.6/picocli-3.9.6.jar:/home/user/.m2/repository/com/google/protobuf/protobuf-java/2.5.0/protobuf-java-2.5.0.jar:/home/user/.m2/repository/com/google/guava/guava/11.0.2/guava-11.0.2.jar:/home/user/.m2/repository/org/apache/hadoop/hadoop-ozone-ozone-manager/0.5.0-SNAPSHOT/hadoop-ozone-ozone-manager-0.5.0-SNAPSHOT.jar:/home/user/.m2/repository/org/apache/hadoop/hadoop-minikdc/3.2.0/hadoop-minikdc-3.2.0.jar:/home/user/.m2/repository/commons-io/commons-io/2.5/commons-io-2.5.jar:/home/user/.m2/repository/org/apache/kerby/kerb-simplekdc/1.0.1/kerb-simplekdc-1.0.1.jar:/home/user/.m2/repository/org/apache/kerby/kerb-client/1.0.1/kerb-client-1.0.1.jar:/home/user/.m2/repository/org/apache/kerby/kerby-config/1.0.1/kerby-config-1.0.1.jar:/home/user/.m2/repository/org/apache/kerby/kerb-core/1.0.1/kerb-core-1.0.1.jar:/home/user/.m2/repository/org/apache/kerby/kerby-pkix/1.0.1/kerby-pkix-1.0.1.jar:/home/user/.m2/repository/org/apache/kerby/kerby-asn1/1.0.1/kerby-asn1-1.0.1.jar:/home/user/.m2/repository/org/apache/kerby/kerby-util/1.0.1/kerby-util-1.0.1.jar:/home/user/.m2/repository/org/apache/kerby/kerb-common/1.0.1/kerb-common-1.0.1.jar:/home/user/.m2/repository/org/apache/kerby/kerb-crypto/1.0.1/kerb-crypto-1.0.1.jar:/home/user/.m2/repository/org/apache/kerby/kerb-util/1.0.1/kerb-util-1.0.1.jar:/home/user/.m2/repository/org/apache/kerby/token-provider/1.0.1/token-provider-1.0.1.jar:/home/user/.m2/repository/org/apache/kerby/kerb-admin/1.0.1/kerb-admin-1.0.1.jar:/home/user/.m2/repository/org/apache/kerby/kerb-server/1.0.1/kerb-server-1.0.1.jar:/home/user/.m2/repository/org/apache/kerby/kerb-identity/1.0.1/kerb-identity-1.0.1.jar:/home/user/.m2/repository/org/apache/kerby/kerby-xdr/1.0.1/kerby-xdr-1.0.1.jar:/home/user/.m2/repository/org/slf4j/slf4j-log4j12/1.7.25/slf4j-log4j12-1.7.25.jar:/home/user/.m2/repository/org/apache/hadoop/hadoop-ozone-s3gateway/0.5.0-SNAPSHOT/hadoop-ozone-s3gateway-0.5.0-SNAPSHOT.jar:/home/user/.m2/repository/org/jboss/weld/servlet/weld-servlet/2.4.7.Final/weld-servlet-2.4.7.Final.jar:/home/user/.m2/repository/org/glassfish/jersey/containers/jersey-container-servlet-core/2.27/jersey-container-servlet-core-2.27.jar:/home/user/.m2/repository/org/glassfish/hk2/external/javax.inject/2.5.0-b42/javax.inject-2.5.0-b42.jar:/home/user/.m2/repository/org/glassfish/jersey/core/jersey-common/2.27/jersey-common-2.27.jar:/home/user/.m2/repository/org/glassfish/hk2/osgi-resource-locator/1.0.1/osgi-resource-locator-1.0.1.jar:/home/user/.m2/repository/javax/ws/rs/javax.ws.rs-api/2.1/javax.ws.rs-api-2.1.jar:/home/user/.m2/repository/org/glassfish/jersey/ext/cdi/jersey-cdi1x/2.27/jersey-cdi1x-2.27.jar:/home/user/.m2/repository/org/glassfish/jersey/inject/jersey-hk2/2.27/jersey-hk2-2.27.jar:/home/user/.m2/repository/org/glassfish/hk2/hk2-locator/2.5.0-b42/hk2-locator-2.5.0-b42.jar:/home/user/.m2/repository/org/javassist/javassist/3.22.0-CR2/javassist-3.22.0-CR2.jar:/home/user/.m2/repository/org/glassfish/hk2/hk2-api/2.5.0/hk2-api-2.5.0.jar:/home/user/.m2/repository/org/glassfish/hk2/external/jakarta.inject/2.5.0/jakarta.inject-2.5.0.jar:/home/user/.m2/repository/org/glassfish/hk2/hk2-utils/2.5.0/hk2-utils-2.5.0.jar:/home/user/.m2/repository/jakarta/annotation/jakarta.annotation-api/1.3.4/jakarta.annotation-api-1.3.4.jar:/home/user/.m2/repository/org/glassfish/hk2/external/aopalliance-repackaged/2.5.0/aopalliance-repackaged-2.5.0.jar:/home/user/.m2/repository/com/fasterxml/jackson/dataformat/jackson-dataformat-xml/2.9.0/jackson-dataformat-xml-2.9.0.jar:/home/user/.m2/repository/com/fasterxml/jackson/core/jackson-core/2.9.9/jackson-core-2.9.9.jar:/home/user/.m2/repository/com/fasterxml/jackson/module/jackson-module-jaxb-annotations/2.9.9/jackson-module-jaxb-annotations-2.9.9.jar:/home/user/.m2/repository/javax/enterprise/cdi-api/1.2/cdi-api-1.2.jar:/home/user/.m2/repository/javax/el/javax.el-api/3.0.0/javax.el-api-3.0.0.jar:/home/user/.m2/repository/javax/interceptor/javax.interceptor-api/1.2/javax.interceptor-api-1.2.jar:/home/user/.m2/repository/javax/inject/javax.inject/1/javax.inject-1.jar:/home/user/.m2/repository/com/sun/xml/bind/jaxb-impl/2.3.0.1/jaxb-impl-2.3.0.1.jar:/home/user/.m2/repository/com/sun/xml/bind/jaxb-core/2.3.0.1/jaxb-core-2.3.0.1.jar:/home/user/.m2/repository/javax/xml/bind/jaxb-api/2.3.0/jaxb-api-2.3.0.jar:/home/user/.m2/repository/javax/activation/activation/1.1.1/activation-1.1.1.jar:/home/user/.m2/repository/org/apache/hadoop/hadoop-ozone-csi/0.5.0-SNAPSHOT/hadoop-ozone-csi-0.5.0-SNAPSHOT.jar:/home/user/.m2/repository/com/google/protobuf/protobuf-java-util/3.5.1/protobuf-java-util-3.5.1.jar:/home/user/.m2/repository/org/apache/hadoop/hadoop-hdds-config/0.5.0-SNAPSHOT/hadoop-hdds-config-0.5.0-SNAPSHOT.jar:/home/user/.m2/repository/io/grpc/grpc-netty/1.17.1/grpc-netty-1.17.1.jar:/home/user/.m2/repository/io/grpc/grpc-core/1.17.1/grpc-core-1.17.1.jar:/home/user/.m2/repository/io/grpc/grpc-context/1.17.1/grpc-context-1.17.1.jar:/home/user/.m2/repository/com/google/errorprone/error_prone_annotations/2.2.0/error_prone_annotations-2.2.0.jar:/home/user/.m2/repository/org/codehaus/mojo/animal-sniffer-annotations/1.17/animal-sniffer-annotations-1.17.jar:/home/user/.m2/repository/io/opencensus/opencensus-api/0.17.0/opencensus-api-0.17.0.jar:/home/user/.m2/repository/io/opencensus/opencensus-contrib-grpc-metrics/0.17.0/opencensus-contrib-grpc-metrics-0.17.0.jar:/home/user/.m2/repository/io/netty/netty-codec-http2/4.1.30.Final/netty-codec-http2-4.1.30.Final.jar:/home/user/.m2/repository/io/netty/netty-codec-http/4.1.30.Final/netty-codec-http-4.1.30.Final.jar:/home/user/.m2/repository/io/netty/netty-codec/4.1.30.Final/netty-codec-4.1.30.Final.jar:/home/user/.m2/repository/io/netty/netty-handler/4.1.30.Final/netty-handler-4.1.30.Final.jar:/home/user/.m2/repository/io/netty/netty-handler-proxy/4.1.30.Final/netty-handler-proxy-4.1.30.Final.jar:/home/user/.m2/repository/io/netty/netty-codec-socks/4.1.30.Final/netty-codec-socks-4.1.30.Final.jar:/home/user/.m2/repository/io/netty/netty-transport-native-epoll/4.1.30.Final/netty-transport-native-epoll-4.1.30.Final.jar:/home/user/.m2/repository/io/netty/netty-common/4.1.30.Final/netty-common-4.1.30.Final.jar:/home/user/.m2/repository/io/netty/netty-buffer/4.1.30.Final/netty-buffer-4.1.30.Final.jar:/home/user/.m2/repository/io/netty/netty-transport/4.1.30.Final/netty-transport-4.1.30.Final.jar:/home/user/.m2/repository/io/netty/netty-resolver/4.1.30.Final/netty-resolver-4.1.30.Final.jar:/home/user/.m2/repository/io/netty/netty-transport-native-unix-common/4.1.30.Final/netty-transport-native-unix-common-4.1.30.Final.jar:/home/user/.m2/repository/io/grpc/grpc-protobuf/1.17.1/grpc-protobuf-1.17.1.jar:/home/user/.m2/repository/com/google/api/grpc/proto-google-common-protos/1.0.0/proto-google-common-protos-1.0.0.jar:/home/user/.m2/repository/io/grpc/grpc-protobuf-lite/1.17.1/grpc-protobuf-lite-1.17.1.jar:/home/user/.m2/repository/io/grpc/grpc-stub/1.17.1/grpc-stub-1.17.1.jar:/home/user/.m2/repository/org/apache/hadoop/hadoop-ozone-recon/0.5.0-SNAPSHOT/hadoop-ozone-recon-0.5.0-SNAPSHOT.jar:/home/user/.m2/repository/org/apache/hadoop/hadoop-ozone-reconcodegen/0.5.0-SNAPSHOT/hadoop-ozone-reconcodegen-0.5.0-SNAPSHOT.jar:/home/user/.m2/repository/com/google/inject/extensions/guice-multibindings/4.0/guice-multibindings-4.0.jar:/home/user/.m2/repository/com/google/inject/guice/4.0/guice-4.0.jar:/home/user/.m2/repository/aopalliance/aopalliance/1.0/aopalliance-1.0.jar:/home/user/.m2/repository/com/google/inject/extensions/guice-servlet/4.0/guice-servlet-4.0.jar:/home/user/.m2/repository/org/glassfish/jersey/containers/jersey-container-servlet/2.27/jersey-container-servlet-2.27.jar:/home/user/.m2/repository/org/glassfish/hk2/guice-bridge/2.5.0/guice-bridge-2.5.0.jar:/home/user/.m2/repository/org/glassfish/jersey/core/jersey-server/2.27/jersey-server-2.27.jar:/home/user/.m2/repository/org/glassfish/jersey/core/jersey-client/2.27/jersey-client-2.27.jar:/home/user/.m2/repository/org/glassfish/jersey/media/jersey-media-jaxb/2.27/jersey-media-jaxb-2.27.jar:/home/user/.m2/repository/javax/validation/validation-api/1.1.0.Final/validation-api-1.1.0.Final.jar:/home/user/.m2/repository/org/glassfish/jersey/media/jersey-media-json-jackson/2.27/jersey-media-json-jackson-2.27.jar:/home/user/.m2/repository/org/glassfish/jersey/ext/jersey-entity-filtering/2.27/jersey-entity-filtering-2.27.jar:/home/user/.m2/repository/com/google/inject/extensions/guice-assistedinject/4.0/guice-assistedinject-4.0.jar:/home/user/.m2/repository/org/jooq/jooq/3.11.10/jooq-3.11.10.jar:/home/user/.m2/repository/org/jooq/jooq-meta/3.11.10/jooq-meta-3.11.10.jar:/home/user/.m2/repository/org/jooq/jooq-codegen/3.11.10/jooq-codegen-3.11.10.jar:/home/user/.m2/repository/com/jolbox/bonecp/0.8.0.RELEASE/bonecp-0.8.0.RELEASE.jar:/home/user/.m2/repository/org/xerial/sqlite-jdbc/3.25.2/sqlite-jdbc-3.25.2.jar:/home/user/.m2/repository/org/springframework/spring-jdbc/5.1.3.RELEASE/spring-jdbc-5.1.3.RELEASE.jar:/home/user/.m2/repository/org/springframework/spring-beans/5.1.3.RELEASE/spring-beans-5.1.3.RELEASE.jar:/home/user/.m2/repository/org/springframework/spring-core/5.1.3.RELEASE/spring-core-5.1.3.RELEASE.jar:/home/user/.m2/repository/org/springframework/spring-jcl/5.1.3.RELEASE/spring-jcl-5.1.3.RELEASE.jar:/home/user/.m2/repository/org/springframework/spring-tx/5.1.3.RELEASE/spring-tx-5.1.3.RELEASE.jar:/home/user/.m2/repository/org/apache/hadoop/hadoop-ozone-client/0.5.0-SNAPSHOT/hadoop-ozone-client-0.5.0-SNAPSHOT.jar:/home/user/.m2/repository/commons-lang/commons-lang/2.6/commons-lang-2.6.jar:/home/user/.m2/repository/org/apache/hadoop/hadoop-ozone-ozone-manager/0.5.0-SNAPSHOT/hadoop-ozone-ozone-manager-0.5.0-SNAPSHOT-tests.jar:/home/user/.m2/repository/junit/junit/4.11/junit-4.11.jar:/home/user/.m2/repository/org/hamcrest/hamcrest-core/1.3/hamcrest-core-1.3.jar:/home/user/.m2/repository/org/openjdk/jmh/jmh-core/1.19/jmh-core-1.19.jar:/home/user/.m2/repository/net/sf/jopt-simple/jopt-simple/4.6/jopt-simple-4.6.jar:/home/user/.m2/repository/org/apache/commons/commons-math3/3.1.1/commons-math3-3.1.1.jar:/home/user/.m2/repository/org/openjdk/jmh/jmh-generator-annprocess/1.19/jmh-generator-annprocess-1.19.jar:/home/user/.m2/repository/org/mockito/mockito-all/1.8.5/mockito-all-1.8.5.jar:/home/user/.m2/repository/org/apache/hadoop/hadoop-kms/3.2.0/hadoop-kms-3.2.0.jar:/home/user/.m2/repository/org/apache/hadoop/hadoop-auth/3.2.0/hadoop-auth-3.2.0.jar:/home/user/.m2/repository/com/nimbusds/nimbus-jose-jwt/4.41.1/nimbus-jose-jwt-4.41.1.jar:/home/user/.m2/repository/com/github/stephenc/jcip/jcip-annotations/1.0-1/jcip-annotations-1.0-1.jar:/home/user/.m2/repository/net/minidev/json-smart/2.3/json-smart-2.3.jar:/home/user/.m2/repository/net/minidev/accessors-smart/1.2/accessors-smart-1.2.jar:/home/user/.m2/repository/org/ow2/asm/asm/5.0.4/asm-5.0.4.jar:/home/user/.m2/repository/org/apache/curator/curator-framework/2.12.0/curator-framework-2.12.0.jar:/home/user/.m2/repository/com/sun/jersey/jersey-core/1.19/jersey-core-1.19.jar:/home/user/.m2/repository/javax/ws/rs/jsr311-api/1.1.1/jsr311-api-1.1.1.jar:/home/user/.m2/repository/com/sun/jersey/jersey-server/1.19/jersey-server-1.19.jar:/home/user/.m2/repository/javax/servlet/javax.servlet-api/3.1.0/javax.servlet-api-3.1.0.jar:/home/user/.m2/repository/org/eclipse/jetty/jetty-server/9.3.25.v20180904/jetty-server-9.3.25.v20180904.jar:/home/user/.m2/repository/org/eclipse/jetty/jetty-http/9.3.25.v20180904/jetty-http-9.3.25.v20180904.jar:/home/user/.m2/repository/org/eclipse/jetty/jetty-io/9.3.25.v20180904/jetty-io-9.3.25.v20180904.jar:/home/user/.m2/repository/org/eclipse/jetty/jetty-webapp/9.3.25.v20180904/jetty-webapp-9.3.25.v20180904.jar:/home/user/.m2/repository/org/eclipse/jetty/jetty-xml/9.3.25.v20180904/jetty-xml-9.3.25.v20180904.jar:/home/user/.m2/repository/log4j/log4j/1.2.17/log4j-1.2.17.jar:/home/user/.m2/repository/org/slf4j/slf4j-api/1.7.25/slf4j-api-1.7.25.jar:/home/user/.m2/repository/org/slf4j/jul-to-slf4j/1.7.25/jul-to-slf4j-1.7.25.jar:/home/user/.m2/repository/org/eclipse/jetty/jetty-util/9.3.25.v20180904/jetty-util-9.3.25.v20180904.jar:/home/user/.m2/repository/com/fasterxml/jackson/core/jackson-databind/2.9.9/jackson-databind-2.9.9.jar:/home/user/.m2/repository/org/apache/hadoop/hadoop-kms/3.2.0/hadoop-kms-3.2.0-tests.jar:/home/user/.m2/repository/org/apache/hadoop/hadoop-hdds-server-scm/0.5.0-SNAPSHOT/hadoop-hdds-server-scm-0.5.0-SNAPSHOT-tests.jar:/home/user/.m2/repository/org/apache/hadoop/hadoop-hdds-container-service/0.5.0-SNAPSHOT/hadoop-hdds-container-service-0.5.0-SNAPSHOT-tests.jar:/home/user/.m2/repository/org/yaml/snakeyaml/1.16/snakeyaml-1.16.jar:/home/user/.m2/repository/org/apache/hadoop/hadoop-common/3.2.0/hadoop-common-3.2.0-tests.jar:/home/user/.m2/repository/org/apache/hadoop/hadoop-annotations/3.2.0/hadoop-annotations-3.2.0.jar:/usr/lib/jvm/java-1.8-openjdk/jre/../lib/tools.jar:/home/user/.m2/repository/commons-cli/commons-cli/1.2/commons-cli-1.2.jar:/home/user/.m2/repository/org/apache/httpcomponents/httpclient/4.5.2/httpclient-4.5.2.jar:/home/user/.m2/repository/org/apache/httpcomponents/httpcore/4.4.4/httpcore-4.4.4.jar:/home/user/.m2/repository/commons-codec/commons-codec/1.11/commons-codec-1.11.jar:/home/user/.m2/repository/commons-net/commons-net/3.6/commons-net-3.6.jar:/home/user/.m2/repository/commons-collections/commons-collections/3.2.2/commons-collections-3.2.2.jar:/home/user/.m2/repository/org/eclipse/jetty/jetty-servlet/9.3.25.v20180904/jetty-servlet-9.3.25.v20180904.jar:/home/user/.m2/repository/org/eclipse/jetty/jetty-security/9.3.25.v20180904/jetty-security-9.3.25.v20180904.jar:/home/user/.m2/repository/javax/servlet/jsp/jsp-api/2.1/jsp-api-2.1.jar:/home/user/.m2/repository/com/sun/jersey/jersey-servlet/1.19/jersey-servlet-1.19.jar:/home/user/.m2/repository/com/sun/jersey/jersey-json/1.19/jersey-json-1.19.jar:/home/user/.m2/repository/org/codehaus/jettison/jettison/1.1/jettison-1.1.jar:/home/user/.m2/repository/org/codehaus/jackson/jackson-core-asl/1.9.13/jackson-core-asl-1.9.13.jar:/home/user/.m2/repository/org/codehaus/jackson/jackson-mapper-asl/1.9.13/jackson-mapper-asl-1.9.13.jar:/home/user/.m2/repository/org/codehaus/jackson/jackson-jaxrs/1.9.13/jackson-jaxrs-1.9.13.jar:/home/user/.m2/repository/org/codehaus/jackson/jackson-xc/1.9.13/jackson-xc-1.9.13.jar:/home/user/.m2/repository/commons-logging/commons-logging/1.1.3/commons-logging-1.1.3.jar:/home/user/.m2/repository/commons-beanutils/commons-beanutils/1.9.4/commons-beanutils-1.9.4.jar:/home/user/.m2/repository/org/apache/commons/commons-configuration2/2.1.1/commons-configuration2-2.1.1.jar:/home/user/.m2/repository/org/apache/commons/commons-lang3/3.7/commons-lang3-3.7.jar:/home/user/.m2/repository/org/apache/commons/commons-text/1.4/commons-text-1.4.jar:/home/user/.m2/repository/org/apache/avro/avro/1.7.7/avro-1.7.7.jar:/home/user/.m2/repository/com/thoughtworks/paranamer/paranamer/2.3/paranamer-2.3.jar:/home/user/.m2/repository/org/xerial/snappy/snappy-java/1.0.5/snappy-java-1.0.5.jar:/home/user/.m2/repository/com/google/re2j/re2j/1.1/re2j-1.1.jar:/home/user/.m2/repository/com/google/code/gson/gson/2.2.4/gson-2.2.4.jar:/home/user/.m2/repository/com/jcraft/jsch/0.1.54/jsch-0.1.54.jar:/home/user/.m2/repository/org/apache/curator/curator-client/2.12.0/curator-client-2.12.0.jar:/home/user/.m2/repository/org/apache/curator/curator-recipes/2.12.0/curator-recipes-2.12.0.jar:/home/user/.m2/repository/com/google/code/findbugs/jsr305/3.0.0/jsr305-3.0.0.jar:/home/user/.m2/repository/org/apache/htrace/htrace-core4/4.1.0-incubating/htrace-core4-4.1.0-incubating.jar:/home/user/.m2/repository/org/apache/zookeeper/zookeeper/3.4.13/zookeeper-3.4.13.jar:/home/user/.m2/repository/jline/jline/0.9.94/jline-0.9.94.jar:/home/user/.m2/repository/org/apache/yetus/audience-annotations/0.5.0/audience-annotations-0.5.0.jar:/home/user/.m2/repository/org/codehaus/woodstox/stax2-api/3.1.4/stax2-api-3.1.4.jar:/home/user/.m2/repository/com/fasterxml/woodstox/woodstox-core/5.0.3/woodstox-core-5.0.3.jar:/home/user/.m2/repository/dnsjava/dnsjava/2.1.7/dnsjava-2.1.7.jar:/home/user/.m2/repository/org/apache/hadoop/hadoop-hdfs/3.2.0/hadoop-hdfs-3.2.0-tests.jar:/home/user/.m2/repository/org/eclipse/jetty/jetty-util-ajax/9.3.25.v20180904/jetty-util-ajax-9.3.25.v20180904.jar:/home/user/.m2/repository/commons-daemon/commons-daemon/1.0.13/commons-daemon-1.0.13.jar:/home/user/.m2/repository/io/netty/netty/3.10.5.Final/netty-3.10.5.Final.jar:/home/user/.m2/repository/io/netty/netty-all/4.0.52.Final/netty-all-4.0.52.Final.jar:/home/user/.m2/repository/org/fusesource/leveldbjni/leveldbjni-all/1.8/leveldbjni-all-1.8.jar:"/>
    <property name="sun.cpu.endian" value="little"/>
    <property name="user.home" value="/home/user"/>
    <property name="user.language" value="en"/>
    <property name="java.specification.vendor" value="Oracle Corporation"/>
    <property name="java.home" value="/usr/lib/jvm/java-1.8-openjdk/jre"/>
    <property name="java.security.krb5.conf" value="/workdir/hadoop-ozone/integration-test/target/test-classes/krb5.conf"/>
    <property name="basedir" value="/workdir/hadoop-ozone/integration-test"/>
    <property name="file.separator" value="/"/>
    <property name="line.separator" value="&#10;"/>
    <property name="java.vm.specification.vendor" value="Oracle Corporation"/>
    <property name="java.specification.name" value="Java Platform API Specification"/>
    <property name="java.awt.graphicsenv" value="sun.awt.X11GraphicsEnvironment"/>
    <property name="surefire.real.class.path" value="/workdir/hadoop-ozone/integration-test/target/surefire/surefirebooter5144427941275973081.jar"/>
    <property name="hadoop.log.dir" value="/workdir/hadoop-ozone/integration-test/target/log"/>
    <property name="sun.boot.class.path" value="/usr/lib/jvm/java-1.8-openjdk/jre/lib/resources.jar:/usr/lib/jvm/java-1.8-openjdk/jre/lib/rt.jar:/usr/lib/jvm/java-1.8-openjdk/jre/lib/sunrsasign.jar:/usr/lib/jvm/java-1.8-openjdk/jre/lib/jsse.jar:/usr/lib/jvm/java-1.8-openjdk/jre/lib/jce.jar:/usr/lib/jvm/java-1.8-openjdk/jre/lib/charsets.jar:/usr/lib/jvm/java-1.8-openjdk/jre/lib/jfr.jar:/usr/lib/jvm/java-1.8-openjdk/jre/classes"/>
    <property name="sun.management.compiler" value="HotSpot 64-Bit Tiered Compilers"/>
    <property name="java.runtime.version" value="1.8.0_212-b04"/>
    <property name="java.net.preferIPv4Stack" value="true"/>
    <property name="user.name" value="jenkins1000"/>
    <property name="path.separator" value=":"/>
    <property name="java.security.egd" value="file:///dev/urandom"/>
    <property name="os.version" value="3.10.0-957.12.2.el7.x86_64"/>
    <property name="java.endorsed.dirs" value="/usr/lib/jvm/java-1.8-openjdk/jre/lib/endorsed"/>
    <property name="java.runtime.name" value="OpenJDK Runtime Environment"/>
    <property name="file.encoding" value="UTF-8"/>
    <property name="java.vm.name" value="OpenJDK 64-Bit Server VM"/>
    <property name="test.build.webapps" value=""/>
    <property name="localRepository" value="/home/user/.m2/repository"/>
    <property name="java.vendor.url.bug" value="https://icedtea.classpath.org/bugzilla"/>
    <property name="java.io.tmpdir" value="/tmp"/>
    <property name="require.test.libhadoop" value=""/>
    <property name="java.version" value="1.8.0_212"/>
    <property name="user.dir" value="/workdir/hadoop-ozone/integration-test"/>
    <property name="os.arch" value="amd64"/>
    <property name="java.vm.specification.name" value="Java Virtual Machine Specification"/>
    <property name="test.build.classes" value="/workdir/hadoop-ozone/integration-test/target/test-classes"/>
    <property name="java.awt.printerjob" value="sun.print.PSPrinterJob"/>
    <property name="sun.os.patch.level" value="unknown"/>
    <property name="hadoop.tmp.dir" value="/workdir/hadoop-ozone/integration-test/target/tmp"/>
    <property name="java.library.path" value="/usr/lib/jvm/java-1.8-openjdk/jre/lib/amd64/server:/usr/lib/jvm/java-1.8-openjdk/jre/lib/amd64:/usr/lib/jvm/java-1.8-openjdk/jre/../lib/amd64:/workdir/hadoop-ozone/integration-test/target/native/target/usr/local/lib:/workdir/hadoop-ozone/integration-test/../../hadoop-common-project/hadoop-common/target/native/target/usr/local/lib:/usr/java/packages/lib/amd64:/usr/lib64:/lib64:/lib:/usr/lib"/>
    <property name="java.vm.info" value="mixed mode"/>
    <property name="java.vendor" value="IcedTea"/>
    <property name="java.vm.version" value="25.212-b04"/>
    <property name="java.ext.dirs" value="/usr/lib/jvm/java-1.8-openjdk/jre/lib/ext:/usr/java/packages/lib/ext"/>
    <property name="sun.io.unicode.encoding" value="UnicodeLittle"/>
    <property name="java.class.version" value="52.0"/>
  </properties>
  <testcase name="testWatchForCommitWithKeyWrite" classname="org.apache.hadoop.ozone.client.rpc.TestWatchForCommit" time="57.737"/>
  <testcase name="testWatchForCommitWithSmallerTimeoutValue" classname="org.apache.hadoop.ozone.client.rpc.TestWatchForCommit" time="42.582"/>
  <testcase name="testWatchForCommitForRetryfailure" classname="org.apache.hadoop.ozone.client.rpc.TestWatchForCommit" time="70.99"/>
  <testcase name="testWatchForCommitForGroupMismatchException" classname="org.apache.hadoop.ozone.client.rpc.TestWatchForCommit" time="32.301"/>
  <testcase name="test2WayCommitForTimeoutException" classname="org.apache.hadoop.ozone.client.rpc.TestWatchForCommit" time="22.248">
    <error type="java.util.concurrent.TimeoutException">java.util.concurrent.TimeoutException
	at java.util.concurrent.CompletableFuture.timedGet(CompletableFuture.java:1771)
	at java.util.concurrent.CompletableFuture.get(CompletableFuture.java:1915)
	at org.apache.hadoop.hdds.scm.XceiverClientRatis.watchForCommit(XceiverClientRatis.java:275)
	at org.apache.hadoop.ozone.client.rpc.TestWatchForCommit.test2WayCommitForTimeoutException(TestWatchForCommit.java:391)
	at sun.reflect.NativeMethodAccessorImpl.invoke0(Native Method)
	at sun.reflect.NativeMethodAccessorImpl.invoke(NativeMethodAccessorImpl.java:62)
	at sun.reflect.DelegatingMethodAccessorImpl.invoke(DelegatingMethodAccessorImpl.java:43)
	at java.lang.reflect.Method.invoke(Method.java:498)
	at org.junit.runners.model.FrameworkMethod$1.runReflectiveCall(FrameworkMethod.java:47)
	at org.junit.internal.runners.model.ReflectiveCallable.run(ReflectiveCallable.java:12)
	at org.junit.runners.model.FrameworkMethod.invokeExplosively(FrameworkMethod.java:44)
	at org.junit.internal.runners.statements.InvokeMethod.evaluate(InvokeMethod.java:17)
	at org.junit.runners.ParentRunner.runLeaf(ParentRunner.java:271)
	at org.junit.runners.BlockJUnit4ClassRunner.runChild(BlockJUnit4ClassRunner.java:70)
	at org.junit.runners.BlockJUnit4ClassRunner.runChild(BlockJUnit4ClassRunner.java:50)
	at org.junit.runners.ParentRunner$3.run(ParentRunner.java:238)
	at org.junit.runners.ParentRunner$1.schedule(ParentRunner.java:63)
	at org.junit.runners.ParentRunner.runChildren(ParentRunner.java:236)
	at org.junit.runners.ParentRunner.access$000(ParentRunner.java:53)
	at org.junit.runners.ParentRunner$2.evaluate(ParentRunner.java:229)
	at org.junit.runners.ParentRunner.run(ParentRunner.java:309)
	at org.apache.maven.surefire.junit4.JUnit4Provider.execute(JUnit4Provider.java:365)
	at org.apache.maven.surefire.junit4.JUnit4Provider.executeWithRerun(JUnit4Provider.java:273)
	at org.apache.maven.surefire.junit4.JUnit4Provider.executeTestSet(JUnit4Provider.java:238)
	at org.apache.maven.surefire.junit4.JUnit4Provider.invoke(JUnit4Provider.java:159)
	at org.apache.maven.surefire.booter.ForkedBooter.invokeProviderInSameClassLoader(ForkedBooter.java:384)
	at org.apache.maven.surefire.booter.ForkedBooter.runSuitesInProcess(ForkedBooter.java:345)
	at org.apache.maven.surefire.booter.ForkedBooter.execute(ForkedBooter.java:126)
	at org.apache.maven.surefire.booter.ForkedBooter.main(ForkedBooter.java:418)
</error>
    <system-out><![CDATA[2019-10-07 06:27:39,185 [main] WARN  server.ServerUtils (ServerUtils.java:getScmDbDir(145)) - ozone.scm.db.dirs is not configured. We recommend adding this setting. Falling back to ozone.metadata.dirs instead.
2019-10-07 06:27:39,201 [main] WARN  server.ServerUtils (ServerUtils.java:getScmDbDir(145)) - ozone.scm.db.dirs is not configured. We recommend adding this setting. Falling back to ozone.metadata.dirs instead.
2019-10-07 06:27:39,202 [main] WARN  server.ServerUtils (ServerUtils.java:getScmDbDir(145)) - ozone.scm.db.dirs is not configured. We recommend adding this setting. Falling back to ozone.metadata.dirs instead.
2019-10-07 06:27:39,203 [main] INFO  db.DBStoreBuilder (DBStoreBuilder.java:addTable(117)) - using custom profile for table: deletedBlocks
2019-10-07 06:27:39,203 [main] INFO  db.DBStoreBuilder (DBStoreBuilder.java:processTables(168)) - Using default column profile:DBProfile.DISK for Table:deletedBlocks
2019-10-07 06:27:39,203 [main] INFO  db.DBStoreBuilder (DBStoreBuilder.java:addTable(117)) - using custom profile for table: validCerts
2019-10-07 06:27:39,204 [main] INFO  db.DBStoreBuilder (DBStoreBuilder.java:processTables(168)) - Using default column profile:DBProfile.DISK for Table:validCerts
2019-10-07 06:27:39,204 [main] INFO  db.DBStoreBuilder (DBStoreBuilder.java:addTable(117)) - using custom profile for table: revokedCerts
2019-10-07 06:27:39,204 [main] INFO  db.DBStoreBuilder (DBStoreBuilder.java:processTables(168)) - Using default column profile:DBProfile.DISK for Table:revokedCerts
2019-10-07 06:27:39,204 [main] INFO  db.DBStoreBuilder (DBStoreBuilder.java:addTable(117)) - using custom profile for table: default
2019-10-07 06:27:39,205 [main] INFO  db.DBStoreBuilder (DBStoreBuilder.java:processTables(174)) - Using default column profile:DBProfile.DISK for Table:default
2019-10-07 06:27:39,205 [main] INFO  db.DBStoreBuilder (DBStoreBuilder.java:getDbProfile(205)) - Using default options. DBProfile.DISK
2019-10-07 06:27:39,365 [main] INFO  net.NodeSchemaLoader (NodeSchemaLoader.java:loadSchemaFromFile(125)) - Loading file from sun.misc.CompoundEnumeration@450f0235
2019-10-07 06:27:39,365 [main] INFO  net.NodeSchemaLoader (NodeSchemaLoader.java:loadSchema(171)) - Loading network topology layer schema file
2019-10-07 06:27:39,370 [main] WARN  server.ServerUtils (ServerUtils.java:sanitizeUserArgs(70)) - ozone.scm.stale.node.interval value = 300000 is larger than max = 100000 based on the key value of ozone.scm.heartbeat.thread.interval, reset to the max value 100000.
2019-10-07 06:27:39,370 [main] WARN  server.ServerUtils (ServerUtils.java:sanitizeUserArgs(70)) - ozone.scm.stale.node.interval value = 300000 is larger than max = 100000 based on the key value of ozone.scm.heartbeat.thread.interval, reset to the max value 100000.
2019-10-07 06:27:39,370 [main] INFO  node.SCMNodeManager (SCMNodeManager.java:<init>(116)) - Entering startup safe mode.
2019-10-07 06:27:39,371 [main] INFO  algorithms.ContainerPlacementPolicyFactory (ContainerPlacementPolicyFactory.java:getPolicy(57)) - Create container placement policy of type org.apache.hadoop.hdds.scm.container.placement.algorithms.SCMContainerPlacementRandom
2019-10-07 06:27:39,371 [main] WARN  server.ServerUtils (ServerUtils.java:getScmDbDir(145)) - ozone.scm.db.dirs is not configured. We recommend adding this setting. Falling back to ozone.metadata.dirs instead.
2019-10-07 06:27:39,437 [main] INFO  pipeline.SCMPipelineManager (SCMPipelineManager.java:initializePipelineState(132)) - No pipeline exists in current db
2019-10-07 06:27:39,437 [main] WARN  server.ServerUtils (ServerUtils.java:getScmDbDir(145)) - ozone.scm.db.dirs is not configured. We recommend adding this setting. Falling back to ozone.metadata.dirs instead.
2019-10-07 06:27:39,499 [main] WARN  events.EventQueue (EventQueue.java:fireEvent(183)) - No event handler registered for event TypedEvent{payloadType=SafeModeStatus, name='SafeModeStatus'}
2019-10-07 06:27:39,500 [main] INFO  ipc.CallQueueManager (CallQueueManager.java:<init>(84)) - Using callQueue: class java.util.concurrent.LinkedBlockingQueue, queueCapacity: 2000, scheduler: class org.apache.hadoop.ipc.DefaultRpcScheduler, ipcBackoff: false.
2019-10-07 06:27:39,501 [Socket Reader #1 for port 42960] INFO  ipc.Server (Server.java:run(1074)) - Starting Socket Reader #1 for port 42960
2019-10-07 06:27:39,503 [main] INFO  ipc.CallQueueManager (CallQueueManager.java:<init>(84)) - Using callQueue: class java.util.concurrent.LinkedBlockingQueue, queueCapacity: 2000, scheduler: class org.apache.hadoop.ipc.DefaultRpcScheduler, ipcBackoff: false.
2019-10-07 06:27:39,504 [Socket Reader #1 for port 38077] INFO  ipc.Server (Server.java:run(1074)) - Starting Socket Reader #1 for port 38077
2019-10-07 06:27:39,506 [main] INFO  ipc.CallQueueManager (CallQueueManager.java:<init>(84)) - Using callQueue: class java.util.concurrent.LinkedBlockingQueue, queueCapacity: 2000, scheduler: class org.apache.hadoop.ipc.DefaultRpcScheduler, ipcBackoff: false.
2019-10-07 06:27:39,507 [Socket Reader #1 for port 36938] INFO  ipc.Server (Server.java:run(1074)) - Starting Socket Reader #1 for port 36938
2019-10-07 06:27:39,510 [main] INFO  hdfs.DFSUtil (DFSUtil.java:httpServerTemplateForNNAndJN(1641)) - Starting Web-server for scm at: http://0.0.0.0:0
2019-10-07 06:27:39,511 [main] INFO  server.AuthenticationFilter (AuthenticationFilter.java:constructSecretProvider(240)) - Unable to initialize FileSignerSecretProvider, falling back to use random secrets.
2019-10-07 06:27:39,512 [main] WARN  http.HttpRequestLog (HttpRequestLog.java:getRequestLog(97)) - Jetty request log can only be enabled using Log4j
2019-10-07 06:27:39,514 [main] INFO  http.HttpServer2 (HttpServer2.java:addGlobalFilter(975)) - Added global filter 'safety' (class=org.apache.hadoop.http.HttpServer2$QuotingInputFilter)
2019-10-07 06:27:39,514 [main] INFO  http.HttpServer2 (HttpServer2.java:addFilter(948)) - Added filter static_user_filter (class=org.apache.hadoop.http.lib.StaticUserWebFilter$StaticUserFilter) to context scm
2019-10-07 06:27:39,514 [main] INFO  http.HttpServer2 (HttpServer2.java:addFilter(958)) - Added filter static_user_filter (class=org.apache.hadoop.http.lib.StaticUserWebFilter$StaticUserFilter) to context static
2019-10-07 06:27:39,514 [main] INFO  http.HttpServer2 (HttpServer2.java:addFilter(958)) - Added filter static_user_filter (class=org.apache.hadoop.http.lib.StaticUserWebFilter$StaticUserFilter) to context logs
2019-10-07 06:27:39,516 [main] INFO  server.StorageContainerManager (StorageContainerManager.java:start(770)) - StorageContainerLocationProtocol RPC server is listening at /0.0.0.0:36938
2019-10-07 06:27:39,518 [main] WARN  impl.MetricsConfig (MetricsConfig.java:loadFirst(134)) - Cannot locate configuration: tried hadoop-metrics2-storagecontainermanager.properties,hadoop-metrics2.properties
2019-10-07 06:27:39,518 [main] INFO  impl.MetricsSystemImpl (MetricsSystemImpl.java:startTimer(374)) - Scheduled Metric snapshot period at 10 second(s).
2019-10-07 06:27:39,518 [main] INFO  impl.MetricsSystemImpl (MetricsSystemImpl.java:start(191)) - StorageContainerManager metrics system started
2019-10-07 06:27:39,567 [main] WARN  impl.MetricsSystemImpl (MetricsSystemImpl.java:register(276)) - Sink prometheus already exists!
2019-10-07 06:27:39,636 [main] INFO  server.SCMClientProtocolServer (SCMClientProtocolServer.java:start(159)) - RPC server for Client  is listening at /0.0.0.0:36938
2019-10-07 06:27:39,637 [IPC Server Responder] INFO  ipc.Server (Server.java:run(1314)) - IPC Server Responder: starting
2019-10-07 06:27:39,637 [IPC Server listener on 36938] INFO  ipc.Server (Server.java:run(1153)) - IPC Server listener on 36938: starting
2019-10-07 06:27:39,642 [main] INFO  server.StorageContainerManager (StorageContainerManager.java:start(780)) - ScmBlockLocationProtocol RPC server is listening at /0.0.0.0:38077
2019-10-07 06:27:39,642 [main] INFO  server.SCMBlockProtocolServer (SCMBlockProtocolServer.java:start(146)) - RPC server for Block Protocol is listening at /0.0.0.0:38077
2019-10-07 06:27:39,642 [IPC Server Responder] INFO  ipc.Server (Server.java:run(1314)) - IPC Server Responder: starting
2019-10-07 06:27:39,644 [IPC Server listener on 38077] INFO  ipc.Server (Server.java:run(1153)) - IPC Server listener on 38077: starting
2019-10-07 06:27:39,650 [main] INFO  server.StorageContainerManager (StorageContainerManager.java:start(784)) - ScmDatanodeProtocl RPC server is listening at /0.0.0.0:42960
2019-10-07 06:27:39,650 [main] INFO  server.SCMDatanodeProtocolServer (SCMDatanodeProtocolServer.java:start(169)) - RPC server for DataNodes is listening at /0.0.0.0:42960
2019-10-07 06:27:39,651 [IPC Server Responder] INFO  ipc.Server (Server.java:run(1314)) - IPC Server Responder: starting
2019-10-07 06:27:39,651 [IPC Server listener on 42960] INFO  ipc.Server (Server.java:run(1153)) - IPC Server listener on 42960: starting
2019-10-07 06:27:39,654 [main] INFO  http.HttpServer2 (HttpServer2.java:bindListener(1191)) - Jetty bound to port 34322
2019-10-07 06:27:39,655 [main] INFO  server.Server (Server.java:doStart(351)) - jetty-9.3.25.v20180904, build timestamp: 2018-09-04T21:11:46Z, git hash: 3ce520221d0240229c862b122d2b06c12a625732
2019-10-07 06:27:39,656 [main] INFO  handler.ContextHandler (ContextHandler.java:doStart(781)) - Started o.e.j.s.ServletContextHandler@6a98f353{/logs,file:///workdir/hadoop-ozone/integration-test/target/log,AVAILABLE}
2019-10-07 06:27:39,657 [main] INFO  handler.ContextHandler (ContextHandler.java:doStart(781)) - Started o.e.j.s.ServletContextHandler@1e00bfe2{/static,file:///workdir/hadoop-ozone/integration-test/target/test-classes/webapps/static,AVAILABLE}
2019-10-07 06:27:39,660 [main] INFO  handler.ContextHandler (ContextHandler.java:doStart(781)) - Started o.e.j.w.WebAppContext@7f0f84d4{/,file:///workdir/hadoop-ozone/integration-test/target/test-classes/webapps/scm/,AVAILABLE}{/scm}
2019-10-07 06:27:39,660 [main] INFO  server.AbstractConnector (AbstractConnector.java:doStart(278)) - Started ServerConnector@6df4af5{HTTP/1.1,[http/1.1]}{0.0.0.0:34322}
2019-10-07 06:27:39,662 [main] INFO  server.Server (Server.java:doStart(419)) - Started @204521ms
2019-10-07 06:27:39,662 [main] WARN  impl.MetricsSystemImpl (MetricsSystemImpl.java:register(276)) - Sink prometheus already exists!
2019-10-07 06:27:39,662 [main] INFO  server.BaseHttpServer (BaseHttpServer.java:updateConnectorAddress(215)) - HTTP server of SCM is listening at http://0.0.0.0:34322
2019-10-07 06:27:39,663 [main] WARN  server.ServerUtils (ServerUtils.java:getDBPath(222)) - ozone.om.db.dirs is not configured. We recommend adding this setting. Falling back to ozone.metadata.dirs instead.
2019-10-07 06:27:39,663 [org.apache.hadoop.util.JvmPauseMonitor$Monitor@5aa76ad2] INFO  util.JvmPauseMonitor (JvmPauseMonitor.java:run(188)) - Starting JVM pause monitor
2019-10-07 06:27:39,688 [main] INFO  ha.OMHANodeDetails (OMHANodeDetails.java:loadOMHAConfig(190)) - Configuration either no ozone.om.address set. Falling back to the default OM address /127.0.0.1:0
2019-10-07 06:27:39,688 [main] INFO  ha.OMHANodeDetails (OMHANodeDetails.java:getOMNodeDetails(220)) - OM Service ID is not set. Setting it to the default ID: omServiceIdDefault
2019-10-07 06:27:39,688 [main] WARN  server.ServerUtils (ServerUtils.java:getDBPath(222)) - ozone.om.db.dirs is not configured. We recommend adding this setting. Falling back to ozone.metadata.dirs instead.
2019-10-07 06:27:39,689 [main] WARN  server.ServerUtils (ServerUtils.java:getDBPath(222)) - ozone.om.db.dirs is not configured. We recommend adding this setting. Falling back to ozone.metadata.dirs instead.
2019-10-07 06:27:39,704 [main] WARN  server.ServerUtils (ServerUtils.java:getDBPath(222)) - ozone.om.db.dirs is not configured. We recommend adding this setting. Falling back to ozone.metadata.dirs instead.
2019-10-07 06:27:39,705 [main] INFO  db.DBStoreBuilder (DBStoreBuilder.java:addTable(117)) - using custom profile for table: userTable
2019-10-07 06:27:39,705 [main] INFO  db.DBStoreBuilder (DBStoreBuilder.java:processTables(168)) - Using default column profile:DBProfile.DISK for Table:userTable
2019-10-07 06:27:39,705 [main] INFO  db.DBStoreBuilder (DBStoreBuilder.java:addTable(117)) - using custom profile for table: volumeTable
2019-10-07 06:27:39,706 [main] INFO  db.DBStoreBuilder (DBStoreBuilder.java:processTables(168)) - Using default column profile:DBProfile.DISK for Table:volumeTable
2019-10-07 06:27:39,706 [main] INFO  db.DBStoreBuilder (DBStoreBuilder.java:addTable(117)) - using custom profile for table: bucketTable
2019-10-07 06:27:39,706 [main] INFO  db.DBStoreBuilder (DBStoreBuilder.java:processTables(168)) - Using default column profile:DBProfile.DISK for Table:bucketTable
2019-10-07 06:27:39,706 [main] INFO  db.DBStoreBuilder (DBStoreBuilder.java:addTable(117)) - using custom profile for table: keyTable
2019-10-07 06:27:39,706 [main] INFO  db.DBStoreBuilder (DBStoreBuilder.java:processTables(168)) - Using default column profile:DBProfile.DISK for Table:keyTable
2019-10-07 06:27:39,707 [main] INFO  db.DBStoreBuilder (DBStoreBuilder.java:addTable(117)) - using custom profile for table: deletedTable
2019-10-07 06:27:39,707 [main] INFO  db.DBStoreBuilder (DBStoreBuilder.java:processTables(168)) - Using default column profile:DBProfile.DISK for Table:deletedTable
2019-10-07 06:27:39,707 [main] INFO  db.DBStoreBuilder (DBStoreBuilder.java:addTable(117)) - using custom profile for table: openKeyTable
2019-10-07 06:27:39,707 [main] INFO  db.DBStoreBuilder (DBStoreBuilder.java:processTables(168)) - Using default column profile:DBProfile.DISK for Table:openKeyTable
2019-10-07 06:27:39,707 [main] INFO  db.DBStoreBuilder (DBStoreBuilder.java:addTable(117)) - using custom profile for table: s3Table
2019-10-07 06:27:39,708 [main] INFO  db.DBStoreBuilder (DBStoreBuilder.java:processTables(168)) - Using default column profile:DBProfile.DISK for Table:s3Table
2019-10-07 06:27:39,708 [main] INFO  db.DBStoreBuilder (DBStoreBuilder.java:addTable(117)) - using custom profile for table: multipartInfoTable
2019-10-07 06:27:39,708 [main] INFO  db.DBStoreBuilder (DBStoreBuilder.java:processTables(168)) - Using default column profile:DBProfile.DISK for Table:multipartInfoTable
2019-10-07 06:27:39,708 [main] INFO  db.DBStoreBuilder (DBStoreBuilder.java:addTable(117)) - using custom profile for table: dTokenTable
2019-10-07 06:27:39,708 [main] INFO  db.DBStoreBuilder (DBStoreBuilder.java:processTables(168)) - Using default column profile:DBProfile.DISK for Table:dTokenTable
2019-10-07 06:27:39,708 [main] INFO  db.DBStoreBuilder (DBStoreBuilder.java:addTable(117)) - using custom profile for table: s3SecretTable
2019-10-07 06:27:39,709 [main] INFO  db.DBStoreBuilder (DBStoreBuilder.java:processTables(168)) - Using default column profile:DBProfile.DISK for Table:s3SecretTable
2019-10-07 06:27:39,709 [main] INFO  db.DBStoreBuilder (DBStoreBuilder.java:addTable(117)) - using custom profile for table: prefixTable
2019-10-07 06:27:39,709 [main] INFO  db.DBStoreBuilder (DBStoreBuilder.java:processTables(168)) - Using default column profile:DBProfile.DISK for Table:prefixTable
2019-10-07 06:27:39,709 [main] INFO  db.DBStoreBuilder (DBStoreBuilder.java:addTable(117)) - using custom profile for table: default
2019-10-07 06:27:39,709 [main] INFO  db.DBStoreBuilder (DBStoreBuilder.java:processTables(174)) - Using default column profile:DBProfile.DISK for Table:default
2019-10-07 06:27:39,710 [main] INFO  db.DBStoreBuilder (DBStoreBuilder.java:getDbProfile(205)) - Using default options. DBProfile.DISK
2019-10-07 06:27:40,227 [main] INFO  ipc.CallQueueManager (CallQueueManager.java:<init>(84)) - Using callQueue: class java.util.concurrent.LinkedBlockingQueue, queueCapacity: 2000, scheduler: class org.apache.hadoop.ipc.DefaultRpcScheduler, ipcBackoff: false.
2019-10-07 06:27:40,228 [Socket Reader #1 for port 39117] INFO  ipc.Server (Server.java:run(1074)) - Starting Socket Reader #1 for port 39117
2019-10-07 06:27:40,240 [main] INFO  om.OzoneManager (OzoneManager.java:start(1069)) - OzoneManager RPC server is listening at localhost/127.0.0.1:39117
2019-10-07 06:27:40,240 [main] INFO  impl.MetricsSystemImpl (MetricsSystemImpl.java:init(158)) - OzoneManager metrics system started (again)
2019-10-07 06:27:40,240 [IPC Server Responder] INFO  ipc.Server (Server.java:run(1314)) - IPC Server Responder: starting
2019-10-07 06:27:40,242 [IPC Server listener on 39117] INFO  ipc.Server (Server.java:run(1153)) - IPC Server listener on 39117: starting
2019-10-07 06:27:40,247 [main] INFO  hdfs.DFSUtil (DFSUtil.java:httpServerTemplateForNNAndJN(1641)) - Starting Web-server for ozoneManager at: http://0.0.0.0:0
2019-10-07 06:27:40,248 [main] INFO  server.AuthenticationFilter (AuthenticationFilter.java:constructSecretProvider(240)) - Unable to initialize FileSignerSecretProvider, falling back to use random secrets.
2019-10-07 06:27:40,249 [main] WARN  http.HttpRequestLog (HttpRequestLog.java:getRequestLog(97)) - Jetty request log can only be enabled using Log4j
2019-10-07 06:27:40,250 [main] INFO  http.HttpServer2 (HttpServer2.java:addGlobalFilter(975)) - Added global filter 'safety' (class=org.apache.hadoop.http.HttpServer2$QuotingInputFilter)
2019-10-07 06:27:40,250 [main] INFO  http.HttpServer2 (HttpServer2.java:addFilter(948)) - Added filter static_user_filter (class=org.apache.hadoop.http.lib.StaticUserWebFilter$StaticUserFilter) to context ozoneManager
2019-10-07 06:27:40,250 [main] INFO  http.HttpServer2 (HttpServer2.java:addFilter(958)) - Added filter static_user_filter (class=org.apache.hadoop.http.lib.StaticUserWebFilter$StaticUserFilter) to context logs
2019-10-07 06:27:40,250 [main] INFO  http.HttpServer2 (HttpServer2.java:addFilter(958)) - Added filter static_user_filter (class=org.apache.hadoop.http.lib.StaticUserWebFilter$StaticUserFilter) to context static
2019-10-07 06:27:40,251 [main] INFO  http.HttpServer2 (HttpServer2.java:bindListener(1191)) - Jetty bound to port 40565
2019-10-07 06:27:40,251 [main] INFO  server.Server (Server.java:doStart(351)) - jetty-9.3.25.v20180904, build timestamp: 2018-09-04T21:11:46Z, git hash: 3ce520221d0240229c862b122d2b06c12a625732
2019-10-07 06:27:40,253 [main] INFO  handler.ContextHandler (ContextHandler.java:doStart(781)) - Started o.e.j.s.ServletContextHandler@3af2f846{/logs,file:///workdir/hadoop-ozone/integration-test/target/log,AVAILABLE}
2019-10-07 06:27:40,253 [main] INFO  handler.ContextHandler (ContextHandler.java:doStart(781)) - Started o.e.j.s.ServletContextHandler@370c9018{/static,file:///workdir/hadoop-ozone/integration-test/target/test-classes/webapps/static,AVAILABLE}
2019-10-07 06:27:40,256 [main] INFO  handler.ContextHandler (ContextHandler.java:doStart(781)) - Started o.e.j.w.WebAppContext@b768a65{/,file:///workdir/hadoop-ozone/integration-test/target/test-classes/webapps/ozoneManager/,AVAILABLE}{/ozoneManager}
2019-10-07 06:27:40,256 [main] INFO  server.AbstractConnector (AbstractConnector.java:doStart(278)) - Started ServerConnector@6897a4a{HTTP/1.1,[http/1.1]}{0.0.0.0:40565}
2019-10-07 06:27:40,257 [main] INFO  server.Server (Server.java:doStart(419)) - Started @205117ms
2019-10-07 06:27:40,257 [main] WARN  impl.MetricsSystemImpl (MetricsSystemImpl.java:register(276)) - Sink prometheus already exists!
2019-10-07 06:27:40,258 [main] INFO  server.BaseHttpServer (BaseHttpServer.java:updateConnectorAddress(215)) - HTTP server of OZONEMANAGER is listening at http://0.0.0.0:40565
2019-10-07 06:27:40,270 [main] INFO  impl.MetricsSystemImpl (MetricsSystemImpl.java:init(158)) - HddsDatanode metrics system started (again)
2019-10-07 06:27:40,273 [main] INFO  ozone.HddsDatanodeService (HddsDatanodeService.java:start(184)) - HddsDatanodeService host:trunk-nightly-20191007-kbwpl-4130163227 ip:192.168.30.3
2019-10-07 06:27:40,279 [main] INFO  volume.HddsVolume (HddsVolume.java:<init>(176)) - Creating Volume: /workdir/hadoop-ozone/integration-test/target/test-dir/MiniOzoneClusterImpl-edc4639a-9306-46b6-9240-db948b47afbc/datanode-0/data/containers/hdds of  storage type : DISK and capacity : 1482555576320
2019-10-07 06:27:40,280 [main] INFO  volume.VolumeSet (VolumeSet.java:initializeVolumeSet(170)) - Added Volume : /workdir/hadoop-ozone/integration-test/target/test-dir/MiniOzoneClusterImpl-edc4639a-9306-46b6-9240-db948b47afbc/datanode-0/data/containers/hdds to VolumeSet
2019-10-07 06:27:40,280 [main] INFO  volume.ThrottledAsyncChecker (ThrottledAsyncChecker.java:schedule(139)) - Scheduling a check for org.apache.hadoop.ozone.container.common.volume.HddsVolume@1e76afeb
2019-10-07 06:27:40,281 [main] INFO  volume.HddsVolumeChecker (HddsVolumeChecker.java:checkAllVolumes(202)) - Scheduled health check for volume org.apache.hadoop.ozone.container.common.volume.HddsVolume@1e76afeb
2019-10-07 06:27:40,300 [main] INFO  impl.RaftServerProxy (ConfUtils.java:logGet(43)) - raft.rpc.type = GRPC (default)
2019-10-07 06:27:40,301 [main] INFO  grpc.GrpcFactory (GrpcFactory.java:checkPooledByteBufAllocatorUseCacheForAllThreads(45)) - PERFORMANCE WARNING: useCacheForAllThreads is true that may cause Netty to create a lot garbage objects and, as a result, trigger GC.
	It is recommended to disable useCacheForAllThreads by setting -Dorg.apache.ratis.thirdparty.io.netty.allocator.useCacheForAllThreads=false in command line.
2019-10-07 06:27:40,301 [main] INFO  grpc.GrpcConfigKeys$Server (ConfUtils.java:logGet(43)) - raft.grpc.server.port = 0 (default)
2019-10-07 06:27:40,301 [main] INFO  server.GrpcService (ConfUtils.java:logGet(43)) - raft.grpc.message.size.max = 33570816 (custom)
2019-10-07 06:27:40,301 [main] INFO  server.RaftServerConfigKeys (ConfUtils.java:logGet(43)) - raft.server.log.appender.buffer.byte-limit = 33554432 (custom)
2019-10-07 06:27:40,302 [main] INFO  server.GrpcService (ConfUtils.java:logGet(43)) - raft.grpc.flow.control.window = 1MB (=1048576) (default)
2019-10-07 06:27:40,302 [main] INFO  server.RaftServerConfigKeys (ConfUtils.java:logGet(43)) - raft.server.rpc.request.timeout = 3000ms (default)
2019-10-07 06:27:40,303 [main] INFO  server.RaftServerConfigKeys (ConfUtils.java:logGet(43)) - raft.server.storage.dir = [/workdir/hadoop-ozone/integration-test/target/test-dir/MiniOzoneClusterImpl-edc4639a-9306-46b6-9240-db948b47afbc/datanode-0/data/ratis] (custom)
2019-10-07 06:27:40,305 [main] INFO  hdfs.DFSUtil (DFSUtil.java:httpServerTemplateForNNAndJN(1641)) - Starting Web-server for hddsDatanode at: http://0.0.0.0:0
2019-10-07 06:27:40,306 [main] INFO  server.AuthenticationFilter (AuthenticationFilter.java:constructSecretProvider(240)) - Unable to initialize FileSignerSecretProvider, falling back to use random secrets.
2019-10-07 06:27:40,307 [main] WARN  http.HttpRequestLog (HttpRequestLog.java:getRequestLog(97)) - Jetty request log can only be enabled using Log4j
2019-10-07 06:27:40,308 [main] INFO  http.HttpServer2 (HttpServer2.java:addGlobalFilter(975)) - Added global filter 'safety' (class=org.apache.hadoop.http.HttpServer2$QuotingInputFilter)
2019-10-07 06:27:40,309 [main] INFO  http.HttpServer2 (HttpServer2.java:addFilter(948)) - Added filter static_user_filter (class=org.apache.hadoop.http.lib.StaticUserWebFilter$StaticUserFilter) to context hddsDatanode
2019-10-07 06:27:40,309 [main] INFO  http.HttpServer2 (HttpServer2.java:addFilter(958)) - Added filter static_user_filter (class=org.apache.hadoop.http.lib.StaticUserWebFilter$StaticUserFilter) to context static
2019-10-07 06:27:40,309 [main] INFO  http.HttpServer2 (HttpServer2.java:addFilter(958)) - Added filter static_user_filter (class=org.apache.hadoop.http.lib.StaticUserWebFilter$StaticUserFilter) to context logs
2019-10-07 06:27:40,310 [main] INFO  http.HttpServer2 (HttpServer2.java:bindListener(1191)) - Jetty bound to port 41399
2019-10-07 06:27:40,310 [main] INFO  server.Server (Server.java:doStart(351)) - jetty-9.3.25.v20180904, build timestamp: 2018-09-04T21:11:46Z, git hash: 3ce520221d0240229c862b122d2b06c12a625732
2019-10-07 06:27:40,312 [main] INFO  handler.ContextHandler (ContextHandler.java:doStart(781)) - Started o.e.j.s.ServletContextHandler@191a0351{/logs,file:///workdir/hadoop-ozone/integration-test/target/log,AVAILABLE}
2019-10-07 06:27:40,313 [main] INFO  handler.ContextHandler (ContextHandler.java:doStart(781)) - Started o.e.j.s.ServletContextHandler@51ba952e{/static,jar:file:/home/user/.m2/repository/org/apache/hadoop/hadoop-hdds-container-service/0.5.0-SNAPSHOT/hadoop-hdds-container-service-0.5.0-SNAPSHOT.jar!/webapps/static,AVAILABLE}
2019-10-07 06:27:40,352 [main] INFO  handler.ContextHandler (ContextHandler.java:doStart(781)) - Started o.e.j.w.WebAppContext@492be039{/,file:///tmp/jetty-0.0.0.0-41399-hddsDatanode-_-any-6363106705958357815.dir/webapp/,AVAILABLE}{/hddsDatanode}
2019-10-07 06:27:40,353 [main] INFO  server.AbstractConnector (AbstractConnector.java:doStart(278)) - Started ServerConnector@1cd2143b{HTTP/1.1,[http/1.1]}{0.0.0.0:41399}
2019-10-07 06:27:40,354 [main] INFO  server.Server (Server.java:doStart(419)) - Started @205214ms
2019-10-07 06:27:40,354 [main] WARN  impl.MetricsSystemImpl (MetricsSystemImpl.java:register(276)) - Sink prometheus already exists!
2019-10-07 06:27:40,356 [main] INFO  server.BaseHttpServer (BaseHttpServer.java:updateConnectorAddress(215)) - HTTP server of HDDSDATANODE is listening at http://0.0.0.0:41399
2019-10-07 06:27:40,356 [main] INFO  impl.MetricsSystemImpl (MetricsSystemImpl.java:init(158)) - HddsDatanode metrics system started (again)
2019-10-07 06:27:40,360 [main] INFO  ozone.HddsDatanodeService (HddsDatanodeService.java:start(184)) - HddsDatanodeService host:trunk-nightly-20191007-kbwpl-4130163227 ip:192.168.30.3
2019-10-07 06:27:40,360 [org.apache.hadoop.util.JvmPauseMonitor$Monitor@42fcec56] INFO  util.JvmPauseMonitor (JvmPauseMonitor.java:run(188)) - Starting JVM pause monitor
2019-10-07 06:27:40,362 [Datanode State Machine Thread - 0] INFO  datanode.InitDatanodeState (InitDatanodeState.java:persistContainerDatanodeDetails(140)) - DatanodeDetails is persisted to /workdir/hadoop-ozone/integration-test/target/test-dir/MiniOzoneClusterImpl-edc4639a-9306-46b6-9240-db948b47afbc/datanode-0/meta/datanode.id
2019-10-07 06:27:40,367 [main] INFO  volume.HddsVolume (HddsVolume.java:<init>(176)) - Creating Volume: /workdir/hadoop-ozone/integration-test/target/test-dir/MiniOzoneClusterImpl-edc4639a-9306-46b6-9240-db948b47afbc/datanode-1/data/containers/hdds of  storage type : DISK and capacity : 1482555576320
2019-10-07 06:27:40,368 [main] INFO  volume.VolumeSet (VolumeSet.java:initializeVolumeSet(170)) - Added Volume : /workdir/hadoop-ozone/integration-test/target/test-dir/MiniOzoneClusterImpl-edc4639a-9306-46b6-9240-db948b47afbc/datanode-1/data/containers/hdds to VolumeSet
2019-10-07 06:27:40,368 [main] INFO  volume.ThrottledAsyncChecker (ThrottledAsyncChecker.java:schedule(139)) - Scheduling a check for org.apache.hadoop.ozone.container.common.volume.HddsVolume@4f114b
2019-10-07 06:27:40,368 [main] INFO  volume.HddsVolumeChecker (HddsVolumeChecker.java:checkAllVolumes(202)) - Scheduled health check for volume org.apache.hadoop.ozone.container.common.volume.HddsVolume@4f114b
2019-10-07 06:27:40,384 [main] INFO  impl.RaftServerProxy (ConfUtils.java:logGet(43)) - raft.rpc.type = GRPC (default)
2019-10-07 06:27:40,384 [main] INFO  grpc.GrpcFactory (GrpcFactory.java:checkPooledByteBufAllocatorUseCacheForAllThreads(45)) - PERFORMANCE WARNING: useCacheForAllThreads is true that may cause Netty to create a lot garbage objects and, as a result, trigger GC.
	It is recommended to disable useCacheForAllThreads by setting -Dorg.apache.ratis.thirdparty.io.netty.allocator.useCacheForAllThreads=false in command line.
2019-10-07 06:27:40,384 [main] INFO  grpc.GrpcConfigKeys$Server (ConfUtils.java:logGet(43)) - raft.grpc.server.port = 0 (default)
2019-10-07 06:27:40,384 [main] INFO  server.GrpcService (ConfUtils.java:logGet(43)) - raft.grpc.message.size.max = 33570816 (custom)
2019-10-07 06:27:40,385 [main] INFO  server.RaftServerConfigKeys (ConfUtils.java:logGet(43)) - raft.server.log.appender.buffer.byte-limit = 33554432 (custom)
2019-10-07 06:27:40,385 [main] INFO  server.GrpcService (ConfUtils.java:logGet(43)) - raft.grpc.flow.control.window = 1MB (=1048576) (default)
2019-10-07 06:27:40,385 [main] INFO  server.RaftServerConfigKeys (ConfUtils.java:logGet(43)) - raft.server.rpc.request.timeout = 3000ms (default)
2019-10-07 06:27:40,386 [main] INFO  server.RaftServerConfigKeys (ConfUtils.java:logGet(43)) - raft.server.storage.dir = [/workdir/hadoop-ozone/integration-test/target/test-dir/MiniOzoneClusterImpl-edc4639a-9306-46b6-9240-db948b47afbc/datanode-1/data/ratis] (custom)
2019-10-07 06:27:40,387 [main] INFO  hdfs.DFSUtil (DFSUtil.java:httpServerTemplateForNNAndJN(1641)) - Starting Web-server for hddsDatanode at: http://0.0.0.0:0
2019-10-07 06:27:40,388 [main] INFO  server.AuthenticationFilter (AuthenticationFilter.java:constructSecretProvider(240)) - Unable to initialize FileSignerSecretProvider, falling back to use random secrets.
2019-10-07 06:27:40,388 [main] WARN  http.HttpRequestLog (HttpRequestLog.java:getRequestLog(97)) - Jetty request log can only be enabled using Log4j
2019-10-07 06:27:40,390 [main] INFO  http.HttpServer2 (HttpServer2.java:addGlobalFilter(975)) - Added global filter 'safety' (class=org.apache.hadoop.http.HttpServer2$QuotingInputFilter)
2019-10-07 06:27:40,390 [main] INFO  http.HttpServer2 (HttpServer2.java:addFilter(948)) - Added filter static_user_filter (class=org.apache.hadoop.http.lib.StaticUserWebFilter$StaticUserFilter) to context hddsDatanode
2019-10-07 06:27:40,390 [main] INFO  http.HttpServer2 (HttpServer2.java:addFilter(958)) - Added filter static_user_filter (class=org.apache.hadoop.http.lib.StaticUserWebFilter$StaticUserFilter) to context static
2019-10-07 06:27:40,390 [main] INFO  http.HttpServer2 (HttpServer2.java:addFilter(958)) - Added filter static_user_filter (class=org.apache.hadoop.http.lib.StaticUserWebFilter$StaticUserFilter) to context logs
2019-10-07 06:27:40,391 [main] INFO  http.HttpServer2 (HttpServer2.java:bindListener(1191)) - Jetty bound to port 36229
2019-10-07 06:27:40,391 [main] INFO  server.Server (Server.java:doStart(351)) - jetty-9.3.25.v20180904, build timestamp: 2018-09-04T21:11:46Z, git hash: 3ce520221d0240229c862b122d2b06c12a625732
2019-10-07 06:27:40,393 [main] INFO  handler.ContextHandler (ContextHandler.java:doStart(781)) - Started o.e.j.s.ServletContextHandler@3e5beab5{/logs,file:///workdir/hadoop-ozone/integration-test/target/log,AVAILABLE}
2019-10-07 06:27:40,393 [main] INFO  handler.ContextHandler (ContextHandler.java:doStart(781)) - Started o.e.j.s.ServletContextHandler@33ec2c0c{/static,jar:file:/home/user/.m2/repository/org/apache/hadoop/hadoop-hdds-container-service/0.5.0-SNAPSHOT/hadoop-hdds-container-service-0.5.0-SNAPSHOT.jar!/webapps/static,AVAILABLE}
2019-10-07 06:27:40,423 [main] INFO  handler.ContextHandler (ContextHandler.java:doStart(781)) - Started o.e.j.w.WebAppContext@51ac12ac{/,file:///tmp/jetty-0.0.0.0-36229-hddsDatanode-_-any-6312201495266875116.dir/webapp/,AVAILABLE}{/hddsDatanode}
2019-10-07 06:27:40,423 [main] INFO  server.AbstractConnector (AbstractConnector.java:doStart(278)) - Started ServerConnector@463afa6e{HTTP/1.1,[http/1.1]}{0.0.0.0:36229}
2019-10-07 06:27:40,425 [main] INFO  server.Server (Server.java:doStart(419)) - Started @205284ms
2019-10-07 06:27:40,425 [main] WARN  impl.MetricsSystemImpl (MetricsSystemImpl.java:register(276)) - Sink prometheus already exists!
2019-10-07 06:27:40,425 [main] INFO  server.BaseHttpServer (BaseHttpServer.java:updateConnectorAddress(215)) - HTTP server of HDDSDATANODE is listening at http://0.0.0.0:36229
2019-10-07 06:27:40,426 [main] INFO  impl.MetricsSystemImpl (MetricsSystemImpl.java:init(158)) - HddsDatanode metrics system started (again)
2019-10-07 06:27:40,430 [org.apache.hadoop.util.JvmPauseMonitor$Monitor@5cd6ebaf] INFO  util.JvmPauseMonitor (JvmPauseMonitor.java:run(188)) - Starting JVM pause monitor
2019-10-07 06:27:40,430 [main] INFO  ozone.HddsDatanodeService (HddsDatanodeService.java:start(184)) - HddsDatanodeService host:trunk-nightly-20191007-kbwpl-4130163227 ip:192.168.30.3
2019-10-07 06:27:40,431 [Datanode State Machine Thread - 0] INFO  datanode.InitDatanodeState (InitDatanodeState.java:persistContainerDatanodeDetails(140)) - DatanodeDetails is persisted to /workdir/hadoop-ozone/integration-test/target/test-dir/MiniOzoneClusterImpl-edc4639a-9306-46b6-9240-db948b47afbc/datanode-1/meta/datanode.id
2019-10-07 06:27:40,436 [main] INFO  volume.HddsVolume (HddsVolume.java:<init>(176)) - Creating Volume: /workdir/hadoop-ozone/integration-test/target/test-dir/MiniOzoneClusterImpl-edc4639a-9306-46b6-9240-db948b47afbc/datanode-2/data/containers/hdds of  storage type : DISK and capacity : 1482555576320
2019-10-07 06:27:40,436 [main] INFO  volume.VolumeSet (VolumeSet.java:initializeVolumeSet(170)) - Added Volume : /workdir/hadoop-ozone/integration-test/target/test-dir/MiniOzoneClusterImpl-edc4639a-9306-46b6-9240-db948b47afbc/datanode-2/data/containers/hdds to VolumeSet
2019-10-07 06:27:40,437 [main] INFO  volume.ThrottledAsyncChecker (ThrottledAsyncChecker.java:schedule(139)) - Scheduling a check for org.apache.hadoop.ozone.container.common.volume.HddsVolume@2e6d76ba
2019-10-07 06:27:40,437 [main] INFO  volume.HddsVolumeChecker (HddsVolumeChecker.java:checkAllVolumes(202)) - Scheduled health check for volume org.apache.hadoop.ozone.container.common.volume.HddsVolume@2e6d76ba
2019-10-07 06:27:40,449 [main] INFO  impl.RaftServerProxy (ConfUtils.java:logGet(43)) - raft.rpc.type = GRPC (default)
2019-10-07 06:27:40,449 [main] INFO  grpc.GrpcFactory (GrpcFactory.java:checkPooledByteBufAllocatorUseCacheForAllThreads(45)) - PERFORMANCE WARNING: useCacheForAllThreads is true that may cause Netty to create a lot garbage objects and, as a result, trigger GC.
	It is recommended to disable useCacheForAllThreads by setting -Dorg.apache.ratis.thirdparty.io.netty.allocator.useCacheForAllThreads=false in command line.
2019-10-07 06:27:40,450 [main] INFO  grpc.GrpcConfigKeys$Server (ConfUtils.java:logGet(43)) - raft.grpc.server.port = 0 (default)
2019-10-07 06:27:40,450 [main] INFO  server.GrpcService (ConfUtils.java:logGet(43)) - raft.grpc.message.size.max = 33570816 (custom)
2019-10-07 06:27:40,450 [main] INFO  server.RaftServerConfigKeys (ConfUtils.java:logGet(43)) - raft.server.log.appender.buffer.byte-limit = 33554432 (custom)
2019-10-07 06:27:40,450 [main] INFO  server.GrpcService (ConfUtils.java:logGet(43)) - raft.grpc.flow.control.window = 1MB (=1048576) (default)
2019-10-07 06:27:40,450 [main] INFO  server.RaftServerConfigKeys (ConfUtils.java:logGet(43)) - raft.server.rpc.request.timeout = 3000ms (default)
2019-10-07 06:27:40,451 [main] INFO  server.RaftServerConfigKeys (ConfUtils.java:logGet(43)) - raft.server.storage.dir = [/workdir/hadoop-ozone/integration-test/target/test-dir/MiniOzoneClusterImpl-edc4639a-9306-46b6-9240-db948b47afbc/datanode-2/data/ratis] (custom)
2019-10-07 06:27:40,452 [main] INFO  hdfs.DFSUtil (DFSUtil.java:httpServerTemplateForNNAndJN(1641)) - Starting Web-server for hddsDatanode at: http://0.0.0.0:0
2019-10-07 06:27:40,453 [main] INFO  server.AuthenticationFilter (AuthenticationFilter.java:constructSecretProvider(240)) - Unable to initialize FileSignerSecretProvider, falling back to use random secrets.
2019-10-07 06:27:40,453 [main] WARN  http.HttpRequestLog (HttpRequestLog.java:getRequestLog(97)) - Jetty request log can only be enabled using Log4j
2019-10-07 06:27:40,454 [main] INFO  http.HttpServer2 (HttpServer2.java:addGlobalFilter(975)) - Added global filter 'safety' (class=org.apache.hadoop.http.HttpServer2$QuotingInputFilter)
2019-10-07 06:27:40,455 [main] INFO  http.HttpServer2 (HttpServer2.java:addFilter(948)) - Added filter static_user_filter (class=org.apache.hadoop.http.lib.StaticUserWebFilter$StaticUserFilter) to context hddsDatanode
2019-10-07 06:27:40,455 [main] INFO  http.HttpServer2 (HttpServer2.java:addFilter(958)) - Added filter static_user_filter (class=org.apache.hadoop.http.lib.StaticUserWebFilter$StaticUserFilter) to context static
2019-10-07 06:27:40,455 [main] INFO  http.HttpServer2 (HttpServer2.java:addFilter(958)) - Added filter static_user_filter (class=org.apache.hadoop.http.lib.StaticUserWebFilter$StaticUserFilter) to context logs
2019-10-07 06:27:40,456 [main] INFO  http.HttpServer2 (HttpServer2.java:bindListener(1191)) - Jetty bound to port 35154
2019-10-07 06:27:40,456 [main] INFO  server.Server (Server.java:doStart(351)) - jetty-9.3.25.v20180904, build timestamp: 2018-09-04T21:11:46Z, git hash: 3ce520221d0240229c862b122d2b06c12a625732
2019-10-07 06:27:40,457 [main] INFO  handler.ContextHandler (ContextHandler.java:doStart(781)) - Started o.e.j.s.ServletContextHandler@691567ea{/logs,file:///workdir/hadoop-ozone/integration-test/target/log,AVAILABLE}
2019-10-07 06:27:40,458 [main] INFO  handler.ContextHandler (ContextHandler.java:doStart(781)) - Started o.e.j.s.ServletContextHandler@5c8d58ed{/static,jar:file:/home/user/.m2/repository/org/apache/hadoop/hadoop-hdds-container-service/0.5.0-SNAPSHOT/hadoop-hdds-container-service-0.5.0-SNAPSHOT.jar!/webapps/static,AVAILABLE}
2019-10-07 06:27:40,486 [main] INFO  handler.ContextHandler (ContextHandler.java:doStart(781)) - Started o.e.j.w.WebAppContext@61359e87{/,file:///tmp/jetty-0.0.0.0-35154-hddsDatanode-_-any-3495404339464436559.dir/webapp/,AVAILABLE}{/hddsDatanode}
2019-10-07 06:27:40,486 [main] INFO  server.AbstractConnector (AbstractConnector.java:doStart(278)) - Started ServerConnector@2dc39b53{HTTP/1.1,[http/1.1]}{0.0.0.0:35154}
2019-10-07 06:27:40,488 [main] INFO  server.Server (Server.java:doStart(419)) - Started @205347ms
2019-10-07 06:27:40,488 [main] WARN  impl.MetricsSystemImpl (MetricsSystemImpl.java:register(276)) - Sink prometheus already exists!
2019-10-07 06:27:40,488 [main] INFO  server.BaseHttpServer (BaseHttpServer.java:updateConnectorAddress(215)) - HTTP server of HDDSDATANODE is listening at http://0.0.0.0:35154
2019-10-07 06:27:40,489 [main] INFO  impl.MetricsSystemImpl (MetricsSystemImpl.java:init(158)) - HddsDatanode metrics system started (again)
2019-10-07 06:27:40,493 [org.apache.hadoop.util.JvmPauseMonitor$Monitor@785fc753] INFO  util.JvmPauseMonitor (JvmPauseMonitor.java:run(188)) - Starting JVM pause monitor
2019-10-07 06:27:40,493 [main] INFO  ozone.HddsDatanodeService (HddsDatanodeService.java:start(184)) - HddsDatanodeService host:trunk-nightly-20191007-kbwpl-4130163227 ip:192.168.30.3
2019-10-07 06:27:40,494 [Datanode State Machine Thread - 0] INFO  datanode.InitDatanodeState (InitDatanodeState.java:persistContainerDatanodeDetails(140)) - DatanodeDetails is persisted to /workdir/hadoop-ozone/integration-test/target/test-dir/MiniOzoneClusterImpl-edc4639a-9306-46b6-9240-db948b47afbc/datanode-2/meta/datanode.id
2019-10-07 06:27:40,500 [main] INFO  volume.HddsVolume (HddsVolume.java:<init>(176)) - Creating Volume: /workdir/hadoop-ozone/integration-test/target/test-dir/MiniOzoneClusterImpl-edc4639a-9306-46b6-9240-db948b47afbc/datanode-3/data/containers/hdds of  storage type : DISK and capacity : 1482555576320
2019-10-07 06:27:40,500 [main] INFO  volume.VolumeSet (VolumeSet.java:initializeVolumeSet(170)) - Added Volume : /workdir/hadoop-ozone/integration-test/target/test-dir/MiniOzoneClusterImpl-edc4639a-9306-46b6-9240-db948b47afbc/datanode-3/data/containers/hdds to VolumeSet
2019-10-07 06:27:40,500 [main] INFO  volume.ThrottledAsyncChecker (ThrottledAsyncChecker.java:schedule(139)) - Scheduling a check for org.apache.hadoop.ozone.container.common.volume.HddsVolume@37606fee
2019-10-07 06:27:40,501 [main] INFO  volume.HddsVolumeChecker (HddsVolumeChecker.java:checkAllVolumes(202)) - Scheduled health check for volume org.apache.hadoop.ozone.container.common.volume.HddsVolume@37606fee
2019-10-07 06:27:40,514 [main] INFO  impl.RaftServerProxy (ConfUtils.java:logGet(43)) - raft.rpc.type = GRPC (default)
2019-10-07 06:27:40,514 [main] INFO  grpc.GrpcFactory (GrpcFactory.java:checkPooledByteBufAllocatorUseCacheForAllThreads(45)) - PERFORMANCE WARNING: useCacheForAllThreads is true that may cause Netty to create a lot garbage objects and, as a result, trigger GC.
	It is recommended to disable useCacheForAllThreads by setting -Dorg.apache.ratis.thirdparty.io.netty.allocator.useCacheForAllThreads=false in command line.
2019-10-07 06:27:40,515 [main] INFO  grpc.GrpcConfigKeys$Server (ConfUtils.java:logGet(43)) - raft.grpc.server.port = 0 (default)
2019-10-07 06:27:40,515 [main] INFO  server.GrpcService (ConfUtils.java:logGet(43)) - raft.grpc.message.size.max = 33570816 (custom)
2019-10-07 06:27:40,515 [main] INFO  server.RaftServerConfigKeys (ConfUtils.java:logGet(43)) - raft.server.log.appender.buffer.byte-limit = 33554432 (custom)
2019-10-07 06:27:40,515 [main] INFO  server.GrpcService (ConfUtils.java:logGet(43)) - raft.grpc.flow.control.window = 1MB (=1048576) (default)
2019-10-07 06:27:40,515 [main] INFO  server.RaftServerConfigKeys (ConfUtils.java:logGet(43)) - raft.server.rpc.request.timeout = 3000ms (default)
2019-10-07 06:27:40,516 [main] INFO  server.RaftServerConfigKeys (ConfUtils.java:logGet(43)) - raft.server.storage.dir = [/workdir/hadoop-ozone/integration-test/target/test-dir/MiniOzoneClusterImpl-edc4639a-9306-46b6-9240-db948b47afbc/datanode-3/data/ratis] (custom)
2019-10-07 06:27:40,517 [main] INFO  hdfs.DFSUtil (DFSUtil.java:httpServerTemplateForNNAndJN(1641)) - Starting Web-server for hddsDatanode at: http://0.0.0.0:0
2019-10-07 06:27:40,518 [main] INFO  server.AuthenticationFilter (AuthenticationFilter.java:constructSecretProvider(240)) - Unable to initialize FileSignerSecretProvider, falling back to use random secrets.
2019-10-07 06:27:40,518 [main] WARN  http.HttpRequestLog (HttpRequestLog.java:getRequestLog(97)) - Jetty request log can only be enabled using Log4j
2019-10-07 06:27:40,519 [main] INFO  http.HttpServer2 (HttpServer2.java:addGlobalFilter(975)) - Added global filter 'safety' (class=org.apache.hadoop.http.HttpServer2$QuotingInputFilter)
2019-10-07 06:27:40,519 [main] INFO  http.HttpServer2 (HttpServer2.java:addFilter(948)) - Added filter static_user_filter (class=org.apache.hadoop.http.lib.StaticUserWebFilter$StaticUserFilter) to context hddsDatanode
2019-10-07 06:27:40,519 [main] INFO  http.HttpServer2 (HttpServer2.java:addFilter(958)) - Added filter static_user_filter (class=org.apache.hadoop.http.lib.StaticUserWebFilter$StaticUserFilter) to context logs
2019-10-07 06:27:40,520 [main] INFO  http.HttpServer2 (HttpServer2.java:addFilter(958)) - Added filter static_user_filter (class=org.apache.hadoop.http.lib.StaticUserWebFilter$StaticUserFilter) to context static
2019-10-07 06:27:40,520 [main] INFO  http.HttpServer2 (HttpServer2.java:bindListener(1191)) - Jetty bound to port 40188
2019-10-07 06:27:40,520 [main] INFO  server.Server (Server.java:doStart(351)) - jetty-9.3.25.v20180904, build timestamp: 2018-09-04T21:11:46Z, git hash: 3ce520221d0240229c862b122d2b06c12a625732
2019-10-07 06:27:40,522 [main] INFO  handler.ContextHandler (ContextHandler.java:doStart(781)) - Started o.e.j.s.ServletContextHandler@4b7ed03e{/logs,file:///workdir/hadoop-ozone/integration-test/target/log,AVAILABLE}
2019-10-07 06:27:40,522 [main] INFO  handler.ContextHandler (ContextHandler.java:doStart(781)) - Started o.e.j.s.ServletContextHandler@6f91fbda{/static,jar:file:/home/user/.m2/repository/org/apache/hadoop/hadoop-hdds-container-service/0.5.0-SNAPSHOT/hadoop-hdds-container-service-0.5.0-SNAPSHOT.jar!/webapps/static,AVAILABLE}
2019-10-07 06:27:40,550 [main] INFO  handler.ContextHandler (ContextHandler.java:doStart(781)) - Started o.e.j.w.WebAppContext@599f1b7{/,file:///tmp/jetty-0.0.0.0-40188-hddsDatanode-_-any-1935662722614209875.dir/webapp/,AVAILABLE}{/hddsDatanode}
2019-10-07 06:27:40,550 [main] INFO  server.AbstractConnector (AbstractConnector.java:doStart(278)) - Started ServerConnector@22791b75{HTTP/1.1,[http/1.1]}{0.0.0.0:40188}
2019-10-07 06:27:40,552 [main] INFO  server.Server (Server.java:doStart(419)) - Started @205411ms
2019-10-07 06:27:40,552 [main] WARN  impl.MetricsSystemImpl (MetricsSystemImpl.java:register(276)) - Sink prometheus already exists!
2019-10-07 06:27:40,554 [main] INFO  server.BaseHttpServer (BaseHttpServer.java:updateConnectorAddress(215)) - HTTP server of HDDSDATANODE is listening at http://0.0.0.0:40188
2019-10-07 06:27:40,554 [main] INFO  impl.MetricsSystemImpl (MetricsSystemImpl.java:init(158)) - HddsDatanode metrics system started (again)
2019-10-07 06:27:40,559 [org.apache.hadoop.util.JvmPauseMonitor$Monitor@19dfcf93] INFO  util.JvmPauseMonitor (JvmPauseMonitor.java:run(188)) - Starting JVM pause monitor
2019-10-07 06:27:40,559 [main] INFO  ozone.HddsDatanodeService (HddsDatanodeService.java:start(184)) - HddsDatanodeService host:trunk-nightly-20191007-kbwpl-4130163227 ip:192.168.30.3
2019-10-07 06:27:40,561 [Datanode State Machine Thread - 0] INFO  datanode.InitDatanodeState (InitDatanodeState.java:persistContainerDatanodeDetails(140)) - DatanodeDetails is persisted to /workdir/hadoop-ozone/integration-test/target/test-dir/MiniOzoneClusterImpl-edc4639a-9306-46b6-9240-db948b47afbc/datanode-3/meta/datanode.id
2019-10-07 06:27:40,571 [main] INFO  volume.HddsVolume (HddsVolume.java:<init>(176)) - Creating Volume: /workdir/hadoop-ozone/integration-test/target/test-dir/MiniOzoneClusterImpl-edc4639a-9306-46b6-9240-db948b47afbc/datanode-4/data/containers/hdds of  storage type : DISK and capacity : 1482555576320
2019-10-07 06:27:40,572 [main] INFO  volume.VolumeSet (VolumeSet.java:initializeVolumeSet(170)) - Added Volume : /workdir/hadoop-ozone/integration-test/target/test-dir/MiniOzoneClusterImpl-edc4639a-9306-46b6-9240-db948b47afbc/datanode-4/data/containers/hdds to VolumeSet
2019-10-07 06:27:40,572 [main] INFO  volume.ThrottledAsyncChecker (ThrottledAsyncChecker.java:schedule(139)) - Scheduling a check for org.apache.hadoop.ozone.container.common.volume.HddsVolume@1a914089
2019-10-07 06:27:40,572 [main] INFO  volume.HddsVolumeChecker (HddsVolumeChecker.java:checkAllVolumes(202)) - Scheduled health check for volume org.apache.hadoop.ozone.container.common.volume.HddsVolume@1a914089
2019-10-07 06:27:40,591 [main] INFO  impl.RaftServerProxy (ConfUtils.java:logGet(43)) - raft.rpc.type = GRPC (default)
2019-10-07 06:27:40,591 [main] INFO  grpc.GrpcFactory (GrpcFactory.java:checkPooledByteBufAllocatorUseCacheForAllThreads(45)) - PERFORMANCE WARNING: useCacheForAllThreads is true that may cause Netty to create a lot garbage objects and, as a result, trigger GC.
	It is recommended to disable useCacheForAllThreads by setting -Dorg.apache.ratis.thirdparty.io.netty.allocator.useCacheForAllThreads=false in command line.
2019-10-07 06:27:40,591 [main] INFO  grpc.GrpcConfigKeys$Server (ConfUtils.java:logGet(43)) - raft.grpc.server.port = 0 (default)
2019-10-07 06:27:40,591 [main] INFO  server.GrpcService (ConfUtils.java:logGet(43)) - raft.grpc.message.size.max = 33570816 (custom)
2019-10-07 06:27:40,592 [main] INFO  server.RaftServerConfigKeys (ConfUtils.java:logGet(43)) - raft.server.log.appender.buffer.byte-limit = 33554432 (custom)
2019-10-07 06:27:40,592 [main] INFO  server.GrpcService (ConfUtils.java:logGet(43)) - raft.grpc.flow.control.window = 1MB (=1048576) (default)
2019-10-07 06:27:40,592 [main] INFO  server.RaftServerConfigKeys (ConfUtils.java:logGet(43)) - raft.server.rpc.request.timeout = 3000ms (default)
2019-10-07 06:27:40,593 [main] INFO  server.RaftServerConfigKeys (ConfUtils.java:logGet(43)) - raft.server.storage.dir = [/workdir/hadoop-ozone/integration-test/target/test-dir/MiniOzoneClusterImpl-edc4639a-9306-46b6-9240-db948b47afbc/datanode-4/data/ratis] (custom)
2019-10-07 06:27:40,594 [main] INFO  hdfs.DFSUtil (DFSUtil.java:httpServerTemplateForNNAndJN(1641)) - Starting Web-server for hddsDatanode at: http://0.0.0.0:0
2019-10-07 06:27:40,596 [main] INFO  server.AuthenticationFilter (AuthenticationFilter.java:constructSecretProvider(240)) - Unable to initialize FileSignerSecretProvider, falling back to use random secrets.
2019-10-07 06:27:40,596 [main] WARN  http.HttpRequestLog (HttpRequestLog.java:getRequestLog(97)) - Jetty request log can only be enabled using Log4j
2019-10-07 06:27:40,598 [main] INFO  http.HttpServer2 (HttpServer2.java:addGlobalFilter(975)) - Added global filter 'safety' (class=org.apache.hadoop.http.HttpServer2$QuotingInputFilter)
2019-10-07 06:27:40,598 [main] INFO  http.HttpServer2 (HttpServer2.java:addFilter(948)) - Added filter static_user_filter (class=org.apache.hadoop.http.lib.StaticUserWebFilter$StaticUserFilter) to context hddsDatanode
2019-10-07 06:27:40,599 [main] INFO  http.HttpServer2 (HttpServer2.java:addFilter(958)) - Added filter static_user_filter (class=org.apache.hadoop.http.lib.StaticUserWebFilter$StaticUserFilter) to context static
2019-10-07 06:27:40,599 [main] INFO  http.HttpServer2 (HttpServer2.java:addFilter(958)) - Added filter static_user_filter (class=org.apache.hadoop.http.lib.StaticUserWebFilter$StaticUserFilter) to context logs
2019-10-07 06:27:40,600 [main] INFO  http.HttpServer2 (HttpServer2.java:bindListener(1191)) - Jetty bound to port 43716
2019-10-07 06:27:40,600 [main] INFO  server.Server (Server.java:doStart(351)) - jetty-9.3.25.v20180904, build timestamp: 2018-09-04T21:11:46Z, git hash: 3ce520221d0240229c862b122d2b06c12a625732
2019-10-07 06:27:40,601 [main] INFO  handler.ContextHandler (ContextHandler.java:doStart(781)) - Started o.e.j.s.ServletContextHandler@3002e397{/logs,file:///workdir/hadoop-ozone/integration-test/target/log,AVAILABLE}
2019-10-07 06:27:40,602 [main] INFO  handler.ContextHandler (ContextHandler.java:doStart(781)) - Started o.e.j.s.ServletContextHandler@38159384{/static,jar:file:/home/user/.m2/repository/org/apache/hadoop/hadoop-hdds-container-service/0.5.0-SNAPSHOT/hadoop-hdds-container-service-0.5.0-SNAPSHOT.jar!/webapps/static,AVAILABLE}
2019-10-07 06:27:40,635 [main] INFO  handler.ContextHandler (ContextHandler.java:doStart(781)) - Started o.e.j.w.WebAppContext@4584304{/,file:///tmp/jetty-0.0.0.0-43716-hddsDatanode-_-any-755350338098740816.dir/webapp/,AVAILABLE}{/hddsDatanode}
2019-10-07 06:27:40,636 [main] INFO  server.AbstractConnector (AbstractConnector.java:doStart(278)) - Started ServerConnector@51888019{HTTP/1.1,[http/1.1]}{0.0.0.0:43716}
2019-10-07 06:27:40,638 [main] INFO  server.Server (Server.java:doStart(419)) - Started @205497ms
2019-10-07 06:27:40,638 [main] WARN  impl.MetricsSystemImpl (MetricsSystemImpl.java:register(276)) - Sink prometheus already exists!
2019-10-07 06:27:40,638 [main] INFO  server.BaseHttpServer (BaseHttpServer.java:updateConnectorAddress(215)) - HTTP server of HDDSDATANODE is listening at http://0.0.0.0:43716
2019-10-07 06:27:40,639 [main] INFO  impl.MetricsSystemImpl (MetricsSystemImpl.java:init(158)) - HddsDatanode metrics system started (again)
2019-10-07 06:27:40,644 [org.apache.hadoop.util.JvmPauseMonitor$Monitor@7fec4f7d] INFO  util.JvmPauseMonitor (JvmPauseMonitor.java:run(188)) - Starting JVM pause monitor
2019-10-07 06:27:40,644 [main] INFO  ozone.HddsDatanodeService (HddsDatanodeService.java:start(184)) - HddsDatanodeService host:trunk-nightly-20191007-kbwpl-4130163227 ip:192.168.30.3
2019-10-07 06:27:40,644 [Datanode State Machine Thread - 0] INFO  datanode.InitDatanodeState (InitDatanodeState.java:persistContainerDatanodeDetails(140)) - DatanodeDetails is persisted to /workdir/hadoop-ozone/integration-test/target/test-dir/MiniOzoneClusterImpl-edc4639a-9306-46b6-9240-db948b47afbc/datanode-4/meta/datanode.id
2019-10-07 06:27:40,650 [main] INFO  volume.HddsVolume (HddsVolume.java:<init>(176)) - Creating Volume: /workdir/hadoop-ozone/integration-test/target/test-dir/MiniOzoneClusterImpl-edc4639a-9306-46b6-9240-db948b47afbc/datanode-5/data/containers/hdds of  storage type : DISK and capacity : 1482555576320
2019-10-07 06:27:40,650 [main] INFO  volume.VolumeSet (VolumeSet.java:initializeVolumeSet(170)) - Added Volume : /workdir/hadoop-ozone/integration-test/target/test-dir/MiniOzoneClusterImpl-edc4639a-9306-46b6-9240-db948b47afbc/datanode-5/data/containers/hdds to VolumeSet
2019-10-07 06:27:40,650 [main] INFO  volume.ThrottledAsyncChecker (ThrottledAsyncChecker.java:schedule(139)) - Scheduling a check for org.apache.hadoop.ozone.container.common.volume.HddsVolume@22cb3d59
2019-10-07 06:27:40,651 [main] INFO  volume.HddsVolumeChecker (HddsVolumeChecker.java:checkAllVolumes(202)) - Scheduled health check for volume org.apache.hadoop.ozone.container.common.volume.HddsVolume@22cb3d59
2019-10-07 06:27:40,662 [main] INFO  impl.RaftServerProxy (ConfUtils.java:logGet(43)) - raft.rpc.type = GRPC (default)
2019-10-07 06:27:40,662 [main] INFO  grpc.GrpcFactory (GrpcFactory.java:checkPooledByteBufAllocatorUseCacheForAllThreads(45)) - PERFORMANCE WARNING: useCacheForAllThreads is true that may cause Netty to create a lot garbage objects and, as a result, trigger GC.
	It is recommended to disable useCacheForAllThreads by setting -Dorg.apache.ratis.thirdparty.io.netty.allocator.useCacheForAllThreads=false in command line.
2019-10-07 06:27:40,662 [main] INFO  grpc.GrpcConfigKeys$Server (ConfUtils.java:logGet(43)) - raft.grpc.server.port = 0 (default)
2019-10-07 06:27:40,662 [main] INFO  server.GrpcService (ConfUtils.java:logGet(43)) - raft.grpc.message.size.max = 33570816 (custom)
2019-10-07 06:27:40,662 [main] INFO  server.RaftServerConfigKeys (ConfUtils.java:logGet(43)) - raft.server.log.appender.buffer.byte-limit = 33554432 (custom)
2019-10-07 06:27:40,663 [main] INFO  server.GrpcService (ConfUtils.java:logGet(43)) - raft.grpc.flow.control.window = 1MB (=1048576) (default)
2019-10-07 06:27:40,663 [main] INFO  server.RaftServerConfigKeys (ConfUtils.java:logGet(43)) - raft.server.rpc.request.timeout = 3000ms (default)
2019-10-07 06:27:40,663 [main] INFO  server.RaftServerConfigKeys (ConfUtils.java:logGet(43)) - raft.server.storage.dir = [/workdir/hadoop-ozone/integration-test/target/test-dir/MiniOzoneClusterImpl-edc4639a-9306-46b6-9240-db948b47afbc/datanode-5/data/ratis] (custom)
2019-10-07 06:27:40,665 [main] INFO  hdfs.DFSUtil (DFSUtil.java:httpServerTemplateForNNAndJN(1641)) - Starting Web-server for hddsDatanode at: http://0.0.0.0:0
2019-10-07 06:27:40,666 [main] INFO  server.AuthenticationFilter (AuthenticationFilter.java:constructSecretProvider(240)) - Unable to initialize FileSignerSecretProvider, falling back to use random secrets.
2019-10-07 06:27:40,666 [main] WARN  http.HttpRequestLog (HttpRequestLog.java:getRequestLog(97)) - Jetty request log can only be enabled using Log4j
2019-10-07 06:27:40,667 [main] INFO  http.HttpServer2 (HttpServer2.java:addGlobalFilter(975)) - Added global filter 'safety' (class=org.apache.hadoop.http.HttpServer2$QuotingInputFilter)
2019-10-07 06:27:40,668 [main] INFO  http.HttpServer2 (HttpServer2.java:addFilter(948)) - Added filter static_user_filter (class=org.apache.hadoop.http.lib.StaticUserWebFilter$StaticUserFilter) to context hddsDatanode
2019-10-07 06:27:40,668 [main] INFO  http.HttpServer2 (HttpServer2.java:addFilter(958)) - Added filter static_user_filter (class=org.apache.hadoop.http.lib.StaticUserWebFilter$StaticUserFilter) to context logs
2019-10-07 06:27:40,668 [main] INFO  http.HttpServer2 (HttpServer2.java:addFilter(958)) - Added filter static_user_filter (class=org.apache.hadoop.http.lib.StaticUserWebFilter$StaticUserFilter) to context static
2019-10-07 06:27:40,668 [main] INFO  http.HttpServer2 (HttpServer2.java:bindListener(1191)) - Jetty bound to port 33366
2019-10-07 06:27:40,669 [main] INFO  server.Server (Server.java:doStart(351)) - jetty-9.3.25.v20180904, build timestamp: 2018-09-04T21:11:46Z, git hash: 3ce520221d0240229c862b122d2b06c12a625732
2019-10-07 06:27:40,670 [main] INFO  handler.ContextHandler (ContextHandler.java:doStart(781)) - Started o.e.j.s.ServletContextHandler@530ee28b{/logs,file:///workdir/hadoop-ozone/integration-test/target/log,AVAILABLE}
2019-10-07 06:27:40,670 [main] INFO  handler.ContextHandler (ContextHandler.java:doStart(781)) - Started o.e.j.s.ServletContextHandler@4def7d36{/static,jar:file:/home/user/.m2/repository/org/apache/hadoop/hadoop-hdds-container-service/0.5.0-SNAPSHOT/hadoop-hdds-container-service-0.5.0-SNAPSHOT.jar!/webapps/static,AVAILABLE}
2019-10-07 06:27:40,698 [main] INFO  handler.ContextHandler (ContextHandler.java:doStart(781)) - Started o.e.j.w.WebAppContext@66e341e9{/,file:///tmp/jetty-0.0.0.0-33366-hddsDatanode-_-any-9155082315069035601.dir/webapp/,AVAILABLE}{/hddsDatanode}
2019-10-07 06:27:40,699 [main] INFO  server.AbstractConnector (AbstractConnector.java:doStart(278)) - Started ServerConnector@5b48f0f4{HTTP/1.1,[http/1.1]}{0.0.0.0:33366}
2019-10-07 06:27:40,700 [main] INFO  server.Server (Server.java:doStart(419)) - Started @205559ms
2019-10-07 06:27:40,700 [main] WARN  impl.MetricsSystemImpl (MetricsSystemImpl.java:register(276)) - Sink prometheus already exists!
2019-10-07 06:27:40,701 [main] INFO  server.BaseHttpServer (BaseHttpServer.java:updateConnectorAddress(215)) - HTTP server of HDDSDATANODE is listening at http://0.0.0.0:33366
2019-10-07 06:27:40,701 [main] INFO  impl.MetricsSystemImpl (MetricsSystemImpl.java:init(158)) - HddsDatanode metrics system started (again)
2019-10-07 06:27:40,706 [org.apache.hadoop.util.JvmPauseMonitor$Monitor@309c0d6] INFO  util.JvmPauseMonitor (JvmPauseMonitor.java:run(188)) - Starting JVM pause monitor
2019-10-07 06:27:40,707 [main] INFO  ozone.HddsDatanodeService (HddsDatanodeService.java:start(184)) - HddsDatanodeService host:trunk-nightly-20191007-kbwpl-4130163227 ip:192.168.30.3
2019-10-07 06:27:40,708 [Datanode State Machine Thread - 0] INFO  datanode.InitDatanodeState (InitDatanodeState.java:persistContainerDatanodeDetails(140)) - DatanodeDetails is persisted to /workdir/hadoop-ozone/integration-test/target/test-dir/MiniOzoneClusterImpl-edc4639a-9306-46b6-9240-db948b47afbc/datanode-5/meta/datanode.id
2019-10-07 06:27:40,712 [main] INFO  volume.HddsVolume (HddsVolume.java:<init>(176)) - Creating Volume: /workdir/hadoop-ozone/integration-test/target/test-dir/MiniOzoneClusterImpl-edc4639a-9306-46b6-9240-db948b47afbc/datanode-6/data/containers/hdds of  storage type : DISK and capacity : 1482555576320
2019-10-07 06:27:40,712 [main] INFO  volume.VolumeSet (VolumeSet.java:initializeVolumeSet(170)) - Added Volume : /workdir/hadoop-ozone/integration-test/target/test-dir/MiniOzoneClusterImpl-edc4639a-9306-46b6-9240-db948b47afbc/datanode-6/data/containers/hdds to VolumeSet
2019-10-07 06:27:40,713 [main] INFO  volume.ThrottledAsyncChecker (ThrottledAsyncChecker.java:schedule(139)) - Scheduling a check for org.apache.hadoop.ozone.container.common.volume.HddsVolume@5939e24
2019-10-07 06:27:40,713 [main] INFO  volume.HddsVolumeChecker (HddsVolumeChecker.java:checkAllVolumes(202)) - Scheduled health check for volume org.apache.hadoop.ozone.container.common.volume.HddsVolume@5939e24
2019-10-07 06:27:40,725 [main] INFO  impl.RaftServerProxy (ConfUtils.java:logGet(43)) - raft.rpc.type = GRPC (default)
2019-10-07 06:27:40,725 [main] INFO  grpc.GrpcFactory (GrpcFactory.java:checkPooledByteBufAllocatorUseCacheForAllThreads(45)) - PERFORMANCE WARNING: useCacheForAllThreads is true that may cause Netty to create a lot garbage objects and, as a result, trigger GC.
	It is recommended to disable useCacheForAllThreads by setting -Dorg.apache.ratis.thirdparty.io.netty.allocator.useCacheForAllThreads=false in command line.
2019-10-07 06:27:40,725 [main] INFO  grpc.GrpcConfigKeys$Server (ConfUtils.java:logGet(43)) - raft.grpc.server.port = 0 (default)
2019-10-07 06:27:40,725 [main] INFO  server.GrpcService (ConfUtils.java:logGet(43)) - raft.grpc.message.size.max = 33570816 (custom)
2019-10-07 06:27:40,725 [main] INFO  server.RaftServerConfigKeys (ConfUtils.java:logGet(43)) - raft.server.log.appender.buffer.byte-limit = 33554432 (custom)
2019-10-07 06:27:40,725 [main] INFO  server.GrpcService (ConfUtils.java:logGet(43)) - raft.grpc.flow.control.window = 1MB (=1048576) (default)
2019-10-07 06:27:40,726 [main] INFO  server.RaftServerConfigKeys (ConfUtils.java:logGet(43)) - raft.server.rpc.request.timeout = 3000ms (default)
2019-10-07 06:27:40,726 [main] INFO  server.RaftServerConfigKeys (ConfUtils.java:logGet(43)) - raft.server.storage.dir = [/workdir/hadoop-ozone/integration-test/target/test-dir/MiniOzoneClusterImpl-edc4639a-9306-46b6-9240-db948b47afbc/datanode-6/data/ratis] (custom)
2019-10-07 06:27:40,727 [main] INFO  hdfs.DFSUtil (DFSUtil.java:httpServerTemplateForNNAndJN(1641)) - Starting Web-server for hddsDatanode at: http://0.0.0.0:0
2019-10-07 06:27:40,728 [main] INFO  server.AuthenticationFilter (AuthenticationFilter.java:constructSecretProvider(240)) - Unable to initialize FileSignerSecretProvider, falling back to use random secrets.
2019-10-07 06:27:40,729 [main] WARN  http.HttpRequestLog (HttpRequestLog.java:getRequestLog(97)) - Jetty request log can only be enabled using Log4j
2019-10-07 06:27:40,730 [main] INFO  http.HttpServer2 (HttpServer2.java:addGlobalFilter(975)) - Added global filter 'safety' (class=org.apache.hadoop.http.HttpServer2$QuotingInputFilter)
2019-10-07 06:27:40,730 [main] INFO  http.HttpServer2 (HttpServer2.java:addFilter(948)) - Added filter static_user_filter (class=org.apache.hadoop.http.lib.StaticUserWebFilter$StaticUserFilter) to context hddsDatanode
2019-10-07 06:27:40,730 [main] INFO  http.HttpServer2 (HttpServer2.java:addFilter(958)) - Added filter static_user_filter (class=org.apache.hadoop.http.lib.StaticUserWebFilter$StaticUserFilter) to context logs
2019-10-07 06:27:40,731 [main] INFO  http.HttpServer2 (HttpServer2.java:addFilter(958)) - Added filter static_user_filter (class=org.apache.hadoop.http.lib.StaticUserWebFilter$StaticUserFilter) to context static
2019-10-07 06:27:40,731 [main] INFO  http.HttpServer2 (HttpServer2.java:bindListener(1191)) - Jetty bound to port 33207
2019-10-07 06:27:40,731 [main] INFO  server.Server (Server.java:doStart(351)) - jetty-9.3.25.v20180904, build timestamp: 2018-09-04T21:11:46Z, git hash: 3ce520221d0240229c862b122d2b06c12a625732
2019-10-07 06:27:40,733 [main] INFO  handler.ContextHandler (ContextHandler.java:doStart(781)) - Started o.e.j.s.ServletContextHandler@28b523a{/logs,file:///workdir/hadoop-ozone/integration-test/target/log,AVAILABLE}
2019-10-07 06:27:40,733 [main] INFO  handler.ContextHandler (ContextHandler.java:doStart(781)) - Started o.e.j.s.ServletContextHandler@63d677f5{/static,jar:file:/home/user/.m2/repository/org/apache/hadoop/hadoop-hdds-container-service/0.5.0-SNAPSHOT/hadoop-hdds-container-service-0.5.0-SNAPSHOT.jar!/webapps/static,AVAILABLE}
2019-10-07 06:27:40,761 [main] INFO  handler.ContextHandler (ContextHandler.java:doStart(781)) - Started o.e.j.w.WebAppContext@743c3520{/,file:///tmp/jetty-0.0.0.0-33207-hddsDatanode-_-any-8855306228107210809.dir/webapp/,AVAILABLE}{/hddsDatanode}
2019-10-07 06:27:40,761 [main] INFO  server.AbstractConnector (AbstractConnector.java:doStart(278)) - Started ServerConnector@6842c101{HTTP/1.1,[http/1.1]}{0.0.0.0:33207}
2019-10-07 06:27:40,763 [main] INFO  server.Server (Server.java:doStart(419)) - Started @205622ms
2019-10-07 06:27:40,763 [main] WARN  impl.MetricsSystemImpl (MetricsSystemImpl.java:register(276)) - Sink prometheus already exists!
2019-10-07 06:27:40,763 [main] INFO  server.BaseHttpServer (BaseHttpServer.java:updateConnectorAddress(215)) - HTTP server of HDDSDATANODE is listening at http://0.0.0.0:33207
2019-10-07 06:27:40,764 [main] INFO  ozone.MiniOzoneClusterImpl (MiniOzoneClusterImpl.java:lambda$waitForClusterToBeReady$0(147)) - Waiting for cluster to be ready. Got 0 of 7 DN Heartbeats.
2019-10-07 06:27:40,765 [org.apache.hadoop.util.JvmPauseMonitor$Monitor@653f6fc3] INFO  util.JvmPauseMonitor (JvmPauseMonitor.java:run(188)) - Starting JVM pause monitor
2019-10-07 06:27:40,766 [Datanode State Machine Thread - 0] INFO  datanode.InitDatanodeState (InitDatanodeState.java:persistContainerDatanodeDetails(140)) - DatanodeDetails is persisted to /workdir/hadoop-ozone/integration-test/target/test-dir/MiniOzoneClusterImpl-edc4639a-9306-46b6-9240-db948b47afbc/datanode-6/meta/datanode.id
2019-10-07 06:27:41,764 [main] INFO  ozone.MiniOzoneClusterImpl (MiniOzoneClusterImpl.java:lambda$waitForClusterToBeReady$0(147)) - Waiting for cluster to be ready. Got 0 of 7 DN Heartbeats.
2019-10-07 06:27:42,428 [Datanode State Machine Thread - 0] INFO  ozoneimpl.OzoneContainer (OzoneContainer.java:start(217)) - Attempting to start container services.
2019-10-07 06:27:42,429 [Datanode State Machine Thread - 0] INFO  ozoneimpl.OzoneContainer (OzoneContainer.java:startContainerScrub(179)) - Background container scanner has been disabled.
2019-10-07 06:27:42,430 [Datanode State Machine Thread - 0] INFO  ratis.XceiverServerRatis (XceiverServerRatis.java:start(418)) - Starting XceiverServerRatis 63d673df-f08d-46d2-a119-e547cb49433b at port 0
2019-10-07 06:27:42,444 [Datanode State Machine Thread - 0] INFO  impl.RaftServerProxy (RaftServerProxy.java:lambda$start$3(299)) - 63d673df-f08d-46d2-a119-e547cb49433b: start RPC server
2019-10-07 06:27:42,449 [Datanode State Machine Thread - 0] INFO  server.GrpcService (GrpcService.java:startImpl(158)) - 63d673df-f08d-46d2-a119-e547cb49433b: GrpcService started, listening on 0.0.0.0/0.0.0.0:46593
2019-10-07 06:27:42,449 [Datanode State Machine Thread - 0] INFO  ratis.XceiverServerRatis (XceiverServerRatis.java:start(428)) - XceiverServerRatis 63d673df-f08d-46d2-a119-e547cb49433b is started using port 46593
2019-10-07 06:27:42,451 [Datanode State Machine Thread - 0] INFO  server.XceiverServerGrpc (XceiverServerGrpc.java:start(149)) - XceiverServerGrpc 63d673df-f08d-46d2-a119-e547cb49433b is started using port 33131
2019-10-07 06:27:42,452 [Datanode State Machine Thread - 0] INFO  ozoneimpl.OzoneContainer (OzoneContainer.java:start(217)) - Attempting to start container services.
2019-10-07 06:27:42,452 [Datanode State Machine Thread - 0] INFO  ozoneimpl.OzoneContainer (OzoneContainer.java:startContainerScrub(179)) - Background container scanner has been disabled.
2019-10-07 06:27:42,452 [Datanode State Machine Thread - 0] INFO  ratis.XceiverServerRatis (XceiverServerRatis.java:start(418)) - Starting XceiverServerRatis d594e33e-0c83-4fff-84be-cf0eedfeb723 at port 0
2019-10-07 06:27:42,461 [Datanode State Machine Thread - 0] INFO  impl.RaftServerProxy (RaftServerProxy.java:lambda$start$3(299)) - d594e33e-0c83-4fff-84be-cf0eedfeb723: start RPC server
2019-10-07 06:27:42,463 [Datanode State Machine Thread - 0] INFO  server.GrpcService (GrpcService.java:startImpl(158)) - d594e33e-0c83-4fff-84be-cf0eedfeb723: GrpcService started, listening on 0.0.0.0/0.0.0.0:43534
2019-10-07 06:27:42,463 [Datanode State Machine Thread - 0] INFO  ratis.XceiverServerRatis (XceiverServerRatis.java:start(428)) - XceiverServerRatis d594e33e-0c83-4fff-84be-cf0eedfeb723 is started using port 43534
2019-10-07 06:27:42,465 [Datanode State Machine Thread - 0] INFO  server.XceiverServerGrpc (XceiverServerGrpc.java:start(149)) - XceiverServerGrpc d594e33e-0c83-4fff-84be-cf0eedfeb723 is started using port 34229
2019-10-07 06:27:42,508 [Datanode State Machine Thread - 0] INFO  ozoneimpl.OzoneContainer (OzoneContainer.java:start(217)) - Attempting to start container services.
2019-10-07 06:27:42,508 [Datanode State Machine Thread - 0] INFO  ozoneimpl.OzoneContainer (OzoneContainer.java:startContainerScrub(179)) - Background container scanner has been disabled.
2019-10-07 06:27:42,508 [Datanode State Machine Thread - 0] INFO  ratis.XceiverServerRatis (XceiverServerRatis.java:start(418)) - Starting XceiverServerRatis 0ac1db07-9d44-4c65-9b95-e9033929b1b5 at port 0
2019-10-07 06:27:42,515 [Datanode State Machine Thread - 0] INFO  impl.RaftServerProxy (RaftServerProxy.java:lambda$start$3(299)) - 0ac1db07-9d44-4c65-9b95-e9033929b1b5: start RPC server
2019-10-07 06:27:42,517 [Datanode State Machine Thread - 0] INFO  server.GrpcService (GrpcService.java:startImpl(158)) - 0ac1db07-9d44-4c65-9b95-e9033929b1b5: GrpcService started, listening on 0.0.0.0/0.0.0.0:36106
2019-10-07 06:27:42,518 [Datanode State Machine Thread - 0] INFO  ratis.XceiverServerRatis (XceiverServerRatis.java:start(428)) - XceiverServerRatis 0ac1db07-9d44-4c65-9b95-e9033929b1b5 is started using port 36106
2019-10-07 06:27:42,520 [Datanode State Machine Thread - 0] INFO  server.XceiverServerGrpc (XceiverServerGrpc.java:start(149)) - XceiverServerGrpc 0ac1db07-9d44-4c65-9b95-e9033929b1b5 is started using port 37995
2019-10-07 06:27:42,574 [Datanode State Machine Thread - 0] INFO  ozoneimpl.OzoneContainer (OzoneContainer.java:start(217)) - Attempting to start container services.
2019-10-07 06:27:42,574 [Datanode State Machine Thread - 0] INFO  ozoneimpl.OzoneContainer (OzoneContainer.java:startContainerScrub(179)) - Background container scanner has been disabled.
2019-10-07 06:27:42,574 [Datanode State Machine Thread - 0] INFO  ratis.XceiverServerRatis (XceiverServerRatis.java:start(418)) - Starting XceiverServerRatis 0f392b92-c4ca-45f9-a050-92d339436648 at port 0
2019-10-07 06:27:42,583 [Datanode State Machine Thread - 0] INFO  impl.RaftServerProxy (RaftServerProxy.java:lambda$start$3(299)) - 0f392b92-c4ca-45f9-a050-92d339436648: start RPC server
2019-10-07 06:27:42,585 [Datanode State Machine Thread - 0] INFO  server.GrpcService (GrpcService.java:startImpl(158)) - 0f392b92-c4ca-45f9-a050-92d339436648: GrpcService started, listening on 0.0.0.0/0.0.0.0:40209
2019-10-07 06:27:42,586 [Datanode State Machine Thread - 0] INFO  ratis.XceiverServerRatis (XceiverServerRatis.java:start(428)) - XceiverServerRatis 0f392b92-c4ca-45f9-a050-92d339436648 is started using port 40209
2019-10-07 06:27:42,586 [Datanode State Machine Thread - 0] INFO  server.XceiverServerGrpc (XceiverServerGrpc.java:start(149)) - XceiverServerGrpc 0f392b92-c4ca-45f9-a050-92d339436648 is started using port 33372
2019-10-07 06:27:42,657 [Datanode State Machine Thread - 0] INFO  ozoneimpl.OzoneContainer (OzoneContainer.java:start(217)) - Attempting to start container services.
2019-10-07 06:27:42,657 [Datanode State Machine Thread - 0] INFO  ozoneimpl.OzoneContainer (OzoneContainer.java:startContainerScrub(179)) - Background container scanner has been disabled.
2019-10-07 06:27:42,657 [Datanode State Machine Thread - 0] INFO  ratis.XceiverServerRatis (XceiverServerRatis.java:start(418)) - Starting XceiverServerRatis f0af57f8-83df-4c64-9a7d-a985d135956b at port 0
2019-10-07 06:27:42,664 [Datanode State Machine Thread - 0] INFO  impl.RaftServerProxy (RaftServerProxy.java:lambda$start$3(299)) - f0af57f8-83df-4c64-9a7d-a985d135956b: start RPC server
2019-10-07 06:27:42,667 [Datanode State Machine Thread - 0] INFO  server.GrpcService (GrpcService.java:startImpl(158)) - f0af57f8-83df-4c64-9a7d-a985d135956b: GrpcService started, listening on 0.0.0.0/0.0.0.0:45855
2019-10-07 06:27:42,667 [Datanode State Machine Thread - 0] INFO  ratis.XceiverServerRatis (XceiverServerRatis.java:start(428)) - XceiverServerRatis f0af57f8-83df-4c64-9a7d-a985d135956b is started using port 45855
2019-10-07 06:27:42,670 [Datanode State Machine Thread - 0] INFO  server.XceiverServerGrpc (XceiverServerGrpc.java:start(149)) - XceiverServerGrpc f0af57f8-83df-4c64-9a7d-a985d135956b is started using port 42958
2019-10-07 06:27:42,711 [Datanode State Machine Thread - 0] INFO  ozoneimpl.OzoneContainer (OzoneContainer.java:start(217)) - Attempting to start container services.
2019-10-07 06:27:42,711 [Datanode State Machine Thread - 0] INFO  ozoneimpl.OzoneContainer (OzoneContainer.java:startContainerScrub(179)) - Background container scanner has been disabled.
2019-10-07 06:27:42,711 [Datanode State Machine Thread - 0] INFO  ratis.XceiverServerRatis (XceiverServerRatis.java:start(418)) - Starting XceiverServerRatis ccce0cf6-0bfa-4fde-a121-82131e222540 at port 0
2019-10-07 06:27:42,717 [Datanode State Machine Thread - 0] INFO  impl.RaftServerProxy (RaftServerProxy.java:lambda$start$3(299)) - ccce0cf6-0bfa-4fde-a121-82131e222540: start RPC server
2019-10-07 06:27:42,730 [Datanode State Machine Thread - 0] INFO  server.GrpcService (GrpcService.java:startImpl(158)) - ccce0cf6-0bfa-4fde-a121-82131e222540: GrpcService started, listening on 0.0.0.0/0.0.0.0:35237
2019-10-07 06:27:42,730 [Datanode State Machine Thread - 0] INFO  ratis.XceiverServerRatis (XceiverServerRatis.java:start(428)) - XceiverServerRatis ccce0cf6-0bfa-4fde-a121-82131e222540 is started using port 35237
2019-10-07 06:27:42,731 [Datanode State Machine Thread - 0] INFO  server.XceiverServerGrpc (XceiverServerGrpc.java:start(149)) - XceiverServerGrpc ccce0cf6-0bfa-4fde-a121-82131e222540 is started using port 46068
2019-10-07 06:27:42,765 [main] INFO  ozone.MiniOzoneClusterImpl (MiniOzoneClusterImpl.java:lambda$waitForClusterToBeReady$0(147)) - Waiting for cluster to be ready. Got 0 of 7 DN Heartbeats.
2019-10-07 06:27:42,780 [Datanode State Machine Thread - 0] INFO  ozoneimpl.OzoneContainer (OzoneContainer.java:start(217)) - Attempting to start container services.
2019-10-07 06:27:42,780 [Datanode State Machine Thread - 0] INFO  ozoneimpl.OzoneContainer (OzoneContainer.java:startContainerScrub(179)) - Background container scanner has been disabled.
2019-10-07 06:27:42,780 [Datanode State Machine Thread - 0] INFO  ratis.XceiverServerRatis (XceiverServerRatis.java:start(418)) - Starting XceiverServerRatis d5245370-27d9-4f55-843d-593ffd90a4f6 at port 0
2019-10-07 06:27:42,787 [Datanode State Machine Thread - 0] INFO  impl.RaftServerProxy (RaftServerProxy.java:lambda$start$3(299)) - d5245370-27d9-4f55-843d-593ffd90a4f6: start RPC server
2019-10-07 06:27:42,791 [Datanode State Machine Thread - 0] INFO  server.GrpcService (GrpcService.java:startImpl(158)) - d5245370-27d9-4f55-843d-593ffd90a4f6: GrpcService started, listening on 0.0.0.0/0.0.0.0:42992
2019-10-07 06:27:42,791 [Datanode State Machine Thread - 0] INFO  ratis.XceiverServerRatis (XceiverServerRatis.java:start(428)) - XceiverServerRatis d5245370-27d9-4f55-843d-593ffd90a4f6 is started using port 42992
2019-10-07 06:27:42,791 [Datanode State Machine Thread - 0] INFO  server.XceiverServerGrpc (XceiverServerGrpc.java:start(149)) - XceiverServerGrpc d5245370-27d9-4f55-843d-593ffd90a4f6 is started using port 39575
2019-10-07 06:27:43,766 [main] INFO  ozone.MiniOzoneClusterImpl (MiniOzoneClusterImpl.java:lambda$waitForClusterToBeReady$0(147)) - Waiting for cluster to be ready. Got 0 of 7 DN Heartbeats.
2019-10-07 06:27:44,367 [IPC Server handler 2 on 42960] INFO  net.NetworkTopology (NetworkTopologyImpl.java:add(111)) - Added a new node: /default-rack/63d673df-f08d-46d2-a119-e547cb49433b
2019-10-07 06:27:44,370 [IPC Server handler 2 on 42960] INFO  node.SCMNodeManager (SCMNodeManager.java:register(268)) - Registered Data node : 63d673df-f08d-46d2-a119-e547cb49433b{ip: 192.168.30.3, host: trunk-nightly-20191007-kbwpl-4130163227, networkLocation: /default-rack, certSerialId: null}
2019-10-07 06:27:44,370 [EventQueue-NodeRegistrationContainerReportForDataNodeSafeModeRule] INFO  safemode.SCMSafeModeManager (DataNodeSafeModeRule.java:process(71)) - SCM in safe mode. 1 DataNodes registered, 1 required.
2019-10-07 06:27:44,373 [EventQueue-NodeRegistrationContainerReportForDataNodeSafeModeRule] INFO  safemode.SCMSafeModeManager (SCMSafeModeManager.java:validateSafeModeExitRules(177)) - ScmSafeModeManager, all rules are successfully validated
2019-10-07 06:27:44,374 [EventQueue-NodeRegistrationContainerReportForDataNodeSafeModeRule] INFO  safemode.SCMSafeModeManager (SCMSafeModeManager.java:exitSafeMode(193)) - SCM exiting safe mode.
2019-10-07 06:27:44,391 [grpc-default-executor-4] INFO  impl.RaftServerProxy (RaftServerProxy.java:addNew(89)) - 63d673df-f08d-46d2-a119-e547cb49433b: addNew group-6F2F4414727A:[63d673df-f08d-46d2-a119-e547cb49433b:192.168.30.3:46593] returns group-6F2F4414727A:java.util.concurrent.CompletableFuture@4479ea5b[Not completed]
2019-10-07 06:27:44,395 [pool-383-thread-1] INFO  impl.RaftServerImpl (RaftServerImpl.java:<init>(95)) - 63d673df-f08d-46d2-a119-e547cb49433b: new RaftServerImpl for group-6F2F4414727A:[63d673df-f08d-46d2-a119-e547cb49433b:192.168.30.3:46593] with ContainerStateMachine:uninitialized
2019-10-07 06:27:44,395 [pool-383-thread-1] INFO  server.RaftServerConfigKeys (ConfUtils.java:logGet(43)) - raft.server.rpc.timeout.min = 5s (custom)
2019-10-07 06:27:44,396 [pool-383-thread-1] INFO  server.RaftServerConfigKeys (ConfUtils.java:logGet(43)) - raft.server.rpc.timeout.max = 5200ms (custom)
2019-10-07 06:27:44,396 [pool-383-thread-1] INFO  server.RaftServerConfigKeys (ConfUtils.java:logGet(43)) - raft.server.rpcslowness.timeout = 120s (custom)
2019-10-07 06:27:44,396 [pool-383-thread-1] INFO  server.RaftServerConfigKeys (ConfUtils.java:logGet(43)) - raft.server.sleep.deviation.threshold = 300 (default)
2019-10-07 06:27:44,396 [pool-383-thread-1] INFO  server.RaftServerConfigKeys (ConfUtils.java:logGet(43)) - raft.server.log.appender.install.snapshot.enabled = false (custom)
2019-10-07 06:27:44,396 [pool-383-thread-1] INFO  impl.RaftServerImpl (ServerState.java:<init>(103)) - 63d673df-f08d-46d2-a119-e547cb49433b@group-6F2F4414727A: ConfigurationManager, init=-1: [63d673df-f08d-46d2-a119-e547cb49433b:192.168.30.3:46593], old=null, confs=<EMPTY_MAP>
2019-10-07 06:27:44,397 [pool-383-thread-1] INFO  server.RaftServerConfigKeys (ConfUtils.java:logGet(43)) - raft.server.storage.dir = [/workdir/hadoop-ozone/integration-test/target/test-dir/MiniOzoneClusterImpl-edc4639a-9306-46b6-9240-db948b47afbc/datanode-0/data/ratis] (custom)
2019-10-07 06:27:44,397 [pool-383-thread-1] INFO  server.RaftServerConfigKeys (ConfUtils.java:logGet(43)) - raft.server.log.corruption.policy = EXCEPTION (default)
2019-10-07 06:27:44,398 [pool-383-thread-1] INFO  storage.RaftStorageDirectory (RaftStorageDirectory.java:analyzeStorage(246)) - The storage directory /workdir/hadoop-ozone/integration-test/target/test-dir/MiniOzoneClusterImpl-edc4639a-9306-46b6-9240-db948b47afbc/datanode-0/data/ratis/c34b8d2f-b44f-4a98-9f54-6f2f4414727a does not exist. Creating ...
2019-10-07 06:27:44,412 [pool-383-thread-1] INFO  storage.RaftStorageDirectory (RaftStorageDirectory.java:tryLock(328)) - Lock on /workdir/hadoop-ozone/integration-test/target/test-dir/MiniOzoneClusterImpl-edc4639a-9306-46b6-9240-db948b47afbc/datanode-0/data/ratis/c34b8d2f-b44f-4a98-9f54-6f2f4414727a/in_use.lock acquired by nodename 7878@trunk-nightly-20191007-kbwpl-4130163227
2019-10-07 06:27:44,426 [pool-383-thread-1] INFO  storage.RaftStorage (RaftStorage.java:format(84)) - Storage directory /workdir/hadoop-ozone/integration-test/target/test-dir/MiniOzoneClusterImpl-edc4639a-9306-46b6-9240-db948b47afbc/datanode-0/data/ratis/c34b8d2f-b44f-4a98-9f54-6f2f4414727a has been successfully formatted.
2019-10-07 06:27:44,426 [pool-383-thread-1] INFO  ratis.ContainerStateMachine (ContainerStateMachine.java:loadSnapshot(231)) - group-6F2F4414727A: The snapshot info is null. Setting the last applied indexto:(t:0, i:~)
2019-10-07 06:27:44,426 [pool-383-thread-1] INFO  server.RaftServerConfigKeys (ConfUtils.java:logGet(43)) - raft.server.notification.no-leader.timeout = 120s (custom)
2019-10-07 06:27:44,426 [pool-383-thread-1] INFO  server.RaftServerConfigKeys (ConfUtils.java:logGet(43)) - raft.server.log.use.memory = false (default)
2019-10-07 06:27:44,427 [pool-383-thread-1] INFO  server.RaftServerConfigKeys (ConfUtils.java:logGet(43)) - raft.server.log.purge.gap = 1000000 (custom)
2019-10-07 06:27:44,427 [pool-383-thread-1] INFO  server.RaftServerConfigKeys (ConfUtils.java:logGet(43)) - raft.server.log.appender.buffer.byte-limit = 33554432 (custom)
2019-10-07 06:27:44,427 [pool-383-thread-1] INFO  server.RaftServerConfigKeys (ConfUtils.java:logGet(43)) - raft.server.log.segment.size.max = 1048576 (custom)
2019-10-07 06:27:44,429 [pool-383-thread-1] INFO  server.RaftServerConfigKeys (ConfUtils.java:logGet(43)) - raft.server.log.segment.cache.num.max = 2 (custom)
2019-10-07 06:27:44,430 [pool-383-thread-1] INFO  segmented.SegmentedRaftLogWorker (SegmentedRaftLogWorker.java:<init>(173)) - new 63d673df-f08d-46d2-a119-e547cb49433b@group-6F2F4414727A-SegmentedRaftLogWorker for RaftStorage:Storage Directory /workdir/hadoop-ozone/integration-test/target/test-dir/MiniOzoneClusterImpl-edc4639a-9306-46b6-9240-db948b47afbc/datanode-0/data/ratis/c34b8d2f-b44f-4a98-9f54-6f2f4414727a
2019-10-07 06:27:44,430 [pool-383-thread-1] INFO  server.RaftServerConfigKeys (ConfUtils.java:logGet(43)) - raft.server.log.queue.byte-limit = 2147483647 (custom)
2019-10-07 06:27:44,430 [pool-383-thread-1] INFO  server.RaftServerConfigKeys (ConfUtils.java:logGet(43)) - raft.server.log.queue.element-limit = 1024 (custom)
2019-10-07 06:27:44,430 [IPC Server handler 3 on 42960] INFO  net.NetworkTopology (NetworkTopologyImpl.java:add(111)) - Added a new node: /default-rack/d594e33e-0c83-4fff-84be-cf0eedfeb723
2019-10-07 06:27:44,430 [pool-383-thread-1] INFO  server.RaftServerConfigKeys (ConfUtils.java:logGet(43)) - raft.server.log.segment.size.max = 1048576 (custom)
2019-10-07 06:27:44,430 [IPC Server handler 3 on 42960] INFO  node.SCMNodeManager (SCMNodeManager.java:register(268)) - Registered Data node : d594e33e-0c83-4fff-84be-cf0eedfeb723{ip: 192.168.30.3, host: trunk-nightly-20191007-kbwpl-4130163227, networkLocation: /default-rack, certSerialId: null}
2019-10-07 06:27:44,431 [pool-383-thread-1] INFO  server.RaftServerConfigKeys (ConfUtils.java:logGet(43)) - raft.server.log.preallocated.size = 16384 (custom)
2019-10-07 06:27:44,431 [pool-383-thread-1] INFO  server.RaftServerConfigKeys (ConfUtils.java:logGet(43)) - raft.server.log.write.buffer.size = 33554432 (custom)
2019-10-07 06:27:44,431 [pool-383-thread-1] INFO  server.RaftServerConfigKeys (ConfUtils.java:logGet(43)) - raft.server.log.force.sync.num = 128 (default)
2019-10-07 06:27:44,431 [pool-383-thread-1] INFO  server.RaftServerConfigKeys (ConfUtils.java:logGet(43)) - raft.server.log.statemachine.data.sync = true (default)
2019-10-07 06:27:44,431 [pool-383-thread-1] INFO  server.RaftServerConfigKeys (ConfUtils.java:logGet(43)) - raft.server.log.statemachine.data.sync.timeout = 10s (default)
2019-10-07 06:27:44,431 [pool-383-thread-1] INFO  server.RaftServerConfigKeys (ConfUtils.java:logGet(43)) - raft.server.log.statemachine.data.sync.timeout.retry = -1 (default)
2019-10-07 06:27:44,432 [pool-383-thread-1] INFO  server.RaftServerConfigKeys (ConfUtils.java:logGet(43)) - raft.server.log.statemachine.data.caching.enabled = true (custom)
2019-10-07 06:27:44,432 [pool-383-thread-1] INFO  segmented.SegmentedRaftLogWorker (SegmentedRaftLogWorker.java:lambda$new$0(128)) - 63d673df-f08d-46d2-a119-e547cb49433b@group-6F2F4414727A-SegmentedRaftLogWorker: flushIndex: setUnconditionally 0 -> -1
2019-10-07 06:27:44,433 [pool-383-thread-1] INFO  server.RaftServerConfigKeys (ConfUtils.java:logGet(43)) - raft.server.snapshot.auto.trigger.enabled = true (custom)
2019-10-07 06:27:44,433 [pool-383-thread-1] INFO  server.RaftServerConfigKeys (ConfUtils.java:logGet(43)) - raft.server.snapshot.auto.trigger.threshold = 10000 (custom)
2019-10-07 06:27:44,433 [pool-383-thread-1] INFO  server.RaftServerConfigKeys (ConfUtils.java:logGet(43)) - raft.server.snapshot.retention.file.num = 5 (custom)
2019-10-07 06:27:44,433 [pool-383-thread-1] INFO  server.RaftServerConfigKeys (ConfUtils.java:logGet(43)) - raft.server.retrycache.expirytime = 600000ms (custom)
2019-10-07 06:27:44,435 [pool-383-thread-1] INFO  impl.RaftServerImpl (RaftServerImpl.java:start(181)) - 63d673df-f08d-46d2-a119-e547cb49433b@group-6F2F4414727A: start as a follower, conf=-1: [63d673df-f08d-46d2-a119-e547cb49433b:192.168.30.3:46593], old=null
2019-10-07 06:27:44,435 [pool-383-thread-1] INFO  impl.RaftServerImpl (RaftServerImpl.java:setRole(170)) - 63d673df-f08d-46d2-a119-e547cb49433b@group-6F2F4414727A: changes role from      null to FOLLOWER at term 0 for startAsFollower
2019-10-07 06:27:44,435 [pool-383-thread-1] INFO  impl.RoleInfo (RoleInfo.java:updateAndGet(143)) - 63d673df-f08d-46d2-a119-e547cb49433b: start FollowerState
2019-10-07 06:27:44,436 [pool-383-thread-1] INFO  util.JmxRegister (JmxRegister.java:tryRegister(44)) - Successfully registered JMX Bean with object name Ratis:service=RaftServer,group=group-6F2F4414727A,id=63d673df-f08d-46d2-a119-e547cb49433b
2019-10-07 06:27:44,444 [RatisPipelineUtilsThread] INFO  pipeline.PipelineStateManager (PipelineStateManager.java:addPipeline(56)) - Created pipeline Pipeline[ Id: c34b8d2f-b44f-4a98-9f54-6f2f4414727a, Nodes: 63d673df-f08d-46d2-a119-e547cb49433b{ip: 192.168.30.3, host: trunk-nightly-20191007-kbwpl-4130163227, networkLocation: /default-rack, certSerialId: null}, Type:RATIS, Factor:ONE, State:OPEN]
2019-10-07 06:27:44,452 [grpc-default-executor-4] INFO  impl.RaftServerProxy (RaftServerProxy.java:addNew(89)) - d594e33e-0c83-4fff-84be-cf0eedfeb723: addNew group-FC06FC412DB8:[d594e33e-0c83-4fff-84be-cf0eedfeb723:192.168.30.3:43534] returns group-FC06FC412DB8:java.util.concurrent.CompletableFuture@78bf737f[Not completed]
2019-10-07 06:27:44,453 [pool-393-thread-1] INFO  impl.RaftServerImpl (RaftServerImpl.java:<init>(95)) - d594e33e-0c83-4fff-84be-cf0eedfeb723: new RaftServerImpl for group-FC06FC412DB8:[d594e33e-0c83-4fff-84be-cf0eedfeb723:192.168.30.3:43534] with ContainerStateMachine:uninitialized
2019-10-07 06:27:44,453 [pool-393-thread-1] INFO  server.RaftServerConfigKeys (ConfUtils.java:logGet(43)) - raft.server.rpc.timeout.min = 5s (custom)
2019-10-07 06:27:44,454 [pool-393-thread-1] INFO  server.RaftServerConfigKeys (ConfUtils.java:logGet(43)) - raft.server.rpc.timeout.max = 5200ms (custom)
2019-10-07 06:27:44,454 [pool-393-thread-1] INFO  server.RaftServerConfigKeys (ConfUtils.java:logGet(43)) - raft.server.rpcslowness.timeout = 120s (custom)
2019-10-07 06:27:44,454 [pool-393-thread-1] INFO  server.RaftServerConfigKeys (ConfUtils.java:logGet(43)) - raft.server.sleep.deviation.threshold = 300 (default)
2019-10-07 06:27:44,454 [pool-393-thread-1] INFO  server.RaftServerConfigKeys (ConfUtils.java:logGet(43)) - raft.server.log.appender.install.snapshot.enabled = false (custom)
2019-10-07 06:27:44,454 [pool-393-thread-1] INFO  impl.RaftServerImpl (ServerState.java:<init>(103)) - d594e33e-0c83-4fff-84be-cf0eedfeb723@group-FC06FC412DB8: ConfigurationManager, init=-1: [d594e33e-0c83-4fff-84be-cf0eedfeb723:192.168.30.3:43534], old=null, confs=<EMPTY_MAP>
2019-10-07 06:27:44,454 [pool-393-thread-1] INFO  server.RaftServerConfigKeys (ConfUtils.java:logGet(43)) - raft.server.storage.dir = [/workdir/hadoop-ozone/integration-test/target/test-dir/MiniOzoneClusterImpl-edc4639a-9306-46b6-9240-db948b47afbc/datanode-1/data/ratis] (custom)
2019-10-07 06:27:44,454 [pool-393-thread-1] INFO  server.RaftServerConfigKeys (ConfUtils.java:logGet(43)) - raft.server.log.corruption.policy = EXCEPTION (default)
2019-10-07 06:27:44,455 [pool-393-thread-1] INFO  storage.RaftStorageDirectory (RaftStorageDirectory.java:analyzeStorage(246)) - The storage directory /workdir/hadoop-ozone/integration-test/target/test-dir/MiniOzoneClusterImpl-edc4639a-9306-46b6-9240-db948b47afbc/datanode-1/data/ratis/f4a13df8-07af-4225-bf92-fc06fc412db8 does not exist. Creating ...
2019-10-07 06:27:44,458 [pool-393-thread-1] INFO  storage.RaftStorageDirectory (RaftStorageDirectory.java:tryLock(328)) - Lock on /workdir/hadoop-ozone/integration-test/target/test-dir/MiniOzoneClusterImpl-edc4639a-9306-46b6-9240-db948b47afbc/datanode-1/data/ratis/f4a13df8-07af-4225-bf92-fc06fc412db8/in_use.lock acquired by nodename 7878@trunk-nightly-20191007-kbwpl-4130163227
2019-10-07 06:27:44,462 [pool-393-thread-1] INFO  storage.RaftStorage (RaftStorage.java:format(84)) - Storage directory /workdir/hadoop-ozone/integration-test/target/test-dir/MiniOzoneClusterImpl-edc4639a-9306-46b6-9240-db948b47afbc/datanode-1/data/ratis/f4a13df8-07af-4225-bf92-fc06fc412db8 has been successfully formatted.
2019-10-07 06:27:44,462 [pool-393-thread-1] INFO  ratis.ContainerStateMachine (ContainerStateMachine.java:loadSnapshot(231)) - group-FC06FC412DB8: The snapshot info is null. Setting the last applied indexto:(t:0, i:~)
2019-10-07 06:27:44,462 [pool-393-thread-1] INFO  server.RaftServerConfigKeys (ConfUtils.java:logGet(43)) - raft.server.notification.no-leader.timeout = 120s (custom)
2019-10-07 06:27:44,462 [pool-393-thread-1] INFO  server.RaftServerConfigKeys (ConfUtils.java:logGet(43)) - raft.server.log.use.memory = false (default)
2019-10-07 06:27:44,463 [pool-393-thread-1] INFO  server.RaftServerConfigKeys (ConfUtils.java:logGet(43)) - raft.server.log.purge.gap = 1000000 (custom)
2019-10-07 06:27:44,463 [pool-393-thread-1] INFO  server.RaftServerConfigKeys (ConfUtils.java:logGet(43)) - raft.server.log.appender.buffer.byte-limit = 33554432 (custom)
2019-10-07 06:27:44,463 [pool-393-thread-1] INFO  server.RaftServerConfigKeys (ConfUtils.java:logGet(43)) - raft.server.log.segment.size.max = 1048576 (custom)
2019-10-07 06:27:44,464 [pool-393-thread-1] INFO  server.RaftServerConfigKeys (ConfUtils.java:logGet(43)) - raft.server.log.segment.cache.num.max = 2 (custom)
2019-10-07 06:27:44,464 [pool-393-thread-1] INFO  segmented.SegmentedRaftLogWorker (SegmentedRaftLogWorker.java:<init>(173)) - new d594e33e-0c83-4fff-84be-cf0eedfeb723@group-FC06FC412DB8-SegmentedRaftLogWorker for RaftStorage:Storage Directory /workdir/hadoop-ozone/integration-test/target/test-dir/MiniOzoneClusterImpl-edc4639a-9306-46b6-9240-db948b47afbc/datanode-1/data/ratis/f4a13df8-07af-4225-bf92-fc06fc412db8
2019-10-07 06:27:44,464 [pool-393-thread-1] INFO  server.RaftServerConfigKeys (ConfUtils.java:logGet(43)) - raft.server.log.queue.byte-limit = 2147483647 (custom)
2019-10-07 06:27:44,465 [pool-393-thread-1] INFO  server.RaftServerConfigKeys (ConfUtils.java:logGet(43)) - raft.server.log.queue.element-limit = 1024 (custom)
2019-10-07 06:27:44,465 [pool-393-thread-1] INFO  server.RaftServerConfigKeys (ConfUtils.java:logGet(43)) - raft.server.log.segment.size.max = 1048576 (custom)
2019-10-07 06:27:44,465 [pool-393-thread-1] INFO  server.RaftServerConfigKeys (ConfUtils.java:logGet(43)) - raft.server.log.preallocated.size = 16384 (custom)
2019-10-07 06:27:44,465 [pool-393-thread-1] INFO  server.RaftServerConfigKeys (ConfUtils.java:logGet(43)) - raft.server.log.write.buffer.size = 33554432 (custom)
2019-10-07 06:27:44,465 [pool-393-thread-1] INFO  server.RaftServerConfigKeys (ConfUtils.java:logGet(43)) - raft.server.log.force.sync.num = 128 (default)
2019-10-07 06:27:44,465 [pool-393-thread-1] INFO  server.RaftServerConfigKeys (ConfUtils.java:logGet(43)) - raft.server.log.statemachine.data.sync = true (default)
2019-10-07 06:27:44,465 [pool-393-thread-1] INFO  server.RaftServerConfigKeys (ConfUtils.java:logGet(43)) - raft.server.log.statemachine.data.sync.timeout = 10s (default)
2019-10-07 06:27:44,465 [pool-393-thread-1] INFO  server.RaftServerConfigKeys (ConfUtils.java:logGet(43)) - raft.server.log.statemachine.data.sync.timeout.retry = -1 (default)
2019-10-07 06:27:44,466 [pool-393-thread-1] INFO  server.RaftServerConfigKeys (ConfUtils.java:logGet(43)) - raft.server.log.statemachine.data.caching.enabled = true (custom)
2019-10-07 06:27:44,466 [pool-393-thread-1] INFO  segmented.SegmentedRaftLogWorker (SegmentedRaftLogWorker.java:lambda$new$0(128)) - d594e33e-0c83-4fff-84be-cf0eedfeb723@group-FC06FC412DB8-SegmentedRaftLogWorker: flushIndex: setUnconditionally 0 -> -1
2019-10-07 06:27:44,466 [pool-393-thread-1] INFO  server.RaftServerConfigKeys (ConfUtils.java:logGet(43)) - raft.server.snapshot.auto.trigger.enabled = true (custom)
2019-10-07 06:27:44,466 [pool-393-thread-1] INFO  server.RaftServerConfigKeys (ConfUtils.java:logGet(43)) - raft.server.snapshot.auto.trigger.threshold = 10000 (custom)
2019-10-07 06:27:44,466 [pool-393-thread-1] INFO  server.RaftServerConfigKeys (ConfUtils.java:logGet(43)) - raft.server.snapshot.retention.file.num = 5 (custom)
2019-10-07 06:27:44,467 [pool-393-thread-1] INFO  server.RaftServerConfigKeys (ConfUtils.java:logGet(43)) - raft.server.retrycache.expirytime = 600000ms (custom)
2019-10-07 06:27:44,468 [pool-393-thread-1] INFO  impl.RaftServerImpl (RaftServerImpl.java:start(181)) - d594e33e-0c83-4fff-84be-cf0eedfeb723@group-FC06FC412DB8: start as a follower, conf=-1: [d594e33e-0c83-4fff-84be-cf0eedfeb723:192.168.30.3:43534], old=null
2019-10-07 06:27:44,468 [pool-393-thread-1] INFO  impl.RaftServerImpl (RaftServerImpl.java:setRole(170)) - d594e33e-0c83-4fff-84be-cf0eedfeb723@group-FC06FC412DB8: changes role from      null to FOLLOWER at term 0 for startAsFollower
2019-10-07 06:27:44,468 [pool-393-thread-1] INFO  impl.RoleInfo (RoleInfo.java:updateAndGet(143)) - d594e33e-0c83-4fff-84be-cf0eedfeb723: start FollowerState
2019-10-07 06:27:44,469 [pool-393-thread-1] INFO  util.JmxRegister (JmxRegister.java:tryRegister(44)) - Successfully registered JMX Bean with object name Ratis:service=RaftServer,group=group-FC06FC412DB8,id=d594e33e-0c83-4fff-84be-cf0eedfeb723
2019-10-07 06:27:44,474 [RatisPipelineUtilsThread] INFO  pipeline.PipelineStateManager (PipelineStateManager.java:addPipeline(56)) - Created pipeline Pipeline[ Id: f4a13df8-07af-4225-bf92-fc06fc412db8, Nodes: d594e33e-0c83-4fff-84be-cf0eedfeb723{ip: 192.168.30.3, host: trunk-nightly-20191007-kbwpl-4130163227, networkLocation: /default-rack, certSerialId: null}, Type:RATIS, Factor:ONE, State:OPEN]
2019-10-07 06:27:44,495 [IPC Server handler 4 on 42960] INFO  net.NetworkTopology (NetworkTopologyImpl.java:add(111)) - Added a new node: /default-rack/0ac1db07-9d44-4c65-9b95-e9033929b1b5
2019-10-07 06:27:44,495 [IPC Server handler 4 on 42960] INFO  node.SCMNodeManager (SCMNodeManager.java:register(268)) - Registered Data node : 0ac1db07-9d44-4c65-9b95-e9033929b1b5{ip: 192.168.30.3, host: trunk-nightly-20191007-kbwpl-4130163227, networkLocation: /default-rack, certSerialId: null}
2019-10-07 06:27:44,503 [grpc-default-executor-4] INFO  impl.RaftServerProxy (RaftServerProxy.java:addNew(89)) - 0ac1db07-9d44-4c65-9b95-e9033929b1b5: addNew group-0F68FA7D230B:[0ac1db07-9d44-4c65-9b95-e9033929b1b5:192.168.30.3:36106] returns group-0F68FA7D230B:java.util.concurrent.CompletableFuture@34dc7c88[Not completed]
2019-10-07 06:27:44,504 [pool-403-thread-1] INFO  impl.RaftServerImpl (RaftServerImpl.java:<init>(95)) - 0ac1db07-9d44-4c65-9b95-e9033929b1b5: new RaftServerImpl for group-0F68FA7D230B:[0ac1db07-9d44-4c65-9b95-e9033929b1b5:192.168.30.3:36106] with ContainerStateMachine:uninitialized
2019-10-07 06:27:44,504 [pool-403-thread-1] INFO  server.RaftServerConfigKeys (ConfUtils.java:logGet(43)) - raft.server.rpc.timeout.min = 5s (custom)
2019-10-07 06:27:44,504 [pool-403-thread-1] INFO  server.RaftServerConfigKeys (ConfUtils.java:logGet(43)) - raft.server.rpc.timeout.max = 5200ms (custom)
2019-10-07 06:27:44,505 [pool-403-thread-1] INFO  server.RaftServerConfigKeys (ConfUtils.java:logGet(43)) - raft.server.rpcslowness.timeout = 120s (custom)
2019-10-07 06:27:44,505 [pool-403-thread-1] INFO  server.RaftServerConfigKeys (ConfUtils.java:logGet(43)) - raft.server.sleep.deviation.threshold = 300 (default)
2019-10-07 06:27:44,505 [pool-403-thread-1] INFO  server.RaftServerConfigKeys (ConfUtils.java:logGet(43)) - raft.server.log.appender.install.snapshot.enabled = false (custom)
2019-10-07 06:27:44,505 [pool-403-thread-1] INFO  impl.RaftServerImpl (ServerState.java:<init>(103)) - 0ac1db07-9d44-4c65-9b95-e9033929b1b5@group-0F68FA7D230B: ConfigurationManager, init=-1: [0ac1db07-9d44-4c65-9b95-e9033929b1b5:192.168.30.3:36106], old=null, confs=<EMPTY_MAP>
2019-10-07 06:27:44,505 [pool-403-thread-1] INFO  server.RaftServerConfigKeys (ConfUtils.java:logGet(43)) - raft.server.storage.dir = [/workdir/hadoop-ozone/integration-test/target/test-dir/MiniOzoneClusterImpl-edc4639a-9306-46b6-9240-db948b47afbc/datanode-2/data/ratis] (custom)
2019-10-07 06:27:44,505 [pool-403-thread-1] INFO  server.RaftServerConfigKeys (ConfUtils.java:logGet(43)) - raft.server.log.corruption.policy = EXCEPTION (default)
2019-10-07 06:27:44,506 [pool-403-thread-1] INFO  storage.RaftStorageDirectory (RaftStorageDirectory.java:analyzeStorage(246)) - The storage directory /workdir/hadoop-ozone/integration-test/target/test-dir/MiniOzoneClusterImpl-edc4639a-9306-46b6-9240-db948b47afbc/datanode-2/data/ratis/a115c0c5-0ca6-48e9-b891-0f68fa7d230b does not exist. Creating ...
2019-10-07 06:27:44,518 [pool-403-thread-1] INFO  storage.RaftStorageDirectory (RaftStorageDirectory.java:tryLock(328)) - Lock on /workdir/hadoop-ozone/integration-test/target/test-dir/MiniOzoneClusterImpl-edc4639a-9306-46b6-9240-db948b47afbc/datanode-2/data/ratis/a115c0c5-0ca6-48e9-b891-0f68fa7d230b/in_use.lock acquired by nodename 7878@trunk-nightly-20191007-kbwpl-4130163227
2019-10-07 06:27:44,522 [pool-403-thread-1] INFO  storage.RaftStorage (RaftStorage.java:format(84)) - Storage directory /workdir/hadoop-ozone/integration-test/target/test-dir/MiniOzoneClusterImpl-edc4639a-9306-46b6-9240-db948b47afbc/datanode-2/data/ratis/a115c0c5-0ca6-48e9-b891-0f68fa7d230b has been successfully formatted.
2019-10-07 06:27:44,522 [pool-403-thread-1] INFO  ratis.ContainerStateMachine (ContainerStateMachine.java:loadSnapshot(231)) - group-0F68FA7D230B: The snapshot info is null. Setting the last applied indexto:(t:0, i:~)
2019-10-07 06:27:44,522 [pool-403-thread-1] INFO  server.RaftServerConfigKeys (ConfUtils.java:logGet(43)) - raft.server.notification.no-leader.timeout = 120s (custom)
2019-10-07 06:27:44,522 [pool-403-thread-1] INFO  server.RaftServerConfigKeys (ConfUtils.java:logGet(43)) - raft.server.log.use.memory = false (default)
2019-10-07 06:27:44,522 [pool-403-thread-1] INFO  server.RaftServerConfigKeys (ConfUtils.java:logGet(43)) - raft.server.log.purge.gap = 1000000 (custom)
2019-10-07 06:27:44,522 [pool-403-thread-1] INFO  server.RaftServerConfigKeys (ConfUtils.java:logGet(43)) - raft.server.log.appender.buffer.byte-limit = 33554432 (custom)
2019-10-07 06:27:44,523 [pool-403-thread-1] INFO  server.RaftServerConfigKeys (ConfUtils.java:logGet(43)) - raft.server.log.segment.size.max = 1048576 (custom)
2019-10-07 06:27:44,525 [pool-403-thread-1] INFO  server.RaftServerConfigKeys (ConfUtils.java:logGet(43)) - raft.server.log.segment.cache.num.max = 2 (custom)
2019-10-07 06:27:44,525 [pool-403-thread-1] INFO  segmented.SegmentedRaftLogWorker (SegmentedRaftLogWorker.java:<init>(173)) - new 0ac1db07-9d44-4c65-9b95-e9033929b1b5@group-0F68FA7D230B-SegmentedRaftLogWorker for RaftStorage:Storage Directory /workdir/hadoop-ozone/integration-test/target/test-dir/MiniOzoneClusterImpl-edc4639a-9306-46b6-9240-db948b47afbc/datanode-2/data/ratis/a115c0c5-0ca6-48e9-b891-0f68fa7d230b
2019-10-07 06:27:44,525 [pool-403-thread-1] INFO  server.RaftServerConfigKeys (ConfUtils.java:logGet(43)) - raft.server.log.queue.byte-limit = 2147483647 (custom)
2019-10-07 06:27:44,525 [pool-403-thread-1] INFO  server.RaftServerConfigKeys (ConfUtils.java:logGet(43)) - raft.server.log.queue.element-limit = 1024 (custom)
2019-10-07 06:27:44,525 [pool-403-thread-1] INFO  server.RaftServerConfigKeys (ConfUtils.java:logGet(43)) - raft.server.log.segment.size.max = 1048576 (custom)
2019-10-07 06:27:44,525 [pool-403-thread-1] INFO  server.RaftServerConfigKeys (ConfUtils.java:logGet(43)) - raft.server.log.preallocated.size = 16384 (custom)
2019-10-07 06:27:44,526 [pool-403-thread-1] INFO  server.RaftServerConfigKeys (ConfUtils.java:logGet(43)) - raft.server.log.write.buffer.size = 33554432 (custom)
2019-10-07 06:27:44,526 [pool-403-thread-1] INFO  server.RaftServerConfigKeys (ConfUtils.java:logGet(43)) - raft.server.log.force.sync.num = 128 (default)
2019-10-07 06:27:44,526 [pool-403-thread-1] INFO  server.RaftServerConfigKeys (ConfUtils.java:logGet(43)) - raft.server.log.statemachine.data.sync = true (default)
2019-10-07 06:27:44,526 [pool-403-thread-1] INFO  server.RaftServerConfigKeys (ConfUtils.java:logGet(43)) - raft.server.log.statemachine.data.sync.timeout = 10s (default)
2019-10-07 06:27:44,526 [pool-403-thread-1] INFO  server.RaftServerConfigKeys (ConfUtils.java:logGet(43)) - raft.server.log.statemachine.data.sync.timeout.retry = -1 (default)
2019-10-07 06:27:44,526 [pool-403-thread-1] INFO  server.RaftServerConfigKeys (ConfUtils.java:logGet(43)) - raft.server.log.statemachine.data.caching.enabled = true (custom)
2019-10-07 06:27:44,527 [pool-403-thread-1] INFO  segmented.SegmentedRaftLogWorker (SegmentedRaftLogWorker.java:lambda$new$0(128)) - 0ac1db07-9d44-4c65-9b95-e9033929b1b5@group-0F68FA7D230B-SegmentedRaftLogWorker: flushIndex: setUnconditionally 0 -> -1
2019-10-07 06:27:44,527 [pool-403-thread-1] INFO  server.RaftServerConfigKeys (ConfUtils.java:logGet(43)) - raft.server.snapshot.auto.trigger.enabled = true (custom)
2019-10-07 06:27:44,527 [pool-403-thread-1] INFO  server.RaftServerConfigKeys (ConfUtils.java:logGet(43)) - raft.server.snapshot.auto.trigger.threshold = 10000 (custom)
2019-10-07 06:27:44,527 [pool-403-thread-1] INFO  server.RaftServerConfigKeys (ConfUtils.java:logGet(43)) - raft.server.snapshot.retention.file.num = 5 (custom)
2019-10-07 06:27:44,528 [pool-403-thread-1] INFO  server.RaftServerConfigKeys (ConfUtils.java:logGet(43)) - raft.server.retrycache.expirytime = 600000ms (custom)
2019-10-07 06:27:44,529 [pool-403-thread-1] INFO  impl.RaftServerImpl (RaftServerImpl.java:start(181)) - 0ac1db07-9d44-4c65-9b95-e9033929b1b5@group-0F68FA7D230B: start as a follower, conf=-1: [0ac1db07-9d44-4c65-9b95-e9033929b1b5:192.168.30.3:36106], old=null
2019-10-07 06:27:44,529 [pool-403-thread-1] INFO  impl.RaftServerImpl (RaftServerImpl.java:setRole(170)) - 0ac1db07-9d44-4c65-9b95-e9033929b1b5@group-0F68FA7D230B: changes role from      null to FOLLOWER at term 0 for startAsFollower
2019-10-07 06:27:44,529 [pool-403-thread-1] INFO  impl.RoleInfo (RoleInfo.java:updateAndGet(143)) - 0ac1db07-9d44-4c65-9b95-e9033929b1b5: start FollowerState
2019-10-07 06:27:44,530 [pool-403-thread-1] INFO  util.JmxRegister (JmxRegister.java:tryRegister(44)) - Successfully registered JMX Bean with object name Ratis:service=RaftServer,group=group-0F68FA7D230B,id=0ac1db07-9d44-4c65-9b95-e9033929b1b5
2019-10-07 06:27:44,536 [RatisPipelineUtilsThread] INFO  pipeline.PipelineStateManager (PipelineStateManager.java:addPipeline(56)) - Created pipeline Pipeline[ Id: a115c0c5-0ca6-48e9-b891-0f68fa7d230b, Nodes: 0ac1db07-9d44-4c65-9b95-e9033929b1b5{ip: 192.168.30.3, host: trunk-nightly-20191007-kbwpl-4130163227, networkLocation: /default-rack, certSerialId: null}, Type:RATIS, Factor:ONE, State:OPEN]
2019-10-07 06:27:44,550 [grpc-default-executor-0] INFO  impl.RaftServerProxy (RaftServerProxy.java:addNew(89)) - 0ac1db07-9d44-4c65-9b95-e9033929b1b5: addNew group-1DAB53515AA5:[0ac1db07-9d44-4c65-9b95-e9033929b1b5:192.168.30.3:36106, 63d673df-f08d-46d2-a119-e547cb49433b:192.168.30.3:46593, d594e33e-0c83-4fff-84be-cf0eedfeb723:192.168.30.3:43534] returns group-1DAB53515AA5:java.util.concurrent.CompletableFuture@19a35a02[Not completed]
2019-10-07 06:27:44,551 [grpc-default-executor-6] INFO  impl.RaftServerProxy (RaftServerProxy.java:addNew(89)) - d594e33e-0c83-4fff-84be-cf0eedfeb723: addNew group-1DAB53515AA5:[0ac1db07-9d44-4c65-9b95-e9033929b1b5:192.168.30.3:36106, 63d673df-f08d-46d2-a119-e547cb49433b:192.168.30.3:46593, d594e33e-0c83-4fff-84be-cf0eedfeb723:192.168.30.3:43534] returns group-1DAB53515AA5:java.util.concurrent.CompletableFuture@2ed19878[Not completed]
2019-10-07 06:27:44,553 [grpc-default-executor-0] INFO  impl.RaftServerProxy (RaftServerProxy.java:addNew(89)) - 63d673df-f08d-46d2-a119-e547cb49433b: addNew group-1DAB53515AA5:[0ac1db07-9d44-4c65-9b95-e9033929b1b5:192.168.30.3:36106, 63d673df-f08d-46d2-a119-e547cb49433b:192.168.30.3:46593, d594e33e-0c83-4fff-84be-cf0eedfeb723:192.168.30.3:43534] returns group-1DAB53515AA5:java.util.concurrent.CompletableFuture@6d05d892[Not completed]
2019-10-07 06:27:44,554 [pool-393-thread-1] INFO  impl.RaftServerImpl (RaftServerImpl.java:<init>(95)) - d594e33e-0c83-4fff-84be-cf0eedfeb723: new RaftServerImpl for group-1DAB53515AA5:[0ac1db07-9d44-4c65-9b95-e9033929b1b5:192.168.30.3:36106, 63d673df-f08d-46d2-a119-e547cb49433b:192.168.30.3:46593, d594e33e-0c83-4fff-84be-cf0eedfeb723:192.168.30.3:43534] with ContainerStateMachine:uninitialized
2019-10-07 06:27:44,554 [pool-393-thread-1] INFO  server.RaftServerConfigKeys (ConfUtils.java:logGet(43)) - raft.server.rpc.timeout.min = 5s (custom)
2019-10-07 06:27:44,554 [pool-393-thread-1] INFO  server.RaftServerConfigKeys (ConfUtils.java:logGet(43)) - raft.server.rpc.timeout.max = 5200ms (custom)
2019-10-07 06:27:44,554 [pool-383-thread-1] INFO  impl.RaftServerImpl (RaftServerImpl.java:<init>(95)) - 63d673df-f08d-46d2-a119-e547cb49433b: new RaftServerImpl for group-1DAB53515AA5:[0ac1db07-9d44-4c65-9b95-e9033929b1b5:192.168.30.3:36106, 63d673df-f08d-46d2-a119-e547cb49433b:192.168.30.3:46593, d594e33e-0c83-4fff-84be-cf0eedfeb723:192.168.30.3:43534] with ContainerStateMachine:uninitialized
2019-10-07 06:27:44,554 [pool-393-thread-1] INFO  server.RaftServerConfigKeys (ConfUtils.java:logGet(43)) - raft.server.rpcslowness.timeout = 120s (custom)
2019-10-07 06:27:44,554 [pool-383-thread-1] INFO  server.RaftServerConfigKeys (ConfUtils.java:logGet(43)) - raft.server.rpc.timeout.min = 5s (custom)
2019-10-07 06:27:44,554 [pool-393-thread-1] INFO  server.RaftServerConfigKeys (ConfUtils.java:logGet(43)) - raft.server.sleep.deviation.threshold = 300 (default)
2019-10-07 06:27:44,554 [pool-403-thread-1] INFO  impl.RaftServerImpl (RaftServerImpl.java:<init>(95)) - 0ac1db07-9d44-4c65-9b95-e9033929b1b5: new RaftServerImpl for group-1DAB53515AA5:[0ac1db07-9d44-4c65-9b95-e9033929b1b5:192.168.30.3:36106, 63d673df-f08d-46d2-a119-e547cb49433b:192.168.30.3:46593, d594e33e-0c83-4fff-84be-cf0eedfeb723:192.168.30.3:43534] with ContainerStateMachine:uninitialized
2019-10-07 06:27:44,554 [pool-383-thread-1] INFO  server.RaftServerConfigKeys (ConfUtils.java:logGet(43)) - raft.server.rpc.timeout.max = 5200ms (custom)
2019-10-07 06:27:44,555 [pool-403-thread-1] INFO  server.RaftServerConfigKeys (ConfUtils.java:logGet(43)) - raft.server.rpc.timeout.min = 5s (custom)
2019-10-07 06:27:44,555 [pool-393-thread-1] INFO  server.RaftServerConfigKeys (ConfUtils.java:logGet(43)) - raft.server.log.appender.install.snapshot.enabled = false (custom)
2019-10-07 06:27:44,555 [pool-403-thread-1] INFO  server.RaftServerConfigKeys (ConfUtils.java:logGet(43)) - raft.server.rpc.timeout.max = 5200ms (custom)
2019-10-07 06:27:44,555 [pool-383-thread-1] INFO  server.RaftServerConfigKeys (ConfUtils.java:logGet(43)) - raft.server.rpcslowness.timeout = 120s (custom)
2019-10-07 06:27:44,555 [pool-403-thread-1] INFO  server.RaftServerConfigKeys (ConfUtils.java:logGet(43)) - raft.server.rpcslowness.timeout = 120s (custom)
2019-10-07 06:27:44,555 [pool-393-thread-1] INFO  impl.RaftServerImpl (ServerState.java:<init>(103)) - d594e33e-0c83-4fff-84be-cf0eedfeb723@group-1DAB53515AA5: ConfigurationManager, init=-1: [0ac1db07-9d44-4c65-9b95-e9033929b1b5:192.168.30.3:36106, 63d673df-f08d-46d2-a119-e547cb49433b:192.168.30.3:46593, d594e33e-0c83-4fff-84be-cf0eedfeb723:192.168.30.3:43534], old=null, confs=<EMPTY_MAP>
2019-10-07 06:27:44,555 [pool-403-thread-1] INFO  server.RaftServerConfigKeys (ConfUtils.java:logGet(43)) - raft.server.sleep.deviation.threshold = 300 (default)
2019-10-07 06:27:44,555 [pool-383-thread-1] INFO  server.RaftServerConfigKeys (ConfUtils.java:logGet(43)) - raft.server.sleep.deviation.threshold = 300 (default)
2019-10-07 06:27:44,556 [pool-403-thread-1] INFO  server.RaftServerConfigKeys (ConfUtils.java:logGet(43)) - raft.server.log.appender.install.snapshot.enabled = false (custom)
2019-10-07 06:27:44,556 [pool-393-thread-1] INFO  server.RaftServerConfigKeys (ConfUtils.java:logGet(43)) - raft.server.storage.dir = [/workdir/hadoop-ozone/integration-test/target/test-dir/MiniOzoneClusterImpl-edc4639a-9306-46b6-9240-db948b47afbc/datanode-1/data/ratis] (custom)
2019-10-07 06:27:44,556 [pool-403-thread-1] INFO  impl.RaftServerImpl (ServerState.java:<init>(103)) - 0ac1db07-9d44-4c65-9b95-e9033929b1b5@group-1DAB53515AA5: ConfigurationManager, init=-1: [0ac1db07-9d44-4c65-9b95-e9033929b1b5:192.168.30.3:36106, 63d673df-f08d-46d2-a119-e547cb49433b:192.168.30.3:46593, d594e33e-0c83-4fff-84be-cf0eedfeb723:192.168.30.3:43534], old=null, confs=<EMPTY_MAP>
2019-10-07 06:27:44,556 [pool-383-thread-1] INFO  server.RaftServerConfigKeys (ConfUtils.java:logGet(43)) - raft.server.log.appender.install.snapshot.enabled = false (custom)
2019-10-07 06:27:44,556 [pool-403-thread-1] INFO  server.RaftServerConfigKeys (ConfUtils.java:logGet(43)) - raft.server.storage.dir = [/workdir/hadoop-ozone/integration-test/target/test-dir/MiniOzoneClusterImpl-edc4639a-9306-46b6-9240-db948b47afbc/datanode-2/data/ratis] (custom)
2019-10-07 06:27:44,556 [pool-383-thread-1] INFO  impl.RaftServerImpl (ServerState.java:<init>(103)) - 63d673df-f08d-46d2-a119-e547cb49433b@group-1DAB53515AA5: ConfigurationManager, init=-1: [0ac1db07-9d44-4c65-9b95-e9033929b1b5:192.168.30.3:36106, 63d673df-f08d-46d2-a119-e547cb49433b:192.168.30.3:46593, d594e33e-0c83-4fff-84be-cf0eedfeb723:192.168.30.3:43534], old=null, confs=<EMPTY_MAP>
2019-10-07 06:27:44,556 [pool-393-thread-1] INFO  server.RaftServerConfigKeys (ConfUtils.java:logGet(43)) - raft.server.log.corruption.policy = EXCEPTION (default)
2019-10-07 06:27:44,556 [pool-403-thread-1] INFO  server.RaftServerConfigKeys (ConfUtils.java:logGet(43)) - raft.server.log.corruption.policy = EXCEPTION (default)
2019-10-07 06:27:44,556 [pool-383-thread-1] INFO  server.RaftServerConfigKeys (ConfUtils.java:logGet(43)) - raft.server.storage.dir = [/workdir/hadoop-ozone/integration-test/target/test-dir/MiniOzoneClusterImpl-edc4639a-9306-46b6-9240-db948b47afbc/datanode-0/data/ratis] (custom)
2019-10-07 06:27:44,557 [pool-393-thread-1] INFO  storage.RaftStorageDirectory (RaftStorageDirectory.java:analyzeStorage(246)) - The storage directory /workdir/hadoop-ozone/integration-test/target/test-dir/MiniOzoneClusterImpl-edc4639a-9306-46b6-9240-db948b47afbc/datanode-1/data/ratis/5637800c-91e4-442f-84a1-1dab53515aa5 does not exist. Creating ...
2019-10-07 06:27:44,557 [pool-383-thread-1] INFO  server.RaftServerConfigKeys (ConfUtils.java:logGet(43)) - raft.server.log.corruption.policy = EXCEPTION (default)
2019-10-07 06:27:44,557 [pool-403-thread-1] INFO  storage.RaftStorageDirectory (RaftStorageDirectory.java:analyzeStorage(246)) - The storage directory /workdir/hadoop-ozone/integration-test/target/test-dir/MiniOzoneClusterImpl-edc4639a-9306-46b6-9240-db948b47afbc/datanode-2/data/ratis/5637800c-91e4-442f-84a1-1dab53515aa5 does not exist. Creating ...
2019-10-07 06:27:44,557 [pool-383-thread-1] INFO  storage.RaftStorageDirectory (RaftStorageDirectory.java:analyzeStorage(246)) - The storage directory /workdir/hadoop-ozone/integration-test/target/test-dir/MiniOzoneClusterImpl-edc4639a-9306-46b6-9240-db948b47afbc/datanode-0/data/ratis/5637800c-91e4-442f-84a1-1dab53515aa5 does not exist. Creating ...
2019-10-07 06:27:44,561 [IPC Server handler 5 on 42960] INFO  net.NetworkTopology (NetworkTopologyImpl.java:add(111)) - Added a new node: /default-rack/0f392b92-c4ca-45f9-a050-92d339436648
2019-10-07 06:27:44,561 [IPC Server handler 5 on 42960] INFO  node.SCMNodeManager (SCMNodeManager.java:register(268)) - Registered Data node : 0f392b92-c4ca-45f9-a050-92d339436648{ip: 192.168.30.3, host: trunk-nightly-20191007-kbwpl-4130163227, networkLocation: /default-rack, certSerialId: null}
2019-10-07 06:27:44,563 [pool-393-thread-1] INFO  storage.RaftStorageDirectory (RaftStorageDirectory.java:tryLock(328)) - Lock on /workdir/hadoop-ozone/integration-test/target/test-dir/MiniOzoneClusterImpl-edc4639a-9306-46b6-9240-db948b47afbc/datanode-1/data/ratis/5637800c-91e4-442f-84a1-1dab53515aa5/in_use.lock acquired by nodename 7878@trunk-nightly-20191007-kbwpl-4130163227
2019-10-07 06:27:44,563 [pool-403-thread-1] INFO  storage.RaftStorageDirectory (RaftStorageDirectory.java:tryLock(328)) - Lock on /workdir/hadoop-ozone/integration-test/target/test-dir/MiniOzoneClusterImpl-edc4639a-9306-46b6-9240-db948b47afbc/datanode-2/data/ratis/5637800c-91e4-442f-84a1-1dab53515aa5/in_use.lock acquired by nodename 7878@trunk-nightly-20191007-kbwpl-4130163227
2019-10-07 06:27:44,563 [pool-383-thread-1] INFO  storage.RaftStorageDirectory (RaftStorageDirectory.java:tryLock(328)) - Lock on /workdir/hadoop-ozone/integration-test/target/test-dir/MiniOzoneClusterImpl-edc4639a-9306-46b6-9240-db948b47afbc/datanode-0/data/ratis/5637800c-91e4-442f-84a1-1dab53515aa5/in_use.lock acquired by nodename 7878@trunk-nightly-20191007-kbwpl-4130163227
2019-10-07 06:27:44,567 [pool-383-thread-1] INFO  storage.RaftStorage (RaftStorage.java:format(84)) - Storage directory /workdir/hadoop-ozone/integration-test/target/test-dir/MiniOzoneClusterImpl-edc4639a-9306-46b6-9240-db948b47afbc/datanode-0/data/ratis/5637800c-91e4-442f-84a1-1dab53515aa5 has been successfully formatted.
2019-10-07 06:27:44,567 [pool-393-thread-1] INFO  storage.RaftStorage (RaftStorage.java:format(84)) - Storage directory /workdir/hadoop-ozone/integration-test/target/test-dir/MiniOzoneClusterImpl-edc4639a-9306-46b6-9240-db948b47afbc/datanode-1/data/ratis/5637800c-91e4-442f-84a1-1dab53515aa5 has been successfully formatted.
2019-10-07 06:27:44,567 [pool-403-thread-1] INFO  storage.RaftStorage (RaftStorage.java:format(84)) - Storage directory /workdir/hadoop-ozone/integration-test/target/test-dir/MiniOzoneClusterImpl-edc4639a-9306-46b6-9240-db948b47afbc/datanode-2/data/ratis/5637800c-91e4-442f-84a1-1dab53515aa5 has been successfully formatted.
2019-10-07 06:27:44,567 [pool-383-thread-1] INFO  ratis.ContainerStateMachine (ContainerStateMachine.java:loadSnapshot(231)) - group-1DAB53515AA5: The snapshot info is null. Setting the last applied indexto:(t:0, i:~)
2019-10-07 06:27:44,567 [pool-403-thread-1] INFO  ratis.ContainerStateMachine (ContainerStateMachine.java:loadSnapshot(231)) - group-1DAB53515AA5: The snapshot info is null. Setting the last applied indexto:(t:0, i:~)
2019-10-07 06:27:44,567 [pool-393-thread-1] INFO  ratis.ContainerStateMachine (ContainerStateMachine.java:loadSnapshot(231)) - group-1DAB53515AA5: The snapshot info is null. Setting the last applied indexto:(t:0, i:~)
2019-10-07 06:27:44,567 [pool-403-thread-1] INFO  server.RaftServerConfigKeys (ConfUtils.java:logGet(43)) - raft.server.notification.no-leader.timeout = 120s (custom)
2019-10-07 06:27:44,567 [pool-383-thread-1] INFO  server.RaftServerConfigKeys (ConfUtils.java:logGet(43)) - raft.server.notification.no-leader.timeout = 120s (custom)
2019-10-07 06:27:44,568 [pool-403-thread-1] INFO  server.RaftServerConfigKeys (ConfUtils.java:logGet(43)) - raft.server.log.use.memory = false (default)
2019-10-07 06:27:44,567 [pool-393-thread-1] INFO  server.RaftServerConfigKeys (ConfUtils.java:logGet(43)) - raft.server.notification.no-leader.timeout = 120s (custom)
2019-10-07 06:27:44,568 [pool-403-thread-1] INFO  server.RaftServerConfigKeys (ConfUtils.java:logGet(43)) - raft.server.log.purge.gap = 1000000 (custom)
2019-10-07 06:27:44,568 [pool-403-thread-1] INFO  server.RaftServerConfigKeys (ConfUtils.java:logGet(43)) - raft.server.log.appender.buffer.byte-limit = 33554432 (custom)
2019-10-07 06:27:44,568 [pool-383-thread-1] INFO  server.RaftServerConfigKeys (ConfUtils.java:logGet(43)) - raft.server.log.use.memory = false (default)
2019-10-07 06:27:44,568 [pool-403-thread-1] INFO  server.RaftServerConfigKeys (ConfUtils.java:logGet(43)) - raft.server.log.segment.size.max = 1048576 (custom)
2019-10-07 06:27:44,568 [pool-403-thread-1] INFO  server.RaftServerConfigKeys (ConfUtils.java:logGet(43)) - raft.server.log.segment.cache.num.max = 2 (custom)
2019-10-07 06:27:44,568 [pool-393-thread-1] INFO  server.RaftServerConfigKeys (ConfUtils.java:logGet(43)) - raft.server.log.use.memory = false (default)
2019-10-07 06:27:44,568 [pool-403-thread-1] INFO  segmented.SegmentedRaftLogWorker (SegmentedRaftLogWorker.java:<init>(173)) - new 0ac1db07-9d44-4c65-9b95-e9033929b1b5@group-1DAB53515AA5-SegmentedRaftLogWorker for RaftStorage:Storage Directory /workdir/hadoop-ozone/integration-test/target/test-dir/MiniOzoneClusterImpl-edc4639a-9306-46b6-9240-db948b47afbc/datanode-2/data/ratis/5637800c-91e4-442f-84a1-1dab53515aa5
2019-10-07 06:27:44,569 [pool-403-thread-1] INFO  server.RaftServerConfigKeys (ConfUtils.java:logGet(43)) - raft.server.log.queue.byte-limit = 2147483647 (custom)
2019-10-07 06:27:44,568 [pool-383-thread-1] INFO  server.RaftServerConfigKeys (ConfUtils.java:logGet(43)) - raft.server.log.purge.gap = 1000000 (custom)
2019-10-07 06:27:44,569 [pool-403-thread-1] INFO  server.RaftServerConfigKeys (ConfUtils.java:logGet(43)) - raft.server.log.queue.element-limit = 1024 (custom)
2019-10-07 06:27:44,569 [pool-393-thread-1] INFO  server.RaftServerConfigKeys (ConfUtils.java:logGet(43)) - raft.server.log.purge.gap = 1000000 (custom)
2019-10-07 06:27:44,569 [pool-403-thread-1] INFO  server.RaftServerConfigKeys (ConfUtils.java:logGet(43)) - raft.server.log.segment.size.max = 1048576 (custom)
2019-10-07 06:27:44,569 [pool-403-thread-1] INFO  server.RaftServerConfigKeys (ConfUtils.java:logGet(43)) - raft.server.log.preallocated.size = 16384 (custom)
2019-10-07 06:27:44,569 [pool-383-thread-1] INFO  server.RaftServerConfigKeys (ConfUtils.java:logGet(43)) - raft.server.log.appender.buffer.byte-limit = 33554432 (custom)
2019-10-07 06:27:44,569 [pool-403-thread-1] INFO  server.RaftServerConfigKeys (ConfUtils.java:logGet(43)) - raft.server.log.write.buffer.size = 33554432 (custom)
2019-10-07 06:27:44,569 [pool-403-thread-1] INFO  server.RaftServerConfigKeys (ConfUtils.java:logGet(43)) - raft.server.log.force.sync.num = 128 (default)
2019-10-07 06:27:44,569 [pool-393-thread-1] INFO  server.RaftServerConfigKeys (ConfUtils.java:logGet(43)) - raft.server.log.appender.buffer.byte-limit = 33554432 (custom)
2019-10-07 06:27:44,569 [pool-403-thread-1] INFO  server.RaftServerConfigKeys (ConfUtils.java:logGet(43)) - raft.server.log.statemachine.data.sync = true (default)
2019-10-07 06:27:44,569 [pool-383-thread-1] INFO  server.RaftServerConfigKeys (ConfUtils.java:logGet(43)) - raft.server.log.segment.size.max = 1048576 (custom)
2019-10-07 06:27:44,570 [pool-403-thread-1] INFO  server.RaftServerConfigKeys (ConfUtils.java:logGet(43)) - raft.server.log.statemachine.data.sync.timeout = 10s (default)
2019-10-07 06:27:44,570 [pool-393-thread-1] INFO  server.RaftServerConfigKeys (ConfUtils.java:logGet(43)) - raft.server.log.segment.size.max = 1048576 (custom)
2019-10-07 06:27:44,570 [pool-403-thread-1] INFO  server.RaftServerConfigKeys (ConfUtils.java:logGet(43)) - raft.server.log.statemachine.data.sync.timeout.retry = -1 (default)
2019-10-07 06:27:44,570 [pool-383-thread-1] INFO  server.RaftServerConfigKeys (ConfUtils.java:logGet(43)) - raft.server.log.segment.cache.num.max = 2 (custom)
2019-10-07 06:27:44,570 [pool-403-thread-1] INFO  server.RaftServerConfigKeys (ConfUtils.java:logGet(43)) - raft.server.log.statemachine.data.caching.enabled = true (custom)
2019-10-07 06:27:44,570 [pool-393-thread-1] INFO  server.RaftServerConfigKeys (ConfUtils.java:logGet(43)) - raft.server.log.segment.cache.num.max = 2 (custom)
2019-10-07 06:27:44,570 [pool-383-thread-1] INFO  segmented.SegmentedRaftLogWorker (SegmentedRaftLogWorker.java:<init>(173)) - new 63d673df-f08d-46d2-a119-e547cb49433b@group-1DAB53515AA5-SegmentedRaftLogWorker for RaftStorage:Storage Directory /workdir/hadoop-ozone/integration-test/target/test-dir/MiniOzoneClusterImpl-edc4639a-9306-46b6-9240-db948b47afbc/datanode-0/data/ratis/5637800c-91e4-442f-84a1-1dab53515aa5
2019-10-07 06:27:44,570 [pool-393-thread-1] INFO  segmented.SegmentedRaftLogWorker (SegmentedRaftLogWorker.java:<init>(173)) - new d594e33e-0c83-4fff-84be-cf0eedfeb723@group-1DAB53515AA5-SegmentedRaftLogWorker for RaftStorage:Storage Directory /workdir/hadoop-ozone/integration-test/target/test-dir/MiniOzoneClusterImpl-edc4639a-9306-46b6-9240-db948b47afbc/datanode-1/data/ratis/5637800c-91e4-442f-84a1-1dab53515aa5
2019-10-07 06:27:44,571 [pool-383-thread-1] INFO  server.RaftServerConfigKeys (ConfUtils.java:logGet(43)) - raft.server.log.queue.byte-limit = 2147483647 (custom)
2019-10-07 06:27:44,571 [pool-403-thread-1] INFO  segmented.SegmentedRaftLogWorker (SegmentedRaftLogWorker.java:lambda$new$0(128)) - 0ac1db07-9d44-4c65-9b95-e9033929b1b5@group-1DAB53515AA5-SegmentedRaftLogWorker: flushIndex: setUnconditionally 0 -> -1
2019-10-07 06:27:44,571 [pool-393-thread-1] INFO  server.RaftServerConfigKeys (ConfUtils.java:logGet(43)) - raft.server.log.queue.byte-limit = 2147483647 (custom)
2019-10-07 06:27:44,571 [pool-403-thread-1] INFO  server.RaftServerConfigKeys (ConfUtils.java:logGet(43)) - raft.server.snapshot.auto.trigger.enabled = true (custom)
2019-10-07 06:27:44,571 [pool-383-thread-1] INFO  server.RaftServerConfigKeys (ConfUtils.java:logGet(43)) - raft.server.log.queue.element-limit = 1024 (custom)
2019-10-07 06:27:44,571 [pool-403-thread-1] INFO  server.RaftServerConfigKeys (ConfUtils.java:logGet(43)) - raft.server.snapshot.auto.trigger.threshold = 10000 (custom)
2019-10-07 06:27:44,571 [pool-393-thread-1] INFO  server.RaftServerConfigKeys (ConfUtils.java:logGet(43)) - raft.server.log.queue.element-limit = 1024 (custom)
2019-10-07 06:27:44,571 [pool-403-thread-1] INFO  server.RaftServerConfigKeys (ConfUtils.java:logGet(43)) - raft.server.snapshot.retention.file.num = 5 (custom)
2019-10-07 06:27:44,571 [pool-383-thread-1] INFO  server.RaftServerConfigKeys (ConfUtils.java:logGet(43)) - raft.server.log.segment.size.max = 1048576 (custom)
2019-10-07 06:27:44,572 [pool-403-thread-1] INFO  server.RaftServerConfigKeys (ConfUtils.java:logGet(43)) - raft.server.retrycache.expirytime = 600000ms (custom)
2019-10-07 06:27:44,572 [pool-393-thread-1] INFO  server.RaftServerConfigKeys (ConfUtils.java:logGet(43)) - raft.server.log.segment.size.max = 1048576 (custom)
2019-10-07 06:27:44,572 [pool-383-thread-1] INFO  server.RaftServerConfigKeys (ConfUtils.java:logGet(43)) - raft.server.log.preallocated.size = 16384 (custom)
2019-10-07 06:27:44,572 [pool-393-thread-1] INFO  server.RaftServerConfigKeys (ConfUtils.java:logGet(43)) - raft.server.log.preallocated.size = 16384 (custom)
2019-10-07 06:27:44,572 [pool-383-thread-1] INFO  server.RaftServerConfigKeys (ConfUtils.java:logGet(43)) - raft.server.log.write.buffer.size = 33554432 (custom)
2019-10-07 06:27:44,572 [pool-393-thread-1] INFO  server.RaftServerConfigKeys (ConfUtils.java:logGet(43)) - raft.server.log.write.buffer.size = 33554432 (custom)
2019-10-07 06:27:44,572 [pool-383-thread-1] INFO  server.RaftServerConfigKeys (ConfUtils.java:logGet(43)) - raft.server.log.force.sync.num = 128 (default)
2019-10-07 06:27:44,573 [pool-393-thread-1] INFO  server.RaftServerConfigKeys (ConfUtils.java:logGet(43)) - raft.server.log.force.sync.num = 128 (default)
2019-10-07 06:27:44,573 [pool-383-thread-1] INFO  server.RaftServerConfigKeys (ConfUtils.java:logGet(43)) - raft.server.log.statemachine.data.sync = true (default)
2019-10-07 06:27:44,573 [pool-393-thread-1] INFO  server.RaftServerConfigKeys (ConfUtils.java:logGet(43)) - raft.server.log.statemachine.data.sync = true (default)
2019-10-07 06:27:44,573 [pool-383-thread-1] INFO  server.RaftServerConfigKeys (ConfUtils.java:logGet(43)) - raft.server.log.statemachine.data.sync.timeout = 10s (default)
2019-10-07 06:27:44,573 [pool-393-thread-1] INFO  server.RaftServerConfigKeys (ConfUtils.java:logGet(43)) - raft.server.log.statemachine.data.sync.timeout = 10s (default)
2019-10-07 06:27:44,573 [pool-383-thread-1] INFO  server.RaftServerConfigKeys (ConfUtils.java:logGet(43)) - raft.server.log.statemachine.data.sync.timeout.retry = -1 (default)
2019-10-07 06:27:44,573 [pool-393-thread-1] INFO  server.RaftServerConfigKeys (ConfUtils.java:logGet(43)) - raft.server.log.statemachine.data.sync.timeout.retry = -1 (default)
2019-10-07 06:27:44,574 [pool-383-thread-1] INFO  server.RaftServerConfigKeys (ConfUtils.java:logGet(43)) - raft.server.log.statemachine.data.caching.enabled = true (custom)
2019-10-07 06:27:44,574 [pool-403-thread-1] INFO  impl.RaftServerImpl (RaftServerImpl.java:start(181)) - 0ac1db07-9d44-4c65-9b95-e9033929b1b5@group-1DAB53515AA5: start as a follower, conf=-1: [0ac1db07-9d44-4c65-9b95-e9033929b1b5:192.168.30.3:36106, 63d673df-f08d-46d2-a119-e547cb49433b:192.168.30.3:46593, d594e33e-0c83-4fff-84be-cf0eedfeb723:192.168.30.3:43534], old=null
2019-10-07 06:27:44,574 [pool-393-thread-1] INFO  server.RaftServerConfigKeys (ConfUtils.java:logGet(43)) - raft.server.log.statemachine.data.caching.enabled = true (custom)
2019-10-07 06:27:44,574 [pool-383-thread-1] INFO  segmented.SegmentedRaftLogWorker (SegmentedRaftLogWorker.java:lambda$new$0(128)) - 63d673df-f08d-46d2-a119-e547cb49433b@group-1DAB53515AA5-SegmentedRaftLogWorker: flushIndex: setUnconditionally 0 -> -1
2019-10-07 06:27:44,574 [pool-403-thread-1] INFO  impl.RaftServerImpl (RaftServerImpl.java:setRole(170)) - 0ac1db07-9d44-4c65-9b95-e9033929b1b5@group-1DAB53515AA5: changes role from      null to FOLLOWER at term 0 for startAsFollower
2019-10-07 06:27:44,574 [pool-393-thread-1] INFO  segmented.SegmentedRaftLogWorker (SegmentedRaftLogWorker.java:lambda$new$0(128)) - d594e33e-0c83-4fff-84be-cf0eedfeb723@group-1DAB53515AA5-SegmentedRaftLogWorker: flushIndex: setUnconditionally 0 -> -1
2019-10-07 06:27:44,574 [pool-383-thread-1] INFO  server.RaftServerConfigKeys (ConfUtils.java:logGet(43)) - raft.server.snapshot.auto.trigger.enabled = true (custom)
2019-10-07 06:27:44,574 [pool-403-thread-1] INFO  impl.RoleInfo (RoleInfo.java:updateAndGet(143)) - 0ac1db07-9d44-4c65-9b95-e9033929b1b5: start FollowerState
2019-10-07 06:27:44,575 [pool-383-thread-1] INFO  server.RaftServerConfigKeys (ConfUtils.java:logGet(43)) - raft.server.snapshot.auto.trigger.threshold = 10000 (custom)
2019-10-07 06:27:44,575 [pool-393-thread-1] INFO  server.RaftServerConfigKeys (ConfUtils.java:logGet(43)) - raft.server.snapshot.auto.trigger.enabled = true (custom)
2019-10-07 06:27:44,575 [pool-403-thread-1] INFO  util.JmxRegister (JmxRegister.java:tryRegister(44)) - Successfully registered JMX Bean with object name Ratis:service=RaftServer,group=group-1DAB53515AA5,id=0ac1db07-9d44-4c65-9b95-e9033929b1b5
2019-10-07 06:27:44,575 [pool-383-thread-1] INFO  server.RaftServerConfigKeys (ConfUtils.java:logGet(43)) - raft.server.snapshot.retention.file.num = 5 (custom)
2019-10-07 06:27:44,575 [pool-393-thread-1] INFO  server.RaftServerConfigKeys (ConfUtils.java:logGet(43)) - raft.server.snapshot.auto.trigger.threshold = 10000 (custom)
2019-10-07 06:27:44,575 [pool-383-thread-1] INFO  server.RaftServerConfigKeys (ConfUtils.java:logGet(43)) - raft.server.retrycache.expirytime = 600000ms (custom)
2019-10-07 06:27:44,575 [pool-393-thread-1] INFO  server.RaftServerConfigKeys (ConfUtils.java:logGet(43)) - raft.server.snapshot.retention.file.num = 5 (custom)
2019-10-07 06:27:44,575 [pool-393-thread-1] INFO  server.RaftServerConfigKeys (ConfUtils.java:logGet(43)) - raft.server.retrycache.expirytime = 600000ms (custom)
2019-10-07 06:27:44,581 [pool-383-thread-1] INFO  impl.RaftServerImpl (RaftServerImpl.java:start(181)) - 63d673df-f08d-46d2-a119-e547cb49433b@group-1DAB53515AA5: start as a follower, conf=-1: [0ac1db07-9d44-4c65-9b95-e9033929b1b5:192.168.30.3:36106, 63d673df-f08d-46d2-a119-e547cb49433b:192.168.30.3:46593, d594e33e-0c83-4fff-84be-cf0eedfeb723:192.168.30.3:43534], old=null
2019-10-07 06:27:44,581 [pool-383-thread-1] INFO  impl.RaftServerImpl (RaftServerImpl.java:setRole(170)) - 63d673df-f08d-46d2-a119-e547cb49433b@group-1DAB53515AA5: changes role from      null to FOLLOWER at term 0 for startAsFollower
2019-10-07 06:27:44,581 [pool-383-thread-1] INFO  impl.RoleInfo (RoleInfo.java:updateAndGet(143)) - 63d673df-f08d-46d2-a119-e547cb49433b: start FollowerState
2019-10-07 06:27:44,581 [pool-393-thread-1] INFO  impl.RaftServerImpl (RaftServerImpl.java:start(181)) - d594e33e-0c83-4fff-84be-cf0eedfeb723@group-1DAB53515AA5: start as a follower, conf=-1: [0ac1db07-9d44-4c65-9b95-e9033929b1b5:192.168.30.3:36106, 63d673df-f08d-46d2-a119-e547cb49433b:192.168.30.3:46593, d594e33e-0c83-4fff-84be-cf0eedfeb723:192.168.30.3:43534], old=null
2019-10-07 06:27:44,581 [pool-393-thread-1] INFO  impl.RaftServerImpl (RaftServerImpl.java:setRole(170)) - d594e33e-0c83-4fff-84be-cf0eedfeb723@group-1DAB53515AA5: changes role from      null to FOLLOWER at term 0 for startAsFollower
2019-10-07 06:27:44,581 [pool-383-thread-1] INFO  util.JmxRegister (JmxRegister.java:tryRegister(44)) - Successfully registered JMX Bean with object name Ratis:service=RaftServer,group=group-1DAB53515AA5,id=63d673df-f08d-46d2-a119-e547cb49433b
2019-10-07 06:27:44,581 [pool-393-thread-1] INFO  impl.RoleInfo (RoleInfo.java:updateAndGet(143)) - d594e33e-0c83-4fff-84be-cf0eedfeb723: start FollowerState
2019-10-07 06:27:44,582 [pool-393-thread-1] INFO  util.JmxRegister (JmxRegister.java:tryRegister(44)) - Successfully registered JMX Bean with object name Ratis:service=RaftServer,group=group-1DAB53515AA5,id=d594e33e-0c83-4fff-84be-cf0eedfeb723
2019-10-07 06:27:44,589 [RatisPipelineUtilsThread] INFO  pipeline.PipelineStateManager (PipelineStateManager.java:addPipeline(56)) - Created pipeline Pipeline[ Id: 5637800c-91e4-442f-84a1-1dab53515aa5, Nodes: 63d673df-f08d-46d2-a119-e547cb49433b{ip: 192.168.30.3, host: trunk-nightly-20191007-kbwpl-4130163227, networkLocation: /default-rack, certSerialId: null}d594e33e-0c83-4fff-84be-cf0eedfeb723{ip: 192.168.30.3, host: trunk-nightly-20191007-kbwpl-4130163227, networkLocation: /default-rack, certSerialId: null}0ac1db07-9d44-4c65-9b95-e9033929b1b5{ip: 192.168.30.3, host: trunk-nightly-20191007-kbwpl-4130163227, networkLocation: /default-rack, certSerialId: null}, Type:RATIS, Factor:THREE, State:OPEN]
2019-10-07 06:27:44,645 [IPC Server handler 6 on 42960] INFO  net.NetworkTopology (NetworkTopologyImpl.java:add(111)) - Added a new node: /default-rack/f0af57f8-83df-4c64-9a7d-a985d135956b
2019-10-07 06:27:44,645 [IPC Server handler 6 on 42960] INFO  node.SCMNodeManager (SCMNodeManager.java:register(268)) - Registered Data node : f0af57f8-83df-4c64-9a7d-a985d135956b{ip: 192.168.30.3, host: trunk-nightly-20191007-kbwpl-4130163227, networkLocation: /default-rack, certSerialId: null}
2019-10-07 06:27:44,652 [grpc-default-executor-0] INFO  impl.RaftServerProxy (RaftServerProxy.java:addNew(89)) - 0f392b92-c4ca-45f9-a050-92d339436648: addNew group-F9707B37F86A:[0f392b92-c4ca-45f9-a050-92d339436648:192.168.30.3:40209] returns group-F9707B37F86A:java.util.concurrent.CompletableFuture@3b557429[Not completed]
2019-10-07 06:27:44,655 [pool-413-thread-1] INFO  impl.RaftServerImpl (RaftServerImpl.java:<init>(95)) - 0f392b92-c4ca-45f9-a050-92d339436648: new RaftServerImpl for group-F9707B37F86A:[0f392b92-c4ca-45f9-a050-92d339436648:192.168.30.3:40209] with ContainerStateMachine:uninitialized
2019-10-07 06:27:44,655 [pool-413-thread-1] INFO  server.RaftServerConfigKeys (ConfUtils.java:logGet(43)) - raft.server.rpc.timeout.min = 5s (custom)
2019-10-07 06:27:44,655 [pool-413-thread-1] INFO  server.RaftServerConfigKeys (ConfUtils.java:logGet(43)) - raft.server.rpc.timeout.max = 5200ms (custom)
2019-10-07 06:27:44,655 [pool-413-thread-1] INFO  server.RaftServerConfigKeys (ConfUtils.java:logGet(43)) - raft.server.rpcslowness.timeout = 120s (custom)
2019-10-07 06:27:44,655 [pool-413-thread-1] INFO  server.RaftServerConfigKeys (ConfUtils.java:logGet(43)) - raft.server.sleep.deviation.threshold = 300 (default)
2019-10-07 06:27:44,655 [pool-413-thread-1] INFO  server.RaftServerConfigKeys (ConfUtils.java:logGet(43)) - raft.server.log.appender.install.snapshot.enabled = false (custom)
2019-10-07 06:27:44,656 [pool-413-thread-1] INFO  impl.RaftServerImpl (ServerState.java:<init>(103)) - 0f392b92-c4ca-45f9-a050-92d339436648@group-F9707B37F86A: ConfigurationManager, init=-1: [0f392b92-c4ca-45f9-a050-92d339436648:192.168.30.3:40209], old=null, confs=<EMPTY_MAP>
2019-10-07 06:27:44,656 [pool-413-thread-1] INFO  server.RaftServerConfigKeys (ConfUtils.java:logGet(43)) - raft.server.storage.dir = [/workdir/hadoop-ozone/integration-test/target/test-dir/MiniOzoneClusterImpl-edc4639a-9306-46b6-9240-db948b47afbc/datanode-3/data/ratis] (custom)
2019-10-07 06:27:44,656 [pool-413-thread-1] INFO  server.RaftServerConfigKeys (ConfUtils.java:logGet(43)) - raft.server.log.corruption.policy = EXCEPTION (default)
2019-10-07 06:27:44,656 [pool-413-thread-1] INFO  storage.RaftStorageDirectory (RaftStorageDirectory.java:analyzeStorage(246)) - The storage directory /workdir/hadoop-ozone/integration-test/target/test-dir/MiniOzoneClusterImpl-edc4639a-9306-46b6-9240-db948b47afbc/datanode-3/data/ratis/9580c0d7-1ea0-4cd2-88ee-f9707b37f86a does not exist. Creating ...
2019-10-07 06:27:44,668 [pool-413-thread-1] INFO  storage.RaftStorageDirectory (RaftStorageDirectory.java:tryLock(328)) - Lock on /workdir/hadoop-ozone/integration-test/target/test-dir/MiniOzoneClusterImpl-edc4639a-9306-46b6-9240-db948b47afbc/datanode-3/data/ratis/9580c0d7-1ea0-4cd2-88ee-f9707b37f86a/in_use.lock acquired by nodename 7878@trunk-nightly-20191007-kbwpl-4130163227
2019-10-07 06:27:44,671 [pool-413-thread-1] INFO  storage.RaftStorage (RaftStorage.java:format(84)) - Storage directory /workdir/hadoop-ozone/integration-test/target/test-dir/MiniOzoneClusterImpl-edc4639a-9306-46b6-9240-db948b47afbc/datanode-3/data/ratis/9580c0d7-1ea0-4cd2-88ee-f9707b37f86a has been successfully formatted.
2019-10-07 06:27:44,672 [pool-413-thread-1] INFO  ratis.ContainerStateMachine (ContainerStateMachine.java:loadSnapshot(231)) - group-F9707B37F86A: The snapshot info is null. Setting the last applied indexto:(t:0, i:~)
2019-10-07 06:27:44,672 [pool-413-thread-1] INFO  server.RaftServerConfigKeys (ConfUtils.java:logGet(43)) - raft.server.notification.no-leader.timeout = 120s (custom)
2019-10-07 06:27:44,672 [pool-413-thread-1] INFO  server.RaftServerConfigKeys (ConfUtils.java:logGet(43)) - raft.server.log.use.memory = false (default)
2019-10-07 06:27:44,672 [pool-413-thread-1] INFO  server.RaftServerConfigKeys (ConfUtils.java:logGet(43)) - raft.server.log.purge.gap = 1000000 (custom)
2019-10-07 06:27:44,672 [pool-413-thread-1] INFO  server.RaftServerConfigKeys (ConfUtils.java:logGet(43)) - raft.server.log.appender.buffer.byte-limit = 33554432 (custom)
2019-10-07 06:27:44,672 [pool-413-thread-1] INFO  server.RaftServerConfigKeys (ConfUtils.java:logGet(43)) - raft.server.log.segment.size.max = 1048576 (custom)
2019-10-07 06:27:44,673 [pool-413-thread-1] INFO  server.RaftServerConfigKeys (ConfUtils.java:logGet(43)) - raft.server.log.segment.cache.num.max = 2 (custom)
2019-10-07 06:27:44,673 [pool-413-thread-1] INFO  segmented.SegmentedRaftLogWorker (SegmentedRaftLogWorker.java:<init>(173)) - new 0f392b92-c4ca-45f9-a050-92d339436648@group-F9707B37F86A-SegmentedRaftLogWorker for RaftStorage:Storage Directory /workdir/hadoop-ozone/integration-test/target/test-dir/MiniOzoneClusterImpl-edc4639a-9306-46b6-9240-db948b47afbc/datanode-3/data/ratis/9580c0d7-1ea0-4cd2-88ee-f9707b37f86a
2019-10-07 06:27:44,673 [pool-413-thread-1] INFO  server.RaftServerConfigKeys (ConfUtils.java:logGet(43)) - raft.server.log.queue.byte-limit = 2147483647 (custom)
2019-10-07 06:27:44,674 [pool-413-thread-1] INFO  server.RaftServerConfigKeys (ConfUtils.java:logGet(43)) - raft.server.log.queue.element-limit = 1024 (custom)
2019-10-07 06:27:44,674 [pool-413-thread-1] INFO  server.RaftServerConfigKeys (ConfUtils.java:logGet(43)) - raft.server.log.segment.size.max = 1048576 (custom)
2019-10-07 06:27:44,674 [pool-413-thread-1] INFO  server.RaftServerConfigKeys (ConfUtils.java:logGet(43)) - raft.server.log.preallocated.size = 16384 (custom)
2019-10-07 06:27:44,674 [pool-413-thread-1] INFO  server.RaftServerConfigKeys (ConfUtils.java:logGet(43)) - raft.server.log.write.buffer.size = 33554432 (custom)
2019-10-07 06:27:44,674 [pool-413-thread-1] INFO  server.RaftServerConfigKeys (ConfUtils.java:logGet(43)) - raft.server.log.force.sync.num = 128 (default)
2019-10-07 06:27:44,674 [pool-413-thread-1] INFO  server.RaftServerConfigKeys (ConfUtils.java:logGet(43)) - raft.server.log.statemachine.data.sync = true (default)
2019-10-07 06:27:44,674 [pool-413-thread-1] INFO  server.RaftServerConfigKeys (ConfUtils.java:logGet(43)) - raft.server.log.statemachine.data.sync.timeout = 10s (default)
2019-10-07 06:27:44,674 [pool-413-thread-1] INFO  server.RaftServerConfigKeys (ConfUtils.java:logGet(43)) - raft.server.log.statemachine.data.sync.timeout.retry = -1 (default)
2019-10-07 06:27:44,675 [pool-413-thread-1] INFO  server.RaftServerConfigKeys (ConfUtils.java:logGet(43)) - raft.server.log.statemachine.data.caching.enabled = true (custom)
2019-10-07 06:27:44,675 [pool-413-thread-1] INFO  segmented.SegmentedRaftLogWorker (SegmentedRaftLogWorker.java:lambda$new$0(128)) - 0f392b92-c4ca-45f9-a050-92d339436648@group-F9707B37F86A-SegmentedRaftLogWorker: flushIndex: setUnconditionally 0 -> -1
2019-10-07 06:27:44,675 [pool-413-thread-1] INFO  server.RaftServerConfigKeys (ConfUtils.java:logGet(43)) - raft.server.snapshot.auto.trigger.enabled = true (custom)
2019-10-07 06:27:44,675 [pool-413-thread-1] INFO  server.RaftServerConfigKeys (ConfUtils.java:logGet(43)) - raft.server.snapshot.auto.trigger.threshold = 10000 (custom)
2019-10-07 06:27:44,675 [pool-413-thread-1] INFO  server.RaftServerConfigKeys (ConfUtils.java:logGet(43)) - raft.server.snapshot.retention.file.num = 5 (custom)
2019-10-07 06:27:44,675 [pool-413-thread-1] INFO  server.RaftServerConfigKeys (ConfUtils.java:logGet(43)) - raft.server.retrycache.expirytime = 600000ms (custom)
2019-10-07 06:27:44,676 [pool-413-thread-1] INFO  impl.RaftServerImpl (RaftServerImpl.java:start(181)) - 0f392b92-c4ca-45f9-a050-92d339436648@group-F9707B37F86A: start as a follower, conf=-1: [0f392b92-c4ca-45f9-a050-92d339436648:192.168.30.3:40209], old=null
2019-10-07 06:27:44,677 [pool-413-thread-1] INFO  impl.RaftServerImpl (RaftServerImpl.java:setRole(170)) - 0f392b92-c4ca-45f9-a050-92d339436648@group-F9707B37F86A: changes role from      null to FOLLOWER at term 0 for startAsFollower
2019-10-07 06:27:44,677 [pool-413-thread-1] INFO  impl.RoleInfo (RoleInfo.java:updateAndGet(143)) - 0f392b92-c4ca-45f9-a050-92d339436648: start FollowerState
2019-10-07 06:27:44,677 [pool-413-thread-1] INFO  util.JmxRegister (JmxRegister.java:tryRegister(44)) - Successfully registered JMX Bean with object name Ratis:service=RaftServer,group=group-F9707B37F86A,id=0f392b92-c4ca-45f9-a050-92d339436648
2019-10-07 06:27:44,683 [RatisPipelineUtilsThread] INFO  pipeline.PipelineStateManager (PipelineStateManager.java:addPipeline(56)) - Created pipeline Pipeline[ Id: 9580c0d7-1ea0-4cd2-88ee-f9707b37f86a, Nodes: 0f392b92-c4ca-45f9-a050-92d339436648{ip: 192.168.30.3, host: trunk-nightly-20191007-kbwpl-4130163227, networkLocation: /default-rack, certSerialId: null}, Type:RATIS, Factor:ONE, State:OPEN]
2019-10-07 06:27:44,691 [grpc-default-executor-0] INFO  impl.RaftServerProxy (RaftServerProxy.java:addNew(89)) - f0af57f8-83df-4c64-9a7d-a985d135956b: addNew group-F593250A9E23:[f0af57f8-83df-4c64-9a7d-a985d135956b:192.168.30.3:45855] returns group-F593250A9E23:java.util.concurrent.CompletableFuture@25514685[Not completed]
2019-10-07 06:27:44,692 [pool-423-thread-1] INFO  impl.RaftServerImpl (RaftServerImpl.java:<init>(95)) - f0af57f8-83df-4c64-9a7d-a985d135956b: new RaftServerImpl for group-F593250A9E23:[f0af57f8-83df-4c64-9a7d-a985d135956b:192.168.30.3:45855] with ContainerStateMachine:uninitialized
2019-10-07 06:27:44,692 [pool-423-thread-1] INFO  server.RaftServerConfigKeys (ConfUtils.java:logGet(43)) - raft.server.rpc.timeout.min = 5s (custom)
2019-10-07 06:27:44,692 [pool-423-thread-1] INFO  server.RaftServerConfigKeys (ConfUtils.java:logGet(43)) - raft.server.rpc.timeout.max = 5200ms (custom)
2019-10-07 06:27:44,692 [pool-423-thread-1] INFO  server.RaftServerConfigKeys (ConfUtils.java:logGet(43)) - raft.server.rpcslowness.timeout = 120s (custom)
2019-10-07 06:27:44,692 [pool-423-thread-1] INFO  server.RaftServerConfigKeys (ConfUtils.java:logGet(43)) - raft.server.sleep.deviation.threshold = 300 (default)
2019-10-07 06:27:44,692 [pool-423-thread-1] INFO  server.RaftServerConfigKeys (ConfUtils.java:logGet(43)) - raft.server.log.appender.install.snapshot.enabled = false (custom)
2019-10-07 06:27:44,693 [pool-423-thread-1] INFO  impl.RaftServerImpl (ServerState.java:<init>(103)) - f0af57f8-83df-4c64-9a7d-a985d135956b@group-F593250A9E23: ConfigurationManager, init=-1: [f0af57f8-83df-4c64-9a7d-a985d135956b:192.168.30.3:45855], old=null, confs=<EMPTY_MAP>
2019-10-07 06:27:44,693 [pool-423-thread-1] INFO  server.RaftServerConfigKeys (ConfUtils.java:logGet(43)) - raft.server.storage.dir = [/workdir/hadoop-ozone/integration-test/target/test-dir/MiniOzoneClusterImpl-edc4639a-9306-46b6-9240-db948b47afbc/datanode-4/data/ratis] (custom)
2019-10-07 06:27:44,693 [pool-423-thread-1] INFO  server.RaftServerConfigKeys (ConfUtils.java:logGet(43)) - raft.server.log.corruption.policy = EXCEPTION (default)
2019-10-07 06:27:44,693 [pool-423-thread-1] INFO  storage.RaftStorageDirectory (RaftStorageDirectory.java:analyzeStorage(246)) - The storage directory /workdir/hadoop-ozone/integration-test/target/test-dir/MiniOzoneClusterImpl-edc4639a-9306-46b6-9240-db948b47afbc/datanode-4/data/ratis/c024288d-5d74-4047-8e77-f593250a9e23 does not exist. Creating ...
2019-10-07 06:27:44,703 [pool-423-thread-1] INFO  storage.RaftStorageDirectory (RaftStorageDirectory.java:tryLock(328)) - Lock on /workdir/hadoop-ozone/integration-test/target/test-dir/MiniOzoneClusterImpl-edc4639a-9306-46b6-9240-db948b47afbc/datanode-4/data/ratis/c024288d-5d74-4047-8e77-f593250a9e23/in_use.lock acquired by nodename 7878@trunk-nightly-20191007-kbwpl-4130163227
2019-10-07 06:27:44,707 [IPC Server handler 0 on 42960] INFO  net.NetworkTopology (NetworkTopologyImpl.java:add(111)) - Added a new node: /default-rack/ccce0cf6-0bfa-4fde-a121-82131e222540
2019-10-07 06:27:44,707 [IPC Server handler 0 on 42960] INFO  node.SCMNodeManager (SCMNodeManager.java:register(268)) - Registered Data node : ccce0cf6-0bfa-4fde-a121-82131e222540{ip: 192.168.30.3, host: trunk-nightly-20191007-kbwpl-4130163227, networkLocation: /default-rack, certSerialId: null}
2019-10-07 06:27:44,716 [pool-423-thread-1] INFO  storage.RaftStorage (RaftStorage.java:format(84)) - Storage directory /workdir/hadoop-ozone/integration-test/target/test-dir/MiniOzoneClusterImpl-edc4639a-9306-46b6-9240-db948b47afbc/datanode-4/data/ratis/c024288d-5d74-4047-8e77-f593250a9e23 has been successfully formatted.
2019-10-07 06:27:44,716 [pool-423-thread-1] INFO  ratis.ContainerStateMachine (ContainerStateMachine.java:loadSnapshot(231)) - group-F593250A9E23: The snapshot info is null. Setting the last applied indexto:(t:0, i:~)
2019-10-07 06:27:44,716 [pool-423-thread-1] INFO  server.RaftServerConfigKeys (ConfUtils.java:logGet(43)) - raft.server.notification.no-leader.timeout = 120s (custom)
2019-10-07 06:27:44,716 [pool-423-thread-1] INFO  server.RaftServerConfigKeys (ConfUtils.java:logGet(43)) - raft.server.log.use.memory = false (default)
2019-10-07 06:27:44,717 [pool-423-thread-1] INFO  server.RaftServerConfigKeys (ConfUtils.java:logGet(43)) - raft.server.log.purge.gap = 1000000 (custom)
2019-10-07 06:27:44,717 [pool-423-thread-1] INFO  server.RaftServerConfigKeys (ConfUtils.java:logGet(43)) - raft.server.log.appender.buffer.byte-limit = 33554432 (custom)
2019-10-07 06:27:44,717 [pool-423-thread-1] INFO  server.RaftServerConfigKeys (ConfUtils.java:logGet(43)) - raft.server.log.segment.size.max = 1048576 (custom)
2019-10-07 06:27:44,718 [pool-423-thread-1] INFO  server.RaftServerConfigKeys (ConfUtils.java:logGet(43)) - raft.server.log.segment.cache.num.max = 2 (custom)
2019-10-07 06:27:44,719 [pool-423-thread-1] INFO  segmented.SegmentedRaftLogWorker (SegmentedRaftLogWorker.java:<init>(173)) - new f0af57f8-83df-4c64-9a7d-a985d135956b@group-F593250A9E23-SegmentedRaftLogWorker for RaftStorage:Storage Directory /workdir/hadoop-ozone/integration-test/target/test-dir/MiniOzoneClusterImpl-edc4639a-9306-46b6-9240-db948b47afbc/datanode-4/data/ratis/c024288d-5d74-4047-8e77-f593250a9e23
2019-10-07 06:27:44,719 [pool-423-thread-1] INFO  server.RaftServerConfigKeys (ConfUtils.java:logGet(43)) - raft.server.log.queue.byte-limit = 2147483647 (custom)
2019-10-07 06:27:44,719 [pool-423-thread-1] INFO  server.RaftServerConfigKeys (ConfUtils.java:logGet(43)) - raft.server.log.queue.element-limit = 1024 (custom)
2019-10-07 06:27:44,719 [pool-423-thread-1] INFO  server.RaftServerConfigKeys (ConfUtils.java:logGet(43)) - raft.server.log.segment.size.max = 1048576 (custom)
2019-10-07 06:27:44,719 [pool-423-thread-1] INFO  server.RaftServerConfigKeys (ConfUtils.java:logGet(43)) - raft.server.log.preallocated.size = 16384 (custom)
2019-10-07 06:27:44,719 [pool-423-thread-1] INFO  server.RaftServerConfigKeys (ConfUtils.java:logGet(43)) - raft.server.log.write.buffer.size = 33554432 (custom)
2019-10-07 06:27:44,719 [pool-423-thread-1] INFO  server.RaftServerConfigKeys (ConfUtils.java:logGet(43)) - raft.server.log.force.sync.num = 128 (default)
2019-10-07 06:27:44,719 [pool-423-thread-1] INFO  server.RaftServerConfigKeys (ConfUtils.java:logGet(43)) - raft.server.log.statemachine.data.sync = true (default)
2019-10-07 06:27:44,720 [pool-423-thread-1] INFO  server.RaftServerConfigKeys (ConfUtils.java:logGet(43)) - raft.server.log.statemachine.data.sync.timeout = 10s (default)
2019-10-07 06:27:44,720 [pool-423-thread-1] INFO  server.RaftServerConfigKeys (ConfUtils.java:logGet(43)) - raft.server.log.statemachine.data.sync.timeout.retry = -1 (default)
2019-10-07 06:27:44,720 [pool-423-thread-1] INFO  server.RaftServerConfigKeys (ConfUtils.java:logGet(43)) - raft.server.log.statemachine.data.caching.enabled = true (custom)
2019-10-07 06:27:44,720 [pool-423-thread-1] INFO  segmented.SegmentedRaftLogWorker (SegmentedRaftLogWorker.java:lambda$new$0(128)) - f0af57f8-83df-4c64-9a7d-a985d135956b@group-F593250A9E23-SegmentedRaftLogWorker: flushIndex: setUnconditionally 0 -> -1
2019-10-07 06:27:44,721 [pool-423-thread-1] INFO  server.RaftServerConfigKeys (ConfUtils.java:logGet(43)) - raft.server.snapshot.auto.trigger.enabled = true (custom)
2019-10-07 06:27:44,721 [pool-423-thread-1] INFO  server.RaftServerConfigKeys (ConfUtils.java:logGet(43)) - raft.server.snapshot.auto.trigger.threshold = 10000 (custom)
2019-10-07 06:27:44,721 [pool-423-thread-1] INFO  server.RaftServerConfigKeys (ConfUtils.java:logGet(43)) - raft.server.snapshot.retention.file.num = 5 (custom)
2019-10-07 06:27:44,721 [pool-423-thread-1] INFO  server.RaftServerConfigKeys (ConfUtils.java:logGet(43)) - raft.server.retrycache.expirytime = 600000ms (custom)
2019-10-07 06:27:44,723 [pool-423-thread-1] INFO  impl.RaftServerImpl (RaftServerImpl.java:start(181)) - f0af57f8-83df-4c64-9a7d-a985d135956b@group-F593250A9E23: start as a follower, conf=-1: [f0af57f8-83df-4c64-9a7d-a985d135956b:192.168.30.3:45855], old=null
2019-10-07 06:27:44,723 [pool-423-thread-1] INFO  impl.RaftServerImpl (RaftServerImpl.java:setRole(170)) - f0af57f8-83df-4c64-9a7d-a985d135956b@group-F593250A9E23: changes role from      null to FOLLOWER at term 0 for startAsFollower
2019-10-07 06:27:44,723 [pool-423-thread-1] INFO  impl.RoleInfo (RoleInfo.java:updateAndGet(143)) - f0af57f8-83df-4c64-9a7d-a985d135956b: start FollowerState
2019-10-07 06:27:44,723 [pool-423-thread-1] INFO  util.JmxRegister (JmxRegister.java:tryRegister(44)) - Successfully registered JMX Bean with object name Ratis:service=RaftServer,group=group-F593250A9E23,id=f0af57f8-83df-4c64-9a7d-a985d135956b
2019-10-07 06:27:44,730 [RatisPipelineUtilsThread] INFO  pipeline.PipelineStateManager (PipelineStateManager.java:addPipeline(56)) - Created pipeline Pipeline[ Id: c024288d-5d74-4047-8e77-f593250a9e23, Nodes: f0af57f8-83df-4c64-9a7d-a985d135956b{ip: 192.168.30.3, host: trunk-nightly-20191007-kbwpl-4130163227, networkLocation: /default-rack, certSerialId: null}, Type:RATIS, Factor:ONE, State:OPEN]
2019-10-07 06:27:44,739 [grpc-default-executor-0] INFO  impl.RaftServerProxy (RaftServerProxy.java:addNew(89)) - ccce0cf6-0bfa-4fde-a121-82131e222540: addNew group-F4D454CBC74D:[ccce0cf6-0bfa-4fde-a121-82131e222540:192.168.30.3:35237] returns group-F4D454CBC74D:java.util.concurrent.CompletableFuture@6bfac5e9[Not completed]
2019-10-07 06:27:44,740 [pool-433-thread-1] INFO  impl.RaftServerImpl (RaftServerImpl.java:<init>(95)) - ccce0cf6-0bfa-4fde-a121-82131e222540: new RaftServerImpl for group-F4D454CBC74D:[ccce0cf6-0bfa-4fde-a121-82131e222540:192.168.30.3:35237] with ContainerStateMachine:uninitialized
2019-10-07 06:27:44,740 [pool-433-thread-1] INFO  server.RaftServerConfigKeys (ConfUtils.java:logGet(43)) - raft.server.rpc.timeout.min = 5s (custom)
2019-10-07 06:27:44,741 [pool-433-thread-1] INFO  server.RaftServerConfigKeys (ConfUtils.java:logGet(43)) - raft.server.rpc.timeout.max = 5200ms (custom)
2019-10-07 06:27:44,741 [pool-433-thread-1] INFO  server.RaftServerConfigKeys (ConfUtils.java:logGet(43)) - raft.server.rpcslowness.timeout = 120s (custom)
2019-10-07 06:27:44,741 [pool-433-thread-1] INFO  server.RaftServerConfigKeys (ConfUtils.java:logGet(43)) - raft.server.sleep.deviation.threshold = 300 (default)
2019-10-07 06:27:44,741 [pool-433-thread-1] INFO  server.RaftServerConfigKeys (ConfUtils.java:logGet(43)) - raft.server.log.appender.install.snapshot.enabled = false (custom)
2019-10-07 06:27:44,741 [pool-433-thread-1] INFO  impl.RaftServerImpl (ServerState.java:<init>(103)) - ccce0cf6-0bfa-4fde-a121-82131e222540@group-F4D454CBC74D: ConfigurationManager, init=-1: [ccce0cf6-0bfa-4fde-a121-82131e222540:192.168.30.3:35237], old=null, confs=<EMPTY_MAP>
2019-10-07 06:27:44,741 [pool-433-thread-1] INFO  server.RaftServerConfigKeys (ConfUtils.java:logGet(43)) - raft.server.storage.dir = [/workdir/hadoop-ozone/integration-test/target/test-dir/MiniOzoneClusterImpl-edc4639a-9306-46b6-9240-db948b47afbc/datanode-5/data/ratis] (custom)
2019-10-07 06:27:44,742 [pool-433-thread-1] INFO  server.RaftServerConfigKeys (ConfUtils.java:logGet(43)) - raft.server.log.corruption.policy = EXCEPTION (default)
2019-10-07 06:27:44,742 [pool-433-thread-1] INFO  storage.RaftStorageDirectory (RaftStorageDirectory.java:analyzeStorage(246)) - The storage directory /workdir/hadoop-ozone/integration-test/target/test-dir/MiniOzoneClusterImpl-edc4639a-9306-46b6-9240-db948b47afbc/datanode-5/data/ratis/de16b70f-aebe-4f53-81de-f4d454cbc74d does not exist. Creating ...
2019-10-07 06:27:44,754 [pool-433-thread-1] INFO  storage.RaftStorageDirectory (RaftStorageDirectory.java:tryLock(328)) - Lock on /workdir/hadoop-ozone/integration-test/target/test-dir/MiniOzoneClusterImpl-edc4639a-9306-46b6-9240-db948b47afbc/datanode-5/data/ratis/de16b70f-aebe-4f53-81de-f4d454cbc74d/in_use.lock acquired by nodename 7878@trunk-nightly-20191007-kbwpl-4130163227
2019-10-07 06:27:44,766 [main] INFO  ozone.MiniOzoneClusterImpl (MiniOzoneClusterImpl.java:lambda$waitForClusterToBeReady$0(147)) - Waiting for cluster to be ready. Got 6 of 7 DN Heartbeats.
2019-10-07 06:27:44,767 [IPC Server handler 1 on 42960] INFO  net.NetworkTopology (NetworkTopologyImpl.java:add(111)) - Added a new node: /default-rack/d5245370-27d9-4f55-843d-593ffd90a4f6
2019-10-07 06:27:44,767 [IPC Server handler 1 on 42960] INFO  node.SCMNodeManager (SCMNodeManager.java:register(268)) - Registered Data node : d5245370-27d9-4f55-843d-593ffd90a4f6{ip: 192.168.30.3, host: trunk-nightly-20191007-kbwpl-4130163227, networkLocation: /default-rack, certSerialId: null}
2019-10-07 06:27:44,767 [pool-433-thread-1] INFO  storage.RaftStorage (RaftStorage.java:format(84)) - Storage directory /workdir/hadoop-ozone/integration-test/target/test-dir/MiniOzoneClusterImpl-edc4639a-9306-46b6-9240-db948b47afbc/datanode-5/data/ratis/de16b70f-aebe-4f53-81de-f4d454cbc74d has been successfully formatted.
2019-10-07 06:27:44,768 [pool-433-thread-1] INFO  ratis.ContainerStateMachine (ContainerStateMachine.java:loadSnapshot(231)) - group-F4D454CBC74D: The snapshot info is null. Setting the last applied indexto:(t:0, i:~)
2019-10-07 06:27:44,768 [pool-433-thread-1] INFO  server.RaftServerConfigKeys (ConfUtils.java:logGet(43)) - raft.server.notification.no-leader.timeout = 120s (custom)
2019-10-07 06:27:44,768 [pool-433-thread-1] INFO  server.RaftServerConfigKeys (ConfUtils.java:logGet(43)) - raft.server.log.use.memory = false (default)
2019-10-07 06:27:44,768 [pool-433-thread-1] INFO  server.RaftServerConfigKeys (ConfUtils.java:logGet(43)) - raft.server.log.purge.gap = 1000000 (custom)
2019-10-07 06:27:44,768 [pool-433-thread-1] INFO  server.RaftServerConfigKeys (ConfUtils.java:logGet(43)) - raft.server.log.appender.buffer.byte-limit = 33554432 (custom)
2019-10-07 06:27:44,768 [pool-433-thread-1] INFO  server.RaftServerConfigKeys (ConfUtils.java:logGet(43)) - raft.server.log.segment.size.max = 1048576 (custom)
2019-10-07 06:27:44,770 [pool-433-thread-1] INFO  server.RaftServerConfigKeys (ConfUtils.java:logGet(43)) - raft.server.log.segment.cache.num.max = 2 (custom)
2019-10-07 06:27:44,770 [pool-433-thread-1] INFO  segmented.SegmentedRaftLogWorker (SegmentedRaftLogWorker.java:<init>(173)) - new ccce0cf6-0bfa-4fde-a121-82131e222540@group-F4D454CBC74D-SegmentedRaftLogWorker for RaftStorage:Storage Directory /workdir/hadoop-ozone/integration-test/target/test-dir/MiniOzoneClusterImpl-edc4639a-9306-46b6-9240-db948b47afbc/datanode-5/data/ratis/de16b70f-aebe-4f53-81de-f4d454cbc74d
2019-10-07 06:27:44,770 [pool-433-thread-1] INFO  server.RaftServerConfigKeys (ConfUtils.java:logGet(43)) - raft.server.log.queue.byte-limit = 2147483647 (custom)
2019-10-07 06:27:44,770 [pool-433-thread-1] INFO  server.RaftServerConfigKeys (ConfUtils.java:logGet(43)) - raft.server.log.queue.element-limit = 1024 (custom)
2019-10-07 06:27:44,770 [pool-433-thread-1] INFO  server.RaftServerConfigKeys (ConfUtils.java:logGet(43)) - raft.server.log.segment.size.max = 1048576 (custom)
2019-10-07 06:27:44,770 [pool-433-thread-1] INFO  server.RaftServerConfigKeys (ConfUtils.java:logGet(43)) - raft.server.log.preallocated.size = 16384 (custom)
2019-10-07 06:27:44,771 [pool-433-thread-1] INFO  server.RaftServerConfigKeys (ConfUtils.java:logGet(43)) - raft.server.log.write.buffer.size = 33554432 (custom)
2019-10-07 06:27:44,771 [pool-433-thread-1] INFO  server.RaftServerConfigKeys (ConfUtils.java:logGet(43)) - raft.server.log.force.sync.num = 128 (default)
2019-10-07 06:27:44,771 [pool-433-thread-1] INFO  server.RaftServerConfigKeys (ConfUtils.java:logGet(43)) - raft.server.log.statemachine.data.sync = true (default)
2019-10-07 06:27:44,771 [pool-433-thread-1] INFO  server.RaftServerConfigKeys (ConfUtils.java:logGet(43)) - raft.server.log.statemachine.data.sync.timeout = 10s (default)
2019-10-07 06:27:44,771 [pool-433-thread-1] INFO  server.RaftServerConfigKeys (ConfUtils.java:logGet(43)) - raft.server.log.statemachine.data.sync.timeout.retry = -1 (default)
2019-10-07 06:27:44,771 [pool-433-thread-1] INFO  server.RaftServerConfigKeys (ConfUtils.java:logGet(43)) - raft.server.log.statemachine.data.caching.enabled = true (custom)
2019-10-07 06:27:44,772 [pool-433-thread-1] INFO  segmented.SegmentedRaftLogWorker (SegmentedRaftLogWorker.java:lambda$new$0(128)) - ccce0cf6-0bfa-4fde-a121-82131e222540@group-F4D454CBC74D-SegmentedRaftLogWorker: flushIndex: setUnconditionally 0 -> -1
2019-10-07 06:27:44,772 [pool-433-thread-1] INFO  server.RaftServerConfigKeys (ConfUtils.java:logGet(43)) - raft.server.snapshot.auto.trigger.enabled = true (custom)
2019-10-07 06:27:44,772 [pool-433-thread-1] INFO  server.RaftServerConfigKeys (ConfUtils.java:logGet(43)) - raft.server.snapshot.auto.trigger.threshold = 10000 (custom)
2019-10-07 06:27:44,772 [pool-433-thread-1] INFO  server.RaftServerConfigKeys (ConfUtils.java:logGet(43)) - raft.server.snapshot.retention.file.num = 5 (custom)
2019-10-07 06:27:44,772 [pool-433-thread-1] INFO  server.RaftServerConfigKeys (ConfUtils.java:logGet(43)) - raft.server.retrycache.expirytime = 600000ms (custom)
2019-10-07 06:27:44,774 [pool-433-thread-1] INFO  impl.RaftServerImpl (RaftServerImpl.java:start(181)) - ccce0cf6-0bfa-4fde-a121-82131e222540@group-F4D454CBC74D: start as a follower, conf=-1: [ccce0cf6-0bfa-4fde-a121-82131e222540:192.168.30.3:35237], old=null
2019-10-07 06:27:44,774 [pool-433-thread-1] INFO  impl.RaftServerImpl (RaftServerImpl.java:setRole(170)) - ccce0cf6-0bfa-4fde-a121-82131e222540@group-F4D454CBC74D: changes role from      null to FOLLOWER at term 0 for startAsFollower
2019-10-07 06:27:44,774 [pool-433-thread-1] INFO  impl.RoleInfo (RoleInfo.java:updateAndGet(143)) - ccce0cf6-0bfa-4fde-a121-82131e222540: start FollowerState
2019-10-07 06:27:44,775 [pool-433-thread-1] INFO  util.JmxRegister (JmxRegister.java:tryRegister(44)) - Successfully registered JMX Bean with object name Ratis:service=RaftServer,group=group-F4D454CBC74D,id=ccce0cf6-0bfa-4fde-a121-82131e222540
2019-10-07 06:27:44,782 [RatisPipelineUtilsThread] INFO  pipeline.PipelineStateManager (PipelineStateManager.java:addPipeline(56)) - Created pipeline Pipeline[ Id: de16b70f-aebe-4f53-81de-f4d454cbc74d, Nodes: ccce0cf6-0bfa-4fde-a121-82131e222540{ip: 192.168.30.3, host: trunk-nightly-20191007-kbwpl-4130163227, networkLocation: /default-rack, certSerialId: null}, Type:RATIS, Factor:ONE, State:OPEN]
2019-10-07 06:27:44,793 [grpc-default-executor-0] INFO  impl.RaftServerProxy (RaftServerProxy.java:addNew(89)) - d5245370-27d9-4f55-843d-593ffd90a4f6: addNew group-15A1C56AD56A:[d5245370-27d9-4f55-843d-593ffd90a4f6:192.168.30.3:42992] returns group-15A1C56AD56A:java.util.concurrent.CompletableFuture@222a7310[Not completed]
2019-10-07 06:27:44,794 [pool-443-thread-1] INFO  impl.RaftServerImpl (RaftServerImpl.java:<init>(95)) - d5245370-27d9-4f55-843d-593ffd90a4f6: new RaftServerImpl for group-15A1C56AD56A:[d5245370-27d9-4f55-843d-593ffd90a4f6:192.168.30.3:42992] with ContainerStateMachine:uninitialized
2019-10-07 06:27:44,794 [pool-443-thread-1] INFO  server.RaftServerConfigKeys (ConfUtils.java:logGet(43)) - raft.server.rpc.timeout.min = 5s (custom)
2019-10-07 06:27:44,794 [pool-443-thread-1] INFO  server.RaftServerConfigKeys (ConfUtils.java:logGet(43)) - raft.server.rpc.timeout.max = 5200ms (custom)
2019-10-07 06:27:44,794 [pool-443-thread-1] INFO  server.RaftServerConfigKeys (ConfUtils.java:logGet(43)) - raft.server.rpcslowness.timeout = 120s (custom)
2019-10-07 06:27:44,794 [pool-443-thread-1] INFO  server.RaftServerConfigKeys (ConfUtils.java:logGet(43)) - raft.server.sleep.deviation.threshold = 300 (default)
2019-10-07 06:27:44,794 [pool-443-thread-1] INFO  server.RaftServerConfigKeys (ConfUtils.java:logGet(43)) - raft.server.log.appender.install.snapshot.enabled = false (custom)
2019-10-07 06:27:44,794 [pool-443-thread-1] INFO  impl.RaftServerImpl (ServerState.java:<init>(103)) - d5245370-27d9-4f55-843d-593ffd90a4f6@group-15A1C56AD56A: ConfigurationManager, init=-1: [d5245370-27d9-4f55-843d-593ffd90a4f6:192.168.30.3:42992], old=null, confs=<EMPTY_MAP>
2019-10-07 06:27:44,795 [pool-443-thread-1] INFO  server.RaftServerConfigKeys (ConfUtils.java:logGet(43)) - raft.server.storage.dir = [/workdir/hadoop-ozone/integration-test/target/test-dir/MiniOzoneClusterImpl-edc4639a-9306-46b6-9240-db948b47afbc/datanode-6/data/ratis] (custom)
2019-10-07 06:27:44,795 [pool-443-thread-1] INFO  server.RaftServerConfigKeys (ConfUtils.java:logGet(43)) - raft.server.log.corruption.policy = EXCEPTION (default)
2019-10-07 06:27:44,795 [pool-443-thread-1] INFO  storage.RaftStorageDirectory (RaftStorageDirectory.java:analyzeStorage(246)) - The storage directory /workdir/hadoop-ozone/integration-test/target/test-dir/MiniOzoneClusterImpl-edc4639a-9306-46b6-9240-db948b47afbc/datanode-6/data/ratis/9ed99c64-2edb-4835-8326-15a1c56ad56a does not exist. Creating ...
2019-10-07 06:27:44,808 [pool-443-thread-1] INFO  storage.RaftStorageDirectory (RaftStorageDirectory.java:tryLock(328)) - Lock on /workdir/hadoop-ozone/integration-test/target/test-dir/MiniOzoneClusterImpl-edc4639a-9306-46b6-9240-db948b47afbc/datanode-6/data/ratis/9ed99c64-2edb-4835-8326-15a1c56ad56a/in_use.lock acquired by nodename 7878@trunk-nightly-20191007-kbwpl-4130163227
2019-10-07 06:27:44,821 [pool-443-thread-1] INFO  storage.RaftStorage (RaftStorage.java:format(84)) - Storage directory /workdir/hadoop-ozone/integration-test/target/test-dir/MiniOzoneClusterImpl-edc4639a-9306-46b6-9240-db948b47afbc/datanode-6/data/ratis/9ed99c64-2edb-4835-8326-15a1c56ad56a has been successfully formatted.
2019-10-07 06:27:44,821 [pool-443-thread-1] INFO  ratis.ContainerStateMachine (ContainerStateMachine.java:loadSnapshot(231)) - group-15A1C56AD56A: The snapshot info is null. Setting the last applied indexto:(t:0, i:~)
2019-10-07 06:27:44,821 [pool-443-thread-1] INFO  server.RaftServerConfigKeys (ConfUtils.java:logGet(43)) - raft.server.notification.no-leader.timeout = 120s (custom)
2019-10-07 06:27:44,821 [pool-443-thread-1] INFO  server.RaftServerConfigKeys (ConfUtils.java:logGet(43)) - raft.server.log.use.memory = false (default)
2019-10-07 06:27:44,821 [pool-443-thread-1] INFO  server.RaftServerConfigKeys (ConfUtils.java:logGet(43)) - raft.server.log.purge.gap = 1000000 (custom)
2019-10-07 06:27:44,821 [pool-443-thread-1] INFO  server.RaftServerConfigKeys (ConfUtils.java:logGet(43)) - raft.server.log.appender.buffer.byte-limit = 33554432 (custom)
2019-10-07 06:27:44,821 [pool-443-thread-1] INFO  server.RaftServerConfigKeys (ConfUtils.java:logGet(43)) - raft.server.log.segment.size.max = 1048576 (custom)
2019-10-07 06:27:44,822 [pool-443-thread-1] INFO  server.RaftServerConfigKeys (ConfUtils.java:logGet(43)) - raft.server.log.segment.cache.num.max = 2 (custom)
2019-10-07 06:27:44,822 [pool-443-thread-1] INFO  segmented.SegmentedRaftLogWorker (SegmentedRaftLogWorker.java:<init>(173)) - new d5245370-27d9-4f55-843d-593ffd90a4f6@group-15A1C56AD56A-SegmentedRaftLogWorker for RaftStorage:Storage Directory /workdir/hadoop-ozone/integration-test/target/test-dir/MiniOzoneClusterImpl-edc4639a-9306-46b6-9240-db948b47afbc/datanode-6/data/ratis/9ed99c64-2edb-4835-8326-15a1c56ad56a
2019-10-07 06:27:44,823 [pool-443-thread-1] INFO  server.RaftServerConfigKeys (ConfUtils.java:logGet(43)) - raft.server.log.queue.byte-limit = 2147483647 (custom)
2019-10-07 06:27:44,823 [pool-443-thread-1] INFO  server.RaftServerConfigKeys (ConfUtils.java:logGet(43)) - raft.server.log.queue.element-limit = 1024 (custom)
2019-10-07 06:27:44,823 [pool-443-thread-1] INFO  server.RaftServerConfigKeys (ConfUtils.java:logGet(43)) - raft.server.log.segment.size.max = 1048576 (custom)
2019-10-07 06:27:44,823 [pool-443-thread-1] INFO  server.RaftServerConfigKeys (ConfUtils.java:logGet(43)) - raft.server.log.preallocated.size = 16384 (custom)
2019-10-07 06:27:44,823 [pool-443-thread-1] INFO  server.RaftServerConfigKeys (ConfUtils.java:logGet(43)) - raft.server.log.write.buffer.size = 33554432 (custom)
2019-10-07 06:27:44,823 [pool-443-thread-1] INFO  server.RaftServerConfigKeys (ConfUtils.java:logGet(43)) - raft.server.log.force.sync.num = 128 (default)
2019-10-07 06:27:44,823 [pool-443-thread-1] INFO  server.RaftServerConfigKeys (ConfUtils.java:logGet(43)) - raft.server.log.statemachine.data.sync = true (default)
2019-10-07 06:27:44,823 [pool-443-thread-1] INFO  server.RaftServerConfigKeys (ConfUtils.java:logGet(43)) - raft.server.log.statemachine.data.sync.timeout = 10s (default)
2019-10-07 06:27:44,823 [pool-443-thread-1] INFO  server.RaftServerConfigKeys (ConfUtils.java:logGet(43)) - raft.server.log.statemachine.data.sync.timeout.retry = -1 (default)
2019-10-07 06:27:44,824 [pool-443-thread-1] INFO  server.RaftServerConfigKeys (ConfUtils.java:logGet(43)) - raft.server.log.statemachine.data.caching.enabled = true (custom)
2019-10-07 06:27:44,824 [pool-443-thread-1] INFO  segmented.SegmentedRaftLogWorker (SegmentedRaftLogWorker.java:lambda$new$0(128)) - d5245370-27d9-4f55-843d-593ffd90a4f6@group-15A1C56AD56A-SegmentedRaftLogWorker: flushIndex: setUnconditionally 0 -> -1
2019-10-07 06:27:44,824 [pool-443-thread-1] INFO  server.RaftServerConfigKeys (ConfUtils.java:logGet(43)) - raft.server.snapshot.auto.trigger.enabled = true (custom)
2019-10-07 06:27:44,824 [pool-443-thread-1] INFO  server.RaftServerConfigKeys (ConfUtils.java:logGet(43)) - raft.server.snapshot.auto.trigger.threshold = 10000 (custom)
2019-10-07 06:27:44,824 [pool-443-thread-1] INFO  server.RaftServerConfigKeys (ConfUtils.java:logGet(43)) - raft.server.snapshot.retention.file.num = 5 (custom)
2019-10-07 06:27:44,824 [pool-443-thread-1] INFO  server.RaftServerConfigKeys (ConfUtils.java:logGet(43)) - raft.server.retrycache.expirytime = 600000ms (custom)
2019-10-07 06:27:44,826 [pool-443-thread-1] INFO  impl.RaftServerImpl (RaftServerImpl.java:start(181)) - d5245370-27d9-4f55-843d-593ffd90a4f6@group-15A1C56AD56A: start as a follower, conf=-1: [d5245370-27d9-4f55-843d-593ffd90a4f6:192.168.30.3:42992], old=null
2019-10-07 06:27:44,826 [pool-443-thread-1] INFO  impl.RaftServerImpl (RaftServerImpl.java:setRole(170)) - d5245370-27d9-4f55-843d-593ffd90a4f6@group-15A1C56AD56A: changes role from      null to FOLLOWER at term 0 for startAsFollower
2019-10-07 06:27:44,826 [pool-443-thread-1] INFO  impl.RoleInfo (RoleInfo.java:updateAndGet(143)) - d5245370-27d9-4f55-843d-593ffd90a4f6: start FollowerState
2019-10-07 06:27:44,826 [pool-443-thread-1] INFO  util.JmxRegister (JmxRegister.java:tryRegister(44)) - Successfully registered JMX Bean with object name Ratis:service=RaftServer,group=group-15A1C56AD56A,id=d5245370-27d9-4f55-843d-593ffd90a4f6
2019-10-07 06:27:44,833 [RatisPipelineUtilsThread] INFO  pipeline.PipelineStateManager (PipelineStateManager.java:addPipeline(56)) - Created pipeline Pipeline[ Id: 9ed99c64-2edb-4835-8326-15a1c56ad56a, Nodes: d5245370-27d9-4f55-843d-593ffd90a4f6{ip: 192.168.30.3, host: trunk-nightly-20191007-kbwpl-4130163227, networkLocation: /default-rack, certSerialId: null}, Type:RATIS, Factor:ONE, State:OPEN]
2019-10-07 06:27:44,850 [grpc-default-executor-4] INFO  impl.RaftServerProxy (RaftServerProxy.java:addNew(89)) - 0f392b92-c4ca-45f9-a050-92d339436648: addNew group-05D2CA2222E1:[f0af57f8-83df-4c64-9a7d-a985d135956b:192.168.30.3:45855, 0f392b92-c4ca-45f9-a050-92d339436648:192.168.30.3:40209, ccce0cf6-0bfa-4fde-a121-82131e222540:192.168.30.3:35237] returns group-05D2CA2222E1:java.util.concurrent.CompletableFuture@7bab85e4[Not completed]
2019-10-07 06:27:44,853 [grpc-default-executor-4] INFO  impl.RaftServerProxy (RaftServerProxy.java:addNew(89)) - f0af57f8-83df-4c64-9a7d-a985d135956b: addNew group-05D2CA2222E1:[f0af57f8-83df-4c64-9a7d-a985d135956b:192.168.30.3:45855, 0f392b92-c4ca-45f9-a050-92d339436648:192.168.30.3:40209, ccce0cf6-0bfa-4fde-a121-82131e222540:192.168.30.3:35237] returns group-05D2CA2222E1:java.util.concurrent.CompletableFuture@2cc49e25[Not completed]
2019-10-07 06:27:44,856 [grpc-default-executor-4] INFO  impl.RaftServerProxy (RaftServerProxy.java:addNew(89)) - ccce0cf6-0bfa-4fde-a121-82131e222540: addNew group-05D2CA2222E1:[f0af57f8-83df-4c64-9a7d-a985d135956b:192.168.30.3:45855, 0f392b92-c4ca-45f9-a050-92d339436648:192.168.30.3:40209, ccce0cf6-0bfa-4fde-a121-82131e222540:192.168.30.3:35237] returns group-05D2CA2222E1:java.util.concurrent.CompletableFuture@4579a2a7[Not completed]
2019-10-07 06:27:44,857 [pool-413-thread-1] INFO  impl.RaftServerImpl (RaftServerImpl.java:<init>(95)) - 0f392b92-c4ca-45f9-a050-92d339436648: new RaftServerImpl for group-05D2CA2222E1:[f0af57f8-83df-4c64-9a7d-a985d135956b:192.168.30.3:45855, 0f392b92-c4ca-45f9-a050-92d339436648:192.168.30.3:40209, ccce0cf6-0bfa-4fde-a121-82131e222540:192.168.30.3:35237] with ContainerStateMachine:uninitialized
2019-10-07 06:27:44,857 [pool-413-thread-1] INFO  server.RaftServerConfigKeys (ConfUtils.java:logGet(43)) - raft.server.rpc.timeout.min = 5s (custom)
2019-10-07 06:27:44,857 [pool-413-thread-1] INFO  server.RaftServerConfigKeys (ConfUtils.java:logGet(43)) - raft.server.rpc.timeout.max = 5200ms (custom)
2019-10-07 06:27:44,857 [pool-413-thread-1] INFO  server.RaftServerConfigKeys (ConfUtils.java:logGet(43)) - raft.server.rpcslowness.timeout = 120s (custom)
2019-10-07 06:27:44,857 [pool-413-thread-1] INFO  server.RaftServerConfigKeys (ConfUtils.java:logGet(43)) - raft.server.sleep.deviation.threshold = 300 (default)
2019-10-07 06:27:44,858 [pool-423-thread-1] INFO  impl.RaftServerImpl (RaftServerImpl.java:<init>(95)) - f0af57f8-83df-4c64-9a7d-a985d135956b: new RaftServerImpl for group-05D2CA2222E1:[f0af57f8-83df-4c64-9a7d-a985d135956b:192.168.30.3:45855, 0f392b92-c4ca-45f9-a050-92d339436648:192.168.30.3:40209, ccce0cf6-0bfa-4fde-a121-82131e222540:192.168.30.3:35237] with ContainerStateMachine:uninitialized
2019-10-07 06:27:44,858 [pool-413-thread-1] INFO  server.RaftServerConfigKeys (ConfUtils.java:logGet(43)) - raft.server.log.appender.install.snapshot.enabled = false (custom)
2019-10-07 06:27:44,858 [pool-423-thread-1] INFO  server.RaftServerConfigKeys (ConfUtils.java:logGet(43)) - raft.server.rpc.timeout.min = 5s (custom)
2019-10-07 06:27:44,858 [pool-413-thread-1] INFO  impl.RaftServerImpl (ServerState.java:<init>(103)) - 0f392b92-c4ca-45f9-a050-92d339436648@group-05D2CA2222E1: ConfigurationManager, init=-1: [f0af57f8-83df-4c64-9a7d-a985d135956b:192.168.30.3:45855, 0f392b92-c4ca-45f9-a050-92d339436648:192.168.30.3:40209, ccce0cf6-0bfa-4fde-a121-82131e222540:192.168.30.3:35237], old=null, confs=<EMPTY_MAP>
2019-10-07 06:27:44,858 [pool-423-thread-1] INFO  server.RaftServerConfigKeys (ConfUtils.java:logGet(43)) - raft.server.rpc.timeout.max = 5200ms (custom)
2019-10-07 06:27:44,858 [pool-433-thread-1] INFO  impl.RaftServerImpl (RaftServerImpl.java:<init>(95)) - ccce0cf6-0bfa-4fde-a121-82131e222540: new RaftServerImpl for group-05D2CA2222E1:[f0af57f8-83df-4c64-9a7d-a985d135956b:192.168.30.3:45855, 0f392b92-c4ca-45f9-a050-92d339436648:192.168.30.3:40209, ccce0cf6-0bfa-4fde-a121-82131e222540:192.168.30.3:35237] with ContainerStateMachine:uninitialized
2019-10-07 06:27:44,858 [pool-413-thread-1] INFO  server.RaftServerConfigKeys (ConfUtils.java:logGet(43)) - raft.server.storage.dir = [/workdir/hadoop-ozone/integration-test/target/test-dir/MiniOzoneClusterImpl-edc4639a-9306-46b6-9240-db948b47afbc/datanode-3/data/ratis] (custom)
2019-10-07 06:27:44,859 [pool-433-thread-1] INFO  server.RaftServerConfigKeys (ConfUtils.java:logGet(43)) - raft.server.rpc.timeout.min = 5s (custom)
2019-10-07 06:27:44,858 [pool-423-thread-1] INFO  server.RaftServerConfigKeys (ConfUtils.java:logGet(43)) - raft.server.rpcslowness.timeout = 120s (custom)
2019-10-07 06:27:44,859 [pool-413-thread-1] INFO  server.RaftServerConfigKeys (ConfUtils.java:logGet(43)) - raft.server.log.corruption.policy = EXCEPTION (default)
2019-10-07 06:27:44,859 [pool-433-thread-1] INFO  server.RaftServerConfigKeys (ConfUtils.java:logGet(43)) - raft.server.rpc.timeout.max = 5200ms (custom)
2019-10-07 06:27:44,859 [pool-423-thread-1] INFO  server.RaftServerConfigKeys (ConfUtils.java:logGet(43)) - raft.server.sleep.deviation.threshold = 300 (default)
2019-10-07 06:27:44,859 [pool-433-thread-1] INFO  server.RaftServerConfigKeys (ConfUtils.java:logGet(43)) - raft.server.rpcslowness.timeout = 120s (custom)
2019-10-07 06:27:44,859 [pool-413-thread-1] INFO  storage.RaftStorageDirectory (RaftStorageDirectory.java:analyzeStorage(246)) - The storage directory /workdir/hadoop-ozone/integration-test/target/test-dir/MiniOzoneClusterImpl-edc4639a-9306-46b6-9240-db948b47afbc/datanode-3/data/ratis/746dda9b-3d38-429c-bbeb-05d2ca2222e1 does not exist. Creating ...
2019-10-07 06:27:44,859 [pool-433-thread-1] INFO  server.RaftServerConfigKeys (ConfUtils.java:logGet(43)) - raft.server.sleep.deviation.threshold = 300 (default)
2019-10-07 06:27:44,859 [pool-423-thread-1] INFO  server.RaftServerConfigKeys (ConfUtils.java:logGet(43)) - raft.server.log.appender.install.snapshot.enabled = false (custom)
2019-10-07 06:27:44,860 [pool-433-thread-1] INFO  server.RaftServerConfigKeys (ConfUtils.java:logGet(43)) - raft.server.log.appender.install.snapshot.enabled = false (custom)
2019-10-07 06:27:44,860 [pool-423-thread-1] INFO  impl.RaftServerImpl (ServerState.java:<init>(103)) - f0af57f8-83df-4c64-9a7d-a985d135956b@group-05D2CA2222E1: ConfigurationManager, init=-1: [f0af57f8-83df-4c64-9a7d-a985d135956b:192.168.30.3:45855, 0f392b92-c4ca-45f9-a050-92d339436648:192.168.30.3:40209, ccce0cf6-0bfa-4fde-a121-82131e222540:192.168.30.3:35237], old=null, confs=<EMPTY_MAP>
2019-10-07 06:27:44,860 [pool-433-thread-1] INFO  impl.RaftServerImpl (ServerState.java:<init>(103)) - ccce0cf6-0bfa-4fde-a121-82131e222540@group-05D2CA2222E1: ConfigurationManager, init=-1: [f0af57f8-83df-4c64-9a7d-a985d135956b:192.168.30.3:45855, 0f392b92-c4ca-45f9-a050-92d339436648:192.168.30.3:40209, ccce0cf6-0bfa-4fde-a121-82131e222540:192.168.30.3:35237], old=null, confs=<EMPTY_MAP>
2019-10-07 06:27:44,860 [pool-423-thread-1] INFO  server.RaftServerConfigKeys (ConfUtils.java:logGet(43)) - raft.server.storage.dir = [/workdir/hadoop-ozone/integration-test/target/test-dir/MiniOzoneClusterImpl-edc4639a-9306-46b6-9240-db948b47afbc/datanode-4/data/ratis] (custom)
2019-10-07 06:27:44,860 [pool-433-thread-1] INFO  server.RaftServerConfigKeys (ConfUtils.java:logGet(43)) - raft.server.storage.dir = [/workdir/hadoop-ozone/integration-test/target/test-dir/MiniOzoneClusterImpl-edc4639a-9306-46b6-9240-db948b47afbc/datanode-5/data/ratis] (custom)
2019-10-07 06:27:44,861 [pool-423-thread-1] INFO  server.RaftServerConfigKeys (ConfUtils.java:logGet(43)) - raft.server.log.corruption.policy = EXCEPTION (default)
2019-10-07 06:27:44,861 [pool-433-thread-1] INFO  server.RaftServerConfigKeys (ConfUtils.java:logGet(43)) - raft.server.log.corruption.policy = EXCEPTION (default)
2019-10-07 06:27:44,861 [pool-423-thread-1] INFO  storage.RaftStorageDirectory (RaftStorageDirectory.java:analyzeStorage(246)) - The storage directory /workdir/hadoop-ozone/integration-test/target/test-dir/MiniOzoneClusterImpl-edc4639a-9306-46b6-9240-db948b47afbc/datanode-4/data/ratis/746dda9b-3d38-429c-bbeb-05d2ca2222e1 does not exist. Creating ...
2019-10-07 06:27:44,861 [pool-433-thread-1] INFO  storage.RaftStorageDirectory (RaftStorageDirectory.java:analyzeStorage(246)) - The storage directory /workdir/hadoop-ozone/integration-test/target/test-dir/MiniOzoneClusterImpl-edc4639a-9306-46b6-9240-db948b47afbc/datanode-5/data/ratis/746dda9b-3d38-429c-bbeb-05d2ca2222e1 does not exist. Creating ...
2019-10-07 06:27:44,873 [pool-423-thread-1] INFO  storage.RaftStorageDirectory (RaftStorageDirectory.java:tryLock(328)) - Lock on /workdir/hadoop-ozone/integration-test/target/test-dir/MiniOzoneClusterImpl-edc4639a-9306-46b6-9240-db948b47afbc/datanode-4/data/ratis/746dda9b-3d38-429c-bbeb-05d2ca2222e1/in_use.lock acquired by nodename 7878@trunk-nightly-20191007-kbwpl-4130163227
2019-10-07 06:27:44,873 [pool-413-thread-1] INFO  storage.RaftStorageDirectory (RaftStorageDirectory.java:tryLock(328)) - Lock on /workdir/hadoop-ozone/integration-test/target/test-dir/MiniOzoneClusterImpl-edc4639a-9306-46b6-9240-db948b47afbc/datanode-3/data/ratis/746dda9b-3d38-429c-bbeb-05d2ca2222e1/in_use.lock acquired by nodename 7878@trunk-nightly-20191007-kbwpl-4130163227
2019-10-07 06:27:44,873 [pool-433-thread-1] INFO  storage.RaftStorageDirectory (RaftStorageDirectory.java:tryLock(328)) - Lock on /workdir/hadoop-ozone/integration-test/target/test-dir/MiniOzoneClusterImpl-edc4639a-9306-46b6-9240-db948b47afbc/datanode-5/data/ratis/746dda9b-3d38-429c-bbeb-05d2ca2222e1/in_use.lock acquired by nodename 7878@trunk-nightly-20191007-kbwpl-4130163227
2019-10-07 06:27:44,887 [pool-413-thread-1] INFO  storage.RaftStorage (RaftStorage.java:format(84)) - Storage directory /workdir/hadoop-ozone/integration-test/target/test-dir/MiniOzoneClusterImpl-edc4639a-9306-46b6-9240-db948b47afbc/datanode-3/data/ratis/746dda9b-3d38-429c-bbeb-05d2ca2222e1 has been successfully formatted.
2019-10-07 06:27:44,887 [pool-433-thread-1] INFO  storage.RaftStorage (RaftStorage.java:format(84)) - Storage directory /workdir/hadoop-ozone/integration-test/target/test-dir/MiniOzoneClusterImpl-edc4639a-9306-46b6-9240-db948b47afbc/datanode-5/data/ratis/746dda9b-3d38-429c-bbeb-05d2ca2222e1 has been successfully formatted.
2019-10-07 06:27:44,887 [pool-423-thread-1] INFO  storage.RaftStorage (RaftStorage.java:format(84)) - Storage directory /workdir/hadoop-ozone/integration-test/target/test-dir/MiniOzoneClusterImpl-edc4639a-9306-46b6-9240-db948b47afbc/datanode-4/data/ratis/746dda9b-3d38-429c-bbeb-05d2ca2222e1 has been successfully formatted.
2019-10-07 06:27:44,887 [pool-433-thread-1] INFO  ratis.ContainerStateMachine (ContainerStateMachine.java:loadSnapshot(231)) - group-05D2CA2222E1: The snapshot info is null. Setting the last applied indexto:(t:0, i:~)
2019-10-07 06:27:44,887 [pool-413-thread-1] INFO  ratis.ContainerStateMachine (ContainerStateMachine.java:loadSnapshot(231)) - group-05D2CA2222E1: The snapshot info is null. Setting the last applied indexto:(t:0, i:~)
2019-10-07 06:27:44,887 [pool-433-thread-1] INFO  server.RaftServerConfigKeys (ConfUtils.java:logGet(43)) - raft.server.notification.no-leader.timeout = 120s (custom)
2019-10-07 06:27:44,887 [pool-423-thread-1] INFO  ratis.ContainerStateMachine (ContainerStateMachine.java:loadSnapshot(231)) - group-05D2CA2222E1: The snapshot info is null. Setting the last applied indexto:(t:0, i:~)
2019-10-07 06:27:44,888 [pool-433-thread-1] INFO  server.RaftServerConfigKeys (ConfUtils.java:logGet(43)) - raft.server.log.use.memory = false (default)
2019-10-07 06:27:44,887 [pool-413-thread-1] INFO  server.RaftServerConfigKeys (ConfUtils.java:logGet(43)) - raft.server.notification.no-leader.timeout = 120s (custom)
2019-10-07 06:27:44,888 [pool-433-thread-1] INFO  server.RaftServerConfigKeys (ConfUtils.java:logGet(43)) - raft.server.log.purge.gap = 1000000 (custom)
2019-10-07 06:27:44,888 [pool-423-thread-1] INFO  server.RaftServerConfigKeys (ConfUtils.java:logGet(43)) - raft.server.notification.no-leader.timeout = 120s (custom)
2019-10-07 06:27:44,888 [pool-433-thread-1] INFO  server.RaftServerConfigKeys (ConfUtils.java:logGet(43)) - raft.server.log.appender.buffer.byte-limit = 33554432 (custom)
2019-10-07 06:27:44,888 [pool-413-thread-1] INFO  server.RaftServerConfigKeys (ConfUtils.java:logGet(43)) - raft.server.log.use.memory = false (default)
2019-10-07 06:27:44,888 [pool-433-thread-1] INFO  server.RaftServerConfigKeys (ConfUtils.java:logGet(43)) - raft.server.log.segment.size.max = 1048576 (custom)
2019-10-07 06:27:44,888 [pool-423-thread-1] INFO  server.RaftServerConfigKeys (ConfUtils.java:logGet(43)) - raft.server.log.use.memory = false (default)
2019-10-07 06:27:44,889 [pool-433-thread-1] INFO  server.RaftServerConfigKeys (ConfUtils.java:logGet(43)) - raft.server.log.segment.cache.num.max = 2 (custom)
2019-10-07 06:27:44,889 [pool-413-thread-1] INFO  server.RaftServerConfigKeys (ConfUtils.java:logGet(43)) - raft.server.log.purge.gap = 1000000 (custom)
2019-10-07 06:27:44,889 [pool-433-thread-1] INFO  segmented.SegmentedRaftLogWorker (SegmentedRaftLogWorker.java:<init>(173)) - new ccce0cf6-0bfa-4fde-a121-82131e222540@group-05D2CA2222E1-SegmentedRaftLogWorker for RaftStorage:Storage Directory /workdir/hadoop-ozone/integration-test/target/test-dir/MiniOzoneClusterImpl-edc4639a-9306-46b6-9240-db948b47afbc/datanode-5/data/ratis/746dda9b-3d38-429c-bbeb-05d2ca2222e1
2019-10-07 06:27:44,889 [pool-423-thread-1] INFO  server.RaftServerConfigKeys (ConfUtils.java:logGet(43)) - raft.server.log.purge.gap = 1000000 (custom)
2019-10-07 06:27:44,889 [pool-433-thread-1] INFO  server.RaftServerConfigKeys (ConfUtils.java:logGet(43)) - raft.server.log.queue.byte-limit = 2147483647 (custom)
2019-10-07 06:27:44,889 [pool-413-thread-1] INFO  server.RaftServerConfigKeys (ConfUtils.java:logGet(43)) - raft.server.log.appender.buffer.byte-limit = 33554432 (custom)
2019-10-07 06:27:44,890 [pool-433-thread-1] INFO  server.RaftServerConfigKeys (ConfUtils.java:logGet(43)) - raft.server.log.queue.element-limit = 1024 (custom)
2019-10-07 06:27:44,889 [pool-423-thread-1] INFO  server.RaftServerConfigKeys (ConfUtils.java:logGet(43)) - raft.server.log.appender.buffer.byte-limit = 33554432 (custom)
2019-10-07 06:27:44,890 [pool-433-thread-1] INFO  server.RaftServerConfigKeys (ConfUtils.java:logGet(43)) - raft.server.log.segment.size.max = 1048576 (custom)
2019-10-07 06:27:44,890 [pool-433-thread-1] INFO  server.RaftServerConfigKeys (ConfUtils.java:logGet(43)) - raft.server.log.preallocated.size = 16384 (custom)
2019-10-07 06:27:44,890 [pool-413-thread-1] INFO  server.RaftServerConfigKeys (ConfUtils.java:logGet(43)) - raft.server.log.segment.size.max = 1048576 (custom)
2019-10-07 06:27:44,890 [pool-433-thread-1] INFO  server.RaftServerConfigKeys (ConfUtils.java:logGet(43)) - raft.server.log.write.buffer.size = 33554432 (custom)
2019-10-07 06:27:44,890 [pool-423-thread-1] INFO  server.RaftServerConfigKeys (ConfUtils.java:logGet(43)) - raft.server.log.segment.size.max = 1048576 (custom)
2019-10-07 06:27:44,891 [pool-433-thread-1] INFO  server.RaftServerConfigKeys (ConfUtils.java:logGet(43)) - raft.server.log.force.sync.num = 128 (default)
2019-10-07 06:27:44,891 [pool-413-thread-1] INFO  server.RaftServerConfigKeys (ConfUtils.java:logGet(43)) - raft.server.log.segment.cache.num.max = 2 (custom)
2019-10-07 06:27:44,891 [pool-433-thread-1] INFO  server.RaftServerConfigKeys (ConfUtils.java:logGet(43)) - raft.server.log.statemachine.data.sync = true (default)
2019-10-07 06:27:44,891 [pool-423-thread-1] INFO  server.RaftServerConfigKeys (ConfUtils.java:logGet(43)) - raft.server.log.segment.cache.num.max = 2 (custom)
2019-10-07 06:27:44,891 [pool-433-thread-1] INFO  server.RaftServerConfigKeys (ConfUtils.java:logGet(43)) - raft.server.log.statemachine.data.sync.timeout = 10s (default)
2019-10-07 06:27:44,891 [pool-413-thread-1] INFO  segmented.SegmentedRaftLogWorker (SegmentedRaftLogWorker.java:<init>(173)) - new 0f392b92-c4ca-45f9-a050-92d339436648@group-05D2CA2222E1-SegmentedRaftLogWorker for RaftStorage:Storage Directory /workdir/hadoop-ozone/integration-test/target/test-dir/MiniOzoneClusterImpl-edc4639a-9306-46b6-9240-db948b47afbc/datanode-3/data/ratis/746dda9b-3d38-429c-bbeb-05d2ca2222e1
2019-10-07 06:27:44,891 [pool-433-thread-1] INFO  server.RaftServerConfigKeys (ConfUtils.java:logGet(43)) - raft.server.log.statemachine.data.sync.timeout.retry = -1 (default)
2019-10-07 06:27:44,891 [pool-423-thread-1] INFO  segmented.SegmentedRaftLogWorker (SegmentedRaftLogWorker.java:<init>(173)) - new f0af57f8-83df-4c64-9a7d-a985d135956b@group-05D2CA2222E1-SegmentedRaftLogWorker for RaftStorage:Storage Directory /workdir/hadoop-ozone/integration-test/target/test-dir/MiniOzoneClusterImpl-edc4639a-9306-46b6-9240-db948b47afbc/datanode-4/data/ratis/746dda9b-3d38-429c-bbeb-05d2ca2222e1
2019-10-07 06:27:44,892 [pool-433-thread-1] INFO  server.RaftServerConfigKeys (ConfUtils.java:logGet(43)) - raft.server.log.statemachine.data.caching.enabled = true (custom)
2019-10-07 06:27:44,892 [pool-413-thread-1] INFO  server.RaftServerConfigKeys (ConfUtils.java:logGet(43)) - raft.server.log.queue.byte-limit = 2147483647 (custom)
2019-10-07 06:27:44,892 [pool-423-thread-1] INFO  server.RaftServerConfigKeys (ConfUtils.java:logGet(43)) - raft.server.log.queue.byte-limit = 2147483647 (custom)
2019-10-07 06:27:44,892 [pool-433-thread-1] INFO  segmented.SegmentedRaftLogWorker (SegmentedRaftLogWorker.java:lambda$new$0(128)) - ccce0cf6-0bfa-4fde-a121-82131e222540@group-05D2CA2222E1-SegmentedRaftLogWorker: flushIndex: setUnconditionally 0 -> -1
2019-10-07 06:27:44,892 [pool-413-thread-1] INFO  server.RaftServerConfigKeys (ConfUtils.java:logGet(43)) - raft.server.log.queue.element-limit = 1024 (custom)
2019-10-07 06:27:44,892 [pool-423-thread-1] INFO  server.RaftServerConfigKeys (ConfUtils.java:logGet(43)) - raft.server.log.queue.element-limit = 1024 (custom)
2019-10-07 06:27:44,893 [pool-433-thread-1] INFO  server.RaftServerConfigKeys (ConfUtils.java:logGet(43)) - raft.server.snapshot.auto.trigger.enabled = true (custom)
2019-10-07 06:27:44,893 [pool-413-thread-1] INFO  server.RaftServerConfigKeys (ConfUtils.java:logGet(43)) - raft.server.log.segment.size.max = 1048576 (custom)
2019-10-07 06:27:44,893 [pool-433-thread-1] INFO  server.RaftServerConfigKeys (ConfUtils.java:logGet(43)) - raft.server.snapshot.auto.trigger.threshold = 10000 (custom)
2019-10-07 06:27:44,893 [pool-423-thread-1] INFO  server.RaftServerConfigKeys (ConfUtils.java:logGet(43)) - raft.server.log.segment.size.max = 1048576 (custom)
2019-10-07 06:27:44,893 [pool-433-thread-1] INFO  server.RaftServerConfigKeys (ConfUtils.java:logGet(43)) - raft.server.snapshot.retention.file.num = 5 (custom)
2019-10-07 06:27:44,893 [pool-413-thread-1] INFO  server.RaftServerConfigKeys (ConfUtils.java:logGet(43)) - raft.server.log.preallocated.size = 16384 (custom)
2019-10-07 06:27:44,893 [pool-433-thread-1] INFO  server.RaftServerConfigKeys (ConfUtils.java:logGet(43)) - raft.server.retrycache.expirytime = 600000ms (custom)
2019-10-07 06:27:44,893 [pool-423-thread-1] INFO  server.RaftServerConfigKeys (ConfUtils.java:logGet(43)) - raft.server.log.preallocated.size = 16384 (custom)
2019-10-07 06:27:44,893 [pool-413-thread-1] INFO  server.RaftServerConfigKeys (ConfUtils.java:logGet(43)) - raft.server.log.write.buffer.size = 33554432 (custom)
2019-10-07 06:27:44,894 [pool-423-thread-1] INFO  server.RaftServerConfigKeys (ConfUtils.java:logGet(43)) - raft.server.log.write.buffer.size = 33554432 (custom)
2019-10-07 06:27:44,894 [pool-413-thread-1] INFO  server.RaftServerConfigKeys (ConfUtils.java:logGet(43)) - raft.server.log.force.sync.num = 128 (default)
2019-10-07 06:27:44,894 [pool-423-thread-1] INFO  server.RaftServerConfigKeys (ConfUtils.java:logGet(43)) - raft.server.log.force.sync.num = 128 (default)
2019-10-07 06:27:44,894 [pool-413-thread-1] INFO  server.RaftServerConfigKeys (ConfUtils.java:logGet(43)) - raft.server.log.statemachine.data.sync = true (default)
2019-10-07 06:27:44,894 [pool-423-thread-1] INFO  server.RaftServerConfigKeys (ConfUtils.java:logGet(43)) - raft.server.log.statemachine.data.sync = true (default)
2019-10-07 06:27:44,894 [pool-413-thread-1] INFO  server.RaftServerConfigKeys (ConfUtils.java:logGet(43)) - raft.server.log.statemachine.data.sync.timeout = 10s (default)
2019-10-07 06:27:44,895 [pool-423-thread-1] INFO  server.RaftServerConfigKeys (ConfUtils.java:logGet(43)) - raft.server.log.statemachine.data.sync.timeout = 10s (default)
2019-10-07 06:27:44,895 [pool-413-thread-1] INFO  server.RaftServerConfigKeys (ConfUtils.java:logGet(43)) - raft.server.log.statemachine.data.sync.timeout.retry = -1 (default)
2019-10-07 06:27:44,895 [pool-423-thread-1] INFO  server.RaftServerConfigKeys (ConfUtils.java:logGet(43)) - raft.server.log.statemachine.data.sync.timeout.retry = -1 (default)
2019-10-07 06:27:44,895 [pool-413-thread-1] INFO  server.RaftServerConfigKeys (ConfUtils.java:logGet(43)) - raft.server.log.statemachine.data.caching.enabled = true (custom)
2019-10-07 06:27:44,895 [pool-423-thread-1] INFO  server.RaftServerConfigKeys (ConfUtils.java:logGet(43)) - raft.server.log.statemachine.data.caching.enabled = true (custom)
2019-10-07 06:27:44,895 [pool-413-thread-1] INFO  segmented.SegmentedRaftLogWorker (SegmentedRaftLogWorker.java:lambda$new$0(128)) - 0f392b92-c4ca-45f9-a050-92d339436648@group-05D2CA2222E1-SegmentedRaftLogWorker: flushIndex: setUnconditionally 0 -> -1
2019-10-07 06:27:44,895 [pool-423-thread-1] INFO  segmented.SegmentedRaftLogWorker (SegmentedRaftLogWorker.java:lambda$new$0(128)) - f0af57f8-83df-4c64-9a7d-a985d135956b@group-05D2CA2222E1-SegmentedRaftLogWorker: flushIndex: setUnconditionally 0 -> -1
2019-10-07 06:27:44,895 [pool-433-thread-1] INFO  impl.RaftServerImpl (RaftServerImpl.java:start(181)) - ccce0cf6-0bfa-4fde-a121-82131e222540@group-05D2CA2222E1: start as a follower, conf=-1: [f0af57f8-83df-4c64-9a7d-a985d135956b:192.168.30.3:45855, 0f392b92-c4ca-45f9-a050-92d339436648:192.168.30.3:40209, ccce0cf6-0bfa-4fde-a121-82131e222540:192.168.30.3:35237], old=null
2019-10-07 06:27:44,896 [pool-413-thread-1] INFO  server.RaftServerConfigKeys (ConfUtils.java:logGet(43)) - raft.server.snapshot.auto.trigger.enabled = true (custom)
2019-10-07 06:27:44,896 [pool-423-thread-1] INFO  server.RaftServerConfigKeys (ConfUtils.java:logGet(43)) - raft.server.snapshot.auto.trigger.enabled = true (custom)
2019-10-07 06:27:44,896 [pool-433-thread-1] INFO  impl.RaftServerImpl (RaftServerImpl.java:setRole(170)) - ccce0cf6-0bfa-4fde-a121-82131e222540@group-05D2CA2222E1: changes role from      null to FOLLOWER at term 0 for startAsFollower
2019-10-07 06:27:44,896 [pool-423-thread-1] INFO  server.RaftServerConfigKeys (ConfUtils.java:logGet(43)) - raft.server.snapshot.auto.trigger.threshold = 10000 (custom)
2019-10-07 06:27:44,896 [pool-413-thread-1] INFO  server.RaftServerConfigKeys (ConfUtils.java:logGet(43)) - raft.server.snapshot.auto.trigger.threshold = 10000 (custom)
2019-10-07 06:27:44,896 [pool-423-thread-1] INFO  server.RaftServerConfigKeys (ConfUtils.java:logGet(43)) - raft.server.snapshot.retention.file.num = 5 (custom)
2019-10-07 06:27:44,896 [pool-433-thread-1] INFO  impl.RoleInfo (RoleInfo.java:updateAndGet(143)) - ccce0cf6-0bfa-4fde-a121-82131e222540: start FollowerState
2019-10-07 06:27:44,897 [pool-423-thread-1] INFO  server.RaftServerConfigKeys (ConfUtils.java:logGet(43)) - raft.server.retrycache.expirytime = 600000ms (custom)
2019-10-07 06:27:44,896 [pool-413-thread-1] INFO  server.RaftServerConfigKeys (ConfUtils.java:logGet(43)) - raft.server.snapshot.retention.file.num = 5 (custom)
2019-10-07 06:27:44,897 [pool-433-thread-1] INFO  util.JmxRegister (JmxRegister.java:tryRegister(44)) - Successfully registered JMX Bean with object name Ratis:service=RaftServer,group=group-05D2CA2222E1,id=ccce0cf6-0bfa-4fde-a121-82131e222540
2019-10-07 06:27:44,897 [pool-413-thread-1] INFO  server.RaftServerConfigKeys (ConfUtils.java:logGet(43)) - raft.server.retrycache.expirytime = 600000ms (custom)
2019-10-07 06:27:44,901 [pool-423-thread-1] INFO  impl.RaftServerImpl (RaftServerImpl.java:start(181)) - f0af57f8-83df-4c64-9a7d-a985d135956b@group-05D2CA2222E1: start as a follower, conf=-1: [f0af57f8-83df-4c64-9a7d-a985d135956b:192.168.30.3:45855, 0f392b92-c4ca-45f9-a050-92d339436648:192.168.30.3:40209, ccce0cf6-0bfa-4fde-a121-82131e222540:192.168.30.3:35237], old=null
2019-10-07 06:27:44,901 [pool-423-thread-1] INFO  impl.RaftServerImpl (RaftServerImpl.java:setRole(170)) - f0af57f8-83df-4c64-9a7d-a985d135956b@group-05D2CA2222E1: changes role from      null to FOLLOWER at term 0 for startAsFollower
2019-10-07 06:27:44,901 [pool-423-thread-1] INFO  impl.RoleInfo (RoleInfo.java:updateAndGet(143)) - f0af57f8-83df-4c64-9a7d-a985d135956b: start FollowerState
2019-10-07 06:27:44,901 [pool-413-thread-1] INFO  impl.RaftServerImpl (RaftServerImpl.java:start(181)) - 0f392b92-c4ca-45f9-a050-92d339436648@group-05D2CA2222E1: start as a follower, conf=-1: [f0af57f8-83df-4c64-9a7d-a985d135956b:192.168.30.3:45855, 0f392b92-c4ca-45f9-a050-92d339436648:192.168.30.3:40209, ccce0cf6-0bfa-4fde-a121-82131e222540:192.168.30.3:35237], old=null
2019-10-07 06:27:44,901 [pool-413-thread-1] INFO  impl.RaftServerImpl (RaftServerImpl.java:setRole(170)) - 0f392b92-c4ca-45f9-a050-92d339436648@group-05D2CA2222E1: changes role from      null to FOLLOWER at term 0 for startAsFollower
2019-10-07 06:27:44,901 [pool-423-thread-1] INFO  util.JmxRegister (JmxRegister.java:tryRegister(44)) - Successfully registered JMX Bean with object name Ratis:service=RaftServer,group=group-05D2CA2222E1,id=f0af57f8-83df-4c64-9a7d-a985d135956b
2019-10-07 06:27:44,901 [pool-413-thread-1] INFO  impl.RoleInfo (RoleInfo.java:updateAndGet(143)) - 0f392b92-c4ca-45f9-a050-92d339436648: start FollowerState
2019-10-07 06:27:44,902 [pool-413-thread-1] INFO  util.JmxRegister (JmxRegister.java:tryRegister(44)) - Successfully registered JMX Bean with object name Ratis:service=RaftServer,group=group-05D2CA2222E1,id=0f392b92-c4ca-45f9-a050-92d339436648
2019-10-07 06:27:44,914 [RatisPipelineUtilsThread] INFO  pipeline.PipelineStateManager (PipelineStateManager.java:addPipeline(56)) - Created pipeline Pipeline[ Id: 746dda9b-3d38-429c-bbeb-05d2ca2222e1, Nodes: 0f392b92-c4ca-45f9-a050-92d339436648{ip: 192.168.30.3, host: trunk-nightly-20191007-kbwpl-4130163227, networkLocation: /default-rack, certSerialId: null}f0af57f8-83df-4c64-9a7d-a985d135956b{ip: 192.168.30.3, host: trunk-nightly-20191007-kbwpl-4130163227, networkLocation: /default-rack, certSerialId: null}ccce0cf6-0bfa-4fde-a121-82131e222540{ip: 192.168.30.3, host: trunk-nightly-20191007-kbwpl-4130163227, networkLocation: /default-rack, certSerialId: null}, Type:RATIS, Factor:THREE, State:OPEN]
2019-10-07 06:27:45,767 [main] INFO  ozone.MiniOzoneClusterImpl (MiniOzoneClusterImpl.java:lambda$waitForClusterToBeReady$0(147)) - Cluster is ready. Got 7 of 7 DN Heartbeats.
2019-10-07 06:27:45,821 [main] INFO  rpc.RpcClient (RpcClient.java:createVolume(277)) - Creating Volume: watchforcommithandlingtest, with jenkins1000 as owner.
2019-10-07 06:27:45,824 [IPC Server handler 2 on 39117] INFO  volume.OMVolumeCreateRequest (OMVolumeCreateRequest.java:validateAndUpdateCache(193)) - created volume:watchforcommithandlingtest for user:jenkins1000
2019-10-07 06:27:45,843 [main] INFO  rpc.RpcClient (RpcClient.java:createBucket(416)) - Creating Bucket: watchforcommithandlingtest/watchforcommithandlingtest, with Versioning false and Storage Type set to DISK and Encryption set to false 
2019-10-07 06:27:45,848 [main] INFO  ozone.MiniOzoneClusterImpl (MiniOzoneClusterImpl.java:getStorageContainerLocationClient(234)) - Creating StorageContainerLocationProtocol RPC client with address /0.0.0.0:36938
2019-10-07 06:27:47,375 [Thread-2292] INFO  container.ReplicationManager (ReplicationManager.java:start(162)) - Starting Replication Monitor Thread.
2019-10-07 06:27:47,379 [ReplicationMonitor] INFO  container.ReplicationManager (ReplicationManager.java:run(225)) - Replication Monitor Thread took 1 milliseconds for processing 1 containers.
2019-10-07 06:27:49,443 [Thread-2294] INFO  impl.FollowerState (FollowerState.java:run(108)) - 63d673df-f08d-46d2-a119-e547cb49433b@group-6F2F4414727A-FollowerState: change to CANDIDATE, lastRpcTime:5007ms, electionTimeout:5007ms
2019-10-07 06:27:49,443 [Thread-2294] INFO  impl.RoleInfo (RoleInfo.java:shutdownFollowerState(121)) - 63d673df-f08d-46d2-a119-e547cb49433b: shutdown FollowerState
2019-10-07 06:27:49,443 [Thread-2294] INFO  impl.RaftServerImpl (RaftServerImpl.java:setRole(170)) - 63d673df-f08d-46d2-a119-e547cb49433b@group-6F2F4414727A: changes role from  FOLLOWER to CANDIDATE at term 0 for changeToCandidate
2019-10-07 06:27:49,443 [Thread-2294] INFO  impl.RoleInfo (RoleInfo.java:updateAndGet(143)) - 63d673df-f08d-46d2-a119-e547cb49433b: start LeaderElection
2019-10-07 06:27:49,466 [63d673df-f08d-46d2-a119-e547cb49433b@group-6F2F4414727A-LeaderElection73] INFO  impl.LeaderElection (LeaderElection.java:askForVotes(178)) - 63d673df-f08d-46d2-a119-e547cb49433b@group-6F2F4414727A-LeaderElection73: begin an election at term 1 for -1: [63d673df-f08d-46d2-a119-e547cb49433b:192.168.30.3:46593], old=null
2019-10-07 06:27:49,467 [63d673df-f08d-46d2-a119-e547cb49433b@group-6F2F4414727A-LeaderElection73] INFO  impl.RoleInfo (RoleInfo.java:shutdownLeaderElection(134)) - 63d673df-f08d-46d2-a119-e547cb49433b: shutdown LeaderElection
2019-10-07 06:27:49,467 [63d673df-f08d-46d2-a119-e547cb49433b@group-6F2F4414727A-LeaderElection73] INFO  impl.RaftServerImpl (RaftServerImpl.java:setRole(170)) - 63d673df-f08d-46d2-a119-e547cb49433b@group-6F2F4414727A: changes role from CANDIDATE to LEADER at term 1 for changeToLeader
2019-10-07 06:27:49,467 [63d673df-f08d-46d2-a119-e547cb49433b@group-6F2F4414727A-LeaderElection73] INFO  impl.RaftServerImpl (ServerState.java:setLeader(255)) - 63d673df-f08d-46d2-a119-e547cb49433b@group-6F2F4414727A: change Leader from null to 63d673df-f08d-46d2-a119-e547cb49433b at term 1 for becomeLeader, leader elected after 5041ms
2019-10-07 06:27:49,467 [63d673df-f08d-46d2-a119-e547cb49433b@group-6F2F4414727A-LeaderElection73] INFO  server.RaftServerConfigKeys (ConfUtils.java:logGet(43)) - raft.server.staging.catchup.gap = 1000 (default)
2019-10-07 06:27:49,468 [63d673df-f08d-46d2-a119-e547cb49433b@group-6F2F4414727A-LeaderElection73] INFO  server.RaftServerConfigKeys (ConfUtils.java:logGet(43)) - raft.server.rpc.sleep.time = 25ms (default)
2019-10-07 06:27:49,468 [63d673df-f08d-46d2-a119-e547cb49433b@group-6F2F4414727A-LeaderElection73] INFO  server.RaftServerConfigKeys (ConfUtils.java:logGet(43)) - raft.server.write.element-limit = 4096 (default)
2019-10-07 06:27:49,468 [63d673df-f08d-46d2-a119-e547cb49433b@group-6F2F4414727A-LeaderElection73] INFO  server.RaftServerConfigKeys (ConfUtils.java:logGet(43)) - raft.server.watch.timeout = 10s (default)
2019-10-07 06:27:49,468 [63d673df-f08d-46d2-a119-e547cb49433b@group-6F2F4414727A-LeaderElection73] INFO  server.RaftServerConfigKeys (ConfUtils.java:logGet(43)) - raft.server.watch.timeout.denomination = 1s (default)
2019-10-07 06:27:49,468 [63d673df-f08d-46d2-a119-e547cb49433b@group-6F2F4414727A-LeaderElection73] INFO  server.RaftServerConfigKeys (ConfUtils.java:logGet(43)) - raft.server.watch.element-limit = 65536 (default)
2019-10-07 06:27:49,471 [63d673df-f08d-46d2-a119-e547cb49433b@group-6F2F4414727A-LeaderElection73] INFO  impl.RoleInfo (RoleInfo.java:updateAndGet(143)) - 63d673df-f08d-46d2-a119-e547cb49433b: start LeaderState
2019-10-07 06:27:49,472 [63d673df-f08d-46d2-a119-e547cb49433b@group-6F2F4414727A-LeaderElection73] INFO  segmented.SegmentedRaftLogWorker (SegmentedRaftLogWorker.java:startLogSegment(385)) - 63d673df-f08d-46d2-a119-e547cb49433b@group-6F2F4414727A-SegmentedRaftLogWorker: Starting segment from index:0
2019-10-07 06:27:49,472 [63d673df-f08d-46d2-a119-e547cb49433b@group-6F2F4414727A-LeaderElection73] INFO  impl.RaftServerImpl (ServerState.java:setRaftConf(356)) - 63d673df-f08d-46d2-a119-e547cb49433b@group-6F2F4414727A: set configuration 0: [63d673df-f08d-46d2-a119-e547cb49433b:192.168.30.3:46593], old=null at 0
2019-10-07 06:27:49,513 [63d673df-f08d-46d2-a119-e547cb49433b@group-6F2F4414727A-SegmentedRaftLogWorker] INFO  segmented.SegmentedRaftLogWorker (SegmentedRaftLogWorker.java:execute(574)) - 63d673df-f08d-46d2-a119-e547cb49433b@group-6F2F4414727A-SegmentedRaftLogWorker: created new log segment /workdir/hadoop-ozone/integration-test/target/test-dir/MiniOzoneClusterImpl-edc4639a-9306-46b6-9240-db948b47afbc/datanode-0/data/ratis/c34b8d2f-b44f-4a98-9f54-6f2f4414727a/current/log_inprogress_0
2019-10-07 06:27:49,566 [Thread-2300] INFO  impl.FollowerState (FollowerState.java:run(108)) - 0ac1db07-9d44-4c65-9b95-e9033929b1b5@group-0F68FA7D230B-FollowerState: change to CANDIDATE, lastRpcTime:5036ms, electionTimeout:5036ms
2019-10-07 06:27:49,566 [Thread-2300] INFO  impl.RoleInfo (RoleInfo.java:shutdownFollowerState(121)) - 0ac1db07-9d44-4c65-9b95-e9033929b1b5: shutdown FollowerState
2019-10-07 06:27:49,566 [Thread-2300] INFO  impl.RaftServerImpl (RaftServerImpl.java:setRole(170)) - 0ac1db07-9d44-4c65-9b95-e9033929b1b5@group-0F68FA7D230B: changes role from  FOLLOWER to CANDIDATE at term 0 for changeToCandidate
2019-10-07 06:27:49,566 [Thread-2300] INFO  impl.RoleInfo (RoleInfo.java:updateAndGet(143)) - 0ac1db07-9d44-4c65-9b95-e9033929b1b5: start LeaderElection
2019-10-07 06:27:49,587 [0ac1db07-9d44-4c65-9b95-e9033929b1b5@group-0F68FA7D230B-LeaderElection74] INFO  impl.LeaderElection (LeaderElection.java:askForVotes(178)) - 0ac1db07-9d44-4c65-9b95-e9033929b1b5@group-0F68FA7D230B-LeaderElection74: begin an election at term 1 for -1: [0ac1db07-9d44-4c65-9b95-e9033929b1b5:192.168.30.3:36106], old=null
2019-10-07 06:27:49,587 [0ac1db07-9d44-4c65-9b95-e9033929b1b5@group-0F68FA7D230B-LeaderElection74] INFO  impl.RoleInfo (RoleInfo.java:shutdownLeaderElection(134)) - 0ac1db07-9d44-4c65-9b95-e9033929b1b5: shutdown LeaderElection
2019-10-07 06:27:49,587 [0ac1db07-9d44-4c65-9b95-e9033929b1b5@group-0F68FA7D230B-LeaderElection74] INFO  impl.RaftServerImpl (RaftServerImpl.java:setRole(170)) - 0ac1db07-9d44-4c65-9b95-e9033929b1b5@group-0F68FA7D230B: changes role from CANDIDATE to LEADER at term 1 for changeToLeader
2019-10-07 06:27:49,587 [0ac1db07-9d44-4c65-9b95-e9033929b1b5@group-0F68FA7D230B-LeaderElection74] INFO  impl.RaftServerImpl (ServerState.java:setLeader(255)) - 0ac1db07-9d44-4c65-9b95-e9033929b1b5@group-0F68FA7D230B: change Leader from null to 0ac1db07-9d44-4c65-9b95-e9033929b1b5 at term 1 for becomeLeader, leader elected after 5065ms
2019-10-07 06:27:49,587 [0ac1db07-9d44-4c65-9b95-e9033929b1b5@group-0F68FA7D230B-LeaderElection74] INFO  server.RaftServerConfigKeys (ConfUtils.java:logGet(43)) - raft.server.staging.catchup.gap = 1000 (default)
2019-10-07 06:27:49,588 [0ac1db07-9d44-4c65-9b95-e9033929b1b5@group-0F68FA7D230B-LeaderElection74] INFO  server.RaftServerConfigKeys (ConfUtils.java:logGet(43)) - raft.server.rpc.sleep.time = 25ms (default)
2019-10-07 06:27:49,588 [0ac1db07-9d44-4c65-9b95-e9033929b1b5@group-0F68FA7D230B-LeaderElection74] INFO  server.RaftServerConfigKeys (ConfUtils.java:logGet(43)) - raft.server.write.element-limit = 4096 (default)
2019-10-07 06:27:49,588 [0ac1db07-9d44-4c65-9b95-e9033929b1b5@group-0F68FA7D230B-LeaderElection74] INFO  server.RaftServerConfigKeys (ConfUtils.java:logGet(43)) - raft.server.watch.timeout = 10s (default)
2019-10-07 06:27:49,588 [0ac1db07-9d44-4c65-9b95-e9033929b1b5@group-0F68FA7D230B-LeaderElection74] INFO  server.RaftServerConfigKeys (ConfUtils.java:logGet(43)) - raft.server.watch.timeout.denomination = 1s (default)
2019-10-07 06:27:49,588 [0ac1db07-9d44-4c65-9b95-e9033929b1b5@group-0F68FA7D230B-LeaderElection74] INFO  server.RaftServerConfigKeys (ConfUtils.java:logGet(43)) - raft.server.watch.element-limit = 65536 (default)
2019-10-07 06:27:49,590 [0ac1db07-9d44-4c65-9b95-e9033929b1b5@group-0F68FA7D230B-LeaderElection74] INFO  impl.RoleInfo (RoleInfo.java:updateAndGet(143)) - 0ac1db07-9d44-4c65-9b95-e9033929b1b5: start LeaderState
2019-10-07 06:27:49,591 [0ac1db07-9d44-4c65-9b95-e9033929b1b5@group-0F68FA7D230B-LeaderElection74] INFO  segmented.SegmentedRaftLogWorker (SegmentedRaftLogWorker.java:startLogSegment(385)) - 0ac1db07-9d44-4c65-9b95-e9033929b1b5@group-0F68FA7D230B-SegmentedRaftLogWorker: Starting segment from index:0
2019-10-07 06:27:49,591 [0ac1db07-9d44-4c65-9b95-e9033929b1b5@group-0F68FA7D230B-LeaderElection74] INFO  impl.RaftServerImpl (ServerState.java:setRaftConf(356)) - 0ac1db07-9d44-4c65-9b95-e9033929b1b5@group-0F68FA7D230B: set configuration 0: [0ac1db07-9d44-4c65-9b95-e9033929b1b5:192.168.30.3:36106], old=null at 0
2019-10-07 06:27:49,626 [Thread-2297] INFO  impl.FollowerState (FollowerState.java:run(108)) - d594e33e-0c83-4fff-84be-cf0eedfeb723@group-FC06FC412DB8-FollowerState: change to CANDIDATE, lastRpcTime:5157ms, electionTimeout:5157ms
2019-10-07 06:27:49,626 [Thread-2297] INFO  impl.RoleInfo (RoleInfo.java:shutdownFollowerState(121)) - d594e33e-0c83-4fff-84be-cf0eedfeb723: shutdown FollowerState
2019-10-07 06:27:49,626 [Thread-2297] INFO  impl.RaftServerImpl (RaftServerImpl.java:setRole(170)) - d594e33e-0c83-4fff-84be-cf0eedfeb723@group-FC06FC412DB8: changes role from  FOLLOWER to CANDIDATE at term 0 for changeToCandidate
2019-10-07 06:27:49,626 [Thread-2297] INFO  impl.RoleInfo (RoleInfo.java:updateAndGet(143)) - d594e33e-0c83-4fff-84be-cf0eedfeb723: start LeaderElection
2019-10-07 06:27:49,638 [0ac1db07-9d44-4c65-9b95-e9033929b1b5@group-0F68FA7D230B-SegmentedRaftLogWorker] INFO  segmented.SegmentedRaftLogWorker (SegmentedRaftLogWorker.java:execute(574)) - 0ac1db07-9d44-4c65-9b95-e9033929b1b5@group-0F68FA7D230B-SegmentedRaftLogWorker: created new log segment /workdir/hadoop-ozone/integration-test/target/test-dir/MiniOzoneClusterImpl-edc4639a-9306-46b6-9240-db948b47afbc/datanode-2/data/ratis/a115c0c5-0ca6-48e9-b891-0f68fa7d230b/current/log_inprogress_0
2019-10-07 06:27:49,638 [d594e33e-0c83-4fff-84be-cf0eedfeb723@group-FC06FC412DB8-LeaderElection75] INFO  impl.LeaderElection (LeaderElection.java:askForVotes(178)) - d594e33e-0c83-4fff-84be-cf0eedfeb723@group-FC06FC412DB8-LeaderElection75: begin an election at term 1 for -1: [d594e33e-0c83-4fff-84be-cf0eedfeb723:192.168.30.3:43534], old=null
2019-10-07 06:27:49,638 [d594e33e-0c83-4fff-84be-cf0eedfeb723@group-FC06FC412DB8-LeaderElection75] INFO  impl.RoleInfo (RoleInfo.java:shutdownLeaderElection(134)) - d594e33e-0c83-4fff-84be-cf0eedfeb723: shutdown LeaderElection
2019-10-07 06:27:49,638 [d594e33e-0c83-4fff-84be-cf0eedfeb723@group-FC06FC412DB8-LeaderElection75] INFO  impl.RaftServerImpl (RaftServerImpl.java:setRole(170)) - d594e33e-0c83-4fff-84be-cf0eedfeb723@group-FC06FC412DB8: changes role from CANDIDATE to LEADER at term 1 for changeToLeader
2019-10-07 06:27:49,638 [d594e33e-0c83-4fff-84be-cf0eedfeb723@group-FC06FC412DB8-LeaderElection75] INFO  impl.RaftServerImpl (ServerState.java:setLeader(255)) - d594e33e-0c83-4fff-84be-cf0eedfeb723@group-FC06FC412DB8: change Leader from null to d594e33e-0c83-4fff-84be-cf0eedfeb723 at term 1 for becomeLeader, leader elected after 5175ms
2019-10-07 06:27:49,638 [d594e33e-0c83-4fff-84be-cf0eedfeb723@group-FC06FC412DB8-LeaderElection75] INFO  server.RaftServerConfigKeys (ConfUtils.java:logGet(43)) - raft.server.staging.catchup.gap = 1000 (default)
2019-10-07 06:27:49,639 [d594e33e-0c83-4fff-84be-cf0eedfeb723@group-FC06FC412DB8-LeaderElection75] INFO  server.RaftServerConfigKeys (ConfUtils.java:logGet(43)) - raft.server.rpc.sleep.time = 25ms (default)
2019-10-07 06:27:49,639 [d594e33e-0c83-4fff-84be-cf0eedfeb723@group-FC06FC412DB8-LeaderElection75] INFO  server.RaftServerConfigKeys (ConfUtils.java:logGet(43)) - raft.server.write.element-limit = 4096 (default)
2019-10-07 06:27:49,639 [d594e33e-0c83-4fff-84be-cf0eedfeb723@group-FC06FC412DB8-LeaderElection75] INFO  server.RaftServerConfigKeys (ConfUtils.java:logGet(43)) - raft.server.watch.timeout = 10s (default)
2019-10-07 06:27:49,639 [d594e33e-0c83-4fff-84be-cf0eedfeb723@group-FC06FC412DB8-LeaderElection75] INFO  server.RaftServerConfigKeys (ConfUtils.java:logGet(43)) - raft.server.watch.timeout.denomination = 1s (default)
2019-10-07 06:27:49,639 [d594e33e-0c83-4fff-84be-cf0eedfeb723@group-FC06FC412DB8-LeaderElection75] INFO  server.RaftServerConfigKeys (ConfUtils.java:logGet(43)) - raft.server.watch.element-limit = 65536 (default)
2019-10-07 06:27:49,641 [d594e33e-0c83-4fff-84be-cf0eedfeb723@group-FC06FC412DB8-LeaderElection75] INFO  impl.RoleInfo (RoleInfo.java:updateAndGet(143)) - d594e33e-0c83-4fff-84be-cf0eedfeb723: start LeaderState
2019-10-07 06:27:49,642 [d594e33e-0c83-4fff-84be-cf0eedfeb723@group-FC06FC412DB8-LeaderElection75] INFO  segmented.SegmentedRaftLogWorker (SegmentedRaftLogWorker.java:startLogSegment(385)) - d594e33e-0c83-4fff-84be-cf0eedfeb723@group-FC06FC412DB8-SegmentedRaftLogWorker: Starting segment from index:0
2019-10-07 06:27:49,642 [d594e33e-0c83-4fff-84be-cf0eedfeb723@group-FC06FC412DB8-LeaderElection75] INFO  impl.RaftServerImpl (ServerState.java:setRaftConf(356)) - d594e33e-0c83-4fff-84be-cf0eedfeb723@group-FC06FC412DB8: set configuration 0: [d594e33e-0c83-4fff-84be-cf0eedfeb723:192.168.30.3:43534], old=null at 0
2019-10-07 06:27:49,671 [Thread-2308] INFO  impl.FollowerState (FollowerState.java:run(108)) - d594e33e-0c83-4fff-84be-cf0eedfeb723@group-1DAB53515AA5-FollowerState: change to CANDIDATE, lastRpcTime:5089ms, electionTimeout:5089ms
2019-10-07 06:27:49,671 [Thread-2308] INFO  impl.RoleInfo (RoleInfo.java:shutdownFollowerState(121)) - d594e33e-0c83-4fff-84be-cf0eedfeb723: shutdown FollowerState
2019-10-07 06:27:49,671 [Thread-2308] INFO  impl.RaftServerImpl (RaftServerImpl.java:setRole(170)) - d594e33e-0c83-4fff-84be-cf0eedfeb723@group-1DAB53515AA5: changes role from  FOLLOWER to CANDIDATE at term 0 for changeToCandidate
2019-10-07 06:27:49,672 [Thread-2308] INFO  impl.RoleInfo (RoleInfo.java:updateAndGet(143)) - d594e33e-0c83-4fff-84be-cf0eedfeb723: start LeaderElection
2019-10-07 06:27:49,679 [Thread-2303] INFO  impl.FollowerState (FollowerState.java:run(108)) - 0ac1db07-9d44-4c65-9b95-e9033929b1b5@group-1DAB53515AA5-FollowerState: change to CANDIDATE, lastRpcTime:5104ms, electionTimeout:5099ms
2019-10-07 06:27:49,679 [Thread-2303] INFO  impl.RoleInfo (RoleInfo.java:shutdownFollowerState(121)) - 0ac1db07-9d44-4c65-9b95-e9033929b1b5: shutdown FollowerState
2019-10-07 06:27:49,682 [d594e33e-0c83-4fff-84be-cf0eedfeb723@group-FC06FC412DB8-SegmentedRaftLogWorker] INFO  segmented.SegmentedRaftLogWorker (SegmentedRaftLogWorker.java:execute(574)) - d594e33e-0c83-4fff-84be-cf0eedfeb723@group-FC06FC412DB8-SegmentedRaftLogWorker: created new log segment /workdir/hadoop-ozone/integration-test/target/test-dir/MiniOzoneClusterImpl-edc4639a-9306-46b6-9240-db948b47afbc/datanode-1/data/ratis/f4a13df8-07af-4225-bf92-fc06fc412db8/current/log_inprogress_0
2019-10-07 06:27:49,682 [Thread-2303] INFO  impl.RaftServerImpl (RaftServerImpl.java:setRole(170)) - 0ac1db07-9d44-4c65-9b95-e9033929b1b5@group-1DAB53515AA5: changes role from  FOLLOWER to CANDIDATE at term 0 for changeToCandidate
2019-10-07 06:27:49,682 [Thread-2303] INFO  impl.RoleInfo (RoleInfo.java:updateAndGet(143)) - 0ac1db07-9d44-4c65-9b95-e9033929b1b5: start LeaderElection
2019-10-07 06:27:49,688 [d594e33e-0c83-4fff-84be-cf0eedfeb723@group-1DAB53515AA5-LeaderElection76] INFO  impl.LeaderElection (LeaderElection.java:askForVotes(178)) - d594e33e-0c83-4fff-84be-cf0eedfeb723@group-1DAB53515AA5-LeaderElection76: begin an election at term 1 for -1: [0ac1db07-9d44-4c65-9b95-e9033929b1b5:192.168.30.3:36106, 63d673df-f08d-46d2-a119-e547cb49433b:192.168.30.3:46593, d594e33e-0c83-4fff-84be-cf0eedfeb723:192.168.30.3:43534], old=null
2019-10-07 06:27:49,692 [0ac1db07-9d44-4c65-9b95-e9033929b1b5@group-1DAB53515AA5-LeaderElection77] INFO  impl.LeaderElection (LeaderElection.java:askForVotes(178)) - 0ac1db07-9d44-4c65-9b95-e9033929b1b5@group-1DAB53515AA5-LeaderElection77: begin an election at term 1 for -1: [0ac1db07-9d44-4c65-9b95-e9033929b1b5:192.168.30.3:36106, 63d673df-f08d-46d2-a119-e547cb49433b:192.168.30.3:46593, d594e33e-0c83-4fff-84be-cf0eedfeb723:192.168.30.3:43534], old=null
2019-10-07 06:27:49,696 [Thread-2312] INFO  impl.FollowerState (FollowerState.java:run(108)) - 0f392b92-c4ca-45f9-a050-92d339436648@group-F9707B37F86A-FollowerState: change to CANDIDATE, lastRpcTime:5019ms, electionTimeout:5017ms
2019-10-07 06:27:49,696 [grpc-default-executor-6] INFO  impl.RaftServerImpl (RaftServerImpl.java:setRole(170)) - 63d673df-f08d-46d2-a119-e547cb49433b@group-1DAB53515AA5: changes role from  FOLLOWER to FOLLOWER at term 1 for recognizeCandidate:d594e33e-0c83-4fff-84be-cf0eedfeb723
2019-10-07 06:27:49,696 [Thread-2312] INFO  impl.RoleInfo (RoleInfo.java:shutdownFollowerState(121)) - 0f392b92-c4ca-45f9-a050-92d339436648: shutdown FollowerState
2019-10-07 06:27:49,697 [grpc-default-executor-6] INFO  impl.RoleInfo (RoleInfo.java:shutdownFollowerState(121)) - 63d673df-f08d-46d2-a119-e547cb49433b: shutdown FollowerState
2019-10-07 06:27:49,700 [Thread-2312] INFO  impl.RaftServerImpl (RaftServerImpl.java:setRole(170)) - 0f392b92-c4ca-45f9-a050-92d339436648@group-F9707B37F86A: changes role from  FOLLOWER to CANDIDATE at term 0 for changeToCandidate
2019-10-07 06:27:49,700 [Thread-2312] INFO  impl.RoleInfo (RoleInfo.java:updateAndGet(143)) - 0f392b92-c4ca-45f9-a050-92d339436648: start LeaderElection
2019-10-07 06:27:49,700 [grpc-default-executor-6] INFO  impl.RoleInfo (RoleInfo.java:updateAndGet(143)) - 63d673df-f08d-46d2-a119-e547cb49433b: start FollowerState
2019-10-07 06:27:49,700 [Thread-2307] INFO  impl.FollowerState (FollowerState.java:run(117)) - 63d673df-f08d-46d2-a119-e547cb49433b@group-1DAB53515AA5-FollowerState was interrupted: java.lang.InterruptedException: sleep interrupted
2019-10-07 06:27:49,726 [0f392b92-c4ca-45f9-a050-92d339436648@group-F9707B37F86A-LeaderElection78] INFO  impl.LeaderElection (LeaderElection.java:askForVotes(178)) - 0f392b92-c4ca-45f9-a050-92d339436648@group-F9707B37F86A-LeaderElection78: begin an election at term 1 for -1: [0f392b92-c4ca-45f9-a050-92d339436648:192.168.30.3:40209], old=null
2019-10-07 06:27:49,726 [0f392b92-c4ca-45f9-a050-92d339436648@group-F9707B37F86A-LeaderElection78] INFO  impl.RoleInfo (RoleInfo.java:shutdownLeaderElection(134)) - 0f392b92-c4ca-45f9-a050-92d339436648: shutdown LeaderElection
2019-10-07 06:27:49,726 [0f392b92-c4ca-45f9-a050-92d339436648@group-F9707B37F86A-LeaderElection78] INFO  impl.RaftServerImpl (RaftServerImpl.java:setRole(170)) - 0f392b92-c4ca-45f9-a050-92d339436648@group-F9707B37F86A: changes role from CANDIDATE to LEADER at term 1 for changeToLeader
2019-10-07 06:27:49,726 [0f392b92-c4ca-45f9-a050-92d339436648@group-F9707B37F86A-LeaderElection78] INFO  impl.RaftServerImpl (ServerState.java:setLeader(255)) - 0f392b92-c4ca-45f9-a050-92d339436648@group-F9707B37F86A: change Leader from null to 0f392b92-c4ca-45f9-a050-92d339436648 at term 1 for becomeLeader, leader elected after 5054ms
2019-10-07 06:27:49,729 [0f392b92-c4ca-45f9-a050-92d339436648@group-F9707B37F86A-LeaderElection78] INFO  server.RaftServerConfigKeys (ConfUtils.java:logGet(43)) - raft.server.staging.catchup.gap = 1000 (default)
2019-10-07 06:27:49,738 [0f392b92-c4ca-45f9-a050-92d339436648@group-F9707B37F86A-LeaderElection78] INFO  server.RaftServerConfigKeys (ConfUtils.java:logGet(43)) - raft.server.rpc.sleep.time = 25ms (default)
2019-10-07 06:27:49,739 [0f392b92-c4ca-45f9-a050-92d339436648@group-F9707B37F86A-LeaderElection78] INFO  server.RaftServerConfigKeys (ConfUtils.java:logGet(43)) - raft.server.write.element-limit = 4096 (default)
2019-10-07 06:27:49,739 [0ac1db07-9d44-4c65-9b95-e9033929b1b5@group-1DAB53515AA5-LeaderElection77] INFO  impl.LeaderElection (LeaderElection.java:logAndReturn(56)) - 0ac1db07-9d44-4c65-9b95-e9033929b1b5@group-1DAB53515AA5-LeaderElection77: Election REJECTED; received 2 response(s) [0ac1db07-9d44-4c65-9b95-e9033929b1b5<-63d673df-f08d-46d2-a119-e547cb49433b#0:FAIL-t1, 0ac1db07-9d44-4c65-9b95-e9033929b1b5<-d594e33e-0c83-4fff-84be-cf0eedfeb723#0:FAIL-t1] and 0 exception(s); 0ac1db07-9d44-4c65-9b95-e9033929b1b5@group-1DAB53515AA5:t1, leader=null, voted=0ac1db07-9d44-4c65-9b95-e9033929b1b5, raftlog=0ac1db07-9d44-4c65-9b95-e9033929b1b5@group-1DAB53515AA5-SegmentedRaftLog:OPENED:c-1,f-1,i0, conf=-1: [0ac1db07-9d44-4c65-9b95-e9033929b1b5:192.168.30.3:36106, 63d673df-f08d-46d2-a119-e547cb49433b:192.168.30.3:46593, d594e33e-0c83-4fff-84be-cf0eedfeb723:192.168.30.3:43534], old=null
2019-10-07 06:27:49,739 [d594e33e-0c83-4fff-84be-cf0eedfeb723@group-1DAB53515AA5-LeaderElection76] INFO  impl.LeaderElection (LeaderElection.java:logAndReturn(56)) - d594e33e-0c83-4fff-84be-cf0eedfeb723@group-1DAB53515AA5-LeaderElection76: Election PASSED; received 2 response(s) [d594e33e-0c83-4fff-84be-cf0eedfeb723<-0ac1db07-9d44-4c65-9b95-e9033929b1b5#0:FAIL-t1, d594e33e-0c83-4fff-84be-cf0eedfeb723<-63d673df-f08d-46d2-a119-e547cb49433b#0:OK-t1] and 0 exception(s); d594e33e-0c83-4fff-84be-cf0eedfeb723@group-1DAB53515AA5:t1, leader=null, voted=d594e33e-0c83-4fff-84be-cf0eedfeb723, raftlog=d594e33e-0c83-4fff-84be-cf0eedfeb723@group-1DAB53515AA5-SegmentedRaftLog:OPENED:c-1,f-1,i0, conf=-1: [0ac1db07-9d44-4c65-9b95-e9033929b1b5:192.168.30.3:36106, 63d673df-f08d-46d2-a119-e547cb49433b:192.168.30.3:46593, d594e33e-0c83-4fff-84be-cf0eedfeb723:192.168.30.3:43534], old=null
2019-10-07 06:27:49,739 [0f392b92-c4ca-45f9-a050-92d339436648@group-F9707B37F86A-LeaderElection78] INFO  server.RaftServerConfigKeys (ConfUtils.java:logGet(43)) - raft.server.watch.timeout = 10s (default)
2019-10-07 06:27:49,739 [d594e33e-0c83-4fff-84be-cf0eedfeb723@group-1DAB53515AA5-LeaderElection76] INFO  impl.RoleInfo (RoleInfo.java:shutdownLeaderElection(134)) - d594e33e-0c83-4fff-84be-cf0eedfeb723: shutdown LeaderElection
2019-10-07 06:27:49,744 [d594e33e-0c83-4fff-84be-cf0eedfeb723@group-1DAB53515AA5-LeaderElection76] INFO  impl.RaftServerImpl (RaftServerImpl.java:setRole(170)) - d594e33e-0c83-4fff-84be-cf0eedfeb723@group-1DAB53515AA5: changes role from CANDIDATE to LEADER at term 1 for changeToLeader
2019-10-07 06:27:49,739 [0ac1db07-9d44-4c65-9b95-e9033929b1b5@group-1DAB53515AA5-LeaderElection77] INFO  impl.RaftServerImpl (RaftServerImpl.java:setRole(170)) - 0ac1db07-9d44-4c65-9b95-e9033929b1b5@group-1DAB53515AA5: changes role from CANDIDATE to FOLLOWER at term 1 for DISCOVERED_A_NEW_TERM
2019-10-07 06:27:49,744 [d594e33e-0c83-4fff-84be-cf0eedfeb723@group-1DAB53515AA5-LeaderElection76] INFO  impl.RaftServerImpl (ServerState.java:setLeader(255)) - d594e33e-0c83-4fff-84be-cf0eedfeb723@group-1DAB53515AA5: change Leader from null to d594e33e-0c83-4fff-84be-cf0eedfeb723 at term 1 for becomeLeader, leader elected after 5176ms
2019-10-07 06:27:49,742 [0f392b92-c4ca-45f9-a050-92d339436648@group-F9707B37F86A-LeaderElection78] INFO  server.RaftServerConfigKeys (ConfUtils.java:logGet(43)) - raft.server.watch.timeout.denomination = 1s (default)
2019-10-07 06:27:49,745 [d594e33e-0c83-4fff-84be-cf0eedfeb723@group-1DAB53515AA5-LeaderElection76] INFO  server.RaftServerConfigKeys (ConfUtils.java:logGet(43)) - raft.server.staging.catchup.gap = 1000 (default)
2019-10-07 06:27:49,745 [0ac1db07-9d44-4c65-9b95-e9033929b1b5@group-1DAB53515AA5-LeaderElection77] INFO  impl.RoleInfo (RoleInfo.java:shutdownLeaderElection(134)) - 0ac1db07-9d44-4c65-9b95-e9033929b1b5: shutdown LeaderElection
2019-10-07 06:27:49,745 [d594e33e-0c83-4fff-84be-cf0eedfeb723@group-1DAB53515AA5-LeaderElection76] INFO  server.RaftServerConfigKeys (ConfUtils.java:logGet(43)) - raft.server.rpc.sleep.time = 25ms (default)
2019-10-07 06:27:49,745 [0f392b92-c4ca-45f9-a050-92d339436648@group-F9707B37F86A-LeaderElection78] INFO  server.RaftServerConfigKeys (ConfUtils.java:logGet(43)) - raft.server.watch.element-limit = 65536 (default)
2019-10-07 06:27:49,745 [d594e33e-0c83-4fff-84be-cf0eedfeb723@group-1DAB53515AA5-LeaderElection76] INFO  server.RaftServerConfigKeys (ConfUtils.java:logGet(43)) - raft.server.write.element-limit = 4096 (default)
2019-10-07 06:27:49,745 [0ac1db07-9d44-4c65-9b95-e9033929b1b5@group-1DAB53515AA5-LeaderElection77] INFO  impl.RoleInfo (RoleInfo.java:updateAndGet(143)) - 0ac1db07-9d44-4c65-9b95-e9033929b1b5: start FollowerState
2019-10-07 06:27:49,745 [d594e33e-0c83-4fff-84be-cf0eedfeb723@group-1DAB53515AA5-LeaderElection76] INFO  server.RaftServerConfigKeys (ConfUtils.java:logGet(43)) - raft.server.watch.timeout = 10s (default)
2019-10-07 06:27:49,746 [d594e33e-0c83-4fff-84be-cf0eedfeb723@group-1DAB53515AA5-LeaderElection76] INFO  server.RaftServerConfigKeys (ConfUtils.java:logGet(43)) - raft.server.watch.timeout.denomination = 1s (default)
2019-10-07 06:27:49,746 [d594e33e-0c83-4fff-84be-cf0eedfeb723@group-1DAB53515AA5-LeaderElection76] INFO  server.RaftServerConfigKeys (ConfUtils.java:logGet(43)) - raft.server.watch.element-limit = 65536 (default)
2019-10-07 06:27:49,747 [0f392b92-c4ca-45f9-a050-92d339436648@group-F9707B37F86A-LeaderElection78] INFO  impl.RoleInfo (RoleInfo.java:updateAndGet(143)) - 0f392b92-c4ca-45f9-a050-92d339436648: start LeaderState
2019-10-07 06:27:49,747 [0f392b92-c4ca-45f9-a050-92d339436648@group-F9707B37F86A-LeaderElection78] INFO  segmented.SegmentedRaftLogWorker (SegmentedRaftLogWorker.java:startLogSegment(385)) - 0f392b92-c4ca-45f9-a050-92d339436648@group-F9707B37F86A-SegmentedRaftLogWorker: Starting segment from index:0
2019-10-07 06:27:49,748 [0f392b92-c4ca-45f9-a050-92d339436648@group-F9707B37F86A-LeaderElection78] INFO  impl.RaftServerImpl (ServerState.java:setRaftConf(356)) - 0f392b92-c4ca-45f9-a050-92d339436648@group-F9707B37F86A: set configuration 0: [0f392b92-c4ca-45f9-a050-92d339436648:192.168.30.3:40209], old=null at 0
2019-10-07 06:27:49,748 [d594e33e-0c83-4fff-84be-cf0eedfeb723@group-1DAB53515AA5-LeaderElection76] INFO  server.RaftServerConfigKeys (ConfUtils.java:logGet(43)) - raft.server.log.appender.snapshot.chunk.size.max = 16MB (=16777216) (default)
2019-10-07 06:27:49,748 [d594e33e-0c83-4fff-84be-cf0eedfeb723@group-1DAB53515AA5-LeaderElection76] INFO  server.RaftServerConfigKeys (ConfUtils.java:logGet(43)) - raft.server.log.appender.buffer.byte-limit = 33554432 (custom)
2019-10-07 06:27:49,748 [d594e33e-0c83-4fff-84be-cf0eedfeb723@group-1DAB53515AA5-LeaderElection76] INFO  server.RaftServerConfigKeys (ConfUtils.java:logGet(43)) - raft.server.log.appender.buffer.element-limit = 1 (custom)
2019-10-07 06:27:49,748 [d594e33e-0c83-4fff-84be-cf0eedfeb723@group-1DAB53515AA5-LeaderElection76] INFO  grpc.GrpcConfigKeys$Server (ConfUtils.java:logGet(43)) - raft.grpc.server.leader.outstanding.appends.max = 128 (default)
2019-10-07 06:27:49,748 [d594e33e-0c83-4fff-84be-cf0eedfeb723@group-1DAB53515AA5-LeaderElection76] INFO  server.RaftServerConfigKeys (ConfUtils.java:logGet(43)) - raft.server.rpc.request.timeout = 3000ms (default)
2019-10-07 06:27:49,749 [d594e33e-0c83-4fff-84be-cf0eedfeb723@group-1DAB53515AA5-LeaderElection76] INFO  server.RaftServerConfigKeys (ConfUtils.java:logGet(43)) - raft.server.log.appender.install.snapshot.enabled = false (custom)
2019-10-07 06:27:49,749 [d594e33e-0c83-4fff-84be-cf0eedfeb723@group-1DAB53515AA5-LeaderElection76] INFO  server.RaftServerConfigKeys (ConfUtils.java:logGet(43)) - raft.server.log.appender.snapshot.chunk.size.max = 16MB (=16777216) (default)
2019-10-07 06:27:49,749 [d594e33e-0c83-4fff-84be-cf0eedfeb723@group-1DAB53515AA5-LeaderElection76] INFO  server.RaftServerConfigKeys (ConfUtils.java:logGet(43)) - raft.server.log.appender.buffer.byte-limit = 33554432 (custom)
2019-10-07 06:27:49,749 [d594e33e-0c83-4fff-84be-cf0eedfeb723@group-1DAB53515AA5-LeaderElection76] INFO  server.RaftServerConfigKeys (ConfUtils.java:logGet(43)) - raft.server.log.appender.buffer.element-limit = 1 (custom)
2019-10-07 06:27:49,749 [d594e33e-0c83-4fff-84be-cf0eedfeb723@group-1DAB53515AA5-LeaderElection76] INFO  grpc.GrpcConfigKeys$Server (ConfUtils.java:logGet(43)) - raft.grpc.server.leader.outstanding.appends.max = 128 (default)
2019-10-07 06:27:49,749 [d594e33e-0c83-4fff-84be-cf0eedfeb723@group-1DAB53515AA5-LeaderElection76] INFO  server.RaftServerConfigKeys (ConfUtils.java:logGet(43)) - raft.server.rpc.request.timeout = 3000ms (default)
2019-10-07 06:27:49,749 [d594e33e-0c83-4fff-84be-cf0eedfeb723@group-1DAB53515AA5-LeaderElection76] INFO  server.RaftServerConfigKeys (ConfUtils.java:logGet(43)) - raft.server.log.appender.install.snapshot.enabled = false (custom)
2019-10-07 06:27:49,750 [d594e33e-0c83-4fff-84be-cf0eedfeb723@group-1DAB53515AA5-LeaderElection76] INFO  impl.RoleInfo (RoleInfo.java:updateAndGet(143)) - d594e33e-0c83-4fff-84be-cf0eedfeb723: start LeaderState
2019-10-07 06:27:49,750 [d594e33e-0c83-4fff-84be-cf0eedfeb723@group-1DAB53515AA5-LeaderElection76] INFO  segmented.SegmentedRaftLogWorker (SegmentedRaftLogWorker.java:startLogSegment(385)) - d594e33e-0c83-4fff-84be-cf0eedfeb723@group-1DAB53515AA5-SegmentedRaftLogWorker: Starting segment from index:0
2019-10-07 06:27:49,750 [d594e33e-0c83-4fff-84be-cf0eedfeb723@group-1DAB53515AA5-LeaderElection76] INFO  impl.RaftServerImpl (ServerState.java:setRaftConf(356)) - d594e33e-0c83-4fff-84be-cf0eedfeb723@group-1DAB53515AA5: set configuration 0: [0ac1db07-9d44-4c65-9b95-e9033929b1b5:192.168.30.3:36106, 63d673df-f08d-46d2-a119-e547cb49433b:192.168.30.3:46593, d594e33e-0c83-4fff-84be-cf0eedfeb723:192.168.30.3:43534], old=null at 0
2019-10-07 06:27:49,784 [grpc-default-executor-0] INFO  impl.RaftServerImpl (ServerState.java:setLeader(255)) - 63d673df-f08d-46d2-a119-e547cb49433b@group-1DAB53515AA5: change Leader from null to d594e33e-0c83-4fff-84be-cf0eedfeb723 at term 1 for appendEntries, leader elected after 5216ms
2019-10-07 06:27:49,793 [grpc-default-executor-6] INFO  impl.RaftServerImpl (ServerState.java:setLeader(255)) - 0ac1db07-9d44-4c65-9b95-e9033929b1b5@group-1DAB53515AA5: change Leader from null to d594e33e-0c83-4fff-84be-cf0eedfeb723 at term 1 for appendEntries, leader elected after 5225ms
2019-10-07 06:27:49,795 [0f392b92-c4ca-45f9-a050-92d339436648@group-F9707B37F86A-SegmentedRaftLogWorker] INFO  segmented.SegmentedRaftLogWorker (SegmentedRaftLogWorker.java:execute(574)) - 0f392b92-c4ca-45f9-a050-92d339436648@group-F9707B37F86A-SegmentedRaftLogWorker: created new log segment /workdir/hadoop-ozone/integration-test/target/test-dir/MiniOzoneClusterImpl-edc4639a-9306-46b6-9240-db948b47afbc/datanode-3/data/ratis/9580c0d7-1ea0-4cd2-88ee-f9707b37f86a/current/log_inprogress_0
2019-10-07 06:27:49,795 [d594e33e-0c83-4fff-84be-cf0eedfeb723@group-1DAB53515AA5-SegmentedRaftLogWorker] INFO  segmented.SegmentedRaftLogWorker (SegmentedRaftLogWorker.java:execute(574)) - d594e33e-0c83-4fff-84be-cf0eedfeb723@group-1DAB53515AA5-SegmentedRaftLogWorker: created new log segment /workdir/hadoop-ozone/integration-test/target/test-dir/MiniOzoneClusterImpl-edc4639a-9306-46b6-9240-db948b47afbc/datanode-1/data/ratis/5637800c-91e4-442f-84a1-1dab53515aa5/current/log_inprogress_0
2019-10-07 06:27:49,796 [grpc-default-executor-0] INFO  impl.RaftServerImpl (ServerState.java:setRaftConf(356)) - 0ac1db07-9d44-4c65-9b95-e9033929b1b5@group-1DAB53515AA5: set configuration 0: [0ac1db07-9d44-4c65-9b95-e9033929b1b5:192.168.30.3:36106, 63d673df-f08d-46d2-a119-e547cb49433b:192.168.30.3:46593, d594e33e-0c83-4fff-84be-cf0eedfeb723:192.168.30.3:43534], old=null at 0
2019-10-07 06:27:49,796 [grpc-default-executor-6] INFO  impl.RaftServerImpl (ServerState.java:setRaftConf(356)) - 63d673df-f08d-46d2-a119-e547cb49433b@group-1DAB53515AA5: set configuration 0: [0ac1db07-9d44-4c65-9b95-e9033929b1b5:192.168.30.3:36106, 63d673df-f08d-46d2-a119-e547cb49433b:192.168.30.3:46593, d594e33e-0c83-4fff-84be-cf0eedfeb723:192.168.30.3:43534], old=null at 0
2019-10-07 06:27:49,796 [grpc-default-executor-0] INFO  segmented.SegmentedRaftLogWorker (SegmentedRaftLogWorker.java:startLogSegment(385)) - 0ac1db07-9d44-4c65-9b95-e9033929b1b5@group-1DAB53515AA5-SegmentedRaftLogWorker: Starting segment from index:0
2019-10-07 06:27:49,796 [grpc-default-executor-6] INFO  segmented.SegmentedRaftLogWorker (SegmentedRaftLogWorker.java:startLogSegment(385)) - 63d673df-f08d-46d2-a119-e547cb49433b@group-1DAB53515AA5-SegmentedRaftLogWorker: Starting segment from index:0
2019-10-07 06:27:49,838 [63d673df-f08d-46d2-a119-e547cb49433b@group-1DAB53515AA5-SegmentedRaftLogWorker] INFO  segmented.SegmentedRaftLogWorker (SegmentedRaftLogWorker.java:execute(574)) - 63d673df-f08d-46d2-a119-e547cb49433b@group-1DAB53515AA5-SegmentedRaftLogWorker: created new log segment /workdir/hadoop-ozone/integration-test/target/test-dir/MiniOzoneClusterImpl-edc4639a-9306-46b6-9240-db948b47afbc/datanode-0/data/ratis/5637800c-91e4-442f-84a1-1dab53515aa5/current/log_inprogress_0
2019-10-07 06:27:49,838 [0ac1db07-9d44-4c65-9b95-e9033929b1b5@group-1DAB53515AA5-SegmentedRaftLogWorker] INFO  segmented.SegmentedRaftLogWorker (SegmentedRaftLogWorker.java:execute(574)) - 0ac1db07-9d44-4c65-9b95-e9033929b1b5@group-1DAB53515AA5-SegmentedRaftLogWorker: created new log segment /workdir/hadoop-ozone/integration-test/target/test-dir/MiniOzoneClusterImpl-edc4639a-9306-46b6-9240-db948b47afbc/datanode-2/data/ratis/5637800c-91e4-442f-84a1-1dab53515aa5/current/log_inprogress_0
2019-10-07 06:27:49,841 [Thread-2315] INFO  impl.FollowerState (FollowerState.java:run(108)) - f0af57f8-83df-4c64-9a7d-a985d135956b@group-F593250A9E23-FollowerState: change to CANDIDATE, lastRpcTime:5118ms, electionTimeout:5118ms
2019-10-07 06:27:49,842 [Thread-2315] INFO  impl.RoleInfo (RoleInfo.java:shutdownFollowerState(121)) - f0af57f8-83df-4c64-9a7d-a985d135956b: shutdown FollowerState
2019-10-07 06:27:49,842 [Thread-2315] INFO  impl.RaftServerImpl (RaftServerImpl.java:setRole(170)) - f0af57f8-83df-4c64-9a7d-a985d135956b@group-F593250A9E23: changes role from  FOLLOWER to CANDIDATE at term 0 for changeToCandidate
2019-10-07 06:27:49,842 [Thread-2315] INFO  impl.RoleInfo (RoleInfo.java:updateAndGet(143)) - f0af57f8-83df-4c64-9a7d-a985d135956b: start LeaderElection
2019-10-07 06:27:49,863 [f0af57f8-83df-4c64-9a7d-a985d135956b@group-F593250A9E23-LeaderElection79] INFO  impl.LeaderElection (LeaderElection.java:askForVotes(178)) - f0af57f8-83df-4c64-9a7d-a985d135956b@group-F593250A9E23-LeaderElection79: begin an election at term 1 for -1: [f0af57f8-83df-4c64-9a7d-a985d135956b:192.168.30.3:45855], old=null
2019-10-07 06:27:49,863 [f0af57f8-83df-4c64-9a7d-a985d135956b@group-F593250A9E23-LeaderElection79] INFO  impl.RoleInfo (RoleInfo.java:shutdownLeaderElection(134)) - f0af57f8-83df-4c64-9a7d-a985d135956b: shutdown LeaderElection
2019-10-07 06:27:49,863 [f0af57f8-83df-4c64-9a7d-a985d135956b@group-F593250A9E23-LeaderElection79] INFO  impl.RaftServerImpl (RaftServerImpl.java:setRole(170)) - f0af57f8-83df-4c64-9a7d-a985d135956b@group-F593250A9E23: changes role from CANDIDATE to LEADER at term 1 for changeToLeader
2019-10-07 06:27:49,863 [f0af57f8-83df-4c64-9a7d-a985d135956b@group-F593250A9E23-LeaderElection79] INFO  impl.RaftServerImpl (ServerState.java:setLeader(255)) - f0af57f8-83df-4c64-9a7d-a985d135956b@group-F593250A9E23: change Leader from null to f0af57f8-83df-4c64-9a7d-a985d135956b at term 1 for becomeLeader, leader elected after 5146ms
2019-10-07 06:27:49,863 [f0af57f8-83df-4c64-9a7d-a985d135956b@group-F593250A9E23-LeaderElection79] INFO  server.RaftServerConfigKeys (ConfUtils.java:logGet(43)) - raft.server.staging.catchup.gap = 1000 (default)
2019-10-07 06:27:49,863 [f0af57f8-83df-4c64-9a7d-a985d135956b@group-F593250A9E23-LeaderElection79] INFO  server.RaftServerConfigKeys (ConfUtils.java:logGet(43)) - raft.server.rpc.sleep.time = 25ms (default)
2019-10-07 06:27:49,864 [f0af57f8-83df-4c64-9a7d-a985d135956b@group-F593250A9E23-LeaderElection79] INFO  server.RaftServerConfigKeys (ConfUtils.java:logGet(43)) - raft.server.write.element-limit = 4096 (default)
2019-10-07 06:27:49,864 [f0af57f8-83df-4c64-9a7d-a985d135956b@group-F593250A9E23-LeaderElection79] INFO  server.RaftServerConfigKeys (ConfUtils.java:logGet(43)) - raft.server.watch.timeout = 10s (default)
2019-10-07 06:27:49,864 [f0af57f8-83df-4c64-9a7d-a985d135956b@group-F593250A9E23-LeaderElection79] INFO  server.RaftServerConfigKeys (ConfUtils.java:logGet(43)) - raft.server.watch.timeout.denomination = 1s (default)
2019-10-07 06:27:49,864 [f0af57f8-83df-4c64-9a7d-a985d135956b@group-F593250A9E23-LeaderElection79] INFO  server.RaftServerConfigKeys (ConfUtils.java:logGet(43)) - raft.server.watch.element-limit = 65536 (default)
2019-10-07 06:27:49,866 [f0af57f8-83df-4c64-9a7d-a985d135956b@group-F593250A9E23-LeaderElection79] INFO  impl.RoleInfo (RoleInfo.java:updateAndGet(143)) - f0af57f8-83df-4c64-9a7d-a985d135956b: start LeaderState
2019-10-07 06:27:49,866 [f0af57f8-83df-4c64-9a7d-a985d135956b@group-F593250A9E23-LeaderElection79] INFO  segmented.SegmentedRaftLogWorker (SegmentedRaftLogWorker.java:startLogSegment(385)) - f0af57f8-83df-4c64-9a7d-a985d135956b@group-F593250A9E23-SegmentedRaftLogWorker: Starting segment from index:0
2019-10-07 06:27:49,867 [f0af57f8-83df-4c64-9a7d-a985d135956b@group-F593250A9E23-LeaderElection79] INFO  impl.RaftServerImpl (ServerState.java:setRaftConf(356)) - f0af57f8-83df-4c64-9a7d-a985d135956b@group-F593250A9E23: set configuration 0: [f0af57f8-83df-4c64-9a7d-a985d135956b:192.168.30.3:45855], old=null at 0
2019-10-07 06:27:49,914 [f0af57f8-83df-4c64-9a7d-a985d135956b@group-F593250A9E23-SegmentedRaftLogWorker] INFO  segmented.SegmentedRaftLogWorker (SegmentedRaftLogWorker.java:execute(574)) - f0af57f8-83df-4c64-9a7d-a985d135956b@group-F593250A9E23-SegmentedRaftLogWorker: created new log segment /workdir/hadoop-ozone/integration-test/target/test-dir/MiniOzoneClusterImpl-edc4639a-9306-46b6-9240-db948b47afbc/datanode-4/data/ratis/c024288d-5d74-4047-8e77-f593250a9e23/current/log_inprogress_0
2019-10-07 06:27:49,915 [Thread-2318] INFO  impl.FollowerState (FollowerState.java:run(108)) - ccce0cf6-0bfa-4fde-a121-82131e222540@group-F4D454CBC74D-FollowerState: change to CANDIDATE, lastRpcTime:5140ms, electionTimeout:5140ms
2019-10-07 06:27:49,915 [Thread-2318] INFO  impl.RoleInfo (RoleInfo.java:shutdownFollowerState(121)) - ccce0cf6-0bfa-4fde-a121-82131e222540: shutdown FollowerState
2019-10-07 06:27:49,915 [Thread-2318] INFO  impl.RaftServerImpl (RaftServerImpl.java:setRole(170)) - ccce0cf6-0bfa-4fde-a121-82131e222540@group-F4D454CBC74D: changes role from  FOLLOWER to CANDIDATE at term 0 for changeToCandidate
2019-10-07 06:27:49,915 [Thread-2318] INFO  impl.RoleInfo (RoleInfo.java:updateAndGet(143)) - ccce0cf6-0bfa-4fde-a121-82131e222540: start LeaderElection
2019-10-07 06:27:49,927 [ccce0cf6-0bfa-4fde-a121-82131e222540@group-F4D454CBC74D-LeaderElection80] INFO  impl.LeaderElection (LeaderElection.java:askForVotes(178)) - ccce0cf6-0bfa-4fde-a121-82131e222540@group-F4D454CBC74D-LeaderElection80: begin an election at term 1 for -1: [ccce0cf6-0bfa-4fde-a121-82131e222540:192.168.30.3:35237], old=null
2019-10-07 06:27:49,927 [ccce0cf6-0bfa-4fde-a121-82131e222540@group-F4D454CBC74D-LeaderElection80] INFO  impl.RoleInfo (RoleInfo.java:shutdownLeaderElection(134)) - ccce0cf6-0bfa-4fde-a121-82131e222540: shutdown LeaderElection
2019-10-07 06:27:49,927 [ccce0cf6-0bfa-4fde-a121-82131e222540@group-F4D454CBC74D-LeaderElection80] INFO  impl.RaftServerImpl (RaftServerImpl.java:setRole(170)) - ccce0cf6-0bfa-4fde-a121-82131e222540@group-F4D454CBC74D: changes role from CANDIDATE to LEADER at term 1 for changeToLeader
2019-10-07 06:27:49,927 [ccce0cf6-0bfa-4fde-a121-82131e222540@group-F4D454CBC74D-LeaderElection80] INFO  impl.RaftServerImpl (ServerState.java:setLeader(255)) - ccce0cf6-0bfa-4fde-a121-82131e222540@group-F4D454CBC74D: change Leader from null to ccce0cf6-0bfa-4fde-a121-82131e222540 at term 1 for becomeLeader, leader elected after 5159ms
2019-10-07 06:27:49,928 [ccce0cf6-0bfa-4fde-a121-82131e222540@group-F4D454CBC74D-LeaderElection80] INFO  server.RaftServerConfigKeys (ConfUtils.java:logGet(43)) - raft.server.staging.catchup.gap = 1000 (default)
2019-10-07 06:27:49,928 [ccce0cf6-0bfa-4fde-a121-82131e222540@group-F4D454CBC74D-LeaderElection80] INFO  server.RaftServerConfigKeys (ConfUtils.java:logGet(43)) - raft.server.rpc.sleep.time = 25ms (default)
2019-10-07 06:27:49,928 [ccce0cf6-0bfa-4fde-a121-82131e222540@group-F4D454CBC74D-LeaderElection80] INFO  server.RaftServerConfigKeys (ConfUtils.java:logGet(43)) - raft.server.write.element-limit = 4096 (default)
2019-10-07 06:27:49,928 [ccce0cf6-0bfa-4fde-a121-82131e222540@group-F4D454CBC74D-LeaderElection80] INFO  server.RaftServerConfigKeys (ConfUtils.java:logGet(43)) - raft.server.watch.timeout = 10s (default)
2019-10-07 06:27:49,928 [ccce0cf6-0bfa-4fde-a121-82131e222540@group-F4D454CBC74D-LeaderElection80] INFO  server.RaftServerConfigKeys (ConfUtils.java:logGet(43)) - raft.server.watch.timeout.denomination = 1s (default)
2019-10-07 06:27:49,928 [ccce0cf6-0bfa-4fde-a121-82131e222540@group-F4D454CBC74D-LeaderElection80] INFO  server.RaftServerConfigKeys (ConfUtils.java:logGet(43)) - raft.server.watch.element-limit = 65536 (default)
2019-10-07 06:27:49,930 [ccce0cf6-0bfa-4fde-a121-82131e222540@group-F4D454CBC74D-LeaderElection80] INFO  impl.RoleInfo (RoleInfo.java:updateAndGet(143)) - ccce0cf6-0bfa-4fde-a121-82131e222540: start LeaderState
2019-10-07 06:27:49,930 [ccce0cf6-0bfa-4fde-a121-82131e222540@group-F4D454CBC74D-LeaderElection80] INFO  segmented.SegmentedRaftLogWorker (SegmentedRaftLogWorker.java:startLogSegment(385)) - ccce0cf6-0bfa-4fde-a121-82131e222540@group-F4D454CBC74D-SegmentedRaftLogWorker: Starting segment from index:0
2019-10-07 06:27:49,931 [ccce0cf6-0bfa-4fde-a121-82131e222540@group-F4D454CBC74D-LeaderElection80] INFO  impl.RaftServerImpl (ServerState.java:setRaftConf(356)) - ccce0cf6-0bfa-4fde-a121-82131e222540@group-F4D454CBC74D: set configuration 0: [ccce0cf6-0bfa-4fde-a121-82131e222540:192.168.30.3:35237], old=null at 0
2019-10-07 06:27:49,962 [Thread-2321] INFO  impl.FollowerState (FollowerState.java:run(108)) - d5245370-27d9-4f55-843d-593ffd90a4f6@group-15A1C56AD56A-FollowerState: change to CANDIDATE, lastRpcTime:5136ms, electionTimeout:5121ms
2019-10-07 06:27:49,962 [Thread-2321] INFO  impl.RoleInfo (RoleInfo.java:shutdownFollowerState(121)) - d5245370-27d9-4f55-843d-593ffd90a4f6: shutdown FollowerState
2019-10-07 06:27:49,963 [Thread-2321] INFO  impl.RaftServerImpl (RaftServerImpl.java:setRole(170)) - d5245370-27d9-4f55-843d-593ffd90a4f6@group-15A1C56AD56A: changes role from  FOLLOWER to CANDIDATE at term 0 for changeToCandidate
2019-10-07 06:27:49,963 [Thread-2321] INFO  impl.RoleInfo (RoleInfo.java:updateAndGet(143)) - d5245370-27d9-4f55-843d-593ffd90a4f6: start LeaderElection
2019-10-07 06:27:49,975 [ccce0cf6-0bfa-4fde-a121-82131e222540@group-F4D454CBC74D-SegmentedRaftLogWorker] INFO  segmented.SegmentedRaftLogWorker (SegmentedRaftLogWorker.java:execute(574)) - ccce0cf6-0bfa-4fde-a121-82131e222540@group-F4D454CBC74D-SegmentedRaftLogWorker: created new log segment /workdir/hadoop-ozone/integration-test/target/test-dir/MiniOzoneClusterImpl-edc4639a-9306-46b6-9240-db948b47afbc/datanode-5/data/ratis/de16b70f-aebe-4f53-81de-f4d454cbc74d/current/log_inprogress_0
2019-10-07 06:27:49,978 [Thread-2327] INFO  impl.FollowerState (FollowerState.java:run(108)) - f0af57f8-83df-4c64-9a7d-a985d135956b@group-05D2CA2222E1-FollowerState: change to CANDIDATE, lastRpcTime:5076ms, electionTimeout:5076ms
2019-10-07 06:27:49,978 [Thread-2327] INFO  impl.RoleInfo (RoleInfo.java:shutdownFollowerState(121)) - f0af57f8-83df-4c64-9a7d-a985d135956b: shutdown FollowerState
2019-10-07 06:27:49,978 [Thread-2327] INFO  impl.RaftServerImpl (RaftServerImpl.java:setRole(170)) - f0af57f8-83df-4c64-9a7d-a985d135956b@group-05D2CA2222E1: changes role from  FOLLOWER to CANDIDATE at term 0 for changeToCandidate
2019-10-07 06:27:49,978 [Thread-2327] INFO  impl.RoleInfo (RoleInfo.java:updateAndGet(143)) - f0af57f8-83df-4c64-9a7d-a985d135956b: start LeaderElection
2019-10-07 06:27:49,992 [d5245370-27d9-4f55-843d-593ffd90a4f6@group-15A1C56AD56A-LeaderElection81] INFO  impl.LeaderElection (LeaderElection.java:askForVotes(178)) - d5245370-27d9-4f55-843d-593ffd90a4f6@group-15A1C56AD56A-LeaderElection81: begin an election at term 1 for -1: [d5245370-27d9-4f55-843d-593ffd90a4f6:192.168.30.3:42992], old=null
2019-10-07 06:27:49,992 [f0af57f8-83df-4c64-9a7d-a985d135956b@group-05D2CA2222E1-LeaderElection82] INFO  impl.LeaderElection (LeaderElection.java:askForVotes(178)) - f0af57f8-83df-4c64-9a7d-a985d135956b@group-05D2CA2222E1-LeaderElection82: begin an election at term 1 for -1: [f0af57f8-83df-4c64-9a7d-a985d135956b:192.168.30.3:45855, 0f392b92-c4ca-45f9-a050-92d339436648:192.168.30.3:40209, ccce0cf6-0bfa-4fde-a121-82131e222540:192.168.30.3:35237], old=null
2019-10-07 06:27:49,992 [d5245370-27d9-4f55-843d-593ffd90a4f6@group-15A1C56AD56A-LeaderElection81] INFO  impl.RoleInfo (RoleInfo.java:shutdownLeaderElection(134)) - d5245370-27d9-4f55-843d-593ffd90a4f6: shutdown LeaderElection
2019-10-07 06:27:49,992 [d5245370-27d9-4f55-843d-593ffd90a4f6@group-15A1C56AD56A-LeaderElection81] INFO  impl.RaftServerImpl (RaftServerImpl.java:setRole(170)) - d5245370-27d9-4f55-843d-593ffd90a4f6@group-15A1C56AD56A: changes role from CANDIDATE to LEADER at term 1 for changeToLeader
2019-10-07 06:27:49,993 [d5245370-27d9-4f55-843d-593ffd90a4f6@group-15A1C56AD56A-LeaderElection81] INFO  impl.RaftServerImpl (ServerState.java:setLeader(255)) - d5245370-27d9-4f55-843d-593ffd90a4f6@group-15A1C56AD56A: change Leader from null to d5245370-27d9-4f55-843d-593ffd90a4f6 at term 1 for becomeLeader, leader elected after 5171ms
2019-10-07 06:27:49,993 [d5245370-27d9-4f55-843d-593ffd90a4f6@group-15A1C56AD56A-LeaderElection81] INFO  server.RaftServerConfigKeys (ConfUtils.java:logGet(43)) - raft.server.staging.catchup.gap = 1000 (default)
2019-10-07 06:27:49,993 [d5245370-27d9-4f55-843d-593ffd90a4f6@group-15A1C56AD56A-LeaderElection81] INFO  server.RaftServerConfigKeys (ConfUtils.java:logGet(43)) - raft.server.rpc.sleep.time = 25ms (default)
2019-10-07 06:27:49,993 [d5245370-27d9-4f55-843d-593ffd90a4f6@group-15A1C56AD56A-LeaderElection81] INFO  server.RaftServerConfigKeys (ConfUtils.java:logGet(43)) - raft.server.write.element-limit = 4096 (default)
2019-10-07 06:27:49,993 [d5245370-27d9-4f55-843d-593ffd90a4f6@group-15A1C56AD56A-LeaderElection81] INFO  server.RaftServerConfigKeys (ConfUtils.java:logGet(43)) - raft.server.watch.timeout = 10s (default)
2019-10-07 06:27:49,993 [d5245370-27d9-4f55-843d-593ffd90a4f6@group-15A1C56AD56A-LeaderElection81] INFO  server.RaftServerConfigKeys (ConfUtils.java:logGet(43)) - raft.server.watch.timeout.denomination = 1s (default)
2019-10-07 06:27:49,994 [d5245370-27d9-4f55-843d-593ffd90a4f6@group-15A1C56AD56A-LeaderElection81] INFO  server.RaftServerConfigKeys (ConfUtils.java:logGet(43)) - raft.server.watch.element-limit = 65536 (default)
2019-10-07 06:27:50,002 [grpc-default-executor-6] INFO  impl.RaftServerImpl (RaftServerImpl.java:setRole(170)) - ccce0cf6-0bfa-4fde-a121-82131e222540@group-05D2CA2222E1: changes role from  FOLLOWER to FOLLOWER at term 1 for recognizeCandidate:f0af57f8-83df-4c64-9a7d-a985d135956b
2019-10-07 06:27:50,002 [grpc-default-executor-6] INFO  impl.RoleInfo (RoleInfo.java:shutdownFollowerState(121)) - ccce0cf6-0bfa-4fde-a121-82131e222540: shutdown FollowerState
2019-10-07 06:27:50,004 [grpc-default-executor-6] INFO  impl.RoleInfo (RoleInfo.java:updateAndGet(143)) - ccce0cf6-0bfa-4fde-a121-82131e222540: start FollowerState
2019-10-07 06:27:50,006 [grpc-default-executor-0] INFO  impl.RaftServerImpl (RaftServerImpl.java:setRole(170)) - 0f392b92-c4ca-45f9-a050-92d339436648@group-05D2CA2222E1: changes role from  FOLLOWER to FOLLOWER at term 1 for recognizeCandidate:f0af57f8-83df-4c64-9a7d-a985d135956b
2019-10-07 06:27:50,006 [Thread-2324] INFO  impl.FollowerState (FollowerState.java:run(117)) - ccce0cf6-0bfa-4fde-a121-82131e222540@group-05D2CA2222E1-FollowerState was interrupted: java.lang.InterruptedException: sleep interrupted
2019-10-07 06:27:50,006 [grpc-default-executor-0] INFO  impl.RoleInfo (RoleInfo.java:shutdownFollowerState(121)) - 0f392b92-c4ca-45f9-a050-92d339436648: shutdown FollowerState
2019-10-07 06:27:50,008 [grpc-default-executor-0] INFO  impl.RoleInfo (RoleInfo.java:updateAndGet(143)) - 0f392b92-c4ca-45f9-a050-92d339436648: start FollowerState
2019-10-07 06:27:50,006 [d5245370-27d9-4f55-843d-593ffd90a4f6@group-15A1C56AD56A-LeaderElection81] INFO  impl.RoleInfo (RoleInfo.java:updateAndGet(143)) - d5245370-27d9-4f55-843d-593ffd90a4f6: start LeaderState
2019-10-07 06:27:50,008 [Thread-2329] INFO  impl.FollowerState (FollowerState.java:run(117)) - 0f392b92-c4ca-45f9-a050-92d339436648@group-05D2CA2222E1-FollowerState was interrupted: java.lang.InterruptedException: sleep interrupted
2019-10-07 06:27:50,011 [d5245370-27d9-4f55-843d-593ffd90a4f6@group-15A1C56AD56A-LeaderElection81] INFO  segmented.SegmentedRaftLogWorker (SegmentedRaftLogWorker.java:startLogSegment(385)) - d5245370-27d9-4f55-843d-593ffd90a4f6@group-15A1C56AD56A-SegmentedRaftLogWorker: Starting segment from index:0
2019-10-07 06:27:50,011 [d5245370-27d9-4f55-843d-593ffd90a4f6@group-15A1C56AD56A-LeaderElection81] INFO  impl.RaftServerImpl (ServerState.java:setRaftConf(356)) - d5245370-27d9-4f55-843d-593ffd90a4f6@group-15A1C56AD56A: set configuration 0: [d5245370-27d9-4f55-843d-593ffd90a4f6:192.168.30.3:42992], old=null at 0
2019-10-07 06:27:50,048 [f0af57f8-83df-4c64-9a7d-a985d135956b@group-05D2CA2222E1-LeaderElection82] INFO  impl.LeaderElection (LeaderElection.java:logAndReturn(56)) - f0af57f8-83df-4c64-9a7d-a985d135956b@group-05D2CA2222E1-LeaderElection82: Election PASSED; received 1 response(s) [f0af57f8-83df-4c64-9a7d-a985d135956b<-0f392b92-c4ca-45f9-a050-92d339436648#0:OK-t1] and 0 exception(s); f0af57f8-83df-4c64-9a7d-a985d135956b@group-05D2CA2222E1:t1, leader=null, voted=f0af57f8-83df-4c64-9a7d-a985d135956b, raftlog=f0af57f8-83df-4c64-9a7d-a985d135956b@group-05D2CA2222E1-SegmentedRaftLog:OPENED:c-1,f-1,i0, conf=-1: [f0af57f8-83df-4c64-9a7d-a985d135956b:192.168.30.3:45855, 0f392b92-c4ca-45f9-a050-92d339436648:192.168.30.3:40209, ccce0cf6-0bfa-4fde-a121-82131e222540:192.168.30.3:35237], old=null
2019-10-07 06:27:50,051 [f0af57f8-83df-4c64-9a7d-a985d135956b@group-05D2CA2222E1-LeaderElection82] INFO  impl.RoleInfo (RoleInfo.java:shutdownLeaderElection(134)) - f0af57f8-83df-4c64-9a7d-a985d135956b: shutdown LeaderElection
2019-10-07 06:27:50,051 [f0af57f8-83df-4c64-9a7d-a985d135956b@group-05D2CA2222E1-LeaderElection82] INFO  impl.RaftServerImpl (RaftServerImpl.java:setRole(170)) - f0af57f8-83df-4c64-9a7d-a985d135956b@group-05D2CA2222E1: changes role from CANDIDATE to LEADER at term 1 for changeToLeader
2019-10-07 06:27:50,051 [f0af57f8-83df-4c64-9a7d-a985d135956b@group-05D2CA2222E1-LeaderElection82] INFO  impl.RaftServerImpl (ServerState.java:setLeader(255)) - f0af57f8-83df-4c64-9a7d-a985d135956b@group-05D2CA2222E1: change Leader from null to f0af57f8-83df-4c64-9a7d-a985d135956b at term 1 for becomeLeader, leader elected after 5163ms
2019-10-07 06:27:50,051 [f0af57f8-83df-4c64-9a7d-a985d135956b@group-05D2CA2222E1-LeaderElection82] INFO  server.RaftServerConfigKeys (ConfUtils.java:logGet(43)) - raft.server.staging.catchup.gap = 1000 (default)
2019-10-07 06:27:50,052 [f0af57f8-83df-4c64-9a7d-a985d135956b@group-05D2CA2222E1-LeaderElection82] INFO  server.RaftServerConfigKeys (ConfUtils.java:logGet(43)) - raft.server.rpc.sleep.time = 25ms (default)
2019-10-07 06:27:50,052 [f0af57f8-83df-4c64-9a7d-a985d135956b@group-05D2CA2222E1-LeaderElection82] INFO  server.RaftServerConfigKeys (ConfUtils.java:logGet(43)) - raft.server.write.element-limit = 4096 (default)
2019-10-07 06:27:50,052 [f0af57f8-83df-4c64-9a7d-a985d135956b@group-05D2CA2222E1-LeaderElection82] INFO  server.RaftServerConfigKeys (ConfUtils.java:logGet(43)) - raft.server.watch.timeout = 10s (default)
2019-10-07 06:27:50,052 [f0af57f8-83df-4c64-9a7d-a985d135956b@group-05D2CA2222E1-LeaderElection82] INFO  server.RaftServerConfigKeys (ConfUtils.java:logGet(43)) - raft.server.watch.timeout.denomination = 1s (default)
2019-10-07 06:27:50,052 [f0af57f8-83df-4c64-9a7d-a985d135956b@group-05D2CA2222E1-LeaderElection82] INFO  server.RaftServerConfigKeys (ConfUtils.java:logGet(43)) - raft.server.watch.element-limit = 65536 (default)
2019-10-07 06:27:50,054 [f0af57f8-83df-4c64-9a7d-a985d135956b@group-05D2CA2222E1-LeaderElection82] INFO  server.RaftServerConfigKeys (ConfUtils.java:logGet(43)) - raft.server.log.appender.snapshot.chunk.size.max = 16MB (=16777216) (default)
2019-10-07 06:27:50,054 [f0af57f8-83df-4c64-9a7d-a985d135956b@group-05D2CA2222E1-LeaderElection82] INFO  server.RaftServerConfigKeys (ConfUtils.java:logGet(43)) - raft.server.log.appender.buffer.byte-limit = 33554432 (custom)
2019-10-07 06:27:50,055 [f0af57f8-83df-4c64-9a7d-a985d135956b@group-05D2CA2222E1-LeaderElection82] INFO  server.RaftServerConfigKeys (ConfUtils.java:logGet(43)) - raft.server.log.appender.buffer.element-limit = 1 (custom)
2019-10-07 06:27:50,055 [f0af57f8-83df-4c64-9a7d-a985d135956b@group-05D2CA2222E1-LeaderElection82] INFO  grpc.GrpcConfigKeys$Server (ConfUtils.java:logGet(43)) - raft.grpc.server.leader.outstanding.appends.max = 128 (default)
2019-10-07 06:27:50,055 [f0af57f8-83df-4c64-9a7d-a985d135956b@group-05D2CA2222E1-LeaderElection82] INFO  server.RaftServerConfigKeys (ConfUtils.java:logGet(43)) - raft.server.rpc.request.timeout = 3000ms (default)
2019-10-07 06:27:50,055 [f0af57f8-83df-4c64-9a7d-a985d135956b@group-05D2CA2222E1-LeaderElection82] INFO  server.RaftServerConfigKeys (ConfUtils.java:logGet(43)) - raft.server.log.appender.install.snapshot.enabled = false (custom)
2019-10-07 06:27:50,055 [f0af57f8-83df-4c64-9a7d-a985d135956b@group-05D2CA2222E1-LeaderElection82] INFO  server.RaftServerConfigKeys (ConfUtils.java:logGet(43)) - raft.server.log.appender.snapshot.chunk.size.max = 16MB (=16777216) (default)
2019-10-07 06:27:50,056 [f0af57f8-83df-4c64-9a7d-a985d135956b@group-05D2CA2222E1-LeaderElection82] INFO  server.RaftServerConfigKeys (ConfUtils.java:logGet(43)) - raft.server.log.appender.buffer.byte-limit = 33554432 (custom)
2019-10-07 06:27:50,056 [f0af57f8-83df-4c64-9a7d-a985d135956b@group-05D2CA2222E1-LeaderElection82] INFO  server.RaftServerConfigKeys (ConfUtils.java:logGet(43)) - raft.server.log.appender.buffer.element-limit = 1 (custom)
2019-10-07 06:27:50,056 [f0af57f8-83df-4c64-9a7d-a985d135956b@group-05D2CA2222E1-LeaderElection82] INFO  grpc.GrpcConfigKeys$Server (ConfUtils.java:logGet(43)) - raft.grpc.server.leader.outstanding.appends.max = 128 (default)
2019-10-07 06:27:50,056 [f0af57f8-83df-4c64-9a7d-a985d135956b@group-05D2CA2222E1-LeaderElection82] INFO  server.RaftServerConfigKeys (ConfUtils.java:logGet(43)) - raft.server.rpc.request.timeout = 3000ms (default)
2019-10-07 06:27:50,056 [f0af57f8-83df-4c64-9a7d-a985d135956b@group-05D2CA2222E1-LeaderElection82] INFO  server.RaftServerConfigKeys (ConfUtils.java:logGet(43)) - raft.server.log.appender.install.snapshot.enabled = false (custom)
2019-10-07 06:27:50,057 [f0af57f8-83df-4c64-9a7d-a985d135956b@group-05D2CA2222E1-LeaderElection82] INFO  impl.RoleInfo (RoleInfo.java:updateAndGet(143)) - f0af57f8-83df-4c64-9a7d-a985d135956b: start LeaderState
2019-10-07 06:27:50,057 [f0af57f8-83df-4c64-9a7d-a985d135956b@group-05D2CA2222E1-LeaderElection82] INFO  segmented.SegmentedRaftLogWorker (SegmentedRaftLogWorker.java:startLogSegment(385)) - f0af57f8-83df-4c64-9a7d-a985d135956b@group-05D2CA2222E1-SegmentedRaftLogWorker: Starting segment from index:0
2019-10-07 06:27:50,058 [f0af57f8-83df-4c64-9a7d-a985d135956b@group-05D2CA2222E1-LeaderElection82] INFO  impl.RaftServerImpl (ServerState.java:setRaftConf(356)) - f0af57f8-83df-4c64-9a7d-a985d135956b@group-05D2CA2222E1: set configuration 0: [f0af57f8-83df-4c64-9a7d-a985d135956b:192.168.30.3:45855, 0f392b92-c4ca-45f9-a050-92d339436648:192.168.30.3:40209, ccce0cf6-0bfa-4fde-a121-82131e222540:192.168.30.3:35237], old=null at 0
2019-10-07 06:27:50,089 [grpc-default-executor-6] INFO  impl.RaftServerImpl (ServerState.java:setLeader(255)) - 0f392b92-c4ca-45f9-a050-92d339436648@group-05D2CA2222E1: change Leader from null to f0af57f8-83df-4c64-9a7d-a985d135956b at term 1 for appendEntries, leader elected after 5201ms
2019-10-07 06:27:50,092 [d5245370-27d9-4f55-843d-593ffd90a4f6@group-15A1C56AD56A-SegmentedRaftLogWorker] INFO  segmented.SegmentedRaftLogWorker (SegmentedRaftLogWorker.java:execute(574)) - d5245370-27d9-4f55-843d-593ffd90a4f6@group-15A1C56AD56A-SegmentedRaftLogWorker: created new log segment /workdir/hadoop-ozone/integration-test/target/test-dir/MiniOzoneClusterImpl-edc4639a-9306-46b6-9240-db948b47afbc/datanode-6/data/ratis/9ed99c64-2edb-4835-8326-15a1c56ad56a/current/log_inprogress_0
2019-10-07 06:27:50,092 [grpc-default-executor-6] INFO  impl.RaftServerImpl (ServerState.java:setLeader(255)) - ccce0cf6-0bfa-4fde-a121-82131e222540@group-05D2CA2222E1: change Leader from null to f0af57f8-83df-4c64-9a7d-a985d135956b at term 1 for appendEntries, leader elected after 5204ms
2019-10-07 06:27:50,097 [grpc-default-executor-6] INFO  impl.RaftServerImpl (ServerState.java:setRaftConf(356)) - 0f392b92-c4ca-45f9-a050-92d339436648@group-05D2CA2222E1: set configuration 0: [f0af57f8-83df-4c64-9a7d-a985d135956b:192.168.30.3:45855, 0f392b92-c4ca-45f9-a050-92d339436648:192.168.30.3:40209, ccce0cf6-0bfa-4fde-a121-82131e222540:192.168.30.3:35237], old=null at 0
2019-10-07 06:27:50,097 [grpc-default-executor-0] INFO  impl.RaftServerImpl (ServerState.java:setRaftConf(356)) - ccce0cf6-0bfa-4fde-a121-82131e222540@group-05D2CA2222E1: set configuration 0: [f0af57f8-83df-4c64-9a7d-a985d135956b:192.168.30.3:45855, 0f392b92-c4ca-45f9-a050-92d339436648:192.168.30.3:40209, ccce0cf6-0bfa-4fde-a121-82131e222540:192.168.30.3:35237], old=null at 0
2019-10-07 06:27:50,097 [grpc-default-executor-6] INFO  segmented.SegmentedRaftLogWorker (SegmentedRaftLogWorker.java:startLogSegment(385)) - 0f392b92-c4ca-45f9-a050-92d339436648@group-05D2CA2222E1-SegmentedRaftLogWorker: Starting segment from index:0
2019-10-07 06:27:50,097 [grpc-default-executor-0] INFO  segmented.SegmentedRaftLogWorker (SegmentedRaftLogWorker.java:startLogSegment(385)) - ccce0cf6-0bfa-4fde-a121-82131e222540@group-05D2CA2222E1-SegmentedRaftLogWorker: Starting segment from index:0
2019-10-07 06:27:50,105 [f0af57f8-83df-4c64-9a7d-a985d135956b@group-05D2CA2222E1-SegmentedRaftLogWorker] INFO  segmented.SegmentedRaftLogWorker (SegmentedRaftLogWorker.java:execute(574)) - f0af57f8-83df-4c64-9a7d-a985d135956b@group-05D2CA2222E1-SegmentedRaftLogWorker: created new log segment /workdir/hadoop-ozone/integration-test/target/test-dir/MiniOzoneClusterImpl-edc4639a-9306-46b6-9240-db948b47afbc/datanode-4/data/ratis/746dda9b-3d38-429c-bbeb-05d2ca2222e1/current/log_inprogress_0
2019-10-07 06:27:50,152 [ccce0cf6-0bfa-4fde-a121-82131e222540@group-05D2CA2222E1-SegmentedRaftLogWorker] INFO  segmented.SegmentedRaftLogWorker (SegmentedRaftLogWorker.java:execute(574)) - ccce0cf6-0bfa-4fde-a121-82131e222540@group-05D2CA2222E1-SegmentedRaftLogWorker: created new log segment /workdir/hadoop-ozone/integration-test/target/test-dir/MiniOzoneClusterImpl-edc4639a-9306-46b6-9240-db948b47afbc/datanode-5/data/ratis/746dda9b-3d38-429c-bbeb-05d2ca2222e1/current/log_inprogress_0
2019-10-07 06:27:50,152 [0f392b92-c4ca-45f9-a050-92d339436648@group-05D2CA2222E1-SegmentedRaftLogWorker] INFO  segmented.SegmentedRaftLogWorker (SegmentedRaftLogWorker.java:execute(574)) - 0f392b92-c4ca-45f9-a050-92d339436648@group-05D2CA2222E1-SegmentedRaftLogWorker: created new log segment /workdir/hadoop-ozone/integration-test/target/test-dir/MiniOzoneClusterImpl-edc4639a-9306-46b6-9240-db948b47afbc/datanode-3/data/ratis/746dda9b-3d38-429c-bbeb-05d2ca2222e1/current/log_inprogress_0
2019-10-07 06:27:51,139 [Datanode State Machine Thread - 0] INFO  statemachine.DatanodeStateMachine (DatanodeStateMachine.java:lambda$startDaemon$0(350)) - Ozone container server started.
2019-10-07 06:27:55,164 [main] INFO  ozoneimpl.OzoneContainer (OzoneContainer.java:stop(231)) - Attempting to stop container services.
2019-10-07 06:27:55,166 [main] INFO  impl.RaftServerProxy (RaftServerProxy.java:lambda$close$4(314)) - 63d673df-f08d-46d2-a119-e547cb49433b: close
2019-10-07 06:27:55,167 [main] INFO  impl.RaftServerImpl (RaftServerImpl.java:lambda$shutdown$3(247)) - 63d673df-f08d-46d2-a119-e547cb49433b@group-6F2F4414727A: shutdown
2019-10-07 06:27:55,167 [ForkJoinPool.commonPool-worker-0] INFO  impl.RaftServerImpl (RaftServerImpl.java:lambda$shutdown$3(247)) - 63d673df-f08d-46d2-a119-e547cb49433b@group-1DAB53515AA5: shutdown
2019-10-07 06:27:55,167 [main] INFO  util.JmxRegister (JmxRegister.java:unregister(73)) - Successfully un-registered JMX Bean with object name Ratis:service=RaftServer,group=group-6F2F4414727A,id=63d673df-f08d-46d2-a119-e547cb49433b
2019-10-07 06:27:55,167 [ForkJoinPool.commonPool-worker-0] INFO  util.JmxRegister (JmxRegister.java:unregister(73)) - Successfully un-registered JMX Bean with object name Ratis:service=RaftServer,group=group-1DAB53515AA5,id=63d673df-f08d-46d2-a119-e547cb49433b
2019-10-07 06:27:55,168 [main] INFO  impl.RoleInfo (RoleInfo.java:shutdownLeaderState(104)) - 63d673df-f08d-46d2-a119-e547cb49433b: shutdown LeaderState
2019-10-07 06:27:55,168 [ForkJoinPool.commonPool-worker-0] INFO  impl.RoleInfo (RoleInfo.java:shutdownFollowerState(121)) - 63d673df-f08d-46d2-a119-e547cb49433b: shutdown FollowerState
2019-10-07 06:27:55,168 [main] INFO  impl.PendingRequests (PendingRequests.java:sendNotLeaderResponses(202)) - 63d673df-f08d-46d2-a119-e547cb49433b@group-6F2F4414727A-PendingRequests: sendNotLeaderResponses
2019-10-07 06:27:55,169 [63d673df-f08d-46d2-a119-e547cb49433b@group-1DAB53515AA5-StateMachineUpdater] INFO  ratis.ContainerStateMachine (ContainerStateMachine.java:takeSnapshot(294)) - group-1DAB53515AA5: Taking a snapshot at:(t:1, i:1) file /workdir/hadoop-ozone/integration-test/target/test-dir/MiniOzoneClusterImpl-edc4639a-9306-46b6-9240-db948b47afbc/datanode-0/data/ratis/5637800c-91e4-442f-84a1-1dab53515aa5/sm/snapshot.1_1
2019-10-07 06:27:55,169 [Thread-2357] INFO  impl.FollowerState (FollowerState.java:run(117)) - 63d673df-f08d-46d2-a119-e547cb49433b@group-1DAB53515AA5-FollowerState was interrupted: java.lang.InterruptedException: sleep interrupted
2019-10-07 06:27:55,168 [ForkJoinPool.commonPool-worker-0] INFO  impl.StateMachineUpdater (StateMachineUpdater.java:stopAndJoin(136)) - 63d673df-f08d-46d2-a119-e547cb49433b@group-1DAB53515AA5-StateMachineUpdater: set stopIndex = 2
2019-10-07 06:27:55,177 [main] INFO  impl.StateMachineUpdater (StateMachineUpdater.java:stopAndJoin(136)) - 63d673df-f08d-46d2-a119-e547cb49433b@group-6F2F4414727A-StateMachineUpdater: set stopIndex = 0
2019-10-07 06:27:55,178 [main] INFO  impl.RaftServerImpl (ServerState.java:close(387)) - 63d673df-f08d-46d2-a119-e547cb49433b@group-6F2F4414727A: closes. applyIndex: 0
2019-10-07 06:27:55,179 [63d673df-f08d-46d2-a119-e547cb49433b@group-6F2F4414727A-SegmentedRaftLogWorker] INFO  segmented.SegmentedRaftLogWorker (SegmentedRaftLogWorker.java:run(316)) - 63d673df-f08d-46d2-a119-e547cb49433b@group-6F2F4414727A-SegmentedRaftLogWorker was interrupted, exiting. There are 0 tasks remaining in the queue.
2019-10-07 06:27:55,182 [main] INFO  segmented.SegmentedRaftLogWorker (SegmentedRaftLogWorker.java:close(224)) - 63d673df-f08d-46d2-a119-e547cb49433b@group-6F2F4414727A-SegmentedRaftLogWorker close()
2019-10-07 06:27:55,185 [63d673df-f08d-46d2-a119-e547cb49433b@group-1DAB53515AA5-StateMachineUpdater] INFO  ratis.ContainerStateMachine (ContainerStateMachine.java:takeSnapshot(305)) - group-1DAB53515AA5: Finished taking a snapshot at:(t:1, i:1) file:/workdir/hadoop-ozone/integration-test/target/test-dir/MiniOzoneClusterImpl-edc4639a-9306-46b6-9240-db948b47afbc/datanode-0/data/ratis/5637800c-91e4-442f-84a1-1dab53515aa5/sm/snapshot.1_1 time:16
2019-10-07 06:27:55,188 [63d673df-f08d-46d2-a119-e547cb49433b@group-1DAB53515AA5-StateMachineUpdater] INFO  impl.StateMachineUpdater (StateMachineUpdater.java:takeSnapshot(269)) - 63d673df-f08d-46d2-a119-e547cb49433b@group-1DAB53515AA5-StateMachineUpdater: Took a snapshot at index 1
2019-10-07 06:27:55,188 [63d673df-f08d-46d2-a119-e547cb49433b@group-1DAB53515AA5-StateMachineUpdater] INFO  impl.StateMachineUpdater (StateMachineUpdater.java:lambda$new$0(84)) - 63d673df-f08d-46d2-a119-e547cb49433b@group-1DAB53515AA5-StateMachineUpdater: snapshotIndex: updateIncreasingly -1 -> 1
2019-10-07 06:27:55,188 [63d673df-f08d-46d2-a119-e547cb49433b@group-1DAB53515AA5-StateMachineUpdater] INFO  ratis.ContainerStateMachine (ContainerStateMachine.java:takeSnapshot(294)) - group-1DAB53515AA5: Taking a snapshot at:(t:1, i:1) file /workdir/hadoop-ozone/integration-test/target/test-dir/MiniOzoneClusterImpl-edc4639a-9306-46b6-9240-db948b47afbc/datanode-0/data/ratis/5637800c-91e4-442f-84a1-1dab53515aa5/sm/snapshot.1_1
2019-10-07 06:27:55,200 [63d673df-f08d-46d2-a119-e547cb49433b@group-1DAB53515AA5-StateMachineUpdater] INFO  ratis.ContainerStateMachine (ContainerStateMachine.java:takeSnapshot(305)) - group-1DAB53515AA5: Finished taking a snapshot at:(t:1, i:1) file:/workdir/hadoop-ozone/integration-test/target/test-dir/MiniOzoneClusterImpl-edc4639a-9306-46b6-9240-db948b47afbc/datanode-0/data/ratis/5637800c-91e4-442f-84a1-1dab53515aa5/sm/snapshot.1_1 time:12
2019-10-07 06:27:55,200 [63d673df-f08d-46d2-a119-e547cb49433b@group-1DAB53515AA5-StateMachineUpdater] INFO  impl.StateMachineUpdater (StateMachineUpdater.java:takeSnapshot(269)) - 63d673df-f08d-46d2-a119-e547cb49433b@group-1DAB53515AA5-StateMachineUpdater: Took a snapshot at index 1
2019-10-07 06:27:55,200 [63d673df-f08d-46d2-a119-e547cb49433b@group-1DAB53515AA5-StateMachineUpdater] INFO  impl.StateMachineUpdater (StateMachineUpdater.java:lambda$new$0(84)) - 63d673df-f08d-46d2-a119-e547cb49433b@group-1DAB53515AA5-StateMachineUpdater: snapshotIndex: updateIncreasingly 1 -> 1
2019-10-07 06:27:55,201 [ForkJoinPool.commonPool-worker-0] INFO  impl.RaftServerImpl (ServerState.java:close(387)) - 63d673df-f08d-46d2-a119-e547cb49433b@group-1DAB53515AA5: closes. applyIndex: 2
2019-10-07 06:27:55,201 [63d673df-f08d-46d2-a119-e547cb49433b@group-1DAB53515AA5-SegmentedRaftLogWorker] INFO  segmented.SegmentedRaftLogWorker (SegmentedRaftLogWorker.java:run(316)) - 63d673df-f08d-46d2-a119-e547cb49433b@group-1DAB53515AA5-SegmentedRaftLogWorker was interrupted, exiting. There are 0 tasks remaining in the queue.
2019-10-07 06:27:55,204 [ForkJoinPool.commonPool-worker-0] INFO  segmented.SegmentedRaftLogWorker (SegmentedRaftLogWorker.java:close(224)) - 63d673df-f08d-46d2-a119-e547cb49433b@group-1DAB53515AA5-SegmentedRaftLogWorker close()
2019-10-07 06:27:55,208 [main] INFO  server.GrpcService (GrpcService.java:closeImpl(164)) - 63d673df-f08d-46d2-a119-e547cb49433b: shutdown server with port 46593 now
2019-10-07 06:27:55,212 [grpc-default-executor-0] WARN  server.GrpcServerProtocolService (LogUtils.java:warn(134)) - 63d673df-f08d-46d2-a119-e547cb49433b: installSnapshot onError, lastRequest: d594e33e-0c83-4fff-84be-cf0eedfeb723->63d673df-f08d-46d2-a119-e547cb49433b#5-t1, previous=(t:1, i:2), leaderCommit=2, initializing? false, entries: <empty>: org.apache.ratis.thirdparty.io.grpc.StatusRuntimeException: CANCELLED: cancelled before receiving half close
2019-10-07 06:27:55,212 [main] INFO  server.GrpcService (GrpcService.java:closeImpl(172)) - 63d673df-f08d-46d2-a119-e547cb49433b: shutdown server with port 46593 successfully
2019-10-07 06:27:55,213 [grpc-default-executor-4] WARN  server.GrpcLogAppender (LogUtils.java:warn(134)) - d594e33e-0c83-4fff-84be-cf0eedfeb723@group-1DAB53515AA5->63d673df-f08d-46d2-a119-e547cb49433b-AppendLogResponseHandler: Failed appendEntries: org.apache.ratis.thirdparty.io.grpc.StatusRuntimeException: CANCELLED: HTTP/2 error code: CANCEL
Received Rst Stream
2019-10-07 06:27:55,214 [grpc-default-executor-4] INFO  impl.FollowerInfo (FollowerInfo.java:lambda$new$0(51)) - d594e33e-0c83-4fff-84be-cf0eedfeb723@group-1DAB53515AA5->63d673df-f08d-46d2-a119-e547cb49433b: nextIndex: updateUnconditionally 3 -> 2
2019-10-07 06:27:55,218 [refreshUsed-/workdir/hadoop-ozone/integration-test/target/test-dir/MiniOzoneClusterImpl-edc4639a-9306-46b6-9240-db948b47afbc/datanode-0/data/containers] WARN  fs.CachingGetSpaceUsed (CachingGetSpaceUsed.java:run(183)) - Thread Interrupted waiting to refresh disk information: sleep interrupted
2019-10-07 06:27:55,231 [main] INFO  utils.BackgroundService (BackgroundService.java:shutdown(148)) - Shutting down service BlockDeletingService
2019-10-07 06:27:55,237 [main] INFO  statemachine.DatanodeStateMachine (DatanodeStateMachine.java:stopDaemon(395)) - Ozone container server stopped.
2019-10-07 06:27:55,239 [main] INFO  handler.ContextHandler (ContextHandler.java:doStop(910)) - Stopped o.e.j.w.WebAppContext@492be039{/,null,UNAVAILABLE}{/hddsDatanode}
2019-10-07 06:27:55,239 [main] INFO  server.AbstractConnector (AbstractConnector.java:doStop(318)) - Stopped ServerConnector@1cd2143b{HTTP/1.1,[http/1.1]}{0.0.0.0:0}
2019-10-07 06:27:55,240 [main] INFO  handler.ContextHandler (ContextHandler.java:doStop(910)) - Stopped o.e.j.s.ServletContextHandler@51ba952e{/static,jar:file:/home/user/.m2/repository/org/apache/hadoop/hadoop-hdds-container-service/0.5.0-SNAPSHOT/hadoop-hdds-container-service-0.5.0-SNAPSHOT.jar!/webapps/static,UNAVAILABLE}
2019-10-07 06:27:55,240 [main] INFO  handler.ContextHandler (ContextHandler.java:doStop(910)) - Stopped o.e.j.s.ServletContextHandler@191a0351{/logs,file:///workdir/hadoop-ozone/integration-test/target/log,UNAVAILABLE}
2019-10-07 06:27:55,248 [grpc-default-executor-0] WARN  server.GrpcLogAppender (LogUtils.java:warn(134)) - d594e33e-0c83-4fff-84be-cf0eedfeb723@group-1DAB53515AA5->63d673df-f08d-46d2-a119-e547cb49433b-AppendLogResponseHandler: Failed appendEntries: org.apache.ratis.thirdparty.io.grpc.StatusRuntimeException: UNAVAILABLE: io exception
2019-10-07 06:27:55,249 [grpc-default-executor-0] INFO  impl.FollowerInfo (FollowerInfo.java:lambda$new$0(51)) - d594e33e-0c83-4fff-84be-cf0eedfeb723@group-1DAB53515AA5->63d673df-f08d-46d2-a119-e547cb49433b: nextIndex: updateUnconditionally 3 -> 2
2019-10-07 06:27:55,261 [grpc-default-executor-0] WARN  server.GrpcLogAppender (LogUtils.java:warn(134)) - d594e33e-0c83-4fff-84be-cf0eedfeb723@group-1DAB53515AA5->63d673df-f08d-46d2-a119-e547cb49433b-AppendLogResponseHandler: Failed appendEntries: org.apache.ratis.thirdparty.io.grpc.StatusRuntimeException: UNAVAILABLE: io exception
2019-10-07 06:27:55,261 [grpc-default-executor-0] INFO  impl.FollowerInfo (FollowerInfo.java:lambda$new$0(51)) - d594e33e-0c83-4fff-84be-cf0eedfeb723@group-1DAB53515AA5->63d673df-f08d-46d2-a119-e547cb49433b: nextIndex: updateUnconditionally 3 -> 2
2019-10-07 06:27:55,273 [grpc-default-executor-0] WARN  server.GrpcLogAppender (LogUtils.java:warn(134)) - d594e33e-0c83-4fff-84be-cf0eedfeb723@group-1DAB53515AA5->63d673df-f08d-46d2-a119-e547cb49433b-AppendLogResponseHandler: Failed appendEntries: org.apache.ratis.thirdparty.io.grpc.StatusRuntimeException: UNAVAILABLE: io exception
2019-10-07 06:27:55,274 [grpc-default-executor-0] INFO  impl.FollowerInfo (FollowerInfo.java:lambda$new$0(51)) - d594e33e-0c83-4fff-84be-cf0eedfeb723@group-1DAB53515AA5->63d673df-f08d-46d2-a119-e547cb49433b: nextIndex: updateUnconditionally 3 -> 2
2019-10-07 06:27:55,274 [EventQueue-IncrementalContainerReportForIncrementalContainerReportHandler] WARN  container.IncrementalContainerReportHandler (AbstractContainerReportHandler.java:updateContainerState(143)) - Container #1 is in OPEN state, but the datanode d594e33e-0c83-4fff-84be-cf0eedfeb723{ip: 192.168.30.3, host: trunk-nightly-20191007-kbwpl-4130163227, networkLocation: /default-rack, certSerialId: null} reports an CLOSING replica.
2019-10-07 06:27:55,287 [EventQueue-IncrementalContainerReportForIncrementalContainerReportHandler] WARN  container.IncrementalContainerReportHandler (AbstractContainerReportHandler.java:updateContainerState(143)) - Container #1 is in OPEN state, but the datanode 0ac1db07-9d44-4c65-9b95-e9033929b1b5{ip: 192.168.30.3, host: trunk-nightly-20191007-kbwpl-4130163227, networkLocation: /default-rack, certSerialId: null} reports an CLOSING replica.
2019-10-07 06:27:55,317 [RatisApplyTransactionExecutor 1] INFO  interfaces.Container (KeyValueContainer.java:flushAndSyncDB(386)) - Container 1 is synced with bcsId 0.
2019-10-07 06:27:55,344 [RatisApplyTransactionExecutor 1] INFO  interfaces.Container (KeyValueContainer.java:flushAndSyncDB(386)) - Container 1 is synced with bcsId 0.
2019-10-07 06:27:55,349 [RatisApplyTransactionExecutor 1] INFO  interfaces.Container (KeyValueContainer.java:flushAndSyncDB(386)) - Container 1 is synced with bcsId 0.
2019-10-07 06:27:55,349 [RatisApplyTransactionExecutor 1] INFO  interfaces.Container (KeyValueContainer.java:flushAndSyncDB(386)) - Container 1 is synced with bcsId 0.
2019-10-07 06:27:55,351 [RatisApplyTransactionExecutor 1] INFO  interfaces.Container (KeyValueContainer.java:close(335)) - Container 1 is closed with bcsId 0.
2019-10-07 06:27:55,361 [RatisApplyTransactionExecutor 1] INFO  interfaces.Container (KeyValueContainer.java:close(335)) - Container 1 is closed with bcsId 0.
2019-10-07 06:27:55,364 [EventQueue-IncrementalContainerReportForIncrementalContainerReportHandler] WARN  container.IncrementalContainerReportHandler (AbstractContainerReportHandler.java:updateContainerState(143)) - Container #1 is in OPEN state, but the datanode d594e33e-0c83-4fff-84be-cf0eedfeb723{ip: 192.168.30.3, host: trunk-nightly-20191007-kbwpl-4130163227, networkLocation: /default-rack, certSerialId: null} reports an CLOSED replica.
2019-10-07 06:27:55,364 [EventQueue-IncrementalContainerReportForIncrementalContainerReportHandler] WARN  container.IncrementalContainerReportHandler (AbstractContainerReportHandler.java:updateContainerState(143)) - Container #1 is in OPEN state, but the datanode 0ac1db07-9d44-4c65-9b95-e9033929b1b5{ip: 192.168.30.3, host: trunk-nightly-20191007-kbwpl-4130163227, networkLocation: /default-rack, certSerialId: null} reports an CLOSED replica.
2019-10-07 06:27:57,774 [grpc-default-executor-6] WARN  server.GrpcLogAppender (LogUtils.java:warn(134)) - d594e33e-0c83-4fff-84be-cf0eedfeb723@group-1DAB53515AA5->63d673df-f08d-46d2-a119-e547cb49433b-AppendLogResponseHandler: Failed appendEntries: org.apache.ratis.thirdparty.io.grpc.StatusRuntimeException: UNAVAILABLE: io exception
2019-10-07 06:27:57,775 [grpc-default-executor-6] INFO  impl.FollowerInfo (FollowerInfo.java:lambda$new$0(51)) - d594e33e-0c83-4fff-84be-cf0eedfeb723@group-1DAB53515AA5->63d673df-f08d-46d2-a119-e547cb49433b: nextIndex: updateUnconditionally 2 -> 1
2019-10-07 06:27:58,377 [main] WARN  scm.XceiverClientRatis (XceiverClientRatis.java:watchForCommit(269)) - 3 way commit failed on pipeline Pipeline[ Id: 5637800c-91e4-442f-84a1-1dab53515aa5, Nodes: 63d673df-f08d-46d2-a119-e547cb49433b{ip: 192.168.30.3, host: trunk-nightly-20191007-kbwpl-4130163227, networkLocation: /default-rack, certSerialId: null}d594e33e-0c83-4fff-84be-cf0eedfeb723{ip: 192.168.30.3, host: trunk-nightly-20191007-kbwpl-4130163227, networkLocation: /default-rack, certSerialId: null}0ac1db07-9d44-4c65-9b95-e9033929b1b5{ip: 192.168.30.3, host: trunk-nightly-20191007-kbwpl-4130163227, networkLocation: /default-rack, certSerialId: null}, Type:RATIS, Factor:THREE, State:OPEN]
java.util.concurrent.TimeoutException
	at java.util.concurrent.CompletableFuture.timedGet(CompletableFuture.java:1771)
	at java.util.concurrent.CompletableFuture.get(CompletableFuture.java:1915)
	at org.apache.hadoop.hdds.scm.XceiverClientRatis.watchForCommit(XceiverClientRatis.java:266)
	at org.apache.hadoop.ozone.client.rpc.TestWatchForCommit.test2WayCommitForTimeoutException(TestWatchForCommit.java:391)
	at sun.reflect.NativeMethodAccessorImpl.invoke0(Native Method)
	at sun.reflect.NativeMethodAccessorImpl.invoke(NativeMethodAccessorImpl.java:62)
	at sun.reflect.DelegatingMethodAccessorImpl.invoke(DelegatingMethodAccessorImpl.java:43)
	at java.lang.reflect.Method.invoke(Method.java:498)
	at org.junit.runners.model.FrameworkMethod$1.runReflectiveCall(FrameworkMethod.java:47)
	at org.junit.internal.runners.model.ReflectiveCallable.run(ReflectiveCallable.java:12)
	at org.junit.runners.model.FrameworkMethod.invokeExplosively(FrameworkMethod.java:44)
	at org.junit.internal.runners.statements.InvokeMethod.evaluate(InvokeMethod.java:17)
	at org.junit.runners.ParentRunner.runLeaf(ParentRunner.java:271)
	at org.junit.runners.BlockJUnit4ClassRunner.runChild(BlockJUnit4ClassRunner.java:70)
	at org.junit.runners.BlockJUnit4ClassRunner.runChild(BlockJUnit4ClassRunner.java:50)
	at org.junit.runners.ParentRunner$3.run(ParentRunner.java:238)
	at org.junit.runners.ParentRunner$1.schedule(ParentRunner.java:63)
	at org.junit.runners.ParentRunner.runChildren(ParentRunner.java:236)
	at org.junit.runners.ParentRunner.access$000(ParentRunner.java:53)
	at org.junit.runners.ParentRunner$2.evaluate(ParentRunner.java:229)
	at org.junit.runners.ParentRunner.run(ParentRunner.java:309)
	at org.apache.maven.surefire.junit4.JUnit4Provider.execute(JUnit4Provider.java:365)
	at org.apache.maven.surefire.junit4.JUnit4Provider.executeWithRerun(JUnit4Provider.java:273)
	at org.apache.maven.surefire.junit4.JUnit4Provider.executeTestSet(JUnit4Provider.java:238)
	at org.apache.maven.surefire.junit4.JUnit4Provider.invoke(JUnit4Provider.java:159)
	at org.apache.maven.surefire.booter.ForkedBooter.invokeProviderInSameClassLoader(ForkedBooter.java:384)
	at org.apache.maven.surefire.booter.ForkedBooter.runSuitesInProcess(ForkedBooter.java:345)
	at org.apache.maven.surefire.booter.ForkedBooter.execute(ForkedBooter.java:126)
	at org.apache.maven.surefire.booter.ForkedBooter.main(ForkedBooter.java:418)
2019-10-07 06:28:00,280 [grpc-default-executor-6] WARN  server.GrpcLogAppender (LogUtils.java:warn(134)) - d594e33e-0c83-4fff-84be-cf0eedfeb723@group-1DAB53515AA5->63d673df-f08d-46d2-a119-e547cb49433b-AppendLogResponseHandler: Failed appendEntries: org.apache.ratis.thirdparty.io.grpc.StatusRuntimeException: UNAVAILABLE: io exception
2019-10-07 06:28:00,285 [grpc-default-executor-6] INFO  impl.FollowerInfo (FollowerInfo.java:lambda$new$0(51)) - d594e33e-0c83-4fff-84be-cf0eedfeb723@group-1DAB53515AA5->63d673df-f08d-46d2-a119-e547cb49433b: nextIndex: updateUnconditionally 1 -> 0
]]></system-out>
    <system-err><![CDATA[Oct 07, 2019 6:27:55 AM org.apache.ratis.thirdparty.io.grpc.internal.SerializingExecutor run
SEVERE: Exception while executing runnable org.apache.ratis.thirdparty.io.grpc.internal.ServerImpl$JumpToApplicationThreadServerStreamListener$1Closed@1e3b3790
org.apache.ratis.thirdparty.io.grpc.StatusRuntimeException: CANCELLED: call already cancelled
	at org.apache.ratis.thirdparty.io.grpc.Status.asRuntimeException(Status.java:517)
	at org.apache.ratis.thirdparty.io.grpc.stub.ServerCalls$ServerCallStreamObserverImpl.onCompleted(ServerCalls.java:356)
	at org.apache.ratis.grpc.server.GrpcServerProtocolService$ServerRequestStreamObserver.onError(GrpcServerProtocolService.java:121)
	at org.apache.ratis.thirdparty.io.grpc.stub.ServerCalls$StreamingServerCallHandler$StreamingServerCallListener.onCancel(ServerCalls.java:269)
	at org.apache.ratis.thirdparty.io.grpc.internal.ServerCallImpl$ServerStreamListenerImpl.closed(ServerCallImpl.java:293)
	at org.apache.ratis.thirdparty.io.grpc.internal.ServerImpl$JumpToApplicationThreadServerStreamListener$1Closed.runInContext(ServerImpl.java:741)
	at org.apache.ratis.thirdparty.io.grpc.internal.ContextRunnable.run(ContextRunnable.java:37)
	at org.apache.ratis.thirdparty.io.grpc.internal.SerializingExecutor.run(SerializingExecutor.java:123)
	at java.util.concurrent.ThreadPoolExecutor.runWorker(ThreadPoolExecutor.java:1149)
	at java.util.concurrent.ThreadPoolExecutor$Worker.run(ThreadPoolExecutor.java:624)
	at java.lang.Thread.run(Thread.java:748)

]]></system-err>
  </testcase>
</testsuite>