<?xml version="1.0" encoding="UTF-8"?>
<testsuite xmlns:xsi="http://www.w3.org/2001/XMLSchema-instance" xsi:noNamespaceSchemaLocation="https://maven.apache.org/surefire/maven-surefire-plugin/xsd/surefire-test-report.xsd" name="org.apache.hadoop.ozone.client.rpc.TestBlockOutputStreamWithFailures" time="671.398" tests="8" errors="0" skipped="0" failures="1">
  <properties>
    <property name="awt.toolkit" value="sun.awt.X11.XToolkit"/>
    <property name="file.encoding.pkg" value="sun.io"/>
    <property name="java.specification.version" value="1.8"/>
    <property name="sun.cpu.isalist" value=""/>
    <property name="sun.jnu.encoding" value="UTF-8"/>
    <property name="java.class.path" value="/workdir/hadoop-ozone/integration-test/target/test-classes:/workdir/hadoop-ozone/integration-test/target/classes:/home/user/.m2/repository/org/apache/hadoop/hadoop-ozone-common/0.5.0-SNAPSHOT/hadoop-ozone-common-0.5.0-SNAPSHOT.jar:/home/user/.m2/repository/org/apache/commons/commons-compress/1.4.1/commons-compress-1.4.1.jar:/home/user/.m2/repository/org/tukaani/xz/1.0/xz-1.0.jar:/home/user/.m2/repository/org/apache/hadoop/hadoop-common/3.2.0/hadoop-common-3.2.0.jar:/home/user/.m2/repository/org/apache/hadoop/hadoop-hdfs/3.2.0/hadoop-hdfs-3.2.0.jar:/home/user/.m2/repository/org/apache/hadoop/hadoop-hdfs-client/3.2.0/hadoop-hdfs-client-3.2.0.jar:/home/user/.m2/repository/com/fasterxml/jackson/core/jackson-annotations/2.9.9/jackson-annotations-2.9.9.jar:/home/user/.m2/repository/org/apache/hadoop/hadoop-hdds-common/0.5.0-SNAPSHOT/hadoop-hdds-common-0.5.0-SNAPSHOT.jar:/home/user/.m2/repository/javax/annotation/javax.annotation-api/1.2/javax.annotation-api-1.2.jar:/home/user/.m2/repository/org/apache/ratis/ratis-server/0.4.0/ratis-server-0.4.0.jar:/home/user/.m2/repository/org/apache/ratis/ratis-thirdparty-misc/0.2.0/ratis-thirdparty-misc-0.2.0.jar:/home/user/.m2/repository/org/apache/ratis/ratis-proto/0.4.0/ratis-proto-0.4.0.jar:/home/user/.m2/repository/org/apache/ratis/ratis-common/0.4.0/ratis-common-0.4.0.jar:/home/user/.m2/repository/org/apache/ratis/ratis-client/0.4.0/ratis-client-0.4.0.jar:/home/user/.m2/repository/org/apache/ratis/ratis-metrics/0.4.0/ratis-metrics-0.4.0.jar:/home/user/.m2/repository/com/github/joshelser/dropwizard-metrics-hadoop-metrics2-reporter/0.1.2/dropwizard-metrics-hadoop-metrics2-reporter-0.1.2.jar:/home/user/.m2/repository/io/dropwizard/metrics/metrics-jvm/3.2.5/metrics-jvm-3.2.5.jar:/home/user/.m2/repository/io/dropwizard/metrics/metrics-ganglia/3.2.5/metrics-ganglia-3.2.5.jar:/home/user/.m2/repository/info/ganglia/gmetric4j/gmetric4j/1.0.7/gmetric4j-1.0.7.jar:/home/user/.m2/repository/org/apache/ratis/ratis-netty/0.4.0/ratis-netty-0.4.0.jar:/home/user/.m2/repository/org/apache/ratis/ratis-grpc/0.4.0/ratis-grpc-0.4.0.jar:/home/user/.m2/repository/org/rocksdb/rocksdbjni/6.0.1/rocksdbjni-6.0.1.jar:/home/user/.m2/repository/org/apache/logging/log4j/log4j-api/2.11.0/log4j-api-2.11.0.jar:/home/user/.m2/repository/org/apache/logging/log4j/log4j-core/2.11.0/log4j-core-2.11.0.jar:/home/user/.m2/repository/com/lmax/disruptor/3.4.2/disruptor-3.4.2.jar:/home/user/.m2/repository/org/apache/commons/commons-pool2/2.6.0/commons-pool2-2.6.0.jar:/home/user/.m2/repository/org/bouncycastle/bcpkix-jdk15on/1.60/bcpkix-jdk15on-1.60.jar:/home/user/.m2/repository/commons-validator/commons-validator/1.6/commons-validator-1.6.jar:/home/user/.m2/repository/commons-digester/commons-digester/1.8.1/commons-digester-1.8.1.jar:/home/user/.m2/repository/io/jaegertracing/jaeger-client/0.34.0/jaeger-client-0.34.0.jar:/home/user/.m2/repository/io/jaegertracing/jaeger-thrift/0.34.0/jaeger-thrift-0.34.0.jar:/home/user/.m2/repository/org/apache/thrift/libthrift/0.12.0/libthrift-0.12.0.jar:/home/user/.m2/repository/com/squareup/okhttp3/okhttp/3.9.0/okhttp-3.9.0.jar:/home/user/.m2/repository/com/squareup/okio/okio/1.13.0/okio-1.13.0.jar:/home/user/.m2/repository/io/jaegertracing/jaeger-core/0.34.0/jaeger-core-0.34.0.jar:/home/user/.m2/repository/io/jaegertracing/jaeger-tracerresolver/0.34.0/jaeger-tracerresolver-0.34.0.jar:/home/user/.m2/repository/io/opentracing/contrib/opentracing-tracerresolver/0.1.5/opentracing-tracerresolver-0.1.5.jar:/home/user/.m2/repository/io/opentracing/opentracing-util/0.31.0/opentracing-util-0.31.0.jar:/home/user/.m2/repository/io/opentracing/opentracing-api/0.31.0/opentracing-api-0.31.0.jar:/home/user/.m2/repository/io/opentracing/opentracing-noop/0.31.0/opentracing-noop-0.31.0.jar:/home/user/.m2/repository/org/apache/hadoop/hadoop-hdds-server-framework/0.5.0-SNAPSHOT/hadoop-hdds-server-framework-0.5.0-SNAPSHOT.jar:/home/user/.m2/repository/org/apache/hadoop/hadoop-hdds-container-service/0.5.0-SNAPSHOT/hadoop-hdds-container-service-0.5.0-SNAPSHOT.jar:/home/user/.m2/repository/org/apache/hadoop/hadoop-hdds-client/0.5.0-SNAPSHOT/hadoop-hdds-client-0.5.0-SNAPSHOT.jar:/home/user/.m2/repository/org/apache/hadoop/hadoop-hdds-tools/0.5.0-SNAPSHOT/hadoop-hdds-tools-0.5.0-SNAPSHOT.jar:/home/user/.m2/repository/org/apache/hadoop/hadoop-hdds-server-scm/0.5.0-SNAPSHOT/hadoop-hdds-server-scm-0.5.0-SNAPSHOT.jar:/home/user/.m2/repository/org/apache/hadoop/hadoop-hdds-docs/0.5.0-SNAPSHOT/hadoop-hdds-docs-0.5.0-SNAPSHOT.jar:/home/user/.m2/repository/io/dropwizard/metrics/metrics-core/3.2.4/metrics-core-3.2.4.jar:/home/user/.m2/repository/org/hamcrest/hamcrest-all/1.3/hamcrest-all-1.3.jar:/home/user/.m2/repository/org/bouncycastle/bcprov-jdk15on/1.60/bcprov-jdk15on-1.60.jar:/home/user/.m2/repository/info/picocli/picocli/3.9.6/picocli-3.9.6.jar:/home/user/.m2/repository/com/google/protobuf/protobuf-java/2.5.0/protobuf-java-2.5.0.jar:/home/user/.m2/repository/com/google/guava/guava/11.0.2/guava-11.0.2.jar:/home/user/.m2/repository/org/apache/hadoop/hadoop-ozone-ozone-manager/0.5.0-SNAPSHOT/hadoop-ozone-ozone-manager-0.5.0-SNAPSHOT.jar:/home/user/.m2/repository/org/apache/hadoop/hadoop-minikdc/3.2.0/hadoop-minikdc-3.2.0.jar:/home/user/.m2/repository/commons-io/commons-io/2.5/commons-io-2.5.jar:/home/user/.m2/repository/org/apache/kerby/kerb-simplekdc/1.0.1/kerb-simplekdc-1.0.1.jar:/home/user/.m2/repository/org/apache/kerby/kerb-client/1.0.1/kerb-client-1.0.1.jar:/home/user/.m2/repository/org/apache/kerby/kerby-config/1.0.1/kerby-config-1.0.1.jar:/home/user/.m2/repository/org/apache/kerby/kerb-core/1.0.1/kerb-core-1.0.1.jar:/home/user/.m2/repository/org/apache/kerby/kerby-pkix/1.0.1/kerby-pkix-1.0.1.jar:/home/user/.m2/repository/org/apache/kerby/kerby-asn1/1.0.1/kerby-asn1-1.0.1.jar:/home/user/.m2/repository/org/apache/kerby/kerby-util/1.0.1/kerby-util-1.0.1.jar:/home/user/.m2/repository/org/apache/kerby/kerb-common/1.0.1/kerb-common-1.0.1.jar:/home/user/.m2/repository/org/apache/kerby/kerb-crypto/1.0.1/kerb-crypto-1.0.1.jar:/home/user/.m2/repository/org/apache/kerby/kerb-util/1.0.1/kerb-util-1.0.1.jar:/home/user/.m2/repository/org/apache/kerby/token-provider/1.0.1/token-provider-1.0.1.jar:/home/user/.m2/repository/org/apache/kerby/kerb-admin/1.0.1/kerb-admin-1.0.1.jar:/home/user/.m2/repository/org/apache/kerby/kerb-server/1.0.1/kerb-server-1.0.1.jar:/home/user/.m2/repository/org/apache/kerby/kerb-identity/1.0.1/kerb-identity-1.0.1.jar:/home/user/.m2/repository/org/apache/kerby/kerby-xdr/1.0.1/kerby-xdr-1.0.1.jar:/home/user/.m2/repository/org/slf4j/slf4j-log4j12/1.7.25/slf4j-log4j12-1.7.25.jar:/home/user/.m2/repository/org/apache/hadoop/hadoop-ozone-s3gateway/0.5.0-SNAPSHOT/hadoop-ozone-s3gateway-0.5.0-SNAPSHOT.jar:/home/user/.m2/repository/org/jboss/weld/servlet/weld-servlet/2.4.7.Final/weld-servlet-2.4.7.Final.jar:/home/user/.m2/repository/org/glassfish/jersey/containers/jersey-container-servlet-core/2.27/jersey-container-servlet-core-2.27.jar:/home/user/.m2/repository/org/glassfish/hk2/external/javax.inject/2.5.0-b42/javax.inject-2.5.0-b42.jar:/home/user/.m2/repository/org/glassfish/jersey/core/jersey-common/2.27/jersey-common-2.27.jar:/home/user/.m2/repository/org/glassfish/hk2/osgi-resource-locator/1.0.1/osgi-resource-locator-1.0.1.jar:/home/user/.m2/repository/javax/ws/rs/javax.ws.rs-api/2.1/javax.ws.rs-api-2.1.jar:/home/user/.m2/repository/org/glassfish/jersey/ext/cdi/jersey-cdi1x/2.27/jersey-cdi1x-2.27.jar:/home/user/.m2/repository/org/glassfish/jersey/inject/jersey-hk2/2.27/jersey-hk2-2.27.jar:/home/user/.m2/repository/org/glassfish/hk2/hk2-locator/2.5.0-b42/hk2-locator-2.5.0-b42.jar:/home/user/.m2/repository/org/javassist/javassist/3.22.0-CR2/javassist-3.22.0-CR2.jar:/home/user/.m2/repository/org/glassfish/hk2/hk2-api/2.5.0/hk2-api-2.5.0.jar:/home/user/.m2/repository/org/glassfish/hk2/external/jakarta.inject/2.5.0/jakarta.inject-2.5.0.jar:/home/user/.m2/repository/org/glassfish/hk2/hk2-utils/2.5.0/hk2-utils-2.5.0.jar:/home/user/.m2/repository/jakarta/annotation/jakarta.annotation-api/1.3.4/jakarta.annotation-api-1.3.4.jar:/home/user/.m2/repository/org/glassfish/hk2/external/aopalliance-repackaged/2.5.0/aopalliance-repackaged-2.5.0.jar:/home/user/.m2/repository/com/fasterxml/jackson/dataformat/jackson-dataformat-xml/2.9.0/jackson-dataformat-xml-2.9.0.jar:/home/user/.m2/repository/com/fasterxml/jackson/core/jackson-core/2.9.9/jackson-core-2.9.9.jar:/home/user/.m2/repository/com/fasterxml/jackson/module/jackson-module-jaxb-annotations/2.9.9/jackson-module-jaxb-annotations-2.9.9.jar:/home/user/.m2/repository/javax/enterprise/cdi-api/1.2/cdi-api-1.2.jar:/home/user/.m2/repository/javax/el/javax.el-api/3.0.0/javax.el-api-3.0.0.jar:/home/user/.m2/repository/javax/interceptor/javax.interceptor-api/1.2/javax.interceptor-api-1.2.jar:/home/user/.m2/repository/javax/inject/javax.inject/1/javax.inject-1.jar:/home/user/.m2/repository/com/sun/xml/bind/jaxb-impl/2.3.0.1/jaxb-impl-2.3.0.1.jar:/home/user/.m2/repository/com/sun/xml/bind/jaxb-core/2.3.0.1/jaxb-core-2.3.0.1.jar:/home/user/.m2/repository/javax/xml/bind/jaxb-api/2.3.0/jaxb-api-2.3.0.jar:/home/user/.m2/repository/javax/activation/activation/1.1.1/activation-1.1.1.jar:/home/user/.m2/repository/org/apache/hadoop/hadoop-ozone-csi/0.5.0-SNAPSHOT/hadoop-ozone-csi-0.5.0-SNAPSHOT.jar:/home/user/.m2/repository/com/google/protobuf/protobuf-java-util/3.5.1/protobuf-java-util-3.5.1.jar:/home/user/.m2/repository/org/apache/hadoop/hadoop-hdds-config/0.5.0-SNAPSHOT/hadoop-hdds-config-0.5.0-SNAPSHOT.jar:/home/user/.m2/repository/io/grpc/grpc-netty/1.17.1/grpc-netty-1.17.1.jar:/home/user/.m2/repository/io/grpc/grpc-core/1.17.1/grpc-core-1.17.1.jar:/home/user/.m2/repository/io/grpc/grpc-context/1.17.1/grpc-context-1.17.1.jar:/home/user/.m2/repository/com/google/errorprone/error_prone_annotations/2.2.0/error_prone_annotations-2.2.0.jar:/home/user/.m2/repository/org/codehaus/mojo/animal-sniffer-annotations/1.17/animal-sniffer-annotations-1.17.jar:/home/user/.m2/repository/io/opencensus/opencensus-api/0.17.0/opencensus-api-0.17.0.jar:/home/user/.m2/repository/io/opencensus/opencensus-contrib-grpc-metrics/0.17.0/opencensus-contrib-grpc-metrics-0.17.0.jar:/home/user/.m2/repository/io/netty/netty-codec-http2/4.1.30.Final/netty-codec-http2-4.1.30.Final.jar:/home/user/.m2/repository/io/netty/netty-codec-http/4.1.30.Final/netty-codec-http-4.1.30.Final.jar:/home/user/.m2/repository/io/netty/netty-codec/4.1.30.Final/netty-codec-4.1.30.Final.jar:/home/user/.m2/repository/io/netty/netty-handler/4.1.30.Final/netty-handler-4.1.30.Final.jar:/home/user/.m2/repository/io/netty/netty-handler-proxy/4.1.30.Final/netty-handler-proxy-4.1.30.Final.jar:/home/user/.m2/repository/io/netty/netty-codec-socks/4.1.30.Final/netty-codec-socks-4.1.30.Final.jar:/home/user/.m2/repository/io/netty/netty-transport-native-epoll/4.1.30.Final/netty-transport-native-epoll-4.1.30.Final.jar:/home/user/.m2/repository/io/netty/netty-common/4.1.30.Final/netty-common-4.1.30.Final.jar:/home/user/.m2/repository/io/netty/netty-buffer/4.1.30.Final/netty-buffer-4.1.30.Final.jar:/home/user/.m2/repository/io/netty/netty-transport/4.1.30.Final/netty-transport-4.1.30.Final.jar:/home/user/.m2/repository/io/netty/netty-resolver/4.1.30.Final/netty-resolver-4.1.30.Final.jar:/home/user/.m2/repository/io/netty/netty-transport-native-unix-common/4.1.30.Final/netty-transport-native-unix-common-4.1.30.Final.jar:/home/user/.m2/repository/io/grpc/grpc-protobuf/1.17.1/grpc-protobuf-1.17.1.jar:/home/user/.m2/repository/com/google/api/grpc/proto-google-common-protos/1.0.0/proto-google-common-protos-1.0.0.jar:/home/user/.m2/repository/io/grpc/grpc-protobuf-lite/1.17.1/grpc-protobuf-lite-1.17.1.jar:/home/user/.m2/repository/io/grpc/grpc-stub/1.17.1/grpc-stub-1.17.1.jar:/home/user/.m2/repository/org/apache/hadoop/hadoop-ozone-recon/0.5.0-SNAPSHOT/hadoop-ozone-recon-0.5.0-SNAPSHOT.jar:/home/user/.m2/repository/org/apache/hadoop/hadoop-ozone-reconcodegen/0.5.0-SNAPSHOT/hadoop-ozone-reconcodegen-0.5.0-SNAPSHOT.jar:/home/user/.m2/repository/com/google/inject/extensions/guice-multibindings/4.0/guice-multibindings-4.0.jar:/home/user/.m2/repository/com/google/inject/guice/4.0/guice-4.0.jar:/home/user/.m2/repository/aopalliance/aopalliance/1.0/aopalliance-1.0.jar:/home/user/.m2/repository/com/google/inject/extensions/guice-servlet/4.0/guice-servlet-4.0.jar:/home/user/.m2/repository/org/glassfish/jersey/containers/jersey-container-servlet/2.27/jersey-container-servlet-2.27.jar:/home/user/.m2/repository/org/glassfish/hk2/guice-bridge/2.5.0/guice-bridge-2.5.0.jar:/home/user/.m2/repository/org/glassfish/jersey/core/jersey-server/2.27/jersey-server-2.27.jar:/home/user/.m2/repository/org/glassfish/jersey/core/jersey-client/2.27/jersey-client-2.27.jar:/home/user/.m2/repository/org/glassfish/jersey/media/jersey-media-jaxb/2.27/jersey-media-jaxb-2.27.jar:/home/user/.m2/repository/javax/validation/validation-api/1.1.0.Final/validation-api-1.1.0.Final.jar:/home/user/.m2/repository/org/glassfish/jersey/media/jersey-media-json-jackson/2.27/jersey-media-json-jackson-2.27.jar:/home/user/.m2/repository/org/glassfish/jersey/ext/jersey-entity-filtering/2.27/jersey-entity-filtering-2.27.jar:/home/user/.m2/repository/com/google/inject/extensions/guice-assistedinject/4.0/guice-assistedinject-4.0.jar:/home/user/.m2/repository/org/jooq/jooq/3.11.10/jooq-3.11.10.jar:/home/user/.m2/repository/org/jooq/jooq-meta/3.11.10/jooq-meta-3.11.10.jar:/home/user/.m2/repository/org/jooq/jooq-codegen/3.11.10/jooq-codegen-3.11.10.jar:/home/user/.m2/repository/com/jolbox/bonecp/0.8.0.RELEASE/bonecp-0.8.0.RELEASE.jar:/home/user/.m2/repository/org/xerial/sqlite-jdbc/3.25.2/sqlite-jdbc-3.25.2.jar:/home/user/.m2/repository/org/springframework/spring-jdbc/5.1.3.RELEASE/spring-jdbc-5.1.3.RELEASE.jar:/home/user/.m2/repository/org/springframework/spring-beans/5.1.3.RELEASE/spring-beans-5.1.3.RELEASE.jar:/home/user/.m2/repository/org/springframework/spring-core/5.1.3.RELEASE/spring-core-5.1.3.RELEASE.jar:/home/user/.m2/repository/org/springframework/spring-jcl/5.1.3.RELEASE/spring-jcl-5.1.3.RELEASE.jar:/home/user/.m2/repository/org/springframework/spring-tx/5.1.3.RELEASE/spring-tx-5.1.3.RELEASE.jar:/home/user/.m2/repository/org/apache/hadoop/hadoop-ozone-client/0.5.0-SNAPSHOT/hadoop-ozone-client-0.5.0-SNAPSHOT.jar:/home/user/.m2/repository/commons-lang/commons-lang/2.6/commons-lang-2.6.jar:/home/user/.m2/repository/org/apache/hadoop/hadoop-ozone-ozone-manager/0.5.0-SNAPSHOT/hadoop-ozone-ozone-manager-0.5.0-SNAPSHOT-tests.jar:/home/user/.m2/repository/junit/junit/4.11/junit-4.11.jar:/home/user/.m2/repository/org/hamcrest/hamcrest-core/1.3/hamcrest-core-1.3.jar:/home/user/.m2/repository/org/openjdk/jmh/jmh-core/1.19/jmh-core-1.19.jar:/home/user/.m2/repository/net/sf/jopt-simple/jopt-simple/4.6/jopt-simple-4.6.jar:/home/user/.m2/repository/org/apache/commons/commons-math3/3.1.1/commons-math3-3.1.1.jar:/home/user/.m2/repository/org/openjdk/jmh/jmh-generator-annprocess/1.19/jmh-generator-annprocess-1.19.jar:/home/user/.m2/repository/org/mockito/mockito-all/1.8.5/mockito-all-1.8.5.jar:/home/user/.m2/repository/org/apache/hadoop/hadoop-kms/3.2.0/hadoop-kms-3.2.0.jar:/home/user/.m2/repository/org/apache/hadoop/hadoop-auth/3.2.0/hadoop-auth-3.2.0.jar:/home/user/.m2/repository/com/nimbusds/nimbus-jose-jwt/4.41.1/nimbus-jose-jwt-4.41.1.jar:/home/user/.m2/repository/com/github/stephenc/jcip/jcip-annotations/1.0-1/jcip-annotations-1.0-1.jar:/home/user/.m2/repository/net/minidev/json-smart/2.3/json-smart-2.3.jar:/home/user/.m2/repository/net/minidev/accessors-smart/1.2/accessors-smart-1.2.jar:/home/user/.m2/repository/org/ow2/asm/asm/5.0.4/asm-5.0.4.jar:/home/user/.m2/repository/org/apache/curator/curator-framework/2.12.0/curator-framework-2.12.0.jar:/home/user/.m2/repository/com/sun/jersey/jersey-core/1.19/jersey-core-1.19.jar:/home/user/.m2/repository/javax/ws/rs/jsr311-api/1.1.1/jsr311-api-1.1.1.jar:/home/user/.m2/repository/com/sun/jersey/jersey-server/1.19/jersey-server-1.19.jar:/home/user/.m2/repository/javax/servlet/javax.servlet-api/3.1.0/javax.servlet-api-3.1.0.jar:/home/user/.m2/repository/org/eclipse/jetty/jetty-server/9.3.25.v20180904/jetty-server-9.3.25.v20180904.jar:/home/user/.m2/repository/org/eclipse/jetty/jetty-http/9.3.25.v20180904/jetty-http-9.3.25.v20180904.jar:/home/user/.m2/repository/org/eclipse/jetty/jetty-io/9.3.25.v20180904/jetty-io-9.3.25.v20180904.jar:/home/user/.m2/repository/org/eclipse/jetty/jetty-webapp/9.3.25.v20180904/jetty-webapp-9.3.25.v20180904.jar:/home/user/.m2/repository/org/eclipse/jetty/jetty-xml/9.3.25.v20180904/jetty-xml-9.3.25.v20180904.jar:/home/user/.m2/repository/log4j/log4j/1.2.17/log4j-1.2.17.jar:/home/user/.m2/repository/org/slf4j/slf4j-api/1.7.25/slf4j-api-1.7.25.jar:/home/user/.m2/repository/org/slf4j/jul-to-slf4j/1.7.25/jul-to-slf4j-1.7.25.jar:/home/user/.m2/repository/org/eclipse/jetty/jetty-util/9.3.25.v20180904/jetty-util-9.3.25.v20180904.jar:/home/user/.m2/repository/com/fasterxml/jackson/core/jackson-databind/2.9.9/jackson-databind-2.9.9.jar:/home/user/.m2/repository/org/apache/hadoop/hadoop-kms/3.2.0/hadoop-kms-3.2.0-tests.jar:/home/user/.m2/repository/org/apache/hadoop/hadoop-hdds-server-scm/0.5.0-SNAPSHOT/hadoop-hdds-server-scm-0.5.0-SNAPSHOT-tests.jar:/home/user/.m2/repository/org/apache/hadoop/hadoop-hdds-container-service/0.5.0-SNAPSHOT/hadoop-hdds-container-service-0.5.0-SNAPSHOT-tests.jar:/home/user/.m2/repository/org/yaml/snakeyaml/1.16/snakeyaml-1.16.jar:/home/user/.m2/repository/org/apache/hadoop/hadoop-common/3.2.0/hadoop-common-3.2.0-tests.jar:/home/user/.m2/repository/org/apache/hadoop/hadoop-annotations/3.2.0/hadoop-annotations-3.2.0.jar:/usr/lib/jvm/java-1.8-openjdk/jre/../lib/tools.jar:/home/user/.m2/repository/commons-cli/commons-cli/1.2/commons-cli-1.2.jar:/home/user/.m2/repository/org/apache/httpcomponents/httpclient/4.5.2/httpclient-4.5.2.jar:/home/user/.m2/repository/org/apache/httpcomponents/httpcore/4.4.4/httpcore-4.4.4.jar:/home/user/.m2/repository/commons-codec/commons-codec/1.11/commons-codec-1.11.jar:/home/user/.m2/repository/commons-net/commons-net/3.6/commons-net-3.6.jar:/home/user/.m2/repository/commons-collections/commons-collections/3.2.2/commons-collections-3.2.2.jar:/home/user/.m2/repository/org/eclipse/jetty/jetty-servlet/9.3.25.v20180904/jetty-servlet-9.3.25.v20180904.jar:/home/user/.m2/repository/org/eclipse/jetty/jetty-security/9.3.25.v20180904/jetty-security-9.3.25.v20180904.jar:/home/user/.m2/repository/javax/servlet/jsp/jsp-api/2.1/jsp-api-2.1.jar:/home/user/.m2/repository/com/sun/jersey/jersey-servlet/1.19/jersey-servlet-1.19.jar:/home/user/.m2/repository/com/sun/jersey/jersey-json/1.19/jersey-json-1.19.jar:/home/user/.m2/repository/org/codehaus/jettison/jettison/1.1/jettison-1.1.jar:/home/user/.m2/repository/org/codehaus/jackson/jackson-core-asl/1.9.13/jackson-core-asl-1.9.13.jar:/home/user/.m2/repository/org/codehaus/jackson/jackson-mapper-asl/1.9.13/jackson-mapper-asl-1.9.13.jar:/home/user/.m2/repository/org/codehaus/jackson/jackson-jaxrs/1.9.13/jackson-jaxrs-1.9.13.jar:/home/user/.m2/repository/org/codehaus/jackson/jackson-xc/1.9.13/jackson-xc-1.9.13.jar:/home/user/.m2/repository/commons-logging/commons-logging/1.1.3/commons-logging-1.1.3.jar:/home/user/.m2/repository/commons-beanutils/commons-beanutils/1.9.4/commons-beanutils-1.9.4.jar:/home/user/.m2/repository/org/apache/commons/commons-configuration2/2.1.1/commons-configuration2-2.1.1.jar:/home/user/.m2/repository/org/apache/commons/commons-lang3/3.7/commons-lang3-3.7.jar:/home/user/.m2/repository/org/apache/commons/commons-text/1.4/commons-text-1.4.jar:/home/user/.m2/repository/org/apache/avro/avro/1.7.7/avro-1.7.7.jar:/home/user/.m2/repository/com/thoughtworks/paranamer/paranamer/2.3/paranamer-2.3.jar:/home/user/.m2/repository/org/xerial/snappy/snappy-java/1.0.5/snappy-java-1.0.5.jar:/home/user/.m2/repository/com/google/re2j/re2j/1.1/re2j-1.1.jar:/home/user/.m2/repository/com/google/code/gson/gson/2.2.4/gson-2.2.4.jar:/home/user/.m2/repository/com/jcraft/jsch/0.1.54/jsch-0.1.54.jar:/home/user/.m2/repository/org/apache/curator/curator-client/2.12.0/curator-client-2.12.0.jar:/home/user/.m2/repository/org/apache/curator/curator-recipes/2.12.0/curator-recipes-2.12.0.jar:/home/user/.m2/repository/com/google/code/findbugs/jsr305/3.0.0/jsr305-3.0.0.jar:/home/user/.m2/repository/org/apache/htrace/htrace-core4/4.1.0-incubating/htrace-core4-4.1.0-incubating.jar:/home/user/.m2/repository/org/apache/zookeeper/zookeeper/3.4.13/zookeeper-3.4.13.jar:/home/user/.m2/repository/jline/jline/0.9.94/jline-0.9.94.jar:/home/user/.m2/repository/org/apache/yetus/audience-annotations/0.5.0/audience-annotations-0.5.0.jar:/home/user/.m2/repository/org/codehaus/woodstox/stax2-api/3.1.4/stax2-api-3.1.4.jar:/home/user/.m2/repository/com/fasterxml/woodstox/woodstox-core/5.0.3/woodstox-core-5.0.3.jar:/home/user/.m2/repository/dnsjava/dnsjava/2.1.7/dnsjava-2.1.7.jar:/home/user/.m2/repository/org/apache/hadoop/hadoop-hdfs/3.2.0/hadoop-hdfs-3.2.0-tests.jar:/home/user/.m2/repository/org/eclipse/jetty/jetty-util-ajax/9.3.25.v20180904/jetty-util-ajax-9.3.25.v20180904.jar:/home/user/.m2/repository/commons-daemon/commons-daemon/1.0.13/commons-daemon-1.0.13.jar:/home/user/.m2/repository/io/netty/netty/3.10.5.Final/netty-3.10.5.Final.jar:/home/user/.m2/repository/io/netty/netty-all/4.0.52.Final/netty-all-4.0.52.Final.jar:/home/user/.m2/repository/org/fusesource/leveldbjni/leveldbjni-all/1.8/leveldbjni-all-1.8.jar:"/>
    <property name="java.vm.vendor" value="IcedTea"/>
    <property name="sun.arch.data.model" value="64"/>
    <property name="test.build.dir" value="/workdir/hadoop-ozone/integration-test/target/test-dir"/>
    <property name="test.cache.data" value=""/>
    <property name="java.vendor.url" value="https://icedtea.classpath.org"/>
    <property name="user.timezone" value=""/>
    <property name="java.vm.specification.version" value="1.8"/>
    <property name="os.name" value="Linux"/>
    <property name="test.build.data" value="/workdir/hadoop-ozone/integration-test/target/test-dir"/>
    <property name="user.country" value="US"/>
    <property name="sun.java.launcher" value="SUN_STANDARD"/>
    <property name="sun.boot.library.path" value="/usr/lib/jvm/java-1.8-openjdk/jre/lib/amd64"/>
    <property name="sun.java.command" value="/workdir/hadoop-ozone/integration-test/target/surefire/surefirebooter3599352051962391016.jar /workdir/hadoop-ozone/integration-test/target/surefire 2019-10-01T10-10-48_904-jvmRun1 surefire846413563956118277tmp surefire_637756976251951812533tmp"/>
    <property name="test" value="!TestMiniChaosOzoneCluster"/>
    <property name="surefire.test.class.path" value="/workdir/hadoop-ozone/integration-test/target/test-classes:/workdir/hadoop-ozone/integration-test/target/classes:/home/user/.m2/repository/org/apache/hadoop/hadoop-ozone-common/0.5.0-SNAPSHOT/hadoop-ozone-common-0.5.0-SNAPSHOT.jar:/home/user/.m2/repository/org/apache/commons/commons-compress/1.4.1/commons-compress-1.4.1.jar:/home/user/.m2/repository/org/tukaani/xz/1.0/xz-1.0.jar:/home/user/.m2/repository/org/apache/hadoop/hadoop-common/3.2.0/hadoop-common-3.2.0.jar:/home/user/.m2/repository/org/apache/hadoop/hadoop-hdfs/3.2.0/hadoop-hdfs-3.2.0.jar:/home/user/.m2/repository/org/apache/hadoop/hadoop-hdfs-client/3.2.0/hadoop-hdfs-client-3.2.0.jar:/home/user/.m2/repository/com/fasterxml/jackson/core/jackson-annotations/2.9.9/jackson-annotations-2.9.9.jar:/home/user/.m2/repository/org/apache/hadoop/hadoop-hdds-common/0.5.0-SNAPSHOT/hadoop-hdds-common-0.5.0-SNAPSHOT.jar:/home/user/.m2/repository/javax/annotation/javax.annotation-api/1.2/javax.annotation-api-1.2.jar:/home/user/.m2/repository/org/apache/ratis/ratis-server/0.4.0/ratis-server-0.4.0.jar:/home/user/.m2/repository/org/apache/ratis/ratis-thirdparty-misc/0.2.0/ratis-thirdparty-misc-0.2.0.jar:/home/user/.m2/repository/org/apache/ratis/ratis-proto/0.4.0/ratis-proto-0.4.0.jar:/home/user/.m2/repository/org/apache/ratis/ratis-common/0.4.0/ratis-common-0.4.0.jar:/home/user/.m2/repository/org/apache/ratis/ratis-client/0.4.0/ratis-client-0.4.0.jar:/home/user/.m2/repository/org/apache/ratis/ratis-metrics/0.4.0/ratis-metrics-0.4.0.jar:/home/user/.m2/repository/com/github/joshelser/dropwizard-metrics-hadoop-metrics2-reporter/0.1.2/dropwizard-metrics-hadoop-metrics2-reporter-0.1.2.jar:/home/user/.m2/repository/io/dropwizard/metrics/metrics-jvm/3.2.5/metrics-jvm-3.2.5.jar:/home/user/.m2/repository/io/dropwizard/metrics/metrics-ganglia/3.2.5/metrics-ganglia-3.2.5.jar:/home/user/.m2/repository/info/ganglia/gmetric4j/gmetric4j/1.0.7/gmetric4j-1.0.7.jar:/home/user/.m2/repository/org/apache/ratis/ratis-netty/0.4.0/ratis-netty-0.4.0.jar:/home/user/.m2/repository/org/apache/ratis/ratis-grpc/0.4.0/ratis-grpc-0.4.0.jar:/home/user/.m2/repository/org/rocksdb/rocksdbjni/6.0.1/rocksdbjni-6.0.1.jar:/home/user/.m2/repository/org/apache/logging/log4j/log4j-api/2.11.0/log4j-api-2.11.0.jar:/home/user/.m2/repository/org/apache/logging/log4j/log4j-core/2.11.0/log4j-core-2.11.0.jar:/home/user/.m2/repository/com/lmax/disruptor/3.4.2/disruptor-3.4.2.jar:/home/user/.m2/repository/org/apache/commons/commons-pool2/2.6.0/commons-pool2-2.6.0.jar:/home/user/.m2/repository/org/bouncycastle/bcpkix-jdk15on/1.60/bcpkix-jdk15on-1.60.jar:/home/user/.m2/repository/commons-validator/commons-validator/1.6/commons-validator-1.6.jar:/home/user/.m2/repository/commons-digester/commons-digester/1.8.1/commons-digester-1.8.1.jar:/home/user/.m2/repository/io/jaegertracing/jaeger-client/0.34.0/jaeger-client-0.34.0.jar:/home/user/.m2/repository/io/jaegertracing/jaeger-thrift/0.34.0/jaeger-thrift-0.34.0.jar:/home/user/.m2/repository/org/apache/thrift/libthrift/0.12.0/libthrift-0.12.0.jar:/home/user/.m2/repository/com/squareup/okhttp3/okhttp/3.9.0/okhttp-3.9.0.jar:/home/user/.m2/repository/com/squareup/okio/okio/1.13.0/okio-1.13.0.jar:/home/user/.m2/repository/io/jaegertracing/jaeger-core/0.34.0/jaeger-core-0.34.0.jar:/home/user/.m2/repository/io/jaegertracing/jaeger-tracerresolver/0.34.0/jaeger-tracerresolver-0.34.0.jar:/home/user/.m2/repository/io/opentracing/contrib/opentracing-tracerresolver/0.1.5/opentracing-tracerresolver-0.1.5.jar:/home/user/.m2/repository/io/opentracing/opentracing-util/0.31.0/opentracing-util-0.31.0.jar:/home/user/.m2/repository/io/opentracing/opentracing-api/0.31.0/opentracing-api-0.31.0.jar:/home/user/.m2/repository/io/opentracing/opentracing-noop/0.31.0/opentracing-noop-0.31.0.jar:/home/user/.m2/repository/org/apache/hadoop/hadoop-hdds-server-framework/0.5.0-SNAPSHOT/hadoop-hdds-server-framework-0.5.0-SNAPSHOT.jar:/home/user/.m2/repository/org/apache/hadoop/hadoop-hdds-container-service/0.5.0-SNAPSHOT/hadoop-hdds-container-service-0.5.0-SNAPSHOT.jar:/home/user/.m2/repository/org/apache/hadoop/hadoop-hdds-client/0.5.0-SNAPSHOT/hadoop-hdds-client-0.5.0-SNAPSHOT.jar:/home/user/.m2/repository/org/apache/hadoop/hadoop-hdds-tools/0.5.0-SNAPSHOT/hadoop-hdds-tools-0.5.0-SNAPSHOT.jar:/home/user/.m2/repository/org/apache/hadoop/hadoop-hdds-server-scm/0.5.0-SNAPSHOT/hadoop-hdds-server-scm-0.5.0-SNAPSHOT.jar:/home/user/.m2/repository/org/apache/hadoop/hadoop-hdds-docs/0.5.0-SNAPSHOT/hadoop-hdds-docs-0.5.0-SNAPSHOT.jar:/home/user/.m2/repository/io/dropwizard/metrics/metrics-core/3.2.4/metrics-core-3.2.4.jar:/home/user/.m2/repository/org/hamcrest/hamcrest-all/1.3/hamcrest-all-1.3.jar:/home/user/.m2/repository/org/bouncycastle/bcprov-jdk15on/1.60/bcprov-jdk15on-1.60.jar:/home/user/.m2/repository/info/picocli/picocli/3.9.6/picocli-3.9.6.jar:/home/user/.m2/repository/com/google/protobuf/protobuf-java/2.5.0/protobuf-java-2.5.0.jar:/home/user/.m2/repository/com/google/guava/guava/11.0.2/guava-11.0.2.jar:/home/user/.m2/repository/org/apache/hadoop/hadoop-ozone-ozone-manager/0.5.0-SNAPSHOT/hadoop-ozone-ozone-manager-0.5.0-SNAPSHOT.jar:/home/user/.m2/repository/org/apache/hadoop/hadoop-minikdc/3.2.0/hadoop-minikdc-3.2.0.jar:/home/user/.m2/repository/commons-io/commons-io/2.5/commons-io-2.5.jar:/home/user/.m2/repository/org/apache/kerby/kerb-simplekdc/1.0.1/kerb-simplekdc-1.0.1.jar:/home/user/.m2/repository/org/apache/kerby/kerb-client/1.0.1/kerb-client-1.0.1.jar:/home/user/.m2/repository/org/apache/kerby/kerby-config/1.0.1/kerby-config-1.0.1.jar:/home/user/.m2/repository/org/apache/kerby/kerb-core/1.0.1/kerb-core-1.0.1.jar:/home/user/.m2/repository/org/apache/kerby/kerby-pkix/1.0.1/kerby-pkix-1.0.1.jar:/home/user/.m2/repository/org/apache/kerby/kerby-asn1/1.0.1/kerby-asn1-1.0.1.jar:/home/user/.m2/repository/org/apache/kerby/kerby-util/1.0.1/kerby-util-1.0.1.jar:/home/user/.m2/repository/org/apache/kerby/kerb-common/1.0.1/kerb-common-1.0.1.jar:/home/user/.m2/repository/org/apache/kerby/kerb-crypto/1.0.1/kerb-crypto-1.0.1.jar:/home/user/.m2/repository/org/apache/kerby/kerb-util/1.0.1/kerb-util-1.0.1.jar:/home/user/.m2/repository/org/apache/kerby/token-provider/1.0.1/token-provider-1.0.1.jar:/home/user/.m2/repository/org/apache/kerby/kerb-admin/1.0.1/kerb-admin-1.0.1.jar:/home/user/.m2/repository/org/apache/kerby/kerb-server/1.0.1/kerb-server-1.0.1.jar:/home/user/.m2/repository/org/apache/kerby/kerb-identity/1.0.1/kerb-identity-1.0.1.jar:/home/user/.m2/repository/org/apache/kerby/kerby-xdr/1.0.1/kerby-xdr-1.0.1.jar:/home/user/.m2/repository/org/slf4j/slf4j-log4j12/1.7.25/slf4j-log4j12-1.7.25.jar:/home/user/.m2/repository/org/apache/hadoop/hadoop-ozone-s3gateway/0.5.0-SNAPSHOT/hadoop-ozone-s3gateway-0.5.0-SNAPSHOT.jar:/home/user/.m2/repository/org/jboss/weld/servlet/weld-servlet/2.4.7.Final/weld-servlet-2.4.7.Final.jar:/home/user/.m2/repository/org/glassfish/jersey/containers/jersey-container-servlet-core/2.27/jersey-container-servlet-core-2.27.jar:/home/user/.m2/repository/org/glassfish/hk2/external/javax.inject/2.5.0-b42/javax.inject-2.5.0-b42.jar:/home/user/.m2/repository/org/glassfish/jersey/core/jersey-common/2.27/jersey-common-2.27.jar:/home/user/.m2/repository/org/glassfish/hk2/osgi-resource-locator/1.0.1/osgi-resource-locator-1.0.1.jar:/home/user/.m2/repository/javax/ws/rs/javax.ws.rs-api/2.1/javax.ws.rs-api-2.1.jar:/home/user/.m2/repository/org/glassfish/jersey/ext/cdi/jersey-cdi1x/2.27/jersey-cdi1x-2.27.jar:/home/user/.m2/repository/org/glassfish/jersey/inject/jersey-hk2/2.27/jersey-hk2-2.27.jar:/home/user/.m2/repository/org/glassfish/hk2/hk2-locator/2.5.0-b42/hk2-locator-2.5.0-b42.jar:/home/user/.m2/repository/org/javassist/javassist/3.22.0-CR2/javassist-3.22.0-CR2.jar:/home/user/.m2/repository/org/glassfish/hk2/hk2-api/2.5.0/hk2-api-2.5.0.jar:/home/user/.m2/repository/org/glassfish/hk2/external/jakarta.inject/2.5.0/jakarta.inject-2.5.0.jar:/home/user/.m2/repository/org/glassfish/hk2/hk2-utils/2.5.0/hk2-utils-2.5.0.jar:/home/user/.m2/repository/jakarta/annotation/jakarta.annotation-api/1.3.4/jakarta.annotation-api-1.3.4.jar:/home/user/.m2/repository/org/glassfish/hk2/external/aopalliance-repackaged/2.5.0/aopalliance-repackaged-2.5.0.jar:/home/user/.m2/repository/com/fasterxml/jackson/dataformat/jackson-dataformat-xml/2.9.0/jackson-dataformat-xml-2.9.0.jar:/home/user/.m2/repository/com/fasterxml/jackson/core/jackson-core/2.9.9/jackson-core-2.9.9.jar:/home/user/.m2/repository/com/fasterxml/jackson/module/jackson-module-jaxb-annotations/2.9.9/jackson-module-jaxb-annotations-2.9.9.jar:/home/user/.m2/repository/javax/enterprise/cdi-api/1.2/cdi-api-1.2.jar:/home/user/.m2/repository/javax/el/javax.el-api/3.0.0/javax.el-api-3.0.0.jar:/home/user/.m2/repository/javax/interceptor/javax.interceptor-api/1.2/javax.interceptor-api-1.2.jar:/home/user/.m2/repository/javax/inject/javax.inject/1/javax.inject-1.jar:/home/user/.m2/repository/com/sun/xml/bind/jaxb-impl/2.3.0.1/jaxb-impl-2.3.0.1.jar:/home/user/.m2/repository/com/sun/xml/bind/jaxb-core/2.3.0.1/jaxb-core-2.3.0.1.jar:/home/user/.m2/repository/javax/xml/bind/jaxb-api/2.3.0/jaxb-api-2.3.0.jar:/home/user/.m2/repository/javax/activation/activation/1.1.1/activation-1.1.1.jar:/home/user/.m2/repository/org/apache/hadoop/hadoop-ozone-csi/0.5.0-SNAPSHOT/hadoop-ozone-csi-0.5.0-SNAPSHOT.jar:/home/user/.m2/repository/com/google/protobuf/protobuf-java-util/3.5.1/protobuf-java-util-3.5.1.jar:/home/user/.m2/repository/org/apache/hadoop/hadoop-hdds-config/0.5.0-SNAPSHOT/hadoop-hdds-config-0.5.0-SNAPSHOT.jar:/home/user/.m2/repository/io/grpc/grpc-netty/1.17.1/grpc-netty-1.17.1.jar:/home/user/.m2/repository/io/grpc/grpc-core/1.17.1/grpc-core-1.17.1.jar:/home/user/.m2/repository/io/grpc/grpc-context/1.17.1/grpc-context-1.17.1.jar:/home/user/.m2/repository/com/google/errorprone/error_prone_annotations/2.2.0/error_prone_annotations-2.2.0.jar:/home/user/.m2/repository/org/codehaus/mojo/animal-sniffer-annotations/1.17/animal-sniffer-annotations-1.17.jar:/home/user/.m2/repository/io/opencensus/opencensus-api/0.17.0/opencensus-api-0.17.0.jar:/home/user/.m2/repository/io/opencensus/opencensus-contrib-grpc-metrics/0.17.0/opencensus-contrib-grpc-metrics-0.17.0.jar:/home/user/.m2/repository/io/netty/netty-codec-http2/4.1.30.Final/netty-codec-http2-4.1.30.Final.jar:/home/user/.m2/repository/io/netty/netty-codec-http/4.1.30.Final/netty-codec-http-4.1.30.Final.jar:/home/user/.m2/repository/io/netty/netty-codec/4.1.30.Final/netty-codec-4.1.30.Final.jar:/home/user/.m2/repository/io/netty/netty-handler/4.1.30.Final/netty-handler-4.1.30.Final.jar:/home/user/.m2/repository/io/netty/netty-handler-proxy/4.1.30.Final/netty-handler-proxy-4.1.30.Final.jar:/home/user/.m2/repository/io/netty/netty-codec-socks/4.1.30.Final/netty-codec-socks-4.1.30.Final.jar:/home/user/.m2/repository/io/netty/netty-transport-native-epoll/4.1.30.Final/netty-transport-native-epoll-4.1.30.Final.jar:/home/user/.m2/repository/io/netty/netty-common/4.1.30.Final/netty-common-4.1.30.Final.jar:/home/user/.m2/repository/io/netty/netty-buffer/4.1.30.Final/netty-buffer-4.1.30.Final.jar:/home/user/.m2/repository/io/netty/netty-transport/4.1.30.Final/netty-transport-4.1.30.Final.jar:/home/user/.m2/repository/io/netty/netty-resolver/4.1.30.Final/netty-resolver-4.1.30.Final.jar:/home/user/.m2/repository/io/netty/netty-transport-native-unix-common/4.1.30.Final/netty-transport-native-unix-common-4.1.30.Final.jar:/home/user/.m2/repository/io/grpc/grpc-protobuf/1.17.1/grpc-protobuf-1.17.1.jar:/home/user/.m2/repository/com/google/api/grpc/proto-google-common-protos/1.0.0/proto-google-common-protos-1.0.0.jar:/home/user/.m2/repository/io/grpc/grpc-protobuf-lite/1.17.1/grpc-protobuf-lite-1.17.1.jar:/home/user/.m2/repository/io/grpc/grpc-stub/1.17.1/grpc-stub-1.17.1.jar:/home/user/.m2/repository/org/apache/hadoop/hadoop-ozone-recon/0.5.0-SNAPSHOT/hadoop-ozone-recon-0.5.0-SNAPSHOT.jar:/home/user/.m2/repository/org/apache/hadoop/hadoop-ozone-reconcodegen/0.5.0-SNAPSHOT/hadoop-ozone-reconcodegen-0.5.0-SNAPSHOT.jar:/home/user/.m2/repository/com/google/inject/extensions/guice-multibindings/4.0/guice-multibindings-4.0.jar:/home/user/.m2/repository/com/google/inject/guice/4.0/guice-4.0.jar:/home/user/.m2/repository/aopalliance/aopalliance/1.0/aopalliance-1.0.jar:/home/user/.m2/repository/com/google/inject/extensions/guice-servlet/4.0/guice-servlet-4.0.jar:/home/user/.m2/repository/org/glassfish/jersey/containers/jersey-container-servlet/2.27/jersey-container-servlet-2.27.jar:/home/user/.m2/repository/org/glassfish/hk2/guice-bridge/2.5.0/guice-bridge-2.5.0.jar:/home/user/.m2/repository/org/glassfish/jersey/core/jersey-server/2.27/jersey-server-2.27.jar:/home/user/.m2/repository/org/glassfish/jersey/core/jersey-client/2.27/jersey-client-2.27.jar:/home/user/.m2/repository/org/glassfish/jersey/media/jersey-media-jaxb/2.27/jersey-media-jaxb-2.27.jar:/home/user/.m2/repository/javax/validation/validation-api/1.1.0.Final/validation-api-1.1.0.Final.jar:/home/user/.m2/repository/org/glassfish/jersey/media/jersey-media-json-jackson/2.27/jersey-media-json-jackson-2.27.jar:/home/user/.m2/repository/org/glassfish/jersey/ext/jersey-entity-filtering/2.27/jersey-entity-filtering-2.27.jar:/home/user/.m2/repository/com/google/inject/extensions/guice-assistedinject/4.0/guice-assistedinject-4.0.jar:/home/user/.m2/repository/org/jooq/jooq/3.11.10/jooq-3.11.10.jar:/home/user/.m2/repository/org/jooq/jooq-meta/3.11.10/jooq-meta-3.11.10.jar:/home/user/.m2/repository/org/jooq/jooq-codegen/3.11.10/jooq-codegen-3.11.10.jar:/home/user/.m2/repository/com/jolbox/bonecp/0.8.0.RELEASE/bonecp-0.8.0.RELEASE.jar:/home/user/.m2/repository/org/xerial/sqlite-jdbc/3.25.2/sqlite-jdbc-3.25.2.jar:/home/user/.m2/repository/org/springframework/spring-jdbc/5.1.3.RELEASE/spring-jdbc-5.1.3.RELEASE.jar:/home/user/.m2/repository/org/springframework/spring-beans/5.1.3.RELEASE/spring-beans-5.1.3.RELEASE.jar:/home/user/.m2/repository/org/springframework/spring-core/5.1.3.RELEASE/spring-core-5.1.3.RELEASE.jar:/home/user/.m2/repository/org/springframework/spring-jcl/5.1.3.RELEASE/spring-jcl-5.1.3.RELEASE.jar:/home/user/.m2/repository/org/springframework/spring-tx/5.1.3.RELEASE/spring-tx-5.1.3.RELEASE.jar:/home/user/.m2/repository/org/apache/hadoop/hadoop-ozone-client/0.5.0-SNAPSHOT/hadoop-ozone-client-0.5.0-SNAPSHOT.jar:/home/user/.m2/repository/commons-lang/commons-lang/2.6/commons-lang-2.6.jar:/home/user/.m2/repository/org/apache/hadoop/hadoop-ozone-ozone-manager/0.5.0-SNAPSHOT/hadoop-ozone-ozone-manager-0.5.0-SNAPSHOT-tests.jar:/home/user/.m2/repository/junit/junit/4.11/junit-4.11.jar:/home/user/.m2/repository/org/hamcrest/hamcrest-core/1.3/hamcrest-core-1.3.jar:/home/user/.m2/repository/org/openjdk/jmh/jmh-core/1.19/jmh-core-1.19.jar:/home/user/.m2/repository/net/sf/jopt-simple/jopt-simple/4.6/jopt-simple-4.6.jar:/home/user/.m2/repository/org/apache/commons/commons-math3/3.1.1/commons-math3-3.1.1.jar:/home/user/.m2/repository/org/openjdk/jmh/jmh-generator-annprocess/1.19/jmh-generator-annprocess-1.19.jar:/home/user/.m2/repository/org/mockito/mockito-all/1.8.5/mockito-all-1.8.5.jar:/home/user/.m2/repository/org/apache/hadoop/hadoop-kms/3.2.0/hadoop-kms-3.2.0.jar:/home/user/.m2/repository/org/apache/hadoop/hadoop-auth/3.2.0/hadoop-auth-3.2.0.jar:/home/user/.m2/repository/com/nimbusds/nimbus-jose-jwt/4.41.1/nimbus-jose-jwt-4.41.1.jar:/home/user/.m2/repository/com/github/stephenc/jcip/jcip-annotations/1.0-1/jcip-annotations-1.0-1.jar:/home/user/.m2/repository/net/minidev/json-smart/2.3/json-smart-2.3.jar:/home/user/.m2/repository/net/minidev/accessors-smart/1.2/accessors-smart-1.2.jar:/home/user/.m2/repository/org/ow2/asm/asm/5.0.4/asm-5.0.4.jar:/home/user/.m2/repository/org/apache/curator/curator-framework/2.12.0/curator-framework-2.12.0.jar:/home/user/.m2/repository/com/sun/jersey/jersey-core/1.19/jersey-core-1.19.jar:/home/user/.m2/repository/javax/ws/rs/jsr311-api/1.1.1/jsr311-api-1.1.1.jar:/home/user/.m2/repository/com/sun/jersey/jersey-server/1.19/jersey-server-1.19.jar:/home/user/.m2/repository/javax/servlet/javax.servlet-api/3.1.0/javax.servlet-api-3.1.0.jar:/home/user/.m2/repository/org/eclipse/jetty/jetty-server/9.3.25.v20180904/jetty-server-9.3.25.v20180904.jar:/home/user/.m2/repository/org/eclipse/jetty/jetty-http/9.3.25.v20180904/jetty-http-9.3.25.v20180904.jar:/home/user/.m2/repository/org/eclipse/jetty/jetty-io/9.3.25.v20180904/jetty-io-9.3.25.v20180904.jar:/home/user/.m2/repository/org/eclipse/jetty/jetty-webapp/9.3.25.v20180904/jetty-webapp-9.3.25.v20180904.jar:/home/user/.m2/repository/org/eclipse/jetty/jetty-xml/9.3.25.v20180904/jetty-xml-9.3.25.v20180904.jar:/home/user/.m2/repository/log4j/log4j/1.2.17/log4j-1.2.17.jar:/home/user/.m2/repository/org/slf4j/slf4j-api/1.7.25/slf4j-api-1.7.25.jar:/home/user/.m2/repository/org/slf4j/jul-to-slf4j/1.7.25/jul-to-slf4j-1.7.25.jar:/home/user/.m2/repository/org/eclipse/jetty/jetty-util/9.3.25.v20180904/jetty-util-9.3.25.v20180904.jar:/home/user/.m2/repository/com/fasterxml/jackson/core/jackson-databind/2.9.9/jackson-databind-2.9.9.jar:/home/user/.m2/repository/org/apache/hadoop/hadoop-kms/3.2.0/hadoop-kms-3.2.0-tests.jar:/home/user/.m2/repository/org/apache/hadoop/hadoop-hdds-server-scm/0.5.0-SNAPSHOT/hadoop-hdds-server-scm-0.5.0-SNAPSHOT-tests.jar:/home/user/.m2/repository/org/apache/hadoop/hadoop-hdds-container-service/0.5.0-SNAPSHOT/hadoop-hdds-container-service-0.5.0-SNAPSHOT-tests.jar:/home/user/.m2/repository/org/yaml/snakeyaml/1.16/snakeyaml-1.16.jar:/home/user/.m2/repository/org/apache/hadoop/hadoop-common/3.2.0/hadoop-common-3.2.0-tests.jar:/home/user/.m2/repository/org/apache/hadoop/hadoop-annotations/3.2.0/hadoop-annotations-3.2.0.jar:/usr/lib/jvm/java-1.8-openjdk/jre/../lib/tools.jar:/home/user/.m2/repository/commons-cli/commons-cli/1.2/commons-cli-1.2.jar:/home/user/.m2/repository/org/apache/httpcomponents/httpclient/4.5.2/httpclient-4.5.2.jar:/home/user/.m2/repository/org/apache/httpcomponents/httpcore/4.4.4/httpcore-4.4.4.jar:/home/user/.m2/repository/commons-codec/commons-codec/1.11/commons-codec-1.11.jar:/home/user/.m2/repository/commons-net/commons-net/3.6/commons-net-3.6.jar:/home/user/.m2/repository/commons-collections/commons-collections/3.2.2/commons-collections-3.2.2.jar:/home/user/.m2/repository/org/eclipse/jetty/jetty-servlet/9.3.25.v20180904/jetty-servlet-9.3.25.v20180904.jar:/home/user/.m2/repository/org/eclipse/jetty/jetty-security/9.3.25.v20180904/jetty-security-9.3.25.v20180904.jar:/home/user/.m2/repository/javax/servlet/jsp/jsp-api/2.1/jsp-api-2.1.jar:/home/user/.m2/repository/com/sun/jersey/jersey-servlet/1.19/jersey-servlet-1.19.jar:/home/user/.m2/repository/com/sun/jersey/jersey-json/1.19/jersey-json-1.19.jar:/home/user/.m2/repository/org/codehaus/jettison/jettison/1.1/jettison-1.1.jar:/home/user/.m2/repository/org/codehaus/jackson/jackson-core-asl/1.9.13/jackson-core-asl-1.9.13.jar:/home/user/.m2/repository/org/codehaus/jackson/jackson-mapper-asl/1.9.13/jackson-mapper-asl-1.9.13.jar:/home/user/.m2/repository/org/codehaus/jackson/jackson-jaxrs/1.9.13/jackson-jaxrs-1.9.13.jar:/home/user/.m2/repository/org/codehaus/jackson/jackson-xc/1.9.13/jackson-xc-1.9.13.jar:/home/user/.m2/repository/commons-logging/commons-logging/1.1.3/commons-logging-1.1.3.jar:/home/user/.m2/repository/commons-beanutils/commons-beanutils/1.9.4/commons-beanutils-1.9.4.jar:/home/user/.m2/repository/org/apache/commons/commons-configuration2/2.1.1/commons-configuration2-2.1.1.jar:/home/user/.m2/repository/org/apache/commons/commons-lang3/3.7/commons-lang3-3.7.jar:/home/user/.m2/repository/org/apache/commons/commons-text/1.4/commons-text-1.4.jar:/home/user/.m2/repository/org/apache/avro/avro/1.7.7/avro-1.7.7.jar:/home/user/.m2/repository/com/thoughtworks/paranamer/paranamer/2.3/paranamer-2.3.jar:/home/user/.m2/repository/org/xerial/snappy/snappy-java/1.0.5/snappy-java-1.0.5.jar:/home/user/.m2/repository/com/google/re2j/re2j/1.1/re2j-1.1.jar:/home/user/.m2/repository/com/google/code/gson/gson/2.2.4/gson-2.2.4.jar:/home/user/.m2/repository/com/jcraft/jsch/0.1.54/jsch-0.1.54.jar:/home/user/.m2/repository/org/apache/curator/curator-client/2.12.0/curator-client-2.12.0.jar:/home/user/.m2/repository/org/apache/curator/curator-recipes/2.12.0/curator-recipes-2.12.0.jar:/home/user/.m2/repository/com/google/code/findbugs/jsr305/3.0.0/jsr305-3.0.0.jar:/home/user/.m2/repository/org/apache/htrace/htrace-core4/4.1.0-incubating/htrace-core4-4.1.0-incubating.jar:/home/user/.m2/repository/org/apache/zookeeper/zookeeper/3.4.13/zookeeper-3.4.13.jar:/home/user/.m2/repository/jline/jline/0.9.94/jline-0.9.94.jar:/home/user/.m2/repository/org/apache/yetus/audience-annotations/0.5.0/audience-annotations-0.5.0.jar:/home/user/.m2/repository/org/codehaus/woodstox/stax2-api/3.1.4/stax2-api-3.1.4.jar:/home/user/.m2/repository/com/fasterxml/woodstox/woodstox-core/5.0.3/woodstox-core-5.0.3.jar:/home/user/.m2/repository/dnsjava/dnsjava/2.1.7/dnsjava-2.1.7.jar:/home/user/.m2/repository/org/apache/hadoop/hadoop-hdfs/3.2.0/hadoop-hdfs-3.2.0-tests.jar:/home/user/.m2/repository/org/eclipse/jetty/jetty-util-ajax/9.3.25.v20180904/jetty-util-ajax-9.3.25.v20180904.jar:/home/user/.m2/repository/commons-daemon/commons-daemon/1.0.13/commons-daemon-1.0.13.jar:/home/user/.m2/repository/io/netty/netty/3.10.5.Final/netty-3.10.5.Final.jar:/home/user/.m2/repository/io/netty/netty-all/4.0.52.Final/netty-all-4.0.52.Final.jar:/home/user/.m2/repository/org/fusesource/leveldbjni/leveldbjni-all/1.8/leveldbjni-all-1.8.jar:"/>
    <property name="sun.cpu.endian" value="little"/>
    <property name="user.home" value="/home/user"/>
    <property name="user.language" value="en"/>
    <property name="java.specification.vendor" value="Oracle Corporation"/>
    <property name="java.home" value="/usr/lib/jvm/java-1.8-openjdk/jre"/>
    <property name="java.security.krb5.conf" value="/workdir/hadoop-ozone/integration-test/target/test-classes/krb5.conf"/>
    <property name="basedir" value="/workdir/hadoop-ozone/integration-test"/>
    <property name="file.separator" value="/"/>
    <property name="line.separator" value="&#10;"/>
    <property name="java.vm.specification.vendor" value="Oracle Corporation"/>
    <property name="java.specification.name" value="Java Platform API Specification"/>
    <property name="java.awt.graphicsenv" value="sun.awt.X11GraphicsEnvironment"/>
    <property name="surefire.real.class.path" value="/workdir/hadoop-ozone/integration-test/target/surefire/surefirebooter3599352051962391016.jar"/>
    <property name="hadoop.log.dir" value="/workdir/hadoop-ozone/integration-test/target/log"/>
    <property name="sun.boot.class.path" value="/usr/lib/jvm/java-1.8-openjdk/jre/lib/resources.jar:/usr/lib/jvm/java-1.8-openjdk/jre/lib/rt.jar:/usr/lib/jvm/java-1.8-openjdk/jre/lib/sunrsasign.jar:/usr/lib/jvm/java-1.8-openjdk/jre/lib/jsse.jar:/usr/lib/jvm/java-1.8-openjdk/jre/lib/jce.jar:/usr/lib/jvm/java-1.8-openjdk/jre/lib/charsets.jar:/usr/lib/jvm/java-1.8-openjdk/jre/lib/jfr.jar:/usr/lib/jvm/java-1.8-openjdk/jre/classes"/>
    <property name="sun.management.compiler" value="HotSpot 64-Bit Tiered Compilers"/>
    <property name="java.runtime.version" value="1.8.0_212-b04"/>
    <property name="java.net.preferIPv4Stack" value="true"/>
    <property name="user.name" value="jenkins1000"/>
    <property name="path.separator" value=":"/>
    <property name="java.security.egd" value="file:///dev/urandom"/>
    <property name="os.version" value="3.10.0-957.12.2.el7.x86_64"/>
    <property name="java.endorsed.dirs" value="/usr/lib/jvm/java-1.8-openjdk/jre/lib/endorsed"/>
    <property name="java.runtime.name" value="OpenJDK Runtime Environment"/>
    <property name="file.encoding" value="UTF-8"/>
    <property name="java.vm.name" value="OpenJDK 64-Bit Server VM"/>
    <property name="test.build.webapps" value=""/>
    <property name="localRepository" value="/home/user/.m2/repository"/>
    <property name="java.vendor.url.bug" value="https://icedtea.classpath.org/bugzilla"/>
    <property name="java.io.tmpdir" value="/tmp"/>
    <property name="require.test.libhadoop" value=""/>
    <property name="java.version" value="1.8.0_212"/>
    <property name="user.dir" value="/workdir/hadoop-ozone/integration-test"/>
    <property name="os.arch" value="amd64"/>
    <property name="java.vm.specification.name" value="Java Virtual Machine Specification"/>
    <property name="test.build.classes" value="/workdir/hadoop-ozone/integration-test/target/test-classes"/>
    <property name="java.awt.printerjob" value="sun.print.PSPrinterJob"/>
    <property name="sun.os.patch.level" value="unknown"/>
    <property name="hadoop.tmp.dir" value="/workdir/hadoop-ozone/integration-test/target/tmp"/>
    <property name="java.library.path" value="/usr/lib/jvm/java-1.8-openjdk/jre/lib/amd64/server:/usr/lib/jvm/java-1.8-openjdk/jre/lib/amd64:/usr/lib/jvm/java-1.8-openjdk/jre/../lib/amd64:/workdir/hadoop-ozone/integration-test/target/native/target/usr/local/lib:/workdir/hadoop-ozone/integration-test/../../hadoop-common-project/hadoop-common/target/native/target/usr/local/lib:/usr/java/packages/lib/amd64:/usr/lib64:/lib64:/lib:/usr/lib"/>
    <property name="java.vm.info" value="mixed mode"/>
    <property name="java.vendor" value="IcedTea"/>
    <property name="java.vm.version" value="25.212-b04"/>
    <property name="java.ext.dirs" value="/usr/lib/jvm/java-1.8-openjdk/jre/lib/ext:/usr/java/packages/lib/ext"/>
    <property name="sun.io.unicode.encoding" value="UnicodeLittle"/>
    <property name="java.class.version" value="52.0"/>
  </properties>
  <testcase name="test2DatanodesFailure" classname="org.apache.hadoop.ozone.client.rpc.TestBlockOutputStreamWithFailures" time="47.789"/>
  <testcase name="testDatanodeFailureWithPreAllocation" classname="org.apache.hadoop.ozone.client.rpc.TestBlockOutputStreamWithFailures" time="222.12"/>
  <testcase name="testDatanodeFailureWithSingleNodeRatis" classname="org.apache.hadoop.ozone.client.rpc.TestBlockOutputStreamWithFailures" time="222.662"/>
  <testcase name="testWatchForCommitWithSingleNodeRatis" classname="org.apache.hadoop.ozone.client.rpc.TestBlockOutputStreamWithFailures" time="35.309"/>
  <testcase name="testWatchForCommitDatanodeFailure" classname="org.apache.hadoop.ozone.client.rpc.TestBlockOutputStreamWithFailures" time="42.315">
    <failure message="expected:&lt;2&gt; but was:&lt;3&gt;" type="java.lang.AssertionError"><![CDATA[java.lang.AssertionError: expected:<2> but was:<3>
	at org.junit.Assert.fail(Assert.java:88)
	at org.junit.Assert.failNotEquals(Assert.java:743)
	at org.junit.Assert.assertEquals(Assert.java:118)
	at org.junit.Assert.assertEquals(Assert.java:555)
	at org.junit.Assert.assertEquals(Assert.java:542)
	at org.apache.hadoop.ozone.client.rpc.TestBlockOutputStreamWithFailures.testWatchForCommitDatanodeFailure(TestBlockOutputStreamWithFailures.java:366)
	at sun.reflect.NativeMethodAccessorImpl.invoke0(Native Method)
	at sun.reflect.NativeMethodAccessorImpl.invoke(NativeMethodAccessorImpl.java:62)
	at sun.reflect.DelegatingMethodAccessorImpl.invoke(DelegatingMethodAccessorImpl.java:43)
	at java.lang.reflect.Method.invoke(Method.java:498)
	at org.junit.runners.model.FrameworkMethod$1.runReflectiveCall(FrameworkMethod.java:47)
	at org.junit.internal.runners.model.ReflectiveCallable.run(ReflectiveCallable.java:12)
	at org.junit.runners.model.FrameworkMethod.invokeExplosively(FrameworkMethod.java:44)
	at org.junit.internal.runners.statements.InvokeMethod.evaluate(InvokeMethod.java:17)
	at org.junit.internal.runners.statements.RunBefores.evaluate(RunBefores.java:26)
	at org.junit.internal.runners.statements.RunAfters.evaluate(RunAfters.java:27)
	at org.junit.runners.ParentRunner.runLeaf(ParentRunner.java:271)
	at org.junit.runners.BlockJUnit4ClassRunner.runChild(BlockJUnit4ClassRunner.java:70)
	at org.junit.runners.BlockJUnit4ClassRunner.runChild(BlockJUnit4ClassRunner.java:50)
	at org.junit.runners.ParentRunner$3.run(ParentRunner.java:238)
	at org.junit.runners.ParentRunner$1.schedule(ParentRunner.java:63)
	at org.junit.runners.ParentRunner.runChildren(ParentRunner.java:236)
	at org.junit.runners.ParentRunner.access$000(ParentRunner.java:53)
	at org.junit.runners.ParentRunner$2.evaluate(ParentRunner.java:229)
	at org.junit.runners.ParentRunner.run(ParentRunner.java:309)
	at org.apache.maven.surefire.junit4.JUnit4Provider.execute(JUnit4Provider.java:365)
	at org.apache.maven.surefire.junit4.JUnit4Provider.executeWithRerun(JUnit4Provider.java:273)
	at org.apache.maven.surefire.junit4.JUnit4Provider.executeTestSet(JUnit4Provider.java:238)
	at org.apache.maven.surefire.junit4.JUnit4Provider.invoke(JUnit4Provider.java:159)
	at org.apache.maven.surefire.booter.ForkedBooter.invokeProviderInSameClassLoader(ForkedBooter.java:384)
	at org.apache.maven.surefire.booter.ForkedBooter.runSuitesInProcess(ForkedBooter.java:345)
	at org.apache.maven.surefire.booter.ForkedBooter.execute(ForkedBooter.java:126)
	at org.apache.maven.surefire.booter.ForkedBooter.main(ForkedBooter.java:418)
]]></failure>
    <system-out><![CDATA[2019-10-01 11:05:07,669 [main] WARN  server.ServerUtils (ServerUtils.java:getScmDbDir(145)) - ozone.scm.db.dirs is not configured. We recommend adding this setting. Falling back to ozone.metadata.dirs instead.
2019-10-01 11:05:07,685 [main] WARN  server.ServerUtils (ServerUtils.java:getScmDbDir(145)) - ozone.scm.db.dirs is not configured. We recommend adding this setting. Falling back to ozone.metadata.dirs instead.
2019-10-01 11:05:07,685 [main] WARN  server.ServerUtils (ServerUtils.java:getScmDbDir(145)) - ozone.scm.db.dirs is not configured. We recommend adding this setting. Falling back to ozone.metadata.dirs instead.
2019-10-01 11:05:07,685 [main] INFO  db.DBStoreBuilder (DBStoreBuilder.java:addTable(110)) - using custom profile for table: deletedBlocks
2019-10-01 11:05:07,686 [main] INFO  db.DBStoreBuilder (DBStoreBuilder.java:processTables(161)) - Using default column profile:DBProfile.DISK for Table:deletedBlocks
2019-10-01 11:05:07,686 [main] INFO  db.DBStoreBuilder (DBStoreBuilder.java:addTable(110)) - using custom profile for table: validCerts
2019-10-01 11:05:07,686 [main] INFO  db.DBStoreBuilder (DBStoreBuilder.java:processTables(161)) - Using default column profile:DBProfile.DISK for Table:validCerts
2019-10-01 11:05:07,686 [main] INFO  db.DBStoreBuilder (DBStoreBuilder.java:addTable(110)) - using custom profile for table: revokedCerts
2019-10-01 11:05:07,687 [main] INFO  db.DBStoreBuilder (DBStoreBuilder.java:processTables(161)) - Using default column profile:DBProfile.DISK for Table:revokedCerts
2019-10-01 11:05:07,687 [main] INFO  db.DBStoreBuilder (DBStoreBuilder.java:addTable(110)) - using custom profile for table: default
2019-10-01 11:05:07,687 [main] INFO  db.DBStoreBuilder (DBStoreBuilder.java:processTables(167)) - Using default column profile:DBProfile.DISK for Table:default
2019-10-01 11:05:07,687 [main] INFO  db.DBStoreBuilder (DBStoreBuilder.java:getDbProfile(198)) - Using default options. DBProfile.DISK
2019-10-01 11:05:07,860 [main] INFO  net.NodeSchemaLoader (NodeSchemaLoader.java:loadSchemaFromFile(125)) - Loading file from sun.misc.CompoundEnumeration@6a567f7b
2019-10-01 11:05:07,861 [main] INFO  net.NodeSchemaLoader (NodeSchemaLoader.java:loadSchema(171)) - Loading network topology layer schema file
2019-10-01 11:05:07,867 [main] INFO  node.SCMNodeManager (SCMNodeManager.java:<init>(114)) - Entering startup safe mode.
2019-10-01 11:05:07,868 [main] INFO  algorithms.ContainerPlacementPolicyFactory (ContainerPlacementPolicyFactory.java:getPolicy(57)) - Create container placement policy of type org.apache.hadoop.hdds.scm.container.placement.algorithms.SCMContainerPlacementRandom
2019-10-01 11:05:07,868 [main] WARN  server.ServerUtils (ServerUtils.java:getScmDbDir(145)) - ozone.scm.db.dirs is not configured. We recommend adding this setting. Falling back to ozone.metadata.dirs instead.
2019-10-01 11:05:07,915 [main] INFO  pipeline.SCMPipelineManager (SCMPipelineManager.java:initializePipelineState(132)) - No pipeline exists in current db
2019-10-01 11:05:07,915 [main] WARN  server.ServerUtils (ServerUtils.java:getScmDbDir(145)) - ozone.scm.db.dirs is not configured. We recommend adding this setting. Falling back to ozone.metadata.dirs instead.
2019-10-01 11:05:07,956 [main] WARN  events.EventQueue (EventQueue.java:fireEvent(183)) - No event handler registered for event TypedEvent{payloadType=SafeModeStatus, name='SafeModeStatus'}
2019-10-01 11:05:07,957 [main] INFO  ipc.CallQueueManager (CallQueueManager.java:<init>(84)) - Using callQueue: class java.util.concurrent.LinkedBlockingQueue, queueCapacity: 2000, scheduler: class org.apache.hadoop.ipc.DefaultRpcScheduler, ipcBackoff: false.
2019-10-01 11:05:07,958 [Socket Reader #1 for port 41975] INFO  ipc.Server (Server.java:run(1074)) - Starting Socket Reader #1 for port 41975
2019-10-01 11:05:07,959 [main] INFO  ipc.CallQueueManager (CallQueueManager.java:<init>(84)) - Using callQueue: class java.util.concurrent.LinkedBlockingQueue, queueCapacity: 2000, scheduler: class org.apache.hadoop.ipc.DefaultRpcScheduler, ipcBackoff: false.
2019-10-01 11:05:07,960 [Socket Reader #1 for port 45279] INFO  ipc.Server (Server.java:run(1074)) - Starting Socket Reader #1 for port 45279
2019-10-01 11:05:07,961 [main] INFO  ipc.CallQueueManager (CallQueueManager.java:<init>(84)) - Using callQueue: class java.util.concurrent.LinkedBlockingQueue, queueCapacity: 2000, scheduler: class org.apache.hadoop.ipc.DefaultRpcScheduler, ipcBackoff: false.
2019-10-01 11:05:07,961 [Socket Reader #1 for port 42645] INFO  ipc.Server (Server.java:run(1074)) - Starting Socket Reader #1 for port 42645
2019-10-01 11:05:07,963 [main] INFO  hdfs.DFSUtil (DFSUtil.java:httpServerTemplateForNNAndJN(1641)) - Starting Web-server for scm at: http://0.0.0.0:0
2019-10-01 11:05:07,965 [main] INFO  server.AuthenticationFilter (AuthenticationFilter.java:constructSecretProvider(240)) - Unable to initialize FileSignerSecretProvider, falling back to use random secrets.
2019-10-01 11:05:07,966 [main] WARN  http.HttpRequestLog (HttpRequestLog.java:getRequestLog(97)) - Jetty request log can only be enabled using Log4j
2019-10-01 11:05:07,968 [main] INFO  http.HttpServer2 (HttpServer2.java:addGlobalFilter(975)) - Added global filter 'safety' (class=org.apache.hadoop.http.HttpServer2$QuotingInputFilter)
2019-10-01 11:05:07,969 [main] INFO  http.HttpServer2 (HttpServer2.java:addFilter(948)) - Added filter static_user_filter (class=org.apache.hadoop.http.lib.StaticUserWebFilter$StaticUserFilter) to context scm
2019-10-01 11:05:07,969 [main] INFO  http.HttpServer2 (HttpServer2.java:addFilter(958)) - Added filter static_user_filter (class=org.apache.hadoop.http.lib.StaticUserWebFilter$StaticUserFilter) to context static
2019-10-01 11:05:07,969 [main] INFO  http.HttpServer2 (HttpServer2.java:addFilter(958)) - Added filter static_user_filter (class=org.apache.hadoop.http.lib.StaticUserWebFilter$StaticUserFilter) to context logs
2019-10-01 11:05:07,971 [main] INFO  server.StorageContainerManager (StorageContainerManager.java:start(770)) - StorageContainerLocationProtocol RPC server is listening at /0.0.0.0:42645
2019-10-01 11:05:07,973 [main] WARN  impl.MetricsConfig (MetricsConfig.java:loadFirst(134)) - Cannot locate configuration: tried hadoop-metrics2-storagecontainermanager.properties,hadoop-metrics2.properties
2019-10-01 11:05:07,974 [main] INFO  impl.MetricsSystemImpl (MetricsSystemImpl.java:startTimer(374)) - Scheduled Metric snapshot period at 10 second(s).
2019-10-01 11:05:07,974 [main] INFO  impl.MetricsSystemImpl (MetricsSystemImpl.java:start(191)) - StorageContainerManager metrics system started
2019-10-01 11:05:08,017 [main] WARN  impl.MetricsSystemImpl (MetricsSystemImpl.java:register(276)) - Sink prometheus already exists!
2019-10-01 11:05:08,097 [main] INFO  server.SCMClientProtocolServer (SCMClientProtocolServer.java:start(150)) - RPC server for Client  is listening at /0.0.0.0:42645
2019-10-01 11:05:08,097 [IPC Server Responder] INFO  ipc.Server (Server.java:run(1314)) - IPC Server Responder: starting
2019-10-01 11:05:08,097 [IPC Server listener on 42645] INFO  ipc.Server (Server.java:run(1153)) - IPC Server listener on 42645: starting
2019-10-01 11:05:08,105 [main] INFO  server.StorageContainerManager (StorageContainerManager.java:start(780)) - ScmBlockLocationProtocol RPC server is listening at /0.0.0.0:45279
2019-10-01 11:05:08,105 [main] INFO  server.SCMBlockProtocolServer (SCMBlockProtocolServer.java:start(146)) - RPC server for Block Protocol is listening at /0.0.0.0:45279
2019-10-01 11:05:08,105 [IPC Server listener on 45279] INFO  ipc.Server (Server.java:run(1153)) - IPC Server listener on 45279: starting
2019-10-01 11:05:08,105 [IPC Server Responder] INFO  ipc.Server (Server.java:run(1314)) - IPC Server Responder: starting
2019-10-01 11:05:08,109 [main] INFO  server.StorageContainerManager (StorageContainerManager.java:start(784)) - ScmDatanodeProtocl RPC server is listening at /0.0.0.0:41975
2019-10-01 11:05:08,109 [main] INFO  server.SCMDatanodeProtocolServer (SCMDatanodeProtocolServer.java:start(191)) - RPC server for DataNodes is listening at /0.0.0.0:41975
2019-10-01 11:05:08,110 [IPC Server Responder] INFO  ipc.Server (Server.java:run(1314)) - IPC Server Responder: starting
2019-10-01 11:05:08,111 [IPC Server listener on 41975] INFO  ipc.Server (Server.java:run(1153)) - IPC Server listener on 41975: starting
2019-10-01 11:05:08,114 [main] INFO  http.HttpServer2 (HttpServer2.java:bindListener(1191)) - Jetty bound to port 44787
2019-10-01 11:05:08,114 [main] INFO  server.Server (Server.java:doStart(351)) - jetty-9.3.25.v20180904, build timestamp: 2018-09-04T21:11:46Z, git hash: 3ce520221d0240229c862b122d2b06c12a625732
2019-10-01 11:05:08,115 [main] INFO  handler.ContextHandler (ContextHandler.java:doStart(781)) - Started o.e.j.s.ServletContextHandler@61394494{/logs,file:///workdir/hadoop-ozone/integration-test/target/log,AVAILABLE}
2019-10-01 11:05:08,116 [main] INFO  handler.ContextHandler (ContextHandler.java:doStart(781)) - Started o.e.j.s.ServletContextHandler@7c453c34{/static,file:///workdir/hadoop-ozone/integration-test/target/test-classes/webapps/static,AVAILABLE}
2019-10-01 11:05:08,119 [main] INFO  handler.ContextHandler (ContextHandler.java:doStart(781)) - Started o.e.j.w.WebAppContext@5111de7c{/,file:///workdir/hadoop-ozone/integration-test/target/test-classes/webapps/scm/,AVAILABLE}{/scm}
2019-10-01 11:05:08,120 [main] INFO  server.AbstractConnector (AbstractConnector.java:doStart(278)) - Started ServerConnector@7ac48e10{HTTP/1.1,[http/1.1]}{0.0.0.0:44787}
2019-10-01 11:05:08,121 [main] INFO  server.Server (Server.java:doStart(419)) - Started @528949ms
2019-10-01 11:05:08,121 [main] WARN  impl.MetricsSystemImpl (MetricsSystemImpl.java:register(276)) - Sink prometheus already exists!
2019-10-01 11:05:08,122 [main] INFO  server.BaseHttpServer (BaseHttpServer.java:updateConnectorAddress(215)) - HTTP server of SCM is listening at http://0.0.0.0:44787
2019-10-01 11:05:08,123 [main] WARN  server.ServerUtils (ServerUtils.java:getDBPath(222)) - ozone.om.db.dirs is not configured. We recommend adding this setting. Falling back to ozone.metadata.dirs instead.
2019-10-01 11:05:08,124 [org.apache.hadoop.util.JvmPauseMonitor$Monitor@6b1321b7] INFO  util.JvmPauseMonitor (JvmPauseMonitor.java:run(188)) - Starting JVM pause monitor
2019-10-01 11:05:08,138 [main] WARN  server.ServerUtils (ServerUtils.java:getDBPath(222)) - ozone.om.db.dirs is not configured. We recommend adding this setting. Falling back to ozone.metadata.dirs instead.
2019-10-01 11:05:08,138 [main] WARN  server.ServerUtils (ServerUtils.java:getDBPath(222)) - ozone.om.db.dirs is not configured. We recommend adding this setting. Falling back to ozone.metadata.dirs instead.
2019-10-01 11:05:08,138 [main] INFO  om.OzoneManager (OzoneManager.java:setOMNodeDetails(652)) - OM Service ID is not set. Setting it to the default ID: omServiceIdDefault
2019-10-01 11:05:08,138 [main] INFO  om.OzoneManager (OzoneManager.java:setOMNodeDetails(658)) - OM Node ID is not set. Setting it to the OmStorage's OmID: 80bf85c2-436b-4ccb-a3b0-f33fd334ec77
2019-10-01 11:05:08,139 [main] INFO  om.OzoneManager (OzoneManager.java:loadOMHAConfigs(609)) - Found matching OM address with OMServiceId: null, OMNodeId: null, RPC Address: localhost:0 and Ratis port: 9872
2019-10-01 11:05:08,145 [main] WARN  server.ServerUtils (ServerUtils.java:getDBPath(222)) - ozone.om.db.dirs is not configured. We recommend adding this setting. Falling back to ozone.metadata.dirs instead.
2019-10-01 11:05:08,145 [main] INFO  db.DBStoreBuilder (DBStoreBuilder.java:addTable(110)) - using custom profile for table: userTable
2019-10-01 11:05:08,145 [main] INFO  db.DBStoreBuilder (DBStoreBuilder.java:processTables(161)) - Using default column profile:DBProfile.DISK for Table:userTable
2019-10-01 11:05:08,145 [main] INFO  db.DBStoreBuilder (DBStoreBuilder.java:addTable(110)) - using custom profile for table: volumeTable
2019-10-01 11:05:08,146 [main] INFO  db.DBStoreBuilder (DBStoreBuilder.java:processTables(161)) - Using default column profile:DBProfile.DISK for Table:volumeTable
2019-10-01 11:05:08,146 [main] INFO  db.DBStoreBuilder (DBStoreBuilder.java:addTable(110)) - using custom profile for table: bucketTable
2019-10-01 11:05:08,146 [main] INFO  db.DBStoreBuilder (DBStoreBuilder.java:processTables(161)) - Using default column profile:DBProfile.DISK for Table:bucketTable
2019-10-01 11:05:08,146 [main] INFO  db.DBStoreBuilder (DBStoreBuilder.java:addTable(110)) - using custom profile for table: keyTable
2019-10-01 11:05:08,146 [main] INFO  db.DBStoreBuilder (DBStoreBuilder.java:processTables(161)) - Using default column profile:DBProfile.DISK for Table:keyTable
2019-10-01 11:05:08,146 [main] INFO  db.DBStoreBuilder (DBStoreBuilder.java:addTable(110)) - using custom profile for table: deletedTable
2019-10-01 11:05:08,147 [main] INFO  db.DBStoreBuilder (DBStoreBuilder.java:processTables(161)) - Using default column profile:DBProfile.DISK for Table:deletedTable
2019-10-01 11:05:08,147 [main] INFO  db.DBStoreBuilder (DBStoreBuilder.java:addTable(110)) - using custom profile for table: openKeyTable
2019-10-01 11:05:08,147 [main] INFO  db.DBStoreBuilder (DBStoreBuilder.java:processTables(161)) - Using default column profile:DBProfile.DISK for Table:openKeyTable
2019-10-01 11:05:08,147 [main] INFO  db.DBStoreBuilder (DBStoreBuilder.java:addTable(110)) - using custom profile for table: s3Table
2019-10-01 11:05:08,147 [main] INFO  db.DBStoreBuilder (DBStoreBuilder.java:processTables(161)) - Using default column profile:DBProfile.DISK for Table:s3Table
2019-10-01 11:05:08,147 [main] INFO  db.DBStoreBuilder (DBStoreBuilder.java:addTable(110)) - using custom profile for table: multipartInfoTable
2019-10-01 11:05:08,148 [main] INFO  db.DBStoreBuilder (DBStoreBuilder.java:processTables(161)) - Using default column profile:DBProfile.DISK for Table:multipartInfoTable
2019-10-01 11:05:08,148 [main] INFO  db.DBStoreBuilder (DBStoreBuilder.java:addTable(110)) - using custom profile for table: dTokenTable
2019-10-01 11:05:08,148 [main] INFO  db.DBStoreBuilder (DBStoreBuilder.java:processTables(161)) - Using default column profile:DBProfile.DISK for Table:dTokenTable
2019-10-01 11:05:08,148 [main] INFO  db.DBStoreBuilder (DBStoreBuilder.java:addTable(110)) - using custom profile for table: s3SecretTable
2019-10-01 11:05:08,148 [main] INFO  db.DBStoreBuilder (DBStoreBuilder.java:processTables(161)) - Using default column profile:DBProfile.DISK for Table:s3SecretTable
2019-10-01 11:05:08,148 [main] INFO  db.DBStoreBuilder (DBStoreBuilder.java:addTable(110)) - using custom profile for table: prefixTable
2019-10-01 11:05:08,148 [main] INFO  db.DBStoreBuilder (DBStoreBuilder.java:processTables(161)) - Using default column profile:DBProfile.DISK for Table:prefixTable
2019-10-01 11:05:08,149 [main] INFO  db.DBStoreBuilder (DBStoreBuilder.java:addTable(110)) - using custom profile for table: default
2019-10-01 11:05:08,149 [main] INFO  db.DBStoreBuilder (DBStoreBuilder.java:processTables(167)) - Using default column profile:DBProfile.DISK for Table:default
2019-10-01 11:05:08,149 [main] INFO  db.DBStoreBuilder (DBStoreBuilder.java:getDbProfile(198)) - Using default options. DBProfile.DISK
2019-10-01 11:05:08,648 [main] INFO  ipc.CallQueueManager (CallQueueManager.java:<init>(84)) - Using callQueue: class java.util.concurrent.LinkedBlockingQueue, queueCapacity: 2000, scheduler: class org.apache.hadoop.ipc.DefaultRpcScheduler, ipcBackoff: false.
2019-10-01 11:05:08,649 [Socket Reader #1 for port 41336] INFO  ipc.Server (Server.java:run(1074)) - Starting Socket Reader #1 for port 41336
2019-10-01 11:05:08,667 [main] INFO  om.OzoneManager (OzoneManager.java:start(1243)) - OzoneManager RPC server is listening at localhost/127.0.0.1:41336
2019-10-01 11:05:08,668 [main] INFO  impl.MetricsSystemImpl (MetricsSystemImpl.java:init(158)) - OzoneManager metrics system started (again)
2019-10-01 11:05:08,668 [IPC Server Responder] INFO  ipc.Server (Server.java:run(1314)) - IPC Server Responder: starting
2019-10-01 11:05:08,669 [IPC Server listener on 41336] INFO  ipc.Server (Server.java:run(1153)) - IPC Server listener on 41336: starting
2019-10-01 11:05:08,675 [main] INFO  hdfs.DFSUtil (DFSUtil.java:httpServerTemplateForNNAndJN(1641)) - Starting Web-server for ozoneManager at: http://0.0.0.0:0
2019-10-01 11:05:08,676 [main] INFO  server.AuthenticationFilter (AuthenticationFilter.java:constructSecretProvider(240)) - Unable to initialize FileSignerSecretProvider, falling back to use random secrets.
2019-10-01 11:05:08,677 [main] WARN  http.HttpRequestLog (HttpRequestLog.java:getRequestLog(97)) - Jetty request log can only be enabled using Log4j
2019-10-01 11:05:08,679 [main] INFO  http.HttpServer2 (HttpServer2.java:addGlobalFilter(975)) - Added global filter 'safety' (class=org.apache.hadoop.http.HttpServer2$QuotingInputFilter)
2019-10-01 11:05:08,679 [main] INFO  http.HttpServer2 (HttpServer2.java:addFilter(948)) - Added filter static_user_filter (class=org.apache.hadoop.http.lib.StaticUserWebFilter$StaticUserFilter) to context ozoneManager
2019-10-01 11:05:08,679 [main] INFO  http.HttpServer2 (HttpServer2.java:addFilter(958)) - Added filter static_user_filter (class=org.apache.hadoop.http.lib.StaticUserWebFilter$StaticUserFilter) to context static
2019-10-01 11:05:08,680 [main] INFO  http.HttpServer2 (HttpServer2.java:addFilter(958)) - Added filter static_user_filter (class=org.apache.hadoop.http.lib.StaticUserWebFilter$StaticUserFilter) to context logs
2019-10-01 11:05:08,680 [main] INFO  http.HttpServer2 (HttpServer2.java:bindListener(1191)) - Jetty bound to port 42805
2019-10-01 11:05:08,681 [main] INFO  server.Server (Server.java:doStart(351)) - jetty-9.3.25.v20180904, build timestamp: 2018-09-04T21:11:46Z, git hash: 3ce520221d0240229c862b122d2b06c12a625732
2019-10-01 11:05:08,682 [main] INFO  handler.ContextHandler (ContextHandler.java:doStart(781)) - Started o.e.j.s.ServletContextHandler@353c6da1{/logs,file:///workdir/hadoop-ozone/integration-test/target/log,AVAILABLE}
2019-10-01 11:05:08,683 [main] INFO  handler.ContextHandler (ContextHandler.java:doStart(781)) - Started o.e.j.s.ServletContextHandler@6750e381{/static,file:///workdir/hadoop-ozone/integration-test/target/test-classes/webapps/static,AVAILABLE}
2019-10-01 11:05:08,687 [main] INFO  handler.ContextHandler (ContextHandler.java:doStart(781)) - Started o.e.j.w.WebAppContext@d87d449{/,file:///workdir/hadoop-ozone/integration-test/target/test-classes/webapps/ozoneManager/,AVAILABLE}{/ozoneManager}
2019-10-01 11:05:08,688 [main] INFO  server.AbstractConnector (AbstractConnector.java:doStart(278)) - Started ServerConnector@4137aab0{HTTP/1.1,[http/1.1]}{0.0.0.0:42805}
2019-10-01 11:05:08,689 [main] INFO  server.Server (Server.java:doStart(419)) - Started @529519ms
2019-10-01 11:05:08,689 [main] WARN  impl.MetricsSystemImpl (MetricsSystemImpl.java:register(276)) - Sink prometheus already exists!
2019-10-01 11:05:08,691 [main] INFO  server.BaseHttpServer (BaseHttpServer.java:updateConnectorAddress(215)) - HTTP server of OZONEMANAGER is listening at http://0.0.0.0:42805
2019-10-01 11:05:08,707 [main] INFO  impl.MetricsSystemImpl (MetricsSystemImpl.java:init(158)) - HddsDatanode metrics system started (again)
2019-10-01 11:05:08,711 [main] INFO  ozone.HddsDatanodeService (HddsDatanodeService.java:start(184)) - HddsDatanodeService host:pr-hdds-2214-vjltc-212603711 ip:192.168.151.80
2019-10-01 11:05:08,718 [main] INFO  volume.HddsVolume (HddsVolume.java:<init>(176)) - Creating Volume: /workdir/hadoop-ozone/integration-test/target/test-dir/MiniOzoneClusterImpl-2f0d656a-aa1e-467a-b42c-bab793932067/datanode-0/data/containers/hdds of  storage type : DISK and capacity : 1482555576320
2019-10-01 11:05:08,718 [main] INFO  volume.VolumeSet (VolumeSet.java:initializeVolumeSet(170)) - Added Volume : /workdir/hadoop-ozone/integration-test/target/test-dir/MiniOzoneClusterImpl-2f0d656a-aa1e-467a-b42c-bab793932067/datanode-0/data/containers/hdds to VolumeSet
2019-10-01 11:05:08,718 [main] INFO  volume.ThrottledAsyncChecker (ThrottledAsyncChecker.java:schedule(139)) - Scheduling a check for org.apache.hadoop.ozone.container.common.volume.HddsVolume@5f8f1712
2019-10-01 11:05:08,719 [main] INFO  volume.HddsVolumeChecker (HddsVolumeChecker.java:checkAllVolumes(202)) - Scheduled health check for volume org.apache.hadoop.ozone.container.common.volume.HddsVolume@5f8f1712
2019-10-01 11:05:08,734 [main] INFO  impl.RaftServerProxy (ConfUtils.java:logGet(43)) - raft.rpc.type = GRPC (default)
2019-10-01 11:05:08,734 [main] INFO  grpc.GrpcFactory (GrpcFactory.java:checkPooledByteBufAllocatorUseCacheForAllThreads(45)) - PERFORMANCE WARNING: useCacheForAllThreads is true that may cause Netty to create a lot garbage objects and, as a result, trigger GC.
	It is recommended to disable useCacheForAllThreads by setting -Dorg.apache.ratis.thirdparty.io.netty.allocator.useCacheForAllThreads=false in command line.
2019-10-01 11:05:08,734 [main] INFO  grpc.GrpcConfigKeys$Server (ConfUtils.java:logGet(43)) - raft.grpc.server.port = 0 (default)
2019-10-01 11:05:08,734 [main] INFO  server.GrpcService (ConfUtils.java:logGet(43)) - raft.grpc.message.size.max = 33570816 (custom)
2019-10-01 11:05:08,735 [main] INFO  server.RaftServerConfigKeys (ConfUtils.java:logGet(43)) - raft.server.log.appender.buffer.byte-limit = 33554432 (custom)
2019-10-01 11:05:08,735 [main] INFO  server.GrpcService (ConfUtils.java:logGet(43)) - raft.grpc.flow.control.window = 1MB (=1048576) (default)
2019-10-01 11:05:08,735 [main] INFO  server.RaftServerConfigKeys (ConfUtils.java:logGet(43)) - raft.server.rpc.request.timeout = 3000ms (default)
2019-10-01 11:05:08,736 [main] INFO  server.RaftServerConfigKeys (ConfUtils.java:logGet(43)) - raft.server.storage.dir = [/workdir/hadoop-ozone/integration-test/target/test-dir/MiniOzoneClusterImpl-2f0d656a-aa1e-467a-b42c-bab793932067/datanode-0/data/ratis] (custom)
2019-10-01 11:05:08,737 [main] INFO  hdfs.DFSUtil (DFSUtil.java:httpServerTemplateForNNAndJN(1641)) - Starting Web-server for hddsDatanode at: http://0.0.0.0:0
2019-10-01 11:05:08,738 [main] INFO  server.AuthenticationFilter (AuthenticationFilter.java:constructSecretProvider(240)) - Unable to initialize FileSignerSecretProvider, falling back to use random secrets.
2019-10-01 11:05:08,739 [main] WARN  http.HttpRequestLog (HttpRequestLog.java:getRequestLog(97)) - Jetty request log can only be enabled using Log4j
2019-10-01 11:05:08,740 [main] INFO  http.HttpServer2 (HttpServer2.java:addGlobalFilter(975)) - Added global filter 'safety' (class=org.apache.hadoop.http.HttpServer2$QuotingInputFilter)
2019-10-01 11:05:08,740 [main] INFO  http.HttpServer2 (HttpServer2.java:addFilter(948)) - Added filter static_user_filter (class=org.apache.hadoop.http.lib.StaticUserWebFilter$StaticUserFilter) to context hddsDatanode
2019-10-01 11:05:08,741 [main] INFO  http.HttpServer2 (HttpServer2.java:addFilter(958)) - Added filter static_user_filter (class=org.apache.hadoop.http.lib.StaticUserWebFilter$StaticUserFilter) to context static
2019-10-01 11:05:08,741 [main] INFO  http.HttpServer2 (HttpServer2.java:addFilter(958)) - Added filter static_user_filter (class=org.apache.hadoop.http.lib.StaticUserWebFilter$StaticUserFilter) to context logs
2019-10-01 11:05:08,741 [main] INFO  http.HttpServer2 (HttpServer2.java:bindListener(1191)) - Jetty bound to port 33417
2019-10-01 11:05:08,741 [main] INFO  server.Server (Server.java:doStart(351)) - jetty-9.3.25.v20180904, build timestamp: 2018-09-04T21:11:46Z, git hash: 3ce520221d0240229c862b122d2b06c12a625732
2019-10-01 11:05:08,743 [main] INFO  handler.ContextHandler (ContextHandler.java:doStart(781)) - Started o.e.j.s.ServletContextHandler@34edd065{/logs,file:///workdir/hadoop-ozone/integration-test/target/log,AVAILABLE}
2019-10-01 11:05:08,743 [main] INFO  handler.ContextHandler (ContextHandler.java:doStart(781)) - Started o.e.j.s.ServletContextHandler@29d070c7{/static,jar:file:/home/user/.m2/repository/org/apache/hadoop/hadoop-hdds-container-service/0.5.0-SNAPSHOT/hadoop-hdds-container-service-0.5.0-SNAPSHOT.jar!/webapps/static,AVAILABLE}
2019-10-01 11:05:08,773 [main] INFO  handler.ContextHandler (ContextHandler.java:doStart(781)) - Started o.e.j.w.WebAppContext@120aa40b{/,file:///tmp/jetty-0.0.0.0-33417-hddsDatanode-_-any-8128575846947882400.dir/webapp/,AVAILABLE}{/hddsDatanode}
2019-10-01 11:05:08,773 [main] INFO  server.AbstractConnector (AbstractConnector.java:doStart(278)) - Started ServerConnector@32ab408e{HTTP/1.1,[http/1.1]}{0.0.0.0:33417}
2019-10-01 11:05:08,773 [main] INFO  server.Server (Server.java:doStart(419)) - Started @529603ms
2019-10-01 11:05:08,775 [main] WARN  impl.MetricsSystemImpl (MetricsSystemImpl.java:register(276)) - Sink prometheus already exists!
2019-10-01 11:05:08,775 [main] INFO  server.BaseHttpServer (BaseHttpServer.java:updateConnectorAddress(215)) - HTTP server of HDDSDATANODE is listening at http://0.0.0.0:33417
2019-10-01 11:05:08,776 [main] INFO  impl.MetricsSystemImpl (MetricsSystemImpl.java:init(158)) - HddsDatanode metrics system started (again)
2019-10-01 11:05:08,779 [main] INFO  ozone.HddsDatanodeService (HddsDatanodeService.java:start(184)) - HddsDatanodeService host:pr-hdds-2214-vjltc-212603711 ip:192.168.151.80
2019-10-01 11:05:08,779 [org.apache.hadoop.util.JvmPauseMonitor$Monitor@1203af10] INFO  util.JvmPauseMonitor (JvmPauseMonitor.java:run(188)) - Starting JVM pause monitor
2019-10-01 11:05:08,781 [Datanode State Machine Thread - 0] INFO  datanode.InitDatanodeState (InitDatanodeState.java:persistContainerDatanodeDetails(140)) - DatanodeDetails is persisted to /workdir/hadoop-ozone/integration-test/target/test-dir/MiniOzoneClusterImpl-2f0d656a-aa1e-467a-b42c-bab793932067/datanode-0/meta/datanode.id
2019-10-01 11:05:08,785 [main] INFO  volume.HddsVolume (HddsVolume.java:<init>(176)) - Creating Volume: /workdir/hadoop-ozone/integration-test/target/test-dir/MiniOzoneClusterImpl-2f0d656a-aa1e-467a-b42c-bab793932067/datanode-1/data/containers/hdds of  storage type : DISK and capacity : 1482555576320
2019-10-01 11:05:08,785 [main] INFO  volume.VolumeSet (VolumeSet.java:initializeVolumeSet(170)) - Added Volume : /workdir/hadoop-ozone/integration-test/target/test-dir/MiniOzoneClusterImpl-2f0d656a-aa1e-467a-b42c-bab793932067/datanode-1/data/containers/hdds to VolumeSet
2019-10-01 11:05:08,785 [main] INFO  volume.ThrottledAsyncChecker (ThrottledAsyncChecker.java:schedule(139)) - Scheduling a check for org.apache.hadoop.ozone.container.common.volume.HddsVolume@4fb64a52
2019-10-01 11:05:08,786 [main] INFO  volume.HddsVolumeChecker (HddsVolumeChecker.java:checkAllVolumes(202)) - Scheduled health check for volume org.apache.hadoop.ozone.container.common.volume.HddsVolume@4fb64a52
2019-10-01 11:05:08,798 [main] INFO  impl.RaftServerProxy (ConfUtils.java:logGet(43)) - raft.rpc.type = GRPC (default)
2019-10-01 11:05:08,798 [main] INFO  grpc.GrpcFactory (GrpcFactory.java:checkPooledByteBufAllocatorUseCacheForAllThreads(45)) - PERFORMANCE WARNING: useCacheForAllThreads is true that may cause Netty to create a lot garbage objects and, as a result, trigger GC.
	It is recommended to disable useCacheForAllThreads by setting -Dorg.apache.ratis.thirdparty.io.netty.allocator.useCacheForAllThreads=false in command line.
2019-10-01 11:05:08,798 [main] INFO  grpc.GrpcConfigKeys$Server (ConfUtils.java:logGet(43)) - raft.grpc.server.port = 0 (default)
2019-10-01 11:05:08,798 [main] INFO  server.GrpcService (ConfUtils.java:logGet(43)) - raft.grpc.message.size.max = 33570816 (custom)
2019-10-01 11:05:08,799 [main] INFO  server.RaftServerConfigKeys (ConfUtils.java:logGet(43)) - raft.server.log.appender.buffer.byte-limit = 33554432 (custom)
2019-10-01 11:05:08,799 [main] INFO  server.GrpcService (ConfUtils.java:logGet(43)) - raft.grpc.flow.control.window = 1MB (=1048576) (default)
2019-10-01 11:05:08,799 [main] INFO  server.RaftServerConfigKeys (ConfUtils.java:logGet(43)) - raft.server.rpc.request.timeout = 3000ms (default)
2019-10-01 11:05:08,799 [main] INFO  server.RaftServerConfigKeys (ConfUtils.java:logGet(43)) - raft.server.storage.dir = [/workdir/hadoop-ozone/integration-test/target/test-dir/MiniOzoneClusterImpl-2f0d656a-aa1e-467a-b42c-bab793932067/datanode-1/data/ratis] (custom)
2019-10-01 11:05:08,800 [main] INFO  hdfs.DFSUtil (DFSUtil.java:httpServerTemplateForNNAndJN(1641)) - Starting Web-server for hddsDatanode at: http://0.0.0.0:0
2019-10-01 11:05:08,801 [main] INFO  server.AuthenticationFilter (AuthenticationFilter.java:constructSecretProvider(240)) - Unable to initialize FileSignerSecretProvider, falling back to use random secrets.
2019-10-01 11:05:08,802 [main] WARN  http.HttpRequestLog (HttpRequestLog.java:getRequestLog(97)) - Jetty request log can only be enabled using Log4j
2019-10-01 11:05:08,803 [main] INFO  http.HttpServer2 (HttpServer2.java:addGlobalFilter(975)) - Added global filter 'safety' (class=org.apache.hadoop.http.HttpServer2$QuotingInputFilter)
2019-10-01 11:05:08,803 [main] INFO  http.HttpServer2 (HttpServer2.java:addFilter(948)) - Added filter static_user_filter (class=org.apache.hadoop.http.lib.StaticUserWebFilter$StaticUserFilter) to context hddsDatanode
2019-10-01 11:05:08,803 [main] INFO  http.HttpServer2 (HttpServer2.java:addFilter(958)) - Added filter static_user_filter (class=org.apache.hadoop.http.lib.StaticUserWebFilter$StaticUserFilter) to context logs
2019-10-01 11:05:08,804 [main] INFO  http.HttpServer2 (HttpServer2.java:addFilter(958)) - Added filter static_user_filter (class=org.apache.hadoop.http.lib.StaticUserWebFilter$StaticUserFilter) to context static
2019-10-01 11:05:08,804 [main] INFO  http.HttpServer2 (HttpServer2.java:bindListener(1191)) - Jetty bound to port 44369
2019-10-01 11:05:08,804 [main] INFO  server.Server (Server.java:doStart(351)) - jetty-9.3.25.v20180904, build timestamp: 2018-09-04T21:11:46Z, git hash: 3ce520221d0240229c862b122d2b06c12a625732
2019-10-01 11:05:08,806 [main] INFO  handler.ContextHandler (ContextHandler.java:doStart(781)) - Started o.e.j.s.ServletContextHandler@2484dbb7{/logs,file:///workdir/hadoop-ozone/integration-test/target/log,AVAILABLE}
2019-10-01 11:05:08,806 [main] INFO  handler.ContextHandler (ContextHandler.java:doStart(781)) - Started o.e.j.s.ServletContextHandler@48e41b5d{/static,jar:file:/home/user/.m2/repository/org/apache/hadoop/hadoop-hdds-container-service/0.5.0-SNAPSHOT/hadoop-hdds-container-service-0.5.0-SNAPSHOT.jar!/webapps/static,AVAILABLE}
2019-10-01 11:05:08,833 [main] INFO  handler.ContextHandler (ContextHandler.java:doStart(781)) - Started o.e.j.w.WebAppContext@279126f5{/,file:///tmp/jetty-0.0.0.0-44369-hddsDatanode-_-any-1466716227328158282.dir/webapp/,AVAILABLE}{/hddsDatanode}
2019-10-01 11:05:08,833 [main] INFO  server.AbstractConnector (AbstractConnector.java:doStart(278)) - Started ServerConnector@7781263c{HTTP/1.1,[http/1.1]}{0.0.0.0:44369}
2019-10-01 11:05:08,833 [main] INFO  server.Server (Server.java:doStart(419)) - Started @529663ms
2019-10-01 11:05:08,835 [main] WARN  impl.MetricsSystemImpl (MetricsSystemImpl.java:register(276)) - Sink prometheus already exists!
2019-10-01 11:05:08,835 [main] INFO  server.BaseHttpServer (BaseHttpServer.java:updateConnectorAddress(215)) - HTTP server of HDDSDATANODE is listening at http://0.0.0.0:44369
2019-10-01 11:05:08,836 [main] INFO  impl.MetricsSystemImpl (MetricsSystemImpl.java:init(158)) - HddsDatanode metrics system started (again)
2019-10-01 11:05:08,839 [org.apache.hadoop.util.JvmPauseMonitor$Monitor@2680d60] INFO  util.JvmPauseMonitor (JvmPauseMonitor.java:run(188)) - Starting JVM pause monitor
2019-10-01 11:05:08,839 [main] INFO  ozone.HddsDatanodeService (HddsDatanodeService.java:start(184)) - HddsDatanodeService host:pr-hdds-2214-vjltc-212603711 ip:192.168.151.80
2019-10-01 11:05:08,841 [Datanode State Machine Thread - 0] INFO  datanode.InitDatanodeState (InitDatanodeState.java:persistContainerDatanodeDetails(140)) - DatanodeDetails is persisted to /workdir/hadoop-ozone/integration-test/target/test-dir/MiniOzoneClusterImpl-2f0d656a-aa1e-467a-b42c-bab793932067/datanode-1/meta/datanode.id
2019-10-01 11:05:08,846 [main] INFO  volume.HddsVolume (HddsVolume.java:<init>(176)) - Creating Volume: /workdir/hadoop-ozone/integration-test/target/test-dir/MiniOzoneClusterImpl-2f0d656a-aa1e-467a-b42c-bab793932067/datanode-2/data/containers/hdds of  storage type : DISK and capacity : 1482555576320
2019-10-01 11:05:08,846 [main] INFO  volume.VolumeSet (VolumeSet.java:initializeVolumeSet(170)) - Added Volume : /workdir/hadoop-ozone/integration-test/target/test-dir/MiniOzoneClusterImpl-2f0d656a-aa1e-467a-b42c-bab793932067/datanode-2/data/containers/hdds to VolumeSet
2019-10-01 11:05:08,847 [main] INFO  volume.ThrottledAsyncChecker (ThrottledAsyncChecker.java:schedule(139)) - Scheduling a check for org.apache.hadoop.ozone.container.common.volume.HddsVolume@7eb27768
2019-10-01 11:05:08,847 [main] INFO  volume.HddsVolumeChecker (HddsVolumeChecker.java:checkAllVolumes(202)) - Scheduled health check for volume org.apache.hadoop.ozone.container.common.volume.HddsVolume@7eb27768
2019-10-01 11:05:08,860 [main] INFO  impl.RaftServerProxy (ConfUtils.java:logGet(43)) - raft.rpc.type = GRPC (default)
2019-10-01 11:05:08,860 [main] INFO  grpc.GrpcFactory (GrpcFactory.java:checkPooledByteBufAllocatorUseCacheForAllThreads(45)) - PERFORMANCE WARNING: useCacheForAllThreads is true that may cause Netty to create a lot garbage objects and, as a result, trigger GC.
	It is recommended to disable useCacheForAllThreads by setting -Dorg.apache.ratis.thirdparty.io.netty.allocator.useCacheForAllThreads=false in command line.
2019-10-01 11:05:08,860 [main] INFO  grpc.GrpcConfigKeys$Server (ConfUtils.java:logGet(43)) - raft.grpc.server.port = 0 (default)
2019-10-01 11:05:08,860 [main] INFO  server.GrpcService (ConfUtils.java:logGet(43)) - raft.grpc.message.size.max = 33570816 (custom)
2019-10-01 11:05:08,860 [main] INFO  server.RaftServerConfigKeys (ConfUtils.java:logGet(43)) - raft.server.log.appender.buffer.byte-limit = 33554432 (custom)
2019-10-01 11:05:08,861 [main] INFO  server.GrpcService (ConfUtils.java:logGet(43)) - raft.grpc.flow.control.window = 1MB (=1048576) (default)
2019-10-01 11:05:08,861 [main] INFO  server.RaftServerConfigKeys (ConfUtils.java:logGet(43)) - raft.server.rpc.request.timeout = 3000ms (default)
2019-10-01 11:05:08,861 [main] INFO  server.RaftServerConfigKeys (ConfUtils.java:logGet(43)) - raft.server.storage.dir = [/workdir/hadoop-ozone/integration-test/target/test-dir/MiniOzoneClusterImpl-2f0d656a-aa1e-467a-b42c-bab793932067/datanode-2/data/ratis] (custom)
2019-10-01 11:05:08,862 [main] INFO  hdfs.DFSUtil (DFSUtil.java:httpServerTemplateForNNAndJN(1641)) - Starting Web-server for hddsDatanode at: http://0.0.0.0:0
2019-10-01 11:05:08,863 [main] INFO  server.AuthenticationFilter (AuthenticationFilter.java:constructSecretProvider(240)) - Unable to initialize FileSignerSecretProvider, falling back to use random secrets.
2019-10-01 11:05:08,864 [main] WARN  http.HttpRequestLog (HttpRequestLog.java:getRequestLog(97)) - Jetty request log can only be enabled using Log4j
2019-10-01 11:05:08,865 [main] INFO  http.HttpServer2 (HttpServer2.java:addGlobalFilter(975)) - Added global filter 'safety' (class=org.apache.hadoop.http.HttpServer2$QuotingInputFilter)
2019-10-01 11:05:08,865 [main] INFO  http.HttpServer2 (HttpServer2.java:addFilter(948)) - Added filter static_user_filter (class=org.apache.hadoop.http.lib.StaticUserWebFilter$StaticUserFilter) to context hddsDatanode
2019-10-01 11:05:08,865 [main] INFO  http.HttpServer2 (HttpServer2.java:addFilter(958)) - Added filter static_user_filter (class=org.apache.hadoop.http.lib.StaticUserWebFilter$StaticUserFilter) to context static
2019-10-01 11:05:08,865 [main] INFO  http.HttpServer2 (HttpServer2.java:addFilter(958)) - Added filter static_user_filter (class=org.apache.hadoop.http.lib.StaticUserWebFilter$StaticUserFilter) to context logs
2019-10-01 11:05:08,866 [main] INFO  http.HttpServer2 (HttpServer2.java:bindListener(1191)) - Jetty bound to port 42324
2019-10-01 11:05:08,866 [main] INFO  server.Server (Server.java:doStart(351)) - jetty-9.3.25.v20180904, build timestamp: 2018-09-04T21:11:46Z, git hash: 3ce520221d0240229c862b122d2b06c12a625732
2019-10-01 11:05:08,867 [main] INFO  handler.ContextHandler (ContextHandler.java:doStart(781)) - Started o.e.j.s.ServletContextHandler@37775bb1{/logs,file:///workdir/hadoop-ozone/integration-test/target/log,AVAILABLE}
2019-10-01 11:05:08,868 [main] INFO  handler.ContextHandler (ContextHandler.java:doStart(781)) - Started o.e.j.s.ServletContextHandler@2d206a71{/static,jar:file:/home/user/.m2/repository/org/apache/hadoop/hadoop-hdds-container-service/0.5.0-SNAPSHOT/hadoop-hdds-container-service-0.5.0-SNAPSHOT.jar!/webapps/static,AVAILABLE}
2019-10-01 11:05:08,897 [main] INFO  handler.ContextHandler (ContextHandler.java:doStart(781)) - Started o.e.j.w.WebAppContext@30b3d899{/,file:///tmp/jetty-0.0.0.0-42324-hddsDatanode-_-any-3190490766813082101.dir/webapp/,AVAILABLE}{/hddsDatanode}
2019-10-01 11:05:08,898 [main] INFO  server.AbstractConnector (AbstractConnector.java:doStart(278)) - Started ServerConnector@78d92eef{HTTP/1.1,[http/1.1]}{0.0.0.0:42324}
2019-10-01 11:05:08,898 [main] INFO  server.Server (Server.java:doStart(419)) - Started @529727ms
2019-10-01 11:05:08,899 [main] WARN  impl.MetricsSystemImpl (MetricsSystemImpl.java:register(276)) - Sink prometheus already exists!
2019-10-01 11:05:08,900 [main] INFO  server.BaseHttpServer (BaseHttpServer.java:updateConnectorAddress(215)) - HTTP server of HDDSDATANODE is listening at http://0.0.0.0:42324
2019-10-01 11:05:08,900 [main] INFO  impl.MetricsSystemImpl (MetricsSystemImpl.java:init(158)) - HddsDatanode metrics system started (again)
2019-10-01 11:05:08,904 [org.apache.hadoop.util.JvmPauseMonitor$Monitor@62d6b15b] INFO  util.JvmPauseMonitor (JvmPauseMonitor.java:run(188)) - Starting JVM pause monitor
2019-10-01 11:05:08,904 [main] INFO  ozone.HddsDatanodeService (HddsDatanodeService.java:start(184)) - HddsDatanodeService host:pr-hdds-2214-vjltc-212603711 ip:192.168.151.80
2019-10-01 11:05:08,906 [Datanode State Machine Thread - 0] INFO  datanode.InitDatanodeState (InitDatanodeState.java:persistContainerDatanodeDetails(140)) - DatanodeDetails is persisted to /workdir/hadoop-ozone/integration-test/target/test-dir/MiniOzoneClusterImpl-2f0d656a-aa1e-467a-b42c-bab793932067/datanode-2/meta/datanode.id
2019-10-01 11:05:08,910 [main] INFO  volume.HddsVolume (HddsVolume.java:<init>(176)) - Creating Volume: /workdir/hadoop-ozone/integration-test/target/test-dir/MiniOzoneClusterImpl-2f0d656a-aa1e-467a-b42c-bab793932067/datanode-3/data/containers/hdds of  storage type : DISK and capacity : 1482555576320
2019-10-01 11:05:08,911 [main] INFO  volume.VolumeSet (VolumeSet.java:initializeVolumeSet(170)) - Added Volume : /workdir/hadoop-ozone/integration-test/target/test-dir/MiniOzoneClusterImpl-2f0d656a-aa1e-467a-b42c-bab793932067/datanode-3/data/containers/hdds to VolumeSet
2019-10-01 11:05:08,911 [main] INFO  volume.ThrottledAsyncChecker (ThrottledAsyncChecker.java:schedule(139)) - Scheduling a check for org.apache.hadoop.ozone.container.common.volume.HddsVolume@5e193ef5
2019-10-01 11:05:08,911 [main] INFO  volume.HddsVolumeChecker (HddsVolumeChecker.java:checkAllVolumes(202)) - Scheduled health check for volume org.apache.hadoop.ozone.container.common.volume.HddsVolume@5e193ef5
2019-10-01 11:05:08,924 [main] INFO  impl.RaftServerProxy (ConfUtils.java:logGet(43)) - raft.rpc.type = GRPC (default)
2019-10-01 11:05:08,925 [main] INFO  grpc.GrpcFactory (GrpcFactory.java:checkPooledByteBufAllocatorUseCacheForAllThreads(45)) - PERFORMANCE WARNING: useCacheForAllThreads is true that may cause Netty to create a lot garbage objects and, as a result, trigger GC.
	It is recommended to disable useCacheForAllThreads by setting -Dorg.apache.ratis.thirdparty.io.netty.allocator.useCacheForAllThreads=false in command line.
2019-10-01 11:05:08,925 [main] INFO  grpc.GrpcConfigKeys$Server (ConfUtils.java:logGet(43)) - raft.grpc.server.port = 0 (default)
2019-10-01 11:05:08,925 [main] INFO  server.GrpcService (ConfUtils.java:logGet(43)) - raft.grpc.message.size.max = 33570816 (custom)
2019-10-01 11:05:08,925 [main] INFO  server.RaftServerConfigKeys (ConfUtils.java:logGet(43)) - raft.server.log.appender.buffer.byte-limit = 33554432 (custom)
2019-10-01 11:05:08,925 [main] INFO  server.GrpcService (ConfUtils.java:logGet(43)) - raft.grpc.flow.control.window = 1MB (=1048576) (default)
2019-10-01 11:05:08,925 [main] INFO  server.RaftServerConfigKeys (ConfUtils.java:logGet(43)) - raft.server.rpc.request.timeout = 3000ms (default)
2019-10-01 11:05:08,926 [main] INFO  server.RaftServerConfigKeys (ConfUtils.java:logGet(43)) - raft.server.storage.dir = [/workdir/hadoop-ozone/integration-test/target/test-dir/MiniOzoneClusterImpl-2f0d656a-aa1e-467a-b42c-bab793932067/datanode-3/data/ratis] (custom)
2019-10-01 11:05:08,927 [main] INFO  hdfs.DFSUtil (DFSUtil.java:httpServerTemplateForNNAndJN(1641)) - Starting Web-server for hddsDatanode at: http://0.0.0.0:0
2019-10-01 11:05:08,928 [main] INFO  server.AuthenticationFilter (AuthenticationFilter.java:constructSecretProvider(240)) - Unable to initialize FileSignerSecretProvider, falling back to use random secrets.
2019-10-01 11:05:08,928 [main] WARN  http.HttpRequestLog (HttpRequestLog.java:getRequestLog(97)) - Jetty request log can only be enabled using Log4j
2019-10-01 11:05:08,929 [main] INFO  http.HttpServer2 (HttpServer2.java:addGlobalFilter(975)) - Added global filter 'safety' (class=org.apache.hadoop.http.HttpServer2$QuotingInputFilter)
2019-10-01 11:05:08,930 [main] INFO  http.HttpServer2 (HttpServer2.java:addFilter(948)) - Added filter static_user_filter (class=org.apache.hadoop.http.lib.StaticUserWebFilter$StaticUserFilter) to context hddsDatanode
2019-10-01 11:05:08,930 [main] INFO  http.HttpServer2 (HttpServer2.java:addFilter(958)) - Added filter static_user_filter (class=org.apache.hadoop.http.lib.StaticUserWebFilter$StaticUserFilter) to context logs
2019-10-01 11:05:08,930 [main] INFO  http.HttpServer2 (HttpServer2.java:addFilter(958)) - Added filter static_user_filter (class=org.apache.hadoop.http.lib.StaticUserWebFilter$StaticUserFilter) to context static
2019-10-01 11:05:08,931 [main] INFO  http.HttpServer2 (HttpServer2.java:bindListener(1191)) - Jetty bound to port 36972
2019-10-01 11:05:08,931 [main] INFO  server.Server (Server.java:doStart(351)) - jetty-9.3.25.v20180904, build timestamp: 2018-09-04T21:11:46Z, git hash: 3ce520221d0240229c862b122d2b06c12a625732
2019-10-01 11:05:08,932 [main] INFO  handler.ContextHandler (ContextHandler.java:doStart(781)) - Started o.e.j.s.ServletContextHandler@27f71195{/logs,file:///workdir/hadoop-ozone/integration-test/target/log,AVAILABLE}
2019-10-01 11:05:08,933 [main] INFO  handler.ContextHandler (ContextHandler.java:doStart(781)) - Started o.e.j.s.ServletContextHandler@6238d5e0{/static,jar:file:/home/user/.m2/repository/org/apache/hadoop/hadoop-hdds-container-service/0.5.0-SNAPSHOT/hadoop-hdds-container-service-0.5.0-SNAPSHOT.jar!/webapps/static,AVAILABLE}
2019-10-01 11:05:08,960 [main] INFO  handler.ContextHandler (ContextHandler.java:doStart(781)) - Started o.e.j.w.WebAppContext@5384ce66{/,file:///tmp/jetty-0.0.0.0-36972-hddsDatanode-_-any-2542256181225724734.dir/webapp/,AVAILABLE}{/hddsDatanode}
2019-10-01 11:05:08,960 [main] INFO  server.AbstractConnector (AbstractConnector.java:doStart(278)) - Started ServerConnector@6b42e36d{HTTP/1.1,[http/1.1]}{0.0.0.0:36972}
2019-10-01 11:05:08,962 [main] INFO  server.Server (Server.java:doStart(419)) - Started @529791ms
2019-10-01 11:05:08,962 [main] WARN  impl.MetricsSystemImpl (MetricsSystemImpl.java:register(276)) - Sink prometheus already exists!
2019-10-01 11:05:08,962 [main] INFO  server.BaseHttpServer (BaseHttpServer.java:updateConnectorAddress(215)) - HTTP server of HDDSDATANODE is listening at http://0.0.0.0:36972
2019-10-01 11:05:08,963 [main] INFO  impl.MetricsSystemImpl (MetricsSystemImpl.java:init(158)) - HddsDatanode metrics system started (again)
2019-10-01 11:05:08,966 [org.apache.hadoop.util.JvmPauseMonitor$Monitor@445b5cec] INFO  util.JvmPauseMonitor (JvmPauseMonitor.java:run(188)) - Starting JVM pause monitor
2019-10-01 11:05:08,967 [main] INFO  ozone.HddsDatanodeService (HddsDatanodeService.java:start(184)) - HddsDatanodeService host:pr-hdds-2214-vjltc-212603711 ip:192.168.151.80
2019-10-01 11:05:08,967 [Datanode State Machine Thread - 0] INFO  datanode.InitDatanodeState (InitDatanodeState.java:persistContainerDatanodeDetails(140)) - DatanodeDetails is persisted to /workdir/hadoop-ozone/integration-test/target/test-dir/MiniOzoneClusterImpl-2f0d656a-aa1e-467a-b42c-bab793932067/datanode-3/meta/datanode.id
2019-10-01 11:05:08,973 [main] INFO  volume.HddsVolume (HddsVolume.java:<init>(176)) - Creating Volume: /workdir/hadoop-ozone/integration-test/target/test-dir/MiniOzoneClusterImpl-2f0d656a-aa1e-467a-b42c-bab793932067/datanode-4/data/containers/hdds of  storage type : DISK and capacity : 1482555576320
2019-10-01 11:05:08,973 [main] INFO  volume.VolumeSet (VolumeSet.java:initializeVolumeSet(170)) - Added Volume : /workdir/hadoop-ozone/integration-test/target/test-dir/MiniOzoneClusterImpl-2f0d656a-aa1e-467a-b42c-bab793932067/datanode-4/data/containers/hdds to VolumeSet
2019-10-01 11:05:08,973 [main] INFO  volume.ThrottledAsyncChecker (ThrottledAsyncChecker.java:schedule(139)) - Scheduling a check for org.apache.hadoop.ozone.container.common.volume.HddsVolume@ca7e37f
2019-10-01 11:05:08,973 [main] INFO  volume.HddsVolumeChecker (HddsVolumeChecker.java:checkAllVolumes(202)) - Scheduled health check for volume org.apache.hadoop.ozone.container.common.volume.HddsVolume@ca7e37f
2019-10-01 11:05:08,987 [main] INFO  impl.RaftServerProxy (ConfUtils.java:logGet(43)) - raft.rpc.type = GRPC (default)
2019-10-01 11:05:08,987 [main] INFO  grpc.GrpcFactory (GrpcFactory.java:checkPooledByteBufAllocatorUseCacheForAllThreads(45)) - PERFORMANCE WARNING: useCacheForAllThreads is true that may cause Netty to create a lot garbage objects and, as a result, trigger GC.
	It is recommended to disable useCacheForAllThreads by setting -Dorg.apache.ratis.thirdparty.io.netty.allocator.useCacheForAllThreads=false in command line.
2019-10-01 11:05:08,987 [main] INFO  grpc.GrpcConfigKeys$Server (ConfUtils.java:logGet(43)) - raft.grpc.server.port = 0 (default)
2019-10-01 11:05:08,987 [main] INFO  server.GrpcService (ConfUtils.java:logGet(43)) - raft.grpc.message.size.max = 33570816 (custom)
2019-10-01 11:05:08,988 [main] INFO  server.RaftServerConfigKeys (ConfUtils.java:logGet(43)) - raft.server.log.appender.buffer.byte-limit = 33554432 (custom)
2019-10-01 11:05:08,988 [main] INFO  server.GrpcService (ConfUtils.java:logGet(43)) - raft.grpc.flow.control.window = 1MB (=1048576) (default)
2019-10-01 11:05:08,988 [main] INFO  server.RaftServerConfigKeys (ConfUtils.java:logGet(43)) - raft.server.rpc.request.timeout = 3000ms (default)
2019-10-01 11:05:08,988 [main] INFO  server.RaftServerConfigKeys (ConfUtils.java:logGet(43)) - raft.server.storage.dir = [/workdir/hadoop-ozone/integration-test/target/test-dir/MiniOzoneClusterImpl-2f0d656a-aa1e-467a-b42c-bab793932067/datanode-4/data/ratis] (custom)
2019-10-01 11:05:08,989 [main] INFO  hdfs.DFSUtil (DFSUtil.java:httpServerTemplateForNNAndJN(1641)) - Starting Web-server for hddsDatanode at: http://0.0.0.0:0
2019-10-01 11:05:08,990 [main] INFO  server.AuthenticationFilter (AuthenticationFilter.java:constructSecretProvider(240)) - Unable to initialize FileSignerSecretProvider, falling back to use random secrets.
2019-10-01 11:05:08,991 [main] WARN  http.HttpRequestLog (HttpRequestLog.java:getRequestLog(97)) - Jetty request log can only be enabled using Log4j
2019-10-01 11:05:08,992 [main] INFO  http.HttpServer2 (HttpServer2.java:addGlobalFilter(975)) - Added global filter 'safety' (class=org.apache.hadoop.http.HttpServer2$QuotingInputFilter)
2019-10-01 11:05:08,992 [main] INFO  http.HttpServer2 (HttpServer2.java:addFilter(948)) - Added filter static_user_filter (class=org.apache.hadoop.http.lib.StaticUserWebFilter$StaticUserFilter) to context hddsDatanode
2019-10-01 11:05:08,992 [main] INFO  http.HttpServer2 (HttpServer2.java:addFilter(958)) - Added filter static_user_filter (class=org.apache.hadoop.http.lib.StaticUserWebFilter$StaticUserFilter) to context static
2019-10-01 11:05:08,993 [main] INFO  http.HttpServer2 (HttpServer2.java:addFilter(958)) - Added filter static_user_filter (class=org.apache.hadoop.http.lib.StaticUserWebFilter$StaticUserFilter) to context logs
2019-10-01 11:05:08,993 [main] INFO  http.HttpServer2 (HttpServer2.java:bindListener(1191)) - Jetty bound to port 45709
2019-10-01 11:05:08,993 [main] INFO  server.Server (Server.java:doStart(351)) - jetty-9.3.25.v20180904, build timestamp: 2018-09-04T21:11:46Z, git hash: 3ce520221d0240229c862b122d2b06c12a625732
2019-10-01 11:05:08,995 [main] INFO  handler.ContextHandler (ContextHandler.java:doStart(781)) - Started o.e.j.s.ServletContextHandler@458031da{/logs,file:///workdir/hadoop-ozone/integration-test/target/log,AVAILABLE}
2019-10-01 11:05:08,995 [main] INFO  handler.ContextHandler (ContextHandler.java:doStart(781)) - Started o.e.j.s.ServletContextHandler@20cff21e{/static,jar:file:/home/user/.m2/repository/org/apache/hadoop/hadoop-hdds-container-service/0.5.0-SNAPSHOT/hadoop-hdds-container-service-0.5.0-SNAPSHOT.jar!/webapps/static,AVAILABLE}
2019-10-01 11:05:09,033 [main] INFO  handler.ContextHandler (ContextHandler.java:doStart(781)) - Started o.e.j.w.WebAppContext@7911cc15{/,file:///tmp/jetty-0.0.0.0-45709-hddsDatanode-_-any-5330312404410932497.dir/webapp/,AVAILABLE}{/hddsDatanode}
2019-10-01 11:05:09,034 [main] INFO  server.AbstractConnector (AbstractConnector.java:doStart(278)) - Started ServerConnector@4409cae6{HTTP/1.1,[http/1.1]}{0.0.0.0:45709}
2019-10-01 11:05:09,036 [main] INFO  server.Server (Server.java:doStart(419)) - Started @529865ms
2019-10-01 11:05:09,036 [main] WARN  impl.MetricsSystemImpl (MetricsSystemImpl.java:register(276)) - Sink prometheus already exists!
2019-10-01 11:05:09,037 [main] INFO  server.BaseHttpServer (BaseHttpServer.java:updateConnectorAddress(215)) - HTTP server of HDDSDATANODE is listening at http://0.0.0.0:45709
2019-10-01 11:05:09,037 [main] INFO  impl.MetricsSystemImpl (MetricsSystemImpl.java:init(158)) - HddsDatanode metrics system started (again)
2019-10-01 11:05:09,041 [org.apache.hadoop.util.JvmPauseMonitor$Monitor@175ce96] INFO  util.JvmPauseMonitor (JvmPauseMonitor.java:run(188)) - Starting JVM pause monitor
2019-10-01 11:05:09,041 [main] INFO  ozone.HddsDatanodeService (HddsDatanodeService.java:start(184)) - HddsDatanodeService host:pr-hdds-2214-vjltc-212603711 ip:192.168.151.80
2019-10-01 11:05:09,043 [Datanode State Machine Thread - 0] INFO  datanode.InitDatanodeState (InitDatanodeState.java:persistContainerDatanodeDetails(140)) - DatanodeDetails is persisted to /workdir/hadoop-ozone/integration-test/target/test-dir/MiniOzoneClusterImpl-2f0d656a-aa1e-467a-b42c-bab793932067/datanode-4/meta/datanode.id
2019-10-01 11:05:09,048 [main] INFO  volume.HddsVolume (HddsVolume.java:<init>(176)) - Creating Volume: /workdir/hadoop-ozone/integration-test/target/test-dir/MiniOzoneClusterImpl-2f0d656a-aa1e-467a-b42c-bab793932067/datanode-5/data/containers/hdds of  storage type : DISK and capacity : 1482555576320
2019-10-01 11:05:09,048 [main] INFO  volume.VolumeSet (VolumeSet.java:initializeVolumeSet(170)) - Added Volume : /workdir/hadoop-ozone/integration-test/target/test-dir/MiniOzoneClusterImpl-2f0d656a-aa1e-467a-b42c-bab793932067/datanode-5/data/containers/hdds to VolumeSet
2019-10-01 11:05:09,048 [main] INFO  volume.ThrottledAsyncChecker (ThrottledAsyncChecker.java:schedule(139)) - Scheduling a check for org.apache.hadoop.ozone.container.common.volume.HddsVolume@1c7f9861
2019-10-01 11:05:09,049 [main] INFO  volume.HddsVolumeChecker (HddsVolumeChecker.java:checkAllVolumes(202)) - Scheduled health check for volume org.apache.hadoop.ozone.container.common.volume.HddsVolume@1c7f9861
2019-10-01 11:05:09,062 [main] INFO  impl.RaftServerProxy (ConfUtils.java:logGet(43)) - raft.rpc.type = GRPC (default)
2019-10-01 11:05:09,062 [main] INFO  grpc.GrpcFactory (GrpcFactory.java:checkPooledByteBufAllocatorUseCacheForAllThreads(45)) - PERFORMANCE WARNING: useCacheForAllThreads is true that may cause Netty to create a lot garbage objects and, as a result, trigger GC.
	It is recommended to disable useCacheForAllThreads by setting -Dorg.apache.ratis.thirdparty.io.netty.allocator.useCacheForAllThreads=false in command line.
2019-10-01 11:05:09,062 [main] INFO  grpc.GrpcConfigKeys$Server (ConfUtils.java:logGet(43)) - raft.grpc.server.port = 0 (default)
2019-10-01 11:05:09,062 [main] INFO  server.GrpcService (ConfUtils.java:logGet(43)) - raft.grpc.message.size.max = 33570816 (custom)
2019-10-01 11:05:09,063 [main] INFO  server.RaftServerConfigKeys (ConfUtils.java:logGet(43)) - raft.server.log.appender.buffer.byte-limit = 33554432 (custom)
2019-10-01 11:05:09,063 [main] INFO  server.GrpcService (ConfUtils.java:logGet(43)) - raft.grpc.flow.control.window = 1MB (=1048576) (default)
2019-10-01 11:05:09,063 [main] INFO  server.RaftServerConfigKeys (ConfUtils.java:logGet(43)) - raft.server.rpc.request.timeout = 3000ms (default)
2019-10-01 11:05:09,063 [main] INFO  server.RaftServerConfigKeys (ConfUtils.java:logGet(43)) - raft.server.storage.dir = [/workdir/hadoop-ozone/integration-test/target/test-dir/MiniOzoneClusterImpl-2f0d656a-aa1e-467a-b42c-bab793932067/datanode-5/data/ratis] (custom)
2019-10-01 11:05:09,064 [main] INFO  hdfs.DFSUtil (DFSUtil.java:httpServerTemplateForNNAndJN(1641)) - Starting Web-server for hddsDatanode at: http://0.0.0.0:0
2019-10-01 11:05:09,065 [main] INFO  server.AuthenticationFilter (AuthenticationFilter.java:constructSecretProvider(240)) - Unable to initialize FileSignerSecretProvider, falling back to use random secrets.
2019-10-01 11:05:09,066 [main] WARN  http.HttpRequestLog (HttpRequestLog.java:getRequestLog(97)) - Jetty request log can only be enabled using Log4j
2019-10-01 11:05:09,067 [main] INFO  http.HttpServer2 (HttpServer2.java:addGlobalFilter(975)) - Added global filter 'safety' (class=org.apache.hadoop.http.HttpServer2$QuotingInputFilter)
2019-10-01 11:05:09,067 [main] INFO  http.HttpServer2 (HttpServer2.java:addFilter(948)) - Added filter static_user_filter (class=org.apache.hadoop.http.lib.StaticUserWebFilter$StaticUserFilter) to context hddsDatanode
2019-10-01 11:05:09,067 [main] INFO  http.HttpServer2 (HttpServer2.java:addFilter(958)) - Added filter static_user_filter (class=org.apache.hadoop.http.lib.StaticUserWebFilter$StaticUserFilter) to context static
2019-10-01 11:05:09,067 [main] INFO  http.HttpServer2 (HttpServer2.java:addFilter(958)) - Added filter static_user_filter (class=org.apache.hadoop.http.lib.StaticUserWebFilter$StaticUserFilter) to context logs
2019-10-01 11:05:09,068 [main] INFO  http.HttpServer2 (HttpServer2.java:bindListener(1191)) - Jetty bound to port 38468
2019-10-01 11:05:09,068 [main] INFO  server.Server (Server.java:doStart(351)) - jetty-9.3.25.v20180904, build timestamp: 2018-09-04T21:11:46Z, git hash: 3ce520221d0240229c862b122d2b06c12a625732
2019-10-01 11:05:09,070 [main] INFO  handler.ContextHandler (ContextHandler.java:doStart(781)) - Started o.e.j.s.ServletContextHandler@123307c4{/logs,file:///workdir/hadoop-ozone/integration-test/target/log,AVAILABLE}
2019-10-01 11:05:09,070 [main] INFO  handler.ContextHandler (ContextHandler.java:doStart(781)) - Started o.e.j.s.ServletContextHandler@47058864{/static,jar:file:/home/user/.m2/repository/org/apache/hadoop/hadoop-hdds-container-service/0.5.0-SNAPSHOT/hadoop-hdds-container-service-0.5.0-SNAPSHOT.jar!/webapps/static,AVAILABLE}
2019-10-01 11:05:09,096 [main] INFO  handler.ContextHandler (ContextHandler.java:doStart(781)) - Started o.e.j.w.WebAppContext@56cfe6be{/,file:///tmp/jetty-0.0.0.0-38468-hddsDatanode-_-any-5414589722976931176.dir/webapp/,AVAILABLE}{/hddsDatanode}
2019-10-01 11:05:09,097 [main] INFO  server.AbstractConnector (AbstractConnector.java:doStart(278)) - Started ServerConnector@7f0d8eff{HTTP/1.1,[http/1.1]}{0.0.0.0:38468}
2019-10-01 11:05:09,097 [main] INFO  server.Server (Server.java:doStart(419)) - Started @529926ms
2019-10-01 11:05:09,099 [main] WARN  impl.MetricsSystemImpl (MetricsSystemImpl.java:register(276)) - Sink prometheus already exists!
2019-10-01 11:05:09,099 [main] INFO  server.BaseHttpServer (BaseHttpServer.java:updateConnectorAddress(215)) - HTTP server of HDDSDATANODE is listening at http://0.0.0.0:38468
2019-10-01 11:05:09,100 [main] INFO  impl.MetricsSystemImpl (MetricsSystemImpl.java:init(158)) - HddsDatanode metrics system started (again)
2019-10-01 11:05:09,104 [org.apache.hadoop.util.JvmPauseMonitor$Monitor@1fc2520b] INFO  util.JvmPauseMonitor (JvmPauseMonitor.java:run(188)) - Starting JVM pause monitor
2019-10-01 11:05:09,104 [main] INFO  ozone.HddsDatanodeService (HddsDatanodeService.java:start(184)) - HddsDatanodeService host:pr-hdds-2214-vjltc-212603711 ip:192.168.151.80
2019-10-01 11:05:09,105 [Datanode State Machine Thread - 0] INFO  datanode.InitDatanodeState (InitDatanodeState.java:persistContainerDatanodeDetails(140)) - DatanodeDetails is persisted to /workdir/hadoop-ozone/integration-test/target/test-dir/MiniOzoneClusterImpl-2f0d656a-aa1e-467a-b42c-bab793932067/datanode-5/meta/datanode.id
2019-10-01 11:05:09,110 [main] INFO  volume.HddsVolume (HddsVolume.java:<init>(176)) - Creating Volume: /workdir/hadoop-ozone/integration-test/target/test-dir/MiniOzoneClusterImpl-2f0d656a-aa1e-467a-b42c-bab793932067/datanode-6/data/containers/hdds of  storage type : DISK and capacity : 1482555576320
2019-10-01 11:05:09,111 [main] INFO  volume.VolumeSet (VolumeSet.java:initializeVolumeSet(170)) - Added Volume : /workdir/hadoop-ozone/integration-test/target/test-dir/MiniOzoneClusterImpl-2f0d656a-aa1e-467a-b42c-bab793932067/datanode-6/data/containers/hdds to VolumeSet
2019-10-01 11:05:09,111 [main] INFO  volume.ThrottledAsyncChecker (ThrottledAsyncChecker.java:schedule(139)) - Scheduling a check for org.apache.hadoop.ozone.container.common.volume.HddsVolume@7cd5fcf4
2019-10-01 11:05:09,111 [main] INFO  volume.HddsVolumeChecker (HddsVolumeChecker.java:checkAllVolumes(202)) - Scheduled health check for volume org.apache.hadoop.ozone.container.common.volume.HddsVolume@7cd5fcf4
2019-10-01 11:05:09,125 [main] INFO  impl.RaftServerProxy (ConfUtils.java:logGet(43)) - raft.rpc.type = GRPC (default)
2019-10-01 11:05:09,125 [main] INFO  grpc.GrpcFactory (GrpcFactory.java:checkPooledByteBufAllocatorUseCacheForAllThreads(45)) - PERFORMANCE WARNING: useCacheForAllThreads is true that may cause Netty to create a lot garbage objects and, as a result, trigger GC.
	It is recommended to disable useCacheForAllThreads by setting -Dorg.apache.ratis.thirdparty.io.netty.allocator.useCacheForAllThreads=false in command line.
2019-10-01 11:05:09,125 [main] INFO  grpc.GrpcConfigKeys$Server (ConfUtils.java:logGet(43)) - raft.grpc.server.port = 0 (default)
2019-10-01 11:05:09,126 [main] INFO  server.GrpcService (ConfUtils.java:logGet(43)) - raft.grpc.message.size.max = 33570816 (custom)
2019-10-01 11:05:09,126 [main] INFO  server.RaftServerConfigKeys (ConfUtils.java:logGet(43)) - raft.server.log.appender.buffer.byte-limit = 33554432 (custom)
2019-10-01 11:05:09,126 [main] INFO  server.GrpcService (ConfUtils.java:logGet(43)) - raft.grpc.flow.control.window = 1MB (=1048576) (default)
2019-10-01 11:05:09,126 [main] INFO  server.RaftServerConfigKeys (ConfUtils.java:logGet(43)) - raft.server.rpc.request.timeout = 3000ms (default)
2019-10-01 11:05:09,126 [main] INFO  server.RaftServerConfigKeys (ConfUtils.java:logGet(43)) - raft.server.storage.dir = [/workdir/hadoop-ozone/integration-test/target/test-dir/MiniOzoneClusterImpl-2f0d656a-aa1e-467a-b42c-bab793932067/datanode-6/data/ratis] (custom)
2019-10-01 11:05:09,127 [main] INFO  hdfs.DFSUtil (DFSUtil.java:httpServerTemplateForNNAndJN(1641)) - Starting Web-server for hddsDatanode at: http://0.0.0.0:0
2019-10-01 11:05:09,129 [main] INFO  server.AuthenticationFilter (AuthenticationFilter.java:constructSecretProvider(240)) - Unable to initialize FileSignerSecretProvider, falling back to use random secrets.
2019-10-01 11:05:09,129 [main] WARN  http.HttpRequestLog (HttpRequestLog.java:getRequestLog(97)) - Jetty request log can only be enabled using Log4j
2019-10-01 11:05:09,130 [main] INFO  http.HttpServer2 (HttpServer2.java:addGlobalFilter(975)) - Added global filter 'safety' (class=org.apache.hadoop.http.HttpServer2$QuotingInputFilter)
2019-10-01 11:05:09,131 [main] INFO  http.HttpServer2 (HttpServer2.java:addFilter(948)) - Added filter static_user_filter (class=org.apache.hadoop.http.lib.StaticUserWebFilter$StaticUserFilter) to context hddsDatanode
2019-10-01 11:05:09,131 [main] INFO  http.HttpServer2 (HttpServer2.java:addFilter(958)) - Added filter static_user_filter (class=org.apache.hadoop.http.lib.StaticUserWebFilter$StaticUserFilter) to context static
2019-10-01 11:05:09,131 [main] INFO  http.HttpServer2 (HttpServer2.java:addFilter(958)) - Added filter static_user_filter (class=org.apache.hadoop.http.lib.StaticUserWebFilter$StaticUserFilter) to context logs
2019-10-01 11:05:09,131 [main] INFO  http.HttpServer2 (HttpServer2.java:bindListener(1191)) - Jetty bound to port 37683
2019-10-01 11:05:09,132 [main] INFO  server.Server (Server.java:doStart(351)) - jetty-9.3.25.v20180904, build timestamp: 2018-09-04T21:11:46Z, git hash: 3ce520221d0240229c862b122d2b06c12a625732
2019-10-01 11:05:09,133 [main] INFO  handler.ContextHandler (ContextHandler.java:doStart(781)) - Started o.e.j.s.ServletContextHandler@10ed037a{/logs,file:///workdir/hadoop-ozone/integration-test/target/log,AVAILABLE}
2019-10-01 11:05:09,133 [main] INFO  handler.ContextHandler (ContextHandler.java:doStart(781)) - Started o.e.j.s.ServletContextHandler@23121d14{/static,jar:file:/home/user/.m2/repository/org/apache/hadoop/hadoop-hdds-container-service/0.5.0-SNAPSHOT/hadoop-hdds-container-service-0.5.0-SNAPSHOT.jar!/webapps/static,AVAILABLE}
2019-10-01 11:05:09,160 [main] INFO  handler.ContextHandler (ContextHandler.java:doStart(781)) - Started o.e.j.w.WebAppContext@6dae70f9{/,file:///tmp/jetty-0.0.0.0-37683-hddsDatanode-_-any-3456906467377498877.dir/webapp/,AVAILABLE}{/hddsDatanode}
2019-10-01 11:05:09,161 [main] INFO  server.AbstractConnector (AbstractConnector.java:doStart(278)) - Started ServerConnector@4d81e83a{HTTP/1.1,[http/1.1]}{0.0.0.0:37683}
2019-10-01 11:05:09,161 [main] INFO  server.Server (Server.java:doStart(419)) - Started @529990ms
2019-10-01 11:05:09,167 [main] WARN  impl.MetricsSystemImpl (MetricsSystemImpl.java:register(276)) - Sink prometheus already exists!
2019-10-01 11:05:09,167 [main] INFO  server.BaseHttpServer (BaseHttpServer.java:updateConnectorAddress(215)) - HTTP server of HDDSDATANODE is listening at http://0.0.0.0:37683
2019-10-01 11:05:09,167 [main] INFO  ozone.MiniOzoneClusterImpl (MiniOzoneClusterImpl.java:lambda$waitForClusterToBeReady$0(147)) - Waiting for cluster to be ready. Got 0 of 7 DN Heartbeats.
2019-10-01 11:05:09,169 [org.apache.hadoop.util.JvmPauseMonitor$Monitor@1259a0cc] INFO  util.JvmPauseMonitor (JvmPauseMonitor.java:run(188)) - Starting JVM pause monitor
2019-10-01 11:05:09,170 [Datanode State Machine Thread - 0] INFO  datanode.InitDatanodeState (InitDatanodeState.java:persistContainerDatanodeDetails(140)) - DatanodeDetails is persisted to /workdir/hadoop-ozone/integration-test/target/test-dir/MiniOzoneClusterImpl-2f0d656a-aa1e-467a-b42c-bab793932067/datanode-6/meta/datanode.id
2019-10-01 11:05:10,168 [main] INFO  ozone.MiniOzoneClusterImpl (MiniOzoneClusterImpl.java:lambda$waitForClusterToBeReady$0(147)) - Waiting for cluster to be ready. Got 0 of 7 DN Heartbeats.
2019-10-01 11:05:10,802 [Datanode State Machine Thread - 0] INFO  ozoneimpl.OzoneContainer (OzoneContainer.java:start(217)) - Attempting to start container services.
2019-10-01 11:05:10,803 [Datanode State Machine Thread - 0] INFO  ozoneimpl.OzoneContainer (OzoneContainer.java:startContainerScrub(179)) - Background container scanner has been disabled.
2019-10-01 11:05:10,803 [Datanode State Machine Thread - 0] INFO  ratis.XceiverServerRatis (XceiverServerRatis.java:start(417)) - Starting XceiverServerRatis 4dc49964-fbf6-40e6-8571-06acdd79f4d1 at port 0
2019-10-01 11:05:10,810 [Datanode State Machine Thread - 0] INFO  impl.RaftServerProxy (RaftServerProxy.java:lambda$start$3(299)) - 4dc49964-fbf6-40e6-8571-06acdd79f4d1: start RPC server
2019-10-01 11:05:10,813 [Datanode State Machine Thread - 0] INFO  server.GrpcService (GrpcService.java:startImpl(158)) - 4dc49964-fbf6-40e6-8571-06acdd79f4d1: GrpcService started, listening on 0.0.0.0/0.0.0.0:40697
2019-10-01 11:05:10,813 [Datanode State Machine Thread - 0] INFO  ratis.XceiverServerRatis (XceiverServerRatis.java:start(427)) - XceiverServerRatis 4dc49964-fbf6-40e6-8571-06acdd79f4d1 is started using port 40697
2019-10-01 11:05:10,813 [Datanode State Machine Thread - 0] INFO  server.XceiverServerGrpc (XceiverServerGrpc.java:start(149)) - XceiverServerGrpc 4dc49964-fbf6-40e6-8571-06acdd79f4d1 is started using port 34616
2019-10-01 11:05:10,854 [Datanode State Machine Thread - 0] INFO  ozoneimpl.OzoneContainer (OzoneContainer.java:start(217)) - Attempting to start container services.
2019-10-01 11:05:10,855 [Datanode State Machine Thread - 0] INFO  ozoneimpl.OzoneContainer (OzoneContainer.java:startContainerScrub(179)) - Background container scanner has been disabled.
2019-10-01 11:05:10,855 [Datanode State Machine Thread - 0] INFO  ratis.XceiverServerRatis (XceiverServerRatis.java:start(417)) - Starting XceiverServerRatis a49ce009-7bbe-4dc3-8e8a-67ff17c33fdc at port 0
2019-10-01 11:05:10,862 [Datanode State Machine Thread - 0] INFO  impl.RaftServerProxy (RaftServerProxy.java:lambda$start$3(299)) - a49ce009-7bbe-4dc3-8e8a-67ff17c33fdc: start RPC server
2019-10-01 11:05:10,862 [Datanode State Machine Thread - 0] INFO  server.GrpcService (GrpcService.java:startImpl(158)) - a49ce009-7bbe-4dc3-8e8a-67ff17c33fdc: GrpcService started, listening on 0.0.0.0/0.0.0.0:39340
2019-10-01 11:05:10,863 [Datanode State Machine Thread - 0] INFO  ratis.XceiverServerRatis (XceiverServerRatis.java:start(427)) - XceiverServerRatis a49ce009-7bbe-4dc3-8e8a-67ff17c33fdc is started using port 39340
2019-10-01 11:05:10,863 [Datanode State Machine Thread - 0] INFO  server.XceiverServerGrpc (XceiverServerGrpc.java:start(149)) - XceiverServerGrpc a49ce009-7bbe-4dc3-8e8a-67ff17c33fdc is started using port 40435
2019-10-01 11:05:10,919 [Datanode State Machine Thread - 0] INFO  ozoneimpl.OzoneContainer (OzoneContainer.java:start(217)) - Attempting to start container services.
2019-10-01 11:05:10,919 [Datanode State Machine Thread - 0] INFO  ozoneimpl.OzoneContainer (OzoneContainer.java:startContainerScrub(179)) - Background container scanner has been disabled.
2019-10-01 11:05:10,919 [Datanode State Machine Thread - 0] INFO  ratis.XceiverServerRatis (XceiverServerRatis.java:start(417)) - Starting XceiverServerRatis 294c00a8-ed7b-4480-8a86-47ae2c52968d at port 0
2019-10-01 11:05:10,926 [Datanode State Machine Thread - 0] INFO  impl.RaftServerProxy (RaftServerProxy.java:lambda$start$3(299)) - 294c00a8-ed7b-4480-8a86-47ae2c52968d: start RPC server
2019-10-01 11:05:10,928 [Datanode State Machine Thread - 0] INFO  server.GrpcService (GrpcService.java:startImpl(158)) - 294c00a8-ed7b-4480-8a86-47ae2c52968d: GrpcService started, listening on 0.0.0.0/0.0.0.0:45512
2019-10-01 11:05:10,928 [Datanode State Machine Thread - 0] INFO  ratis.XceiverServerRatis (XceiverServerRatis.java:start(427)) - XceiverServerRatis 294c00a8-ed7b-4480-8a86-47ae2c52968d is started using port 45512
2019-10-01 11:05:10,929 [Datanode State Machine Thread - 0] INFO  server.XceiverServerGrpc (XceiverServerGrpc.java:start(149)) - XceiverServerGrpc 294c00a8-ed7b-4480-8a86-47ae2c52968d is started using port 40888
2019-10-01 11:05:10,979 [Datanode State Machine Thread - 0] INFO  ozoneimpl.OzoneContainer (OzoneContainer.java:start(217)) - Attempting to start container services.
2019-10-01 11:05:10,979 [Datanode State Machine Thread - 0] INFO  ozoneimpl.OzoneContainer (OzoneContainer.java:startContainerScrub(179)) - Background container scanner has been disabled.
2019-10-01 11:05:10,979 [Datanode State Machine Thread - 0] INFO  ratis.XceiverServerRatis (XceiverServerRatis.java:start(417)) - Starting XceiverServerRatis 1196e49d-1b59-42ef-aa7f-1f5da4b257dd at port 0
2019-10-01 11:05:10,986 [Datanode State Machine Thread - 0] INFO  impl.RaftServerProxy (RaftServerProxy.java:lambda$start$3(299)) - 1196e49d-1b59-42ef-aa7f-1f5da4b257dd: start RPC server
2019-10-01 11:05:10,989 [Datanode State Machine Thread - 0] INFO  server.GrpcService (GrpcService.java:startImpl(158)) - 1196e49d-1b59-42ef-aa7f-1f5da4b257dd: GrpcService started, listening on 0.0.0.0/0.0.0.0:36888
2019-10-01 11:05:10,989 [Datanode State Machine Thread - 0] INFO  ratis.XceiverServerRatis (XceiverServerRatis.java:start(427)) - XceiverServerRatis 1196e49d-1b59-42ef-aa7f-1f5da4b257dd is started using port 36888
2019-10-01 11:05:10,990 [Datanode State Machine Thread - 0] INFO  server.XceiverServerGrpc (XceiverServerGrpc.java:start(149)) - XceiverServerGrpc 1196e49d-1b59-42ef-aa7f-1f5da4b257dd is started using port 40561
2019-10-01 11:05:11,053 [Datanode State Machine Thread - 0] INFO  ozoneimpl.OzoneContainer (OzoneContainer.java:start(217)) - Attempting to start container services.
2019-10-01 11:05:11,054 [Datanode State Machine Thread - 0] INFO  ozoneimpl.OzoneContainer (OzoneContainer.java:startContainerScrub(179)) - Background container scanner has been disabled.
2019-10-01 11:05:11,054 [Datanode State Machine Thread - 0] INFO  ratis.XceiverServerRatis (XceiverServerRatis.java:start(417)) - Starting XceiverServerRatis a0542a7b-209e-454b-9c7f-cabfc7f4e589 at port 0
2019-10-01 11:05:11,061 [Datanode State Machine Thread - 0] INFO  impl.RaftServerProxy (RaftServerProxy.java:lambda$start$3(299)) - a0542a7b-209e-454b-9c7f-cabfc7f4e589: start RPC server
2019-10-01 11:05:11,064 [Datanode State Machine Thread - 0] INFO  server.GrpcService (GrpcService.java:startImpl(158)) - a0542a7b-209e-454b-9c7f-cabfc7f4e589: GrpcService started, listening on 0.0.0.0/0.0.0.0:33879
2019-10-01 11:05:11,064 [Datanode State Machine Thread - 0] INFO  ratis.XceiverServerRatis (XceiverServerRatis.java:start(427)) - XceiverServerRatis a0542a7b-209e-454b-9c7f-cabfc7f4e589 is started using port 33879
2019-10-01 11:05:11,064 [Datanode State Machine Thread - 0] INFO  server.XceiverServerGrpc (XceiverServerGrpc.java:start(149)) - XceiverServerGrpc a0542a7b-209e-454b-9c7f-cabfc7f4e589 is started using port 44519
2019-10-01 11:05:11,118 [Datanode State Machine Thread - 0] INFO  ozoneimpl.OzoneContainer (OzoneContainer.java:start(217)) - Attempting to start container services.
2019-10-01 11:05:11,118 [Datanode State Machine Thread - 0] INFO  ozoneimpl.OzoneContainer (OzoneContainer.java:startContainerScrub(179)) - Background container scanner has been disabled.
2019-10-01 11:05:11,118 [Datanode State Machine Thread - 0] INFO  ratis.XceiverServerRatis (XceiverServerRatis.java:start(417)) - Starting XceiverServerRatis f765dc21-b071-4575-9ea9-6094ab6876f1 at port 0
2019-10-01 11:05:11,125 [Datanode State Machine Thread - 0] INFO  impl.RaftServerProxy (RaftServerProxy.java:lambda$start$3(299)) - f765dc21-b071-4575-9ea9-6094ab6876f1: start RPC server
2019-10-01 11:05:11,128 [Datanode State Machine Thread - 0] INFO  server.GrpcService (GrpcService.java:startImpl(158)) - f765dc21-b071-4575-9ea9-6094ab6876f1: GrpcService started, listening on 0.0.0.0/0.0.0.0:46476
2019-10-01 11:05:11,128 [Datanode State Machine Thread - 0] INFO  ratis.XceiverServerRatis (XceiverServerRatis.java:start(427)) - XceiverServerRatis f765dc21-b071-4575-9ea9-6094ab6876f1 is started using port 46476
2019-10-01 11:05:11,129 [Datanode State Machine Thread - 0] INFO  server.XceiverServerGrpc (XceiverServerGrpc.java:start(149)) - XceiverServerGrpc f765dc21-b071-4575-9ea9-6094ab6876f1 is started using port 42845
2019-10-01 11:05:11,169 [main] INFO  ozone.MiniOzoneClusterImpl (MiniOzoneClusterImpl.java:lambda$waitForClusterToBeReady$0(147)) - Waiting for cluster to be ready. Got 0 of 7 DN Heartbeats.
2019-10-01 11:05:11,182 [Datanode State Machine Thread - 0] INFO  ozoneimpl.OzoneContainer (OzoneContainer.java:start(217)) - Attempting to start container services.
2019-10-01 11:05:11,182 [Datanode State Machine Thread - 0] INFO  ozoneimpl.OzoneContainer (OzoneContainer.java:startContainerScrub(179)) - Background container scanner has been disabled.
2019-10-01 11:05:11,182 [Datanode State Machine Thread - 0] INFO  ratis.XceiverServerRatis (XceiverServerRatis.java:start(417)) - Starting XceiverServerRatis 448e545b-1036-46b2-9b2f-ff3b074b5e34 at port 0
2019-10-01 11:05:11,189 [Datanode State Machine Thread - 0] INFO  impl.RaftServerProxy (RaftServerProxy.java:lambda$start$3(299)) - 448e545b-1036-46b2-9b2f-ff3b074b5e34: start RPC server
2019-10-01 11:05:11,205 [Datanode State Machine Thread - 0] INFO  server.GrpcService (GrpcService.java:startImpl(158)) - 448e545b-1036-46b2-9b2f-ff3b074b5e34: GrpcService started, listening on 0.0.0.0/0.0.0.0:41974
2019-10-01 11:05:11,205 [Datanode State Machine Thread - 0] INFO  ratis.XceiverServerRatis (XceiverServerRatis.java:start(427)) - XceiverServerRatis 448e545b-1036-46b2-9b2f-ff3b074b5e34 is started using port 41974
2019-10-01 11:05:11,206 [Datanode State Machine Thread - 0] INFO  server.XceiverServerGrpc (XceiverServerGrpc.java:start(149)) - XceiverServerGrpc 448e545b-1036-46b2-9b2f-ff3b074b5e34 is started using port 36853
2019-10-01 11:05:12,169 [main] INFO  ozone.MiniOzoneClusterImpl (MiniOzoneClusterImpl.java:lambda$waitForClusterToBeReady$0(147)) - Waiting for cluster to be ready. Got 0 of 7 DN Heartbeats.
2019-10-01 11:05:12,784 [IPC Server handler 4 on 41975] INFO  net.NetworkTopology (NetworkTopologyImpl.java:add(111)) - Added a new node: /default-rack/4dc49964-fbf6-40e6-8571-06acdd79f4d1
2019-10-01 11:05:12,784 [IPC Server handler 4 on 41975] INFO  node.SCMNodeManager (SCMNodeManager.java:register(266)) - Registered Data node : 4dc49964-fbf6-40e6-8571-06acdd79f4d1{ip: 192.168.151.80, host: pr-hdds-2214-vjltc-212603711, networkLocation: /default-rack, certSerialId: null}
2019-10-01 11:05:12,788 [EventQueue-NodeRegistrationContainerReportForDataNodeSafeModeRule] INFO  safemode.SCMSafeModeManager (DataNodeSafeModeRule.java:process(71)) - SCM in safe mode. 1 DataNodes registered, 1 required.
2019-10-01 11:05:12,790 [EventQueue-NodeRegistrationContainerReportForDataNodeSafeModeRule] INFO  safemode.SCMSafeModeManager (SCMSafeModeManager.java:validateSafeModeExitRules(177)) - ScmSafeModeManager, all rules are successfully validated
2019-10-01 11:05:12,790 [EventQueue-NodeRegistrationContainerReportForDataNodeSafeModeRule] INFO  safemode.SCMSafeModeManager (SCMSafeModeManager.java:exitSafeMode(193)) - SCM exiting safe mode.
2019-10-01 11:05:12,800 [grpc-default-executor-4] INFO  impl.RaftServerProxy (RaftServerProxy.java:addNew(89)) - 4dc49964-fbf6-40e6-8571-06acdd79f4d1: addNew group-8C46F4831D92:[4dc49964-fbf6-40e6-8571-06acdd79f4d1:192.168.151.80:40697] returns group-8C46F4831D92:java.util.concurrent.CompletableFuture@24e0ac0f[Not completed]
2019-10-01 11:05:12,802 [pool-409-thread-1] INFO  impl.RaftServerImpl (RaftServerImpl.java:<init>(95)) - 4dc49964-fbf6-40e6-8571-06acdd79f4d1: new RaftServerImpl for group-8C46F4831D92:[4dc49964-fbf6-40e6-8571-06acdd79f4d1:192.168.151.80:40697] with ContainerStateMachine:uninitialized
2019-10-01 11:05:12,802 [pool-409-thread-1] INFO  server.RaftServerConfigKeys (ConfUtils.java:logGet(43)) - raft.server.rpc.timeout.min = 5s (custom)
2019-10-01 11:05:12,802 [pool-409-thread-1] INFO  server.RaftServerConfigKeys (ConfUtils.java:logGet(43)) - raft.server.rpc.timeout.max = 5200ms (custom)
2019-10-01 11:05:12,802 [pool-409-thread-1] INFO  server.RaftServerConfigKeys (ConfUtils.java:logGet(43)) - raft.server.rpcslowness.timeout = 120s (custom)
2019-10-01 11:05:12,802 [pool-409-thread-1] INFO  server.RaftServerConfigKeys (ConfUtils.java:logGet(43)) - raft.server.sleep.deviation.threshold = 300 (default)
2019-10-01 11:05:12,803 [pool-409-thread-1] INFO  server.RaftServerConfigKeys (ConfUtils.java:logGet(43)) - raft.server.log.appender.install.snapshot.enabled = false (custom)
2019-10-01 11:05:12,803 [pool-409-thread-1] INFO  impl.RaftServerImpl (ServerState.java:<init>(103)) - 4dc49964-fbf6-40e6-8571-06acdd79f4d1@group-8C46F4831D92: ConfigurationManager, init=-1: [4dc49964-fbf6-40e6-8571-06acdd79f4d1:192.168.151.80:40697], old=null, confs=<EMPTY_MAP>
2019-10-01 11:05:12,803 [pool-409-thread-1] INFO  server.RaftServerConfigKeys (ConfUtils.java:logGet(43)) - raft.server.storage.dir = [/workdir/hadoop-ozone/integration-test/target/test-dir/MiniOzoneClusterImpl-2f0d656a-aa1e-467a-b42c-bab793932067/datanode-0/data/ratis] (custom)
2019-10-01 11:05:12,803 [pool-409-thread-1] INFO  storage.RaftStorageDirectory (RaftStorageDirectory.java:analyzeStorage(246)) - The storage directory /workdir/hadoop-ozone/integration-test/target/test-dir/MiniOzoneClusterImpl-2f0d656a-aa1e-467a-b42c-bab793932067/datanode-0/data/ratis/4f43cf69-94e7-4fd9-a864-8c46f4831d92 does not exist. Creating ...
2019-10-01 11:05:12,816 [pool-409-thread-1] INFO  storage.RaftStorageDirectory (RaftStorageDirectory.java:tryLock(328)) - Lock on /workdir/hadoop-ozone/integration-test/target/test-dir/MiniOzoneClusterImpl-2f0d656a-aa1e-467a-b42c-bab793932067/datanode-0/data/ratis/4f43cf69-94e7-4fd9-a864-8c46f4831d92/in_use.lock acquired by nodename 23026@pr-hdds-2214-vjltc-212603711
2019-10-01 11:05:12,838 [pool-409-thread-1] INFO  storage.RaftStorage (RaftStorage.java:format(72)) - Storage directory /workdir/hadoop-ozone/integration-test/target/test-dir/MiniOzoneClusterImpl-2f0d656a-aa1e-467a-b42c-bab793932067/datanode-0/data/ratis/4f43cf69-94e7-4fd9-a864-8c46f4831d92 has been successfully formatted.
2019-10-01 11:05:12,838 [pool-409-thread-1] INFO  ratis.ContainerStateMachine (ContainerStateMachine.java:loadSnapshot(230)) - group-8C46F4831D92: The snapshot info is null. Setting the last applied indexto:(t:0, i:~)
2019-10-01 11:05:12,838 [pool-409-thread-1] INFO  server.RaftServerConfigKeys (ConfUtils.java:logGet(43)) - raft.server.notification.no-leader.timeout = 120s (custom)
2019-10-01 11:05:12,838 [pool-409-thread-1] INFO  server.RaftServerConfigKeys (ConfUtils.java:logGet(43)) - raft.server.log.use.memory = false (default)
2019-10-01 11:05:12,839 [pool-409-thread-1] INFO  server.RaftServerConfigKeys (ConfUtils.java:logGet(43)) - raft.server.log.purge.gap = 1000000 (custom)
2019-10-01 11:05:12,839 [pool-409-thread-1] INFO  server.RaftServerConfigKeys (ConfUtils.java:logGet(43)) - raft.server.log.appender.buffer.byte-limit = 33554432 (custom)
2019-10-01 11:05:12,839 [pool-409-thread-1] INFO  server.RaftServerConfigKeys (ConfUtils.java:logGet(43)) - raft.server.log.segment.size.max = 1048576 (custom)
2019-10-01 11:05:12,839 [pool-409-thread-1] INFO  server.RaftServerConfigKeys (ConfUtils.java:logGet(43)) - raft.server.log.segment.cache.num.max = 2 (custom)
2019-10-01 11:05:12,839 [pool-409-thread-1] INFO  segmented.SegmentedRaftLogWorker (SegmentedRaftLogWorker.java:<init>(172)) - new 4dc49964-fbf6-40e6-8571-06acdd79f4d1@group-8C46F4831D92-SegmentedRaftLogWorker for RaftStorage:Storage Directory /workdir/hadoop-ozone/integration-test/target/test-dir/MiniOzoneClusterImpl-2f0d656a-aa1e-467a-b42c-bab793932067/datanode-0/data/ratis/4f43cf69-94e7-4fd9-a864-8c46f4831d92
2019-10-01 11:05:12,841 [IPC Server handler 5 on 41975] INFO  net.NetworkTopology (NetworkTopologyImpl.java:add(111)) - Added a new node: /default-rack/a49ce009-7bbe-4dc3-8e8a-67ff17c33fdc
2019-10-01 11:05:12,841 [IPC Server handler 5 on 41975] INFO  node.SCMNodeManager (SCMNodeManager.java:register(266)) - Registered Data node : a49ce009-7bbe-4dc3-8e8a-67ff17c33fdc{ip: 192.168.151.80, host: pr-hdds-2214-vjltc-212603711, networkLocation: /default-rack, certSerialId: null}
2019-10-01 11:05:12,842 [pool-409-thread-1] INFO  server.RaftServerConfigKeys (ConfUtils.java:logGet(43)) - raft.server.log.queue.byte-limit = 2147483647 (custom)
2019-10-01 11:05:12,842 [pool-409-thread-1] INFO  server.RaftServerConfigKeys (ConfUtils.java:logGet(43)) - raft.server.log.queue.element-limit = 1024 (custom)
2019-10-01 11:05:12,842 [pool-409-thread-1] INFO  server.RaftServerConfigKeys (ConfUtils.java:logGet(43)) - raft.server.log.segment.size.max = 1048576 (custom)
2019-10-01 11:05:12,842 [pool-409-thread-1] INFO  server.RaftServerConfigKeys (ConfUtils.java:logGet(43)) - raft.server.log.preallocated.size = 16384 (custom)
2019-10-01 11:05:12,843 [pool-409-thread-1] INFO  server.RaftServerConfigKeys (ConfUtils.java:logGet(43)) - raft.server.log.write.buffer.size = 33554432 (custom)
2019-10-01 11:05:12,843 [pool-409-thread-1] INFO  server.RaftServerConfigKeys (ConfUtils.java:logGet(43)) - raft.server.log.force.sync.num = 128 (default)
2019-10-01 11:05:12,843 [pool-409-thread-1] INFO  server.RaftServerConfigKeys (ConfUtils.java:logGet(43)) - raft.server.log.statemachine.data.sync = true (default)
2019-10-01 11:05:12,843 [pool-409-thread-1] INFO  server.RaftServerConfigKeys (ConfUtils.java:logGet(43)) - raft.server.log.statemachine.data.sync.timeout = 10s (default)
2019-10-01 11:05:12,843 [pool-409-thread-1] INFO  server.RaftServerConfigKeys (ConfUtils.java:logGet(43)) - raft.server.log.statemachine.data.sync.timeout.retry = -1 (default)
2019-10-01 11:05:12,844 [pool-409-thread-1] INFO  server.RaftServerConfigKeys (ConfUtils.java:logGet(43)) - raft.server.log.statemachine.data.caching.enabled = true (custom)
2019-10-01 11:05:12,844 [pool-409-thread-1] INFO  segmented.SegmentedRaftLogWorker (SegmentedRaftLogWorker.java:lambda$new$0(132)) - 4dc49964-fbf6-40e6-8571-06acdd79f4d1@group-8C46F4831D92-SegmentedRaftLogWorker: flushIndex: setUnconditionally 0 -> -1
2019-10-01 11:05:12,844 [pool-409-thread-1] INFO  server.RaftServerConfigKeys (ConfUtils.java:logGet(43)) - raft.server.snapshot.auto.trigger.enabled = true (custom)
2019-10-01 11:05:12,845 [pool-409-thread-1] INFO  server.RaftServerConfigKeys (ConfUtils.java:logGet(43)) - raft.server.snapshot.auto.trigger.threshold = 10000 (custom)
2019-10-01 11:05:12,845 [pool-409-thread-1] INFO  server.RaftServerConfigKeys (ConfUtils.java:logGet(43)) - raft.server.snapshot.retention.num.files = 5 (custom)
2019-10-01 11:05:12,845 [pool-409-thread-1] INFO  server.RaftServerConfigKeys (ConfUtils.java:logGet(43)) - raft.server.retrycache.expirytime = 600000ms (custom)
2019-10-01 11:05:12,847 [pool-409-thread-1] INFO  impl.RaftServerImpl (RaftServerImpl.java:start(185)) - 4dc49964-fbf6-40e6-8571-06acdd79f4d1@group-8C46F4831D92: start as a follower, conf=-1: [4dc49964-fbf6-40e6-8571-06acdd79f4d1:192.168.151.80:40697], old=null
2019-10-01 11:05:12,847 [pool-409-thread-1] INFO  impl.RaftServerImpl (RaftServerImpl.java:setRole(174)) - 4dc49964-fbf6-40e6-8571-06acdd79f4d1@group-8C46F4831D92: changes role from      null to FOLLOWER at term 0 for startAsFollower
2019-10-01 11:05:12,848 [pool-409-thread-1] INFO  impl.RoleInfo (RoleInfo.java:updateAndGet(143)) - 4dc49964-fbf6-40e6-8571-06acdd79f4d1: start FollowerState
2019-10-01 11:05:12,848 [pool-409-thread-1] INFO  util.JmxRegister (JmxRegister.java:tryRegister(44)) - Successfully registered JMX Bean with object name Ratis:service=RaftServer,group=group-8C46F4831D92,id=4dc49964-fbf6-40e6-8571-06acdd79f4d1
2019-10-01 11:05:12,851 [RatisPipelineUtilsThread] INFO  pipeline.PipelineStateManager (PipelineStateManager.java:addPipeline(56)) - Created pipeline Pipeline[ Id: 4f43cf69-94e7-4fd9-a864-8c46f4831d92, Nodes: 4dc49964-fbf6-40e6-8571-06acdd79f4d1{ip: 192.168.151.80, host: pr-hdds-2214-vjltc-212603711, networkLocation: /default-rack, certSerialId: null}, Type:RATIS, Factor:ONE, State:OPEN]
2019-10-01 11:05:12,858 [grpc-default-executor-4] INFO  impl.RaftServerProxy (RaftServerProxy.java:addNew(89)) - a49ce009-7bbe-4dc3-8e8a-67ff17c33fdc: addNew group-5D2334E30C74:[a49ce009-7bbe-4dc3-8e8a-67ff17c33fdc:192.168.151.80:39340] returns group-5D2334E30C74:java.util.concurrent.CompletableFuture@3ab62b14[Not completed]
2019-10-01 11:05:12,859 [pool-419-thread-1] INFO  impl.RaftServerImpl (RaftServerImpl.java:<init>(95)) - a49ce009-7bbe-4dc3-8e8a-67ff17c33fdc: new RaftServerImpl for group-5D2334E30C74:[a49ce009-7bbe-4dc3-8e8a-67ff17c33fdc:192.168.151.80:39340] with ContainerStateMachine:uninitialized
2019-10-01 11:05:12,859 [pool-419-thread-1] INFO  server.RaftServerConfigKeys (ConfUtils.java:logGet(43)) - raft.server.rpc.timeout.min = 5s (custom)
2019-10-01 11:05:12,859 [pool-419-thread-1] INFO  server.RaftServerConfigKeys (ConfUtils.java:logGet(43)) - raft.server.rpc.timeout.max = 5200ms (custom)
2019-10-01 11:05:12,860 [pool-419-thread-1] INFO  server.RaftServerConfigKeys (ConfUtils.java:logGet(43)) - raft.server.rpcslowness.timeout = 120s (custom)
2019-10-01 11:05:12,860 [pool-419-thread-1] INFO  server.RaftServerConfigKeys (ConfUtils.java:logGet(43)) - raft.server.sleep.deviation.threshold = 300 (default)
2019-10-01 11:05:12,860 [pool-419-thread-1] INFO  server.RaftServerConfigKeys (ConfUtils.java:logGet(43)) - raft.server.log.appender.install.snapshot.enabled = false (custom)
2019-10-01 11:05:12,860 [pool-419-thread-1] INFO  impl.RaftServerImpl (ServerState.java:<init>(103)) - a49ce009-7bbe-4dc3-8e8a-67ff17c33fdc@group-5D2334E30C74: ConfigurationManager, init=-1: [a49ce009-7bbe-4dc3-8e8a-67ff17c33fdc:192.168.151.80:39340], old=null, confs=<EMPTY_MAP>
2019-10-01 11:05:12,860 [pool-419-thread-1] INFO  server.RaftServerConfigKeys (ConfUtils.java:logGet(43)) - raft.server.storage.dir = [/workdir/hadoop-ozone/integration-test/target/test-dir/MiniOzoneClusterImpl-2f0d656a-aa1e-467a-b42c-bab793932067/datanode-1/data/ratis] (custom)
2019-10-01 11:05:12,861 [pool-419-thread-1] INFO  storage.RaftStorageDirectory (RaftStorageDirectory.java:analyzeStorage(246)) - The storage directory /workdir/hadoop-ozone/integration-test/target/test-dir/MiniOzoneClusterImpl-2f0d656a-aa1e-467a-b42c-bab793932067/datanode-1/data/ratis/5d616463-d62b-4309-9c4e-5d2334e30c74 does not exist. Creating ...
2019-10-01 11:05:12,873 [pool-419-thread-1] INFO  storage.RaftStorageDirectory (RaftStorageDirectory.java:tryLock(328)) - Lock on /workdir/hadoop-ozone/integration-test/target/test-dir/MiniOzoneClusterImpl-2f0d656a-aa1e-467a-b42c-bab793932067/datanode-1/data/ratis/5d616463-d62b-4309-9c4e-5d2334e30c74/in_use.lock acquired by nodename 23026@pr-hdds-2214-vjltc-212603711
2019-10-01 11:05:12,886 [pool-419-thread-1] INFO  storage.RaftStorage (RaftStorage.java:format(72)) - Storage directory /workdir/hadoop-ozone/integration-test/target/test-dir/MiniOzoneClusterImpl-2f0d656a-aa1e-467a-b42c-bab793932067/datanode-1/data/ratis/5d616463-d62b-4309-9c4e-5d2334e30c74 has been successfully formatted.
2019-10-01 11:05:12,886 [pool-419-thread-1] INFO  ratis.ContainerStateMachine (ContainerStateMachine.java:loadSnapshot(230)) - group-5D2334E30C74: The snapshot info is null. Setting the last applied indexto:(t:0, i:~)
2019-10-01 11:05:12,887 [pool-419-thread-1] INFO  server.RaftServerConfigKeys (ConfUtils.java:logGet(43)) - raft.server.notification.no-leader.timeout = 120s (custom)
2019-10-01 11:05:12,887 [pool-419-thread-1] INFO  server.RaftServerConfigKeys (ConfUtils.java:logGet(43)) - raft.server.log.use.memory = false (default)
2019-10-01 11:05:12,887 [pool-419-thread-1] INFO  server.RaftServerConfigKeys (ConfUtils.java:logGet(43)) - raft.server.log.purge.gap = 1000000 (custom)
2019-10-01 11:05:12,887 [pool-419-thread-1] INFO  server.RaftServerConfigKeys (ConfUtils.java:logGet(43)) - raft.server.log.appender.buffer.byte-limit = 33554432 (custom)
2019-10-01 11:05:12,887 [pool-419-thread-1] INFO  server.RaftServerConfigKeys (ConfUtils.java:logGet(43)) - raft.server.log.segment.size.max = 1048576 (custom)
2019-10-01 11:05:12,887 [pool-419-thread-1] INFO  server.RaftServerConfigKeys (ConfUtils.java:logGet(43)) - raft.server.log.segment.cache.num.max = 2 (custom)
2019-10-01 11:05:12,887 [pool-419-thread-1] INFO  segmented.SegmentedRaftLogWorker (SegmentedRaftLogWorker.java:<init>(172)) - new a49ce009-7bbe-4dc3-8e8a-67ff17c33fdc@group-5D2334E30C74-SegmentedRaftLogWorker for RaftStorage:Storage Directory /workdir/hadoop-ozone/integration-test/target/test-dir/MiniOzoneClusterImpl-2f0d656a-aa1e-467a-b42c-bab793932067/datanode-1/data/ratis/5d616463-d62b-4309-9c4e-5d2334e30c74
2019-10-01 11:05:12,889 [pool-419-thread-1] INFO  server.RaftServerConfigKeys (ConfUtils.java:logGet(43)) - raft.server.log.queue.byte-limit = 2147483647 (custom)
2019-10-01 11:05:12,890 [pool-419-thread-1] INFO  server.RaftServerConfigKeys (ConfUtils.java:logGet(43)) - raft.server.log.queue.element-limit = 1024 (custom)
2019-10-01 11:05:12,890 [pool-419-thread-1] INFO  server.RaftServerConfigKeys (ConfUtils.java:logGet(43)) - raft.server.log.segment.size.max = 1048576 (custom)
2019-10-01 11:05:12,890 [pool-419-thread-1] INFO  server.RaftServerConfigKeys (ConfUtils.java:logGet(43)) - raft.server.log.preallocated.size = 16384 (custom)
2019-10-01 11:05:12,890 [pool-419-thread-1] INFO  server.RaftServerConfigKeys (ConfUtils.java:logGet(43)) - raft.server.log.write.buffer.size = 33554432 (custom)
2019-10-01 11:05:12,890 [pool-419-thread-1] INFO  server.RaftServerConfigKeys (ConfUtils.java:logGet(43)) - raft.server.log.force.sync.num = 128 (default)
2019-10-01 11:05:12,890 [pool-419-thread-1] INFO  server.RaftServerConfigKeys (ConfUtils.java:logGet(43)) - raft.server.log.statemachine.data.sync = true (default)
2019-10-01 11:05:12,891 [pool-419-thread-1] INFO  server.RaftServerConfigKeys (ConfUtils.java:logGet(43)) - raft.server.log.statemachine.data.sync.timeout = 10s (default)
2019-10-01 11:05:12,891 [pool-419-thread-1] INFO  server.RaftServerConfigKeys (ConfUtils.java:logGet(43)) - raft.server.log.statemachine.data.sync.timeout.retry = -1 (default)
2019-10-01 11:05:12,891 [pool-419-thread-1] INFO  server.RaftServerConfigKeys (ConfUtils.java:logGet(43)) - raft.server.log.statemachine.data.caching.enabled = true (custom)
2019-10-01 11:05:12,891 [pool-419-thread-1] INFO  segmented.SegmentedRaftLogWorker (SegmentedRaftLogWorker.java:lambda$new$0(132)) - a49ce009-7bbe-4dc3-8e8a-67ff17c33fdc@group-5D2334E30C74-SegmentedRaftLogWorker: flushIndex: setUnconditionally 0 -> -1
2019-10-01 11:05:12,892 [pool-419-thread-1] INFO  server.RaftServerConfigKeys (ConfUtils.java:logGet(43)) - raft.server.snapshot.auto.trigger.enabled = true (custom)
2019-10-01 11:05:12,892 [pool-419-thread-1] INFO  server.RaftServerConfigKeys (ConfUtils.java:logGet(43)) - raft.server.snapshot.auto.trigger.threshold = 10000 (custom)
2019-10-01 11:05:12,892 [pool-419-thread-1] INFO  server.RaftServerConfigKeys (ConfUtils.java:logGet(43)) - raft.server.snapshot.retention.num.files = 5 (custom)
2019-10-01 11:05:12,892 [pool-419-thread-1] INFO  server.RaftServerConfigKeys (ConfUtils.java:logGet(43)) - raft.server.retrycache.expirytime = 600000ms (custom)
2019-10-01 11:05:12,894 [pool-419-thread-1] INFO  impl.RaftServerImpl (RaftServerImpl.java:start(185)) - a49ce009-7bbe-4dc3-8e8a-67ff17c33fdc@group-5D2334E30C74: start as a follower, conf=-1: [a49ce009-7bbe-4dc3-8e8a-67ff17c33fdc:192.168.151.80:39340], old=null
2019-10-01 11:05:12,894 [pool-419-thread-1] INFO  impl.RaftServerImpl (RaftServerImpl.java:setRole(174)) - a49ce009-7bbe-4dc3-8e8a-67ff17c33fdc@group-5D2334E30C74: changes role from      null to FOLLOWER at term 0 for startAsFollower
2019-10-01 11:05:12,894 [pool-419-thread-1] INFO  impl.RoleInfo (RoleInfo.java:updateAndGet(143)) - a49ce009-7bbe-4dc3-8e8a-67ff17c33fdc: start FollowerState
2019-10-01 11:05:12,895 [pool-419-thread-1] INFO  util.JmxRegister (JmxRegister.java:tryRegister(44)) - Successfully registered JMX Bean with object name Ratis:service=RaftServer,group=group-5D2334E30C74,id=a49ce009-7bbe-4dc3-8e8a-67ff17c33fdc
2019-10-01 11:05:12,897 [RatisPipelineUtilsThread] INFO  pipeline.PipelineStateManager (PipelineStateManager.java:addPipeline(56)) - Created pipeline Pipeline[ Id: 5d616463-d62b-4309-9c4e-5d2334e30c74, Nodes: a49ce009-7bbe-4dc3-8e8a-67ff17c33fdc{ip: 192.168.151.80, host: pr-hdds-2214-vjltc-212603711, networkLocation: /default-rack, certSerialId: null}, Type:RATIS, Factor:ONE, State:OPEN]
2019-10-01 11:05:12,906 [IPC Server handler 1 on 41975] INFO  net.NetworkTopology (NetworkTopologyImpl.java:add(111)) - Added a new node: /default-rack/294c00a8-ed7b-4480-8a86-47ae2c52968d
2019-10-01 11:05:12,907 [IPC Server handler 1 on 41975] INFO  node.SCMNodeManager (SCMNodeManager.java:register(266)) - Registered Data node : 294c00a8-ed7b-4480-8a86-47ae2c52968d{ip: 192.168.151.80, host: pr-hdds-2214-vjltc-212603711, networkLocation: /default-rack, certSerialId: null}
2019-10-01 11:05:12,913 [grpc-default-executor-4] INFO  impl.RaftServerProxy (RaftServerProxy.java:addNew(89)) - 294c00a8-ed7b-4480-8a86-47ae2c52968d: addNew group-496DBACFDEA1:[294c00a8-ed7b-4480-8a86-47ae2c52968d:192.168.151.80:45512] returns group-496DBACFDEA1:java.util.concurrent.CompletableFuture@14b4ba02[Not completed]
2019-10-01 11:05:12,914 [pool-429-thread-1] INFO  impl.RaftServerImpl (RaftServerImpl.java:<init>(95)) - 294c00a8-ed7b-4480-8a86-47ae2c52968d: new RaftServerImpl for group-496DBACFDEA1:[294c00a8-ed7b-4480-8a86-47ae2c52968d:192.168.151.80:45512] with ContainerStateMachine:uninitialized
2019-10-01 11:05:12,914 [pool-429-thread-1] INFO  server.RaftServerConfigKeys (ConfUtils.java:logGet(43)) - raft.server.rpc.timeout.min = 5s (custom)
2019-10-01 11:05:12,914 [pool-429-thread-1] INFO  server.RaftServerConfigKeys (ConfUtils.java:logGet(43)) - raft.server.rpc.timeout.max = 5200ms (custom)
2019-10-01 11:05:12,914 [pool-429-thread-1] INFO  server.RaftServerConfigKeys (ConfUtils.java:logGet(43)) - raft.server.rpcslowness.timeout = 120s (custom)
2019-10-01 11:05:12,915 [pool-429-thread-1] INFO  server.RaftServerConfigKeys (ConfUtils.java:logGet(43)) - raft.server.sleep.deviation.threshold = 300 (default)
2019-10-01 11:05:12,915 [pool-429-thread-1] INFO  server.RaftServerConfigKeys (ConfUtils.java:logGet(43)) - raft.server.log.appender.install.snapshot.enabled = false (custom)
2019-10-01 11:05:12,915 [pool-429-thread-1] INFO  impl.RaftServerImpl (ServerState.java:<init>(103)) - 294c00a8-ed7b-4480-8a86-47ae2c52968d@group-496DBACFDEA1: ConfigurationManager, init=-1: [294c00a8-ed7b-4480-8a86-47ae2c52968d:192.168.151.80:45512], old=null, confs=<EMPTY_MAP>
2019-10-01 11:05:12,915 [pool-429-thread-1] INFO  server.RaftServerConfigKeys (ConfUtils.java:logGet(43)) - raft.server.storage.dir = [/workdir/hadoop-ozone/integration-test/target/test-dir/MiniOzoneClusterImpl-2f0d656a-aa1e-467a-b42c-bab793932067/datanode-2/data/ratis] (custom)
2019-10-01 11:05:12,915 [pool-429-thread-1] INFO  storage.RaftStorageDirectory (RaftStorageDirectory.java:analyzeStorage(246)) - The storage directory /workdir/hadoop-ozone/integration-test/target/test-dir/MiniOzoneClusterImpl-2f0d656a-aa1e-467a-b42c-bab793932067/datanode-2/data/ratis/7f800035-b430-43d0-8e95-496dbacfdea1 does not exist. Creating ...
2019-10-01 11:05:12,928 [pool-429-thread-1] INFO  storage.RaftStorageDirectory (RaftStorageDirectory.java:tryLock(328)) - Lock on /workdir/hadoop-ozone/integration-test/target/test-dir/MiniOzoneClusterImpl-2f0d656a-aa1e-467a-b42c-bab793932067/datanode-2/data/ratis/7f800035-b430-43d0-8e95-496dbacfdea1/in_use.lock acquired by nodename 23026@pr-hdds-2214-vjltc-212603711
2019-10-01 11:05:12,941 [pool-429-thread-1] INFO  storage.RaftStorage (RaftStorage.java:format(72)) - Storage directory /workdir/hadoop-ozone/integration-test/target/test-dir/MiniOzoneClusterImpl-2f0d656a-aa1e-467a-b42c-bab793932067/datanode-2/data/ratis/7f800035-b430-43d0-8e95-496dbacfdea1 has been successfully formatted.
2019-10-01 11:05:12,941 [pool-429-thread-1] INFO  ratis.ContainerStateMachine (ContainerStateMachine.java:loadSnapshot(230)) - group-496DBACFDEA1: The snapshot info is null. Setting the last applied indexto:(t:0, i:~)
2019-10-01 11:05:12,942 [pool-429-thread-1] INFO  server.RaftServerConfigKeys (ConfUtils.java:logGet(43)) - raft.server.notification.no-leader.timeout = 120s (custom)
2019-10-01 11:05:12,942 [pool-429-thread-1] INFO  server.RaftServerConfigKeys (ConfUtils.java:logGet(43)) - raft.server.log.use.memory = false (default)
2019-10-01 11:05:12,942 [pool-429-thread-1] INFO  server.RaftServerConfigKeys (ConfUtils.java:logGet(43)) - raft.server.log.purge.gap = 1000000 (custom)
2019-10-01 11:05:12,942 [pool-429-thread-1] INFO  server.RaftServerConfigKeys (ConfUtils.java:logGet(43)) - raft.server.log.appender.buffer.byte-limit = 33554432 (custom)
2019-10-01 11:05:12,942 [pool-429-thread-1] INFO  server.RaftServerConfigKeys (ConfUtils.java:logGet(43)) - raft.server.log.segment.size.max = 1048576 (custom)
2019-10-01 11:05:12,942 [pool-429-thread-1] INFO  server.RaftServerConfigKeys (ConfUtils.java:logGet(43)) - raft.server.log.segment.cache.num.max = 2 (custom)
2019-10-01 11:05:12,942 [pool-429-thread-1] INFO  segmented.SegmentedRaftLogWorker (SegmentedRaftLogWorker.java:<init>(172)) - new 294c00a8-ed7b-4480-8a86-47ae2c52968d@group-496DBACFDEA1-SegmentedRaftLogWorker for RaftStorage:Storage Directory /workdir/hadoop-ozone/integration-test/target/test-dir/MiniOzoneClusterImpl-2f0d656a-aa1e-467a-b42c-bab793932067/datanode-2/data/ratis/7f800035-b430-43d0-8e95-496dbacfdea1
2019-10-01 11:05:12,944 [pool-429-thread-1] INFO  server.RaftServerConfigKeys (ConfUtils.java:logGet(43)) - raft.server.log.queue.byte-limit = 2147483647 (custom)
2019-10-01 11:05:12,944 [pool-429-thread-1] INFO  server.RaftServerConfigKeys (ConfUtils.java:logGet(43)) - raft.server.log.queue.element-limit = 1024 (custom)
2019-10-01 11:05:12,944 [pool-429-thread-1] INFO  server.RaftServerConfigKeys (ConfUtils.java:logGet(43)) - raft.server.log.segment.size.max = 1048576 (custom)
2019-10-01 11:05:12,944 [pool-429-thread-1] INFO  server.RaftServerConfigKeys (ConfUtils.java:logGet(43)) - raft.server.log.preallocated.size = 16384 (custom)
2019-10-01 11:05:12,945 [pool-429-thread-1] INFO  server.RaftServerConfigKeys (ConfUtils.java:logGet(43)) - raft.server.log.write.buffer.size = 33554432 (custom)
2019-10-01 11:05:12,945 [pool-429-thread-1] INFO  server.RaftServerConfigKeys (ConfUtils.java:logGet(43)) - raft.server.log.force.sync.num = 128 (default)
2019-10-01 11:05:12,945 [pool-429-thread-1] INFO  server.RaftServerConfigKeys (ConfUtils.java:logGet(43)) - raft.server.log.statemachine.data.sync = true (default)
2019-10-01 11:05:12,945 [pool-429-thread-1] INFO  server.RaftServerConfigKeys (ConfUtils.java:logGet(43)) - raft.server.log.statemachine.data.sync.timeout = 10s (default)
2019-10-01 11:05:12,945 [pool-429-thread-1] INFO  server.RaftServerConfigKeys (ConfUtils.java:logGet(43)) - raft.server.log.statemachine.data.sync.timeout.retry = -1 (default)
2019-10-01 11:05:12,945 [pool-429-thread-1] INFO  server.RaftServerConfigKeys (ConfUtils.java:logGet(43)) - raft.server.log.statemachine.data.caching.enabled = true (custom)
2019-10-01 11:05:12,946 [pool-429-thread-1] INFO  segmented.SegmentedRaftLogWorker (SegmentedRaftLogWorker.java:lambda$new$0(132)) - 294c00a8-ed7b-4480-8a86-47ae2c52968d@group-496DBACFDEA1-SegmentedRaftLogWorker: flushIndex: setUnconditionally 0 -> -1
2019-10-01 11:05:12,946 [pool-429-thread-1] INFO  server.RaftServerConfigKeys (ConfUtils.java:logGet(43)) - raft.server.snapshot.auto.trigger.enabled = true (custom)
2019-10-01 11:05:12,946 [pool-429-thread-1] INFO  server.RaftServerConfigKeys (ConfUtils.java:logGet(43)) - raft.server.snapshot.auto.trigger.threshold = 10000 (custom)
2019-10-01 11:05:12,946 [pool-429-thread-1] INFO  server.RaftServerConfigKeys (ConfUtils.java:logGet(43)) - raft.server.snapshot.retention.num.files = 5 (custom)
2019-10-01 11:05:12,946 [pool-429-thread-1] INFO  server.RaftServerConfigKeys (ConfUtils.java:logGet(43)) - raft.server.retrycache.expirytime = 600000ms (custom)
2019-10-01 11:05:12,948 [pool-429-thread-1] INFO  impl.RaftServerImpl (RaftServerImpl.java:start(185)) - 294c00a8-ed7b-4480-8a86-47ae2c52968d@group-496DBACFDEA1: start as a follower, conf=-1: [294c00a8-ed7b-4480-8a86-47ae2c52968d:192.168.151.80:45512], old=null
2019-10-01 11:05:12,948 [pool-429-thread-1] INFO  impl.RaftServerImpl (RaftServerImpl.java:setRole(174)) - 294c00a8-ed7b-4480-8a86-47ae2c52968d@group-496DBACFDEA1: changes role from      null to FOLLOWER at term 0 for startAsFollower
2019-10-01 11:05:12,948 [pool-429-thread-1] INFO  impl.RoleInfo (RoleInfo.java:updateAndGet(143)) - 294c00a8-ed7b-4480-8a86-47ae2c52968d: start FollowerState
2019-10-01 11:05:12,948 [pool-429-thread-1] INFO  util.JmxRegister (JmxRegister.java:tryRegister(44)) - Successfully registered JMX Bean with object name Ratis:service=RaftServer,group=group-496DBACFDEA1,id=294c00a8-ed7b-4480-8a86-47ae2c52968d
2019-10-01 11:05:12,950 [RatisPipelineUtilsThread] INFO  pipeline.PipelineStateManager (PipelineStateManager.java:addPipeline(56)) - Created pipeline Pipeline[ Id: 7f800035-b430-43d0-8e95-496dbacfdea1, Nodes: 294c00a8-ed7b-4480-8a86-47ae2c52968d{ip: 192.168.151.80, host: pr-hdds-2214-vjltc-212603711, networkLocation: /default-rack, certSerialId: null}, Type:RATIS, Factor:ONE, State:OPEN]
2019-10-01 11:05:12,963 [grpc-default-executor-8] INFO  impl.RaftServerProxy (RaftServerProxy.java:addNew(89)) - 4dc49964-fbf6-40e6-8571-06acdd79f4d1: addNew group-B0177E16FA4C:[a49ce009-7bbe-4dc3-8e8a-67ff17c33fdc:192.168.151.80:39340, 4dc49964-fbf6-40e6-8571-06acdd79f4d1:192.168.151.80:40697, 294c00a8-ed7b-4480-8a86-47ae2c52968d:192.168.151.80:45512] returns group-B0177E16FA4C:java.util.concurrent.CompletableFuture@670b7c8[Not completed]
2019-10-01 11:05:12,964 [grpc-default-executor-9] INFO  impl.RaftServerProxy (RaftServerProxy.java:addNew(89)) - a49ce009-7bbe-4dc3-8e8a-67ff17c33fdc: addNew group-B0177E16FA4C:[a49ce009-7bbe-4dc3-8e8a-67ff17c33fdc:192.168.151.80:39340, 4dc49964-fbf6-40e6-8571-06acdd79f4d1:192.168.151.80:40697, 294c00a8-ed7b-4480-8a86-47ae2c52968d:192.168.151.80:45512] returns group-B0177E16FA4C:java.util.concurrent.CompletableFuture@7ee5ba96[Not completed]
2019-10-01 11:05:12,964 [grpc-default-executor-8] INFO  impl.RaftServerProxy (RaftServerProxy.java:addNew(89)) - 294c00a8-ed7b-4480-8a86-47ae2c52968d: addNew group-B0177E16FA4C:[a49ce009-7bbe-4dc3-8e8a-67ff17c33fdc:192.168.151.80:39340, 4dc49964-fbf6-40e6-8571-06acdd79f4d1:192.168.151.80:40697, 294c00a8-ed7b-4480-8a86-47ae2c52968d:192.168.151.80:45512] returns group-B0177E16FA4C:java.util.concurrent.CompletableFuture@76790472[Not completed]
2019-10-01 11:05:12,964 [pool-409-thread-1] INFO  impl.RaftServerImpl (RaftServerImpl.java:<init>(95)) - 4dc49964-fbf6-40e6-8571-06acdd79f4d1: new RaftServerImpl for group-B0177E16FA4C:[a49ce009-7bbe-4dc3-8e8a-67ff17c33fdc:192.168.151.80:39340, 4dc49964-fbf6-40e6-8571-06acdd79f4d1:192.168.151.80:40697, 294c00a8-ed7b-4480-8a86-47ae2c52968d:192.168.151.80:45512] with ContainerStateMachine:uninitialized
2019-10-01 11:05:12,965 [pool-409-thread-1] INFO  server.RaftServerConfigKeys (ConfUtils.java:logGet(43)) - raft.server.rpc.timeout.min = 5s (custom)
2019-10-01 11:05:12,965 [pool-409-thread-1] INFO  server.RaftServerConfigKeys (ConfUtils.java:logGet(43)) - raft.server.rpc.timeout.max = 5200ms (custom)
2019-10-01 11:05:12,965 [pool-409-thread-1] INFO  server.RaftServerConfigKeys (ConfUtils.java:logGet(43)) - raft.server.rpcslowness.timeout = 120s (custom)
2019-10-01 11:05:12,965 [pool-409-thread-1] INFO  server.RaftServerConfigKeys (ConfUtils.java:logGet(43)) - raft.server.sleep.deviation.threshold = 300 (default)
2019-10-01 11:05:12,965 [pool-409-thread-1] INFO  server.RaftServerConfigKeys (ConfUtils.java:logGet(43)) - raft.server.log.appender.install.snapshot.enabled = false (custom)
2019-10-01 11:05:12,965 [pool-429-thread-1] INFO  impl.RaftServerImpl (RaftServerImpl.java:<init>(95)) - 294c00a8-ed7b-4480-8a86-47ae2c52968d: new RaftServerImpl for group-B0177E16FA4C:[a49ce009-7bbe-4dc3-8e8a-67ff17c33fdc:192.168.151.80:39340, 4dc49964-fbf6-40e6-8571-06acdd79f4d1:192.168.151.80:40697, 294c00a8-ed7b-4480-8a86-47ae2c52968d:192.168.151.80:45512] with ContainerStateMachine:uninitialized
2019-10-01 11:05:12,965 [pool-409-thread-1] INFO  impl.RaftServerImpl (ServerState.java:<init>(103)) - 4dc49964-fbf6-40e6-8571-06acdd79f4d1@group-B0177E16FA4C: ConfigurationManager, init=-1: [a49ce009-7bbe-4dc3-8e8a-67ff17c33fdc:192.168.151.80:39340, 4dc49964-fbf6-40e6-8571-06acdd79f4d1:192.168.151.80:40697, 294c00a8-ed7b-4480-8a86-47ae2c52968d:192.168.151.80:45512], old=null, confs=<EMPTY_MAP>
2019-10-01 11:05:12,965 [pool-429-thread-1] INFO  server.RaftServerConfigKeys (ConfUtils.java:logGet(43)) - raft.server.rpc.timeout.min = 5s (custom)
2019-10-01 11:05:12,966 [pool-409-thread-1] INFO  server.RaftServerConfigKeys (ConfUtils.java:logGet(43)) - raft.server.storage.dir = [/workdir/hadoop-ozone/integration-test/target/test-dir/MiniOzoneClusterImpl-2f0d656a-aa1e-467a-b42c-bab793932067/datanode-0/data/ratis] (custom)
2019-10-01 11:05:12,966 [pool-429-thread-1] INFO  server.RaftServerConfigKeys (ConfUtils.java:logGet(43)) - raft.server.rpc.timeout.max = 5200ms (custom)
2019-10-01 11:05:12,966 [pool-429-thread-1] INFO  server.RaftServerConfigKeys (ConfUtils.java:logGet(43)) - raft.server.rpcslowness.timeout = 120s (custom)
2019-10-01 11:05:12,966 [pool-429-thread-1] INFO  server.RaftServerConfigKeys (ConfUtils.java:logGet(43)) - raft.server.sleep.deviation.threshold = 300 (default)
2019-10-01 11:05:12,966 [pool-409-thread-1] INFO  storage.RaftStorageDirectory (RaftStorageDirectory.java:analyzeStorage(246)) - The storage directory /workdir/hadoop-ozone/integration-test/target/test-dir/MiniOzoneClusterImpl-2f0d656a-aa1e-467a-b42c-bab793932067/datanode-0/data/ratis/c1b66a1c-e67e-4da1-aed7-b0177e16fa4c does not exist. Creating ...
2019-10-01 11:05:12,966 [pool-419-thread-1] INFO  impl.RaftServerImpl (RaftServerImpl.java:<init>(95)) - a49ce009-7bbe-4dc3-8e8a-67ff17c33fdc: new RaftServerImpl for group-B0177E16FA4C:[a49ce009-7bbe-4dc3-8e8a-67ff17c33fdc:192.168.151.80:39340, 4dc49964-fbf6-40e6-8571-06acdd79f4d1:192.168.151.80:40697, 294c00a8-ed7b-4480-8a86-47ae2c52968d:192.168.151.80:45512] with ContainerStateMachine:uninitialized
2019-10-01 11:05:12,966 [pool-429-thread-1] INFO  server.RaftServerConfigKeys (ConfUtils.java:logGet(43)) - raft.server.log.appender.install.snapshot.enabled = false (custom)
2019-10-01 11:05:12,967 [pool-419-thread-1] INFO  server.RaftServerConfigKeys (ConfUtils.java:logGet(43)) - raft.server.rpc.timeout.min = 5s (custom)
2019-10-01 11:05:12,967 [pool-429-thread-1] INFO  impl.RaftServerImpl (ServerState.java:<init>(103)) - 294c00a8-ed7b-4480-8a86-47ae2c52968d@group-B0177E16FA4C: ConfigurationManager, init=-1: [a49ce009-7bbe-4dc3-8e8a-67ff17c33fdc:192.168.151.80:39340, 4dc49964-fbf6-40e6-8571-06acdd79f4d1:192.168.151.80:40697, 294c00a8-ed7b-4480-8a86-47ae2c52968d:192.168.151.80:45512], old=null, confs=<EMPTY_MAP>
2019-10-01 11:05:12,967 [pool-419-thread-1] INFO  server.RaftServerConfigKeys (ConfUtils.java:logGet(43)) - raft.server.rpc.timeout.max = 5200ms (custom)
2019-10-01 11:05:12,967 [pool-429-thread-1] INFO  server.RaftServerConfigKeys (ConfUtils.java:logGet(43)) - raft.server.storage.dir = [/workdir/hadoop-ozone/integration-test/target/test-dir/MiniOzoneClusterImpl-2f0d656a-aa1e-467a-b42c-bab793932067/datanode-2/data/ratis] (custom)
2019-10-01 11:05:12,967 [pool-419-thread-1] INFO  server.RaftServerConfigKeys (ConfUtils.java:logGet(43)) - raft.server.rpcslowness.timeout = 120s (custom)
2019-10-01 11:05:12,967 [IPC Server handler 6 on 41975] INFO  net.NetworkTopology (NetworkTopologyImpl.java:add(111)) - Added a new node: /default-rack/1196e49d-1b59-42ef-aa7f-1f5da4b257dd
2019-10-01 11:05:12,967 [pool-429-thread-1] INFO  storage.RaftStorageDirectory (RaftStorageDirectory.java:analyzeStorage(246)) - The storage directory /workdir/hadoop-ozone/integration-test/target/test-dir/MiniOzoneClusterImpl-2f0d656a-aa1e-467a-b42c-bab793932067/datanode-2/data/ratis/c1b66a1c-e67e-4da1-aed7-b0177e16fa4c does not exist. Creating ...
2019-10-01 11:05:12,967 [pool-419-thread-1] INFO  server.RaftServerConfigKeys (ConfUtils.java:logGet(43)) - raft.server.sleep.deviation.threshold = 300 (default)
2019-10-01 11:05:12,968 [IPC Server handler 6 on 41975] INFO  node.SCMNodeManager (SCMNodeManager.java:register(266)) - Registered Data node : 1196e49d-1b59-42ef-aa7f-1f5da4b257dd{ip: 192.168.151.80, host: pr-hdds-2214-vjltc-212603711, networkLocation: /default-rack, certSerialId: null}
2019-10-01 11:05:12,968 [pool-419-thread-1] INFO  server.RaftServerConfigKeys (ConfUtils.java:logGet(43)) - raft.server.log.appender.install.snapshot.enabled = false (custom)
2019-10-01 11:05:12,968 [pool-419-thread-1] INFO  impl.RaftServerImpl (ServerState.java:<init>(103)) - a49ce009-7bbe-4dc3-8e8a-67ff17c33fdc@group-B0177E16FA4C: ConfigurationManager, init=-1: [a49ce009-7bbe-4dc3-8e8a-67ff17c33fdc:192.168.151.80:39340, 4dc49964-fbf6-40e6-8571-06acdd79f4d1:192.168.151.80:40697, 294c00a8-ed7b-4480-8a86-47ae2c52968d:192.168.151.80:45512], old=null, confs=<EMPTY_MAP>
2019-10-01 11:05:12,968 [pool-419-thread-1] INFO  server.RaftServerConfigKeys (ConfUtils.java:logGet(43)) - raft.server.storage.dir = [/workdir/hadoop-ozone/integration-test/target/test-dir/MiniOzoneClusterImpl-2f0d656a-aa1e-467a-b42c-bab793932067/datanode-1/data/ratis] (custom)
2019-10-01 11:05:12,969 [pool-419-thread-1] INFO  storage.RaftStorageDirectory (RaftStorageDirectory.java:analyzeStorage(246)) - The storage directory /workdir/hadoop-ozone/integration-test/target/test-dir/MiniOzoneClusterImpl-2f0d656a-aa1e-467a-b42c-bab793932067/datanode-1/data/ratis/c1b66a1c-e67e-4da1-aed7-b0177e16fa4c does not exist. Creating ...
2019-10-01 11:05:12,980 [pool-429-thread-1] INFO  storage.RaftStorageDirectory (RaftStorageDirectory.java:tryLock(328)) - Lock on /workdir/hadoop-ozone/integration-test/target/test-dir/MiniOzoneClusterImpl-2f0d656a-aa1e-467a-b42c-bab793932067/datanode-2/data/ratis/c1b66a1c-e67e-4da1-aed7-b0177e16fa4c/in_use.lock acquired by nodename 23026@pr-hdds-2214-vjltc-212603711
2019-10-01 11:05:12,980 [pool-419-thread-1] INFO  storage.RaftStorageDirectory (RaftStorageDirectory.java:tryLock(328)) - Lock on /workdir/hadoop-ozone/integration-test/target/test-dir/MiniOzoneClusterImpl-2f0d656a-aa1e-467a-b42c-bab793932067/datanode-1/data/ratis/c1b66a1c-e67e-4da1-aed7-b0177e16fa4c/in_use.lock acquired by nodename 23026@pr-hdds-2214-vjltc-212603711
2019-10-01 11:05:12,980 [pool-409-thread-1] INFO  storage.RaftStorageDirectory (RaftStorageDirectory.java:tryLock(328)) - Lock on /workdir/hadoop-ozone/integration-test/target/test-dir/MiniOzoneClusterImpl-2f0d656a-aa1e-467a-b42c-bab793932067/datanode-0/data/ratis/c1b66a1c-e67e-4da1-aed7-b0177e16fa4c/in_use.lock acquired by nodename 23026@pr-hdds-2214-vjltc-212603711
2019-10-01 11:05:12,994 [pool-429-thread-1] INFO  storage.RaftStorage (RaftStorage.java:format(72)) - Storage directory /workdir/hadoop-ozone/integration-test/target/test-dir/MiniOzoneClusterImpl-2f0d656a-aa1e-467a-b42c-bab793932067/datanode-2/data/ratis/c1b66a1c-e67e-4da1-aed7-b0177e16fa4c has been successfully formatted.
2019-10-01 11:05:12,994 [pool-419-thread-1] INFO  storage.RaftStorage (RaftStorage.java:format(72)) - Storage directory /workdir/hadoop-ozone/integration-test/target/test-dir/MiniOzoneClusterImpl-2f0d656a-aa1e-467a-b42c-bab793932067/datanode-1/data/ratis/c1b66a1c-e67e-4da1-aed7-b0177e16fa4c has been successfully formatted.
2019-10-01 11:05:12,994 [pool-409-thread-1] INFO  storage.RaftStorage (RaftStorage.java:format(72)) - Storage directory /workdir/hadoop-ozone/integration-test/target/test-dir/MiniOzoneClusterImpl-2f0d656a-aa1e-467a-b42c-bab793932067/datanode-0/data/ratis/c1b66a1c-e67e-4da1-aed7-b0177e16fa4c has been successfully formatted.
2019-10-01 11:05:12,994 [pool-419-thread-1] INFO  ratis.ContainerStateMachine (ContainerStateMachine.java:loadSnapshot(230)) - group-B0177E16FA4C: The snapshot info is null. Setting the last applied indexto:(t:0, i:~)
2019-10-01 11:05:12,994 [pool-409-thread-1] INFO  ratis.ContainerStateMachine (ContainerStateMachine.java:loadSnapshot(230)) - group-B0177E16FA4C: The snapshot info is null. Setting the last applied indexto:(t:0, i:~)
2019-10-01 11:05:12,994 [pool-429-thread-1] INFO  ratis.ContainerStateMachine (ContainerStateMachine.java:loadSnapshot(230)) - group-B0177E16FA4C: The snapshot info is null. Setting the last applied indexto:(t:0, i:~)
2019-10-01 11:05:12,995 [pool-409-thread-1] INFO  server.RaftServerConfigKeys (ConfUtils.java:logGet(43)) - raft.server.notification.no-leader.timeout = 120s (custom)
2019-10-01 11:05:12,994 [pool-419-thread-1] INFO  server.RaftServerConfigKeys (ConfUtils.java:logGet(43)) - raft.server.notification.no-leader.timeout = 120s (custom)
2019-10-01 11:05:12,995 [pool-409-thread-1] INFO  server.RaftServerConfigKeys (ConfUtils.java:logGet(43)) - raft.server.log.use.memory = false (default)
2019-10-01 11:05:12,995 [pool-429-thread-1] INFO  server.RaftServerConfigKeys (ConfUtils.java:logGet(43)) - raft.server.notification.no-leader.timeout = 120s (custom)
2019-10-01 11:05:12,995 [pool-409-thread-1] INFO  server.RaftServerConfigKeys (ConfUtils.java:logGet(43)) - raft.server.log.purge.gap = 1000000 (custom)
2019-10-01 11:05:12,995 [pool-419-thread-1] INFO  server.RaftServerConfigKeys (ConfUtils.java:logGet(43)) - raft.server.log.use.memory = false (default)
2019-10-01 11:05:12,996 [pool-409-thread-1] INFO  server.RaftServerConfigKeys (ConfUtils.java:logGet(43)) - raft.server.log.appender.buffer.byte-limit = 33554432 (custom)
2019-10-01 11:05:12,995 [pool-429-thread-1] INFO  server.RaftServerConfigKeys (ConfUtils.java:logGet(43)) - raft.server.log.use.memory = false (default)
2019-10-01 11:05:12,996 [pool-409-thread-1] INFO  server.RaftServerConfigKeys (ConfUtils.java:logGet(43)) - raft.server.log.segment.size.max = 1048576 (custom)
2019-10-01 11:05:12,996 [pool-419-thread-1] INFO  server.RaftServerConfigKeys (ConfUtils.java:logGet(43)) - raft.server.log.purge.gap = 1000000 (custom)
2019-10-01 11:05:12,996 [pool-409-thread-1] INFO  server.RaftServerConfigKeys (ConfUtils.java:logGet(43)) - raft.server.log.segment.cache.num.max = 2 (custom)
2019-10-01 11:05:12,996 [pool-429-thread-1] INFO  server.RaftServerConfigKeys (ConfUtils.java:logGet(43)) - raft.server.log.purge.gap = 1000000 (custom)
2019-10-01 11:05:12,996 [pool-409-thread-1] INFO  segmented.SegmentedRaftLogWorker (SegmentedRaftLogWorker.java:<init>(172)) - new 4dc49964-fbf6-40e6-8571-06acdd79f4d1@group-B0177E16FA4C-SegmentedRaftLogWorker for RaftStorage:Storage Directory /workdir/hadoop-ozone/integration-test/target/test-dir/MiniOzoneClusterImpl-2f0d656a-aa1e-467a-b42c-bab793932067/datanode-0/data/ratis/c1b66a1c-e67e-4da1-aed7-b0177e16fa4c
2019-10-01 11:05:12,996 [pool-419-thread-1] INFO  server.RaftServerConfigKeys (ConfUtils.java:logGet(43)) - raft.server.log.appender.buffer.byte-limit = 33554432 (custom)
2019-10-01 11:05:12,997 [pool-409-thread-1] INFO  server.RaftServerConfigKeys (ConfUtils.java:logGet(43)) - raft.server.log.queue.byte-limit = 2147483647 (custom)
2019-10-01 11:05:12,997 [pool-429-thread-1] INFO  server.RaftServerConfigKeys (ConfUtils.java:logGet(43)) - raft.server.log.appender.buffer.byte-limit = 33554432 (custom)
2019-10-01 11:05:12,997 [pool-409-thread-1] INFO  server.RaftServerConfigKeys (ConfUtils.java:logGet(43)) - raft.server.log.queue.element-limit = 1024 (custom)
2019-10-01 11:05:12,997 [pool-419-thread-1] INFO  server.RaftServerConfigKeys (ConfUtils.java:logGet(43)) - raft.server.log.segment.size.max = 1048576 (custom)
2019-10-01 11:05:12,997 [pool-409-thread-1] INFO  server.RaftServerConfigKeys (ConfUtils.java:logGet(43)) - raft.server.log.segment.size.max = 1048576 (custom)
2019-10-01 11:05:12,998 [pool-409-thread-1] INFO  server.RaftServerConfigKeys (ConfUtils.java:logGet(43)) - raft.server.log.preallocated.size = 16384 (custom)
2019-10-01 11:05:12,997 [pool-429-thread-1] INFO  server.RaftServerConfigKeys (ConfUtils.java:logGet(43)) - raft.server.log.segment.size.max = 1048576 (custom)
2019-10-01 11:05:12,998 [pool-409-thread-1] INFO  server.RaftServerConfigKeys (ConfUtils.java:logGet(43)) - raft.server.log.write.buffer.size = 33554432 (custom)
2019-10-01 11:05:12,997 [pool-419-thread-1] INFO  server.RaftServerConfigKeys (ConfUtils.java:logGet(43)) - raft.server.log.segment.cache.num.max = 2 (custom)
2019-10-01 11:05:12,998 [pool-409-thread-1] INFO  server.RaftServerConfigKeys (ConfUtils.java:logGet(43)) - raft.server.log.force.sync.num = 128 (default)
2019-10-01 11:05:12,998 [pool-429-thread-1] INFO  server.RaftServerConfigKeys (ConfUtils.java:logGet(43)) - raft.server.log.segment.cache.num.max = 2 (custom)
2019-10-01 11:05:12,998 [pool-409-thread-1] INFO  server.RaftServerConfigKeys (ConfUtils.java:logGet(43)) - raft.server.log.statemachine.data.sync = true (default)
2019-10-01 11:05:12,998 [pool-419-thread-1] INFO  segmented.SegmentedRaftLogWorker (SegmentedRaftLogWorker.java:<init>(172)) - new a49ce009-7bbe-4dc3-8e8a-67ff17c33fdc@group-B0177E16FA4C-SegmentedRaftLogWorker for RaftStorage:Storage Directory /workdir/hadoop-ozone/integration-test/target/test-dir/MiniOzoneClusterImpl-2f0d656a-aa1e-467a-b42c-bab793932067/datanode-1/data/ratis/c1b66a1c-e67e-4da1-aed7-b0177e16fa4c
2019-10-01 11:05:12,999 [pool-409-thread-1] INFO  server.RaftServerConfigKeys (ConfUtils.java:logGet(43)) - raft.server.log.statemachine.data.sync.timeout = 10s (default)
2019-10-01 11:05:12,998 [pool-429-thread-1] INFO  segmented.SegmentedRaftLogWorker (SegmentedRaftLogWorker.java:<init>(172)) - new 294c00a8-ed7b-4480-8a86-47ae2c52968d@group-B0177E16FA4C-SegmentedRaftLogWorker for RaftStorage:Storage Directory /workdir/hadoop-ozone/integration-test/target/test-dir/MiniOzoneClusterImpl-2f0d656a-aa1e-467a-b42c-bab793932067/datanode-2/data/ratis/c1b66a1c-e67e-4da1-aed7-b0177e16fa4c
2019-10-01 11:05:12,999 [pool-409-thread-1] INFO  server.RaftServerConfigKeys (ConfUtils.java:logGet(43)) - raft.server.log.statemachine.data.sync.timeout.retry = -1 (default)
2019-10-01 11:05:12,999 [pool-419-thread-1] INFO  server.RaftServerConfigKeys (ConfUtils.java:logGet(43)) - raft.server.log.queue.byte-limit = 2147483647 (custom)
2019-10-01 11:05:12,999 [pool-409-thread-1] INFO  server.RaftServerConfigKeys (ConfUtils.java:logGet(43)) - raft.server.log.statemachine.data.caching.enabled = true (custom)
2019-10-01 11:05:12,999 [pool-429-thread-1] INFO  server.RaftServerConfigKeys (ConfUtils.java:logGet(43)) - raft.server.log.queue.byte-limit = 2147483647 (custom)
2019-10-01 11:05:13,000 [pool-409-thread-1] INFO  segmented.SegmentedRaftLogWorker (SegmentedRaftLogWorker.java:lambda$new$0(132)) - 4dc49964-fbf6-40e6-8571-06acdd79f4d1@group-B0177E16FA4C-SegmentedRaftLogWorker: flushIndex: setUnconditionally 0 -> -1
2019-10-01 11:05:12,999 [pool-419-thread-1] INFO  server.RaftServerConfigKeys (ConfUtils.java:logGet(43)) - raft.server.log.queue.element-limit = 1024 (custom)
2019-10-01 11:05:13,000 [pool-409-thread-1] INFO  server.RaftServerConfigKeys (ConfUtils.java:logGet(43)) - raft.server.snapshot.auto.trigger.enabled = true (custom)
2019-10-01 11:05:13,000 [pool-429-thread-1] INFO  server.RaftServerConfigKeys (ConfUtils.java:logGet(43)) - raft.server.log.queue.element-limit = 1024 (custom)
2019-10-01 11:05:13,000 [pool-409-thread-1] INFO  server.RaftServerConfigKeys (ConfUtils.java:logGet(43)) - raft.server.snapshot.auto.trigger.threshold = 10000 (custom)
2019-10-01 11:05:13,000 [pool-419-thread-1] INFO  server.RaftServerConfigKeys (ConfUtils.java:logGet(43)) - raft.server.log.segment.size.max = 1048576 (custom)
2019-10-01 11:05:13,000 [pool-409-thread-1] INFO  server.RaftServerConfigKeys (ConfUtils.java:logGet(43)) - raft.server.snapshot.retention.num.files = 5 (custom)
2019-10-01 11:05:13,000 [pool-429-thread-1] INFO  server.RaftServerConfigKeys (ConfUtils.java:logGet(43)) - raft.server.log.segment.size.max = 1048576 (custom)
2019-10-01 11:05:13,001 [pool-409-thread-1] INFO  server.RaftServerConfigKeys (ConfUtils.java:logGet(43)) - raft.server.retrycache.expirytime = 600000ms (custom)
2019-10-01 11:05:13,000 [pool-419-thread-1] INFO  server.RaftServerConfigKeys (ConfUtils.java:logGet(43)) - raft.server.log.preallocated.size = 16384 (custom)
2019-10-01 11:05:13,001 [pool-429-thread-1] INFO  server.RaftServerConfigKeys (ConfUtils.java:logGet(43)) - raft.server.log.preallocated.size = 16384 (custom)
2019-10-01 11:05:13,001 [pool-419-thread-1] INFO  server.RaftServerConfigKeys (ConfUtils.java:logGet(43)) - raft.server.log.write.buffer.size = 33554432 (custom)
2019-10-01 11:05:13,001 [pool-429-thread-1] INFO  server.RaftServerConfigKeys (ConfUtils.java:logGet(43)) - raft.server.log.write.buffer.size = 33554432 (custom)
2019-10-01 11:05:13,001 [pool-419-thread-1] INFO  server.RaftServerConfigKeys (ConfUtils.java:logGet(43)) - raft.server.log.force.sync.num = 128 (default)
2019-10-01 11:05:13,001 [pool-429-thread-1] INFO  server.RaftServerConfigKeys (ConfUtils.java:logGet(43)) - raft.server.log.force.sync.num = 128 (default)
2019-10-01 11:05:13,002 [pool-419-thread-1] INFO  server.RaftServerConfigKeys (ConfUtils.java:logGet(43)) - raft.server.log.statemachine.data.sync = true (default)
2019-10-01 11:05:13,002 [pool-429-thread-1] INFO  server.RaftServerConfigKeys (ConfUtils.java:logGet(43)) - raft.server.log.statemachine.data.sync = true (default)
2019-10-01 11:05:13,002 [pool-419-thread-1] INFO  server.RaftServerConfigKeys (ConfUtils.java:logGet(43)) - raft.server.log.statemachine.data.sync.timeout = 10s (default)
2019-10-01 11:05:13,002 [pool-429-thread-1] INFO  server.RaftServerConfigKeys (ConfUtils.java:logGet(43)) - raft.server.log.statemachine.data.sync.timeout = 10s (default)
2019-10-01 11:05:13,002 [pool-419-thread-1] INFO  server.RaftServerConfigKeys (ConfUtils.java:logGet(43)) - raft.server.log.statemachine.data.sync.timeout.retry = -1 (default)
2019-10-01 11:05:13,002 [pool-429-thread-1] INFO  server.RaftServerConfigKeys (ConfUtils.java:logGet(43)) - raft.server.log.statemachine.data.sync.timeout.retry = -1 (default)
2019-10-01 11:05:13,002 [pool-409-thread-1] INFO  impl.RaftServerImpl (RaftServerImpl.java:start(185)) - 4dc49964-fbf6-40e6-8571-06acdd79f4d1@group-B0177E16FA4C: start as a follower, conf=-1: [a49ce009-7bbe-4dc3-8e8a-67ff17c33fdc:192.168.151.80:39340, 4dc49964-fbf6-40e6-8571-06acdd79f4d1:192.168.151.80:40697, 294c00a8-ed7b-4480-8a86-47ae2c52968d:192.168.151.80:45512], old=null
2019-10-01 11:05:13,002 [pool-419-thread-1] INFO  server.RaftServerConfigKeys (ConfUtils.java:logGet(43)) - raft.server.log.statemachine.data.caching.enabled = true (custom)
2019-10-01 11:05:13,003 [pool-409-thread-1] INFO  impl.RaftServerImpl (RaftServerImpl.java:setRole(174)) - 4dc49964-fbf6-40e6-8571-06acdd79f4d1@group-B0177E16FA4C: changes role from      null to FOLLOWER at term 0 for startAsFollower
2019-10-01 11:05:13,003 [pool-429-thread-1] INFO  server.RaftServerConfigKeys (ConfUtils.java:logGet(43)) - raft.server.log.statemachine.data.caching.enabled = true (custom)
2019-10-01 11:05:13,003 [pool-419-thread-1] INFO  segmented.SegmentedRaftLogWorker (SegmentedRaftLogWorker.java:lambda$new$0(132)) - a49ce009-7bbe-4dc3-8e8a-67ff17c33fdc@group-B0177E16FA4C-SegmentedRaftLogWorker: flushIndex: setUnconditionally 0 -> -1
2019-10-01 11:05:13,003 [pool-429-thread-1] INFO  segmented.SegmentedRaftLogWorker (SegmentedRaftLogWorker.java:lambda$new$0(132)) - 294c00a8-ed7b-4480-8a86-47ae2c52968d@group-B0177E16FA4C-SegmentedRaftLogWorker: flushIndex: setUnconditionally 0 -> -1
2019-10-01 11:05:13,003 [pool-409-thread-1] INFO  impl.RoleInfo (RoleInfo.java:updateAndGet(143)) - 4dc49964-fbf6-40e6-8571-06acdd79f4d1: start FollowerState
2019-10-01 11:05:13,003 [pool-419-thread-1] INFO  server.RaftServerConfigKeys (ConfUtils.java:logGet(43)) - raft.server.snapshot.auto.trigger.enabled = true (custom)
2019-10-01 11:05:13,004 [pool-429-thread-1] INFO  server.RaftServerConfigKeys (ConfUtils.java:logGet(43)) - raft.server.snapshot.auto.trigger.enabled = true (custom)
2019-10-01 11:05:13,004 [pool-419-thread-1] INFO  server.RaftServerConfigKeys (ConfUtils.java:logGet(43)) - raft.server.snapshot.auto.trigger.threshold = 10000 (custom)
2019-10-01 11:05:13,017 [pool-409-thread-1] INFO  util.JmxRegister (JmxRegister.java:tryRegister(44)) - Successfully registered JMX Bean with object name Ratis:service=RaftServer,group=group-B0177E16FA4C,id=4dc49964-fbf6-40e6-8571-06acdd79f4d1
2019-10-01 11:05:13,004 [pool-429-thread-1] INFO  server.RaftServerConfigKeys (ConfUtils.java:logGet(43)) - raft.server.snapshot.auto.trigger.threshold = 10000 (custom)
2019-10-01 11:05:13,017 [pool-419-thread-1] INFO  server.RaftServerConfigKeys (ConfUtils.java:logGet(43)) - raft.server.snapshot.retention.num.files = 5 (custom)
2019-10-01 11:05:13,018 [pool-429-thread-1] INFO  server.RaftServerConfigKeys (ConfUtils.java:logGet(43)) - raft.server.snapshot.retention.num.files = 5 (custom)
2019-10-01 11:05:13,028 [pool-419-thread-1] INFO  server.RaftServerConfigKeys (ConfUtils.java:logGet(43)) - raft.server.retrycache.expirytime = 600000ms (custom)
2019-10-01 11:05:13,028 [pool-429-thread-1] INFO  server.RaftServerConfigKeys (ConfUtils.java:logGet(43)) - raft.server.retrycache.expirytime = 600000ms (custom)
2019-10-01 11:05:13,031 [pool-419-thread-1] INFO  impl.RaftServerImpl (RaftServerImpl.java:start(185)) - a49ce009-7bbe-4dc3-8e8a-67ff17c33fdc@group-B0177E16FA4C: start as a follower, conf=-1: [a49ce009-7bbe-4dc3-8e8a-67ff17c33fdc:192.168.151.80:39340, 4dc49964-fbf6-40e6-8571-06acdd79f4d1:192.168.151.80:40697, 294c00a8-ed7b-4480-8a86-47ae2c52968d:192.168.151.80:45512], old=null
2019-10-01 11:05:13,032 [pool-419-thread-1] INFO  impl.RaftServerImpl (RaftServerImpl.java:setRole(174)) - a49ce009-7bbe-4dc3-8e8a-67ff17c33fdc@group-B0177E16FA4C: changes role from      null to FOLLOWER at term 0 for startAsFollower
2019-10-01 11:05:13,032 [pool-429-thread-1] INFO  impl.RaftServerImpl (RaftServerImpl.java:start(185)) - 294c00a8-ed7b-4480-8a86-47ae2c52968d@group-B0177E16FA4C: start as a follower, conf=-1: [a49ce009-7bbe-4dc3-8e8a-67ff17c33fdc:192.168.151.80:39340, 4dc49964-fbf6-40e6-8571-06acdd79f4d1:192.168.151.80:40697, 294c00a8-ed7b-4480-8a86-47ae2c52968d:192.168.151.80:45512], old=null
2019-10-01 11:05:13,032 [pool-419-thread-1] INFO  impl.RoleInfo (RoleInfo.java:updateAndGet(143)) - a49ce009-7bbe-4dc3-8e8a-67ff17c33fdc: start FollowerState
2019-10-01 11:05:13,032 [pool-429-thread-1] INFO  impl.RaftServerImpl (RaftServerImpl.java:setRole(174)) - 294c00a8-ed7b-4480-8a86-47ae2c52968d@group-B0177E16FA4C: changes role from      null to FOLLOWER at term 0 for startAsFollower
2019-10-01 11:05:13,032 [pool-429-thread-1] INFO  impl.RoleInfo (RoleInfo.java:updateAndGet(143)) - 294c00a8-ed7b-4480-8a86-47ae2c52968d: start FollowerState
2019-10-01 11:05:13,032 [pool-419-thread-1] INFO  util.JmxRegister (JmxRegister.java:tryRegister(44)) - Successfully registered JMX Bean with object name Ratis:service=RaftServer,group=group-B0177E16FA4C,id=a49ce009-7bbe-4dc3-8e8a-67ff17c33fdc
2019-10-01 11:05:13,033 [pool-429-thread-1] INFO  util.JmxRegister (JmxRegister.java:tryRegister(44)) - Successfully registered JMX Bean with object name Ratis:service=RaftServer,group=group-B0177E16FA4C,id=294c00a8-ed7b-4480-8a86-47ae2c52968d
2019-10-01 11:05:13,035 [RatisPipelineUtilsThread] INFO  pipeline.PipelineStateManager (PipelineStateManager.java:addPipeline(56)) - Created pipeline Pipeline[ Id: c1b66a1c-e67e-4da1-aed7-b0177e16fa4c, Nodes: a49ce009-7bbe-4dc3-8e8a-67ff17c33fdc{ip: 192.168.151.80, host: pr-hdds-2214-vjltc-212603711, networkLocation: /default-rack, certSerialId: null}4dc49964-fbf6-40e6-8571-06acdd79f4d1{ip: 192.168.151.80, host: pr-hdds-2214-vjltc-212603711, networkLocation: /default-rack, certSerialId: null}294c00a8-ed7b-4480-8a86-47ae2c52968d{ip: 192.168.151.80, host: pr-hdds-2214-vjltc-212603711, networkLocation: /default-rack, certSerialId: null}, Type:RATIS, Factor:THREE, State:OPEN]
2019-10-01 11:05:13,042 [IPC Server handler 9 on 41975] INFO  net.NetworkTopology (NetworkTopologyImpl.java:add(111)) - Added a new node: /default-rack/a0542a7b-209e-454b-9c7f-cabfc7f4e589
2019-10-01 11:05:13,042 [IPC Server handler 9 on 41975] INFO  node.SCMNodeManager (SCMNodeManager.java:register(266)) - Registered Data node : a0542a7b-209e-454b-9c7f-cabfc7f4e589{ip: 192.168.151.80, host: pr-hdds-2214-vjltc-212603711, networkLocation: /default-rack, certSerialId: null}
2019-10-01 11:05:13,049 [grpc-default-executor-8] INFO  impl.RaftServerProxy (RaftServerProxy.java:addNew(89)) - 1196e49d-1b59-42ef-aa7f-1f5da4b257dd: addNew group-89283EFA4342:[1196e49d-1b59-42ef-aa7f-1f5da4b257dd:192.168.151.80:36888] returns group-89283EFA4342:java.util.concurrent.CompletableFuture@6740a624[Not completed]
2019-10-01 11:05:13,053 [pool-439-thread-1] INFO  impl.RaftServerImpl (RaftServerImpl.java:<init>(95)) - 1196e49d-1b59-42ef-aa7f-1f5da4b257dd: new RaftServerImpl for group-89283EFA4342:[1196e49d-1b59-42ef-aa7f-1f5da4b257dd:192.168.151.80:36888] with ContainerStateMachine:uninitialized
2019-10-01 11:05:13,053 [pool-439-thread-1] INFO  server.RaftServerConfigKeys (ConfUtils.java:logGet(43)) - raft.server.rpc.timeout.min = 5s (custom)
2019-10-01 11:05:13,053 [pool-439-thread-1] INFO  server.RaftServerConfigKeys (ConfUtils.java:logGet(43)) - raft.server.rpc.timeout.max = 5200ms (custom)
2019-10-01 11:05:13,053 [pool-439-thread-1] INFO  server.RaftServerConfigKeys (ConfUtils.java:logGet(43)) - raft.server.rpcslowness.timeout = 120s (custom)
2019-10-01 11:05:13,053 [pool-439-thread-1] INFO  server.RaftServerConfigKeys (ConfUtils.java:logGet(43)) - raft.server.sleep.deviation.threshold = 300 (default)
2019-10-01 11:05:13,054 [pool-439-thread-1] INFO  server.RaftServerConfigKeys (ConfUtils.java:logGet(43)) - raft.server.log.appender.install.snapshot.enabled = false (custom)
2019-10-01 11:05:13,054 [pool-439-thread-1] INFO  impl.RaftServerImpl (ServerState.java:<init>(103)) - 1196e49d-1b59-42ef-aa7f-1f5da4b257dd@group-89283EFA4342: ConfigurationManager, init=-1: [1196e49d-1b59-42ef-aa7f-1f5da4b257dd:192.168.151.80:36888], old=null, confs=<EMPTY_MAP>
2019-10-01 11:05:13,054 [pool-439-thread-1] INFO  server.RaftServerConfigKeys (ConfUtils.java:logGet(43)) - raft.server.storage.dir = [/workdir/hadoop-ozone/integration-test/target/test-dir/MiniOzoneClusterImpl-2f0d656a-aa1e-467a-b42c-bab793932067/datanode-3/data/ratis] (custom)
2019-10-01 11:05:13,054 [pool-439-thread-1] INFO  storage.RaftStorageDirectory (RaftStorageDirectory.java:analyzeStorage(246)) - The storage directory /workdir/hadoop-ozone/integration-test/target/test-dir/MiniOzoneClusterImpl-2f0d656a-aa1e-467a-b42c-bab793932067/datanode-3/data/ratis/23338210-c649-4477-bbca-89283efa4342 does not exist. Creating ...
2019-10-01 11:05:13,067 [pool-439-thread-1] INFO  storage.RaftStorageDirectory (RaftStorageDirectory.java:tryLock(328)) - Lock on /workdir/hadoop-ozone/integration-test/target/test-dir/MiniOzoneClusterImpl-2f0d656a-aa1e-467a-b42c-bab793932067/datanode-3/data/ratis/23338210-c649-4477-bbca-89283efa4342/in_use.lock acquired by nodename 23026@pr-hdds-2214-vjltc-212603711
2019-10-01 11:05:13,091 [pool-439-thread-1] INFO  storage.RaftStorage (RaftStorage.java:format(72)) - Storage directory /workdir/hadoop-ozone/integration-test/target/test-dir/MiniOzoneClusterImpl-2f0d656a-aa1e-467a-b42c-bab793932067/datanode-3/data/ratis/23338210-c649-4477-bbca-89283efa4342 has been successfully formatted.
2019-10-01 11:05:13,091 [pool-439-thread-1] INFO  ratis.ContainerStateMachine (ContainerStateMachine.java:loadSnapshot(230)) - group-89283EFA4342: The snapshot info is null. Setting the last applied indexto:(t:0, i:~)
2019-10-01 11:05:13,091 [pool-439-thread-1] INFO  server.RaftServerConfigKeys (ConfUtils.java:logGet(43)) - raft.server.notification.no-leader.timeout = 120s (custom)
2019-10-01 11:05:13,092 [pool-439-thread-1] INFO  server.RaftServerConfigKeys (ConfUtils.java:logGet(43)) - raft.server.log.use.memory = false (default)
2019-10-01 11:05:13,092 [pool-439-thread-1] INFO  server.RaftServerConfigKeys (ConfUtils.java:logGet(43)) - raft.server.log.purge.gap = 1000000 (custom)
2019-10-01 11:05:13,092 [pool-439-thread-1] INFO  server.RaftServerConfigKeys (ConfUtils.java:logGet(43)) - raft.server.log.appender.buffer.byte-limit = 33554432 (custom)
2019-10-01 11:05:13,092 [pool-439-thread-1] INFO  server.RaftServerConfigKeys (ConfUtils.java:logGet(43)) - raft.server.log.segment.size.max = 1048576 (custom)
2019-10-01 11:05:13,092 [pool-439-thread-1] INFO  server.RaftServerConfigKeys (ConfUtils.java:logGet(43)) - raft.server.log.segment.cache.num.max = 2 (custom)
2019-10-01 11:05:13,092 [pool-439-thread-1] INFO  segmented.SegmentedRaftLogWorker (SegmentedRaftLogWorker.java:<init>(172)) - new 1196e49d-1b59-42ef-aa7f-1f5da4b257dd@group-89283EFA4342-SegmentedRaftLogWorker for RaftStorage:Storage Directory /workdir/hadoop-ozone/integration-test/target/test-dir/MiniOzoneClusterImpl-2f0d656a-aa1e-467a-b42c-bab793932067/datanode-3/data/ratis/23338210-c649-4477-bbca-89283efa4342
2019-10-01 11:05:13,094 [pool-439-thread-1] INFO  server.RaftServerConfigKeys (ConfUtils.java:logGet(43)) - raft.server.log.queue.byte-limit = 2147483647 (custom)
2019-10-01 11:05:13,094 [pool-439-thread-1] INFO  server.RaftServerConfigKeys (ConfUtils.java:logGet(43)) - raft.server.log.queue.element-limit = 1024 (custom)
2019-10-01 11:05:13,094 [pool-439-thread-1] INFO  server.RaftServerConfigKeys (ConfUtils.java:logGet(43)) - raft.server.log.segment.size.max = 1048576 (custom)
2019-10-01 11:05:13,094 [pool-439-thread-1] INFO  server.RaftServerConfigKeys (ConfUtils.java:logGet(43)) - raft.server.log.preallocated.size = 16384 (custom)
2019-10-01 11:05:13,094 [pool-439-thread-1] INFO  server.RaftServerConfigKeys (ConfUtils.java:logGet(43)) - raft.server.log.write.buffer.size = 33554432 (custom)
2019-10-01 11:05:13,094 [pool-439-thread-1] INFO  server.RaftServerConfigKeys (ConfUtils.java:logGet(43)) - raft.server.log.force.sync.num = 128 (default)
2019-10-01 11:05:13,095 [pool-439-thread-1] INFO  server.RaftServerConfigKeys (ConfUtils.java:logGet(43)) - raft.server.log.statemachine.data.sync = true (default)
2019-10-01 11:05:13,095 [pool-439-thread-1] INFO  server.RaftServerConfigKeys (ConfUtils.java:logGet(43)) - raft.server.log.statemachine.data.sync.timeout = 10s (default)
2019-10-01 11:05:13,095 [pool-439-thread-1] INFO  server.RaftServerConfigKeys (ConfUtils.java:logGet(43)) - raft.server.log.statemachine.data.sync.timeout.retry = -1 (default)
2019-10-01 11:05:13,095 [pool-439-thread-1] INFO  server.RaftServerConfigKeys (ConfUtils.java:logGet(43)) - raft.server.log.statemachine.data.caching.enabled = true (custom)
2019-10-01 11:05:13,095 [pool-439-thread-1] INFO  segmented.SegmentedRaftLogWorker (SegmentedRaftLogWorker.java:lambda$new$0(132)) - 1196e49d-1b59-42ef-aa7f-1f5da4b257dd@group-89283EFA4342-SegmentedRaftLogWorker: flushIndex: setUnconditionally 0 -> -1
2019-10-01 11:05:13,096 [pool-439-thread-1] INFO  server.RaftServerConfigKeys (ConfUtils.java:logGet(43)) - raft.server.snapshot.auto.trigger.enabled = true (custom)
2019-10-01 11:05:13,096 [pool-439-thread-1] INFO  server.RaftServerConfigKeys (ConfUtils.java:logGet(43)) - raft.server.snapshot.auto.trigger.threshold = 10000 (custom)
2019-10-01 11:05:13,096 [pool-439-thread-1] INFO  server.RaftServerConfigKeys (ConfUtils.java:logGet(43)) - raft.server.snapshot.retention.num.files = 5 (custom)
2019-10-01 11:05:13,096 [pool-439-thread-1] INFO  server.RaftServerConfigKeys (ConfUtils.java:logGet(43)) - raft.server.retrycache.expirytime = 600000ms (custom)
2019-10-01 11:05:13,098 [pool-439-thread-1] INFO  impl.RaftServerImpl (RaftServerImpl.java:start(185)) - 1196e49d-1b59-42ef-aa7f-1f5da4b257dd@group-89283EFA4342: start as a follower, conf=-1: [1196e49d-1b59-42ef-aa7f-1f5da4b257dd:192.168.151.80:36888], old=null
2019-10-01 11:05:13,098 [pool-439-thread-1] INFO  impl.RaftServerImpl (RaftServerImpl.java:setRole(174)) - 1196e49d-1b59-42ef-aa7f-1f5da4b257dd@group-89283EFA4342: changes role from      null to FOLLOWER at term 0 for startAsFollower
2019-10-01 11:05:13,098 [pool-439-thread-1] INFO  impl.RoleInfo (RoleInfo.java:updateAndGet(143)) - 1196e49d-1b59-42ef-aa7f-1f5da4b257dd: start FollowerState
2019-10-01 11:05:13,098 [pool-439-thread-1] INFO  util.JmxRegister (JmxRegister.java:tryRegister(44)) - Successfully registered JMX Bean with object name Ratis:service=RaftServer,group=group-89283EFA4342,id=1196e49d-1b59-42ef-aa7f-1f5da4b257dd
2019-10-01 11:05:13,100 [RatisPipelineUtilsThread] INFO  pipeline.PipelineStateManager (PipelineStateManager.java:addPipeline(56)) - Created pipeline Pipeline[ Id: 23338210-c649-4477-bbca-89283efa4342, Nodes: 1196e49d-1b59-42ef-aa7f-1f5da4b257dd{ip: 192.168.151.80, host: pr-hdds-2214-vjltc-212603711, networkLocation: /default-rack, certSerialId: null}, Type:RATIS, Factor:ONE, State:OPEN]
2019-10-01 11:05:13,107 [grpc-default-executor-8] INFO  impl.RaftServerProxy (RaftServerProxy.java:addNew(89)) - a0542a7b-209e-454b-9c7f-cabfc7f4e589: addNew group-A60C9D49D917:[a0542a7b-209e-454b-9c7f-cabfc7f4e589:192.168.151.80:33879] returns group-A60C9D49D917:java.util.concurrent.CompletableFuture@6569a5d1[Not completed]
2019-10-01 11:05:13,108 [pool-449-thread-1] INFO  impl.RaftServerImpl (RaftServerImpl.java:<init>(95)) - a0542a7b-209e-454b-9c7f-cabfc7f4e589: new RaftServerImpl for group-A60C9D49D917:[a0542a7b-209e-454b-9c7f-cabfc7f4e589:192.168.151.80:33879] with ContainerStateMachine:uninitialized
2019-10-01 11:05:13,108 [IPC Server handler 0 on 41975] INFO  net.NetworkTopology (NetworkTopologyImpl.java:add(111)) - Added a new node: /default-rack/f765dc21-b071-4575-9ea9-6094ab6876f1
2019-10-01 11:05:13,108 [pool-449-thread-1] INFO  server.RaftServerConfigKeys (ConfUtils.java:logGet(43)) - raft.server.rpc.timeout.min = 5s (custom)
2019-10-01 11:05:13,108 [IPC Server handler 0 on 41975] INFO  node.SCMNodeManager (SCMNodeManager.java:register(266)) - Registered Data node : f765dc21-b071-4575-9ea9-6094ab6876f1{ip: 192.168.151.80, host: pr-hdds-2214-vjltc-212603711, networkLocation: /default-rack, certSerialId: null}
2019-10-01 11:05:13,109 [pool-449-thread-1] INFO  server.RaftServerConfigKeys (ConfUtils.java:logGet(43)) - raft.server.rpc.timeout.max = 5200ms (custom)
2019-10-01 11:05:13,109 [pool-449-thread-1] INFO  server.RaftServerConfigKeys (ConfUtils.java:logGet(43)) - raft.server.rpcslowness.timeout = 120s (custom)
2019-10-01 11:05:13,109 [pool-449-thread-1] INFO  server.RaftServerConfigKeys (ConfUtils.java:logGet(43)) - raft.server.sleep.deviation.threshold = 300 (default)
2019-10-01 11:05:13,109 [pool-449-thread-1] INFO  server.RaftServerConfigKeys (ConfUtils.java:logGet(43)) - raft.server.log.appender.install.snapshot.enabled = false (custom)
2019-10-01 11:05:13,109 [pool-449-thread-1] INFO  impl.RaftServerImpl (ServerState.java:<init>(103)) - a0542a7b-209e-454b-9c7f-cabfc7f4e589@group-A60C9D49D917: ConfigurationManager, init=-1: [a0542a7b-209e-454b-9c7f-cabfc7f4e589:192.168.151.80:33879], old=null, confs=<EMPTY_MAP>
2019-10-01 11:05:13,109 [pool-449-thread-1] INFO  server.RaftServerConfigKeys (ConfUtils.java:logGet(43)) - raft.server.storage.dir = [/workdir/hadoop-ozone/integration-test/target/test-dir/MiniOzoneClusterImpl-2f0d656a-aa1e-467a-b42c-bab793932067/datanode-4/data/ratis] (custom)
2019-10-01 11:05:13,110 [pool-449-thread-1] INFO  storage.RaftStorageDirectory (RaftStorageDirectory.java:analyzeStorage(246)) - The storage directory /workdir/hadoop-ozone/integration-test/target/test-dir/MiniOzoneClusterImpl-2f0d656a-aa1e-467a-b42c-bab793932067/datanode-4/data/ratis/6fb4d7d0-06d6-4627-975b-a60c9d49d917 does not exist. Creating ...
2019-10-01 11:05:13,134 [pool-449-thread-1] INFO  storage.RaftStorageDirectory (RaftStorageDirectory.java:tryLock(328)) - Lock on /workdir/hadoop-ozone/integration-test/target/test-dir/MiniOzoneClusterImpl-2f0d656a-aa1e-467a-b42c-bab793932067/datanode-4/data/ratis/6fb4d7d0-06d6-4627-975b-a60c9d49d917/in_use.lock acquired by nodename 23026@pr-hdds-2214-vjltc-212603711
2019-10-01 11:05:13,147 [pool-449-thread-1] INFO  storage.RaftStorage (RaftStorage.java:format(72)) - Storage directory /workdir/hadoop-ozone/integration-test/target/test-dir/MiniOzoneClusterImpl-2f0d656a-aa1e-467a-b42c-bab793932067/datanode-4/data/ratis/6fb4d7d0-06d6-4627-975b-a60c9d49d917 has been successfully formatted.
2019-10-01 11:05:13,147 [pool-449-thread-1] INFO  ratis.ContainerStateMachine (ContainerStateMachine.java:loadSnapshot(230)) - group-A60C9D49D917: The snapshot info is null. Setting the last applied indexto:(t:0, i:~)
2019-10-01 11:05:13,147 [pool-449-thread-1] INFO  server.RaftServerConfigKeys (ConfUtils.java:logGet(43)) - raft.server.notification.no-leader.timeout = 120s (custom)
2019-10-01 11:05:13,147 [pool-449-thread-1] INFO  server.RaftServerConfigKeys (ConfUtils.java:logGet(43)) - raft.server.log.use.memory = false (default)
2019-10-01 11:05:13,147 [pool-449-thread-1] INFO  server.RaftServerConfigKeys (ConfUtils.java:logGet(43)) - raft.server.log.purge.gap = 1000000 (custom)
2019-10-01 11:05:13,148 [pool-449-thread-1] INFO  server.RaftServerConfigKeys (ConfUtils.java:logGet(43)) - raft.server.log.appender.buffer.byte-limit = 33554432 (custom)
2019-10-01 11:05:13,148 [pool-449-thread-1] INFO  server.RaftServerConfigKeys (ConfUtils.java:logGet(43)) - raft.server.log.segment.size.max = 1048576 (custom)
2019-10-01 11:05:13,148 [pool-449-thread-1] INFO  server.RaftServerConfigKeys (ConfUtils.java:logGet(43)) - raft.server.log.segment.cache.num.max = 2 (custom)
2019-10-01 11:05:13,148 [pool-449-thread-1] INFO  segmented.SegmentedRaftLogWorker (SegmentedRaftLogWorker.java:<init>(172)) - new a0542a7b-209e-454b-9c7f-cabfc7f4e589@group-A60C9D49D917-SegmentedRaftLogWorker for RaftStorage:Storage Directory /workdir/hadoop-ozone/integration-test/target/test-dir/MiniOzoneClusterImpl-2f0d656a-aa1e-467a-b42c-bab793932067/datanode-4/data/ratis/6fb4d7d0-06d6-4627-975b-a60c9d49d917
2019-10-01 11:05:13,150 [pool-449-thread-1] INFO  server.RaftServerConfigKeys (ConfUtils.java:logGet(43)) - raft.server.log.queue.byte-limit = 2147483647 (custom)
2019-10-01 11:05:13,150 [pool-449-thread-1] INFO  server.RaftServerConfigKeys (ConfUtils.java:logGet(43)) - raft.server.log.queue.element-limit = 1024 (custom)
2019-10-01 11:05:13,150 [pool-449-thread-1] INFO  server.RaftServerConfigKeys (ConfUtils.java:logGet(43)) - raft.server.log.segment.size.max = 1048576 (custom)
2019-10-01 11:05:13,150 [pool-449-thread-1] INFO  server.RaftServerConfigKeys (ConfUtils.java:logGet(43)) - raft.server.log.preallocated.size = 16384 (custom)
2019-10-01 11:05:13,150 [pool-449-thread-1] INFO  server.RaftServerConfigKeys (ConfUtils.java:logGet(43)) - raft.server.log.write.buffer.size = 33554432 (custom)
2019-10-01 11:05:13,150 [pool-449-thread-1] INFO  server.RaftServerConfigKeys (ConfUtils.java:logGet(43)) - raft.server.log.force.sync.num = 128 (default)
2019-10-01 11:05:13,150 [pool-449-thread-1] INFO  server.RaftServerConfigKeys (ConfUtils.java:logGet(43)) - raft.server.log.statemachine.data.sync = true (default)
2019-10-01 11:05:13,151 [pool-449-thread-1] INFO  server.RaftServerConfigKeys (ConfUtils.java:logGet(43)) - raft.server.log.statemachine.data.sync.timeout = 10s (default)
2019-10-01 11:05:13,151 [pool-449-thread-1] INFO  server.RaftServerConfigKeys (ConfUtils.java:logGet(43)) - raft.server.log.statemachine.data.sync.timeout.retry = -1 (default)
2019-10-01 11:05:13,151 [pool-449-thread-1] INFO  server.RaftServerConfigKeys (ConfUtils.java:logGet(43)) - raft.server.log.statemachine.data.caching.enabled = true (custom)
2019-10-01 11:05:13,151 [pool-449-thread-1] INFO  segmented.SegmentedRaftLogWorker (SegmentedRaftLogWorker.java:lambda$new$0(132)) - a0542a7b-209e-454b-9c7f-cabfc7f4e589@group-A60C9D49D917-SegmentedRaftLogWorker: flushIndex: setUnconditionally 0 -> -1
2019-10-01 11:05:13,152 [pool-449-thread-1] INFO  server.RaftServerConfigKeys (ConfUtils.java:logGet(43)) - raft.server.snapshot.auto.trigger.enabled = true (custom)
2019-10-01 11:05:13,152 [pool-449-thread-1] INFO  server.RaftServerConfigKeys (ConfUtils.java:logGet(43)) - raft.server.snapshot.auto.trigger.threshold = 10000 (custom)
2019-10-01 11:05:13,152 [pool-449-thread-1] INFO  server.RaftServerConfigKeys (ConfUtils.java:logGet(43)) - raft.server.snapshot.retention.num.files = 5 (custom)
2019-10-01 11:05:13,152 [pool-449-thread-1] INFO  server.RaftServerConfigKeys (ConfUtils.java:logGet(43)) - raft.server.retrycache.expirytime = 600000ms (custom)
2019-10-01 11:05:13,154 [pool-449-thread-1] INFO  impl.RaftServerImpl (RaftServerImpl.java:start(185)) - a0542a7b-209e-454b-9c7f-cabfc7f4e589@group-A60C9D49D917: start as a follower, conf=-1: [a0542a7b-209e-454b-9c7f-cabfc7f4e589:192.168.151.80:33879], old=null
2019-10-01 11:05:13,154 [pool-449-thread-1] INFO  impl.RaftServerImpl (RaftServerImpl.java:setRole(174)) - a0542a7b-209e-454b-9c7f-cabfc7f4e589@group-A60C9D49D917: changes role from      null to FOLLOWER at term 0 for startAsFollower
2019-10-01 11:05:13,154 [pool-449-thread-1] INFO  impl.RoleInfo (RoleInfo.java:updateAndGet(143)) - a0542a7b-209e-454b-9c7f-cabfc7f4e589: start FollowerState
2019-10-01 11:05:13,154 [pool-449-thread-1] INFO  util.JmxRegister (JmxRegister.java:tryRegister(44)) - Successfully registered JMX Bean with object name Ratis:service=RaftServer,group=group-A60C9D49D917,id=a0542a7b-209e-454b-9c7f-cabfc7f4e589
2019-10-01 11:05:13,156 [RatisPipelineUtilsThread] INFO  pipeline.PipelineStateManager (PipelineStateManager.java:addPipeline(56)) - Created pipeline Pipeline[ Id: 6fb4d7d0-06d6-4627-975b-a60c9d49d917, Nodes: a0542a7b-209e-454b-9c7f-cabfc7f4e589{ip: 192.168.151.80, host: pr-hdds-2214-vjltc-212603711, networkLocation: /default-rack, certSerialId: null}, Type:RATIS, Factor:ONE, State:OPEN]
2019-10-01 11:05:13,166 [grpc-default-executor-8] INFO  impl.RaftServerProxy (RaftServerProxy.java:addNew(89)) - f765dc21-b071-4575-9ea9-6094ab6876f1: addNew group-28B111F6EEEA:[f765dc21-b071-4575-9ea9-6094ab6876f1:192.168.151.80:46476] returns group-28B111F6EEEA:java.util.concurrent.CompletableFuture@174a8fe3[Not completed]
2019-10-01 11:05:13,167 [pool-459-thread-1] INFO  impl.RaftServerImpl (RaftServerImpl.java:<init>(95)) - f765dc21-b071-4575-9ea9-6094ab6876f1: new RaftServerImpl for group-28B111F6EEEA:[f765dc21-b071-4575-9ea9-6094ab6876f1:192.168.151.80:46476] with ContainerStateMachine:uninitialized
2019-10-01 11:05:13,167 [pool-459-thread-1] INFO  server.RaftServerConfigKeys (ConfUtils.java:logGet(43)) - raft.server.rpc.timeout.min = 5s (custom)
2019-10-01 11:05:13,167 [pool-459-thread-1] INFO  server.RaftServerConfigKeys (ConfUtils.java:logGet(43)) - raft.server.rpc.timeout.max = 5200ms (custom)
2019-10-01 11:05:13,167 [pool-459-thread-1] INFO  server.RaftServerConfigKeys (ConfUtils.java:logGet(43)) - raft.server.rpcslowness.timeout = 120s (custom)
2019-10-01 11:05:13,168 [pool-459-thread-1] INFO  server.RaftServerConfigKeys (ConfUtils.java:logGet(43)) - raft.server.sleep.deviation.threshold = 300 (default)
2019-10-01 11:05:13,168 [pool-459-thread-1] INFO  server.RaftServerConfigKeys (ConfUtils.java:logGet(43)) - raft.server.log.appender.install.snapshot.enabled = false (custom)
2019-10-01 11:05:13,168 [pool-459-thread-1] INFO  impl.RaftServerImpl (ServerState.java:<init>(103)) - f765dc21-b071-4575-9ea9-6094ab6876f1@group-28B111F6EEEA: ConfigurationManager, init=-1: [f765dc21-b071-4575-9ea9-6094ab6876f1:192.168.151.80:46476], old=null, confs=<EMPTY_MAP>
2019-10-01 11:05:13,168 [pool-459-thread-1] INFO  server.RaftServerConfigKeys (ConfUtils.java:logGet(43)) - raft.server.storage.dir = [/workdir/hadoop-ozone/integration-test/target/test-dir/MiniOzoneClusterImpl-2f0d656a-aa1e-467a-b42c-bab793932067/datanode-5/data/ratis] (custom)
2019-10-01 11:05:13,168 [pool-459-thread-1] INFO  storage.RaftStorageDirectory (RaftStorageDirectory.java:analyzeStorage(246)) - The storage directory /workdir/hadoop-ozone/integration-test/target/test-dir/MiniOzoneClusterImpl-2f0d656a-aa1e-467a-b42c-bab793932067/datanode-5/data/ratis/78a3b5a2-bb8d-4094-8590-28b111f6eeea does not exist. Creating ...
2019-10-01 11:05:13,169 [IPC Server handler 3 on 41975] INFO  net.NetworkTopology (NetworkTopologyImpl.java:add(111)) - Added a new node: /default-rack/448e545b-1036-46b2-9b2f-ff3b074b5e34
2019-10-01 11:05:13,169 [IPC Server handler 3 on 41975] INFO  node.SCMNodeManager (SCMNodeManager.java:register(266)) - Registered Data node : 448e545b-1036-46b2-9b2f-ff3b074b5e34{ip: 192.168.151.80, host: pr-hdds-2214-vjltc-212603711, networkLocation: /default-rack, certSerialId: null}
2019-10-01 11:05:13,170 [main] INFO  ozone.MiniOzoneClusterImpl (MiniOzoneClusterImpl.java:lambda$waitForClusterToBeReady$0(147)) - Cluster is ready. Got 7 of 7 DN Heartbeats.
2019-10-01 11:05:13,181 [pool-459-thread-1] INFO  storage.RaftStorageDirectory (RaftStorageDirectory.java:tryLock(328)) - Lock on /workdir/hadoop-ozone/integration-test/target/test-dir/MiniOzoneClusterImpl-2f0d656a-aa1e-467a-b42c-bab793932067/datanode-5/data/ratis/78a3b5a2-bb8d-4094-8590-28b111f6eeea/in_use.lock acquired by nodename 23026@pr-hdds-2214-vjltc-212603711
2019-10-01 11:05:13,209 [pool-459-thread-1] INFO  storage.RaftStorage (RaftStorage.java:format(72)) - Storage directory /workdir/hadoop-ozone/integration-test/target/test-dir/MiniOzoneClusterImpl-2f0d656a-aa1e-467a-b42c-bab793932067/datanode-5/data/ratis/78a3b5a2-bb8d-4094-8590-28b111f6eeea has been successfully formatted.
2019-10-01 11:05:13,209 [pool-459-thread-1] INFO  ratis.ContainerStateMachine (ContainerStateMachine.java:loadSnapshot(230)) - group-28B111F6EEEA: The snapshot info is null. Setting the last applied indexto:(t:0, i:~)
2019-10-01 11:05:13,209 [pool-459-thread-1] INFO  server.RaftServerConfigKeys (ConfUtils.java:logGet(43)) - raft.server.notification.no-leader.timeout = 120s (custom)
2019-10-01 11:05:13,210 [pool-459-thread-1] INFO  server.RaftServerConfigKeys (ConfUtils.java:logGet(43)) - raft.server.log.use.memory = false (default)
2019-10-01 11:05:13,210 [pool-459-thread-1] INFO  server.RaftServerConfigKeys (ConfUtils.java:logGet(43)) - raft.server.log.purge.gap = 1000000 (custom)
2019-10-01 11:05:13,210 [pool-459-thread-1] INFO  server.RaftServerConfigKeys (ConfUtils.java:logGet(43)) - raft.server.log.appender.buffer.byte-limit = 33554432 (custom)
2019-10-01 11:05:13,210 [pool-459-thread-1] INFO  server.RaftServerConfigKeys (ConfUtils.java:logGet(43)) - raft.server.log.segment.size.max = 1048576 (custom)
2019-10-01 11:05:13,210 [pool-459-thread-1] INFO  server.RaftServerConfigKeys (ConfUtils.java:logGet(43)) - raft.server.log.segment.cache.num.max = 2 (custom)
2019-10-01 11:05:13,210 [pool-459-thread-1] INFO  segmented.SegmentedRaftLogWorker (SegmentedRaftLogWorker.java:<init>(172)) - new f765dc21-b071-4575-9ea9-6094ab6876f1@group-28B111F6EEEA-SegmentedRaftLogWorker for RaftStorage:Storage Directory /workdir/hadoop-ozone/integration-test/target/test-dir/MiniOzoneClusterImpl-2f0d656a-aa1e-467a-b42c-bab793932067/datanode-5/data/ratis/78a3b5a2-bb8d-4094-8590-28b111f6eeea
2019-10-01 11:05:13,212 [pool-459-thread-1] INFO  server.RaftServerConfigKeys (ConfUtils.java:logGet(43)) - raft.server.log.queue.byte-limit = 2147483647 (custom)
2019-10-01 11:05:13,212 [pool-459-thread-1] INFO  server.RaftServerConfigKeys (ConfUtils.java:logGet(43)) - raft.server.log.queue.element-limit = 1024 (custom)
2019-10-01 11:05:13,212 [pool-459-thread-1] INFO  server.RaftServerConfigKeys (ConfUtils.java:logGet(43)) - raft.server.log.segment.size.max = 1048576 (custom)
2019-10-01 11:05:13,212 [pool-459-thread-1] INFO  server.RaftServerConfigKeys (ConfUtils.java:logGet(43)) - raft.server.log.preallocated.size = 16384 (custom)
2019-10-01 11:05:13,212 [pool-459-thread-1] INFO  server.RaftServerConfigKeys (ConfUtils.java:logGet(43)) - raft.server.log.write.buffer.size = 33554432 (custom)
2019-10-01 11:05:13,213 [pool-459-thread-1] INFO  server.RaftServerConfigKeys (ConfUtils.java:logGet(43)) - raft.server.log.force.sync.num = 128 (default)
2019-10-01 11:05:13,215 [pool-459-thread-1] INFO  server.RaftServerConfigKeys (ConfUtils.java:logGet(43)) - raft.server.log.statemachine.data.sync = true (default)
2019-10-01 11:05:13,216 [pool-459-thread-1] INFO  server.RaftServerConfigKeys (ConfUtils.java:logGet(43)) - raft.server.log.statemachine.data.sync.timeout = 10s (default)
2019-10-01 11:05:13,216 [pool-459-thread-1] INFO  server.RaftServerConfigKeys (ConfUtils.java:logGet(43)) - raft.server.log.statemachine.data.sync.timeout.retry = -1 (default)
2019-10-01 11:05:13,216 [pool-459-thread-1] INFO  server.RaftServerConfigKeys (ConfUtils.java:logGet(43)) - raft.server.log.statemachine.data.caching.enabled = true (custom)
2019-10-01 11:05:13,216 [pool-459-thread-1] INFO  segmented.SegmentedRaftLogWorker (SegmentedRaftLogWorker.java:lambda$new$0(132)) - f765dc21-b071-4575-9ea9-6094ab6876f1@group-28B111F6EEEA-SegmentedRaftLogWorker: flushIndex: setUnconditionally 0 -> -1
2019-10-01 11:05:13,216 [pool-459-thread-1] INFO  server.RaftServerConfigKeys (ConfUtils.java:logGet(43)) - raft.server.snapshot.auto.trigger.enabled = true (custom)
2019-10-01 11:05:13,217 [pool-459-thread-1] INFO  server.RaftServerConfigKeys (ConfUtils.java:logGet(43)) - raft.server.snapshot.auto.trigger.threshold = 10000 (custom)
2019-10-01 11:05:13,217 [pool-459-thread-1] INFO  server.RaftServerConfigKeys (ConfUtils.java:logGet(43)) - raft.server.snapshot.retention.num.files = 5 (custom)
2019-10-01 11:05:13,217 [pool-459-thread-1] INFO  server.RaftServerConfigKeys (ConfUtils.java:logGet(43)) - raft.server.retrycache.expirytime = 600000ms (custom)
2019-10-01 11:05:13,218 [main] INFO  rpc.RpcClient (RpcClient.java:createVolume(276)) - Creating Volume: testblockoutputstream, with jenkins1000 as owner.
2019-10-01 11:05:13,218 [pool-459-thread-1] INFO  impl.RaftServerImpl (RaftServerImpl.java:start(185)) - f765dc21-b071-4575-9ea9-6094ab6876f1@group-28B111F6EEEA: start as a follower, conf=-1: [f765dc21-b071-4575-9ea9-6094ab6876f1:192.168.151.80:46476], old=null
2019-10-01 11:05:13,218 [pool-459-thread-1] INFO  impl.RaftServerImpl (RaftServerImpl.java:setRole(174)) - f765dc21-b071-4575-9ea9-6094ab6876f1@group-28B111F6EEEA: changes role from      null to FOLLOWER at term 0 for startAsFollower
2019-10-01 11:05:13,219 [pool-459-thread-1] INFO  impl.RoleInfo (RoleInfo.java:updateAndGet(143)) - f765dc21-b071-4575-9ea9-6094ab6876f1: start FollowerState
2019-10-01 11:05:13,219 [pool-459-thread-1] INFO  util.JmxRegister (JmxRegister.java:tryRegister(44)) - Successfully registered JMX Bean with object name Ratis:service=RaftServer,group=group-28B111F6EEEA,id=f765dc21-b071-4575-9ea9-6094ab6876f1
2019-10-01 11:05:13,221 [IPC Server handler 2 on 41336] INFO  volume.OMVolumeCreateRequest (OMVolumeCreateRequest.java:validateAndUpdateCache(194)) - created volume:testblockoutputstream for user:jenkins1000
2019-10-01 11:05:13,222 [RatisPipelineUtilsThread] INFO  pipeline.PipelineStateManager (PipelineStateManager.java:addPipeline(56)) - Created pipeline Pipeline[ Id: 78a3b5a2-bb8d-4094-8590-28b111f6eeea, Nodes: f765dc21-b071-4575-9ea9-6094ab6876f1{ip: 192.168.151.80, host: pr-hdds-2214-vjltc-212603711, networkLocation: /default-rack, certSerialId: null}, Type:RATIS, Factor:ONE, State:OPEN]
2019-10-01 11:05:13,247 [main] INFO  rpc.RpcClient (RpcClient.java:createBucket(415)) - Creating Bucket: testblockoutputstream/testblockoutputstream, with Versioning false and Storage Type set to DISK and Encryption set to false 
2019-10-01 11:05:13,248 [grpc-default-executor-8] INFO  impl.RaftServerProxy (RaftServerProxy.java:addNew(89)) - 448e545b-1036-46b2-9b2f-ff3b074b5e34: addNew group-F6FE02260B96:[448e545b-1036-46b2-9b2f-ff3b074b5e34:192.168.151.80:41974] returns group-F6FE02260B96:java.util.concurrent.CompletableFuture@3c56b415[Not completed]
2019-10-01 11:05:13,249 [pool-469-thread-1] INFO  impl.RaftServerImpl (RaftServerImpl.java:<init>(95)) - 448e545b-1036-46b2-9b2f-ff3b074b5e34: new RaftServerImpl for group-F6FE02260B96:[448e545b-1036-46b2-9b2f-ff3b074b5e34:192.168.151.80:41974] with ContainerStateMachine:uninitialized
2019-10-01 11:05:13,249 [pool-469-thread-1] INFO  server.RaftServerConfigKeys (ConfUtils.java:logGet(43)) - raft.server.rpc.timeout.min = 5s (custom)
2019-10-01 11:05:13,249 [pool-469-thread-1] INFO  server.RaftServerConfigKeys (ConfUtils.java:logGet(43)) - raft.server.rpc.timeout.max = 5200ms (custom)
2019-10-01 11:05:13,249 [pool-469-thread-1] INFO  server.RaftServerConfigKeys (ConfUtils.java:logGet(43)) - raft.server.rpcslowness.timeout = 120s (custom)
2019-10-01 11:05:13,249 [pool-469-thread-1] INFO  server.RaftServerConfigKeys (ConfUtils.java:logGet(43)) - raft.server.sleep.deviation.threshold = 300 (default)
2019-10-01 11:05:13,249 [pool-469-thread-1] INFO  server.RaftServerConfigKeys (ConfUtils.java:logGet(43)) - raft.server.log.appender.install.snapshot.enabled = false (custom)
2019-10-01 11:05:13,251 [pool-469-thread-1] INFO  impl.RaftServerImpl (ServerState.java:<init>(103)) - 448e545b-1036-46b2-9b2f-ff3b074b5e34@group-F6FE02260B96: ConfigurationManager, init=-1: [448e545b-1036-46b2-9b2f-ff3b074b5e34:192.168.151.80:41974], old=null, confs=<EMPTY_MAP>
2019-10-01 11:05:13,251 [pool-469-thread-1] INFO  server.RaftServerConfigKeys (ConfUtils.java:logGet(43)) - raft.server.storage.dir = [/workdir/hadoop-ozone/integration-test/target/test-dir/MiniOzoneClusterImpl-2f0d656a-aa1e-467a-b42c-bab793932067/datanode-6/data/ratis] (custom)
2019-10-01 11:05:13,252 [pool-469-thread-1] INFO  storage.RaftStorageDirectory (RaftStorageDirectory.java:analyzeStorage(246)) - The storage directory /workdir/hadoop-ozone/integration-test/target/test-dir/MiniOzoneClusterImpl-2f0d656a-aa1e-467a-b42c-bab793932067/datanode-6/data/ratis/a33da163-9e82-4407-9e31-f6fe02260b96 does not exist. Creating ...
2019-10-01 11:05:13,273 [pool-469-thread-1] INFO  storage.RaftStorageDirectory (RaftStorageDirectory.java:tryLock(328)) - Lock on /workdir/hadoop-ozone/integration-test/target/test-dir/MiniOzoneClusterImpl-2f0d656a-aa1e-467a-b42c-bab793932067/datanode-6/data/ratis/a33da163-9e82-4407-9e31-f6fe02260b96/in_use.lock acquired by nodename 23026@pr-hdds-2214-vjltc-212603711
2019-10-01 11:05:13,285 [pool-469-thread-1] INFO  storage.RaftStorage (RaftStorage.java:format(72)) - Storage directory /workdir/hadoop-ozone/integration-test/target/test-dir/MiniOzoneClusterImpl-2f0d656a-aa1e-467a-b42c-bab793932067/datanode-6/data/ratis/a33da163-9e82-4407-9e31-f6fe02260b96 has been successfully formatted.
2019-10-01 11:05:13,286 [pool-469-thread-1] INFO  ratis.ContainerStateMachine (ContainerStateMachine.java:loadSnapshot(230)) - group-F6FE02260B96: The snapshot info is null. Setting the last applied indexto:(t:0, i:~)
2019-10-01 11:05:13,286 [pool-469-thread-1] INFO  server.RaftServerConfigKeys (ConfUtils.java:logGet(43)) - raft.server.notification.no-leader.timeout = 120s (custom)
2019-10-01 11:05:13,286 [pool-469-thread-1] INFO  server.RaftServerConfigKeys (ConfUtils.java:logGet(43)) - raft.server.log.use.memory = false (default)
2019-10-01 11:05:13,286 [pool-469-thread-1] INFO  server.RaftServerConfigKeys (ConfUtils.java:logGet(43)) - raft.server.log.purge.gap = 1000000 (custom)
2019-10-01 11:05:13,286 [pool-469-thread-1] INFO  server.RaftServerConfigKeys (ConfUtils.java:logGet(43)) - raft.server.log.appender.buffer.byte-limit = 33554432 (custom)
2019-10-01 11:05:13,286 [pool-469-thread-1] INFO  server.RaftServerConfigKeys (ConfUtils.java:logGet(43)) - raft.server.log.segment.size.max = 1048576 (custom)
2019-10-01 11:05:13,286 [pool-469-thread-1] INFO  server.RaftServerConfigKeys (ConfUtils.java:logGet(43)) - raft.server.log.segment.cache.num.max = 2 (custom)
2019-10-01 11:05:13,286 [pool-469-thread-1] INFO  segmented.SegmentedRaftLogWorker (SegmentedRaftLogWorker.java:<init>(172)) - new 448e545b-1036-46b2-9b2f-ff3b074b5e34@group-F6FE02260B96-SegmentedRaftLogWorker for RaftStorage:Storage Directory /workdir/hadoop-ozone/integration-test/target/test-dir/MiniOzoneClusterImpl-2f0d656a-aa1e-467a-b42c-bab793932067/datanode-6/data/ratis/a33da163-9e82-4407-9e31-f6fe02260b96
2019-10-01 11:05:13,289 [pool-469-thread-1] INFO  server.RaftServerConfigKeys (ConfUtils.java:logGet(43)) - raft.server.log.queue.byte-limit = 2147483647 (custom)
2019-10-01 11:05:13,289 [pool-469-thread-1] INFO  server.RaftServerConfigKeys (ConfUtils.java:logGet(43)) - raft.server.log.queue.element-limit = 1024 (custom)
2019-10-01 11:05:13,289 [pool-469-thread-1] INFO  server.RaftServerConfigKeys (ConfUtils.java:logGet(43)) - raft.server.log.segment.size.max = 1048576 (custom)
2019-10-01 11:05:13,289 [pool-469-thread-1] INFO  server.RaftServerConfigKeys (ConfUtils.java:logGet(43)) - raft.server.log.preallocated.size = 16384 (custom)
2019-10-01 11:05:13,289 [pool-469-thread-1] INFO  server.RaftServerConfigKeys (ConfUtils.java:logGet(43)) - raft.server.log.write.buffer.size = 33554432 (custom)
2019-10-01 11:05:13,289 [pool-469-thread-1] INFO  server.RaftServerConfigKeys (ConfUtils.java:logGet(43)) - raft.server.log.force.sync.num = 128 (default)
2019-10-01 11:05:13,289 [pool-469-thread-1] INFO  server.RaftServerConfigKeys (ConfUtils.java:logGet(43)) - raft.server.log.statemachine.data.sync = true (default)
2019-10-01 11:05:13,290 [pool-469-thread-1] INFO  server.RaftServerConfigKeys (ConfUtils.java:logGet(43)) - raft.server.log.statemachine.data.sync.timeout = 10s (default)
2019-10-01 11:05:13,290 [pool-469-thread-1] INFO  server.RaftServerConfigKeys (ConfUtils.java:logGet(43)) - raft.server.log.statemachine.data.sync.timeout.retry = -1 (default)
2019-10-01 11:05:13,290 [pool-469-thread-1] INFO  server.RaftServerConfigKeys (ConfUtils.java:logGet(43)) - raft.server.log.statemachine.data.caching.enabled = true (custom)
2019-10-01 11:05:13,290 [pool-469-thread-1] INFO  segmented.SegmentedRaftLogWorker (SegmentedRaftLogWorker.java:lambda$new$0(132)) - 448e545b-1036-46b2-9b2f-ff3b074b5e34@group-F6FE02260B96-SegmentedRaftLogWorker: flushIndex: setUnconditionally 0 -> -1
2019-10-01 11:05:13,290 [pool-469-thread-1] INFO  server.RaftServerConfigKeys (ConfUtils.java:logGet(43)) - raft.server.snapshot.auto.trigger.enabled = true (custom)
2019-10-01 11:05:13,291 [pool-469-thread-1] INFO  server.RaftServerConfigKeys (ConfUtils.java:logGet(43)) - raft.server.snapshot.auto.trigger.threshold = 10000 (custom)
2019-10-01 11:05:13,291 [pool-469-thread-1] INFO  server.RaftServerConfigKeys (ConfUtils.java:logGet(43)) - raft.server.snapshot.retention.num.files = 5 (custom)
2019-10-01 11:05:13,291 [pool-469-thread-1] INFO  server.RaftServerConfigKeys (ConfUtils.java:logGet(43)) - raft.server.retrycache.expirytime = 600000ms (custom)
2019-10-01 11:05:13,292 [pool-469-thread-1] INFO  impl.RaftServerImpl (RaftServerImpl.java:start(185)) - 448e545b-1036-46b2-9b2f-ff3b074b5e34@group-F6FE02260B96: start as a follower, conf=-1: [448e545b-1036-46b2-9b2f-ff3b074b5e34:192.168.151.80:41974], old=null
2019-10-01 11:05:13,292 [pool-469-thread-1] INFO  impl.RaftServerImpl (RaftServerImpl.java:setRole(174)) - 448e545b-1036-46b2-9b2f-ff3b074b5e34@group-F6FE02260B96: changes role from      null to FOLLOWER at term 0 for startAsFollower
2019-10-01 11:05:13,292 [pool-469-thread-1] INFO  impl.RoleInfo (RoleInfo.java:updateAndGet(143)) - 448e545b-1036-46b2-9b2f-ff3b074b5e34: start FollowerState
2019-10-01 11:05:13,293 [pool-469-thread-1] INFO  util.JmxRegister (JmxRegister.java:tryRegister(44)) - Successfully registered JMX Bean with object name Ratis:service=RaftServer,group=group-F6FE02260B96,id=448e545b-1036-46b2-9b2f-ff3b074b5e34
2019-10-01 11:05:13,295 [RatisPipelineUtilsThread] INFO  pipeline.PipelineStateManager (PipelineStateManager.java:addPipeline(56)) - Created pipeline Pipeline[ Id: a33da163-9e82-4407-9e31-f6fe02260b96, Nodes: 448e545b-1036-46b2-9b2f-ff3b074b5e34{ip: 192.168.151.80, host: pr-hdds-2214-vjltc-212603711, networkLocation: /default-rack, certSerialId: null}, Type:RATIS, Factor:ONE, State:OPEN]
2019-10-01 11:05:13,306 [grpc-default-executor-8] INFO  impl.RaftServerProxy (RaftServerProxy.java:addNew(89)) - f765dc21-b071-4575-9ea9-6094ab6876f1: addNew group-C42412B5D746:[1196e49d-1b59-42ef-aa7f-1f5da4b257dd:192.168.151.80:36888, f765dc21-b071-4575-9ea9-6094ab6876f1:192.168.151.80:46476, a0542a7b-209e-454b-9c7f-cabfc7f4e589:192.168.151.80:33879] returns group-C42412B5D746:java.util.concurrent.CompletableFuture@6349f3fb[Not completed]
2019-10-01 11:05:13,306 [grpc-default-executor-4] INFO  impl.RaftServerProxy (RaftServerProxy.java:addNew(89)) - 1196e49d-1b59-42ef-aa7f-1f5da4b257dd: addNew group-C42412B5D746:[1196e49d-1b59-42ef-aa7f-1f5da4b257dd:192.168.151.80:36888, f765dc21-b071-4575-9ea9-6094ab6876f1:192.168.151.80:46476, a0542a7b-209e-454b-9c7f-cabfc7f4e589:192.168.151.80:33879] returns group-C42412B5D746:java.util.concurrent.CompletableFuture@3f22add8[Not completed]
2019-10-01 11:05:13,306 [grpc-default-executor-9] INFO  impl.RaftServerProxy (RaftServerProxy.java:addNew(89)) - a0542a7b-209e-454b-9c7f-cabfc7f4e589: addNew group-C42412B5D746:[1196e49d-1b59-42ef-aa7f-1f5da4b257dd:192.168.151.80:36888, f765dc21-b071-4575-9ea9-6094ab6876f1:192.168.151.80:46476, a0542a7b-209e-454b-9c7f-cabfc7f4e589:192.168.151.80:33879] returns group-C42412B5D746:java.util.concurrent.CompletableFuture@2f78033f[Not completed]
2019-10-01 11:05:13,308 [pool-459-thread-1] INFO  impl.RaftServerImpl (RaftServerImpl.java:<init>(95)) - f765dc21-b071-4575-9ea9-6094ab6876f1: new RaftServerImpl for group-C42412B5D746:[1196e49d-1b59-42ef-aa7f-1f5da4b257dd:192.168.151.80:36888, f765dc21-b071-4575-9ea9-6094ab6876f1:192.168.151.80:46476, a0542a7b-209e-454b-9c7f-cabfc7f4e589:192.168.151.80:33879] with ContainerStateMachine:uninitialized
2019-10-01 11:05:13,308 [pool-459-thread-1] INFO  server.RaftServerConfigKeys (ConfUtils.java:logGet(43)) - raft.server.rpc.timeout.min = 5s (custom)
2019-10-01 11:05:13,308 [pool-459-thread-1] INFO  server.RaftServerConfigKeys (ConfUtils.java:logGet(43)) - raft.server.rpc.timeout.max = 5200ms (custom)
2019-10-01 11:05:13,308 [pool-459-thread-1] INFO  server.RaftServerConfigKeys (ConfUtils.java:logGet(43)) - raft.server.rpcslowness.timeout = 120s (custom)
2019-10-01 11:05:13,308 [pool-449-thread-1] INFO  impl.RaftServerImpl (RaftServerImpl.java:<init>(95)) - a0542a7b-209e-454b-9c7f-cabfc7f4e589: new RaftServerImpl for group-C42412B5D746:[1196e49d-1b59-42ef-aa7f-1f5da4b257dd:192.168.151.80:36888, f765dc21-b071-4575-9ea9-6094ab6876f1:192.168.151.80:46476, a0542a7b-209e-454b-9c7f-cabfc7f4e589:192.168.151.80:33879] with ContainerStateMachine:uninitialized
2019-10-01 11:05:13,308 [pool-459-thread-1] INFO  server.RaftServerConfigKeys (ConfUtils.java:logGet(43)) - raft.server.sleep.deviation.threshold = 300 (default)
2019-10-01 11:05:13,309 [pool-449-thread-1] INFO  server.RaftServerConfigKeys (ConfUtils.java:logGet(43)) - raft.server.rpc.timeout.min = 5s (custom)
2019-10-01 11:05:13,309 [pool-439-thread-1] INFO  impl.RaftServerImpl (RaftServerImpl.java:<init>(95)) - 1196e49d-1b59-42ef-aa7f-1f5da4b257dd: new RaftServerImpl for group-C42412B5D746:[1196e49d-1b59-42ef-aa7f-1f5da4b257dd:192.168.151.80:36888, f765dc21-b071-4575-9ea9-6094ab6876f1:192.168.151.80:46476, a0542a7b-209e-454b-9c7f-cabfc7f4e589:192.168.151.80:33879] with ContainerStateMachine:uninitialized
2019-10-01 11:05:13,309 [pool-459-thread-1] INFO  server.RaftServerConfigKeys (ConfUtils.java:logGet(43)) - raft.server.log.appender.install.snapshot.enabled = false (custom)
2019-10-01 11:05:13,309 [pool-439-thread-1] INFO  server.RaftServerConfigKeys (ConfUtils.java:logGet(43)) - raft.server.rpc.timeout.min = 5s (custom)
2019-10-01 11:05:13,309 [pool-449-thread-1] INFO  server.RaftServerConfigKeys (ConfUtils.java:logGet(43)) - raft.server.rpc.timeout.max = 5200ms (custom)
2019-10-01 11:05:13,309 [pool-439-thread-1] INFO  server.RaftServerConfigKeys (ConfUtils.java:logGet(43)) - raft.server.rpc.timeout.max = 5200ms (custom)
2019-10-01 11:05:13,309 [pool-459-thread-1] INFO  impl.RaftServerImpl (ServerState.java:<init>(103)) - f765dc21-b071-4575-9ea9-6094ab6876f1@group-C42412B5D746: ConfigurationManager, init=-1: [1196e49d-1b59-42ef-aa7f-1f5da4b257dd:192.168.151.80:36888, f765dc21-b071-4575-9ea9-6094ab6876f1:192.168.151.80:46476, a0542a7b-209e-454b-9c7f-cabfc7f4e589:192.168.151.80:33879], old=null, confs=<EMPTY_MAP>
2019-10-01 11:05:13,309 [pool-439-thread-1] INFO  server.RaftServerConfigKeys (ConfUtils.java:logGet(43)) - raft.server.rpcslowness.timeout = 120s (custom)
2019-10-01 11:05:13,309 [pool-449-thread-1] INFO  server.RaftServerConfigKeys (ConfUtils.java:logGet(43)) - raft.server.rpcslowness.timeout = 120s (custom)
2019-10-01 11:05:13,310 [pool-439-thread-1] INFO  server.RaftServerConfigKeys (ConfUtils.java:logGet(43)) - raft.server.sleep.deviation.threshold = 300 (default)
2019-10-01 11:05:13,310 [pool-459-thread-1] INFO  server.RaftServerConfigKeys (ConfUtils.java:logGet(43)) - raft.server.storage.dir = [/workdir/hadoop-ozone/integration-test/target/test-dir/MiniOzoneClusterImpl-2f0d656a-aa1e-467a-b42c-bab793932067/datanode-5/data/ratis] (custom)
2019-10-01 11:05:13,310 [pool-439-thread-1] INFO  server.RaftServerConfigKeys (ConfUtils.java:logGet(43)) - raft.server.log.appender.install.snapshot.enabled = false (custom)
2019-10-01 11:05:13,310 [pool-449-thread-1] INFO  server.RaftServerConfigKeys (ConfUtils.java:logGet(43)) - raft.server.sleep.deviation.threshold = 300 (default)
2019-10-01 11:05:13,310 [pool-439-thread-1] INFO  impl.RaftServerImpl (ServerState.java:<init>(103)) - 1196e49d-1b59-42ef-aa7f-1f5da4b257dd@group-C42412B5D746: ConfigurationManager, init=-1: [1196e49d-1b59-42ef-aa7f-1f5da4b257dd:192.168.151.80:36888, f765dc21-b071-4575-9ea9-6094ab6876f1:192.168.151.80:46476, a0542a7b-209e-454b-9c7f-cabfc7f4e589:192.168.151.80:33879], old=null, confs=<EMPTY_MAP>
2019-10-01 11:05:13,310 [pool-449-thread-1] INFO  server.RaftServerConfigKeys (ConfUtils.java:logGet(43)) - raft.server.log.appender.install.snapshot.enabled = false (custom)
2019-10-01 11:05:13,310 [pool-439-thread-1] INFO  server.RaftServerConfigKeys (ConfUtils.java:logGet(43)) - raft.server.storage.dir = [/workdir/hadoop-ozone/integration-test/target/test-dir/MiniOzoneClusterImpl-2f0d656a-aa1e-467a-b42c-bab793932067/datanode-3/data/ratis] (custom)
2019-10-01 11:05:13,310 [pool-459-thread-1] INFO  storage.RaftStorageDirectory (RaftStorageDirectory.java:analyzeStorage(246)) - The storage directory /workdir/hadoop-ozone/integration-test/target/test-dir/MiniOzoneClusterImpl-2f0d656a-aa1e-467a-b42c-bab793932067/datanode-5/data/ratis/93057f9d-6f40-4b87-bc98-c42412b5d746 does not exist. Creating ...
2019-10-01 11:05:13,310 [pool-449-thread-1] INFO  impl.RaftServerImpl (ServerState.java:<init>(103)) - a0542a7b-209e-454b-9c7f-cabfc7f4e589@group-C42412B5D746: ConfigurationManager, init=-1: [1196e49d-1b59-42ef-aa7f-1f5da4b257dd:192.168.151.80:36888, f765dc21-b071-4575-9ea9-6094ab6876f1:192.168.151.80:46476, a0542a7b-209e-454b-9c7f-cabfc7f4e589:192.168.151.80:33879], old=null, confs=<EMPTY_MAP>
2019-10-01 11:05:13,311 [pool-439-thread-1] INFO  storage.RaftStorageDirectory (RaftStorageDirectory.java:analyzeStorage(246)) - The storage directory /workdir/hadoop-ozone/integration-test/target/test-dir/MiniOzoneClusterImpl-2f0d656a-aa1e-467a-b42c-bab793932067/datanode-3/data/ratis/93057f9d-6f40-4b87-bc98-c42412b5d746 does not exist. Creating ...
2019-10-01 11:05:13,311 [pool-449-thread-1] INFO  server.RaftServerConfigKeys (ConfUtils.java:logGet(43)) - raft.server.storage.dir = [/workdir/hadoop-ozone/integration-test/target/test-dir/MiniOzoneClusterImpl-2f0d656a-aa1e-467a-b42c-bab793932067/datanode-4/data/ratis] (custom)
2019-10-01 11:05:13,311 [pool-449-thread-1] INFO  storage.RaftStorageDirectory (RaftStorageDirectory.java:analyzeStorage(246)) - The storage directory /workdir/hadoop-ozone/integration-test/target/test-dir/MiniOzoneClusterImpl-2f0d656a-aa1e-467a-b42c-bab793932067/datanode-4/data/ratis/93057f9d-6f40-4b87-bc98-c42412b5d746 does not exist. Creating ...
2019-10-01 11:05:13,324 [pool-439-thread-1] INFO  storage.RaftStorageDirectory (RaftStorageDirectory.java:tryLock(328)) - Lock on /workdir/hadoop-ozone/integration-test/target/test-dir/MiniOzoneClusterImpl-2f0d656a-aa1e-467a-b42c-bab793932067/datanode-3/data/ratis/93057f9d-6f40-4b87-bc98-c42412b5d746/in_use.lock acquired by nodename 23026@pr-hdds-2214-vjltc-212603711
2019-10-01 11:05:13,324 [pool-459-thread-1] INFO  storage.RaftStorageDirectory (RaftStorageDirectory.java:tryLock(328)) - Lock on /workdir/hadoop-ozone/integration-test/target/test-dir/MiniOzoneClusterImpl-2f0d656a-aa1e-467a-b42c-bab793932067/datanode-5/data/ratis/93057f9d-6f40-4b87-bc98-c42412b5d746/in_use.lock acquired by nodename 23026@pr-hdds-2214-vjltc-212603711
2019-10-01 11:05:13,324 [pool-449-thread-1] INFO  storage.RaftStorageDirectory (RaftStorageDirectory.java:tryLock(328)) - Lock on /workdir/hadoop-ozone/integration-test/target/test-dir/MiniOzoneClusterImpl-2f0d656a-aa1e-467a-b42c-bab793932067/datanode-4/data/ratis/93057f9d-6f40-4b87-bc98-c42412b5d746/in_use.lock acquired by nodename 23026@pr-hdds-2214-vjltc-212603711
2019-10-01 11:05:13,337 [pool-439-thread-1] INFO  storage.RaftStorage (RaftStorage.java:format(72)) - Storage directory /workdir/hadoop-ozone/integration-test/target/test-dir/MiniOzoneClusterImpl-2f0d656a-aa1e-467a-b42c-bab793932067/datanode-3/data/ratis/93057f9d-6f40-4b87-bc98-c42412b5d746 has been successfully formatted.
2019-10-01 11:05:13,337 [pool-449-thread-1] INFO  storage.RaftStorage (RaftStorage.java:format(72)) - Storage directory /workdir/hadoop-ozone/integration-test/target/test-dir/MiniOzoneClusterImpl-2f0d656a-aa1e-467a-b42c-bab793932067/datanode-4/data/ratis/93057f9d-6f40-4b87-bc98-c42412b5d746 has been successfully formatted.
2019-10-01 11:05:13,337 [pool-459-thread-1] INFO  storage.RaftStorage (RaftStorage.java:format(72)) - Storage directory /workdir/hadoop-ozone/integration-test/target/test-dir/MiniOzoneClusterImpl-2f0d656a-aa1e-467a-b42c-bab793932067/datanode-5/data/ratis/93057f9d-6f40-4b87-bc98-c42412b5d746 has been successfully formatted.
2019-10-01 11:05:13,337 [pool-449-thread-1] INFO  ratis.ContainerStateMachine (ContainerStateMachine.java:loadSnapshot(230)) - group-C42412B5D746: The snapshot info is null. Setting the last applied indexto:(t:0, i:~)
2019-10-01 11:05:13,338 [pool-459-thread-1] INFO  ratis.ContainerStateMachine (ContainerStateMachine.java:loadSnapshot(230)) - group-C42412B5D746: The snapshot info is null. Setting the last applied indexto:(t:0, i:~)
2019-10-01 11:05:13,337 [pool-439-thread-1] INFO  ratis.ContainerStateMachine (ContainerStateMachine.java:loadSnapshot(230)) - group-C42412B5D746: The snapshot info is null. Setting the last applied indexto:(t:0, i:~)
2019-10-01 11:05:13,338 [pool-459-thread-1] INFO  server.RaftServerConfigKeys (ConfUtils.java:logGet(43)) - raft.server.notification.no-leader.timeout = 120s (custom)
2019-10-01 11:05:13,338 [pool-459-thread-1] INFO  server.RaftServerConfigKeys (ConfUtils.java:logGet(43)) - raft.server.log.use.memory = false (default)
2019-10-01 11:05:13,338 [pool-449-thread-1] INFO  server.RaftServerConfigKeys (ConfUtils.java:logGet(43)) - raft.server.notification.no-leader.timeout = 120s (custom)
2019-10-01 11:05:13,338 [pool-459-thread-1] INFO  server.RaftServerConfigKeys (ConfUtils.java:logGet(43)) - raft.server.log.purge.gap = 1000000 (custom)
2019-10-01 11:05:13,339 [pool-459-thread-1] INFO  server.RaftServerConfigKeys (ConfUtils.java:logGet(43)) - raft.server.log.appender.buffer.byte-limit = 33554432 (custom)
2019-10-01 11:05:13,338 [pool-439-thread-1] INFO  server.RaftServerConfigKeys (ConfUtils.java:logGet(43)) - raft.server.notification.no-leader.timeout = 120s (custom)
2019-10-01 11:05:13,339 [pool-459-thread-1] INFO  server.RaftServerConfigKeys (ConfUtils.java:logGet(43)) - raft.server.log.segment.size.max = 1048576 (custom)
2019-10-01 11:05:13,338 [pool-449-thread-1] INFO  server.RaftServerConfigKeys (ConfUtils.java:logGet(43)) - raft.server.log.use.memory = false (default)
2019-10-01 11:05:13,339 [pool-459-thread-1] INFO  server.RaftServerConfigKeys (ConfUtils.java:logGet(43)) - raft.server.log.segment.cache.num.max = 2 (custom)
2019-10-01 11:05:13,339 [pool-439-thread-1] INFO  server.RaftServerConfigKeys (ConfUtils.java:logGet(43)) - raft.server.log.use.memory = false (default)
2019-10-01 11:05:13,339 [pool-459-thread-1] INFO  segmented.SegmentedRaftLogWorker (SegmentedRaftLogWorker.java:<init>(172)) - new f765dc21-b071-4575-9ea9-6094ab6876f1@group-C42412B5D746-SegmentedRaftLogWorker for RaftStorage:Storage Directory /workdir/hadoop-ozone/integration-test/target/test-dir/MiniOzoneClusterImpl-2f0d656a-aa1e-467a-b42c-bab793932067/datanode-5/data/ratis/93057f9d-6f40-4b87-bc98-c42412b5d746
2019-10-01 11:05:13,339 [pool-449-thread-1] INFO  server.RaftServerConfigKeys (ConfUtils.java:logGet(43)) - raft.server.log.purge.gap = 1000000 (custom)
2019-10-01 11:05:13,340 [pool-459-thread-1] INFO  server.RaftServerConfigKeys (ConfUtils.java:logGet(43)) - raft.server.log.queue.byte-limit = 2147483647 (custom)
2019-10-01 11:05:13,339 [pool-439-thread-1] INFO  server.RaftServerConfigKeys (ConfUtils.java:logGet(43)) - raft.server.log.purge.gap = 1000000 (custom)
2019-10-01 11:05:13,340 [pool-459-thread-1] INFO  server.RaftServerConfigKeys (ConfUtils.java:logGet(43)) - raft.server.log.queue.element-limit = 1024 (custom)
2019-10-01 11:05:13,340 [pool-449-thread-1] INFO  server.RaftServerConfigKeys (ConfUtils.java:logGet(43)) - raft.server.log.appender.buffer.byte-limit = 33554432 (custom)
2019-10-01 11:05:13,342 [pool-459-thread-1] INFO  server.RaftServerConfigKeys (ConfUtils.java:logGet(43)) - raft.server.log.segment.size.max = 1048576 (custom)
2019-10-01 11:05:13,340 [pool-439-thread-1] INFO  server.RaftServerConfigKeys (ConfUtils.java:logGet(43)) - raft.server.log.appender.buffer.byte-limit = 33554432 (custom)
2019-10-01 11:05:13,342 [pool-459-thread-1] INFO  server.RaftServerConfigKeys (ConfUtils.java:logGet(43)) - raft.server.log.preallocated.size = 16384 (custom)
2019-10-01 11:05:13,342 [pool-449-thread-1] INFO  server.RaftServerConfigKeys (ConfUtils.java:logGet(43)) - raft.server.log.segment.size.max = 1048576 (custom)
2019-10-01 11:05:13,342 [pool-459-thread-1] INFO  server.RaftServerConfigKeys (ConfUtils.java:logGet(43)) - raft.server.log.write.buffer.size = 33554432 (custom)
2019-10-01 11:05:13,342 [pool-439-thread-1] INFO  server.RaftServerConfigKeys (ConfUtils.java:logGet(43)) - raft.server.log.segment.size.max = 1048576 (custom)
2019-10-01 11:05:13,343 [pool-459-thread-1] INFO  server.RaftServerConfigKeys (ConfUtils.java:logGet(43)) - raft.server.log.force.sync.num = 128 (default)
2019-10-01 11:05:13,343 [pool-449-thread-1] INFO  server.RaftServerConfigKeys (ConfUtils.java:logGet(43)) - raft.server.log.segment.cache.num.max = 2 (custom)
2019-10-01 11:05:13,343 [pool-459-thread-1] INFO  server.RaftServerConfigKeys (ConfUtils.java:logGet(43)) - raft.server.log.statemachine.data.sync = true (default)
2019-10-01 11:05:13,343 [pool-439-thread-1] INFO  server.RaftServerConfigKeys (ConfUtils.java:logGet(43)) - raft.server.log.segment.cache.num.max = 2 (custom)
2019-10-01 11:05:13,343 [pool-459-thread-1] INFO  server.RaftServerConfigKeys (ConfUtils.java:logGet(43)) - raft.server.log.statemachine.data.sync.timeout = 10s (default)
2019-10-01 11:05:13,343 [pool-449-thread-1] INFO  segmented.SegmentedRaftLogWorker (SegmentedRaftLogWorker.java:<init>(172)) - new a0542a7b-209e-454b-9c7f-cabfc7f4e589@group-C42412B5D746-SegmentedRaftLogWorker for RaftStorage:Storage Directory /workdir/hadoop-ozone/integration-test/target/test-dir/MiniOzoneClusterImpl-2f0d656a-aa1e-467a-b42c-bab793932067/datanode-4/data/ratis/93057f9d-6f40-4b87-bc98-c42412b5d746
2019-10-01 11:05:13,344 [pool-459-thread-1] INFO  server.RaftServerConfigKeys (ConfUtils.java:logGet(43)) - raft.server.log.statemachine.data.sync.timeout.retry = -1 (default)
2019-10-01 11:05:13,343 [pool-439-thread-1] INFO  segmented.SegmentedRaftLogWorker (SegmentedRaftLogWorker.java:<init>(172)) - new 1196e49d-1b59-42ef-aa7f-1f5da4b257dd@group-C42412B5D746-SegmentedRaftLogWorker for RaftStorage:Storage Directory /workdir/hadoop-ozone/integration-test/target/test-dir/MiniOzoneClusterImpl-2f0d656a-aa1e-467a-b42c-bab793932067/datanode-3/data/ratis/93057f9d-6f40-4b87-bc98-c42412b5d746
2019-10-01 11:05:13,344 [pool-459-thread-1] INFO  server.RaftServerConfigKeys (ConfUtils.java:logGet(43)) - raft.server.log.statemachine.data.caching.enabled = true (custom)
2019-10-01 11:05:13,344 [pool-449-thread-1] INFO  server.RaftServerConfigKeys (ConfUtils.java:logGet(43)) - raft.server.log.queue.byte-limit = 2147483647 (custom)
2019-10-01 11:05:13,344 [pool-439-thread-1] INFO  server.RaftServerConfigKeys (ConfUtils.java:logGet(43)) - raft.server.log.queue.byte-limit = 2147483647 (custom)
2019-10-01 11:05:13,344 [pool-449-thread-1] INFO  server.RaftServerConfigKeys (ConfUtils.java:logGet(43)) - raft.server.log.queue.element-limit = 1024 (custom)
2019-10-01 11:05:13,344 [pool-459-thread-1] INFO  segmented.SegmentedRaftLogWorker (SegmentedRaftLogWorker.java:lambda$new$0(132)) - f765dc21-b071-4575-9ea9-6094ab6876f1@group-C42412B5D746-SegmentedRaftLogWorker: flushIndex: setUnconditionally 0 -> -1
2019-10-01 11:05:13,345 [pool-449-thread-1] INFO  server.RaftServerConfigKeys (ConfUtils.java:logGet(43)) - raft.server.log.segment.size.max = 1048576 (custom)
2019-10-01 11:05:13,344 [pool-439-thread-1] INFO  server.RaftServerConfigKeys (ConfUtils.java:logGet(43)) - raft.server.log.queue.element-limit = 1024 (custom)
2019-10-01 11:05:13,345 [pool-459-thread-1] INFO  server.RaftServerConfigKeys (ConfUtils.java:logGet(43)) - raft.server.snapshot.auto.trigger.enabled = true (custom)
2019-10-01 11:05:13,345 [pool-449-thread-1] INFO  server.RaftServerConfigKeys (ConfUtils.java:logGet(43)) - raft.server.log.preallocated.size = 16384 (custom)
2019-10-01 11:05:13,345 [pool-459-thread-1] INFO  server.RaftServerConfigKeys (ConfUtils.java:logGet(43)) - raft.server.snapshot.auto.trigger.threshold = 10000 (custom)
2019-10-01 11:05:13,346 [pool-459-thread-1] INFO  server.RaftServerConfigKeys (ConfUtils.java:logGet(43)) - raft.server.snapshot.retention.num.files = 5 (custom)
2019-10-01 11:05:13,345 [pool-439-thread-1] INFO  server.RaftServerConfigKeys (ConfUtils.java:logGet(43)) - raft.server.log.segment.size.max = 1048576 (custom)
2019-10-01 11:05:13,347 [pool-439-thread-1] INFO  server.RaftServerConfigKeys (ConfUtils.java:logGet(43)) - raft.server.log.preallocated.size = 16384 (custom)
2019-10-01 11:05:13,345 [pool-449-thread-1] INFO  server.RaftServerConfigKeys (ConfUtils.java:logGet(43)) - raft.server.log.write.buffer.size = 33554432 (custom)
2019-10-01 11:05:13,347 [pool-439-thread-1] INFO  server.RaftServerConfigKeys (ConfUtils.java:logGet(43)) - raft.server.log.write.buffer.size = 33554432 (custom)
2019-10-01 11:05:13,348 [pool-439-thread-1] INFO  server.RaftServerConfigKeys (ConfUtils.java:logGet(43)) - raft.server.log.force.sync.num = 128 (default)
2019-10-01 11:05:13,347 [pool-459-thread-1] INFO  server.RaftServerConfigKeys (ConfUtils.java:logGet(43)) - raft.server.retrycache.expirytime = 600000ms (custom)
2019-10-01 11:05:13,348 [pool-439-thread-1] INFO  server.RaftServerConfigKeys (ConfUtils.java:logGet(43)) - raft.server.log.statemachine.data.sync = true (default)
2019-10-01 11:05:13,348 [pool-439-thread-1] INFO  server.RaftServerConfigKeys (ConfUtils.java:logGet(43)) - raft.server.log.statemachine.data.sync.timeout = 10s (default)
2019-10-01 11:05:13,348 [pool-449-thread-1] INFO  server.RaftServerConfigKeys (ConfUtils.java:logGet(43)) - raft.server.log.force.sync.num = 128 (default)
2019-10-01 11:05:13,348 [pool-439-thread-1] INFO  server.RaftServerConfigKeys (ConfUtils.java:logGet(43)) - raft.server.log.statemachine.data.sync.timeout.retry = -1 (default)
2019-10-01 11:05:13,348 [pool-449-thread-1] INFO  server.RaftServerConfigKeys (ConfUtils.java:logGet(43)) - raft.server.log.statemachine.data.sync = true (default)
2019-10-01 11:05:13,349 [pool-439-thread-1] INFO  server.RaftServerConfigKeys (ConfUtils.java:logGet(43)) - raft.server.log.statemachine.data.caching.enabled = true (custom)
2019-10-01 11:05:13,349 [pool-449-thread-1] INFO  server.RaftServerConfigKeys (ConfUtils.java:logGet(43)) - raft.server.log.statemachine.data.sync.timeout = 10s (default)
2019-10-01 11:05:13,349 [pool-439-thread-1] INFO  segmented.SegmentedRaftLogWorker (SegmentedRaftLogWorker.java:lambda$new$0(132)) - 1196e49d-1b59-42ef-aa7f-1f5da4b257dd@group-C42412B5D746-SegmentedRaftLogWorker: flushIndex: setUnconditionally 0 -> -1
2019-10-01 11:05:13,349 [pool-449-thread-1] INFO  server.RaftServerConfigKeys (ConfUtils.java:logGet(43)) - raft.server.log.statemachine.data.sync.timeout.retry = -1 (default)
2019-10-01 11:05:13,349 [pool-439-thread-1] INFO  server.RaftServerConfigKeys (ConfUtils.java:logGet(43)) - raft.server.snapshot.auto.trigger.enabled = true (custom)
2019-10-01 11:05:13,349 [pool-449-thread-1] INFO  server.RaftServerConfigKeys (ConfUtils.java:logGet(43)) - raft.server.log.statemachine.data.caching.enabled = true (custom)
2019-10-01 11:05:13,349 [pool-439-thread-1] INFO  server.RaftServerConfigKeys (ConfUtils.java:logGet(43)) - raft.server.snapshot.auto.trigger.threshold = 10000 (custom)
2019-10-01 11:05:13,350 [pool-439-thread-1] INFO  server.RaftServerConfigKeys (ConfUtils.java:logGet(43)) - raft.server.snapshot.retention.num.files = 5 (custom)
2019-10-01 11:05:13,350 [pool-449-thread-1] INFO  segmented.SegmentedRaftLogWorker (SegmentedRaftLogWorker.java:lambda$new$0(132)) - a0542a7b-209e-454b-9c7f-cabfc7f4e589@group-C42412B5D746-SegmentedRaftLogWorker: flushIndex: setUnconditionally 0 -> -1
2019-10-01 11:05:13,350 [pool-439-thread-1] INFO  server.RaftServerConfigKeys (ConfUtils.java:logGet(43)) - raft.server.retrycache.expirytime = 600000ms (custom)
2019-10-01 11:05:13,350 [pool-449-thread-1] INFO  server.RaftServerConfigKeys (ConfUtils.java:logGet(43)) - raft.server.snapshot.auto.trigger.enabled = true (custom)
2019-10-01 11:05:13,350 [pool-459-thread-1] INFO  impl.RaftServerImpl (RaftServerImpl.java:start(185)) - f765dc21-b071-4575-9ea9-6094ab6876f1@group-C42412B5D746: start as a follower, conf=-1: [1196e49d-1b59-42ef-aa7f-1f5da4b257dd:192.168.151.80:36888, f765dc21-b071-4575-9ea9-6094ab6876f1:192.168.151.80:46476, a0542a7b-209e-454b-9c7f-cabfc7f4e589:192.168.151.80:33879], old=null
2019-10-01 11:05:13,350 [pool-449-thread-1] INFO  server.RaftServerConfigKeys (ConfUtils.java:logGet(43)) - raft.server.snapshot.auto.trigger.threshold = 10000 (custom)
2019-10-01 11:05:13,350 [pool-459-thread-1] INFO  impl.RaftServerImpl (RaftServerImpl.java:setRole(174)) - f765dc21-b071-4575-9ea9-6094ab6876f1@group-C42412B5D746: changes role from      null to FOLLOWER at term 0 for startAsFollower
2019-10-01 11:05:13,350 [pool-449-thread-1] INFO  server.RaftServerConfigKeys (ConfUtils.java:logGet(43)) - raft.server.snapshot.retention.num.files = 5 (custom)
2019-10-01 11:05:13,351 [pool-459-thread-1] INFO  impl.RoleInfo (RoleInfo.java:updateAndGet(143)) - f765dc21-b071-4575-9ea9-6094ab6876f1: start FollowerState
2019-10-01 11:05:13,351 [pool-449-thread-1] INFO  server.RaftServerConfigKeys (ConfUtils.java:logGet(43)) - raft.server.retrycache.expirytime = 600000ms (custom)
2019-10-01 11:05:13,351 [pool-439-thread-1] INFO  impl.RaftServerImpl (RaftServerImpl.java:start(185)) - 1196e49d-1b59-42ef-aa7f-1f5da4b257dd@group-C42412B5D746: start as a follower, conf=-1: [1196e49d-1b59-42ef-aa7f-1f5da4b257dd:192.168.151.80:36888, f765dc21-b071-4575-9ea9-6094ab6876f1:192.168.151.80:46476, a0542a7b-209e-454b-9c7f-cabfc7f4e589:192.168.151.80:33879], old=null
2019-10-01 11:05:13,351 [pool-459-thread-1] INFO  util.JmxRegister (JmxRegister.java:tryRegister(44)) - Successfully registered JMX Bean with object name Ratis:service=RaftServer,group=group-C42412B5D746,id=f765dc21-b071-4575-9ea9-6094ab6876f1
2019-10-01 11:05:13,351 [pool-439-thread-1] INFO  impl.RaftServerImpl (RaftServerImpl.java:setRole(174)) - 1196e49d-1b59-42ef-aa7f-1f5da4b257dd@group-C42412B5D746: changes role from      null to FOLLOWER at term 0 for startAsFollower
2019-10-01 11:05:13,351 [pool-439-thread-1] INFO  impl.RoleInfo (RoleInfo.java:updateAndGet(143)) - 1196e49d-1b59-42ef-aa7f-1f5da4b257dd: start FollowerState
2019-10-01 11:05:13,352 [pool-439-thread-1] INFO  util.JmxRegister (JmxRegister.java:tryRegister(44)) - Successfully registered JMX Bean with object name Ratis:service=RaftServer,group=group-C42412B5D746,id=1196e49d-1b59-42ef-aa7f-1f5da4b257dd
2019-10-01 11:05:13,353 [pool-449-thread-1] INFO  impl.RaftServerImpl (RaftServerImpl.java:start(185)) - a0542a7b-209e-454b-9c7f-cabfc7f4e589@group-C42412B5D746: start as a follower, conf=-1: [1196e49d-1b59-42ef-aa7f-1f5da4b257dd:192.168.151.80:36888, f765dc21-b071-4575-9ea9-6094ab6876f1:192.168.151.80:46476, a0542a7b-209e-454b-9c7f-cabfc7f4e589:192.168.151.80:33879], old=null
2019-10-01 11:05:13,353 [pool-449-thread-1] INFO  impl.RaftServerImpl (RaftServerImpl.java:setRole(174)) - a0542a7b-209e-454b-9c7f-cabfc7f4e589@group-C42412B5D746: changes role from      null to FOLLOWER at term 0 for startAsFollower
2019-10-01 11:05:13,354 [pool-449-thread-1] INFO  impl.RoleInfo (RoleInfo.java:updateAndGet(143)) - a0542a7b-209e-454b-9c7f-cabfc7f4e589: start FollowerState
2019-10-01 11:05:13,354 [pool-449-thread-1] INFO  util.JmxRegister (JmxRegister.java:tryRegister(44)) - Successfully registered JMX Bean with object name Ratis:service=RaftServer,group=group-C42412B5D746,id=a0542a7b-209e-454b-9c7f-cabfc7f4e589
2019-10-01 11:05:13,356 [RatisPipelineUtilsThread] INFO  pipeline.PipelineStateManager (PipelineStateManager.java:addPipeline(56)) - Created pipeline Pipeline[ Id: 93057f9d-6f40-4b87-bc98-c42412b5d746, Nodes: 1196e49d-1b59-42ef-aa7f-1f5da4b257dd{ip: 192.168.151.80, host: pr-hdds-2214-vjltc-212603711, networkLocation: /default-rack, certSerialId: null}f765dc21-b071-4575-9ea9-6094ab6876f1{ip: 192.168.151.80, host: pr-hdds-2214-vjltc-212603711, networkLocation: /default-rack, certSerialId: null}a0542a7b-209e-454b-9c7f-cabfc7f4e589{ip: 192.168.151.80, host: pr-hdds-2214-vjltc-212603711, networkLocation: /default-rack, certSerialId: null}, Type:RATIS, Factor:THREE, State:OPEN]
2019-10-01 11:05:15,792 [Thread-2897] INFO  container.ReplicationManager (ReplicationManager.java:start(162)) - Starting Replication Monitor Thread.
2019-10-01 11:05:15,801 [ReplicationMonitor] INFO  container.ReplicationManager (ReplicationManager.java:run(225)) - Replication Monitor Thread took 0 milliseconds for processing 1 containers.
2019-10-01 11:05:18,039 [Thread-2899] INFO  impl.FollowerState (FollowerState.java:run(106)) - 4dc49964-fbf6-40e6-8571-06acdd79f4d1:group-8C46F4831D92 changes to CANDIDATE, lastRpcTime:5191, electionTimeout:5191ms
2019-10-01 11:05:18,039 [Thread-2899] INFO  impl.RoleInfo (RoleInfo.java:shutdownFollowerState(121)) - 4dc49964-fbf6-40e6-8571-06acdd79f4d1: shutdown FollowerState
2019-10-01 11:05:18,039 [Thread-2899] INFO  impl.RaftServerImpl (RaftServerImpl.java:setRole(174)) - 4dc49964-fbf6-40e6-8571-06acdd79f4d1@group-8C46F4831D92: changes role from  FOLLOWER to CANDIDATE at term 0 for changeToCandidate
2019-10-01 11:05:18,040 [Thread-2899] INFO  impl.RoleInfo (RoleInfo.java:updateAndGet(143)) - 4dc49964-fbf6-40e6-8571-06acdd79f4d1: start LeaderElection
2019-10-01 11:05:18,065 [Thread-2902] INFO  impl.FollowerState (FollowerState.java:run(106)) - a49ce009-7bbe-4dc3-8e8a-67ff17c33fdc:group-5D2334E30C74 changes to CANDIDATE, lastRpcTime:5170, electionTimeout:5167ms
2019-10-01 11:05:18,065 [Thread-2905] INFO  impl.FollowerState (FollowerState.java:run(106)) - 294c00a8-ed7b-4480-8a86-47ae2c52968d:group-496DBACFDEA1 changes to CANDIDATE, lastRpcTime:5116, electionTimeout:5105ms
2019-10-01 11:05:18,065 [Thread-2902] INFO  impl.RoleInfo (RoleInfo.java:shutdownFollowerState(121)) - a49ce009-7bbe-4dc3-8e8a-67ff17c33fdc: shutdown FollowerState
2019-10-01 11:05:18,065 [Thread-2905] INFO  impl.RoleInfo (RoleInfo.java:shutdownFollowerState(121)) - 294c00a8-ed7b-4480-8a86-47ae2c52968d: shutdown FollowerState
2019-10-01 11:05:18,065 [Thread-2905] INFO  impl.RaftServerImpl (RaftServerImpl.java:setRole(174)) - 294c00a8-ed7b-4480-8a86-47ae2c52968d@group-496DBACFDEA1: changes role from  FOLLOWER to CANDIDATE at term 0 for changeToCandidate
2019-10-01 11:05:18,065 [Thread-2902] INFO  impl.RaftServerImpl (RaftServerImpl.java:setRole(174)) - a49ce009-7bbe-4dc3-8e8a-67ff17c33fdc@group-5D2334E30C74: changes role from  FOLLOWER to CANDIDATE at term 0 for changeToCandidate
2019-10-01 11:05:18,065 [Thread-2905] INFO  impl.RoleInfo (RoleInfo.java:updateAndGet(143)) - 294c00a8-ed7b-4480-8a86-47ae2c52968d: start LeaderElection
2019-10-01 11:05:18,066 [Thread-2902] INFO  impl.RoleInfo (RoleInfo.java:updateAndGet(143)) - a49ce009-7bbe-4dc3-8e8a-67ff17c33fdc: start LeaderElection
2019-10-01 11:05:18,088 [Thread-2908] INFO  impl.FollowerState (FollowerState.java:run(106)) - 4dc49964-fbf6-40e6-8571-06acdd79f4d1:group-B0177E16FA4C changes to CANDIDATE, lastRpcTime:5084, electionTimeout:5070ms
2019-10-01 11:05:18,088 [Thread-2908] INFO  impl.RoleInfo (RoleInfo.java:shutdownFollowerState(121)) - 4dc49964-fbf6-40e6-8571-06acdd79f4d1: shutdown FollowerState
2019-10-01 11:05:18,088 [Thread-2908] INFO  impl.RaftServerImpl (RaftServerImpl.java:setRole(174)) - 4dc49964-fbf6-40e6-8571-06acdd79f4d1@group-B0177E16FA4C: changes role from  FOLLOWER to CANDIDATE at term 0 for changeToCandidate
2019-10-01 11:05:18,088 [Thread-2908] INFO  impl.RoleInfo (RoleInfo.java:updateAndGet(143)) - 4dc49964-fbf6-40e6-8571-06acdd79f4d1: start LeaderElection
2019-10-01 11:05:18,091 [Thread-2912] INFO  impl.FollowerState (FollowerState.java:run(106)) - a49ce009-7bbe-4dc3-8e8a-67ff17c33fdc:group-B0177E16FA4C changes to CANDIDATE, lastRpcTime:5059, electionTimeout:5058ms
2019-10-01 11:05:18,091 [Thread-2912] INFO  impl.RoleInfo (RoleInfo.java:shutdownFollowerState(121)) - a49ce009-7bbe-4dc3-8e8a-67ff17c33fdc: shutdown FollowerState
2019-10-01 11:05:18,093 [4dc49964-fbf6-40e6-8571-06acdd79f4d1@group-8C46F4831D92:LeaderElection54] INFO  impl.LeaderElection (LeaderElection.java:askForVotes(182)) - 4dc49964-fbf6-40e6-8571-06acdd79f4d1@group-8C46F4831D92:LeaderElection54: begin an election at term 1 for -1: [4dc49964-fbf6-40e6-8571-06acdd79f4d1:192.168.151.80:40697], old=null
2019-10-01 11:05:18,091 [294c00a8-ed7b-4480-8a86-47ae2c52968d@group-496DBACFDEA1:LeaderElection55] INFO  impl.LeaderElection (LeaderElection.java:askForVotes(182)) - 294c00a8-ed7b-4480-8a86-47ae2c52968d@group-496DBACFDEA1:LeaderElection55: begin an election at term 1 for -1: [294c00a8-ed7b-4480-8a86-47ae2c52968d:192.168.151.80:45512], old=null
2019-10-01 11:05:18,094 [4dc49964-fbf6-40e6-8571-06acdd79f4d1@group-8C46F4831D92:LeaderElection54] INFO  impl.RoleInfo (RoleInfo.java:shutdownLeaderElection(134)) - 4dc49964-fbf6-40e6-8571-06acdd79f4d1: shutdown LeaderElection
2019-10-01 11:05:18,093 [Thread-2912] INFO  impl.RaftServerImpl (RaftServerImpl.java:setRole(174)) - a49ce009-7bbe-4dc3-8e8a-67ff17c33fdc@group-B0177E16FA4C: changes role from  FOLLOWER to CANDIDATE at term 0 for changeToCandidate
2019-10-01 11:05:18,093 [a49ce009-7bbe-4dc3-8e8a-67ff17c33fdc@group-5D2334E30C74:LeaderElection56] INFO  impl.LeaderElection (LeaderElection.java:askForVotes(182)) - a49ce009-7bbe-4dc3-8e8a-67ff17c33fdc@group-5D2334E30C74:LeaderElection56: begin an election at term 1 for -1: [a49ce009-7bbe-4dc3-8e8a-67ff17c33fdc:192.168.151.80:39340], old=null
2019-10-01 11:05:18,094 [Thread-2912] INFO  impl.RoleInfo (RoleInfo.java:updateAndGet(143)) - a49ce009-7bbe-4dc3-8e8a-67ff17c33fdc: start LeaderElection
2019-10-01 11:05:18,094 [4dc49964-fbf6-40e6-8571-06acdd79f4d1@group-8C46F4831D92:LeaderElection54] INFO  impl.RaftServerImpl (RaftServerImpl.java:setRole(174)) - 4dc49964-fbf6-40e6-8571-06acdd79f4d1@group-8C46F4831D92: changes role from CANDIDATE to LEADER at term 1 for changeToLeader
2019-10-01 11:05:18,094 [294c00a8-ed7b-4480-8a86-47ae2c52968d@group-496DBACFDEA1:LeaderElection55] INFO  impl.RoleInfo (RoleInfo.java:shutdownLeaderElection(134)) - 294c00a8-ed7b-4480-8a86-47ae2c52968d: shutdown LeaderElection
2019-10-01 11:05:18,094 [4dc49964-fbf6-40e6-8571-06acdd79f4d1@group-8C46F4831D92:LeaderElection54] INFO  impl.RaftServerImpl (ServerState.java:setLeader(253)) - 4dc49964-fbf6-40e6-8571-06acdd79f4d1@group-8C46F4831D92: change Leader from null to 4dc49964-fbf6-40e6-8571-06acdd79f4d1 at term 1 for becomeLeader, leader elected after 5256ms
2019-10-01 11:05:18,094 [a49ce009-7bbe-4dc3-8e8a-67ff17c33fdc@group-5D2334E30C74:LeaderElection56] INFO  impl.RoleInfo (RoleInfo.java:shutdownLeaderElection(134)) - a49ce009-7bbe-4dc3-8e8a-67ff17c33fdc: shutdown LeaderElection
2019-10-01 11:05:18,099 [4dc49964-fbf6-40e6-8571-06acdd79f4d1@group-8C46F4831D92:LeaderElection54] INFO  server.RaftServerConfigKeys (ConfUtils.java:logGet(43)) - raft.server.staging.catchup.gap = 1000 (default)
2019-10-01 11:05:18,099 [4dc49964-fbf6-40e6-8571-06acdd79f4d1@group-8C46F4831D92:LeaderElection54] INFO  server.RaftServerConfigKeys (ConfUtils.java:logGet(43)) - raft.server.rpc.sleep.time = 25ms (default)
2019-10-01 11:05:18,097 [294c00a8-ed7b-4480-8a86-47ae2c52968d@group-496DBACFDEA1:LeaderElection55] INFO  impl.RaftServerImpl (RaftServerImpl.java:setRole(174)) - 294c00a8-ed7b-4480-8a86-47ae2c52968d@group-496DBACFDEA1: changes role from CANDIDATE to LEADER at term 1 for changeToLeader
2019-10-01 11:05:18,100 [4dc49964-fbf6-40e6-8571-06acdd79f4d1@group-8C46F4831D92:LeaderElection54] INFO  server.RaftServerConfigKeys (ConfUtils.java:logGet(43)) - raft.server.write.element-limit = 4096 (default)
2019-10-01 11:05:18,099 [a49ce009-7bbe-4dc3-8e8a-67ff17c33fdc@group-5D2334E30C74:LeaderElection56] INFO  impl.RaftServerImpl (RaftServerImpl.java:setRole(174)) - a49ce009-7bbe-4dc3-8e8a-67ff17c33fdc@group-5D2334E30C74: changes role from CANDIDATE to LEADER at term 1 for changeToLeader
2019-10-01 11:05:18,100 [4dc49964-fbf6-40e6-8571-06acdd79f4d1@group-8C46F4831D92:LeaderElection54] INFO  server.RaftServerConfigKeys (ConfUtils.java:logGet(43)) - raft.server.watch.timeout = 10s (default)
2019-10-01 11:05:18,100 [4dc49964-fbf6-40e6-8571-06acdd79f4d1@group-8C46F4831D92:LeaderElection54] INFO  server.RaftServerConfigKeys (ConfUtils.java:logGet(43)) - raft.server.watch.timeout.denomination = 1s (default)
2019-10-01 11:05:18,100 [294c00a8-ed7b-4480-8a86-47ae2c52968d@group-496DBACFDEA1:LeaderElection55] INFO  impl.RaftServerImpl (ServerState.java:setLeader(253)) - 294c00a8-ed7b-4480-8a86-47ae2c52968d@group-496DBACFDEA1: change Leader from null to 294c00a8-ed7b-4480-8a86-47ae2c52968d at term 1 for becomeLeader, leader elected after 5158ms
2019-10-01 11:05:18,100 [4dc49964-fbf6-40e6-8571-06acdd79f4d1@group-8C46F4831D92:LeaderElection54] INFO  server.RaftServerConfigKeys (ConfUtils.java:logGet(43)) - raft.server.watch.element-limit = 65536 (default)
2019-10-01 11:05:18,100 [a49ce009-7bbe-4dc3-8e8a-67ff17c33fdc@group-5D2334E30C74:LeaderElection56] INFO  impl.RaftServerImpl (ServerState.java:setLeader(253)) - a49ce009-7bbe-4dc3-8e8a-67ff17c33fdc@group-5D2334E30C74: change Leader from null to a49ce009-7bbe-4dc3-8e8a-67ff17c33fdc at term 1 for becomeLeader, leader elected after 5213ms
2019-10-01 11:05:18,100 [294c00a8-ed7b-4480-8a86-47ae2c52968d@group-496DBACFDEA1:LeaderElection55] INFO  server.RaftServerConfigKeys (ConfUtils.java:logGet(43)) - raft.server.staging.catchup.gap = 1000 (default)
2019-10-01 11:05:18,101 [a49ce009-7bbe-4dc3-8e8a-67ff17c33fdc@group-5D2334E30C74:LeaderElection56] INFO  server.RaftServerConfigKeys (ConfUtils.java:logGet(43)) - raft.server.staging.catchup.gap = 1000 (default)
2019-10-01 11:05:18,101 [294c00a8-ed7b-4480-8a86-47ae2c52968d@group-496DBACFDEA1:LeaderElection55] INFO  server.RaftServerConfigKeys (ConfUtils.java:logGet(43)) - raft.server.rpc.sleep.time = 25ms (default)
2019-10-01 11:05:18,101 [a49ce009-7bbe-4dc3-8e8a-67ff17c33fdc@group-5D2334E30C74:LeaderElection56] INFO  server.RaftServerConfigKeys (ConfUtils.java:logGet(43)) - raft.server.rpc.sleep.time = 25ms (default)
2019-10-01 11:05:18,101 [294c00a8-ed7b-4480-8a86-47ae2c52968d@group-496DBACFDEA1:LeaderElection55] INFO  server.RaftServerConfigKeys (ConfUtils.java:logGet(43)) - raft.server.write.element-limit = 4096 (default)
2019-10-01 11:05:18,101 [a49ce009-7bbe-4dc3-8e8a-67ff17c33fdc@group-5D2334E30C74:LeaderElection56] INFO  server.RaftServerConfigKeys (ConfUtils.java:logGet(43)) - raft.server.write.element-limit = 4096 (default)
2019-10-01 11:05:18,102 [294c00a8-ed7b-4480-8a86-47ae2c52968d@group-496DBACFDEA1:LeaderElection55] INFO  server.RaftServerConfigKeys (ConfUtils.java:logGet(43)) - raft.server.watch.timeout = 10s (default)
2019-10-01 11:05:18,102 [a49ce009-7bbe-4dc3-8e8a-67ff17c33fdc@group-5D2334E30C74:LeaderElection56] INFO  server.RaftServerConfigKeys (ConfUtils.java:logGet(43)) - raft.server.watch.timeout = 10s (default)
2019-10-01 11:05:18,102 [294c00a8-ed7b-4480-8a86-47ae2c52968d@group-496DBACFDEA1:LeaderElection55] INFO  server.RaftServerConfigKeys (ConfUtils.java:logGet(43)) - raft.server.watch.timeout.denomination = 1s (default)
2019-10-01 11:05:18,102 [a49ce009-7bbe-4dc3-8e8a-67ff17c33fdc@group-5D2334E30C74:LeaderElection56] INFO  server.RaftServerConfigKeys (ConfUtils.java:logGet(43)) - raft.server.watch.timeout.denomination = 1s (default)
2019-10-01 11:05:18,102 [294c00a8-ed7b-4480-8a86-47ae2c52968d@group-496DBACFDEA1:LeaderElection55] INFO  server.RaftServerConfigKeys (ConfUtils.java:logGet(43)) - raft.server.watch.element-limit = 65536 (default)
2019-10-01 11:05:18,102 [a49ce009-7bbe-4dc3-8e8a-67ff17c33fdc@group-5D2334E30C74:LeaderElection56] INFO  server.RaftServerConfigKeys (ConfUtils.java:logGet(43)) - raft.server.watch.element-limit = 65536 (default)
2019-10-01 11:05:18,103 [4dc49964-fbf6-40e6-8571-06acdd79f4d1@group-8C46F4831D92:LeaderElection54] INFO  impl.RoleInfo (RoleInfo.java:updateAndGet(143)) - 4dc49964-fbf6-40e6-8571-06acdd79f4d1: start LeaderState
2019-10-01 11:05:18,104 [4dc49964-fbf6-40e6-8571-06acdd79f4d1@group-8C46F4831D92:LeaderElection54] INFO  segmented.SegmentedRaftLogWorker (SegmentedRaftLogWorker.java:startLogSegment(380)) - 4dc49964-fbf6-40e6-8571-06acdd79f4d1@group-8C46F4831D92-SegmentedRaftLogWorker: Starting segment from index:0
2019-10-01 11:05:18,104 [4dc49964-fbf6-40e6-8571-06acdd79f4d1@group-8C46F4831D92:LeaderElection54] INFO  impl.RaftServerImpl (ServerState.java:setRaftConf(354)) - 4dc49964-fbf6-40e6-8571-06acdd79f4d1@group-8C46F4831D92: set configuration 0: [4dc49964-fbf6-40e6-8571-06acdd79f4d1:192.168.151.80:40697], old=null at 0
2019-10-01 11:05:18,139 [4dc49964-fbf6-40e6-8571-06acdd79f4d1@group-B0177E16FA4C:LeaderElection57] INFO  impl.LeaderElection (LeaderElection.java:askForVotes(182)) - 4dc49964-fbf6-40e6-8571-06acdd79f4d1@group-B0177E16FA4C:LeaderElection57: begin an election at term 1 for -1: [a49ce009-7bbe-4dc3-8e8a-67ff17c33fdc:192.168.151.80:39340, 4dc49964-fbf6-40e6-8571-06acdd79f4d1:192.168.151.80:40697, 294c00a8-ed7b-4480-8a86-47ae2c52968d:192.168.151.80:45512], old=null
2019-10-01 11:05:18,139 [a49ce009-7bbe-4dc3-8e8a-67ff17c33fdc@group-B0177E16FA4C:LeaderElection58] INFO  impl.LeaderElection (LeaderElection.java:askForVotes(182)) - a49ce009-7bbe-4dc3-8e8a-67ff17c33fdc@group-B0177E16FA4C:LeaderElection58: begin an election at term 1 for -1: [a49ce009-7bbe-4dc3-8e8a-67ff17c33fdc:192.168.151.80:39340, 4dc49964-fbf6-40e6-8571-06acdd79f4d1:192.168.151.80:40697, 294c00a8-ed7b-4480-8a86-47ae2c52968d:192.168.151.80:45512], old=null
2019-10-01 11:05:18,141 [4dc49964-fbf6-40e6-8571-06acdd79f4d1@group-8C46F4831D92-SegmentedRaftLogWorker] INFO  segmented.SegmentedRaftLogWorker (SegmentedRaftLogWorker.java:execute(569)) - 4dc49964-fbf6-40e6-8571-06acdd79f4d1@group-8C46F4831D92-SegmentedRaftLogWorker: created new log segment /workdir/hadoop-ozone/integration-test/target/test-dir/MiniOzoneClusterImpl-2f0d656a-aa1e-467a-b42c-bab793932067/datanode-0/data/ratis/4f43cf69-94e7-4fd9-a864-8c46f4831d92/current/log_inprogress_0
2019-10-01 11:05:18,142 [294c00a8-ed7b-4480-8a86-47ae2c52968d@group-496DBACFDEA1:LeaderElection55] INFO  impl.RoleInfo (RoleInfo.java:updateAndGet(143)) - 294c00a8-ed7b-4480-8a86-47ae2c52968d: start LeaderState
2019-10-01 11:05:18,142 [294c00a8-ed7b-4480-8a86-47ae2c52968d@group-496DBACFDEA1:LeaderElection55] INFO  segmented.SegmentedRaftLogWorker (SegmentedRaftLogWorker.java:startLogSegment(380)) - 294c00a8-ed7b-4480-8a86-47ae2c52968d@group-496DBACFDEA1-SegmentedRaftLogWorker: Starting segment from index:0
2019-10-01 11:05:18,142 [a49ce009-7bbe-4dc3-8e8a-67ff17c33fdc@group-5D2334E30C74:LeaderElection56] INFO  impl.RoleInfo (RoleInfo.java:updateAndGet(143)) - a49ce009-7bbe-4dc3-8e8a-67ff17c33fdc: start LeaderState
2019-10-01 11:05:18,142 [a49ce009-7bbe-4dc3-8e8a-67ff17c33fdc@group-5D2334E30C74:LeaderElection56] INFO  segmented.SegmentedRaftLogWorker (SegmentedRaftLogWorker.java:startLogSegment(380)) - a49ce009-7bbe-4dc3-8e8a-67ff17c33fdc@group-5D2334E30C74-SegmentedRaftLogWorker: Starting segment from index:0
2019-10-01 11:05:18,142 [294c00a8-ed7b-4480-8a86-47ae2c52968d@group-496DBACFDEA1:LeaderElection55] INFO  impl.RaftServerImpl (ServerState.java:setRaftConf(354)) - 294c00a8-ed7b-4480-8a86-47ae2c52968d@group-496DBACFDEA1: set configuration 0: [294c00a8-ed7b-4480-8a86-47ae2c52968d:192.168.151.80:45512], old=null at 0
2019-10-01 11:05:18,186 [a49ce009-7bbe-4dc3-8e8a-67ff17c33fdc@group-5D2334E30C74:LeaderElection56] INFO  impl.RaftServerImpl (ServerState.java:setRaftConf(354)) - a49ce009-7bbe-4dc3-8e8a-67ff17c33fdc@group-5D2334E30C74: set configuration 0: [a49ce009-7bbe-4dc3-8e8a-67ff17c33fdc:192.168.151.80:39340], old=null at 0
2019-10-01 11:05:18,186 [grpc-default-executor-10] INFO  impl.RaftServerImpl (RaftServerImpl.java:setRole(174)) - 294c00a8-ed7b-4480-8a86-47ae2c52968d@group-B0177E16FA4C: changes role from  FOLLOWER to FOLLOWER at term 1 for recognizeCandidate:a49ce009-7bbe-4dc3-8e8a-67ff17c33fdc
2019-10-01 11:05:18,186 [294c00a8-ed7b-4480-8a86-47ae2c52968d@group-496DBACFDEA1-SegmentedRaftLogWorker] INFO  segmented.SegmentedRaftLogWorker (SegmentedRaftLogWorker.java:execute(569)) - 294c00a8-ed7b-4480-8a86-47ae2c52968d@group-496DBACFDEA1-SegmentedRaftLogWorker: created new log segment /workdir/hadoop-ozone/integration-test/target/test-dir/MiniOzoneClusterImpl-2f0d656a-aa1e-467a-b42c-bab793932067/datanode-2/data/ratis/7f800035-b430-43d0-8e95-496dbacfdea1/current/log_inprogress_0
2019-10-01 11:05:18,190 [grpc-default-executor-10] INFO  impl.RoleInfo (RoleInfo.java:shutdownFollowerState(121)) - 294c00a8-ed7b-4480-8a86-47ae2c52968d: shutdown FollowerState
2019-10-01 11:05:18,190 [grpc-default-executor-10] INFO  impl.RoleInfo (RoleInfo.java:updateAndGet(143)) - 294c00a8-ed7b-4480-8a86-47ae2c52968d: start FollowerState
2019-10-01 11:05:18,198 [a49ce009-7bbe-4dc3-8e8a-67ff17c33fdc@group-5D2334E30C74-SegmentedRaftLogWorker] INFO  segmented.SegmentedRaftLogWorker (SegmentedRaftLogWorker.java:execute(569)) - a49ce009-7bbe-4dc3-8e8a-67ff17c33fdc@group-5D2334E30C74-SegmentedRaftLogWorker: created new log segment /workdir/hadoop-ozone/integration-test/target/test-dir/MiniOzoneClusterImpl-2f0d656a-aa1e-467a-b42c-bab793932067/datanode-1/data/ratis/5d616463-d62b-4309-9c4e-5d2334e30c74/current/log_inprogress_0
2019-10-01 11:05:18,201 [4dc49964-fbf6-40e6-8571-06acdd79f4d1@group-B0177E16FA4C:LeaderElection57] INFO  impl.LeaderElection (LeaderElection.java:logAndReturn(56)) - 4dc49964-fbf6-40e6-8571-06acdd79f4d1@group-B0177E16FA4C:LeaderElection57: Election REJECTED; received 2 response(s) [4dc49964-fbf6-40e6-8571-06acdd79f4d1<-a49ce009-7bbe-4dc3-8e8a-67ff17c33fdc#0:FAIL-t1, 4dc49964-fbf6-40e6-8571-06acdd79f4d1<-294c00a8-ed7b-4480-8a86-47ae2c52968d#0:FAIL-t1] and 0 exception(s); 4dc49964-fbf6-40e6-8571-06acdd79f4d1@group-B0177E16FA4C:t1, leader=null, voted=4dc49964-fbf6-40e6-8571-06acdd79f4d1, raftlog=4dc49964-fbf6-40e6-8571-06acdd79f4d1@group-B0177E16FA4C-SegmentedRaftLog:OPENED:c-1,f-1,i0, conf=-1: [a49ce009-7bbe-4dc3-8e8a-67ff17c33fdc:192.168.151.80:39340, 4dc49964-fbf6-40e6-8571-06acdd79f4d1:192.168.151.80:40697, 294c00a8-ed7b-4480-8a86-47ae2c52968d:192.168.151.80:45512], old=null
2019-10-01 11:05:18,202 [4dc49964-fbf6-40e6-8571-06acdd79f4d1@group-B0177E16FA4C:LeaderElection57] INFO  impl.RaftServerImpl (RaftServerImpl.java:setRole(174)) - 4dc49964-fbf6-40e6-8571-06acdd79f4d1@group-B0177E16FA4C: changes role from CANDIDATE to FOLLOWER at term 1 for DISCOVERED_A_NEW_TERM
2019-10-01 11:05:18,202 [4dc49964-fbf6-40e6-8571-06acdd79f4d1@group-B0177E16FA4C:LeaderElection57] INFO  impl.RoleInfo (RoleInfo.java:shutdownLeaderElection(134)) - 4dc49964-fbf6-40e6-8571-06acdd79f4d1: shutdown LeaderElection
2019-10-01 11:05:18,202 [a49ce009-7bbe-4dc3-8e8a-67ff17c33fdc@group-B0177E16FA4C:LeaderElection58] INFO  impl.LeaderElection (LeaderElection.java:logAndReturn(56)) - a49ce009-7bbe-4dc3-8e8a-67ff17c33fdc@group-B0177E16FA4C:LeaderElection58: Election PASSED; received 2 response(s) [a49ce009-7bbe-4dc3-8e8a-67ff17c33fdc<-4dc49964-fbf6-40e6-8571-06acdd79f4d1#0:FAIL-t1, a49ce009-7bbe-4dc3-8e8a-67ff17c33fdc<-294c00a8-ed7b-4480-8a86-47ae2c52968d#0:OK-t1] and 0 exception(s); a49ce009-7bbe-4dc3-8e8a-67ff17c33fdc@group-B0177E16FA4C:t1, leader=null, voted=a49ce009-7bbe-4dc3-8e8a-67ff17c33fdc, raftlog=a49ce009-7bbe-4dc3-8e8a-67ff17c33fdc@group-B0177E16FA4C-SegmentedRaftLog:OPENED:c-1,f-1,i0, conf=-1: [a49ce009-7bbe-4dc3-8e8a-67ff17c33fdc:192.168.151.80:39340, 4dc49964-fbf6-40e6-8571-06acdd79f4d1:192.168.151.80:40697, 294c00a8-ed7b-4480-8a86-47ae2c52968d:192.168.151.80:45512], old=null
2019-10-01 11:05:18,202 [4dc49964-fbf6-40e6-8571-06acdd79f4d1@group-B0177E16FA4C:LeaderElection57] INFO  impl.RoleInfo (RoleInfo.java:updateAndGet(143)) - 4dc49964-fbf6-40e6-8571-06acdd79f4d1: start FollowerState
2019-10-01 11:05:18,204 [a49ce009-7bbe-4dc3-8e8a-67ff17c33fdc@group-B0177E16FA4C:LeaderElection58] INFO  impl.RoleInfo (RoleInfo.java:shutdownLeaderElection(134)) - a49ce009-7bbe-4dc3-8e8a-67ff17c33fdc: shutdown LeaderElection
2019-10-01 11:05:18,206 [a49ce009-7bbe-4dc3-8e8a-67ff17c33fdc@group-B0177E16FA4C:LeaderElection58] INFO  impl.RaftServerImpl (RaftServerImpl.java:setRole(174)) - a49ce009-7bbe-4dc3-8e8a-67ff17c33fdc@group-B0177E16FA4C: changes role from CANDIDATE to LEADER at term 1 for changeToLeader
2019-10-01 11:05:18,206 [a49ce009-7bbe-4dc3-8e8a-67ff17c33fdc@group-B0177E16FA4C:LeaderElection58] INFO  impl.RaftServerImpl (ServerState.java:setLeader(253)) - a49ce009-7bbe-4dc3-8e8a-67ff17c33fdc@group-B0177E16FA4C: change Leader from null to a49ce009-7bbe-4dc3-8e8a-67ff17c33fdc at term 1 for becomeLeader, leader elected after 5211ms
2019-10-01 11:05:18,206 [a49ce009-7bbe-4dc3-8e8a-67ff17c33fdc@group-B0177E16FA4C:LeaderElection58] INFO  server.RaftServerConfigKeys (ConfUtils.java:logGet(43)) - raft.server.staging.catchup.gap = 1000 (default)
2019-10-01 11:05:18,206 [a49ce009-7bbe-4dc3-8e8a-67ff17c33fdc@group-B0177E16FA4C:LeaderElection58] INFO  server.RaftServerConfigKeys (ConfUtils.java:logGet(43)) - raft.server.rpc.sleep.time = 25ms (default)
2019-10-01 11:05:18,206 [a49ce009-7bbe-4dc3-8e8a-67ff17c33fdc@group-B0177E16FA4C:LeaderElection58] INFO  server.RaftServerConfigKeys (ConfUtils.java:logGet(43)) - raft.server.write.element-limit = 4096 (default)
2019-10-01 11:05:18,206 [a49ce009-7bbe-4dc3-8e8a-67ff17c33fdc@group-B0177E16FA4C:LeaderElection58] INFO  server.RaftServerConfigKeys (ConfUtils.java:logGet(43)) - raft.server.watch.timeout = 10s (default)
2019-10-01 11:05:18,206 [a49ce009-7bbe-4dc3-8e8a-67ff17c33fdc@group-B0177E16FA4C:LeaderElection58] INFO  server.RaftServerConfigKeys (ConfUtils.java:logGet(43)) - raft.server.watch.timeout.denomination = 1s (default)
2019-10-01 11:05:18,206 [a49ce009-7bbe-4dc3-8e8a-67ff17c33fdc@group-B0177E16FA4C:LeaderElection58] INFO  server.RaftServerConfigKeys (ConfUtils.java:logGet(43)) - raft.server.watch.element-limit = 65536 (default)
2019-10-01 11:05:18,207 [a49ce009-7bbe-4dc3-8e8a-67ff17c33fdc@group-B0177E16FA4C:LeaderElection58] INFO  server.RaftServerConfigKeys (ConfUtils.java:logGet(43)) - raft.server.log.appender.snapshot.chunk.size.max = 16MB (=16777216) (default)
2019-10-01 11:05:18,208 [a49ce009-7bbe-4dc3-8e8a-67ff17c33fdc@group-B0177E16FA4C:LeaderElection58] INFO  server.RaftServerConfigKeys (ConfUtils.java:logGet(43)) - raft.server.log.appender.buffer.byte-limit = 33554432 (custom)
2019-10-01 11:05:18,208 [a49ce009-7bbe-4dc3-8e8a-67ff17c33fdc@group-B0177E16FA4C:LeaderElection58] INFO  server.RaftServerConfigKeys (ConfUtils.java:logGet(43)) - raft.server.log.appender.buffer.element-limit = 1 (custom)
2019-10-01 11:05:18,208 [a49ce009-7bbe-4dc3-8e8a-67ff17c33fdc@group-B0177E16FA4C:LeaderElection58] INFO  grpc.GrpcConfigKeys$Server (ConfUtils.java:logGet(43)) - raft.grpc.server.leader.outstanding.appends.max = 128 (default)
2019-10-01 11:05:18,208 [a49ce009-7bbe-4dc3-8e8a-67ff17c33fdc@group-B0177E16FA4C:LeaderElection58] INFO  server.RaftServerConfigKeys (ConfUtils.java:logGet(43)) - raft.server.rpc.request.timeout = 3000ms (default)
2019-10-01 11:05:18,208 [a49ce009-7bbe-4dc3-8e8a-67ff17c33fdc@group-B0177E16FA4C:LeaderElection58] INFO  server.RaftServerConfigKeys (ConfUtils.java:logGet(43)) - raft.server.log.appender.install.snapshot.enabled = false (custom)
2019-10-01 11:05:18,208 [a49ce009-7bbe-4dc3-8e8a-67ff17c33fdc@group-B0177E16FA4C:LeaderElection58] INFO  server.RaftServerConfigKeys (ConfUtils.java:logGet(43)) - raft.server.log.appender.snapshot.chunk.size.max = 16MB (=16777216) (default)
2019-10-01 11:05:18,208 [a49ce009-7bbe-4dc3-8e8a-67ff17c33fdc@group-B0177E16FA4C:LeaderElection58] INFO  server.RaftServerConfigKeys (ConfUtils.java:logGet(43)) - raft.server.log.appender.buffer.byte-limit = 33554432 (custom)
2019-10-01 11:05:18,209 [a49ce009-7bbe-4dc3-8e8a-67ff17c33fdc@group-B0177E16FA4C:LeaderElection58] INFO  server.RaftServerConfigKeys (ConfUtils.java:logGet(43)) - raft.server.log.appender.buffer.element-limit = 1 (custom)
2019-10-01 11:05:18,209 [a49ce009-7bbe-4dc3-8e8a-67ff17c33fdc@group-B0177E16FA4C:LeaderElection58] INFO  grpc.GrpcConfigKeys$Server (ConfUtils.java:logGet(43)) - raft.grpc.server.leader.outstanding.appends.max = 128 (default)
2019-10-01 11:05:18,209 [a49ce009-7bbe-4dc3-8e8a-67ff17c33fdc@group-B0177E16FA4C:LeaderElection58] INFO  server.RaftServerConfigKeys (ConfUtils.java:logGet(43)) - raft.server.rpc.request.timeout = 3000ms (default)
2019-10-01 11:05:18,209 [a49ce009-7bbe-4dc3-8e8a-67ff17c33fdc@group-B0177E16FA4C:LeaderElection58] INFO  server.RaftServerConfigKeys (ConfUtils.java:logGet(43)) - raft.server.log.appender.install.snapshot.enabled = false (custom)
2019-10-01 11:05:18,209 [a49ce009-7bbe-4dc3-8e8a-67ff17c33fdc@group-B0177E16FA4C:LeaderElection58] INFO  impl.RoleInfo (RoleInfo.java:updateAndGet(143)) - a49ce009-7bbe-4dc3-8e8a-67ff17c33fdc: start LeaderState
2019-10-01 11:05:18,209 [a49ce009-7bbe-4dc3-8e8a-67ff17c33fdc@group-B0177E16FA4C:LeaderElection58] INFO  segmented.SegmentedRaftLogWorker (SegmentedRaftLogWorker.java:startLogSegment(380)) - a49ce009-7bbe-4dc3-8e8a-67ff17c33fdc@group-B0177E16FA4C-SegmentedRaftLogWorker: Starting segment from index:0
2019-10-01 11:05:18,210 [a49ce009-7bbe-4dc3-8e8a-67ff17c33fdc@group-B0177E16FA4C:LeaderElection58] INFO  impl.RaftServerImpl (ServerState.java:setRaftConf(354)) - a49ce009-7bbe-4dc3-8e8a-67ff17c33fdc@group-B0177E16FA4C: set configuration 0: [a49ce009-7bbe-4dc3-8e8a-67ff17c33fdc:192.168.151.80:39340, 4dc49964-fbf6-40e6-8571-06acdd79f4d1:192.168.151.80:40697, 294c00a8-ed7b-4480-8a86-47ae2c52968d:192.168.151.80:45512], old=null at 0
2019-10-01 11:05:18,248 [Thread-2920] INFO  impl.FollowerState (FollowerState.java:run(106)) - a0542a7b-209e-454b-9c7f-cabfc7f4e589:group-A60C9D49D917 changes to CANDIDATE, lastRpcTime:5093, electionTimeout:5085ms
2019-10-01 11:05:18,248 [Thread-2920] INFO  impl.RoleInfo (RoleInfo.java:shutdownFollowerState(121)) - a0542a7b-209e-454b-9c7f-cabfc7f4e589: shutdown FollowerState
2019-10-01 11:05:18,248 [Thread-2920] INFO  impl.RaftServerImpl (RaftServerImpl.java:setRole(174)) - a0542a7b-209e-454b-9c7f-cabfc7f4e589@group-A60C9D49D917: changes role from  FOLLOWER to CANDIDATE at term 0 for changeToCandidate
2019-10-01 11:05:18,248 [Thread-2920] INFO  impl.RoleInfo (RoleInfo.java:updateAndGet(143)) - a0542a7b-209e-454b-9c7f-cabfc7f4e589: start LeaderElection
2019-10-01 11:05:18,251 [a49ce009-7bbe-4dc3-8e8a-67ff17c33fdc@group-B0177E16FA4C-SegmentedRaftLogWorker] INFO  segmented.SegmentedRaftLogWorker (SegmentedRaftLogWorker.java:execute(569)) - a49ce009-7bbe-4dc3-8e8a-67ff17c33fdc@group-B0177E16FA4C-SegmentedRaftLogWorker: created new log segment /workdir/hadoop-ozone/integration-test/target/test-dir/MiniOzoneClusterImpl-2f0d656a-aa1e-467a-b42c-bab793932067/datanode-1/data/ratis/c1b66a1c-e67e-4da1-aed7-b0177e16fa4c/current/log_inprogress_0
2019-10-01 11:05:18,252 [grpc-default-executor-10] INFO  impl.RaftServerImpl (ServerState.java:setLeader(253)) - 294c00a8-ed7b-4480-8a86-47ae2c52968d@group-B0177E16FA4C: change Leader from null to a49ce009-7bbe-4dc3-8e8a-67ff17c33fdc at term 1 for appendEntries, leader elected after 5256ms
2019-10-01 11:05:18,255 [grpc-default-executor-8] INFO  impl.RaftServerImpl (ServerState.java:setLeader(253)) - 4dc49964-fbf6-40e6-8571-06acdd79f4d1@group-B0177E16FA4C: change Leader from null to a49ce009-7bbe-4dc3-8e8a-67ff17c33fdc at term 1 for appendEntries, leader elected after 5260ms
2019-10-01 11:05:18,258 [a0542a7b-209e-454b-9c7f-cabfc7f4e589@group-A60C9D49D917:LeaderElection59] INFO  impl.LeaderElection (LeaderElection.java:askForVotes(182)) - a0542a7b-209e-454b-9c7f-cabfc7f4e589@group-A60C9D49D917:LeaderElection59: begin an election at term 1 for -1: [a0542a7b-209e-454b-9c7f-cabfc7f4e589:192.168.151.80:33879], old=null
2019-10-01 11:05:18,258 [a0542a7b-209e-454b-9c7f-cabfc7f4e589@group-A60C9D49D917:LeaderElection59] INFO  impl.RoleInfo (RoleInfo.java:shutdownLeaderElection(134)) - a0542a7b-209e-454b-9c7f-cabfc7f4e589: shutdown LeaderElection
2019-10-01 11:05:18,258 [grpc-default-executor-8] INFO  impl.RaftServerImpl (ServerState.java:setRaftConf(354)) - 294c00a8-ed7b-4480-8a86-47ae2c52968d@group-B0177E16FA4C: set configuration 0: [a49ce009-7bbe-4dc3-8e8a-67ff17c33fdc:192.168.151.80:39340, 4dc49964-fbf6-40e6-8571-06acdd79f4d1:192.168.151.80:40697, 294c00a8-ed7b-4480-8a86-47ae2c52968d:192.168.151.80:45512], old=null at 0
2019-10-01 11:05:18,258 [grpc-default-executor-10] INFO  impl.RaftServerImpl (ServerState.java:setRaftConf(354)) - 4dc49964-fbf6-40e6-8571-06acdd79f4d1@group-B0177E16FA4C: set configuration 0: [a49ce009-7bbe-4dc3-8e8a-67ff17c33fdc:192.168.151.80:39340, 4dc49964-fbf6-40e6-8571-06acdd79f4d1:192.168.151.80:40697, 294c00a8-ed7b-4480-8a86-47ae2c52968d:192.168.151.80:45512], old=null at 0
2019-10-01 11:05:18,258 [a0542a7b-209e-454b-9c7f-cabfc7f4e589@group-A60C9D49D917:LeaderElection59] INFO  impl.RaftServerImpl (RaftServerImpl.java:setRole(174)) - a0542a7b-209e-454b-9c7f-cabfc7f4e589@group-A60C9D49D917: changes role from CANDIDATE to LEADER at term 1 for changeToLeader
2019-10-01 11:05:18,259 [grpc-default-executor-10] INFO  segmented.SegmentedRaftLogWorker (SegmentedRaftLogWorker.java:startLogSegment(380)) - 4dc49964-fbf6-40e6-8571-06acdd79f4d1@group-B0177E16FA4C-SegmentedRaftLogWorker: Starting segment from index:0
2019-10-01 11:05:18,258 [grpc-default-executor-8] INFO  segmented.SegmentedRaftLogWorker (SegmentedRaftLogWorker.java:startLogSegment(380)) - 294c00a8-ed7b-4480-8a86-47ae2c52968d@group-B0177E16FA4C-SegmentedRaftLogWorker: Starting segment from index:0
2019-10-01 11:05:18,259 [a0542a7b-209e-454b-9c7f-cabfc7f4e589@group-A60C9D49D917:LeaderElection59] INFO  impl.RaftServerImpl (ServerState.java:setLeader(253)) - a0542a7b-209e-454b-9c7f-cabfc7f4e589@group-A60C9D49D917: change Leader from null to a0542a7b-209e-454b-9c7f-cabfc7f4e589 at term 1 for becomeLeader, leader elected after 5111ms
2019-10-01 11:05:18,259 [a0542a7b-209e-454b-9c7f-cabfc7f4e589@group-A60C9D49D917:LeaderElection59] INFO  server.RaftServerConfigKeys (ConfUtils.java:logGet(43)) - raft.server.staging.catchup.gap = 1000 (default)
2019-10-01 11:05:18,259 [a0542a7b-209e-454b-9c7f-cabfc7f4e589@group-A60C9D49D917:LeaderElection59] INFO  server.RaftServerConfigKeys (ConfUtils.java:logGet(43)) - raft.server.rpc.sleep.time = 25ms (default)
2019-10-01 11:05:18,260 [a0542a7b-209e-454b-9c7f-cabfc7f4e589@group-A60C9D49D917:LeaderElection59] INFO  server.RaftServerConfigKeys (ConfUtils.java:logGet(43)) - raft.server.write.element-limit = 4096 (default)
2019-10-01 11:05:18,260 [a0542a7b-209e-454b-9c7f-cabfc7f4e589@group-A60C9D49D917:LeaderElection59] INFO  server.RaftServerConfigKeys (ConfUtils.java:logGet(43)) - raft.server.watch.timeout = 10s (default)
2019-10-01 11:05:18,260 [a0542a7b-209e-454b-9c7f-cabfc7f4e589@group-A60C9D49D917:LeaderElection59] INFO  server.RaftServerConfigKeys (ConfUtils.java:logGet(43)) - raft.server.watch.timeout.denomination = 1s (default)
2019-10-01 11:05:18,260 [a0542a7b-209e-454b-9c7f-cabfc7f4e589@group-A60C9D49D917:LeaderElection59] INFO  server.RaftServerConfigKeys (ConfUtils.java:logGet(43)) - raft.server.watch.element-limit = 65536 (default)
2019-10-01 11:05:18,260 [Thread-2917] INFO  impl.FollowerState (FollowerState.java:run(106)) - 1196e49d-1b59-42ef-aa7f-1f5da4b257dd:group-89283EFA4342 changes to CANDIDATE, lastRpcTime:5162, electionTimeout:5162ms
2019-10-01 11:05:18,261 [Thread-2917] INFO  impl.RoleInfo (RoleInfo.java:shutdownFollowerState(121)) - 1196e49d-1b59-42ef-aa7f-1f5da4b257dd: shutdown FollowerState
2019-10-01 11:05:18,261 [Thread-2917] INFO  impl.RaftServerImpl (RaftServerImpl.java:setRole(174)) - 1196e49d-1b59-42ef-aa7f-1f5da4b257dd@group-89283EFA4342: changes role from  FOLLOWER to CANDIDATE at term 0 for changeToCandidate
2019-10-01 11:05:18,261 [Thread-2917] INFO  impl.RoleInfo (RoleInfo.java:updateAndGet(143)) - 1196e49d-1b59-42ef-aa7f-1f5da4b257dd: start LeaderElection
2019-10-01 11:05:18,299 [a0542a7b-209e-454b-9c7f-cabfc7f4e589@group-A60C9D49D917:LeaderElection59] INFO  impl.RoleInfo (RoleInfo.java:updateAndGet(143)) - a0542a7b-209e-454b-9c7f-cabfc7f4e589: start LeaderState
2019-10-01 11:05:18,299 [a0542a7b-209e-454b-9c7f-cabfc7f4e589@group-A60C9D49D917:LeaderElection59] INFO  segmented.SegmentedRaftLogWorker (SegmentedRaftLogWorker.java:startLogSegment(380)) - a0542a7b-209e-454b-9c7f-cabfc7f4e589@group-A60C9D49D917-SegmentedRaftLogWorker: Starting segment from index:0
2019-10-01 11:05:18,299 [a0542a7b-209e-454b-9c7f-cabfc7f4e589@group-A60C9D49D917:LeaderElection59] INFO  impl.RaftServerImpl (ServerState.java:setRaftConf(354)) - a0542a7b-209e-454b-9c7f-cabfc7f4e589@group-A60C9D49D917: set configuration 0: [a0542a7b-209e-454b-9c7f-cabfc7f4e589:192.168.151.80:33879], old=null at 0
2019-10-01 11:05:18,336 [Thread-2925] INFO  impl.FollowerState (FollowerState.java:run(106)) - f765dc21-b071-4575-9ea9-6094ab6876f1:group-28B111F6EEEA changes to CANDIDATE, lastRpcTime:5117, electionTimeout:5089ms
2019-10-01 11:05:18,336 [4dc49964-fbf6-40e6-8571-06acdd79f4d1@group-B0177E16FA4C-SegmentedRaftLogWorker] INFO  segmented.SegmentedRaftLogWorker (SegmentedRaftLogWorker.java:execute(569)) - 4dc49964-fbf6-40e6-8571-06acdd79f4d1@group-B0177E16FA4C-SegmentedRaftLogWorker: created new log segment /workdir/hadoop-ozone/integration-test/target/test-dir/MiniOzoneClusterImpl-2f0d656a-aa1e-467a-b42c-bab793932067/datanode-0/data/ratis/c1b66a1c-e67e-4da1-aed7-b0177e16fa4c/current/log_inprogress_0
2019-10-01 11:05:18,336 [1196e49d-1b59-42ef-aa7f-1f5da4b257dd@group-89283EFA4342:LeaderElection60] INFO  impl.LeaderElection (LeaderElection.java:askForVotes(182)) - 1196e49d-1b59-42ef-aa7f-1f5da4b257dd@group-89283EFA4342:LeaderElection60: begin an election at term 1 for -1: [1196e49d-1b59-42ef-aa7f-1f5da4b257dd:192.168.151.80:36888], old=null
2019-10-01 11:05:18,337 [Thread-2925] INFO  impl.RoleInfo (RoleInfo.java:shutdownFollowerState(121)) - f765dc21-b071-4575-9ea9-6094ab6876f1: shutdown FollowerState
2019-10-01 11:05:18,336 [294c00a8-ed7b-4480-8a86-47ae2c52968d@group-B0177E16FA4C-SegmentedRaftLogWorker] INFO  segmented.SegmentedRaftLogWorker (SegmentedRaftLogWorker.java:execute(569)) - 294c00a8-ed7b-4480-8a86-47ae2c52968d@group-B0177E16FA4C-SegmentedRaftLogWorker: created new log segment /workdir/hadoop-ozone/integration-test/target/test-dir/MiniOzoneClusterImpl-2f0d656a-aa1e-467a-b42c-bab793932067/datanode-2/data/ratis/c1b66a1c-e67e-4da1-aed7-b0177e16fa4c/current/log_inprogress_0
2019-10-01 11:05:18,337 [Thread-2925] INFO  impl.RaftServerImpl (RaftServerImpl.java:setRole(174)) - f765dc21-b071-4575-9ea9-6094ab6876f1@group-28B111F6EEEA: changes role from  FOLLOWER to CANDIDATE at term 0 for changeToCandidate
2019-10-01 11:05:18,337 [1196e49d-1b59-42ef-aa7f-1f5da4b257dd@group-89283EFA4342:LeaderElection60] INFO  impl.RoleInfo (RoleInfo.java:shutdownLeaderElection(134)) - 1196e49d-1b59-42ef-aa7f-1f5da4b257dd: shutdown LeaderElection
2019-10-01 11:05:18,337 [Thread-2925] INFO  impl.RoleInfo (RoleInfo.java:updateAndGet(143)) - f765dc21-b071-4575-9ea9-6094ab6876f1: start LeaderElection
2019-10-01 11:05:18,337 [1196e49d-1b59-42ef-aa7f-1f5da4b257dd@group-89283EFA4342:LeaderElection60] INFO  impl.RaftServerImpl (RaftServerImpl.java:setRole(174)) - 1196e49d-1b59-42ef-aa7f-1f5da4b257dd@group-89283EFA4342: changes role from CANDIDATE to LEADER at term 1 for changeToLeader
2019-10-01 11:05:18,337 [1196e49d-1b59-42ef-aa7f-1f5da4b257dd@group-89283EFA4342:LeaderElection60] INFO  impl.RaftServerImpl (ServerState.java:setLeader(253)) - 1196e49d-1b59-42ef-aa7f-1f5da4b257dd@group-89283EFA4342: change Leader from null to 1196e49d-1b59-42ef-aa7f-1f5da4b257dd at term 1 for becomeLeader, leader elected after 5245ms
2019-10-01 11:05:18,340 [a0542a7b-209e-454b-9c7f-cabfc7f4e589@group-A60C9D49D917-SegmentedRaftLogWorker] INFO  segmented.SegmentedRaftLogWorker (SegmentedRaftLogWorker.java:execute(569)) - a0542a7b-209e-454b-9c7f-cabfc7f4e589@group-A60C9D49D917-SegmentedRaftLogWorker: created new log segment /workdir/hadoop-ozone/integration-test/target/test-dir/MiniOzoneClusterImpl-2f0d656a-aa1e-467a-b42c-bab793932067/datanode-4/data/ratis/6fb4d7d0-06d6-4627-975b-a60c9d49d917/current/log_inprogress_0
2019-10-01 11:05:18,344 [1196e49d-1b59-42ef-aa7f-1f5da4b257dd@group-89283EFA4342:LeaderElection60] INFO  server.RaftServerConfigKeys (ConfUtils.java:logGet(43)) - raft.server.staging.catchup.gap = 1000 (default)
2019-10-01 11:05:18,344 [1196e49d-1b59-42ef-aa7f-1f5da4b257dd@group-89283EFA4342:LeaderElection60] INFO  server.RaftServerConfigKeys (ConfUtils.java:logGet(43)) - raft.server.rpc.sleep.time = 25ms (default)
2019-10-01 11:05:18,344 [1196e49d-1b59-42ef-aa7f-1f5da4b257dd@group-89283EFA4342:LeaderElection60] INFO  server.RaftServerConfigKeys (ConfUtils.java:logGet(43)) - raft.server.write.element-limit = 4096 (default)
2019-10-01 11:05:18,344 [1196e49d-1b59-42ef-aa7f-1f5da4b257dd@group-89283EFA4342:LeaderElection60] INFO  server.RaftServerConfigKeys (ConfUtils.java:logGet(43)) - raft.server.watch.timeout = 10s (default)
2019-10-01 11:05:18,345 [1196e49d-1b59-42ef-aa7f-1f5da4b257dd@group-89283EFA4342:LeaderElection60] INFO  server.RaftServerConfigKeys (ConfUtils.java:logGet(43)) - raft.server.watch.timeout.denomination = 1s (default)
2019-10-01 11:05:18,345 [1196e49d-1b59-42ef-aa7f-1f5da4b257dd@group-89283EFA4342:LeaderElection60] INFO  server.RaftServerConfigKeys (ConfUtils.java:logGet(43)) - raft.server.watch.element-limit = 65536 (default)
2019-10-01 11:05:18,347 [1196e49d-1b59-42ef-aa7f-1f5da4b257dd@group-89283EFA4342:LeaderElection60] INFO  impl.RoleInfo (RoleInfo.java:updateAndGet(143)) - 1196e49d-1b59-42ef-aa7f-1f5da4b257dd: start LeaderState
2019-10-01 11:05:18,348 [1196e49d-1b59-42ef-aa7f-1f5da4b257dd@group-89283EFA4342:LeaderElection60] INFO  segmented.SegmentedRaftLogWorker (SegmentedRaftLogWorker.java:startLogSegment(380)) - 1196e49d-1b59-42ef-aa7f-1f5da4b257dd@group-89283EFA4342-SegmentedRaftLogWorker: Starting segment from index:0
2019-10-01 11:05:18,348 [1196e49d-1b59-42ef-aa7f-1f5da4b257dd@group-89283EFA4342:LeaderElection60] INFO  impl.RaftServerImpl (ServerState.java:setRaftConf(354)) - 1196e49d-1b59-42ef-aa7f-1f5da4b257dd@group-89283EFA4342: set configuration 0: [1196e49d-1b59-42ef-aa7f-1f5da4b257dd:192.168.151.80:36888], old=null at 0
2019-10-01 11:05:18,388 [f765dc21-b071-4575-9ea9-6094ab6876f1@group-28B111F6EEEA:LeaderElection61] INFO  impl.LeaderElection (LeaderElection.java:askForVotes(182)) - f765dc21-b071-4575-9ea9-6094ab6876f1@group-28B111F6EEEA:LeaderElection61: begin an election at term 1 for -1: [f765dc21-b071-4575-9ea9-6094ab6876f1:192.168.151.80:46476], old=null
2019-10-01 11:05:18,389 [f765dc21-b071-4575-9ea9-6094ab6876f1@group-28B111F6EEEA:LeaderElection61] INFO  impl.RoleInfo (RoleInfo.java:shutdownLeaderElection(134)) - f765dc21-b071-4575-9ea9-6094ab6876f1: shutdown LeaderElection
2019-10-01 11:05:18,389 [f765dc21-b071-4575-9ea9-6094ab6876f1@group-28B111F6EEEA:LeaderElection61] INFO  impl.RaftServerImpl (RaftServerImpl.java:setRole(174)) - f765dc21-b071-4575-9ea9-6094ab6876f1@group-28B111F6EEEA: changes role from CANDIDATE to LEADER at term 1 for changeToLeader
2019-10-01 11:05:18,389 [f765dc21-b071-4575-9ea9-6094ab6876f1@group-28B111F6EEEA:LeaderElection61] INFO  impl.RaftServerImpl (ServerState.java:setLeader(253)) - f765dc21-b071-4575-9ea9-6094ab6876f1@group-28B111F6EEEA: change Leader from null to f765dc21-b071-4575-9ea9-6094ab6876f1 at term 1 for becomeLeader, leader elected after 5179ms
2019-10-01 11:05:18,389 [f765dc21-b071-4575-9ea9-6094ab6876f1@group-28B111F6EEEA:LeaderElection61] INFO  server.RaftServerConfigKeys (ConfUtils.java:logGet(43)) - raft.server.staging.catchup.gap = 1000 (default)
2019-10-01 11:05:18,389 [f765dc21-b071-4575-9ea9-6094ab6876f1@group-28B111F6EEEA:LeaderElection61] INFO  server.RaftServerConfigKeys (ConfUtils.java:logGet(43)) - raft.server.rpc.sleep.time = 25ms (default)
2019-10-01 11:05:18,389 [f765dc21-b071-4575-9ea9-6094ab6876f1@group-28B111F6EEEA:LeaderElection61] INFO  server.RaftServerConfigKeys (ConfUtils.java:logGet(43)) - raft.server.write.element-limit = 4096 (default)
2019-10-01 11:05:18,390 [f765dc21-b071-4575-9ea9-6094ab6876f1@group-28B111F6EEEA:LeaderElection61] INFO  server.RaftServerConfigKeys (ConfUtils.java:logGet(43)) - raft.server.watch.timeout = 10s (default)
2019-10-01 11:05:18,390 [f765dc21-b071-4575-9ea9-6094ab6876f1@group-28B111F6EEEA:LeaderElection61] INFO  server.RaftServerConfigKeys (ConfUtils.java:logGet(43)) - raft.server.watch.timeout.denomination = 1s (default)
2019-10-01 11:05:18,390 [f765dc21-b071-4575-9ea9-6094ab6876f1@group-28B111F6EEEA:LeaderElection61] INFO  server.RaftServerConfigKeys (ConfUtils.java:logGet(43)) - raft.server.watch.element-limit = 65536 (default)
2019-10-01 11:05:18,392 [f765dc21-b071-4575-9ea9-6094ab6876f1@group-28B111F6EEEA:LeaderElection61] INFO  impl.RoleInfo (RoleInfo.java:updateAndGet(143)) - f765dc21-b071-4575-9ea9-6094ab6876f1: start LeaderState
2019-10-01 11:05:18,393 [f765dc21-b071-4575-9ea9-6094ab6876f1@group-28B111F6EEEA:LeaderElection61] INFO  segmented.SegmentedRaftLogWorker (SegmentedRaftLogWorker.java:startLogSegment(380)) - f765dc21-b071-4575-9ea9-6094ab6876f1@group-28B111F6EEEA-SegmentedRaftLogWorker: Starting segment from index:0
2019-10-01 11:05:18,393 [f765dc21-b071-4575-9ea9-6094ab6876f1@group-28B111F6EEEA:LeaderElection61] INFO  impl.RaftServerImpl (ServerState.java:setRaftConf(354)) - f765dc21-b071-4575-9ea9-6094ab6876f1@group-28B111F6EEEA: set configuration 0: [f765dc21-b071-4575-9ea9-6094ab6876f1:192.168.151.80:46476], old=null at 0
2019-10-01 11:05:18,432 [1196e49d-1b59-42ef-aa7f-1f5da4b257dd@group-89283EFA4342-SegmentedRaftLogWorker] INFO  segmented.SegmentedRaftLogWorker (SegmentedRaftLogWorker.java:execute(569)) - 1196e49d-1b59-42ef-aa7f-1f5da4b257dd@group-89283EFA4342-SegmentedRaftLogWorker: created new log segment /workdir/hadoop-ozone/integration-test/target/test-dir/MiniOzoneClusterImpl-2f0d656a-aa1e-467a-b42c-bab793932067/datanode-3/data/ratis/23338210-c649-4477-bbca-89283efa4342/current/log_inprogress_0
2019-10-01 11:05:18,432 [Thread-2928] INFO  impl.FollowerState (FollowerState.java:run(106)) - 448e545b-1036-46b2-9b2f-ff3b074b5e34:group-F6FE02260B96 changes to CANDIDATE, lastRpcTime:5139, electionTimeout:5104ms
2019-10-01 11:05:18,432 [Thread-2928] INFO  impl.RoleInfo (RoleInfo.java:shutdownFollowerState(121)) - 448e545b-1036-46b2-9b2f-ff3b074b5e34: shutdown FollowerState
2019-10-01 11:05:18,432 [Thread-2928] INFO  impl.RaftServerImpl (RaftServerImpl.java:setRole(174)) - 448e545b-1036-46b2-9b2f-ff3b074b5e34@group-F6FE02260B96: changes role from  FOLLOWER to CANDIDATE at term 0 for changeToCandidate
2019-10-01 11:05:18,433 [Thread-2928] INFO  impl.RoleInfo (RoleInfo.java:updateAndGet(143)) - 448e545b-1036-46b2-9b2f-ff3b074b5e34: start LeaderElection
2019-10-01 11:05:18,448 [f765dc21-b071-4575-9ea9-6094ab6876f1@group-28B111F6EEEA-SegmentedRaftLogWorker] INFO  segmented.SegmentedRaftLogWorker (SegmentedRaftLogWorker.java:execute(569)) - f765dc21-b071-4575-9ea9-6094ab6876f1@group-28B111F6EEEA-SegmentedRaftLogWorker: created new log segment /workdir/hadoop-ozone/integration-test/target/test-dir/MiniOzoneClusterImpl-2f0d656a-aa1e-467a-b42c-bab793932067/datanode-5/data/ratis/78a3b5a2-bb8d-4094-8590-28b111f6eeea/current/log_inprogress_0
2019-10-01 11:05:18,448 [448e545b-1036-46b2-9b2f-ff3b074b5e34@group-F6FE02260B96:LeaderElection62] INFO  impl.LeaderElection (LeaderElection.java:askForVotes(182)) - 448e545b-1036-46b2-9b2f-ff3b074b5e34@group-F6FE02260B96:LeaderElection62: begin an election at term 1 for -1: [448e545b-1036-46b2-9b2f-ff3b074b5e34:192.168.151.80:41974], old=null
2019-10-01 11:05:18,448 [448e545b-1036-46b2-9b2f-ff3b074b5e34@group-F6FE02260B96:LeaderElection62] INFO  impl.RoleInfo (RoleInfo.java:shutdownLeaderElection(134)) - 448e545b-1036-46b2-9b2f-ff3b074b5e34: shutdown LeaderElection
2019-10-01 11:05:18,448 [448e545b-1036-46b2-9b2f-ff3b074b5e34@group-F6FE02260B96:LeaderElection62] INFO  impl.RaftServerImpl (RaftServerImpl.java:setRole(174)) - 448e545b-1036-46b2-9b2f-ff3b074b5e34@group-F6FE02260B96: changes role from CANDIDATE to LEADER at term 1 for changeToLeader
2019-10-01 11:05:18,449 [448e545b-1036-46b2-9b2f-ff3b074b5e34@group-F6FE02260B96:LeaderElection62] INFO  impl.RaftServerImpl (ServerState.java:setLeader(253)) - 448e545b-1036-46b2-9b2f-ff3b074b5e34@group-F6FE02260B96: change Leader from null to 448e545b-1036-46b2-9b2f-ff3b074b5e34 at term 1 for becomeLeader, leader elected after 5162ms
2019-10-01 11:05:18,449 [448e545b-1036-46b2-9b2f-ff3b074b5e34@group-F6FE02260B96:LeaderElection62] INFO  server.RaftServerConfigKeys (ConfUtils.java:logGet(43)) - raft.server.staging.catchup.gap = 1000 (default)
2019-10-01 11:05:18,449 [448e545b-1036-46b2-9b2f-ff3b074b5e34@group-F6FE02260B96:LeaderElection62] INFO  server.RaftServerConfigKeys (ConfUtils.java:logGet(43)) - raft.server.rpc.sleep.time = 25ms (default)
2019-10-01 11:05:18,449 [448e545b-1036-46b2-9b2f-ff3b074b5e34@group-F6FE02260B96:LeaderElection62] INFO  server.RaftServerConfigKeys (ConfUtils.java:logGet(43)) - raft.server.write.element-limit = 4096 (default)
2019-10-01 11:05:18,449 [448e545b-1036-46b2-9b2f-ff3b074b5e34@group-F6FE02260B96:LeaderElection62] INFO  server.RaftServerConfigKeys (ConfUtils.java:logGet(43)) - raft.server.watch.timeout = 10s (default)
2019-10-01 11:05:18,449 [448e545b-1036-46b2-9b2f-ff3b074b5e34@group-F6FE02260B96:LeaderElection62] INFO  server.RaftServerConfigKeys (ConfUtils.java:logGet(43)) - raft.server.watch.timeout.denomination = 1s (default)
2019-10-01 11:05:18,450 [448e545b-1036-46b2-9b2f-ff3b074b5e34@group-F6FE02260B96:LeaderElection62] INFO  server.RaftServerConfigKeys (ConfUtils.java:logGet(43)) - raft.server.watch.element-limit = 65536 (default)
2019-10-01 11:05:18,452 [448e545b-1036-46b2-9b2f-ff3b074b5e34@group-F6FE02260B96:LeaderElection62] INFO  impl.RoleInfo (RoleInfo.java:updateAndGet(143)) - 448e545b-1036-46b2-9b2f-ff3b074b5e34: start LeaderState
2019-10-01 11:05:18,452 [448e545b-1036-46b2-9b2f-ff3b074b5e34@group-F6FE02260B96:LeaderElection62] INFO  segmented.SegmentedRaftLogWorker (SegmentedRaftLogWorker.java:startLogSegment(380)) - 448e545b-1036-46b2-9b2f-ff3b074b5e34@group-F6FE02260B96-SegmentedRaftLogWorker: Starting segment from index:0
2019-10-01 11:05:18,453 [448e545b-1036-46b2-9b2f-ff3b074b5e34@group-F6FE02260B96:LeaderElection62] INFO  impl.RaftServerImpl (ServerState.java:setRaftConf(354)) - 448e545b-1036-46b2-9b2f-ff3b074b5e34@group-F6FE02260B96: set configuration 0: [448e545b-1036-46b2-9b2f-ff3b074b5e34:192.168.151.80:41974], old=null at 0
2019-10-01 11:05:18,492 [Thread-2934] INFO  impl.FollowerState (FollowerState.java:run(106)) - 1196e49d-1b59-42ef-aa7f-1f5da4b257dd:group-C42412B5D746 changes to CANDIDATE, lastRpcTime:5140, electionTimeout:5116ms
2019-10-01 11:05:18,492 [Thread-2934] INFO  impl.RoleInfo (RoleInfo.java:shutdownFollowerState(121)) - 1196e49d-1b59-42ef-aa7f-1f5da4b257dd: shutdown FollowerState
2019-10-01 11:05:18,493 [Thread-2934] INFO  impl.RaftServerImpl (RaftServerImpl.java:setRole(174)) - 1196e49d-1b59-42ef-aa7f-1f5da4b257dd@group-C42412B5D746: changes role from  FOLLOWER to CANDIDATE at term 0 for changeToCandidate
2019-10-01 11:05:18,493 [Thread-2934] INFO  impl.RoleInfo (RoleInfo.java:updateAndGet(143)) - 1196e49d-1b59-42ef-aa7f-1f5da4b257dd: start LeaderElection
2019-10-01 11:05:18,506 [448e545b-1036-46b2-9b2f-ff3b074b5e34@group-F6FE02260B96-SegmentedRaftLogWorker] INFO  segmented.SegmentedRaftLogWorker (SegmentedRaftLogWorker.java:execute(569)) - 448e545b-1036-46b2-9b2f-ff3b074b5e34@group-F6FE02260B96-SegmentedRaftLogWorker: created new log segment /workdir/hadoop-ozone/integration-test/target/test-dir/MiniOzoneClusterImpl-2f0d656a-aa1e-467a-b42c-bab793932067/datanode-6/data/ratis/a33da163-9e82-4407-9e31-f6fe02260b96/current/log_inprogress_0
2019-10-01 11:05:18,506 [1196e49d-1b59-42ef-aa7f-1f5da4b257dd@group-C42412B5D746:LeaderElection63] INFO  impl.LeaderElection (LeaderElection.java:askForVotes(182)) - 1196e49d-1b59-42ef-aa7f-1f5da4b257dd@group-C42412B5D746:LeaderElection63: begin an election at term 1 for -1: [1196e49d-1b59-42ef-aa7f-1f5da4b257dd:192.168.151.80:36888, f765dc21-b071-4575-9ea9-6094ab6876f1:192.168.151.80:46476, a0542a7b-209e-454b-9c7f-cabfc7f4e589:192.168.151.80:33879], old=null
2019-10-01 11:05:18,511 [grpc-default-executor-8] INFO  impl.RaftServerImpl (RaftServerImpl.java:setRole(174)) - f765dc21-b071-4575-9ea9-6094ab6876f1@group-C42412B5D746: changes role from  FOLLOWER to FOLLOWER at term 1 for recognizeCandidate:1196e49d-1b59-42ef-aa7f-1f5da4b257dd
2019-10-01 11:05:18,511 [grpc-default-executor-10] INFO  impl.RaftServerImpl (RaftServerImpl.java:setRole(174)) - a0542a7b-209e-454b-9c7f-cabfc7f4e589@group-C42412B5D746: changes role from  FOLLOWER to FOLLOWER at term 1 for recognizeCandidate:1196e49d-1b59-42ef-aa7f-1f5da4b257dd
2019-10-01 11:05:18,511 [grpc-default-executor-8] INFO  impl.RoleInfo (RoleInfo.java:shutdownFollowerState(121)) - f765dc21-b071-4575-9ea9-6094ab6876f1: shutdown FollowerState
2019-10-01 11:05:18,512 [grpc-default-executor-10] INFO  impl.RoleInfo (RoleInfo.java:shutdownFollowerState(121)) - a0542a7b-209e-454b-9c7f-cabfc7f4e589: shutdown FollowerState
2019-10-01 11:05:18,512 [grpc-default-executor-8] INFO  impl.RoleInfo (RoleInfo.java:updateAndGet(143)) - f765dc21-b071-4575-9ea9-6094ab6876f1: start FollowerState
2019-10-01 11:05:18,512 [Thread-2932] INFO  impl.FollowerState (FollowerState.java:run(115)) - f765dc21-b071-4575-9ea9-6094ab6876f1: FollowerState was interrupted: java.lang.InterruptedException: sleep interrupted
2019-10-01 11:05:18,512 [grpc-default-executor-10] INFO  impl.RoleInfo (RoleInfo.java:updateAndGet(143)) - a0542a7b-209e-454b-9c7f-cabfc7f4e589: start FollowerState
2019-10-01 11:05:18,512 [Thread-2937] INFO  impl.FollowerState (FollowerState.java:run(115)) - a0542a7b-209e-454b-9c7f-cabfc7f4e589: FollowerState was interrupted: java.lang.InterruptedException: sleep interrupted
2019-10-01 11:05:18,525 [1196e49d-1b59-42ef-aa7f-1f5da4b257dd@group-C42412B5D746:LeaderElection63] INFO  impl.LeaderElection (LeaderElection.java:logAndReturn(56)) - 1196e49d-1b59-42ef-aa7f-1f5da4b257dd@group-C42412B5D746:LeaderElection63: Election PASSED; received 1 response(s) [1196e49d-1b59-42ef-aa7f-1f5da4b257dd<-a0542a7b-209e-454b-9c7f-cabfc7f4e589#0:OK-t1] and 0 exception(s); 1196e49d-1b59-42ef-aa7f-1f5da4b257dd@group-C42412B5D746:t1, leader=null, voted=1196e49d-1b59-42ef-aa7f-1f5da4b257dd, raftlog=1196e49d-1b59-42ef-aa7f-1f5da4b257dd@group-C42412B5D746-SegmentedRaftLog:OPENED:c-1,f-1,i0, conf=-1: [1196e49d-1b59-42ef-aa7f-1f5da4b257dd:192.168.151.80:36888, f765dc21-b071-4575-9ea9-6094ab6876f1:192.168.151.80:46476, a0542a7b-209e-454b-9c7f-cabfc7f4e589:192.168.151.80:33879], old=null
2019-10-01 11:05:18,525 [1196e49d-1b59-42ef-aa7f-1f5da4b257dd@group-C42412B5D746:LeaderElection63] INFO  impl.RoleInfo (RoleInfo.java:shutdownLeaderElection(134)) - 1196e49d-1b59-42ef-aa7f-1f5da4b257dd: shutdown LeaderElection
2019-10-01 11:05:18,526 [1196e49d-1b59-42ef-aa7f-1f5da4b257dd@group-C42412B5D746:LeaderElection63] INFO  impl.RaftServerImpl (RaftServerImpl.java:setRole(174)) - 1196e49d-1b59-42ef-aa7f-1f5da4b257dd@group-C42412B5D746: changes role from CANDIDATE to LEADER at term 1 for changeToLeader
2019-10-01 11:05:18,526 [1196e49d-1b59-42ef-aa7f-1f5da4b257dd@group-C42412B5D746:LeaderElection63] INFO  impl.RaftServerImpl (ServerState.java:setLeader(253)) - 1196e49d-1b59-42ef-aa7f-1f5da4b257dd@group-C42412B5D746: change Leader from null to 1196e49d-1b59-42ef-aa7f-1f5da4b257dd at term 1 for becomeLeader, leader elected after 5187ms
2019-10-01 11:05:18,526 [1196e49d-1b59-42ef-aa7f-1f5da4b257dd@group-C42412B5D746:LeaderElection63] INFO  server.RaftServerConfigKeys (ConfUtils.java:logGet(43)) - raft.server.staging.catchup.gap = 1000 (default)
2019-10-01 11:05:18,526 [1196e49d-1b59-42ef-aa7f-1f5da4b257dd@group-C42412B5D746:LeaderElection63] INFO  server.RaftServerConfigKeys (ConfUtils.java:logGet(43)) - raft.server.rpc.sleep.time = 25ms (default)
2019-10-01 11:05:18,527 [1196e49d-1b59-42ef-aa7f-1f5da4b257dd@group-C42412B5D746:LeaderElection63] INFO  server.RaftServerConfigKeys (ConfUtils.java:logGet(43)) - raft.server.write.element-limit = 4096 (default)
2019-10-01 11:05:18,527 [1196e49d-1b59-42ef-aa7f-1f5da4b257dd@group-C42412B5D746:LeaderElection63] INFO  server.RaftServerConfigKeys (ConfUtils.java:logGet(43)) - raft.server.watch.timeout = 10s (default)
2019-10-01 11:05:18,527 [1196e49d-1b59-42ef-aa7f-1f5da4b257dd@group-C42412B5D746:LeaderElection63] INFO  server.RaftServerConfigKeys (ConfUtils.java:logGet(43)) - raft.server.watch.timeout.denomination = 1s (default)
2019-10-01 11:05:18,527 [1196e49d-1b59-42ef-aa7f-1f5da4b257dd@group-C42412B5D746:LeaderElection63] INFO  server.RaftServerConfigKeys (ConfUtils.java:logGet(43)) - raft.server.watch.element-limit = 65536 (default)
2019-10-01 11:05:18,529 [1196e49d-1b59-42ef-aa7f-1f5da4b257dd@group-C42412B5D746:LeaderElection63] INFO  server.RaftServerConfigKeys (ConfUtils.java:logGet(43)) - raft.server.log.appender.snapshot.chunk.size.max = 16MB (=16777216) (default)
2019-10-01 11:05:18,529 [1196e49d-1b59-42ef-aa7f-1f5da4b257dd@group-C42412B5D746:LeaderElection63] INFO  server.RaftServerConfigKeys (ConfUtils.java:logGet(43)) - raft.server.log.appender.buffer.byte-limit = 33554432 (custom)
2019-10-01 11:05:18,530 [1196e49d-1b59-42ef-aa7f-1f5da4b257dd@group-C42412B5D746:LeaderElection63] INFO  server.RaftServerConfigKeys (ConfUtils.java:logGet(43)) - raft.server.log.appender.buffer.element-limit = 1 (custom)
2019-10-01 11:05:18,530 [1196e49d-1b59-42ef-aa7f-1f5da4b257dd@group-C42412B5D746:LeaderElection63] INFO  grpc.GrpcConfigKeys$Server (ConfUtils.java:logGet(43)) - raft.grpc.server.leader.outstanding.appends.max = 128 (default)
2019-10-01 11:05:18,530 [1196e49d-1b59-42ef-aa7f-1f5da4b257dd@group-C42412B5D746:LeaderElection63] INFO  server.RaftServerConfigKeys (ConfUtils.java:logGet(43)) - raft.server.rpc.request.timeout = 3000ms (default)
2019-10-01 11:05:18,530 [1196e49d-1b59-42ef-aa7f-1f5da4b257dd@group-C42412B5D746:LeaderElection63] INFO  server.RaftServerConfigKeys (ConfUtils.java:logGet(43)) - raft.server.log.appender.install.snapshot.enabled = false (custom)
2019-10-01 11:05:18,531 [1196e49d-1b59-42ef-aa7f-1f5da4b257dd@group-C42412B5D746:LeaderElection63] INFO  server.RaftServerConfigKeys (ConfUtils.java:logGet(43)) - raft.server.log.appender.snapshot.chunk.size.max = 16MB (=16777216) (default)
2019-10-01 11:05:18,531 [1196e49d-1b59-42ef-aa7f-1f5da4b257dd@group-C42412B5D746:LeaderElection63] INFO  server.RaftServerConfigKeys (ConfUtils.java:logGet(43)) - raft.server.log.appender.buffer.byte-limit = 33554432 (custom)
2019-10-01 11:05:18,531 [1196e49d-1b59-42ef-aa7f-1f5da4b257dd@group-C42412B5D746:LeaderElection63] INFO  server.RaftServerConfigKeys (ConfUtils.java:logGet(43)) - raft.server.log.appender.buffer.element-limit = 1 (custom)
2019-10-01 11:05:18,531 [1196e49d-1b59-42ef-aa7f-1f5da4b257dd@group-C42412B5D746:LeaderElection63] INFO  grpc.GrpcConfigKeys$Server (ConfUtils.java:logGet(43)) - raft.grpc.server.leader.outstanding.appends.max = 128 (default)
2019-10-01 11:05:18,531 [1196e49d-1b59-42ef-aa7f-1f5da4b257dd@group-C42412B5D746:LeaderElection63] INFO  server.RaftServerConfigKeys (ConfUtils.java:logGet(43)) - raft.server.rpc.request.timeout = 3000ms (default)
2019-10-01 11:05:18,532 [1196e49d-1b59-42ef-aa7f-1f5da4b257dd@group-C42412B5D746:LeaderElection63] INFO  server.RaftServerConfigKeys (ConfUtils.java:logGet(43)) - raft.server.log.appender.install.snapshot.enabled = false (custom)
2019-10-01 11:05:18,532 [1196e49d-1b59-42ef-aa7f-1f5da4b257dd@group-C42412B5D746:LeaderElection63] INFO  impl.RoleInfo (RoleInfo.java:updateAndGet(143)) - 1196e49d-1b59-42ef-aa7f-1f5da4b257dd: start LeaderState
2019-10-01 11:05:18,532 [1196e49d-1b59-42ef-aa7f-1f5da4b257dd@group-C42412B5D746:LeaderElection63] INFO  segmented.SegmentedRaftLogWorker (SegmentedRaftLogWorker.java:startLogSegment(380)) - 1196e49d-1b59-42ef-aa7f-1f5da4b257dd@group-C42412B5D746-SegmentedRaftLogWorker: Starting segment from index:0
2019-10-01 11:05:18,533 [1196e49d-1b59-42ef-aa7f-1f5da4b257dd@group-C42412B5D746:LeaderElection63] INFO  impl.RaftServerImpl (ServerState.java:setRaftConf(354)) - 1196e49d-1b59-42ef-aa7f-1f5da4b257dd@group-C42412B5D746: set configuration 0: [1196e49d-1b59-42ef-aa7f-1f5da4b257dd:192.168.151.80:36888, f765dc21-b071-4575-9ea9-6094ab6876f1:192.168.151.80:46476, a0542a7b-209e-454b-9c7f-cabfc7f4e589:192.168.151.80:33879], old=null at 0
2019-10-01 11:05:18,537 [grpc-default-executor-8] INFO  impl.RaftServerImpl (ServerState.java:setLeader(253)) - f765dc21-b071-4575-9ea9-6094ab6876f1@group-C42412B5D746: change Leader from null to 1196e49d-1b59-42ef-aa7f-1f5da4b257dd at term 1 for appendEntries, leader elected after 5199ms
2019-10-01 11:05:18,542 [grpc-default-executor-10] INFO  impl.RaftServerImpl (ServerState.java:setLeader(253)) - a0542a7b-209e-454b-9c7f-cabfc7f4e589@group-C42412B5D746: change Leader from null to 1196e49d-1b59-42ef-aa7f-1f5da4b257dd at term 1 for appendEntries, leader elected after 5204ms
2019-10-01 11:05:18,583 [grpc-default-executor-8] INFO  impl.RaftServerImpl (ServerState.java:setRaftConf(354)) - f765dc21-b071-4575-9ea9-6094ab6876f1@group-C42412B5D746: set configuration 0: [1196e49d-1b59-42ef-aa7f-1f5da4b257dd:192.168.151.80:36888, f765dc21-b071-4575-9ea9-6094ab6876f1:192.168.151.80:46476, a0542a7b-209e-454b-9c7f-cabfc7f4e589:192.168.151.80:33879], old=null at 0
2019-10-01 11:05:18,583 [grpc-default-executor-10] INFO  impl.RaftServerImpl (ServerState.java:setRaftConf(354)) - a0542a7b-209e-454b-9c7f-cabfc7f4e589@group-C42412B5D746: set configuration 0: [1196e49d-1b59-42ef-aa7f-1f5da4b257dd:192.168.151.80:36888, f765dc21-b071-4575-9ea9-6094ab6876f1:192.168.151.80:46476, a0542a7b-209e-454b-9c7f-cabfc7f4e589:192.168.151.80:33879], old=null at 0
2019-10-01 11:05:18,583 [grpc-default-executor-8] INFO  segmented.SegmentedRaftLogWorker (SegmentedRaftLogWorker.java:startLogSegment(380)) - f765dc21-b071-4575-9ea9-6094ab6876f1@group-C42412B5D746-SegmentedRaftLogWorker: Starting segment from index:0
2019-10-01 11:05:18,583 [grpc-default-executor-10] INFO  segmented.SegmentedRaftLogWorker (SegmentedRaftLogWorker.java:startLogSegment(380)) - a0542a7b-209e-454b-9c7f-cabfc7f4e589@group-C42412B5D746-SegmentedRaftLogWorker: Starting segment from index:0
2019-10-01 11:05:18,593 [1196e49d-1b59-42ef-aa7f-1f5da4b257dd@group-C42412B5D746-SegmentedRaftLogWorker] INFO  segmented.SegmentedRaftLogWorker (SegmentedRaftLogWorker.java:execute(569)) - 1196e49d-1b59-42ef-aa7f-1f5da4b257dd@group-C42412B5D746-SegmentedRaftLogWorker: created new log segment /workdir/hadoop-ozone/integration-test/target/test-dir/MiniOzoneClusterImpl-2f0d656a-aa1e-467a-b42c-bab793932067/datanode-3/data/ratis/93057f9d-6f40-4b87-bc98-c42412b5d746/current/log_inprogress_0
2019-10-01 11:05:18,649 [a0542a7b-209e-454b-9c7f-cabfc7f4e589@group-C42412B5D746-SegmentedRaftLogWorker] INFO  segmented.SegmentedRaftLogWorker (SegmentedRaftLogWorker.java:execute(569)) - a0542a7b-209e-454b-9c7f-cabfc7f4e589@group-C42412B5D746-SegmentedRaftLogWorker: created new log segment /workdir/hadoop-ozone/integration-test/target/test-dir/MiniOzoneClusterImpl-2f0d656a-aa1e-467a-b42c-bab793932067/datanode-4/data/ratis/93057f9d-6f40-4b87-bc98-c42412b5d746/current/log_inprogress_0
2019-10-01 11:05:18,649 [f765dc21-b071-4575-9ea9-6094ab6876f1@group-C42412B5D746-SegmentedRaftLogWorker] INFO  segmented.SegmentedRaftLogWorker (SegmentedRaftLogWorker.java:execute(569)) - f765dc21-b071-4575-9ea9-6094ab6876f1@group-C42412B5D746-SegmentedRaftLogWorker: created new log segment /workdir/hadoop-ozone/integration-test/target/test-dir/MiniOzoneClusterImpl-2f0d656a-aa1e-467a-b42c-bab793932067/datanode-5/data/ratis/93057f9d-6f40-4b87-bc98-c42412b5d746/current/log_inprogress_0
2019-10-01 11:05:19,636 [Datanode State Machine Thread - 0] INFO  statemachine.DatanodeStateMachine (DatanodeStateMachine.java:lambda$startDaemon$0(350)) - Ozone container server started.
2019-10-01 11:05:23,643 [EventQueue-StaleNodeForStaleNodeHandler] INFO  node.StaleNodeHandler (StaleNodeHandler.java:onMessage(58)) - Datanode a49ce009-7bbe-4dc3-8e8a-67ff17c33fdc{ip: 192.168.151.80, host: pr-hdds-2214-vjltc-212603711, networkLocation: /default-rack, certSerialId: null} moved to stale state. Finalizing its pipelines [PipelineID=5d616463-d62b-4309-9c4e-5d2334e30c74, PipelineID=c1b66a1c-e67e-4da1-aed7-b0177e16fa4c]
2019-10-01 11:05:23,645 [EventQueue-StaleNodeForStaleNodeHandler] INFO  pipeline.SCMPipelineManager (SCMPipelineManager.java:finalizeAndDestroyPipeline(315)) - destroying pipeline:Pipeline[ Id: 5d616463-d62b-4309-9c4e-5d2334e30c74, Nodes: a49ce009-7bbe-4dc3-8e8a-67ff17c33fdc{ip: 192.168.151.80, host: pr-hdds-2214-vjltc-212603711, networkLocation: /default-rack, certSerialId: null}, Type:RATIS, Factor:ONE, State:OPEN]
2019-10-01 11:05:23,646 [EventQueue-StaleNodeForStaleNodeHandler] INFO  pipeline.PipelineStateManager (PipelineStateManager.java:finalizePipeline(123)) - Pipeline Pipeline[ Id: 5d616463-d62b-4309-9c4e-5d2334e30c74, Nodes: a49ce009-7bbe-4dc3-8e8a-67ff17c33fdc{ip: 192.168.151.80, host: pr-hdds-2214-vjltc-212603711, networkLocation: /default-rack, certSerialId: null}, Type:RATIS, Factor:ONE, State:CLOSED] moved to CLOSED state
2019-10-01 11:05:23,647 [EventQueue-StaleNodeForStaleNodeHandler] INFO  pipeline.SCMPipelineManager (SCMPipelineManager.java:finalizeAndDestroyPipeline(315)) - destroying pipeline:Pipeline[ Id: c1b66a1c-e67e-4da1-aed7-b0177e16fa4c, Nodes: a49ce009-7bbe-4dc3-8e8a-67ff17c33fdc{ip: 192.168.151.80, host: pr-hdds-2214-vjltc-212603711, networkLocation: /default-rack, certSerialId: null}4dc49964-fbf6-40e6-8571-06acdd79f4d1{ip: 192.168.151.80, host: pr-hdds-2214-vjltc-212603711, networkLocation: /default-rack, certSerialId: null}294c00a8-ed7b-4480-8a86-47ae2c52968d{ip: 192.168.151.80, host: pr-hdds-2214-vjltc-212603711, networkLocation: /default-rack, certSerialId: null}, Type:RATIS, Factor:THREE, State:OPEN]
2019-10-01 11:05:23,647 [EventQueue-StaleNodeForStaleNodeHandler] INFO  pipeline.PipelineStateManager (PipelineStateManager.java:finalizePipeline(123)) - Pipeline Pipeline[ Id: c1b66a1c-e67e-4da1-aed7-b0177e16fa4c, Nodes: a49ce009-7bbe-4dc3-8e8a-67ff17c33fdc{ip: 192.168.151.80, host: pr-hdds-2214-vjltc-212603711, networkLocation: /default-rack, certSerialId: null}4dc49964-fbf6-40e6-8571-06acdd79f4d1{ip: 192.168.151.80, host: pr-hdds-2214-vjltc-212603711, networkLocation: /default-rack, certSerialId: null}294c00a8-ed7b-4480-8a86-47ae2c52968d{ip: 192.168.151.80, host: pr-hdds-2214-vjltc-212603711, networkLocation: /default-rack, certSerialId: null}, Type:RATIS, Factor:THREE, State:CLOSED] moved to CLOSED state
2019-10-01 11:05:23,648 [EventQueue-CloseContainerForCloseContainerEventHandler] INFO  container.CloseContainerEventHandler (CloseContainerEventHandler.java:onMessage(61)) - Close container Event triggered for container : #1
2019-10-01 11:05:23,826 [main] INFO  ozoneimpl.OzoneContainer (OzoneContainer.java:stop(231)) - Attempting to stop container services.
2019-10-01 11:05:23,829 [main] INFO  impl.RaftServerProxy (RaftServerProxy.java:lambda$close$4(314)) - a49ce009-7bbe-4dc3-8e8a-67ff17c33fdc: close
2019-10-01 11:05:23,831 [main] INFO  impl.RaftServerImpl (RaftServerImpl.java:lambda$shutdown$3(251)) - a49ce009-7bbe-4dc3-8e8a-67ff17c33fdc@group-5D2334E30C74: shutdown
2019-10-01 11:05:23,831 [main] INFO  util.JmxRegister (JmxRegister.java:unregister(73)) - Successfully un-registered JMX Bean with object name Ratis:service=RaftServer,group=group-5D2334E30C74,id=a49ce009-7bbe-4dc3-8e8a-67ff17c33fdc
2019-10-01 11:05:23,831 [main] INFO  impl.RoleInfo (RoleInfo.java:shutdownLeaderState(104)) - a49ce009-7bbe-4dc3-8e8a-67ff17c33fdc: shutdown LeaderState
2019-10-01 11:05:23,832 [main] INFO  impl.PendingRequests (PendingRequests.java:sendNotLeaderResponses(202)) - a49ce009-7bbe-4dc3-8e8a-67ff17c33fdc-PendingRequests: sendNotLeaderResponses
2019-10-01 11:05:23,832 [main] INFO  impl.StateMachineUpdater (StateMachineUpdater.java:stopAndJoin(125)) - a49ce009-7bbe-4dc3-8e8a-67ff17c33fdc@group-5D2334E30C74-StateMachineUpdater: set stopIndex = 0
2019-10-01 11:05:23,833 [main] INFO  impl.RaftServerImpl (ServerState.java:close(385)) - a49ce009-7bbe-4dc3-8e8a-67ff17c33fdc@group-5D2334E30C74: closes. applyIndex: 0
2019-10-01 11:05:23,834 [a49ce009-7bbe-4dc3-8e8a-67ff17c33fdc@group-5D2334E30C74-SegmentedRaftLogWorker] INFO  segmented.SegmentedRaftLogWorker (SegmentedRaftLogWorker.java:run(313)) - a49ce009-7bbe-4dc3-8e8a-67ff17c33fdc@group-5D2334E30C74-SegmentedRaftLogWorker was interrupted, exiting. There are 0 tasks remaining in the queue.
2019-10-01 11:05:23,836 [main] INFO  segmented.SegmentedRaftLogWorker (SegmentedRaftLogWorker.java:close(228)) - a49ce009-7bbe-4dc3-8e8a-67ff17c33fdc@group-5D2334E30C74-SegmentedRaftLogWorker close()
2019-10-01 11:05:23,839 [main] INFO  impl.RaftServerImpl (RaftServerImpl.java:lambda$shutdown$3(251)) - a49ce009-7bbe-4dc3-8e8a-67ff17c33fdc@group-B0177E16FA4C: shutdown
2019-10-01 11:05:23,840 [main] INFO  util.JmxRegister (JmxRegister.java:unregister(73)) - Successfully un-registered JMX Bean with object name Ratis:service=RaftServer,group=group-B0177E16FA4C,id=a49ce009-7bbe-4dc3-8e8a-67ff17c33fdc
2019-10-01 11:05:23,840 [main] INFO  impl.RoleInfo (RoleInfo.java:shutdownLeaderState(104)) - a49ce009-7bbe-4dc3-8e8a-67ff17c33fdc: shutdown LeaderState
2019-10-01 11:05:23,843 [main] INFO  impl.PendingRequests (PendingRequests.java:sendNotLeaderResponses(202)) - a49ce009-7bbe-4dc3-8e8a-67ff17c33fdc-PendingRequests: sendNotLeaderResponses
2019-10-01 11:05:23,844 [org.apache.ratis.server.impl.LogAppender$AppenderDaemon$$Lambda$539/123301283@76123f45] WARN  server.GrpcLogAppender (GrpcLogAppender.java:mayWait(143)) - a49ce009-7bbe-4dc3-8e8a-67ff17c33fdc@group-B0177E16FA4C->4dc49964-fbf6-40e6-8571-06acdd79f4d1-GrpcLogAppender: Wait interrupted by java.lang.InterruptedException
2019-10-01 11:05:23,843 [org.apache.ratis.server.impl.LogAppender$AppenderDaemon$$Lambda$539/123301283@9e4fce0] WARN  server.GrpcLogAppender (GrpcLogAppender.java:mayWait(143)) - a49ce009-7bbe-4dc3-8e8a-67ff17c33fdc@group-B0177E16FA4C->294c00a8-ed7b-4480-8a86-47ae2c52968d-GrpcLogAppender: Wait interrupted by java.lang.InterruptedException
2019-10-01 11:05:23,848 [main] INFO  impl.StateMachineUpdater (StateMachineUpdater.java:stopAndJoin(125)) - a49ce009-7bbe-4dc3-8e8a-67ff17c33fdc@group-B0177E16FA4C-StateMachineUpdater: set stopIndex = 15
2019-10-01 11:05:23,848 [grpc-default-executor-9] INFO  server.GrpcServerProtocolService (GrpcServerProtocolService.java:onCompleted(113)) - 4dc49964-fbf6-40e6-8571-06acdd79f4d1: Completed APPEND_ENTRIES, lastRequest: a49ce009-7bbe-4dc3-8e8a-67ff17c33fdc->4dc49964-fbf6-40e6-8571-06acdd79f4d1#18-t1, previous=(t:1, i:15), leaderCommit=15, initializing? false, entries: <empty>
2019-10-01 11:05:23,848 [grpc-default-executor-4] INFO  server.GrpcServerProtocolService (GrpcServerProtocolService.java:onCompleted(113)) - 294c00a8-ed7b-4480-8a86-47ae2c52968d: Completed APPEND_ENTRIES, lastRequest: a49ce009-7bbe-4dc3-8e8a-67ff17c33fdc->294c00a8-ed7b-4480-8a86-47ae2c52968d#18-t1, previous=(t:1, i:15), leaderCommit=15, initializing? false, entries: <empty>
2019-10-01 11:05:23,848 [a49ce009-7bbe-4dc3-8e8a-67ff17c33fdc@group-B0177E16FA4C-StateMachineUpdater] INFO  ratis.ContainerStateMachine (ContainerStateMachine.java:takeSnapshot(289)) - group-B0177E16FA4C: Taking a snapshot at:(t:1, i:13) file /workdir/hadoop-ozone/integration-test/target/test-dir/MiniOzoneClusterImpl-2f0d656a-aa1e-467a-b42c-bab793932067/datanode-1/data/ratis/c1b66a1c-e67e-4da1-aed7-b0177e16fa4c/sm/snapshot.1_13
2019-10-01 11:05:23,849 [grpc-default-executor-8] INFO  server.GrpcLogAppender (GrpcLogAppender.java:onCompleted(293)) - a49ce009-7bbe-4dc3-8e8a-67ff17c33fdc@group-B0177E16FA4C->294c00a8-ed7b-4480-8a86-47ae2c52968d-AppendLogResponseHandler: follower responses appendEntries COMPLETED
2019-10-01 11:05:23,849 [grpc-default-executor-9] INFO  server.GrpcLogAppender (GrpcLogAppender.java:onCompleted(293)) - a49ce009-7bbe-4dc3-8e8a-67ff17c33fdc@group-B0177E16FA4C->4dc49964-fbf6-40e6-8571-06acdd79f4d1-AppendLogResponseHandler: follower responses appendEntries COMPLETED
2019-10-01 11:05:23,850 [grpc-default-executor-8] INFO  impl.FollowerInfo (FollowerInfo.java:lambda$new$0(51)) - a49ce009-7bbe-4dc3-8e8a-67ff17c33fdc@group-B0177E16FA4C->294c00a8-ed7b-4480-8a86-47ae2c52968d: nextIndex: updateUnconditionally 16 -> 15
2019-10-01 11:05:23,850 [grpc-default-executor-9] INFO  impl.FollowerInfo (FollowerInfo.java:lambda$new$0(51)) - a49ce009-7bbe-4dc3-8e8a-67ff17c33fdc@group-B0177E16FA4C->4dc49964-fbf6-40e6-8571-06acdd79f4d1: nextIndex: updateUnconditionally 16 -> 15
2019-10-01 11:05:23,858 [a49ce009-7bbe-4dc3-8e8a-67ff17c33fdc@group-B0177E16FA4C-StateMachineUpdater] INFO  ratis.ContainerStateMachine (ContainerStateMachine.java:takeSnapshot(300)) - group-B0177E16FA4C: Finished taking a snapshot at:(t:1, i:13) file:/workdir/hadoop-ozone/integration-test/target/test-dir/MiniOzoneClusterImpl-2f0d656a-aa1e-467a-b42c-bab793932067/datanode-1/data/ratis/c1b66a1c-e67e-4da1-aed7-b0177e16fa4c/sm/snapshot.1_13 time:10
2019-10-01 11:05:23,858 [a49ce009-7bbe-4dc3-8e8a-67ff17c33fdc@group-B0177E16FA4C-StateMachineUpdater] INFO  impl.StateMachineUpdater (StateMachineUpdater.java:takeSnapshot(258)) - a49ce009-7bbe-4dc3-8e8a-67ff17c33fdc@group-B0177E16FA4C-StateMachineUpdater: Took a snapshot at index 13
2019-10-01 11:05:23,858 [a49ce009-7bbe-4dc3-8e8a-67ff17c33fdc@group-B0177E16FA4C-StateMachineUpdater] INFO  impl.StateMachineUpdater (StateMachineUpdater.java:lambda$new$0(83)) - a49ce009-7bbe-4dc3-8e8a-67ff17c33fdc@group-B0177E16FA4C-StateMachineUpdater: snapshotIndex: updateIncreasingly -1 -> 13
2019-10-01 11:05:23,859 [a49ce009-7bbe-4dc3-8e8a-67ff17c33fdc@group-B0177E16FA4C-StateMachineUpdater] INFO  ratis.ContainerStateMachine (ContainerStateMachine.java:takeSnapshot(289)) - group-B0177E16FA4C: Taking a snapshot at:(t:1, i:13) file /workdir/hadoop-ozone/integration-test/target/test-dir/MiniOzoneClusterImpl-2f0d656a-aa1e-467a-b42c-bab793932067/datanode-1/data/ratis/c1b66a1c-e67e-4da1-aed7-b0177e16fa4c/sm/snapshot.1_13
2019-10-01 11:05:23,861 [a49ce009-7bbe-4dc3-8e8a-67ff17c33fdc@group-B0177E16FA4C-StateMachineUpdater] INFO  ratis.ContainerStateMachine (ContainerStateMachine.java:takeSnapshot(300)) - group-B0177E16FA4C: Finished taking a snapshot at:(t:1, i:13) file:/workdir/hadoop-ozone/integration-test/target/test-dir/MiniOzoneClusterImpl-2f0d656a-aa1e-467a-b42c-bab793932067/datanode-1/data/ratis/c1b66a1c-e67e-4da1-aed7-b0177e16fa4c/sm/snapshot.1_13 time:2
2019-10-01 11:05:23,861 [a49ce009-7bbe-4dc3-8e8a-67ff17c33fdc@group-B0177E16FA4C-StateMachineUpdater] INFO  impl.StateMachineUpdater (StateMachineUpdater.java:takeSnapshot(258)) - a49ce009-7bbe-4dc3-8e8a-67ff17c33fdc@group-B0177E16FA4C-StateMachineUpdater: Took a snapshot at index 13
2019-10-01 11:05:23,861 [a49ce009-7bbe-4dc3-8e8a-67ff17c33fdc@group-B0177E16FA4C-StateMachineUpdater] INFO  impl.StateMachineUpdater (StateMachineUpdater.java:lambda$new$0(83)) - a49ce009-7bbe-4dc3-8e8a-67ff17c33fdc@group-B0177E16FA4C-StateMachineUpdater: snapshotIndex: updateIncreasingly 13 -> 13
2019-10-01 11:05:23,862 [main] INFO  impl.RaftServerImpl (ServerState.java:close(385)) - a49ce009-7bbe-4dc3-8e8a-67ff17c33fdc@group-B0177E16FA4C: closes. applyIndex: 15
2019-10-01 11:05:23,862 [a49ce009-7bbe-4dc3-8e8a-67ff17c33fdc@group-B0177E16FA4C-SegmentedRaftLogWorker] INFO  segmented.SegmentedRaftLogWorker (SegmentedRaftLogWorker.java:run(313)) - a49ce009-7bbe-4dc3-8e8a-67ff17c33fdc@group-B0177E16FA4C-SegmentedRaftLogWorker was interrupted, exiting. There are 0 tasks remaining in the queue.
2019-10-01 11:05:23,865 [main] INFO  segmented.SegmentedRaftLogWorker (SegmentedRaftLogWorker.java:close(228)) - a49ce009-7bbe-4dc3-8e8a-67ff17c33fdc@group-B0177E16FA4C-SegmentedRaftLogWorker close()
2019-10-01 11:05:23,869 [main] INFO  server.GrpcService (GrpcService.java:closeImpl(164)) - a49ce009-7bbe-4dc3-8e8a-67ff17c33fdc: shutdown server with port 39340 now
2019-10-01 11:05:23,870 [grpc-default-executor-8] WARN  client.GrpcClientProtocolService (LogUtils.java:warn(134)) - 4-UnorderedRequestStreamObserver4: onError: org.apache.ratis.thirdparty.io.grpc.StatusRuntimeException: CANCELLED: cancelled before receiving half close
2019-10-01 11:05:23,870 [main] INFO  server.GrpcService (GrpcService.java:closeImpl(172)) - a49ce009-7bbe-4dc3-8e8a-67ff17c33fdc: shutdown server with port 39340 successfully
2019-10-01 11:05:23,877 [refreshUsed-/workdir/hadoop-ozone/integration-test/target/test-dir/MiniOzoneClusterImpl-2f0d656a-aa1e-467a-b42c-bab793932067/datanode-1/data/containers] WARN  fs.CachingGetSpaceUsed (CachingGetSpaceUsed.java:run(183)) - Thread Interrupted waiting to refresh disk information: sleep interrupted
2019-10-01 11:05:23,899 [main] INFO  utils.BackgroundService (BackgroundService.java:shutdown(148)) - Shutting down service BlockDeletingService
2019-10-01 11:05:23,904 [main] INFO  statemachine.DatanodeStateMachine (DatanodeStateMachine.java:stopDaemon(395)) - Ozone container server stopped.
2019-10-01 11:05:23,908 [main] INFO  handler.ContextHandler (ContextHandler.java:doStop(910)) - Stopped o.e.j.w.WebAppContext@279126f5{/,null,UNAVAILABLE}{/hddsDatanode}
2019-10-01 11:05:23,909 [main] INFO  server.AbstractConnector (AbstractConnector.java:doStop(318)) - Stopped ServerConnector@7781263c{HTTP/1.1,[http/1.1]}{0.0.0.0:0}
2019-10-01 11:05:23,910 [main] INFO  handler.ContextHandler (ContextHandler.java:doStop(910)) - Stopped o.e.j.s.ServletContextHandler@48e41b5d{/static,jar:file:/home/user/.m2/repository/org/apache/hadoop/hadoop-hdds-container-service/0.5.0-SNAPSHOT/hadoop-hdds-container-service-0.5.0-SNAPSHOT.jar!/webapps/static,UNAVAILABLE}
2019-10-01 11:05:23,910 [main] INFO  handler.ContextHandler (ContextHandler.java:doStop(910)) - Stopped o.e.j.s.ServletContextHandler@2484dbb7{/logs,file:///workdir/hadoop-ozone/integration-test/target/log,UNAVAILABLE}
2019-10-01 11:05:33,456 [Thread-2964] INFO  impl.FollowerState (FollowerState.java:run(106)) - 4dc49964-fbf6-40e6-8571-06acdd79f4d1:group-B0177E16FA4C changes to CANDIDATE, lastRpcTime:9632, electionTimeout:5186ms
2019-10-01 11:05:33,457 [Thread-2964] INFO  impl.RoleInfo (RoleInfo.java:shutdownFollowerState(121)) - 4dc49964-fbf6-40e6-8571-06acdd79f4d1: shutdown FollowerState
2019-10-01 11:05:33,457 [Thread-2964] INFO  impl.RaftServerImpl (RaftServerImpl.java:setRole(174)) - 4dc49964-fbf6-40e6-8571-06acdd79f4d1@group-B0177E16FA4C: changes role from  FOLLOWER to CANDIDATE at term 1 for changeToCandidate
2019-10-01 11:05:33,458 [Thread-2964] INFO  impl.RoleInfo (RoleInfo.java:updateAndGet(143)) - 4dc49964-fbf6-40e6-8571-06acdd79f4d1: start LeaderElection
2019-10-01 11:05:33,463 [4dc49964-fbf6-40e6-8571-06acdd79f4d1@group-B0177E16FA4C:LeaderElection64] INFO  impl.RaftServerImpl (ServerState.java:setLeader(253)) - 4dc49964-fbf6-40e6-8571-06acdd79f4d1@group-B0177E16FA4C: change Leader from a49ce009-7bbe-4dc3-8e8a-67ff17c33fdc to null at term 1 for initElection
2019-10-01 11:05:33,478 [4dc49964-fbf6-40e6-8571-06acdd79f4d1@group-B0177E16FA4C:LeaderElection64] INFO  impl.LeaderElection (LeaderElection.java:askForVotes(182)) - 4dc49964-fbf6-40e6-8571-06acdd79f4d1@group-B0177E16FA4C:LeaderElection64: begin an election at term 2 for 0: [a49ce009-7bbe-4dc3-8e8a-67ff17c33fdc:192.168.151.80:39340, 4dc49964-fbf6-40e6-8571-06acdd79f4d1:192.168.151.80:40697, 294c00a8-ed7b-4480-8a86-47ae2c52968d:192.168.151.80:45512], old=null
2019-10-01 11:05:33,483 [4dc49964-fbf6-40e6-8571-06acdd79f4d1@group-B0177E16FA4C:LeaderElection64] INFO  impl.LeaderElection (LogUtils.java:infoOrTrace(149)) - 4dc49964-fbf6-40e6-8571-06acdd79f4d1@group-B0177E16FA4C:LeaderElection64 got exception when requesting votes: {}
java.util.concurrent.ExecutionException: org.apache.ratis.thirdparty.io.grpc.StatusRuntimeException: UNAVAILABLE: io exception
	at java.util.concurrent.FutureTask.report(FutureTask.java:122)
	at java.util.concurrent.FutureTask.get(FutureTask.java:192)
	at org.apache.ratis.server.impl.LeaderElection.waitForResults(LeaderElection.java:263)
	at org.apache.ratis.server.impl.LeaderElection.askForVotes(LeaderElection.java:201)
	at org.apache.ratis.server.impl.LeaderElection.run(LeaderElection.java:133)
	at java.lang.Thread.run(Thread.java:748)
Caused by: org.apache.ratis.thirdparty.io.grpc.StatusRuntimeException: UNAVAILABLE: io exception
	at org.apache.ratis.thirdparty.io.grpc.stub.ClientCalls.toStatusRuntimeException(ClientCalls.java:233)
	at org.apache.ratis.thirdparty.io.grpc.stub.ClientCalls.getUnchecked(ClientCalls.java:214)
	at org.apache.ratis.thirdparty.io.grpc.stub.ClientCalls.blockingUnaryCall(ClientCalls.java:139)
	at org.apache.ratis.proto.grpc.RaftServerProtocolServiceGrpc$RaftServerProtocolServiceBlockingStub.requestVote(RaftServerProtocolServiceGrpc.java:265)
	at org.apache.ratis.grpc.server.GrpcServerProtocolClient.requestVote(GrpcServerProtocolClient.java:90)
	at org.apache.ratis.grpc.server.GrpcService.requestVote(GrpcService.java:204)
	at org.apache.ratis.server.impl.LeaderElection.lambda$submitRequests$1(LeaderElection.java:238)
	at java.util.concurrent.FutureTask.run(FutureTask.java:266)
	at java.util.concurrent.Executors$RunnableAdapter.call(Executors.java:511)
	at java.util.concurrent.FutureTask.run(FutureTask.java:266)
	at java.util.concurrent.ThreadPoolExecutor.runWorker(ThreadPoolExecutor.java:1149)
	at java.util.concurrent.ThreadPoolExecutor$Worker.run(ThreadPoolExecutor.java:624)
	... 1 more
Caused by: org.apache.ratis.thirdparty.io.netty.channel.AbstractChannel$AnnotatedConnectException: Connection refused: /192.168.151.80:39340
	at sun.nio.ch.SocketChannelImpl.checkConnect(Native Method)
	at sun.nio.ch.SocketChannelImpl.finishConnect(SocketChannelImpl.java:717)
	at org.apache.ratis.thirdparty.io.netty.channel.socket.nio.NioSocketChannel.doFinishConnect(NioSocketChannel.java:327)
	at org.apache.ratis.thirdparty.io.netty.channel.nio.AbstractNioChannel$AbstractNioUnsafe.finishConnect(AbstractNioChannel.java:340)
	at org.apache.ratis.thirdparty.io.netty.channel.nio.NioEventLoop.processSelectedKey(NioEventLoop.java:632)
	at org.apache.ratis.thirdparty.io.netty.channel.nio.NioEventLoop.processSelectedKeysOptimized(NioEventLoop.java:579)
	at org.apache.ratis.thirdparty.io.netty.channel.nio.NioEventLoop.processSelectedKeys(NioEventLoop.java:496)
	at org.apache.ratis.thirdparty.io.netty.channel.nio.NioEventLoop.run(NioEventLoop.java:458)
	at org.apache.ratis.thirdparty.io.netty.util.concurrent.SingleThreadEventExecutor$5.run(SingleThreadEventExecutor.java:897)
	at org.apache.ratis.thirdparty.io.netty.util.concurrent.FastThreadLocalRunnable.run(FastThreadLocalRunnable.java:30)
	... 1 more
Caused by: java.net.ConnectException: Connection refused
	... 11 more
2019-10-01 11:05:33,487 [grpc-default-executor-9] INFO  impl.RaftServerImpl (ServerState.java:setLeader(253)) - 294c00a8-ed7b-4480-8a86-47ae2c52968d@group-B0177E16FA4C: change Leader from a49ce009-7bbe-4dc3-8e8a-67ff17c33fdc to null at term 2 for updateCurrentTerm
2019-10-01 11:05:33,487 [grpc-default-executor-9] INFO  impl.RaftServerImpl (RaftServerImpl.java:setRole(174)) - 294c00a8-ed7b-4480-8a86-47ae2c52968d@group-B0177E16FA4C: changes role from  FOLLOWER to FOLLOWER at term 2 for recognizeCandidate:4dc49964-fbf6-40e6-8571-06acdd79f4d1
2019-10-01 11:05:33,488 [grpc-default-executor-9] INFO  impl.RoleInfo (RoleInfo.java:shutdownFollowerState(121)) - 294c00a8-ed7b-4480-8a86-47ae2c52968d: shutdown FollowerState
2019-10-01 11:05:33,488 [grpc-default-executor-9] INFO  impl.RoleInfo (RoleInfo.java:updateAndGet(143)) - 294c00a8-ed7b-4480-8a86-47ae2c52968d: start FollowerState
2019-10-01 11:05:33,488 [Thread-2963] INFO  impl.FollowerState (FollowerState.java:run(115)) - 294c00a8-ed7b-4480-8a86-47ae2c52968d: FollowerState was interrupted: java.lang.InterruptedException: sleep interrupted
2019-10-01 11:05:33,505 [4dc49964-fbf6-40e6-8571-06acdd79f4d1@group-B0177E16FA4C:LeaderElection64] INFO  impl.LeaderElection (LeaderElection.java:logAndReturn(56)) - 4dc49964-fbf6-40e6-8571-06acdd79f4d1@group-B0177E16FA4C:LeaderElection64: Election PASSED; received 1 response(s) [4dc49964-fbf6-40e6-8571-06acdd79f4d1<-294c00a8-ed7b-4480-8a86-47ae2c52968d#0:OK-t2] and 1 exception(s); 4dc49964-fbf6-40e6-8571-06acdd79f4d1@group-B0177E16FA4C:t2, leader=null, voted=4dc49964-fbf6-40e6-8571-06acdd79f4d1, raftlog=4dc49964-fbf6-40e6-8571-06acdd79f4d1@group-B0177E16FA4C-SegmentedRaftLog:OPENED:c15,f15,i15, conf=0: [a49ce009-7bbe-4dc3-8e8a-67ff17c33fdc:192.168.151.80:39340, 4dc49964-fbf6-40e6-8571-06acdd79f4d1:192.168.151.80:40697, 294c00a8-ed7b-4480-8a86-47ae2c52968d:192.168.151.80:45512], old=null
2019-10-01 11:05:33,505 [4dc49964-fbf6-40e6-8571-06acdd79f4d1@group-B0177E16FA4C:LeaderElection64] INFO  impl.LeaderElection (LogUtils.java:infoOrTrace(149)) -   Exception 0: {}
java.util.concurrent.ExecutionException: org.apache.ratis.thirdparty.io.grpc.StatusRuntimeException: UNAVAILABLE: io exception
	at java.util.concurrent.FutureTask.report(FutureTask.java:122)
	at java.util.concurrent.FutureTask.get(FutureTask.java:192)
	at org.apache.ratis.server.impl.LeaderElection.waitForResults(LeaderElection.java:263)
	at org.apache.ratis.server.impl.LeaderElection.askForVotes(LeaderElection.java:201)
	at org.apache.ratis.server.impl.LeaderElection.run(LeaderElection.java:133)
	at java.lang.Thread.run(Thread.java:748)
Caused by: org.apache.ratis.thirdparty.io.grpc.StatusRuntimeException: UNAVAILABLE: io exception
	at org.apache.ratis.thirdparty.io.grpc.stub.ClientCalls.toStatusRuntimeException(ClientCalls.java:233)
	at org.apache.ratis.thirdparty.io.grpc.stub.ClientCalls.getUnchecked(ClientCalls.java:214)
	at org.apache.ratis.thirdparty.io.grpc.stub.ClientCalls.blockingUnaryCall(ClientCalls.java:139)
	at org.apache.ratis.proto.grpc.RaftServerProtocolServiceGrpc$RaftServerProtocolServiceBlockingStub.requestVote(RaftServerProtocolServiceGrpc.java:265)
	at org.apache.ratis.grpc.server.GrpcServerProtocolClient.requestVote(GrpcServerProtocolClient.java:90)
	at org.apache.ratis.grpc.server.GrpcService.requestVote(GrpcService.java:204)
	at org.apache.ratis.server.impl.LeaderElection.lambda$submitRequests$1(LeaderElection.java:238)
	at java.util.concurrent.FutureTask.run(FutureTask.java:266)
	at java.util.concurrent.Executors$RunnableAdapter.call(Executors.java:511)
	at java.util.concurrent.FutureTask.run(FutureTask.java:266)
	at java.util.concurrent.ThreadPoolExecutor.runWorker(ThreadPoolExecutor.java:1149)
	at java.util.concurrent.ThreadPoolExecutor$Worker.run(ThreadPoolExecutor.java:624)
	... 1 more
Caused by: org.apache.ratis.thirdparty.io.netty.channel.AbstractChannel$AnnotatedConnectException: Connection refused: /192.168.151.80:39340
	at sun.nio.ch.SocketChannelImpl.checkConnect(Native Method)
	at sun.nio.ch.SocketChannelImpl.finishConnect(SocketChannelImpl.java:717)
	at org.apache.ratis.thirdparty.io.netty.channel.socket.nio.NioSocketChannel.doFinishConnect(NioSocketChannel.java:327)
	at org.apache.ratis.thirdparty.io.netty.channel.nio.AbstractNioChannel$AbstractNioUnsafe.finishConnect(AbstractNioChannel.java:340)
	at org.apache.ratis.thirdparty.io.netty.channel.nio.NioEventLoop.processSelectedKey(NioEventLoop.java:632)
	at org.apache.ratis.thirdparty.io.netty.channel.nio.NioEventLoop.processSelectedKeysOptimized(NioEventLoop.java:579)
	at org.apache.ratis.thirdparty.io.netty.channel.nio.NioEventLoop.processSelectedKeys(NioEventLoop.java:496)
	at org.apache.ratis.thirdparty.io.netty.channel.nio.NioEventLoop.run(NioEventLoop.java:458)
	at org.apache.ratis.thirdparty.io.netty.util.concurrent.SingleThreadEventExecutor$5.run(SingleThreadEventExecutor.java:897)
	at org.apache.ratis.thirdparty.io.netty.util.concurrent.FastThreadLocalRunnable.run(FastThreadLocalRunnable.java:30)
	... 1 more
Caused by: java.net.ConnectException: Connection refused
	... 11 more
2019-10-01 11:05:33,506 [4dc49964-fbf6-40e6-8571-06acdd79f4d1@group-B0177E16FA4C:LeaderElection64] INFO  impl.RoleInfo (RoleInfo.java:shutdownLeaderElection(134)) - 4dc49964-fbf6-40e6-8571-06acdd79f4d1: shutdown LeaderElection
2019-10-01 11:05:33,506 [4dc49964-fbf6-40e6-8571-06acdd79f4d1@group-B0177E16FA4C:LeaderElection64] INFO  impl.RaftServerImpl (RaftServerImpl.java:setRole(174)) - 4dc49964-fbf6-40e6-8571-06acdd79f4d1@group-B0177E16FA4C: changes role from CANDIDATE to LEADER at term 2 for changeToLeader
2019-10-01 11:05:33,506 [4dc49964-fbf6-40e6-8571-06acdd79f4d1@group-B0177E16FA4C:LeaderElection64] INFO  impl.RaftServerImpl (ServerState.java:setLeader(253)) - 4dc49964-fbf6-40e6-8571-06acdd79f4d1@group-B0177E16FA4C: change Leader from null to 4dc49964-fbf6-40e6-8571-06acdd79f4d1 at term 2 for becomeLeader, leader elected after 43ms
2019-10-01 11:05:33,507 [4dc49964-fbf6-40e6-8571-06acdd79f4d1@group-B0177E16FA4C:LeaderElection64] INFO  server.RaftServerConfigKeys (ConfUtils.java:logGet(43)) - raft.server.staging.catchup.gap = 1000 (default)
2019-10-01 11:05:33,507 [4dc49964-fbf6-40e6-8571-06acdd79f4d1@group-B0177E16FA4C:LeaderElection64] INFO  server.RaftServerConfigKeys (ConfUtils.java:logGet(43)) - raft.server.rpc.sleep.time = 25ms (default)
2019-10-01 11:05:33,507 [4dc49964-fbf6-40e6-8571-06acdd79f4d1@group-B0177E16FA4C:LeaderElection64] INFO  server.RaftServerConfigKeys (ConfUtils.java:logGet(43)) - raft.server.write.element-limit = 4096 (default)
2019-10-01 11:05:33,508 [4dc49964-fbf6-40e6-8571-06acdd79f4d1@group-B0177E16FA4C:LeaderElection64] INFO  server.RaftServerConfigKeys (ConfUtils.java:logGet(43)) - raft.server.watch.timeout = 10s (default)
2019-10-01 11:05:33,508 [4dc49964-fbf6-40e6-8571-06acdd79f4d1@group-B0177E16FA4C:LeaderElection64] INFO  server.RaftServerConfigKeys (ConfUtils.java:logGet(43)) - raft.server.watch.timeout.denomination = 1s (default)
2019-10-01 11:05:33,508 [4dc49964-fbf6-40e6-8571-06acdd79f4d1@group-B0177E16FA4C:LeaderElection64] INFO  server.RaftServerConfigKeys (ConfUtils.java:logGet(43)) - raft.server.watch.element-limit = 65536 (default)
2019-10-01 11:05:33,512 [4dc49964-fbf6-40e6-8571-06acdd79f4d1@group-B0177E16FA4C:LeaderElection64] INFO  server.RaftServerConfigKeys (ConfUtils.java:logGet(43)) - raft.server.log.appender.snapshot.chunk.size.max = 16MB (=16777216) (default)
2019-10-01 11:05:33,512 [4dc49964-fbf6-40e6-8571-06acdd79f4d1@group-B0177E16FA4C:LeaderElection64] INFO  server.RaftServerConfigKeys (ConfUtils.java:logGet(43)) - raft.server.log.appender.buffer.byte-limit = 33554432 (custom)
2019-10-01 11:05:33,513 [4dc49964-fbf6-40e6-8571-06acdd79f4d1@group-B0177E16FA4C:LeaderElection64] INFO  server.RaftServerConfigKeys (ConfUtils.java:logGet(43)) - raft.server.log.appender.buffer.element-limit = 1 (custom)
2019-10-01 11:05:33,513 [4dc49964-fbf6-40e6-8571-06acdd79f4d1@group-B0177E16FA4C:LeaderElection64] INFO  grpc.GrpcConfigKeys$Server (ConfUtils.java:logGet(43)) - raft.grpc.server.leader.outstanding.appends.max = 128 (default)
2019-10-01 11:05:33,513 [4dc49964-fbf6-40e6-8571-06acdd79f4d1@group-B0177E16FA4C:LeaderElection64] INFO  server.RaftServerConfigKeys (ConfUtils.java:logGet(43)) - raft.server.rpc.request.timeout = 3000ms (default)
2019-10-01 11:05:33,513 [4dc49964-fbf6-40e6-8571-06acdd79f4d1@group-B0177E16FA4C:LeaderElection64] INFO  server.RaftServerConfigKeys (ConfUtils.java:logGet(43)) - raft.server.log.appender.install.snapshot.enabled = false (custom)
2019-10-01 11:05:33,514 [4dc49964-fbf6-40e6-8571-06acdd79f4d1@group-B0177E16FA4C:LeaderElection64] INFO  server.RaftServerConfigKeys (ConfUtils.java:logGet(43)) - raft.server.log.appender.snapshot.chunk.size.max = 16MB (=16777216) (default)
2019-10-01 11:05:33,514 [4dc49964-fbf6-40e6-8571-06acdd79f4d1@group-B0177E16FA4C:LeaderElection64] INFO  server.RaftServerConfigKeys (ConfUtils.java:logGet(43)) - raft.server.log.appender.buffer.byte-limit = 33554432 (custom)
2019-10-01 11:05:33,514 [4dc49964-fbf6-40e6-8571-06acdd79f4d1@group-B0177E16FA4C:LeaderElection64] INFO  server.RaftServerConfigKeys (ConfUtils.java:logGet(43)) - raft.server.log.appender.buffer.element-limit = 1 (custom)
2019-10-01 11:05:33,514 [4dc49964-fbf6-40e6-8571-06acdd79f4d1@group-B0177E16FA4C:LeaderElection64] INFO  grpc.GrpcConfigKeys$Server (ConfUtils.java:logGet(43)) - raft.grpc.server.leader.outstanding.appends.max = 128 (default)
2019-10-01 11:05:33,514 [4dc49964-fbf6-40e6-8571-06acdd79f4d1@group-B0177E16FA4C:LeaderElection64] INFO  server.RaftServerConfigKeys (ConfUtils.java:logGet(43)) - raft.server.rpc.request.timeout = 3000ms (default)
2019-10-01 11:05:33,514 [4dc49964-fbf6-40e6-8571-06acdd79f4d1@group-B0177E16FA4C:LeaderElection64] INFO  server.RaftServerConfigKeys (ConfUtils.java:logGet(43)) - raft.server.log.appender.install.snapshot.enabled = false (custom)
2019-10-01 11:05:33,515 [4dc49964-fbf6-40e6-8571-06acdd79f4d1@group-B0177E16FA4C:LeaderElection64] INFO  impl.RoleInfo (RoleInfo.java:updateAndGet(143)) - 4dc49964-fbf6-40e6-8571-06acdd79f4d1: start LeaderState
2019-10-01 11:05:33,516 [4dc49964-fbf6-40e6-8571-06acdd79f4d1@group-B0177E16FA4C:LeaderElection64] INFO  segmented.SegmentedRaftLogWorker (SegmentedRaftLogWorker.java:rollLogSegment(385)) - 4dc49964-fbf6-40e6-8571-06acdd79f4d1@group-B0177E16FA4C-SegmentedRaftLogWorker: Rolling segment log-0_15 to index:15
2019-10-01 11:05:33,518 [4dc49964-fbf6-40e6-8571-06acdd79f4d1@group-B0177E16FA4C:LeaderElection64] INFO  impl.RaftServerImpl (ServerState.java:setRaftConf(354)) - 4dc49964-fbf6-40e6-8571-06acdd79f4d1@group-B0177E16FA4C: set configuration 16: [a49ce009-7bbe-4dc3-8e8a-67ff17c33fdc:192.168.151.80:39340, 4dc49964-fbf6-40e6-8571-06acdd79f4d1:192.168.151.80:40697, 294c00a8-ed7b-4480-8a86-47ae2c52968d:192.168.151.80:45512], old=null at 16
2019-10-01 11:05:33,518 [4dc49964-fbf6-40e6-8571-06acdd79f4d1@group-B0177E16FA4C-SegmentedRaftLogWorker] INFO  segmented.SegmentedRaftLogWorker (SegmentedRaftLogWorker.java:execute(526)) - 4dc49964-fbf6-40e6-8571-06acdd79f4d1@group-B0177E16FA4C-SegmentedRaftLogWorker: Rolled log segment from /workdir/hadoop-ozone/integration-test/target/test-dir/MiniOzoneClusterImpl-2f0d656a-aa1e-467a-b42c-bab793932067/datanode-0/data/ratis/c1b66a1c-e67e-4da1-aed7-b0177e16fa4c/current/log_inprogress_0 to /workdir/hadoop-ozone/integration-test/target/test-dir/MiniOzoneClusterImpl-2f0d656a-aa1e-467a-b42c-bab793932067/datanode-0/data/ratis/c1b66a1c-e67e-4da1-aed7-b0177e16fa4c/current/log_0-15
2019-10-01 11:05:33,518 [grpc-default-executor-9] WARN  server.GrpcLogAppender (LogUtils.java:warn(134)) - 4dc49964-fbf6-40e6-8571-06acdd79f4d1@group-B0177E16FA4C->a49ce009-7bbe-4dc3-8e8a-67ff17c33fdc-AppendLogResponseHandler: Failed appendEntries: org.apache.ratis.thirdparty.io.grpc.StatusRuntimeException: UNAVAILABLE: io exception
2019-10-01 11:05:33,521 [grpc-default-executor-9] INFO  impl.FollowerInfo (FollowerInfo.java:lambda$new$0(51)) - 4dc49964-fbf6-40e6-8571-06acdd79f4d1@group-B0177E16FA4C->a49ce009-7bbe-4dc3-8e8a-67ff17c33fdc: nextIndex: updateUnconditionally 16 -> 1
2019-10-01 11:05:33,521 [grpc-default-executor-4] INFO  impl.RaftServerImpl (ServerState.java:setLeader(253)) - 294c00a8-ed7b-4480-8a86-47ae2c52968d@group-B0177E16FA4C: change Leader from null to 4dc49964-fbf6-40e6-8571-06acdd79f4d1 at term 2 for appendEntries, leader elected after 34ms
2019-10-01 11:05:33,560 [grpc-default-executor-4] INFO  impl.RaftServerImpl (ServerState.java:setRaftConf(354)) - 294c00a8-ed7b-4480-8a86-47ae2c52968d@group-B0177E16FA4C: set configuration 16: [a49ce009-7bbe-4dc3-8e8a-67ff17c33fdc:192.168.151.80:39340, 4dc49964-fbf6-40e6-8571-06acdd79f4d1:192.168.151.80:40697, 294c00a8-ed7b-4480-8a86-47ae2c52968d:192.168.151.80:45512], old=null at 16
2019-10-01 11:05:33,561 [grpc-default-executor-4] INFO  segmented.SegmentedRaftLogWorker (SegmentedRaftLogWorker.java:rollLogSegment(385)) - 294c00a8-ed7b-4480-8a86-47ae2c52968d@group-B0177E16FA4C-SegmentedRaftLogWorker: Rolling segment log-0_15 to index:15
2019-10-01 11:05:33,561 [294c00a8-ed7b-4480-8a86-47ae2c52968d@group-B0177E16FA4C-SegmentedRaftLogWorker] INFO  segmented.SegmentedRaftLogWorker (SegmentedRaftLogWorker.java:execute(526)) - 294c00a8-ed7b-4480-8a86-47ae2c52968d@group-B0177E16FA4C-SegmentedRaftLogWorker: Rolled log segment from /workdir/hadoop-ozone/integration-test/target/test-dir/MiniOzoneClusterImpl-2f0d656a-aa1e-467a-b42c-bab793932067/datanode-2/data/ratis/c1b66a1c-e67e-4da1-aed7-b0177e16fa4c/current/log_inprogress_0 to /workdir/hadoop-ozone/integration-test/target/test-dir/MiniOzoneClusterImpl-2f0d656a-aa1e-467a-b42c-bab793932067/datanode-2/data/ratis/c1b66a1c-e67e-4da1-aed7-b0177e16fa4c/current/log_0-15
2019-10-01 11:05:33,582 [4dc49964-fbf6-40e6-8571-06acdd79f4d1@group-B0177E16FA4C-SegmentedRaftLogWorker] INFO  segmented.SegmentedRaftLogWorker (SegmentedRaftLogWorker.java:execute(569)) - 4dc49964-fbf6-40e6-8571-06acdd79f4d1@group-B0177E16FA4C-SegmentedRaftLogWorker: created new log segment /workdir/hadoop-ozone/integration-test/target/test-dir/MiniOzoneClusterImpl-2f0d656a-aa1e-467a-b42c-bab793932067/datanode-0/data/ratis/c1b66a1c-e67e-4da1-aed7-b0177e16fa4c/current/log_inprogress_16
2019-10-01 11:05:33,613 [294c00a8-ed7b-4480-8a86-47ae2c52968d@group-B0177E16FA4C-SegmentedRaftLogWorker] INFO  segmented.SegmentedRaftLogWorker (SegmentedRaftLogWorker.java:execute(569)) - 294c00a8-ed7b-4480-8a86-47ae2c52968d@group-B0177E16FA4C-SegmentedRaftLogWorker: created new log segment /workdir/hadoop-ozone/integration-test/target/test-dir/MiniOzoneClusterImpl-2f0d656a-aa1e-467a-b42c-bab793932067/datanode-2/data/ratis/c1b66a1c-e67e-4da1-aed7-b0177e16fa4c/current/log_inprogress_16
2019-10-01 11:05:33,654 [grpc-default-executor-8] WARN  server.GrpcLogAppender (LogUtils.java:warn(134)) - 4dc49964-fbf6-40e6-8571-06acdd79f4d1@group-B0177E16FA4C->a49ce009-7bbe-4dc3-8e8a-67ff17c33fdc-AppendLogResponseHandler: Failed appendEntries: org.apache.ratis.thirdparty.io.grpc.StatusRuntimeException: UNAVAILABLE: io exception
2019-10-01 11:05:33,655 [grpc-default-executor-8] INFO  impl.FollowerInfo (FollowerInfo.java:lambda$new$0(51)) - 4dc49964-fbf6-40e6-8571-06acdd79f4d1@group-B0177E16FA4C->a49ce009-7bbe-4dc3-8e8a-67ff17c33fdc: nextIndex: updateUnconditionally 2 -> 1
2019-10-01 11:05:33,660 [grpc-default-executor-8] WARN  server.GrpcLogAppender (LogUtils.java:warn(134)) - 4dc49964-fbf6-40e6-8571-06acdd79f4d1@group-B0177E16FA4C->a49ce009-7bbe-4dc3-8e8a-67ff17c33fdc-AppendLogResponseHandler: Failed appendEntries: org.apache.ratis.thirdparty.io.grpc.StatusRuntimeException: UNAVAILABLE: io exception
2019-10-01 11:05:33,661 [grpc-default-executor-8] INFO  impl.FollowerInfo (FollowerInfo.java:lambda$new$0(51)) - 4dc49964-fbf6-40e6-8571-06acdd79f4d1@group-B0177E16FA4C->a49ce009-7bbe-4dc3-8e8a-67ff17c33fdc: nextIndex: updateUnconditionally 2 -> 1
11:05:34.099 [grpc-default-executor-4] ERROR DNAudit - user=null | ip=null | op=WRITE_CHUNK {blockData=conID: 1 locID: 102886795729764366 bcsId: 13} | ret=FAILURE
org.apache.hadoop.hdds.scm.container.common.helpers.ContainerNotOpenException: Container 1 in CLOSING state
	at org.apache.hadoop.ozone.container.common.impl.HddsDispatcher.validateContainerCommand(HddsDispatcher.java:434) ~[hadoop-hdds-container-service-0.5.0-SNAPSHOT.jar:?]
	at org.apache.hadoop.ozone.container.common.transport.server.ratis.ContainerStateMachine.startTransaction(ContainerStateMachine.java:315) ~[hadoop-hdds-container-service-0.5.0-SNAPSHOT.jar:?]
	at org.apache.ratis.server.impl.RaftServerImpl.submitClientRequestAsync(RaftServerImpl.java:573) ~[ratis-server-0.4.0.jar:0.4.0]
	at org.apache.ratis.server.impl.RaftServerProxy.lambda$submitClientRequestAsync$7(RaftServerProxy.java:333) ~[ratis-server-0.4.0.jar:0.4.0]
	at org.apache.ratis.server.impl.RaftServerProxy.lambda$null$5(RaftServerProxy.java:328) ~[ratis-server-0.4.0.jar:0.4.0]
	at org.apache.ratis.util.JavaUtils.callAsUnchecked(JavaUtils.java:109) ~[ratis-common-0.4.0.jar:0.4.0]
	at org.apache.ratis.server.impl.RaftServerProxy.lambda$submitRequest$6(RaftServerProxy.java:328) ~[ratis-server-0.4.0.jar:0.4.0]
	at java.util.concurrent.CompletableFuture.uniComposeStage(CompletableFuture.java:981) ~[?:1.8.0_212]
	at java.util.concurrent.CompletableFuture.thenCompose(CompletableFuture.java:2124) ~[?:1.8.0_212]
	at org.apache.ratis.server.impl.RaftServerProxy.submitRequest(RaftServerProxy.java:327) ~[ratis-server-0.4.0.jar:0.4.0]
	at org.apache.ratis.server.impl.RaftServerProxy.submitClientRequestAsync(RaftServerProxy.java:333) ~[ratis-server-0.4.0.jar:0.4.0]
	at org.apache.ratis.grpc.client.GrpcClientProtocolService$RequestStreamObserver.processClientRequest(GrpcClientProtocolService.java:220) ~[ratis-grpc-0.4.0.jar:0.4.0]
	at org.apache.ratis.grpc.client.GrpcClientProtocolService$OrderedRequestStreamObserver.processClientRequest(GrpcClientProtocolService.java:326) ~[ratis-grpc-0.4.0.jar:0.4.0]
	at org.apache.ratis.util.SlidingWindow$Server.processRequestsFromHead(SlidingWindow.java:429) [ratis-common-0.4.0.jar:0.4.0]
	at org.apache.ratis.util.SlidingWindow$Server.receivedRequest(SlidingWindow.java:421) [ratis-common-0.4.0.jar:0.4.0]
	at org.apache.ratis.grpc.client.GrpcClientProtocolService$OrderedRequestStreamObserver.processClientRequest(GrpcClientProtocolService.java:345) [ratis-grpc-0.4.0.jar:0.4.0]
	at org.apache.ratis.grpc.client.GrpcClientProtocolService$RequestStreamObserver.onNext(GrpcClientProtocolService.java:240) [ratis-grpc-0.4.0.jar:0.4.0]
	at org.apache.ratis.grpc.client.GrpcClientProtocolService$RequestStreamObserver.onNext(GrpcClientProtocolService.java:168) [ratis-grpc-0.4.0.jar:0.4.0]
	at org.apache.ratis.thirdparty.io.grpc.stub.ServerCalls$StreamingServerCallHandler$StreamingServerCallListener.onMessage(ServerCalls.java:248) [ratis-thirdparty-misc-0.2.0.jar:0.2.0]
	at org.apache.ratis.thirdparty.io.grpc.internal.ServerCallImpl$ServerStreamListenerImpl.messagesAvailable(ServerCallImpl.java:263) [ratis-thirdparty-misc-0.2.0.jar:0.2.0]
	at org.apache.ratis.thirdparty.io.grpc.internal.ServerImpl$JumpToApplicationThreadServerStreamListener$1MessagesAvailable.runInContext(ServerImpl.java:686) [ratis-thirdparty-misc-0.2.0.jar:0.2.0]
	at org.apache.ratis.thirdparty.io.grpc.internal.ContextRunnable.run(ContextRunnable.java:37) [ratis-thirdparty-misc-0.2.0.jar:0.2.0]
	at org.apache.ratis.thirdparty.io.grpc.internal.SerializingExecutor.run(SerializingExecutor.java:123) [ratis-thirdparty-misc-0.2.0.jar:0.2.0]
	at java.util.concurrent.ThreadPoolExecutor.runWorker(ThreadPoolExecutor.java:1149) [?:1.8.0_212]
	at java.util.concurrent.ThreadPoolExecutor$Worker.run(ThreadPoolExecutor.java:624) [?:1.8.0_212]
	at java.lang.Thread.run(Thread.java:748) [?:1.8.0_212]
11:05:34.115 [grpc-default-executor-8] ERROR DNAudit - user=null | ip=null | op=WRITE_CHUNK {blockData=conID: 1 locID: 102886795729764366 bcsId: 13} | ret=FAILURE
org.apache.hadoop.hdds.scm.container.common.helpers.ContainerNotOpenException: Container 1 in CLOSING state
	at org.apache.hadoop.ozone.container.common.impl.HddsDispatcher.validateContainerCommand(HddsDispatcher.java:434) ~[hadoop-hdds-container-service-0.5.0-SNAPSHOT.jar:?]
	at org.apache.hadoop.ozone.container.common.transport.server.ratis.ContainerStateMachine.startTransaction(ContainerStateMachine.java:315) ~[hadoop-hdds-container-service-0.5.0-SNAPSHOT.jar:?]
	at org.apache.ratis.server.impl.RaftServerImpl.submitClientRequestAsync(RaftServerImpl.java:573) ~[ratis-server-0.4.0.jar:0.4.0]
	at org.apache.ratis.server.impl.RaftServerProxy.lambda$submitClientRequestAsync$7(RaftServerProxy.java:333) ~[ratis-server-0.4.0.jar:0.4.0]
	at org.apache.ratis.server.impl.RaftServerProxy.lambda$null$5(RaftServerProxy.java:328) ~[ratis-server-0.4.0.jar:0.4.0]
	at org.apache.ratis.util.JavaUtils.callAsUnchecked(JavaUtils.java:109) ~[ratis-common-0.4.0.jar:0.4.0]
	at org.apache.ratis.server.impl.RaftServerProxy.lambda$submitRequest$6(RaftServerProxy.java:328) ~[ratis-server-0.4.0.jar:0.4.0]
	at java.util.concurrent.CompletableFuture.uniComposeStage(CompletableFuture.java:981) ~[?:1.8.0_212]
	at java.util.concurrent.CompletableFuture.thenCompose(CompletableFuture.java:2124) ~[?:1.8.0_212]
	at org.apache.ratis.server.impl.RaftServerProxy.submitRequest(RaftServerProxy.java:327) ~[ratis-server-0.4.0.jar:0.4.0]
	at org.apache.ratis.server.impl.RaftServerProxy.submitClientRequestAsync(RaftServerProxy.java:333) ~[ratis-server-0.4.0.jar:0.4.0]
	at org.apache.ratis.grpc.client.GrpcClientProtocolService$RequestStreamObserver.processClientRequest(GrpcClientProtocolService.java:220) ~[ratis-grpc-0.4.0.jar:0.4.0]
	at org.apache.ratis.grpc.client.GrpcClientProtocolService$OrderedRequestStreamObserver.processClientRequest(GrpcClientProtocolService.java:326) ~[ratis-grpc-0.4.0.jar:0.4.0]
	at org.apache.ratis.util.SlidingWindow$Server.processRequestsFromHead(SlidingWindow.java:429) [ratis-common-0.4.0.jar:0.4.0]
	at org.apache.ratis.util.SlidingWindow$Server.receivedRequest(SlidingWindow.java:421) [ratis-common-0.4.0.jar:0.4.0]
	at org.apache.ratis.grpc.client.GrpcClientProtocolService$OrderedRequestStreamObserver.processClientRequest(GrpcClientProtocolService.java:345) [ratis-grpc-0.4.0.jar:0.4.0]
	at org.apache.ratis.grpc.client.GrpcClientProtocolService$RequestStreamObserver.onNext(GrpcClientProtocolService.java:240) [ratis-grpc-0.4.0.jar:0.4.0]
	at org.apache.ratis.grpc.client.GrpcClientProtocolService$RequestStreamObserver.onNext(GrpcClientProtocolService.java:168) [ratis-grpc-0.4.0.jar:0.4.0]
	at org.apache.ratis.thirdparty.io.grpc.stub.ServerCalls$StreamingServerCallHandler$StreamingServerCallListener.onMessage(ServerCalls.java:248) [ratis-thirdparty-misc-0.2.0.jar:0.2.0]
	at org.apache.ratis.thirdparty.io.grpc.internal.ServerCallImpl$ServerStreamListenerImpl.messagesAvailable(ServerCallImpl.java:263) [ratis-thirdparty-misc-0.2.0.jar:0.2.0]
	at org.apache.ratis.thirdparty.io.grpc.internal.ServerImpl$JumpToApplicationThreadServerStreamListener$1MessagesAvailable.runInContext(ServerImpl.java:686) [ratis-thirdparty-misc-0.2.0.jar:0.2.0]
	at org.apache.ratis.thirdparty.io.grpc.internal.ContextRunnable.run(ContextRunnable.java:37) [ratis-thirdparty-misc-0.2.0.jar:0.2.0]
	at org.apache.ratis.thirdparty.io.grpc.internal.SerializingExecutor.run(SerializingExecutor.java:123) [ratis-thirdparty-misc-0.2.0.jar:0.2.0]
	at java.util.concurrent.ThreadPoolExecutor.runWorker(ThreadPoolExecutor.java:1149) [?:1.8.0_212]
	at java.util.concurrent.ThreadPoolExecutor$Worker.run(ThreadPoolExecutor.java:624) [?:1.8.0_212]
	at java.lang.Thread.run(Thread.java:748) [?:1.8.0_212]
11:05:34.117 [grpc-default-executor-8] ERROR DNAudit - user=null | ip=null | op=PUT_BLOCK {blockData=[blockId=conID: 1 locID: 102886795729764366 bcsId: 0,size=650]} | ret=FAILURE
org.apache.hadoop.hdds.scm.container.common.helpers.ContainerNotOpenException: Container 1 in CLOSING state
	at org.apache.hadoop.ozone.container.common.impl.HddsDispatcher.validateContainerCommand(HddsDispatcher.java:434) ~[hadoop-hdds-container-service-0.5.0-SNAPSHOT.jar:?]
	at org.apache.hadoop.ozone.container.common.transport.server.ratis.ContainerStateMachine.startTransaction(ContainerStateMachine.java:315) ~[hadoop-hdds-container-service-0.5.0-SNAPSHOT.jar:?]
	at org.apache.ratis.server.impl.RaftServerImpl.submitClientRequestAsync(RaftServerImpl.java:573) ~[ratis-server-0.4.0.jar:0.4.0]
	at org.apache.ratis.server.impl.RaftServerProxy.lambda$submitClientRequestAsync$7(RaftServerProxy.java:333) ~[ratis-server-0.4.0.jar:0.4.0]
	at org.apache.ratis.server.impl.RaftServerProxy.lambda$null$5(RaftServerProxy.java:328) ~[ratis-server-0.4.0.jar:0.4.0]
	at org.apache.ratis.util.JavaUtils.callAsUnchecked(JavaUtils.java:109) ~[ratis-common-0.4.0.jar:0.4.0]
	at org.apache.ratis.server.impl.RaftServerProxy.lambda$submitRequest$6(RaftServerProxy.java:328) ~[ratis-server-0.4.0.jar:0.4.0]
	at java.util.concurrent.CompletableFuture.uniComposeStage(CompletableFuture.java:981) ~[?:1.8.0_212]
	at java.util.concurrent.CompletableFuture.thenCompose(CompletableFuture.java:2124) ~[?:1.8.0_212]
	at org.apache.ratis.server.impl.RaftServerProxy.submitRequest(RaftServerProxy.java:327) ~[ratis-server-0.4.0.jar:0.4.0]
	at org.apache.ratis.server.impl.RaftServerProxy.submitClientRequestAsync(RaftServerProxy.java:333) ~[ratis-server-0.4.0.jar:0.4.0]
	at org.apache.ratis.grpc.client.GrpcClientProtocolService$RequestStreamObserver.processClientRequest(GrpcClientProtocolService.java:220) ~[ratis-grpc-0.4.0.jar:0.4.0]
	at org.apache.ratis.grpc.client.GrpcClientProtocolService$OrderedRequestStreamObserver.processClientRequest(GrpcClientProtocolService.java:326) ~[ratis-grpc-0.4.0.jar:0.4.0]
	at org.apache.ratis.util.SlidingWindow$Server.processRequestsFromHead(SlidingWindow.java:429) [ratis-common-0.4.0.jar:0.4.0]
	at org.apache.ratis.util.SlidingWindow$Server.receivedRequest(SlidingWindow.java:421) [ratis-common-0.4.0.jar:0.4.0]
	at org.apache.ratis.grpc.client.GrpcClientProtocolService$OrderedRequestStreamObserver.processClientRequest(GrpcClientProtocolService.java:345) [ratis-grpc-0.4.0.jar:0.4.0]
	at org.apache.ratis.grpc.client.GrpcClientProtocolService$RequestStreamObserver.onNext(GrpcClientProtocolService.java:240) [ratis-grpc-0.4.0.jar:0.4.0]
	at org.apache.ratis.grpc.client.GrpcClientProtocolService$RequestStreamObserver.onNext(GrpcClientProtocolService.java:168) [ratis-grpc-0.4.0.jar:0.4.0]
	at org.apache.ratis.thirdparty.io.grpc.stub.ServerCalls$StreamingServerCallHandler$StreamingServerCallListener.onMessage(ServerCalls.java:248) [ratis-thirdparty-misc-0.2.0.jar:0.2.0]
	at org.apache.ratis.thirdparty.io.grpc.internal.ServerCallImpl$ServerStreamListenerImpl.messagesAvailable(ServerCallImpl.java:263) [ratis-thirdparty-misc-0.2.0.jar:0.2.0]
	at org.apache.ratis.thirdparty.io.grpc.internal.ServerImpl$JumpToApplicationThreadServerStreamListener$1MessagesAvailable.runInContext(ServerImpl.java:686) [ratis-thirdparty-misc-0.2.0.jar:0.2.0]
	at org.apache.ratis.thirdparty.io.grpc.internal.ContextRunnable.run(ContextRunnable.java:37) [ratis-thirdparty-misc-0.2.0.jar:0.2.0]
	at org.apache.ratis.thirdparty.io.grpc.internal.SerializingExecutor.run(SerializingExecutor.java:123) [ratis-thirdparty-misc-0.2.0.jar:0.2.0]
	at java.util.concurrent.ThreadPoolExecutor.runWorker(ThreadPoolExecutor.java:1149) [?:1.8.0_212]
	at java.util.concurrent.ThreadPoolExecutor$Worker.run(ThreadPoolExecutor.java:624) [?:1.8.0_212]
	at java.lang.Thread.run(Thread.java:748) [?:1.8.0_212]
11:05:34.135 [grpc-default-executor-8] ERROR DNAudit - user=null | ip=null | op=WRITE_CHUNK {blockData=conID: 1 locID: 102886795729764366 bcsId: 13} | ret=FAILURE
org.apache.hadoop.hdds.scm.container.common.helpers.ContainerNotOpenException: Container 1 in CLOSING state
	at org.apache.hadoop.ozone.container.common.impl.HddsDispatcher.validateContainerCommand(HddsDispatcher.java:434) ~[hadoop-hdds-container-service-0.5.0-SNAPSHOT.jar:?]
	at org.apache.hadoop.ozone.container.common.transport.server.ratis.ContainerStateMachine.startTransaction(ContainerStateMachine.java:315) ~[hadoop-hdds-container-service-0.5.0-SNAPSHOT.jar:?]
	at org.apache.ratis.server.impl.RaftServerImpl.submitClientRequestAsync(RaftServerImpl.java:573) ~[ratis-server-0.4.0.jar:0.4.0]
	at org.apache.ratis.server.impl.RaftServerProxy.lambda$submitClientRequestAsync$7(RaftServerProxy.java:333) ~[ratis-server-0.4.0.jar:0.4.0]
	at org.apache.ratis.server.impl.RaftServerProxy.lambda$null$5(RaftServerProxy.java:328) ~[ratis-server-0.4.0.jar:0.4.0]
	at org.apache.ratis.util.JavaUtils.callAsUnchecked(JavaUtils.java:109) ~[ratis-common-0.4.0.jar:0.4.0]
	at org.apache.ratis.server.impl.RaftServerProxy.lambda$submitRequest$6(RaftServerProxy.java:328) ~[ratis-server-0.4.0.jar:0.4.0]
	at java.util.concurrent.CompletableFuture.uniComposeStage(CompletableFuture.java:981) ~[?:1.8.0_212]
	at java.util.concurrent.CompletableFuture.thenCompose(CompletableFuture.java:2124) ~[?:1.8.0_212]
	at org.apache.ratis.server.impl.RaftServerProxy.submitRequest(RaftServerProxy.java:327) ~[ratis-server-0.4.0.jar:0.4.0]
	at org.apache.ratis.server.impl.RaftServerProxy.submitClientRequestAsync(RaftServerProxy.java:333) ~[ratis-server-0.4.0.jar:0.4.0]
	at org.apache.ratis.grpc.client.GrpcClientProtocolService$RequestStreamObserver.processClientRequest(GrpcClientProtocolService.java:220) ~[ratis-grpc-0.4.0.jar:0.4.0]
	at org.apache.ratis.grpc.client.GrpcClientProtocolService$OrderedRequestStreamObserver.processClientRequest(GrpcClientProtocolService.java:326) ~[ratis-grpc-0.4.0.jar:0.4.0]
	at org.apache.ratis.util.SlidingWindow$Server.processRequestsFromHead(SlidingWindow.java:429) [ratis-common-0.4.0.jar:0.4.0]
	at org.apache.ratis.util.SlidingWindow$Server.receivedRequest(SlidingWindow.java:421) [ratis-common-0.4.0.jar:0.4.0]
	at org.apache.ratis.grpc.client.GrpcClientProtocolService$OrderedRequestStreamObserver.processClientRequest(GrpcClientProtocolService.java:345) [ratis-grpc-0.4.0.jar:0.4.0]
	at org.apache.ratis.grpc.client.GrpcClientProtocolService$RequestStreamObserver.onNext(GrpcClientProtocolService.java:240) [ratis-grpc-0.4.0.jar:0.4.0]
	at org.apache.ratis.grpc.client.GrpcClientProtocolService$RequestStreamObserver.onNext(GrpcClientProtocolService.java:168) [ratis-grpc-0.4.0.jar:0.4.0]
	at org.apache.ratis.thirdparty.io.grpc.stub.ServerCalls$StreamingServerCallHandler$StreamingServerCallListener.onMessage(ServerCalls.java:248) [ratis-thirdparty-misc-0.2.0.jar:0.2.0]
	at org.apache.ratis.thirdparty.io.grpc.internal.ServerCallImpl$ServerStreamListenerImpl.messagesAvailable(ServerCallImpl.java:263) [ratis-thirdparty-misc-0.2.0.jar:0.2.0]
	at org.apache.ratis.thirdparty.io.grpc.internal.ServerImpl$JumpToApplicationThreadServerStreamListener$1MessagesAvailable.runInContext(ServerImpl.java:686) [ratis-thirdparty-misc-0.2.0.jar:0.2.0]
	at org.apache.ratis.thirdparty.io.grpc.internal.ContextRunnable.run(ContextRunnable.java:37) [ratis-thirdparty-misc-0.2.0.jar:0.2.0]
	at org.apache.ratis.thirdparty.io.grpc.internal.SerializingExecutor.run(SerializingExecutor.java:123) [ratis-thirdparty-misc-0.2.0.jar:0.2.0]
	at java.util.concurrent.ThreadPoolExecutor.runWorker(ThreadPoolExecutor.java:1149) [?:1.8.0_212]
	at java.util.concurrent.ThreadPoolExecutor$Worker.run(ThreadPoolExecutor.java:624) [?:1.8.0_212]
	at java.lang.Thread.run(Thread.java:748) [?:1.8.0_212]
11:05:34.136 [grpc-default-executor-8] ERROR DNAudit - user=null | ip=null | op=WRITE_CHUNK {blockData=conID: 1 locID: 102886795729764366 bcsId: 13} | ret=FAILURE
org.apache.hadoop.hdds.scm.container.common.helpers.ContainerNotOpenException: Container 1 in CLOSING state
	at org.apache.hadoop.ozone.container.common.impl.HddsDispatcher.validateContainerCommand(HddsDispatcher.java:434) ~[hadoop-hdds-container-service-0.5.0-SNAPSHOT.jar:?]
	at org.apache.hadoop.ozone.container.common.transport.server.ratis.ContainerStateMachine.startTransaction(ContainerStateMachine.java:315) ~[hadoop-hdds-container-service-0.5.0-SNAPSHOT.jar:?]
	at org.apache.ratis.server.impl.RaftServerImpl.submitClientRequestAsync(RaftServerImpl.java:573) ~[ratis-server-0.4.0.jar:0.4.0]
	at org.apache.ratis.server.impl.RaftServerProxy.lambda$submitClientRequestAsync$7(RaftServerProxy.java:333) ~[ratis-server-0.4.0.jar:0.4.0]
	at org.apache.ratis.server.impl.RaftServerProxy.lambda$null$5(RaftServerProxy.java:328) ~[ratis-server-0.4.0.jar:0.4.0]
	at org.apache.ratis.util.JavaUtils.callAsUnchecked(JavaUtils.java:109) ~[ratis-common-0.4.0.jar:0.4.0]
	at org.apache.ratis.server.impl.RaftServerProxy.lambda$submitRequest$6(RaftServerProxy.java:328) ~[ratis-server-0.4.0.jar:0.4.0]
	at java.util.concurrent.CompletableFuture.uniComposeStage(CompletableFuture.java:981) ~[?:1.8.0_212]
	at java.util.concurrent.CompletableFuture.thenCompose(CompletableFuture.java:2124) ~[?:1.8.0_212]
	at org.apache.ratis.server.impl.RaftServerProxy.submitRequest(RaftServerProxy.java:327) ~[ratis-server-0.4.0.jar:0.4.0]
	at org.apache.ratis.server.impl.RaftServerProxy.submitClientRequestAsync(RaftServerProxy.java:333) ~[ratis-server-0.4.0.jar:0.4.0]
	at org.apache.ratis.grpc.client.GrpcClientProtocolService$RequestStreamObserver.processClientRequest(GrpcClientProtocolService.java:220) ~[ratis-grpc-0.4.0.jar:0.4.0]
	at org.apache.ratis.grpc.client.GrpcClientProtocolService$OrderedRequestStreamObserver.processClientRequest(GrpcClientProtocolService.java:326) ~[ratis-grpc-0.4.0.jar:0.4.0]
	at org.apache.ratis.util.SlidingWindow$Server.processRequestsFromHead(SlidingWindow.java:429) [ratis-common-0.4.0.jar:0.4.0]
	at org.apache.ratis.util.SlidingWindow$Server.receivedRequest(SlidingWindow.java:421) [ratis-common-0.4.0.jar:0.4.0]
	at org.apache.ratis.grpc.client.GrpcClientProtocolService$OrderedRequestStreamObserver.processClientRequest(GrpcClientProtocolService.java:345) [ratis-grpc-0.4.0.jar:0.4.0]
	at org.apache.ratis.grpc.client.GrpcClientProtocolService$RequestStreamObserver.onNext(GrpcClientProtocolService.java:240) [ratis-grpc-0.4.0.jar:0.4.0]
	at org.apache.ratis.grpc.client.GrpcClientProtocolService$RequestStreamObserver.onNext(GrpcClientProtocolService.java:168) [ratis-grpc-0.4.0.jar:0.4.0]
	at org.apache.ratis.thirdparty.io.grpc.stub.ServerCalls$StreamingServerCallHandler$StreamingServerCallListener.onMessage(ServerCalls.java:248) [ratis-thirdparty-misc-0.2.0.jar:0.2.0]
	at org.apache.ratis.thirdparty.io.grpc.internal.ServerCallImpl$ServerStreamListenerImpl.messagesAvailable(ServerCallImpl.java:263) [ratis-thirdparty-misc-0.2.0.jar:0.2.0]
	at org.apache.ratis.thirdparty.io.grpc.internal.ServerImpl$JumpToApplicationThreadServerStreamListener$1MessagesAvailable.runInContext(ServerImpl.java:686) [ratis-thirdparty-misc-0.2.0.jar:0.2.0]
	at org.apache.ratis.thirdparty.io.grpc.internal.ContextRunnable.run(ContextRunnable.java:37) [ratis-thirdparty-misc-0.2.0.jar:0.2.0]
	at org.apache.ratis.thirdparty.io.grpc.internal.SerializingExecutor.run(SerializingExecutor.java:123) [ratis-thirdparty-misc-0.2.0.jar:0.2.0]
	at java.util.concurrent.ThreadPoolExecutor.runWorker(ThreadPoolExecutor.java:1149) [?:1.8.0_212]
	at java.util.concurrent.ThreadPoolExecutor$Worker.run(ThreadPoolExecutor.java:624) [?:1.8.0_212]
	at java.lang.Thread.run(Thread.java:748) [?:1.8.0_212]
11:05:34.148 [grpc-default-executor-8] ERROR DNAudit - user=null | ip=null | op=PUT_BLOCK {blockData=[blockId=conID: 1 locID: 102886795729764366 bcsId: 0,size=800]} | ret=FAILURE
org.apache.hadoop.hdds.scm.container.common.helpers.ContainerNotOpenException: Container 1 in CLOSING state
	at org.apache.hadoop.ozone.container.common.impl.HddsDispatcher.validateContainerCommand(HddsDispatcher.java:434) ~[hadoop-hdds-container-service-0.5.0-SNAPSHOT.jar:?]
	at org.apache.hadoop.ozone.container.common.transport.server.ratis.ContainerStateMachine.startTransaction(ContainerStateMachine.java:315) ~[hadoop-hdds-container-service-0.5.0-SNAPSHOT.jar:?]
	at org.apache.ratis.server.impl.RaftServerImpl.submitClientRequestAsync(RaftServerImpl.java:573) ~[ratis-server-0.4.0.jar:0.4.0]
	at org.apache.ratis.server.impl.RaftServerProxy.lambda$submitClientRequestAsync$7(RaftServerProxy.java:333) ~[ratis-server-0.4.0.jar:0.4.0]
	at org.apache.ratis.server.impl.RaftServerProxy.lambda$null$5(RaftServerProxy.java:328) ~[ratis-server-0.4.0.jar:0.4.0]
	at org.apache.ratis.util.JavaUtils.callAsUnchecked(JavaUtils.java:109) ~[ratis-common-0.4.0.jar:0.4.0]
	at org.apache.ratis.server.impl.RaftServerProxy.lambda$submitRequest$6(RaftServerProxy.java:328) ~[ratis-server-0.4.0.jar:0.4.0]
	at java.util.concurrent.CompletableFuture.uniComposeStage(CompletableFuture.java:981) ~[?:1.8.0_212]
	at java.util.concurrent.CompletableFuture.thenCompose(CompletableFuture.java:2124) ~[?:1.8.0_212]
	at org.apache.ratis.server.impl.RaftServerProxy.submitRequest(RaftServerProxy.java:327) ~[ratis-server-0.4.0.jar:0.4.0]
	at org.apache.ratis.server.impl.RaftServerProxy.submitClientRequestAsync(RaftServerProxy.java:333) ~[ratis-server-0.4.0.jar:0.4.0]
	at org.apache.ratis.grpc.client.GrpcClientProtocolService$RequestStreamObserver.processClientRequest(GrpcClientProtocolService.java:220) ~[ratis-grpc-0.4.0.jar:0.4.0]
	at org.apache.ratis.grpc.client.GrpcClientProtocolService$OrderedRequestStreamObserver.processClientRequest(GrpcClientProtocolService.java:326) ~[ratis-grpc-0.4.0.jar:0.4.0]
	at org.apache.ratis.util.SlidingWindow$Server.processRequestsFromHead(SlidingWindow.java:429) [ratis-common-0.4.0.jar:0.4.0]
	at org.apache.ratis.util.SlidingWindow$Server.receivedRequest(SlidingWindow.java:421) [ratis-common-0.4.0.jar:0.4.0]
	at org.apache.ratis.grpc.client.GrpcClientProtocolService$OrderedRequestStreamObserver.processClientRequest(GrpcClientProtocolService.java:345) [ratis-grpc-0.4.0.jar:0.4.0]
	at org.apache.ratis.grpc.client.GrpcClientProtocolService$RequestStreamObserver.onNext(GrpcClientProtocolService.java:240) [ratis-grpc-0.4.0.jar:0.4.0]
	at org.apache.ratis.grpc.client.GrpcClientProtocolService$RequestStreamObserver.onNext(GrpcClientProtocolService.java:168) [ratis-grpc-0.4.0.jar:0.4.0]
	at org.apache.ratis.thirdparty.io.grpc.stub.ServerCalls$StreamingServerCallHandler$StreamingServerCallListener.onMessage(ServerCalls.java:248) [ratis-thirdparty-misc-0.2.0.jar:0.2.0]
	at org.apache.ratis.thirdparty.io.grpc.internal.ServerCallImpl$ServerStreamListenerImpl.messagesAvailable(ServerCallImpl.java:263) [ratis-thirdparty-misc-0.2.0.jar:0.2.0]
	at org.apache.ratis.thirdparty.io.grpc.internal.ServerImpl$JumpToApplicationThreadServerStreamListener$1MessagesAvailable.runInContext(ServerImpl.java:686) [ratis-thirdparty-misc-0.2.0.jar:0.2.0]
	at org.apache.ratis.thirdparty.io.grpc.internal.ContextRunnable.run(ContextRunnable.java:37) [ratis-thirdparty-misc-0.2.0.jar:0.2.0]
	at org.apache.ratis.thirdparty.io.grpc.internal.SerializingExecutor.run(SerializingExecutor.java:123) [ratis-thirdparty-misc-0.2.0.jar:0.2.0]
	at java.util.concurrent.ThreadPoolExecutor.runWorker(ThreadPoolExecutor.java:1149) [?:1.8.0_212]
	at java.util.concurrent.ThreadPoolExecutor$Worker.run(ThreadPoolExecutor.java:624) [?:1.8.0_212]
	at java.lang.Thread.run(Thread.java:748) [?:1.8.0_212]
2019-10-01 11:05:34,537 [main] INFO  ozone.MiniOzoneClusterImpl (MiniOzoneClusterImpl.java:shutdown(314)) - Shutting down the Mini Ozone Cluster
2019-10-01 11:05:34,538 [main] INFO  ozone.MiniOzoneClusterImpl (MiniOzoneClusterImpl.java:stop(330)) - Stopping the Mini Ozone Cluster
2019-10-01 11:05:34,538 [main] INFO  ozone.MiniOzoneClusterImpl (MiniOzoneClusterImpl.java:stopOM(400)) - Stopping the OzoneManager
2019-10-01 11:05:34,538 [main] INFO  ipc.Server (Server.java:stop(3082)) - Stopping server on 41336
2019-10-01 11:05:34,559 [IPC Server listener on 41336] INFO  ipc.Server (Server.java:run(1185)) - Stopping IPC Server listener on 41336
2019-10-01 11:05:34,559 [main] INFO  ratis.OzoneManagerDoubleBuffer (OzoneManagerDoubleBuffer.java:stop(248)) - Stopping OMDoubleBuffer flush thread
2019-10-01 11:05:34,563 [IPC Server Responder] INFO  ipc.Server (Server.java:run(1319)) - Stopping IPC Server Responder
2019-10-01 11:05:34,575 [OMDoubleBufferFlushThread] INFO  ratis.OzoneManagerDoubleBuffer (OzoneManagerDoubleBuffer.java:flushTransactions(191)) - OMDoubleBuffer flush thread OMDoubleBufferFlushThread is interrupted and will exit. OMDoubleBufferFlushThread
2019-10-01 11:05:34,582 [main] INFO  utils.BackgroundService (BackgroundService.java:shutdown(148)) - Shutting down service KeyDeletingService
2019-10-01 11:05:34,584 [main] INFO  handler.ContextHandler (ContextHandler.java:doStop(910)) - Stopped o.e.j.w.WebAppContext@d87d449{/,null,UNAVAILABLE}{/ozoneManager}
2019-10-01 11:05:34,585 [main] INFO  server.AbstractConnector (AbstractConnector.java:doStop(318)) - Stopped ServerConnector@4137aab0{HTTP/1.1,[http/1.1]}{0.0.0.0:0}
2019-10-01 11:05:34,586 [main] INFO  handler.ContextHandler (ContextHandler.java:doStop(910)) - Stopped o.e.j.s.ServletContextHandler@6750e381{/static,file:///workdir/hadoop-ozone/integration-test/target/test-classes/webapps/static,UNAVAILABLE}
2019-10-01 11:05:34,586 [main] INFO  handler.ContextHandler (ContextHandler.java:doStop(910)) - Stopped o.e.j.s.ServletContextHandler@353c6da1{/logs,file:///workdir/hadoop-ozone/integration-test/target/log,UNAVAILABLE}
2019-10-01 11:05:34,590 [main] INFO  ozone.MiniOzoneClusterImpl (MiniOzoneClusterImpl.java:stopDatanodes(377)) - Stopping the HddsDatanodes
2019-10-01 11:05:34,669 [Datanode State Machine Thread - 0] INFO  statemachine.DatanodeStateMachine (DatanodeStateMachine.java:lambda$startDaemon$0(350)) - Ozone container server started.
2019-10-01 11:05:35,338 [Datanode State Machine Thread - 0] INFO  statemachine.DatanodeStateMachine (DatanodeStateMachine.java:lambda$startDaemon$0(350)) - Ozone container server started.
2019-10-01 11:05:36,165 [grpc-default-executor-10] WARN  server.GrpcLogAppender (LogUtils.java:warn(134)) - 4dc49964-fbf6-40e6-8571-06acdd79f4d1@group-B0177E16FA4C->a49ce009-7bbe-4dc3-8e8a-67ff17c33fdc-AppendLogResponseHandler: Failed appendEntries: org.apache.ratis.thirdparty.io.grpc.StatusRuntimeException: UNAVAILABLE: io exception
2019-10-01 11:05:36,165 [grpc-default-executor-10] INFO  impl.FollowerInfo (FollowerInfo.java:lambda$new$0(51)) - 4dc49964-fbf6-40e6-8571-06acdd79f4d1@group-B0177E16FA4C->a49ce009-7bbe-4dc3-8e8a-67ff17c33fdc: nextIndex: updateUnconditionally 1 -> 0
2019-10-01 11:05:38,673 [grpc-default-executor-10] WARN  server.GrpcLogAppender (LogUtils.java:warn(134)) - 4dc49964-fbf6-40e6-8571-06acdd79f4d1@group-B0177E16FA4C->a49ce009-7bbe-4dc3-8e8a-67ff17c33fdc-AppendLogResponseHandler: Failed appendEntries: org.apache.ratis.thirdparty.io.grpc.StatusRuntimeException: UNAVAILABLE: io exception
2019-10-01 11:05:38,675 [grpc-default-executor-10] INFO  impl.FollowerInfo (FollowerInfo.java:lambda$new$0(51)) - 4dc49964-fbf6-40e6-8571-06acdd79f4d1@group-B0177E16FA4C->a49ce009-7bbe-4dc3-8e8a-67ff17c33fdc: nextIndex: updateUnconditionally 0 -> 0
2019-10-01 11:05:38,679 [EventQueue-StaleNodeForStaleNodeHandler] INFO  node.StaleNodeHandler (StaleNodeHandler.java:onMessage(58)) - Datanode 294c00a8-ed7b-4480-8a86-47ae2c52968d{ip: 192.168.151.80, host: pr-hdds-2214-vjltc-212603711, networkLocation: /default-rack, certSerialId: null} moved to stale state. Finalizing its pipelines [PipelineID=7f800035-b430-43d0-8e95-496dbacfdea1, PipelineID=c1b66a1c-e67e-4da1-aed7-b0177e16fa4c]
2019-10-01 11:05:38,679 [EventQueue-StaleNodeForStaleNodeHandler] INFO  pipeline.SCMPipelineManager (SCMPipelineManager.java:finalizeAndDestroyPipeline(315)) - destroying pipeline:Pipeline[ Id: 7f800035-b430-43d0-8e95-496dbacfdea1, Nodes: 294c00a8-ed7b-4480-8a86-47ae2c52968d{ip: 192.168.151.80, host: pr-hdds-2214-vjltc-212603711, networkLocation: /default-rack, certSerialId: null}, Type:RATIS, Factor:ONE, State:OPEN]
2019-10-01 11:05:38,680 [EventQueue-StaleNodeForStaleNodeHandler] INFO  pipeline.PipelineStateManager (PipelineStateManager.java:finalizePipeline(123)) - Pipeline Pipeline[ Id: 7f800035-b430-43d0-8e95-496dbacfdea1, Nodes: 294c00a8-ed7b-4480-8a86-47ae2c52968d{ip: 192.168.151.80, host: pr-hdds-2214-vjltc-212603711, networkLocation: /default-rack, certSerialId: null}, Type:RATIS, Factor:ONE, State:CLOSED] moved to CLOSED state
2019-10-01 11:05:38,680 [EventQueue-StaleNodeForStaleNodeHandler] INFO  pipeline.SCMPipelineManager (SCMPipelineManager.java:finalizeAndDestroyPipeline(315)) - destroying pipeline:Pipeline[ Id: c1b66a1c-e67e-4da1-aed7-b0177e16fa4c, Nodes: a49ce009-7bbe-4dc3-8e8a-67ff17c33fdc{ip: 192.168.151.80, host: pr-hdds-2214-vjltc-212603711, networkLocation: /default-rack, certSerialId: null}4dc49964-fbf6-40e6-8571-06acdd79f4d1{ip: 192.168.151.80, host: pr-hdds-2214-vjltc-212603711, networkLocation: /default-rack, certSerialId: null}294c00a8-ed7b-4480-8a86-47ae2c52968d{ip: 192.168.151.80, host: pr-hdds-2214-vjltc-212603711, networkLocation: /default-rack, certSerialId: null}, Type:RATIS, Factor:THREE, State:CLOSED]
2019-10-01 11:05:39,380 [EventQueue-StaleNodeForStaleNodeHandler] INFO  node.StaleNodeHandler (StaleNodeHandler.java:onMessage(58)) - Datanode a0542a7b-209e-454b-9c7f-cabfc7f4e589{ip: 192.168.151.80, host: pr-hdds-2214-vjltc-212603711, networkLocation: /default-rack, certSerialId: null} moved to stale state. Finalizing its pipelines [PipelineID=93057f9d-6f40-4b87-bc98-c42412b5d746, PipelineID=6fb4d7d0-06d6-4627-975b-a60c9d49d917]
2019-10-01 11:05:39,380 [EventQueue-StaleNodeForStaleNodeHandler] INFO  pipeline.SCMPipelineManager (SCMPipelineManager.java:finalizeAndDestroyPipeline(315)) - destroying pipeline:Pipeline[ Id: 93057f9d-6f40-4b87-bc98-c42412b5d746, Nodes: 1196e49d-1b59-42ef-aa7f-1f5da4b257dd{ip: 192.168.151.80, host: pr-hdds-2214-vjltc-212603711, networkLocation: /default-rack, certSerialId: null}f765dc21-b071-4575-9ea9-6094ab6876f1{ip: 192.168.151.80, host: pr-hdds-2214-vjltc-212603711, networkLocation: /default-rack, certSerialId: null}a0542a7b-209e-454b-9c7f-cabfc7f4e589{ip: 192.168.151.80, host: pr-hdds-2214-vjltc-212603711, networkLocation: /default-rack, certSerialId: null}, Type:RATIS, Factor:THREE, State:OPEN]
2019-10-01 11:05:39,380 [EventQueue-StaleNodeForStaleNodeHandler] INFO  pipeline.PipelineStateManager (PipelineStateManager.java:finalizePipeline(123)) - Pipeline Pipeline[ Id: 93057f9d-6f40-4b87-bc98-c42412b5d746, Nodes: 1196e49d-1b59-42ef-aa7f-1f5da4b257dd{ip: 192.168.151.80, host: pr-hdds-2214-vjltc-212603711, networkLocation: /default-rack, certSerialId: null}f765dc21-b071-4575-9ea9-6094ab6876f1{ip: 192.168.151.80, host: pr-hdds-2214-vjltc-212603711, networkLocation: /default-rack, certSerialId: null}a0542a7b-209e-454b-9c7f-cabfc7f4e589{ip: 192.168.151.80, host: pr-hdds-2214-vjltc-212603711, networkLocation: /default-rack, certSerialId: null}, Type:RATIS, Factor:THREE, State:CLOSED] moved to CLOSED state
2019-10-01 11:05:39,381 [EventQueue-CloseContainerForCloseContainerEventHandler] INFO  container.CloseContainerEventHandler (CloseContainerEventHandler.java:onMessage(61)) - Close container Event triggered for container : #2
2019-10-01 11:05:39,381 [EventQueue-StaleNodeForStaleNodeHandler] INFO  pipeline.SCMPipelineManager (SCMPipelineManager.java:finalizeAndDestroyPipeline(315)) - destroying pipeline:Pipeline[ Id: 6fb4d7d0-06d6-4627-975b-a60c9d49d917, Nodes: a0542a7b-209e-454b-9c7f-cabfc7f4e589{ip: 192.168.151.80, host: pr-hdds-2214-vjltc-212603711, networkLocation: /default-rack, certSerialId: null}, Type:RATIS, Factor:ONE, State:OPEN]
2019-10-01 11:05:39,386 [EventQueue-StaleNodeForStaleNodeHandler] INFO  pipeline.PipelineStateManager (PipelineStateManager.java:finalizePipeline(123)) - Pipeline Pipeline[ Id: 6fb4d7d0-06d6-4627-975b-a60c9d49d917, Nodes: a0542a7b-209e-454b-9c7f-cabfc7f4e589{ip: 192.168.151.80, host: pr-hdds-2214-vjltc-212603711, networkLocation: /default-rack, certSerialId: null}, Type:RATIS, Factor:ONE, State:CLOSED] moved to CLOSED state
2019-10-01 11:05:39,591 [ForkJoinPool.commonPool-worker-1] INFO  ozoneimpl.OzoneContainer (OzoneContainer.java:stop(231)) - Attempting to stop container services.
2019-10-01 11:05:39,591 [main] INFO  ozoneimpl.OzoneContainer (OzoneContainer.java:stop(231)) - Attempting to stop container services.
2019-10-01 11:05:39,592 [ForkJoinPool.commonPool-worker-1] INFO  impl.RaftServerProxy (RaftServerProxy.java:lambda$close$4(314)) - 294c00a8-ed7b-4480-8a86-47ae2c52968d: close
2019-10-01 11:05:39,592 [main] INFO  impl.RaftServerProxy (RaftServerProxy.java:lambda$close$4(314)) - a0542a7b-209e-454b-9c7f-cabfc7f4e589: close
2019-10-01 11:05:39,593 [main] INFO  impl.RaftServerImpl (RaftServerImpl.java:lambda$shutdown$3(251)) - a0542a7b-209e-454b-9c7f-cabfc7f4e589@group-C42412B5D746: shutdown
2019-10-01 11:05:39,593 [ForkJoinPool.commonPool-worker-1] INFO  impl.RaftServerImpl (RaftServerImpl.java:lambda$shutdown$3(251)) - 294c00a8-ed7b-4480-8a86-47ae2c52968d@group-496DBACFDEA1: shutdown
2019-10-01 11:05:39,593 [main] INFO  util.JmxRegister (JmxRegister.java:unregister(73)) - Successfully un-registered JMX Bean with object name Ratis:service=RaftServer,group=group-C42412B5D746,id=a0542a7b-209e-454b-9c7f-cabfc7f4e589
2019-10-01 11:05:39,594 [ForkJoinPool.commonPool-worker-1] INFO  util.JmxRegister (JmxRegister.java:unregister(73)) - Successfully un-registered JMX Bean with object name Ratis:service=RaftServer,group=group-496DBACFDEA1,id=294c00a8-ed7b-4480-8a86-47ae2c52968d
2019-10-01 11:05:39,594 [main] INFO  impl.RoleInfo (RoleInfo.java:shutdownFollowerState(121)) - a0542a7b-209e-454b-9c7f-cabfc7f4e589: shutdown FollowerState
2019-10-01 11:05:39,594 [ForkJoinPool.commonPool-worker-1] INFO  impl.RoleInfo (RoleInfo.java:shutdownLeaderState(104)) - 294c00a8-ed7b-4480-8a86-47ae2c52968d: shutdown LeaderState
2019-10-01 11:05:39,594 [main] INFO  impl.StateMachineUpdater (StateMachineUpdater.java:stopAndJoin(125)) - a0542a7b-209e-454b-9c7f-cabfc7f4e589@group-C42412B5D746-StateMachineUpdater: set stopIndex = 16
2019-10-01 11:05:39,595 [ForkJoinPool.commonPool-worker-1] INFO  impl.PendingRequests (PendingRequests.java:sendNotLeaderResponses(202)) - 294c00a8-ed7b-4480-8a86-47ae2c52968d-PendingRequests: sendNotLeaderResponses
2019-10-01 11:05:39,595 [a0542a7b-209e-454b-9c7f-cabfc7f4e589@group-C42412B5D746-StateMachineUpdater] INFO  ratis.ContainerStateMachine (ContainerStateMachine.java:takeSnapshot(289)) - group-C42412B5D746: Taking a snapshot at:(t:1, i:14) file /workdir/hadoop-ozone/integration-test/target/test-dir/MiniOzoneClusterImpl-2f0d656a-aa1e-467a-b42c-bab793932067/datanode-4/data/ratis/93057f9d-6f40-4b87-bc98-c42412b5d746/sm/snapshot.1_14
2019-10-01 11:05:39,595 [Thread-2989] INFO  impl.FollowerState (FollowerState.java:run(115)) - a0542a7b-209e-454b-9c7f-cabfc7f4e589: FollowerState was interrupted: java.lang.InterruptedException: sleep interrupted
2019-10-01 11:05:39,598 [ForkJoinPool.commonPool-worker-1] INFO  impl.StateMachineUpdater (StateMachineUpdater.java:stopAndJoin(125)) - 294c00a8-ed7b-4480-8a86-47ae2c52968d@group-496DBACFDEA1-StateMachineUpdater: set stopIndex = 0
2019-10-01 11:05:39,599 [ForkJoinPool.commonPool-worker-1] INFO  impl.RaftServerImpl (ServerState.java:close(385)) - 294c00a8-ed7b-4480-8a86-47ae2c52968d@group-496DBACFDEA1: closes. applyIndex: 0
2019-10-01 11:05:39,599 [294c00a8-ed7b-4480-8a86-47ae2c52968d@group-496DBACFDEA1-SegmentedRaftLogWorker] INFO  segmented.SegmentedRaftLogWorker (SegmentedRaftLogWorker.java:run(313)) - 294c00a8-ed7b-4480-8a86-47ae2c52968d@group-496DBACFDEA1-SegmentedRaftLogWorker was interrupted, exiting. There are 0 tasks remaining in the queue.
2019-10-01 11:05:39,607 [ForkJoinPool.commonPool-worker-1] INFO  segmented.SegmentedRaftLogWorker (SegmentedRaftLogWorker.java:close(228)) - 294c00a8-ed7b-4480-8a86-47ae2c52968d@group-496DBACFDEA1-SegmentedRaftLogWorker close()
2019-10-01 11:05:39,610 [ForkJoinPool.commonPool-worker-1] INFO  impl.RaftServerImpl (RaftServerImpl.java:lambda$shutdown$3(251)) - 294c00a8-ed7b-4480-8a86-47ae2c52968d@group-B0177E16FA4C: shutdown
2019-10-01 11:05:39,611 [ForkJoinPool.commonPool-worker-1] INFO  util.JmxRegister (JmxRegister.java:unregister(73)) - Successfully un-registered JMX Bean with object name Ratis:service=RaftServer,group=group-B0177E16FA4C,id=294c00a8-ed7b-4480-8a86-47ae2c52968d
2019-10-01 11:05:39,611 [ForkJoinPool.commonPool-worker-1] INFO  impl.RoleInfo (RoleInfo.java:shutdownFollowerState(121)) - 294c00a8-ed7b-4480-8a86-47ae2c52968d: shutdown FollowerState
2019-10-01 11:05:39,611 [ForkJoinPool.commonPool-worker-1] INFO  impl.StateMachineUpdater (StateMachineUpdater.java:stopAndJoin(125)) - 294c00a8-ed7b-4480-8a86-47ae2c52968d@group-B0177E16FA4C-StateMachineUpdater: set stopIndex = 17
2019-10-01 11:05:39,611 [Thread-3088] INFO  impl.FollowerState (FollowerState.java:run(115)) - 294c00a8-ed7b-4480-8a86-47ae2c52968d: FollowerState was interrupted: java.lang.InterruptedException: sleep interrupted
2019-10-01 11:05:39,611 [294c00a8-ed7b-4480-8a86-47ae2c52968d@group-B0177E16FA4C-StateMachineUpdater] INFO  ratis.ContainerStateMachine (ContainerStateMachine.java:takeSnapshot(289)) - group-B0177E16FA4C: Taking a snapshot at:(t:1, i:13) file /workdir/hadoop-ozone/integration-test/target/test-dir/MiniOzoneClusterImpl-2f0d656a-aa1e-467a-b42c-bab793932067/datanode-2/data/ratis/c1b66a1c-e67e-4da1-aed7-b0177e16fa4c/sm/snapshot.1_13
2019-10-01 11:05:39,621 [a0542a7b-209e-454b-9c7f-cabfc7f4e589@group-C42412B5D746-StateMachineUpdater] INFO  ratis.ContainerStateMachine (ContainerStateMachine.java:takeSnapshot(300)) - group-C42412B5D746: Finished taking a snapshot at:(t:1, i:14) file:/workdir/hadoop-ozone/integration-test/target/test-dir/MiniOzoneClusterImpl-2f0d656a-aa1e-467a-b42c-bab793932067/datanode-4/data/ratis/93057f9d-6f40-4b87-bc98-c42412b5d746/sm/snapshot.1_14 time:27
2019-10-01 11:05:39,622 [a0542a7b-209e-454b-9c7f-cabfc7f4e589@group-C42412B5D746-StateMachineUpdater] INFO  impl.StateMachineUpdater (StateMachineUpdater.java:takeSnapshot(258)) - a0542a7b-209e-454b-9c7f-cabfc7f4e589@group-C42412B5D746-StateMachineUpdater: Took a snapshot at index 14
2019-10-01 11:05:39,622 [a0542a7b-209e-454b-9c7f-cabfc7f4e589@group-C42412B5D746-StateMachineUpdater] INFO  impl.StateMachineUpdater (StateMachineUpdater.java:lambda$new$0(83)) - a0542a7b-209e-454b-9c7f-cabfc7f4e589@group-C42412B5D746-StateMachineUpdater: snapshotIndex: updateIncreasingly -1 -> 14
2019-10-01 11:05:39,622 [a0542a7b-209e-454b-9c7f-cabfc7f4e589@group-C42412B5D746-StateMachineUpdater] INFO  ratis.ContainerStateMachine (ContainerStateMachine.java:takeSnapshot(289)) - group-C42412B5D746: Taking a snapshot at:(t:1, i:14) file /workdir/hadoop-ozone/integration-test/target/test-dir/MiniOzoneClusterImpl-2f0d656a-aa1e-467a-b42c-bab793932067/datanode-4/data/ratis/93057f9d-6f40-4b87-bc98-c42412b5d746/sm/snapshot.1_14
2019-10-01 11:05:39,623 [294c00a8-ed7b-4480-8a86-47ae2c52968d@group-B0177E16FA4C-StateMachineUpdater] INFO  ratis.ContainerStateMachine (ContainerStateMachine.java:takeSnapshot(300)) - group-B0177E16FA4C: Finished taking a snapshot at:(t:1, i:13) file:/workdir/hadoop-ozone/integration-test/target/test-dir/MiniOzoneClusterImpl-2f0d656a-aa1e-467a-b42c-bab793932067/datanode-2/data/ratis/c1b66a1c-e67e-4da1-aed7-b0177e16fa4c/sm/snapshot.1_13 time:12
2019-10-01 11:05:39,624 [294c00a8-ed7b-4480-8a86-47ae2c52968d@group-B0177E16FA4C-StateMachineUpdater] INFO  impl.StateMachineUpdater (StateMachineUpdater.java:takeSnapshot(258)) - 294c00a8-ed7b-4480-8a86-47ae2c52968d@group-B0177E16FA4C-StateMachineUpdater: Took a snapshot at index 13
2019-10-01 11:05:39,624 [294c00a8-ed7b-4480-8a86-47ae2c52968d@group-B0177E16FA4C-StateMachineUpdater] INFO  impl.StateMachineUpdater (StateMachineUpdater.java:lambda$new$0(83)) - 294c00a8-ed7b-4480-8a86-47ae2c52968d@group-B0177E16FA4C-StateMachineUpdater: snapshotIndex: updateIncreasingly -1 -> 13
2019-10-01 11:05:39,624 [294c00a8-ed7b-4480-8a86-47ae2c52968d@group-B0177E16FA4C-StateMachineUpdater] INFO  ratis.ContainerStateMachine (ContainerStateMachine.java:takeSnapshot(289)) - group-B0177E16FA4C: Taking a snapshot at:(t:1, i:13) file /workdir/hadoop-ozone/integration-test/target/test-dir/MiniOzoneClusterImpl-2f0d656a-aa1e-467a-b42c-bab793932067/datanode-2/data/ratis/c1b66a1c-e67e-4da1-aed7-b0177e16fa4c/sm/snapshot.1_13
2019-10-01 11:05:39,625 [a0542a7b-209e-454b-9c7f-cabfc7f4e589@group-C42412B5D746-StateMachineUpdater] INFO  ratis.ContainerStateMachine (ContainerStateMachine.java:takeSnapshot(300)) - group-C42412B5D746: Finished taking a snapshot at:(t:1, i:14) file:/workdir/hadoop-ozone/integration-test/target/test-dir/MiniOzoneClusterImpl-2f0d656a-aa1e-467a-b42c-bab793932067/datanode-4/data/ratis/93057f9d-6f40-4b87-bc98-c42412b5d746/sm/snapshot.1_14 time:3
2019-10-01 11:05:39,625 [a0542a7b-209e-454b-9c7f-cabfc7f4e589@group-C42412B5D746-StateMachineUpdater] INFO  impl.StateMachineUpdater (StateMachineUpdater.java:takeSnapshot(258)) - a0542a7b-209e-454b-9c7f-cabfc7f4e589@group-C42412B5D746-StateMachineUpdater: Took a snapshot at index 14
2019-10-01 11:05:39,625 [a0542a7b-209e-454b-9c7f-cabfc7f4e589@group-C42412B5D746-StateMachineUpdater] INFO  impl.StateMachineUpdater (StateMachineUpdater.java:lambda$new$0(83)) - a0542a7b-209e-454b-9c7f-cabfc7f4e589@group-C42412B5D746-StateMachineUpdater: snapshotIndex: updateIncreasingly 14 -> 14
2019-10-01 11:05:39,626 [main] INFO  impl.RaftServerImpl (ServerState.java:close(385)) - a0542a7b-209e-454b-9c7f-cabfc7f4e589@group-C42412B5D746: closes. applyIndex: 16
2019-10-01 11:05:39,626 [a0542a7b-209e-454b-9c7f-cabfc7f4e589@group-C42412B5D746-SegmentedRaftLogWorker] INFO  segmented.SegmentedRaftLogWorker (SegmentedRaftLogWorker.java:run(313)) - a0542a7b-209e-454b-9c7f-cabfc7f4e589@group-C42412B5D746-SegmentedRaftLogWorker was interrupted, exiting. There are 0 tasks remaining in the queue.
2019-10-01 11:05:39,628 [294c00a8-ed7b-4480-8a86-47ae2c52968d@group-B0177E16FA4C-StateMachineUpdater] INFO  ratis.ContainerStateMachine (ContainerStateMachine.java:takeSnapshot(300)) - group-B0177E16FA4C: Finished taking a snapshot at:(t:1, i:13) file:/workdir/hadoop-ozone/integration-test/target/test-dir/MiniOzoneClusterImpl-2f0d656a-aa1e-467a-b42c-bab793932067/datanode-2/data/ratis/c1b66a1c-e67e-4da1-aed7-b0177e16fa4c/sm/snapshot.1_13 time:5
2019-10-01 11:05:39,628 [main] INFO  segmented.SegmentedRaftLogWorker (SegmentedRaftLogWorker.java:close(228)) - a0542a7b-209e-454b-9c7f-cabfc7f4e589@group-C42412B5D746-SegmentedRaftLogWorker close()
2019-10-01 11:05:39,628 [294c00a8-ed7b-4480-8a86-47ae2c52968d@group-B0177E16FA4C-StateMachineUpdater] INFO  impl.StateMachineUpdater (StateMachineUpdater.java:takeSnapshot(258)) - 294c00a8-ed7b-4480-8a86-47ae2c52968d@group-B0177E16FA4C-StateMachineUpdater: Took a snapshot at index 13
2019-10-01 11:05:39,631 [main] INFO  impl.RaftServerImpl (RaftServerImpl.java:lambda$shutdown$3(251)) - a0542a7b-209e-454b-9c7f-cabfc7f4e589@group-A60C9D49D917: shutdown
2019-10-01 11:05:39,631 [294c00a8-ed7b-4480-8a86-47ae2c52968d@group-B0177E16FA4C-StateMachineUpdater] INFO  impl.StateMachineUpdater (StateMachineUpdater.java:lambda$new$0(83)) - 294c00a8-ed7b-4480-8a86-47ae2c52968d@group-B0177E16FA4C-StateMachineUpdater: snapshotIndex: updateIncreasingly 13 -> 13
2019-10-01 11:05:39,632 [main] INFO  util.JmxRegister (JmxRegister.java:unregister(73)) - Successfully un-registered JMX Bean with object name Ratis:service=RaftServer,group=group-A60C9D49D917,id=a0542a7b-209e-454b-9c7f-cabfc7f4e589
2019-10-01 11:05:39,632 [ForkJoinPool.commonPool-worker-1] INFO  impl.RaftServerImpl (ServerState.java:close(385)) - 294c00a8-ed7b-4480-8a86-47ae2c52968d@group-B0177E16FA4C: closes. applyIndex: 17
2019-10-01 11:05:39,632 [main] INFO  impl.RoleInfo (RoleInfo.java:shutdownLeaderState(104)) - a0542a7b-209e-454b-9c7f-cabfc7f4e589: shutdown LeaderState
2019-10-01 11:05:39,633 [294c00a8-ed7b-4480-8a86-47ae2c52968d@group-B0177E16FA4C-SegmentedRaftLogWorker] INFO  segmented.SegmentedRaftLogWorker (SegmentedRaftLogWorker.java:run(313)) - 294c00a8-ed7b-4480-8a86-47ae2c52968d@group-B0177E16FA4C-SegmentedRaftLogWorker was interrupted, exiting. There are 0 tasks remaining in the queue.
2019-10-01 11:05:39,633 [main] INFO  impl.PendingRequests (PendingRequests.java:sendNotLeaderResponses(202)) - a0542a7b-209e-454b-9c7f-cabfc7f4e589-PendingRequests: sendNotLeaderResponses
2019-10-01 11:05:39,635 [ForkJoinPool.commonPool-worker-1] INFO  segmented.SegmentedRaftLogWorker (SegmentedRaftLogWorker.java:close(228)) - 294c00a8-ed7b-4480-8a86-47ae2c52968d@group-B0177E16FA4C-SegmentedRaftLogWorker close()
2019-10-01 11:05:39,635 [main] INFO  impl.StateMachineUpdater (StateMachineUpdater.java:stopAndJoin(125)) - a0542a7b-209e-454b-9c7f-cabfc7f4e589@group-A60C9D49D917-StateMachineUpdater: set stopIndex = 0
2019-10-01 11:05:39,638 [ForkJoinPool.commonPool-worker-1] INFO  server.GrpcService (GrpcService.java:closeImpl(164)) - 294c00a8-ed7b-4480-8a86-47ae2c52968d: shutdown server with port 45512 now
2019-10-01 11:05:39,638 [main] INFO  impl.RaftServerImpl (ServerState.java:close(385)) - a0542a7b-209e-454b-9c7f-cabfc7f4e589@group-A60C9D49D917: closes. applyIndex: 0
2019-10-01 11:05:39,639 [a0542a7b-209e-454b-9c7f-cabfc7f4e589@group-A60C9D49D917-SegmentedRaftLogWorker] INFO  segmented.SegmentedRaftLogWorker (SegmentedRaftLogWorker.java:run(313)) - a0542a7b-209e-454b-9c7f-cabfc7f4e589@group-A60C9D49D917-SegmentedRaftLogWorker was interrupted, exiting. There are 0 tasks remaining in the queue.
2019-10-01 11:05:39,641 [main] INFO  segmented.SegmentedRaftLogWorker (SegmentedRaftLogWorker.java:close(228)) - a0542a7b-209e-454b-9c7f-cabfc7f4e589@group-A60C9D49D917-SegmentedRaftLogWorker close()
2019-10-01 11:05:39,644 [main] INFO  server.GrpcService (GrpcService.java:closeImpl(164)) - a0542a7b-209e-454b-9c7f-cabfc7f4e589: shutdown server with port 33879 now
2019-10-01 11:05:39,645 [grpc-default-executor-10] WARN  server.GrpcServerProtocolService (LogUtils.java:warn(134)) - 294c00a8-ed7b-4480-8a86-47ae2c52968d: installSnapshot onError, lastRequest: 4dc49964-fbf6-40e6-8571-06acdd79f4d1->294c00a8-ed7b-4480-8a86-47ae2c52968d#4-t2, previous=(t:2, i:17), leaderCommit=17, initializing? false, entries: <empty>: org.apache.ratis.thirdparty.io.grpc.StatusRuntimeException: CANCELLED: cancelled before receiving half close
2019-10-01 11:05:39,645 [ForkJoinPool.commonPool-worker-1] INFO  server.GrpcService (GrpcService.java:closeImpl(172)) - 294c00a8-ed7b-4480-8a86-47ae2c52968d: shutdown server with port 45512 successfully
2019-10-01 11:05:39,645 [grpc-default-executor-9] WARN  server.GrpcLogAppender (LogUtils.java:warn(134)) - 4dc49964-fbf6-40e6-8571-06acdd79f4d1@group-B0177E16FA4C->294c00a8-ed7b-4480-8a86-47ae2c52968d-AppendLogResponseHandler: Failed appendEntries: org.apache.ratis.thirdparty.io.grpc.StatusRuntimeException: CANCELLED: HTTP/2 error code: CANCEL
Received Rst Stream
2019-10-01 11:05:39,645 [grpc-default-executor-4] WARN  server.GrpcLogAppender (LogUtils.java:warn(134)) - 1196e49d-1b59-42ef-aa7f-1f5da4b257dd@group-C42412B5D746->a0542a7b-209e-454b-9c7f-cabfc7f4e589-AppendLogResponseHandler: Failed appendEntries: org.apache.ratis.thirdparty.io.grpc.StatusRuntimeException: CANCELLED: HTTP/2 error code: CANCEL
Received Rst Stream
2019-10-01 11:05:39,645 [grpc-default-executor-8] WARN  server.GrpcServerProtocolService (LogUtils.java:warn(134)) - a0542a7b-209e-454b-9c7f-cabfc7f4e589: installSnapshot onError, lastRequest: 1196e49d-1b59-42ef-aa7f-1f5da4b257dd->a0542a7b-209e-454b-9c7f-cabfc7f4e589#25-t1, previous=(t:1, i:16), leaderCommit=16, initializing? false, entries: <empty>: org.apache.ratis.thirdparty.io.grpc.StatusRuntimeException: CANCELLED: cancelled before receiving half close
2019-10-01 11:05:39,645 [main] INFO  server.GrpcService (GrpcService.java:closeImpl(172)) - a0542a7b-209e-454b-9c7f-cabfc7f4e589: shutdown server with port 33879 successfully
2019-10-01 11:05:39,645 [grpc-default-executor-9] INFO  impl.FollowerInfo (FollowerInfo.java:lambda$new$0(51)) - 4dc49964-fbf6-40e6-8571-06acdd79f4d1@group-B0177E16FA4C->294c00a8-ed7b-4480-8a86-47ae2c52968d: nextIndex: updateUnconditionally 18 -> 17
2019-10-01 11:05:39,645 [grpc-default-executor-4] INFO  impl.FollowerInfo (FollowerInfo.java:lambda$new$0(51)) - 1196e49d-1b59-42ef-aa7f-1f5da4b257dd@group-C42412B5D746->a0542a7b-209e-454b-9c7f-cabfc7f4e589: nextIndex: updateUnconditionally 17 -> 16
2019-10-01 11:05:39,648 [refreshUsed-/workdir/hadoop-ozone/integration-test/target/test-dir/MiniOzoneClusterImpl-2f0d656a-aa1e-467a-b42c-bab793932067/datanode-2/data/containers] WARN  fs.CachingGetSpaceUsed (CachingGetSpaceUsed.java:run(183)) - Thread Interrupted waiting to refresh disk information: sleep interrupted
2019-10-01 11:05:39,650 [refreshUsed-/workdir/hadoop-ozone/integration-test/target/test-dir/MiniOzoneClusterImpl-2f0d656a-aa1e-467a-b42c-bab793932067/datanode-4/data/containers] WARN  fs.CachingGetSpaceUsed (CachingGetSpaceUsed.java:run(183)) - Thread Interrupted waiting to refresh disk information: sleep interrupted
2019-10-01 11:05:39,663 [main] INFO  utils.BackgroundService (BackgroundService.java:shutdown(148)) - Shutting down service BlockDeletingService
2019-10-01 11:05:39,668 [main] INFO  statemachine.DatanodeStateMachine (DatanodeStateMachine.java:stopDaemon(395)) - Ozone container server stopped.
2019-10-01 11:05:39,670 [main] INFO  handler.ContextHandler (ContextHandler.java:doStop(910)) - Stopped o.e.j.w.WebAppContext@7911cc15{/,null,UNAVAILABLE}{/hddsDatanode}
2019-10-01 11:05:39,670 [main] INFO  server.AbstractConnector (AbstractConnector.java:doStop(318)) - Stopped ServerConnector@4409cae6{HTTP/1.1,[http/1.1]}{0.0.0.0:0}
2019-10-01 11:05:39,671 [main] INFO  handler.ContextHandler (ContextHandler.java:doStop(910)) - Stopped o.e.j.s.ServletContextHandler@20cff21e{/static,jar:file:/home/user/.m2/repository/org/apache/hadoop/hadoop-hdds-container-service/0.5.0-SNAPSHOT/hadoop-hdds-container-service-0.5.0-SNAPSHOT.jar!/webapps/static,UNAVAILABLE}
2019-10-01 11:05:39,671 [main] INFO  handler.ContextHandler (ContextHandler.java:doStop(910)) - Stopped o.e.j.s.ServletContextHandler@458031da{/logs,file:///workdir/hadoop-ozone/integration-test/target/log,UNAVAILABLE}
2019-10-01 11:05:39,674 [ForkJoinPool.commonPool-worker-1] INFO  utils.BackgroundService (BackgroundService.java:shutdown(148)) - Shutting down service BlockDeletingService
2019-10-01 11:05:39,678 [ForkJoinPool.commonPool-worker-1] INFO  statemachine.DatanodeStateMachine (DatanodeStateMachine.java:stopDaemon(395)) - Ozone container server stopped.
2019-10-01 11:05:39,683 [ForkJoinPool.commonPool-worker-1] INFO  handler.ContextHandler (ContextHandler.java:doStop(910)) - Stopped o.e.j.w.WebAppContext@30b3d899{/,null,UNAVAILABLE}{/hddsDatanode}
2019-10-01 11:05:39,683 [ForkJoinPool.commonPool-worker-1] INFO  server.AbstractConnector (AbstractConnector.java:doStop(318)) - Stopped ServerConnector@78d92eef{HTTP/1.1,[http/1.1]}{0.0.0.0:0}
2019-10-01 11:05:39,685 [ForkJoinPool.commonPool-worker-1] INFO  handler.ContextHandler (ContextHandler.java:doStop(910)) - Stopped o.e.j.s.ServletContextHandler@2d206a71{/static,jar:file:/home/user/.m2/repository/org/apache/hadoop/hadoop-hdds-container-service/0.5.0-SNAPSHOT/hadoop-hdds-container-service-0.5.0-SNAPSHOT.jar!/webapps/static,UNAVAILABLE}
2019-10-01 11:05:39,686 [ForkJoinPool.commonPool-worker-1] INFO  handler.ContextHandler (ContextHandler.java:doStop(910)) - Stopped o.e.j.s.ServletContextHandler@37775bb1{/logs,file:///workdir/hadoop-ozone/integration-test/target/log,UNAVAILABLE}
2019-10-01 11:05:40,339 [Datanode State Machine Thread - 0] INFO  statemachine.DatanodeStateMachine (DatanodeStateMachine.java:lambda$startDaemon$0(350)) - Ozone container server started.
2019-10-01 11:05:40,669 [Datanode State Machine Thread - 0] INFO  statemachine.DatanodeStateMachine (DatanodeStateMachine.java:lambda$startDaemon$0(350)) - Ozone container server started.
2019-10-01 11:05:41,172 [grpc-default-executor-8] WARN  server.GrpcLogAppender (LogUtils.java:warn(134)) - 4dc49964-fbf6-40e6-8571-06acdd79f4d1@group-B0177E16FA4C->a49ce009-7bbe-4dc3-8e8a-67ff17c33fdc-AppendLogResponseHandler: Failed appendEntries: org.apache.ratis.thirdparty.io.grpc.StatusRuntimeException: UNAVAILABLE: io exception
2019-10-01 11:05:41,173 [grpc-default-executor-8] INFO  impl.FollowerInfo (FollowerInfo.java:lambda$new$0(51)) - 4dc49964-fbf6-40e6-8571-06acdd79f4d1@group-B0177E16FA4C->a49ce009-7bbe-4dc3-8e8a-67ff17c33fdc: nextIndex: updateUnconditionally 0 -> 0
2019-10-01 11:05:41,175 [grpc-default-executor-10] WARN  server.GrpcLogAppender (LogUtils.java:warn(134)) - 4dc49964-fbf6-40e6-8571-06acdd79f4d1@group-B0177E16FA4C->294c00a8-ed7b-4480-8a86-47ae2c52968d-AppendLogResponseHandler: Failed appendEntries: org.apache.ratis.thirdparty.io.grpc.StatusRuntimeException: UNAVAILABLE: io exception
2019-10-01 11:05:41,175 [grpc-default-executor-10] INFO  impl.FollowerInfo (FollowerInfo.java:lambda$new$0(51)) - 4dc49964-fbf6-40e6-8571-06acdd79f4d1@group-B0177E16FA4C->294c00a8-ed7b-4480-8a86-47ae2c52968d: nextIndex: updateUnconditionally 17 -> 16
2019-10-01 11:05:42,044 [grpc-default-executor-4] WARN  server.GrpcLogAppender (LogUtils.java:warn(134)) - 1196e49d-1b59-42ef-aa7f-1f5da4b257dd@group-C42412B5D746->a0542a7b-209e-454b-9c7f-cabfc7f4e589-AppendLogResponseHandler: Failed appendEntries: org.apache.ratis.thirdparty.io.grpc.StatusRuntimeException: UNAVAILABLE: io exception
2019-10-01 11:05:42,045 [grpc-default-executor-4] INFO  impl.FollowerInfo (FollowerInfo.java:lambda$new$0(51)) - 1196e49d-1b59-42ef-aa7f-1f5da4b257dd@group-C42412B5D746->a0542a7b-209e-454b-9c7f-cabfc7f4e589: nextIndex: updateUnconditionally 16 -> 15
2019-10-01 11:05:43,677 [grpc-default-executor-10] WARN  server.GrpcLogAppender (LogUtils.java:warn(134)) - 4dc49964-fbf6-40e6-8571-06acdd79f4d1@group-B0177E16FA4C->294c00a8-ed7b-4480-8a86-47ae2c52968d-AppendLogResponseHandler: Failed appendEntries: org.apache.ratis.thirdparty.io.grpc.StatusRuntimeException: UNAVAILABLE: io exception
2019-10-01 11:05:43,677 [grpc-default-executor-4] WARN  server.GrpcLogAppender (LogUtils.java:warn(134)) - 4dc49964-fbf6-40e6-8571-06acdd79f4d1@group-B0177E16FA4C->a49ce009-7bbe-4dc3-8e8a-67ff17c33fdc-AppendLogResponseHandler: Failed appendEntries: org.apache.ratis.thirdparty.io.grpc.StatusRuntimeException: UNAVAILABLE: io exception
2019-10-01 11:05:43,678 [grpc-default-executor-10] INFO  impl.FollowerInfo (FollowerInfo.java:lambda$new$0(51)) - 4dc49964-fbf6-40e6-8571-06acdd79f4d1@group-B0177E16FA4C->294c00a8-ed7b-4480-8a86-47ae2c52968d: nextIndex: updateUnconditionally 16 -> 15
2019-10-01 11:05:43,678 [grpc-default-executor-4] INFO  impl.FollowerInfo (FollowerInfo.java:lambda$new$0(51)) - 4dc49964-fbf6-40e6-8571-06acdd79f4d1@group-B0177E16FA4C->a49ce009-7bbe-4dc3-8e8a-67ff17c33fdc: nextIndex: updateUnconditionally 0 -> 0
2019-10-01 11:05:44,386 [EventQueue-StaleNodeForStaleNodeHandler] INFO  node.StaleNodeHandler (StaleNodeHandler.java:onMessage(58)) - Datanode 1196e49d-1b59-42ef-aa7f-1f5da4b257dd{ip: 192.168.151.80, host: pr-hdds-2214-vjltc-212603711, networkLocation: /default-rack, certSerialId: null} moved to stale state. Finalizing its pipelines [PipelineID=93057f9d-6f40-4b87-bc98-c42412b5d746, PipelineID=23338210-c649-4477-bbca-89283efa4342]
2019-10-01 11:05:44,387 [EventQueue-StaleNodeForStaleNodeHandler] INFO  pipeline.SCMPipelineManager (SCMPipelineManager.java:finalizeAndDestroyPipeline(315)) - destroying pipeline:Pipeline[ Id: 93057f9d-6f40-4b87-bc98-c42412b5d746, Nodes: 1196e49d-1b59-42ef-aa7f-1f5da4b257dd{ip: 192.168.151.80, host: pr-hdds-2214-vjltc-212603711, networkLocation: /default-rack, certSerialId: null}f765dc21-b071-4575-9ea9-6094ab6876f1{ip: 192.168.151.80, host: pr-hdds-2214-vjltc-212603711, networkLocation: /default-rack, certSerialId: null}a0542a7b-209e-454b-9c7f-cabfc7f4e589{ip: 192.168.151.80, host: pr-hdds-2214-vjltc-212603711, networkLocation: /default-rack, certSerialId: null}, Type:RATIS, Factor:THREE, State:CLOSED]
2019-10-01 11:05:44,388 [EventQueue-StaleNodeForStaleNodeHandler] INFO  pipeline.SCMPipelineManager (SCMPipelineManager.java:finalizeAndDestroyPipeline(315)) - destroying pipeline:Pipeline[ Id: 23338210-c649-4477-bbca-89283efa4342, Nodes: 1196e49d-1b59-42ef-aa7f-1f5da4b257dd{ip: 192.168.151.80, host: pr-hdds-2214-vjltc-212603711, networkLocation: /default-rack, certSerialId: null}, Type:RATIS, Factor:ONE, State:OPEN]
2019-10-01 11:05:44,388 [EventQueue-StaleNodeForStaleNodeHandler] INFO  pipeline.PipelineStateManager (PipelineStateManager.java:finalizePipeline(123)) - Pipeline Pipeline[ Id: 23338210-c649-4477-bbca-89283efa4342, Nodes: 1196e49d-1b59-42ef-aa7f-1f5da4b257dd{ip: 192.168.151.80, host: pr-hdds-2214-vjltc-212603711, networkLocation: /default-rack, certSerialId: null}, Type:RATIS, Factor:ONE, State:CLOSED] moved to CLOSED state
2019-10-01 11:05:44,547 [grpc-default-executor-4] WARN  server.GrpcLogAppender (LogUtils.java:warn(134)) - 1196e49d-1b59-42ef-aa7f-1f5da4b257dd@group-C42412B5D746->a0542a7b-209e-454b-9c7f-cabfc7f4e589-AppendLogResponseHandler: Failed appendEntries: org.apache.ratis.thirdparty.io.grpc.StatusRuntimeException: UNAVAILABLE: io exception
2019-10-01 11:05:44,551 [grpc-default-executor-4] INFO  impl.FollowerInfo (FollowerInfo.java:lambda$new$0(51)) - 1196e49d-1b59-42ef-aa7f-1f5da4b257dd@group-C42412B5D746->a0542a7b-209e-454b-9c7f-cabfc7f4e589: nextIndex: updateUnconditionally 15 -> 14
2019-10-01 11:05:44,673 [main] INFO  ozoneimpl.OzoneContainer (OzoneContainer.java:stop(231)) - Attempting to stop container services.
2019-10-01 11:05:44,674 [main] INFO  impl.RaftServerProxy (RaftServerProxy.java:lambda$close$4(314)) - 1196e49d-1b59-42ef-aa7f-1f5da4b257dd: close
2019-10-01 11:05:44,675 [main] INFO  impl.RaftServerImpl (RaftServerImpl.java:lambda$shutdown$3(251)) - 1196e49d-1b59-42ef-aa7f-1f5da4b257dd@group-C42412B5D746: shutdown
2019-10-01 11:05:44,675 [main] INFO  util.JmxRegister (JmxRegister.java:unregister(73)) - Successfully un-registered JMX Bean with object name Ratis:service=RaftServer,group=group-C42412B5D746,id=1196e49d-1b59-42ef-aa7f-1f5da4b257dd
2019-10-01 11:05:44,676 [main] INFO  impl.RoleInfo (RoleInfo.java:shutdownLeaderState(104)) - 1196e49d-1b59-42ef-aa7f-1f5da4b257dd: shutdown LeaderState
2019-10-01 11:05:44,680 [org.apache.ratis.server.impl.LogAppender$AppenderDaemon$$Lambda$539/123301283@27d7fec5] WARN  server.GrpcLogAppender (GrpcLogAppender.java:mayWait(143)) - 1196e49d-1b59-42ef-aa7f-1f5da4b257dd@group-C42412B5D746->a0542a7b-209e-454b-9c7f-cabfc7f4e589-GrpcLogAppender: Wait interrupted by java.lang.InterruptedException
2019-10-01 11:05:44,680 [org.apache.ratis.server.impl.LogAppender$AppenderDaemon$$Lambda$539/123301283@497fce8] WARN  server.GrpcLogAppender (GrpcLogAppender.java:mayWait(143)) - 1196e49d-1b59-42ef-aa7f-1f5da4b257dd@group-C42412B5D746->f765dc21-b071-4575-9ea9-6094ab6876f1-GrpcLogAppender: Wait interrupted by java.lang.InterruptedException
2019-10-01 11:05:44,680 [main] INFO  impl.PendingRequests (PendingRequests.java:sendNotLeaderResponses(202)) - 1196e49d-1b59-42ef-aa7f-1f5da4b257dd-PendingRequests: sendNotLeaderResponses
2019-10-01 11:05:44,685 [grpc-default-executor-10] INFO  server.GrpcServerProtocolService (GrpcServerProtocolService.java:onCompleted(113)) - f765dc21-b071-4575-9ea9-6094ab6876f1: Completed APPEND_ENTRIES, lastRequest: 1196e49d-1b59-42ef-aa7f-1f5da4b257dd->f765dc21-b071-4575-9ea9-6094ab6876f1#27-t1, previous=(t:1, i:16), leaderCommit=16, initializing? false, entries: <empty>
2019-10-01 11:05:44,685 [main] INFO  impl.StateMachineUpdater (StateMachineUpdater.java:stopAndJoin(125)) - 1196e49d-1b59-42ef-aa7f-1f5da4b257dd@group-C42412B5D746-StateMachineUpdater: set stopIndex = 16
2019-10-01 11:05:44,686 [grpc-default-executor-10] INFO  server.GrpcLogAppender (GrpcLogAppender.java:onCompleted(293)) - 1196e49d-1b59-42ef-aa7f-1f5da4b257dd@group-C42412B5D746->f765dc21-b071-4575-9ea9-6094ab6876f1-AppendLogResponseHandler: follower responses appendEntries COMPLETED
2019-10-01 11:05:44,686 [1196e49d-1b59-42ef-aa7f-1f5da4b257dd@group-C42412B5D746-StateMachineUpdater] INFO  ratis.ContainerStateMachine (ContainerStateMachine.java:takeSnapshot(289)) - group-C42412B5D746: Taking a snapshot at:(t:1, i:14) file /workdir/hadoop-ozone/integration-test/target/test-dir/MiniOzoneClusterImpl-2f0d656a-aa1e-467a-b42c-bab793932067/datanode-3/data/ratis/93057f9d-6f40-4b87-bc98-c42412b5d746/sm/snapshot.1_14
2019-10-01 11:05:44,687 [grpc-default-executor-10] INFO  impl.FollowerInfo (FollowerInfo.java:lambda$new$0(51)) - 1196e49d-1b59-42ef-aa7f-1f5da4b257dd@group-C42412B5D746->f765dc21-b071-4575-9ea9-6094ab6876f1: nextIndex: updateUnconditionally 17 -> 16
2019-10-01 11:05:44,686 [EventQueue-StaleNodeForStaleNodeHandler] INFO  node.StaleNodeHandler (StaleNodeHandler.java:onMessage(58)) - Datanode 4dc49964-fbf6-40e6-8571-06acdd79f4d1{ip: 192.168.151.80, host: pr-hdds-2214-vjltc-212603711, networkLocation: /default-rack, certSerialId: null} moved to stale state. Finalizing its pipelines [PipelineID=4f43cf69-94e7-4fd9-a864-8c46f4831d92, PipelineID=c1b66a1c-e67e-4da1-aed7-b0177e16fa4c]
2019-10-01 11:05:44,687 [EventQueue-StaleNodeForStaleNodeHandler] INFO  pipeline.SCMPipelineManager (SCMPipelineManager.java:finalizeAndDestroyPipeline(315)) - destroying pipeline:Pipeline[ Id: 4f43cf69-94e7-4fd9-a864-8c46f4831d92, Nodes: 4dc49964-fbf6-40e6-8571-06acdd79f4d1{ip: 192.168.151.80, host: pr-hdds-2214-vjltc-212603711, networkLocation: /default-rack, certSerialId: null}, Type:RATIS, Factor:ONE, State:OPEN]
2019-10-01 11:05:44,687 [EventQueue-StaleNodeForStaleNodeHandler] INFO  pipeline.PipelineStateManager (PipelineStateManager.java:finalizePipeline(123)) - Pipeline Pipeline[ Id: 4f43cf69-94e7-4fd9-a864-8c46f4831d92, Nodes: 4dc49964-fbf6-40e6-8571-06acdd79f4d1{ip: 192.168.151.80, host: pr-hdds-2214-vjltc-212603711, networkLocation: /default-rack, certSerialId: null}, Type:RATIS, Factor:ONE, State:CLOSED] moved to CLOSED state
2019-10-01 11:05:44,687 [EventQueue-StaleNodeForStaleNodeHandler] INFO  pipeline.SCMPipelineManager (SCMPipelineManager.java:finalizeAndDestroyPipeline(315)) - destroying pipeline:Pipeline[ Id: c1b66a1c-e67e-4da1-aed7-b0177e16fa4c, Nodes: a49ce009-7bbe-4dc3-8e8a-67ff17c33fdc{ip: 192.168.151.80, host: pr-hdds-2214-vjltc-212603711, networkLocation: /default-rack, certSerialId: null}4dc49964-fbf6-40e6-8571-06acdd79f4d1{ip: 192.168.151.80, host: pr-hdds-2214-vjltc-212603711, networkLocation: /default-rack, certSerialId: null}294c00a8-ed7b-4480-8a86-47ae2c52968d{ip: 192.168.151.80, host: pr-hdds-2214-vjltc-212603711, networkLocation: /default-rack, certSerialId: null}, Type:RATIS, Factor:THREE, State:CLOSED]
2019-10-01 11:05:44,689 [ForkJoinPool.commonPool-worker-1] INFO  ozoneimpl.OzoneContainer (OzoneContainer.java:stop(231)) - Attempting to stop container services.
2019-10-01 11:05:44,689 [ForkJoinPool.commonPool-worker-1] INFO  impl.RaftServerProxy (RaftServerProxy.java:lambda$close$4(314)) - 4dc49964-fbf6-40e6-8571-06acdd79f4d1: close
2019-10-01 11:05:44,690 [ForkJoinPool.commonPool-worker-1] INFO  impl.RaftServerImpl (RaftServerImpl.java:lambda$shutdown$3(251)) - 4dc49964-fbf6-40e6-8571-06acdd79f4d1@group-8C46F4831D92: shutdown
2019-10-01 11:05:44,690 [ForkJoinPool.commonPool-worker-1] INFO  util.JmxRegister (JmxRegister.java:unregister(73)) - Successfully un-registered JMX Bean with object name Ratis:service=RaftServer,group=group-8C46F4831D92,id=4dc49964-fbf6-40e6-8571-06acdd79f4d1
2019-10-01 11:05:44,690 [ForkJoinPool.commonPool-worker-1] INFO  impl.RoleInfo (RoleInfo.java:shutdownLeaderState(104)) - 4dc49964-fbf6-40e6-8571-06acdd79f4d1: shutdown LeaderState
2019-10-01 11:05:44,690 [ForkJoinPool.commonPool-worker-1] INFO  impl.PendingRequests (PendingRequests.java:sendNotLeaderResponses(202)) - 4dc49964-fbf6-40e6-8571-06acdd79f4d1-PendingRequests: sendNotLeaderResponses
2019-10-01 11:05:44,691 [ForkJoinPool.commonPool-worker-1] INFO  impl.StateMachineUpdater (StateMachineUpdater.java:stopAndJoin(125)) - 4dc49964-fbf6-40e6-8571-06acdd79f4d1@group-8C46F4831D92-StateMachineUpdater: set stopIndex = 0
2019-10-01 11:05:44,691 [ForkJoinPool.commonPool-worker-1] INFO  impl.RaftServerImpl (ServerState.java:close(385)) - 4dc49964-fbf6-40e6-8571-06acdd79f4d1@group-8C46F4831D92: closes. applyIndex: 0
2019-10-01 11:05:44,692 [4dc49964-fbf6-40e6-8571-06acdd79f4d1@group-8C46F4831D92-SegmentedRaftLogWorker] INFO  segmented.SegmentedRaftLogWorker (SegmentedRaftLogWorker.java:run(313)) - 4dc49964-fbf6-40e6-8571-06acdd79f4d1@group-8C46F4831D92-SegmentedRaftLogWorker was interrupted, exiting. There are 0 tasks remaining in the queue.
2019-10-01 11:05:44,695 [ForkJoinPool.commonPool-worker-1] INFO  segmented.SegmentedRaftLogWorker (SegmentedRaftLogWorker.java:close(228)) - 4dc49964-fbf6-40e6-8571-06acdd79f4d1@group-8C46F4831D92-SegmentedRaftLogWorker close()
2019-10-01 11:05:44,697 [ForkJoinPool.commonPool-worker-1] INFO  impl.RaftServerImpl (RaftServerImpl.java:lambda$shutdown$3(251)) - 4dc49964-fbf6-40e6-8571-06acdd79f4d1@group-B0177E16FA4C: shutdown
2019-10-01 11:05:44,697 [ForkJoinPool.commonPool-worker-1] INFO  util.JmxRegister (JmxRegister.java:unregister(73)) - Successfully un-registered JMX Bean with object name Ratis:service=RaftServer,group=group-B0177E16FA4C,id=4dc49964-fbf6-40e6-8571-06acdd79f4d1
2019-10-01 11:05:44,698 [ForkJoinPool.commonPool-worker-1] INFO  impl.RoleInfo (RoleInfo.java:shutdownLeaderState(104)) - 4dc49964-fbf6-40e6-8571-06acdd79f4d1: shutdown LeaderState
2019-10-01 11:05:44,700 [ForkJoinPool.commonPool-worker-1] INFO  impl.PendingRequests (PendingRequests.java:sendNotLeaderResponses(202)) - 4dc49964-fbf6-40e6-8571-06acdd79f4d1-PendingRequests: sendNotLeaderResponses
2019-10-01 11:05:44,700 [org.apache.ratis.server.impl.LogAppender$AppenderDaemon$$Lambda$539/123301283@246739fe] WARN  server.GrpcLogAppender (GrpcLogAppender.java:mayWait(143)) - 4dc49964-fbf6-40e6-8571-06acdd79f4d1@group-B0177E16FA4C->294c00a8-ed7b-4480-8a86-47ae2c52968d-GrpcLogAppender: Wait interrupted by java.lang.InterruptedException
2019-10-01 11:05:44,701 [1196e49d-1b59-42ef-aa7f-1f5da4b257dd@group-C42412B5D746-StateMachineUpdater] INFO  ratis.ContainerStateMachine (ContainerStateMachine.java:takeSnapshot(300)) - group-C42412B5D746: Finished taking a snapshot at:(t:1, i:14) file:/workdir/hadoop-ozone/integration-test/target/test-dir/MiniOzoneClusterImpl-2f0d656a-aa1e-467a-b42c-bab793932067/datanode-3/data/ratis/93057f9d-6f40-4b87-bc98-c42412b5d746/sm/snapshot.1_14 time:15
2019-10-01 11:05:44,702 [ForkJoinPool.commonPool-worker-1] INFO  impl.StateMachineUpdater (StateMachineUpdater.java:stopAndJoin(125)) - 4dc49964-fbf6-40e6-8571-06acdd79f4d1@group-B0177E16FA4C-StateMachineUpdater: set stopIndex = 17
2019-10-01 11:05:44,700 [org.apache.ratis.server.impl.LogAppender$AppenderDaemon$$Lambda$539/123301283@57b40cc6] WARN  server.GrpcLogAppender (GrpcLogAppender.java:mayWait(143)) - 4dc49964-fbf6-40e6-8571-06acdd79f4d1@group-B0177E16FA4C->a49ce009-7bbe-4dc3-8e8a-67ff17c33fdc-GrpcLogAppender: Wait interrupted by java.lang.InterruptedException
2019-10-01 11:05:44,702 [1196e49d-1b59-42ef-aa7f-1f5da4b257dd@group-C42412B5D746-StateMachineUpdater] INFO  impl.StateMachineUpdater (StateMachineUpdater.java:takeSnapshot(258)) - 1196e49d-1b59-42ef-aa7f-1f5da4b257dd@group-C42412B5D746-StateMachineUpdater: Took a snapshot at index 14
2019-10-01 11:05:44,702 [4dc49964-fbf6-40e6-8571-06acdd79f4d1@group-B0177E16FA4C-StateMachineUpdater] INFO  ratis.ContainerStateMachine (ContainerStateMachine.java:takeSnapshot(289)) - group-B0177E16FA4C: Taking a snapshot at:(t:1, i:13) file /workdir/hadoop-ozone/integration-test/target/test-dir/MiniOzoneClusterImpl-2f0d656a-aa1e-467a-b42c-bab793932067/datanode-0/data/ratis/c1b66a1c-e67e-4da1-aed7-b0177e16fa4c/sm/snapshot.1_13
2019-10-01 11:05:44,702 [1196e49d-1b59-42ef-aa7f-1f5da4b257dd@group-C42412B5D746-StateMachineUpdater] INFO  impl.StateMachineUpdater (StateMachineUpdater.java:lambda$new$0(83)) - 1196e49d-1b59-42ef-aa7f-1f5da4b257dd@group-C42412B5D746-StateMachineUpdater: snapshotIndex: updateIncreasingly -1 -> 14
2019-10-01 11:05:44,703 [1196e49d-1b59-42ef-aa7f-1f5da4b257dd@group-C42412B5D746-StateMachineUpdater] INFO  ratis.ContainerStateMachine (ContainerStateMachine.java:takeSnapshot(289)) - group-C42412B5D746: Taking a snapshot at:(t:1, i:14) file /workdir/hadoop-ozone/integration-test/target/test-dir/MiniOzoneClusterImpl-2f0d656a-aa1e-467a-b42c-bab793932067/datanode-3/data/ratis/93057f9d-6f40-4b87-bc98-c42412b5d746/sm/snapshot.1_14
2019-10-01 11:05:44,715 [1196e49d-1b59-42ef-aa7f-1f5da4b257dd@group-C42412B5D746-StateMachineUpdater] INFO  ratis.ContainerStateMachine (ContainerStateMachine.java:takeSnapshot(300)) - group-C42412B5D746: Finished taking a snapshot at:(t:1, i:14) file:/workdir/hadoop-ozone/integration-test/target/test-dir/MiniOzoneClusterImpl-2f0d656a-aa1e-467a-b42c-bab793932067/datanode-3/data/ratis/93057f9d-6f40-4b87-bc98-c42412b5d746/sm/snapshot.1_14 time:12
2019-10-01 11:05:44,715 [4dc49964-fbf6-40e6-8571-06acdd79f4d1@group-B0177E16FA4C-StateMachineUpdater] INFO  ratis.ContainerStateMachine (ContainerStateMachine.java:takeSnapshot(300)) - group-B0177E16FA4C: Finished taking a snapshot at:(t:1, i:13) file:/workdir/hadoop-ozone/integration-test/target/test-dir/MiniOzoneClusterImpl-2f0d656a-aa1e-467a-b42c-bab793932067/datanode-0/data/ratis/c1b66a1c-e67e-4da1-aed7-b0177e16fa4c/sm/snapshot.1_13 time:13
2019-10-01 11:05:44,716 [1196e49d-1b59-42ef-aa7f-1f5da4b257dd@group-C42412B5D746-StateMachineUpdater] INFO  impl.StateMachineUpdater (StateMachineUpdater.java:takeSnapshot(258)) - 1196e49d-1b59-42ef-aa7f-1f5da4b257dd@group-C42412B5D746-StateMachineUpdater: Took a snapshot at index 14
2019-10-01 11:05:44,716 [1196e49d-1b59-42ef-aa7f-1f5da4b257dd@group-C42412B5D746-StateMachineUpdater] INFO  impl.StateMachineUpdater (StateMachineUpdater.java:lambda$new$0(83)) - 1196e49d-1b59-42ef-aa7f-1f5da4b257dd@group-C42412B5D746-StateMachineUpdater: snapshotIndex: updateIncreasingly 14 -> 14
2019-10-01 11:05:44,716 [main] INFO  impl.RaftServerImpl (ServerState.java:close(385)) - 1196e49d-1b59-42ef-aa7f-1f5da4b257dd@group-C42412B5D746: closes. applyIndex: 16
2019-10-01 11:05:44,716 [4dc49964-fbf6-40e6-8571-06acdd79f4d1@group-B0177E16FA4C-StateMachineUpdater] INFO  impl.StateMachineUpdater (StateMachineUpdater.java:takeSnapshot(258)) - 4dc49964-fbf6-40e6-8571-06acdd79f4d1@group-B0177E16FA4C-StateMachineUpdater: Took a snapshot at index 13
2019-10-01 11:05:44,717 [4dc49964-fbf6-40e6-8571-06acdd79f4d1@group-B0177E16FA4C-StateMachineUpdater] INFO  impl.StateMachineUpdater (StateMachineUpdater.java:lambda$new$0(83)) - 4dc49964-fbf6-40e6-8571-06acdd79f4d1@group-B0177E16FA4C-StateMachineUpdater: snapshotIndex: updateIncreasingly -1 -> 13
2019-10-01 11:05:44,717 [1196e49d-1b59-42ef-aa7f-1f5da4b257dd@group-C42412B5D746-SegmentedRaftLogWorker] INFO  segmented.SegmentedRaftLogWorker (SegmentedRaftLogWorker.java:run(313)) - 1196e49d-1b59-42ef-aa7f-1f5da4b257dd@group-C42412B5D746-SegmentedRaftLogWorker was interrupted, exiting. There are 0 tasks remaining in the queue.
2019-10-01 11:05:44,717 [4dc49964-fbf6-40e6-8571-06acdd79f4d1@group-B0177E16FA4C-StateMachineUpdater] INFO  ratis.ContainerStateMachine (ContainerStateMachine.java:takeSnapshot(289)) - group-B0177E16FA4C: Taking a snapshot at:(t:1, i:13) file /workdir/hadoop-ozone/integration-test/target/test-dir/MiniOzoneClusterImpl-2f0d656a-aa1e-467a-b42c-bab793932067/datanode-0/data/ratis/c1b66a1c-e67e-4da1-aed7-b0177e16fa4c/sm/snapshot.1_13
2019-10-01 11:05:44,718 [main] INFO  segmented.SegmentedRaftLogWorker (SegmentedRaftLogWorker.java:close(228)) - 1196e49d-1b59-42ef-aa7f-1f5da4b257dd@group-C42412B5D746-SegmentedRaftLogWorker close()
2019-10-01 11:05:44,721 [main] INFO  impl.RaftServerImpl (RaftServerImpl.java:lambda$shutdown$3(251)) - 1196e49d-1b59-42ef-aa7f-1f5da4b257dd@group-89283EFA4342: shutdown
2019-10-01 11:05:44,721 [main] INFO  util.JmxRegister (JmxRegister.java:unregister(73)) - Successfully un-registered JMX Bean with object name Ratis:service=RaftServer,group=group-89283EFA4342,id=1196e49d-1b59-42ef-aa7f-1f5da4b257dd
2019-10-01 11:05:44,722 [main] INFO  impl.RoleInfo (RoleInfo.java:shutdownLeaderState(104)) - 1196e49d-1b59-42ef-aa7f-1f5da4b257dd: shutdown LeaderState
2019-10-01 11:05:44,722 [main] INFO  impl.PendingRequests (PendingRequests.java:sendNotLeaderResponses(202)) - 1196e49d-1b59-42ef-aa7f-1f5da4b257dd-PendingRequests: sendNotLeaderResponses
2019-10-01 11:05:44,723 [main] INFO  impl.StateMachineUpdater (StateMachineUpdater.java:stopAndJoin(125)) - 1196e49d-1b59-42ef-aa7f-1f5da4b257dd@group-89283EFA4342-StateMachineUpdater: set stopIndex = 0
2019-10-01 11:05:44,723 [main] INFO  impl.RaftServerImpl (ServerState.java:close(385)) - 1196e49d-1b59-42ef-aa7f-1f5da4b257dd@group-89283EFA4342: closes. applyIndex: 0
2019-10-01 11:05:44,723 [1196e49d-1b59-42ef-aa7f-1f5da4b257dd@group-89283EFA4342-SegmentedRaftLogWorker] INFO  segmented.SegmentedRaftLogWorker (SegmentedRaftLogWorker.java:run(313)) - 1196e49d-1b59-42ef-aa7f-1f5da4b257dd@group-89283EFA4342-SegmentedRaftLogWorker was interrupted, exiting. There are 0 tasks remaining in the queue.
2019-10-01 11:05:44,725 [main] INFO  segmented.SegmentedRaftLogWorker (SegmentedRaftLogWorker.java:close(228)) - 1196e49d-1b59-42ef-aa7f-1f5da4b257dd@group-89283EFA4342-SegmentedRaftLogWorker close()
2019-10-01 11:05:44,727 [main] INFO  server.GrpcService (GrpcService.java:closeImpl(164)) - 1196e49d-1b59-42ef-aa7f-1f5da4b257dd: shutdown server with port 36888 now
2019-10-01 11:05:44,730 [grpc-default-executor-4] WARN  client.GrpcClientProtocolService (LogUtils.java:warn(134)) - 1-UnorderedRequestStreamObserver1: onError: org.apache.ratis.thirdparty.io.grpc.StatusRuntimeException: CANCELLED: cancelled before receiving half close
2019-10-01 11:05:44,730 [main] INFO  server.GrpcService (GrpcService.java:closeImpl(172)) - 1196e49d-1b59-42ef-aa7f-1f5da4b257dd: shutdown server with port 36888 successfully
2019-10-01 11:05:44,732 [4dc49964-fbf6-40e6-8571-06acdd79f4d1@group-B0177E16FA4C-StateMachineUpdater] INFO  ratis.ContainerStateMachine (ContainerStateMachine.java:takeSnapshot(300)) - group-B0177E16FA4C: Finished taking a snapshot at:(t:1, i:13) file:/workdir/hadoop-ozone/integration-test/target/test-dir/MiniOzoneClusterImpl-2f0d656a-aa1e-467a-b42c-bab793932067/datanode-0/data/ratis/c1b66a1c-e67e-4da1-aed7-b0177e16fa4c/sm/snapshot.1_13 time:14
2019-10-01 11:05:44,732 [4dc49964-fbf6-40e6-8571-06acdd79f4d1@group-B0177E16FA4C-StateMachineUpdater] INFO  impl.StateMachineUpdater (StateMachineUpdater.java:takeSnapshot(258)) - 4dc49964-fbf6-40e6-8571-06acdd79f4d1@group-B0177E16FA4C-StateMachineUpdater: Took a snapshot at index 13
2019-10-01 11:05:44,732 [4dc49964-fbf6-40e6-8571-06acdd79f4d1@group-B0177E16FA4C-StateMachineUpdater] INFO  impl.StateMachineUpdater (StateMachineUpdater.java:lambda$new$0(83)) - 4dc49964-fbf6-40e6-8571-06acdd79f4d1@group-B0177E16FA4C-StateMachineUpdater: snapshotIndex: updateIncreasingly 13 -> 13
2019-10-01 11:05:44,733 [ForkJoinPool.commonPool-worker-1] INFO  impl.RaftServerImpl (ServerState.java:close(385)) - 4dc49964-fbf6-40e6-8571-06acdd79f4d1@group-B0177E16FA4C: closes. applyIndex: 17
2019-10-01 11:05:44,735 [refreshUsed-/workdir/hadoop-ozone/integration-test/target/test-dir/MiniOzoneClusterImpl-2f0d656a-aa1e-467a-b42c-bab793932067/datanode-3/data/containers] WARN  fs.CachingGetSpaceUsed (CachingGetSpaceUsed.java:run(183)) - Thread Interrupted waiting to refresh disk information: sleep interrupted
2019-10-01 11:05:44,736 [4dc49964-fbf6-40e6-8571-06acdd79f4d1@group-B0177E16FA4C-SegmentedRaftLogWorker] INFO  segmented.SegmentedRaftLogWorker (SegmentedRaftLogWorker.java:run(313)) - 4dc49964-fbf6-40e6-8571-06acdd79f4d1@group-B0177E16FA4C-SegmentedRaftLogWorker was interrupted, exiting. There are 0 tasks remaining in the queue.
2019-10-01 11:05:44,737 [ForkJoinPool.commonPool-worker-1] INFO  segmented.SegmentedRaftLogWorker (SegmentedRaftLogWorker.java:close(228)) - 4dc49964-fbf6-40e6-8571-06acdd79f4d1@group-B0177E16FA4C-SegmentedRaftLogWorker close()
2019-10-01 11:05:44,740 [ForkJoinPool.commonPool-worker-1] INFO  server.GrpcService (GrpcService.java:closeImpl(164)) - 4dc49964-fbf6-40e6-8571-06acdd79f4d1: shutdown server with port 40697 now
2019-10-01 11:05:44,740 [ForkJoinPool.commonPool-worker-1] INFO  server.GrpcService (GrpcService.java:closeImpl(172)) - 4dc49964-fbf6-40e6-8571-06acdd79f4d1: shutdown server with port 40697 successfully
2019-10-01 11:05:44,742 [refreshUsed-/workdir/hadoop-ozone/integration-test/target/test-dir/MiniOzoneClusterImpl-2f0d656a-aa1e-467a-b42c-bab793932067/datanode-0/data/containers] WARN  fs.CachingGetSpaceUsed (CachingGetSpaceUsed.java:run(183)) - Thread Interrupted waiting to refresh disk information: sleep interrupted
2019-10-01 11:05:44,759 [main] INFO  utils.BackgroundService (BackgroundService.java:shutdown(148)) - Shutting down service BlockDeletingService
2019-10-01 11:05:44,760 [ForkJoinPool.commonPool-worker-1] INFO  utils.BackgroundService (BackgroundService.java:shutdown(148)) - Shutting down service BlockDeletingService
2019-10-01 11:05:44,766 [main] INFO  statemachine.DatanodeStateMachine (DatanodeStateMachine.java:stopDaemon(395)) - Ozone container server stopped.
2019-10-01 11:05:44,767 [ForkJoinPool.commonPool-worker-1] INFO  statemachine.DatanodeStateMachine (DatanodeStateMachine.java:stopDaemon(395)) - Ozone container server stopped.
2019-10-01 11:05:44,773 [ForkJoinPool.commonPool-worker-1] INFO  handler.ContextHandler (ContextHandler.java:doStop(910)) - Stopped o.e.j.w.WebAppContext@120aa40b{/,null,UNAVAILABLE}{/hddsDatanode}
2019-10-01 11:05:44,773 [main] INFO  handler.ContextHandler (ContextHandler.java:doStop(910)) - Stopped o.e.j.w.WebAppContext@5384ce66{/,null,UNAVAILABLE}{/hddsDatanode}
2019-10-01 11:05:44,774 [main] INFO  server.AbstractConnector (AbstractConnector.java:doStop(318)) - Stopped ServerConnector@6b42e36d{HTTP/1.1,[http/1.1]}{0.0.0.0:0}
2019-10-01 11:05:44,774 [ForkJoinPool.commonPool-worker-1] INFO  server.AbstractConnector (AbstractConnector.java:doStop(318)) - Stopped ServerConnector@32ab408e{HTTP/1.1,[http/1.1]}{0.0.0.0:0}
2019-10-01 11:05:44,774 [main] INFO  handler.ContextHandler (ContextHandler.java:doStop(910)) - Stopped o.e.j.s.ServletContextHandler@6238d5e0{/static,jar:file:/home/user/.m2/repository/org/apache/hadoop/hadoop-hdds-container-service/0.5.0-SNAPSHOT/hadoop-hdds-container-service-0.5.0-SNAPSHOT.jar!/webapps/static,UNAVAILABLE}
2019-10-01 11:05:44,776 [ForkJoinPool.commonPool-worker-1] INFO  handler.ContextHandler (ContextHandler.java:doStop(910)) - Stopped o.e.j.s.ServletContextHandler@29d070c7{/static,jar:file:/home/user/.m2/repository/org/apache/hadoop/hadoop-hdds-container-service/0.5.0-SNAPSHOT/hadoop-hdds-container-service-0.5.0-SNAPSHOT.jar!/webapps/static,UNAVAILABLE}
2019-10-01 11:05:44,776 [main] INFO  handler.ContextHandler (ContextHandler.java:doStop(910)) - Stopped o.e.j.s.ServletContextHandler@27f71195{/logs,file:///workdir/hadoop-ozone/integration-test/target/log,UNAVAILABLE}
2019-10-01 11:05:44,778 [ForkJoinPool.commonPool-worker-1] INFO  handler.ContextHandler (ContextHandler.java:doStop(910)) - Stopped o.e.j.s.ServletContextHandler@34edd065{/logs,file:///workdir/hadoop-ozone/integration-test/target/log,UNAVAILABLE}
2019-10-01 11:05:45,178 [Datanode State Machine Thread - 0] INFO  statemachine.DatanodeStateMachine (DatanodeStateMachine.java:lambda$startDaemon$0(350)) - Ozone container server started.
2019-10-01 11:05:45,369 [Datanode State Machine Thread - 0] INFO  statemachine.DatanodeStateMachine (DatanodeStateMachine.java:lambda$startDaemon$0(350)) - Ozone container server started.
2019-10-01 11:05:49,193 [EventQueue-StaleNodeForStaleNodeHandler] INFO  node.StaleNodeHandler (StaleNodeHandler.java:onMessage(58)) - Datanode 448e545b-1036-46b2-9b2f-ff3b074b5e34{ip: 192.168.151.80, host: pr-hdds-2214-vjltc-212603711, networkLocation: /default-rack, certSerialId: null} moved to stale state. Finalizing its pipelines [PipelineID=a33da163-9e82-4407-9e31-f6fe02260b96]
2019-10-01 11:05:49,193 [EventQueue-StaleNodeForStaleNodeHandler] INFO  pipeline.SCMPipelineManager (SCMPipelineManager.java:finalizeAndDestroyPipeline(315)) - destroying pipeline:Pipeline[ Id: a33da163-9e82-4407-9e31-f6fe02260b96, Nodes: 448e545b-1036-46b2-9b2f-ff3b074b5e34{ip: 192.168.151.80, host: pr-hdds-2214-vjltc-212603711, networkLocation: /default-rack, certSerialId: null}, Type:RATIS, Factor:ONE, State:OPEN]
2019-10-01 11:05:49,194 [EventQueue-StaleNodeForStaleNodeHandler] INFO  pipeline.PipelineStateManager (PipelineStateManager.java:finalizePipeline(123)) - Pipeline Pipeline[ Id: a33da163-9e82-4407-9e31-f6fe02260b96, Nodes: 448e545b-1036-46b2-9b2f-ff3b074b5e34{ip: 192.168.151.80, host: pr-hdds-2214-vjltc-212603711, networkLocation: /default-rack, certSerialId: null}, Type:RATIS, Factor:ONE, State:CLOSED] moved to CLOSED state
2019-10-01 11:05:49,392 [EventQueue-StaleNodeForStaleNodeHandler] INFO  node.StaleNodeHandler (StaleNodeHandler.java:onMessage(58)) - Datanode f765dc21-b071-4575-9ea9-6094ab6876f1{ip: 192.168.151.80, host: pr-hdds-2214-vjltc-212603711, networkLocation: /default-rack, certSerialId: null} moved to stale state. Finalizing its pipelines [PipelineID=93057f9d-6f40-4b87-bc98-c42412b5d746, PipelineID=78a3b5a2-bb8d-4094-8590-28b111f6eeea]
2019-10-01 11:05:49,393 [EventQueue-StaleNodeForStaleNodeHandler] INFO  pipeline.SCMPipelineManager (SCMPipelineManager.java:finalizeAndDestroyPipeline(315)) - destroying pipeline:Pipeline[ Id: 93057f9d-6f40-4b87-bc98-c42412b5d746, Nodes: 1196e49d-1b59-42ef-aa7f-1f5da4b257dd{ip: 192.168.151.80, host: pr-hdds-2214-vjltc-212603711, networkLocation: /default-rack, certSerialId: null}f765dc21-b071-4575-9ea9-6094ab6876f1{ip: 192.168.151.80, host: pr-hdds-2214-vjltc-212603711, networkLocation: /default-rack, certSerialId: null}a0542a7b-209e-454b-9c7f-cabfc7f4e589{ip: 192.168.151.80, host: pr-hdds-2214-vjltc-212603711, networkLocation: /default-rack, certSerialId: null}, Type:RATIS, Factor:THREE, State:CLOSED]
2019-10-01 11:05:49,393 [EventQueue-StaleNodeForStaleNodeHandler] INFO  pipeline.SCMPipelineManager (SCMPipelineManager.java:finalizeAndDestroyPipeline(315)) - destroying pipeline:Pipeline[ Id: 78a3b5a2-bb8d-4094-8590-28b111f6eeea, Nodes: f765dc21-b071-4575-9ea9-6094ab6876f1{ip: 192.168.151.80, host: pr-hdds-2214-vjltc-212603711, networkLocation: /default-rack, certSerialId: null}, Type:RATIS, Factor:ONE, State:OPEN]
2019-10-01 11:05:49,393 [EventQueue-StaleNodeForStaleNodeHandler] INFO  pipeline.PipelineStateManager (PipelineStateManager.java:finalizePipeline(123)) - Pipeline Pipeline[ Id: 78a3b5a2-bb8d-4094-8590-28b111f6eeea, Nodes: f765dc21-b071-4575-9ea9-6094ab6876f1{ip: 192.168.151.80, host: pr-hdds-2214-vjltc-212603711, networkLocation: /default-rack, certSerialId: null}, Type:RATIS, Factor:ONE, State:CLOSED] moved to CLOSED state
2019-10-01 11:05:49,781 [ForkJoinPool.commonPool-worker-1] INFO  ozoneimpl.OzoneContainer (OzoneContainer.java:stop(231)) - Attempting to stop container services.
2019-10-01 11:05:49,781 [main] INFO  ozoneimpl.OzoneContainer (OzoneContainer.java:stop(231)) - Attempting to stop container services.
2019-10-01 11:05:49,784 [ForkJoinPool.commonPool-worker-1] INFO  impl.RaftServerProxy (RaftServerProxy.java:lambda$close$4(314)) - f765dc21-b071-4575-9ea9-6094ab6876f1: close
2019-10-01 11:05:49,784 [ForkJoinPool.commonPool-worker-1] INFO  impl.RaftServerImpl (RaftServerImpl.java:lambda$shutdown$3(251)) - f765dc21-b071-4575-9ea9-6094ab6876f1@group-C42412B5D746: shutdown
2019-10-01 11:05:49,784 [main] INFO  impl.RaftServerProxy (RaftServerProxy.java:lambda$close$4(314)) - 448e545b-1036-46b2-9b2f-ff3b074b5e34: close
2019-10-01 11:05:49,785 [ForkJoinPool.commonPool-worker-1] INFO  util.JmxRegister (JmxRegister.java:unregister(73)) - Successfully un-registered JMX Bean with object name Ratis:service=RaftServer,group=group-C42412B5D746,id=f765dc21-b071-4575-9ea9-6094ab6876f1
2019-10-01 11:05:49,785 [main] INFO  impl.RaftServerImpl (RaftServerImpl.java:lambda$shutdown$3(251)) - 448e545b-1036-46b2-9b2f-ff3b074b5e34@group-F6FE02260B96: shutdown
2019-10-01 11:05:49,785 [ForkJoinPool.commonPool-worker-1] INFO  impl.RoleInfo (RoleInfo.java:shutdownFollowerState(121)) - f765dc21-b071-4575-9ea9-6094ab6876f1: shutdown FollowerState
2019-10-01 11:05:49,786 [main] INFO  util.JmxRegister (JmxRegister.java:unregister(73)) - Successfully un-registered JMX Bean with object name Ratis:service=RaftServer,group=group-F6FE02260B96,id=448e545b-1036-46b2-9b2f-ff3b074b5e34
2019-10-01 11:05:49,786 [f765dc21-b071-4575-9ea9-6094ab6876f1@group-C42412B5D746-StateMachineUpdater] INFO  ratis.ContainerStateMachine (ContainerStateMachine.java:takeSnapshot(289)) - group-C42412B5D746: Taking a snapshot at:(t:1, i:14) file /workdir/hadoop-ozone/integration-test/target/test-dir/MiniOzoneClusterImpl-2f0d656a-aa1e-467a-b42c-bab793932067/datanode-5/data/ratis/93057f9d-6f40-4b87-bc98-c42412b5d746/sm/snapshot.1_14
2019-10-01 11:05:49,786 [Thread-2988] INFO  impl.FollowerState (FollowerState.java:run(115)) - f765dc21-b071-4575-9ea9-6094ab6876f1: FollowerState was interrupted: java.lang.InterruptedException: sleep interrupted
2019-10-01 11:05:49,786 [ForkJoinPool.commonPool-worker-1] INFO  impl.StateMachineUpdater (StateMachineUpdater.java:stopAndJoin(125)) - f765dc21-b071-4575-9ea9-6094ab6876f1@group-C42412B5D746-StateMachineUpdater: set stopIndex = 16
2019-10-01 11:05:49,786 [main] INFO  impl.RoleInfo (RoleInfo.java:shutdownLeaderState(104)) - 448e545b-1036-46b2-9b2f-ff3b074b5e34: shutdown LeaderState
2019-10-01 11:05:49,790 [main] INFO  impl.PendingRequests (PendingRequests.java:sendNotLeaderResponses(202)) - 448e545b-1036-46b2-9b2f-ff3b074b5e34-PendingRequests: sendNotLeaderResponses
2019-10-01 11:05:49,790 [main] INFO  impl.StateMachineUpdater (StateMachineUpdater.java:stopAndJoin(125)) - 448e545b-1036-46b2-9b2f-ff3b074b5e34@group-F6FE02260B96-StateMachineUpdater: set stopIndex = 0
2019-10-01 11:05:49,791 [main] INFO  impl.RaftServerImpl (ServerState.java:close(385)) - 448e545b-1036-46b2-9b2f-ff3b074b5e34@group-F6FE02260B96: closes. applyIndex: 0
2019-10-01 11:05:49,792 [448e545b-1036-46b2-9b2f-ff3b074b5e34@group-F6FE02260B96-SegmentedRaftLogWorker] INFO  segmented.SegmentedRaftLogWorker (SegmentedRaftLogWorker.java:run(313)) - 448e545b-1036-46b2-9b2f-ff3b074b5e34@group-F6FE02260B96-SegmentedRaftLogWorker was interrupted, exiting. There are 0 tasks remaining in the queue.
2019-10-01 11:05:49,793 [main] INFO  segmented.SegmentedRaftLogWorker (SegmentedRaftLogWorker.java:close(228)) - 448e545b-1036-46b2-9b2f-ff3b074b5e34@group-F6FE02260B96-SegmentedRaftLogWorker close()
2019-10-01 11:05:49,798 [main] INFO  server.GrpcService (GrpcService.java:closeImpl(164)) - 448e545b-1036-46b2-9b2f-ff3b074b5e34: shutdown server with port 41974 now
2019-10-01 11:05:49,806 [main] INFO  server.GrpcService (GrpcService.java:closeImpl(172)) - 448e545b-1036-46b2-9b2f-ff3b074b5e34: shutdown server with port 41974 successfully
2019-10-01 11:05:49,807 [f765dc21-b071-4575-9ea9-6094ab6876f1@group-C42412B5D746-StateMachineUpdater] INFO  ratis.ContainerStateMachine (ContainerStateMachine.java:takeSnapshot(300)) - group-C42412B5D746: Finished taking a snapshot at:(t:1, i:14) file:/workdir/hadoop-ozone/integration-test/target/test-dir/MiniOzoneClusterImpl-2f0d656a-aa1e-467a-b42c-bab793932067/datanode-5/data/ratis/93057f9d-6f40-4b87-bc98-c42412b5d746/sm/snapshot.1_14 time:21
2019-10-01 11:05:49,808 [f765dc21-b071-4575-9ea9-6094ab6876f1@group-C42412B5D746-StateMachineUpdater] INFO  impl.StateMachineUpdater (StateMachineUpdater.java:takeSnapshot(258)) - f765dc21-b071-4575-9ea9-6094ab6876f1@group-C42412B5D746-StateMachineUpdater: Took a snapshot at index 14
2019-10-01 11:05:49,808 [f765dc21-b071-4575-9ea9-6094ab6876f1@group-C42412B5D746-StateMachineUpdater] INFO  impl.StateMachineUpdater (StateMachineUpdater.java:lambda$new$0(83)) - f765dc21-b071-4575-9ea9-6094ab6876f1@group-C42412B5D746-StateMachineUpdater: snapshotIndex: updateIncreasingly -1 -> 14
2019-10-01 11:05:49,809 [f765dc21-b071-4575-9ea9-6094ab6876f1@group-C42412B5D746-StateMachineUpdater] INFO  ratis.ContainerStateMachine (ContainerStateMachine.java:takeSnapshot(289)) - group-C42412B5D746: Taking a snapshot at:(t:1, i:14) file /workdir/hadoop-ozone/integration-test/target/test-dir/MiniOzoneClusterImpl-2f0d656a-aa1e-467a-b42c-bab793932067/datanode-5/data/ratis/93057f9d-6f40-4b87-bc98-c42412b5d746/sm/snapshot.1_14
2019-10-01 11:05:49,811 [refreshUsed-/workdir/hadoop-ozone/integration-test/target/test-dir/MiniOzoneClusterImpl-2f0d656a-aa1e-467a-b42c-bab793932067/datanode-6/data/containers] WARN  fs.CachingGetSpaceUsed (CachingGetSpaceUsed.java:run(183)) - Thread Interrupted waiting to refresh disk information: sleep interrupted
2019-10-01 11:05:49,820 [f765dc21-b071-4575-9ea9-6094ab6876f1@group-C42412B5D746-StateMachineUpdater] INFO  ratis.ContainerStateMachine (ContainerStateMachine.java:takeSnapshot(300)) - group-C42412B5D746: Finished taking a snapshot at:(t:1, i:14) file:/workdir/hadoop-ozone/integration-test/target/test-dir/MiniOzoneClusterImpl-2f0d656a-aa1e-467a-b42c-bab793932067/datanode-5/data/ratis/93057f9d-6f40-4b87-bc98-c42412b5d746/sm/snapshot.1_14 time:12
2019-10-01 11:05:49,821 [f765dc21-b071-4575-9ea9-6094ab6876f1@group-C42412B5D746-StateMachineUpdater] INFO  impl.StateMachineUpdater (StateMachineUpdater.java:takeSnapshot(258)) - f765dc21-b071-4575-9ea9-6094ab6876f1@group-C42412B5D746-StateMachineUpdater: Took a snapshot at index 14
2019-10-01 11:05:49,821 [f765dc21-b071-4575-9ea9-6094ab6876f1@group-C42412B5D746-StateMachineUpdater] INFO  impl.StateMachineUpdater (StateMachineUpdater.java:lambda$new$0(83)) - f765dc21-b071-4575-9ea9-6094ab6876f1@group-C42412B5D746-StateMachineUpdater: snapshotIndex: updateIncreasingly 14 -> 14
2019-10-01 11:05:49,821 [ForkJoinPool.commonPool-worker-1] INFO  impl.RaftServerImpl (ServerState.java:close(385)) - f765dc21-b071-4575-9ea9-6094ab6876f1@group-C42412B5D746: closes. applyIndex: 16
2019-10-01 11:05:49,822 [f765dc21-b071-4575-9ea9-6094ab6876f1@group-C42412B5D746-SegmentedRaftLogWorker] INFO  segmented.SegmentedRaftLogWorker (SegmentedRaftLogWorker.java:run(313)) - f765dc21-b071-4575-9ea9-6094ab6876f1@group-C42412B5D746-SegmentedRaftLogWorker was interrupted, exiting. There are 0 tasks remaining in the queue.
2019-10-01 11:05:49,824 [ForkJoinPool.commonPool-worker-1] INFO  segmented.SegmentedRaftLogWorker (SegmentedRaftLogWorker.java:close(228)) - f765dc21-b071-4575-9ea9-6094ab6876f1@group-C42412B5D746-SegmentedRaftLogWorker close()
2019-10-01 11:05:49,829 [ForkJoinPool.commonPool-worker-1] INFO  impl.RaftServerImpl (RaftServerImpl.java:lambda$shutdown$3(251)) - f765dc21-b071-4575-9ea9-6094ab6876f1@group-28B111F6EEEA: shutdown
2019-10-01 11:05:49,830 [ForkJoinPool.commonPool-worker-1] INFO  util.JmxRegister (JmxRegister.java:unregister(73)) - Successfully un-registered JMX Bean with object name Ratis:service=RaftServer,group=group-28B111F6EEEA,id=f765dc21-b071-4575-9ea9-6094ab6876f1
2019-10-01 11:05:49,830 [ForkJoinPool.commonPool-worker-1] INFO  impl.RoleInfo (RoleInfo.java:shutdownLeaderState(104)) - f765dc21-b071-4575-9ea9-6094ab6876f1: shutdown LeaderState
2019-10-01 11:05:49,830 [ForkJoinPool.commonPool-worker-1] INFO  impl.PendingRequests (PendingRequests.java:sendNotLeaderResponses(202)) - f765dc21-b071-4575-9ea9-6094ab6876f1-PendingRequests: sendNotLeaderResponses
2019-10-01 11:05:49,830 [ForkJoinPool.commonPool-worker-1] INFO  impl.StateMachineUpdater (StateMachineUpdater.java:stopAndJoin(125)) - f765dc21-b071-4575-9ea9-6094ab6876f1@group-28B111F6EEEA-StateMachineUpdater: set stopIndex = 0
2019-10-01 11:05:49,831 [ForkJoinPool.commonPool-worker-1] INFO  impl.RaftServerImpl (ServerState.java:close(385)) - f765dc21-b071-4575-9ea9-6094ab6876f1@group-28B111F6EEEA: closes. applyIndex: 0
2019-10-01 11:05:49,831 [f765dc21-b071-4575-9ea9-6094ab6876f1@group-28B111F6EEEA-SegmentedRaftLogWorker] INFO  segmented.SegmentedRaftLogWorker (SegmentedRaftLogWorker.java:run(313)) - f765dc21-b071-4575-9ea9-6094ab6876f1@group-28B111F6EEEA-SegmentedRaftLogWorker was interrupted, exiting. There are 0 tasks remaining in the queue.
2019-10-01 11:05:49,831 [ForkJoinPool.commonPool-worker-1] INFO  segmented.SegmentedRaftLogWorker (SegmentedRaftLogWorker.java:close(228)) - f765dc21-b071-4575-9ea9-6094ab6876f1@group-28B111F6EEEA-SegmentedRaftLogWorker close()
2019-10-01 11:05:49,833 [ForkJoinPool.commonPool-worker-1] INFO  server.GrpcService (GrpcService.java:closeImpl(164)) - f765dc21-b071-4575-9ea9-6094ab6876f1: shutdown server with port 46476 now
2019-10-01 11:05:49,833 [ForkJoinPool.commonPool-worker-1] INFO  server.GrpcService (GrpcService.java:closeImpl(172)) - f765dc21-b071-4575-9ea9-6094ab6876f1: shutdown server with port 46476 successfully
2019-10-01 11:05:49,836 [refreshUsed-/workdir/hadoop-ozone/integration-test/target/test-dir/MiniOzoneClusterImpl-2f0d656a-aa1e-467a-b42c-bab793932067/datanode-5/data/containers] WARN  fs.CachingGetSpaceUsed (CachingGetSpaceUsed.java:run(183)) - Thread Interrupted waiting to refresh disk information: sleep interrupted
2019-10-01 11:05:49,842 [main] INFO  utils.BackgroundService (BackgroundService.java:shutdown(148)) - Shutting down service BlockDeletingService
2019-10-01 11:05:49,848 [main] INFO  statemachine.DatanodeStateMachine (DatanodeStateMachine.java:stopDaemon(395)) - Ozone container server stopped.
2019-10-01 11:05:49,849 [main] INFO  handler.ContextHandler (ContextHandler.java:doStop(910)) - Stopped o.e.j.w.WebAppContext@6dae70f9{/,null,UNAVAILABLE}{/hddsDatanode}
2019-10-01 11:05:49,851 [main] INFO  server.AbstractConnector (AbstractConnector.java:doStop(318)) - Stopped ServerConnector@4d81e83a{HTTP/1.1,[http/1.1]}{0.0.0.0:0}
2019-10-01 11:05:49,852 [main] INFO  handler.ContextHandler (ContextHandler.java:doStop(910)) - Stopped o.e.j.s.ServletContextHandler@23121d14{/static,jar:file:/home/user/.m2/repository/org/apache/hadoop/hadoop-hdds-container-service/0.5.0-SNAPSHOT/hadoop-hdds-container-service-0.5.0-SNAPSHOT.jar!/webapps/static,UNAVAILABLE}
2019-10-01 11:05:49,852 [main] INFO  handler.ContextHandler (ContextHandler.java:doStop(910)) - Stopped o.e.j.s.ServletContextHandler@10ed037a{/logs,file:///workdir/hadoop-ozone/integration-test/target/log,UNAVAILABLE}
2019-10-01 11:05:49,860 [ForkJoinPool.commonPool-worker-1] INFO  utils.BackgroundService (BackgroundService.java:shutdown(148)) - Shutting down service BlockDeletingService
2019-10-01 11:05:49,863 [ForkJoinPool.commonPool-worker-1] INFO  statemachine.DatanodeStateMachine (DatanodeStateMachine.java:stopDaemon(395)) - Ozone container server stopped.
2019-10-01 11:05:49,866 [ForkJoinPool.commonPool-worker-1] INFO  handler.ContextHandler (ContextHandler.java:doStop(910)) - Stopped o.e.j.w.WebAppContext@56cfe6be{/,null,UNAVAILABLE}{/hddsDatanode}
2019-10-01 11:05:49,867 [ForkJoinPool.commonPool-worker-1] INFO  server.AbstractConnector (AbstractConnector.java:doStop(318)) - Stopped ServerConnector@7f0d8eff{HTTP/1.1,[http/1.1]}{0.0.0.0:0}
2019-10-01 11:05:49,870 [ForkJoinPool.commonPool-worker-1] INFO  handler.ContextHandler (ContextHandler.java:doStop(910)) - Stopped o.e.j.s.ServletContextHandler@47058864{/static,jar:file:/home/user/.m2/repository/org/apache/hadoop/hadoop-hdds-container-service/0.5.0-SNAPSHOT/hadoop-hdds-container-service-0.5.0-SNAPSHOT.jar!/webapps/static,UNAVAILABLE}
2019-10-01 11:05:49,871 [ForkJoinPool.commonPool-worker-1] INFO  handler.ContextHandler (ContextHandler.java:doStop(910)) - Stopped o.e.j.s.ServletContextHandler@123307c4{/logs,file:///workdir/hadoop-ozone/integration-test/target/log,UNAVAILABLE}
2019-10-01 11:05:49,872 [main] INFO  ozone.MiniOzoneClusterImpl (MiniOzoneClusterImpl.java:stopSCM(392)) - Stopping the StorageContainerManager
2019-10-01 11:05:49,872 [main] INFO  server.StorageContainerManager (StorageContainerManager.java:stop(808)) - Stopping Replication Manager Service.
2019-10-01 11:05:49,872 [main] INFO  container.ReplicationManager (ReplicationManager.java:stop(203)) - Stopping Replication Monitor Thread.
2019-10-01 11:05:49,872 [main] INFO  server.StorageContainerManager (StorageContainerManager.java:stop(815)) - Stopping Lease Manager of the command watchers
2019-10-01 11:05:49,873 [main] INFO  server.StorageContainerManager (StorageContainerManager.java:stop(822)) - Stopping datanode service RPC server
2019-10-01 11:05:49,873 [main] INFO  server.SCMDatanodeProtocolServer (SCMDatanodeProtocolServer.java:stop(367)) - Stopping the RPC server for DataNodes
2019-10-01 11:05:49,873 [main] INFO  ipc.Server (Server.java:stop(3082)) - Stopping server on 41975
2019-10-01 11:05:49,875 [IPC Server listener on 41975] INFO  ipc.Server (Server.java:run(1185)) - Stopping IPC Server listener on 41975
2019-10-01 11:05:49,876 [IPC Server Responder] INFO  ipc.Server (Server.java:run(1319)) - Stopping IPC Server Responder
2019-10-01 11:05:49,894 [SCM Heartbeat Processing Thread - 0] WARN  node.NodeStateManager (NodeStateManager.java:scheduleNextHealthCheck(646)) - Current Thread is interrupted, shutting down HB processing thread for Node Manager.
2019-10-01 11:05:49,894 [main] INFO  server.StorageContainerManager (StorageContainerManager.java:stop(830)) - Stopping block service RPC server
2019-10-01 11:05:49,894 [main] INFO  server.SCMBlockProtocolServer (SCMBlockProtocolServer.java:stop(155)) - Stopping the RPC server for Block Protocol
2019-10-01 11:05:49,894 [main] INFO  ipc.Server (Server.java:stop(3082)) - Stopping server on 45279
2019-10-01 11:05:49,897 [main] INFO  server.StorageContainerManager (StorageContainerManager.java:stop(837)) - Stopping the StorageContainerLocationProtocol RPC server
2019-10-01 11:05:49,897 [IPC Server listener on 45279] INFO  ipc.Server (Server.java:run(1185)) - Stopping IPC Server listener on 45279
2019-10-01 11:05:49,897 [IPC Server Responder] INFO  ipc.Server (Server.java:run(1319)) - Stopping IPC Server Responder
2019-10-01 11:05:49,897 [main] INFO  server.SCMClientProtocolServer (SCMClientProtocolServer.java:stop(158)) - Stopping the RPC server for Client Protocol
2019-10-01 11:05:49,898 [main] INFO  ipc.Server (Server.java:stop(3082)) - Stopping server on 42645
2019-10-01 11:05:49,900 [IPC Server listener on 42645] INFO  ipc.Server (Server.java:run(1185)) - Stopping IPC Server listener on 42645
2019-10-01 11:05:49,900 [main] INFO  server.StorageContainerManager (StorageContainerManager.java:stop(844)) - Stopping Storage Container Manager HTTP server.
2019-10-01 11:05:49,900 [IPC Server Responder] INFO  ipc.Server (Server.java:run(1319)) - Stopping IPC Server Responder
2019-10-01 11:05:49,901 [main] INFO  handler.ContextHandler (ContextHandler.java:doStop(910)) - Stopped o.e.j.w.WebAppContext@5111de7c{/,null,UNAVAILABLE}{/scm}
2019-10-01 11:05:49,902 [main] INFO  server.AbstractConnector (AbstractConnector.java:doStop(318)) - Stopped ServerConnector@7ac48e10{HTTP/1.1,[http/1.1]}{0.0.0.0:0}
2019-10-01 11:05:49,902 [main] INFO  handler.ContextHandler (ContextHandler.java:doStop(910)) - Stopped o.e.j.s.ServletContextHandler@7c453c34{/static,file:///workdir/hadoop-ozone/integration-test/target/test-classes/webapps/static,UNAVAILABLE}
2019-10-01 11:05:49,902 [main] INFO  handler.ContextHandler (ContextHandler.java:doStop(910)) - Stopped o.e.j.s.ServletContextHandler@61394494{/logs,file:///workdir/hadoop-ozone/integration-test/target/log,UNAVAILABLE}
2019-10-01 11:05:49,903 [main] INFO  server.StorageContainerManager (StorageContainerManager.java:stop(855)) - Stopping Block Manager Service.
2019-10-01 11:05:49,903 [main] INFO  utils.BackgroundService (BackgroundService.java:shutdown(148)) - Shutting down service SCMBlockDeletingService
2019-10-01 11:05:49,904 [main] INFO  utils.BackgroundService (BackgroundService.java:shutdown(148)) - Shutting down service SCMBlockDeletingService
2019-10-01 11:05:49,904 [main] INFO  server.StorageContainerManager (StorageContainerManager.java:stop(877)) - Stopping SCM Event Queue.
2019-10-01 11:05:49,908 [main] INFO  impl.MetricsSystemImpl (MetricsSystemImpl.java:stop(210)) - Stopping HddsDatanode metrics system...
2019-10-01 11:05:49,930 [main] INFO  impl.MetricsSystemImpl (MetricsSystemImpl.java:stop(216)) - HddsDatanode metrics system stopped.
]]></system-out>
    <system-err><![CDATA[Oct 01, 2019 11:05:39 AM org.apache.ratis.thirdparty.io.grpc.internal.SerializingExecutor run
SEVERE: Exception while executing runnable org.apache.ratis.thirdparty.io.grpc.internal.ServerImpl$JumpToApplicationThreadServerStreamListener$1Closed@252a24ff
org.apache.ratis.thirdparty.io.grpc.StatusRuntimeException: CANCELLED: call already cancelled
	at org.apache.ratis.thirdparty.io.grpc.Status.asRuntimeException(Status.java:517)
	at org.apache.ratis.thirdparty.io.grpc.stub.ServerCalls$ServerCallStreamObserverImpl.onCompleted(ServerCalls.java:356)
	at org.apache.ratis.grpc.server.GrpcServerProtocolService$ServerRequestStreamObserver.onError(GrpcServerProtocolService.java:121)
	at org.apache.ratis.thirdparty.io.grpc.stub.ServerCalls$StreamingServerCallHandler$StreamingServerCallListener.onCancel(ServerCalls.java:269)
	at org.apache.ratis.thirdparty.io.grpc.internal.ServerCallImpl$ServerStreamListenerImpl.closed(ServerCallImpl.java:293)
	at org.apache.ratis.thirdparty.io.grpc.internal.ServerImpl$JumpToApplicationThreadServerStreamListener$1Closed.runInContext(ServerImpl.java:741)
	at org.apache.ratis.thirdparty.io.grpc.internal.ContextRunnable.run(ContextRunnable.java:37)
	at org.apache.ratis.thirdparty.io.grpc.internal.SerializingExecutor.run(SerializingExecutor.java:123)
	at java.util.concurrent.ThreadPoolExecutor.runWorker(ThreadPoolExecutor.java:1149)
	at java.util.concurrent.ThreadPoolExecutor$Worker.run(ThreadPoolExecutor.java:624)
	at java.lang.Thread.run(Thread.java:748)

Oct 01, 2019 11:05:39 AM org.apache.ratis.thirdparty.io.grpc.internal.SerializingExecutor run
SEVERE: Exception while executing runnable org.apache.ratis.thirdparty.io.grpc.internal.ServerImpl$JumpToApplicationThreadServerStreamListener$1Closed@1d79b6cb
org.apache.ratis.thirdparty.io.grpc.StatusRuntimeException: CANCELLED: call already cancelled
	at org.apache.ratis.thirdparty.io.grpc.Status.asRuntimeException(Status.java:517)
	at org.apache.ratis.thirdparty.io.grpc.stub.ServerCalls$ServerCallStreamObserverImpl.onCompleted(ServerCalls.java:356)
	at org.apache.ratis.grpc.server.GrpcServerProtocolService$ServerRequestStreamObserver.onError(GrpcServerProtocolService.java:121)
	at org.apache.ratis.thirdparty.io.grpc.stub.ServerCalls$StreamingServerCallHandler$StreamingServerCallListener.onCancel(ServerCalls.java:269)
	at org.apache.ratis.thirdparty.io.grpc.internal.ServerCallImpl$ServerStreamListenerImpl.closed(ServerCallImpl.java:293)
	at org.apache.ratis.thirdparty.io.grpc.internal.ServerImpl$JumpToApplicationThreadServerStreamListener$1Closed.runInContext(ServerImpl.java:741)
	at org.apache.ratis.thirdparty.io.grpc.internal.ContextRunnable.run(ContextRunnable.java:37)
	at org.apache.ratis.thirdparty.io.grpc.internal.SerializingExecutor.run(SerializingExecutor.java:123)
	at java.util.concurrent.ThreadPoolExecutor.runWorker(ThreadPoolExecutor.java:1149)
	at java.util.concurrent.ThreadPoolExecutor$Worker.run(ThreadPoolExecutor.java:624)
	at java.lang.Thread.run(Thread.java:748)

]]></system-err>
  </testcase>
  <testcase name="testFailureWithPrimeSizedData" classname="org.apache.hadoop.ozone.client.rpc.TestBlockOutputStreamWithFailures" time="33.57"/>
  <testcase name="testWatchForCommitWithCloseContainerException" classname="org.apache.hadoop.ozone.client.rpc.TestBlockOutputStreamWithFailures" time="33.496"/>
  <testcase name="testExceptionDuringClose" classname="org.apache.hadoop.ozone.client.rpc.TestBlockOutputStreamWithFailures" time="33.868"/>
</testsuite>