<?xml version="1.0" encoding="UTF-8"?>
<testsuite xmlns:xsi="http://www.w3.org/2001/XMLSchema-instance" xsi:noNamespaceSchemaLocation="https://maven.apache.org/surefire/maven-surefire-plugin/xsd/surefire-test-report.xsd" name="org.apache.hadoop.ozone.client.rpc.TestWatchForCommit" time="278.074" tests="5" errors="2" skipped="0" failures="0">
  <properties>
    <property name="awt.toolkit" value="sun.awt.X11.XToolkit"/>
    <property name="file.encoding.pkg" value="sun.io"/>
    <property name="java.specification.version" value="1.8"/>
    <property name="sun.cpu.isalist" value=""/>
    <property name="sun.jnu.encoding" value="UTF-8"/>
    <property name="java.class.path" value="/workdir/hadoop-ozone/integration-test/target/test-classes:/workdir/hadoop-ozone/integration-test/target/classes:/home/user/.m2/repository/org/apache/hadoop/hadoop-ozone-common/0.5.0-SNAPSHOT/hadoop-ozone-common-0.5.0-SNAPSHOT.jar:/home/user/.m2/repository/org/apache/commons/commons-compress/1.4.1/commons-compress-1.4.1.jar:/home/user/.m2/repository/org/tukaani/xz/1.0/xz-1.0.jar:/home/user/.m2/repository/org/apache/hadoop/hadoop-common/3.2.0/hadoop-common-3.2.0.jar:/home/user/.m2/repository/org/apache/hadoop/hadoop-hdfs/3.2.0/hadoop-hdfs-3.2.0.jar:/home/user/.m2/repository/org/apache/hadoop/hadoop-hdfs-client/3.2.0/hadoop-hdfs-client-3.2.0.jar:/home/user/.m2/repository/com/fasterxml/jackson/core/jackson-annotations/2.9.9/jackson-annotations-2.9.9.jar:/home/user/.m2/repository/org/apache/hadoop/hadoop-hdds-common/0.5.0-SNAPSHOT/hadoop-hdds-common-0.5.0-SNAPSHOT.jar:/home/user/.m2/repository/javax/annotation/javax.annotation-api/1.2/javax.annotation-api-1.2.jar:/home/user/.m2/repository/org/apache/ratis/ratis-server/0.5.0-201fc85-SNAPSHOT/ratis-server-0.5.0-201fc85-SNAPSHOT.jar:/home/user/.m2/repository/org/apache/ratis/ratis-thirdparty-misc/0.2.0/ratis-thirdparty-misc-0.2.0.jar:/home/user/.m2/repository/org/apache/ratis/ratis-proto/0.5.0-201fc85-SNAPSHOT/ratis-proto-0.5.0-201fc85-SNAPSHOT.jar:/home/user/.m2/repository/org/apache/ratis/ratis-common/0.5.0-201fc85-SNAPSHOT/ratis-common-0.5.0-201fc85-SNAPSHOT.jar:/home/user/.m2/repository/org/apache/ratis/ratis-client/0.5.0-201fc85-SNAPSHOT/ratis-client-0.5.0-201fc85-SNAPSHOT.jar:/home/user/.m2/repository/org/apache/ratis/ratis-metrics/0.5.0-201fc85-SNAPSHOT/ratis-metrics-0.5.0-201fc85-SNAPSHOT.jar:/home/user/.m2/repository/com/github/joshelser/dropwizard-metrics-hadoop-metrics2-reporter/0.1.2/dropwizard-metrics-hadoop-metrics2-reporter-0.1.2.jar:/home/user/.m2/repository/io/dropwizard/metrics/metrics-jvm/3.2.5/metrics-jvm-3.2.5.jar:/home/user/.m2/repository/io/dropwizard/metrics/metrics-ganglia/3.2.5/metrics-ganglia-3.2.5.jar:/home/user/.m2/repository/info/ganglia/gmetric4j/gmetric4j/1.0.7/gmetric4j-1.0.7.jar:/home/user/.m2/repository/org/apache/ratis/ratis-netty/0.5.0-201fc85-SNAPSHOT/ratis-netty-0.5.0-201fc85-SNAPSHOT.jar:/home/user/.m2/repository/org/apache/ratis/ratis-grpc/0.5.0-201fc85-SNAPSHOT/ratis-grpc-0.5.0-201fc85-SNAPSHOT.jar:/home/user/.m2/repository/org/rocksdb/rocksdbjni/6.0.1/rocksdbjni-6.0.1.jar:/home/user/.m2/repository/org/apache/logging/log4j/log4j-api/2.11.0/log4j-api-2.11.0.jar:/home/user/.m2/repository/org/apache/logging/log4j/log4j-core/2.11.0/log4j-core-2.11.0.jar:/home/user/.m2/repository/com/lmax/disruptor/3.4.2/disruptor-3.4.2.jar:/home/user/.m2/repository/org/apache/commons/commons-pool2/2.6.0/commons-pool2-2.6.0.jar:/home/user/.m2/repository/org/bouncycastle/bcpkix-jdk15on/1.60/bcpkix-jdk15on-1.60.jar:/home/user/.m2/repository/commons-validator/commons-validator/1.6/commons-validator-1.6.jar:/home/user/.m2/repository/commons-digester/commons-digester/1.8.1/commons-digester-1.8.1.jar:/home/user/.m2/repository/io/jaegertracing/jaeger-client/0.34.0/jaeger-client-0.34.0.jar:/home/user/.m2/repository/io/jaegertracing/jaeger-thrift/0.34.0/jaeger-thrift-0.34.0.jar:/home/user/.m2/repository/org/apache/thrift/libthrift/0.12.0/libthrift-0.12.0.jar:/home/user/.m2/repository/com/squareup/okhttp3/okhttp/3.9.0/okhttp-3.9.0.jar:/home/user/.m2/repository/com/squareup/okio/okio/1.13.0/okio-1.13.0.jar:/home/user/.m2/repository/io/jaegertracing/jaeger-core/0.34.0/jaeger-core-0.34.0.jar:/home/user/.m2/repository/io/jaegertracing/jaeger-tracerresolver/0.34.0/jaeger-tracerresolver-0.34.0.jar:/home/user/.m2/repository/io/opentracing/contrib/opentracing-tracerresolver/0.1.5/opentracing-tracerresolver-0.1.5.jar:/home/user/.m2/repository/io/opentracing/opentracing-util/0.31.0/opentracing-util-0.31.0.jar:/home/user/.m2/repository/io/opentracing/opentracing-api/0.31.0/opentracing-api-0.31.0.jar:/home/user/.m2/repository/io/opentracing/opentracing-noop/0.31.0/opentracing-noop-0.31.0.jar:/home/user/.m2/repository/org/apache/hadoop/hadoop-hdds-server-framework/0.5.0-SNAPSHOT/hadoop-hdds-server-framework-0.5.0-SNAPSHOT.jar:/home/user/.m2/repository/org/apache/hadoop/hadoop-hdds-container-service/0.5.0-SNAPSHOT/hadoop-hdds-container-service-0.5.0-SNAPSHOT.jar:/home/user/.m2/repository/org/apache/hadoop/hadoop-hdds-client/0.5.0-SNAPSHOT/hadoop-hdds-client-0.5.0-SNAPSHOT.jar:/home/user/.m2/repository/org/apache/hadoop/hadoop-hdds-tools/0.5.0-SNAPSHOT/hadoop-hdds-tools-0.5.0-SNAPSHOT.jar:/home/user/.m2/repository/org/apache/hadoop/hadoop-hdds-server-scm/0.5.0-SNAPSHOT/hadoop-hdds-server-scm-0.5.0-SNAPSHOT.jar:/home/user/.m2/repository/org/apache/hadoop/hadoop-hdds-docs/0.5.0-SNAPSHOT/hadoop-hdds-docs-0.5.0-SNAPSHOT.jar:/home/user/.m2/repository/io/dropwizard/metrics/metrics-core/3.2.4/metrics-core-3.2.4.jar:/home/user/.m2/repository/org/hamcrest/hamcrest-all/1.3/hamcrest-all-1.3.jar:/home/user/.m2/repository/org/bouncycastle/bcprov-jdk15on/1.60/bcprov-jdk15on-1.60.jar:/home/user/.m2/repository/info/picocli/picocli/3.9.6/picocli-3.9.6.jar:/home/user/.m2/repository/com/google/protobuf/protobuf-java/2.5.0/protobuf-java-2.5.0.jar:/home/user/.m2/repository/com/google/guava/guava/11.0.2/guava-11.0.2.jar:/home/user/.m2/repository/org/apache/hadoop/hadoop-ozone-ozone-manager/0.5.0-SNAPSHOT/hadoop-ozone-ozone-manager-0.5.0-SNAPSHOT.jar:/home/user/.m2/repository/org/apache/hadoop/hadoop-minikdc/3.2.0/hadoop-minikdc-3.2.0.jar:/home/user/.m2/repository/commons-io/commons-io/2.5/commons-io-2.5.jar:/home/user/.m2/repository/org/apache/kerby/kerb-simplekdc/1.0.1/kerb-simplekdc-1.0.1.jar:/home/user/.m2/repository/org/apache/kerby/kerb-client/1.0.1/kerb-client-1.0.1.jar:/home/user/.m2/repository/org/apache/kerby/kerby-config/1.0.1/kerby-config-1.0.1.jar:/home/user/.m2/repository/org/apache/kerby/kerb-core/1.0.1/kerb-core-1.0.1.jar:/home/user/.m2/repository/org/apache/kerby/kerby-pkix/1.0.1/kerby-pkix-1.0.1.jar:/home/user/.m2/repository/org/apache/kerby/kerby-asn1/1.0.1/kerby-asn1-1.0.1.jar:/home/user/.m2/repository/org/apache/kerby/kerby-util/1.0.1/kerby-util-1.0.1.jar:/home/user/.m2/repository/org/apache/kerby/kerb-common/1.0.1/kerb-common-1.0.1.jar:/home/user/.m2/repository/org/apache/kerby/kerb-crypto/1.0.1/kerb-crypto-1.0.1.jar:/home/user/.m2/repository/org/apache/kerby/kerb-util/1.0.1/kerb-util-1.0.1.jar:/home/user/.m2/repository/org/apache/kerby/token-provider/1.0.1/token-provider-1.0.1.jar:/home/user/.m2/repository/org/apache/kerby/kerb-admin/1.0.1/kerb-admin-1.0.1.jar:/home/user/.m2/repository/org/apache/kerby/kerb-server/1.0.1/kerb-server-1.0.1.jar:/home/user/.m2/repository/org/apache/kerby/kerb-identity/1.0.1/kerb-identity-1.0.1.jar:/home/user/.m2/repository/org/apache/kerby/kerby-xdr/1.0.1/kerby-xdr-1.0.1.jar:/home/user/.m2/repository/org/slf4j/slf4j-log4j12/1.7.25/slf4j-log4j12-1.7.25.jar:/home/user/.m2/repository/org/apache/hadoop/hadoop-ozone-s3gateway/0.5.0-SNAPSHOT/hadoop-ozone-s3gateway-0.5.0-SNAPSHOT.jar:/home/user/.m2/repository/org/jboss/weld/servlet/weld-servlet/2.4.7.Final/weld-servlet-2.4.7.Final.jar:/home/user/.m2/repository/org/glassfish/jersey/containers/jersey-container-servlet-core/2.27/jersey-container-servlet-core-2.27.jar:/home/user/.m2/repository/org/glassfish/hk2/external/javax.inject/2.5.0-b42/javax.inject-2.5.0-b42.jar:/home/user/.m2/repository/org/glassfish/jersey/core/jersey-common/2.27/jersey-common-2.27.jar:/home/user/.m2/repository/org/glassfish/hk2/osgi-resource-locator/1.0.1/osgi-resource-locator-1.0.1.jar:/home/user/.m2/repository/javax/ws/rs/javax.ws.rs-api/2.1/javax.ws.rs-api-2.1.jar:/home/user/.m2/repository/org/glassfish/jersey/ext/cdi/jersey-cdi1x/2.27/jersey-cdi1x-2.27.jar:/home/user/.m2/repository/org/glassfish/jersey/inject/jersey-hk2/2.27/jersey-hk2-2.27.jar:/home/user/.m2/repository/org/glassfish/hk2/hk2-locator/2.5.0-b42/hk2-locator-2.5.0-b42.jar:/home/user/.m2/repository/org/javassist/javassist/3.22.0-CR2/javassist-3.22.0-CR2.jar:/home/user/.m2/repository/org/glassfish/hk2/hk2-api/2.5.0/hk2-api-2.5.0.jar:/home/user/.m2/repository/org/glassfish/hk2/external/jakarta.inject/2.5.0/jakarta.inject-2.5.0.jar:/home/user/.m2/repository/org/glassfish/hk2/hk2-utils/2.5.0/hk2-utils-2.5.0.jar:/home/user/.m2/repository/jakarta/annotation/jakarta.annotation-api/1.3.4/jakarta.annotation-api-1.3.4.jar:/home/user/.m2/repository/org/glassfish/hk2/external/aopalliance-repackaged/2.5.0/aopalliance-repackaged-2.5.0.jar:/home/user/.m2/repository/com/fasterxml/jackson/dataformat/jackson-dataformat-xml/2.9.0/jackson-dataformat-xml-2.9.0.jar:/home/user/.m2/repository/com/fasterxml/jackson/core/jackson-core/2.9.9/jackson-core-2.9.9.jar:/home/user/.m2/repository/com/fasterxml/jackson/module/jackson-module-jaxb-annotations/2.9.9/jackson-module-jaxb-annotations-2.9.9.jar:/home/user/.m2/repository/javax/enterprise/cdi-api/1.2/cdi-api-1.2.jar:/home/user/.m2/repository/javax/el/javax.el-api/3.0.0/javax.el-api-3.0.0.jar:/home/user/.m2/repository/javax/interceptor/javax.interceptor-api/1.2/javax.interceptor-api-1.2.jar:/home/user/.m2/repository/javax/inject/javax.inject/1/javax.inject-1.jar:/home/user/.m2/repository/com/sun/xml/bind/jaxb-impl/2.3.0.1/jaxb-impl-2.3.0.1.jar:/home/user/.m2/repository/com/sun/xml/bind/jaxb-core/2.3.0.1/jaxb-core-2.3.0.1.jar:/home/user/.m2/repository/javax/xml/bind/jaxb-api/2.3.0/jaxb-api-2.3.0.jar:/home/user/.m2/repository/javax/activation/activation/1.1.1/activation-1.1.1.jar:/home/user/.m2/repository/org/apache/hadoop/hadoop-ozone-csi/0.5.0-SNAPSHOT/hadoop-ozone-csi-0.5.0-SNAPSHOT.jar:/home/user/.m2/repository/com/google/protobuf/protobuf-java-util/3.5.1/protobuf-java-util-3.5.1.jar:/home/user/.m2/repository/org/apache/hadoop/hadoop-hdds-config/0.5.0-SNAPSHOT/hadoop-hdds-config-0.5.0-SNAPSHOT.jar:/home/user/.m2/repository/io/grpc/grpc-netty/1.17.1/grpc-netty-1.17.1.jar:/home/user/.m2/repository/io/grpc/grpc-core/1.17.1/grpc-core-1.17.1.jar:/home/user/.m2/repository/io/grpc/grpc-context/1.17.1/grpc-context-1.17.1.jar:/home/user/.m2/repository/com/google/errorprone/error_prone_annotations/2.2.0/error_prone_annotations-2.2.0.jar:/home/user/.m2/repository/org/codehaus/mojo/animal-sniffer-annotations/1.17/animal-sniffer-annotations-1.17.jar:/home/user/.m2/repository/io/opencensus/opencensus-api/0.17.0/opencensus-api-0.17.0.jar:/home/user/.m2/repository/io/opencensus/opencensus-contrib-grpc-metrics/0.17.0/opencensus-contrib-grpc-metrics-0.17.0.jar:/home/user/.m2/repository/io/netty/netty-codec-http2/4.1.30.Final/netty-codec-http2-4.1.30.Final.jar:/home/user/.m2/repository/io/netty/netty-codec-http/4.1.30.Final/netty-codec-http-4.1.30.Final.jar:/home/user/.m2/repository/io/netty/netty-codec/4.1.30.Final/netty-codec-4.1.30.Final.jar:/home/user/.m2/repository/io/netty/netty-handler/4.1.30.Final/netty-handler-4.1.30.Final.jar:/home/user/.m2/repository/io/netty/netty-handler-proxy/4.1.30.Final/netty-handler-proxy-4.1.30.Final.jar:/home/user/.m2/repository/io/netty/netty-codec-socks/4.1.30.Final/netty-codec-socks-4.1.30.Final.jar:/home/user/.m2/repository/io/netty/netty-transport-native-epoll/4.1.30.Final/netty-transport-native-epoll-4.1.30.Final.jar:/home/user/.m2/repository/io/netty/netty-common/4.1.30.Final/netty-common-4.1.30.Final.jar:/home/user/.m2/repository/io/netty/netty-buffer/4.1.30.Final/netty-buffer-4.1.30.Final.jar:/home/user/.m2/repository/io/netty/netty-transport/4.1.30.Final/netty-transport-4.1.30.Final.jar:/home/user/.m2/repository/io/netty/netty-resolver/4.1.30.Final/netty-resolver-4.1.30.Final.jar:/home/user/.m2/repository/io/netty/netty-transport-native-unix-common/4.1.30.Final/netty-transport-native-unix-common-4.1.30.Final.jar:/home/user/.m2/repository/io/grpc/grpc-protobuf/1.17.1/grpc-protobuf-1.17.1.jar:/home/user/.m2/repository/com/google/api/grpc/proto-google-common-protos/1.0.0/proto-google-common-protos-1.0.0.jar:/home/user/.m2/repository/io/grpc/grpc-protobuf-lite/1.17.1/grpc-protobuf-lite-1.17.1.jar:/home/user/.m2/repository/io/grpc/grpc-stub/1.17.1/grpc-stub-1.17.1.jar:/home/user/.m2/repository/org/apache/hadoop/hadoop-ozone-recon/0.5.0-SNAPSHOT/hadoop-ozone-recon-0.5.0-SNAPSHOT.jar:/home/user/.m2/repository/org/apache/hadoop/hadoop-ozone-reconcodegen/0.5.0-SNAPSHOT/hadoop-ozone-reconcodegen-0.5.0-SNAPSHOT.jar:/home/user/.m2/repository/com/google/inject/extensions/guice-multibindings/4.0/guice-multibindings-4.0.jar:/home/user/.m2/repository/com/google/inject/guice/4.0/guice-4.0.jar:/home/user/.m2/repository/aopalliance/aopalliance/1.0/aopalliance-1.0.jar:/home/user/.m2/repository/com/google/inject/extensions/guice-servlet/4.0/guice-servlet-4.0.jar:/home/user/.m2/repository/org/glassfish/jersey/containers/jersey-container-servlet/2.27/jersey-container-servlet-2.27.jar:/home/user/.m2/repository/org/glassfish/hk2/guice-bridge/2.5.0/guice-bridge-2.5.0.jar:/home/user/.m2/repository/org/glassfish/jersey/core/jersey-server/2.27/jersey-server-2.27.jar:/home/user/.m2/repository/org/glassfish/jersey/core/jersey-client/2.27/jersey-client-2.27.jar:/home/user/.m2/repository/org/glassfish/jersey/media/jersey-media-jaxb/2.27/jersey-media-jaxb-2.27.jar:/home/user/.m2/repository/javax/validation/validation-api/1.1.0.Final/validation-api-1.1.0.Final.jar:/home/user/.m2/repository/org/glassfish/jersey/media/jersey-media-json-jackson/2.27/jersey-media-json-jackson-2.27.jar:/home/user/.m2/repository/org/glassfish/jersey/ext/jersey-entity-filtering/2.27/jersey-entity-filtering-2.27.jar:/home/user/.m2/repository/com/google/inject/extensions/guice-assistedinject/4.0/guice-assistedinject-4.0.jar:/home/user/.m2/repository/org/jooq/jooq/3.11.10/jooq-3.11.10.jar:/home/user/.m2/repository/org/jooq/jooq-meta/3.11.10/jooq-meta-3.11.10.jar:/home/user/.m2/repository/org/jooq/jooq-codegen/3.11.10/jooq-codegen-3.11.10.jar:/home/user/.m2/repository/com/jolbox/bonecp/0.8.0.RELEASE/bonecp-0.8.0.RELEASE.jar:/home/user/.m2/repository/org/xerial/sqlite-jdbc/3.25.2/sqlite-jdbc-3.25.2.jar:/home/user/.m2/repository/org/springframework/spring-jdbc/5.1.3.RELEASE/spring-jdbc-5.1.3.RELEASE.jar:/home/user/.m2/repository/org/springframework/spring-beans/5.1.3.RELEASE/spring-beans-5.1.3.RELEASE.jar:/home/user/.m2/repository/org/springframework/spring-core/5.1.3.RELEASE/spring-core-5.1.3.RELEASE.jar:/home/user/.m2/repository/org/springframework/spring-jcl/5.1.3.RELEASE/spring-jcl-5.1.3.RELEASE.jar:/home/user/.m2/repository/org/springframework/spring-tx/5.1.3.RELEASE/spring-tx-5.1.3.RELEASE.jar:/home/user/.m2/repository/org/apache/hadoop/hadoop-ozone-client/0.5.0-SNAPSHOT/hadoop-ozone-client-0.5.0-SNAPSHOT.jar:/home/user/.m2/repository/commons-lang/commons-lang/2.6/commons-lang-2.6.jar:/home/user/.m2/repository/org/apache/hadoop/hadoop-ozone-ozone-manager/0.5.0-SNAPSHOT/hadoop-ozone-ozone-manager-0.5.0-SNAPSHOT-tests.jar:/home/user/.m2/repository/junit/junit/4.11/junit-4.11.jar:/home/user/.m2/repository/org/hamcrest/hamcrest-core/1.3/hamcrest-core-1.3.jar:/home/user/.m2/repository/org/openjdk/jmh/jmh-core/1.19/jmh-core-1.19.jar:/home/user/.m2/repository/net/sf/jopt-simple/jopt-simple/4.6/jopt-simple-4.6.jar:/home/user/.m2/repository/org/apache/commons/commons-math3/3.1.1/commons-math3-3.1.1.jar:/home/user/.m2/repository/org/openjdk/jmh/jmh-generator-annprocess/1.19/jmh-generator-annprocess-1.19.jar:/home/user/.m2/repository/org/mockito/mockito-all/1.8.5/mockito-all-1.8.5.jar:/home/user/.m2/repository/org/apache/hadoop/hadoop-kms/3.2.0/hadoop-kms-3.2.0.jar:/home/user/.m2/repository/org/apache/hadoop/hadoop-auth/3.2.0/hadoop-auth-3.2.0.jar:/home/user/.m2/repository/com/nimbusds/nimbus-jose-jwt/4.41.1/nimbus-jose-jwt-4.41.1.jar:/home/user/.m2/repository/com/github/stephenc/jcip/jcip-annotations/1.0-1/jcip-annotations-1.0-1.jar:/home/user/.m2/repository/net/minidev/json-smart/2.3/json-smart-2.3.jar:/home/user/.m2/repository/net/minidev/accessors-smart/1.2/accessors-smart-1.2.jar:/home/user/.m2/repository/org/ow2/asm/asm/5.0.4/asm-5.0.4.jar:/home/user/.m2/repository/org/apache/curator/curator-framework/2.12.0/curator-framework-2.12.0.jar:/home/user/.m2/repository/com/sun/jersey/jersey-core/1.19/jersey-core-1.19.jar:/home/user/.m2/repository/javax/ws/rs/jsr311-api/1.1.1/jsr311-api-1.1.1.jar:/home/user/.m2/repository/com/sun/jersey/jersey-server/1.19/jersey-server-1.19.jar:/home/user/.m2/repository/javax/servlet/javax.servlet-api/3.1.0/javax.servlet-api-3.1.0.jar:/home/user/.m2/repository/org/eclipse/jetty/jetty-server/9.3.25.v20180904/jetty-server-9.3.25.v20180904.jar:/home/user/.m2/repository/org/eclipse/jetty/jetty-http/9.3.25.v20180904/jetty-http-9.3.25.v20180904.jar:/home/user/.m2/repository/org/eclipse/jetty/jetty-io/9.3.25.v20180904/jetty-io-9.3.25.v20180904.jar:/home/user/.m2/repository/org/eclipse/jetty/jetty-webapp/9.3.25.v20180904/jetty-webapp-9.3.25.v20180904.jar:/home/user/.m2/repository/org/eclipse/jetty/jetty-xml/9.3.25.v20180904/jetty-xml-9.3.25.v20180904.jar:/home/user/.m2/repository/log4j/log4j/1.2.17/log4j-1.2.17.jar:/home/user/.m2/repository/org/slf4j/slf4j-api/1.7.25/slf4j-api-1.7.25.jar:/home/user/.m2/repository/org/slf4j/jul-to-slf4j/1.7.25/jul-to-slf4j-1.7.25.jar:/home/user/.m2/repository/org/eclipse/jetty/jetty-util/9.3.25.v20180904/jetty-util-9.3.25.v20180904.jar:/home/user/.m2/repository/com/fasterxml/jackson/core/jackson-databind/2.9.9/jackson-databind-2.9.9.jar:/home/user/.m2/repository/org/apache/hadoop/hadoop-kms/3.2.0/hadoop-kms-3.2.0-tests.jar:/home/user/.m2/repository/org/apache/hadoop/hadoop-hdds-server-scm/0.5.0-SNAPSHOT/hadoop-hdds-server-scm-0.5.0-SNAPSHOT-tests.jar:/home/user/.m2/repository/org/apache/hadoop/hadoop-hdds-container-service/0.5.0-SNAPSHOT/hadoop-hdds-container-service-0.5.0-SNAPSHOT-tests.jar:/home/user/.m2/repository/org/yaml/snakeyaml/1.16/snakeyaml-1.16.jar:/home/user/.m2/repository/org/apache/hadoop/hadoop-common/3.2.0/hadoop-common-3.2.0-tests.jar:/home/user/.m2/repository/org/apache/hadoop/hadoop-annotations/3.2.0/hadoop-annotations-3.2.0.jar:/usr/lib/jvm/java-1.8-openjdk/jre/../lib/tools.jar:/home/user/.m2/repository/commons-cli/commons-cli/1.2/commons-cli-1.2.jar:/home/user/.m2/repository/org/apache/httpcomponents/httpclient/4.5.2/httpclient-4.5.2.jar:/home/user/.m2/repository/org/apache/httpcomponents/httpcore/4.4.4/httpcore-4.4.4.jar:/home/user/.m2/repository/commons-codec/commons-codec/1.11/commons-codec-1.11.jar:/home/user/.m2/repository/commons-net/commons-net/3.6/commons-net-3.6.jar:/home/user/.m2/repository/commons-collections/commons-collections/3.2.2/commons-collections-3.2.2.jar:/home/user/.m2/repository/org/eclipse/jetty/jetty-servlet/9.3.25.v20180904/jetty-servlet-9.3.25.v20180904.jar:/home/user/.m2/repository/org/eclipse/jetty/jetty-security/9.3.25.v20180904/jetty-security-9.3.25.v20180904.jar:/home/user/.m2/repository/javax/servlet/jsp/jsp-api/2.1/jsp-api-2.1.jar:/home/user/.m2/repository/com/sun/jersey/jersey-servlet/1.19/jersey-servlet-1.19.jar:/home/user/.m2/repository/com/sun/jersey/jersey-json/1.19/jersey-json-1.19.jar:/home/user/.m2/repository/org/codehaus/jettison/jettison/1.1/jettison-1.1.jar:/home/user/.m2/repository/org/codehaus/jackson/jackson-core-asl/1.9.13/jackson-core-asl-1.9.13.jar:/home/user/.m2/repository/org/codehaus/jackson/jackson-mapper-asl/1.9.13/jackson-mapper-asl-1.9.13.jar:/home/user/.m2/repository/org/codehaus/jackson/jackson-jaxrs/1.9.13/jackson-jaxrs-1.9.13.jar:/home/user/.m2/repository/org/codehaus/jackson/jackson-xc/1.9.13/jackson-xc-1.9.13.jar:/home/user/.m2/repository/commons-logging/commons-logging/1.1.3/commons-logging-1.1.3.jar:/home/user/.m2/repository/commons-beanutils/commons-beanutils/1.9.4/commons-beanutils-1.9.4.jar:/home/user/.m2/repository/org/apache/commons/commons-configuration2/2.1.1/commons-configuration2-2.1.1.jar:/home/user/.m2/repository/org/apache/commons/commons-lang3/3.7/commons-lang3-3.7.jar:/home/user/.m2/repository/org/apache/commons/commons-text/1.4/commons-text-1.4.jar:/home/user/.m2/repository/org/apache/avro/avro/1.7.7/avro-1.7.7.jar:/home/user/.m2/repository/com/thoughtworks/paranamer/paranamer/2.3/paranamer-2.3.jar:/home/user/.m2/repository/org/xerial/snappy/snappy-java/1.0.5/snappy-java-1.0.5.jar:/home/user/.m2/repository/com/google/re2j/re2j/1.1/re2j-1.1.jar:/home/user/.m2/repository/com/google/code/gson/gson/2.2.4/gson-2.2.4.jar:/home/user/.m2/repository/com/jcraft/jsch/0.1.54/jsch-0.1.54.jar:/home/user/.m2/repository/org/apache/curator/curator-client/2.12.0/curator-client-2.12.0.jar:/home/user/.m2/repository/org/apache/curator/curator-recipes/2.12.0/curator-recipes-2.12.0.jar:/home/user/.m2/repository/com/google/code/findbugs/jsr305/3.0.0/jsr305-3.0.0.jar:/home/user/.m2/repository/org/apache/htrace/htrace-core4/4.1.0-incubating/htrace-core4-4.1.0-incubating.jar:/home/user/.m2/repository/org/apache/zookeeper/zookeeper/3.4.13/zookeeper-3.4.13.jar:/home/user/.m2/repository/jline/jline/0.9.94/jline-0.9.94.jar:/home/user/.m2/repository/org/apache/yetus/audience-annotations/0.5.0/audience-annotations-0.5.0.jar:/home/user/.m2/repository/org/codehaus/woodstox/stax2-api/3.1.4/stax2-api-3.1.4.jar:/home/user/.m2/repository/com/fasterxml/woodstox/woodstox-core/5.0.3/woodstox-core-5.0.3.jar:/home/user/.m2/repository/dnsjava/dnsjava/2.1.7/dnsjava-2.1.7.jar:/home/user/.m2/repository/org/apache/hadoop/hadoop-hdfs/3.2.0/hadoop-hdfs-3.2.0-tests.jar:/home/user/.m2/repository/org/eclipse/jetty/jetty-util-ajax/9.3.25.v20180904/jetty-util-ajax-9.3.25.v20180904.jar:/home/user/.m2/repository/commons-daemon/commons-daemon/1.0.13/commons-daemon-1.0.13.jar:/home/user/.m2/repository/io/netty/netty/3.10.5.Final/netty-3.10.5.Final.jar:/home/user/.m2/repository/io/netty/netty-all/4.0.52.Final/netty-all-4.0.52.Final.jar:/home/user/.m2/repository/org/fusesource/leveldbjni/leveldbjni-all/1.8/leveldbjni-all-1.8.jar:"/>
    <property name="java.vm.vendor" value="IcedTea"/>
    <property name="sun.arch.data.model" value="64"/>
    <property name="test.build.dir" value="/workdir/hadoop-ozone/integration-test/target/test-dir"/>
    <property name="test.cache.data" value=""/>
    <property name="java.vendor.url" value="https://icedtea.classpath.org"/>
    <property name="user.timezone" value=""/>
    <property name="java.vm.specification.version" value="1.8"/>
    <property name="os.name" value="Linux"/>
    <property name="test.build.data" value="/workdir/hadoop-ozone/integration-test/target/test-dir"/>
    <property name="user.country" value="US"/>
    <property name="sun.java.launcher" value="SUN_STANDARD"/>
    <property name="sun.boot.library.path" value="/usr/lib/jvm/java-1.8-openjdk/jre/lib/amd64"/>
    <property name="sun.java.command" value="/workdir/hadoop-ozone/integration-test/target/surefire/surefirebooter3603258093064219214.jar /workdir/hadoop-ozone/integration-test/target/surefire 2019-10-02T15-36-40_874-jvmRun1 surefire26178881640801434tmp surefire_543604239934067011098tmp"/>
    <property name="test" value="!TestMiniChaosOzoneCluster"/>
    <property name="surefire.test.class.path" value="/workdir/hadoop-ozone/integration-test/target/test-classes:/workdir/hadoop-ozone/integration-test/target/classes:/home/user/.m2/repository/org/apache/hadoop/hadoop-ozone-common/0.5.0-SNAPSHOT/hadoop-ozone-common-0.5.0-SNAPSHOT.jar:/home/user/.m2/repository/org/apache/commons/commons-compress/1.4.1/commons-compress-1.4.1.jar:/home/user/.m2/repository/org/tukaani/xz/1.0/xz-1.0.jar:/home/user/.m2/repository/org/apache/hadoop/hadoop-common/3.2.0/hadoop-common-3.2.0.jar:/home/user/.m2/repository/org/apache/hadoop/hadoop-hdfs/3.2.0/hadoop-hdfs-3.2.0.jar:/home/user/.m2/repository/org/apache/hadoop/hadoop-hdfs-client/3.2.0/hadoop-hdfs-client-3.2.0.jar:/home/user/.m2/repository/com/fasterxml/jackson/core/jackson-annotations/2.9.9/jackson-annotations-2.9.9.jar:/home/user/.m2/repository/org/apache/hadoop/hadoop-hdds-common/0.5.0-SNAPSHOT/hadoop-hdds-common-0.5.0-SNAPSHOT.jar:/home/user/.m2/repository/javax/annotation/javax.annotation-api/1.2/javax.annotation-api-1.2.jar:/home/user/.m2/repository/org/apache/ratis/ratis-server/0.5.0-201fc85-SNAPSHOT/ratis-server-0.5.0-201fc85-SNAPSHOT.jar:/home/user/.m2/repository/org/apache/ratis/ratis-thirdparty-misc/0.2.0/ratis-thirdparty-misc-0.2.0.jar:/home/user/.m2/repository/org/apache/ratis/ratis-proto/0.5.0-201fc85-SNAPSHOT/ratis-proto-0.5.0-201fc85-SNAPSHOT.jar:/home/user/.m2/repository/org/apache/ratis/ratis-common/0.5.0-201fc85-SNAPSHOT/ratis-common-0.5.0-201fc85-SNAPSHOT.jar:/home/user/.m2/repository/org/apache/ratis/ratis-client/0.5.0-201fc85-SNAPSHOT/ratis-client-0.5.0-201fc85-SNAPSHOT.jar:/home/user/.m2/repository/org/apache/ratis/ratis-metrics/0.5.0-201fc85-SNAPSHOT/ratis-metrics-0.5.0-201fc85-SNAPSHOT.jar:/home/user/.m2/repository/com/github/joshelser/dropwizard-metrics-hadoop-metrics2-reporter/0.1.2/dropwizard-metrics-hadoop-metrics2-reporter-0.1.2.jar:/home/user/.m2/repository/io/dropwizard/metrics/metrics-jvm/3.2.5/metrics-jvm-3.2.5.jar:/home/user/.m2/repository/io/dropwizard/metrics/metrics-ganglia/3.2.5/metrics-ganglia-3.2.5.jar:/home/user/.m2/repository/info/ganglia/gmetric4j/gmetric4j/1.0.7/gmetric4j-1.0.7.jar:/home/user/.m2/repository/org/apache/ratis/ratis-netty/0.5.0-201fc85-SNAPSHOT/ratis-netty-0.5.0-201fc85-SNAPSHOT.jar:/home/user/.m2/repository/org/apache/ratis/ratis-grpc/0.5.0-201fc85-SNAPSHOT/ratis-grpc-0.5.0-201fc85-SNAPSHOT.jar:/home/user/.m2/repository/org/rocksdb/rocksdbjni/6.0.1/rocksdbjni-6.0.1.jar:/home/user/.m2/repository/org/apache/logging/log4j/log4j-api/2.11.0/log4j-api-2.11.0.jar:/home/user/.m2/repository/org/apache/logging/log4j/log4j-core/2.11.0/log4j-core-2.11.0.jar:/home/user/.m2/repository/com/lmax/disruptor/3.4.2/disruptor-3.4.2.jar:/home/user/.m2/repository/org/apache/commons/commons-pool2/2.6.0/commons-pool2-2.6.0.jar:/home/user/.m2/repository/org/bouncycastle/bcpkix-jdk15on/1.60/bcpkix-jdk15on-1.60.jar:/home/user/.m2/repository/commons-validator/commons-validator/1.6/commons-validator-1.6.jar:/home/user/.m2/repository/commons-digester/commons-digester/1.8.1/commons-digester-1.8.1.jar:/home/user/.m2/repository/io/jaegertracing/jaeger-client/0.34.0/jaeger-client-0.34.0.jar:/home/user/.m2/repository/io/jaegertracing/jaeger-thrift/0.34.0/jaeger-thrift-0.34.0.jar:/home/user/.m2/repository/org/apache/thrift/libthrift/0.12.0/libthrift-0.12.0.jar:/home/user/.m2/repository/com/squareup/okhttp3/okhttp/3.9.0/okhttp-3.9.0.jar:/home/user/.m2/repository/com/squareup/okio/okio/1.13.0/okio-1.13.0.jar:/home/user/.m2/repository/io/jaegertracing/jaeger-core/0.34.0/jaeger-core-0.34.0.jar:/home/user/.m2/repository/io/jaegertracing/jaeger-tracerresolver/0.34.0/jaeger-tracerresolver-0.34.0.jar:/home/user/.m2/repository/io/opentracing/contrib/opentracing-tracerresolver/0.1.5/opentracing-tracerresolver-0.1.5.jar:/home/user/.m2/repository/io/opentracing/opentracing-util/0.31.0/opentracing-util-0.31.0.jar:/home/user/.m2/repository/io/opentracing/opentracing-api/0.31.0/opentracing-api-0.31.0.jar:/home/user/.m2/repository/io/opentracing/opentracing-noop/0.31.0/opentracing-noop-0.31.0.jar:/home/user/.m2/repository/org/apache/hadoop/hadoop-hdds-server-framework/0.5.0-SNAPSHOT/hadoop-hdds-server-framework-0.5.0-SNAPSHOT.jar:/home/user/.m2/repository/org/apache/hadoop/hadoop-hdds-container-service/0.5.0-SNAPSHOT/hadoop-hdds-container-service-0.5.0-SNAPSHOT.jar:/home/user/.m2/repository/org/apache/hadoop/hadoop-hdds-client/0.5.0-SNAPSHOT/hadoop-hdds-client-0.5.0-SNAPSHOT.jar:/home/user/.m2/repository/org/apache/hadoop/hadoop-hdds-tools/0.5.0-SNAPSHOT/hadoop-hdds-tools-0.5.0-SNAPSHOT.jar:/home/user/.m2/repository/org/apache/hadoop/hadoop-hdds-server-scm/0.5.0-SNAPSHOT/hadoop-hdds-server-scm-0.5.0-SNAPSHOT.jar:/home/user/.m2/repository/org/apache/hadoop/hadoop-hdds-docs/0.5.0-SNAPSHOT/hadoop-hdds-docs-0.5.0-SNAPSHOT.jar:/home/user/.m2/repository/io/dropwizard/metrics/metrics-core/3.2.4/metrics-core-3.2.4.jar:/home/user/.m2/repository/org/hamcrest/hamcrest-all/1.3/hamcrest-all-1.3.jar:/home/user/.m2/repository/org/bouncycastle/bcprov-jdk15on/1.60/bcprov-jdk15on-1.60.jar:/home/user/.m2/repository/info/picocli/picocli/3.9.6/picocli-3.9.6.jar:/home/user/.m2/repository/com/google/protobuf/protobuf-java/2.5.0/protobuf-java-2.5.0.jar:/home/user/.m2/repository/com/google/guava/guava/11.0.2/guava-11.0.2.jar:/home/user/.m2/repository/org/apache/hadoop/hadoop-ozone-ozone-manager/0.5.0-SNAPSHOT/hadoop-ozone-ozone-manager-0.5.0-SNAPSHOT.jar:/home/user/.m2/repository/org/apache/hadoop/hadoop-minikdc/3.2.0/hadoop-minikdc-3.2.0.jar:/home/user/.m2/repository/commons-io/commons-io/2.5/commons-io-2.5.jar:/home/user/.m2/repository/org/apache/kerby/kerb-simplekdc/1.0.1/kerb-simplekdc-1.0.1.jar:/home/user/.m2/repository/org/apache/kerby/kerb-client/1.0.1/kerb-client-1.0.1.jar:/home/user/.m2/repository/org/apache/kerby/kerby-config/1.0.1/kerby-config-1.0.1.jar:/home/user/.m2/repository/org/apache/kerby/kerb-core/1.0.1/kerb-core-1.0.1.jar:/home/user/.m2/repository/org/apache/kerby/kerby-pkix/1.0.1/kerby-pkix-1.0.1.jar:/home/user/.m2/repository/org/apache/kerby/kerby-asn1/1.0.1/kerby-asn1-1.0.1.jar:/home/user/.m2/repository/org/apache/kerby/kerby-util/1.0.1/kerby-util-1.0.1.jar:/home/user/.m2/repository/org/apache/kerby/kerb-common/1.0.1/kerb-common-1.0.1.jar:/home/user/.m2/repository/org/apache/kerby/kerb-crypto/1.0.1/kerb-crypto-1.0.1.jar:/home/user/.m2/repository/org/apache/kerby/kerb-util/1.0.1/kerb-util-1.0.1.jar:/home/user/.m2/repository/org/apache/kerby/token-provider/1.0.1/token-provider-1.0.1.jar:/home/user/.m2/repository/org/apache/kerby/kerb-admin/1.0.1/kerb-admin-1.0.1.jar:/home/user/.m2/repository/org/apache/kerby/kerb-server/1.0.1/kerb-server-1.0.1.jar:/home/user/.m2/repository/org/apache/kerby/kerb-identity/1.0.1/kerb-identity-1.0.1.jar:/home/user/.m2/repository/org/apache/kerby/kerby-xdr/1.0.1/kerby-xdr-1.0.1.jar:/home/user/.m2/repository/org/slf4j/slf4j-log4j12/1.7.25/slf4j-log4j12-1.7.25.jar:/home/user/.m2/repository/org/apache/hadoop/hadoop-ozone-s3gateway/0.5.0-SNAPSHOT/hadoop-ozone-s3gateway-0.5.0-SNAPSHOT.jar:/home/user/.m2/repository/org/jboss/weld/servlet/weld-servlet/2.4.7.Final/weld-servlet-2.4.7.Final.jar:/home/user/.m2/repository/org/glassfish/jersey/containers/jersey-container-servlet-core/2.27/jersey-container-servlet-core-2.27.jar:/home/user/.m2/repository/org/glassfish/hk2/external/javax.inject/2.5.0-b42/javax.inject-2.5.0-b42.jar:/home/user/.m2/repository/org/glassfish/jersey/core/jersey-common/2.27/jersey-common-2.27.jar:/home/user/.m2/repository/org/glassfish/hk2/osgi-resource-locator/1.0.1/osgi-resource-locator-1.0.1.jar:/home/user/.m2/repository/javax/ws/rs/javax.ws.rs-api/2.1/javax.ws.rs-api-2.1.jar:/home/user/.m2/repository/org/glassfish/jersey/ext/cdi/jersey-cdi1x/2.27/jersey-cdi1x-2.27.jar:/home/user/.m2/repository/org/glassfish/jersey/inject/jersey-hk2/2.27/jersey-hk2-2.27.jar:/home/user/.m2/repository/org/glassfish/hk2/hk2-locator/2.5.0-b42/hk2-locator-2.5.0-b42.jar:/home/user/.m2/repository/org/javassist/javassist/3.22.0-CR2/javassist-3.22.0-CR2.jar:/home/user/.m2/repository/org/glassfish/hk2/hk2-api/2.5.0/hk2-api-2.5.0.jar:/home/user/.m2/repository/org/glassfish/hk2/external/jakarta.inject/2.5.0/jakarta.inject-2.5.0.jar:/home/user/.m2/repository/org/glassfish/hk2/hk2-utils/2.5.0/hk2-utils-2.5.0.jar:/home/user/.m2/repository/jakarta/annotation/jakarta.annotation-api/1.3.4/jakarta.annotation-api-1.3.4.jar:/home/user/.m2/repository/org/glassfish/hk2/external/aopalliance-repackaged/2.5.0/aopalliance-repackaged-2.5.0.jar:/home/user/.m2/repository/com/fasterxml/jackson/dataformat/jackson-dataformat-xml/2.9.0/jackson-dataformat-xml-2.9.0.jar:/home/user/.m2/repository/com/fasterxml/jackson/core/jackson-core/2.9.9/jackson-core-2.9.9.jar:/home/user/.m2/repository/com/fasterxml/jackson/module/jackson-module-jaxb-annotations/2.9.9/jackson-module-jaxb-annotations-2.9.9.jar:/home/user/.m2/repository/javax/enterprise/cdi-api/1.2/cdi-api-1.2.jar:/home/user/.m2/repository/javax/el/javax.el-api/3.0.0/javax.el-api-3.0.0.jar:/home/user/.m2/repository/javax/interceptor/javax.interceptor-api/1.2/javax.interceptor-api-1.2.jar:/home/user/.m2/repository/javax/inject/javax.inject/1/javax.inject-1.jar:/home/user/.m2/repository/com/sun/xml/bind/jaxb-impl/2.3.0.1/jaxb-impl-2.3.0.1.jar:/home/user/.m2/repository/com/sun/xml/bind/jaxb-core/2.3.0.1/jaxb-core-2.3.0.1.jar:/home/user/.m2/repository/javax/xml/bind/jaxb-api/2.3.0/jaxb-api-2.3.0.jar:/home/user/.m2/repository/javax/activation/activation/1.1.1/activation-1.1.1.jar:/home/user/.m2/repository/org/apache/hadoop/hadoop-ozone-csi/0.5.0-SNAPSHOT/hadoop-ozone-csi-0.5.0-SNAPSHOT.jar:/home/user/.m2/repository/com/google/protobuf/protobuf-java-util/3.5.1/protobuf-java-util-3.5.1.jar:/home/user/.m2/repository/org/apache/hadoop/hadoop-hdds-config/0.5.0-SNAPSHOT/hadoop-hdds-config-0.5.0-SNAPSHOT.jar:/home/user/.m2/repository/io/grpc/grpc-netty/1.17.1/grpc-netty-1.17.1.jar:/home/user/.m2/repository/io/grpc/grpc-core/1.17.1/grpc-core-1.17.1.jar:/home/user/.m2/repository/io/grpc/grpc-context/1.17.1/grpc-context-1.17.1.jar:/home/user/.m2/repository/com/google/errorprone/error_prone_annotations/2.2.0/error_prone_annotations-2.2.0.jar:/home/user/.m2/repository/org/codehaus/mojo/animal-sniffer-annotations/1.17/animal-sniffer-annotations-1.17.jar:/home/user/.m2/repository/io/opencensus/opencensus-api/0.17.0/opencensus-api-0.17.0.jar:/home/user/.m2/repository/io/opencensus/opencensus-contrib-grpc-metrics/0.17.0/opencensus-contrib-grpc-metrics-0.17.0.jar:/home/user/.m2/repository/io/netty/netty-codec-http2/4.1.30.Final/netty-codec-http2-4.1.30.Final.jar:/home/user/.m2/repository/io/netty/netty-codec-http/4.1.30.Final/netty-codec-http-4.1.30.Final.jar:/home/user/.m2/repository/io/netty/netty-codec/4.1.30.Final/netty-codec-4.1.30.Final.jar:/home/user/.m2/repository/io/netty/netty-handler/4.1.30.Final/netty-handler-4.1.30.Final.jar:/home/user/.m2/repository/io/netty/netty-handler-proxy/4.1.30.Final/netty-handler-proxy-4.1.30.Final.jar:/home/user/.m2/repository/io/netty/netty-codec-socks/4.1.30.Final/netty-codec-socks-4.1.30.Final.jar:/home/user/.m2/repository/io/netty/netty-transport-native-epoll/4.1.30.Final/netty-transport-native-epoll-4.1.30.Final.jar:/home/user/.m2/repository/io/netty/netty-common/4.1.30.Final/netty-common-4.1.30.Final.jar:/home/user/.m2/repository/io/netty/netty-buffer/4.1.30.Final/netty-buffer-4.1.30.Final.jar:/home/user/.m2/repository/io/netty/netty-transport/4.1.30.Final/netty-transport-4.1.30.Final.jar:/home/user/.m2/repository/io/netty/netty-resolver/4.1.30.Final/netty-resolver-4.1.30.Final.jar:/home/user/.m2/repository/io/netty/netty-transport-native-unix-common/4.1.30.Final/netty-transport-native-unix-common-4.1.30.Final.jar:/home/user/.m2/repository/io/grpc/grpc-protobuf/1.17.1/grpc-protobuf-1.17.1.jar:/home/user/.m2/repository/com/google/api/grpc/proto-google-common-protos/1.0.0/proto-google-common-protos-1.0.0.jar:/home/user/.m2/repository/io/grpc/grpc-protobuf-lite/1.17.1/grpc-protobuf-lite-1.17.1.jar:/home/user/.m2/repository/io/grpc/grpc-stub/1.17.1/grpc-stub-1.17.1.jar:/home/user/.m2/repository/org/apache/hadoop/hadoop-ozone-recon/0.5.0-SNAPSHOT/hadoop-ozone-recon-0.5.0-SNAPSHOT.jar:/home/user/.m2/repository/org/apache/hadoop/hadoop-ozone-reconcodegen/0.5.0-SNAPSHOT/hadoop-ozone-reconcodegen-0.5.0-SNAPSHOT.jar:/home/user/.m2/repository/com/google/inject/extensions/guice-multibindings/4.0/guice-multibindings-4.0.jar:/home/user/.m2/repository/com/google/inject/guice/4.0/guice-4.0.jar:/home/user/.m2/repository/aopalliance/aopalliance/1.0/aopalliance-1.0.jar:/home/user/.m2/repository/com/google/inject/extensions/guice-servlet/4.0/guice-servlet-4.0.jar:/home/user/.m2/repository/org/glassfish/jersey/containers/jersey-container-servlet/2.27/jersey-container-servlet-2.27.jar:/home/user/.m2/repository/org/glassfish/hk2/guice-bridge/2.5.0/guice-bridge-2.5.0.jar:/home/user/.m2/repository/org/glassfish/jersey/core/jersey-server/2.27/jersey-server-2.27.jar:/home/user/.m2/repository/org/glassfish/jersey/core/jersey-client/2.27/jersey-client-2.27.jar:/home/user/.m2/repository/org/glassfish/jersey/media/jersey-media-jaxb/2.27/jersey-media-jaxb-2.27.jar:/home/user/.m2/repository/javax/validation/validation-api/1.1.0.Final/validation-api-1.1.0.Final.jar:/home/user/.m2/repository/org/glassfish/jersey/media/jersey-media-json-jackson/2.27/jersey-media-json-jackson-2.27.jar:/home/user/.m2/repository/org/glassfish/jersey/ext/jersey-entity-filtering/2.27/jersey-entity-filtering-2.27.jar:/home/user/.m2/repository/com/google/inject/extensions/guice-assistedinject/4.0/guice-assistedinject-4.0.jar:/home/user/.m2/repository/org/jooq/jooq/3.11.10/jooq-3.11.10.jar:/home/user/.m2/repository/org/jooq/jooq-meta/3.11.10/jooq-meta-3.11.10.jar:/home/user/.m2/repository/org/jooq/jooq-codegen/3.11.10/jooq-codegen-3.11.10.jar:/home/user/.m2/repository/com/jolbox/bonecp/0.8.0.RELEASE/bonecp-0.8.0.RELEASE.jar:/home/user/.m2/repository/org/xerial/sqlite-jdbc/3.25.2/sqlite-jdbc-3.25.2.jar:/home/user/.m2/repository/org/springframework/spring-jdbc/5.1.3.RELEASE/spring-jdbc-5.1.3.RELEASE.jar:/home/user/.m2/repository/org/springframework/spring-beans/5.1.3.RELEASE/spring-beans-5.1.3.RELEASE.jar:/home/user/.m2/repository/org/springframework/spring-core/5.1.3.RELEASE/spring-core-5.1.3.RELEASE.jar:/home/user/.m2/repository/org/springframework/spring-jcl/5.1.3.RELEASE/spring-jcl-5.1.3.RELEASE.jar:/home/user/.m2/repository/org/springframework/spring-tx/5.1.3.RELEASE/spring-tx-5.1.3.RELEASE.jar:/home/user/.m2/repository/org/apache/hadoop/hadoop-ozone-client/0.5.0-SNAPSHOT/hadoop-ozone-client-0.5.0-SNAPSHOT.jar:/home/user/.m2/repository/commons-lang/commons-lang/2.6/commons-lang-2.6.jar:/home/user/.m2/repository/org/apache/hadoop/hadoop-ozone-ozone-manager/0.5.0-SNAPSHOT/hadoop-ozone-ozone-manager-0.5.0-SNAPSHOT-tests.jar:/home/user/.m2/repository/junit/junit/4.11/junit-4.11.jar:/home/user/.m2/repository/org/hamcrest/hamcrest-core/1.3/hamcrest-core-1.3.jar:/home/user/.m2/repository/org/openjdk/jmh/jmh-core/1.19/jmh-core-1.19.jar:/home/user/.m2/repository/net/sf/jopt-simple/jopt-simple/4.6/jopt-simple-4.6.jar:/home/user/.m2/repository/org/apache/commons/commons-math3/3.1.1/commons-math3-3.1.1.jar:/home/user/.m2/repository/org/openjdk/jmh/jmh-generator-annprocess/1.19/jmh-generator-annprocess-1.19.jar:/home/user/.m2/repository/org/mockito/mockito-all/1.8.5/mockito-all-1.8.5.jar:/home/user/.m2/repository/org/apache/hadoop/hadoop-kms/3.2.0/hadoop-kms-3.2.0.jar:/home/user/.m2/repository/org/apache/hadoop/hadoop-auth/3.2.0/hadoop-auth-3.2.0.jar:/home/user/.m2/repository/com/nimbusds/nimbus-jose-jwt/4.41.1/nimbus-jose-jwt-4.41.1.jar:/home/user/.m2/repository/com/github/stephenc/jcip/jcip-annotations/1.0-1/jcip-annotations-1.0-1.jar:/home/user/.m2/repository/net/minidev/json-smart/2.3/json-smart-2.3.jar:/home/user/.m2/repository/net/minidev/accessors-smart/1.2/accessors-smart-1.2.jar:/home/user/.m2/repository/org/ow2/asm/asm/5.0.4/asm-5.0.4.jar:/home/user/.m2/repository/org/apache/curator/curator-framework/2.12.0/curator-framework-2.12.0.jar:/home/user/.m2/repository/com/sun/jersey/jersey-core/1.19/jersey-core-1.19.jar:/home/user/.m2/repository/javax/ws/rs/jsr311-api/1.1.1/jsr311-api-1.1.1.jar:/home/user/.m2/repository/com/sun/jersey/jersey-server/1.19/jersey-server-1.19.jar:/home/user/.m2/repository/javax/servlet/javax.servlet-api/3.1.0/javax.servlet-api-3.1.0.jar:/home/user/.m2/repository/org/eclipse/jetty/jetty-server/9.3.25.v20180904/jetty-server-9.3.25.v20180904.jar:/home/user/.m2/repository/org/eclipse/jetty/jetty-http/9.3.25.v20180904/jetty-http-9.3.25.v20180904.jar:/home/user/.m2/repository/org/eclipse/jetty/jetty-io/9.3.25.v20180904/jetty-io-9.3.25.v20180904.jar:/home/user/.m2/repository/org/eclipse/jetty/jetty-webapp/9.3.25.v20180904/jetty-webapp-9.3.25.v20180904.jar:/home/user/.m2/repository/org/eclipse/jetty/jetty-xml/9.3.25.v20180904/jetty-xml-9.3.25.v20180904.jar:/home/user/.m2/repository/log4j/log4j/1.2.17/log4j-1.2.17.jar:/home/user/.m2/repository/org/slf4j/slf4j-api/1.7.25/slf4j-api-1.7.25.jar:/home/user/.m2/repository/org/slf4j/jul-to-slf4j/1.7.25/jul-to-slf4j-1.7.25.jar:/home/user/.m2/repository/org/eclipse/jetty/jetty-util/9.3.25.v20180904/jetty-util-9.3.25.v20180904.jar:/home/user/.m2/repository/com/fasterxml/jackson/core/jackson-databind/2.9.9/jackson-databind-2.9.9.jar:/home/user/.m2/repository/org/apache/hadoop/hadoop-kms/3.2.0/hadoop-kms-3.2.0-tests.jar:/home/user/.m2/repository/org/apache/hadoop/hadoop-hdds-server-scm/0.5.0-SNAPSHOT/hadoop-hdds-server-scm-0.5.0-SNAPSHOT-tests.jar:/home/user/.m2/repository/org/apache/hadoop/hadoop-hdds-container-service/0.5.0-SNAPSHOT/hadoop-hdds-container-service-0.5.0-SNAPSHOT-tests.jar:/home/user/.m2/repository/org/yaml/snakeyaml/1.16/snakeyaml-1.16.jar:/home/user/.m2/repository/org/apache/hadoop/hadoop-common/3.2.0/hadoop-common-3.2.0-tests.jar:/home/user/.m2/repository/org/apache/hadoop/hadoop-annotations/3.2.0/hadoop-annotations-3.2.0.jar:/usr/lib/jvm/java-1.8-openjdk/jre/../lib/tools.jar:/home/user/.m2/repository/commons-cli/commons-cli/1.2/commons-cli-1.2.jar:/home/user/.m2/repository/org/apache/httpcomponents/httpclient/4.5.2/httpclient-4.5.2.jar:/home/user/.m2/repository/org/apache/httpcomponents/httpcore/4.4.4/httpcore-4.4.4.jar:/home/user/.m2/repository/commons-codec/commons-codec/1.11/commons-codec-1.11.jar:/home/user/.m2/repository/commons-net/commons-net/3.6/commons-net-3.6.jar:/home/user/.m2/repository/commons-collections/commons-collections/3.2.2/commons-collections-3.2.2.jar:/home/user/.m2/repository/org/eclipse/jetty/jetty-servlet/9.3.25.v20180904/jetty-servlet-9.3.25.v20180904.jar:/home/user/.m2/repository/org/eclipse/jetty/jetty-security/9.3.25.v20180904/jetty-security-9.3.25.v20180904.jar:/home/user/.m2/repository/javax/servlet/jsp/jsp-api/2.1/jsp-api-2.1.jar:/home/user/.m2/repository/com/sun/jersey/jersey-servlet/1.19/jersey-servlet-1.19.jar:/home/user/.m2/repository/com/sun/jersey/jersey-json/1.19/jersey-json-1.19.jar:/home/user/.m2/repository/org/codehaus/jettison/jettison/1.1/jettison-1.1.jar:/home/user/.m2/repository/org/codehaus/jackson/jackson-core-asl/1.9.13/jackson-core-asl-1.9.13.jar:/home/user/.m2/repository/org/codehaus/jackson/jackson-mapper-asl/1.9.13/jackson-mapper-asl-1.9.13.jar:/home/user/.m2/repository/org/codehaus/jackson/jackson-jaxrs/1.9.13/jackson-jaxrs-1.9.13.jar:/home/user/.m2/repository/org/codehaus/jackson/jackson-xc/1.9.13/jackson-xc-1.9.13.jar:/home/user/.m2/repository/commons-logging/commons-logging/1.1.3/commons-logging-1.1.3.jar:/home/user/.m2/repository/commons-beanutils/commons-beanutils/1.9.4/commons-beanutils-1.9.4.jar:/home/user/.m2/repository/org/apache/commons/commons-configuration2/2.1.1/commons-configuration2-2.1.1.jar:/home/user/.m2/repository/org/apache/commons/commons-lang3/3.7/commons-lang3-3.7.jar:/home/user/.m2/repository/org/apache/commons/commons-text/1.4/commons-text-1.4.jar:/home/user/.m2/repository/org/apache/avro/avro/1.7.7/avro-1.7.7.jar:/home/user/.m2/repository/com/thoughtworks/paranamer/paranamer/2.3/paranamer-2.3.jar:/home/user/.m2/repository/org/xerial/snappy/snappy-java/1.0.5/snappy-java-1.0.5.jar:/home/user/.m2/repository/com/google/re2j/re2j/1.1/re2j-1.1.jar:/home/user/.m2/repository/com/google/code/gson/gson/2.2.4/gson-2.2.4.jar:/home/user/.m2/repository/com/jcraft/jsch/0.1.54/jsch-0.1.54.jar:/home/user/.m2/repository/org/apache/curator/curator-client/2.12.0/curator-client-2.12.0.jar:/home/user/.m2/repository/org/apache/curator/curator-recipes/2.12.0/curator-recipes-2.12.0.jar:/home/user/.m2/repository/com/google/code/findbugs/jsr305/3.0.0/jsr305-3.0.0.jar:/home/user/.m2/repository/org/apache/htrace/htrace-core4/4.1.0-incubating/htrace-core4-4.1.0-incubating.jar:/home/user/.m2/repository/org/apache/zookeeper/zookeeper/3.4.13/zookeeper-3.4.13.jar:/home/user/.m2/repository/jline/jline/0.9.94/jline-0.9.94.jar:/home/user/.m2/repository/org/apache/yetus/audience-annotations/0.5.0/audience-annotations-0.5.0.jar:/home/user/.m2/repository/org/codehaus/woodstox/stax2-api/3.1.4/stax2-api-3.1.4.jar:/home/user/.m2/repository/com/fasterxml/woodstox/woodstox-core/5.0.3/woodstox-core-5.0.3.jar:/home/user/.m2/repository/dnsjava/dnsjava/2.1.7/dnsjava-2.1.7.jar:/home/user/.m2/repository/org/apache/hadoop/hadoop-hdfs/3.2.0/hadoop-hdfs-3.2.0-tests.jar:/home/user/.m2/repository/org/eclipse/jetty/jetty-util-ajax/9.3.25.v20180904/jetty-util-ajax-9.3.25.v20180904.jar:/home/user/.m2/repository/commons-daemon/commons-daemon/1.0.13/commons-daemon-1.0.13.jar:/home/user/.m2/repository/io/netty/netty/3.10.5.Final/netty-3.10.5.Final.jar:/home/user/.m2/repository/io/netty/netty-all/4.0.52.Final/netty-all-4.0.52.Final.jar:/home/user/.m2/repository/org/fusesource/leveldbjni/leveldbjni-all/1.8/leveldbjni-all-1.8.jar:"/>
    <property name="sun.cpu.endian" value="little"/>
    <property name="user.home" value="/home/user"/>
    <property name="user.language" value="en"/>
    <property name="java.specification.vendor" value="Oracle Corporation"/>
    <property name="java.home" value="/usr/lib/jvm/java-1.8-openjdk/jre"/>
    <property name="java.security.krb5.conf" value="/workdir/hadoop-ozone/integration-test/target/test-classes/krb5.conf"/>
    <property name="basedir" value="/workdir/hadoop-ozone/integration-test"/>
    <property name="file.separator" value="/"/>
    <property name="line.separator" value="&#10;"/>
    <property name="java.vm.specification.vendor" value="Oracle Corporation"/>
    <property name="java.specification.name" value="Java Platform API Specification"/>
    <property name="java.awt.graphicsenv" value="sun.awt.X11GraphicsEnvironment"/>
    <property name="surefire.real.class.path" value="/workdir/hadoop-ozone/integration-test/target/surefire/surefirebooter3603258093064219214.jar"/>
    <property name="hadoop.log.dir" value="/workdir/hadoop-ozone/integration-test/target/log"/>
    <property name="sun.boot.class.path" value="/usr/lib/jvm/java-1.8-openjdk/jre/lib/resources.jar:/usr/lib/jvm/java-1.8-openjdk/jre/lib/rt.jar:/usr/lib/jvm/java-1.8-openjdk/jre/lib/sunrsasign.jar:/usr/lib/jvm/java-1.8-openjdk/jre/lib/jsse.jar:/usr/lib/jvm/java-1.8-openjdk/jre/lib/jce.jar:/usr/lib/jvm/java-1.8-openjdk/jre/lib/charsets.jar:/usr/lib/jvm/java-1.8-openjdk/jre/lib/jfr.jar:/usr/lib/jvm/java-1.8-openjdk/jre/classes"/>
    <property name="sun.management.compiler" value="HotSpot 64-Bit Tiered Compilers"/>
    <property name="java.runtime.version" value="1.8.0_212-b04"/>
    <property name="java.net.preferIPv4Stack" value="true"/>
    <property name="user.name" value="jenkins1000"/>
    <property name="path.separator" value=":"/>
    <property name="java.security.egd" value="file:///dev/urandom"/>
    <property name="os.version" value="3.10.0-957.12.2.el7.x86_64"/>
    <property name="java.endorsed.dirs" value="/usr/lib/jvm/java-1.8-openjdk/jre/lib/endorsed"/>
    <property name="java.runtime.name" value="OpenJDK Runtime Environment"/>
    <property name="file.encoding" value="UTF-8"/>
    <property name="java.vm.name" value="OpenJDK 64-Bit Server VM"/>
    <property name="test.build.webapps" value=""/>
    <property name="localRepository" value="/home/user/.m2/repository"/>
    <property name="java.vendor.url.bug" value="https://icedtea.classpath.org/bugzilla"/>
    <property name="java.io.tmpdir" value="/tmp"/>
    <property name="require.test.libhadoop" value=""/>
    <property name="java.version" value="1.8.0_212"/>
    <property name="user.dir" value="/workdir/hadoop-ozone/integration-test"/>
    <property name="os.arch" value="amd64"/>
    <property name="java.vm.specification.name" value="Java Virtual Machine Specification"/>
    <property name="test.build.classes" value="/workdir/hadoop-ozone/integration-test/target/test-classes"/>
    <property name="java.awt.printerjob" value="sun.print.PSPrinterJob"/>
    <property name="sun.os.patch.level" value="unknown"/>
    <property name="hadoop.tmp.dir" value="/workdir/hadoop-ozone/integration-test/target/tmp"/>
    <property name="java.library.path" value="/usr/lib/jvm/java-1.8-openjdk/jre/lib/amd64/server:/usr/lib/jvm/java-1.8-openjdk/jre/lib/amd64:/usr/lib/jvm/java-1.8-openjdk/jre/../lib/amd64:/workdir/hadoop-ozone/integration-test/target/native/target/usr/local/lib:/workdir/hadoop-ozone/integration-test/../../hadoop-common-project/hadoop-common/target/native/target/usr/local/lib:/usr/java/packages/lib/amd64:/usr/lib64:/lib64:/lib:/usr/lib"/>
    <property name="java.vm.info" value="mixed mode"/>
    <property name="java.vendor" value="IcedTea"/>
    <property name="java.vm.version" value="25.212-b04"/>
    <property name="java.ext.dirs" value="/usr/lib/jvm/java-1.8-openjdk/jre/lib/ext:/usr/java/packages/lib/ext"/>
    <property name="sun.io.unicode.encoding" value="UnicodeLittle"/>
    <property name="java.class.version" value="52.0"/>
  </properties>
  <testcase name="testWatchForCommitWithKeyWrite" classname="org.apache.hadoop.ozone.client.rpc.TestWatchForCommit" time="84.85"/>
  <testcase name="testWatchForCommitWithSmallerTimeoutValue" classname="org.apache.hadoop.ozone.client.rpc.TestWatchForCommit" time="26.941">
    <error message="org.apache.ratis.protocol.RaftRetryFailureException: Failed RaftClientRequest:client-9DF70DDA405D-&gt;a5e85cbd-8f76-42d4-bb24-844dda1c2427@group-3AFB9787652A, cid=50, seq=1*, RW, org.apache.hadoop.hdds.scm.XceiverClientRatis$$Lambda$540/2099541600@6137e025 for 20 attempts with RetryLimited(maxAttempts=20, sleepTime=1000ms)" type="java.util.concurrent.ExecutionException">java.util.concurrent.ExecutionException: org.apache.ratis.protocol.RaftRetryFailureException: Failed RaftClientRequest:client-9DF70DDA405D->a5e85cbd-8f76-42d4-bb24-844dda1c2427@group-3AFB9787652A, cid=50, seq=1*, RW, org.apache.hadoop.hdds.scm.XceiverClientRatis$$Lambda$540/2099541600@6137e025 for 20 attempts with RetryLimited(maxAttempts=20, sleepTime=1000ms)
	at java.util.concurrent.CompletableFuture.reportGet(CompletableFuture.java:357)
	at java.util.concurrent.CompletableFuture.get(CompletableFuture.java:1895)
	at org.apache.hadoop.ozone.client.rpc.TestWatchForCommit.testWatchForCommitWithSmallerTimeoutValue(TestWatchForCommit.java:293)
	at sun.reflect.NativeMethodAccessorImpl.invoke0(Native Method)
	at sun.reflect.NativeMethodAccessorImpl.invoke(NativeMethodAccessorImpl.java:62)
	at sun.reflect.DelegatingMethodAccessorImpl.invoke(DelegatingMethodAccessorImpl.java:43)
	at java.lang.reflect.Method.invoke(Method.java:498)
	at org.junit.runners.model.FrameworkMethod$1.runReflectiveCall(FrameworkMethod.java:47)
	at org.junit.internal.runners.model.ReflectiveCallable.run(ReflectiveCallable.java:12)
	at org.junit.runners.model.FrameworkMethod.invokeExplosively(FrameworkMethod.java:44)
	at org.junit.internal.runners.statements.InvokeMethod.evaluate(InvokeMethod.java:17)
	at org.junit.runners.ParentRunner.runLeaf(ParentRunner.java:271)
	at org.junit.runners.BlockJUnit4ClassRunner.runChild(BlockJUnit4ClassRunner.java:70)
	at org.junit.runners.BlockJUnit4ClassRunner.runChild(BlockJUnit4ClassRunner.java:50)
	at org.junit.runners.ParentRunner$3.run(ParentRunner.java:238)
	at org.junit.runners.ParentRunner$1.schedule(ParentRunner.java:63)
	at org.junit.runners.ParentRunner.runChildren(ParentRunner.java:236)
	at org.junit.runners.ParentRunner.access$000(ParentRunner.java:53)
	at org.junit.runners.ParentRunner$2.evaluate(ParentRunner.java:229)
	at org.junit.runners.ParentRunner.run(ParentRunner.java:309)
	at org.apache.maven.surefire.junit4.JUnit4Provider.execute(JUnit4Provider.java:365)
	at org.apache.maven.surefire.junit4.JUnit4Provider.executeWithRerun(JUnit4Provider.java:273)
	at org.apache.maven.surefire.junit4.JUnit4Provider.executeTestSet(JUnit4Provider.java:238)
	at org.apache.maven.surefire.junit4.JUnit4Provider.invoke(JUnit4Provider.java:159)
	at org.apache.maven.surefire.booter.ForkedBooter.invokeProviderInSameClassLoader(ForkedBooter.java:384)
	at org.apache.maven.surefire.booter.ForkedBooter.runSuitesInProcess(ForkedBooter.java:345)
	at org.apache.maven.surefire.booter.ForkedBooter.execute(ForkedBooter.java:126)
	at org.apache.maven.surefire.booter.ForkedBooter.main(ForkedBooter.java:418)
Caused by: org.apache.ratis.protocol.RaftRetryFailureException: Failed RaftClientRequest:client-9DF70DDA405D->a5e85cbd-8f76-42d4-bb24-844dda1c2427@group-3AFB9787652A, cid=50, seq=1*, RW, org.apache.hadoop.hdds.scm.XceiverClientRatis$$Lambda$540/2099541600@6137e025 for 20 attempts with RetryLimited(maxAttempts=20, sleepTime=1000ms)
	at org.apache.ratis.client.impl.RaftClientImpl.noMoreRetries(RaftClientImpl.java:271)
	at org.apache.ratis.client.impl.OrderedAsync.handleAsyncRetryFailure(OrderedAsync.java:138)
	at org.apache.ratis.client.impl.OrderedAsync.lambda$sendRequest$10(OrderedAsync.java:230)
	at java.util.concurrent.CompletableFuture.uniExceptionally(CompletableFuture.java:870)
	at java.util.concurrent.CompletableFuture$UniExceptionally.tryFire(CompletableFuture.java:852)
	at java.util.concurrent.CompletableFuture.postComplete(CompletableFuture.java:474)
	at java.util.concurrent.CompletableFuture.completeExceptionally(CompletableFuture.java:1977)
	at org.apache.ratis.grpc.client.GrpcClientProtocolClient$AsyncStreamObservers.completeReplyExceptionally(GrpcClientProtocolClient.java:345)
	at org.apache.ratis.grpc.client.GrpcClientProtocolClient$AsyncStreamObservers.access$000(GrpcClientProtocolClient.java:261)
	at org.apache.ratis.grpc.client.GrpcClientProtocolClient$AsyncStreamObservers$1.onNext(GrpcClientProtocolClient.java:273)
	at org.apache.ratis.grpc.client.GrpcClientProtocolClient$AsyncStreamObservers$1.onNext(GrpcClientProtocolClient.java:264)
	at org.apache.ratis.thirdparty.io.grpc.stub.ClientCalls$StreamObserverToCallListenerAdapter.onMessage(ClientCalls.java:421)
	at org.apache.ratis.thirdparty.io.grpc.ForwardingClientCallListener.onMessage(ForwardingClientCallListener.java:33)
	at org.apache.ratis.thirdparty.io.grpc.ForwardingClientCallListener.onMessage(ForwardingClientCallListener.java:33)
	at org.apache.ratis.thirdparty.io.grpc.internal.ClientCallImpl$ClientStreamListenerImpl$1MessagesAvailable.runInContext(ClientCallImpl.java:519)
	at org.apache.ratis.thirdparty.io.grpc.internal.ContextRunnable.run(ContextRunnable.java:37)
	at org.apache.ratis.thirdparty.io.grpc.internal.SerializingExecutor.run(SerializingExecutor.java:123)
	at java.util.concurrent.ThreadPoolExecutor.runWorker(ThreadPoolExecutor.java:1149)
	at java.util.concurrent.ThreadPoolExecutor$Worker.run(ThreadPoolExecutor.java:624)
	at java.lang.Thread.run(Thread.java:748)
Caused by: org.apache.ratis.protocol.NotLeaderException: Server a5e85cbd-8f76-42d4-bb24-844dda1c2427@group-3AFB9787652A is not the leader
	at org.apache.ratis.client.impl.ClientProtoUtils.toRaftClientReply(ClientProtoUtils.java:243)
	at org.apache.ratis.grpc.client.GrpcClientProtocolClient$AsyncStreamObservers$1.onNext(GrpcClientProtocolClient.java:269)
	... 10 more
</error>
    <system-out><![CDATA[2019-10-02 16:23:51,452 [main] WARN  server.ServerUtils (ServerUtils.java:getScmDbDir(145)) - ozone.scm.db.dirs is not configured. We recommend adding this setting. Falling back to ozone.metadata.dirs instead.
2019-10-02 16:23:51,467 [main] WARN  server.ServerUtils (ServerUtils.java:getScmDbDir(145)) - ozone.scm.db.dirs is not configured. We recommend adding this setting. Falling back to ozone.metadata.dirs instead.
2019-10-02 16:23:51,468 [main] WARN  server.ServerUtils (ServerUtils.java:getScmDbDir(145)) - ozone.scm.db.dirs is not configured. We recommend adding this setting. Falling back to ozone.metadata.dirs instead.
2019-10-02 16:23:51,468 [main] INFO  db.DBStoreBuilder (DBStoreBuilder.java:addTable(110)) - using custom profile for table: deletedBlocks
2019-10-02 16:23:51,468 [main] INFO  db.DBStoreBuilder (DBStoreBuilder.java:processTables(161)) - Using default column profile:DBProfile.DISK for Table:deletedBlocks
2019-10-02 16:23:51,468 [main] INFO  db.DBStoreBuilder (DBStoreBuilder.java:addTable(110)) - using custom profile for table: validCerts
2019-10-02 16:23:51,469 [main] INFO  db.DBStoreBuilder (DBStoreBuilder.java:processTables(161)) - Using default column profile:DBProfile.DISK for Table:validCerts
2019-10-02 16:23:51,469 [main] INFO  db.DBStoreBuilder (DBStoreBuilder.java:addTable(110)) - using custom profile for table: revokedCerts
2019-10-02 16:23:51,469 [main] INFO  db.DBStoreBuilder (DBStoreBuilder.java:processTables(161)) - Using default column profile:DBProfile.DISK for Table:revokedCerts
2019-10-02 16:23:51,469 [main] INFO  db.DBStoreBuilder (DBStoreBuilder.java:addTable(110)) - using custom profile for table: default
2019-10-02 16:23:51,470 [main] INFO  db.DBStoreBuilder (DBStoreBuilder.java:processTables(167)) - Using default column profile:DBProfile.DISK for Table:default
2019-10-02 16:23:51,470 [main] INFO  db.DBStoreBuilder (DBStoreBuilder.java:getDbProfile(198)) - Using default options. DBProfile.DISK
2019-10-02 16:23:51,682 [main] INFO  net.NodeSchemaLoader (NodeSchemaLoader.java:loadSchemaFromFile(125)) - Loading file from sun.misc.CompoundEnumeration@b46e103
2019-10-02 16:23:51,682 [main] INFO  net.NodeSchemaLoader (NodeSchemaLoader.java:loadSchema(171)) - Loading network topology layer schema file
2019-10-02 16:23:51,687 [main] WARN  server.ServerUtils (ServerUtils.java:sanitizeUserArgs(70)) - ozone.scm.stale.node.interval value = 300000 is larger than max = 100000 based on the key value of ozone.scm.heartbeat.thread.interval, reset to the max value 100000.
2019-10-02 16:23:51,687 [main] WARN  server.ServerUtils (ServerUtils.java:sanitizeUserArgs(70)) - ozone.scm.stale.node.interval value = 300000 is larger than max = 100000 based on the key value of ozone.scm.heartbeat.thread.interval, reset to the max value 100000.
2019-10-02 16:23:51,687 [main] INFO  node.SCMNodeManager (SCMNodeManager.java:<init>(116)) - Entering startup safe mode.
2019-10-02 16:23:51,688 [main] INFO  algorithms.ContainerPlacementPolicyFactory (ContainerPlacementPolicyFactory.java:getPolicy(57)) - Create container placement policy of type org.apache.hadoop.hdds.scm.container.placement.algorithms.SCMContainerPlacementRandom
2019-10-02 16:23:51,689 [main] WARN  server.ServerUtils (ServerUtils.java:getScmDbDir(145)) - ozone.scm.db.dirs is not configured. We recommend adding this setting. Falling back to ozone.metadata.dirs instead.
2019-10-02 16:23:51,767 [main] INFO  pipeline.SCMPipelineManager (SCMPipelineManager.java:initializePipelineState(132)) - No pipeline exists in current db
2019-10-02 16:23:51,767 [main] WARN  server.ServerUtils (ServerUtils.java:getScmDbDir(145)) - ozone.scm.db.dirs is not configured. We recommend adding this setting. Falling back to ozone.metadata.dirs instead.
2019-10-02 16:23:52,051 [main] WARN  events.EventQueue (EventQueue.java:fireEvent(183)) - No event handler registered for event TypedEvent{payloadType=SafeModeStatus, name='SafeModeStatus'}
2019-10-02 16:23:52,052 [main] INFO  ipc.CallQueueManager (CallQueueManager.java:<init>(84)) - Using callQueue: class java.util.concurrent.LinkedBlockingQueue, queueCapacity: 2000, scheduler: class org.apache.hadoop.ipc.DefaultRpcScheduler, ipcBackoff: false.
2019-10-02 16:23:52,053 [Socket Reader #1 for port 46250] INFO  ipc.Server (Server.java:run(1074)) - Starting Socket Reader #1 for port 46250
2019-10-02 16:23:52,055 [main] INFO  ipc.CallQueueManager (CallQueueManager.java:<init>(84)) - Using callQueue: class java.util.concurrent.LinkedBlockingQueue, queueCapacity: 2000, scheduler: class org.apache.hadoop.ipc.DefaultRpcScheduler, ipcBackoff: false.
2019-10-02 16:23:52,056 [Socket Reader #1 for port 41069] INFO  ipc.Server (Server.java:run(1074)) - Starting Socket Reader #1 for port 41069
2019-10-02 16:23:52,057 [main] INFO  ipc.CallQueueManager (CallQueueManager.java:<init>(84)) - Using callQueue: class java.util.concurrent.LinkedBlockingQueue, queueCapacity: 2000, scheduler: class org.apache.hadoop.ipc.DefaultRpcScheduler, ipcBackoff: false.
2019-10-02 16:23:52,058 [Socket Reader #1 for port 42566] INFO  ipc.Server (Server.java:run(1074)) - Starting Socket Reader #1 for port 42566
2019-10-02 16:23:52,060 [main] INFO  hdfs.DFSUtil (DFSUtil.java:httpServerTemplateForNNAndJN(1641)) - Starting Web-server for scm at: http://0.0.0.0:0
2019-10-02 16:23:52,063 [main] INFO  server.AuthenticationFilter (AuthenticationFilter.java:constructSecretProvider(240)) - Unable to initialize FileSignerSecretProvider, falling back to use random secrets.
2019-10-02 16:23:52,064 [main] WARN  http.HttpRequestLog (HttpRequestLog.java:getRequestLog(97)) - Jetty request log can only be enabled using Log4j
2019-10-02 16:23:52,068 [main] INFO  http.HttpServer2 (HttpServer2.java:addGlobalFilter(975)) - Added global filter 'safety' (class=org.apache.hadoop.http.HttpServer2$QuotingInputFilter)
2019-10-02 16:23:52,069 [main] INFO  http.HttpServer2 (HttpServer2.java:addFilter(948)) - Added filter static_user_filter (class=org.apache.hadoop.http.lib.StaticUserWebFilter$StaticUserFilter) to context scm
2019-10-02 16:23:52,069 [main] INFO  http.HttpServer2 (HttpServer2.java:addFilter(958)) - Added filter static_user_filter (class=org.apache.hadoop.http.lib.StaticUserWebFilter$StaticUserFilter) to context logs
2019-10-02 16:23:52,069 [main] INFO  http.HttpServer2 (HttpServer2.java:addFilter(958)) - Added filter static_user_filter (class=org.apache.hadoop.http.lib.StaticUserWebFilter$StaticUserFilter) to context static
2019-10-02 16:23:52,073 [main] INFO  server.StorageContainerManager (StorageContainerManager.java:start(770)) - StorageContainerLocationProtocol RPC server is listening at /0.0.0.0:42566
2019-10-02 16:23:52,076 [main] WARN  impl.MetricsConfig (MetricsConfig.java:loadFirst(134)) - Cannot locate configuration: tried hadoop-metrics2-storagecontainermanager.properties,hadoop-metrics2.properties
2019-10-02 16:23:52,077 [main] INFO  impl.MetricsSystemImpl (MetricsSystemImpl.java:startTimer(374)) - Scheduled Metric snapshot period at 10 second(s).
2019-10-02 16:23:52,077 [main] INFO  impl.MetricsSystemImpl (MetricsSystemImpl.java:start(191)) - StorageContainerManager metrics system started
2019-10-02 16:23:52,130 [main] WARN  impl.MetricsSystemImpl (MetricsSystemImpl.java:register(276)) - Sink prometheus already exists!
2019-10-02 16:23:52,136 [main] INFO  server.SCMClientProtocolServer (SCMClientProtocolServer.java:start(150)) - RPC server for Client  is listening at /0.0.0.0:42566
2019-10-02 16:23:52,136 [IPC Server Responder] INFO  ipc.Server (Server.java:run(1314)) - IPC Server Responder: starting
2019-10-02 16:23:52,137 [IPC Server listener on 42566] INFO  ipc.Server (Server.java:run(1153)) - IPC Server listener on 42566: starting
2019-10-02 16:23:52,140 [main] INFO  server.StorageContainerManager (StorageContainerManager.java:start(780)) - ScmBlockLocationProtocol RPC server is listening at /0.0.0.0:41069
2019-10-02 16:23:52,140 [main] INFO  server.SCMBlockProtocolServer (SCMBlockProtocolServer.java:start(148)) - RPC server for Block Protocol is listening at /0.0.0.0:41069
2019-10-02 16:23:52,141 [IPC Server Responder] INFO  ipc.Server (Server.java:run(1314)) - IPC Server Responder: starting
2019-10-02 16:23:52,141 [IPC Server listener on 41069] INFO  ipc.Server (Server.java:run(1153)) - IPC Server listener on 41069: starting
2019-10-02 16:23:52,144 [main] INFO  server.StorageContainerManager (StorageContainerManager.java:start(784)) - ScmDatanodeProtocl RPC server is listening at /0.0.0.0:46250
2019-10-02 16:23:52,145 [main] INFO  server.SCMDatanodeProtocolServer (SCMDatanodeProtocolServer.java:start(191)) - RPC server for DataNodes is listening at /0.0.0.0:46250
2019-10-02 16:23:52,145 [IPC Server Responder] INFO  ipc.Server (Server.java:run(1314)) - IPC Server Responder: starting
2019-10-02 16:23:52,145 [IPC Server listener on 46250] INFO  ipc.Server (Server.java:run(1153)) - IPC Server listener on 46250: starting
2019-10-02 16:23:52,148 [main] INFO  http.HttpServer2 (HttpServer2.java:bindListener(1191)) - Jetty bound to port 42234
2019-10-02 16:23:52,148 [main] INFO  server.Server (Server.java:doStart(351)) - jetty-9.3.25.v20180904, build timestamp: 2018-09-04T21:11:46Z, git hash: 3ce520221d0240229c862b122d2b06c12a625732
2019-10-02 16:23:52,150 [main] INFO  handler.ContextHandler (ContextHandler.java:doStart(781)) - Started o.e.j.s.ServletContextHandler@7c1447b5{/logs,file:///workdir/hadoop-ozone/integration-test/target/log,AVAILABLE}
2019-10-02 16:23:52,151 [main] INFO  handler.ContextHandler (ContextHandler.java:doStart(781)) - Started o.e.j.s.ServletContextHandler@24a2e565{/static,file:///workdir/hadoop-ozone/integration-test/target/test-classes/webapps/static,AVAILABLE}
2019-10-02 16:23:52,156 [main] INFO  handler.ContextHandler (ContextHandler.java:doStart(781)) - Started o.e.j.w.WebAppContext@73a8e994{/,file:///workdir/hadoop-ozone/integration-test/target/test-classes/webapps/scm/,AVAILABLE}{/scm}
2019-10-02 16:23:52,157 [main] INFO  server.AbstractConnector (AbstractConnector.java:doStart(278)) - Started ServerConnector@1a1cc163{HTTP/1.1,[http/1.1]}{0.0.0.0:42234}
2019-10-02 16:23:52,158 [main] INFO  server.Server (Server.java:doStart(419)) - Started @85991ms
2019-10-02 16:23:52,158 [main] WARN  impl.MetricsSystemImpl (MetricsSystemImpl.java:register(276)) - Sink prometheus already exists!
2019-10-02 16:23:52,159 [main] INFO  server.BaseHttpServer (BaseHttpServer.java:updateConnectorAddress(215)) - HTTP server of SCM is listening at http://0.0.0.0:42234
2019-10-02 16:23:52,160 [main] WARN  server.ServerUtils (ServerUtils.java:getDBPath(222)) - ozone.om.db.dirs is not configured. We recommend adding this setting. Falling back to ozone.metadata.dirs instead.
2019-10-02 16:23:52,160 [org.apache.hadoop.util.JvmPauseMonitor$Monitor@42383cb0] INFO  util.JvmPauseMonitor (JvmPauseMonitor.java:run(188)) - Starting JVM pause monitor
2019-10-02 16:23:52,207 [main] WARN  server.ServerUtils (ServerUtils.java:getDBPath(222)) - ozone.om.db.dirs is not configured. We recommend adding this setting. Falling back to ozone.metadata.dirs instead.
2019-10-02 16:23:52,208 [main] WARN  server.ServerUtils (ServerUtils.java:getDBPath(222)) - ozone.om.db.dirs is not configured. We recommend adding this setting. Falling back to ozone.metadata.dirs instead.
2019-10-02 16:23:52,209 [main] INFO  om.OzoneManager (OzoneManager.java:setOMNodeDetails(652)) - OM Service ID is not set. Setting it to the default ID: omServiceIdDefault
2019-10-02 16:23:52,209 [main] INFO  om.OzoneManager (OzoneManager.java:setOMNodeDetails(658)) - OM Node ID is not set. Setting it to the OmStorage's OmID: 974048fb-a599-44dd-9bf5-fffe4d532a39
2019-10-02 16:23:52,209 [main] INFO  om.OzoneManager (OzoneManager.java:loadOMHAConfigs(609)) - Found matching OM address with OMServiceId: null, OMNodeId: null, RPC Address: localhost:0 and Ratis port: 9872
2019-10-02 16:23:52,219 [main] WARN  server.ServerUtils (ServerUtils.java:getDBPath(222)) - ozone.om.db.dirs is not configured. We recommend adding this setting. Falling back to ozone.metadata.dirs instead.
2019-10-02 16:23:52,219 [main] INFO  db.DBStoreBuilder (DBStoreBuilder.java:addTable(110)) - using custom profile for table: userTable
2019-10-02 16:23:52,220 [main] INFO  db.DBStoreBuilder (DBStoreBuilder.java:processTables(161)) - Using default column profile:DBProfile.DISK for Table:userTable
2019-10-02 16:23:52,220 [main] INFO  db.DBStoreBuilder (DBStoreBuilder.java:addTable(110)) - using custom profile for table: volumeTable
2019-10-02 16:23:52,220 [main] INFO  db.DBStoreBuilder (DBStoreBuilder.java:processTables(161)) - Using default column profile:DBProfile.DISK for Table:volumeTable
2019-10-02 16:23:52,221 [main] INFO  db.DBStoreBuilder (DBStoreBuilder.java:addTable(110)) - using custom profile for table: bucketTable
2019-10-02 16:23:52,221 [main] INFO  db.DBStoreBuilder (DBStoreBuilder.java:processTables(161)) - Using default column profile:DBProfile.DISK for Table:bucketTable
2019-10-02 16:23:52,221 [main] INFO  db.DBStoreBuilder (DBStoreBuilder.java:addTable(110)) - using custom profile for table: keyTable
2019-10-02 16:23:52,221 [main] INFO  db.DBStoreBuilder (DBStoreBuilder.java:processTables(161)) - Using default column profile:DBProfile.DISK for Table:keyTable
2019-10-02 16:23:52,222 [main] INFO  db.DBStoreBuilder (DBStoreBuilder.java:addTable(110)) - using custom profile for table: deletedTable
2019-10-02 16:23:52,222 [main] INFO  db.DBStoreBuilder (DBStoreBuilder.java:processTables(161)) - Using default column profile:DBProfile.DISK for Table:deletedTable
2019-10-02 16:23:52,222 [main] INFO  db.DBStoreBuilder (DBStoreBuilder.java:addTable(110)) - using custom profile for table: openKeyTable
2019-10-02 16:23:52,222 [main] INFO  db.DBStoreBuilder (DBStoreBuilder.java:processTables(161)) - Using default column profile:DBProfile.DISK for Table:openKeyTable
2019-10-02 16:23:52,223 [main] INFO  db.DBStoreBuilder (DBStoreBuilder.java:addTable(110)) - using custom profile for table: s3Table
2019-10-02 16:23:52,223 [main] INFO  db.DBStoreBuilder (DBStoreBuilder.java:processTables(161)) - Using default column profile:DBProfile.DISK for Table:s3Table
2019-10-02 16:23:52,223 [main] INFO  db.DBStoreBuilder (DBStoreBuilder.java:addTable(110)) - using custom profile for table: multipartInfoTable
2019-10-02 16:23:52,223 [main] INFO  db.DBStoreBuilder (DBStoreBuilder.java:processTables(161)) - Using default column profile:DBProfile.DISK for Table:multipartInfoTable
2019-10-02 16:23:52,224 [main] INFO  db.DBStoreBuilder (DBStoreBuilder.java:addTable(110)) - using custom profile for table: dTokenTable
2019-10-02 16:23:52,224 [main] INFO  db.DBStoreBuilder (DBStoreBuilder.java:processTables(161)) - Using default column profile:DBProfile.DISK for Table:dTokenTable
2019-10-02 16:23:52,224 [main] INFO  db.DBStoreBuilder (DBStoreBuilder.java:addTable(110)) - using custom profile for table: s3SecretTable
2019-10-02 16:23:52,224 [main] INFO  db.DBStoreBuilder (DBStoreBuilder.java:processTables(161)) - Using default column profile:DBProfile.DISK for Table:s3SecretTable
2019-10-02 16:23:52,225 [main] INFO  db.DBStoreBuilder (DBStoreBuilder.java:addTable(110)) - using custom profile for table: prefixTable
2019-10-02 16:23:52,225 [main] INFO  db.DBStoreBuilder (DBStoreBuilder.java:processTables(161)) - Using default column profile:DBProfile.DISK for Table:prefixTable
2019-10-02 16:23:52,225 [main] INFO  db.DBStoreBuilder (DBStoreBuilder.java:addTable(110)) - using custom profile for table: default
2019-10-02 16:23:52,225 [main] INFO  db.DBStoreBuilder (DBStoreBuilder.java:processTables(167)) - Using default column profile:DBProfile.DISK for Table:default
2019-10-02 16:23:52,226 [main] INFO  db.DBStoreBuilder (DBStoreBuilder.java:getDbProfile(198)) - Using default options. DBProfile.DISK
2019-10-02 16:23:53,874 [main] INFO  ipc.CallQueueManager (CallQueueManager.java:<init>(84)) - Using callQueue: class java.util.concurrent.LinkedBlockingQueue, queueCapacity: 2000, scheduler: class org.apache.hadoop.ipc.DefaultRpcScheduler, ipcBackoff: false.
2019-10-02 16:23:53,875 [Socket Reader #1 for port 34795] INFO  ipc.Server (Server.java:run(1074)) - Starting Socket Reader #1 for port 34795
2019-10-02 16:23:53,889 [main] INFO  om.OzoneManager (OzoneManager.java:start(1243)) - OzoneManager RPC server is listening at localhost/127.0.0.1:34795
2019-10-02 16:23:53,889 [main] INFO  impl.MetricsSystemImpl (MetricsSystemImpl.java:init(158)) - OzoneManager metrics system started (again)
2019-10-02 16:23:53,890 [IPC Server Responder] INFO  ipc.Server (Server.java:run(1314)) - IPC Server Responder: starting
2019-10-02 16:23:53,891 [IPC Server listener on 34795] INFO  ipc.Server (Server.java:run(1153)) - IPC Server listener on 34795: starting
2019-10-02 16:23:53,897 [main] INFO  hdfs.DFSUtil (DFSUtil.java:httpServerTemplateForNNAndJN(1641)) - Starting Web-server for ozoneManager at: http://0.0.0.0:0
2019-10-02 16:23:53,899 [main] INFO  server.AuthenticationFilter (AuthenticationFilter.java:constructSecretProvider(240)) - Unable to initialize FileSignerSecretProvider, falling back to use random secrets.
2019-10-02 16:23:53,899 [main] WARN  http.HttpRequestLog (HttpRequestLog.java:getRequestLog(97)) - Jetty request log can only be enabled using Log4j
2019-10-02 16:23:53,902 [main] INFO  http.HttpServer2 (HttpServer2.java:addGlobalFilter(975)) - Added global filter 'safety' (class=org.apache.hadoop.http.HttpServer2$QuotingInputFilter)
2019-10-02 16:23:53,903 [main] INFO  http.HttpServer2 (HttpServer2.java:addFilter(948)) - Added filter static_user_filter (class=org.apache.hadoop.http.lib.StaticUserWebFilter$StaticUserFilter) to context ozoneManager
2019-10-02 16:23:53,903 [main] INFO  http.HttpServer2 (HttpServer2.java:addFilter(958)) - Added filter static_user_filter (class=org.apache.hadoop.http.lib.StaticUserWebFilter$StaticUserFilter) to context logs
2019-10-02 16:23:53,903 [main] INFO  http.HttpServer2 (HttpServer2.java:addFilter(958)) - Added filter static_user_filter (class=org.apache.hadoop.http.lib.StaticUserWebFilter$StaticUserFilter) to context static
2019-10-02 16:23:53,904 [main] INFO  http.HttpServer2 (HttpServer2.java:bindListener(1191)) - Jetty bound to port 44635
2019-10-02 16:23:53,904 [main] INFO  server.Server (Server.java:doStart(351)) - jetty-9.3.25.v20180904, build timestamp: 2018-09-04T21:11:46Z, git hash: 3ce520221d0240229c862b122d2b06c12a625732
2019-10-02 16:23:53,906 [main] INFO  handler.ContextHandler (ContextHandler.java:doStart(781)) - Started o.e.j.s.ServletContextHandler@55fee662{/logs,file:///workdir/hadoop-ozone/integration-test/target/log,AVAILABLE}
2019-10-02 16:23:53,907 [main] INFO  handler.ContextHandler (ContextHandler.java:doStart(781)) - Started o.e.j.s.ServletContextHandler@45adc393{/static,file:///workdir/hadoop-ozone/integration-test/target/test-classes/webapps/static,AVAILABLE}
2019-10-02 16:23:53,913 [main] INFO  handler.ContextHandler (ContextHandler.java:doStart(781)) - Started o.e.j.w.WebAppContext@46039a21{/,file:///workdir/hadoop-ozone/integration-test/target/test-classes/webapps/ozoneManager/,AVAILABLE}{/ozoneManager}
2019-10-02 16:23:53,915 [main] INFO  server.AbstractConnector (AbstractConnector.java:doStart(278)) - Started ServerConnector@431e86b1{HTTP/1.1,[http/1.1]}{0.0.0.0:44635}
2019-10-02 16:23:53,915 [main] INFO  server.Server (Server.java:doStart(419)) - Started @87748ms
2019-10-02 16:23:53,915 [main] WARN  impl.MetricsSystemImpl (MetricsSystemImpl.java:register(276)) - Sink prometheus already exists!
2019-10-02 16:23:53,916 [main] INFO  server.BaseHttpServer (BaseHttpServer.java:updateConnectorAddress(215)) - HTTP server of OZONEMANAGER is listening at http://0.0.0.0:44635
2019-10-02 16:23:53,941 [main] INFO  impl.MetricsSystemImpl (MetricsSystemImpl.java:init(158)) - HddsDatanode metrics system started (again)
2019-10-02 16:23:53,943 [main] INFO  ozone.HddsDatanodeService (HddsDatanodeService.java:start(184)) - HddsDatanodeService host:pr-hdds-2199-dnstouuidmap-57hpg-3119262845 ip:192.168.164.216
2019-10-02 16:23:53,948 [main] INFO  volume.HddsVolume (HddsVolume.java:<init>(176)) - Creating Volume: /workdir/hadoop-ozone/integration-test/target/test-dir/MiniOzoneClusterImpl-6b197af6-1ec3-4c48-8b22-bd220886f217/datanode-0/data/containers/hdds of  storage type : DISK and capacity : 1482555576320
2019-10-02 16:23:53,948 [main] INFO  volume.VolumeSet (VolumeSet.java:initializeVolumeSet(170)) - Added Volume : /workdir/hadoop-ozone/integration-test/target/test-dir/MiniOzoneClusterImpl-6b197af6-1ec3-4c48-8b22-bd220886f217/datanode-0/data/containers/hdds to VolumeSet
2019-10-02 16:23:53,949 [main] INFO  volume.ThrottledAsyncChecker (ThrottledAsyncChecker.java:schedule(139)) - Scheduling a check for org.apache.hadoop.ozone.container.common.volume.HddsVolume@68d6d775
2019-10-02 16:23:53,949 [main] INFO  volume.HddsVolumeChecker (HddsVolumeChecker.java:checkAllVolumes(202)) - Scheduled health check for volume org.apache.hadoop.ozone.container.common.volume.HddsVolume@68d6d775
2019-10-02 16:23:53,965 [main] INFO  impl.RaftServerProxy (ConfUtils.java:logGet(43)) - raft.rpc.type = GRPC (default)
2019-10-02 16:23:53,965 [main] INFO  grpc.GrpcFactory (GrpcFactory.java:checkPooledByteBufAllocatorUseCacheForAllThreads(45)) - PERFORMANCE WARNING: useCacheForAllThreads is true that may cause Netty to create a lot garbage objects and, as a result, trigger GC.
	It is recommended to disable useCacheForAllThreads by setting -Dorg.apache.ratis.thirdparty.io.netty.allocator.useCacheForAllThreads=false in command line.
2019-10-02 16:23:53,965 [main] INFO  grpc.GrpcConfigKeys$Server (ConfUtils.java:logGet(43)) - raft.grpc.server.port = 0 (default)
2019-10-02 16:23:53,966 [main] INFO  server.GrpcService (ConfUtils.java:logGet(43)) - raft.grpc.message.size.max = 33570816 (custom)
2019-10-02 16:23:53,966 [main] INFO  server.RaftServerConfigKeys (ConfUtils.java:logGet(43)) - raft.server.log.appender.buffer.byte-limit = 33554432 (custom)
2019-10-02 16:23:53,966 [main] INFO  server.GrpcService (ConfUtils.java:logGet(43)) - raft.grpc.flow.control.window = 1MB (=1048576) (default)
2019-10-02 16:23:53,966 [main] INFO  server.RaftServerConfigKeys (ConfUtils.java:logGet(43)) - raft.server.rpc.request.timeout = 3000ms (default)
2019-10-02 16:23:53,967 [main] INFO  server.RaftServerConfigKeys (ConfUtils.java:logGet(43)) - raft.server.storage.dir = [/workdir/hadoop-ozone/integration-test/target/test-dir/MiniOzoneClusterImpl-6b197af6-1ec3-4c48-8b22-bd220886f217/datanode-0/data/ratis] (custom)
2019-10-02 16:23:53,968 [main] INFO  hdfs.DFSUtil (DFSUtil.java:httpServerTemplateForNNAndJN(1641)) - Starting Web-server for hddsDatanode at: http://0.0.0.0:0
2019-10-02 16:23:53,970 [main] INFO  server.AuthenticationFilter (AuthenticationFilter.java:constructSecretProvider(240)) - Unable to initialize FileSignerSecretProvider, falling back to use random secrets.
2019-10-02 16:23:53,970 [main] WARN  http.HttpRequestLog (HttpRequestLog.java:getRequestLog(97)) - Jetty request log can only be enabled using Log4j
2019-10-02 16:23:53,971 [main] INFO  http.HttpServer2 (HttpServer2.java:addGlobalFilter(975)) - Added global filter 'safety' (class=org.apache.hadoop.http.HttpServer2$QuotingInputFilter)
2019-10-02 16:23:53,972 [main] INFO  http.HttpServer2 (HttpServer2.java:addFilter(948)) - Added filter static_user_filter (class=org.apache.hadoop.http.lib.StaticUserWebFilter$StaticUserFilter) to context hddsDatanode
2019-10-02 16:23:53,972 [main] INFO  http.HttpServer2 (HttpServer2.java:addFilter(958)) - Added filter static_user_filter (class=org.apache.hadoop.http.lib.StaticUserWebFilter$StaticUserFilter) to context logs
2019-10-02 16:23:53,972 [main] INFO  http.HttpServer2 (HttpServer2.java:addFilter(958)) - Added filter static_user_filter (class=org.apache.hadoop.http.lib.StaticUserWebFilter$StaticUserFilter) to context static
2019-10-02 16:23:53,973 [main] INFO  http.HttpServer2 (HttpServer2.java:bindListener(1191)) - Jetty bound to port 41106
2019-10-02 16:23:53,973 [main] INFO  server.Server (Server.java:doStart(351)) - jetty-9.3.25.v20180904, build timestamp: 2018-09-04T21:11:46Z, git hash: 3ce520221d0240229c862b122d2b06c12a625732
2019-10-02 16:23:53,974 [main] INFO  handler.ContextHandler (ContextHandler.java:doStart(781)) - Started o.e.j.s.ServletContextHandler@6807a356{/logs,file:///workdir/hadoop-ozone/integration-test/target/log,AVAILABLE}
2019-10-02 16:23:53,975 [main] INFO  handler.ContextHandler (ContextHandler.java:doStart(781)) - Started o.e.j.s.ServletContextHandler@73aeef7d{/static,jar:file:/home/user/.m2/repository/org/apache/hadoop/hadoop-hdds-container-service/0.5.0-SNAPSHOT/hadoop-hdds-container-service-0.5.0-SNAPSHOT.jar!/webapps/static,AVAILABLE}
2019-10-02 16:23:54,003 [main] INFO  handler.ContextHandler (ContextHandler.java:doStart(781)) - Started o.e.j.w.WebAppContext@1835dc92{/,file:///tmp/jetty-0.0.0.0-41106-hddsDatanode-_-any-5926115178350007279.dir/webapp/,AVAILABLE}{/hddsDatanode}
2019-10-02 16:23:54,004 [main] INFO  server.AbstractConnector (AbstractConnector.java:doStart(278)) - Started ServerConnector@3aaa3c39{HTTP/1.1,[http/1.1]}{0.0.0.0:41106}
2019-10-02 16:23:54,006 [main] INFO  server.Server (Server.java:doStart(419)) - Started @87838ms
2019-10-02 16:23:54,006 [main] WARN  impl.MetricsSystemImpl (MetricsSystemImpl.java:register(276)) - Sink prometheus already exists!
2019-10-02 16:23:54,006 [main] INFO  server.BaseHttpServer (BaseHttpServer.java:updateConnectorAddress(215)) - HTTP server of HDDSDATANODE is listening at http://0.0.0.0:41106
2019-10-02 16:23:54,007 [main] INFO  impl.MetricsSystemImpl (MetricsSystemImpl.java:init(158)) - HddsDatanode metrics system started (again)
2019-10-02 16:23:54,011 [main] INFO  ozone.HddsDatanodeService (HddsDatanodeService.java:start(184)) - HddsDatanodeService host:pr-hdds-2199-dnstouuidmap-57hpg-3119262845 ip:192.168.164.216
2019-10-02 16:23:54,011 [org.apache.hadoop.util.JvmPauseMonitor$Monitor@66e95f9c] INFO  util.JvmPauseMonitor (JvmPauseMonitor.java:run(188)) - Starting JVM pause monitor
2019-10-02 16:23:54,013 [Datanode State Machine Thread - 0] INFO  datanode.InitDatanodeState (InitDatanodeState.java:persistContainerDatanodeDetails(140)) - DatanodeDetails is persisted to /workdir/hadoop-ozone/integration-test/target/test-dir/MiniOzoneClusterImpl-6b197af6-1ec3-4c48-8b22-bd220886f217/datanode-0/meta/datanode.id
2019-10-02 16:23:54,016 [main] INFO  volume.HddsVolume (HddsVolume.java:<init>(176)) - Creating Volume: /workdir/hadoop-ozone/integration-test/target/test-dir/MiniOzoneClusterImpl-6b197af6-1ec3-4c48-8b22-bd220886f217/datanode-1/data/containers/hdds of  storage type : DISK and capacity : 1482555576320
2019-10-02 16:23:54,016 [main] INFO  volume.VolumeSet (VolumeSet.java:initializeVolumeSet(170)) - Added Volume : /workdir/hadoop-ozone/integration-test/target/test-dir/MiniOzoneClusterImpl-6b197af6-1ec3-4c48-8b22-bd220886f217/datanode-1/data/containers/hdds to VolumeSet
2019-10-02 16:23:54,017 [main] INFO  volume.ThrottledAsyncChecker (ThrottledAsyncChecker.java:schedule(139)) - Scheduling a check for org.apache.hadoop.ozone.container.common.volume.HddsVolume@642857e0
2019-10-02 16:23:54,018 [main] INFO  volume.HddsVolumeChecker (HddsVolumeChecker.java:checkAllVolumes(202)) - Scheduled health check for volume org.apache.hadoop.ozone.container.common.volume.HddsVolume@642857e0
2019-10-02 16:23:54,035 [main] INFO  impl.RaftServerProxy (ConfUtils.java:logGet(43)) - raft.rpc.type = GRPC (default)
2019-10-02 16:23:54,035 [main] INFO  grpc.GrpcFactory (GrpcFactory.java:checkPooledByteBufAllocatorUseCacheForAllThreads(45)) - PERFORMANCE WARNING: useCacheForAllThreads is true that may cause Netty to create a lot garbage objects and, as a result, trigger GC.
	It is recommended to disable useCacheForAllThreads by setting -Dorg.apache.ratis.thirdparty.io.netty.allocator.useCacheForAllThreads=false in command line.
2019-10-02 16:23:54,035 [main] INFO  grpc.GrpcConfigKeys$Server (ConfUtils.java:logGet(43)) - raft.grpc.server.port = 0 (default)
2019-10-02 16:23:54,035 [main] INFO  server.GrpcService (ConfUtils.java:logGet(43)) - raft.grpc.message.size.max = 33570816 (custom)
2019-10-02 16:23:54,036 [main] INFO  server.RaftServerConfigKeys (ConfUtils.java:logGet(43)) - raft.server.log.appender.buffer.byte-limit = 33554432 (custom)
2019-10-02 16:23:54,036 [main] INFO  server.GrpcService (ConfUtils.java:logGet(43)) - raft.grpc.flow.control.window = 1MB (=1048576) (default)
2019-10-02 16:23:54,036 [main] INFO  server.RaftServerConfigKeys (ConfUtils.java:logGet(43)) - raft.server.rpc.request.timeout = 3000ms (default)
2019-10-02 16:23:54,037 [main] INFO  server.RaftServerConfigKeys (ConfUtils.java:logGet(43)) - raft.server.storage.dir = [/workdir/hadoop-ozone/integration-test/target/test-dir/MiniOzoneClusterImpl-6b197af6-1ec3-4c48-8b22-bd220886f217/datanode-1/data/ratis] (custom)
2019-10-02 16:23:54,038 [main] INFO  hdfs.DFSUtil (DFSUtil.java:httpServerTemplateForNNAndJN(1641)) - Starting Web-server for hddsDatanode at: http://0.0.0.0:0
2019-10-02 16:23:54,041 [main] INFO  server.AuthenticationFilter (AuthenticationFilter.java:constructSecretProvider(240)) - Unable to initialize FileSignerSecretProvider, falling back to use random secrets.
2019-10-02 16:23:54,042 [main] WARN  http.HttpRequestLog (HttpRequestLog.java:getRequestLog(97)) - Jetty request log can only be enabled using Log4j
2019-10-02 16:23:54,045 [main] INFO  http.HttpServer2 (HttpServer2.java:addGlobalFilter(975)) - Added global filter 'safety' (class=org.apache.hadoop.http.HttpServer2$QuotingInputFilter)
2019-10-02 16:23:54,046 [main] INFO  http.HttpServer2 (HttpServer2.java:addFilter(948)) - Added filter static_user_filter (class=org.apache.hadoop.http.lib.StaticUserWebFilter$StaticUserFilter) to context hddsDatanode
2019-10-02 16:23:54,046 [main] INFO  http.HttpServer2 (HttpServer2.java:addFilter(958)) - Added filter static_user_filter (class=org.apache.hadoop.http.lib.StaticUserWebFilter$StaticUserFilter) to context logs
2019-10-02 16:23:54,046 [main] INFO  http.HttpServer2 (HttpServer2.java:addFilter(958)) - Added filter static_user_filter (class=org.apache.hadoop.http.lib.StaticUserWebFilter$StaticUserFilter) to context static
2019-10-02 16:23:54,048 [main] INFO  http.HttpServer2 (HttpServer2.java:bindListener(1191)) - Jetty bound to port 42298
2019-10-02 16:23:54,048 [main] INFO  server.Server (Server.java:doStart(351)) - jetty-9.3.25.v20180904, build timestamp: 2018-09-04T21:11:46Z, git hash: 3ce520221d0240229c862b122d2b06c12a625732
2019-10-02 16:23:54,050 [main] INFO  handler.ContextHandler (ContextHandler.java:doStart(781)) - Started o.e.j.s.ServletContextHandler@3ff54f3d{/logs,file:///workdir/hadoop-ozone/integration-test/target/log,AVAILABLE}
2019-10-02 16:23:54,051 [main] INFO  handler.ContextHandler (ContextHandler.java:doStart(781)) - Started o.e.j.s.ServletContextHandler@62a68bcb{/static,jar:file:/home/user/.m2/repository/org/apache/hadoop/hadoop-hdds-container-service/0.5.0-SNAPSHOT/hadoop-hdds-container-service-0.5.0-SNAPSHOT.jar!/webapps/static,AVAILABLE}
2019-10-02 16:23:54,095 [main] INFO  handler.ContextHandler (ContextHandler.java:doStart(781)) - Started o.e.j.w.WebAppContext@3ba3d4b6{/,file:///tmp/jetty-0.0.0.0-42298-hddsDatanode-_-any-5184101833285675904.dir/webapp/,AVAILABLE}{/hddsDatanode}
2019-10-02 16:23:54,096 [main] INFO  server.AbstractConnector (AbstractConnector.java:doStart(278)) - Started ServerConnector@51b77cdf{HTTP/1.1,[http/1.1]}{0.0.0.0:42298}
2019-10-02 16:23:54,097 [main] INFO  server.Server (Server.java:doStart(419)) - Started @87930ms
2019-10-02 16:23:54,098 [main] WARN  impl.MetricsSystemImpl (MetricsSystemImpl.java:register(276)) - Sink prometheus already exists!
2019-10-02 16:23:54,098 [main] INFO  server.BaseHttpServer (BaseHttpServer.java:updateConnectorAddress(215)) - HTTP server of HDDSDATANODE is listening at http://0.0.0.0:42298
2019-10-02 16:23:54,099 [main] INFO  impl.MetricsSystemImpl (MetricsSystemImpl.java:init(158)) - HddsDatanode metrics system started (again)
2019-10-02 16:23:54,103 [org.apache.hadoop.util.JvmPauseMonitor$Monitor@5fec197c] INFO  util.JvmPauseMonitor (JvmPauseMonitor.java:run(188)) - Starting JVM pause monitor
2019-10-02 16:23:54,104 [main] INFO  ozone.HddsDatanodeService (HddsDatanodeService.java:start(184)) - HddsDatanodeService host:pr-hdds-2199-dnstouuidmap-57hpg-3119262845 ip:192.168.164.216
2019-10-02 16:23:54,106 [Datanode State Machine Thread - 0] INFO  datanode.InitDatanodeState (InitDatanodeState.java:persistContainerDatanodeDetails(140)) - DatanodeDetails is persisted to /workdir/hadoop-ozone/integration-test/target/test-dir/MiniOzoneClusterImpl-6b197af6-1ec3-4c48-8b22-bd220886f217/datanode-1/meta/datanode.id
2019-10-02 16:23:54,110 [main] INFO  volume.HddsVolume (HddsVolume.java:<init>(176)) - Creating Volume: /workdir/hadoop-ozone/integration-test/target/test-dir/MiniOzoneClusterImpl-6b197af6-1ec3-4c48-8b22-bd220886f217/datanode-2/data/containers/hdds of  storage type : DISK and capacity : 1482555576320
2019-10-02 16:23:54,111 [main] INFO  volume.VolumeSet (VolumeSet.java:initializeVolumeSet(170)) - Added Volume : /workdir/hadoop-ozone/integration-test/target/test-dir/MiniOzoneClusterImpl-6b197af6-1ec3-4c48-8b22-bd220886f217/datanode-2/data/containers/hdds to VolumeSet
2019-10-02 16:23:54,111 [main] INFO  volume.ThrottledAsyncChecker (ThrottledAsyncChecker.java:schedule(139)) - Scheduling a check for org.apache.hadoop.ozone.container.common.volume.HddsVolume@6a1ef65c
2019-10-02 16:23:54,111 [main] INFO  volume.HddsVolumeChecker (HddsVolumeChecker.java:checkAllVolumes(202)) - Scheduled health check for volume org.apache.hadoop.ozone.container.common.volume.HddsVolume@6a1ef65c
2019-10-02 16:23:54,130 [main] INFO  impl.RaftServerProxy (ConfUtils.java:logGet(43)) - raft.rpc.type = GRPC (default)
2019-10-02 16:23:54,130 [main] INFO  grpc.GrpcFactory (GrpcFactory.java:checkPooledByteBufAllocatorUseCacheForAllThreads(45)) - PERFORMANCE WARNING: useCacheForAllThreads is true that may cause Netty to create a lot garbage objects and, as a result, trigger GC.
	It is recommended to disable useCacheForAllThreads by setting -Dorg.apache.ratis.thirdparty.io.netty.allocator.useCacheForAllThreads=false in command line.
2019-10-02 16:23:54,130 [main] INFO  grpc.GrpcConfigKeys$Server (ConfUtils.java:logGet(43)) - raft.grpc.server.port = 0 (default)
2019-10-02 16:23:54,131 [main] INFO  server.GrpcService (ConfUtils.java:logGet(43)) - raft.grpc.message.size.max = 33570816 (custom)
2019-10-02 16:23:54,131 [main] INFO  server.RaftServerConfigKeys (ConfUtils.java:logGet(43)) - raft.server.log.appender.buffer.byte-limit = 33554432 (custom)
2019-10-02 16:23:54,131 [main] INFO  server.GrpcService (ConfUtils.java:logGet(43)) - raft.grpc.flow.control.window = 1MB (=1048576) (default)
2019-10-02 16:23:54,131 [main] INFO  server.RaftServerConfigKeys (ConfUtils.java:logGet(43)) - raft.server.rpc.request.timeout = 3000ms (default)
2019-10-02 16:23:54,132 [main] INFO  server.RaftServerConfigKeys (ConfUtils.java:logGet(43)) - raft.server.storage.dir = [/workdir/hadoop-ozone/integration-test/target/test-dir/MiniOzoneClusterImpl-6b197af6-1ec3-4c48-8b22-bd220886f217/datanode-2/data/ratis] (custom)
2019-10-02 16:23:54,133 [main] INFO  hdfs.DFSUtil (DFSUtil.java:httpServerTemplateForNNAndJN(1641)) - Starting Web-server for hddsDatanode at: http://0.0.0.0:0
2019-10-02 16:23:54,135 [main] INFO  server.AuthenticationFilter (AuthenticationFilter.java:constructSecretProvider(240)) - Unable to initialize FileSignerSecretProvider, falling back to use random secrets.
2019-10-02 16:23:54,136 [main] WARN  http.HttpRequestLog (HttpRequestLog.java:getRequestLog(97)) - Jetty request log can only be enabled using Log4j
2019-10-02 16:23:54,137 [main] INFO  http.HttpServer2 (HttpServer2.java:addGlobalFilter(975)) - Added global filter 'safety' (class=org.apache.hadoop.http.HttpServer2$QuotingInputFilter)
2019-10-02 16:23:54,140 [main] INFO  http.HttpServer2 (HttpServer2.java:addFilter(948)) - Added filter static_user_filter (class=org.apache.hadoop.http.lib.StaticUserWebFilter$StaticUserFilter) to context hddsDatanode
2019-10-02 16:23:54,140 [main] INFO  http.HttpServer2 (HttpServer2.java:addFilter(958)) - Added filter static_user_filter (class=org.apache.hadoop.http.lib.StaticUserWebFilter$StaticUserFilter) to context static
2019-10-02 16:23:54,140 [main] INFO  http.HttpServer2 (HttpServer2.java:addFilter(958)) - Added filter static_user_filter (class=org.apache.hadoop.http.lib.StaticUserWebFilter$StaticUserFilter) to context logs
2019-10-02 16:23:54,141 [main] INFO  http.HttpServer2 (HttpServer2.java:bindListener(1191)) - Jetty bound to port 39227
2019-10-02 16:23:54,141 [main] INFO  server.Server (Server.java:doStart(351)) - jetty-9.3.25.v20180904, build timestamp: 2018-09-04T21:11:46Z, git hash: 3ce520221d0240229c862b122d2b06c12a625732
2019-10-02 16:23:54,143 [main] INFO  handler.ContextHandler (ContextHandler.java:doStart(781)) - Started o.e.j.s.ServletContextHandler@4bdf{/logs,file:///workdir/hadoop-ozone/integration-test/target/log,AVAILABLE}
2019-10-02 16:23:54,144 [main] INFO  handler.ContextHandler (ContextHandler.java:doStart(781)) - Started o.e.j.s.ServletContextHandler@2c63762b{/static,jar:file:/home/user/.m2/repository/org/apache/hadoop/hadoop-hdds-container-service/0.5.0-SNAPSHOT/hadoop-hdds-container-service-0.5.0-SNAPSHOT.jar!/webapps/static,AVAILABLE}
2019-10-02 16:23:54,177 [main] INFO  handler.ContextHandler (ContextHandler.java:doStart(781)) - Started o.e.j.w.WebAppContext@152c4495{/,file:///tmp/jetty-0.0.0.0-39227-hddsDatanode-_-any-4701025420669795441.dir/webapp/,AVAILABLE}{/hddsDatanode}
2019-10-02 16:23:54,178 [main] INFO  server.AbstractConnector (AbstractConnector.java:doStart(278)) - Started ServerConnector@5ec1963c{HTTP/1.1,[http/1.1]}{0.0.0.0:39227}
2019-10-02 16:23:54,180 [main] INFO  server.Server (Server.java:doStart(419)) - Started @88013ms
2019-10-02 16:23:54,180 [main] WARN  impl.MetricsSystemImpl (MetricsSystemImpl.java:register(276)) - Sink prometheus already exists!
2019-10-02 16:23:54,181 [main] INFO  server.BaseHttpServer (BaseHttpServer.java:updateConnectorAddress(215)) - HTTP server of HDDSDATANODE is listening at http://0.0.0.0:39227
2019-10-02 16:23:54,181 [main] INFO  impl.MetricsSystemImpl (MetricsSystemImpl.java:init(158)) - HddsDatanode metrics system started (again)
2019-10-02 16:23:54,185 [org.apache.hadoop.util.JvmPauseMonitor$Monitor@66701c24] INFO  util.JvmPauseMonitor (JvmPauseMonitor.java:run(188)) - Starting JVM pause monitor
2019-10-02 16:23:54,186 [main] INFO  ozone.HddsDatanodeService (HddsDatanodeService.java:start(184)) - HddsDatanodeService host:pr-hdds-2199-dnstouuidmap-57hpg-3119262845 ip:192.168.164.216
2019-10-02 16:23:54,187 [Datanode State Machine Thread - 0] INFO  datanode.InitDatanodeState (InitDatanodeState.java:persistContainerDatanodeDetails(140)) - DatanodeDetails is persisted to /workdir/hadoop-ozone/integration-test/target/test-dir/MiniOzoneClusterImpl-6b197af6-1ec3-4c48-8b22-bd220886f217/datanode-2/meta/datanode.id
2019-10-02 16:23:54,192 [main] INFO  volume.HddsVolume (HddsVolume.java:<init>(176)) - Creating Volume: /workdir/hadoop-ozone/integration-test/target/test-dir/MiniOzoneClusterImpl-6b197af6-1ec3-4c48-8b22-bd220886f217/datanode-3/data/containers/hdds of  storage type : DISK and capacity : 1482555576320
2019-10-02 16:23:54,193 [main] INFO  volume.VolumeSet (VolumeSet.java:initializeVolumeSet(170)) - Added Volume : /workdir/hadoop-ozone/integration-test/target/test-dir/MiniOzoneClusterImpl-6b197af6-1ec3-4c48-8b22-bd220886f217/datanode-3/data/containers/hdds to VolumeSet
2019-10-02 16:23:54,193 [main] INFO  volume.ThrottledAsyncChecker (ThrottledAsyncChecker.java:schedule(139)) - Scheduling a check for org.apache.hadoop.ozone.container.common.volume.HddsVolume@16736040
2019-10-02 16:23:54,193 [main] INFO  volume.HddsVolumeChecker (HddsVolumeChecker.java:checkAllVolumes(202)) - Scheduled health check for volume org.apache.hadoop.ozone.container.common.volume.HddsVolume@16736040
2019-10-02 16:23:54,209 [main] INFO  impl.RaftServerProxy (ConfUtils.java:logGet(43)) - raft.rpc.type = GRPC (default)
2019-10-02 16:23:54,209 [main] INFO  grpc.GrpcFactory (GrpcFactory.java:checkPooledByteBufAllocatorUseCacheForAllThreads(45)) - PERFORMANCE WARNING: useCacheForAllThreads is true that may cause Netty to create a lot garbage objects and, as a result, trigger GC.
	It is recommended to disable useCacheForAllThreads by setting -Dorg.apache.ratis.thirdparty.io.netty.allocator.useCacheForAllThreads=false in command line.
2019-10-02 16:23:54,209 [main] INFO  grpc.GrpcConfigKeys$Server (ConfUtils.java:logGet(43)) - raft.grpc.server.port = 0 (default)
2019-10-02 16:23:54,209 [main] INFO  server.GrpcService (ConfUtils.java:logGet(43)) - raft.grpc.message.size.max = 33570816 (custom)
2019-10-02 16:23:54,210 [main] INFO  server.RaftServerConfigKeys (ConfUtils.java:logGet(43)) - raft.server.log.appender.buffer.byte-limit = 33554432 (custom)
2019-10-02 16:23:54,210 [main] INFO  server.GrpcService (ConfUtils.java:logGet(43)) - raft.grpc.flow.control.window = 1MB (=1048576) (default)
2019-10-02 16:23:54,210 [main] INFO  server.RaftServerConfigKeys (ConfUtils.java:logGet(43)) - raft.server.rpc.request.timeout = 3000ms (default)
2019-10-02 16:23:54,210 [main] INFO  server.RaftServerConfigKeys (ConfUtils.java:logGet(43)) - raft.server.storage.dir = [/workdir/hadoop-ozone/integration-test/target/test-dir/MiniOzoneClusterImpl-6b197af6-1ec3-4c48-8b22-bd220886f217/datanode-3/data/ratis] (custom)
2019-10-02 16:23:54,212 [main] INFO  hdfs.DFSUtil (DFSUtil.java:httpServerTemplateForNNAndJN(1641)) - Starting Web-server for hddsDatanode at: http://0.0.0.0:0
2019-10-02 16:23:54,213 [main] INFO  server.AuthenticationFilter (AuthenticationFilter.java:constructSecretProvider(240)) - Unable to initialize FileSignerSecretProvider, falling back to use random secrets.
2019-10-02 16:23:54,213 [main] WARN  http.HttpRequestLog (HttpRequestLog.java:getRequestLog(97)) - Jetty request log can only be enabled using Log4j
2019-10-02 16:23:54,214 [main] INFO  http.HttpServer2 (HttpServer2.java:addGlobalFilter(975)) - Added global filter 'safety' (class=org.apache.hadoop.http.HttpServer2$QuotingInputFilter)
2019-10-02 16:23:54,215 [main] INFO  http.HttpServer2 (HttpServer2.java:addFilter(948)) - Added filter static_user_filter (class=org.apache.hadoop.http.lib.StaticUserWebFilter$StaticUserFilter) to context hddsDatanode
2019-10-02 16:23:54,215 [main] INFO  http.HttpServer2 (HttpServer2.java:addFilter(958)) - Added filter static_user_filter (class=org.apache.hadoop.http.lib.StaticUserWebFilter$StaticUserFilter) to context logs
2019-10-02 16:23:54,215 [main] INFO  http.HttpServer2 (HttpServer2.java:addFilter(958)) - Added filter static_user_filter (class=org.apache.hadoop.http.lib.StaticUserWebFilter$StaticUserFilter) to context static
2019-10-02 16:23:54,216 [main] INFO  http.HttpServer2 (HttpServer2.java:bindListener(1191)) - Jetty bound to port 39126
2019-10-02 16:23:54,216 [main] INFO  server.Server (Server.java:doStart(351)) - jetty-9.3.25.v20180904, build timestamp: 2018-09-04T21:11:46Z, git hash: 3ce520221d0240229c862b122d2b06c12a625732
2019-10-02 16:23:54,217 [main] INFO  handler.ContextHandler (ContextHandler.java:doStart(781)) - Started o.e.j.s.ServletContextHandler@6d6d480c{/logs,file:///workdir/hadoop-ozone/integration-test/target/log,AVAILABLE}
2019-10-02 16:23:54,218 [main] INFO  handler.ContextHandler (ContextHandler.java:doStart(781)) - Started o.e.j.s.ServletContextHandler@5a917723{/static,jar:file:/home/user/.m2/repository/org/apache/hadoop/hadoop-hdds-container-service/0.5.0-SNAPSHOT/hadoop-hdds-container-service-0.5.0-SNAPSHOT.jar!/webapps/static,AVAILABLE}
2019-10-02 16:23:54,245 [main] INFO  handler.ContextHandler (ContextHandler.java:doStart(781)) - Started o.e.j.w.WebAppContext@3b4825f0{/,file:///tmp/jetty-0.0.0.0-39126-hddsDatanode-_-any-7301096675138941147.dir/webapp/,AVAILABLE}{/hddsDatanode}
2019-10-02 16:23:54,246 [main] INFO  server.AbstractConnector (AbstractConnector.java:doStart(278)) - Started ServerConnector@40ac6b76{HTTP/1.1,[http/1.1]}{0.0.0.0:39126}
2019-10-02 16:23:54,248 [main] INFO  server.Server (Server.java:doStart(419)) - Started @88081ms
2019-10-02 16:23:54,248 [main] WARN  impl.MetricsSystemImpl (MetricsSystemImpl.java:register(276)) - Sink prometheus already exists!
2019-10-02 16:23:54,249 [main] INFO  server.BaseHttpServer (BaseHttpServer.java:updateConnectorAddress(215)) - HTTP server of HDDSDATANODE is listening at http://0.0.0.0:39126
2019-10-02 16:23:54,249 [main] INFO  impl.MetricsSystemImpl (MetricsSystemImpl.java:init(158)) - HddsDatanode metrics system started (again)
2019-10-02 16:23:54,252 [org.apache.hadoop.util.JvmPauseMonitor$Monitor@6acdd1e2] INFO  util.JvmPauseMonitor (JvmPauseMonitor.java:run(188)) - Starting JVM pause monitor
2019-10-02 16:23:54,254 [main] INFO  ozone.HddsDatanodeService (HddsDatanodeService.java:start(184)) - HddsDatanodeService host:pr-hdds-2199-dnstouuidmap-57hpg-3119262845 ip:192.168.164.216
2019-10-02 16:23:54,254 [Datanode State Machine Thread - 0] INFO  datanode.InitDatanodeState (InitDatanodeState.java:persistContainerDatanodeDetails(140)) - DatanodeDetails is persisted to /workdir/hadoop-ozone/integration-test/target/test-dir/MiniOzoneClusterImpl-6b197af6-1ec3-4c48-8b22-bd220886f217/datanode-3/meta/datanode.id
2019-10-02 16:23:54,259 [main] INFO  volume.HddsVolume (HddsVolume.java:<init>(176)) - Creating Volume: /workdir/hadoop-ozone/integration-test/target/test-dir/MiniOzoneClusterImpl-6b197af6-1ec3-4c48-8b22-bd220886f217/datanode-4/data/containers/hdds of  storage type : DISK and capacity : 1482555576320
2019-10-02 16:23:54,260 [main] INFO  volume.VolumeSet (VolumeSet.java:initializeVolumeSet(170)) - Added Volume : /workdir/hadoop-ozone/integration-test/target/test-dir/MiniOzoneClusterImpl-6b197af6-1ec3-4c48-8b22-bd220886f217/datanode-4/data/containers/hdds to VolumeSet
2019-10-02 16:23:54,260 [main] INFO  volume.ThrottledAsyncChecker (ThrottledAsyncChecker.java:schedule(139)) - Scheduling a check for org.apache.hadoop.ozone.container.common.volume.HddsVolume@6dd36ab6
2019-10-02 16:23:54,260 [main] INFO  volume.HddsVolumeChecker (HddsVolumeChecker.java:checkAllVolumes(202)) - Scheduled health check for volume org.apache.hadoop.ozone.container.common.volume.HddsVolume@6dd36ab6
2019-10-02 16:23:54,276 [main] INFO  impl.RaftServerProxy (ConfUtils.java:logGet(43)) - raft.rpc.type = GRPC (default)
2019-10-02 16:23:54,277 [main] INFO  grpc.GrpcFactory (GrpcFactory.java:checkPooledByteBufAllocatorUseCacheForAllThreads(45)) - PERFORMANCE WARNING: useCacheForAllThreads is true that may cause Netty to create a lot garbage objects and, as a result, trigger GC.
	It is recommended to disable useCacheForAllThreads by setting -Dorg.apache.ratis.thirdparty.io.netty.allocator.useCacheForAllThreads=false in command line.
2019-10-02 16:23:54,277 [main] INFO  grpc.GrpcConfigKeys$Server (ConfUtils.java:logGet(43)) - raft.grpc.server.port = 0 (default)
2019-10-02 16:23:54,277 [main] INFO  server.GrpcService (ConfUtils.java:logGet(43)) - raft.grpc.message.size.max = 33570816 (custom)
2019-10-02 16:23:54,277 [main] INFO  server.RaftServerConfigKeys (ConfUtils.java:logGet(43)) - raft.server.log.appender.buffer.byte-limit = 33554432 (custom)
2019-10-02 16:23:54,277 [main] INFO  server.GrpcService (ConfUtils.java:logGet(43)) - raft.grpc.flow.control.window = 1MB (=1048576) (default)
2019-10-02 16:23:54,278 [main] INFO  server.RaftServerConfigKeys (ConfUtils.java:logGet(43)) - raft.server.rpc.request.timeout = 3000ms (default)
2019-10-02 16:23:54,278 [main] INFO  server.RaftServerConfigKeys (ConfUtils.java:logGet(43)) - raft.server.storage.dir = [/workdir/hadoop-ozone/integration-test/target/test-dir/MiniOzoneClusterImpl-6b197af6-1ec3-4c48-8b22-bd220886f217/datanode-4/data/ratis] (custom)
2019-10-02 16:23:54,279 [main] INFO  hdfs.DFSUtil (DFSUtil.java:httpServerTemplateForNNAndJN(1641)) - Starting Web-server for hddsDatanode at: http://0.0.0.0:0
2019-10-02 16:23:54,281 [main] INFO  server.AuthenticationFilter (AuthenticationFilter.java:constructSecretProvider(240)) - Unable to initialize FileSignerSecretProvider, falling back to use random secrets.
2019-10-02 16:23:54,281 [main] WARN  http.HttpRequestLog (HttpRequestLog.java:getRequestLog(97)) - Jetty request log can only be enabled using Log4j
2019-10-02 16:23:54,283 [main] INFO  http.HttpServer2 (HttpServer2.java:addGlobalFilter(975)) - Added global filter 'safety' (class=org.apache.hadoop.http.HttpServer2$QuotingInputFilter)
2019-10-02 16:23:54,283 [main] INFO  http.HttpServer2 (HttpServer2.java:addFilter(948)) - Added filter static_user_filter (class=org.apache.hadoop.http.lib.StaticUserWebFilter$StaticUserFilter) to context hddsDatanode
2019-10-02 16:23:54,283 [main] INFO  http.HttpServer2 (HttpServer2.java:addFilter(958)) - Added filter static_user_filter (class=org.apache.hadoop.http.lib.StaticUserWebFilter$StaticUserFilter) to context static
2019-10-02 16:23:54,284 [main] INFO  http.HttpServer2 (HttpServer2.java:addFilter(958)) - Added filter static_user_filter (class=org.apache.hadoop.http.lib.StaticUserWebFilter$StaticUserFilter) to context logs
2019-10-02 16:23:54,284 [main] INFO  http.HttpServer2 (HttpServer2.java:bindListener(1191)) - Jetty bound to port 36853
2019-10-02 16:23:54,284 [main] INFO  server.Server (Server.java:doStart(351)) - jetty-9.3.25.v20180904, build timestamp: 2018-09-04T21:11:46Z, git hash: 3ce520221d0240229c862b122d2b06c12a625732
2019-10-02 16:23:54,286 [main] INFO  handler.ContextHandler (ContextHandler.java:doStart(781)) - Started o.e.j.s.ServletContextHandler@9c73fff{/logs,file:///workdir/hadoop-ozone/integration-test/target/log,AVAILABLE}
2019-10-02 16:23:54,287 [main] INFO  handler.ContextHandler (ContextHandler.java:doStart(781)) - Started o.e.j.s.ServletContextHandler@659f226a{/static,jar:file:/home/user/.m2/repository/org/apache/hadoop/hadoop-hdds-container-service/0.5.0-SNAPSHOT/hadoop-hdds-container-service-0.5.0-SNAPSHOT.jar!/webapps/static,AVAILABLE}
2019-10-02 16:23:54,315 [main] INFO  handler.ContextHandler (ContextHandler.java:doStart(781)) - Started o.e.j.w.WebAppContext@f8a6243{/,file:///tmp/jetty-0.0.0.0-36853-hddsDatanode-_-any-5556335368519069651.dir/webapp/,AVAILABLE}{/hddsDatanode}
2019-10-02 16:23:54,316 [main] INFO  server.AbstractConnector (AbstractConnector.java:doStart(278)) - Started ServerConnector@4a8ffd75{HTTP/1.1,[http/1.1]}{0.0.0.0:36853}
2019-10-02 16:23:54,317 [main] INFO  server.Server (Server.java:doStart(419)) - Started @88150ms
2019-10-02 16:23:54,318 [main] WARN  impl.MetricsSystemImpl (MetricsSystemImpl.java:register(276)) - Sink prometheus already exists!
2019-10-02 16:23:54,318 [main] INFO  server.BaseHttpServer (BaseHttpServer.java:updateConnectorAddress(215)) - HTTP server of HDDSDATANODE is listening at http://0.0.0.0:36853
2019-10-02 16:23:54,319 [main] INFO  impl.MetricsSystemImpl (MetricsSystemImpl.java:init(158)) - HddsDatanode metrics system started (again)
2019-10-02 16:23:54,323 [org.apache.hadoop.util.JvmPauseMonitor$Monitor@5fc83708] INFO  util.JvmPauseMonitor (JvmPauseMonitor.java:run(188)) - Starting JVM pause monitor
2019-10-02 16:23:54,323 [main] INFO  ozone.HddsDatanodeService (HddsDatanodeService.java:start(184)) - HddsDatanodeService host:pr-hdds-2199-dnstouuidmap-57hpg-3119262845 ip:192.168.164.216
2019-10-02 16:23:54,324 [Datanode State Machine Thread - 0] INFO  datanode.InitDatanodeState (InitDatanodeState.java:persistContainerDatanodeDetails(140)) - DatanodeDetails is persisted to /workdir/hadoop-ozone/integration-test/target/test-dir/MiniOzoneClusterImpl-6b197af6-1ec3-4c48-8b22-bd220886f217/datanode-4/meta/datanode.id
2019-10-02 16:23:54,328 [main] INFO  volume.HddsVolume (HddsVolume.java:<init>(176)) - Creating Volume: /workdir/hadoop-ozone/integration-test/target/test-dir/MiniOzoneClusterImpl-6b197af6-1ec3-4c48-8b22-bd220886f217/datanode-5/data/containers/hdds of  storage type : DISK and capacity : 1482555576320
2019-10-02 16:23:54,329 [main] INFO  volume.VolumeSet (VolumeSet.java:initializeVolumeSet(170)) - Added Volume : /workdir/hadoop-ozone/integration-test/target/test-dir/MiniOzoneClusterImpl-6b197af6-1ec3-4c48-8b22-bd220886f217/datanode-5/data/containers/hdds to VolumeSet
2019-10-02 16:23:54,329 [main] INFO  volume.ThrottledAsyncChecker (ThrottledAsyncChecker.java:schedule(139)) - Scheduling a check for org.apache.hadoop.ozone.container.common.volume.HddsVolume@485caa8f
2019-10-02 16:23:54,329 [main] INFO  volume.HddsVolumeChecker (HddsVolumeChecker.java:checkAllVolumes(202)) - Scheduled health check for volume org.apache.hadoop.ozone.container.common.volume.HddsVolume@485caa8f
2019-10-02 16:23:54,347 [main] INFO  impl.RaftServerProxy (ConfUtils.java:logGet(43)) - raft.rpc.type = GRPC (default)
2019-10-02 16:23:54,348 [main] INFO  grpc.GrpcFactory (GrpcFactory.java:checkPooledByteBufAllocatorUseCacheForAllThreads(45)) - PERFORMANCE WARNING: useCacheForAllThreads is true that may cause Netty to create a lot garbage objects and, as a result, trigger GC.
	It is recommended to disable useCacheForAllThreads by setting -Dorg.apache.ratis.thirdparty.io.netty.allocator.useCacheForAllThreads=false in command line.
2019-10-02 16:23:54,348 [main] INFO  grpc.GrpcConfigKeys$Server (ConfUtils.java:logGet(43)) - raft.grpc.server.port = 0 (default)
2019-10-02 16:23:54,348 [main] INFO  server.GrpcService (ConfUtils.java:logGet(43)) - raft.grpc.message.size.max = 33570816 (custom)
2019-10-02 16:23:54,348 [main] INFO  server.RaftServerConfigKeys (ConfUtils.java:logGet(43)) - raft.server.log.appender.buffer.byte-limit = 33554432 (custom)
2019-10-02 16:23:54,349 [main] INFO  server.GrpcService (ConfUtils.java:logGet(43)) - raft.grpc.flow.control.window = 1MB (=1048576) (default)
2019-10-02 16:23:54,349 [main] INFO  server.RaftServerConfigKeys (ConfUtils.java:logGet(43)) - raft.server.rpc.request.timeout = 3000ms (default)
2019-10-02 16:23:54,349 [main] INFO  server.RaftServerConfigKeys (ConfUtils.java:logGet(43)) - raft.server.storage.dir = [/workdir/hadoop-ozone/integration-test/target/test-dir/MiniOzoneClusterImpl-6b197af6-1ec3-4c48-8b22-bd220886f217/datanode-5/data/ratis] (custom)
2019-10-02 16:23:54,351 [main] INFO  hdfs.DFSUtil (DFSUtil.java:httpServerTemplateForNNAndJN(1641)) - Starting Web-server for hddsDatanode at: http://0.0.0.0:0
2019-10-02 16:23:54,352 [main] INFO  server.AuthenticationFilter (AuthenticationFilter.java:constructSecretProvider(240)) - Unable to initialize FileSignerSecretProvider, falling back to use random secrets.
2019-10-02 16:23:54,353 [main] WARN  http.HttpRequestLog (HttpRequestLog.java:getRequestLog(97)) - Jetty request log can only be enabled using Log4j
2019-10-02 16:23:54,355 [main] INFO  http.HttpServer2 (HttpServer2.java:addGlobalFilter(975)) - Added global filter 'safety' (class=org.apache.hadoop.http.HttpServer2$QuotingInputFilter)
2019-10-02 16:23:54,355 [main] INFO  http.HttpServer2 (HttpServer2.java:addFilter(948)) - Added filter static_user_filter (class=org.apache.hadoop.http.lib.StaticUserWebFilter$StaticUserFilter) to context hddsDatanode
2019-10-02 16:23:54,355 [main] INFO  http.HttpServer2 (HttpServer2.java:addFilter(958)) - Added filter static_user_filter (class=org.apache.hadoop.http.lib.StaticUserWebFilter$StaticUserFilter) to context logs
2019-10-02 16:23:54,356 [main] INFO  http.HttpServer2 (HttpServer2.java:addFilter(958)) - Added filter static_user_filter (class=org.apache.hadoop.http.lib.StaticUserWebFilter$StaticUserFilter) to context static
2019-10-02 16:23:54,356 [main] INFO  http.HttpServer2 (HttpServer2.java:bindListener(1191)) - Jetty bound to port 38544
2019-10-02 16:23:54,357 [main] INFO  server.Server (Server.java:doStart(351)) - jetty-9.3.25.v20180904, build timestamp: 2018-09-04T21:11:46Z, git hash: 3ce520221d0240229c862b122d2b06c12a625732
2019-10-02 16:23:54,358 [main] INFO  handler.ContextHandler (ContextHandler.java:doStart(781)) - Started o.e.j.s.ServletContextHandler@22d322f5{/logs,file:///workdir/hadoop-ozone/integration-test/target/log,AVAILABLE}
2019-10-02 16:23:54,359 [main] INFO  handler.ContextHandler (ContextHandler.java:doStart(781)) - Started o.e.j.s.ServletContextHandler@6723610b{/static,jar:file:/home/user/.m2/repository/org/apache/hadoop/hadoop-hdds-container-service/0.5.0-SNAPSHOT/hadoop-hdds-container-service-0.5.0-SNAPSHOT.jar!/webapps/static,AVAILABLE}
2019-10-02 16:23:54,388 [main] INFO  handler.ContextHandler (ContextHandler.java:doStart(781)) - Started o.e.j.w.WebAppContext@de81be1{/,file:///tmp/jetty-0.0.0.0-38544-hddsDatanode-_-any-8741108938560436575.dir/webapp/,AVAILABLE}{/hddsDatanode}
2019-10-02 16:23:54,389 [main] INFO  server.AbstractConnector (AbstractConnector.java:doStart(278)) - Started ServerConnector@342e690b{HTTP/1.1,[http/1.1]}{0.0.0.0:38544}
2019-10-02 16:23:54,390 [main] INFO  server.Server (Server.java:doStart(419)) - Started @88223ms
2019-10-02 16:23:54,390 [main] WARN  impl.MetricsSystemImpl (MetricsSystemImpl.java:register(276)) - Sink prometheus already exists!
2019-10-02 16:23:54,391 [main] INFO  server.BaseHttpServer (BaseHttpServer.java:updateConnectorAddress(215)) - HTTP server of HDDSDATANODE is listening at http://0.0.0.0:38544
2019-10-02 16:23:54,391 [main] INFO  impl.MetricsSystemImpl (MetricsSystemImpl.java:init(158)) - HddsDatanode metrics system started (again)
2019-10-02 16:23:54,396 [org.apache.hadoop.util.JvmPauseMonitor$Monitor@550b0572] INFO  util.JvmPauseMonitor (JvmPauseMonitor.java:run(188)) - Starting JVM pause monitor
2019-10-02 16:23:54,396 [main] INFO  ozone.HddsDatanodeService (HddsDatanodeService.java:start(184)) - HddsDatanodeService host:pr-hdds-2199-dnstouuidmap-57hpg-3119262845 ip:192.168.164.216
2019-10-02 16:23:54,397 [Datanode State Machine Thread - 0] INFO  datanode.InitDatanodeState (InitDatanodeState.java:persistContainerDatanodeDetails(140)) - DatanodeDetails is persisted to /workdir/hadoop-ozone/integration-test/target/test-dir/MiniOzoneClusterImpl-6b197af6-1ec3-4c48-8b22-bd220886f217/datanode-5/meta/datanode.id
2019-10-02 16:23:54,401 [main] INFO  volume.HddsVolume (HddsVolume.java:<init>(176)) - Creating Volume: /workdir/hadoop-ozone/integration-test/target/test-dir/MiniOzoneClusterImpl-6b197af6-1ec3-4c48-8b22-bd220886f217/datanode-6/data/containers/hdds of  storage type : DISK and capacity : 1482555576320
2019-10-02 16:23:54,402 [main] INFO  volume.VolumeSet (VolumeSet.java:initializeVolumeSet(170)) - Added Volume : /workdir/hadoop-ozone/integration-test/target/test-dir/MiniOzoneClusterImpl-6b197af6-1ec3-4c48-8b22-bd220886f217/datanode-6/data/containers/hdds to VolumeSet
2019-10-02 16:23:54,402 [main] INFO  volume.ThrottledAsyncChecker (ThrottledAsyncChecker.java:schedule(139)) - Scheduling a check for org.apache.hadoop.ozone.container.common.volume.HddsVolume@1d02af26
2019-10-02 16:23:54,402 [main] INFO  volume.HddsVolumeChecker (HddsVolumeChecker.java:checkAllVolumes(202)) - Scheduled health check for volume org.apache.hadoop.ozone.container.common.volume.HddsVolume@1d02af26
2019-10-02 16:23:54,415 [main] INFO  impl.RaftServerProxy (ConfUtils.java:logGet(43)) - raft.rpc.type = GRPC (default)
2019-10-02 16:23:54,415 [main] INFO  grpc.GrpcFactory (GrpcFactory.java:checkPooledByteBufAllocatorUseCacheForAllThreads(45)) - PERFORMANCE WARNING: useCacheForAllThreads is true that may cause Netty to create a lot garbage objects and, as a result, trigger GC.
	It is recommended to disable useCacheForAllThreads by setting -Dorg.apache.ratis.thirdparty.io.netty.allocator.useCacheForAllThreads=false in command line.
2019-10-02 16:23:54,415 [main] INFO  grpc.GrpcConfigKeys$Server (ConfUtils.java:logGet(43)) - raft.grpc.server.port = 0 (default)
2019-10-02 16:23:54,415 [main] INFO  server.GrpcService (ConfUtils.java:logGet(43)) - raft.grpc.message.size.max = 33570816 (custom)
2019-10-02 16:23:54,415 [main] INFO  server.RaftServerConfigKeys (ConfUtils.java:logGet(43)) - raft.server.log.appender.buffer.byte-limit = 33554432 (custom)
2019-10-02 16:23:54,416 [main] INFO  server.GrpcService (ConfUtils.java:logGet(43)) - raft.grpc.flow.control.window = 1MB (=1048576) (default)
2019-10-02 16:23:54,416 [main] INFO  server.RaftServerConfigKeys (ConfUtils.java:logGet(43)) - raft.server.rpc.request.timeout = 3000ms (default)
2019-10-02 16:23:54,416 [main] INFO  server.RaftServerConfigKeys (ConfUtils.java:logGet(43)) - raft.server.storage.dir = [/workdir/hadoop-ozone/integration-test/target/test-dir/MiniOzoneClusterImpl-6b197af6-1ec3-4c48-8b22-bd220886f217/datanode-6/data/ratis] (custom)
2019-10-02 16:23:54,417 [main] INFO  hdfs.DFSUtil (DFSUtil.java:httpServerTemplateForNNAndJN(1641)) - Starting Web-server for hddsDatanode at: http://0.0.0.0:0
2019-10-02 16:23:54,418 [main] INFO  server.AuthenticationFilter (AuthenticationFilter.java:constructSecretProvider(240)) - Unable to initialize FileSignerSecretProvider, falling back to use random secrets.
2019-10-02 16:23:54,419 [main] WARN  http.HttpRequestLog (HttpRequestLog.java:getRequestLog(97)) - Jetty request log can only be enabled using Log4j
2019-10-02 16:23:54,420 [main] INFO  http.HttpServer2 (HttpServer2.java:addGlobalFilter(975)) - Added global filter 'safety' (class=org.apache.hadoop.http.HttpServer2$QuotingInputFilter)
2019-10-02 16:23:54,421 [main] INFO  http.HttpServer2 (HttpServer2.java:addFilter(948)) - Added filter static_user_filter (class=org.apache.hadoop.http.lib.StaticUserWebFilter$StaticUserFilter) to context hddsDatanode
2019-10-02 16:23:54,421 [main] INFO  http.HttpServer2 (HttpServer2.java:addFilter(958)) - Added filter static_user_filter (class=org.apache.hadoop.http.lib.StaticUserWebFilter$StaticUserFilter) to context static
2019-10-02 16:23:54,421 [main] INFO  http.HttpServer2 (HttpServer2.java:addFilter(958)) - Added filter static_user_filter (class=org.apache.hadoop.http.lib.StaticUserWebFilter$StaticUserFilter) to context logs
2019-10-02 16:23:54,422 [main] INFO  http.HttpServer2 (HttpServer2.java:bindListener(1191)) - Jetty bound to port 42263
2019-10-02 16:23:54,422 [main] INFO  server.Server (Server.java:doStart(351)) - jetty-9.3.25.v20180904, build timestamp: 2018-09-04T21:11:46Z, git hash: 3ce520221d0240229c862b122d2b06c12a625732
2019-10-02 16:23:54,423 [main] INFO  handler.ContextHandler (ContextHandler.java:doStart(781)) - Started o.e.j.s.ServletContextHandler@46e3559f{/logs,file:///workdir/hadoop-ozone/integration-test/target/log,AVAILABLE}
2019-10-02 16:23:54,424 [main] INFO  handler.ContextHandler (ContextHandler.java:doStart(781)) - Started o.e.j.s.ServletContextHandler@32118208{/static,jar:file:/home/user/.m2/repository/org/apache/hadoop/hadoop-hdds-container-service/0.5.0-SNAPSHOT/hadoop-hdds-container-service-0.5.0-SNAPSHOT.jar!/webapps/static,AVAILABLE}
2019-10-02 16:23:54,452 [main] INFO  handler.ContextHandler (ContextHandler.java:doStart(781)) - Started o.e.j.w.WebAppContext@5c887052{/,file:///tmp/jetty-0.0.0.0-42263-hddsDatanode-_-any-645787345730600540.dir/webapp/,AVAILABLE}{/hddsDatanode}
2019-10-02 16:23:54,452 [main] INFO  server.AbstractConnector (AbstractConnector.java:doStart(278)) - Started ServerConnector@55fdf7f9{HTTP/1.1,[http/1.1]}{0.0.0.0:42263}
2019-10-02 16:23:54,454 [main] INFO  server.Server (Server.java:doStart(419)) - Started @88287ms
2019-10-02 16:23:54,454 [main] WARN  impl.MetricsSystemImpl (MetricsSystemImpl.java:register(276)) - Sink prometheus already exists!
2019-10-02 16:23:54,455 [main] INFO  server.BaseHttpServer (BaseHttpServer.java:updateConnectorAddress(215)) - HTTP server of HDDSDATANODE is listening at http://0.0.0.0:42263
2019-10-02 16:23:54,455 [main] INFO  ozone.MiniOzoneClusterImpl (MiniOzoneClusterImpl.java:lambda$waitForClusterToBeReady$0(147)) - Waiting for cluster to be ready. Got 0 of 7 DN Heartbeats.
2019-10-02 16:23:54,458 [org.apache.hadoop.util.JvmPauseMonitor$Monitor@54663c91] INFO  util.JvmPauseMonitor (JvmPauseMonitor.java:run(188)) - Starting JVM pause monitor
2019-10-02 16:23:54,460 [Datanode State Machine Thread - 0] INFO  datanode.InitDatanodeState (InitDatanodeState.java:persistContainerDatanodeDetails(140)) - DatanodeDetails is persisted to /workdir/hadoop-ozone/integration-test/target/test-dir/MiniOzoneClusterImpl-6b197af6-1ec3-4c48-8b22-bd220886f217/datanode-6/meta/datanode.id
2019-10-02 16:23:55,458 [main] INFO  ozone.MiniOzoneClusterImpl (MiniOzoneClusterImpl.java:lambda$waitForClusterToBeReady$0(147)) - Waiting for cluster to be ready. Got 0 of 7 DN Heartbeats.
2019-10-02 16:23:56,056 [Datanode State Machine Thread - 0] INFO  ozoneimpl.OzoneContainer (OzoneContainer.java:start(217)) - Attempting to start container services.
2019-10-02 16:23:56,058 [Datanode State Machine Thread - 0] INFO  ozoneimpl.OzoneContainer (OzoneContainer.java:startContainerScrub(179)) - Background container scanner has been disabled.
2019-10-02 16:23:56,058 [Datanode State Machine Thread - 0] INFO  ratis.XceiverServerRatis (XceiverServerRatis.java:start(417)) - Starting XceiverServerRatis 167d44ae-632b-4dba-9778-38867dfddbf7 at port 0
2019-10-02 16:23:56,064 [Datanode State Machine Thread - 0] INFO  impl.RaftServerProxy (RaftServerProxy.java:lambda$start$3(299)) - 167d44ae-632b-4dba-9778-38867dfddbf7: start RPC server
2019-10-02 16:23:56,067 [Datanode State Machine Thread - 0] INFO  server.GrpcService (GrpcService.java:startImpl(158)) - 167d44ae-632b-4dba-9778-38867dfddbf7: GrpcService started, listening on 0.0.0.0/0.0.0.0:45178
2019-10-02 16:23:56,067 [Datanode State Machine Thread - 0] INFO  ratis.XceiverServerRatis (XceiverServerRatis.java:start(427)) - XceiverServerRatis 167d44ae-632b-4dba-9778-38867dfddbf7 is started using port 45178
2019-10-02 16:23:56,067 [Datanode State Machine Thread - 0] INFO  server.XceiverServerGrpc (XceiverServerGrpc.java:start(149)) - XceiverServerGrpc 167d44ae-632b-4dba-9778-38867dfddbf7 is started using port 42874
2019-10-02 16:23:56,119 [Datanode State Machine Thread - 0] INFO  ozoneimpl.OzoneContainer (OzoneContainer.java:start(217)) - Attempting to start container services.
2019-10-02 16:23:56,127 [Datanode State Machine Thread - 0] INFO  ozoneimpl.OzoneContainer (OzoneContainer.java:startContainerScrub(179)) - Background container scanner has been disabled.
2019-10-02 16:23:56,127 [Datanode State Machine Thread - 0] INFO  ratis.XceiverServerRatis (XceiverServerRatis.java:start(417)) - Starting XceiverServerRatis 051a4dbb-b9a9-4670-8da3-5c4833995036 at port 0
2019-10-02 16:23:56,134 [Datanode State Machine Thread - 0] INFO  impl.RaftServerProxy (RaftServerProxy.java:lambda$start$3(299)) - 051a4dbb-b9a9-4670-8da3-5c4833995036: start RPC server
2019-10-02 16:23:56,137 [Datanode State Machine Thread - 0] INFO  server.GrpcService (GrpcService.java:startImpl(158)) - 051a4dbb-b9a9-4670-8da3-5c4833995036: GrpcService started, listening on 0.0.0.0/0.0.0.0:38769
2019-10-02 16:23:56,137 [Datanode State Machine Thread - 0] INFO  ratis.XceiverServerRatis (XceiverServerRatis.java:start(427)) - XceiverServerRatis 051a4dbb-b9a9-4670-8da3-5c4833995036 is started using port 38769
2019-10-02 16:23:56,143 [Datanode State Machine Thread - 0] INFO  server.XceiverServerGrpc (XceiverServerGrpc.java:start(149)) - XceiverServerGrpc 051a4dbb-b9a9-4670-8da3-5c4833995036 is started using port 45535
2019-10-02 16:23:56,246 [Datanode State Machine Thread - 0] INFO  ozoneimpl.OzoneContainer (OzoneContainer.java:start(217)) - Attempting to start container services.
2019-10-02 16:23:56,246 [Datanode State Machine Thread - 0] INFO  ozoneimpl.OzoneContainer (OzoneContainer.java:startContainerScrub(179)) - Background container scanner has been disabled.
2019-10-02 16:23:56,246 [Datanode State Machine Thread - 0] INFO  ratis.XceiverServerRatis (XceiverServerRatis.java:start(417)) - Starting XceiverServerRatis 178446a7-fd96-4772-ad33-38d05ec0a9f5 at port 0
2019-10-02 16:23:56,252 [Datanode State Machine Thread - 0] INFO  impl.RaftServerProxy (RaftServerProxy.java:lambda$start$3(299)) - 178446a7-fd96-4772-ad33-38d05ec0a9f5: start RPC server
2019-10-02 16:23:56,254 [Datanode State Machine Thread - 0] INFO  server.GrpcService (GrpcService.java:startImpl(158)) - 178446a7-fd96-4772-ad33-38d05ec0a9f5: GrpcService started, listening on 0.0.0.0/0.0.0.0:34466
2019-10-02 16:23:56,254 [Datanode State Machine Thread - 0] INFO  ratis.XceiverServerRatis (XceiverServerRatis.java:start(427)) - XceiverServerRatis 178446a7-fd96-4772-ad33-38d05ec0a9f5 is started using port 34466
2019-10-02 16:23:56,261 [Datanode State Machine Thread - 0] INFO  server.XceiverServerGrpc (XceiverServerGrpc.java:start(149)) - XceiverServerGrpc 178446a7-fd96-4772-ad33-38d05ec0a9f5 is started using port 33144
2019-10-02 16:23:56,273 [Datanode State Machine Thread - 0] INFO  ozoneimpl.OzoneContainer (OzoneContainer.java:start(217)) - Attempting to start container services.
2019-10-02 16:23:56,273 [Datanode State Machine Thread - 0] INFO  ozoneimpl.OzoneContainer (OzoneContainer.java:startContainerScrub(179)) - Background container scanner has been disabled.
2019-10-02 16:23:56,273 [Datanode State Machine Thread - 0] INFO  ratis.XceiverServerRatis (XceiverServerRatis.java:start(417)) - Starting XceiverServerRatis a5e85cbd-8f76-42d4-bb24-844dda1c2427 at port 0
2019-10-02 16:23:56,279 [Datanode State Machine Thread - 0] INFO  impl.RaftServerProxy (RaftServerProxy.java:lambda$start$3(299)) - a5e85cbd-8f76-42d4-bb24-844dda1c2427: start RPC server
2019-10-02 16:23:56,279 [Datanode State Machine Thread - 0] INFO  server.GrpcService (GrpcService.java:startImpl(158)) - a5e85cbd-8f76-42d4-bb24-844dda1c2427: GrpcService started, listening on 0.0.0.0/0.0.0.0:35175
2019-10-02 16:23:56,279 [Datanode State Machine Thread - 0] INFO  ratis.XceiverServerRatis (XceiverServerRatis.java:start(427)) - XceiverServerRatis a5e85cbd-8f76-42d4-bb24-844dda1c2427 is started using port 35175
2019-10-02 16:23:56,280 [Datanode State Machine Thread - 0] INFO  server.XceiverServerGrpc (XceiverServerGrpc.java:start(149)) - XceiverServerGrpc a5e85cbd-8f76-42d4-bb24-844dda1c2427 is started using port 45224
2019-10-02 16:23:56,336 [Datanode State Machine Thread - 0] INFO  ozoneimpl.OzoneContainer (OzoneContainer.java:start(217)) - Attempting to start container services.
2019-10-02 16:23:56,336 [Datanode State Machine Thread - 0] INFO  ozoneimpl.OzoneContainer (OzoneContainer.java:startContainerScrub(179)) - Background container scanner has been disabled.
2019-10-02 16:23:56,336 [Datanode State Machine Thread - 0] INFO  ratis.XceiverServerRatis (XceiverServerRatis.java:start(417)) - Starting XceiverServerRatis 2b422747-add7-4378-a867-aedecd2dd0d7 at port 0
2019-10-02 16:23:56,344 [Datanode State Machine Thread - 0] INFO  impl.RaftServerProxy (RaftServerProxy.java:lambda$start$3(299)) - 2b422747-add7-4378-a867-aedecd2dd0d7: start RPC server
2019-10-02 16:23:56,346 [Datanode State Machine Thread - 0] INFO  server.GrpcService (GrpcService.java:startImpl(158)) - 2b422747-add7-4378-a867-aedecd2dd0d7: GrpcService started, listening on 0.0.0.0/0.0.0.0:34175
2019-10-02 16:23:56,346 [Datanode State Machine Thread - 0] INFO  ratis.XceiverServerRatis (XceiverServerRatis.java:start(427)) - XceiverServerRatis 2b422747-add7-4378-a867-aedecd2dd0d7 is started using port 34175
2019-10-02 16:23:56,347 [Datanode State Machine Thread - 0] INFO  server.XceiverServerGrpc (XceiverServerGrpc.java:start(149)) - XceiverServerGrpc 2b422747-add7-4378-a867-aedecd2dd0d7 is started using port 32843
2019-10-02 16:23:56,410 [Datanode State Machine Thread - 0] INFO  ozoneimpl.OzoneContainer (OzoneContainer.java:start(217)) - Attempting to start container services.
2019-10-02 16:23:56,410 [Datanode State Machine Thread - 0] INFO  ozoneimpl.OzoneContainer (OzoneContainer.java:startContainerScrub(179)) - Background container scanner has been disabled.
2019-10-02 16:23:56,410 [Datanode State Machine Thread - 0] INFO  ratis.XceiverServerRatis (XceiverServerRatis.java:start(417)) - Starting XceiverServerRatis a7280462-2d33-46bd-8f7d-fd2def1b64a1 at port 0
2019-10-02 16:23:56,416 [Datanode State Machine Thread - 0] INFO  impl.RaftServerProxy (RaftServerProxy.java:lambda$start$3(299)) - a7280462-2d33-46bd-8f7d-fd2def1b64a1: start RPC server
2019-10-02 16:23:56,416 [Datanode State Machine Thread - 0] INFO  server.GrpcService (GrpcService.java:startImpl(158)) - a7280462-2d33-46bd-8f7d-fd2def1b64a1: GrpcService started, listening on 0.0.0.0/0.0.0.0:45010
2019-10-02 16:23:56,417 [Datanode State Machine Thread - 0] INFO  ratis.XceiverServerRatis (XceiverServerRatis.java:start(427)) - XceiverServerRatis a7280462-2d33-46bd-8f7d-fd2def1b64a1 is started using port 45010
2019-10-02 16:23:56,417 [Datanode State Machine Thread - 0] INFO  server.XceiverServerGrpc (XceiverServerGrpc.java:start(149)) - XceiverServerGrpc a7280462-2d33-46bd-8f7d-fd2def1b64a1 is started using port 42837
2019-10-02 16:23:56,459 [main] INFO  ozone.MiniOzoneClusterImpl (MiniOzoneClusterImpl.java:lambda$waitForClusterToBeReady$0(147)) - Waiting for cluster to be ready. Got 0 of 7 DN Heartbeats.
2019-10-02 16:23:56,472 [Datanode State Machine Thread - 0] INFO  ozoneimpl.OzoneContainer (OzoneContainer.java:start(217)) - Attempting to start container services.
2019-10-02 16:23:56,472 [Datanode State Machine Thread - 0] INFO  ozoneimpl.OzoneContainer (OzoneContainer.java:startContainerScrub(179)) - Background container scanner has been disabled.
2019-10-02 16:23:56,472 [Datanode State Machine Thread - 0] INFO  ratis.XceiverServerRatis (XceiverServerRatis.java:start(417)) - Starting XceiverServerRatis 7b893dcc-9a8f-4484-aa5f-39ce0deafb7f at port 0
2019-10-02 16:23:56,480 [Datanode State Machine Thread - 0] INFO  impl.RaftServerProxy (RaftServerProxy.java:lambda$start$3(299)) - 7b893dcc-9a8f-4484-aa5f-39ce0deafb7f: start RPC server
2019-10-02 16:23:56,484 [Datanode State Machine Thread - 0] INFO  server.GrpcService (GrpcService.java:startImpl(158)) - 7b893dcc-9a8f-4484-aa5f-39ce0deafb7f: GrpcService started, listening on 0.0.0.0/0.0.0.0:34594
2019-10-02 16:23:56,484 [Datanode State Machine Thread - 0] INFO  ratis.XceiverServerRatis (XceiverServerRatis.java:start(427)) - XceiverServerRatis 7b893dcc-9a8f-4484-aa5f-39ce0deafb7f is started using port 34594
2019-10-02 16:23:56,486 [Datanode State Machine Thread - 0] INFO  server.XceiverServerGrpc (XceiverServerGrpc.java:start(149)) - XceiverServerGrpc 7b893dcc-9a8f-4484-aa5f-39ce0deafb7f is started using port 43114
2019-10-02 16:23:57,459 [main] INFO  ozone.MiniOzoneClusterImpl (MiniOzoneClusterImpl.java:lambda$waitForClusterToBeReady$0(147)) - Waiting for cluster to be ready. Got 0 of 7 DN Heartbeats.
2019-10-02 16:23:58,015 [IPC Server handler 5 on 46250] INFO  net.NetworkTopology (NetworkTopologyImpl.java:add(111)) - Added a new node: /default-rack/167d44ae-632b-4dba-9778-38867dfddbf7
2019-10-02 16:23:58,017 [IPC Server handler 5 on 46250] INFO  node.SCMNodeManager (SCMNodeManager.java:register(268)) - Registered Data node : 167d44ae-632b-4dba-9778-38867dfddbf7{ip: 192.168.164.216, host: pr-hdds-2199-dnstouuidmap-57hpg-3119262845, networkLocation: /default-rack, certSerialId: null}
2019-10-02 16:23:58,018 [EventQueue-NodeRegistrationContainerReportForDataNodeSafeModeRule] INFO  safemode.SCMSafeModeManager (DataNodeSafeModeRule.java:process(71)) - SCM in safe mode. 1 DataNodes registered, 1 required.
2019-10-02 16:23:58,019 [EventQueue-NodeRegistrationContainerReportForDataNodeSafeModeRule] INFO  safemode.SCMSafeModeManager (SCMSafeModeManager.java:validateSafeModeExitRules(177)) - ScmSafeModeManager, all rules are successfully validated
2019-10-02 16:23:58,019 [EventQueue-NodeRegistrationContainerReportForDataNodeSafeModeRule] INFO  safemode.SCMSafeModeManager (SCMSafeModeManager.java:exitSafeMode(193)) - SCM exiting safe mode.
2019-10-02 16:23:58,031 [grpc-default-executor-2] INFO  impl.RaftServerProxy (RaftServerProxy.java:addNew(89)) - 167d44ae-632b-4dba-9778-38867dfddbf7: addNew group-0A37E9D73BAA:[167d44ae-632b-4dba-9778-38867dfddbf7:192.168.164.216:45178] returns group-0A37E9D73BAA:java.util.concurrent.CompletableFuture@506ecbe3[Not completed]
2019-10-02 16:23:58,033 [pool-119-thread-1] INFO  impl.RaftServerImpl (RaftServerImpl.java:<init>(95)) - 167d44ae-632b-4dba-9778-38867dfddbf7: new RaftServerImpl for group-0A37E9D73BAA:[167d44ae-632b-4dba-9778-38867dfddbf7:192.168.164.216:45178] with ContainerStateMachine:uninitialized
2019-10-02 16:23:58,033 [pool-119-thread-1] INFO  server.RaftServerConfigKeys (ConfUtils.java:logGet(43)) - raft.server.rpc.timeout.min = 5s (custom)
2019-10-02 16:23:58,033 [pool-119-thread-1] INFO  server.RaftServerConfigKeys (ConfUtils.java:logGet(43)) - raft.server.rpc.timeout.max = 5200ms (custom)
2019-10-02 16:23:58,033 [pool-119-thread-1] INFO  server.RaftServerConfigKeys (ConfUtils.java:logGet(43)) - raft.server.rpcslowness.timeout = 120s (custom)
2019-10-02 16:23:58,033 [pool-119-thread-1] INFO  server.RaftServerConfigKeys (ConfUtils.java:logGet(43)) - raft.server.sleep.deviation.threshold = 300 (default)
2019-10-02 16:23:58,034 [pool-119-thread-1] INFO  server.RaftServerConfigKeys (ConfUtils.java:logGet(43)) - raft.server.log.appender.install.snapshot.enabled = false (custom)
2019-10-02 16:23:58,034 [pool-119-thread-1] INFO  impl.RaftServerImpl (ServerState.java:<init>(103)) - 167d44ae-632b-4dba-9778-38867dfddbf7@group-0A37E9D73BAA: ConfigurationManager, init=-1: [167d44ae-632b-4dba-9778-38867dfddbf7:192.168.164.216:45178], old=null, confs=<EMPTY_MAP>
2019-10-02 16:23:58,034 [pool-119-thread-1] INFO  server.RaftServerConfigKeys (ConfUtils.java:logGet(43)) - raft.server.storage.dir = [/workdir/hadoop-ozone/integration-test/target/test-dir/MiniOzoneClusterImpl-6b197af6-1ec3-4c48-8b22-bd220886f217/datanode-0/data/ratis] (custom)
2019-10-02 16:23:58,034 [pool-119-thread-1] INFO  server.RaftServerConfigKeys (ConfUtils.java:logGet(43)) - raft.server.log.corruption.policy = EXCEPTION (default)
2019-10-02 16:23:58,034 [pool-119-thread-1] INFO  storage.RaftStorageDirectory (RaftStorageDirectory.java:analyzeStorage(246)) - The storage directory /workdir/hadoop-ozone/integration-test/target/test-dir/MiniOzoneClusterImpl-6b197af6-1ec3-4c48-8b22-bd220886f217/datanode-0/data/ratis/0e3f4207-49bc-4b84-897e-0a37e9d73baa does not exist. Creating ...
2019-10-02 16:23:58,069 [pool-119-thread-1] INFO  storage.RaftStorageDirectory (RaftStorageDirectory.java:tryLock(328)) - Lock on /workdir/hadoop-ozone/integration-test/target/test-dir/MiniOzoneClusterImpl-6b197af6-1ec3-4c48-8b22-bd220886f217/datanode-0/data/ratis/0e3f4207-49bc-4b84-897e-0a37e9d73baa/in_use.lock acquired by nodename 13332@pr-hdds-2199-dnstouuidmap-57hpg-3119262845
2019-10-02 16:23:58,104 [IPC Server handler 7 on 46250] INFO  net.NetworkTopology (NetworkTopologyImpl.java:add(111)) - Added a new node: /default-rack/051a4dbb-b9a9-4670-8da3-5c4833995036
2019-10-02 16:23:58,104 [IPC Server handler 7 on 46250] INFO  node.SCMNodeManager (SCMNodeManager.java:register(268)) - Registered Data node : 051a4dbb-b9a9-4670-8da3-5c4833995036{ip: 192.168.164.216, host: pr-hdds-2199-dnstouuidmap-57hpg-3119262845, networkLocation: /default-rack, certSerialId: null}
2019-10-02 16:23:58,142 [pool-119-thread-1] INFO  storage.RaftStorage (RaftStorage.java:format(84)) - Storage directory /workdir/hadoop-ozone/integration-test/target/test-dir/MiniOzoneClusterImpl-6b197af6-1ec3-4c48-8b22-bd220886f217/datanode-0/data/ratis/0e3f4207-49bc-4b84-897e-0a37e9d73baa has been successfully formatted.
2019-10-02 16:23:58,142 [pool-119-thread-1] INFO  ratis.ContainerStateMachine (ContainerStateMachine.java:loadSnapshot(230)) - group-0A37E9D73BAA: The snapshot info is null. Setting the last applied indexto:(t:0, i:~)
2019-10-02 16:23:58,142 [pool-119-thread-1] INFO  server.RaftServerConfigKeys (ConfUtils.java:logGet(43)) - raft.server.notification.no-leader.timeout = 120s (custom)
2019-10-02 16:23:58,143 [pool-119-thread-1] INFO  server.RaftServerConfigKeys (ConfUtils.java:logGet(43)) - raft.server.log.use.memory = false (default)
2019-10-02 16:23:58,143 [pool-119-thread-1] INFO  server.RaftServerConfigKeys (ConfUtils.java:logGet(43)) - raft.server.log.purge.gap = 1000000 (custom)
2019-10-02 16:23:58,143 [pool-119-thread-1] INFO  server.RaftServerConfigKeys (ConfUtils.java:logGet(43)) - raft.server.log.appender.buffer.byte-limit = 33554432 (custom)
2019-10-02 16:23:58,143 [pool-119-thread-1] INFO  server.RaftServerConfigKeys (ConfUtils.java:logGet(43)) - raft.server.log.segment.size.max = 1048576 (custom)
2019-10-02 16:23:58,146 [pool-119-thread-1] INFO  server.RaftServerConfigKeys (ConfUtils.java:logGet(43)) - raft.server.log.segment.cache.num.max = 2 (custom)
2019-10-02 16:23:58,146 [pool-119-thread-1] INFO  segmented.SegmentedRaftLogWorker (SegmentedRaftLogWorker.java:<init>(173)) - new 167d44ae-632b-4dba-9778-38867dfddbf7@group-0A37E9D73BAA-SegmentedRaftLogWorker for RaftStorage:Storage Directory /workdir/hadoop-ozone/integration-test/target/test-dir/MiniOzoneClusterImpl-6b197af6-1ec3-4c48-8b22-bd220886f217/datanode-0/data/ratis/0e3f4207-49bc-4b84-897e-0a37e9d73baa
2019-10-02 16:23:58,146 [pool-119-thread-1] INFO  server.RaftServerConfigKeys (ConfUtils.java:logGet(43)) - raft.server.log.queue.byte-limit = 2147483647 (custom)
2019-10-02 16:23:58,146 [pool-119-thread-1] INFO  server.RaftServerConfigKeys (ConfUtils.java:logGet(43)) - raft.server.log.queue.element-limit = 1024 (custom)
2019-10-02 16:23:58,147 [pool-119-thread-1] INFO  server.RaftServerConfigKeys (ConfUtils.java:logGet(43)) - raft.server.log.segment.size.max = 1048576 (custom)
2019-10-02 16:23:58,147 [pool-119-thread-1] INFO  server.RaftServerConfigKeys (ConfUtils.java:logGet(43)) - raft.server.log.preallocated.size = 16384 (custom)
2019-10-02 16:23:58,147 [pool-119-thread-1] INFO  server.RaftServerConfigKeys (ConfUtils.java:logGet(43)) - raft.server.log.write.buffer.size = 33554432 (custom)
2019-10-02 16:23:58,147 [pool-119-thread-1] INFO  server.RaftServerConfigKeys (ConfUtils.java:logGet(43)) - raft.server.log.force.sync.num = 128 (default)
2019-10-02 16:23:58,147 [pool-119-thread-1] INFO  server.RaftServerConfigKeys (ConfUtils.java:logGet(43)) - raft.server.log.statemachine.data.sync = true (default)
2019-10-02 16:23:58,147 [pool-119-thread-1] INFO  server.RaftServerConfigKeys (ConfUtils.java:logGet(43)) - raft.server.log.statemachine.data.sync.timeout = 10s (default)
2019-10-02 16:23:58,147 [pool-119-thread-1] INFO  server.RaftServerConfigKeys (ConfUtils.java:logGet(43)) - raft.server.log.statemachine.data.sync.timeout.retry = -1 (default)
2019-10-02 16:23:58,148 [pool-119-thread-1] INFO  server.RaftServerConfigKeys (ConfUtils.java:logGet(43)) - raft.server.log.statemachine.data.caching.enabled = true (custom)
2019-10-02 16:23:58,148 [pool-119-thread-1] INFO  segmented.SegmentedRaftLogWorker (SegmentedRaftLogWorker.java:lambda$new$0(128)) - 167d44ae-632b-4dba-9778-38867dfddbf7@group-0A37E9D73BAA-SegmentedRaftLogWorker: flushIndex: setUnconditionally 0 -> -1
2019-10-02 16:23:58,149 [pool-119-thread-1] INFO  server.RaftServerConfigKeys (ConfUtils.java:logGet(43)) - raft.server.snapshot.auto.trigger.enabled = true (custom)
2019-10-02 16:23:58,149 [pool-119-thread-1] INFO  server.RaftServerConfigKeys (ConfUtils.java:logGet(43)) - raft.server.snapshot.auto.trigger.threshold = 10000 (custom)
2019-10-02 16:23:58,149 [pool-119-thread-1] INFO  server.RaftServerConfigKeys (ConfUtils.java:logGet(43)) - raft.server.snapshot.retention.file.num = 5 (custom)
2019-10-02 16:23:58,149 [pool-119-thread-1] INFO  server.RaftServerConfigKeys (ConfUtils.java:logGet(43)) - raft.server.retrycache.expirytime = 600000ms (custom)
2019-10-02 16:23:58,152 [pool-119-thread-1] INFO  impl.RaftServerImpl (RaftServerImpl.java:start(181)) - 167d44ae-632b-4dba-9778-38867dfddbf7@group-0A37E9D73BAA: start as a follower, conf=-1: [167d44ae-632b-4dba-9778-38867dfddbf7:192.168.164.216:45178], old=null
2019-10-02 16:23:58,152 [pool-119-thread-1] INFO  impl.RaftServerImpl (RaftServerImpl.java:setRole(170)) - 167d44ae-632b-4dba-9778-38867dfddbf7@group-0A37E9D73BAA: changes role from      null to FOLLOWER at term 0 for startAsFollower
2019-10-02 16:23:58,152 [pool-119-thread-1] INFO  impl.RoleInfo (RoleInfo.java:updateAndGet(143)) - 167d44ae-632b-4dba-9778-38867dfddbf7: start FollowerState
2019-10-02 16:23:58,152 [pool-119-thread-1] INFO  util.JmxRegister (JmxRegister.java:tryRegister(44)) - Successfully registered JMX Bean with object name Ratis:service=RaftServer,group=group-0A37E9D73BAA,id=167d44ae-632b-4dba-9778-38867dfddbf7
2019-10-02 16:23:58,161 [RatisPipelineUtilsThread] INFO  pipeline.PipelineStateManager (PipelineStateManager.java:addPipeline(56)) - Created pipeline Pipeline[ Id: 0e3f4207-49bc-4b84-897e-0a37e9d73baa, Nodes: 167d44ae-632b-4dba-9778-38867dfddbf7{ip: 192.168.164.216, host: pr-hdds-2199-dnstouuidmap-57hpg-3119262845, networkLocation: /default-rack, certSerialId: null}, Type:RATIS, Factor:ONE, State:OPEN]
2019-10-02 16:23:58,170 [grpc-default-executor-2] INFO  impl.RaftServerProxy (RaftServerProxy.java:addNew(89)) - 051a4dbb-b9a9-4670-8da3-5c4833995036: addNew group-E27B85DFD6A6:[051a4dbb-b9a9-4670-8da3-5c4833995036:192.168.164.216:38769] returns group-E27B85DFD6A6:java.util.concurrent.CompletableFuture@48250545[Not completed]
2019-10-02 16:23:58,173 [pool-129-thread-1] INFO  impl.RaftServerImpl (RaftServerImpl.java:<init>(95)) - 051a4dbb-b9a9-4670-8da3-5c4833995036: new RaftServerImpl for group-E27B85DFD6A6:[051a4dbb-b9a9-4670-8da3-5c4833995036:192.168.164.216:38769] with ContainerStateMachine:uninitialized
2019-10-02 16:23:58,173 [pool-129-thread-1] INFO  server.RaftServerConfigKeys (ConfUtils.java:logGet(43)) - raft.server.rpc.timeout.min = 5s (custom)
2019-10-02 16:23:58,173 [pool-129-thread-1] INFO  server.RaftServerConfigKeys (ConfUtils.java:logGet(43)) - raft.server.rpc.timeout.max = 5200ms (custom)
2019-10-02 16:23:58,174 [pool-129-thread-1] INFO  server.RaftServerConfigKeys (ConfUtils.java:logGet(43)) - raft.server.rpcslowness.timeout = 120s (custom)
2019-10-02 16:23:58,174 [pool-129-thread-1] INFO  server.RaftServerConfigKeys (ConfUtils.java:logGet(43)) - raft.server.sleep.deviation.threshold = 300 (default)
2019-10-02 16:23:58,174 [pool-129-thread-1] INFO  server.RaftServerConfigKeys (ConfUtils.java:logGet(43)) - raft.server.log.appender.install.snapshot.enabled = false (custom)
2019-10-02 16:23:58,174 [pool-129-thread-1] INFO  impl.RaftServerImpl (ServerState.java:<init>(103)) - 051a4dbb-b9a9-4670-8da3-5c4833995036@group-E27B85DFD6A6: ConfigurationManager, init=-1: [051a4dbb-b9a9-4670-8da3-5c4833995036:192.168.164.216:38769], old=null, confs=<EMPTY_MAP>
2019-10-02 16:23:58,174 [pool-129-thread-1] INFO  server.RaftServerConfigKeys (ConfUtils.java:logGet(43)) - raft.server.storage.dir = [/workdir/hadoop-ozone/integration-test/target/test-dir/MiniOzoneClusterImpl-6b197af6-1ec3-4c48-8b22-bd220886f217/datanode-1/data/ratis] (custom)
2019-10-02 16:23:58,174 [pool-129-thread-1] INFO  server.RaftServerConfigKeys (ConfUtils.java:logGet(43)) - raft.server.log.corruption.policy = EXCEPTION (default)
2019-10-02 16:23:58,175 [pool-129-thread-1] INFO  storage.RaftStorageDirectory (RaftStorageDirectory.java:analyzeStorage(246)) - The storage directory /workdir/hadoop-ozone/integration-test/target/test-dir/MiniOzoneClusterImpl-6b197af6-1ec3-4c48-8b22-bd220886f217/datanode-1/data/ratis/2dbb162f-e4cb-4d99-8b19-e27b85dfd6a6 does not exist. Creating ...
2019-10-02 16:23:58,186 [IPC Server handler 1 on 46250] INFO  net.NetworkTopology (NetworkTopologyImpl.java:add(111)) - Added a new node: /default-rack/178446a7-fd96-4772-ad33-38d05ec0a9f5
2019-10-02 16:23:58,186 [IPC Server handler 1 on 46250] INFO  node.SCMNodeManager (SCMNodeManager.java:register(268)) - Registered Data node : 178446a7-fd96-4772-ad33-38d05ec0a9f5{ip: 192.168.164.216, host: pr-hdds-2199-dnstouuidmap-57hpg-3119262845, networkLocation: /default-rack, certSerialId: null}
2019-10-02 16:23:58,187 [pool-129-thread-1] INFO  storage.RaftStorageDirectory (RaftStorageDirectory.java:tryLock(328)) - Lock on /workdir/hadoop-ozone/integration-test/target/test-dir/MiniOzoneClusterImpl-6b197af6-1ec3-4c48-8b22-bd220886f217/datanode-1/data/ratis/2dbb162f-e4cb-4d99-8b19-e27b85dfd6a6/in_use.lock acquired by nodename 13332@pr-hdds-2199-dnstouuidmap-57hpg-3119262845
2019-10-02 16:23:58,201 [pool-129-thread-1] INFO  storage.RaftStorage (RaftStorage.java:format(84)) - Storage directory /workdir/hadoop-ozone/integration-test/target/test-dir/MiniOzoneClusterImpl-6b197af6-1ec3-4c48-8b22-bd220886f217/datanode-1/data/ratis/2dbb162f-e4cb-4d99-8b19-e27b85dfd6a6 has been successfully formatted.
2019-10-02 16:23:58,201 [pool-129-thread-1] INFO  ratis.ContainerStateMachine (ContainerStateMachine.java:loadSnapshot(230)) - group-E27B85DFD6A6: The snapshot info is null. Setting the last applied indexto:(t:0, i:~)
2019-10-02 16:23:58,201 [pool-129-thread-1] INFO  server.RaftServerConfigKeys (ConfUtils.java:logGet(43)) - raft.server.notification.no-leader.timeout = 120s (custom)
2019-10-02 16:23:58,201 [pool-129-thread-1] INFO  server.RaftServerConfigKeys (ConfUtils.java:logGet(43)) - raft.server.log.use.memory = false (default)
2019-10-02 16:23:58,201 [pool-129-thread-1] INFO  server.RaftServerConfigKeys (ConfUtils.java:logGet(43)) - raft.server.log.purge.gap = 1000000 (custom)
2019-10-02 16:23:58,202 [pool-129-thread-1] INFO  server.RaftServerConfigKeys (ConfUtils.java:logGet(43)) - raft.server.log.appender.buffer.byte-limit = 33554432 (custom)
2019-10-02 16:23:58,202 [pool-129-thread-1] INFO  server.RaftServerConfigKeys (ConfUtils.java:logGet(43)) - raft.server.log.segment.size.max = 1048576 (custom)
2019-10-02 16:23:58,204 [pool-129-thread-1] INFO  server.RaftServerConfigKeys (ConfUtils.java:logGet(43)) - raft.server.log.segment.cache.num.max = 2 (custom)
2019-10-02 16:23:58,204 [pool-129-thread-1] INFO  segmented.SegmentedRaftLogWorker (SegmentedRaftLogWorker.java:<init>(173)) - new 051a4dbb-b9a9-4670-8da3-5c4833995036@group-E27B85DFD6A6-SegmentedRaftLogWorker for RaftStorage:Storage Directory /workdir/hadoop-ozone/integration-test/target/test-dir/MiniOzoneClusterImpl-6b197af6-1ec3-4c48-8b22-bd220886f217/datanode-1/data/ratis/2dbb162f-e4cb-4d99-8b19-e27b85dfd6a6
2019-10-02 16:23:58,204 [pool-129-thread-1] INFO  server.RaftServerConfigKeys (ConfUtils.java:logGet(43)) - raft.server.log.queue.byte-limit = 2147483647 (custom)
2019-10-02 16:23:58,205 [pool-129-thread-1] INFO  server.RaftServerConfigKeys (ConfUtils.java:logGet(43)) - raft.server.log.queue.element-limit = 1024 (custom)
2019-10-02 16:23:58,205 [pool-129-thread-1] INFO  server.RaftServerConfigKeys (ConfUtils.java:logGet(43)) - raft.server.log.segment.size.max = 1048576 (custom)
2019-10-02 16:23:58,205 [pool-129-thread-1] INFO  server.RaftServerConfigKeys (ConfUtils.java:logGet(43)) - raft.server.log.preallocated.size = 16384 (custom)
2019-10-02 16:23:58,205 [pool-129-thread-1] INFO  server.RaftServerConfigKeys (ConfUtils.java:logGet(43)) - raft.server.log.write.buffer.size = 33554432 (custom)
2019-10-02 16:23:58,205 [pool-129-thread-1] INFO  server.RaftServerConfigKeys (ConfUtils.java:logGet(43)) - raft.server.log.force.sync.num = 128 (default)
2019-10-02 16:23:58,205 [pool-129-thread-1] INFO  server.RaftServerConfigKeys (ConfUtils.java:logGet(43)) - raft.server.log.statemachine.data.sync = true (default)
2019-10-02 16:23:58,205 [pool-129-thread-1] INFO  server.RaftServerConfigKeys (ConfUtils.java:logGet(43)) - raft.server.log.statemachine.data.sync.timeout = 10s (default)
2019-10-02 16:23:58,206 [pool-129-thread-1] INFO  server.RaftServerConfigKeys (ConfUtils.java:logGet(43)) - raft.server.log.statemachine.data.sync.timeout.retry = -1 (default)
2019-10-02 16:23:58,206 [pool-129-thread-1] INFO  server.RaftServerConfigKeys (ConfUtils.java:logGet(43)) - raft.server.log.statemachine.data.caching.enabled = true (custom)
2019-10-02 16:23:58,206 [pool-129-thread-1] INFO  segmented.SegmentedRaftLogWorker (SegmentedRaftLogWorker.java:lambda$new$0(128)) - 051a4dbb-b9a9-4670-8da3-5c4833995036@group-E27B85DFD6A6-SegmentedRaftLogWorker: flushIndex: setUnconditionally 0 -> -1
2019-10-02 16:23:58,206 [pool-129-thread-1] INFO  server.RaftServerConfigKeys (ConfUtils.java:logGet(43)) - raft.server.snapshot.auto.trigger.enabled = true (custom)
2019-10-02 16:23:58,207 [pool-129-thread-1] INFO  server.RaftServerConfigKeys (ConfUtils.java:logGet(43)) - raft.server.snapshot.auto.trigger.threshold = 10000 (custom)
2019-10-02 16:23:58,207 [pool-129-thread-1] INFO  server.RaftServerConfigKeys (ConfUtils.java:logGet(43)) - raft.server.snapshot.retention.file.num = 5 (custom)
2019-10-02 16:23:58,207 [pool-129-thread-1] INFO  server.RaftServerConfigKeys (ConfUtils.java:logGet(43)) - raft.server.retrycache.expirytime = 600000ms (custom)
2019-10-02 16:23:58,209 [pool-129-thread-1] INFO  impl.RaftServerImpl (RaftServerImpl.java:start(181)) - 051a4dbb-b9a9-4670-8da3-5c4833995036@group-E27B85DFD6A6: start as a follower, conf=-1: [051a4dbb-b9a9-4670-8da3-5c4833995036:192.168.164.216:38769], old=null
2019-10-02 16:23:58,209 [pool-129-thread-1] INFO  impl.RaftServerImpl (RaftServerImpl.java:setRole(170)) - 051a4dbb-b9a9-4670-8da3-5c4833995036@group-E27B85DFD6A6: changes role from      null to FOLLOWER at term 0 for startAsFollower
2019-10-02 16:23:58,209 [pool-129-thread-1] INFO  impl.RoleInfo (RoleInfo.java:updateAndGet(143)) - 051a4dbb-b9a9-4670-8da3-5c4833995036: start FollowerState
2019-10-02 16:23:58,210 [pool-129-thread-1] INFO  util.JmxRegister (JmxRegister.java:tryRegister(44)) - Successfully registered JMX Bean with object name Ratis:service=RaftServer,group=group-E27B85DFD6A6,id=051a4dbb-b9a9-4670-8da3-5c4833995036
2019-10-02 16:23:58,217 [RatisPipelineUtilsThread] INFO  pipeline.PipelineStateManager (PipelineStateManager.java:addPipeline(56)) - Created pipeline Pipeline[ Id: 2dbb162f-e4cb-4d99-8b19-e27b85dfd6a6, Nodes: 051a4dbb-b9a9-4670-8da3-5c4833995036{ip: 192.168.164.216, host: pr-hdds-2199-dnstouuidmap-57hpg-3119262845, networkLocation: /default-rack, certSerialId: null}, Type:RATIS, Factor:ONE, State:OPEN]
2019-10-02 16:23:58,236 [grpc-default-executor-2] INFO  impl.RaftServerProxy (RaftServerProxy.java:addNew(89)) - 178446a7-fd96-4772-ad33-38d05ec0a9f5: addNew group-CFA3FBDD9E52:[178446a7-fd96-4772-ad33-38d05ec0a9f5:192.168.164.216:34466] returns group-CFA3FBDD9E52:java.util.concurrent.CompletableFuture@1a3072da[Not completed]
2019-10-02 16:23:58,241 [pool-139-thread-1] INFO  impl.RaftServerImpl (RaftServerImpl.java:<init>(95)) - 178446a7-fd96-4772-ad33-38d05ec0a9f5: new RaftServerImpl for group-CFA3FBDD9E52:[178446a7-fd96-4772-ad33-38d05ec0a9f5:192.168.164.216:34466] with ContainerStateMachine:uninitialized
2019-10-02 16:23:58,241 [pool-139-thread-1] INFO  server.RaftServerConfigKeys (ConfUtils.java:logGet(43)) - raft.server.rpc.timeout.min = 5s (custom)
2019-10-02 16:23:58,242 [pool-139-thread-1] INFO  server.RaftServerConfigKeys (ConfUtils.java:logGet(43)) - raft.server.rpc.timeout.max = 5200ms (custom)
2019-10-02 16:23:58,242 [pool-139-thread-1] INFO  server.RaftServerConfigKeys (ConfUtils.java:logGet(43)) - raft.server.rpcslowness.timeout = 120s (custom)
2019-10-02 16:23:58,242 [pool-139-thread-1] INFO  server.RaftServerConfigKeys (ConfUtils.java:logGet(43)) - raft.server.sleep.deviation.threshold = 300 (default)
2019-10-02 16:23:58,242 [pool-139-thread-1] INFO  server.RaftServerConfigKeys (ConfUtils.java:logGet(43)) - raft.server.log.appender.install.snapshot.enabled = false (custom)
2019-10-02 16:23:58,242 [pool-139-thread-1] INFO  impl.RaftServerImpl (ServerState.java:<init>(103)) - 178446a7-fd96-4772-ad33-38d05ec0a9f5@group-CFA3FBDD9E52: ConfigurationManager, init=-1: [178446a7-fd96-4772-ad33-38d05ec0a9f5:192.168.164.216:34466], old=null, confs=<EMPTY_MAP>
2019-10-02 16:23:58,242 [pool-139-thread-1] INFO  server.RaftServerConfigKeys (ConfUtils.java:logGet(43)) - raft.server.storage.dir = [/workdir/hadoop-ozone/integration-test/target/test-dir/MiniOzoneClusterImpl-6b197af6-1ec3-4c48-8b22-bd220886f217/datanode-2/data/ratis] (custom)
2019-10-02 16:23:58,243 [pool-139-thread-1] INFO  server.RaftServerConfigKeys (ConfUtils.java:logGet(43)) - raft.server.log.corruption.policy = EXCEPTION (default)
2019-10-02 16:23:58,243 [pool-139-thread-1] INFO  storage.RaftStorageDirectory (RaftStorageDirectory.java:analyzeStorage(246)) - The storage directory /workdir/hadoop-ozone/integration-test/target/test-dir/MiniOzoneClusterImpl-6b197af6-1ec3-4c48-8b22-bd220886f217/datanode-2/data/ratis/927c3327-fda2-4c12-963a-cfa3fbdd9e52 does not exist. Creating ...
2019-10-02 16:23:58,253 [IPC Server handler 3 on 46250] INFO  net.NetworkTopology (NetworkTopologyImpl.java:add(111)) - Added a new node: /default-rack/a5e85cbd-8f76-42d4-bb24-844dda1c2427
2019-10-02 16:23:58,253 [IPC Server handler 3 on 46250] INFO  node.SCMNodeManager (SCMNodeManager.java:register(268)) - Registered Data node : a5e85cbd-8f76-42d4-bb24-844dda1c2427{ip: 192.168.164.216, host: pr-hdds-2199-dnstouuidmap-57hpg-3119262845, networkLocation: /default-rack, certSerialId: null}
2019-10-02 16:23:58,309 [pool-139-thread-1] INFO  storage.RaftStorageDirectory (RaftStorageDirectory.java:tryLock(328)) - Lock on /workdir/hadoop-ozone/integration-test/target/test-dir/MiniOzoneClusterImpl-6b197af6-1ec3-4c48-8b22-bd220886f217/datanode-2/data/ratis/927c3327-fda2-4c12-963a-cfa3fbdd9e52/in_use.lock acquired by nodename 13332@pr-hdds-2199-dnstouuidmap-57hpg-3119262845
2019-10-02 16:23:58,324 [IPC Server handler 4 on 46250] INFO  net.NetworkTopology (NetworkTopologyImpl.java:add(111)) - Added a new node: /default-rack/2b422747-add7-4378-a867-aedecd2dd0d7
2019-10-02 16:23:58,324 [IPC Server handler 4 on 46250] INFO  node.SCMNodeManager (SCMNodeManager.java:register(268)) - Registered Data node : 2b422747-add7-4378-a867-aedecd2dd0d7{ip: 192.168.164.216, host: pr-hdds-2199-dnstouuidmap-57hpg-3119262845, networkLocation: /default-rack, certSerialId: null}
2019-10-02 16:23:58,372 [pool-139-thread-1] INFO  storage.RaftStorage (RaftStorage.java:format(84)) - Storage directory /workdir/hadoop-ozone/integration-test/target/test-dir/MiniOzoneClusterImpl-6b197af6-1ec3-4c48-8b22-bd220886f217/datanode-2/data/ratis/927c3327-fda2-4c12-963a-cfa3fbdd9e52 has been successfully formatted.
2019-10-02 16:23:58,372 [pool-139-thread-1] INFO  ratis.ContainerStateMachine (ContainerStateMachine.java:loadSnapshot(230)) - group-CFA3FBDD9E52: The snapshot info is null. Setting the last applied indexto:(t:0, i:~)
2019-10-02 16:23:58,373 [pool-139-thread-1] INFO  server.RaftServerConfigKeys (ConfUtils.java:logGet(43)) - raft.server.notification.no-leader.timeout = 120s (custom)
2019-10-02 16:23:58,373 [pool-139-thread-1] INFO  server.RaftServerConfigKeys (ConfUtils.java:logGet(43)) - raft.server.log.use.memory = false (default)
2019-10-02 16:23:58,373 [pool-139-thread-1] INFO  server.RaftServerConfigKeys (ConfUtils.java:logGet(43)) - raft.server.log.purge.gap = 1000000 (custom)
2019-10-02 16:23:58,373 [pool-139-thread-1] INFO  server.RaftServerConfigKeys (ConfUtils.java:logGet(43)) - raft.server.log.appender.buffer.byte-limit = 33554432 (custom)
2019-10-02 16:23:58,373 [pool-139-thread-1] INFO  server.RaftServerConfigKeys (ConfUtils.java:logGet(43)) - raft.server.log.segment.size.max = 1048576 (custom)
2019-10-02 16:23:58,375 [pool-139-thread-1] INFO  server.RaftServerConfigKeys (ConfUtils.java:logGet(43)) - raft.server.log.segment.cache.num.max = 2 (custom)
2019-10-02 16:23:58,376 [pool-139-thread-1] INFO  segmented.SegmentedRaftLogWorker (SegmentedRaftLogWorker.java:<init>(173)) - new 178446a7-fd96-4772-ad33-38d05ec0a9f5@group-CFA3FBDD9E52-SegmentedRaftLogWorker for RaftStorage:Storage Directory /workdir/hadoop-ozone/integration-test/target/test-dir/MiniOzoneClusterImpl-6b197af6-1ec3-4c48-8b22-bd220886f217/datanode-2/data/ratis/927c3327-fda2-4c12-963a-cfa3fbdd9e52
2019-10-02 16:23:58,376 [pool-139-thread-1] INFO  server.RaftServerConfigKeys (ConfUtils.java:logGet(43)) - raft.server.log.queue.byte-limit = 2147483647 (custom)
2019-10-02 16:23:58,376 [pool-139-thread-1] INFO  server.RaftServerConfigKeys (ConfUtils.java:logGet(43)) - raft.server.log.queue.element-limit = 1024 (custom)
2019-10-02 16:23:58,376 [pool-139-thread-1] INFO  server.RaftServerConfigKeys (ConfUtils.java:logGet(43)) - raft.server.log.segment.size.max = 1048576 (custom)
2019-10-02 16:23:58,376 [pool-139-thread-1] INFO  server.RaftServerConfigKeys (ConfUtils.java:logGet(43)) - raft.server.log.preallocated.size = 16384 (custom)
2019-10-02 16:23:58,376 [pool-139-thread-1] INFO  server.RaftServerConfigKeys (ConfUtils.java:logGet(43)) - raft.server.log.write.buffer.size = 33554432 (custom)
2019-10-02 16:23:58,376 [pool-139-thread-1] INFO  server.RaftServerConfigKeys (ConfUtils.java:logGet(43)) - raft.server.log.force.sync.num = 128 (default)
2019-10-02 16:23:58,376 [pool-139-thread-1] INFO  server.RaftServerConfigKeys (ConfUtils.java:logGet(43)) - raft.server.log.statemachine.data.sync = true (default)
2019-10-02 16:23:58,377 [pool-139-thread-1] INFO  server.RaftServerConfigKeys (ConfUtils.java:logGet(43)) - raft.server.log.statemachine.data.sync.timeout = 10s (default)
2019-10-02 16:23:58,377 [pool-139-thread-1] INFO  server.RaftServerConfigKeys (ConfUtils.java:logGet(43)) - raft.server.log.statemachine.data.sync.timeout.retry = -1 (default)
2019-10-02 16:23:58,377 [pool-139-thread-1] INFO  server.RaftServerConfigKeys (ConfUtils.java:logGet(43)) - raft.server.log.statemachine.data.caching.enabled = true (custom)
2019-10-02 16:23:58,377 [pool-139-thread-1] INFO  segmented.SegmentedRaftLogWorker (SegmentedRaftLogWorker.java:lambda$new$0(128)) - 178446a7-fd96-4772-ad33-38d05ec0a9f5@group-CFA3FBDD9E52-SegmentedRaftLogWorker: flushIndex: setUnconditionally 0 -> -1
2019-10-02 16:23:58,378 [pool-139-thread-1] INFO  server.RaftServerConfigKeys (ConfUtils.java:logGet(43)) - raft.server.snapshot.auto.trigger.enabled = true (custom)
2019-10-02 16:23:58,378 [pool-139-thread-1] INFO  server.RaftServerConfigKeys (ConfUtils.java:logGet(43)) - raft.server.snapshot.auto.trigger.threshold = 10000 (custom)
2019-10-02 16:23:58,378 [pool-139-thread-1] INFO  server.RaftServerConfigKeys (ConfUtils.java:logGet(43)) - raft.server.snapshot.retention.file.num = 5 (custom)
2019-10-02 16:23:58,378 [pool-139-thread-1] INFO  server.RaftServerConfigKeys (ConfUtils.java:logGet(43)) - raft.server.retrycache.expirytime = 600000ms (custom)
2019-10-02 16:23:58,380 [pool-139-thread-1] INFO  impl.RaftServerImpl (RaftServerImpl.java:start(181)) - 178446a7-fd96-4772-ad33-38d05ec0a9f5@group-CFA3FBDD9E52: start as a follower, conf=-1: [178446a7-fd96-4772-ad33-38d05ec0a9f5:192.168.164.216:34466], old=null
2019-10-02 16:23:58,380 [pool-139-thread-1] INFO  impl.RaftServerImpl (RaftServerImpl.java:setRole(170)) - 178446a7-fd96-4772-ad33-38d05ec0a9f5@group-CFA3FBDD9E52: changes role from      null to FOLLOWER at term 0 for startAsFollower
2019-10-02 16:23:58,380 [pool-139-thread-1] INFO  impl.RoleInfo (RoleInfo.java:updateAndGet(143)) - 178446a7-fd96-4772-ad33-38d05ec0a9f5: start FollowerState
2019-10-02 16:23:58,381 [pool-139-thread-1] INFO  util.JmxRegister (JmxRegister.java:tryRegister(44)) - Successfully registered JMX Bean with object name Ratis:service=RaftServer,group=group-CFA3FBDD9E52,id=178446a7-fd96-4772-ad33-38d05ec0a9f5
2019-10-02 16:23:58,387 [RatisPipelineUtilsThread] INFO  pipeline.PipelineStateManager (PipelineStateManager.java:addPipeline(56)) - Created pipeline Pipeline[ Id: 927c3327-fda2-4c12-963a-cfa3fbdd9e52, Nodes: 178446a7-fd96-4772-ad33-38d05ec0a9f5{ip: 192.168.164.216, host: pr-hdds-2199-dnstouuidmap-57hpg-3119262845, networkLocation: /default-rack, certSerialId: null}, Type:RATIS, Factor:ONE, State:OPEN]
2019-10-02 16:23:58,394 [grpc-default-executor-2] INFO  impl.RaftServerProxy (RaftServerProxy.java:addNew(89)) - a5e85cbd-8f76-42d4-bb24-844dda1c2427: addNew group-BFAA208D6EB6:[a5e85cbd-8f76-42d4-bb24-844dda1c2427:192.168.164.216:35175] returns group-BFAA208D6EB6:java.util.concurrent.CompletableFuture@76202c98[Not completed]
2019-10-02 16:23:58,398 [pool-149-thread-1] INFO  impl.RaftServerImpl (RaftServerImpl.java:<init>(95)) - a5e85cbd-8f76-42d4-bb24-844dda1c2427: new RaftServerImpl for group-BFAA208D6EB6:[a5e85cbd-8f76-42d4-bb24-844dda1c2427:192.168.164.216:35175] with ContainerStateMachine:uninitialized
2019-10-02 16:23:58,398 [pool-149-thread-1] INFO  server.RaftServerConfigKeys (ConfUtils.java:logGet(43)) - raft.server.rpc.timeout.min = 5s (custom)
2019-10-02 16:23:58,398 [pool-149-thread-1] INFO  server.RaftServerConfigKeys (ConfUtils.java:logGet(43)) - raft.server.rpc.timeout.max = 5200ms (custom)
2019-10-02 16:23:58,398 [pool-149-thread-1] INFO  server.RaftServerConfigKeys (ConfUtils.java:logGet(43)) - raft.server.rpcslowness.timeout = 120s (custom)
2019-10-02 16:23:58,398 [pool-149-thread-1] INFO  server.RaftServerConfigKeys (ConfUtils.java:logGet(43)) - raft.server.sleep.deviation.threshold = 300 (default)
2019-10-02 16:23:58,398 [pool-149-thread-1] INFO  server.RaftServerConfigKeys (ConfUtils.java:logGet(43)) - raft.server.log.appender.install.snapshot.enabled = false (custom)
2019-10-02 16:23:58,398 [pool-149-thread-1] INFO  impl.RaftServerImpl (ServerState.java:<init>(103)) - a5e85cbd-8f76-42d4-bb24-844dda1c2427@group-BFAA208D6EB6: ConfigurationManager, init=-1: [a5e85cbd-8f76-42d4-bb24-844dda1c2427:192.168.164.216:35175], old=null, confs=<EMPTY_MAP>
2019-10-02 16:23:58,398 [pool-149-thread-1] INFO  server.RaftServerConfigKeys (ConfUtils.java:logGet(43)) - raft.server.storage.dir = [/workdir/hadoop-ozone/integration-test/target/test-dir/MiniOzoneClusterImpl-6b197af6-1ec3-4c48-8b22-bd220886f217/datanode-3/data/ratis] (custom)
2019-10-02 16:23:58,399 [IPC Server handler 2 on 46250] INFO  net.NetworkTopology (NetworkTopologyImpl.java:add(111)) - Added a new node: /default-rack/a7280462-2d33-46bd-8f7d-fd2def1b64a1
2019-10-02 16:23:58,399 [pool-149-thread-1] INFO  server.RaftServerConfigKeys (ConfUtils.java:logGet(43)) - raft.server.log.corruption.policy = EXCEPTION (default)
2019-10-02 16:23:58,399 [IPC Server handler 2 on 46250] INFO  node.SCMNodeManager (SCMNodeManager.java:register(268)) - Registered Data node : a7280462-2d33-46bd-8f7d-fd2def1b64a1{ip: 192.168.164.216, host: pr-hdds-2199-dnstouuidmap-57hpg-3119262845, networkLocation: /default-rack, certSerialId: null}
2019-10-02 16:23:58,399 [pool-149-thread-1] INFO  storage.RaftStorageDirectory (RaftStorageDirectory.java:analyzeStorage(246)) - The storage directory /workdir/hadoop-ozone/integration-test/target/test-dir/MiniOzoneClusterImpl-6b197af6-1ec3-4c48-8b22-bd220886f217/datanode-3/data/ratis/a2a561d4-5ec9-4192-a6b4-bfaa208d6eb6 does not exist. Creating ...
2019-10-02 16:23:58,459 [IPC Server handler 5 on 46250] INFO  net.NetworkTopology (NetworkTopologyImpl.java:add(111)) - Added a new node: /default-rack/7b893dcc-9a8f-4484-aa5f-39ce0deafb7f
2019-10-02 16:23:58,459 [IPC Server handler 5 on 46250] INFO  node.SCMNodeManager (SCMNodeManager.java:register(268)) - Registered Data node : 7b893dcc-9a8f-4484-aa5f-39ce0deafb7f{ip: 192.168.164.216, host: pr-hdds-2199-dnstouuidmap-57hpg-3119262845, networkLocation: /default-rack, certSerialId: null}
2019-10-02 16:23:58,459 [main] INFO  ozone.MiniOzoneClusterImpl (MiniOzoneClusterImpl.java:lambda$waitForClusterToBeReady$0(147)) - Cluster is ready. Got 7 of 7 DN Heartbeats.
2019-10-02 16:23:58,468 [pool-149-thread-1] INFO  storage.RaftStorageDirectory (RaftStorageDirectory.java:tryLock(328)) - Lock on /workdir/hadoop-ozone/integration-test/target/test-dir/MiniOzoneClusterImpl-6b197af6-1ec3-4c48-8b22-bd220886f217/datanode-3/data/ratis/a2a561d4-5ec9-4192-a6b4-bfaa208d6eb6/in_use.lock acquired by nodename 13332@pr-hdds-2199-dnstouuidmap-57hpg-3119262845
2019-10-02 16:23:58,496 [main] INFO  rpc.RpcClient (RpcClient.java:createVolume(276)) - Creating Volume: watchforcommithandlingtest, with jenkins1000 as owner.
2019-10-02 16:23:58,498 [IPC Server handler 3 on 34795] INFO  volume.OMVolumeCreateRequest (OMVolumeCreateRequest.java:validateAndUpdateCache(194)) - created volume:watchforcommithandlingtest for user:jenkins1000
2019-10-02 16:23:58,509 [main] INFO  rpc.RpcClient (RpcClient.java:createBucket(415)) - Creating Bucket: watchforcommithandlingtest/watchforcommithandlingtest, with Versioning false and Storage Type set to DISK and Encryption set to false 
2019-10-02 16:23:58,511 [pool-149-thread-1] INFO  storage.RaftStorage (RaftStorage.java:format(84)) - Storage directory /workdir/hadoop-ozone/integration-test/target/test-dir/MiniOzoneClusterImpl-6b197af6-1ec3-4c48-8b22-bd220886f217/datanode-3/data/ratis/a2a561d4-5ec9-4192-a6b4-bfaa208d6eb6 has been successfully formatted.
2019-10-02 16:23:58,511 [pool-149-thread-1] INFO  ratis.ContainerStateMachine (ContainerStateMachine.java:loadSnapshot(230)) - group-BFAA208D6EB6: The snapshot info is null. Setting the last applied indexto:(t:0, i:~)
2019-10-02 16:23:58,511 [pool-149-thread-1] INFO  server.RaftServerConfigKeys (ConfUtils.java:logGet(43)) - raft.server.notification.no-leader.timeout = 120s (custom)
2019-10-02 16:23:58,518 [pool-149-thread-1] INFO  server.RaftServerConfigKeys (ConfUtils.java:logGet(43)) - raft.server.log.use.memory = false (default)
2019-10-02 16:23:58,518 [pool-149-thread-1] INFO  server.RaftServerConfigKeys (ConfUtils.java:logGet(43)) - raft.server.log.purge.gap = 1000000 (custom)
2019-10-02 16:23:58,518 [pool-149-thread-1] INFO  server.RaftServerConfigKeys (ConfUtils.java:logGet(43)) - raft.server.log.appender.buffer.byte-limit = 33554432 (custom)
2019-10-02 16:23:58,518 [pool-149-thread-1] INFO  server.RaftServerConfigKeys (ConfUtils.java:logGet(43)) - raft.server.log.segment.size.max = 1048576 (custom)
2019-10-02 16:23:58,519 [main] INFO  ozone.MiniOzoneClusterImpl (MiniOzoneClusterImpl.java:getStorageContainerLocationClient(234)) - Creating StorageContainerLocationProtocol RPC client with address /0.0.0.0:42566
2019-10-02 16:23:58,520 [pool-149-thread-1] INFO  server.RaftServerConfigKeys (ConfUtils.java:logGet(43)) - raft.server.log.segment.cache.num.max = 2 (custom)
2019-10-02 16:23:58,520 [pool-149-thread-1] INFO  segmented.SegmentedRaftLogWorker (SegmentedRaftLogWorker.java:<init>(173)) - new a5e85cbd-8f76-42d4-bb24-844dda1c2427@group-BFAA208D6EB6-SegmentedRaftLogWorker for RaftStorage:Storage Directory /workdir/hadoop-ozone/integration-test/target/test-dir/MiniOzoneClusterImpl-6b197af6-1ec3-4c48-8b22-bd220886f217/datanode-3/data/ratis/a2a561d4-5ec9-4192-a6b4-bfaa208d6eb6
2019-10-02 16:23:58,520 [pool-149-thread-1] INFO  server.RaftServerConfigKeys (ConfUtils.java:logGet(43)) - raft.server.log.queue.byte-limit = 2147483647 (custom)
2019-10-02 16:23:58,520 [pool-149-thread-1] INFO  server.RaftServerConfigKeys (ConfUtils.java:logGet(43)) - raft.server.log.queue.element-limit = 1024 (custom)
2019-10-02 16:23:58,520 [pool-149-thread-1] INFO  server.RaftServerConfigKeys (ConfUtils.java:logGet(43)) - raft.server.log.segment.size.max = 1048576 (custom)
2019-10-02 16:23:58,520 [pool-149-thread-1] INFO  server.RaftServerConfigKeys (ConfUtils.java:logGet(43)) - raft.server.log.preallocated.size = 16384 (custom)
2019-10-02 16:23:58,521 [pool-149-thread-1] INFO  server.RaftServerConfigKeys (ConfUtils.java:logGet(43)) - raft.server.log.write.buffer.size = 33554432 (custom)
2019-10-02 16:23:58,521 [pool-149-thread-1] INFO  server.RaftServerConfigKeys (ConfUtils.java:logGet(43)) - raft.server.log.force.sync.num = 128 (default)
2019-10-02 16:23:58,521 [pool-149-thread-1] INFO  server.RaftServerConfigKeys (ConfUtils.java:logGet(43)) - raft.server.log.statemachine.data.sync = true (default)
2019-10-02 16:23:58,521 [pool-149-thread-1] INFO  server.RaftServerConfigKeys (ConfUtils.java:logGet(43)) - raft.server.log.statemachine.data.sync.timeout = 10s (default)
2019-10-02 16:23:58,521 [pool-149-thread-1] INFO  server.RaftServerConfigKeys (ConfUtils.java:logGet(43)) - raft.server.log.statemachine.data.sync.timeout.retry = -1 (default)
2019-10-02 16:23:58,521 [pool-149-thread-1] INFO  server.RaftServerConfigKeys (ConfUtils.java:logGet(43)) - raft.server.log.statemachine.data.caching.enabled = true (custom)
2019-10-02 16:23:58,522 [pool-149-thread-1] INFO  segmented.SegmentedRaftLogWorker (SegmentedRaftLogWorker.java:lambda$new$0(128)) - a5e85cbd-8f76-42d4-bb24-844dda1c2427@group-BFAA208D6EB6-SegmentedRaftLogWorker: flushIndex: setUnconditionally 0 -> -1
2019-10-02 16:23:58,522 [pool-149-thread-1] INFO  server.RaftServerConfigKeys (ConfUtils.java:logGet(43)) - raft.server.snapshot.auto.trigger.enabled = true (custom)
2019-10-02 16:23:58,522 [pool-149-thread-1] INFO  server.RaftServerConfigKeys (ConfUtils.java:logGet(43)) - raft.server.snapshot.auto.trigger.threshold = 10000 (custom)
2019-10-02 16:23:58,522 [pool-149-thread-1] INFO  server.RaftServerConfigKeys (ConfUtils.java:logGet(43)) - raft.server.snapshot.retention.file.num = 5 (custom)
2019-10-02 16:23:58,522 [pool-149-thread-1] INFO  server.RaftServerConfigKeys (ConfUtils.java:logGet(43)) - raft.server.retrycache.expirytime = 600000ms (custom)
2019-10-02 16:23:58,525 [pool-149-thread-1] INFO  impl.RaftServerImpl (RaftServerImpl.java:start(181)) - a5e85cbd-8f76-42d4-bb24-844dda1c2427@group-BFAA208D6EB6: start as a follower, conf=-1: [a5e85cbd-8f76-42d4-bb24-844dda1c2427:192.168.164.216:35175], old=null
2019-10-02 16:23:58,526 [pool-149-thread-1] INFO  impl.RaftServerImpl (RaftServerImpl.java:setRole(170)) - a5e85cbd-8f76-42d4-bb24-844dda1c2427@group-BFAA208D6EB6: changes role from      null to FOLLOWER at term 0 for startAsFollower
2019-10-02 16:23:58,526 [pool-149-thread-1] INFO  impl.RoleInfo (RoleInfo.java:updateAndGet(143)) - a5e85cbd-8f76-42d4-bb24-844dda1c2427: start FollowerState
2019-10-02 16:23:58,526 [pool-149-thread-1] INFO  util.JmxRegister (JmxRegister.java:tryRegister(44)) - Successfully registered JMX Bean with object name Ratis:service=RaftServer,group=group-BFAA208D6EB6,id=a5e85cbd-8f76-42d4-bb24-844dda1c2427
2019-10-02 16:23:58,531 [RatisPipelineUtilsThread] INFO  pipeline.PipelineStateManager (PipelineStateManager.java:addPipeline(56)) - Created pipeline Pipeline[ Id: a2a561d4-5ec9-4192-a6b4-bfaa208d6eb6, Nodes: a5e85cbd-8f76-42d4-bb24-844dda1c2427{ip: 192.168.164.216, host: pr-hdds-2199-dnstouuidmap-57hpg-3119262845, networkLocation: /default-rack, certSerialId: null}, Type:RATIS, Factor:ONE, State:OPEN]
2019-10-02 16:23:58,540 [grpc-default-executor-2] INFO  impl.RaftServerProxy (RaftServerProxy.java:addNew(89)) - 2b422747-add7-4378-a867-aedecd2dd0d7: addNew group-C1B72DF495B9:[2b422747-add7-4378-a867-aedecd2dd0d7:192.168.164.216:34175] returns group-C1B72DF495B9:java.util.concurrent.CompletableFuture@53599438[Not completed]
2019-10-02 16:23:58,544 [pool-159-thread-1] INFO  impl.RaftServerImpl (RaftServerImpl.java:<init>(95)) - 2b422747-add7-4378-a867-aedecd2dd0d7: new RaftServerImpl for group-C1B72DF495B9:[2b422747-add7-4378-a867-aedecd2dd0d7:192.168.164.216:34175] with ContainerStateMachine:uninitialized
2019-10-02 16:23:58,544 [pool-159-thread-1] INFO  server.RaftServerConfigKeys (ConfUtils.java:logGet(43)) - raft.server.rpc.timeout.min = 5s (custom)
2019-10-02 16:23:58,544 [pool-159-thread-1] INFO  server.RaftServerConfigKeys (ConfUtils.java:logGet(43)) - raft.server.rpc.timeout.max = 5200ms (custom)
2019-10-02 16:23:58,544 [pool-159-thread-1] INFO  server.RaftServerConfigKeys (ConfUtils.java:logGet(43)) - raft.server.rpcslowness.timeout = 120s (custom)
2019-10-02 16:23:58,544 [pool-159-thread-1] INFO  server.RaftServerConfigKeys (ConfUtils.java:logGet(43)) - raft.server.sleep.deviation.threshold = 300 (default)
2019-10-02 16:23:58,544 [pool-159-thread-1] INFO  server.RaftServerConfigKeys (ConfUtils.java:logGet(43)) - raft.server.log.appender.install.snapshot.enabled = false (custom)
2019-10-02 16:23:58,544 [pool-159-thread-1] INFO  impl.RaftServerImpl (ServerState.java:<init>(103)) - 2b422747-add7-4378-a867-aedecd2dd0d7@group-C1B72DF495B9: ConfigurationManager, init=-1: [2b422747-add7-4378-a867-aedecd2dd0d7:192.168.164.216:34175], old=null, confs=<EMPTY_MAP>
2019-10-02 16:23:58,545 [pool-159-thread-1] INFO  server.RaftServerConfigKeys (ConfUtils.java:logGet(43)) - raft.server.storage.dir = [/workdir/hadoop-ozone/integration-test/target/test-dir/MiniOzoneClusterImpl-6b197af6-1ec3-4c48-8b22-bd220886f217/datanode-4/data/ratis] (custom)
2019-10-02 16:23:58,545 [pool-159-thread-1] INFO  server.RaftServerConfigKeys (ConfUtils.java:logGet(43)) - raft.server.log.corruption.policy = EXCEPTION (default)
2019-10-02 16:23:58,545 [pool-159-thread-1] INFO  storage.RaftStorageDirectory (RaftStorageDirectory.java:analyzeStorage(246)) - The storage directory /workdir/hadoop-ozone/integration-test/target/test-dir/MiniOzoneClusterImpl-6b197af6-1ec3-4c48-8b22-bd220886f217/datanode-4/data/ratis/5c9b7300-92e3-4e03-9d88-c1b72df495b9 does not exist. Creating ...
2019-10-02 16:23:58,569 [pool-159-thread-1] INFO  storage.RaftStorageDirectory (RaftStorageDirectory.java:tryLock(328)) - Lock on /workdir/hadoop-ozone/integration-test/target/test-dir/MiniOzoneClusterImpl-6b197af6-1ec3-4c48-8b22-bd220886f217/datanode-4/data/ratis/5c9b7300-92e3-4e03-9d88-c1b72df495b9/in_use.lock acquired by nodename 13332@pr-hdds-2199-dnstouuidmap-57hpg-3119262845
2019-10-02 16:23:58,582 [pool-159-thread-1] INFO  storage.RaftStorage (RaftStorage.java:format(84)) - Storage directory /workdir/hadoop-ozone/integration-test/target/test-dir/MiniOzoneClusterImpl-6b197af6-1ec3-4c48-8b22-bd220886f217/datanode-4/data/ratis/5c9b7300-92e3-4e03-9d88-c1b72df495b9 has been successfully formatted.
2019-10-02 16:23:58,583 [pool-159-thread-1] INFO  ratis.ContainerStateMachine (ContainerStateMachine.java:loadSnapshot(230)) - group-C1B72DF495B9: The snapshot info is null. Setting the last applied indexto:(t:0, i:~)
2019-10-02 16:23:58,583 [pool-159-thread-1] INFO  server.RaftServerConfigKeys (ConfUtils.java:logGet(43)) - raft.server.notification.no-leader.timeout = 120s (custom)
2019-10-02 16:23:58,583 [pool-159-thread-1] INFO  server.RaftServerConfigKeys (ConfUtils.java:logGet(43)) - raft.server.log.use.memory = false (default)
2019-10-02 16:23:58,583 [pool-159-thread-1] INFO  server.RaftServerConfigKeys (ConfUtils.java:logGet(43)) - raft.server.log.purge.gap = 1000000 (custom)
2019-10-02 16:23:58,583 [pool-159-thread-1] INFO  server.RaftServerConfigKeys (ConfUtils.java:logGet(43)) - raft.server.log.appender.buffer.byte-limit = 33554432 (custom)
2019-10-02 16:23:58,583 [pool-159-thread-1] INFO  server.RaftServerConfigKeys (ConfUtils.java:logGet(43)) - raft.server.log.segment.size.max = 1048576 (custom)
2019-10-02 16:23:58,585 [pool-159-thread-1] INFO  server.RaftServerConfigKeys (ConfUtils.java:logGet(43)) - raft.server.log.segment.cache.num.max = 2 (custom)
2019-10-02 16:23:58,586 [pool-159-thread-1] INFO  segmented.SegmentedRaftLogWorker (SegmentedRaftLogWorker.java:<init>(173)) - new 2b422747-add7-4378-a867-aedecd2dd0d7@group-C1B72DF495B9-SegmentedRaftLogWorker for RaftStorage:Storage Directory /workdir/hadoop-ozone/integration-test/target/test-dir/MiniOzoneClusterImpl-6b197af6-1ec3-4c48-8b22-bd220886f217/datanode-4/data/ratis/5c9b7300-92e3-4e03-9d88-c1b72df495b9
2019-10-02 16:23:58,586 [pool-159-thread-1] INFO  server.RaftServerConfigKeys (ConfUtils.java:logGet(43)) - raft.server.log.queue.byte-limit = 2147483647 (custom)
2019-10-02 16:23:58,586 [pool-159-thread-1] INFO  server.RaftServerConfigKeys (ConfUtils.java:logGet(43)) - raft.server.log.queue.element-limit = 1024 (custom)
2019-10-02 16:23:58,586 [pool-159-thread-1] INFO  server.RaftServerConfigKeys (ConfUtils.java:logGet(43)) - raft.server.log.segment.size.max = 1048576 (custom)
2019-10-02 16:23:58,586 [pool-159-thread-1] INFO  server.RaftServerConfigKeys (ConfUtils.java:logGet(43)) - raft.server.log.preallocated.size = 16384 (custom)
2019-10-02 16:23:58,586 [pool-159-thread-1] INFO  server.RaftServerConfigKeys (ConfUtils.java:logGet(43)) - raft.server.log.write.buffer.size = 33554432 (custom)
2019-10-02 16:23:58,586 [pool-159-thread-1] INFO  server.RaftServerConfigKeys (ConfUtils.java:logGet(43)) - raft.server.log.force.sync.num = 128 (default)
2019-10-02 16:23:58,587 [pool-159-thread-1] INFO  server.RaftServerConfigKeys (ConfUtils.java:logGet(43)) - raft.server.log.statemachine.data.sync = true (default)
2019-10-02 16:23:58,587 [pool-159-thread-1] INFO  server.RaftServerConfigKeys (ConfUtils.java:logGet(43)) - raft.server.log.statemachine.data.sync.timeout = 10s (default)
2019-10-02 16:23:58,587 [pool-159-thread-1] INFO  server.RaftServerConfigKeys (ConfUtils.java:logGet(43)) - raft.server.log.statemachine.data.sync.timeout.retry = -1 (default)
2019-10-02 16:23:58,587 [pool-159-thread-1] INFO  server.RaftServerConfigKeys (ConfUtils.java:logGet(43)) - raft.server.log.statemachine.data.caching.enabled = true (custom)
2019-10-02 16:23:58,587 [pool-159-thread-1] INFO  segmented.SegmentedRaftLogWorker (SegmentedRaftLogWorker.java:lambda$new$0(128)) - 2b422747-add7-4378-a867-aedecd2dd0d7@group-C1B72DF495B9-SegmentedRaftLogWorker: flushIndex: setUnconditionally 0 -> -1
2019-10-02 16:23:58,588 [pool-159-thread-1] INFO  server.RaftServerConfigKeys (ConfUtils.java:logGet(43)) - raft.server.snapshot.auto.trigger.enabled = true (custom)
2019-10-02 16:23:58,588 [pool-159-thread-1] INFO  server.RaftServerConfigKeys (ConfUtils.java:logGet(43)) - raft.server.snapshot.auto.trigger.threshold = 10000 (custom)
2019-10-02 16:23:58,588 [pool-159-thread-1] INFO  server.RaftServerConfigKeys (ConfUtils.java:logGet(43)) - raft.server.snapshot.retention.file.num = 5 (custom)
2019-10-02 16:23:58,588 [pool-159-thread-1] INFO  server.RaftServerConfigKeys (ConfUtils.java:logGet(43)) - raft.server.retrycache.expirytime = 600000ms (custom)
2019-10-02 16:23:58,590 [pool-159-thread-1] INFO  impl.RaftServerImpl (RaftServerImpl.java:start(181)) - 2b422747-add7-4378-a867-aedecd2dd0d7@group-C1B72DF495B9: start as a follower, conf=-1: [2b422747-add7-4378-a867-aedecd2dd0d7:192.168.164.216:34175], old=null
2019-10-02 16:23:58,590 [pool-159-thread-1] INFO  impl.RaftServerImpl (RaftServerImpl.java:setRole(170)) - 2b422747-add7-4378-a867-aedecd2dd0d7@group-C1B72DF495B9: changes role from      null to FOLLOWER at term 0 for startAsFollower
2019-10-02 16:23:58,591 [pool-159-thread-1] INFO  impl.RoleInfo (RoleInfo.java:updateAndGet(143)) - 2b422747-add7-4378-a867-aedecd2dd0d7: start FollowerState
2019-10-02 16:23:58,591 [pool-159-thread-1] INFO  util.JmxRegister (JmxRegister.java:tryRegister(44)) - Successfully registered JMX Bean with object name Ratis:service=RaftServer,group=group-C1B72DF495B9,id=2b422747-add7-4378-a867-aedecd2dd0d7
2019-10-02 16:23:58,598 [RatisPipelineUtilsThread] INFO  pipeline.PipelineStateManager (PipelineStateManager.java:addPipeline(56)) - Created pipeline Pipeline[ Id: 5c9b7300-92e3-4e03-9d88-c1b72df495b9, Nodes: 2b422747-add7-4378-a867-aedecd2dd0d7{ip: 192.168.164.216, host: pr-hdds-2199-dnstouuidmap-57hpg-3119262845, networkLocation: /default-rack, certSerialId: null}, Type:RATIS, Factor:ONE, State:OPEN]
2019-10-02 16:23:58,608 [grpc-default-executor-2] INFO  impl.RaftServerProxy (RaftServerProxy.java:addNew(89)) - 7b893dcc-9a8f-4484-aa5f-39ce0deafb7f: addNew group-28FA662945BC:[7b893dcc-9a8f-4484-aa5f-39ce0deafb7f:192.168.164.216:34594] returns group-28FA662945BC:java.util.concurrent.CompletableFuture@21588d8a[Not completed]
2019-10-02 16:23:58,612 [pool-179-thread-1] INFO  impl.RaftServerImpl (RaftServerImpl.java:<init>(95)) - 7b893dcc-9a8f-4484-aa5f-39ce0deafb7f: new RaftServerImpl for group-28FA662945BC:[7b893dcc-9a8f-4484-aa5f-39ce0deafb7f:192.168.164.216:34594] with ContainerStateMachine:uninitialized
2019-10-02 16:23:58,612 [pool-179-thread-1] INFO  server.RaftServerConfigKeys (ConfUtils.java:logGet(43)) - raft.server.rpc.timeout.min = 5s (custom)
2019-10-02 16:23:58,612 [pool-179-thread-1] INFO  server.RaftServerConfigKeys (ConfUtils.java:logGet(43)) - raft.server.rpc.timeout.max = 5200ms (custom)
2019-10-02 16:23:58,612 [pool-179-thread-1] INFO  server.RaftServerConfigKeys (ConfUtils.java:logGet(43)) - raft.server.rpcslowness.timeout = 120s (custom)
2019-10-02 16:23:58,613 [pool-179-thread-1] INFO  server.RaftServerConfigKeys (ConfUtils.java:logGet(43)) - raft.server.sleep.deviation.threshold = 300 (default)
2019-10-02 16:23:58,613 [pool-179-thread-1] INFO  server.RaftServerConfigKeys (ConfUtils.java:logGet(43)) - raft.server.log.appender.install.snapshot.enabled = false (custom)
2019-10-02 16:23:58,613 [pool-179-thread-1] INFO  impl.RaftServerImpl (ServerState.java:<init>(103)) - 7b893dcc-9a8f-4484-aa5f-39ce0deafb7f@group-28FA662945BC: ConfigurationManager, init=-1: [7b893dcc-9a8f-4484-aa5f-39ce0deafb7f:192.168.164.216:34594], old=null, confs=<EMPTY_MAP>
2019-10-02 16:23:58,613 [pool-179-thread-1] INFO  server.RaftServerConfigKeys (ConfUtils.java:logGet(43)) - raft.server.storage.dir = [/workdir/hadoop-ozone/integration-test/target/test-dir/MiniOzoneClusterImpl-6b197af6-1ec3-4c48-8b22-bd220886f217/datanode-6/data/ratis] (custom)
2019-10-02 16:23:58,613 [pool-179-thread-1] INFO  server.RaftServerConfigKeys (ConfUtils.java:logGet(43)) - raft.server.log.corruption.policy = EXCEPTION (default)
2019-10-02 16:23:58,613 [pool-179-thread-1] INFO  storage.RaftStorageDirectory (RaftStorageDirectory.java:analyzeStorage(246)) - The storage directory /workdir/hadoop-ozone/integration-test/target/test-dir/MiniOzoneClusterImpl-6b197af6-1ec3-4c48-8b22-bd220886f217/datanode-6/data/ratis/49588a06-2c48-4053-8c7f-28fa662945bc does not exist. Creating ...
2019-10-02 16:23:58,626 [pool-179-thread-1] INFO  storage.RaftStorageDirectory (RaftStorageDirectory.java:tryLock(328)) - Lock on /workdir/hadoop-ozone/integration-test/target/test-dir/MiniOzoneClusterImpl-6b197af6-1ec3-4c48-8b22-bd220886f217/datanode-6/data/ratis/49588a06-2c48-4053-8c7f-28fa662945bc/in_use.lock acquired by nodename 13332@pr-hdds-2199-dnstouuidmap-57hpg-3119262845
2019-10-02 16:23:58,639 [pool-179-thread-1] INFO  storage.RaftStorage (RaftStorage.java:format(84)) - Storage directory /workdir/hadoop-ozone/integration-test/target/test-dir/MiniOzoneClusterImpl-6b197af6-1ec3-4c48-8b22-bd220886f217/datanode-6/data/ratis/49588a06-2c48-4053-8c7f-28fa662945bc has been successfully formatted.
2019-10-02 16:23:58,639 [pool-179-thread-1] INFO  ratis.ContainerStateMachine (ContainerStateMachine.java:loadSnapshot(230)) - group-28FA662945BC: The snapshot info is null. Setting the last applied indexto:(t:0, i:~)
2019-10-02 16:23:58,639 [pool-179-thread-1] INFO  server.RaftServerConfigKeys (ConfUtils.java:logGet(43)) - raft.server.notification.no-leader.timeout = 120s (custom)
2019-10-02 16:23:58,639 [pool-179-thread-1] INFO  server.RaftServerConfigKeys (ConfUtils.java:logGet(43)) - raft.server.log.use.memory = false (default)
2019-10-02 16:23:58,639 [pool-179-thread-1] INFO  server.RaftServerConfigKeys (ConfUtils.java:logGet(43)) - raft.server.log.purge.gap = 1000000 (custom)
2019-10-02 16:23:58,639 [pool-179-thread-1] INFO  server.RaftServerConfigKeys (ConfUtils.java:logGet(43)) - raft.server.log.appender.buffer.byte-limit = 33554432 (custom)
2019-10-02 16:23:58,640 [pool-179-thread-1] INFO  server.RaftServerConfigKeys (ConfUtils.java:logGet(43)) - raft.server.log.segment.size.max = 1048576 (custom)
2019-10-02 16:23:58,641 [pool-179-thread-1] INFO  server.RaftServerConfigKeys (ConfUtils.java:logGet(43)) - raft.server.log.segment.cache.num.max = 2 (custom)
2019-10-02 16:23:58,641 [pool-179-thread-1] INFO  segmented.SegmentedRaftLogWorker (SegmentedRaftLogWorker.java:<init>(173)) - new 7b893dcc-9a8f-4484-aa5f-39ce0deafb7f@group-28FA662945BC-SegmentedRaftLogWorker for RaftStorage:Storage Directory /workdir/hadoop-ozone/integration-test/target/test-dir/MiniOzoneClusterImpl-6b197af6-1ec3-4c48-8b22-bd220886f217/datanode-6/data/ratis/49588a06-2c48-4053-8c7f-28fa662945bc
2019-10-02 16:23:58,641 [pool-179-thread-1] INFO  server.RaftServerConfigKeys (ConfUtils.java:logGet(43)) - raft.server.log.queue.byte-limit = 2147483647 (custom)
2019-10-02 16:23:58,641 [pool-179-thread-1] INFO  server.RaftServerConfigKeys (ConfUtils.java:logGet(43)) - raft.server.log.queue.element-limit = 1024 (custom)
2019-10-02 16:23:58,641 [pool-179-thread-1] INFO  server.RaftServerConfigKeys (ConfUtils.java:logGet(43)) - raft.server.log.segment.size.max = 1048576 (custom)
2019-10-02 16:23:58,641 [pool-179-thread-1] INFO  server.RaftServerConfigKeys (ConfUtils.java:logGet(43)) - raft.server.log.preallocated.size = 16384 (custom)
2019-10-02 16:23:58,641 [pool-179-thread-1] INFO  server.RaftServerConfigKeys (ConfUtils.java:logGet(43)) - raft.server.log.write.buffer.size = 33554432 (custom)
2019-10-02 16:23:58,642 [pool-179-thread-1] INFO  server.RaftServerConfigKeys (ConfUtils.java:logGet(43)) - raft.server.log.force.sync.num = 128 (default)
2019-10-02 16:23:58,642 [pool-179-thread-1] INFO  server.RaftServerConfigKeys (ConfUtils.java:logGet(43)) - raft.server.log.statemachine.data.sync = true (default)
2019-10-02 16:23:58,642 [pool-179-thread-1] INFO  server.RaftServerConfigKeys (ConfUtils.java:logGet(43)) - raft.server.log.statemachine.data.sync.timeout = 10s (default)
2019-10-02 16:23:58,642 [pool-179-thread-1] INFO  server.RaftServerConfigKeys (ConfUtils.java:logGet(43)) - raft.server.log.statemachine.data.sync.timeout.retry = -1 (default)
2019-10-02 16:23:58,642 [pool-179-thread-1] INFO  server.RaftServerConfigKeys (ConfUtils.java:logGet(43)) - raft.server.log.statemachine.data.caching.enabled = true (custom)
2019-10-02 16:23:58,642 [pool-179-thread-1] INFO  segmented.SegmentedRaftLogWorker (SegmentedRaftLogWorker.java:lambda$new$0(128)) - 7b893dcc-9a8f-4484-aa5f-39ce0deafb7f@group-28FA662945BC-SegmentedRaftLogWorker: flushIndex: setUnconditionally 0 -> -1
2019-10-02 16:23:58,643 [pool-179-thread-1] INFO  server.RaftServerConfigKeys (ConfUtils.java:logGet(43)) - raft.server.snapshot.auto.trigger.enabled = true (custom)
2019-10-02 16:23:58,643 [pool-179-thread-1] INFO  server.RaftServerConfigKeys (ConfUtils.java:logGet(43)) - raft.server.snapshot.auto.trigger.threshold = 10000 (custom)
2019-10-02 16:23:58,643 [pool-179-thread-1] INFO  server.RaftServerConfigKeys (ConfUtils.java:logGet(43)) - raft.server.snapshot.retention.file.num = 5 (custom)
2019-10-02 16:23:58,643 [pool-179-thread-1] INFO  server.RaftServerConfigKeys (ConfUtils.java:logGet(43)) - raft.server.retrycache.expirytime = 600000ms (custom)
2019-10-02 16:23:58,644 [pool-179-thread-1] INFO  impl.RaftServerImpl (RaftServerImpl.java:start(181)) - 7b893dcc-9a8f-4484-aa5f-39ce0deafb7f@group-28FA662945BC: start as a follower, conf=-1: [7b893dcc-9a8f-4484-aa5f-39ce0deafb7f:192.168.164.216:34594], old=null
2019-10-02 16:23:58,644 [pool-179-thread-1] INFO  impl.RaftServerImpl (RaftServerImpl.java:setRole(170)) - 7b893dcc-9a8f-4484-aa5f-39ce0deafb7f@group-28FA662945BC: changes role from      null to FOLLOWER at term 0 for startAsFollower
2019-10-02 16:23:58,644 [pool-179-thread-1] INFO  impl.RoleInfo (RoleInfo.java:updateAndGet(143)) - 7b893dcc-9a8f-4484-aa5f-39ce0deafb7f: start FollowerState
2019-10-02 16:23:58,644 [pool-179-thread-1] INFO  util.JmxRegister (JmxRegister.java:tryRegister(44)) - Successfully registered JMX Bean with object name Ratis:service=RaftServer,group=group-28FA662945BC,id=7b893dcc-9a8f-4484-aa5f-39ce0deafb7f
2019-10-02 16:23:58,651 [RatisPipelineUtilsThread] INFO  pipeline.PipelineStateManager (PipelineStateManager.java:addPipeline(56)) - Created pipeline Pipeline[ Id: 49588a06-2c48-4053-8c7f-28fa662945bc, Nodes: 7b893dcc-9a8f-4484-aa5f-39ce0deafb7f{ip: 192.168.164.216, host: pr-hdds-2199-dnstouuidmap-57hpg-3119262845, networkLocation: /default-rack, certSerialId: null}, Type:RATIS, Factor:ONE, State:OPEN]
2019-10-02 16:23:58,659 [grpc-default-executor-2] INFO  impl.RaftServerProxy (RaftServerProxy.java:addNew(89)) - a7280462-2d33-46bd-8f7d-fd2def1b64a1: addNew group-4A61AF7B0291:[a7280462-2d33-46bd-8f7d-fd2def1b64a1:192.168.164.216:45010] returns group-4A61AF7B0291:java.util.concurrent.CompletableFuture@69b52283[Not completed]
2019-10-02 16:23:58,663 [pool-169-thread-1] INFO  impl.RaftServerImpl (RaftServerImpl.java:<init>(95)) - a7280462-2d33-46bd-8f7d-fd2def1b64a1: new RaftServerImpl for group-4A61AF7B0291:[a7280462-2d33-46bd-8f7d-fd2def1b64a1:192.168.164.216:45010] with ContainerStateMachine:uninitialized
2019-10-02 16:23:58,664 [pool-169-thread-1] INFO  server.RaftServerConfigKeys (ConfUtils.java:logGet(43)) - raft.server.rpc.timeout.min = 5s (custom)
2019-10-02 16:23:58,664 [pool-169-thread-1] INFO  server.RaftServerConfigKeys (ConfUtils.java:logGet(43)) - raft.server.rpc.timeout.max = 5200ms (custom)
2019-10-02 16:23:58,664 [pool-169-thread-1] INFO  server.RaftServerConfigKeys (ConfUtils.java:logGet(43)) - raft.server.rpcslowness.timeout = 120s (custom)
2019-10-02 16:23:58,664 [pool-169-thread-1] INFO  server.RaftServerConfigKeys (ConfUtils.java:logGet(43)) - raft.server.sleep.deviation.threshold = 300 (default)
2019-10-02 16:23:58,664 [pool-169-thread-1] INFO  server.RaftServerConfigKeys (ConfUtils.java:logGet(43)) - raft.server.log.appender.install.snapshot.enabled = false (custom)
2019-10-02 16:23:58,664 [pool-169-thread-1] INFO  impl.RaftServerImpl (ServerState.java:<init>(103)) - a7280462-2d33-46bd-8f7d-fd2def1b64a1@group-4A61AF7B0291: ConfigurationManager, init=-1: [a7280462-2d33-46bd-8f7d-fd2def1b64a1:192.168.164.216:45010], old=null, confs=<EMPTY_MAP>
2019-10-02 16:23:58,664 [pool-169-thread-1] INFO  server.RaftServerConfigKeys (ConfUtils.java:logGet(43)) - raft.server.storage.dir = [/workdir/hadoop-ozone/integration-test/target/test-dir/MiniOzoneClusterImpl-6b197af6-1ec3-4c48-8b22-bd220886f217/datanode-5/data/ratis] (custom)
2019-10-02 16:23:58,665 [pool-169-thread-1] INFO  server.RaftServerConfigKeys (ConfUtils.java:logGet(43)) - raft.server.log.corruption.policy = EXCEPTION (default)
2019-10-02 16:23:58,665 [pool-169-thread-1] INFO  storage.RaftStorageDirectory (RaftStorageDirectory.java:analyzeStorage(246)) - The storage directory /workdir/hadoop-ozone/integration-test/target/test-dir/MiniOzoneClusterImpl-6b197af6-1ec3-4c48-8b22-bd220886f217/datanode-5/data/ratis/46fb4dec-bc3e-45f4-b18e-4a61af7b0291 does not exist. Creating ...
2019-10-02 16:23:58,678 [pool-169-thread-1] INFO  storage.RaftStorageDirectory (RaftStorageDirectory.java:tryLock(328)) - Lock on /workdir/hadoop-ozone/integration-test/target/test-dir/MiniOzoneClusterImpl-6b197af6-1ec3-4c48-8b22-bd220886f217/datanode-5/data/ratis/46fb4dec-bc3e-45f4-b18e-4a61af7b0291/in_use.lock acquired by nodename 13332@pr-hdds-2199-dnstouuidmap-57hpg-3119262845
2019-10-02 16:23:58,690 [pool-169-thread-1] INFO  storage.RaftStorage (RaftStorage.java:format(84)) - Storage directory /workdir/hadoop-ozone/integration-test/target/test-dir/MiniOzoneClusterImpl-6b197af6-1ec3-4c48-8b22-bd220886f217/datanode-5/data/ratis/46fb4dec-bc3e-45f4-b18e-4a61af7b0291 has been successfully formatted.
2019-10-02 16:23:58,691 [pool-169-thread-1] INFO  ratis.ContainerStateMachine (ContainerStateMachine.java:loadSnapshot(230)) - group-4A61AF7B0291: The snapshot info is null. Setting the last applied indexto:(t:0, i:~)
2019-10-02 16:23:58,691 [pool-169-thread-1] INFO  server.RaftServerConfigKeys (ConfUtils.java:logGet(43)) - raft.server.notification.no-leader.timeout = 120s (custom)
2019-10-02 16:23:58,691 [pool-169-thread-1] INFO  server.RaftServerConfigKeys (ConfUtils.java:logGet(43)) - raft.server.log.use.memory = false (default)
2019-10-02 16:23:58,691 [pool-169-thread-1] INFO  server.RaftServerConfigKeys (ConfUtils.java:logGet(43)) - raft.server.log.purge.gap = 1000000 (custom)
2019-10-02 16:23:58,691 [pool-169-thread-1] INFO  server.RaftServerConfigKeys (ConfUtils.java:logGet(43)) - raft.server.log.appender.buffer.byte-limit = 33554432 (custom)
2019-10-02 16:23:58,691 [pool-169-thread-1] INFO  server.RaftServerConfigKeys (ConfUtils.java:logGet(43)) - raft.server.log.segment.size.max = 1048576 (custom)
2019-10-02 16:23:58,693 [pool-169-thread-1] INFO  server.RaftServerConfigKeys (ConfUtils.java:logGet(43)) - raft.server.log.segment.cache.num.max = 2 (custom)
2019-10-02 16:23:58,693 [pool-169-thread-1] INFO  segmented.SegmentedRaftLogWorker (SegmentedRaftLogWorker.java:<init>(173)) - new a7280462-2d33-46bd-8f7d-fd2def1b64a1@group-4A61AF7B0291-SegmentedRaftLogWorker for RaftStorage:Storage Directory /workdir/hadoop-ozone/integration-test/target/test-dir/MiniOzoneClusterImpl-6b197af6-1ec3-4c48-8b22-bd220886f217/datanode-5/data/ratis/46fb4dec-bc3e-45f4-b18e-4a61af7b0291
2019-10-02 16:23:58,693 [pool-169-thread-1] INFO  server.RaftServerConfigKeys (ConfUtils.java:logGet(43)) - raft.server.log.queue.byte-limit = 2147483647 (custom)
2019-10-02 16:23:58,693 [pool-169-thread-1] INFO  server.RaftServerConfigKeys (ConfUtils.java:logGet(43)) - raft.server.log.queue.element-limit = 1024 (custom)
2019-10-02 16:23:58,693 [pool-169-thread-1] INFO  server.RaftServerConfigKeys (ConfUtils.java:logGet(43)) - raft.server.log.segment.size.max = 1048576 (custom)
2019-10-02 16:23:58,693 [pool-169-thread-1] INFO  server.RaftServerConfigKeys (ConfUtils.java:logGet(43)) - raft.server.log.preallocated.size = 16384 (custom)
2019-10-02 16:23:58,693 [pool-169-thread-1] INFO  server.RaftServerConfigKeys (ConfUtils.java:logGet(43)) - raft.server.log.write.buffer.size = 33554432 (custom)
2019-10-02 16:23:58,693 [pool-169-thread-1] INFO  server.RaftServerConfigKeys (ConfUtils.java:logGet(43)) - raft.server.log.force.sync.num = 128 (default)
2019-10-02 16:23:58,693 [pool-169-thread-1] INFO  server.RaftServerConfigKeys (ConfUtils.java:logGet(43)) - raft.server.log.statemachine.data.sync = true (default)
2019-10-02 16:23:58,693 [pool-169-thread-1] INFO  server.RaftServerConfigKeys (ConfUtils.java:logGet(43)) - raft.server.log.statemachine.data.sync.timeout = 10s (default)
2019-10-02 16:23:58,693 [pool-169-thread-1] INFO  server.RaftServerConfigKeys (ConfUtils.java:logGet(43)) - raft.server.log.statemachine.data.sync.timeout.retry = -1 (default)
2019-10-02 16:23:58,694 [pool-169-thread-1] INFO  server.RaftServerConfigKeys (ConfUtils.java:logGet(43)) - raft.server.log.statemachine.data.caching.enabled = true (custom)
2019-10-02 16:23:58,694 [pool-169-thread-1] INFO  segmented.SegmentedRaftLogWorker (SegmentedRaftLogWorker.java:lambda$new$0(128)) - a7280462-2d33-46bd-8f7d-fd2def1b64a1@group-4A61AF7B0291-SegmentedRaftLogWorker: flushIndex: setUnconditionally 0 -> -1
2019-10-02 16:23:58,694 [pool-169-thread-1] INFO  server.RaftServerConfigKeys (ConfUtils.java:logGet(43)) - raft.server.snapshot.auto.trigger.enabled = true (custom)
2019-10-02 16:23:58,694 [pool-169-thread-1] INFO  server.RaftServerConfigKeys (ConfUtils.java:logGet(43)) - raft.server.snapshot.auto.trigger.threshold = 10000 (custom)
2019-10-02 16:23:58,694 [pool-169-thread-1] INFO  server.RaftServerConfigKeys (ConfUtils.java:logGet(43)) - raft.server.snapshot.retention.file.num = 5 (custom)
2019-10-02 16:23:58,694 [pool-169-thread-1] INFO  server.RaftServerConfigKeys (ConfUtils.java:logGet(43)) - raft.server.retrycache.expirytime = 600000ms (custom)
2019-10-02 16:23:58,696 [pool-169-thread-1] INFO  impl.RaftServerImpl (RaftServerImpl.java:start(181)) - a7280462-2d33-46bd-8f7d-fd2def1b64a1@group-4A61AF7B0291: start as a follower, conf=-1: [a7280462-2d33-46bd-8f7d-fd2def1b64a1:192.168.164.216:45010], old=null
2019-10-02 16:23:58,696 [pool-169-thread-1] INFO  impl.RaftServerImpl (RaftServerImpl.java:setRole(170)) - a7280462-2d33-46bd-8f7d-fd2def1b64a1@group-4A61AF7B0291: changes role from      null to FOLLOWER at term 0 for startAsFollower
2019-10-02 16:23:58,696 [pool-169-thread-1] INFO  impl.RoleInfo (RoleInfo.java:updateAndGet(143)) - a7280462-2d33-46bd-8f7d-fd2def1b64a1: start FollowerState
2019-10-02 16:23:58,710 [pool-169-thread-1] INFO  util.JmxRegister (JmxRegister.java:tryRegister(44)) - Successfully registered JMX Bean with object name Ratis:service=RaftServer,group=group-4A61AF7B0291,id=a7280462-2d33-46bd-8f7d-fd2def1b64a1
2019-10-02 16:23:58,722 [RatisPipelineUtilsThread] INFO  pipeline.PipelineStateManager (PipelineStateManager.java:addPipeline(56)) - Created pipeline Pipeline[ Id: 46fb4dec-bc3e-45f4-b18e-4a61af7b0291, Nodes: a7280462-2d33-46bd-8f7d-fd2def1b64a1{ip: 192.168.164.216, host: pr-hdds-2199-dnstouuidmap-57hpg-3119262845, networkLocation: /default-rack, certSerialId: null}, Type:RATIS, Factor:ONE, State:OPEN]
2019-10-02 16:23:58,737 [grpc-default-executor-3] INFO  impl.RaftServerProxy (RaftServerProxy.java:addNew(89)) - a5e85cbd-8f76-42d4-bb24-844dda1c2427: addNew group-3AFB9787652A:[178446a7-fd96-4772-ad33-38d05ec0a9f5:192.168.164.216:34466, a5e85cbd-8f76-42d4-bb24-844dda1c2427:192.168.164.216:35175, 167d44ae-632b-4dba-9778-38867dfddbf7:192.168.164.216:45178] returns group-3AFB9787652A:java.util.concurrent.CompletableFuture@c40c441[Not completed]
2019-10-02 16:23:58,737 [grpc-default-executor-2] INFO  impl.RaftServerProxy (RaftServerProxy.java:addNew(89)) - 178446a7-fd96-4772-ad33-38d05ec0a9f5: addNew group-3AFB9787652A:[178446a7-fd96-4772-ad33-38d05ec0a9f5:192.168.164.216:34466, a5e85cbd-8f76-42d4-bb24-844dda1c2427:192.168.164.216:35175, 167d44ae-632b-4dba-9778-38867dfddbf7:192.168.164.216:45178] returns group-3AFB9787652A:java.util.concurrent.CompletableFuture@4b328bee[Not completed]
2019-10-02 16:23:58,737 [grpc-default-executor-0] INFO  impl.RaftServerProxy (RaftServerProxy.java:addNew(89)) - 167d44ae-632b-4dba-9778-38867dfddbf7: addNew group-3AFB9787652A:[178446a7-fd96-4772-ad33-38d05ec0a9f5:192.168.164.216:34466, a5e85cbd-8f76-42d4-bb24-844dda1c2427:192.168.164.216:35175, 167d44ae-632b-4dba-9778-38867dfddbf7:192.168.164.216:45178] returns group-3AFB9787652A:java.util.concurrent.CompletableFuture@662d86ba[Not completed]
2019-10-02 16:23:58,738 [pool-149-thread-1] INFO  impl.RaftServerImpl (RaftServerImpl.java:<init>(95)) - a5e85cbd-8f76-42d4-bb24-844dda1c2427: new RaftServerImpl for group-3AFB9787652A:[178446a7-fd96-4772-ad33-38d05ec0a9f5:192.168.164.216:34466, a5e85cbd-8f76-42d4-bb24-844dda1c2427:192.168.164.216:35175, 167d44ae-632b-4dba-9778-38867dfddbf7:192.168.164.216:45178] with ContainerStateMachine:uninitialized
2019-10-02 16:23:58,738 [pool-149-thread-1] INFO  server.RaftServerConfigKeys (ConfUtils.java:logGet(43)) - raft.server.rpc.timeout.min = 5s (custom)
2019-10-02 16:23:58,738 [pool-149-thread-1] INFO  server.RaftServerConfigKeys (ConfUtils.java:logGet(43)) - raft.server.rpc.timeout.max = 5200ms (custom)
2019-10-02 16:23:58,738 [pool-149-thread-1] INFO  server.RaftServerConfigKeys (ConfUtils.java:logGet(43)) - raft.server.rpcslowness.timeout = 120s (custom)
2019-10-02 16:23:58,738 [pool-149-thread-1] INFO  server.RaftServerConfigKeys (ConfUtils.java:logGet(43)) - raft.server.sleep.deviation.threshold = 300 (default)
2019-10-02 16:23:58,738 [pool-149-thread-1] INFO  server.RaftServerConfigKeys (ConfUtils.java:logGet(43)) - raft.server.log.appender.install.snapshot.enabled = false (custom)
2019-10-02 16:23:58,739 [pool-149-thread-1] INFO  impl.RaftServerImpl (ServerState.java:<init>(103)) - a5e85cbd-8f76-42d4-bb24-844dda1c2427@group-3AFB9787652A: ConfigurationManager, init=-1: [178446a7-fd96-4772-ad33-38d05ec0a9f5:192.168.164.216:34466, a5e85cbd-8f76-42d4-bb24-844dda1c2427:192.168.164.216:35175, 167d44ae-632b-4dba-9778-38867dfddbf7:192.168.164.216:45178], old=null, confs=<EMPTY_MAP>
2019-10-02 16:23:58,739 [pool-139-thread-1] INFO  impl.RaftServerImpl (RaftServerImpl.java:<init>(95)) - 178446a7-fd96-4772-ad33-38d05ec0a9f5: new RaftServerImpl for group-3AFB9787652A:[178446a7-fd96-4772-ad33-38d05ec0a9f5:192.168.164.216:34466, a5e85cbd-8f76-42d4-bb24-844dda1c2427:192.168.164.216:35175, 167d44ae-632b-4dba-9778-38867dfddbf7:192.168.164.216:45178] with ContainerStateMachine:uninitialized
2019-10-02 16:23:58,739 [pool-149-thread-1] INFO  server.RaftServerConfigKeys (ConfUtils.java:logGet(43)) - raft.server.storage.dir = [/workdir/hadoop-ozone/integration-test/target/test-dir/MiniOzoneClusterImpl-6b197af6-1ec3-4c48-8b22-bd220886f217/datanode-3/data/ratis] (custom)
2019-10-02 16:23:58,739 [pool-139-thread-1] INFO  server.RaftServerConfigKeys (ConfUtils.java:logGet(43)) - raft.server.rpc.timeout.min = 5s (custom)
2019-10-02 16:23:58,739 [pool-139-thread-1] INFO  server.RaftServerConfigKeys (ConfUtils.java:logGet(43)) - raft.server.rpc.timeout.max = 5200ms (custom)
2019-10-02 16:23:58,739 [pool-149-thread-1] INFO  server.RaftServerConfigKeys (ConfUtils.java:logGet(43)) - raft.server.log.corruption.policy = EXCEPTION (default)
2019-10-02 16:23:58,739 [pool-139-thread-1] INFO  server.RaftServerConfigKeys (ConfUtils.java:logGet(43)) - raft.server.rpcslowness.timeout = 120s (custom)
2019-10-02 16:23:58,740 [pool-139-thread-1] INFO  server.RaftServerConfigKeys (ConfUtils.java:logGet(43)) - raft.server.sleep.deviation.threshold = 300 (default)
2019-10-02 16:23:58,740 [pool-149-thread-1] INFO  storage.RaftStorageDirectory (RaftStorageDirectory.java:analyzeStorage(246)) - The storage directory /workdir/hadoop-ozone/integration-test/target/test-dir/MiniOzoneClusterImpl-6b197af6-1ec3-4c48-8b22-bd220886f217/datanode-3/data/ratis/a1544ef7-44fc-4707-bb3f-3afb9787652a does not exist. Creating ...
2019-10-02 16:23:58,739 [pool-119-thread-1] INFO  impl.RaftServerImpl (RaftServerImpl.java:<init>(95)) - 167d44ae-632b-4dba-9778-38867dfddbf7: new RaftServerImpl for group-3AFB9787652A:[178446a7-fd96-4772-ad33-38d05ec0a9f5:192.168.164.216:34466, a5e85cbd-8f76-42d4-bb24-844dda1c2427:192.168.164.216:35175, 167d44ae-632b-4dba-9778-38867dfddbf7:192.168.164.216:45178] with ContainerStateMachine:uninitialized
2019-10-02 16:23:58,740 [pool-139-thread-1] INFO  server.RaftServerConfigKeys (ConfUtils.java:logGet(43)) - raft.server.log.appender.install.snapshot.enabled = false (custom)
2019-10-02 16:23:58,740 [pool-119-thread-1] INFO  server.RaftServerConfigKeys (ConfUtils.java:logGet(43)) - raft.server.rpc.timeout.min = 5s (custom)
2019-10-02 16:23:58,740 [pool-139-thread-1] INFO  impl.RaftServerImpl (ServerState.java:<init>(103)) - 178446a7-fd96-4772-ad33-38d05ec0a9f5@group-3AFB9787652A: ConfigurationManager, init=-1: [178446a7-fd96-4772-ad33-38d05ec0a9f5:192.168.164.216:34466, a5e85cbd-8f76-42d4-bb24-844dda1c2427:192.168.164.216:35175, 167d44ae-632b-4dba-9778-38867dfddbf7:192.168.164.216:45178], old=null, confs=<EMPTY_MAP>
2019-10-02 16:23:58,740 [pool-119-thread-1] INFO  server.RaftServerConfigKeys (ConfUtils.java:logGet(43)) - raft.server.rpc.timeout.max = 5200ms (custom)
2019-10-02 16:23:58,740 [pool-139-thread-1] INFO  server.RaftServerConfigKeys (ConfUtils.java:logGet(43)) - raft.server.storage.dir = [/workdir/hadoop-ozone/integration-test/target/test-dir/MiniOzoneClusterImpl-6b197af6-1ec3-4c48-8b22-bd220886f217/datanode-2/data/ratis] (custom)
2019-10-02 16:23:58,740 [pool-119-thread-1] INFO  server.RaftServerConfigKeys (ConfUtils.java:logGet(43)) - raft.server.rpcslowness.timeout = 120s (custom)
2019-10-02 16:23:58,741 [pool-119-thread-1] INFO  server.RaftServerConfigKeys (ConfUtils.java:logGet(43)) - raft.server.sleep.deviation.threshold = 300 (default)
2019-10-02 16:23:58,741 [pool-139-thread-1] INFO  server.RaftServerConfigKeys (ConfUtils.java:logGet(43)) - raft.server.log.corruption.policy = EXCEPTION (default)
2019-10-02 16:23:58,741 [pool-119-thread-1] INFO  server.RaftServerConfigKeys (ConfUtils.java:logGet(43)) - raft.server.log.appender.install.snapshot.enabled = false (custom)
2019-10-02 16:23:58,741 [pool-139-thread-1] INFO  storage.RaftStorageDirectory (RaftStorageDirectory.java:analyzeStorage(246)) - The storage directory /workdir/hadoop-ozone/integration-test/target/test-dir/MiniOzoneClusterImpl-6b197af6-1ec3-4c48-8b22-bd220886f217/datanode-2/data/ratis/a1544ef7-44fc-4707-bb3f-3afb9787652a does not exist. Creating ...
2019-10-02 16:23:58,741 [pool-119-thread-1] INFO  impl.RaftServerImpl (ServerState.java:<init>(103)) - 167d44ae-632b-4dba-9778-38867dfddbf7@group-3AFB9787652A: ConfigurationManager, init=-1: [178446a7-fd96-4772-ad33-38d05ec0a9f5:192.168.164.216:34466, a5e85cbd-8f76-42d4-bb24-844dda1c2427:192.168.164.216:35175, 167d44ae-632b-4dba-9778-38867dfddbf7:192.168.164.216:45178], old=null, confs=<EMPTY_MAP>
2019-10-02 16:23:58,741 [pool-119-thread-1] INFO  server.RaftServerConfigKeys (ConfUtils.java:logGet(43)) - raft.server.storage.dir = [/workdir/hadoop-ozone/integration-test/target/test-dir/MiniOzoneClusterImpl-6b197af6-1ec3-4c48-8b22-bd220886f217/datanode-0/data/ratis] (custom)
2019-10-02 16:23:58,741 [pool-119-thread-1] INFO  server.RaftServerConfigKeys (ConfUtils.java:logGet(43)) - raft.server.log.corruption.policy = EXCEPTION (default)
2019-10-02 16:23:58,741 [pool-119-thread-1] INFO  storage.RaftStorageDirectory (RaftStorageDirectory.java:analyzeStorage(246)) - The storage directory /workdir/hadoop-ozone/integration-test/target/test-dir/MiniOzoneClusterImpl-6b197af6-1ec3-4c48-8b22-bd220886f217/datanode-0/data/ratis/a1544ef7-44fc-4707-bb3f-3afb9787652a does not exist. Creating ...
2019-10-02 16:23:58,757 [pool-119-thread-1] INFO  storage.RaftStorageDirectory (RaftStorageDirectory.java:tryLock(328)) - Lock on /workdir/hadoop-ozone/integration-test/target/test-dir/MiniOzoneClusterImpl-6b197af6-1ec3-4c48-8b22-bd220886f217/datanode-0/data/ratis/a1544ef7-44fc-4707-bb3f-3afb9787652a/in_use.lock acquired by nodename 13332@pr-hdds-2199-dnstouuidmap-57hpg-3119262845
2019-10-02 16:23:58,757 [pool-149-thread-1] INFO  storage.RaftStorageDirectory (RaftStorageDirectory.java:tryLock(328)) - Lock on /workdir/hadoop-ozone/integration-test/target/test-dir/MiniOzoneClusterImpl-6b197af6-1ec3-4c48-8b22-bd220886f217/datanode-3/data/ratis/a1544ef7-44fc-4707-bb3f-3afb9787652a/in_use.lock acquired by nodename 13332@pr-hdds-2199-dnstouuidmap-57hpg-3119262845
2019-10-02 16:23:58,757 [pool-139-thread-1] INFO  storage.RaftStorageDirectory (RaftStorageDirectory.java:tryLock(328)) - Lock on /workdir/hadoop-ozone/integration-test/target/test-dir/MiniOzoneClusterImpl-6b197af6-1ec3-4c48-8b22-bd220886f217/datanode-2/data/ratis/a1544ef7-44fc-4707-bb3f-3afb9787652a/in_use.lock acquired by nodename 13332@pr-hdds-2199-dnstouuidmap-57hpg-3119262845
2019-10-02 16:23:58,771 [pool-119-thread-1] INFO  storage.RaftStorage (RaftStorage.java:format(84)) - Storage directory /workdir/hadoop-ozone/integration-test/target/test-dir/MiniOzoneClusterImpl-6b197af6-1ec3-4c48-8b22-bd220886f217/datanode-0/data/ratis/a1544ef7-44fc-4707-bb3f-3afb9787652a has been successfully formatted.
2019-10-02 16:23:58,771 [pool-149-thread-1] INFO  storage.RaftStorage (RaftStorage.java:format(84)) - Storage directory /workdir/hadoop-ozone/integration-test/target/test-dir/MiniOzoneClusterImpl-6b197af6-1ec3-4c48-8b22-bd220886f217/datanode-3/data/ratis/a1544ef7-44fc-4707-bb3f-3afb9787652a has been successfully formatted.
2019-10-02 16:23:58,771 [pool-139-thread-1] INFO  storage.RaftStorage (RaftStorage.java:format(84)) - Storage directory /workdir/hadoop-ozone/integration-test/target/test-dir/MiniOzoneClusterImpl-6b197af6-1ec3-4c48-8b22-bd220886f217/datanode-2/data/ratis/a1544ef7-44fc-4707-bb3f-3afb9787652a has been successfully formatted.
2019-10-02 16:23:58,771 [pool-149-thread-1] INFO  ratis.ContainerStateMachine (ContainerStateMachine.java:loadSnapshot(230)) - group-3AFB9787652A: The snapshot info is null. Setting the last applied indexto:(t:0, i:~)
2019-10-02 16:23:58,772 [pool-139-thread-1] INFO  ratis.ContainerStateMachine (ContainerStateMachine.java:loadSnapshot(230)) - group-3AFB9787652A: The snapshot info is null. Setting the last applied indexto:(t:0, i:~)
2019-10-02 16:23:58,771 [pool-119-thread-1] INFO  ratis.ContainerStateMachine (ContainerStateMachine.java:loadSnapshot(230)) - group-3AFB9787652A: The snapshot info is null. Setting the last applied indexto:(t:0, i:~)
2019-10-02 16:23:58,772 [pool-139-thread-1] INFO  server.RaftServerConfigKeys (ConfUtils.java:logGet(43)) - raft.server.notification.no-leader.timeout = 120s (custom)
2019-10-02 16:23:58,772 [pool-149-thread-1] INFO  server.RaftServerConfigKeys (ConfUtils.java:logGet(43)) - raft.server.notification.no-leader.timeout = 120s (custom)
2019-10-02 16:23:58,772 [pool-139-thread-1] INFO  server.RaftServerConfigKeys (ConfUtils.java:logGet(43)) - raft.server.log.use.memory = false (default)
2019-10-02 16:23:58,772 [pool-119-thread-1] INFO  server.RaftServerConfigKeys (ConfUtils.java:logGet(43)) - raft.server.notification.no-leader.timeout = 120s (custom)
2019-10-02 16:23:58,772 [pool-139-thread-1] INFO  server.RaftServerConfigKeys (ConfUtils.java:logGet(43)) - raft.server.log.purge.gap = 1000000 (custom)
2019-10-02 16:23:58,772 [pool-149-thread-1] INFO  server.RaftServerConfigKeys (ConfUtils.java:logGet(43)) - raft.server.log.use.memory = false (default)
2019-10-02 16:23:58,772 [pool-139-thread-1] INFO  server.RaftServerConfigKeys (ConfUtils.java:logGet(43)) - raft.server.log.appender.buffer.byte-limit = 33554432 (custom)
2019-10-02 16:23:58,772 [pool-119-thread-1] INFO  server.RaftServerConfigKeys (ConfUtils.java:logGet(43)) - raft.server.log.use.memory = false (default)
2019-10-02 16:23:58,773 [pool-139-thread-1] INFO  server.RaftServerConfigKeys (ConfUtils.java:logGet(43)) - raft.server.log.segment.size.max = 1048576 (custom)
2019-10-02 16:23:58,772 [pool-149-thread-1] INFO  server.RaftServerConfigKeys (ConfUtils.java:logGet(43)) - raft.server.log.purge.gap = 1000000 (custom)
2019-10-02 16:23:58,773 [pool-139-thread-1] INFO  server.RaftServerConfigKeys (ConfUtils.java:logGet(43)) - raft.server.log.segment.cache.num.max = 2 (custom)
2019-10-02 16:23:58,773 [pool-119-thread-1] INFO  server.RaftServerConfigKeys (ConfUtils.java:logGet(43)) - raft.server.log.purge.gap = 1000000 (custom)
2019-10-02 16:23:58,773 [pool-139-thread-1] INFO  segmented.SegmentedRaftLogWorker (SegmentedRaftLogWorker.java:<init>(173)) - new 178446a7-fd96-4772-ad33-38d05ec0a9f5@group-3AFB9787652A-SegmentedRaftLogWorker for RaftStorage:Storage Directory /workdir/hadoop-ozone/integration-test/target/test-dir/MiniOzoneClusterImpl-6b197af6-1ec3-4c48-8b22-bd220886f217/datanode-2/data/ratis/a1544ef7-44fc-4707-bb3f-3afb9787652a
2019-10-02 16:23:58,773 [pool-149-thread-1] INFO  server.RaftServerConfigKeys (ConfUtils.java:logGet(43)) - raft.server.log.appender.buffer.byte-limit = 33554432 (custom)
2019-10-02 16:23:58,773 [pool-139-thread-1] INFO  server.RaftServerConfigKeys (ConfUtils.java:logGet(43)) - raft.server.log.queue.byte-limit = 2147483647 (custom)
2019-10-02 16:23:58,773 [pool-119-thread-1] INFO  server.RaftServerConfigKeys (ConfUtils.java:logGet(43)) - raft.server.log.appender.buffer.byte-limit = 33554432 (custom)
2019-10-02 16:23:58,773 [pool-139-thread-1] INFO  server.RaftServerConfigKeys (ConfUtils.java:logGet(43)) - raft.server.log.queue.element-limit = 1024 (custom)
2019-10-02 16:23:58,773 [pool-149-thread-1] INFO  server.RaftServerConfigKeys (ConfUtils.java:logGet(43)) - raft.server.log.segment.size.max = 1048576 (custom)
2019-10-02 16:23:58,774 [pool-139-thread-1] INFO  server.RaftServerConfigKeys (ConfUtils.java:logGet(43)) - raft.server.log.segment.size.max = 1048576 (custom)
2019-10-02 16:23:58,773 [pool-119-thread-1] INFO  server.RaftServerConfigKeys (ConfUtils.java:logGet(43)) - raft.server.log.segment.size.max = 1048576 (custom)
2019-10-02 16:23:58,774 [pool-139-thread-1] INFO  server.RaftServerConfigKeys (ConfUtils.java:logGet(43)) - raft.server.log.preallocated.size = 16384 (custom)
2019-10-02 16:23:58,774 [pool-149-thread-1] INFO  server.RaftServerConfigKeys (ConfUtils.java:logGet(43)) - raft.server.log.segment.cache.num.max = 2 (custom)
2019-10-02 16:23:58,774 [pool-139-thread-1] INFO  server.RaftServerConfigKeys (ConfUtils.java:logGet(43)) - raft.server.log.write.buffer.size = 33554432 (custom)
2019-10-02 16:23:58,774 [pool-119-thread-1] INFO  server.RaftServerConfigKeys (ConfUtils.java:logGet(43)) - raft.server.log.segment.cache.num.max = 2 (custom)
2019-10-02 16:23:58,774 [pool-139-thread-1] INFO  server.RaftServerConfigKeys (ConfUtils.java:logGet(43)) - raft.server.log.force.sync.num = 128 (default)
2019-10-02 16:23:58,774 [pool-149-thread-1] INFO  segmented.SegmentedRaftLogWorker (SegmentedRaftLogWorker.java:<init>(173)) - new a5e85cbd-8f76-42d4-bb24-844dda1c2427@group-3AFB9787652A-SegmentedRaftLogWorker for RaftStorage:Storage Directory /workdir/hadoop-ozone/integration-test/target/test-dir/MiniOzoneClusterImpl-6b197af6-1ec3-4c48-8b22-bd220886f217/datanode-3/data/ratis/a1544ef7-44fc-4707-bb3f-3afb9787652a
2019-10-02 16:23:58,775 [pool-139-thread-1] INFO  server.RaftServerConfigKeys (ConfUtils.java:logGet(43)) - raft.server.log.statemachine.data.sync = true (default)
2019-10-02 16:23:58,775 [pool-139-thread-1] INFO  server.RaftServerConfigKeys (ConfUtils.java:logGet(43)) - raft.server.log.statemachine.data.sync.timeout = 10s (default)
2019-10-02 16:23:58,775 [pool-139-thread-1] INFO  server.RaftServerConfigKeys (ConfUtils.java:logGet(43)) - raft.server.log.statemachine.data.sync.timeout.retry = -1 (default)
2019-10-02 16:23:58,775 [pool-139-thread-1] INFO  server.RaftServerConfigKeys (ConfUtils.java:logGet(43)) - raft.server.log.statemachine.data.caching.enabled = true (custom)
2019-10-02 16:23:58,774 [pool-119-thread-1] INFO  segmented.SegmentedRaftLogWorker (SegmentedRaftLogWorker.java:<init>(173)) - new 167d44ae-632b-4dba-9778-38867dfddbf7@group-3AFB9787652A-SegmentedRaftLogWorker for RaftStorage:Storage Directory /workdir/hadoop-ozone/integration-test/target/test-dir/MiniOzoneClusterImpl-6b197af6-1ec3-4c48-8b22-bd220886f217/datanode-0/data/ratis/a1544ef7-44fc-4707-bb3f-3afb9787652a
2019-10-02 16:23:58,775 [pool-149-thread-1] INFO  server.RaftServerConfigKeys (ConfUtils.java:logGet(43)) - raft.server.log.queue.byte-limit = 2147483647 (custom)
2019-10-02 16:23:58,776 [pool-119-thread-1] INFO  server.RaftServerConfigKeys (ConfUtils.java:logGet(43)) - raft.server.log.queue.byte-limit = 2147483647 (custom)
2019-10-02 16:23:58,775 [pool-139-thread-1] INFO  segmented.SegmentedRaftLogWorker (SegmentedRaftLogWorker.java:lambda$new$0(128)) - 178446a7-fd96-4772-ad33-38d05ec0a9f5@group-3AFB9787652A-SegmentedRaftLogWorker: flushIndex: setUnconditionally 0 -> -1
2019-10-02 16:23:58,776 [pool-119-thread-1] INFO  server.RaftServerConfigKeys (ConfUtils.java:logGet(43)) - raft.server.log.queue.element-limit = 1024 (custom)
2019-10-02 16:23:58,776 [pool-149-thread-1] INFO  server.RaftServerConfigKeys (ConfUtils.java:logGet(43)) - raft.server.log.queue.element-limit = 1024 (custom)
2019-10-02 16:23:58,776 [pool-139-thread-1] INFO  server.RaftServerConfigKeys (ConfUtils.java:logGet(43)) - raft.server.snapshot.auto.trigger.enabled = true (custom)
2019-10-02 16:23:58,776 [pool-119-thread-1] INFO  server.RaftServerConfigKeys (ConfUtils.java:logGet(43)) - raft.server.log.segment.size.max = 1048576 (custom)
2019-10-02 16:23:58,776 [pool-139-thread-1] INFO  server.RaftServerConfigKeys (ConfUtils.java:logGet(43)) - raft.server.snapshot.auto.trigger.threshold = 10000 (custom)
2019-10-02 16:23:58,776 [pool-149-thread-1] INFO  server.RaftServerConfigKeys (ConfUtils.java:logGet(43)) - raft.server.log.segment.size.max = 1048576 (custom)
2019-10-02 16:23:58,777 [pool-139-thread-1] INFO  server.RaftServerConfigKeys (ConfUtils.java:logGet(43)) - raft.server.snapshot.retention.file.num = 5 (custom)
2019-10-02 16:23:58,776 [pool-119-thread-1] INFO  server.RaftServerConfigKeys (ConfUtils.java:logGet(43)) - raft.server.log.preallocated.size = 16384 (custom)
2019-10-02 16:23:58,777 [pool-139-thread-1] INFO  server.RaftServerConfigKeys (ConfUtils.java:logGet(43)) - raft.server.retrycache.expirytime = 600000ms (custom)
2019-10-02 16:23:58,777 [pool-149-thread-1] INFO  server.RaftServerConfigKeys (ConfUtils.java:logGet(43)) - raft.server.log.preallocated.size = 16384 (custom)
2019-10-02 16:23:58,777 [pool-119-thread-1] INFO  server.RaftServerConfigKeys (ConfUtils.java:logGet(43)) - raft.server.log.write.buffer.size = 33554432 (custom)
2019-10-02 16:23:58,777 [pool-149-thread-1] INFO  server.RaftServerConfigKeys (ConfUtils.java:logGet(43)) - raft.server.log.write.buffer.size = 33554432 (custom)
2019-10-02 16:23:58,777 [pool-119-thread-1] INFO  server.RaftServerConfigKeys (ConfUtils.java:logGet(43)) - raft.server.log.force.sync.num = 128 (default)
2019-10-02 16:23:58,777 [pool-149-thread-1] INFO  server.RaftServerConfigKeys (ConfUtils.java:logGet(43)) - raft.server.log.force.sync.num = 128 (default)
2019-10-02 16:23:58,778 [pool-119-thread-1] INFO  server.RaftServerConfigKeys (ConfUtils.java:logGet(43)) - raft.server.log.statemachine.data.sync = true (default)
2019-10-02 16:23:58,778 [pool-149-thread-1] INFO  server.RaftServerConfigKeys (ConfUtils.java:logGet(43)) - raft.server.log.statemachine.data.sync = true (default)
2019-10-02 16:23:58,778 [pool-119-thread-1] INFO  server.RaftServerConfigKeys (ConfUtils.java:logGet(43)) - raft.server.log.statemachine.data.sync.timeout = 10s (default)
2019-10-02 16:23:58,778 [pool-149-thread-1] INFO  server.RaftServerConfigKeys (ConfUtils.java:logGet(43)) - raft.server.log.statemachine.data.sync.timeout = 10s (default)
2019-10-02 16:23:58,778 [pool-119-thread-1] INFO  server.RaftServerConfigKeys (ConfUtils.java:logGet(43)) - raft.server.log.statemachine.data.sync.timeout.retry = -1 (default)
2019-10-02 16:23:58,778 [pool-149-thread-1] INFO  server.RaftServerConfigKeys (ConfUtils.java:logGet(43)) - raft.server.log.statemachine.data.sync.timeout.retry = -1 (default)
2019-10-02 16:23:58,778 [pool-119-thread-1] INFO  server.RaftServerConfigKeys (ConfUtils.java:logGet(43)) - raft.server.log.statemachine.data.caching.enabled = true (custom)
2019-10-02 16:23:58,778 [pool-149-thread-1] INFO  server.RaftServerConfigKeys (ConfUtils.java:logGet(43)) - raft.server.log.statemachine.data.caching.enabled = true (custom)
2019-10-02 16:23:58,779 [pool-119-thread-1] INFO  segmented.SegmentedRaftLogWorker (SegmentedRaftLogWorker.java:lambda$new$0(128)) - 167d44ae-632b-4dba-9778-38867dfddbf7@group-3AFB9787652A-SegmentedRaftLogWorker: flushIndex: setUnconditionally 0 -> -1
2019-10-02 16:23:58,779 [pool-149-thread-1] INFO  segmented.SegmentedRaftLogWorker (SegmentedRaftLogWorker.java:lambda$new$0(128)) - a5e85cbd-8f76-42d4-bb24-844dda1c2427@group-3AFB9787652A-SegmentedRaftLogWorker: flushIndex: setUnconditionally 0 -> -1
2019-10-02 16:23:58,779 [pool-119-thread-1] INFO  server.RaftServerConfigKeys (ConfUtils.java:logGet(43)) - raft.server.snapshot.auto.trigger.enabled = true (custom)
2019-10-02 16:23:58,779 [pool-119-thread-1] INFO  server.RaftServerConfigKeys (ConfUtils.java:logGet(43)) - raft.server.snapshot.auto.trigger.threshold = 10000 (custom)
2019-10-02 16:23:58,779 [pool-149-thread-1] INFO  server.RaftServerConfigKeys (ConfUtils.java:logGet(43)) - raft.server.snapshot.auto.trigger.enabled = true (custom)
2019-10-02 16:23:58,779 [pool-119-thread-1] INFO  server.RaftServerConfigKeys (ConfUtils.java:logGet(43)) - raft.server.snapshot.retention.file.num = 5 (custom)
2019-10-02 16:23:58,779 [pool-149-thread-1] INFO  server.RaftServerConfigKeys (ConfUtils.java:logGet(43)) - raft.server.snapshot.auto.trigger.threshold = 10000 (custom)
2019-10-02 16:23:58,779 [pool-119-thread-1] INFO  server.RaftServerConfigKeys (ConfUtils.java:logGet(43)) - raft.server.retrycache.expirytime = 600000ms (custom)
2019-10-02 16:23:58,779 [pool-149-thread-1] INFO  server.RaftServerConfigKeys (ConfUtils.java:logGet(43)) - raft.server.snapshot.retention.file.num = 5 (custom)
2019-10-02 16:23:58,780 [pool-149-thread-1] INFO  server.RaftServerConfigKeys (ConfUtils.java:logGet(43)) - raft.server.retrycache.expirytime = 600000ms (custom)
2019-10-02 16:23:58,780 [pool-139-thread-1] INFO  impl.RaftServerImpl (RaftServerImpl.java:start(181)) - 178446a7-fd96-4772-ad33-38d05ec0a9f5@group-3AFB9787652A: start as a follower, conf=-1: [178446a7-fd96-4772-ad33-38d05ec0a9f5:192.168.164.216:34466, a5e85cbd-8f76-42d4-bb24-844dda1c2427:192.168.164.216:35175, 167d44ae-632b-4dba-9778-38867dfddbf7:192.168.164.216:45178], old=null
2019-10-02 16:23:58,780 [pool-139-thread-1] INFO  impl.RaftServerImpl (RaftServerImpl.java:setRole(170)) - 178446a7-fd96-4772-ad33-38d05ec0a9f5@group-3AFB9787652A: changes role from      null to FOLLOWER at term 0 for startAsFollower
2019-10-02 16:23:58,780 [pool-139-thread-1] INFO  impl.RoleInfo (RoleInfo.java:updateAndGet(143)) - 178446a7-fd96-4772-ad33-38d05ec0a9f5: start FollowerState
2019-10-02 16:23:58,780 [pool-139-thread-1] INFO  util.JmxRegister (JmxRegister.java:tryRegister(44)) - Successfully registered JMX Bean with object name Ratis:service=RaftServer,group=group-3AFB9787652A,id=178446a7-fd96-4772-ad33-38d05ec0a9f5
2019-10-02 16:23:58,783 [pool-119-thread-1] INFO  impl.RaftServerImpl (RaftServerImpl.java:start(181)) - 167d44ae-632b-4dba-9778-38867dfddbf7@group-3AFB9787652A: start as a follower, conf=-1: [178446a7-fd96-4772-ad33-38d05ec0a9f5:192.168.164.216:34466, a5e85cbd-8f76-42d4-bb24-844dda1c2427:192.168.164.216:35175, 167d44ae-632b-4dba-9778-38867dfddbf7:192.168.164.216:45178], old=null
2019-10-02 16:23:58,783 [pool-119-thread-1] INFO  impl.RaftServerImpl (RaftServerImpl.java:setRole(170)) - 167d44ae-632b-4dba-9778-38867dfddbf7@group-3AFB9787652A: changes role from      null to FOLLOWER at term 0 for startAsFollower
2019-10-02 16:23:58,784 [pool-119-thread-1] INFO  impl.RoleInfo (RoleInfo.java:updateAndGet(143)) - 167d44ae-632b-4dba-9778-38867dfddbf7: start FollowerState
2019-10-02 16:23:58,784 [pool-149-thread-1] INFO  impl.RaftServerImpl (RaftServerImpl.java:start(181)) - a5e85cbd-8f76-42d4-bb24-844dda1c2427@group-3AFB9787652A: start as a follower, conf=-1: [178446a7-fd96-4772-ad33-38d05ec0a9f5:192.168.164.216:34466, a5e85cbd-8f76-42d4-bb24-844dda1c2427:192.168.164.216:35175, 167d44ae-632b-4dba-9778-38867dfddbf7:192.168.164.216:45178], old=null
2019-10-02 16:23:58,784 [pool-119-thread-1] INFO  util.JmxRegister (JmxRegister.java:tryRegister(44)) - Successfully registered JMX Bean with object name Ratis:service=RaftServer,group=group-3AFB9787652A,id=167d44ae-632b-4dba-9778-38867dfddbf7
2019-10-02 16:23:58,784 [pool-149-thread-1] INFO  impl.RaftServerImpl (RaftServerImpl.java:setRole(170)) - a5e85cbd-8f76-42d4-bb24-844dda1c2427@group-3AFB9787652A: changes role from      null to FOLLOWER at term 0 for startAsFollower
2019-10-02 16:23:58,784 [pool-149-thread-1] INFO  impl.RoleInfo (RoleInfo.java:updateAndGet(143)) - a5e85cbd-8f76-42d4-bb24-844dda1c2427: start FollowerState
2019-10-02 16:23:58,785 [pool-149-thread-1] INFO  util.JmxRegister (JmxRegister.java:tryRegister(44)) - Successfully registered JMX Bean with object name Ratis:service=RaftServer,group=group-3AFB9787652A,id=a5e85cbd-8f76-42d4-bb24-844dda1c2427
2019-10-02 16:23:58,799 [RatisPipelineUtilsThread] INFO  pipeline.PipelineStateManager (PipelineStateManager.java:addPipeline(56)) - Created pipeline Pipeline[ Id: a1544ef7-44fc-4707-bb3f-3afb9787652a, Nodes: 178446a7-fd96-4772-ad33-38d05ec0a9f5{ip: 192.168.164.216, host: pr-hdds-2199-dnstouuidmap-57hpg-3119262845, networkLocation: /default-rack, certSerialId: null}a5e85cbd-8f76-42d4-bb24-844dda1c2427{ip: 192.168.164.216, host: pr-hdds-2199-dnstouuidmap-57hpg-3119262845, networkLocation: /default-rack, certSerialId: null}167d44ae-632b-4dba-9778-38867dfddbf7{ip: 192.168.164.216, host: pr-hdds-2199-dnstouuidmap-57hpg-3119262845, networkLocation: /default-rack, certSerialId: null}, Type:RATIS, Factor:THREE, State:OPEN]
2019-10-02 16:23:58,810 [grpc-default-executor-0] INFO  impl.RaftServerProxy (RaftServerProxy.java:addNew(89)) - 2b422747-add7-4378-a867-aedecd2dd0d7: addNew group-48E3E3CA07AD:[2b422747-add7-4378-a867-aedecd2dd0d7:192.168.164.216:34175, 7b893dcc-9a8f-4484-aa5f-39ce0deafb7f:192.168.164.216:34594, 051a4dbb-b9a9-4670-8da3-5c4833995036:192.168.164.216:38769] returns group-48E3E3CA07AD:java.util.concurrent.CompletableFuture@5346c947[Not completed]
2019-10-02 16:23:58,810 [grpc-default-executor-3] INFO  impl.RaftServerProxy (RaftServerProxy.java:addNew(89)) - 7b893dcc-9a8f-4484-aa5f-39ce0deafb7f: addNew group-48E3E3CA07AD:[2b422747-add7-4378-a867-aedecd2dd0d7:192.168.164.216:34175, 7b893dcc-9a8f-4484-aa5f-39ce0deafb7f:192.168.164.216:34594, 051a4dbb-b9a9-4670-8da3-5c4833995036:192.168.164.216:38769] returns group-48E3E3CA07AD:java.util.concurrent.CompletableFuture@3501a53c[Not completed]
2019-10-02 16:23:58,810 [grpc-default-executor-2] INFO  impl.RaftServerProxy (RaftServerProxy.java:addNew(89)) - 051a4dbb-b9a9-4670-8da3-5c4833995036: addNew group-48E3E3CA07AD:[2b422747-add7-4378-a867-aedecd2dd0d7:192.168.164.216:34175, 7b893dcc-9a8f-4484-aa5f-39ce0deafb7f:192.168.164.216:34594, 051a4dbb-b9a9-4670-8da3-5c4833995036:192.168.164.216:38769] returns group-48E3E3CA07AD:java.util.concurrent.CompletableFuture@4fbf4f16[Not completed]
2019-10-02 16:23:58,813 [pool-159-thread-1] INFO  impl.RaftServerImpl (RaftServerImpl.java:<init>(95)) - 2b422747-add7-4378-a867-aedecd2dd0d7: new RaftServerImpl for group-48E3E3CA07AD:[2b422747-add7-4378-a867-aedecd2dd0d7:192.168.164.216:34175, 7b893dcc-9a8f-4484-aa5f-39ce0deafb7f:192.168.164.216:34594, 051a4dbb-b9a9-4670-8da3-5c4833995036:192.168.164.216:38769] with ContainerStateMachine:uninitialized
2019-10-02 16:23:58,813 [pool-159-thread-1] INFO  server.RaftServerConfigKeys (ConfUtils.java:logGet(43)) - raft.server.rpc.timeout.min = 5s (custom)
2019-10-02 16:23:58,813 [pool-159-thread-1] INFO  server.RaftServerConfigKeys (ConfUtils.java:logGet(43)) - raft.server.rpc.timeout.max = 5200ms (custom)
2019-10-02 16:23:58,813 [pool-159-thread-1] INFO  server.RaftServerConfigKeys (ConfUtils.java:logGet(43)) - raft.server.rpcslowness.timeout = 120s (custom)
2019-10-02 16:23:58,813 [pool-159-thread-1] INFO  server.RaftServerConfigKeys (ConfUtils.java:logGet(43)) - raft.server.sleep.deviation.threshold = 300 (default)
2019-10-02 16:23:58,814 [pool-159-thread-1] INFO  server.RaftServerConfigKeys (ConfUtils.java:logGet(43)) - raft.server.log.appender.install.snapshot.enabled = false (custom)
2019-10-02 16:23:58,814 [pool-179-thread-1] INFO  impl.RaftServerImpl (RaftServerImpl.java:<init>(95)) - 7b893dcc-9a8f-4484-aa5f-39ce0deafb7f: new RaftServerImpl for group-48E3E3CA07AD:[2b422747-add7-4378-a867-aedecd2dd0d7:192.168.164.216:34175, 7b893dcc-9a8f-4484-aa5f-39ce0deafb7f:192.168.164.216:34594, 051a4dbb-b9a9-4670-8da3-5c4833995036:192.168.164.216:38769] with ContainerStateMachine:uninitialized
2019-10-02 16:23:58,814 [pool-159-thread-1] INFO  impl.RaftServerImpl (ServerState.java:<init>(103)) - 2b422747-add7-4378-a867-aedecd2dd0d7@group-48E3E3CA07AD: ConfigurationManager, init=-1: [2b422747-add7-4378-a867-aedecd2dd0d7:192.168.164.216:34175, 7b893dcc-9a8f-4484-aa5f-39ce0deafb7f:192.168.164.216:34594, 051a4dbb-b9a9-4670-8da3-5c4833995036:192.168.164.216:38769], old=null, confs=<EMPTY_MAP>
2019-10-02 16:23:58,814 [pool-179-thread-1] INFO  server.RaftServerConfigKeys (ConfUtils.java:logGet(43)) - raft.server.rpc.timeout.min = 5s (custom)
2019-10-02 16:23:58,814 [pool-159-thread-1] INFO  server.RaftServerConfigKeys (ConfUtils.java:logGet(43)) - raft.server.storage.dir = [/workdir/hadoop-ozone/integration-test/target/test-dir/MiniOzoneClusterImpl-6b197af6-1ec3-4c48-8b22-bd220886f217/datanode-4/data/ratis] (custom)
2019-10-02 16:23:58,814 [pool-179-thread-1] INFO  server.RaftServerConfigKeys (ConfUtils.java:logGet(43)) - raft.server.rpc.timeout.max = 5200ms (custom)
2019-10-02 16:23:58,814 [pool-179-thread-1] INFO  server.RaftServerConfigKeys (ConfUtils.java:logGet(43)) - raft.server.rpcslowness.timeout = 120s (custom)
2019-10-02 16:23:58,814 [pool-159-thread-1] INFO  server.RaftServerConfigKeys (ConfUtils.java:logGet(43)) - raft.server.log.corruption.policy = EXCEPTION (default)
2019-10-02 16:23:58,815 [pool-179-thread-1] INFO  server.RaftServerConfigKeys (ConfUtils.java:logGet(43)) - raft.server.sleep.deviation.threshold = 300 (default)
2019-10-02 16:23:58,815 [pool-159-thread-1] INFO  storage.RaftStorageDirectory (RaftStorageDirectory.java:analyzeStorage(246)) - The storage directory /workdir/hadoop-ozone/integration-test/target/test-dir/MiniOzoneClusterImpl-6b197af6-1ec3-4c48-8b22-bd220886f217/datanode-4/data/ratis/2b32d310-73f6-4538-a20a-48e3e3ca07ad does not exist. Creating ...
2019-10-02 16:23:58,815 [pool-179-thread-1] INFO  server.RaftServerConfigKeys (ConfUtils.java:logGet(43)) - raft.server.log.appender.install.snapshot.enabled = false (custom)
2019-10-02 16:23:58,815 [pool-129-thread-1] INFO  impl.RaftServerImpl (RaftServerImpl.java:<init>(95)) - 051a4dbb-b9a9-4670-8da3-5c4833995036: new RaftServerImpl for group-48E3E3CA07AD:[2b422747-add7-4378-a867-aedecd2dd0d7:192.168.164.216:34175, 7b893dcc-9a8f-4484-aa5f-39ce0deafb7f:192.168.164.216:34594, 051a4dbb-b9a9-4670-8da3-5c4833995036:192.168.164.216:38769] with ContainerStateMachine:uninitialized
2019-10-02 16:23:58,815 [pool-179-thread-1] INFO  impl.RaftServerImpl (ServerState.java:<init>(103)) - 7b893dcc-9a8f-4484-aa5f-39ce0deafb7f@group-48E3E3CA07AD: ConfigurationManager, init=-1: [2b422747-add7-4378-a867-aedecd2dd0d7:192.168.164.216:34175, 7b893dcc-9a8f-4484-aa5f-39ce0deafb7f:192.168.164.216:34594, 051a4dbb-b9a9-4670-8da3-5c4833995036:192.168.164.216:38769], old=null, confs=<EMPTY_MAP>
2019-10-02 16:23:58,815 [pool-129-thread-1] INFO  server.RaftServerConfigKeys (ConfUtils.java:logGet(43)) - raft.server.rpc.timeout.min = 5s (custom)
2019-10-02 16:23:58,815 [pool-179-thread-1] INFO  server.RaftServerConfigKeys (ConfUtils.java:logGet(43)) - raft.server.storage.dir = [/workdir/hadoop-ozone/integration-test/target/test-dir/MiniOzoneClusterImpl-6b197af6-1ec3-4c48-8b22-bd220886f217/datanode-6/data/ratis] (custom)
2019-10-02 16:23:58,815 [pool-129-thread-1] INFO  server.RaftServerConfigKeys (ConfUtils.java:logGet(43)) - raft.server.rpc.timeout.max = 5200ms (custom)
2019-10-02 16:23:58,816 [pool-129-thread-1] INFO  server.RaftServerConfigKeys (ConfUtils.java:logGet(43)) - raft.server.rpcslowness.timeout = 120s (custom)
2019-10-02 16:23:58,816 [pool-179-thread-1] INFO  server.RaftServerConfigKeys (ConfUtils.java:logGet(43)) - raft.server.log.corruption.policy = EXCEPTION (default)
2019-10-02 16:23:58,816 [pool-129-thread-1] INFO  server.RaftServerConfigKeys (ConfUtils.java:logGet(43)) - raft.server.sleep.deviation.threshold = 300 (default)
2019-10-02 16:23:58,816 [pool-179-thread-1] INFO  storage.RaftStorageDirectory (RaftStorageDirectory.java:analyzeStorage(246)) - The storage directory /workdir/hadoop-ozone/integration-test/target/test-dir/MiniOzoneClusterImpl-6b197af6-1ec3-4c48-8b22-bd220886f217/datanode-6/data/ratis/2b32d310-73f6-4538-a20a-48e3e3ca07ad does not exist. Creating ...
2019-10-02 16:23:58,816 [pool-129-thread-1] INFO  server.RaftServerConfigKeys (ConfUtils.java:logGet(43)) - raft.server.log.appender.install.snapshot.enabled = false (custom)
2019-10-02 16:23:58,816 [pool-129-thread-1] INFO  impl.RaftServerImpl (ServerState.java:<init>(103)) - 051a4dbb-b9a9-4670-8da3-5c4833995036@group-48E3E3CA07AD: ConfigurationManager, init=-1: [2b422747-add7-4378-a867-aedecd2dd0d7:192.168.164.216:34175, 7b893dcc-9a8f-4484-aa5f-39ce0deafb7f:192.168.164.216:34594, 051a4dbb-b9a9-4670-8da3-5c4833995036:192.168.164.216:38769], old=null, confs=<EMPTY_MAP>
2019-10-02 16:23:58,816 [pool-129-thread-1] INFO  server.RaftServerConfigKeys (ConfUtils.java:logGet(43)) - raft.server.storage.dir = [/workdir/hadoop-ozone/integration-test/target/test-dir/MiniOzoneClusterImpl-6b197af6-1ec3-4c48-8b22-bd220886f217/datanode-1/data/ratis] (custom)
2019-10-02 16:23:58,816 [pool-129-thread-1] INFO  server.RaftServerConfigKeys (ConfUtils.java:logGet(43)) - raft.server.log.corruption.policy = EXCEPTION (default)
2019-10-02 16:23:58,817 [pool-129-thread-1] INFO  storage.RaftStorageDirectory (RaftStorageDirectory.java:analyzeStorage(246)) - The storage directory /workdir/hadoop-ozone/integration-test/target/test-dir/MiniOzoneClusterImpl-6b197af6-1ec3-4c48-8b22-bd220886f217/datanode-1/data/ratis/2b32d310-73f6-4538-a20a-48e3e3ca07ad does not exist. Creating ...
2019-10-02 16:23:58,828 [pool-179-thread-1] INFO  storage.RaftStorageDirectory (RaftStorageDirectory.java:tryLock(328)) - Lock on /workdir/hadoop-ozone/integration-test/target/test-dir/MiniOzoneClusterImpl-6b197af6-1ec3-4c48-8b22-bd220886f217/datanode-6/data/ratis/2b32d310-73f6-4538-a20a-48e3e3ca07ad/in_use.lock acquired by nodename 13332@pr-hdds-2199-dnstouuidmap-57hpg-3119262845
2019-10-02 16:23:58,828 [pool-159-thread-1] INFO  storage.RaftStorageDirectory (RaftStorageDirectory.java:tryLock(328)) - Lock on /workdir/hadoop-ozone/integration-test/target/test-dir/MiniOzoneClusterImpl-6b197af6-1ec3-4c48-8b22-bd220886f217/datanode-4/data/ratis/2b32d310-73f6-4538-a20a-48e3e3ca07ad/in_use.lock acquired by nodename 13332@pr-hdds-2199-dnstouuidmap-57hpg-3119262845
2019-10-02 16:23:58,828 [pool-129-thread-1] INFO  storage.RaftStorageDirectory (RaftStorageDirectory.java:tryLock(328)) - Lock on /workdir/hadoop-ozone/integration-test/target/test-dir/MiniOzoneClusterImpl-6b197af6-1ec3-4c48-8b22-bd220886f217/datanode-1/data/ratis/2b32d310-73f6-4538-a20a-48e3e3ca07ad/in_use.lock acquired by nodename 13332@pr-hdds-2199-dnstouuidmap-57hpg-3119262845
2019-10-02 16:23:58,842 [pool-179-thread-1] INFO  storage.RaftStorage (RaftStorage.java:format(84)) - Storage directory /workdir/hadoop-ozone/integration-test/target/test-dir/MiniOzoneClusterImpl-6b197af6-1ec3-4c48-8b22-bd220886f217/datanode-6/data/ratis/2b32d310-73f6-4538-a20a-48e3e3ca07ad has been successfully formatted.
2019-10-02 16:23:58,843 [pool-159-thread-1] INFO  storage.RaftStorage (RaftStorage.java:format(84)) - Storage directory /workdir/hadoop-ozone/integration-test/target/test-dir/MiniOzoneClusterImpl-6b197af6-1ec3-4c48-8b22-bd220886f217/datanode-4/data/ratis/2b32d310-73f6-4538-a20a-48e3e3ca07ad has been successfully formatted.
2019-10-02 16:23:58,842 [pool-129-thread-1] INFO  storage.RaftStorage (RaftStorage.java:format(84)) - Storage directory /workdir/hadoop-ozone/integration-test/target/test-dir/MiniOzoneClusterImpl-6b197af6-1ec3-4c48-8b22-bd220886f217/datanode-1/data/ratis/2b32d310-73f6-4538-a20a-48e3e3ca07ad has been successfully formatted.
2019-10-02 16:23:58,843 [pool-159-thread-1] INFO  ratis.ContainerStateMachine (ContainerStateMachine.java:loadSnapshot(230)) - group-48E3E3CA07AD: The snapshot info is null. Setting the last applied indexto:(t:0, i:~)
2019-10-02 16:23:58,843 [pool-179-thread-1] INFO  ratis.ContainerStateMachine (ContainerStateMachine.java:loadSnapshot(230)) - group-48E3E3CA07AD: The snapshot info is null. Setting the last applied indexto:(t:0, i:~)
2019-10-02 16:23:58,843 [pool-159-thread-1] INFO  server.RaftServerConfigKeys (ConfUtils.java:logGet(43)) - raft.server.notification.no-leader.timeout = 120s (custom)
2019-10-02 16:23:58,843 [pool-129-thread-1] INFO  ratis.ContainerStateMachine (ContainerStateMachine.java:loadSnapshot(230)) - group-48E3E3CA07AD: The snapshot info is null. Setting the last applied indexto:(t:0, i:~)
2019-10-02 16:23:58,843 [pool-159-thread-1] INFO  server.RaftServerConfigKeys (ConfUtils.java:logGet(43)) - raft.server.log.use.memory = false (default)
2019-10-02 16:23:58,843 [pool-179-thread-1] INFO  server.RaftServerConfigKeys (ConfUtils.java:logGet(43)) - raft.server.notification.no-leader.timeout = 120s (custom)
2019-10-02 16:23:58,843 [pool-159-thread-1] INFO  server.RaftServerConfigKeys (ConfUtils.java:logGet(43)) - raft.server.log.purge.gap = 1000000 (custom)
2019-10-02 16:23:58,843 [pool-129-thread-1] INFO  server.RaftServerConfigKeys (ConfUtils.java:logGet(43)) - raft.server.notification.no-leader.timeout = 120s (custom)
2019-10-02 16:23:58,844 [pool-159-thread-1] INFO  server.RaftServerConfigKeys (ConfUtils.java:logGet(43)) - raft.server.log.appender.buffer.byte-limit = 33554432 (custom)
2019-10-02 16:23:58,844 [pool-179-thread-1] INFO  server.RaftServerConfigKeys (ConfUtils.java:logGet(43)) - raft.server.log.use.memory = false (default)
2019-10-02 16:23:58,844 [pool-159-thread-1] INFO  server.RaftServerConfigKeys (ConfUtils.java:logGet(43)) - raft.server.log.segment.size.max = 1048576 (custom)
2019-10-02 16:23:58,844 [pool-129-thread-1] INFO  server.RaftServerConfigKeys (ConfUtils.java:logGet(43)) - raft.server.log.use.memory = false (default)
2019-10-02 16:23:58,844 [pool-159-thread-1] INFO  server.RaftServerConfigKeys (ConfUtils.java:logGet(43)) - raft.server.log.segment.cache.num.max = 2 (custom)
2019-10-02 16:23:58,844 [pool-179-thread-1] INFO  server.RaftServerConfigKeys (ConfUtils.java:logGet(43)) - raft.server.log.purge.gap = 1000000 (custom)
2019-10-02 16:23:58,844 [pool-159-thread-1] INFO  segmented.SegmentedRaftLogWorker (SegmentedRaftLogWorker.java:<init>(173)) - new 2b422747-add7-4378-a867-aedecd2dd0d7@group-48E3E3CA07AD-SegmentedRaftLogWorker for RaftStorage:Storage Directory /workdir/hadoop-ozone/integration-test/target/test-dir/MiniOzoneClusterImpl-6b197af6-1ec3-4c48-8b22-bd220886f217/datanode-4/data/ratis/2b32d310-73f6-4538-a20a-48e3e3ca07ad
2019-10-02 16:23:58,844 [pool-129-thread-1] INFO  server.RaftServerConfigKeys (ConfUtils.java:logGet(43)) - raft.server.log.purge.gap = 1000000 (custom)
2019-10-02 16:23:58,844 [pool-159-thread-1] INFO  server.RaftServerConfigKeys (ConfUtils.java:logGet(43)) - raft.server.log.queue.byte-limit = 2147483647 (custom)
2019-10-02 16:23:58,844 [pool-179-thread-1] INFO  server.RaftServerConfigKeys (ConfUtils.java:logGet(43)) - raft.server.log.appender.buffer.byte-limit = 33554432 (custom)
2019-10-02 16:23:58,845 [pool-159-thread-1] INFO  server.RaftServerConfigKeys (ConfUtils.java:logGet(43)) - raft.server.log.queue.element-limit = 1024 (custom)
2019-10-02 16:23:58,844 [pool-129-thread-1] INFO  server.RaftServerConfigKeys (ConfUtils.java:logGet(43)) - raft.server.log.appender.buffer.byte-limit = 33554432 (custom)
2019-10-02 16:23:58,845 [pool-159-thread-1] INFO  server.RaftServerConfigKeys (ConfUtils.java:logGet(43)) - raft.server.log.segment.size.max = 1048576 (custom)
2019-10-02 16:23:58,845 [pool-179-thread-1] INFO  server.RaftServerConfigKeys (ConfUtils.java:logGet(43)) - raft.server.log.segment.size.max = 1048576 (custom)
2019-10-02 16:23:58,845 [pool-159-thread-1] INFO  server.RaftServerConfigKeys (ConfUtils.java:logGet(43)) - raft.server.log.preallocated.size = 16384 (custom)
2019-10-02 16:23:58,845 [pool-129-thread-1] INFO  server.RaftServerConfigKeys (ConfUtils.java:logGet(43)) - raft.server.log.segment.size.max = 1048576 (custom)
2019-10-02 16:23:58,845 [pool-159-thread-1] INFO  server.RaftServerConfigKeys (ConfUtils.java:logGet(43)) - raft.server.log.write.buffer.size = 33554432 (custom)
2019-10-02 16:23:58,845 [pool-179-thread-1] INFO  server.RaftServerConfigKeys (ConfUtils.java:logGet(43)) - raft.server.log.segment.cache.num.max = 2 (custom)
2019-10-02 16:23:58,845 [pool-159-thread-1] INFO  server.RaftServerConfigKeys (ConfUtils.java:logGet(43)) - raft.server.log.force.sync.num = 128 (default)
2019-10-02 16:23:58,845 [pool-129-thread-1] INFO  server.RaftServerConfigKeys (ConfUtils.java:logGet(43)) - raft.server.log.segment.cache.num.max = 2 (custom)
2019-10-02 16:23:58,846 [pool-159-thread-1] INFO  server.RaftServerConfigKeys (ConfUtils.java:logGet(43)) - raft.server.log.statemachine.data.sync = true (default)
2019-10-02 16:23:58,846 [pool-179-thread-1] INFO  segmented.SegmentedRaftLogWorker (SegmentedRaftLogWorker.java:<init>(173)) - new 7b893dcc-9a8f-4484-aa5f-39ce0deafb7f@group-48E3E3CA07AD-SegmentedRaftLogWorker for RaftStorage:Storage Directory /workdir/hadoop-ozone/integration-test/target/test-dir/MiniOzoneClusterImpl-6b197af6-1ec3-4c48-8b22-bd220886f217/datanode-6/data/ratis/2b32d310-73f6-4538-a20a-48e3e3ca07ad
2019-10-02 16:23:58,846 [pool-159-thread-1] INFO  server.RaftServerConfigKeys (ConfUtils.java:logGet(43)) - raft.server.log.statemachine.data.sync.timeout = 10s (default)
2019-10-02 16:23:58,846 [pool-129-thread-1] INFO  segmented.SegmentedRaftLogWorker (SegmentedRaftLogWorker.java:<init>(173)) - new 051a4dbb-b9a9-4670-8da3-5c4833995036@group-48E3E3CA07AD-SegmentedRaftLogWorker for RaftStorage:Storage Directory /workdir/hadoop-ozone/integration-test/target/test-dir/MiniOzoneClusterImpl-6b197af6-1ec3-4c48-8b22-bd220886f217/datanode-1/data/ratis/2b32d310-73f6-4538-a20a-48e3e3ca07ad
2019-10-02 16:23:58,846 [pool-159-thread-1] INFO  server.RaftServerConfigKeys (ConfUtils.java:logGet(43)) - raft.server.log.statemachine.data.sync.timeout.retry = -1 (default)
2019-10-02 16:23:58,846 [pool-179-thread-1] INFO  server.RaftServerConfigKeys (ConfUtils.java:logGet(43)) - raft.server.log.queue.byte-limit = 2147483647 (custom)
2019-10-02 16:23:58,846 [pool-159-thread-1] INFO  server.RaftServerConfigKeys (ConfUtils.java:logGet(43)) - raft.server.log.statemachine.data.caching.enabled = true (custom)
2019-10-02 16:23:58,846 [pool-129-thread-1] INFO  server.RaftServerConfigKeys (ConfUtils.java:logGet(43)) - raft.server.log.queue.byte-limit = 2147483647 (custom)
2019-10-02 16:23:58,846 [pool-179-thread-1] INFO  server.RaftServerConfigKeys (ConfUtils.java:logGet(43)) - raft.server.log.queue.element-limit = 1024 (custom)
2019-10-02 16:23:58,847 [pool-159-thread-1] INFO  segmented.SegmentedRaftLogWorker (SegmentedRaftLogWorker.java:lambda$new$0(128)) - 2b422747-add7-4378-a867-aedecd2dd0d7@group-48E3E3CA07AD-SegmentedRaftLogWorker: flushIndex: setUnconditionally 0 -> -1
2019-10-02 16:23:58,847 [pool-129-thread-1] INFO  server.RaftServerConfigKeys (ConfUtils.java:logGet(43)) - raft.server.log.queue.element-limit = 1024 (custom)
2019-10-02 16:23:58,847 [pool-179-thread-1] INFO  server.RaftServerConfigKeys (ConfUtils.java:logGet(43)) - raft.server.log.segment.size.max = 1048576 (custom)
2019-10-02 16:23:58,847 [pool-159-thread-1] INFO  server.RaftServerConfigKeys (ConfUtils.java:logGet(43)) - raft.server.snapshot.auto.trigger.enabled = true (custom)
2019-10-02 16:23:58,847 [pool-129-thread-1] INFO  server.RaftServerConfigKeys (ConfUtils.java:logGet(43)) - raft.server.log.segment.size.max = 1048576 (custom)
2019-10-02 16:23:58,847 [pool-159-thread-1] INFO  server.RaftServerConfigKeys (ConfUtils.java:logGet(43)) - raft.server.snapshot.auto.trigger.threshold = 10000 (custom)
2019-10-02 16:23:58,847 [pool-179-thread-1] INFO  server.RaftServerConfigKeys (ConfUtils.java:logGet(43)) - raft.server.log.preallocated.size = 16384 (custom)
2019-10-02 16:23:58,847 [pool-159-thread-1] INFO  server.RaftServerConfigKeys (ConfUtils.java:logGet(43)) - raft.server.snapshot.retention.file.num = 5 (custom)
2019-10-02 16:23:58,847 [pool-129-thread-1] INFO  server.RaftServerConfigKeys (ConfUtils.java:logGet(43)) - raft.server.log.preallocated.size = 16384 (custom)
2019-10-02 16:23:58,847 [pool-179-thread-1] INFO  server.RaftServerConfigKeys (ConfUtils.java:logGet(43)) - raft.server.log.write.buffer.size = 33554432 (custom)
2019-10-02 16:23:58,848 [pool-159-thread-1] INFO  server.RaftServerConfigKeys (ConfUtils.java:logGet(43)) - raft.server.retrycache.expirytime = 600000ms (custom)
2019-10-02 16:23:58,848 [pool-129-thread-1] INFO  server.RaftServerConfigKeys (ConfUtils.java:logGet(43)) - raft.server.log.write.buffer.size = 33554432 (custom)
2019-10-02 16:23:58,848 [pool-179-thread-1] INFO  server.RaftServerConfigKeys (ConfUtils.java:logGet(43)) - raft.server.log.force.sync.num = 128 (default)
2019-10-02 16:23:58,848 [pool-129-thread-1] INFO  server.RaftServerConfigKeys (ConfUtils.java:logGet(43)) - raft.server.log.force.sync.num = 128 (default)
2019-10-02 16:23:58,848 [pool-179-thread-1] INFO  server.RaftServerConfigKeys (ConfUtils.java:logGet(43)) - raft.server.log.statemachine.data.sync = true (default)
2019-10-02 16:23:58,848 [pool-129-thread-1] INFO  server.RaftServerConfigKeys (ConfUtils.java:logGet(43)) - raft.server.log.statemachine.data.sync = true (default)
2019-10-02 16:23:58,848 [pool-179-thread-1] INFO  server.RaftServerConfigKeys (ConfUtils.java:logGet(43)) - raft.server.log.statemachine.data.sync.timeout = 10s (default)
2019-10-02 16:23:58,848 [pool-129-thread-1] INFO  server.RaftServerConfigKeys (ConfUtils.java:logGet(43)) - raft.server.log.statemachine.data.sync.timeout = 10s (default)
2019-10-02 16:23:58,849 [pool-179-thread-1] INFO  server.RaftServerConfigKeys (ConfUtils.java:logGet(43)) - raft.server.log.statemachine.data.sync.timeout.retry = -1 (default)
2019-10-02 16:23:58,849 [pool-129-thread-1] INFO  server.RaftServerConfigKeys (ConfUtils.java:logGet(43)) - raft.server.log.statemachine.data.sync.timeout.retry = -1 (default)
2019-10-02 16:23:58,849 [pool-179-thread-1] INFO  server.RaftServerConfigKeys (ConfUtils.java:logGet(43)) - raft.server.log.statemachine.data.caching.enabled = true (custom)
2019-10-02 16:23:58,849 [pool-129-thread-1] INFO  server.RaftServerConfigKeys (ConfUtils.java:logGet(43)) - raft.server.log.statemachine.data.caching.enabled = true (custom)
2019-10-02 16:23:58,849 [pool-179-thread-1] INFO  segmented.SegmentedRaftLogWorker (SegmentedRaftLogWorker.java:lambda$new$0(128)) - 7b893dcc-9a8f-4484-aa5f-39ce0deafb7f@group-48E3E3CA07AD-SegmentedRaftLogWorker: flushIndex: setUnconditionally 0 -> -1
2019-10-02 16:23:58,849 [pool-129-thread-1] INFO  segmented.SegmentedRaftLogWorker (SegmentedRaftLogWorker.java:lambda$new$0(128)) - 051a4dbb-b9a9-4670-8da3-5c4833995036@group-48E3E3CA07AD-SegmentedRaftLogWorker: flushIndex: setUnconditionally 0 -> -1
2019-10-02 16:23:58,849 [pool-179-thread-1] INFO  server.RaftServerConfigKeys (ConfUtils.java:logGet(43)) - raft.server.snapshot.auto.trigger.enabled = true (custom)
2019-10-02 16:23:58,850 [pool-129-thread-1] INFO  server.RaftServerConfigKeys (ConfUtils.java:logGet(43)) - raft.server.snapshot.auto.trigger.enabled = true (custom)
2019-10-02 16:23:58,850 [pool-179-thread-1] INFO  server.RaftServerConfigKeys (ConfUtils.java:logGet(43)) - raft.server.snapshot.auto.trigger.threshold = 10000 (custom)
2019-10-02 16:23:58,850 [pool-159-thread-1] INFO  impl.RaftServerImpl (RaftServerImpl.java:start(181)) - 2b422747-add7-4378-a867-aedecd2dd0d7@group-48E3E3CA07AD: start as a follower, conf=-1: [2b422747-add7-4378-a867-aedecd2dd0d7:192.168.164.216:34175, 7b893dcc-9a8f-4484-aa5f-39ce0deafb7f:192.168.164.216:34594, 051a4dbb-b9a9-4670-8da3-5c4833995036:192.168.164.216:38769], old=null
2019-10-02 16:23:58,850 [pool-129-thread-1] INFO  server.RaftServerConfigKeys (ConfUtils.java:logGet(43)) - raft.server.snapshot.auto.trigger.threshold = 10000 (custom)
2019-10-02 16:23:58,850 [pool-159-thread-1] INFO  impl.RaftServerImpl (RaftServerImpl.java:setRole(170)) - 2b422747-add7-4378-a867-aedecd2dd0d7@group-48E3E3CA07AD: changes role from      null to FOLLOWER at term 0 for startAsFollower
2019-10-02 16:23:58,850 [pool-179-thread-1] INFO  server.RaftServerConfigKeys (ConfUtils.java:logGet(43)) - raft.server.snapshot.retention.file.num = 5 (custom)
2019-10-02 16:23:58,850 [pool-159-thread-1] INFO  impl.RoleInfo (RoleInfo.java:updateAndGet(143)) - 2b422747-add7-4378-a867-aedecd2dd0d7: start FollowerState
2019-10-02 16:23:58,850 [pool-129-thread-1] INFO  server.RaftServerConfigKeys (ConfUtils.java:logGet(43)) - raft.server.snapshot.retention.file.num = 5 (custom)
2019-10-02 16:23:58,850 [pool-179-thread-1] INFO  server.RaftServerConfigKeys (ConfUtils.java:logGet(43)) - raft.server.retrycache.expirytime = 600000ms (custom)
2019-10-02 16:23:58,851 [pool-159-thread-1] INFO  util.JmxRegister (JmxRegister.java:tryRegister(44)) - Successfully registered JMX Bean with object name Ratis:service=RaftServer,group=group-48E3E3CA07AD,id=2b422747-add7-4378-a867-aedecd2dd0d7
2019-10-02 16:23:58,850 [pool-129-thread-1] INFO  server.RaftServerConfigKeys (ConfUtils.java:logGet(43)) - raft.server.retrycache.expirytime = 600000ms (custom)
2019-10-02 16:23:58,855 [pool-179-thread-1] INFO  impl.RaftServerImpl (RaftServerImpl.java:start(181)) - 7b893dcc-9a8f-4484-aa5f-39ce0deafb7f@group-48E3E3CA07AD: start as a follower, conf=-1: [2b422747-add7-4378-a867-aedecd2dd0d7:192.168.164.216:34175, 7b893dcc-9a8f-4484-aa5f-39ce0deafb7f:192.168.164.216:34594, 051a4dbb-b9a9-4670-8da3-5c4833995036:192.168.164.216:38769], old=null
2019-10-02 16:23:58,855 [pool-129-thread-1] INFO  impl.RaftServerImpl (RaftServerImpl.java:start(181)) - 051a4dbb-b9a9-4670-8da3-5c4833995036@group-48E3E3CA07AD: start as a follower, conf=-1: [2b422747-add7-4378-a867-aedecd2dd0d7:192.168.164.216:34175, 7b893dcc-9a8f-4484-aa5f-39ce0deafb7f:192.168.164.216:34594, 051a4dbb-b9a9-4670-8da3-5c4833995036:192.168.164.216:38769], old=null
2019-10-02 16:23:58,855 [pool-179-thread-1] INFO  impl.RaftServerImpl (RaftServerImpl.java:setRole(170)) - 7b893dcc-9a8f-4484-aa5f-39ce0deafb7f@group-48E3E3CA07AD: changes role from      null to FOLLOWER at term 0 for startAsFollower
2019-10-02 16:23:58,855 [pool-129-thread-1] INFO  impl.RaftServerImpl (RaftServerImpl.java:setRole(170)) - 051a4dbb-b9a9-4670-8da3-5c4833995036@group-48E3E3CA07AD: changes role from      null to FOLLOWER at term 0 for startAsFollower
2019-10-02 16:23:58,855 [pool-179-thread-1] INFO  impl.RoleInfo (RoleInfo.java:updateAndGet(143)) - 7b893dcc-9a8f-4484-aa5f-39ce0deafb7f: start FollowerState
2019-10-02 16:23:58,855 [pool-129-thread-1] INFO  impl.RoleInfo (RoleInfo.java:updateAndGet(143)) - 051a4dbb-b9a9-4670-8da3-5c4833995036: start FollowerState
2019-10-02 16:23:58,855 [pool-179-thread-1] INFO  util.JmxRegister (JmxRegister.java:tryRegister(44)) - Successfully registered JMX Bean with object name Ratis:service=RaftServer,group=group-48E3E3CA07AD,id=7b893dcc-9a8f-4484-aa5f-39ce0deafb7f
2019-10-02 16:23:58,855 [pool-129-thread-1] INFO  util.JmxRegister (JmxRegister.java:tryRegister(44)) - Successfully registered JMX Bean with object name Ratis:service=RaftServer,group=group-48E3E3CA07AD,id=051a4dbb-b9a9-4670-8da3-5c4833995036
2019-10-02 16:23:58,866 [RatisPipelineUtilsThread] INFO  pipeline.PipelineStateManager (PipelineStateManager.java:addPipeline(56)) - Created pipeline Pipeline[ Id: 2b32d310-73f6-4538-a20a-48e3e3ca07ad, Nodes: 2b422747-add7-4378-a867-aedecd2dd0d7{ip: 192.168.164.216, host: pr-hdds-2199-dnstouuidmap-57hpg-3119262845, networkLocation: /default-rack, certSerialId: null}7b893dcc-9a8f-4484-aa5f-39ce0deafb7f{ip: 192.168.164.216, host: pr-hdds-2199-dnstouuidmap-57hpg-3119262845, networkLocation: /default-rack, certSerialId: null}051a4dbb-b9a9-4670-8da3-5c4833995036{ip: 192.168.164.216, host: pr-hdds-2199-dnstouuidmap-57hpg-3119262845, networkLocation: /default-rack, certSerialId: null}, Type:RATIS, Factor:THREE, State:OPEN]
2019-10-02 16:24:01,023 [Thread-1008] INFO  container.ReplicationManager (ReplicationManager.java:start(162)) - Starting Replication Monitor Thread.
2019-10-02 16:24:01,027 [ReplicationMonitor] INFO  container.ReplicationManager (ReplicationManager.java:run(225)) - Replication Monitor Thread took 0 milliseconds for processing 1 containers.
2019-10-02 16:24:03,273 [Thread-1010] INFO  impl.FollowerState (FollowerState.java:run(108)) - 167d44ae-632b-4dba-9778-38867dfddbf7@group-0A37E9D73BAA-FollowerState: change to CANDIDATE, lastRpcTime:5121ms, electionTimeout:5121ms
2019-10-02 16:24:03,274 [Thread-1010] INFO  impl.RoleInfo (RoleInfo.java:shutdownFollowerState(121)) - 167d44ae-632b-4dba-9778-38867dfddbf7: shutdown FollowerState
2019-10-02 16:24:03,274 [Thread-1010] INFO  impl.RaftServerImpl (RaftServerImpl.java:setRole(170)) - 167d44ae-632b-4dba-9778-38867dfddbf7@group-0A37E9D73BAA: changes role from  FOLLOWER to CANDIDATE at term 0 for changeToCandidate
2019-10-02 16:24:03,274 [Thread-1010] INFO  impl.RoleInfo (RoleInfo.java:updateAndGet(143)) - 167d44ae-632b-4dba-9778-38867dfddbf7: start LeaderElection
2019-10-02 16:24:03,316 [167d44ae-632b-4dba-9778-38867dfddbf7@group-0A37E9D73BAA-LeaderElection17] INFO  impl.LeaderElection (LeaderElection.java:askForVotes(178)) - 167d44ae-632b-4dba-9778-38867dfddbf7@group-0A37E9D73BAA-LeaderElection17: begin an election at term 1 for -1: [167d44ae-632b-4dba-9778-38867dfddbf7:192.168.164.216:45178], old=null
2019-10-02 16:24:03,316 [167d44ae-632b-4dba-9778-38867dfddbf7@group-0A37E9D73BAA-LeaderElection17] INFO  impl.RoleInfo (RoleInfo.java:shutdownLeaderElection(134)) - 167d44ae-632b-4dba-9778-38867dfddbf7: shutdown LeaderElection
2019-10-02 16:24:03,316 [167d44ae-632b-4dba-9778-38867dfddbf7@group-0A37E9D73BAA-LeaderElection17] INFO  impl.RaftServerImpl (RaftServerImpl.java:setRole(170)) - 167d44ae-632b-4dba-9778-38867dfddbf7@group-0A37E9D73BAA: changes role from CANDIDATE to LEADER at term 1 for changeToLeader
2019-10-02 16:24:03,317 [167d44ae-632b-4dba-9778-38867dfddbf7@group-0A37E9D73BAA-LeaderElection17] INFO  impl.RaftServerImpl (ServerState.java:setLeader(255)) - 167d44ae-632b-4dba-9778-38867dfddbf7@group-0A37E9D73BAA: change Leader from null to 167d44ae-632b-4dba-9778-38867dfddbf7 at term 1 for becomeLeader, leader elected after 5174ms
2019-10-02 16:24:03,320 [167d44ae-632b-4dba-9778-38867dfddbf7@group-0A37E9D73BAA-LeaderElection17] INFO  server.RaftServerConfigKeys (ConfUtils.java:logGet(43)) - raft.server.staging.catchup.gap = 1000 (default)
2019-10-02 16:24:03,320 [167d44ae-632b-4dba-9778-38867dfddbf7@group-0A37E9D73BAA-LeaderElection17] INFO  server.RaftServerConfigKeys (ConfUtils.java:logGet(43)) - raft.server.rpc.sleep.time = 25ms (default)
2019-10-02 16:24:03,320 [167d44ae-632b-4dba-9778-38867dfddbf7@group-0A37E9D73BAA-LeaderElection17] INFO  server.RaftServerConfigKeys (ConfUtils.java:logGet(43)) - raft.server.write.element-limit = 4096 (default)
2019-10-02 16:24:03,321 [167d44ae-632b-4dba-9778-38867dfddbf7@group-0A37E9D73BAA-LeaderElection17] INFO  server.RaftServerConfigKeys (ConfUtils.java:logGet(43)) - raft.server.watch.timeout = 10s (default)
2019-10-02 16:24:03,321 [167d44ae-632b-4dba-9778-38867dfddbf7@group-0A37E9D73BAA-LeaderElection17] INFO  server.RaftServerConfigKeys (ConfUtils.java:logGet(43)) - raft.server.watch.timeout.denomination = 1s (default)
2019-10-02 16:24:03,321 [167d44ae-632b-4dba-9778-38867dfddbf7@group-0A37E9D73BAA-LeaderElection17] INFO  server.RaftServerConfigKeys (ConfUtils.java:logGet(43)) - raft.server.watch.element-limit = 65536 (default)
2019-10-02 16:24:03,324 [Thread-1013] INFO  impl.FollowerState (FollowerState.java:run(108)) - 051a4dbb-b9a9-4670-8da3-5c4833995036@group-E27B85DFD6A6-FollowerState: change to CANDIDATE, lastRpcTime:5114ms, electionTimeout:5114ms
2019-10-02 16:24:03,324 [Thread-1013] INFO  impl.RoleInfo (RoleInfo.java:shutdownFollowerState(121)) - 051a4dbb-b9a9-4670-8da3-5c4833995036: shutdown FollowerState
2019-10-02 16:24:03,324 [Thread-1013] INFO  impl.RaftServerImpl (RaftServerImpl.java:setRole(170)) - 051a4dbb-b9a9-4670-8da3-5c4833995036@group-E27B85DFD6A6: changes role from  FOLLOWER to CANDIDATE at term 0 for changeToCandidate
2019-10-02 16:24:03,324 [Thread-1013] INFO  impl.RoleInfo (RoleInfo.java:updateAndGet(143)) - 051a4dbb-b9a9-4670-8da3-5c4833995036: start LeaderElection
2019-10-02 16:24:03,326 [167d44ae-632b-4dba-9778-38867dfddbf7@group-0A37E9D73BAA-LeaderElection17] INFO  impl.RoleInfo (RoleInfo.java:updateAndGet(143)) - 167d44ae-632b-4dba-9778-38867dfddbf7: start LeaderState
2019-10-02 16:24:03,330 [167d44ae-632b-4dba-9778-38867dfddbf7@group-0A37E9D73BAA-LeaderElection17] INFO  segmented.SegmentedRaftLogWorker (SegmentedRaftLogWorker.java:startLogSegment(385)) - 167d44ae-632b-4dba-9778-38867dfddbf7@group-0A37E9D73BAA-SegmentedRaftLogWorker: Starting segment from index:0
2019-10-02 16:24:03,330 [167d44ae-632b-4dba-9778-38867dfddbf7@group-0A37E9D73BAA-LeaderElection17] INFO  impl.RaftServerImpl (ServerState.java:setRaftConf(356)) - 167d44ae-632b-4dba-9778-38867dfddbf7@group-0A37E9D73BAA: set configuration 0: [167d44ae-632b-4dba-9778-38867dfddbf7:192.168.164.216:45178], old=null at 0
2019-10-02 16:24:03,357 [051a4dbb-b9a9-4670-8da3-5c4833995036@group-E27B85DFD6A6-LeaderElection18] INFO  impl.LeaderElection (LeaderElection.java:askForVotes(178)) - 051a4dbb-b9a9-4670-8da3-5c4833995036@group-E27B85DFD6A6-LeaderElection18: begin an election at term 1 for -1: [051a4dbb-b9a9-4670-8da3-5c4833995036:192.168.164.216:38769], old=null
2019-10-02 16:24:03,357 [051a4dbb-b9a9-4670-8da3-5c4833995036@group-E27B85DFD6A6-LeaderElection18] INFO  impl.RoleInfo (RoleInfo.java:shutdownLeaderElection(134)) - 051a4dbb-b9a9-4670-8da3-5c4833995036: shutdown LeaderElection
2019-10-02 16:24:03,357 [051a4dbb-b9a9-4670-8da3-5c4833995036@group-E27B85DFD6A6-LeaderElection18] INFO  impl.RaftServerImpl (RaftServerImpl.java:setRole(170)) - 051a4dbb-b9a9-4670-8da3-5c4833995036@group-E27B85DFD6A6: changes role from CANDIDATE to LEADER at term 1 for changeToLeader
2019-10-02 16:24:03,357 [051a4dbb-b9a9-4670-8da3-5c4833995036@group-E27B85DFD6A6-LeaderElection18] INFO  impl.RaftServerImpl (ServerState.java:setLeader(255)) - 051a4dbb-b9a9-4670-8da3-5c4833995036@group-E27B85DFD6A6: change Leader from null to 051a4dbb-b9a9-4670-8da3-5c4833995036 at term 1 for becomeLeader, leader elected after 5156ms
2019-10-02 16:24:03,360 [051a4dbb-b9a9-4670-8da3-5c4833995036@group-E27B85DFD6A6-LeaderElection18] INFO  server.RaftServerConfigKeys (ConfUtils.java:logGet(43)) - raft.server.staging.catchup.gap = 1000 (default)
2019-10-02 16:24:03,360 [051a4dbb-b9a9-4670-8da3-5c4833995036@group-E27B85DFD6A6-LeaderElection18] INFO  server.RaftServerConfigKeys (ConfUtils.java:logGet(43)) - raft.server.rpc.sleep.time = 25ms (default)
2019-10-02 16:24:03,360 [051a4dbb-b9a9-4670-8da3-5c4833995036@group-E27B85DFD6A6-LeaderElection18] INFO  server.RaftServerConfigKeys (ConfUtils.java:logGet(43)) - raft.server.write.element-limit = 4096 (default)
2019-10-02 16:24:03,360 [051a4dbb-b9a9-4670-8da3-5c4833995036@group-E27B85DFD6A6-LeaderElection18] INFO  server.RaftServerConfigKeys (ConfUtils.java:logGet(43)) - raft.server.watch.timeout = 10s (default)
2019-10-02 16:24:03,361 [051a4dbb-b9a9-4670-8da3-5c4833995036@group-E27B85DFD6A6-LeaderElection18] INFO  server.RaftServerConfigKeys (ConfUtils.java:logGet(43)) - raft.server.watch.timeout.denomination = 1s (default)
2019-10-02 16:24:03,361 [051a4dbb-b9a9-4670-8da3-5c4833995036@group-E27B85DFD6A6-LeaderElection18] INFO  server.RaftServerConfigKeys (ConfUtils.java:logGet(43)) - raft.server.watch.element-limit = 65536 (default)
2019-10-02 16:24:03,363 [051a4dbb-b9a9-4670-8da3-5c4833995036@group-E27B85DFD6A6-LeaderElection18] INFO  impl.RoleInfo (RoleInfo.java:updateAndGet(143)) - 051a4dbb-b9a9-4670-8da3-5c4833995036: start LeaderState
2019-10-02 16:24:03,363 [051a4dbb-b9a9-4670-8da3-5c4833995036@group-E27B85DFD6A6-LeaderElection18] INFO  segmented.SegmentedRaftLogWorker (SegmentedRaftLogWorker.java:startLogSegment(385)) - 051a4dbb-b9a9-4670-8da3-5c4833995036@group-E27B85DFD6A6-SegmentedRaftLogWorker: Starting segment from index:0
2019-10-02 16:24:03,364 [051a4dbb-b9a9-4670-8da3-5c4833995036@group-E27B85DFD6A6-LeaderElection18] INFO  impl.RaftServerImpl (ServerState.java:setRaftConf(356)) - 051a4dbb-b9a9-4670-8da3-5c4833995036@group-E27B85DFD6A6: set configuration 0: [051a4dbb-b9a9-4670-8da3-5c4833995036:192.168.164.216:38769], old=null at 0
2019-10-02 16:24:03,392 [167d44ae-632b-4dba-9778-38867dfddbf7@group-0A37E9D73BAA-SegmentedRaftLogWorker] INFO  segmented.SegmentedRaftLogWorker (SegmentedRaftLogWorker.java:execute(574)) - 167d44ae-632b-4dba-9778-38867dfddbf7@group-0A37E9D73BAA-SegmentedRaftLogWorker: created new log segment /workdir/hadoop-ozone/integration-test/target/test-dir/MiniOzoneClusterImpl-6b197af6-1ec3-4c48-8b22-bd220886f217/datanode-0/data/ratis/0e3f4207-49bc-4b84-897e-0a37e9d73baa/current/log_inprogress_0
2019-10-02 16:24:03,408 [Thread-1016] INFO  impl.FollowerState (FollowerState.java:run(108)) - 178446a7-fd96-4772-ad33-38d05ec0a9f5@group-CFA3FBDD9E52-FollowerState: change to CANDIDATE, lastRpcTime:5027ms, electionTimeout:5027ms
2019-10-02 16:24:03,408 [Thread-1016] INFO  impl.RoleInfo (RoleInfo.java:shutdownFollowerState(121)) - 178446a7-fd96-4772-ad33-38d05ec0a9f5: shutdown FollowerState
2019-10-02 16:24:03,408 [Thread-1016] INFO  impl.RaftServerImpl (RaftServerImpl.java:setRole(170)) - 178446a7-fd96-4772-ad33-38d05ec0a9f5@group-CFA3FBDD9E52: changes role from  FOLLOWER to CANDIDATE at term 0 for changeToCandidate
2019-10-02 16:24:03,408 [Thread-1016] INFO  impl.RoleInfo (RoleInfo.java:updateAndGet(143)) - 178446a7-fd96-4772-ad33-38d05ec0a9f5: start LeaderElection
2019-10-02 16:24:03,449 [051a4dbb-b9a9-4670-8da3-5c4833995036@group-E27B85DFD6A6-SegmentedRaftLogWorker] INFO  segmented.SegmentedRaftLogWorker (SegmentedRaftLogWorker.java:execute(574)) - 051a4dbb-b9a9-4670-8da3-5c4833995036@group-E27B85DFD6A6-SegmentedRaftLogWorker: created new log segment /workdir/hadoop-ozone/integration-test/target/test-dir/MiniOzoneClusterImpl-6b197af6-1ec3-4c48-8b22-bd220886f217/datanode-1/data/ratis/2dbb162f-e4cb-4d99-8b19-e27b85dfd6a6/current/log_inprogress_0
2019-10-02 16:24:03,450 [178446a7-fd96-4772-ad33-38d05ec0a9f5@group-CFA3FBDD9E52-LeaderElection19] INFO  impl.LeaderElection (LeaderElection.java:askForVotes(178)) - 178446a7-fd96-4772-ad33-38d05ec0a9f5@group-CFA3FBDD9E52-LeaderElection19: begin an election at term 1 for -1: [178446a7-fd96-4772-ad33-38d05ec0a9f5:192.168.164.216:34466], old=null
2019-10-02 16:24:03,450 [178446a7-fd96-4772-ad33-38d05ec0a9f5@group-CFA3FBDD9E52-LeaderElection19] INFO  impl.RoleInfo (RoleInfo.java:shutdownLeaderElection(134)) - 178446a7-fd96-4772-ad33-38d05ec0a9f5: shutdown LeaderElection
2019-10-02 16:24:03,450 [178446a7-fd96-4772-ad33-38d05ec0a9f5@group-CFA3FBDD9E52-LeaderElection19] INFO  impl.RaftServerImpl (RaftServerImpl.java:setRole(170)) - 178446a7-fd96-4772-ad33-38d05ec0a9f5@group-CFA3FBDD9E52: changes role from CANDIDATE to LEADER at term 1 for changeToLeader
2019-10-02 16:24:03,450 [178446a7-fd96-4772-ad33-38d05ec0a9f5@group-CFA3FBDD9E52-LeaderElection19] INFO  impl.RaftServerImpl (ServerState.java:setLeader(255)) - 178446a7-fd96-4772-ad33-38d05ec0a9f5@group-CFA3FBDD9E52: change Leader from null to 178446a7-fd96-4772-ad33-38d05ec0a9f5 at term 1 for becomeLeader, leader elected after 5077ms
2019-10-02 16:24:03,454 [178446a7-fd96-4772-ad33-38d05ec0a9f5@group-CFA3FBDD9E52-LeaderElection19] INFO  server.RaftServerConfigKeys (ConfUtils.java:logGet(43)) - raft.server.staging.catchup.gap = 1000 (default)
2019-10-02 16:24:03,454 [178446a7-fd96-4772-ad33-38d05ec0a9f5@group-CFA3FBDD9E52-LeaderElection19] INFO  server.RaftServerConfigKeys (ConfUtils.java:logGet(43)) - raft.server.rpc.sleep.time = 25ms (default)
2019-10-02 16:24:03,455 [178446a7-fd96-4772-ad33-38d05ec0a9f5@group-CFA3FBDD9E52-LeaderElection19] INFO  server.RaftServerConfigKeys (ConfUtils.java:logGet(43)) - raft.server.write.element-limit = 4096 (default)
2019-10-02 16:24:03,455 [178446a7-fd96-4772-ad33-38d05ec0a9f5@group-CFA3FBDD9E52-LeaderElection19] INFO  server.RaftServerConfigKeys (ConfUtils.java:logGet(43)) - raft.server.watch.timeout = 10s (default)
2019-10-02 16:24:03,455 [178446a7-fd96-4772-ad33-38d05ec0a9f5@group-CFA3FBDD9E52-LeaderElection19] INFO  server.RaftServerConfigKeys (ConfUtils.java:logGet(43)) - raft.server.watch.timeout.denomination = 1s (default)
2019-10-02 16:24:03,455 [178446a7-fd96-4772-ad33-38d05ec0a9f5@group-CFA3FBDD9E52-LeaderElection19] INFO  server.RaftServerConfigKeys (ConfUtils.java:logGet(43)) - raft.server.watch.element-limit = 65536 (default)
2019-10-02 16:24:03,457 [178446a7-fd96-4772-ad33-38d05ec0a9f5@group-CFA3FBDD9E52-LeaderElection19] INFO  impl.RoleInfo (RoleInfo.java:updateAndGet(143)) - 178446a7-fd96-4772-ad33-38d05ec0a9f5: start LeaderState
2019-10-02 16:24:03,457 [178446a7-fd96-4772-ad33-38d05ec0a9f5@group-CFA3FBDD9E52-LeaderElection19] INFO  segmented.SegmentedRaftLogWorker (SegmentedRaftLogWorker.java:startLogSegment(385)) - 178446a7-fd96-4772-ad33-38d05ec0a9f5@group-CFA3FBDD9E52-SegmentedRaftLogWorker: Starting segment from index:0
2019-10-02 16:24:03,458 [178446a7-fd96-4772-ad33-38d05ec0a9f5@group-CFA3FBDD9E52-LeaderElection19] INFO  impl.RaftServerImpl (ServerState.java:setRaftConf(356)) - 178446a7-fd96-4772-ad33-38d05ec0a9f5@group-CFA3FBDD9E52: set configuration 0: [178446a7-fd96-4772-ad33-38d05ec0a9f5:192.168.164.216:34466], old=null at 0
2019-10-02 16:24:03,497 [178446a7-fd96-4772-ad33-38d05ec0a9f5@group-CFA3FBDD9E52-SegmentedRaftLogWorker] INFO  segmented.SegmentedRaftLogWorker (SegmentedRaftLogWorker.java:execute(574)) - 178446a7-fd96-4772-ad33-38d05ec0a9f5@group-CFA3FBDD9E52-SegmentedRaftLogWorker: created new log segment /workdir/hadoop-ozone/integration-test/target/test-dir/MiniOzoneClusterImpl-6b197af6-1ec3-4c48-8b22-bd220886f217/datanode-2/data/ratis/927c3327-fda2-4c12-963a-cfa3fbdd9e52/current/log_inprogress_0
2019-10-02 16:24:03,651 [Thread-1027] INFO  impl.FollowerState (FollowerState.java:run(108)) - 7b893dcc-9a8f-4484-aa5f-39ce0deafb7f@group-28FA662945BC-FollowerState: change to CANDIDATE, lastRpcTime:5007ms, electionTimeout:5007ms
2019-10-02 16:24:03,652 [Thread-1027] INFO  impl.RoleInfo (RoleInfo.java:shutdownFollowerState(121)) - 7b893dcc-9a8f-4484-aa5f-39ce0deafb7f: shutdown FollowerState
2019-10-02 16:24:03,652 [Thread-1027] INFO  impl.RaftServerImpl (RaftServerImpl.java:setRole(170)) - 7b893dcc-9a8f-4484-aa5f-39ce0deafb7f@group-28FA662945BC: changes role from  FOLLOWER to CANDIDATE at term 0 for changeToCandidate
2019-10-02 16:24:03,652 [Thread-1027] INFO  impl.RoleInfo (RoleInfo.java:updateAndGet(143)) - 7b893dcc-9a8f-4484-aa5f-39ce0deafb7f: start LeaderElection
2019-10-02 16:24:03,670 [Thread-1021] INFO  impl.FollowerState (FollowerState.java:run(108)) - a5e85cbd-8f76-42d4-bb24-844dda1c2427@group-BFAA208D6EB6-FollowerState: change to CANDIDATE, lastRpcTime:5143ms, electionTimeout:5136ms
2019-10-02 16:24:03,670 [Thread-1021] INFO  impl.RoleInfo (RoleInfo.java:shutdownFollowerState(121)) - a5e85cbd-8f76-42d4-bb24-844dda1c2427: shutdown FollowerState
2019-10-02 16:24:03,670 [Thread-1021] INFO  impl.RaftServerImpl (RaftServerImpl.java:setRole(170)) - a5e85cbd-8f76-42d4-bb24-844dda1c2427@group-BFAA208D6EB6: changes role from  FOLLOWER to CANDIDATE at term 0 for changeToCandidate
2019-10-02 16:24:03,670 [Thread-1021] INFO  impl.RoleInfo (RoleInfo.java:updateAndGet(143)) - a5e85cbd-8f76-42d4-bb24-844dda1c2427: start LeaderElection
2019-10-02 16:24:03,689 [7b893dcc-9a8f-4484-aa5f-39ce0deafb7f@group-28FA662945BC-LeaderElection20] INFO  impl.LeaderElection (LeaderElection.java:askForVotes(178)) - 7b893dcc-9a8f-4484-aa5f-39ce0deafb7f@group-28FA662945BC-LeaderElection20: begin an election at term 1 for -1: [7b893dcc-9a8f-4484-aa5f-39ce0deafb7f:192.168.164.216:34594], old=null
2019-10-02 16:24:03,690 [a5e85cbd-8f76-42d4-bb24-844dda1c2427@group-BFAA208D6EB6-LeaderElection21] INFO  impl.LeaderElection (LeaderElection.java:askForVotes(178)) - a5e85cbd-8f76-42d4-bb24-844dda1c2427@group-BFAA208D6EB6-LeaderElection21: begin an election at term 1 for -1: [a5e85cbd-8f76-42d4-bb24-844dda1c2427:192.168.164.216:35175], old=null
2019-10-02 16:24:03,690 [7b893dcc-9a8f-4484-aa5f-39ce0deafb7f@group-28FA662945BC-LeaderElection20] INFO  impl.RoleInfo (RoleInfo.java:shutdownLeaderElection(134)) - 7b893dcc-9a8f-4484-aa5f-39ce0deafb7f: shutdown LeaderElection
2019-10-02 16:24:03,690 [a5e85cbd-8f76-42d4-bb24-844dda1c2427@group-BFAA208D6EB6-LeaderElection21] INFO  impl.RoleInfo (RoleInfo.java:shutdownLeaderElection(134)) - a5e85cbd-8f76-42d4-bb24-844dda1c2427: shutdown LeaderElection
2019-10-02 16:24:03,690 [7b893dcc-9a8f-4484-aa5f-39ce0deafb7f@group-28FA662945BC-LeaderElection20] INFO  impl.RaftServerImpl (RaftServerImpl.java:setRole(170)) - 7b893dcc-9a8f-4484-aa5f-39ce0deafb7f@group-28FA662945BC: changes role from CANDIDATE to LEADER at term 1 for changeToLeader
2019-10-02 16:24:03,690 [a5e85cbd-8f76-42d4-bb24-844dda1c2427@group-BFAA208D6EB6-LeaderElection21] INFO  impl.RaftServerImpl (RaftServerImpl.java:setRole(170)) - a5e85cbd-8f76-42d4-bb24-844dda1c2427@group-BFAA208D6EB6: changes role from CANDIDATE to LEADER at term 1 for changeToLeader
2019-10-02 16:24:03,690 [7b893dcc-9a8f-4484-aa5f-39ce0deafb7f@group-28FA662945BC-LeaderElection20] INFO  impl.RaftServerImpl (ServerState.java:setLeader(255)) - 7b893dcc-9a8f-4484-aa5f-39ce0deafb7f@group-28FA662945BC: change Leader from null to 7b893dcc-9a8f-4484-aa5f-39ce0deafb7f at term 1 for becomeLeader, leader elected after 5050ms
2019-10-02 16:24:03,690 [a5e85cbd-8f76-42d4-bb24-844dda1c2427@group-BFAA208D6EB6-LeaderElection21] INFO  impl.RaftServerImpl (ServerState.java:setLeader(255)) - a5e85cbd-8f76-42d4-bb24-844dda1c2427@group-BFAA208D6EB6: change Leader from null to a5e85cbd-8f76-42d4-bb24-844dda1c2427 at term 1 for becomeLeader, leader elected after 5179ms
2019-10-02 16:24:03,692 [7b893dcc-9a8f-4484-aa5f-39ce0deafb7f@group-28FA662945BC-LeaderElection20] INFO  server.RaftServerConfigKeys (ConfUtils.java:logGet(43)) - raft.server.staging.catchup.gap = 1000 (default)
2019-10-02 16:24:03,693 [a5e85cbd-8f76-42d4-bb24-844dda1c2427@group-BFAA208D6EB6-LeaderElection21] INFO  server.RaftServerConfigKeys (ConfUtils.java:logGet(43)) - raft.server.staging.catchup.gap = 1000 (default)
2019-10-02 16:24:03,693 [7b893dcc-9a8f-4484-aa5f-39ce0deafb7f@group-28FA662945BC-LeaderElection20] INFO  server.RaftServerConfigKeys (ConfUtils.java:logGet(43)) - raft.server.rpc.sleep.time = 25ms (default)
2019-10-02 16:24:03,693 [a5e85cbd-8f76-42d4-bb24-844dda1c2427@group-BFAA208D6EB6-LeaderElection21] INFO  server.RaftServerConfigKeys (ConfUtils.java:logGet(43)) - raft.server.rpc.sleep.time = 25ms (default)
2019-10-02 16:24:03,694 [7b893dcc-9a8f-4484-aa5f-39ce0deafb7f@group-28FA662945BC-LeaderElection20] INFO  server.RaftServerConfigKeys (ConfUtils.java:logGet(43)) - raft.server.write.element-limit = 4096 (default)
2019-10-02 16:24:03,694 [a5e85cbd-8f76-42d4-bb24-844dda1c2427@group-BFAA208D6EB6-LeaderElection21] INFO  server.RaftServerConfigKeys (ConfUtils.java:logGet(43)) - raft.server.write.element-limit = 4096 (default)
2019-10-02 16:24:03,694 [7b893dcc-9a8f-4484-aa5f-39ce0deafb7f@group-28FA662945BC-LeaderElection20] INFO  server.RaftServerConfigKeys (ConfUtils.java:logGet(43)) - raft.server.watch.timeout = 10s (default)
2019-10-02 16:24:03,694 [a5e85cbd-8f76-42d4-bb24-844dda1c2427@group-BFAA208D6EB6-LeaderElection21] INFO  server.RaftServerConfigKeys (ConfUtils.java:logGet(43)) - raft.server.watch.timeout = 10s (default)
2019-10-02 16:24:03,694 [7b893dcc-9a8f-4484-aa5f-39ce0deafb7f@group-28FA662945BC-LeaderElection20] INFO  server.RaftServerConfigKeys (ConfUtils.java:logGet(43)) - raft.server.watch.timeout.denomination = 1s (default)
2019-10-02 16:24:03,694 [a5e85cbd-8f76-42d4-bb24-844dda1c2427@group-BFAA208D6EB6-LeaderElection21] INFO  server.RaftServerConfigKeys (ConfUtils.java:logGet(43)) - raft.server.watch.timeout.denomination = 1s (default)
2019-10-02 16:24:03,694 [7b893dcc-9a8f-4484-aa5f-39ce0deafb7f@group-28FA662945BC-LeaderElection20] INFO  server.RaftServerConfigKeys (ConfUtils.java:logGet(43)) - raft.server.watch.element-limit = 65536 (default)
2019-10-02 16:24:03,694 [a5e85cbd-8f76-42d4-bb24-844dda1c2427@group-BFAA208D6EB6-LeaderElection21] INFO  server.RaftServerConfigKeys (ConfUtils.java:logGet(43)) - raft.server.watch.element-limit = 65536 (default)
2019-10-02 16:24:03,696 [7b893dcc-9a8f-4484-aa5f-39ce0deafb7f@group-28FA662945BC-LeaderElection20] INFO  impl.RoleInfo (RoleInfo.java:updateAndGet(143)) - 7b893dcc-9a8f-4484-aa5f-39ce0deafb7f: start LeaderState
2019-10-02 16:24:03,697 [7b893dcc-9a8f-4484-aa5f-39ce0deafb7f@group-28FA662945BC-LeaderElection20] INFO  segmented.SegmentedRaftLogWorker (SegmentedRaftLogWorker.java:startLogSegment(385)) - 7b893dcc-9a8f-4484-aa5f-39ce0deafb7f@group-28FA662945BC-SegmentedRaftLogWorker: Starting segment from index:0
2019-10-02 16:24:03,697 [7b893dcc-9a8f-4484-aa5f-39ce0deafb7f@group-28FA662945BC-LeaderElection20] INFO  impl.RaftServerImpl (ServerState.java:setRaftConf(356)) - 7b893dcc-9a8f-4484-aa5f-39ce0deafb7f@group-28FA662945BC: set configuration 0: [7b893dcc-9a8f-4484-aa5f-39ce0deafb7f:192.168.164.216:34594], old=null at 0
2019-10-02 16:24:03,703 [a5e85cbd-8f76-42d4-bb24-844dda1c2427@group-BFAA208D6EB6-LeaderElection21] INFO  impl.RoleInfo (RoleInfo.java:updateAndGet(143)) - a5e85cbd-8f76-42d4-bb24-844dda1c2427: start LeaderState
2019-10-02 16:24:03,704 [a5e85cbd-8f76-42d4-bb24-844dda1c2427@group-BFAA208D6EB6-LeaderElection21] INFO  segmented.SegmentedRaftLogWorker (SegmentedRaftLogWorker.java:startLogSegment(385)) - a5e85cbd-8f76-42d4-bb24-844dda1c2427@group-BFAA208D6EB6-SegmentedRaftLogWorker: Starting segment from index:0
2019-10-02 16:24:03,704 [a5e85cbd-8f76-42d4-bb24-844dda1c2427@group-BFAA208D6EB6-LeaderElection21] INFO  impl.RaftServerImpl (ServerState.java:setRaftConf(356)) - a5e85cbd-8f76-42d4-bb24-844dda1c2427@group-BFAA208D6EB6: set configuration 0: [a5e85cbd-8f76-42d4-bb24-844dda1c2427:192.168.164.216:35175], old=null at 0
2019-10-02 16:24:03,744 [7b893dcc-9a8f-4484-aa5f-39ce0deafb7f@group-28FA662945BC-SegmentedRaftLogWorker] INFO  segmented.SegmentedRaftLogWorker (SegmentedRaftLogWorker.java:execute(574)) - 7b893dcc-9a8f-4484-aa5f-39ce0deafb7f@group-28FA662945BC-SegmentedRaftLogWorker: created new log segment /workdir/hadoop-ozone/integration-test/target/test-dir/MiniOzoneClusterImpl-6b197af6-1ec3-4c48-8b22-bd220886f217/datanode-6/data/ratis/49588a06-2c48-4053-8c7f-28fa662945bc/current/log_inprogress_0
2019-10-02 16:24:03,744 [a5e85cbd-8f76-42d4-bb24-844dda1c2427@group-BFAA208D6EB6-SegmentedRaftLogWorker] INFO  segmented.SegmentedRaftLogWorker (SegmentedRaftLogWorker.java:execute(574)) - a5e85cbd-8f76-42d4-bb24-844dda1c2427@group-BFAA208D6EB6-SegmentedRaftLogWorker: created new log segment /workdir/hadoop-ozone/integration-test/target/test-dir/MiniOzoneClusterImpl-6b197af6-1ec3-4c48-8b22-bd220886f217/datanode-3/data/ratis/a2a561d4-5ec9-4192-a6b4-bfaa208d6eb6/current/log_inprogress_0
2019-10-02 16:24:03,781 [Thread-1024] INFO  impl.FollowerState (FollowerState.java:run(108)) - 2b422747-add7-4378-a867-aedecd2dd0d7@group-C1B72DF495B9-FollowerState: change to CANDIDATE, lastRpcTime:5190ms, electionTimeout:5190ms
2019-10-02 16:24:03,781 [Thread-1024] INFO  impl.RoleInfo (RoleInfo.java:shutdownFollowerState(121)) - 2b422747-add7-4378-a867-aedecd2dd0d7: shutdown FollowerState
2019-10-02 16:24:03,781 [Thread-1024] INFO  impl.RaftServerImpl (RaftServerImpl.java:setRole(170)) - 2b422747-add7-4378-a867-aedecd2dd0d7@group-C1B72DF495B9: changes role from  FOLLOWER to CANDIDATE at term 0 for changeToCandidate
2019-10-02 16:24:03,781 [Thread-1024] INFO  impl.RoleInfo (RoleInfo.java:updateAndGet(143)) - 2b422747-add7-4378-a867-aedecd2dd0d7: start LeaderElection
2019-10-02 16:24:03,805 [Thread-1036] INFO  impl.FollowerState (FollowerState.java:run(108)) - 167d44ae-632b-4dba-9778-38867dfddbf7@group-3AFB9787652A-FollowerState: change to CANDIDATE, lastRpcTime:5021ms, electionTimeout:5021ms
2019-10-02 16:24:03,805 [Thread-1036] INFO  impl.RoleInfo (RoleInfo.java:shutdownFollowerState(121)) - 167d44ae-632b-4dba-9778-38867dfddbf7: shutdown FollowerState
2019-10-02 16:24:03,805 [Thread-1036] INFO  impl.RaftServerImpl (RaftServerImpl.java:setRole(170)) - 167d44ae-632b-4dba-9778-38867dfddbf7@group-3AFB9787652A: changes role from  FOLLOWER to CANDIDATE at term 0 for changeToCandidate
2019-10-02 16:24:03,806 [Thread-1036] INFO  impl.RoleInfo (RoleInfo.java:updateAndGet(143)) - 167d44ae-632b-4dba-9778-38867dfddbf7: start LeaderElection
2019-10-02 16:24:03,817 [Thread-1035] INFO  impl.FollowerState (FollowerState.java:run(108)) - 178446a7-fd96-4772-ad33-38d05ec0a9f5@group-3AFB9787652A-FollowerState: change to CANDIDATE, lastRpcTime:5037ms, electionTimeout:5037ms
2019-10-02 16:24:03,818 [Thread-1035] INFO  impl.RoleInfo (RoleInfo.java:shutdownFollowerState(121)) - 178446a7-fd96-4772-ad33-38d05ec0a9f5: shutdown FollowerState
2019-10-02 16:24:03,818 [Thread-1035] INFO  impl.RaftServerImpl (RaftServerImpl.java:setRole(170)) - 178446a7-fd96-4772-ad33-38d05ec0a9f5@group-3AFB9787652A: changes role from  FOLLOWER to CANDIDATE at term 0 for changeToCandidate
2019-10-02 16:24:03,818 [Thread-1035] INFO  impl.RoleInfo (RoleInfo.java:updateAndGet(143)) - 178446a7-fd96-4772-ad33-38d05ec0a9f5: start LeaderElection
2019-10-02 16:24:03,870 [2b422747-add7-4378-a867-aedecd2dd0d7@group-C1B72DF495B9-LeaderElection22] INFO  impl.LeaderElection (LeaderElection.java:askForVotes(178)) - 2b422747-add7-4378-a867-aedecd2dd0d7@group-C1B72DF495B9-LeaderElection22: begin an election at term 1 for -1: [2b422747-add7-4378-a867-aedecd2dd0d7:192.168.164.216:34175], old=null
2019-10-02 16:24:03,870 [2b422747-add7-4378-a867-aedecd2dd0d7@group-C1B72DF495B9-LeaderElection22] INFO  impl.RoleInfo (RoleInfo.java:shutdownLeaderElection(134)) - 2b422747-add7-4378-a867-aedecd2dd0d7: shutdown LeaderElection
2019-10-02 16:24:03,870 [2b422747-add7-4378-a867-aedecd2dd0d7@group-C1B72DF495B9-LeaderElection22] INFO  impl.RaftServerImpl (RaftServerImpl.java:setRole(170)) - 2b422747-add7-4378-a867-aedecd2dd0d7@group-C1B72DF495B9: changes role from CANDIDATE to LEADER at term 1 for changeToLeader
2019-10-02 16:24:03,870 [2b422747-add7-4378-a867-aedecd2dd0d7@group-C1B72DF495B9-LeaderElection22] INFO  impl.RaftServerImpl (ServerState.java:setLeader(255)) - 2b422747-add7-4378-a867-aedecd2dd0d7@group-C1B72DF495B9: change Leader from null to 2b422747-add7-4378-a867-aedecd2dd0d7 at term 1 for becomeLeader, leader elected after 5287ms
2019-10-02 16:24:03,878 [2b422747-add7-4378-a867-aedecd2dd0d7@group-C1B72DF495B9-LeaderElection22] INFO  server.RaftServerConfigKeys (ConfUtils.java:logGet(43)) - raft.server.staging.catchup.gap = 1000 (default)
2019-10-02 16:24:03,878 [2b422747-add7-4378-a867-aedecd2dd0d7@group-C1B72DF495B9-LeaderElection22] INFO  server.RaftServerConfigKeys (ConfUtils.java:logGet(43)) - raft.server.rpc.sleep.time = 25ms (default)
2019-10-02 16:24:03,879 [2b422747-add7-4378-a867-aedecd2dd0d7@group-C1B72DF495B9-LeaderElection22] INFO  server.RaftServerConfigKeys (ConfUtils.java:logGet(43)) - raft.server.write.element-limit = 4096 (default)
2019-10-02 16:24:03,879 [2b422747-add7-4378-a867-aedecd2dd0d7@group-C1B72DF495B9-LeaderElection22] INFO  server.RaftServerConfigKeys (ConfUtils.java:logGet(43)) - raft.server.watch.timeout = 10s (default)
2019-10-02 16:24:03,879 [2b422747-add7-4378-a867-aedecd2dd0d7@group-C1B72DF495B9-LeaderElection22] INFO  server.RaftServerConfigKeys (ConfUtils.java:logGet(43)) - raft.server.watch.timeout.denomination = 1s (default)
2019-10-02 16:24:03,879 [2b422747-add7-4378-a867-aedecd2dd0d7@group-C1B72DF495B9-LeaderElection22] INFO  server.RaftServerConfigKeys (ConfUtils.java:logGet(43)) - raft.server.watch.element-limit = 65536 (default)
2019-10-02 16:24:03,881 [167d44ae-632b-4dba-9778-38867dfddbf7@group-3AFB9787652A-LeaderElection23] INFO  impl.LeaderElection (LeaderElection.java:askForVotes(178)) - 167d44ae-632b-4dba-9778-38867dfddbf7@group-3AFB9787652A-LeaderElection23: begin an election at term 1 for -1: [178446a7-fd96-4772-ad33-38d05ec0a9f5:192.168.164.216:34466, a5e85cbd-8f76-42d4-bb24-844dda1c2427:192.168.164.216:35175, 167d44ae-632b-4dba-9778-38867dfddbf7:192.168.164.216:45178], old=null
2019-10-02 16:24:03,881 [178446a7-fd96-4772-ad33-38d05ec0a9f5@group-3AFB9787652A-LeaderElection24] INFO  impl.LeaderElection (LeaderElection.java:askForVotes(178)) - 178446a7-fd96-4772-ad33-38d05ec0a9f5@group-3AFB9787652A-LeaderElection24: begin an election at term 1 for -1: [178446a7-fd96-4772-ad33-38d05ec0a9f5:192.168.164.216:34466, a5e85cbd-8f76-42d4-bb24-844dda1c2427:192.168.164.216:35175, 167d44ae-632b-4dba-9778-38867dfddbf7:192.168.164.216:45178], old=null
2019-10-02 16:24:03,881 [Thread-1030] INFO  impl.FollowerState (FollowerState.java:run(108)) - a7280462-2d33-46bd-8f7d-fd2def1b64a1@group-4A61AF7B0291-FollowerState: change to CANDIDATE, lastRpcTime:5185ms, electionTimeout:5185ms
2019-10-02 16:24:03,882 [Thread-1030] INFO  impl.RoleInfo (RoleInfo.java:shutdownFollowerState(121)) - a7280462-2d33-46bd-8f7d-fd2def1b64a1: shutdown FollowerState
2019-10-02 16:24:03,882 [Thread-1030] INFO  impl.RaftServerImpl (RaftServerImpl.java:setRole(170)) - a7280462-2d33-46bd-8f7d-fd2def1b64a1@group-4A61AF7B0291: changes role from  FOLLOWER to CANDIDATE at term 0 for changeToCandidate
2019-10-02 16:24:03,882 [Thread-1030] INFO  impl.RoleInfo (RoleInfo.java:updateAndGet(143)) - a7280462-2d33-46bd-8f7d-fd2def1b64a1: start LeaderElection
2019-10-02 16:24:03,886 [2b422747-add7-4378-a867-aedecd2dd0d7@group-C1B72DF495B9-LeaderElection22] INFO  impl.RoleInfo (RoleInfo.java:updateAndGet(143)) - 2b422747-add7-4378-a867-aedecd2dd0d7: start LeaderState
2019-10-02 16:24:03,887 [2b422747-add7-4378-a867-aedecd2dd0d7@group-C1B72DF495B9-LeaderElection22] INFO  segmented.SegmentedRaftLogWorker (SegmentedRaftLogWorker.java:startLogSegment(385)) - 2b422747-add7-4378-a867-aedecd2dd0d7@group-C1B72DF495B9-SegmentedRaftLogWorker: Starting segment from index:0
2019-10-02 16:24:03,887 [2b422747-add7-4378-a867-aedecd2dd0d7@group-C1B72DF495B9-LeaderElection22] INFO  impl.RaftServerImpl (ServerState.java:setRaftConf(356)) - 2b422747-add7-4378-a867-aedecd2dd0d7@group-C1B72DF495B9: set configuration 0: [2b422747-add7-4378-a867-aedecd2dd0d7:192.168.164.216:34175], old=null at 0
2019-10-02 16:24:03,908 [Thread-1037] INFO  impl.FollowerState (FollowerState.java:run(108)) - a5e85cbd-8f76-42d4-bb24-844dda1c2427@group-3AFB9787652A-FollowerState: change to CANDIDATE, lastRpcTime:5123ms, electionTimeout:5117ms
2019-10-02 16:24:03,910 [Thread-1037] INFO  impl.RoleInfo (RoleInfo.java:shutdownFollowerState(121)) - a5e85cbd-8f76-42d4-bb24-844dda1c2427: shutdown FollowerState
2019-10-02 16:24:03,911 [Thread-1037] INFO  impl.RaftServerImpl (RaftServerImpl.java:setRole(170)) - a5e85cbd-8f76-42d4-bb24-844dda1c2427@group-3AFB9787652A: changes role from  FOLLOWER to CANDIDATE at term 0 for changeToCandidate
2019-10-02 16:24:03,911 [Thread-1037] INFO  impl.RoleInfo (RoleInfo.java:updateAndGet(143)) - a5e85cbd-8f76-42d4-bb24-844dda1c2427: start LeaderElection
2019-10-02 16:24:03,926 [2b422747-add7-4378-a867-aedecd2dd0d7@group-C1B72DF495B9-SegmentedRaftLogWorker] INFO  segmented.SegmentedRaftLogWorker (SegmentedRaftLogWorker.java:execute(574)) - 2b422747-add7-4378-a867-aedecd2dd0d7@group-C1B72DF495B9-SegmentedRaftLogWorker: created new log segment /workdir/hadoop-ozone/integration-test/target/test-dir/MiniOzoneClusterImpl-6b197af6-1ec3-4c48-8b22-bd220886f217/datanode-4/data/ratis/5c9b7300-92e3-4e03-9d88-c1b72df495b9/current/log_inprogress_0
2019-10-02 16:24:03,926 [a7280462-2d33-46bd-8f7d-fd2def1b64a1@group-4A61AF7B0291-LeaderElection25] INFO  impl.LeaderElection (LeaderElection.java:askForVotes(178)) - a7280462-2d33-46bd-8f7d-fd2def1b64a1@group-4A61AF7B0291-LeaderElection25: begin an election at term 1 for -1: [a7280462-2d33-46bd-8f7d-fd2def1b64a1:192.168.164.216:45010], old=null
2019-10-02 16:24:03,926 [a7280462-2d33-46bd-8f7d-fd2def1b64a1@group-4A61AF7B0291-LeaderElection25] INFO  impl.RoleInfo (RoleInfo.java:shutdownLeaderElection(134)) - a7280462-2d33-46bd-8f7d-fd2def1b64a1: shutdown LeaderElection
2019-10-02 16:24:03,926 [a7280462-2d33-46bd-8f7d-fd2def1b64a1@group-4A61AF7B0291-LeaderElection25] INFO  impl.RaftServerImpl (RaftServerImpl.java:setRole(170)) - a7280462-2d33-46bd-8f7d-fd2def1b64a1@group-4A61AF7B0291: changes role from CANDIDATE to LEADER at term 1 for changeToLeader
2019-10-02 16:24:03,926 [a7280462-2d33-46bd-8f7d-fd2def1b64a1@group-4A61AF7B0291-LeaderElection25] INFO  impl.RaftServerImpl (ServerState.java:setLeader(255)) - a7280462-2d33-46bd-8f7d-fd2def1b64a1@group-4A61AF7B0291: change Leader from null to a7280462-2d33-46bd-8f7d-fd2def1b64a1 at term 1 for becomeLeader, leader elected after 5235ms
2019-10-02 16:24:03,928 [a7280462-2d33-46bd-8f7d-fd2def1b64a1@group-4A61AF7B0291-LeaderElection25] INFO  server.RaftServerConfigKeys (ConfUtils.java:logGet(43)) - raft.server.staging.catchup.gap = 1000 (default)
2019-10-02 16:24:03,928 [a7280462-2d33-46bd-8f7d-fd2def1b64a1@group-4A61AF7B0291-LeaderElection25] INFO  server.RaftServerConfigKeys (ConfUtils.java:logGet(43)) - raft.server.rpc.sleep.time = 25ms (default)
2019-10-02 16:24:03,929 [a7280462-2d33-46bd-8f7d-fd2def1b64a1@group-4A61AF7B0291-LeaderElection25] INFO  server.RaftServerConfigKeys (ConfUtils.java:logGet(43)) - raft.server.write.element-limit = 4096 (default)
2019-10-02 16:24:03,929 [a7280462-2d33-46bd-8f7d-fd2def1b64a1@group-4A61AF7B0291-LeaderElection25] INFO  server.RaftServerConfigKeys (ConfUtils.java:logGet(43)) - raft.server.watch.timeout = 10s (default)
2019-10-02 16:24:03,929 [a7280462-2d33-46bd-8f7d-fd2def1b64a1@group-4A61AF7B0291-LeaderElection25] INFO  server.RaftServerConfigKeys (ConfUtils.java:logGet(43)) - raft.server.watch.timeout.denomination = 1s (default)
2019-10-02 16:24:03,929 [a7280462-2d33-46bd-8f7d-fd2def1b64a1@group-4A61AF7B0291-LeaderElection25] INFO  server.RaftServerConfigKeys (ConfUtils.java:logGet(43)) - raft.server.watch.element-limit = 65536 (default)
2019-10-02 16:24:03,931 [a7280462-2d33-46bd-8f7d-fd2def1b64a1@group-4A61AF7B0291-LeaderElection25] INFO  impl.RoleInfo (RoleInfo.java:updateAndGet(143)) - a7280462-2d33-46bd-8f7d-fd2def1b64a1: start LeaderState
2019-10-02 16:24:03,931 [a7280462-2d33-46bd-8f7d-fd2def1b64a1@group-4A61AF7B0291-LeaderElection25] INFO  segmented.SegmentedRaftLogWorker (SegmentedRaftLogWorker.java:startLogSegment(385)) - a7280462-2d33-46bd-8f7d-fd2def1b64a1@group-4A61AF7B0291-SegmentedRaftLogWorker: Starting segment from index:0
2019-10-02 16:24:03,932 [a7280462-2d33-46bd-8f7d-fd2def1b64a1@group-4A61AF7B0291-LeaderElection25] INFO  impl.RaftServerImpl (ServerState.java:setRaftConf(356)) - a7280462-2d33-46bd-8f7d-fd2def1b64a1@group-4A61AF7B0291: set configuration 0: [a7280462-2d33-46bd-8f7d-fd2def1b64a1:192.168.164.216:45010], old=null at 0
2019-10-02 16:24:03,943 [Thread-1047] INFO  impl.FollowerState (FollowerState.java:run(108)) - 051a4dbb-b9a9-4670-8da3-5c4833995036@group-48E3E3CA07AD-FollowerState: change to CANDIDATE, lastRpcTime:5087ms, electionTimeout:5087ms
2019-10-02 16:24:03,943 [Thread-1047] INFO  impl.RoleInfo (RoleInfo.java:shutdownFollowerState(121)) - 051a4dbb-b9a9-4670-8da3-5c4833995036: shutdown FollowerState
2019-10-02 16:24:03,943 [Thread-1047] INFO  impl.RaftServerImpl (RaftServerImpl.java:setRole(170)) - 051a4dbb-b9a9-4670-8da3-5c4833995036@group-48E3E3CA07AD: changes role from  FOLLOWER to CANDIDATE at term 0 for changeToCandidate
2019-10-02 16:24:03,943 [Thread-1047] INFO  impl.RoleInfo (RoleInfo.java:updateAndGet(143)) - 051a4dbb-b9a9-4670-8da3-5c4833995036: start LeaderElection
2019-10-02 16:24:03,977 [a5e85cbd-8f76-42d4-bb24-844dda1c2427@group-3AFB9787652A-LeaderElection26] INFO  impl.LeaderElection (LeaderElection.java:askForVotes(178)) - a5e85cbd-8f76-42d4-bb24-844dda1c2427@group-3AFB9787652A-LeaderElection26: begin an election at term 1 for -1: [178446a7-fd96-4772-ad33-38d05ec0a9f5:192.168.164.216:34466, a5e85cbd-8f76-42d4-bb24-844dda1c2427:192.168.164.216:35175, 167d44ae-632b-4dba-9778-38867dfddbf7:192.168.164.216:45178], old=null
2019-10-02 16:24:03,981 [167d44ae-632b-4dba-9778-38867dfddbf7@group-3AFB9787652A-LeaderElection23] INFO  impl.LeaderElection (LeaderElection.java:logAndReturn(56)) - 167d44ae-632b-4dba-9778-38867dfddbf7@group-3AFB9787652A-LeaderElection23: Election REJECTED; received 2 response(s) [167d44ae-632b-4dba-9778-38867dfddbf7<-178446a7-fd96-4772-ad33-38d05ec0a9f5#0:FAIL-t1, 167d44ae-632b-4dba-9778-38867dfddbf7<-a5e85cbd-8f76-42d4-bb24-844dda1c2427#0:FAIL-t1] and 0 exception(s); 167d44ae-632b-4dba-9778-38867dfddbf7@group-3AFB9787652A:t1, leader=null, voted=167d44ae-632b-4dba-9778-38867dfddbf7, raftlog=167d44ae-632b-4dba-9778-38867dfddbf7@group-3AFB9787652A-SegmentedRaftLog:OPENED:c-1,f-1,i0, conf=-1: [178446a7-fd96-4772-ad33-38d05ec0a9f5:192.168.164.216:34466, a5e85cbd-8f76-42d4-bb24-844dda1c2427:192.168.164.216:35175, 167d44ae-632b-4dba-9778-38867dfddbf7:192.168.164.216:45178], old=null
2019-10-02 16:24:03,981 [178446a7-fd96-4772-ad33-38d05ec0a9f5@group-3AFB9787652A-LeaderElection24] INFO  impl.LeaderElection (LeaderElection.java:logAndReturn(56)) - 178446a7-fd96-4772-ad33-38d05ec0a9f5@group-3AFB9787652A-LeaderElection24: Election REJECTED; received 2 response(s) [178446a7-fd96-4772-ad33-38d05ec0a9f5<-a5e85cbd-8f76-42d4-bb24-844dda1c2427#0:FAIL-t1, 178446a7-fd96-4772-ad33-38d05ec0a9f5<-167d44ae-632b-4dba-9778-38867dfddbf7#0:FAIL-t1] and 0 exception(s); 178446a7-fd96-4772-ad33-38d05ec0a9f5@group-3AFB9787652A:t1, leader=null, voted=178446a7-fd96-4772-ad33-38d05ec0a9f5, raftlog=178446a7-fd96-4772-ad33-38d05ec0a9f5@group-3AFB9787652A-SegmentedRaftLog:OPENED:c-1,f-1,i0, conf=-1: [178446a7-fd96-4772-ad33-38d05ec0a9f5:192.168.164.216:34466, a5e85cbd-8f76-42d4-bb24-844dda1c2427:192.168.164.216:35175, 167d44ae-632b-4dba-9778-38867dfddbf7:192.168.164.216:45178], old=null
2019-10-02 16:24:03,981 [167d44ae-632b-4dba-9778-38867dfddbf7@group-3AFB9787652A-LeaderElection23] INFO  impl.RaftServerImpl (RaftServerImpl.java:setRole(170)) - 167d44ae-632b-4dba-9778-38867dfddbf7@group-3AFB9787652A: changes role from CANDIDATE to FOLLOWER at term 1 for DISCOVERED_A_NEW_TERM
2019-10-02 16:24:03,983 [167d44ae-632b-4dba-9778-38867dfddbf7@group-3AFB9787652A-LeaderElection23] INFO  impl.RoleInfo (RoleInfo.java:shutdownLeaderElection(134)) - 167d44ae-632b-4dba-9778-38867dfddbf7: shutdown LeaderElection
2019-10-02 16:24:03,984 [167d44ae-632b-4dba-9778-38867dfddbf7@group-3AFB9787652A-LeaderElection23] INFO  impl.RoleInfo (RoleInfo.java:updateAndGet(143)) - 167d44ae-632b-4dba-9778-38867dfddbf7: start FollowerState
2019-10-02 16:24:03,984 [178446a7-fd96-4772-ad33-38d05ec0a9f5@group-3AFB9787652A-LeaderElection24] INFO  impl.RaftServerImpl (RaftServerImpl.java:setRole(170)) - 178446a7-fd96-4772-ad33-38d05ec0a9f5@group-3AFB9787652A: changes role from CANDIDATE to FOLLOWER at term 1 for DISCOVERED_A_NEW_TERM
2019-10-02 16:24:03,986 [178446a7-fd96-4772-ad33-38d05ec0a9f5@group-3AFB9787652A-LeaderElection24] INFO  impl.RoleInfo (RoleInfo.java:shutdownLeaderElection(134)) - 178446a7-fd96-4772-ad33-38d05ec0a9f5: shutdown LeaderElection
2019-10-02 16:24:03,986 [178446a7-fd96-4772-ad33-38d05ec0a9f5@group-3AFB9787652A-LeaderElection24] INFO  impl.RoleInfo (RoleInfo.java:updateAndGet(143)) - 178446a7-fd96-4772-ad33-38d05ec0a9f5: start FollowerState
2019-10-02 16:24:04,002 [a5e85cbd-8f76-42d4-bb24-844dda1c2427@group-3AFB9787652A-LeaderElection26] INFO  impl.LeaderElection (LeaderElection.java:logAndReturn(56)) - a5e85cbd-8f76-42d4-bb24-844dda1c2427@group-3AFB9787652A-LeaderElection26: Election REJECTED; received 2 response(s) [a5e85cbd-8f76-42d4-bb24-844dda1c2427<-178446a7-fd96-4772-ad33-38d05ec0a9f5#0:FAIL-t1, a5e85cbd-8f76-42d4-bb24-844dda1c2427<-167d44ae-632b-4dba-9778-38867dfddbf7#0:FAIL-t1] and 0 exception(s); a5e85cbd-8f76-42d4-bb24-844dda1c2427@group-3AFB9787652A:t1, leader=null, voted=a5e85cbd-8f76-42d4-bb24-844dda1c2427, raftlog=a5e85cbd-8f76-42d4-bb24-844dda1c2427@group-3AFB9787652A-SegmentedRaftLog:OPENED:c-1,f-1,i0, conf=-1: [178446a7-fd96-4772-ad33-38d05ec0a9f5:192.168.164.216:34466, a5e85cbd-8f76-42d4-bb24-844dda1c2427:192.168.164.216:35175, 167d44ae-632b-4dba-9778-38867dfddbf7:192.168.164.216:45178], old=null
2019-10-02 16:24:04,002 [a5e85cbd-8f76-42d4-bb24-844dda1c2427@group-3AFB9787652A-LeaderElection26] INFO  impl.RaftServerImpl (RaftServerImpl.java:setRole(170)) - a5e85cbd-8f76-42d4-bb24-844dda1c2427@group-3AFB9787652A: changes role from CANDIDATE to FOLLOWER at term 1 for DISCOVERED_A_NEW_TERM
2019-10-02 16:24:04,002 [a5e85cbd-8f76-42d4-bb24-844dda1c2427@group-3AFB9787652A-LeaderElection26] INFO  impl.RoleInfo (RoleInfo.java:shutdownLeaderElection(134)) - a5e85cbd-8f76-42d4-bb24-844dda1c2427: shutdown LeaderElection
2019-10-02 16:24:04,002 [a5e85cbd-8f76-42d4-bb24-844dda1c2427@group-3AFB9787652A-LeaderElection26] INFO  impl.RoleInfo (RoleInfo.java:updateAndGet(143)) - a5e85cbd-8f76-42d4-bb24-844dda1c2427: start FollowerState
2019-10-02 16:24:04,023 [a7280462-2d33-46bd-8f7d-fd2def1b64a1@group-4A61AF7B0291-SegmentedRaftLogWorker] INFO  segmented.SegmentedRaftLogWorker (SegmentedRaftLogWorker.java:execute(574)) - a7280462-2d33-46bd-8f7d-fd2def1b64a1@group-4A61AF7B0291-SegmentedRaftLogWorker: created new log segment /workdir/hadoop-ozone/integration-test/target/test-dir/MiniOzoneClusterImpl-6b197af6-1ec3-4c48-8b22-bd220886f217/datanode-5/data/ratis/46fb4dec-bc3e-45f4-b18e-4a61af7b0291/current/log_inprogress_0
2019-10-02 16:24:04,031 [Thread-1046] INFO  impl.FollowerState (FollowerState.java:run(108)) - 7b893dcc-9a8f-4484-aa5f-39ce0deafb7f@group-48E3E3CA07AD-FollowerState: change to CANDIDATE, lastRpcTime:5175ms, electionTimeout:5172ms
2019-10-02 16:24:04,033 [Thread-1042] INFO  impl.FollowerState (FollowerState.java:run(108)) - 2b422747-add7-4378-a867-aedecd2dd0d7@group-48E3E3CA07AD-FollowerState: change to CANDIDATE, lastRpcTime:5182ms, electionTimeout:5182ms
2019-10-02 16:24:04,037 [Thread-1046] INFO  impl.RoleInfo (RoleInfo.java:shutdownFollowerState(121)) - 7b893dcc-9a8f-4484-aa5f-39ce0deafb7f: shutdown FollowerState
2019-10-02 16:24:04,037 [051a4dbb-b9a9-4670-8da3-5c4833995036@group-48E3E3CA07AD-LeaderElection27] INFO  impl.LeaderElection (LeaderElection.java:askForVotes(178)) - 051a4dbb-b9a9-4670-8da3-5c4833995036@group-48E3E3CA07AD-LeaderElection27: begin an election at term 1 for -1: [2b422747-add7-4378-a867-aedecd2dd0d7:192.168.164.216:34175, 7b893dcc-9a8f-4484-aa5f-39ce0deafb7f:192.168.164.216:34594, 051a4dbb-b9a9-4670-8da3-5c4833995036:192.168.164.216:38769], old=null
2019-10-02 16:24:04,039 [Thread-1046] INFO  impl.RaftServerImpl (RaftServerImpl.java:setRole(170)) - 7b893dcc-9a8f-4484-aa5f-39ce0deafb7f@group-48E3E3CA07AD: changes role from  FOLLOWER to CANDIDATE at term 0 for changeToCandidate
2019-10-02 16:24:04,037 [Thread-1042] INFO  impl.RoleInfo (RoleInfo.java:shutdownFollowerState(121)) - 2b422747-add7-4378-a867-aedecd2dd0d7: shutdown FollowerState
2019-10-02 16:24:04,039 [Thread-1046] INFO  impl.RoleInfo (RoleInfo.java:updateAndGet(143)) - 7b893dcc-9a8f-4484-aa5f-39ce0deafb7f: start LeaderElection
2019-10-02 16:24:04,039 [Thread-1042] INFO  impl.RaftServerImpl (RaftServerImpl.java:setRole(170)) - 2b422747-add7-4378-a867-aedecd2dd0d7@group-48E3E3CA07AD: changes role from  FOLLOWER to CANDIDATE at term 0 for changeToCandidate
2019-10-02 16:24:04,040 [Thread-1042] INFO  impl.RoleInfo (RoleInfo.java:updateAndGet(143)) - 2b422747-add7-4378-a867-aedecd2dd0d7: start LeaderElection
2019-10-02 16:24:04,122 [2b422747-add7-4378-a867-aedecd2dd0d7@group-48E3E3CA07AD-LeaderElection29] INFO  impl.LeaderElection (LeaderElection.java:askForVotes(178)) - 2b422747-add7-4378-a867-aedecd2dd0d7@group-48E3E3CA07AD-LeaderElection29: begin an election at term 1 for -1: [2b422747-add7-4378-a867-aedecd2dd0d7:192.168.164.216:34175, 7b893dcc-9a8f-4484-aa5f-39ce0deafb7f:192.168.164.216:34594, 051a4dbb-b9a9-4670-8da3-5c4833995036:192.168.164.216:38769], old=null
2019-10-02 16:24:04,126 [7b893dcc-9a8f-4484-aa5f-39ce0deafb7f@group-48E3E3CA07AD-LeaderElection28] INFO  impl.LeaderElection (LeaderElection.java:askForVotes(178)) - 7b893dcc-9a8f-4484-aa5f-39ce0deafb7f@group-48E3E3CA07AD-LeaderElection28: begin an election at term 1 for -1: [2b422747-add7-4378-a867-aedecd2dd0d7:192.168.164.216:34175, 7b893dcc-9a8f-4484-aa5f-39ce0deafb7f:192.168.164.216:34594, 051a4dbb-b9a9-4670-8da3-5c4833995036:192.168.164.216:38769], old=null
2019-10-02 16:24:04,136 [051a4dbb-b9a9-4670-8da3-5c4833995036@group-48E3E3CA07AD-LeaderElection27] INFO  impl.LeaderElection (LeaderElection.java:logAndReturn(56)) - 051a4dbb-b9a9-4670-8da3-5c4833995036@group-48E3E3CA07AD-LeaderElection27: Election REJECTED; received 2 response(s) [051a4dbb-b9a9-4670-8da3-5c4833995036<-7b893dcc-9a8f-4484-aa5f-39ce0deafb7f#0:FAIL-t1, 051a4dbb-b9a9-4670-8da3-5c4833995036<-2b422747-add7-4378-a867-aedecd2dd0d7#0:FAIL-t1] and 0 exception(s); 051a4dbb-b9a9-4670-8da3-5c4833995036@group-48E3E3CA07AD:t1, leader=null, voted=051a4dbb-b9a9-4670-8da3-5c4833995036, raftlog=051a4dbb-b9a9-4670-8da3-5c4833995036@group-48E3E3CA07AD-SegmentedRaftLog:OPENED:c-1,f-1,i0, conf=-1: [2b422747-add7-4378-a867-aedecd2dd0d7:192.168.164.216:34175, 7b893dcc-9a8f-4484-aa5f-39ce0deafb7f:192.168.164.216:34594, 051a4dbb-b9a9-4670-8da3-5c4833995036:192.168.164.216:38769], old=null
2019-10-02 16:24:04,137 [051a4dbb-b9a9-4670-8da3-5c4833995036@group-48E3E3CA07AD-LeaderElection27] INFO  impl.RaftServerImpl (RaftServerImpl.java:setRole(170)) - 051a4dbb-b9a9-4670-8da3-5c4833995036@group-48E3E3CA07AD: changes role from CANDIDATE to FOLLOWER at term 1 for DISCOVERED_A_NEW_TERM
2019-10-02 16:24:04,137 [051a4dbb-b9a9-4670-8da3-5c4833995036@group-48E3E3CA07AD-LeaderElection27] INFO  impl.RoleInfo (RoleInfo.java:shutdownLeaderElection(134)) - 051a4dbb-b9a9-4670-8da3-5c4833995036: shutdown LeaderElection
2019-10-02 16:24:04,137 [051a4dbb-b9a9-4670-8da3-5c4833995036@group-48E3E3CA07AD-LeaderElection27] INFO  impl.RoleInfo (RoleInfo.java:updateAndGet(143)) - 051a4dbb-b9a9-4670-8da3-5c4833995036: start FollowerState
2019-10-02 16:24:04,159 [7b893dcc-9a8f-4484-aa5f-39ce0deafb7f@group-48E3E3CA07AD-LeaderElection28] INFO  impl.LeaderElection (LeaderElection.java:logAndReturn(56)) - 7b893dcc-9a8f-4484-aa5f-39ce0deafb7f@group-48E3E3CA07AD-LeaderElection28: Election REJECTED; received 2 response(s) [7b893dcc-9a8f-4484-aa5f-39ce0deafb7f<-2b422747-add7-4378-a867-aedecd2dd0d7#0:FAIL-t1, 7b893dcc-9a8f-4484-aa5f-39ce0deafb7f<-051a4dbb-b9a9-4670-8da3-5c4833995036#0:FAIL-t1] and 0 exception(s); 7b893dcc-9a8f-4484-aa5f-39ce0deafb7f@group-48E3E3CA07AD:t1, leader=null, voted=7b893dcc-9a8f-4484-aa5f-39ce0deafb7f, raftlog=7b893dcc-9a8f-4484-aa5f-39ce0deafb7f@group-48E3E3CA07AD-SegmentedRaftLog:OPENED:c-1,f-1,i0, conf=-1: [2b422747-add7-4378-a867-aedecd2dd0d7:192.168.164.216:34175, 7b893dcc-9a8f-4484-aa5f-39ce0deafb7f:192.168.164.216:34594, 051a4dbb-b9a9-4670-8da3-5c4833995036:192.168.164.216:38769], old=null
2019-10-02 16:24:04,162 [7b893dcc-9a8f-4484-aa5f-39ce0deafb7f@group-48E3E3CA07AD-LeaderElection28] INFO  impl.RaftServerImpl (RaftServerImpl.java:setRole(170)) - 7b893dcc-9a8f-4484-aa5f-39ce0deafb7f@group-48E3E3CA07AD: changes role from CANDIDATE to FOLLOWER at term 1 for DISCOVERED_A_NEW_TERM
2019-10-02 16:24:04,162 [7b893dcc-9a8f-4484-aa5f-39ce0deafb7f@group-48E3E3CA07AD-LeaderElection28] INFO  impl.RoleInfo (RoleInfo.java:shutdownLeaderElection(134)) - 7b893dcc-9a8f-4484-aa5f-39ce0deafb7f: shutdown LeaderElection
2019-10-02 16:24:04,162 [7b893dcc-9a8f-4484-aa5f-39ce0deafb7f@group-48E3E3CA07AD-LeaderElection28] INFO  impl.RoleInfo (RoleInfo.java:updateAndGet(143)) - 7b893dcc-9a8f-4484-aa5f-39ce0deafb7f: start FollowerState
2019-10-02 16:24:04,162 [2b422747-add7-4378-a867-aedecd2dd0d7@group-48E3E3CA07AD-LeaderElection29] INFO  impl.LeaderElection (LeaderElection.java:logAndReturn(56)) - 2b422747-add7-4378-a867-aedecd2dd0d7@group-48E3E3CA07AD-LeaderElection29: Election REJECTED; received 2 response(s) [2b422747-add7-4378-a867-aedecd2dd0d7<-7b893dcc-9a8f-4484-aa5f-39ce0deafb7f#0:FAIL-t1, 2b422747-add7-4378-a867-aedecd2dd0d7<-051a4dbb-b9a9-4670-8da3-5c4833995036#0:FAIL-t1] and 0 exception(s); 2b422747-add7-4378-a867-aedecd2dd0d7@group-48E3E3CA07AD:t1, leader=null, voted=2b422747-add7-4378-a867-aedecd2dd0d7, raftlog=2b422747-add7-4378-a867-aedecd2dd0d7@group-48E3E3CA07AD-SegmentedRaftLog:OPENED:c-1,f-1,i0, conf=-1: [2b422747-add7-4378-a867-aedecd2dd0d7:192.168.164.216:34175, 7b893dcc-9a8f-4484-aa5f-39ce0deafb7f:192.168.164.216:34594, 051a4dbb-b9a9-4670-8da3-5c4833995036:192.168.164.216:38769], old=null
2019-10-02 16:24:04,165 [2b422747-add7-4378-a867-aedecd2dd0d7@group-48E3E3CA07AD-LeaderElection29] INFO  impl.RaftServerImpl (RaftServerImpl.java:setRole(170)) - 2b422747-add7-4378-a867-aedecd2dd0d7@group-48E3E3CA07AD: changes role from CANDIDATE to FOLLOWER at term 1 for DISCOVERED_A_NEW_TERM
2019-10-02 16:24:04,165 [2b422747-add7-4378-a867-aedecd2dd0d7@group-48E3E3CA07AD-LeaderElection29] INFO  impl.RoleInfo (RoleInfo.java:shutdownLeaderElection(134)) - 2b422747-add7-4378-a867-aedecd2dd0d7: shutdown LeaderElection
2019-10-02 16:24:04,165 [2b422747-add7-4378-a867-aedecd2dd0d7@group-48E3E3CA07AD-LeaderElection29] INFO  impl.RoleInfo (RoleInfo.java:updateAndGet(143)) - 2b422747-add7-4378-a867-aedecd2dd0d7: start FollowerState
2019-10-02 16:24:09,126 [Thread-1088] INFO  impl.FollowerState (FollowerState.java:run(108)) - a5e85cbd-8f76-42d4-bb24-844dda1c2427@group-3AFB9787652A-FollowerState: change to CANDIDATE, lastRpcTime:5123ms, electionTimeout:5123ms
2019-10-02 16:24:09,133 [Thread-1088] INFO  impl.RoleInfo (RoleInfo.java:shutdownFollowerState(121)) - a5e85cbd-8f76-42d4-bb24-844dda1c2427: shutdown FollowerState
2019-10-02 16:24:09,133 [Thread-1088] INFO  impl.RaftServerImpl (RaftServerImpl.java:setRole(170)) - a5e85cbd-8f76-42d4-bb24-844dda1c2427@group-3AFB9787652A: changes role from  FOLLOWER to CANDIDATE at term 1 for changeToCandidate
2019-10-02 16:24:09,134 [Thread-1088] INFO  impl.RoleInfo (RoleInfo.java:updateAndGet(143)) - a5e85cbd-8f76-42d4-bb24-844dda1c2427: start LeaderElection
2019-10-02 16:24:09,138 [Thread-1087] INFO  impl.FollowerState (FollowerState.java:run(108)) - 178446a7-fd96-4772-ad33-38d05ec0a9f5@group-3AFB9787652A-FollowerState: change to CANDIDATE, lastRpcTime:5151ms, electionTimeout:5151ms
2019-10-02 16:24:09,138 [Thread-1087] INFO  impl.RoleInfo (RoleInfo.java:shutdownFollowerState(121)) - 178446a7-fd96-4772-ad33-38d05ec0a9f5: shutdown FollowerState
2019-10-02 16:24:09,138 [Thread-1087] INFO  impl.RaftServerImpl (RaftServerImpl.java:setRole(170)) - 178446a7-fd96-4772-ad33-38d05ec0a9f5@group-3AFB9787652A: changes role from  FOLLOWER to CANDIDATE at term 1 for changeToCandidate
2019-10-02 16:24:09,138 [Thread-1087] INFO  impl.RoleInfo (RoleInfo.java:updateAndGet(143)) - 178446a7-fd96-4772-ad33-38d05ec0a9f5: start LeaderElection
2019-10-02 16:24:09,173 [Thread-1086] INFO  impl.FollowerState (FollowerState.java:run(108)) - 167d44ae-632b-4dba-9778-38867dfddbf7@group-3AFB9787652A-FollowerState: change to CANDIDATE, lastRpcTime:5188ms, electionTimeout:5186ms
2019-10-02 16:24:09,173 [Thread-1086] INFO  impl.RoleInfo (RoleInfo.java:shutdownFollowerState(121)) - 167d44ae-632b-4dba-9778-38867dfddbf7: shutdown FollowerState
2019-10-02 16:24:09,173 [Thread-1086] INFO  impl.RaftServerImpl (RaftServerImpl.java:setRole(170)) - 167d44ae-632b-4dba-9778-38867dfddbf7@group-3AFB9787652A: changes role from  FOLLOWER to CANDIDATE at term 1 for changeToCandidate
2019-10-02 16:24:09,173 [Thread-1086] INFO  impl.RoleInfo (RoleInfo.java:updateAndGet(143)) - 167d44ae-632b-4dba-9778-38867dfddbf7: start LeaderElection
2019-10-02 16:24:09,331 [Thread-1099] INFO  impl.FollowerState (FollowerState.java:run(108)) - 051a4dbb-b9a9-4670-8da3-5c4833995036@group-48E3E3CA07AD-FollowerState: change to CANDIDATE, lastRpcTime:5194ms, electionTimeout:5194ms
2019-10-02 16:24:09,332 [Thread-1099] INFO  impl.RoleInfo (RoleInfo.java:shutdownFollowerState(121)) - 051a4dbb-b9a9-4670-8da3-5c4833995036: shutdown FollowerState
2019-10-02 16:24:09,332 [Thread-1099] INFO  impl.RaftServerImpl (RaftServerImpl.java:setRole(170)) - 051a4dbb-b9a9-4670-8da3-5c4833995036@group-48E3E3CA07AD: changes role from  FOLLOWER to CANDIDATE at term 1 for changeToCandidate
2019-10-02 16:24:09,332 [Thread-1099] INFO  impl.RoleInfo (RoleInfo.java:updateAndGet(143)) - 051a4dbb-b9a9-4670-8da3-5c4833995036: start LeaderElection
2019-10-02 16:24:09,344 [Thread-1101] INFO  impl.FollowerState (FollowerState.java:run(108)) - 2b422747-add7-4378-a867-aedecd2dd0d7@group-48E3E3CA07AD-FollowerState: change to CANDIDATE, lastRpcTime:5178ms, electionTimeout:5178ms
2019-10-02 16:24:09,344 [Thread-1101] INFO  impl.RoleInfo (RoleInfo.java:shutdownFollowerState(121)) - 2b422747-add7-4378-a867-aedecd2dd0d7: shutdown FollowerState
2019-10-02 16:24:09,344 [Thread-1101] INFO  impl.RaftServerImpl (RaftServerImpl.java:setRole(170)) - 2b422747-add7-4378-a867-aedecd2dd0d7@group-48E3E3CA07AD: changes role from  FOLLOWER to CANDIDATE at term 1 for changeToCandidate
2019-10-02 16:24:09,344 [Thread-1101] INFO  impl.RoleInfo (RoleInfo.java:updateAndGet(143)) - 2b422747-add7-4378-a867-aedecd2dd0d7: start LeaderElection
2019-10-02 16:24:09,349 [Thread-1100] INFO  impl.FollowerState (FollowerState.java:run(108)) - 7b893dcc-9a8f-4484-aa5f-39ce0deafb7f@group-48E3E3CA07AD-FollowerState: change to CANDIDATE, lastRpcTime:5187ms, electionTimeout:5184ms
2019-10-02 16:24:09,349 [Thread-1100] INFO  impl.RoleInfo (RoleInfo.java:shutdownFollowerState(121)) - 7b893dcc-9a8f-4484-aa5f-39ce0deafb7f: shutdown FollowerState
2019-10-02 16:24:09,349 [Thread-1100] INFO  impl.RaftServerImpl (RaftServerImpl.java:setRole(170)) - 7b893dcc-9a8f-4484-aa5f-39ce0deafb7f@group-48E3E3CA07AD: changes role from  FOLLOWER to CANDIDATE at term 1 for changeToCandidate
2019-10-02 16:24:09,350 [Thread-1100] INFO  impl.RoleInfo (RoleInfo.java:updateAndGet(143)) - 7b893dcc-9a8f-4484-aa5f-39ce0deafb7f: start LeaderElection
2019-10-02 16:24:11,655 [7b893dcc-9a8f-4484-aa5f-39ce0deafb7f@group-48E3E3CA07AD-LeaderElection35] INFO  impl.LeaderElection (LeaderElection.java:askForVotes(178)) - 7b893dcc-9a8f-4484-aa5f-39ce0deafb7f@group-48E3E3CA07AD-LeaderElection35: begin an election at term 2 for -1: [2b422747-add7-4378-a867-aedecd2dd0d7:192.168.164.216:34175, 7b893dcc-9a8f-4484-aa5f-39ce0deafb7f:192.168.164.216:34594, 051a4dbb-b9a9-4670-8da3-5c4833995036:192.168.164.216:38769], old=null
2019-10-02 16:24:11,655 [051a4dbb-b9a9-4670-8da3-5c4833995036@group-48E3E3CA07AD-LeaderElection33] INFO  impl.LeaderElection (LeaderElection.java:askForVotes(178)) - 051a4dbb-b9a9-4670-8da3-5c4833995036@group-48E3E3CA07AD-LeaderElection33: begin an election at term 2 for -1: [2b422747-add7-4378-a867-aedecd2dd0d7:192.168.164.216:34175, 7b893dcc-9a8f-4484-aa5f-39ce0deafb7f:192.168.164.216:34594, 051a4dbb-b9a9-4670-8da3-5c4833995036:192.168.164.216:38769], old=null
2019-10-02 16:24:11,655 [167d44ae-632b-4dba-9778-38867dfddbf7@group-3AFB9787652A-LeaderElection32] INFO  impl.LeaderElection (LeaderElection.java:askForVotes(178)) - 167d44ae-632b-4dba-9778-38867dfddbf7@group-3AFB9787652A-LeaderElection32: begin an election at term 2 for -1: [178446a7-fd96-4772-ad33-38d05ec0a9f5:192.168.164.216:34466, a5e85cbd-8f76-42d4-bb24-844dda1c2427:192.168.164.216:35175, 167d44ae-632b-4dba-9778-38867dfddbf7:192.168.164.216:45178], old=null
2019-10-02 16:24:11,655 [178446a7-fd96-4772-ad33-38d05ec0a9f5@group-3AFB9787652A-LeaderElection31] INFO  impl.LeaderElection (LeaderElection.java:askForVotes(178)) - 178446a7-fd96-4772-ad33-38d05ec0a9f5@group-3AFB9787652A-LeaderElection31: begin an election at term 2 for -1: [178446a7-fd96-4772-ad33-38d05ec0a9f5:192.168.164.216:34466, a5e85cbd-8f76-42d4-bb24-844dda1c2427:192.168.164.216:35175, 167d44ae-632b-4dba-9778-38867dfddbf7:192.168.164.216:45178], old=null
2019-10-02 16:24:11,655 [2b422747-add7-4378-a867-aedecd2dd0d7@group-48E3E3CA07AD-LeaderElection34] INFO  impl.LeaderElection (LeaderElection.java:askForVotes(178)) - 2b422747-add7-4378-a867-aedecd2dd0d7@group-48E3E3CA07AD-LeaderElection34: begin an election at term 2 for -1: [2b422747-add7-4378-a867-aedecd2dd0d7:192.168.164.216:34175, 7b893dcc-9a8f-4484-aa5f-39ce0deafb7f:192.168.164.216:34594, 051a4dbb-b9a9-4670-8da3-5c4833995036:192.168.164.216:38769], old=null
2019-10-02 16:24:11,655 [a5e85cbd-8f76-42d4-bb24-844dda1c2427@group-3AFB9787652A-LeaderElection30] INFO  impl.LeaderElection (LeaderElection.java:askForVotes(178)) - a5e85cbd-8f76-42d4-bb24-844dda1c2427@group-3AFB9787652A-LeaderElection30: begin an election at term 2 for -1: [178446a7-fd96-4772-ad33-38d05ec0a9f5:192.168.164.216:34466, a5e85cbd-8f76-42d4-bb24-844dda1c2427:192.168.164.216:35175, 167d44ae-632b-4dba-9778-38867dfddbf7:192.168.164.216:45178], old=null
2019-10-02 16:24:11,664 [167d44ae-632b-4dba-9778-38867dfddbf7@group-3AFB9787652A-LeaderElection32] INFO  impl.LeaderElection (LeaderElection.java:logAndReturn(56)) - 167d44ae-632b-4dba-9778-38867dfddbf7@group-3AFB9787652A-LeaderElection32: Election REJECTED; received 2 response(s) [167d44ae-632b-4dba-9778-38867dfddbf7<-178446a7-fd96-4772-ad33-38d05ec0a9f5#0:FAIL-t2, 167d44ae-632b-4dba-9778-38867dfddbf7<-a5e85cbd-8f76-42d4-bb24-844dda1c2427#0:FAIL-t2] and 0 exception(s); 167d44ae-632b-4dba-9778-38867dfddbf7@group-3AFB9787652A:t2, leader=null, voted=167d44ae-632b-4dba-9778-38867dfddbf7, raftlog=167d44ae-632b-4dba-9778-38867dfddbf7@group-3AFB9787652A-SegmentedRaftLog:OPENED:c-1,f-1,i0, conf=-1: [178446a7-fd96-4772-ad33-38d05ec0a9f5:192.168.164.216:34466, a5e85cbd-8f76-42d4-bb24-844dda1c2427:192.168.164.216:35175, 167d44ae-632b-4dba-9778-38867dfddbf7:192.168.164.216:45178], old=null
2019-10-02 16:24:11,664 [167d44ae-632b-4dba-9778-38867dfddbf7@group-3AFB9787652A-LeaderElection32] INFO  impl.RaftServerImpl (RaftServerImpl.java:setRole(170)) - 167d44ae-632b-4dba-9778-38867dfddbf7@group-3AFB9787652A: changes role from CANDIDATE to FOLLOWER at term 2 for DISCOVERED_A_NEW_TERM
2019-10-02 16:24:11,664 [167d44ae-632b-4dba-9778-38867dfddbf7@group-3AFB9787652A-LeaderElection32] INFO  impl.RoleInfo (RoleInfo.java:shutdownLeaderElection(134)) - 167d44ae-632b-4dba-9778-38867dfddbf7: shutdown LeaderElection
2019-10-02 16:24:11,665 [167d44ae-632b-4dba-9778-38867dfddbf7@group-3AFB9787652A-LeaderElection32] INFO  impl.RoleInfo (RoleInfo.java:updateAndGet(143)) - 167d44ae-632b-4dba-9778-38867dfddbf7: start FollowerState
2019-10-02 16:24:11,666 [051a4dbb-b9a9-4670-8da3-5c4833995036@group-48E3E3CA07AD-LeaderElection33] INFO  impl.LeaderElection (LeaderElection.java:logAndReturn(56)) - 051a4dbb-b9a9-4670-8da3-5c4833995036@group-48E3E3CA07AD-LeaderElection33: Election REJECTED; received 2 response(s) [051a4dbb-b9a9-4670-8da3-5c4833995036<-2b422747-add7-4378-a867-aedecd2dd0d7#0:FAIL-t2, 051a4dbb-b9a9-4670-8da3-5c4833995036<-7b893dcc-9a8f-4484-aa5f-39ce0deafb7f#0:FAIL-t2] and 0 exception(s); 051a4dbb-b9a9-4670-8da3-5c4833995036@group-48E3E3CA07AD:t2, leader=null, voted=051a4dbb-b9a9-4670-8da3-5c4833995036, raftlog=051a4dbb-b9a9-4670-8da3-5c4833995036@group-48E3E3CA07AD-SegmentedRaftLog:OPENED:c-1,f-1,i0, conf=-1: [2b422747-add7-4378-a867-aedecd2dd0d7:192.168.164.216:34175, 7b893dcc-9a8f-4484-aa5f-39ce0deafb7f:192.168.164.216:34594, 051a4dbb-b9a9-4670-8da3-5c4833995036:192.168.164.216:38769], old=null
2019-10-02 16:24:11,669 [051a4dbb-b9a9-4670-8da3-5c4833995036@group-48E3E3CA07AD-LeaderElection33] INFO  impl.RaftServerImpl (RaftServerImpl.java:setRole(170)) - 051a4dbb-b9a9-4670-8da3-5c4833995036@group-48E3E3CA07AD: changes role from CANDIDATE to FOLLOWER at term 2 for DISCOVERED_A_NEW_TERM
2019-10-02 16:24:11,669 [051a4dbb-b9a9-4670-8da3-5c4833995036@group-48E3E3CA07AD-LeaderElection33] INFO  impl.RoleInfo (RoleInfo.java:shutdownLeaderElection(134)) - 051a4dbb-b9a9-4670-8da3-5c4833995036: shutdown LeaderElection
2019-10-02 16:24:11,669 [051a4dbb-b9a9-4670-8da3-5c4833995036@group-48E3E3CA07AD-LeaderElection33] INFO  impl.RoleInfo (RoleInfo.java:updateAndGet(143)) - 051a4dbb-b9a9-4670-8da3-5c4833995036: start FollowerState
2019-10-02 16:24:11,669 [7b893dcc-9a8f-4484-aa5f-39ce0deafb7f@group-48E3E3CA07AD-LeaderElection35] INFO  impl.LeaderElection (LeaderElection.java:logAndReturn(56)) - 7b893dcc-9a8f-4484-aa5f-39ce0deafb7f@group-48E3E3CA07AD-LeaderElection35: Election REJECTED; received 2 response(s) [7b893dcc-9a8f-4484-aa5f-39ce0deafb7f<-2b422747-add7-4378-a867-aedecd2dd0d7#0:FAIL-t2, 7b893dcc-9a8f-4484-aa5f-39ce0deafb7f<-051a4dbb-b9a9-4670-8da3-5c4833995036#0:FAIL-t2] and 0 exception(s); 7b893dcc-9a8f-4484-aa5f-39ce0deafb7f@group-48E3E3CA07AD:t2, leader=null, voted=7b893dcc-9a8f-4484-aa5f-39ce0deafb7f, raftlog=7b893dcc-9a8f-4484-aa5f-39ce0deafb7f@group-48E3E3CA07AD-SegmentedRaftLog:OPENED:c-1,f-1,i0, conf=-1: [2b422747-add7-4378-a867-aedecd2dd0d7:192.168.164.216:34175, 7b893dcc-9a8f-4484-aa5f-39ce0deafb7f:192.168.164.216:34594, 051a4dbb-b9a9-4670-8da3-5c4833995036:192.168.164.216:38769], old=null
2019-10-02 16:24:11,671 [7b893dcc-9a8f-4484-aa5f-39ce0deafb7f@group-48E3E3CA07AD-LeaderElection35] INFO  impl.RaftServerImpl (RaftServerImpl.java:setRole(170)) - 7b893dcc-9a8f-4484-aa5f-39ce0deafb7f@group-48E3E3CA07AD: changes role from CANDIDATE to FOLLOWER at term 2 for DISCOVERED_A_NEW_TERM
2019-10-02 16:24:11,671 [7b893dcc-9a8f-4484-aa5f-39ce0deafb7f@group-48E3E3CA07AD-LeaderElection35] INFO  impl.RoleInfo (RoleInfo.java:shutdownLeaderElection(134)) - 7b893dcc-9a8f-4484-aa5f-39ce0deafb7f: shutdown LeaderElection
2019-10-02 16:24:11,671 [7b893dcc-9a8f-4484-aa5f-39ce0deafb7f@group-48E3E3CA07AD-LeaderElection35] INFO  impl.RoleInfo (RoleInfo.java:updateAndGet(143)) - 7b893dcc-9a8f-4484-aa5f-39ce0deafb7f: start FollowerState
2019-10-02 16:24:11,671 [a5e85cbd-8f76-42d4-bb24-844dda1c2427@group-3AFB9787652A-LeaderElection30] INFO  impl.LeaderElection (LeaderElection.java:logAndReturn(56)) - a5e85cbd-8f76-42d4-bb24-844dda1c2427@group-3AFB9787652A-LeaderElection30: Election REJECTED; received 2 response(s) [a5e85cbd-8f76-42d4-bb24-844dda1c2427<-178446a7-fd96-4772-ad33-38d05ec0a9f5#0:FAIL-t2, a5e85cbd-8f76-42d4-bb24-844dda1c2427<-167d44ae-632b-4dba-9778-38867dfddbf7#0:FAIL-t2] and 0 exception(s); a5e85cbd-8f76-42d4-bb24-844dda1c2427@group-3AFB9787652A:t2, leader=null, voted=a5e85cbd-8f76-42d4-bb24-844dda1c2427, raftlog=a5e85cbd-8f76-42d4-bb24-844dda1c2427@group-3AFB9787652A-SegmentedRaftLog:OPENED:c-1,f-1,i0, conf=-1: [178446a7-fd96-4772-ad33-38d05ec0a9f5:192.168.164.216:34466, a5e85cbd-8f76-42d4-bb24-844dda1c2427:192.168.164.216:35175, 167d44ae-632b-4dba-9778-38867dfddbf7:192.168.164.216:45178], old=null
2019-10-02 16:24:11,673 [a5e85cbd-8f76-42d4-bb24-844dda1c2427@group-3AFB9787652A-LeaderElection30] INFO  impl.RaftServerImpl (RaftServerImpl.java:setRole(170)) - a5e85cbd-8f76-42d4-bb24-844dda1c2427@group-3AFB9787652A: changes role from CANDIDATE to FOLLOWER at term 2 for DISCOVERED_A_NEW_TERM
2019-10-02 16:24:11,673 [a5e85cbd-8f76-42d4-bb24-844dda1c2427@group-3AFB9787652A-LeaderElection30] INFO  impl.RoleInfo (RoleInfo.java:shutdownLeaderElection(134)) - a5e85cbd-8f76-42d4-bb24-844dda1c2427: shutdown LeaderElection
2019-10-02 16:24:11,673 [a5e85cbd-8f76-42d4-bb24-844dda1c2427@group-3AFB9787652A-LeaderElection30] INFO  impl.RoleInfo (RoleInfo.java:updateAndGet(143)) - a5e85cbd-8f76-42d4-bb24-844dda1c2427: start FollowerState
2019-10-02 16:24:11,673 [2b422747-add7-4378-a867-aedecd2dd0d7@group-48E3E3CA07AD-LeaderElection34] INFO  impl.LeaderElection (LeaderElection.java:logAndReturn(56)) - 2b422747-add7-4378-a867-aedecd2dd0d7@group-48E3E3CA07AD-LeaderElection34: Election REJECTED; received 2 response(s) [2b422747-add7-4378-a867-aedecd2dd0d7<-7b893dcc-9a8f-4484-aa5f-39ce0deafb7f#0:FAIL-t2, 2b422747-add7-4378-a867-aedecd2dd0d7<-051a4dbb-b9a9-4670-8da3-5c4833995036#0:FAIL-t2] and 0 exception(s); 2b422747-add7-4378-a867-aedecd2dd0d7@group-48E3E3CA07AD:t2, leader=null, voted=2b422747-add7-4378-a867-aedecd2dd0d7, raftlog=2b422747-add7-4378-a867-aedecd2dd0d7@group-48E3E3CA07AD-SegmentedRaftLog:OPENED:c-1,f-1,i0, conf=-1: [2b422747-add7-4378-a867-aedecd2dd0d7:192.168.164.216:34175, 7b893dcc-9a8f-4484-aa5f-39ce0deafb7f:192.168.164.216:34594, 051a4dbb-b9a9-4670-8da3-5c4833995036:192.168.164.216:38769], old=null
2019-10-02 16:24:11,675 [178446a7-fd96-4772-ad33-38d05ec0a9f5@group-3AFB9787652A-LeaderElection31] INFO  impl.LeaderElection (LeaderElection.java:logAndReturn(56)) - 178446a7-fd96-4772-ad33-38d05ec0a9f5@group-3AFB9787652A-LeaderElection31: Election REJECTED; received 2 response(s) [178446a7-fd96-4772-ad33-38d05ec0a9f5<-a5e85cbd-8f76-42d4-bb24-844dda1c2427#0:FAIL-t2, 178446a7-fd96-4772-ad33-38d05ec0a9f5<-167d44ae-632b-4dba-9778-38867dfddbf7#0:FAIL-t2] and 0 exception(s); 178446a7-fd96-4772-ad33-38d05ec0a9f5@group-3AFB9787652A:t2, leader=null, voted=178446a7-fd96-4772-ad33-38d05ec0a9f5, raftlog=178446a7-fd96-4772-ad33-38d05ec0a9f5@group-3AFB9787652A-SegmentedRaftLog:OPENED:c-1,f-1,i0, conf=-1: [178446a7-fd96-4772-ad33-38d05ec0a9f5:192.168.164.216:34466, a5e85cbd-8f76-42d4-bb24-844dda1c2427:192.168.164.216:35175, 167d44ae-632b-4dba-9778-38867dfddbf7:192.168.164.216:45178], old=null
2019-10-02 16:24:11,675 [2b422747-add7-4378-a867-aedecd2dd0d7@group-48E3E3CA07AD-LeaderElection34] INFO  impl.RaftServerImpl (RaftServerImpl.java:setRole(170)) - 2b422747-add7-4378-a867-aedecd2dd0d7@group-48E3E3CA07AD: changes role from CANDIDATE to FOLLOWER at term 2 for DISCOVERED_A_NEW_TERM
2019-10-02 16:24:11,677 [178446a7-fd96-4772-ad33-38d05ec0a9f5@group-3AFB9787652A-LeaderElection31] INFO  impl.RaftServerImpl (RaftServerImpl.java:setRole(170)) - 178446a7-fd96-4772-ad33-38d05ec0a9f5@group-3AFB9787652A: changes role from CANDIDATE to FOLLOWER at term 2 for DISCOVERED_A_NEW_TERM
2019-10-02 16:24:11,678 [178446a7-fd96-4772-ad33-38d05ec0a9f5@group-3AFB9787652A-LeaderElection31] INFO  impl.RoleInfo (RoleInfo.java:shutdownLeaderElection(134)) - 178446a7-fd96-4772-ad33-38d05ec0a9f5: shutdown LeaderElection
2019-10-02 16:24:11,677 [2b422747-add7-4378-a867-aedecd2dd0d7@group-48E3E3CA07AD-LeaderElection34] INFO  impl.RoleInfo (RoleInfo.java:shutdownLeaderElection(134)) - 2b422747-add7-4378-a867-aedecd2dd0d7: shutdown LeaderElection
2019-10-02 16:24:11,679 [178446a7-fd96-4772-ad33-38d05ec0a9f5@group-3AFB9787652A-LeaderElection31] INFO  impl.RoleInfo (RoleInfo.java:updateAndGet(143)) - 178446a7-fd96-4772-ad33-38d05ec0a9f5: start FollowerState
2019-10-02 16:24:11,679 [2b422747-add7-4378-a867-aedecd2dd0d7@group-48E3E3CA07AD-LeaderElection34] INFO  impl.RoleInfo (RoleInfo.java:updateAndGet(143)) - 2b422747-add7-4378-a867-aedecd2dd0d7: start FollowerState
2019-10-02 16:24:16,709 [Thread-1137] INFO  impl.FollowerState (FollowerState.java:run(108)) - a5e85cbd-8f76-42d4-bb24-844dda1c2427@group-3AFB9787652A-FollowerState: change to CANDIDATE, lastRpcTime:5035ms, electionTimeout:5033ms
2019-10-02 16:24:16,710 [Thread-1137] INFO  impl.RoleInfo (RoleInfo.java:shutdownFollowerState(121)) - a5e85cbd-8f76-42d4-bb24-844dda1c2427: shutdown FollowerState
2019-10-02 16:24:16,710 [Thread-1137] INFO  impl.RaftServerImpl (RaftServerImpl.java:setRole(170)) - a5e85cbd-8f76-42d4-bb24-844dda1c2427@group-3AFB9787652A: changes role from  FOLLOWER to CANDIDATE at term 2 for changeToCandidate
2019-10-02 16:24:16,711 [Thread-1137] INFO  impl.RoleInfo (RoleInfo.java:updateAndGet(143)) - a5e85cbd-8f76-42d4-bb24-844dda1c2427: start LeaderElection
2019-10-02 16:24:16,805 [Thread-1138] INFO  impl.FollowerState (FollowerState.java:run(108)) - 178446a7-fd96-4772-ad33-38d05ec0a9f5@group-3AFB9787652A-FollowerState: change to CANDIDATE, lastRpcTime:5126ms, electionTimeout:5126ms
2019-10-02 16:24:16,806 [Thread-1138] INFO  impl.RoleInfo (RoleInfo.java:shutdownFollowerState(121)) - 178446a7-fd96-4772-ad33-38d05ec0a9f5: shutdown FollowerState
2019-10-02 16:24:16,806 [Thread-1138] INFO  impl.RaftServerImpl (RaftServerImpl.java:setRole(170)) - 178446a7-fd96-4772-ad33-38d05ec0a9f5@group-3AFB9787652A: changes role from  FOLLOWER to CANDIDATE at term 2 for changeToCandidate
2019-10-02 16:24:16,806 [Thread-1138] INFO  impl.RoleInfo (RoleInfo.java:updateAndGet(143)) - 178446a7-fd96-4772-ad33-38d05ec0a9f5: start LeaderElection
2019-10-02 16:24:16,811 [Thread-1139] INFO  impl.FollowerState (FollowerState.java:run(108)) - 2b422747-add7-4378-a867-aedecd2dd0d7@group-48E3E3CA07AD-FollowerState: change to CANDIDATE, lastRpcTime:5131ms, electionTimeout:5131ms
2019-10-02 16:24:16,811 [Thread-1139] INFO  impl.RoleInfo (RoleInfo.java:shutdownFollowerState(121)) - 2b422747-add7-4378-a867-aedecd2dd0d7: shutdown FollowerState
2019-10-02 16:24:16,811 [Thread-1139] INFO  impl.RaftServerImpl (RaftServerImpl.java:setRole(170)) - 2b422747-add7-4378-a867-aedecd2dd0d7@group-48E3E3CA07AD: changes role from  FOLLOWER to CANDIDATE at term 2 for changeToCandidate
2019-10-02 16:24:16,811 [Thread-1139] INFO  impl.RoleInfo (RoleInfo.java:updateAndGet(143)) - 2b422747-add7-4378-a867-aedecd2dd0d7: start LeaderElection
2019-10-02 16:24:16,813 [Thread-1134] INFO  impl.FollowerState (FollowerState.java:run(108)) - 167d44ae-632b-4dba-9778-38867dfddbf7@group-3AFB9787652A-FollowerState: change to CANDIDATE, lastRpcTime:5148ms, electionTimeout:5147ms
2019-10-02 16:24:16,813 [Thread-1134] INFO  impl.RoleInfo (RoleInfo.java:shutdownFollowerState(121)) - 167d44ae-632b-4dba-9778-38867dfddbf7: shutdown FollowerState
2019-10-02 16:24:16,813 [Thread-1134] INFO  impl.RaftServerImpl (RaftServerImpl.java:setRole(170)) - 167d44ae-632b-4dba-9778-38867dfddbf7@group-3AFB9787652A: changes role from  FOLLOWER to CANDIDATE at term 2 for changeToCandidate
2019-10-02 16:24:16,814 [Thread-1134] INFO  impl.RoleInfo (RoleInfo.java:updateAndGet(143)) - 167d44ae-632b-4dba-9778-38867dfddbf7: start LeaderElection
2019-10-02 16:24:16,862 [Thread-1135] INFO  impl.FollowerState (FollowerState.java:run(108)) - 051a4dbb-b9a9-4670-8da3-5c4833995036@group-48E3E3CA07AD-FollowerState: change to CANDIDATE, lastRpcTime:5192ms, electionTimeout:5192ms
2019-10-02 16:24:16,862 [Thread-1135] INFO  impl.RoleInfo (RoleInfo.java:shutdownFollowerState(121)) - 051a4dbb-b9a9-4670-8da3-5c4833995036: shutdown FollowerState
2019-10-02 16:24:16,862 [Thread-1135] INFO  impl.RaftServerImpl (RaftServerImpl.java:setRole(170)) - 051a4dbb-b9a9-4670-8da3-5c4833995036@group-48E3E3CA07AD: changes role from  FOLLOWER to CANDIDATE at term 2 for changeToCandidate
2019-10-02 16:24:16,862 [Thread-1135] INFO  impl.RoleInfo (RoleInfo.java:updateAndGet(143)) - 051a4dbb-b9a9-4670-8da3-5c4833995036: start LeaderElection
2019-10-02 16:24:16,870 [Thread-1136] INFO  impl.FollowerState (FollowerState.java:run(108)) - 7b893dcc-9a8f-4484-aa5f-39ce0deafb7f@group-48E3E3CA07AD-FollowerState: change to CANDIDATE, lastRpcTime:5199ms, electionTimeout:5197ms
2019-10-02 16:24:16,871 [Thread-1136] INFO  impl.RoleInfo (RoleInfo.java:shutdownFollowerState(121)) - 7b893dcc-9a8f-4484-aa5f-39ce0deafb7f: shutdown FollowerState
2019-10-02 16:24:16,871 [Thread-1136] INFO  impl.RaftServerImpl (RaftServerImpl.java:setRole(170)) - 7b893dcc-9a8f-4484-aa5f-39ce0deafb7f@group-48E3E3CA07AD: changes role from  FOLLOWER to CANDIDATE at term 2 for changeToCandidate
2019-10-02 16:24:16,871 [Thread-1136] INFO  impl.RoleInfo (RoleInfo.java:updateAndGet(143)) - 7b893dcc-9a8f-4484-aa5f-39ce0deafb7f: start LeaderElection
]]></system-out>
  </testcase>
  <testcase name="testWatchForCommitForRetryfailure" classname="org.apache.hadoop.ozone.client.rpc.TestWatchForCommit" time="100.698"/>
  <testcase name="testWatchForCommitForGroupMismatchException" classname="org.apache.hadoop.ozone.client.rpc.TestWatchForCommit" time="38.052"/>
  <testcase name="test2WayCommitForTimeoutException" classname="org.apache.hadoop.ozone.client.rpc.TestWatchForCommit" time="27.468">
    <error message="org.apache.ratis.protocol.RaftRetryFailureException: Failed RaftClientRequest:client-23DF5C098570-&gt;0b8f0ac0-9a6f-4054-9320-ff8d6bd8e7a9@group-87FD7415BD81, cid=100, seq=2*, RW, org.apache.hadoop.hdds.scm.XceiverClientRatis$$Lambda$540/2099541600@64dfb650 for 20 attempts with RetryLimited(maxAttempts=20, sleepTime=1000ms)" type="java.util.concurrent.ExecutionException">java.util.concurrent.ExecutionException: org.apache.ratis.protocol.RaftRetryFailureException: Failed RaftClientRequest:client-23DF5C098570->0b8f0ac0-9a6f-4054-9320-ff8d6bd8e7a9@group-87FD7415BD81, cid=100, seq=2*, RW, org.apache.hadoop.hdds.scm.XceiverClientRatis$$Lambda$540/2099541600@64dfb650 for 20 attempts with RetryLimited(maxAttempts=20, sleepTime=1000ms)
	at java.util.concurrent.CompletableFuture.reportGet(CompletableFuture.java:357)
	at java.util.concurrent.CompletableFuture.get(CompletableFuture.java:1895)
	at org.apache.hadoop.ozone.client.rpc.TestWatchForCommit.test2WayCommitForTimeoutException(TestWatchForCommit.java:390)
	at sun.reflect.NativeMethodAccessorImpl.invoke0(Native Method)
	at sun.reflect.NativeMethodAccessorImpl.invoke(NativeMethodAccessorImpl.java:62)
	at sun.reflect.DelegatingMethodAccessorImpl.invoke(DelegatingMethodAccessorImpl.java:43)
	at java.lang.reflect.Method.invoke(Method.java:498)
	at org.junit.runners.model.FrameworkMethod$1.runReflectiveCall(FrameworkMethod.java:47)
	at org.junit.internal.runners.model.ReflectiveCallable.run(ReflectiveCallable.java:12)
	at org.junit.runners.model.FrameworkMethod.invokeExplosively(FrameworkMethod.java:44)
	at org.junit.internal.runners.statements.InvokeMethod.evaluate(InvokeMethod.java:17)
	at org.junit.runners.ParentRunner.runLeaf(ParentRunner.java:271)
	at org.junit.runners.BlockJUnit4ClassRunner.runChild(BlockJUnit4ClassRunner.java:70)
	at org.junit.runners.BlockJUnit4ClassRunner.runChild(BlockJUnit4ClassRunner.java:50)
	at org.junit.runners.ParentRunner$3.run(ParentRunner.java:238)
	at org.junit.runners.ParentRunner$1.schedule(ParentRunner.java:63)
	at org.junit.runners.ParentRunner.runChildren(ParentRunner.java:236)
	at org.junit.runners.ParentRunner.access$000(ParentRunner.java:53)
	at org.junit.runners.ParentRunner$2.evaluate(ParentRunner.java:229)
	at org.junit.runners.ParentRunner.run(ParentRunner.java:309)
	at org.apache.maven.surefire.junit4.JUnit4Provider.execute(JUnit4Provider.java:365)
	at org.apache.maven.surefire.junit4.JUnit4Provider.executeWithRerun(JUnit4Provider.java:273)
	at org.apache.maven.surefire.junit4.JUnit4Provider.executeTestSet(JUnit4Provider.java:238)
	at org.apache.maven.surefire.junit4.JUnit4Provider.invoke(JUnit4Provider.java:159)
	at org.apache.maven.surefire.booter.ForkedBooter.invokeProviderInSameClassLoader(ForkedBooter.java:384)
	at org.apache.maven.surefire.booter.ForkedBooter.runSuitesInProcess(ForkedBooter.java:345)
	at org.apache.maven.surefire.booter.ForkedBooter.execute(ForkedBooter.java:126)
	at org.apache.maven.surefire.booter.ForkedBooter.main(ForkedBooter.java:418)
Caused by: org.apache.ratis.protocol.RaftRetryFailureException: Failed RaftClientRequest:client-23DF5C098570->0b8f0ac0-9a6f-4054-9320-ff8d6bd8e7a9@group-87FD7415BD81, cid=100, seq=2*, RW, org.apache.hadoop.hdds.scm.XceiverClientRatis$$Lambda$540/2099541600@64dfb650 for 20 attempts with RetryLimited(maxAttempts=20, sleepTime=1000ms)
	at org.apache.ratis.client.impl.RaftClientImpl.noMoreRetries(RaftClientImpl.java:271)
	at org.apache.ratis.client.impl.OrderedAsync.handleAsyncRetryFailure(OrderedAsync.java:138)
	at org.apache.ratis.client.impl.OrderedAsync.lambda$sendRequest$10(OrderedAsync.java:230)
	at java.util.concurrent.CompletableFuture.uniExceptionally(CompletableFuture.java:870)
	at java.util.concurrent.CompletableFuture$UniExceptionally.tryFire(CompletableFuture.java:852)
	at java.util.concurrent.CompletableFuture.postComplete(CompletableFuture.java:474)
	at java.util.concurrent.CompletableFuture.completeExceptionally(CompletableFuture.java:1977)
	at org.apache.ratis.grpc.client.GrpcClientProtocolClient$AsyncStreamObservers.completeReplyExceptionally(GrpcClientProtocolClient.java:345)
	at org.apache.ratis.grpc.client.GrpcClientProtocolClient$AsyncStreamObservers.access$000(GrpcClientProtocolClient.java:261)
	at org.apache.ratis.grpc.client.GrpcClientProtocolClient$AsyncStreamObservers$1.onNext(GrpcClientProtocolClient.java:273)
	at org.apache.ratis.grpc.client.GrpcClientProtocolClient$AsyncStreamObservers$1.onNext(GrpcClientProtocolClient.java:264)
	at org.apache.ratis.thirdparty.io.grpc.stub.ClientCalls$StreamObserverToCallListenerAdapter.onMessage(ClientCalls.java:421)
	at org.apache.ratis.thirdparty.io.grpc.ForwardingClientCallListener.onMessage(ForwardingClientCallListener.java:33)
	at org.apache.ratis.thirdparty.io.grpc.ForwardingClientCallListener.onMessage(ForwardingClientCallListener.java:33)
	at org.apache.ratis.thirdparty.io.grpc.internal.ClientCallImpl$ClientStreamListenerImpl$1MessagesAvailable.runInContext(ClientCallImpl.java:519)
	at org.apache.ratis.thirdparty.io.grpc.internal.ContextRunnable.run(ContextRunnable.java:37)
	at org.apache.ratis.thirdparty.io.grpc.internal.SerializingExecutor.run(SerializingExecutor.java:123)
	at java.util.concurrent.ThreadPoolExecutor.runWorker(ThreadPoolExecutor.java:1149)
	at java.util.concurrent.ThreadPoolExecutor$Worker.run(ThreadPoolExecutor.java:624)
	at java.lang.Thread.run(Thread.java:748)
Caused by: org.apache.ratis.protocol.NotLeaderException: Server 0b8f0ac0-9a6f-4054-9320-ff8d6bd8e7a9@group-87FD7415BD81 is not the leader
	at org.apache.ratis.client.impl.ClientProtoUtils.toRaftClientReply(ClientProtoUtils.java:243)
	at org.apache.ratis.grpc.client.GrpcClientProtocolClient$AsyncStreamObservers$1.onNext(GrpcClientProtocolClient.java:269)
	... 10 more
</error>
    <system-out><![CDATA[2019-10-02 16:26:37,145 [main] WARN  server.ServerUtils (ServerUtils.java:getScmDbDir(145)) - ozone.scm.db.dirs is not configured. We recommend adding this setting. Falling back to ozone.metadata.dirs instead.
2019-10-02 16:26:37,160 [main] WARN  server.ServerUtils (ServerUtils.java:getScmDbDir(145)) - ozone.scm.db.dirs is not configured. We recommend adding this setting. Falling back to ozone.metadata.dirs instead.
2019-10-02 16:26:37,161 [main] WARN  server.ServerUtils (ServerUtils.java:getScmDbDir(145)) - ozone.scm.db.dirs is not configured. We recommend adding this setting. Falling back to ozone.metadata.dirs instead.
2019-10-02 16:26:37,161 [main] INFO  db.DBStoreBuilder (DBStoreBuilder.java:addTable(110)) - using custom profile for table: deletedBlocks
2019-10-02 16:26:37,161 [main] INFO  db.DBStoreBuilder (DBStoreBuilder.java:processTables(161)) - Using default column profile:DBProfile.DISK for Table:deletedBlocks
2019-10-02 16:26:37,162 [main] INFO  db.DBStoreBuilder (DBStoreBuilder.java:addTable(110)) - using custom profile for table: validCerts
2019-10-02 16:26:37,162 [main] INFO  db.DBStoreBuilder (DBStoreBuilder.java:processTables(161)) - Using default column profile:DBProfile.DISK for Table:validCerts
2019-10-02 16:26:37,162 [main] INFO  db.DBStoreBuilder (DBStoreBuilder.java:addTable(110)) - using custom profile for table: revokedCerts
2019-10-02 16:26:37,162 [main] INFO  db.DBStoreBuilder (DBStoreBuilder.java:processTables(161)) - Using default column profile:DBProfile.DISK for Table:revokedCerts
2019-10-02 16:26:37,162 [main] INFO  db.DBStoreBuilder (DBStoreBuilder.java:addTable(110)) - using custom profile for table: default
2019-10-02 16:26:37,162 [main] INFO  db.DBStoreBuilder (DBStoreBuilder.java:processTables(167)) - Using default column profile:DBProfile.DISK for Table:default
2019-10-02 16:26:37,163 [main] INFO  db.DBStoreBuilder (DBStoreBuilder.java:getDbProfile(198)) - Using default options. DBProfile.DISK
2019-10-02 16:26:37,340 [main] INFO  net.NodeSchemaLoader (NodeSchemaLoader.java:loadSchemaFromFile(125)) - Loading file from sun.misc.CompoundEnumeration@527a8665
2019-10-02 16:26:37,340 [main] INFO  net.NodeSchemaLoader (NodeSchemaLoader.java:loadSchema(171)) - Loading network topology layer schema file
2019-10-02 16:26:37,343 [main] WARN  server.ServerUtils (ServerUtils.java:sanitizeUserArgs(70)) - ozone.scm.stale.node.interval value = 300000 is larger than max = 100000 based on the key value of ozone.scm.heartbeat.thread.interval, reset to the max value 100000.
2019-10-02 16:26:37,343 [main] WARN  server.ServerUtils (ServerUtils.java:sanitizeUserArgs(70)) - ozone.scm.stale.node.interval value = 300000 is larger than max = 100000 based on the key value of ozone.scm.heartbeat.thread.interval, reset to the max value 100000.
2019-10-02 16:26:37,344 [main] INFO  node.SCMNodeManager (SCMNodeManager.java:<init>(116)) - Entering startup safe mode.
2019-10-02 16:26:37,344 [main] INFO  algorithms.ContainerPlacementPolicyFactory (ContainerPlacementPolicyFactory.java:getPolicy(57)) - Create container placement policy of type org.apache.hadoop.hdds.scm.container.placement.algorithms.SCMContainerPlacementRandom
2019-10-02 16:26:37,344 [main] WARN  server.ServerUtils (ServerUtils.java:getScmDbDir(145)) - ozone.scm.db.dirs is not configured. We recommend adding this setting. Falling back to ozone.metadata.dirs instead.
2019-10-02 16:26:37,374 [main] INFO  pipeline.SCMPipelineManager (SCMPipelineManager.java:initializePipelineState(132)) - No pipeline exists in current db
2019-10-02 16:26:37,374 [main] WARN  server.ServerUtils (ServerUtils.java:getScmDbDir(145)) - ozone.scm.db.dirs is not configured. We recommend adding this setting. Falling back to ozone.metadata.dirs instead.
2019-10-02 16:26:37,396 [main] WARN  events.EventQueue (EventQueue.java:fireEvent(183)) - No event handler registered for event TypedEvent{payloadType=SafeModeStatus, name='SafeModeStatus'}
2019-10-02 16:26:37,396 [main] INFO  ipc.CallQueueManager (CallQueueManager.java:<init>(84)) - Using callQueue: class java.util.concurrent.LinkedBlockingQueue, queueCapacity: 2000, scheduler: class org.apache.hadoop.ipc.DefaultRpcScheduler, ipcBackoff: false.
2019-10-02 16:26:37,397 [Socket Reader #1 for port 46861] INFO  ipc.Server (Server.java:run(1074)) - Starting Socket Reader #1 for port 46861
2019-10-02 16:26:37,401 [main] INFO  ipc.CallQueueManager (CallQueueManager.java:<init>(84)) - Using callQueue: class java.util.concurrent.LinkedBlockingQueue, queueCapacity: 2000, scheduler: class org.apache.hadoop.ipc.DefaultRpcScheduler, ipcBackoff: false.
2019-10-02 16:26:37,401 [Socket Reader #1 for port 41633] INFO  ipc.Server (Server.java:run(1074)) - Starting Socket Reader #1 for port 41633
2019-10-02 16:26:37,403 [main] INFO  ipc.CallQueueManager (CallQueueManager.java:<init>(84)) - Using callQueue: class java.util.concurrent.LinkedBlockingQueue, queueCapacity: 2000, scheduler: class org.apache.hadoop.ipc.DefaultRpcScheduler, ipcBackoff: false.
2019-10-02 16:26:37,404 [Socket Reader #1 for port 46557] INFO  ipc.Server (Server.java:run(1074)) - Starting Socket Reader #1 for port 46557
2019-10-02 16:26:37,406 [main] INFO  hdfs.DFSUtil (DFSUtil.java:httpServerTemplateForNNAndJN(1641)) - Starting Web-server for scm at: http://0.0.0.0:0
2019-10-02 16:26:37,409 [main] INFO  server.AuthenticationFilter (AuthenticationFilter.java:constructSecretProvider(240)) - Unable to initialize FileSignerSecretProvider, falling back to use random secrets.
2019-10-02 16:26:37,410 [main] WARN  http.HttpRequestLog (HttpRequestLog.java:getRequestLog(97)) - Jetty request log can only be enabled using Log4j
2019-10-02 16:26:37,412 [main] INFO  http.HttpServer2 (HttpServer2.java:addGlobalFilter(975)) - Added global filter 'safety' (class=org.apache.hadoop.http.HttpServer2$QuotingInputFilter)
2019-10-02 16:26:37,413 [main] INFO  http.HttpServer2 (HttpServer2.java:addFilter(948)) - Added filter static_user_filter (class=org.apache.hadoop.http.lib.StaticUserWebFilter$StaticUserFilter) to context scm
2019-10-02 16:26:37,413 [main] INFO  http.HttpServer2 (HttpServer2.java:addFilter(958)) - Added filter static_user_filter (class=org.apache.hadoop.http.lib.StaticUserWebFilter$StaticUserFilter) to context logs
2019-10-02 16:26:37,413 [main] INFO  http.HttpServer2 (HttpServer2.java:addFilter(958)) - Added filter static_user_filter (class=org.apache.hadoop.http.lib.StaticUserWebFilter$StaticUserFilter) to context static
2019-10-02 16:26:37,415 [main] INFO  server.StorageContainerManager (StorageContainerManager.java:start(770)) - StorageContainerLocationProtocol RPC server is listening at /0.0.0.0:46557
2019-10-02 16:26:37,418 [main] WARN  impl.MetricsConfig (MetricsConfig.java:loadFirst(134)) - Cannot locate configuration: tried hadoop-metrics2-storagecontainermanager.properties,hadoop-metrics2.properties
2019-10-02 16:26:37,419 [main] INFO  impl.MetricsSystemImpl (MetricsSystemImpl.java:startTimer(374)) - Scheduled Metric snapshot period at 10 second(s).
2019-10-02 16:26:37,419 [main] INFO  impl.MetricsSystemImpl (MetricsSystemImpl.java:start(191)) - StorageContainerManager metrics system started
2019-10-02 16:26:37,787 [main] WARN  impl.MetricsSystemImpl (MetricsSystemImpl.java:register(276)) - Sink prometheus already exists!
2019-10-02 16:26:38,189 [main] INFO  server.SCMClientProtocolServer (SCMClientProtocolServer.java:start(150)) - RPC server for Client  is listening at /0.0.0.0:46557
2019-10-02 16:26:38,190 [IPC Server Responder] INFO  ipc.Server (Server.java:run(1314)) - IPC Server Responder: starting
2019-10-02 16:26:38,193 [IPC Server listener on 46557] INFO  ipc.Server (Server.java:run(1153)) - IPC Server listener on 46557: starting
2019-10-02 16:26:38,198 [main] INFO  server.StorageContainerManager (StorageContainerManager.java:start(780)) - ScmBlockLocationProtocol RPC server is listening at /0.0.0.0:41633
2019-10-02 16:26:38,198 [main] INFO  server.SCMBlockProtocolServer (SCMBlockProtocolServer.java:start(148)) - RPC server for Block Protocol is listening at /0.0.0.0:41633
2019-10-02 16:26:38,199 [IPC Server Responder] INFO  ipc.Server (Server.java:run(1314)) - IPC Server Responder: starting
2019-10-02 16:26:38,199 [IPC Server listener on 41633] INFO  ipc.Server (Server.java:run(1153)) - IPC Server listener on 41633: starting
2019-10-02 16:26:38,210 [main] INFO  server.StorageContainerManager (StorageContainerManager.java:start(784)) - ScmDatanodeProtocl RPC server is listening at /0.0.0.0:46861
2019-10-02 16:26:38,210 [main] INFO  server.SCMDatanodeProtocolServer (SCMDatanodeProtocolServer.java:start(191)) - RPC server for DataNodes is listening at /0.0.0.0:46861
2019-10-02 16:26:38,210 [IPC Server Responder] INFO  ipc.Server (Server.java:run(1314)) - IPC Server Responder: starting
2019-10-02 16:26:38,210 [IPC Server listener on 46861] INFO  ipc.Server (Server.java:run(1153)) - IPC Server listener on 46861: starting
2019-10-02 16:26:38,216 [main] INFO  http.HttpServer2 (HttpServer2.java:bindListener(1191)) - Jetty bound to port 44130
2019-10-02 16:26:38,216 [main] INFO  server.Server (Server.java:doStart(351)) - jetty-9.3.25.v20180904, build timestamp: 2018-09-04T21:11:46Z, git hash: 3ce520221d0240229c862b122d2b06c12a625732
2019-10-02 16:26:38,217 [main] INFO  handler.ContextHandler (ContextHandler.java:doStart(781)) - Started o.e.j.s.ServletContextHandler@3b4086c1{/logs,file:///workdir/hadoop-ozone/integration-test/target/log,AVAILABLE}
2019-10-02 16:26:38,218 [main] INFO  handler.ContextHandler (ContextHandler.java:doStart(781)) - Started o.e.j.s.ServletContextHandler@33d7765a{/static,file:///workdir/hadoop-ozone/integration-test/target/test-classes/webapps/static,AVAILABLE}
2019-10-02 16:26:38,222 [main] INFO  handler.ContextHandler (ContextHandler.java:doStart(781)) - Started o.e.j.w.WebAppContext@78e68401{/,file:///workdir/hadoop-ozone/integration-test/target/test-classes/webapps/scm/,AVAILABLE}{/scm}
2019-10-02 16:26:38,222 [main] INFO  server.AbstractConnector (AbstractConnector.java:doStart(278)) - Started ServerConnector@391515c7{HTTP/1.1,[http/1.1]}{0.0.0.0:44130}
2019-10-02 16:26:38,224 [main] INFO  server.Server (Server.java:doStart(419)) - Started @252057ms
2019-10-02 16:26:38,225 [main] WARN  impl.MetricsSystemImpl (MetricsSystemImpl.java:register(276)) - Sink prometheus already exists!
2019-10-02 16:26:38,225 [main] INFO  server.BaseHttpServer (BaseHttpServer.java:updateConnectorAddress(215)) - HTTP server of SCM is listening at http://0.0.0.0:44130
2019-10-02 16:26:38,226 [main] WARN  server.ServerUtils (ServerUtils.java:getDBPath(222)) - ozone.om.db.dirs is not configured. We recommend adding this setting. Falling back to ozone.metadata.dirs instead.
2019-10-02 16:26:38,228 [org.apache.hadoop.util.JvmPauseMonitor$Monitor@4b9dbf07] INFO  util.JvmPauseMonitor (JvmPauseMonitor.java:run(188)) - Starting JVM pause monitor
2019-10-02 16:26:38,242 [main] WARN  server.ServerUtils (ServerUtils.java:getDBPath(222)) - ozone.om.db.dirs is not configured. We recommend adding this setting. Falling back to ozone.metadata.dirs instead.
2019-10-02 16:26:38,242 [main] WARN  server.ServerUtils (ServerUtils.java:getDBPath(222)) - ozone.om.db.dirs is not configured. We recommend adding this setting. Falling back to ozone.metadata.dirs instead.
2019-10-02 16:26:38,242 [main] INFO  om.OzoneManager (OzoneManager.java:setOMNodeDetails(652)) - OM Service ID is not set. Setting it to the default ID: omServiceIdDefault
2019-10-02 16:26:38,243 [main] INFO  om.OzoneManager (OzoneManager.java:setOMNodeDetails(658)) - OM Node ID is not set. Setting it to the OmStorage's OmID: 3a45fec9-b35b-4add-a33d-b31d6f6f73ab
2019-10-02 16:26:38,243 [main] INFO  om.OzoneManager (OzoneManager.java:loadOMHAConfigs(609)) - Found matching OM address with OMServiceId: null, OMNodeId: null, RPC Address: localhost:0 and Ratis port: 9872
2019-10-02 16:26:38,254 [main] WARN  server.ServerUtils (ServerUtils.java:getDBPath(222)) - ozone.om.db.dirs is not configured. We recommend adding this setting. Falling back to ozone.metadata.dirs instead.
2019-10-02 16:26:38,254 [main] INFO  db.DBStoreBuilder (DBStoreBuilder.java:addTable(110)) - using custom profile for table: userTable
2019-10-02 16:26:38,255 [main] INFO  db.DBStoreBuilder (DBStoreBuilder.java:processTables(161)) - Using default column profile:DBProfile.DISK for Table:userTable
2019-10-02 16:26:38,255 [main] INFO  db.DBStoreBuilder (DBStoreBuilder.java:addTable(110)) - using custom profile for table: volumeTable
2019-10-02 16:26:38,255 [main] INFO  db.DBStoreBuilder (DBStoreBuilder.java:processTables(161)) - Using default column profile:DBProfile.DISK for Table:volumeTable
2019-10-02 16:26:38,255 [main] INFO  db.DBStoreBuilder (DBStoreBuilder.java:addTable(110)) - using custom profile for table: bucketTable
2019-10-02 16:26:38,255 [main] INFO  db.DBStoreBuilder (DBStoreBuilder.java:processTables(161)) - Using default column profile:DBProfile.DISK for Table:bucketTable
2019-10-02 16:26:38,255 [main] INFO  db.DBStoreBuilder (DBStoreBuilder.java:addTable(110)) - using custom profile for table: keyTable
2019-10-02 16:26:38,256 [main] INFO  db.DBStoreBuilder (DBStoreBuilder.java:processTables(161)) - Using default column profile:DBProfile.DISK for Table:keyTable
2019-10-02 16:26:38,256 [main] INFO  db.DBStoreBuilder (DBStoreBuilder.java:addTable(110)) - using custom profile for table: deletedTable
2019-10-02 16:26:38,256 [main] INFO  db.DBStoreBuilder (DBStoreBuilder.java:processTables(161)) - Using default column profile:DBProfile.DISK for Table:deletedTable
2019-10-02 16:26:38,256 [main] INFO  db.DBStoreBuilder (DBStoreBuilder.java:addTable(110)) - using custom profile for table: openKeyTable
2019-10-02 16:26:38,256 [main] INFO  db.DBStoreBuilder (DBStoreBuilder.java:processTables(161)) - Using default column profile:DBProfile.DISK for Table:openKeyTable
2019-10-02 16:26:38,256 [main] INFO  db.DBStoreBuilder (DBStoreBuilder.java:addTable(110)) - using custom profile for table: s3Table
2019-10-02 16:26:38,257 [main] INFO  db.DBStoreBuilder (DBStoreBuilder.java:processTables(161)) - Using default column profile:DBProfile.DISK for Table:s3Table
2019-10-02 16:26:38,257 [main] INFO  db.DBStoreBuilder (DBStoreBuilder.java:addTable(110)) - using custom profile for table: multipartInfoTable
2019-10-02 16:26:38,257 [main] INFO  db.DBStoreBuilder (DBStoreBuilder.java:processTables(161)) - Using default column profile:DBProfile.DISK for Table:multipartInfoTable
2019-10-02 16:26:38,257 [main] INFO  db.DBStoreBuilder (DBStoreBuilder.java:addTable(110)) - using custom profile for table: dTokenTable
2019-10-02 16:26:38,257 [main] INFO  db.DBStoreBuilder (DBStoreBuilder.java:processTables(161)) - Using default column profile:DBProfile.DISK for Table:dTokenTable
2019-10-02 16:26:38,257 [main] INFO  db.DBStoreBuilder (DBStoreBuilder.java:addTable(110)) - using custom profile for table: s3SecretTable
2019-10-02 16:26:38,258 [main] INFO  db.DBStoreBuilder (DBStoreBuilder.java:processTables(161)) - Using default column profile:DBProfile.DISK for Table:s3SecretTable
2019-10-02 16:26:38,258 [main] INFO  db.DBStoreBuilder (DBStoreBuilder.java:addTable(110)) - using custom profile for table: prefixTable
2019-10-02 16:26:38,258 [main] INFO  db.DBStoreBuilder (DBStoreBuilder.java:processTables(161)) - Using default column profile:DBProfile.DISK for Table:prefixTable
2019-10-02 16:26:38,258 [main] INFO  db.DBStoreBuilder (DBStoreBuilder.java:addTable(110)) - using custom profile for table: default
2019-10-02 16:26:38,258 [main] INFO  db.DBStoreBuilder (DBStoreBuilder.java:processTables(167)) - Using default column profile:DBProfile.DISK for Table:default
2019-10-02 16:26:38,258 [main] INFO  db.DBStoreBuilder (DBStoreBuilder.java:getDbProfile(198)) - Using default options. DBProfile.DISK
2019-10-02 16:26:38,789 [main] INFO  ipc.CallQueueManager (CallQueueManager.java:<init>(84)) - Using callQueue: class java.util.concurrent.LinkedBlockingQueue, queueCapacity: 2000, scheduler: class org.apache.hadoop.ipc.DefaultRpcScheduler, ipcBackoff: false.
2019-10-02 16:26:38,790 [Socket Reader #1 for port 40232] INFO  ipc.Server (Server.java:run(1074)) - Starting Socket Reader #1 for port 40232
2019-10-02 16:26:38,801 [main] INFO  om.OzoneManager (OzoneManager.java:start(1243)) - OzoneManager RPC server is listening at localhost/127.0.0.1:40232
2019-10-02 16:26:38,801 [main] INFO  impl.MetricsSystemImpl (MetricsSystemImpl.java:init(158)) - OzoneManager metrics system started (again)
2019-10-02 16:26:38,802 [IPC Server Responder] INFO  ipc.Server (Server.java:run(1314)) - IPC Server Responder: starting
2019-10-02 16:26:38,802 [IPC Server listener on 40232] INFO  ipc.Server (Server.java:run(1153)) - IPC Server listener on 40232: starting
2019-10-02 16:26:38,813 [main] INFO  hdfs.DFSUtil (DFSUtil.java:httpServerTemplateForNNAndJN(1641)) - Starting Web-server for ozoneManager at: http://0.0.0.0:0
2019-10-02 16:26:38,814 [main] INFO  server.AuthenticationFilter (AuthenticationFilter.java:constructSecretProvider(240)) - Unable to initialize FileSignerSecretProvider, falling back to use random secrets.
2019-10-02 16:26:38,814 [main] WARN  http.HttpRequestLog (HttpRequestLog.java:getRequestLog(97)) - Jetty request log can only be enabled using Log4j
2019-10-02 16:26:38,816 [main] INFO  http.HttpServer2 (HttpServer2.java:addGlobalFilter(975)) - Added global filter 'safety' (class=org.apache.hadoop.http.HttpServer2$QuotingInputFilter)
2019-10-02 16:26:38,816 [main] INFO  http.HttpServer2 (HttpServer2.java:addFilter(948)) - Added filter static_user_filter (class=org.apache.hadoop.http.lib.StaticUserWebFilter$StaticUserFilter) to context ozoneManager
2019-10-02 16:26:38,816 [main] INFO  http.HttpServer2 (HttpServer2.java:addFilter(958)) - Added filter static_user_filter (class=org.apache.hadoop.http.lib.StaticUserWebFilter$StaticUserFilter) to context static
2019-10-02 16:26:38,816 [main] INFO  http.HttpServer2 (HttpServer2.java:addFilter(958)) - Added filter static_user_filter (class=org.apache.hadoop.http.lib.StaticUserWebFilter$StaticUserFilter) to context logs
2019-10-02 16:26:38,817 [main] INFO  http.HttpServer2 (HttpServer2.java:bindListener(1191)) - Jetty bound to port 39729
2019-10-02 16:26:38,817 [main] INFO  server.Server (Server.java:doStart(351)) - jetty-9.3.25.v20180904, build timestamp: 2018-09-04T21:11:46Z, git hash: 3ce520221d0240229c862b122d2b06c12a625732
2019-10-02 16:26:38,819 [main] INFO  handler.ContextHandler (ContextHandler.java:doStart(781)) - Started o.e.j.s.ServletContextHandler@7c950b3b{/logs,file:///workdir/hadoop-ozone/integration-test/target/log,AVAILABLE}
2019-10-02 16:26:38,819 [main] INFO  handler.ContextHandler (ContextHandler.java:doStart(781)) - Started o.e.j.s.ServletContextHandler@6806468e{/static,file:///workdir/hadoop-ozone/integration-test/target/test-classes/webapps/static,AVAILABLE}
2019-10-02 16:26:38,823 [main] INFO  handler.ContextHandler (ContextHandler.java:doStart(781)) - Started o.e.j.w.WebAppContext@48bc2fce{/,file:///workdir/hadoop-ozone/integration-test/target/test-classes/webapps/ozoneManager/,AVAILABLE}{/ozoneManager}
2019-10-02 16:26:38,823 [main] INFO  server.AbstractConnector (AbstractConnector.java:doStart(278)) - Started ServerConnector@1eca3ea7{HTTP/1.1,[http/1.1]}{0.0.0.0:39729}
2019-10-02 16:26:38,826 [main] INFO  server.Server (Server.java:doStart(419)) - Started @252659ms
2019-10-02 16:26:38,826 [main] WARN  impl.MetricsSystemImpl (MetricsSystemImpl.java:register(276)) - Sink prometheus already exists!
2019-10-02 16:26:38,827 [main] INFO  server.BaseHttpServer (BaseHttpServer.java:updateConnectorAddress(215)) - HTTP server of OZONEMANAGER is listening at http://0.0.0.0:39729
2019-10-02 16:26:38,847 [main] INFO  impl.MetricsSystemImpl (MetricsSystemImpl.java:init(158)) - HddsDatanode metrics system started (again)
2019-10-02 16:26:38,877 [main] INFO  ozone.HddsDatanodeService (HddsDatanodeService.java:start(184)) - HddsDatanodeService host:pr-hdds-2199-dnstouuidmap-57hpg-3119262845 ip:192.168.164.216
2019-10-02 16:26:38,888 [main] INFO  volume.HddsVolume (HddsVolume.java:<init>(176)) - Creating Volume: /workdir/hadoop-ozone/integration-test/target/test-dir/MiniOzoneClusterImpl-a2d53b8a-6fb3-402b-9a89-497566b34bb7/datanode-0/data/containers/hdds of  storage type : DISK and capacity : 1482555576320
2019-10-02 16:26:38,888 [main] INFO  volume.VolumeSet (VolumeSet.java:initializeVolumeSet(170)) - Added Volume : /workdir/hadoop-ozone/integration-test/target/test-dir/MiniOzoneClusterImpl-a2d53b8a-6fb3-402b-9a89-497566b34bb7/datanode-0/data/containers/hdds to VolumeSet
2019-10-02 16:26:38,888 [main] INFO  volume.ThrottledAsyncChecker (ThrottledAsyncChecker.java:schedule(139)) - Scheduling a check for org.apache.hadoop.ozone.container.common.volume.HddsVolume@7b18658a
2019-10-02 16:26:38,892 [main] INFO  volume.HddsVolumeChecker (HddsVolumeChecker.java:checkAllVolumes(202)) - Scheduled health check for volume org.apache.hadoop.ozone.container.common.volume.HddsVolume@7b18658a
2019-10-02 16:26:38,904 [main] INFO  impl.RaftServerProxy (ConfUtils.java:logGet(43)) - raft.rpc.type = GRPC (default)
2019-10-02 16:26:38,904 [main] INFO  grpc.GrpcFactory (GrpcFactory.java:checkPooledByteBufAllocatorUseCacheForAllThreads(45)) - PERFORMANCE WARNING: useCacheForAllThreads is true that may cause Netty to create a lot garbage objects and, as a result, trigger GC.
	It is recommended to disable useCacheForAllThreads by setting -Dorg.apache.ratis.thirdparty.io.netty.allocator.useCacheForAllThreads=false in command line.
2019-10-02 16:26:38,904 [main] INFO  grpc.GrpcConfigKeys$Server (ConfUtils.java:logGet(43)) - raft.grpc.server.port = 0 (default)
2019-10-02 16:26:38,904 [main] INFO  server.GrpcService (ConfUtils.java:logGet(43)) - raft.grpc.message.size.max = 33570816 (custom)
2019-10-02 16:26:38,904 [main] INFO  server.RaftServerConfigKeys (ConfUtils.java:logGet(43)) - raft.server.log.appender.buffer.byte-limit = 33554432 (custom)
2019-10-02 16:26:38,905 [main] INFO  server.GrpcService (ConfUtils.java:logGet(43)) - raft.grpc.flow.control.window = 1MB (=1048576) (default)
2019-10-02 16:26:38,905 [main] INFO  server.RaftServerConfigKeys (ConfUtils.java:logGet(43)) - raft.server.rpc.request.timeout = 3000ms (default)
2019-10-02 16:26:38,905 [main] INFO  server.RaftServerConfigKeys (ConfUtils.java:logGet(43)) - raft.server.storage.dir = [/workdir/hadoop-ozone/integration-test/target/test-dir/MiniOzoneClusterImpl-a2d53b8a-6fb3-402b-9a89-497566b34bb7/datanode-0/data/ratis] (custom)
2019-10-02 16:26:38,908 [main] INFO  hdfs.DFSUtil (DFSUtil.java:httpServerTemplateForNNAndJN(1641)) - Starting Web-server for hddsDatanode at: http://0.0.0.0:0
2019-10-02 16:26:38,910 [main] INFO  server.AuthenticationFilter (AuthenticationFilter.java:constructSecretProvider(240)) - Unable to initialize FileSignerSecretProvider, falling back to use random secrets.
2019-10-02 16:26:38,910 [main] WARN  http.HttpRequestLog (HttpRequestLog.java:getRequestLog(97)) - Jetty request log can only be enabled using Log4j
2019-10-02 16:26:38,912 [main] INFO  http.HttpServer2 (HttpServer2.java:addGlobalFilter(975)) - Added global filter 'safety' (class=org.apache.hadoop.http.HttpServer2$QuotingInputFilter)
2019-10-02 16:26:38,913 [main] INFO  http.HttpServer2 (HttpServer2.java:addFilter(948)) - Added filter static_user_filter (class=org.apache.hadoop.http.lib.StaticUserWebFilter$StaticUserFilter) to context hddsDatanode
2019-10-02 16:26:38,913 [main] INFO  http.HttpServer2 (HttpServer2.java:addFilter(958)) - Added filter static_user_filter (class=org.apache.hadoop.http.lib.StaticUserWebFilter$StaticUserFilter) to context static
2019-10-02 16:26:38,914 [main] INFO  http.HttpServer2 (HttpServer2.java:addFilter(958)) - Added filter static_user_filter (class=org.apache.hadoop.http.lib.StaticUserWebFilter$StaticUserFilter) to context logs
2019-10-02 16:26:38,914 [main] INFO  http.HttpServer2 (HttpServer2.java:bindListener(1191)) - Jetty bound to port 36432
2019-10-02 16:26:38,915 [main] INFO  server.Server (Server.java:doStart(351)) - jetty-9.3.25.v20180904, build timestamp: 2018-09-04T21:11:46Z, git hash: 3ce520221d0240229c862b122d2b06c12a625732
2019-10-02 16:26:38,917 [main] INFO  handler.ContextHandler (ContextHandler.java:doStart(781)) - Started o.e.j.s.ServletContextHandler@6d69a0d3{/logs,file:///workdir/hadoop-ozone/integration-test/target/log,AVAILABLE}
2019-10-02 16:26:38,917 [main] INFO  handler.ContextHandler (ContextHandler.java:doStart(781)) - Started o.e.j.s.ServletContextHandler@257f30f7{/static,jar:file:/home/user/.m2/repository/org/apache/hadoop/hadoop-hdds-container-service/0.5.0-SNAPSHOT/hadoop-hdds-container-service-0.5.0-SNAPSHOT.jar!/webapps/static,AVAILABLE}
2019-10-02 16:26:38,960 [main] INFO  handler.ContextHandler (ContextHandler.java:doStart(781)) - Started o.e.j.w.WebAppContext@752b69e3{/,file:///tmp/jetty-0.0.0.0-36432-hddsDatanode-_-any-6665502348058568801.dir/webapp/,AVAILABLE}{/hddsDatanode}
2019-10-02 16:26:38,960 [main] INFO  server.AbstractConnector (AbstractConnector.java:doStart(278)) - Started ServerConnector@15605d83{HTTP/1.1,[http/1.1]}{0.0.0.0:36432}
2019-10-02 16:26:38,967 [main] INFO  server.Server (Server.java:doStart(419)) - Started @252799ms
2019-10-02 16:26:38,967 [main] WARN  impl.MetricsSystemImpl (MetricsSystemImpl.java:register(276)) - Sink prometheus already exists!
2019-10-02 16:26:38,967 [main] INFO  server.BaseHttpServer (BaseHttpServer.java:updateConnectorAddress(215)) - HTTP server of HDDSDATANODE is listening at http://0.0.0.0:36432
2019-10-02 16:26:38,968 [main] INFO  impl.MetricsSystemImpl (MetricsSystemImpl.java:init(158)) - HddsDatanode metrics system started (again)
2019-10-02 16:26:38,994 [org.apache.hadoop.util.JvmPauseMonitor$Monitor@5af01ad1] INFO  util.JvmPauseMonitor (JvmPauseMonitor.java:run(188)) - Starting JVM pause monitor
2019-10-02 16:26:38,997 [Datanode State Machine Thread - 0] INFO  datanode.InitDatanodeState (InitDatanodeState.java:persistContainerDatanodeDetails(140)) - DatanodeDetails is persisted to /workdir/hadoop-ozone/integration-test/target/test-dir/MiniOzoneClusterImpl-a2d53b8a-6fb3-402b-9a89-497566b34bb7/datanode-0/meta/datanode.id
2019-10-02 16:26:38,997 [main] INFO  ozone.HddsDatanodeService (HddsDatanodeService.java:start(184)) - HddsDatanodeService host:pr-hdds-2199-dnstouuidmap-57hpg-3119262845 ip:192.168.164.216
2019-10-02 16:26:39,008 [main] INFO  volume.HddsVolume (HddsVolume.java:<init>(176)) - Creating Volume: /workdir/hadoop-ozone/integration-test/target/test-dir/MiniOzoneClusterImpl-a2d53b8a-6fb3-402b-9a89-497566b34bb7/datanode-1/data/containers/hdds of  storage type : DISK and capacity : 1482555576320
2019-10-02 16:26:39,008 [main] INFO  volume.VolumeSet (VolumeSet.java:initializeVolumeSet(170)) - Added Volume : /workdir/hadoop-ozone/integration-test/target/test-dir/MiniOzoneClusterImpl-a2d53b8a-6fb3-402b-9a89-497566b34bb7/datanode-1/data/containers/hdds to VolumeSet
2019-10-02 16:26:39,009 [main] INFO  volume.ThrottledAsyncChecker (ThrottledAsyncChecker.java:schedule(139)) - Scheduling a check for org.apache.hadoop.ozone.container.common.volume.HddsVolume@6b2fdffc
2019-10-02 16:26:39,009 [main] INFO  volume.HddsVolumeChecker (HddsVolumeChecker.java:checkAllVolumes(202)) - Scheduled health check for volume org.apache.hadoop.ozone.container.common.volume.HddsVolume@6b2fdffc
2019-10-02 16:26:39,030 [main] INFO  impl.RaftServerProxy (ConfUtils.java:logGet(43)) - raft.rpc.type = GRPC (default)
2019-10-02 16:26:39,030 [main] INFO  grpc.GrpcFactory (GrpcFactory.java:checkPooledByteBufAllocatorUseCacheForAllThreads(45)) - PERFORMANCE WARNING: useCacheForAllThreads is true that may cause Netty to create a lot garbage objects and, as a result, trigger GC.
	It is recommended to disable useCacheForAllThreads by setting -Dorg.apache.ratis.thirdparty.io.netty.allocator.useCacheForAllThreads=false in command line.
2019-10-02 16:26:39,030 [main] INFO  grpc.GrpcConfigKeys$Server (ConfUtils.java:logGet(43)) - raft.grpc.server.port = 0 (default)
2019-10-02 16:26:39,031 [main] INFO  server.GrpcService (ConfUtils.java:logGet(43)) - raft.grpc.message.size.max = 33570816 (custom)
2019-10-02 16:26:39,031 [main] INFO  server.RaftServerConfigKeys (ConfUtils.java:logGet(43)) - raft.server.log.appender.buffer.byte-limit = 33554432 (custom)
2019-10-02 16:26:39,031 [main] INFO  server.GrpcService (ConfUtils.java:logGet(43)) - raft.grpc.flow.control.window = 1MB (=1048576) (default)
2019-10-02 16:26:39,031 [main] INFO  server.RaftServerConfigKeys (ConfUtils.java:logGet(43)) - raft.server.rpc.request.timeout = 3000ms (default)
2019-10-02 16:26:39,031 [main] INFO  server.RaftServerConfigKeys (ConfUtils.java:logGet(43)) - raft.server.storage.dir = [/workdir/hadoop-ozone/integration-test/target/test-dir/MiniOzoneClusterImpl-a2d53b8a-6fb3-402b-9a89-497566b34bb7/datanode-1/data/ratis] (custom)
2019-10-02 16:26:39,033 [main] INFO  hdfs.DFSUtil (DFSUtil.java:httpServerTemplateForNNAndJN(1641)) - Starting Web-server for hddsDatanode at: http://0.0.0.0:0
2019-10-02 16:26:39,034 [main] INFO  server.AuthenticationFilter (AuthenticationFilter.java:constructSecretProvider(240)) - Unable to initialize FileSignerSecretProvider, falling back to use random secrets.
2019-10-02 16:26:39,034 [main] WARN  http.HttpRequestLog (HttpRequestLog.java:getRequestLog(97)) - Jetty request log can only be enabled using Log4j
2019-10-02 16:26:39,035 [main] INFO  http.HttpServer2 (HttpServer2.java:addGlobalFilter(975)) - Added global filter 'safety' (class=org.apache.hadoop.http.HttpServer2$QuotingInputFilter)
2019-10-02 16:26:39,036 [main] INFO  http.HttpServer2 (HttpServer2.java:addFilter(948)) - Added filter static_user_filter (class=org.apache.hadoop.http.lib.StaticUserWebFilter$StaticUserFilter) to context hddsDatanode
2019-10-02 16:26:39,036 [main] INFO  http.HttpServer2 (HttpServer2.java:addFilter(958)) - Added filter static_user_filter (class=org.apache.hadoop.http.lib.StaticUserWebFilter$StaticUserFilter) to context static
2019-10-02 16:26:39,036 [main] INFO  http.HttpServer2 (HttpServer2.java:addFilter(958)) - Added filter static_user_filter (class=org.apache.hadoop.http.lib.StaticUserWebFilter$StaticUserFilter) to context logs
2019-10-02 16:26:39,037 [main] INFO  http.HttpServer2 (HttpServer2.java:bindListener(1191)) - Jetty bound to port 45377
2019-10-02 16:26:39,037 [main] INFO  server.Server (Server.java:doStart(351)) - jetty-9.3.25.v20180904, build timestamp: 2018-09-04T21:11:46Z, git hash: 3ce520221d0240229c862b122d2b06c12a625732
2019-10-02 16:26:39,038 [main] INFO  handler.ContextHandler (ContextHandler.java:doStart(781)) - Started o.e.j.s.ServletContextHandler@7e61e25c{/logs,file:///workdir/hadoop-ozone/integration-test/target/log,AVAILABLE}
2019-10-02 16:26:39,039 [main] INFO  handler.ContextHandler (ContextHandler.java:doStart(781)) - Started o.e.j.s.ServletContextHandler@256bb5be{/static,jar:file:/home/user/.m2/repository/org/apache/hadoop/hadoop-hdds-container-service/0.5.0-SNAPSHOT/hadoop-hdds-container-service-0.5.0-SNAPSHOT.jar!/webapps/static,AVAILABLE}
2019-10-02 16:26:39,066 [main] INFO  handler.ContextHandler (ContextHandler.java:doStart(781)) - Started o.e.j.w.WebAppContext@367d34c0{/,file:///tmp/jetty-0.0.0.0-45377-hddsDatanode-_-any-3827750800763562304.dir/webapp/,AVAILABLE}{/hddsDatanode}
2019-10-02 16:26:39,067 [main] INFO  server.AbstractConnector (AbstractConnector.java:doStart(278)) - Started ServerConnector@4ce25e47{HTTP/1.1,[http/1.1]}{0.0.0.0:45377}
2019-10-02 16:26:39,071 [main] INFO  server.Server (Server.java:doStart(419)) - Started @252903ms
2019-10-02 16:26:39,071 [main] WARN  impl.MetricsSystemImpl (MetricsSystemImpl.java:register(276)) - Sink prometheus already exists!
2019-10-02 16:26:39,071 [main] INFO  server.BaseHttpServer (BaseHttpServer.java:updateConnectorAddress(215)) - HTTP server of HDDSDATANODE is listening at http://0.0.0.0:45377
2019-10-02 16:26:39,072 [main] INFO  impl.MetricsSystemImpl (MetricsSystemImpl.java:init(158)) - HddsDatanode metrics system started (again)
2019-10-02 16:26:39,105 [org.apache.hadoop.util.JvmPauseMonitor$Monitor@568058a3] INFO  util.JvmPauseMonitor (JvmPauseMonitor.java:run(188)) - Starting JVM pause monitor
2019-10-02 16:26:39,107 [Datanode State Machine Thread - 0] INFO  datanode.InitDatanodeState (InitDatanodeState.java:persistContainerDatanodeDetails(140)) - DatanodeDetails is persisted to /workdir/hadoop-ozone/integration-test/target/test-dir/MiniOzoneClusterImpl-a2d53b8a-6fb3-402b-9a89-497566b34bb7/datanode-1/meta/datanode.id
2019-10-02 16:26:39,109 [main] INFO  ozone.HddsDatanodeService (HddsDatanodeService.java:start(184)) - HddsDatanodeService host:pr-hdds-2199-dnstouuidmap-57hpg-3119262845 ip:192.168.164.216
2019-10-02 16:26:39,117 [main] INFO  volume.HddsVolume (HddsVolume.java:<init>(176)) - Creating Volume: /workdir/hadoop-ozone/integration-test/target/test-dir/MiniOzoneClusterImpl-a2d53b8a-6fb3-402b-9a89-497566b34bb7/datanode-2/data/containers/hdds of  storage type : DISK and capacity : 1482555576320
2019-10-02 16:26:39,118 [main] INFO  volume.VolumeSet (VolumeSet.java:initializeVolumeSet(170)) - Added Volume : /workdir/hadoop-ozone/integration-test/target/test-dir/MiniOzoneClusterImpl-a2d53b8a-6fb3-402b-9a89-497566b34bb7/datanode-2/data/containers/hdds to VolumeSet
2019-10-02 16:26:39,118 [main] INFO  volume.ThrottledAsyncChecker (ThrottledAsyncChecker.java:schedule(139)) - Scheduling a check for org.apache.hadoop.ozone.container.common.volume.HddsVolume@7c453c34
2019-10-02 16:26:39,118 [main] INFO  volume.HddsVolumeChecker (HddsVolumeChecker.java:checkAllVolumes(202)) - Scheduled health check for volume org.apache.hadoop.ozone.container.common.volume.HddsVolume@7c453c34
2019-10-02 16:26:39,134 [main] INFO  impl.RaftServerProxy (ConfUtils.java:logGet(43)) - raft.rpc.type = GRPC (default)
2019-10-02 16:26:39,134 [main] INFO  grpc.GrpcFactory (GrpcFactory.java:checkPooledByteBufAllocatorUseCacheForAllThreads(45)) - PERFORMANCE WARNING: useCacheForAllThreads is true that may cause Netty to create a lot garbage objects and, as a result, trigger GC.
	It is recommended to disable useCacheForAllThreads by setting -Dorg.apache.ratis.thirdparty.io.netty.allocator.useCacheForAllThreads=false in command line.
2019-10-02 16:26:39,135 [main] INFO  grpc.GrpcConfigKeys$Server (ConfUtils.java:logGet(43)) - raft.grpc.server.port = 0 (default)
2019-10-02 16:26:39,135 [main] INFO  server.GrpcService (ConfUtils.java:logGet(43)) - raft.grpc.message.size.max = 33570816 (custom)
2019-10-02 16:26:39,135 [main] INFO  server.RaftServerConfigKeys (ConfUtils.java:logGet(43)) - raft.server.log.appender.buffer.byte-limit = 33554432 (custom)
2019-10-02 16:26:39,135 [main] INFO  server.GrpcService (ConfUtils.java:logGet(43)) - raft.grpc.flow.control.window = 1MB (=1048576) (default)
2019-10-02 16:26:39,136 [main] INFO  server.RaftServerConfigKeys (ConfUtils.java:logGet(43)) - raft.server.rpc.request.timeout = 3000ms (default)
2019-10-02 16:26:39,136 [main] INFO  server.RaftServerConfigKeys (ConfUtils.java:logGet(43)) - raft.server.storage.dir = [/workdir/hadoop-ozone/integration-test/target/test-dir/MiniOzoneClusterImpl-a2d53b8a-6fb3-402b-9a89-497566b34bb7/datanode-2/data/ratis] (custom)
2019-10-02 16:26:39,137 [main] INFO  hdfs.DFSUtil (DFSUtil.java:httpServerTemplateForNNAndJN(1641)) - Starting Web-server for hddsDatanode at: http://0.0.0.0:0
2019-10-02 16:26:39,139 [main] INFO  server.AuthenticationFilter (AuthenticationFilter.java:constructSecretProvider(240)) - Unable to initialize FileSignerSecretProvider, falling back to use random secrets.
2019-10-02 16:26:39,139 [main] WARN  http.HttpRequestLog (HttpRequestLog.java:getRequestLog(97)) - Jetty request log can only be enabled using Log4j
2019-10-02 16:26:39,140 [main] INFO  http.HttpServer2 (HttpServer2.java:addGlobalFilter(975)) - Added global filter 'safety' (class=org.apache.hadoop.http.HttpServer2$QuotingInputFilter)
2019-10-02 16:26:39,141 [main] INFO  http.HttpServer2 (HttpServer2.java:addFilter(948)) - Added filter static_user_filter (class=org.apache.hadoop.http.lib.StaticUserWebFilter$StaticUserFilter) to context hddsDatanode
2019-10-02 16:26:39,141 [main] INFO  http.HttpServer2 (HttpServer2.java:addFilter(958)) - Added filter static_user_filter (class=org.apache.hadoop.http.lib.StaticUserWebFilter$StaticUserFilter) to context static
2019-10-02 16:26:39,141 [main] INFO  http.HttpServer2 (HttpServer2.java:addFilter(958)) - Added filter static_user_filter (class=org.apache.hadoop.http.lib.StaticUserWebFilter$StaticUserFilter) to context logs
2019-10-02 16:26:39,142 [main] INFO  http.HttpServer2 (HttpServer2.java:bindListener(1191)) - Jetty bound to port 46299
2019-10-02 16:26:39,142 [main] INFO  server.Server (Server.java:doStart(351)) - jetty-9.3.25.v20180904, build timestamp: 2018-09-04T21:11:46Z, git hash: 3ce520221d0240229c862b122d2b06c12a625732
2019-10-02 16:26:39,143 [main] INFO  handler.ContextHandler (ContextHandler.java:doStart(781)) - Started o.e.j.s.ServletContextHandler@1595d2b2{/logs,file:///workdir/hadoop-ozone/integration-test/target/log,AVAILABLE}
2019-10-02 16:26:39,144 [main] INFO  handler.ContextHandler (ContextHandler.java:doStart(781)) - Started o.e.j.s.ServletContextHandler@6cbb7a7d{/static,jar:file:/home/user/.m2/repository/org/apache/hadoop/hadoop-hdds-container-service/0.5.0-SNAPSHOT/hadoop-hdds-container-service-0.5.0-SNAPSHOT.jar!/webapps/static,AVAILABLE}
2019-10-02 16:26:39,171 [main] INFO  handler.ContextHandler (ContextHandler.java:doStart(781)) - Started o.e.j.w.WebAppContext@2bd8f7db{/,file:///tmp/jetty-0.0.0.0-46299-hddsDatanode-_-any-5873401627267767988.dir/webapp/,AVAILABLE}{/hddsDatanode}
2019-10-02 16:26:39,171 [main] INFO  server.AbstractConnector (AbstractConnector.java:doStart(278)) - Started ServerConnector@6d7ad0f5{HTTP/1.1,[http/1.1]}{0.0.0.0:46299}
2019-10-02 16:26:39,174 [main] INFO  server.Server (Server.java:doStart(419)) - Started @253007ms
2019-10-02 16:26:39,174 [main] WARN  impl.MetricsSystemImpl (MetricsSystemImpl.java:register(276)) - Sink prometheus already exists!
2019-10-02 16:26:39,175 [main] INFO  server.BaseHttpServer (BaseHttpServer.java:updateConnectorAddress(215)) - HTTP server of HDDSDATANODE is listening at http://0.0.0.0:46299
2019-10-02 16:26:39,175 [main] INFO  impl.MetricsSystemImpl (MetricsSystemImpl.java:init(158)) - HddsDatanode metrics system started (again)
2019-10-02 16:26:39,199 [org.apache.hadoop.util.JvmPauseMonitor$Monitor@4fb970ef] INFO  util.JvmPauseMonitor (JvmPauseMonitor.java:run(188)) - Starting JVM pause monitor
2019-10-02 16:26:39,200 [Datanode State Machine Thread - 0] INFO  datanode.InitDatanodeState (InitDatanodeState.java:persistContainerDatanodeDetails(140)) - DatanodeDetails is persisted to /workdir/hadoop-ozone/integration-test/target/test-dir/MiniOzoneClusterImpl-a2d53b8a-6fb3-402b-9a89-497566b34bb7/datanode-2/meta/datanode.id
2019-10-02 16:26:39,200 [main] INFO  ozone.HddsDatanodeService (HddsDatanodeService.java:start(184)) - HddsDatanodeService host:pr-hdds-2199-dnstouuidmap-57hpg-3119262845 ip:192.168.164.216
2019-10-02 16:26:39,208 [main] INFO  volume.HddsVolume (HddsVolume.java:<init>(176)) - Creating Volume: /workdir/hadoop-ozone/integration-test/target/test-dir/MiniOzoneClusterImpl-a2d53b8a-6fb3-402b-9a89-497566b34bb7/datanode-3/data/containers/hdds of  storage type : DISK and capacity : 1482555576320
2019-10-02 16:26:39,209 [main] INFO  volume.VolumeSet (VolumeSet.java:initializeVolumeSet(170)) - Added Volume : /workdir/hadoop-ozone/integration-test/target/test-dir/MiniOzoneClusterImpl-a2d53b8a-6fb3-402b-9a89-497566b34bb7/datanode-3/data/containers/hdds to VolumeSet
2019-10-02 16:26:39,209 [main] INFO  volume.ThrottledAsyncChecker (ThrottledAsyncChecker.java:schedule(139)) - Scheduling a check for org.apache.hadoop.ozone.container.common.volume.HddsVolume@2dfa02c1
2019-10-02 16:26:39,209 [main] INFO  volume.HddsVolumeChecker (HddsVolumeChecker.java:checkAllVolumes(202)) - Scheduled health check for volume org.apache.hadoop.ozone.container.common.volume.HddsVolume@2dfa02c1
2019-10-02 16:26:39,225 [main] INFO  impl.RaftServerProxy (ConfUtils.java:logGet(43)) - raft.rpc.type = GRPC (default)
2019-10-02 16:26:39,226 [main] INFO  grpc.GrpcFactory (GrpcFactory.java:checkPooledByteBufAllocatorUseCacheForAllThreads(45)) - PERFORMANCE WARNING: useCacheForAllThreads is true that may cause Netty to create a lot garbage objects and, as a result, trigger GC.
	It is recommended to disable useCacheForAllThreads by setting -Dorg.apache.ratis.thirdparty.io.netty.allocator.useCacheForAllThreads=false in command line.
2019-10-02 16:26:39,226 [main] INFO  grpc.GrpcConfigKeys$Server (ConfUtils.java:logGet(43)) - raft.grpc.server.port = 0 (default)
2019-10-02 16:26:39,226 [main] INFO  server.GrpcService (ConfUtils.java:logGet(43)) - raft.grpc.message.size.max = 33570816 (custom)
2019-10-02 16:26:39,226 [main] INFO  server.RaftServerConfigKeys (ConfUtils.java:logGet(43)) - raft.server.log.appender.buffer.byte-limit = 33554432 (custom)
2019-10-02 16:26:39,226 [main] INFO  server.GrpcService (ConfUtils.java:logGet(43)) - raft.grpc.flow.control.window = 1MB (=1048576) (default)
2019-10-02 16:26:39,227 [main] INFO  server.RaftServerConfigKeys (ConfUtils.java:logGet(43)) - raft.server.rpc.request.timeout = 3000ms (default)
2019-10-02 16:26:39,227 [main] INFO  server.RaftServerConfigKeys (ConfUtils.java:logGet(43)) - raft.server.storage.dir = [/workdir/hadoop-ozone/integration-test/target/test-dir/MiniOzoneClusterImpl-a2d53b8a-6fb3-402b-9a89-497566b34bb7/datanode-3/data/ratis] (custom)
2019-10-02 16:26:39,228 [main] INFO  hdfs.DFSUtil (DFSUtil.java:httpServerTemplateForNNAndJN(1641)) - Starting Web-server for hddsDatanode at: http://0.0.0.0:0
2019-10-02 16:26:39,231 [main] INFO  server.AuthenticationFilter (AuthenticationFilter.java:constructSecretProvider(240)) - Unable to initialize FileSignerSecretProvider, falling back to use random secrets.
2019-10-02 16:26:39,231 [main] WARN  http.HttpRequestLog (HttpRequestLog.java:getRequestLog(97)) - Jetty request log can only be enabled using Log4j
2019-10-02 16:26:39,233 [main] INFO  http.HttpServer2 (HttpServer2.java:addGlobalFilter(975)) - Added global filter 'safety' (class=org.apache.hadoop.http.HttpServer2$QuotingInputFilter)
2019-10-02 16:26:39,234 [main] INFO  http.HttpServer2 (HttpServer2.java:addFilter(948)) - Added filter static_user_filter (class=org.apache.hadoop.http.lib.StaticUserWebFilter$StaticUserFilter) to context hddsDatanode
2019-10-02 16:26:39,234 [main] INFO  http.HttpServer2 (HttpServer2.java:addFilter(958)) - Added filter static_user_filter (class=org.apache.hadoop.http.lib.StaticUserWebFilter$StaticUserFilter) to context static
2019-10-02 16:26:39,235 [main] INFO  http.HttpServer2 (HttpServer2.java:addFilter(958)) - Added filter static_user_filter (class=org.apache.hadoop.http.lib.StaticUserWebFilter$StaticUserFilter) to context logs
2019-10-02 16:26:39,236 [main] INFO  http.HttpServer2 (HttpServer2.java:bindListener(1191)) - Jetty bound to port 43960
2019-10-02 16:26:39,236 [main] INFO  server.Server (Server.java:doStart(351)) - jetty-9.3.25.v20180904, build timestamp: 2018-09-04T21:11:46Z, git hash: 3ce520221d0240229c862b122d2b06c12a625732
2019-10-02 16:26:39,238 [main] INFO  handler.ContextHandler (ContextHandler.java:doStart(781)) - Started o.e.j.s.ServletContextHandler@fddd7ae{/logs,file:///workdir/hadoop-ozone/integration-test/target/log,AVAILABLE}
2019-10-02 16:26:39,239 [main] INFO  handler.ContextHandler (ContextHandler.java:doStart(781)) - Started o.e.j.s.ServletContextHandler@2725ca05{/static,jar:file:/home/user/.m2/repository/org/apache/hadoop/hadoop-hdds-container-service/0.5.0-SNAPSHOT/hadoop-hdds-container-service-0.5.0-SNAPSHOT.jar!/webapps/static,AVAILABLE}
2019-10-02 16:26:39,279 [main] INFO  handler.ContextHandler (ContextHandler.java:doStart(781)) - Started o.e.j.w.WebAppContext@79df80a4{/,file:///tmp/jetty-0.0.0.0-43960-hddsDatanode-_-any-6513992990958782636.dir/webapp/,AVAILABLE}{/hddsDatanode}
2019-10-02 16:26:39,279 [main] INFO  server.AbstractConnector (AbstractConnector.java:doStart(278)) - Started ServerConnector@130cfc47{HTTP/1.1,[http/1.1]}{0.0.0.0:43960}
2019-10-02 16:26:39,282 [main] INFO  server.Server (Server.java:doStart(419)) - Started @253115ms
2019-10-02 16:26:39,283 [main] WARN  impl.MetricsSystemImpl (MetricsSystemImpl.java:register(276)) - Sink prometheus already exists!
2019-10-02 16:26:39,283 [main] INFO  server.BaseHttpServer (BaseHttpServer.java:updateConnectorAddress(215)) - HTTP server of HDDSDATANODE is listening at http://0.0.0.0:43960
2019-10-02 16:26:39,283 [main] INFO  impl.MetricsSystemImpl (MetricsSystemImpl.java:init(158)) - HddsDatanode metrics system started (again)
2019-10-02 16:26:39,309 [org.apache.hadoop.util.JvmPauseMonitor$Monitor@633f8fee] INFO  util.JvmPauseMonitor (JvmPauseMonitor.java:run(188)) - Starting JVM pause monitor
2019-10-02 16:26:39,310 [Datanode State Machine Thread - 0] INFO  datanode.InitDatanodeState (InitDatanodeState.java:persistContainerDatanodeDetails(140)) - DatanodeDetails is persisted to /workdir/hadoop-ozone/integration-test/target/test-dir/MiniOzoneClusterImpl-a2d53b8a-6fb3-402b-9a89-497566b34bb7/datanode-3/meta/datanode.id
2019-10-02 16:26:39,310 [main] INFO  ozone.HddsDatanodeService (HddsDatanodeService.java:start(184)) - HddsDatanodeService host:pr-hdds-2199-dnstouuidmap-57hpg-3119262845 ip:192.168.164.216
2019-10-02 16:26:39,318 [main] INFO  volume.HddsVolume (HddsVolume.java:<init>(176)) - Creating Volume: /workdir/hadoop-ozone/integration-test/target/test-dir/MiniOzoneClusterImpl-a2d53b8a-6fb3-402b-9a89-497566b34bb7/datanode-4/data/containers/hdds of  storage type : DISK and capacity : 1482555576320
2019-10-02 16:26:39,319 [main] INFO  volume.VolumeSet (VolumeSet.java:initializeVolumeSet(170)) - Added Volume : /workdir/hadoop-ozone/integration-test/target/test-dir/MiniOzoneClusterImpl-a2d53b8a-6fb3-402b-9a89-497566b34bb7/datanode-4/data/containers/hdds to VolumeSet
2019-10-02 16:26:39,319 [main] INFO  volume.ThrottledAsyncChecker (ThrottledAsyncChecker.java:schedule(139)) - Scheduling a check for org.apache.hadoop.ozone.container.common.volume.HddsVolume@1c5d3a37
2019-10-02 16:26:39,319 [main] INFO  volume.HddsVolumeChecker (HddsVolumeChecker.java:checkAllVolumes(202)) - Scheduled health check for volume org.apache.hadoop.ozone.container.common.volume.HddsVolume@1c5d3a37
2019-10-02 16:26:39,332 [main] INFO  impl.RaftServerProxy (ConfUtils.java:logGet(43)) - raft.rpc.type = GRPC (default)
2019-10-02 16:26:39,332 [main] INFO  grpc.GrpcFactory (GrpcFactory.java:checkPooledByteBufAllocatorUseCacheForAllThreads(45)) - PERFORMANCE WARNING: useCacheForAllThreads is true that may cause Netty to create a lot garbage objects and, as a result, trigger GC.
	It is recommended to disable useCacheForAllThreads by setting -Dorg.apache.ratis.thirdparty.io.netty.allocator.useCacheForAllThreads=false in command line.
2019-10-02 16:26:39,332 [main] INFO  grpc.GrpcConfigKeys$Server (ConfUtils.java:logGet(43)) - raft.grpc.server.port = 0 (default)
2019-10-02 16:26:39,332 [main] INFO  server.GrpcService (ConfUtils.java:logGet(43)) - raft.grpc.message.size.max = 33570816 (custom)
2019-10-02 16:26:39,333 [main] INFO  server.RaftServerConfigKeys (ConfUtils.java:logGet(43)) - raft.server.log.appender.buffer.byte-limit = 33554432 (custom)
2019-10-02 16:26:39,333 [main] INFO  server.GrpcService (ConfUtils.java:logGet(43)) - raft.grpc.flow.control.window = 1MB (=1048576) (default)
2019-10-02 16:26:39,333 [main] INFO  server.RaftServerConfigKeys (ConfUtils.java:logGet(43)) - raft.server.rpc.request.timeout = 3000ms (default)
2019-10-02 16:26:39,333 [main] INFO  server.RaftServerConfigKeys (ConfUtils.java:logGet(43)) - raft.server.storage.dir = [/workdir/hadoop-ozone/integration-test/target/test-dir/MiniOzoneClusterImpl-a2d53b8a-6fb3-402b-9a89-497566b34bb7/datanode-4/data/ratis] (custom)
2019-10-02 16:26:39,335 [main] INFO  hdfs.DFSUtil (DFSUtil.java:httpServerTemplateForNNAndJN(1641)) - Starting Web-server for hddsDatanode at: http://0.0.0.0:0
2019-10-02 16:26:39,336 [main] INFO  server.AuthenticationFilter (AuthenticationFilter.java:constructSecretProvider(240)) - Unable to initialize FileSignerSecretProvider, falling back to use random secrets.
2019-10-02 16:26:39,336 [main] WARN  http.HttpRequestLog (HttpRequestLog.java:getRequestLog(97)) - Jetty request log can only be enabled using Log4j
2019-10-02 16:26:39,338 [main] INFO  http.HttpServer2 (HttpServer2.java:addGlobalFilter(975)) - Added global filter 'safety' (class=org.apache.hadoop.http.HttpServer2$QuotingInputFilter)
2019-10-02 16:26:39,339 [main] INFO  http.HttpServer2 (HttpServer2.java:addFilter(948)) - Added filter static_user_filter (class=org.apache.hadoop.http.lib.StaticUserWebFilter$StaticUserFilter) to context hddsDatanode
2019-10-02 16:26:39,339 [main] INFO  http.HttpServer2 (HttpServer2.java:addFilter(958)) - Added filter static_user_filter (class=org.apache.hadoop.http.lib.StaticUserWebFilter$StaticUserFilter) to context static
2019-10-02 16:26:39,339 [main] INFO  http.HttpServer2 (HttpServer2.java:addFilter(958)) - Added filter static_user_filter (class=org.apache.hadoop.http.lib.StaticUserWebFilter$StaticUserFilter) to context logs
2019-10-02 16:26:39,340 [main] INFO  http.HttpServer2 (HttpServer2.java:bindListener(1191)) - Jetty bound to port 38701
2019-10-02 16:26:39,340 [main] INFO  server.Server (Server.java:doStart(351)) - jetty-9.3.25.v20180904, build timestamp: 2018-09-04T21:11:46Z, git hash: 3ce520221d0240229c862b122d2b06c12a625732
2019-10-02 16:26:39,341 [main] INFO  handler.ContextHandler (ContextHandler.java:doStart(781)) - Started o.e.j.s.ServletContextHandler@2407a36c{/logs,file:///workdir/hadoop-ozone/integration-test/target/log,AVAILABLE}
2019-10-02 16:26:39,342 [main] INFO  handler.ContextHandler (ContextHandler.java:doStart(781)) - Started o.e.j.s.ServletContextHandler@28b8f98a{/static,jar:file:/home/user/.m2/repository/org/apache/hadoop/hadoop-hdds-container-service/0.5.0-SNAPSHOT/hadoop-hdds-container-service-0.5.0-SNAPSHOT.jar!/webapps/static,AVAILABLE}
2019-10-02 16:26:39,379 [main] INFO  handler.ContextHandler (ContextHandler.java:doStart(781)) - Started o.e.j.w.WebAppContext@46a8c2b4{/,file:///tmp/jetty-0.0.0.0-38701-hddsDatanode-_-any-6122704295047367391.dir/webapp/,AVAILABLE}{/hddsDatanode}
2019-10-02 16:26:39,379 [main] INFO  server.AbstractConnector (AbstractConnector.java:doStart(278)) - Started ServerConnector@4f664bee{HTTP/1.1,[http/1.1]}{0.0.0.0:38701}
2019-10-02 16:26:39,385 [main] INFO  server.Server (Server.java:doStart(419)) - Started @253218ms
2019-10-02 16:26:39,385 [main] WARN  impl.MetricsSystemImpl (MetricsSystemImpl.java:register(276)) - Sink prometheus already exists!
2019-10-02 16:26:39,386 [main] INFO  server.BaseHttpServer (BaseHttpServer.java:updateConnectorAddress(215)) - HTTP server of HDDSDATANODE is listening at http://0.0.0.0:38701
2019-10-02 16:26:39,386 [main] INFO  impl.MetricsSystemImpl (MetricsSystemImpl.java:init(158)) - HddsDatanode metrics system started (again)
2019-10-02 16:26:39,424 [org.apache.hadoop.util.JvmPauseMonitor$Monitor@6b8f1237] INFO  util.JvmPauseMonitor (JvmPauseMonitor.java:run(188)) - Starting JVM pause monitor
2019-10-02 16:26:39,426 [Datanode State Machine Thread - 0] INFO  datanode.InitDatanodeState (InitDatanodeState.java:persistContainerDatanodeDetails(140)) - DatanodeDetails is persisted to /workdir/hadoop-ozone/integration-test/target/test-dir/MiniOzoneClusterImpl-a2d53b8a-6fb3-402b-9a89-497566b34bb7/datanode-4/meta/datanode.id
2019-10-02 16:26:39,428 [main] INFO  ozone.HddsDatanodeService (HddsDatanodeService.java:start(184)) - HddsDatanodeService host:pr-hdds-2199-dnstouuidmap-57hpg-3119262845 ip:192.168.164.216
2019-10-02 16:26:39,440 [main] INFO  volume.HddsVolume (HddsVolume.java:<init>(176)) - Creating Volume: /workdir/hadoop-ozone/integration-test/target/test-dir/MiniOzoneClusterImpl-a2d53b8a-6fb3-402b-9a89-497566b34bb7/datanode-5/data/containers/hdds of  storage type : DISK and capacity : 1482555576320
2019-10-02 16:26:39,440 [main] INFO  volume.VolumeSet (VolumeSet.java:initializeVolumeSet(170)) - Added Volume : /workdir/hadoop-ozone/integration-test/target/test-dir/MiniOzoneClusterImpl-a2d53b8a-6fb3-402b-9a89-497566b34bb7/datanode-5/data/containers/hdds to VolumeSet
2019-10-02 16:26:39,440 [main] INFO  volume.ThrottledAsyncChecker (ThrottledAsyncChecker.java:schedule(139)) - Scheduling a check for org.apache.hadoop.ozone.container.common.volume.HddsVolume@1df9186f
2019-10-02 16:26:39,441 [main] INFO  volume.HddsVolumeChecker (HddsVolumeChecker.java:checkAllVolumes(202)) - Scheduled health check for volume org.apache.hadoop.ozone.container.common.volume.HddsVolume@1df9186f
2019-10-02 16:26:39,454 [main] INFO  impl.RaftServerProxy (ConfUtils.java:logGet(43)) - raft.rpc.type = GRPC (default)
2019-10-02 16:26:39,454 [main] INFO  grpc.GrpcFactory (GrpcFactory.java:checkPooledByteBufAllocatorUseCacheForAllThreads(45)) - PERFORMANCE WARNING: useCacheForAllThreads is true that may cause Netty to create a lot garbage objects and, as a result, trigger GC.
	It is recommended to disable useCacheForAllThreads by setting -Dorg.apache.ratis.thirdparty.io.netty.allocator.useCacheForAllThreads=false in command line.
2019-10-02 16:26:39,454 [main] INFO  grpc.GrpcConfigKeys$Server (ConfUtils.java:logGet(43)) - raft.grpc.server.port = 0 (default)
2019-10-02 16:26:39,454 [main] INFO  server.GrpcService (ConfUtils.java:logGet(43)) - raft.grpc.message.size.max = 33570816 (custom)
2019-10-02 16:26:39,455 [main] INFO  server.RaftServerConfigKeys (ConfUtils.java:logGet(43)) - raft.server.log.appender.buffer.byte-limit = 33554432 (custom)
2019-10-02 16:26:39,455 [main] INFO  server.GrpcService (ConfUtils.java:logGet(43)) - raft.grpc.flow.control.window = 1MB (=1048576) (default)
2019-10-02 16:26:39,455 [main] INFO  server.RaftServerConfigKeys (ConfUtils.java:logGet(43)) - raft.server.rpc.request.timeout = 3000ms (default)
2019-10-02 16:26:39,455 [main] INFO  server.RaftServerConfigKeys (ConfUtils.java:logGet(43)) - raft.server.storage.dir = [/workdir/hadoop-ozone/integration-test/target/test-dir/MiniOzoneClusterImpl-a2d53b8a-6fb3-402b-9a89-497566b34bb7/datanode-5/data/ratis] (custom)
2019-10-02 16:26:39,457 [main] INFO  hdfs.DFSUtil (DFSUtil.java:httpServerTemplateForNNAndJN(1641)) - Starting Web-server for hddsDatanode at: http://0.0.0.0:0
2019-10-02 16:26:39,458 [main] INFO  server.AuthenticationFilter (AuthenticationFilter.java:constructSecretProvider(240)) - Unable to initialize FileSignerSecretProvider, falling back to use random secrets.
2019-10-02 16:26:39,459 [main] WARN  http.HttpRequestLog (HttpRequestLog.java:getRequestLog(97)) - Jetty request log can only be enabled using Log4j
2019-10-02 16:26:39,461 [main] INFO  http.HttpServer2 (HttpServer2.java:addGlobalFilter(975)) - Added global filter 'safety' (class=org.apache.hadoop.http.HttpServer2$QuotingInputFilter)
2019-10-02 16:26:39,461 [main] INFO  http.HttpServer2 (HttpServer2.java:addFilter(948)) - Added filter static_user_filter (class=org.apache.hadoop.http.lib.StaticUserWebFilter$StaticUserFilter) to context hddsDatanode
2019-10-02 16:26:39,462 [main] INFO  http.HttpServer2 (HttpServer2.java:addFilter(958)) - Added filter static_user_filter (class=org.apache.hadoop.http.lib.StaticUserWebFilter$StaticUserFilter) to context static
2019-10-02 16:26:39,462 [main] INFO  http.HttpServer2 (HttpServer2.java:addFilter(958)) - Added filter static_user_filter (class=org.apache.hadoop.http.lib.StaticUserWebFilter$StaticUserFilter) to context logs
2019-10-02 16:26:39,463 [main] INFO  http.HttpServer2 (HttpServer2.java:bindListener(1191)) - Jetty bound to port 40473
2019-10-02 16:26:39,463 [main] INFO  server.Server (Server.java:doStart(351)) - jetty-9.3.25.v20180904, build timestamp: 2018-09-04T21:11:46Z, git hash: 3ce520221d0240229c862b122d2b06c12a625732
2019-10-02 16:26:39,465 [main] INFO  handler.ContextHandler (ContextHandler.java:doStart(781)) - Started o.e.j.s.ServletContextHandler@6b867ee7{/logs,file:///workdir/hadoop-ozone/integration-test/target/log,AVAILABLE}
2019-10-02 16:26:39,466 [main] INFO  handler.ContextHandler (ContextHandler.java:doStart(781)) - Started o.e.j.s.ServletContextHandler@7a606260{/static,jar:file:/home/user/.m2/repository/org/apache/hadoop/hadoop-hdds-container-service/0.5.0-SNAPSHOT/hadoop-hdds-container-service-0.5.0-SNAPSHOT.jar!/webapps/static,AVAILABLE}
2019-10-02 16:26:39,505 [main] INFO  handler.ContextHandler (ContextHandler.java:doStart(781)) - Started o.e.j.w.WebAppContext@34edd065{/,file:///tmp/jetty-0.0.0.0-40473-hddsDatanode-_-any-4863419118555681370.dir/webapp/,AVAILABLE}{/hddsDatanode}
2019-10-02 16:26:39,506 [main] INFO  server.AbstractConnector (AbstractConnector.java:doStart(278)) - Started ServerConnector@681e913c{HTTP/1.1,[http/1.1]}{0.0.0.0:40473}
2019-10-02 16:26:39,510 [main] INFO  server.Server (Server.java:doStart(419)) - Started @253343ms
2019-10-02 16:26:39,510 [main] WARN  impl.MetricsSystemImpl (MetricsSystemImpl.java:register(276)) - Sink prometheus already exists!
2019-10-02 16:26:39,511 [main] INFO  server.BaseHttpServer (BaseHttpServer.java:updateConnectorAddress(215)) - HTTP server of HDDSDATANODE is listening at http://0.0.0.0:40473
2019-10-02 16:26:39,511 [main] INFO  impl.MetricsSystemImpl (MetricsSystemImpl.java:init(158)) - HddsDatanode metrics system started (again)
2019-10-02 16:26:39,544 [org.apache.hadoop.util.JvmPauseMonitor$Monitor@443950fb] INFO  util.JvmPauseMonitor (JvmPauseMonitor.java:run(188)) - Starting JVM pause monitor
2019-10-02 16:26:39,546 [main] INFO  ozone.HddsDatanodeService (HddsDatanodeService.java:start(184)) - HddsDatanodeService host:pr-hdds-2199-dnstouuidmap-57hpg-3119262845 ip:192.168.164.216
2019-10-02 16:26:39,548 [Datanode State Machine Thread - 0] INFO  datanode.InitDatanodeState (InitDatanodeState.java:persistContainerDatanodeDetails(140)) - DatanodeDetails is persisted to /workdir/hadoop-ozone/integration-test/target/test-dir/MiniOzoneClusterImpl-a2d53b8a-6fb3-402b-9a89-497566b34bb7/datanode-5/meta/datanode.id
2019-10-02 16:26:39,559 [main] INFO  volume.HddsVolume (HddsVolume.java:<init>(176)) - Creating Volume: /workdir/hadoop-ozone/integration-test/target/test-dir/MiniOzoneClusterImpl-a2d53b8a-6fb3-402b-9a89-497566b34bb7/datanode-6/data/containers/hdds of  storage type : DISK and capacity : 1482555576320
2019-10-02 16:26:39,559 [main] INFO  volume.VolumeSet (VolumeSet.java:initializeVolumeSet(170)) - Added Volume : /workdir/hadoop-ozone/integration-test/target/test-dir/MiniOzoneClusterImpl-a2d53b8a-6fb3-402b-9a89-497566b34bb7/datanode-6/data/containers/hdds to VolumeSet
2019-10-02 16:26:39,560 [main] INFO  volume.ThrottledAsyncChecker (ThrottledAsyncChecker.java:schedule(139)) - Scheduling a check for org.apache.hadoop.ozone.container.common.volume.HddsVolume@785ed99c
2019-10-02 16:26:39,560 [main] INFO  volume.HddsVolumeChecker (HddsVolumeChecker.java:checkAllVolumes(202)) - Scheduled health check for volume org.apache.hadoop.ozone.container.common.volume.HddsVolume@785ed99c
2019-10-02 16:26:39,579 [main] INFO  impl.RaftServerProxy (ConfUtils.java:logGet(43)) - raft.rpc.type = GRPC (default)
2019-10-02 16:26:39,579 [main] INFO  grpc.GrpcFactory (GrpcFactory.java:checkPooledByteBufAllocatorUseCacheForAllThreads(45)) - PERFORMANCE WARNING: useCacheForAllThreads is true that may cause Netty to create a lot garbage objects and, as a result, trigger GC.
	It is recommended to disable useCacheForAllThreads by setting -Dorg.apache.ratis.thirdparty.io.netty.allocator.useCacheForAllThreads=false in command line.
2019-10-02 16:26:39,579 [main] INFO  grpc.GrpcConfigKeys$Server (ConfUtils.java:logGet(43)) - raft.grpc.server.port = 0 (default)
2019-10-02 16:26:39,579 [main] INFO  server.GrpcService (ConfUtils.java:logGet(43)) - raft.grpc.message.size.max = 33570816 (custom)
2019-10-02 16:26:39,580 [main] INFO  server.RaftServerConfigKeys (ConfUtils.java:logGet(43)) - raft.server.log.appender.buffer.byte-limit = 33554432 (custom)
2019-10-02 16:26:39,580 [main] INFO  server.GrpcService (ConfUtils.java:logGet(43)) - raft.grpc.flow.control.window = 1MB (=1048576) (default)
2019-10-02 16:26:39,580 [main] INFO  server.RaftServerConfigKeys (ConfUtils.java:logGet(43)) - raft.server.rpc.request.timeout = 3000ms (default)
2019-10-02 16:26:39,580 [main] INFO  server.RaftServerConfigKeys (ConfUtils.java:logGet(43)) - raft.server.storage.dir = [/workdir/hadoop-ozone/integration-test/target/test-dir/MiniOzoneClusterImpl-a2d53b8a-6fb3-402b-9a89-497566b34bb7/datanode-6/data/ratis] (custom)
2019-10-02 16:26:39,582 [main] INFO  hdfs.DFSUtil (DFSUtil.java:httpServerTemplateForNNAndJN(1641)) - Starting Web-server for hddsDatanode at: http://0.0.0.0:0
2019-10-02 16:26:39,583 [main] INFO  server.AuthenticationFilter (AuthenticationFilter.java:constructSecretProvider(240)) - Unable to initialize FileSignerSecretProvider, falling back to use random secrets.
2019-10-02 16:26:39,584 [main] WARN  http.HttpRequestLog (HttpRequestLog.java:getRequestLog(97)) - Jetty request log can only be enabled using Log4j
2019-10-02 16:26:39,585 [main] INFO  http.HttpServer2 (HttpServer2.java:addGlobalFilter(975)) - Added global filter 'safety' (class=org.apache.hadoop.http.HttpServer2$QuotingInputFilter)
2019-10-02 16:26:39,586 [main] INFO  http.HttpServer2 (HttpServer2.java:addFilter(948)) - Added filter static_user_filter (class=org.apache.hadoop.http.lib.StaticUserWebFilter$StaticUserFilter) to context hddsDatanode
2019-10-02 16:26:39,586 [main] INFO  http.HttpServer2 (HttpServer2.java:addFilter(958)) - Added filter static_user_filter (class=org.apache.hadoop.http.lib.StaticUserWebFilter$StaticUserFilter) to context logs
2019-10-02 16:26:39,586 [main] INFO  http.HttpServer2 (HttpServer2.java:addFilter(958)) - Added filter static_user_filter (class=org.apache.hadoop.http.lib.StaticUserWebFilter$StaticUserFilter) to context static
2019-10-02 16:26:39,587 [main] INFO  http.HttpServer2 (HttpServer2.java:bindListener(1191)) - Jetty bound to port 33795
2019-10-02 16:26:39,587 [main] INFO  server.Server (Server.java:doStart(351)) - jetty-9.3.25.v20180904, build timestamp: 2018-09-04T21:11:46Z, git hash: 3ce520221d0240229c862b122d2b06c12a625732
2019-10-02 16:26:39,589 [main] INFO  handler.ContextHandler (ContextHandler.java:doStart(781)) - Started o.e.j.s.ServletContextHandler@571a663c{/logs,file:///workdir/hadoop-ozone/integration-test/target/log,AVAILABLE}
2019-10-02 16:26:39,589 [main] INFO  handler.ContextHandler (ContextHandler.java:doStart(781)) - Started o.e.j.s.ServletContextHandler@430df350{/static,jar:file:/home/user/.m2/repository/org/apache/hadoop/hadoop-hdds-container-service/0.5.0-SNAPSHOT/hadoop-hdds-container-service-0.5.0-SNAPSHOT.jar!/webapps/static,AVAILABLE}
2019-10-02 16:26:39,616 [main] INFO  handler.ContextHandler (ContextHandler.java:doStart(781)) - Started o.e.j.w.WebAppContext@48e41b5d{/,file:///tmp/jetty-0.0.0.0-33795-hddsDatanode-_-any-3671311266569109857.dir/webapp/,AVAILABLE}{/hddsDatanode}
2019-10-02 16:26:39,616 [main] INFO  server.AbstractConnector (AbstractConnector.java:doStart(278)) - Started ServerConnector@51e8d066{HTTP/1.1,[http/1.1]}{0.0.0.0:33795}
2019-10-02 16:26:39,619 [main] INFO  server.Server (Server.java:doStart(419)) - Started @253452ms
2019-10-02 16:26:39,619 [main] WARN  impl.MetricsSystemImpl (MetricsSystemImpl.java:register(276)) - Sink prometheus already exists!
2019-10-02 16:26:39,620 [main] INFO  server.BaseHttpServer (BaseHttpServer.java:updateConnectorAddress(215)) - HTTP server of HDDSDATANODE is listening at http://0.0.0.0:33795
2019-10-02 16:26:39,620 [main] INFO  ozone.MiniOzoneClusterImpl (MiniOzoneClusterImpl.java:lambda$waitForClusterToBeReady$0(147)) - Waiting for cluster to be ready. Got 0 of 7 DN Heartbeats.
2019-10-02 16:26:39,621 [org.apache.hadoop.util.JvmPauseMonitor$Monitor@30212b80] INFO  util.JvmPauseMonitor (JvmPauseMonitor.java:run(188)) - Starting JVM pause monitor
2019-10-02 16:26:39,622 [Datanode State Machine Thread - 0] INFO  datanode.InitDatanodeState (InitDatanodeState.java:persistContainerDatanodeDetails(140)) - DatanodeDetails is persisted to /workdir/hadoop-ozone/integration-test/target/test-dir/MiniOzoneClusterImpl-a2d53b8a-6fb3-402b-9a89-497566b34bb7/datanode-6/meta/datanode.id
2019-10-02 16:26:40,624 [main] INFO  ozone.MiniOzoneClusterImpl (MiniOzoneClusterImpl.java:lambda$waitForClusterToBeReady$0(147)) - Waiting for cluster to be ready. Got 0 of 7 DN Heartbeats.
2019-10-02 16:26:41,079 [Datanode State Machine Thread - 0] INFO  ozoneimpl.OzoneContainer (OzoneContainer.java:start(217)) - Attempting to start container services.
2019-10-02 16:26:41,079 [Datanode State Machine Thread - 0] INFO  ozoneimpl.OzoneContainer (OzoneContainer.java:startContainerScrub(179)) - Background container scanner has been disabled.
2019-10-02 16:26:41,079 [Datanode State Machine Thread - 0] INFO  ratis.XceiverServerRatis (XceiverServerRatis.java:start(417)) - Starting XceiverServerRatis 0b8f0ac0-9a6f-4054-9320-ff8d6bd8e7a9 at port 0
2019-10-02 16:26:41,085 [Datanode State Machine Thread - 0] INFO  impl.RaftServerProxy (RaftServerProxy.java:lambda$start$3(299)) - 0b8f0ac0-9a6f-4054-9320-ff8d6bd8e7a9: start RPC server
2019-10-02 16:26:41,086 [Datanode State Machine Thread - 0] INFO  server.GrpcService (GrpcService.java:startImpl(158)) - 0b8f0ac0-9a6f-4054-9320-ff8d6bd8e7a9: GrpcService started, listening on 0.0.0.0/0.0.0.0:46522
2019-10-02 16:26:41,086 [Datanode State Machine Thread - 0] INFO  ratis.XceiverServerRatis (XceiverServerRatis.java:start(427)) - XceiverServerRatis 0b8f0ac0-9a6f-4054-9320-ff8d6bd8e7a9 is started using port 46522
2019-10-02 16:26:41,090 [Datanode State Machine Thread - 0] INFO  server.XceiverServerGrpc (XceiverServerGrpc.java:start(149)) - XceiverServerGrpc 0b8f0ac0-9a6f-4054-9320-ff8d6bd8e7a9 is started using port 44133
2019-10-02 16:26:41,123 [Datanode State Machine Thread - 0] INFO  ozoneimpl.OzoneContainer (OzoneContainer.java:start(217)) - Attempting to start container services.
2019-10-02 16:26:41,123 [Datanode State Machine Thread - 0] INFO  ozoneimpl.OzoneContainer (OzoneContainer.java:startContainerScrub(179)) - Background container scanner has been disabled.
2019-10-02 16:26:41,123 [Datanode State Machine Thread - 0] INFO  ratis.XceiverServerRatis (XceiverServerRatis.java:start(417)) - Starting XceiverServerRatis d2f361d7-c523-4cac-a877-78988edeee2d at port 0
2019-10-02 16:26:41,127 [Datanode State Machine Thread - 0] INFO  impl.RaftServerProxy (RaftServerProxy.java:lambda$start$3(299)) - d2f361d7-c523-4cac-a877-78988edeee2d: start RPC server
2019-10-02 16:26:41,130 [Datanode State Machine Thread - 0] INFO  server.GrpcService (GrpcService.java:startImpl(158)) - d2f361d7-c523-4cac-a877-78988edeee2d: GrpcService started, listening on 0.0.0.0/0.0.0.0:46474
2019-10-02 16:26:41,130 [Datanode State Machine Thread - 0] INFO  ratis.XceiverServerRatis (XceiverServerRatis.java:start(427)) - XceiverServerRatis d2f361d7-c523-4cac-a877-78988edeee2d is started using port 46474
2019-10-02 16:26:41,130 [Datanode State Machine Thread - 0] INFO  server.XceiverServerGrpc (XceiverServerGrpc.java:start(149)) - XceiverServerGrpc d2f361d7-c523-4cac-a877-78988edeee2d is started using port 33971
2019-10-02 16:26:41,213 [Datanode State Machine Thread - 0] INFO  ozoneimpl.OzoneContainer (OzoneContainer.java:start(217)) - Attempting to start container services.
2019-10-02 16:26:41,213 [Datanode State Machine Thread - 0] INFO  ozoneimpl.OzoneContainer (OzoneContainer.java:startContainerScrub(179)) - Background container scanner has been disabled.
2019-10-02 16:26:41,213 [Datanode State Machine Thread - 0] INFO  ratis.XceiverServerRatis (XceiverServerRatis.java:start(417)) - Starting XceiverServerRatis f61324bf-0d30-426d-9f8b-a2c367abb8e0 at port 0
2019-10-02 16:26:41,217 [Datanode State Machine Thread - 0] INFO  impl.RaftServerProxy (RaftServerProxy.java:lambda$start$3(299)) - f61324bf-0d30-426d-9f8b-a2c367abb8e0: start RPC server
2019-10-02 16:26:41,218 [Datanode State Machine Thread - 0] INFO  server.GrpcService (GrpcService.java:startImpl(158)) - f61324bf-0d30-426d-9f8b-a2c367abb8e0: GrpcService started, listening on 0.0.0.0/0.0.0.0:36938
2019-10-02 16:26:41,218 [Datanode State Machine Thread - 0] INFO  ratis.XceiverServerRatis (XceiverServerRatis.java:start(427)) - XceiverServerRatis f61324bf-0d30-426d-9f8b-a2c367abb8e0 is started using port 36938
2019-10-02 16:26:41,221 [Datanode State Machine Thread - 0] INFO  server.XceiverServerGrpc (XceiverServerGrpc.java:start(149)) - XceiverServerGrpc f61324bf-0d30-426d-9f8b-a2c367abb8e0 is started using port 43786
2019-10-02 16:26:41,323 [Datanode State Machine Thread - 0] INFO  ozoneimpl.OzoneContainer (OzoneContainer.java:start(217)) - Attempting to start container services.
2019-10-02 16:26:41,323 [Datanode State Machine Thread - 0] INFO  ozoneimpl.OzoneContainer (OzoneContainer.java:startContainerScrub(179)) - Background container scanner has been disabled.
2019-10-02 16:26:41,324 [Datanode State Machine Thread - 0] INFO  ratis.XceiverServerRatis (XceiverServerRatis.java:start(417)) - Starting XceiverServerRatis 2e329a19-caea-412f-8b17-aa656987860b at port 0
2019-10-02 16:26:41,329 [Datanode State Machine Thread - 0] INFO  impl.RaftServerProxy (RaftServerProxy.java:lambda$start$3(299)) - 2e329a19-caea-412f-8b17-aa656987860b: start RPC server
2019-10-02 16:26:41,333 [Datanode State Machine Thread - 0] INFO  server.GrpcService (GrpcService.java:startImpl(158)) - 2e329a19-caea-412f-8b17-aa656987860b: GrpcService started, listening on 0.0.0.0/0.0.0.0:43255
2019-10-02 16:26:41,333 [Datanode State Machine Thread - 0] INFO  ratis.XceiverServerRatis (XceiverServerRatis.java:start(427)) - XceiverServerRatis 2e329a19-caea-412f-8b17-aa656987860b is started using port 43255
2019-10-02 16:26:41,336 [Datanode State Machine Thread - 0] INFO  server.XceiverServerGrpc (XceiverServerGrpc.java:start(149)) - XceiverServerGrpc 2e329a19-caea-412f-8b17-aa656987860b is started using port 37707
2019-10-02 16:26:41,437 [Datanode State Machine Thread - 0] INFO  ozoneimpl.OzoneContainer (OzoneContainer.java:start(217)) - Attempting to start container services.
2019-10-02 16:26:41,438 [Datanode State Machine Thread - 0] INFO  ozoneimpl.OzoneContainer (OzoneContainer.java:startContainerScrub(179)) - Background container scanner has been disabled.
2019-10-02 16:26:41,438 [Datanode State Machine Thread - 0] INFO  ratis.XceiverServerRatis (XceiverServerRatis.java:start(417)) - Starting XceiverServerRatis b4e9e6ca-bc1f-4e7b-85f8-b36668cef29e at port 0
2019-10-02 16:26:41,443 [Datanode State Machine Thread - 0] INFO  impl.RaftServerProxy (RaftServerProxy.java:lambda$start$3(299)) - b4e9e6ca-bc1f-4e7b-85f8-b36668cef29e: start RPC server
2019-10-02 16:26:41,446 [Datanode State Machine Thread - 0] INFO  server.GrpcService (GrpcService.java:startImpl(158)) - b4e9e6ca-bc1f-4e7b-85f8-b36668cef29e: GrpcService started, listening on 0.0.0.0/0.0.0.0:46881
2019-10-02 16:26:41,446 [Datanode State Machine Thread - 0] INFO  ratis.XceiverServerRatis (XceiverServerRatis.java:start(427)) - XceiverServerRatis b4e9e6ca-bc1f-4e7b-85f8-b36668cef29e is started using port 46881
2019-10-02 16:26:41,446 [Datanode State Machine Thread - 0] INFO  server.XceiverServerGrpc (XceiverServerGrpc.java:start(149)) - XceiverServerGrpc b4e9e6ca-bc1f-4e7b-85f8-b36668cef29e is started using port 45711
2019-10-02 16:26:41,558 [Datanode State Machine Thread - 0] INFO  ozoneimpl.OzoneContainer (OzoneContainer.java:start(217)) - Attempting to start container services.
2019-10-02 16:26:41,558 [Datanode State Machine Thread - 0] INFO  ozoneimpl.OzoneContainer (OzoneContainer.java:startContainerScrub(179)) - Background container scanner has been disabled.
2019-10-02 16:26:41,558 [Datanode State Machine Thread - 0] INFO  ratis.XceiverServerRatis (XceiverServerRatis.java:start(417)) - Starting XceiverServerRatis 73e429e0-4993-4475-b088-97869827ad74 at port 0
2019-10-02 16:26:41,563 [Datanode State Machine Thread - 0] INFO  impl.RaftServerProxy (RaftServerProxy.java:lambda$start$3(299)) - 73e429e0-4993-4475-b088-97869827ad74: start RPC server
2019-10-02 16:26:41,581 [Datanode State Machine Thread - 0] INFO  server.GrpcService (GrpcService.java:startImpl(158)) - 73e429e0-4993-4475-b088-97869827ad74: GrpcService started, listening on 0.0.0.0/0.0.0.0:35370
2019-10-02 16:26:41,582 [Datanode State Machine Thread - 0] INFO  ratis.XceiverServerRatis (XceiverServerRatis.java:start(427)) - XceiverServerRatis 73e429e0-4993-4475-b088-97869827ad74 is started using port 35370
2019-10-02 16:26:41,582 [Datanode State Machine Thread - 0] INFO  server.XceiverServerGrpc (XceiverServerGrpc.java:start(149)) - XceiverServerGrpc 73e429e0-4993-4475-b088-97869827ad74 is started using port 46339
2019-10-02 16:26:41,624 [main] INFO  ozone.MiniOzoneClusterImpl (MiniOzoneClusterImpl.java:lambda$waitForClusterToBeReady$0(147)) - Waiting for cluster to be ready. Got 0 of 7 DN Heartbeats.
2019-10-02 16:26:41,636 [Datanode State Machine Thread - 0] INFO  ozoneimpl.OzoneContainer (OzoneContainer.java:start(217)) - Attempting to start container services.
2019-10-02 16:26:41,636 [Datanode State Machine Thread - 0] INFO  ozoneimpl.OzoneContainer (OzoneContainer.java:startContainerScrub(179)) - Background container scanner has been disabled.
2019-10-02 16:26:41,636 [Datanode State Machine Thread - 0] INFO  ratis.XceiverServerRatis (XceiverServerRatis.java:start(417)) - Starting XceiverServerRatis a968bd1a-adac-41b5-aa8e-01d9389206e3 at port 0
2019-10-02 16:26:41,644 [Datanode State Machine Thread - 0] INFO  impl.RaftServerProxy (RaftServerProxy.java:lambda$start$3(299)) - a968bd1a-adac-41b5-aa8e-01d9389206e3: start RPC server
2019-10-02 16:26:41,645 [Datanode State Machine Thread - 0] INFO  server.GrpcService (GrpcService.java:startImpl(158)) - a968bd1a-adac-41b5-aa8e-01d9389206e3: GrpcService started, listening on 0.0.0.0/0.0.0.0:36581
2019-10-02 16:26:41,645 [Datanode State Machine Thread - 0] INFO  ratis.XceiverServerRatis (XceiverServerRatis.java:start(427)) - XceiverServerRatis a968bd1a-adac-41b5-aa8e-01d9389206e3 is started using port 36581
2019-10-02 16:26:41,648 [Datanode State Machine Thread - 0] INFO  server.XceiverServerGrpc (XceiverServerGrpc.java:start(149)) - XceiverServerGrpc a968bd1a-adac-41b5-aa8e-01d9389206e3 is started using port 39431
2019-10-02 16:26:42,625 [main] INFO  ozone.MiniOzoneClusterImpl (MiniOzoneClusterImpl.java:lambda$waitForClusterToBeReady$0(147)) - Waiting for cluster to be ready. Got 0 of 7 DN Heartbeats.
2019-10-02 16:26:42,998 [IPC Server handler 4 on 46861] INFO  net.NetworkTopology (NetworkTopologyImpl.java:add(111)) - Added a new node: /default-rack/0b8f0ac0-9a6f-4054-9320-ff8d6bd8e7a9
2019-10-02 16:26:43,000 [IPC Server handler 4 on 46861] INFO  node.SCMNodeManager (SCMNodeManager.java:register(268)) - Registered Data node : 0b8f0ac0-9a6f-4054-9320-ff8d6bd8e7a9{ip: 192.168.164.216, host: pr-hdds-2199-dnstouuidmap-57hpg-3119262845, networkLocation: /default-rack, certSerialId: null}
2019-10-02 16:26:43,001 [EventQueue-NodeRegistrationContainerReportForDataNodeSafeModeRule] INFO  safemode.SCMSafeModeManager (DataNodeSafeModeRule.java:process(71)) - SCM in safe mode. 1 DataNodes registered, 1 required.
2019-10-02 16:26:43,005 [EventQueue-NodeRegistrationContainerReportForDataNodeSafeModeRule] INFO  safemode.SCMSafeModeManager (SCMSafeModeManager.java:validateSafeModeExitRules(177)) - ScmSafeModeManager, all rules are successfully validated
2019-10-02 16:26:43,005 [EventQueue-NodeRegistrationContainerReportForDataNodeSafeModeRule] INFO  safemode.SCMSafeModeManager (SCMSafeModeManager.java:exitSafeMode(193)) - SCM exiting safe mode.
2019-10-02 16:26:43,015 [grpc-default-executor-5] INFO  impl.RaftServerProxy (RaftServerProxy.java:addNew(89)) - 0b8f0ac0-9a6f-4054-9320-ff8d6bd8e7a9: addNew group-89659FFF3BF5:[0b8f0ac0-9a6f-4054-9320-ff8d6bd8e7a9:192.168.164.216:46522] returns group-89659FFF3BF5:java.util.concurrent.CompletableFuture@406bcf79[Not completed]
2019-10-02 16:26:43,016 [pool-383-thread-1] INFO  impl.RaftServerImpl (RaftServerImpl.java:<init>(95)) - 0b8f0ac0-9a6f-4054-9320-ff8d6bd8e7a9: new RaftServerImpl for group-89659FFF3BF5:[0b8f0ac0-9a6f-4054-9320-ff8d6bd8e7a9:192.168.164.216:46522] with ContainerStateMachine:uninitialized
2019-10-02 16:26:43,016 [pool-383-thread-1] INFO  server.RaftServerConfigKeys (ConfUtils.java:logGet(43)) - raft.server.rpc.timeout.min = 5s (custom)
2019-10-02 16:26:43,017 [pool-383-thread-1] INFO  server.RaftServerConfigKeys (ConfUtils.java:logGet(43)) - raft.server.rpc.timeout.max = 5200ms (custom)
2019-10-02 16:26:43,017 [pool-383-thread-1] INFO  server.RaftServerConfigKeys (ConfUtils.java:logGet(43)) - raft.server.rpcslowness.timeout = 120s (custom)
2019-10-02 16:26:43,017 [pool-383-thread-1] INFO  server.RaftServerConfigKeys (ConfUtils.java:logGet(43)) - raft.server.sleep.deviation.threshold = 300 (default)
2019-10-02 16:26:43,017 [pool-383-thread-1] INFO  server.RaftServerConfigKeys (ConfUtils.java:logGet(43)) - raft.server.log.appender.install.snapshot.enabled = false (custom)
2019-10-02 16:26:43,017 [pool-383-thread-1] INFO  impl.RaftServerImpl (ServerState.java:<init>(103)) - 0b8f0ac0-9a6f-4054-9320-ff8d6bd8e7a9@group-89659FFF3BF5: ConfigurationManager, init=-1: [0b8f0ac0-9a6f-4054-9320-ff8d6bd8e7a9:192.168.164.216:46522], old=null, confs=<EMPTY_MAP>
2019-10-02 16:26:43,017 [pool-383-thread-1] INFO  server.RaftServerConfigKeys (ConfUtils.java:logGet(43)) - raft.server.storage.dir = [/workdir/hadoop-ozone/integration-test/target/test-dir/MiniOzoneClusterImpl-a2d53b8a-6fb3-402b-9a89-497566b34bb7/datanode-0/data/ratis] (custom)
2019-10-02 16:26:43,017 [pool-383-thread-1] INFO  server.RaftServerConfigKeys (ConfUtils.java:logGet(43)) - raft.server.log.corruption.policy = EXCEPTION (default)
2019-10-02 16:26:43,018 [pool-383-thread-1] INFO  storage.RaftStorageDirectory (RaftStorageDirectory.java:analyzeStorage(246)) - The storage directory /workdir/hadoop-ozone/integration-test/target/test-dir/MiniOzoneClusterImpl-a2d53b8a-6fb3-402b-9a89-497566b34bb7/datanode-0/data/ratis/be4c8ba8-35dc-49b8-86f1-89659fff3bf5 does not exist. Creating ...
2019-10-02 16:26:43,024 [pool-383-thread-1] INFO  storage.RaftStorageDirectory (RaftStorageDirectory.java:tryLock(328)) - Lock on /workdir/hadoop-ozone/integration-test/target/test-dir/MiniOzoneClusterImpl-a2d53b8a-6fb3-402b-9a89-497566b34bb7/datanode-0/data/ratis/be4c8ba8-35dc-49b8-86f1-89659fff3bf5/in_use.lock acquired by nodename 13332@pr-hdds-2199-dnstouuidmap-57hpg-3119262845
2019-10-02 16:26:43,053 [pool-383-thread-1] INFO  storage.RaftStorage (RaftStorage.java:format(84)) - Storage directory /workdir/hadoop-ozone/integration-test/target/test-dir/MiniOzoneClusterImpl-a2d53b8a-6fb3-402b-9a89-497566b34bb7/datanode-0/data/ratis/be4c8ba8-35dc-49b8-86f1-89659fff3bf5 has been successfully formatted.
2019-10-02 16:26:43,053 [pool-383-thread-1] INFO  ratis.ContainerStateMachine (ContainerStateMachine.java:loadSnapshot(230)) - group-89659FFF3BF5: The snapshot info is null. Setting the last applied indexto:(t:0, i:~)
2019-10-02 16:26:43,053 [pool-383-thread-1] INFO  server.RaftServerConfigKeys (ConfUtils.java:logGet(43)) - raft.server.notification.no-leader.timeout = 120s (custom)
2019-10-02 16:26:43,053 [pool-383-thread-1] INFO  server.RaftServerConfigKeys (ConfUtils.java:logGet(43)) - raft.server.log.use.memory = false (default)
2019-10-02 16:26:43,053 [pool-383-thread-1] INFO  server.RaftServerConfigKeys (ConfUtils.java:logGet(43)) - raft.server.log.purge.gap = 1000000 (custom)
2019-10-02 16:26:43,053 [pool-383-thread-1] INFO  server.RaftServerConfigKeys (ConfUtils.java:logGet(43)) - raft.server.log.appender.buffer.byte-limit = 33554432 (custom)
2019-10-02 16:26:43,054 [pool-383-thread-1] INFO  server.RaftServerConfigKeys (ConfUtils.java:logGet(43)) - raft.server.log.segment.size.max = 1048576 (custom)
2019-10-02 16:26:43,055 [pool-383-thread-1] INFO  server.RaftServerConfigKeys (ConfUtils.java:logGet(43)) - raft.server.log.segment.cache.num.max = 2 (custom)
2019-10-02 16:26:43,055 [pool-383-thread-1] INFO  segmented.SegmentedRaftLogWorker (SegmentedRaftLogWorker.java:<init>(173)) - new 0b8f0ac0-9a6f-4054-9320-ff8d6bd8e7a9@group-89659FFF3BF5-SegmentedRaftLogWorker for RaftStorage:Storage Directory /workdir/hadoop-ozone/integration-test/target/test-dir/MiniOzoneClusterImpl-a2d53b8a-6fb3-402b-9a89-497566b34bb7/datanode-0/data/ratis/be4c8ba8-35dc-49b8-86f1-89659fff3bf5
2019-10-02 16:26:43,055 [pool-383-thread-1] INFO  server.RaftServerConfigKeys (ConfUtils.java:logGet(43)) - raft.server.log.queue.byte-limit = 2147483647 (custom)
2019-10-02 16:26:43,055 [pool-383-thread-1] INFO  server.RaftServerConfigKeys (ConfUtils.java:logGet(43)) - raft.server.log.queue.element-limit = 1024 (custom)
2019-10-02 16:26:43,055 [pool-383-thread-1] INFO  server.RaftServerConfigKeys (ConfUtils.java:logGet(43)) - raft.server.log.segment.size.max = 1048576 (custom)
2019-10-02 16:26:43,055 [pool-383-thread-1] INFO  server.RaftServerConfigKeys (ConfUtils.java:logGet(43)) - raft.server.log.preallocated.size = 16384 (custom)
2019-10-02 16:26:43,055 [pool-383-thread-1] INFO  server.RaftServerConfigKeys (ConfUtils.java:logGet(43)) - raft.server.log.write.buffer.size = 33554432 (custom)
2019-10-02 16:26:43,056 [pool-383-thread-1] INFO  server.RaftServerConfigKeys (ConfUtils.java:logGet(43)) - raft.server.log.force.sync.num = 128 (default)
2019-10-02 16:26:43,056 [pool-383-thread-1] INFO  server.RaftServerConfigKeys (ConfUtils.java:logGet(43)) - raft.server.log.statemachine.data.sync = true (default)
2019-10-02 16:26:43,056 [pool-383-thread-1] INFO  server.RaftServerConfigKeys (ConfUtils.java:logGet(43)) - raft.server.log.statemachine.data.sync.timeout = 10s (default)
2019-10-02 16:26:43,056 [pool-383-thread-1] INFO  server.RaftServerConfigKeys (ConfUtils.java:logGet(43)) - raft.server.log.statemachine.data.sync.timeout.retry = -1 (default)
2019-10-02 16:26:43,056 [pool-383-thread-1] INFO  server.RaftServerConfigKeys (ConfUtils.java:logGet(43)) - raft.server.log.statemachine.data.caching.enabled = true (custom)
2019-10-02 16:26:43,056 [pool-383-thread-1] INFO  segmented.SegmentedRaftLogWorker (SegmentedRaftLogWorker.java:lambda$new$0(128)) - 0b8f0ac0-9a6f-4054-9320-ff8d6bd8e7a9@group-89659FFF3BF5-SegmentedRaftLogWorker: flushIndex: setUnconditionally 0 -> -1
2019-10-02 16:26:43,057 [pool-383-thread-1] INFO  server.RaftServerConfigKeys (ConfUtils.java:logGet(43)) - raft.server.snapshot.auto.trigger.enabled = true (custom)
2019-10-02 16:26:43,057 [pool-383-thread-1] INFO  server.RaftServerConfigKeys (ConfUtils.java:logGet(43)) - raft.server.snapshot.auto.trigger.threshold = 10000 (custom)
2019-10-02 16:26:43,057 [pool-383-thread-1] INFO  server.RaftServerConfigKeys (ConfUtils.java:logGet(43)) - raft.server.snapshot.retention.file.num = 5 (custom)
2019-10-02 16:26:43,057 [pool-383-thread-1] INFO  server.RaftServerConfigKeys (ConfUtils.java:logGet(43)) - raft.server.retrycache.expirytime = 600000ms (custom)
2019-10-02 16:26:43,058 [pool-383-thread-1] INFO  impl.RaftServerImpl (RaftServerImpl.java:start(181)) - 0b8f0ac0-9a6f-4054-9320-ff8d6bd8e7a9@group-89659FFF3BF5: start as a follower, conf=-1: [0b8f0ac0-9a6f-4054-9320-ff8d6bd8e7a9:192.168.164.216:46522], old=null
2019-10-02 16:26:43,058 [pool-383-thread-1] INFO  impl.RaftServerImpl (RaftServerImpl.java:setRole(170)) - 0b8f0ac0-9a6f-4054-9320-ff8d6bd8e7a9@group-89659FFF3BF5: changes role from      null to FOLLOWER at term 0 for startAsFollower
2019-10-02 16:26:43,059 [pool-383-thread-1] INFO  impl.RoleInfo (RoleInfo.java:updateAndGet(143)) - 0b8f0ac0-9a6f-4054-9320-ff8d6bd8e7a9: start FollowerState
2019-10-02 16:26:43,059 [pool-383-thread-1] INFO  util.JmxRegister (JmxRegister.java:tryRegister(44)) - Successfully registered JMX Bean with object name Ratis:service=RaftServer,group=group-89659FFF3BF5,id=0b8f0ac0-9a6f-4054-9320-ff8d6bd8e7a9
2019-10-02 16:26:43,063 [RatisPipelineUtilsThread] INFO  pipeline.PipelineStateManager (PipelineStateManager.java:addPipeline(56)) - Created pipeline Pipeline[ Id: be4c8ba8-35dc-49b8-86f1-89659fff3bf5, Nodes: 0b8f0ac0-9a6f-4054-9320-ff8d6bd8e7a9{ip: 192.168.164.216, host: pr-hdds-2199-dnstouuidmap-57hpg-3119262845, networkLocation: /default-rack, certSerialId: null}, Type:RATIS, Factor:ONE, State:OPEN]
2019-10-02 16:26:43,105 [IPC Server handler 6 on 46861] INFO  net.NetworkTopology (NetworkTopologyImpl.java:add(111)) - Added a new node: /default-rack/d2f361d7-c523-4cac-a877-78988edeee2d
2019-10-02 16:26:43,105 [IPC Server handler 6 on 46861] INFO  node.SCMNodeManager (SCMNodeManager.java:register(268)) - Registered Data node : d2f361d7-c523-4cac-a877-78988edeee2d{ip: 192.168.164.216, host: pr-hdds-2199-dnstouuidmap-57hpg-3119262845, networkLocation: /default-rack, certSerialId: null}
2019-10-02 16:26:43,115 [grpc-default-executor-5] INFO  impl.RaftServerProxy (RaftServerProxy.java:addNew(89)) - d2f361d7-c523-4cac-a877-78988edeee2d: addNew group-503A3950190C:[d2f361d7-c523-4cac-a877-78988edeee2d:192.168.164.216:46474] returns group-503A3950190C:java.util.concurrent.CompletableFuture@53a0ae53[Not completed]
2019-10-02 16:26:43,116 [pool-393-thread-1] INFO  impl.RaftServerImpl (RaftServerImpl.java:<init>(95)) - d2f361d7-c523-4cac-a877-78988edeee2d: new RaftServerImpl for group-503A3950190C:[d2f361d7-c523-4cac-a877-78988edeee2d:192.168.164.216:46474] with ContainerStateMachine:uninitialized
2019-10-02 16:26:43,116 [pool-393-thread-1] INFO  server.RaftServerConfigKeys (ConfUtils.java:logGet(43)) - raft.server.rpc.timeout.min = 5s (custom)
2019-10-02 16:26:43,116 [pool-393-thread-1] INFO  server.RaftServerConfigKeys (ConfUtils.java:logGet(43)) - raft.server.rpc.timeout.max = 5200ms (custom)
2019-10-02 16:26:43,116 [pool-393-thread-1] INFO  server.RaftServerConfigKeys (ConfUtils.java:logGet(43)) - raft.server.rpcslowness.timeout = 120s (custom)
2019-10-02 16:26:43,116 [pool-393-thread-1] INFO  server.RaftServerConfigKeys (ConfUtils.java:logGet(43)) - raft.server.sleep.deviation.threshold = 300 (default)
2019-10-02 16:26:43,116 [pool-393-thread-1] INFO  server.RaftServerConfigKeys (ConfUtils.java:logGet(43)) - raft.server.log.appender.install.snapshot.enabled = false (custom)
2019-10-02 16:26:43,116 [pool-393-thread-1] INFO  impl.RaftServerImpl (ServerState.java:<init>(103)) - d2f361d7-c523-4cac-a877-78988edeee2d@group-503A3950190C: ConfigurationManager, init=-1: [d2f361d7-c523-4cac-a877-78988edeee2d:192.168.164.216:46474], old=null, confs=<EMPTY_MAP>
2019-10-02 16:26:43,117 [pool-393-thread-1] INFO  server.RaftServerConfigKeys (ConfUtils.java:logGet(43)) - raft.server.storage.dir = [/workdir/hadoop-ozone/integration-test/target/test-dir/MiniOzoneClusterImpl-a2d53b8a-6fb3-402b-9a89-497566b34bb7/datanode-1/data/ratis] (custom)
2019-10-02 16:26:43,117 [pool-393-thread-1] INFO  server.RaftServerConfigKeys (ConfUtils.java:logGet(43)) - raft.server.log.corruption.policy = EXCEPTION (default)
2019-10-02 16:26:43,117 [pool-393-thread-1] INFO  storage.RaftStorageDirectory (RaftStorageDirectory.java:analyzeStorage(246)) - The storage directory /workdir/hadoop-ozone/integration-test/target/test-dir/MiniOzoneClusterImpl-a2d53b8a-6fb3-402b-9a89-497566b34bb7/datanode-1/data/ratis/945b4ae3-5191-40f5-b63d-503a3950190c does not exist. Creating ...
2019-10-02 16:26:43,123 [pool-393-thread-1] INFO  storage.RaftStorageDirectory (RaftStorageDirectory.java:tryLock(328)) - Lock on /workdir/hadoop-ozone/integration-test/target/test-dir/MiniOzoneClusterImpl-a2d53b8a-6fb3-402b-9a89-497566b34bb7/datanode-1/data/ratis/945b4ae3-5191-40f5-b63d-503a3950190c/in_use.lock acquired by nodename 13332@pr-hdds-2199-dnstouuidmap-57hpg-3119262845
2019-10-02 16:26:43,132 [pool-393-thread-1] INFO  storage.RaftStorage (RaftStorage.java:format(84)) - Storage directory /workdir/hadoop-ozone/integration-test/target/test-dir/MiniOzoneClusterImpl-a2d53b8a-6fb3-402b-9a89-497566b34bb7/datanode-1/data/ratis/945b4ae3-5191-40f5-b63d-503a3950190c has been successfully formatted.
2019-10-02 16:26:43,132 [pool-393-thread-1] INFO  ratis.ContainerStateMachine (ContainerStateMachine.java:loadSnapshot(230)) - group-503A3950190C: The snapshot info is null. Setting the last applied indexto:(t:0, i:~)
2019-10-02 16:26:43,132 [pool-393-thread-1] INFO  server.RaftServerConfigKeys (ConfUtils.java:logGet(43)) - raft.server.notification.no-leader.timeout = 120s (custom)
2019-10-02 16:26:43,132 [pool-393-thread-1] INFO  server.RaftServerConfigKeys (ConfUtils.java:logGet(43)) - raft.server.log.use.memory = false (default)
2019-10-02 16:26:43,133 [pool-393-thread-1] INFO  server.RaftServerConfigKeys (ConfUtils.java:logGet(43)) - raft.server.log.purge.gap = 1000000 (custom)
2019-10-02 16:26:43,133 [pool-393-thread-1] INFO  server.RaftServerConfigKeys (ConfUtils.java:logGet(43)) - raft.server.log.appender.buffer.byte-limit = 33554432 (custom)
2019-10-02 16:26:43,133 [pool-393-thread-1] INFO  server.RaftServerConfigKeys (ConfUtils.java:logGet(43)) - raft.server.log.segment.size.max = 1048576 (custom)
2019-10-02 16:26:43,134 [pool-393-thread-1] INFO  server.RaftServerConfigKeys (ConfUtils.java:logGet(43)) - raft.server.log.segment.cache.num.max = 2 (custom)
2019-10-02 16:26:43,134 [pool-393-thread-1] INFO  segmented.SegmentedRaftLogWorker (SegmentedRaftLogWorker.java:<init>(173)) - new d2f361d7-c523-4cac-a877-78988edeee2d@group-503A3950190C-SegmentedRaftLogWorker for RaftStorage:Storage Directory /workdir/hadoop-ozone/integration-test/target/test-dir/MiniOzoneClusterImpl-a2d53b8a-6fb3-402b-9a89-497566b34bb7/datanode-1/data/ratis/945b4ae3-5191-40f5-b63d-503a3950190c
2019-10-02 16:26:43,134 [pool-393-thread-1] INFO  server.RaftServerConfigKeys (ConfUtils.java:logGet(43)) - raft.server.log.queue.byte-limit = 2147483647 (custom)
2019-10-02 16:26:43,134 [pool-393-thread-1] INFO  server.RaftServerConfigKeys (ConfUtils.java:logGet(43)) - raft.server.log.queue.element-limit = 1024 (custom)
2019-10-02 16:26:43,134 [pool-393-thread-1] INFO  server.RaftServerConfigKeys (ConfUtils.java:logGet(43)) - raft.server.log.segment.size.max = 1048576 (custom)
2019-10-02 16:26:43,135 [pool-393-thread-1] INFO  server.RaftServerConfigKeys (ConfUtils.java:logGet(43)) - raft.server.log.preallocated.size = 16384 (custom)
2019-10-02 16:26:43,135 [pool-393-thread-1] INFO  server.RaftServerConfigKeys (ConfUtils.java:logGet(43)) - raft.server.log.write.buffer.size = 33554432 (custom)
2019-10-02 16:26:43,135 [pool-393-thread-1] INFO  server.RaftServerConfigKeys (ConfUtils.java:logGet(43)) - raft.server.log.force.sync.num = 128 (default)
2019-10-02 16:26:43,135 [pool-393-thread-1] INFO  server.RaftServerConfigKeys (ConfUtils.java:logGet(43)) - raft.server.log.statemachine.data.sync = true (default)
2019-10-02 16:26:43,135 [pool-393-thread-1] INFO  server.RaftServerConfigKeys (ConfUtils.java:logGet(43)) - raft.server.log.statemachine.data.sync.timeout = 10s (default)
2019-10-02 16:26:43,135 [pool-393-thread-1] INFO  server.RaftServerConfigKeys (ConfUtils.java:logGet(43)) - raft.server.log.statemachine.data.sync.timeout.retry = -1 (default)
2019-10-02 16:26:43,135 [pool-393-thread-1] INFO  server.RaftServerConfigKeys (ConfUtils.java:logGet(43)) - raft.server.log.statemachine.data.caching.enabled = true (custom)
2019-10-02 16:26:43,136 [pool-393-thread-1] INFO  segmented.SegmentedRaftLogWorker (SegmentedRaftLogWorker.java:lambda$new$0(128)) - d2f361d7-c523-4cac-a877-78988edeee2d@group-503A3950190C-SegmentedRaftLogWorker: flushIndex: setUnconditionally 0 -> -1
2019-10-02 16:26:43,136 [pool-393-thread-1] INFO  server.RaftServerConfigKeys (ConfUtils.java:logGet(43)) - raft.server.snapshot.auto.trigger.enabled = true (custom)
2019-10-02 16:26:43,136 [pool-393-thread-1] INFO  server.RaftServerConfigKeys (ConfUtils.java:logGet(43)) - raft.server.snapshot.auto.trigger.threshold = 10000 (custom)
2019-10-02 16:26:43,136 [pool-393-thread-1] INFO  server.RaftServerConfigKeys (ConfUtils.java:logGet(43)) - raft.server.snapshot.retention.file.num = 5 (custom)
2019-10-02 16:26:43,136 [pool-393-thread-1] INFO  server.RaftServerConfigKeys (ConfUtils.java:logGet(43)) - raft.server.retrycache.expirytime = 600000ms (custom)
2019-10-02 16:26:43,137 [pool-393-thread-1] INFO  impl.RaftServerImpl (RaftServerImpl.java:start(181)) - d2f361d7-c523-4cac-a877-78988edeee2d@group-503A3950190C: start as a follower, conf=-1: [d2f361d7-c523-4cac-a877-78988edeee2d:192.168.164.216:46474], old=null
2019-10-02 16:26:43,137 [pool-393-thread-1] INFO  impl.RaftServerImpl (RaftServerImpl.java:setRole(170)) - d2f361d7-c523-4cac-a877-78988edeee2d@group-503A3950190C: changes role from      null to FOLLOWER at term 0 for startAsFollower
2019-10-02 16:26:43,137 [pool-393-thread-1] INFO  impl.RoleInfo (RoleInfo.java:updateAndGet(143)) - d2f361d7-c523-4cac-a877-78988edeee2d: start FollowerState
2019-10-02 16:26:43,138 [pool-393-thread-1] INFO  util.JmxRegister (JmxRegister.java:tryRegister(44)) - Successfully registered JMX Bean with object name Ratis:service=RaftServer,group=group-503A3950190C,id=d2f361d7-c523-4cac-a877-78988edeee2d
2019-10-02 16:26:43,141 [RatisPipelineUtilsThread] INFO  pipeline.PipelineStateManager (PipelineStateManager.java:addPipeline(56)) - Created pipeline Pipeline[ Id: 945b4ae3-5191-40f5-b63d-503a3950190c, Nodes: d2f361d7-c523-4cac-a877-78988edeee2d{ip: 192.168.164.216, host: pr-hdds-2199-dnstouuidmap-57hpg-3119262845, networkLocation: /default-rack, certSerialId: null}, Type:RATIS, Factor:ONE, State:OPEN]
2019-10-02 16:26:43,200 [IPC Server handler 7 on 46861] INFO  net.NetworkTopology (NetworkTopologyImpl.java:add(111)) - Added a new node: /default-rack/f61324bf-0d30-426d-9f8b-a2c367abb8e0
2019-10-02 16:26:43,200 [IPC Server handler 7 on 46861] INFO  node.SCMNodeManager (SCMNodeManager.java:register(268)) - Registered Data node : f61324bf-0d30-426d-9f8b-a2c367abb8e0{ip: 192.168.164.216, host: pr-hdds-2199-dnstouuidmap-57hpg-3119262845, networkLocation: /default-rack, certSerialId: null}
2019-10-02 16:26:43,208 [grpc-default-executor-5] INFO  impl.RaftServerProxy (RaftServerProxy.java:addNew(89)) - f61324bf-0d30-426d-9f8b-a2c367abb8e0: addNew group-D84E0F466ADF:[f61324bf-0d30-426d-9f8b-a2c367abb8e0:192.168.164.216:36938] returns group-D84E0F466ADF:java.util.concurrent.CompletableFuture@611c09fa[Not completed]
2019-10-02 16:26:43,209 [pool-403-thread-1] INFO  impl.RaftServerImpl (RaftServerImpl.java:<init>(95)) - f61324bf-0d30-426d-9f8b-a2c367abb8e0: new RaftServerImpl for group-D84E0F466ADF:[f61324bf-0d30-426d-9f8b-a2c367abb8e0:192.168.164.216:36938] with ContainerStateMachine:uninitialized
2019-10-02 16:26:43,209 [pool-403-thread-1] INFO  server.RaftServerConfigKeys (ConfUtils.java:logGet(43)) - raft.server.rpc.timeout.min = 5s (custom)
2019-10-02 16:26:43,209 [pool-403-thread-1] INFO  server.RaftServerConfigKeys (ConfUtils.java:logGet(43)) - raft.server.rpc.timeout.max = 5200ms (custom)
2019-10-02 16:26:43,210 [pool-403-thread-1] INFO  server.RaftServerConfigKeys (ConfUtils.java:logGet(43)) - raft.server.rpcslowness.timeout = 120s (custom)
2019-10-02 16:26:43,210 [pool-403-thread-1] INFO  server.RaftServerConfigKeys (ConfUtils.java:logGet(43)) - raft.server.sleep.deviation.threshold = 300 (default)
2019-10-02 16:26:43,210 [pool-403-thread-1] INFO  server.RaftServerConfigKeys (ConfUtils.java:logGet(43)) - raft.server.log.appender.install.snapshot.enabled = false (custom)
2019-10-02 16:26:43,210 [pool-403-thread-1] INFO  impl.RaftServerImpl (ServerState.java:<init>(103)) - f61324bf-0d30-426d-9f8b-a2c367abb8e0@group-D84E0F466ADF: ConfigurationManager, init=-1: [f61324bf-0d30-426d-9f8b-a2c367abb8e0:192.168.164.216:36938], old=null, confs=<EMPTY_MAP>
2019-10-02 16:26:43,210 [pool-403-thread-1] INFO  server.RaftServerConfigKeys (ConfUtils.java:logGet(43)) - raft.server.storage.dir = [/workdir/hadoop-ozone/integration-test/target/test-dir/MiniOzoneClusterImpl-a2d53b8a-6fb3-402b-9a89-497566b34bb7/datanode-2/data/ratis] (custom)
2019-10-02 16:26:43,210 [pool-403-thread-1] INFO  server.RaftServerConfigKeys (ConfUtils.java:logGet(43)) - raft.server.log.corruption.policy = EXCEPTION (default)
2019-10-02 16:26:43,210 [pool-403-thread-1] INFO  storage.RaftStorageDirectory (RaftStorageDirectory.java:analyzeStorage(246)) - The storage directory /workdir/hadoop-ozone/integration-test/target/test-dir/MiniOzoneClusterImpl-a2d53b8a-6fb3-402b-9a89-497566b34bb7/datanode-2/data/ratis/65a85b3d-54bd-48a9-be84-d84e0f466adf does not exist. Creating ...
2019-10-02 16:26:43,221 [pool-403-thread-1] INFO  storage.RaftStorageDirectory (RaftStorageDirectory.java:tryLock(328)) - Lock on /workdir/hadoop-ozone/integration-test/target/test-dir/MiniOzoneClusterImpl-a2d53b8a-6fb3-402b-9a89-497566b34bb7/datanode-2/data/ratis/65a85b3d-54bd-48a9-be84-d84e0f466adf/in_use.lock acquired by nodename 13332@pr-hdds-2199-dnstouuidmap-57hpg-3119262845
2019-10-02 16:26:43,225 [pool-403-thread-1] INFO  storage.RaftStorage (RaftStorage.java:format(84)) - Storage directory /workdir/hadoop-ozone/integration-test/target/test-dir/MiniOzoneClusterImpl-a2d53b8a-6fb3-402b-9a89-497566b34bb7/datanode-2/data/ratis/65a85b3d-54bd-48a9-be84-d84e0f466adf has been successfully formatted.
2019-10-02 16:26:43,225 [pool-403-thread-1] INFO  ratis.ContainerStateMachine (ContainerStateMachine.java:loadSnapshot(230)) - group-D84E0F466ADF: The snapshot info is null. Setting the last applied indexto:(t:0, i:~)
2019-10-02 16:26:43,225 [pool-403-thread-1] INFO  server.RaftServerConfigKeys (ConfUtils.java:logGet(43)) - raft.server.notification.no-leader.timeout = 120s (custom)
2019-10-02 16:26:43,225 [pool-403-thread-1] INFO  server.RaftServerConfigKeys (ConfUtils.java:logGet(43)) - raft.server.log.use.memory = false (default)
2019-10-02 16:26:43,225 [pool-403-thread-1] INFO  server.RaftServerConfigKeys (ConfUtils.java:logGet(43)) - raft.server.log.purge.gap = 1000000 (custom)
2019-10-02 16:26:43,225 [pool-403-thread-1] INFO  server.RaftServerConfigKeys (ConfUtils.java:logGet(43)) - raft.server.log.appender.buffer.byte-limit = 33554432 (custom)
2019-10-02 16:26:43,225 [pool-403-thread-1] INFO  server.RaftServerConfigKeys (ConfUtils.java:logGet(43)) - raft.server.log.segment.size.max = 1048576 (custom)
2019-10-02 16:26:43,226 [pool-403-thread-1] INFO  server.RaftServerConfigKeys (ConfUtils.java:logGet(43)) - raft.server.log.segment.cache.num.max = 2 (custom)
2019-10-02 16:26:43,226 [pool-403-thread-1] INFO  segmented.SegmentedRaftLogWorker (SegmentedRaftLogWorker.java:<init>(173)) - new f61324bf-0d30-426d-9f8b-a2c367abb8e0@group-D84E0F466ADF-SegmentedRaftLogWorker for RaftStorage:Storage Directory /workdir/hadoop-ozone/integration-test/target/test-dir/MiniOzoneClusterImpl-a2d53b8a-6fb3-402b-9a89-497566b34bb7/datanode-2/data/ratis/65a85b3d-54bd-48a9-be84-d84e0f466adf
2019-10-02 16:26:43,226 [pool-403-thread-1] INFO  server.RaftServerConfigKeys (ConfUtils.java:logGet(43)) - raft.server.log.queue.byte-limit = 2147483647 (custom)
2019-10-02 16:26:43,227 [pool-403-thread-1] INFO  server.RaftServerConfigKeys (ConfUtils.java:logGet(43)) - raft.server.log.queue.element-limit = 1024 (custom)
2019-10-02 16:26:43,227 [pool-403-thread-1] INFO  server.RaftServerConfigKeys (ConfUtils.java:logGet(43)) - raft.server.log.segment.size.max = 1048576 (custom)
2019-10-02 16:26:43,227 [pool-403-thread-1] INFO  server.RaftServerConfigKeys (ConfUtils.java:logGet(43)) - raft.server.log.preallocated.size = 16384 (custom)
2019-10-02 16:26:43,227 [pool-403-thread-1] INFO  server.RaftServerConfigKeys (ConfUtils.java:logGet(43)) - raft.server.log.write.buffer.size = 33554432 (custom)
2019-10-02 16:26:43,227 [pool-403-thread-1] INFO  server.RaftServerConfigKeys (ConfUtils.java:logGet(43)) - raft.server.log.force.sync.num = 128 (default)
2019-10-02 16:26:43,227 [pool-403-thread-1] INFO  server.RaftServerConfigKeys (ConfUtils.java:logGet(43)) - raft.server.log.statemachine.data.sync = true (default)
2019-10-02 16:26:43,227 [pool-403-thread-1] INFO  server.RaftServerConfigKeys (ConfUtils.java:logGet(43)) - raft.server.log.statemachine.data.sync.timeout = 10s (default)
2019-10-02 16:26:43,227 [pool-403-thread-1] INFO  server.RaftServerConfigKeys (ConfUtils.java:logGet(43)) - raft.server.log.statemachine.data.sync.timeout.retry = -1 (default)
2019-10-02 16:26:43,227 [pool-403-thread-1] INFO  server.RaftServerConfigKeys (ConfUtils.java:logGet(43)) - raft.server.log.statemachine.data.caching.enabled = true (custom)
2019-10-02 16:26:43,228 [pool-403-thread-1] INFO  segmented.SegmentedRaftLogWorker (SegmentedRaftLogWorker.java:lambda$new$0(128)) - f61324bf-0d30-426d-9f8b-a2c367abb8e0@group-D84E0F466ADF-SegmentedRaftLogWorker: flushIndex: setUnconditionally 0 -> -1
2019-10-02 16:26:43,228 [pool-403-thread-1] INFO  server.RaftServerConfigKeys (ConfUtils.java:logGet(43)) - raft.server.snapshot.auto.trigger.enabled = true (custom)
2019-10-02 16:26:43,228 [pool-403-thread-1] INFO  server.RaftServerConfigKeys (ConfUtils.java:logGet(43)) - raft.server.snapshot.auto.trigger.threshold = 10000 (custom)
2019-10-02 16:26:43,228 [pool-403-thread-1] INFO  server.RaftServerConfigKeys (ConfUtils.java:logGet(43)) - raft.server.snapshot.retention.file.num = 5 (custom)
2019-10-02 16:26:43,228 [pool-403-thread-1] INFO  server.RaftServerConfigKeys (ConfUtils.java:logGet(43)) - raft.server.retrycache.expirytime = 600000ms (custom)
2019-10-02 16:26:43,229 [pool-403-thread-1] INFO  impl.RaftServerImpl (RaftServerImpl.java:start(181)) - f61324bf-0d30-426d-9f8b-a2c367abb8e0@group-D84E0F466ADF: start as a follower, conf=-1: [f61324bf-0d30-426d-9f8b-a2c367abb8e0:192.168.164.216:36938], old=null
2019-10-02 16:26:43,229 [pool-403-thread-1] INFO  impl.RaftServerImpl (RaftServerImpl.java:setRole(170)) - f61324bf-0d30-426d-9f8b-a2c367abb8e0@group-D84E0F466ADF: changes role from      null to FOLLOWER at term 0 for startAsFollower
2019-10-02 16:26:43,229 [pool-403-thread-1] INFO  impl.RoleInfo (RoleInfo.java:updateAndGet(143)) - f61324bf-0d30-426d-9f8b-a2c367abb8e0: start FollowerState
2019-10-02 16:26:43,229 [pool-403-thread-1] INFO  util.JmxRegister (JmxRegister.java:tryRegister(44)) - Successfully registered JMX Bean with object name Ratis:service=RaftServer,group=group-D84E0F466ADF,id=f61324bf-0d30-426d-9f8b-a2c367abb8e0
2019-10-02 16:26:43,232 [RatisPipelineUtilsThread] INFO  pipeline.PipelineStateManager (PipelineStateManager.java:addPipeline(56)) - Created pipeline Pipeline[ Id: 65a85b3d-54bd-48a9-be84-d84e0f466adf, Nodes: f61324bf-0d30-426d-9f8b-a2c367abb8e0{ip: 192.168.164.216, host: pr-hdds-2199-dnstouuidmap-57hpg-3119262845, networkLocation: /default-rack, certSerialId: null}, Type:RATIS, Factor:ONE, State:OPEN]
2019-10-02 16:26:43,250 [grpc-default-executor-7] INFO  impl.RaftServerProxy (RaftServerProxy.java:addNew(89)) - d2f361d7-c523-4cac-a877-78988edeee2d: addNew group-87FD7415BD81:[d2f361d7-c523-4cac-a877-78988edeee2d:192.168.164.216:46474, f61324bf-0d30-426d-9f8b-a2c367abb8e0:192.168.164.216:36938, 0b8f0ac0-9a6f-4054-9320-ff8d6bd8e7a9:192.168.164.216:46522] returns group-87FD7415BD81:java.util.concurrent.CompletableFuture@35a49d19[Not completed]
2019-10-02 16:26:43,251 [grpc-default-executor-2] INFO  impl.RaftServerProxy (RaftServerProxy.java:addNew(89)) - f61324bf-0d30-426d-9f8b-a2c367abb8e0: addNew group-87FD7415BD81:[d2f361d7-c523-4cac-a877-78988edeee2d:192.168.164.216:46474, f61324bf-0d30-426d-9f8b-a2c367abb8e0:192.168.164.216:36938, 0b8f0ac0-9a6f-4054-9320-ff8d6bd8e7a9:192.168.164.216:46522] returns group-87FD7415BD81:java.util.concurrent.CompletableFuture@2f5314b7[Not completed]
2019-10-02 16:26:43,251 [grpc-default-executor-7] INFO  impl.RaftServerProxy (RaftServerProxy.java:addNew(89)) - 0b8f0ac0-9a6f-4054-9320-ff8d6bd8e7a9: addNew group-87FD7415BD81:[d2f361d7-c523-4cac-a877-78988edeee2d:192.168.164.216:46474, f61324bf-0d30-426d-9f8b-a2c367abb8e0:192.168.164.216:36938, 0b8f0ac0-9a6f-4054-9320-ff8d6bd8e7a9:192.168.164.216:46522] returns group-87FD7415BD81:java.util.concurrent.CompletableFuture@35db56ec[Not completed]
2019-10-02 16:26:43,252 [pool-393-thread-1] INFO  impl.RaftServerImpl (RaftServerImpl.java:<init>(95)) - d2f361d7-c523-4cac-a877-78988edeee2d: new RaftServerImpl for group-87FD7415BD81:[d2f361d7-c523-4cac-a877-78988edeee2d:192.168.164.216:46474, f61324bf-0d30-426d-9f8b-a2c367abb8e0:192.168.164.216:36938, 0b8f0ac0-9a6f-4054-9320-ff8d6bd8e7a9:192.168.164.216:46522] with ContainerStateMachine:uninitialized
2019-10-02 16:26:43,252 [pool-393-thread-1] INFO  server.RaftServerConfigKeys (ConfUtils.java:logGet(43)) - raft.server.rpc.timeout.min = 5s (custom)
2019-10-02 16:26:43,252 [pool-393-thread-1] INFO  server.RaftServerConfigKeys (ConfUtils.java:logGet(43)) - raft.server.rpc.timeout.max = 5200ms (custom)
2019-10-02 16:26:43,252 [pool-383-thread-1] INFO  impl.RaftServerImpl (RaftServerImpl.java:<init>(95)) - 0b8f0ac0-9a6f-4054-9320-ff8d6bd8e7a9: new RaftServerImpl for group-87FD7415BD81:[d2f361d7-c523-4cac-a877-78988edeee2d:192.168.164.216:46474, f61324bf-0d30-426d-9f8b-a2c367abb8e0:192.168.164.216:36938, 0b8f0ac0-9a6f-4054-9320-ff8d6bd8e7a9:192.168.164.216:46522] with ContainerStateMachine:uninitialized
2019-10-02 16:26:43,252 [pool-393-thread-1] INFO  server.RaftServerConfigKeys (ConfUtils.java:logGet(43)) - raft.server.rpcslowness.timeout = 120s (custom)
2019-10-02 16:26:43,252 [pool-383-thread-1] INFO  server.RaftServerConfigKeys (ConfUtils.java:logGet(43)) - raft.server.rpc.timeout.min = 5s (custom)
2019-10-02 16:26:43,252 [pool-393-thread-1] INFO  server.RaftServerConfigKeys (ConfUtils.java:logGet(43)) - raft.server.sleep.deviation.threshold = 300 (default)
2019-10-02 16:26:43,252 [pool-383-thread-1] INFO  server.RaftServerConfigKeys (ConfUtils.java:logGet(43)) - raft.server.rpc.timeout.max = 5200ms (custom)
2019-10-02 16:26:43,252 [pool-403-thread-1] INFO  impl.RaftServerImpl (RaftServerImpl.java:<init>(95)) - f61324bf-0d30-426d-9f8b-a2c367abb8e0: new RaftServerImpl for group-87FD7415BD81:[d2f361d7-c523-4cac-a877-78988edeee2d:192.168.164.216:46474, f61324bf-0d30-426d-9f8b-a2c367abb8e0:192.168.164.216:36938, 0b8f0ac0-9a6f-4054-9320-ff8d6bd8e7a9:192.168.164.216:46522] with ContainerStateMachine:uninitialized
2019-10-02 16:26:43,252 [pool-383-thread-1] INFO  server.RaftServerConfigKeys (ConfUtils.java:logGet(43)) - raft.server.rpcslowness.timeout = 120s (custom)
2019-10-02 16:26:43,252 [pool-393-thread-1] INFO  server.RaftServerConfigKeys (ConfUtils.java:logGet(43)) - raft.server.log.appender.install.snapshot.enabled = false (custom)
2019-10-02 16:26:43,253 [pool-383-thread-1] INFO  server.RaftServerConfigKeys (ConfUtils.java:logGet(43)) - raft.server.sleep.deviation.threshold = 300 (default)
2019-10-02 16:26:43,253 [pool-403-thread-1] INFO  server.RaftServerConfigKeys (ConfUtils.java:logGet(43)) - raft.server.rpc.timeout.min = 5s (custom)
2019-10-02 16:26:43,253 [pool-383-thread-1] INFO  server.RaftServerConfigKeys (ConfUtils.java:logGet(43)) - raft.server.log.appender.install.snapshot.enabled = false (custom)
2019-10-02 16:26:43,253 [pool-393-thread-1] INFO  impl.RaftServerImpl (ServerState.java:<init>(103)) - d2f361d7-c523-4cac-a877-78988edeee2d@group-87FD7415BD81: ConfigurationManager, init=-1: [d2f361d7-c523-4cac-a877-78988edeee2d:192.168.164.216:46474, f61324bf-0d30-426d-9f8b-a2c367abb8e0:192.168.164.216:36938, 0b8f0ac0-9a6f-4054-9320-ff8d6bd8e7a9:192.168.164.216:46522], old=null, confs=<EMPTY_MAP>
2019-10-02 16:26:43,253 [pool-383-thread-1] INFO  impl.RaftServerImpl (ServerState.java:<init>(103)) - 0b8f0ac0-9a6f-4054-9320-ff8d6bd8e7a9@group-87FD7415BD81: ConfigurationManager, init=-1: [d2f361d7-c523-4cac-a877-78988edeee2d:192.168.164.216:46474, f61324bf-0d30-426d-9f8b-a2c367abb8e0:192.168.164.216:36938, 0b8f0ac0-9a6f-4054-9320-ff8d6bd8e7a9:192.168.164.216:46522], old=null, confs=<EMPTY_MAP>
2019-10-02 16:26:43,253 [pool-403-thread-1] INFO  server.RaftServerConfigKeys (ConfUtils.java:logGet(43)) - raft.server.rpc.timeout.max = 5200ms (custom)
2019-10-02 16:26:43,253 [pool-383-thread-1] INFO  server.RaftServerConfigKeys (ConfUtils.java:logGet(43)) - raft.server.storage.dir = [/workdir/hadoop-ozone/integration-test/target/test-dir/MiniOzoneClusterImpl-a2d53b8a-6fb3-402b-9a89-497566b34bb7/datanode-0/data/ratis] (custom)
2019-10-02 16:26:43,253 [pool-393-thread-1] INFO  server.RaftServerConfigKeys (ConfUtils.java:logGet(43)) - raft.server.storage.dir = [/workdir/hadoop-ozone/integration-test/target/test-dir/MiniOzoneClusterImpl-a2d53b8a-6fb3-402b-9a89-497566b34bb7/datanode-1/data/ratis] (custom)
2019-10-02 16:26:43,253 [pool-403-thread-1] INFO  server.RaftServerConfigKeys (ConfUtils.java:logGet(43)) - raft.server.rpcslowness.timeout = 120s (custom)
2019-10-02 16:26:43,253 [pool-383-thread-1] INFO  server.RaftServerConfigKeys (ConfUtils.java:logGet(43)) - raft.server.log.corruption.policy = EXCEPTION (default)
2019-10-02 16:26:43,253 [pool-393-thread-1] INFO  server.RaftServerConfigKeys (ConfUtils.java:logGet(43)) - raft.server.log.corruption.policy = EXCEPTION (default)
2019-10-02 16:26:43,253 [pool-403-thread-1] INFO  server.RaftServerConfigKeys (ConfUtils.java:logGet(43)) - raft.server.sleep.deviation.threshold = 300 (default)
2019-10-02 16:26:43,254 [pool-393-thread-1] INFO  storage.RaftStorageDirectory (RaftStorageDirectory.java:analyzeStorage(246)) - The storage directory /workdir/hadoop-ozone/integration-test/target/test-dir/MiniOzoneClusterImpl-a2d53b8a-6fb3-402b-9a89-497566b34bb7/datanode-1/data/ratis/a56751c3-a409-4814-837a-87fd7415bd81 does not exist. Creating ...
2019-10-02 16:26:43,253 [pool-383-thread-1] INFO  storage.RaftStorageDirectory (RaftStorageDirectory.java:analyzeStorage(246)) - The storage directory /workdir/hadoop-ozone/integration-test/target/test-dir/MiniOzoneClusterImpl-a2d53b8a-6fb3-402b-9a89-497566b34bb7/datanode-0/data/ratis/a56751c3-a409-4814-837a-87fd7415bd81 does not exist. Creating ...
2019-10-02 16:26:43,254 [pool-403-thread-1] INFO  server.RaftServerConfigKeys (ConfUtils.java:logGet(43)) - raft.server.log.appender.install.snapshot.enabled = false (custom)
2019-10-02 16:26:43,254 [pool-403-thread-1] INFO  impl.RaftServerImpl (ServerState.java:<init>(103)) - f61324bf-0d30-426d-9f8b-a2c367abb8e0@group-87FD7415BD81: ConfigurationManager, init=-1: [d2f361d7-c523-4cac-a877-78988edeee2d:192.168.164.216:46474, f61324bf-0d30-426d-9f8b-a2c367abb8e0:192.168.164.216:36938, 0b8f0ac0-9a6f-4054-9320-ff8d6bd8e7a9:192.168.164.216:46522], old=null, confs=<EMPTY_MAP>
2019-10-02 16:26:43,254 [pool-403-thread-1] INFO  server.RaftServerConfigKeys (ConfUtils.java:logGet(43)) - raft.server.storage.dir = [/workdir/hadoop-ozone/integration-test/target/test-dir/MiniOzoneClusterImpl-a2d53b8a-6fb3-402b-9a89-497566b34bb7/datanode-2/data/ratis] (custom)
2019-10-02 16:26:43,254 [pool-403-thread-1] INFO  server.RaftServerConfigKeys (ConfUtils.java:logGet(43)) - raft.server.log.corruption.policy = EXCEPTION (default)
2019-10-02 16:26:43,254 [pool-403-thread-1] INFO  storage.RaftStorageDirectory (RaftStorageDirectory.java:analyzeStorage(246)) - The storage directory /workdir/hadoop-ozone/integration-test/target/test-dir/MiniOzoneClusterImpl-a2d53b8a-6fb3-402b-9a89-497566b34bb7/datanode-2/data/ratis/a56751c3-a409-4814-837a-87fd7415bd81 does not exist. Creating ...
2019-10-02 16:26:43,267 [pool-383-thread-1] INFO  storage.RaftStorageDirectory (RaftStorageDirectory.java:tryLock(328)) - Lock on /workdir/hadoop-ozone/integration-test/target/test-dir/MiniOzoneClusterImpl-a2d53b8a-6fb3-402b-9a89-497566b34bb7/datanode-0/data/ratis/a56751c3-a409-4814-837a-87fd7415bd81/in_use.lock acquired by nodename 13332@pr-hdds-2199-dnstouuidmap-57hpg-3119262845
2019-10-02 16:26:43,267 [pool-393-thread-1] INFO  storage.RaftStorageDirectory (RaftStorageDirectory.java:tryLock(328)) - Lock on /workdir/hadoop-ozone/integration-test/target/test-dir/MiniOzoneClusterImpl-a2d53b8a-6fb3-402b-9a89-497566b34bb7/datanode-1/data/ratis/a56751c3-a409-4814-837a-87fd7415bd81/in_use.lock acquired by nodename 13332@pr-hdds-2199-dnstouuidmap-57hpg-3119262845
2019-10-02 16:26:43,267 [pool-403-thread-1] INFO  storage.RaftStorageDirectory (RaftStorageDirectory.java:tryLock(328)) - Lock on /workdir/hadoop-ozone/integration-test/target/test-dir/MiniOzoneClusterImpl-a2d53b8a-6fb3-402b-9a89-497566b34bb7/datanode-2/data/ratis/a56751c3-a409-4814-837a-87fd7415bd81/in_use.lock acquired by nodename 13332@pr-hdds-2199-dnstouuidmap-57hpg-3119262845
2019-10-02 16:26:43,271 [pool-383-thread-1] INFO  storage.RaftStorage (RaftStorage.java:format(84)) - Storage directory /workdir/hadoop-ozone/integration-test/target/test-dir/MiniOzoneClusterImpl-a2d53b8a-6fb3-402b-9a89-497566b34bb7/datanode-0/data/ratis/a56751c3-a409-4814-837a-87fd7415bd81 has been successfully formatted.
2019-10-02 16:26:43,271 [pool-393-thread-1] INFO  storage.RaftStorage (RaftStorage.java:format(84)) - Storage directory /workdir/hadoop-ozone/integration-test/target/test-dir/MiniOzoneClusterImpl-a2d53b8a-6fb3-402b-9a89-497566b34bb7/datanode-1/data/ratis/a56751c3-a409-4814-837a-87fd7415bd81 has been successfully formatted.
2019-10-02 16:26:43,271 [pool-383-thread-1] INFO  ratis.ContainerStateMachine (ContainerStateMachine.java:loadSnapshot(230)) - group-87FD7415BD81: The snapshot info is null. Setting the last applied indexto:(t:0, i:~)
2019-10-02 16:26:43,271 [pool-393-thread-1] INFO  ratis.ContainerStateMachine (ContainerStateMachine.java:loadSnapshot(230)) - group-87FD7415BD81: The snapshot info is null. Setting the last applied indexto:(t:0, i:~)
2019-10-02 16:26:43,271 [pool-403-thread-1] INFO  storage.RaftStorage (RaftStorage.java:format(84)) - Storage directory /workdir/hadoop-ozone/integration-test/target/test-dir/MiniOzoneClusterImpl-a2d53b8a-6fb3-402b-9a89-497566b34bb7/datanode-2/data/ratis/a56751c3-a409-4814-837a-87fd7415bd81 has been successfully formatted.
2019-10-02 16:26:43,271 [pool-393-thread-1] INFO  server.RaftServerConfigKeys (ConfUtils.java:logGet(43)) - raft.server.notification.no-leader.timeout = 120s (custom)
2019-10-02 16:26:43,271 [pool-383-thread-1] INFO  server.RaftServerConfigKeys (ConfUtils.java:logGet(43)) - raft.server.notification.no-leader.timeout = 120s (custom)
2019-10-02 16:26:43,272 [pool-393-thread-1] INFO  server.RaftServerConfigKeys (ConfUtils.java:logGet(43)) - raft.server.log.use.memory = false (default)
2019-10-02 16:26:43,272 [pool-403-thread-1] INFO  ratis.ContainerStateMachine (ContainerStateMachine.java:loadSnapshot(230)) - group-87FD7415BD81: The snapshot info is null. Setting the last applied indexto:(t:0, i:~)
2019-10-02 16:26:43,272 [pool-393-thread-1] INFO  server.RaftServerConfigKeys (ConfUtils.java:logGet(43)) - raft.server.log.purge.gap = 1000000 (custom)
2019-10-02 16:26:43,272 [pool-383-thread-1] INFO  server.RaftServerConfigKeys (ConfUtils.java:logGet(43)) - raft.server.log.use.memory = false (default)
2019-10-02 16:26:43,272 [pool-393-thread-1] INFO  server.RaftServerConfigKeys (ConfUtils.java:logGet(43)) - raft.server.log.appender.buffer.byte-limit = 33554432 (custom)
2019-10-02 16:26:43,272 [pool-403-thread-1] INFO  server.RaftServerConfigKeys (ConfUtils.java:logGet(43)) - raft.server.notification.no-leader.timeout = 120s (custom)
2019-10-02 16:26:43,272 [pool-393-thread-1] INFO  server.RaftServerConfigKeys (ConfUtils.java:logGet(43)) - raft.server.log.segment.size.max = 1048576 (custom)
2019-10-02 16:26:43,272 [pool-383-thread-1] INFO  server.RaftServerConfigKeys (ConfUtils.java:logGet(43)) - raft.server.log.purge.gap = 1000000 (custom)
2019-10-02 16:26:43,272 [pool-393-thread-1] INFO  server.RaftServerConfigKeys (ConfUtils.java:logGet(43)) - raft.server.log.segment.cache.num.max = 2 (custom)
2019-10-02 16:26:43,272 [pool-403-thread-1] INFO  server.RaftServerConfigKeys (ConfUtils.java:logGet(43)) - raft.server.log.use.memory = false (default)
2019-10-02 16:26:43,272 [pool-393-thread-1] INFO  segmented.SegmentedRaftLogWorker (SegmentedRaftLogWorker.java:<init>(173)) - new d2f361d7-c523-4cac-a877-78988edeee2d@group-87FD7415BD81-SegmentedRaftLogWorker for RaftStorage:Storage Directory /workdir/hadoop-ozone/integration-test/target/test-dir/MiniOzoneClusterImpl-a2d53b8a-6fb3-402b-9a89-497566b34bb7/datanode-1/data/ratis/a56751c3-a409-4814-837a-87fd7415bd81
2019-10-02 16:26:43,272 [pool-383-thread-1] INFO  server.RaftServerConfigKeys (ConfUtils.java:logGet(43)) - raft.server.log.appender.buffer.byte-limit = 33554432 (custom)
2019-10-02 16:26:43,273 [pool-393-thread-1] INFO  server.RaftServerConfigKeys (ConfUtils.java:logGet(43)) - raft.server.log.queue.byte-limit = 2147483647 (custom)
2019-10-02 16:26:43,273 [pool-403-thread-1] INFO  server.RaftServerConfigKeys (ConfUtils.java:logGet(43)) - raft.server.log.purge.gap = 1000000 (custom)
2019-10-02 16:26:43,273 [pool-393-thread-1] INFO  server.RaftServerConfigKeys (ConfUtils.java:logGet(43)) - raft.server.log.queue.element-limit = 1024 (custom)
2019-10-02 16:26:43,273 [pool-383-thread-1] INFO  server.RaftServerConfigKeys (ConfUtils.java:logGet(43)) - raft.server.log.segment.size.max = 1048576 (custom)
2019-10-02 16:26:43,273 [pool-393-thread-1] INFO  server.RaftServerConfigKeys (ConfUtils.java:logGet(43)) - raft.server.log.segment.size.max = 1048576 (custom)
2019-10-02 16:26:43,273 [pool-403-thread-1] INFO  server.RaftServerConfigKeys (ConfUtils.java:logGet(43)) - raft.server.log.appender.buffer.byte-limit = 33554432 (custom)
2019-10-02 16:26:43,273 [pool-393-thread-1] INFO  server.RaftServerConfigKeys (ConfUtils.java:logGet(43)) - raft.server.log.preallocated.size = 16384 (custom)
2019-10-02 16:26:43,273 [pool-383-thread-1] INFO  server.RaftServerConfigKeys (ConfUtils.java:logGet(43)) - raft.server.log.segment.cache.num.max = 2 (custom)
2019-10-02 16:26:43,273 [pool-393-thread-1] INFO  server.RaftServerConfigKeys (ConfUtils.java:logGet(43)) - raft.server.log.write.buffer.size = 33554432 (custom)
2019-10-02 16:26:43,273 [pool-403-thread-1] INFO  server.RaftServerConfigKeys (ConfUtils.java:logGet(43)) - raft.server.log.segment.size.max = 1048576 (custom)
2019-10-02 16:26:43,273 [pool-393-thread-1] INFO  server.RaftServerConfigKeys (ConfUtils.java:logGet(43)) - raft.server.log.force.sync.num = 128 (default)
2019-10-02 16:26:43,273 [pool-383-thread-1] INFO  segmented.SegmentedRaftLogWorker (SegmentedRaftLogWorker.java:<init>(173)) - new 0b8f0ac0-9a6f-4054-9320-ff8d6bd8e7a9@group-87FD7415BD81-SegmentedRaftLogWorker for RaftStorage:Storage Directory /workdir/hadoop-ozone/integration-test/target/test-dir/MiniOzoneClusterImpl-a2d53b8a-6fb3-402b-9a89-497566b34bb7/datanode-0/data/ratis/a56751c3-a409-4814-837a-87fd7415bd81
2019-10-02 16:26:43,274 [pool-393-thread-1] INFO  server.RaftServerConfigKeys (ConfUtils.java:logGet(43)) - raft.server.log.statemachine.data.sync = true (default)
2019-10-02 16:26:43,274 [pool-403-thread-1] INFO  server.RaftServerConfigKeys (ConfUtils.java:logGet(43)) - raft.server.log.segment.cache.num.max = 2 (custom)
2019-10-02 16:26:43,274 [pool-393-thread-1] INFO  server.RaftServerConfigKeys (ConfUtils.java:logGet(43)) - raft.server.log.statemachine.data.sync.timeout = 10s (default)
2019-10-02 16:26:43,274 [pool-383-thread-1] INFO  server.RaftServerConfigKeys (ConfUtils.java:logGet(43)) - raft.server.log.queue.byte-limit = 2147483647 (custom)
2019-10-02 16:26:43,274 [pool-393-thread-1] INFO  server.RaftServerConfigKeys (ConfUtils.java:logGet(43)) - raft.server.log.statemachine.data.sync.timeout.retry = -1 (default)
2019-10-02 16:26:43,274 [pool-403-thread-1] INFO  segmented.SegmentedRaftLogWorker (SegmentedRaftLogWorker.java:<init>(173)) - new f61324bf-0d30-426d-9f8b-a2c367abb8e0@group-87FD7415BD81-SegmentedRaftLogWorker for RaftStorage:Storage Directory /workdir/hadoop-ozone/integration-test/target/test-dir/MiniOzoneClusterImpl-a2d53b8a-6fb3-402b-9a89-497566b34bb7/datanode-2/data/ratis/a56751c3-a409-4814-837a-87fd7415bd81
2019-10-02 16:26:43,274 [pool-393-thread-1] INFO  server.RaftServerConfigKeys (ConfUtils.java:logGet(43)) - raft.server.log.statemachine.data.caching.enabled = true (custom)
2019-10-02 16:26:43,274 [pool-383-thread-1] INFO  server.RaftServerConfigKeys (ConfUtils.java:logGet(43)) - raft.server.log.queue.element-limit = 1024 (custom)
2019-10-02 16:26:43,274 [pool-403-thread-1] INFO  server.RaftServerConfigKeys (ConfUtils.java:logGet(43)) - raft.server.log.queue.byte-limit = 2147483647 (custom)
2019-10-02 16:26:43,274 [pool-393-thread-1] INFO  segmented.SegmentedRaftLogWorker (SegmentedRaftLogWorker.java:lambda$new$0(128)) - d2f361d7-c523-4cac-a877-78988edeee2d@group-87FD7415BD81-SegmentedRaftLogWorker: flushIndex: setUnconditionally 0 -> -1
2019-10-02 16:26:43,274 [pool-383-thread-1] INFO  server.RaftServerConfigKeys (ConfUtils.java:logGet(43)) - raft.server.log.segment.size.max = 1048576 (custom)
2019-10-02 16:26:43,275 [pool-393-thread-1] INFO  server.RaftServerConfigKeys (ConfUtils.java:logGet(43)) - raft.server.snapshot.auto.trigger.enabled = true (custom)
2019-10-02 16:26:43,274 [pool-403-thread-1] INFO  server.RaftServerConfigKeys (ConfUtils.java:logGet(43)) - raft.server.log.queue.element-limit = 1024 (custom)
2019-10-02 16:26:43,275 [pool-393-thread-1] INFO  server.RaftServerConfigKeys (ConfUtils.java:logGet(43)) - raft.server.snapshot.auto.trigger.threshold = 10000 (custom)
2019-10-02 16:26:43,275 [pool-383-thread-1] INFO  server.RaftServerConfigKeys (ConfUtils.java:logGet(43)) - raft.server.log.preallocated.size = 16384 (custom)
2019-10-02 16:26:43,275 [pool-393-thread-1] INFO  server.RaftServerConfigKeys (ConfUtils.java:logGet(43)) - raft.server.snapshot.retention.file.num = 5 (custom)
2019-10-02 16:26:43,275 [pool-403-thread-1] INFO  server.RaftServerConfigKeys (ConfUtils.java:logGet(43)) - raft.server.log.segment.size.max = 1048576 (custom)
2019-10-02 16:26:43,275 [pool-393-thread-1] INFO  server.RaftServerConfigKeys (ConfUtils.java:logGet(43)) - raft.server.retrycache.expirytime = 600000ms (custom)
2019-10-02 16:26:43,275 [pool-383-thread-1] INFO  server.RaftServerConfigKeys (ConfUtils.java:logGet(43)) - raft.server.log.write.buffer.size = 33554432 (custom)
2019-10-02 16:26:43,275 [pool-403-thread-1] INFO  server.RaftServerConfigKeys (ConfUtils.java:logGet(43)) - raft.server.log.preallocated.size = 16384 (custom)
2019-10-02 16:26:43,275 [pool-383-thread-1] INFO  server.RaftServerConfigKeys (ConfUtils.java:logGet(43)) - raft.server.log.force.sync.num = 128 (default)
2019-10-02 16:26:43,275 [pool-403-thread-1] INFO  server.RaftServerConfigKeys (ConfUtils.java:logGet(43)) - raft.server.log.write.buffer.size = 33554432 (custom)
2019-10-02 16:26:43,275 [pool-383-thread-1] INFO  server.RaftServerConfigKeys (ConfUtils.java:logGet(43)) - raft.server.log.statemachine.data.sync = true (default)
2019-10-02 16:26:43,276 [pool-403-thread-1] INFO  server.RaftServerConfigKeys (ConfUtils.java:logGet(43)) - raft.server.log.force.sync.num = 128 (default)
2019-10-02 16:26:43,276 [pool-383-thread-1] INFO  server.RaftServerConfigKeys (ConfUtils.java:logGet(43)) - raft.server.log.statemachine.data.sync.timeout = 10s (default)
2019-10-02 16:26:43,276 [pool-403-thread-1] INFO  server.RaftServerConfigKeys (ConfUtils.java:logGet(43)) - raft.server.log.statemachine.data.sync = true (default)
2019-10-02 16:26:43,276 [pool-383-thread-1] INFO  server.RaftServerConfigKeys (ConfUtils.java:logGet(43)) - raft.server.log.statemachine.data.sync.timeout.retry = -1 (default)
2019-10-02 16:26:43,276 [pool-403-thread-1] INFO  server.RaftServerConfigKeys (ConfUtils.java:logGet(43)) - raft.server.log.statemachine.data.sync.timeout = 10s (default)
2019-10-02 16:26:43,276 [pool-383-thread-1] INFO  server.RaftServerConfigKeys (ConfUtils.java:logGet(43)) - raft.server.log.statemachine.data.caching.enabled = true (custom)
2019-10-02 16:26:43,276 [pool-403-thread-1] INFO  server.RaftServerConfigKeys (ConfUtils.java:logGet(43)) - raft.server.log.statemachine.data.sync.timeout.retry = -1 (default)
2019-10-02 16:26:43,276 [pool-393-thread-1] INFO  impl.RaftServerImpl (RaftServerImpl.java:start(181)) - d2f361d7-c523-4cac-a877-78988edeee2d@group-87FD7415BD81: start as a follower, conf=-1: [d2f361d7-c523-4cac-a877-78988edeee2d:192.168.164.216:46474, f61324bf-0d30-426d-9f8b-a2c367abb8e0:192.168.164.216:36938, 0b8f0ac0-9a6f-4054-9320-ff8d6bd8e7a9:192.168.164.216:46522], old=null
2019-10-02 16:26:43,276 [pool-403-thread-1] INFO  server.RaftServerConfigKeys (ConfUtils.java:logGet(43)) - raft.server.log.statemachine.data.caching.enabled = true (custom)
2019-10-02 16:26:43,276 [pool-383-thread-1] INFO  segmented.SegmentedRaftLogWorker (SegmentedRaftLogWorker.java:lambda$new$0(128)) - 0b8f0ac0-9a6f-4054-9320-ff8d6bd8e7a9@group-87FD7415BD81-SegmentedRaftLogWorker: flushIndex: setUnconditionally 0 -> -1
2019-10-02 16:26:43,276 [pool-393-thread-1] INFO  impl.RaftServerImpl (RaftServerImpl.java:setRole(170)) - d2f361d7-c523-4cac-a877-78988edeee2d@group-87FD7415BD81: changes role from      null to FOLLOWER at term 0 for startAsFollower
2019-10-02 16:26:43,276 [pool-403-thread-1] INFO  segmented.SegmentedRaftLogWorker (SegmentedRaftLogWorker.java:lambda$new$0(128)) - f61324bf-0d30-426d-9f8b-a2c367abb8e0@group-87FD7415BD81-SegmentedRaftLogWorker: flushIndex: setUnconditionally 0 -> -1
2019-10-02 16:26:43,276 [pool-383-thread-1] INFO  server.RaftServerConfigKeys (ConfUtils.java:logGet(43)) - raft.server.snapshot.auto.trigger.enabled = true (custom)
2019-10-02 16:26:43,276 [pool-393-thread-1] INFO  impl.RoleInfo (RoleInfo.java:updateAndGet(143)) - d2f361d7-c523-4cac-a877-78988edeee2d: start FollowerState
2019-10-02 16:26:43,277 [pool-403-thread-1] INFO  server.RaftServerConfigKeys (ConfUtils.java:logGet(43)) - raft.server.snapshot.auto.trigger.enabled = true (custom)
2019-10-02 16:26:43,277 [pool-383-thread-1] INFO  server.RaftServerConfigKeys (ConfUtils.java:logGet(43)) - raft.server.snapshot.auto.trigger.threshold = 10000 (custom)
2019-10-02 16:26:43,277 [pool-403-thread-1] INFO  server.RaftServerConfigKeys (ConfUtils.java:logGet(43)) - raft.server.snapshot.auto.trigger.threshold = 10000 (custom)
2019-10-02 16:26:43,277 [pool-383-thread-1] INFO  server.RaftServerConfigKeys (ConfUtils.java:logGet(43)) - raft.server.snapshot.retention.file.num = 5 (custom)
2019-10-02 16:26:43,277 [pool-393-thread-1] INFO  util.JmxRegister (JmxRegister.java:tryRegister(44)) - Successfully registered JMX Bean with object name Ratis:service=RaftServer,group=group-87FD7415BD81,id=d2f361d7-c523-4cac-a877-78988edeee2d
2019-10-02 16:26:43,277 [pool-383-thread-1] INFO  server.RaftServerConfigKeys (ConfUtils.java:logGet(43)) - raft.server.retrycache.expirytime = 600000ms (custom)
2019-10-02 16:26:43,277 [pool-403-thread-1] INFO  server.RaftServerConfigKeys (ConfUtils.java:logGet(43)) - raft.server.snapshot.retention.file.num = 5 (custom)
2019-10-02 16:26:43,277 [pool-403-thread-1] INFO  server.RaftServerConfigKeys (ConfUtils.java:logGet(43)) - raft.server.retrycache.expirytime = 600000ms (custom)
2019-10-02 16:26:43,279 [pool-383-thread-1] INFO  impl.RaftServerImpl (RaftServerImpl.java:start(181)) - 0b8f0ac0-9a6f-4054-9320-ff8d6bd8e7a9@group-87FD7415BD81: start as a follower, conf=-1: [d2f361d7-c523-4cac-a877-78988edeee2d:192.168.164.216:46474, f61324bf-0d30-426d-9f8b-a2c367abb8e0:192.168.164.216:36938, 0b8f0ac0-9a6f-4054-9320-ff8d6bd8e7a9:192.168.164.216:46522], old=null
2019-10-02 16:26:43,280 [pool-383-thread-1] INFO  impl.RaftServerImpl (RaftServerImpl.java:setRole(170)) - 0b8f0ac0-9a6f-4054-9320-ff8d6bd8e7a9@group-87FD7415BD81: changes role from      null to FOLLOWER at term 0 for startAsFollower
2019-10-02 16:26:43,280 [pool-403-thread-1] INFO  impl.RaftServerImpl (RaftServerImpl.java:start(181)) - f61324bf-0d30-426d-9f8b-a2c367abb8e0@group-87FD7415BD81: start as a follower, conf=-1: [d2f361d7-c523-4cac-a877-78988edeee2d:192.168.164.216:46474, f61324bf-0d30-426d-9f8b-a2c367abb8e0:192.168.164.216:36938, 0b8f0ac0-9a6f-4054-9320-ff8d6bd8e7a9:192.168.164.216:46522], old=null
2019-10-02 16:26:43,280 [pool-383-thread-1] INFO  impl.RoleInfo (RoleInfo.java:updateAndGet(143)) - 0b8f0ac0-9a6f-4054-9320-ff8d6bd8e7a9: start FollowerState
2019-10-02 16:26:43,280 [pool-403-thread-1] INFO  impl.RaftServerImpl (RaftServerImpl.java:setRole(170)) - f61324bf-0d30-426d-9f8b-a2c367abb8e0@group-87FD7415BD81: changes role from      null to FOLLOWER at term 0 for startAsFollower
2019-10-02 16:26:43,280 [pool-403-thread-1] INFO  impl.RoleInfo (RoleInfo.java:updateAndGet(143)) - f61324bf-0d30-426d-9f8b-a2c367abb8e0: start FollowerState
2019-10-02 16:26:43,280 [pool-383-thread-1] INFO  util.JmxRegister (JmxRegister.java:tryRegister(44)) - Successfully registered JMX Bean with object name Ratis:service=RaftServer,group=group-87FD7415BD81,id=0b8f0ac0-9a6f-4054-9320-ff8d6bd8e7a9
2019-10-02 16:26:43,280 [pool-403-thread-1] INFO  util.JmxRegister (JmxRegister.java:tryRegister(44)) - Successfully registered JMX Bean with object name Ratis:service=RaftServer,group=group-87FD7415BD81,id=f61324bf-0d30-426d-9f8b-a2c367abb8e0
2019-10-02 16:26:43,283 [RatisPipelineUtilsThread] INFO  pipeline.PipelineStateManager (PipelineStateManager.java:addPipeline(56)) - Created pipeline Pipeline[ Id: a56751c3-a409-4814-837a-87fd7415bd81, Nodes: f61324bf-0d30-426d-9f8b-a2c367abb8e0{ip: 192.168.164.216, host: pr-hdds-2199-dnstouuidmap-57hpg-3119262845, networkLocation: /default-rack, certSerialId: null}d2f361d7-c523-4cac-a877-78988edeee2d{ip: 192.168.164.216, host: pr-hdds-2199-dnstouuidmap-57hpg-3119262845, networkLocation: /default-rack, certSerialId: null}0b8f0ac0-9a6f-4054-9320-ff8d6bd8e7a9{ip: 192.168.164.216, host: pr-hdds-2199-dnstouuidmap-57hpg-3119262845, networkLocation: /default-rack, certSerialId: null}, Type:RATIS, Factor:THREE, State:OPEN]
2019-10-02 16:26:43,310 [IPC Server handler 0 on 46861] INFO  net.NetworkTopology (NetworkTopologyImpl.java:add(111)) - Added a new node: /default-rack/2e329a19-caea-412f-8b17-aa656987860b
2019-10-02 16:26:43,310 [IPC Server handler 0 on 46861] INFO  node.SCMNodeManager (SCMNodeManager.java:register(268)) - Registered Data node : 2e329a19-caea-412f-8b17-aa656987860b{ip: 192.168.164.216, host: pr-hdds-2199-dnstouuidmap-57hpg-3119262845, networkLocation: /default-rack, certSerialId: null}
2019-10-02 16:26:43,320 [grpc-default-executor-7] INFO  impl.RaftServerProxy (RaftServerProxy.java:addNew(89)) - 2e329a19-caea-412f-8b17-aa656987860b: addNew group-FDBBEC8135DD:[2e329a19-caea-412f-8b17-aa656987860b:192.168.164.216:43255] returns group-FDBBEC8135DD:java.util.concurrent.CompletableFuture@75674a4c[Not completed]
2019-10-02 16:26:43,321 [pool-413-thread-1] INFO  impl.RaftServerImpl (RaftServerImpl.java:<init>(95)) - 2e329a19-caea-412f-8b17-aa656987860b: new RaftServerImpl for group-FDBBEC8135DD:[2e329a19-caea-412f-8b17-aa656987860b:192.168.164.216:43255] with ContainerStateMachine:uninitialized
2019-10-02 16:26:43,321 [pool-413-thread-1] INFO  server.RaftServerConfigKeys (ConfUtils.java:logGet(43)) - raft.server.rpc.timeout.min = 5s (custom)
2019-10-02 16:26:43,321 [pool-413-thread-1] INFO  server.RaftServerConfigKeys (ConfUtils.java:logGet(43)) - raft.server.rpc.timeout.max = 5200ms (custom)
2019-10-02 16:26:43,321 [pool-413-thread-1] INFO  server.RaftServerConfigKeys (ConfUtils.java:logGet(43)) - raft.server.rpcslowness.timeout = 120s (custom)
2019-10-02 16:26:43,321 [pool-413-thread-1] INFO  server.RaftServerConfigKeys (ConfUtils.java:logGet(43)) - raft.server.sleep.deviation.threshold = 300 (default)
2019-10-02 16:26:43,321 [pool-413-thread-1] INFO  server.RaftServerConfigKeys (ConfUtils.java:logGet(43)) - raft.server.log.appender.install.snapshot.enabled = false (custom)
2019-10-02 16:26:43,321 [pool-413-thread-1] INFO  impl.RaftServerImpl (ServerState.java:<init>(103)) - 2e329a19-caea-412f-8b17-aa656987860b@group-FDBBEC8135DD: ConfigurationManager, init=-1: [2e329a19-caea-412f-8b17-aa656987860b:192.168.164.216:43255], old=null, confs=<EMPTY_MAP>
2019-10-02 16:26:43,321 [pool-413-thread-1] INFO  server.RaftServerConfigKeys (ConfUtils.java:logGet(43)) - raft.server.storage.dir = [/workdir/hadoop-ozone/integration-test/target/test-dir/MiniOzoneClusterImpl-a2d53b8a-6fb3-402b-9a89-497566b34bb7/datanode-3/data/ratis] (custom)
2019-10-02 16:26:43,321 [pool-413-thread-1] INFO  server.RaftServerConfigKeys (ConfUtils.java:logGet(43)) - raft.server.log.corruption.policy = EXCEPTION (default)
2019-10-02 16:26:43,321 [pool-413-thread-1] INFO  storage.RaftStorageDirectory (RaftStorageDirectory.java:analyzeStorage(246)) - The storage directory /workdir/hadoop-ozone/integration-test/target/test-dir/MiniOzoneClusterImpl-a2d53b8a-6fb3-402b-9a89-497566b34bb7/datanode-3/data/ratis/b66bc6e4-6cca-49df-8c8d-fdbbec8135dd does not exist. Creating ...
2019-10-02 16:26:43,334 [pool-413-thread-1] INFO  storage.RaftStorageDirectory (RaftStorageDirectory.java:tryLock(328)) - Lock on /workdir/hadoop-ozone/integration-test/target/test-dir/MiniOzoneClusterImpl-a2d53b8a-6fb3-402b-9a89-497566b34bb7/datanode-3/data/ratis/b66bc6e4-6cca-49df-8c8d-fdbbec8135dd/in_use.lock acquired by nodename 13332@pr-hdds-2199-dnstouuidmap-57hpg-3119262845
2019-10-02 16:26:43,348 [pool-413-thread-1] INFO  storage.RaftStorage (RaftStorage.java:format(84)) - Storage directory /workdir/hadoop-ozone/integration-test/target/test-dir/MiniOzoneClusterImpl-a2d53b8a-6fb3-402b-9a89-497566b34bb7/datanode-3/data/ratis/b66bc6e4-6cca-49df-8c8d-fdbbec8135dd has been successfully formatted.
2019-10-02 16:26:43,348 [pool-413-thread-1] INFO  ratis.ContainerStateMachine (ContainerStateMachine.java:loadSnapshot(230)) - group-FDBBEC8135DD: The snapshot info is null. Setting the last applied indexto:(t:0, i:~)
2019-10-02 16:26:43,348 [pool-413-thread-1] INFO  server.RaftServerConfigKeys (ConfUtils.java:logGet(43)) - raft.server.notification.no-leader.timeout = 120s (custom)
2019-10-02 16:26:43,348 [pool-413-thread-1] INFO  server.RaftServerConfigKeys (ConfUtils.java:logGet(43)) - raft.server.log.use.memory = false (default)
2019-10-02 16:26:43,348 [pool-413-thread-1] INFO  server.RaftServerConfigKeys (ConfUtils.java:logGet(43)) - raft.server.log.purge.gap = 1000000 (custom)
2019-10-02 16:26:43,348 [pool-413-thread-1] INFO  server.RaftServerConfigKeys (ConfUtils.java:logGet(43)) - raft.server.log.appender.buffer.byte-limit = 33554432 (custom)
2019-10-02 16:26:43,348 [pool-413-thread-1] INFO  server.RaftServerConfigKeys (ConfUtils.java:logGet(43)) - raft.server.log.segment.size.max = 1048576 (custom)
2019-10-02 16:26:43,349 [pool-413-thread-1] INFO  server.RaftServerConfigKeys (ConfUtils.java:logGet(43)) - raft.server.log.segment.cache.num.max = 2 (custom)
2019-10-02 16:26:43,349 [pool-413-thread-1] INFO  segmented.SegmentedRaftLogWorker (SegmentedRaftLogWorker.java:<init>(173)) - new 2e329a19-caea-412f-8b17-aa656987860b@group-FDBBEC8135DD-SegmentedRaftLogWorker for RaftStorage:Storage Directory /workdir/hadoop-ozone/integration-test/target/test-dir/MiniOzoneClusterImpl-a2d53b8a-6fb3-402b-9a89-497566b34bb7/datanode-3/data/ratis/b66bc6e4-6cca-49df-8c8d-fdbbec8135dd
2019-10-02 16:26:43,349 [pool-413-thread-1] INFO  server.RaftServerConfigKeys (ConfUtils.java:logGet(43)) - raft.server.log.queue.byte-limit = 2147483647 (custom)
2019-10-02 16:26:43,349 [pool-413-thread-1] INFO  server.RaftServerConfigKeys (ConfUtils.java:logGet(43)) - raft.server.log.queue.element-limit = 1024 (custom)
2019-10-02 16:26:43,349 [pool-413-thread-1] INFO  server.RaftServerConfigKeys (ConfUtils.java:logGet(43)) - raft.server.log.segment.size.max = 1048576 (custom)
2019-10-02 16:26:43,349 [pool-413-thread-1] INFO  server.RaftServerConfigKeys (ConfUtils.java:logGet(43)) - raft.server.log.preallocated.size = 16384 (custom)
2019-10-02 16:26:43,350 [pool-413-thread-1] INFO  server.RaftServerConfigKeys (ConfUtils.java:logGet(43)) - raft.server.log.write.buffer.size = 33554432 (custom)
2019-10-02 16:26:43,350 [pool-413-thread-1] INFO  server.RaftServerConfigKeys (ConfUtils.java:logGet(43)) - raft.server.log.force.sync.num = 128 (default)
2019-10-02 16:26:43,350 [pool-413-thread-1] INFO  server.RaftServerConfigKeys (ConfUtils.java:logGet(43)) - raft.server.log.statemachine.data.sync = true (default)
2019-10-02 16:26:43,350 [pool-413-thread-1] INFO  server.RaftServerConfigKeys (ConfUtils.java:logGet(43)) - raft.server.log.statemachine.data.sync.timeout = 10s (default)
2019-10-02 16:26:43,350 [pool-413-thread-1] INFO  server.RaftServerConfigKeys (ConfUtils.java:logGet(43)) - raft.server.log.statemachine.data.sync.timeout.retry = -1 (default)
2019-10-02 16:26:43,350 [pool-413-thread-1] INFO  server.RaftServerConfigKeys (ConfUtils.java:logGet(43)) - raft.server.log.statemachine.data.caching.enabled = true (custom)
2019-10-02 16:26:43,350 [pool-413-thread-1] INFO  segmented.SegmentedRaftLogWorker (SegmentedRaftLogWorker.java:lambda$new$0(128)) - 2e329a19-caea-412f-8b17-aa656987860b@group-FDBBEC8135DD-SegmentedRaftLogWorker: flushIndex: setUnconditionally 0 -> -1
2019-10-02 16:26:43,350 [pool-413-thread-1] INFO  server.RaftServerConfigKeys (ConfUtils.java:logGet(43)) - raft.server.snapshot.auto.trigger.enabled = true (custom)
2019-10-02 16:26:43,351 [pool-413-thread-1] INFO  server.RaftServerConfigKeys (ConfUtils.java:logGet(43)) - raft.server.snapshot.auto.trigger.threshold = 10000 (custom)
2019-10-02 16:26:43,351 [pool-413-thread-1] INFO  server.RaftServerConfigKeys (ConfUtils.java:logGet(43)) - raft.server.snapshot.retention.file.num = 5 (custom)
2019-10-02 16:26:43,351 [pool-413-thread-1] INFO  server.RaftServerConfigKeys (ConfUtils.java:logGet(43)) - raft.server.retrycache.expirytime = 600000ms (custom)
2019-10-02 16:26:43,352 [pool-413-thread-1] INFO  impl.RaftServerImpl (RaftServerImpl.java:start(181)) - 2e329a19-caea-412f-8b17-aa656987860b@group-FDBBEC8135DD: start as a follower, conf=-1: [2e329a19-caea-412f-8b17-aa656987860b:192.168.164.216:43255], old=null
2019-10-02 16:26:43,352 [pool-413-thread-1] INFO  impl.RaftServerImpl (RaftServerImpl.java:setRole(170)) - 2e329a19-caea-412f-8b17-aa656987860b@group-FDBBEC8135DD: changes role from      null to FOLLOWER at term 0 for startAsFollower
2019-10-02 16:26:43,352 [pool-413-thread-1] INFO  impl.RoleInfo (RoleInfo.java:updateAndGet(143)) - 2e329a19-caea-412f-8b17-aa656987860b: start FollowerState
2019-10-02 16:26:43,352 [pool-413-thread-1] INFO  util.JmxRegister (JmxRegister.java:tryRegister(44)) - Successfully registered JMX Bean with object name Ratis:service=RaftServer,group=group-FDBBEC8135DD,id=2e329a19-caea-412f-8b17-aa656987860b
2019-10-02 16:26:43,355 [RatisPipelineUtilsThread] INFO  pipeline.PipelineStateManager (PipelineStateManager.java:addPipeline(56)) - Created pipeline Pipeline[ Id: b66bc6e4-6cca-49df-8c8d-fdbbec8135dd, Nodes: 2e329a19-caea-412f-8b17-aa656987860b{ip: 192.168.164.216, host: pr-hdds-2199-dnstouuidmap-57hpg-3119262845, networkLocation: /default-rack, certSerialId: null}, Type:RATIS, Factor:ONE, State:OPEN]
2019-10-02 16:26:43,425 [IPC Server handler 2 on 46861] INFO  net.NetworkTopology (NetworkTopologyImpl.java:add(111)) - Added a new node: /default-rack/b4e9e6ca-bc1f-4e7b-85f8-b36668cef29e
2019-10-02 16:26:43,425 [IPC Server handler 2 on 46861] INFO  node.SCMNodeManager (SCMNodeManager.java:register(268)) - Registered Data node : b4e9e6ca-bc1f-4e7b-85f8-b36668cef29e{ip: 192.168.164.216, host: pr-hdds-2199-dnstouuidmap-57hpg-3119262845, networkLocation: /default-rack, certSerialId: null}
2019-10-02 16:26:43,434 [grpc-default-executor-7] INFO  impl.RaftServerProxy (RaftServerProxy.java:addNew(89)) - b4e9e6ca-bc1f-4e7b-85f8-b36668cef29e: addNew group-0CAC6CE006A2:[b4e9e6ca-bc1f-4e7b-85f8-b36668cef29e:192.168.164.216:46881] returns group-0CAC6CE006A2:java.util.concurrent.CompletableFuture@60f4d794[Not completed]
2019-10-02 16:26:43,436 [pool-423-thread-1] INFO  impl.RaftServerImpl (RaftServerImpl.java:<init>(95)) - b4e9e6ca-bc1f-4e7b-85f8-b36668cef29e: new RaftServerImpl for group-0CAC6CE006A2:[b4e9e6ca-bc1f-4e7b-85f8-b36668cef29e:192.168.164.216:46881] with ContainerStateMachine:uninitialized
2019-10-02 16:26:43,436 [pool-423-thread-1] INFO  server.RaftServerConfigKeys (ConfUtils.java:logGet(43)) - raft.server.rpc.timeout.min = 5s (custom)
2019-10-02 16:26:43,436 [pool-423-thread-1] INFO  server.RaftServerConfigKeys (ConfUtils.java:logGet(43)) - raft.server.rpc.timeout.max = 5200ms (custom)
2019-10-02 16:26:43,436 [pool-423-thread-1] INFO  server.RaftServerConfigKeys (ConfUtils.java:logGet(43)) - raft.server.rpcslowness.timeout = 120s (custom)
2019-10-02 16:26:43,436 [pool-423-thread-1] INFO  server.RaftServerConfigKeys (ConfUtils.java:logGet(43)) - raft.server.sleep.deviation.threshold = 300 (default)
2019-10-02 16:26:43,437 [pool-423-thread-1] INFO  server.RaftServerConfigKeys (ConfUtils.java:logGet(43)) - raft.server.log.appender.install.snapshot.enabled = false (custom)
2019-10-02 16:26:43,437 [pool-423-thread-1] INFO  impl.RaftServerImpl (ServerState.java:<init>(103)) - b4e9e6ca-bc1f-4e7b-85f8-b36668cef29e@group-0CAC6CE006A2: ConfigurationManager, init=-1: [b4e9e6ca-bc1f-4e7b-85f8-b36668cef29e:192.168.164.216:46881], old=null, confs=<EMPTY_MAP>
2019-10-02 16:26:43,437 [pool-423-thread-1] INFO  server.RaftServerConfigKeys (ConfUtils.java:logGet(43)) - raft.server.storage.dir = [/workdir/hadoop-ozone/integration-test/target/test-dir/MiniOzoneClusterImpl-a2d53b8a-6fb3-402b-9a89-497566b34bb7/datanode-4/data/ratis] (custom)
2019-10-02 16:26:43,437 [pool-423-thread-1] INFO  server.RaftServerConfigKeys (ConfUtils.java:logGet(43)) - raft.server.log.corruption.policy = EXCEPTION (default)
2019-10-02 16:26:43,437 [pool-423-thread-1] INFO  storage.RaftStorageDirectory (RaftStorageDirectory.java:analyzeStorage(246)) - The storage directory /workdir/hadoop-ozone/integration-test/target/test-dir/MiniOzoneClusterImpl-a2d53b8a-6fb3-402b-9a89-497566b34bb7/datanode-4/data/ratis/cf1ae958-33cb-4b92-91a8-0cac6ce006a2 does not exist. Creating ...
2019-10-02 16:26:43,451 [pool-423-thread-1] INFO  storage.RaftStorageDirectory (RaftStorageDirectory.java:tryLock(328)) - Lock on /workdir/hadoop-ozone/integration-test/target/test-dir/MiniOzoneClusterImpl-a2d53b8a-6fb3-402b-9a89-497566b34bb7/datanode-4/data/ratis/cf1ae958-33cb-4b92-91a8-0cac6ce006a2/in_use.lock acquired by nodename 13332@pr-hdds-2199-dnstouuidmap-57hpg-3119262845
2019-10-02 16:26:43,465 [pool-423-thread-1] INFO  storage.RaftStorage (RaftStorage.java:format(84)) - Storage directory /workdir/hadoop-ozone/integration-test/target/test-dir/MiniOzoneClusterImpl-a2d53b8a-6fb3-402b-9a89-497566b34bb7/datanode-4/data/ratis/cf1ae958-33cb-4b92-91a8-0cac6ce006a2 has been successfully formatted.
2019-10-02 16:26:43,465 [pool-423-thread-1] INFO  ratis.ContainerStateMachine (ContainerStateMachine.java:loadSnapshot(230)) - group-0CAC6CE006A2: The snapshot info is null. Setting the last applied indexto:(t:0, i:~)
2019-10-02 16:26:43,465 [pool-423-thread-1] INFO  server.RaftServerConfigKeys (ConfUtils.java:logGet(43)) - raft.server.notification.no-leader.timeout = 120s (custom)
2019-10-02 16:26:43,465 [pool-423-thread-1] INFO  server.RaftServerConfigKeys (ConfUtils.java:logGet(43)) - raft.server.log.use.memory = false (default)
2019-10-02 16:26:43,465 [pool-423-thread-1] INFO  server.RaftServerConfigKeys (ConfUtils.java:logGet(43)) - raft.server.log.purge.gap = 1000000 (custom)
2019-10-02 16:26:43,466 [pool-423-thread-1] INFO  server.RaftServerConfigKeys (ConfUtils.java:logGet(43)) - raft.server.log.appender.buffer.byte-limit = 33554432 (custom)
2019-10-02 16:26:43,466 [pool-423-thread-1] INFO  server.RaftServerConfigKeys (ConfUtils.java:logGet(43)) - raft.server.log.segment.size.max = 1048576 (custom)
2019-10-02 16:26:43,468 [pool-423-thread-1] INFO  server.RaftServerConfigKeys (ConfUtils.java:logGet(43)) - raft.server.log.segment.cache.num.max = 2 (custom)
2019-10-02 16:26:43,468 [pool-423-thread-1] INFO  segmented.SegmentedRaftLogWorker (SegmentedRaftLogWorker.java:<init>(173)) - new b4e9e6ca-bc1f-4e7b-85f8-b36668cef29e@group-0CAC6CE006A2-SegmentedRaftLogWorker for RaftStorage:Storage Directory /workdir/hadoop-ozone/integration-test/target/test-dir/MiniOzoneClusterImpl-a2d53b8a-6fb3-402b-9a89-497566b34bb7/datanode-4/data/ratis/cf1ae958-33cb-4b92-91a8-0cac6ce006a2
2019-10-02 16:26:43,468 [pool-423-thread-1] INFO  server.RaftServerConfigKeys (ConfUtils.java:logGet(43)) - raft.server.log.queue.byte-limit = 2147483647 (custom)
2019-10-02 16:26:43,468 [pool-423-thread-1] INFO  server.RaftServerConfigKeys (ConfUtils.java:logGet(43)) - raft.server.log.queue.element-limit = 1024 (custom)
2019-10-02 16:26:43,468 [pool-423-thread-1] INFO  server.RaftServerConfigKeys (ConfUtils.java:logGet(43)) - raft.server.log.segment.size.max = 1048576 (custom)
2019-10-02 16:26:43,468 [pool-423-thread-1] INFO  server.RaftServerConfigKeys (ConfUtils.java:logGet(43)) - raft.server.log.preallocated.size = 16384 (custom)
2019-10-02 16:26:43,469 [pool-423-thread-1] INFO  server.RaftServerConfigKeys (ConfUtils.java:logGet(43)) - raft.server.log.write.buffer.size = 33554432 (custom)
2019-10-02 16:26:43,469 [pool-423-thread-1] INFO  server.RaftServerConfigKeys (ConfUtils.java:logGet(43)) - raft.server.log.force.sync.num = 128 (default)
2019-10-02 16:26:43,469 [pool-423-thread-1] INFO  server.RaftServerConfigKeys (ConfUtils.java:logGet(43)) - raft.server.log.statemachine.data.sync = true (default)
2019-10-02 16:26:43,469 [pool-423-thread-1] INFO  server.RaftServerConfigKeys (ConfUtils.java:logGet(43)) - raft.server.log.statemachine.data.sync.timeout = 10s (default)
2019-10-02 16:26:43,469 [pool-423-thread-1] INFO  server.RaftServerConfigKeys (ConfUtils.java:logGet(43)) - raft.server.log.statemachine.data.sync.timeout.retry = -1 (default)
2019-10-02 16:26:43,469 [pool-423-thread-1] INFO  server.RaftServerConfigKeys (ConfUtils.java:logGet(43)) - raft.server.log.statemachine.data.caching.enabled = true (custom)
2019-10-02 16:26:43,470 [pool-423-thread-1] INFO  segmented.SegmentedRaftLogWorker (SegmentedRaftLogWorker.java:lambda$new$0(128)) - b4e9e6ca-bc1f-4e7b-85f8-b36668cef29e@group-0CAC6CE006A2-SegmentedRaftLogWorker: flushIndex: setUnconditionally 0 -> -1
2019-10-02 16:26:43,470 [pool-423-thread-1] INFO  server.RaftServerConfigKeys (ConfUtils.java:logGet(43)) - raft.server.snapshot.auto.trigger.enabled = true (custom)
2019-10-02 16:26:43,470 [pool-423-thread-1] INFO  server.RaftServerConfigKeys (ConfUtils.java:logGet(43)) - raft.server.snapshot.auto.trigger.threshold = 10000 (custom)
2019-10-02 16:26:43,470 [pool-423-thread-1] INFO  server.RaftServerConfigKeys (ConfUtils.java:logGet(43)) - raft.server.snapshot.retention.file.num = 5 (custom)
2019-10-02 16:26:43,471 [pool-423-thread-1] INFO  server.RaftServerConfigKeys (ConfUtils.java:logGet(43)) - raft.server.retrycache.expirytime = 600000ms (custom)
2019-10-02 16:26:43,472 [pool-423-thread-1] INFO  impl.RaftServerImpl (RaftServerImpl.java:start(181)) - b4e9e6ca-bc1f-4e7b-85f8-b36668cef29e@group-0CAC6CE006A2: start as a follower, conf=-1: [b4e9e6ca-bc1f-4e7b-85f8-b36668cef29e:192.168.164.216:46881], old=null
2019-10-02 16:26:43,473 [pool-423-thread-1] INFO  impl.RaftServerImpl (RaftServerImpl.java:setRole(170)) - b4e9e6ca-bc1f-4e7b-85f8-b36668cef29e@group-0CAC6CE006A2: changes role from      null to FOLLOWER at term 0 for startAsFollower
2019-10-02 16:26:43,473 [pool-423-thread-1] INFO  impl.RoleInfo (RoleInfo.java:updateAndGet(143)) - b4e9e6ca-bc1f-4e7b-85f8-b36668cef29e: start FollowerState
2019-10-02 16:26:43,473 [pool-423-thread-1] INFO  util.JmxRegister (JmxRegister.java:tryRegister(44)) - Successfully registered JMX Bean with object name Ratis:service=RaftServer,group=group-0CAC6CE006A2,id=b4e9e6ca-bc1f-4e7b-85f8-b36668cef29e
2019-10-02 16:26:43,477 [RatisPipelineUtilsThread] INFO  pipeline.PipelineStateManager (PipelineStateManager.java:addPipeline(56)) - Created pipeline Pipeline[ Id: cf1ae958-33cb-4b92-91a8-0cac6ce006a2, Nodes: b4e9e6ca-bc1f-4e7b-85f8-b36668cef29e{ip: 192.168.164.216, host: pr-hdds-2199-dnstouuidmap-57hpg-3119262845, networkLocation: /default-rack, certSerialId: null}, Type:RATIS, Factor:ONE, State:OPEN]
2019-10-02 16:26:43,545 [IPC Server handler 3 on 46861] INFO  net.NetworkTopology (NetworkTopologyImpl.java:add(111)) - Added a new node: /default-rack/73e429e0-4993-4475-b088-97869827ad74
2019-10-02 16:26:43,545 [IPC Server handler 3 on 46861] INFO  node.SCMNodeManager (SCMNodeManager.java:register(268)) - Registered Data node : 73e429e0-4993-4475-b088-97869827ad74{ip: 192.168.164.216, host: pr-hdds-2199-dnstouuidmap-57hpg-3119262845, networkLocation: /default-rack, certSerialId: null}
2019-10-02 16:26:43,554 [grpc-default-executor-7] INFO  impl.RaftServerProxy (RaftServerProxy.java:addNew(89)) - 73e429e0-4993-4475-b088-97869827ad74: addNew group-ECBB1CFC264C:[73e429e0-4993-4475-b088-97869827ad74:192.168.164.216:35370] returns group-ECBB1CFC264C:java.util.concurrent.CompletableFuture@6435b135[Not completed]
2019-10-02 16:26:43,555 [pool-433-thread-1] INFO  impl.RaftServerImpl (RaftServerImpl.java:<init>(95)) - 73e429e0-4993-4475-b088-97869827ad74: new RaftServerImpl for group-ECBB1CFC264C:[73e429e0-4993-4475-b088-97869827ad74:192.168.164.216:35370] with ContainerStateMachine:uninitialized
2019-10-02 16:26:43,556 [pool-433-thread-1] INFO  server.RaftServerConfigKeys (ConfUtils.java:logGet(43)) - raft.server.rpc.timeout.min = 5s (custom)
2019-10-02 16:26:43,556 [pool-433-thread-1] INFO  server.RaftServerConfigKeys (ConfUtils.java:logGet(43)) - raft.server.rpc.timeout.max = 5200ms (custom)
2019-10-02 16:26:43,556 [pool-433-thread-1] INFO  server.RaftServerConfigKeys (ConfUtils.java:logGet(43)) - raft.server.rpcslowness.timeout = 120s (custom)
2019-10-02 16:26:43,556 [pool-433-thread-1] INFO  server.RaftServerConfigKeys (ConfUtils.java:logGet(43)) - raft.server.sleep.deviation.threshold = 300 (default)
2019-10-02 16:26:43,556 [pool-433-thread-1] INFO  server.RaftServerConfigKeys (ConfUtils.java:logGet(43)) - raft.server.log.appender.install.snapshot.enabled = false (custom)
2019-10-02 16:26:43,556 [pool-433-thread-1] INFO  impl.RaftServerImpl (ServerState.java:<init>(103)) - 73e429e0-4993-4475-b088-97869827ad74@group-ECBB1CFC264C: ConfigurationManager, init=-1: [73e429e0-4993-4475-b088-97869827ad74:192.168.164.216:35370], old=null, confs=<EMPTY_MAP>
2019-10-02 16:26:43,556 [pool-433-thread-1] INFO  server.RaftServerConfigKeys (ConfUtils.java:logGet(43)) - raft.server.storage.dir = [/workdir/hadoop-ozone/integration-test/target/test-dir/MiniOzoneClusterImpl-a2d53b8a-6fb3-402b-9a89-497566b34bb7/datanode-5/data/ratis] (custom)
2019-10-02 16:26:43,557 [pool-433-thread-1] INFO  server.RaftServerConfigKeys (ConfUtils.java:logGet(43)) - raft.server.log.corruption.policy = EXCEPTION (default)
2019-10-02 16:26:43,557 [pool-433-thread-1] INFO  storage.RaftStorageDirectory (RaftStorageDirectory.java:analyzeStorage(246)) - The storage directory /workdir/hadoop-ozone/integration-test/target/test-dir/MiniOzoneClusterImpl-a2d53b8a-6fb3-402b-9a89-497566b34bb7/datanode-5/data/ratis/51a2e2c5-0dd0-4bcd-bdf3-ecbb1cfc264c does not exist. Creating ...
2019-10-02 16:26:43,570 [pool-433-thread-1] INFO  storage.RaftStorageDirectory (RaftStorageDirectory.java:tryLock(328)) - Lock on /workdir/hadoop-ozone/integration-test/target/test-dir/MiniOzoneClusterImpl-a2d53b8a-6fb3-402b-9a89-497566b34bb7/datanode-5/data/ratis/51a2e2c5-0dd0-4bcd-bdf3-ecbb1cfc264c/in_use.lock acquired by nodename 13332@pr-hdds-2199-dnstouuidmap-57hpg-3119262845
2019-10-02 16:26:43,583 [pool-433-thread-1] INFO  storage.RaftStorage (RaftStorage.java:format(84)) - Storage directory /workdir/hadoop-ozone/integration-test/target/test-dir/MiniOzoneClusterImpl-a2d53b8a-6fb3-402b-9a89-497566b34bb7/datanode-5/data/ratis/51a2e2c5-0dd0-4bcd-bdf3-ecbb1cfc264c has been successfully formatted.
2019-10-02 16:26:43,583 [pool-433-thread-1] INFO  ratis.ContainerStateMachine (ContainerStateMachine.java:loadSnapshot(230)) - group-ECBB1CFC264C: The snapshot info is null. Setting the last applied indexto:(t:0, i:~)
2019-10-02 16:26:43,584 [pool-433-thread-1] INFO  server.RaftServerConfigKeys (ConfUtils.java:logGet(43)) - raft.server.notification.no-leader.timeout = 120s (custom)
2019-10-02 16:26:43,584 [pool-433-thread-1] INFO  server.RaftServerConfigKeys (ConfUtils.java:logGet(43)) - raft.server.log.use.memory = false (default)
2019-10-02 16:26:43,584 [pool-433-thread-1] INFO  server.RaftServerConfigKeys (ConfUtils.java:logGet(43)) - raft.server.log.purge.gap = 1000000 (custom)
2019-10-02 16:26:43,584 [pool-433-thread-1] INFO  server.RaftServerConfigKeys (ConfUtils.java:logGet(43)) - raft.server.log.appender.buffer.byte-limit = 33554432 (custom)
2019-10-02 16:26:43,584 [pool-433-thread-1] INFO  server.RaftServerConfigKeys (ConfUtils.java:logGet(43)) - raft.server.log.segment.size.max = 1048576 (custom)
2019-10-02 16:26:43,585 [pool-433-thread-1] INFO  server.RaftServerConfigKeys (ConfUtils.java:logGet(43)) - raft.server.log.segment.cache.num.max = 2 (custom)
2019-10-02 16:26:43,586 [pool-433-thread-1] INFO  segmented.SegmentedRaftLogWorker (SegmentedRaftLogWorker.java:<init>(173)) - new 73e429e0-4993-4475-b088-97869827ad74@group-ECBB1CFC264C-SegmentedRaftLogWorker for RaftStorage:Storage Directory /workdir/hadoop-ozone/integration-test/target/test-dir/MiniOzoneClusterImpl-a2d53b8a-6fb3-402b-9a89-497566b34bb7/datanode-5/data/ratis/51a2e2c5-0dd0-4bcd-bdf3-ecbb1cfc264c
2019-10-02 16:26:43,586 [pool-433-thread-1] INFO  server.RaftServerConfigKeys (ConfUtils.java:logGet(43)) - raft.server.log.queue.byte-limit = 2147483647 (custom)
2019-10-02 16:26:43,586 [pool-433-thread-1] INFO  server.RaftServerConfigKeys (ConfUtils.java:logGet(43)) - raft.server.log.queue.element-limit = 1024 (custom)
2019-10-02 16:26:43,586 [pool-433-thread-1] INFO  server.RaftServerConfigKeys (ConfUtils.java:logGet(43)) - raft.server.log.segment.size.max = 1048576 (custom)
2019-10-02 16:26:43,586 [pool-433-thread-1] INFO  server.RaftServerConfigKeys (ConfUtils.java:logGet(43)) - raft.server.log.preallocated.size = 16384 (custom)
2019-10-02 16:26:43,586 [pool-433-thread-1] INFO  server.RaftServerConfigKeys (ConfUtils.java:logGet(43)) - raft.server.log.write.buffer.size = 33554432 (custom)
2019-10-02 16:26:43,586 [pool-433-thread-1] INFO  server.RaftServerConfigKeys (ConfUtils.java:logGet(43)) - raft.server.log.force.sync.num = 128 (default)
2019-10-02 16:26:43,586 [pool-433-thread-1] INFO  server.RaftServerConfigKeys (ConfUtils.java:logGet(43)) - raft.server.log.statemachine.data.sync = true (default)
2019-10-02 16:26:43,587 [pool-433-thread-1] INFO  server.RaftServerConfigKeys (ConfUtils.java:logGet(43)) - raft.server.log.statemachine.data.sync.timeout = 10s (default)
2019-10-02 16:26:43,587 [pool-433-thread-1] INFO  server.RaftServerConfigKeys (ConfUtils.java:logGet(43)) - raft.server.log.statemachine.data.sync.timeout.retry = -1 (default)
2019-10-02 16:26:43,587 [pool-433-thread-1] INFO  server.RaftServerConfigKeys (ConfUtils.java:logGet(43)) - raft.server.log.statemachine.data.caching.enabled = true (custom)
2019-10-02 16:26:43,587 [pool-433-thread-1] INFO  segmented.SegmentedRaftLogWorker (SegmentedRaftLogWorker.java:lambda$new$0(128)) - 73e429e0-4993-4475-b088-97869827ad74@group-ECBB1CFC264C-SegmentedRaftLogWorker: flushIndex: setUnconditionally 0 -> -1
2019-10-02 16:26:43,587 [pool-433-thread-1] INFO  server.RaftServerConfigKeys (ConfUtils.java:logGet(43)) - raft.server.snapshot.auto.trigger.enabled = true (custom)
2019-10-02 16:26:43,588 [pool-433-thread-1] INFO  server.RaftServerConfigKeys (ConfUtils.java:logGet(43)) - raft.server.snapshot.auto.trigger.threshold = 10000 (custom)
2019-10-02 16:26:43,588 [pool-433-thread-1] INFO  server.RaftServerConfigKeys (ConfUtils.java:logGet(43)) - raft.server.snapshot.retention.file.num = 5 (custom)
2019-10-02 16:26:43,588 [pool-433-thread-1] INFO  server.RaftServerConfigKeys (ConfUtils.java:logGet(43)) - raft.server.retrycache.expirytime = 600000ms (custom)
2019-10-02 16:26:43,589 [pool-433-thread-1] INFO  impl.RaftServerImpl (RaftServerImpl.java:start(181)) - 73e429e0-4993-4475-b088-97869827ad74@group-ECBB1CFC264C: start as a follower, conf=-1: [73e429e0-4993-4475-b088-97869827ad74:192.168.164.216:35370], old=null
2019-10-02 16:26:43,589 [pool-433-thread-1] INFO  impl.RaftServerImpl (RaftServerImpl.java:setRole(170)) - 73e429e0-4993-4475-b088-97869827ad74@group-ECBB1CFC264C: changes role from      null to FOLLOWER at term 0 for startAsFollower
2019-10-02 16:26:43,589 [pool-433-thread-1] INFO  impl.RoleInfo (RoleInfo.java:updateAndGet(143)) - 73e429e0-4993-4475-b088-97869827ad74: start FollowerState
2019-10-02 16:26:43,590 [pool-433-thread-1] INFO  util.JmxRegister (JmxRegister.java:tryRegister(44)) - Successfully registered JMX Bean with object name Ratis:service=RaftServer,group=group-ECBB1CFC264C,id=73e429e0-4993-4475-b088-97869827ad74
2019-10-02 16:26:43,594 [RatisPipelineUtilsThread] INFO  pipeline.PipelineStateManager (PipelineStateManager.java:addPipeline(56)) - Created pipeline Pipeline[ Id: 51a2e2c5-0dd0-4bcd-bdf3-ecbb1cfc264c, Nodes: 73e429e0-4993-4475-b088-97869827ad74{ip: 192.168.164.216, host: pr-hdds-2199-dnstouuidmap-57hpg-3119262845, networkLocation: /default-rack, certSerialId: null}, Type:RATIS, Factor:ONE, State:OPEN]
2019-10-02 16:26:43,620 [grpc-default-executor-5] INFO  impl.RaftServerProxy (RaftServerProxy.java:addNew(89)) - 73e429e0-4993-4475-b088-97869827ad74: addNew group-145EDF790021:[73e429e0-4993-4475-b088-97869827ad74:192.168.164.216:35370, 2e329a19-caea-412f-8b17-aa656987860b:192.168.164.216:43255, b4e9e6ca-bc1f-4e7b-85f8-b36668cef29e:192.168.164.216:46881] returns group-145EDF790021:java.util.concurrent.CompletableFuture@1e2c7d67[Not completed]
2019-10-02 16:26:43,620 [grpc-default-executor-7] INFO  impl.RaftServerProxy (RaftServerProxy.java:addNew(89)) - b4e9e6ca-bc1f-4e7b-85f8-b36668cef29e: addNew group-145EDF790021:[73e429e0-4993-4475-b088-97869827ad74:192.168.164.216:35370, 2e329a19-caea-412f-8b17-aa656987860b:192.168.164.216:43255, b4e9e6ca-bc1f-4e7b-85f8-b36668cef29e:192.168.164.216:46881] returns group-145EDF790021:java.util.concurrent.CompletableFuture@7b4b9b4f[Not completed]
2019-10-02 16:26:43,621 [grpc-default-executor-2] INFO  impl.RaftServerProxy (RaftServerProxy.java:addNew(89)) - 2e329a19-caea-412f-8b17-aa656987860b: addNew group-145EDF790021:[73e429e0-4993-4475-b088-97869827ad74:192.168.164.216:35370, 2e329a19-caea-412f-8b17-aa656987860b:192.168.164.216:43255, b4e9e6ca-bc1f-4e7b-85f8-b36668cef29e:192.168.164.216:46881] returns group-145EDF790021:java.util.concurrent.CompletableFuture@d61ea6c[Not completed]
2019-10-02 16:26:43,621 [pool-423-thread-1] INFO  impl.RaftServerImpl (RaftServerImpl.java:<init>(95)) - b4e9e6ca-bc1f-4e7b-85f8-b36668cef29e: new RaftServerImpl for group-145EDF790021:[73e429e0-4993-4475-b088-97869827ad74:192.168.164.216:35370, 2e329a19-caea-412f-8b17-aa656987860b:192.168.164.216:43255, b4e9e6ca-bc1f-4e7b-85f8-b36668cef29e:192.168.164.216:46881] with ContainerStateMachine:uninitialized
2019-10-02 16:26:43,622 [pool-423-thread-1] INFO  server.RaftServerConfigKeys (ConfUtils.java:logGet(43)) - raft.server.rpc.timeout.min = 5s (custom)
2019-10-02 16:26:43,622 [pool-423-thread-1] INFO  server.RaftServerConfigKeys (ConfUtils.java:logGet(43)) - raft.server.rpc.timeout.max = 5200ms (custom)
2019-10-02 16:26:43,622 [pool-423-thread-1] INFO  server.RaftServerConfigKeys (ConfUtils.java:logGet(43)) - raft.server.rpcslowness.timeout = 120s (custom)
2019-10-02 16:26:43,622 [pool-423-thread-1] INFO  server.RaftServerConfigKeys (ConfUtils.java:logGet(43)) - raft.server.sleep.deviation.threshold = 300 (default)
2019-10-02 16:26:43,622 [pool-423-thread-1] INFO  server.RaftServerConfigKeys (ConfUtils.java:logGet(43)) - raft.server.log.appender.install.snapshot.enabled = false (custom)
2019-10-02 16:26:43,622 [pool-423-thread-1] INFO  impl.RaftServerImpl (ServerState.java:<init>(103)) - b4e9e6ca-bc1f-4e7b-85f8-b36668cef29e@group-145EDF790021: ConfigurationManager, init=-1: [73e429e0-4993-4475-b088-97869827ad74:192.168.164.216:35370, 2e329a19-caea-412f-8b17-aa656987860b:192.168.164.216:43255, b4e9e6ca-bc1f-4e7b-85f8-b36668cef29e:192.168.164.216:46881], old=null, confs=<EMPTY_MAP>
2019-10-02 16:26:43,622 [pool-433-thread-1] INFO  impl.RaftServerImpl (RaftServerImpl.java:<init>(95)) - 73e429e0-4993-4475-b088-97869827ad74: new RaftServerImpl for group-145EDF790021:[73e429e0-4993-4475-b088-97869827ad74:192.168.164.216:35370, 2e329a19-caea-412f-8b17-aa656987860b:192.168.164.216:43255, b4e9e6ca-bc1f-4e7b-85f8-b36668cef29e:192.168.164.216:46881] with ContainerStateMachine:uninitialized
2019-10-02 16:26:43,622 [pool-423-thread-1] INFO  server.RaftServerConfigKeys (ConfUtils.java:logGet(43)) - raft.server.storage.dir = [/workdir/hadoop-ozone/integration-test/target/test-dir/MiniOzoneClusterImpl-a2d53b8a-6fb3-402b-9a89-497566b34bb7/datanode-4/data/ratis] (custom)
2019-10-02 16:26:43,622 [pool-433-thread-1] INFO  server.RaftServerConfigKeys (ConfUtils.java:logGet(43)) - raft.server.rpc.timeout.min = 5s (custom)
2019-10-02 16:26:43,622 [pool-433-thread-1] INFO  server.RaftServerConfigKeys (ConfUtils.java:logGet(43)) - raft.server.rpc.timeout.max = 5200ms (custom)
2019-10-02 16:26:43,622 [IPC Server handler 4 on 46861] INFO  net.NetworkTopology (NetworkTopologyImpl.java:add(111)) - Added a new node: /default-rack/a968bd1a-adac-41b5-aa8e-01d9389206e3
2019-10-02 16:26:43,622 [pool-423-thread-1] INFO  server.RaftServerConfigKeys (ConfUtils.java:logGet(43)) - raft.server.log.corruption.policy = EXCEPTION (default)
2019-10-02 16:26:43,623 [pool-413-thread-1] INFO  impl.RaftServerImpl (RaftServerImpl.java:<init>(95)) - 2e329a19-caea-412f-8b17-aa656987860b: new RaftServerImpl for group-145EDF790021:[73e429e0-4993-4475-b088-97869827ad74:192.168.164.216:35370, 2e329a19-caea-412f-8b17-aa656987860b:192.168.164.216:43255, b4e9e6ca-bc1f-4e7b-85f8-b36668cef29e:192.168.164.216:46881] with ContainerStateMachine:uninitialized
2019-10-02 16:26:43,623 [IPC Server handler 4 on 46861] INFO  node.SCMNodeManager (SCMNodeManager.java:register(268)) - Registered Data node : a968bd1a-adac-41b5-aa8e-01d9389206e3{ip: 192.168.164.216, host: pr-hdds-2199-dnstouuidmap-57hpg-3119262845, networkLocation: /default-rack, certSerialId: null}
2019-10-02 16:26:43,623 [pool-433-thread-1] INFO  server.RaftServerConfigKeys (ConfUtils.java:logGet(43)) - raft.server.rpcslowness.timeout = 120s (custom)
2019-10-02 16:26:43,623 [pool-413-thread-1] INFO  server.RaftServerConfigKeys (ConfUtils.java:logGet(43)) - raft.server.rpc.timeout.min = 5s (custom)
2019-10-02 16:26:43,623 [pool-423-thread-1] INFO  storage.RaftStorageDirectory (RaftStorageDirectory.java:analyzeStorage(246)) - The storage directory /workdir/hadoop-ozone/integration-test/target/test-dir/MiniOzoneClusterImpl-a2d53b8a-6fb3-402b-9a89-497566b34bb7/datanode-4/data/ratis/8534ef27-b90c-4d6b-80d9-145edf790021 does not exist. Creating ...
2019-10-02 16:26:43,623 [pool-413-thread-1] INFO  server.RaftServerConfigKeys (ConfUtils.java:logGet(43)) - raft.server.rpc.timeout.max = 5200ms (custom)
2019-10-02 16:26:43,623 [pool-433-thread-1] INFO  server.RaftServerConfigKeys (ConfUtils.java:logGet(43)) - raft.server.sleep.deviation.threshold = 300 (default)
2019-10-02 16:26:43,624 [pool-413-thread-1] INFO  server.RaftServerConfigKeys (ConfUtils.java:logGet(43)) - raft.server.rpcslowness.timeout = 120s (custom)
2019-10-02 16:26:43,624 [pool-433-thread-1] INFO  server.RaftServerConfigKeys (ConfUtils.java:logGet(43)) - raft.server.log.appender.install.snapshot.enabled = false (custom)
2019-10-02 16:26:43,624 [pool-413-thread-1] INFO  server.RaftServerConfigKeys (ConfUtils.java:logGet(43)) - raft.server.sleep.deviation.threshold = 300 (default)
2019-10-02 16:26:43,624 [pool-433-thread-1] INFO  impl.RaftServerImpl (ServerState.java:<init>(103)) - 73e429e0-4993-4475-b088-97869827ad74@group-145EDF790021: ConfigurationManager, init=-1: [73e429e0-4993-4475-b088-97869827ad74:192.168.164.216:35370, 2e329a19-caea-412f-8b17-aa656987860b:192.168.164.216:43255, b4e9e6ca-bc1f-4e7b-85f8-b36668cef29e:192.168.164.216:46881], old=null, confs=<EMPTY_MAP>
2019-10-02 16:26:43,624 [pool-413-thread-1] INFO  server.RaftServerConfigKeys (ConfUtils.java:logGet(43)) - raft.server.log.appender.install.snapshot.enabled = false (custom)
2019-10-02 16:26:43,624 [pool-433-thread-1] INFO  server.RaftServerConfigKeys (ConfUtils.java:logGet(43)) - raft.server.storage.dir = [/workdir/hadoop-ozone/integration-test/target/test-dir/MiniOzoneClusterImpl-a2d53b8a-6fb3-402b-9a89-497566b34bb7/datanode-5/data/ratis] (custom)
2019-10-02 16:26:43,624 [pool-413-thread-1] INFO  impl.RaftServerImpl (ServerState.java:<init>(103)) - 2e329a19-caea-412f-8b17-aa656987860b@group-145EDF790021: ConfigurationManager, init=-1: [73e429e0-4993-4475-b088-97869827ad74:192.168.164.216:35370, 2e329a19-caea-412f-8b17-aa656987860b:192.168.164.216:43255, b4e9e6ca-bc1f-4e7b-85f8-b36668cef29e:192.168.164.216:46881], old=null, confs=<EMPTY_MAP>
2019-10-02 16:26:43,625 [pool-433-thread-1] INFO  server.RaftServerConfigKeys (ConfUtils.java:logGet(43)) - raft.server.log.corruption.policy = EXCEPTION (default)
2019-10-02 16:26:43,625 [pool-413-thread-1] INFO  server.RaftServerConfigKeys (ConfUtils.java:logGet(43)) - raft.server.storage.dir = [/workdir/hadoop-ozone/integration-test/target/test-dir/MiniOzoneClusterImpl-a2d53b8a-6fb3-402b-9a89-497566b34bb7/datanode-3/data/ratis] (custom)
2019-10-02 16:26:43,625 [pool-433-thread-1] INFO  storage.RaftStorageDirectory (RaftStorageDirectory.java:analyzeStorage(246)) - The storage directory /workdir/hadoop-ozone/integration-test/target/test-dir/MiniOzoneClusterImpl-a2d53b8a-6fb3-402b-9a89-497566b34bb7/datanode-5/data/ratis/8534ef27-b90c-4d6b-80d9-145edf790021 does not exist. Creating ...
2019-10-02 16:26:43,625 [main] INFO  ozone.MiniOzoneClusterImpl (MiniOzoneClusterImpl.java:lambda$waitForClusterToBeReady$0(147)) - Cluster is ready. Got 7 of 7 DN Heartbeats.
2019-10-02 16:26:43,625 [pool-413-thread-1] INFO  server.RaftServerConfigKeys (ConfUtils.java:logGet(43)) - raft.server.log.corruption.policy = EXCEPTION (default)
2019-10-02 16:26:43,626 [pool-413-thread-1] INFO  storage.RaftStorageDirectory (RaftStorageDirectory.java:analyzeStorage(246)) - The storage directory /workdir/hadoop-ozone/integration-test/target/test-dir/MiniOzoneClusterImpl-a2d53b8a-6fb3-402b-9a89-497566b34bb7/datanode-3/data/ratis/8534ef27-b90c-4d6b-80d9-145edf790021 does not exist. Creating ...
2019-10-02 16:26:43,637 [pool-423-thread-1] INFO  storage.RaftStorageDirectory (RaftStorageDirectory.java:tryLock(328)) - Lock on /workdir/hadoop-ozone/integration-test/target/test-dir/MiniOzoneClusterImpl-a2d53b8a-6fb3-402b-9a89-497566b34bb7/datanode-4/data/ratis/8534ef27-b90c-4d6b-80d9-145edf790021/in_use.lock acquired by nodename 13332@pr-hdds-2199-dnstouuidmap-57hpg-3119262845
2019-10-02 16:26:43,637 [pool-433-thread-1] INFO  storage.RaftStorageDirectory (RaftStorageDirectory.java:tryLock(328)) - Lock on /workdir/hadoop-ozone/integration-test/target/test-dir/MiniOzoneClusterImpl-a2d53b8a-6fb3-402b-9a89-497566b34bb7/datanode-5/data/ratis/8534ef27-b90c-4d6b-80d9-145edf790021/in_use.lock acquired by nodename 13332@pr-hdds-2199-dnstouuidmap-57hpg-3119262845
2019-10-02 16:26:43,637 [pool-413-thread-1] INFO  storage.RaftStorageDirectory (RaftStorageDirectory.java:tryLock(328)) - Lock on /workdir/hadoop-ozone/integration-test/target/test-dir/MiniOzoneClusterImpl-a2d53b8a-6fb3-402b-9a89-497566b34bb7/datanode-3/data/ratis/8534ef27-b90c-4d6b-80d9-145edf790021/in_use.lock acquired by nodename 13332@pr-hdds-2199-dnstouuidmap-57hpg-3119262845
2019-10-02 16:26:43,661 [pool-433-thread-1] INFO  storage.RaftStorage (RaftStorage.java:format(84)) - Storage directory /workdir/hadoop-ozone/integration-test/target/test-dir/MiniOzoneClusterImpl-a2d53b8a-6fb3-402b-9a89-497566b34bb7/datanode-5/data/ratis/8534ef27-b90c-4d6b-80d9-145edf790021 has been successfully formatted.
2019-10-02 16:26:43,661 [pool-413-thread-1] INFO  storage.RaftStorage (RaftStorage.java:format(84)) - Storage directory /workdir/hadoop-ozone/integration-test/target/test-dir/MiniOzoneClusterImpl-a2d53b8a-6fb3-402b-9a89-497566b34bb7/datanode-3/data/ratis/8534ef27-b90c-4d6b-80d9-145edf790021 has been successfully formatted.
2019-10-02 16:26:43,662 [pool-433-thread-1] INFO  ratis.ContainerStateMachine (ContainerStateMachine.java:loadSnapshot(230)) - group-145EDF790021: The snapshot info is null. Setting the last applied indexto:(t:0, i:~)
2019-10-02 16:26:43,662 [pool-413-thread-1] INFO  ratis.ContainerStateMachine (ContainerStateMachine.java:loadSnapshot(230)) - group-145EDF790021: The snapshot info is null. Setting the last applied indexto:(t:0, i:~)
2019-10-02 16:26:43,662 [pool-423-thread-1] INFO  storage.RaftStorage (RaftStorage.java:format(84)) - Storage directory /workdir/hadoop-ozone/integration-test/target/test-dir/MiniOzoneClusterImpl-a2d53b8a-6fb3-402b-9a89-497566b34bb7/datanode-4/data/ratis/8534ef27-b90c-4d6b-80d9-145edf790021 has been successfully formatted.
2019-10-02 16:26:43,662 [pool-413-thread-1] INFO  server.RaftServerConfigKeys (ConfUtils.java:logGet(43)) - raft.server.notification.no-leader.timeout = 120s (custom)
2019-10-02 16:26:43,662 [pool-433-thread-1] INFO  server.RaftServerConfigKeys (ConfUtils.java:logGet(43)) - raft.server.notification.no-leader.timeout = 120s (custom)
2019-10-02 16:26:43,670 [pool-413-thread-1] INFO  server.RaftServerConfigKeys (ConfUtils.java:logGet(43)) - raft.server.log.use.memory = false (default)
2019-10-02 16:26:43,662 [pool-423-thread-1] INFO  ratis.ContainerStateMachine (ContainerStateMachine.java:loadSnapshot(230)) - group-145EDF790021: The snapshot info is null. Setting the last applied indexto:(t:0, i:~)
2019-10-02 16:26:43,670 [pool-413-thread-1] INFO  server.RaftServerConfigKeys (ConfUtils.java:logGet(43)) - raft.server.log.purge.gap = 1000000 (custom)
2019-10-02 16:26:43,670 [pool-433-thread-1] INFO  server.RaftServerConfigKeys (ConfUtils.java:logGet(43)) - raft.server.log.use.memory = false (default)
2019-10-02 16:26:43,670 [pool-413-thread-1] INFO  server.RaftServerConfigKeys (ConfUtils.java:logGet(43)) - raft.server.log.appender.buffer.byte-limit = 33554432 (custom)
2019-10-02 16:26:43,670 [pool-423-thread-1] INFO  server.RaftServerConfigKeys (ConfUtils.java:logGet(43)) - raft.server.notification.no-leader.timeout = 120s (custom)
2019-10-02 16:26:43,671 [pool-413-thread-1] INFO  server.RaftServerConfigKeys (ConfUtils.java:logGet(43)) - raft.server.log.segment.size.max = 1048576 (custom)
2019-10-02 16:26:43,671 [pool-433-thread-1] INFO  server.RaftServerConfigKeys (ConfUtils.java:logGet(43)) - raft.server.log.purge.gap = 1000000 (custom)
2019-10-02 16:26:43,671 [pool-413-thread-1] INFO  server.RaftServerConfigKeys (ConfUtils.java:logGet(43)) - raft.server.log.segment.cache.num.max = 2 (custom)
2019-10-02 16:26:43,671 [pool-423-thread-1] INFO  server.RaftServerConfigKeys (ConfUtils.java:logGet(43)) - raft.server.log.use.memory = false (default)
2019-10-02 16:26:43,671 [pool-413-thread-1] INFO  segmented.SegmentedRaftLogWorker (SegmentedRaftLogWorker.java:<init>(173)) - new 2e329a19-caea-412f-8b17-aa656987860b@group-145EDF790021-SegmentedRaftLogWorker for RaftStorage:Storage Directory /workdir/hadoop-ozone/integration-test/target/test-dir/MiniOzoneClusterImpl-a2d53b8a-6fb3-402b-9a89-497566b34bb7/datanode-3/data/ratis/8534ef27-b90c-4d6b-80d9-145edf790021
2019-10-02 16:26:43,671 [pool-433-thread-1] INFO  server.RaftServerConfigKeys (ConfUtils.java:logGet(43)) - raft.server.log.appender.buffer.byte-limit = 33554432 (custom)
2019-10-02 16:26:43,671 [pool-413-thread-1] INFO  server.RaftServerConfigKeys (ConfUtils.java:logGet(43)) - raft.server.log.queue.byte-limit = 2147483647 (custom)
2019-10-02 16:26:43,672 [pool-413-thread-1] INFO  server.RaftServerConfigKeys (ConfUtils.java:logGet(43)) - raft.server.log.queue.element-limit = 1024 (custom)
2019-10-02 16:26:43,671 [pool-423-thread-1] INFO  server.RaftServerConfigKeys (ConfUtils.java:logGet(43)) - raft.server.log.purge.gap = 1000000 (custom)
2019-10-02 16:26:43,672 [pool-413-thread-1] INFO  server.RaftServerConfigKeys (ConfUtils.java:logGet(43)) - raft.server.log.segment.size.max = 1048576 (custom)
2019-10-02 16:26:43,675 [pool-413-thread-1] INFO  server.RaftServerConfigKeys (ConfUtils.java:logGet(43)) - raft.server.log.preallocated.size = 16384 (custom)
2019-10-02 16:26:43,671 [pool-433-thread-1] INFO  server.RaftServerConfigKeys (ConfUtils.java:logGet(43)) - raft.server.log.segment.size.max = 1048576 (custom)
2019-10-02 16:26:43,675 [pool-413-thread-1] INFO  server.RaftServerConfigKeys (ConfUtils.java:logGet(43)) - raft.server.log.write.buffer.size = 33554432 (custom)
2019-10-02 16:26:43,676 [pool-413-thread-1] INFO  server.RaftServerConfigKeys (ConfUtils.java:logGet(43)) - raft.server.log.force.sync.num = 128 (default)
2019-10-02 16:26:43,672 [pool-423-thread-1] INFO  server.RaftServerConfigKeys (ConfUtils.java:logGet(43)) - raft.server.log.appender.buffer.byte-limit = 33554432 (custom)
2019-10-02 16:26:43,682 [pool-413-thread-1] INFO  server.RaftServerConfigKeys (ConfUtils.java:logGet(43)) - raft.server.log.statemachine.data.sync = true (default)
2019-10-02 16:26:43,683 [pool-413-thread-1] INFO  server.RaftServerConfigKeys (ConfUtils.java:logGet(43)) - raft.server.log.statemachine.data.sync.timeout = 10s (default)
2019-10-02 16:26:43,676 [pool-433-thread-1] INFO  server.RaftServerConfigKeys (ConfUtils.java:logGet(43)) - raft.server.log.segment.cache.num.max = 2 (custom)
2019-10-02 16:26:43,683 [pool-413-thread-1] INFO  server.RaftServerConfigKeys (ConfUtils.java:logGet(43)) - raft.server.log.statemachine.data.sync.timeout.retry = -1 (default)
2019-10-02 16:26:43,682 [pool-423-thread-1] INFO  server.RaftServerConfigKeys (ConfUtils.java:logGet(43)) - raft.server.log.segment.size.max = 1048576 (custom)
2019-10-02 16:26:43,683 [pool-413-thread-1] INFO  server.RaftServerConfigKeys (ConfUtils.java:logGet(43)) - raft.server.log.statemachine.data.caching.enabled = true (custom)
2019-10-02 16:26:43,683 [pool-433-thread-1] INFO  segmented.SegmentedRaftLogWorker (SegmentedRaftLogWorker.java:<init>(173)) - new 73e429e0-4993-4475-b088-97869827ad74@group-145EDF790021-SegmentedRaftLogWorker for RaftStorage:Storage Directory /workdir/hadoop-ozone/integration-test/target/test-dir/MiniOzoneClusterImpl-a2d53b8a-6fb3-402b-9a89-497566b34bb7/datanode-5/data/ratis/8534ef27-b90c-4d6b-80d9-145edf790021
2019-10-02 16:26:43,683 [main] INFO  rpc.RpcClient (RpcClient.java:createVolume(276)) - Creating Volume: watchforcommithandlingtest, with jenkins1000 as owner.
2019-10-02 16:26:43,683 [pool-413-thread-1] INFO  segmented.SegmentedRaftLogWorker (SegmentedRaftLogWorker.java:lambda$new$0(128)) - 2e329a19-caea-412f-8b17-aa656987860b@group-145EDF790021-SegmentedRaftLogWorker: flushIndex: setUnconditionally 0 -> -1
2019-10-02 16:26:43,683 [pool-423-thread-1] INFO  server.RaftServerConfigKeys (ConfUtils.java:logGet(43)) - raft.server.log.segment.cache.num.max = 2 (custom)
2019-10-02 16:26:43,684 [pool-413-thread-1] INFO  server.RaftServerConfigKeys (ConfUtils.java:logGet(43)) - raft.server.snapshot.auto.trigger.enabled = true (custom)
2019-10-02 16:26:43,683 [pool-433-thread-1] INFO  server.RaftServerConfigKeys (ConfUtils.java:logGet(43)) - raft.server.log.queue.byte-limit = 2147483647 (custom)
2019-10-02 16:26:43,684 [pool-413-thread-1] INFO  server.RaftServerConfigKeys (ConfUtils.java:logGet(43)) - raft.server.snapshot.auto.trigger.threshold = 10000 (custom)
2019-10-02 16:26:43,684 [pool-423-thread-1] INFO  segmented.SegmentedRaftLogWorker (SegmentedRaftLogWorker.java:<init>(173)) - new b4e9e6ca-bc1f-4e7b-85f8-b36668cef29e@group-145EDF790021-SegmentedRaftLogWorker for RaftStorage:Storage Directory /workdir/hadoop-ozone/integration-test/target/test-dir/MiniOzoneClusterImpl-a2d53b8a-6fb3-402b-9a89-497566b34bb7/datanode-4/data/ratis/8534ef27-b90c-4d6b-80d9-145edf790021
2019-10-02 16:26:43,684 [pool-413-thread-1] INFO  server.RaftServerConfigKeys (ConfUtils.java:logGet(43)) - raft.server.snapshot.retention.file.num = 5 (custom)
2019-10-02 16:26:43,684 [pool-433-thread-1] INFO  server.RaftServerConfigKeys (ConfUtils.java:logGet(43)) - raft.server.log.queue.element-limit = 1024 (custom)
2019-10-02 16:26:43,684 [pool-413-thread-1] INFO  server.RaftServerConfigKeys (ConfUtils.java:logGet(43)) - raft.server.retrycache.expirytime = 600000ms (custom)
2019-10-02 16:26:43,684 [pool-423-thread-1] INFO  server.RaftServerConfigKeys (ConfUtils.java:logGet(43)) - raft.server.log.queue.byte-limit = 2147483647 (custom)
2019-10-02 16:26:43,685 [pool-433-thread-1] INFO  server.RaftServerConfigKeys (ConfUtils.java:logGet(43)) - raft.server.log.segment.size.max = 1048576 (custom)
2019-10-02 16:26:43,685 [pool-423-thread-1] INFO  server.RaftServerConfigKeys (ConfUtils.java:logGet(43)) - raft.server.log.queue.element-limit = 1024 (custom)
2019-10-02 16:26:43,685 [pool-433-thread-1] INFO  server.RaftServerConfigKeys (ConfUtils.java:logGet(43)) - raft.server.log.preallocated.size = 16384 (custom)
2019-10-02 16:26:43,685 [pool-423-thread-1] INFO  server.RaftServerConfigKeys (ConfUtils.java:logGet(43)) - raft.server.log.segment.size.max = 1048576 (custom)
2019-10-02 16:26:43,685 [pool-433-thread-1] INFO  server.RaftServerConfigKeys (ConfUtils.java:logGet(43)) - raft.server.log.write.buffer.size = 33554432 (custom)
2019-10-02 16:26:43,685 [pool-423-thread-1] INFO  server.RaftServerConfigKeys (ConfUtils.java:logGet(43)) - raft.server.log.preallocated.size = 16384 (custom)
2019-10-02 16:26:43,685 [pool-433-thread-1] INFO  server.RaftServerConfigKeys (ConfUtils.java:logGet(43)) - raft.server.log.force.sync.num = 128 (default)
2019-10-02 16:26:43,685 [pool-423-thread-1] INFO  server.RaftServerConfigKeys (ConfUtils.java:logGet(43)) - raft.server.log.write.buffer.size = 33554432 (custom)
2019-10-02 16:26:43,686 [pool-433-thread-1] INFO  server.RaftServerConfigKeys (ConfUtils.java:logGet(43)) - raft.server.log.statemachine.data.sync = true (default)
2019-10-02 16:26:43,686 [pool-413-thread-1] INFO  impl.RaftServerImpl (RaftServerImpl.java:start(181)) - 2e329a19-caea-412f-8b17-aa656987860b@group-145EDF790021: start as a follower, conf=-1: [73e429e0-4993-4475-b088-97869827ad74:192.168.164.216:35370, 2e329a19-caea-412f-8b17-aa656987860b:192.168.164.216:43255, b4e9e6ca-bc1f-4e7b-85f8-b36668cef29e:192.168.164.216:46881], old=null
2019-10-02 16:26:43,686 [pool-423-thread-1] INFO  server.RaftServerConfigKeys (ConfUtils.java:logGet(43)) - raft.server.log.force.sync.num = 128 (default)
2019-10-02 16:26:43,686 [pool-413-thread-1] INFO  impl.RaftServerImpl (RaftServerImpl.java:setRole(170)) - 2e329a19-caea-412f-8b17-aa656987860b@group-145EDF790021: changes role from      null to FOLLOWER at term 0 for startAsFollower
2019-10-02 16:26:43,686 [pool-433-thread-1] INFO  server.RaftServerConfigKeys (ConfUtils.java:logGet(43)) - raft.server.log.statemachine.data.sync.timeout = 10s (default)
2019-10-02 16:26:43,686 [IPC Server handler 2 on 40232] INFO  volume.OMVolumeCreateRequest (OMVolumeCreateRequest.java:validateAndUpdateCache(194)) - created volume:watchforcommithandlingtest for user:jenkins1000
2019-10-02 16:26:43,686 [pool-413-thread-1] INFO  impl.RoleInfo (RoleInfo.java:updateAndGet(143)) - 2e329a19-caea-412f-8b17-aa656987860b: start FollowerState
2019-10-02 16:26:43,686 [pool-423-thread-1] INFO  server.RaftServerConfigKeys (ConfUtils.java:logGet(43)) - raft.server.log.statemachine.data.sync = true (default)
2019-10-02 16:26:43,687 [pool-423-thread-1] INFO  server.RaftServerConfigKeys (ConfUtils.java:logGet(43)) - raft.server.log.statemachine.data.sync.timeout = 10s (default)
2019-10-02 16:26:43,686 [pool-433-thread-1] INFO  server.RaftServerConfigKeys (ConfUtils.java:logGet(43)) - raft.server.log.statemachine.data.sync.timeout.retry = -1 (default)
2019-10-02 16:26:43,687 [pool-413-thread-1] INFO  util.JmxRegister (JmxRegister.java:tryRegister(44)) - Successfully registered JMX Bean with object name Ratis:service=RaftServer,group=group-145EDF790021,id=2e329a19-caea-412f-8b17-aa656987860b
2019-10-02 16:26:43,687 [pool-423-thread-1] INFO  server.RaftServerConfigKeys (ConfUtils.java:logGet(43)) - raft.server.log.statemachine.data.sync.timeout.retry = -1 (default)
2019-10-02 16:26:43,687 [pool-433-thread-1] INFO  server.RaftServerConfigKeys (ConfUtils.java:logGet(43)) - raft.server.log.statemachine.data.caching.enabled = true (custom)
2019-10-02 16:26:43,687 [pool-423-thread-1] INFO  server.RaftServerConfigKeys (ConfUtils.java:logGet(43)) - raft.server.log.statemachine.data.caching.enabled = true (custom)
2019-10-02 16:26:43,687 [pool-433-thread-1] INFO  segmented.SegmentedRaftLogWorker (SegmentedRaftLogWorker.java:lambda$new$0(128)) - 73e429e0-4993-4475-b088-97869827ad74@group-145EDF790021-SegmentedRaftLogWorker: flushIndex: setUnconditionally 0 -> -1
2019-10-02 16:26:43,687 [pool-423-thread-1] INFO  segmented.SegmentedRaftLogWorker (SegmentedRaftLogWorker.java:lambda$new$0(128)) - b4e9e6ca-bc1f-4e7b-85f8-b36668cef29e@group-145EDF790021-SegmentedRaftLogWorker: flushIndex: setUnconditionally 0 -> -1
2019-10-02 16:26:43,688 [pool-433-thread-1] INFO  server.RaftServerConfigKeys (ConfUtils.java:logGet(43)) - raft.server.snapshot.auto.trigger.enabled = true (custom)
2019-10-02 16:26:43,688 [pool-423-thread-1] INFO  server.RaftServerConfigKeys (ConfUtils.java:logGet(43)) - raft.server.snapshot.auto.trigger.enabled = true (custom)
2019-10-02 16:26:43,688 [pool-433-thread-1] INFO  server.RaftServerConfigKeys (ConfUtils.java:logGet(43)) - raft.server.snapshot.auto.trigger.threshold = 10000 (custom)
2019-10-02 16:26:43,688 [pool-423-thread-1] INFO  server.RaftServerConfigKeys (ConfUtils.java:logGet(43)) - raft.server.snapshot.auto.trigger.threshold = 10000 (custom)
2019-10-02 16:26:43,688 [pool-433-thread-1] INFO  server.RaftServerConfigKeys (ConfUtils.java:logGet(43)) - raft.server.snapshot.retention.file.num = 5 (custom)
2019-10-02 16:26:43,692 [pool-423-thread-1] INFO  server.RaftServerConfigKeys (ConfUtils.java:logGet(43)) - raft.server.snapshot.retention.file.num = 5 (custom)
2019-10-02 16:26:43,693 [pool-433-thread-1] INFO  server.RaftServerConfigKeys (ConfUtils.java:logGet(43)) - raft.server.retrycache.expirytime = 600000ms (custom)
2019-10-02 16:26:43,693 [pool-423-thread-1] INFO  server.RaftServerConfigKeys (ConfUtils.java:logGet(43)) - raft.server.retrycache.expirytime = 600000ms (custom)
2019-10-02 16:26:43,705 [main] INFO  rpc.RpcClient (RpcClient.java:createBucket(415)) - Creating Bucket: watchforcommithandlingtest/watchforcommithandlingtest, with Versioning false and Storage Type set to DISK and Encryption set to false 
2019-10-02 16:26:43,709 [pool-433-thread-1] INFO  impl.RaftServerImpl (RaftServerImpl.java:start(181)) - 73e429e0-4993-4475-b088-97869827ad74@group-145EDF790021: start as a follower, conf=-1: [73e429e0-4993-4475-b088-97869827ad74:192.168.164.216:35370, 2e329a19-caea-412f-8b17-aa656987860b:192.168.164.216:43255, b4e9e6ca-bc1f-4e7b-85f8-b36668cef29e:192.168.164.216:46881], old=null
2019-10-02 16:26:43,709 [pool-423-thread-1] INFO  impl.RaftServerImpl (RaftServerImpl.java:start(181)) - b4e9e6ca-bc1f-4e7b-85f8-b36668cef29e@group-145EDF790021: start as a follower, conf=-1: [73e429e0-4993-4475-b088-97869827ad74:192.168.164.216:35370, 2e329a19-caea-412f-8b17-aa656987860b:192.168.164.216:43255, b4e9e6ca-bc1f-4e7b-85f8-b36668cef29e:192.168.164.216:46881], old=null
2019-10-02 16:26:43,709 [pool-433-thread-1] INFO  impl.RaftServerImpl (RaftServerImpl.java:setRole(170)) - 73e429e0-4993-4475-b088-97869827ad74@group-145EDF790021: changes role from      null to FOLLOWER at term 0 for startAsFollower
2019-10-02 16:26:43,709 [pool-423-thread-1] INFO  impl.RaftServerImpl (RaftServerImpl.java:setRole(170)) - b4e9e6ca-bc1f-4e7b-85f8-b36668cef29e@group-145EDF790021: changes role from      null to FOLLOWER at term 0 for startAsFollower
2019-10-02 16:26:43,709 [pool-433-thread-1] INFO  impl.RoleInfo (RoleInfo.java:updateAndGet(143)) - 73e429e0-4993-4475-b088-97869827ad74: start FollowerState
2019-10-02 16:26:43,709 [main] INFO  ozone.MiniOzoneClusterImpl (MiniOzoneClusterImpl.java:getStorageContainerLocationClient(234)) - Creating StorageContainerLocationProtocol RPC client with address /0.0.0.0:46557
2019-10-02 16:26:43,709 [pool-423-thread-1] INFO  impl.RoleInfo (RoleInfo.java:updateAndGet(143)) - b4e9e6ca-bc1f-4e7b-85f8-b36668cef29e: start FollowerState
2019-10-02 16:26:43,710 [pool-433-thread-1] INFO  util.JmxRegister (JmxRegister.java:tryRegister(44)) - Successfully registered JMX Bean with object name Ratis:service=RaftServer,group=group-145EDF790021,id=73e429e0-4993-4475-b088-97869827ad74
2019-10-02 16:26:43,710 [pool-423-thread-1] INFO  util.JmxRegister (JmxRegister.java:tryRegister(44)) - Successfully registered JMX Bean with object name Ratis:service=RaftServer,group=group-145EDF790021,id=b4e9e6ca-bc1f-4e7b-85f8-b36668cef29e
2019-10-02 16:26:43,714 [RatisPipelineUtilsThread] INFO  pipeline.PipelineStateManager (PipelineStateManager.java:addPipeline(56)) - Created pipeline Pipeline[ Id: 8534ef27-b90c-4d6b-80d9-145edf790021, Nodes: 2e329a19-caea-412f-8b17-aa656987860b{ip: 192.168.164.216, host: pr-hdds-2199-dnstouuidmap-57hpg-3119262845, networkLocation: /default-rack, certSerialId: null}b4e9e6ca-bc1f-4e7b-85f8-b36668cef29e{ip: 192.168.164.216, host: pr-hdds-2199-dnstouuidmap-57hpg-3119262845, networkLocation: /default-rack, certSerialId: null}73e429e0-4993-4475-b088-97869827ad74{ip: 192.168.164.216, host: pr-hdds-2199-dnstouuidmap-57hpg-3119262845, networkLocation: /default-rack, certSerialId: null}, Type:RATIS, Factor:THREE, State:OPEN]
2019-10-02 16:26:46,007 [Thread-2655] INFO  container.ReplicationManager (ReplicationManager.java:start(162)) - Starting Replication Monitor Thread.
2019-10-02 16:26:46,012 [ReplicationMonitor] INFO  container.ReplicationManager (ReplicationManager.java:run(225)) - Replication Monitor Thread took 0 milliseconds for processing 1 containers.
2019-10-02 16:26:48,136 [Thread-2657] INFO  impl.FollowerState (FollowerState.java:run(108)) - 0b8f0ac0-9a6f-4054-9320-ff8d6bd8e7a9@group-89659FFF3BF5-FollowerState: change to CANDIDATE, lastRpcTime:5077ms, electionTimeout:5077ms
2019-10-02 16:26:48,136 [Thread-2657] INFO  impl.RoleInfo (RoleInfo.java:shutdownFollowerState(121)) - 0b8f0ac0-9a6f-4054-9320-ff8d6bd8e7a9: shutdown FollowerState
2019-10-02 16:26:48,137 [Thread-2657] INFO  impl.RaftServerImpl (RaftServerImpl.java:setRole(170)) - 0b8f0ac0-9a6f-4054-9320-ff8d6bd8e7a9@group-89659FFF3BF5: changes role from  FOLLOWER to CANDIDATE at term 0 for changeToCandidate
2019-10-02 16:26:48,137 [Thread-2657] INFO  impl.RoleInfo (RoleInfo.java:updateAndGet(143)) - 0b8f0ac0-9a6f-4054-9320-ff8d6bd8e7a9: start LeaderElection
2019-10-02 16:26:48,177 [0b8f0ac0-9a6f-4054-9320-ff8d6bd8e7a9@group-89659FFF3BF5-LeaderElection106] INFO  impl.LeaderElection (LeaderElection.java:askForVotes(178)) - 0b8f0ac0-9a6f-4054-9320-ff8d6bd8e7a9@group-89659FFF3BF5-LeaderElection106: begin an election at term 1 for -1: [0b8f0ac0-9a6f-4054-9320-ff8d6bd8e7a9:192.168.164.216:46522], old=null
2019-10-02 16:26:48,177 [0b8f0ac0-9a6f-4054-9320-ff8d6bd8e7a9@group-89659FFF3BF5-LeaderElection106] INFO  impl.RoleInfo (RoleInfo.java:shutdownLeaderElection(134)) - 0b8f0ac0-9a6f-4054-9320-ff8d6bd8e7a9: shutdown LeaderElection
2019-10-02 16:26:48,177 [0b8f0ac0-9a6f-4054-9320-ff8d6bd8e7a9@group-89659FFF3BF5-LeaderElection106] INFO  impl.RaftServerImpl (RaftServerImpl.java:setRole(170)) - 0b8f0ac0-9a6f-4054-9320-ff8d6bd8e7a9@group-89659FFF3BF5: changes role from CANDIDATE to LEADER at term 1 for changeToLeader
2019-10-02 16:26:48,177 [0b8f0ac0-9a6f-4054-9320-ff8d6bd8e7a9@group-89659FFF3BF5-LeaderElection106] INFO  impl.RaftServerImpl (ServerState.java:setLeader(255)) - 0b8f0ac0-9a6f-4054-9320-ff8d6bd8e7a9@group-89659FFF3BF5: change Leader from null to 0b8f0ac0-9a6f-4054-9320-ff8d6bd8e7a9 at term 1 for becomeLeader, leader elected after 5124ms
2019-10-02 16:26:48,177 [0b8f0ac0-9a6f-4054-9320-ff8d6bd8e7a9@group-89659FFF3BF5-LeaderElection106] INFO  server.RaftServerConfigKeys (ConfUtils.java:logGet(43)) - raft.server.staging.catchup.gap = 1000 (default)
2019-10-02 16:26:48,178 [0b8f0ac0-9a6f-4054-9320-ff8d6bd8e7a9@group-89659FFF3BF5-LeaderElection106] INFO  server.RaftServerConfigKeys (ConfUtils.java:logGet(43)) - raft.server.rpc.sleep.time = 25ms (default)
2019-10-02 16:26:48,178 [0b8f0ac0-9a6f-4054-9320-ff8d6bd8e7a9@group-89659FFF3BF5-LeaderElection106] INFO  server.RaftServerConfigKeys (ConfUtils.java:logGet(43)) - raft.server.write.element-limit = 4096 (default)
2019-10-02 16:26:48,178 [0b8f0ac0-9a6f-4054-9320-ff8d6bd8e7a9@group-89659FFF3BF5-LeaderElection106] INFO  server.RaftServerConfigKeys (ConfUtils.java:logGet(43)) - raft.server.watch.timeout = 10s (default)
2019-10-02 16:26:48,178 [0b8f0ac0-9a6f-4054-9320-ff8d6bd8e7a9@group-89659FFF3BF5-LeaderElection106] INFO  server.RaftServerConfigKeys (ConfUtils.java:logGet(43)) - raft.server.watch.timeout.denomination = 1s (default)
2019-10-02 16:26:48,178 [0b8f0ac0-9a6f-4054-9320-ff8d6bd8e7a9@group-89659FFF3BF5-LeaderElection106] INFO  server.RaftServerConfigKeys (ConfUtils.java:logGet(43)) - raft.server.watch.element-limit = 65536 (default)
2019-10-02 16:26:48,180 [0b8f0ac0-9a6f-4054-9320-ff8d6bd8e7a9@group-89659FFF3BF5-LeaderElection106] INFO  impl.RoleInfo (RoleInfo.java:updateAndGet(143)) - 0b8f0ac0-9a6f-4054-9320-ff8d6bd8e7a9: start LeaderState
2019-10-02 16:26:48,180 [0b8f0ac0-9a6f-4054-9320-ff8d6bd8e7a9@group-89659FFF3BF5-LeaderElection106] INFO  segmented.SegmentedRaftLogWorker (SegmentedRaftLogWorker.java:startLogSegment(385)) - 0b8f0ac0-9a6f-4054-9320-ff8d6bd8e7a9@group-89659FFF3BF5-SegmentedRaftLogWorker: Starting segment from index:0
2019-10-02 16:26:48,180 [0b8f0ac0-9a6f-4054-9320-ff8d6bd8e7a9@group-89659FFF3BF5-LeaderElection106] INFO  impl.RaftServerImpl (ServerState.java:setRaftConf(356)) - 0b8f0ac0-9a6f-4054-9320-ff8d6bd8e7a9@group-89659FFF3BF5: set configuration 0: [0b8f0ac0-9a6f-4054-9320-ff8d6bd8e7a9:192.168.164.216:46522], old=null at 0
2019-10-02 16:26:48,209 [Thread-2660] INFO  impl.FollowerState (FollowerState.java:run(108)) - d2f361d7-c523-4cac-a877-78988edeee2d@group-503A3950190C-FollowerState: change to CANDIDATE, lastRpcTime:5071ms, electionTimeout:5071ms
2019-10-02 16:26:48,209 [Thread-2660] INFO  impl.RoleInfo (RoleInfo.java:shutdownFollowerState(121)) - d2f361d7-c523-4cac-a877-78988edeee2d: shutdown FollowerState
2019-10-02 16:26:48,209 [Thread-2660] INFO  impl.RaftServerImpl (RaftServerImpl.java:setRole(170)) - d2f361d7-c523-4cac-a877-78988edeee2d@group-503A3950190C: changes role from  FOLLOWER to CANDIDATE at term 0 for changeToCandidate
2019-10-02 16:26:48,209 [Thread-2660] INFO  impl.RoleInfo (RoleInfo.java:updateAndGet(143)) - d2f361d7-c523-4cac-a877-78988edeee2d: start LeaderElection
2019-10-02 16:26:48,222 [0b8f0ac0-9a6f-4054-9320-ff8d6bd8e7a9@group-89659FFF3BF5-SegmentedRaftLogWorker] INFO  segmented.SegmentedRaftLogWorker (SegmentedRaftLogWorker.java:execute(574)) - 0b8f0ac0-9a6f-4054-9320-ff8d6bd8e7a9@group-89659FFF3BF5-SegmentedRaftLogWorker: created new log segment /workdir/hadoop-ozone/integration-test/target/test-dir/MiniOzoneClusterImpl-a2d53b8a-6fb3-402b-9a89-497566b34bb7/datanode-0/data/ratis/be4c8ba8-35dc-49b8-86f1-89659fff3bf5/current/log_inprogress_0
2019-10-02 16:26:48,235 [d2f361d7-c523-4cac-a877-78988edeee2d@group-503A3950190C-LeaderElection107] INFO  impl.LeaderElection (LeaderElection.java:askForVotes(178)) - d2f361d7-c523-4cac-a877-78988edeee2d@group-503A3950190C-LeaderElection107: begin an election at term 1 for -1: [d2f361d7-c523-4cac-a877-78988edeee2d:192.168.164.216:46474], old=null
2019-10-02 16:26:48,235 [d2f361d7-c523-4cac-a877-78988edeee2d@group-503A3950190C-LeaderElection107] INFO  impl.RoleInfo (RoleInfo.java:shutdownLeaderElection(134)) - d2f361d7-c523-4cac-a877-78988edeee2d: shutdown LeaderElection
2019-10-02 16:26:48,236 [d2f361d7-c523-4cac-a877-78988edeee2d@group-503A3950190C-LeaderElection107] INFO  impl.RaftServerImpl (RaftServerImpl.java:setRole(170)) - d2f361d7-c523-4cac-a877-78988edeee2d@group-503A3950190C: changes role from CANDIDATE to LEADER at term 1 for changeToLeader
2019-10-02 16:26:48,236 [d2f361d7-c523-4cac-a877-78988edeee2d@group-503A3950190C-LeaderElection107] INFO  impl.RaftServerImpl (ServerState.java:setLeader(255)) - d2f361d7-c523-4cac-a877-78988edeee2d@group-503A3950190C: change Leader from null to d2f361d7-c523-4cac-a877-78988edeee2d at term 1 for becomeLeader, leader elected after 5103ms
2019-10-02 16:26:48,236 [d2f361d7-c523-4cac-a877-78988edeee2d@group-503A3950190C-LeaderElection107] INFO  server.RaftServerConfigKeys (ConfUtils.java:logGet(43)) - raft.server.staging.catchup.gap = 1000 (default)
2019-10-02 16:26:48,236 [d2f361d7-c523-4cac-a877-78988edeee2d@group-503A3950190C-LeaderElection107] INFO  server.RaftServerConfigKeys (ConfUtils.java:logGet(43)) - raft.server.rpc.sleep.time = 25ms (default)
2019-10-02 16:26:48,236 [d2f361d7-c523-4cac-a877-78988edeee2d@group-503A3950190C-LeaderElection107] INFO  server.RaftServerConfigKeys (ConfUtils.java:logGet(43)) - raft.server.write.element-limit = 4096 (default)
2019-10-02 16:26:48,237 [d2f361d7-c523-4cac-a877-78988edeee2d@group-503A3950190C-LeaderElection107] INFO  server.RaftServerConfigKeys (ConfUtils.java:logGet(43)) - raft.server.watch.timeout = 10s (default)
2019-10-02 16:26:48,237 [d2f361d7-c523-4cac-a877-78988edeee2d@group-503A3950190C-LeaderElection107] INFO  server.RaftServerConfigKeys (ConfUtils.java:logGet(43)) - raft.server.watch.timeout.denomination = 1s (default)
2019-10-02 16:26:48,237 [d2f361d7-c523-4cac-a877-78988edeee2d@group-503A3950190C-LeaderElection107] INFO  server.RaftServerConfigKeys (ConfUtils.java:logGet(43)) - raft.server.watch.element-limit = 65536 (default)
2019-10-02 16:26:48,239 [d2f361d7-c523-4cac-a877-78988edeee2d@group-503A3950190C-LeaderElection107] INFO  impl.RoleInfo (RoleInfo.java:updateAndGet(143)) - d2f361d7-c523-4cac-a877-78988edeee2d: start LeaderState
2019-10-02 16:26:48,240 [d2f361d7-c523-4cac-a877-78988edeee2d@group-503A3950190C-LeaderElection107] INFO  segmented.SegmentedRaftLogWorker (SegmentedRaftLogWorker.java:startLogSegment(385)) - d2f361d7-c523-4cac-a877-78988edeee2d@group-503A3950190C-SegmentedRaftLogWorker: Starting segment from index:0
2019-10-02 16:26:48,240 [d2f361d7-c523-4cac-a877-78988edeee2d@group-503A3950190C-LeaderElection107] INFO  impl.RaftServerImpl (ServerState.java:setRaftConf(356)) - d2f361d7-c523-4cac-a877-78988edeee2d@group-503A3950190C: set configuration 0: [d2f361d7-c523-4cac-a877-78988edeee2d:192.168.164.216:46474], old=null at 0
2019-10-02 16:26:48,277 [d2f361d7-c523-4cac-a877-78988edeee2d@group-503A3950190C-SegmentedRaftLogWorker] INFO  segmented.SegmentedRaftLogWorker (SegmentedRaftLogWorker.java:execute(574)) - d2f361d7-c523-4cac-a877-78988edeee2d@group-503A3950190C-SegmentedRaftLogWorker: created new log segment /workdir/hadoop-ozone/integration-test/target/test-dir/MiniOzoneClusterImpl-a2d53b8a-6fb3-402b-9a89-497566b34bb7/datanode-1/data/ratis/945b4ae3-5191-40f5-b63d-503a3950190c/current/log_inprogress_0
2019-10-02 16:26:48,316 [Thread-2671] INFO  impl.FollowerState (FollowerState.java:run(108)) - f61324bf-0d30-426d-9f8b-a2c367abb8e0@group-87FD7415BD81-FollowerState: change to CANDIDATE, lastRpcTime:5036ms, electionTimeout:5036ms
2019-10-02 16:26:48,316 [Thread-2671] INFO  impl.RoleInfo (RoleInfo.java:shutdownFollowerState(121)) - f61324bf-0d30-426d-9f8b-a2c367abb8e0: shutdown FollowerState
2019-10-02 16:26:48,316 [Thread-2671] INFO  impl.RaftServerImpl (RaftServerImpl.java:setRole(170)) - f61324bf-0d30-426d-9f8b-a2c367abb8e0@group-87FD7415BD81: changes role from  FOLLOWER to CANDIDATE at term 0 for changeToCandidate
2019-10-02 16:26:48,317 [Thread-2671] INFO  impl.RoleInfo (RoleInfo.java:updateAndGet(143)) - f61324bf-0d30-426d-9f8b-a2c367abb8e0: start LeaderElection
2019-10-02 16:26:48,338 [f61324bf-0d30-426d-9f8b-a2c367abb8e0@group-87FD7415BD81-LeaderElection108] INFO  impl.LeaderElection (LeaderElection.java:askForVotes(178)) - f61324bf-0d30-426d-9f8b-a2c367abb8e0@group-87FD7415BD81-LeaderElection108: begin an election at term 1 for -1: [d2f361d7-c523-4cac-a877-78988edeee2d:192.168.164.216:46474, f61324bf-0d30-426d-9f8b-a2c367abb8e0:192.168.164.216:36938, 0b8f0ac0-9a6f-4054-9320-ff8d6bd8e7a9:192.168.164.216:46522], old=null
2019-10-02 16:26:48,341 [grpc-default-executor-5] INFO  impl.RaftServerImpl (RaftServerImpl.java:setRole(170)) - 0b8f0ac0-9a6f-4054-9320-ff8d6bd8e7a9@group-87FD7415BD81: changes role from  FOLLOWER to FOLLOWER at term 1 for recognizeCandidate:f61324bf-0d30-426d-9f8b-a2c367abb8e0
2019-10-02 16:26:48,341 [grpc-default-executor-2] INFO  impl.RaftServerImpl (RaftServerImpl.java:setRole(170)) - d2f361d7-c523-4cac-a877-78988edeee2d@group-87FD7415BD81: changes role from  FOLLOWER to FOLLOWER at term 1 for recognizeCandidate:f61324bf-0d30-426d-9f8b-a2c367abb8e0
2019-10-02 16:26:48,341 [grpc-default-executor-5] INFO  impl.RoleInfo (RoleInfo.java:shutdownFollowerState(121)) - 0b8f0ac0-9a6f-4054-9320-ff8d6bd8e7a9: shutdown FollowerState
2019-10-02 16:26:48,342 [grpc-default-executor-2] INFO  impl.RoleInfo (RoleInfo.java:shutdownFollowerState(121)) - d2f361d7-c523-4cac-a877-78988edeee2d: shutdown FollowerState
2019-10-02 16:26:48,342 [grpc-default-executor-5] INFO  impl.RoleInfo (RoleInfo.java:updateAndGet(143)) - 0b8f0ac0-9a6f-4054-9320-ff8d6bd8e7a9: start FollowerState
2019-10-02 16:26:48,342 [Thread-2666] INFO  impl.FollowerState (FollowerState.java:run(117)) - d2f361d7-c523-4cac-a877-78988edeee2d@group-87FD7415BD81-FollowerState was interrupted: java.lang.InterruptedException: sleep interrupted
2019-10-02 16:26:48,342 [grpc-default-executor-2] INFO  impl.RoleInfo (RoleInfo.java:updateAndGet(143)) - d2f361d7-c523-4cac-a877-78988edeee2d: start FollowerState
2019-10-02 16:26:48,342 [Thread-2670] INFO  impl.FollowerState (FollowerState.java:run(117)) - 0b8f0ac0-9a6f-4054-9320-ff8d6bd8e7a9@group-87FD7415BD81-FollowerState was interrupted: java.lang.InterruptedException: sleep interrupted
2019-10-02 16:26:48,365 [f61324bf-0d30-426d-9f8b-a2c367abb8e0@group-87FD7415BD81-LeaderElection108] INFO  impl.LeaderElection (LeaderElection.java:logAndReturn(56)) - f61324bf-0d30-426d-9f8b-a2c367abb8e0@group-87FD7415BD81-LeaderElection108: Election PASSED; received 1 response(s) [f61324bf-0d30-426d-9f8b-a2c367abb8e0<-d2f361d7-c523-4cac-a877-78988edeee2d#0:OK-t1] and 0 exception(s); f61324bf-0d30-426d-9f8b-a2c367abb8e0@group-87FD7415BD81:t1, leader=null, voted=f61324bf-0d30-426d-9f8b-a2c367abb8e0, raftlog=f61324bf-0d30-426d-9f8b-a2c367abb8e0@group-87FD7415BD81-SegmentedRaftLog:OPENED:c-1,f-1,i0, conf=-1: [d2f361d7-c523-4cac-a877-78988edeee2d:192.168.164.216:46474, f61324bf-0d30-426d-9f8b-a2c367abb8e0:192.168.164.216:36938, 0b8f0ac0-9a6f-4054-9320-ff8d6bd8e7a9:192.168.164.216:46522], old=null
2019-10-02 16:26:48,365 [f61324bf-0d30-426d-9f8b-a2c367abb8e0@group-87FD7415BD81-LeaderElection108] INFO  impl.RoleInfo (RoleInfo.java:shutdownLeaderElection(134)) - f61324bf-0d30-426d-9f8b-a2c367abb8e0: shutdown LeaderElection
2019-10-02 16:26:48,366 [f61324bf-0d30-426d-9f8b-a2c367abb8e0@group-87FD7415BD81-LeaderElection108] INFO  impl.RaftServerImpl (RaftServerImpl.java:setRole(170)) - f61324bf-0d30-426d-9f8b-a2c367abb8e0@group-87FD7415BD81: changes role from CANDIDATE to LEADER at term 1 for changeToLeader
2019-10-02 16:26:48,366 [f61324bf-0d30-426d-9f8b-a2c367abb8e0@group-87FD7415BD81-LeaderElection108] INFO  impl.RaftServerImpl (ServerState.java:setLeader(255)) - f61324bf-0d30-426d-9f8b-a2c367abb8e0@group-87FD7415BD81: change Leader from null to f61324bf-0d30-426d-9f8b-a2c367abb8e0 at term 1 for becomeLeader, leader elected after 5093ms
2019-10-02 16:26:48,366 [f61324bf-0d30-426d-9f8b-a2c367abb8e0@group-87FD7415BD81-LeaderElection108] INFO  server.RaftServerConfigKeys (ConfUtils.java:logGet(43)) - raft.server.staging.catchup.gap = 1000 (default)
2019-10-02 16:26:48,366 [f61324bf-0d30-426d-9f8b-a2c367abb8e0@group-87FD7415BD81-LeaderElection108] INFO  server.RaftServerConfigKeys (ConfUtils.java:logGet(43)) - raft.server.rpc.sleep.time = 25ms (default)
2019-10-02 16:26:48,366 [f61324bf-0d30-426d-9f8b-a2c367abb8e0@group-87FD7415BD81-LeaderElection108] INFO  server.RaftServerConfigKeys (ConfUtils.java:logGet(43)) - raft.server.write.element-limit = 4096 (default)
2019-10-02 16:26:48,366 [f61324bf-0d30-426d-9f8b-a2c367abb8e0@group-87FD7415BD81-LeaderElection108] INFO  server.RaftServerConfigKeys (ConfUtils.java:logGet(43)) - raft.server.watch.timeout = 10s (default)
2019-10-02 16:26:48,366 [f61324bf-0d30-426d-9f8b-a2c367abb8e0@group-87FD7415BD81-LeaderElection108] INFO  server.RaftServerConfigKeys (ConfUtils.java:logGet(43)) - raft.server.watch.timeout.denomination = 1s (default)
2019-10-02 16:26:48,366 [f61324bf-0d30-426d-9f8b-a2c367abb8e0@group-87FD7415BD81-LeaderElection108] INFO  server.RaftServerConfigKeys (ConfUtils.java:logGet(43)) - raft.server.watch.element-limit = 65536 (default)
2019-10-02 16:26:48,368 [f61324bf-0d30-426d-9f8b-a2c367abb8e0@group-87FD7415BD81-LeaderElection108] INFO  server.RaftServerConfigKeys (ConfUtils.java:logGet(43)) - raft.server.log.appender.snapshot.chunk.size.max = 16MB (=16777216) (default)
2019-10-02 16:26:48,368 [f61324bf-0d30-426d-9f8b-a2c367abb8e0@group-87FD7415BD81-LeaderElection108] INFO  server.RaftServerConfigKeys (ConfUtils.java:logGet(43)) - raft.server.log.appender.buffer.byte-limit = 33554432 (custom)
2019-10-02 16:26:48,368 [f61324bf-0d30-426d-9f8b-a2c367abb8e0@group-87FD7415BD81-LeaderElection108] INFO  server.RaftServerConfigKeys (ConfUtils.java:logGet(43)) - raft.server.log.appender.buffer.element-limit = 1 (custom)
2019-10-02 16:26:48,368 [f61324bf-0d30-426d-9f8b-a2c367abb8e0@group-87FD7415BD81-LeaderElection108] INFO  grpc.GrpcConfigKeys$Server (ConfUtils.java:logGet(43)) - raft.grpc.server.leader.outstanding.appends.max = 128 (default)
2019-10-02 16:26:48,368 [f61324bf-0d30-426d-9f8b-a2c367abb8e0@group-87FD7415BD81-LeaderElection108] INFO  server.RaftServerConfigKeys (ConfUtils.java:logGet(43)) - raft.server.rpc.request.timeout = 3000ms (default)
2019-10-02 16:26:48,368 [f61324bf-0d30-426d-9f8b-a2c367abb8e0@group-87FD7415BD81-LeaderElection108] INFO  server.RaftServerConfigKeys (ConfUtils.java:logGet(43)) - raft.server.log.appender.install.snapshot.enabled = false (custom)
2019-10-02 16:26:48,369 [f61324bf-0d30-426d-9f8b-a2c367abb8e0@group-87FD7415BD81-LeaderElection108] INFO  server.RaftServerConfigKeys (ConfUtils.java:logGet(43)) - raft.server.log.appender.snapshot.chunk.size.max = 16MB (=16777216) (default)
2019-10-02 16:26:48,369 [f61324bf-0d30-426d-9f8b-a2c367abb8e0@group-87FD7415BD81-LeaderElection108] INFO  server.RaftServerConfigKeys (ConfUtils.java:logGet(43)) - raft.server.log.appender.buffer.byte-limit = 33554432 (custom)
2019-10-02 16:26:48,369 [f61324bf-0d30-426d-9f8b-a2c367abb8e0@group-87FD7415BD81-LeaderElection108] INFO  server.RaftServerConfigKeys (ConfUtils.java:logGet(43)) - raft.server.log.appender.buffer.element-limit = 1 (custom)
2019-10-02 16:26:48,369 [f61324bf-0d30-426d-9f8b-a2c367abb8e0@group-87FD7415BD81-LeaderElection108] INFO  grpc.GrpcConfigKeys$Server (ConfUtils.java:logGet(43)) - raft.grpc.server.leader.outstanding.appends.max = 128 (default)
2019-10-02 16:26:48,369 [f61324bf-0d30-426d-9f8b-a2c367abb8e0@group-87FD7415BD81-LeaderElection108] INFO  server.RaftServerConfigKeys (ConfUtils.java:logGet(43)) - raft.server.rpc.request.timeout = 3000ms (default)
2019-10-02 16:26:48,369 [f61324bf-0d30-426d-9f8b-a2c367abb8e0@group-87FD7415BD81-LeaderElection108] INFO  server.RaftServerConfigKeys (ConfUtils.java:logGet(43)) - raft.server.log.appender.install.snapshot.enabled = false (custom)
2019-10-02 16:26:48,369 [f61324bf-0d30-426d-9f8b-a2c367abb8e0@group-87FD7415BD81-LeaderElection108] INFO  impl.RoleInfo (RoleInfo.java:updateAndGet(143)) - f61324bf-0d30-426d-9f8b-a2c367abb8e0: start LeaderState
2019-10-02 16:26:48,369 [f61324bf-0d30-426d-9f8b-a2c367abb8e0@group-87FD7415BD81-LeaderElection108] INFO  segmented.SegmentedRaftLogWorker (SegmentedRaftLogWorker.java:startLogSegment(385)) - f61324bf-0d30-426d-9f8b-a2c367abb8e0@group-87FD7415BD81-SegmentedRaftLogWorker: Starting segment from index:0
2019-10-02 16:26:48,370 [f61324bf-0d30-426d-9f8b-a2c367abb8e0@group-87FD7415BD81-LeaderElection108] INFO  impl.RaftServerImpl (ServerState.java:setRaftConf(356)) - f61324bf-0d30-426d-9f8b-a2c367abb8e0@group-87FD7415BD81: set configuration 0: [d2f361d7-c523-4cac-a877-78988edeee2d:192.168.164.216:46474, f61324bf-0d30-426d-9f8b-a2c367abb8e0:192.168.164.216:36938, 0b8f0ac0-9a6f-4054-9320-ff8d6bd8e7a9:192.168.164.216:46522], old=null at 0
2019-10-02 16:26:48,371 [grpc-default-executor-5] INFO  impl.RaftServerImpl (ServerState.java:setLeader(255)) - 0b8f0ac0-9a6f-4054-9320-ff8d6bd8e7a9@group-87FD7415BD81: change Leader from null to f61324bf-0d30-426d-9f8b-a2c367abb8e0 at term 1 for appendEntries, leader elected after 5099ms
2019-10-02 16:26:48,371 [grpc-default-executor-2] INFO  impl.RaftServerImpl (ServerState.java:setLeader(255)) - d2f361d7-c523-4cac-a877-78988edeee2d@group-87FD7415BD81: change Leader from null to f61324bf-0d30-426d-9f8b-a2c367abb8e0 at term 1 for appendEntries, leader elected after 5099ms
2019-10-02 16:26:48,396 [Thread-2663] INFO  impl.FollowerState (FollowerState.java:run(108)) - f61324bf-0d30-426d-9f8b-a2c367abb8e0@group-D84E0F466ADF-FollowerState: change to CANDIDATE, lastRpcTime:5167ms, electionTimeout:5159ms
2019-10-02 16:26:48,397 [Thread-2663] INFO  impl.RoleInfo (RoleInfo.java:shutdownFollowerState(121)) - f61324bf-0d30-426d-9f8b-a2c367abb8e0: shutdown FollowerState
2019-10-02 16:26:48,397 [Thread-2663] INFO  impl.RaftServerImpl (RaftServerImpl.java:setRole(170)) - f61324bf-0d30-426d-9f8b-a2c367abb8e0@group-D84E0F466ADF: changes role from  FOLLOWER to CANDIDATE at term 0 for changeToCandidate
2019-10-02 16:26:48,400 [Thread-2663] INFO  impl.RoleInfo (RoleInfo.java:updateAndGet(143)) - f61324bf-0d30-426d-9f8b-a2c367abb8e0: start LeaderElection
2019-10-02 16:26:48,409 [f61324bf-0d30-426d-9f8b-a2c367abb8e0@group-87FD7415BD81-SegmentedRaftLogWorker] INFO  segmented.SegmentedRaftLogWorker (SegmentedRaftLogWorker.java:execute(574)) - f61324bf-0d30-426d-9f8b-a2c367abb8e0@group-87FD7415BD81-SegmentedRaftLogWorker: created new log segment /workdir/hadoop-ozone/integration-test/target/test-dir/MiniOzoneClusterImpl-a2d53b8a-6fb3-402b-9a89-497566b34bb7/datanode-2/data/ratis/a56751c3-a409-4814-837a-87fd7415bd81/current/log_inprogress_0
2019-10-02 16:26:48,409 [grpc-default-executor-5] INFO  impl.RaftServerImpl (ServerState.java:setRaftConf(356)) - d2f361d7-c523-4cac-a877-78988edeee2d@group-87FD7415BD81: set configuration 0: [d2f361d7-c523-4cac-a877-78988edeee2d:192.168.164.216:46474, f61324bf-0d30-426d-9f8b-a2c367abb8e0:192.168.164.216:36938, 0b8f0ac0-9a6f-4054-9320-ff8d6bd8e7a9:192.168.164.216:46522], old=null at 0
2019-10-02 16:26:48,409 [grpc-default-executor-2] INFO  impl.RaftServerImpl (ServerState.java:setRaftConf(356)) - 0b8f0ac0-9a6f-4054-9320-ff8d6bd8e7a9@group-87FD7415BD81: set configuration 0: [d2f361d7-c523-4cac-a877-78988edeee2d:192.168.164.216:46474, f61324bf-0d30-426d-9f8b-a2c367abb8e0:192.168.164.216:36938, 0b8f0ac0-9a6f-4054-9320-ff8d6bd8e7a9:192.168.164.216:46522], old=null at 0
2019-10-02 16:26:48,410 [grpc-default-executor-5] INFO  segmented.SegmentedRaftLogWorker (SegmentedRaftLogWorker.java:startLogSegment(385)) - d2f361d7-c523-4cac-a877-78988edeee2d@group-87FD7415BD81-SegmentedRaftLogWorker: Starting segment from index:0
2019-10-02 16:26:48,410 [grpc-default-executor-2] INFO  segmented.SegmentedRaftLogWorker (SegmentedRaftLogWorker.java:startLogSegment(385)) - 0b8f0ac0-9a6f-4054-9320-ff8d6bd8e7a9@group-87FD7415BD81-SegmentedRaftLogWorker: Starting segment from index:0
2019-10-02 16:26:48,412 [f61324bf-0d30-426d-9f8b-a2c367abb8e0@group-D84E0F466ADF-LeaderElection109] INFO  impl.LeaderElection (LeaderElection.java:askForVotes(178)) - f61324bf-0d30-426d-9f8b-a2c367abb8e0@group-D84E0F466ADF-LeaderElection109: begin an election at term 1 for -1: [f61324bf-0d30-426d-9f8b-a2c367abb8e0:192.168.164.216:36938], old=null
2019-10-02 16:26:48,412 [f61324bf-0d30-426d-9f8b-a2c367abb8e0@group-D84E0F466ADF-LeaderElection109] INFO  impl.RoleInfo (RoleInfo.java:shutdownLeaderElection(134)) - f61324bf-0d30-426d-9f8b-a2c367abb8e0: shutdown LeaderElection
2019-10-02 16:26:48,412 [f61324bf-0d30-426d-9f8b-a2c367abb8e0@group-D84E0F466ADF-LeaderElection109] INFO  impl.RaftServerImpl (RaftServerImpl.java:setRole(170)) - f61324bf-0d30-426d-9f8b-a2c367abb8e0@group-D84E0F466ADF: changes role from CANDIDATE to LEADER at term 1 for changeToLeader
2019-10-02 16:26:48,412 [f61324bf-0d30-426d-9f8b-a2c367abb8e0@group-D84E0F466ADF-LeaderElection109] INFO  impl.RaftServerImpl (ServerState.java:setLeader(255)) - f61324bf-0d30-426d-9f8b-a2c367abb8e0@group-D84E0F466ADF: change Leader from null to f61324bf-0d30-426d-9f8b-a2c367abb8e0 at term 1 for becomeLeader, leader elected after 5187ms
2019-10-02 16:26:48,412 [f61324bf-0d30-426d-9f8b-a2c367abb8e0@group-D84E0F466ADF-LeaderElection109] INFO  server.RaftServerConfigKeys (ConfUtils.java:logGet(43)) - raft.server.staging.catchup.gap = 1000 (default)
2019-10-02 16:26:48,413 [f61324bf-0d30-426d-9f8b-a2c367abb8e0@group-D84E0F466ADF-LeaderElection109] INFO  server.RaftServerConfigKeys (ConfUtils.java:logGet(43)) - raft.server.rpc.sleep.time = 25ms (default)
2019-10-02 16:26:48,413 [f61324bf-0d30-426d-9f8b-a2c367abb8e0@group-D84E0F466ADF-LeaderElection109] INFO  server.RaftServerConfigKeys (ConfUtils.java:logGet(43)) - raft.server.write.element-limit = 4096 (default)
2019-10-02 16:26:48,413 [f61324bf-0d30-426d-9f8b-a2c367abb8e0@group-D84E0F466ADF-LeaderElection109] INFO  server.RaftServerConfigKeys (ConfUtils.java:logGet(43)) - raft.server.watch.timeout = 10s (default)
2019-10-02 16:26:48,413 [f61324bf-0d30-426d-9f8b-a2c367abb8e0@group-D84E0F466ADF-LeaderElection109] INFO  server.RaftServerConfigKeys (ConfUtils.java:logGet(43)) - raft.server.watch.timeout.denomination = 1s (default)
2019-10-02 16:26:48,413 [f61324bf-0d30-426d-9f8b-a2c367abb8e0@group-D84E0F466ADF-LeaderElection109] INFO  server.RaftServerConfigKeys (ConfUtils.java:logGet(43)) - raft.server.watch.element-limit = 65536 (default)
2019-10-02 16:26:48,414 [f61324bf-0d30-426d-9f8b-a2c367abb8e0@group-D84E0F466ADF-LeaderElection109] INFO  impl.RoleInfo (RoleInfo.java:updateAndGet(143)) - f61324bf-0d30-426d-9f8b-a2c367abb8e0: start LeaderState
2019-10-02 16:26:48,414 [f61324bf-0d30-426d-9f8b-a2c367abb8e0@group-D84E0F466ADF-LeaderElection109] INFO  segmented.SegmentedRaftLogWorker (SegmentedRaftLogWorker.java:startLogSegment(385)) - f61324bf-0d30-426d-9f8b-a2c367abb8e0@group-D84E0F466ADF-SegmentedRaftLogWorker: Starting segment from index:0
2019-10-02 16:26:48,414 [f61324bf-0d30-426d-9f8b-a2c367abb8e0@group-D84E0F466ADF-LeaderElection109] INFO  impl.RaftServerImpl (ServerState.java:setRaftConf(356)) - f61324bf-0d30-426d-9f8b-a2c367abb8e0@group-D84E0F466ADF: set configuration 0: [f61324bf-0d30-426d-9f8b-a2c367abb8e0:192.168.164.216:36938], old=null at 0
2019-10-02 16:26:48,446 [0b8f0ac0-9a6f-4054-9320-ff8d6bd8e7a9@group-87FD7415BD81-SegmentedRaftLogWorker] INFO  segmented.SegmentedRaftLogWorker (SegmentedRaftLogWorker.java:execute(574)) - 0b8f0ac0-9a6f-4054-9320-ff8d6bd8e7a9@group-87FD7415BD81-SegmentedRaftLogWorker: created new log segment /workdir/hadoop-ozone/integration-test/target/test-dir/MiniOzoneClusterImpl-a2d53b8a-6fb3-402b-9a89-497566b34bb7/datanode-0/data/ratis/a56751c3-a409-4814-837a-87fd7415bd81/current/log_inprogress_0
2019-10-02 16:26:48,446 [d2f361d7-c523-4cac-a877-78988edeee2d@group-87FD7415BD81-SegmentedRaftLogWorker] INFO  segmented.SegmentedRaftLogWorker (SegmentedRaftLogWorker.java:execute(574)) - d2f361d7-c523-4cac-a877-78988edeee2d@group-87FD7415BD81-SegmentedRaftLogWorker: created new log segment /workdir/hadoop-ozone/integration-test/target/test-dir/MiniOzoneClusterImpl-a2d53b8a-6fb3-402b-9a89-497566b34bb7/datanode-1/data/ratis/a56751c3-a409-4814-837a-87fd7415bd81/current/log_inprogress_0
2019-10-02 16:26:48,446 [f61324bf-0d30-426d-9f8b-a2c367abb8e0@group-D84E0F466ADF-SegmentedRaftLogWorker] INFO  segmented.SegmentedRaftLogWorker (SegmentedRaftLogWorker.java:execute(574)) - f61324bf-0d30-426d-9f8b-a2c367abb8e0@group-D84E0F466ADF-SegmentedRaftLogWorker: created new log segment /workdir/hadoop-ozone/integration-test/target/test-dir/MiniOzoneClusterImpl-a2d53b8a-6fb3-402b-9a89-497566b34bb7/datanode-2/data/ratis/65a85b3d-54bd-48a9-be84-d84e0f466adf/current/log_inprogress_0
2019-10-02 16:26:48,487 [Thread-2675] INFO  impl.FollowerState (FollowerState.java:run(108)) - 2e329a19-caea-412f-8b17-aa656987860b@group-FDBBEC8135DD-FollowerState: change to CANDIDATE, lastRpcTime:5135ms, electionTimeout:5135ms
2019-10-02 16:26:48,487 [Thread-2675] INFO  impl.RoleInfo (RoleInfo.java:shutdownFollowerState(121)) - 2e329a19-caea-412f-8b17-aa656987860b: shutdown FollowerState
2019-10-02 16:26:48,487 [Thread-2675] INFO  impl.RaftServerImpl (RaftServerImpl.java:setRole(170)) - 2e329a19-caea-412f-8b17-aa656987860b@group-FDBBEC8135DD: changes role from  FOLLOWER to CANDIDATE at term 0 for changeToCandidate
2019-10-02 16:26:48,488 [Thread-2675] INFO  impl.RoleInfo (RoleInfo.java:updateAndGet(143)) - 2e329a19-caea-412f-8b17-aa656987860b: start LeaderElection
2019-10-02 16:26:48,510 [2e329a19-caea-412f-8b17-aa656987860b@group-FDBBEC8135DD-LeaderElection110] INFO  impl.LeaderElection (LeaderElection.java:askForVotes(178)) - 2e329a19-caea-412f-8b17-aa656987860b@group-FDBBEC8135DD-LeaderElection110: begin an election at term 1 for -1: [2e329a19-caea-412f-8b17-aa656987860b:192.168.164.216:43255], old=null
2019-10-02 16:26:48,510 [2e329a19-caea-412f-8b17-aa656987860b@group-FDBBEC8135DD-LeaderElection110] INFO  impl.RoleInfo (RoleInfo.java:shutdownLeaderElection(134)) - 2e329a19-caea-412f-8b17-aa656987860b: shutdown LeaderElection
2019-10-02 16:26:48,510 [2e329a19-caea-412f-8b17-aa656987860b@group-FDBBEC8135DD-LeaderElection110] INFO  impl.RaftServerImpl (RaftServerImpl.java:setRole(170)) - 2e329a19-caea-412f-8b17-aa656987860b@group-FDBBEC8135DD: changes role from CANDIDATE to LEADER at term 1 for changeToLeader
2019-10-02 16:26:48,510 [2e329a19-caea-412f-8b17-aa656987860b@group-FDBBEC8135DD-LeaderElection110] INFO  impl.RaftServerImpl (ServerState.java:setLeader(255)) - 2e329a19-caea-412f-8b17-aa656987860b@group-FDBBEC8135DD: change Leader from null to 2e329a19-caea-412f-8b17-aa656987860b at term 1 for becomeLeader, leader elected after 5162ms
2019-10-02 16:26:48,510 [2e329a19-caea-412f-8b17-aa656987860b@group-FDBBEC8135DD-LeaderElection110] INFO  server.RaftServerConfigKeys (ConfUtils.java:logGet(43)) - raft.server.staging.catchup.gap = 1000 (default)
2019-10-02 16:26:48,510 [2e329a19-caea-412f-8b17-aa656987860b@group-FDBBEC8135DD-LeaderElection110] INFO  server.RaftServerConfigKeys (ConfUtils.java:logGet(43)) - raft.server.rpc.sleep.time = 25ms (default)
2019-10-02 16:26:48,510 [2e329a19-caea-412f-8b17-aa656987860b@group-FDBBEC8135DD-LeaderElection110] INFO  server.RaftServerConfigKeys (ConfUtils.java:logGet(43)) - raft.server.write.element-limit = 4096 (default)
2019-10-02 16:26:48,510 [2e329a19-caea-412f-8b17-aa656987860b@group-FDBBEC8135DD-LeaderElection110] INFO  server.RaftServerConfigKeys (ConfUtils.java:logGet(43)) - raft.server.watch.timeout = 10s (default)
2019-10-02 16:26:48,511 [2e329a19-caea-412f-8b17-aa656987860b@group-FDBBEC8135DD-LeaderElection110] INFO  server.RaftServerConfigKeys (ConfUtils.java:logGet(43)) - raft.server.watch.timeout.denomination = 1s (default)
2019-10-02 16:26:48,511 [2e329a19-caea-412f-8b17-aa656987860b@group-FDBBEC8135DD-LeaderElection110] INFO  server.RaftServerConfigKeys (ConfUtils.java:logGet(43)) - raft.server.watch.element-limit = 65536 (default)
2019-10-02 16:26:48,512 [2e329a19-caea-412f-8b17-aa656987860b@group-FDBBEC8135DD-LeaderElection110] INFO  impl.RoleInfo (RoleInfo.java:updateAndGet(143)) - 2e329a19-caea-412f-8b17-aa656987860b: start LeaderState
2019-10-02 16:26:48,512 [2e329a19-caea-412f-8b17-aa656987860b@group-FDBBEC8135DD-LeaderElection110] INFO  segmented.SegmentedRaftLogWorker (SegmentedRaftLogWorker.java:startLogSegment(385)) - 2e329a19-caea-412f-8b17-aa656987860b@group-FDBBEC8135DD-SegmentedRaftLogWorker: Starting segment from index:0
2019-10-02 16:26:48,512 [2e329a19-caea-412f-8b17-aa656987860b@group-FDBBEC8135DD-LeaderElection110] INFO  impl.RaftServerImpl (ServerState.java:setRaftConf(356)) - 2e329a19-caea-412f-8b17-aa656987860b@group-FDBBEC8135DD: set configuration 0: [2e329a19-caea-412f-8b17-aa656987860b:192.168.164.216:43255], old=null at 0
2019-10-02 16:26:48,522 [Thread-2678] INFO  impl.FollowerState (FollowerState.java:run(108)) - b4e9e6ca-bc1f-4e7b-85f8-b36668cef29e@group-0CAC6CE006A2-FollowerState: change to CANDIDATE, lastRpcTime:5049ms, electionTimeout:5049ms
2019-10-02 16:26:48,522 [Thread-2678] INFO  impl.RoleInfo (RoleInfo.java:shutdownFollowerState(121)) - b4e9e6ca-bc1f-4e7b-85f8-b36668cef29e: shutdown FollowerState
2019-10-02 16:26:48,522 [Thread-2678] INFO  impl.RaftServerImpl (RaftServerImpl.java:setRole(170)) - b4e9e6ca-bc1f-4e7b-85f8-b36668cef29e@group-0CAC6CE006A2: changes role from  FOLLOWER to CANDIDATE at term 0 for changeToCandidate
2019-10-02 16:26:48,522 [Thread-2678] INFO  impl.RoleInfo (RoleInfo.java:updateAndGet(143)) - b4e9e6ca-bc1f-4e7b-85f8-b36668cef29e: start LeaderElection
2019-10-02 16:26:48,552 [2e329a19-caea-412f-8b17-aa656987860b@group-FDBBEC8135DD-SegmentedRaftLogWorker] INFO  segmented.SegmentedRaftLogWorker (SegmentedRaftLogWorker.java:execute(574)) - 2e329a19-caea-412f-8b17-aa656987860b@group-FDBBEC8135DD-SegmentedRaftLogWorker: created new log segment /workdir/hadoop-ozone/integration-test/target/test-dir/MiniOzoneClusterImpl-a2d53b8a-6fb3-402b-9a89-497566b34bb7/datanode-3/data/ratis/b66bc6e4-6cca-49df-8c8d-fdbbec8135dd/current/log_inprogress_0
2019-10-02 16:26:48,552 [b4e9e6ca-bc1f-4e7b-85f8-b36668cef29e@group-0CAC6CE006A2-LeaderElection111] INFO  impl.LeaderElection (LeaderElection.java:askForVotes(178)) - b4e9e6ca-bc1f-4e7b-85f8-b36668cef29e@group-0CAC6CE006A2-LeaderElection111: begin an election at term 1 for -1: [b4e9e6ca-bc1f-4e7b-85f8-b36668cef29e:192.168.164.216:46881], old=null
2019-10-02 16:26:48,552 [b4e9e6ca-bc1f-4e7b-85f8-b36668cef29e@group-0CAC6CE006A2-LeaderElection111] INFO  impl.RoleInfo (RoleInfo.java:shutdownLeaderElection(134)) - b4e9e6ca-bc1f-4e7b-85f8-b36668cef29e: shutdown LeaderElection
2019-10-02 16:26:48,552 [b4e9e6ca-bc1f-4e7b-85f8-b36668cef29e@group-0CAC6CE006A2-LeaderElection111] INFO  impl.RaftServerImpl (RaftServerImpl.java:setRole(170)) - b4e9e6ca-bc1f-4e7b-85f8-b36668cef29e@group-0CAC6CE006A2: changes role from CANDIDATE to LEADER at term 1 for changeToLeader
2019-10-02 16:26:48,553 [b4e9e6ca-bc1f-4e7b-85f8-b36668cef29e@group-0CAC6CE006A2-LeaderElection111] INFO  impl.RaftServerImpl (ServerState.java:setLeader(255)) - b4e9e6ca-bc1f-4e7b-85f8-b36668cef29e@group-0CAC6CE006A2: change Leader from null to b4e9e6ca-bc1f-4e7b-85f8-b36668cef29e at term 1 for becomeLeader, leader elected after 5087ms
2019-10-02 16:26:48,553 [b4e9e6ca-bc1f-4e7b-85f8-b36668cef29e@group-0CAC6CE006A2-LeaderElection111] INFO  server.RaftServerConfigKeys (ConfUtils.java:logGet(43)) - raft.server.staging.catchup.gap = 1000 (default)
2019-10-02 16:26:48,553 [b4e9e6ca-bc1f-4e7b-85f8-b36668cef29e@group-0CAC6CE006A2-LeaderElection111] INFO  server.RaftServerConfigKeys (ConfUtils.java:logGet(43)) - raft.server.rpc.sleep.time = 25ms (default)
2019-10-02 16:26:48,553 [b4e9e6ca-bc1f-4e7b-85f8-b36668cef29e@group-0CAC6CE006A2-LeaderElection111] INFO  server.RaftServerConfigKeys (ConfUtils.java:logGet(43)) - raft.server.write.element-limit = 4096 (default)
2019-10-02 16:26:48,553 [b4e9e6ca-bc1f-4e7b-85f8-b36668cef29e@group-0CAC6CE006A2-LeaderElection111] INFO  server.RaftServerConfigKeys (ConfUtils.java:logGet(43)) - raft.server.watch.timeout = 10s (default)
2019-10-02 16:26:48,553 [b4e9e6ca-bc1f-4e7b-85f8-b36668cef29e@group-0CAC6CE006A2-LeaderElection111] INFO  server.RaftServerConfigKeys (ConfUtils.java:logGet(43)) - raft.server.watch.timeout.denomination = 1s (default)
2019-10-02 16:26:48,553 [b4e9e6ca-bc1f-4e7b-85f8-b36668cef29e@group-0CAC6CE006A2-LeaderElection111] INFO  server.RaftServerConfigKeys (ConfUtils.java:logGet(43)) - raft.server.watch.element-limit = 65536 (default)
2019-10-02 16:26:48,555 [b4e9e6ca-bc1f-4e7b-85f8-b36668cef29e@group-0CAC6CE006A2-LeaderElection111] INFO  impl.RoleInfo (RoleInfo.java:updateAndGet(143)) - b4e9e6ca-bc1f-4e7b-85f8-b36668cef29e: start LeaderState
2019-10-02 16:26:48,555 [b4e9e6ca-bc1f-4e7b-85f8-b36668cef29e@group-0CAC6CE006A2-LeaderElection111] INFO  segmented.SegmentedRaftLogWorker (SegmentedRaftLogWorker.java:startLogSegment(385)) - b4e9e6ca-bc1f-4e7b-85f8-b36668cef29e@group-0CAC6CE006A2-SegmentedRaftLogWorker: Starting segment from index:0
2019-10-02 16:26:48,555 [b4e9e6ca-bc1f-4e7b-85f8-b36668cef29e@group-0CAC6CE006A2-LeaderElection111] INFO  impl.RaftServerImpl (ServerState.java:setRaftConf(356)) - b4e9e6ca-bc1f-4e7b-85f8-b36668cef29e@group-0CAC6CE006A2: set configuration 0: [b4e9e6ca-bc1f-4e7b-85f8-b36668cef29e:192.168.164.216:46881], old=null at 0
2019-10-02 16:26:48,589 [b4e9e6ca-bc1f-4e7b-85f8-b36668cef29e@group-0CAC6CE006A2-SegmentedRaftLogWorker] INFO  segmented.SegmentedRaftLogWorker (SegmentedRaftLogWorker.java:execute(574)) - b4e9e6ca-bc1f-4e7b-85f8-b36668cef29e@group-0CAC6CE006A2-SegmentedRaftLogWorker: created new log segment /workdir/hadoop-ozone/integration-test/target/test-dir/MiniOzoneClusterImpl-a2d53b8a-6fb3-402b-9a89-497566b34bb7/datanode-4/data/ratis/cf1ae958-33cb-4b92-91a8-0cac6ce006a2/current/log_inprogress_0
2019-10-02 16:26:48,699 [Thread-2686] INFO  impl.FollowerState (FollowerState.java:run(108)) - 2e329a19-caea-412f-8b17-aa656987860b@group-145EDF790021-FollowerState: change to CANDIDATE, lastRpcTime:5012ms, electionTimeout:5012ms
2019-10-02 16:26:48,699 [Thread-2686] INFO  impl.RoleInfo (RoleInfo.java:shutdownFollowerState(121)) - 2e329a19-caea-412f-8b17-aa656987860b: shutdown FollowerState
2019-10-02 16:26:48,699 [Thread-2686] INFO  impl.RaftServerImpl (RaftServerImpl.java:setRole(170)) - 2e329a19-caea-412f-8b17-aa656987860b@group-145EDF790021: changes role from  FOLLOWER to CANDIDATE at term 0 for changeToCandidate
2019-10-02 16:26:48,699 [Thread-2686] INFO  impl.RoleInfo (RoleInfo.java:updateAndGet(143)) - 2e329a19-caea-412f-8b17-aa656987860b: start LeaderElection
2019-10-02 16:26:48,728 [2e329a19-caea-412f-8b17-aa656987860b@group-145EDF790021-LeaderElection112] INFO  impl.LeaderElection (LeaderElection.java:askForVotes(178)) - 2e329a19-caea-412f-8b17-aa656987860b@group-145EDF790021-LeaderElection112: begin an election at term 1 for -1: [73e429e0-4993-4475-b088-97869827ad74:192.168.164.216:35370, 2e329a19-caea-412f-8b17-aa656987860b:192.168.164.216:43255, b4e9e6ca-bc1f-4e7b-85f8-b36668cef29e:192.168.164.216:46881], old=null
2019-10-02 16:26:48,742 [grpc-default-executor-2] INFO  impl.RaftServerImpl (RaftServerImpl.java:setRole(170)) - 73e429e0-4993-4475-b088-97869827ad74@group-145EDF790021: changes role from  FOLLOWER to FOLLOWER at term 1 for recognizeCandidate:2e329a19-caea-412f-8b17-aa656987860b
2019-10-02 16:26:48,742 [grpc-default-executor-5] INFO  impl.RaftServerImpl (RaftServerImpl.java:setRole(170)) - b4e9e6ca-bc1f-4e7b-85f8-b36668cef29e@group-145EDF790021: changes role from  FOLLOWER to FOLLOWER at term 1 for recognizeCandidate:2e329a19-caea-412f-8b17-aa656987860b
2019-10-02 16:26:48,742 [grpc-default-executor-2] INFO  impl.RoleInfo (RoleInfo.java:shutdownFollowerState(121)) - 73e429e0-4993-4475-b088-97869827ad74: shutdown FollowerState
2019-10-02 16:26:48,742 [grpc-default-executor-5] INFO  impl.RoleInfo (RoleInfo.java:shutdownFollowerState(121)) - b4e9e6ca-bc1f-4e7b-85f8-b36668cef29e: shutdown FollowerState
2019-10-02 16:26:48,742 [grpc-default-executor-2] INFO  impl.RoleInfo (RoleInfo.java:updateAndGet(143)) - 73e429e0-4993-4475-b088-97869827ad74: start FollowerState
2019-10-02 16:26:48,743 [Thread-2691] INFO  impl.FollowerState (FollowerState.java:run(117)) - b4e9e6ca-bc1f-4e7b-85f8-b36668cef29e@group-145EDF790021-FollowerState was interrupted: java.lang.InterruptedException: sleep interrupted
2019-10-02 16:26:48,743 [Thread-2690] INFO  impl.FollowerState (FollowerState.java:run(117)) - 73e429e0-4993-4475-b088-97869827ad74@group-145EDF790021-FollowerState was interrupted: java.lang.InterruptedException: sleep interrupted
2019-10-02 16:26:48,742 [grpc-default-executor-5] INFO  impl.RoleInfo (RoleInfo.java:updateAndGet(143)) - b4e9e6ca-bc1f-4e7b-85f8-b36668cef29e: start FollowerState
2019-10-02 16:26:48,752 [Thread-2681] INFO  impl.FollowerState (FollowerState.java:run(108)) - 73e429e0-4993-4475-b088-97869827ad74@group-ECBB1CFC264C-FollowerState: change to CANDIDATE, lastRpcTime:5162ms, electionTimeout:5153ms
2019-10-02 16:26:48,752 [Thread-2681] INFO  impl.RoleInfo (RoleInfo.java:shutdownFollowerState(121)) - 73e429e0-4993-4475-b088-97869827ad74: shutdown FollowerState
2019-10-02 16:26:48,753 [Thread-2681] INFO  impl.RaftServerImpl (RaftServerImpl.java:setRole(170)) - 73e429e0-4993-4475-b088-97869827ad74@group-ECBB1CFC264C: changes role from  FOLLOWER to CANDIDATE at term 0 for changeToCandidate
2019-10-02 16:26:48,753 [Thread-2681] INFO  impl.RoleInfo (RoleInfo.java:updateAndGet(143)) - 73e429e0-4993-4475-b088-97869827ad74: start LeaderElection
2019-10-02 16:26:48,765 [73e429e0-4993-4475-b088-97869827ad74@group-ECBB1CFC264C-LeaderElection113] INFO  impl.LeaderElection (LeaderElection.java:askForVotes(178)) - 73e429e0-4993-4475-b088-97869827ad74@group-ECBB1CFC264C-LeaderElection113: begin an election at term 1 for -1: [73e429e0-4993-4475-b088-97869827ad74:192.168.164.216:35370], old=null
2019-10-02 16:26:48,766 [73e429e0-4993-4475-b088-97869827ad74@group-ECBB1CFC264C-LeaderElection113] INFO  impl.RoleInfo (RoleInfo.java:shutdownLeaderElection(134)) - 73e429e0-4993-4475-b088-97869827ad74: shutdown LeaderElection
2019-10-02 16:26:48,766 [73e429e0-4993-4475-b088-97869827ad74@group-ECBB1CFC264C-LeaderElection113] INFO  impl.RaftServerImpl (RaftServerImpl.java:setRole(170)) - 73e429e0-4993-4475-b088-97869827ad74@group-ECBB1CFC264C: changes role from CANDIDATE to LEADER at term 1 for changeToLeader
2019-10-02 16:26:48,766 [73e429e0-4993-4475-b088-97869827ad74@group-ECBB1CFC264C-LeaderElection113] INFO  impl.RaftServerImpl (ServerState.java:setLeader(255)) - 73e429e0-4993-4475-b088-97869827ad74@group-ECBB1CFC264C: change Leader from null to 73e429e0-4993-4475-b088-97869827ad74 at term 1 for becomeLeader, leader elected after 5182ms
2019-10-02 16:26:48,766 [73e429e0-4993-4475-b088-97869827ad74@group-ECBB1CFC264C-LeaderElection113] INFO  server.RaftServerConfigKeys (ConfUtils.java:logGet(43)) - raft.server.staging.catchup.gap = 1000 (default)
2019-10-02 16:26:48,766 [2e329a19-caea-412f-8b17-aa656987860b@group-145EDF790021-LeaderElection112] INFO  impl.LeaderElection (LeaderElection.java:logAndReturn(56)) - 2e329a19-caea-412f-8b17-aa656987860b@group-145EDF790021-LeaderElection112: Election PASSED; received 1 response(s) [2e329a19-caea-412f-8b17-aa656987860b<-73e429e0-4993-4475-b088-97869827ad74#0:OK-t1] and 0 exception(s); 2e329a19-caea-412f-8b17-aa656987860b@group-145EDF790021:t1, leader=null, voted=2e329a19-caea-412f-8b17-aa656987860b, raftlog=2e329a19-caea-412f-8b17-aa656987860b@group-145EDF790021-SegmentedRaftLog:OPENED:c-1,f-1,i0, conf=-1: [73e429e0-4993-4475-b088-97869827ad74:192.168.164.216:35370, 2e329a19-caea-412f-8b17-aa656987860b:192.168.164.216:43255, b4e9e6ca-bc1f-4e7b-85f8-b36668cef29e:192.168.164.216:46881], old=null
2019-10-02 16:26:48,766 [73e429e0-4993-4475-b088-97869827ad74@group-ECBB1CFC264C-LeaderElection113] INFO  server.RaftServerConfigKeys (ConfUtils.java:logGet(43)) - raft.server.rpc.sleep.time = 25ms (default)
2019-10-02 16:26:48,767 [2e329a19-caea-412f-8b17-aa656987860b@group-145EDF790021-LeaderElection112] INFO  impl.RoleInfo (RoleInfo.java:shutdownLeaderElection(134)) - 2e329a19-caea-412f-8b17-aa656987860b: shutdown LeaderElection
2019-10-02 16:26:48,767 [73e429e0-4993-4475-b088-97869827ad74@group-ECBB1CFC264C-LeaderElection113] INFO  server.RaftServerConfigKeys (ConfUtils.java:logGet(43)) - raft.server.write.element-limit = 4096 (default)
2019-10-02 16:26:48,767 [2e329a19-caea-412f-8b17-aa656987860b@group-145EDF790021-LeaderElection112] INFO  impl.RaftServerImpl (RaftServerImpl.java:setRole(170)) - 2e329a19-caea-412f-8b17-aa656987860b@group-145EDF790021: changes role from CANDIDATE to LEADER at term 1 for changeToLeader
2019-10-02 16:26:48,767 [73e429e0-4993-4475-b088-97869827ad74@group-ECBB1CFC264C-LeaderElection113] INFO  server.RaftServerConfigKeys (ConfUtils.java:logGet(43)) - raft.server.watch.timeout = 10s (default)
2019-10-02 16:26:48,767 [2e329a19-caea-412f-8b17-aa656987860b@group-145EDF790021-LeaderElection112] INFO  impl.RaftServerImpl (ServerState.java:setLeader(255)) - 2e329a19-caea-412f-8b17-aa656987860b@group-145EDF790021: change Leader from null to 2e329a19-caea-412f-8b17-aa656987860b at term 1 for becomeLeader, leader elected after 5105ms
2019-10-02 16:26:48,767 [73e429e0-4993-4475-b088-97869827ad74@group-ECBB1CFC264C-LeaderElection113] INFO  server.RaftServerConfigKeys (ConfUtils.java:logGet(43)) - raft.server.watch.timeout.denomination = 1s (default)
2019-10-02 16:26:48,767 [2e329a19-caea-412f-8b17-aa656987860b@group-145EDF790021-LeaderElection112] INFO  server.RaftServerConfigKeys (ConfUtils.java:logGet(43)) - raft.server.staging.catchup.gap = 1000 (default)
2019-10-02 16:26:48,767 [73e429e0-4993-4475-b088-97869827ad74@group-ECBB1CFC264C-LeaderElection113] INFO  server.RaftServerConfigKeys (ConfUtils.java:logGet(43)) - raft.server.watch.element-limit = 65536 (default)
2019-10-02 16:26:48,768 [2e329a19-caea-412f-8b17-aa656987860b@group-145EDF790021-LeaderElection112] INFO  server.RaftServerConfigKeys (ConfUtils.java:logGet(43)) - raft.server.rpc.sleep.time = 25ms (default)
2019-10-02 16:26:48,768 [2e329a19-caea-412f-8b17-aa656987860b@group-145EDF790021-LeaderElection112] INFO  server.RaftServerConfigKeys (ConfUtils.java:logGet(43)) - raft.server.write.element-limit = 4096 (default)
2019-10-02 16:26:48,768 [2e329a19-caea-412f-8b17-aa656987860b@group-145EDF790021-LeaderElection112] INFO  server.RaftServerConfigKeys (ConfUtils.java:logGet(43)) - raft.server.watch.timeout = 10s (default)
2019-10-02 16:26:48,768 [2e329a19-caea-412f-8b17-aa656987860b@group-145EDF790021-LeaderElection112] INFO  server.RaftServerConfigKeys (ConfUtils.java:logGet(43)) - raft.server.watch.timeout.denomination = 1s (default)
2019-10-02 16:26:48,769 [2e329a19-caea-412f-8b17-aa656987860b@group-145EDF790021-LeaderElection112] INFO  server.RaftServerConfigKeys (ConfUtils.java:logGet(43)) - raft.server.watch.element-limit = 65536 (default)
2019-10-02 16:26:48,771 [73e429e0-4993-4475-b088-97869827ad74@group-ECBB1CFC264C-LeaderElection113] INFO  impl.RoleInfo (RoleInfo.java:updateAndGet(143)) - 73e429e0-4993-4475-b088-97869827ad74: start LeaderState
2019-10-02 16:26:48,771 [73e429e0-4993-4475-b088-97869827ad74@group-ECBB1CFC264C-LeaderElection113] INFO  segmented.SegmentedRaftLogWorker (SegmentedRaftLogWorker.java:startLogSegment(385)) - 73e429e0-4993-4475-b088-97869827ad74@group-ECBB1CFC264C-SegmentedRaftLogWorker: Starting segment from index:0
2019-10-02 16:26:48,772 [73e429e0-4993-4475-b088-97869827ad74@group-ECBB1CFC264C-LeaderElection113] INFO  impl.RaftServerImpl (ServerState.java:setRaftConf(356)) - 73e429e0-4993-4475-b088-97869827ad74@group-ECBB1CFC264C: set configuration 0: [73e429e0-4993-4475-b088-97869827ad74:192.168.164.216:35370], old=null at 0
2019-10-02 16:26:48,772 [2e329a19-caea-412f-8b17-aa656987860b@group-145EDF790021-LeaderElection112] INFO  server.RaftServerConfigKeys (ConfUtils.java:logGet(43)) - raft.server.log.appender.snapshot.chunk.size.max = 16MB (=16777216) (default)
2019-10-02 16:26:48,772 [2e329a19-caea-412f-8b17-aa656987860b@group-145EDF790021-LeaderElection112] INFO  server.RaftServerConfigKeys (ConfUtils.java:logGet(43)) - raft.server.log.appender.buffer.byte-limit = 33554432 (custom)
2019-10-02 16:26:48,772 [2e329a19-caea-412f-8b17-aa656987860b@group-145EDF790021-LeaderElection112] INFO  server.RaftServerConfigKeys (ConfUtils.java:logGet(43)) - raft.server.log.appender.buffer.element-limit = 1 (custom)
2019-10-02 16:26:48,773 [2e329a19-caea-412f-8b17-aa656987860b@group-145EDF790021-LeaderElection112] INFO  grpc.GrpcConfigKeys$Server (ConfUtils.java:logGet(43)) - raft.grpc.server.leader.outstanding.appends.max = 128 (default)
2019-10-02 16:26:48,773 [2e329a19-caea-412f-8b17-aa656987860b@group-145EDF790021-LeaderElection112] INFO  server.RaftServerConfigKeys (ConfUtils.java:logGet(43)) - raft.server.rpc.request.timeout = 3000ms (default)
2019-10-02 16:26:48,773 [2e329a19-caea-412f-8b17-aa656987860b@group-145EDF790021-LeaderElection112] INFO  server.RaftServerConfigKeys (ConfUtils.java:logGet(43)) - raft.server.log.appender.install.snapshot.enabled = false (custom)
2019-10-02 16:26:48,773 [2e329a19-caea-412f-8b17-aa656987860b@group-145EDF790021-LeaderElection112] INFO  server.RaftServerConfigKeys (ConfUtils.java:logGet(43)) - raft.server.log.appender.snapshot.chunk.size.max = 16MB (=16777216) (default)
2019-10-02 16:26:48,773 [2e329a19-caea-412f-8b17-aa656987860b@group-145EDF790021-LeaderElection112] INFO  server.RaftServerConfigKeys (ConfUtils.java:logGet(43)) - raft.server.log.appender.buffer.byte-limit = 33554432 (custom)
2019-10-02 16:26:48,774 [2e329a19-caea-412f-8b17-aa656987860b@group-145EDF790021-LeaderElection112] INFO  server.RaftServerConfigKeys (ConfUtils.java:logGet(43)) - raft.server.log.appender.buffer.element-limit = 1 (custom)
2019-10-02 16:26:48,774 [2e329a19-caea-412f-8b17-aa656987860b@group-145EDF790021-LeaderElection112] INFO  grpc.GrpcConfigKeys$Server (ConfUtils.java:logGet(43)) - raft.grpc.server.leader.outstanding.appends.max = 128 (default)
2019-10-02 16:26:48,774 [2e329a19-caea-412f-8b17-aa656987860b@group-145EDF790021-LeaderElection112] INFO  server.RaftServerConfigKeys (ConfUtils.java:logGet(43)) - raft.server.rpc.request.timeout = 3000ms (default)
2019-10-02 16:26:48,774 [2e329a19-caea-412f-8b17-aa656987860b@group-145EDF790021-LeaderElection112] INFO  server.RaftServerConfigKeys (ConfUtils.java:logGet(43)) - raft.server.log.appender.install.snapshot.enabled = false (custom)
2019-10-02 16:26:48,774 [2e329a19-caea-412f-8b17-aa656987860b@group-145EDF790021-LeaderElection112] INFO  impl.RoleInfo (RoleInfo.java:updateAndGet(143)) - 2e329a19-caea-412f-8b17-aa656987860b: start LeaderState
2019-10-02 16:26:48,774 [2e329a19-caea-412f-8b17-aa656987860b@group-145EDF790021-LeaderElection112] INFO  segmented.SegmentedRaftLogWorker (SegmentedRaftLogWorker.java:startLogSegment(385)) - 2e329a19-caea-412f-8b17-aa656987860b@group-145EDF790021-SegmentedRaftLogWorker: Starting segment from index:0
2019-10-02 16:26:48,775 [2e329a19-caea-412f-8b17-aa656987860b@group-145EDF790021-LeaderElection112] INFO  impl.RaftServerImpl (ServerState.java:setRaftConf(356)) - 2e329a19-caea-412f-8b17-aa656987860b@group-145EDF790021: set configuration 0: [73e429e0-4993-4475-b088-97869827ad74:192.168.164.216:35370, 2e329a19-caea-412f-8b17-aa656987860b:192.168.164.216:43255, b4e9e6ca-bc1f-4e7b-85f8-b36668cef29e:192.168.164.216:46881], old=null at 0
2019-10-02 16:26:48,808 [grpc-default-executor-5] INFO  impl.RaftServerImpl (ServerState.java:setLeader(255)) - 73e429e0-4993-4475-b088-97869827ad74@group-145EDF790021: change Leader from null to 2e329a19-caea-412f-8b17-aa656987860b at term 1 for appendEntries, leader elected after 5146ms
2019-10-02 16:26:48,809 [grpc-default-executor-5] INFO  impl.RaftServerImpl (ServerState.java:setLeader(255)) - b4e9e6ca-bc1f-4e7b-85f8-b36668cef29e@group-145EDF790021: change Leader from null to 2e329a19-caea-412f-8b17-aa656987860b at term 1 for appendEntries, leader elected after 5138ms
2019-10-02 16:26:48,814 [grpc-default-executor-5] INFO  impl.RaftServerImpl (ServerState.java:setRaftConf(356)) - 73e429e0-4993-4475-b088-97869827ad74@group-145EDF790021: set configuration 0: [73e429e0-4993-4475-b088-97869827ad74:192.168.164.216:35370, 2e329a19-caea-412f-8b17-aa656987860b:192.168.164.216:43255, b4e9e6ca-bc1f-4e7b-85f8-b36668cef29e:192.168.164.216:46881], old=null at 0
2019-10-02 16:26:48,815 [grpc-default-executor-2] INFO  impl.RaftServerImpl (ServerState.java:setRaftConf(356)) - b4e9e6ca-bc1f-4e7b-85f8-b36668cef29e@group-145EDF790021: set configuration 0: [73e429e0-4993-4475-b088-97869827ad74:192.168.164.216:35370, 2e329a19-caea-412f-8b17-aa656987860b:192.168.164.216:43255, b4e9e6ca-bc1f-4e7b-85f8-b36668cef29e:192.168.164.216:46881], old=null at 0
2019-10-02 16:26:48,815 [grpc-default-executor-5] INFO  segmented.SegmentedRaftLogWorker (SegmentedRaftLogWorker.java:startLogSegment(385)) - 73e429e0-4993-4475-b088-97869827ad74@group-145EDF790021-SegmentedRaftLogWorker: Starting segment from index:0
2019-10-02 16:26:48,815 [grpc-default-executor-2] INFO  segmented.SegmentedRaftLogWorker (SegmentedRaftLogWorker.java:startLogSegment(385)) - b4e9e6ca-bc1f-4e7b-85f8-b36668cef29e@group-145EDF790021-SegmentedRaftLogWorker: Starting segment from index:0
2019-10-02 16:26:48,821 [2e329a19-caea-412f-8b17-aa656987860b@group-145EDF790021-SegmentedRaftLogWorker] INFO  segmented.SegmentedRaftLogWorker (SegmentedRaftLogWorker.java:execute(574)) - 2e329a19-caea-412f-8b17-aa656987860b@group-145EDF790021-SegmentedRaftLogWorker: created new log segment /workdir/hadoop-ozone/integration-test/target/test-dir/MiniOzoneClusterImpl-a2d53b8a-6fb3-402b-9a89-497566b34bb7/datanode-3/data/ratis/8534ef27-b90c-4d6b-80d9-145edf790021/current/log_inprogress_0
2019-10-02 16:26:48,821 [73e429e0-4993-4475-b088-97869827ad74@group-ECBB1CFC264C-SegmentedRaftLogWorker] INFO  segmented.SegmentedRaftLogWorker (SegmentedRaftLogWorker.java:execute(574)) - 73e429e0-4993-4475-b088-97869827ad74@group-ECBB1CFC264C-SegmentedRaftLogWorker: created new log segment /workdir/hadoop-ozone/integration-test/target/test-dir/MiniOzoneClusterImpl-a2d53b8a-6fb3-402b-9a89-497566b34bb7/datanode-5/data/ratis/51a2e2c5-0dd0-4bcd-bdf3-ecbb1cfc264c/current/log_inprogress_0
2019-10-02 16:26:48,860 [b4e9e6ca-bc1f-4e7b-85f8-b36668cef29e@group-145EDF790021-SegmentedRaftLogWorker] INFO  segmented.SegmentedRaftLogWorker (SegmentedRaftLogWorker.java:execute(574)) - b4e9e6ca-bc1f-4e7b-85f8-b36668cef29e@group-145EDF790021-SegmentedRaftLogWorker: created new log segment /workdir/hadoop-ozone/integration-test/target/test-dir/MiniOzoneClusterImpl-a2d53b8a-6fb3-402b-9a89-497566b34bb7/datanode-4/data/ratis/8534ef27-b90c-4d6b-80d9-145edf790021/current/log_inprogress_0
2019-10-02 16:26:48,860 [73e429e0-4993-4475-b088-97869827ad74@group-145EDF790021-SegmentedRaftLogWorker] INFO  segmented.SegmentedRaftLogWorker (SegmentedRaftLogWorker.java:execute(574)) - 73e429e0-4993-4475-b088-97869827ad74@group-145EDF790021-SegmentedRaftLogWorker: created new log segment /workdir/hadoop-ozone/integration-test/target/test-dir/MiniOzoneClusterImpl-a2d53b8a-6fb3-402b-9a89-497566b34bb7/datanode-5/data/ratis/8534ef27-b90c-4d6b-80d9-145edf790021/current/log_inprogress_0
2019-10-02 16:26:50,038 [Datanode State Machine Thread - 0] INFO  statemachine.DatanodeStateMachine (DatanodeStateMachine.java:lambda$startDaemon$0(350)) - Ozone container server started.
2019-10-02 16:26:54,061 [main] INFO  ozoneimpl.OzoneContainer (OzoneContainer.java:stop(231)) - Attempting to stop container services.
2019-10-02 16:26:54,063 [main] INFO  impl.RaftServerProxy (RaftServerProxy.java:lambda$close$4(314)) - f61324bf-0d30-426d-9f8b-a2c367abb8e0: close
2019-10-02 16:26:54,064 [main] INFO  impl.RaftServerImpl (RaftServerImpl.java:lambda$shutdown$3(247)) - f61324bf-0d30-426d-9f8b-a2c367abb8e0@group-D84E0F466ADF: shutdown
2019-10-02 16:26:54,064 [ForkJoinPool.commonPool-worker-1] INFO  impl.RaftServerImpl (RaftServerImpl.java:lambda$shutdown$3(247)) - f61324bf-0d30-426d-9f8b-a2c367abb8e0@group-87FD7415BD81: shutdown
2019-10-02 16:26:54,064 [main] INFO  util.JmxRegister (JmxRegister.java:unregister(73)) - Successfully un-registered JMX Bean with object name Ratis:service=RaftServer,group=group-D84E0F466ADF,id=f61324bf-0d30-426d-9f8b-a2c367abb8e0
2019-10-02 16:26:54,064 [ForkJoinPool.commonPool-worker-1] INFO  util.JmxRegister (JmxRegister.java:unregister(73)) - Successfully un-registered JMX Bean with object name Ratis:service=RaftServer,group=group-87FD7415BD81,id=f61324bf-0d30-426d-9f8b-a2c367abb8e0
2019-10-02 16:26:54,065 [main] INFO  impl.RoleInfo (RoleInfo.java:shutdownLeaderState(104)) - f61324bf-0d30-426d-9f8b-a2c367abb8e0: shutdown LeaderState
2019-10-02 16:26:54,065 [ForkJoinPool.commonPool-worker-1] INFO  impl.RoleInfo (RoleInfo.java:shutdownLeaderState(104)) - f61324bf-0d30-426d-9f8b-a2c367abb8e0: shutdown LeaderState
2019-10-02 16:26:54,065 [main] INFO  impl.PendingRequests (PendingRequests.java:sendNotLeaderResponses(202)) - f61324bf-0d30-426d-9f8b-a2c367abb8e0@group-D84E0F466ADF-PendingRequests: sendNotLeaderResponses
2019-10-02 16:26:54,110 [ForkJoinPool.commonPool-worker-1] INFO  impl.PendingRequests (PendingRequests.java:sendNotLeaderResponses(202)) - f61324bf-0d30-426d-9f8b-a2c367abb8e0@group-87FD7415BD81-PendingRequests: sendNotLeaderResponses
2019-10-02 16:26:54,110 [org.apache.ratis.server.impl.LogAppender$AppenderDaemon$$Lambda$621/837448231@4c99243d] WARN  server.GrpcLogAppender (GrpcLogAppender.java:mayWait(143)) - f61324bf-0d30-426d-9f8b-a2c367abb8e0@group-87FD7415BD81->0b8f0ac0-9a6f-4054-9320-ff8d6bd8e7a9-GrpcLogAppender: Wait interrupted by java.lang.InterruptedException
2019-10-02 16:26:54,144 [main] INFO  impl.StateMachineUpdater (StateMachineUpdater.java:stopAndJoin(136)) - f61324bf-0d30-426d-9f8b-a2c367abb8e0@group-D84E0F466ADF-StateMachineUpdater: set stopIndex = 0
2019-10-02 16:26:54,149 [grpc-default-executor-5] INFO  server.GrpcServerProtocolService (GrpcServerProtocolService.java:onCompleted(113)) - 0b8f0ac0-9a6f-4054-9320-ff8d6bd8e7a9: Completed APPEND_ENTRIES, lastRequest: f61324bf-0d30-426d-9f8b-a2c367abb8e0->0b8f0ac0-9a6f-4054-9320-ff8d6bd8e7a9#5-t1, previous=(t:1, i:2), leaderCommit=2, initializing? false, entries: <empty>
2019-10-02 16:26:54,137 [f61324bf-0d30-426d-9f8b-a2c367abb8e0@group-87FD7415BD81-StateMachineUpdater] INFO  ratis.ContainerStateMachine (ContainerStateMachine.java:takeSnapshot(293)) - group-87FD7415BD81: Taking a snapshot at:(t:1, i:2) file /workdir/hadoop-ozone/integration-test/target/test-dir/MiniOzoneClusterImpl-a2d53b8a-6fb3-402b-9a89-497566b34bb7/datanode-2/data/ratis/a56751c3-a409-4814-837a-87fd7415bd81/sm/snapshot.1_2
2019-10-02 16:26:54,137 [org.apache.ratis.server.impl.LogAppender$AppenderDaemon$$Lambda$621/837448231@660a884b] WARN  server.GrpcLogAppender (GrpcLogAppender.java:mayWait(143)) - f61324bf-0d30-426d-9f8b-a2c367abb8e0@group-87FD7415BD81->d2f361d7-c523-4cac-a877-78988edeee2d-GrpcLogAppender: Wait interrupted by java.lang.InterruptedException
2019-10-02 16:26:54,137 [ForkJoinPool.commonPool-worker-1] INFO  impl.StateMachineUpdater (StateMachineUpdater.java:stopAndJoin(136)) - f61324bf-0d30-426d-9f8b-a2c367abb8e0@group-87FD7415BD81-StateMachineUpdater: set stopIndex = 2
2019-10-02 16:26:54,149 [grpc-default-executor-2] INFO  server.GrpcLogAppender (GrpcLogAppender.java:onCompleted(293)) - f61324bf-0d30-426d-9f8b-a2c367abb8e0@group-87FD7415BD81->0b8f0ac0-9a6f-4054-9320-ff8d6bd8e7a9-AppendLogResponseHandler: follower responses appendEntries COMPLETED
2019-10-02 16:26:54,149 [main] INFO  impl.RaftServerImpl (ServerState.java:close(387)) - f61324bf-0d30-426d-9f8b-a2c367abb8e0@group-D84E0F466ADF: closes. applyIndex: 0
2019-10-02 16:26:54,150 [grpc-default-executor-5] INFO  server.GrpcServerProtocolService (GrpcServerProtocolService.java:onCompleted(113)) - d2f361d7-c523-4cac-a877-78988edeee2d: Completed APPEND_ENTRIES, lastRequest: f61324bf-0d30-426d-9f8b-a2c367abb8e0->d2f361d7-c523-4cac-a877-78988edeee2d#5-t1, previous=(t:1, i:2), leaderCommit=2, initializing? false, entries: <empty>
2019-10-02 16:26:54,151 [grpc-default-executor-2] INFO  impl.FollowerInfo (FollowerInfo.java:lambda$new$0(51)) - f61324bf-0d30-426d-9f8b-a2c367abb8e0@group-87FD7415BD81->0b8f0ac0-9a6f-4054-9320-ff8d6bd8e7a9: nextIndex: updateUnconditionally 3 -> 2
2019-10-02 16:26:54,151 [f61324bf-0d30-426d-9f8b-a2c367abb8e0@group-D84E0F466ADF-SegmentedRaftLogWorker] INFO  segmented.SegmentedRaftLogWorker (SegmentedRaftLogWorker.java:run(316)) - f61324bf-0d30-426d-9f8b-a2c367abb8e0@group-D84E0F466ADF-SegmentedRaftLogWorker was interrupted, exiting. There are 0 tasks remaining in the queue.
2019-10-02 16:26:54,151 [grpc-default-executor-2] INFO  server.GrpcLogAppender (GrpcLogAppender.java:onCompleted(293)) - f61324bf-0d30-426d-9f8b-a2c367abb8e0@group-87FD7415BD81->d2f361d7-c523-4cac-a877-78988edeee2d-AppendLogResponseHandler: follower responses appendEntries COMPLETED
2019-10-02 16:26:54,155 [main] INFO  segmented.SegmentedRaftLogWorker (SegmentedRaftLogWorker.java:close(224)) - f61324bf-0d30-426d-9f8b-a2c367abb8e0@group-D84E0F466ADF-SegmentedRaftLogWorker close()
2019-10-02 16:26:54,155 [grpc-default-executor-2] INFO  impl.FollowerInfo (FollowerInfo.java:lambda$new$0(51)) - f61324bf-0d30-426d-9f8b-a2c367abb8e0@group-87FD7415BD81->d2f361d7-c523-4cac-a877-78988edeee2d: nextIndex: updateUnconditionally 3 -> 2
2019-10-02 16:26:54,322 [f61324bf-0d30-426d-9f8b-a2c367abb8e0@group-87FD7415BD81-StateMachineUpdater] INFO  ratis.ContainerStateMachine (ContainerStateMachine.java:takeSnapshot(304)) - group-87FD7415BD81: Finished taking a snapshot at:(t:1, i:2) file:/workdir/hadoop-ozone/integration-test/target/test-dir/MiniOzoneClusterImpl-a2d53b8a-6fb3-402b-9a89-497566b34bb7/datanode-2/data/ratis/a56751c3-a409-4814-837a-87fd7415bd81/sm/snapshot.1_2 time:185
2019-10-02 16:26:54,322 [f61324bf-0d30-426d-9f8b-a2c367abb8e0@group-87FD7415BD81-StateMachineUpdater] INFO  impl.StateMachineUpdater (StateMachineUpdater.java:takeSnapshot(269)) - f61324bf-0d30-426d-9f8b-a2c367abb8e0@group-87FD7415BD81-StateMachineUpdater: Took a snapshot at index 2
2019-10-02 16:26:54,322 [f61324bf-0d30-426d-9f8b-a2c367abb8e0@group-87FD7415BD81-StateMachineUpdater] INFO  impl.StateMachineUpdater (StateMachineUpdater.java:lambda$new$0(84)) - f61324bf-0d30-426d-9f8b-a2c367abb8e0@group-87FD7415BD81-StateMachineUpdater: snapshotIndex: updateIncreasingly -1 -> 2
2019-10-02 16:26:54,322 [ForkJoinPool.commonPool-worker-1] INFO  impl.RaftServerImpl (ServerState.java:close(387)) - f61324bf-0d30-426d-9f8b-a2c367abb8e0@group-87FD7415BD81: closes. applyIndex: 2
2019-10-02 16:26:54,323 [f61324bf-0d30-426d-9f8b-a2c367abb8e0@group-87FD7415BD81-SegmentedRaftLogWorker] INFO  segmented.SegmentedRaftLogWorker (SegmentedRaftLogWorker.java:run(316)) - f61324bf-0d30-426d-9f8b-a2c367abb8e0@group-87FD7415BD81-SegmentedRaftLogWorker was interrupted, exiting. There are 0 tasks remaining in the queue.
2019-10-02 16:26:54,328 [ForkJoinPool.commonPool-worker-1] INFO  segmented.SegmentedRaftLogWorker (SegmentedRaftLogWorker.java:close(224)) - f61324bf-0d30-426d-9f8b-a2c367abb8e0@group-87FD7415BD81-SegmentedRaftLogWorker close()
2019-10-02 16:26:54,337 [main] INFO  server.GrpcService (GrpcService.java:closeImpl(164)) - f61324bf-0d30-426d-9f8b-a2c367abb8e0: shutdown server with port 36938 now
2019-10-02 16:26:54,337 [main] INFO  server.GrpcService (GrpcService.java:closeImpl(172)) - f61324bf-0d30-426d-9f8b-a2c367abb8e0: shutdown server with port 36938 successfully
2019-10-02 16:26:54,339 [refreshUsed-/workdir/hadoop-ozone/integration-test/target/test-dir/MiniOzoneClusterImpl-a2d53b8a-6fb3-402b-9a89-497566b34bb7/datanode-2/data/containers] WARN  fs.CachingGetSpaceUsed (CachingGetSpaceUsed.java:run(183)) - Thread Interrupted waiting to refresh disk information: sleep interrupted
2019-10-02 16:26:54,353 [main] INFO  utils.BackgroundService (BackgroundService.java:shutdown(148)) - Shutting down service BlockDeletingService
2019-10-02 16:26:54,366 [main] INFO  statemachine.DatanodeStateMachine (DatanodeStateMachine.java:stopDaemon(395)) - Ozone container server stopped.
2019-10-02 16:26:54,367 [main] INFO  handler.ContextHandler (ContextHandler.java:doStop(910)) - Stopped o.e.j.w.WebAppContext@2bd8f7db{/,null,UNAVAILABLE}{/hddsDatanode}
2019-10-02 16:26:54,368 [main] INFO  server.AbstractConnector (AbstractConnector.java:doStop(318)) - Stopped ServerConnector@6d7ad0f5{HTTP/1.1,[http/1.1]}{0.0.0.0:0}
2019-10-02 16:26:54,368 [main] INFO  handler.ContextHandler (ContextHandler.java:doStop(910)) - Stopped o.e.j.s.ServletContextHandler@6cbb7a7d{/static,jar:file:/home/user/.m2/repository/org/apache/hadoop/hadoop-hdds-container-service/0.5.0-SNAPSHOT/hadoop-hdds-container-service-0.5.0-SNAPSHOT.jar!/webapps/static,UNAVAILABLE}
2019-10-02 16:26:54,369 [main] INFO  handler.ContextHandler (ContextHandler.java:doStop(910)) - Stopped o.e.j.s.ServletContextHandler@1595d2b2{/logs,file:///workdir/hadoop-ozone/integration-test/target/log,UNAVAILABLE}
2019-10-02 16:27:03,672 [Thread-2721] INFO  impl.FollowerState (FollowerState.java:run(108)) - 0b8f0ac0-9a6f-4054-9320-ff8d6bd8e7a9@group-87FD7415BD81-FollowerState: change to CANDIDATE, lastRpcTime:9741ms, electionTimeout:5138ms
2019-10-02 16:27:03,673 [Thread-2721] INFO  impl.RoleInfo (RoleInfo.java:shutdownFollowerState(121)) - 0b8f0ac0-9a6f-4054-9320-ff8d6bd8e7a9: shutdown FollowerState
2019-10-02 16:27:03,673 [Thread-2721] INFO  impl.RaftServerImpl (RaftServerImpl.java:setRole(170)) - 0b8f0ac0-9a6f-4054-9320-ff8d6bd8e7a9@group-87FD7415BD81: changes role from  FOLLOWER to CANDIDATE at term 1 for changeToCandidate
2019-10-02 16:27:03,673 [Thread-2721] INFO  impl.RoleInfo (RoleInfo.java:updateAndGet(143)) - 0b8f0ac0-9a6f-4054-9320-ff8d6bd8e7a9: start LeaderElection
2019-10-02 16:27:03,678 [0b8f0ac0-9a6f-4054-9320-ff8d6bd8e7a9@group-87FD7415BD81-LeaderElection114] INFO  impl.RaftServerImpl (ServerState.java:setLeader(255)) - 0b8f0ac0-9a6f-4054-9320-ff8d6bd8e7a9@group-87FD7415BD81: change Leader from f61324bf-0d30-426d-9f8b-a2c367abb8e0 to null at term 1 for initElection
2019-10-02 16:27:03,766 [Thread-2722] INFO  impl.FollowerState (FollowerState.java:run(108)) - d2f361d7-c523-4cac-a877-78988edeee2d@group-87FD7415BD81-FollowerState: change to CANDIDATE, lastRpcTime:9835ms, electionTimeout:5105ms
2019-10-02 16:27:03,767 [Thread-2722] INFO  impl.RoleInfo (RoleInfo.java:shutdownFollowerState(121)) - d2f361d7-c523-4cac-a877-78988edeee2d: shutdown FollowerState
2019-10-02 16:27:03,767 [Thread-2722] INFO  impl.RaftServerImpl (RaftServerImpl.java:setRole(170)) - d2f361d7-c523-4cac-a877-78988edeee2d@group-87FD7415BD81: changes role from  FOLLOWER to CANDIDATE at term 1 for changeToCandidate
2019-10-02 16:27:03,767 [Thread-2722] INFO  impl.RoleInfo (RoleInfo.java:updateAndGet(143)) - d2f361d7-c523-4cac-a877-78988edeee2d: start LeaderElection
2019-10-02 16:27:03,773 [d2f361d7-c523-4cac-a877-78988edeee2d@group-87FD7415BD81-LeaderElection115] INFO  impl.RaftServerImpl (ServerState.java:setLeader(255)) - d2f361d7-c523-4cac-a877-78988edeee2d@group-87FD7415BD81: change Leader from f61324bf-0d30-426d-9f8b-a2c367abb8e0 to null at term 1 for initElection
]]></system-out>
  </testcase>
</testsuite>