<?xml version="1.0" encoding="UTF-8"?>
<testsuite xmlns:xsi="http://www.w3.org/2001/XMLSchema-instance" xsi:noNamespaceSchemaLocation="https://maven.apache.org/surefire/maven-surefire-plugin/xsd/surefire-test-report.xsd" name="org.apache.hadoop.ozone.client.rpc.TestWatchForCommit" time="238.299" tests="5" errors="1" skipped="0" failures="1">
  <properties>
    <property name="awt.toolkit" value="sun.awt.X11.XToolkit"/>
    <property name="file.encoding.pkg" value="sun.io"/>
    <property name="java.specification.version" value="1.8"/>
    <property name="sun.cpu.isalist" value=""/>
    <property name="sun.jnu.encoding" value="UTF-8"/>
    <property name="java.class.path" value="/workdir/hadoop-ozone/integration-test/target/test-classes:/workdir/hadoop-ozone/integration-test/target/classes:/home/user/.m2/repository/org/apache/hadoop/hadoop-ozone-common/0.5.0-SNAPSHOT/hadoop-ozone-common-0.5.0-SNAPSHOT.jar:/home/user/.m2/repository/org/apache/commons/commons-compress/1.4.1/commons-compress-1.4.1.jar:/home/user/.m2/repository/org/tukaani/xz/1.0/xz-1.0.jar:/home/user/.m2/repository/org/apache/hadoop/hadoop-common/3.2.0/hadoop-common-3.2.0.jar:/home/user/.m2/repository/org/apache/hadoop/hadoop-hdfs/3.2.0/hadoop-hdfs-3.2.0.jar:/home/user/.m2/repository/org/apache/hadoop/hadoop-hdfs-client/3.2.0/hadoop-hdfs-client-3.2.0.jar:/home/user/.m2/repository/com/fasterxml/jackson/core/jackson-annotations/2.9.9/jackson-annotations-2.9.9.jar:/home/user/.m2/repository/org/apache/hadoop/hadoop-hdds-common/0.5.0-SNAPSHOT/hadoop-hdds-common-0.5.0-SNAPSHOT.jar:/home/user/.m2/repository/javax/annotation/javax.annotation-api/1.2/javax.annotation-api-1.2.jar:/home/user/.m2/repository/org/apache/ratis/ratis-server/0.5.0-201fc85-SNAPSHOT/ratis-server-0.5.0-201fc85-SNAPSHOT.jar:/home/user/.m2/repository/org/apache/ratis/ratis-thirdparty-misc/0.2.0/ratis-thirdparty-misc-0.2.0.jar:/home/user/.m2/repository/org/apache/ratis/ratis-proto/0.5.0-201fc85-SNAPSHOT/ratis-proto-0.5.0-201fc85-SNAPSHOT.jar:/home/user/.m2/repository/org/apache/ratis/ratis-common/0.5.0-201fc85-SNAPSHOT/ratis-common-0.5.0-201fc85-SNAPSHOT.jar:/home/user/.m2/repository/org/apache/ratis/ratis-client/0.5.0-201fc85-SNAPSHOT/ratis-client-0.5.0-201fc85-SNAPSHOT.jar:/home/user/.m2/repository/org/apache/ratis/ratis-metrics/0.5.0-201fc85-SNAPSHOT/ratis-metrics-0.5.0-201fc85-SNAPSHOT.jar:/home/user/.m2/repository/com/github/joshelser/dropwizard-metrics-hadoop-metrics2-reporter/0.1.2/dropwizard-metrics-hadoop-metrics2-reporter-0.1.2.jar:/home/user/.m2/repository/io/dropwizard/metrics/metrics-jvm/3.2.5/metrics-jvm-3.2.5.jar:/home/user/.m2/repository/io/dropwizard/metrics/metrics-ganglia/3.2.5/metrics-ganglia-3.2.5.jar:/home/user/.m2/repository/info/ganglia/gmetric4j/gmetric4j/1.0.7/gmetric4j-1.0.7.jar:/home/user/.m2/repository/org/apache/ratis/ratis-netty/0.5.0-201fc85-SNAPSHOT/ratis-netty-0.5.0-201fc85-SNAPSHOT.jar:/home/user/.m2/repository/org/apache/ratis/ratis-grpc/0.5.0-201fc85-SNAPSHOT/ratis-grpc-0.5.0-201fc85-SNAPSHOT.jar:/home/user/.m2/repository/org/rocksdb/rocksdbjni/6.0.1/rocksdbjni-6.0.1.jar:/home/user/.m2/repository/org/apache/logging/log4j/log4j-api/2.11.0/log4j-api-2.11.0.jar:/home/user/.m2/repository/org/apache/logging/log4j/log4j-core/2.11.0/log4j-core-2.11.0.jar:/home/user/.m2/repository/com/lmax/disruptor/3.4.2/disruptor-3.4.2.jar:/home/user/.m2/repository/org/apache/commons/commons-pool2/2.6.0/commons-pool2-2.6.0.jar:/home/user/.m2/repository/org/bouncycastle/bcpkix-jdk15on/1.60/bcpkix-jdk15on-1.60.jar:/home/user/.m2/repository/commons-validator/commons-validator/1.6/commons-validator-1.6.jar:/home/user/.m2/repository/commons-digester/commons-digester/1.8.1/commons-digester-1.8.1.jar:/home/user/.m2/repository/io/jaegertracing/jaeger-client/0.34.0/jaeger-client-0.34.0.jar:/home/user/.m2/repository/io/jaegertracing/jaeger-thrift/0.34.0/jaeger-thrift-0.34.0.jar:/home/user/.m2/repository/org/apache/thrift/libthrift/0.12.0/libthrift-0.12.0.jar:/home/user/.m2/repository/com/squareup/okhttp3/okhttp/3.9.0/okhttp-3.9.0.jar:/home/user/.m2/repository/com/squareup/okio/okio/1.13.0/okio-1.13.0.jar:/home/user/.m2/repository/io/jaegertracing/jaeger-core/0.34.0/jaeger-core-0.34.0.jar:/home/user/.m2/repository/io/jaegertracing/jaeger-tracerresolver/0.34.0/jaeger-tracerresolver-0.34.0.jar:/home/user/.m2/repository/io/opentracing/contrib/opentracing-tracerresolver/0.1.5/opentracing-tracerresolver-0.1.5.jar:/home/user/.m2/repository/io/opentracing/opentracing-util/0.31.0/opentracing-util-0.31.0.jar:/home/user/.m2/repository/io/opentracing/opentracing-api/0.31.0/opentracing-api-0.31.0.jar:/home/user/.m2/repository/io/opentracing/opentracing-noop/0.31.0/opentracing-noop-0.31.0.jar:/home/user/.m2/repository/org/apache/hadoop/hadoop-hdds-server-framework/0.5.0-SNAPSHOT/hadoop-hdds-server-framework-0.5.0-SNAPSHOT.jar:/home/user/.m2/repository/org/apache/hadoop/hadoop-hdds-container-service/0.5.0-SNAPSHOT/hadoop-hdds-container-service-0.5.0-SNAPSHOT.jar:/home/user/.m2/repository/org/apache/hadoop/hadoop-hdds-client/0.5.0-SNAPSHOT/hadoop-hdds-client-0.5.0-SNAPSHOT.jar:/home/user/.m2/repository/org/apache/hadoop/hadoop-hdds-tools/0.5.0-SNAPSHOT/hadoop-hdds-tools-0.5.0-SNAPSHOT.jar:/home/user/.m2/repository/org/apache/hadoop/hadoop-hdds-server-scm/0.5.0-SNAPSHOT/hadoop-hdds-server-scm-0.5.0-SNAPSHOT.jar:/home/user/.m2/repository/org/apache/hadoop/hadoop-hdds-docs/0.5.0-SNAPSHOT/hadoop-hdds-docs-0.5.0-SNAPSHOT.jar:/home/user/.m2/repository/io/dropwizard/metrics/metrics-core/3.2.4/metrics-core-3.2.4.jar:/home/user/.m2/repository/org/hamcrest/hamcrest-all/1.3/hamcrest-all-1.3.jar:/home/user/.m2/repository/org/bouncycastle/bcprov-jdk15on/1.60/bcprov-jdk15on-1.60.jar:/home/user/.m2/repository/info/picocli/picocli/3.9.6/picocli-3.9.6.jar:/home/user/.m2/repository/com/google/protobuf/protobuf-java/2.5.0/protobuf-java-2.5.0.jar:/home/user/.m2/repository/com/google/guava/guava/11.0.2/guava-11.0.2.jar:/home/user/.m2/repository/org/apache/hadoop/hadoop-ozone-ozone-manager/0.5.0-SNAPSHOT/hadoop-ozone-ozone-manager-0.5.0-SNAPSHOT.jar:/home/user/.m2/repository/org/apache/hadoop/hadoop-minikdc/3.2.0/hadoop-minikdc-3.2.0.jar:/home/user/.m2/repository/commons-io/commons-io/2.5/commons-io-2.5.jar:/home/user/.m2/repository/org/apache/kerby/kerb-simplekdc/1.0.1/kerb-simplekdc-1.0.1.jar:/home/user/.m2/repository/org/apache/kerby/kerb-client/1.0.1/kerb-client-1.0.1.jar:/home/user/.m2/repository/org/apache/kerby/kerby-config/1.0.1/kerby-config-1.0.1.jar:/home/user/.m2/repository/org/apache/kerby/kerb-core/1.0.1/kerb-core-1.0.1.jar:/home/user/.m2/repository/org/apache/kerby/kerby-pkix/1.0.1/kerby-pkix-1.0.1.jar:/home/user/.m2/repository/org/apache/kerby/kerby-asn1/1.0.1/kerby-asn1-1.0.1.jar:/home/user/.m2/repository/org/apache/kerby/kerby-util/1.0.1/kerby-util-1.0.1.jar:/home/user/.m2/repository/org/apache/kerby/kerb-common/1.0.1/kerb-common-1.0.1.jar:/home/user/.m2/repository/org/apache/kerby/kerb-crypto/1.0.1/kerb-crypto-1.0.1.jar:/home/user/.m2/repository/org/apache/kerby/kerb-util/1.0.1/kerb-util-1.0.1.jar:/home/user/.m2/repository/org/apache/kerby/token-provider/1.0.1/token-provider-1.0.1.jar:/home/user/.m2/repository/org/apache/kerby/kerb-admin/1.0.1/kerb-admin-1.0.1.jar:/home/user/.m2/repository/org/apache/kerby/kerb-server/1.0.1/kerb-server-1.0.1.jar:/home/user/.m2/repository/org/apache/kerby/kerb-identity/1.0.1/kerb-identity-1.0.1.jar:/home/user/.m2/repository/org/apache/kerby/kerby-xdr/1.0.1/kerby-xdr-1.0.1.jar:/home/user/.m2/repository/org/slf4j/slf4j-log4j12/1.7.25/slf4j-log4j12-1.7.25.jar:/home/user/.m2/repository/org/apache/hadoop/hadoop-ozone-s3gateway/0.5.0-SNAPSHOT/hadoop-ozone-s3gateway-0.5.0-SNAPSHOT.jar:/home/user/.m2/repository/org/jboss/weld/servlet/weld-servlet/2.4.7.Final/weld-servlet-2.4.7.Final.jar:/home/user/.m2/repository/org/glassfish/jersey/containers/jersey-container-servlet-core/2.27/jersey-container-servlet-core-2.27.jar:/home/user/.m2/repository/org/glassfish/hk2/external/javax.inject/2.5.0-b42/javax.inject-2.5.0-b42.jar:/home/user/.m2/repository/org/glassfish/jersey/core/jersey-common/2.27/jersey-common-2.27.jar:/home/user/.m2/repository/org/glassfish/hk2/osgi-resource-locator/1.0.1/osgi-resource-locator-1.0.1.jar:/home/user/.m2/repository/javax/ws/rs/javax.ws.rs-api/2.1/javax.ws.rs-api-2.1.jar:/home/user/.m2/repository/org/glassfish/jersey/ext/cdi/jersey-cdi1x/2.27/jersey-cdi1x-2.27.jar:/home/user/.m2/repository/org/glassfish/jersey/inject/jersey-hk2/2.27/jersey-hk2-2.27.jar:/home/user/.m2/repository/org/glassfish/hk2/hk2-locator/2.5.0-b42/hk2-locator-2.5.0-b42.jar:/home/user/.m2/repository/org/javassist/javassist/3.22.0-CR2/javassist-3.22.0-CR2.jar:/home/user/.m2/repository/org/glassfish/hk2/hk2-api/2.5.0/hk2-api-2.5.0.jar:/home/user/.m2/repository/org/glassfish/hk2/external/jakarta.inject/2.5.0/jakarta.inject-2.5.0.jar:/home/user/.m2/repository/org/glassfish/hk2/hk2-utils/2.5.0/hk2-utils-2.5.0.jar:/home/user/.m2/repository/jakarta/annotation/jakarta.annotation-api/1.3.4/jakarta.annotation-api-1.3.4.jar:/home/user/.m2/repository/org/glassfish/hk2/external/aopalliance-repackaged/2.5.0/aopalliance-repackaged-2.5.0.jar:/home/user/.m2/repository/com/fasterxml/jackson/dataformat/jackson-dataformat-xml/2.9.0/jackson-dataformat-xml-2.9.0.jar:/home/user/.m2/repository/com/fasterxml/jackson/core/jackson-core/2.9.9/jackson-core-2.9.9.jar:/home/user/.m2/repository/com/fasterxml/jackson/module/jackson-module-jaxb-annotations/2.9.9/jackson-module-jaxb-annotations-2.9.9.jar:/home/user/.m2/repository/javax/enterprise/cdi-api/1.2/cdi-api-1.2.jar:/home/user/.m2/repository/javax/el/javax.el-api/3.0.0/javax.el-api-3.0.0.jar:/home/user/.m2/repository/javax/interceptor/javax.interceptor-api/1.2/javax.interceptor-api-1.2.jar:/home/user/.m2/repository/javax/inject/javax.inject/1/javax.inject-1.jar:/home/user/.m2/repository/com/sun/xml/bind/jaxb-impl/2.3.0.1/jaxb-impl-2.3.0.1.jar:/home/user/.m2/repository/com/sun/xml/bind/jaxb-core/2.3.0.1/jaxb-core-2.3.0.1.jar:/home/user/.m2/repository/javax/xml/bind/jaxb-api/2.3.0/jaxb-api-2.3.0.jar:/home/user/.m2/repository/javax/activation/activation/1.1.1/activation-1.1.1.jar:/home/user/.m2/repository/org/apache/hadoop/hadoop-ozone-csi/0.5.0-SNAPSHOT/hadoop-ozone-csi-0.5.0-SNAPSHOT.jar:/home/user/.m2/repository/com/google/protobuf/protobuf-java-util/3.5.1/protobuf-java-util-3.5.1.jar:/home/user/.m2/repository/org/apache/hadoop/hadoop-hdds-config/0.5.0-SNAPSHOT/hadoop-hdds-config-0.5.0-SNAPSHOT.jar:/home/user/.m2/repository/io/grpc/grpc-netty/1.17.1/grpc-netty-1.17.1.jar:/home/user/.m2/repository/io/grpc/grpc-core/1.17.1/grpc-core-1.17.1.jar:/home/user/.m2/repository/io/grpc/grpc-context/1.17.1/grpc-context-1.17.1.jar:/home/user/.m2/repository/com/google/errorprone/error_prone_annotations/2.2.0/error_prone_annotations-2.2.0.jar:/home/user/.m2/repository/org/codehaus/mojo/animal-sniffer-annotations/1.17/animal-sniffer-annotations-1.17.jar:/home/user/.m2/repository/io/opencensus/opencensus-api/0.17.0/opencensus-api-0.17.0.jar:/home/user/.m2/repository/io/opencensus/opencensus-contrib-grpc-metrics/0.17.0/opencensus-contrib-grpc-metrics-0.17.0.jar:/home/user/.m2/repository/io/netty/netty-codec-http2/4.1.30.Final/netty-codec-http2-4.1.30.Final.jar:/home/user/.m2/repository/io/netty/netty-codec-http/4.1.30.Final/netty-codec-http-4.1.30.Final.jar:/home/user/.m2/repository/io/netty/netty-codec/4.1.30.Final/netty-codec-4.1.30.Final.jar:/home/user/.m2/repository/io/netty/netty-handler/4.1.30.Final/netty-handler-4.1.30.Final.jar:/home/user/.m2/repository/io/netty/netty-handler-proxy/4.1.30.Final/netty-handler-proxy-4.1.30.Final.jar:/home/user/.m2/repository/io/netty/netty-codec-socks/4.1.30.Final/netty-codec-socks-4.1.30.Final.jar:/home/user/.m2/repository/io/netty/netty-transport-native-epoll/4.1.30.Final/netty-transport-native-epoll-4.1.30.Final.jar:/home/user/.m2/repository/io/netty/netty-common/4.1.30.Final/netty-common-4.1.30.Final.jar:/home/user/.m2/repository/io/netty/netty-buffer/4.1.30.Final/netty-buffer-4.1.30.Final.jar:/home/user/.m2/repository/io/netty/netty-transport/4.1.30.Final/netty-transport-4.1.30.Final.jar:/home/user/.m2/repository/io/netty/netty-resolver/4.1.30.Final/netty-resolver-4.1.30.Final.jar:/home/user/.m2/repository/io/netty/netty-transport-native-unix-common/4.1.30.Final/netty-transport-native-unix-common-4.1.30.Final.jar:/home/user/.m2/repository/io/grpc/grpc-protobuf/1.17.1/grpc-protobuf-1.17.1.jar:/home/user/.m2/repository/com/google/api/grpc/proto-google-common-protos/1.0.0/proto-google-common-protos-1.0.0.jar:/home/user/.m2/repository/io/grpc/grpc-protobuf-lite/1.17.1/grpc-protobuf-lite-1.17.1.jar:/home/user/.m2/repository/io/grpc/grpc-stub/1.17.1/grpc-stub-1.17.1.jar:/home/user/.m2/repository/org/apache/hadoop/hadoop-ozone-recon/0.5.0-SNAPSHOT/hadoop-ozone-recon-0.5.0-SNAPSHOT.jar:/home/user/.m2/repository/org/apache/hadoop/hadoop-ozone-reconcodegen/0.5.0-SNAPSHOT/hadoop-ozone-reconcodegen-0.5.0-SNAPSHOT.jar:/home/user/.m2/repository/com/google/inject/extensions/guice-multibindings/4.0/guice-multibindings-4.0.jar:/home/user/.m2/repository/com/google/inject/guice/4.0/guice-4.0.jar:/home/user/.m2/repository/aopalliance/aopalliance/1.0/aopalliance-1.0.jar:/home/user/.m2/repository/com/google/inject/extensions/guice-servlet/4.0/guice-servlet-4.0.jar:/home/user/.m2/repository/org/glassfish/jersey/containers/jersey-container-servlet/2.27/jersey-container-servlet-2.27.jar:/home/user/.m2/repository/org/glassfish/hk2/guice-bridge/2.5.0/guice-bridge-2.5.0.jar:/home/user/.m2/repository/org/glassfish/jersey/core/jersey-server/2.27/jersey-server-2.27.jar:/home/user/.m2/repository/org/glassfish/jersey/core/jersey-client/2.27/jersey-client-2.27.jar:/home/user/.m2/repository/org/glassfish/jersey/media/jersey-media-jaxb/2.27/jersey-media-jaxb-2.27.jar:/home/user/.m2/repository/javax/validation/validation-api/1.1.0.Final/validation-api-1.1.0.Final.jar:/home/user/.m2/repository/org/glassfish/jersey/media/jersey-media-json-jackson/2.27/jersey-media-json-jackson-2.27.jar:/home/user/.m2/repository/org/glassfish/jersey/ext/jersey-entity-filtering/2.27/jersey-entity-filtering-2.27.jar:/home/user/.m2/repository/com/google/inject/extensions/guice-assistedinject/4.0/guice-assistedinject-4.0.jar:/home/user/.m2/repository/org/jooq/jooq/3.11.10/jooq-3.11.10.jar:/home/user/.m2/repository/org/jooq/jooq-meta/3.11.10/jooq-meta-3.11.10.jar:/home/user/.m2/repository/org/jooq/jooq-codegen/3.11.10/jooq-codegen-3.11.10.jar:/home/user/.m2/repository/com/jolbox/bonecp/0.8.0.RELEASE/bonecp-0.8.0.RELEASE.jar:/home/user/.m2/repository/org/xerial/sqlite-jdbc/3.25.2/sqlite-jdbc-3.25.2.jar:/home/user/.m2/repository/org/springframework/spring-jdbc/5.1.3.RELEASE/spring-jdbc-5.1.3.RELEASE.jar:/home/user/.m2/repository/org/springframework/spring-beans/5.1.3.RELEASE/spring-beans-5.1.3.RELEASE.jar:/home/user/.m2/repository/org/springframework/spring-core/5.1.3.RELEASE/spring-core-5.1.3.RELEASE.jar:/home/user/.m2/repository/org/springframework/spring-jcl/5.1.3.RELEASE/spring-jcl-5.1.3.RELEASE.jar:/home/user/.m2/repository/org/springframework/spring-tx/5.1.3.RELEASE/spring-tx-5.1.3.RELEASE.jar:/home/user/.m2/repository/org/apache/hadoop/hadoop-ozone-client/0.5.0-SNAPSHOT/hadoop-ozone-client-0.5.0-SNAPSHOT.jar:/home/user/.m2/repository/commons-lang/commons-lang/2.6/commons-lang-2.6.jar:/home/user/.m2/repository/org/apache/hadoop/hadoop-ozone-ozone-manager/0.5.0-SNAPSHOT/hadoop-ozone-ozone-manager-0.5.0-SNAPSHOT-tests.jar:/home/user/.m2/repository/junit/junit/4.11/junit-4.11.jar:/home/user/.m2/repository/org/hamcrest/hamcrest-core/1.3/hamcrest-core-1.3.jar:/home/user/.m2/repository/org/openjdk/jmh/jmh-core/1.19/jmh-core-1.19.jar:/home/user/.m2/repository/net/sf/jopt-simple/jopt-simple/4.6/jopt-simple-4.6.jar:/home/user/.m2/repository/org/apache/commons/commons-math3/3.1.1/commons-math3-3.1.1.jar:/home/user/.m2/repository/org/openjdk/jmh/jmh-generator-annprocess/1.19/jmh-generator-annprocess-1.19.jar:/home/user/.m2/repository/org/mockito/mockito-all/1.8.5/mockito-all-1.8.5.jar:/home/user/.m2/repository/org/apache/hadoop/hadoop-kms/3.2.0/hadoop-kms-3.2.0.jar:/home/user/.m2/repository/org/apache/hadoop/hadoop-auth/3.2.0/hadoop-auth-3.2.0.jar:/home/user/.m2/repository/com/nimbusds/nimbus-jose-jwt/4.41.1/nimbus-jose-jwt-4.41.1.jar:/home/user/.m2/repository/com/github/stephenc/jcip/jcip-annotations/1.0-1/jcip-annotations-1.0-1.jar:/home/user/.m2/repository/net/minidev/json-smart/2.3/json-smart-2.3.jar:/home/user/.m2/repository/net/minidev/accessors-smart/1.2/accessors-smart-1.2.jar:/home/user/.m2/repository/org/ow2/asm/asm/5.0.4/asm-5.0.4.jar:/home/user/.m2/repository/org/apache/curator/curator-framework/2.12.0/curator-framework-2.12.0.jar:/home/user/.m2/repository/com/sun/jersey/jersey-core/1.19/jersey-core-1.19.jar:/home/user/.m2/repository/javax/ws/rs/jsr311-api/1.1.1/jsr311-api-1.1.1.jar:/home/user/.m2/repository/com/sun/jersey/jersey-server/1.19/jersey-server-1.19.jar:/home/user/.m2/repository/javax/servlet/javax.servlet-api/3.1.0/javax.servlet-api-3.1.0.jar:/home/user/.m2/repository/org/eclipse/jetty/jetty-server/9.3.25.v20180904/jetty-server-9.3.25.v20180904.jar:/home/user/.m2/repository/org/eclipse/jetty/jetty-http/9.3.25.v20180904/jetty-http-9.3.25.v20180904.jar:/home/user/.m2/repository/org/eclipse/jetty/jetty-io/9.3.25.v20180904/jetty-io-9.3.25.v20180904.jar:/home/user/.m2/repository/org/eclipse/jetty/jetty-webapp/9.3.25.v20180904/jetty-webapp-9.3.25.v20180904.jar:/home/user/.m2/repository/org/eclipse/jetty/jetty-xml/9.3.25.v20180904/jetty-xml-9.3.25.v20180904.jar:/home/user/.m2/repository/log4j/log4j/1.2.17/log4j-1.2.17.jar:/home/user/.m2/repository/org/slf4j/slf4j-api/1.7.25/slf4j-api-1.7.25.jar:/home/user/.m2/repository/org/slf4j/jul-to-slf4j/1.7.25/jul-to-slf4j-1.7.25.jar:/home/user/.m2/repository/org/eclipse/jetty/jetty-util/9.3.25.v20180904/jetty-util-9.3.25.v20180904.jar:/home/user/.m2/repository/com/fasterxml/jackson/core/jackson-databind/2.9.9/jackson-databind-2.9.9.jar:/home/user/.m2/repository/org/apache/hadoop/hadoop-kms/3.2.0/hadoop-kms-3.2.0-tests.jar:/home/user/.m2/repository/org/apache/hadoop/hadoop-hdds-server-scm/0.5.0-SNAPSHOT/hadoop-hdds-server-scm-0.5.0-SNAPSHOT-tests.jar:/home/user/.m2/repository/org/apache/hadoop/hadoop-hdds-container-service/0.5.0-SNAPSHOT/hadoop-hdds-container-service-0.5.0-SNAPSHOT-tests.jar:/home/user/.m2/repository/org/yaml/snakeyaml/1.16/snakeyaml-1.16.jar:/home/user/.m2/repository/org/apache/hadoop/hadoop-common/3.2.0/hadoop-common-3.2.0-tests.jar:/home/user/.m2/repository/org/apache/hadoop/hadoop-annotations/3.2.0/hadoop-annotations-3.2.0.jar:/usr/lib/jvm/java-1.8-openjdk/jre/../lib/tools.jar:/home/user/.m2/repository/commons-cli/commons-cli/1.2/commons-cli-1.2.jar:/home/user/.m2/repository/org/apache/httpcomponents/httpclient/4.5.2/httpclient-4.5.2.jar:/home/user/.m2/repository/org/apache/httpcomponents/httpcore/4.4.4/httpcore-4.4.4.jar:/home/user/.m2/repository/commons-codec/commons-codec/1.11/commons-codec-1.11.jar:/home/user/.m2/repository/commons-net/commons-net/3.6/commons-net-3.6.jar:/home/user/.m2/repository/commons-collections/commons-collections/3.2.2/commons-collections-3.2.2.jar:/home/user/.m2/repository/org/eclipse/jetty/jetty-servlet/9.3.25.v20180904/jetty-servlet-9.3.25.v20180904.jar:/home/user/.m2/repository/org/eclipse/jetty/jetty-security/9.3.25.v20180904/jetty-security-9.3.25.v20180904.jar:/home/user/.m2/repository/javax/servlet/jsp/jsp-api/2.1/jsp-api-2.1.jar:/home/user/.m2/repository/com/sun/jersey/jersey-servlet/1.19/jersey-servlet-1.19.jar:/home/user/.m2/repository/com/sun/jersey/jersey-json/1.19/jersey-json-1.19.jar:/home/user/.m2/repository/org/codehaus/jettison/jettison/1.1/jettison-1.1.jar:/home/user/.m2/repository/org/codehaus/jackson/jackson-core-asl/1.9.13/jackson-core-asl-1.9.13.jar:/home/user/.m2/repository/org/codehaus/jackson/jackson-mapper-asl/1.9.13/jackson-mapper-asl-1.9.13.jar:/home/user/.m2/repository/org/codehaus/jackson/jackson-jaxrs/1.9.13/jackson-jaxrs-1.9.13.jar:/home/user/.m2/repository/org/codehaus/jackson/jackson-xc/1.9.13/jackson-xc-1.9.13.jar:/home/user/.m2/repository/commons-logging/commons-logging/1.1.3/commons-logging-1.1.3.jar:/home/user/.m2/repository/commons-beanutils/commons-beanutils/1.9.4/commons-beanutils-1.9.4.jar:/home/user/.m2/repository/org/apache/commons/commons-configuration2/2.1.1/commons-configuration2-2.1.1.jar:/home/user/.m2/repository/org/apache/commons/commons-lang3/3.7/commons-lang3-3.7.jar:/home/user/.m2/repository/org/apache/commons/commons-text/1.4/commons-text-1.4.jar:/home/user/.m2/repository/org/apache/avro/avro/1.7.7/avro-1.7.7.jar:/home/user/.m2/repository/com/thoughtworks/paranamer/paranamer/2.3/paranamer-2.3.jar:/home/user/.m2/repository/org/xerial/snappy/snappy-java/1.0.5/snappy-java-1.0.5.jar:/home/user/.m2/repository/com/google/re2j/re2j/1.1/re2j-1.1.jar:/home/user/.m2/repository/com/google/code/gson/gson/2.2.4/gson-2.2.4.jar:/home/user/.m2/repository/com/jcraft/jsch/0.1.54/jsch-0.1.54.jar:/home/user/.m2/repository/org/apache/curator/curator-client/2.12.0/curator-client-2.12.0.jar:/home/user/.m2/repository/org/apache/curator/curator-recipes/2.12.0/curator-recipes-2.12.0.jar:/home/user/.m2/repository/com/google/code/findbugs/jsr305/3.0.0/jsr305-3.0.0.jar:/home/user/.m2/repository/org/apache/htrace/htrace-core4/4.1.0-incubating/htrace-core4-4.1.0-incubating.jar:/home/user/.m2/repository/org/apache/zookeeper/zookeeper/3.4.13/zookeeper-3.4.13.jar:/home/user/.m2/repository/jline/jline/0.9.94/jline-0.9.94.jar:/home/user/.m2/repository/org/apache/yetus/audience-annotations/0.5.0/audience-annotations-0.5.0.jar:/home/user/.m2/repository/org/codehaus/woodstox/stax2-api/3.1.4/stax2-api-3.1.4.jar:/home/user/.m2/repository/com/fasterxml/woodstox/woodstox-core/5.0.3/woodstox-core-5.0.3.jar:/home/user/.m2/repository/dnsjava/dnsjava/2.1.7/dnsjava-2.1.7.jar:/home/user/.m2/repository/org/apache/hadoop/hadoop-hdfs/3.2.0/hadoop-hdfs-3.2.0-tests.jar:/home/user/.m2/repository/org/eclipse/jetty/jetty-util-ajax/9.3.25.v20180904/jetty-util-ajax-9.3.25.v20180904.jar:/home/user/.m2/repository/commons-daemon/commons-daemon/1.0.13/commons-daemon-1.0.13.jar:/home/user/.m2/repository/io/netty/netty/3.10.5.Final/netty-3.10.5.Final.jar:/home/user/.m2/repository/io/netty/netty-all/4.0.52.Final/netty-all-4.0.52.Final.jar:/home/user/.m2/repository/org/fusesource/leveldbjni/leveldbjni-all/1.8/leveldbjni-all-1.8.jar:"/>
    <property name="java.vm.vendor" value="IcedTea"/>
    <property name="sun.arch.data.model" value="64"/>
    <property name="test.build.dir" value="/workdir/hadoop-ozone/integration-test/target/test-dir"/>
    <property name="test.cache.data" value=""/>
    <property name="java.vendor.url" value="https://icedtea.classpath.org"/>
    <property name="user.timezone" value=""/>
    <property name="java.vm.specification.version" value="1.8"/>
    <property name="os.name" value="Linux"/>
    <property name="test.build.data" value="/workdir/hadoop-ozone/integration-test/target/test-dir"/>
    <property name="user.country" value="US"/>
    <property name="sun.java.launcher" value="SUN_STANDARD"/>
    <property name="sun.boot.library.path" value="/usr/lib/jvm/java-1.8-openjdk/jre/lib/amd64"/>
    <property name="sun.java.command" value="/workdir/hadoop-ozone/integration-test/target/surefire/surefirebooter7812266805416837190.jar /workdir/hadoop-ozone/integration-test/target/surefire 2019-10-04T23-47-54_621-jvmRun1 surefire6454951846799057021tmp surefire_762120442552549915725tmp"/>
    <property name="test" value="!TestMiniChaosOzoneCluster"/>
    <property name="surefire.test.class.path" value="/workdir/hadoop-ozone/integration-test/target/test-classes:/workdir/hadoop-ozone/integration-test/target/classes:/home/user/.m2/repository/org/apache/hadoop/hadoop-ozone-common/0.5.0-SNAPSHOT/hadoop-ozone-common-0.5.0-SNAPSHOT.jar:/home/user/.m2/repository/org/apache/commons/commons-compress/1.4.1/commons-compress-1.4.1.jar:/home/user/.m2/repository/org/tukaani/xz/1.0/xz-1.0.jar:/home/user/.m2/repository/org/apache/hadoop/hadoop-common/3.2.0/hadoop-common-3.2.0.jar:/home/user/.m2/repository/org/apache/hadoop/hadoop-hdfs/3.2.0/hadoop-hdfs-3.2.0.jar:/home/user/.m2/repository/org/apache/hadoop/hadoop-hdfs-client/3.2.0/hadoop-hdfs-client-3.2.0.jar:/home/user/.m2/repository/com/fasterxml/jackson/core/jackson-annotations/2.9.9/jackson-annotations-2.9.9.jar:/home/user/.m2/repository/org/apache/hadoop/hadoop-hdds-common/0.5.0-SNAPSHOT/hadoop-hdds-common-0.5.0-SNAPSHOT.jar:/home/user/.m2/repository/javax/annotation/javax.annotation-api/1.2/javax.annotation-api-1.2.jar:/home/user/.m2/repository/org/apache/ratis/ratis-server/0.5.0-201fc85-SNAPSHOT/ratis-server-0.5.0-201fc85-SNAPSHOT.jar:/home/user/.m2/repository/org/apache/ratis/ratis-thirdparty-misc/0.2.0/ratis-thirdparty-misc-0.2.0.jar:/home/user/.m2/repository/org/apache/ratis/ratis-proto/0.5.0-201fc85-SNAPSHOT/ratis-proto-0.5.0-201fc85-SNAPSHOT.jar:/home/user/.m2/repository/org/apache/ratis/ratis-common/0.5.0-201fc85-SNAPSHOT/ratis-common-0.5.0-201fc85-SNAPSHOT.jar:/home/user/.m2/repository/org/apache/ratis/ratis-client/0.5.0-201fc85-SNAPSHOT/ratis-client-0.5.0-201fc85-SNAPSHOT.jar:/home/user/.m2/repository/org/apache/ratis/ratis-metrics/0.5.0-201fc85-SNAPSHOT/ratis-metrics-0.5.0-201fc85-SNAPSHOT.jar:/home/user/.m2/repository/com/github/joshelser/dropwizard-metrics-hadoop-metrics2-reporter/0.1.2/dropwizard-metrics-hadoop-metrics2-reporter-0.1.2.jar:/home/user/.m2/repository/io/dropwizard/metrics/metrics-jvm/3.2.5/metrics-jvm-3.2.5.jar:/home/user/.m2/repository/io/dropwizard/metrics/metrics-ganglia/3.2.5/metrics-ganglia-3.2.5.jar:/home/user/.m2/repository/info/ganglia/gmetric4j/gmetric4j/1.0.7/gmetric4j-1.0.7.jar:/home/user/.m2/repository/org/apache/ratis/ratis-netty/0.5.0-201fc85-SNAPSHOT/ratis-netty-0.5.0-201fc85-SNAPSHOT.jar:/home/user/.m2/repository/org/apache/ratis/ratis-grpc/0.5.0-201fc85-SNAPSHOT/ratis-grpc-0.5.0-201fc85-SNAPSHOT.jar:/home/user/.m2/repository/org/rocksdb/rocksdbjni/6.0.1/rocksdbjni-6.0.1.jar:/home/user/.m2/repository/org/apache/logging/log4j/log4j-api/2.11.0/log4j-api-2.11.0.jar:/home/user/.m2/repository/org/apache/logging/log4j/log4j-core/2.11.0/log4j-core-2.11.0.jar:/home/user/.m2/repository/com/lmax/disruptor/3.4.2/disruptor-3.4.2.jar:/home/user/.m2/repository/org/apache/commons/commons-pool2/2.6.0/commons-pool2-2.6.0.jar:/home/user/.m2/repository/org/bouncycastle/bcpkix-jdk15on/1.60/bcpkix-jdk15on-1.60.jar:/home/user/.m2/repository/commons-validator/commons-validator/1.6/commons-validator-1.6.jar:/home/user/.m2/repository/commons-digester/commons-digester/1.8.1/commons-digester-1.8.1.jar:/home/user/.m2/repository/io/jaegertracing/jaeger-client/0.34.0/jaeger-client-0.34.0.jar:/home/user/.m2/repository/io/jaegertracing/jaeger-thrift/0.34.0/jaeger-thrift-0.34.0.jar:/home/user/.m2/repository/org/apache/thrift/libthrift/0.12.0/libthrift-0.12.0.jar:/home/user/.m2/repository/com/squareup/okhttp3/okhttp/3.9.0/okhttp-3.9.0.jar:/home/user/.m2/repository/com/squareup/okio/okio/1.13.0/okio-1.13.0.jar:/home/user/.m2/repository/io/jaegertracing/jaeger-core/0.34.0/jaeger-core-0.34.0.jar:/home/user/.m2/repository/io/jaegertracing/jaeger-tracerresolver/0.34.0/jaeger-tracerresolver-0.34.0.jar:/home/user/.m2/repository/io/opentracing/contrib/opentracing-tracerresolver/0.1.5/opentracing-tracerresolver-0.1.5.jar:/home/user/.m2/repository/io/opentracing/opentracing-util/0.31.0/opentracing-util-0.31.0.jar:/home/user/.m2/repository/io/opentracing/opentracing-api/0.31.0/opentracing-api-0.31.0.jar:/home/user/.m2/repository/io/opentracing/opentracing-noop/0.31.0/opentracing-noop-0.31.0.jar:/home/user/.m2/repository/org/apache/hadoop/hadoop-hdds-server-framework/0.5.0-SNAPSHOT/hadoop-hdds-server-framework-0.5.0-SNAPSHOT.jar:/home/user/.m2/repository/org/apache/hadoop/hadoop-hdds-container-service/0.5.0-SNAPSHOT/hadoop-hdds-container-service-0.5.0-SNAPSHOT.jar:/home/user/.m2/repository/org/apache/hadoop/hadoop-hdds-client/0.5.0-SNAPSHOT/hadoop-hdds-client-0.5.0-SNAPSHOT.jar:/home/user/.m2/repository/org/apache/hadoop/hadoop-hdds-tools/0.5.0-SNAPSHOT/hadoop-hdds-tools-0.5.0-SNAPSHOT.jar:/home/user/.m2/repository/org/apache/hadoop/hadoop-hdds-server-scm/0.5.0-SNAPSHOT/hadoop-hdds-server-scm-0.5.0-SNAPSHOT.jar:/home/user/.m2/repository/org/apache/hadoop/hadoop-hdds-docs/0.5.0-SNAPSHOT/hadoop-hdds-docs-0.5.0-SNAPSHOT.jar:/home/user/.m2/repository/io/dropwizard/metrics/metrics-core/3.2.4/metrics-core-3.2.4.jar:/home/user/.m2/repository/org/hamcrest/hamcrest-all/1.3/hamcrest-all-1.3.jar:/home/user/.m2/repository/org/bouncycastle/bcprov-jdk15on/1.60/bcprov-jdk15on-1.60.jar:/home/user/.m2/repository/info/picocli/picocli/3.9.6/picocli-3.9.6.jar:/home/user/.m2/repository/com/google/protobuf/protobuf-java/2.5.0/protobuf-java-2.5.0.jar:/home/user/.m2/repository/com/google/guava/guava/11.0.2/guava-11.0.2.jar:/home/user/.m2/repository/org/apache/hadoop/hadoop-ozone-ozone-manager/0.5.0-SNAPSHOT/hadoop-ozone-ozone-manager-0.5.0-SNAPSHOT.jar:/home/user/.m2/repository/org/apache/hadoop/hadoop-minikdc/3.2.0/hadoop-minikdc-3.2.0.jar:/home/user/.m2/repository/commons-io/commons-io/2.5/commons-io-2.5.jar:/home/user/.m2/repository/org/apache/kerby/kerb-simplekdc/1.0.1/kerb-simplekdc-1.0.1.jar:/home/user/.m2/repository/org/apache/kerby/kerb-client/1.0.1/kerb-client-1.0.1.jar:/home/user/.m2/repository/org/apache/kerby/kerby-config/1.0.1/kerby-config-1.0.1.jar:/home/user/.m2/repository/org/apache/kerby/kerb-core/1.0.1/kerb-core-1.0.1.jar:/home/user/.m2/repository/org/apache/kerby/kerby-pkix/1.0.1/kerby-pkix-1.0.1.jar:/home/user/.m2/repository/org/apache/kerby/kerby-asn1/1.0.1/kerby-asn1-1.0.1.jar:/home/user/.m2/repository/org/apache/kerby/kerby-util/1.0.1/kerby-util-1.0.1.jar:/home/user/.m2/repository/org/apache/kerby/kerb-common/1.0.1/kerb-common-1.0.1.jar:/home/user/.m2/repository/org/apache/kerby/kerb-crypto/1.0.1/kerb-crypto-1.0.1.jar:/home/user/.m2/repository/org/apache/kerby/kerb-util/1.0.1/kerb-util-1.0.1.jar:/home/user/.m2/repository/org/apache/kerby/token-provider/1.0.1/token-provider-1.0.1.jar:/home/user/.m2/repository/org/apache/kerby/kerb-admin/1.0.1/kerb-admin-1.0.1.jar:/home/user/.m2/repository/org/apache/kerby/kerb-server/1.0.1/kerb-server-1.0.1.jar:/home/user/.m2/repository/org/apache/kerby/kerb-identity/1.0.1/kerb-identity-1.0.1.jar:/home/user/.m2/repository/org/apache/kerby/kerby-xdr/1.0.1/kerby-xdr-1.0.1.jar:/home/user/.m2/repository/org/slf4j/slf4j-log4j12/1.7.25/slf4j-log4j12-1.7.25.jar:/home/user/.m2/repository/org/apache/hadoop/hadoop-ozone-s3gateway/0.5.0-SNAPSHOT/hadoop-ozone-s3gateway-0.5.0-SNAPSHOT.jar:/home/user/.m2/repository/org/jboss/weld/servlet/weld-servlet/2.4.7.Final/weld-servlet-2.4.7.Final.jar:/home/user/.m2/repository/org/glassfish/jersey/containers/jersey-container-servlet-core/2.27/jersey-container-servlet-core-2.27.jar:/home/user/.m2/repository/org/glassfish/hk2/external/javax.inject/2.5.0-b42/javax.inject-2.5.0-b42.jar:/home/user/.m2/repository/org/glassfish/jersey/core/jersey-common/2.27/jersey-common-2.27.jar:/home/user/.m2/repository/org/glassfish/hk2/osgi-resource-locator/1.0.1/osgi-resource-locator-1.0.1.jar:/home/user/.m2/repository/javax/ws/rs/javax.ws.rs-api/2.1/javax.ws.rs-api-2.1.jar:/home/user/.m2/repository/org/glassfish/jersey/ext/cdi/jersey-cdi1x/2.27/jersey-cdi1x-2.27.jar:/home/user/.m2/repository/org/glassfish/jersey/inject/jersey-hk2/2.27/jersey-hk2-2.27.jar:/home/user/.m2/repository/org/glassfish/hk2/hk2-locator/2.5.0-b42/hk2-locator-2.5.0-b42.jar:/home/user/.m2/repository/org/javassist/javassist/3.22.0-CR2/javassist-3.22.0-CR2.jar:/home/user/.m2/repository/org/glassfish/hk2/hk2-api/2.5.0/hk2-api-2.5.0.jar:/home/user/.m2/repository/org/glassfish/hk2/external/jakarta.inject/2.5.0/jakarta.inject-2.5.0.jar:/home/user/.m2/repository/org/glassfish/hk2/hk2-utils/2.5.0/hk2-utils-2.5.0.jar:/home/user/.m2/repository/jakarta/annotation/jakarta.annotation-api/1.3.4/jakarta.annotation-api-1.3.4.jar:/home/user/.m2/repository/org/glassfish/hk2/external/aopalliance-repackaged/2.5.0/aopalliance-repackaged-2.5.0.jar:/home/user/.m2/repository/com/fasterxml/jackson/dataformat/jackson-dataformat-xml/2.9.0/jackson-dataformat-xml-2.9.0.jar:/home/user/.m2/repository/com/fasterxml/jackson/core/jackson-core/2.9.9/jackson-core-2.9.9.jar:/home/user/.m2/repository/com/fasterxml/jackson/module/jackson-module-jaxb-annotations/2.9.9/jackson-module-jaxb-annotations-2.9.9.jar:/home/user/.m2/repository/javax/enterprise/cdi-api/1.2/cdi-api-1.2.jar:/home/user/.m2/repository/javax/el/javax.el-api/3.0.0/javax.el-api-3.0.0.jar:/home/user/.m2/repository/javax/interceptor/javax.interceptor-api/1.2/javax.interceptor-api-1.2.jar:/home/user/.m2/repository/javax/inject/javax.inject/1/javax.inject-1.jar:/home/user/.m2/repository/com/sun/xml/bind/jaxb-impl/2.3.0.1/jaxb-impl-2.3.0.1.jar:/home/user/.m2/repository/com/sun/xml/bind/jaxb-core/2.3.0.1/jaxb-core-2.3.0.1.jar:/home/user/.m2/repository/javax/xml/bind/jaxb-api/2.3.0/jaxb-api-2.3.0.jar:/home/user/.m2/repository/javax/activation/activation/1.1.1/activation-1.1.1.jar:/home/user/.m2/repository/org/apache/hadoop/hadoop-ozone-csi/0.5.0-SNAPSHOT/hadoop-ozone-csi-0.5.0-SNAPSHOT.jar:/home/user/.m2/repository/com/google/protobuf/protobuf-java-util/3.5.1/protobuf-java-util-3.5.1.jar:/home/user/.m2/repository/org/apache/hadoop/hadoop-hdds-config/0.5.0-SNAPSHOT/hadoop-hdds-config-0.5.0-SNAPSHOT.jar:/home/user/.m2/repository/io/grpc/grpc-netty/1.17.1/grpc-netty-1.17.1.jar:/home/user/.m2/repository/io/grpc/grpc-core/1.17.1/grpc-core-1.17.1.jar:/home/user/.m2/repository/io/grpc/grpc-context/1.17.1/grpc-context-1.17.1.jar:/home/user/.m2/repository/com/google/errorprone/error_prone_annotations/2.2.0/error_prone_annotations-2.2.0.jar:/home/user/.m2/repository/org/codehaus/mojo/animal-sniffer-annotations/1.17/animal-sniffer-annotations-1.17.jar:/home/user/.m2/repository/io/opencensus/opencensus-api/0.17.0/opencensus-api-0.17.0.jar:/home/user/.m2/repository/io/opencensus/opencensus-contrib-grpc-metrics/0.17.0/opencensus-contrib-grpc-metrics-0.17.0.jar:/home/user/.m2/repository/io/netty/netty-codec-http2/4.1.30.Final/netty-codec-http2-4.1.30.Final.jar:/home/user/.m2/repository/io/netty/netty-codec-http/4.1.30.Final/netty-codec-http-4.1.30.Final.jar:/home/user/.m2/repository/io/netty/netty-codec/4.1.30.Final/netty-codec-4.1.30.Final.jar:/home/user/.m2/repository/io/netty/netty-handler/4.1.30.Final/netty-handler-4.1.30.Final.jar:/home/user/.m2/repository/io/netty/netty-handler-proxy/4.1.30.Final/netty-handler-proxy-4.1.30.Final.jar:/home/user/.m2/repository/io/netty/netty-codec-socks/4.1.30.Final/netty-codec-socks-4.1.30.Final.jar:/home/user/.m2/repository/io/netty/netty-transport-native-epoll/4.1.30.Final/netty-transport-native-epoll-4.1.30.Final.jar:/home/user/.m2/repository/io/netty/netty-common/4.1.30.Final/netty-common-4.1.30.Final.jar:/home/user/.m2/repository/io/netty/netty-buffer/4.1.30.Final/netty-buffer-4.1.30.Final.jar:/home/user/.m2/repository/io/netty/netty-transport/4.1.30.Final/netty-transport-4.1.30.Final.jar:/home/user/.m2/repository/io/netty/netty-resolver/4.1.30.Final/netty-resolver-4.1.30.Final.jar:/home/user/.m2/repository/io/netty/netty-transport-native-unix-common/4.1.30.Final/netty-transport-native-unix-common-4.1.30.Final.jar:/home/user/.m2/repository/io/grpc/grpc-protobuf/1.17.1/grpc-protobuf-1.17.1.jar:/home/user/.m2/repository/com/google/api/grpc/proto-google-common-protos/1.0.0/proto-google-common-protos-1.0.0.jar:/home/user/.m2/repository/io/grpc/grpc-protobuf-lite/1.17.1/grpc-protobuf-lite-1.17.1.jar:/home/user/.m2/repository/io/grpc/grpc-stub/1.17.1/grpc-stub-1.17.1.jar:/home/user/.m2/repository/org/apache/hadoop/hadoop-ozone-recon/0.5.0-SNAPSHOT/hadoop-ozone-recon-0.5.0-SNAPSHOT.jar:/home/user/.m2/repository/org/apache/hadoop/hadoop-ozone-reconcodegen/0.5.0-SNAPSHOT/hadoop-ozone-reconcodegen-0.5.0-SNAPSHOT.jar:/home/user/.m2/repository/com/google/inject/extensions/guice-multibindings/4.0/guice-multibindings-4.0.jar:/home/user/.m2/repository/com/google/inject/guice/4.0/guice-4.0.jar:/home/user/.m2/repository/aopalliance/aopalliance/1.0/aopalliance-1.0.jar:/home/user/.m2/repository/com/google/inject/extensions/guice-servlet/4.0/guice-servlet-4.0.jar:/home/user/.m2/repository/org/glassfish/jersey/containers/jersey-container-servlet/2.27/jersey-container-servlet-2.27.jar:/home/user/.m2/repository/org/glassfish/hk2/guice-bridge/2.5.0/guice-bridge-2.5.0.jar:/home/user/.m2/repository/org/glassfish/jersey/core/jersey-server/2.27/jersey-server-2.27.jar:/home/user/.m2/repository/org/glassfish/jersey/core/jersey-client/2.27/jersey-client-2.27.jar:/home/user/.m2/repository/org/glassfish/jersey/media/jersey-media-jaxb/2.27/jersey-media-jaxb-2.27.jar:/home/user/.m2/repository/javax/validation/validation-api/1.1.0.Final/validation-api-1.1.0.Final.jar:/home/user/.m2/repository/org/glassfish/jersey/media/jersey-media-json-jackson/2.27/jersey-media-json-jackson-2.27.jar:/home/user/.m2/repository/org/glassfish/jersey/ext/jersey-entity-filtering/2.27/jersey-entity-filtering-2.27.jar:/home/user/.m2/repository/com/google/inject/extensions/guice-assistedinject/4.0/guice-assistedinject-4.0.jar:/home/user/.m2/repository/org/jooq/jooq/3.11.10/jooq-3.11.10.jar:/home/user/.m2/repository/org/jooq/jooq-meta/3.11.10/jooq-meta-3.11.10.jar:/home/user/.m2/repository/org/jooq/jooq-codegen/3.11.10/jooq-codegen-3.11.10.jar:/home/user/.m2/repository/com/jolbox/bonecp/0.8.0.RELEASE/bonecp-0.8.0.RELEASE.jar:/home/user/.m2/repository/org/xerial/sqlite-jdbc/3.25.2/sqlite-jdbc-3.25.2.jar:/home/user/.m2/repository/org/springframework/spring-jdbc/5.1.3.RELEASE/spring-jdbc-5.1.3.RELEASE.jar:/home/user/.m2/repository/org/springframework/spring-beans/5.1.3.RELEASE/spring-beans-5.1.3.RELEASE.jar:/home/user/.m2/repository/org/springframework/spring-core/5.1.3.RELEASE/spring-core-5.1.3.RELEASE.jar:/home/user/.m2/repository/org/springframework/spring-jcl/5.1.3.RELEASE/spring-jcl-5.1.3.RELEASE.jar:/home/user/.m2/repository/org/springframework/spring-tx/5.1.3.RELEASE/spring-tx-5.1.3.RELEASE.jar:/home/user/.m2/repository/org/apache/hadoop/hadoop-ozone-client/0.5.0-SNAPSHOT/hadoop-ozone-client-0.5.0-SNAPSHOT.jar:/home/user/.m2/repository/commons-lang/commons-lang/2.6/commons-lang-2.6.jar:/home/user/.m2/repository/org/apache/hadoop/hadoop-ozone-ozone-manager/0.5.0-SNAPSHOT/hadoop-ozone-ozone-manager-0.5.0-SNAPSHOT-tests.jar:/home/user/.m2/repository/junit/junit/4.11/junit-4.11.jar:/home/user/.m2/repository/org/hamcrest/hamcrest-core/1.3/hamcrest-core-1.3.jar:/home/user/.m2/repository/org/openjdk/jmh/jmh-core/1.19/jmh-core-1.19.jar:/home/user/.m2/repository/net/sf/jopt-simple/jopt-simple/4.6/jopt-simple-4.6.jar:/home/user/.m2/repository/org/apache/commons/commons-math3/3.1.1/commons-math3-3.1.1.jar:/home/user/.m2/repository/org/openjdk/jmh/jmh-generator-annprocess/1.19/jmh-generator-annprocess-1.19.jar:/home/user/.m2/repository/org/mockito/mockito-all/1.8.5/mockito-all-1.8.5.jar:/home/user/.m2/repository/org/apache/hadoop/hadoop-kms/3.2.0/hadoop-kms-3.2.0.jar:/home/user/.m2/repository/org/apache/hadoop/hadoop-auth/3.2.0/hadoop-auth-3.2.0.jar:/home/user/.m2/repository/com/nimbusds/nimbus-jose-jwt/4.41.1/nimbus-jose-jwt-4.41.1.jar:/home/user/.m2/repository/com/github/stephenc/jcip/jcip-annotations/1.0-1/jcip-annotations-1.0-1.jar:/home/user/.m2/repository/net/minidev/json-smart/2.3/json-smart-2.3.jar:/home/user/.m2/repository/net/minidev/accessors-smart/1.2/accessors-smart-1.2.jar:/home/user/.m2/repository/org/ow2/asm/asm/5.0.4/asm-5.0.4.jar:/home/user/.m2/repository/org/apache/curator/curator-framework/2.12.0/curator-framework-2.12.0.jar:/home/user/.m2/repository/com/sun/jersey/jersey-core/1.19/jersey-core-1.19.jar:/home/user/.m2/repository/javax/ws/rs/jsr311-api/1.1.1/jsr311-api-1.1.1.jar:/home/user/.m2/repository/com/sun/jersey/jersey-server/1.19/jersey-server-1.19.jar:/home/user/.m2/repository/javax/servlet/javax.servlet-api/3.1.0/javax.servlet-api-3.1.0.jar:/home/user/.m2/repository/org/eclipse/jetty/jetty-server/9.3.25.v20180904/jetty-server-9.3.25.v20180904.jar:/home/user/.m2/repository/org/eclipse/jetty/jetty-http/9.3.25.v20180904/jetty-http-9.3.25.v20180904.jar:/home/user/.m2/repository/org/eclipse/jetty/jetty-io/9.3.25.v20180904/jetty-io-9.3.25.v20180904.jar:/home/user/.m2/repository/org/eclipse/jetty/jetty-webapp/9.3.25.v20180904/jetty-webapp-9.3.25.v20180904.jar:/home/user/.m2/repository/org/eclipse/jetty/jetty-xml/9.3.25.v20180904/jetty-xml-9.3.25.v20180904.jar:/home/user/.m2/repository/log4j/log4j/1.2.17/log4j-1.2.17.jar:/home/user/.m2/repository/org/slf4j/slf4j-api/1.7.25/slf4j-api-1.7.25.jar:/home/user/.m2/repository/org/slf4j/jul-to-slf4j/1.7.25/jul-to-slf4j-1.7.25.jar:/home/user/.m2/repository/org/eclipse/jetty/jetty-util/9.3.25.v20180904/jetty-util-9.3.25.v20180904.jar:/home/user/.m2/repository/com/fasterxml/jackson/core/jackson-databind/2.9.9/jackson-databind-2.9.9.jar:/home/user/.m2/repository/org/apache/hadoop/hadoop-kms/3.2.0/hadoop-kms-3.2.0-tests.jar:/home/user/.m2/repository/org/apache/hadoop/hadoop-hdds-server-scm/0.5.0-SNAPSHOT/hadoop-hdds-server-scm-0.5.0-SNAPSHOT-tests.jar:/home/user/.m2/repository/org/apache/hadoop/hadoop-hdds-container-service/0.5.0-SNAPSHOT/hadoop-hdds-container-service-0.5.0-SNAPSHOT-tests.jar:/home/user/.m2/repository/org/yaml/snakeyaml/1.16/snakeyaml-1.16.jar:/home/user/.m2/repository/org/apache/hadoop/hadoop-common/3.2.0/hadoop-common-3.2.0-tests.jar:/home/user/.m2/repository/org/apache/hadoop/hadoop-annotations/3.2.0/hadoop-annotations-3.2.0.jar:/usr/lib/jvm/java-1.8-openjdk/jre/../lib/tools.jar:/home/user/.m2/repository/commons-cli/commons-cli/1.2/commons-cli-1.2.jar:/home/user/.m2/repository/org/apache/httpcomponents/httpclient/4.5.2/httpclient-4.5.2.jar:/home/user/.m2/repository/org/apache/httpcomponents/httpcore/4.4.4/httpcore-4.4.4.jar:/home/user/.m2/repository/commons-codec/commons-codec/1.11/commons-codec-1.11.jar:/home/user/.m2/repository/commons-net/commons-net/3.6/commons-net-3.6.jar:/home/user/.m2/repository/commons-collections/commons-collections/3.2.2/commons-collections-3.2.2.jar:/home/user/.m2/repository/org/eclipse/jetty/jetty-servlet/9.3.25.v20180904/jetty-servlet-9.3.25.v20180904.jar:/home/user/.m2/repository/org/eclipse/jetty/jetty-security/9.3.25.v20180904/jetty-security-9.3.25.v20180904.jar:/home/user/.m2/repository/javax/servlet/jsp/jsp-api/2.1/jsp-api-2.1.jar:/home/user/.m2/repository/com/sun/jersey/jersey-servlet/1.19/jersey-servlet-1.19.jar:/home/user/.m2/repository/com/sun/jersey/jersey-json/1.19/jersey-json-1.19.jar:/home/user/.m2/repository/org/codehaus/jettison/jettison/1.1/jettison-1.1.jar:/home/user/.m2/repository/org/codehaus/jackson/jackson-core-asl/1.9.13/jackson-core-asl-1.9.13.jar:/home/user/.m2/repository/org/codehaus/jackson/jackson-mapper-asl/1.9.13/jackson-mapper-asl-1.9.13.jar:/home/user/.m2/repository/org/codehaus/jackson/jackson-jaxrs/1.9.13/jackson-jaxrs-1.9.13.jar:/home/user/.m2/repository/org/codehaus/jackson/jackson-xc/1.9.13/jackson-xc-1.9.13.jar:/home/user/.m2/repository/commons-logging/commons-logging/1.1.3/commons-logging-1.1.3.jar:/home/user/.m2/repository/commons-beanutils/commons-beanutils/1.9.4/commons-beanutils-1.9.4.jar:/home/user/.m2/repository/org/apache/commons/commons-configuration2/2.1.1/commons-configuration2-2.1.1.jar:/home/user/.m2/repository/org/apache/commons/commons-lang3/3.7/commons-lang3-3.7.jar:/home/user/.m2/repository/org/apache/commons/commons-text/1.4/commons-text-1.4.jar:/home/user/.m2/repository/org/apache/avro/avro/1.7.7/avro-1.7.7.jar:/home/user/.m2/repository/com/thoughtworks/paranamer/paranamer/2.3/paranamer-2.3.jar:/home/user/.m2/repository/org/xerial/snappy/snappy-java/1.0.5/snappy-java-1.0.5.jar:/home/user/.m2/repository/com/google/re2j/re2j/1.1/re2j-1.1.jar:/home/user/.m2/repository/com/google/code/gson/gson/2.2.4/gson-2.2.4.jar:/home/user/.m2/repository/com/jcraft/jsch/0.1.54/jsch-0.1.54.jar:/home/user/.m2/repository/org/apache/curator/curator-client/2.12.0/curator-client-2.12.0.jar:/home/user/.m2/repository/org/apache/curator/curator-recipes/2.12.0/curator-recipes-2.12.0.jar:/home/user/.m2/repository/com/google/code/findbugs/jsr305/3.0.0/jsr305-3.0.0.jar:/home/user/.m2/repository/org/apache/htrace/htrace-core4/4.1.0-incubating/htrace-core4-4.1.0-incubating.jar:/home/user/.m2/repository/org/apache/zookeeper/zookeeper/3.4.13/zookeeper-3.4.13.jar:/home/user/.m2/repository/jline/jline/0.9.94/jline-0.9.94.jar:/home/user/.m2/repository/org/apache/yetus/audience-annotations/0.5.0/audience-annotations-0.5.0.jar:/home/user/.m2/repository/org/codehaus/woodstox/stax2-api/3.1.4/stax2-api-3.1.4.jar:/home/user/.m2/repository/com/fasterxml/woodstox/woodstox-core/5.0.3/woodstox-core-5.0.3.jar:/home/user/.m2/repository/dnsjava/dnsjava/2.1.7/dnsjava-2.1.7.jar:/home/user/.m2/repository/org/apache/hadoop/hadoop-hdfs/3.2.0/hadoop-hdfs-3.2.0-tests.jar:/home/user/.m2/repository/org/eclipse/jetty/jetty-util-ajax/9.3.25.v20180904/jetty-util-ajax-9.3.25.v20180904.jar:/home/user/.m2/repository/commons-daemon/commons-daemon/1.0.13/commons-daemon-1.0.13.jar:/home/user/.m2/repository/io/netty/netty/3.10.5.Final/netty-3.10.5.Final.jar:/home/user/.m2/repository/io/netty/netty-all/4.0.52.Final/netty-all-4.0.52.Final.jar:/home/user/.m2/repository/org/fusesource/leveldbjni/leveldbjni-all/1.8/leveldbjni-all-1.8.jar:"/>
    <property name="sun.cpu.endian" value="little"/>
    <property name="user.home" value="/home/user"/>
    <property name="user.language" value="en"/>
    <property name="java.specification.vendor" value="Oracle Corporation"/>
    <property name="java.home" value="/usr/lib/jvm/java-1.8-openjdk/jre"/>
    <property name="java.security.krb5.conf" value="/workdir/hadoop-ozone/integration-test/target/test-classes/krb5.conf"/>
    <property name="basedir" value="/workdir/hadoop-ozone/integration-test"/>
    <property name="file.separator" value="/"/>
    <property name="line.separator" value="&#10;"/>
    <property name="java.vm.specification.vendor" value="Oracle Corporation"/>
    <property name="java.specification.name" value="Java Platform API Specification"/>
    <property name="java.awt.graphicsenv" value="sun.awt.X11GraphicsEnvironment"/>
    <property name="surefire.real.class.path" value="/workdir/hadoop-ozone/integration-test/target/surefire/surefirebooter7812266805416837190.jar"/>
    <property name="hadoop.log.dir" value="/workdir/hadoop-ozone/integration-test/target/log"/>
    <property name="sun.boot.class.path" value="/usr/lib/jvm/java-1.8-openjdk/jre/lib/resources.jar:/usr/lib/jvm/java-1.8-openjdk/jre/lib/rt.jar:/usr/lib/jvm/java-1.8-openjdk/jre/lib/sunrsasign.jar:/usr/lib/jvm/java-1.8-openjdk/jre/lib/jsse.jar:/usr/lib/jvm/java-1.8-openjdk/jre/lib/jce.jar:/usr/lib/jvm/java-1.8-openjdk/jre/lib/charsets.jar:/usr/lib/jvm/java-1.8-openjdk/jre/lib/jfr.jar:/usr/lib/jvm/java-1.8-openjdk/jre/classes"/>
    <property name="sun.management.compiler" value="HotSpot 64-Bit Tiered Compilers"/>
    <property name="java.runtime.version" value="1.8.0_212-b04"/>
    <property name="java.net.preferIPv4Stack" value="true"/>
    <property name="user.name" value="jenkins1000"/>
    <property name="path.separator" value=":"/>
    <property name="java.security.egd" value="file:///dev/urandom"/>
    <property name="os.version" value="3.10.0-957.12.2.el7.x86_64"/>
    <property name="java.endorsed.dirs" value="/usr/lib/jvm/java-1.8-openjdk/jre/lib/endorsed"/>
    <property name="java.runtime.name" value="OpenJDK Runtime Environment"/>
    <property name="file.encoding" value="UTF-8"/>
    <property name="java.vm.name" value="OpenJDK 64-Bit Server VM"/>
    <property name="test.build.webapps" value=""/>
    <property name="localRepository" value="/home/user/.m2/repository"/>
    <property name="java.vendor.url.bug" value="https://icedtea.classpath.org/bugzilla"/>
    <property name="java.io.tmpdir" value="/tmp"/>
    <property name="require.test.libhadoop" value=""/>
    <property name="java.version" value="1.8.0_212"/>
    <property name="user.dir" value="/workdir/hadoop-ozone/integration-test"/>
    <property name="os.arch" value="amd64"/>
    <property name="java.vm.specification.name" value="Java Virtual Machine Specification"/>
    <property name="test.build.classes" value="/workdir/hadoop-ozone/integration-test/target/test-classes"/>
    <property name="java.awt.printerjob" value="sun.print.PSPrinterJob"/>
    <property name="sun.os.patch.level" value="unknown"/>
    <property name="hadoop.tmp.dir" value="/workdir/hadoop-ozone/integration-test/target/tmp"/>
    <property name="java.library.path" value="/usr/lib/jvm/java-1.8-openjdk/jre/lib/amd64/server:/usr/lib/jvm/java-1.8-openjdk/jre/lib/amd64:/usr/lib/jvm/java-1.8-openjdk/jre/../lib/amd64:/workdir/hadoop-ozone/integration-test/target/native/target/usr/local/lib:/workdir/hadoop-ozone/integration-test/../../hadoop-common-project/hadoop-common/target/native/target/usr/local/lib:/usr/java/packages/lib/amd64:/usr/lib64:/lib64:/lib:/usr/lib"/>
    <property name="java.vm.info" value="mixed mode"/>
    <property name="java.vendor" value="IcedTea"/>
    <property name="java.vm.version" value="25.212-b04"/>
    <property name="java.ext.dirs" value="/usr/lib/jvm/java-1.8-openjdk/jre/lib/ext:/usr/java/packages/lib/ext"/>
    <property name="sun.io.unicode.encoding" value="UnicodeLittle"/>
    <property name="java.class.version" value="52.0"/>
  </properties>
  <testcase name="testWatchForCommitWithKeyWrite" classname="org.apache.hadoop.ozone.client.rpc.TestWatchForCommit" time="73.238"/>
  <testcase name="testWatchForCommitWithSmallerTimeoutValue" classname="org.apache.hadoop.ozone.client.rpc.TestWatchForCommit" time="44.348"/>
  <testcase name="testWatchForCommitForRetryfailure" classname="org.apache.hadoop.ozone.client.rpc.TestWatchForCommit" time="60.924">
    <failure type="java.lang.AssertionError">java.lang.AssertionError
	at org.junit.Assert.fail(Assert.java:86)
	at org.junit.Assert.assertTrue(Assert.java:41)
	at org.junit.Assert.assertTrue(Assert.java:52)
	at org.apache.hadoop.ozone.client.rpc.TestWatchForCommit.testWatchForCommitForRetryfailure(TestWatchForCommit.java:348)
	at sun.reflect.NativeMethodAccessorImpl.invoke0(Native Method)
	at sun.reflect.NativeMethodAccessorImpl.invoke(NativeMethodAccessorImpl.java:62)
	at sun.reflect.DelegatingMethodAccessorImpl.invoke(DelegatingMethodAccessorImpl.java:43)
	at java.lang.reflect.Method.invoke(Method.java:498)
	at org.junit.runners.model.FrameworkMethod$1.runReflectiveCall(FrameworkMethod.java:47)
	at org.junit.internal.runners.model.ReflectiveCallable.run(ReflectiveCallable.java:12)
	at org.junit.runners.model.FrameworkMethod.invokeExplosively(FrameworkMethod.java:44)
	at org.junit.internal.runners.statements.InvokeMethod.evaluate(InvokeMethod.java:17)
	at org.junit.runners.ParentRunner.runLeaf(ParentRunner.java:271)
	at org.junit.runners.BlockJUnit4ClassRunner.runChild(BlockJUnit4ClassRunner.java:70)
	at org.junit.runners.BlockJUnit4ClassRunner.runChild(BlockJUnit4ClassRunner.java:50)
	at org.junit.runners.ParentRunner$3.run(ParentRunner.java:238)
	at org.junit.runners.ParentRunner$1.schedule(ParentRunner.java:63)
	at org.junit.runners.ParentRunner.runChildren(ParentRunner.java:236)
	at org.junit.runners.ParentRunner.access$000(ParentRunner.java:53)
	at org.junit.runners.ParentRunner$2.evaluate(ParentRunner.java:229)
	at org.junit.runners.ParentRunner.run(ParentRunner.java:309)
	at org.apache.maven.surefire.junit4.JUnit4Provider.execute(JUnit4Provider.java:365)
	at org.apache.maven.surefire.junit4.JUnit4Provider.executeWithRerun(JUnit4Provider.java:273)
	at org.apache.maven.surefire.junit4.JUnit4Provider.executeTestSet(JUnit4Provider.java:238)
	at org.apache.maven.surefire.junit4.JUnit4Provider.invoke(JUnit4Provider.java:159)
	at org.apache.maven.surefire.booter.ForkedBooter.invokeProviderInSameClassLoader(ForkedBooter.java:384)
	at org.apache.maven.surefire.booter.ForkedBooter.runSuitesInProcess(ForkedBooter.java:345)
	at org.apache.maven.surefire.booter.ForkedBooter.execute(ForkedBooter.java:126)
	at org.apache.maven.surefire.booter.ForkedBooter.main(ForkedBooter.java:418)
</failure>
    <system-out><![CDATA[2019-10-05 01:01:12,330 [main] WARN  server.ServerUtils (ServerUtils.java:getScmDbDir(145)) - ozone.scm.db.dirs is not configured. We recommend adding this setting. Falling back to ozone.metadata.dirs instead.
2019-10-05 01:01:12,344 [main] WARN  server.ServerUtils (ServerUtils.java:getScmDbDir(145)) - ozone.scm.db.dirs is not configured. We recommend adding this setting. Falling back to ozone.metadata.dirs instead.
2019-10-05 01:01:12,345 [main] WARN  server.ServerUtils (ServerUtils.java:getScmDbDir(145)) - ozone.scm.db.dirs is not configured. We recommend adding this setting. Falling back to ozone.metadata.dirs instead.
2019-10-05 01:01:12,345 [main] INFO  db.DBStoreBuilder (DBStoreBuilder.java:addTable(117)) - using custom profile for table: deletedBlocks
2019-10-05 01:01:12,345 [main] INFO  db.DBStoreBuilder (DBStoreBuilder.java:processTables(168)) - Using default column profile:DBProfile.DISK for Table:deletedBlocks
2019-10-05 01:01:12,346 [main] INFO  db.DBStoreBuilder (DBStoreBuilder.java:addTable(117)) - using custom profile for table: validCerts
2019-10-05 01:01:12,346 [main] INFO  db.DBStoreBuilder (DBStoreBuilder.java:processTables(168)) - Using default column profile:DBProfile.DISK for Table:validCerts
2019-10-05 01:01:12,346 [main] INFO  db.DBStoreBuilder (DBStoreBuilder.java:addTable(117)) - using custom profile for table: revokedCerts
2019-10-05 01:01:12,346 [main] INFO  db.DBStoreBuilder (DBStoreBuilder.java:processTables(168)) - Using default column profile:DBProfile.DISK for Table:revokedCerts
2019-10-05 01:01:12,346 [main] INFO  db.DBStoreBuilder (DBStoreBuilder.java:addTable(117)) - using custom profile for table: default
2019-10-05 01:01:12,347 [main] INFO  db.DBStoreBuilder (DBStoreBuilder.java:processTables(174)) - Using default column profile:DBProfile.DISK for Table:default
2019-10-05 01:01:12,347 [main] INFO  db.DBStoreBuilder (DBStoreBuilder.java:getDbProfile(205)) - Using default options. DBProfile.DISK
2019-10-05 01:01:12,508 [main] INFO  net.NodeSchemaLoader (NodeSchemaLoader.java:loadSchemaFromFile(125)) - Loading file from sun.misc.CompoundEnumeration@41ef1ea2
2019-10-05 01:01:12,508 [main] INFO  net.NodeSchemaLoader (NodeSchemaLoader.java:loadSchema(171)) - Loading network topology layer schema file
2019-10-05 01:01:12,513 [main] WARN  server.ServerUtils (ServerUtils.java:sanitizeUserArgs(70)) - ozone.scm.stale.node.interval value = 300000 is larger than max = 100000 based on the key value of ozone.scm.heartbeat.thread.interval, reset to the max value 100000.
2019-10-05 01:01:12,513 [main] WARN  server.ServerUtils (ServerUtils.java:sanitizeUserArgs(70)) - ozone.scm.stale.node.interval value = 300000 is larger than max = 100000 based on the key value of ozone.scm.heartbeat.thread.interval, reset to the max value 100000.
2019-10-05 01:01:12,514 [main] INFO  node.SCMNodeManager (SCMNodeManager.java:<init>(116)) - Entering startup safe mode.
2019-10-05 01:01:12,515 [main] INFO  algorithms.ContainerPlacementPolicyFactory (ContainerPlacementPolicyFactory.java:getPolicy(57)) - Create container placement policy of type org.apache.hadoop.hdds.scm.container.placement.algorithms.SCMContainerPlacementRandom
2019-10-05 01:01:12,516 [main] WARN  server.ServerUtils (ServerUtils.java:getScmDbDir(145)) - ozone.scm.db.dirs is not configured. We recommend adding this setting. Falling back to ozone.metadata.dirs instead.
2019-10-05 01:01:12,564 [main] INFO  pipeline.SCMPipelineManager (SCMPipelineManager.java:initializePipelineState(132)) - No pipeline exists in current db
2019-10-05 01:01:12,564 [main] WARN  server.ServerUtils (ServerUtils.java:getScmDbDir(145)) - ozone.scm.db.dirs is not configured. We recommend adding this setting. Falling back to ozone.metadata.dirs instead.
2019-10-05 01:01:12,608 [main] WARN  events.EventQueue (EventQueue.java:fireEvent(183)) - No event handler registered for event TypedEvent{payloadType=SafeModeStatus, name='SafeModeStatus'}
2019-10-05 01:01:12,609 [main] INFO  ipc.CallQueueManager (CallQueueManager.java:<init>(84)) - Using callQueue: class java.util.concurrent.LinkedBlockingQueue, queueCapacity: 2000, scheduler: class org.apache.hadoop.ipc.DefaultRpcScheduler, ipcBackoff: false.
2019-10-05 01:01:12,611 [Socket Reader #1 for port 46431] INFO  ipc.Server (Server.java:run(1074)) - Starting Socket Reader #1 for port 46431
2019-10-05 01:01:12,613 [main] INFO  ipc.CallQueueManager (CallQueueManager.java:<init>(84)) - Using callQueue: class java.util.concurrent.LinkedBlockingQueue, queueCapacity: 2000, scheduler: class org.apache.hadoop.ipc.DefaultRpcScheduler, ipcBackoff: false.
2019-10-05 01:01:12,615 [Socket Reader #1 for port 43749] INFO  ipc.Server (Server.java:run(1074)) - Starting Socket Reader #1 for port 43749
2019-10-05 01:01:12,617 [main] INFO  ipc.CallQueueManager (CallQueueManager.java:<init>(84)) - Using callQueue: class java.util.concurrent.LinkedBlockingQueue, queueCapacity: 2000, scheduler: class org.apache.hadoop.ipc.DefaultRpcScheduler, ipcBackoff: false.
2019-10-05 01:01:12,618 [Socket Reader #1 for port 44046] INFO  ipc.Server (Server.java:run(1074)) - Starting Socket Reader #1 for port 44046
2019-10-05 01:01:12,622 [main] INFO  hdfs.DFSUtil (DFSUtil.java:httpServerTemplateForNNAndJN(1641)) - Starting Web-server for scm at: http://0.0.0.0:0
2019-10-05 01:01:12,625 [main] INFO  server.AuthenticationFilter (AuthenticationFilter.java:constructSecretProvider(240)) - Unable to initialize FileSignerSecretProvider, falling back to use random secrets.
2019-10-05 01:01:12,626 [main] WARN  http.HttpRequestLog (HttpRequestLog.java:getRequestLog(97)) - Jetty request log can only be enabled using Log4j
2019-10-05 01:01:12,629 [main] INFO  http.HttpServer2 (HttpServer2.java:addGlobalFilter(975)) - Added global filter 'safety' (class=org.apache.hadoop.http.HttpServer2$QuotingInputFilter)
2019-10-05 01:01:12,630 [main] INFO  http.HttpServer2 (HttpServer2.java:addFilter(948)) - Added filter static_user_filter (class=org.apache.hadoop.http.lib.StaticUserWebFilter$StaticUserFilter) to context scm
2019-10-05 01:01:12,630 [main] INFO  http.HttpServer2 (HttpServer2.java:addFilter(958)) - Added filter static_user_filter (class=org.apache.hadoop.http.lib.StaticUserWebFilter$StaticUserFilter) to context static
2019-10-05 01:01:12,630 [main] INFO  http.HttpServer2 (HttpServer2.java:addFilter(958)) - Added filter static_user_filter (class=org.apache.hadoop.http.lib.StaticUserWebFilter$StaticUserFilter) to context logs
2019-10-05 01:01:12,633 [main] INFO  server.StorageContainerManager (StorageContainerManager.java:start(770)) - StorageContainerLocationProtocol RPC server is listening at /0.0.0.0:44046
2019-10-05 01:01:12,637 [main] WARN  impl.MetricsConfig (MetricsConfig.java:loadFirst(134)) - Cannot locate configuration: tried hadoop-metrics2-storagecontainermanager.properties,hadoop-metrics2.properties
2019-10-05 01:01:12,639 [main] INFO  impl.MetricsSystemImpl (MetricsSystemImpl.java:startTimer(374)) - Scheduled Metric snapshot period at 10 second(s).
2019-10-05 01:01:12,639 [main] INFO  impl.MetricsSystemImpl (MetricsSystemImpl.java:start(191)) - StorageContainerManager metrics system started
2019-10-05 01:01:12,667 [main] INFO  lib.Interns (Interns.java:removeEldestEntry(50)) - Metrics intern cache overflow at 2011 for MetricsSystem={MetricsSystem=MetricsInfoImpl{name=MetricsSystem, description=MetricsSystem}, MetricsSystem record=MetricsInfoImpl{name=MetricsSystem, description=MetricsSystem record}}
2019-10-05 01:01:12,714 [main] WARN  impl.MetricsSystemImpl (MetricsSystemImpl.java:register(276)) - Sink prometheus already exists!
2019-10-05 01:01:12,722 [main] INFO  server.SCMClientProtocolServer (SCMClientProtocolServer.java:start(159)) - RPC server for Client  is listening at /0.0.0.0:44046
2019-10-05 01:01:12,722 [IPC Server Responder] INFO  ipc.Server (Server.java:run(1314)) - IPC Server Responder: starting
2019-10-05 01:01:12,722 [IPC Server listener on 44046] INFO  ipc.Server (Server.java:run(1153)) - IPC Server listener on 44046: starting
2019-10-05 01:01:12,727 [main] INFO  server.StorageContainerManager (StorageContainerManager.java:start(780)) - ScmBlockLocationProtocol RPC server is listening at /0.0.0.0:43749
2019-10-05 01:01:12,727 [main] INFO  server.SCMBlockProtocolServer (SCMBlockProtocolServer.java:start(146)) - RPC server for Block Protocol is listening at /0.0.0.0:43749
2019-10-05 01:01:12,727 [IPC Server Responder] INFO  ipc.Server (Server.java:run(1314)) - IPC Server Responder: starting
2019-10-05 01:01:12,729 [IPC Server listener on 43749] INFO  ipc.Server (Server.java:run(1153)) - IPC Server listener on 43749: starting
2019-10-05 01:01:12,732 [main] INFO  server.StorageContainerManager (StorageContainerManager.java:start(784)) - ScmDatanodeProtocl RPC server is listening at /0.0.0.0:46431
2019-10-05 01:01:12,732 [main] INFO  server.SCMDatanodeProtocolServer (SCMDatanodeProtocolServer.java:start(169)) - RPC server for DataNodes is listening at /0.0.0.0:46431
2019-10-05 01:01:12,733 [IPC Server Responder] INFO  ipc.Server (Server.java:run(1314)) - IPC Server Responder: starting
2019-10-05 01:01:12,733 [IPC Server listener on 46431] INFO  ipc.Server (Server.java:run(1153)) - IPC Server listener on 46431: starting
2019-10-05 01:01:12,737 [main] INFO  http.HttpServer2 (HttpServer2.java:bindListener(1191)) - Jetty bound to port 38950
2019-10-05 01:01:12,737 [main] INFO  server.Server (Server.java:doStart(351)) - jetty-9.3.25.v20180904, build timestamp: 2018-09-04T21:11:46Z, git hash: 3ce520221d0240229c862b122d2b06c12a625732
2019-10-05 01:01:12,739 [main] INFO  handler.ContextHandler (ContextHandler.java:doStart(781)) - Started o.e.j.s.ServletContextHandler@62765aec{/logs,file:///workdir/hadoop-ozone/integration-test/target/log,AVAILABLE}
2019-10-05 01:01:12,740 [main] INFO  handler.ContextHandler (ContextHandler.java:doStart(781)) - Started o.e.j.s.ServletContextHandler@3a401749{/static,file:///workdir/hadoop-ozone/integration-test/target/test-classes/webapps/static,AVAILABLE}
2019-10-05 01:01:12,744 [main] INFO  handler.ContextHandler (ContextHandler.java:doStart(781)) - Started o.e.j.w.WebAppContext@17043b04{/,file:///workdir/hadoop-ozone/integration-test/target/test-classes/webapps/scm/,AVAILABLE}{/scm}
2019-10-05 01:01:12,744 [main] INFO  server.AbstractConnector (AbstractConnector.java:doStart(278)) - Started ServerConnector@511f5b1d{HTTP/1.1,[http/1.1]}{0.0.0.0:38950}
2019-10-05 01:01:12,745 [main] INFO  server.Server (Server.java:doStart(419)) - Started @118442ms
2019-10-05 01:01:12,745 [main] WARN  impl.MetricsSystemImpl (MetricsSystemImpl.java:register(276)) - Sink prometheus already exists!
2019-10-05 01:01:12,746 [main] INFO  server.BaseHttpServer (BaseHttpServer.java:updateConnectorAddress(215)) - HTTP server of SCM is listening at http://0.0.0.0:38950
2019-10-05 01:01:12,748 [main] WARN  server.ServerUtils (ServerUtils.java:getDBPath(222)) - ozone.om.db.dirs is not configured. We recommend adding this setting. Falling back to ozone.metadata.dirs instead.
2019-10-05 01:01:12,748 [org.apache.hadoop.util.JvmPauseMonitor$Monitor@7a687d8d] INFO  util.JvmPauseMonitor (JvmPauseMonitor.java:run(188)) - Starting JVM pause monitor
2019-10-05 01:01:12,761 [main] INFO  ha.OMHANodeDetails (OMHANodeDetails.java:loadOMHAConfig(190)) - Configuration either no ozone.om.address set. Falling back to the default OM address /127.0.0.1:0
2019-10-05 01:01:12,761 [main] INFO  ha.OMHANodeDetails (OMHANodeDetails.java:getOMNodeDetails(220)) - OM Service ID is not set. Setting it to the default ID: omServiceIdDefault
2019-10-05 01:01:12,762 [main] WARN  server.ServerUtils (ServerUtils.java:getDBPath(222)) - ozone.om.db.dirs is not configured. We recommend adding this setting. Falling back to ozone.metadata.dirs instead.
2019-10-05 01:01:12,762 [main] WARN  server.ServerUtils (ServerUtils.java:getDBPath(222)) - ozone.om.db.dirs is not configured. We recommend adding this setting. Falling back to ozone.metadata.dirs instead.
2019-10-05 01:01:12,771 [main] WARN  server.ServerUtils (ServerUtils.java:getDBPath(222)) - ozone.om.db.dirs is not configured. We recommend adding this setting. Falling back to ozone.metadata.dirs instead.
2019-10-05 01:01:12,771 [main] INFO  db.DBStoreBuilder (DBStoreBuilder.java:addTable(117)) - using custom profile for table: userTable
2019-10-05 01:01:12,771 [main] INFO  db.DBStoreBuilder (DBStoreBuilder.java:processTables(168)) - Using default column profile:DBProfile.DISK for Table:userTable
2019-10-05 01:01:12,771 [main] INFO  db.DBStoreBuilder (DBStoreBuilder.java:addTable(117)) - using custom profile for table: volumeTable
2019-10-05 01:01:12,772 [main] INFO  db.DBStoreBuilder (DBStoreBuilder.java:processTables(168)) - Using default column profile:DBProfile.DISK for Table:volumeTable
2019-10-05 01:01:12,772 [main] INFO  db.DBStoreBuilder (DBStoreBuilder.java:addTable(117)) - using custom profile for table: bucketTable
2019-10-05 01:01:12,772 [main] INFO  db.DBStoreBuilder (DBStoreBuilder.java:processTables(168)) - Using default column profile:DBProfile.DISK for Table:bucketTable
2019-10-05 01:01:12,772 [main] INFO  db.DBStoreBuilder (DBStoreBuilder.java:addTable(117)) - using custom profile for table: keyTable
2019-10-05 01:01:12,772 [main] INFO  db.DBStoreBuilder (DBStoreBuilder.java:processTables(168)) - Using default column profile:DBProfile.DISK for Table:keyTable
2019-10-05 01:01:12,772 [main] INFO  db.DBStoreBuilder (DBStoreBuilder.java:addTable(117)) - using custom profile for table: deletedTable
2019-10-05 01:01:12,773 [main] INFO  db.DBStoreBuilder (DBStoreBuilder.java:processTables(168)) - Using default column profile:DBProfile.DISK for Table:deletedTable
2019-10-05 01:01:12,773 [main] INFO  db.DBStoreBuilder (DBStoreBuilder.java:addTable(117)) - using custom profile for table: openKeyTable
2019-10-05 01:01:12,773 [main] INFO  db.DBStoreBuilder (DBStoreBuilder.java:processTables(168)) - Using default column profile:DBProfile.DISK for Table:openKeyTable
2019-10-05 01:01:12,773 [main] INFO  db.DBStoreBuilder (DBStoreBuilder.java:addTable(117)) - using custom profile for table: s3Table
2019-10-05 01:01:12,773 [main] INFO  db.DBStoreBuilder (DBStoreBuilder.java:processTables(168)) - Using default column profile:DBProfile.DISK for Table:s3Table
2019-10-05 01:01:12,773 [main] INFO  db.DBStoreBuilder (DBStoreBuilder.java:addTable(117)) - using custom profile for table: multipartInfoTable
2019-10-05 01:01:12,774 [main] INFO  db.DBStoreBuilder (DBStoreBuilder.java:processTables(168)) - Using default column profile:DBProfile.DISK for Table:multipartInfoTable
2019-10-05 01:01:12,774 [main] INFO  db.DBStoreBuilder (DBStoreBuilder.java:addTable(117)) - using custom profile for table: dTokenTable
2019-10-05 01:01:12,774 [main] INFO  db.DBStoreBuilder (DBStoreBuilder.java:processTables(168)) - Using default column profile:DBProfile.DISK for Table:dTokenTable
2019-10-05 01:01:12,774 [main] INFO  db.DBStoreBuilder (DBStoreBuilder.java:addTable(117)) - using custom profile for table: s3SecretTable
2019-10-05 01:01:12,774 [main] INFO  db.DBStoreBuilder (DBStoreBuilder.java:processTables(168)) - Using default column profile:DBProfile.DISK for Table:s3SecretTable
2019-10-05 01:01:12,774 [main] INFO  db.DBStoreBuilder (DBStoreBuilder.java:addTable(117)) - using custom profile for table: prefixTable
2019-10-05 01:01:12,774 [main] INFO  db.DBStoreBuilder (DBStoreBuilder.java:processTables(168)) - Using default column profile:DBProfile.DISK for Table:prefixTable
2019-10-05 01:01:12,775 [main] INFO  db.DBStoreBuilder (DBStoreBuilder.java:addTable(117)) - using custom profile for table: default
2019-10-05 01:01:12,775 [main] INFO  db.DBStoreBuilder (DBStoreBuilder.java:processTables(174)) - Using default column profile:DBProfile.DISK for Table:default
2019-10-05 01:01:12,775 [main] INFO  db.DBStoreBuilder (DBStoreBuilder.java:getDbProfile(205)) - Using default options. DBProfile.DISK
2019-10-05 01:01:13,192 [main] INFO  ipc.CallQueueManager (CallQueueManager.java:<init>(84)) - Using callQueue: class java.util.concurrent.LinkedBlockingQueue, queueCapacity: 2000, scheduler: class org.apache.hadoop.ipc.DefaultRpcScheduler, ipcBackoff: false.
2019-10-05 01:01:13,193 [Socket Reader #1 for port 46375] INFO  ipc.Server (Server.java:run(1074)) - Starting Socket Reader #1 for port 46375
2019-10-05 01:01:13,206 [main] INFO  om.OzoneManager (OzoneManager.java:start(1069)) - OzoneManager RPC server is listening at localhost/127.0.0.1:46375
2019-10-05 01:01:13,206 [main] INFO  impl.MetricsSystemImpl (MetricsSystemImpl.java:init(158)) - OzoneManager metrics system started (again)
2019-10-05 01:01:13,209 [IPC Server Responder] INFO  ipc.Server (Server.java:run(1314)) - IPC Server Responder: starting
2019-10-05 01:01:13,209 [IPC Server listener on 46375] INFO  ipc.Server (Server.java:run(1153)) - IPC Server listener on 46375: starting
2019-10-05 01:01:13,215 [main] INFO  hdfs.DFSUtil (DFSUtil.java:httpServerTemplateForNNAndJN(1641)) - Starting Web-server for ozoneManager at: http://0.0.0.0:0
2019-10-05 01:01:13,216 [main] INFO  server.AuthenticationFilter (AuthenticationFilter.java:constructSecretProvider(240)) - Unable to initialize FileSignerSecretProvider, falling back to use random secrets.
2019-10-05 01:01:13,216 [main] WARN  http.HttpRequestLog (HttpRequestLog.java:getRequestLog(97)) - Jetty request log can only be enabled using Log4j
2019-10-05 01:01:13,218 [main] INFO  http.HttpServer2 (HttpServer2.java:addGlobalFilter(975)) - Added global filter 'safety' (class=org.apache.hadoop.http.HttpServer2$QuotingInputFilter)
2019-10-05 01:01:13,218 [main] INFO  http.HttpServer2 (HttpServer2.java:addFilter(948)) - Added filter static_user_filter (class=org.apache.hadoop.http.lib.StaticUserWebFilter$StaticUserFilter) to context ozoneManager
2019-10-05 01:01:13,218 [main] INFO  http.HttpServer2 (HttpServer2.java:addFilter(958)) - Added filter static_user_filter (class=org.apache.hadoop.http.lib.StaticUserWebFilter$StaticUserFilter) to context static
2019-10-05 01:01:13,219 [main] INFO  http.HttpServer2 (HttpServer2.java:addFilter(958)) - Added filter static_user_filter (class=org.apache.hadoop.http.lib.StaticUserWebFilter$StaticUserFilter) to context logs
2019-10-05 01:01:13,219 [main] INFO  http.HttpServer2 (HttpServer2.java:bindListener(1191)) - Jetty bound to port 39925
2019-10-05 01:01:13,219 [main] INFO  server.Server (Server.java:doStart(351)) - jetty-9.3.25.v20180904, build timestamp: 2018-09-04T21:11:46Z, git hash: 3ce520221d0240229c862b122d2b06c12a625732
2019-10-05 01:01:13,221 [main] INFO  handler.ContextHandler (ContextHandler.java:doStart(781)) - Started o.e.j.s.ServletContextHandler@47acd13b{/logs,file:///workdir/hadoop-ozone/integration-test/target/log,AVAILABLE}
2019-10-05 01:01:13,221 [main] INFO  handler.ContextHandler (ContextHandler.java:doStart(781)) - Started o.e.j.s.ServletContextHandler@77d381e6{/static,file:///workdir/hadoop-ozone/integration-test/target/test-classes/webapps/static,AVAILABLE}
2019-10-05 01:01:13,225 [main] INFO  handler.ContextHandler (ContextHandler.java:doStart(781)) - Started o.e.j.w.WebAppContext@1a01d7f0{/,file:///workdir/hadoop-ozone/integration-test/target/test-classes/webapps/ozoneManager/,AVAILABLE}{/ozoneManager}
2019-10-05 01:01:13,226 [main] INFO  server.AbstractConnector (AbstractConnector.java:doStart(278)) - Started ServerConnector@5856dbe4{HTTP/1.1,[http/1.1]}{0.0.0.0:39925}
2019-10-05 01:01:13,229 [main] INFO  server.Server (Server.java:doStart(419)) - Started @118925ms
2019-10-05 01:01:13,229 [main] WARN  impl.MetricsSystemImpl (MetricsSystemImpl.java:register(276)) - Sink prometheus already exists!
2019-10-05 01:01:13,230 [main] INFO  server.BaseHttpServer (BaseHttpServer.java:updateConnectorAddress(215)) - HTTP server of OZONEMANAGER is listening at http://0.0.0.0:39925
2019-10-05 01:01:13,246 [main] INFO  impl.MetricsSystemImpl (MetricsSystemImpl.java:init(158)) - HddsDatanode metrics system started (again)
2019-10-05 01:01:13,249 [main] INFO  ozone.HddsDatanodeService (HddsDatanodeService.java:start(184)) - HddsDatanodeService host:pr-hdds-1986-gkmgr-421349047 ip:192.168.151.100
2019-10-05 01:01:13,255 [main] INFO  volume.HddsVolume (HddsVolume.java:<init>(176)) - Creating Volume: /workdir/hadoop-ozone/integration-test/target/test-dir/MiniOzoneClusterImpl-7905150a-9adf-4c87-99b9-461f1d79c63b/datanode-0/data/containers/hdds of  storage type : DISK and capacity : 1482555576320
2019-10-05 01:01:13,256 [main] INFO  volume.VolumeSet (VolumeSet.java:initializeVolumeSet(170)) - Added Volume : /workdir/hadoop-ozone/integration-test/target/test-dir/MiniOzoneClusterImpl-7905150a-9adf-4c87-99b9-461f1d79c63b/datanode-0/data/containers/hdds to VolumeSet
2019-10-05 01:01:13,256 [main] INFO  volume.ThrottledAsyncChecker (ThrottledAsyncChecker.java:schedule(139)) - Scheduling a check for org.apache.hadoop.ozone.container.common.volume.HddsVolume@4f379769
2019-10-05 01:01:13,256 [main] INFO  volume.HddsVolumeChecker (HddsVolumeChecker.java:checkAllVolumes(202)) - Scheduled health check for volume org.apache.hadoop.ozone.container.common.volume.HddsVolume@4f379769
2019-10-05 01:01:13,273 [main] INFO  impl.RaftServerProxy (ConfUtils.java:logGet(43)) - raft.rpc.type = GRPC (default)
2019-10-05 01:01:13,273 [main] INFO  grpc.GrpcFactory (GrpcFactory.java:checkPooledByteBufAllocatorUseCacheForAllThreads(45)) - PERFORMANCE WARNING: useCacheForAllThreads is true that may cause Netty to create a lot garbage objects and, as a result, trigger GC.
	It is recommended to disable useCacheForAllThreads by setting -Dorg.apache.ratis.thirdparty.io.netty.allocator.useCacheForAllThreads=false in command line.
2019-10-05 01:01:13,273 [main] INFO  grpc.GrpcConfigKeys$Server (ConfUtils.java:logGet(43)) - raft.grpc.server.port = 0 (default)
2019-10-05 01:01:13,274 [main] INFO  server.GrpcService (ConfUtils.java:logGet(43)) - raft.grpc.message.size.max = 33570816 (custom)
2019-10-05 01:01:13,274 [main] INFO  server.RaftServerConfigKeys (ConfUtils.java:logGet(43)) - raft.server.log.appender.buffer.byte-limit = 33554432 (custom)
2019-10-05 01:01:13,274 [main] INFO  server.GrpcService (ConfUtils.java:logGet(43)) - raft.grpc.flow.control.window = 1MB (=1048576) (default)
2019-10-05 01:01:13,274 [main] INFO  server.RaftServerConfigKeys (ConfUtils.java:logGet(43)) - raft.server.rpc.request.timeout = 3000ms (default)
2019-10-05 01:01:13,275 [main] INFO  server.RaftServerConfigKeys (ConfUtils.java:logGet(43)) - raft.server.storage.dir = [/workdir/hadoop-ozone/integration-test/target/test-dir/MiniOzoneClusterImpl-7905150a-9adf-4c87-99b9-461f1d79c63b/datanode-0/data/ratis] (custom)
2019-10-05 01:01:13,276 [main] INFO  hdfs.DFSUtil (DFSUtil.java:httpServerTemplateForNNAndJN(1641)) - Starting Web-server for hddsDatanode at: http://0.0.0.0:0
2019-10-05 01:01:13,280 [main] INFO  server.AuthenticationFilter (AuthenticationFilter.java:constructSecretProvider(240)) - Unable to initialize FileSignerSecretProvider, falling back to use random secrets.
2019-10-05 01:01:13,281 [main] WARN  http.HttpRequestLog (HttpRequestLog.java:getRequestLog(97)) - Jetty request log can only be enabled using Log4j
2019-10-05 01:01:13,282 [main] INFO  http.HttpServer2 (HttpServer2.java:addGlobalFilter(975)) - Added global filter 'safety' (class=org.apache.hadoop.http.HttpServer2$QuotingInputFilter)
2019-10-05 01:01:13,282 [main] INFO  http.HttpServer2 (HttpServer2.java:addFilter(948)) - Added filter static_user_filter (class=org.apache.hadoop.http.lib.StaticUserWebFilter$StaticUserFilter) to context hddsDatanode
2019-10-05 01:01:13,283 [main] INFO  http.HttpServer2 (HttpServer2.java:addFilter(958)) - Added filter static_user_filter (class=org.apache.hadoop.http.lib.StaticUserWebFilter$StaticUserFilter) to context static
2019-10-05 01:01:13,283 [main] INFO  http.HttpServer2 (HttpServer2.java:addFilter(958)) - Added filter static_user_filter (class=org.apache.hadoop.http.lib.StaticUserWebFilter$StaticUserFilter) to context logs
2019-10-05 01:01:13,283 [main] INFO  http.HttpServer2 (HttpServer2.java:bindListener(1191)) - Jetty bound to port 36293
2019-10-05 01:01:13,284 [main] INFO  server.Server (Server.java:doStart(351)) - jetty-9.3.25.v20180904, build timestamp: 2018-09-04T21:11:46Z, git hash: 3ce520221d0240229c862b122d2b06c12a625732
2019-10-05 01:01:13,285 [main] INFO  handler.ContextHandler (ContextHandler.java:doStart(781)) - Started o.e.j.s.ServletContextHandler@4a50d04a{/logs,file:///workdir/hadoop-ozone/integration-test/target/log,AVAILABLE}
2019-10-05 01:01:13,286 [main] INFO  handler.ContextHandler (ContextHandler.java:doStart(781)) - Started o.e.j.s.ServletContextHandler@73c31181{/static,jar:file:/home/user/.m2/repository/org/apache/hadoop/hadoop-hdds-container-service/0.5.0-SNAPSHOT/hadoop-hdds-container-service-0.5.0-SNAPSHOT.jar!/webapps/static,AVAILABLE}
2019-10-05 01:01:13,314 [main] INFO  handler.ContextHandler (ContextHandler.java:doStart(781)) - Started o.e.j.w.WebAppContext@4b862408{/,file:///tmp/jetty-0.0.0.0-36293-hddsDatanode-_-any-7718516263657040269.dir/webapp/,AVAILABLE}{/hddsDatanode}
2019-10-05 01:01:13,314 [main] INFO  server.AbstractConnector (AbstractConnector.java:doStart(278)) - Started ServerConnector@6ddee60f{HTTP/1.1,[http/1.1]}{0.0.0.0:36293}
2019-10-05 01:01:13,318 [main] INFO  server.Server (Server.java:doStart(419)) - Started @119014ms
2019-10-05 01:01:13,318 [main] WARN  impl.MetricsSystemImpl (MetricsSystemImpl.java:register(276)) - Sink prometheus already exists!
2019-10-05 01:01:13,319 [main] INFO  server.BaseHttpServer (BaseHttpServer.java:updateConnectorAddress(215)) - HTTP server of HDDSDATANODE is listening at http://0.0.0.0:36293
2019-10-05 01:01:13,319 [main] INFO  impl.MetricsSystemImpl (MetricsSystemImpl.java:init(158)) - HddsDatanode metrics system started (again)
2019-10-05 01:01:13,323 [org.apache.hadoop.util.JvmPauseMonitor$Monitor@52ad6f10] INFO  util.JvmPauseMonitor (JvmPauseMonitor.java:run(188)) - Starting JVM pause monitor
2019-10-05 01:01:13,323 [main] INFO  ozone.HddsDatanodeService (HddsDatanodeService.java:start(184)) - HddsDatanodeService host:pr-hdds-1986-gkmgr-421349047 ip:192.168.151.100
2019-10-05 01:01:13,327 [Datanode State Machine Thread - 0] INFO  datanode.InitDatanodeState (InitDatanodeState.java:persistContainerDatanodeDetails(140)) - DatanodeDetails is persisted to /workdir/hadoop-ozone/integration-test/target/test-dir/MiniOzoneClusterImpl-7905150a-9adf-4c87-99b9-461f1d79c63b/datanode-0/meta/datanode.id
2019-10-05 01:01:13,329 [main] INFO  volume.HddsVolume (HddsVolume.java:<init>(176)) - Creating Volume: /workdir/hadoop-ozone/integration-test/target/test-dir/MiniOzoneClusterImpl-7905150a-9adf-4c87-99b9-461f1d79c63b/datanode-1/data/containers/hdds of  storage type : DISK and capacity : 1482555576320
2019-10-05 01:01:13,329 [main] INFO  volume.VolumeSet (VolumeSet.java:initializeVolumeSet(170)) - Added Volume : /workdir/hadoop-ozone/integration-test/target/test-dir/MiniOzoneClusterImpl-7905150a-9adf-4c87-99b9-461f1d79c63b/datanode-1/data/containers/hdds to VolumeSet
2019-10-05 01:01:13,330 [main] INFO  volume.ThrottledAsyncChecker (ThrottledAsyncChecker.java:schedule(139)) - Scheduling a check for org.apache.hadoop.ozone.container.common.volume.HddsVolume@1946384
2019-10-05 01:01:13,330 [main] INFO  volume.HddsVolumeChecker (HddsVolumeChecker.java:checkAllVolumes(202)) - Scheduled health check for volume org.apache.hadoop.ozone.container.common.volume.HddsVolume@1946384
2019-10-05 01:01:13,344 [main] INFO  impl.RaftServerProxy (ConfUtils.java:logGet(43)) - raft.rpc.type = GRPC (default)
2019-10-05 01:01:13,344 [main] INFO  grpc.GrpcFactory (GrpcFactory.java:checkPooledByteBufAllocatorUseCacheForAllThreads(45)) - PERFORMANCE WARNING: useCacheForAllThreads is true that may cause Netty to create a lot garbage objects and, as a result, trigger GC.
	It is recommended to disable useCacheForAllThreads by setting -Dorg.apache.ratis.thirdparty.io.netty.allocator.useCacheForAllThreads=false in command line.
2019-10-05 01:01:13,344 [main] INFO  grpc.GrpcConfigKeys$Server (ConfUtils.java:logGet(43)) - raft.grpc.server.port = 0 (default)
2019-10-05 01:01:13,344 [main] INFO  server.GrpcService (ConfUtils.java:logGet(43)) - raft.grpc.message.size.max = 33570816 (custom)
2019-10-05 01:01:13,344 [main] INFO  server.RaftServerConfigKeys (ConfUtils.java:logGet(43)) - raft.server.log.appender.buffer.byte-limit = 33554432 (custom)
2019-10-05 01:01:13,345 [main] INFO  server.GrpcService (ConfUtils.java:logGet(43)) - raft.grpc.flow.control.window = 1MB (=1048576) (default)
2019-10-05 01:01:13,345 [main] INFO  server.RaftServerConfigKeys (ConfUtils.java:logGet(43)) - raft.server.rpc.request.timeout = 3000ms (default)
2019-10-05 01:01:13,345 [main] INFO  server.RaftServerConfigKeys (ConfUtils.java:logGet(43)) - raft.server.storage.dir = [/workdir/hadoop-ozone/integration-test/target/test-dir/MiniOzoneClusterImpl-7905150a-9adf-4c87-99b9-461f1d79c63b/datanode-1/data/ratis] (custom)
2019-10-05 01:01:13,348 [main] INFO  hdfs.DFSUtil (DFSUtil.java:httpServerTemplateForNNAndJN(1641)) - Starting Web-server for hddsDatanode at: http://0.0.0.0:0
2019-10-05 01:01:13,349 [main] INFO  server.AuthenticationFilter (AuthenticationFilter.java:constructSecretProvider(240)) - Unable to initialize FileSignerSecretProvider, falling back to use random secrets.
2019-10-05 01:01:13,349 [main] WARN  http.HttpRequestLog (HttpRequestLog.java:getRequestLog(97)) - Jetty request log can only be enabled using Log4j
2019-10-05 01:01:13,350 [main] INFO  http.HttpServer2 (HttpServer2.java:addGlobalFilter(975)) - Added global filter 'safety' (class=org.apache.hadoop.http.HttpServer2$QuotingInputFilter)
2019-10-05 01:01:13,351 [main] INFO  http.HttpServer2 (HttpServer2.java:addFilter(948)) - Added filter static_user_filter (class=org.apache.hadoop.http.lib.StaticUserWebFilter$StaticUserFilter) to context hddsDatanode
2019-10-05 01:01:13,351 [main] INFO  http.HttpServer2 (HttpServer2.java:addFilter(958)) - Added filter static_user_filter (class=org.apache.hadoop.http.lib.StaticUserWebFilter$StaticUserFilter) to context logs
2019-10-05 01:01:13,351 [main] INFO  http.HttpServer2 (HttpServer2.java:addFilter(958)) - Added filter static_user_filter (class=org.apache.hadoop.http.lib.StaticUserWebFilter$StaticUserFilter) to context static
2019-10-05 01:01:13,352 [main] INFO  http.HttpServer2 (HttpServer2.java:bindListener(1191)) - Jetty bound to port 38968
2019-10-05 01:01:13,352 [main] INFO  server.Server (Server.java:doStart(351)) - jetty-9.3.25.v20180904, build timestamp: 2018-09-04T21:11:46Z, git hash: 3ce520221d0240229c862b122d2b06c12a625732
2019-10-05 01:01:13,353 [main] INFO  handler.ContextHandler (ContextHandler.java:doStart(781)) - Started o.e.j.s.ServletContextHandler@5ae1c281{/logs,file:///workdir/hadoop-ozone/integration-test/target/log,AVAILABLE}
2019-10-05 01:01:13,354 [main] INFO  handler.ContextHandler (ContextHandler.java:doStart(781)) - Started o.e.j.s.ServletContextHandler@1e957e2f{/static,jar:file:/home/user/.m2/repository/org/apache/hadoop/hadoop-hdds-container-service/0.5.0-SNAPSHOT/hadoop-hdds-container-service-0.5.0-SNAPSHOT.jar!/webapps/static,AVAILABLE}
2019-10-05 01:01:13,393 [main] INFO  handler.ContextHandler (ContextHandler.java:doStart(781)) - Started o.e.j.w.WebAppContext@3d88e6b9{/,file:///tmp/jetty-0.0.0.0-38968-hddsDatanode-_-any-342385763770111193.dir/webapp/,AVAILABLE}{/hddsDatanode}
2019-10-05 01:01:13,394 [main] INFO  server.AbstractConnector (AbstractConnector.java:doStart(278)) - Started ServerConnector@22bf9122{HTTP/1.1,[http/1.1]}{0.0.0.0:38968}
2019-10-05 01:01:13,395 [main] INFO  server.Server (Server.java:doStart(419)) - Started @119092ms
2019-10-05 01:01:13,396 [main] WARN  impl.MetricsSystemImpl (MetricsSystemImpl.java:register(276)) - Sink prometheus already exists!
2019-10-05 01:01:13,397 [main] INFO  server.BaseHttpServer (BaseHttpServer.java:updateConnectorAddress(215)) - HTTP server of HDDSDATANODE is listening at http://0.0.0.0:38968
2019-10-05 01:01:13,397 [main] INFO  impl.MetricsSystemImpl (MetricsSystemImpl.java:init(158)) - HddsDatanode metrics system started (again)
2019-10-05 01:01:13,401 [org.apache.hadoop.util.JvmPauseMonitor$Monitor@346be614] INFO  util.JvmPauseMonitor (JvmPauseMonitor.java:run(188)) - Starting JVM pause monitor
2019-10-05 01:01:13,401 [main] INFO  ozone.HddsDatanodeService (HddsDatanodeService.java:start(184)) - HddsDatanodeService host:pr-hdds-1986-gkmgr-421349047 ip:192.168.151.100
2019-10-05 01:01:13,404 [Datanode State Machine Thread - 0] INFO  datanode.InitDatanodeState (InitDatanodeState.java:persistContainerDatanodeDetails(140)) - DatanodeDetails is persisted to /workdir/hadoop-ozone/integration-test/target/test-dir/MiniOzoneClusterImpl-7905150a-9adf-4c87-99b9-461f1d79c63b/datanode-1/meta/datanode.id
2019-10-05 01:01:13,407 [main] INFO  volume.HddsVolume (HddsVolume.java:<init>(176)) - Creating Volume: /workdir/hadoop-ozone/integration-test/target/test-dir/MiniOzoneClusterImpl-7905150a-9adf-4c87-99b9-461f1d79c63b/datanode-2/data/containers/hdds of  storage type : DISK and capacity : 1482555576320
2019-10-05 01:01:13,407 [main] INFO  volume.VolumeSet (VolumeSet.java:initializeVolumeSet(170)) - Added Volume : /workdir/hadoop-ozone/integration-test/target/test-dir/MiniOzoneClusterImpl-7905150a-9adf-4c87-99b9-461f1d79c63b/datanode-2/data/containers/hdds to VolumeSet
2019-10-05 01:01:13,407 [main] INFO  volume.ThrottledAsyncChecker (ThrottledAsyncChecker.java:schedule(139)) - Scheduling a check for org.apache.hadoop.ozone.container.common.volume.HddsVolume@25ffd826
2019-10-05 01:01:13,408 [main] INFO  volume.HddsVolumeChecker (HddsVolumeChecker.java:checkAllVolumes(202)) - Scheduled health check for volume org.apache.hadoop.ozone.container.common.volume.HddsVolume@25ffd826
2019-10-05 01:01:13,421 [main] INFO  impl.RaftServerProxy (ConfUtils.java:logGet(43)) - raft.rpc.type = GRPC (default)
2019-10-05 01:01:13,421 [main] INFO  grpc.GrpcFactory (GrpcFactory.java:checkPooledByteBufAllocatorUseCacheForAllThreads(45)) - PERFORMANCE WARNING: useCacheForAllThreads is true that may cause Netty to create a lot garbage objects and, as a result, trigger GC.
	It is recommended to disable useCacheForAllThreads by setting -Dorg.apache.ratis.thirdparty.io.netty.allocator.useCacheForAllThreads=false in command line.
2019-10-05 01:01:13,421 [main] INFO  grpc.GrpcConfigKeys$Server (ConfUtils.java:logGet(43)) - raft.grpc.server.port = 0 (default)
2019-10-05 01:01:13,421 [main] INFO  server.GrpcService (ConfUtils.java:logGet(43)) - raft.grpc.message.size.max = 33570816 (custom)
2019-10-05 01:01:13,422 [main] INFO  server.RaftServerConfigKeys (ConfUtils.java:logGet(43)) - raft.server.log.appender.buffer.byte-limit = 33554432 (custom)
2019-10-05 01:01:13,422 [main] INFO  server.GrpcService (ConfUtils.java:logGet(43)) - raft.grpc.flow.control.window = 1MB (=1048576) (default)
2019-10-05 01:01:13,422 [main] INFO  server.RaftServerConfigKeys (ConfUtils.java:logGet(43)) - raft.server.rpc.request.timeout = 3000ms (default)
2019-10-05 01:01:13,422 [main] INFO  server.RaftServerConfigKeys (ConfUtils.java:logGet(43)) - raft.server.storage.dir = [/workdir/hadoop-ozone/integration-test/target/test-dir/MiniOzoneClusterImpl-7905150a-9adf-4c87-99b9-461f1d79c63b/datanode-2/data/ratis] (custom)
2019-10-05 01:01:13,424 [main] INFO  hdfs.DFSUtil (DFSUtil.java:httpServerTemplateForNNAndJN(1641)) - Starting Web-server for hddsDatanode at: http://0.0.0.0:0
2019-10-05 01:01:13,425 [main] INFO  server.AuthenticationFilter (AuthenticationFilter.java:constructSecretProvider(240)) - Unable to initialize FileSignerSecretProvider, falling back to use random secrets.
2019-10-05 01:01:13,426 [main] WARN  http.HttpRequestLog (HttpRequestLog.java:getRequestLog(97)) - Jetty request log can only be enabled using Log4j
2019-10-05 01:01:13,427 [main] INFO  http.HttpServer2 (HttpServer2.java:addGlobalFilter(975)) - Added global filter 'safety' (class=org.apache.hadoop.http.HttpServer2$QuotingInputFilter)
2019-10-05 01:01:13,427 [main] INFO  http.HttpServer2 (HttpServer2.java:addFilter(948)) - Added filter static_user_filter (class=org.apache.hadoop.http.lib.StaticUserWebFilter$StaticUserFilter) to context hddsDatanode
2019-10-05 01:01:13,427 [main] INFO  http.HttpServer2 (HttpServer2.java:addFilter(958)) - Added filter static_user_filter (class=org.apache.hadoop.http.lib.StaticUserWebFilter$StaticUserFilter) to context static
2019-10-05 01:01:13,428 [main] INFO  http.HttpServer2 (HttpServer2.java:addFilter(958)) - Added filter static_user_filter (class=org.apache.hadoop.http.lib.StaticUserWebFilter$StaticUserFilter) to context logs
2019-10-05 01:01:13,428 [main] INFO  http.HttpServer2 (HttpServer2.java:bindListener(1191)) - Jetty bound to port 33573
2019-10-05 01:01:13,428 [main] INFO  server.Server (Server.java:doStart(351)) - jetty-9.3.25.v20180904, build timestamp: 2018-09-04T21:11:46Z, git hash: 3ce520221d0240229c862b122d2b06c12a625732
2019-10-05 01:01:13,430 [main] INFO  handler.ContextHandler (ContextHandler.java:doStart(781)) - Started o.e.j.s.ServletContextHandler@26865482{/logs,file:///workdir/hadoop-ozone/integration-test/target/log,AVAILABLE}
2019-10-05 01:01:13,431 [main] INFO  handler.ContextHandler (ContextHandler.java:doStart(781)) - Started o.e.j.s.ServletContextHandler@c1050f2{/static,jar:file:/home/user/.m2/repository/org/apache/hadoop/hadoop-hdds-container-service/0.5.0-SNAPSHOT/hadoop-hdds-container-service-0.5.0-SNAPSHOT.jar!/webapps/static,AVAILABLE}
2019-10-05 01:01:13,466 [main] INFO  handler.ContextHandler (ContextHandler.java:doStart(781)) - Started o.e.j.w.WebAppContext@834e986{/,file:///tmp/jetty-0.0.0.0-33573-hddsDatanode-_-any-3583211290084663654.dir/webapp/,AVAILABLE}{/hddsDatanode}
2019-10-05 01:01:13,467 [main] INFO  server.AbstractConnector (AbstractConnector.java:doStart(278)) - Started ServerConnector@6cae2e4d{HTTP/1.1,[http/1.1]}{0.0.0.0:33573}
2019-10-05 01:01:13,468 [main] INFO  server.Server (Server.java:doStart(419)) - Started @119164ms
2019-10-05 01:01:13,468 [main] WARN  impl.MetricsSystemImpl (MetricsSystemImpl.java:register(276)) - Sink prometheus already exists!
2019-10-05 01:01:13,469 [main] INFO  server.BaseHttpServer (BaseHttpServer.java:updateConnectorAddress(215)) - HTTP server of HDDSDATANODE is listening at http://0.0.0.0:33573
2019-10-05 01:01:13,469 [main] INFO  impl.MetricsSystemImpl (MetricsSystemImpl.java:init(158)) - HddsDatanode metrics system started (again)
2019-10-05 01:01:13,474 [org.apache.hadoop.util.JvmPauseMonitor$Monitor@3a34e12e] INFO  util.JvmPauseMonitor (JvmPauseMonitor.java:run(188)) - Starting JVM pause monitor
2019-10-05 01:01:13,475 [main] INFO  ozone.HddsDatanodeService (HddsDatanodeService.java:start(184)) - HddsDatanodeService host:pr-hdds-1986-gkmgr-421349047 ip:192.168.151.100
2019-10-05 01:01:13,475 [Datanode State Machine Thread - 0] INFO  datanode.InitDatanodeState (InitDatanodeState.java:persistContainerDatanodeDetails(140)) - DatanodeDetails is persisted to /workdir/hadoop-ozone/integration-test/target/test-dir/MiniOzoneClusterImpl-7905150a-9adf-4c87-99b9-461f1d79c63b/datanode-2/meta/datanode.id
2019-10-05 01:01:13,483 [main] INFO  volume.HddsVolume (HddsVolume.java:<init>(176)) - Creating Volume: /workdir/hadoop-ozone/integration-test/target/test-dir/MiniOzoneClusterImpl-7905150a-9adf-4c87-99b9-461f1d79c63b/datanode-3/data/containers/hdds of  storage type : DISK and capacity : 1482555576320
2019-10-05 01:01:13,483 [main] INFO  volume.VolumeSet (VolumeSet.java:initializeVolumeSet(170)) - Added Volume : /workdir/hadoop-ozone/integration-test/target/test-dir/MiniOzoneClusterImpl-7905150a-9adf-4c87-99b9-461f1d79c63b/datanode-3/data/containers/hdds to VolumeSet
2019-10-05 01:01:13,483 [main] INFO  volume.ThrottledAsyncChecker (ThrottledAsyncChecker.java:schedule(139)) - Scheduling a check for org.apache.hadoop.ozone.container.common.volume.HddsVolume@602f8f94
2019-10-05 01:01:13,484 [main] INFO  volume.HddsVolumeChecker (HddsVolumeChecker.java:checkAllVolumes(202)) - Scheduled health check for volume org.apache.hadoop.ozone.container.common.volume.HddsVolume@602f8f94
2019-10-05 01:01:13,498 [main] INFO  impl.RaftServerProxy (ConfUtils.java:logGet(43)) - raft.rpc.type = GRPC (default)
2019-10-05 01:01:13,499 [main] INFO  grpc.GrpcFactory (GrpcFactory.java:checkPooledByteBufAllocatorUseCacheForAllThreads(45)) - PERFORMANCE WARNING: useCacheForAllThreads is true that may cause Netty to create a lot garbage objects and, as a result, trigger GC.
	It is recommended to disable useCacheForAllThreads by setting -Dorg.apache.ratis.thirdparty.io.netty.allocator.useCacheForAllThreads=false in command line.
2019-10-05 01:01:13,499 [main] INFO  grpc.GrpcConfigKeys$Server (ConfUtils.java:logGet(43)) - raft.grpc.server.port = 0 (default)
2019-10-05 01:01:13,499 [main] INFO  server.GrpcService (ConfUtils.java:logGet(43)) - raft.grpc.message.size.max = 33570816 (custom)
2019-10-05 01:01:13,499 [main] INFO  server.RaftServerConfigKeys (ConfUtils.java:logGet(43)) - raft.server.log.appender.buffer.byte-limit = 33554432 (custom)
2019-10-05 01:01:13,499 [main] INFO  server.GrpcService (ConfUtils.java:logGet(43)) - raft.grpc.flow.control.window = 1MB (=1048576) (default)
2019-10-05 01:01:13,500 [main] INFO  server.RaftServerConfigKeys (ConfUtils.java:logGet(43)) - raft.server.rpc.request.timeout = 3000ms (default)
2019-10-05 01:01:13,500 [main] INFO  server.RaftServerConfigKeys (ConfUtils.java:logGet(43)) - raft.server.storage.dir = [/workdir/hadoop-ozone/integration-test/target/test-dir/MiniOzoneClusterImpl-7905150a-9adf-4c87-99b9-461f1d79c63b/datanode-3/data/ratis] (custom)
2019-10-05 01:01:13,501 [main] INFO  hdfs.DFSUtil (DFSUtil.java:httpServerTemplateForNNAndJN(1641)) - Starting Web-server for hddsDatanode at: http://0.0.0.0:0
2019-10-05 01:01:13,502 [main] INFO  server.AuthenticationFilter (AuthenticationFilter.java:constructSecretProvider(240)) - Unable to initialize FileSignerSecretProvider, falling back to use random secrets.
2019-10-05 01:01:13,503 [main] WARN  http.HttpRequestLog (HttpRequestLog.java:getRequestLog(97)) - Jetty request log can only be enabled using Log4j
2019-10-05 01:01:13,504 [main] INFO  http.HttpServer2 (HttpServer2.java:addGlobalFilter(975)) - Added global filter 'safety' (class=org.apache.hadoop.http.HttpServer2$QuotingInputFilter)
2019-10-05 01:01:13,504 [main] INFO  http.HttpServer2 (HttpServer2.java:addFilter(948)) - Added filter static_user_filter (class=org.apache.hadoop.http.lib.StaticUserWebFilter$StaticUserFilter) to context hddsDatanode
2019-10-05 01:01:13,505 [main] INFO  http.HttpServer2 (HttpServer2.java:addFilter(958)) - Added filter static_user_filter (class=org.apache.hadoop.http.lib.StaticUserWebFilter$StaticUserFilter) to context static
2019-10-05 01:01:13,505 [main] INFO  http.HttpServer2 (HttpServer2.java:addFilter(958)) - Added filter static_user_filter (class=org.apache.hadoop.http.lib.StaticUserWebFilter$StaticUserFilter) to context logs
2019-10-05 01:01:13,505 [main] INFO  http.HttpServer2 (HttpServer2.java:bindListener(1191)) - Jetty bound to port 41916
2019-10-05 01:01:13,506 [main] INFO  server.Server (Server.java:doStart(351)) - jetty-9.3.25.v20180904, build timestamp: 2018-09-04T21:11:46Z, git hash: 3ce520221d0240229c862b122d2b06c12a625732
2019-10-05 01:01:13,507 [main] INFO  handler.ContextHandler (ContextHandler.java:doStart(781)) - Started o.e.j.s.ServletContextHandler@7a9ceddf{/logs,file:///workdir/hadoop-ozone/integration-test/target/log,AVAILABLE}
2019-10-05 01:01:13,507 [main] INFO  handler.ContextHandler (ContextHandler.java:doStart(781)) - Started o.e.j.s.ServletContextHandler@11c713b7{/static,jar:file:/home/user/.m2/repository/org/apache/hadoop/hadoop-hdds-container-service/0.5.0-SNAPSHOT/hadoop-hdds-container-service-0.5.0-SNAPSHOT.jar!/webapps/static,AVAILABLE}
2019-10-05 01:01:13,537 [main] INFO  handler.ContextHandler (ContextHandler.java:doStart(781)) - Started o.e.j.w.WebAppContext@3e214105{/,file:///tmp/jetty-0.0.0.0-41916-hddsDatanode-_-any-4821470926775154849.dir/webapp/,AVAILABLE}{/hddsDatanode}
2019-10-05 01:01:13,537 [main] INFO  server.AbstractConnector (AbstractConnector.java:doStart(278)) - Started ServerConnector@da4cf09{HTTP/1.1,[http/1.1]}{0.0.0.0:41916}
2019-10-05 01:01:13,539 [main] INFO  server.Server (Server.java:doStart(419)) - Started @119235ms
2019-10-05 01:01:13,539 [main] WARN  impl.MetricsSystemImpl (MetricsSystemImpl.java:register(276)) - Sink prometheus already exists!
2019-10-05 01:01:13,540 [main] INFO  server.BaseHttpServer (BaseHttpServer.java:updateConnectorAddress(215)) - HTTP server of HDDSDATANODE is listening at http://0.0.0.0:41916
2019-10-05 01:01:13,540 [main] INFO  impl.MetricsSystemImpl (MetricsSystemImpl.java:init(158)) - HddsDatanode metrics system started (again)
2019-10-05 01:01:13,545 [main] INFO  ozone.HddsDatanodeService (HddsDatanodeService.java:start(184)) - HddsDatanodeService host:pr-hdds-1986-gkmgr-421349047 ip:192.168.151.100
2019-10-05 01:01:13,545 [org.apache.hadoop.util.JvmPauseMonitor$Monitor@6c4c163d] INFO  util.JvmPauseMonitor (JvmPauseMonitor.java:run(188)) - Starting JVM pause monitor
2019-10-05 01:01:13,547 [Datanode State Machine Thread - 0] INFO  datanode.InitDatanodeState (InitDatanodeState.java:persistContainerDatanodeDetails(140)) - DatanodeDetails is persisted to /workdir/hadoop-ozone/integration-test/target/test-dir/MiniOzoneClusterImpl-7905150a-9adf-4c87-99b9-461f1d79c63b/datanode-3/meta/datanode.id
2019-10-05 01:01:13,554 [main] INFO  volume.HddsVolume (HddsVolume.java:<init>(176)) - Creating Volume: /workdir/hadoop-ozone/integration-test/target/test-dir/MiniOzoneClusterImpl-7905150a-9adf-4c87-99b9-461f1d79c63b/datanode-4/data/containers/hdds of  storage type : DISK and capacity : 1482555576320
2019-10-05 01:01:13,554 [main] INFO  volume.VolumeSet (VolumeSet.java:initializeVolumeSet(170)) - Added Volume : /workdir/hadoop-ozone/integration-test/target/test-dir/MiniOzoneClusterImpl-7905150a-9adf-4c87-99b9-461f1d79c63b/datanode-4/data/containers/hdds to VolumeSet
2019-10-05 01:01:13,555 [main] INFO  volume.ThrottledAsyncChecker (ThrottledAsyncChecker.java:schedule(139)) - Scheduling a check for org.apache.hadoop.ozone.container.common.volume.HddsVolume@1e8fb66f
2019-10-05 01:01:13,555 [main] INFO  volume.HddsVolumeChecker (HddsVolumeChecker.java:checkAllVolumes(202)) - Scheduled health check for volume org.apache.hadoop.ozone.container.common.volume.HddsVolume@1e8fb66f
2019-10-05 01:01:13,568 [main] INFO  impl.RaftServerProxy (ConfUtils.java:logGet(43)) - raft.rpc.type = GRPC (default)
2019-10-05 01:01:13,568 [main] INFO  grpc.GrpcFactory (GrpcFactory.java:checkPooledByteBufAllocatorUseCacheForAllThreads(45)) - PERFORMANCE WARNING: useCacheForAllThreads is true that may cause Netty to create a lot garbage objects and, as a result, trigger GC.
	It is recommended to disable useCacheForAllThreads by setting -Dorg.apache.ratis.thirdparty.io.netty.allocator.useCacheForAllThreads=false in command line.
2019-10-05 01:01:13,568 [main] INFO  grpc.GrpcConfigKeys$Server (ConfUtils.java:logGet(43)) - raft.grpc.server.port = 0 (default)
2019-10-05 01:01:13,568 [main] INFO  server.GrpcService (ConfUtils.java:logGet(43)) - raft.grpc.message.size.max = 33570816 (custom)
2019-10-05 01:01:13,568 [main] INFO  server.RaftServerConfigKeys (ConfUtils.java:logGet(43)) - raft.server.log.appender.buffer.byte-limit = 33554432 (custom)
2019-10-05 01:01:13,569 [main] INFO  server.GrpcService (ConfUtils.java:logGet(43)) - raft.grpc.flow.control.window = 1MB (=1048576) (default)
2019-10-05 01:01:13,569 [main] INFO  server.RaftServerConfigKeys (ConfUtils.java:logGet(43)) - raft.server.rpc.request.timeout = 3000ms (default)
2019-10-05 01:01:13,569 [main] INFO  server.RaftServerConfigKeys (ConfUtils.java:logGet(43)) - raft.server.storage.dir = [/workdir/hadoop-ozone/integration-test/target/test-dir/MiniOzoneClusterImpl-7905150a-9adf-4c87-99b9-461f1d79c63b/datanode-4/data/ratis] (custom)
2019-10-05 01:01:13,571 [main] INFO  hdfs.DFSUtil (DFSUtil.java:httpServerTemplateForNNAndJN(1641)) - Starting Web-server for hddsDatanode at: http://0.0.0.0:0
2019-10-05 01:01:13,572 [main] INFO  server.AuthenticationFilter (AuthenticationFilter.java:constructSecretProvider(240)) - Unable to initialize FileSignerSecretProvider, falling back to use random secrets.
2019-10-05 01:01:13,573 [main] WARN  http.HttpRequestLog (HttpRequestLog.java:getRequestLog(97)) - Jetty request log can only be enabled using Log4j
2019-10-05 01:01:13,574 [main] INFO  http.HttpServer2 (HttpServer2.java:addGlobalFilter(975)) - Added global filter 'safety' (class=org.apache.hadoop.http.HttpServer2$QuotingInputFilter)
2019-10-05 01:01:13,574 [main] INFO  http.HttpServer2 (HttpServer2.java:addFilter(948)) - Added filter static_user_filter (class=org.apache.hadoop.http.lib.StaticUserWebFilter$StaticUserFilter) to context hddsDatanode
2019-10-05 01:01:13,575 [main] INFO  http.HttpServer2 (HttpServer2.java:addFilter(958)) - Added filter static_user_filter (class=org.apache.hadoop.http.lib.StaticUserWebFilter$StaticUserFilter) to context static
2019-10-05 01:01:13,575 [main] INFO  http.HttpServer2 (HttpServer2.java:addFilter(958)) - Added filter static_user_filter (class=org.apache.hadoop.http.lib.StaticUserWebFilter$StaticUserFilter) to context logs
2019-10-05 01:01:13,575 [main] INFO  http.HttpServer2 (HttpServer2.java:bindListener(1191)) - Jetty bound to port 33885
2019-10-05 01:01:13,576 [main] INFO  server.Server (Server.java:doStart(351)) - jetty-9.3.25.v20180904, build timestamp: 2018-09-04T21:11:46Z, git hash: 3ce520221d0240229c862b122d2b06c12a625732
2019-10-05 01:01:13,577 [main] INFO  handler.ContextHandler (ContextHandler.java:doStart(781)) - Started o.e.j.s.ServletContextHandler@1983b48a{/logs,file:///workdir/hadoop-ozone/integration-test/target/log,AVAILABLE}
2019-10-05 01:01:13,578 [main] INFO  handler.ContextHandler (ContextHandler.java:doStart(781)) - Started o.e.j.s.ServletContextHandler@b791a81{/static,jar:file:/home/user/.m2/repository/org/apache/hadoop/hadoop-hdds-container-service/0.5.0-SNAPSHOT/hadoop-hdds-container-service-0.5.0-SNAPSHOT.jar!/webapps/static,AVAILABLE}
2019-10-05 01:01:13,605 [main] INFO  handler.ContextHandler (ContextHandler.java:doStart(781)) - Started o.e.j.w.WebAppContext@373052b5{/,file:///tmp/jetty-0.0.0.0-33885-hddsDatanode-_-any-6923612272898815564.dir/webapp/,AVAILABLE}{/hddsDatanode}
2019-10-05 01:01:13,605 [main] INFO  server.AbstractConnector (AbstractConnector.java:doStart(278)) - Started ServerConnector@67e0ff3a{HTTP/1.1,[http/1.1]}{0.0.0.0:33885}
2019-10-05 01:01:13,607 [main] INFO  server.Server (Server.java:doStart(419)) - Started @119303ms
2019-10-05 01:01:13,607 [main] WARN  impl.MetricsSystemImpl (MetricsSystemImpl.java:register(276)) - Sink prometheus already exists!
2019-10-05 01:01:13,607 [main] INFO  server.BaseHttpServer (BaseHttpServer.java:updateConnectorAddress(215)) - HTTP server of HDDSDATANODE is listening at http://0.0.0.0:33885
2019-10-05 01:01:13,608 [main] INFO  impl.MetricsSystemImpl (MetricsSystemImpl.java:init(158)) - HddsDatanode metrics system started (again)
2019-10-05 01:01:13,613 [org.apache.hadoop.util.JvmPauseMonitor$Monitor@245a0884] INFO  util.JvmPauseMonitor (JvmPauseMonitor.java:run(188)) - Starting JVM pause monitor
2019-10-05 01:01:13,613 [main] INFO  ozone.HddsDatanodeService (HddsDatanodeService.java:start(184)) - HddsDatanodeService host:pr-hdds-1986-gkmgr-421349047 ip:192.168.151.100
2019-10-05 01:01:13,614 [Datanode State Machine Thread - 0] INFO  datanode.InitDatanodeState (InitDatanodeState.java:persistContainerDatanodeDetails(140)) - DatanodeDetails is persisted to /workdir/hadoop-ozone/integration-test/target/test-dir/MiniOzoneClusterImpl-7905150a-9adf-4c87-99b9-461f1d79c63b/datanode-4/meta/datanode.id
2019-10-05 01:01:13,619 [main] INFO  volume.HddsVolume (HddsVolume.java:<init>(176)) - Creating Volume: /workdir/hadoop-ozone/integration-test/target/test-dir/MiniOzoneClusterImpl-7905150a-9adf-4c87-99b9-461f1d79c63b/datanode-5/data/containers/hdds of  storage type : DISK and capacity : 1482555576320
2019-10-05 01:01:13,619 [main] INFO  volume.VolumeSet (VolumeSet.java:initializeVolumeSet(170)) - Added Volume : /workdir/hadoop-ozone/integration-test/target/test-dir/MiniOzoneClusterImpl-7905150a-9adf-4c87-99b9-461f1d79c63b/datanode-5/data/containers/hdds to VolumeSet
2019-10-05 01:01:13,619 [main] INFO  volume.ThrottledAsyncChecker (ThrottledAsyncChecker.java:schedule(139)) - Scheduling a check for org.apache.hadoop.ozone.container.common.volume.HddsVolume@5f0bab7e
2019-10-05 01:01:13,620 [main] INFO  volume.HddsVolumeChecker (HddsVolumeChecker.java:checkAllVolumes(202)) - Scheduled health check for volume org.apache.hadoop.ozone.container.common.volume.HddsVolume@5f0bab7e
2019-10-05 01:01:13,633 [main] INFO  impl.RaftServerProxy (ConfUtils.java:logGet(43)) - raft.rpc.type = GRPC (default)
2019-10-05 01:01:13,633 [main] INFO  grpc.GrpcFactory (GrpcFactory.java:checkPooledByteBufAllocatorUseCacheForAllThreads(45)) - PERFORMANCE WARNING: useCacheForAllThreads is true that may cause Netty to create a lot garbage objects and, as a result, trigger GC.
	It is recommended to disable useCacheForAllThreads by setting -Dorg.apache.ratis.thirdparty.io.netty.allocator.useCacheForAllThreads=false in command line.
2019-10-05 01:01:13,633 [main] INFO  grpc.GrpcConfigKeys$Server (ConfUtils.java:logGet(43)) - raft.grpc.server.port = 0 (default)
2019-10-05 01:01:13,633 [main] INFO  server.GrpcService (ConfUtils.java:logGet(43)) - raft.grpc.message.size.max = 33570816 (custom)
2019-10-05 01:01:13,633 [main] INFO  server.RaftServerConfigKeys (ConfUtils.java:logGet(43)) - raft.server.log.appender.buffer.byte-limit = 33554432 (custom)
2019-10-05 01:01:13,634 [main] INFO  server.GrpcService (ConfUtils.java:logGet(43)) - raft.grpc.flow.control.window = 1MB (=1048576) (default)
2019-10-05 01:01:13,634 [main] INFO  server.RaftServerConfigKeys (ConfUtils.java:logGet(43)) - raft.server.rpc.request.timeout = 3000ms (default)
2019-10-05 01:01:13,634 [main] INFO  server.RaftServerConfigKeys (ConfUtils.java:logGet(43)) - raft.server.storage.dir = [/workdir/hadoop-ozone/integration-test/target/test-dir/MiniOzoneClusterImpl-7905150a-9adf-4c87-99b9-461f1d79c63b/datanode-5/data/ratis] (custom)
2019-10-05 01:01:13,635 [main] INFO  hdfs.DFSUtil (DFSUtil.java:httpServerTemplateForNNAndJN(1641)) - Starting Web-server for hddsDatanode at: http://0.0.0.0:0
2019-10-05 01:01:13,637 [main] INFO  server.AuthenticationFilter (AuthenticationFilter.java:constructSecretProvider(240)) - Unable to initialize FileSignerSecretProvider, falling back to use random secrets.
2019-10-05 01:01:13,637 [main] WARN  http.HttpRequestLog (HttpRequestLog.java:getRequestLog(97)) - Jetty request log can only be enabled using Log4j
2019-10-05 01:01:13,638 [main] INFO  http.HttpServer2 (HttpServer2.java:addGlobalFilter(975)) - Added global filter 'safety' (class=org.apache.hadoop.http.HttpServer2$QuotingInputFilter)
2019-10-05 01:01:13,640 [main] INFO  http.HttpServer2 (HttpServer2.java:addFilter(948)) - Added filter static_user_filter (class=org.apache.hadoop.http.lib.StaticUserWebFilter$StaticUserFilter) to context hddsDatanode
2019-10-05 01:01:13,640 [main] INFO  http.HttpServer2 (HttpServer2.java:addFilter(958)) - Added filter static_user_filter (class=org.apache.hadoop.http.lib.StaticUserWebFilter$StaticUserFilter) to context logs
2019-10-05 01:01:13,640 [main] INFO  http.HttpServer2 (HttpServer2.java:addFilter(958)) - Added filter static_user_filter (class=org.apache.hadoop.http.lib.StaticUserWebFilter$StaticUserFilter) to context static
2019-10-05 01:01:13,641 [main] INFO  http.HttpServer2 (HttpServer2.java:bindListener(1191)) - Jetty bound to port 46655
2019-10-05 01:01:13,641 [main] INFO  server.Server (Server.java:doStart(351)) - jetty-9.3.25.v20180904, build timestamp: 2018-09-04T21:11:46Z, git hash: 3ce520221d0240229c862b122d2b06c12a625732
2019-10-05 01:01:13,643 [main] INFO  handler.ContextHandler (ContextHandler.java:doStart(781)) - Started o.e.j.s.ServletContextHandler@1f992a3a{/logs,file:///workdir/hadoop-ozone/integration-test/target/log,AVAILABLE}
2019-10-05 01:01:13,643 [main] INFO  handler.ContextHandler (ContextHandler.java:doStart(781)) - Started o.e.j.s.ServletContextHandler@261bd7b{/static,jar:file:/home/user/.m2/repository/org/apache/hadoop/hadoop-hdds-container-service/0.5.0-SNAPSHOT/hadoop-hdds-container-service-0.5.0-SNAPSHOT.jar!/webapps/static,AVAILABLE}
2019-10-05 01:01:13,669 [main] INFO  handler.ContextHandler (ContextHandler.java:doStart(781)) - Started o.e.j.w.WebAppContext@2574a9e3{/,file:///tmp/jetty-0.0.0.0-46655-hddsDatanode-_-any-9143297407509073752.dir/webapp/,AVAILABLE}{/hddsDatanode}
2019-10-05 01:01:13,670 [main] INFO  server.AbstractConnector (AbstractConnector.java:doStart(278)) - Started ServerConnector@18b6d3c1{HTTP/1.1,[http/1.1]}{0.0.0.0:46655}
2019-10-05 01:01:13,671 [main] INFO  server.Server (Server.java:doStart(419)) - Started @119368ms
2019-10-05 01:01:13,672 [main] WARN  impl.MetricsSystemImpl (MetricsSystemImpl.java:register(276)) - Sink prometheus already exists!
2019-10-05 01:01:13,672 [main] INFO  server.BaseHttpServer (BaseHttpServer.java:updateConnectorAddress(215)) - HTTP server of HDDSDATANODE is listening at http://0.0.0.0:46655
2019-10-05 01:01:13,673 [main] INFO  impl.MetricsSystemImpl (MetricsSystemImpl.java:init(158)) - HddsDatanode metrics system started (again)
2019-10-05 01:01:13,677 [org.apache.hadoop.util.JvmPauseMonitor$Monitor@500394d3] INFO  util.JvmPauseMonitor (JvmPauseMonitor.java:run(188)) - Starting JVM pause monitor
2019-10-05 01:01:13,679 [main] INFO  ozone.HddsDatanodeService (HddsDatanodeService.java:start(184)) - HddsDatanodeService host:pr-hdds-1986-gkmgr-421349047 ip:192.168.151.100
2019-10-05 01:01:13,679 [Datanode State Machine Thread - 0] INFO  datanode.InitDatanodeState (InitDatanodeState.java:persistContainerDatanodeDetails(140)) - DatanodeDetails is persisted to /workdir/hadoop-ozone/integration-test/target/test-dir/MiniOzoneClusterImpl-7905150a-9adf-4c87-99b9-461f1d79c63b/datanode-5/meta/datanode.id
2019-10-05 01:01:13,686 [main] INFO  volume.HddsVolume (HddsVolume.java:<init>(176)) - Creating Volume: /workdir/hadoop-ozone/integration-test/target/test-dir/MiniOzoneClusterImpl-7905150a-9adf-4c87-99b9-461f1d79c63b/datanode-6/data/containers/hdds of  storage type : DISK and capacity : 1482555576320
2019-10-05 01:01:13,686 [main] INFO  volume.VolumeSet (VolumeSet.java:initializeVolumeSet(170)) - Added Volume : /workdir/hadoop-ozone/integration-test/target/test-dir/MiniOzoneClusterImpl-7905150a-9adf-4c87-99b9-461f1d79c63b/datanode-6/data/containers/hdds to VolumeSet
2019-10-05 01:01:13,687 [main] INFO  volume.ThrottledAsyncChecker (ThrottledAsyncChecker.java:schedule(139)) - Scheduling a check for org.apache.hadoop.ozone.container.common.volume.HddsVolume@27f3f512
2019-10-05 01:01:13,687 [main] INFO  volume.HddsVolumeChecker (HddsVolumeChecker.java:checkAllVolumes(202)) - Scheduled health check for volume org.apache.hadoop.ozone.container.common.volume.HddsVolume@27f3f512
2019-10-05 01:01:13,708 [main] INFO  impl.RaftServerProxy (ConfUtils.java:logGet(43)) - raft.rpc.type = GRPC (default)
2019-10-05 01:01:13,708 [main] INFO  grpc.GrpcFactory (GrpcFactory.java:checkPooledByteBufAllocatorUseCacheForAllThreads(45)) - PERFORMANCE WARNING: useCacheForAllThreads is true that may cause Netty to create a lot garbage objects and, as a result, trigger GC.
	It is recommended to disable useCacheForAllThreads by setting -Dorg.apache.ratis.thirdparty.io.netty.allocator.useCacheForAllThreads=false in command line.
2019-10-05 01:01:13,708 [main] INFO  grpc.GrpcConfigKeys$Server (ConfUtils.java:logGet(43)) - raft.grpc.server.port = 0 (default)
2019-10-05 01:01:13,709 [main] INFO  server.GrpcService (ConfUtils.java:logGet(43)) - raft.grpc.message.size.max = 33570816 (custom)
2019-10-05 01:01:13,709 [main] INFO  server.RaftServerConfigKeys (ConfUtils.java:logGet(43)) - raft.server.log.appender.buffer.byte-limit = 33554432 (custom)
2019-10-05 01:01:13,709 [main] INFO  server.GrpcService (ConfUtils.java:logGet(43)) - raft.grpc.flow.control.window = 1MB (=1048576) (default)
2019-10-05 01:01:13,710 [main] INFO  server.RaftServerConfigKeys (ConfUtils.java:logGet(43)) - raft.server.rpc.request.timeout = 3000ms (default)
2019-10-05 01:01:13,710 [main] INFO  server.RaftServerConfigKeys (ConfUtils.java:logGet(43)) - raft.server.storage.dir = [/workdir/hadoop-ozone/integration-test/target/test-dir/MiniOzoneClusterImpl-7905150a-9adf-4c87-99b9-461f1d79c63b/datanode-6/data/ratis] (custom)
2019-10-05 01:01:13,712 [main] INFO  hdfs.DFSUtil (DFSUtil.java:httpServerTemplateForNNAndJN(1641)) - Starting Web-server for hddsDatanode at: http://0.0.0.0:0
2019-10-05 01:01:13,713 [main] INFO  server.AuthenticationFilter (AuthenticationFilter.java:constructSecretProvider(240)) - Unable to initialize FileSignerSecretProvider, falling back to use random secrets.
2019-10-05 01:01:13,713 [main] WARN  http.HttpRequestLog (HttpRequestLog.java:getRequestLog(97)) - Jetty request log can only be enabled using Log4j
2019-10-05 01:01:13,715 [main] INFO  http.HttpServer2 (HttpServer2.java:addGlobalFilter(975)) - Added global filter 'safety' (class=org.apache.hadoop.http.HttpServer2$QuotingInputFilter)
2019-10-05 01:01:13,715 [main] INFO  http.HttpServer2 (HttpServer2.java:addFilter(948)) - Added filter static_user_filter (class=org.apache.hadoop.http.lib.StaticUserWebFilter$StaticUserFilter) to context hddsDatanode
2019-10-05 01:01:13,715 [main] INFO  http.HttpServer2 (HttpServer2.java:addFilter(958)) - Added filter static_user_filter (class=org.apache.hadoop.http.lib.StaticUserWebFilter$StaticUserFilter) to context static
2019-10-05 01:01:13,715 [main] INFO  http.HttpServer2 (HttpServer2.java:addFilter(958)) - Added filter static_user_filter (class=org.apache.hadoop.http.lib.StaticUserWebFilter$StaticUserFilter) to context logs
2019-10-05 01:01:13,716 [main] INFO  http.HttpServer2 (HttpServer2.java:bindListener(1191)) - Jetty bound to port 45982
2019-10-05 01:01:13,716 [main] INFO  server.Server (Server.java:doStart(351)) - jetty-9.3.25.v20180904, build timestamp: 2018-09-04T21:11:46Z, git hash: 3ce520221d0240229c862b122d2b06c12a625732
2019-10-05 01:01:13,718 [main] INFO  handler.ContextHandler (ContextHandler.java:doStart(781)) - Started o.e.j.s.ServletContextHandler@4bb147ec{/logs,file:///workdir/hadoop-ozone/integration-test/target/log,AVAILABLE}
2019-10-05 01:01:13,718 [main] INFO  handler.ContextHandler (ContextHandler.java:doStart(781)) - Started o.e.j.s.ServletContextHandler@68ef01a5{/static,jar:file:/home/user/.m2/repository/org/apache/hadoop/hadoop-hdds-container-service/0.5.0-SNAPSHOT/hadoop-hdds-container-service-0.5.0-SNAPSHOT.jar!/webapps/static,AVAILABLE}
2019-10-05 01:01:13,746 [main] INFO  handler.ContextHandler (ContextHandler.java:doStart(781)) - Started o.e.j.w.WebAppContext@58f2466c{/,file:///tmp/jetty-0.0.0.0-45982-hddsDatanode-_-any-9124026596999428955.dir/webapp/,AVAILABLE}{/hddsDatanode}
2019-10-05 01:01:13,747 [main] INFO  server.AbstractConnector (AbstractConnector.java:doStart(278)) - Started ServerConnector@5809fa26{HTTP/1.1,[http/1.1]}{0.0.0.0:45982}
2019-10-05 01:01:13,749 [main] INFO  server.Server (Server.java:doStart(419)) - Started @119445ms
2019-10-05 01:01:13,749 [main] WARN  impl.MetricsSystemImpl (MetricsSystemImpl.java:register(276)) - Sink prometheus already exists!
2019-10-05 01:01:13,750 [main] INFO  server.BaseHttpServer (BaseHttpServer.java:updateConnectorAddress(215)) - HTTP server of HDDSDATANODE is listening at http://0.0.0.0:45982
2019-10-05 01:01:13,750 [main] INFO  ozone.MiniOzoneClusterImpl (MiniOzoneClusterImpl.java:lambda$waitForClusterToBeReady$0(147)) - Waiting for cluster to be ready. Got 0 of 7 DN Heartbeats.
2019-10-05 01:01:13,753 [org.apache.hadoop.util.JvmPauseMonitor$Monitor@7ee0ef2c] INFO  util.JvmPauseMonitor (JvmPauseMonitor.java:run(188)) - Starting JVM pause monitor
2019-10-05 01:01:13,755 [Datanode State Machine Thread - 0] INFO  datanode.InitDatanodeState (InitDatanodeState.java:persistContainerDatanodeDetails(140)) - DatanodeDetails is persisted to /workdir/hadoop-ozone/integration-test/target/test-dir/MiniOzoneClusterImpl-7905150a-9adf-4c87-99b9-461f1d79c63b/datanode-6/meta/datanode.id
2019-10-05 01:01:14,750 [main] INFO  ozone.MiniOzoneClusterImpl (MiniOzoneClusterImpl.java:lambda$waitForClusterToBeReady$0(147)) - Waiting for cluster to be ready. Got 0 of 7 DN Heartbeats.
2019-10-05 01:01:15,351 [Datanode State Machine Thread - 0] INFO  ozoneimpl.OzoneContainer (OzoneContainer.java:start(217)) - Attempting to start container services.
2019-10-05 01:01:15,354 [Datanode State Machine Thread - 0] INFO  ozoneimpl.OzoneContainer (OzoneContainer.java:startContainerScrub(179)) - Background container scanner has been disabled.
2019-10-05 01:01:15,354 [Datanode State Machine Thread - 0] INFO  ratis.XceiverServerRatis (XceiverServerRatis.java:start(417)) - Starting XceiverServerRatis d80a136d-1766-4220-8826-4519ccdfc503 at port 0
2019-10-05 01:01:15,361 [Datanode State Machine Thread - 0] INFO  impl.RaftServerProxy (RaftServerProxy.java:lambda$start$3(299)) - d80a136d-1766-4220-8826-4519ccdfc503: start RPC server
2019-10-05 01:01:15,364 [Datanode State Machine Thread - 0] INFO  server.GrpcService (GrpcService.java:startImpl(158)) - d80a136d-1766-4220-8826-4519ccdfc503: GrpcService started, listening on 0.0.0.0/0.0.0.0:33773
2019-10-05 01:01:15,364 [Datanode State Machine Thread - 0] INFO  ratis.XceiverServerRatis (XceiverServerRatis.java:start(427)) - XceiverServerRatis d80a136d-1766-4220-8826-4519ccdfc503 is started using port 33773
2019-10-05 01:01:15,365 [Datanode State Machine Thread - 0] INFO  server.XceiverServerGrpc (XceiverServerGrpc.java:start(149)) - XceiverServerGrpc d80a136d-1766-4220-8826-4519ccdfc503 is started using port 40014
2019-10-05 01:01:15,417 [Datanode State Machine Thread - 0] INFO  ozoneimpl.OzoneContainer (OzoneContainer.java:start(217)) - Attempting to start container services.
2019-10-05 01:01:15,420 [Datanode State Machine Thread - 0] INFO  ozoneimpl.OzoneContainer (OzoneContainer.java:startContainerScrub(179)) - Background container scanner has been disabled.
2019-10-05 01:01:15,420 [Datanode State Machine Thread - 0] INFO  ratis.XceiverServerRatis (XceiverServerRatis.java:start(417)) - Starting XceiverServerRatis 612cac7f-adbd-4c9f-8295-c8fcc0a93bfe at port 0
2019-10-05 01:01:15,425 [Datanode State Machine Thread - 0] INFO  impl.RaftServerProxy (RaftServerProxy.java:lambda$start$3(299)) - 612cac7f-adbd-4c9f-8295-c8fcc0a93bfe: start RPC server
2019-10-05 01:01:15,428 [Datanode State Machine Thread - 0] INFO  server.GrpcService (GrpcService.java:startImpl(158)) - 612cac7f-adbd-4c9f-8295-c8fcc0a93bfe: GrpcService started, listening on 0.0.0.0/0.0.0.0:42952
2019-10-05 01:01:15,428 [Datanode State Machine Thread - 0] INFO  ratis.XceiverServerRatis (XceiverServerRatis.java:start(427)) - XceiverServerRatis 612cac7f-adbd-4c9f-8295-c8fcc0a93bfe is started using port 42952
2019-10-05 01:01:15,428 [Datanode State Machine Thread - 0] INFO  server.XceiverServerGrpc (XceiverServerGrpc.java:start(149)) - XceiverServerGrpc 612cac7f-adbd-4c9f-8295-c8fcc0a93bfe is started using port 46533
2019-10-05 01:01:15,492 [Datanode State Machine Thread - 0] INFO  ozoneimpl.OzoneContainer (OzoneContainer.java:start(217)) - Attempting to start container services.
2019-10-05 01:01:15,501 [Datanode State Machine Thread - 0] INFO  ozoneimpl.OzoneContainer (OzoneContainer.java:startContainerScrub(179)) - Background container scanner has been disabled.
2019-10-05 01:01:15,501 [Datanode State Machine Thread - 0] INFO  ratis.XceiverServerRatis (XceiverServerRatis.java:start(417)) - Starting XceiverServerRatis 2f18de2d-e164-4d9c-9938-7123010b2f40 at port 0
2019-10-05 01:01:15,508 [Datanode State Machine Thread - 0] INFO  impl.RaftServerProxy (RaftServerProxy.java:lambda$start$3(299)) - 2f18de2d-e164-4d9c-9938-7123010b2f40: start RPC server
2019-10-05 01:01:15,511 [Datanode State Machine Thread - 0] INFO  server.GrpcService (GrpcService.java:startImpl(158)) - 2f18de2d-e164-4d9c-9938-7123010b2f40: GrpcService started, listening on 0.0.0.0/0.0.0.0:44461
2019-10-05 01:01:15,511 [Datanode State Machine Thread - 0] INFO  ratis.XceiverServerRatis (XceiverServerRatis.java:start(427)) - XceiverServerRatis 2f18de2d-e164-4d9c-9938-7123010b2f40 is started using port 44461
2019-10-05 01:01:15,511 [Datanode State Machine Thread - 0] INFO  server.XceiverServerGrpc (XceiverServerGrpc.java:start(149)) - XceiverServerGrpc 2f18de2d-e164-4d9c-9938-7123010b2f40 is started using port 45817
2019-10-05 01:01:15,561 [Datanode State Machine Thread - 0] INFO  ozoneimpl.OzoneContainer (OzoneContainer.java:start(217)) - Attempting to start container services.
2019-10-05 01:01:15,561 [Datanode State Machine Thread - 0] INFO  ozoneimpl.OzoneContainer (OzoneContainer.java:startContainerScrub(179)) - Background container scanner has been disabled.
2019-10-05 01:01:15,562 [Datanode State Machine Thread - 0] INFO  ratis.XceiverServerRatis (XceiverServerRatis.java:start(417)) - Starting XceiverServerRatis a60d7144-4688-4b4d-96ce-8f0ae19fef7e at port 0
2019-10-05 01:01:15,568 [Datanode State Machine Thread - 0] INFO  impl.RaftServerProxy (RaftServerProxy.java:lambda$start$3(299)) - a60d7144-4688-4b4d-96ce-8f0ae19fef7e: start RPC server
2019-10-05 01:01:15,572 [Datanode State Machine Thread - 0] INFO  server.GrpcService (GrpcService.java:startImpl(158)) - a60d7144-4688-4b4d-96ce-8f0ae19fef7e: GrpcService started, listening on 0.0.0.0/0.0.0.0:35461
2019-10-05 01:01:15,572 [Datanode State Machine Thread - 0] INFO  ratis.XceiverServerRatis (XceiverServerRatis.java:start(427)) - XceiverServerRatis a60d7144-4688-4b4d-96ce-8f0ae19fef7e is started using port 35461
2019-10-05 01:01:15,573 [Datanode State Machine Thread - 0] INFO  server.XceiverServerGrpc (XceiverServerGrpc.java:start(149)) - XceiverServerGrpc a60d7144-4688-4b4d-96ce-8f0ae19fef7e is started using port 35373
2019-10-05 01:01:15,627 [Datanode State Machine Thread - 0] INFO  ozoneimpl.OzoneContainer (OzoneContainer.java:start(217)) - Attempting to start container services.
2019-10-05 01:01:15,627 [Datanode State Machine Thread - 0] INFO  ozoneimpl.OzoneContainer (OzoneContainer.java:startContainerScrub(179)) - Background container scanner has been disabled.
2019-10-05 01:01:15,627 [Datanode State Machine Thread - 0] INFO  ratis.XceiverServerRatis (XceiverServerRatis.java:start(417)) - Starting XceiverServerRatis 4947cbd9-7abb-4fea-9147-46b9ac561e28 at port 0
2019-10-05 01:01:15,633 [Datanode State Machine Thread - 0] INFO  impl.RaftServerProxy (RaftServerProxy.java:lambda$start$3(299)) - 4947cbd9-7abb-4fea-9147-46b9ac561e28: start RPC server
2019-10-05 01:01:15,633 [Datanode State Machine Thread - 0] INFO  server.GrpcService (GrpcService.java:startImpl(158)) - 4947cbd9-7abb-4fea-9147-46b9ac561e28: GrpcService started, listening on 0.0.0.0/0.0.0.0:42091
2019-10-05 01:01:15,633 [Datanode State Machine Thread - 0] INFO  ratis.XceiverServerRatis (XceiverServerRatis.java:start(427)) - XceiverServerRatis 4947cbd9-7abb-4fea-9147-46b9ac561e28 is started using port 42091
2019-10-05 01:01:15,634 [Datanode State Machine Thread - 0] INFO  server.XceiverServerGrpc (XceiverServerGrpc.java:start(149)) - XceiverServerGrpc 4947cbd9-7abb-4fea-9147-46b9ac561e28 is started using port 35729
2019-10-05 01:01:15,693 [Datanode State Machine Thread - 0] INFO  ozoneimpl.OzoneContainer (OzoneContainer.java:start(217)) - Attempting to start container services.
2019-10-05 01:01:15,693 [Datanode State Machine Thread - 0] INFO  ozoneimpl.OzoneContainer (OzoneContainer.java:startContainerScrub(179)) - Background container scanner has been disabled.
2019-10-05 01:01:15,694 [Datanode State Machine Thread - 0] INFO  ratis.XceiverServerRatis (XceiverServerRatis.java:start(417)) - Starting XceiverServerRatis d9b343b5-4ab3-4a29-b9db-d78a0ddac86d at port 0
2019-10-05 01:01:15,700 [Datanode State Machine Thread - 0] INFO  impl.RaftServerProxy (RaftServerProxy.java:lambda$start$3(299)) - d9b343b5-4ab3-4a29-b9db-d78a0ddac86d: start RPC server
2019-10-05 01:01:15,700 [Datanode State Machine Thread - 0] INFO  server.GrpcService (GrpcService.java:startImpl(158)) - d9b343b5-4ab3-4a29-b9db-d78a0ddac86d: GrpcService started, listening on 0.0.0.0/0.0.0.0:43958
2019-10-05 01:01:15,701 [Datanode State Machine Thread - 0] INFO  ratis.XceiverServerRatis (XceiverServerRatis.java:start(427)) - XceiverServerRatis d9b343b5-4ab3-4a29-b9db-d78a0ddac86d is started using port 43958
2019-10-05 01:01:15,701 [Datanode State Machine Thread - 0] INFO  server.XceiverServerGrpc (XceiverServerGrpc.java:start(149)) - XceiverServerGrpc d9b343b5-4ab3-4a29-b9db-d78a0ddac86d is started using port 35578
2019-10-05 01:01:15,751 [main] INFO  ozone.MiniOzoneClusterImpl (MiniOzoneClusterImpl.java:lambda$waitForClusterToBeReady$0(147)) - Waiting for cluster to be ready. Got 0 of 7 DN Heartbeats.
2019-10-05 01:01:15,770 [Datanode State Machine Thread - 0] INFO  ozoneimpl.OzoneContainer (OzoneContainer.java:start(217)) - Attempting to start container services.
2019-10-05 01:01:15,770 [Datanode State Machine Thread - 0] INFO  ozoneimpl.OzoneContainer (OzoneContainer.java:startContainerScrub(179)) - Background container scanner has been disabled.
2019-10-05 01:01:15,770 [Datanode State Machine Thread - 0] INFO  ratis.XceiverServerRatis (XceiverServerRatis.java:start(417)) - Starting XceiverServerRatis 71f96e8e-43c2-466c-8e4a-98c3a02080f0 at port 0
2019-10-05 01:01:15,778 [Datanode State Machine Thread - 0] INFO  impl.RaftServerProxy (RaftServerProxy.java:lambda$start$3(299)) - 71f96e8e-43c2-466c-8e4a-98c3a02080f0: start RPC server
2019-10-05 01:01:15,779 [Datanode State Machine Thread - 0] INFO  server.GrpcService (GrpcService.java:startImpl(158)) - 71f96e8e-43c2-466c-8e4a-98c3a02080f0: GrpcService started, listening on 0.0.0.0/0.0.0.0:44400
2019-10-05 01:01:15,779 [Datanode State Machine Thread - 0] INFO  ratis.XceiverServerRatis (XceiverServerRatis.java:start(427)) - XceiverServerRatis 71f96e8e-43c2-466c-8e4a-98c3a02080f0 is started using port 44400
2019-10-05 01:01:15,780 [Datanode State Machine Thread - 0] INFO  server.XceiverServerGrpc (XceiverServerGrpc.java:start(149)) - XceiverServerGrpc 71f96e8e-43c2-466c-8e4a-98c3a02080f0 is started using port 36843
2019-10-05 01:01:16,752 [main] INFO  ozone.MiniOzoneClusterImpl (MiniOzoneClusterImpl.java:lambda$waitForClusterToBeReady$0(147)) - Waiting for cluster to be ready. Got 0 of 7 DN Heartbeats.
2019-10-05 01:01:17,330 [IPC Server handler 3 on 46431] INFO  net.NetworkTopology (NetworkTopologyImpl.java:add(111)) - Added a new node: /default-rack/d80a136d-1766-4220-8826-4519ccdfc503
2019-10-05 01:01:17,333 [IPC Server handler 3 on 46431] INFO  node.SCMNodeManager (SCMNodeManager.java:register(268)) - Registered Data node : d80a136d-1766-4220-8826-4519ccdfc503{ip: 192.168.151.100, host: pr-hdds-1986-gkmgr-421349047, networkLocation: /default-rack, certSerialId: null}
2019-10-05 01:01:17,335 [EventQueue-NodeRegistrationContainerReportForDataNodeSafeModeRule] INFO  safemode.SCMSafeModeManager (DataNodeSafeModeRule.java:process(71)) - SCM in safe mode. 1 DataNodes registered, 1 required.
2019-10-05 01:01:17,337 [EventQueue-NodeRegistrationContainerReportForDataNodeSafeModeRule] INFO  safemode.SCMSafeModeManager (SCMSafeModeManager.java:validateSafeModeExitRules(177)) - ScmSafeModeManager, all rules are successfully validated
2019-10-05 01:01:17,337 [EventQueue-NodeRegistrationContainerReportForDataNodeSafeModeRule] INFO  safemode.SCMSafeModeManager (SCMSafeModeManager.java:exitSafeMode(193)) - SCM exiting safe mode.
2019-10-05 01:01:17,350 [grpc-default-executor-5] INFO  impl.RaftServerProxy (RaftServerProxy.java:addNew(89)) - d80a136d-1766-4220-8826-4519ccdfc503: addNew group-0C76AB496161:[d80a136d-1766-4220-8826-4519ccdfc503:192.168.151.100:33773] returns group-0C76AB496161:java.util.concurrent.CompletableFuture@586463ed[Not completed]
2019-10-05 01:01:17,352 [pool-207-thread-1] INFO  impl.RaftServerImpl (RaftServerImpl.java:<init>(95)) - d80a136d-1766-4220-8826-4519ccdfc503: new RaftServerImpl for group-0C76AB496161:[d80a136d-1766-4220-8826-4519ccdfc503:192.168.151.100:33773] with ContainerStateMachine:uninitialized
2019-10-05 01:01:17,353 [pool-207-thread-1] INFO  server.RaftServerConfigKeys (ConfUtils.java:logGet(43)) - raft.server.rpc.timeout.min = 5s (custom)
2019-10-05 01:01:17,353 [pool-207-thread-1] INFO  server.RaftServerConfigKeys (ConfUtils.java:logGet(43)) - raft.server.rpc.timeout.max = 5200ms (custom)
2019-10-05 01:01:17,353 [pool-207-thread-1] INFO  server.RaftServerConfigKeys (ConfUtils.java:logGet(43)) - raft.server.rpcslowness.timeout = 120s (custom)
2019-10-05 01:01:17,353 [pool-207-thread-1] INFO  server.RaftServerConfigKeys (ConfUtils.java:logGet(43)) - raft.server.sleep.deviation.threshold = 300 (default)
2019-10-05 01:01:17,353 [pool-207-thread-1] INFO  server.RaftServerConfigKeys (ConfUtils.java:logGet(43)) - raft.server.log.appender.install.snapshot.enabled = false (custom)
2019-10-05 01:01:17,353 [pool-207-thread-1] INFO  impl.RaftServerImpl (ServerState.java:<init>(103)) - d80a136d-1766-4220-8826-4519ccdfc503@group-0C76AB496161: ConfigurationManager, init=-1: [d80a136d-1766-4220-8826-4519ccdfc503:192.168.151.100:33773], old=null, confs=<EMPTY_MAP>
2019-10-05 01:01:17,354 [pool-207-thread-1] INFO  server.RaftServerConfigKeys (ConfUtils.java:logGet(43)) - raft.server.storage.dir = [/workdir/hadoop-ozone/integration-test/target/test-dir/MiniOzoneClusterImpl-7905150a-9adf-4c87-99b9-461f1d79c63b/datanode-0/data/ratis] (custom)
2019-10-05 01:01:17,354 [pool-207-thread-1] INFO  server.RaftServerConfigKeys (ConfUtils.java:logGet(43)) - raft.server.log.corruption.policy = EXCEPTION (default)
2019-10-05 01:01:17,354 [pool-207-thread-1] INFO  storage.RaftStorageDirectory (RaftStorageDirectory.java:analyzeStorage(246)) - The storage directory /workdir/hadoop-ozone/integration-test/target/test-dir/MiniOzoneClusterImpl-7905150a-9adf-4c87-99b9-461f1d79c63b/datanode-0/data/ratis/49bbb6fd-e818-46b4-ad9c-0c76ab496161 does not exist. Creating ...
2019-10-05 01:01:17,368 [pool-207-thread-1] INFO  storage.RaftStorageDirectory (RaftStorageDirectory.java:tryLock(328)) - Lock on /workdir/hadoop-ozone/integration-test/target/test-dir/MiniOzoneClusterImpl-7905150a-9adf-4c87-99b9-461f1d79c63b/datanode-0/data/ratis/49bbb6fd-e818-46b4-ad9c-0c76ab496161/in_use.lock acquired by nodename 18151@pr-hdds-1986-gkmgr-421349047
2019-10-05 01:01:17,381 [pool-207-thread-1] INFO  storage.RaftStorage (RaftStorage.java:format(84)) - Storage directory /workdir/hadoop-ozone/integration-test/target/test-dir/MiniOzoneClusterImpl-7905150a-9adf-4c87-99b9-461f1d79c63b/datanode-0/data/ratis/49bbb6fd-e818-46b4-ad9c-0c76ab496161 has been successfully formatted.
2019-10-05 01:01:17,382 [pool-207-thread-1] INFO  ratis.ContainerStateMachine (ContainerStateMachine.java:loadSnapshot(230)) - group-0C76AB496161: The snapshot info is null. Setting the last applied indexto:(t:0, i:~)
2019-10-05 01:01:17,382 [pool-207-thread-1] INFO  server.RaftServerConfigKeys (ConfUtils.java:logGet(43)) - raft.server.notification.no-leader.timeout = 120s (custom)
2019-10-05 01:01:17,382 [pool-207-thread-1] INFO  server.RaftServerConfigKeys (ConfUtils.java:logGet(43)) - raft.server.log.use.memory = false (default)
2019-10-05 01:01:17,382 [pool-207-thread-1] INFO  server.RaftServerConfigKeys (ConfUtils.java:logGet(43)) - raft.server.log.purge.gap = 1000000 (custom)
2019-10-05 01:01:17,382 [pool-207-thread-1] INFO  server.RaftServerConfigKeys (ConfUtils.java:logGet(43)) - raft.server.log.appender.buffer.byte-limit = 33554432 (custom)
2019-10-05 01:01:17,383 [pool-207-thread-1] INFO  server.RaftServerConfigKeys (ConfUtils.java:logGet(43)) - raft.server.log.segment.size.max = 1048576 (custom)
2019-10-05 01:01:17,385 [pool-207-thread-1] INFO  server.RaftServerConfigKeys (ConfUtils.java:logGet(43)) - raft.server.log.segment.cache.num.max = 2 (custom)
2019-10-05 01:01:17,385 [pool-207-thread-1] INFO  segmented.SegmentedRaftLogWorker (SegmentedRaftLogWorker.java:<init>(173)) - new d80a136d-1766-4220-8826-4519ccdfc503@group-0C76AB496161-SegmentedRaftLogWorker for RaftStorage:Storage Directory /workdir/hadoop-ozone/integration-test/target/test-dir/MiniOzoneClusterImpl-7905150a-9adf-4c87-99b9-461f1d79c63b/datanode-0/data/ratis/49bbb6fd-e818-46b4-ad9c-0c76ab496161
2019-10-05 01:01:17,385 [pool-207-thread-1] INFO  server.RaftServerConfigKeys (ConfUtils.java:logGet(43)) - raft.server.log.queue.byte-limit = 2147483647 (custom)
2019-10-05 01:01:17,385 [pool-207-thread-1] INFO  server.RaftServerConfigKeys (ConfUtils.java:logGet(43)) - raft.server.log.queue.element-limit = 1024 (custom)
2019-10-05 01:01:17,385 [pool-207-thread-1] INFO  server.RaftServerConfigKeys (ConfUtils.java:logGet(43)) - raft.server.log.segment.size.max = 1048576 (custom)
2019-10-05 01:01:17,385 [pool-207-thread-1] INFO  server.RaftServerConfigKeys (ConfUtils.java:logGet(43)) - raft.server.log.preallocated.size = 16384 (custom)
2019-10-05 01:01:17,385 [pool-207-thread-1] INFO  server.RaftServerConfigKeys (ConfUtils.java:logGet(43)) - raft.server.log.write.buffer.size = 33554432 (custom)
2019-10-05 01:01:17,386 [pool-207-thread-1] INFO  server.RaftServerConfigKeys (ConfUtils.java:logGet(43)) - raft.server.log.force.sync.num = 128 (default)
2019-10-05 01:01:17,386 [pool-207-thread-1] INFO  server.RaftServerConfigKeys (ConfUtils.java:logGet(43)) - raft.server.log.statemachine.data.sync = true (default)
2019-10-05 01:01:17,386 [pool-207-thread-1] INFO  server.RaftServerConfigKeys (ConfUtils.java:logGet(43)) - raft.server.log.statemachine.data.sync.timeout = 10s (default)
2019-10-05 01:01:17,386 [pool-207-thread-1] INFO  server.RaftServerConfigKeys (ConfUtils.java:logGet(43)) - raft.server.log.statemachine.data.sync.timeout.retry = -1 (default)
2019-10-05 01:01:17,386 [pool-207-thread-1] INFO  server.RaftServerConfigKeys (ConfUtils.java:logGet(43)) - raft.server.log.statemachine.data.caching.enabled = true (custom)
2019-10-05 01:01:17,387 [pool-207-thread-1] INFO  segmented.SegmentedRaftLogWorker (SegmentedRaftLogWorker.java:lambda$new$0(128)) - d80a136d-1766-4220-8826-4519ccdfc503@group-0C76AB496161-SegmentedRaftLogWorker: flushIndex: setUnconditionally 0 -> -1
2019-10-05 01:01:17,388 [pool-207-thread-1] INFO  server.RaftServerConfigKeys (ConfUtils.java:logGet(43)) - raft.server.snapshot.auto.trigger.enabled = true (custom)
2019-10-05 01:01:17,388 [pool-207-thread-1] INFO  server.RaftServerConfigKeys (ConfUtils.java:logGet(43)) - raft.server.snapshot.auto.trigger.threshold = 10000 (custom)
2019-10-05 01:01:17,388 [pool-207-thread-1] INFO  server.RaftServerConfigKeys (ConfUtils.java:logGet(43)) - raft.server.snapshot.retention.file.num = 5 (custom)
2019-10-05 01:01:17,388 [pool-207-thread-1] INFO  server.RaftServerConfigKeys (ConfUtils.java:logGet(43)) - raft.server.retrycache.expirytime = 600000ms (custom)
2019-10-05 01:01:17,390 [pool-207-thread-1] INFO  impl.RaftServerImpl (RaftServerImpl.java:start(181)) - d80a136d-1766-4220-8826-4519ccdfc503@group-0C76AB496161: start as a follower, conf=-1: [d80a136d-1766-4220-8826-4519ccdfc503:192.168.151.100:33773], old=null
2019-10-05 01:01:17,390 [pool-207-thread-1] INFO  impl.RaftServerImpl (RaftServerImpl.java:setRole(170)) - d80a136d-1766-4220-8826-4519ccdfc503@group-0C76AB496161: changes role from      null to FOLLOWER at term 0 for startAsFollower
2019-10-05 01:01:17,390 [pool-207-thread-1] INFO  impl.RoleInfo (RoleInfo.java:updateAndGet(143)) - d80a136d-1766-4220-8826-4519ccdfc503: start FollowerState
2019-10-05 01:01:17,391 [pool-207-thread-1] INFO  util.JmxRegister (JmxRegister.java:tryRegister(44)) - Successfully registered JMX Bean with object name Ratis:service=RaftServer,group=group-0C76AB496161,id=d80a136d-1766-4220-8826-4519ccdfc503
2019-10-05 01:01:17,395 [RatisPipelineUtilsThread] INFO  pipeline.PipelineStateManager (PipelineStateManager.java:addPipeline(56)) - Created pipeline Pipeline[ Id: 49bbb6fd-e818-46b4-ad9c-0c76ab496161, Nodes: d80a136d-1766-4220-8826-4519ccdfc503{ip: 192.168.151.100, host: pr-hdds-1986-gkmgr-421349047, networkLocation: /default-rack, certSerialId: null}, Type:RATIS, Factor:ONE, State:OPEN]
2019-10-05 01:01:17,402 [IPC Server handler 4 on 46431] INFO  net.NetworkTopology (NetworkTopologyImpl.java:add(111)) - Added a new node: /default-rack/612cac7f-adbd-4c9f-8295-c8fcc0a93bfe
2019-10-05 01:01:17,402 [IPC Server handler 4 on 46431] INFO  node.SCMNodeManager (SCMNodeManager.java:register(268)) - Registered Data node : 612cac7f-adbd-4c9f-8295-c8fcc0a93bfe{ip: 192.168.151.100, host: pr-hdds-1986-gkmgr-421349047, networkLocation: /default-rack, certSerialId: null}
2019-10-05 01:01:17,409 [grpc-default-executor-5] INFO  impl.RaftServerProxy (RaftServerProxy.java:addNew(89)) - 612cac7f-adbd-4c9f-8295-c8fcc0a93bfe: addNew group-6C8F0F43ABF9:[612cac7f-adbd-4c9f-8295-c8fcc0a93bfe:192.168.151.100:42952] returns group-6C8F0F43ABF9:java.util.concurrent.CompletableFuture@58ca2d27[Not completed]
2019-10-05 01:01:17,410 [pool-217-thread-1] INFO  impl.RaftServerImpl (RaftServerImpl.java:<init>(95)) - 612cac7f-adbd-4c9f-8295-c8fcc0a93bfe: new RaftServerImpl for group-6C8F0F43ABF9:[612cac7f-adbd-4c9f-8295-c8fcc0a93bfe:192.168.151.100:42952] with ContainerStateMachine:uninitialized
2019-10-05 01:01:17,411 [pool-217-thread-1] INFO  server.RaftServerConfigKeys (ConfUtils.java:logGet(43)) - raft.server.rpc.timeout.min = 5s (custom)
2019-10-05 01:01:17,411 [pool-217-thread-1] INFO  server.RaftServerConfigKeys (ConfUtils.java:logGet(43)) - raft.server.rpc.timeout.max = 5200ms (custom)
2019-10-05 01:01:17,411 [pool-217-thread-1] INFO  server.RaftServerConfigKeys (ConfUtils.java:logGet(43)) - raft.server.rpcslowness.timeout = 120s (custom)
2019-10-05 01:01:17,411 [pool-217-thread-1] INFO  server.RaftServerConfigKeys (ConfUtils.java:logGet(43)) - raft.server.sleep.deviation.threshold = 300 (default)
2019-10-05 01:01:17,411 [pool-217-thread-1] INFO  server.RaftServerConfigKeys (ConfUtils.java:logGet(43)) - raft.server.log.appender.install.snapshot.enabled = false (custom)
2019-10-05 01:01:17,411 [pool-217-thread-1] INFO  impl.RaftServerImpl (ServerState.java:<init>(103)) - 612cac7f-adbd-4c9f-8295-c8fcc0a93bfe@group-6C8F0F43ABF9: ConfigurationManager, init=-1: [612cac7f-adbd-4c9f-8295-c8fcc0a93bfe:192.168.151.100:42952], old=null, confs=<EMPTY_MAP>
2019-10-05 01:01:17,411 [pool-217-thread-1] INFO  server.RaftServerConfigKeys (ConfUtils.java:logGet(43)) - raft.server.storage.dir = [/workdir/hadoop-ozone/integration-test/target/test-dir/MiniOzoneClusterImpl-7905150a-9adf-4c87-99b9-461f1d79c63b/datanode-1/data/ratis] (custom)
2019-10-05 01:01:17,412 [pool-217-thread-1] INFO  server.RaftServerConfigKeys (ConfUtils.java:logGet(43)) - raft.server.log.corruption.policy = EXCEPTION (default)
2019-10-05 01:01:17,412 [pool-217-thread-1] INFO  storage.RaftStorageDirectory (RaftStorageDirectory.java:analyzeStorage(246)) - The storage directory /workdir/hadoop-ozone/integration-test/target/test-dir/MiniOzoneClusterImpl-7905150a-9adf-4c87-99b9-461f1d79c63b/datanode-1/data/ratis/e94eec17-6d3b-4d4e-97c4-6c8f0f43abf9 does not exist. Creating ...
2019-10-05 01:01:17,425 [pool-217-thread-1] INFO  storage.RaftStorageDirectory (RaftStorageDirectory.java:tryLock(328)) - Lock on /workdir/hadoop-ozone/integration-test/target/test-dir/MiniOzoneClusterImpl-7905150a-9adf-4c87-99b9-461f1d79c63b/datanode-1/data/ratis/e94eec17-6d3b-4d4e-97c4-6c8f0f43abf9/in_use.lock acquired by nodename 18151@pr-hdds-1986-gkmgr-421349047
2019-10-05 01:01:17,438 [pool-217-thread-1] INFO  storage.RaftStorage (RaftStorage.java:format(84)) - Storage directory /workdir/hadoop-ozone/integration-test/target/test-dir/MiniOzoneClusterImpl-7905150a-9adf-4c87-99b9-461f1d79c63b/datanode-1/data/ratis/e94eec17-6d3b-4d4e-97c4-6c8f0f43abf9 has been successfully formatted.
2019-10-05 01:01:17,438 [pool-217-thread-1] INFO  ratis.ContainerStateMachine (ContainerStateMachine.java:loadSnapshot(230)) - group-6C8F0F43ABF9: The snapshot info is null. Setting the last applied indexto:(t:0, i:~)
2019-10-05 01:01:17,438 [pool-217-thread-1] INFO  server.RaftServerConfigKeys (ConfUtils.java:logGet(43)) - raft.server.notification.no-leader.timeout = 120s (custom)
2019-10-05 01:01:17,438 [pool-217-thread-1] INFO  server.RaftServerConfigKeys (ConfUtils.java:logGet(43)) - raft.server.log.use.memory = false (default)
2019-10-05 01:01:17,439 [pool-217-thread-1] INFO  server.RaftServerConfigKeys (ConfUtils.java:logGet(43)) - raft.server.log.purge.gap = 1000000 (custom)
2019-10-05 01:01:17,439 [pool-217-thread-1] INFO  server.RaftServerConfigKeys (ConfUtils.java:logGet(43)) - raft.server.log.appender.buffer.byte-limit = 33554432 (custom)
2019-10-05 01:01:17,439 [pool-217-thread-1] INFO  server.RaftServerConfigKeys (ConfUtils.java:logGet(43)) - raft.server.log.segment.size.max = 1048576 (custom)
2019-10-05 01:01:17,441 [pool-217-thread-1] INFO  server.RaftServerConfigKeys (ConfUtils.java:logGet(43)) - raft.server.log.segment.cache.num.max = 2 (custom)
2019-10-05 01:01:17,441 [pool-217-thread-1] INFO  segmented.SegmentedRaftLogWorker (SegmentedRaftLogWorker.java:<init>(173)) - new 612cac7f-adbd-4c9f-8295-c8fcc0a93bfe@group-6C8F0F43ABF9-SegmentedRaftLogWorker for RaftStorage:Storage Directory /workdir/hadoop-ozone/integration-test/target/test-dir/MiniOzoneClusterImpl-7905150a-9adf-4c87-99b9-461f1d79c63b/datanode-1/data/ratis/e94eec17-6d3b-4d4e-97c4-6c8f0f43abf9
2019-10-05 01:01:17,441 [pool-217-thread-1] INFO  server.RaftServerConfigKeys (ConfUtils.java:logGet(43)) - raft.server.log.queue.byte-limit = 2147483647 (custom)
2019-10-05 01:01:17,441 [pool-217-thread-1] INFO  server.RaftServerConfigKeys (ConfUtils.java:logGet(43)) - raft.server.log.queue.element-limit = 1024 (custom)
2019-10-05 01:01:17,441 [pool-217-thread-1] INFO  server.RaftServerConfigKeys (ConfUtils.java:logGet(43)) - raft.server.log.segment.size.max = 1048576 (custom)
2019-10-05 01:01:17,442 [pool-217-thread-1] INFO  server.RaftServerConfigKeys (ConfUtils.java:logGet(43)) - raft.server.log.preallocated.size = 16384 (custom)
2019-10-05 01:01:17,442 [pool-217-thread-1] INFO  server.RaftServerConfigKeys (ConfUtils.java:logGet(43)) - raft.server.log.write.buffer.size = 33554432 (custom)
2019-10-05 01:01:17,442 [pool-217-thread-1] INFO  server.RaftServerConfigKeys (ConfUtils.java:logGet(43)) - raft.server.log.force.sync.num = 128 (default)
2019-10-05 01:01:17,442 [pool-217-thread-1] INFO  server.RaftServerConfigKeys (ConfUtils.java:logGet(43)) - raft.server.log.statemachine.data.sync = true (default)
2019-10-05 01:01:17,442 [pool-217-thread-1] INFO  server.RaftServerConfigKeys (ConfUtils.java:logGet(43)) - raft.server.log.statemachine.data.sync.timeout = 10s (default)
2019-10-05 01:01:17,442 [pool-217-thread-1] INFO  server.RaftServerConfigKeys (ConfUtils.java:logGet(43)) - raft.server.log.statemachine.data.sync.timeout.retry = -1 (default)
2019-10-05 01:01:17,443 [pool-217-thread-1] INFO  server.RaftServerConfigKeys (ConfUtils.java:logGet(43)) - raft.server.log.statemachine.data.caching.enabled = true (custom)
2019-10-05 01:01:17,443 [pool-217-thread-1] INFO  segmented.SegmentedRaftLogWorker (SegmentedRaftLogWorker.java:lambda$new$0(128)) - 612cac7f-adbd-4c9f-8295-c8fcc0a93bfe@group-6C8F0F43ABF9-SegmentedRaftLogWorker: flushIndex: setUnconditionally 0 -> -1
2019-10-05 01:01:17,443 [pool-217-thread-1] INFO  server.RaftServerConfigKeys (ConfUtils.java:logGet(43)) - raft.server.snapshot.auto.trigger.enabled = true (custom)
2019-10-05 01:01:17,443 [pool-217-thread-1] INFO  server.RaftServerConfigKeys (ConfUtils.java:logGet(43)) - raft.server.snapshot.auto.trigger.threshold = 10000 (custom)
2019-10-05 01:01:17,444 [pool-217-thread-1] INFO  server.RaftServerConfigKeys (ConfUtils.java:logGet(43)) - raft.server.snapshot.retention.file.num = 5 (custom)
2019-10-05 01:01:17,444 [pool-217-thread-1] INFO  server.RaftServerConfigKeys (ConfUtils.java:logGet(43)) - raft.server.retrycache.expirytime = 600000ms (custom)
2019-10-05 01:01:17,446 [pool-217-thread-1] INFO  impl.RaftServerImpl (RaftServerImpl.java:start(181)) - 612cac7f-adbd-4c9f-8295-c8fcc0a93bfe@group-6C8F0F43ABF9: start as a follower, conf=-1: [612cac7f-adbd-4c9f-8295-c8fcc0a93bfe:192.168.151.100:42952], old=null
2019-10-05 01:01:17,446 [pool-217-thread-1] INFO  impl.RaftServerImpl (RaftServerImpl.java:setRole(170)) - 612cac7f-adbd-4c9f-8295-c8fcc0a93bfe@group-6C8F0F43ABF9: changes role from      null to FOLLOWER at term 0 for startAsFollower
2019-10-05 01:01:17,446 [pool-217-thread-1] INFO  impl.RoleInfo (RoleInfo.java:updateAndGet(143)) - 612cac7f-adbd-4c9f-8295-c8fcc0a93bfe: start FollowerState
2019-10-05 01:01:17,446 [pool-217-thread-1] INFO  util.JmxRegister (JmxRegister.java:tryRegister(44)) - Successfully registered JMX Bean with object name Ratis:service=RaftServer,group=group-6C8F0F43ABF9,id=612cac7f-adbd-4c9f-8295-c8fcc0a93bfe
2019-10-05 01:01:17,451 [RatisPipelineUtilsThread] INFO  pipeline.PipelineStateManager (PipelineStateManager.java:addPipeline(56)) - Created pipeline Pipeline[ Id: e94eec17-6d3b-4d4e-97c4-6c8f0f43abf9, Nodes: 612cac7f-adbd-4c9f-8295-c8fcc0a93bfe{ip: 192.168.151.100, host: pr-hdds-1986-gkmgr-421349047, networkLocation: /default-rack, certSerialId: null}, Type:RATIS, Factor:ONE, State:OPEN]
2019-10-05 01:01:17,476 [IPC Server handler 2 on 46431] INFO  net.NetworkTopology (NetworkTopologyImpl.java:add(111)) - Added a new node: /default-rack/2f18de2d-e164-4d9c-9938-7123010b2f40
2019-10-05 01:01:17,479 [IPC Server handler 2 on 46431] INFO  node.SCMNodeManager (SCMNodeManager.java:register(268)) - Registered Data node : 2f18de2d-e164-4d9c-9938-7123010b2f40{ip: 192.168.151.100, host: pr-hdds-1986-gkmgr-421349047, networkLocation: /default-rack, certSerialId: null}
2019-10-05 01:01:17,495 [grpc-default-executor-5] INFO  impl.RaftServerProxy (RaftServerProxy.java:addNew(89)) - 2f18de2d-e164-4d9c-9938-7123010b2f40: addNew group-29CA09E43386:[2f18de2d-e164-4d9c-9938-7123010b2f40:192.168.151.100:44461] returns group-29CA09E43386:java.util.concurrent.CompletableFuture@21418847[Not completed]
2019-10-05 01:01:17,501 [pool-227-thread-1] INFO  impl.RaftServerImpl (RaftServerImpl.java:<init>(95)) - 2f18de2d-e164-4d9c-9938-7123010b2f40: new RaftServerImpl for group-29CA09E43386:[2f18de2d-e164-4d9c-9938-7123010b2f40:192.168.151.100:44461] with ContainerStateMachine:uninitialized
2019-10-05 01:01:17,501 [pool-227-thread-1] INFO  server.RaftServerConfigKeys (ConfUtils.java:logGet(43)) - raft.server.rpc.timeout.min = 5s (custom)
2019-10-05 01:01:17,501 [pool-227-thread-1] INFO  server.RaftServerConfigKeys (ConfUtils.java:logGet(43)) - raft.server.rpc.timeout.max = 5200ms (custom)
2019-10-05 01:01:17,501 [pool-227-thread-1] INFO  server.RaftServerConfigKeys (ConfUtils.java:logGet(43)) - raft.server.rpcslowness.timeout = 120s (custom)
2019-10-05 01:01:17,501 [pool-227-thread-1] INFO  server.RaftServerConfigKeys (ConfUtils.java:logGet(43)) - raft.server.sleep.deviation.threshold = 300 (default)
2019-10-05 01:01:17,502 [pool-227-thread-1] INFO  server.RaftServerConfigKeys (ConfUtils.java:logGet(43)) - raft.server.log.appender.install.snapshot.enabled = false (custom)
2019-10-05 01:01:17,502 [pool-227-thread-1] INFO  impl.RaftServerImpl (ServerState.java:<init>(103)) - 2f18de2d-e164-4d9c-9938-7123010b2f40@group-29CA09E43386: ConfigurationManager, init=-1: [2f18de2d-e164-4d9c-9938-7123010b2f40:192.168.151.100:44461], old=null, confs=<EMPTY_MAP>
2019-10-05 01:01:17,502 [pool-227-thread-1] INFO  server.RaftServerConfigKeys (ConfUtils.java:logGet(43)) - raft.server.storage.dir = [/workdir/hadoop-ozone/integration-test/target/test-dir/MiniOzoneClusterImpl-7905150a-9adf-4c87-99b9-461f1d79c63b/datanode-2/data/ratis] (custom)
2019-10-05 01:01:17,502 [pool-227-thread-1] INFO  server.RaftServerConfigKeys (ConfUtils.java:logGet(43)) - raft.server.log.corruption.policy = EXCEPTION (default)
2019-10-05 01:01:17,503 [pool-227-thread-1] INFO  storage.RaftStorageDirectory (RaftStorageDirectory.java:analyzeStorage(246)) - The storage directory /workdir/hadoop-ozone/integration-test/target/test-dir/MiniOzoneClusterImpl-7905150a-9adf-4c87-99b9-461f1d79c63b/datanode-2/data/ratis/955924c3-13e5-42ec-ae88-29ca09e43386 does not exist. Creating ...
2019-10-05 01:01:17,515 [pool-227-thread-1] INFO  storage.RaftStorageDirectory (RaftStorageDirectory.java:tryLock(328)) - Lock on /workdir/hadoop-ozone/integration-test/target/test-dir/MiniOzoneClusterImpl-7905150a-9adf-4c87-99b9-461f1d79c63b/datanode-2/data/ratis/955924c3-13e5-42ec-ae88-29ca09e43386/in_use.lock acquired by nodename 18151@pr-hdds-1986-gkmgr-421349047
2019-10-05 01:01:17,528 [pool-227-thread-1] INFO  storage.RaftStorage (RaftStorage.java:format(84)) - Storage directory /workdir/hadoop-ozone/integration-test/target/test-dir/MiniOzoneClusterImpl-7905150a-9adf-4c87-99b9-461f1d79c63b/datanode-2/data/ratis/955924c3-13e5-42ec-ae88-29ca09e43386 has been successfully formatted.
2019-10-05 01:01:17,528 [pool-227-thread-1] INFO  ratis.ContainerStateMachine (ContainerStateMachine.java:loadSnapshot(230)) - group-29CA09E43386: The snapshot info is null. Setting the last applied indexto:(t:0, i:~)
2019-10-05 01:01:17,528 [pool-227-thread-1] INFO  server.RaftServerConfigKeys (ConfUtils.java:logGet(43)) - raft.server.notification.no-leader.timeout = 120s (custom)
2019-10-05 01:01:17,528 [pool-227-thread-1] INFO  server.RaftServerConfigKeys (ConfUtils.java:logGet(43)) - raft.server.log.use.memory = false (default)
2019-10-05 01:01:17,529 [pool-227-thread-1] INFO  server.RaftServerConfigKeys (ConfUtils.java:logGet(43)) - raft.server.log.purge.gap = 1000000 (custom)
2019-10-05 01:01:17,529 [pool-227-thread-1] INFO  server.RaftServerConfigKeys (ConfUtils.java:logGet(43)) - raft.server.log.appender.buffer.byte-limit = 33554432 (custom)
2019-10-05 01:01:17,529 [pool-227-thread-1] INFO  server.RaftServerConfigKeys (ConfUtils.java:logGet(43)) - raft.server.log.segment.size.max = 1048576 (custom)
2019-10-05 01:01:17,531 [pool-227-thread-1] INFO  server.RaftServerConfigKeys (ConfUtils.java:logGet(43)) - raft.server.log.segment.cache.num.max = 2 (custom)
2019-10-05 01:01:17,531 [pool-227-thread-1] INFO  segmented.SegmentedRaftLogWorker (SegmentedRaftLogWorker.java:<init>(173)) - new 2f18de2d-e164-4d9c-9938-7123010b2f40@group-29CA09E43386-SegmentedRaftLogWorker for RaftStorage:Storage Directory /workdir/hadoop-ozone/integration-test/target/test-dir/MiniOzoneClusterImpl-7905150a-9adf-4c87-99b9-461f1d79c63b/datanode-2/data/ratis/955924c3-13e5-42ec-ae88-29ca09e43386
2019-10-05 01:01:17,531 [pool-227-thread-1] INFO  server.RaftServerConfigKeys (ConfUtils.java:logGet(43)) - raft.server.log.queue.byte-limit = 2147483647 (custom)
2019-10-05 01:01:17,531 [pool-227-thread-1] INFO  server.RaftServerConfigKeys (ConfUtils.java:logGet(43)) - raft.server.log.queue.element-limit = 1024 (custom)
2019-10-05 01:01:17,532 [pool-227-thread-1] INFO  server.RaftServerConfigKeys (ConfUtils.java:logGet(43)) - raft.server.log.segment.size.max = 1048576 (custom)
2019-10-05 01:01:17,532 [pool-227-thread-1] INFO  server.RaftServerConfigKeys (ConfUtils.java:logGet(43)) - raft.server.log.preallocated.size = 16384 (custom)
2019-10-05 01:01:17,532 [pool-227-thread-1] INFO  server.RaftServerConfigKeys (ConfUtils.java:logGet(43)) - raft.server.log.write.buffer.size = 33554432 (custom)
2019-10-05 01:01:17,532 [pool-227-thread-1] INFO  server.RaftServerConfigKeys (ConfUtils.java:logGet(43)) - raft.server.log.force.sync.num = 128 (default)
2019-10-05 01:01:17,532 [pool-227-thread-1] INFO  server.RaftServerConfigKeys (ConfUtils.java:logGet(43)) - raft.server.log.statemachine.data.sync = true (default)
2019-10-05 01:01:17,532 [pool-227-thread-1] INFO  server.RaftServerConfigKeys (ConfUtils.java:logGet(43)) - raft.server.log.statemachine.data.sync.timeout = 10s (default)
2019-10-05 01:01:17,533 [pool-227-thread-1] INFO  server.RaftServerConfigKeys (ConfUtils.java:logGet(43)) - raft.server.log.statemachine.data.sync.timeout.retry = -1 (default)
2019-10-05 01:01:17,533 [pool-227-thread-1] INFO  server.RaftServerConfigKeys (ConfUtils.java:logGet(43)) - raft.server.log.statemachine.data.caching.enabled = true (custom)
2019-10-05 01:01:17,533 [pool-227-thread-1] INFO  segmented.SegmentedRaftLogWorker (SegmentedRaftLogWorker.java:lambda$new$0(128)) - 2f18de2d-e164-4d9c-9938-7123010b2f40@group-29CA09E43386-SegmentedRaftLogWorker: flushIndex: setUnconditionally 0 -> -1
2019-10-05 01:01:17,534 [pool-227-thread-1] INFO  server.RaftServerConfigKeys (ConfUtils.java:logGet(43)) - raft.server.snapshot.auto.trigger.enabled = true (custom)
2019-10-05 01:01:17,534 [pool-227-thread-1] INFO  server.RaftServerConfigKeys (ConfUtils.java:logGet(43)) - raft.server.snapshot.auto.trigger.threshold = 10000 (custom)
2019-10-05 01:01:17,534 [pool-227-thread-1] INFO  server.RaftServerConfigKeys (ConfUtils.java:logGet(43)) - raft.server.snapshot.retention.file.num = 5 (custom)
2019-10-05 01:01:17,534 [pool-227-thread-1] INFO  server.RaftServerConfigKeys (ConfUtils.java:logGet(43)) - raft.server.retrycache.expirytime = 600000ms (custom)
2019-10-05 01:01:17,536 [pool-227-thread-1] INFO  impl.RaftServerImpl (RaftServerImpl.java:start(181)) - 2f18de2d-e164-4d9c-9938-7123010b2f40@group-29CA09E43386: start as a follower, conf=-1: [2f18de2d-e164-4d9c-9938-7123010b2f40:192.168.151.100:44461], old=null
2019-10-05 01:01:17,536 [pool-227-thread-1] INFO  impl.RaftServerImpl (RaftServerImpl.java:setRole(170)) - 2f18de2d-e164-4d9c-9938-7123010b2f40@group-29CA09E43386: changes role from      null to FOLLOWER at term 0 for startAsFollower
2019-10-05 01:01:17,536 [pool-227-thread-1] INFO  impl.RoleInfo (RoleInfo.java:updateAndGet(143)) - 2f18de2d-e164-4d9c-9938-7123010b2f40: start FollowerState
2019-10-05 01:01:17,537 [pool-227-thread-1] INFO  util.JmxRegister (JmxRegister.java:tryRegister(44)) - Successfully registered JMX Bean with object name Ratis:service=RaftServer,group=group-29CA09E43386,id=2f18de2d-e164-4d9c-9938-7123010b2f40
2019-10-05 01:01:17,541 [RatisPipelineUtilsThread] INFO  pipeline.PipelineStateManager (PipelineStateManager.java:addPipeline(56)) - Created pipeline Pipeline[ Id: 955924c3-13e5-42ec-ae88-29ca09e43386, Nodes: 2f18de2d-e164-4d9c-9938-7123010b2f40{ip: 192.168.151.100, host: pr-hdds-1986-gkmgr-421349047, networkLocation: /default-rack, certSerialId: null}, Type:RATIS, Factor:ONE, State:OPEN]
2019-10-05 01:01:17,551 [IPC Server handler 1 on 46431] INFO  net.NetworkTopology (NetworkTopologyImpl.java:add(111)) - Added a new node: /default-rack/a60d7144-4688-4b4d-96ce-8f0ae19fef7e
2019-10-05 01:01:17,551 [IPC Server handler 1 on 46431] INFO  node.SCMNodeManager (SCMNodeManager.java:register(268)) - Registered Data node : a60d7144-4688-4b4d-96ce-8f0ae19fef7e{ip: 192.168.151.100, host: pr-hdds-1986-gkmgr-421349047, networkLocation: /default-rack, certSerialId: null}
2019-10-05 01:01:17,556 [grpc-default-executor-3] INFO  impl.RaftServerProxy (RaftServerProxy.java:addNew(89)) - 2f18de2d-e164-4d9c-9938-7123010b2f40: addNew group-3476BD9B3912:[612cac7f-adbd-4c9f-8295-c8fcc0a93bfe:192.168.151.100:42952, d80a136d-1766-4220-8826-4519ccdfc503:192.168.151.100:33773, 2f18de2d-e164-4d9c-9938-7123010b2f40:192.168.151.100:44461] returns group-3476BD9B3912:java.util.concurrent.CompletableFuture@344c9bb1[Not completed]
2019-10-05 01:01:17,556 [grpc-default-executor-2] INFO  impl.RaftServerProxy (RaftServerProxy.java:addNew(89)) - d80a136d-1766-4220-8826-4519ccdfc503: addNew group-3476BD9B3912:[612cac7f-adbd-4c9f-8295-c8fcc0a93bfe:192.168.151.100:42952, d80a136d-1766-4220-8826-4519ccdfc503:192.168.151.100:33773, 2f18de2d-e164-4d9c-9938-7123010b2f40:192.168.151.100:44461] returns group-3476BD9B3912:java.util.concurrent.CompletableFuture@69937816[Not completed]
2019-10-05 01:01:17,557 [grpc-default-executor-5] INFO  impl.RaftServerProxy (RaftServerProxy.java:addNew(89)) - 612cac7f-adbd-4c9f-8295-c8fcc0a93bfe: addNew group-3476BD9B3912:[612cac7f-adbd-4c9f-8295-c8fcc0a93bfe:192.168.151.100:42952, d80a136d-1766-4220-8826-4519ccdfc503:192.168.151.100:33773, 2f18de2d-e164-4d9c-9938-7123010b2f40:192.168.151.100:44461] returns group-3476BD9B3912:java.util.concurrent.CompletableFuture@5966550e[Not completed]
2019-10-05 01:01:17,557 [pool-227-thread-1] INFO  impl.RaftServerImpl (RaftServerImpl.java:<init>(95)) - 2f18de2d-e164-4d9c-9938-7123010b2f40: new RaftServerImpl for group-3476BD9B3912:[612cac7f-adbd-4c9f-8295-c8fcc0a93bfe:192.168.151.100:42952, d80a136d-1766-4220-8826-4519ccdfc503:192.168.151.100:33773, 2f18de2d-e164-4d9c-9938-7123010b2f40:192.168.151.100:44461] with ContainerStateMachine:uninitialized
2019-10-05 01:01:17,557 [pool-227-thread-1] INFO  server.RaftServerConfigKeys (ConfUtils.java:logGet(43)) - raft.server.rpc.timeout.min = 5s (custom)
2019-10-05 01:01:17,558 [pool-227-thread-1] INFO  server.RaftServerConfigKeys (ConfUtils.java:logGet(43)) - raft.server.rpc.timeout.max = 5200ms (custom)
2019-10-05 01:01:17,558 [pool-227-thread-1] INFO  server.RaftServerConfigKeys (ConfUtils.java:logGet(43)) - raft.server.rpcslowness.timeout = 120s (custom)
2019-10-05 01:01:17,558 [pool-227-thread-1] INFO  server.RaftServerConfigKeys (ConfUtils.java:logGet(43)) - raft.server.sleep.deviation.threshold = 300 (default)
2019-10-05 01:01:17,558 [pool-227-thread-1] INFO  server.RaftServerConfigKeys (ConfUtils.java:logGet(43)) - raft.server.log.appender.install.snapshot.enabled = false (custom)
2019-10-05 01:01:17,558 [pool-227-thread-1] INFO  impl.RaftServerImpl (ServerState.java:<init>(103)) - 2f18de2d-e164-4d9c-9938-7123010b2f40@group-3476BD9B3912: ConfigurationManager, init=-1: [612cac7f-adbd-4c9f-8295-c8fcc0a93bfe:192.168.151.100:42952, d80a136d-1766-4220-8826-4519ccdfc503:192.168.151.100:33773, 2f18de2d-e164-4d9c-9938-7123010b2f40:192.168.151.100:44461], old=null, confs=<EMPTY_MAP>
2019-10-05 01:01:17,558 [pool-217-thread-1] INFO  impl.RaftServerImpl (RaftServerImpl.java:<init>(95)) - 612cac7f-adbd-4c9f-8295-c8fcc0a93bfe: new RaftServerImpl for group-3476BD9B3912:[612cac7f-adbd-4c9f-8295-c8fcc0a93bfe:192.168.151.100:42952, d80a136d-1766-4220-8826-4519ccdfc503:192.168.151.100:33773, 2f18de2d-e164-4d9c-9938-7123010b2f40:192.168.151.100:44461] with ContainerStateMachine:uninitialized
2019-10-05 01:01:17,558 [pool-227-thread-1] INFO  server.RaftServerConfigKeys (ConfUtils.java:logGet(43)) - raft.server.storage.dir = [/workdir/hadoop-ozone/integration-test/target/test-dir/MiniOzoneClusterImpl-7905150a-9adf-4c87-99b9-461f1d79c63b/datanode-2/data/ratis] (custom)
2019-10-05 01:01:17,558 [pool-217-thread-1] INFO  server.RaftServerConfigKeys (ConfUtils.java:logGet(43)) - raft.server.rpc.timeout.min = 5s (custom)
2019-10-05 01:01:17,559 [pool-217-thread-1] INFO  server.RaftServerConfigKeys (ConfUtils.java:logGet(43)) - raft.server.rpc.timeout.max = 5200ms (custom)
2019-10-05 01:01:17,559 [pool-227-thread-1] INFO  server.RaftServerConfigKeys (ConfUtils.java:logGet(43)) - raft.server.log.corruption.policy = EXCEPTION (default)
2019-10-05 01:01:17,559 [pool-217-thread-1] INFO  server.RaftServerConfigKeys (ConfUtils.java:logGet(43)) - raft.server.rpcslowness.timeout = 120s (custom)
2019-10-05 01:01:17,559 [pool-227-thread-1] INFO  storage.RaftStorageDirectory (RaftStorageDirectory.java:analyzeStorage(246)) - The storage directory /workdir/hadoop-ozone/integration-test/target/test-dir/MiniOzoneClusterImpl-7905150a-9adf-4c87-99b9-461f1d79c63b/datanode-2/data/ratis/402513d2-0621-4ccb-aa1d-3476bd9b3912 does not exist. Creating ...
2019-10-05 01:01:17,559 [pool-207-thread-1] INFO  impl.RaftServerImpl (RaftServerImpl.java:<init>(95)) - d80a136d-1766-4220-8826-4519ccdfc503: new RaftServerImpl for group-3476BD9B3912:[612cac7f-adbd-4c9f-8295-c8fcc0a93bfe:192.168.151.100:42952, d80a136d-1766-4220-8826-4519ccdfc503:192.168.151.100:33773, 2f18de2d-e164-4d9c-9938-7123010b2f40:192.168.151.100:44461] with ContainerStateMachine:uninitialized
2019-10-05 01:01:17,559 [pool-217-thread-1] INFO  server.RaftServerConfigKeys (ConfUtils.java:logGet(43)) - raft.server.sleep.deviation.threshold = 300 (default)
2019-10-05 01:01:17,560 [pool-207-thread-1] INFO  server.RaftServerConfigKeys (ConfUtils.java:logGet(43)) - raft.server.rpc.timeout.min = 5s (custom)
2019-10-05 01:01:17,560 [pool-217-thread-1] INFO  server.RaftServerConfigKeys (ConfUtils.java:logGet(43)) - raft.server.log.appender.install.snapshot.enabled = false (custom)
2019-10-05 01:01:17,560 [pool-207-thread-1] INFO  server.RaftServerConfigKeys (ConfUtils.java:logGet(43)) - raft.server.rpc.timeout.max = 5200ms (custom)
2019-10-05 01:01:17,560 [pool-217-thread-1] INFO  impl.RaftServerImpl (ServerState.java:<init>(103)) - 612cac7f-adbd-4c9f-8295-c8fcc0a93bfe@group-3476BD9B3912: ConfigurationManager, init=-1: [612cac7f-adbd-4c9f-8295-c8fcc0a93bfe:192.168.151.100:42952, d80a136d-1766-4220-8826-4519ccdfc503:192.168.151.100:33773, 2f18de2d-e164-4d9c-9938-7123010b2f40:192.168.151.100:44461], old=null, confs=<EMPTY_MAP>
2019-10-05 01:01:17,560 [pool-207-thread-1] INFO  server.RaftServerConfigKeys (ConfUtils.java:logGet(43)) - raft.server.rpcslowness.timeout = 120s (custom)
2019-10-05 01:01:17,560 [pool-217-thread-1] INFO  server.RaftServerConfigKeys (ConfUtils.java:logGet(43)) - raft.server.storage.dir = [/workdir/hadoop-ozone/integration-test/target/test-dir/MiniOzoneClusterImpl-7905150a-9adf-4c87-99b9-461f1d79c63b/datanode-1/data/ratis] (custom)
2019-10-05 01:01:17,560 [pool-207-thread-1] INFO  server.RaftServerConfigKeys (ConfUtils.java:logGet(43)) - raft.server.sleep.deviation.threshold = 300 (default)
2019-10-05 01:01:17,561 [pool-207-thread-1] INFO  server.RaftServerConfigKeys (ConfUtils.java:logGet(43)) - raft.server.log.appender.install.snapshot.enabled = false (custom)
2019-10-05 01:01:17,561 [pool-217-thread-1] INFO  server.RaftServerConfigKeys (ConfUtils.java:logGet(43)) - raft.server.log.corruption.policy = EXCEPTION (default)
2019-10-05 01:01:17,561 [pool-207-thread-1] INFO  impl.RaftServerImpl (ServerState.java:<init>(103)) - d80a136d-1766-4220-8826-4519ccdfc503@group-3476BD9B3912: ConfigurationManager, init=-1: [612cac7f-adbd-4c9f-8295-c8fcc0a93bfe:192.168.151.100:42952, d80a136d-1766-4220-8826-4519ccdfc503:192.168.151.100:33773, 2f18de2d-e164-4d9c-9938-7123010b2f40:192.168.151.100:44461], old=null, confs=<EMPTY_MAP>
2019-10-05 01:01:17,561 [pool-217-thread-1] INFO  storage.RaftStorageDirectory (RaftStorageDirectory.java:analyzeStorage(246)) - The storage directory /workdir/hadoop-ozone/integration-test/target/test-dir/MiniOzoneClusterImpl-7905150a-9adf-4c87-99b9-461f1d79c63b/datanode-1/data/ratis/402513d2-0621-4ccb-aa1d-3476bd9b3912 does not exist. Creating ...
2019-10-05 01:01:17,561 [pool-207-thread-1] INFO  server.RaftServerConfigKeys (ConfUtils.java:logGet(43)) - raft.server.storage.dir = [/workdir/hadoop-ozone/integration-test/target/test-dir/MiniOzoneClusterImpl-7905150a-9adf-4c87-99b9-461f1d79c63b/datanode-0/data/ratis] (custom)
2019-10-05 01:01:17,562 [pool-207-thread-1] INFO  server.RaftServerConfigKeys (ConfUtils.java:logGet(43)) - raft.server.log.corruption.policy = EXCEPTION (default)
2019-10-05 01:01:17,562 [pool-207-thread-1] INFO  storage.RaftStorageDirectory (RaftStorageDirectory.java:analyzeStorage(246)) - The storage directory /workdir/hadoop-ozone/integration-test/target/test-dir/MiniOzoneClusterImpl-7905150a-9adf-4c87-99b9-461f1d79c63b/datanode-0/data/ratis/402513d2-0621-4ccb-aa1d-3476bd9b3912 does not exist. Creating ...
2019-10-05 01:01:17,573 [pool-227-thread-1] INFO  storage.RaftStorageDirectory (RaftStorageDirectory.java:tryLock(328)) - Lock on /workdir/hadoop-ozone/integration-test/target/test-dir/MiniOzoneClusterImpl-7905150a-9adf-4c87-99b9-461f1d79c63b/datanode-2/data/ratis/402513d2-0621-4ccb-aa1d-3476bd9b3912/in_use.lock acquired by nodename 18151@pr-hdds-1986-gkmgr-421349047
2019-10-05 01:01:17,573 [pool-217-thread-1] INFO  storage.RaftStorageDirectory (RaftStorageDirectory.java:tryLock(328)) - Lock on /workdir/hadoop-ozone/integration-test/target/test-dir/MiniOzoneClusterImpl-7905150a-9adf-4c87-99b9-461f1d79c63b/datanode-1/data/ratis/402513d2-0621-4ccb-aa1d-3476bd9b3912/in_use.lock acquired by nodename 18151@pr-hdds-1986-gkmgr-421349047
2019-10-05 01:01:17,573 [pool-207-thread-1] INFO  storage.RaftStorageDirectory (RaftStorageDirectory.java:tryLock(328)) - Lock on /workdir/hadoop-ozone/integration-test/target/test-dir/MiniOzoneClusterImpl-7905150a-9adf-4c87-99b9-461f1d79c63b/datanode-0/data/ratis/402513d2-0621-4ccb-aa1d-3476bd9b3912/in_use.lock acquired by nodename 18151@pr-hdds-1986-gkmgr-421349047
2019-10-05 01:01:17,577 [pool-227-thread-1] INFO  storage.RaftStorage (RaftStorage.java:format(84)) - Storage directory /workdir/hadoop-ozone/integration-test/target/test-dir/MiniOzoneClusterImpl-7905150a-9adf-4c87-99b9-461f1d79c63b/datanode-2/data/ratis/402513d2-0621-4ccb-aa1d-3476bd9b3912 has been successfully formatted.
2019-10-05 01:01:17,577 [pool-207-thread-1] INFO  storage.RaftStorage (RaftStorage.java:format(84)) - Storage directory /workdir/hadoop-ozone/integration-test/target/test-dir/MiniOzoneClusterImpl-7905150a-9adf-4c87-99b9-461f1d79c63b/datanode-0/data/ratis/402513d2-0621-4ccb-aa1d-3476bd9b3912 has been successfully formatted.
2019-10-05 01:01:17,577 [pool-217-thread-1] INFO  storage.RaftStorage (RaftStorage.java:format(84)) - Storage directory /workdir/hadoop-ozone/integration-test/target/test-dir/MiniOzoneClusterImpl-7905150a-9adf-4c87-99b9-461f1d79c63b/datanode-1/data/ratis/402513d2-0621-4ccb-aa1d-3476bd9b3912 has been successfully formatted.
2019-10-05 01:01:17,577 [pool-227-thread-1] INFO  ratis.ContainerStateMachine (ContainerStateMachine.java:loadSnapshot(230)) - group-3476BD9B3912: The snapshot info is null. Setting the last applied indexto:(t:0, i:~)
2019-10-05 01:01:17,578 [pool-217-thread-1] INFO  ratis.ContainerStateMachine (ContainerStateMachine.java:loadSnapshot(230)) - group-3476BD9B3912: The snapshot info is null. Setting the last applied indexto:(t:0, i:~)
2019-10-05 01:01:17,578 [pool-207-thread-1] INFO  ratis.ContainerStateMachine (ContainerStateMachine.java:loadSnapshot(230)) - group-3476BD9B3912: The snapshot info is null. Setting the last applied indexto:(t:0, i:~)
2019-10-05 01:01:17,578 [pool-217-thread-1] INFO  server.RaftServerConfigKeys (ConfUtils.java:logGet(43)) - raft.server.notification.no-leader.timeout = 120s (custom)
2019-10-05 01:01:17,578 [pool-227-thread-1] INFO  server.RaftServerConfigKeys (ConfUtils.java:logGet(43)) - raft.server.notification.no-leader.timeout = 120s (custom)
2019-10-05 01:01:17,578 [pool-217-thread-1] INFO  server.RaftServerConfigKeys (ConfUtils.java:logGet(43)) - raft.server.log.use.memory = false (default)
2019-10-05 01:01:17,578 [pool-207-thread-1] INFO  server.RaftServerConfigKeys (ConfUtils.java:logGet(43)) - raft.server.notification.no-leader.timeout = 120s (custom)
2019-10-05 01:01:17,578 [pool-217-thread-1] INFO  server.RaftServerConfigKeys (ConfUtils.java:logGet(43)) - raft.server.log.purge.gap = 1000000 (custom)
2019-10-05 01:01:17,578 [pool-227-thread-1] INFO  server.RaftServerConfigKeys (ConfUtils.java:logGet(43)) - raft.server.log.use.memory = false (default)
2019-10-05 01:01:17,579 [pool-217-thread-1] INFO  server.RaftServerConfigKeys (ConfUtils.java:logGet(43)) - raft.server.log.appender.buffer.byte-limit = 33554432 (custom)
2019-10-05 01:01:17,578 [pool-207-thread-1] INFO  server.RaftServerConfigKeys (ConfUtils.java:logGet(43)) - raft.server.log.use.memory = false (default)
2019-10-05 01:01:17,579 [pool-217-thread-1] INFO  server.RaftServerConfigKeys (ConfUtils.java:logGet(43)) - raft.server.log.segment.size.max = 1048576 (custom)
2019-10-05 01:01:17,579 [pool-227-thread-1] INFO  server.RaftServerConfigKeys (ConfUtils.java:logGet(43)) - raft.server.log.purge.gap = 1000000 (custom)
2019-10-05 01:01:17,579 [pool-217-thread-1] INFO  server.RaftServerConfigKeys (ConfUtils.java:logGet(43)) - raft.server.log.segment.cache.num.max = 2 (custom)
2019-10-05 01:01:17,579 [pool-207-thread-1] INFO  server.RaftServerConfigKeys (ConfUtils.java:logGet(43)) - raft.server.log.purge.gap = 1000000 (custom)
2019-10-05 01:01:17,579 [pool-217-thread-1] INFO  segmented.SegmentedRaftLogWorker (SegmentedRaftLogWorker.java:<init>(173)) - new 612cac7f-adbd-4c9f-8295-c8fcc0a93bfe@group-3476BD9B3912-SegmentedRaftLogWorker for RaftStorage:Storage Directory /workdir/hadoop-ozone/integration-test/target/test-dir/MiniOzoneClusterImpl-7905150a-9adf-4c87-99b9-461f1d79c63b/datanode-1/data/ratis/402513d2-0621-4ccb-aa1d-3476bd9b3912
2019-10-05 01:01:17,579 [pool-227-thread-1] INFO  server.RaftServerConfigKeys (ConfUtils.java:logGet(43)) - raft.server.log.appender.buffer.byte-limit = 33554432 (custom)
2019-10-05 01:01:17,579 [pool-217-thread-1] INFO  server.RaftServerConfigKeys (ConfUtils.java:logGet(43)) - raft.server.log.queue.byte-limit = 2147483647 (custom)
2019-10-05 01:01:17,579 [pool-207-thread-1] INFO  server.RaftServerConfigKeys (ConfUtils.java:logGet(43)) - raft.server.log.appender.buffer.byte-limit = 33554432 (custom)
2019-10-05 01:01:17,580 [pool-217-thread-1] INFO  server.RaftServerConfigKeys (ConfUtils.java:logGet(43)) - raft.server.log.queue.element-limit = 1024 (custom)
2019-10-05 01:01:17,580 [pool-227-thread-1] INFO  server.RaftServerConfigKeys (ConfUtils.java:logGet(43)) - raft.server.log.segment.size.max = 1048576 (custom)
2019-10-05 01:01:17,580 [pool-217-thread-1] INFO  server.RaftServerConfigKeys (ConfUtils.java:logGet(43)) - raft.server.log.segment.size.max = 1048576 (custom)
2019-10-05 01:01:17,580 [pool-207-thread-1] INFO  server.RaftServerConfigKeys (ConfUtils.java:logGet(43)) - raft.server.log.segment.size.max = 1048576 (custom)
2019-10-05 01:01:17,580 [pool-217-thread-1] INFO  server.RaftServerConfigKeys (ConfUtils.java:logGet(43)) - raft.server.log.preallocated.size = 16384 (custom)
2019-10-05 01:01:17,580 [pool-227-thread-1] INFO  server.RaftServerConfigKeys (ConfUtils.java:logGet(43)) - raft.server.log.segment.cache.num.max = 2 (custom)
2019-10-05 01:01:17,580 [pool-217-thread-1] INFO  server.RaftServerConfigKeys (ConfUtils.java:logGet(43)) - raft.server.log.write.buffer.size = 33554432 (custom)
2019-10-05 01:01:17,580 [pool-207-thread-1] INFO  server.RaftServerConfigKeys (ConfUtils.java:logGet(43)) - raft.server.log.segment.cache.num.max = 2 (custom)
2019-10-05 01:01:17,580 [pool-217-thread-1] INFO  server.RaftServerConfigKeys (ConfUtils.java:logGet(43)) - raft.server.log.force.sync.num = 128 (default)
2019-10-05 01:01:17,580 [pool-227-thread-1] INFO  segmented.SegmentedRaftLogWorker (SegmentedRaftLogWorker.java:<init>(173)) - new 2f18de2d-e164-4d9c-9938-7123010b2f40@group-3476BD9B3912-SegmentedRaftLogWorker for RaftStorage:Storage Directory /workdir/hadoop-ozone/integration-test/target/test-dir/MiniOzoneClusterImpl-7905150a-9adf-4c87-99b9-461f1d79c63b/datanode-2/data/ratis/402513d2-0621-4ccb-aa1d-3476bd9b3912
2019-10-05 01:01:17,581 [pool-217-thread-1] INFO  server.RaftServerConfigKeys (ConfUtils.java:logGet(43)) - raft.server.log.statemachine.data.sync = true (default)
2019-10-05 01:01:17,581 [pool-207-thread-1] INFO  segmented.SegmentedRaftLogWorker (SegmentedRaftLogWorker.java:<init>(173)) - new d80a136d-1766-4220-8826-4519ccdfc503@group-3476BD9B3912-SegmentedRaftLogWorker for RaftStorage:Storage Directory /workdir/hadoop-ozone/integration-test/target/test-dir/MiniOzoneClusterImpl-7905150a-9adf-4c87-99b9-461f1d79c63b/datanode-0/data/ratis/402513d2-0621-4ccb-aa1d-3476bd9b3912
2019-10-05 01:01:17,581 [pool-217-thread-1] INFO  server.RaftServerConfigKeys (ConfUtils.java:logGet(43)) - raft.server.log.statemachine.data.sync.timeout = 10s (default)
2019-10-05 01:01:17,581 [pool-227-thread-1] INFO  server.RaftServerConfigKeys (ConfUtils.java:logGet(43)) - raft.server.log.queue.byte-limit = 2147483647 (custom)
2019-10-05 01:01:17,581 [pool-217-thread-1] INFO  server.RaftServerConfigKeys (ConfUtils.java:logGet(43)) - raft.server.log.statemachine.data.sync.timeout.retry = -1 (default)
2019-10-05 01:01:17,581 [pool-207-thread-1] INFO  server.RaftServerConfigKeys (ConfUtils.java:logGet(43)) - raft.server.log.queue.byte-limit = 2147483647 (custom)
2019-10-05 01:01:17,581 [pool-217-thread-1] INFO  server.RaftServerConfigKeys (ConfUtils.java:logGet(43)) - raft.server.log.statemachine.data.caching.enabled = true (custom)
2019-10-05 01:01:17,581 [pool-227-thread-1] INFO  server.RaftServerConfigKeys (ConfUtils.java:logGet(43)) - raft.server.log.queue.element-limit = 1024 (custom)
2019-10-05 01:01:17,582 [pool-207-thread-1] INFO  server.RaftServerConfigKeys (ConfUtils.java:logGet(43)) - raft.server.log.queue.element-limit = 1024 (custom)
2019-10-05 01:01:17,582 [pool-227-thread-1] INFO  server.RaftServerConfigKeys (ConfUtils.java:logGet(43)) - raft.server.log.segment.size.max = 1048576 (custom)
2019-10-05 01:01:17,582 [pool-217-thread-1] INFO  segmented.SegmentedRaftLogWorker (SegmentedRaftLogWorker.java:lambda$new$0(128)) - 612cac7f-adbd-4c9f-8295-c8fcc0a93bfe@group-3476BD9B3912-SegmentedRaftLogWorker: flushIndex: setUnconditionally 0 -> -1
2019-10-05 01:01:17,582 [pool-227-thread-1] INFO  server.RaftServerConfigKeys (ConfUtils.java:logGet(43)) - raft.server.log.preallocated.size = 16384 (custom)
2019-10-05 01:01:17,582 [pool-207-thread-1] INFO  server.RaftServerConfigKeys (ConfUtils.java:logGet(43)) - raft.server.log.segment.size.max = 1048576 (custom)
2019-10-05 01:01:17,582 [pool-227-thread-1] INFO  server.RaftServerConfigKeys (ConfUtils.java:logGet(43)) - raft.server.log.write.buffer.size = 33554432 (custom)
2019-10-05 01:01:17,582 [pool-217-thread-1] INFO  server.RaftServerConfigKeys (ConfUtils.java:logGet(43)) - raft.server.snapshot.auto.trigger.enabled = true (custom)
2019-10-05 01:01:17,583 [pool-227-thread-1] INFO  server.RaftServerConfigKeys (ConfUtils.java:logGet(43)) - raft.server.log.force.sync.num = 128 (default)
2019-10-05 01:01:17,582 [pool-207-thread-1] INFO  server.RaftServerConfigKeys (ConfUtils.java:logGet(43)) - raft.server.log.preallocated.size = 16384 (custom)
2019-10-05 01:01:17,583 [pool-227-thread-1] INFO  server.RaftServerConfigKeys (ConfUtils.java:logGet(43)) - raft.server.log.statemachine.data.sync = true (default)
2019-10-05 01:01:17,583 [pool-217-thread-1] INFO  server.RaftServerConfigKeys (ConfUtils.java:logGet(43)) - raft.server.snapshot.auto.trigger.threshold = 10000 (custom)
2019-10-05 01:01:17,583 [pool-227-thread-1] INFO  server.RaftServerConfigKeys (ConfUtils.java:logGet(43)) - raft.server.log.statemachine.data.sync.timeout = 10s (default)
2019-10-05 01:01:17,583 [pool-227-thread-1] INFO  server.RaftServerConfigKeys (ConfUtils.java:logGet(43)) - raft.server.log.statemachine.data.sync.timeout.retry = -1 (default)
2019-10-05 01:01:17,583 [pool-207-thread-1] INFO  server.RaftServerConfigKeys (ConfUtils.java:logGet(43)) - raft.server.log.write.buffer.size = 33554432 (custom)
2019-10-05 01:01:17,583 [pool-227-thread-1] INFO  server.RaftServerConfigKeys (ConfUtils.java:logGet(43)) - raft.server.log.statemachine.data.caching.enabled = true (custom)
2019-10-05 01:01:17,583 [pool-217-thread-1] INFO  server.RaftServerConfigKeys (ConfUtils.java:logGet(43)) - raft.server.snapshot.retention.file.num = 5 (custom)
2019-10-05 01:01:17,584 [pool-227-thread-1] INFO  segmented.SegmentedRaftLogWorker (SegmentedRaftLogWorker.java:lambda$new$0(128)) - 2f18de2d-e164-4d9c-9938-7123010b2f40@group-3476BD9B3912-SegmentedRaftLogWorker: flushIndex: setUnconditionally 0 -> -1
2019-10-05 01:01:17,584 [pool-207-thread-1] INFO  server.RaftServerConfigKeys (ConfUtils.java:logGet(43)) - raft.server.log.force.sync.num = 128 (default)
2019-10-05 01:01:17,584 [pool-227-thread-1] INFO  server.RaftServerConfigKeys (ConfUtils.java:logGet(43)) - raft.server.snapshot.auto.trigger.enabled = true (custom)
2019-10-05 01:01:17,584 [pool-217-thread-1] INFO  server.RaftServerConfigKeys (ConfUtils.java:logGet(43)) - raft.server.retrycache.expirytime = 600000ms (custom)
2019-10-05 01:01:17,584 [pool-227-thread-1] INFO  server.RaftServerConfigKeys (ConfUtils.java:logGet(43)) - raft.server.snapshot.auto.trigger.threshold = 10000 (custom)
2019-10-05 01:01:17,585 [pool-227-thread-1] INFO  server.RaftServerConfigKeys (ConfUtils.java:logGet(43)) - raft.server.snapshot.retention.file.num = 5 (custom)
2019-10-05 01:01:17,584 [pool-207-thread-1] INFO  server.RaftServerConfigKeys (ConfUtils.java:logGet(43)) - raft.server.log.statemachine.data.sync = true (default)
2019-10-05 01:01:17,585 [pool-227-thread-1] INFO  server.RaftServerConfigKeys (ConfUtils.java:logGet(43)) - raft.server.retrycache.expirytime = 600000ms (custom)
2019-10-05 01:01:17,585 [pool-207-thread-1] INFO  server.RaftServerConfigKeys (ConfUtils.java:logGet(43)) - raft.server.log.statemachine.data.sync.timeout = 10s (default)
2019-10-05 01:01:17,585 [pool-207-thread-1] INFO  server.RaftServerConfigKeys (ConfUtils.java:logGet(43)) - raft.server.log.statemachine.data.sync.timeout.retry = -1 (default)
2019-10-05 01:01:17,585 [pool-207-thread-1] INFO  server.RaftServerConfigKeys (ConfUtils.java:logGet(43)) - raft.server.log.statemachine.data.caching.enabled = true (custom)
2019-10-05 01:01:17,586 [pool-207-thread-1] INFO  segmented.SegmentedRaftLogWorker (SegmentedRaftLogWorker.java:lambda$new$0(128)) - d80a136d-1766-4220-8826-4519ccdfc503@group-3476BD9B3912-SegmentedRaftLogWorker: flushIndex: setUnconditionally 0 -> -1
2019-10-05 01:01:17,586 [pool-207-thread-1] INFO  server.RaftServerConfigKeys (ConfUtils.java:logGet(43)) - raft.server.snapshot.auto.trigger.enabled = true (custom)
2019-10-05 01:01:17,586 [pool-207-thread-1] INFO  server.RaftServerConfigKeys (ConfUtils.java:logGet(43)) - raft.server.snapshot.auto.trigger.threshold = 10000 (custom)
2019-10-05 01:01:17,586 [pool-207-thread-1] INFO  server.RaftServerConfigKeys (ConfUtils.java:logGet(43)) - raft.server.snapshot.retention.file.num = 5 (custom)
2019-10-05 01:01:17,587 [pool-207-thread-1] INFO  server.RaftServerConfigKeys (ConfUtils.java:logGet(43)) - raft.server.retrycache.expirytime = 600000ms (custom)
2019-10-05 01:01:17,588 [pool-217-thread-1] INFO  impl.RaftServerImpl (RaftServerImpl.java:start(181)) - 612cac7f-adbd-4c9f-8295-c8fcc0a93bfe@group-3476BD9B3912: start as a follower, conf=-1: [612cac7f-adbd-4c9f-8295-c8fcc0a93bfe:192.168.151.100:42952, d80a136d-1766-4220-8826-4519ccdfc503:192.168.151.100:33773, 2f18de2d-e164-4d9c-9938-7123010b2f40:192.168.151.100:44461], old=null
2019-10-05 01:01:17,588 [pool-217-thread-1] INFO  impl.RaftServerImpl (RaftServerImpl.java:setRole(170)) - 612cac7f-adbd-4c9f-8295-c8fcc0a93bfe@group-3476BD9B3912: changes role from      null to FOLLOWER at term 0 for startAsFollower
2019-10-05 01:01:17,589 [pool-227-thread-1] INFO  impl.RaftServerImpl (RaftServerImpl.java:start(181)) - 2f18de2d-e164-4d9c-9938-7123010b2f40@group-3476BD9B3912: start as a follower, conf=-1: [612cac7f-adbd-4c9f-8295-c8fcc0a93bfe:192.168.151.100:42952, d80a136d-1766-4220-8826-4519ccdfc503:192.168.151.100:33773, 2f18de2d-e164-4d9c-9938-7123010b2f40:192.168.151.100:44461], old=null
2019-10-05 01:01:17,589 [pool-217-thread-1] INFO  impl.RoleInfo (RoleInfo.java:updateAndGet(143)) - 612cac7f-adbd-4c9f-8295-c8fcc0a93bfe: start FollowerState
2019-10-05 01:01:17,589 [pool-227-thread-1] INFO  impl.RaftServerImpl (RaftServerImpl.java:setRole(170)) - 2f18de2d-e164-4d9c-9938-7123010b2f40@group-3476BD9B3912: changes role from      null to FOLLOWER at term 0 for startAsFollower
2019-10-05 01:01:17,589 [pool-227-thread-1] INFO  impl.RoleInfo (RoleInfo.java:updateAndGet(143)) - 2f18de2d-e164-4d9c-9938-7123010b2f40: start FollowerState
2019-10-05 01:01:17,589 [pool-217-thread-1] INFO  util.JmxRegister (JmxRegister.java:tryRegister(44)) - Successfully registered JMX Bean with object name Ratis:service=RaftServer,group=group-3476BD9B3912,id=612cac7f-adbd-4c9f-8295-c8fcc0a93bfe
2019-10-05 01:01:17,589 [pool-227-thread-1] INFO  util.JmxRegister (JmxRegister.java:tryRegister(44)) - Successfully registered JMX Bean with object name Ratis:service=RaftServer,group=group-3476BD9B3912,id=2f18de2d-e164-4d9c-9938-7123010b2f40
2019-10-05 01:01:17,590 [pool-207-thread-1] INFO  impl.RaftServerImpl (RaftServerImpl.java:start(181)) - d80a136d-1766-4220-8826-4519ccdfc503@group-3476BD9B3912: start as a follower, conf=-1: [612cac7f-adbd-4c9f-8295-c8fcc0a93bfe:192.168.151.100:42952, d80a136d-1766-4220-8826-4519ccdfc503:192.168.151.100:33773, 2f18de2d-e164-4d9c-9938-7123010b2f40:192.168.151.100:44461], old=null
2019-10-05 01:01:17,591 [pool-207-thread-1] INFO  impl.RaftServerImpl (RaftServerImpl.java:setRole(170)) - d80a136d-1766-4220-8826-4519ccdfc503@group-3476BD9B3912: changes role from      null to FOLLOWER at term 0 for startAsFollower
2019-10-05 01:01:17,591 [pool-207-thread-1] INFO  impl.RoleInfo (RoleInfo.java:updateAndGet(143)) - d80a136d-1766-4220-8826-4519ccdfc503: start FollowerState
2019-10-05 01:01:17,591 [pool-207-thread-1] INFO  util.JmxRegister (JmxRegister.java:tryRegister(44)) - Successfully registered JMX Bean with object name Ratis:service=RaftServer,group=group-3476BD9B3912,id=d80a136d-1766-4220-8826-4519ccdfc503
2019-10-05 01:01:17,597 [RatisPipelineUtilsThread] INFO  pipeline.PipelineStateManager (PipelineStateManager.java:addPipeline(56)) - Created pipeline Pipeline[ Id: 402513d2-0621-4ccb-aa1d-3476bd9b3912, Nodes: d80a136d-1766-4220-8826-4519ccdfc503{ip: 192.168.151.100, host: pr-hdds-1986-gkmgr-421349047, networkLocation: /default-rack, certSerialId: null}2f18de2d-e164-4d9c-9938-7123010b2f40{ip: 192.168.151.100, host: pr-hdds-1986-gkmgr-421349047, networkLocation: /default-rack, certSerialId: null}612cac7f-adbd-4c9f-8295-c8fcc0a93bfe{ip: 192.168.151.100, host: pr-hdds-1986-gkmgr-421349047, networkLocation: /default-rack, certSerialId: null}, Type:RATIS, Factor:THREE, State:OPEN]
2019-10-05 01:01:17,613 [IPC Server handler 5 on 46431] INFO  net.NetworkTopology (NetworkTopologyImpl.java:add(111)) - Added a new node: /default-rack/4947cbd9-7abb-4fea-9147-46b9ac561e28
2019-10-05 01:01:17,614 [IPC Server handler 5 on 46431] INFO  node.SCMNodeManager (SCMNodeManager.java:register(268)) - Registered Data node : 4947cbd9-7abb-4fea-9147-46b9ac561e28{ip: 192.168.151.100, host: pr-hdds-1986-gkmgr-421349047, networkLocation: /default-rack, certSerialId: null}
2019-10-05 01:01:17,620 [grpc-default-executor-5] INFO  impl.RaftServerProxy (RaftServerProxy.java:addNew(89)) - a60d7144-4688-4b4d-96ce-8f0ae19fef7e: addNew group-E73E80305935:[a60d7144-4688-4b4d-96ce-8f0ae19fef7e:192.168.151.100:35461] returns group-E73E80305935:java.util.concurrent.CompletableFuture@52417125[Not completed]
2019-10-05 01:01:17,626 [pool-237-thread-1] INFO  impl.RaftServerImpl (RaftServerImpl.java:<init>(95)) - a60d7144-4688-4b4d-96ce-8f0ae19fef7e: new RaftServerImpl for group-E73E80305935:[a60d7144-4688-4b4d-96ce-8f0ae19fef7e:192.168.151.100:35461] with ContainerStateMachine:uninitialized
2019-10-05 01:01:17,626 [pool-237-thread-1] INFO  server.RaftServerConfigKeys (ConfUtils.java:logGet(43)) - raft.server.rpc.timeout.min = 5s (custom)
2019-10-05 01:01:17,627 [pool-237-thread-1] INFO  server.RaftServerConfigKeys (ConfUtils.java:logGet(43)) - raft.server.rpc.timeout.max = 5200ms (custom)
2019-10-05 01:01:17,627 [pool-237-thread-1] INFO  server.RaftServerConfigKeys (ConfUtils.java:logGet(43)) - raft.server.rpcslowness.timeout = 120s (custom)
2019-10-05 01:01:17,627 [pool-237-thread-1] INFO  server.RaftServerConfigKeys (ConfUtils.java:logGet(43)) - raft.server.sleep.deviation.threshold = 300 (default)
2019-10-05 01:01:17,627 [pool-237-thread-1] INFO  server.RaftServerConfigKeys (ConfUtils.java:logGet(43)) - raft.server.log.appender.install.snapshot.enabled = false (custom)
2019-10-05 01:01:17,627 [pool-237-thread-1] INFO  impl.RaftServerImpl (ServerState.java:<init>(103)) - a60d7144-4688-4b4d-96ce-8f0ae19fef7e@group-E73E80305935: ConfigurationManager, init=-1: [a60d7144-4688-4b4d-96ce-8f0ae19fef7e:192.168.151.100:35461], old=null, confs=<EMPTY_MAP>
2019-10-05 01:01:17,627 [pool-237-thread-1] INFO  server.RaftServerConfigKeys (ConfUtils.java:logGet(43)) - raft.server.storage.dir = [/workdir/hadoop-ozone/integration-test/target/test-dir/MiniOzoneClusterImpl-7905150a-9adf-4c87-99b9-461f1d79c63b/datanode-3/data/ratis] (custom)
2019-10-05 01:01:17,627 [pool-237-thread-1] INFO  server.RaftServerConfigKeys (ConfUtils.java:logGet(43)) - raft.server.log.corruption.policy = EXCEPTION (default)
2019-10-05 01:01:17,627 [pool-237-thread-1] INFO  storage.RaftStorageDirectory (RaftStorageDirectory.java:analyzeStorage(246)) - The storage directory /workdir/hadoop-ozone/integration-test/target/test-dir/MiniOzoneClusterImpl-7905150a-9adf-4c87-99b9-461f1d79c63b/datanode-3/data/ratis/ef8adf9a-c7e9-44b8-994b-e73e80305935 does not exist. Creating ...
2019-10-05 01:01:17,639 [pool-237-thread-1] INFO  storage.RaftStorageDirectory (RaftStorageDirectory.java:tryLock(328)) - Lock on /workdir/hadoop-ozone/integration-test/target/test-dir/MiniOzoneClusterImpl-7905150a-9adf-4c87-99b9-461f1d79c63b/datanode-3/data/ratis/ef8adf9a-c7e9-44b8-994b-e73e80305935/in_use.lock acquired by nodename 18151@pr-hdds-1986-gkmgr-421349047
2019-10-05 01:01:17,659 [pool-237-thread-1] INFO  storage.RaftStorage (RaftStorage.java:format(84)) - Storage directory /workdir/hadoop-ozone/integration-test/target/test-dir/MiniOzoneClusterImpl-7905150a-9adf-4c87-99b9-461f1d79c63b/datanode-3/data/ratis/ef8adf9a-c7e9-44b8-994b-e73e80305935 has been successfully formatted.
2019-10-05 01:01:17,659 [pool-237-thread-1] INFO  ratis.ContainerStateMachine (ContainerStateMachine.java:loadSnapshot(230)) - group-E73E80305935: The snapshot info is null. Setting the last applied indexto:(t:0, i:~)
2019-10-05 01:01:17,659 [pool-237-thread-1] INFO  server.RaftServerConfigKeys (ConfUtils.java:logGet(43)) - raft.server.notification.no-leader.timeout = 120s (custom)
2019-10-05 01:01:17,659 [pool-237-thread-1] INFO  server.RaftServerConfigKeys (ConfUtils.java:logGet(43)) - raft.server.log.use.memory = false (default)
2019-10-05 01:01:17,659 [pool-237-thread-1] INFO  server.RaftServerConfigKeys (ConfUtils.java:logGet(43)) - raft.server.log.purge.gap = 1000000 (custom)
2019-10-05 01:01:17,659 [pool-237-thread-1] INFO  server.RaftServerConfigKeys (ConfUtils.java:logGet(43)) - raft.server.log.appender.buffer.byte-limit = 33554432 (custom)
2019-10-05 01:01:17,660 [pool-237-thread-1] INFO  server.RaftServerConfigKeys (ConfUtils.java:logGet(43)) - raft.server.log.segment.size.max = 1048576 (custom)
2019-10-05 01:01:17,661 [pool-237-thread-1] INFO  server.RaftServerConfigKeys (ConfUtils.java:logGet(43)) - raft.server.log.segment.cache.num.max = 2 (custom)
2019-10-05 01:01:17,661 [pool-237-thread-1] INFO  segmented.SegmentedRaftLogWorker (SegmentedRaftLogWorker.java:<init>(173)) - new a60d7144-4688-4b4d-96ce-8f0ae19fef7e@group-E73E80305935-SegmentedRaftLogWorker for RaftStorage:Storage Directory /workdir/hadoop-ozone/integration-test/target/test-dir/MiniOzoneClusterImpl-7905150a-9adf-4c87-99b9-461f1d79c63b/datanode-3/data/ratis/ef8adf9a-c7e9-44b8-994b-e73e80305935
2019-10-05 01:01:17,661 [pool-237-thread-1] INFO  server.RaftServerConfigKeys (ConfUtils.java:logGet(43)) - raft.server.log.queue.byte-limit = 2147483647 (custom)
2019-10-05 01:01:17,661 [pool-237-thread-1] INFO  server.RaftServerConfigKeys (ConfUtils.java:logGet(43)) - raft.server.log.queue.element-limit = 1024 (custom)
2019-10-05 01:01:17,661 [pool-237-thread-1] INFO  server.RaftServerConfigKeys (ConfUtils.java:logGet(43)) - raft.server.log.segment.size.max = 1048576 (custom)
2019-10-05 01:01:17,661 [pool-237-thread-1] INFO  server.RaftServerConfigKeys (ConfUtils.java:logGet(43)) - raft.server.log.preallocated.size = 16384 (custom)
2019-10-05 01:01:17,662 [pool-237-thread-1] INFO  server.RaftServerConfigKeys (ConfUtils.java:logGet(43)) - raft.server.log.write.buffer.size = 33554432 (custom)
2019-10-05 01:01:17,662 [pool-237-thread-1] INFO  server.RaftServerConfigKeys (ConfUtils.java:logGet(43)) - raft.server.log.force.sync.num = 128 (default)
2019-10-05 01:01:17,662 [pool-237-thread-1] INFO  server.RaftServerConfigKeys (ConfUtils.java:logGet(43)) - raft.server.log.statemachine.data.sync = true (default)
2019-10-05 01:01:17,662 [pool-237-thread-1] INFO  server.RaftServerConfigKeys (ConfUtils.java:logGet(43)) - raft.server.log.statemachine.data.sync.timeout = 10s (default)
2019-10-05 01:01:17,662 [pool-237-thread-1] INFO  server.RaftServerConfigKeys (ConfUtils.java:logGet(43)) - raft.server.log.statemachine.data.sync.timeout.retry = -1 (default)
2019-10-05 01:01:17,662 [pool-237-thread-1] INFO  server.RaftServerConfigKeys (ConfUtils.java:logGet(43)) - raft.server.log.statemachine.data.caching.enabled = true (custom)
2019-10-05 01:01:17,663 [pool-237-thread-1] INFO  segmented.SegmentedRaftLogWorker (SegmentedRaftLogWorker.java:lambda$new$0(128)) - a60d7144-4688-4b4d-96ce-8f0ae19fef7e@group-E73E80305935-SegmentedRaftLogWorker: flushIndex: setUnconditionally 0 -> -1
2019-10-05 01:01:17,663 [pool-237-thread-1] INFO  server.RaftServerConfigKeys (ConfUtils.java:logGet(43)) - raft.server.snapshot.auto.trigger.enabled = true (custom)
2019-10-05 01:01:17,663 [pool-237-thread-1] INFO  server.RaftServerConfigKeys (ConfUtils.java:logGet(43)) - raft.server.snapshot.auto.trigger.threshold = 10000 (custom)
2019-10-05 01:01:17,663 [pool-237-thread-1] INFO  server.RaftServerConfigKeys (ConfUtils.java:logGet(43)) - raft.server.snapshot.retention.file.num = 5 (custom)
2019-10-05 01:01:17,663 [pool-237-thread-1] INFO  server.RaftServerConfigKeys (ConfUtils.java:logGet(43)) - raft.server.retrycache.expirytime = 600000ms (custom)
2019-10-05 01:01:17,665 [pool-237-thread-1] INFO  impl.RaftServerImpl (RaftServerImpl.java:start(181)) - a60d7144-4688-4b4d-96ce-8f0ae19fef7e@group-E73E80305935: start as a follower, conf=-1: [a60d7144-4688-4b4d-96ce-8f0ae19fef7e:192.168.151.100:35461], old=null
2019-10-05 01:01:17,665 [pool-237-thread-1] INFO  impl.RaftServerImpl (RaftServerImpl.java:setRole(170)) - a60d7144-4688-4b4d-96ce-8f0ae19fef7e@group-E73E80305935: changes role from      null to FOLLOWER at term 0 for startAsFollower
2019-10-05 01:01:17,665 [pool-237-thread-1] INFO  impl.RoleInfo (RoleInfo.java:updateAndGet(143)) - a60d7144-4688-4b4d-96ce-8f0ae19fef7e: start FollowerState
2019-10-05 01:01:17,666 [pool-237-thread-1] INFO  util.JmxRegister (JmxRegister.java:tryRegister(44)) - Successfully registered JMX Bean with object name Ratis:service=RaftServer,group=group-E73E80305935,id=a60d7144-4688-4b4d-96ce-8f0ae19fef7e
2019-10-05 01:01:17,670 [RatisPipelineUtilsThread] INFO  pipeline.PipelineStateManager (PipelineStateManager.java:addPipeline(56)) - Created pipeline Pipeline[ Id: ef8adf9a-c7e9-44b8-994b-e73e80305935, Nodes: a60d7144-4688-4b4d-96ce-8f0ae19fef7e{ip: 192.168.151.100, host: pr-hdds-1986-gkmgr-421349047, networkLocation: /default-rack, certSerialId: null}, Type:RATIS, Factor:ONE, State:OPEN]
2019-10-05 01:01:17,680 [grpc-default-executor-5] INFO  impl.RaftServerProxy (RaftServerProxy.java:addNew(89)) - 4947cbd9-7abb-4fea-9147-46b9ac561e28: addNew group-20D8861F08E5:[4947cbd9-7abb-4fea-9147-46b9ac561e28:192.168.151.100:42091] returns group-20D8861F08E5:java.util.concurrent.CompletableFuture@61031331[Not completed]
2019-10-05 01:01:17,686 [pool-247-thread-1] INFO  impl.RaftServerImpl (RaftServerImpl.java:<init>(95)) - 4947cbd9-7abb-4fea-9147-46b9ac561e28: new RaftServerImpl for group-20D8861F08E5:[4947cbd9-7abb-4fea-9147-46b9ac561e28:192.168.151.100:42091] with ContainerStateMachine:uninitialized
2019-10-05 01:01:17,686 [pool-247-thread-1] INFO  server.RaftServerConfigKeys (ConfUtils.java:logGet(43)) - raft.server.rpc.timeout.min = 5s (custom)
2019-10-05 01:01:17,686 [pool-247-thread-1] INFO  server.RaftServerConfigKeys (ConfUtils.java:logGet(43)) - raft.server.rpc.timeout.max = 5200ms (custom)
2019-10-05 01:01:17,686 [pool-247-thread-1] INFO  server.RaftServerConfigKeys (ConfUtils.java:logGet(43)) - raft.server.rpcslowness.timeout = 120s (custom)
2019-10-05 01:01:17,686 [IPC Server handler 8 on 46431] INFO  net.NetworkTopology (NetworkTopologyImpl.java:add(111)) - Added a new node: /default-rack/d9b343b5-4ab3-4a29-b9db-d78a0ddac86d
2019-10-05 01:01:17,686 [pool-247-thread-1] INFO  server.RaftServerConfigKeys (ConfUtils.java:logGet(43)) - raft.server.sleep.deviation.threshold = 300 (default)
2019-10-05 01:01:17,686 [IPC Server handler 8 on 46431] INFO  node.SCMNodeManager (SCMNodeManager.java:register(268)) - Registered Data node : d9b343b5-4ab3-4a29-b9db-d78a0ddac86d{ip: 192.168.151.100, host: pr-hdds-1986-gkmgr-421349047, networkLocation: /default-rack, certSerialId: null}
2019-10-05 01:01:17,686 [pool-247-thread-1] INFO  server.RaftServerConfigKeys (ConfUtils.java:logGet(43)) - raft.server.log.appender.install.snapshot.enabled = false (custom)
2019-10-05 01:01:17,687 [pool-247-thread-1] INFO  impl.RaftServerImpl (ServerState.java:<init>(103)) - 4947cbd9-7abb-4fea-9147-46b9ac561e28@group-20D8861F08E5: ConfigurationManager, init=-1: [4947cbd9-7abb-4fea-9147-46b9ac561e28:192.168.151.100:42091], old=null, confs=<EMPTY_MAP>
2019-10-05 01:01:17,687 [pool-247-thread-1] INFO  server.RaftServerConfigKeys (ConfUtils.java:logGet(43)) - raft.server.storage.dir = [/workdir/hadoop-ozone/integration-test/target/test-dir/MiniOzoneClusterImpl-7905150a-9adf-4c87-99b9-461f1d79c63b/datanode-4/data/ratis] (custom)
2019-10-05 01:01:17,687 [pool-247-thread-1] INFO  server.RaftServerConfigKeys (ConfUtils.java:logGet(43)) - raft.server.log.corruption.policy = EXCEPTION (default)
2019-10-05 01:01:17,687 [pool-247-thread-1] INFO  storage.RaftStorageDirectory (RaftStorageDirectory.java:analyzeStorage(246)) - The storage directory /workdir/hadoop-ozone/integration-test/target/test-dir/MiniOzoneClusterImpl-7905150a-9adf-4c87-99b9-461f1d79c63b/datanode-4/data/ratis/03ad68aa-ca39-4155-9757-20d8861f08e5 does not exist. Creating ...
2019-10-05 01:01:17,700 [pool-247-thread-1] INFO  storage.RaftStorageDirectory (RaftStorageDirectory.java:tryLock(328)) - Lock on /workdir/hadoop-ozone/integration-test/target/test-dir/MiniOzoneClusterImpl-7905150a-9adf-4c87-99b9-461f1d79c63b/datanode-4/data/ratis/03ad68aa-ca39-4155-9757-20d8861f08e5/in_use.lock acquired by nodename 18151@pr-hdds-1986-gkmgr-421349047
2019-10-05 01:01:17,713 [pool-247-thread-1] INFO  storage.RaftStorage (RaftStorage.java:format(84)) - Storage directory /workdir/hadoop-ozone/integration-test/target/test-dir/MiniOzoneClusterImpl-7905150a-9adf-4c87-99b9-461f1d79c63b/datanode-4/data/ratis/03ad68aa-ca39-4155-9757-20d8861f08e5 has been successfully formatted.
2019-10-05 01:01:17,713 [pool-247-thread-1] INFO  ratis.ContainerStateMachine (ContainerStateMachine.java:loadSnapshot(230)) - group-20D8861F08E5: The snapshot info is null. Setting the last applied indexto:(t:0, i:~)
2019-10-05 01:01:17,713 [pool-247-thread-1] INFO  server.RaftServerConfigKeys (ConfUtils.java:logGet(43)) - raft.server.notification.no-leader.timeout = 120s (custom)
2019-10-05 01:01:17,713 [pool-247-thread-1] INFO  server.RaftServerConfigKeys (ConfUtils.java:logGet(43)) - raft.server.log.use.memory = false (default)
2019-10-05 01:01:17,713 [pool-247-thread-1] INFO  server.RaftServerConfigKeys (ConfUtils.java:logGet(43)) - raft.server.log.purge.gap = 1000000 (custom)
2019-10-05 01:01:17,713 [pool-247-thread-1] INFO  server.RaftServerConfigKeys (ConfUtils.java:logGet(43)) - raft.server.log.appender.buffer.byte-limit = 33554432 (custom)
2019-10-05 01:01:17,713 [pool-247-thread-1] INFO  server.RaftServerConfigKeys (ConfUtils.java:logGet(43)) - raft.server.log.segment.size.max = 1048576 (custom)
2019-10-05 01:01:17,715 [pool-247-thread-1] INFO  server.RaftServerConfigKeys (ConfUtils.java:logGet(43)) - raft.server.log.segment.cache.num.max = 2 (custom)
2019-10-05 01:01:17,715 [pool-247-thread-1] INFO  segmented.SegmentedRaftLogWorker (SegmentedRaftLogWorker.java:<init>(173)) - new 4947cbd9-7abb-4fea-9147-46b9ac561e28@group-20D8861F08E5-SegmentedRaftLogWorker for RaftStorage:Storage Directory /workdir/hadoop-ozone/integration-test/target/test-dir/MiniOzoneClusterImpl-7905150a-9adf-4c87-99b9-461f1d79c63b/datanode-4/data/ratis/03ad68aa-ca39-4155-9757-20d8861f08e5
2019-10-05 01:01:17,715 [pool-247-thread-1] INFO  server.RaftServerConfigKeys (ConfUtils.java:logGet(43)) - raft.server.log.queue.byte-limit = 2147483647 (custom)
2019-10-05 01:01:17,715 [pool-247-thread-1] INFO  server.RaftServerConfigKeys (ConfUtils.java:logGet(43)) - raft.server.log.queue.element-limit = 1024 (custom)
2019-10-05 01:01:17,715 [pool-247-thread-1] INFO  server.RaftServerConfigKeys (ConfUtils.java:logGet(43)) - raft.server.log.segment.size.max = 1048576 (custom)
2019-10-05 01:01:17,715 [pool-247-thread-1] INFO  server.RaftServerConfigKeys (ConfUtils.java:logGet(43)) - raft.server.log.preallocated.size = 16384 (custom)
2019-10-05 01:01:17,715 [pool-247-thread-1] INFO  server.RaftServerConfigKeys (ConfUtils.java:logGet(43)) - raft.server.log.write.buffer.size = 33554432 (custom)
2019-10-05 01:01:17,715 [pool-247-thread-1] INFO  server.RaftServerConfigKeys (ConfUtils.java:logGet(43)) - raft.server.log.force.sync.num = 128 (default)
2019-10-05 01:01:17,716 [pool-247-thread-1] INFO  server.RaftServerConfigKeys (ConfUtils.java:logGet(43)) - raft.server.log.statemachine.data.sync = true (default)
2019-10-05 01:01:17,716 [pool-247-thread-1] INFO  server.RaftServerConfigKeys (ConfUtils.java:logGet(43)) - raft.server.log.statemachine.data.sync.timeout = 10s (default)
2019-10-05 01:01:17,716 [pool-247-thread-1] INFO  server.RaftServerConfigKeys (ConfUtils.java:logGet(43)) - raft.server.log.statemachine.data.sync.timeout.retry = -1 (default)
2019-10-05 01:01:17,716 [pool-247-thread-1] INFO  server.RaftServerConfigKeys (ConfUtils.java:logGet(43)) - raft.server.log.statemachine.data.caching.enabled = true (custom)
2019-10-05 01:01:17,716 [pool-247-thread-1] INFO  segmented.SegmentedRaftLogWorker (SegmentedRaftLogWorker.java:lambda$new$0(128)) - 4947cbd9-7abb-4fea-9147-46b9ac561e28@group-20D8861F08E5-SegmentedRaftLogWorker: flushIndex: setUnconditionally 0 -> -1
2019-10-05 01:01:17,717 [pool-247-thread-1] INFO  server.RaftServerConfigKeys (ConfUtils.java:logGet(43)) - raft.server.snapshot.auto.trigger.enabled = true (custom)
2019-10-05 01:01:17,717 [pool-247-thread-1] INFO  server.RaftServerConfigKeys (ConfUtils.java:logGet(43)) - raft.server.snapshot.auto.trigger.threshold = 10000 (custom)
2019-10-05 01:01:17,717 [pool-247-thread-1] INFO  server.RaftServerConfigKeys (ConfUtils.java:logGet(43)) - raft.server.snapshot.retention.file.num = 5 (custom)
2019-10-05 01:01:17,717 [pool-247-thread-1] INFO  server.RaftServerConfigKeys (ConfUtils.java:logGet(43)) - raft.server.retrycache.expirytime = 600000ms (custom)
2019-10-05 01:01:17,718 [pool-247-thread-1] INFO  impl.RaftServerImpl (RaftServerImpl.java:start(181)) - 4947cbd9-7abb-4fea-9147-46b9ac561e28@group-20D8861F08E5: start as a follower, conf=-1: [4947cbd9-7abb-4fea-9147-46b9ac561e28:192.168.151.100:42091], old=null
2019-10-05 01:01:17,718 [pool-247-thread-1] INFO  impl.RaftServerImpl (RaftServerImpl.java:setRole(170)) - 4947cbd9-7abb-4fea-9147-46b9ac561e28@group-20D8861F08E5: changes role from      null to FOLLOWER at term 0 for startAsFollower
2019-10-05 01:01:17,718 [pool-247-thread-1] INFO  impl.RoleInfo (RoleInfo.java:updateAndGet(143)) - 4947cbd9-7abb-4fea-9147-46b9ac561e28: start FollowerState
2019-10-05 01:01:17,719 [pool-247-thread-1] INFO  util.JmxRegister (JmxRegister.java:tryRegister(44)) - Successfully registered JMX Bean with object name Ratis:service=RaftServer,group=group-20D8861F08E5,id=4947cbd9-7abb-4fea-9147-46b9ac561e28
2019-10-05 01:01:17,723 [RatisPipelineUtilsThread] INFO  pipeline.PipelineStateManager (PipelineStateManager.java:addPipeline(56)) - Created pipeline Pipeline[ Id: 03ad68aa-ca39-4155-9757-20d8861f08e5, Nodes: 4947cbd9-7abb-4fea-9147-46b9ac561e28{ip: 192.168.151.100, host: pr-hdds-1986-gkmgr-421349047, networkLocation: /default-rack, certSerialId: null}, Type:RATIS, Factor:ONE, State:OPEN]
2019-10-05 01:01:17,739 [grpc-default-executor-5] INFO  impl.RaftServerProxy (RaftServerProxy.java:addNew(89)) - d9b343b5-4ab3-4a29-b9db-d78a0ddac86d: addNew group-EF17E38FE3BE:[d9b343b5-4ab3-4a29-b9db-d78a0ddac86d:192.168.151.100:43958] returns group-EF17E38FE3BE:java.util.concurrent.CompletableFuture@12165811[Not completed]
2019-10-05 01:01:17,745 [pool-257-thread-1] INFO  impl.RaftServerImpl (RaftServerImpl.java:<init>(95)) - d9b343b5-4ab3-4a29-b9db-d78a0ddac86d: new RaftServerImpl for group-EF17E38FE3BE:[d9b343b5-4ab3-4a29-b9db-d78a0ddac86d:192.168.151.100:43958] with ContainerStateMachine:uninitialized
2019-10-05 01:01:17,745 [pool-257-thread-1] INFO  server.RaftServerConfigKeys (ConfUtils.java:logGet(43)) - raft.server.rpc.timeout.min = 5s (custom)
2019-10-05 01:01:17,745 [pool-257-thread-1] INFO  server.RaftServerConfigKeys (ConfUtils.java:logGet(43)) - raft.server.rpc.timeout.max = 5200ms (custom)
2019-10-05 01:01:17,745 [pool-257-thread-1] INFO  server.RaftServerConfigKeys (ConfUtils.java:logGet(43)) - raft.server.rpcslowness.timeout = 120s (custom)
2019-10-05 01:01:17,745 [pool-257-thread-1] INFO  server.RaftServerConfigKeys (ConfUtils.java:logGet(43)) - raft.server.sleep.deviation.threshold = 300 (default)
2019-10-05 01:01:17,745 [pool-257-thread-1] INFO  server.RaftServerConfigKeys (ConfUtils.java:logGet(43)) - raft.server.log.appender.install.snapshot.enabled = false (custom)
2019-10-05 01:01:17,745 [pool-257-thread-1] INFO  impl.RaftServerImpl (ServerState.java:<init>(103)) - d9b343b5-4ab3-4a29-b9db-d78a0ddac86d@group-EF17E38FE3BE: ConfigurationManager, init=-1: [d9b343b5-4ab3-4a29-b9db-d78a0ddac86d:192.168.151.100:43958], old=null, confs=<EMPTY_MAP>
2019-10-05 01:01:17,746 [pool-257-thread-1] INFO  server.RaftServerConfigKeys (ConfUtils.java:logGet(43)) - raft.server.storage.dir = [/workdir/hadoop-ozone/integration-test/target/test-dir/MiniOzoneClusterImpl-7905150a-9adf-4c87-99b9-461f1d79c63b/datanode-5/data/ratis] (custom)
2019-10-05 01:01:17,746 [pool-257-thread-1] INFO  server.RaftServerConfigKeys (ConfUtils.java:logGet(43)) - raft.server.log.corruption.policy = EXCEPTION (default)
2019-10-05 01:01:17,746 [pool-257-thread-1] INFO  storage.RaftStorageDirectory (RaftStorageDirectory.java:analyzeStorage(246)) - The storage directory /workdir/hadoop-ozone/integration-test/target/test-dir/MiniOzoneClusterImpl-7905150a-9adf-4c87-99b9-461f1d79c63b/datanode-5/data/ratis/2b5e2765-7c01-4f20-bdbf-ef17e38fe3be does not exist. Creating ...
2019-10-05 01:01:17,752 [main] INFO  ozone.MiniOzoneClusterImpl (MiniOzoneClusterImpl.java:lambda$waitForClusterToBeReady$0(147)) - Waiting for cluster to be ready. Got 6 of 7 DN Heartbeats.
2019-10-05 01:01:17,755 [IPC Server handler 0 on 46431] INFO  net.NetworkTopology (NetworkTopologyImpl.java:add(111)) - Added a new node: /default-rack/71f96e8e-43c2-466c-8e4a-98c3a02080f0
2019-10-05 01:01:17,756 [IPC Server handler 0 on 46431] INFO  node.SCMNodeManager (SCMNodeManager.java:register(268)) - Registered Data node : 71f96e8e-43c2-466c-8e4a-98c3a02080f0{ip: 192.168.151.100, host: pr-hdds-1986-gkmgr-421349047, networkLocation: /default-rack, certSerialId: null}
2019-10-05 01:01:17,759 [pool-257-thread-1] INFO  storage.RaftStorageDirectory (RaftStorageDirectory.java:tryLock(328)) - Lock on /workdir/hadoop-ozone/integration-test/target/test-dir/MiniOzoneClusterImpl-7905150a-9adf-4c87-99b9-461f1d79c63b/datanode-5/data/ratis/2b5e2765-7c01-4f20-bdbf-ef17e38fe3be/in_use.lock acquired by nodename 18151@pr-hdds-1986-gkmgr-421349047
2019-10-05 01:01:17,772 [pool-257-thread-1] INFO  storage.RaftStorage (RaftStorage.java:format(84)) - Storage directory /workdir/hadoop-ozone/integration-test/target/test-dir/MiniOzoneClusterImpl-7905150a-9adf-4c87-99b9-461f1d79c63b/datanode-5/data/ratis/2b5e2765-7c01-4f20-bdbf-ef17e38fe3be has been successfully formatted.
2019-10-05 01:01:17,772 [pool-257-thread-1] INFO  ratis.ContainerStateMachine (ContainerStateMachine.java:loadSnapshot(230)) - group-EF17E38FE3BE: The snapshot info is null. Setting the last applied indexto:(t:0, i:~)
2019-10-05 01:01:17,772 [pool-257-thread-1] INFO  server.RaftServerConfigKeys (ConfUtils.java:logGet(43)) - raft.server.notification.no-leader.timeout = 120s (custom)
2019-10-05 01:01:17,772 [pool-257-thread-1] INFO  server.RaftServerConfigKeys (ConfUtils.java:logGet(43)) - raft.server.log.use.memory = false (default)
2019-10-05 01:01:17,773 [pool-257-thread-1] INFO  server.RaftServerConfigKeys (ConfUtils.java:logGet(43)) - raft.server.log.purge.gap = 1000000 (custom)
2019-10-05 01:01:17,773 [pool-257-thread-1] INFO  server.RaftServerConfigKeys (ConfUtils.java:logGet(43)) - raft.server.log.appender.buffer.byte-limit = 33554432 (custom)
2019-10-05 01:01:17,773 [pool-257-thread-1] INFO  server.RaftServerConfigKeys (ConfUtils.java:logGet(43)) - raft.server.log.segment.size.max = 1048576 (custom)
2019-10-05 01:01:17,774 [pool-257-thread-1] INFO  server.RaftServerConfigKeys (ConfUtils.java:logGet(43)) - raft.server.log.segment.cache.num.max = 2 (custom)
2019-10-05 01:01:17,774 [pool-257-thread-1] INFO  segmented.SegmentedRaftLogWorker (SegmentedRaftLogWorker.java:<init>(173)) - new d9b343b5-4ab3-4a29-b9db-d78a0ddac86d@group-EF17E38FE3BE-SegmentedRaftLogWorker for RaftStorage:Storage Directory /workdir/hadoop-ozone/integration-test/target/test-dir/MiniOzoneClusterImpl-7905150a-9adf-4c87-99b9-461f1d79c63b/datanode-5/data/ratis/2b5e2765-7c01-4f20-bdbf-ef17e38fe3be
2019-10-05 01:01:17,775 [pool-257-thread-1] INFO  server.RaftServerConfigKeys (ConfUtils.java:logGet(43)) - raft.server.log.queue.byte-limit = 2147483647 (custom)
2019-10-05 01:01:17,775 [pool-257-thread-1] INFO  server.RaftServerConfigKeys (ConfUtils.java:logGet(43)) - raft.server.log.queue.element-limit = 1024 (custom)
2019-10-05 01:01:17,775 [pool-257-thread-1] INFO  server.RaftServerConfigKeys (ConfUtils.java:logGet(43)) - raft.server.log.segment.size.max = 1048576 (custom)
2019-10-05 01:01:17,775 [pool-257-thread-1] INFO  server.RaftServerConfigKeys (ConfUtils.java:logGet(43)) - raft.server.log.preallocated.size = 16384 (custom)
2019-10-05 01:01:17,775 [pool-257-thread-1] INFO  server.RaftServerConfigKeys (ConfUtils.java:logGet(43)) - raft.server.log.write.buffer.size = 33554432 (custom)
2019-10-05 01:01:17,775 [pool-257-thread-1] INFO  server.RaftServerConfigKeys (ConfUtils.java:logGet(43)) - raft.server.log.force.sync.num = 128 (default)
2019-10-05 01:01:17,775 [pool-257-thread-1] INFO  server.RaftServerConfigKeys (ConfUtils.java:logGet(43)) - raft.server.log.statemachine.data.sync = true (default)
2019-10-05 01:01:17,775 [pool-257-thread-1] INFO  server.RaftServerConfigKeys (ConfUtils.java:logGet(43)) - raft.server.log.statemachine.data.sync.timeout = 10s (default)
2019-10-05 01:01:17,775 [pool-257-thread-1] INFO  server.RaftServerConfigKeys (ConfUtils.java:logGet(43)) - raft.server.log.statemachine.data.sync.timeout.retry = -1 (default)
2019-10-05 01:01:17,776 [pool-257-thread-1] INFO  server.RaftServerConfigKeys (ConfUtils.java:logGet(43)) - raft.server.log.statemachine.data.caching.enabled = true (custom)
2019-10-05 01:01:17,776 [pool-257-thread-1] INFO  segmented.SegmentedRaftLogWorker (SegmentedRaftLogWorker.java:lambda$new$0(128)) - d9b343b5-4ab3-4a29-b9db-d78a0ddac86d@group-EF17E38FE3BE-SegmentedRaftLogWorker: flushIndex: setUnconditionally 0 -> -1
2019-10-05 01:01:17,776 [pool-257-thread-1] INFO  server.RaftServerConfigKeys (ConfUtils.java:logGet(43)) - raft.server.snapshot.auto.trigger.enabled = true (custom)
2019-10-05 01:01:17,776 [pool-257-thread-1] INFO  server.RaftServerConfigKeys (ConfUtils.java:logGet(43)) - raft.server.snapshot.auto.trigger.threshold = 10000 (custom)
2019-10-05 01:01:17,776 [pool-257-thread-1] INFO  server.RaftServerConfigKeys (ConfUtils.java:logGet(43)) - raft.server.snapshot.retention.file.num = 5 (custom)
2019-10-05 01:01:17,776 [pool-257-thread-1] INFO  server.RaftServerConfigKeys (ConfUtils.java:logGet(43)) - raft.server.retrycache.expirytime = 600000ms (custom)
2019-10-05 01:01:17,778 [pool-257-thread-1] INFO  impl.RaftServerImpl (RaftServerImpl.java:start(181)) - d9b343b5-4ab3-4a29-b9db-d78a0ddac86d@group-EF17E38FE3BE: start as a follower, conf=-1: [d9b343b5-4ab3-4a29-b9db-d78a0ddac86d:192.168.151.100:43958], old=null
2019-10-05 01:01:17,778 [pool-257-thread-1] INFO  impl.RaftServerImpl (RaftServerImpl.java:setRole(170)) - d9b343b5-4ab3-4a29-b9db-d78a0ddac86d@group-EF17E38FE3BE: changes role from      null to FOLLOWER at term 0 for startAsFollower
2019-10-05 01:01:17,778 [pool-257-thread-1] INFO  impl.RoleInfo (RoleInfo.java:updateAndGet(143)) - d9b343b5-4ab3-4a29-b9db-d78a0ddac86d: start FollowerState
2019-10-05 01:01:17,778 [pool-257-thread-1] INFO  util.JmxRegister (JmxRegister.java:tryRegister(44)) - Successfully registered JMX Bean with object name Ratis:service=RaftServer,group=group-EF17E38FE3BE,id=d9b343b5-4ab3-4a29-b9db-d78a0ddac86d
2019-10-05 01:01:17,782 [RatisPipelineUtilsThread] INFO  pipeline.PipelineStateManager (PipelineStateManager.java:addPipeline(56)) - Created pipeline Pipeline[ Id: 2b5e2765-7c01-4f20-bdbf-ef17e38fe3be, Nodes: d9b343b5-4ab3-4a29-b9db-d78a0ddac86d{ip: 192.168.151.100, host: pr-hdds-1986-gkmgr-421349047, networkLocation: /default-rack, certSerialId: null}, Type:RATIS, Factor:ONE, State:OPEN]
2019-10-05 01:01:17,789 [grpc-default-executor-5] INFO  impl.RaftServerProxy (RaftServerProxy.java:addNew(89)) - 71f96e8e-43c2-466c-8e4a-98c3a02080f0: addNew group-2532283E1988:[71f96e8e-43c2-466c-8e4a-98c3a02080f0:192.168.151.100:44400] returns group-2532283E1988:java.util.concurrent.CompletableFuture@2cc65b75[Not completed]
2019-10-05 01:01:17,794 [pool-267-thread-1] INFO  impl.RaftServerImpl (RaftServerImpl.java:<init>(95)) - 71f96e8e-43c2-466c-8e4a-98c3a02080f0: new RaftServerImpl for group-2532283E1988:[71f96e8e-43c2-466c-8e4a-98c3a02080f0:192.168.151.100:44400] with ContainerStateMachine:uninitialized
2019-10-05 01:01:17,794 [pool-267-thread-1] INFO  server.RaftServerConfigKeys (ConfUtils.java:logGet(43)) - raft.server.rpc.timeout.min = 5s (custom)
2019-10-05 01:01:17,794 [pool-267-thread-1] INFO  server.RaftServerConfigKeys (ConfUtils.java:logGet(43)) - raft.server.rpc.timeout.max = 5200ms (custom)
2019-10-05 01:01:17,795 [pool-267-thread-1] INFO  server.RaftServerConfigKeys (ConfUtils.java:logGet(43)) - raft.server.rpcslowness.timeout = 120s (custom)
2019-10-05 01:01:17,795 [pool-267-thread-1] INFO  server.RaftServerConfigKeys (ConfUtils.java:logGet(43)) - raft.server.sleep.deviation.threshold = 300 (default)
2019-10-05 01:01:17,795 [pool-267-thread-1] INFO  server.RaftServerConfigKeys (ConfUtils.java:logGet(43)) - raft.server.log.appender.install.snapshot.enabled = false (custom)
2019-10-05 01:01:17,795 [pool-267-thread-1] INFO  impl.RaftServerImpl (ServerState.java:<init>(103)) - 71f96e8e-43c2-466c-8e4a-98c3a02080f0@group-2532283E1988: ConfigurationManager, init=-1: [71f96e8e-43c2-466c-8e4a-98c3a02080f0:192.168.151.100:44400], old=null, confs=<EMPTY_MAP>
2019-10-05 01:01:17,795 [pool-267-thread-1] INFO  server.RaftServerConfigKeys (ConfUtils.java:logGet(43)) - raft.server.storage.dir = [/workdir/hadoop-ozone/integration-test/target/test-dir/MiniOzoneClusterImpl-7905150a-9adf-4c87-99b9-461f1d79c63b/datanode-6/data/ratis] (custom)
2019-10-05 01:01:17,795 [pool-267-thread-1] INFO  server.RaftServerConfigKeys (ConfUtils.java:logGet(43)) - raft.server.log.corruption.policy = EXCEPTION (default)
2019-10-05 01:01:17,796 [pool-267-thread-1] INFO  storage.RaftStorageDirectory (RaftStorageDirectory.java:analyzeStorage(246)) - The storage directory /workdir/hadoop-ozone/integration-test/target/test-dir/MiniOzoneClusterImpl-7905150a-9adf-4c87-99b9-461f1d79c63b/datanode-6/data/ratis/3a458ef8-fc0b-4292-a9a2-2532283e1988 does not exist. Creating ...
2019-10-05 01:01:17,808 [pool-267-thread-1] INFO  storage.RaftStorageDirectory (RaftStorageDirectory.java:tryLock(328)) - Lock on /workdir/hadoop-ozone/integration-test/target/test-dir/MiniOzoneClusterImpl-7905150a-9adf-4c87-99b9-461f1d79c63b/datanode-6/data/ratis/3a458ef8-fc0b-4292-a9a2-2532283e1988/in_use.lock acquired by nodename 18151@pr-hdds-1986-gkmgr-421349047
2019-10-05 01:01:17,821 [pool-267-thread-1] INFO  storage.RaftStorage (RaftStorage.java:format(84)) - Storage directory /workdir/hadoop-ozone/integration-test/target/test-dir/MiniOzoneClusterImpl-7905150a-9adf-4c87-99b9-461f1d79c63b/datanode-6/data/ratis/3a458ef8-fc0b-4292-a9a2-2532283e1988 has been successfully formatted.
2019-10-05 01:01:17,822 [pool-267-thread-1] INFO  ratis.ContainerStateMachine (ContainerStateMachine.java:loadSnapshot(230)) - group-2532283E1988: The snapshot info is null. Setting the last applied indexto:(t:0, i:~)
2019-10-05 01:01:17,822 [pool-267-thread-1] INFO  server.RaftServerConfigKeys (ConfUtils.java:logGet(43)) - raft.server.notification.no-leader.timeout = 120s (custom)
2019-10-05 01:01:17,822 [pool-267-thread-1] INFO  server.RaftServerConfigKeys (ConfUtils.java:logGet(43)) - raft.server.log.use.memory = false (default)
2019-10-05 01:01:17,822 [pool-267-thread-1] INFO  server.RaftServerConfigKeys (ConfUtils.java:logGet(43)) - raft.server.log.purge.gap = 1000000 (custom)
2019-10-05 01:01:17,822 [pool-267-thread-1] INFO  server.RaftServerConfigKeys (ConfUtils.java:logGet(43)) - raft.server.log.appender.buffer.byte-limit = 33554432 (custom)
2019-10-05 01:01:17,822 [pool-267-thread-1] INFO  server.RaftServerConfigKeys (ConfUtils.java:logGet(43)) - raft.server.log.segment.size.max = 1048576 (custom)
2019-10-05 01:01:17,824 [pool-267-thread-1] INFO  server.RaftServerConfigKeys (ConfUtils.java:logGet(43)) - raft.server.log.segment.cache.num.max = 2 (custom)
2019-10-05 01:01:17,824 [pool-267-thread-1] INFO  segmented.SegmentedRaftLogWorker (SegmentedRaftLogWorker.java:<init>(173)) - new 71f96e8e-43c2-466c-8e4a-98c3a02080f0@group-2532283E1988-SegmentedRaftLogWorker for RaftStorage:Storage Directory /workdir/hadoop-ozone/integration-test/target/test-dir/MiniOzoneClusterImpl-7905150a-9adf-4c87-99b9-461f1d79c63b/datanode-6/data/ratis/3a458ef8-fc0b-4292-a9a2-2532283e1988
2019-10-05 01:01:17,824 [pool-267-thread-1] INFO  server.RaftServerConfigKeys (ConfUtils.java:logGet(43)) - raft.server.log.queue.byte-limit = 2147483647 (custom)
2019-10-05 01:01:17,824 [pool-267-thread-1] INFO  server.RaftServerConfigKeys (ConfUtils.java:logGet(43)) - raft.server.log.queue.element-limit = 1024 (custom)
2019-10-05 01:01:17,824 [pool-267-thread-1] INFO  server.RaftServerConfigKeys (ConfUtils.java:logGet(43)) - raft.server.log.segment.size.max = 1048576 (custom)
2019-10-05 01:01:17,824 [pool-267-thread-1] INFO  server.RaftServerConfigKeys (ConfUtils.java:logGet(43)) - raft.server.log.preallocated.size = 16384 (custom)
2019-10-05 01:01:17,824 [pool-267-thread-1] INFO  server.RaftServerConfigKeys (ConfUtils.java:logGet(43)) - raft.server.log.write.buffer.size = 33554432 (custom)
2019-10-05 01:01:17,824 [pool-267-thread-1] INFO  server.RaftServerConfigKeys (ConfUtils.java:logGet(43)) - raft.server.log.force.sync.num = 128 (default)
2019-10-05 01:01:17,825 [pool-267-thread-1] INFO  server.RaftServerConfigKeys (ConfUtils.java:logGet(43)) - raft.server.log.statemachine.data.sync = true (default)
2019-10-05 01:01:17,825 [pool-267-thread-1] INFO  server.RaftServerConfigKeys (ConfUtils.java:logGet(43)) - raft.server.log.statemachine.data.sync.timeout = 10s (default)
2019-10-05 01:01:17,825 [pool-267-thread-1] INFO  server.RaftServerConfigKeys (ConfUtils.java:logGet(43)) - raft.server.log.statemachine.data.sync.timeout.retry = -1 (default)
2019-10-05 01:01:17,825 [pool-267-thread-1] INFO  server.RaftServerConfigKeys (ConfUtils.java:logGet(43)) - raft.server.log.statemachine.data.caching.enabled = true (custom)
2019-10-05 01:01:17,825 [pool-267-thread-1] INFO  segmented.SegmentedRaftLogWorker (SegmentedRaftLogWorker.java:lambda$new$0(128)) - 71f96e8e-43c2-466c-8e4a-98c3a02080f0@group-2532283E1988-SegmentedRaftLogWorker: flushIndex: setUnconditionally 0 -> -1
2019-10-05 01:01:17,826 [pool-267-thread-1] INFO  server.RaftServerConfigKeys (ConfUtils.java:logGet(43)) - raft.server.snapshot.auto.trigger.enabled = true (custom)
2019-10-05 01:01:17,826 [pool-267-thread-1] INFO  server.RaftServerConfigKeys (ConfUtils.java:logGet(43)) - raft.server.snapshot.auto.trigger.threshold = 10000 (custom)
2019-10-05 01:01:17,826 [pool-267-thread-1] INFO  server.RaftServerConfigKeys (ConfUtils.java:logGet(43)) - raft.server.snapshot.retention.file.num = 5 (custom)
2019-10-05 01:01:17,826 [pool-267-thread-1] INFO  server.RaftServerConfigKeys (ConfUtils.java:logGet(43)) - raft.server.retrycache.expirytime = 600000ms (custom)
2019-10-05 01:01:17,827 [pool-267-thread-1] INFO  impl.RaftServerImpl (RaftServerImpl.java:start(181)) - 71f96e8e-43c2-466c-8e4a-98c3a02080f0@group-2532283E1988: start as a follower, conf=-1: [71f96e8e-43c2-466c-8e4a-98c3a02080f0:192.168.151.100:44400], old=null
2019-10-05 01:01:17,827 [pool-267-thread-1] INFO  impl.RaftServerImpl (RaftServerImpl.java:setRole(170)) - 71f96e8e-43c2-466c-8e4a-98c3a02080f0@group-2532283E1988: changes role from      null to FOLLOWER at term 0 for startAsFollower
2019-10-05 01:01:17,828 [pool-267-thread-1] INFO  impl.RoleInfo (RoleInfo.java:updateAndGet(143)) - 71f96e8e-43c2-466c-8e4a-98c3a02080f0: start FollowerState
2019-10-05 01:01:17,828 [pool-267-thread-1] INFO  util.JmxRegister (JmxRegister.java:tryRegister(44)) - Successfully registered JMX Bean with object name Ratis:service=RaftServer,group=group-2532283E1988,id=71f96e8e-43c2-466c-8e4a-98c3a02080f0
2019-10-05 01:01:17,832 [RatisPipelineUtilsThread] INFO  pipeline.PipelineStateManager (PipelineStateManager.java:addPipeline(56)) - Created pipeline Pipeline[ Id: 3a458ef8-fc0b-4292-a9a2-2532283e1988, Nodes: 71f96e8e-43c2-466c-8e4a-98c3a02080f0{ip: 192.168.151.100, host: pr-hdds-1986-gkmgr-421349047, networkLocation: /default-rack, certSerialId: null}, Type:RATIS, Factor:ONE, State:OPEN]
2019-10-05 01:01:17,855 [grpc-default-executor-2] INFO  impl.RaftServerProxy (RaftServerProxy.java:addNew(89)) - d9b343b5-4ab3-4a29-b9db-d78a0ddac86d: addNew group-48F58450D15A:[d9b343b5-4ab3-4a29-b9db-d78a0ddac86d:192.168.151.100:43958, 71f96e8e-43c2-466c-8e4a-98c3a02080f0:192.168.151.100:44400, a60d7144-4688-4b4d-96ce-8f0ae19fef7e:192.168.151.100:35461] returns group-48F58450D15A:java.util.concurrent.CompletableFuture@49b811bf[Not completed]
2019-10-05 01:01:17,855 [grpc-default-executor-5] INFO  impl.RaftServerProxy (RaftServerProxy.java:addNew(89)) - a60d7144-4688-4b4d-96ce-8f0ae19fef7e: addNew group-48F58450D15A:[d9b343b5-4ab3-4a29-b9db-d78a0ddac86d:192.168.151.100:43958, 71f96e8e-43c2-466c-8e4a-98c3a02080f0:192.168.151.100:44400, a60d7144-4688-4b4d-96ce-8f0ae19fef7e:192.168.151.100:35461] returns group-48F58450D15A:java.util.concurrent.CompletableFuture@4ddbf0d0[Not completed]
2019-10-05 01:01:17,856 [grpc-default-executor-2] INFO  impl.RaftServerProxy (RaftServerProxy.java:addNew(89)) - 71f96e8e-43c2-466c-8e4a-98c3a02080f0: addNew group-48F58450D15A:[d9b343b5-4ab3-4a29-b9db-d78a0ddac86d:192.168.151.100:43958, 71f96e8e-43c2-466c-8e4a-98c3a02080f0:192.168.151.100:44400, a60d7144-4688-4b4d-96ce-8f0ae19fef7e:192.168.151.100:35461] returns group-48F58450D15A:java.util.concurrent.CompletableFuture@6c846df8[Not completed]
2019-10-05 01:01:17,856 [pool-257-thread-1] INFO  impl.RaftServerImpl (RaftServerImpl.java:<init>(95)) - d9b343b5-4ab3-4a29-b9db-d78a0ddac86d: new RaftServerImpl for group-48F58450D15A:[d9b343b5-4ab3-4a29-b9db-d78a0ddac86d:192.168.151.100:43958, 71f96e8e-43c2-466c-8e4a-98c3a02080f0:192.168.151.100:44400, a60d7144-4688-4b4d-96ce-8f0ae19fef7e:192.168.151.100:35461] with ContainerStateMachine:uninitialized
2019-10-05 01:01:17,856 [pool-257-thread-1] INFO  server.RaftServerConfigKeys (ConfUtils.java:logGet(43)) - raft.server.rpc.timeout.min = 5s (custom)
2019-10-05 01:01:17,856 [pool-257-thread-1] INFO  server.RaftServerConfigKeys (ConfUtils.java:logGet(43)) - raft.server.rpc.timeout.max = 5200ms (custom)
2019-10-05 01:01:17,856 [pool-257-thread-1] INFO  server.RaftServerConfigKeys (ConfUtils.java:logGet(43)) - raft.server.rpcslowness.timeout = 120s (custom)
2019-10-05 01:01:17,856 [pool-267-thread-1] INFO  impl.RaftServerImpl (RaftServerImpl.java:<init>(95)) - 71f96e8e-43c2-466c-8e4a-98c3a02080f0: new RaftServerImpl for group-48F58450D15A:[d9b343b5-4ab3-4a29-b9db-d78a0ddac86d:192.168.151.100:43958, 71f96e8e-43c2-466c-8e4a-98c3a02080f0:192.168.151.100:44400, a60d7144-4688-4b4d-96ce-8f0ae19fef7e:192.168.151.100:35461] with ContainerStateMachine:uninitialized
2019-10-05 01:01:17,856 [pool-257-thread-1] INFO  server.RaftServerConfigKeys (ConfUtils.java:logGet(43)) - raft.server.sleep.deviation.threshold = 300 (default)
2019-10-05 01:01:17,857 [pool-267-thread-1] INFO  server.RaftServerConfigKeys (ConfUtils.java:logGet(43)) - raft.server.rpc.timeout.min = 5s (custom)
2019-10-05 01:01:17,857 [pool-257-thread-1] INFO  server.RaftServerConfigKeys (ConfUtils.java:logGet(43)) - raft.server.log.appender.install.snapshot.enabled = false (custom)
2019-10-05 01:01:17,857 [pool-267-thread-1] INFO  server.RaftServerConfigKeys (ConfUtils.java:logGet(43)) - raft.server.rpc.timeout.max = 5200ms (custom)
2019-10-05 01:01:17,857 [pool-257-thread-1] INFO  impl.RaftServerImpl (ServerState.java:<init>(103)) - d9b343b5-4ab3-4a29-b9db-d78a0ddac86d@group-48F58450D15A: ConfigurationManager, init=-1: [d9b343b5-4ab3-4a29-b9db-d78a0ddac86d:192.168.151.100:43958, 71f96e8e-43c2-466c-8e4a-98c3a02080f0:192.168.151.100:44400, a60d7144-4688-4b4d-96ce-8f0ae19fef7e:192.168.151.100:35461], old=null, confs=<EMPTY_MAP>
2019-10-05 01:01:17,857 [pool-267-thread-1] INFO  server.RaftServerConfigKeys (ConfUtils.java:logGet(43)) - raft.server.rpcslowness.timeout = 120s (custom)
2019-10-05 01:01:17,857 [pool-257-thread-1] INFO  server.RaftServerConfigKeys (ConfUtils.java:logGet(43)) - raft.server.storage.dir = [/workdir/hadoop-ozone/integration-test/target/test-dir/MiniOzoneClusterImpl-7905150a-9adf-4c87-99b9-461f1d79c63b/datanode-5/data/ratis] (custom)
2019-10-05 01:01:17,857 [pool-237-thread-1] INFO  impl.RaftServerImpl (RaftServerImpl.java:<init>(95)) - a60d7144-4688-4b4d-96ce-8f0ae19fef7e: new RaftServerImpl for group-48F58450D15A:[d9b343b5-4ab3-4a29-b9db-d78a0ddac86d:192.168.151.100:43958, 71f96e8e-43c2-466c-8e4a-98c3a02080f0:192.168.151.100:44400, a60d7144-4688-4b4d-96ce-8f0ae19fef7e:192.168.151.100:35461] with ContainerStateMachine:uninitialized
2019-10-05 01:01:17,857 [pool-267-thread-1] INFO  server.RaftServerConfigKeys (ConfUtils.java:logGet(43)) - raft.server.sleep.deviation.threshold = 300 (default)
2019-10-05 01:01:17,857 [pool-237-thread-1] INFO  server.RaftServerConfigKeys (ConfUtils.java:logGet(43)) - raft.server.rpc.timeout.min = 5s (custom)
2019-10-05 01:01:17,857 [pool-257-thread-1] INFO  server.RaftServerConfigKeys (ConfUtils.java:logGet(43)) - raft.server.log.corruption.policy = EXCEPTION (default)
2019-10-05 01:01:17,857 [pool-237-thread-1] INFO  server.RaftServerConfigKeys (ConfUtils.java:logGet(43)) - raft.server.rpc.timeout.max = 5200ms (custom)
2019-10-05 01:01:17,858 [pool-257-thread-1] INFO  storage.RaftStorageDirectory (RaftStorageDirectory.java:analyzeStorage(246)) - The storage directory /workdir/hadoop-ozone/integration-test/target/test-dir/MiniOzoneClusterImpl-7905150a-9adf-4c87-99b9-461f1d79c63b/datanode-5/data/ratis/41484e61-7b51-436d-9bda-48f58450d15a does not exist. Creating ...
2019-10-05 01:01:17,857 [pool-267-thread-1] INFO  server.RaftServerConfigKeys (ConfUtils.java:logGet(43)) - raft.server.log.appender.install.snapshot.enabled = false (custom)
2019-10-05 01:01:17,858 [pool-237-thread-1] INFO  server.RaftServerConfigKeys (ConfUtils.java:logGet(43)) - raft.server.rpcslowness.timeout = 120s (custom)
2019-10-05 01:01:17,858 [pool-267-thread-1] INFO  impl.RaftServerImpl (ServerState.java:<init>(103)) - 71f96e8e-43c2-466c-8e4a-98c3a02080f0@group-48F58450D15A: ConfigurationManager, init=-1: [d9b343b5-4ab3-4a29-b9db-d78a0ddac86d:192.168.151.100:43958, 71f96e8e-43c2-466c-8e4a-98c3a02080f0:192.168.151.100:44400, a60d7144-4688-4b4d-96ce-8f0ae19fef7e:192.168.151.100:35461], old=null, confs=<EMPTY_MAP>
2019-10-05 01:01:17,858 [pool-237-thread-1] INFO  server.RaftServerConfigKeys (ConfUtils.java:logGet(43)) - raft.server.sleep.deviation.threshold = 300 (default)
2019-10-05 01:01:17,858 [pool-267-thread-1] INFO  server.RaftServerConfigKeys (ConfUtils.java:logGet(43)) - raft.server.storage.dir = [/workdir/hadoop-ozone/integration-test/target/test-dir/MiniOzoneClusterImpl-7905150a-9adf-4c87-99b9-461f1d79c63b/datanode-6/data/ratis] (custom)
2019-10-05 01:01:17,858 [pool-237-thread-1] INFO  server.RaftServerConfigKeys (ConfUtils.java:logGet(43)) - raft.server.log.appender.install.snapshot.enabled = false (custom)
2019-10-05 01:01:17,858 [pool-267-thread-1] INFO  server.RaftServerConfigKeys (ConfUtils.java:logGet(43)) - raft.server.log.corruption.policy = EXCEPTION (default)
2019-10-05 01:01:17,858 [pool-237-thread-1] INFO  impl.RaftServerImpl (ServerState.java:<init>(103)) - a60d7144-4688-4b4d-96ce-8f0ae19fef7e@group-48F58450D15A: ConfigurationManager, init=-1: [d9b343b5-4ab3-4a29-b9db-d78a0ddac86d:192.168.151.100:43958, 71f96e8e-43c2-466c-8e4a-98c3a02080f0:192.168.151.100:44400, a60d7144-4688-4b4d-96ce-8f0ae19fef7e:192.168.151.100:35461], old=null, confs=<EMPTY_MAP>
2019-10-05 01:01:17,858 [pool-267-thread-1] INFO  storage.RaftStorageDirectory (RaftStorageDirectory.java:analyzeStorage(246)) - The storage directory /workdir/hadoop-ozone/integration-test/target/test-dir/MiniOzoneClusterImpl-7905150a-9adf-4c87-99b9-461f1d79c63b/datanode-6/data/ratis/41484e61-7b51-436d-9bda-48f58450d15a does not exist. Creating ...
2019-10-05 01:01:17,858 [pool-237-thread-1] INFO  server.RaftServerConfigKeys (ConfUtils.java:logGet(43)) - raft.server.storage.dir = [/workdir/hadoop-ozone/integration-test/target/test-dir/MiniOzoneClusterImpl-7905150a-9adf-4c87-99b9-461f1d79c63b/datanode-3/data/ratis] (custom)
2019-10-05 01:01:17,859 [pool-237-thread-1] INFO  server.RaftServerConfigKeys (ConfUtils.java:logGet(43)) - raft.server.log.corruption.policy = EXCEPTION (default)
2019-10-05 01:01:17,859 [pool-237-thread-1] INFO  storage.RaftStorageDirectory (RaftStorageDirectory.java:analyzeStorage(246)) - The storage directory /workdir/hadoop-ozone/integration-test/target/test-dir/MiniOzoneClusterImpl-7905150a-9adf-4c87-99b9-461f1d79c63b/datanode-3/data/ratis/41484e61-7b51-436d-9bda-48f58450d15a does not exist. Creating ...
2019-10-05 01:01:17,871 [pool-267-thread-1] INFO  storage.RaftStorageDirectory (RaftStorageDirectory.java:tryLock(328)) - Lock on /workdir/hadoop-ozone/integration-test/target/test-dir/MiniOzoneClusterImpl-7905150a-9adf-4c87-99b9-461f1d79c63b/datanode-6/data/ratis/41484e61-7b51-436d-9bda-48f58450d15a/in_use.lock acquired by nodename 18151@pr-hdds-1986-gkmgr-421349047
2019-10-05 01:01:17,871 [pool-257-thread-1] INFO  storage.RaftStorageDirectory (RaftStorageDirectory.java:tryLock(328)) - Lock on /workdir/hadoop-ozone/integration-test/target/test-dir/MiniOzoneClusterImpl-7905150a-9adf-4c87-99b9-461f1d79c63b/datanode-5/data/ratis/41484e61-7b51-436d-9bda-48f58450d15a/in_use.lock acquired by nodename 18151@pr-hdds-1986-gkmgr-421349047
2019-10-05 01:01:17,871 [pool-237-thread-1] INFO  storage.RaftStorageDirectory (RaftStorageDirectory.java:tryLock(328)) - Lock on /workdir/hadoop-ozone/integration-test/target/test-dir/MiniOzoneClusterImpl-7905150a-9adf-4c87-99b9-461f1d79c63b/datanode-3/data/ratis/41484e61-7b51-436d-9bda-48f58450d15a/in_use.lock acquired by nodename 18151@pr-hdds-1986-gkmgr-421349047
2019-10-05 01:01:17,885 [pool-257-thread-1] INFO  storage.RaftStorage (RaftStorage.java:format(84)) - Storage directory /workdir/hadoop-ozone/integration-test/target/test-dir/MiniOzoneClusterImpl-7905150a-9adf-4c87-99b9-461f1d79c63b/datanode-5/data/ratis/41484e61-7b51-436d-9bda-48f58450d15a has been successfully formatted.
2019-10-05 01:01:17,885 [pool-267-thread-1] INFO  storage.RaftStorage (RaftStorage.java:format(84)) - Storage directory /workdir/hadoop-ozone/integration-test/target/test-dir/MiniOzoneClusterImpl-7905150a-9adf-4c87-99b9-461f1d79c63b/datanode-6/data/ratis/41484e61-7b51-436d-9bda-48f58450d15a has been successfully formatted.
2019-10-05 01:01:17,885 [pool-237-thread-1] INFO  storage.RaftStorage (RaftStorage.java:format(84)) - Storage directory /workdir/hadoop-ozone/integration-test/target/test-dir/MiniOzoneClusterImpl-7905150a-9adf-4c87-99b9-461f1d79c63b/datanode-3/data/ratis/41484e61-7b51-436d-9bda-48f58450d15a has been successfully formatted.
2019-10-05 01:01:17,885 [pool-267-thread-1] INFO  ratis.ContainerStateMachine (ContainerStateMachine.java:loadSnapshot(230)) - group-48F58450D15A: The snapshot info is null. Setting the last applied indexto:(t:0, i:~)
2019-10-05 01:01:17,885 [pool-257-thread-1] INFO  ratis.ContainerStateMachine (ContainerStateMachine.java:loadSnapshot(230)) - group-48F58450D15A: The snapshot info is null. Setting the last applied indexto:(t:0, i:~)
2019-10-05 01:01:17,885 [pool-267-thread-1] INFO  server.RaftServerConfigKeys (ConfUtils.java:logGet(43)) - raft.server.notification.no-leader.timeout = 120s (custom)
2019-10-05 01:01:17,885 [pool-237-thread-1] INFO  ratis.ContainerStateMachine (ContainerStateMachine.java:loadSnapshot(230)) - group-48F58450D15A: The snapshot info is null. Setting the last applied indexto:(t:0, i:~)
2019-10-05 01:01:17,886 [pool-267-thread-1] INFO  server.RaftServerConfigKeys (ConfUtils.java:logGet(43)) - raft.server.log.use.memory = false (default)
2019-10-05 01:01:17,885 [pool-257-thread-1] INFO  server.RaftServerConfigKeys (ConfUtils.java:logGet(43)) - raft.server.notification.no-leader.timeout = 120s (custom)
2019-10-05 01:01:17,886 [pool-267-thread-1] INFO  server.RaftServerConfigKeys (ConfUtils.java:logGet(43)) - raft.server.log.purge.gap = 1000000 (custom)
2019-10-05 01:01:17,886 [pool-237-thread-1] INFO  server.RaftServerConfigKeys (ConfUtils.java:logGet(43)) - raft.server.notification.no-leader.timeout = 120s (custom)
2019-10-05 01:01:17,886 [pool-267-thread-1] INFO  server.RaftServerConfigKeys (ConfUtils.java:logGet(43)) - raft.server.log.appender.buffer.byte-limit = 33554432 (custom)
2019-10-05 01:01:17,886 [pool-257-thread-1] INFO  server.RaftServerConfigKeys (ConfUtils.java:logGet(43)) - raft.server.log.use.memory = false (default)
2019-10-05 01:01:17,886 [pool-267-thread-1] INFO  server.RaftServerConfigKeys (ConfUtils.java:logGet(43)) - raft.server.log.segment.size.max = 1048576 (custom)
2019-10-05 01:01:17,886 [pool-237-thread-1] INFO  server.RaftServerConfigKeys (ConfUtils.java:logGet(43)) - raft.server.log.use.memory = false (default)
2019-10-05 01:01:17,886 [pool-267-thread-1] INFO  server.RaftServerConfigKeys (ConfUtils.java:logGet(43)) - raft.server.log.segment.cache.num.max = 2 (custom)
2019-10-05 01:01:17,886 [pool-257-thread-1] INFO  server.RaftServerConfigKeys (ConfUtils.java:logGet(43)) - raft.server.log.purge.gap = 1000000 (custom)
2019-10-05 01:01:17,887 [pool-267-thread-1] INFO  segmented.SegmentedRaftLogWorker (SegmentedRaftLogWorker.java:<init>(173)) - new 71f96e8e-43c2-466c-8e4a-98c3a02080f0@group-48F58450D15A-SegmentedRaftLogWorker for RaftStorage:Storage Directory /workdir/hadoop-ozone/integration-test/target/test-dir/MiniOzoneClusterImpl-7905150a-9adf-4c87-99b9-461f1d79c63b/datanode-6/data/ratis/41484e61-7b51-436d-9bda-48f58450d15a
2019-10-05 01:01:17,886 [pool-237-thread-1] INFO  server.RaftServerConfigKeys (ConfUtils.java:logGet(43)) - raft.server.log.purge.gap = 1000000 (custom)
2019-10-05 01:01:17,887 [pool-267-thread-1] INFO  server.RaftServerConfigKeys (ConfUtils.java:logGet(43)) - raft.server.log.queue.byte-limit = 2147483647 (custom)
2019-10-05 01:01:17,887 [pool-257-thread-1] INFO  server.RaftServerConfigKeys (ConfUtils.java:logGet(43)) - raft.server.log.appender.buffer.byte-limit = 33554432 (custom)
2019-10-05 01:01:17,887 [pool-267-thread-1] INFO  server.RaftServerConfigKeys (ConfUtils.java:logGet(43)) - raft.server.log.queue.element-limit = 1024 (custom)
2019-10-05 01:01:17,887 [pool-237-thread-1] INFO  server.RaftServerConfigKeys (ConfUtils.java:logGet(43)) - raft.server.log.appender.buffer.byte-limit = 33554432 (custom)
2019-10-05 01:01:17,887 [pool-267-thread-1] INFO  server.RaftServerConfigKeys (ConfUtils.java:logGet(43)) - raft.server.log.segment.size.max = 1048576 (custom)
2019-10-05 01:01:17,887 [pool-257-thread-1] INFO  server.RaftServerConfigKeys (ConfUtils.java:logGet(43)) - raft.server.log.segment.size.max = 1048576 (custom)
2019-10-05 01:01:17,887 [pool-267-thread-1] INFO  server.RaftServerConfigKeys (ConfUtils.java:logGet(43)) - raft.server.log.preallocated.size = 16384 (custom)
2019-10-05 01:01:17,887 [pool-237-thread-1] INFO  server.RaftServerConfigKeys (ConfUtils.java:logGet(43)) - raft.server.log.segment.size.max = 1048576 (custom)
2019-10-05 01:01:17,888 [pool-267-thread-1] INFO  server.RaftServerConfigKeys (ConfUtils.java:logGet(43)) - raft.server.log.write.buffer.size = 33554432 (custom)
2019-10-05 01:01:17,887 [pool-257-thread-1] INFO  server.RaftServerConfigKeys (ConfUtils.java:logGet(43)) - raft.server.log.segment.cache.num.max = 2 (custom)
2019-10-05 01:01:17,888 [pool-267-thread-1] INFO  server.RaftServerConfigKeys (ConfUtils.java:logGet(43)) - raft.server.log.force.sync.num = 128 (default)
2019-10-05 01:01:17,888 [pool-237-thread-1] INFO  server.RaftServerConfigKeys (ConfUtils.java:logGet(43)) - raft.server.log.segment.cache.num.max = 2 (custom)
2019-10-05 01:01:17,888 [pool-267-thread-1] INFO  server.RaftServerConfigKeys (ConfUtils.java:logGet(43)) - raft.server.log.statemachine.data.sync = true (default)
2019-10-05 01:01:17,888 [pool-257-thread-1] INFO  segmented.SegmentedRaftLogWorker (SegmentedRaftLogWorker.java:<init>(173)) - new d9b343b5-4ab3-4a29-b9db-d78a0ddac86d@group-48F58450D15A-SegmentedRaftLogWorker for RaftStorage:Storage Directory /workdir/hadoop-ozone/integration-test/target/test-dir/MiniOzoneClusterImpl-7905150a-9adf-4c87-99b9-461f1d79c63b/datanode-5/data/ratis/41484e61-7b51-436d-9bda-48f58450d15a
2019-10-05 01:01:17,888 [pool-267-thread-1] INFO  server.RaftServerConfigKeys (ConfUtils.java:logGet(43)) - raft.server.log.statemachine.data.sync.timeout = 10s (default)
2019-10-05 01:01:17,888 [pool-237-thread-1] INFO  segmented.SegmentedRaftLogWorker (SegmentedRaftLogWorker.java:<init>(173)) - new a60d7144-4688-4b4d-96ce-8f0ae19fef7e@group-48F58450D15A-SegmentedRaftLogWorker for RaftStorage:Storage Directory /workdir/hadoop-ozone/integration-test/target/test-dir/MiniOzoneClusterImpl-7905150a-9adf-4c87-99b9-461f1d79c63b/datanode-3/data/ratis/41484e61-7b51-436d-9bda-48f58450d15a
2019-10-05 01:01:17,888 [pool-267-thread-1] INFO  server.RaftServerConfigKeys (ConfUtils.java:logGet(43)) - raft.server.log.statemachine.data.sync.timeout.retry = -1 (default)
2019-10-05 01:01:17,888 [pool-257-thread-1] INFO  server.RaftServerConfigKeys (ConfUtils.java:logGet(43)) - raft.server.log.queue.byte-limit = 2147483647 (custom)
2019-10-05 01:01:17,889 [pool-237-thread-1] INFO  server.RaftServerConfigKeys (ConfUtils.java:logGet(43)) - raft.server.log.queue.byte-limit = 2147483647 (custom)
2019-10-05 01:01:17,889 [pool-257-thread-1] INFO  server.RaftServerConfigKeys (ConfUtils.java:logGet(43)) - raft.server.log.queue.element-limit = 1024 (custom)
2019-10-05 01:01:17,889 [pool-267-thread-1] INFO  server.RaftServerConfigKeys (ConfUtils.java:logGet(43)) - raft.server.log.statemachine.data.caching.enabled = true (custom)
2019-10-05 01:01:17,889 [pool-257-thread-1] INFO  server.RaftServerConfigKeys (ConfUtils.java:logGet(43)) - raft.server.log.segment.size.max = 1048576 (custom)
2019-10-05 01:01:17,889 [pool-237-thread-1] INFO  server.RaftServerConfigKeys (ConfUtils.java:logGet(43)) - raft.server.log.queue.element-limit = 1024 (custom)
2019-10-05 01:01:17,889 [pool-267-thread-1] INFO  segmented.SegmentedRaftLogWorker (SegmentedRaftLogWorker.java:lambda$new$0(128)) - 71f96e8e-43c2-466c-8e4a-98c3a02080f0@group-48F58450D15A-SegmentedRaftLogWorker: flushIndex: setUnconditionally 0 -> -1
2019-10-05 01:01:17,889 [pool-257-thread-1] INFO  server.RaftServerConfigKeys (ConfUtils.java:logGet(43)) - raft.server.log.preallocated.size = 16384 (custom)
2019-10-05 01:01:17,889 [pool-237-thread-1] INFO  server.RaftServerConfigKeys (ConfUtils.java:logGet(43)) - raft.server.log.segment.size.max = 1048576 (custom)
2019-10-05 01:01:17,890 [pool-267-thread-1] INFO  server.RaftServerConfigKeys (ConfUtils.java:logGet(43)) - raft.server.snapshot.auto.trigger.enabled = true (custom)
2019-10-05 01:01:17,890 [pool-257-thread-1] INFO  server.RaftServerConfigKeys (ConfUtils.java:logGet(43)) - raft.server.log.write.buffer.size = 33554432 (custom)
2019-10-05 01:01:17,890 [pool-267-thread-1] INFO  server.RaftServerConfigKeys (ConfUtils.java:logGet(43)) - raft.server.snapshot.auto.trigger.threshold = 10000 (custom)
2019-10-05 01:01:17,890 [pool-237-thread-1] INFO  server.RaftServerConfigKeys (ConfUtils.java:logGet(43)) - raft.server.log.preallocated.size = 16384 (custom)
2019-10-05 01:01:17,890 [pool-267-thread-1] INFO  server.RaftServerConfigKeys (ConfUtils.java:logGet(43)) - raft.server.snapshot.retention.file.num = 5 (custom)
2019-10-05 01:01:17,890 [pool-257-thread-1] INFO  server.RaftServerConfigKeys (ConfUtils.java:logGet(43)) - raft.server.log.force.sync.num = 128 (default)
2019-10-05 01:01:17,890 [pool-267-thread-1] INFO  server.RaftServerConfigKeys (ConfUtils.java:logGet(43)) - raft.server.retrycache.expirytime = 600000ms (custom)
2019-10-05 01:01:17,890 [pool-237-thread-1] INFO  server.RaftServerConfigKeys (ConfUtils.java:logGet(43)) - raft.server.log.write.buffer.size = 33554432 (custom)
2019-10-05 01:01:17,890 [pool-257-thread-1] INFO  server.RaftServerConfigKeys (ConfUtils.java:logGet(43)) - raft.server.log.statemachine.data.sync = true (default)
2019-10-05 01:01:17,891 [pool-237-thread-1] INFO  server.RaftServerConfigKeys (ConfUtils.java:logGet(43)) - raft.server.log.force.sync.num = 128 (default)
2019-10-05 01:01:17,891 [pool-257-thread-1] INFO  server.RaftServerConfigKeys (ConfUtils.java:logGet(43)) - raft.server.log.statemachine.data.sync.timeout = 10s (default)
2019-10-05 01:01:17,891 [pool-237-thread-1] INFO  server.RaftServerConfigKeys (ConfUtils.java:logGet(43)) - raft.server.log.statemachine.data.sync = true (default)
2019-10-05 01:01:17,891 [pool-257-thread-1] INFO  server.RaftServerConfigKeys (ConfUtils.java:logGet(43)) - raft.server.log.statemachine.data.sync.timeout.retry = -1 (default)
2019-10-05 01:01:17,891 [pool-237-thread-1] INFO  server.RaftServerConfigKeys (ConfUtils.java:logGet(43)) - raft.server.log.statemachine.data.sync.timeout = 10s (default)
2019-10-05 01:01:17,891 [pool-257-thread-1] INFO  server.RaftServerConfigKeys (ConfUtils.java:logGet(43)) - raft.server.log.statemachine.data.caching.enabled = true (custom)
2019-10-05 01:01:17,892 [pool-237-thread-1] INFO  server.RaftServerConfigKeys (ConfUtils.java:logGet(43)) - raft.server.log.statemachine.data.sync.timeout.retry = -1 (default)
2019-10-05 01:01:17,892 [pool-257-thread-1] INFO  segmented.SegmentedRaftLogWorker (SegmentedRaftLogWorker.java:lambda$new$0(128)) - d9b343b5-4ab3-4a29-b9db-d78a0ddac86d@group-48F58450D15A-SegmentedRaftLogWorker: flushIndex: setUnconditionally 0 -> -1
2019-10-05 01:01:17,892 [pool-237-thread-1] INFO  server.RaftServerConfigKeys (ConfUtils.java:logGet(43)) - raft.server.log.statemachine.data.caching.enabled = true (custom)
2019-10-05 01:01:17,892 [pool-257-thread-1] INFO  server.RaftServerConfigKeys (ConfUtils.java:logGet(43)) - raft.server.snapshot.auto.trigger.enabled = true (custom)
2019-10-05 01:01:17,892 [pool-257-thread-1] INFO  server.RaftServerConfigKeys (ConfUtils.java:logGet(43)) - raft.server.snapshot.auto.trigger.threshold = 10000 (custom)
2019-10-05 01:01:17,892 [pool-237-thread-1] INFO  segmented.SegmentedRaftLogWorker (SegmentedRaftLogWorker.java:lambda$new$0(128)) - a60d7144-4688-4b4d-96ce-8f0ae19fef7e@group-48F58450D15A-SegmentedRaftLogWorker: flushIndex: setUnconditionally 0 -> -1
2019-10-05 01:01:17,892 [pool-257-thread-1] INFO  server.RaftServerConfigKeys (ConfUtils.java:logGet(43)) - raft.server.snapshot.retention.file.num = 5 (custom)
2019-10-05 01:01:17,893 [pool-267-thread-1] INFO  impl.RaftServerImpl (RaftServerImpl.java:start(181)) - 71f96e8e-43c2-466c-8e4a-98c3a02080f0@group-48F58450D15A: start as a follower, conf=-1: [d9b343b5-4ab3-4a29-b9db-d78a0ddac86d:192.168.151.100:43958, 71f96e8e-43c2-466c-8e4a-98c3a02080f0:192.168.151.100:44400, a60d7144-4688-4b4d-96ce-8f0ae19fef7e:192.168.151.100:35461], old=null
2019-10-05 01:01:17,893 [pool-237-thread-1] INFO  server.RaftServerConfigKeys (ConfUtils.java:logGet(43)) - raft.server.snapshot.auto.trigger.enabled = true (custom)
2019-10-05 01:01:17,893 [pool-257-thread-1] INFO  server.RaftServerConfigKeys (ConfUtils.java:logGet(43)) - raft.server.retrycache.expirytime = 600000ms (custom)
2019-10-05 01:01:17,893 [pool-237-thread-1] INFO  server.RaftServerConfigKeys (ConfUtils.java:logGet(43)) - raft.server.snapshot.auto.trigger.threshold = 10000 (custom)
2019-10-05 01:01:17,893 [pool-267-thread-1] INFO  impl.RaftServerImpl (RaftServerImpl.java:setRole(170)) - 71f96e8e-43c2-466c-8e4a-98c3a02080f0@group-48F58450D15A: changes role from      null to FOLLOWER at term 0 for startAsFollower
2019-10-05 01:01:17,893 [pool-237-thread-1] INFO  server.RaftServerConfigKeys (ConfUtils.java:logGet(43)) - raft.server.snapshot.retention.file.num = 5 (custom)
2019-10-05 01:01:17,893 [pool-267-thread-1] INFO  impl.RoleInfo (RoleInfo.java:updateAndGet(143)) - 71f96e8e-43c2-466c-8e4a-98c3a02080f0: start FollowerState
2019-10-05 01:01:17,894 [pool-237-thread-1] INFO  server.RaftServerConfigKeys (ConfUtils.java:logGet(43)) - raft.server.retrycache.expirytime = 600000ms (custom)
2019-10-05 01:01:17,894 [pool-267-thread-1] INFO  util.JmxRegister (JmxRegister.java:tryRegister(44)) - Successfully registered JMX Bean with object name Ratis:service=RaftServer,group=group-48F58450D15A,id=71f96e8e-43c2-466c-8e4a-98c3a02080f0
2019-10-05 01:01:17,895 [pool-257-thread-1] INFO  impl.RaftServerImpl (RaftServerImpl.java:start(181)) - d9b343b5-4ab3-4a29-b9db-d78a0ddac86d@group-48F58450D15A: start as a follower, conf=-1: [d9b343b5-4ab3-4a29-b9db-d78a0ddac86d:192.168.151.100:43958, 71f96e8e-43c2-466c-8e4a-98c3a02080f0:192.168.151.100:44400, a60d7144-4688-4b4d-96ce-8f0ae19fef7e:192.168.151.100:35461], old=null
2019-10-05 01:01:17,895 [pool-257-thread-1] INFO  impl.RaftServerImpl (RaftServerImpl.java:setRole(170)) - d9b343b5-4ab3-4a29-b9db-d78a0ddac86d@group-48F58450D15A: changes role from      null to FOLLOWER at term 0 for startAsFollower
2019-10-05 01:01:17,896 [pool-257-thread-1] INFO  impl.RoleInfo (RoleInfo.java:updateAndGet(143)) - d9b343b5-4ab3-4a29-b9db-d78a0ddac86d: start FollowerState
2019-10-05 01:01:17,896 [pool-257-thread-1] INFO  util.JmxRegister (JmxRegister.java:tryRegister(44)) - Successfully registered JMX Bean with object name Ratis:service=RaftServer,group=group-48F58450D15A,id=d9b343b5-4ab3-4a29-b9db-d78a0ddac86d
2019-10-05 01:01:17,897 [pool-237-thread-1] INFO  impl.RaftServerImpl (RaftServerImpl.java:start(181)) - a60d7144-4688-4b4d-96ce-8f0ae19fef7e@group-48F58450D15A: start as a follower, conf=-1: [d9b343b5-4ab3-4a29-b9db-d78a0ddac86d:192.168.151.100:43958, 71f96e8e-43c2-466c-8e4a-98c3a02080f0:192.168.151.100:44400, a60d7144-4688-4b4d-96ce-8f0ae19fef7e:192.168.151.100:35461], old=null
2019-10-05 01:01:17,897 [pool-237-thread-1] INFO  impl.RaftServerImpl (RaftServerImpl.java:setRole(170)) - a60d7144-4688-4b4d-96ce-8f0ae19fef7e@group-48F58450D15A: changes role from      null to FOLLOWER at term 0 for startAsFollower
2019-10-05 01:01:17,897 [pool-237-thread-1] INFO  impl.RoleInfo (RoleInfo.java:updateAndGet(143)) - a60d7144-4688-4b4d-96ce-8f0ae19fef7e: start FollowerState
2019-10-05 01:01:17,898 [pool-237-thread-1] INFO  util.JmxRegister (JmxRegister.java:tryRegister(44)) - Successfully registered JMX Bean with object name Ratis:service=RaftServer,group=group-48F58450D15A,id=a60d7144-4688-4b4d-96ce-8f0ae19fef7e
2019-10-05 01:01:17,901 [RatisPipelineUtilsThread] INFO  pipeline.PipelineStateManager (PipelineStateManager.java:addPipeline(56)) - Created pipeline Pipeline[ Id: 41484e61-7b51-436d-9bda-48f58450d15a, Nodes: 71f96e8e-43c2-466c-8e4a-98c3a02080f0{ip: 192.168.151.100, host: pr-hdds-1986-gkmgr-421349047, networkLocation: /default-rack, certSerialId: null}a60d7144-4688-4b4d-96ce-8f0ae19fef7e{ip: 192.168.151.100, host: pr-hdds-1986-gkmgr-421349047, networkLocation: /default-rack, certSerialId: null}d9b343b5-4ab3-4a29-b9db-d78a0ddac86d{ip: 192.168.151.100, host: pr-hdds-1986-gkmgr-421349047, networkLocation: /default-rack, certSerialId: null}, Type:RATIS, Factor:THREE, State:OPEN]
2019-10-05 01:01:18,753 [main] INFO  ozone.MiniOzoneClusterImpl (MiniOzoneClusterImpl.java:lambda$waitForClusterToBeReady$0(147)) - Cluster is ready. Got 7 of 7 DN Heartbeats.
2019-10-05 01:01:18,792 [main] INFO  rpc.RpcClient (RpcClient.java:createVolume(277)) - Creating Volume: watchforcommithandlingtest, with jenkins1000 as owner.
2019-10-05 01:01:18,796 [IPC Server handler 2 on 46375] INFO  volume.OMVolumeCreateRequest (OMVolumeCreateRequest.java:validateAndUpdateCache(193)) - created volume:watchforcommithandlingtest for user:jenkins1000
2019-10-05 01:01:18,810 [main] INFO  rpc.RpcClient (RpcClient.java:createBucket(416)) - Creating Bucket: watchforcommithandlingtest/watchforcommithandlingtest, with Versioning false and Storage Type set to DISK and Encryption set to false 
2019-10-05 01:01:18,815 [main] INFO  ozone.MiniOzoneClusterImpl (MiniOzoneClusterImpl.java:getStorageContainerLocationClient(234)) - Creating StorageContainerLocationProtocol RPC client with address /0.0.0.0:44046
2019-10-05 01:01:20,342 [Thread-1418] INFO  container.ReplicationManager (ReplicationManager.java:start(162)) - Starting Replication Monitor Thread.
2019-10-05 01:01:20,347 [ReplicationMonitor] INFO  container.ReplicationManager (ReplicationManager.java:run(225)) - Replication Monitor Thread took 1 milliseconds for processing 1 containers.
2019-10-05 01:01:22,403 [Thread-1420] INFO  impl.FollowerState (FollowerState.java:run(108)) - d80a136d-1766-4220-8826-4519ccdfc503@group-0C76AB496161-FollowerState: change to CANDIDATE, lastRpcTime:5012ms, electionTimeout:5012ms
2019-10-05 01:01:22,404 [Thread-1420] INFO  impl.RoleInfo (RoleInfo.java:shutdownFollowerState(121)) - d80a136d-1766-4220-8826-4519ccdfc503: shutdown FollowerState
2019-10-05 01:01:22,404 [Thread-1420] INFO  impl.RaftServerImpl (RaftServerImpl.java:setRole(170)) - d80a136d-1766-4220-8826-4519ccdfc503@group-0C76AB496161: changes role from  FOLLOWER to CANDIDATE at term 0 for changeToCandidate
2019-10-05 01:01:22,404 [Thread-1420] INFO  impl.RoleInfo (RoleInfo.java:updateAndGet(143)) - d80a136d-1766-4220-8826-4519ccdfc503: start LeaderElection
2019-10-05 01:01:22,428 [d80a136d-1766-4220-8826-4519ccdfc503@group-0C76AB496161-LeaderElection34] INFO  impl.LeaderElection (LeaderElection.java:askForVotes(178)) - d80a136d-1766-4220-8826-4519ccdfc503@group-0C76AB496161-LeaderElection34: begin an election at term 1 for -1: [d80a136d-1766-4220-8826-4519ccdfc503:192.168.151.100:33773], old=null
2019-10-05 01:01:22,428 [d80a136d-1766-4220-8826-4519ccdfc503@group-0C76AB496161-LeaderElection34] INFO  impl.RoleInfo (RoleInfo.java:shutdownLeaderElection(134)) - d80a136d-1766-4220-8826-4519ccdfc503: shutdown LeaderElection
2019-10-05 01:01:22,428 [d80a136d-1766-4220-8826-4519ccdfc503@group-0C76AB496161-LeaderElection34] INFO  impl.RaftServerImpl (RaftServerImpl.java:setRole(170)) - d80a136d-1766-4220-8826-4519ccdfc503@group-0C76AB496161: changes role from CANDIDATE to LEADER at term 1 for changeToLeader
2019-10-05 01:01:22,428 [d80a136d-1766-4220-8826-4519ccdfc503@group-0C76AB496161-LeaderElection34] INFO  impl.RaftServerImpl (ServerState.java:setLeader(255)) - d80a136d-1766-4220-8826-4519ccdfc503@group-0C76AB496161: change Leader from null to d80a136d-1766-4220-8826-4519ccdfc503 at term 1 for becomeLeader, leader elected after 5046ms
2019-10-05 01:01:22,431 [d80a136d-1766-4220-8826-4519ccdfc503@group-0C76AB496161-LeaderElection34] INFO  server.RaftServerConfigKeys (ConfUtils.java:logGet(43)) - raft.server.staging.catchup.gap = 1000 (default)
2019-10-05 01:01:22,431 [d80a136d-1766-4220-8826-4519ccdfc503@group-0C76AB496161-LeaderElection34] INFO  server.RaftServerConfigKeys (ConfUtils.java:logGet(43)) - raft.server.rpc.sleep.time = 25ms (default)
2019-10-05 01:01:22,431 [d80a136d-1766-4220-8826-4519ccdfc503@group-0C76AB496161-LeaderElection34] INFO  server.RaftServerConfigKeys (ConfUtils.java:logGet(43)) - raft.server.write.element-limit = 4096 (default)
2019-10-05 01:01:22,432 [d80a136d-1766-4220-8826-4519ccdfc503@group-0C76AB496161-LeaderElection34] INFO  server.RaftServerConfigKeys (ConfUtils.java:logGet(43)) - raft.server.watch.timeout = 10s (default)
2019-10-05 01:01:22,432 [d80a136d-1766-4220-8826-4519ccdfc503@group-0C76AB496161-LeaderElection34] INFO  server.RaftServerConfigKeys (ConfUtils.java:logGet(43)) - raft.server.watch.timeout.denomination = 1s (default)
2019-10-05 01:01:22,432 [d80a136d-1766-4220-8826-4519ccdfc503@group-0C76AB496161-LeaderElection34] INFO  server.RaftServerConfigKeys (ConfUtils.java:logGet(43)) - raft.server.watch.element-limit = 65536 (default)
2019-10-05 01:01:22,435 [d80a136d-1766-4220-8826-4519ccdfc503@group-0C76AB496161-LeaderElection34] INFO  impl.RoleInfo (RoleInfo.java:updateAndGet(143)) - d80a136d-1766-4220-8826-4519ccdfc503: start LeaderState
2019-10-05 01:01:22,435 [d80a136d-1766-4220-8826-4519ccdfc503@group-0C76AB496161-LeaderElection34] INFO  segmented.SegmentedRaftLogWorker (SegmentedRaftLogWorker.java:startLogSegment(385)) - d80a136d-1766-4220-8826-4519ccdfc503@group-0C76AB496161-SegmentedRaftLogWorker: Starting segment from index:0
2019-10-05 01:01:22,436 [d80a136d-1766-4220-8826-4519ccdfc503@group-0C76AB496161-LeaderElection34] INFO  impl.RaftServerImpl (ServerState.java:setRaftConf(356)) - d80a136d-1766-4220-8826-4519ccdfc503@group-0C76AB496161: set configuration 0: [d80a136d-1766-4220-8826-4519ccdfc503:192.168.151.100:33773], old=null at 0
2019-10-05 01:01:22,485 [d80a136d-1766-4220-8826-4519ccdfc503@group-0C76AB496161-SegmentedRaftLogWorker] INFO  segmented.SegmentedRaftLogWorker (SegmentedRaftLogWorker.java:execute(574)) - d80a136d-1766-4220-8826-4519ccdfc503@group-0C76AB496161-SegmentedRaftLogWorker: created new log segment /workdir/hadoop-ozone/integration-test/target/test-dir/MiniOzoneClusterImpl-7905150a-9adf-4c87-99b9-461f1d79c63b/datanode-0/data/ratis/49bbb6fd-e818-46b4-ad9c-0c76ab496161/current/log_inprogress_0
2019-10-05 01:01:22,551 [Thread-1423] INFO  impl.FollowerState (FollowerState.java:run(108)) - 612cac7f-adbd-4c9f-8295-c8fcc0a93bfe@group-6C8F0F43ABF9-FollowerState: change to CANDIDATE, lastRpcTime:5104ms, electionTimeout:5104ms
2019-10-05 01:01:22,551 [Thread-1423] INFO  impl.RoleInfo (RoleInfo.java:shutdownFollowerState(121)) - 612cac7f-adbd-4c9f-8295-c8fcc0a93bfe: shutdown FollowerState
2019-10-05 01:01:22,551 [Thread-1423] INFO  impl.RaftServerImpl (RaftServerImpl.java:setRole(170)) - 612cac7f-adbd-4c9f-8295-c8fcc0a93bfe@group-6C8F0F43ABF9: changes role from  FOLLOWER to CANDIDATE at term 0 for changeToCandidate
2019-10-05 01:01:22,551 [Thread-1423] INFO  impl.RoleInfo (RoleInfo.java:updateAndGet(143)) - 612cac7f-adbd-4c9f-8295-c8fcc0a93bfe: start LeaderElection
2019-10-05 01:01:22,573 [612cac7f-adbd-4c9f-8295-c8fcc0a93bfe@group-6C8F0F43ABF9-LeaderElection35] INFO  impl.LeaderElection (LeaderElection.java:askForVotes(178)) - 612cac7f-adbd-4c9f-8295-c8fcc0a93bfe@group-6C8F0F43ABF9-LeaderElection35: begin an election at term 1 for -1: [612cac7f-adbd-4c9f-8295-c8fcc0a93bfe:192.168.151.100:42952], old=null
2019-10-05 01:01:22,573 [612cac7f-adbd-4c9f-8295-c8fcc0a93bfe@group-6C8F0F43ABF9-LeaderElection35] INFO  impl.RoleInfo (RoleInfo.java:shutdownLeaderElection(134)) - 612cac7f-adbd-4c9f-8295-c8fcc0a93bfe: shutdown LeaderElection
2019-10-05 01:01:22,573 [612cac7f-adbd-4c9f-8295-c8fcc0a93bfe@group-6C8F0F43ABF9-LeaderElection35] INFO  impl.RaftServerImpl (RaftServerImpl.java:setRole(170)) - 612cac7f-adbd-4c9f-8295-c8fcc0a93bfe@group-6C8F0F43ABF9: changes role from CANDIDATE to LEADER at term 1 for changeToLeader
2019-10-05 01:01:22,573 [612cac7f-adbd-4c9f-8295-c8fcc0a93bfe@group-6C8F0F43ABF9-LeaderElection35] INFO  impl.RaftServerImpl (ServerState.java:setLeader(255)) - 612cac7f-adbd-4c9f-8295-c8fcc0a93bfe@group-6C8F0F43ABF9: change Leader from null to 612cac7f-adbd-4c9f-8295-c8fcc0a93bfe at term 1 for becomeLeader, leader elected after 5135ms
2019-10-05 01:01:22,576 [612cac7f-adbd-4c9f-8295-c8fcc0a93bfe@group-6C8F0F43ABF9-LeaderElection35] INFO  server.RaftServerConfigKeys (ConfUtils.java:logGet(43)) - raft.server.staging.catchup.gap = 1000 (default)
2019-10-05 01:01:22,576 [612cac7f-adbd-4c9f-8295-c8fcc0a93bfe@group-6C8F0F43ABF9-LeaderElection35] INFO  server.RaftServerConfigKeys (ConfUtils.java:logGet(43)) - raft.server.rpc.sleep.time = 25ms (default)
2019-10-05 01:01:22,576 [612cac7f-adbd-4c9f-8295-c8fcc0a93bfe@group-6C8F0F43ABF9-LeaderElection35] INFO  server.RaftServerConfigKeys (ConfUtils.java:logGet(43)) - raft.server.write.element-limit = 4096 (default)
2019-10-05 01:01:22,576 [612cac7f-adbd-4c9f-8295-c8fcc0a93bfe@group-6C8F0F43ABF9-LeaderElection35] INFO  server.RaftServerConfigKeys (ConfUtils.java:logGet(43)) - raft.server.watch.timeout = 10s (default)
2019-10-05 01:01:22,577 [612cac7f-adbd-4c9f-8295-c8fcc0a93bfe@group-6C8F0F43ABF9-LeaderElection35] INFO  server.RaftServerConfigKeys (ConfUtils.java:logGet(43)) - raft.server.watch.timeout.denomination = 1s (default)
2019-10-05 01:01:22,577 [612cac7f-adbd-4c9f-8295-c8fcc0a93bfe@group-6C8F0F43ABF9-LeaderElection35] INFO  server.RaftServerConfigKeys (ConfUtils.java:logGet(43)) - raft.server.watch.element-limit = 65536 (default)
2019-10-05 01:01:22,579 [612cac7f-adbd-4c9f-8295-c8fcc0a93bfe@group-6C8F0F43ABF9-LeaderElection35] INFO  impl.RoleInfo (RoleInfo.java:updateAndGet(143)) - 612cac7f-adbd-4c9f-8295-c8fcc0a93bfe: start LeaderState
2019-10-05 01:01:22,580 [612cac7f-adbd-4c9f-8295-c8fcc0a93bfe@group-6C8F0F43ABF9-LeaderElection35] INFO  segmented.SegmentedRaftLogWorker (SegmentedRaftLogWorker.java:startLogSegment(385)) - 612cac7f-adbd-4c9f-8295-c8fcc0a93bfe@group-6C8F0F43ABF9-SegmentedRaftLogWorker: Starting segment from index:0
2019-10-05 01:01:22,580 [612cac7f-adbd-4c9f-8295-c8fcc0a93bfe@group-6C8F0F43ABF9-LeaderElection35] INFO  impl.RaftServerImpl (ServerState.java:setRaftConf(356)) - 612cac7f-adbd-4c9f-8295-c8fcc0a93bfe@group-6C8F0F43ABF9: set configuration 0: [612cac7f-adbd-4c9f-8295-c8fcc0a93bfe:192.168.151.100:42952], old=null at 0
2019-10-05 01:01:22,625 [612cac7f-adbd-4c9f-8295-c8fcc0a93bfe@group-6C8F0F43ABF9-SegmentedRaftLogWorker] INFO  segmented.SegmentedRaftLogWorker (SegmentedRaftLogWorker.java:execute(574)) - 612cac7f-adbd-4c9f-8295-c8fcc0a93bfe@group-6C8F0F43ABF9-SegmentedRaftLogWorker: created new log segment /workdir/hadoop-ozone/integration-test/target/test-dir/MiniOzoneClusterImpl-7905150a-9adf-4c87-99b9-461f1d79c63b/datanode-1/data/ratis/e94eec17-6d3b-4d4e-97c4-6c8f0f43abf9/current/log_inprogress_0
2019-10-05 01:01:22,682 [Thread-1431] INFO  impl.FollowerState (FollowerState.java:run(108)) - 612cac7f-adbd-4c9f-8295-c8fcc0a93bfe@group-3476BD9B3912-FollowerState: change to CANDIDATE, lastRpcTime:5093ms, electionTimeout:5093ms
2019-10-05 01:01:22,683 [Thread-1431] INFO  impl.RoleInfo (RoleInfo.java:shutdownFollowerState(121)) - 612cac7f-adbd-4c9f-8295-c8fcc0a93bfe: shutdown FollowerState
2019-10-05 01:01:22,683 [Thread-1431] INFO  impl.RaftServerImpl (RaftServerImpl.java:setRole(170)) - 612cac7f-adbd-4c9f-8295-c8fcc0a93bfe@group-3476BD9B3912: changes role from  FOLLOWER to CANDIDATE at term 0 for changeToCandidate
2019-10-05 01:01:22,683 [Thread-1431] INFO  impl.RoleInfo (RoleInfo.java:updateAndGet(143)) - 612cac7f-adbd-4c9f-8295-c8fcc0a93bfe: start LeaderElection
2019-10-05 01:01:22,701 [612cac7f-adbd-4c9f-8295-c8fcc0a93bfe@group-3476BD9B3912-LeaderElection36] INFO  impl.LeaderElection (LeaderElection.java:askForVotes(178)) - 612cac7f-adbd-4c9f-8295-c8fcc0a93bfe@group-3476BD9B3912-LeaderElection36: begin an election at term 1 for -1: [612cac7f-adbd-4c9f-8295-c8fcc0a93bfe:192.168.151.100:42952, d80a136d-1766-4220-8826-4519ccdfc503:192.168.151.100:33773, 2f18de2d-e164-4d9c-9938-7123010b2f40:192.168.151.100:44461], old=null
2019-10-05 01:01:22,707 [grpc-default-executor-5] INFO  impl.RaftServerImpl (RaftServerImpl.java:setRole(170)) - 2f18de2d-e164-4d9c-9938-7123010b2f40@group-3476BD9B3912: changes role from  FOLLOWER to FOLLOWER at term 1 for recognizeCandidate:612cac7f-adbd-4c9f-8295-c8fcc0a93bfe
2019-10-05 01:01:22,707 [grpc-default-executor-2] INFO  impl.RaftServerImpl (RaftServerImpl.java:setRole(170)) - d80a136d-1766-4220-8826-4519ccdfc503@group-3476BD9B3912: changes role from  FOLLOWER to FOLLOWER at term 1 for recognizeCandidate:612cac7f-adbd-4c9f-8295-c8fcc0a93bfe
2019-10-05 01:01:22,707 [grpc-default-executor-5] INFO  impl.RoleInfo (RoleInfo.java:shutdownFollowerState(121)) - 2f18de2d-e164-4d9c-9938-7123010b2f40: shutdown FollowerState
2019-10-05 01:01:22,708 [grpc-default-executor-2] INFO  impl.RoleInfo (RoleInfo.java:shutdownFollowerState(121)) - d80a136d-1766-4220-8826-4519ccdfc503: shutdown FollowerState
2019-10-05 01:01:22,708 [grpc-default-executor-5] INFO  impl.RoleInfo (RoleInfo.java:updateAndGet(143)) - 2f18de2d-e164-4d9c-9938-7123010b2f40: start FollowerState
2019-10-05 01:01:22,708 [grpc-default-executor-2] INFO  impl.RoleInfo (RoleInfo.java:updateAndGet(143)) - d80a136d-1766-4220-8826-4519ccdfc503: start FollowerState
2019-10-05 01:01:22,708 [Thread-1432] INFO  impl.FollowerState (FollowerState.java:run(117)) - 2f18de2d-e164-4d9c-9938-7123010b2f40@group-3476BD9B3912-FollowerState was interrupted: java.lang.InterruptedException: sleep interrupted
2019-10-05 01:01:22,708 [Thread-1433] INFO  impl.FollowerState (FollowerState.java:run(117)) - d80a136d-1766-4220-8826-4519ccdfc503@group-3476BD9B3912-FollowerState was interrupted: java.lang.InterruptedException: sleep interrupted
2019-10-05 01:01:22,714 [Thread-1426] INFO  impl.FollowerState (FollowerState.java:run(108)) - 2f18de2d-e164-4d9c-9938-7123010b2f40@group-29CA09E43386-FollowerState: change to CANDIDATE, lastRpcTime:5177ms, electionTimeout:5176ms
2019-10-05 01:01:22,715 [Thread-1426] INFO  impl.RoleInfo (RoleInfo.java:shutdownFollowerState(121)) - 2f18de2d-e164-4d9c-9938-7123010b2f40: shutdown FollowerState
2019-10-05 01:01:22,715 [Thread-1426] INFO  impl.RaftServerImpl (RaftServerImpl.java:setRole(170)) - 2f18de2d-e164-4d9c-9938-7123010b2f40@group-29CA09E43386: changes role from  FOLLOWER to CANDIDATE at term 0 for changeToCandidate
2019-10-05 01:01:22,715 [Thread-1426] INFO  impl.RoleInfo (RoleInfo.java:updateAndGet(143)) - 2f18de2d-e164-4d9c-9938-7123010b2f40: start LeaderElection
2019-10-05 01:01:22,728 [2f18de2d-e164-4d9c-9938-7123010b2f40@group-29CA09E43386-LeaderElection37] INFO  impl.LeaderElection (LeaderElection.java:askForVotes(178)) - 2f18de2d-e164-4d9c-9938-7123010b2f40@group-29CA09E43386-LeaderElection37: begin an election at term 1 for -1: [2f18de2d-e164-4d9c-9938-7123010b2f40:192.168.151.100:44461], old=null
2019-10-05 01:01:22,728 [2f18de2d-e164-4d9c-9938-7123010b2f40@group-29CA09E43386-LeaderElection37] INFO  impl.RoleInfo (RoleInfo.java:shutdownLeaderElection(134)) - 2f18de2d-e164-4d9c-9938-7123010b2f40: shutdown LeaderElection
2019-10-05 01:01:22,728 [2f18de2d-e164-4d9c-9938-7123010b2f40@group-29CA09E43386-LeaderElection37] INFO  impl.RaftServerImpl (RaftServerImpl.java:setRole(170)) - 2f18de2d-e164-4d9c-9938-7123010b2f40@group-29CA09E43386: changes role from CANDIDATE to LEADER at term 1 for changeToLeader
2019-10-05 01:01:22,729 [2f18de2d-e164-4d9c-9938-7123010b2f40@group-29CA09E43386-LeaderElection37] INFO  impl.RaftServerImpl (ServerState.java:setLeader(255)) - 2f18de2d-e164-4d9c-9938-7123010b2f40@group-29CA09E43386: change Leader from null to 2f18de2d-e164-4d9c-9938-7123010b2f40 at term 1 for becomeLeader, leader elected after 5200ms
2019-10-05 01:01:22,731 [2f18de2d-e164-4d9c-9938-7123010b2f40@group-29CA09E43386-LeaderElection37] INFO  server.RaftServerConfigKeys (ConfUtils.java:logGet(43)) - raft.server.staging.catchup.gap = 1000 (default)
2019-10-05 01:01:22,731 [2f18de2d-e164-4d9c-9938-7123010b2f40@group-29CA09E43386-LeaderElection37] INFO  server.RaftServerConfigKeys (ConfUtils.java:logGet(43)) - raft.server.rpc.sleep.time = 25ms (default)
2019-10-05 01:01:22,732 [2f18de2d-e164-4d9c-9938-7123010b2f40@group-29CA09E43386-LeaderElection37] INFO  server.RaftServerConfigKeys (ConfUtils.java:logGet(43)) - raft.server.write.element-limit = 4096 (default)
2019-10-05 01:01:22,732 [2f18de2d-e164-4d9c-9938-7123010b2f40@group-29CA09E43386-LeaderElection37] INFO  server.RaftServerConfigKeys (ConfUtils.java:logGet(43)) - raft.server.watch.timeout = 10s (default)
2019-10-05 01:01:22,732 [2f18de2d-e164-4d9c-9938-7123010b2f40@group-29CA09E43386-LeaderElection37] INFO  server.RaftServerConfigKeys (ConfUtils.java:logGet(43)) - raft.server.watch.timeout.denomination = 1s (default)
2019-10-05 01:01:22,732 [612cac7f-adbd-4c9f-8295-c8fcc0a93bfe@group-3476BD9B3912-LeaderElection36] INFO  impl.LeaderElection (LeaderElection.java:logAndReturn(56)) - 612cac7f-adbd-4c9f-8295-c8fcc0a93bfe@group-3476BD9B3912-LeaderElection36: Election PASSED; received 1 response(s) [612cac7f-adbd-4c9f-8295-c8fcc0a93bfe<-2f18de2d-e164-4d9c-9938-7123010b2f40#0:OK-t1] and 0 exception(s); 612cac7f-adbd-4c9f-8295-c8fcc0a93bfe@group-3476BD9B3912:t1, leader=null, voted=612cac7f-adbd-4c9f-8295-c8fcc0a93bfe, raftlog=612cac7f-adbd-4c9f-8295-c8fcc0a93bfe@group-3476BD9B3912-SegmentedRaftLog:OPENED:c-1,f-1,i0, conf=-1: [612cac7f-adbd-4c9f-8295-c8fcc0a93bfe:192.168.151.100:42952, d80a136d-1766-4220-8826-4519ccdfc503:192.168.151.100:33773, 2f18de2d-e164-4d9c-9938-7123010b2f40:192.168.151.100:44461], old=null
2019-10-05 01:01:22,732 [2f18de2d-e164-4d9c-9938-7123010b2f40@group-29CA09E43386-LeaderElection37] INFO  server.RaftServerConfigKeys (ConfUtils.java:logGet(43)) - raft.server.watch.element-limit = 65536 (default)
2019-10-05 01:01:22,732 [612cac7f-adbd-4c9f-8295-c8fcc0a93bfe@group-3476BD9B3912-LeaderElection36] INFO  impl.RoleInfo (RoleInfo.java:shutdownLeaderElection(134)) - 612cac7f-adbd-4c9f-8295-c8fcc0a93bfe: shutdown LeaderElection
2019-10-05 01:01:22,735 [612cac7f-adbd-4c9f-8295-c8fcc0a93bfe@group-3476BD9B3912-LeaderElection36] INFO  impl.RaftServerImpl (RaftServerImpl.java:setRole(170)) - 612cac7f-adbd-4c9f-8295-c8fcc0a93bfe@group-3476BD9B3912: changes role from CANDIDATE to LEADER at term 1 for changeToLeader
2019-10-05 01:01:22,735 [612cac7f-adbd-4c9f-8295-c8fcc0a93bfe@group-3476BD9B3912-LeaderElection36] INFO  impl.RaftServerImpl (ServerState.java:setLeader(255)) - 612cac7f-adbd-4c9f-8295-c8fcc0a93bfe@group-3476BD9B3912: change Leader from null to 612cac7f-adbd-4c9f-8295-c8fcc0a93bfe at term 1 for becomeLeader, leader elected after 5156ms
2019-10-05 01:01:22,735 [612cac7f-adbd-4c9f-8295-c8fcc0a93bfe@group-3476BD9B3912-LeaderElection36] INFO  server.RaftServerConfigKeys (ConfUtils.java:logGet(43)) - raft.server.staging.catchup.gap = 1000 (default)
2019-10-05 01:01:22,735 [612cac7f-adbd-4c9f-8295-c8fcc0a93bfe@group-3476BD9B3912-LeaderElection36] INFO  server.RaftServerConfigKeys (ConfUtils.java:logGet(43)) - raft.server.rpc.sleep.time = 25ms (default)
2019-10-05 01:01:22,735 [612cac7f-adbd-4c9f-8295-c8fcc0a93bfe@group-3476BD9B3912-LeaderElection36] INFO  server.RaftServerConfigKeys (ConfUtils.java:logGet(43)) - raft.server.write.element-limit = 4096 (default)
2019-10-05 01:01:22,735 [612cac7f-adbd-4c9f-8295-c8fcc0a93bfe@group-3476BD9B3912-LeaderElection36] INFO  server.RaftServerConfigKeys (ConfUtils.java:logGet(43)) - raft.server.watch.timeout = 10s (default)
2019-10-05 01:01:22,735 [612cac7f-adbd-4c9f-8295-c8fcc0a93bfe@group-3476BD9B3912-LeaderElection36] INFO  server.RaftServerConfigKeys (ConfUtils.java:logGet(43)) - raft.server.watch.timeout.denomination = 1s (default)
2019-10-05 01:01:22,735 [612cac7f-adbd-4c9f-8295-c8fcc0a93bfe@group-3476BD9B3912-LeaderElection36] INFO  server.RaftServerConfigKeys (ConfUtils.java:logGet(43)) - raft.server.watch.element-limit = 65536 (default)
2019-10-05 01:01:22,736 [2f18de2d-e164-4d9c-9938-7123010b2f40@group-29CA09E43386-LeaderElection37] INFO  impl.RoleInfo (RoleInfo.java:updateAndGet(143)) - 2f18de2d-e164-4d9c-9938-7123010b2f40: start LeaderState
2019-10-05 01:01:22,736 [2f18de2d-e164-4d9c-9938-7123010b2f40@group-29CA09E43386-LeaderElection37] INFO  segmented.SegmentedRaftLogWorker (SegmentedRaftLogWorker.java:startLogSegment(385)) - 2f18de2d-e164-4d9c-9938-7123010b2f40@group-29CA09E43386-SegmentedRaftLogWorker: Starting segment from index:0
2019-10-05 01:01:22,737 [2f18de2d-e164-4d9c-9938-7123010b2f40@group-29CA09E43386-LeaderElection37] INFO  impl.RaftServerImpl (ServerState.java:setRaftConf(356)) - 2f18de2d-e164-4d9c-9938-7123010b2f40@group-29CA09E43386: set configuration 0: [2f18de2d-e164-4d9c-9938-7123010b2f40:192.168.151.100:44461], old=null at 0
2019-10-05 01:01:22,737 [612cac7f-adbd-4c9f-8295-c8fcc0a93bfe@group-3476BD9B3912-LeaderElection36] INFO  server.RaftServerConfigKeys (ConfUtils.java:logGet(43)) - raft.server.log.appender.snapshot.chunk.size.max = 16MB (=16777216) (default)
2019-10-05 01:01:22,738 [612cac7f-adbd-4c9f-8295-c8fcc0a93bfe@group-3476BD9B3912-LeaderElection36] INFO  server.RaftServerConfigKeys (ConfUtils.java:logGet(43)) - raft.server.log.appender.buffer.byte-limit = 33554432 (custom)
2019-10-05 01:01:22,738 [612cac7f-adbd-4c9f-8295-c8fcc0a93bfe@group-3476BD9B3912-LeaderElection36] INFO  server.RaftServerConfigKeys (ConfUtils.java:logGet(43)) - raft.server.log.appender.buffer.element-limit = 1 (custom)
2019-10-05 01:01:22,738 [612cac7f-adbd-4c9f-8295-c8fcc0a93bfe@group-3476BD9B3912-LeaderElection36] INFO  grpc.GrpcConfigKeys$Server (ConfUtils.java:logGet(43)) - raft.grpc.server.leader.outstanding.appends.max = 128 (default)
2019-10-05 01:01:22,738 [612cac7f-adbd-4c9f-8295-c8fcc0a93bfe@group-3476BD9B3912-LeaderElection36] INFO  server.RaftServerConfigKeys (ConfUtils.java:logGet(43)) - raft.server.rpc.request.timeout = 3000ms (default)
2019-10-05 01:01:22,738 [612cac7f-adbd-4c9f-8295-c8fcc0a93bfe@group-3476BD9B3912-LeaderElection36] INFO  server.RaftServerConfigKeys (ConfUtils.java:logGet(43)) - raft.server.log.appender.install.snapshot.enabled = false (custom)
2019-10-05 01:01:22,739 [612cac7f-adbd-4c9f-8295-c8fcc0a93bfe@group-3476BD9B3912-LeaderElection36] INFO  server.RaftServerConfigKeys (ConfUtils.java:logGet(43)) - raft.server.log.appender.snapshot.chunk.size.max = 16MB (=16777216) (default)
2019-10-05 01:01:22,739 [612cac7f-adbd-4c9f-8295-c8fcc0a93bfe@group-3476BD9B3912-LeaderElection36] INFO  server.RaftServerConfigKeys (ConfUtils.java:logGet(43)) - raft.server.log.appender.buffer.byte-limit = 33554432 (custom)
2019-10-05 01:01:22,739 [612cac7f-adbd-4c9f-8295-c8fcc0a93bfe@group-3476BD9B3912-LeaderElection36] INFO  server.RaftServerConfigKeys (ConfUtils.java:logGet(43)) - raft.server.log.appender.buffer.element-limit = 1 (custom)
2019-10-05 01:01:22,739 [612cac7f-adbd-4c9f-8295-c8fcc0a93bfe@group-3476BD9B3912-LeaderElection36] INFO  grpc.GrpcConfigKeys$Server (ConfUtils.java:logGet(43)) - raft.grpc.server.leader.outstanding.appends.max = 128 (default)
2019-10-05 01:01:22,739 [612cac7f-adbd-4c9f-8295-c8fcc0a93bfe@group-3476BD9B3912-LeaderElection36] INFO  server.RaftServerConfigKeys (ConfUtils.java:logGet(43)) - raft.server.rpc.request.timeout = 3000ms (default)
2019-10-05 01:01:22,739 [612cac7f-adbd-4c9f-8295-c8fcc0a93bfe@group-3476BD9B3912-LeaderElection36] INFO  server.RaftServerConfigKeys (ConfUtils.java:logGet(43)) - raft.server.log.appender.install.snapshot.enabled = false (custom)
2019-10-05 01:01:22,740 [612cac7f-adbd-4c9f-8295-c8fcc0a93bfe@group-3476BD9B3912-LeaderElection36] INFO  impl.RoleInfo (RoleInfo.java:updateAndGet(143)) - 612cac7f-adbd-4c9f-8295-c8fcc0a93bfe: start LeaderState
2019-10-05 01:01:22,740 [612cac7f-adbd-4c9f-8295-c8fcc0a93bfe@group-3476BD9B3912-LeaderElection36] INFO  segmented.SegmentedRaftLogWorker (SegmentedRaftLogWorker.java:startLogSegment(385)) - 612cac7f-adbd-4c9f-8295-c8fcc0a93bfe@group-3476BD9B3912-SegmentedRaftLogWorker: Starting segment from index:0
2019-10-05 01:01:22,741 [612cac7f-adbd-4c9f-8295-c8fcc0a93bfe@group-3476BD9B3912-LeaderElection36] INFO  impl.RaftServerImpl (ServerState.java:setRaftConf(356)) - 612cac7f-adbd-4c9f-8295-c8fcc0a93bfe@group-3476BD9B3912: set configuration 0: [612cac7f-adbd-4c9f-8295-c8fcc0a93bfe:192.168.151.100:42952, d80a136d-1766-4220-8826-4519ccdfc503:192.168.151.100:33773, 2f18de2d-e164-4d9c-9938-7123010b2f40:192.168.151.100:44461], old=null at 0
2019-10-05 01:01:22,780 [grpc-default-executor-5] INFO  impl.RaftServerImpl (ServerState.java:setLeader(255)) - d80a136d-1766-4220-8826-4519ccdfc503@group-3476BD9B3912: change Leader from null to 612cac7f-adbd-4c9f-8295-c8fcc0a93bfe at term 1 for appendEntries, leader elected after 5202ms
2019-10-05 01:01:22,781 [Thread-1438] INFO  impl.FollowerState (FollowerState.java:run(108)) - a60d7144-4688-4b4d-96ce-8f0ae19fef7e@group-E73E80305935-FollowerState: change to CANDIDATE, lastRpcTime:5115ms, electionTimeout:5098ms
2019-10-05 01:01:22,781 [Thread-1438] INFO  impl.RoleInfo (RoleInfo.java:shutdownFollowerState(121)) - a60d7144-4688-4b4d-96ce-8f0ae19fef7e: shutdown FollowerState
2019-10-05 01:01:22,781 [Thread-1438] INFO  impl.RaftServerImpl (RaftServerImpl.java:setRole(170)) - a60d7144-4688-4b4d-96ce-8f0ae19fef7e@group-E73E80305935: changes role from  FOLLOWER to CANDIDATE at term 0 for changeToCandidate
2019-10-05 01:01:22,781 [Thread-1438] INFO  impl.RoleInfo (RoleInfo.java:updateAndGet(143)) - a60d7144-4688-4b4d-96ce-8f0ae19fef7e: start LeaderElection
2019-10-05 01:01:22,784 [grpc-default-executor-2] INFO  impl.RaftServerImpl (ServerState.java:setLeader(255)) - 2f18de2d-e164-4d9c-9938-7123010b2f40@group-3476BD9B3912: change Leader from null to 612cac7f-adbd-4c9f-8295-c8fcc0a93bfe at term 1 for appendEntries, leader elected after 5205ms
2019-10-05 01:01:22,781 [Thread-1441] INFO  impl.FollowerState (FollowerState.java:run(108)) - 4947cbd9-7abb-4fea-9147-46b9ac561e28@group-20D8861F08E5-FollowerState: change to CANDIDATE, lastRpcTime:5062ms, electionTimeout:5031ms
2019-10-05 01:01:22,792 [Thread-1441] INFO  impl.RoleInfo (RoleInfo.java:shutdownFollowerState(121)) - 4947cbd9-7abb-4fea-9147-46b9ac561e28: shutdown FollowerState
2019-10-05 01:01:22,792 [Thread-1441] INFO  impl.RaftServerImpl (RaftServerImpl.java:setRole(170)) - 4947cbd9-7abb-4fea-9147-46b9ac561e28@group-20D8861F08E5: changes role from  FOLLOWER to CANDIDATE at term 0 for changeToCandidate
2019-10-05 01:01:22,792 [Thread-1441] INFO  impl.RoleInfo (RoleInfo.java:updateAndGet(143)) - 4947cbd9-7abb-4fea-9147-46b9ac561e28: start LeaderElection
2019-10-05 01:01:22,794 [2f18de2d-e164-4d9c-9938-7123010b2f40@group-29CA09E43386-SegmentedRaftLogWorker] INFO  segmented.SegmentedRaftLogWorker (SegmentedRaftLogWorker.java:execute(574)) - 2f18de2d-e164-4d9c-9938-7123010b2f40@group-29CA09E43386-SegmentedRaftLogWorker: created new log segment /workdir/hadoop-ozone/integration-test/target/test-dir/MiniOzoneClusterImpl-7905150a-9adf-4c87-99b9-461f1d79c63b/datanode-2/data/ratis/955924c3-13e5-42ec-ae88-29ca09e43386/current/log_inprogress_0
2019-10-05 01:01:22,794 [612cac7f-adbd-4c9f-8295-c8fcc0a93bfe@group-3476BD9B3912-SegmentedRaftLogWorker] INFO  segmented.SegmentedRaftLogWorker (SegmentedRaftLogWorker.java:execute(574)) - 612cac7f-adbd-4c9f-8295-c8fcc0a93bfe@group-3476BD9B3912-SegmentedRaftLogWorker: created new log segment /workdir/hadoop-ozone/integration-test/target/test-dir/MiniOzoneClusterImpl-7905150a-9adf-4c87-99b9-461f1d79c63b/datanode-1/data/ratis/402513d2-0621-4ccb-aa1d-3476bd9b3912/current/log_inprogress_0
2019-10-05 01:01:22,801 [grpc-default-executor-5] INFO  impl.RaftServerImpl (ServerState.java:setRaftConf(356)) - d80a136d-1766-4220-8826-4519ccdfc503@group-3476BD9B3912: set configuration 0: [612cac7f-adbd-4c9f-8295-c8fcc0a93bfe:192.168.151.100:42952, d80a136d-1766-4220-8826-4519ccdfc503:192.168.151.100:33773, 2f18de2d-e164-4d9c-9938-7123010b2f40:192.168.151.100:44461], old=null at 0
2019-10-05 01:01:22,801 [grpc-default-executor-5] INFO  segmented.SegmentedRaftLogWorker (SegmentedRaftLogWorker.java:startLogSegment(385)) - d80a136d-1766-4220-8826-4519ccdfc503@group-3476BD9B3912-SegmentedRaftLogWorker: Starting segment from index:0
2019-10-05 01:01:22,801 [grpc-default-executor-2] INFO  impl.RaftServerImpl (ServerState.java:setRaftConf(356)) - 2f18de2d-e164-4d9c-9938-7123010b2f40@group-3476BD9B3912: set configuration 0: [612cac7f-adbd-4c9f-8295-c8fcc0a93bfe:192.168.151.100:42952, d80a136d-1766-4220-8826-4519ccdfc503:192.168.151.100:33773, 2f18de2d-e164-4d9c-9938-7123010b2f40:192.168.151.100:44461], old=null at 0
2019-10-05 01:01:22,802 [grpc-default-executor-2] INFO  segmented.SegmentedRaftLogWorker (SegmentedRaftLogWorker.java:startLogSegment(385)) - 2f18de2d-e164-4d9c-9938-7123010b2f40@group-3476BD9B3912-SegmentedRaftLogWorker: Starting segment from index:0
2019-10-05 01:01:22,813 [a60d7144-4688-4b4d-96ce-8f0ae19fef7e@group-E73E80305935-LeaderElection38] INFO  impl.LeaderElection (LeaderElection.java:askForVotes(178)) - a60d7144-4688-4b4d-96ce-8f0ae19fef7e@group-E73E80305935-LeaderElection38: begin an election at term 1 for -1: [a60d7144-4688-4b4d-96ce-8f0ae19fef7e:192.168.151.100:35461], old=null
2019-10-05 01:01:22,813 [4947cbd9-7abb-4fea-9147-46b9ac561e28@group-20D8861F08E5-LeaderElection39] INFO  impl.LeaderElection (LeaderElection.java:askForVotes(178)) - 4947cbd9-7abb-4fea-9147-46b9ac561e28@group-20D8861F08E5-LeaderElection39: begin an election at term 1 for -1: [4947cbd9-7abb-4fea-9147-46b9ac561e28:192.168.151.100:42091], old=null
2019-10-05 01:01:22,813 [a60d7144-4688-4b4d-96ce-8f0ae19fef7e@group-E73E80305935-LeaderElection38] INFO  impl.RoleInfo (RoleInfo.java:shutdownLeaderElection(134)) - a60d7144-4688-4b4d-96ce-8f0ae19fef7e: shutdown LeaderElection
2019-10-05 01:01:22,813 [4947cbd9-7abb-4fea-9147-46b9ac561e28@group-20D8861F08E5-LeaderElection39] INFO  impl.RoleInfo (RoleInfo.java:shutdownLeaderElection(134)) - 4947cbd9-7abb-4fea-9147-46b9ac561e28: shutdown LeaderElection
2019-10-05 01:01:22,813 [a60d7144-4688-4b4d-96ce-8f0ae19fef7e@group-E73E80305935-LeaderElection38] INFO  impl.RaftServerImpl (RaftServerImpl.java:setRole(170)) - a60d7144-4688-4b4d-96ce-8f0ae19fef7e@group-E73E80305935: changes role from CANDIDATE to LEADER at term 1 for changeToLeader
2019-10-05 01:01:22,813 [4947cbd9-7abb-4fea-9147-46b9ac561e28@group-20D8861F08E5-LeaderElection39] INFO  impl.RaftServerImpl (RaftServerImpl.java:setRole(170)) - 4947cbd9-7abb-4fea-9147-46b9ac561e28@group-20D8861F08E5: changes role from CANDIDATE to LEADER at term 1 for changeToLeader
2019-10-05 01:01:22,813 [a60d7144-4688-4b4d-96ce-8f0ae19fef7e@group-E73E80305935-LeaderElection38] INFO  impl.RaftServerImpl (ServerState.java:setLeader(255)) - a60d7144-4688-4b4d-96ce-8f0ae19fef7e@group-E73E80305935: change Leader from null to a60d7144-4688-4b4d-96ce-8f0ae19fef7e at term 1 for becomeLeader, leader elected after 5154ms
2019-10-05 01:01:22,813 [4947cbd9-7abb-4fea-9147-46b9ac561e28@group-20D8861F08E5-LeaderElection39] INFO  impl.RaftServerImpl (ServerState.java:setLeader(255)) - 4947cbd9-7abb-4fea-9147-46b9ac561e28@group-20D8861F08E5: change Leader from null to 4947cbd9-7abb-4fea-9147-46b9ac561e28 at term 1 for becomeLeader, leader elected after 5100ms
2019-10-05 01:01:22,833 [Thread-1444] INFO  impl.FollowerState (FollowerState.java:run(108)) - d9b343b5-4ab3-4a29-b9db-d78a0ddac86d@group-EF17E38FE3BE-FollowerState: change to CANDIDATE, lastRpcTime:5055ms, electionTimeout:5047ms
2019-10-05 01:01:22,833 [a60d7144-4688-4b4d-96ce-8f0ae19fef7e@group-E73E80305935-LeaderElection38] INFO  server.RaftServerConfigKeys (ConfUtils.java:logGet(43)) - raft.server.staging.catchup.gap = 1000 (default)
2019-10-05 01:01:22,836 [Thread-1444] INFO  impl.RoleInfo (RoleInfo.java:shutdownFollowerState(121)) - d9b343b5-4ab3-4a29-b9db-d78a0ddac86d: shutdown FollowerState
2019-10-05 01:01:22,835 [4947cbd9-7abb-4fea-9147-46b9ac561e28@group-20D8861F08E5-LeaderElection39] INFO  server.RaftServerConfigKeys (ConfUtils.java:logGet(43)) - raft.server.staging.catchup.gap = 1000 (default)
2019-10-05 01:01:22,836 [Thread-1444] INFO  impl.RaftServerImpl (RaftServerImpl.java:setRole(170)) - d9b343b5-4ab3-4a29-b9db-d78a0ddac86d@group-EF17E38FE3BE: changes role from  FOLLOWER to CANDIDATE at term 0 for changeToCandidate
2019-10-05 01:01:22,836 [a60d7144-4688-4b4d-96ce-8f0ae19fef7e@group-E73E80305935-LeaderElection38] INFO  server.RaftServerConfigKeys (ConfUtils.java:logGet(43)) - raft.server.rpc.sleep.time = 25ms (default)
2019-10-05 01:01:22,836 [Thread-1444] INFO  impl.RoleInfo (RoleInfo.java:updateAndGet(143)) - d9b343b5-4ab3-4a29-b9db-d78a0ddac86d: start LeaderElection
2019-10-05 01:01:22,836 [4947cbd9-7abb-4fea-9147-46b9ac561e28@group-20D8861F08E5-LeaderElection39] INFO  server.RaftServerConfigKeys (ConfUtils.java:logGet(43)) - raft.server.rpc.sleep.time = 25ms (default)
2019-10-05 01:01:22,836 [a60d7144-4688-4b4d-96ce-8f0ae19fef7e@group-E73E80305935-LeaderElection38] INFO  server.RaftServerConfigKeys (ConfUtils.java:logGet(43)) - raft.server.write.element-limit = 4096 (default)
2019-10-05 01:01:22,841 [4947cbd9-7abb-4fea-9147-46b9ac561e28@group-20D8861F08E5-LeaderElection39] INFO  server.RaftServerConfigKeys (ConfUtils.java:logGet(43)) - raft.server.write.element-limit = 4096 (default)
2019-10-05 01:01:22,841 [a60d7144-4688-4b4d-96ce-8f0ae19fef7e@group-E73E80305935-LeaderElection38] INFO  server.RaftServerConfigKeys (ConfUtils.java:logGet(43)) - raft.server.watch.timeout = 10s (default)
2019-10-05 01:01:22,842 [4947cbd9-7abb-4fea-9147-46b9ac561e28@group-20D8861F08E5-LeaderElection39] INFO  server.RaftServerConfigKeys (ConfUtils.java:logGet(43)) - raft.server.watch.timeout = 10s (default)
2019-10-05 01:01:22,842 [a60d7144-4688-4b4d-96ce-8f0ae19fef7e@group-E73E80305935-LeaderElection38] INFO  server.RaftServerConfigKeys (ConfUtils.java:logGet(43)) - raft.server.watch.timeout.denomination = 1s (default)
2019-10-05 01:01:22,842 [4947cbd9-7abb-4fea-9147-46b9ac561e28@group-20D8861F08E5-LeaderElection39] INFO  server.RaftServerConfigKeys (ConfUtils.java:logGet(43)) - raft.server.watch.timeout.denomination = 1s (default)
2019-10-05 01:01:22,842 [a60d7144-4688-4b4d-96ce-8f0ae19fef7e@group-E73E80305935-LeaderElection38] INFO  server.RaftServerConfigKeys (ConfUtils.java:logGet(43)) - raft.server.watch.element-limit = 65536 (default)
2019-10-05 01:01:22,842 [4947cbd9-7abb-4fea-9147-46b9ac561e28@group-20D8861F08E5-LeaderElection39] INFO  server.RaftServerConfigKeys (ConfUtils.java:logGet(43)) - raft.server.watch.element-limit = 65536 (default)
2019-10-05 01:01:22,845 [a60d7144-4688-4b4d-96ce-8f0ae19fef7e@group-E73E80305935-LeaderElection38] INFO  impl.RoleInfo (RoleInfo.java:updateAndGet(143)) - a60d7144-4688-4b4d-96ce-8f0ae19fef7e: start LeaderState
2019-10-05 01:01:22,846 [4947cbd9-7abb-4fea-9147-46b9ac561e28@group-20D8861F08E5-LeaderElection39] INFO  impl.RoleInfo (RoleInfo.java:updateAndGet(143)) - 4947cbd9-7abb-4fea-9147-46b9ac561e28: start LeaderState
2019-10-05 01:01:22,846 [a60d7144-4688-4b4d-96ce-8f0ae19fef7e@group-E73E80305935-LeaderElection38] INFO  segmented.SegmentedRaftLogWorker (SegmentedRaftLogWorker.java:startLogSegment(385)) - a60d7144-4688-4b4d-96ce-8f0ae19fef7e@group-E73E80305935-SegmentedRaftLogWorker: Starting segment from index:0
2019-10-05 01:01:22,846 [4947cbd9-7abb-4fea-9147-46b9ac561e28@group-20D8861F08E5-LeaderElection39] INFO  segmented.SegmentedRaftLogWorker (SegmentedRaftLogWorker.java:startLogSegment(385)) - 4947cbd9-7abb-4fea-9147-46b9ac561e28@group-20D8861F08E5-SegmentedRaftLogWorker: Starting segment from index:0
2019-10-05 01:01:22,846 [2f18de2d-e164-4d9c-9938-7123010b2f40@group-3476BD9B3912-SegmentedRaftLogWorker] INFO  segmented.SegmentedRaftLogWorker (SegmentedRaftLogWorker.java:execute(574)) - 2f18de2d-e164-4d9c-9938-7123010b2f40@group-3476BD9B3912-SegmentedRaftLogWorker: created new log segment /workdir/hadoop-ozone/integration-test/target/test-dir/MiniOzoneClusterImpl-7905150a-9adf-4c87-99b9-461f1d79c63b/datanode-2/data/ratis/402513d2-0621-4ccb-aa1d-3476bd9b3912/current/log_inprogress_0
2019-10-05 01:01:22,846 [4947cbd9-7abb-4fea-9147-46b9ac561e28@group-20D8861F08E5-LeaderElection39] INFO  impl.RaftServerImpl (ServerState.java:setRaftConf(356)) - 4947cbd9-7abb-4fea-9147-46b9ac561e28@group-20D8861F08E5: set configuration 0: [4947cbd9-7abb-4fea-9147-46b9ac561e28:192.168.151.100:42091], old=null at 0
2019-10-05 01:01:22,846 [d80a136d-1766-4220-8826-4519ccdfc503@group-3476BD9B3912-SegmentedRaftLogWorker] INFO  segmented.SegmentedRaftLogWorker (SegmentedRaftLogWorker.java:execute(574)) - d80a136d-1766-4220-8826-4519ccdfc503@group-3476BD9B3912-SegmentedRaftLogWorker: created new log segment /workdir/hadoop-ozone/integration-test/target/test-dir/MiniOzoneClusterImpl-7905150a-9adf-4c87-99b9-461f1d79c63b/datanode-0/data/ratis/402513d2-0621-4ccb-aa1d-3476bd9b3912/current/log_inprogress_0
2019-10-05 01:01:22,846 [a60d7144-4688-4b4d-96ce-8f0ae19fef7e@group-E73E80305935-LeaderElection38] INFO  impl.RaftServerImpl (ServerState.java:setRaftConf(356)) - a60d7144-4688-4b4d-96ce-8f0ae19fef7e@group-E73E80305935: set configuration 0: [a60d7144-4688-4b4d-96ce-8f0ae19fef7e:192.168.151.100:35461], old=null at 0
2019-10-05 01:01:22,846 [d9b343b5-4ab3-4a29-b9db-d78a0ddac86d@group-EF17E38FE3BE-LeaderElection40] INFO  impl.LeaderElection (LeaderElection.java:askForVotes(178)) - d9b343b5-4ab3-4a29-b9db-d78a0ddac86d@group-EF17E38FE3BE-LeaderElection40: begin an election at term 1 for -1: [d9b343b5-4ab3-4a29-b9db-d78a0ddac86d:192.168.151.100:43958], old=null
2019-10-05 01:01:22,847 [d9b343b5-4ab3-4a29-b9db-d78a0ddac86d@group-EF17E38FE3BE-LeaderElection40] INFO  impl.RoleInfo (RoleInfo.java:shutdownLeaderElection(134)) - d9b343b5-4ab3-4a29-b9db-d78a0ddac86d: shutdown LeaderElection
2019-10-05 01:01:22,847 [d9b343b5-4ab3-4a29-b9db-d78a0ddac86d@group-EF17E38FE3BE-LeaderElection40] INFO  impl.RaftServerImpl (RaftServerImpl.java:setRole(170)) - d9b343b5-4ab3-4a29-b9db-d78a0ddac86d@group-EF17E38FE3BE: changes role from CANDIDATE to LEADER at term 1 for changeToLeader
2019-10-05 01:01:22,847 [d9b343b5-4ab3-4a29-b9db-d78a0ddac86d@group-EF17E38FE3BE-LeaderElection40] INFO  impl.RaftServerImpl (ServerState.java:setLeader(255)) - d9b343b5-4ab3-4a29-b9db-d78a0ddac86d@group-EF17E38FE3BE: change Leader from null to d9b343b5-4ab3-4a29-b9db-d78a0ddac86d at term 1 for becomeLeader, leader elected after 5074ms
2019-10-05 01:01:22,882 [d9b343b5-4ab3-4a29-b9db-d78a0ddac86d@group-EF17E38FE3BE-LeaderElection40] INFO  server.RaftServerConfigKeys (ConfUtils.java:logGet(43)) - raft.server.staging.catchup.gap = 1000 (default)
2019-10-05 01:01:22,883 [d9b343b5-4ab3-4a29-b9db-d78a0ddac86d@group-EF17E38FE3BE-LeaderElection40] INFO  server.RaftServerConfigKeys (ConfUtils.java:logGet(43)) - raft.server.rpc.sleep.time = 25ms (default)
2019-10-05 01:01:22,883 [d9b343b5-4ab3-4a29-b9db-d78a0ddac86d@group-EF17E38FE3BE-LeaderElection40] INFO  server.RaftServerConfigKeys (ConfUtils.java:logGet(43)) - raft.server.write.element-limit = 4096 (default)
2019-10-05 01:01:22,883 [d9b343b5-4ab3-4a29-b9db-d78a0ddac86d@group-EF17E38FE3BE-LeaderElection40] INFO  server.RaftServerConfigKeys (ConfUtils.java:logGet(43)) - raft.server.watch.timeout = 10s (default)
2019-10-05 01:01:22,883 [d9b343b5-4ab3-4a29-b9db-d78a0ddac86d@group-EF17E38FE3BE-LeaderElection40] INFO  server.RaftServerConfigKeys (ConfUtils.java:logGet(43)) - raft.server.watch.timeout.denomination = 1s (default)
2019-10-05 01:01:22,884 [d9b343b5-4ab3-4a29-b9db-d78a0ddac86d@group-EF17E38FE3BE-LeaderElection40] INFO  server.RaftServerConfigKeys (ConfUtils.java:logGet(43)) - raft.server.watch.element-limit = 65536 (default)
2019-10-05 01:01:22,886 [d9b343b5-4ab3-4a29-b9db-d78a0ddac86d@group-EF17E38FE3BE-LeaderElection40] INFO  impl.RoleInfo (RoleInfo.java:updateAndGet(143)) - d9b343b5-4ab3-4a29-b9db-d78a0ddac86d: start LeaderState
2019-10-05 01:01:22,886 [d9b343b5-4ab3-4a29-b9db-d78a0ddac86d@group-EF17E38FE3BE-LeaderElection40] INFO  segmented.SegmentedRaftLogWorker (SegmentedRaftLogWorker.java:startLogSegment(385)) - d9b343b5-4ab3-4a29-b9db-d78a0ddac86d@group-EF17E38FE3BE-SegmentedRaftLogWorker: Starting segment from index:0
2019-10-05 01:01:22,887 [d9b343b5-4ab3-4a29-b9db-d78a0ddac86d@group-EF17E38FE3BE-LeaderElection40] INFO  impl.RaftServerImpl (ServerState.java:setRaftConf(356)) - d9b343b5-4ab3-4a29-b9db-d78a0ddac86d@group-EF17E38FE3BE: set configuration 0: [d9b343b5-4ab3-4a29-b9db-d78a0ddac86d:192.168.151.100:43958], old=null at 0
2019-10-05 01:01:22,895 [4947cbd9-7abb-4fea-9147-46b9ac561e28@group-20D8861F08E5-SegmentedRaftLogWorker] INFO  segmented.SegmentedRaftLogWorker (SegmentedRaftLogWorker.java:execute(574)) - 4947cbd9-7abb-4fea-9147-46b9ac561e28@group-20D8861F08E5-SegmentedRaftLogWorker: created new log segment /workdir/hadoop-ozone/integration-test/target/test-dir/MiniOzoneClusterImpl-7905150a-9adf-4c87-99b9-461f1d79c63b/datanode-4/data/ratis/03ad68aa-ca39-4155-9757-20d8861f08e5/current/log_inprogress_0
2019-10-05 01:01:22,895 [a60d7144-4688-4b4d-96ce-8f0ae19fef7e@group-E73E80305935-SegmentedRaftLogWorker] INFO  segmented.SegmentedRaftLogWorker (SegmentedRaftLogWorker.java:execute(574)) - a60d7144-4688-4b4d-96ce-8f0ae19fef7e@group-E73E80305935-SegmentedRaftLogWorker: created new log segment /workdir/hadoop-ozone/integration-test/target/test-dir/MiniOzoneClusterImpl-7905150a-9adf-4c87-99b9-461f1d79c63b/datanode-3/data/ratis/ef8adf9a-c7e9-44b8-994b-e73e80305935/current/log_inprogress_0
2019-10-05 01:01:22,913 [Thread-1454] INFO  impl.FollowerState (FollowerState.java:run(108)) - a60d7144-4688-4b4d-96ce-8f0ae19fef7e@group-48F58450D15A-FollowerState: change to CANDIDATE, lastRpcTime:5015ms, electionTimeout:5015ms
2019-10-05 01:01:22,913 [Thread-1454] INFO  impl.RoleInfo (RoleInfo.java:shutdownFollowerState(121)) - a60d7144-4688-4b4d-96ce-8f0ae19fef7e: shutdown FollowerState
2019-10-05 01:01:22,913 [Thread-1454] INFO  impl.RaftServerImpl (RaftServerImpl.java:setRole(170)) - a60d7144-4688-4b4d-96ce-8f0ae19fef7e@group-48F58450D15A: changes role from  FOLLOWER to CANDIDATE at term 0 for changeToCandidate
2019-10-05 01:01:22,913 [Thread-1454] INFO  impl.RoleInfo (RoleInfo.java:updateAndGet(143)) - a60d7144-4688-4b4d-96ce-8f0ae19fef7e: start LeaderElection
2019-10-05 01:01:22,924 [d9b343b5-4ab3-4a29-b9db-d78a0ddac86d@group-EF17E38FE3BE-SegmentedRaftLogWorker] INFO  segmented.SegmentedRaftLogWorker (SegmentedRaftLogWorker.java:execute(574)) - d9b343b5-4ab3-4a29-b9db-d78a0ddac86d@group-EF17E38FE3BE-SegmentedRaftLogWorker: created new log segment /workdir/hadoop-ozone/integration-test/target/test-dir/MiniOzoneClusterImpl-7905150a-9adf-4c87-99b9-461f1d79c63b/datanode-5/data/ratis/2b5e2765-7c01-4f20-bdbf-ef17e38fe3be/current/log_inprogress_0
2019-10-05 01:01:22,924 [a60d7144-4688-4b4d-96ce-8f0ae19fef7e@group-48F58450D15A-LeaderElection41] INFO  impl.LeaderElection (LeaderElection.java:askForVotes(178)) - a60d7144-4688-4b4d-96ce-8f0ae19fef7e@group-48F58450D15A-LeaderElection41: begin an election at term 1 for -1: [d9b343b5-4ab3-4a29-b9db-d78a0ddac86d:192.168.151.100:43958, 71f96e8e-43c2-466c-8e4a-98c3a02080f0:192.168.151.100:44400, a60d7144-4688-4b4d-96ce-8f0ae19fef7e:192.168.151.100:35461], old=null
2019-10-05 01:01:22,940 [grpc-default-executor-2] INFO  impl.RaftServerImpl (RaftServerImpl.java:setRole(170)) - d9b343b5-4ab3-4a29-b9db-d78a0ddac86d@group-48F58450D15A: changes role from  FOLLOWER to FOLLOWER at term 1 for recognizeCandidate:a60d7144-4688-4b4d-96ce-8f0ae19fef7e
2019-10-05 01:01:22,940 [grpc-default-executor-5] INFO  impl.RaftServerImpl (RaftServerImpl.java:setRole(170)) - 71f96e8e-43c2-466c-8e4a-98c3a02080f0@group-48F58450D15A: changes role from  FOLLOWER to FOLLOWER at term 1 for recognizeCandidate:a60d7144-4688-4b4d-96ce-8f0ae19fef7e
2019-10-05 01:01:22,940 [grpc-default-executor-2] INFO  impl.RoleInfo (RoleInfo.java:shutdownFollowerState(121)) - d9b343b5-4ab3-4a29-b9db-d78a0ddac86d: shutdown FollowerState
2019-10-05 01:01:22,940 [grpc-default-executor-5] INFO  impl.RoleInfo (RoleInfo.java:shutdownFollowerState(121)) - 71f96e8e-43c2-466c-8e4a-98c3a02080f0: shutdown FollowerState
2019-10-05 01:01:22,941 [grpc-default-executor-2] INFO  impl.RoleInfo (RoleInfo.java:updateAndGet(143)) - d9b343b5-4ab3-4a29-b9db-d78a0ddac86d: start FollowerState
2019-10-05 01:01:22,941 [Thread-1453] INFO  impl.FollowerState (FollowerState.java:run(117)) - d9b343b5-4ab3-4a29-b9db-d78a0ddac86d@group-48F58450D15A-FollowerState was interrupted: java.lang.InterruptedException: sleep interrupted
2019-10-05 01:01:22,941 [grpc-default-executor-5] INFO  impl.RoleInfo (RoleInfo.java:updateAndGet(143)) - 71f96e8e-43c2-466c-8e4a-98c3a02080f0: start FollowerState
2019-10-05 01:01:22,941 [Thread-1451] INFO  impl.FollowerState (FollowerState.java:run(117)) - 71f96e8e-43c2-466c-8e4a-98c3a02080f0@group-48F58450D15A-FollowerState was interrupted: java.lang.InterruptedException: sleep interrupted
2019-10-05 01:01:22,958 [a60d7144-4688-4b4d-96ce-8f0ae19fef7e@group-48F58450D15A-LeaderElection41] INFO  impl.LeaderElection (LeaderElection.java:logAndReturn(56)) - a60d7144-4688-4b4d-96ce-8f0ae19fef7e@group-48F58450D15A-LeaderElection41: Election PASSED; received 1 response(s) [a60d7144-4688-4b4d-96ce-8f0ae19fef7e<-d9b343b5-4ab3-4a29-b9db-d78a0ddac86d#0:OK-t1] and 0 exception(s); a60d7144-4688-4b4d-96ce-8f0ae19fef7e@group-48F58450D15A:t1, leader=null, voted=a60d7144-4688-4b4d-96ce-8f0ae19fef7e, raftlog=a60d7144-4688-4b4d-96ce-8f0ae19fef7e@group-48F58450D15A-SegmentedRaftLog:OPENED:c-1,f-1,i0, conf=-1: [d9b343b5-4ab3-4a29-b9db-d78a0ddac86d:192.168.151.100:43958, 71f96e8e-43c2-466c-8e4a-98c3a02080f0:192.168.151.100:44400, a60d7144-4688-4b4d-96ce-8f0ae19fef7e:192.168.151.100:35461], old=null
2019-10-05 01:01:22,959 [a60d7144-4688-4b4d-96ce-8f0ae19fef7e@group-48F58450D15A-LeaderElection41] INFO  impl.RoleInfo (RoleInfo.java:shutdownLeaderElection(134)) - a60d7144-4688-4b4d-96ce-8f0ae19fef7e: shutdown LeaderElection
2019-10-05 01:01:22,959 [a60d7144-4688-4b4d-96ce-8f0ae19fef7e@group-48F58450D15A-LeaderElection41] INFO  impl.RaftServerImpl (RaftServerImpl.java:setRole(170)) - a60d7144-4688-4b4d-96ce-8f0ae19fef7e@group-48F58450D15A: changes role from CANDIDATE to LEADER at term 1 for changeToLeader
2019-10-05 01:01:22,959 [a60d7144-4688-4b4d-96ce-8f0ae19fef7e@group-48F58450D15A-LeaderElection41] INFO  impl.RaftServerImpl (ServerState.java:setLeader(255)) - a60d7144-4688-4b4d-96ce-8f0ae19fef7e@group-48F58450D15A: change Leader from null to a60d7144-4688-4b4d-96ce-8f0ae19fef7e at term 1 for becomeLeader, leader elected after 5073ms
2019-10-05 01:01:22,959 [a60d7144-4688-4b4d-96ce-8f0ae19fef7e@group-48F58450D15A-LeaderElection41] INFO  server.RaftServerConfigKeys (ConfUtils.java:logGet(43)) - raft.server.staging.catchup.gap = 1000 (default)
2019-10-05 01:01:22,959 [a60d7144-4688-4b4d-96ce-8f0ae19fef7e@group-48F58450D15A-LeaderElection41] INFO  server.RaftServerConfigKeys (ConfUtils.java:logGet(43)) - raft.server.rpc.sleep.time = 25ms (default)
2019-10-05 01:01:22,960 [a60d7144-4688-4b4d-96ce-8f0ae19fef7e@group-48F58450D15A-LeaderElection41] INFO  server.RaftServerConfigKeys (ConfUtils.java:logGet(43)) - raft.server.write.element-limit = 4096 (default)
2019-10-05 01:01:22,960 [a60d7144-4688-4b4d-96ce-8f0ae19fef7e@group-48F58450D15A-LeaderElection41] INFO  server.RaftServerConfigKeys (ConfUtils.java:logGet(43)) - raft.server.watch.timeout = 10s (default)
2019-10-05 01:01:22,960 [a60d7144-4688-4b4d-96ce-8f0ae19fef7e@group-48F58450D15A-LeaderElection41] INFO  server.RaftServerConfigKeys (ConfUtils.java:logGet(43)) - raft.server.watch.timeout.denomination = 1s (default)
2019-10-05 01:01:22,960 [a60d7144-4688-4b4d-96ce-8f0ae19fef7e@group-48F58450D15A-LeaderElection41] INFO  server.RaftServerConfigKeys (ConfUtils.java:logGet(43)) - raft.server.watch.element-limit = 65536 (default)
2019-10-05 01:01:22,961 [Thread-1447] INFO  impl.FollowerState (FollowerState.java:run(108)) - 71f96e8e-43c2-466c-8e4a-98c3a02080f0@group-2532283E1988-FollowerState: change to CANDIDATE, lastRpcTime:5133ms, electionTimeout:5133ms
2019-10-05 01:01:22,963 [Thread-1447] INFO  impl.RoleInfo (RoleInfo.java:shutdownFollowerState(121)) - 71f96e8e-43c2-466c-8e4a-98c3a02080f0: shutdown FollowerState
2019-10-05 01:01:22,963 [Thread-1447] INFO  impl.RaftServerImpl (RaftServerImpl.java:setRole(170)) - 71f96e8e-43c2-466c-8e4a-98c3a02080f0@group-2532283E1988: changes role from  FOLLOWER to CANDIDATE at term 0 for changeToCandidate
2019-10-05 01:01:22,963 [a60d7144-4688-4b4d-96ce-8f0ae19fef7e@group-48F58450D15A-LeaderElection41] INFO  server.RaftServerConfigKeys (ConfUtils.java:logGet(43)) - raft.server.log.appender.snapshot.chunk.size.max = 16MB (=16777216) (default)
2019-10-05 01:01:22,963 [Thread-1447] INFO  impl.RoleInfo (RoleInfo.java:updateAndGet(143)) - 71f96e8e-43c2-466c-8e4a-98c3a02080f0: start LeaderElection
2019-10-05 01:01:22,964 [a60d7144-4688-4b4d-96ce-8f0ae19fef7e@group-48F58450D15A-LeaderElection41] INFO  server.RaftServerConfigKeys (ConfUtils.java:logGet(43)) - raft.server.log.appender.buffer.byte-limit = 33554432 (custom)
2019-10-05 01:01:22,965 [a60d7144-4688-4b4d-96ce-8f0ae19fef7e@group-48F58450D15A-LeaderElection41] INFO  server.RaftServerConfigKeys (ConfUtils.java:logGet(43)) - raft.server.log.appender.buffer.element-limit = 1 (custom)
2019-10-05 01:01:22,969 [a60d7144-4688-4b4d-96ce-8f0ae19fef7e@group-48F58450D15A-LeaderElection41] INFO  grpc.GrpcConfigKeys$Server (ConfUtils.java:logGet(43)) - raft.grpc.server.leader.outstanding.appends.max = 128 (default)
2019-10-05 01:01:22,969 [a60d7144-4688-4b4d-96ce-8f0ae19fef7e@group-48F58450D15A-LeaderElection41] INFO  server.RaftServerConfigKeys (ConfUtils.java:logGet(43)) - raft.server.rpc.request.timeout = 3000ms (default)
2019-10-05 01:01:22,969 [a60d7144-4688-4b4d-96ce-8f0ae19fef7e@group-48F58450D15A-LeaderElection41] INFO  server.RaftServerConfigKeys (ConfUtils.java:logGet(43)) - raft.server.log.appender.install.snapshot.enabled = false (custom)
2019-10-05 01:01:22,969 [a60d7144-4688-4b4d-96ce-8f0ae19fef7e@group-48F58450D15A-LeaderElection41] INFO  server.RaftServerConfigKeys (ConfUtils.java:logGet(43)) - raft.server.log.appender.snapshot.chunk.size.max = 16MB (=16777216) (default)
2019-10-05 01:01:22,969 [a60d7144-4688-4b4d-96ce-8f0ae19fef7e@group-48F58450D15A-LeaderElection41] INFO  server.RaftServerConfigKeys (ConfUtils.java:logGet(43)) - raft.server.log.appender.buffer.byte-limit = 33554432 (custom)
2019-10-05 01:01:22,969 [a60d7144-4688-4b4d-96ce-8f0ae19fef7e@group-48F58450D15A-LeaderElection41] INFO  server.RaftServerConfigKeys (ConfUtils.java:logGet(43)) - raft.server.log.appender.buffer.element-limit = 1 (custom)
2019-10-05 01:01:22,969 [a60d7144-4688-4b4d-96ce-8f0ae19fef7e@group-48F58450D15A-LeaderElection41] INFO  grpc.GrpcConfigKeys$Server (ConfUtils.java:logGet(43)) - raft.grpc.server.leader.outstanding.appends.max = 128 (default)
2019-10-05 01:01:22,969 [a60d7144-4688-4b4d-96ce-8f0ae19fef7e@group-48F58450D15A-LeaderElection41] INFO  server.RaftServerConfigKeys (ConfUtils.java:logGet(43)) - raft.server.rpc.request.timeout = 3000ms (default)
2019-10-05 01:01:22,970 [a60d7144-4688-4b4d-96ce-8f0ae19fef7e@group-48F58450D15A-LeaderElection41] INFO  server.RaftServerConfigKeys (ConfUtils.java:logGet(43)) - raft.server.log.appender.install.snapshot.enabled = false (custom)
2019-10-05 01:01:22,970 [a60d7144-4688-4b4d-96ce-8f0ae19fef7e@group-48F58450D15A-LeaderElection41] INFO  impl.RoleInfo (RoleInfo.java:updateAndGet(143)) - a60d7144-4688-4b4d-96ce-8f0ae19fef7e: start LeaderState
2019-10-05 01:01:22,970 [a60d7144-4688-4b4d-96ce-8f0ae19fef7e@group-48F58450D15A-LeaderElection41] INFO  segmented.SegmentedRaftLogWorker (SegmentedRaftLogWorker.java:startLogSegment(385)) - a60d7144-4688-4b4d-96ce-8f0ae19fef7e@group-48F58450D15A-SegmentedRaftLogWorker: Starting segment from index:0
2019-10-05 01:01:22,971 [a60d7144-4688-4b4d-96ce-8f0ae19fef7e@group-48F58450D15A-LeaderElection41] INFO  impl.RaftServerImpl (ServerState.java:setRaftConf(356)) - a60d7144-4688-4b4d-96ce-8f0ae19fef7e@group-48F58450D15A: set configuration 0: [d9b343b5-4ab3-4a29-b9db-d78a0ddac86d:192.168.151.100:43958, 71f96e8e-43c2-466c-8e4a-98c3a02080f0:192.168.151.100:44400, a60d7144-4688-4b4d-96ce-8f0ae19fef7e:192.168.151.100:35461], old=null at 0
2019-10-05 01:01:22,972 [grpc-default-executor-2] INFO  impl.RaftServerImpl (ServerState.java:setLeader(255)) - d9b343b5-4ab3-4a29-b9db-d78a0ddac86d@group-48F58450D15A: change Leader from null to a60d7144-4688-4b4d-96ce-8f0ae19fef7e at term 1 for appendEntries, leader elected after 5086ms
2019-10-05 01:01:22,972 [grpc-default-executor-5] INFO  impl.RaftServerImpl (ServerState.java:setLeader(255)) - 71f96e8e-43c2-466c-8e4a-98c3a02080f0@group-48F58450D15A: change Leader from null to a60d7144-4688-4b4d-96ce-8f0ae19fef7e at term 1 for appendEntries, leader elected after 5086ms
2019-10-05 01:01:22,976 [grpc-default-executor-5] INFO  impl.RaftServerImpl (ServerState.java:setRaftConf(356)) - d9b343b5-4ab3-4a29-b9db-d78a0ddac86d@group-48F58450D15A: set configuration 0: [d9b343b5-4ab3-4a29-b9db-d78a0ddac86d:192.168.151.100:43958, 71f96e8e-43c2-466c-8e4a-98c3a02080f0:192.168.151.100:44400, a60d7144-4688-4b4d-96ce-8f0ae19fef7e:192.168.151.100:35461], old=null at 0
2019-10-05 01:01:22,977 [grpc-default-executor-2] INFO  impl.RaftServerImpl (ServerState.java:setRaftConf(356)) - 71f96e8e-43c2-466c-8e4a-98c3a02080f0@group-48F58450D15A: set configuration 0: [d9b343b5-4ab3-4a29-b9db-d78a0ddac86d:192.168.151.100:43958, 71f96e8e-43c2-466c-8e4a-98c3a02080f0:192.168.151.100:44400, a60d7144-4688-4b4d-96ce-8f0ae19fef7e:192.168.151.100:35461], old=null at 0
2019-10-05 01:01:22,977 [grpc-default-executor-5] INFO  segmented.SegmentedRaftLogWorker (SegmentedRaftLogWorker.java:startLogSegment(385)) - d9b343b5-4ab3-4a29-b9db-d78a0ddac86d@group-48F58450D15A-SegmentedRaftLogWorker: Starting segment from index:0
2019-10-05 01:01:22,977 [grpc-default-executor-2] INFO  segmented.SegmentedRaftLogWorker (SegmentedRaftLogWorker.java:startLogSegment(385)) - 71f96e8e-43c2-466c-8e4a-98c3a02080f0@group-48F58450D15A-SegmentedRaftLogWorker: Starting segment from index:0
2019-10-05 01:01:22,979 [71f96e8e-43c2-466c-8e4a-98c3a02080f0@group-2532283E1988-LeaderElection42] INFO  impl.LeaderElection (LeaderElection.java:askForVotes(178)) - 71f96e8e-43c2-466c-8e4a-98c3a02080f0@group-2532283E1988-LeaderElection42: begin an election at term 1 for -1: [71f96e8e-43c2-466c-8e4a-98c3a02080f0:192.168.151.100:44400], old=null
2019-10-05 01:01:22,979 [71f96e8e-43c2-466c-8e4a-98c3a02080f0@group-2532283E1988-LeaderElection42] INFO  impl.RoleInfo (RoleInfo.java:shutdownLeaderElection(134)) - 71f96e8e-43c2-466c-8e4a-98c3a02080f0: shutdown LeaderElection
2019-10-05 01:01:22,979 [71f96e8e-43c2-466c-8e4a-98c3a02080f0@group-2532283E1988-LeaderElection42] INFO  impl.RaftServerImpl (RaftServerImpl.java:setRole(170)) - 71f96e8e-43c2-466c-8e4a-98c3a02080f0@group-2532283E1988: changes role from CANDIDATE to LEADER at term 1 for changeToLeader
2019-10-05 01:01:22,979 [71f96e8e-43c2-466c-8e4a-98c3a02080f0@group-2532283E1988-LeaderElection42] INFO  impl.RaftServerImpl (ServerState.java:setLeader(255)) - 71f96e8e-43c2-466c-8e4a-98c3a02080f0@group-2532283E1988: change Leader from null to 71f96e8e-43c2-466c-8e4a-98c3a02080f0 at term 1 for becomeLeader, leader elected after 5157ms
2019-10-05 01:01:23,011 [71f96e8e-43c2-466c-8e4a-98c3a02080f0@group-2532283E1988-LeaderElection42] INFO  server.RaftServerConfigKeys (ConfUtils.java:logGet(43)) - raft.server.staging.catchup.gap = 1000 (default)
2019-10-05 01:01:23,011 [71f96e8e-43c2-466c-8e4a-98c3a02080f0@group-2532283E1988-LeaderElection42] INFO  server.RaftServerConfigKeys (ConfUtils.java:logGet(43)) - raft.server.rpc.sleep.time = 25ms (default)
2019-10-05 01:01:23,011 [71f96e8e-43c2-466c-8e4a-98c3a02080f0@group-2532283E1988-LeaderElection42] INFO  server.RaftServerConfigKeys (ConfUtils.java:logGet(43)) - raft.server.write.element-limit = 4096 (default)
2019-10-05 01:01:23,012 [71f96e8e-43c2-466c-8e4a-98c3a02080f0@group-2532283E1988-LeaderElection42] INFO  server.RaftServerConfigKeys (ConfUtils.java:logGet(43)) - raft.server.watch.timeout = 10s (default)
2019-10-05 01:01:23,012 [71f96e8e-43c2-466c-8e4a-98c3a02080f0@group-2532283E1988-LeaderElection42] INFO  server.RaftServerConfigKeys (ConfUtils.java:logGet(43)) - raft.server.watch.timeout.denomination = 1s (default)
2019-10-05 01:01:23,012 [71f96e8e-43c2-466c-8e4a-98c3a02080f0@group-2532283E1988-LeaderElection42] INFO  server.RaftServerConfigKeys (ConfUtils.java:logGet(43)) - raft.server.watch.element-limit = 65536 (default)
2019-10-05 01:01:23,013 [71f96e8e-43c2-466c-8e4a-98c3a02080f0@group-2532283E1988-LeaderElection42] INFO  impl.RoleInfo (RoleInfo.java:updateAndGet(143)) - 71f96e8e-43c2-466c-8e4a-98c3a02080f0: start LeaderState
2019-10-05 01:01:23,013 [71f96e8e-43c2-466c-8e4a-98c3a02080f0@group-2532283E1988-LeaderElection42] INFO  segmented.SegmentedRaftLogWorker (SegmentedRaftLogWorker.java:startLogSegment(385)) - 71f96e8e-43c2-466c-8e4a-98c3a02080f0@group-2532283E1988-SegmentedRaftLogWorker: Starting segment from index:0
2019-10-05 01:01:23,014 [71f96e8e-43c2-466c-8e4a-98c3a02080f0@group-2532283E1988-LeaderElection42] INFO  impl.RaftServerImpl (ServerState.java:setRaftConf(356)) - 71f96e8e-43c2-466c-8e4a-98c3a02080f0@group-2532283E1988: set configuration 0: [71f96e8e-43c2-466c-8e4a-98c3a02080f0:192.168.151.100:44400], old=null at 0
2019-10-05 01:01:23,019 [71f96e8e-43c2-466c-8e4a-98c3a02080f0@group-48F58450D15A-SegmentedRaftLogWorker] INFO  segmented.SegmentedRaftLogWorker (SegmentedRaftLogWorker.java:execute(574)) - 71f96e8e-43c2-466c-8e4a-98c3a02080f0@group-48F58450D15A-SegmentedRaftLogWorker: created new log segment /workdir/hadoop-ozone/integration-test/target/test-dir/MiniOzoneClusterImpl-7905150a-9adf-4c87-99b9-461f1d79c63b/datanode-6/data/ratis/41484e61-7b51-436d-9bda-48f58450d15a/current/log_inprogress_0
2019-10-05 01:01:23,019 [a60d7144-4688-4b4d-96ce-8f0ae19fef7e@group-48F58450D15A-SegmentedRaftLogWorker] INFO  segmented.SegmentedRaftLogWorker (SegmentedRaftLogWorker.java:execute(574)) - a60d7144-4688-4b4d-96ce-8f0ae19fef7e@group-48F58450D15A-SegmentedRaftLogWorker: created new log segment /workdir/hadoop-ozone/integration-test/target/test-dir/MiniOzoneClusterImpl-7905150a-9adf-4c87-99b9-461f1d79c63b/datanode-3/data/ratis/41484e61-7b51-436d-9bda-48f58450d15a/current/log_inprogress_0
2019-10-05 01:01:23,019 [d9b343b5-4ab3-4a29-b9db-d78a0ddac86d@group-48F58450D15A-SegmentedRaftLogWorker] INFO  segmented.SegmentedRaftLogWorker (SegmentedRaftLogWorker.java:execute(574)) - d9b343b5-4ab3-4a29-b9db-d78a0ddac86d@group-48F58450D15A-SegmentedRaftLogWorker: created new log segment /workdir/hadoop-ozone/integration-test/target/test-dir/MiniOzoneClusterImpl-7905150a-9adf-4c87-99b9-461f1d79c63b/datanode-5/data/ratis/41484e61-7b51-436d-9bda-48f58450d15a/current/log_inprogress_0
2019-10-05 01:01:23,062 [71f96e8e-43c2-466c-8e4a-98c3a02080f0@group-2532283E1988-SegmentedRaftLogWorker] INFO  segmented.SegmentedRaftLogWorker (SegmentedRaftLogWorker.java:execute(574)) - 71f96e8e-43c2-466c-8e4a-98c3a02080f0@group-2532283E1988-SegmentedRaftLogWorker: created new log segment /workdir/hadoop-ozone/integration-test/target/test-dir/MiniOzoneClusterImpl-7905150a-9adf-4c87-99b9-461f1d79c63b/datanode-6/data/ratis/3a458ef8-fc0b-4292-a9a2-2532283e1988/current/log_inprogress_0
2019-10-05 01:01:24,049 [Datanode State Machine Thread - 0] INFO  statemachine.DatanodeStateMachine (DatanodeStateMachine.java:lambda$startDaemon$0(350)) - Ozone container server started.
2019-10-05 01:01:28,055 [main] INFO  ozoneimpl.OzoneContainer (OzoneContainer.java:stop(231)) - Attempting to stop container services.
2019-10-05 01:01:28,056 [main] INFO  impl.RaftServerProxy (RaftServerProxy.java:lambda$close$4(314)) - d80a136d-1766-4220-8826-4519ccdfc503: close
2019-10-05 01:01:28,057 [main] INFO  impl.RaftServerImpl (RaftServerImpl.java:lambda$shutdown$3(247)) - d80a136d-1766-4220-8826-4519ccdfc503@group-0C76AB496161: shutdown
2019-10-05 01:01:28,057 [main] INFO  util.JmxRegister (JmxRegister.java:unregister(73)) - Successfully un-registered JMX Bean with object name Ratis:service=RaftServer,group=group-0C76AB496161,id=d80a136d-1766-4220-8826-4519ccdfc503
2019-10-05 01:01:28,058 [main] INFO  impl.RoleInfo (RoleInfo.java:shutdownLeaderState(104)) - d80a136d-1766-4220-8826-4519ccdfc503: shutdown LeaderState
2019-10-05 01:01:28,058 [main] INFO  impl.PendingRequests (PendingRequests.java:sendNotLeaderResponses(202)) - d80a136d-1766-4220-8826-4519ccdfc503@group-0C76AB496161-PendingRequests: sendNotLeaderResponses
2019-10-05 01:01:28,058 [main] INFO  impl.StateMachineUpdater (StateMachineUpdater.java:stopAndJoin(136)) - d80a136d-1766-4220-8826-4519ccdfc503@group-0C76AB496161-StateMachineUpdater: set stopIndex = 0
2019-10-05 01:01:28,059 [main] INFO  impl.RaftServerImpl (ServerState.java:close(387)) - d80a136d-1766-4220-8826-4519ccdfc503@group-0C76AB496161: closes. applyIndex: 0
2019-10-05 01:01:28,059 [d80a136d-1766-4220-8826-4519ccdfc503@group-0C76AB496161-SegmentedRaftLogWorker] INFO  segmented.SegmentedRaftLogWorker (SegmentedRaftLogWorker.java:run(316)) - d80a136d-1766-4220-8826-4519ccdfc503@group-0C76AB496161-SegmentedRaftLogWorker was interrupted, exiting. There are 0 tasks remaining in the queue.
2019-10-05 01:01:28,065 [main] INFO  segmented.SegmentedRaftLogWorker (SegmentedRaftLogWorker.java:close(224)) - d80a136d-1766-4220-8826-4519ccdfc503@group-0C76AB496161-SegmentedRaftLogWorker close()
2019-10-05 01:01:28,069 [main] INFO  impl.RaftServerImpl (RaftServerImpl.java:lambda$shutdown$3(247)) - d80a136d-1766-4220-8826-4519ccdfc503@group-3476BD9B3912: shutdown
2019-10-05 01:01:28,069 [main] INFO  util.JmxRegister (JmxRegister.java:unregister(73)) - Successfully un-registered JMX Bean with object name Ratis:service=RaftServer,group=group-3476BD9B3912,id=d80a136d-1766-4220-8826-4519ccdfc503
2019-10-05 01:01:28,069 [main] INFO  impl.RoleInfo (RoleInfo.java:shutdownFollowerState(121)) - d80a136d-1766-4220-8826-4519ccdfc503: shutdown FollowerState
2019-10-05 01:01:28,069 [main] INFO  impl.StateMachineUpdater (StateMachineUpdater.java:stopAndJoin(136)) - d80a136d-1766-4220-8826-4519ccdfc503@group-3476BD9B3912-StateMachineUpdater: set stopIndex = 2
2019-10-05 01:01:28,070 [d80a136d-1766-4220-8826-4519ccdfc503@group-3476BD9B3912-StateMachineUpdater] INFO  ratis.ContainerStateMachine (ContainerStateMachine.java:takeSnapshot(293)) - group-3476BD9B3912: Taking a snapshot at:(t:1, i:1) file /workdir/hadoop-ozone/integration-test/target/test-dir/MiniOzoneClusterImpl-7905150a-9adf-4c87-99b9-461f1d79c63b/datanode-0/data/ratis/402513d2-0621-4ccb-aa1d-3476bd9b3912/sm/snapshot.1_1
2019-10-05 01:01:28,070 [Thread-1478] INFO  impl.FollowerState (FollowerState.java:run(117)) - d80a136d-1766-4220-8826-4519ccdfc503@group-3476BD9B3912-FollowerState was interrupted: java.lang.InterruptedException: sleep interrupted
2019-10-05 01:01:28,076 [d80a136d-1766-4220-8826-4519ccdfc503@group-3476BD9B3912-StateMachineUpdater] INFO  ratis.ContainerStateMachine (ContainerStateMachine.java:takeSnapshot(304)) - group-3476BD9B3912: Finished taking a snapshot at:(t:1, i:1) file:/workdir/hadoop-ozone/integration-test/target/test-dir/MiniOzoneClusterImpl-7905150a-9adf-4c87-99b9-461f1d79c63b/datanode-0/data/ratis/402513d2-0621-4ccb-aa1d-3476bd9b3912/sm/snapshot.1_1 time:7
2019-10-05 01:01:28,076 [d80a136d-1766-4220-8826-4519ccdfc503@group-3476BD9B3912-StateMachineUpdater] INFO  impl.StateMachineUpdater (StateMachineUpdater.java:takeSnapshot(269)) - d80a136d-1766-4220-8826-4519ccdfc503@group-3476BD9B3912-StateMachineUpdater: Took a snapshot at index 1
2019-10-05 01:01:28,076 [d80a136d-1766-4220-8826-4519ccdfc503@group-3476BD9B3912-StateMachineUpdater] INFO  impl.StateMachineUpdater (StateMachineUpdater.java:lambda$new$0(84)) - d80a136d-1766-4220-8826-4519ccdfc503@group-3476BD9B3912-StateMachineUpdater: snapshotIndex: updateIncreasingly -1 -> 1
2019-10-05 01:01:28,077 [d80a136d-1766-4220-8826-4519ccdfc503@group-3476BD9B3912-StateMachineUpdater] INFO  ratis.ContainerStateMachine (ContainerStateMachine.java:takeSnapshot(293)) - group-3476BD9B3912: Taking a snapshot at:(t:1, i:1) file /workdir/hadoop-ozone/integration-test/target/test-dir/MiniOzoneClusterImpl-7905150a-9adf-4c87-99b9-461f1d79c63b/datanode-0/data/ratis/402513d2-0621-4ccb-aa1d-3476bd9b3912/sm/snapshot.1_1
2019-10-05 01:01:28,092 [d80a136d-1766-4220-8826-4519ccdfc503@group-3476BD9B3912-StateMachineUpdater] INFO  ratis.ContainerStateMachine (ContainerStateMachine.java:takeSnapshot(304)) - group-3476BD9B3912: Finished taking a snapshot at:(t:1, i:1) file:/workdir/hadoop-ozone/integration-test/target/test-dir/MiniOzoneClusterImpl-7905150a-9adf-4c87-99b9-461f1d79c63b/datanode-0/data/ratis/402513d2-0621-4ccb-aa1d-3476bd9b3912/sm/snapshot.1_1 time:16
2019-10-05 01:01:28,093 [d80a136d-1766-4220-8826-4519ccdfc503@group-3476BD9B3912-StateMachineUpdater] INFO  impl.StateMachineUpdater (StateMachineUpdater.java:takeSnapshot(269)) - d80a136d-1766-4220-8826-4519ccdfc503@group-3476BD9B3912-StateMachineUpdater: Took a snapshot at index 1
2019-10-05 01:01:28,093 [d80a136d-1766-4220-8826-4519ccdfc503@group-3476BD9B3912-StateMachineUpdater] INFO  impl.StateMachineUpdater (StateMachineUpdater.java:lambda$new$0(84)) - d80a136d-1766-4220-8826-4519ccdfc503@group-3476BD9B3912-StateMachineUpdater: snapshotIndex: updateIncreasingly 1 -> 1
2019-10-05 01:01:28,093 [main] INFO  impl.RaftServerImpl (ServerState.java:close(387)) - d80a136d-1766-4220-8826-4519ccdfc503@group-3476BD9B3912: closes. applyIndex: 2
2019-10-05 01:01:28,093 [d80a136d-1766-4220-8826-4519ccdfc503@group-3476BD9B3912-SegmentedRaftLogWorker] INFO  segmented.SegmentedRaftLogWorker (SegmentedRaftLogWorker.java:run(316)) - d80a136d-1766-4220-8826-4519ccdfc503@group-3476BD9B3912-SegmentedRaftLogWorker was interrupted, exiting. There are 0 tasks remaining in the queue.
2019-10-05 01:01:28,096 [main] INFO  segmented.SegmentedRaftLogWorker (SegmentedRaftLogWorker.java:close(224)) - d80a136d-1766-4220-8826-4519ccdfc503@group-3476BD9B3912-SegmentedRaftLogWorker close()
2019-10-05 01:01:28,099 [main] INFO  server.GrpcService (GrpcService.java:closeImpl(164)) - d80a136d-1766-4220-8826-4519ccdfc503: shutdown server with port 33773 now
2019-10-05 01:01:28,100 [grpc-default-executor-2] WARN  server.GrpcServerProtocolService (LogUtils.java:warn(134)) - d80a136d-1766-4220-8826-4519ccdfc503: installSnapshot onError, lastRequest: 612cac7f-adbd-4c9f-8295-c8fcc0a93bfe->d80a136d-1766-4220-8826-4519ccdfc503#5-t1, previous=(t:1, i:2), leaderCommit=2, initializing? false, entries: <empty>: org.apache.ratis.thirdparty.io.grpc.StatusRuntimeException: CANCELLED: cancelled before receiving half close
2019-10-05 01:01:28,100 [main] INFO  server.GrpcService (GrpcService.java:closeImpl(172)) - d80a136d-1766-4220-8826-4519ccdfc503: shutdown server with port 33773 successfully
2019-10-05 01:01:28,100 [grpc-default-executor-3] WARN  server.GrpcLogAppender (LogUtils.java:warn(134)) - 612cac7f-adbd-4c9f-8295-c8fcc0a93bfe@group-3476BD9B3912->d80a136d-1766-4220-8826-4519ccdfc503-AppendLogResponseHandler: Failed appendEntries: org.apache.ratis.thirdparty.io.grpc.StatusRuntimeException: CANCELLED: HTTP/2 error code: CANCEL
Received Rst Stream
2019-10-05 01:01:28,101 [grpc-default-executor-3] INFO  impl.FollowerInfo (FollowerInfo.java:lambda$new$0(51)) - 612cac7f-adbd-4c9f-8295-c8fcc0a93bfe@group-3476BD9B3912->d80a136d-1766-4220-8826-4519ccdfc503: nextIndex: updateUnconditionally 3 -> 2
2019-10-05 01:01:28,102 [refreshUsed-/workdir/hadoop-ozone/integration-test/target/test-dir/MiniOzoneClusterImpl-7905150a-9adf-4c87-99b9-461f1d79c63b/datanode-0/data/containers] WARN  fs.CachingGetSpaceUsed (CachingGetSpaceUsed.java:run(183)) - Thread Interrupted waiting to refresh disk information: sleep interrupted
2019-10-05 01:01:28,119 [main] INFO  utils.BackgroundService (BackgroundService.java:shutdown(148)) - Shutting down service BlockDeletingService
2019-10-05 01:01:28,124 [main] INFO  statemachine.DatanodeStateMachine (DatanodeStateMachine.java:stopDaemon(395)) - Ozone container server stopped.
2019-10-05 01:01:28,125 [main] INFO  handler.ContextHandler (ContextHandler.java:doStop(910)) - Stopped o.e.j.w.WebAppContext@4b862408{/,null,UNAVAILABLE}{/hddsDatanode}
2019-10-05 01:01:28,127 [main] INFO  server.AbstractConnector (AbstractConnector.java:doStop(318)) - Stopped ServerConnector@6ddee60f{HTTP/1.1,[http/1.1]}{0.0.0.0:0}
2019-10-05 01:01:28,128 [main] INFO  handler.ContextHandler (ContextHandler.java:doStop(910)) - Stopped o.e.j.s.ServletContextHandler@73c31181{/static,jar:file:/home/user/.m2/repository/org/apache/hadoop/hadoop-hdds-container-service/0.5.0-SNAPSHOT/hadoop-hdds-container-service-0.5.0-SNAPSHOT.jar!/webapps/static,UNAVAILABLE}
2019-10-05 01:01:28,128 [main] INFO  handler.ContextHandler (ContextHandler.java:doStop(910)) - Stopped o.e.j.s.ServletContextHandler@4a50d04a{/logs,file:///workdir/hadoop-ozone/integration-test/target/log,UNAVAILABLE}
2019-10-05 01:01:29,051 [Datanode State Machine Thread - 0] INFO  statemachine.DatanodeStateMachine (DatanodeStateMachine.java:lambda$startDaemon$0(350)) - Ozone container server started.
2019-10-05 01:01:30,450 [grpc-default-executor-5] WARN  server.GrpcLogAppender (LogUtils.java:warn(134)) - 612cac7f-adbd-4c9f-8295-c8fcc0a93bfe@group-3476BD9B3912->d80a136d-1766-4220-8826-4519ccdfc503-AppendLogResponseHandler: Failed appendEntries: org.apache.ratis.thirdparty.io.grpc.StatusRuntimeException: UNAVAILABLE: io exception
2019-10-05 01:01:30,450 [grpc-default-executor-5] INFO  impl.FollowerInfo (FollowerInfo.java:lambda$new$0(51)) - 612cac7f-adbd-4c9f-8295-c8fcc0a93bfe@group-3476BD9B3912->d80a136d-1766-4220-8826-4519ccdfc503: nextIndex: updateUnconditionally 2 -> 1
2019-10-05 01:01:32,956 [grpc-default-executor-5] WARN  server.GrpcLogAppender (LogUtils.java:warn(134)) - 612cac7f-adbd-4c9f-8295-c8fcc0a93bfe@group-3476BD9B3912->d80a136d-1766-4220-8826-4519ccdfc503-AppendLogResponseHandler: Failed appendEntries: org.apache.ratis.thirdparty.io.grpc.StatusRuntimeException: UNAVAILABLE: io exception
2019-10-05 01:01:32,957 [grpc-default-executor-5] INFO  impl.FollowerInfo (FollowerInfo.java:lambda$new$0(51)) - 612cac7f-adbd-4c9f-8295-c8fcc0a93bfe@group-3476BD9B3912->d80a136d-1766-4220-8826-4519ccdfc503: nextIndex: updateUnconditionally 1 -> 0
2019-10-05 01:01:33,131 [main] INFO  ozoneimpl.OzoneContainer (OzoneContainer.java:stop(231)) - Attempting to stop container services.
2019-10-05 01:01:33,132 [main] INFO  impl.RaftServerProxy (RaftServerProxy.java:lambda$close$4(314)) - 2f18de2d-e164-4d9c-9938-7123010b2f40: close
2019-10-05 01:01:33,132 [main] INFO  impl.RaftServerImpl (RaftServerImpl.java:lambda$shutdown$3(247)) - 2f18de2d-e164-4d9c-9938-7123010b2f40@group-29CA09E43386: shutdown
2019-10-05 01:01:33,133 [ForkJoinPool.commonPool-worker-0] INFO  impl.RaftServerImpl (RaftServerImpl.java:lambda$shutdown$3(247)) - 2f18de2d-e164-4d9c-9938-7123010b2f40@group-3476BD9B3912: shutdown
2019-10-05 01:01:33,133 [main] INFO  util.JmxRegister (JmxRegister.java:unregister(73)) - Successfully un-registered JMX Bean with object name Ratis:service=RaftServer,group=group-29CA09E43386,id=2f18de2d-e164-4d9c-9938-7123010b2f40
2019-10-05 01:01:33,133 [ForkJoinPool.commonPool-worker-0] INFO  util.JmxRegister (JmxRegister.java:unregister(73)) - Successfully un-registered JMX Bean with object name Ratis:service=RaftServer,group=group-3476BD9B3912,id=2f18de2d-e164-4d9c-9938-7123010b2f40
2019-10-05 01:01:33,133 [main] INFO  impl.RoleInfo (RoleInfo.java:shutdownLeaderState(104)) - 2f18de2d-e164-4d9c-9938-7123010b2f40: shutdown LeaderState
2019-10-05 01:01:33,133 [ForkJoinPool.commonPool-worker-0] INFO  impl.RoleInfo (RoleInfo.java:shutdownFollowerState(121)) - 2f18de2d-e164-4d9c-9938-7123010b2f40: shutdown FollowerState
2019-10-05 01:01:33,134 [main] INFO  impl.PendingRequests (PendingRequests.java:sendNotLeaderResponses(202)) - 2f18de2d-e164-4d9c-9938-7123010b2f40@group-29CA09E43386-PendingRequests: sendNotLeaderResponses
2019-10-05 01:01:33,134 [Thread-1477] INFO  impl.FollowerState (FollowerState.java:run(117)) - 2f18de2d-e164-4d9c-9938-7123010b2f40@group-3476BD9B3912-FollowerState was interrupted: java.lang.InterruptedException: sleep interrupted
2019-10-05 01:01:33,134 [ForkJoinPool.commonPool-worker-0] INFO  impl.StateMachineUpdater (StateMachineUpdater.java:stopAndJoin(136)) - 2f18de2d-e164-4d9c-9938-7123010b2f40@group-3476BD9B3912-StateMachineUpdater: set stopIndex = 2
2019-10-05 01:01:33,139 [main] INFO  impl.StateMachineUpdater (StateMachineUpdater.java:stopAndJoin(136)) - 2f18de2d-e164-4d9c-9938-7123010b2f40@group-29CA09E43386-StateMachineUpdater: set stopIndex = 0
2019-10-05 01:01:33,139 [2f18de2d-e164-4d9c-9938-7123010b2f40@group-3476BD9B3912-StateMachineUpdater] INFO  ratis.ContainerStateMachine (ContainerStateMachine.java:takeSnapshot(293)) - group-3476BD9B3912: Taking a snapshot at:(t:1, i:1) file /workdir/hadoop-ozone/integration-test/target/test-dir/MiniOzoneClusterImpl-7905150a-9adf-4c87-99b9-461f1d79c63b/datanode-2/data/ratis/402513d2-0621-4ccb-aa1d-3476bd9b3912/sm/snapshot.1_1
2019-10-05 01:01:33,139 [main] INFO  impl.RaftServerImpl (ServerState.java:close(387)) - 2f18de2d-e164-4d9c-9938-7123010b2f40@group-29CA09E43386: closes. applyIndex: 0
2019-10-05 01:01:33,140 [2f18de2d-e164-4d9c-9938-7123010b2f40@group-29CA09E43386-SegmentedRaftLogWorker] INFO  segmented.SegmentedRaftLogWorker (SegmentedRaftLogWorker.java:run(316)) - 2f18de2d-e164-4d9c-9938-7123010b2f40@group-29CA09E43386-SegmentedRaftLogWorker was interrupted, exiting. There are 0 tasks remaining in the queue.
2019-10-05 01:01:33,142 [main] INFO  segmented.SegmentedRaftLogWorker (SegmentedRaftLogWorker.java:close(224)) - 2f18de2d-e164-4d9c-9938-7123010b2f40@group-29CA09E43386-SegmentedRaftLogWorker close()
2019-10-05 01:01:33,159 [2f18de2d-e164-4d9c-9938-7123010b2f40@group-3476BD9B3912-StateMachineUpdater] INFO  ratis.ContainerStateMachine (ContainerStateMachine.java:takeSnapshot(304)) - group-3476BD9B3912: Finished taking a snapshot at:(t:1, i:1) file:/workdir/hadoop-ozone/integration-test/target/test-dir/MiniOzoneClusterImpl-7905150a-9adf-4c87-99b9-461f1d79c63b/datanode-2/data/ratis/402513d2-0621-4ccb-aa1d-3476bd9b3912/sm/snapshot.1_1 time:26
2019-10-05 01:01:33,160 [2f18de2d-e164-4d9c-9938-7123010b2f40@group-3476BD9B3912-StateMachineUpdater] INFO  impl.StateMachineUpdater (StateMachineUpdater.java:takeSnapshot(269)) - 2f18de2d-e164-4d9c-9938-7123010b2f40@group-3476BD9B3912-StateMachineUpdater: Took a snapshot at index 1
2019-10-05 01:01:33,160 [2f18de2d-e164-4d9c-9938-7123010b2f40@group-3476BD9B3912-StateMachineUpdater] INFO  impl.StateMachineUpdater (StateMachineUpdater.java:lambda$new$0(84)) - 2f18de2d-e164-4d9c-9938-7123010b2f40@group-3476BD9B3912-StateMachineUpdater: snapshotIndex: updateIncreasingly -1 -> 1
2019-10-05 01:01:33,161 [2f18de2d-e164-4d9c-9938-7123010b2f40@group-3476BD9B3912-StateMachineUpdater] INFO  ratis.ContainerStateMachine (ContainerStateMachine.java:takeSnapshot(293)) - group-3476BD9B3912: Taking a snapshot at:(t:1, i:1) file /workdir/hadoop-ozone/integration-test/target/test-dir/MiniOzoneClusterImpl-7905150a-9adf-4c87-99b9-461f1d79c63b/datanode-2/data/ratis/402513d2-0621-4ccb-aa1d-3476bd9b3912/sm/snapshot.1_1
2019-10-05 01:01:33,174 [2f18de2d-e164-4d9c-9938-7123010b2f40@group-3476BD9B3912-StateMachineUpdater] INFO  ratis.ContainerStateMachine (ContainerStateMachine.java:takeSnapshot(304)) - group-3476BD9B3912: Finished taking a snapshot at:(t:1, i:1) file:/workdir/hadoop-ozone/integration-test/target/test-dir/MiniOzoneClusterImpl-7905150a-9adf-4c87-99b9-461f1d79c63b/datanode-2/data/ratis/402513d2-0621-4ccb-aa1d-3476bd9b3912/sm/snapshot.1_1 time:13
2019-10-05 01:01:33,174 [2f18de2d-e164-4d9c-9938-7123010b2f40@group-3476BD9B3912-StateMachineUpdater] INFO  impl.StateMachineUpdater (StateMachineUpdater.java:takeSnapshot(269)) - 2f18de2d-e164-4d9c-9938-7123010b2f40@group-3476BD9B3912-StateMachineUpdater: Took a snapshot at index 1
2019-10-05 01:01:33,174 [2f18de2d-e164-4d9c-9938-7123010b2f40@group-3476BD9B3912-StateMachineUpdater] INFO  impl.StateMachineUpdater (StateMachineUpdater.java:lambda$new$0(84)) - 2f18de2d-e164-4d9c-9938-7123010b2f40@group-3476BD9B3912-StateMachineUpdater: snapshotIndex: updateIncreasingly 1 -> 1
2019-10-05 01:01:33,175 [ForkJoinPool.commonPool-worker-0] INFO  impl.RaftServerImpl (ServerState.java:close(387)) - 2f18de2d-e164-4d9c-9938-7123010b2f40@group-3476BD9B3912: closes. applyIndex: 2
2019-10-05 01:01:33,175 [2f18de2d-e164-4d9c-9938-7123010b2f40@group-3476BD9B3912-SegmentedRaftLogWorker] INFO  segmented.SegmentedRaftLogWorker (SegmentedRaftLogWorker.java:run(316)) - 2f18de2d-e164-4d9c-9938-7123010b2f40@group-3476BD9B3912-SegmentedRaftLogWorker was interrupted, exiting. There are 0 tasks remaining in the queue.
2019-10-05 01:01:33,177 [ForkJoinPool.commonPool-worker-0] INFO  segmented.SegmentedRaftLogWorker (SegmentedRaftLogWorker.java:close(224)) - 2f18de2d-e164-4d9c-9938-7123010b2f40@group-3476BD9B3912-SegmentedRaftLogWorker close()
2019-10-05 01:01:33,181 [main] INFO  server.GrpcService (GrpcService.java:closeImpl(164)) - 2f18de2d-e164-4d9c-9938-7123010b2f40: shutdown server with port 44461 now
2019-10-05 01:01:33,182 [grpc-default-executor-5] WARN  server.GrpcServerProtocolService (LogUtils.java:warn(134)) - 2f18de2d-e164-4d9c-9938-7123010b2f40: installSnapshot onError, lastRequest: 612cac7f-adbd-4c9f-8295-c8fcc0a93bfe->2f18de2d-e164-4d9c-9938-7123010b2f40#7-t1, previous=(t:1, i:2), leaderCommit=2, initializing? false, entries: <empty>: org.apache.ratis.thirdparty.io.grpc.StatusRuntimeException: CANCELLED: cancelled before receiving half close
2019-10-05 01:01:33,182 [main] INFO  server.GrpcService (GrpcService.java:closeImpl(172)) - 2f18de2d-e164-4d9c-9938-7123010b2f40: shutdown server with port 44461 successfully
2019-10-05 01:01:33,182 [grpc-default-executor-2] WARN  server.GrpcLogAppender (LogUtils.java:warn(134)) - 612cac7f-adbd-4c9f-8295-c8fcc0a93bfe@group-3476BD9B3912->2f18de2d-e164-4d9c-9938-7123010b2f40-AppendLogResponseHandler: Failed appendEntries: org.apache.ratis.thirdparty.io.grpc.StatusRuntimeException: CANCELLED: HTTP/2 error code: CANCEL
Received Rst Stream
2019-10-05 01:01:33,183 [grpc-default-executor-2] INFO  impl.FollowerInfo (FollowerInfo.java:lambda$new$0(51)) - 612cac7f-adbd-4c9f-8295-c8fcc0a93bfe@group-3476BD9B3912->2f18de2d-e164-4d9c-9938-7123010b2f40: nextIndex: updateUnconditionally 3 -> 2
2019-10-05 01:01:33,188 [refreshUsed-/workdir/hadoop-ozone/integration-test/target/test-dir/MiniOzoneClusterImpl-7905150a-9adf-4c87-99b9-461f1d79c63b/datanode-2/data/containers] WARN  fs.CachingGetSpaceUsed (CachingGetSpaceUsed.java:run(183)) - Thread Interrupted waiting to refresh disk information: sleep interrupted
2019-10-05 01:01:33,208 [main] INFO  utils.BackgroundService (BackgroundService.java:shutdown(148)) - Shutting down service BlockDeletingService
2019-10-05 01:01:33,214 [main] INFO  statemachine.DatanodeStateMachine (DatanodeStateMachine.java:stopDaemon(395)) - Ozone container server stopped.
2019-10-05 01:01:33,217 [main] INFO  handler.ContextHandler (ContextHandler.java:doStop(910)) - Stopped o.e.j.w.WebAppContext@834e986{/,null,UNAVAILABLE}{/hddsDatanode}
2019-10-05 01:01:33,218 [main] INFO  server.AbstractConnector (AbstractConnector.java:doStop(318)) - Stopped ServerConnector@6cae2e4d{HTTP/1.1,[http/1.1]}{0.0.0.0:0}
2019-10-05 01:01:33,219 [main] INFO  handler.ContextHandler (ContextHandler.java:doStop(910)) - Stopped o.e.j.s.ServletContextHandler@c1050f2{/static,jar:file:/home/user/.m2/repository/org/apache/hadoop/hadoop-hdds-container-service/0.5.0-SNAPSHOT/hadoop-hdds-container-service-0.5.0-SNAPSHOT.jar!/webapps/static,UNAVAILABLE}
2019-10-05 01:01:33,219 [main] INFO  handler.ContextHandler (ContextHandler.java:doStop(910)) - Stopped o.e.j.s.ServletContextHandler@26865482{/logs,file:///workdir/hadoop-ozone/integration-test/target/log,UNAVAILABLE}
2019-10-05 01:01:35,459 [grpc-default-executor-2] WARN  server.GrpcLogAppender (LogUtils.java:warn(134)) - 612cac7f-adbd-4c9f-8295-c8fcc0a93bfe@group-3476BD9B3912->d80a136d-1766-4220-8826-4519ccdfc503-AppendLogResponseHandler: Failed appendEntries: org.apache.ratis.thirdparty.io.grpc.StatusRuntimeException: UNAVAILABLE: io exception
2019-10-05 01:01:35,459 [grpc-default-executor-2] INFO  impl.FollowerInfo (FollowerInfo.java:lambda$new$0(51)) - 612cac7f-adbd-4c9f-8295-c8fcc0a93bfe@group-3476BD9B3912->d80a136d-1766-4220-8826-4519ccdfc503: nextIndex: updateUnconditionally 0 -> 0
2019-10-05 01:01:35,460 [grpc-default-executor-3] WARN  server.GrpcLogAppender (LogUtils.java:warn(134)) - 612cac7f-adbd-4c9f-8295-c8fcc0a93bfe@group-3476BD9B3912->2f18de2d-e164-4d9c-9938-7123010b2f40-AppendLogResponseHandler: Failed appendEntries: org.apache.ratis.thirdparty.io.grpc.StatusRuntimeException: UNAVAILABLE: io exception
2019-10-05 01:01:35,460 [grpc-default-executor-3] INFO  impl.FollowerInfo (FollowerInfo.java:lambda$new$0(51)) - 612cac7f-adbd-4c9f-8295-c8fcc0a93bfe@group-3476BD9B3912->2f18de2d-e164-4d9c-9938-7123010b2f40: nextIndex: updateUnconditionally 2 -> 1
2019-10-05 01:01:37,958 [grpc-default-executor-2] WARN  server.GrpcLogAppender (LogUtils.java:warn(134)) - 612cac7f-adbd-4c9f-8295-c8fcc0a93bfe@group-3476BD9B3912->d80a136d-1766-4220-8826-4519ccdfc503-AppendLogResponseHandler: Failed appendEntries: org.apache.ratis.thirdparty.io.grpc.StatusRuntimeException: UNAVAILABLE: io exception
2019-10-05 01:01:37,958 [grpc-default-executor-2] INFO  impl.FollowerInfo (FollowerInfo.java:lambda$new$0(51)) - 612cac7f-adbd-4c9f-8295-c8fcc0a93bfe@group-3476BD9B3912->d80a136d-1766-4220-8826-4519ccdfc503: nextIndex: updateUnconditionally 0 -> 0
2019-10-05 01:01:37,960 [grpc-default-executor-3] WARN  server.GrpcLogAppender (LogUtils.java:warn(134)) - 612cac7f-adbd-4c9f-8295-c8fcc0a93bfe@group-3476BD9B3912->2f18de2d-e164-4d9c-9938-7123010b2f40-AppendLogResponseHandler: Failed appendEntries: org.apache.ratis.thirdparty.io.grpc.StatusRuntimeException: UNAVAILABLE: io exception
2019-10-05 01:01:37,960 [grpc-default-executor-3] INFO  impl.FollowerInfo (FollowerInfo.java:lambda$new$0(51)) - 612cac7f-adbd-4c9f-8295-c8fcc0a93bfe@group-3476BD9B3912->2f18de2d-e164-4d9c-9938-7123010b2f40: nextIndex: updateUnconditionally 1 -> 0
2019-10-05 01:01:40,459 [grpc-default-executor-5] WARN  server.GrpcLogAppender (LogUtils.java:warn(134)) - 612cac7f-adbd-4c9f-8295-c8fcc0a93bfe@group-3476BD9B3912->d80a136d-1766-4220-8826-4519ccdfc503-AppendLogResponseHandler: Failed appendEntries: org.apache.ratis.thirdparty.io.grpc.StatusRuntimeException: UNAVAILABLE: io exception
2019-10-05 01:01:40,460 [grpc-default-executor-5] INFO  impl.FollowerInfo (FollowerInfo.java:lambda$new$0(51)) - 612cac7f-adbd-4c9f-8295-c8fcc0a93bfe@group-3476BD9B3912->d80a136d-1766-4220-8826-4519ccdfc503: nextIndex: updateUnconditionally 0 -> 0
2019-10-05 01:01:40,461 [grpc-default-executor-6] WARN  server.GrpcLogAppender (LogUtils.java:warn(134)) - 612cac7f-adbd-4c9f-8295-c8fcc0a93bfe@group-3476BD9B3912->2f18de2d-e164-4d9c-9938-7123010b2f40-AppendLogResponseHandler: Failed appendEntries: org.apache.ratis.thirdparty.io.grpc.StatusRuntimeException: UNAVAILABLE: io exception
2019-10-05 01:01:40,461 [grpc-default-executor-6] INFO  impl.FollowerInfo (FollowerInfo.java:lambda$new$0(51)) - 612cac7f-adbd-4c9f-8295-c8fcc0a93bfe@group-3476BD9B3912->2f18de2d-e164-4d9c-9938-7123010b2f40: nextIndex: updateUnconditionally 0 -> 0
2019-10-05 01:01:42,960 [grpc-default-executor-6] WARN  server.GrpcLogAppender (LogUtils.java:warn(134)) - 612cac7f-adbd-4c9f-8295-c8fcc0a93bfe@group-3476BD9B3912->d80a136d-1766-4220-8826-4519ccdfc503-AppendLogResponseHandler: Failed appendEntries: org.apache.ratis.thirdparty.io.grpc.StatusRuntimeException: UNAVAILABLE: io exception
2019-10-05 01:01:42,961 [grpc-default-executor-3] WARN  server.GrpcLogAppender (LogUtils.java:warn(134)) - 612cac7f-adbd-4c9f-8295-c8fcc0a93bfe@group-3476BD9B3912->2f18de2d-e164-4d9c-9938-7123010b2f40-AppendLogResponseHandler: Failed appendEntries: org.apache.ratis.thirdparty.io.grpc.StatusRuntimeException: UNAVAILABLE: io exception
2019-10-05 01:01:42,962 [grpc-default-executor-6] INFO  impl.FollowerInfo (FollowerInfo.java:lambda$new$0(51)) - 612cac7f-adbd-4c9f-8295-c8fcc0a93bfe@group-3476BD9B3912->d80a136d-1766-4220-8826-4519ccdfc503: nextIndex: updateUnconditionally 0 -> 0
2019-10-05 01:01:42,962 [grpc-default-executor-3] INFO  impl.FollowerInfo (FollowerInfo.java:lambda$new$0(51)) - 612cac7f-adbd-4c9f-8295-c8fcc0a93bfe@group-3476BD9B3912->2f18de2d-e164-4d9c-9938-7123010b2f40: nextIndex: updateUnconditionally 0 -> 0
2019-10-05 01:01:44,063 [Thread-1550] INFO  client.GrpcClientProtocolService (GrpcClientProtocolService.java:lambda$processClientRequest$0(278)) - Failed RaftClientRequest:client-537F98AB942F->612cac7f-adbd-4c9f-8295-c8fcc0a93bfe@group-3476BD9B3912, cid=66, seq=0, Watch-ALL_COMMITTED(19), Message:<EMPTY>, reply=RaftClientReply:client-537F98AB942F->612cac7f-adbd-4c9f-8295-c8fcc0a93bfe@group-3476BD9B3912, cid=66, FAILED org.apache.ratis.protocol.NotReplicatedException: Request with call Id 66 and log index 19 is not yet replicated to ALL_COMMITTED, logIndex=19, commits[612cac7f-adbd-4c9f-8295-c8fcc0a93bfe:c2, d80a136d-1766-4220-8826-4519ccdfc503:c2, 2f18de2d-e164-4d9c-9938-7123010b2f40:c2]
2019-10-05 01:01:45,460 [grpc-default-executor-3] WARN  server.GrpcLogAppender (LogUtils.java:warn(134)) - 612cac7f-adbd-4c9f-8295-c8fcc0a93bfe@group-3476BD9B3912->d80a136d-1766-4220-8826-4519ccdfc503-AppendLogResponseHandler: Failed appendEntries: org.apache.ratis.thirdparty.io.grpc.StatusRuntimeException: UNAVAILABLE: io exception
2019-10-05 01:01:45,461 [grpc-default-executor-3] INFO  impl.FollowerInfo (FollowerInfo.java:lambda$new$0(51)) - 612cac7f-adbd-4c9f-8295-c8fcc0a93bfe@group-3476BD9B3912->d80a136d-1766-4220-8826-4519ccdfc503: nextIndex: updateUnconditionally 0 -> 0
2019-10-05 01:01:45,461 [grpc-default-executor-6] WARN  server.GrpcLogAppender (LogUtils.java:warn(134)) - 612cac7f-adbd-4c9f-8295-c8fcc0a93bfe@group-3476BD9B3912->2f18de2d-e164-4d9c-9938-7123010b2f40-AppendLogResponseHandler: Failed appendEntries: org.apache.ratis.thirdparty.io.grpc.StatusRuntimeException: UNAVAILABLE: io exception
2019-10-05 01:01:45,464 [grpc-default-executor-6] INFO  impl.FollowerInfo (FollowerInfo.java:lambda$new$0(51)) - 612cac7f-adbd-4c9f-8295-c8fcc0a93bfe@group-3476BD9B3912->2f18de2d-e164-4d9c-9938-7123010b2f40: nextIndex: updateUnconditionally 0 -> 0
2019-10-05 01:01:47,963 [grpc-default-executor-6] WARN  server.GrpcLogAppender (LogUtils.java:warn(134)) - 612cac7f-adbd-4c9f-8295-c8fcc0a93bfe@group-3476BD9B3912->d80a136d-1766-4220-8826-4519ccdfc503-AppendLogResponseHandler: Failed appendEntries: org.apache.ratis.thirdparty.io.grpc.StatusRuntimeException: UNAVAILABLE: io exception
2019-10-05 01:01:47,963 [grpc-default-executor-3] WARN  server.GrpcLogAppender (LogUtils.java:warn(134)) - 612cac7f-adbd-4c9f-8295-c8fcc0a93bfe@group-3476BD9B3912->2f18de2d-e164-4d9c-9938-7123010b2f40-AppendLogResponseHandler: Failed appendEntries: org.apache.ratis.thirdparty.io.grpc.StatusRuntimeException: UNAVAILABLE: io exception
2019-10-05 01:01:47,964 [grpc-default-executor-6] INFO  impl.FollowerInfo (FollowerInfo.java:lambda$new$0(51)) - 612cac7f-adbd-4c9f-8295-c8fcc0a93bfe@group-3476BD9B3912->d80a136d-1766-4220-8826-4519ccdfc503: nextIndex: updateUnconditionally 0 -> 0
2019-10-05 01:01:47,964 [grpc-default-executor-3] INFO  impl.FollowerInfo (FollowerInfo.java:lambda$new$0(51)) - 612cac7f-adbd-4c9f-8295-c8fcc0a93bfe@group-3476BD9B3912->2f18de2d-e164-4d9c-9938-7123010b2f40: nextIndex: updateUnconditionally 0 -> 0
2019-10-05 01:01:50,464 [grpc-default-executor-3] WARN  server.GrpcLogAppender (LogUtils.java:warn(134)) - 612cac7f-adbd-4c9f-8295-c8fcc0a93bfe@group-3476BD9B3912->2f18de2d-e164-4d9c-9938-7123010b2f40-AppendLogResponseHandler: Failed appendEntries: org.apache.ratis.thirdparty.io.grpc.StatusRuntimeException: UNAVAILABLE: io exception
2019-10-05 01:01:50,464 [grpc-default-executor-7] WARN  server.GrpcLogAppender (LogUtils.java:warn(134)) - 612cac7f-adbd-4c9f-8295-c8fcc0a93bfe@group-3476BD9B3912->d80a136d-1766-4220-8826-4519ccdfc503-AppendLogResponseHandler: Failed appendEntries: org.apache.ratis.thirdparty.io.grpc.StatusRuntimeException: UNAVAILABLE: io exception
2019-10-05 01:01:50,464 [grpc-default-executor-3] INFO  impl.FollowerInfo (FollowerInfo.java:lambda$new$0(51)) - 612cac7f-adbd-4c9f-8295-c8fcc0a93bfe@group-3476BD9B3912->2f18de2d-e164-4d9c-9938-7123010b2f40: nextIndex: updateUnconditionally 0 -> 0
2019-10-05 01:01:50,465 [grpc-default-executor-7] INFO  impl.FollowerInfo (FollowerInfo.java:lambda$new$0(51)) - 612cac7f-adbd-4c9f-8295-c8fcc0a93bfe@group-3476BD9B3912->d80a136d-1766-4220-8826-4519ccdfc503: nextIndex: updateUnconditionally 0 -> 0
2019-10-05 01:01:52,969 [grpc-default-executor-7] WARN  server.GrpcLogAppender (LogUtils.java:warn(134)) - 612cac7f-adbd-4c9f-8295-c8fcc0a93bfe@group-3476BD9B3912->d80a136d-1766-4220-8826-4519ccdfc503-AppendLogResponseHandler: Failed appendEntries: org.apache.ratis.thirdparty.io.grpc.StatusRuntimeException: UNAVAILABLE: io exception
2019-10-05 01:01:52,969 [grpc-default-executor-3] WARN  server.GrpcLogAppender (LogUtils.java:warn(134)) - 612cac7f-adbd-4c9f-8295-c8fcc0a93bfe@group-3476BD9B3912->2f18de2d-e164-4d9c-9938-7123010b2f40-AppendLogResponseHandler: Failed appendEntries: org.apache.ratis.thirdparty.io.grpc.StatusRuntimeException: UNAVAILABLE: io exception
2019-10-05 01:01:52,970 [grpc-default-executor-7] INFO  impl.FollowerInfo (FollowerInfo.java:lambda$new$0(51)) - 612cac7f-adbd-4c9f-8295-c8fcc0a93bfe@group-3476BD9B3912->d80a136d-1766-4220-8826-4519ccdfc503: nextIndex: updateUnconditionally 0 -> 0
2019-10-05 01:01:52,970 [grpc-default-executor-3] INFO  impl.FollowerInfo (FollowerInfo.java:lambda$new$0(51)) - 612cac7f-adbd-4c9f-8295-c8fcc0a93bfe@group-3476BD9B3912->2f18de2d-e164-4d9c-9938-7123010b2f40: nextIndex: updateUnconditionally 0 -> 0
2019-10-05 01:01:53,223 [main] WARN  scm.XceiverClientRatis (XceiverClientRatis.java:watchForCommit(292)) - 3 way commit failed on pipeline Pipeline[ Id: 402513d2-0621-4ccb-aa1d-3476bd9b3912, Nodes: d80a136d-1766-4220-8826-4519ccdfc503{ip: 192.168.151.100, host: pr-hdds-1986-gkmgr-421349047, networkLocation: /default-rack, certSerialId: null}2f18de2d-e164-4d9c-9938-7123010b2f40{ip: 192.168.151.100, host: pr-hdds-1986-gkmgr-421349047, networkLocation: /default-rack, certSerialId: null}612cac7f-adbd-4c9f-8295-c8fcc0a93bfe{ip: 192.168.151.100, host: pr-hdds-1986-gkmgr-421349047, networkLocation: /default-rack, certSerialId: null}, Type:RATIS, Factor:THREE, State:OPEN]
java.util.concurrent.TimeoutException
	at java.util.concurrent.CompletableFuture.timedGet(CompletableFuture.java:1771)
	at java.util.concurrent.CompletableFuture.get(CompletableFuture.java:1915)
	at org.apache.hadoop.hdds.scm.XceiverClientRatis.watchForCommit(XceiverClientRatis.java:289)
	at org.apache.hadoop.ozone.client.rpc.TestWatchForCommit.testWatchForCommitForRetryfailure(TestWatchForCommit.java:345)
	at sun.reflect.NativeMethodAccessorImpl.invoke0(Native Method)
	at sun.reflect.NativeMethodAccessorImpl.invoke(NativeMethodAccessorImpl.java:62)
	at sun.reflect.DelegatingMethodAccessorImpl.invoke(DelegatingMethodAccessorImpl.java:43)
	at java.lang.reflect.Method.invoke(Method.java:498)
	at org.junit.runners.model.FrameworkMethod$1.runReflectiveCall(FrameworkMethod.java:47)
	at org.junit.internal.runners.model.ReflectiveCallable.run(ReflectiveCallable.java:12)
	at org.junit.runners.model.FrameworkMethod.invokeExplosively(FrameworkMethod.java:44)
	at org.junit.internal.runners.statements.InvokeMethod.evaluate(InvokeMethod.java:17)
	at org.junit.runners.ParentRunner.runLeaf(ParentRunner.java:271)
	at org.junit.runners.BlockJUnit4ClassRunner.runChild(BlockJUnit4ClassRunner.java:70)
	at org.junit.runners.BlockJUnit4ClassRunner.runChild(BlockJUnit4ClassRunner.java:50)
	at org.junit.runners.ParentRunner$3.run(ParentRunner.java:238)
	at org.junit.runners.ParentRunner$1.schedule(ParentRunner.java:63)
	at org.junit.runners.ParentRunner.runChildren(ParentRunner.java:236)
	at org.junit.runners.ParentRunner.access$000(ParentRunner.java:53)
	at org.junit.runners.ParentRunner$2.evaluate(ParentRunner.java:229)
	at org.junit.runners.ParentRunner.run(ParentRunner.java:309)
	at org.apache.maven.surefire.junit4.JUnit4Provider.execute(JUnit4Provider.java:365)
	at org.apache.maven.surefire.junit4.JUnit4Provider.executeWithRerun(JUnit4Provider.java:273)
	at org.apache.maven.surefire.junit4.JUnit4Provider.executeTestSet(JUnit4Provider.java:238)
	at org.apache.maven.surefire.junit4.JUnit4Provider.invoke(JUnit4Provider.java:159)
	at org.apache.maven.surefire.booter.ForkedBooter.invokeProviderInSameClassLoader(ForkedBooter.java:384)
	at org.apache.maven.surefire.booter.ForkedBooter.runSuitesInProcess(ForkedBooter.java:345)
	at org.apache.maven.surefire.booter.ForkedBooter.execute(ForkedBooter.java:126)
	at org.apache.maven.surefire.booter.ForkedBooter.main(ForkedBooter.java:418)
2019-10-05 01:01:55,057 [Thread-1564] INFO  client.GrpcClientProtocolService (GrpcClientProtocolService.java:lambda$processClientRequest$0(278)) - Failed RaftClientRequest:client-537F98AB942F->612cac7f-adbd-4c9f-8295-c8fcc0a93bfe@group-3476BD9B3912, cid=66, seq=0, Watch-ALL_COMMITTED(19), Message:<EMPTY>, reply=RaftClientReply:client-537F98AB942F->612cac7f-adbd-4c9f-8295-c8fcc0a93bfe@group-3476BD9B3912, cid=66, FAILED org.apache.ratis.protocol.NotReplicatedException: Request with call Id 66 and log index 19 is not yet replicated to ALL_COMMITTED, logIndex=19, commits[612cac7f-adbd-4c9f-8295-c8fcc0a93bfe:c2, d80a136d-1766-4220-8826-4519ccdfc503:c2, 2f18de2d-e164-4d9c-9938-7123010b2f40:c2]
2019-10-05 01:01:55,469 [grpc-default-executor-3] WARN  server.GrpcLogAppender (LogUtils.java:warn(134)) - 612cac7f-adbd-4c9f-8295-c8fcc0a93bfe@group-3476BD9B3912->2f18de2d-e164-4d9c-9938-7123010b2f40-AppendLogResponseHandler: Failed appendEntries: org.apache.ratis.thirdparty.io.grpc.StatusRuntimeException: UNAVAILABLE: io exception
2019-10-05 01:01:55,469 [grpc-default-executor-5] WARN  server.GrpcLogAppender (LogUtils.java:warn(134)) - 612cac7f-adbd-4c9f-8295-c8fcc0a93bfe@group-3476BD9B3912->d80a136d-1766-4220-8826-4519ccdfc503-AppendLogResponseHandler: Failed appendEntries: org.apache.ratis.thirdparty.io.grpc.StatusRuntimeException: UNAVAILABLE: io exception
2019-10-05 01:01:55,476 [grpc-default-executor-3] INFO  impl.FollowerInfo (FollowerInfo.java:lambda$new$0(51)) - 612cac7f-adbd-4c9f-8295-c8fcc0a93bfe@group-3476BD9B3912->2f18de2d-e164-4d9c-9938-7123010b2f40: nextIndex: updateUnconditionally 0 -> 0
2019-10-05 01:01:55,477 [grpc-default-executor-5] INFO  impl.FollowerInfo (FollowerInfo.java:lambda$new$0(51)) - 612cac7f-adbd-4c9f-8295-c8fcc0a93bfe@group-3476BD9B3912->d80a136d-1766-4220-8826-4519ccdfc503: nextIndex: updateUnconditionally 0 -> 0
2019-10-05 01:01:57,971 [grpc-default-executor-3] WARN  server.GrpcLogAppender (LogUtils.java:warn(134)) - 612cac7f-adbd-4c9f-8295-c8fcc0a93bfe@group-3476BD9B3912->2f18de2d-e164-4d9c-9938-7123010b2f40-AppendLogResponseHandler: Failed appendEntries: org.apache.ratis.thirdparty.io.grpc.StatusRuntimeException: UNAVAILABLE: io exception
2019-10-05 01:01:57,971 [grpc-default-executor-5] WARN  server.GrpcLogAppender (LogUtils.java:warn(134)) - 612cac7f-adbd-4c9f-8295-c8fcc0a93bfe@group-3476BD9B3912->d80a136d-1766-4220-8826-4519ccdfc503-AppendLogResponseHandler: Failed appendEntries: org.apache.ratis.thirdparty.io.grpc.StatusRuntimeException: UNAVAILABLE: io exception
2019-10-05 01:01:57,972 [grpc-default-executor-5] INFO  impl.FollowerInfo (FollowerInfo.java:lambda$new$0(51)) - 612cac7f-adbd-4c9f-8295-c8fcc0a93bfe@group-3476BD9B3912->d80a136d-1766-4220-8826-4519ccdfc503: nextIndex: updateUnconditionally 0 -> 0
2019-10-05 01:01:57,972 [grpc-default-executor-3] INFO  impl.FollowerInfo (FollowerInfo.java:lambda$new$0(51)) - 612cac7f-adbd-4c9f-8295-c8fcc0a93bfe@group-3476BD9B3912->2f18de2d-e164-4d9c-9938-7123010b2f40: nextIndex: updateUnconditionally 0 -> 0
2019-10-05 01:02:00,472 [grpc-default-executor-3] WARN  server.GrpcLogAppender (LogUtils.java:warn(134)) - 612cac7f-adbd-4c9f-8295-c8fcc0a93bfe@group-3476BD9B3912->2f18de2d-e164-4d9c-9938-7123010b2f40-AppendLogResponseHandler: Failed appendEntries: org.apache.ratis.thirdparty.io.grpc.StatusRuntimeException: UNAVAILABLE: io exception
2019-10-05 01:02:00,472 [grpc-default-executor-2] WARN  server.GrpcLogAppender (LogUtils.java:warn(134)) - 612cac7f-adbd-4c9f-8295-c8fcc0a93bfe@group-3476BD9B3912->d80a136d-1766-4220-8826-4519ccdfc503-AppendLogResponseHandler: Failed appendEntries: org.apache.ratis.thirdparty.io.grpc.StatusRuntimeException: UNAVAILABLE: io exception
2019-10-05 01:02:00,473 [grpc-default-executor-3] INFO  impl.FollowerInfo (FollowerInfo.java:lambda$new$0(51)) - 612cac7f-adbd-4c9f-8295-c8fcc0a93bfe@group-3476BD9B3912->2f18de2d-e164-4d9c-9938-7123010b2f40: nextIndex: updateUnconditionally 0 -> 0
2019-10-05 01:02:00,473 [grpc-default-executor-2] INFO  impl.FollowerInfo (FollowerInfo.java:lambda$new$0(51)) - 612cac7f-adbd-4c9f-8295-c8fcc0a93bfe@group-3476BD9B3912->d80a136d-1766-4220-8826-4519ccdfc503: nextIndex: updateUnconditionally 0 -> 0
2019-10-05 01:02:02,973 [grpc-default-executor-7] WARN  server.GrpcLogAppender (LogUtils.java:warn(134)) - 612cac7f-adbd-4c9f-8295-c8fcc0a93bfe@group-3476BD9B3912->d80a136d-1766-4220-8826-4519ccdfc503-AppendLogResponseHandler: Failed appendEntries: org.apache.ratis.thirdparty.io.grpc.StatusRuntimeException: UNAVAILABLE: io exception
2019-10-05 01:02:02,973 [grpc-default-executor-2] WARN  server.GrpcLogAppender (LogUtils.java:warn(134)) - 612cac7f-adbd-4c9f-8295-c8fcc0a93bfe@group-3476BD9B3912->2f18de2d-e164-4d9c-9938-7123010b2f40-AppendLogResponseHandler: Failed appendEntries: org.apache.ratis.thirdparty.io.grpc.StatusRuntimeException: UNAVAILABLE: io exception
2019-10-05 01:02:02,974 [grpc-default-executor-7] INFO  impl.FollowerInfo (FollowerInfo.java:lambda$new$0(51)) - 612cac7f-adbd-4c9f-8295-c8fcc0a93bfe@group-3476BD9B3912->d80a136d-1766-4220-8826-4519ccdfc503: nextIndex: updateUnconditionally 0 -> 0
2019-10-05 01:02:02,974 [grpc-default-executor-2] INFO  impl.FollowerInfo (FollowerInfo.java:lambda$new$0(51)) - 612cac7f-adbd-4c9f-8295-c8fcc0a93bfe@group-3476BD9B3912->2f18de2d-e164-4d9c-9938-7123010b2f40: nextIndex: updateUnconditionally 0 -> 0
2019-10-05 01:02:04,056 [Thread-1579] INFO  client.GrpcClientProtocolService (GrpcClientProtocolService.java:lambda$processClientRequest$0(278)) - Failed RaftClientRequest:client-537F98AB942F->612cac7f-adbd-4c9f-8295-c8fcc0a93bfe@group-3476BD9B3912, cid=66, seq=0, Watch-ALL_COMMITTED(19), Message:<EMPTY>, reply=RaftClientReply:client-537F98AB942F->612cac7f-adbd-4c9f-8295-c8fcc0a93bfe@group-3476BD9B3912, cid=66, FAILED org.apache.ratis.protocol.NotReplicatedException: Request with call Id 66 and log index 19 is not yet replicated to ALL_COMMITTED, logIndex=19, commits[612cac7f-adbd-4c9f-8295-c8fcc0a93bfe:c2, d80a136d-1766-4220-8826-4519ccdfc503:c2, 2f18de2d-e164-4d9c-9938-7123010b2f40:c2]
2019-10-05 01:02:05,062 [Thread-1580] INFO  client.GrpcClientProtocolService (GrpcClientProtocolService.java:lambda$processClientRequest$0(278)) - Failed RaftClientRequest:client-537F98AB942F->612cac7f-adbd-4c9f-8295-c8fcc0a93bfe@group-3476BD9B3912, cid=67, seq=0, Watch-MAJORITY_COMMITTED(19), Message:<EMPTY>, reply=RaftClientReply:client-537F98AB942F->612cac7f-adbd-4c9f-8295-c8fcc0a93bfe@group-3476BD9B3912, cid=67, FAILED org.apache.ratis.protocol.NotReplicatedException: Request with call Id 67 and log index 19 is not yet replicated to MAJORITY_COMMITTED, logIndex=19, commits[612cac7f-adbd-4c9f-8295-c8fcc0a93bfe:c2, d80a136d-1766-4220-8826-4519ccdfc503:c2, 2f18de2d-e164-4d9c-9938-7123010b2f40:c2]
2019-10-05 01:02:05,475 [grpc-default-executor-7] WARN  server.GrpcLogAppender (LogUtils.java:warn(134)) - 612cac7f-adbd-4c9f-8295-c8fcc0a93bfe@group-3476BD9B3912->2f18de2d-e164-4d9c-9938-7123010b2f40-AppendLogResponseHandler: Failed appendEntries: org.apache.ratis.thirdparty.io.grpc.StatusRuntimeException: UNAVAILABLE: io exception
2019-10-05 01:02:05,475 [grpc-default-executor-2] WARN  server.GrpcLogAppender (LogUtils.java:warn(134)) - 612cac7f-adbd-4c9f-8295-c8fcc0a93bfe@group-3476BD9B3912->d80a136d-1766-4220-8826-4519ccdfc503-AppendLogResponseHandler: Failed appendEntries: org.apache.ratis.thirdparty.io.grpc.StatusRuntimeException: UNAVAILABLE: io exception
2019-10-05 01:02:05,484 [grpc-default-executor-7] INFO  impl.FollowerInfo (FollowerInfo.java:lambda$new$0(51)) - 612cac7f-adbd-4c9f-8295-c8fcc0a93bfe@group-3476BD9B3912->2f18de2d-e164-4d9c-9938-7123010b2f40: nextIndex: updateUnconditionally 0 -> 0
2019-10-05 01:02:05,484 [grpc-default-executor-2] INFO  impl.FollowerInfo (FollowerInfo.java:lambda$new$0(51)) - 612cac7f-adbd-4c9f-8295-c8fcc0a93bfe@group-3476BD9B3912->d80a136d-1766-4220-8826-4519ccdfc503: nextIndex: updateUnconditionally 0 -> 0
2019-10-05 01:02:07,975 [grpc-default-executor-5] WARN  server.GrpcLogAppender (LogUtils.java:warn(134)) - 612cac7f-adbd-4c9f-8295-c8fcc0a93bfe@group-3476BD9B3912->2f18de2d-e164-4d9c-9938-7123010b2f40-AppendLogResponseHandler: Failed appendEntries: org.apache.ratis.thirdparty.io.grpc.StatusRuntimeException: UNAVAILABLE: io exception
2019-10-05 01:02:07,975 [grpc-default-executor-3] WARN  server.GrpcLogAppender (LogUtils.java:warn(134)) - 612cac7f-adbd-4c9f-8295-c8fcc0a93bfe@group-3476BD9B3912->d80a136d-1766-4220-8826-4519ccdfc503-AppendLogResponseHandler: Failed appendEntries: org.apache.ratis.thirdparty.io.grpc.StatusRuntimeException: UNAVAILABLE: io exception
2019-10-05 01:02:07,976 [grpc-default-executor-5] INFO  impl.FollowerInfo (FollowerInfo.java:lambda$new$0(51)) - 612cac7f-adbd-4c9f-8295-c8fcc0a93bfe@group-3476BD9B3912->2f18de2d-e164-4d9c-9938-7123010b2f40: nextIndex: updateUnconditionally 0 -> 0
2019-10-05 01:02:07,976 [grpc-default-executor-3] INFO  impl.FollowerInfo (FollowerInfo.java:lambda$new$0(51)) - 612cac7f-adbd-4c9f-8295-c8fcc0a93bfe@group-3476BD9B3912->d80a136d-1766-4220-8826-4519ccdfc503: nextIndex: updateUnconditionally 0 -> 0
2019-10-05 01:02:10,477 [grpc-default-executor-7] WARN  server.GrpcLogAppender (LogUtils.java:warn(134)) - 612cac7f-adbd-4c9f-8295-c8fcc0a93bfe@group-3476BD9B3912->d80a136d-1766-4220-8826-4519ccdfc503-AppendLogResponseHandler: Failed appendEntries: org.apache.ratis.thirdparty.io.grpc.StatusRuntimeException: UNAVAILABLE: io exception
2019-10-05 01:02:10,477 [grpc-default-executor-8] WARN  server.GrpcLogAppender (LogUtils.java:warn(134)) - 612cac7f-adbd-4c9f-8295-c8fcc0a93bfe@group-3476BD9B3912->2f18de2d-e164-4d9c-9938-7123010b2f40-AppendLogResponseHandler: Failed appendEntries: org.apache.ratis.thirdparty.io.grpc.StatusRuntimeException: UNAVAILABLE: io exception
2019-10-05 01:02:10,478 [grpc-default-executor-7] INFO  impl.FollowerInfo (FollowerInfo.java:lambda$new$0(51)) - 612cac7f-adbd-4c9f-8295-c8fcc0a93bfe@group-3476BD9B3912->d80a136d-1766-4220-8826-4519ccdfc503: nextIndex: updateUnconditionally 0 -> 0
2019-10-05 01:02:10,478 [grpc-default-executor-8] INFO  impl.FollowerInfo (FollowerInfo.java:lambda$new$0(51)) - 612cac7f-adbd-4c9f-8295-c8fcc0a93bfe@group-3476BD9B3912->2f18de2d-e164-4d9c-9938-7123010b2f40: nextIndex: updateUnconditionally 0 -> 0
2019-10-05 01:02:12,977 [grpc-default-executor-2] WARN  server.GrpcLogAppender (LogUtils.java:warn(134)) - 612cac7f-adbd-4c9f-8295-c8fcc0a93bfe@group-3476BD9B3912->d80a136d-1766-4220-8826-4519ccdfc503-AppendLogResponseHandler: Failed appendEntries: org.apache.ratis.thirdparty.io.grpc.StatusRuntimeException: UNAVAILABLE: io exception
2019-10-05 01:02:12,977 [grpc-default-executor-7] WARN  server.GrpcLogAppender (LogUtils.java:warn(134)) - 612cac7f-adbd-4c9f-8295-c8fcc0a93bfe@group-3476BD9B3912->2f18de2d-e164-4d9c-9938-7123010b2f40-AppendLogResponseHandler: Failed appendEntries: org.apache.ratis.thirdparty.io.grpc.StatusRuntimeException: UNAVAILABLE: io exception
2019-10-05 01:02:12,978 [grpc-default-executor-2] INFO  impl.FollowerInfo (FollowerInfo.java:lambda$new$0(51)) - 612cac7f-adbd-4c9f-8295-c8fcc0a93bfe@group-3476BD9B3912->d80a136d-1766-4220-8826-4519ccdfc503: nextIndex: updateUnconditionally 0 -> 0
2019-10-05 01:02:12,978 [grpc-default-executor-7] INFO  impl.FollowerInfo (FollowerInfo.java:lambda$new$0(51)) - 612cac7f-adbd-4c9f-8295-c8fcc0a93bfe@group-3476BD9B3912->2f18de2d-e164-4d9c-9938-7123010b2f40: nextIndex: updateUnconditionally 0 -> 0
]]></system-out>
    <system-err><![CDATA[Oct 05, 2019 1:01:28 AM org.apache.ratis.thirdparty.io.grpc.internal.SerializingExecutor run
SEVERE: Exception while executing runnable org.apache.ratis.thirdparty.io.grpc.internal.ServerImpl$JumpToApplicationThreadServerStreamListener$1Closed@6bad6b45
org.apache.ratis.thirdparty.io.grpc.StatusRuntimeException: CANCELLED: call already cancelled
	at org.apache.ratis.thirdparty.io.grpc.Status.asRuntimeException(Status.java:517)
	at org.apache.ratis.thirdparty.io.grpc.stub.ServerCalls$ServerCallStreamObserverImpl.onCompleted(ServerCalls.java:356)
	at org.apache.ratis.grpc.server.GrpcServerProtocolService$ServerRequestStreamObserver.onError(GrpcServerProtocolService.java:121)
	at org.apache.ratis.thirdparty.io.grpc.stub.ServerCalls$StreamingServerCallHandler$StreamingServerCallListener.onCancel(ServerCalls.java:269)
	at org.apache.ratis.thirdparty.io.grpc.internal.ServerCallImpl$ServerStreamListenerImpl.closed(ServerCallImpl.java:293)
	at org.apache.ratis.thirdparty.io.grpc.internal.ServerImpl$JumpToApplicationThreadServerStreamListener$1Closed.runInContext(ServerImpl.java:741)
	at org.apache.ratis.thirdparty.io.grpc.internal.ContextRunnable.run(ContextRunnable.java:37)
	at org.apache.ratis.thirdparty.io.grpc.internal.SerializingExecutor.run(SerializingExecutor.java:123)
	at java.util.concurrent.ThreadPoolExecutor.runWorker(ThreadPoolExecutor.java:1149)
	at java.util.concurrent.ThreadPoolExecutor$Worker.run(ThreadPoolExecutor.java:624)
	at java.lang.Thread.run(Thread.java:748)

Oct 05, 2019 1:01:33 AM org.apache.ratis.thirdparty.io.grpc.internal.SerializingExecutor run
SEVERE: Exception while executing runnable org.apache.ratis.thirdparty.io.grpc.internal.ServerImpl$JumpToApplicationThreadServerStreamListener$1Closed@58124c04
org.apache.ratis.thirdparty.io.grpc.StatusRuntimeException: CANCELLED: call already cancelled
	at org.apache.ratis.thirdparty.io.grpc.Status.asRuntimeException(Status.java:517)
	at org.apache.ratis.thirdparty.io.grpc.stub.ServerCalls$ServerCallStreamObserverImpl.onCompleted(ServerCalls.java:356)
	at org.apache.ratis.grpc.server.GrpcServerProtocolService$ServerRequestStreamObserver.onError(GrpcServerProtocolService.java:121)
	at org.apache.ratis.thirdparty.io.grpc.stub.ServerCalls$StreamingServerCallHandler$StreamingServerCallListener.onCancel(ServerCalls.java:269)
	at org.apache.ratis.thirdparty.io.grpc.internal.ServerCallImpl$ServerStreamListenerImpl.closed(ServerCallImpl.java:293)
	at org.apache.ratis.thirdparty.io.grpc.internal.ServerImpl$JumpToApplicationThreadServerStreamListener$1Closed.runInContext(ServerImpl.java:741)
	at org.apache.ratis.thirdparty.io.grpc.internal.ContextRunnable.run(ContextRunnable.java:37)
	at org.apache.ratis.thirdparty.io.grpc.internal.SerializingExecutor.run(SerializingExecutor.java:123)
	at java.util.concurrent.ThreadPoolExecutor.runWorker(ThreadPoolExecutor.java:1149)
	at java.util.concurrent.ThreadPoolExecutor$Worker.run(ThreadPoolExecutor.java:624)
	at java.lang.Thread.run(Thread.java:748)

]]></system-err>
  </testcase>
  <testcase name="testWatchForCommitForGroupMismatchException" classname="org.apache.hadoop.ozone.client.rpc.TestWatchForCommit" time="32.015"/>
  <testcase name="test2WayCommitForTimeoutException" classname="org.apache.hadoop.ozone.client.rpc.TestWatchForCommit" time="27.708">
    <error type="java.util.concurrent.TimeoutException">java.util.concurrent.TimeoutException
	at java.util.concurrent.CompletableFuture.timedGet(CompletableFuture.java:1771)
	at java.util.concurrent.CompletableFuture.get(CompletableFuture.java:1915)
	at org.apache.hadoop.hdds.scm.XceiverClientRatis.watchForCommit(XceiverClientRatis.java:298)
	at org.apache.hadoop.ozone.client.rpc.TestWatchForCommit.test2WayCommitForTimeoutException(TestWatchForCommit.java:391)
	at sun.reflect.NativeMethodAccessorImpl.invoke0(Native Method)
	at sun.reflect.NativeMethodAccessorImpl.invoke(NativeMethodAccessorImpl.java:62)
	at sun.reflect.DelegatingMethodAccessorImpl.invoke(DelegatingMethodAccessorImpl.java:43)
	at java.lang.reflect.Method.invoke(Method.java:498)
	at org.junit.runners.model.FrameworkMethod$1.runReflectiveCall(FrameworkMethod.java:47)
	at org.junit.internal.runners.model.ReflectiveCallable.run(ReflectiveCallable.java:12)
	at org.junit.runners.model.FrameworkMethod.invokeExplosively(FrameworkMethod.java:44)
	at org.junit.internal.runners.statements.InvokeMethod.evaluate(InvokeMethod.java:17)
	at org.junit.runners.ParentRunner.runLeaf(ParentRunner.java:271)
	at org.junit.runners.BlockJUnit4ClassRunner.runChild(BlockJUnit4ClassRunner.java:70)
	at org.junit.runners.BlockJUnit4ClassRunner.runChild(BlockJUnit4ClassRunner.java:50)
	at org.junit.runners.ParentRunner$3.run(ParentRunner.java:238)
	at org.junit.runners.ParentRunner$1.schedule(ParentRunner.java:63)
	at org.junit.runners.ParentRunner.runChildren(ParentRunner.java:236)
	at org.junit.runners.ParentRunner.access$000(ParentRunner.java:53)
	at org.junit.runners.ParentRunner$2.evaluate(ParentRunner.java:229)
	at org.junit.runners.ParentRunner.run(ParentRunner.java:309)
	at org.apache.maven.surefire.junit4.JUnit4Provider.execute(JUnit4Provider.java:365)
	at org.apache.maven.surefire.junit4.JUnit4Provider.executeWithRerun(JUnit4Provider.java:273)
	at org.apache.maven.surefire.junit4.JUnit4Provider.executeTestSet(JUnit4Provider.java:238)
	at org.apache.maven.surefire.junit4.JUnit4Provider.invoke(JUnit4Provider.java:159)
	at org.apache.maven.surefire.booter.ForkedBooter.invokeProviderInSameClassLoader(ForkedBooter.java:384)
	at org.apache.maven.surefire.booter.ForkedBooter.runSuitesInProcess(ForkedBooter.java:345)
	at org.apache.maven.surefire.booter.ForkedBooter.execute(ForkedBooter.java:126)
	at org.apache.maven.surefire.booter.ForkedBooter.main(ForkedBooter.java:418)
</error>
    <system-out><![CDATA[2019-10-05 01:02:45,267 [main] WARN  server.ServerUtils (ServerUtils.java:getScmDbDir(145)) - ozone.scm.db.dirs is not configured. We recommend adding this setting. Falling back to ozone.metadata.dirs instead.
2019-10-05 01:02:45,280 [main] WARN  server.ServerUtils (ServerUtils.java:getScmDbDir(145)) - ozone.scm.db.dirs is not configured. We recommend adding this setting. Falling back to ozone.metadata.dirs instead.
2019-10-05 01:02:45,280 [main] WARN  server.ServerUtils (ServerUtils.java:getScmDbDir(145)) - ozone.scm.db.dirs is not configured. We recommend adding this setting. Falling back to ozone.metadata.dirs instead.
2019-10-05 01:02:45,281 [main] INFO  db.DBStoreBuilder (DBStoreBuilder.java:addTable(117)) - using custom profile for table: deletedBlocks
2019-10-05 01:02:45,281 [main] INFO  db.DBStoreBuilder (DBStoreBuilder.java:processTables(168)) - Using default column profile:DBProfile.DISK for Table:deletedBlocks
2019-10-05 01:02:45,281 [main] INFO  db.DBStoreBuilder (DBStoreBuilder.java:addTable(117)) - using custom profile for table: validCerts
2019-10-05 01:02:45,281 [main] INFO  db.DBStoreBuilder (DBStoreBuilder.java:processTables(168)) - Using default column profile:DBProfile.DISK for Table:validCerts
2019-10-05 01:02:45,282 [main] INFO  db.DBStoreBuilder (DBStoreBuilder.java:addTable(117)) - using custom profile for table: revokedCerts
2019-10-05 01:02:45,282 [main] INFO  db.DBStoreBuilder (DBStoreBuilder.java:processTables(168)) - Using default column profile:DBProfile.DISK for Table:revokedCerts
2019-10-05 01:02:45,282 [main] INFO  db.DBStoreBuilder (DBStoreBuilder.java:addTable(117)) - using custom profile for table: default
2019-10-05 01:02:45,282 [main] INFO  db.DBStoreBuilder (DBStoreBuilder.java:processTables(174)) - Using default column profile:DBProfile.DISK for Table:default
2019-10-05 01:02:45,282 [main] INFO  db.DBStoreBuilder (DBStoreBuilder.java:getDbProfile(205)) - Using default options. DBProfile.DISK
2019-10-05 01:02:45,394 [main] INFO  net.NodeSchemaLoader (NodeSchemaLoader.java:loadSchemaFromFile(125)) - Loading file from sun.misc.CompoundEnumeration@26e0d39c
2019-10-05 01:02:45,395 [main] INFO  net.NodeSchemaLoader (NodeSchemaLoader.java:loadSchema(171)) - Loading network topology layer schema file
2019-10-05 01:02:45,400 [main] WARN  server.ServerUtils (ServerUtils.java:sanitizeUserArgs(70)) - ozone.scm.stale.node.interval value = 300000 is larger than max = 100000 based on the key value of ozone.scm.heartbeat.thread.interval, reset to the max value 100000.
2019-10-05 01:02:45,400 [main] WARN  server.ServerUtils (ServerUtils.java:sanitizeUserArgs(70)) - ozone.scm.stale.node.interval value = 300000 is larger than max = 100000 based on the key value of ozone.scm.heartbeat.thread.interval, reset to the max value 100000.
2019-10-05 01:02:45,401 [main] INFO  node.SCMNodeManager (SCMNodeManager.java:<init>(116)) - Entering startup safe mode.
2019-10-05 01:02:45,402 [main] INFO  algorithms.ContainerPlacementPolicyFactory (ContainerPlacementPolicyFactory.java:getPolicy(57)) - Create container placement policy of type org.apache.hadoop.hdds.scm.container.placement.algorithms.SCMContainerPlacementRandom
2019-10-05 01:02:45,402 [main] WARN  server.ServerUtils (ServerUtils.java:getScmDbDir(145)) - ozone.scm.db.dirs is not configured. We recommend adding this setting. Falling back to ozone.metadata.dirs instead.
2019-10-05 01:02:45,423 [main] INFO  pipeline.SCMPipelineManager (SCMPipelineManager.java:initializePipelineState(132)) - No pipeline exists in current db
2019-10-05 01:02:45,424 [main] WARN  server.ServerUtils (ServerUtils.java:getScmDbDir(145)) - ozone.scm.db.dirs is not configured. We recommend adding this setting. Falling back to ozone.metadata.dirs instead.
2019-10-05 01:02:45,447 [main] WARN  events.EventQueue (EventQueue.java:fireEvent(183)) - No event handler registered for event TypedEvent{payloadType=SafeModeStatus, name='SafeModeStatus'}
2019-10-05 01:02:45,448 [main] INFO  ipc.CallQueueManager (CallQueueManager.java:<init>(84)) - Using callQueue: class java.util.concurrent.LinkedBlockingQueue, queueCapacity: 2000, scheduler: class org.apache.hadoop.ipc.DefaultRpcScheduler, ipcBackoff: false.
2019-10-05 01:02:45,449 [Socket Reader #1 for port 37398] INFO  ipc.Server (Server.java:run(1074)) - Starting Socket Reader #1 for port 37398
2019-10-05 01:02:45,453 [main] INFO  ipc.CallQueueManager (CallQueueManager.java:<init>(84)) - Using callQueue: class java.util.concurrent.LinkedBlockingQueue, queueCapacity: 2000, scheduler: class org.apache.hadoop.ipc.DefaultRpcScheduler, ipcBackoff: false.
2019-10-05 01:02:45,454 [Socket Reader #1 for port 39594] INFO  ipc.Server (Server.java:run(1074)) - Starting Socket Reader #1 for port 39594
2019-10-05 01:02:45,456 [main] INFO  ipc.CallQueueManager (CallQueueManager.java:<init>(84)) - Using callQueue: class java.util.concurrent.LinkedBlockingQueue, queueCapacity: 2000, scheduler: class org.apache.hadoop.ipc.DefaultRpcScheduler, ipcBackoff: false.
2019-10-05 01:02:45,457 [Socket Reader #1 for port 46295] INFO  ipc.Server (Server.java:run(1074)) - Starting Socket Reader #1 for port 46295
2019-10-05 01:02:45,461 [main] INFO  hdfs.DFSUtil (DFSUtil.java:httpServerTemplateForNNAndJN(1641)) - Starting Web-server for scm at: http://0.0.0.0:0
2019-10-05 01:02:45,463 [main] INFO  server.AuthenticationFilter (AuthenticationFilter.java:constructSecretProvider(240)) - Unable to initialize FileSignerSecretProvider, falling back to use random secrets.
2019-10-05 01:02:45,464 [main] WARN  http.HttpRequestLog (HttpRequestLog.java:getRequestLog(97)) - Jetty request log can only be enabled using Log4j
2019-10-05 01:02:45,466 [main] INFO  http.HttpServer2 (HttpServer2.java:addGlobalFilter(975)) - Added global filter 'safety' (class=org.apache.hadoop.http.HttpServer2$QuotingInputFilter)
2019-10-05 01:02:45,466 [main] INFO  http.HttpServer2 (HttpServer2.java:addFilter(948)) - Added filter static_user_filter (class=org.apache.hadoop.http.lib.StaticUserWebFilter$StaticUserFilter) to context scm
2019-10-05 01:02:45,467 [main] INFO  http.HttpServer2 (HttpServer2.java:addFilter(958)) - Added filter static_user_filter (class=org.apache.hadoop.http.lib.StaticUserWebFilter$StaticUserFilter) to context logs
2019-10-05 01:02:45,467 [main] INFO  http.HttpServer2 (HttpServer2.java:addFilter(958)) - Added filter static_user_filter (class=org.apache.hadoop.http.lib.StaticUserWebFilter$StaticUserFilter) to context static
2019-10-05 01:02:45,470 [main] INFO  server.StorageContainerManager (StorageContainerManager.java:start(770)) - StorageContainerLocationProtocol RPC server is listening at /0.0.0.0:46295
2019-10-05 01:02:45,472 [main] WARN  impl.MetricsConfig (MetricsConfig.java:loadFirst(134)) - Cannot locate configuration: tried hadoop-metrics2-storagecontainermanager.properties,hadoop-metrics2.properties
2019-10-05 01:02:45,473 [main] INFO  impl.MetricsSystemImpl (MetricsSystemImpl.java:startTimer(374)) - Scheduled Metric snapshot period at 10 second(s).
2019-10-05 01:02:45,474 [main] INFO  impl.MetricsSystemImpl (MetricsSystemImpl.java:start(191)) - StorageContainerManager metrics system started
2019-10-05 01:02:45,490 [grpc-default-executor-3] WARN  server.GrpcLogAppender (LogUtils.java:warn(134)) - 612cac7f-adbd-4c9f-8295-c8fcc0a93bfe@group-3476BD9B3912->2f18de2d-e164-4d9c-9938-7123010b2f40-AppendLogResponseHandler: Failed appendEntries: org.apache.ratis.thirdparty.io.grpc.StatusRuntimeException: UNAVAILABLE: io exception
2019-10-05 01:02:45,490 [grpc-default-executor-5] WARN  server.GrpcLogAppender (LogUtils.java:warn(134)) - 612cac7f-adbd-4c9f-8295-c8fcc0a93bfe@group-3476BD9B3912->d80a136d-1766-4220-8826-4519ccdfc503-AppendLogResponseHandler: Failed appendEntries: org.apache.ratis.thirdparty.io.grpc.StatusRuntimeException: UNAVAILABLE: io exception
2019-10-05 01:02:45,491 [grpc-default-executor-3] INFO  impl.FollowerInfo (FollowerInfo.java:lambda$new$0(51)) - 612cac7f-adbd-4c9f-8295-c8fcc0a93bfe@group-3476BD9B3912->2f18de2d-e164-4d9c-9938-7123010b2f40: nextIndex: updateUnconditionally 0 -> 0
2019-10-05 01:02:45,491 [grpc-default-executor-5] INFO  impl.FollowerInfo (FollowerInfo.java:lambda$new$0(51)) - 612cac7f-adbd-4c9f-8295-c8fcc0a93bfe@group-3476BD9B3912->d80a136d-1766-4220-8826-4519ccdfc503: nextIndex: updateUnconditionally 0 -> 0
2019-10-05 01:02:45,769 [main] WARN  impl.MetricsSystemImpl (MetricsSystemImpl.java:register(276)) - Sink prometheus already exists!
2019-10-05 01:02:46,056 [Thread-2061] INFO  client.GrpcClientProtocolService (GrpcClientProtocolService.java:lambda$processClientRequest$0(278)) - Failed RaftClientRequest:client-537F98AB942F->612cac7f-adbd-4c9f-8295-c8fcc0a93bfe@group-3476BD9B3912, cid=66, seq=0, Watch-ALL_COMMITTED(19), Message:<EMPTY>, reply=RaftClientReply:client-537F98AB942F->612cac7f-adbd-4c9f-8295-c8fcc0a93bfe@group-3476BD9B3912, cid=66, FAILED org.apache.ratis.protocol.NotReplicatedException: Request with call Id 66 and log index 19 is not yet replicated to ALL_COMMITTED, logIndex=19, commits[612cac7f-adbd-4c9f-8295-c8fcc0a93bfe:c2, d80a136d-1766-4220-8826-4519ccdfc503:c2, 2f18de2d-e164-4d9c-9938-7123010b2f40:c2]
2019-10-05 01:02:46,056 [Thread-2062] INFO  client.GrpcClientProtocolService (GrpcClientProtocolService.java:lambda$processClientRequest$0(278)) - Failed RaftClientRequest:client-537F98AB942F->612cac7f-adbd-4c9f-8295-c8fcc0a93bfe@group-3476BD9B3912, cid=67, seq=0, Watch-MAJORITY_COMMITTED(19), Message:<EMPTY>, reply=RaftClientReply:client-537F98AB942F->612cac7f-adbd-4c9f-8295-c8fcc0a93bfe@group-3476BD9B3912, cid=67, FAILED org.apache.ratis.protocol.NotReplicatedException: Request with call Id 67 and log index 19 is not yet replicated to MAJORITY_COMMITTED, logIndex=19, commits[612cac7f-adbd-4c9f-8295-c8fcc0a93bfe:c2, d80a136d-1766-4220-8826-4519ccdfc503:c2, 2f18de2d-e164-4d9c-9938-7123010b2f40:c2]
2019-10-05 01:02:46,072 [main] INFO  server.SCMClientProtocolServer (SCMClientProtocolServer.java:start(159)) - RPC server for Client  is listening at /0.0.0.0:46295
2019-10-05 01:02:46,074 [IPC Server Responder] INFO  ipc.Server (Server.java:run(1314)) - IPC Server Responder: starting
2019-10-05 01:02:46,074 [IPC Server listener on 46295] INFO  ipc.Server (Server.java:run(1153)) - IPC Server listener on 46295: starting
2019-10-05 01:02:46,085 [main] INFO  server.StorageContainerManager (StorageContainerManager.java:start(780)) - ScmBlockLocationProtocol RPC server is listening at /0.0.0.0:39594
2019-10-05 01:02:46,085 [main] INFO  server.SCMBlockProtocolServer (SCMBlockProtocolServer.java:start(146)) - RPC server for Block Protocol is listening at /0.0.0.0:39594
2019-10-05 01:02:46,086 [IPC Server Responder] INFO  ipc.Server (Server.java:run(1314)) - IPC Server Responder: starting
2019-10-05 01:02:46,086 [IPC Server listener on 39594] INFO  ipc.Server (Server.java:run(1153)) - IPC Server listener on 39594: starting
2019-10-05 01:02:46,094 [main] INFO  server.StorageContainerManager (StorageContainerManager.java:start(784)) - ScmDatanodeProtocl RPC server is listening at /0.0.0.0:37398
2019-10-05 01:02:46,094 [main] INFO  server.SCMDatanodeProtocolServer (SCMDatanodeProtocolServer.java:start(169)) - RPC server for DataNodes is listening at /0.0.0.0:37398
2019-10-05 01:02:46,095 [IPC Server Responder] INFO  ipc.Server (Server.java:run(1314)) - IPC Server Responder: starting
2019-10-05 01:02:46,095 [IPC Server listener on 37398] INFO  ipc.Server (Server.java:run(1153)) - IPC Server listener on 37398: starting
2019-10-05 01:02:46,100 [main] INFO  http.HttpServer2 (HttpServer2.java:bindListener(1191)) - Jetty bound to port 44278
2019-10-05 01:02:46,100 [main] INFO  server.Server (Server.java:doStart(351)) - jetty-9.3.25.v20180904, build timestamp: 2018-09-04T21:11:46Z, git hash: 3ce520221d0240229c862b122d2b06c12a625732
2019-10-05 01:02:46,102 [main] INFO  handler.ContextHandler (ContextHandler.java:doStart(781)) - Started o.e.j.s.ServletContextHandler@4966bab1{/logs,file:///workdir/hadoop-ozone/integration-test/target/log,AVAILABLE}
2019-10-05 01:02:46,103 [main] INFO  handler.ContextHandler (ContextHandler.java:doStart(781)) - Started o.e.j.s.ServletContextHandler@6df4af5{/static,file:///workdir/hadoop-ozone/integration-test/target/test-classes/webapps/static,AVAILABLE}
2019-10-05 01:02:46,107 [main] INFO  handler.ContextHandler (ContextHandler.java:doStart(781)) - Started o.e.j.w.WebAppContext@2aa14ae6{/,file:///workdir/hadoop-ozone/integration-test/target/test-classes/webapps/scm/,AVAILABLE}{/scm}
2019-10-05 01:02:46,107 [main] INFO  server.AbstractConnector (AbstractConnector.java:doStart(278)) - Started ServerConnector@4be490da{HTTP/1.1,[http/1.1]}{0.0.0.0:44278}
2019-10-05 01:02:46,110 [main] INFO  server.Server (Server.java:doStart(419)) - Started @211806ms
2019-10-05 01:02:46,110 [main] WARN  impl.MetricsSystemImpl (MetricsSystemImpl.java:register(276)) - Sink prometheus already exists!
2019-10-05 01:02:46,112 [main] INFO  server.BaseHttpServer (BaseHttpServer.java:updateConnectorAddress(215)) - HTTP server of SCM is listening at http://0.0.0.0:44278
2019-10-05 01:02:46,115 [main] WARN  server.ServerUtils (ServerUtils.java:getDBPath(222)) - ozone.om.db.dirs is not configured. We recommend adding this setting. Falling back to ozone.metadata.dirs instead.
2019-10-05 01:02:46,115 [org.apache.hadoop.util.JvmPauseMonitor$Monitor@353e6389] INFO  util.JvmPauseMonitor (JvmPauseMonitor.java:run(188)) - Starting JVM pause monitor
2019-10-05 01:02:46,124 [main] INFO  ha.OMHANodeDetails (OMHANodeDetails.java:loadOMHAConfig(190)) - Configuration either no ozone.om.address set. Falling back to the default OM address /127.0.0.1:0
2019-10-05 01:02:46,124 [main] INFO  ha.OMHANodeDetails (OMHANodeDetails.java:getOMNodeDetails(220)) - OM Service ID is not set. Setting it to the default ID: omServiceIdDefault
2019-10-05 01:02:46,125 [main] WARN  server.ServerUtils (ServerUtils.java:getDBPath(222)) - ozone.om.db.dirs is not configured. We recommend adding this setting. Falling back to ozone.metadata.dirs instead.
2019-10-05 01:02:46,126 [main] WARN  server.ServerUtils (ServerUtils.java:getDBPath(222)) - ozone.om.db.dirs is not configured. We recommend adding this setting. Falling back to ozone.metadata.dirs instead.
2019-10-05 01:02:46,135 [main] WARN  server.ServerUtils (ServerUtils.java:getDBPath(222)) - ozone.om.db.dirs is not configured. We recommend adding this setting. Falling back to ozone.metadata.dirs instead.
2019-10-05 01:02:46,135 [main] INFO  db.DBStoreBuilder (DBStoreBuilder.java:addTable(117)) - using custom profile for table: userTable
2019-10-05 01:02:46,135 [main] INFO  db.DBStoreBuilder (DBStoreBuilder.java:processTables(168)) - Using default column profile:DBProfile.DISK for Table:userTable
2019-10-05 01:02:46,136 [main] INFO  db.DBStoreBuilder (DBStoreBuilder.java:addTable(117)) - using custom profile for table: volumeTable
2019-10-05 01:02:46,136 [main] INFO  db.DBStoreBuilder (DBStoreBuilder.java:processTables(168)) - Using default column profile:DBProfile.DISK for Table:volumeTable
2019-10-05 01:02:46,136 [main] INFO  db.DBStoreBuilder (DBStoreBuilder.java:addTable(117)) - using custom profile for table: bucketTable
2019-10-05 01:02:46,137 [main] INFO  db.DBStoreBuilder (DBStoreBuilder.java:processTables(168)) - Using default column profile:DBProfile.DISK for Table:bucketTable
2019-10-05 01:02:46,137 [main] INFO  db.DBStoreBuilder (DBStoreBuilder.java:addTable(117)) - using custom profile for table: keyTable
2019-10-05 01:02:46,137 [main] INFO  db.DBStoreBuilder (DBStoreBuilder.java:processTables(168)) - Using default column profile:DBProfile.DISK for Table:keyTable
2019-10-05 01:02:46,137 [main] INFO  db.DBStoreBuilder (DBStoreBuilder.java:addTable(117)) - using custom profile for table: deletedTable
2019-10-05 01:02:46,138 [main] INFO  db.DBStoreBuilder (DBStoreBuilder.java:processTables(168)) - Using default column profile:DBProfile.DISK for Table:deletedTable
2019-10-05 01:02:46,138 [main] INFO  db.DBStoreBuilder (DBStoreBuilder.java:addTable(117)) - using custom profile for table: openKeyTable
2019-10-05 01:02:46,138 [main] INFO  db.DBStoreBuilder (DBStoreBuilder.java:processTables(168)) - Using default column profile:DBProfile.DISK for Table:openKeyTable
2019-10-05 01:02:46,138 [main] INFO  db.DBStoreBuilder (DBStoreBuilder.java:addTable(117)) - using custom profile for table: s3Table
2019-10-05 01:02:46,139 [main] INFO  db.DBStoreBuilder (DBStoreBuilder.java:processTables(168)) - Using default column profile:DBProfile.DISK for Table:s3Table
2019-10-05 01:02:46,139 [main] INFO  db.DBStoreBuilder (DBStoreBuilder.java:addTable(117)) - using custom profile for table: multipartInfoTable
2019-10-05 01:02:46,139 [main] INFO  db.DBStoreBuilder (DBStoreBuilder.java:processTables(168)) - Using default column profile:DBProfile.DISK for Table:multipartInfoTable
2019-10-05 01:02:46,139 [main] INFO  db.DBStoreBuilder (DBStoreBuilder.java:addTable(117)) - using custom profile for table: dTokenTable
2019-10-05 01:02:46,140 [main] INFO  db.DBStoreBuilder (DBStoreBuilder.java:processTables(168)) - Using default column profile:DBProfile.DISK for Table:dTokenTable
2019-10-05 01:02:46,140 [main] INFO  db.DBStoreBuilder (DBStoreBuilder.java:addTable(117)) - using custom profile for table: s3SecretTable
2019-10-05 01:02:46,140 [main] INFO  db.DBStoreBuilder (DBStoreBuilder.java:processTables(168)) - Using default column profile:DBProfile.DISK for Table:s3SecretTable
2019-10-05 01:02:46,140 [main] INFO  db.DBStoreBuilder (DBStoreBuilder.java:addTable(117)) - using custom profile for table: prefixTable
2019-10-05 01:02:46,141 [main] INFO  db.DBStoreBuilder (DBStoreBuilder.java:processTables(168)) - Using default column profile:DBProfile.DISK for Table:prefixTable
2019-10-05 01:02:46,141 [main] INFO  db.DBStoreBuilder (DBStoreBuilder.java:addTable(117)) - using custom profile for table: default
2019-10-05 01:02:46,141 [main] INFO  db.DBStoreBuilder (DBStoreBuilder.java:processTables(174)) - Using default column profile:DBProfile.DISK for Table:default
2019-10-05 01:02:46,141 [main] INFO  db.DBStoreBuilder (DBStoreBuilder.java:getDbProfile(205)) - Using default options. DBProfile.DISK
2019-10-05 01:02:46,551 [main] INFO  ipc.CallQueueManager (CallQueueManager.java:<init>(84)) - Using callQueue: class java.util.concurrent.LinkedBlockingQueue, queueCapacity: 2000, scheduler: class org.apache.hadoop.ipc.DefaultRpcScheduler, ipcBackoff: false.
2019-10-05 01:02:46,551 [Socket Reader #1 for port 45691] INFO  ipc.Server (Server.java:run(1074)) - Starting Socket Reader #1 for port 45691
2019-10-05 01:02:46,572 [main] INFO  om.OzoneManager (OzoneManager.java:start(1069)) - OzoneManager RPC server is listening at localhost/127.0.0.1:45691
2019-10-05 01:02:46,572 [main] INFO  impl.MetricsSystemImpl (MetricsSystemImpl.java:init(158)) - OzoneManager metrics system started (again)
2019-10-05 01:02:46,573 [IPC Server Responder] INFO  ipc.Server (Server.java:run(1314)) - IPC Server Responder: starting
2019-10-05 01:02:46,573 [IPC Server listener on 45691] INFO  ipc.Server (Server.java:run(1153)) - IPC Server listener on 45691: starting
2019-10-05 01:02:46,581 [main] INFO  hdfs.DFSUtil (DFSUtil.java:httpServerTemplateForNNAndJN(1641)) - Starting Web-server for ozoneManager at: http://0.0.0.0:0
2019-10-05 01:02:46,583 [main] INFO  server.AuthenticationFilter (AuthenticationFilter.java:constructSecretProvider(240)) - Unable to initialize FileSignerSecretProvider, falling back to use random secrets.
2019-10-05 01:02:46,583 [main] WARN  http.HttpRequestLog (HttpRequestLog.java:getRequestLog(97)) - Jetty request log can only be enabled using Log4j
2019-10-05 01:02:46,585 [main] INFO  http.HttpServer2 (HttpServer2.java:addGlobalFilter(975)) - Added global filter 'safety' (class=org.apache.hadoop.http.HttpServer2$QuotingInputFilter)
2019-10-05 01:02:46,585 [main] INFO  http.HttpServer2 (HttpServer2.java:addFilter(948)) - Added filter static_user_filter (class=org.apache.hadoop.http.lib.StaticUserWebFilter$StaticUserFilter) to context ozoneManager
2019-10-05 01:02:46,585 [main] INFO  http.HttpServer2 (HttpServer2.java:addFilter(958)) - Added filter static_user_filter (class=org.apache.hadoop.http.lib.StaticUserWebFilter$StaticUserFilter) to context logs
2019-10-05 01:02:46,586 [main] INFO  http.HttpServer2 (HttpServer2.java:addFilter(958)) - Added filter static_user_filter (class=org.apache.hadoop.http.lib.StaticUserWebFilter$StaticUserFilter) to context static
2019-10-05 01:02:46,586 [main] INFO  http.HttpServer2 (HttpServer2.java:bindListener(1191)) - Jetty bound to port 38769
2019-10-05 01:02:46,586 [main] INFO  server.Server (Server.java:doStart(351)) - jetty-9.3.25.v20180904, build timestamp: 2018-09-04T21:11:46Z, git hash: 3ce520221d0240229c862b122d2b06c12a625732
2019-10-05 01:02:46,588 [main] INFO  handler.ContextHandler (ContextHandler.java:doStart(781)) - Started o.e.j.s.ServletContextHandler@261f359f{/logs,file:///workdir/hadoop-ozone/integration-test/target/log,AVAILABLE}
2019-10-05 01:02:46,588 [main] INFO  handler.ContextHandler (ContextHandler.java:doStart(781)) - Started o.e.j.s.ServletContextHandler@57186526{/static,file:///workdir/hadoop-ozone/integration-test/target/test-classes/webapps/static,AVAILABLE}
2019-10-05 01:02:46,592 [main] INFO  handler.ContextHandler (ContextHandler.java:doStart(781)) - Started o.e.j.w.WebAppContext@526f6427{/,file:///workdir/hadoop-ozone/integration-test/target/test-classes/webapps/ozoneManager/,AVAILABLE}{/ozoneManager}
2019-10-05 01:02:46,592 [main] INFO  server.AbstractConnector (AbstractConnector.java:doStart(278)) - Started ServerConnector@4f1afe8f{HTTP/1.1,[http/1.1]}{0.0.0.0:38769}
2019-10-05 01:02:46,594 [main] INFO  server.Server (Server.java:doStart(419)) - Started @212290ms
2019-10-05 01:02:46,594 [main] WARN  impl.MetricsSystemImpl (MetricsSystemImpl.java:register(276)) - Sink prometheus already exists!
2019-10-05 01:02:46,595 [main] INFO  server.BaseHttpServer (BaseHttpServer.java:updateConnectorAddress(215)) - HTTP server of OZONEMANAGER is listening at http://0.0.0.0:38769
2019-10-05 01:02:46,607 [main] INFO  impl.MetricsSystemImpl (MetricsSystemImpl.java:init(158)) - HddsDatanode metrics system started (again)
2019-10-05 01:02:46,624 [main] INFO  ozone.HddsDatanodeService (HddsDatanodeService.java:start(184)) - HddsDatanodeService host:pr-hdds-1986-gkmgr-421349047 ip:192.168.151.100
2019-10-05 01:02:46,637 [main] INFO  volume.HddsVolume (HddsVolume.java:<init>(176)) - Creating Volume: /workdir/hadoop-ozone/integration-test/target/test-dir/MiniOzoneClusterImpl-2fc00425-f157-4b47-81a8-e6a9c5ebfcba/datanode-0/data/containers/hdds of  storage type : DISK and capacity : 1482555576320
2019-10-05 01:02:46,638 [main] INFO  volume.VolumeSet (VolumeSet.java:initializeVolumeSet(170)) - Added Volume : /workdir/hadoop-ozone/integration-test/target/test-dir/MiniOzoneClusterImpl-2fc00425-f157-4b47-81a8-e6a9c5ebfcba/datanode-0/data/containers/hdds to VolumeSet
2019-10-05 01:02:46,638 [main] INFO  volume.ThrottledAsyncChecker (ThrottledAsyncChecker.java:schedule(139)) - Scheduling a check for org.apache.hadoop.ozone.container.common.volume.HddsVolume@62cbc478
2019-10-05 01:02:46,646 [main] INFO  volume.HddsVolumeChecker (HddsVolumeChecker.java:checkAllVolumes(202)) - Scheduled health check for volume org.apache.hadoop.ozone.container.common.volume.HddsVolume@62cbc478
2019-10-05 01:02:46,660 [main] INFO  impl.RaftServerProxy (ConfUtils.java:logGet(43)) - raft.rpc.type = GRPC (default)
2019-10-05 01:02:46,660 [main] INFO  grpc.GrpcFactory (GrpcFactory.java:checkPooledByteBufAllocatorUseCacheForAllThreads(45)) - PERFORMANCE WARNING: useCacheForAllThreads is true that may cause Netty to create a lot garbage objects and, as a result, trigger GC.
	It is recommended to disable useCacheForAllThreads by setting -Dorg.apache.ratis.thirdparty.io.netty.allocator.useCacheForAllThreads=false in command line.
2019-10-05 01:02:46,661 [main] INFO  grpc.GrpcConfigKeys$Server (ConfUtils.java:logGet(43)) - raft.grpc.server.port = 0 (default)
2019-10-05 01:02:46,661 [main] INFO  server.GrpcService (ConfUtils.java:logGet(43)) - raft.grpc.message.size.max = 33570816 (custom)
2019-10-05 01:02:46,661 [main] INFO  server.RaftServerConfigKeys (ConfUtils.java:logGet(43)) - raft.server.log.appender.buffer.byte-limit = 33554432 (custom)
2019-10-05 01:02:46,661 [main] INFO  server.GrpcService (ConfUtils.java:logGet(43)) - raft.grpc.flow.control.window = 1MB (=1048576) (default)
2019-10-05 01:02:46,661 [main] INFO  server.RaftServerConfigKeys (ConfUtils.java:logGet(43)) - raft.server.rpc.request.timeout = 3000ms (default)
2019-10-05 01:02:46,662 [main] INFO  server.RaftServerConfigKeys (ConfUtils.java:logGet(43)) - raft.server.storage.dir = [/workdir/hadoop-ozone/integration-test/target/test-dir/MiniOzoneClusterImpl-2fc00425-f157-4b47-81a8-e6a9c5ebfcba/datanode-0/data/ratis] (custom)
2019-10-05 01:02:46,663 [main] INFO  hdfs.DFSUtil (DFSUtil.java:httpServerTemplateForNNAndJN(1641)) - Starting Web-server for hddsDatanode at: http://0.0.0.0:0
2019-10-05 01:02:46,665 [main] INFO  server.AuthenticationFilter (AuthenticationFilter.java:constructSecretProvider(240)) - Unable to initialize FileSignerSecretProvider, falling back to use random secrets.
2019-10-05 01:02:46,665 [main] WARN  http.HttpRequestLog (HttpRequestLog.java:getRequestLog(97)) - Jetty request log can only be enabled using Log4j
2019-10-05 01:02:46,666 [main] INFO  http.HttpServer2 (HttpServer2.java:addGlobalFilter(975)) - Added global filter 'safety' (class=org.apache.hadoop.http.HttpServer2$QuotingInputFilter)
2019-10-05 01:02:46,667 [main] INFO  http.HttpServer2 (HttpServer2.java:addFilter(948)) - Added filter static_user_filter (class=org.apache.hadoop.http.lib.StaticUserWebFilter$StaticUserFilter) to context hddsDatanode
2019-10-05 01:02:46,667 [main] INFO  http.HttpServer2 (HttpServer2.java:addFilter(958)) - Added filter static_user_filter (class=org.apache.hadoop.http.lib.StaticUserWebFilter$StaticUserFilter) to context logs
2019-10-05 01:02:46,667 [main] INFO  http.HttpServer2 (HttpServer2.java:addFilter(958)) - Added filter static_user_filter (class=org.apache.hadoop.http.lib.StaticUserWebFilter$StaticUserFilter) to context static
2019-10-05 01:02:46,667 [main] INFO  http.HttpServer2 (HttpServer2.java:bindListener(1191)) - Jetty bound to port 46776
2019-10-05 01:02:46,668 [main] INFO  server.Server (Server.java:doStart(351)) - jetty-9.3.25.v20180904, build timestamp: 2018-09-04T21:11:46Z, git hash: 3ce520221d0240229c862b122d2b06c12a625732
2019-10-05 01:02:46,669 [main] INFO  handler.ContextHandler (ContextHandler.java:doStart(781)) - Started o.e.j.s.ServletContextHandler@1cd2ff5b{/logs,file:///workdir/hadoop-ozone/integration-test/target/log,AVAILABLE}
2019-10-05 01:02:46,669 [main] INFO  handler.ContextHandler (ContextHandler.java:doStart(781)) - Started o.e.j.s.ServletContextHandler@17ff8810{/static,jar:file:/home/user/.m2/repository/org/apache/hadoop/hadoop-hdds-container-service/0.5.0-SNAPSHOT/hadoop-hdds-container-service-0.5.0-SNAPSHOT.jar!/webapps/static,AVAILABLE}
2019-10-05 01:02:46,697 [main] INFO  handler.ContextHandler (ContextHandler.java:doStart(781)) - Started o.e.j.w.WebAppContext@7558633{/,file:///tmp/jetty-0.0.0.0-46776-hddsDatanode-_-any-7494994187037448104.dir/webapp/,AVAILABLE}{/hddsDatanode}
2019-10-05 01:02:46,698 [main] INFO  server.AbstractConnector (AbstractConnector.java:doStart(278)) - Started ServerConnector@5657967b{HTTP/1.1,[http/1.1]}{0.0.0.0:46776}
2019-10-05 01:02:46,700 [main] INFO  server.Server (Server.java:doStart(419)) - Started @212397ms
2019-10-05 01:02:46,701 [main] WARN  impl.MetricsSystemImpl (MetricsSystemImpl.java:register(276)) - Sink prometheus already exists!
2019-10-05 01:02:46,701 [main] INFO  server.BaseHttpServer (BaseHttpServer.java:updateConnectorAddress(215)) - HTTP server of HDDSDATANODE is listening at http://0.0.0.0:46776
2019-10-05 01:02:46,702 [main] INFO  impl.MetricsSystemImpl (MetricsSystemImpl.java:init(158)) - HddsDatanode metrics system started (again)
2019-10-05 01:02:46,718 [org.apache.hadoop.util.JvmPauseMonitor$Monitor@1b4b59a1] INFO  util.JvmPauseMonitor (JvmPauseMonitor.java:run(188)) - Starting JVM pause monitor
2019-10-05 01:02:46,720 [main] INFO  ozone.HddsDatanodeService (HddsDatanodeService.java:start(184)) - HddsDatanodeService host:pr-hdds-1986-gkmgr-421349047 ip:192.168.151.100
2019-10-05 01:02:46,720 [Datanode State Machine Thread - 0] INFO  datanode.InitDatanodeState (InitDatanodeState.java:persistContainerDatanodeDetails(140)) - DatanodeDetails is persisted to /workdir/hadoop-ozone/integration-test/target/test-dir/MiniOzoneClusterImpl-2fc00425-f157-4b47-81a8-e6a9c5ebfcba/datanode-0/meta/datanode.id
2019-10-05 01:02:46,727 [main] INFO  volume.HddsVolume (HddsVolume.java:<init>(176)) - Creating Volume: /workdir/hadoop-ozone/integration-test/target/test-dir/MiniOzoneClusterImpl-2fc00425-f157-4b47-81a8-e6a9c5ebfcba/datanode-1/data/containers/hdds of  storage type : DISK and capacity : 1482555576320
2019-10-05 01:02:46,727 [main] INFO  volume.VolumeSet (VolumeSet.java:initializeVolumeSet(170)) - Added Volume : /workdir/hadoop-ozone/integration-test/target/test-dir/MiniOzoneClusterImpl-2fc00425-f157-4b47-81a8-e6a9c5ebfcba/datanode-1/data/containers/hdds to VolumeSet
2019-10-05 01:02:46,728 [main] INFO  volume.ThrottledAsyncChecker (ThrottledAsyncChecker.java:schedule(139)) - Scheduling a check for org.apache.hadoop.ozone.container.common.volume.HddsVolume@538a2f0e
2019-10-05 01:02:46,728 [main] INFO  volume.HddsVolumeChecker (HddsVolumeChecker.java:checkAllVolumes(202)) - Scheduled health check for volume org.apache.hadoop.ozone.container.common.volume.HddsVolume@538a2f0e
2019-10-05 01:02:46,740 [main] INFO  impl.RaftServerProxy (ConfUtils.java:logGet(43)) - raft.rpc.type = GRPC (default)
2019-10-05 01:02:46,741 [main] INFO  grpc.GrpcFactory (GrpcFactory.java:checkPooledByteBufAllocatorUseCacheForAllThreads(45)) - PERFORMANCE WARNING: useCacheForAllThreads is true that may cause Netty to create a lot garbage objects and, as a result, trigger GC.
	It is recommended to disable useCacheForAllThreads by setting -Dorg.apache.ratis.thirdparty.io.netty.allocator.useCacheForAllThreads=false in command line.
2019-10-05 01:02:46,741 [main] INFO  grpc.GrpcConfigKeys$Server (ConfUtils.java:logGet(43)) - raft.grpc.server.port = 0 (default)
2019-10-05 01:02:46,741 [main] INFO  server.GrpcService (ConfUtils.java:logGet(43)) - raft.grpc.message.size.max = 33570816 (custom)
2019-10-05 01:02:46,741 [main] INFO  server.RaftServerConfigKeys (ConfUtils.java:logGet(43)) - raft.server.log.appender.buffer.byte-limit = 33554432 (custom)
2019-10-05 01:02:46,741 [main] INFO  server.GrpcService (ConfUtils.java:logGet(43)) - raft.grpc.flow.control.window = 1MB (=1048576) (default)
2019-10-05 01:02:46,742 [main] INFO  server.RaftServerConfigKeys (ConfUtils.java:logGet(43)) - raft.server.rpc.request.timeout = 3000ms (default)
2019-10-05 01:02:46,742 [main] INFO  server.RaftServerConfigKeys (ConfUtils.java:logGet(43)) - raft.server.storage.dir = [/workdir/hadoop-ozone/integration-test/target/test-dir/MiniOzoneClusterImpl-2fc00425-f157-4b47-81a8-e6a9c5ebfcba/datanode-1/data/ratis] (custom)
2019-10-05 01:02:46,743 [main] INFO  hdfs.DFSUtil (DFSUtil.java:httpServerTemplateForNNAndJN(1641)) - Starting Web-server for hddsDatanode at: http://0.0.0.0:0
2019-10-05 01:02:46,745 [main] INFO  server.AuthenticationFilter (AuthenticationFilter.java:constructSecretProvider(240)) - Unable to initialize FileSignerSecretProvider, falling back to use random secrets.
2019-10-05 01:02:46,745 [main] WARN  http.HttpRequestLog (HttpRequestLog.java:getRequestLog(97)) - Jetty request log can only be enabled using Log4j
2019-10-05 01:02:46,746 [main] INFO  http.HttpServer2 (HttpServer2.java:addGlobalFilter(975)) - Added global filter 'safety' (class=org.apache.hadoop.http.HttpServer2$QuotingInputFilter)
2019-10-05 01:02:46,747 [main] INFO  http.HttpServer2 (HttpServer2.java:addFilter(948)) - Added filter static_user_filter (class=org.apache.hadoop.http.lib.StaticUserWebFilter$StaticUserFilter) to context hddsDatanode
2019-10-05 01:02:46,747 [main] INFO  http.HttpServer2 (HttpServer2.java:addFilter(958)) - Added filter static_user_filter (class=org.apache.hadoop.http.lib.StaticUserWebFilter$StaticUserFilter) to context static
2019-10-05 01:02:46,747 [main] INFO  http.HttpServer2 (HttpServer2.java:addFilter(958)) - Added filter static_user_filter (class=org.apache.hadoop.http.lib.StaticUserWebFilter$StaticUserFilter) to context logs
2019-10-05 01:02:46,748 [main] INFO  http.HttpServer2 (HttpServer2.java:bindListener(1191)) - Jetty bound to port 44630
2019-10-05 01:02:46,748 [main] INFO  server.Server (Server.java:doStart(351)) - jetty-9.3.25.v20180904, build timestamp: 2018-09-04T21:11:46Z, git hash: 3ce520221d0240229c862b122d2b06c12a625732
2019-10-05 01:02:46,749 [main] INFO  handler.ContextHandler (ContextHandler.java:doStart(781)) - Started o.e.j.s.ServletContextHandler@41aebbb4{/logs,file:///workdir/hadoop-ozone/integration-test/target/log,AVAILABLE}
2019-10-05 01:02:46,749 [main] INFO  handler.ContextHandler (ContextHandler.java:doStart(781)) - Started o.e.j.s.ServletContextHandler@5a592c70{/static,jar:file:/home/user/.m2/repository/org/apache/hadoop/hadoop-hdds-container-service/0.5.0-SNAPSHOT/hadoop-hdds-container-service-0.5.0-SNAPSHOT.jar!/webapps/static,AVAILABLE}
2019-10-05 01:02:46,777 [main] INFO  handler.ContextHandler (ContextHandler.java:doStart(781)) - Started o.e.j.w.WebAppContext@6870cfac{/,file:///tmp/jetty-0.0.0.0-44630-hddsDatanode-_-any-6537131744380436223.dir/webapp/,AVAILABLE}{/hddsDatanode}
2019-10-05 01:02:46,778 [main] INFO  server.AbstractConnector (AbstractConnector.java:doStart(278)) - Started ServerConnector@45554613{HTTP/1.1,[http/1.1]}{0.0.0.0:44630}
2019-10-05 01:02:46,778 [main] INFO  server.Server (Server.java:doStart(419)) - Started @212474ms
2019-10-05 01:02:46,778 [main] WARN  impl.MetricsSystemImpl (MetricsSystemImpl.java:register(276)) - Sink prometheus already exists!
2019-10-05 01:02:46,779 [main] INFO  server.BaseHttpServer (BaseHttpServer.java:updateConnectorAddress(215)) - HTTP server of HDDSDATANODE is listening at http://0.0.0.0:44630
2019-10-05 01:02:46,779 [main] INFO  impl.MetricsSystemImpl (MetricsSystemImpl.java:init(158)) - HddsDatanode metrics system started (again)
2019-10-05 01:02:46,799 [org.apache.hadoop.util.JvmPauseMonitor$Monitor@4c5393a8] INFO  util.JvmPauseMonitor (JvmPauseMonitor.java:run(188)) - Starting JVM pause monitor
2019-10-05 01:02:46,801 [Datanode State Machine Thread - 0] INFO  datanode.InitDatanodeState (InitDatanodeState.java:persistContainerDatanodeDetails(140)) - DatanodeDetails is persisted to /workdir/hadoop-ozone/integration-test/target/test-dir/MiniOzoneClusterImpl-2fc00425-f157-4b47-81a8-e6a9c5ebfcba/datanode-1/meta/datanode.id
2019-10-05 01:02:46,801 [main] INFO  ozone.HddsDatanodeService (HddsDatanodeService.java:start(184)) - HddsDatanodeService host:pr-hdds-1986-gkmgr-421349047 ip:192.168.151.100
2019-10-05 01:02:46,811 [main] INFO  volume.HddsVolume (HddsVolume.java:<init>(176)) - Creating Volume: /workdir/hadoop-ozone/integration-test/target/test-dir/MiniOzoneClusterImpl-2fc00425-f157-4b47-81a8-e6a9c5ebfcba/datanode-2/data/containers/hdds of  storage type : DISK and capacity : 1482555576320
2019-10-05 01:02:46,811 [main] INFO  volume.VolumeSet (VolumeSet.java:initializeVolumeSet(170)) - Added Volume : /workdir/hadoop-ozone/integration-test/target/test-dir/MiniOzoneClusterImpl-2fc00425-f157-4b47-81a8-e6a9c5ebfcba/datanode-2/data/containers/hdds to VolumeSet
2019-10-05 01:02:46,811 [main] INFO  volume.ThrottledAsyncChecker (ThrottledAsyncChecker.java:schedule(139)) - Scheduling a check for org.apache.hadoop.ozone.container.common.volume.HddsVolume@17c4dc5b
2019-10-05 01:02:46,811 [main] INFO  volume.HddsVolumeChecker (HddsVolumeChecker.java:checkAllVolumes(202)) - Scheduled health check for volume org.apache.hadoop.ozone.container.common.volume.HddsVolume@17c4dc5b
2019-10-05 01:02:46,826 [main] INFO  impl.RaftServerProxy (ConfUtils.java:logGet(43)) - raft.rpc.type = GRPC (default)
2019-10-05 01:02:46,827 [main] INFO  grpc.GrpcFactory (GrpcFactory.java:checkPooledByteBufAllocatorUseCacheForAllThreads(45)) - PERFORMANCE WARNING: useCacheForAllThreads is true that may cause Netty to create a lot garbage objects and, as a result, trigger GC.
	It is recommended to disable useCacheForAllThreads by setting -Dorg.apache.ratis.thirdparty.io.netty.allocator.useCacheForAllThreads=false in command line.
2019-10-05 01:02:46,827 [main] INFO  grpc.GrpcConfigKeys$Server (ConfUtils.java:logGet(43)) - raft.grpc.server.port = 0 (default)
2019-10-05 01:02:46,827 [main] INFO  server.GrpcService (ConfUtils.java:logGet(43)) - raft.grpc.message.size.max = 33570816 (custom)
2019-10-05 01:02:46,827 [main] INFO  server.RaftServerConfigKeys (ConfUtils.java:logGet(43)) - raft.server.log.appender.buffer.byte-limit = 33554432 (custom)
2019-10-05 01:02:46,827 [main] INFO  server.GrpcService (ConfUtils.java:logGet(43)) - raft.grpc.flow.control.window = 1MB (=1048576) (default)
2019-10-05 01:02:46,828 [main] INFO  server.RaftServerConfigKeys (ConfUtils.java:logGet(43)) - raft.server.rpc.request.timeout = 3000ms (default)
2019-10-05 01:02:46,828 [main] INFO  server.RaftServerConfigKeys (ConfUtils.java:logGet(43)) - raft.server.storage.dir = [/workdir/hadoop-ozone/integration-test/target/test-dir/MiniOzoneClusterImpl-2fc00425-f157-4b47-81a8-e6a9c5ebfcba/datanode-2/data/ratis] (custom)
2019-10-05 01:02:46,829 [main] INFO  hdfs.DFSUtil (DFSUtil.java:httpServerTemplateForNNAndJN(1641)) - Starting Web-server for hddsDatanode at: http://0.0.0.0:0
2019-10-05 01:02:46,830 [main] INFO  server.AuthenticationFilter (AuthenticationFilter.java:constructSecretProvider(240)) - Unable to initialize FileSignerSecretProvider, falling back to use random secrets.
2019-10-05 01:02:46,831 [main] WARN  http.HttpRequestLog (HttpRequestLog.java:getRequestLog(97)) - Jetty request log can only be enabled using Log4j
2019-10-05 01:02:46,832 [main] INFO  http.HttpServer2 (HttpServer2.java:addGlobalFilter(975)) - Added global filter 'safety' (class=org.apache.hadoop.http.HttpServer2$QuotingInputFilter)
2019-10-05 01:02:46,832 [main] INFO  http.HttpServer2 (HttpServer2.java:addFilter(948)) - Added filter static_user_filter (class=org.apache.hadoop.http.lib.StaticUserWebFilter$StaticUserFilter) to context hddsDatanode
2019-10-05 01:02:46,832 [main] INFO  http.HttpServer2 (HttpServer2.java:addFilter(958)) - Added filter static_user_filter (class=org.apache.hadoop.http.lib.StaticUserWebFilter$StaticUserFilter) to context logs
2019-10-05 01:02:46,833 [main] INFO  http.HttpServer2 (HttpServer2.java:addFilter(958)) - Added filter static_user_filter (class=org.apache.hadoop.http.lib.StaticUserWebFilter$StaticUserFilter) to context static
2019-10-05 01:02:46,833 [main] INFO  http.HttpServer2 (HttpServer2.java:bindListener(1191)) - Jetty bound to port 34297
2019-10-05 01:02:46,833 [main] INFO  server.Server (Server.java:doStart(351)) - jetty-9.3.25.v20180904, build timestamp: 2018-09-04T21:11:46Z, git hash: 3ce520221d0240229c862b122d2b06c12a625732
2019-10-05 01:02:46,835 [main] INFO  handler.ContextHandler (ContextHandler.java:doStart(781)) - Started o.e.j.s.ServletContextHandler@740b9a50{/logs,file:///workdir/hadoop-ozone/integration-test/target/log,AVAILABLE}
2019-10-05 01:02:46,835 [main] INFO  handler.ContextHandler (ContextHandler.java:doStart(781)) - Started o.e.j.s.ServletContextHandler@5111de7c{/static,jar:file:/home/user/.m2/repository/org/apache/hadoop/hadoop-hdds-container-service/0.5.0-SNAPSHOT/hadoop-hdds-container-service-0.5.0-SNAPSHOT.jar!/webapps/static,AVAILABLE}
2019-10-05 01:02:46,863 [main] INFO  handler.ContextHandler (ContextHandler.java:doStart(781)) - Started o.e.j.w.WebAppContext@448462f0{/,file:///tmp/jetty-0.0.0.0-34297-hddsDatanode-_-any-8782060029224557534.dir/webapp/,AVAILABLE}{/hddsDatanode}
2019-10-05 01:02:46,863 [main] INFO  server.AbstractConnector (AbstractConnector.java:doStart(278)) - Started ServerConnector@787988f4{HTTP/1.1,[http/1.1]}{0.0.0.0:34297}
2019-10-05 01:02:46,866 [main] INFO  server.Server (Server.java:doStart(419)) - Started @212563ms
2019-10-05 01:02:46,866 [main] WARN  impl.MetricsSystemImpl (MetricsSystemImpl.java:register(276)) - Sink prometheus already exists!
2019-10-05 01:02:46,867 [main] INFO  server.BaseHttpServer (BaseHttpServer.java:updateConnectorAddress(215)) - HTTP server of HDDSDATANODE is listening at http://0.0.0.0:34297
2019-10-05 01:02:46,867 [main] INFO  impl.MetricsSystemImpl (MetricsSystemImpl.java:init(158)) - HddsDatanode metrics system started (again)
2019-10-05 01:02:46,886 [org.apache.hadoop.util.JvmPauseMonitor$Monitor@3f66e4b9] INFO  util.JvmPauseMonitor (JvmPauseMonitor.java:run(188)) - Starting JVM pause monitor
2019-10-05 01:02:46,887 [main] INFO  ozone.HddsDatanodeService (HddsDatanodeService.java:start(184)) - HddsDatanodeService host:pr-hdds-1986-gkmgr-421349047 ip:192.168.151.100
2019-10-05 01:02:46,888 [Datanode State Machine Thread - 0] INFO  datanode.InitDatanodeState (InitDatanodeState.java:persistContainerDatanodeDetails(140)) - DatanodeDetails is persisted to /workdir/hadoop-ozone/integration-test/target/test-dir/MiniOzoneClusterImpl-2fc00425-f157-4b47-81a8-e6a9c5ebfcba/datanode-2/meta/datanode.id
2019-10-05 01:02:46,896 [main] INFO  volume.HddsVolume (HddsVolume.java:<init>(176)) - Creating Volume: /workdir/hadoop-ozone/integration-test/target/test-dir/MiniOzoneClusterImpl-2fc00425-f157-4b47-81a8-e6a9c5ebfcba/datanode-3/data/containers/hdds of  storage type : DISK and capacity : 1482555576320
2019-10-05 01:02:46,896 [main] INFO  volume.VolumeSet (VolumeSet.java:initializeVolumeSet(170)) - Added Volume : /workdir/hadoop-ozone/integration-test/target/test-dir/MiniOzoneClusterImpl-2fc00425-f157-4b47-81a8-e6a9c5ebfcba/datanode-3/data/containers/hdds to VolumeSet
2019-10-05 01:02:46,896 [main] INFO  volume.ThrottledAsyncChecker (ThrottledAsyncChecker.java:schedule(139)) - Scheduling a check for org.apache.hadoop.ozone.container.common.volume.HddsVolume@4aaecabd
2019-10-05 01:02:46,897 [main] INFO  volume.HddsVolumeChecker (HddsVolumeChecker.java:checkAllVolumes(202)) - Scheduled health check for volume org.apache.hadoop.ozone.container.common.volume.HddsVolume@4aaecabd
2019-10-05 01:02:46,911 [main] INFO  impl.RaftServerProxy (ConfUtils.java:logGet(43)) - raft.rpc.type = GRPC (default)
2019-10-05 01:02:46,911 [main] INFO  grpc.GrpcFactory (GrpcFactory.java:checkPooledByteBufAllocatorUseCacheForAllThreads(45)) - PERFORMANCE WARNING: useCacheForAllThreads is true that may cause Netty to create a lot garbage objects and, as a result, trigger GC.
	It is recommended to disable useCacheForAllThreads by setting -Dorg.apache.ratis.thirdparty.io.netty.allocator.useCacheForAllThreads=false in command line.
2019-10-05 01:02:46,911 [main] INFO  grpc.GrpcConfigKeys$Server (ConfUtils.java:logGet(43)) - raft.grpc.server.port = 0 (default)
2019-10-05 01:02:46,911 [main] INFO  server.GrpcService (ConfUtils.java:logGet(43)) - raft.grpc.message.size.max = 33570816 (custom)
2019-10-05 01:02:46,911 [main] INFO  server.RaftServerConfigKeys (ConfUtils.java:logGet(43)) - raft.server.log.appender.buffer.byte-limit = 33554432 (custom)
2019-10-05 01:02:46,912 [main] INFO  server.GrpcService (ConfUtils.java:logGet(43)) - raft.grpc.flow.control.window = 1MB (=1048576) (default)
2019-10-05 01:02:46,912 [main] INFO  server.RaftServerConfigKeys (ConfUtils.java:logGet(43)) - raft.server.rpc.request.timeout = 3000ms (default)
2019-10-05 01:02:46,912 [main] INFO  server.RaftServerConfigKeys (ConfUtils.java:logGet(43)) - raft.server.storage.dir = [/workdir/hadoop-ozone/integration-test/target/test-dir/MiniOzoneClusterImpl-2fc00425-f157-4b47-81a8-e6a9c5ebfcba/datanode-3/data/ratis] (custom)
2019-10-05 01:02:46,914 [main] INFO  hdfs.DFSUtil (DFSUtil.java:httpServerTemplateForNNAndJN(1641)) - Starting Web-server for hddsDatanode at: http://0.0.0.0:0
2019-10-05 01:02:46,915 [main] INFO  server.AuthenticationFilter (AuthenticationFilter.java:constructSecretProvider(240)) - Unable to initialize FileSignerSecretProvider, falling back to use random secrets.
2019-10-05 01:02:46,915 [main] WARN  http.HttpRequestLog (HttpRequestLog.java:getRequestLog(97)) - Jetty request log can only be enabled using Log4j
2019-10-05 01:02:46,916 [main] INFO  http.HttpServer2 (HttpServer2.java:addGlobalFilter(975)) - Added global filter 'safety' (class=org.apache.hadoop.http.HttpServer2$QuotingInputFilter)
2019-10-05 01:02:46,917 [main] INFO  http.HttpServer2 (HttpServer2.java:addFilter(948)) - Added filter static_user_filter (class=org.apache.hadoop.http.lib.StaticUserWebFilter$StaticUserFilter) to context hddsDatanode
2019-10-05 01:02:46,917 [main] INFO  http.HttpServer2 (HttpServer2.java:addFilter(958)) - Added filter static_user_filter (class=org.apache.hadoop.http.lib.StaticUserWebFilter$StaticUserFilter) to context static
2019-10-05 01:02:46,917 [main] INFO  http.HttpServer2 (HttpServer2.java:addFilter(958)) - Added filter static_user_filter (class=org.apache.hadoop.http.lib.StaticUserWebFilter$StaticUserFilter) to context logs
2019-10-05 01:02:46,918 [main] INFO  http.HttpServer2 (HttpServer2.java:bindListener(1191)) - Jetty bound to port 36858
2019-10-05 01:02:46,918 [main] INFO  server.Server (Server.java:doStart(351)) - jetty-9.3.25.v20180904, build timestamp: 2018-09-04T21:11:46Z, git hash: 3ce520221d0240229c862b122d2b06c12a625732
2019-10-05 01:02:46,919 [main] INFO  handler.ContextHandler (ContextHandler.java:doStart(781)) - Started o.e.j.s.ServletContextHandler@7739aac4{/logs,file:///workdir/hadoop-ozone/integration-test/target/log,AVAILABLE}
2019-10-05 01:02:46,920 [main] INFO  handler.ContextHandler (ContextHandler.java:doStart(781)) - Started o.e.j.s.ServletContextHandler@36c07c75{/static,jar:file:/home/user/.m2/repository/org/apache/hadoop/hadoop-hdds-container-service/0.5.0-SNAPSHOT/hadoop-hdds-container-service-0.5.0-SNAPSHOT.jar!/webapps/static,AVAILABLE}
2019-10-05 01:02:46,948 [main] INFO  handler.ContextHandler (ContextHandler.java:doStart(781)) - Started o.e.j.w.WebAppContext@7a66c35a{/,file:///tmp/jetty-0.0.0.0-36858-hddsDatanode-_-any-7229112351010343008.dir/webapp/,AVAILABLE}{/hddsDatanode}
2019-10-05 01:02:46,949 [main] INFO  server.AbstractConnector (AbstractConnector.java:doStart(278)) - Started ServerConnector@7994a0d1{HTTP/1.1,[http/1.1]}{0.0.0.0:36858}
2019-10-05 01:02:46,951 [main] INFO  server.Server (Server.java:doStart(419)) - Started @212648ms
2019-10-05 01:02:46,951 [main] WARN  impl.MetricsSystemImpl (MetricsSystemImpl.java:register(276)) - Sink prometheus already exists!
2019-10-05 01:02:46,952 [main] INFO  server.BaseHttpServer (BaseHttpServer.java:updateConnectorAddress(215)) - HTTP server of HDDSDATANODE is listening at http://0.0.0.0:36858
2019-10-05 01:02:46,952 [main] INFO  impl.MetricsSystemImpl (MetricsSystemImpl.java:init(158)) - HddsDatanode metrics system started (again)
2019-10-05 01:02:46,971 [org.apache.hadoop.util.JvmPauseMonitor$Monitor@bdd4760] INFO  util.JvmPauseMonitor (JvmPauseMonitor.java:run(188)) - Starting JVM pause monitor
2019-10-05 01:02:46,973 [main] INFO  ozone.HddsDatanodeService (HddsDatanodeService.java:start(184)) - HddsDatanodeService host:pr-hdds-1986-gkmgr-421349047 ip:192.168.151.100
2019-10-05 01:02:46,973 [Datanode State Machine Thread - 0] INFO  datanode.InitDatanodeState (InitDatanodeState.java:persistContainerDatanodeDetails(140)) - DatanodeDetails is persisted to /workdir/hadoop-ozone/integration-test/target/test-dir/MiniOzoneClusterImpl-2fc00425-f157-4b47-81a8-e6a9c5ebfcba/datanode-3/meta/datanode.id
2019-10-05 01:02:46,981 [main] INFO  volume.HddsVolume (HddsVolume.java:<init>(176)) - Creating Volume: /workdir/hadoop-ozone/integration-test/target/test-dir/MiniOzoneClusterImpl-2fc00425-f157-4b47-81a8-e6a9c5ebfcba/datanode-4/data/containers/hdds of  storage type : DISK and capacity : 1482555576320
2019-10-05 01:02:46,981 [main] INFO  volume.VolumeSet (VolumeSet.java:initializeVolumeSet(170)) - Added Volume : /workdir/hadoop-ozone/integration-test/target/test-dir/MiniOzoneClusterImpl-2fc00425-f157-4b47-81a8-e6a9c5ebfcba/datanode-4/data/containers/hdds to VolumeSet
2019-10-05 01:02:46,982 [main] INFO  volume.ThrottledAsyncChecker (ThrottledAsyncChecker.java:schedule(139)) - Scheduling a check for org.apache.hadoop.ozone.container.common.volume.HddsVolume@3bbf1c0d
2019-10-05 01:02:46,982 [main] INFO  volume.HddsVolumeChecker (HddsVolumeChecker.java:checkAllVolumes(202)) - Scheduled health check for volume org.apache.hadoop.ozone.container.common.volume.HddsVolume@3bbf1c0d
2019-10-05 01:02:46,996 [main] INFO  impl.RaftServerProxy (ConfUtils.java:logGet(43)) - raft.rpc.type = GRPC (default)
2019-10-05 01:02:46,996 [main] INFO  grpc.GrpcFactory (GrpcFactory.java:checkPooledByteBufAllocatorUseCacheForAllThreads(45)) - PERFORMANCE WARNING: useCacheForAllThreads is true that may cause Netty to create a lot garbage objects and, as a result, trigger GC.
	It is recommended to disable useCacheForAllThreads by setting -Dorg.apache.ratis.thirdparty.io.netty.allocator.useCacheForAllThreads=false in command line.
2019-10-05 01:02:46,996 [main] INFO  grpc.GrpcConfigKeys$Server (ConfUtils.java:logGet(43)) - raft.grpc.server.port = 0 (default)
2019-10-05 01:02:46,996 [main] INFO  server.GrpcService (ConfUtils.java:logGet(43)) - raft.grpc.message.size.max = 33570816 (custom)
2019-10-05 01:02:46,997 [main] INFO  server.RaftServerConfigKeys (ConfUtils.java:logGet(43)) - raft.server.log.appender.buffer.byte-limit = 33554432 (custom)
2019-10-05 01:02:46,997 [main] INFO  server.GrpcService (ConfUtils.java:logGet(43)) - raft.grpc.flow.control.window = 1MB (=1048576) (default)
2019-10-05 01:02:46,997 [main] INFO  server.RaftServerConfigKeys (ConfUtils.java:logGet(43)) - raft.server.rpc.request.timeout = 3000ms (default)
2019-10-05 01:02:46,997 [main] INFO  server.RaftServerConfigKeys (ConfUtils.java:logGet(43)) - raft.server.storage.dir = [/workdir/hadoop-ozone/integration-test/target/test-dir/MiniOzoneClusterImpl-2fc00425-f157-4b47-81a8-e6a9c5ebfcba/datanode-4/data/ratis] (custom)
2019-10-05 01:02:46,999 [main] INFO  hdfs.DFSUtil (DFSUtil.java:httpServerTemplateForNNAndJN(1641)) - Starting Web-server for hddsDatanode at: http://0.0.0.0:0
2019-10-05 01:02:47,000 [main] INFO  server.AuthenticationFilter (AuthenticationFilter.java:constructSecretProvider(240)) - Unable to initialize FileSignerSecretProvider, falling back to use random secrets.
2019-10-05 01:02:47,000 [main] WARN  http.HttpRequestLog (HttpRequestLog.java:getRequestLog(97)) - Jetty request log can only be enabled using Log4j
2019-10-05 01:02:47,002 [main] INFO  http.HttpServer2 (HttpServer2.java:addGlobalFilter(975)) - Added global filter 'safety' (class=org.apache.hadoop.http.HttpServer2$QuotingInputFilter)
2019-10-05 01:02:47,002 [main] INFO  http.HttpServer2 (HttpServer2.java:addFilter(948)) - Added filter static_user_filter (class=org.apache.hadoop.http.lib.StaticUserWebFilter$StaticUserFilter) to context hddsDatanode
2019-10-05 01:02:47,002 [main] INFO  http.HttpServer2 (HttpServer2.java:addFilter(958)) - Added filter static_user_filter (class=org.apache.hadoop.http.lib.StaticUserWebFilter$StaticUserFilter) to context static
2019-10-05 01:02:47,002 [main] INFO  http.HttpServer2 (HttpServer2.java:addFilter(958)) - Added filter static_user_filter (class=org.apache.hadoop.http.lib.StaticUserWebFilter$StaticUserFilter) to context logs
2019-10-05 01:02:47,003 [main] INFO  http.HttpServer2 (HttpServer2.java:bindListener(1191)) - Jetty bound to port 44539
2019-10-05 01:02:47,003 [main] INFO  server.Server (Server.java:doStart(351)) - jetty-9.3.25.v20180904, build timestamp: 2018-09-04T21:11:46Z, git hash: 3ce520221d0240229c862b122d2b06c12a625732
2019-10-05 01:02:47,005 [main] INFO  handler.ContextHandler (ContextHandler.java:doStart(781)) - Started o.e.j.s.ServletContextHandler@5f8f1712{/logs,file:///workdir/hadoop-ozone/integration-test/target/log,AVAILABLE}
2019-10-05 01:02:47,006 [main] INFO  handler.ContextHandler (ContextHandler.java:doStart(781)) - Started o.e.j.s.ServletContextHandler@52ecc989{/static,jar:file:/home/user/.m2/repository/org/apache/hadoop/hadoop-hdds-container-service/0.5.0-SNAPSHOT/hadoop-hdds-container-service-0.5.0-SNAPSHOT.jar!/webapps/static,AVAILABLE}
2019-10-05 01:02:47,042 [main] INFO  handler.ContextHandler (ContextHandler.java:doStart(781)) - Started o.e.j.w.WebAppContext@5ea7bc4{/,file:///tmp/jetty-0.0.0.0-44539-hddsDatanode-_-any-4680144626897132291.dir/webapp/,AVAILABLE}{/hddsDatanode}
2019-10-05 01:02:47,043 [main] INFO  server.AbstractConnector (AbstractConnector.java:doStart(278)) - Started ServerConnector@39d77de9{HTTP/1.1,[http/1.1]}{0.0.0.0:44539}
2019-10-05 01:02:47,045 [main] INFO  server.Server (Server.java:doStart(419)) - Started @212742ms
2019-10-05 01:02:47,045 [main] WARN  impl.MetricsSystemImpl (MetricsSystemImpl.java:register(276)) - Sink prometheus already exists!
2019-10-05 01:02:47,046 [main] INFO  server.BaseHttpServer (BaseHttpServer.java:updateConnectorAddress(215)) - HTTP server of HDDSDATANODE is listening at http://0.0.0.0:44539
2019-10-05 01:02:47,047 [main] INFO  impl.MetricsSystemImpl (MetricsSystemImpl.java:init(158)) - HddsDatanode metrics system started (again)
2019-10-05 01:02:47,071 [org.apache.hadoop.util.JvmPauseMonitor$Monitor@2a9569f6] INFO  util.JvmPauseMonitor (JvmPauseMonitor.java:run(188)) - Starting JVM pause monitor
2019-10-05 01:02:47,073 [main] INFO  ozone.HddsDatanodeService (HddsDatanodeService.java:start(184)) - HddsDatanodeService host:pr-hdds-1986-gkmgr-421349047 ip:192.168.151.100
2019-10-05 01:02:47,073 [Datanode State Machine Thread - 0] INFO  datanode.InitDatanodeState (InitDatanodeState.java:persistContainerDatanodeDetails(140)) - DatanodeDetails is persisted to /workdir/hadoop-ozone/integration-test/target/test-dir/MiniOzoneClusterImpl-2fc00425-f157-4b47-81a8-e6a9c5ebfcba/datanode-4/meta/datanode.id
2019-10-05 01:02:47,087 [main] INFO  volume.HddsVolume (HddsVolume.java:<init>(176)) - Creating Volume: /workdir/hadoop-ozone/integration-test/target/test-dir/MiniOzoneClusterImpl-2fc00425-f157-4b47-81a8-e6a9c5ebfcba/datanode-5/data/containers/hdds of  storage type : DISK and capacity : 1482555576320
2019-10-05 01:02:47,088 [main] INFO  volume.VolumeSet (VolumeSet.java:initializeVolumeSet(170)) - Added Volume : /workdir/hadoop-ozone/integration-test/target/test-dir/MiniOzoneClusterImpl-2fc00425-f157-4b47-81a8-e6a9c5ebfcba/datanode-5/data/containers/hdds to VolumeSet
2019-10-05 01:02:47,088 [main] INFO  volume.ThrottledAsyncChecker (ThrottledAsyncChecker.java:schedule(139)) - Scheduling a check for org.apache.hadoop.ozone.container.common.volume.HddsVolume@47fcefb3
2019-10-05 01:02:47,088 [main] INFO  volume.HddsVolumeChecker (HddsVolumeChecker.java:checkAllVolumes(202)) - Scheduled health check for volume org.apache.hadoop.ozone.container.common.volume.HddsVolume@47fcefb3
2019-10-05 01:02:47,104 [main] INFO  impl.RaftServerProxy (ConfUtils.java:logGet(43)) - raft.rpc.type = GRPC (default)
2019-10-05 01:02:47,105 [main] INFO  grpc.GrpcFactory (GrpcFactory.java:checkPooledByteBufAllocatorUseCacheForAllThreads(45)) - PERFORMANCE WARNING: useCacheForAllThreads is true that may cause Netty to create a lot garbage objects and, as a result, trigger GC.
	It is recommended to disable useCacheForAllThreads by setting -Dorg.apache.ratis.thirdparty.io.netty.allocator.useCacheForAllThreads=false in command line.
2019-10-05 01:02:47,105 [main] INFO  grpc.GrpcConfigKeys$Server (ConfUtils.java:logGet(43)) - raft.grpc.server.port = 0 (default)
2019-10-05 01:02:47,105 [main] INFO  server.GrpcService (ConfUtils.java:logGet(43)) - raft.grpc.message.size.max = 33570816 (custom)
2019-10-05 01:02:47,105 [main] INFO  server.RaftServerConfigKeys (ConfUtils.java:logGet(43)) - raft.server.log.appender.buffer.byte-limit = 33554432 (custom)
2019-10-05 01:02:47,105 [main] INFO  server.GrpcService (ConfUtils.java:logGet(43)) - raft.grpc.flow.control.window = 1MB (=1048576) (default)
2019-10-05 01:02:47,105 [main] INFO  server.RaftServerConfigKeys (ConfUtils.java:logGet(43)) - raft.server.rpc.request.timeout = 3000ms (default)
2019-10-05 01:02:47,106 [main] INFO  server.RaftServerConfigKeys (ConfUtils.java:logGet(43)) - raft.server.storage.dir = [/workdir/hadoop-ozone/integration-test/target/test-dir/MiniOzoneClusterImpl-2fc00425-f157-4b47-81a8-e6a9c5ebfcba/datanode-5/data/ratis] (custom)
2019-10-05 01:02:47,107 [main] INFO  hdfs.DFSUtil (DFSUtil.java:httpServerTemplateForNNAndJN(1641)) - Starting Web-server for hddsDatanode at: http://0.0.0.0:0
2019-10-05 01:02:47,108 [main] INFO  server.AuthenticationFilter (AuthenticationFilter.java:constructSecretProvider(240)) - Unable to initialize FileSignerSecretProvider, falling back to use random secrets.
2019-10-05 01:02:47,109 [main] WARN  http.HttpRequestLog (HttpRequestLog.java:getRequestLog(97)) - Jetty request log can only be enabled using Log4j
2019-10-05 01:02:47,110 [main] INFO  http.HttpServer2 (HttpServer2.java:addGlobalFilter(975)) - Added global filter 'safety' (class=org.apache.hadoop.http.HttpServer2$QuotingInputFilter)
2019-10-05 01:02:47,110 [main] INFO  http.HttpServer2 (HttpServer2.java:addFilter(948)) - Added filter static_user_filter (class=org.apache.hadoop.http.lib.StaticUserWebFilter$StaticUserFilter) to context hddsDatanode
2019-10-05 01:02:47,110 [main] INFO  http.HttpServer2 (HttpServer2.java:addFilter(958)) - Added filter static_user_filter (class=org.apache.hadoop.http.lib.StaticUserWebFilter$StaticUserFilter) to context logs
2019-10-05 01:02:47,111 [main] INFO  http.HttpServer2 (HttpServer2.java:addFilter(958)) - Added filter static_user_filter (class=org.apache.hadoop.http.lib.StaticUserWebFilter$StaticUserFilter) to context static
2019-10-05 01:02:47,111 [main] INFO  http.HttpServer2 (HttpServer2.java:bindListener(1191)) - Jetty bound to port 38102
2019-10-05 01:02:47,111 [main] INFO  server.Server (Server.java:doStart(351)) - jetty-9.3.25.v20180904, build timestamp: 2018-09-04T21:11:46Z, git hash: 3ce520221d0240229c862b122d2b06c12a625732
2019-10-05 01:02:47,113 [main] INFO  handler.ContextHandler (ContextHandler.java:doStart(781)) - Started o.e.j.s.ServletContextHandler@7b8ea1db{/logs,file:///workdir/hadoop-ozone/integration-test/target/log,AVAILABLE}
2019-10-05 01:02:47,113 [main] INFO  handler.ContextHandler (ContextHandler.java:doStart(781)) - Started o.e.j.s.ServletContextHandler@77083e41{/static,jar:file:/home/user/.m2/repository/org/apache/hadoop/hadoop-hdds-container-service/0.5.0-SNAPSHOT/hadoop-hdds-container-service-0.5.0-SNAPSHOT.jar!/webapps/static,AVAILABLE}
2019-10-05 01:02:47,141 [main] INFO  handler.ContextHandler (ContextHandler.java:doStart(781)) - Started o.e.j.w.WebAppContext@68dfda77{/,file:///tmp/jetty-0.0.0.0-38102-hddsDatanode-_-any-827398937944289227.dir/webapp/,AVAILABLE}{/hddsDatanode}
2019-10-05 01:02:47,141 [main] INFO  server.AbstractConnector (AbstractConnector.java:doStart(278)) - Started ServerConnector@50cdfafa{HTTP/1.1,[http/1.1]}{0.0.0.0:38102}
2019-10-05 01:02:47,144 [main] INFO  server.Server (Server.java:doStart(419)) - Started @212840ms
2019-10-05 01:02:47,144 [main] WARN  impl.MetricsSystemImpl (MetricsSystemImpl.java:register(276)) - Sink prometheus already exists!
2019-10-05 01:02:47,145 [main] INFO  server.BaseHttpServer (BaseHttpServer.java:updateConnectorAddress(215)) - HTTP server of HDDSDATANODE is listening at http://0.0.0.0:38102
2019-10-05 01:02:47,145 [main] INFO  impl.MetricsSystemImpl (MetricsSystemImpl.java:init(158)) - HddsDatanode metrics system started (again)
2019-10-05 01:02:47,169 [org.apache.hadoop.util.JvmPauseMonitor$Monitor@69371c85] INFO  util.JvmPauseMonitor (JvmPauseMonitor.java:run(188)) - Starting JVM pause monitor
2019-10-05 01:02:47,171 [Datanode State Machine Thread - 0] INFO  datanode.InitDatanodeState (InitDatanodeState.java:persistContainerDatanodeDetails(140)) - DatanodeDetails is persisted to /workdir/hadoop-ozone/integration-test/target/test-dir/MiniOzoneClusterImpl-2fc00425-f157-4b47-81a8-e6a9c5ebfcba/datanode-5/meta/datanode.id
2019-10-05 01:02:47,171 [main] INFO  ozone.HddsDatanodeService (HddsDatanodeService.java:start(184)) - HddsDatanodeService host:pr-hdds-1986-gkmgr-421349047 ip:192.168.151.100
2019-10-05 01:02:47,181 [main] INFO  volume.HddsVolume (HddsVolume.java:<init>(176)) - Creating Volume: /workdir/hadoop-ozone/integration-test/target/test-dir/MiniOzoneClusterImpl-2fc00425-f157-4b47-81a8-e6a9c5ebfcba/datanode-6/data/containers/hdds of  storage type : DISK and capacity : 1482555576320
2019-10-05 01:02:47,181 [main] INFO  volume.VolumeSet (VolumeSet.java:initializeVolumeSet(170)) - Added Volume : /workdir/hadoop-ozone/integration-test/target/test-dir/MiniOzoneClusterImpl-2fc00425-f157-4b47-81a8-e6a9c5ebfcba/datanode-6/data/containers/hdds to VolumeSet
2019-10-05 01:02:47,181 [main] INFO  volume.ThrottledAsyncChecker (ThrottledAsyncChecker.java:schedule(139)) - Scheduling a check for org.apache.hadoop.ozone.container.common.volume.HddsVolume@5396eeb1
2019-10-05 01:02:47,182 [main] INFO  volume.HddsVolumeChecker (HddsVolumeChecker.java:checkAllVolumes(202)) - Scheduled health check for volume org.apache.hadoop.ozone.container.common.volume.HddsVolume@5396eeb1
2019-10-05 01:02:47,194 [main] INFO  impl.RaftServerProxy (ConfUtils.java:logGet(43)) - raft.rpc.type = GRPC (default)
2019-10-05 01:02:47,195 [main] INFO  grpc.GrpcFactory (GrpcFactory.java:checkPooledByteBufAllocatorUseCacheForAllThreads(45)) - PERFORMANCE WARNING: useCacheForAllThreads is true that may cause Netty to create a lot garbage objects and, as a result, trigger GC.
	It is recommended to disable useCacheForAllThreads by setting -Dorg.apache.ratis.thirdparty.io.netty.allocator.useCacheForAllThreads=false in command line.
2019-10-05 01:02:47,195 [main] INFO  grpc.GrpcConfigKeys$Server (ConfUtils.java:logGet(43)) - raft.grpc.server.port = 0 (default)
2019-10-05 01:02:47,195 [main] INFO  server.GrpcService (ConfUtils.java:logGet(43)) - raft.grpc.message.size.max = 33570816 (custom)
2019-10-05 01:02:47,195 [main] INFO  server.RaftServerConfigKeys (ConfUtils.java:logGet(43)) - raft.server.log.appender.buffer.byte-limit = 33554432 (custom)
2019-10-05 01:02:47,195 [main] INFO  server.GrpcService (ConfUtils.java:logGet(43)) - raft.grpc.flow.control.window = 1MB (=1048576) (default)
2019-10-05 01:02:47,195 [main] INFO  server.RaftServerConfigKeys (ConfUtils.java:logGet(43)) - raft.server.rpc.request.timeout = 3000ms (default)
2019-10-05 01:02:47,196 [main] INFO  server.RaftServerConfigKeys (ConfUtils.java:logGet(43)) - raft.server.storage.dir = [/workdir/hadoop-ozone/integration-test/target/test-dir/MiniOzoneClusterImpl-2fc00425-f157-4b47-81a8-e6a9c5ebfcba/datanode-6/data/ratis] (custom)
2019-10-05 01:02:47,197 [main] INFO  hdfs.DFSUtil (DFSUtil.java:httpServerTemplateForNNAndJN(1641)) - Starting Web-server for hddsDatanode at: http://0.0.0.0:0
2019-10-05 01:02:47,198 [main] INFO  server.AuthenticationFilter (AuthenticationFilter.java:constructSecretProvider(240)) - Unable to initialize FileSignerSecretProvider, falling back to use random secrets.
2019-10-05 01:02:47,198 [main] WARN  http.HttpRequestLog (HttpRequestLog.java:getRequestLog(97)) - Jetty request log can only be enabled using Log4j
2019-10-05 01:02:47,199 [main] INFO  http.HttpServer2 (HttpServer2.java:addGlobalFilter(975)) - Added global filter 'safety' (class=org.apache.hadoop.http.HttpServer2$QuotingInputFilter)
2019-10-05 01:02:47,200 [main] INFO  http.HttpServer2 (HttpServer2.java:addFilter(948)) - Added filter static_user_filter (class=org.apache.hadoop.http.lib.StaticUserWebFilter$StaticUserFilter) to context hddsDatanode
2019-10-05 01:02:47,200 [main] INFO  http.HttpServer2 (HttpServer2.java:addFilter(958)) - Added filter static_user_filter (class=org.apache.hadoop.http.lib.StaticUserWebFilter$StaticUserFilter) to context logs
2019-10-05 01:02:47,200 [main] INFO  http.HttpServer2 (HttpServer2.java:addFilter(958)) - Added filter static_user_filter (class=org.apache.hadoop.http.lib.StaticUserWebFilter$StaticUserFilter) to context static
2019-10-05 01:02:47,200 [main] INFO  http.HttpServer2 (HttpServer2.java:bindListener(1191)) - Jetty bound to port 39286
2019-10-05 01:02:47,201 [main] INFO  server.Server (Server.java:doStart(351)) - jetty-9.3.25.v20180904, build timestamp: 2018-09-04T21:11:46Z, git hash: 3ce520221d0240229c862b122d2b06c12a625732
2019-10-05 01:02:47,202 [main] INFO  handler.ContextHandler (ContextHandler.java:doStart(781)) - Started o.e.j.s.ServletContextHandler@6169be09{/logs,file:///workdir/hadoop-ozone/integration-test/target/log,AVAILABLE}
2019-10-05 01:02:47,202 [main] INFO  handler.ContextHandler (ContextHandler.java:doStart(781)) - Started o.e.j.s.ServletContextHandler@5fb54740{/static,jar:file:/home/user/.m2/repository/org/apache/hadoop/hadoop-hdds-container-service/0.5.0-SNAPSHOT/hadoop-hdds-container-service-0.5.0-SNAPSHOT.jar!/webapps/static,AVAILABLE}
2019-10-05 01:02:47,228 [main] INFO  handler.ContextHandler (ContextHandler.java:doStart(781)) - Started o.e.j.w.WebAppContext@45c80312{/,file:///tmp/jetty-0.0.0.0-39286-hddsDatanode-_-any-6847987575659238338.dir/webapp/,AVAILABLE}{/hddsDatanode}
2019-10-05 01:02:47,228 [main] INFO  server.AbstractConnector (AbstractConnector.java:doStart(278)) - Started ServerConnector@7bd38fed{HTTP/1.1,[http/1.1]}{0.0.0.0:39286}
2019-10-05 01:02:47,231 [main] INFO  server.Server (Server.java:doStart(419)) - Started @212928ms
2019-10-05 01:02:47,231 [main] WARN  impl.MetricsSystemImpl (MetricsSystemImpl.java:register(276)) - Sink prometheus already exists!
2019-10-05 01:02:47,232 [main] INFO  server.BaseHttpServer (BaseHttpServer.java:updateConnectorAddress(215)) - HTTP server of HDDSDATANODE is listening at http://0.0.0.0:39286
2019-10-05 01:02:47,232 [main] INFO  ozone.MiniOzoneClusterImpl (MiniOzoneClusterImpl.java:lambda$waitForClusterToBeReady$0(147)) - Waiting for cluster to be ready. Got 0 of 7 DN Heartbeats.
2019-10-05 01:02:47,233 [org.apache.hadoop.util.JvmPauseMonitor$Monitor@74824f3b] INFO  util.JvmPauseMonitor (JvmPauseMonitor.java:run(188)) - Starting JVM pause monitor
2019-10-05 01:02:47,234 [Datanode State Machine Thread - 0] INFO  datanode.InitDatanodeState (InitDatanodeState.java:persistContainerDatanodeDetails(140)) - DatanodeDetails is persisted to /workdir/hadoop-ozone/integration-test/target/test-dir/MiniOzoneClusterImpl-2fc00425-f157-4b47-81a8-e6a9c5ebfcba/datanode-6/meta/datanode.id
2019-10-05 01:02:47,990 [grpc-default-executor-6] WARN  server.GrpcLogAppender (LogUtils.java:warn(134)) - 612cac7f-adbd-4c9f-8295-c8fcc0a93bfe@group-3476BD9B3912->d80a136d-1766-4220-8826-4519ccdfc503-AppendLogResponseHandler: Failed appendEntries: org.apache.ratis.thirdparty.io.grpc.StatusRuntimeException: UNAVAILABLE: io exception
2019-10-05 01:02:47,990 [grpc-default-executor-7] WARN  server.GrpcLogAppender (LogUtils.java:warn(134)) - 612cac7f-adbd-4c9f-8295-c8fcc0a93bfe@group-3476BD9B3912->2f18de2d-e164-4d9c-9938-7123010b2f40-AppendLogResponseHandler: Failed appendEntries: org.apache.ratis.thirdparty.io.grpc.StatusRuntimeException: UNAVAILABLE: io exception
2019-10-05 01:02:47,991 [grpc-default-executor-6] INFO  impl.FollowerInfo (FollowerInfo.java:lambda$new$0(51)) - 612cac7f-adbd-4c9f-8295-c8fcc0a93bfe@group-3476BD9B3912->d80a136d-1766-4220-8826-4519ccdfc503: nextIndex: updateUnconditionally 0 -> 0
2019-10-05 01:02:47,991 [grpc-default-executor-7] INFO  impl.FollowerInfo (FollowerInfo.java:lambda$new$0(51)) - 612cac7f-adbd-4c9f-8295-c8fcc0a93bfe@group-3476BD9B3912->2f18de2d-e164-4d9c-9938-7123010b2f40: nextIndex: updateUnconditionally 0 -> 0
2019-10-05 01:02:48,233 [main] INFO  ozone.MiniOzoneClusterImpl (MiniOzoneClusterImpl.java:lambda$waitForClusterToBeReady$0(147)) - Waiting for cluster to be ready. Got 0 of 7 DN Heartbeats.
2019-10-05 01:02:48,777 [Datanode State Machine Thread - 0] INFO  ozoneimpl.OzoneContainer (OzoneContainer.java:start(217)) - Attempting to start container services.
2019-10-05 01:02:48,778 [Datanode State Machine Thread - 0] INFO  ozoneimpl.OzoneContainer (OzoneContainer.java:startContainerScrub(179)) - Background container scanner has been disabled.
2019-10-05 01:02:48,778 [Datanode State Machine Thread - 0] INFO  ratis.XceiverServerRatis (XceiverServerRatis.java:start(417)) - Starting XceiverServerRatis 1d0662d9-8520-4eb5-8502-d81a6660ecca at port 0
2019-10-05 01:02:48,784 [Datanode State Machine Thread - 0] INFO  impl.RaftServerProxy (RaftServerProxy.java:lambda$start$3(299)) - 1d0662d9-8520-4eb5-8502-d81a6660ecca: start RPC server
2019-10-05 01:02:48,794 [Datanode State Machine Thread - 0] INFO  server.GrpcService (GrpcService.java:startImpl(158)) - 1d0662d9-8520-4eb5-8502-d81a6660ecca: GrpcService started, listening on 0.0.0.0/0.0.0.0:34212
2019-10-05 01:02:48,794 [Datanode State Machine Thread - 0] INFO  ratis.XceiverServerRatis (XceiverServerRatis.java:start(427)) - XceiverServerRatis 1d0662d9-8520-4eb5-8502-d81a6660ecca is started using port 34212
2019-10-05 01:02:48,794 [Datanode State Machine Thread - 0] INFO  server.XceiverServerGrpc (XceiverServerGrpc.java:start(149)) - XceiverServerGrpc 1d0662d9-8520-4eb5-8502-d81a6660ecca is started using port 45214
2019-10-05 01:02:48,817 [Datanode State Machine Thread - 0] INFO  ozoneimpl.OzoneContainer (OzoneContainer.java:start(217)) - Attempting to start container services.
2019-10-05 01:02:48,817 [Datanode State Machine Thread - 0] INFO  ozoneimpl.OzoneContainer (OzoneContainer.java:startContainerScrub(179)) - Background container scanner has been disabled.
2019-10-05 01:02:48,818 [Datanode State Machine Thread - 0] INFO  ratis.XceiverServerRatis (XceiverServerRatis.java:start(417)) - Starting XceiverServerRatis d9b50fba-2bef-4b93-a78b-5015b1735ffb at port 0
2019-10-05 01:02:48,823 [Datanode State Machine Thread - 0] INFO  impl.RaftServerProxy (RaftServerProxy.java:lambda$start$3(299)) - d9b50fba-2bef-4b93-a78b-5015b1735ffb: start RPC server
2019-10-05 01:02:48,823 [Datanode State Machine Thread - 0] INFO  server.GrpcService (GrpcService.java:startImpl(158)) - d9b50fba-2bef-4b93-a78b-5015b1735ffb: GrpcService started, listening on 0.0.0.0/0.0.0.0:37851
2019-10-05 01:02:48,823 [Datanode State Machine Thread - 0] INFO  ratis.XceiverServerRatis (XceiverServerRatis.java:start(427)) - XceiverServerRatis d9b50fba-2bef-4b93-a78b-5015b1735ffb is started using port 37851
2019-10-05 01:02:48,824 [Datanode State Machine Thread - 0] INFO  server.XceiverServerGrpc (XceiverServerGrpc.java:start(149)) - XceiverServerGrpc d9b50fba-2bef-4b93-a78b-5015b1735ffb is started using port 36406
2019-10-05 01:02:48,912 [Datanode State Machine Thread - 0] INFO  ozoneimpl.OzoneContainer (OzoneContainer.java:start(217)) - Attempting to start container services.
2019-10-05 01:02:48,913 [Datanode State Machine Thread - 0] INFO  ozoneimpl.OzoneContainer (OzoneContainer.java:startContainerScrub(179)) - Background container scanner has been disabled.
2019-10-05 01:02:48,913 [Datanode State Machine Thread - 0] INFO  ratis.XceiverServerRatis (XceiverServerRatis.java:start(417)) - Starting XceiverServerRatis facad076-2f4e-4e5b-ab7e-ee8b3409c6e5 at port 0
2019-10-05 01:02:48,918 [Datanode State Machine Thread - 0] INFO  impl.RaftServerProxy (RaftServerProxy.java:lambda$start$3(299)) - facad076-2f4e-4e5b-ab7e-ee8b3409c6e5: start RPC server
2019-10-05 01:02:48,921 [Datanode State Machine Thread - 0] INFO  server.GrpcService (GrpcService.java:startImpl(158)) - facad076-2f4e-4e5b-ab7e-ee8b3409c6e5: GrpcService started, listening on 0.0.0.0/0.0.0.0:34559
2019-10-05 01:02:48,922 [Datanode State Machine Thread - 0] INFO  ratis.XceiverServerRatis (XceiverServerRatis.java:start(427)) - XceiverServerRatis facad076-2f4e-4e5b-ab7e-ee8b3409c6e5 is started using port 34559
2019-10-05 01:02:48,925 [Datanode State Machine Thread - 0] INFO  server.XceiverServerGrpc (XceiverServerGrpc.java:start(149)) - XceiverServerGrpc facad076-2f4e-4e5b-ab7e-ee8b3409c6e5 is started using port 45615
2019-10-05 01:02:48,985 [Datanode State Machine Thread - 0] INFO  ozoneimpl.OzoneContainer (OzoneContainer.java:start(217)) - Attempting to start container services.
2019-10-05 01:02:48,986 [Datanode State Machine Thread - 0] INFO  ozoneimpl.OzoneContainer (OzoneContainer.java:startContainerScrub(179)) - Background container scanner has been disabled.
2019-10-05 01:02:48,986 [Datanode State Machine Thread - 0] INFO  ratis.XceiverServerRatis (XceiverServerRatis.java:start(417)) - Starting XceiverServerRatis f1bbbd25-bf7d-4683-8047-894a5fb2e05c at port 0
2019-10-05 01:02:48,991 [Datanode State Machine Thread - 0] INFO  impl.RaftServerProxy (RaftServerProxy.java:lambda$start$3(299)) - f1bbbd25-bf7d-4683-8047-894a5fb2e05c: start RPC server
2019-10-05 01:02:48,994 [Datanode State Machine Thread - 0] INFO  server.GrpcService (GrpcService.java:startImpl(158)) - f1bbbd25-bf7d-4683-8047-894a5fb2e05c: GrpcService started, listening on 0.0.0.0/0.0.0.0:33537
2019-10-05 01:02:48,995 [Datanode State Machine Thread - 0] INFO  ratis.XceiverServerRatis (XceiverServerRatis.java:start(427)) - XceiverServerRatis f1bbbd25-bf7d-4683-8047-894a5fb2e05c is started using port 33537
2019-10-05 01:02:48,995 [Datanode State Machine Thread - 0] INFO  server.XceiverServerGrpc (XceiverServerGrpc.java:start(149)) - XceiverServerGrpc f1bbbd25-bf7d-4683-8047-894a5fb2e05c is started using port 44771
2019-10-05 01:02:49,086 [Datanode State Machine Thread - 0] INFO  ozoneimpl.OzoneContainer (OzoneContainer.java:start(217)) - Attempting to start container services.
2019-10-05 01:02:49,086 [Datanode State Machine Thread - 0] INFO  ozoneimpl.OzoneContainer (OzoneContainer.java:startContainerScrub(179)) - Background container scanner has been disabled.
2019-10-05 01:02:49,086 [Datanode State Machine Thread - 0] INFO  ratis.XceiverServerRatis (XceiverServerRatis.java:start(417)) - Starting XceiverServerRatis d5353d07-f879-43f5-916d-faa6d2011c47 at port 0
2019-10-05 01:02:49,091 [Datanode State Machine Thread - 0] INFO  impl.RaftServerProxy (RaftServerProxy.java:lambda$start$3(299)) - d5353d07-f879-43f5-916d-faa6d2011c47: start RPC server
2019-10-05 01:02:49,092 [Datanode State Machine Thread - 0] INFO  server.GrpcService (GrpcService.java:startImpl(158)) - d5353d07-f879-43f5-916d-faa6d2011c47: GrpcService started, listening on 0.0.0.0/0.0.0.0:45479
2019-10-05 01:02:49,092 [Datanode State Machine Thread - 0] INFO  ratis.XceiverServerRatis (XceiverServerRatis.java:start(427)) - XceiverServerRatis d5353d07-f879-43f5-916d-faa6d2011c47 is started using port 45479
2019-10-05 01:02:49,092 [Datanode State Machine Thread - 0] INFO  server.XceiverServerGrpc (XceiverServerGrpc.java:start(149)) - XceiverServerGrpc d5353d07-f879-43f5-916d-faa6d2011c47 is started using port 44224
2019-10-05 01:02:49,195 [Datanode State Machine Thread - 0] INFO  ozoneimpl.OzoneContainer (OzoneContainer.java:start(217)) - Attempting to start container services.
2019-10-05 01:02:49,196 [Datanode State Machine Thread - 0] INFO  ozoneimpl.OzoneContainer (OzoneContainer.java:startContainerScrub(179)) - Background container scanner has been disabled.
2019-10-05 01:02:49,196 [Datanode State Machine Thread - 0] INFO  ratis.XceiverServerRatis (XceiverServerRatis.java:start(417)) - Starting XceiverServerRatis d4841264-9ebf-4a77-a743-3790cb747b27 at port 0
2019-10-05 01:02:49,202 [Datanode State Machine Thread - 0] INFO  impl.RaftServerProxy (RaftServerProxy.java:lambda$start$3(299)) - d4841264-9ebf-4a77-a743-3790cb747b27: start RPC server
2019-10-05 01:02:49,203 [Datanode State Machine Thread - 0] INFO  server.GrpcService (GrpcService.java:startImpl(158)) - d4841264-9ebf-4a77-a743-3790cb747b27: GrpcService started, listening on 0.0.0.0/0.0.0.0:34522
2019-10-05 01:02:49,203 [Datanode State Machine Thread - 0] INFO  ratis.XceiverServerRatis (XceiverServerRatis.java:start(427)) - XceiverServerRatis d4841264-9ebf-4a77-a743-3790cb747b27 is started using port 34522
2019-10-05 01:02:49,207 [Datanode State Machine Thread - 0] INFO  server.XceiverServerGrpc (XceiverServerGrpc.java:start(149)) - XceiverServerGrpc d4841264-9ebf-4a77-a743-3790cb747b27 is started using port 34948
2019-10-05 01:02:49,233 [main] INFO  ozone.MiniOzoneClusterImpl (MiniOzoneClusterImpl.java:lambda$waitForClusterToBeReady$0(147)) - Waiting for cluster to be ready. Got 0 of 7 DN Heartbeats.
2019-10-05 01:02:49,270 [Datanode State Machine Thread - 0] INFO  ozoneimpl.OzoneContainer (OzoneContainer.java:start(217)) - Attempting to start container services.
2019-10-05 01:02:49,270 [Datanode State Machine Thread - 0] INFO  ozoneimpl.OzoneContainer (OzoneContainer.java:startContainerScrub(179)) - Background container scanner has been disabled.
2019-10-05 01:02:49,270 [Datanode State Machine Thread - 0] INFO  ratis.XceiverServerRatis (XceiverServerRatis.java:start(417)) - Starting XceiverServerRatis bb1c3136-b0b8-4519-9f5a-cd2bb9e5dc04 at port 0
2019-10-05 01:02:49,274 [Datanode State Machine Thread - 0] INFO  impl.RaftServerProxy (RaftServerProxy.java:lambda$start$3(299)) - bb1c3136-b0b8-4519-9f5a-cd2bb9e5dc04: start RPC server
2019-10-05 01:02:49,275 [Datanode State Machine Thread - 0] INFO  server.GrpcService (GrpcService.java:startImpl(158)) - bb1c3136-b0b8-4519-9f5a-cd2bb9e5dc04: GrpcService started, listening on 0.0.0.0/0.0.0.0:37244
2019-10-05 01:02:49,275 [Datanode State Machine Thread - 0] INFO  ratis.XceiverServerRatis (XceiverServerRatis.java:start(427)) - XceiverServerRatis bb1c3136-b0b8-4519-9f5a-cd2bb9e5dc04 is started using port 37244
2019-10-05 01:02:49,279 [Datanode State Machine Thread - 0] INFO  server.XceiverServerGrpc (XceiverServerGrpc.java:start(149)) - XceiverServerGrpc bb1c3136-b0b8-4519-9f5a-cd2bb9e5dc04 is started using port 37202
2019-10-05 01:02:50,234 [main] INFO  ozone.MiniOzoneClusterImpl (MiniOzoneClusterImpl.java:lambda$waitForClusterToBeReady$0(147)) - Waiting for cluster to be ready. Got 0 of 7 DN Heartbeats.
2019-10-05 01:02:50,491 [grpc-default-executor-7] WARN  server.GrpcLogAppender (LogUtils.java:warn(134)) - 612cac7f-adbd-4c9f-8295-c8fcc0a93bfe@group-3476BD9B3912->2f18de2d-e164-4d9c-9938-7123010b2f40-AppendLogResponseHandler: Failed appendEntries: org.apache.ratis.thirdparty.io.grpc.StatusRuntimeException: UNAVAILABLE: io exception
2019-10-05 01:02:50,491 [grpc-default-executor-2] WARN  server.GrpcLogAppender (LogUtils.java:warn(134)) - 612cac7f-adbd-4c9f-8295-c8fcc0a93bfe@group-3476BD9B3912->d80a136d-1766-4220-8826-4519ccdfc503-AppendLogResponseHandler: Failed appendEntries: org.apache.ratis.thirdparty.io.grpc.StatusRuntimeException: UNAVAILABLE: io exception
2019-10-05 01:02:50,491 [grpc-default-executor-7] INFO  impl.FollowerInfo (FollowerInfo.java:lambda$new$0(51)) - 612cac7f-adbd-4c9f-8295-c8fcc0a93bfe@group-3476BD9B3912->2f18de2d-e164-4d9c-9938-7123010b2f40: nextIndex: updateUnconditionally 0 -> 0
2019-10-05 01:02:50,492 [grpc-default-executor-2] INFO  impl.FollowerInfo (FollowerInfo.java:lambda$new$0(51)) - 612cac7f-adbd-4c9f-8295-c8fcc0a93bfe@group-3476BD9B3912->d80a136d-1766-4220-8826-4519ccdfc503: nextIndex: updateUnconditionally 0 -> 0
2019-10-05 01:02:50,727 [IPC Server handler 2 on 37398] INFO  net.NetworkTopology (NetworkTopologyImpl.java:add(111)) - Added a new node: /default-rack/1d0662d9-8520-4eb5-8502-d81a6660ecca
2019-10-05 01:02:50,729 [IPC Server handler 2 on 37398] INFO  node.SCMNodeManager (SCMNodeManager.java:register(268)) - Registered Data node : 1d0662d9-8520-4eb5-8502-d81a6660ecca{ip: 192.168.151.100, host: pr-hdds-1986-gkmgr-421349047, networkLocation: /default-rack, certSerialId: null}
2019-10-05 01:02:50,731 [EventQueue-NodeRegistrationContainerReportForDataNodeSafeModeRule] INFO  safemode.SCMSafeModeManager (DataNodeSafeModeRule.java:process(71)) - SCM in safe mode. 1 DataNodes registered, 1 required.
2019-10-05 01:02:50,733 [EventQueue-NodeRegistrationContainerReportForDataNodeSafeModeRule] INFO  safemode.SCMSafeModeManager (SCMSafeModeManager.java:validateSafeModeExitRules(177)) - ScmSafeModeManager, all rules are successfully validated
2019-10-05 01:02:50,733 [EventQueue-NodeRegistrationContainerReportForDataNodeSafeModeRule] INFO  safemode.SCMSafeModeManager (SCMSafeModeManager.java:exitSafeMode(193)) - SCM exiting safe mode.
2019-10-05 01:02:50,741 [grpc-default-executor-2] INFO  impl.RaftServerProxy (RaftServerProxy.java:addNew(89)) - 1d0662d9-8520-4eb5-8502-d81a6660ecca: addNew group-EFE67D5B2BA6:[1d0662d9-8520-4eb5-8502-d81a6660ecca:192.168.151.100:34212] returns group-EFE67D5B2BA6:java.util.concurrent.CompletableFuture@6eb757f2[Not completed]
2019-10-05 01:02:50,743 [pool-383-thread-1] INFO  impl.RaftServerImpl (RaftServerImpl.java:<init>(95)) - 1d0662d9-8520-4eb5-8502-d81a6660ecca: new RaftServerImpl for group-EFE67D5B2BA6:[1d0662d9-8520-4eb5-8502-d81a6660ecca:192.168.151.100:34212] with ContainerStateMachine:uninitialized
2019-10-05 01:02:50,743 [pool-383-thread-1] INFO  server.RaftServerConfigKeys (ConfUtils.java:logGet(43)) - raft.server.rpc.timeout.min = 5s (custom)
2019-10-05 01:02:50,743 [pool-383-thread-1] INFO  server.RaftServerConfigKeys (ConfUtils.java:logGet(43)) - raft.server.rpc.timeout.max = 5200ms (custom)
2019-10-05 01:02:50,744 [pool-383-thread-1] INFO  server.RaftServerConfigKeys (ConfUtils.java:logGet(43)) - raft.server.rpcslowness.timeout = 120s (custom)
2019-10-05 01:02:50,744 [pool-383-thread-1] INFO  server.RaftServerConfigKeys (ConfUtils.java:logGet(43)) - raft.server.sleep.deviation.threshold = 300 (default)
2019-10-05 01:02:50,744 [pool-383-thread-1] INFO  server.RaftServerConfigKeys (ConfUtils.java:logGet(43)) - raft.server.log.appender.install.snapshot.enabled = false (custom)
2019-10-05 01:02:50,744 [pool-383-thread-1] INFO  impl.RaftServerImpl (ServerState.java:<init>(103)) - 1d0662d9-8520-4eb5-8502-d81a6660ecca@group-EFE67D5B2BA6: ConfigurationManager, init=-1: [1d0662d9-8520-4eb5-8502-d81a6660ecca:192.168.151.100:34212], old=null, confs=<EMPTY_MAP>
2019-10-05 01:02:50,744 [pool-383-thread-1] INFO  server.RaftServerConfigKeys (ConfUtils.java:logGet(43)) - raft.server.storage.dir = [/workdir/hadoop-ozone/integration-test/target/test-dir/MiniOzoneClusterImpl-2fc00425-f157-4b47-81a8-e6a9c5ebfcba/datanode-0/data/ratis] (custom)
2019-10-05 01:02:50,744 [pool-383-thread-1] INFO  server.RaftServerConfigKeys (ConfUtils.java:logGet(43)) - raft.server.log.corruption.policy = EXCEPTION (default)
2019-10-05 01:02:50,745 [pool-383-thread-1] INFO  storage.RaftStorageDirectory (RaftStorageDirectory.java:analyzeStorage(246)) - The storage directory /workdir/hadoop-ozone/integration-test/target/test-dir/MiniOzoneClusterImpl-2fc00425-f157-4b47-81a8-e6a9c5ebfcba/datanode-0/data/ratis/a06ec07f-5230-4591-9b20-efe67d5b2ba6 does not exist. Creating ...
2019-10-05 01:02:50,759 [pool-383-thread-1] INFO  storage.RaftStorageDirectory (RaftStorageDirectory.java:tryLock(328)) - Lock on /workdir/hadoop-ozone/integration-test/target/test-dir/MiniOzoneClusterImpl-2fc00425-f157-4b47-81a8-e6a9c5ebfcba/datanode-0/data/ratis/a06ec07f-5230-4591-9b20-efe67d5b2ba6/in_use.lock acquired by nodename 18151@pr-hdds-1986-gkmgr-421349047
2019-10-05 01:02:50,771 [pool-383-thread-1] INFO  storage.RaftStorage (RaftStorage.java:format(84)) - Storage directory /workdir/hadoop-ozone/integration-test/target/test-dir/MiniOzoneClusterImpl-2fc00425-f157-4b47-81a8-e6a9c5ebfcba/datanode-0/data/ratis/a06ec07f-5230-4591-9b20-efe67d5b2ba6 has been successfully formatted.
2019-10-05 01:02:50,772 [pool-383-thread-1] INFO  ratis.ContainerStateMachine (ContainerStateMachine.java:loadSnapshot(230)) - group-EFE67D5B2BA6: The snapshot info is null. Setting the last applied indexto:(t:0, i:~)
2019-10-05 01:02:50,772 [pool-383-thread-1] INFO  server.RaftServerConfigKeys (ConfUtils.java:logGet(43)) - raft.server.notification.no-leader.timeout = 120s (custom)
2019-10-05 01:02:50,772 [pool-383-thread-1] INFO  server.RaftServerConfigKeys (ConfUtils.java:logGet(43)) - raft.server.log.use.memory = false (default)
2019-10-05 01:02:50,772 [pool-383-thread-1] INFO  server.RaftServerConfigKeys (ConfUtils.java:logGet(43)) - raft.server.log.purge.gap = 1000000 (custom)
2019-10-05 01:02:50,772 [pool-383-thread-1] INFO  server.RaftServerConfigKeys (ConfUtils.java:logGet(43)) - raft.server.log.appender.buffer.byte-limit = 33554432 (custom)
2019-10-05 01:02:50,772 [pool-383-thread-1] INFO  server.RaftServerConfigKeys (ConfUtils.java:logGet(43)) - raft.server.log.segment.size.max = 1048576 (custom)
2019-10-05 01:02:50,774 [pool-383-thread-1] INFO  server.RaftServerConfigKeys (ConfUtils.java:logGet(43)) - raft.server.log.segment.cache.num.max = 2 (custom)
2019-10-05 01:02:50,775 [pool-383-thread-1] INFO  segmented.SegmentedRaftLogWorker (SegmentedRaftLogWorker.java:<init>(173)) - new 1d0662d9-8520-4eb5-8502-d81a6660ecca@group-EFE67D5B2BA6-SegmentedRaftLogWorker for RaftStorage:Storage Directory /workdir/hadoop-ozone/integration-test/target/test-dir/MiniOzoneClusterImpl-2fc00425-f157-4b47-81a8-e6a9c5ebfcba/datanode-0/data/ratis/a06ec07f-5230-4591-9b20-efe67d5b2ba6
2019-10-05 01:02:50,775 [pool-383-thread-1] INFO  server.RaftServerConfigKeys (ConfUtils.java:logGet(43)) - raft.server.log.queue.byte-limit = 2147483647 (custom)
2019-10-05 01:02:50,775 [pool-383-thread-1] INFO  server.RaftServerConfigKeys (ConfUtils.java:logGet(43)) - raft.server.log.queue.element-limit = 1024 (custom)
2019-10-05 01:02:50,775 [pool-383-thread-1] INFO  server.RaftServerConfigKeys (ConfUtils.java:logGet(43)) - raft.server.log.segment.size.max = 1048576 (custom)
2019-10-05 01:02:50,775 [pool-383-thread-1] INFO  server.RaftServerConfigKeys (ConfUtils.java:logGet(43)) - raft.server.log.preallocated.size = 16384 (custom)
2019-10-05 01:02:50,775 [pool-383-thread-1] INFO  server.RaftServerConfigKeys (ConfUtils.java:logGet(43)) - raft.server.log.write.buffer.size = 33554432 (custom)
2019-10-05 01:02:50,775 [pool-383-thread-1] INFO  server.RaftServerConfigKeys (ConfUtils.java:logGet(43)) - raft.server.log.force.sync.num = 128 (default)
2019-10-05 01:02:50,776 [pool-383-thread-1] INFO  server.RaftServerConfigKeys (ConfUtils.java:logGet(43)) - raft.server.log.statemachine.data.sync = true (default)
2019-10-05 01:02:50,776 [pool-383-thread-1] INFO  server.RaftServerConfigKeys (ConfUtils.java:logGet(43)) - raft.server.log.statemachine.data.sync.timeout = 10s (default)
2019-10-05 01:02:50,776 [pool-383-thread-1] INFO  server.RaftServerConfigKeys (ConfUtils.java:logGet(43)) - raft.server.log.statemachine.data.sync.timeout.retry = -1 (default)
2019-10-05 01:02:50,776 [pool-383-thread-1] INFO  server.RaftServerConfigKeys (ConfUtils.java:logGet(43)) - raft.server.log.statemachine.data.caching.enabled = true (custom)
2019-10-05 01:02:50,777 [pool-383-thread-1] INFO  segmented.SegmentedRaftLogWorker (SegmentedRaftLogWorker.java:lambda$new$0(128)) - 1d0662d9-8520-4eb5-8502-d81a6660ecca@group-EFE67D5B2BA6-SegmentedRaftLogWorker: flushIndex: setUnconditionally 0 -> -1
2019-10-05 01:02:50,777 [pool-383-thread-1] INFO  server.RaftServerConfigKeys (ConfUtils.java:logGet(43)) - raft.server.snapshot.auto.trigger.enabled = true (custom)
2019-10-05 01:02:50,777 [pool-383-thread-1] INFO  server.RaftServerConfigKeys (ConfUtils.java:logGet(43)) - raft.server.snapshot.auto.trigger.threshold = 10000 (custom)
2019-10-05 01:02:50,777 [pool-383-thread-1] INFO  server.RaftServerConfigKeys (ConfUtils.java:logGet(43)) - raft.server.snapshot.retention.file.num = 5 (custom)
2019-10-05 01:02:50,777 [pool-383-thread-1] INFO  server.RaftServerConfigKeys (ConfUtils.java:logGet(43)) - raft.server.retrycache.expirytime = 600000ms (custom)
2019-10-05 01:02:50,779 [pool-383-thread-1] INFO  impl.RaftServerImpl (RaftServerImpl.java:start(181)) - 1d0662d9-8520-4eb5-8502-d81a6660ecca@group-EFE67D5B2BA6: start as a follower, conf=-1: [1d0662d9-8520-4eb5-8502-d81a6660ecca:192.168.151.100:34212], old=null
2019-10-05 01:02:50,779 [pool-383-thread-1] INFO  impl.RaftServerImpl (RaftServerImpl.java:setRole(170)) - 1d0662d9-8520-4eb5-8502-d81a6660ecca@group-EFE67D5B2BA6: changes role from      null to FOLLOWER at term 0 for startAsFollower
2019-10-05 01:02:50,779 [pool-383-thread-1] INFO  impl.RoleInfo (RoleInfo.java:updateAndGet(143)) - 1d0662d9-8520-4eb5-8502-d81a6660ecca: start FollowerState
2019-10-05 01:02:50,779 [pool-383-thread-1] INFO  util.JmxRegister (JmxRegister.java:tryRegister(44)) - Successfully registered JMX Bean with object name Ratis:service=RaftServer,group=group-EFE67D5B2BA6,id=1d0662d9-8520-4eb5-8502-d81a6660ecca
2019-10-05 01:02:50,784 [RatisPipelineUtilsThread] INFO  pipeline.PipelineStateManager (PipelineStateManager.java:addPipeline(56)) - Created pipeline Pipeline[ Id: a06ec07f-5230-4591-9b20-efe67d5b2ba6, Nodes: 1d0662d9-8520-4eb5-8502-d81a6660ecca{ip: 192.168.151.100, host: pr-hdds-1986-gkmgr-421349047, networkLocation: /default-rack, certSerialId: null}, Type:RATIS, Factor:ONE, State:OPEN]
2019-10-05 01:02:50,800 [IPC Server handler 3 on 37398] INFO  net.NetworkTopology (NetworkTopologyImpl.java:add(111)) - Added a new node: /default-rack/d9b50fba-2bef-4b93-a78b-5015b1735ffb
2019-10-05 01:02:50,800 [IPC Server handler 3 on 37398] INFO  node.SCMNodeManager (SCMNodeManager.java:register(268)) - Registered Data node : d9b50fba-2bef-4b93-a78b-5015b1735ffb{ip: 192.168.151.100, host: pr-hdds-1986-gkmgr-421349047, networkLocation: /default-rack, certSerialId: null}
2019-10-05 01:02:50,808 [grpc-default-executor-2] INFO  impl.RaftServerProxy (RaftServerProxy.java:addNew(89)) - d9b50fba-2bef-4b93-a78b-5015b1735ffb: addNew group-1C8203129DAF:[d9b50fba-2bef-4b93-a78b-5015b1735ffb:192.168.151.100:37851] returns group-1C8203129DAF:java.util.concurrent.CompletableFuture@e9004a2[Not completed]
2019-10-05 01:02:50,810 [pool-393-thread-1] INFO  impl.RaftServerImpl (RaftServerImpl.java:<init>(95)) - d9b50fba-2bef-4b93-a78b-5015b1735ffb: new RaftServerImpl for group-1C8203129DAF:[d9b50fba-2bef-4b93-a78b-5015b1735ffb:192.168.151.100:37851] with ContainerStateMachine:uninitialized
2019-10-05 01:02:50,810 [pool-393-thread-1] INFO  server.RaftServerConfigKeys (ConfUtils.java:logGet(43)) - raft.server.rpc.timeout.min = 5s (custom)
2019-10-05 01:02:50,810 [pool-393-thread-1] INFO  server.RaftServerConfigKeys (ConfUtils.java:logGet(43)) - raft.server.rpc.timeout.max = 5200ms (custom)
2019-10-05 01:02:50,810 [pool-393-thread-1] INFO  server.RaftServerConfigKeys (ConfUtils.java:logGet(43)) - raft.server.rpcslowness.timeout = 120s (custom)
2019-10-05 01:02:50,810 [pool-393-thread-1] INFO  server.RaftServerConfigKeys (ConfUtils.java:logGet(43)) - raft.server.sleep.deviation.threshold = 300 (default)
2019-10-05 01:02:50,810 [pool-393-thread-1] INFO  server.RaftServerConfigKeys (ConfUtils.java:logGet(43)) - raft.server.log.appender.install.snapshot.enabled = false (custom)
2019-10-05 01:02:50,811 [pool-393-thread-1] INFO  impl.RaftServerImpl (ServerState.java:<init>(103)) - d9b50fba-2bef-4b93-a78b-5015b1735ffb@group-1C8203129DAF: ConfigurationManager, init=-1: [d9b50fba-2bef-4b93-a78b-5015b1735ffb:192.168.151.100:37851], old=null, confs=<EMPTY_MAP>
2019-10-05 01:02:50,811 [pool-393-thread-1] INFO  server.RaftServerConfigKeys (ConfUtils.java:logGet(43)) - raft.server.storage.dir = [/workdir/hadoop-ozone/integration-test/target/test-dir/MiniOzoneClusterImpl-2fc00425-f157-4b47-81a8-e6a9c5ebfcba/datanode-1/data/ratis] (custom)
2019-10-05 01:02:50,811 [pool-393-thread-1] INFO  server.RaftServerConfigKeys (ConfUtils.java:logGet(43)) - raft.server.log.corruption.policy = EXCEPTION (default)
2019-10-05 01:02:50,811 [pool-393-thread-1] INFO  storage.RaftStorageDirectory (RaftStorageDirectory.java:analyzeStorage(246)) - The storage directory /workdir/hadoop-ozone/integration-test/target/test-dir/MiniOzoneClusterImpl-2fc00425-f157-4b47-81a8-e6a9c5ebfcba/datanode-1/data/ratis/8d5e6a9b-23cb-436e-b6a7-1c8203129daf does not exist. Creating ...
2019-10-05 01:02:50,824 [pool-393-thread-1] INFO  storage.RaftStorageDirectory (RaftStorageDirectory.java:tryLock(328)) - Lock on /workdir/hadoop-ozone/integration-test/target/test-dir/MiniOzoneClusterImpl-2fc00425-f157-4b47-81a8-e6a9c5ebfcba/datanode-1/data/ratis/8d5e6a9b-23cb-436e-b6a7-1c8203129daf/in_use.lock acquired by nodename 18151@pr-hdds-1986-gkmgr-421349047
2019-10-05 01:02:50,836 [pool-393-thread-1] INFO  storage.RaftStorage (RaftStorage.java:format(84)) - Storage directory /workdir/hadoop-ozone/integration-test/target/test-dir/MiniOzoneClusterImpl-2fc00425-f157-4b47-81a8-e6a9c5ebfcba/datanode-1/data/ratis/8d5e6a9b-23cb-436e-b6a7-1c8203129daf has been successfully formatted.
2019-10-05 01:02:50,836 [pool-393-thread-1] INFO  ratis.ContainerStateMachine (ContainerStateMachine.java:loadSnapshot(230)) - group-1C8203129DAF: The snapshot info is null. Setting the last applied indexto:(t:0, i:~)
2019-10-05 01:02:50,837 [pool-393-thread-1] INFO  server.RaftServerConfigKeys (ConfUtils.java:logGet(43)) - raft.server.notification.no-leader.timeout = 120s (custom)
2019-10-05 01:02:50,837 [pool-393-thread-1] INFO  server.RaftServerConfigKeys (ConfUtils.java:logGet(43)) - raft.server.log.use.memory = false (default)
2019-10-05 01:02:50,837 [pool-393-thread-1] INFO  server.RaftServerConfigKeys (ConfUtils.java:logGet(43)) - raft.server.log.purge.gap = 1000000 (custom)
2019-10-05 01:02:50,837 [pool-393-thread-1] INFO  server.RaftServerConfigKeys (ConfUtils.java:logGet(43)) - raft.server.log.appender.buffer.byte-limit = 33554432 (custom)
2019-10-05 01:02:50,837 [pool-393-thread-1] INFO  server.RaftServerConfigKeys (ConfUtils.java:logGet(43)) - raft.server.log.segment.size.max = 1048576 (custom)
2019-10-05 01:02:50,838 [pool-393-thread-1] INFO  server.RaftServerConfigKeys (ConfUtils.java:logGet(43)) - raft.server.log.segment.cache.num.max = 2 (custom)
2019-10-05 01:02:50,838 [pool-393-thread-1] INFO  segmented.SegmentedRaftLogWorker (SegmentedRaftLogWorker.java:<init>(173)) - new d9b50fba-2bef-4b93-a78b-5015b1735ffb@group-1C8203129DAF-SegmentedRaftLogWorker for RaftStorage:Storage Directory /workdir/hadoop-ozone/integration-test/target/test-dir/MiniOzoneClusterImpl-2fc00425-f157-4b47-81a8-e6a9c5ebfcba/datanode-1/data/ratis/8d5e6a9b-23cb-436e-b6a7-1c8203129daf
2019-10-05 01:02:50,839 [pool-393-thread-1] INFO  server.RaftServerConfigKeys (ConfUtils.java:logGet(43)) - raft.server.log.queue.byte-limit = 2147483647 (custom)
2019-10-05 01:02:50,839 [pool-393-thread-1] INFO  server.RaftServerConfigKeys (ConfUtils.java:logGet(43)) - raft.server.log.queue.element-limit = 1024 (custom)
2019-10-05 01:02:50,839 [pool-393-thread-1] INFO  server.RaftServerConfigKeys (ConfUtils.java:logGet(43)) - raft.server.log.segment.size.max = 1048576 (custom)
2019-10-05 01:02:50,839 [pool-393-thread-1] INFO  server.RaftServerConfigKeys (ConfUtils.java:logGet(43)) - raft.server.log.preallocated.size = 16384 (custom)
2019-10-05 01:02:50,839 [pool-393-thread-1] INFO  server.RaftServerConfigKeys (ConfUtils.java:logGet(43)) - raft.server.log.write.buffer.size = 33554432 (custom)
2019-10-05 01:02:50,839 [pool-393-thread-1] INFO  server.RaftServerConfigKeys (ConfUtils.java:logGet(43)) - raft.server.log.force.sync.num = 128 (default)
2019-10-05 01:02:50,839 [pool-393-thread-1] INFO  server.RaftServerConfigKeys (ConfUtils.java:logGet(43)) - raft.server.log.statemachine.data.sync = true (default)
2019-10-05 01:02:50,839 [pool-393-thread-1] INFO  server.RaftServerConfigKeys (ConfUtils.java:logGet(43)) - raft.server.log.statemachine.data.sync.timeout = 10s (default)
2019-10-05 01:02:50,839 [pool-393-thread-1] INFO  server.RaftServerConfigKeys (ConfUtils.java:logGet(43)) - raft.server.log.statemachine.data.sync.timeout.retry = -1 (default)
2019-10-05 01:02:50,840 [pool-393-thread-1] INFO  server.RaftServerConfigKeys (ConfUtils.java:logGet(43)) - raft.server.log.statemachine.data.caching.enabled = true (custom)
2019-10-05 01:02:50,840 [pool-393-thread-1] INFO  segmented.SegmentedRaftLogWorker (SegmentedRaftLogWorker.java:lambda$new$0(128)) - d9b50fba-2bef-4b93-a78b-5015b1735ffb@group-1C8203129DAF-SegmentedRaftLogWorker: flushIndex: setUnconditionally 0 -> -1
2019-10-05 01:02:50,840 [pool-393-thread-1] INFO  server.RaftServerConfigKeys (ConfUtils.java:logGet(43)) - raft.server.snapshot.auto.trigger.enabled = true (custom)
2019-10-05 01:02:50,840 [pool-393-thread-1] INFO  server.RaftServerConfigKeys (ConfUtils.java:logGet(43)) - raft.server.snapshot.auto.trigger.threshold = 10000 (custom)
2019-10-05 01:02:50,841 [pool-393-thread-1] INFO  server.RaftServerConfigKeys (ConfUtils.java:logGet(43)) - raft.server.snapshot.retention.file.num = 5 (custom)
2019-10-05 01:02:50,841 [pool-393-thread-1] INFO  server.RaftServerConfigKeys (ConfUtils.java:logGet(43)) - raft.server.retrycache.expirytime = 600000ms (custom)
2019-10-05 01:02:50,842 [pool-393-thread-1] INFO  impl.RaftServerImpl (RaftServerImpl.java:start(181)) - d9b50fba-2bef-4b93-a78b-5015b1735ffb@group-1C8203129DAF: start as a follower, conf=-1: [d9b50fba-2bef-4b93-a78b-5015b1735ffb:192.168.151.100:37851], old=null
2019-10-05 01:02:50,842 [pool-393-thread-1] INFO  impl.RaftServerImpl (RaftServerImpl.java:setRole(170)) - d9b50fba-2bef-4b93-a78b-5015b1735ffb@group-1C8203129DAF: changes role from      null to FOLLOWER at term 0 for startAsFollower
2019-10-05 01:02:50,842 [pool-393-thread-1] INFO  impl.RoleInfo (RoleInfo.java:updateAndGet(143)) - d9b50fba-2bef-4b93-a78b-5015b1735ffb: start FollowerState
2019-10-05 01:02:50,843 [pool-393-thread-1] INFO  util.JmxRegister (JmxRegister.java:tryRegister(44)) - Successfully registered JMX Bean with object name Ratis:service=RaftServer,group=group-1C8203129DAF,id=d9b50fba-2bef-4b93-a78b-5015b1735ffb
2019-10-05 01:02:50,846 [RatisPipelineUtilsThread] INFO  pipeline.PipelineStateManager (PipelineStateManager.java:addPipeline(56)) - Created pipeline Pipeline[ Id: 8d5e6a9b-23cb-436e-b6a7-1c8203129daf, Nodes: d9b50fba-2bef-4b93-a78b-5015b1735ffb{ip: 192.168.151.100, host: pr-hdds-1986-gkmgr-421349047, networkLocation: /default-rack, certSerialId: null}, Type:RATIS, Factor:ONE, State:OPEN]
2019-10-05 01:02:50,888 [IPC Server handler 4 on 37398] INFO  net.NetworkTopology (NetworkTopologyImpl.java:add(111)) - Added a new node: /default-rack/facad076-2f4e-4e5b-ab7e-ee8b3409c6e5
2019-10-05 01:02:50,888 [IPC Server handler 4 on 37398] INFO  node.SCMNodeManager (SCMNodeManager.java:register(268)) - Registered Data node : facad076-2f4e-4e5b-ab7e-ee8b3409c6e5{ip: 192.168.151.100, host: pr-hdds-1986-gkmgr-421349047, networkLocation: /default-rack, certSerialId: null}
2019-10-05 01:02:50,895 [grpc-default-executor-2] INFO  impl.RaftServerProxy (RaftServerProxy.java:addNew(89)) - facad076-2f4e-4e5b-ab7e-ee8b3409c6e5: addNew group-577091E948B2:[facad076-2f4e-4e5b-ab7e-ee8b3409c6e5:192.168.151.100:34559] returns group-577091E948B2:java.util.concurrent.CompletableFuture@48ada766[Not completed]
2019-10-05 01:02:50,896 [pool-403-thread-1] INFO  impl.RaftServerImpl (RaftServerImpl.java:<init>(95)) - facad076-2f4e-4e5b-ab7e-ee8b3409c6e5: new RaftServerImpl for group-577091E948B2:[facad076-2f4e-4e5b-ab7e-ee8b3409c6e5:192.168.151.100:34559] with ContainerStateMachine:uninitialized
2019-10-05 01:02:50,896 [pool-403-thread-1] INFO  server.RaftServerConfigKeys (ConfUtils.java:logGet(43)) - raft.server.rpc.timeout.min = 5s (custom)
2019-10-05 01:02:50,896 [pool-403-thread-1] INFO  server.RaftServerConfigKeys (ConfUtils.java:logGet(43)) - raft.server.rpc.timeout.max = 5200ms (custom)
2019-10-05 01:02:50,896 [pool-403-thread-1] INFO  server.RaftServerConfigKeys (ConfUtils.java:logGet(43)) - raft.server.rpcslowness.timeout = 120s (custom)
2019-10-05 01:02:50,896 [pool-403-thread-1] INFO  server.RaftServerConfigKeys (ConfUtils.java:logGet(43)) - raft.server.sleep.deviation.threshold = 300 (default)
2019-10-05 01:02:50,896 [pool-403-thread-1] INFO  server.RaftServerConfigKeys (ConfUtils.java:logGet(43)) - raft.server.log.appender.install.snapshot.enabled = false (custom)
2019-10-05 01:02:50,897 [pool-403-thread-1] INFO  impl.RaftServerImpl (ServerState.java:<init>(103)) - facad076-2f4e-4e5b-ab7e-ee8b3409c6e5@group-577091E948B2: ConfigurationManager, init=-1: [facad076-2f4e-4e5b-ab7e-ee8b3409c6e5:192.168.151.100:34559], old=null, confs=<EMPTY_MAP>
2019-10-05 01:02:50,897 [pool-403-thread-1] INFO  server.RaftServerConfigKeys (ConfUtils.java:logGet(43)) - raft.server.storage.dir = [/workdir/hadoop-ozone/integration-test/target/test-dir/MiniOzoneClusterImpl-2fc00425-f157-4b47-81a8-e6a9c5ebfcba/datanode-2/data/ratis] (custom)
2019-10-05 01:02:50,897 [pool-403-thread-1] INFO  server.RaftServerConfigKeys (ConfUtils.java:logGet(43)) - raft.server.log.corruption.policy = EXCEPTION (default)
2019-10-05 01:02:50,897 [pool-403-thread-1] INFO  storage.RaftStorageDirectory (RaftStorageDirectory.java:analyzeStorage(246)) - The storage directory /workdir/hadoop-ozone/integration-test/target/test-dir/MiniOzoneClusterImpl-2fc00425-f157-4b47-81a8-e6a9c5ebfcba/datanode-2/data/ratis/d5cc6c4e-0357-4d62-b99f-577091e948b2 does not exist. Creating ...
2019-10-05 01:02:50,910 [pool-403-thread-1] INFO  storage.RaftStorageDirectory (RaftStorageDirectory.java:tryLock(328)) - Lock on /workdir/hadoop-ozone/integration-test/target/test-dir/MiniOzoneClusterImpl-2fc00425-f157-4b47-81a8-e6a9c5ebfcba/datanode-2/data/ratis/d5cc6c4e-0357-4d62-b99f-577091e948b2/in_use.lock acquired by nodename 18151@pr-hdds-1986-gkmgr-421349047
2019-10-05 01:02:50,922 [pool-403-thread-1] INFO  storage.RaftStorage (RaftStorage.java:format(84)) - Storage directory /workdir/hadoop-ozone/integration-test/target/test-dir/MiniOzoneClusterImpl-2fc00425-f157-4b47-81a8-e6a9c5ebfcba/datanode-2/data/ratis/d5cc6c4e-0357-4d62-b99f-577091e948b2 has been successfully formatted.
2019-10-05 01:02:50,923 [pool-403-thread-1] INFO  ratis.ContainerStateMachine (ContainerStateMachine.java:loadSnapshot(230)) - group-577091E948B2: The snapshot info is null. Setting the last applied indexto:(t:0, i:~)
2019-10-05 01:02:50,923 [pool-403-thread-1] INFO  server.RaftServerConfigKeys (ConfUtils.java:logGet(43)) - raft.server.notification.no-leader.timeout = 120s (custom)
2019-10-05 01:02:50,923 [pool-403-thread-1] INFO  server.RaftServerConfigKeys (ConfUtils.java:logGet(43)) - raft.server.log.use.memory = false (default)
2019-10-05 01:02:50,923 [pool-403-thread-1] INFO  server.RaftServerConfigKeys (ConfUtils.java:logGet(43)) - raft.server.log.purge.gap = 1000000 (custom)
2019-10-05 01:02:50,923 [pool-403-thread-1] INFO  server.RaftServerConfigKeys (ConfUtils.java:logGet(43)) - raft.server.log.appender.buffer.byte-limit = 33554432 (custom)
2019-10-05 01:02:50,923 [pool-403-thread-1] INFO  server.RaftServerConfigKeys (ConfUtils.java:logGet(43)) - raft.server.log.segment.size.max = 1048576 (custom)
2019-10-05 01:02:50,924 [pool-403-thread-1] INFO  server.RaftServerConfigKeys (ConfUtils.java:logGet(43)) - raft.server.log.segment.cache.num.max = 2 (custom)
2019-10-05 01:02:50,924 [pool-403-thread-1] INFO  segmented.SegmentedRaftLogWorker (SegmentedRaftLogWorker.java:<init>(173)) - new facad076-2f4e-4e5b-ab7e-ee8b3409c6e5@group-577091E948B2-SegmentedRaftLogWorker for RaftStorage:Storage Directory /workdir/hadoop-ozone/integration-test/target/test-dir/MiniOzoneClusterImpl-2fc00425-f157-4b47-81a8-e6a9c5ebfcba/datanode-2/data/ratis/d5cc6c4e-0357-4d62-b99f-577091e948b2
2019-10-05 01:02:50,925 [pool-403-thread-1] INFO  server.RaftServerConfigKeys (ConfUtils.java:logGet(43)) - raft.server.log.queue.byte-limit = 2147483647 (custom)
2019-10-05 01:02:50,925 [pool-403-thread-1] INFO  server.RaftServerConfigKeys (ConfUtils.java:logGet(43)) - raft.server.log.queue.element-limit = 1024 (custom)
2019-10-05 01:02:50,925 [pool-403-thread-1] INFO  server.RaftServerConfigKeys (ConfUtils.java:logGet(43)) - raft.server.log.segment.size.max = 1048576 (custom)
2019-10-05 01:02:50,925 [pool-403-thread-1] INFO  server.RaftServerConfigKeys (ConfUtils.java:logGet(43)) - raft.server.log.preallocated.size = 16384 (custom)
2019-10-05 01:02:50,925 [pool-403-thread-1] INFO  server.RaftServerConfigKeys (ConfUtils.java:logGet(43)) - raft.server.log.write.buffer.size = 33554432 (custom)
2019-10-05 01:02:50,925 [pool-403-thread-1] INFO  server.RaftServerConfigKeys (ConfUtils.java:logGet(43)) - raft.server.log.force.sync.num = 128 (default)
2019-10-05 01:02:50,925 [pool-403-thread-1] INFO  server.RaftServerConfigKeys (ConfUtils.java:logGet(43)) - raft.server.log.statemachine.data.sync = true (default)
2019-10-05 01:02:50,925 [pool-403-thread-1] INFO  server.RaftServerConfigKeys (ConfUtils.java:logGet(43)) - raft.server.log.statemachine.data.sync.timeout = 10s (default)
2019-10-05 01:02:50,925 [pool-403-thread-1] INFO  server.RaftServerConfigKeys (ConfUtils.java:logGet(43)) - raft.server.log.statemachine.data.sync.timeout.retry = -1 (default)
2019-10-05 01:02:50,926 [pool-403-thread-1] INFO  server.RaftServerConfigKeys (ConfUtils.java:logGet(43)) - raft.server.log.statemachine.data.caching.enabled = true (custom)
2019-10-05 01:02:50,926 [pool-403-thread-1] INFO  segmented.SegmentedRaftLogWorker (SegmentedRaftLogWorker.java:lambda$new$0(128)) - facad076-2f4e-4e5b-ab7e-ee8b3409c6e5@group-577091E948B2-SegmentedRaftLogWorker: flushIndex: setUnconditionally 0 -> -1
2019-10-05 01:02:50,926 [pool-403-thread-1] INFO  server.RaftServerConfigKeys (ConfUtils.java:logGet(43)) - raft.server.snapshot.auto.trigger.enabled = true (custom)
2019-10-05 01:02:50,926 [pool-403-thread-1] INFO  server.RaftServerConfigKeys (ConfUtils.java:logGet(43)) - raft.server.snapshot.auto.trigger.threshold = 10000 (custom)
2019-10-05 01:02:50,926 [pool-403-thread-1] INFO  server.RaftServerConfigKeys (ConfUtils.java:logGet(43)) - raft.server.snapshot.retention.file.num = 5 (custom)
2019-10-05 01:02:50,926 [pool-403-thread-1] INFO  server.RaftServerConfigKeys (ConfUtils.java:logGet(43)) - raft.server.retrycache.expirytime = 600000ms (custom)
2019-10-05 01:02:50,927 [pool-403-thread-1] INFO  impl.RaftServerImpl (RaftServerImpl.java:start(181)) - facad076-2f4e-4e5b-ab7e-ee8b3409c6e5@group-577091E948B2: start as a follower, conf=-1: [facad076-2f4e-4e5b-ab7e-ee8b3409c6e5:192.168.151.100:34559], old=null
2019-10-05 01:02:50,928 [pool-403-thread-1] INFO  impl.RaftServerImpl (RaftServerImpl.java:setRole(170)) - facad076-2f4e-4e5b-ab7e-ee8b3409c6e5@group-577091E948B2: changes role from      null to FOLLOWER at term 0 for startAsFollower
2019-10-05 01:02:50,928 [pool-403-thread-1] INFO  impl.RoleInfo (RoleInfo.java:updateAndGet(143)) - facad076-2f4e-4e5b-ab7e-ee8b3409c6e5: start FollowerState
2019-10-05 01:02:50,928 [pool-403-thread-1] INFO  util.JmxRegister (JmxRegister.java:tryRegister(44)) - Successfully registered JMX Bean with object name Ratis:service=RaftServer,group=group-577091E948B2,id=facad076-2f4e-4e5b-ab7e-ee8b3409c6e5
2019-10-05 01:02:50,931 [RatisPipelineUtilsThread] INFO  pipeline.PipelineStateManager (PipelineStateManager.java:addPipeline(56)) - Created pipeline Pipeline[ Id: d5cc6c4e-0357-4d62-b99f-577091e948b2, Nodes: facad076-2f4e-4e5b-ab7e-ee8b3409c6e5{ip: 192.168.151.100, host: pr-hdds-1986-gkmgr-421349047, networkLocation: /default-rack, certSerialId: null}, Type:RATIS, Factor:ONE, State:OPEN]
2019-10-05 01:02:50,948 [grpc-default-executor-5] INFO  impl.RaftServerProxy (RaftServerProxy.java:addNew(89)) - facad076-2f4e-4e5b-ab7e-ee8b3409c6e5: addNew group-38A2567B3057:[d9b50fba-2bef-4b93-a78b-5015b1735ffb:192.168.151.100:37851, facad076-2f4e-4e5b-ab7e-ee8b3409c6e5:192.168.151.100:34559, 1d0662d9-8520-4eb5-8502-d81a6660ecca:192.168.151.100:34212] returns group-38A2567B3057:java.util.concurrent.CompletableFuture@241d3d7d[Not completed]
2019-10-05 01:02:50,949 [grpc-default-executor-2] INFO  impl.RaftServerProxy (RaftServerProxy.java:addNew(89)) - d9b50fba-2bef-4b93-a78b-5015b1735ffb: addNew group-38A2567B3057:[d9b50fba-2bef-4b93-a78b-5015b1735ffb:192.168.151.100:37851, facad076-2f4e-4e5b-ab7e-ee8b3409c6e5:192.168.151.100:34559, 1d0662d9-8520-4eb5-8502-d81a6660ecca:192.168.151.100:34212] returns group-38A2567B3057:java.util.concurrent.CompletableFuture@7a346bb0[Not completed]
2019-10-05 01:02:50,949 [grpc-default-executor-7] INFO  impl.RaftServerProxy (RaftServerProxy.java:addNew(89)) - 1d0662d9-8520-4eb5-8502-d81a6660ecca: addNew group-38A2567B3057:[d9b50fba-2bef-4b93-a78b-5015b1735ffb:192.168.151.100:37851, facad076-2f4e-4e5b-ab7e-ee8b3409c6e5:192.168.151.100:34559, 1d0662d9-8520-4eb5-8502-d81a6660ecca:192.168.151.100:34212] returns group-38A2567B3057:java.util.concurrent.CompletableFuture@4b59c29a[Not completed]
2019-10-05 01:02:50,950 [pool-393-thread-1] INFO  impl.RaftServerImpl (RaftServerImpl.java:<init>(95)) - d9b50fba-2bef-4b93-a78b-5015b1735ffb: new RaftServerImpl for group-38A2567B3057:[d9b50fba-2bef-4b93-a78b-5015b1735ffb:192.168.151.100:37851, facad076-2f4e-4e5b-ab7e-ee8b3409c6e5:192.168.151.100:34559, 1d0662d9-8520-4eb5-8502-d81a6660ecca:192.168.151.100:34212] with ContainerStateMachine:uninitialized
2019-10-05 01:02:50,950 [pool-393-thread-1] INFO  server.RaftServerConfigKeys (ConfUtils.java:logGet(43)) - raft.server.rpc.timeout.min = 5s (custom)
2019-10-05 01:02:50,950 [pool-393-thread-1] INFO  server.RaftServerConfigKeys (ConfUtils.java:logGet(43)) - raft.server.rpc.timeout.max = 5200ms (custom)
2019-10-05 01:02:50,950 [pool-393-thread-1] INFO  server.RaftServerConfigKeys (ConfUtils.java:logGet(43)) - raft.server.rpcslowness.timeout = 120s (custom)
2019-10-05 01:02:50,950 [pool-393-thread-1] INFO  server.RaftServerConfigKeys (ConfUtils.java:logGet(43)) - raft.server.sleep.deviation.threshold = 300 (default)
2019-10-05 01:02:50,950 [pool-393-thread-1] INFO  server.RaftServerConfigKeys (ConfUtils.java:logGet(43)) - raft.server.log.appender.install.snapshot.enabled = false (custom)
2019-10-05 01:02:50,950 [pool-393-thread-1] INFO  impl.RaftServerImpl (ServerState.java:<init>(103)) - d9b50fba-2bef-4b93-a78b-5015b1735ffb@group-38A2567B3057: ConfigurationManager, init=-1: [d9b50fba-2bef-4b93-a78b-5015b1735ffb:192.168.151.100:37851, facad076-2f4e-4e5b-ab7e-ee8b3409c6e5:192.168.151.100:34559, 1d0662d9-8520-4eb5-8502-d81a6660ecca:192.168.151.100:34212], old=null, confs=<EMPTY_MAP>
2019-10-05 01:02:50,950 [pool-383-thread-1] INFO  impl.RaftServerImpl (RaftServerImpl.java:<init>(95)) - 1d0662d9-8520-4eb5-8502-d81a6660ecca: new RaftServerImpl for group-38A2567B3057:[d9b50fba-2bef-4b93-a78b-5015b1735ffb:192.168.151.100:37851, facad076-2f4e-4e5b-ab7e-ee8b3409c6e5:192.168.151.100:34559, 1d0662d9-8520-4eb5-8502-d81a6660ecca:192.168.151.100:34212] with ContainerStateMachine:uninitialized
2019-10-05 01:02:50,951 [pool-393-thread-1] INFO  server.RaftServerConfigKeys (ConfUtils.java:logGet(43)) - raft.server.storage.dir = [/workdir/hadoop-ozone/integration-test/target/test-dir/MiniOzoneClusterImpl-2fc00425-f157-4b47-81a8-e6a9c5ebfcba/datanode-1/data/ratis] (custom)
2019-10-05 01:02:50,951 [pool-403-thread-1] INFO  impl.RaftServerImpl (RaftServerImpl.java:<init>(95)) - facad076-2f4e-4e5b-ab7e-ee8b3409c6e5: new RaftServerImpl for group-38A2567B3057:[d9b50fba-2bef-4b93-a78b-5015b1735ffb:192.168.151.100:37851, facad076-2f4e-4e5b-ab7e-ee8b3409c6e5:192.168.151.100:34559, 1d0662d9-8520-4eb5-8502-d81a6660ecca:192.168.151.100:34212] with ContainerStateMachine:uninitialized
2019-10-05 01:02:50,951 [pool-383-thread-1] INFO  server.RaftServerConfigKeys (ConfUtils.java:logGet(43)) - raft.server.rpc.timeout.min = 5s (custom)
2019-10-05 01:02:50,951 [pool-393-thread-1] INFO  server.RaftServerConfigKeys (ConfUtils.java:logGet(43)) - raft.server.log.corruption.policy = EXCEPTION (default)
2019-10-05 01:02:50,951 [pool-403-thread-1] INFO  server.RaftServerConfigKeys (ConfUtils.java:logGet(43)) - raft.server.rpc.timeout.min = 5s (custom)
2019-10-05 01:02:50,951 [pool-393-thread-1] INFO  storage.RaftStorageDirectory (RaftStorageDirectory.java:analyzeStorage(246)) - The storage directory /workdir/hadoop-ozone/integration-test/target/test-dir/MiniOzoneClusterImpl-2fc00425-f157-4b47-81a8-e6a9c5ebfcba/datanode-1/data/ratis/b1071ccb-a376-414e-83b2-38a2567b3057 does not exist. Creating ...
2019-10-05 01:02:50,951 [pool-383-thread-1] INFO  server.RaftServerConfigKeys (ConfUtils.java:logGet(43)) - raft.server.rpc.timeout.max = 5200ms (custom)
2019-10-05 01:02:50,951 [pool-403-thread-1] INFO  server.RaftServerConfigKeys (ConfUtils.java:logGet(43)) - raft.server.rpc.timeout.max = 5200ms (custom)
2019-10-05 01:02:50,951 [pool-383-thread-1] INFO  server.RaftServerConfigKeys (ConfUtils.java:logGet(43)) - raft.server.rpcslowness.timeout = 120s (custom)
2019-10-05 01:02:50,951 [pool-403-thread-1] INFO  server.RaftServerConfigKeys (ConfUtils.java:logGet(43)) - raft.server.rpcslowness.timeout = 120s (custom)
2019-10-05 01:02:50,952 [pool-383-thread-1] INFO  server.RaftServerConfigKeys (ConfUtils.java:logGet(43)) - raft.server.sleep.deviation.threshold = 300 (default)
2019-10-05 01:02:50,952 [pool-403-thread-1] INFO  server.RaftServerConfigKeys (ConfUtils.java:logGet(43)) - raft.server.sleep.deviation.threshold = 300 (default)
2019-10-05 01:02:50,952 [pool-383-thread-1] INFO  server.RaftServerConfigKeys (ConfUtils.java:logGet(43)) - raft.server.log.appender.install.snapshot.enabled = false (custom)
2019-10-05 01:02:50,952 [pool-403-thread-1] INFO  server.RaftServerConfigKeys (ConfUtils.java:logGet(43)) - raft.server.log.appender.install.snapshot.enabled = false (custom)
2019-10-05 01:02:50,952 [pool-383-thread-1] INFO  impl.RaftServerImpl (ServerState.java:<init>(103)) - 1d0662d9-8520-4eb5-8502-d81a6660ecca@group-38A2567B3057: ConfigurationManager, init=-1: [d9b50fba-2bef-4b93-a78b-5015b1735ffb:192.168.151.100:37851, facad076-2f4e-4e5b-ab7e-ee8b3409c6e5:192.168.151.100:34559, 1d0662d9-8520-4eb5-8502-d81a6660ecca:192.168.151.100:34212], old=null, confs=<EMPTY_MAP>
2019-10-05 01:02:50,952 [pool-403-thread-1] INFO  impl.RaftServerImpl (ServerState.java:<init>(103)) - facad076-2f4e-4e5b-ab7e-ee8b3409c6e5@group-38A2567B3057: ConfigurationManager, init=-1: [d9b50fba-2bef-4b93-a78b-5015b1735ffb:192.168.151.100:37851, facad076-2f4e-4e5b-ab7e-ee8b3409c6e5:192.168.151.100:34559, 1d0662d9-8520-4eb5-8502-d81a6660ecca:192.168.151.100:34212], old=null, confs=<EMPTY_MAP>
2019-10-05 01:02:50,952 [pool-383-thread-1] INFO  server.RaftServerConfigKeys (ConfUtils.java:logGet(43)) - raft.server.storage.dir = [/workdir/hadoop-ozone/integration-test/target/test-dir/MiniOzoneClusterImpl-2fc00425-f157-4b47-81a8-e6a9c5ebfcba/datanode-0/data/ratis] (custom)
2019-10-05 01:02:50,952 [pool-403-thread-1] INFO  server.RaftServerConfigKeys (ConfUtils.java:logGet(43)) - raft.server.storage.dir = [/workdir/hadoop-ozone/integration-test/target/test-dir/MiniOzoneClusterImpl-2fc00425-f157-4b47-81a8-e6a9c5ebfcba/datanode-2/data/ratis] (custom)
2019-10-05 01:02:50,953 [pool-403-thread-1] INFO  server.RaftServerConfigKeys (ConfUtils.java:logGet(43)) - raft.server.log.corruption.policy = EXCEPTION (default)
2019-10-05 01:02:50,953 [pool-383-thread-1] INFO  server.RaftServerConfigKeys (ConfUtils.java:logGet(43)) - raft.server.log.corruption.policy = EXCEPTION (default)
2019-10-05 01:02:50,953 [pool-403-thread-1] INFO  storage.RaftStorageDirectory (RaftStorageDirectory.java:analyzeStorage(246)) - The storage directory /workdir/hadoop-ozone/integration-test/target/test-dir/MiniOzoneClusterImpl-2fc00425-f157-4b47-81a8-e6a9c5ebfcba/datanode-2/data/ratis/b1071ccb-a376-414e-83b2-38a2567b3057 does not exist. Creating ...
2019-10-05 01:02:50,953 [pool-383-thread-1] INFO  storage.RaftStorageDirectory (RaftStorageDirectory.java:analyzeStorage(246)) - The storage directory /workdir/hadoop-ozone/integration-test/target/test-dir/MiniOzoneClusterImpl-2fc00425-f157-4b47-81a8-e6a9c5ebfcba/datanode-0/data/ratis/b1071ccb-a376-414e-83b2-38a2567b3057 does not exist. Creating ...
2019-10-05 01:02:50,964 [pool-403-thread-1] INFO  storage.RaftStorageDirectory (RaftStorageDirectory.java:tryLock(328)) - Lock on /workdir/hadoop-ozone/integration-test/target/test-dir/MiniOzoneClusterImpl-2fc00425-f157-4b47-81a8-e6a9c5ebfcba/datanode-2/data/ratis/b1071ccb-a376-414e-83b2-38a2567b3057/in_use.lock acquired by nodename 18151@pr-hdds-1986-gkmgr-421349047
2019-10-05 01:02:50,964 [pool-383-thread-1] INFO  storage.RaftStorageDirectory (RaftStorageDirectory.java:tryLock(328)) - Lock on /workdir/hadoop-ozone/integration-test/target/test-dir/MiniOzoneClusterImpl-2fc00425-f157-4b47-81a8-e6a9c5ebfcba/datanode-0/data/ratis/b1071ccb-a376-414e-83b2-38a2567b3057/in_use.lock acquired by nodename 18151@pr-hdds-1986-gkmgr-421349047
2019-10-05 01:02:50,964 [pool-393-thread-1] INFO  storage.RaftStorageDirectory (RaftStorageDirectory.java:tryLock(328)) - Lock on /workdir/hadoop-ozone/integration-test/target/test-dir/MiniOzoneClusterImpl-2fc00425-f157-4b47-81a8-e6a9c5ebfcba/datanode-1/data/ratis/b1071ccb-a376-414e-83b2-38a2567b3057/in_use.lock acquired by nodename 18151@pr-hdds-1986-gkmgr-421349047
2019-10-05 01:02:50,972 [IPC Server handler 5 on 37398] INFO  net.NetworkTopology (NetworkTopologyImpl.java:add(111)) - Added a new node: /default-rack/f1bbbd25-bf7d-4683-8047-894a5fb2e05c
2019-10-05 01:02:50,973 [IPC Server handler 5 on 37398] INFO  node.SCMNodeManager (SCMNodeManager.java:register(268)) - Registered Data node : f1bbbd25-bf7d-4683-8047-894a5fb2e05c{ip: 192.168.151.100, host: pr-hdds-1986-gkmgr-421349047, networkLocation: /default-rack, certSerialId: null}
2019-10-05 01:02:50,978 [pool-403-thread-1] INFO  storage.RaftStorage (RaftStorage.java:format(84)) - Storage directory /workdir/hadoop-ozone/integration-test/target/test-dir/MiniOzoneClusterImpl-2fc00425-f157-4b47-81a8-e6a9c5ebfcba/datanode-2/data/ratis/b1071ccb-a376-414e-83b2-38a2567b3057 has been successfully formatted.
2019-10-05 01:02:50,978 [pool-383-thread-1] INFO  storage.RaftStorage (RaftStorage.java:format(84)) - Storage directory /workdir/hadoop-ozone/integration-test/target/test-dir/MiniOzoneClusterImpl-2fc00425-f157-4b47-81a8-e6a9c5ebfcba/datanode-0/data/ratis/b1071ccb-a376-414e-83b2-38a2567b3057 has been successfully formatted.
2019-10-05 01:02:50,978 [pool-393-thread-1] INFO  storage.RaftStorage (RaftStorage.java:format(84)) - Storage directory /workdir/hadoop-ozone/integration-test/target/test-dir/MiniOzoneClusterImpl-2fc00425-f157-4b47-81a8-e6a9c5ebfcba/datanode-1/data/ratis/b1071ccb-a376-414e-83b2-38a2567b3057 has been successfully formatted.
2019-10-05 01:02:50,978 [pool-403-thread-1] INFO  ratis.ContainerStateMachine (ContainerStateMachine.java:loadSnapshot(230)) - group-38A2567B3057: The snapshot info is null. Setting the last applied indexto:(t:0, i:~)
2019-10-05 01:02:50,978 [pool-383-thread-1] INFO  ratis.ContainerStateMachine (ContainerStateMachine.java:loadSnapshot(230)) - group-38A2567B3057: The snapshot info is null. Setting the last applied indexto:(t:0, i:~)
2019-10-05 01:02:50,978 [pool-403-thread-1] INFO  server.RaftServerConfigKeys (ConfUtils.java:logGet(43)) - raft.server.notification.no-leader.timeout = 120s (custom)
2019-10-05 01:02:50,978 [pool-393-thread-1] INFO  ratis.ContainerStateMachine (ContainerStateMachine.java:loadSnapshot(230)) - group-38A2567B3057: The snapshot info is null. Setting the last applied indexto:(t:0, i:~)
2019-10-05 01:02:50,979 [pool-403-thread-1] INFO  server.RaftServerConfigKeys (ConfUtils.java:logGet(43)) - raft.server.log.use.memory = false (default)
2019-10-05 01:02:50,978 [pool-383-thread-1] INFO  server.RaftServerConfigKeys (ConfUtils.java:logGet(43)) - raft.server.notification.no-leader.timeout = 120s (custom)
2019-10-05 01:02:50,979 [pool-403-thread-1] INFO  server.RaftServerConfigKeys (ConfUtils.java:logGet(43)) - raft.server.log.purge.gap = 1000000 (custom)
2019-10-05 01:02:50,979 [pool-393-thread-1] INFO  server.RaftServerConfigKeys (ConfUtils.java:logGet(43)) - raft.server.notification.no-leader.timeout = 120s (custom)
2019-10-05 01:02:50,979 [pool-403-thread-1] INFO  server.RaftServerConfigKeys (ConfUtils.java:logGet(43)) - raft.server.log.appender.buffer.byte-limit = 33554432 (custom)
2019-10-05 01:02:50,979 [pool-383-thread-1] INFO  server.RaftServerConfigKeys (ConfUtils.java:logGet(43)) - raft.server.log.use.memory = false (default)
2019-10-05 01:02:50,979 [pool-403-thread-1] INFO  server.RaftServerConfigKeys (ConfUtils.java:logGet(43)) - raft.server.log.segment.size.max = 1048576 (custom)
2019-10-05 01:02:50,979 [pool-393-thread-1] INFO  server.RaftServerConfigKeys (ConfUtils.java:logGet(43)) - raft.server.log.use.memory = false (default)
2019-10-05 01:02:50,979 [pool-403-thread-1] INFO  server.RaftServerConfigKeys (ConfUtils.java:logGet(43)) - raft.server.log.segment.cache.num.max = 2 (custom)
2019-10-05 01:02:50,979 [pool-383-thread-1] INFO  server.RaftServerConfigKeys (ConfUtils.java:logGet(43)) - raft.server.log.purge.gap = 1000000 (custom)
2019-10-05 01:02:50,980 [pool-403-thread-1] INFO  segmented.SegmentedRaftLogWorker (SegmentedRaftLogWorker.java:<init>(173)) - new facad076-2f4e-4e5b-ab7e-ee8b3409c6e5@group-38A2567B3057-SegmentedRaftLogWorker for RaftStorage:Storage Directory /workdir/hadoop-ozone/integration-test/target/test-dir/MiniOzoneClusterImpl-2fc00425-f157-4b47-81a8-e6a9c5ebfcba/datanode-2/data/ratis/b1071ccb-a376-414e-83b2-38a2567b3057
2019-10-05 01:02:50,979 [pool-393-thread-1] INFO  server.RaftServerConfigKeys (ConfUtils.java:logGet(43)) - raft.server.log.purge.gap = 1000000 (custom)
2019-10-05 01:02:50,980 [pool-403-thread-1] INFO  server.RaftServerConfigKeys (ConfUtils.java:logGet(43)) - raft.server.log.queue.byte-limit = 2147483647 (custom)
2019-10-05 01:02:50,980 [pool-383-thread-1] INFO  server.RaftServerConfigKeys (ConfUtils.java:logGet(43)) - raft.server.log.appender.buffer.byte-limit = 33554432 (custom)
2019-10-05 01:02:50,980 [pool-403-thread-1] INFO  server.RaftServerConfigKeys (ConfUtils.java:logGet(43)) - raft.server.log.queue.element-limit = 1024 (custom)
2019-10-05 01:02:50,980 [pool-393-thread-1] INFO  server.RaftServerConfigKeys (ConfUtils.java:logGet(43)) - raft.server.log.appender.buffer.byte-limit = 33554432 (custom)
2019-10-05 01:02:50,980 [pool-403-thread-1] INFO  server.RaftServerConfigKeys (ConfUtils.java:logGet(43)) - raft.server.log.segment.size.max = 1048576 (custom)
2019-10-05 01:02:50,980 [pool-383-thread-1] INFO  server.RaftServerConfigKeys (ConfUtils.java:logGet(43)) - raft.server.log.segment.size.max = 1048576 (custom)
2019-10-05 01:02:50,980 [pool-403-thread-1] INFO  server.RaftServerConfigKeys (ConfUtils.java:logGet(43)) - raft.server.log.preallocated.size = 16384 (custom)
2019-10-05 01:02:50,980 [pool-393-thread-1] INFO  server.RaftServerConfigKeys (ConfUtils.java:logGet(43)) - raft.server.log.segment.size.max = 1048576 (custom)
2019-10-05 01:02:50,981 [pool-403-thread-1] INFO  server.RaftServerConfigKeys (ConfUtils.java:logGet(43)) - raft.server.log.write.buffer.size = 33554432 (custom)
2019-10-05 01:02:50,981 [pool-383-thread-1] INFO  server.RaftServerConfigKeys (ConfUtils.java:logGet(43)) - raft.server.log.segment.cache.num.max = 2 (custom)
2019-10-05 01:02:50,981 [pool-403-thread-1] INFO  server.RaftServerConfigKeys (ConfUtils.java:logGet(43)) - raft.server.log.force.sync.num = 128 (default)
2019-10-05 01:02:50,981 [pool-393-thread-1] INFO  server.RaftServerConfigKeys (ConfUtils.java:logGet(43)) - raft.server.log.segment.cache.num.max = 2 (custom)
2019-10-05 01:02:50,981 [pool-403-thread-1] INFO  server.RaftServerConfigKeys (ConfUtils.java:logGet(43)) - raft.server.log.statemachine.data.sync = true (default)
2019-10-05 01:02:50,981 [pool-383-thread-1] INFO  segmented.SegmentedRaftLogWorker (SegmentedRaftLogWorker.java:<init>(173)) - new 1d0662d9-8520-4eb5-8502-d81a6660ecca@group-38A2567B3057-SegmentedRaftLogWorker for RaftStorage:Storage Directory /workdir/hadoop-ozone/integration-test/target/test-dir/MiniOzoneClusterImpl-2fc00425-f157-4b47-81a8-e6a9c5ebfcba/datanode-0/data/ratis/b1071ccb-a376-414e-83b2-38a2567b3057
2019-10-05 01:02:50,981 [pool-403-thread-1] INFO  server.RaftServerConfigKeys (ConfUtils.java:logGet(43)) - raft.server.log.statemachine.data.sync.timeout = 10s (default)
2019-10-05 01:02:50,981 [pool-393-thread-1] INFO  segmented.SegmentedRaftLogWorker (SegmentedRaftLogWorker.java:<init>(173)) - new d9b50fba-2bef-4b93-a78b-5015b1735ffb@group-38A2567B3057-SegmentedRaftLogWorker for RaftStorage:Storage Directory /workdir/hadoop-ozone/integration-test/target/test-dir/MiniOzoneClusterImpl-2fc00425-f157-4b47-81a8-e6a9c5ebfcba/datanode-1/data/ratis/b1071ccb-a376-414e-83b2-38a2567b3057
2019-10-05 01:02:50,981 [pool-403-thread-1] INFO  server.RaftServerConfigKeys (ConfUtils.java:logGet(43)) - raft.server.log.statemachine.data.sync.timeout.retry = -1 (default)
2019-10-05 01:02:50,981 [pool-383-thread-1] INFO  server.RaftServerConfigKeys (ConfUtils.java:logGet(43)) - raft.server.log.queue.byte-limit = 2147483647 (custom)
2019-10-05 01:02:50,982 [pool-403-thread-1] INFO  server.RaftServerConfigKeys (ConfUtils.java:logGet(43)) - raft.server.log.statemachine.data.caching.enabled = true (custom)
2019-10-05 01:02:50,981 [pool-393-thread-1] INFO  server.RaftServerConfigKeys (ConfUtils.java:logGet(43)) - raft.server.log.queue.byte-limit = 2147483647 (custom)
2019-10-05 01:02:50,982 [pool-383-thread-1] INFO  server.RaftServerConfigKeys (ConfUtils.java:logGet(43)) - raft.server.log.queue.element-limit = 1024 (custom)
2019-10-05 01:02:50,982 [pool-403-thread-1] INFO  segmented.SegmentedRaftLogWorker (SegmentedRaftLogWorker.java:lambda$new$0(128)) - facad076-2f4e-4e5b-ab7e-ee8b3409c6e5@group-38A2567B3057-SegmentedRaftLogWorker: flushIndex: setUnconditionally 0 -> -1
2019-10-05 01:02:50,982 [pool-393-thread-1] INFO  server.RaftServerConfigKeys (ConfUtils.java:logGet(43)) - raft.server.log.queue.element-limit = 1024 (custom)
2019-10-05 01:02:50,982 [pool-383-thread-1] INFO  server.RaftServerConfigKeys (ConfUtils.java:logGet(43)) - raft.server.log.segment.size.max = 1048576 (custom)
2019-10-05 01:02:50,982 [pool-403-thread-1] INFO  server.RaftServerConfigKeys (ConfUtils.java:logGet(43)) - raft.server.snapshot.auto.trigger.enabled = true (custom)
2019-10-05 01:02:50,982 [pool-393-thread-1] INFO  server.RaftServerConfigKeys (ConfUtils.java:logGet(43)) - raft.server.log.segment.size.max = 1048576 (custom)
2019-10-05 01:02:50,982 [pool-403-thread-1] INFO  server.RaftServerConfigKeys (ConfUtils.java:logGet(43)) - raft.server.snapshot.auto.trigger.threshold = 10000 (custom)
2019-10-05 01:02:50,982 [pool-383-thread-1] INFO  server.RaftServerConfigKeys (ConfUtils.java:logGet(43)) - raft.server.log.preallocated.size = 16384 (custom)
2019-10-05 01:02:50,983 [pool-403-thread-1] INFO  server.RaftServerConfigKeys (ConfUtils.java:logGet(43)) - raft.server.snapshot.retention.file.num = 5 (custom)
2019-10-05 01:02:50,983 [pool-393-thread-1] INFO  server.RaftServerConfigKeys (ConfUtils.java:logGet(43)) - raft.server.log.preallocated.size = 16384 (custom)
2019-10-05 01:02:50,983 [pool-403-thread-1] INFO  server.RaftServerConfigKeys (ConfUtils.java:logGet(43)) - raft.server.retrycache.expirytime = 600000ms (custom)
2019-10-05 01:02:50,983 [pool-383-thread-1] INFO  server.RaftServerConfigKeys (ConfUtils.java:logGet(43)) - raft.server.log.write.buffer.size = 33554432 (custom)
2019-10-05 01:02:50,983 [pool-393-thread-1] INFO  server.RaftServerConfigKeys (ConfUtils.java:logGet(43)) - raft.server.log.write.buffer.size = 33554432 (custom)
2019-10-05 01:02:50,983 [pool-383-thread-1] INFO  server.RaftServerConfigKeys (ConfUtils.java:logGet(43)) - raft.server.log.force.sync.num = 128 (default)
2019-10-05 01:02:50,983 [pool-393-thread-1] INFO  server.RaftServerConfigKeys (ConfUtils.java:logGet(43)) - raft.server.log.force.sync.num = 128 (default)
2019-10-05 01:02:50,983 [pool-383-thread-1] INFO  server.RaftServerConfigKeys (ConfUtils.java:logGet(43)) - raft.server.log.statemachine.data.sync = true (default)
2019-10-05 01:02:50,984 [pool-393-thread-1] INFO  server.RaftServerConfigKeys (ConfUtils.java:logGet(43)) - raft.server.log.statemachine.data.sync = true (default)
2019-10-05 01:02:50,984 [pool-383-thread-1] INFO  server.RaftServerConfigKeys (ConfUtils.java:logGet(43)) - raft.server.log.statemachine.data.sync.timeout = 10s (default)
2019-10-05 01:02:50,984 [pool-393-thread-1] INFO  server.RaftServerConfigKeys (ConfUtils.java:logGet(43)) - raft.server.log.statemachine.data.sync.timeout = 10s (default)
2019-10-05 01:02:50,984 [pool-383-thread-1] INFO  server.RaftServerConfigKeys (ConfUtils.java:logGet(43)) - raft.server.log.statemachine.data.sync.timeout.retry = -1 (default)
2019-10-05 01:02:50,984 [pool-393-thread-1] INFO  server.RaftServerConfigKeys (ConfUtils.java:logGet(43)) - raft.server.log.statemachine.data.sync.timeout.retry = -1 (default)
2019-10-05 01:02:50,984 [pool-383-thread-1] INFO  server.RaftServerConfigKeys (ConfUtils.java:logGet(43)) - raft.server.log.statemachine.data.caching.enabled = true (custom)
2019-10-05 01:02:50,984 [pool-403-thread-1] INFO  impl.RaftServerImpl (RaftServerImpl.java:start(181)) - facad076-2f4e-4e5b-ab7e-ee8b3409c6e5@group-38A2567B3057: start as a follower, conf=-1: [d9b50fba-2bef-4b93-a78b-5015b1735ffb:192.168.151.100:37851, facad076-2f4e-4e5b-ab7e-ee8b3409c6e5:192.168.151.100:34559, 1d0662d9-8520-4eb5-8502-d81a6660ecca:192.168.151.100:34212], old=null
2019-10-05 01:02:50,984 [pool-393-thread-1] INFO  server.RaftServerConfigKeys (ConfUtils.java:logGet(43)) - raft.server.log.statemachine.data.caching.enabled = true (custom)
2019-10-05 01:02:50,985 [pool-403-thread-1] INFO  impl.RaftServerImpl (RaftServerImpl.java:setRole(170)) - facad076-2f4e-4e5b-ab7e-ee8b3409c6e5@group-38A2567B3057: changes role from      null to FOLLOWER at term 0 for startAsFollower
2019-10-05 01:02:50,985 [pool-403-thread-1] INFO  impl.RoleInfo (RoleInfo.java:updateAndGet(143)) - facad076-2f4e-4e5b-ab7e-ee8b3409c6e5: start FollowerState
2019-10-05 01:02:50,985 [pool-393-thread-1] INFO  segmented.SegmentedRaftLogWorker (SegmentedRaftLogWorker.java:lambda$new$0(128)) - d9b50fba-2bef-4b93-a78b-5015b1735ffb@group-38A2567B3057-SegmentedRaftLogWorker: flushIndex: setUnconditionally 0 -> -1
2019-10-05 01:02:50,985 [pool-403-thread-1] INFO  util.JmxRegister (JmxRegister.java:tryRegister(44)) - Successfully registered JMX Bean with object name Ratis:service=RaftServer,group=group-38A2567B3057,id=facad076-2f4e-4e5b-ab7e-ee8b3409c6e5
2019-10-05 01:02:50,985 [pool-393-thread-1] INFO  server.RaftServerConfigKeys (ConfUtils.java:logGet(43)) - raft.server.snapshot.auto.trigger.enabled = true (custom)
2019-10-05 01:02:50,985 [pool-393-thread-1] INFO  server.RaftServerConfigKeys (ConfUtils.java:logGet(43)) - raft.server.snapshot.auto.trigger.threshold = 10000 (custom)
2019-10-05 01:02:50,985 [pool-393-thread-1] INFO  server.RaftServerConfigKeys (ConfUtils.java:logGet(43)) - raft.server.snapshot.retention.file.num = 5 (custom)
2019-10-05 01:02:50,985 [pool-383-thread-1] INFO  segmented.SegmentedRaftLogWorker (SegmentedRaftLogWorker.java:lambda$new$0(128)) - 1d0662d9-8520-4eb5-8502-d81a6660ecca@group-38A2567B3057-SegmentedRaftLogWorker: flushIndex: setUnconditionally 0 -> -1
2019-10-05 01:02:50,985 [pool-393-thread-1] INFO  server.RaftServerConfigKeys (ConfUtils.java:logGet(43)) - raft.server.retrycache.expirytime = 600000ms (custom)
2019-10-05 01:02:50,986 [pool-383-thread-1] INFO  server.RaftServerConfigKeys (ConfUtils.java:logGet(43)) - raft.server.snapshot.auto.trigger.enabled = true (custom)
2019-10-05 01:02:50,986 [pool-383-thread-1] INFO  server.RaftServerConfigKeys (ConfUtils.java:logGet(43)) - raft.server.snapshot.auto.trigger.threshold = 10000 (custom)
2019-10-05 01:02:50,986 [pool-383-thread-1] INFO  server.RaftServerConfigKeys (ConfUtils.java:logGet(43)) - raft.server.snapshot.retention.file.num = 5 (custom)
2019-10-05 01:02:50,986 [pool-383-thread-1] INFO  server.RaftServerConfigKeys (ConfUtils.java:logGet(43)) - raft.server.retrycache.expirytime = 600000ms (custom)
2019-10-05 01:02:50,988 [pool-393-thread-1] INFO  impl.RaftServerImpl (RaftServerImpl.java:start(181)) - d9b50fba-2bef-4b93-a78b-5015b1735ffb@group-38A2567B3057: start as a follower, conf=-1: [d9b50fba-2bef-4b93-a78b-5015b1735ffb:192.168.151.100:37851, facad076-2f4e-4e5b-ab7e-ee8b3409c6e5:192.168.151.100:34559, 1d0662d9-8520-4eb5-8502-d81a6660ecca:192.168.151.100:34212], old=null
2019-10-05 01:02:50,988 [pool-393-thread-1] INFO  impl.RaftServerImpl (RaftServerImpl.java:setRole(170)) - d9b50fba-2bef-4b93-a78b-5015b1735ffb@group-38A2567B3057: changes role from      null to FOLLOWER at term 0 for startAsFollower
2019-10-05 01:02:50,988 [pool-393-thread-1] INFO  impl.RoleInfo (RoleInfo.java:updateAndGet(143)) - d9b50fba-2bef-4b93-a78b-5015b1735ffb: start FollowerState
2019-10-05 01:02:50,989 [pool-393-thread-1] INFO  util.JmxRegister (JmxRegister.java:tryRegister(44)) - Successfully registered JMX Bean with object name Ratis:service=RaftServer,group=group-38A2567B3057,id=d9b50fba-2bef-4b93-a78b-5015b1735ffb
2019-10-05 01:02:50,989 [pool-383-thread-1] INFO  impl.RaftServerImpl (RaftServerImpl.java:start(181)) - 1d0662d9-8520-4eb5-8502-d81a6660ecca@group-38A2567B3057: start as a follower, conf=-1: [d9b50fba-2bef-4b93-a78b-5015b1735ffb:192.168.151.100:37851, facad076-2f4e-4e5b-ab7e-ee8b3409c6e5:192.168.151.100:34559, 1d0662d9-8520-4eb5-8502-d81a6660ecca:192.168.151.100:34212], old=null
2019-10-05 01:02:50,989 [pool-383-thread-1] INFO  impl.RaftServerImpl (RaftServerImpl.java:setRole(170)) - 1d0662d9-8520-4eb5-8502-d81a6660ecca@group-38A2567B3057: changes role from      null to FOLLOWER at term 0 for startAsFollower
2019-10-05 01:02:50,989 [pool-383-thread-1] INFO  impl.RoleInfo (RoleInfo.java:updateAndGet(143)) - 1d0662d9-8520-4eb5-8502-d81a6660ecca: start FollowerState
2019-10-05 01:02:50,989 [pool-383-thread-1] INFO  util.JmxRegister (JmxRegister.java:tryRegister(44)) - Successfully registered JMX Bean with object name Ratis:service=RaftServer,group=group-38A2567B3057,id=1d0662d9-8520-4eb5-8502-d81a6660ecca
2019-10-05 01:02:50,994 [RatisPipelineUtilsThread] INFO  pipeline.PipelineStateManager (PipelineStateManager.java:addPipeline(56)) - Created pipeline Pipeline[ Id: b1071ccb-a376-414e-83b2-38a2567b3057, Nodes: facad076-2f4e-4e5b-ab7e-ee8b3409c6e5{ip: 192.168.151.100, host: pr-hdds-1986-gkmgr-421349047, networkLocation: /default-rack, certSerialId: null}d9b50fba-2bef-4b93-a78b-5015b1735ffb{ip: 192.168.151.100, host: pr-hdds-1986-gkmgr-421349047, networkLocation: /default-rack, certSerialId: null}1d0662d9-8520-4eb5-8502-d81a6660ecca{ip: 192.168.151.100, host: pr-hdds-1986-gkmgr-421349047, networkLocation: /default-rack, certSerialId: null}, Type:RATIS, Factor:THREE, State:OPEN]
2019-10-05 01:02:51,074 [IPC Server handler 7 on 37398] INFO  net.NetworkTopology (NetworkTopologyImpl.java:add(111)) - Added a new node: /default-rack/d5353d07-f879-43f5-916d-faa6d2011c47
2019-10-05 01:02:51,074 [IPC Server handler 7 on 37398] INFO  node.SCMNodeManager (SCMNodeManager.java:register(268)) - Registered Data node : d5353d07-f879-43f5-916d-faa6d2011c47{ip: 192.168.151.100, host: pr-hdds-1986-gkmgr-421349047, networkLocation: /default-rack, certSerialId: null}
2019-10-05 01:02:51,088 [grpc-default-executor-7] INFO  impl.RaftServerProxy (RaftServerProxy.java:addNew(89)) - f1bbbd25-bf7d-4683-8047-894a5fb2e05c: addNew group-B6BEFFA64D13:[f1bbbd25-bf7d-4683-8047-894a5fb2e05c:192.168.151.100:33537] returns group-B6BEFFA64D13:java.util.concurrent.CompletableFuture@548fe95[Not completed]
2019-10-05 01:02:51,089 [pool-413-thread-1] INFO  impl.RaftServerImpl (RaftServerImpl.java:<init>(95)) - f1bbbd25-bf7d-4683-8047-894a5fb2e05c: new RaftServerImpl for group-B6BEFFA64D13:[f1bbbd25-bf7d-4683-8047-894a5fb2e05c:192.168.151.100:33537] with ContainerStateMachine:uninitialized
2019-10-05 01:02:51,089 [pool-413-thread-1] INFO  server.RaftServerConfigKeys (ConfUtils.java:logGet(43)) - raft.server.rpc.timeout.min = 5s (custom)
2019-10-05 01:02:51,089 [pool-413-thread-1] INFO  server.RaftServerConfigKeys (ConfUtils.java:logGet(43)) - raft.server.rpc.timeout.max = 5200ms (custom)
2019-10-05 01:02:51,089 [pool-413-thread-1] INFO  server.RaftServerConfigKeys (ConfUtils.java:logGet(43)) - raft.server.rpcslowness.timeout = 120s (custom)
2019-10-05 01:02:51,089 [pool-413-thread-1] INFO  server.RaftServerConfigKeys (ConfUtils.java:logGet(43)) - raft.server.sleep.deviation.threshold = 300 (default)
2019-10-05 01:02:51,089 [pool-413-thread-1] INFO  server.RaftServerConfigKeys (ConfUtils.java:logGet(43)) - raft.server.log.appender.install.snapshot.enabled = false (custom)
2019-10-05 01:02:51,089 [pool-413-thread-1] INFO  impl.RaftServerImpl (ServerState.java:<init>(103)) - f1bbbd25-bf7d-4683-8047-894a5fb2e05c@group-B6BEFFA64D13: ConfigurationManager, init=-1: [f1bbbd25-bf7d-4683-8047-894a5fb2e05c:192.168.151.100:33537], old=null, confs=<EMPTY_MAP>
2019-10-05 01:02:51,090 [pool-413-thread-1] INFO  server.RaftServerConfigKeys (ConfUtils.java:logGet(43)) - raft.server.storage.dir = [/workdir/hadoop-ozone/integration-test/target/test-dir/MiniOzoneClusterImpl-2fc00425-f157-4b47-81a8-e6a9c5ebfcba/datanode-3/data/ratis] (custom)
2019-10-05 01:02:51,090 [pool-413-thread-1] INFO  server.RaftServerConfigKeys (ConfUtils.java:logGet(43)) - raft.server.log.corruption.policy = EXCEPTION (default)
2019-10-05 01:02:51,090 [pool-413-thread-1] INFO  storage.RaftStorageDirectory (RaftStorageDirectory.java:analyzeStorage(246)) - The storage directory /workdir/hadoop-ozone/integration-test/target/test-dir/MiniOzoneClusterImpl-2fc00425-f157-4b47-81a8-e6a9c5ebfcba/datanode-3/data/ratis/48e83b23-f50f-4e60-86e0-b6beffa64d13 does not exist. Creating ...
2019-10-05 01:02:51,103 [pool-413-thread-1] INFO  storage.RaftStorageDirectory (RaftStorageDirectory.java:tryLock(328)) - Lock on /workdir/hadoop-ozone/integration-test/target/test-dir/MiniOzoneClusterImpl-2fc00425-f157-4b47-81a8-e6a9c5ebfcba/datanode-3/data/ratis/48e83b23-f50f-4e60-86e0-b6beffa64d13/in_use.lock acquired by nodename 18151@pr-hdds-1986-gkmgr-421349047
2019-10-05 01:02:51,116 [pool-413-thread-1] INFO  storage.RaftStorage (RaftStorage.java:format(84)) - Storage directory /workdir/hadoop-ozone/integration-test/target/test-dir/MiniOzoneClusterImpl-2fc00425-f157-4b47-81a8-e6a9c5ebfcba/datanode-3/data/ratis/48e83b23-f50f-4e60-86e0-b6beffa64d13 has been successfully formatted.
2019-10-05 01:02:51,116 [pool-413-thread-1] INFO  ratis.ContainerStateMachine (ContainerStateMachine.java:loadSnapshot(230)) - group-B6BEFFA64D13: The snapshot info is null. Setting the last applied indexto:(t:0, i:~)
2019-10-05 01:02:51,116 [pool-413-thread-1] INFO  server.RaftServerConfigKeys (ConfUtils.java:logGet(43)) - raft.server.notification.no-leader.timeout = 120s (custom)
2019-10-05 01:02:51,116 [pool-413-thread-1] INFO  server.RaftServerConfigKeys (ConfUtils.java:logGet(43)) - raft.server.log.use.memory = false (default)
2019-10-05 01:02:51,116 [pool-413-thread-1] INFO  server.RaftServerConfigKeys (ConfUtils.java:logGet(43)) - raft.server.log.purge.gap = 1000000 (custom)
2019-10-05 01:02:51,116 [pool-413-thread-1] INFO  server.RaftServerConfigKeys (ConfUtils.java:logGet(43)) - raft.server.log.appender.buffer.byte-limit = 33554432 (custom)
2019-10-05 01:02:51,117 [pool-413-thread-1] INFO  server.RaftServerConfigKeys (ConfUtils.java:logGet(43)) - raft.server.log.segment.size.max = 1048576 (custom)
2019-10-05 01:02:51,119 [pool-413-thread-1] INFO  server.RaftServerConfigKeys (ConfUtils.java:logGet(43)) - raft.server.log.segment.cache.num.max = 2 (custom)
2019-10-05 01:02:51,119 [pool-413-thread-1] INFO  segmented.SegmentedRaftLogWorker (SegmentedRaftLogWorker.java:<init>(173)) - new f1bbbd25-bf7d-4683-8047-894a5fb2e05c@group-B6BEFFA64D13-SegmentedRaftLogWorker for RaftStorage:Storage Directory /workdir/hadoop-ozone/integration-test/target/test-dir/MiniOzoneClusterImpl-2fc00425-f157-4b47-81a8-e6a9c5ebfcba/datanode-3/data/ratis/48e83b23-f50f-4e60-86e0-b6beffa64d13
2019-10-05 01:02:51,119 [pool-413-thread-1] INFO  server.RaftServerConfigKeys (ConfUtils.java:logGet(43)) - raft.server.log.queue.byte-limit = 2147483647 (custom)
2019-10-05 01:02:51,119 [pool-413-thread-1] INFO  server.RaftServerConfigKeys (ConfUtils.java:logGet(43)) - raft.server.log.queue.element-limit = 1024 (custom)
2019-10-05 01:02:51,119 [pool-413-thread-1] INFO  server.RaftServerConfigKeys (ConfUtils.java:logGet(43)) - raft.server.log.segment.size.max = 1048576 (custom)
2019-10-05 01:02:51,119 [pool-413-thread-1] INFO  server.RaftServerConfigKeys (ConfUtils.java:logGet(43)) - raft.server.log.preallocated.size = 16384 (custom)
2019-10-05 01:02:51,119 [pool-413-thread-1] INFO  server.RaftServerConfigKeys (ConfUtils.java:logGet(43)) - raft.server.log.write.buffer.size = 33554432 (custom)
2019-10-05 01:02:51,119 [pool-413-thread-1] INFO  server.RaftServerConfigKeys (ConfUtils.java:logGet(43)) - raft.server.log.force.sync.num = 128 (default)
2019-10-05 01:02:51,120 [pool-413-thread-1] INFO  server.RaftServerConfigKeys (ConfUtils.java:logGet(43)) - raft.server.log.statemachine.data.sync = true (default)
2019-10-05 01:02:51,120 [pool-413-thread-1] INFO  server.RaftServerConfigKeys (ConfUtils.java:logGet(43)) - raft.server.log.statemachine.data.sync.timeout = 10s (default)
2019-10-05 01:02:51,120 [pool-413-thread-1] INFO  server.RaftServerConfigKeys (ConfUtils.java:logGet(43)) - raft.server.log.statemachine.data.sync.timeout.retry = -1 (default)
2019-10-05 01:02:51,120 [pool-413-thread-1] INFO  server.RaftServerConfigKeys (ConfUtils.java:logGet(43)) - raft.server.log.statemachine.data.caching.enabled = true (custom)
2019-10-05 01:02:51,120 [pool-413-thread-1] INFO  segmented.SegmentedRaftLogWorker (SegmentedRaftLogWorker.java:lambda$new$0(128)) - f1bbbd25-bf7d-4683-8047-894a5fb2e05c@group-B6BEFFA64D13-SegmentedRaftLogWorker: flushIndex: setUnconditionally 0 -> -1
2019-10-05 01:02:51,121 [pool-413-thread-1] INFO  server.RaftServerConfigKeys (ConfUtils.java:logGet(43)) - raft.server.snapshot.auto.trigger.enabled = true (custom)
2019-10-05 01:02:51,121 [pool-413-thread-1] INFO  server.RaftServerConfigKeys (ConfUtils.java:logGet(43)) - raft.server.snapshot.auto.trigger.threshold = 10000 (custom)
2019-10-05 01:02:51,121 [pool-413-thread-1] INFO  server.RaftServerConfigKeys (ConfUtils.java:logGet(43)) - raft.server.snapshot.retention.file.num = 5 (custom)
2019-10-05 01:02:51,121 [pool-413-thread-1] INFO  server.RaftServerConfigKeys (ConfUtils.java:logGet(43)) - raft.server.retrycache.expirytime = 600000ms (custom)
2019-10-05 01:02:51,123 [pool-413-thread-1] INFO  impl.RaftServerImpl (RaftServerImpl.java:start(181)) - f1bbbd25-bf7d-4683-8047-894a5fb2e05c@group-B6BEFFA64D13: start as a follower, conf=-1: [f1bbbd25-bf7d-4683-8047-894a5fb2e05c:192.168.151.100:33537], old=null
2019-10-05 01:02:51,123 [pool-413-thread-1] INFO  impl.RaftServerImpl (RaftServerImpl.java:setRole(170)) - f1bbbd25-bf7d-4683-8047-894a5fb2e05c@group-B6BEFFA64D13: changes role from      null to FOLLOWER at term 0 for startAsFollower
2019-10-05 01:02:51,123 [pool-413-thread-1] INFO  impl.RoleInfo (RoleInfo.java:updateAndGet(143)) - f1bbbd25-bf7d-4683-8047-894a5fb2e05c: start FollowerState
2019-10-05 01:02:51,123 [pool-413-thread-1] INFO  util.JmxRegister (JmxRegister.java:tryRegister(44)) - Successfully registered JMX Bean with object name Ratis:service=RaftServer,group=group-B6BEFFA64D13,id=f1bbbd25-bf7d-4683-8047-894a5fb2e05c
2019-10-05 01:02:51,127 [RatisPipelineUtilsThread] INFO  pipeline.PipelineStateManager (PipelineStateManager.java:addPipeline(56)) - Created pipeline Pipeline[ Id: 48e83b23-f50f-4e60-86e0-b6beffa64d13, Nodes: f1bbbd25-bf7d-4683-8047-894a5fb2e05c{ip: 192.168.151.100, host: pr-hdds-1986-gkmgr-421349047, networkLocation: /default-rack, certSerialId: null}, Type:RATIS, Factor:ONE, State:OPEN]
2019-10-05 01:02:51,135 [grpc-default-executor-7] INFO  impl.RaftServerProxy (RaftServerProxy.java:addNew(89)) - d5353d07-f879-43f5-916d-faa6d2011c47: addNew group-BC1981298A41:[d5353d07-f879-43f5-916d-faa6d2011c47:192.168.151.100:45479] returns group-BC1981298A41:java.util.concurrent.CompletableFuture@163ffca6[Not completed]
2019-10-05 01:02:51,136 [pool-423-thread-1] INFO  impl.RaftServerImpl (RaftServerImpl.java:<init>(95)) - d5353d07-f879-43f5-916d-faa6d2011c47: new RaftServerImpl for group-BC1981298A41:[d5353d07-f879-43f5-916d-faa6d2011c47:192.168.151.100:45479] with ContainerStateMachine:uninitialized
2019-10-05 01:02:51,136 [pool-423-thread-1] INFO  server.RaftServerConfigKeys (ConfUtils.java:logGet(43)) - raft.server.rpc.timeout.min = 5s (custom)
2019-10-05 01:02:51,136 [pool-423-thread-1] INFO  server.RaftServerConfigKeys (ConfUtils.java:logGet(43)) - raft.server.rpc.timeout.max = 5200ms (custom)
2019-10-05 01:02:51,136 [pool-423-thread-1] INFO  server.RaftServerConfigKeys (ConfUtils.java:logGet(43)) - raft.server.rpcslowness.timeout = 120s (custom)
2019-10-05 01:02:51,137 [pool-423-thread-1] INFO  server.RaftServerConfigKeys (ConfUtils.java:logGet(43)) - raft.server.sleep.deviation.threshold = 300 (default)
2019-10-05 01:02:51,137 [pool-423-thread-1] INFO  server.RaftServerConfigKeys (ConfUtils.java:logGet(43)) - raft.server.log.appender.install.snapshot.enabled = false (custom)
2019-10-05 01:02:51,137 [pool-423-thread-1] INFO  impl.RaftServerImpl (ServerState.java:<init>(103)) - d5353d07-f879-43f5-916d-faa6d2011c47@group-BC1981298A41: ConfigurationManager, init=-1: [d5353d07-f879-43f5-916d-faa6d2011c47:192.168.151.100:45479], old=null, confs=<EMPTY_MAP>
2019-10-05 01:02:51,137 [pool-423-thread-1] INFO  server.RaftServerConfigKeys (ConfUtils.java:logGet(43)) - raft.server.storage.dir = [/workdir/hadoop-ozone/integration-test/target/test-dir/MiniOzoneClusterImpl-2fc00425-f157-4b47-81a8-e6a9c5ebfcba/datanode-4/data/ratis] (custom)
2019-10-05 01:02:51,137 [pool-423-thread-1] INFO  server.RaftServerConfigKeys (ConfUtils.java:logGet(43)) - raft.server.log.corruption.policy = EXCEPTION (default)
2019-10-05 01:02:51,138 [pool-423-thread-1] INFO  storage.RaftStorageDirectory (RaftStorageDirectory.java:analyzeStorage(246)) - The storage directory /workdir/hadoop-ozone/integration-test/target/test-dir/MiniOzoneClusterImpl-2fc00425-f157-4b47-81a8-e6a9c5ebfcba/datanode-4/data/ratis/3ed681a1-13ee-4a6e-8c9f-bc1981298a41 does not exist. Creating ...
2019-10-05 01:02:51,151 [pool-423-thread-1] INFO  storage.RaftStorageDirectory (RaftStorageDirectory.java:tryLock(328)) - Lock on /workdir/hadoop-ozone/integration-test/target/test-dir/MiniOzoneClusterImpl-2fc00425-f157-4b47-81a8-e6a9c5ebfcba/datanode-4/data/ratis/3ed681a1-13ee-4a6e-8c9f-bc1981298a41/in_use.lock acquired by nodename 18151@pr-hdds-1986-gkmgr-421349047
2019-10-05 01:02:51,163 [pool-423-thread-1] INFO  storage.RaftStorage (RaftStorage.java:format(84)) - Storage directory /workdir/hadoop-ozone/integration-test/target/test-dir/MiniOzoneClusterImpl-2fc00425-f157-4b47-81a8-e6a9c5ebfcba/datanode-4/data/ratis/3ed681a1-13ee-4a6e-8c9f-bc1981298a41 has been successfully formatted.
2019-10-05 01:02:51,163 [pool-423-thread-1] INFO  ratis.ContainerStateMachine (ContainerStateMachine.java:loadSnapshot(230)) - group-BC1981298A41: The snapshot info is null. Setting the last applied indexto:(t:0, i:~)
2019-10-05 01:02:51,163 [pool-423-thread-1] INFO  server.RaftServerConfigKeys (ConfUtils.java:logGet(43)) - raft.server.notification.no-leader.timeout = 120s (custom)
2019-10-05 01:02:51,164 [pool-423-thread-1] INFO  server.RaftServerConfigKeys (ConfUtils.java:logGet(43)) - raft.server.log.use.memory = false (default)
2019-10-05 01:02:51,164 [pool-423-thread-1] INFO  server.RaftServerConfigKeys (ConfUtils.java:logGet(43)) - raft.server.log.purge.gap = 1000000 (custom)
2019-10-05 01:02:51,164 [pool-423-thread-1] INFO  server.RaftServerConfigKeys (ConfUtils.java:logGet(43)) - raft.server.log.appender.buffer.byte-limit = 33554432 (custom)
2019-10-05 01:02:51,164 [pool-423-thread-1] INFO  server.RaftServerConfigKeys (ConfUtils.java:logGet(43)) - raft.server.log.segment.size.max = 1048576 (custom)
2019-10-05 01:02:51,166 [pool-423-thread-1] INFO  server.RaftServerConfigKeys (ConfUtils.java:logGet(43)) - raft.server.log.segment.cache.num.max = 2 (custom)
2019-10-05 01:02:51,166 [pool-423-thread-1] INFO  segmented.SegmentedRaftLogWorker (SegmentedRaftLogWorker.java:<init>(173)) - new d5353d07-f879-43f5-916d-faa6d2011c47@group-BC1981298A41-SegmentedRaftLogWorker for RaftStorage:Storage Directory /workdir/hadoop-ozone/integration-test/target/test-dir/MiniOzoneClusterImpl-2fc00425-f157-4b47-81a8-e6a9c5ebfcba/datanode-4/data/ratis/3ed681a1-13ee-4a6e-8c9f-bc1981298a41
2019-10-05 01:02:51,166 [pool-423-thread-1] INFO  server.RaftServerConfigKeys (ConfUtils.java:logGet(43)) - raft.server.log.queue.byte-limit = 2147483647 (custom)
2019-10-05 01:02:51,166 [pool-423-thread-1] INFO  server.RaftServerConfigKeys (ConfUtils.java:logGet(43)) - raft.server.log.queue.element-limit = 1024 (custom)
2019-10-05 01:02:51,166 [pool-423-thread-1] INFO  server.RaftServerConfigKeys (ConfUtils.java:logGet(43)) - raft.server.log.segment.size.max = 1048576 (custom)
2019-10-05 01:02:51,166 [pool-423-thread-1] INFO  server.RaftServerConfigKeys (ConfUtils.java:logGet(43)) - raft.server.log.preallocated.size = 16384 (custom)
2019-10-05 01:02:51,166 [pool-423-thread-1] INFO  server.RaftServerConfigKeys (ConfUtils.java:logGet(43)) - raft.server.log.write.buffer.size = 33554432 (custom)
2019-10-05 01:02:51,166 [pool-423-thread-1] INFO  server.RaftServerConfigKeys (ConfUtils.java:logGet(43)) - raft.server.log.force.sync.num = 128 (default)
2019-10-05 01:02:51,167 [pool-423-thread-1] INFO  server.RaftServerConfigKeys (ConfUtils.java:logGet(43)) - raft.server.log.statemachine.data.sync = true (default)
2019-10-05 01:02:51,167 [pool-423-thread-1] INFO  server.RaftServerConfigKeys (ConfUtils.java:logGet(43)) - raft.server.log.statemachine.data.sync.timeout = 10s (default)
2019-10-05 01:02:51,167 [pool-423-thread-1] INFO  server.RaftServerConfigKeys (ConfUtils.java:logGet(43)) - raft.server.log.statemachine.data.sync.timeout.retry = -1 (default)
2019-10-05 01:02:51,167 [pool-423-thread-1] INFO  server.RaftServerConfigKeys (ConfUtils.java:logGet(43)) - raft.server.log.statemachine.data.caching.enabled = true (custom)
2019-10-05 01:02:51,168 [pool-423-thread-1] INFO  segmented.SegmentedRaftLogWorker (SegmentedRaftLogWorker.java:lambda$new$0(128)) - d5353d07-f879-43f5-916d-faa6d2011c47@group-BC1981298A41-SegmentedRaftLogWorker: flushIndex: setUnconditionally 0 -> -1
2019-10-05 01:02:51,168 [pool-423-thread-1] INFO  server.RaftServerConfigKeys (ConfUtils.java:logGet(43)) - raft.server.snapshot.auto.trigger.enabled = true (custom)
2019-10-05 01:02:51,168 [pool-423-thread-1] INFO  server.RaftServerConfigKeys (ConfUtils.java:logGet(43)) - raft.server.snapshot.auto.trigger.threshold = 10000 (custom)
2019-10-05 01:02:51,168 [pool-423-thread-1] INFO  server.RaftServerConfigKeys (ConfUtils.java:logGet(43)) - raft.server.snapshot.retention.file.num = 5 (custom)
2019-10-05 01:02:51,168 [pool-423-thread-1] INFO  server.RaftServerConfigKeys (ConfUtils.java:logGet(43)) - raft.server.retrycache.expirytime = 600000ms (custom)
2019-10-05 01:02:51,170 [IPC Server handler 1 on 37398] INFO  net.NetworkTopology (NetworkTopologyImpl.java:add(111)) - Added a new node: /default-rack/d4841264-9ebf-4a77-a743-3790cb747b27
2019-10-05 01:02:51,170 [IPC Server handler 1 on 37398] INFO  node.SCMNodeManager (SCMNodeManager.java:register(268)) - Registered Data node : d4841264-9ebf-4a77-a743-3790cb747b27{ip: 192.168.151.100, host: pr-hdds-1986-gkmgr-421349047, networkLocation: /default-rack, certSerialId: null}
2019-10-05 01:02:51,170 [pool-423-thread-1] INFO  impl.RaftServerImpl (RaftServerImpl.java:start(181)) - d5353d07-f879-43f5-916d-faa6d2011c47@group-BC1981298A41: start as a follower, conf=-1: [d5353d07-f879-43f5-916d-faa6d2011c47:192.168.151.100:45479], old=null
2019-10-05 01:02:51,170 [pool-423-thread-1] INFO  impl.RaftServerImpl (RaftServerImpl.java:setRole(170)) - d5353d07-f879-43f5-916d-faa6d2011c47@group-BC1981298A41: changes role from      null to FOLLOWER at term 0 for startAsFollower
2019-10-05 01:02:51,171 [pool-423-thread-1] INFO  impl.RoleInfo (RoleInfo.java:updateAndGet(143)) - d5353d07-f879-43f5-916d-faa6d2011c47: start FollowerState
2019-10-05 01:02:51,171 [pool-423-thread-1] INFO  util.JmxRegister (JmxRegister.java:tryRegister(44)) - Successfully registered JMX Bean with object name Ratis:service=RaftServer,group=group-BC1981298A41,id=d5353d07-f879-43f5-916d-faa6d2011c47
2019-10-05 01:02:51,174 [RatisPipelineUtilsThread] INFO  pipeline.PipelineStateManager (PipelineStateManager.java:addPipeline(56)) - Created pipeline Pipeline[ Id: 3ed681a1-13ee-4a6e-8c9f-bc1981298a41, Nodes: d5353d07-f879-43f5-916d-faa6d2011c47{ip: 192.168.151.100, host: pr-hdds-1986-gkmgr-421349047, networkLocation: /default-rack, certSerialId: null}, Type:RATIS, Factor:ONE, State:OPEN]
2019-10-05 01:02:51,183 [grpc-default-executor-7] INFO  impl.RaftServerProxy (RaftServerProxy.java:addNew(89)) - d4841264-9ebf-4a77-a743-3790cb747b27: addNew group-53AF2075F2C4:[d4841264-9ebf-4a77-a743-3790cb747b27:192.168.151.100:34522] returns group-53AF2075F2C4:java.util.concurrent.CompletableFuture@2241fd01[Not completed]
2019-10-05 01:02:51,184 [pool-433-thread-1] INFO  impl.RaftServerImpl (RaftServerImpl.java:<init>(95)) - d4841264-9ebf-4a77-a743-3790cb747b27: new RaftServerImpl for group-53AF2075F2C4:[d4841264-9ebf-4a77-a743-3790cb747b27:192.168.151.100:34522] with ContainerStateMachine:uninitialized
2019-10-05 01:02:51,184 [pool-433-thread-1] INFO  server.RaftServerConfigKeys (ConfUtils.java:logGet(43)) - raft.server.rpc.timeout.min = 5s (custom)
2019-10-05 01:02:51,184 [pool-433-thread-1] INFO  server.RaftServerConfigKeys (ConfUtils.java:logGet(43)) - raft.server.rpc.timeout.max = 5200ms (custom)
2019-10-05 01:02:51,184 [pool-433-thread-1] INFO  server.RaftServerConfigKeys (ConfUtils.java:logGet(43)) - raft.server.rpcslowness.timeout = 120s (custom)
2019-10-05 01:02:51,184 [pool-433-thread-1] INFO  server.RaftServerConfigKeys (ConfUtils.java:logGet(43)) - raft.server.sleep.deviation.threshold = 300 (default)
2019-10-05 01:02:51,185 [pool-433-thread-1] INFO  server.RaftServerConfigKeys (ConfUtils.java:logGet(43)) - raft.server.log.appender.install.snapshot.enabled = false (custom)
2019-10-05 01:02:51,185 [pool-433-thread-1] INFO  impl.RaftServerImpl (ServerState.java:<init>(103)) - d4841264-9ebf-4a77-a743-3790cb747b27@group-53AF2075F2C4: ConfigurationManager, init=-1: [d4841264-9ebf-4a77-a743-3790cb747b27:192.168.151.100:34522], old=null, confs=<EMPTY_MAP>
2019-10-05 01:02:51,185 [pool-433-thread-1] INFO  server.RaftServerConfigKeys (ConfUtils.java:logGet(43)) - raft.server.storage.dir = [/workdir/hadoop-ozone/integration-test/target/test-dir/MiniOzoneClusterImpl-2fc00425-f157-4b47-81a8-e6a9c5ebfcba/datanode-5/data/ratis] (custom)
2019-10-05 01:02:51,185 [pool-433-thread-1] INFO  server.RaftServerConfigKeys (ConfUtils.java:logGet(43)) - raft.server.log.corruption.policy = EXCEPTION (default)
2019-10-05 01:02:51,185 [pool-433-thread-1] INFO  storage.RaftStorageDirectory (RaftStorageDirectory.java:analyzeStorage(246)) - The storage directory /workdir/hadoop-ozone/integration-test/target/test-dir/MiniOzoneClusterImpl-2fc00425-f157-4b47-81a8-e6a9c5ebfcba/datanode-5/data/ratis/f3be95ae-8bbc-4f2d-b21b-53af2075f2c4 does not exist. Creating ...
2019-10-05 01:02:51,198 [pool-433-thread-1] INFO  storage.RaftStorageDirectory (RaftStorageDirectory.java:tryLock(328)) - Lock on /workdir/hadoop-ozone/integration-test/target/test-dir/MiniOzoneClusterImpl-2fc00425-f157-4b47-81a8-e6a9c5ebfcba/datanode-5/data/ratis/f3be95ae-8bbc-4f2d-b21b-53af2075f2c4/in_use.lock acquired by nodename 18151@pr-hdds-1986-gkmgr-421349047
2019-10-05 01:02:51,210 [pool-433-thread-1] INFO  storage.RaftStorage (RaftStorage.java:format(84)) - Storage directory /workdir/hadoop-ozone/integration-test/target/test-dir/MiniOzoneClusterImpl-2fc00425-f157-4b47-81a8-e6a9c5ebfcba/datanode-5/data/ratis/f3be95ae-8bbc-4f2d-b21b-53af2075f2c4 has been successfully formatted.
2019-10-05 01:02:51,210 [pool-433-thread-1] INFO  ratis.ContainerStateMachine (ContainerStateMachine.java:loadSnapshot(230)) - group-53AF2075F2C4: The snapshot info is null. Setting the last applied indexto:(t:0, i:~)
2019-10-05 01:02:51,210 [pool-433-thread-1] INFO  server.RaftServerConfigKeys (ConfUtils.java:logGet(43)) - raft.server.notification.no-leader.timeout = 120s (custom)
2019-10-05 01:02:51,211 [pool-433-thread-1] INFO  server.RaftServerConfigKeys (ConfUtils.java:logGet(43)) - raft.server.log.use.memory = false (default)
2019-10-05 01:02:51,211 [pool-433-thread-1] INFO  server.RaftServerConfigKeys (ConfUtils.java:logGet(43)) - raft.server.log.purge.gap = 1000000 (custom)
2019-10-05 01:02:51,211 [pool-433-thread-1] INFO  server.RaftServerConfigKeys (ConfUtils.java:logGet(43)) - raft.server.log.appender.buffer.byte-limit = 33554432 (custom)
2019-10-05 01:02:51,211 [pool-433-thread-1] INFO  server.RaftServerConfigKeys (ConfUtils.java:logGet(43)) - raft.server.log.segment.size.max = 1048576 (custom)
2019-10-05 01:02:51,212 [pool-433-thread-1] INFO  server.RaftServerConfigKeys (ConfUtils.java:logGet(43)) - raft.server.log.segment.cache.num.max = 2 (custom)
2019-10-05 01:02:51,212 [pool-433-thread-1] INFO  segmented.SegmentedRaftLogWorker (SegmentedRaftLogWorker.java:<init>(173)) - new d4841264-9ebf-4a77-a743-3790cb747b27@group-53AF2075F2C4-SegmentedRaftLogWorker for RaftStorage:Storage Directory /workdir/hadoop-ozone/integration-test/target/test-dir/MiniOzoneClusterImpl-2fc00425-f157-4b47-81a8-e6a9c5ebfcba/datanode-5/data/ratis/f3be95ae-8bbc-4f2d-b21b-53af2075f2c4
2019-10-05 01:02:51,212 [pool-433-thread-1] INFO  server.RaftServerConfigKeys (ConfUtils.java:logGet(43)) - raft.server.log.queue.byte-limit = 2147483647 (custom)
2019-10-05 01:02:51,212 [pool-433-thread-1] INFO  server.RaftServerConfigKeys (ConfUtils.java:logGet(43)) - raft.server.log.queue.element-limit = 1024 (custom)
2019-10-05 01:02:51,212 [pool-433-thread-1] INFO  server.RaftServerConfigKeys (ConfUtils.java:logGet(43)) - raft.server.log.segment.size.max = 1048576 (custom)
2019-10-05 01:02:51,213 [pool-433-thread-1] INFO  server.RaftServerConfigKeys (ConfUtils.java:logGet(43)) - raft.server.log.preallocated.size = 16384 (custom)
2019-10-05 01:02:51,213 [pool-433-thread-1] INFO  server.RaftServerConfigKeys (ConfUtils.java:logGet(43)) - raft.server.log.write.buffer.size = 33554432 (custom)
2019-10-05 01:02:51,213 [pool-433-thread-1] INFO  server.RaftServerConfigKeys (ConfUtils.java:logGet(43)) - raft.server.log.force.sync.num = 128 (default)
2019-10-05 01:02:51,213 [pool-433-thread-1] INFO  server.RaftServerConfigKeys (ConfUtils.java:logGet(43)) - raft.server.log.statemachine.data.sync = true (default)
2019-10-05 01:02:51,213 [pool-433-thread-1] INFO  server.RaftServerConfigKeys (ConfUtils.java:logGet(43)) - raft.server.log.statemachine.data.sync.timeout = 10s (default)
2019-10-05 01:02:51,213 [pool-433-thread-1] INFO  server.RaftServerConfigKeys (ConfUtils.java:logGet(43)) - raft.server.log.statemachine.data.sync.timeout.retry = -1 (default)
2019-10-05 01:02:51,213 [pool-433-thread-1] INFO  server.RaftServerConfigKeys (ConfUtils.java:logGet(43)) - raft.server.log.statemachine.data.caching.enabled = true (custom)
2019-10-05 01:02:51,213 [pool-433-thread-1] INFO  segmented.SegmentedRaftLogWorker (SegmentedRaftLogWorker.java:lambda$new$0(128)) - d4841264-9ebf-4a77-a743-3790cb747b27@group-53AF2075F2C4-SegmentedRaftLogWorker: flushIndex: setUnconditionally 0 -> -1
2019-10-05 01:02:51,214 [pool-433-thread-1] INFO  server.RaftServerConfigKeys (ConfUtils.java:logGet(43)) - raft.server.snapshot.auto.trigger.enabled = true (custom)
2019-10-05 01:02:51,214 [pool-433-thread-1] INFO  server.RaftServerConfigKeys (ConfUtils.java:logGet(43)) - raft.server.snapshot.auto.trigger.threshold = 10000 (custom)
2019-10-05 01:02:51,214 [pool-433-thread-1] INFO  server.RaftServerConfigKeys (ConfUtils.java:logGet(43)) - raft.server.snapshot.retention.file.num = 5 (custom)
2019-10-05 01:02:51,214 [pool-433-thread-1] INFO  server.RaftServerConfigKeys (ConfUtils.java:logGet(43)) - raft.server.retrycache.expirytime = 600000ms (custom)
2019-10-05 01:02:51,215 [pool-433-thread-1] INFO  impl.RaftServerImpl (RaftServerImpl.java:start(181)) - d4841264-9ebf-4a77-a743-3790cb747b27@group-53AF2075F2C4: start as a follower, conf=-1: [d4841264-9ebf-4a77-a743-3790cb747b27:192.168.151.100:34522], old=null
2019-10-05 01:02:51,215 [pool-433-thread-1] INFO  impl.RaftServerImpl (RaftServerImpl.java:setRole(170)) - d4841264-9ebf-4a77-a743-3790cb747b27@group-53AF2075F2C4: changes role from      null to FOLLOWER at term 0 for startAsFollower
2019-10-05 01:02:51,215 [pool-433-thread-1] INFO  impl.RoleInfo (RoleInfo.java:updateAndGet(143)) - d4841264-9ebf-4a77-a743-3790cb747b27: start FollowerState
2019-10-05 01:02:51,215 [pool-433-thread-1] INFO  util.JmxRegister (JmxRegister.java:tryRegister(44)) - Successfully registered JMX Bean with object name Ratis:service=RaftServer,group=group-53AF2075F2C4,id=d4841264-9ebf-4a77-a743-3790cb747b27
2019-10-05 01:02:51,219 [RatisPipelineUtilsThread] INFO  pipeline.PipelineStateManager (PipelineStateManager.java:addPipeline(56)) - Created pipeline Pipeline[ Id: f3be95ae-8bbc-4f2d-b21b-53af2075f2c4, Nodes: d4841264-9ebf-4a77-a743-3790cb747b27{ip: 192.168.151.100, host: pr-hdds-1986-gkmgr-421349047, networkLocation: /default-rack, certSerialId: null}, Type:RATIS, Factor:ONE, State:OPEN]
2019-10-05 01:02:51,233 [grpc-default-executor-2] INFO  impl.RaftServerProxy (RaftServerProxy.java:addNew(89)) - d4841264-9ebf-4a77-a743-3790cb747b27: addNew group-6D6B4E813DCE:[f1bbbd25-bf7d-4683-8047-894a5fb2e05c:192.168.151.100:33537, d4841264-9ebf-4a77-a743-3790cb747b27:192.168.151.100:34522, d5353d07-f879-43f5-916d-faa6d2011c47:192.168.151.100:45479] returns group-6D6B4E813DCE:java.util.concurrent.CompletableFuture@1abfff1e[Not completed]
2019-10-05 01:02:51,233 [grpc-default-executor-5] INFO  impl.RaftServerProxy (RaftServerProxy.java:addNew(89)) - f1bbbd25-bf7d-4683-8047-894a5fb2e05c: addNew group-6D6B4E813DCE:[f1bbbd25-bf7d-4683-8047-894a5fb2e05c:192.168.151.100:33537, d4841264-9ebf-4a77-a743-3790cb747b27:192.168.151.100:34522, d5353d07-f879-43f5-916d-faa6d2011c47:192.168.151.100:45479] returns group-6D6B4E813DCE:java.util.concurrent.CompletableFuture@3505beb7[Not completed]
2019-10-05 01:02:51,233 [grpc-default-executor-7] INFO  impl.RaftServerProxy (RaftServerProxy.java:addNew(89)) - d5353d07-f879-43f5-916d-faa6d2011c47: addNew group-6D6B4E813DCE:[f1bbbd25-bf7d-4683-8047-894a5fb2e05c:192.168.151.100:33537, d4841264-9ebf-4a77-a743-3790cb747b27:192.168.151.100:34522, d5353d07-f879-43f5-916d-faa6d2011c47:192.168.151.100:45479] returns group-6D6B4E813DCE:java.util.concurrent.CompletableFuture@17ca96eb[Not completed]
2019-10-05 01:02:51,234 [pool-433-thread-1] INFO  impl.RaftServerImpl (RaftServerImpl.java:<init>(95)) - d4841264-9ebf-4a77-a743-3790cb747b27: new RaftServerImpl for group-6D6B4E813DCE:[f1bbbd25-bf7d-4683-8047-894a5fb2e05c:192.168.151.100:33537, d4841264-9ebf-4a77-a743-3790cb747b27:192.168.151.100:34522, d5353d07-f879-43f5-916d-faa6d2011c47:192.168.151.100:45479] with ContainerStateMachine:uninitialized
2019-10-05 01:02:51,234 [pool-433-thread-1] INFO  server.RaftServerConfigKeys (ConfUtils.java:logGet(43)) - raft.server.rpc.timeout.min = 5s (custom)
2019-10-05 01:02:51,234 [pool-433-thread-1] INFO  server.RaftServerConfigKeys (ConfUtils.java:logGet(43)) - raft.server.rpc.timeout.max = 5200ms (custom)
2019-10-05 01:02:51,234 [main] INFO  ozone.MiniOzoneClusterImpl (MiniOzoneClusterImpl.java:lambda$waitForClusterToBeReady$0(147)) - Cluster is ready. Got 7 of 7 DN Heartbeats.
2019-10-05 01:02:51,234 [IPC Server handler 2 on 37398] INFO  net.NetworkTopology (NetworkTopologyImpl.java:add(111)) - Added a new node: /default-rack/bb1c3136-b0b8-4519-9f5a-cd2bb9e5dc04
2019-10-05 01:02:51,234 [pool-413-thread-1] INFO  impl.RaftServerImpl (RaftServerImpl.java:<init>(95)) - f1bbbd25-bf7d-4683-8047-894a5fb2e05c: new RaftServerImpl for group-6D6B4E813DCE:[f1bbbd25-bf7d-4683-8047-894a5fb2e05c:192.168.151.100:33537, d4841264-9ebf-4a77-a743-3790cb747b27:192.168.151.100:34522, d5353d07-f879-43f5-916d-faa6d2011c47:192.168.151.100:45479] with ContainerStateMachine:uninitialized
2019-10-05 01:02:51,234 [pool-433-thread-1] INFO  server.RaftServerConfigKeys (ConfUtils.java:logGet(43)) - raft.server.rpcslowness.timeout = 120s (custom)
2019-10-05 01:02:51,235 [pool-413-thread-1] INFO  server.RaftServerConfigKeys (ConfUtils.java:logGet(43)) - raft.server.rpc.timeout.min = 5s (custom)
2019-10-05 01:02:51,235 [IPC Server handler 2 on 37398] INFO  node.SCMNodeManager (SCMNodeManager.java:register(268)) - Registered Data node : bb1c3136-b0b8-4519-9f5a-cd2bb9e5dc04{ip: 192.168.151.100, host: pr-hdds-1986-gkmgr-421349047, networkLocation: /default-rack, certSerialId: null}
2019-10-05 01:02:51,235 [pool-423-thread-1] INFO  impl.RaftServerImpl (RaftServerImpl.java:<init>(95)) - d5353d07-f879-43f5-916d-faa6d2011c47: new RaftServerImpl for group-6D6B4E813DCE:[f1bbbd25-bf7d-4683-8047-894a5fb2e05c:192.168.151.100:33537, d4841264-9ebf-4a77-a743-3790cb747b27:192.168.151.100:34522, d5353d07-f879-43f5-916d-faa6d2011c47:192.168.151.100:45479] with ContainerStateMachine:uninitialized
2019-10-05 01:02:51,235 [pool-413-thread-1] INFO  server.RaftServerConfigKeys (ConfUtils.java:logGet(43)) - raft.server.rpc.timeout.max = 5200ms (custom)
2019-10-05 01:02:51,235 [pool-433-thread-1] INFO  server.RaftServerConfigKeys (ConfUtils.java:logGet(43)) - raft.server.sleep.deviation.threshold = 300 (default)
2019-10-05 01:02:51,235 [pool-413-thread-1] INFO  server.RaftServerConfigKeys (ConfUtils.java:logGet(43)) - raft.server.rpcslowness.timeout = 120s (custom)
2019-10-05 01:02:51,235 [pool-423-thread-1] INFO  server.RaftServerConfigKeys (ConfUtils.java:logGet(43)) - raft.server.rpc.timeout.min = 5s (custom)
2019-10-05 01:02:51,236 [pool-413-thread-1] INFO  server.RaftServerConfigKeys (ConfUtils.java:logGet(43)) - raft.server.sleep.deviation.threshold = 300 (default)
2019-10-05 01:02:51,235 [pool-433-thread-1] INFO  server.RaftServerConfigKeys (ConfUtils.java:logGet(43)) - raft.server.log.appender.install.snapshot.enabled = false (custom)
2019-10-05 01:02:51,236 [pool-413-thread-1] INFO  server.RaftServerConfigKeys (ConfUtils.java:logGet(43)) - raft.server.log.appender.install.snapshot.enabled = false (custom)
2019-10-05 01:02:51,236 [pool-423-thread-1] INFO  server.RaftServerConfigKeys (ConfUtils.java:logGet(43)) - raft.server.rpc.timeout.max = 5200ms (custom)
2019-10-05 01:02:51,236 [pool-413-thread-1] INFO  impl.RaftServerImpl (ServerState.java:<init>(103)) - f1bbbd25-bf7d-4683-8047-894a5fb2e05c@group-6D6B4E813DCE: ConfigurationManager, init=-1: [f1bbbd25-bf7d-4683-8047-894a5fb2e05c:192.168.151.100:33537, d4841264-9ebf-4a77-a743-3790cb747b27:192.168.151.100:34522, d5353d07-f879-43f5-916d-faa6d2011c47:192.168.151.100:45479], old=null, confs=<EMPTY_MAP>
2019-10-05 01:02:51,236 [pool-433-thread-1] INFO  impl.RaftServerImpl (ServerState.java:<init>(103)) - d4841264-9ebf-4a77-a743-3790cb747b27@group-6D6B4E813DCE: ConfigurationManager, init=-1: [f1bbbd25-bf7d-4683-8047-894a5fb2e05c:192.168.151.100:33537, d4841264-9ebf-4a77-a743-3790cb747b27:192.168.151.100:34522, d5353d07-f879-43f5-916d-faa6d2011c47:192.168.151.100:45479], old=null, confs=<EMPTY_MAP>
2019-10-05 01:02:51,236 [pool-413-thread-1] INFO  server.RaftServerConfigKeys (ConfUtils.java:logGet(43)) - raft.server.storage.dir = [/workdir/hadoop-ozone/integration-test/target/test-dir/MiniOzoneClusterImpl-2fc00425-f157-4b47-81a8-e6a9c5ebfcba/datanode-3/data/ratis] (custom)
2019-10-05 01:02:51,236 [pool-423-thread-1] INFO  server.RaftServerConfigKeys (ConfUtils.java:logGet(43)) - raft.server.rpcslowness.timeout = 120s (custom)
2019-10-05 01:02:51,236 [pool-433-thread-1] INFO  server.RaftServerConfigKeys (ConfUtils.java:logGet(43)) - raft.server.storage.dir = [/workdir/hadoop-ozone/integration-test/target/test-dir/MiniOzoneClusterImpl-2fc00425-f157-4b47-81a8-e6a9c5ebfcba/datanode-5/data/ratis] (custom)
2019-10-05 01:02:51,237 [pool-413-thread-1] INFO  server.RaftServerConfigKeys (ConfUtils.java:logGet(43)) - raft.server.log.corruption.policy = EXCEPTION (default)
2019-10-05 01:02:51,237 [pool-423-thread-1] INFO  server.RaftServerConfigKeys (ConfUtils.java:logGet(43)) - raft.server.sleep.deviation.threshold = 300 (default)
2019-10-05 01:02:51,237 [pool-413-thread-1] INFO  storage.RaftStorageDirectory (RaftStorageDirectory.java:analyzeStorage(246)) - The storage directory /workdir/hadoop-ozone/integration-test/target/test-dir/MiniOzoneClusterImpl-2fc00425-f157-4b47-81a8-e6a9c5ebfcba/datanode-3/data/ratis/7dd0e52c-f024-4b5d-aaa2-6d6b4e813dce does not exist. Creating ...
2019-10-05 01:02:51,237 [pool-433-thread-1] INFO  server.RaftServerConfigKeys (ConfUtils.java:logGet(43)) - raft.server.log.corruption.policy = EXCEPTION (default)
2019-10-05 01:02:51,248 [pool-423-thread-1] INFO  server.RaftServerConfigKeys (ConfUtils.java:logGet(43)) - raft.server.log.appender.install.snapshot.enabled = false (custom)
2019-10-05 01:02:51,248 [pool-433-thread-1] INFO  storage.RaftStorageDirectory (RaftStorageDirectory.java:analyzeStorage(246)) - The storage directory /workdir/hadoop-ozone/integration-test/target/test-dir/MiniOzoneClusterImpl-2fc00425-f157-4b47-81a8-e6a9c5ebfcba/datanode-5/data/ratis/7dd0e52c-f024-4b5d-aaa2-6d6b4e813dce does not exist. Creating ...
2019-10-05 01:02:51,248 [pool-423-thread-1] INFO  impl.RaftServerImpl (ServerState.java:<init>(103)) - d5353d07-f879-43f5-916d-faa6d2011c47@group-6D6B4E813DCE: ConfigurationManager, init=-1: [f1bbbd25-bf7d-4683-8047-894a5fb2e05c:192.168.151.100:33537, d4841264-9ebf-4a77-a743-3790cb747b27:192.168.151.100:34522, d5353d07-f879-43f5-916d-faa6d2011c47:192.168.151.100:45479], old=null, confs=<EMPTY_MAP>
2019-10-05 01:02:51,248 [pool-423-thread-1] INFO  server.RaftServerConfigKeys (ConfUtils.java:logGet(43)) - raft.server.storage.dir = [/workdir/hadoop-ozone/integration-test/target/test-dir/MiniOzoneClusterImpl-2fc00425-f157-4b47-81a8-e6a9c5ebfcba/datanode-4/data/ratis] (custom)
2019-10-05 01:02:51,249 [pool-423-thread-1] INFO  server.RaftServerConfigKeys (ConfUtils.java:logGet(43)) - raft.server.log.corruption.policy = EXCEPTION (default)
2019-10-05 01:02:51,249 [pool-423-thread-1] INFO  storage.RaftStorageDirectory (RaftStorageDirectory.java:analyzeStorage(246)) - The storage directory /workdir/hadoop-ozone/integration-test/target/test-dir/MiniOzoneClusterImpl-2fc00425-f157-4b47-81a8-e6a9c5ebfcba/datanode-4/data/ratis/7dd0e52c-f024-4b5d-aaa2-6d6b4e813dce does not exist. Creating ...
2019-10-05 01:02:51,267 [pool-413-thread-1] INFO  storage.RaftStorageDirectory (RaftStorageDirectory.java:tryLock(328)) - Lock on /workdir/hadoop-ozone/integration-test/target/test-dir/MiniOzoneClusterImpl-2fc00425-f157-4b47-81a8-e6a9c5ebfcba/datanode-3/data/ratis/7dd0e52c-f024-4b5d-aaa2-6d6b4e813dce/in_use.lock acquired by nodename 18151@pr-hdds-1986-gkmgr-421349047
2019-10-05 01:02:51,267 [pool-433-thread-1] INFO  storage.RaftStorageDirectory (RaftStorageDirectory.java:tryLock(328)) - Lock on /workdir/hadoop-ozone/integration-test/target/test-dir/MiniOzoneClusterImpl-2fc00425-f157-4b47-81a8-e6a9c5ebfcba/datanode-5/data/ratis/7dd0e52c-f024-4b5d-aaa2-6d6b4e813dce/in_use.lock acquired by nodename 18151@pr-hdds-1986-gkmgr-421349047
2019-10-05 01:02:51,267 [pool-423-thread-1] INFO  storage.RaftStorageDirectory (RaftStorageDirectory.java:tryLock(328)) - Lock on /workdir/hadoop-ozone/integration-test/target/test-dir/MiniOzoneClusterImpl-2fc00425-f157-4b47-81a8-e6a9c5ebfcba/datanode-4/data/ratis/7dd0e52c-f024-4b5d-aaa2-6d6b4e813dce/in_use.lock acquired by nodename 18151@pr-hdds-1986-gkmgr-421349047
2019-10-05 01:02:51,276 [main] INFO  rpc.RpcClient (RpcClient.java:createVolume(277)) - Creating Volume: watchforcommithandlingtest, with jenkins1000 as owner.
2019-10-05 01:02:51,280 [IPC Server handler 2 on 45691] INFO  volume.OMVolumeCreateRequest (OMVolumeCreateRequest.java:validateAndUpdateCache(193)) - created volume:watchforcommithandlingtest for user:jenkins1000
2019-10-05 01:02:51,281 [pool-413-thread-1] INFO  storage.RaftStorage (RaftStorage.java:format(84)) - Storage directory /workdir/hadoop-ozone/integration-test/target/test-dir/MiniOzoneClusterImpl-2fc00425-f157-4b47-81a8-e6a9c5ebfcba/datanode-3/data/ratis/7dd0e52c-f024-4b5d-aaa2-6d6b4e813dce has been successfully formatted.
2019-10-05 01:02:51,281 [pool-433-thread-1] INFO  storage.RaftStorage (RaftStorage.java:format(84)) - Storage directory /workdir/hadoop-ozone/integration-test/target/test-dir/MiniOzoneClusterImpl-2fc00425-f157-4b47-81a8-e6a9c5ebfcba/datanode-5/data/ratis/7dd0e52c-f024-4b5d-aaa2-6d6b4e813dce has been successfully formatted.
2019-10-05 01:02:51,281 [pool-423-thread-1] INFO  storage.RaftStorage (RaftStorage.java:format(84)) - Storage directory /workdir/hadoop-ozone/integration-test/target/test-dir/MiniOzoneClusterImpl-2fc00425-f157-4b47-81a8-e6a9c5ebfcba/datanode-4/data/ratis/7dd0e52c-f024-4b5d-aaa2-6d6b4e813dce has been successfully formatted.
2019-10-05 01:02:51,281 [pool-413-thread-1] INFO  ratis.ContainerStateMachine (ContainerStateMachine.java:loadSnapshot(230)) - group-6D6B4E813DCE: The snapshot info is null. Setting the last applied indexto:(t:0, i:~)
2019-10-05 01:02:51,281 [pool-423-thread-1] INFO  ratis.ContainerStateMachine (ContainerStateMachine.java:loadSnapshot(230)) - group-6D6B4E813DCE: The snapshot info is null. Setting the last applied indexto:(t:0, i:~)
2019-10-05 01:02:51,281 [pool-433-thread-1] INFO  ratis.ContainerStateMachine (ContainerStateMachine.java:loadSnapshot(230)) - group-6D6B4E813DCE: The snapshot info is null. Setting the last applied indexto:(t:0, i:~)
2019-10-05 01:02:51,281 [pool-423-thread-1] INFO  server.RaftServerConfigKeys (ConfUtils.java:logGet(43)) - raft.server.notification.no-leader.timeout = 120s (custom)
2019-10-05 01:02:51,281 [pool-413-thread-1] INFO  server.RaftServerConfigKeys (ConfUtils.java:logGet(43)) - raft.server.notification.no-leader.timeout = 120s (custom)
2019-10-05 01:02:51,285 [pool-423-thread-1] INFO  server.RaftServerConfigKeys (ConfUtils.java:logGet(43)) - raft.server.log.use.memory = false (default)
2019-10-05 01:02:51,285 [pool-433-thread-1] INFO  server.RaftServerConfigKeys (ConfUtils.java:logGet(43)) - raft.server.notification.no-leader.timeout = 120s (custom)
2019-10-05 01:02:51,285 [pool-423-thread-1] INFO  server.RaftServerConfigKeys (ConfUtils.java:logGet(43)) - raft.server.log.purge.gap = 1000000 (custom)
2019-10-05 01:02:51,285 [pool-413-thread-1] INFO  server.RaftServerConfigKeys (ConfUtils.java:logGet(43)) - raft.server.log.use.memory = false (default)
2019-10-05 01:02:51,285 [pool-423-thread-1] INFO  server.RaftServerConfigKeys (ConfUtils.java:logGet(43)) - raft.server.log.appender.buffer.byte-limit = 33554432 (custom)
2019-10-05 01:02:51,285 [pool-433-thread-1] INFO  server.RaftServerConfigKeys (ConfUtils.java:logGet(43)) - raft.server.log.use.memory = false (default)
2019-10-05 01:02:51,286 [pool-423-thread-1] INFO  server.RaftServerConfigKeys (ConfUtils.java:logGet(43)) - raft.server.log.segment.size.max = 1048576 (custom)
2019-10-05 01:02:51,285 [pool-413-thread-1] INFO  server.RaftServerConfigKeys (ConfUtils.java:logGet(43)) - raft.server.log.purge.gap = 1000000 (custom)
2019-10-05 01:02:51,286 [pool-423-thread-1] INFO  server.RaftServerConfigKeys (ConfUtils.java:logGet(43)) - raft.server.log.segment.cache.num.max = 2 (custom)
2019-10-05 01:02:51,286 [pool-433-thread-1] INFO  server.RaftServerConfigKeys (ConfUtils.java:logGet(43)) - raft.server.log.purge.gap = 1000000 (custom)
2019-10-05 01:02:51,286 [pool-423-thread-1] INFO  segmented.SegmentedRaftLogWorker (SegmentedRaftLogWorker.java:<init>(173)) - new d5353d07-f879-43f5-916d-faa6d2011c47@group-6D6B4E813DCE-SegmentedRaftLogWorker for RaftStorage:Storage Directory /workdir/hadoop-ozone/integration-test/target/test-dir/MiniOzoneClusterImpl-2fc00425-f157-4b47-81a8-e6a9c5ebfcba/datanode-4/data/ratis/7dd0e52c-f024-4b5d-aaa2-6d6b4e813dce
2019-10-05 01:02:51,286 [pool-413-thread-1] INFO  server.RaftServerConfigKeys (ConfUtils.java:logGet(43)) - raft.server.log.appender.buffer.byte-limit = 33554432 (custom)
2019-10-05 01:02:51,286 [pool-423-thread-1] INFO  server.RaftServerConfigKeys (ConfUtils.java:logGet(43)) - raft.server.log.queue.byte-limit = 2147483647 (custom)
2019-10-05 01:02:51,298 [pool-423-thread-1] INFO  server.RaftServerConfigKeys (ConfUtils.java:logGet(43)) - raft.server.log.queue.element-limit = 1024 (custom)
2019-10-05 01:02:51,286 [pool-433-thread-1] INFO  server.RaftServerConfigKeys (ConfUtils.java:logGet(43)) - raft.server.log.appender.buffer.byte-limit = 33554432 (custom)
2019-10-05 01:02:51,298 [pool-423-thread-1] INFO  server.RaftServerConfigKeys (ConfUtils.java:logGet(43)) - raft.server.log.segment.size.max = 1048576 (custom)
2019-10-05 01:02:51,299 [pool-423-thread-1] INFO  server.RaftServerConfigKeys (ConfUtils.java:logGet(43)) - raft.server.log.preallocated.size = 16384 (custom)
2019-10-05 01:02:51,289 [pool-413-thread-1] INFO  server.RaftServerConfigKeys (ConfUtils.java:logGet(43)) - raft.server.log.segment.size.max = 1048576 (custom)
2019-10-05 01:02:51,299 [pool-423-thread-1] INFO  server.RaftServerConfigKeys (ConfUtils.java:logGet(43)) - raft.server.log.write.buffer.size = 33554432 (custom)
2019-10-05 01:02:51,299 [main] INFO  rpc.RpcClient (RpcClient.java:createBucket(416)) - Creating Bucket: watchforcommithandlingtest/watchforcommithandlingtest, with Versioning false and Storage Type set to DISK and Encryption set to false 
2019-10-05 01:02:51,299 [pool-433-thread-1] INFO  server.RaftServerConfigKeys (ConfUtils.java:logGet(43)) - raft.server.log.segment.size.max = 1048576 (custom)
2019-10-05 01:02:51,299 [pool-423-thread-1] INFO  server.RaftServerConfigKeys (ConfUtils.java:logGet(43)) - raft.server.log.force.sync.num = 128 (default)
2019-10-05 01:02:51,299 [pool-413-thread-1] INFO  server.RaftServerConfigKeys (ConfUtils.java:logGet(43)) - raft.server.log.segment.cache.num.max = 2 (custom)
2019-10-05 01:02:51,300 [pool-423-thread-1] INFO  server.RaftServerConfigKeys (ConfUtils.java:logGet(43)) - raft.server.log.statemachine.data.sync = true (default)
2019-10-05 01:02:51,299 [pool-433-thread-1] INFO  server.RaftServerConfigKeys (ConfUtils.java:logGet(43)) - raft.server.log.segment.cache.num.max = 2 (custom)
2019-10-05 01:02:51,300 [pool-423-thread-1] INFO  server.RaftServerConfigKeys (ConfUtils.java:logGet(43)) - raft.server.log.statemachine.data.sync.timeout = 10s (default)
2019-10-05 01:02:51,300 [pool-413-thread-1] INFO  segmented.SegmentedRaftLogWorker (SegmentedRaftLogWorker.java:<init>(173)) - new f1bbbd25-bf7d-4683-8047-894a5fb2e05c@group-6D6B4E813DCE-SegmentedRaftLogWorker for RaftStorage:Storage Directory /workdir/hadoop-ozone/integration-test/target/test-dir/MiniOzoneClusterImpl-2fc00425-f157-4b47-81a8-e6a9c5ebfcba/datanode-3/data/ratis/7dd0e52c-f024-4b5d-aaa2-6d6b4e813dce
2019-10-05 01:02:51,300 [pool-423-thread-1] INFO  server.RaftServerConfigKeys (ConfUtils.java:logGet(43)) - raft.server.log.statemachine.data.sync.timeout.retry = -1 (default)
2019-10-05 01:02:51,300 [pool-433-thread-1] INFO  segmented.SegmentedRaftLogWorker (SegmentedRaftLogWorker.java:<init>(173)) - new d4841264-9ebf-4a77-a743-3790cb747b27@group-6D6B4E813DCE-SegmentedRaftLogWorker for RaftStorage:Storage Directory /workdir/hadoop-ozone/integration-test/target/test-dir/MiniOzoneClusterImpl-2fc00425-f157-4b47-81a8-e6a9c5ebfcba/datanode-5/data/ratis/7dd0e52c-f024-4b5d-aaa2-6d6b4e813dce
2019-10-05 01:02:51,300 [pool-423-thread-1] INFO  server.RaftServerConfigKeys (ConfUtils.java:logGet(43)) - raft.server.log.statemachine.data.caching.enabled = true (custom)
2019-10-05 01:02:51,300 [pool-413-thread-1] INFO  server.RaftServerConfigKeys (ConfUtils.java:logGet(43)) - raft.server.log.queue.byte-limit = 2147483647 (custom)
2019-10-05 01:02:51,303 [pool-413-thread-1] INFO  server.RaftServerConfigKeys (ConfUtils.java:logGet(43)) - raft.server.log.queue.element-limit = 1024 (custom)
2019-10-05 01:02:51,301 [pool-433-thread-1] INFO  server.RaftServerConfigKeys (ConfUtils.java:logGet(43)) - raft.server.log.queue.byte-limit = 2147483647 (custom)
2019-10-05 01:02:51,303 [pool-423-thread-1] INFO  segmented.SegmentedRaftLogWorker (SegmentedRaftLogWorker.java:lambda$new$0(128)) - d5353d07-f879-43f5-916d-faa6d2011c47@group-6D6B4E813DCE-SegmentedRaftLogWorker: flushIndex: setUnconditionally 0 -> -1
2019-10-05 01:02:51,303 [pool-413-thread-1] INFO  server.RaftServerConfigKeys (ConfUtils.java:logGet(43)) - raft.server.log.segment.size.max = 1048576 (custom)
2019-10-05 01:02:51,304 [pool-423-thread-1] INFO  server.RaftServerConfigKeys (ConfUtils.java:logGet(43)) - raft.server.snapshot.auto.trigger.enabled = true (custom)
2019-10-05 01:02:51,303 [pool-433-thread-1] INFO  server.RaftServerConfigKeys (ConfUtils.java:logGet(43)) - raft.server.log.queue.element-limit = 1024 (custom)
2019-10-05 01:02:51,304 [pool-423-thread-1] INFO  server.RaftServerConfigKeys (ConfUtils.java:logGet(43)) - raft.server.snapshot.auto.trigger.threshold = 10000 (custom)
2019-10-05 01:02:51,304 [main] INFO  ozone.MiniOzoneClusterImpl (MiniOzoneClusterImpl.java:getStorageContainerLocationClient(234)) - Creating StorageContainerLocationProtocol RPC client with address /0.0.0.0:46295
2019-10-05 01:02:51,304 [pool-413-thread-1] INFO  server.RaftServerConfigKeys (ConfUtils.java:logGet(43)) - raft.server.log.preallocated.size = 16384 (custom)
2019-10-05 01:02:51,304 [pool-423-thread-1] INFO  server.RaftServerConfigKeys (ConfUtils.java:logGet(43)) - raft.server.snapshot.retention.file.num = 5 (custom)
2019-10-05 01:02:51,304 [pool-433-thread-1] INFO  server.RaftServerConfigKeys (ConfUtils.java:logGet(43)) - raft.server.log.segment.size.max = 1048576 (custom)
2019-10-05 01:02:51,305 [pool-423-thread-1] INFO  server.RaftServerConfigKeys (ConfUtils.java:logGet(43)) - raft.server.retrycache.expirytime = 600000ms (custom)
2019-10-05 01:02:51,304 [pool-413-thread-1] INFO  server.RaftServerConfigKeys (ConfUtils.java:logGet(43)) - raft.server.log.write.buffer.size = 33554432 (custom)
2019-10-05 01:02:51,305 [pool-433-thread-1] INFO  server.RaftServerConfigKeys (ConfUtils.java:logGet(43)) - raft.server.log.preallocated.size = 16384 (custom)
2019-10-05 01:02:51,305 [pool-413-thread-1] INFO  server.RaftServerConfigKeys (ConfUtils.java:logGet(43)) - raft.server.log.force.sync.num = 128 (default)
2019-10-05 01:02:51,305 [pool-433-thread-1] INFO  server.RaftServerConfigKeys (ConfUtils.java:logGet(43)) - raft.server.log.write.buffer.size = 33554432 (custom)
2019-10-05 01:02:51,305 [pool-413-thread-1] INFO  server.RaftServerConfigKeys (ConfUtils.java:logGet(43)) - raft.server.log.statemachine.data.sync = true (default)
2019-10-05 01:02:51,305 [pool-433-thread-1] INFO  server.RaftServerConfigKeys (ConfUtils.java:logGet(43)) - raft.server.log.force.sync.num = 128 (default)
2019-10-05 01:02:51,305 [pool-413-thread-1] INFO  server.RaftServerConfigKeys (ConfUtils.java:logGet(43)) - raft.server.log.statemachine.data.sync.timeout = 10s (default)
2019-10-05 01:02:51,306 [pool-433-thread-1] INFO  server.RaftServerConfigKeys (ConfUtils.java:logGet(43)) - raft.server.log.statemachine.data.sync = true (default)
2019-10-05 01:02:51,306 [pool-413-thread-1] INFO  server.RaftServerConfigKeys (ConfUtils.java:logGet(43)) - raft.server.log.statemachine.data.sync.timeout.retry = -1 (default)
2019-10-05 01:02:51,306 [pool-433-thread-1] INFO  server.RaftServerConfigKeys (ConfUtils.java:logGet(43)) - raft.server.log.statemachine.data.sync.timeout = 10s (default)
2019-10-05 01:02:51,306 [pool-423-thread-1] INFO  impl.RaftServerImpl (RaftServerImpl.java:start(181)) - d5353d07-f879-43f5-916d-faa6d2011c47@group-6D6B4E813DCE: start as a follower, conf=-1: [f1bbbd25-bf7d-4683-8047-894a5fb2e05c:192.168.151.100:33537, d4841264-9ebf-4a77-a743-3790cb747b27:192.168.151.100:34522, d5353d07-f879-43f5-916d-faa6d2011c47:192.168.151.100:45479], old=null
2019-10-05 01:02:51,306 [pool-413-thread-1] INFO  server.RaftServerConfigKeys (ConfUtils.java:logGet(43)) - raft.server.log.statemachine.data.caching.enabled = true (custom)
2019-10-05 01:02:51,306 [pool-423-thread-1] INFO  impl.RaftServerImpl (RaftServerImpl.java:setRole(170)) - d5353d07-f879-43f5-916d-faa6d2011c47@group-6D6B4E813DCE: changes role from      null to FOLLOWER at term 0 for startAsFollower
2019-10-05 01:02:51,306 [pool-433-thread-1] INFO  server.RaftServerConfigKeys (ConfUtils.java:logGet(43)) - raft.server.log.statemachine.data.sync.timeout.retry = -1 (default)
2019-10-05 01:02:51,306 [pool-423-thread-1] INFO  impl.RoleInfo (RoleInfo.java:updateAndGet(143)) - d5353d07-f879-43f5-916d-faa6d2011c47: start FollowerState
2019-10-05 01:02:51,307 [pool-433-thread-1] INFO  server.RaftServerConfigKeys (ConfUtils.java:logGet(43)) - raft.server.log.statemachine.data.caching.enabled = true (custom)
2019-10-05 01:02:51,307 [pool-423-thread-1] INFO  util.JmxRegister (JmxRegister.java:tryRegister(44)) - Successfully registered JMX Bean with object name Ratis:service=RaftServer,group=group-6D6B4E813DCE,id=d5353d07-f879-43f5-916d-faa6d2011c47
2019-10-05 01:02:51,306 [pool-413-thread-1] INFO  segmented.SegmentedRaftLogWorker (SegmentedRaftLogWorker.java:lambda$new$0(128)) - f1bbbd25-bf7d-4683-8047-894a5fb2e05c@group-6D6B4E813DCE-SegmentedRaftLogWorker: flushIndex: setUnconditionally 0 -> -1
2019-10-05 01:02:51,307 [pool-433-thread-1] INFO  segmented.SegmentedRaftLogWorker (SegmentedRaftLogWorker.java:lambda$new$0(128)) - d4841264-9ebf-4a77-a743-3790cb747b27@group-6D6B4E813DCE-SegmentedRaftLogWorker: flushIndex: setUnconditionally 0 -> -1
2019-10-05 01:02:51,307 [pool-413-thread-1] INFO  server.RaftServerConfigKeys (ConfUtils.java:logGet(43)) - raft.server.snapshot.auto.trigger.enabled = true (custom)
2019-10-05 01:02:51,307 [pool-413-thread-1] INFO  server.RaftServerConfigKeys (ConfUtils.java:logGet(43)) - raft.server.snapshot.auto.trigger.threshold = 10000 (custom)
2019-10-05 01:02:51,307 [pool-433-thread-1] INFO  server.RaftServerConfigKeys (ConfUtils.java:logGet(43)) - raft.server.snapshot.auto.trigger.enabled = true (custom)
2019-10-05 01:02:51,307 [pool-413-thread-1] INFO  server.RaftServerConfigKeys (ConfUtils.java:logGet(43)) - raft.server.snapshot.retention.file.num = 5 (custom)
2019-10-05 01:02:51,308 [pool-433-thread-1] INFO  server.RaftServerConfigKeys (ConfUtils.java:logGet(43)) - raft.server.snapshot.auto.trigger.threshold = 10000 (custom)
2019-10-05 01:02:51,308 [pool-413-thread-1] INFO  server.RaftServerConfigKeys (ConfUtils.java:logGet(43)) - raft.server.retrycache.expirytime = 600000ms (custom)
2019-10-05 01:02:51,308 [pool-433-thread-1] INFO  server.RaftServerConfigKeys (ConfUtils.java:logGet(43)) - raft.server.snapshot.retention.file.num = 5 (custom)
2019-10-05 01:02:51,308 [pool-433-thread-1] INFO  server.RaftServerConfigKeys (ConfUtils.java:logGet(43)) - raft.server.retrycache.expirytime = 600000ms (custom)
2019-10-05 01:02:51,310 [pool-413-thread-1] INFO  impl.RaftServerImpl (RaftServerImpl.java:start(181)) - f1bbbd25-bf7d-4683-8047-894a5fb2e05c@group-6D6B4E813DCE: start as a follower, conf=-1: [f1bbbd25-bf7d-4683-8047-894a5fb2e05c:192.168.151.100:33537, d4841264-9ebf-4a77-a743-3790cb747b27:192.168.151.100:34522, d5353d07-f879-43f5-916d-faa6d2011c47:192.168.151.100:45479], old=null
2019-10-05 01:02:51,310 [pool-413-thread-1] INFO  impl.RaftServerImpl (RaftServerImpl.java:setRole(170)) - f1bbbd25-bf7d-4683-8047-894a5fb2e05c@group-6D6B4E813DCE: changes role from      null to FOLLOWER at term 0 for startAsFollower
2019-10-05 01:02:51,310 [pool-413-thread-1] INFO  impl.RoleInfo (RoleInfo.java:updateAndGet(143)) - f1bbbd25-bf7d-4683-8047-894a5fb2e05c: start FollowerState
2019-10-05 01:02:51,310 [pool-413-thread-1] INFO  util.JmxRegister (JmxRegister.java:tryRegister(44)) - Successfully registered JMX Bean with object name Ratis:service=RaftServer,group=group-6D6B4E813DCE,id=f1bbbd25-bf7d-4683-8047-894a5fb2e05c
2019-10-05 01:02:51,311 [pool-433-thread-1] INFO  impl.RaftServerImpl (RaftServerImpl.java:start(181)) - d4841264-9ebf-4a77-a743-3790cb747b27@group-6D6B4E813DCE: start as a follower, conf=-1: [f1bbbd25-bf7d-4683-8047-894a5fb2e05c:192.168.151.100:33537, d4841264-9ebf-4a77-a743-3790cb747b27:192.168.151.100:34522, d5353d07-f879-43f5-916d-faa6d2011c47:192.168.151.100:45479], old=null
2019-10-05 01:02:51,311 [pool-433-thread-1] INFO  impl.RaftServerImpl (RaftServerImpl.java:setRole(170)) - d4841264-9ebf-4a77-a743-3790cb747b27@group-6D6B4E813DCE: changes role from      null to FOLLOWER at term 0 for startAsFollower
2019-10-05 01:02:51,311 [pool-433-thread-1] INFO  impl.RoleInfo (RoleInfo.java:updateAndGet(143)) - d4841264-9ebf-4a77-a743-3790cb747b27: start FollowerState
2019-10-05 01:02:51,311 [pool-433-thread-1] INFO  util.JmxRegister (JmxRegister.java:tryRegister(44)) - Successfully registered JMX Bean with object name Ratis:service=RaftServer,group=group-6D6B4E813DCE,id=d4841264-9ebf-4a77-a743-3790cb747b27
2019-10-05 01:02:51,315 [RatisPipelineUtilsThread] INFO  pipeline.PipelineStateManager (PipelineStateManager.java:addPipeline(56)) - Created pipeline Pipeline[ Id: 7dd0e52c-f024-4b5d-aaa2-6d6b4e813dce, Nodes: f1bbbd25-bf7d-4683-8047-894a5fb2e05c{ip: 192.168.151.100, host: pr-hdds-1986-gkmgr-421349047, networkLocation: /default-rack, certSerialId: null}d5353d07-f879-43f5-916d-faa6d2011c47{ip: 192.168.151.100, host: pr-hdds-1986-gkmgr-421349047, networkLocation: /default-rack, certSerialId: null}d4841264-9ebf-4a77-a743-3790cb747b27{ip: 192.168.151.100, host: pr-hdds-1986-gkmgr-421349047, networkLocation: /default-rack, certSerialId: null}, Type:RATIS, Factor:THREE, State:OPEN]
2019-10-05 01:02:52,992 [grpc-default-executor-5] WARN  server.GrpcLogAppender (LogUtils.java:warn(134)) - 612cac7f-adbd-4c9f-8295-c8fcc0a93bfe@group-3476BD9B3912->2f18de2d-e164-4d9c-9938-7123010b2f40-AppendLogResponseHandler: Failed appendEntries: org.apache.ratis.thirdparty.io.grpc.StatusRuntimeException: UNAVAILABLE: io exception
2019-10-05 01:02:52,992 [grpc-default-executor-7] WARN  server.GrpcLogAppender (LogUtils.java:warn(134)) - 612cac7f-adbd-4c9f-8295-c8fcc0a93bfe@group-3476BD9B3912->d80a136d-1766-4220-8826-4519ccdfc503-AppendLogResponseHandler: Failed appendEntries: org.apache.ratis.thirdparty.io.grpc.StatusRuntimeException: UNAVAILABLE: io exception
2019-10-05 01:02:52,992 [grpc-default-executor-5] INFO  impl.FollowerInfo (FollowerInfo.java:lambda$new$0(51)) - 612cac7f-adbd-4c9f-8295-c8fcc0a93bfe@group-3476BD9B3912->2f18de2d-e164-4d9c-9938-7123010b2f40: nextIndex: updateUnconditionally 0 -> 0
2019-10-05 01:02:52,993 [grpc-default-executor-7] INFO  impl.FollowerInfo (FollowerInfo.java:lambda$new$0(51)) - 612cac7f-adbd-4c9f-8295-c8fcc0a93bfe@group-3476BD9B3912->d80a136d-1766-4220-8826-4519ccdfc503: nextIndex: updateUnconditionally 0 -> 0
2019-10-05 01:02:53,735 [Thread-2290] INFO  container.ReplicationManager (ReplicationManager.java:start(162)) - Starting Replication Monitor Thread.
2019-10-05 01:02:53,740 [ReplicationMonitor] INFO  container.ReplicationManager (ReplicationManager.java:run(225)) - Replication Monitor Thread took 1 milliseconds for processing 1 containers.
2019-10-05 01:02:55,491 [grpc-default-executor-5] WARN  server.GrpcLogAppender (LogUtils.java:warn(134)) - 612cac7f-adbd-4c9f-8295-c8fcc0a93bfe@group-3476BD9B3912->d80a136d-1766-4220-8826-4519ccdfc503-AppendLogResponseHandler: Failed appendEntries: org.apache.ratis.thirdparty.io.grpc.StatusRuntimeException: UNAVAILABLE: io exception
2019-10-05 01:02:55,491 [grpc-default-executor-3] WARN  server.GrpcLogAppender (LogUtils.java:warn(134)) - 612cac7f-adbd-4c9f-8295-c8fcc0a93bfe@group-3476BD9B3912->2f18de2d-e164-4d9c-9938-7123010b2f40-AppendLogResponseHandler: Failed appendEntries: org.apache.ratis.thirdparty.io.grpc.StatusRuntimeException: UNAVAILABLE: io exception
2019-10-05 01:02:55,492 [grpc-default-executor-5] INFO  impl.FollowerInfo (FollowerInfo.java:lambda$new$0(51)) - 612cac7f-adbd-4c9f-8295-c8fcc0a93bfe@group-3476BD9B3912->d80a136d-1766-4220-8826-4519ccdfc503: nextIndex: updateUnconditionally 0 -> 0
2019-10-05 01:02:55,492 [grpc-default-executor-3] INFO  impl.FollowerInfo (FollowerInfo.java:lambda$new$0(51)) - 612cac7f-adbd-4c9f-8295-c8fcc0a93bfe@group-3476BD9B3912->2f18de2d-e164-4d9c-9938-7123010b2f40: nextIndex: updateUnconditionally 0 -> 0
2019-10-05 01:02:55,823 [Thread-2292] INFO  impl.FollowerState (FollowerState.java:run(108)) - 1d0662d9-8520-4eb5-8502-d81a6660ecca@group-EFE67D5B2BA6-FollowerState: change to CANDIDATE, lastRpcTime:5043ms, electionTimeout:5043ms
2019-10-05 01:02:55,823 [Thread-2292] INFO  impl.RoleInfo (RoleInfo.java:shutdownFollowerState(121)) - 1d0662d9-8520-4eb5-8502-d81a6660ecca: shutdown FollowerState
2019-10-05 01:02:55,823 [Thread-2292] INFO  impl.RaftServerImpl (RaftServerImpl.java:setRole(170)) - 1d0662d9-8520-4eb5-8502-d81a6660ecca@group-EFE67D5B2BA6: changes role from  FOLLOWER to CANDIDATE at term 0 for changeToCandidate
2019-10-05 01:02:55,823 [Thread-2292] INFO  impl.RoleInfo (RoleInfo.java:updateAndGet(143)) - 1d0662d9-8520-4eb5-8502-d81a6660ecca: start LeaderElection
2019-10-05 01:02:55,855 [1d0662d9-8520-4eb5-8502-d81a6660ecca@group-EFE67D5B2BA6-LeaderElection56] INFO  impl.LeaderElection (LeaderElection.java:askForVotes(178)) - 1d0662d9-8520-4eb5-8502-d81a6660ecca@group-EFE67D5B2BA6-LeaderElection56: begin an election at term 1 for -1: [1d0662d9-8520-4eb5-8502-d81a6660ecca:192.168.151.100:34212], old=null
2019-10-05 01:02:55,855 [1d0662d9-8520-4eb5-8502-d81a6660ecca@group-EFE67D5B2BA6-LeaderElection56] INFO  impl.RoleInfo (RoleInfo.java:shutdownLeaderElection(134)) - 1d0662d9-8520-4eb5-8502-d81a6660ecca: shutdown LeaderElection
2019-10-05 01:02:55,855 [1d0662d9-8520-4eb5-8502-d81a6660ecca@group-EFE67D5B2BA6-LeaderElection56] INFO  impl.RaftServerImpl (RaftServerImpl.java:setRole(170)) - 1d0662d9-8520-4eb5-8502-d81a6660ecca@group-EFE67D5B2BA6: changes role from CANDIDATE to LEADER at term 1 for changeToLeader
2019-10-05 01:02:55,855 [1d0662d9-8520-4eb5-8502-d81a6660ecca@group-EFE67D5B2BA6-LeaderElection56] INFO  impl.RaftServerImpl (ServerState.java:setLeader(255)) - 1d0662d9-8520-4eb5-8502-d81a6660ecca@group-EFE67D5B2BA6: change Leader from null to 1d0662d9-8520-4eb5-8502-d81a6660ecca at term 1 for becomeLeader, leader elected after 5083ms
2019-10-05 01:02:55,855 [1d0662d9-8520-4eb5-8502-d81a6660ecca@group-EFE67D5B2BA6-LeaderElection56] INFO  server.RaftServerConfigKeys (ConfUtils.java:logGet(43)) - raft.server.staging.catchup.gap = 1000 (default)
2019-10-05 01:02:55,856 [1d0662d9-8520-4eb5-8502-d81a6660ecca@group-EFE67D5B2BA6-LeaderElection56] INFO  server.RaftServerConfigKeys (ConfUtils.java:logGet(43)) - raft.server.rpc.sleep.time = 25ms (default)
2019-10-05 01:02:55,856 [1d0662d9-8520-4eb5-8502-d81a6660ecca@group-EFE67D5B2BA6-LeaderElection56] INFO  server.RaftServerConfigKeys (ConfUtils.java:logGet(43)) - raft.server.write.element-limit = 4096 (default)
2019-10-05 01:02:55,856 [1d0662d9-8520-4eb5-8502-d81a6660ecca@group-EFE67D5B2BA6-LeaderElection56] INFO  server.RaftServerConfigKeys (ConfUtils.java:logGet(43)) - raft.server.watch.timeout = 10s (default)
2019-10-05 01:02:55,856 [1d0662d9-8520-4eb5-8502-d81a6660ecca@group-EFE67D5B2BA6-LeaderElection56] INFO  server.RaftServerConfigKeys (ConfUtils.java:logGet(43)) - raft.server.watch.timeout.denomination = 1s (default)
2019-10-05 01:02:55,856 [1d0662d9-8520-4eb5-8502-d81a6660ecca@group-EFE67D5B2BA6-LeaderElection56] INFO  server.RaftServerConfigKeys (ConfUtils.java:logGet(43)) - raft.server.watch.element-limit = 65536 (default)
2019-10-05 01:02:55,860 [1d0662d9-8520-4eb5-8502-d81a6660ecca@group-EFE67D5B2BA6-LeaderElection56] INFO  impl.RoleInfo (RoleInfo.java:updateAndGet(143)) - 1d0662d9-8520-4eb5-8502-d81a6660ecca: start LeaderState
2019-10-05 01:02:55,860 [1d0662d9-8520-4eb5-8502-d81a6660ecca@group-EFE67D5B2BA6-LeaderElection56] INFO  segmented.SegmentedRaftLogWorker (SegmentedRaftLogWorker.java:startLogSegment(385)) - 1d0662d9-8520-4eb5-8502-d81a6660ecca@group-EFE67D5B2BA6-SegmentedRaftLogWorker: Starting segment from index:0
2019-10-05 01:02:55,861 [1d0662d9-8520-4eb5-8502-d81a6660ecca@group-EFE67D5B2BA6-LeaderElection56] INFO  impl.RaftServerImpl (ServerState.java:setRaftConf(356)) - 1d0662d9-8520-4eb5-8502-d81a6660ecca@group-EFE67D5B2BA6: set configuration 0: [1d0662d9-8520-4eb5-8502-d81a6660ecca:192.168.151.100:34212], old=null at 0
2019-10-05 01:02:55,895 [1d0662d9-8520-4eb5-8502-d81a6660ecca@group-EFE67D5B2BA6-SegmentedRaftLogWorker] INFO  segmented.SegmentedRaftLogWorker (SegmentedRaftLogWorker.java:execute(574)) - 1d0662d9-8520-4eb5-8502-d81a6660ecca@group-EFE67D5B2BA6-SegmentedRaftLogWorker: created new log segment /workdir/hadoop-ozone/integration-test/target/test-dir/MiniOzoneClusterImpl-2fc00425-f157-4b47-81a8-e6a9c5ebfcba/datanode-0/data/ratis/a06ec07f-5230-4591-9b20-efe67d5b2ba6/current/log_inprogress_0
2019-10-05 01:02:56,036 [Thread-2295] INFO  impl.FollowerState (FollowerState.java:run(108)) - d9b50fba-2bef-4b93-a78b-5015b1735ffb@group-1C8203129DAF-FollowerState: change to CANDIDATE, lastRpcTime:5193ms, electionTimeout:5193ms
2019-10-05 01:02:56,036 [Thread-2295] INFO  impl.RoleInfo (RoleInfo.java:shutdownFollowerState(121)) - d9b50fba-2bef-4b93-a78b-5015b1735ffb: shutdown FollowerState
2019-10-05 01:02:56,036 [Thread-2295] INFO  impl.RaftServerImpl (RaftServerImpl.java:setRole(170)) - d9b50fba-2bef-4b93-a78b-5015b1735ffb@group-1C8203129DAF: changes role from  FOLLOWER to CANDIDATE at term 0 for changeToCandidate
2019-10-05 01:02:56,036 [Thread-2295] INFO  impl.RoleInfo (RoleInfo.java:updateAndGet(143)) - d9b50fba-2bef-4b93-a78b-5015b1735ffb: start LeaderElection
2019-10-05 01:02:56,056 [Thread-2354] INFO  client.GrpcClientProtocolService (GrpcClientProtocolService.java:lambda$processClientRequest$0(278)) - Failed RaftClientRequest:client-537F98AB942F->612cac7f-adbd-4c9f-8295-c8fcc0a93bfe@group-3476BD9B3912, cid=67, seq=0, Watch-MAJORITY_COMMITTED(19), Message:<EMPTY>, reply=RaftClientReply:client-537F98AB942F->612cac7f-adbd-4c9f-8295-c8fcc0a93bfe@group-3476BD9B3912, cid=67, FAILED org.apache.ratis.protocol.NotReplicatedException: Request with call Id 67 and log index 19 is not yet replicated to MAJORITY_COMMITTED, logIndex=19, commits[612cac7f-adbd-4c9f-8295-c8fcc0a93bfe:c2, d80a136d-1766-4220-8826-4519ccdfc503:c2, 2f18de2d-e164-4d9c-9938-7123010b2f40:c2]
2019-10-05 01:02:56,056 [Thread-2355] INFO  client.GrpcClientProtocolService (GrpcClientProtocolService.java:lambda$processClientRequest$0(278)) - Failed RaftClientRequest:client-537F98AB942F->612cac7f-adbd-4c9f-8295-c8fcc0a93bfe@group-3476BD9B3912, cid=66, seq=0, Watch-ALL_COMMITTED(19), Message:<EMPTY>, reply=RaftClientReply:client-537F98AB942F->612cac7f-adbd-4c9f-8295-c8fcc0a93bfe@group-3476BD9B3912, cid=66, FAILED org.apache.ratis.protocol.NotReplicatedException: Request with call Id 66 and log index 19 is not yet replicated to ALL_COMMITTED, logIndex=19, commits[612cac7f-adbd-4c9f-8295-c8fcc0a93bfe:c2, d80a136d-1766-4220-8826-4519ccdfc503:c2, 2f18de2d-e164-4d9c-9938-7123010b2f40:c2]
2019-10-05 01:02:56,073 [Thread-2298] INFO  impl.FollowerState (FollowerState.java:run(108)) - facad076-2f4e-4e5b-ab7e-ee8b3409c6e5@group-577091E948B2-FollowerState: change to CANDIDATE, lastRpcTime:5145ms, electionTimeout:5144ms
2019-10-05 01:02:56,073 [Thread-2298] INFO  impl.RoleInfo (RoleInfo.java:shutdownFollowerState(121)) - facad076-2f4e-4e5b-ab7e-ee8b3409c6e5: shutdown FollowerState
2019-10-05 01:02:56,073 [d9b50fba-2bef-4b93-a78b-5015b1735ffb@group-1C8203129DAF-LeaderElection57] INFO  impl.LeaderElection (LeaderElection.java:askForVotes(178)) - d9b50fba-2bef-4b93-a78b-5015b1735ffb@group-1C8203129DAF-LeaderElection57: begin an election at term 1 for -1: [d9b50fba-2bef-4b93-a78b-5015b1735ffb:192.168.151.100:37851], old=null
2019-10-05 01:02:56,074 [Thread-2298] INFO  impl.RaftServerImpl (RaftServerImpl.java:setRole(170)) - facad076-2f4e-4e5b-ab7e-ee8b3409c6e5@group-577091E948B2: changes role from  FOLLOWER to CANDIDATE at term 0 for changeToCandidate
2019-10-05 01:02:56,074 [d9b50fba-2bef-4b93-a78b-5015b1735ffb@group-1C8203129DAF-LeaderElection57] INFO  impl.RoleInfo (RoleInfo.java:shutdownLeaderElection(134)) - d9b50fba-2bef-4b93-a78b-5015b1735ffb: shutdown LeaderElection
2019-10-05 01:02:56,074 [Thread-2298] INFO  impl.RoleInfo (RoleInfo.java:updateAndGet(143)) - facad076-2f4e-4e5b-ab7e-ee8b3409c6e5: start LeaderElection
2019-10-05 01:02:56,074 [d9b50fba-2bef-4b93-a78b-5015b1735ffb@group-1C8203129DAF-LeaderElection57] INFO  impl.RaftServerImpl (RaftServerImpl.java:setRole(170)) - d9b50fba-2bef-4b93-a78b-5015b1735ffb@group-1C8203129DAF: changes role from CANDIDATE to LEADER at term 1 for changeToLeader
2019-10-05 01:02:56,074 [d9b50fba-2bef-4b93-a78b-5015b1735ffb@group-1C8203129DAF-LeaderElection57] INFO  impl.RaftServerImpl (ServerState.java:setLeader(255)) - d9b50fba-2bef-4b93-a78b-5015b1735ffb@group-1C8203129DAF: change Leader from null to d9b50fba-2bef-4b93-a78b-5015b1735ffb at term 1 for becomeLeader, leader elected after 5237ms
2019-10-05 01:02:56,081 [d9b50fba-2bef-4b93-a78b-5015b1735ffb@group-1C8203129DAF-LeaderElection57] INFO  server.RaftServerConfigKeys (ConfUtils.java:logGet(43)) - raft.server.staging.catchup.gap = 1000 (default)
2019-10-05 01:02:56,082 [d9b50fba-2bef-4b93-a78b-5015b1735ffb@group-1C8203129DAF-LeaderElection57] INFO  server.RaftServerConfigKeys (ConfUtils.java:logGet(43)) - raft.server.rpc.sleep.time = 25ms (default)
2019-10-05 01:02:56,082 [d9b50fba-2bef-4b93-a78b-5015b1735ffb@group-1C8203129DAF-LeaderElection57] INFO  server.RaftServerConfigKeys (ConfUtils.java:logGet(43)) - raft.server.write.element-limit = 4096 (default)
2019-10-05 01:02:56,082 [d9b50fba-2bef-4b93-a78b-5015b1735ffb@group-1C8203129DAF-LeaderElection57] INFO  server.RaftServerConfigKeys (ConfUtils.java:logGet(43)) - raft.server.watch.timeout = 10s (default)
2019-10-05 01:02:56,082 [d9b50fba-2bef-4b93-a78b-5015b1735ffb@group-1C8203129DAF-LeaderElection57] INFO  server.RaftServerConfigKeys (ConfUtils.java:logGet(43)) - raft.server.watch.timeout.denomination = 1s (default)
2019-10-05 01:02:56,082 [d9b50fba-2bef-4b93-a78b-5015b1735ffb@group-1C8203129DAF-LeaderElection57] INFO  server.RaftServerConfigKeys (ConfUtils.java:logGet(43)) - raft.server.watch.element-limit = 65536 (default)
2019-10-05 01:02:56,084 [d9b50fba-2bef-4b93-a78b-5015b1735ffb@group-1C8203129DAF-LeaderElection57] INFO  impl.RoleInfo (RoleInfo.java:updateAndGet(143)) - d9b50fba-2bef-4b93-a78b-5015b1735ffb: start LeaderState
2019-10-05 01:02:56,085 [d9b50fba-2bef-4b93-a78b-5015b1735ffb@group-1C8203129DAF-LeaderElection57] INFO  segmented.SegmentedRaftLogWorker (SegmentedRaftLogWorker.java:startLogSegment(385)) - d9b50fba-2bef-4b93-a78b-5015b1735ffb@group-1C8203129DAF-SegmentedRaftLogWorker: Starting segment from index:0
2019-10-05 01:02:56,085 [d9b50fba-2bef-4b93-a78b-5015b1735ffb@group-1C8203129DAF-LeaderElection57] INFO  impl.RaftServerImpl (ServerState.java:setRaftConf(356)) - d9b50fba-2bef-4b93-a78b-5015b1735ffb@group-1C8203129DAF: set configuration 0: [d9b50fba-2bef-4b93-a78b-5015b1735ffb:192.168.151.100:37851], old=null at 0
2019-10-05 01:02:56,094 [facad076-2f4e-4e5b-ab7e-ee8b3409c6e5@group-577091E948B2-LeaderElection58] INFO  impl.LeaderElection (LeaderElection.java:askForVotes(178)) - facad076-2f4e-4e5b-ab7e-ee8b3409c6e5@group-577091E948B2-LeaderElection58: begin an election at term 1 for -1: [facad076-2f4e-4e5b-ab7e-ee8b3409c6e5:192.168.151.100:34559], old=null
2019-10-05 01:02:56,094 [facad076-2f4e-4e5b-ab7e-ee8b3409c6e5@group-577091E948B2-LeaderElection58] INFO  impl.RoleInfo (RoleInfo.java:shutdownLeaderElection(134)) - facad076-2f4e-4e5b-ab7e-ee8b3409c6e5: shutdown LeaderElection
2019-10-05 01:02:56,094 [facad076-2f4e-4e5b-ab7e-ee8b3409c6e5@group-577091E948B2-LeaderElection58] INFO  impl.RaftServerImpl (RaftServerImpl.java:setRole(170)) - facad076-2f4e-4e5b-ab7e-ee8b3409c6e5@group-577091E948B2: changes role from CANDIDATE to LEADER at term 1 for changeToLeader
2019-10-05 01:02:56,094 [facad076-2f4e-4e5b-ab7e-ee8b3409c6e5@group-577091E948B2-LeaderElection58] INFO  impl.RaftServerImpl (ServerState.java:setLeader(255)) - facad076-2f4e-4e5b-ab7e-ee8b3409c6e5@group-577091E948B2: change Leader from null to facad076-2f4e-4e5b-ab7e-ee8b3409c6e5 at term 1 for becomeLeader, leader elected after 5171ms
2019-10-05 01:02:56,094 [facad076-2f4e-4e5b-ab7e-ee8b3409c6e5@group-577091E948B2-LeaderElection58] INFO  server.RaftServerConfigKeys (ConfUtils.java:logGet(43)) - raft.server.staging.catchup.gap = 1000 (default)
2019-10-05 01:02:56,094 [facad076-2f4e-4e5b-ab7e-ee8b3409c6e5@group-577091E948B2-LeaderElection58] INFO  server.RaftServerConfigKeys (ConfUtils.java:logGet(43)) - raft.server.rpc.sleep.time = 25ms (default)
2019-10-05 01:02:56,095 [facad076-2f4e-4e5b-ab7e-ee8b3409c6e5@group-577091E948B2-LeaderElection58] INFO  server.RaftServerConfigKeys (ConfUtils.java:logGet(43)) - raft.server.write.element-limit = 4096 (default)
2019-10-05 01:02:56,095 [facad076-2f4e-4e5b-ab7e-ee8b3409c6e5@group-577091E948B2-LeaderElection58] INFO  server.RaftServerConfigKeys (ConfUtils.java:logGet(43)) - raft.server.watch.timeout = 10s (default)
2019-10-05 01:02:56,095 [facad076-2f4e-4e5b-ab7e-ee8b3409c6e5@group-577091E948B2-LeaderElection58] INFO  server.RaftServerConfigKeys (ConfUtils.java:logGet(43)) - raft.server.watch.timeout.denomination = 1s (default)
2019-10-05 01:02:56,095 [facad076-2f4e-4e5b-ab7e-ee8b3409c6e5@group-577091E948B2-LeaderElection58] INFO  server.RaftServerConfigKeys (ConfUtils.java:logGet(43)) - raft.server.watch.element-limit = 65536 (default)
2019-10-05 01:02:56,096 [facad076-2f4e-4e5b-ab7e-ee8b3409c6e5@group-577091E948B2-LeaderElection58] INFO  impl.RoleInfo (RoleInfo.java:updateAndGet(143)) - facad076-2f4e-4e5b-ab7e-ee8b3409c6e5: start LeaderState
2019-10-05 01:02:56,096 [facad076-2f4e-4e5b-ab7e-ee8b3409c6e5@group-577091E948B2-LeaderElection58] INFO  segmented.SegmentedRaftLogWorker (SegmentedRaftLogWorker.java:startLogSegment(385)) - facad076-2f4e-4e5b-ab7e-ee8b3409c6e5@group-577091E948B2-SegmentedRaftLogWorker: Starting segment from index:0
2019-10-05 01:02:56,097 [facad076-2f4e-4e5b-ab7e-ee8b3409c6e5@group-577091E948B2-LeaderElection58] INFO  impl.RaftServerImpl (ServerState.java:setRaftConf(356)) - facad076-2f4e-4e5b-ab7e-ee8b3409c6e5@group-577091E948B2: set configuration 0: [facad076-2f4e-4e5b-ab7e-ee8b3409c6e5:192.168.151.100:34559], old=null at 0
2019-10-05 01:02:56,134 [facad076-2f4e-4e5b-ab7e-ee8b3409c6e5@group-577091E948B2-SegmentedRaftLogWorker] INFO  segmented.SegmentedRaftLogWorker (SegmentedRaftLogWorker.java:execute(574)) - facad076-2f4e-4e5b-ab7e-ee8b3409c6e5@group-577091E948B2-SegmentedRaftLogWorker: created new log segment /workdir/hadoop-ozone/integration-test/target/test-dir/MiniOzoneClusterImpl-2fc00425-f157-4b47-81a8-e6a9c5ebfcba/datanode-2/data/ratis/d5cc6c4e-0357-4d62-b99f-577091e948b2/current/log_inprogress_0
2019-10-05 01:02:56,134 [d9b50fba-2bef-4b93-a78b-5015b1735ffb@group-1C8203129DAF-SegmentedRaftLogWorker] INFO  segmented.SegmentedRaftLogWorker (SegmentedRaftLogWorker.java:execute(574)) - d9b50fba-2bef-4b93-a78b-5015b1735ffb@group-1C8203129DAF-SegmentedRaftLogWorker: created new log segment /workdir/hadoop-ozone/integration-test/target/test-dir/MiniOzoneClusterImpl-2fc00425-f157-4b47-81a8-e6a9c5ebfcba/datanode-1/data/ratis/8d5e6a9b-23cb-436e-b6a7-1c8203129daf/current/log_inprogress_0
2019-10-05 01:02:56,148 [Thread-2301] INFO  impl.FollowerState (FollowerState.java:run(108)) - facad076-2f4e-4e5b-ab7e-ee8b3409c6e5@group-38A2567B3057-FollowerState: change to CANDIDATE, lastRpcTime:5163ms, electionTimeout:5163ms
2019-10-05 01:02:56,148 [Thread-2301] INFO  impl.RoleInfo (RoleInfo.java:shutdownFollowerState(121)) - facad076-2f4e-4e5b-ab7e-ee8b3409c6e5: shutdown FollowerState
2019-10-05 01:02:56,149 [Thread-2301] INFO  impl.RaftServerImpl (RaftServerImpl.java:setRole(170)) - facad076-2f4e-4e5b-ab7e-ee8b3409c6e5@group-38A2567B3057: changes role from  FOLLOWER to CANDIDATE at term 0 for changeToCandidate
2019-10-05 01:02:56,149 [Thread-2301] INFO  impl.RoleInfo (RoleInfo.java:updateAndGet(143)) - facad076-2f4e-4e5b-ab7e-ee8b3409c6e5: start LeaderElection
2019-10-05 01:02:56,156 [Thread-2305] INFO  impl.FollowerState (FollowerState.java:run(108)) - d9b50fba-2bef-4b93-a78b-5015b1735ffb@group-38A2567B3057-FollowerState: change to CANDIDATE, lastRpcTime:5167ms, electionTimeout:5167ms
2019-10-05 01:02:56,156 [Thread-2305] INFO  impl.RoleInfo (RoleInfo.java:shutdownFollowerState(121)) - d9b50fba-2bef-4b93-a78b-5015b1735ffb: shutdown FollowerState
2019-10-05 01:02:56,156 [Thread-2305] INFO  impl.RaftServerImpl (RaftServerImpl.java:setRole(170)) - d9b50fba-2bef-4b93-a78b-5015b1735ffb@group-38A2567B3057: changes role from  FOLLOWER to CANDIDATE at term 0 for changeToCandidate
2019-10-05 01:02:56,156 [Thread-2305] INFO  impl.RoleInfo (RoleInfo.java:updateAndGet(143)) - d9b50fba-2bef-4b93-a78b-5015b1735ffb: start LeaderElection
2019-10-05 01:02:56,159 [Thread-2306] INFO  impl.FollowerState (FollowerState.java:run(108)) - 1d0662d9-8520-4eb5-8502-d81a6660ecca@group-38A2567B3057-FollowerState: change to CANDIDATE, lastRpcTime:5169ms, electionTimeout:5168ms
2019-10-05 01:02:56,161 [facad076-2f4e-4e5b-ab7e-ee8b3409c6e5@group-38A2567B3057-LeaderElection59] INFO  impl.LeaderElection (LeaderElection.java:askForVotes(178)) - facad076-2f4e-4e5b-ab7e-ee8b3409c6e5@group-38A2567B3057-LeaderElection59: begin an election at term 1 for -1: [d9b50fba-2bef-4b93-a78b-5015b1735ffb:192.168.151.100:37851, facad076-2f4e-4e5b-ab7e-ee8b3409c6e5:192.168.151.100:34559, 1d0662d9-8520-4eb5-8502-d81a6660ecca:192.168.151.100:34212], old=null
2019-10-05 01:02:56,162 [Thread-2306] INFO  impl.RoleInfo (RoleInfo.java:shutdownFollowerState(121)) - 1d0662d9-8520-4eb5-8502-d81a6660ecca: shutdown FollowerState
2019-10-05 01:02:56,162 [Thread-2306] INFO  impl.RaftServerImpl (RaftServerImpl.java:setRole(170)) - 1d0662d9-8520-4eb5-8502-d81a6660ecca@group-38A2567B3057: changes role from  FOLLOWER to CANDIDATE at term 0 for changeToCandidate
2019-10-05 01:02:56,162 [Thread-2306] INFO  impl.RoleInfo (RoleInfo.java:updateAndGet(143)) - 1d0662d9-8520-4eb5-8502-d81a6660ecca: start LeaderElection
2019-10-05 01:02:56,176 [d9b50fba-2bef-4b93-a78b-5015b1735ffb@group-38A2567B3057-LeaderElection60] INFO  impl.LeaderElection (LeaderElection.java:askForVotes(178)) - d9b50fba-2bef-4b93-a78b-5015b1735ffb@group-38A2567B3057-LeaderElection60: begin an election at term 1 for -1: [d9b50fba-2bef-4b93-a78b-5015b1735ffb:192.168.151.100:37851, facad076-2f4e-4e5b-ab7e-ee8b3409c6e5:192.168.151.100:34559, 1d0662d9-8520-4eb5-8502-d81a6660ecca:192.168.151.100:34212], old=null
2019-10-05 01:02:56,176 [1d0662d9-8520-4eb5-8502-d81a6660ecca@group-38A2567B3057-LeaderElection61] INFO  impl.LeaderElection (LeaderElection.java:askForVotes(178)) - 1d0662d9-8520-4eb5-8502-d81a6660ecca@group-38A2567B3057-LeaderElection61: begin an election at term 1 for -1: [d9b50fba-2bef-4b93-a78b-5015b1735ffb:192.168.151.100:37851, facad076-2f4e-4e5b-ab7e-ee8b3409c6e5:192.168.151.100:34559, 1d0662d9-8520-4eb5-8502-d81a6660ecca:192.168.151.100:34212], old=null
2019-10-05 01:02:56,177 [facad076-2f4e-4e5b-ab7e-ee8b3409c6e5@group-38A2567B3057-LeaderElection59] INFO  impl.LeaderElection (LeaderElection.java:logAndReturn(56)) - facad076-2f4e-4e5b-ab7e-ee8b3409c6e5@group-38A2567B3057-LeaderElection59: Election REJECTED; received 2 response(s) [facad076-2f4e-4e5b-ab7e-ee8b3409c6e5<-d9b50fba-2bef-4b93-a78b-5015b1735ffb#0:FAIL-t1, facad076-2f4e-4e5b-ab7e-ee8b3409c6e5<-1d0662d9-8520-4eb5-8502-d81a6660ecca#0:FAIL-t1] and 0 exception(s); facad076-2f4e-4e5b-ab7e-ee8b3409c6e5@group-38A2567B3057:t1, leader=null, voted=facad076-2f4e-4e5b-ab7e-ee8b3409c6e5, raftlog=facad076-2f4e-4e5b-ab7e-ee8b3409c6e5@group-38A2567B3057-SegmentedRaftLog:OPENED:c-1,f-1,i0, conf=-1: [d9b50fba-2bef-4b93-a78b-5015b1735ffb:192.168.151.100:37851, facad076-2f4e-4e5b-ab7e-ee8b3409c6e5:192.168.151.100:34559, 1d0662d9-8520-4eb5-8502-d81a6660ecca:192.168.151.100:34212], old=null
2019-10-05 01:02:56,177 [facad076-2f4e-4e5b-ab7e-ee8b3409c6e5@group-38A2567B3057-LeaderElection59] INFO  impl.RaftServerImpl (RaftServerImpl.java:setRole(170)) - facad076-2f4e-4e5b-ab7e-ee8b3409c6e5@group-38A2567B3057: changes role from CANDIDATE to FOLLOWER at term 1 for DISCOVERED_A_NEW_TERM
2019-10-05 01:02:56,177 [facad076-2f4e-4e5b-ab7e-ee8b3409c6e5@group-38A2567B3057-LeaderElection59] INFO  impl.RoleInfo (RoleInfo.java:shutdownLeaderElection(134)) - facad076-2f4e-4e5b-ab7e-ee8b3409c6e5: shutdown LeaderElection
2019-10-05 01:02:56,177 [facad076-2f4e-4e5b-ab7e-ee8b3409c6e5@group-38A2567B3057-LeaderElection59] INFO  impl.RoleInfo (RoleInfo.java:updateAndGet(143)) - facad076-2f4e-4e5b-ab7e-ee8b3409c6e5: start FollowerState
2019-10-05 01:02:56,180 [d9b50fba-2bef-4b93-a78b-5015b1735ffb@group-38A2567B3057-LeaderElection60] INFO  impl.LeaderElection (LeaderElection.java:logAndReturn(56)) - d9b50fba-2bef-4b93-a78b-5015b1735ffb@group-38A2567B3057-LeaderElection60: Election REJECTED; received 2 response(s) [d9b50fba-2bef-4b93-a78b-5015b1735ffb<-facad076-2f4e-4e5b-ab7e-ee8b3409c6e5#0:FAIL-t1, d9b50fba-2bef-4b93-a78b-5015b1735ffb<-1d0662d9-8520-4eb5-8502-d81a6660ecca#0:FAIL-t1] and 0 exception(s); d9b50fba-2bef-4b93-a78b-5015b1735ffb@group-38A2567B3057:t1, leader=null, voted=d9b50fba-2bef-4b93-a78b-5015b1735ffb, raftlog=d9b50fba-2bef-4b93-a78b-5015b1735ffb@group-38A2567B3057-SegmentedRaftLog:OPENED:c-1,f-1,i0, conf=-1: [d9b50fba-2bef-4b93-a78b-5015b1735ffb:192.168.151.100:37851, facad076-2f4e-4e5b-ab7e-ee8b3409c6e5:192.168.151.100:34559, 1d0662d9-8520-4eb5-8502-d81a6660ecca:192.168.151.100:34212], old=null
2019-10-05 01:02:56,180 [d9b50fba-2bef-4b93-a78b-5015b1735ffb@group-38A2567B3057-LeaderElection60] INFO  impl.RaftServerImpl (RaftServerImpl.java:setRole(170)) - d9b50fba-2bef-4b93-a78b-5015b1735ffb@group-38A2567B3057: changes role from CANDIDATE to FOLLOWER at term 1 for DISCOVERED_A_NEW_TERM
2019-10-05 01:02:56,180 [1d0662d9-8520-4eb5-8502-d81a6660ecca@group-38A2567B3057-LeaderElection61] INFO  impl.LeaderElection (LeaderElection.java:logAndReturn(56)) - 1d0662d9-8520-4eb5-8502-d81a6660ecca@group-38A2567B3057-LeaderElection61: Election REJECTED; received 2 response(s) [1d0662d9-8520-4eb5-8502-d81a6660ecca<-d9b50fba-2bef-4b93-a78b-5015b1735ffb#0:FAIL-t1, 1d0662d9-8520-4eb5-8502-d81a6660ecca<-facad076-2f4e-4e5b-ab7e-ee8b3409c6e5#0:FAIL-t1] and 0 exception(s); 1d0662d9-8520-4eb5-8502-d81a6660ecca@group-38A2567B3057:t1, leader=null, voted=1d0662d9-8520-4eb5-8502-d81a6660ecca, raftlog=1d0662d9-8520-4eb5-8502-d81a6660ecca@group-38A2567B3057-SegmentedRaftLog:OPENED:c-1,f-1,i0, conf=-1: [d9b50fba-2bef-4b93-a78b-5015b1735ffb:192.168.151.100:37851, facad076-2f4e-4e5b-ab7e-ee8b3409c6e5:192.168.151.100:34559, 1d0662d9-8520-4eb5-8502-d81a6660ecca:192.168.151.100:34212], old=null
2019-10-05 01:02:56,181 [d9b50fba-2bef-4b93-a78b-5015b1735ffb@group-38A2567B3057-LeaderElection60] INFO  impl.RoleInfo (RoleInfo.java:shutdownLeaderElection(134)) - d9b50fba-2bef-4b93-a78b-5015b1735ffb: shutdown LeaderElection
2019-10-05 01:02:56,181 [1d0662d9-8520-4eb5-8502-d81a6660ecca@group-38A2567B3057-LeaderElection61] INFO  impl.RaftServerImpl (RaftServerImpl.java:setRole(170)) - 1d0662d9-8520-4eb5-8502-d81a6660ecca@group-38A2567B3057: changes role from CANDIDATE to FOLLOWER at term 1 for DISCOVERED_A_NEW_TERM
2019-10-05 01:02:56,181 [d9b50fba-2bef-4b93-a78b-5015b1735ffb@group-38A2567B3057-LeaderElection60] INFO  impl.RoleInfo (RoleInfo.java:updateAndGet(143)) - d9b50fba-2bef-4b93-a78b-5015b1735ffb: start FollowerState
2019-10-05 01:02:56,181 [1d0662d9-8520-4eb5-8502-d81a6660ecca@group-38A2567B3057-LeaderElection61] INFO  impl.RoleInfo (RoleInfo.java:shutdownLeaderElection(134)) - 1d0662d9-8520-4eb5-8502-d81a6660ecca: shutdown LeaderElection
2019-10-05 01:02:56,181 [1d0662d9-8520-4eb5-8502-d81a6660ecca@group-38A2567B3057-LeaderElection61] INFO  impl.RoleInfo (RoleInfo.java:updateAndGet(143)) - 1d0662d9-8520-4eb5-8502-d81a6660ecca: start FollowerState
2019-10-05 01:02:56,219 [Thread-2316] INFO  impl.FollowerState (FollowerState.java:run(108)) - d4841264-9ebf-4a77-a743-3790cb747b27@group-53AF2075F2C4-FollowerState: change to CANDIDATE, lastRpcTime:5003ms, electionTimeout:5003ms
2019-10-05 01:02:56,219 [Thread-2316] INFO  impl.RoleInfo (RoleInfo.java:shutdownFollowerState(121)) - d4841264-9ebf-4a77-a743-3790cb747b27: shutdown FollowerState
2019-10-05 01:02:56,219 [Thread-2316] INFO  impl.RaftServerImpl (RaftServerImpl.java:setRole(170)) - d4841264-9ebf-4a77-a743-3790cb747b27@group-53AF2075F2C4: changes role from  FOLLOWER to CANDIDATE at term 0 for changeToCandidate
2019-10-05 01:02:56,219 [Thread-2316] INFO  impl.RoleInfo (RoleInfo.java:updateAndGet(143)) - d4841264-9ebf-4a77-a743-3790cb747b27: start LeaderElection
2019-10-05 01:02:56,240 [d4841264-9ebf-4a77-a743-3790cb747b27@group-53AF2075F2C4-LeaderElection62] INFO  impl.LeaderElection (LeaderElection.java:askForVotes(178)) - d4841264-9ebf-4a77-a743-3790cb747b27@group-53AF2075F2C4-LeaderElection62: begin an election at term 1 for -1: [d4841264-9ebf-4a77-a743-3790cb747b27:192.168.151.100:34522], old=null
2019-10-05 01:02:56,240 [d4841264-9ebf-4a77-a743-3790cb747b27@group-53AF2075F2C4-LeaderElection62] INFO  impl.RoleInfo (RoleInfo.java:shutdownLeaderElection(134)) - d4841264-9ebf-4a77-a743-3790cb747b27: shutdown LeaderElection
2019-10-05 01:02:56,240 [d4841264-9ebf-4a77-a743-3790cb747b27@group-53AF2075F2C4-LeaderElection62] INFO  impl.RaftServerImpl (RaftServerImpl.java:setRole(170)) - d4841264-9ebf-4a77-a743-3790cb747b27@group-53AF2075F2C4: changes role from CANDIDATE to LEADER at term 1 for changeToLeader
2019-10-05 01:02:56,240 [d4841264-9ebf-4a77-a743-3790cb747b27@group-53AF2075F2C4-LeaderElection62] INFO  impl.RaftServerImpl (ServerState.java:setLeader(255)) - d4841264-9ebf-4a77-a743-3790cb747b27@group-53AF2075F2C4: change Leader from null to d4841264-9ebf-4a77-a743-3790cb747b27 at term 1 for becomeLeader, leader elected after 5029ms
2019-10-05 01:02:56,240 [d4841264-9ebf-4a77-a743-3790cb747b27@group-53AF2075F2C4-LeaderElection62] INFO  server.RaftServerConfigKeys (ConfUtils.java:logGet(43)) - raft.server.staging.catchup.gap = 1000 (default)
2019-10-05 01:02:56,240 [d4841264-9ebf-4a77-a743-3790cb747b27@group-53AF2075F2C4-LeaderElection62] INFO  server.RaftServerConfigKeys (ConfUtils.java:logGet(43)) - raft.server.rpc.sleep.time = 25ms (default)
2019-10-05 01:02:56,240 [d4841264-9ebf-4a77-a743-3790cb747b27@group-53AF2075F2C4-LeaderElection62] INFO  server.RaftServerConfigKeys (ConfUtils.java:logGet(43)) - raft.server.write.element-limit = 4096 (default)
2019-10-05 01:02:56,241 [d4841264-9ebf-4a77-a743-3790cb747b27@group-53AF2075F2C4-LeaderElection62] INFO  server.RaftServerConfigKeys (ConfUtils.java:logGet(43)) - raft.server.watch.timeout = 10s (default)
2019-10-05 01:02:56,241 [d4841264-9ebf-4a77-a743-3790cb747b27@group-53AF2075F2C4-LeaderElection62] INFO  server.RaftServerConfigKeys (ConfUtils.java:logGet(43)) - raft.server.watch.timeout.denomination = 1s (default)
2019-10-05 01:02:56,241 [d4841264-9ebf-4a77-a743-3790cb747b27@group-53AF2075F2C4-LeaderElection62] INFO  server.RaftServerConfigKeys (ConfUtils.java:logGet(43)) - raft.server.watch.element-limit = 65536 (default)
2019-10-05 01:02:56,242 [d4841264-9ebf-4a77-a743-3790cb747b27@group-53AF2075F2C4-LeaderElection62] INFO  impl.RoleInfo (RoleInfo.java:updateAndGet(143)) - d4841264-9ebf-4a77-a743-3790cb747b27: start LeaderState
2019-10-05 01:02:56,242 [d4841264-9ebf-4a77-a743-3790cb747b27@group-53AF2075F2C4-LeaderElection62] INFO  segmented.SegmentedRaftLogWorker (SegmentedRaftLogWorker.java:startLogSegment(385)) - d4841264-9ebf-4a77-a743-3790cb747b27@group-53AF2075F2C4-SegmentedRaftLogWorker: Starting segment from index:0
2019-10-05 01:02:56,242 [d4841264-9ebf-4a77-a743-3790cb747b27@group-53AF2075F2C4-LeaderElection62] INFO  impl.RaftServerImpl (ServerState.java:setRaftConf(356)) - d4841264-9ebf-4a77-a743-3790cb747b27@group-53AF2075F2C4: set configuration 0: [d4841264-9ebf-4a77-a743-3790cb747b27:192.168.151.100:34522], old=null at 0
2019-10-05 01:02:56,266 [Thread-2310] INFO  impl.FollowerState (FollowerState.java:run(108)) - f1bbbd25-bf7d-4683-8047-894a5fb2e05c@group-B6BEFFA64D13-FollowerState: change to CANDIDATE, lastRpcTime:5142ms, electionTimeout:5142ms
2019-10-05 01:02:56,266 [Thread-2310] INFO  impl.RoleInfo (RoleInfo.java:shutdownFollowerState(121)) - f1bbbd25-bf7d-4683-8047-894a5fb2e05c: shutdown FollowerState
2019-10-05 01:02:56,266 [Thread-2310] INFO  impl.RaftServerImpl (RaftServerImpl.java:setRole(170)) - f1bbbd25-bf7d-4683-8047-894a5fb2e05c@group-B6BEFFA64D13: changes role from  FOLLOWER to CANDIDATE at term 0 for changeToCandidate
2019-10-05 01:02:56,266 [Thread-2310] INFO  impl.RoleInfo (RoleInfo.java:updateAndGet(143)) - f1bbbd25-bf7d-4683-8047-894a5fb2e05c: start LeaderElection
2019-10-05 01:02:56,286 [Thread-2313] INFO  impl.FollowerState (FollowerState.java:run(108)) - d5353d07-f879-43f5-916d-faa6d2011c47@group-BC1981298A41-FollowerState: change to CANDIDATE, lastRpcTime:5115ms, electionTimeout:5115ms
2019-10-05 01:02:56,286 [Thread-2313] INFO  impl.RoleInfo (RoleInfo.java:shutdownFollowerState(121)) - d5353d07-f879-43f5-916d-faa6d2011c47: shutdown FollowerState
2019-10-05 01:02:56,286 [Thread-2313] INFO  impl.RaftServerImpl (RaftServerImpl.java:setRole(170)) - d5353d07-f879-43f5-916d-faa6d2011c47@group-BC1981298A41: changes role from  FOLLOWER to CANDIDATE at term 0 for changeToCandidate
2019-10-05 01:02:56,286 [Thread-2313] INFO  impl.RoleInfo (RoleInfo.java:updateAndGet(143)) - d5353d07-f879-43f5-916d-faa6d2011c47: start LeaderElection
2019-10-05 01:02:56,301 [d4841264-9ebf-4a77-a743-3790cb747b27@group-53AF2075F2C4-SegmentedRaftLogWorker] INFO  segmented.SegmentedRaftLogWorker (SegmentedRaftLogWorker.java:execute(574)) - d4841264-9ebf-4a77-a743-3790cb747b27@group-53AF2075F2C4-SegmentedRaftLogWorker: created new log segment /workdir/hadoop-ozone/integration-test/target/test-dir/MiniOzoneClusterImpl-2fc00425-f157-4b47-81a8-e6a9c5ebfcba/datanode-5/data/ratis/f3be95ae-8bbc-4f2d-b21b-53af2075f2c4/current/log_inprogress_0
2019-10-05 01:02:56,301 [f1bbbd25-bf7d-4683-8047-894a5fb2e05c@group-B6BEFFA64D13-LeaderElection63] INFO  impl.LeaderElection (LeaderElection.java:askForVotes(178)) - f1bbbd25-bf7d-4683-8047-894a5fb2e05c@group-B6BEFFA64D13-LeaderElection63: begin an election at term 1 for -1: [f1bbbd25-bf7d-4683-8047-894a5fb2e05c:192.168.151.100:33537], old=null
2019-10-05 01:02:56,301 [f1bbbd25-bf7d-4683-8047-894a5fb2e05c@group-B6BEFFA64D13-LeaderElection63] INFO  impl.RoleInfo (RoleInfo.java:shutdownLeaderElection(134)) - f1bbbd25-bf7d-4683-8047-894a5fb2e05c: shutdown LeaderElection
2019-10-05 01:02:56,301 [f1bbbd25-bf7d-4683-8047-894a5fb2e05c@group-B6BEFFA64D13-LeaderElection63] INFO  impl.RaftServerImpl (RaftServerImpl.java:setRole(170)) - f1bbbd25-bf7d-4683-8047-894a5fb2e05c@group-B6BEFFA64D13: changes role from CANDIDATE to LEADER at term 1 for changeToLeader
2019-10-05 01:02:56,302 [f1bbbd25-bf7d-4683-8047-894a5fb2e05c@group-B6BEFFA64D13-LeaderElection63] INFO  impl.RaftServerImpl (ServerState.java:setLeader(255)) - f1bbbd25-bf7d-4683-8047-894a5fb2e05c@group-B6BEFFA64D13: change Leader from null to f1bbbd25-bf7d-4683-8047-894a5fb2e05c at term 1 for becomeLeader, leader elected after 5185ms
2019-10-05 01:02:56,302 [f1bbbd25-bf7d-4683-8047-894a5fb2e05c@group-B6BEFFA64D13-LeaderElection63] INFO  server.RaftServerConfigKeys (ConfUtils.java:logGet(43)) - raft.server.staging.catchup.gap = 1000 (default)
2019-10-05 01:02:56,302 [f1bbbd25-bf7d-4683-8047-894a5fb2e05c@group-B6BEFFA64D13-LeaderElection63] INFO  server.RaftServerConfigKeys (ConfUtils.java:logGet(43)) - raft.server.rpc.sleep.time = 25ms (default)
2019-10-05 01:02:56,302 [f1bbbd25-bf7d-4683-8047-894a5fb2e05c@group-B6BEFFA64D13-LeaderElection63] INFO  server.RaftServerConfigKeys (ConfUtils.java:logGet(43)) - raft.server.write.element-limit = 4096 (default)
2019-10-05 01:02:56,302 [f1bbbd25-bf7d-4683-8047-894a5fb2e05c@group-B6BEFFA64D13-LeaderElection63] INFO  server.RaftServerConfigKeys (ConfUtils.java:logGet(43)) - raft.server.watch.timeout = 10s (default)
2019-10-05 01:02:56,303 [f1bbbd25-bf7d-4683-8047-894a5fb2e05c@group-B6BEFFA64D13-LeaderElection63] INFO  server.RaftServerConfigKeys (ConfUtils.java:logGet(43)) - raft.server.watch.timeout.denomination = 1s (default)
2019-10-05 01:02:56,303 [f1bbbd25-bf7d-4683-8047-894a5fb2e05c@group-B6BEFFA64D13-LeaderElection63] INFO  server.RaftServerConfigKeys (ConfUtils.java:logGet(43)) - raft.server.watch.element-limit = 65536 (default)
2019-10-05 01:02:56,304 [d5353d07-f879-43f5-916d-faa6d2011c47@group-BC1981298A41-LeaderElection64] INFO  impl.LeaderElection (LeaderElection.java:askForVotes(178)) - d5353d07-f879-43f5-916d-faa6d2011c47@group-BC1981298A41-LeaderElection64: begin an election at term 1 for -1: [d5353d07-f879-43f5-916d-faa6d2011c47:192.168.151.100:45479], old=null
2019-10-05 01:02:56,304 [d5353d07-f879-43f5-916d-faa6d2011c47@group-BC1981298A41-LeaderElection64] INFO  impl.RoleInfo (RoleInfo.java:shutdownLeaderElection(134)) - d5353d07-f879-43f5-916d-faa6d2011c47: shutdown LeaderElection
2019-10-05 01:02:56,304 [d5353d07-f879-43f5-916d-faa6d2011c47@group-BC1981298A41-LeaderElection64] INFO  impl.RaftServerImpl (RaftServerImpl.java:setRole(170)) - d5353d07-f879-43f5-916d-faa6d2011c47@group-BC1981298A41: changes role from CANDIDATE to LEADER at term 1 for changeToLeader
2019-10-05 01:02:56,304 [d5353d07-f879-43f5-916d-faa6d2011c47@group-BC1981298A41-LeaderElection64] INFO  impl.RaftServerImpl (ServerState.java:setLeader(255)) - d5353d07-f879-43f5-916d-faa6d2011c47@group-BC1981298A41: change Leader from null to d5353d07-f879-43f5-916d-faa6d2011c47 at term 1 for becomeLeader, leader elected after 5140ms
2019-10-05 01:02:56,304 [d5353d07-f879-43f5-916d-faa6d2011c47@group-BC1981298A41-LeaderElection64] INFO  server.RaftServerConfigKeys (ConfUtils.java:logGet(43)) - raft.server.staging.catchup.gap = 1000 (default)
2019-10-05 01:02:56,304 [d5353d07-f879-43f5-916d-faa6d2011c47@group-BC1981298A41-LeaderElection64] INFO  server.RaftServerConfigKeys (ConfUtils.java:logGet(43)) - raft.server.rpc.sleep.time = 25ms (default)
2019-10-05 01:02:56,304 [d5353d07-f879-43f5-916d-faa6d2011c47@group-BC1981298A41-LeaderElection64] INFO  server.RaftServerConfigKeys (ConfUtils.java:logGet(43)) - raft.server.write.element-limit = 4096 (default)
2019-10-05 01:02:56,305 [d5353d07-f879-43f5-916d-faa6d2011c47@group-BC1981298A41-LeaderElection64] INFO  server.RaftServerConfigKeys (ConfUtils.java:logGet(43)) - raft.server.watch.timeout = 10s (default)
2019-10-05 01:02:56,305 [f1bbbd25-bf7d-4683-8047-894a5fb2e05c@group-B6BEFFA64D13-LeaderElection63] INFO  impl.RoleInfo (RoleInfo.java:updateAndGet(143)) - f1bbbd25-bf7d-4683-8047-894a5fb2e05c: start LeaderState
2019-10-05 01:02:56,305 [d5353d07-f879-43f5-916d-faa6d2011c47@group-BC1981298A41-LeaderElection64] INFO  server.RaftServerConfigKeys (ConfUtils.java:logGet(43)) - raft.server.watch.timeout.denomination = 1s (default)
2019-10-05 01:02:56,305 [d5353d07-f879-43f5-916d-faa6d2011c47@group-BC1981298A41-LeaderElection64] INFO  server.RaftServerConfigKeys (ConfUtils.java:logGet(43)) - raft.server.watch.element-limit = 65536 (default)
2019-10-05 01:02:56,305 [f1bbbd25-bf7d-4683-8047-894a5fb2e05c@group-B6BEFFA64D13-LeaderElection63] INFO  segmented.SegmentedRaftLogWorker (SegmentedRaftLogWorker.java:startLogSegment(385)) - f1bbbd25-bf7d-4683-8047-894a5fb2e05c@group-B6BEFFA64D13-SegmentedRaftLogWorker: Starting segment from index:0
2019-10-05 01:02:56,305 [f1bbbd25-bf7d-4683-8047-894a5fb2e05c@group-B6BEFFA64D13-LeaderElection63] INFO  impl.RaftServerImpl (ServerState.java:setRaftConf(356)) - f1bbbd25-bf7d-4683-8047-894a5fb2e05c@group-B6BEFFA64D13: set configuration 0: [f1bbbd25-bf7d-4683-8047-894a5fb2e05c:192.168.151.100:33537], old=null at 0
2019-10-05 01:02:56,306 [d5353d07-f879-43f5-916d-faa6d2011c47@group-BC1981298A41-LeaderElection64] INFO  impl.RoleInfo (RoleInfo.java:updateAndGet(143)) - d5353d07-f879-43f5-916d-faa6d2011c47: start LeaderState
2019-10-05 01:02:56,306 [d5353d07-f879-43f5-916d-faa6d2011c47@group-BC1981298A41-LeaderElection64] INFO  segmented.SegmentedRaftLogWorker (SegmentedRaftLogWorker.java:startLogSegment(385)) - d5353d07-f879-43f5-916d-faa6d2011c47@group-BC1981298A41-SegmentedRaftLogWorker: Starting segment from index:0
2019-10-05 01:02:56,307 [d5353d07-f879-43f5-916d-faa6d2011c47@group-BC1981298A41-LeaderElection64] INFO  impl.RaftServerImpl (ServerState.java:setRaftConf(356)) - d5353d07-f879-43f5-916d-faa6d2011c47@group-BC1981298A41: set configuration 0: [d5353d07-f879-43f5-916d-faa6d2011c47:192.168.151.100:45479], old=null at 0
2019-10-05 01:02:56,324 [Thread-2326] INFO  impl.FollowerState (FollowerState.java:run(108)) - d4841264-9ebf-4a77-a743-3790cb747b27@group-6D6B4E813DCE-FollowerState: change to CANDIDATE, lastRpcTime:5012ms, electionTimeout:5012ms
2019-10-05 01:02:56,324 [Thread-2326] INFO  impl.RoleInfo (RoleInfo.java:shutdownFollowerState(121)) - d4841264-9ebf-4a77-a743-3790cb747b27: shutdown FollowerState
2019-10-05 01:02:56,324 [Thread-2326] INFO  impl.RaftServerImpl (RaftServerImpl.java:setRole(170)) - d4841264-9ebf-4a77-a743-3790cb747b27@group-6D6B4E813DCE: changes role from  FOLLOWER to CANDIDATE at term 0 for changeToCandidate
2019-10-05 01:02:56,324 [Thread-2326] INFO  impl.RoleInfo (RoleInfo.java:updateAndGet(143)) - d4841264-9ebf-4a77-a743-3790cb747b27: start LeaderElection
2019-10-05 01:02:56,357 [f1bbbd25-bf7d-4683-8047-894a5fb2e05c@group-B6BEFFA64D13-SegmentedRaftLogWorker] INFO  segmented.SegmentedRaftLogWorker (SegmentedRaftLogWorker.java:execute(574)) - f1bbbd25-bf7d-4683-8047-894a5fb2e05c@group-B6BEFFA64D13-SegmentedRaftLogWorker: created new log segment /workdir/hadoop-ozone/integration-test/target/test-dir/MiniOzoneClusterImpl-2fc00425-f157-4b47-81a8-e6a9c5ebfcba/datanode-3/data/ratis/48e83b23-f50f-4e60-86e0-b6beffa64d13/current/log_inprogress_0
2019-10-05 01:02:56,357 [d4841264-9ebf-4a77-a743-3790cb747b27@group-6D6B4E813DCE-LeaderElection65] INFO  impl.LeaderElection (LeaderElection.java:askForVotes(178)) - d4841264-9ebf-4a77-a743-3790cb747b27@group-6D6B4E813DCE-LeaderElection65: begin an election at term 1 for -1: [f1bbbd25-bf7d-4683-8047-894a5fb2e05c:192.168.151.100:33537, d4841264-9ebf-4a77-a743-3790cb747b27:192.168.151.100:34522, d5353d07-f879-43f5-916d-faa6d2011c47:192.168.151.100:45479], old=null
2019-10-05 01:02:56,357 [d5353d07-f879-43f5-916d-faa6d2011c47@group-BC1981298A41-SegmentedRaftLogWorker] INFO  segmented.SegmentedRaftLogWorker (SegmentedRaftLogWorker.java:execute(574)) - d5353d07-f879-43f5-916d-faa6d2011c47@group-BC1981298A41-SegmentedRaftLogWorker: created new log segment /workdir/hadoop-ozone/integration-test/target/test-dir/MiniOzoneClusterImpl-2fc00425-f157-4b47-81a8-e6a9c5ebfcba/datanode-4/data/ratis/3ed681a1-13ee-4a6e-8c9f-bc1981298a41/current/log_inprogress_0
2019-10-05 01:02:56,366 [grpc-default-executor-2] INFO  impl.RaftServerImpl (RaftServerImpl.java:setRole(170)) - d5353d07-f879-43f5-916d-faa6d2011c47@group-6D6B4E813DCE: changes role from  FOLLOWER to FOLLOWER at term 1 for recognizeCandidate:d4841264-9ebf-4a77-a743-3790cb747b27
2019-10-05 01:02:56,368 [grpc-default-executor-5] INFO  impl.RaftServerImpl (RaftServerImpl.java:setRole(170)) - f1bbbd25-bf7d-4683-8047-894a5fb2e05c@group-6D6B4E813DCE: changes role from  FOLLOWER to FOLLOWER at term 1 for recognizeCandidate:d4841264-9ebf-4a77-a743-3790cb747b27
2019-10-05 01:02:56,368 [grpc-default-executor-2] INFO  impl.RoleInfo (RoleInfo.java:shutdownFollowerState(121)) - d5353d07-f879-43f5-916d-faa6d2011c47: shutdown FollowerState
2019-10-05 01:02:56,368 [grpc-default-executor-5] INFO  impl.RoleInfo (RoleInfo.java:shutdownFollowerState(121)) - f1bbbd25-bf7d-4683-8047-894a5fb2e05c: shutdown FollowerState
2019-10-05 01:02:56,368 [grpc-default-executor-2] INFO  impl.RoleInfo (RoleInfo.java:updateAndGet(143)) - d5353d07-f879-43f5-916d-faa6d2011c47: start FollowerState
2019-10-05 01:02:56,368 [Thread-2325] INFO  impl.FollowerState (FollowerState.java:run(117)) - f1bbbd25-bf7d-4683-8047-894a5fb2e05c@group-6D6B4E813DCE-FollowerState was interrupted: java.lang.InterruptedException: sleep interrupted
2019-10-05 01:02:56,368 [Thread-2321] INFO  impl.FollowerState (FollowerState.java:run(117)) - d5353d07-f879-43f5-916d-faa6d2011c47@group-6D6B4E813DCE-FollowerState was interrupted: java.lang.InterruptedException: sleep interrupted
2019-10-05 01:02:56,368 [grpc-default-executor-5] INFO  impl.RoleInfo (RoleInfo.java:updateAndGet(143)) - f1bbbd25-bf7d-4683-8047-894a5fb2e05c: start FollowerState
2019-10-05 01:02:56,387 [d4841264-9ebf-4a77-a743-3790cb747b27@group-6D6B4E813DCE-LeaderElection65] INFO  impl.LeaderElection (LeaderElection.java:logAndReturn(56)) - d4841264-9ebf-4a77-a743-3790cb747b27@group-6D6B4E813DCE-LeaderElection65: Election PASSED; received 1 response(s) [d4841264-9ebf-4a77-a743-3790cb747b27<-f1bbbd25-bf7d-4683-8047-894a5fb2e05c#0:OK-t1] and 0 exception(s); d4841264-9ebf-4a77-a743-3790cb747b27@group-6D6B4E813DCE:t1, leader=null, voted=d4841264-9ebf-4a77-a743-3790cb747b27, raftlog=d4841264-9ebf-4a77-a743-3790cb747b27@group-6D6B4E813DCE-SegmentedRaftLog:OPENED:c-1,f-1,i0, conf=-1: [f1bbbd25-bf7d-4683-8047-894a5fb2e05c:192.168.151.100:33537, d4841264-9ebf-4a77-a743-3790cb747b27:192.168.151.100:34522, d5353d07-f879-43f5-916d-faa6d2011c47:192.168.151.100:45479], old=null
2019-10-05 01:02:56,387 [d4841264-9ebf-4a77-a743-3790cb747b27@group-6D6B4E813DCE-LeaderElection65] INFO  impl.RoleInfo (RoleInfo.java:shutdownLeaderElection(134)) - d4841264-9ebf-4a77-a743-3790cb747b27: shutdown LeaderElection
2019-10-05 01:02:56,387 [d4841264-9ebf-4a77-a743-3790cb747b27@group-6D6B4E813DCE-LeaderElection65] INFO  impl.RaftServerImpl (RaftServerImpl.java:setRole(170)) - d4841264-9ebf-4a77-a743-3790cb747b27@group-6D6B4E813DCE: changes role from CANDIDATE to LEADER at term 1 for changeToLeader
2019-10-05 01:02:56,387 [d4841264-9ebf-4a77-a743-3790cb747b27@group-6D6B4E813DCE-LeaderElection65] INFO  impl.RaftServerImpl (ServerState.java:setLeader(255)) - d4841264-9ebf-4a77-a743-3790cb747b27@group-6D6B4E813DCE: change Leader from null to d4841264-9ebf-4a77-a743-3790cb747b27 at term 1 for becomeLeader, leader elected after 5102ms
2019-10-05 01:02:56,387 [d4841264-9ebf-4a77-a743-3790cb747b27@group-6D6B4E813DCE-LeaderElection65] INFO  server.RaftServerConfigKeys (ConfUtils.java:logGet(43)) - raft.server.staging.catchup.gap = 1000 (default)
2019-10-05 01:02:56,388 [d4841264-9ebf-4a77-a743-3790cb747b27@group-6D6B4E813DCE-LeaderElection65] INFO  server.RaftServerConfigKeys (ConfUtils.java:logGet(43)) - raft.server.rpc.sleep.time = 25ms (default)
2019-10-05 01:02:56,388 [d4841264-9ebf-4a77-a743-3790cb747b27@group-6D6B4E813DCE-LeaderElection65] INFO  server.RaftServerConfigKeys (ConfUtils.java:logGet(43)) - raft.server.write.element-limit = 4096 (default)
2019-10-05 01:02:56,388 [d4841264-9ebf-4a77-a743-3790cb747b27@group-6D6B4E813DCE-LeaderElection65] INFO  server.RaftServerConfigKeys (ConfUtils.java:logGet(43)) - raft.server.watch.timeout = 10s (default)
2019-10-05 01:02:56,388 [d4841264-9ebf-4a77-a743-3790cb747b27@group-6D6B4E813DCE-LeaderElection65] INFO  server.RaftServerConfigKeys (ConfUtils.java:logGet(43)) - raft.server.watch.timeout.denomination = 1s (default)
2019-10-05 01:02:56,388 [d4841264-9ebf-4a77-a743-3790cb747b27@group-6D6B4E813DCE-LeaderElection65] INFO  server.RaftServerConfigKeys (ConfUtils.java:logGet(43)) - raft.server.watch.element-limit = 65536 (default)
2019-10-05 01:02:56,389 [d4841264-9ebf-4a77-a743-3790cb747b27@group-6D6B4E813DCE-LeaderElection65] INFO  server.RaftServerConfigKeys (ConfUtils.java:logGet(43)) - raft.server.log.appender.snapshot.chunk.size.max = 16MB (=16777216) (default)
2019-10-05 01:02:56,390 [d4841264-9ebf-4a77-a743-3790cb747b27@group-6D6B4E813DCE-LeaderElection65] INFO  server.RaftServerConfigKeys (ConfUtils.java:logGet(43)) - raft.server.log.appender.buffer.byte-limit = 33554432 (custom)
2019-10-05 01:02:56,390 [d4841264-9ebf-4a77-a743-3790cb747b27@group-6D6B4E813DCE-LeaderElection65] INFO  server.RaftServerConfigKeys (ConfUtils.java:logGet(43)) - raft.server.log.appender.buffer.element-limit = 1 (custom)
2019-10-05 01:02:56,390 [d4841264-9ebf-4a77-a743-3790cb747b27@group-6D6B4E813DCE-LeaderElection65] INFO  grpc.GrpcConfigKeys$Server (ConfUtils.java:logGet(43)) - raft.grpc.server.leader.outstanding.appends.max = 128 (default)
2019-10-05 01:02:56,390 [d4841264-9ebf-4a77-a743-3790cb747b27@group-6D6B4E813DCE-LeaderElection65] INFO  server.RaftServerConfigKeys (ConfUtils.java:logGet(43)) - raft.server.rpc.request.timeout = 3000ms (default)
2019-10-05 01:02:56,390 [d4841264-9ebf-4a77-a743-3790cb747b27@group-6D6B4E813DCE-LeaderElection65] INFO  server.RaftServerConfigKeys (ConfUtils.java:logGet(43)) - raft.server.log.appender.install.snapshot.enabled = false (custom)
2019-10-05 01:02:56,390 [d4841264-9ebf-4a77-a743-3790cb747b27@group-6D6B4E813DCE-LeaderElection65] INFO  server.RaftServerConfigKeys (ConfUtils.java:logGet(43)) - raft.server.log.appender.snapshot.chunk.size.max = 16MB (=16777216) (default)
2019-10-05 01:02:56,391 [d4841264-9ebf-4a77-a743-3790cb747b27@group-6D6B4E813DCE-LeaderElection65] INFO  server.RaftServerConfigKeys (ConfUtils.java:logGet(43)) - raft.server.log.appender.buffer.byte-limit = 33554432 (custom)
2019-10-05 01:02:56,391 [d4841264-9ebf-4a77-a743-3790cb747b27@group-6D6B4E813DCE-LeaderElection65] INFO  server.RaftServerConfigKeys (ConfUtils.java:logGet(43)) - raft.server.log.appender.buffer.element-limit = 1 (custom)
2019-10-05 01:02:56,391 [d4841264-9ebf-4a77-a743-3790cb747b27@group-6D6B4E813DCE-LeaderElection65] INFO  grpc.GrpcConfigKeys$Server (ConfUtils.java:logGet(43)) - raft.grpc.server.leader.outstanding.appends.max = 128 (default)
2019-10-05 01:02:56,391 [d4841264-9ebf-4a77-a743-3790cb747b27@group-6D6B4E813DCE-LeaderElection65] INFO  server.RaftServerConfigKeys (ConfUtils.java:logGet(43)) - raft.server.rpc.request.timeout = 3000ms (default)
2019-10-05 01:02:56,391 [d4841264-9ebf-4a77-a743-3790cb747b27@group-6D6B4E813DCE-LeaderElection65] INFO  server.RaftServerConfigKeys (ConfUtils.java:logGet(43)) - raft.server.log.appender.install.snapshot.enabled = false (custom)
2019-10-05 01:02:56,391 [d4841264-9ebf-4a77-a743-3790cb747b27@group-6D6B4E813DCE-LeaderElection65] INFO  impl.RoleInfo (RoleInfo.java:updateAndGet(143)) - d4841264-9ebf-4a77-a743-3790cb747b27: start LeaderState
2019-10-05 01:02:56,391 [d4841264-9ebf-4a77-a743-3790cb747b27@group-6D6B4E813DCE-LeaderElection65] INFO  segmented.SegmentedRaftLogWorker (SegmentedRaftLogWorker.java:startLogSegment(385)) - d4841264-9ebf-4a77-a743-3790cb747b27@group-6D6B4E813DCE-SegmentedRaftLogWorker: Starting segment from index:0
2019-10-05 01:02:56,392 [d4841264-9ebf-4a77-a743-3790cb747b27@group-6D6B4E813DCE-LeaderElection65] INFO  impl.RaftServerImpl (ServerState.java:setRaftConf(356)) - d4841264-9ebf-4a77-a743-3790cb747b27@group-6D6B4E813DCE: set configuration 0: [f1bbbd25-bf7d-4683-8047-894a5fb2e05c:192.168.151.100:33537, d4841264-9ebf-4a77-a743-3790cb747b27:192.168.151.100:34522, d5353d07-f879-43f5-916d-faa6d2011c47:192.168.151.100:45479], old=null at 0
2019-10-05 01:02:56,393 [grpc-default-executor-5] INFO  impl.RaftServerImpl (ServerState.java:setLeader(255)) - f1bbbd25-bf7d-4683-8047-894a5fb2e05c@group-6D6B4E813DCE: change Leader from null to d4841264-9ebf-4a77-a743-3790cb747b27 at term 1 for appendEntries, leader elected after 5111ms
2019-10-05 01:02:56,393 [grpc-default-executor-2] INFO  impl.RaftServerImpl (ServerState.java:setLeader(255)) - d5353d07-f879-43f5-916d-faa6d2011c47@group-6D6B4E813DCE: change Leader from null to d4841264-9ebf-4a77-a743-3790cb747b27 at term 1 for appendEntries, leader elected after 5111ms
2019-10-05 01:02:56,422 [grpc-default-executor-7] INFO  impl.RaftServerImpl (ServerState.java:setRaftConf(356)) - d5353d07-f879-43f5-916d-faa6d2011c47@group-6D6B4E813DCE: set configuration 0: [f1bbbd25-bf7d-4683-8047-894a5fb2e05c:192.168.151.100:33537, d4841264-9ebf-4a77-a743-3790cb747b27:192.168.151.100:34522, d5353d07-f879-43f5-916d-faa6d2011c47:192.168.151.100:45479], old=null at 0
2019-10-05 01:02:56,422 [grpc-default-executor-5] INFO  impl.RaftServerImpl (ServerState.java:setRaftConf(356)) - f1bbbd25-bf7d-4683-8047-894a5fb2e05c@group-6D6B4E813DCE: set configuration 0: [f1bbbd25-bf7d-4683-8047-894a5fb2e05c:192.168.151.100:33537, d4841264-9ebf-4a77-a743-3790cb747b27:192.168.151.100:34522, d5353d07-f879-43f5-916d-faa6d2011c47:192.168.151.100:45479], old=null at 0
2019-10-05 01:02:56,422 [grpc-default-executor-7] INFO  segmented.SegmentedRaftLogWorker (SegmentedRaftLogWorker.java:startLogSegment(385)) - d5353d07-f879-43f5-916d-faa6d2011c47@group-6D6B4E813DCE-SegmentedRaftLogWorker: Starting segment from index:0
2019-10-05 01:02:56,422 [grpc-default-executor-5] INFO  segmented.SegmentedRaftLogWorker (SegmentedRaftLogWorker.java:startLogSegment(385)) - f1bbbd25-bf7d-4683-8047-894a5fb2e05c@group-6D6B4E813DCE-SegmentedRaftLogWorker: Starting segment from index:0
2019-10-05 01:02:56,451 [d4841264-9ebf-4a77-a743-3790cb747b27@group-6D6B4E813DCE-SegmentedRaftLogWorker] INFO  segmented.SegmentedRaftLogWorker (SegmentedRaftLogWorker.java:execute(574)) - d4841264-9ebf-4a77-a743-3790cb747b27@group-6D6B4E813DCE-SegmentedRaftLogWorker: created new log segment /workdir/hadoop-ozone/integration-test/target/test-dir/MiniOzoneClusterImpl-2fc00425-f157-4b47-81a8-e6a9c5ebfcba/datanode-5/data/ratis/7dd0e52c-f024-4b5d-aaa2-6d6b4e813dce/current/log_inprogress_0
2019-10-05 01:02:56,476 [d5353d07-f879-43f5-916d-faa6d2011c47@group-6D6B4E813DCE-SegmentedRaftLogWorker] INFO  segmented.SegmentedRaftLogWorker (SegmentedRaftLogWorker.java:execute(574)) - d5353d07-f879-43f5-916d-faa6d2011c47@group-6D6B4E813DCE-SegmentedRaftLogWorker: created new log segment /workdir/hadoop-ozone/integration-test/target/test-dir/MiniOzoneClusterImpl-2fc00425-f157-4b47-81a8-e6a9c5ebfcba/datanode-4/data/ratis/7dd0e52c-f024-4b5d-aaa2-6d6b4e813dce/current/log_inprogress_0
2019-10-05 01:02:56,476 [f1bbbd25-bf7d-4683-8047-894a5fb2e05c@group-6D6B4E813DCE-SegmentedRaftLogWorker] INFO  segmented.SegmentedRaftLogWorker (SegmentedRaftLogWorker.java:execute(574)) - f1bbbd25-bf7d-4683-8047-894a5fb2e05c@group-6D6B4E813DCE-SegmentedRaftLogWorker: created new log segment /workdir/hadoop-ozone/integration-test/target/test-dir/MiniOzoneClusterImpl-2fc00425-f157-4b47-81a8-e6a9c5ebfcba/datanode-3/data/ratis/7dd0e52c-f024-4b5d-aaa2-6d6b4e813dce/current/log_inprogress_0
2019-10-05 01:02:57,992 [grpc-default-executor-6] WARN  server.GrpcLogAppender (LogUtils.java:warn(134)) - 612cac7f-adbd-4c9f-8295-c8fcc0a93bfe@group-3476BD9B3912->d80a136d-1766-4220-8826-4519ccdfc503-AppendLogResponseHandler: Failed appendEntries: org.apache.ratis.thirdparty.io.grpc.StatusRuntimeException: UNAVAILABLE: io exception
2019-10-05 01:02:57,992 [grpc-default-executor-2] WARN  server.GrpcLogAppender (LogUtils.java:warn(134)) - 612cac7f-adbd-4c9f-8295-c8fcc0a93bfe@group-3476BD9B3912->2f18de2d-e164-4d9c-9938-7123010b2f40-AppendLogResponseHandler: Failed appendEntries: org.apache.ratis.thirdparty.io.grpc.StatusRuntimeException: UNAVAILABLE: io exception
2019-10-05 01:02:57,993 [grpc-default-executor-6] INFO  impl.FollowerInfo (FollowerInfo.java:lambda$new$0(51)) - 612cac7f-adbd-4c9f-8295-c8fcc0a93bfe@group-3476BD9B3912->d80a136d-1766-4220-8826-4519ccdfc503: nextIndex: updateUnconditionally 0 -> 0
2019-10-05 01:02:57,993 [grpc-default-executor-2] INFO  impl.FollowerInfo (FollowerInfo.java:lambda$new$0(51)) - 612cac7f-adbd-4c9f-8295-c8fcc0a93bfe@group-3476BD9B3912->2f18de2d-e164-4d9c-9938-7123010b2f40: nextIndex: updateUnconditionally 0 -> 0
2019-10-05 01:03:00,493 [grpc-default-executor-5] WARN  server.GrpcLogAppender (LogUtils.java:warn(134)) - 612cac7f-adbd-4c9f-8295-c8fcc0a93bfe@group-3476BD9B3912->d80a136d-1766-4220-8826-4519ccdfc503-AppendLogResponseHandler: Failed appendEntries: org.apache.ratis.thirdparty.io.grpc.StatusRuntimeException: UNAVAILABLE: io exception
2019-10-05 01:03:00,493 [grpc-default-executor-2] WARN  server.GrpcLogAppender (LogUtils.java:warn(134)) - 612cac7f-adbd-4c9f-8295-c8fcc0a93bfe@group-3476BD9B3912->2f18de2d-e164-4d9c-9938-7123010b2f40-AppendLogResponseHandler: Failed appendEntries: org.apache.ratis.thirdparty.io.grpc.StatusRuntimeException: UNAVAILABLE: io exception
2019-10-05 01:03:00,494 [grpc-default-executor-5] INFO  impl.FollowerInfo (FollowerInfo.java:lambda$new$0(51)) - 612cac7f-adbd-4c9f-8295-c8fcc0a93bfe@group-3476BD9B3912->d80a136d-1766-4220-8826-4519ccdfc503: nextIndex: updateUnconditionally 0 -> 0
2019-10-05 01:03:00,494 [grpc-default-executor-2] INFO  impl.FollowerInfo (FollowerInfo.java:lambda$new$0(51)) - 612cac7f-adbd-4c9f-8295-c8fcc0a93bfe@group-3476BD9B3912->2f18de2d-e164-4d9c-9938-7123010b2f40: nextIndex: updateUnconditionally 0 -> 0
2019-10-05 01:03:01,183 [Thread-2370] INFO  impl.FollowerState (FollowerState.java:run(108)) - 1d0662d9-8520-4eb5-8502-d81a6660ecca@group-38A2567B3057-FollowerState: change to CANDIDATE, lastRpcTime:5002ms, electionTimeout:5002ms
2019-10-05 01:03:01,184 [Thread-2370] INFO  impl.RoleInfo (RoleInfo.java:shutdownFollowerState(121)) - 1d0662d9-8520-4eb5-8502-d81a6660ecca: shutdown FollowerState
2019-10-05 01:03:01,184 [Thread-2370] INFO  impl.RaftServerImpl (RaftServerImpl.java:setRole(170)) - 1d0662d9-8520-4eb5-8502-d81a6660ecca@group-38A2567B3057: changes role from  FOLLOWER to CANDIDATE at term 1 for changeToCandidate
2019-10-05 01:03:01,184 [Thread-2370] INFO  impl.RoleInfo (RoleInfo.java:updateAndGet(143)) - 1d0662d9-8520-4eb5-8502-d81a6660ecca: start LeaderElection
2019-10-05 01:03:01,196 [1d0662d9-8520-4eb5-8502-d81a6660ecca@group-38A2567B3057-LeaderElection66] INFO  impl.LeaderElection (LeaderElection.java:askForVotes(178)) - 1d0662d9-8520-4eb5-8502-d81a6660ecca@group-38A2567B3057-LeaderElection66: begin an election at term 2 for -1: [d9b50fba-2bef-4b93-a78b-5015b1735ffb:192.168.151.100:37851, facad076-2f4e-4e5b-ab7e-ee8b3409c6e5:192.168.151.100:34559, 1d0662d9-8520-4eb5-8502-d81a6660ecca:192.168.151.100:34212], old=null
2019-10-05 01:03:01,199 [grpc-default-executor-2] INFO  impl.RaftServerImpl (RaftServerImpl.java:setRole(170)) - d9b50fba-2bef-4b93-a78b-5015b1735ffb@group-38A2567B3057: changes role from  FOLLOWER to FOLLOWER at term 2 for recognizeCandidate:1d0662d9-8520-4eb5-8502-d81a6660ecca
2019-10-05 01:03:01,199 [grpc-default-executor-5] INFO  impl.RaftServerImpl (RaftServerImpl.java:setRole(170)) - facad076-2f4e-4e5b-ab7e-ee8b3409c6e5@group-38A2567B3057: changes role from  FOLLOWER to FOLLOWER at term 2 for recognizeCandidate:1d0662d9-8520-4eb5-8502-d81a6660ecca
2019-10-05 01:03:01,199 [grpc-default-executor-2] INFO  impl.RoleInfo (RoleInfo.java:shutdownFollowerState(121)) - d9b50fba-2bef-4b93-a78b-5015b1735ffb: shutdown FollowerState
2019-10-05 01:03:01,199 [grpc-default-executor-5] INFO  impl.RoleInfo (RoleInfo.java:shutdownFollowerState(121)) - facad076-2f4e-4e5b-ab7e-ee8b3409c6e5: shutdown FollowerState
2019-10-05 01:03:01,200 [Thread-2369] INFO  impl.FollowerState (FollowerState.java:run(117)) - d9b50fba-2bef-4b93-a78b-5015b1735ffb@group-38A2567B3057-FollowerState was interrupted: java.lang.InterruptedException: sleep interrupted
2019-10-05 01:03:01,199 [grpc-default-executor-2] INFO  impl.RoleInfo (RoleInfo.java:updateAndGet(143)) - d9b50fba-2bef-4b93-a78b-5015b1735ffb: start FollowerState
2019-10-05 01:03:01,200 [grpc-default-executor-5] INFO  impl.RoleInfo (RoleInfo.java:updateAndGet(143)) - facad076-2f4e-4e5b-ab7e-ee8b3409c6e5: start FollowerState
2019-10-05 01:03:01,200 [Thread-2368] INFO  impl.FollowerState (FollowerState.java:run(117)) - facad076-2f4e-4e5b-ab7e-ee8b3409c6e5@group-38A2567B3057-FollowerState was interrupted: java.lang.InterruptedException: sleep interrupted
2019-10-05 01:03:01,214 [1d0662d9-8520-4eb5-8502-d81a6660ecca@group-38A2567B3057-LeaderElection66] INFO  impl.LeaderElection (LeaderElection.java:logAndReturn(56)) - 1d0662d9-8520-4eb5-8502-d81a6660ecca@group-38A2567B3057-LeaderElection66: Election PASSED; received 1 response(s) [1d0662d9-8520-4eb5-8502-d81a6660ecca<-d9b50fba-2bef-4b93-a78b-5015b1735ffb#0:OK-t2] and 0 exception(s); 1d0662d9-8520-4eb5-8502-d81a6660ecca@group-38A2567B3057:t2, leader=null, voted=1d0662d9-8520-4eb5-8502-d81a6660ecca, raftlog=1d0662d9-8520-4eb5-8502-d81a6660ecca@group-38A2567B3057-SegmentedRaftLog:OPENED:c-1,f-1,i0, conf=-1: [d9b50fba-2bef-4b93-a78b-5015b1735ffb:192.168.151.100:37851, facad076-2f4e-4e5b-ab7e-ee8b3409c6e5:192.168.151.100:34559, 1d0662d9-8520-4eb5-8502-d81a6660ecca:192.168.151.100:34212], old=null
2019-10-05 01:03:01,214 [1d0662d9-8520-4eb5-8502-d81a6660ecca@group-38A2567B3057-LeaderElection66] INFO  impl.RoleInfo (RoleInfo.java:shutdownLeaderElection(134)) - 1d0662d9-8520-4eb5-8502-d81a6660ecca: shutdown LeaderElection
2019-10-05 01:03:01,214 [1d0662d9-8520-4eb5-8502-d81a6660ecca@group-38A2567B3057-LeaderElection66] INFO  impl.RaftServerImpl (RaftServerImpl.java:setRole(170)) - 1d0662d9-8520-4eb5-8502-d81a6660ecca@group-38A2567B3057: changes role from CANDIDATE to LEADER at term 2 for changeToLeader
2019-10-05 01:03:01,214 [1d0662d9-8520-4eb5-8502-d81a6660ecca@group-38A2567B3057-LeaderElection66] INFO  impl.RaftServerImpl (ServerState.java:setLeader(255)) - 1d0662d9-8520-4eb5-8502-d81a6660ecca@group-38A2567B3057: change Leader from null to 1d0662d9-8520-4eb5-8502-d81a6660ecca at term 2 for becomeLeader, leader elected after 10235ms
2019-10-05 01:03:01,215 [1d0662d9-8520-4eb5-8502-d81a6660ecca@group-38A2567B3057-LeaderElection66] INFO  server.RaftServerConfigKeys (ConfUtils.java:logGet(43)) - raft.server.staging.catchup.gap = 1000 (default)
2019-10-05 01:03:01,215 [1d0662d9-8520-4eb5-8502-d81a6660ecca@group-38A2567B3057-LeaderElection66] INFO  server.RaftServerConfigKeys (ConfUtils.java:logGet(43)) - raft.server.rpc.sleep.time = 25ms (default)
2019-10-05 01:03:01,215 [1d0662d9-8520-4eb5-8502-d81a6660ecca@group-38A2567B3057-LeaderElection66] INFO  server.RaftServerConfigKeys (ConfUtils.java:logGet(43)) - raft.server.write.element-limit = 4096 (default)
2019-10-05 01:03:01,215 [1d0662d9-8520-4eb5-8502-d81a6660ecca@group-38A2567B3057-LeaderElection66] INFO  server.RaftServerConfigKeys (ConfUtils.java:logGet(43)) - raft.server.watch.timeout = 10s (default)
2019-10-05 01:03:01,216 [1d0662d9-8520-4eb5-8502-d81a6660ecca@group-38A2567B3057-LeaderElection66] INFO  server.RaftServerConfigKeys (ConfUtils.java:logGet(43)) - raft.server.watch.timeout.denomination = 1s (default)
2019-10-05 01:03:01,216 [1d0662d9-8520-4eb5-8502-d81a6660ecca@group-38A2567B3057-LeaderElection66] INFO  server.RaftServerConfigKeys (ConfUtils.java:logGet(43)) - raft.server.watch.element-limit = 65536 (default)
2019-10-05 01:03:01,219 [1d0662d9-8520-4eb5-8502-d81a6660ecca@group-38A2567B3057-LeaderElection66] INFO  server.RaftServerConfigKeys (ConfUtils.java:logGet(43)) - raft.server.log.appender.snapshot.chunk.size.max = 16MB (=16777216) (default)
2019-10-05 01:03:01,220 [1d0662d9-8520-4eb5-8502-d81a6660ecca@group-38A2567B3057-LeaderElection66] INFO  server.RaftServerConfigKeys (ConfUtils.java:logGet(43)) - raft.server.log.appender.buffer.byte-limit = 33554432 (custom)
2019-10-05 01:03:01,220 [1d0662d9-8520-4eb5-8502-d81a6660ecca@group-38A2567B3057-LeaderElection66] INFO  server.RaftServerConfigKeys (ConfUtils.java:logGet(43)) - raft.server.log.appender.buffer.element-limit = 1 (custom)
2019-10-05 01:03:01,220 [1d0662d9-8520-4eb5-8502-d81a6660ecca@group-38A2567B3057-LeaderElection66] INFO  grpc.GrpcConfigKeys$Server (ConfUtils.java:logGet(43)) - raft.grpc.server.leader.outstanding.appends.max = 128 (default)
2019-10-05 01:03:01,220 [1d0662d9-8520-4eb5-8502-d81a6660ecca@group-38A2567B3057-LeaderElection66] INFO  server.RaftServerConfigKeys (ConfUtils.java:logGet(43)) - raft.server.rpc.request.timeout = 3000ms (default)
2019-10-05 01:03:01,221 [1d0662d9-8520-4eb5-8502-d81a6660ecca@group-38A2567B3057-LeaderElection66] INFO  server.RaftServerConfigKeys (ConfUtils.java:logGet(43)) - raft.server.log.appender.install.snapshot.enabled = false (custom)
2019-10-05 01:03:01,221 [1d0662d9-8520-4eb5-8502-d81a6660ecca@group-38A2567B3057-LeaderElection66] INFO  server.RaftServerConfigKeys (ConfUtils.java:logGet(43)) - raft.server.log.appender.snapshot.chunk.size.max = 16MB (=16777216) (default)
2019-10-05 01:03:01,221 [1d0662d9-8520-4eb5-8502-d81a6660ecca@group-38A2567B3057-LeaderElection66] INFO  server.RaftServerConfigKeys (ConfUtils.java:logGet(43)) - raft.server.log.appender.buffer.byte-limit = 33554432 (custom)
2019-10-05 01:03:01,221 [1d0662d9-8520-4eb5-8502-d81a6660ecca@group-38A2567B3057-LeaderElection66] INFO  server.RaftServerConfigKeys (ConfUtils.java:logGet(43)) - raft.server.log.appender.buffer.element-limit = 1 (custom)
2019-10-05 01:03:01,221 [1d0662d9-8520-4eb5-8502-d81a6660ecca@group-38A2567B3057-LeaderElection66] INFO  grpc.GrpcConfigKeys$Server (ConfUtils.java:logGet(43)) - raft.grpc.server.leader.outstanding.appends.max = 128 (default)
2019-10-05 01:03:01,222 [1d0662d9-8520-4eb5-8502-d81a6660ecca@group-38A2567B3057-LeaderElection66] INFO  server.RaftServerConfigKeys (ConfUtils.java:logGet(43)) - raft.server.rpc.request.timeout = 3000ms (default)
2019-10-05 01:03:01,222 [1d0662d9-8520-4eb5-8502-d81a6660ecca@group-38A2567B3057-LeaderElection66] INFO  server.RaftServerConfigKeys (ConfUtils.java:logGet(43)) - raft.server.log.appender.install.snapshot.enabled = false (custom)
2019-10-05 01:03:01,222 [1d0662d9-8520-4eb5-8502-d81a6660ecca@group-38A2567B3057-LeaderElection66] INFO  impl.RoleInfo (RoleInfo.java:updateAndGet(143)) - 1d0662d9-8520-4eb5-8502-d81a6660ecca: start LeaderState
2019-10-05 01:03:01,222 [1d0662d9-8520-4eb5-8502-d81a6660ecca@group-38A2567B3057-LeaderElection66] INFO  segmented.SegmentedRaftLogWorker (SegmentedRaftLogWorker.java:startLogSegment(385)) - 1d0662d9-8520-4eb5-8502-d81a6660ecca@group-38A2567B3057-SegmentedRaftLogWorker: Starting segment from index:0
2019-10-05 01:03:01,223 [1d0662d9-8520-4eb5-8502-d81a6660ecca@group-38A2567B3057-LeaderElection66] INFO  impl.RaftServerImpl (ServerState.java:setRaftConf(356)) - 1d0662d9-8520-4eb5-8502-d81a6660ecca@group-38A2567B3057: set configuration 0: [d9b50fba-2bef-4b93-a78b-5015b1735ffb:192.168.151.100:37851, facad076-2f4e-4e5b-ab7e-ee8b3409c6e5:192.168.151.100:34559, 1d0662d9-8520-4eb5-8502-d81a6660ecca:192.168.151.100:34212], old=null at 0
2019-10-05 01:03:01,225 [grpc-default-executor-2] INFO  impl.RaftServerImpl (ServerState.java:setLeader(255)) - d9b50fba-2bef-4b93-a78b-5015b1735ffb@group-38A2567B3057: change Leader from null to 1d0662d9-8520-4eb5-8502-d81a6660ecca at term 2 for appendEntries, leader elected after 10245ms
2019-10-05 01:03:01,226 [grpc-default-executor-2] INFO  impl.RaftServerImpl (ServerState.java:setLeader(255)) - facad076-2f4e-4e5b-ab7e-ee8b3409c6e5@group-38A2567B3057: change Leader from null to 1d0662d9-8520-4eb5-8502-d81a6660ecca at term 2 for appendEntries, leader elected after 10247ms
2019-10-05 01:03:01,227 [grpc-default-executor-5] INFO  impl.RaftServerImpl (ServerState.java:setRaftConf(356)) - d9b50fba-2bef-4b93-a78b-5015b1735ffb@group-38A2567B3057: set configuration 0: [d9b50fba-2bef-4b93-a78b-5015b1735ffb:192.168.151.100:37851, facad076-2f4e-4e5b-ab7e-ee8b3409c6e5:192.168.151.100:34559, 1d0662d9-8520-4eb5-8502-d81a6660ecca:192.168.151.100:34212], old=null at 0
2019-10-05 01:03:01,228 [grpc-default-executor-5] INFO  segmented.SegmentedRaftLogWorker (SegmentedRaftLogWorker.java:startLogSegment(385)) - d9b50fba-2bef-4b93-a78b-5015b1735ffb@group-38A2567B3057-SegmentedRaftLogWorker: Starting segment from index:0
2019-10-05 01:03:01,228 [grpc-default-executor-2] INFO  impl.RaftServerImpl (ServerState.java:setRaftConf(356)) - facad076-2f4e-4e5b-ab7e-ee8b3409c6e5@group-38A2567B3057: set configuration 0: [d9b50fba-2bef-4b93-a78b-5015b1735ffb:192.168.151.100:37851, facad076-2f4e-4e5b-ab7e-ee8b3409c6e5:192.168.151.100:34559, 1d0662d9-8520-4eb5-8502-d81a6660ecca:192.168.151.100:34212], old=null at 0
2019-10-05 01:03:01,228 [grpc-default-executor-2] INFO  segmented.SegmentedRaftLogWorker (SegmentedRaftLogWorker.java:startLogSegment(385)) - facad076-2f4e-4e5b-ab7e-ee8b3409c6e5@group-38A2567B3057-SegmentedRaftLogWorker: Starting segment from index:0
2019-10-05 01:03:01,255 [1d0662d9-8520-4eb5-8502-d81a6660ecca@group-38A2567B3057-SegmentedRaftLogWorker] INFO  segmented.SegmentedRaftLogWorker (SegmentedRaftLogWorker.java:execute(574)) - 1d0662d9-8520-4eb5-8502-d81a6660ecca@group-38A2567B3057-SegmentedRaftLogWorker: created new log segment /workdir/hadoop-ozone/integration-test/target/test-dir/MiniOzoneClusterImpl-2fc00425-f157-4b47-81a8-e6a9c5ebfcba/datanode-0/data/ratis/b1071ccb-a376-414e-83b2-38a2567b3057/current/log_inprogress_0
2019-10-05 01:03:01,265 [d9b50fba-2bef-4b93-a78b-5015b1735ffb@group-38A2567B3057-SegmentedRaftLogWorker] INFO  segmented.SegmentedRaftLogWorker (SegmentedRaftLogWorker.java:execute(574)) - d9b50fba-2bef-4b93-a78b-5015b1735ffb@group-38A2567B3057-SegmentedRaftLogWorker: created new log segment /workdir/hadoop-ozone/integration-test/target/test-dir/MiniOzoneClusterImpl-2fc00425-f157-4b47-81a8-e6a9c5ebfcba/datanode-1/data/ratis/b1071ccb-a376-414e-83b2-38a2567b3057/current/log_inprogress_0
2019-10-05 01:03:01,267 [facad076-2f4e-4e5b-ab7e-ee8b3409c6e5@group-38A2567B3057-SegmentedRaftLogWorker] INFO  segmented.SegmentedRaftLogWorker (SegmentedRaftLogWorker.java:execute(574)) - facad076-2f4e-4e5b-ab7e-ee8b3409c6e5@group-38A2567B3057-SegmentedRaftLogWorker: created new log segment /workdir/hadoop-ozone/integration-test/target/test-dir/MiniOzoneClusterImpl-2fc00425-f157-4b47-81a8-e6a9c5ebfcba/datanode-2/data/ratis/b1071ccb-a376-414e-83b2-38a2567b3057/current/log_inprogress_0
2019-10-05 01:03:01,678 [Datanode State Machine Thread - 0] INFO  statemachine.DatanodeStateMachine (DatanodeStateMachine.java:lambda$startDaemon$0(350)) - Ozone container server started.
2019-10-05 01:03:02,993 [grpc-default-executor-5] WARN  server.GrpcLogAppender (LogUtils.java:warn(134)) - 612cac7f-adbd-4c9f-8295-c8fcc0a93bfe@group-3476BD9B3912->2f18de2d-e164-4d9c-9938-7123010b2f40-AppendLogResponseHandler: Failed appendEntries: org.apache.ratis.thirdparty.io.grpc.StatusRuntimeException: UNAVAILABLE: io exception
2019-10-05 01:03:02,993 [grpc-default-executor-2] WARN  server.GrpcLogAppender (LogUtils.java:warn(134)) - 612cac7f-adbd-4c9f-8295-c8fcc0a93bfe@group-3476BD9B3912->d80a136d-1766-4220-8826-4519ccdfc503-AppendLogResponseHandler: Failed appendEntries: org.apache.ratis.thirdparty.io.grpc.StatusRuntimeException: UNAVAILABLE: io exception
2019-10-05 01:03:02,993 [grpc-default-executor-5] INFO  impl.FollowerInfo (FollowerInfo.java:lambda$new$0(51)) - 612cac7f-adbd-4c9f-8295-c8fcc0a93bfe@group-3476BD9B3912->2f18de2d-e164-4d9c-9938-7123010b2f40: nextIndex: updateUnconditionally 0 -> 0
2019-10-05 01:03:02,994 [grpc-default-executor-2] INFO  impl.FollowerInfo (FollowerInfo.java:lambda$new$0(51)) - 612cac7f-adbd-4c9f-8295-c8fcc0a93bfe@group-3476BD9B3912->d80a136d-1766-4220-8826-4519ccdfc503: nextIndex: updateUnconditionally 0 -> 0
2019-10-05 01:03:03,133 [EventQueue-StaleNodeForStaleNodeHandler] INFO  node.StaleNodeHandler (StaleNodeHandler.java:onMessage(58)) - Datanode d80a136d-1766-4220-8826-4519ccdfc503{ip: 192.168.151.100, host: pr-hdds-1986-gkmgr-421349047, networkLocation: /default-rack, certSerialId: null} moved to stale state. Finalizing its pipelines [PipelineID=49bbb6fd-e818-46b4-ad9c-0c76ab496161, PipelineID=402513d2-0621-4ccb-aa1d-3476bd9b3912]
2019-10-05 01:03:03,133 [EventQueue-StaleNodeForStaleNodeHandler] INFO  pipeline.SCMPipelineManager (SCMPipelineManager.java:finalizeAndDestroyPipeline(315)) - destroying pipeline:Pipeline[ Id: 49bbb6fd-e818-46b4-ad9c-0c76ab496161, Nodes: d80a136d-1766-4220-8826-4519ccdfc503{ip: 192.168.151.100, host: pr-hdds-1986-gkmgr-421349047, networkLocation: /default-rack, certSerialId: null}, Type:RATIS, Factor:ONE, State:OPEN]
2019-10-05 01:03:03,134 [EventQueue-StaleNodeForStaleNodeHandler] INFO  pipeline.PipelineStateManager (PipelineStateManager.java:finalizePipeline(123)) - Pipeline Pipeline[ Id: 49bbb6fd-e818-46b4-ad9c-0c76ab496161, Nodes: d80a136d-1766-4220-8826-4519ccdfc503{ip: 192.168.151.100, host: pr-hdds-1986-gkmgr-421349047, networkLocation: /default-rack, certSerialId: null}, Type:RATIS, Factor:ONE, State:CLOSED] moved to CLOSED state
2019-10-05 01:03:03,134 [EventQueue-StaleNodeForStaleNodeHandler] INFO  pipeline.SCMPipelineManager (SCMPipelineManager.java:finalizeAndDestroyPipeline(315)) - destroying pipeline:Pipeline[ Id: 402513d2-0621-4ccb-aa1d-3476bd9b3912, Nodes: d80a136d-1766-4220-8826-4519ccdfc503{ip: 192.168.151.100, host: pr-hdds-1986-gkmgr-421349047, networkLocation: /default-rack, certSerialId: null}2f18de2d-e164-4d9c-9938-7123010b2f40{ip: 192.168.151.100, host: pr-hdds-1986-gkmgr-421349047, networkLocation: /default-rack, certSerialId: null}612cac7f-adbd-4c9f-8295-c8fcc0a93bfe{ip: 192.168.151.100, host: pr-hdds-1986-gkmgr-421349047, networkLocation: /default-rack, certSerialId: null}, Type:RATIS, Factor:THREE, State:OPEN]
2019-10-05 01:03:03,134 [EventQueue-StaleNodeForStaleNodeHandler] INFO  pipeline.PipelineStateManager (PipelineStateManager.java:finalizePipeline(123)) - Pipeline Pipeline[ Id: 402513d2-0621-4ccb-aa1d-3476bd9b3912, Nodes: d80a136d-1766-4220-8826-4519ccdfc503{ip: 192.168.151.100, host: pr-hdds-1986-gkmgr-421349047, networkLocation: /default-rack, certSerialId: null}2f18de2d-e164-4d9c-9938-7123010b2f40{ip: 192.168.151.100, host: pr-hdds-1986-gkmgr-421349047, networkLocation: /default-rack, certSerialId: null}612cac7f-adbd-4c9f-8295-c8fcc0a93bfe{ip: 192.168.151.100, host: pr-hdds-1986-gkmgr-421349047, networkLocation: /default-rack, certSerialId: null}, Type:RATIS, Factor:THREE, State:CLOSED] moved to CLOSED state
2019-10-05 01:03:03,135 [EventQueue-CloseContainerForCloseContainerEventHandler] INFO  container.CloseContainerEventHandler (CloseContainerEventHandler.java:onMessage(61)) - Close container Event triggered for container : #1
2019-10-05 01:03:05,100 [grpc-default-executor-2] WARN  server.GrpcLogAppender (LogUtils.java:warn(134)) - 612cac7f-adbd-4c9f-8295-c8fcc0a93bfe@group-3476BD9B3912->d80a136d-1766-4220-8826-4519ccdfc503-AppendLogResponseHandler: Failed appendEntries: org.apache.ratis.thirdparty.io.grpc.StatusRuntimeException: UNAVAILABLE: io exception
2019-10-05 01:03:05,100 [grpc-default-executor-5] WARN  server.GrpcLogAppender (LogUtils.java:warn(134)) - 612cac7f-adbd-4c9f-8295-c8fcc0a93bfe@group-3476BD9B3912->2f18de2d-e164-4d9c-9938-7123010b2f40-AppendLogResponseHandler: Failed appendEntries: org.apache.ratis.thirdparty.io.grpc.StatusRuntimeException: UNAVAILABLE: io exception
2019-10-05 01:03:05,101 [grpc-default-executor-2] INFO  impl.FollowerInfo (FollowerInfo.java:lambda$new$0(51)) - 612cac7f-adbd-4c9f-8295-c8fcc0a93bfe@group-3476BD9B3912->d80a136d-1766-4220-8826-4519ccdfc503: nextIndex: updateUnconditionally 1 -> 0
2019-10-05 01:03:05,101 [grpc-default-executor-5] INFO  impl.FollowerInfo (FollowerInfo.java:lambda$new$0(51)) - 612cac7f-adbd-4c9f-8295-c8fcc0a93bfe@group-3476BD9B3912->2f18de2d-e164-4d9c-9938-7123010b2f40: nextIndex: updateUnconditionally 1 -> 0
2019-10-05 01:03:06,650 [main] INFO  ozoneimpl.OzoneContainer (OzoneContainer.java:stop(231)) - Attempting to stop container services.
2019-10-05 01:03:06,651 [main] INFO  impl.RaftServerProxy (RaftServerProxy.java:lambda$close$4(314)) - facad076-2f4e-4e5b-ab7e-ee8b3409c6e5: close
2019-10-05 01:03:06,652 [main] INFO  impl.RaftServerImpl (RaftServerImpl.java:lambda$shutdown$3(247)) - facad076-2f4e-4e5b-ab7e-ee8b3409c6e5@group-577091E948B2: shutdown
2019-10-05 01:03:06,652 [ForkJoinPool.commonPool-worker-0] INFO  impl.RaftServerImpl (RaftServerImpl.java:lambda$shutdown$3(247)) - facad076-2f4e-4e5b-ab7e-ee8b3409c6e5@group-38A2567B3057: shutdown
2019-10-05 01:03:06,652 [main] INFO  util.JmxRegister (JmxRegister.java:unregister(73)) - Successfully un-registered JMX Bean with object name Ratis:service=RaftServer,group=group-577091E948B2,id=facad076-2f4e-4e5b-ab7e-ee8b3409c6e5
2019-10-05 01:03:06,653 [ForkJoinPool.commonPool-worker-0] INFO  util.JmxRegister (JmxRegister.java:unregister(73)) - Successfully un-registered JMX Bean with object name Ratis:service=RaftServer,group=group-38A2567B3057,id=facad076-2f4e-4e5b-ab7e-ee8b3409c6e5
2019-10-05 01:03:06,653 [main] INFO  impl.RoleInfo (RoleInfo.java:shutdownLeaderState(104)) - facad076-2f4e-4e5b-ab7e-ee8b3409c6e5: shutdown LeaderState
2019-10-05 01:03:06,653 [ForkJoinPool.commonPool-worker-0] INFO  impl.RoleInfo (RoleInfo.java:shutdownFollowerState(121)) - facad076-2f4e-4e5b-ab7e-ee8b3409c6e5: shutdown FollowerState
2019-10-05 01:03:06,654 [main] INFO  impl.PendingRequests (PendingRequests.java:sendNotLeaderResponses(202)) - facad076-2f4e-4e5b-ab7e-ee8b3409c6e5@group-577091E948B2-PendingRequests: sendNotLeaderResponses
2019-10-05 01:03:06,654 [ForkJoinPool.commonPool-worker-0] INFO  impl.StateMachineUpdater (StateMachineUpdater.java:stopAndJoin(136)) - facad076-2f4e-4e5b-ab7e-ee8b3409c6e5@group-38A2567B3057-StateMachineUpdater: set stopIndex = 2
2019-10-05 01:03:06,654 [Thread-2416] INFO  impl.FollowerState (FollowerState.java:run(117)) - facad076-2f4e-4e5b-ab7e-ee8b3409c6e5@group-38A2567B3057-FollowerState was interrupted: java.lang.InterruptedException: sleep interrupted
2019-10-05 01:03:06,654 [facad076-2f4e-4e5b-ab7e-ee8b3409c6e5@group-38A2567B3057-StateMachineUpdater] INFO  ratis.ContainerStateMachine (ContainerStateMachine.java:takeSnapshot(293)) - group-38A2567B3057: Taking a snapshot at:(t:2, i:1) file /workdir/hadoop-ozone/integration-test/target/test-dir/MiniOzoneClusterImpl-2fc00425-f157-4b47-81a8-e6a9c5ebfcba/datanode-2/data/ratis/b1071ccb-a376-414e-83b2-38a2567b3057/sm/snapshot.2_1
2019-10-05 01:03:06,654 [main] INFO  impl.StateMachineUpdater (StateMachineUpdater.java:stopAndJoin(136)) - facad076-2f4e-4e5b-ab7e-ee8b3409c6e5@group-577091E948B2-StateMachineUpdater: set stopIndex = 0
2019-10-05 01:03:06,665 [main] INFO  impl.RaftServerImpl (ServerState.java:close(387)) - facad076-2f4e-4e5b-ab7e-ee8b3409c6e5@group-577091E948B2: closes. applyIndex: 0
2019-10-05 01:03:06,666 [facad076-2f4e-4e5b-ab7e-ee8b3409c6e5@group-577091E948B2-SegmentedRaftLogWorker] INFO  segmented.SegmentedRaftLogWorker (SegmentedRaftLogWorker.java:run(316)) - facad076-2f4e-4e5b-ab7e-ee8b3409c6e5@group-577091E948B2-SegmentedRaftLogWorker was interrupted, exiting. There are 0 tasks remaining in the queue.
2019-10-05 01:03:06,671 [main] INFO  segmented.SegmentedRaftLogWorker (SegmentedRaftLogWorker.java:close(224)) - facad076-2f4e-4e5b-ab7e-ee8b3409c6e5@group-577091E948B2-SegmentedRaftLogWorker close()
2019-10-05 01:03:06,680 [facad076-2f4e-4e5b-ab7e-ee8b3409c6e5@group-38A2567B3057-StateMachineUpdater] INFO  ratis.ContainerStateMachine (ContainerStateMachine.java:takeSnapshot(304)) - group-38A2567B3057: Finished taking a snapshot at:(t:2, i:1) file:/workdir/hadoop-ozone/integration-test/target/test-dir/MiniOzoneClusterImpl-2fc00425-f157-4b47-81a8-e6a9c5ebfcba/datanode-2/data/ratis/b1071ccb-a376-414e-83b2-38a2567b3057/sm/snapshot.2_1 time:25
2019-10-05 01:03:06,680 [facad076-2f4e-4e5b-ab7e-ee8b3409c6e5@group-38A2567B3057-StateMachineUpdater] INFO  impl.StateMachineUpdater (StateMachineUpdater.java:takeSnapshot(269)) - facad076-2f4e-4e5b-ab7e-ee8b3409c6e5@group-38A2567B3057-StateMachineUpdater: Took a snapshot at index 1
2019-10-05 01:03:06,680 [facad076-2f4e-4e5b-ab7e-ee8b3409c6e5@group-38A2567B3057-StateMachineUpdater] INFO  impl.StateMachineUpdater (StateMachineUpdater.java:lambda$new$0(84)) - facad076-2f4e-4e5b-ab7e-ee8b3409c6e5@group-38A2567B3057-StateMachineUpdater: snapshotIndex: updateIncreasingly -1 -> 1
2019-10-05 01:03:06,681 [facad076-2f4e-4e5b-ab7e-ee8b3409c6e5@group-38A2567B3057-StateMachineUpdater] INFO  ratis.ContainerStateMachine (ContainerStateMachine.java:takeSnapshot(293)) - group-38A2567B3057: Taking a snapshot at:(t:2, i:1) file /workdir/hadoop-ozone/integration-test/target/test-dir/MiniOzoneClusterImpl-2fc00425-f157-4b47-81a8-e6a9c5ebfcba/datanode-2/data/ratis/b1071ccb-a376-414e-83b2-38a2567b3057/sm/snapshot.2_1
2019-10-05 01:03:06,693 [facad076-2f4e-4e5b-ab7e-ee8b3409c6e5@group-38A2567B3057-StateMachineUpdater] INFO  ratis.ContainerStateMachine (ContainerStateMachine.java:takeSnapshot(304)) - group-38A2567B3057: Finished taking a snapshot at:(t:2, i:1) file:/workdir/hadoop-ozone/integration-test/target/test-dir/MiniOzoneClusterImpl-2fc00425-f157-4b47-81a8-e6a9c5ebfcba/datanode-2/data/ratis/b1071ccb-a376-414e-83b2-38a2567b3057/sm/snapshot.2_1 time:13
2019-10-05 01:03:06,694 [facad076-2f4e-4e5b-ab7e-ee8b3409c6e5@group-38A2567B3057-StateMachineUpdater] INFO  impl.StateMachineUpdater (StateMachineUpdater.java:takeSnapshot(269)) - facad076-2f4e-4e5b-ab7e-ee8b3409c6e5@group-38A2567B3057-StateMachineUpdater: Took a snapshot at index 1
2019-10-05 01:03:06,694 [facad076-2f4e-4e5b-ab7e-ee8b3409c6e5@group-38A2567B3057-StateMachineUpdater] INFO  impl.StateMachineUpdater (StateMachineUpdater.java:lambda$new$0(84)) - facad076-2f4e-4e5b-ab7e-ee8b3409c6e5@group-38A2567B3057-StateMachineUpdater: snapshotIndex: updateIncreasingly 1 -> 1
2019-10-05 01:03:06,694 [ForkJoinPool.commonPool-worker-0] INFO  impl.RaftServerImpl (ServerState.java:close(387)) - facad076-2f4e-4e5b-ab7e-ee8b3409c6e5@group-38A2567B3057: closes. applyIndex: 2
2019-10-05 01:03:06,694 [facad076-2f4e-4e5b-ab7e-ee8b3409c6e5@group-38A2567B3057-SegmentedRaftLogWorker] INFO  segmented.SegmentedRaftLogWorker (SegmentedRaftLogWorker.java:run(316)) - facad076-2f4e-4e5b-ab7e-ee8b3409c6e5@group-38A2567B3057-SegmentedRaftLogWorker was interrupted, exiting. There are 0 tasks remaining in the queue.
2019-10-05 01:03:06,699 [ForkJoinPool.commonPool-worker-0] INFO  segmented.SegmentedRaftLogWorker (SegmentedRaftLogWorker.java:close(224)) - facad076-2f4e-4e5b-ab7e-ee8b3409c6e5@group-38A2567B3057-SegmentedRaftLogWorker close()
2019-10-05 01:03:06,707 [main] INFO  server.GrpcService (GrpcService.java:closeImpl(164)) - facad076-2f4e-4e5b-ab7e-ee8b3409c6e5: shutdown server with port 34559 now
2019-10-05 01:03:06,709 [grpc-default-executor-2] WARN  server.GrpcServerProtocolService (LogUtils.java:warn(134)) - facad076-2f4e-4e5b-ab7e-ee8b3409c6e5: installSnapshot onError, lastRequest: 1d0662d9-8520-4eb5-8502-d81a6660ecca->facad076-2f4e-4e5b-ab7e-ee8b3409c6e5#5-t2, previous=(t:2, i:2), leaderCommit=2, initializing? false, entries: <empty>: org.apache.ratis.thirdparty.io.grpc.StatusRuntimeException: CANCELLED: cancelled before receiving half close
2019-10-05 01:03:06,709 [grpc-default-executor-5] WARN  server.GrpcLogAppender (LogUtils.java:warn(134)) - 1d0662d9-8520-4eb5-8502-d81a6660ecca@group-38A2567B3057->facad076-2f4e-4e5b-ab7e-ee8b3409c6e5-AppendLogResponseHandler: Failed appendEntries: org.apache.ratis.thirdparty.io.grpc.StatusRuntimeException: CANCELLED: HTTP/2 error code: CANCEL
Received Rst Stream
2019-10-05 01:03:06,709 [main] INFO  server.GrpcService (GrpcService.java:closeImpl(172)) - facad076-2f4e-4e5b-ab7e-ee8b3409c6e5: shutdown server with port 34559 successfully
2019-10-05 01:03:06,709 [grpc-default-executor-5] INFO  impl.FollowerInfo (FollowerInfo.java:lambda$new$0(51)) - 1d0662d9-8520-4eb5-8502-d81a6660ecca@group-38A2567B3057->facad076-2f4e-4e5b-ab7e-ee8b3409c6e5: nextIndex: updateUnconditionally 3 -> 2
2019-10-05 01:03:06,712 [refreshUsed-/workdir/hadoop-ozone/integration-test/target/test-dir/MiniOzoneClusterImpl-2fc00425-f157-4b47-81a8-e6a9c5ebfcba/datanode-2/data/containers] WARN  fs.CachingGetSpaceUsed (CachingGetSpaceUsed.java:run(183)) - Thread Interrupted waiting to refresh disk information: sleep interrupted
2019-10-05 01:03:06,733 [main] INFO  utils.BackgroundService (BackgroundService.java:shutdown(148)) - Shutting down service BlockDeletingService
2019-10-05 01:03:06,746 [main] INFO  statemachine.DatanodeStateMachine (DatanodeStateMachine.java:stopDaemon(395)) - Ozone container server stopped.
2019-10-05 01:03:06,748 [main] INFO  handler.ContextHandler (ContextHandler.java:doStop(910)) - Stopped o.e.j.w.WebAppContext@448462f0{/,null,UNAVAILABLE}{/hddsDatanode}
2019-10-05 01:03:06,749 [main] INFO  server.AbstractConnector (AbstractConnector.java:doStop(318)) - Stopped ServerConnector@787988f4{HTTP/1.1,[http/1.1]}{0.0.0.0:0}
2019-10-05 01:03:06,749 [main] INFO  handler.ContextHandler (ContextHandler.java:doStop(910)) - Stopped o.e.j.s.ServletContextHandler@5111de7c{/static,jar:file:/home/user/.m2/repository/org/apache/hadoop/hadoop-hdds-container-service/0.5.0-SNAPSHOT/hadoop-hdds-container-service-0.5.0-SNAPSHOT.jar!/webapps/static,UNAVAILABLE}
2019-10-05 01:03:06,750 [main] INFO  handler.ContextHandler (ContextHandler.java:doStop(910)) - Stopped o.e.j.s.ServletContextHandler@740b9a50{/logs,file:///workdir/hadoop-ozone/integration-test/target/log,UNAVAILABLE}
2019-10-05 01:03:06,758 [grpc-default-executor-6] WARN  server.GrpcLogAppender (LogUtils.java:warn(134)) - 1d0662d9-8520-4eb5-8502-d81a6660ecca@group-38A2567B3057->facad076-2f4e-4e5b-ab7e-ee8b3409c6e5-AppendLogResponseHandler: Failed appendEntries: org.apache.ratis.thirdparty.io.grpc.StatusRuntimeException: UNAVAILABLE: io exception
2019-10-05 01:03:06,759 [grpc-default-executor-6] INFO  impl.FollowerInfo (FollowerInfo.java:lambda$new$0(51)) - 1d0662d9-8520-4eb5-8502-d81a6660ecca@group-38A2567B3057->facad076-2f4e-4e5b-ab7e-ee8b3409c6e5: nextIndex: updateUnconditionally 3 -> 2
2019-10-05 01:03:06,771 [grpc-default-executor-2] WARN  server.GrpcLogAppender (LogUtils.java:warn(134)) - 1d0662d9-8520-4eb5-8502-d81a6660ecca@group-38A2567B3057->facad076-2f4e-4e5b-ab7e-ee8b3409c6e5-AppendLogResponseHandler: Failed appendEntries: org.apache.ratis.thirdparty.io.grpc.StatusRuntimeException: UNAVAILABLE: io exception
2019-10-05 01:03:06,771 [grpc-default-executor-2] INFO  impl.FollowerInfo (FollowerInfo.java:lambda$new$0(51)) - 1d0662d9-8520-4eb5-8502-d81a6660ecca@group-38A2567B3057->facad076-2f4e-4e5b-ab7e-ee8b3409c6e5: nextIndex: updateUnconditionally 3 -> 2
2019-10-05 01:03:06,789 [grpc-default-executor-5] WARN  server.GrpcLogAppender (LogUtils.java:warn(134)) - 1d0662d9-8520-4eb5-8502-d81a6660ecca@group-38A2567B3057->facad076-2f4e-4e5b-ab7e-ee8b3409c6e5-AppendLogResponseHandler: Failed appendEntries: org.apache.ratis.thirdparty.io.grpc.StatusRuntimeException: UNAVAILABLE: io exception
2019-10-05 01:03:06,789 [grpc-default-executor-5] INFO  impl.FollowerInfo (FollowerInfo.java:lambda$new$0(51)) - 1d0662d9-8520-4eb5-8502-d81a6660ecca@group-38A2567B3057->facad076-2f4e-4e5b-ab7e-ee8b3409c6e5: nextIndex: updateUnconditionally 3 -> 2
2019-10-05 01:03:06,790 [EventQueue-IncrementalContainerReportForIncrementalContainerReportHandler] WARN  container.IncrementalContainerReportHandler (AbstractContainerReportHandler.java:updateContainerState(143)) - Container #1 is in OPEN state, but the datanode 1d0662d9-8520-4eb5-8502-d81a6660ecca{ip: 192.168.151.100, host: pr-hdds-1986-gkmgr-421349047, networkLocation: /default-rack, certSerialId: null} reports an CLOSING replica.
2019-10-05 01:03:06,799 [EventQueue-IncrementalContainerReportForIncrementalContainerReportHandler] WARN  container.IncrementalContainerReportHandler (AbstractContainerReportHandler.java:updateContainerState(143)) - Container #1 is in OPEN state, but the datanode d9b50fba-2bef-4b93-a78b-5015b1735ffb{ip: 192.168.151.100, host: pr-hdds-1986-gkmgr-421349047, networkLocation: /default-rack, certSerialId: null} reports an CLOSING replica.
2019-10-05 01:03:06,848 [RatisApplyTransactionExecutor 1] INFO  interfaces.Container (KeyValueContainer.java:flushAndSyncDB(386)) - Container 1 is synced with bcsId 0.
2019-10-05 01:03:06,904 [RatisApplyTransactionExecutor 1] INFO  interfaces.Container (KeyValueContainer.java:flushAndSyncDB(386)) - Container 1 is synced with bcsId 0.
2019-10-05 01:03:06,915 [RatisApplyTransactionExecutor 1] INFO  interfaces.Container (KeyValueContainer.java:flushAndSyncDB(386)) - Container 1 is synced with bcsId 0.
2019-10-05 01:03:06,916 [RatisApplyTransactionExecutor 1] INFO  interfaces.Container (KeyValueContainer.java:flushAndSyncDB(386)) - Container 1 is synced with bcsId 0.
2019-10-05 01:03:06,941 [RatisApplyTransactionExecutor 1] INFO  interfaces.Container (KeyValueContainer.java:close(335)) - Container 1 is closed with bcsId 0.
2019-10-05 01:03:06,941 [RatisApplyTransactionExecutor 1] INFO  interfaces.Container (KeyValueContainer.java:close(335)) - Container 1 is closed with bcsId 0.
2019-10-05 01:03:06,942 [EventQueue-IncrementalContainerReportForIncrementalContainerReportHandler] WARN  container.IncrementalContainerReportHandler (AbstractContainerReportHandler.java:updateContainerState(143)) - Container #1 is in OPEN state, but the datanode d9b50fba-2bef-4b93-a78b-5015b1735ffb{ip: 192.168.151.100, host: pr-hdds-1986-gkmgr-421349047, networkLocation: /default-rack, certSerialId: null} reports an CLOSED replica.
2019-10-05 01:03:06,949 [EventQueue-IncrementalContainerReportForIncrementalContainerReportHandler] WARN  container.IncrementalContainerReportHandler (AbstractContainerReportHandler.java:updateContainerState(143)) - Container #1 is in OPEN state, but the datanode 1d0662d9-8520-4eb5-8502-d81a6660ecca{ip: 192.168.151.100, host: pr-hdds-1986-gkmgr-421349047, networkLocation: /default-rack, certSerialId: null} reports an CLOSED replica.
2019-10-05 01:03:07,600 [grpc-default-executor-3] WARN  server.GrpcLogAppender (LogUtils.java:warn(134)) - 612cac7f-adbd-4c9f-8295-c8fcc0a93bfe@group-3476BD9B3912->d80a136d-1766-4220-8826-4519ccdfc503-AppendLogResponseHandler: Failed appendEntries: org.apache.ratis.thirdparty.io.grpc.StatusRuntimeException: UNAVAILABLE: io exception
2019-10-05 01:03:07,600 [grpc-default-executor-8] WARN  server.GrpcLogAppender (LogUtils.java:warn(134)) - 612cac7f-adbd-4c9f-8295-c8fcc0a93bfe@group-3476BD9B3912->2f18de2d-e164-4d9c-9938-7123010b2f40-AppendLogResponseHandler: Failed appendEntries: org.apache.ratis.thirdparty.io.grpc.StatusRuntimeException: UNAVAILABLE: io exception
2019-10-05 01:03:07,601 [grpc-default-executor-3] INFO  impl.FollowerInfo (FollowerInfo.java:lambda$new$0(51)) - 612cac7f-adbd-4c9f-8295-c8fcc0a93bfe@group-3476BD9B3912->d80a136d-1766-4220-8826-4519ccdfc503: nextIndex: updateUnconditionally 0 -> 0
2019-10-05 01:03:07,601 [grpc-default-executor-8] INFO  impl.FollowerInfo (FollowerInfo.java:lambda$new$0(51)) - 612cac7f-adbd-4c9f-8295-c8fcc0a93bfe@group-3476BD9B3912->2f18de2d-e164-4d9c-9938-7123010b2f40: nextIndex: updateUnconditionally 0 -> 0
2019-10-05 01:03:08,150 [EventQueue-StaleNodeForStaleNodeHandler] INFO  node.StaleNodeHandler (StaleNodeHandler.java:onMessage(58)) - Datanode 2f18de2d-e164-4d9c-9938-7123010b2f40{ip: 192.168.151.100, host: pr-hdds-1986-gkmgr-421349047, networkLocation: /default-rack, certSerialId: null} moved to stale state. Finalizing its pipelines [PipelineID=955924c3-13e5-42ec-ae88-29ca09e43386, PipelineID=402513d2-0621-4ccb-aa1d-3476bd9b3912]
2019-10-05 01:03:08,151 [EventQueue-StaleNodeForStaleNodeHandler] INFO  pipeline.SCMPipelineManager (SCMPipelineManager.java:finalizeAndDestroyPipeline(315)) - destroying pipeline:Pipeline[ Id: 955924c3-13e5-42ec-ae88-29ca09e43386, Nodes: 2f18de2d-e164-4d9c-9938-7123010b2f40{ip: 192.168.151.100, host: pr-hdds-1986-gkmgr-421349047, networkLocation: /default-rack, certSerialId: null}, Type:RATIS, Factor:ONE, State:OPEN]
2019-10-05 01:03:08,151 [EventQueue-StaleNodeForStaleNodeHandler] INFO  pipeline.PipelineStateManager (PipelineStateManager.java:finalizePipeline(123)) - Pipeline Pipeline[ Id: 955924c3-13e5-42ec-ae88-29ca09e43386, Nodes: 2f18de2d-e164-4d9c-9938-7123010b2f40{ip: 192.168.151.100, host: pr-hdds-1986-gkmgr-421349047, networkLocation: /default-rack, certSerialId: null}, Type:RATIS, Factor:ONE, State:CLOSED] moved to CLOSED state
2019-10-05 01:03:08,151 [EventQueue-StaleNodeForStaleNodeHandler] INFO  pipeline.SCMPipelineManager (SCMPipelineManager.java:finalizeAndDestroyPipeline(315)) - destroying pipeline:Pipeline[ Id: 402513d2-0621-4ccb-aa1d-3476bd9b3912, Nodes: d80a136d-1766-4220-8826-4519ccdfc503{ip: 192.168.151.100, host: pr-hdds-1986-gkmgr-421349047, networkLocation: /default-rack, certSerialId: null}2f18de2d-e164-4d9c-9938-7123010b2f40{ip: 192.168.151.100, host: pr-hdds-1986-gkmgr-421349047, networkLocation: /default-rack, certSerialId: null}612cac7f-adbd-4c9f-8295-c8fcc0a93bfe{ip: 192.168.151.100, host: pr-hdds-1986-gkmgr-421349047, networkLocation: /default-rack, certSerialId: null}, Type:RATIS, Factor:THREE, State:CLOSED]
2019-10-05 01:03:09,056 [Thread-2466] INFO  client.GrpcClientProtocolService (GrpcClientProtocolService.java:lambda$processClientRequest$0(278)) - Failed RaftClientRequest:client-537F98AB942F->612cac7f-adbd-4c9f-8295-c8fcc0a93bfe@group-3476BD9B3912, cid=67, seq=0, Watch-MAJORITY_COMMITTED(19), Message:<EMPTY>, reply=RaftClientReply:client-537F98AB942F->612cac7f-adbd-4c9f-8295-c8fcc0a93bfe@group-3476BD9B3912, cid=67, FAILED org.apache.ratis.protocol.NotReplicatedException: Request with call Id 67 and log index 19 is not yet replicated to MAJORITY_COMMITTED, logIndex=19, commits[612cac7f-adbd-4c9f-8295-c8fcc0a93bfe:c2, d80a136d-1766-4220-8826-4519ccdfc503:c2, 2f18de2d-e164-4d9c-9938-7123010b2f40:c2]
2019-10-05 01:03:09,290 [grpc-default-executor-8] WARN  server.GrpcLogAppender (LogUtils.java:warn(134)) - 1d0662d9-8520-4eb5-8502-d81a6660ecca@group-38A2567B3057->facad076-2f4e-4e5b-ab7e-ee8b3409c6e5-AppendLogResponseHandler: Failed appendEntries: org.apache.ratis.thirdparty.io.grpc.StatusRuntimeException: UNAVAILABLE: io exception
2019-10-05 01:03:09,310 [grpc-default-executor-8] INFO  impl.FollowerInfo (FollowerInfo.java:lambda$new$0(51)) - 1d0662d9-8520-4eb5-8502-d81a6660ecca@group-38A2567B3057->facad076-2f4e-4e5b-ab7e-ee8b3409c6e5: nextIndex: updateUnconditionally 2 -> 1
2019-10-05 01:03:09,951 [main] WARN  scm.XceiverClientRatis (XceiverClientRatis.java:watchForCommit(292)) - 3 way commit failed on pipeline Pipeline[ Id: b1071ccb-a376-414e-83b2-38a2567b3057, Nodes: facad076-2f4e-4e5b-ab7e-ee8b3409c6e5{ip: 192.168.151.100, host: pr-hdds-1986-gkmgr-421349047, networkLocation: /default-rack, certSerialId: null}d9b50fba-2bef-4b93-a78b-5015b1735ffb{ip: 192.168.151.100, host: pr-hdds-1986-gkmgr-421349047, networkLocation: /default-rack, certSerialId: null}1d0662d9-8520-4eb5-8502-d81a6660ecca{ip: 192.168.151.100, host: pr-hdds-1986-gkmgr-421349047, networkLocation: /default-rack, certSerialId: null}, Type:RATIS, Factor:THREE, State:OPEN]
java.util.concurrent.TimeoutException
	at java.util.concurrent.CompletableFuture.timedGet(CompletableFuture.java:1771)
	at java.util.concurrent.CompletableFuture.get(CompletableFuture.java:1915)
	at org.apache.hadoop.hdds.scm.XceiverClientRatis.watchForCommit(XceiverClientRatis.java:289)
	at org.apache.hadoop.ozone.client.rpc.TestWatchForCommit.test2WayCommitForTimeoutException(TestWatchForCommit.java:391)
	at sun.reflect.NativeMethodAccessorImpl.invoke0(Native Method)
	at sun.reflect.NativeMethodAccessorImpl.invoke(NativeMethodAccessorImpl.java:62)
	at sun.reflect.DelegatingMethodAccessorImpl.invoke(DelegatingMethodAccessorImpl.java:43)
	at java.lang.reflect.Method.invoke(Method.java:498)
	at org.junit.runners.model.FrameworkMethod$1.runReflectiveCall(FrameworkMethod.java:47)
	at org.junit.internal.runners.model.ReflectiveCallable.run(ReflectiveCallable.java:12)
	at org.junit.runners.model.FrameworkMethod.invokeExplosively(FrameworkMethod.java:44)
	at org.junit.internal.runners.statements.InvokeMethod.evaluate(InvokeMethod.java:17)
	at org.junit.runners.ParentRunner.runLeaf(ParentRunner.java:271)
	at org.junit.runners.BlockJUnit4ClassRunner.runChild(BlockJUnit4ClassRunner.java:70)
	at org.junit.runners.BlockJUnit4ClassRunner.runChild(BlockJUnit4ClassRunner.java:50)
	at org.junit.runners.ParentRunner$3.run(ParentRunner.java:238)
	at org.junit.runners.ParentRunner$1.schedule(ParentRunner.java:63)
	at org.junit.runners.ParentRunner.runChildren(ParentRunner.java:236)
	at org.junit.runners.ParentRunner.access$000(ParentRunner.java:53)
	at org.junit.runners.ParentRunner$2.evaluate(ParentRunner.java:229)
	at org.junit.runners.ParentRunner.run(ParentRunner.java:309)
	at org.apache.maven.surefire.junit4.JUnit4Provider.execute(JUnit4Provider.java:365)
	at org.apache.maven.surefire.junit4.JUnit4Provider.executeWithRerun(JUnit4Provider.java:273)
	at org.apache.maven.surefire.junit4.JUnit4Provider.executeTestSet(JUnit4Provider.java:238)
	at org.apache.maven.surefire.junit4.JUnit4Provider.invoke(JUnit4Provider.java:159)
	at org.apache.maven.surefire.booter.ForkedBooter.invokeProviderInSameClassLoader(ForkedBooter.java:384)
	at org.apache.maven.surefire.booter.ForkedBooter.runSuitesInProcess(ForkedBooter.java:345)
	at org.apache.maven.surefire.booter.ForkedBooter.execute(ForkedBooter.java:126)
	at org.apache.maven.surefire.booter.ForkedBooter.main(ForkedBooter.java:418)
2019-10-05 01:03:10,101 [grpc-default-executor-3] WARN  server.GrpcLogAppender (LogUtils.java:warn(134)) - 612cac7f-adbd-4c9f-8295-c8fcc0a93bfe@group-3476BD9B3912->d80a136d-1766-4220-8826-4519ccdfc503-AppendLogResponseHandler: Failed appendEntries: org.apache.ratis.thirdparty.io.grpc.StatusRuntimeException: UNAVAILABLE: io exception
2019-10-05 01:03:10,101 [grpc-default-executor-8] WARN  server.GrpcLogAppender (LogUtils.java:warn(134)) - 612cac7f-adbd-4c9f-8295-c8fcc0a93bfe@group-3476BD9B3912->2f18de2d-e164-4d9c-9938-7123010b2f40-AppendLogResponseHandler: Failed appendEntries: org.apache.ratis.thirdparty.io.grpc.StatusRuntimeException: UNAVAILABLE: io exception
2019-10-05 01:03:10,101 [grpc-default-executor-3] INFO  impl.FollowerInfo (FollowerInfo.java:lambda$new$0(51)) - 612cac7f-adbd-4c9f-8295-c8fcc0a93bfe@group-3476BD9B3912->d80a136d-1766-4220-8826-4519ccdfc503: nextIndex: updateUnconditionally 0 -> 0
2019-10-05 01:03:10,101 [grpc-default-executor-8] INFO  impl.FollowerInfo (FollowerInfo.java:lambda$new$0(51)) - 612cac7f-adbd-4c9f-8295-c8fcc0a93bfe@group-3476BD9B3912->2f18de2d-e164-4d9c-9938-7123010b2f40: nextIndex: updateUnconditionally 0 -> 0
2019-10-05 01:03:11,791 [grpc-default-executor-8] WARN  server.GrpcLogAppender (LogUtils.java:warn(134)) - 1d0662d9-8520-4eb5-8502-d81a6660ecca@group-38A2567B3057->facad076-2f4e-4e5b-ab7e-ee8b3409c6e5-AppendLogResponseHandler: Failed appendEntries: org.apache.ratis.thirdparty.io.grpc.StatusRuntimeException: UNAVAILABLE: io exception
2019-10-05 01:03:11,792 [grpc-default-executor-8] INFO  impl.FollowerInfo (FollowerInfo.java:lambda$new$0(51)) - 1d0662d9-8520-4eb5-8502-d81a6660ecca@group-38A2567B3057->facad076-2f4e-4e5b-ab7e-ee8b3409c6e5: nextIndex: updateUnconditionally 1 -> 0
2019-10-05 01:03:12,604 [grpc-default-executor-3] WARN  server.GrpcLogAppender (LogUtils.java:warn(134)) - 612cac7f-adbd-4c9f-8295-c8fcc0a93bfe@group-3476BD9B3912->d80a136d-1766-4220-8826-4519ccdfc503-AppendLogResponseHandler: Failed appendEntries: org.apache.ratis.thirdparty.io.grpc.StatusRuntimeException: UNAVAILABLE: io exception
2019-10-05 01:03:12,604 [grpc-default-executor-8] WARN  server.GrpcLogAppender (LogUtils.java:warn(134)) - 612cac7f-adbd-4c9f-8295-c8fcc0a93bfe@group-3476BD9B3912->2f18de2d-e164-4d9c-9938-7123010b2f40-AppendLogResponseHandler: Failed appendEntries: org.apache.ratis.thirdparty.io.grpc.StatusRuntimeException: UNAVAILABLE: io exception
2019-10-05 01:03:12,605 [grpc-default-executor-3] INFO  impl.FollowerInfo (FollowerInfo.java:lambda$new$0(51)) - 612cac7f-adbd-4c9f-8295-c8fcc0a93bfe@group-3476BD9B3912->d80a136d-1766-4220-8826-4519ccdfc503: nextIndex: updateUnconditionally 0 -> 0
2019-10-05 01:03:12,605 [grpc-default-executor-8] INFO  impl.FollowerInfo (FollowerInfo.java:lambda$new$0(51)) - 612cac7f-adbd-4c9f-8295-c8fcc0a93bfe@group-3476BD9B3912->2f18de2d-e164-4d9c-9938-7123010b2f40: nextIndex: updateUnconditionally 0 -> 0
]]></system-out>
    <system-err><![CDATA[Oct 05, 2019 1:03:06 AM org.apache.ratis.thirdparty.io.grpc.internal.SerializingExecutor run
SEVERE: Exception while executing runnable org.apache.ratis.thirdparty.io.grpc.internal.ServerImpl$JumpToApplicationThreadServerStreamListener$1Closed@4ce8cdfc
org.apache.ratis.thirdparty.io.grpc.StatusRuntimeException: CANCELLED: call already cancelled
	at org.apache.ratis.thirdparty.io.grpc.Status.asRuntimeException(Status.java:517)
	at org.apache.ratis.thirdparty.io.grpc.stub.ServerCalls$ServerCallStreamObserverImpl.onCompleted(ServerCalls.java:356)
	at org.apache.ratis.grpc.server.GrpcServerProtocolService$ServerRequestStreamObserver.onError(GrpcServerProtocolService.java:121)
	at org.apache.ratis.thirdparty.io.grpc.stub.ServerCalls$StreamingServerCallHandler$StreamingServerCallListener.onCancel(ServerCalls.java:269)
	at org.apache.ratis.thirdparty.io.grpc.internal.ServerCallImpl$ServerStreamListenerImpl.closed(ServerCallImpl.java:293)
	at org.apache.ratis.thirdparty.io.grpc.internal.ServerImpl$JumpToApplicationThreadServerStreamListener$1Closed.runInContext(ServerImpl.java:741)
	at org.apache.ratis.thirdparty.io.grpc.internal.ContextRunnable.run(ContextRunnable.java:37)
	at org.apache.ratis.thirdparty.io.grpc.internal.SerializingExecutor.run(SerializingExecutor.java:123)
	at java.util.concurrent.ThreadPoolExecutor.runWorker(ThreadPoolExecutor.java:1149)
	at java.util.concurrent.ThreadPoolExecutor$Worker.run(ThreadPoolExecutor.java:624)
	at java.lang.Thread.run(Thread.java:748)

]]></system-err>
  </testcase>
</testsuite>